<?xml version="1.0" encoding="UTF-8"?>
<testsuite xmlns:xsi="http://www.w3.org/2001/XMLSchema-instance" xsi:noNamespaceSchemaLocation="https://maven.apache.org/surefire/maven-surefire-plugin/xsd/surefire-test-report.xsd" version="3.0.2" name="org.apache.hadoop.ozone.recon.TestReconAndAdminContainerCLI" time="83.339" tests="1" errors="1" skipped="0" failures="0">
  <properties>
    <property name="org.jooq.no-logo" value="true"/>
    <property name="java.specification.version" value="21"/>
    <property name="sun.jnu.encoding" value="UTF-8"/>
    <property name="java.class.path" value="/home/runner/work/ozone/ozone/hadoop-ozone/integration-test-recon/target/test-classes:/home/runner/work/ozone/ozone/hadoop-ozone/integration-test-recon/target/classes:/home/runner/.m2/repository/com/fasterxml/jackson/core/jackson-core/2.16.2/jackson-core-2.16.2.jar:/home/runner/.m2/repository/com/fasterxml/jackson/core/jackson-databind/2.16.2/jackson-databind-2.16.2.jar:/home/runner/.m2/repository/com/fasterxml/jackson/core/jackson-annotations/2.16.2/jackson-annotations-2.16.2.jar:/home/runner/.m2/repository/com/google/guava/guava/33.4.8-jre/guava-33.4.8-jre.jar:/home/runner/.m2/repository/com/google/guava/failureaccess/1.0.3/failureaccess-1.0.3.jar:/home/runner/.m2/repository/com/google/guava/listenablefuture/9999.0-empty-to-avoid-conflict-with-guava/listenablefuture-9999.0-empty-to-avoid-conflict-with-guava.jar:/home/runner/.m2/repository/org/jspecify/jspecify/1.0.0/jspecify-1.0.0.jar:/home/runner/.m2/repository/com/google/errorprone/error_prone_annotations/2.29.2/error_prone_annotations-2.29.2.jar:/home/runner/.m2/repository/com/google/j2objc/j2objc-annotations/3.0.0/j2objc-annotations-3.0.0.jar:/home/runner/.m2/repository/commons-io/commons-io/2.18.0/commons-io-2.18.0.jar:/home/runner/.m2/repository/jakarta/ws/rs/jakarta.ws.rs-api/2.1.6/jakarta.ws.rs-api-2.1.6.jar:/home/runner/.m2/repository/org/apache/hadoop/hadoop-common/3.4.1/hadoop-common-3.4.1.jar:/home/runner/.m2/repository/org/apache/hadoop/thirdparty/hadoop-shaded-protobuf_3_25/1.4.0/hadoop-shaded-protobuf_3_25-1.4.0.jar:/home/runner/.m2/repository/org/apache/hadoop/hadoop-annotations/3.4.1/hadoop-annotations-3.4.1.jar:/home/runner/.m2/repository/org/apache/hadoop/thirdparty/hadoop-shaded-guava/1.3.0/hadoop-shaded-guava-1.3.0.jar:/home/runner/.m2/repository/commons-cli/commons-cli/1.8.0/commons-cli-1.8.0.jar:/home/runner/.m2/repository/commons-codec/commons-codec/1.18.0/commons-codec-1.18.0.jar:/home/runner/.m2/repository/commons-net/commons-net/3.11.1/commons-net-3.11.1.jar:/home/runner/.m2/repository/commons-collections/commons-collections/3.2.2/commons-collections-3.2.2.jar:/home/runner/.m2/repository/javax/servlet/javax.servlet-api/3.1.0/javax.servlet-api-3.1.0.jar:/home/runner/.m2/repository/jakarta/activation/jakarta.activation-api/1.2.2/jakarta.activation-api-1.2.2.jar:/home/runner/.m2/repository/org/eclipse/jetty/jetty-server/9.4.58.v20250814/jetty-server-9.4.58.v20250814.jar:/home/runner/.m2/repository/org/eclipse/jetty/jetty-io/9.4.58.v20250814/jetty-io-9.4.58.v20250814.jar:/home/runner/.m2/repository/org/eclipse/jetty/jetty-util/9.4.58.v20250814/jetty-util-9.4.58.v20250814.jar:/home/runner/.m2/repository/org/eclipse/jetty/jetty-servlet/9.4.58.v20250814/jetty-servlet-9.4.58.v20250814.jar:/home/runner/.m2/repository/org/eclipse/jetty/jetty-security/9.4.58.v20250814/jetty-security-9.4.58.v20250814.jar:/home/runner/.m2/repository/org/eclipse/jetty/jetty-util-ajax/9.4.58.v20250814/jetty-util-ajax-9.4.58.v20250814.jar:/home/runner/.m2/repository/org/eclipse/jetty/jetty-webapp/9.4.58.v20250814/jetty-webapp-9.4.58.v20250814.jar:/home/runner/.m2/repository/org/eclipse/jetty/jetty-xml/9.4.58.v20250814/jetty-xml-9.4.58.v20250814.jar:/home/runner/.m2/repository/javax/servlet/jsp/jsp-api/2.1/jsp-api-2.1.jar:/home/runner/.m2/repository/org/codehaus/jettison/jettison/1.5.4/jettison-1.5.4.jar:/home/runner/.m2/repository/commons-beanutils/commons-beanutils/1.11.0/commons-beanutils-1.11.0.jar:/home/runner/.m2/repository/org/apache/commons/commons-configuration2/2.12.0/commons-configuration2-2.12.0.jar:/home/runner/.m2/repository/org/apache/commons/commons-lang3/3.18.0/commons-lang3-3.18.0.jar:/home/runner/.m2/repository/org/apache/commons/commons-text/1.13.1/commons-text-1.13.1.jar:/home/runner/.m2/repository/com/google/re2j/re2j/1.7/re2j-1.7.jar:/home/runner/.m2/repository/com/google/code/gson/gson/2.13.1/gson-2.13.1.jar:/home/runner/.m2/repository/org/apache/hadoop/hadoop-auth/3.4.1/hadoop-auth-3.4.1.jar:/home/runner/.m2/repository/com/jcraft/jsch/0.1.55/jsch-0.1.55.jar:/home/runner/.m2/repository/io/netty/netty-handler/4.1.119.Final/netty-handler-4.1.119.Final.jar:/home/runner/.m2/repository/io/netty/netty-resolver/4.1.119.Final/netty-resolver-4.1.119.Final.jar:/home/runner/.m2/repository/io/netty/netty-buffer/4.1.119.Final/netty-buffer-4.1.119.Final.jar:/home/runner/.m2/repository/io/netty/netty-transport-native-unix-common/4.1.119.Final/netty-transport-native-unix-common-4.1.119.Final.jar:/home/runner/.m2/repository/io/netty/netty-codec/4.1.119.Final/netty-codec-4.1.119.Final.jar:/home/runner/.m2/repository/io/netty/netty-transport-native-epoll/4.1.119.Final/netty-transport-native-epoll-4.1.119.Final.jar:/home/runner/.m2/repository/io/netty/netty-transport-classes-epoll/4.1.119.Final/netty-transport-classes-epoll-4.1.119.Final.jar:/home/runner/.m2/repository/io/dropwizard/metrics/metrics-core/3.2.6/metrics-core-3.2.6.jar:/home/runner/.m2/repository/org/apache/commons/commons-compress/1.27.1/commons-compress-1.27.1.jar:/home/runner/.m2/repository/org/bouncycastle/bcprov-jdk18on/1.81/bcprov-jdk18on-1.81.jar:/home/runner/.m2/repository/org/apache/kerby/kerb-core/1.0.1/kerb-core-1.0.1.jar:/home/runner/.m2/repository/org/apache/kerby/kerby-pkix/1.0.1/kerby-pkix-1.0.1.jar:/home/runner/.m2/repository/org/apache/kerby/kerby-asn1/1.0.1/kerby-asn1-1.0.1.jar:/home/runner/.m2/repository/org/codehaus/woodstox/stax2-api/4.2.1/stax2-api-4.2.1.jar:/home/runner/.m2/repository/com/fasterxml/woodstox/woodstox-core/5.4.0/woodstox-core-5.4.0.jar:/home/runner/.m2/repository/dnsjava/dnsjava/3.6.1/dnsjava-3.6.1.jar:/home/runner/.m2/repository/org/apache/hadoop/hadoop-hdfs-client/3.4.1/hadoop-hdfs-client-3.4.1.jar:/home/runner/.m2/repository/org/apache/httpcomponents/httpclient/4.5.14/httpclient-4.5.14.jar:/home/runner/.m2/repository/org/apache/httpcomponents/httpcore/4.4.16/httpcore-4.4.16.jar:/home/runner/work/ozone/ozone/hadoop-hdds/client/target/hdds-client-2.1.0-SNAPSHOT.jar:/home/runner/.m2/repository/io/opentracing/opentracing-api/0.33.0/opentracing-api-0.33.0.jar:/home/runner/.m2/repository/io/opentracing/opentracing-util/0.33.0/opentracing-util-0.33.0.jar:/home/runner/.m2/repository/io/opentracing/opentracing-noop/0.33.0/opentracing-noop-0.33.0.jar:/home/runner/.m2/repository/jakarta/annotation/jakarta.annotation-api/2.1.1/jakarta.annotation-api-2.1.1.jar:/home/runner/work/ozone/ozone/hadoop-hdds/erasurecode/target/hdds-erasurecode-2.1.0-SNAPSHOT.jar:/home/runner/.m2/repository/org/apache/ratis/ratis-client/3.2.0/ratis-client-3.2.0.jar:/home/runner/.m2/repository/org/apache/ratis/ratis-grpc/3.2.0/ratis-grpc-3.2.0.jar:/home/runner/.m2/repository/org/apache/ratis/ratis-proto/3.2.0/ratis-proto-3.2.0.jar:/home/runner/.m2/repository/org/apache/ratis/ratis-thirdparty-misc/1.0.9/ratis-thirdparty-misc-1.0.9.jar:/home/runner/work/ozone/ozone/hadoop-hdds/common/target/hdds-common-2.1.0-SNAPSHOT.jar:/home/runner/.m2/repository/com/fasterxml/jackson/datatype/jackson-datatype-jsr310/2.16.2/jackson-datatype-jsr310-2.16.2.jar:/home/runner/.m2/repository/com/github/stephenc/jcip/jcip-annotations/1.0-1/jcip-annotations-1.0-1.jar:/home/runner/.m2/repository/com/google/protobuf/protobuf-java/2.5.0/protobuf-java-2.5.0.jar:/home/runner/.m2/repository/commons-validator/commons-validator/1.6/commons-validator-1.6.jar:/home/runner/.m2/repository/commons-digester/commons-digester/1.8.1/commons-digester-1.8.1.jar:/home/runner/.m2/repository/info/picocli/picocli/4.7.7/picocli-4.7.7.jar:/home/runner/.m2/repository/io/jaegertracing/jaeger-core/1.8.1/jaeger-core-1.8.1.jar:/home/runner/.m2/repository/jakarta/xml/bind/jakarta.xml.bind-api/2.3.3/jakarta.xml.bind-api-2.3.3.jar:/home/runner/.m2/repository/org/apache/commons/commons-collections4/4.4/commons-collections4-4.4.jar:/home/runner/work/ozone/ozone/hadoop-hdds/interface-admin/target/hdds-interface-admin-2.1.0-SNAPSHOT.jar:/home/runner/.m2/repository/org/apache/ratis/ratis-netty/3.2.0/ratis-netty-3.2.0.jar:/home/runner/.m2/repository/org/apache/ratis/ratis-server-api/3.2.0/ratis-server-api-3.2.0.jar:/home/runner/.m2/repository/org/bouncycastle/bcpkix-jdk18on/1.81/bcpkix-jdk18on-1.81.jar:/home/runner/.m2/repository/org/bouncycastle/bcutil-jdk18on/1.81/bcutil-jdk18on-1.81.jar:/home/runner/.m2/repository/org/yaml/snakeyaml/2.0/snakeyaml-2.0.jar:/home/runner/.m2/repository/io/jaegertracing/jaeger-client/1.8.1/jaeger-client-1.8.1.jar:/home/runner/.m2/repository/io/jaegertracing/jaeger-thrift/1.8.1/jaeger-thrift-1.8.1.jar:/home/runner/.m2/repository/org/apache/thrift/libthrift/0.15.0/libthrift-0.15.0.jar:/home/runner/.m2/repository/com/squareup/okhttp3/okhttp/4.12.0/okhttp-4.12.0.jar:/home/runner/.m2/repository/com/squareup/okio/okio/3.6.0/okio-3.6.0.jar:/home/runner/.m2/repository/com/squareup/okio/okio-jvm/3.6.0/okio-jvm-3.6.0.jar:/home/runner/.m2/repository/org/jetbrains/kotlin/kotlin-stdlib-common/1.9.25/kotlin-stdlib-common-1.9.25.jar:/home/runner/.m2/repository/org/jetbrains/kotlin/kotlin-stdlib-jdk8/1.9.25/kotlin-stdlib-jdk8-1.9.25.jar:/home/runner/.m2/repository/org/jetbrains/kotlin/kotlin-stdlib/1.9.25/kotlin-stdlib-1.9.25.jar:/home/runner/.m2/repository/org/jetbrains/annotations/13.0/annotations-13.0.jar:/home/runner/.m2/repository/org/jetbrains/kotlin/kotlin-stdlib-jdk7/1.9.25/kotlin-stdlib-jdk7-1.9.25.jar:/home/runner/.m2/repository/io/jaegertracing/jaeger-tracerresolver/1.8.1/jaeger-tracerresolver-1.8.1.jar:/home/runner/.m2/repository/io/opentracing/contrib/opentracing-tracerresolver/0.1.8/opentracing-tracerresolver-0.1.8.jar:/home/runner/.m2/repository/org/apache/ratis/ratis-metrics-dropwizard3/3.2.0/ratis-metrics-dropwizard3-3.2.0.jar:/home/runner/.m2/repository/org/slf4j/jcl-over-slf4j/2.0.17/jcl-over-slf4j-2.0.17.jar:/home/runner/.m2/repository/org/slf4j/slf4j-reload4j/2.0.17/slf4j-reload4j-2.0.17.jar:/home/runner/work/ozone/ozone/hadoop-hdds/common/target/hdds-common-2.1.0-SNAPSHOT-tests.jar:/home/runner/work/ozone/ozone/hadoop-hdds/config/target/hdds-config-2.1.0-SNAPSHOT.jar:/home/runner/work/ozone/ozone/hadoop-hdds/interface-client/target/hdds-interface-client-2.1.0-SNAPSHOT.jar:/home/runner/work/ozone/ozone/hadoop-hdds/framework/target/hdds-server-framework-2.1.0-SNAPSHOT.jar:/home/runner/.m2/repository/ch/qos/reload4j/reload4j/1.2.26/reload4j-1.2.26.jar:/home/runner/.m2/repository/com/github/jnr/jnr-constants/0.10.4/jnr-constants-0.10.4.jar:/home/runner/.m2/repository/com/github/jnr/jnr-posix/3.1.20/jnr-posix-3.1.20.jar:/home/runner/.m2/repository/com/github/jnr/jnr-ffi/2.2.17/jnr-ffi-2.2.17.jar:/home/runner/.m2/repository/com/github/jnr/jffi/1.3.13/jffi-1.3.13.jar:/home/runner/.m2/repository/com/github/jnr/jffi/1.3.13/jffi-1.3.13-native.jar:/home/runner/.m2/repository/org/ow2/asm/asm/9.7.1/asm-9.7.1.jar:/home/runner/.m2/repository/org/ow2/asm/asm-commons/9.7.1/asm-commons-9.7.1.jar:/home/runner/.m2/repository/org/ow2/asm/asm-analysis/9.7.1/asm-analysis-9.7.1.jar:/home/runner/.m2/repository/org/ow2/asm/asm-tree/9.7.1/asm-tree-9.7.1.jar:/home/runner/.m2/repository/org/ow2/asm/asm-util/9.7.1/asm-util-9.7.1.jar:/home/runner/.m2/repository/com/github/jnr/jnr-a64asm/1.0.0/jnr-a64asm-1.0.0.jar:/home/runner/.m2/repository/com/github/jnr/jnr-x86asm/1.0.2/jnr-x86asm-1.0.2.jar:/home/runner/.m2/repository/commons-fileupload/commons-fileupload/1.6.0/commons-fileupload-1.6.0.jar:/home/runner/.m2/repository/io/grpc/grpc-api/1.71.0/grpc-api-1.71.0.jar:/home/runner/.m2/repository/io/prometheus/simpleclient/0.16.0/simpleclient-0.16.0.jar:/home/runner/.m2/repository/io/prometheus/simpleclient_common/0.16.0/simpleclient_common-0.16.0.jar:/home/runner/.m2/repository/io/prometheus/simpleclient_dropwizard/0.16.0/simpleclient_dropwizard-0.16.0.jar:/home/runner/.m2/repository/org/apache/logging/log4j/log4j-api/2.25.0/log4j-api-2.25.0.jar:/home/runner/work/ozone/ozone/hadoop-hdds/interface-server/target/hdds-interface-server-2.1.0-SNAPSHOT.jar:/home/runner/work/ozone/ozone/hadoop-hdds/managed-rocksdb/target/hdds-managed-rocksdb-2.1.0-SNAPSHOT.jar:/home/runner/work/ozone/ozone/hadoop-hdds/rocksdb-checkpoint-differ/target/rocksdb-checkpoint-differ-2.1.0-SNAPSHOT.jar:/home/runner/.m2/repository/org/apache/ratis/ratis-metrics-api/3.2.0/ratis-metrics-api-3.2.0.jar:/home/runner/.m2/repository/org/eclipse/jetty/jetty-http/9.4.58.v20250814/jetty-http-9.4.58.v20250814.jar:/home/runner/.m2/repository/org/glassfish/jersey/containers/jersey-container-servlet-core/2.47/jersey-container-servlet-core-2.47.jar:/home/runner/.m2/repository/org/glassfish/jersey/core/jersey-server/2.47/jersey-server-2.47.jar:/home/runner/.m2/repository/org/glassfish/jersey/core/jersey-client/2.47/jersey-client-2.47.jar:/home/runner/.m2/repository/org/reflections/reflections/0.10.2/reflections-0.10.2.jar:/home/runner/.m2/repository/org/javassist/javassist/3.30.2-GA/javassist-3.30.2-GA.jar:/home/runner/.m2/repository/org/rocksdb/rocksdbjni/7.7.3/rocksdbjni-7.7.3.jar:/home/runner/.m2/repository/com/lmax/disruptor/3.4.4/disruptor-3.4.4.jar:/home/runner/.m2/repository/com/nimbusds/nimbus-jose-jwt/10.4/nimbus-jose-jwt-10.4.jar:/home/runner/.m2/repository/log4j/apache-log4j-extras/1.2.17/apache-log4j-extras-1.2.17.jar:/home/runner/.m2/repository/org/apache/kerby/kerb-util/1.0.1/kerb-util-1.0.1.jar:/home/runner/.m2/repository/org/apache/kerby/kerby-config/1.0.1/kerby-config-1.0.1.jar:/home/runner/.m2/repository/org/apache/kerby/kerb-crypto/1.0.1/kerb-crypto-1.0.1.jar:/home/runner/.m2/repository/org/apache/logging/log4j/log4j-core/2.25.0/log4j-core-2.25.0.jar:/home/runner/.m2/repository/org/xerial/snappy/snappy-java/1.1.10.8/snappy-java-1.1.10.8.jar:/home/runner/work/ozone/ozone/hadoop-hdds/server-scm/target/hdds-server-scm-2.1.0-SNAPSHOT.jar:/home/runner/work/ozone/ozone/hadoop-hdds/container-service/target/hdds-container-service-2.1.0-SNAPSHOT.jar:/home/runner/.m2/repository/org/apache/hadoop/hadoop-hdfs/3.4.1/hadoop-hdfs-3.4.1.jar:/home/runner/.m2/repository/commons-daemon/commons-daemon/1.4.0/commons-daemon-1.4.0.jar:/home/runner/.m2/repository/com/github/luben/zstd-jni/1.5.7-4/zstd-jni-1.5.7-4.jar:/home/runner/.m2/repository/org/glassfish/jaxb/jaxb-runtime/2.3.9/jaxb-runtime-2.3.9.jar:/home/runner/.m2/repository/org/glassfish/jaxb/txw2/2.3.9/txw2-2.3.9.jar:/home/runner/.m2/repository/com/sun/istack/istack-commons-runtime/3.0.12/istack-commons-runtime-3.0.12.jar:/home/runner/.m2/repository/com/sun/activation/jakarta.activation/1.2.2/jakarta.activation-1.2.2.jar:/home/runner/.m2/repository/org/apache/ratis/ratis-server/3.2.0/ratis-server-3.2.0.jar:/home/runner/work/ozone/ozone/hadoop-hdds/server-scm/target/hdds-server-scm-2.1.0-SNAPSHOT-tests.jar:/home/runner/work/ozone/ozone/hadoop-hdds/test-utils/target/hdds-test-utils-2.1.0-SNAPSHOT-tests.jar:/home/runner/work/ozone/ozone/hadoop-ozone/cli-admin/target/ozone-cli-admin-2.1.0-SNAPSHOT.jar:/home/runner/work/ozone/ozone/hadoop-ozone/cli-shell/target/ozone-cli-shell-2.1.0-SNAPSHOT.jar:/home/runner/.m2/repository/info/picocli/picocli-shell-jline3/4.7.7/picocli-shell-jline3-4.7.7.jar:/home/runner/.m2/repository/org/jline/jline/3.30.5/jline-3.30.5.jar:/home/runner/work/ozone/ozone/hadoop-ozone/ozonefs/target/ozone-filesystem-2.1.0-SNAPSHOT.jar:/home/runner/work/ozone/ozone/hadoop-ozone/ozonefs-common/target/ozone-filesystem-common-2.1.0-SNAPSHOT.jar:/home/runner/work/ozone/ozone/hadoop-ozone/interface-client/target/ozone-interface-client-2.1.0-SNAPSHOT.jar:/home/runner/.m2/repository/io/grpc/grpc-protobuf/1.71.0/grpc-protobuf-1.71.0.jar:/home/runner/.m2/repository/com/google/api/grpc/proto-google-common-protos/2.51.0/proto-google-common-protos-2.51.0.jar:/home/runner/.m2/repository/io/grpc/grpc-protobuf-lite/1.71.0/grpc-protobuf-lite-1.71.0.jar:/home/runner/work/ozone/ozone/hadoop-ozone/client/target/ozone-client-2.1.0-SNAPSHOT.jar:/home/runner/work/ozone/ozone/hadoop-ozone/common/target/ozone-common-2.1.0-SNAPSHOT.jar:/home/runner/.m2/repository/io/grpc/grpc-netty/1.71.0/grpc-netty-1.71.0.jar:/home/runner/.m2/repository/org/codehaus/mojo/animal-sniffer-annotations/1.24/animal-sniffer-annotations-1.24.jar:/home/runner/.m2/repository/io/grpc/grpc-core/1.71.0/grpc-core-1.71.0.jar:/home/runner/.m2/repository/com/google/android/annotations/4.1.1.4/annotations-4.1.1.4.jar:/home/runner/.m2/repository/io/grpc/grpc-context/1.71.0/grpc-context-1.71.0.jar:/home/runner/.m2/repository/io/perfmark/perfmark-api/0.27.0/perfmark-api-0.27.0.jar:/home/runner/.m2/repository/io/grpc/grpc-util/1.71.0/grpc-util-1.71.0.jar:/home/runner/.m2/repository/io/netty/netty-common/4.1.119.Final/netty-common-4.1.119.Final.jar:/home/runner/.m2/repository/io/netty/netty-codec-http2/4.1.119.Final/netty-codec-http2-4.1.119.Final.jar:/home/runner/.m2/repository/io/netty/netty-codec-http/4.1.119.Final/netty-codec-http-4.1.119.Final.jar:/home/runner/.m2/repository/io/netty/netty-handler-proxy/4.1.119.Final/netty-handler-proxy-4.1.119.Final.jar:/home/runner/.m2/repository/io/netty/netty-codec-socks/4.1.119.Final/netty-codec-socks-4.1.119.Final.jar:/home/runner/.m2/repository/io/netty/netty-tcnative-boringssl-static/2.0.70.Final/netty-tcnative-boringssl-static-2.0.70.Final.jar:/home/runner/.m2/repository/io/netty/netty-tcnative-classes/2.0.70.Final/netty-tcnative-classes-2.0.70.Final.jar:/home/runner/.m2/repository/io/netty/netty-tcnative-boringssl-static/2.0.70.Final/netty-tcnative-boringssl-static-2.0.70.Final-linux-x86_64.jar:/home/runner/.m2/repository/io/netty/netty-tcnative-boringssl-static/2.0.70.Final/netty-tcnative-boringssl-static-2.0.70.Final-linux-aarch_64.jar:/home/runner/.m2/repository/io/netty/netty-tcnative-boringssl-static/2.0.70.Final/netty-tcnative-boringssl-static-2.0.70.Final-osx-x86_64.jar:/home/runner/.m2/repository/io/netty/netty-tcnative-boringssl-static/2.0.70.Final/netty-tcnative-boringssl-static-2.0.70.Final-osx-aarch_64.jar:/home/runner/.m2/repository/io/netty/netty-tcnative-boringssl-static/2.0.70.Final/netty-tcnative-boringssl-static-2.0.70.Final-windows-x86_64.jar:/home/runner/work/ozone/ozone/hadoop-ozone/integration-test/target/ozone-integration-test-2.1.0-SNAPSHOT-tests.jar:/home/runner/work/ozone/ozone/hadoop-ozone/interface-storage/target/ozone-interface-storage-2.1.0-SNAPSHOT.jar:/home/runner/work/ozone/ozone/hadoop-ozone/ozone-manager/target/ozone-manager-2.1.0-SNAPSHOT.jar:/home/runner/.m2/repository/io/grpc/grpc-stub/1.71.0/grpc-stub-1.71.0.jar:/home/runner/.m2/repository/io/netty/netty-transport/4.1.119.Final/netty-transport-4.1.119.Final.jar:/home/runner/.m2/repository/org/apache/commons/commons-pool2/2.12.1/commons-pool2-2.12.1.jar:/home/runner/.m2/repository/org/apache/kerby/kerby-util/1.0.1/kerby-util-1.0.1.jar:/home/runner/work/ozone/ozone/hadoop-hdds/rocks-native/target/hdds-rocks-native-2.1.0-SNAPSHOT.jar:/home/runner/.m2/repository/org/apache/ranger/ranger-intg/2.6.0/ranger-intg-2.6.0.jar:/home/runner/.m2/repository/org/apache/ranger/ranger-plugins-common/2.6.0/ranger-plugins-common-2.6.0.jar:/home/runner/.m2/repository/com/fasterxml/jackson/jaxrs/jackson-jaxrs-base/2.16.2/jackson-jaxrs-base-2.16.2.jar:/home/runner/.m2/repository/com/fasterxml/jackson/jaxrs/jackson-jaxrs-json-provider/2.16.2/jackson-jaxrs-json-provider-2.16.2.jar:/home/runner/.m2/repository/com/kstruct/gethostname4j/1.0.0/gethostname4j-1.0.0.jar:/home/runner/.m2/repository/commons-lang/commons-lang/2.6/commons-lang-2.6.jar:/home/runner/.m2/repository/net/java/dev/jna/jna/5.2.0/jna-5.2.0.jar:/home/runner/.m2/repository/net/java/dev/jna/jna-platform/5.2.0/jna-platform-5.2.0.jar:/home/runner/.m2/repository/org/apache/ranger/ranger-plugin-classloader/2.6.0/ranger-plugin-classloader-2.6.0.jar:/home/runner/.m2/repository/org/apache/ranger/ranger-plugins-audit/2.6.0/ranger-plugins-audit-2.6.0.jar:/home/runner/.m2/repository/com/amazonaws/aws-java-sdk-logs/1.12.765/aws-java-sdk-logs-1.12.765.jar:/home/runner/.m2/repository/com/amazonaws/aws-java-sdk-core/1.12.788/aws-java-sdk-core-1.12.788.jar:/home/runner/.m2/repository/com/fasterxml/jackson/dataformat/jackson-dataformat-cbor/2.16.2/jackson-dataformat-cbor-2.16.2.jar:/home/runner/.m2/repository/com/amazonaws/jmespath-java/1.12.765/jmespath-java-1.12.765.jar:/home/runner/.m2/repository/com/carrotsearch/hppc/0.8.0/hppc-0.8.0.jar:/home/runner/.m2/repository/io/airlift/aircompressor/0.27/aircompressor-0.27.jar:/home/runner/.m2/repository/joda-time/joda-time/2.12.7/joda-time-2.12.7.jar:/home/runner/.m2/repository/org/apache/httpcomponents/httpasyncclient/4.1.4/httpasyncclient-4.1.4.jar:/home/runner/.m2/repository/org/apache/httpcomponents/httpcore-nio/4.4.16/httpcore-nio-4.4.16.jar:/home/runner/.m2/repository/org/apache/httpcomponents/httpmime/4.5.13/httpmime-4.5.13.jar:/home/runner/.m2/repository/org/apache/orc/orc-core/1.5.8/orc-core-1.5.8.jar:/home/runner/.m2/repository/org/apache/orc/orc-shims/1.5.8/orc-shims-1.5.8.jar:/home/runner/.m2/repository/org/eclipse/jetty/jetty-client/9.4.58.v20250814/jetty-client-9.4.58.v20250814.jar:/home/runner/.m2/repository/org/apache/ranger/ranger-plugins-cred/2.6.0/ranger-plugins-cred-2.6.0.jar:/home/runner/.m2/repository/org/aspectj/aspectjrt/1.9.7/aspectjrt-1.9.7.jar:/home/runner/work/ozone/ozone/hadoop-ozone/ozone-manager/target/ozone-manager-2.1.0-SNAPSHOT-tests.jar:/home/runner/work/ozone/ozone/hadoop-ozone/mini-cluster/target/ozone-mini-cluster-2.1.0-SNAPSHOT.jar:/home/runner/work/ozone/ozone/hadoop-ozone/recon/target/ozone-recon-2.1.0-SNAPSHOT.jar:/home/runner/.m2/repository/aopalliance/aopalliance/1.0/aopalliance-1.0.jar:/home/runner/.m2/repository/com/google/inject/guice/6.0.0/guice-6.0.0.jar:/home/runner/.m2/repository/jakarta/inject/jakarta.inject-api/2.0.1/jakarta.inject-api-2.0.1.jar:/home/runner/.m2/repository/com/google/inject/extensions/guice-servlet/6.0.0/guice-servlet-6.0.0.jar:/home/runner/.m2/repository/com/jolbox/bonecp/0.8.0.RELEASE/bonecp-0.8.0.RELEASE.jar:/home/runner/.m2/repository/jakarta/validation/jakarta.validation-api/2.0.2/jakarta.validation-api-2.0.2.jar:/home/runner/.m2/repository/javax/annotation/javax.annotation-api/1.3.2/javax.annotation-api-1.3.2.jar:/home/runner/.m2/repository/javax/inject/javax.inject/1/javax.inject-1.jar:/home/runner/.m2/repository/org/apache/derby/derby/10.14.2.0/derby-10.14.2.0.jar:/home/runner/.m2/repository/org/glassfish/hk2/guice-bridge/2.6.1/guice-bridge-2.6.1.jar:/home/runner/.m2/repository/org/glassfish/hk2/hk2-api/2.6.1/hk2-api-2.6.1.jar:/home/runner/.m2/repository/org/glassfish/hk2/hk2-utils/2.6.1/hk2-utils-2.6.1.jar:/home/runner/.m2/repository/org/glassfish/hk2/external/aopalliance-repackaged/2.6.1/aopalliance-repackaged-2.6.1.jar:/home/runner/.m2/repository/org/glassfish/jersey/core/jersey-common/2.47/jersey-common-2.47.jar:/home/runner/.m2/repository/org/glassfish/hk2/osgi-resource-locator/1.0.3/osgi-resource-locator-1.0.3.jar:/home/runner/.m2/repository/org/jooq/jooq/3.11.10/jooq-3.11.10.jar:/home/runner/.m2/repository/org/springframework/spring-core/5.3.39/spring-core-5.3.39.jar:/home/runner/.m2/repository/org/springframework/spring-jdbc/5.3.39/spring-jdbc-5.3.39.jar:/home/runner/.m2/repository/org/springframework/spring-beans/5.3.39/spring-beans-5.3.39.jar:/home/runner/.m2/repository/org/springframework/spring-tx/5.3.39/spring-tx-5.3.39.jar:/home/runner/.m2/repository/org/xerial/sqlite-jdbc/3.50.3.0/sqlite-jdbc-3.50.3.0.jar:/home/runner/.m2/repository/com/google/inject/extensions/guice-assistedinject/6.0.0/guice-assistedinject-6.0.0.jar:/home/runner/.m2/repository/org/glassfish/hk2/external/jakarta.inject/2.6.1/jakarta.inject-2.6.1.jar:/home/runner/.m2/repository/org/glassfish/jersey/inject/jersey-hk2/2.47/jersey-hk2-2.47.jar:/home/runner/.m2/repository/org/glassfish/hk2/hk2-locator/2.6.1/hk2-locator-2.6.1.jar:/home/runner/.m2/repository/org/glassfish/jersey/media/jersey-media-jaxb/2.47/jersey-media-jaxb-2.47.jar:/home/runner/.m2/repository/org/glassfish/jersey/media/jersey-media-json-jackson/2.47/jersey-media-json-jackson-2.47.jar:/home/runner/.m2/repository/org/glassfish/jersey/ext/jersey-entity-filtering/2.47/jersey-entity-filtering-2.47.jar:/home/runner/.m2/repository/com/fasterxml/jackson/module/jackson-module-jaxb-annotations/2.16.2/jackson-module-jaxb-annotations-2.16.2.jar:/home/runner/work/ozone/ozone/hadoop-ozone/recon-codegen/target/ozone-reconcodegen-2.1.0-SNAPSHOT.jar:/home/runner/.m2/repository/org/jooq/jooq-codegen/3.11.10/jooq-codegen-3.11.10.jar:/home/runner/.m2/repository/org/jooq/jooq-meta/3.11.10/jooq-meta-3.11.10.jar:/home/runner/.m2/repository/org/apache/ratis/ratis-common/3.2.0/ratis-common-3.2.0.jar:/home/runner/.m2/repository/org/apache/ratis/ratis-server/3.2.0/ratis-server-3.2.0-tests.jar:/home/runner/.m2/repository/org/slf4j/slf4j-api/2.0.17/slf4j-api-2.0.17.jar:/home/runner/.m2/repository/org/assertj/assertj-core/3.27.4/assertj-core-3.27.4.jar:/home/runner/.m2/repository/net/bytebuddy/byte-buddy/1.15.11/byte-buddy-1.15.11.jar:/home/runner/.m2/repository/org/junit/jupiter/junit-jupiter-api/5.13.4/junit-jupiter-api-5.13.4.jar:/home/runner/.m2/repository/org/opentest4j/opentest4j/1.3.0/opentest4j-1.3.0.jar:/home/runner/.m2/repository/org/junit/platform/junit-platform-commons/1.13.4/junit-platform-commons-1.13.4.jar:/home/runner/.m2/repository/org/apiguardian/apiguardian-api/1.1.2/apiguardian-api-1.1.2.jar:/home/runner/.m2/repository/org/junit/jupiter/junit-jupiter-params/5.13.4/junit-jupiter-params-5.13.4.jar:/home/runner/.m2/repository/org/mockito/mockito-core/4.11.0/mockito-core-4.11.0.jar:/home/runner/.m2/repository/net/bytebuddy/byte-buddy-agent/1.12.19/byte-buddy-agent-1.12.19.jar:/home/runner/.m2/repository/org/objenesis/objenesis/3.3/objenesis-3.3.jar:/home/runner/.m2/repository/org/mockito/mockito-inline/4.11.0/mockito-inline-4.11.0.jar:/home/runner/.m2/repository/org/mockito/mockito-junit-jupiter/4.11.0/mockito-junit-jupiter-4.11.0.jar:/home/runner/work/ozone/ozone/hadoop-ozone/integration-test-recon/target/gradle-enterprise/test-listeners.jar:"/>
    <property name="java.vm.vendor" value="Eclipse Adoptium"/>
    <property name="sun.arch.data.model" value="64"/>
    <property name="test.build.dir" value="/home/runner/work/ozone/ozone/hadoop-ozone/integration-test-recon/target/test-dir"/>
    <property name="test.cache.data" value=""/>
    <property name="java.vendor.url" value="https://adoptium.net/"/>
    <property name="user.timezone" value="Etc/UTC"/>
    <property name="maven-surefire-plugin.argLineAccessArgs" value=" --add-opens java.management/com.sun.jmx.mbeanserver=ALL-UNNAMED --add-exports java.management/com.sun.jmx.mbeanserver=ALL-UNNAMED --add-opens java.base/java.nio=ALL-UNNAMED --add-opens java.base/java.lang=ALL-UNNAMED --add-opens java.base/java.lang.reflect=ALL-UNNAMED"/>
    <property name="java.vm.specification.version" value="21"/>
    <property name="os.name" value="Linux"/>
    <property name="test.build.data" value="/home/runner/work/ozone/ozone/hadoop-ozone/integration-test-recon/target/test-dir"/>
    <property name="sun.java.launcher" value="SUN_STANDARD"/>
    <property name="sun.boot.library.path" value="/usr/lib/jvm/temurin-21-jdk-amd64/lib"/>
    <property name="derby.stream.error.method" value="org.apache.ozone.recon.schema.SqlDbUtils.disableDerbyLogFile"/>
    <property name="sun.java.command" value="/home/runner/work/ozone/ozone/hadoop-ozone/integration-test-recon/target/surefire/surefirebooter-20250911041535076_683.jar /home/runner/work/ozone/ozone/hadoop-ozone/integration-test-recon/target/surefire 2025-09-11T04-03-02_217-jvmRun1 surefire-20250911041535076_681tmp surefire_69-20250911041535076_682tmp"/>
    <property name="jdk.debug" value="release"/>
    <property name="native.lib.tmp.dir" value="/tmp"/>
    <property name="surefire.test.class.path" value="/home/runner/work/ozone/ozone/hadoop-ozone/integration-test-recon/target/test-classes:/home/runner/work/ozone/ozone/hadoop-ozone/integration-test-recon/target/classes:/home/runner/.m2/repository/com/fasterxml/jackson/core/jackson-core/2.16.2/jackson-core-2.16.2.jar:/home/runner/.m2/repository/com/fasterxml/jackson/core/jackson-databind/2.16.2/jackson-databind-2.16.2.jar:/home/runner/.m2/repository/com/fasterxml/jackson/core/jackson-annotations/2.16.2/jackson-annotations-2.16.2.jar:/home/runner/.m2/repository/com/google/guava/guava/33.4.8-jre/guava-33.4.8-jre.jar:/home/runner/.m2/repository/com/google/guava/failureaccess/1.0.3/failureaccess-1.0.3.jar:/home/runner/.m2/repository/com/google/guava/listenablefuture/9999.0-empty-to-avoid-conflict-with-guava/listenablefuture-9999.0-empty-to-avoid-conflict-with-guava.jar:/home/runner/.m2/repository/org/jspecify/jspecify/1.0.0/jspecify-1.0.0.jar:/home/runner/.m2/repository/com/google/errorprone/error_prone_annotations/2.29.2/error_prone_annotations-2.29.2.jar:/home/runner/.m2/repository/com/google/j2objc/j2objc-annotations/3.0.0/j2objc-annotations-3.0.0.jar:/home/runner/.m2/repository/commons-io/commons-io/2.18.0/commons-io-2.18.0.jar:/home/runner/.m2/repository/jakarta/ws/rs/jakarta.ws.rs-api/2.1.6/jakarta.ws.rs-api-2.1.6.jar:/home/runner/.m2/repository/org/apache/hadoop/hadoop-common/3.4.1/hadoop-common-3.4.1.jar:/home/runner/.m2/repository/org/apache/hadoop/thirdparty/hadoop-shaded-protobuf_3_25/1.4.0/hadoop-shaded-protobuf_3_25-1.4.0.jar:/home/runner/.m2/repository/org/apache/hadoop/hadoop-annotations/3.4.1/hadoop-annotations-3.4.1.jar:/home/runner/.m2/repository/org/apache/hadoop/thirdparty/hadoop-shaded-guava/1.3.0/hadoop-shaded-guava-1.3.0.jar:/home/runner/.m2/repository/commons-cli/commons-cli/1.8.0/commons-cli-1.8.0.jar:/home/runner/.m2/repository/commons-codec/commons-codec/1.18.0/commons-codec-1.18.0.jar:/home/runner/.m2/repository/commons-net/commons-net/3.11.1/commons-net-3.11.1.jar:/home/runner/.m2/repository/commons-collections/commons-collections/3.2.2/commons-collections-3.2.2.jar:/home/runner/.m2/repository/javax/servlet/javax.servlet-api/3.1.0/javax.servlet-api-3.1.0.jar:/home/runner/.m2/repository/jakarta/activation/jakarta.activation-api/1.2.2/jakarta.activation-api-1.2.2.jar:/home/runner/.m2/repository/org/eclipse/jetty/jetty-server/9.4.58.v20250814/jetty-server-9.4.58.v20250814.jar:/home/runner/.m2/repository/org/eclipse/jetty/jetty-io/9.4.58.v20250814/jetty-io-9.4.58.v20250814.jar:/home/runner/.m2/repository/org/eclipse/jetty/jetty-util/9.4.58.v20250814/jetty-util-9.4.58.v20250814.jar:/home/runner/.m2/repository/org/eclipse/jetty/jetty-servlet/9.4.58.v20250814/jetty-servlet-9.4.58.v20250814.jar:/home/runner/.m2/repository/org/eclipse/jetty/jetty-security/9.4.58.v20250814/jetty-security-9.4.58.v20250814.jar:/home/runner/.m2/repository/org/eclipse/jetty/jetty-util-ajax/9.4.58.v20250814/jetty-util-ajax-9.4.58.v20250814.jar:/home/runner/.m2/repository/org/eclipse/jetty/jetty-webapp/9.4.58.v20250814/jetty-webapp-9.4.58.v20250814.jar:/home/runner/.m2/repository/org/eclipse/jetty/jetty-xml/9.4.58.v20250814/jetty-xml-9.4.58.v20250814.jar:/home/runner/.m2/repository/javax/servlet/jsp/jsp-api/2.1/jsp-api-2.1.jar:/home/runner/.m2/repository/org/codehaus/jettison/jettison/1.5.4/jettison-1.5.4.jar:/home/runner/.m2/repository/commons-beanutils/commons-beanutils/1.11.0/commons-beanutils-1.11.0.jar:/home/runner/.m2/repository/org/apache/commons/commons-configuration2/2.12.0/commons-configuration2-2.12.0.jar:/home/runner/.m2/repository/org/apache/commons/commons-lang3/3.18.0/commons-lang3-3.18.0.jar:/home/runner/.m2/repository/org/apache/commons/commons-text/1.13.1/commons-text-1.13.1.jar:/home/runner/.m2/repository/com/google/re2j/re2j/1.7/re2j-1.7.jar:/home/runner/.m2/repository/com/google/code/gson/gson/2.13.1/gson-2.13.1.jar:/home/runner/.m2/repository/org/apache/hadoop/hadoop-auth/3.4.1/hadoop-auth-3.4.1.jar:/home/runner/.m2/repository/com/jcraft/jsch/0.1.55/jsch-0.1.55.jar:/home/runner/.m2/repository/io/netty/netty-handler/4.1.119.Final/netty-handler-4.1.119.Final.jar:/home/runner/.m2/repository/io/netty/netty-resolver/4.1.119.Final/netty-resolver-4.1.119.Final.jar:/home/runner/.m2/repository/io/netty/netty-buffer/4.1.119.Final/netty-buffer-4.1.119.Final.jar:/home/runner/.m2/repository/io/netty/netty-transport-native-unix-common/4.1.119.Final/netty-transport-native-unix-common-4.1.119.Final.jar:/home/runner/.m2/repository/io/netty/netty-codec/4.1.119.Final/netty-codec-4.1.119.Final.jar:/home/runner/.m2/repository/io/netty/netty-transport-native-epoll/4.1.119.Final/netty-transport-native-epoll-4.1.119.Final.jar:/home/runner/.m2/repository/io/netty/netty-transport-classes-epoll/4.1.119.Final/netty-transport-classes-epoll-4.1.119.Final.jar:/home/runner/.m2/repository/io/dropwizard/metrics/metrics-core/3.2.6/metrics-core-3.2.6.jar:/home/runner/.m2/repository/org/apache/commons/commons-compress/1.27.1/commons-compress-1.27.1.jar:/home/runner/.m2/repository/org/bouncycastle/bcprov-jdk18on/1.81/bcprov-jdk18on-1.81.jar:/home/runner/.m2/repository/org/apache/kerby/kerb-core/1.0.1/kerb-core-1.0.1.jar:/home/runner/.m2/repository/org/apache/kerby/kerby-pkix/1.0.1/kerby-pkix-1.0.1.jar:/home/runner/.m2/repository/org/apache/kerby/kerby-asn1/1.0.1/kerby-asn1-1.0.1.jar:/home/runner/.m2/repository/org/codehaus/woodstox/stax2-api/4.2.1/stax2-api-4.2.1.jar:/home/runner/.m2/repository/com/fasterxml/woodstox/woodstox-core/5.4.0/woodstox-core-5.4.0.jar:/home/runner/.m2/repository/dnsjava/dnsjava/3.6.1/dnsjava-3.6.1.jar:/home/runner/.m2/repository/org/apache/hadoop/hadoop-hdfs-client/3.4.1/hadoop-hdfs-client-3.4.1.jar:/home/runner/.m2/repository/org/apache/httpcomponents/httpclient/4.5.14/httpclient-4.5.14.jar:/home/runner/.m2/repository/org/apache/httpcomponents/httpcore/4.4.16/httpcore-4.4.16.jar:/home/runner/work/ozone/ozone/hadoop-hdds/client/target/hdds-client-2.1.0-SNAPSHOT.jar:/home/runner/.m2/repository/io/opentracing/opentracing-api/0.33.0/opentracing-api-0.33.0.jar:/home/runner/.m2/repository/io/opentracing/opentracing-util/0.33.0/opentracing-util-0.33.0.jar:/home/runner/.m2/repository/io/opentracing/opentracing-noop/0.33.0/opentracing-noop-0.33.0.jar:/home/runner/.m2/repository/jakarta/annotation/jakarta.annotation-api/2.1.1/jakarta.annotation-api-2.1.1.jar:/home/runner/work/ozone/ozone/hadoop-hdds/erasurecode/target/hdds-erasurecode-2.1.0-SNAPSHOT.jar:/home/runner/.m2/repository/org/apache/ratis/ratis-client/3.2.0/ratis-client-3.2.0.jar:/home/runner/.m2/repository/org/apache/ratis/ratis-grpc/3.2.0/ratis-grpc-3.2.0.jar:/home/runner/.m2/repository/org/apache/ratis/ratis-proto/3.2.0/ratis-proto-3.2.0.jar:/home/runner/.m2/repository/org/apache/ratis/ratis-thirdparty-misc/1.0.9/ratis-thirdparty-misc-1.0.9.jar:/home/runner/work/ozone/ozone/hadoop-hdds/common/target/hdds-common-2.1.0-SNAPSHOT.jar:/home/runner/.m2/repository/com/fasterxml/jackson/datatype/jackson-datatype-jsr310/2.16.2/jackson-datatype-jsr310-2.16.2.jar:/home/runner/.m2/repository/com/github/stephenc/jcip/jcip-annotations/1.0-1/jcip-annotations-1.0-1.jar:/home/runner/.m2/repository/com/google/protobuf/protobuf-java/2.5.0/protobuf-java-2.5.0.jar:/home/runner/.m2/repository/commons-validator/commons-validator/1.6/commons-validator-1.6.jar:/home/runner/.m2/repository/commons-digester/commons-digester/1.8.1/commons-digester-1.8.1.jar:/home/runner/.m2/repository/info/picocli/picocli/4.7.7/picocli-4.7.7.jar:/home/runner/.m2/repository/io/jaegertracing/jaeger-core/1.8.1/jaeger-core-1.8.1.jar:/home/runner/.m2/repository/jakarta/xml/bind/jakarta.xml.bind-api/2.3.3/jakarta.xml.bind-api-2.3.3.jar:/home/runner/.m2/repository/org/apache/commons/commons-collections4/4.4/commons-collections4-4.4.jar:/home/runner/work/ozone/ozone/hadoop-hdds/interface-admin/target/hdds-interface-admin-2.1.0-SNAPSHOT.jar:/home/runner/.m2/repository/org/apache/ratis/ratis-netty/3.2.0/ratis-netty-3.2.0.jar:/home/runner/.m2/repository/org/apache/ratis/ratis-server-api/3.2.0/ratis-server-api-3.2.0.jar:/home/runner/.m2/repository/org/bouncycastle/bcpkix-jdk18on/1.81/bcpkix-jdk18on-1.81.jar:/home/runner/.m2/repository/org/bouncycastle/bcutil-jdk18on/1.81/bcutil-jdk18on-1.81.jar:/home/runner/.m2/repository/org/yaml/snakeyaml/2.0/snakeyaml-2.0.jar:/home/runner/.m2/repository/io/jaegertracing/jaeger-client/1.8.1/jaeger-client-1.8.1.jar:/home/runner/.m2/repository/io/jaegertracing/jaeger-thrift/1.8.1/jaeger-thrift-1.8.1.jar:/home/runner/.m2/repository/org/apache/thrift/libthrift/0.15.0/libthrift-0.15.0.jar:/home/runner/.m2/repository/com/squareup/okhttp3/okhttp/4.12.0/okhttp-4.12.0.jar:/home/runner/.m2/repository/com/squareup/okio/okio/3.6.0/okio-3.6.0.jar:/home/runner/.m2/repository/com/squareup/okio/okio-jvm/3.6.0/okio-jvm-3.6.0.jar:/home/runner/.m2/repository/org/jetbrains/kotlin/kotlin-stdlib-common/1.9.25/kotlin-stdlib-common-1.9.25.jar:/home/runner/.m2/repository/org/jetbrains/kotlin/kotlin-stdlib-jdk8/1.9.25/kotlin-stdlib-jdk8-1.9.25.jar:/home/runner/.m2/repository/org/jetbrains/kotlin/kotlin-stdlib/1.9.25/kotlin-stdlib-1.9.25.jar:/home/runner/.m2/repository/org/jetbrains/annotations/13.0/annotations-13.0.jar:/home/runner/.m2/repository/org/jetbrains/kotlin/kotlin-stdlib-jdk7/1.9.25/kotlin-stdlib-jdk7-1.9.25.jar:/home/runner/.m2/repository/io/jaegertracing/jaeger-tracerresolver/1.8.1/jaeger-tracerresolver-1.8.1.jar:/home/runner/.m2/repository/io/opentracing/contrib/opentracing-tracerresolver/0.1.8/opentracing-tracerresolver-0.1.8.jar:/home/runner/.m2/repository/org/apache/ratis/ratis-metrics-dropwizard3/3.2.0/ratis-metrics-dropwizard3-3.2.0.jar:/home/runner/.m2/repository/org/slf4j/jcl-over-slf4j/2.0.17/jcl-over-slf4j-2.0.17.jar:/home/runner/.m2/repository/org/slf4j/slf4j-reload4j/2.0.17/slf4j-reload4j-2.0.17.jar:/home/runner/work/ozone/ozone/hadoop-hdds/common/target/hdds-common-2.1.0-SNAPSHOT-tests.jar:/home/runner/work/ozone/ozone/hadoop-hdds/config/target/hdds-config-2.1.0-SNAPSHOT.jar:/home/runner/work/ozone/ozone/hadoop-hdds/interface-client/target/hdds-interface-client-2.1.0-SNAPSHOT.jar:/home/runner/work/ozone/ozone/hadoop-hdds/framework/target/hdds-server-framework-2.1.0-SNAPSHOT.jar:/home/runner/.m2/repository/ch/qos/reload4j/reload4j/1.2.26/reload4j-1.2.26.jar:/home/runner/.m2/repository/com/github/jnr/jnr-constants/0.10.4/jnr-constants-0.10.4.jar:/home/runner/.m2/repository/com/github/jnr/jnr-posix/3.1.20/jnr-posix-3.1.20.jar:/home/runner/.m2/repository/com/github/jnr/jnr-ffi/2.2.17/jnr-ffi-2.2.17.jar:/home/runner/.m2/repository/com/github/jnr/jffi/1.3.13/jffi-1.3.13.jar:/home/runner/.m2/repository/com/github/jnr/jffi/1.3.13/jffi-1.3.13-native.jar:/home/runner/.m2/repository/org/ow2/asm/asm/9.7.1/asm-9.7.1.jar:/home/runner/.m2/repository/org/ow2/asm/asm-commons/9.7.1/asm-commons-9.7.1.jar:/home/runner/.m2/repository/org/ow2/asm/asm-analysis/9.7.1/asm-analysis-9.7.1.jar:/home/runner/.m2/repository/org/ow2/asm/asm-tree/9.7.1/asm-tree-9.7.1.jar:/home/runner/.m2/repository/org/ow2/asm/asm-util/9.7.1/asm-util-9.7.1.jar:/home/runner/.m2/repository/com/github/jnr/jnr-a64asm/1.0.0/jnr-a64asm-1.0.0.jar:/home/runner/.m2/repository/com/github/jnr/jnr-x86asm/1.0.2/jnr-x86asm-1.0.2.jar:/home/runner/.m2/repository/commons-fileupload/commons-fileupload/1.6.0/commons-fileupload-1.6.0.jar:/home/runner/.m2/repository/io/grpc/grpc-api/1.71.0/grpc-api-1.71.0.jar:/home/runner/.m2/repository/io/prometheus/simpleclient/0.16.0/simpleclient-0.16.0.jar:/home/runner/.m2/repository/io/prometheus/simpleclient_common/0.16.0/simpleclient_common-0.16.0.jar:/home/runner/.m2/repository/io/prometheus/simpleclient_dropwizard/0.16.0/simpleclient_dropwizard-0.16.0.jar:/home/runner/.m2/repository/org/apache/logging/log4j/log4j-api/2.25.0/log4j-api-2.25.0.jar:/home/runner/work/ozone/ozone/hadoop-hdds/interface-server/target/hdds-interface-server-2.1.0-SNAPSHOT.jar:/home/runner/work/ozone/ozone/hadoop-hdds/managed-rocksdb/target/hdds-managed-rocksdb-2.1.0-SNAPSHOT.jar:/home/runner/work/ozone/ozone/hadoop-hdds/rocksdb-checkpoint-differ/target/rocksdb-checkpoint-differ-2.1.0-SNAPSHOT.jar:/home/runner/.m2/repository/org/apache/ratis/ratis-metrics-api/3.2.0/ratis-metrics-api-3.2.0.jar:/home/runner/.m2/repository/org/eclipse/jetty/jetty-http/9.4.58.v20250814/jetty-http-9.4.58.v20250814.jar:/home/runner/.m2/repository/org/glassfish/jersey/containers/jersey-container-servlet-core/2.47/jersey-container-servlet-core-2.47.jar:/home/runner/.m2/repository/org/glassfish/jersey/core/jersey-server/2.47/jersey-server-2.47.jar:/home/runner/.m2/repository/org/glassfish/jersey/core/jersey-client/2.47/jersey-client-2.47.jar:/home/runner/.m2/repository/org/reflections/reflections/0.10.2/reflections-0.10.2.jar:/home/runner/.m2/repository/org/javassist/javassist/3.30.2-GA/javassist-3.30.2-GA.jar:/home/runner/.m2/repository/org/rocksdb/rocksdbjni/7.7.3/rocksdbjni-7.7.3.jar:/home/runner/.m2/repository/com/lmax/disruptor/3.4.4/disruptor-3.4.4.jar:/home/runner/.m2/repository/com/nimbusds/nimbus-jose-jwt/10.4/nimbus-jose-jwt-10.4.jar:/home/runner/.m2/repository/log4j/apache-log4j-extras/1.2.17/apache-log4j-extras-1.2.17.jar:/home/runner/.m2/repository/org/apache/kerby/kerb-util/1.0.1/kerb-util-1.0.1.jar:/home/runner/.m2/repository/org/apache/kerby/kerby-config/1.0.1/kerby-config-1.0.1.jar:/home/runner/.m2/repository/org/apache/kerby/kerb-crypto/1.0.1/kerb-crypto-1.0.1.jar:/home/runner/.m2/repository/org/apache/logging/log4j/log4j-core/2.25.0/log4j-core-2.25.0.jar:/home/runner/.m2/repository/org/xerial/snappy/snappy-java/1.1.10.8/snappy-java-1.1.10.8.jar:/home/runner/work/ozone/ozone/hadoop-hdds/server-scm/target/hdds-server-scm-2.1.0-SNAPSHOT.jar:/home/runner/work/ozone/ozone/hadoop-hdds/container-service/target/hdds-container-service-2.1.0-SNAPSHOT.jar:/home/runner/.m2/repository/org/apache/hadoop/hadoop-hdfs/3.4.1/hadoop-hdfs-3.4.1.jar:/home/runner/.m2/repository/commons-daemon/commons-daemon/1.4.0/commons-daemon-1.4.0.jar:/home/runner/.m2/repository/com/github/luben/zstd-jni/1.5.7-4/zstd-jni-1.5.7-4.jar:/home/runner/.m2/repository/org/glassfish/jaxb/jaxb-runtime/2.3.9/jaxb-runtime-2.3.9.jar:/home/runner/.m2/repository/org/glassfish/jaxb/txw2/2.3.9/txw2-2.3.9.jar:/home/runner/.m2/repository/com/sun/istack/istack-commons-runtime/3.0.12/istack-commons-runtime-3.0.12.jar:/home/runner/.m2/repository/com/sun/activation/jakarta.activation/1.2.2/jakarta.activation-1.2.2.jar:/home/runner/.m2/repository/org/apache/ratis/ratis-server/3.2.0/ratis-server-3.2.0.jar:/home/runner/work/ozone/ozone/hadoop-hdds/server-scm/target/hdds-server-scm-2.1.0-SNAPSHOT-tests.jar:/home/runner/work/ozone/ozone/hadoop-hdds/test-utils/target/hdds-test-utils-2.1.0-SNAPSHOT-tests.jar:/home/runner/work/ozone/ozone/hadoop-ozone/cli-admin/target/ozone-cli-admin-2.1.0-SNAPSHOT.jar:/home/runner/work/ozone/ozone/hadoop-ozone/cli-shell/target/ozone-cli-shell-2.1.0-SNAPSHOT.jar:/home/runner/.m2/repository/info/picocli/picocli-shell-jline3/4.7.7/picocli-shell-jline3-4.7.7.jar:/home/runner/.m2/repository/org/jline/jline/3.30.5/jline-3.30.5.jar:/home/runner/work/ozone/ozone/hadoop-ozone/ozonefs/target/ozone-filesystem-2.1.0-SNAPSHOT.jar:/home/runner/work/ozone/ozone/hadoop-ozone/ozonefs-common/target/ozone-filesystem-common-2.1.0-SNAPSHOT.jar:/home/runner/work/ozone/ozone/hadoop-ozone/interface-client/target/ozone-interface-client-2.1.0-SNAPSHOT.jar:/home/runner/.m2/repository/io/grpc/grpc-protobuf/1.71.0/grpc-protobuf-1.71.0.jar:/home/runner/.m2/repository/com/google/api/grpc/proto-google-common-protos/2.51.0/proto-google-common-protos-2.51.0.jar:/home/runner/.m2/repository/io/grpc/grpc-protobuf-lite/1.71.0/grpc-protobuf-lite-1.71.0.jar:/home/runner/work/ozone/ozone/hadoop-ozone/client/target/ozone-client-2.1.0-SNAPSHOT.jar:/home/runner/work/ozone/ozone/hadoop-ozone/common/target/ozone-common-2.1.0-SNAPSHOT.jar:/home/runner/.m2/repository/io/grpc/grpc-netty/1.71.0/grpc-netty-1.71.0.jar:/home/runner/.m2/repository/org/codehaus/mojo/animal-sniffer-annotations/1.24/animal-sniffer-annotations-1.24.jar:/home/runner/.m2/repository/io/grpc/grpc-core/1.71.0/grpc-core-1.71.0.jar:/home/runner/.m2/repository/com/google/android/annotations/4.1.1.4/annotations-4.1.1.4.jar:/home/runner/.m2/repository/io/grpc/grpc-context/1.71.0/grpc-context-1.71.0.jar:/home/runner/.m2/repository/io/perfmark/perfmark-api/0.27.0/perfmark-api-0.27.0.jar:/home/runner/.m2/repository/io/grpc/grpc-util/1.71.0/grpc-util-1.71.0.jar:/home/runner/.m2/repository/io/netty/netty-common/4.1.119.Final/netty-common-4.1.119.Final.jar:/home/runner/.m2/repository/io/netty/netty-codec-http2/4.1.119.Final/netty-codec-http2-4.1.119.Final.jar:/home/runner/.m2/repository/io/netty/netty-codec-http/4.1.119.Final/netty-codec-http-4.1.119.Final.jar:/home/runner/.m2/repository/io/netty/netty-handler-proxy/4.1.119.Final/netty-handler-proxy-4.1.119.Final.jar:/home/runner/.m2/repository/io/netty/netty-codec-socks/4.1.119.Final/netty-codec-socks-4.1.119.Final.jar:/home/runner/.m2/repository/io/netty/netty-tcnative-boringssl-static/2.0.70.Final/netty-tcnative-boringssl-static-2.0.70.Final.jar:/home/runner/.m2/repository/io/netty/netty-tcnative-classes/2.0.70.Final/netty-tcnative-classes-2.0.70.Final.jar:/home/runner/.m2/repository/io/netty/netty-tcnative-boringssl-static/2.0.70.Final/netty-tcnative-boringssl-static-2.0.70.Final-linux-x86_64.jar:/home/runner/.m2/repository/io/netty/netty-tcnative-boringssl-static/2.0.70.Final/netty-tcnative-boringssl-static-2.0.70.Final-linux-aarch_64.jar:/home/runner/.m2/repository/io/netty/netty-tcnative-boringssl-static/2.0.70.Final/netty-tcnative-boringssl-static-2.0.70.Final-osx-x86_64.jar:/home/runner/.m2/repository/io/netty/netty-tcnative-boringssl-static/2.0.70.Final/netty-tcnative-boringssl-static-2.0.70.Final-osx-aarch_64.jar:/home/runner/.m2/repository/io/netty/netty-tcnative-boringssl-static/2.0.70.Final/netty-tcnative-boringssl-static-2.0.70.Final-windows-x86_64.jar:/home/runner/work/ozone/ozone/hadoop-ozone/integration-test/target/ozone-integration-test-2.1.0-SNAPSHOT-tests.jar:/home/runner/work/ozone/ozone/hadoop-ozone/interface-storage/target/ozone-interface-storage-2.1.0-SNAPSHOT.jar:/home/runner/work/ozone/ozone/hadoop-ozone/ozone-manager/target/ozone-manager-2.1.0-SNAPSHOT.jar:/home/runner/.m2/repository/io/grpc/grpc-stub/1.71.0/grpc-stub-1.71.0.jar:/home/runner/.m2/repository/io/netty/netty-transport/4.1.119.Final/netty-transport-4.1.119.Final.jar:/home/runner/.m2/repository/org/apache/commons/commons-pool2/2.12.1/commons-pool2-2.12.1.jar:/home/runner/.m2/repository/org/apache/kerby/kerby-util/1.0.1/kerby-util-1.0.1.jar:/home/runner/work/ozone/ozone/hadoop-hdds/rocks-native/target/hdds-rocks-native-2.1.0-SNAPSHOT.jar:/home/runner/.m2/repository/org/apache/ranger/ranger-intg/2.6.0/ranger-intg-2.6.0.jar:/home/runner/.m2/repository/org/apache/ranger/ranger-plugins-common/2.6.0/ranger-plugins-common-2.6.0.jar:/home/runner/.m2/repository/com/fasterxml/jackson/jaxrs/jackson-jaxrs-base/2.16.2/jackson-jaxrs-base-2.16.2.jar:/home/runner/.m2/repository/com/fasterxml/jackson/jaxrs/jackson-jaxrs-json-provider/2.16.2/jackson-jaxrs-json-provider-2.16.2.jar:/home/runner/.m2/repository/com/kstruct/gethostname4j/1.0.0/gethostname4j-1.0.0.jar:/home/runner/.m2/repository/commons-lang/commons-lang/2.6/commons-lang-2.6.jar:/home/runner/.m2/repository/net/java/dev/jna/jna/5.2.0/jna-5.2.0.jar:/home/runner/.m2/repository/net/java/dev/jna/jna-platform/5.2.0/jna-platform-5.2.0.jar:/home/runner/.m2/repository/org/apache/ranger/ranger-plugin-classloader/2.6.0/ranger-plugin-classloader-2.6.0.jar:/home/runner/.m2/repository/org/apache/ranger/ranger-plugins-audit/2.6.0/ranger-plugins-audit-2.6.0.jar:/home/runner/.m2/repository/com/amazonaws/aws-java-sdk-logs/1.12.765/aws-java-sdk-logs-1.12.765.jar:/home/runner/.m2/repository/com/amazonaws/aws-java-sdk-core/1.12.788/aws-java-sdk-core-1.12.788.jar:/home/runner/.m2/repository/com/fasterxml/jackson/dataformat/jackson-dataformat-cbor/2.16.2/jackson-dataformat-cbor-2.16.2.jar:/home/runner/.m2/repository/com/amazonaws/jmespath-java/1.12.765/jmespath-java-1.12.765.jar:/home/runner/.m2/repository/com/carrotsearch/hppc/0.8.0/hppc-0.8.0.jar:/home/runner/.m2/repository/io/airlift/aircompressor/0.27/aircompressor-0.27.jar:/home/runner/.m2/repository/joda-time/joda-time/2.12.7/joda-time-2.12.7.jar:/home/runner/.m2/repository/org/apache/httpcomponents/httpasyncclient/4.1.4/httpasyncclient-4.1.4.jar:/home/runner/.m2/repository/org/apache/httpcomponents/httpcore-nio/4.4.16/httpcore-nio-4.4.16.jar:/home/runner/.m2/repository/org/apache/httpcomponents/httpmime/4.5.13/httpmime-4.5.13.jar:/home/runner/.m2/repository/org/apache/orc/orc-core/1.5.8/orc-core-1.5.8.jar:/home/runner/.m2/repository/org/apache/orc/orc-shims/1.5.8/orc-shims-1.5.8.jar:/home/runner/.m2/repository/org/eclipse/jetty/jetty-client/9.4.58.v20250814/jetty-client-9.4.58.v20250814.jar:/home/runner/.m2/repository/org/apache/ranger/ranger-plugins-cred/2.6.0/ranger-plugins-cred-2.6.0.jar:/home/runner/.m2/repository/org/aspectj/aspectjrt/1.9.7/aspectjrt-1.9.7.jar:/home/runner/work/ozone/ozone/hadoop-ozone/ozone-manager/target/ozone-manager-2.1.0-SNAPSHOT-tests.jar:/home/runner/work/ozone/ozone/hadoop-ozone/mini-cluster/target/ozone-mini-cluster-2.1.0-SNAPSHOT.jar:/home/runner/work/ozone/ozone/hadoop-ozone/recon/target/ozone-recon-2.1.0-SNAPSHOT.jar:/home/runner/.m2/repository/aopalliance/aopalliance/1.0/aopalliance-1.0.jar:/home/runner/.m2/repository/com/google/inject/guice/6.0.0/guice-6.0.0.jar:/home/runner/.m2/repository/jakarta/inject/jakarta.inject-api/2.0.1/jakarta.inject-api-2.0.1.jar:/home/runner/.m2/repository/com/google/inject/extensions/guice-servlet/6.0.0/guice-servlet-6.0.0.jar:/home/runner/.m2/repository/com/jolbox/bonecp/0.8.0.RELEASE/bonecp-0.8.0.RELEASE.jar:/home/runner/.m2/repository/jakarta/validation/jakarta.validation-api/2.0.2/jakarta.validation-api-2.0.2.jar:/home/runner/.m2/repository/javax/annotation/javax.annotation-api/1.3.2/javax.annotation-api-1.3.2.jar:/home/runner/.m2/repository/javax/inject/javax.inject/1/javax.inject-1.jar:/home/runner/.m2/repository/org/apache/derby/derby/10.14.2.0/derby-10.14.2.0.jar:/home/runner/.m2/repository/org/glassfish/hk2/guice-bridge/2.6.1/guice-bridge-2.6.1.jar:/home/runner/.m2/repository/org/glassfish/hk2/hk2-api/2.6.1/hk2-api-2.6.1.jar:/home/runner/.m2/repository/org/glassfish/hk2/hk2-utils/2.6.1/hk2-utils-2.6.1.jar:/home/runner/.m2/repository/org/glassfish/hk2/external/aopalliance-repackaged/2.6.1/aopalliance-repackaged-2.6.1.jar:/home/runner/.m2/repository/org/glassfish/jersey/core/jersey-common/2.47/jersey-common-2.47.jar:/home/runner/.m2/repository/org/glassfish/hk2/osgi-resource-locator/1.0.3/osgi-resource-locator-1.0.3.jar:/home/runner/.m2/repository/org/jooq/jooq/3.11.10/jooq-3.11.10.jar:/home/runner/.m2/repository/org/springframework/spring-core/5.3.39/spring-core-5.3.39.jar:/home/runner/.m2/repository/org/springframework/spring-jdbc/5.3.39/spring-jdbc-5.3.39.jar:/home/runner/.m2/repository/org/springframework/spring-beans/5.3.39/spring-beans-5.3.39.jar:/home/runner/.m2/repository/org/springframework/spring-tx/5.3.39/spring-tx-5.3.39.jar:/home/runner/.m2/repository/org/xerial/sqlite-jdbc/3.50.3.0/sqlite-jdbc-3.50.3.0.jar:/home/runner/.m2/repository/com/google/inject/extensions/guice-assistedinject/6.0.0/guice-assistedinject-6.0.0.jar:/home/runner/.m2/repository/org/glassfish/hk2/external/jakarta.inject/2.6.1/jakarta.inject-2.6.1.jar:/home/runner/.m2/repository/org/glassfish/jersey/inject/jersey-hk2/2.47/jersey-hk2-2.47.jar:/home/runner/.m2/repository/org/glassfish/hk2/hk2-locator/2.6.1/hk2-locator-2.6.1.jar:/home/runner/.m2/repository/org/glassfish/jersey/media/jersey-media-jaxb/2.47/jersey-media-jaxb-2.47.jar:/home/runner/.m2/repository/org/glassfish/jersey/media/jersey-media-json-jackson/2.47/jersey-media-json-jackson-2.47.jar:/home/runner/.m2/repository/org/glassfish/jersey/ext/jersey-entity-filtering/2.47/jersey-entity-filtering-2.47.jar:/home/runner/.m2/repository/com/fasterxml/jackson/module/jackson-module-jaxb-annotations/2.16.2/jackson-module-jaxb-annotations-2.16.2.jar:/home/runner/work/ozone/ozone/hadoop-ozone/recon-codegen/target/ozone-reconcodegen-2.1.0-SNAPSHOT.jar:/home/runner/.m2/repository/org/jooq/jooq-codegen/3.11.10/jooq-codegen-3.11.10.jar:/home/runner/.m2/repository/org/jooq/jooq-meta/3.11.10/jooq-meta-3.11.10.jar:/home/runner/.m2/repository/org/apache/ratis/ratis-common/3.2.0/ratis-common-3.2.0.jar:/home/runner/.m2/repository/org/apache/ratis/ratis-server/3.2.0/ratis-server-3.2.0-tests.jar:/home/runner/.m2/repository/org/slf4j/slf4j-api/2.0.17/slf4j-api-2.0.17.jar:/home/runner/.m2/repository/org/assertj/assertj-core/3.27.4/assertj-core-3.27.4.jar:/home/runner/.m2/repository/net/bytebuddy/byte-buddy/1.15.11/byte-buddy-1.15.11.jar:/home/runner/.m2/repository/org/junit/jupiter/junit-jupiter-api/5.13.4/junit-jupiter-api-5.13.4.jar:/home/runner/.m2/repository/org/opentest4j/opentest4j/1.3.0/opentest4j-1.3.0.jar:/home/runner/.m2/repository/org/junit/platform/junit-platform-commons/1.13.4/junit-platform-commons-1.13.4.jar:/home/runner/.m2/repository/org/apiguardian/apiguardian-api/1.1.2/apiguardian-api-1.1.2.jar:/home/runner/.m2/repository/org/junit/jupiter/junit-jupiter-params/5.13.4/junit-jupiter-params-5.13.4.jar:/home/runner/.m2/repository/org/mockito/mockito-core/4.11.0/mockito-core-4.11.0.jar:/home/runner/.m2/repository/net/bytebuddy/byte-buddy-agent/1.12.19/byte-buddy-agent-1.12.19.jar:/home/runner/.m2/repository/org/objenesis/objenesis/3.3/objenesis-3.3.jar:/home/runner/.m2/repository/org/mockito/mockito-inline/4.11.0/mockito-inline-4.11.0.jar:/home/runner/.m2/repository/org/mockito/mockito-junit-jupiter/4.11.0/mockito-junit-jupiter-4.11.0.jar:/home/runner/work/ozone/ozone/hadoop-ozone/integration-test-recon/target/gradle-enterprise/test-listeners.jar:"/>
    <property name="sun.cpu.endian" value="little"/>
    <property name="user.home" value="/home/runner"/>
    <property name="user.language" value="en"/>
    <property name="java.specification.vendor" value="Oracle Corporation"/>
    <property name="skipRecon" value="true"/>
    <property name="java.version.date" value="2025-07-15"/>
    <property name="java.home" value="/usr/lib/jvm/temurin-21-jdk-amd64"/>
    <property name="java.security.krb5.conf" value="/home/runner/work/ozone/ozone/hadoop-ozone/integration-test-recon/target/test-classes/krb5.conf"/>
    <property name="file.separator" value="/"/>
    <property name="basedir" value="/home/runner/work/ozone/ozone/hadoop-ozone/integration-test-recon"/>
    <property name="java.vm.compressedOopsMode" value="Zero based"/>
    <property name="line.separator" value="&#10;"/>
    <property name="java.vm.specification.vendor" value="Oracle Corporation"/>
    <property name="java.specification.name" value="Java Platform API Specification"/>
    <property name="surefire.real.class.path" value="/home/runner/work/ozone/ozone/hadoop-ozone/integration-test-recon/target/surefire/surefirebooter-20250911041535076_683.jar"/>
    <property name="hadoop.log.dir" value="/home/runner/work/ozone/ozone/hadoop-ozone/integration-test-recon/target/log"/>
    <property name="sun.management.compiler" value="HotSpot 64-Bit Tiered Compilers"/>
    <property name="skipShade" value="true"/>
    <property name="java.runtime.version" value="21.0.8+9-LTS"/>
    <property name="user.name" value="runner"/>
    <property name="java.net.preferIPv4Stack" value="true"/>
    <property name="stdout.encoding" value="UTF-8"/>
    <property name="path.separator" value=":"/>
    <property name="java.security.egd" value="file:///dev/urandom"/>
    <property name="os.version" value="6.11.0-1018-azure"/>
    <property name="java.runtime.name" value="OpenJDK Runtime Environment"/>
    <property name="com.gradle.maven.scan.extension.test.listener.junitplatform.NestedExecutionSafeDelegatingTestExecutionListener" value="28dcca0c"/>
    <property name="file.encoding" value="UTF-8"/>
    <property name="java.vm.name" value="OpenJDK 64-Bit Server VM"/>
    <property name="rocks_tools_native" value="true"/>
    <property name="java.vendor.version" value="Temurin-21.0.8+9"/>
    <property name="test.build.webapps" value=""/>
    <property name="develocity.listener.surefire.forkId" value="1"/>
    <property name="localRepository" value="/home/runner/.m2/repository"/>
    <property name="java.vendor.url.bug" value="https://github.com/adoptium/adoptium-support/issues"/>
    <property name="jetty.git.hash" value="8f1440587e9e4ae7db3d74cf205643f3d707148d"/>
    <property name="java.io.tmpdir" value="/tmp"/>
    <property name="require.test.libhadoop" value=""/>
    <property name="java.version" value="21.0.8"/>
    <property name="user.dir" value="/home/runner/work/ozone/ozone/hadoop-ozone/integration-test-recon"/>
    <property name="os.arch" value="amd64"/>
    <property name="java.vm.specification.name" value="Java Virtual Machine Specification"/>
    <property name="test.build.classes" value="/home/runner/work/ozone/ozone/hadoop-ozone/integration-test-recon/target/test-classes"/>
    <property name="org.apache.ratis.thirdparty.io.netty.allocator.useCacheForAllThreads" value="false"/>
    <property name="native.encoding" value="UTF-8"/>
    <property name="hadoop.tmp.dir" value="/home/runner/work/ozone/ozone/hadoop-ozone/integration-test-recon/target/tmp"/>
    <property name="java.library.path" value="/usr/java/packages/lib:/usr/lib64:/lib64:/lib:/usr/lib"/>
    <property name="java.vm.info" value="mixed mode, sharing"/>
    <property name="stderr.encoding" value="UTF-8"/>
    <property name="java.vendor" value="Eclipse Adoptium"/>
    <property name="java.vm.version" value="21.0.8+9-LTS"/>
    <property name="sun.io.unicode.encoding" value="UnicodeLittle"/>
    <property name="develocity.listener.port" value="36687"/>
    <property name="java.class.version" value="65.0"/>
  </properties>
  <testcase name="testMissingContainer" classname="org.apache.hadoop.ozone.recon.TestReconAndAdminContainerCLI" time="47.717">
    <error message="Timed out waiting for condition. Thread diagnostics:&#10;Timestamp: 2025-09-11 04:25:37,803&#10;&#10;&quot;0ed0910f-4ac9-4f62-be34-d90c51a3e6c9-DatanodeReportManager-0&quot; daemon prio=5 tid=973 timed_waiting&#10;java.lang.Thread.State: TIMED_WAITING&#10;        at java.base@21.0.8/jdk.internal.misc.Unsafe.park(Native Method)&#10;        at java.base@21.0.8/java.util.concurrent.locks.LockSupport.parkNanos(LockSupport.java:269)&#10;        at java.base@21.0.8/java.util.concurrent.locks.AbstractQueuedSynchronizer$ConditionObject.awaitNanos(AbstractQueuedSynchronizer.java:1763)&#10;        at java.base@21.0.8/java.util.concurrent.ScheduledThreadPoolExecutor$DelayedWorkQueue.take(ScheduledThreadPoolExecutor.java:1182)&#10;        at java.base@21.0.8/java.util.concurrent.ScheduledThreadPoolExecutor$DelayedWorkQueue.take(ScheduledThreadPoolExecutor.java:899)&#10;        at java.base@21.0.8/java.util.concurrent.ThreadPoolExecutor.getTask(ThreadPoolExecutor.java:1070)&#10;        at java.base@21.0.8/java.util.concurrent.ThreadPoolExecutor.runWorker(ThreadPoolExecutor.java:1130)&#10;        at java.base@21.0.8/java.util.concurrent.ThreadPoolExecutor$Worker.run(ThreadPoolExecutor.java:642)&#10;        at java.base@21.0.8/java.lang.Thread.runWith(Thread.java:1596)&#10;        at java.base@21.0.8/java.lang.Thread.run(Thread.java:1583)&#10;&quot;IPC Server handler 38 on default port 15004&quot; daemon prio=5 tid=377 timed_waiting&#10;java.lang.Thread.State: TIMED_WAITING&#10;        at java.base@21.0.8/jdk.internal.misc.Unsafe.park(Native Method)&#10;        at java.base@21.0.8/java.util.concurrent.locks.LockSupport.parkNanos(LockSupport.java:269)&#10;        at java.base@21.0.8/java.util.concurrent.locks.AbstractQueuedSynchronizer$ConditionObject.awaitNanos(AbstractQueuedSynchronizer.java:1763)&#10;        at java.base@21.0.8/java.util.concurrent.LinkedBlockingQueue.poll(LinkedBlockingQueue.java:460)&#10;        at app//org.apache.hadoop.ipc.CallQueueManager.take(CallQueueManager.java:370)&#10;        at app//org.apache.hadoop.ipc.Server$Handler.run(Server.java:3165)&#10;&quot;IPC Server handler 9 on default port 15001&quot; daemon prio=5 tid=567 timed_waiting&#10;java.lang.Thread.State: TIMED_WAITING&#10;        at java.base@21.0.8/jdk.internal.misc.Unsafe.park(Native Method)&#10;        at java.base@21.0.8/java.util.concurrent.locks.LockSupport.parkNanos(LockSupport.java:269)&#10;        at java.base@21.0.8/java.util.concurrent.locks.AbstractQueuedSynchronizer$ConditionObject.awaitNanos(AbstractQueuedSynchronizer.java:1763)&#10;        at java.base@21.0.8/java.util.concurrent.LinkedBlockingQueue.poll(LinkedBlockingQueue.java:460)&#10;        at app//org.apache.hadoop.ipc.CallQueueManager.take(CallQueueManager.java:370)&#10;        at app//org.apache.hadoop.ipc.Server$Handler.run(Server.java:3165)&#10;&quot;qtp1553533936-490&quot; daemon prio=5 tid=490 timed_waiting&#10;java.lang.Thread.State: TIMED_WAITING&#10;        at java.base@21.0.8/jdk.internal.misc.Unsafe.park(Native Method)&#10;        at java.base@21.0.8/java.util.concurrent.locks.LockSupport.parkNanos(LockSupport.java:269)&#10;        at java.base@21.0.8/java.util.concurrent.locks.AbstractQueuedSynchronizer$ConditionObject.awaitNanos(AbstractQueuedSynchronizer.java:1763)&#10;        at app//org.eclipse.jetty.util.BlockingArrayQueue.poll(BlockingArrayQueue.java:382)&#10;        at app//org.eclipse.jetty.util.thread.QueuedThreadPool$Runner.idleJobPoll(QueuedThreadPool.java:974)&#10;        at app//org.eclipse.jetty.util.thread.QueuedThreadPool$Runner.run(QueuedThreadPool.java:1018)&#10;        at java.base@21.0.8/java.lang.Thread.runWith(Thread.java:1596)&#10;        at java.base@21.0.8/java.lang.Thread.run(Thread.java:1583)&#10;&quot;IPC Server handler 23 on default port 15003&quot; daemon prio=5 tid=244 timed_waiting&#10;java.lang.Thread.State: TIMED_WAITING&#10;        at java.base@21.0.8/jdk.internal.misc.Unsafe.park(Native Method)&#10;        at java.base@21.0.8/java.util.concurrent.locks.LockSupport.parkNanos(LockSupport.java:269)&#10;        at java.base@21.0.8/java.util.concurrent.locks.AbstractQueuedSynchronizer$ConditionObject.awaitNanos(AbstractQueuedSynchronizer.java:1763)&#10;        at java.base@21.0.8/java.util.concurrent.LinkedBlockingQueue.poll(LinkedBlockingQueue.java:460)&#10;        at app//org.apache.hadoop.ipc.CallQueueManager.take(CallQueueManager.java:370)&#10;        at app//org.apache.hadoop.ipc.Server$Handler.run(Server.java:3165)&#10;&quot;Socket Reader #1 for port 15001&quot; daemon prio=5 tid=521 runnable&#10;java.lang.Thread.State: RUNNABLE&#10;        at java.base@21.0.8/sun.nio.ch.EPoll.wait(Native Method)&#10;        at java.base@21.0.8/sun.nio.ch.EPollSelectorImpl.doSelect(EPollSelectorImpl.java:121)&#10;        at java.base@21.0.8/sun.nio.ch.SelectorImpl.lockAndDoSelect(SelectorImpl.java:130)&#10;        at java.base@21.0.8/sun.nio.ch.SelectorImpl.select(SelectorImpl.java:147)&#10;        at app//org.apache.hadoop.ipc.Server$Listener$Reader.doRunLoop(Server.java:1497)&#10;        at app//org.apache.hadoop.ipc.Server$Listener$Reader.run(Server.java:1476)&#10;&quot;d5ad88c2-6e7a-4660-bab6-a4e8807a575e-DatanodeStateMachineTaskThread-0&quot;  prio=5 tid=757 in Object.wait()&#10;java.lang.Thread.State: WAITING (on object monitor)&#10;        at java.base@21.0.8/jdk.internal.misc.Unsafe.park(Native Method)&#10;        at java.base@21.0.8/java.util.concurrent.locks.LockSupport.park(LockSupport.java:371)&#10;        at java.base@21.0.8/java.util.concurrent.locks.AbstractQueuedSynchronizer$ConditionNode.block(AbstractQueuedSynchronizer.java:519)&#10;        at java.base@21.0.8/java.util.concurrent.ForkJoinPool.unmanagedBlock(ForkJoinPool.java:3780)&#10;        at java.base@21.0.8/java.util.concurrent.ForkJoinPool.managedBlock(ForkJoinPool.java:3725)&#10;        at java.base@21.0.8/java.util.concurrent.locks.AbstractQueuedSynchronizer$ConditionObject.await(AbstractQueuedSynchronizer.java:1712)&#10;        at java.base@21.0.8/java.util.concurrent.LinkedBlockingQueue.take(LinkedBlockingQueue.java:435)&#10;        at java.base@21.0.8/java.util.concurrent.ThreadPoolExecutor.getTask(ThreadPoolExecutor.java:1070)&#10;        at java.base@21.0.8/java.util.concurrent.ThreadPoolExecutor.runWorker(ThreadPoolExecutor.java:1130)&#10;        at java.base@21.0.8/java.util.concurrent.ThreadPoolExecutor$Worker.run(ThreadPoolExecutor.java:642)&#10;        at java.base@21.0.8/java.lang.Thread.runWith(Thread.java:1596)&#10;        at java.base@21.0.8/java.lang.Thread.run(Thread.java:1583)&#10;&quot;IPC Server handler 18 on default port 15003&quot; daemon prio=5 tid=239 timed_waiting&#10;java.lang.Thread.State: TIMED_WAITING&#10;        at java.base@21.0.8/jdk.internal.misc.Unsafe.park(Native Method)&#10;        at java.base@21.0.8/java.util.concurrent.locks.LockSupport.parkNanos(LockSupport.java:269)&#10;        at java.base@21.0.8/java.util.concurrent.locks.AbstractQueuedSynchronizer$ConditionObject.awaitNanos(AbstractQueuedSynchronizer.java:1763)&#10;        at java.base@21.0.8/java.util.concurrent.LinkedBlockingQueue.poll(LinkedBlockingQueue.java:460)&#10;        at app//org.apache.hadoop.ipc.CallQueueManager.take(CallQueueManager.java:370)&#10;        at app//org.apache.hadoop.ipc.Server$Handler.run(Server.java:3165)&#10;&quot;Recon-FixedThreadPoolWithAffinityExecutor-9-0&quot; daemon prio=5 tid=543 timed_waiting&#10;java.lang.Thread.State: TIMED_WAITING&#10;        at java.base@21.0.8/jdk.internal.misc.Unsafe.park(Native Method)&#10;        at java.base@21.0.8/java.util.concurrent.locks.LockSupport.parkNanos(LockSupport.java:269)&#10;        at java.base@21.0.8/java.util.concurrent.locks.AbstractQueuedSynchronizer$ConditionObject.awaitNanos(AbstractQueuedSynchronizer.java:1763)&#10;        at java.base@21.0.8/java.util.concurrent.LinkedBlockingQueue.poll(LinkedBlockingQueue.java:460)&#10;        at app//org.apache.hadoop.hdds.scm.server.ContainerReportQueue.poll(ContainerReportQueue.java:269)&#10;        at app//org.apache.hadoop.hdds.scm.server.ContainerReportQueue.poll(ContainerReportQueue.java:42)&#10;        at app//org.apache.hadoop.hdds.server.events.FixedThreadPoolWithAffinityExecutor$ContainerReportProcessTask.run(FixedThreadPoolWithAffinityExecutor.java:228)&#10;        at java.base@21.0.8/java.util.concurrent.Executors$RunnableAdapter.call(Executors.java:572)&#10;        at java.base@21.0.8/java.util.concurrent.FutureTask.run(FutureTask.java:317)&#10;        at java.base@21.0.8/java.util.concurrent.ThreadPoolExecutor.runWorker(ThreadPoolExecutor.java:1144)&#10;        at java.base@21.0.8/java.util.concurrent.ThreadPoolExecutor$Worker.run(ThreadPoolExecutor.java:642)&#10;        at java.base@21.0.8/java.lang.Thread.runWith(Thread.java:1596)&#10;        at java.base@21.0.8/java.lang.Thread.run(Thread.java:1583)&#10;&quot;om1-DirectoryDeletingService#0&quot; daemon prio=5 tid=473 in Object.wait()&#10;java.lang.Thread.State: WAITING (on object monitor)&#10;        at java.base@21.0.8/jdk.internal.misc.Unsafe.park(Native Method)&#10;        at java.base@21.0.8/java.util.concurrent.locks.LockSupport.park(LockSupport.java:371)&#10;        at java.base@21.0.8/java.util.concurrent.locks.AbstractQueuedSynchronizer$ConditionNode.block(AbstractQueuedSynchronizer.java:519)&#10;        at java.base@21.0.8/java.util.concurrent.ForkJoinPool.unmanagedBlock(ForkJoinPool.java:3780)&#10;        at java.base@21.0.8/java.util.concurrent.ForkJoinPool.managedBlock(ForkJoinPool.java:3725)&#10;        at java.base@21.0.8/java.util.concurrent.locks.AbstractQueuedSynchronizer$ConditionObject.await(AbstractQueuedSynchronizer.java:1712)&#10;        at java.base@21.0.8/java.util.concurrent.ScheduledThreadPoolExecutor$DelayedWorkQueue.take(ScheduledThreadPoolExecutor.java:1177)&#10;        at java.base@21.0.8/java.util.concurrent.ScheduledThreadPoolExecutor$DelayedWorkQueue.take(ScheduledThreadPoolExecutor.java:899)&#10;        at java.base@21.0.8/java.util.concurrent.ThreadPoolExecutor.getTask(ThreadPoolExecutor.java:1070)&#10;        at java.base@21.0.8/java.util.concurrent.ThreadPoolExecutor.runWorker(ThreadPoolExecutor.java:1130)&#10;        at java.base@21.0.8/java.util.concurrent.ThreadPoolExecutor$Worker.run(ThreadPoolExecutor.java:642)&#10;        at java.base@21.0.8/java.lang.Thread.runWith(Thread.java:1596)&#10;        at java.base@21.0.8/java.lang.Thread.run(Thread.java:1583)&#10;&quot;IPC Server handler 27 on default port 15004&quot; daemon prio=5 tid=366 timed_waiting&#10;java.lang.Thread.State: TIMED_WAITING&#10;        at java.base@21.0.8/jdk.internal.misc.Unsafe.park(Native Method)&#10;        at java.base@21.0.8/java.util.concurrent.locks.LockSupport.parkNanos(LockSupport.java:269)&#10;        at java.base@21.0.8/java.util.concurrent.locks.AbstractQueuedSynchronizer$ConditionObject.awaitNanos(AbstractQueuedSynchronizer.java:1763)&#10;        at java.base@21.0.8/java.util.concurrent.LinkedBlockingQueue.poll(LinkedBlockingQueue.java:460)&#10;        at app//org.apache.hadoop.ipc.CallQueueManager.take(CallQueueManager.java:370)&#10;        at app//org.apache.hadoop.ipc.Server$Handler.run(Server.java:3165)&#10;&quot;d5ad88c2-6e7a-4660-bab6-a4e8807a575e-impl-thread1&quot; daemon prio=5 tid=715 timed_waiting&#10;java.lang.Thread.State: TIMED_WAITING&#10;        at java.base@21.0.8/jdk.internal.misc.Unsafe.park(Native Method)&#10;        at java.base@21.0.8/java.util.concurrent.locks.LockSupport.parkNanos(LockSupport.java:410)&#10;        at java.base@21.0.8/java.util.concurrent.LinkedTransferQueue$DualNode.await(LinkedTransferQueue.java:452)&#10;        at java.base@21.0.8/java.util.concurrent.SynchronousQueue$Transferer.xferLifo(SynchronousQueue.java:194)&#10;        at java.base@21.0.8/java.util.concurrent.SynchronousQueue.xfer(SynchronousQueue.java:235)&#10;        at java.base@21.0.8/java.util.concurrent.SynchronousQueue.poll(SynchronousQueue.java:338)&#10;        at java.base@21.0.8/java.util.concurrent.ThreadPoolExecutor.getTask(ThreadPoolExecutor.java:1069)&#10;        at java.base@21.0.8/java.util.concurrent.ThreadPoolExecutor.runWorker(ThreadPoolExecutor.java:1130)&#10;        at java.base@21.0.8/java.util.concurrent.ThreadPoolExecutor$Worker.run(ThreadPoolExecutor.java:642)&#10;        at java.base@21.0.8/java.lang.Thread.runWith(Thread.java:1596)&#10;        at java.base@21.0.8/java.lang.Thread.run(Thread.java:1583)&#10;&quot;0ed0910f-4ac9-4f62-be34-d90c51a3e6c9-PeriodicHDDSVolumeChecker&quot; daemon prio=5 tid=1010 timed_waiting&#10;java.lang.Thread.State: TIMED_WAITING&#10;        at java.base@21.0.8/jdk.internal.misc.Unsafe.park(Native Method)&#10;        at java.base@21.0.8/java.util.concurrent.locks.LockSupport.parkNanos(LockSupport.java:269)&#10;        at java.base@21.0.8/java.util.concurrent.locks.AbstractQueuedSynchronizer$ConditionObject.awaitNanos(AbstractQueuedSynchronizer.java:1763)&#10;        at java.base@21.0.8/java.util.concurrent.ScheduledThreadPoolExecutor$DelayedWorkQueue.take(ScheduledThreadPoolExecutor.java:1182)&#10;        at java.base@21.0.8/java.util.concurrent.ScheduledThreadPoolExecutor$DelayedWorkQueue.take(ScheduledThreadPoolExecutor.java:899)&#10;        at java.base@21.0.8/java.util.concurrent.ThreadPoolExecutor.getTask(ThreadPoolExecutor.java:1070)&#10;        at java.base@21.0.8/java.util.concurrent.ThreadPoolExecutor.runWorker(ThreadPoolExecutor.java:1130)&#10;        at java.base@21.0.8/java.util.concurrent.ThreadPoolExecutor$Worker.run(ThreadPoolExecutor.java:642)&#10;        at java.base@21.0.8/java.lang.Thread.runWith(Thread.java:1596)&#10;        at java.base@21.0.8/java.lang.Thread.run(Thread.java:1583)&#10;&quot;d5ad88c2-6e7a-4660-bab6-a4e8807a575e-ContainerReplicationThread-0&quot; daemon prio=5 tid=1323 in Object.wait()&#10;java.lang.Thread.State: WAITING (on object monitor)&#10;        at java.base@21.0.8/jdk.internal.misc.Unsafe.park(Native Method)&#10;        at java.base@21.0.8/java.util.concurrent.locks.LockSupport.park(LockSupport.java:371)&#10;        at java.base@21.0.8/java.util.concurrent.locks.AbstractQueuedSynchronizer$ConditionNode.block(AbstractQueuedSynchronizer.java:519)&#10;        at java.base@21.0.8/java.util.concurrent.ForkJoinPool.unmanagedBlock(ForkJoinPool.java:3780)&#10;        at java.base@21.0.8/java.util.concurrent.ForkJoinPool.managedBlock(ForkJoinPool.java:3725)&#10;        at java.base@21.0.8/java.util.concurrent.locks.AbstractQueuedSynchronizer$ConditionObject.await(AbstractQueuedSynchronizer.java:1712)&#10;        at java.base@21.0.8/java.util.concurrent.PriorityBlockingQueue.take(PriorityBlockingQueue.java:535)&#10;        at java.base@21.0.8/java.util.concurrent.ThreadPoolExecutor.getTask(ThreadPoolExecutor.java:1070)&#10;        at java.base@21.0.8/java.util.concurrent.ThreadPoolExecutor.runWorker(ThreadPoolExecutor.java:1130)&#10;        at java.base@21.0.8/java.util.concurrent.ThreadPoolExecutor$Worker.run(ThreadPoolExecutor.java:642)&#10;        at java.base@21.0.8/java.lang.Thread.runWith(Thread.java:1596)&#10;        at java.base@21.0.8/java.lang.Thread.run(Thread.java:1583)&#10;&quot;IPC Server handler 29 on default port 15001&quot; daemon prio=5 tid=587 timed_waiting&#10;java.lang.Thread.State: TIMED_WAITING&#10;        at java.base@21.0.8/jdk.internal.misc.Unsafe.park(Native Method)&#10;        at java.base@21.0.8/java.util.concurrent.locks.LockSupport.parkNanos(LockSupport.java:269)&#10;        at java.base@21.0.8/java.util.concurrent.locks.AbstractQueuedSynchronizer$ConditionObject.awaitNanos(AbstractQueuedSynchronizer.java:1763)&#10;        at java.base@21.0.8/java.util.concurrent.LinkedBlockingQueue.poll(LinkedBlockingQueue.java:460)&#10;        at app//org.apache.hadoop.ipc.CallQueueManager.take(CallQueueManager.java:370)&#10;        at app//org.apache.hadoop.ipc.Server$Handler.run(Server.java:3165)&#10;&quot;346684e1-b57f-4c29-9507-935dad45bd68-CommandProcessorThread&quot; daemon prio=5 tid=898 timed_waiting&#10;java.lang.Thread.State: TIMED_WAITING&#10;        at java.base@21.0.8/java.lang.Thread.sleep0(Native Method)&#10;        at java.base@21.0.8/java.lang.Thread.sleep(Thread.java:509)&#10;        at app//org.apache.hadoop.ozone.container.common.statemachine.DatanodeStateMachine.lambda$initCommandHandlerThread$4(DatanodeStateMachine.java:681)&#10;        at app//org.apache.hadoop.ozone.container.common.statemachine.DatanodeStateMachine$$Lambda/0x00007f18e8c9c828.run(Unknown Source)&#10;        at java.base@21.0.8/java.lang.Thread.runWith(Thread.java:1596)&#10;        at java.base@21.0.8/java.lang.Thread.run(Thread.java:1583)&#10;&quot;42a5f925-1bc2-4f8a-8509-c5ae65e6fcde-EndpointStateMachineTaskThread-/0.0.0.0:15004-0 &quot;  prio=5 tid=775 in Object.wait()&#10;java.lang.Thread.State: WAITING (on object monitor)&#10;        at java.base@21.0.8/jdk.internal.misc.Unsafe.park(Native Method)&#10;        at java.base@21.0.8/java.util.concurrent.locks.LockSupport.park(LockSupport.java:371)&#10;        at java.base@21.0.8/java.util.concurrent.locks.AbstractQueuedSynchronizer$ConditionNode.block(AbstractQueuedSynchronizer.java:519)&#10;        at java.base@21.0.8/java.util.concurrent.ForkJoinPool.unmanagedBlock(ForkJoinPool.java:3780)&#10;        at java.base@21.0.8/java.util.concurrent.ForkJoinPool.managedBlock(ForkJoinPool.java:3725)&#10;        at java.base@21.0.8/java.util.concurrent.locks.AbstractQueuedSynchronizer$ConditionObject.await(AbstractQueuedSynchronizer.java:1712)&#10;        at java.base@21.0.8/java.util.concurrent.LinkedBlockingQueue.take(LinkedBlockingQueue.java:435)&#10;        at java.base@21.0.8/java.util.concurrent.ThreadPoolExecutor.getTask(ThreadPoolExecutor.java:1070)&#10;        at java.base@21.0.8/java.util.concurrent.ThreadPoolExecutor.runWorker(ThreadPoolExecutor.java:1130)&#10;        at java.base@21.0.8/java.util.concurrent.ThreadPoolExecutor$Worker.run(ThreadPoolExecutor.java:642)&#10;        at java.base@21.0.8/java.lang.Thread.runWith(Thread.java:1596)&#10;        at java.base@21.0.8/java.lang.Thread.run(Thread.java:1583)&#10;&quot;0ed0910f-4ac9-4f62-be34-d90c51a3e6c9-DatanodeReportManager-3&quot; daemon prio=5 tid=976 in Object.wait()&#10;java.lang.Thread.State: WAITING (on object monitor)&#10;        at java.base@21.0.8/jdk.internal.misc.Unsafe.park(Native Method)&#10;        at java.base@21.0.8/java.util.concurrent.locks.LockSupport.park(LockSupport.java:371)&#10;        at java.base@21.0.8/java.util.concurrent.locks.AbstractQueuedSynchronizer$ConditionNode.block(AbstractQueuedSynchronizer.java:519)&#10;        at java.base@21.0.8/java.util.concurrent.ForkJoinPool.unmanagedBlock(ForkJoinPool.java:3780)&#10;        at java.base@21.0.8/java.util.concurrent.ForkJoinPool.managedBlock(ForkJoinPool.java:3725)&#10;        at java.base@21.0.8/java.util.concurrent.locks.AbstractQueuedSynchronizer$ConditionObject.await(AbstractQueuedSynchronizer.java:1712)&#10;        at java.base@21.0.8/java.util.concurrent.ScheduledThreadPoolExecutor$DelayedWorkQueue.take(ScheduledThreadPoolExecutor.java:1177)&#10;        at java.base@21.0.8/java.util.concurrent.ScheduledThreadPoolExecutor$DelayedWorkQueue.take(ScheduledThreadPoolExecutor.java:899)&#10;        at java.base@21.0.8/java.util.concurrent.ThreadPoolExecutor.getTask(ThreadPoolExecutor.java:1070)&#10;        at java.base@21.0.8/java.util.concurrent.ThreadPoolExecutor.runWorker(ThreadPoolExecutor.java:1130)&#10;        at java.base@21.0.8/java.util.concurrent.ThreadPoolExecutor$Worker.run(ThreadPoolExecutor.java:642)&#10;        at java.base@21.0.8/java.lang.Thread.runWith(Thread.java:1596)&#10;        at java.base@21.0.8/java.lang.Thread.run(Thread.java:1583)&#10;&quot;IPC Server handler 90 on default port 15004&quot; daemon prio=5 tid=429 timed_waiting&#10;java.lang.Thread.State: TIMED_WAITING&#10;        at java.base@21.0.8/jdk.internal.misc.Unsafe.park(Native Method)&#10;        at java.base@21.0.8/java.util.concurrent.locks.LockSupport.parkNanos(LockSupport.java:269)&#10;        at java.base@21.0.8/java.util.concurrent.locks.AbstractQueuedSynchronizer$ConditionObject.awaitNanos(AbstractQueuedSynchronizer.java:1763)&#10;        at java.base@21.0.8/java.util.concurrent.LinkedBlockingQueue.poll(LinkedBlockingQueue.java:460)&#10;        at app//org.apache.hadoop.ipc.CallQueueManager.take(CallQueueManager.java:370)&#10;        at app//org.apache.hadoop.ipc.Server$Handler.run(Server.java:3165)&#10;&quot;IPC Server handler 9 on default port 15021&quot; daemon prio=5 tid=750 timed_waiting&#10;java.lang.Thread.State: TIMED_WAITING&#10;        at java.base@21.0.8/jdk.internal.misc.Unsafe.park(Native Method)&#10;        at java.base@21.0.8/java.util.concurrent.locks.LockSupport.parkNanos(LockSupport.java:269)&#10;        at java.base@21.0.8/java.util.concurrent.locks.AbstractQueuedSynchronizer$ConditionObject.awaitNanos(AbstractQueuedSynchronizer.java:1763)&#10;        at java.base@21.0.8/java.util.concurrent.LinkedBlockingQueue.poll(LinkedBlockingQueue.java:460)&#10;        at app//org.apache.hadoop.ipc.CallQueueManager.take(CallQueueManager.java:370)&#10;        at app//org.apache.hadoop.ipc.Server$Handler.run(Server.java:3165)&#10;&quot;StaleRecoveringContainerScrubbingService#1&quot; daemon prio=5 tid=1002 timed_waiting&#10;java.lang.Thread.State: TIMED_WAITING&#10;        at java.base@21.0.8/jdk.internal.misc.Unsafe.park(Native Method)&#10;        at java.base@21.0.8/java.util.concurrent.locks.LockSupport.parkNanos(LockSupport.java:269)&#10;        at java.base@21.0.8/java.util.concurrent.locks.AbstractQueuedSynchronizer$ConditionObject.awaitNanos(AbstractQueuedSynchronizer.java:1763)&#10;        at java.base@21.0.8/java.util.concurrent.ScheduledThreadPoolExecutor$DelayedWorkQueue.take(ScheduledThreadPoolExecutor.java:1182)&#10;        at java.base@21.0.8/java.util.concurrent.ScheduledThreadPoolExecutor$DelayedWorkQueue.take(ScheduledThreadPoolExecutor.java:899)&#10;        at java.base@21.0.8/java.util.concurrent.ThreadPoolExecutor.getTask(ThreadPoolExecutor.java:1070)&#10;        at java.base@21.0.8/java.util.concurrent.ThreadPoolExecutor.runWorker(ThreadPoolExecutor.java:1130)&#10;        at java.base@21.0.8/java.util.concurrent.ThreadPoolExecutor$Worker.run(ThreadPoolExecutor.java:642)&#10;        at java.base@21.0.8/java.lang.Thread.runWith(Thread.java:1596)&#10;        at java.base@21.0.8/java.lang.Thread.run(Thread.java:1583)&#10;&quot;Socket Reader #7 for port 15003&quot; daemon prio=5 tid=83 runnable&#10;java.lang.Thread.State: RUNNABLE&#10;        at java.base@21.0.8/sun.nio.ch.EPoll.wait(Native Method)&#10;        at java.base@21.0.8/sun.nio.ch.EPollSelectorImpl.doSelect(EPollSelectorImpl.java:121)&#10;        at java.base@21.0.8/sun.nio.ch.SelectorImpl.lockAndDoSelect(SelectorImpl.java:130)&#10;        at java.base@21.0.8/sun.nio.ch.SelectorImpl.select(SelectorImpl.java:147)&#10;        at app//org.apache.hadoop.ipc.Server$Listener$Reader.doRunLoop(Server.java:1497)&#10;        at app//org.apache.hadoop.ipc.Server$Listener$Reader.run(Server.java:1476)&#10;&quot;0ed0910f-4ac9-4f62-be34-d90c51a3e6c9-DatanodeReportManager-2&quot; daemon prio=5 tid=975 in Object.wait()&#10;java.lang.Thread.State: WAITING (on object monitor)&#10;        at java.base@21.0.8/jdk.internal.misc.Unsafe.park(Native Method)&#10;        at java.base@21.0.8/java.util.concurrent.locks.LockSupport.park(LockSupport.java:371)&#10;        at java.base@21.0.8/java.util.concurrent.locks.AbstractQueuedSynchronizer$ConditionNode.block(AbstractQueuedSynchronizer.java:519)&#10;        at java.base@21.0.8/java.util.concurrent.ForkJoinPool.unmanagedBlock(ForkJoinPool.java:3780)&#10;        at java.base@21.0.8/java.util.concurrent.ForkJoinPool.managedBlock(ForkJoinPool.java:3725)&#10;        at java.base@21.0.8/java.util.concurrent.locks.AbstractQueuedSynchronizer$ConditionObject.await(AbstractQueuedSynchronizer.java:1712)&#10;        at java.base@21.0.8/java.util.concurrent.ScheduledThreadPoolExecutor$DelayedWorkQueue.take(ScheduledThreadPoolExecutor.java:1177)&#10;        at java.base@21.0.8/java.util.concurrent.ScheduledThreadPoolExecutor$DelayedWorkQueue.take(ScheduledThreadPoolExecutor.java:899)&#10;        at java.base@21.0.8/java.util.concurrent.ThreadPoolExecutor.getTask(ThreadPoolExecutor.java:1070)&#10;        at java.base@21.0.8/java.util.concurrent.ThreadPoolExecutor.runWorker(ThreadPoolExecutor.java:1130)&#10;        at java.base@21.0.8/java.util.concurrent.ThreadPoolExecutor$Worker.run(ThreadPoolExecutor.java:642)&#10;        at java.base@21.0.8/java.lang.Thread.runWith(Thread.java:1596)&#10;        at java.base@21.0.8/java.lang.Thread.run(Thread.java:1583)&#10;&quot;StaleRecoveringContainerScrubbingService#0&quot; daemon prio=5 tid=1027 timed_waiting&#10;java.lang.Thread.State: TIMED_WAITING&#10;        at java.base@21.0.8/jdk.internal.misc.Unsafe.park(Native Method)&#10;        at java.base@21.0.8/java.util.concurrent.locks.LockSupport.parkNanos(LockSupport.java:269)&#10;        at java.base@21.0.8/java.util.concurrent.locks.AbstractQueuedSynchronizer$ConditionObject.awaitNanos(AbstractQueuedSynchronizer.java:1763)&#10;        at java.base@21.0.8/java.util.concurrent.ScheduledThreadPoolExecutor$DelayedWorkQueue.take(ScheduledThreadPoolExecutor.java:1182)&#10;        at java.base@21.0.8/java.util.concurrent.ScheduledThreadPoolExecutor$DelayedWorkQueue.take(ScheduledThreadPoolExecutor.java:899)&#10;        at java.base@21.0.8/java.util.concurrent.ThreadPoolExecutor.getTask(ThreadPoolExecutor.java:1070)&#10;        at java.base@21.0.8/java.util.concurrent.ThreadPoolExecutor.runWorker(ThreadPoolExecutor.java:1130)&#10;        at java.base@21.0.8/java.util.concurrent.ThreadPoolExecutor$Worker.run(ThreadPoolExecutor.java:642)&#10;        at java.base@21.0.8/java.lang.Thread.runWith(Thread.java:1596)&#10;        at java.base@21.0.8/java.lang.Thread.run(Thread.java:1583)&#10;&quot;grpc-default-executor-3&quot; daemon prio=5 tid=1117 timed_waiting&#10;java.lang.Thread.State: TIMED_WAITING&#10;        at java.base@21.0.8/jdk.internal.misc.Unsafe.park(Native Method)&#10;        at java.base@21.0.8/java.util.concurrent.locks.LockSupport.parkNanos(LockSupport.java:410)&#10;        at java.base@21.0.8/java.util.concurrent.LinkedTransferQueue$DualNode.await(LinkedTransferQueue.java:452)&#10;        at java.base@21.0.8/java.util.concurrent.SynchronousQueue$Transferer.xferLifo(SynchronousQueue.java:194)&#10;        at java.base@21.0.8/java.util.concurrent.SynchronousQueue.xfer(SynchronousQueue.java:235)&#10;        at java.base@21.0.8/java.util.concurrent.SynchronousQueue.poll(SynchronousQueue.java:338)&#10;        at java.base@21.0.8/java.util.concurrent.ThreadPoolExecutor.getTask(ThreadPoolExecutor.java:1069)&#10;        at java.base@21.0.8/java.util.concurrent.ThreadPoolExecutor.runWorker(ThreadPoolExecutor.java:1130)&#10;        at java.base@21.0.8/java.util.concurrent.ThreadPoolExecutor$Worker.run(ThreadPoolExecutor.java:642)&#10;        at java.base@21.0.8/java.lang.Thread.runWith(Thread.java:1596)&#10;        at java.base@21.0.8/java.lang.Thread.run(Thread.java:1583)&#10;&quot;Socket Reader #5 for port 15003&quot; daemon prio=5 tid=81 runnable&#10;java.lang.Thread.State: RUNNABLE&#10;        at java.base@21.0.8/sun.nio.ch.EPoll.wait(Native Method)&#10;        at java.base@21.0.8/sun.nio.ch.EPollSelectorImpl.doSelect(EPollSelectorImpl.java:121)&#10;        at java.base@21.0.8/sun.nio.ch.SelectorImpl.lockAndDoSelect(SelectorImpl.java:130)&#10;        at java.base@21.0.8/sun.nio.ch.SelectorImpl.select(SelectorImpl.java:147)&#10;        at app//org.apache.hadoop.ipc.Server$Listener$Reader.doRunLoop(Server.java:1497)&#10;        at app//org.apache.hadoop.ipc.Server$Listener$Reader.run(Server.java:1476)&#10;&quot;prometheus&quot; daemon prio=5 tid=333 in Object.wait()&#10;java.lang.Thread.State: WAITING (on object monitor)&#10;        at java.base@21.0.8/java.lang.Object.wait0(Native Method)&#10;        at java.base@21.0.8/java.lang.Object.wait(Object.java:366)&#10;        at java.base@21.0.8/java.lang.Object.wait(Object.java:339)&#10;        at app//org.apache.hadoop.metrics2.impl.SinkQueue.waitForData(SinkQueue.java:114)&#10;        at app//org.apache.hadoop.metrics2.impl.SinkQueue.consumeAll(SinkQueue.java:83)&#10;        at app//org.apache.hadoop.metrics2.impl.MetricsSinkAdapter.publishMetricsFromQueue(MetricsSinkAdapter.java:135)&#10;        at app//org.apache.hadoop.metrics2.impl.MetricsSinkAdapter$1.run(MetricsSinkAdapter.java:89)&#10;&quot;qtp391903823-546-acceptor-0@61de8969-ServerConnector@313f5fe8{HTTP/1.1, (http/1.1)}{0.0.0.0:15000}&quot; daemon prio=3 tid=546 runnable&#10;java.lang.Thread.State: RUNNABLE&#10;        at java.base@21.0.8/sun.nio.ch.Net.accept(Native Method)&#10;        at java.base@21.0.8/sun.nio.ch.ServerSocketChannelImpl.implAccept(ServerSocketChannelImpl.java:433)&#10;        at java.base@21.0.8/sun.nio.ch.ServerSocketChannelImpl.accept(ServerSocketChannelImpl.java:399)&#10;        at app//org.eclipse.jetty.server.ServerConnector.accept(ServerConnector.java:388)&#10;        at app//org.eclipse.jetty.server.AbstractConnector$Acceptor.run(AbstractConnector.java:704)&#10;        at app//org.eclipse.jetty.util.thread.QueuedThreadPool.runJob(QueuedThreadPool.java:883)&#10;        at app//org.eclipse.jetty.util.thread.QueuedThreadPool$Runner.run(QueuedThreadPool.java:1034)&#10;        at java.base@21.0.8/java.lang.Thread.runWith(Thread.java:1596)&#10;        at java.base@21.0.8/java.lang.Thread.run(Thread.java:1583)&#10;&quot;Socket Reader #10 for port 15001&quot; daemon prio=5 tid=530 runnable&#10;java.lang.Thread.State: RUNNABLE&#10;        at java.base@21.0.8/sun.nio.ch.EPoll.wait(Native Method)&#10;        at java.base@21.0.8/sun.nio.ch.EPollSelectorImpl.doSelect(EPollSelectorImpl.java:121)&#10;        at java.base@21.0.8/sun.nio.ch.SelectorImpl.lockAndDoSelect(SelectorImpl.java:130)&#10;        at java.base@21.0.8/sun.nio.ch.SelectorImpl.select(SelectorImpl.java:147)&#10;        at app//org.apache.hadoop.ipc.Server$Listener$Reader.doRunLoop(Server.java:1497)&#10;        at app//org.apache.hadoop.ipc.Server$Listener$Reader.run(Server.java:1476)&#10;&quot;IPC Server handler 90 on default port 15001&quot; daemon prio=5 tid=648 timed_waiting&#10;java.lang.Thread.State: TIMED_WAITING&#10;        at java.base@21.0.8/jdk.internal.misc.Unsafe.park(Native Method)&#10;        at java.base@21.0.8/java.util.concurrent.locks.LockSupport.parkNanos(LockSupport.java:269)&#10;        at java.base@21.0.8/java.util.concurrent.locks.AbstractQueuedSynchronizer$ConditionObject.awaitNanos(AbstractQueuedSynchronizer.java:1763)&#10;        at java.base@21.0.8/java.util.concurrent.LinkedBlockingQueue.poll(LinkedBlockingQueue.java:460)&#10;        at app//org.apache.hadoop.ipc.CallQueueManager.take(CallQueueManager.java:370)&#10;        at app//org.apache.hadoop.ipc.Server$Handler.run(Server.java:3165)&#10;&quot;IPC Server idle connection scanner for port 15021&quot; daemon prio=5 tid=738 timed_waiting&#10;java.lang.Thread.State: TIMED_WAITING&#10;        at java.base@21.0.8/java.lang.Object.wait0(Native Method)&#10;        at java.base@21.0.8/java.lang.Object.wait(Object.java:366)&#10;        at java.base@21.0.8/java.util.TimerThread.mainLoop(Timer.java:563)&#10;        at java.base@21.0.8/java.util.TimerThread.run(Timer.java:516)&#10;&quot;IPC Server handler 31 on default port 15001&quot; daemon prio=5 tid=589 timed_waiting&#10;java.lang.Thread.State: TIMED_WAITING&#10;        at java.base@21.0.8/jdk.internal.misc.Unsafe.park(Native Method)&#10;        at java.base@21.0.8/java.util.concurrent.locks.LockSupport.parkNanos(LockSupport.java:269)&#10;        at java.base@21.0.8/java.util.concurrent.locks.AbstractQueuedSynchronizer$ConditionObject.awaitNanos(AbstractQueuedSynchronizer.java:1763)&#10;        at java.base@21.0.8/java.util.concurrent.LinkedBlockingQueue.poll(LinkedBlockingQueue.java:460)&#10;        at app//org.apache.hadoop.ipc.CallQueueManager.take(CallQueueManager.java:370)&#10;        at app//org.apache.hadoop.ipc.Server$Handler.run(Server.java:3165)&#10;&quot;IPC Server handler 87 on default port 15004&quot; daemon prio=5 tid=426 timed_waiting&#10;java.lang.Thread.State: TIMED_WAITING&#10;        at java.base@21.0.8/jdk.internal.misc.Unsafe.park(Native Method)&#10;        at java.base@21.0.8/java.util.concurrent.locks.LockSupport.parkNanos(LockSupport.java:269)&#10;        at java.base@21.0.8/java.util.concurrent.locks.AbstractQueuedSynchronizer$ConditionObject.awaitNanos(AbstractQueuedSynchronizer.java:1763)&#10;        at java.base@21.0.8/java.util.concurrent.LinkedBlockingQueue.poll(LinkedBlockingQueue.java:460)&#10;        at app//org.apache.hadoop.ipc.CallQueueManager.take(CallQueueManager.java:370)&#10;        at app//org.apache.hadoop.ipc.Server$Handler.run(Server.java:3165)&#10;&quot;qtp1760296638-819-acceptor-0@7805b4da-ServerConnector@9b5ca7c{HTTP/1.1, (http/1.1)}{0.0.0.0:15036}&quot; daemon prio=3 tid=819 runnable&#10;java.lang.Thread.State: RUNNABLE&#10;        at java.base@21.0.8/sun.nio.ch.Net.accept(Native Method)&#10;        at java.base@21.0.8/sun.nio.ch.ServerSocketChannelImpl.implAccept(ServerSocketChannelImpl.java:433)&#10;        at java.base@21.0.8/sun.nio.ch.ServerSocketChannelImpl.accept(ServerSocketChannelImpl.java:399)&#10;        at app//org.eclipse.jetty.server.ServerConnector.accept(ServerConnector.java:388)&#10;        at app//org.eclipse.jetty.server.AbstractConnector$Acceptor.run(AbstractConnector.java:704)&#10;        at app//org.eclipse.jetty.util.thread.QueuedThreadPool.runJob(QueuedThreadPool.java:883)&#10;        at app//org.eclipse.jetty.util.thread.QueuedThreadPool$Runner.run(QueuedThreadPool.java:1034)&#10;        at java.base@21.0.8/java.lang.Thread.runWith(Thread.java:1596)&#10;        at java.base@21.0.8/java.lang.Thread.run(Thread.java:1583)&#10;&quot;grpc-default-boss-ELG-1-1&quot; daemon prio=5 tid=45 runnable&#10;java.lang.Thread.State: RUNNABLE&#10;        at app//org.apache.ratis.thirdparty.io.netty.channel.epoll.Native.epollWait(Native Method)&#10;        at app//org.apache.ratis.thirdparty.io.netty.channel.epoll.Native.epollWait(Native.java:220)&#10;        at app//org.apache.ratis.thirdparty.io.netty.channel.epoll.Native.epollWait(Native.java:213)&#10;        at app//org.apache.ratis.thirdparty.io.netty.channel.epoll.EpollEventLoop.epollWaitNoTimerChange(EpollEventLoop.java:308)&#10;        at app//org.apache.ratis.thirdparty.io.netty.channel.epoll.EpollEventLoop.run(EpollEventLoop.java:365)&#10;        at app//org.apache.ratis.thirdparty.io.netty.util.concurrent.SingleThreadEventExecutor$4.run(SingleThreadEventExecutor.java:998)&#10;        at app//org.apache.ratis.thirdparty.io.netty.util.internal.ThreadExecutorMap$2.run(ThreadExecutorMap.java:74)&#10;        at app//org.apache.ratis.thirdparty.io.netty.util.concurrent.FastThreadLocalRunnable.run(FastThreadLocalRunnable.java:30)&#10;        at java.base@21.0.8/java.lang.Thread.runWith(Thread.java:1596)&#10;        at java.base@21.0.8/java.lang.Thread.run(Thread.java:1583)&#10;&quot;IPC Server handler 93 on default port 15004&quot; daemon prio=5 tid=432 timed_waiting&#10;java.lang.Thread.State: TIMED_WAITING&#10;        at java.base@21.0.8/jdk.internal.misc.Unsafe.park(Native Method)&#10;        at java.base@21.0.8/java.util.concurrent.locks.LockSupport.parkNanos(LockSupport.java:269)&#10;        at java.base@21.0.8/java.util.concurrent.locks.AbstractQueuedSynchronizer$ConditionObject.awaitNanos(AbstractQueuedSynchronizer.java:1763)&#10;        at java.base@21.0.8/java.util.concurrent.LinkedBlockingQueue.poll(LinkedBlockingQueue.java:460)&#10;        at app//org.apache.hadoop.ipc.CallQueueManager.take(CallQueueManager.java:370)&#10;        at app//org.apache.hadoop.ipc.Server$Handler.run(Server.java:3165)&#10;&quot;IPC Server handler 81 on default port 15002&quot; daemon prio=5 tid=202 timed_waiting&#10;java.lang.Thread.State: TIMED_WAITING&#10;        at java.base@21.0.8/jdk.internal.misc.Unsafe.park(Native Method)&#10;        at java.base@21.0.8/java.util.concurrent.locks.LockSupport.parkNanos(LockSupport.java:269)&#10;        at java.base@21.0.8/java.util.concurrent.locks.AbstractQueuedSynchronizer$ConditionObject.awaitNanos(AbstractQueuedSynchronizer.java:1763)&#10;        at java.base@21.0.8/java.util.concurrent.LinkedBlockingQueue.poll(LinkedBlockingQueue.java:460)&#10;        at app//org.apache.hadoop.ipc.CallQueueManager.take(CallQueueManager.java:370)&#10;        at app//org.apache.hadoop.ipc.Server$Handler.run(Server.java:3165)&#10;&quot;IPC Server handler 9 on default port 15004&quot; daemon prio=5 tid=348 timed_waiting&#10;java.lang.Thread.State: TIMED_WAITING&#10;        at java.base@21.0.8/jdk.internal.misc.Unsafe.park(Native Method)&#10;        at java.base@21.0.8/java.util.concurrent.locks.LockSupport.parkNanos(LockSupport.java:269)&#10;        at java.base@21.0.8/java.util.concurrent.locks.AbstractQueuedSynchronizer$ConditionObject.awaitNanos(AbstractQueuedSynchronizer.java:1763)&#10;        at java.base@21.0.8/java.util.concurrent.LinkedBlockingQueue.poll(LinkedBlockingQueue.java:460)&#10;        at app//org.apache.hadoop.ipc.CallQueueManager.take(CallQueueManager.java:370)&#10;        at app//org.apache.hadoop.ipc.Server$Handler.run(Server.java:3165)&#10;&quot;346684e1-b57f-4c29-9507-935dad45bd68-ReplicationContainerReader-0&quot; daemon prio=5 tid=1324 in Object.wait()&#10;java.lang.Thread.State: WAITING (on object monitor)&#10;        at java.base@21.0.8/jdk.internal.misc.Unsafe.park(Native Method)&#10;        at java.base@21.0.8/java.util.concurrent.locks.LockSupport.park(LockSupport.java:371)&#10;        at java.base@21.0.8/java.util.concurrent.locks.AbstractQueuedSynchronizer$ConditionNode.block(AbstractQueuedSynchronizer.java:519)&#10;        at java.base@21.0.8/java.util.concurrent.ForkJoinPool.unmanagedBlock(ForkJoinPool.java:3780)&#10;        at java.base@21.0.8/java.util.concurrent.ForkJoinPool.managedBlock(ForkJoinPool.java:3725)&#10;        at java.base@21.0.8/java.util.concurrent.locks.AbstractQueuedSynchronizer$ConditionObject.await(AbstractQueuedSynchronizer.java:1712)&#10;        at java.base@21.0.8/java.util.concurrent.LinkedBlockingQueue.take(LinkedBlockingQueue.java:435)&#10;        at java.base@21.0.8/java.util.concurrent.ThreadPoolExecutor.getTask(ThreadPoolExecutor.java:1070)&#10;        at java.base@21.0.8/java.util.concurrent.ThreadPoolExecutor.runWorker(ThreadPoolExecutor.java:1130)&#10;        at java.base@21.0.8/java.util.concurrent.ThreadPoolExecutor$Worker.run(ThreadPoolExecutor.java:642)&#10;        at java.base@21.0.8/java.lang.Thread.runWith(Thread.java:1596)&#10;        at java.base@21.0.8/java.lang.Thread.run(Thread.java:1583)&#10;&quot;Socket Reader #2 for port 15004&quot; daemon prio=5 tid=64 runnable&#10;java.lang.Thread.State: RUNNABLE&#10;        at java.base@21.0.8/sun.nio.ch.EPoll.wait(Native Method)&#10;        at java.base@21.0.8/sun.nio.ch.EPollSelectorImpl.doSelect(EPollSelectorImpl.java:121)&#10;        at java.base@21.0.8/sun.nio.ch.SelectorImpl.lockAndDoSelect(SelectorImpl.java:130)&#10;        at java.base@21.0.8/sun.nio.ch.SelectorImpl.select(SelectorImpl.java:147)&#10;        at app//org.apache.hadoop.ipc.Server$Listener$Reader.doRunLoop(Server.java:1497)&#10;        at app//org.apache.hadoop.ipc.Server$Listener$Reader.run(Server.java:1476)&#10;&quot;IPC Server handler 5 on default port 15001&quot; daemon prio=5 tid=563 timed_waiting&#10;java.lang.Thread.State: TIMED_WAITING&#10;        at java.base@21.0.8/jdk.internal.misc.Unsafe.park(Native Method)&#10;        at java.base@21.0.8/java.util.concurrent.locks.LockSupport.parkNanos(LockSupport.java:269)&#10;        at java.base@21.0.8/java.util.concurrent.locks.AbstractQueuedSynchronizer$ConditionObject.awaitNanos(AbstractQueuedSynchronizer.java:1763)&#10;        at java.base@21.0.8/java.util.concurrent.LinkedBlockingQueue.poll(LinkedBlockingQueue.java:460)&#10;        at app//org.apache.hadoop.ipc.CallQueueManager.take(CallQueueManager.java:370)&#10;        at app//org.apache.hadoop.ipc.Server$Handler.run(Server.java:3165)&#10;&quot;IPC Server handler 5 on default port 15002&quot; daemon prio=5 tid=126 timed_waiting&#10;java.lang.Thread.State: TIMED_WAITING&#10;        at java.base@21.0.8/jdk.internal.misc.Unsafe.park(Native Method)&#10;        at java.base@21.0.8/java.util.concurrent.locks.LockSupport.parkNanos(LockSupport.java:269)&#10;        at java.base@21.0.8/java.util.concurrent.locks.AbstractQueuedSynchronizer$ConditionObject.awaitNanos(AbstractQueuedSynchronizer.java:1763)&#10;        at java.base@21.0.8/java.util.concurrent.LinkedBlockingQueue.poll(LinkedBlockingQueue.java:460)&#10;        at app//org.apache.hadoop.ipc.CallQueueManager.take(CallQueueManager.java:370)&#10;        at app//org.apache.hadoop.ipc.Server$Handler.run(Server.java:3165)&#10;&quot;IPC Server handler 81 on default port 15003&quot; daemon prio=5 tid=302 timed_waiting&#10;java.lang.Thread.State: TIMED_WAITING&#10;        at java.base@21.0.8/jdk.internal.misc.Unsafe.park(Native Method)&#10;        at java.base@21.0.8/java.util.concurrent.locks.LockSupport.parkNanos(LockSupport.java:269)&#10;        at java.base@21.0.8/java.util.concurrent.locks.AbstractQueuedSynchronizer$ConditionObject.awaitNanos(AbstractQueuedSynchronizer.java:1763)&#10;        at java.base@21.0.8/java.util.concurrent.LinkedBlockingQueue.poll(LinkedBlockingQueue.java:460)&#10;        at app//org.apache.hadoop.ipc.CallQueueManager.take(CallQueueManager.java:370)&#10;        at app//org.apache.hadoop.ipc.Server$Handler.run(Server.java:3165)&#10;&quot;IPC Server handler 26 on default port 15003&quot; daemon prio=5 tid=247 timed_waiting&#10;java.lang.Thread.State: TIMED_WAITING&#10;        at java.base@21.0.8/jdk.internal.misc.Unsafe.park(Native Method)&#10;        at java.base@21.0.8/java.util.concurrent.locks.LockSupport.parkNanos(LockSupport.java:269)&#10;        at java.base@21.0.8/java.util.concurrent.locks.AbstractQueuedSynchronizer$ConditionObject.awaitNanos(AbstractQueuedSynchronizer.java:1763)&#10;        at java.base@21.0.8/java.util.concurrent.LinkedBlockingQueue.poll(LinkedBlockingQueue.java:460)&#10;        at app//org.apache.hadoop.ipc.CallQueueManager.take(CallQueueManager.java:370)&#10;        at app//org.apache.hadoop.ipc.Server$Handler.run(Server.java:3165)&#10;&quot;IPC Server handler 10 on default port 15008&quot; daemon prio=5 tid=502 timed_waiting&#10;java.lang.Thread.State: TIMED_WAITING&#10;        at java.base@21.0.8/jdk.internal.misc.Unsafe.park(Native Method)&#10;        at java.base@21.0.8/java.util.concurrent.locks.LockSupport.parkNanos(LockSupport.java:269)&#10;        at java.base@21.0.8/java.util.concurrent.locks.AbstractQueuedSynchronizer$ConditionObject.awaitNanos(AbstractQueuedSynchronizer.java:1763)&#10;        at java.base@21.0.8/java.util.concurrent.LinkedBlockingQueue.poll(LinkedBlockingQueue.java:460)&#10;        at app//org.apache.hadoop.ipc.CallQueueManager.take(CallQueueManager.java:370)&#10;        at app//org.apache.hadoop.ipc.Server$Handler.run(Server.java:3165)&#10;&quot;IPC Server handler 46 on default port 15002&quot; daemon prio=5 tid=167 timed_waiting&#10;java.lang.Thread.State: TIMED_WAITING&#10;        at java.base@21.0.8/jdk.internal.misc.Unsafe.park(Native Method)&#10;        at java.base@21.0.8/java.util.concurrent.locks.LockSupport.parkNanos(LockSupport.java:269)&#10;        at java.base@21.0.8/java.util.concurrent.locks.AbstractQueuedSynchronizer$ConditionObject.awaitNanos(AbstractQueuedSynchronizer.java:1763)&#10;        at java.base@21.0.8/java.util.concurrent.LinkedBlockingQueue.poll(LinkedBlockingQueue.java:460)&#10;        at app//org.apache.hadoop.ipc.CallQueueManager.take(CallQueueManager.java:370)&#10;        at app//org.apache.hadoop.ipc.Server$Handler.run(Server.java:3165)&#10;&quot;deletedTable_PartialTableCache-Cleanup-0&quot; daemon prio=5 tid=1148 in Object.wait()&#10;java.lang.Thread.State: WAITING (on object monitor)&#10;        at java.base@21.0.8/jdk.internal.misc.Unsafe.park(Native Method)&#10;        at java.base@21.0.8/java.util.concurrent.locks.LockSupport.park(LockSupport.java:371)&#10;        at java.base@21.0.8/java.util.concurrent.locks.AbstractQueuedSynchronizer$ConditionNode.block(AbstractQueuedSynchronizer.java:519)&#10;        at java.base@21.0.8/java.util.concurrent.ForkJoinPool.unmanagedBlock(ForkJoinPool.java:3780)&#10;        at java.base@21.0.8/java.util.concurrent.ForkJoinPool.managedBlock(ForkJoinPool.java:3725)&#10;        at java.base@21.0.8/java.util.concurrent.locks.AbstractQueuedSynchronizer$ConditionObject.await(AbstractQueuedSynchronizer.java:1712)&#10;        at java.base@21.0.8/java.util.concurrent.LinkedBlockingQueue.take(LinkedBlockingQueue.java:435)&#10;        at java.base@21.0.8/java.util.concurrent.ThreadPoolExecutor.getTask(ThreadPoolExecutor.java:1070)&#10;        at java.base@21.0.8/java.util.concurrent.ThreadPoolExecutor.runWorker(ThreadPoolExecutor.java:1130)&#10;        at java.base@21.0.8/java.util.concurrent.ThreadPoolExecutor$Worker.run(ThreadPoolExecutor.java:642)&#10;        at java.base@21.0.8/java.lang.Thread.runWith(Thread.java:1596)&#10;        at java.base@21.0.8/java.lang.Thread.run(Thread.java:1583)&#10;&quot;IPC Server handler 76 on default port 15003&quot; daemon prio=5 tid=297 timed_waiting&#10;java.lang.Thread.State: TIMED_WAITING&#10;        at java.base@21.0.8/jdk.internal.misc.Unsafe.park(Native Method)&#10;        at java.base@21.0.8/java.util.concurrent.locks.LockSupport.parkNanos(LockSupport.java:269)&#10;        at java.base@21.0.8/java.util.concurrent.locks.AbstractQueuedSynchronizer$ConditionObject.awaitNanos(AbstractQueuedSynchronizer.java:1763)&#10;        at java.base@21.0.8/java.util.concurrent.LinkedBlockingQueue.poll(LinkedBlockingQueue.java:460)&#10;        at app//org.apache.hadoop.ipc.CallQueueManager.take(CallQueueManager.java:370)&#10;        at app//org.apache.hadoop.ipc.Server$Handler.run(Server.java:3165)&#10;&quot;IPC Server handler 17 on default port 15004&quot; daemon prio=5 tid=356 timed_waiting&#10;java.lang.Thread.State: TIMED_WAITING&#10;        at java.base@21.0.8/jdk.internal.misc.Unsafe.park(Native Method)&#10;        at java.base@21.0.8/java.util.concurrent.locks.LockSupport.parkNanos(LockSupport.java:269)&#10;        at java.base@21.0.8/java.util.concurrent.locks.AbstractQueuedSynchronizer$ConditionObject.awaitNanos(AbstractQueuedSynchronizer.java:1763)&#10;        at java.base@21.0.8/java.util.concurrent.LinkedBlockingQueue.poll(LinkedBlockingQueue.java:460)&#10;        at app//org.apache.hadoop.ipc.CallQueueManager.take(CallQueueManager.java:370)&#10;        at app//org.apache.hadoop.ipc.Server$Handler.run(Server.java:3165)&#10;&quot;EventQueue-StaleNodeForStaleNodeHandler&quot; daemon prio=5 tid=1289 in Object.wait()&#10;java.lang.Thread.State: WAITING (on object monitor)&#10;        at java.base@21.0.8/jdk.internal.misc.Unsafe.park(Native Method)&#10;        at java.base@21.0.8/java.util.concurrent.locks.LockSupport.park(LockSupport.java:371)&#10;        at java.base@21.0.8/java.util.concurrent.locks.AbstractQueuedSynchronizer$ConditionNode.block(AbstractQueuedSynchronizer.java:519)&#10;        at java.base@21.0.8/java.util.concurrent.ForkJoinPool.unmanagedBlock(ForkJoinPool.java:3780)&#10;        at java.base@21.0.8/java.util.concurrent.ForkJoinPool.managedBlock(ForkJoinPool.java:3725)&#10;        at java.base@21.0.8/java.util.concurrent.locks.AbstractQueuedSynchronizer$ConditionObject.await(AbstractQueuedSynchronizer.java:1712)&#10;        at java.base@21.0.8/java.util.concurrent.LinkedBlockingQueue.take(LinkedBlockingQueue.java:435)&#10;        at java.base@21.0.8/java.util.concurrent.ThreadPoolExecutor.getTask(ThreadPoolExecutor.java:1070)&#10;        at java.base@21.0.8/java.util.concurrent.ThreadPoolExecutor.runWorker(ThreadPoolExecutor.java:1130)&#10;        at java.base@21.0.8/java.util.concurrent.ThreadPoolExecutor$Worker.run(ThreadPoolExecutor.java:642)&#10;        at java.base@21.0.8/java.lang.Thread.runWith(Thread.java:1596)&#10;        at java.base@21.0.8/java.lang.Thread.run(Thread.java:1583)&#10;&quot;IPC Server handler 59 on default port 15004&quot; daemon prio=5 tid=398 timed_waiting&#10;java.lang.Thread.State: TIMED_WAITING&#10;        at java.base@21.0.8/jdk.internal.misc.Unsafe.park(Native Method)&#10;        at java.base@21.0.8/java.util.concurrent.locks.LockSupport.parkNanos(LockSupport.java:269)&#10;        at java.base@21.0.8/java.util.concurrent.locks.AbstractQueuedSynchronizer$ConditionObject.awaitNanos(AbstractQueuedSynchronizer.java:1763)&#10;        at java.base@21.0.8/java.util.concurrent.LinkedBlockingQueue.poll(LinkedBlockingQueue.java:460)&#10;        at app//org.apache.hadoop.ipc.CallQueueManager.take(CallQueueManager.java:370)&#10;        at app//org.apache.hadoop.ipc.Server$Handler.run(Server.java:3165)&#10;&quot;IPC Server handler 41 on default port 15003&quot; daemon prio=5 tid=262 timed_waiting&#10;java.lang.Thread.State: TIMED_WAITING&#10;        at java.base@21.0.8/jdk.internal.misc.Unsafe.park(Native Method)&#10;        at java.base@21.0.8/java.util.concurrent.locks.LockSupport.parkNanos(LockSupport.java:269)&#10;        at java.base@21.0.8/java.util.concurrent.locks.AbstractQueuedSynchronizer$ConditionObject.awaitNanos(AbstractQueuedSynchronizer.java:1763)&#10;        at java.base@21.0.8/java.util.concurrent.LinkedBlockingQueue.poll(LinkedBlockingQueue.java:460)&#10;        at app//org.apache.hadoop.ipc.CallQueueManager.take(CallQueueManager.java:370)&#10;        at app//org.apache.hadoop.ipc.Server$Handler.run(Server.java:3165)&#10;&quot;Socket Reader #5 for port 15008&quot; daemon prio=5 tid=454 runnable&#10;java.lang.Thread.State: RUNNABLE&#10;        at java.base@21.0.8/sun.nio.ch.EPoll.wait(Native Method)&#10;        at java.base@21.0.8/sun.nio.ch.EPollSelectorImpl.doSelect(EPollSelectorImpl.java:121)&#10;        at java.base@21.0.8/sun.nio.ch.SelectorImpl.lockAndDoSelect(SelectorImpl.java:130)&#10;        at java.base@21.0.8/sun.nio.ch.SelectorImpl.select(SelectorImpl.java:147)&#10;        at app//org.apache.hadoop.ipc.Server$Listener$Reader.doRunLoop(Server.java:1497)&#10;        at app//org.apache.hadoop.ipc.Server$Listener$Reader.run(Server.java:1476)&#10;&quot;om1-SnapshotDiffCleanupService#0&quot; daemon prio=5 tid=444 timed_waiting&#10;java.lang.Thread.State: TIMED_WAITING&#10;        at java.base@21.0.8/jdk.internal.misc.Unsafe.park(Native Method)&#10;        at java.base@21.0.8/java.util.concurrent.locks.LockSupport.parkNanos(LockSupport.java:269)&#10;        at java.base@21.0.8/java.util.concurrent.locks.AbstractQueuedSynchronizer$ConditionObject.awaitNanos(AbstractQueuedSynchronizer.java:1763)&#10;        at java.base@21.0.8/java.util.concurrent.ScheduledThreadPoolExecutor$DelayedWorkQueue.take(ScheduledThreadPoolExecutor.java:1182)&#10;        at java.base@21.0.8/java.util.concurrent.ScheduledThreadPoolExecutor$DelayedWorkQueue.take(ScheduledThreadPoolExecutor.java:899)&#10;        at java.base@21.0.8/java.util.concurrent.ThreadPoolExecutor.getTask(ThreadPoolExecutor.java:1070)&#10;        at java.base@21.0.8/java.util.concurrent.ThreadPoolExecutor.runWorker(ThreadPoolExecutor.java:1130)&#10;        at java.base@21.0.8/java.util.concurrent.ThreadPoolExecutor$Worker.run(ThreadPoolExecutor.java:642)&#10;        at java.base@21.0.8/java.lang.Thread.runWith(Thread.java:1596)&#10;        at java.base@21.0.8/java.lang.Thread.run(Thread.java:1583)&#10;&quot;IPC Server handler 89 on default port 15003&quot; daemon prio=5 tid=310 timed_waiting&#10;java.lang.Thread.State: TIMED_WAITING&#10;        at java.base@21.0.8/jdk.internal.misc.Unsafe.park(Native Method)&#10;        at java.base@21.0.8/java.util.concurrent.locks.LockSupport.parkNanos(LockSupport.java:269)&#10;        at java.base@21.0.8/java.util.concurrent.locks.AbstractQueuedSynchronizer$ConditionObject.awaitNanos(AbstractQueuedSynchronizer.java:1763)&#10;        at java.base@21.0.8/java.util.concurrent.LinkedBlockingQueue.poll(LinkedBlockingQueue.java:460)&#10;        at app//org.apache.hadoop.ipc.CallQueueManager.take(CallQueueManager.java:370)&#10;        at app//org.apache.hadoop.ipc.Server$Handler.run(Server.java:3165)&#10;&quot;Recon-EventQueue-DatanodeCommandForReconNodeManager&quot; daemon prio=5 tid=1288 in Object.wait()&#10;java.lang.Thread.State: WAITING (on object monitor)&#10;        at java.base@21.0.8/jdk.internal.misc.Unsafe.park(Native Method)&#10;        at java.base@21.0.8/java.util.concurrent.locks.LockSupport.park(LockSupport.java:371)&#10;        at java.base@21.0.8/java.util.concurrent.locks.AbstractQueuedSynchronizer$ConditionNode.block(AbstractQueuedSynchronizer.java:519)&#10;        at java.base@21.0.8/java.util.concurrent.ForkJoinPool.unmanagedBlock(ForkJoinPool.java:3780)&#10;        at java.base@21.0.8/java.util.concurrent.ForkJoinPool.managedBlock(ForkJoinPool.java:3725)&#10;        at java.base@21.0.8/java.util.concurrent.locks.AbstractQueuedSynchronizer$ConditionObject.await(AbstractQueuedSynchronizer.java:1712)&#10;        at java.base@21.0.8/java.util.concurrent.LinkedBlockingQueue.take(LinkedBlockingQueue.java:435)&#10;        at java.base@21.0.8/java.util.concurrent.ThreadPoolExecutor.getTask(ThreadPoolExecutor.java:1070)&#10;        at java.base@21.0.8/java.util.concurrent.ThreadPoolExecutor.runWorker(ThreadPoolExecutor.java:1130)&#10;        at java.base@21.0.8/java.util.concurrent.ThreadPoolExecutor$Worker.run(ThreadPoolExecutor.java:642)&#10;        at java.base@21.0.8/java.lang.Thread.runWith(Thread.java:1596)&#10;        at java.base@21.0.8/java.lang.Thread.run(Thread.java:1583)&#10;&quot;om1-SnapshotDeletingService#0&quot; daemon prio=5 tid=480 timed_waiting&#10;java.lang.Thread.State: TIMED_WAITING&#10;        at java.base@21.0.8/jdk.internal.misc.Unsafe.park(Native Method)&#10;        at java.base@21.0.8/java.util.concurrent.locks.LockSupport.parkNanos(LockSupport.java:269)&#10;        at java.base@21.0.8/java.util.concurrent.locks.AbstractQueuedSynchronizer$ConditionObject.awaitNanos(AbstractQueuedSynchronizer.java:1763)&#10;        at java.base@21.0.8/java.util.concurrent.ScheduledThreadPoolExecutor$DelayedWorkQueue.take(ScheduledThreadPoolExecutor.java:1182)&#10;        at java.base@21.0.8/java.util.concurrent.ScheduledThreadPoolExecutor$DelayedWorkQueue.take(ScheduledThreadPoolExecutor.java:899)&#10;        at java.base@21.0.8/java.util.concurrent.ThreadPoolExecutor.getTask(ThreadPoolExecutor.java:1070)&#10;        at java.base@21.0.8/java.util.concurrent.ThreadPoolExecutor.runWorker(ThreadPoolExecutor.java:1130)&#10;        at java.base@21.0.8/java.util.concurrent.ThreadPoolExecutor$Worker.run(ThreadPoolExecutor.java:642)&#10;        at java.base@21.0.8/java.lang.Thread.runWith(Thread.java:1596)&#10;        at java.base@21.0.8/java.lang.Thread.run(Thread.java:1583)&#10;&quot;IPC Server handler 80 on default port 15002&quot; daemon prio=5 tid=201 timed_waiting&#10;java.lang.Thread.State: TIMED_WAITING&#10;        at java.base@21.0.8/jdk.internal.misc.Unsafe.park(Native Method)&#10;        at java.base@21.0.8/java.util.concurrent.locks.LockSupport.parkNanos(LockSupport.java:269)&#10;        at java.base@21.0.8/java.util.concurrent.locks.AbstractQueuedSynchronizer$ConditionObject.awaitNanos(AbstractQueuedSynchronizer.java:1763)&#10;        at java.base@21.0.8/java.util.concurrent.LinkedBlockingQueue.poll(LinkedBlockingQueue.java:460)&#10;        at app//org.apache.hadoop.ipc.CallQueueManager.take(CallQueueManager.java:370)&#10;        at app//org.apache.hadoop.ipc.Server$Handler.run(Server.java:3165)&#10;&quot;Socket Reader #2 for port 15037&quot; daemon prio=5 tid=871 runnable&#10;java.lang.Thread.State: RUNNABLE&#10;        at java.base@21.0.8/sun.nio.ch.EPoll.wait(Native Method)&#10;        at java.base@21.0.8/sun.nio.ch.EPollSelectorImpl.doSelect(EPollSelectorImpl.java:121)&#10;        at java.base@21.0.8/sun.nio.ch.SelectorImpl.lockAndDoSelect(SelectorImpl.java:130)&#10;        at java.base@21.0.8/sun.nio.ch.SelectorImpl.select(SelectorImpl.java:147)&#10;        at app//org.apache.hadoop.ipc.Server$Listener$Reader.doRunLoop(Server.java:1497)&#10;        at app//org.apache.hadoop.ipc.Server$Listener$Reader.run(Server.java:1476)&#10;&quot;IPC Server handler 19 on default port 15001&quot; daemon prio=5 tid=577 timed_waiting&#10;java.lang.Thread.State: TIMED_WAITING&#10;        at java.base@21.0.8/jdk.internal.misc.Unsafe.park(Native Method)&#10;        at java.base@21.0.8/java.util.concurrent.locks.LockSupport.parkNanos(LockSupport.java:269)&#10;        at java.base@21.0.8/java.util.concurrent.locks.AbstractQueuedSynchronizer$ConditionObject.awaitNanos(AbstractQueuedSynchronizer.java:1763)&#10;        at java.base@21.0.8/java.util.concurrent.LinkedBlockingQueue.poll(LinkedBlockingQueue.java:460)&#10;        at app//org.apache.hadoop.ipc.CallQueueManager.take(CallQueueManager.java:370)&#10;        at app//org.apache.hadoop.ipc.Server$Handler.run(Server.java:3165)&#10;&quot;00aa5afb-d218-4771-abd7-db0247b9d23b-groupManagement&quot; daemon prio=5 tid=53 in Object.wait()&#10;java.lang.Thread.State: WAITING (on object monitor)&#10;        at java.base@21.0.8/jdk.internal.misc.Unsafe.park(Native Method)&#10;        at java.base@21.0.8/java.util.concurrent.locks.LockSupport.park(LockSupport.java:371)&#10;        at java.base@21.0.8/java.util.concurrent.locks.AbstractQueuedSynchronizer$ConditionNode.block(AbstractQueuedSynchronizer.java:519)&#10;        at java.base@21.0.8/java.util.concurrent.ForkJoinPool.unmanagedBlock(ForkJoinPool.java:3780)&#10;        at java.base@21.0.8/java.util.concurrent.ForkJoinPool.managedBlock(ForkJoinPool.java:3725)&#10;        at java.base@21.0.8/java.util.concurrent.locks.AbstractQueuedSynchronizer$ConditionObject.await(AbstractQueuedSynchronizer.java:1712)&#10;        at java.base@21.0.8/java.util.concurrent.LinkedBlockingQueue.take(LinkedBlockingQueue.java:435)&#10;        at java.base@21.0.8/java.util.concurrent.ThreadPoolExecutor.getTask(ThreadPoolExecutor.java:1070)&#10;        at java.base@21.0.8/java.util.concurrent.ThreadPoolExecutor.runWorker(ThreadPoolExecutor.java:1130)&#10;        at java.base@21.0.8/java.util.concurrent.ThreadPoolExecutor$Worker.run(ThreadPoolExecutor.java:642)&#10;        at java.base@21.0.8/java.lang.Thread.runWith(Thread.java:1596)&#10;        at java.base@21.0.8/java.lang.Thread.run(Thread.java:1583)&#10;&quot;qtp1685778567-673&quot; daemon prio=5 tid=673 runnable&#10;java.lang.Thread.State: RUNNABLE&#10;        at java.base@21.0.8/sun.nio.ch.EPoll.wait(Native Method)&#10;        at java.base@21.0.8/sun.nio.ch.EPollSelectorImpl.doSelect(EPollSelectorImpl.java:121)&#10;        at java.base@21.0.8/sun.nio.ch.SelectorImpl.lockAndDoSelect(SelectorImpl.java:130)&#10;        at java.base@21.0.8/sun.nio.ch.SelectorImpl.select(SelectorImpl.java:147)&#10;        at app//org.eclipse.jetty.io.ManagedSelector.nioSelect(ManagedSelector.java:183)&#10;        at app//org.eclipse.jetty.io.ManagedSelector.select(ManagedSelector.java:190)&#10;        at app//org.eclipse.jetty.io.ManagedSelector$SelectorProducer.select(ManagedSelector.java:606)&#10;        at app//org.eclipse.jetty.io.ManagedSelector$SelectorProducer.produce(ManagedSelector.java:543)&#10;        at app//org.eclipse.jetty.util.thread.strategy.EatWhatYouKill.produceTask(EatWhatYouKill.java:362)&#10;        at app//org.eclipse.jetty.util.thread.strategy.EatWhatYouKill.doProduce(EatWhatYouKill.java:186)&#10;        at app//org.eclipse.jetty.util.thread.strategy.EatWhatYouKill.tryProduce(EatWhatYouKill.java:173)&#10;        at app//org.eclipse.jetty.util.thread.strategy.EatWhatYouKill.produce(EatWhatYouKill.java:137)&#10;        at app//org.eclipse.jetty.io.ManagedSelector$$Lambda/0x00007f18e86c6408.run(Unknown Source)&#10;        at app//org.eclipse.jetty.util.thread.QueuedThreadPool.runJob(QueuedThreadPool.java:883)&#10;        at app//org.eclipse.jetty.util.thread.QueuedThreadPool$Runner.run(QueuedThreadPool.java:1034)&#10;        at java.base@21.0.8/java.lang.Thread.runWith(Thread.java:1596)&#10;        at java.base@21.0.8/java.lang.Thread.run(Thread.java:1583)&#10;&quot;d5ad88c2-6e7a-4660-bab6-a4e8807a575e-PeriodicHDDSVolumeChecker&quot; daemon prio=5 tid=850 timed_waiting&#10;java.lang.Thread.State: TIMED_WAITING&#10;        at java.base@21.0.8/jdk.internal.misc.Unsafe.park(Native Method)&#10;        at java.base@21.0.8/java.util.concurrent.locks.LockSupport.parkNanos(LockSupport.java:269)&#10;        at java.base@21.0.8/java.util.concurrent.locks.AbstractQueuedSynchronizer$ConditionObject.awaitNanos(AbstractQueuedSynchronizer.java:1763)&#10;        at java.base@21.0.8/java.util.concurrent.ScheduledThreadPoolExecutor$DelayedWorkQueue.take(ScheduledThreadPoolExecutor.java:1182)&#10;        at java.base@21.0.8/java.util.concurrent.ScheduledThreadPoolExecutor$DelayedWorkQueue.take(ScheduledThreadPoolExecutor.java:899)&#10;        at java.base@21.0.8/java.util.concurrent.ThreadPoolExecutor.getTask(ThreadPoolExecutor.java:1070)&#10;        at java.base@21.0.8/java.util.concurrent.ThreadPoolExecutor.runWorker(ThreadPoolExecutor.java:1130)&#10;        at java.base@21.0.8/java.util.concurrent.ThreadPoolExecutor$Worker.run(ThreadPoolExecutor.java:642)&#10;        at java.base@21.0.8/java.lang.Thread.runWith(Thread.java:1596)&#10;        at java.base@21.0.8/java.lang.Thread.run(Thread.java:1583)&#10;&quot;SSL Certificates Store Monitor&quot; daemon prio=5 tid=1375 in Object.wait()&#10;java.lang.Thread.State: WAITING (on object monitor)&#10;        at java.base@21.0.8/java.lang.Object.wait0(Native Method)&#10;        at java.base@21.0.8/java.lang.Object.wait(Object.java:366)&#10;        at java.base@21.0.8/java.lang.Object.wait(Object.java:339)&#10;        at java.base@21.0.8/java.util.TimerThread.mainLoop(Timer.java:537)&#10;        at java.base@21.0.8/java.util.TimerThread.run(Timer.java:516)&#10;&quot;Socket Reader #9 for port 15004&quot; daemon prio=5 tid=71 runnable&#10;java.lang.Thread.State: RUNNABLE&#10;        at java.base@21.0.8/sun.nio.ch.EPoll.wait(Native Method)&#10;        at java.base@21.0.8/sun.nio.ch.EPollSelectorImpl.doSelect(EPollSelectorImpl.java:121)&#10;        at java.base@21.0.8/sun.nio.ch.SelectorImpl.lockAndDoSelect(SelectorImpl.java:130)&#10;        at java.base@21.0.8/sun.nio.ch.SelectorImpl.select(SelectorImpl.java:147)&#10;        at app//org.apache.hadoop.ipc.Server$Listener$Reader.doRunLoop(Server.java:1497)&#10;        at app//org.apache.hadoop.ipc.Server$Listener$Reader.run(Server.java:1476)&#10;&quot;Timer-0&quot;  prio=5 tid=468 timed_waiting&#10;java.lang.Thread.State: TIMED_WAITING&#10;        at java.base@21.0.8/java.lang.Object.wait0(Native Method)&#10;        at java.base@21.0.8/java.lang.Object.wait(Object.java:366)&#10;        at java.base@21.0.8/java.util.TimerThread.mainLoop(Timer.java:563)&#10;        at java.base@21.0.8/java.util.TimerThread.run(Timer.java:516)&#10;&quot;IPC Server handler 46 on default port 15003&quot; daemon prio=5 tid=267 timed_waiting&#10;java.lang.Thread.State: TIMED_WAITING&#10;        at java.base@21.0.8/jdk.internal.misc.Unsafe.park(Native Method)&#10;        at java.base@21.0.8/java.util.concurrent.locks.LockSupport.parkNanos(LockSupport.java:269)&#10;        at java.base@21.0.8/java.util.concurrent.locks.AbstractQueuedSynchronizer$ConditionObject.awaitNanos(AbstractQueuedSynchronizer.java:1763)&#10;        at java.base@21.0.8/java.util.concurrent.LinkedBlockingQueue.poll(LinkedBlockingQueue.java:460)&#10;        at app//org.apache.hadoop.ipc.CallQueueManager.take(CallQueueManager.java:370)&#10;        at app//org.apache.hadoop.ipc.Server$Handler.run(Server.java:3165)&#10;&quot;IPC Server handler 58 on default port 15004&quot; daemon prio=5 tid=397 timed_waiting&#10;java.lang.Thread.State: TIMED_WAITING&#10;        at java.base@21.0.8/jdk.internal.misc.Unsafe.park(Native Method)&#10;        at java.base@21.0.8/java.util.concurrent.locks.LockSupport.parkNanos(LockSupport.java:269)&#10;        at java.base@21.0.8/java.util.concurrent.locks.AbstractQueuedSynchronizer$ConditionObject.awaitNanos(AbstractQueuedSynchronizer.java:1763)&#10;        at java.base@21.0.8/java.util.concurrent.LinkedBlockingQueue.poll(LinkedBlockingQueue.java:460)&#10;        at app//org.apache.hadoop.ipc.CallQueueManager.take(CallQueueManager.java:370)&#10;        at app//org.apache.hadoop.ipc.Server$Handler.run(Server.java:3165)&#10;&quot;IPC Server handler 2 on default port 15008&quot; daemon prio=5 tid=494 timed_waiting&#10;java.lang.Thread.State: TIMED_WAITING&#10;        at java.base@21.0.8/jdk.internal.misc.Unsafe.park(Native Method)&#10;        at java.base@21.0.8/java.util.concurrent.locks.LockSupport.parkNanos(LockSupport.java:269)&#10;        at java.base@21.0.8/java.util.concurrent.locks.AbstractQueuedSynchronizer$ConditionObject.awaitNanos(AbstractQueuedSynchronizer.java:1763)&#10;        at java.base@21.0.8/java.util.concurrent.LinkedBlockingQueue.poll(LinkedBlockingQueue.java:460)&#10;        at app//org.apache.hadoop.ipc.CallQueueManager.take(CallQueueManager.java:370)&#10;        at app//org.apache.hadoop.ipc.Server$Handler.run(Server.java:3165)&#10;&quot;Socket Reader #9 for port 15002&quot; daemon prio=5 tid=99 runnable&#10;java.lang.Thread.State: RUNNABLE&#10;        at java.base@21.0.8/sun.nio.ch.EPoll.wait(Native Method)&#10;        at java.base@21.0.8/sun.nio.ch.EPollSelectorImpl.doSelect(EPollSelectorImpl.java:121)&#10;        at java.base@21.0.8/sun.nio.ch.SelectorImpl.lockAndDoSelect(SelectorImpl.java:130)&#10;        at java.base@21.0.8/sun.nio.ch.SelectorImpl.select(SelectorImpl.java:147)&#10;        at app//org.apache.hadoop.ipc.Server$Listener$Reader.doRunLoop(Server.java:1497)&#10;        at app//org.apache.hadoop.ipc.Server$Listener$Reader.run(Server.java:1476)&#10;&quot;Socket Reader #1 for port 15003&quot; daemon prio=5 tid=77 runnable&#10;java.lang.Thread.State: RUNNABLE&#10;        at java.base@21.0.8/sun.nio.ch.EPoll.wait(Native Method)&#10;        at java.base@21.0.8/sun.nio.ch.EPollSelectorImpl.doSelect(EPollSelectorImpl.java:121)&#10;        at java.base@21.0.8/sun.nio.ch.SelectorImpl.lockAndDoSelect(SelectorImpl.java:130)&#10;        at java.base@21.0.8/sun.nio.ch.SelectorImpl.select(SelectorImpl.java:147)&#10;        at app//org.apache.hadoop.ipc.Server$Listener$Reader.doRunLoop(Server.java:1497)&#10;        at app//org.apache.hadoop.ipc.Server$Listener$Reader.run(Server.java:1476)&#10;&quot;IPC Server handler 39 on default port 15002&quot; daemon prio=5 tid=160 timed_waiting&#10;java.lang.Thread.State: TIMED_WAITING&#10;        at java.base@21.0.8/jdk.internal.misc.Unsafe.park(Native Method)&#10;        at java.base@21.0.8/java.util.concurrent.locks.LockSupport.parkNanos(LockSupport.java:269)&#10;        at java.base@21.0.8/java.util.concurrent.locks.AbstractQueuedSynchronizer$ConditionObject.awaitNanos(AbstractQueuedSynchronizer.java:1763)&#10;        at java.base@21.0.8/java.util.concurrent.LinkedBlockingQueue.poll(LinkedBlockingQueue.java:460)&#10;        at app//org.apache.hadoop.ipc.CallQueueManager.take(CallQueueManager.java:370)&#10;        at app//org.apache.hadoop.ipc.Server$Handler.run(Server.java:3165)&#10;&quot;IPC Server handler 71 on default port 15003&quot; daemon prio=5 tid=292 timed_waiting&#10;java.lang.Thread.State: TIMED_WAITING&#10;        at java.base@21.0.8/jdk.internal.misc.Unsafe.park(Native Method)&#10;        at java.base@21.0.8/java.util.concurrent.locks.LockSupport.parkNanos(LockSupport.java:269)&#10;        at java.base@21.0.8/java.util.concurrent.locks.AbstractQueuedSynchronizer$ConditionObject.awaitNanos(AbstractQueuedSynchronizer.java:1763)&#10;        at java.base@21.0.8/java.util.concurrent.LinkedBlockingQueue.poll(LinkedBlockingQueue.java:460)&#10;        at app//org.apache.hadoop.ipc.CallQueueManager.take(CallQueueManager.java:370)&#10;        at app//org.apache.hadoop.ipc.Server$Handler.run(Server.java:3165)&#10;&quot;IPC Client (1164532897) connection to 0.0.0.0/0.0.0.0:15002 from runner&quot; daemon prio=5 tid=1369 timed_waiting&#10;java.lang.Thread.State: TIMED_WAITING&#10;        at java.base@21.0.8/java.lang.Object.wait0(Native Method)&#10;        at java.base@21.0.8/java.lang.Object.wait(Object.java:366)&#10;        at app//org.apache.hadoop.ipc.Client$Connection.waitForWork(Client.java:1042)&#10;        at app//org.apache.hadoop.ipc.Client$Connection.run(Client.java:1093)&#10;&quot;IPC Server handler 33 on default port 15002&quot; daemon prio=5 tid=154 timed_waiting&#10;java.lang.Thread.State: TIMED_WAITING&#10;        at java.base@21.0.8/jdk.internal.misc.Unsafe.park(Native Method)&#10;        at java.base@21.0.8/java.util.concurrent.locks.LockSupport.parkNanos(LockSupport.java:269)&#10;        at java.base@21.0.8/java.util.concurrent.locks.AbstractQueuedSynchronizer$ConditionObject.awaitNanos(AbstractQueuedSynchronizer.java:1763)&#10;        at java.base@21.0.8/java.util.concurrent.LinkedBlockingQueue.poll(LinkedBlockingQueue.java:460)&#10;        at app//org.apache.hadoop.ipc.CallQueueManager.take(CallQueueManager.java:370)&#10;        at app//org.apache.hadoop.ipc.Server$Handler.run(Server.java:3165)&#10;&quot;Recon-FixedThreadPoolWithAffinityExecutor-2-0&quot; daemon prio=5 tid=536 timed_waiting&#10;java.lang.Thread.State: TIMED_WAITING&#10;        at java.base@21.0.8/jdk.internal.misc.Unsafe.park(Native Method)&#10;        at java.base@21.0.8/java.util.concurrent.locks.LockSupport.parkNanos(LockSupport.java:269)&#10;        at java.base@21.0.8/java.util.concurrent.locks.AbstractQueuedSynchronizer$ConditionObject.awaitNanos(AbstractQueuedSynchronizer.java:1763)&#10;        at java.base@21.0.8/java.util.concurrent.LinkedBlockingQueue.poll(LinkedBlockingQueue.java:460)&#10;        at app//org.apache.hadoop.hdds.scm.server.ContainerReportQueue.poll(ContainerReportQueue.java:269)&#10;        at app//org.apache.hadoop.hdds.scm.server.ContainerReportQueue.poll(ContainerReportQueue.java:42)&#10;        at app//org.apache.hadoop.hdds.server.events.FixedThreadPoolWithAffinityExecutor$ContainerReportProcessTask.run(FixedThreadPoolWithAffinityExecutor.java:228)&#10;        at java.base@21.0.8/java.util.concurrent.Executors$RunnableAdapter.call(Executors.java:572)&#10;        at java.base@21.0.8/java.util.concurrent.FutureTask.run(FutureTask.java:317)&#10;        at java.base@21.0.8/java.util.concurrent.ThreadPoolExecutor.runWorker(ThreadPoolExecutor.java:1144)&#10;        at java.base@21.0.8/java.util.concurrent.ThreadPoolExecutor$Worker.run(ThreadPoolExecutor.java:642)&#10;        at java.base@21.0.8/java.lang.Thread.runWith(Thread.java:1596)&#10;        at java.base@21.0.8/java.lang.Thread.run(Thread.java:1583)&#10;&quot;IPC Server handler 61 on default port 15002&quot; daemon prio=5 tid=182 timed_waiting&#10;java.lang.Thread.State: TIMED_WAITING&#10;        at java.base@21.0.8/jdk.internal.misc.Unsafe.park(Native Method)&#10;        at java.base@21.0.8/java.util.concurrent.locks.LockSupport.parkNanos(LockSupport.java:269)&#10;        at java.base@21.0.8/java.util.concurrent.locks.AbstractQueuedSynchronizer$ConditionObject.awaitNanos(AbstractQueuedSynchronizer.java:1763)&#10;        at java.base@21.0.8/java.util.concurrent.LinkedBlockingQueue.poll(LinkedBlockingQueue.java:460)&#10;        at app//org.apache.hadoop.ipc.CallQueueManager.take(CallQueueManager.java:370)&#10;        at app//org.apache.hadoop.ipc.Server$Handler.run(Server.java:3165)&#10;&quot;qtp1553533936-487&quot; daemon prio=5 tid=487 runnable&#10;java.lang.Thread.State: RUNNABLE&#10;        at java.base@21.0.8/sun.nio.ch.EPoll.wait(Native Method)&#10;        at java.base@21.0.8/sun.nio.ch.EPollSelectorImpl.doSelect(EPollSelectorImpl.java:121)&#10;        at java.base@21.0.8/sun.nio.ch.SelectorImpl.lockAndDoSelect(SelectorImpl.java:130)&#10;        at java.base@21.0.8/sun.nio.ch.SelectorImpl.select(SelectorImpl.java:147)&#10;        at app//org.eclipse.jetty.io.ManagedSelector.nioSelect(ManagedSelector.java:183)&#10;        at app//org.eclipse.jetty.io.ManagedSelector.select(ManagedSelector.java:190)&#10;        at app//org.eclipse.jetty.io.ManagedSelector$SelectorProducer.select(ManagedSelector.java:606)&#10;        at app//org.eclipse.jetty.io.ManagedSelector$SelectorProducer.produce(ManagedSelector.java:543)&#10;        at app//org.eclipse.jetty.util.thread.strategy.EatWhatYouKill.produceTask(EatWhatYouKill.java:362)&#10;        at app//org.eclipse.jetty.util.thread.strategy.EatWhatYouKill.doProduce(EatWhatYouKill.java:186)&#10;        at app//org.eclipse.jetty.util.thread.strategy.EatWhatYouKill.tryProduce(EatWhatYouKill.java:173)&#10;        at app//org.eclipse.jetty.util.thread.strategy.EatWhatYouKill.run(EatWhatYouKill.java:131)&#10;        at app//org.eclipse.jetty.util.thread.ReservedThreadExecutor$ReservedThread.run(ReservedThreadExecutor.java:409)&#10;        at app//org.eclipse.jetty.util.thread.QueuedThreadPool.runJob(QueuedThreadPool.java:883)&#10;        at app//org.eclipse.jetty.util.thread.QueuedThreadPool$Runner.run(QueuedThreadPool.java:1034)&#10;        at java.base@21.0.8/java.lang.Thread.runWith(Thread.java:1596)&#10;        at java.base@21.0.8/java.lang.Thread.run(Thread.java:1583)&#10;&quot;IPC Server handler 34 on default port 15003&quot; daemon prio=5 tid=255 timed_waiting&#10;java.lang.Thread.State: TIMED_WAITING&#10;        at java.base@21.0.8/jdk.internal.misc.Unsafe.park(Native Method)&#10;        at java.base@21.0.8/java.util.concurrent.locks.LockSupport.parkNanos(LockSupport.java:269)&#10;        at java.base@21.0.8/java.util.concurrent.locks.AbstractQueuedSynchronizer$ConditionObject.awaitNanos(AbstractQueuedSynchronizer.java:1763)&#10;        at java.base@21.0.8/java.util.concurrent.LinkedBlockingQueue.poll(LinkedBlockingQueue.java:460)&#10;        at app//org.apache.hadoop.ipc.CallQueueManager.take(CallQueueManager.java:370)&#10;        at app//org.apache.hadoop.ipc.Server$Handler.run(Server.java:3165)&#10;&quot;IPC Server handler 21 on default port 15001&quot; daemon prio=5 tid=579 timed_waiting&#10;java.lang.Thread.State: TIMED_WAITING&#10;        at java.base@21.0.8/jdk.internal.misc.Unsafe.park(Native Method)&#10;        at java.base@21.0.8/java.util.concurrent.locks.LockSupport.parkNanos(LockSupport.java:269)&#10;        at java.base@21.0.8/java.util.concurrent.locks.AbstractQueuedSynchronizer$ConditionObject.awaitNanos(AbstractQueuedSynchronizer.java:1763)&#10;        at java.base@21.0.8/java.util.concurrent.LinkedBlockingQueue.poll(LinkedBlockingQueue.java:460)&#10;        at app//org.apache.hadoop.ipc.CallQueueManager.take(CallQueueManager.java:370)&#10;        at app//org.apache.hadoop.ipc.Server$Handler.run(Server.java:3165)&#10;&quot;IPC Server handler 7 on default port 15013&quot; daemon prio=5 tid=702 timed_waiting&#10;java.lang.Thread.State: TIMED_WAITING&#10;        at java.base@21.0.8/jdk.internal.misc.Unsafe.park(Native Method)&#10;        at java.base@21.0.8/java.util.concurrent.locks.LockSupport.parkNanos(LockSupport.java:269)&#10;        at java.base@21.0.8/java.util.concurrent.locks.AbstractQueuedSynchronizer$ConditionObject.awaitNanos(AbstractQueuedSynchronizer.java:1763)&#10;        at java.base@21.0.8/java.util.concurrent.LinkedBlockingQueue.poll(LinkedBlockingQueue.java:460)&#10;        at app//org.apache.hadoop.ipc.CallQueueManager.take(CallQueueManager.java:370)&#10;        at app//org.apache.hadoop.ipc.Server$Handler.run(Server.java:3165)&#10;&quot;IPC Server handler 9 on default port 15045&quot; daemon prio=5 tid=971 timed_waiting&#10;java.lang.Thread.State: TIMED_WAITING&#10;        at java.base@21.0.8/jdk.internal.misc.Unsafe.park(Native Method)&#10;        at java.base@21.0.8/java.util.concurrent.locks.LockSupport.parkNanos(LockSupport.java:269)&#10;        at java.base@21.0.8/java.util.concurrent.locks.AbstractQueuedSynchronizer$ConditionObject.awaitNanos(AbstractQueuedSynchronizer.java:1763)&#10;        at java.base@21.0.8/java.util.concurrent.LinkedBlockingQueue.poll(LinkedBlockingQueue.java:460)&#10;        at app//org.apache.hadoop.ipc.CallQueueManager.take(CallQueueManager.java:370)&#10;        at app//org.apache.hadoop.ipc.Server$Handler.run(Server.java:3165)&#10;&quot;42a5f925-1bc2-4f8a-8509-c5ae65e6fcde-DatanodeStateMachineTaskThread-1&quot;  prio=5 tid=773 in Object.wait()&#10;java.lang.Thread.State: WAITING (on object monitor)&#10;        at java.base@21.0.8/jdk.internal.misc.Unsafe.park(Native Method)&#10;        at java.base@21.0.8/java.util.concurrent.locks.LockSupport.park(LockSupport.java:371)&#10;        at java.base@21.0.8/java.util.concurrent.locks.AbstractQueuedSynchronizer$ConditionNode.block(AbstractQueuedSynchronizer.java:519)&#10;        at java.base@21.0.8/java.util.concurrent.ForkJoinPool.unmanagedBlock(ForkJoinPool.java:3780)&#10;        at java.base@21.0.8/java.util.concurrent.ForkJoinPool.managedBlock(ForkJoinPool.java:3725)&#10;        at java.base@21.0.8/java.util.concurrent.locks.AbstractQueuedSynchronizer$ConditionObject.await(AbstractQueuedSynchronizer.java:1712)&#10;        at java.base@21.0.8/java.util.concurrent.LinkedBlockingQueue.take(LinkedBlockingQueue.java:435)&#10;        at java.base@21.0.8/java.util.concurrent.ThreadPoolExecutor.getTask(ThreadPoolExecutor.java:1070)&#10;        at java.base@21.0.8/java.util.concurrent.ThreadPoolExecutor.runWorker(ThreadPoolExecutor.java:1130)&#10;        at java.base@21.0.8/java.util.concurrent.ThreadPoolExecutor$Worker.run(ThreadPoolExecutor.java:642)&#10;        at java.base@21.0.8/java.lang.Thread.runWith(Thread.java:1596)&#10;        at java.base@21.0.8/java.lang.Thread.run(Thread.java:1583)&#10;&quot;Socket Reader #10 for port 15002&quot; daemon prio=5 tid=100 runnable&#10;java.lang.Thread.State: RUNNABLE&#10;        at java.base@21.0.8/sun.nio.ch.EPoll.wait(Native Method)&#10;        at java.base@21.0.8/sun.nio.ch.EPollSelectorImpl.doSelect(EPollSelectorImpl.java:121)&#10;        at java.base@21.0.8/sun.nio.ch.SelectorImpl.lockAndDoSelect(SelectorImpl.java:130)&#10;        at java.base@21.0.8/sun.nio.ch.SelectorImpl.select(SelectorImpl.java:147)&#10;        at app//org.apache.hadoop.ipc.Server$Listener$Reader.doRunLoop(Server.java:1497)&#10;        at app//org.apache.hadoop.ipc.Server$Listener$Reader.run(Server.java:1476)&#10;&quot;directoryTable_PartialTableCache-Cleanup-0&quot; daemon prio=5 tid=1132 in Object.wait()&#10;java.lang.Thread.State: WAITING (on object monitor)&#10;        at java.base@21.0.8/jdk.internal.misc.Unsafe.park(Native Method)&#10;        at java.base@21.0.8/java.util.concurrent.locks.LockSupport.park(LockSupport.java:371)&#10;        at java.base@21.0.8/java.util.concurrent.locks.AbstractQueuedSynchronizer$ConditionNode.block(AbstractQueuedSynchronizer.java:519)&#10;        at java.base@21.0.8/java.util.concurrent.ForkJoinPool.unmanagedBlock(ForkJoinPool.java:3780)&#10;        at java.base@21.0.8/java.util.concurrent.ForkJoinPool.managedBlock(ForkJoinPool.java:3725)&#10;        at java.base@21.0.8/java.util.concurrent.locks.AbstractQueuedSynchronizer$ConditionObject.await(AbstractQueuedSynchronizer.java:1712)&#10;        at java.base@21.0.8/java.util.concurrent.LinkedBlockingQueue.take(LinkedBlockingQueue.java:435)&#10;        at java.base@21.0.8/java.util.concurrent.ThreadPoolExecutor.getTask(ThreadPoolExecutor.java:1070)&#10;        at java.base@21.0.8/java.util.concurrent.ThreadPoolExecutor.runWorker(ThreadPoolExecutor.java:1130)&#10;        at java.base@21.0.8/java.util.concurrent.ThreadPoolExecutor$Worker.run(ThreadPoolExecutor.java:642)&#10;        at java.base@21.0.8/java.lang.Thread.runWith(Thread.java:1596)&#10;        at java.base@21.0.8/java.lang.Thread.run(Thread.java:1583)&#10;&quot;surefire-forkedjvm-stream-flusher&quot; daemon prio=5 tid=23 timed_waiting&#10;java.lang.Thread.State: TIMED_WAITING&#10;        at java.base@21.0.8/jdk.internal.misc.Unsafe.park(Native Method)&#10;        at java.base@21.0.8/java.util.concurrent.locks.LockSupport.parkNanos(LockSupport.java:269)&#10;        at java.base@21.0.8/java.util.concurrent.locks.AbstractQueuedSynchronizer$ConditionObject.awaitNanos(AbstractQueuedSynchronizer.java:1763)&#10;        at java.base@21.0.8/java.util.concurrent.ScheduledThreadPoolExecutor$DelayedWorkQueue.take(ScheduledThreadPoolExecutor.java:1182)&#10;        at java.base@21.0.8/java.util.concurrent.ScheduledThreadPoolExecutor$DelayedWorkQueue.take(ScheduledThreadPoolExecutor.java:899)&#10;        at java.base@21.0.8/java.util.concurrent.ThreadPoolExecutor.getTask(ThreadPoolExecutor.java:1070)&#10;        at java.base@21.0.8/java.util.concurrent.ThreadPoolExecutor.runWorker(ThreadPoolExecutor.java:1130)&#10;        at java.base@21.0.8/java.util.concurrent.ThreadPoolExecutor$Worker.run(ThreadPoolExecutor.java:642)&#10;        at java.base@21.0.8/java.lang.Thread.runWith(Thread.java:1596)&#10;        at java.base@21.0.8/java.lang.Thread.run(Thread.java:1583)&#10;&quot;42a5f925-1bc2-4f8a-8509-c5ae65e6fcde-ChunkWriter-0-0&quot; daemon prio=5 tid=836 in Object.wait()&#10;java.lang.Thread.State: WAITING (on object monitor)&#10;        at java.base@21.0.8/jdk.internal.misc.Unsafe.park(Native Method)&#10;        at java.base@21.0.8/java.util.concurrent.locks.LockSupport.park(LockSupport.java:371)&#10;        at java.base@21.0.8/java.util.concurrent.locks.AbstractQueuedSynchronizer$ConditionNode.block(AbstractQueuedSynchronizer.java:519)&#10;        at java.base@21.0.8/java.util.concurrent.ForkJoinPool.unmanagedBlock(ForkJoinPool.java:3780)&#10;        at java.base@21.0.8/java.util.concurrent.ForkJoinPool.managedBlock(ForkJoinPool.java:3725)&#10;        at java.base@21.0.8/java.util.concurrent.locks.AbstractQueuedSynchronizer$ConditionObject.await(AbstractQueuedSynchronizer.java:1712)&#10;        at java.base@21.0.8/java.util.concurrent.LinkedBlockingDeque.takeFirst(LinkedBlockingDeque.java:485)&#10;        at java.base@21.0.8/java.util.concurrent.LinkedBlockingDeque.take(LinkedBlockingDeque.java:673)&#10;        at java.base@21.0.8/java.util.concurrent.ThreadPoolExecutor.getTask(ThreadPoolExecutor.java:1070)&#10;        at java.base@21.0.8/java.util.concurrent.ThreadPoolExecutor.runWorker(ThreadPoolExecutor.java:1130)&#10;        at java.base@21.0.8/java.util.concurrent.ThreadPoolExecutor$Worker.run(ThreadPoolExecutor.java:642)&#10;        at java.base@21.0.8/java.lang.Thread.runWith(Thread.java:1596)&#10;        at java.base@21.0.8/java.lang.Thread.run(Thread.java:1583)&#10;&quot;IPC Server handler 11 on default port 15002&quot; daemon prio=5 tid=132 timed_waiting&#10;java.lang.Thread.State: TIMED_WAITING&#10;        at java.base@21.0.8/jdk.internal.misc.Unsafe.park(Native Method)&#10;        at java.base@21.0.8/java.util.concurrent.locks.LockSupport.parkNanos(LockSupport.java:269)&#10;        at java.base@21.0.8/java.util.concurrent.locks.AbstractQueuedSynchronizer$ConditionObject.awaitNanos(AbstractQueuedSynchronizer.java:1763)&#10;        at java.base@21.0.8/java.util.concurrent.LinkedBlockingQueue.poll(LinkedBlockingQueue.java:460)&#10;        at app//org.apache.hadoop.ipc.CallQueueManager.take(CallQueueManager.java:370)&#10;        at app//org.apache.hadoop.ipc.Server$Handler.run(Server.java:3165)&#10;&quot;IPC Server handler 8 on default port 15045&quot; daemon prio=5 tid=970 timed_waiting&#10;java.lang.Thread.State: TIMED_WAITING&#10;        at java.base@21.0.8/jdk.internal.misc.Unsafe.park(Native Method)&#10;        at java.base@21.0.8/java.util.concurrent.locks.LockSupport.parkNanos(LockSupport.java:269)&#10;        at java.base@21.0.8/java.util.concurrent.locks.AbstractQueuedSynchronizer$ConditionObject.awaitNanos(AbstractQueuedSynchronizer.java:1763)&#10;        at java.base@21.0.8/java.util.concurrent.LinkedBlockingQueue.poll(LinkedBlockingQueue.java:460)&#10;        at app//org.apache.hadoop.ipc.CallQueueManager.take(CallQueueManager.java:370)&#10;        at app//org.apache.hadoop.ipc.Server$Handler.run(Server.java:3165)&#10;&quot;0ed0910f-4ac9-4f62-be34-d90c51a3e6c9-RocksDBCompactionThread-0&quot;  prio=5 tid=901 timed_waiting&#10;java.lang.Thread.State: TIMED_WAITING&#10;        at java.base@21.0.8/jdk.internal.misc.Unsafe.park(Native Method)&#10;        at java.base@21.0.8/java.util.concurrent.locks.LockSupport.parkNanos(LockSupport.java:269)&#10;        at java.base@21.0.8/java.util.concurrent.locks.AbstractQueuedSynchronizer$ConditionObject.awaitNanos(AbstractQueuedSynchronizer.java:1763)&#10;        at java.base@21.0.8/java.util.concurrent.ScheduledThreadPoolExecutor$DelayedWorkQueue.take(ScheduledThreadPoolExecutor.java:1182)&#10;        at java.base@21.0.8/java.util.concurrent.ScheduledThreadPoolExecutor$DelayedWorkQueue.take(ScheduledThreadPoolExecutor.java:899)&#10;        at java.base@21.0.8/java.util.concurrent.ThreadPoolExecutor.getTask(ThreadPoolExecutor.java:1070)&#10;        at java.base@21.0.8/java.util.concurrent.ThreadPoolExecutor.runWorker(ThreadPoolExecutor.java:1130)&#10;        at java.base@21.0.8/java.util.concurrent.ThreadPoolExecutor$Worker.run(ThreadPoolExecutor.java:642)&#10;        at java.base@21.0.8/java.lang.Thread.runWith(Thread.java:1596)&#10;        at java.base@21.0.8/java.lang.Thread.run(Thread.java:1583)&#10;&quot;om1@group-C5BA1605619E-cacheEviction-AwaitToRun&quot; daemon prio=5 tid=463 in Object.wait()&#10;java.lang.Thread.State: WAITING (on object monitor)&#10;        at java.base@21.0.8/jdk.internal.misc.Unsafe.park(Native Method)&#10;        at java.base@21.0.8/java.util.concurrent.locks.LockSupport.park(LockSupport.java:371)&#10;        at java.base@21.0.8/java.util.concurrent.locks.AbstractQueuedSynchronizer$ConditionNode.block(AbstractQueuedSynchronizer.java:519)&#10;        at java.base@21.0.8/java.util.concurrent.ForkJoinPool.unmanagedBlock(ForkJoinPool.java:3780)&#10;        at java.base@21.0.8/java.util.concurrent.ForkJoinPool.managedBlock(ForkJoinPool.java:3725)&#10;        at java.base@21.0.8/java.util.concurrent.locks.AbstractQueuedSynchronizer$ConditionObject.await(AbstractQueuedSynchronizer.java:1712)&#10;        at app//org.apache.ratis.util.AwaitForSignal.await(AwaitForSignal.java:48)&#10;        at app//org.apache.ratis.util.AwaitToRun$RunnableImpl.run(AwaitToRun.java:47)&#10;        at java.base@21.0.8/java.lang.Thread.runWith(Thread.java:1596)&#10;        at java.base@21.0.8/java.lang.Thread.run(Thread.java:1583)&#10;&quot;Hadoop-Metrics-Updater-0&quot; daemon prio=5 tid=75 timed_waiting&#10;java.lang.Thread.State: TIMED_WAITING&#10;        at java.base@21.0.8/jdk.internal.misc.Unsafe.park(Native Method)&#10;        at java.base@21.0.8/java.util.concurrent.locks.LockSupport.parkNanos(LockSupport.java:269)&#10;        at java.base@21.0.8/java.util.concurrent.locks.AbstractQueuedSynchronizer$ConditionObject.awaitNanos(AbstractQueuedSynchronizer.java:1763)&#10;        at java.base@21.0.8/java.util.concurrent.ScheduledThreadPoolExecutor$DelayedWorkQueue.take(ScheduledThreadPoolExecutor.java:1182)&#10;        at java.base@21.0.8/java.util.concurrent.ScheduledThreadPoolExecutor$DelayedWorkQueue.take(ScheduledThreadPoolExecutor.java:899)&#10;        at java.base@21.0.8/java.util.concurrent.ThreadPoolExecutor.getTask(ThreadPoolExecutor.java:1070)&#10;        at java.base@21.0.8/java.util.concurrent.ThreadPoolExecutor.runWorker(ThreadPoolExecutor.java:1130)&#10;        at java.base@21.0.8/java.util.concurrent.ThreadPoolExecutor$Worker.run(ThreadPoolExecutor.java:642)&#10;        at java.base@21.0.8/java.lang.Thread.runWith(Thread.java:1596)&#10;        at java.base@21.0.8/java.lang.Thread.run(Thread.java:1583)&#10;&quot;IPC Server handler 3 on default port 15045&quot; daemon prio=5 tid=965 timed_waiting&#10;java.lang.Thread.State: TIMED_WAITING&#10;        at java.base@21.0.8/jdk.internal.misc.Unsafe.park(Native Method)&#10;        at java.base@21.0.8/java.util.concurrent.locks.LockSupport.parkNanos(LockSupport.java:269)&#10;        at java.base@21.0.8/java.util.concurrent.locks.AbstractQueuedSynchronizer$ConditionObject.awaitNanos(AbstractQueuedSynchronizer.java:1763)&#10;        at java.base@21.0.8/java.util.concurrent.LinkedBlockingQueue.poll(LinkedBlockingQueue.java:460)&#10;        at app//org.apache.hadoop.ipc.CallQueueManager.take(CallQueueManager.java:370)&#10;        at app//org.apache.hadoop.ipc.Server$Handler.run(Server.java:3165)&#10;&quot;IPC Server handler 5 on default port 15037&quot; daemon prio=5 tid=888 timed_waiting&#10;java.lang.Thread.State: TIMED_WAITING&#10;        at java.base@21.0.8/jdk.internal.misc.Unsafe.park(Native Method)&#10;        at java.base@21.0.8/java.util.concurrent.locks.LockSupport.parkNanos(LockSupport.java:269)&#10;        at java.base@21.0.8/java.util.concurrent.locks.AbstractQueuedSynchronizer$ConditionObject.awaitNanos(AbstractQueuedSynchronizer.java:1763)&#10;        at java.base@21.0.8/java.util.concurrent.LinkedBlockingQueue.poll(LinkedBlockingQueue.java:460)&#10;        at app//org.apache.hadoop.ipc.CallQueueManager.take(CallQueueManager.java:370)&#10;        at app//org.apache.hadoop.ipc.Server$Handler.run(Server.java:3165)&#10;&quot;IPC Server handler 48 on default port 15002&quot; daemon prio=5 tid=169 timed_waiting&#10;java.lang.Thread.State: TIMED_WAITING&#10;        at java.base@21.0.8/jdk.internal.misc.Unsafe.park(Native Method)&#10;        at java.base@21.0.8/java.util.concurrent.locks.LockSupport.parkNanos(LockSupport.java:269)&#10;        at java.base@21.0.8/java.util.concurrent.locks.AbstractQueuedSynchronizer$ConditionObject.awaitNanos(AbstractQueuedSynchronizer.java:1763)&#10;        at java.base@21.0.8/java.util.concurrent.LinkedBlockingQueue.poll(LinkedBlockingQueue.java:460)&#10;        at app//org.apache.hadoop.ipc.CallQueueManager.take(CallQueueManager.java:370)&#10;        at app//org.apache.hadoop.ipc.Server$Handler.run(Server.java:3165)&#10;&quot;IPC Server handler 4 on default port 15003&quot; daemon prio=5 tid=225 timed_waiting&#10;java.lang.Thread.State: TIMED_WAITING&#10;        at java.base@21.0.8/jdk.internal.misc.Unsafe.park(Native Method)&#10;        at java.base@21.0.8/java.util.concurrent.locks.LockSupport.parkNanos(LockSupport.java:269)&#10;        at java.base@21.0.8/java.util.concurrent.locks.AbstractQueuedSynchronizer$ConditionObject.awaitNanos(AbstractQueuedSynchronizer.java:1763)&#10;        at java.base@21.0.8/java.util.concurrent.LinkedBlockingQueue.poll(LinkedBlockingQueue.java:460)&#10;        at app//org.apache.hadoop.ipc.CallQueueManager.take(CallQueueManager.java:370)&#10;        at app//org.apache.hadoop.ipc.Server$Handler.run(Server.java:3165)&#10;&quot;IPC Server handler 75 on default port 15001&quot; daemon prio=5 tid=633 timed_waiting&#10;java.lang.Thread.State: TIMED_WAITING&#10;        at java.base@21.0.8/jdk.internal.misc.Unsafe.park(Native Method)&#10;        at java.base@21.0.8/java.util.concurrent.locks.LockSupport.parkNanos(LockSupport.java:269)&#10;        at java.base@21.0.8/java.util.concurrent.locks.AbstractQueuedSynchronizer$ConditionObject.awaitNanos(AbstractQueuedSynchronizer.java:1763)&#10;        at java.base@21.0.8/java.util.concurrent.LinkedBlockingQueue.poll(LinkedBlockingQueue.java:460)&#10;        at app//org.apache.hadoop.ipc.CallQueueManager.take(CallQueueManager.java:370)&#10;        at app//org.apache.hadoop.ipc.Server$Handler.run(Server.java:3165)&#10;&quot;MutableQuantiles-0&quot; daemon prio=5 tid=665 timed_waiting&#10;java.lang.Thread.State: TIMED_WAITING&#10;        at java.base@21.0.8/jdk.internal.misc.Unsafe.park(Native Method)&#10;        at java.base@21.0.8/java.util.concurrent.locks.LockSupport.parkNanos(LockSupport.java:269)&#10;        at java.base@21.0.8/java.util.concurrent.locks.AbstractQueuedSynchronizer$ConditionObject.awaitNanos(AbstractQueuedSynchronizer.java:1763)&#10;        at java.base@21.0.8/java.util.concurrent.ScheduledThreadPoolExecutor$DelayedWorkQueue.take(ScheduledThreadPoolExecutor.java:1182)&#10;        at java.base@21.0.8/java.util.concurrent.ScheduledThreadPoolExecutor$DelayedWorkQueue.take(ScheduledThreadPoolExecutor.java:899)&#10;        at java.base@21.0.8/java.util.concurrent.ThreadPoolExecutor.getTask(ThreadPoolExecutor.java:1070)&#10;        at java.base@21.0.8/java.util.concurrent.ThreadPoolExecutor.runWorker(ThreadPoolExecutor.java:1130)&#10;        at java.base@21.0.8/java.util.concurrent.ThreadPoolExecutor$Worker.run(ThreadPoolExecutor.java:642)&#10;        at java.base@21.0.8/java.lang.Thread.runWith(Thread.java:1596)&#10;        at java.base@21.0.8/java.lang.Thread.run(Thread.java:1583)&#10;&quot;IPC Server handler 98 on default port 15003&quot; daemon prio=5 tid=319 timed_waiting&#10;java.lang.Thread.State: TIMED_WAITING&#10;        at java.base@21.0.8/jdk.internal.misc.Unsafe.park(Native Method)&#10;        at java.base@21.0.8/java.util.concurrent.locks.LockSupport.parkNanos(LockSupport.java:269)&#10;        at java.base@21.0.8/java.util.concurrent.locks.AbstractQueuedSynchronizer$ConditionObject.awaitNanos(AbstractQueuedSynchronizer.java:1763)&#10;        at java.base@21.0.8/java.util.concurrent.LinkedBlockingQueue.poll(LinkedBlockingQueue.java:460)&#10;        at app//org.apache.hadoop.ipc.CallQueueManager.take(CallQueueManager.java:370)&#10;        at app//org.apache.hadoop.ipc.Server$Handler.run(Server.java:3165)&#10;&quot;IPC Server handler 27 on default port 15003&quot; daemon prio=5 tid=248 timed_waiting&#10;java.lang.Thread.State: TIMED_WAITING&#10;        at java.base@21.0.8/jdk.internal.misc.Unsafe.park(Native Method)&#10;        at java.base@21.0.8/java.util.concurrent.locks.LockSupport.parkNanos(LockSupport.java:269)&#10;        at java.base@21.0.8/java.util.concurrent.locks.AbstractQueuedSynchronizer$ConditionObject.awaitNanos(AbstractQueuedSynchronizer.java:1763)&#10;        at java.base@21.0.8/java.util.concurrent.LinkedBlockingQueue.poll(LinkedBlockingQueue.java:460)&#10;        at app//org.apache.hadoop.ipc.CallQueueManager.take(CallQueueManager.java:370)&#10;        at app//org.apache.hadoop.ipc.Server$Handler.run(Server.java:3165)&#10;&quot;IPC Server handler 91 on default port 15001&quot; daemon prio=5 tid=649 timed_waiting&#10;java.lang.Thread.State: TIMED_WAITING&#10;        at java.base@21.0.8/jdk.internal.misc.Unsafe.park(Native Method)&#10;        at java.base@21.0.8/java.util.concurrent.locks.LockSupport.parkNanos(LockSupport.java:269)&#10;        at java.base@21.0.8/java.util.concurrent.locks.AbstractQueuedSynchronizer$ConditionObject.awaitNanos(AbstractQueuedSynchronizer.java:1763)&#10;        at java.base@21.0.8/java.util.concurrent.LinkedBlockingQueue.poll(LinkedBlockingQueue.java:460)&#10;        at app//org.apache.hadoop.ipc.CallQueueManager.take(CallQueueManager.java:370)&#10;        at app//org.apache.hadoop.ipc.Server$Handler.run(Server.java:3165)&#10;&quot;IPC Server handler 11 on default port 15004&quot; daemon prio=5 tid=350 timed_waiting&#10;java.lang.Thread.State: TIMED_WAITING&#10;        at java.base@21.0.8/jdk.internal.misc.Unsafe.park(Native Method)&#10;        at java.base@21.0.8/java.util.concurrent.locks.LockSupport.parkNanos(LockSupport.java:269)&#10;        at java.base@21.0.8/java.util.concurrent.locks.AbstractQueuedSynchronizer$ConditionObject.awaitNanos(AbstractQueuedSynchronizer.java:1763)&#10;        at java.base@21.0.8/java.util.concurrent.LinkedBlockingQueue.poll(LinkedBlockingQueue.java:460)&#10;        at app//org.apache.hadoop.ipc.CallQueueManager.take(CallQueueManager.java:370)&#10;        at app//org.apache.hadoop.ipc.Server$Handler.run(Server.java:3165)&#10;&quot;IPC Server handler 8 on default port 15008&quot; daemon prio=5 tid=500 timed_waiting&#10;java.lang.Thread.State: TIMED_WAITING&#10;        at java.base@21.0.8/jdk.internal.misc.Unsafe.park(Native Method)&#10;        at java.base@21.0.8/java.util.concurrent.locks.LockSupport.parkNanos(LockSupport.java:269)&#10;        at java.base@21.0.8/java.util.concurrent.locks.AbstractQueuedSynchronizer$ConditionObject.awaitNanos(AbstractQueuedSynchronizer.java:1763)&#10;        at java.base@21.0.8/java.util.concurrent.LinkedBlockingQueue.poll(LinkedBlockingQueue.java:460)&#10;        at app//org.apache.hadoop.ipc.CallQueueManager.take(CallQueueManager.java:370)&#10;        at app//org.apache.hadoop.ipc.Server$Handler.run(Server.java:3165)&#10;&quot;timer5&quot; daemon prio=5 tid=1134 timed_waiting&#10;java.lang.Thread.State: TIMED_WAITING&#10;        at java.base@21.0.8/java.lang.Object.wait0(Native Method)&#10;        at java.base@21.0.8/java.lang.Object.wait(Object.java:366)&#10;        at java.base@21.0.8/java.util.TimerThread.mainLoop(Timer.java:563)&#10;        at java.base@21.0.8/java.util.TimerThread.run(Timer.java:516)&#10;&quot;Socket Reader #6 for port 15021&quot; daemon prio=5 tid=733 runnable&#10;java.lang.Thread.State: RUNNABLE&#10;        at java.base@21.0.8/sun.nio.ch.EPoll.wait(Native Method)&#10;        at java.base@21.0.8/sun.nio.ch.EPollSelectorImpl.doSelect(EPollSelectorImpl.java:121)&#10;        at java.base@21.0.8/sun.nio.ch.SelectorImpl.lockAndDoSelect(SelectorImpl.java:130)&#10;        at java.base@21.0.8/sun.nio.ch.SelectorImpl.select(SelectorImpl.java:147)&#10;        at app//org.apache.hadoop.ipc.Server$Listener$Reader.doRunLoop(Server.java:1497)&#10;        at app//org.apache.hadoop.ipc.Server$Listener$Reader.run(Server.java:1476)&#10;&quot;StaleRecoveringContainerScrubbingService#0&quot; daemon prio=5 tid=843 timed_waiting&#10;java.lang.Thread.State: TIMED_WAITING&#10;        at java.base@21.0.8/jdk.internal.misc.Unsafe.park(Native Method)&#10;        at java.base@21.0.8/java.util.concurrent.locks.LockSupport.parkNanos(LockSupport.java:269)&#10;        at java.base@21.0.8/java.util.concurrent.locks.AbstractQueuedSynchronizer$ConditionObject.awaitNanos(AbstractQueuedSynchronizer.java:1763)&#10;        at java.base@21.0.8/java.util.concurrent.ScheduledThreadPoolExecutor$DelayedWorkQueue.take(ScheduledThreadPoolExecutor.java:1182)&#10;        at java.base@21.0.8/java.util.concurrent.ScheduledThreadPoolExecutor$DelayedWorkQueue.take(ScheduledThreadPoolExecutor.java:899)&#10;        at java.base@21.0.8/java.util.concurrent.ThreadPoolExecutor.getTask(ThreadPoolExecutor.java:1070)&#10;        at java.base@21.0.8/java.util.concurrent.ThreadPoolExecutor.runWorker(ThreadPoolExecutor.java:1130)&#10;        at java.base@21.0.8/java.util.concurrent.ThreadPoolExecutor$Worker.run(ThreadPoolExecutor.java:642)&#10;        at java.base@21.0.8/java.lang.Thread.runWith(Thread.java:1596)&#10;        at java.base@21.0.8/java.lang.Thread.run(Thread.java:1583)&#10;&quot;surefire-forkedjvm-ping-30s&quot; daemon prio=5 tid=27 timed_waiting&#10;java.lang.Thread.State: TIMED_WAITING&#10;        at java.base@21.0.8/jdk.internal.misc.Unsafe.park(Native Method)&#10;        at java.base@21.0.8/java.util.concurrent.locks.LockSupport.parkNanos(LockSupport.java:269)&#10;        at java.base@21.0.8/java.util.concurrent.locks.AbstractQueuedSynchronizer$ConditionObject.awaitNanos(AbstractQueuedSynchronizer.java:1763)&#10;        at java.base@21.0.8/java.util.concurrent.ScheduledThreadPoolExecutor$DelayedWorkQueue.take(ScheduledThreadPoolExecutor.java:1182)&#10;        at java.base@21.0.8/java.util.concurrent.ScheduledThreadPoolExecutor$DelayedWorkQueue.take(ScheduledThreadPoolExecutor.java:899)&#10;        at java.base@21.0.8/java.util.concurrent.ThreadPoolExecutor.getTask(ThreadPoolExecutor.java:1070)&#10;        at java.base@21.0.8/java.util.concurrent.ThreadPoolExecutor.runWorker(ThreadPoolExecutor.java:1130)&#10;        at java.base@21.0.8/java.util.concurrent.ThreadPoolExecutor$Worker.run(ThreadPoolExecutor.java:642)&#10;        at java.base@21.0.8/java.lang.Thread.runWith(Thread.java:1596)&#10;        at java.base@21.0.8/java.lang.Thread.run(Thread.java:1583)&#10;&quot;Socket Reader #3 for port 15004&quot; daemon prio=5 tid=65 runnable&#10;java.lang.Thread.State: RUNNABLE&#10;        at java.base@21.0.8/sun.nio.ch.EPoll.wait(Native Method)&#10;        at java.base@21.0.8/sun.nio.ch.EPollSelectorImpl.doSelect(EPollSelectorImpl.java:121)&#10;        at java.base@21.0.8/sun.nio.ch.SelectorImpl.lockAndDoSelect(SelectorImpl.java:130)&#10;        at java.base@21.0.8/sun.nio.ch.SelectorImpl.select(SelectorImpl.java:147)&#10;        at app//org.apache.hadoop.ipc.Server$Listener$Reader.doRunLoop(Server.java:1497)&#10;        at app//org.apache.hadoop.ipc.Server$Listener$Reader.run(Server.java:1476)&#10;&quot;om1@group-C5BA1605619E-StateMachineUpdater&quot; daemon prio=5 tid=466 timed_waiting&#10;java.lang.Thread.State: TIMED_WAITING&#10;        at java.base@21.0.8/jdk.internal.misc.Unsafe.park(Native Method)&#10;        at java.base@21.0.8/java.util.concurrent.locks.LockSupport.parkNanos(LockSupport.java:269)&#10;        at java.base@21.0.8/java.util.concurrent.locks.AbstractQueuedSynchronizer$ConditionObject.await(AbstractQueuedSynchronizer.java:1852)&#10;        at app//org.apache.ratis.util.AwaitForSignal.await(AwaitForSignal.java:65)&#10;        at app//org.apache.ratis.server.impl.StateMachineUpdater.waitForCommit(StateMachineUpdater.java:222)&#10;        at app//org.apache.ratis.server.impl.StateMachineUpdater.run(StateMachineUpdater.java:187)&#10;        at java.base@21.0.8/java.lang.Thread.runWith(Thread.java:1596)&#10;        at java.base@21.0.8/java.lang.Thread.run(Thread.java:1583)&#10;&quot;Socket Reader #6 for port 15004&quot; daemon prio=5 tid=68 runnable&#10;java.lang.Thread.State: RUNNABLE&#10;        at java.base@21.0.8/sun.nio.ch.EPoll.wait(Native Method)&#10;        at java.base@21.0.8/sun.nio.ch.EPollSelectorImpl.doSelect(EPollSelectorImpl.java:121)&#10;        at java.base@21.0.8/sun.nio.ch.SelectorImpl.lockAndDoSelect(SelectorImpl.java:130)&#10;        at java.base@21.0.8/sun.nio.ch.SelectorImpl.select(SelectorImpl.java:147)&#10;        at app//org.apache.hadoop.ipc.Server$Listener$Reader.doRunLoop(Server.java:1497)&#10;        at app//org.apache.hadoop.ipc.Server$Listener$Reader.run(Server.java:1476)&#10;&quot;IPC Server handler 45 on default port 15002&quot; daemon prio=5 tid=166 timed_waiting&#10;java.lang.Thread.State: TIMED_WAITING&#10;        at java.base@21.0.8/jdk.internal.misc.Unsafe.park(Native Method)&#10;        at java.base@21.0.8/java.util.concurrent.locks.LockSupport.parkNanos(LockSupport.java:269)&#10;        at java.base@21.0.8/java.util.concurrent.locks.AbstractQueuedSynchronizer$ConditionObject.awaitNanos(AbstractQueuedSynchronizer.java:1763)&#10;        at java.base@21.0.8/java.util.concurrent.LinkedBlockingQueue.poll(LinkedBlockingQueue.java:460)&#10;        at app//org.apache.hadoop.ipc.CallQueueManager.take(CallQueueManager.java:370)&#10;        at app//org.apache.hadoop.ipc.Server$Handler.run(Server.java:3165)&#10;&quot;42a5f925-1bc2-4f8a-8509-c5ae65e6fcde-ChunkReader-ELG-0&quot; daemon prio=5 tid=841 runnable&#10;java.lang.Thread.State: RUNNABLE&#10;        at app//org.apache.ratis.thirdparty.io.netty.channel.epoll.Native.epollWait(Native Method)&#10;        at app//org.apache.ratis.thirdparty.io.netty.channel.epoll.Native.epollWait(Native.java:220)&#10;        at app//org.apache.ratis.thirdparty.io.netty.channel.epoll.Native.epollWait(Native.java:213)&#10;        at app//org.apache.ratis.thirdparty.io.netty.channel.epoll.EpollEventLoop.epollWaitNoTimerChange(EpollEventLoop.java:308)&#10;        at app//org.apache.ratis.thirdparty.io.netty.channel.epoll.EpollEventLoop.run(EpollEventLoop.java:365)&#10;        at app//org.apache.ratis.thirdparty.io.netty.util.concurrent.SingleThreadEventExecutor$4.run(SingleThreadEventExecutor.java:998)&#10;        at app//org.apache.ratis.thirdparty.io.netty.util.internal.ThreadExecutorMap$2.run(ThreadExecutorMap.java:74)&#10;        at java.base@21.0.8/java.lang.Thread.runWith(Thread.java:1596)&#10;        at java.base@21.0.8/java.lang.Thread.run(Thread.java:1583)&#10;&quot;pool-121-thread-1&quot;  prio=5 tid=671 timed_waiting&#10;java.lang.Thread.State: TIMED_WAITING&#10;        at java.base@21.0.8/jdk.internal.misc.Unsafe.park(Native Method)&#10;        at java.base@21.0.8/java.util.concurrent.locks.LockSupport.parkNanos(LockSupport.java:269)&#10;        at java.base@21.0.8/java.util.concurrent.locks.AbstractQueuedSynchronizer$ConditionObject.awaitNanos(AbstractQueuedSynchronizer.java:1763)&#10;        at java.base@21.0.8/java.util.concurrent.ScheduledThreadPoolExecutor$DelayedWorkQueue.take(ScheduledThreadPoolExecutor.java:1182)&#10;        at java.base@21.0.8/java.util.concurrent.ScheduledThreadPoolExecutor$DelayedWorkQueue.take(ScheduledThreadPoolExecutor.java:899)&#10;        at java.base@21.0.8/java.util.concurrent.ThreadPoolExecutor.getTask(ThreadPoolExecutor.java:1070)&#10;        at java.base@21.0.8/java.util.concurrent.ThreadPoolExecutor.runWorker(ThreadPoolExecutor.java:1130)&#10;        at java.base@21.0.8/java.util.concurrent.ThreadPoolExecutor$Worker.run(ThreadPoolExecutor.java:642)&#10;        at java.base@21.0.8/java.lang.Thread.runWith(Thread.java:1596)&#10;        at java.base@21.0.8/java.lang.Thread.run(Thread.java:1583)&#10;&quot;qtp396271801-328&quot; daemon prio=5 tid=328 timed_waiting&#10;java.lang.Thread.State: TIMED_WAITING&#10;        at java.base@21.0.8/jdk.internal.misc.Unsafe.park(Native Method)&#10;        at java.base@21.0.8/java.util.concurrent.locks.LockSupport.parkNanos(LockSupport.java:269)&#10;        at java.base@21.0.8/java.util.concurrent.locks.AbstractQueuedSynchronizer$ConditionObject.awaitNanos(AbstractQueuedSynchronizer.java:1763)&#10;        at app//org.eclipse.jetty.util.BlockingArrayQueue.poll(BlockingArrayQueue.java:382)&#10;        at app//org.eclipse.jetty.util.thread.QueuedThreadPool$Runner.idleJobPoll(QueuedThreadPool.java:974)&#10;        at app//org.eclipse.jetty.util.thread.QueuedThreadPool$Runner.run(QueuedThreadPool.java:1018)&#10;        at java.base@21.0.8/java.lang.Thread.runWith(Thread.java:1596)&#10;        at java.base@21.0.8/java.lang.Thread.run(Thread.java:1583)&#10;&quot;42a5f925-1bc2-4f8a-8509-c5ae65e6fcde@group-EC04683B356A-StateMachineUpdater&quot; daemon prio=5 tid=1036 timed_waiting&#10;java.lang.Thread.State: TIMED_WAITING&#10;        at java.base@21.0.8/jdk.internal.misc.Unsafe.park(Native Method)&#10;        at java.base@21.0.8/java.util.concurrent.locks.LockSupport.parkNanos(LockSupport.java:269)&#10;        at java.base@21.0.8/java.util.concurrent.locks.AbstractQueuedSynchronizer$ConditionObject.await(AbstractQueuedSynchronizer.java:1852)&#10;        at app//org.apache.ratis.util.AwaitForSignal.await(AwaitForSignal.java:65)&#10;        at app//org.apache.ratis.server.impl.StateMachineUpdater.waitForCommit(StateMachineUpdater.java:222)&#10;        at app//org.apache.ratis.server.impl.StateMachineUpdater.run(StateMachineUpdater.java:187)&#10;        at java.base@21.0.8/java.lang.Thread.runWith(Thread.java:1596)&#10;        at java.base@21.0.8/java.lang.Thread.run(Thread.java:1583)&#10;&quot;IPC Server handler 64 on default port 15001&quot; daemon prio=5 tid=622 timed_waiting&#10;java.lang.Thread.State: TIMED_WAITING&#10;        at java.base@21.0.8/jdk.internal.misc.Unsafe.park(Native Method)&#10;        at java.base@21.0.8/java.util.concurrent.locks.LockSupport.parkNanos(LockSupport.java:269)&#10;        at java.base@21.0.8/java.util.concurrent.locks.AbstractQueuedSynchronizer$ConditionObject.awaitNanos(AbstractQueuedSynchronizer.java:1763)&#10;        at java.base@21.0.8/java.util.concurrent.LinkedBlockingQueue.poll(LinkedBlockingQueue.java:460)&#10;        at app//org.apache.hadoop.ipc.CallQueueManager.take(CallQueueManager.java:370)&#10;        at app//org.apache.hadoop.ipc.Server$Handler.run(Server.java:3165)&#10;&quot;346684e1-b57f-4c29-9507-935dad45bd68-ChunkWriter-2-0&quot; daemon prio=5 tid=995 in Object.wait()&#10;java.lang.Thread.State: WAITING (on object monitor)&#10;        at java.base@21.0.8/jdk.internal.misc.Unsafe.park(Native Method)&#10;        at java.base@21.0.8/java.util.concurrent.locks.LockSupport.park(LockSupport.java:371)&#10;        at java.base@21.0.8/java.util.concurrent.locks.AbstractQueuedSynchronizer$ConditionNode.block(AbstractQueuedSynchronizer.java:519)&#10;        at java.base@21.0.8/java.util.concurrent.ForkJoinPool.unmanagedBlock(ForkJoinPool.java:3780)&#10;        at java.base@21.0.8/java.util.concurrent.ForkJoinPool.managedBlock(ForkJoinPool.java:3725)&#10;        at java.base@21.0.8/java.util.concurrent.locks.AbstractQueuedSynchronizer$ConditionObject.await(AbstractQueuedSynchronizer.java:1712)&#10;        at java.base@21.0.8/java.util.concurrent.LinkedBlockingDeque.takeFirst(LinkedBlockingDeque.java:485)&#10;        at java.base@21.0.8/java.util.concurrent.LinkedBlockingDeque.take(LinkedBlockingDeque.java:673)&#10;        at java.base@21.0.8/java.util.concurrent.ThreadPoolExecutor.getTask(ThreadPoolExecutor.java:1070)&#10;        at java.base@21.0.8/java.util.concurrent.ThreadPoolExecutor.runWorker(ThreadPoolExecutor.java:1130)&#10;        at java.base@21.0.8/java.util.concurrent.ThreadPoolExecutor$Worker.run(ThreadPoolExecutor.java:642)&#10;        at java.base@21.0.8/java.lang.Thread.runWith(Thread.java:1596)&#10;        at java.base@21.0.8/java.lang.Thread.run(Thread.java:1583)&#10;&quot;qtp505087261-911&quot; daemon prio=5 tid=911 timed_waiting&#10;java.lang.Thread.State: TIMED_WAITING&#10;        at java.base@21.0.8/jdk.internal.misc.Unsafe.park(Native Method)&#10;        at java.base@21.0.8/java.util.concurrent.locks.LockSupport.parkNanos(LockSupport.java:269)&#10;        at java.base@21.0.8/java.util.concurrent.locks.AbstractQueuedSynchronizer$ConditionObject.awaitNanos(AbstractQueuedSynchronizer.java:1763)&#10;        at app//org.eclipse.jetty.util.BlockingArrayQueue.poll(BlockingArrayQueue.java:382)&#10;        at app//org.eclipse.jetty.util.thread.QueuedThreadPool$Runner.idleJobPoll(QueuedThreadPool.java:974)&#10;        at app//org.eclipse.jetty.util.thread.QueuedThreadPool$Runner.run(QueuedThreadPool.java:1018)&#10;        at java.base@21.0.8/java.lang.Thread.runWith(Thread.java:1596)&#10;        at java.base@21.0.8/java.lang.Thread.run(Thread.java:1583)&#10;&quot;Socket Reader #7 for port 15045&quot; daemon prio=5 tid=955 runnable&#10;java.lang.Thread.State: RUNNABLE&#10;        at java.base@21.0.8/sun.nio.ch.EPoll.wait(Native Method)&#10;        at java.base@21.0.8/sun.nio.ch.EPollSelectorImpl.doSelect(EPollSelectorImpl.java:121)&#10;        at java.base@21.0.8/sun.nio.ch.SelectorImpl.lockAndDoSelect(SelectorImpl.java:130)&#10;        at java.base@21.0.8/sun.nio.ch.SelectorImpl.select(SelectorImpl.java:147)&#10;        at app//org.apache.hadoop.ipc.Server$Listener$Reader.doRunLoop(Server.java:1497)&#10;        at app//org.apache.hadoop.ipc.Server$Listener$Reader.run(Server.java:1476)&#10;&quot;Recon-SyncOM-2&quot;  prio=5 tid=1241 timed_waiting&#10;java.lang.Thread.State: TIMED_WAITING&#10;        at java.base@21.0.8/jdk.internal.misc.Unsafe.park(Native Method)&#10;        at java.base@21.0.8/java.util.concurrent.locks.LockSupport.parkNanos(LockSupport.java:269)&#10;        at java.base@21.0.8/java.util.concurrent.locks.AbstractQueuedSynchronizer$ConditionObject.awaitNanos(AbstractQueuedSynchronizer.java:1763)&#10;        at java.base@21.0.8/java.util.concurrent.ScheduledThreadPoolExecutor$DelayedWorkQueue.take(ScheduledThreadPoolExecutor.java:1182)&#10;        at java.base@21.0.8/java.util.concurrent.ScheduledThreadPoolExecutor$DelayedWorkQueue.take(ScheduledThreadPoolExecutor.java:899)&#10;        at java.base@21.0.8/java.util.concurrent.ThreadPoolExecutor.getTask(ThreadPoolExecutor.java:1070)&#10;        at java.base@21.0.8/java.util.concurrent.ThreadPoolExecutor.runWorker(ThreadPoolExecutor.java:1130)&#10;        at java.base@21.0.8/java.util.concurrent.ThreadPoolExecutor$Worker.run(ThreadPoolExecutor.java:642)&#10;        at java.base@21.0.8/java.lang.Thread.runWith(Thread.java:1596)&#10;        at java.base@21.0.8/java.lang.Thread.run(Thread.java:1583)&#10;&quot;IPC Server handler 3 on default port 15021&quot; daemon prio=5 tid=744 timed_waiting&#10;java.lang.Thread.State: TIMED_WAITING&#10;        at java.base@21.0.8/jdk.internal.misc.Unsafe.park(Native Method)&#10;        at java.base@21.0.8/java.util.concurrent.locks.LockSupport.parkNanos(LockSupport.java:269)&#10;        at java.base@21.0.8/java.util.concurrent.locks.AbstractQueuedSynchronizer$ConditionObject.awaitNanos(AbstractQueuedSynchronizer.java:1763)&#10;        at java.base@21.0.8/java.util.concurrent.LinkedBlockingQueue.poll(LinkedBlockingQueue.java:460)&#10;        at app//org.apache.hadoop.ipc.CallQueueManager.take(CallQueueManager.java:370)&#10;        at app//org.apache.hadoop.ipc.Server$Handler.run(Server.java:3165)&#10;&quot;IPC Server handler 40 on default port 15003&quot; daemon prio=5 tid=261 timed_waiting&#10;java.lang.Thread.State: TIMED_WAITING&#10;        at java.base@21.0.8/jdk.internal.misc.Unsafe.park(Native Method)&#10;        at java.base@21.0.8/java.util.concurrent.locks.LockSupport.parkNanos(LockSupport.java:269)&#10;        at java.base@21.0.8/java.util.concurrent.locks.AbstractQueuedSynchronizer$ConditionObject.awaitNanos(AbstractQueuedSynchronizer.java:1763)&#10;        at java.base@21.0.8/java.util.concurrent.LinkedBlockingQueue.poll(LinkedBlockingQueue.java:460)&#10;        at app//org.apache.hadoop.ipc.CallQueueManager.take(CallQueueManager.java:370)&#10;        at app//org.apache.hadoop.ipc.Server$Handler.run(Server.java:3165)&#10;&quot;IPC Server handler 15 on default port 15002&quot; daemon prio=5 tid=136 timed_waiting&#10;java.lang.Thread.State: TIMED_WAITING&#10;        at java.base@21.0.8/jdk.internal.misc.Unsafe.park(Native Method)&#10;        at java.base@21.0.8/java.util.concurrent.locks.LockSupport.parkNanos(LockSupport.java:269)&#10;        at java.base@21.0.8/java.util.concurrent.locks.AbstractQueuedSynchronizer$ConditionObject.awaitNanos(AbstractQueuedSynchronizer.java:1763)&#10;        at java.base@21.0.8/java.util.concurrent.LinkedBlockingQueue.poll(LinkedBlockingQueue.java:460)&#10;        at app//org.apache.hadoop.ipc.CallQueueManager.take(CallQueueManager.java:370)&#10;        at app//org.apache.hadoop.ipc.Server$Handler.run(Server.java:3165)&#10;&quot;IPC Server handler 94 on default port 15002&quot; daemon prio=5 tid=215 timed_waiting&#10;java.lang.Thread.State: TIMED_WAITING&#10;        at java.base@21.0.8/jdk.internal.misc.Unsafe.park(Native Method)&#10;        at java.base@21.0.8/java.util.concurrent.locks.LockSupport.parkNanos(LockSupport.java:269)&#10;        at java.base@21.0.8/java.util.concurrent.locks.AbstractQueuedSynchronizer$ConditionObject.awaitNanos(AbstractQueuedSynchronizer.java:1763)&#10;        at java.base@21.0.8/java.util.concurrent.LinkedBlockingQueue.poll(LinkedBlockingQueue.java:460)&#10;        at app//org.apache.hadoop.ipc.CallQueueManager.take(CallQueueManager.java:370)&#10;        at app//org.apache.hadoop.ipc.Server$Handler.run(Server.java:3165)&#10;&quot;IPC Server handler 57 on default port 15002&quot; daemon prio=5 tid=178 timed_waiting&#10;java.lang.Thread.State: TIMED_WAITING&#10;        at java.base@21.0.8/jdk.internal.misc.Unsafe.park(Native Method)&#10;        at java.base@21.0.8/java.util.concurrent.locks.LockSupport.parkNanos(LockSupport.java:269)&#10;        at java.base@21.0.8/java.util.concurrent.locks.AbstractQueuedSynchronizer$ConditionObject.awaitNanos(AbstractQueuedSynchronizer.java:1763)&#10;        at java.base@21.0.8/java.util.concurrent.LinkedBlockingQueue.poll(LinkedBlockingQueue.java:460)&#10;        at app//org.apache.hadoop.ipc.CallQueueManager.take(CallQueueManager.java:370)&#10;        at app//org.apache.hadoop.ipc.Server$Handler.run(Server.java:3165)&#10;&quot;IPC Server handler 85 on default port 15002&quot; daemon prio=5 tid=206 timed_waiting&#10;java.lang.Thread.State: TIMED_WAITING&#10;        at java.base@21.0.8/jdk.internal.misc.Unsafe.park(Native Method)&#10;        at java.base@21.0.8/java.util.concurrent.locks.LockSupport.parkNanos(LockSupport.java:269)&#10;        at java.base@21.0.8/java.util.concurrent.locks.AbstractQueuedSynchronizer$ConditionObject.awaitNanos(AbstractQueuedSynchronizer.java:1763)&#10;        at java.base@21.0.8/java.util.concurrent.LinkedBlockingQueue.poll(LinkedBlockingQueue.java:460)&#10;        at app//org.apache.hadoop.ipc.CallQueueManager.take(CallQueueManager.java:370)&#10;        at app//org.apache.hadoop.ipc.Server$Handler.run(Server.java:3165)&#10;&quot;qtp505087261-912&quot; daemon prio=5 tid=912 timed_waiting&#10;java.lang.Thread.State: TIMED_WAITING&#10;        at java.base@21.0.8/jdk.internal.misc.Unsafe.park(Native Method)&#10;        at java.base@21.0.8/java.util.concurrent.locks.LockSupport.parkNanos(LockSupport.java:269)&#10;        at java.base@21.0.8/java.util.concurrent.locks.AbstractQueuedSynchronizer$ConditionObject.awaitNanos(AbstractQueuedSynchronizer.java:1763)&#10;        at app//org.eclipse.jetty.util.BlockingArrayQueue.poll(BlockingArrayQueue.java:382)&#10;        at app//org.eclipse.jetty.util.thread.QueuedThreadPool$Runner.idleJobPoll(QueuedThreadPool.java:974)&#10;        at app//org.eclipse.jetty.util.thread.QueuedThreadPool$Runner.run(QueuedThreadPool.java:1018)&#10;        at java.base@21.0.8/java.lang.Thread.runWith(Thread.java:1596)&#10;        at java.base@21.0.8/java.lang.Thread.run(Thread.java:1583)&#10;&quot;IPC Server handler 51 on default port 15002&quot; daemon prio=5 tid=172 timed_waiting&#10;java.lang.Thread.State: TIMED_WAITING&#10;        at java.base@21.0.8/jdk.internal.misc.Unsafe.park(Native Method)&#10;        at java.base@21.0.8/java.util.concurrent.locks.LockSupport.parkNanos(LockSupport.java:269)&#10;        at java.base@21.0.8/java.util.concurrent.locks.AbstractQueuedSynchronizer$ConditionObject.awaitNanos(AbstractQueuedSynchronizer.java:1763)&#10;        at java.base@21.0.8/java.util.concurrent.LinkedBlockingQueue.poll(LinkedBlockingQueue.java:460)&#10;        at app//org.apache.hadoop.ipc.CallQueueManager.take(CallQueueManager.java:370)&#10;        at app//org.apache.hadoop.ipc.Server$Handler.run(Server.java:3165)&#10;&quot;IPC Server handler 8 on default port 15003&quot; daemon prio=5 tid=229 timed_waiting&#10;java.lang.Thread.State: TIMED_WAITING&#10;        at java.base@21.0.8/jdk.internal.misc.Unsafe.park(Native Method)&#10;        at java.base@21.0.8/java.util.concurrent.locks.LockSupport.parkNanos(LockSupport.java:269)&#10;        at java.base@21.0.8/java.util.concurrent.locks.AbstractQueuedSynchronizer$ConditionObject.awaitNanos(AbstractQueuedSynchronizer.java:1763)&#10;        at java.base@21.0.8/java.util.concurrent.LinkedBlockingQueue.poll(LinkedBlockingQueue.java:460)&#10;        at app//org.apache.hadoop.ipc.CallQueueManager.take(CallQueueManager.java:370)&#10;        at app//org.apache.hadoop.ipc.Server$Handler.run(Server.java:3165)&#10;&quot;IPC Server handler 33 on default port 15003&quot; daemon prio=5 tid=254 timed_waiting&#10;java.lang.Thread.State: TIMED_WAITING&#10;        at java.base@21.0.8/jdk.internal.misc.Unsafe.park(Native Method)&#10;        at java.base@21.0.8/java.util.concurrent.locks.LockSupport.parkNanos(LockSupport.java:269)&#10;        at java.base@21.0.8/java.util.concurrent.locks.AbstractQueuedSynchronizer$ConditionObject.awaitNanos(AbstractQueuedSynchronizer.java:1763)&#10;        at java.base@21.0.8/java.util.concurrent.LinkedBlockingQueue.poll(LinkedBlockingQueue.java:460)&#10;        at app//org.apache.hadoop.ipc.CallQueueManager.take(CallQueueManager.java:370)&#10;        at app//org.apache.hadoop.ipc.Server$Handler.run(Server.java:3165)&#10;&quot;IPC Server idle connection scanner for port 15003&quot; daemon prio=5 tid=87 timed_waiting&#10;java.lang.Thread.State: TIMED_WAITING&#10;        at java.base@21.0.8/java.lang.Object.wait0(Native Method)&#10;        at java.base@21.0.8/java.lang.Object.wait(Object.java:366)&#10;        at java.base@21.0.8/java.util.TimerThread.mainLoop(Timer.java:563)&#10;        at java.base@21.0.8/java.util.TimerThread.run(Timer.java:516)&#10;&quot;00aa5afb-d218-4771-abd7-db0247b9d23b@group-334FE627F997-StateMachineUpdater&quot; daemon prio=5 tid=117 timed_waiting&#10;java.lang.Thread.State: TIMED_WAITING&#10;        at java.base@21.0.8/jdk.internal.misc.Unsafe.park(Native Method)&#10;        at java.base@21.0.8/java.util.concurrent.locks.LockSupport.parkNanos(LockSupport.java:269)&#10;        at java.base@21.0.8/java.util.concurrent.locks.AbstractQueuedSynchronizer$ConditionObject.await(AbstractQueuedSynchronizer.java:1852)&#10;        at app//org.apache.ratis.util.AwaitForSignal.await(AwaitForSignal.java:65)&#10;        at app//org.apache.ratis.server.impl.StateMachineUpdater.waitForCommit(StateMachineUpdater.java:222)&#10;        at app//org.apache.ratis.server.impl.StateMachineUpdater.run(StateMachineUpdater.java:187)&#10;        at java.base@21.0.8/java.lang.Thread.runWith(Thread.java:1596)&#10;        at java.base@21.0.8/java.lang.Thread.run(Thread.java:1583)&#10;&quot;IPC Server handler 58 on default port 15002&quot; daemon prio=5 tid=179 timed_waiting&#10;java.lang.Thread.State: TIMED_WAITING&#10;        at java.base@21.0.8/jdk.internal.misc.Unsafe.park(Native Method)&#10;        at java.base@21.0.8/java.util.concurrent.locks.LockSupport.parkNanos(LockSupport.java:269)&#10;        at java.base@21.0.8/java.util.concurrent.locks.AbstractQueuedSynchronizer$ConditionObject.awaitNanos(AbstractQueuedSynchronizer.java:1763)&#10;        at java.base@21.0.8/java.util.concurrent.LinkedBlockingQueue.poll(LinkedBlockingQueue.java:460)&#10;        at app//org.apache.hadoop.ipc.CallQueueManager.take(CallQueueManager.java:370)&#10;        at app//org.apache.hadoop.ipc.Server$Handler.run(Server.java:3165)&#10;&quot;IPC Server handler 8 on default port 15004&quot; daemon prio=5 tid=347 timed_waiting&#10;java.lang.Thread.State: TIMED_WAITING&#10;        at java.base@21.0.8/jdk.internal.misc.Unsafe.park(Native Method)&#10;        at java.base@21.0.8/java.util.concurrent.locks.LockSupport.parkNanos(LockSupport.java:269)&#10;        at java.base@21.0.8/java.util.concurrent.locks.AbstractQueuedSynchronizer$ConditionObject.awaitNanos(AbstractQueuedSynchronizer.java:1763)&#10;        at java.base@21.0.8/java.util.concurrent.LinkedBlockingQueue.poll(LinkedBlockingQueue.java:460)&#10;        at app//org.apache.hadoop.ipc.CallQueueManager.take(CallQueueManager.java:370)&#10;        at app//org.apache.hadoop.ipc.Server$Handler.run(Server.java:3165)&#10;&quot;DiskUsage-/home/runner/work/ozone/ozone/hadoop-ozone/integration-test-recon/target/test-dir/MiniOzoneClusterImpl-e405f726-f354-48a5-b90a-334fe627f997/ozone-metadata/datanode-2/ratis-&#10;&quot; daemon prio=5 tid=854 timed_waiting&#10;java.lang.Thread.State: TIMED_WAITING&#10;        at java.base@21.0.8/jdk.internal.misc.Unsafe.park(Native Method)&#10;        at java.base@21.0.8/java.util.concurrent.locks.LockSupport.parkNanos(LockSupport.java:269)&#10;        at java.base@21.0.8/java.util.concurrent.locks.AbstractQueuedSynchronizer$ConditionObject.awaitNanos(AbstractQueuedSynchronizer.java:1763)&#10;        at java.base@21.0.8/java.util.concurrent.ScheduledThreadPoolExecutor$DelayedWorkQueue.take(ScheduledThreadPoolExecutor.java:1182)&#10;        at java.base@21.0.8/java.util.concurrent.ScheduledThreadPoolExecutor$DelayedWorkQueue.take(ScheduledThreadPoolExecutor.java:899)&#10;        at java.base@21.0.8/java.util.concurrent.ThreadPoolExecutor.getTask(ThreadPoolExecutor.java:1070)&#10;        at java.base@21.0.8/java.util.concurrent.ThreadPoolExecutor.runWorker(ThreadPoolExecutor.java:1130)&#10;        at java.base@21.0.8/java.util.concurrent.ThreadPoolExecutor$Worker.run(ThreadPoolExecutor.java:642)&#10;        at java.base@21.0.8/java.lang.Thread.runWith(Thread.java:1596)&#10;        at java.base@21.0.8/java.lang.Thread.run(Thread.java:1583)&#10;&quot;Socket Reader #6 for port 15013&quot; daemon prio=5 tid=687 runnable&#10;java.lang.Thread.State: RUNNABLE&#10;        at java.base@21.0.8/sun.nio.ch.EPoll.wait(Native Method)&#10;        at java.base@21.0.8/sun.nio.ch.EPollSelectorImpl.doSelect(EPollSelectorImpl.java:121)&#10;        at java.base@21.0.8/sun.nio.ch.SelectorImpl.lockAndDoSelect(SelectorImpl.java:130)&#10;        at java.base@21.0.8/sun.nio.ch.SelectorImpl.select(SelectorImpl.java:147)&#10;        at app//org.apache.hadoop.ipc.Server$Listener$Reader.doRunLoop(Server.java:1497)&#10;        at app//org.apache.hadoop.ipc.Server$Listener$Reader.run(Server.java:1476)&#10;&quot;42a5f925-1bc2-4f8a-8509-c5ae65e6fcde-BlockDeletingService#1&quot; daemon prio=5 tid=845 in Object.wait()&#10;java.lang.Thread.State: WAITING (on object monitor)&#10;        at java.base@21.0.8/jdk.internal.misc.Unsafe.park(Native Method)&#10;        at java.base@21.0.8/java.util.concurrent.locks.LockSupport.park(LockSupport.java:371)&#10;        at java.base@21.0.8/java.util.concurrent.locks.AbstractQueuedSynchronizer$ConditionNode.block(AbstractQueuedSynchronizer.java:519)&#10;        at java.base@21.0.8/java.util.concurrent.ForkJoinPool.unmanagedBlock(ForkJoinPool.java:3780)&#10;        at java.base@21.0.8/java.util.concurrent.ForkJoinPool.managedBlock(ForkJoinPool.java:3725)&#10;        at java.base@21.0.8/java.util.concurrent.locks.AbstractQueuedSynchronizer$ConditionObject.await(AbstractQueuedSynchronizer.java:1712)&#10;        at java.base@21.0.8/java.util.concurrent.ScheduledThreadPoolExecutor$DelayedWorkQueue.take(ScheduledThreadPoolExecutor.java:1177)&#10;        at java.base@21.0.8/java.util.concurrent.ScheduledThreadPoolExecutor$DelayedWorkQueue.take(ScheduledThreadPoolExecutor.java:899)&#10;        at java.base@21.0.8/java.util.concurrent.ThreadPoolExecutor.getTask(ThreadPoolExecutor.java:1070)&#10;        at java.base@21.0.8/java.util.concurrent.ThreadPoolExecutor.runWorker(ThreadPoolExecutor.java:1130)&#10;        at java.base@21.0.8/java.util.concurrent.ThreadPoolExecutor$Worker.run(ThreadPoolExecutor.java:642)&#10;        at java.base@21.0.8/java.lang.Thread.runWith(Thread.java:1596)&#10;        at java.base@21.0.8/java.lang.Thread.run(Thread.java:1583)&#10;&quot;Socket Reader #4 for port 15037&quot; daemon prio=5 tid=873 runnable&#10;java.lang.Thread.State: RUNNABLE&#10;        at java.base@21.0.8/sun.nio.ch.EPoll.wait(Native Method)&#10;        at java.base@21.0.8/sun.nio.ch.EPollSelectorImpl.doSelect(EPollSelectorImpl.java:121)&#10;        at java.base@21.0.8/sun.nio.ch.SelectorImpl.lockAndDoSelect(SelectorImpl.java:130)&#10;        at java.base@21.0.8/sun.nio.ch.SelectorImpl.select(SelectorImpl.java:147)&#10;        at app//org.apache.hadoop.ipc.Server$Listener$Reader.doRunLoop(Server.java:1497)&#10;        at app//org.apache.hadoop.ipc.Server$Listener$Reader.run(Server.java:1476)&#10;&quot;Recon-EventQueue-DeadNodeForReconDeadNodeHandler&quot; daemon prio=5 tid=1298 in Object.wait()&#10;java.lang.Thread.State: WAITING (on object monitor)&#10;        at java.base@21.0.8/jdk.internal.misc.Unsafe.park(Native Method)&#10;        at java.base@21.0.8/java.util.concurrent.locks.LockSupport.park(LockSupport.java:371)&#10;        at java.base@21.0.8/java.util.concurrent.locks.AbstractQueuedSynchronizer$ConditionNode.block(AbstractQueuedSynchronizer.java:519)&#10;        at java.base@21.0.8/java.util.concurrent.ForkJoinPool.unmanagedBlock(ForkJoinPool.java:3780)&#10;        at java.base@21.0.8/java.util.concurrent.ForkJoinPool.managedBlock(ForkJoinPool.java:3725)&#10;        at java.base@21.0.8/java.util.concurrent.locks.AbstractQueuedSynchronizer$ConditionObject.await(AbstractQueuedSynchronizer.java:1712)&#10;        at java.base@21.0.8/java.util.concurrent.LinkedBlockingQueue.take(LinkedBlockingQueue.java:435)&#10;        at java.base@21.0.8/java.util.concurrent.ThreadPoolExecutor.getTask(ThreadPoolExecutor.java:1070)&#10;        at java.base@21.0.8/java.util.concurrent.ThreadPoolExecutor.runWorker(ThreadPoolExecutor.java:1130)&#10;        at java.base@21.0.8/java.util.concurrent.ThreadPoolExecutor$Worker.run(ThreadPoolExecutor.java:642)&#10;        at java.base@21.0.8/java.lang.Thread.runWith(Thread.java:1596)&#10;        at java.base@21.0.8/java.lang.Thread.run(Thread.java:1583)&#10;&quot;surefire-forkedjvm-command-thread&quot; daemon prio=5 tid=25 runnable&#10;java.lang.Thread.State: RUNNABLE&#10;        at java.base@21.0.8/java.io.FileInputStream.readBytes(Native Method)&#10;        at java.base@21.0.8/java.io.FileInputStream.read(FileInputStream.java:287)&#10;        at java.base@21.0.8/java.io.BufferedInputStream.read1(BufferedInputStream.java:345)&#10;        at java.base@21.0.8/java.io.BufferedInputStream.implRead(BufferedInputStream.java:420)&#10;        at java.base@21.0.8/java.io.BufferedInputStream.read(BufferedInputStream.java:399)&#10;        at java.base@21.0.8/java.io.BufferedInputStream.fill(BufferedInputStream.java:291)&#10;        at java.base@21.0.8/java.io.BufferedInputStream.read1(BufferedInputStream.java:347)&#10;        at java.base@21.0.8/java.io.BufferedInputStream.implRead(BufferedInputStream.java:420)&#10;        at java.base@21.0.8/java.io.BufferedInputStream.read(BufferedInputStream.java:399)&#10;        at app//org.apache.maven.surefire.api.util.internal.Channels$3.readImpl(Channels.java:169)&#10;        at app//org.apache.maven.surefire.api.util.internal.AbstractNoninterruptibleReadableChannel.read(AbstractNoninterruptibleReadableChannel.java:50)&#10;        at app//org.apache.maven.surefire.api.stream.AbstractStreamDecoder.read(AbstractStreamDecoder.java:430)&#10;        at app//org.apache.maven.surefire.api.stream.AbstractStreamDecoder.read(AbstractStreamDecoder.java:419)&#10;        at app//org.apache.maven.surefire.api.stream.AbstractStreamDecoder.readMessageType(AbstractStreamDecoder.java:116)&#10;        at app//org.apache.maven.surefire.booter.stream.CommandDecoder.decode(CommandDecoder.java:77)&#10;        at app//org.apache.maven.surefire.booter.spi.CommandChannelDecoder.decode(CommandChannelDecoder.java:60)&#10;        at app//org.apache.maven.surefire.booter.CommandReader$CommandRunnable.run(CommandReader.java:290)&#10;        at java.base@21.0.8/java.lang.Thread.runWith(Thread.java:1596)&#10;        at java.base@21.0.8/java.lang.Thread.run(Thread.java:1583)&#10;&quot;pool-247-thread-1&quot;  prio=5 tid=905 timed_waiting&#10;java.lang.Thread.State: TIMED_WAITING&#10;        at java.base@21.0.8/jdk.internal.misc.Unsafe.park(Native Method)&#10;        at java.base@21.0.8/java.util.concurrent.locks.LockSupport.parkNanos(LockSupport.java:269)&#10;        at java.base@21.0.8/java.util.concurrent.locks.AbstractQueuedSynchronizer$ConditionObject.awaitNanos(AbstractQueuedSynchronizer.java:1763)&#10;        at java.base@21.0.8/java.util.concurrent.ScheduledThreadPoolExecutor$DelayedWorkQueue.take(ScheduledThreadPoolExecutor.java:1182)&#10;        at java.base@21.0.8/java.util.concurrent.ScheduledThreadPoolExecutor$DelayedWorkQueue.take(ScheduledThreadPoolExecutor.java:899)&#10;        at java.base@21.0.8/java.util.concurrent.ThreadPoolExecutor.getTask(ThreadPoolExecutor.java:1070)&#10;        at java.base@21.0.8/java.util.concurrent.ThreadPoolExecutor.runWorker(ThreadPoolExecutor.java:1130)&#10;        at java.base@21.0.8/java.util.concurrent.ThreadPoolExecutor$Worker.run(ThreadPoolExecutor.java:642)&#10;        at java.base@21.0.8/java.lang.Thread.runWith(Thread.java:1596)&#10;        at java.base@21.0.8/java.lang.Thread.run(Thread.java:1583)&#10;&quot;om1-DirectoryDeletingService#2&quot; daemon prio=5 tid=479 in Object.wait()&#10;java.lang.Thread.State: WAITING (on object monitor)&#10;        at java.base@21.0.8/jdk.internal.misc.Unsafe.park(Native Method)&#10;        at java.base@21.0.8/java.util.concurrent.locks.LockSupport.park(LockSupport.java:371)&#10;        at java.base@21.0.8/java.util.concurrent.locks.AbstractQueuedSynchronizer$ConditionNode.block(AbstractQueuedSynchronizer.java:519)&#10;        at java.base@21.0.8/java.util.concurrent.ForkJoinPool.unmanagedBlock(ForkJoinPool.java:3780)&#10;        at java.base@21.0.8/java.util.concurrent.ForkJoinPool.managedBlock(ForkJoinPool.java:3725)&#10;        at java.base@21.0.8/java.util.concurrent.locks.AbstractQueuedSynchronizer$ConditionObject.await(AbstractQueuedSynchronizer.java:1712)&#10;        at java.base@21.0.8/java.util.concurrent.ScheduledThreadPoolExecutor$DelayedWorkQueue.take(ScheduledThreadPoolExecutor.java:1177)&#10;        at java.base@21.0.8/java.util.concurrent.ScheduledThreadPoolExecutor$DelayedWorkQueue.take(ScheduledThreadPoolExecutor.java:899)&#10;        at java.base@21.0.8/java.util.concurrent.ThreadPoolExecutor.getTask(ThreadPoolExecutor.java:1070)&#10;        at java.base@21.0.8/java.util.concurrent.ThreadPoolExecutor.runWorker(ThreadPoolExecutor.java:1130)&#10;        at java.base@21.0.8/java.util.concurrent.ThreadPoolExecutor$Worker.run(ThreadPoolExecutor.java:642)&#10;        at java.base@21.0.8/java.lang.Thread.runWith(Thread.java:1596)&#10;        at java.base@21.0.8/java.lang.Thread.run(Thread.java:1583)&#10;&quot;IPC Server handler 54 on default port 15004&quot; daemon prio=5 tid=393 timed_waiting&#10;java.lang.Thread.State: TIMED_WAITING&#10;        at java.base@21.0.8/jdk.internal.misc.Unsafe.park(Native Method)&#10;        at java.base@21.0.8/java.util.concurrent.locks.LockSupport.parkNanos(LockSupport.java:269)&#10;        at java.base@21.0.8/java.util.concurrent.locks.AbstractQueuedSynchronizer$ConditionObject.awaitNanos(AbstractQueuedSynchronizer.java:1763)&#10;        at java.base@21.0.8/java.util.concurrent.LinkedBlockingQueue.poll(LinkedBlockingQueue.java:460)&#10;        at app//org.apache.hadoop.ipc.CallQueueManager.take(CallQueueManager.java:370)&#10;        at app//org.apache.hadoop.ipc.Server$Handler.run(Server.java:3165)&#10;&quot;346684e1-b57f-4c29-9507-935dad45bd68-ReplicationContainerReader-3&quot; daemon prio=5 tid=1332 in Object.wait()&#10;java.lang.Thread.State: WAITING (on object monitor)&#10;        at java.base@21.0.8/jdk.internal.misc.Unsafe.park(Native Method)&#10;        at java.base@21.0.8/java.util.concurrent.locks.LockSupport.park(LockSupport.java:371)&#10;        at java.base@21.0.8/java.util.concurrent.locks.AbstractQueuedSynchronizer$ConditionNode.block(AbstractQueuedSynchronizer.java:519)&#10;        at java.base@21.0.8/java.util.concurrent.ForkJoinPool.unmanagedBlock(ForkJoinPool.java:3780)&#10;        at java.base@21.0.8/java.util.concurrent.ForkJoinPool.managedBlock(ForkJoinPool.java:3725)&#10;        at java.base@21.0.8/java.util.concurrent.locks.AbstractQueuedSynchronizer$ConditionObject.await(AbstractQueuedSynchronizer.java:1712)&#10;        at java.base@21.0.8/java.util.concurrent.LinkedBlockingQueue.take(LinkedBlockingQueue.java:435)&#10;        at java.base@21.0.8/java.util.concurrent.ThreadPoolExecutor.getTask(ThreadPoolExecutor.java:1070)&#10;        at java.base@21.0.8/java.util.concurrent.ThreadPoolExecutor.runWorker(ThreadPoolExecutor.java:1130)&#10;        at java.base@21.0.8/java.util.concurrent.ThreadPoolExecutor$Worker.run(ThreadPoolExecutor.java:642)&#10;        at java.base@21.0.8/java.lang.Thread.runWith(Thread.java:1596)&#10;        at java.base@21.0.8/java.lang.Thread.run(Thread.java:1583)&#10;&quot;Socket Reader #7 for port 15004&quot; daemon prio=5 tid=69 runnable&#10;java.lang.Thread.State: RUNNABLE&#10;        at java.base@21.0.8/sun.nio.ch.EPoll.wait(Native Method)&#10;        at java.base@21.0.8/sun.nio.ch.EPollSelectorImpl.doSelect(EPollSelectorImpl.java:121)&#10;        at java.base@21.0.8/sun.nio.ch.SelectorImpl.lockAndDoSelect(SelectorImpl.java:130)&#10;        at java.base@21.0.8/sun.nio.ch.SelectorImpl.select(SelectorImpl.java:147)&#10;        at app//org.apache.hadoop.ipc.Server$Listener$Reader.doRunLoop(Server.java:1497)&#10;        at app//org.apache.hadoop.ipc.Server$Listener$Reader.run(Server.java:1476)&#10;&quot;IPC Server handler 2 on default port 15013&quot; daemon prio=5 tid=697 timed_waiting&#10;java.lang.Thread.State: TIMED_WAITING&#10;        at java.base@21.0.8/jdk.internal.misc.Unsafe.park(Native Method)&#10;        at java.base@21.0.8/java.util.concurrent.locks.LockSupport.parkNanos(LockSupport.java:269)&#10;        at java.base@21.0.8/java.util.concurrent.locks.AbstractQueuedSynchronizer$ConditionObject.awaitNanos(AbstractQueuedSynchronizer.java:1763)&#10;        at java.base@21.0.8/java.util.concurrent.LinkedBlockingQueue.poll(LinkedBlockingQueue.java:460)&#10;        at app//org.apache.hadoop.ipc.CallQueueManager.take(CallQueueManager.java:370)&#10;        at app//org.apache.hadoop.ipc.Server$Handler.run(Server.java:3165)&#10;&quot;IPC Server handler 67 on default port 15003&quot; daemon prio=5 tid=288 timed_waiting&#10;java.lang.Thread.State: TIMED_WAITING&#10;        at java.base@21.0.8/jdk.internal.misc.Unsafe.park(Native Method)&#10;        at java.base@21.0.8/java.util.concurrent.locks.LockSupport.parkNanos(LockSupport.java:269)&#10;        at java.base@21.0.8/java.util.concurrent.locks.AbstractQueuedSynchronizer$ConditionObject.awaitNanos(AbstractQueuedSynchronizer.java:1763)&#10;        at java.base@21.0.8/java.util.concurrent.LinkedBlockingQueue.poll(LinkedBlockingQueue.java:460)&#10;        at app//org.apache.hadoop.ipc.CallQueueManager.take(CallQueueManager.java:370)&#10;        at app//org.apache.hadoop.ipc.Server$Handler.run(Server.java:3165)&#10;&quot;IPC Server handler 78 on default port 15004&quot; daemon prio=5 tid=417 timed_waiting&#10;java.lang.Thread.State: TIMED_WAITING&#10;        at java.base@21.0.8/jdk.internal.misc.Unsafe.park(Native Method)&#10;        at java.base@21.0.8/java.util.concurrent.locks.LockSupport.parkNanos(LockSupport.java:269)&#10;        at java.base@21.0.8/java.util.concurrent.locks.AbstractQueuedSynchronizer$ConditionObject.awaitNanos(AbstractQueuedSynchronizer.java:1763)&#10;        at java.base@21.0.8/java.util.concurrent.LinkedBlockingQueue.poll(LinkedBlockingQueue.java:460)&#10;        at app//org.apache.hadoop.ipc.CallQueueManager.take(CallQueueManager.java:370)&#10;        at app//org.apache.hadoop.ipc.Server$Handler.run(Server.java:3165)&#10;&quot;IPC Server handler 42 on default port 15003&quot; daemon prio=5 tid=263 timed_waiting&#10;java.lang.Thread.State: TIMED_WAITING&#10;        at java.base@21.0.8/jdk.internal.misc.Unsafe.park(Native Method)&#10;        at java.base@21.0.8/java.util.concurrent.locks.LockSupport.parkNanos(LockSupport.java:269)&#10;        at java.base@21.0.8/java.util.concurrent.locks.AbstractQueuedSynchronizer$ConditionObject.awaitNanos(AbstractQueuedSynchronizer.java:1763)&#10;        at java.base@21.0.8/java.util.concurrent.LinkedBlockingQueue.poll(LinkedBlockingQueue.java:460)&#10;        at app//org.apache.hadoop.ipc.CallQueueManager.take(CallQueueManager.java:370)&#10;        at app//org.apache.hadoop.ipc.Server$Handler.run(Server.java:3165)&#10;&quot;Socket Reader #10 for port 15003&quot; daemon prio=5 tid=86 runnable&#10;java.lang.Thread.State: RUNNABLE&#10;        at java.base@21.0.8/sun.nio.ch.EPoll.wait(Native Method)&#10;        at java.base@21.0.8/sun.nio.ch.EPollSelectorImpl.doSelect(EPollSelectorImpl.java:121)&#10;        at java.base@21.0.8/sun.nio.ch.SelectorImpl.lockAndDoSelect(SelectorImpl.java:130)&#10;        at java.base@21.0.8/sun.nio.ch.SelectorImpl.select(SelectorImpl.java:147)&#10;        at app//org.apache.hadoop.ipc.Server$Listener$Reader.doRunLoop(Server.java:1497)&#10;        at app//org.apache.hadoop.ipc.Server$Listener$Reader.run(Server.java:1476)&#10;&quot;IPC Server handler 67 on default port 15002&quot; daemon prio=5 tid=188 timed_waiting&#10;java.lang.Thread.State: TIMED_WAITING&#10;        at java.base@21.0.8/jdk.internal.misc.Unsafe.park(Native Method)&#10;        at java.base@21.0.8/java.util.concurrent.locks.LockSupport.parkNanos(LockSupport.java:269)&#10;        at java.base@21.0.8/java.util.concurrent.locks.AbstractQueuedSynchronizer$ConditionObject.awaitNanos(AbstractQueuedSynchronizer.java:1763)&#10;        at java.base@21.0.8/java.util.concurrent.LinkedBlockingQueue.poll(LinkedBlockingQueue.java:460)&#10;        at app//org.apache.hadoop.ipc.CallQueueManager.take(CallQueueManager.java:370)&#10;        at app//org.apache.hadoop.ipc.Server$Handler.run(Server.java:3165)&#10;&quot;IPC Server handler 91 on default port 15003&quot; daemon prio=5 tid=312 timed_waiting&#10;java.lang.Thread.State: TIMED_WAITING&#10;        at java.base@21.0.8/jdk.internal.misc.Unsafe.park(Native Method)&#10;        at java.base@21.0.8/java.util.concurrent.locks.LockSupport.parkNanos(LockSupport.java:269)&#10;        at java.base@21.0.8/java.util.concurrent.locks.AbstractQueuedSynchronizer$ConditionObject.awaitNanos(AbstractQueuedSynchronizer.java:1763)&#10;        at java.base@21.0.8/java.util.concurrent.LinkedBlockingQueue.poll(LinkedBlockingQueue.java:460)&#10;        at app//org.apache.hadoop.ipc.CallQueueManager.take(CallQueueManager.java:370)&#10;        at app//org.apache.hadoop.ipc.Server$Handler.run(Server.java:3165)&#10;&quot;RatisPipelineUtilsThread-0&quot;  prio=5 tid=55 timed_waiting&#10;java.lang.Thread.State: TIMED_WAITING&#10;        at java.base@21.0.8/java.lang.Object.wait0(Native Method)&#10;        at java.base@21.0.8/java.lang.Object.wait(Object.java:366)&#10;        at app//org.apache.hadoop.hdds.scm.pipeline.BackgroundPipelineCreator.run(BackgroundPipelineCreator.java:181)&#10;        at app//org.apache.hadoop.hdds.scm.pipeline.BackgroundPipelineCreator$$Lambda/0x00007f18e8504b88.run(Unknown Source)&#10;        at java.base@21.0.8/java.lang.Thread.runWith(Thread.java:1596)&#10;        at java.base@21.0.8/java.lang.Thread.run(Thread.java:1583)&#10;&quot;IPC Server handler 9 on default port 15002&quot; daemon prio=5 tid=130 timed_waiting&#10;java.lang.Thread.State: TIMED_WAITING&#10;        at java.base@21.0.8/jdk.internal.misc.Unsafe.park(Native Method)&#10;        at java.base@21.0.8/java.util.concurrent.locks.LockSupport.parkNanos(LockSupport.java:269)&#10;        at java.base@21.0.8/java.util.concurrent.locks.AbstractQueuedSynchronizer$ConditionObject.awaitNanos(AbstractQueuedSynchronizer.java:1763)&#10;        at java.base@21.0.8/java.util.concurrent.LinkedBlockingQueue.poll(LinkedBlockingQueue.java:460)&#10;        at app//org.apache.hadoop.ipc.CallQueueManager.take(CallQueueManager.java:370)&#10;        at app//org.apache.hadoop.ipc.Server$Handler.run(Server.java:3165)&#10;&quot;StaleRecoveringContainerScrubbingService#0&quot; daemon prio=5 tid=1000 in Object.wait()&#10;java.lang.Thread.State: WAITING (on object monitor)&#10;        at java.base@21.0.8/jdk.internal.misc.Unsafe.park(Native Method)&#10;        at java.base@21.0.8/java.util.concurrent.locks.LockSupport.park(LockSupport.java:371)&#10;        at java.base@21.0.8/java.util.concurrent.locks.AbstractQueuedSynchronizer$ConditionNode.block(AbstractQueuedSynchronizer.java:519)&#10;        at java.base@21.0.8/java.util.concurrent.ForkJoinPool.unmanagedBlock(ForkJoinPool.java:3780)&#10;        at java.base@21.0.8/java.util.concurrent.ForkJoinPool.managedBlock(ForkJoinPool.java:3725)&#10;        at java.base@21.0.8/java.util.concurrent.locks.AbstractQueuedSynchronizer$ConditionObject.await(AbstractQueuedSynchronizer.java:1712)&#10;        at java.base@21.0.8/java.util.concurrent.ScheduledThreadPoolExecutor$DelayedWorkQueue.take(ScheduledThreadPoolExecutor.java:1177)&#10;        at java.base@21.0.8/java.util.concurrent.ScheduledThreadPoolExecutor$DelayedWorkQueue.take(ScheduledThreadPoolExecutor.java:899)&#10;        at java.base@21.0.8/java.util.concurrent.ThreadPoolExecutor.getTask(ThreadPoolExecutor.java:1070)&#10;        at java.base@21.0.8/java.util.concurrent.ThreadPoolExecutor.runWorker(ThreadPoolExecutor.java:1130)&#10;        at java.base@21.0.8/java.util.concurrent.ThreadPoolExecutor$Worker.run(ThreadPoolExecutor.java:642)&#10;        at java.base@21.0.8/java.lang.Thread.runWith(Thread.java:1596)&#10;        at java.base@21.0.8/java.lang.Thread.run(Thread.java:1583)&#10;&quot;FixedThreadPoolWithAffinityExecutor-0-0&quot; daemon prio=5 tid=104 timed_waiting&#10;java.lang.Thread.State: TIMED_WAITING&#10;        at java.base@21.0.8/jdk.internal.misc.Unsafe.park(Native Method)&#10;        at java.base@21.0.8/java.util.concurrent.locks.LockSupport.parkNanos(LockSupport.java:269)&#10;        at java.base@21.0.8/java.util.concurrent.locks.AbstractQueuedSynchronizer$ConditionObject.awaitNanos(AbstractQueuedSynchronizer.java:1763)&#10;        at java.base@21.0.8/java.util.concurrent.LinkedBlockingQueue.poll(LinkedBlockingQueue.java:460)&#10;        at app//org.apache.hadoop.hdds.scm.server.ContainerReportQueue.poll(ContainerReportQueue.java:269)&#10;        at app//org.apache.hadoop.hdds.scm.server.ContainerReportQueue.poll(ContainerReportQueue.java:42)&#10;        at app//org.apache.hadoop.hdds.server.events.FixedThreadPoolWithAffinityExecutor$ContainerReportProcessTask.run(FixedThreadPoolWithAffinityExecutor.java:228)&#10;        at java.base@21.0.8/java.util.concurrent.Executors$RunnableAdapter.call(Executors.java:572)&#10;        at java.base@21.0.8/java.util.concurrent.FutureTask.run(FutureTask.java:317)&#10;        at java.base@21.0.8/java.util.concurrent.ThreadPoolExecutor.runWorker(ThreadPoolExecutor.java:1144)&#10;        at java.base@21.0.8/java.util.concurrent.ThreadPoolExecutor$Worker.run(ThreadPoolExecutor.java:642)&#10;        at java.base@21.0.8/java.lang.Thread.runWith(Thread.java:1596)&#10;        at java.base@21.0.8/java.lang.Thread.run(Thread.java:1583)&#10;&quot;IPC Server handler 4 on default port 15021&quot; daemon prio=5 tid=745 timed_waiting&#10;java.lang.Thread.State: TIMED_WAITING&#10;        at java.base@21.0.8/jdk.internal.misc.Unsafe.park(Native Method)&#10;        at java.base@21.0.8/java.util.concurrent.locks.LockSupport.parkNanos(LockSupport.java:269)&#10;        at java.base@21.0.8/java.util.concurrent.locks.AbstractQueuedSynchronizer$ConditionObject.awaitNanos(AbstractQueuedSynchronizer.java:1763)&#10;        at java.base@21.0.8/java.util.concurrent.LinkedBlockingQueue.poll(LinkedBlockingQueue.java:460)&#10;        at app//org.apache.hadoop.ipc.CallQueueManager.take(CallQueueManager.java:370)&#10;        at app//org.apache.hadoop.ipc.Server$Handler.run(Server.java:3165)&#10;&quot;346684e1-b57f-4c29-9507-935dad45bd68-DatanodeStateMachineDaemonThread&quot; daemon prio=10 tid=893 timed_waiting&#10;java.lang.Thread.State: TIMED_WAITING&#10;        at java.base@21.0.8/java.lang.Thread.sleep0(Native Method)&#10;        at java.base@21.0.8/java.lang.Thread.sleep(Thread.java:509)&#10;        at app//org.apache.hadoop.ozone.container.common.statemachine.DatanodeStateMachine.startStateMachineThread(DatanodeStateMachine.java:368)&#10;        at app//org.apache.hadoop.ozone.container.common.statemachine.DatanodeStateMachine.lambda$startDaemon$1(DatanodeStateMachine.java:554)&#10;        at app//org.apache.hadoop.ozone.container.common.statemachine.DatanodeStateMachine$$Lambda/0x00007f18e8c9b698.run(Unknown Source)&#10;        at java.base@21.0.8/java.lang.Thread.runWith(Thread.java:1596)&#10;        at java.base@21.0.8/java.lang.Thread.run(Thread.java:1583)&#10;&quot;IPC Server handler 20 on default port 15004&quot; daemon prio=5 tid=359 timed_waiting&#10;java.lang.Thread.State: TIMED_WAITING&#10;        at java.base@21.0.8/jdk.internal.misc.Unsafe.park(Native Method)&#10;        at java.base@21.0.8/java.util.concurrent.locks.LockSupport.parkNanos(LockSupport.java:269)&#10;        at java.base@21.0.8/java.util.concurrent.locks.AbstractQueuedSynchronizer$ConditionObject.awaitNanos(AbstractQueuedSynchronizer.java:1763)&#10;        at java.base@21.0.8/java.util.concurrent.LinkedBlockingQueue.poll(LinkedBlockingQueue.java:460)&#10;        at app//org.apache.hadoop.ipc.CallQueueManager.take(CallQueueManager.java:370)&#10;        at app//org.apache.hadoop.ipc.Server$Handler.run(Server.java:3165)&#10;&quot;Socket Reader #3 for port 15013&quot; daemon prio=5 tid=684 runnable&#10;java.lang.Thread.State: RUNNABLE&#10;        at java.base@21.0.8/sun.nio.ch.EPoll.wait(Native Method)&#10;        at java.base@21.0.8/sun.nio.ch.EPollSelectorImpl.doSelect(EPollSelectorImpl.java:121)&#10;        at java.base@21.0.8/sun.nio.ch.SelectorImpl.lockAndDoSelect(SelectorImpl.java:130)&#10;        at java.base@21.0.8/sun.nio.ch.SelectorImpl.select(SelectorImpl.java:147)&#10;        at app//org.apache.hadoop.ipc.Server$Listener$Reader.doRunLoop(Server.java:1497)&#10;        at app//org.apache.hadoop.ipc.Server$Listener$Reader.run(Server.java:1476)&#10;&quot;IPC Server handler 47 on default port 15002&quot; daemon prio=5 tid=168 timed_waiting&#10;java.lang.Thread.State: TIMED_WAITING&#10;        at java.base@21.0.8/jdk.internal.misc.Unsafe.park(Native Method)&#10;        at java.base@21.0.8/java.util.concurrent.locks.LockSupport.parkNanos(LockSupport.java:269)&#10;        at java.base@21.0.8/java.util.concurrent.locks.AbstractQueuedSynchronizer$ConditionObject.awaitNanos(AbstractQueuedSynchronizer.java:1763)&#10;        at java.base@21.0.8/java.util.concurrent.LinkedBlockingQueue.poll(LinkedBlockingQueue.java:460)&#10;        at app//org.apache.hadoop.ipc.CallQueueManager.take(CallQueueManager.java:370)&#10;        at app//org.apache.hadoop.ipc.Server$Handler.run(Server.java:3165)&#10;&quot;IPC Server handler 6 on default port 15037&quot; daemon prio=5 tid=889 timed_waiting&#10;java.lang.Thread.State: TIMED_WAITING&#10;        at java.base@21.0.8/jdk.internal.misc.Unsafe.park(Native Method)&#10;        at java.base@21.0.8/java.util.concurrent.locks.LockSupport.parkNanos(LockSupport.java:269)&#10;        at java.base@21.0.8/java.util.concurrent.locks.AbstractQueuedSynchronizer$ConditionObject.awaitNanos(AbstractQueuedSynchronizer.java:1763)&#10;        at java.base@21.0.8/java.util.concurrent.LinkedBlockingQueue.poll(LinkedBlockingQueue.java:460)&#10;        at app//org.apache.hadoop.ipc.CallQueueManager.take(CallQueueManager.java:370)&#10;        at app//org.apache.hadoop.ipc.Server$Handler.run(Server.java:3165)&#10;&quot;IPC Server handler 72 on default port 15001&quot; daemon prio=5 tid=630 timed_waiting&#10;java.lang.Thread.State: TIMED_WAITING&#10;        at java.base@21.0.8/jdk.internal.misc.Unsafe.park(Native Method)&#10;        at java.base@21.0.8/java.util.concurrent.locks.LockSupport.parkNanos(LockSupport.java:269)&#10;        at java.base@21.0.8/java.util.concurrent.locks.AbstractQueuedSynchronizer$ConditionObject.awaitNanos(AbstractQueuedSynchronizer.java:1763)&#10;        at java.base@21.0.8/java.util.concurrent.LinkedBlockingQueue.poll(LinkedBlockingQueue.java:460)&#10;        at app//org.apache.hadoop.ipc.CallQueueManager.take(CallQueueManager.java:370)&#10;        at app//org.apache.hadoop.ipc.Server$Handler.run(Server.java:3165)&#10;&quot;42a5f925-1bc2-4f8a-8509-c5ae65e6fcde@group-EC04683B356A-LeaderStateImpl&quot; daemon prio=5 tid=1097 timed_waiting&#10;java.lang.Thread.State: TIMED_WAITING&#10;        at java.base@21.0.8/jdk.internal.misc.Unsafe.park(Native Method)&#10;        at java.base@21.0.8/java.util.concurrent.locks.LockSupport.parkNanos(LockSupport.java:269)&#10;        at java.base@21.0.8/java.util.concurrent.locks.AbstractQueuedSynchronizer$ConditionObject.awaitNanos(AbstractQueuedSynchronizer.java:1763)&#10;        at java.base@21.0.8/java.util.concurrent.ArrayBlockingQueue.poll(ArrayBlockingQueue.java:435)&#10;        at app//org.apache.ratis.server.impl.LeaderStateImpl$EventQueue.poll(LeaderStateImpl.java:168)&#10;        at app//org.apache.ratis.server.impl.LeaderStateImpl$EventProcessor.run(LeaderStateImpl.java:761)&#10;&quot;IPC Server handler 24 on default port 15002&quot; daemon prio=5 tid=145 timed_waiting&#10;java.lang.Thread.State: TIMED_WAITING&#10;        at java.base@21.0.8/jdk.internal.misc.Unsafe.park(Native Method)&#10;        at java.base@21.0.8/java.util.concurrent.locks.LockSupport.parkNanos(LockSupport.java:269)&#10;        at java.base@21.0.8/java.util.concurrent.locks.AbstractQueuedSynchronizer$ConditionObject.awaitNanos(AbstractQueuedSynchronizer.java:1763)&#10;        at java.base@21.0.8/java.util.concurrent.LinkedBlockingQueue.poll(LinkedBlockingQueue.java:460)&#10;        at app//org.apache.hadoop.ipc.CallQueueManager.take(CallQueueManager.java:370)&#10;        at app//org.apache.hadoop.ipc.Server$Handler.run(Server.java:3165)&#10;&quot;IPC Server handler 32 on default port 15001&quot; daemon prio=5 tid=590 timed_waiting&#10;java.lang.Thread.State: TIMED_WAITING&#10;        at java.base@21.0.8/jdk.internal.misc.Unsafe.park(Native Method)&#10;        at java.base@21.0.8/java.util.concurrent.locks.LockSupport.parkNanos(LockSupport.java:269)&#10;        at java.base@21.0.8/java.util.concurrent.locks.AbstractQueuedSynchronizer$ConditionObject.awaitNanos(AbstractQueuedSynchronizer.java:1763)&#10;        at java.base@21.0.8/java.util.concurrent.LinkedBlockingQueue.poll(LinkedBlockingQueue.java:460)&#10;        at app//org.apache.hadoop.ipc.CallQueueManager.take(CallQueueManager.java:370)&#10;        at app//org.apache.hadoop.ipc.Server$Handler.run(Server.java:3165)&#10;&quot;IPC Server handler 67 on default port 15004&quot; daemon prio=5 tid=406 timed_waiting&#10;java.lang.Thread.State: TIMED_WAITING&#10;        at java.base@21.0.8/jdk.internal.misc.Unsafe.park(Native Method)&#10;        at java.base@21.0.8/java.util.concurrent.locks.LockSupport.parkNanos(LockSupport.java:269)&#10;        at java.base@21.0.8/java.util.concurrent.locks.AbstractQueuedSynchronizer$ConditionObject.awaitNanos(AbstractQueuedSynchronizer.java:1763)&#10;        at java.base@21.0.8/java.util.concurrent.LinkedBlockingQueue.poll(LinkedBlockingQueue.java:460)&#10;        at app//org.apache.hadoop.ipc.CallQueueManager.take(CallQueueManager.java:370)&#10;        at app//org.apache.hadoop.ipc.Server$Handler.run(Server.java:3165)&#10;&quot;qtp1685778567-676&quot; daemon prio=5 tid=676 timed_waiting&#10;java.lang.Thread.State: TIMED_WAITING&#10;        at java.base@21.0.8/jdk.internal.misc.Unsafe.park(Native Method)&#10;        at java.base@21.0.8/java.util.concurrent.locks.LockSupport.parkNanos(LockSupport.java:269)&#10;        at java.base@21.0.8/java.util.concurrent.locks.AbstractQueuedSynchronizer$ConditionObject.awaitNanos(AbstractQueuedSynchronizer.java:1763)&#10;        at app//org.eclipse.jetty.util.BlockingArrayQueue.poll(BlockingArrayQueue.java:382)&#10;        at app//org.eclipse.jetty.util.thread.QueuedThreadPool$Runner.idleJobPoll(QueuedThreadPool.java:974)&#10;        at app//org.eclipse.jetty.util.thread.QueuedThreadPool$Runner.run(QueuedThreadPool.java:1018)&#10;        at java.base@21.0.8/java.lang.Thread.runWith(Thread.java:1596)&#10;        at java.base@21.0.8/java.lang.Thread.run(Thread.java:1583)&#10;&quot;IPC Server handler 88 on default port 15002&quot; daemon prio=5 tid=209 timed_waiting&#10;java.lang.Thread.State: TIMED_WAITING&#10;        at java.base@21.0.8/jdk.internal.misc.Unsafe.park(Native Method)&#10;        at java.base@21.0.8/java.util.concurrent.locks.LockSupport.parkNanos(LockSupport.java:269)&#10;        at java.base@21.0.8/java.util.concurrent.locks.AbstractQueuedSynchronizer$ConditionObject.awaitNanos(AbstractQueuedSynchronizer.java:1763)&#10;        at java.base@21.0.8/java.util.concurrent.LinkedBlockingQueue.poll(LinkedBlockingQueue.java:460)&#10;        at app//org.apache.hadoop.ipc.CallQueueManager.take(CallQueueManager.java:370)&#10;        at app//org.apache.hadoop.ipc.Server$Handler.run(Server.java:3165)&#10;&quot;qtp871701899-718&quot; daemon prio=5 tid=718 runnable&#10;java.lang.Thread.State: RUNNABLE&#10;        at java.base@21.0.8/sun.nio.ch.EPoll.wait(Native Method)&#10;        at java.base@21.0.8/sun.nio.ch.EPollSelectorImpl.doSelect(EPollSelectorImpl.java:121)&#10;        at java.base@21.0.8/sun.nio.ch.SelectorImpl.lockAndDoSelect(SelectorImpl.java:130)&#10;        at java.base@21.0.8/sun.nio.ch.SelectorImpl.select(SelectorImpl.java:147)&#10;        at app//org.eclipse.jetty.io.ManagedSelector.nioSelect(ManagedSelector.java:183)&#10;        at app//org.eclipse.jetty.io.ManagedSelector.select(ManagedSelector.java:190)&#10;        at app//org.eclipse.jetty.io.ManagedSelector$SelectorProducer.select(ManagedSelector.java:606)&#10;        at app//org.eclipse.jetty.io.ManagedSelector$SelectorProducer.produce(ManagedSelector.java:543)&#10;        at app//org.eclipse.jetty.util.thread.strategy.EatWhatYouKill.produceTask(EatWhatYouKill.java:362)&#10;        at app//org.eclipse.jetty.util.thread.strategy.EatWhatYouKill.doProduce(EatWhatYouKill.java:186)&#10;        at app//org.eclipse.jetty.util.thread.strategy.EatWhatYouKill.tryProduce(EatWhatYouKill.java:173)&#10;        at app//org.eclipse.jetty.util.thread.strategy.EatWhatYouKill.produce(EatWhatYouKill.java:137)&#10;        at app//org.eclipse.jetty.io.ManagedSelector$$Lambda/0x00007f18e86c6408.run(Unknown Source)&#10;        at app//org.eclipse.jetty.util.thread.QueuedThreadPool.runJob(QueuedThreadPool.java:883)&#10;        at app//org.eclipse.jetty.util.thread.QueuedThreadPool$Runner.run(QueuedThreadPool.java:1034)&#10;        at java.base@21.0.8/java.lang.Thread.runWith(Thread.java:1596)&#10;        at java.base@21.0.8/java.lang.Thread.run(Thread.java:1583)&#10;&quot;IPC Server Responder&quot; daemon prio=5 tid=74 runnable&#10;java.lang.Thread.State: RUNNABLE&#10;        at java.base@21.0.8/sun.nio.ch.EPoll.wait(Native Method)&#10;        at java.base@21.0.8/sun.nio.ch.EPollSelectorImpl.doSelect(EPollSelectorImpl.java:121)&#10;        at java.base@21.0.8/sun.nio.ch.SelectorImpl.lockAndDoSelect(SelectorImpl.java:130)&#10;        at java.base@21.0.8/sun.nio.ch.SelectorImpl.select(SelectorImpl.java:142)&#10;        at app//org.apache.hadoop.ipc.Server$Responder.doRunLoop(Server.java:1733)&#10;        at app//org.apache.hadoop.ipc.Server$Responder.run(Server.java:1716)&#10;&quot;qtp1553533936-488&quot; daemon prio=5 tid=488 timed_waiting&#10;java.lang.Thread.State: TIMED_WAITING&#10;        at java.base@21.0.8/jdk.internal.misc.Unsafe.park(Native Method)&#10;        at java.base@21.0.8/java.util.concurrent.locks.LockSupport.parkNanos(LockSupport.java:269)&#10;        at java.base@21.0.8/java.util.concurrent.locks.AbstractQueuedSynchronizer$ConditionObject.awaitNanos(AbstractQueuedSynchronizer.java:1763)&#10;        at app//org.eclipse.jetty.util.BlockingArrayQueue.poll(BlockingArrayQueue.java:382)&#10;        at app//org.eclipse.jetty.util.thread.QueuedThreadPool$Runner.idleJobPoll(QueuedThreadPool.java:974)&#10;        at app//org.eclipse.jetty.util.thread.QueuedThreadPool$Runner.run(QueuedThreadPool.java:1018)&#10;        at java.base@21.0.8/java.lang.Thread.runWith(Thread.java:1596)&#10;        at java.base@21.0.8/java.lang.Thread.run(Thread.java:1583)&#10;&quot;IPC Server handler 93 on default port 15002&quot; daemon prio=5 tid=214 timed_waiting&#10;java.lang.Thread.State: TIMED_WAITING&#10;        at java.base@21.0.8/jdk.internal.misc.Unsafe.park(Native Method)&#10;        at java.base@21.0.8/java.util.concurrent.locks.LockSupport.parkNanos(LockSupport.java:269)&#10;        at java.base@21.0.8/java.util.concurrent.locks.AbstractQueuedSynchronizer$ConditionObject.awaitNanos(AbstractQueuedSynchronizer.java:1763)&#10;        at java.base@21.0.8/java.util.concurrent.LinkedBlockingQueue.poll(LinkedBlockingQueue.java:460)&#10;        at app//org.apache.hadoop.ipc.CallQueueManager.take(CallQueueManager.java:370)&#10;        at app//org.apache.hadoop.ipc.Server$Handler.run(Server.java:3165)&#10;&quot;IPC Server handler 36 on default port 15001&quot; daemon prio=5 tid=594 timed_waiting&#10;java.lang.Thread.State: TIMED_WAITING&#10;        at java.base@21.0.8/jdk.internal.misc.Unsafe.park(Native Method)&#10;        at java.base@21.0.8/java.util.concurrent.locks.LockSupport.parkNanos(LockSupport.java:269)&#10;        at java.base@21.0.8/java.util.concurrent.locks.AbstractQueuedSynchronizer$ConditionObject.awaitNanos(AbstractQueuedSynchronizer.java:1763)&#10;        at java.base@21.0.8/java.util.concurrent.LinkedBlockingQueue.poll(LinkedBlockingQueue.java:460)&#10;        at app//org.apache.hadoop.ipc.CallQueueManager.take(CallQueueManager.java:370)&#10;        at app//org.apache.hadoop.ipc.Server$Handler.run(Server.java:3165)&#10;&quot;IPC Server handler 82 on default port 15001&quot; daemon prio=5 tid=640 timed_waiting&#10;java.lang.Thread.State: TIMED_WAITING&#10;        at java.base@21.0.8/jdk.internal.misc.Unsafe.park(Native Method)&#10;        at java.base@21.0.8/java.util.concurrent.locks.LockSupport.parkNanos(LockSupport.java:269)&#10;        at java.base@21.0.8/java.util.concurrent.locks.AbstractQueuedSynchronizer$ConditionObject.awaitNanos(AbstractQueuedSynchronizer.java:1763)&#10;        at java.base@21.0.8/java.util.concurrent.LinkedBlockingQueue.poll(LinkedBlockingQueue.java:460)&#10;        at app//org.apache.hadoop.ipc.CallQueueManager.take(CallQueueManager.java:370)&#10;        at app//org.apache.hadoop.ipc.Server$Handler.run(Server.java:3165)&#10;&quot;IPC Server handler 48 on default port 15001&quot; daemon prio=5 tid=606 timed_waiting&#10;java.lang.Thread.State: TIMED_WAITING&#10;        at java.base@21.0.8/jdk.internal.misc.Unsafe.park(Native Method)&#10;        at java.base@21.0.8/java.util.concurrent.locks.LockSupport.parkNanos(LockSupport.java:269)&#10;        at java.base@21.0.8/java.util.concurrent.locks.AbstractQueuedSynchronizer$ConditionObject.awaitNanos(AbstractQueuedSynchronizer.java:1763)&#10;        at java.base@21.0.8/java.util.concurrent.LinkedBlockingQueue.poll(LinkedBlockingQueue.java:460)&#10;        at app//org.apache.hadoop.ipc.CallQueueManager.take(CallQueueManager.java:370)&#10;        at app//org.apache.hadoop.ipc.Server$Handler.run(Server.java:3165)&#10;&quot;Socket Reader #10 for port 15021&quot; daemon prio=5 tid=737 runnable&#10;java.lang.Thread.State: RUNNABLE&#10;        at java.base@21.0.8/sun.nio.ch.EPoll.wait(Native Method)&#10;        at java.base@21.0.8/sun.nio.ch.EPollSelectorImpl.doSelect(EPollSelectorImpl.java:121)&#10;        at java.base@21.0.8/sun.nio.ch.SelectorImpl.lockAndDoSelect(SelectorImpl.java:130)&#10;        at java.base@21.0.8/sun.nio.ch.SelectorImpl.select(SelectorImpl.java:147)&#10;        at app//org.apache.hadoop.ipc.Server$Listener$Reader.doRunLoop(Server.java:1497)&#10;        at app//org.apache.hadoop.ipc.Server$Listener$Reader.run(Server.java:1476)&#10;&quot;IPC Server handler 35 on default port 15001&quot; daemon prio=5 tid=593 timed_waiting&#10;java.lang.Thread.State: TIMED_WAITING&#10;        at java.base@21.0.8/jdk.internal.misc.Unsafe.park(Native Method)&#10;        at java.base@21.0.8/java.util.concurrent.locks.LockSupport.parkNanos(LockSupport.java:269)&#10;        at java.base@21.0.8/java.util.concurrent.locks.AbstractQueuedSynchronizer$ConditionObject.awaitNanos(AbstractQueuedSynchronizer.java:1763)&#10;        at java.base@21.0.8/java.util.concurrent.LinkedBlockingQueue.poll(LinkedBlockingQueue.java:460)&#10;        at app//org.apache.hadoop.ipc.CallQueueManager.take(CallQueueManager.java:370)&#10;        at app//org.apache.hadoop.ipc.Server$Handler.run(Server.java:3165)&#10;&quot;IPC Server Responder&quot; daemon prio=5 tid=960 runnable&#10;java.lang.Thread.State: RUNNABLE&#10;        at java.base@21.0.8/sun.nio.ch.EPoll.wait(Native Method)&#10;        at java.base@21.0.8/sun.nio.ch.EPollSelectorImpl.doSelect(EPollSelectorImpl.java:121)&#10;        at java.base@21.0.8/sun.nio.ch.SelectorImpl.lockAndDoSelect(SelectorImpl.java:130)&#10;        at java.base@21.0.8/sun.nio.ch.SelectorImpl.select(SelectorImpl.java:142)&#10;        at app//org.apache.hadoop.ipc.Server$Responder.doRunLoop(Server.java:1733)&#10;        at app//org.apache.hadoop.ipc.Server$Responder.run(Server.java:1716)&#10;&quot;ExpiredContainerReplicaOpScrubber&quot; daemon prio=5 tid=57 timed_waiting&#10;java.lang.Thread.State: TIMED_WAITING&#10;        at java.base@21.0.8/java.lang.Object.wait0(Native Method)&#10;        at java.base@21.0.8/java.lang.Object.wait(Object.java:366)&#10;        at app//org.apache.hadoop.hdds.scm.ha.BackgroundSCMService.run(BackgroundSCMService.java:106)&#10;        at app//org.apache.hadoop.hdds.scm.ha.BackgroundSCMService$$Lambda/0x00007f18e85056a8.run(Unknown Source)&#10;        at java.base@21.0.8/java.lang.Thread.runWith(Thread.java:1596)&#10;        at java.base@21.0.8/java.lang.Thread.run(Thread.java:1583)&#10;&quot;pool-272-thread-1&quot;  prio=5 tid=1333 in Object.wait()&#10;java.lang.Thread.State: WAITING (on object monitor)&#10;        at java.base@21.0.8/jdk.internal.misc.Unsafe.park(Native Method)&#10;        at java.base@21.0.8/java.util.concurrent.locks.LockSupport.park(LockSupport.java:371)&#10;        at java.base@21.0.8/java.util.concurrent.locks.AbstractQueuedSynchronizer$ConditionNode.block(AbstractQueuedSynchronizer.java:519)&#10;        at java.base@21.0.8/java.util.concurrent.ForkJoinPool.unmanagedBlock(ForkJoinPool.java:3780)&#10;        at java.base@21.0.8/java.util.concurrent.ForkJoinPool.managedBlock(ForkJoinPool.java:3725)&#10;        at java.base@21.0.8/java.util.concurrent.locks.AbstractQueuedSynchronizer$ConditionObject.await(AbstractQueuedSynchronizer.java:1712)&#10;        at java.base@21.0.8/java.util.concurrent.LinkedBlockingQueue.take(LinkedBlockingQueue.java:435)&#10;        at java.base@21.0.8/java.util.concurrent.ThreadPoolExecutor.getTask(ThreadPoolExecutor.java:1070)&#10;        at java.base@21.0.8/java.util.concurrent.ThreadPoolExecutor.runWorker(ThreadPoolExecutor.java:1130)&#10;        at java.base@21.0.8/java.util.concurrent.ThreadPoolExecutor$Worker.run(ThreadPoolExecutor.java:642)&#10;        at java.base@21.0.8/java.lang.Thread.runWith(Thread.java:1596)&#10;        at java.base@21.0.8/java.lang.Thread.run(Thread.java:1583)&#10;&quot;Socket Reader #5 for port 15045&quot; daemon prio=5 tid=953 runnable&#10;java.lang.Thread.State: RUNNABLE&#10;        at java.base@21.0.8/sun.nio.ch.EPoll.wait(Native Method)&#10;        at java.base@21.0.8/sun.nio.ch.EPollSelectorImpl.doSelect(EPollSelectorImpl.java:121)&#10;        at java.base@21.0.8/sun.nio.ch.SelectorImpl.lockAndDoSelect(SelectorImpl.java:130)&#10;        at java.base@21.0.8/sun.nio.ch.SelectorImpl.select(SelectorImpl.java:147)&#10;        at app//org.apache.hadoop.ipc.Server$Listener$Reader.doRunLoop(Server.java:1497)&#10;        at app//org.apache.hadoop.ipc.Server$Listener$Reader.run(Server.java:1476)&#10;&quot;DiskUsage-/home/runner/work/ozone/ozone/hadoop-ozone/integration-test-recon/target/test-dir/MiniOzoneClusterImpl-e405f726-f354-48a5-b90a-334fe627f997/ozone-metadata/datanode-1/ratis-&#10;&quot; daemon prio=5 tid=831 timed_waiting&#10;java.lang.Thread.State: TIMED_WAITING&#10;        at java.base@21.0.8/jdk.internal.misc.Unsafe.park(Native Method)&#10;        at java.base@21.0.8/java.util.concurrent.locks.LockSupport.parkNanos(LockSupport.java:269)&#10;        at java.base@21.0.8/java.util.concurrent.locks.AbstractQueuedSynchronizer$ConditionObject.awaitNanos(AbstractQueuedSynchronizer.java:1763)&#10;        at java.base@21.0.8/java.util.concurrent.ScheduledThreadPoolExecutor$DelayedWorkQueue.take(ScheduledThreadPoolExecutor.java:1182)&#10;        at java.base@21.0.8/java.util.concurrent.ScheduledThreadPoolExecutor$DelayedWorkQueue.take(ScheduledThreadPoolExecutor.java:899)&#10;        at java.base@21.0.8/java.util.concurrent.ThreadPoolExecutor.getTask(ThreadPoolExecutor.java:1070)&#10;        at java.base@21.0.8/java.util.concurrent.ThreadPoolExecutor.runWorker(ThreadPoolExecutor.java:1130)&#10;        at java.base@21.0.8/java.util.concurrent.ThreadPoolExecutor$Worker.run(ThreadPoolExecutor.java:642)&#10;        at java.base@21.0.8/java.lang.Thread.runWith(Thread.java:1596)&#10;        at java.base@21.0.8/java.lang.Thread.run(Thread.java:1583)&#10;&quot;IPC Client (1164532897) connection to localhost/127.0.0.1:15001 from runner&quot; daemon prio=5 tid=807 timed_waiting&#10;java.lang.Thread.State: TIMED_WAITING&#10;        at java.base@21.0.8/java.lang.Object.wait0(Native Method)&#10;        at java.base@21.0.8/java.lang.Object.wait(Object.java:366)&#10;        at app//org.apache.hadoop.ipc.Client$Connection.waitForWork(Client.java:1042)&#10;        at app//org.apache.hadoop.ipc.Client$Connection.run(Client.java:1093)&#10;&quot;LeaseManager#LeaseMonitor&quot; daemon prio=5 tid=322 timed_waiting&#10;java.lang.Thread.State: TIMED_WAITING&#10;        at java.base@21.0.8/jdk.internal.misc.Unsafe.park(Native Method)&#10;        at java.base@21.0.8/java.util.concurrent.locks.LockSupport.parkNanos(LockSupport.java:269)&#10;        at java.base@21.0.8/java.util.concurrent.locks.AbstractQueuedSynchronizer.acquire(AbstractQueuedSynchronizer.java:756)&#10;        at java.base@21.0.8/java.util.concurrent.locks.AbstractQueuedSynchronizer.tryAcquireSharedNanos(AbstractQueuedSynchronizer.java:1126)&#10;        at java.base@21.0.8/java.util.concurrent.Semaphore.tryAcquire(Semaphore.java:415)&#10;        at app//org.apache.hadoop.ozone.lease.LeaseManager$LeaseMonitor.run(LeaseManager.java:283)&#10;        at java.base@21.0.8/java.lang.Thread.runWith(Thread.java:1596)&#10;        at java.base@21.0.8/java.lang.Thread.run(Thread.java:1583)&#10;&quot;IPC Server handler 60 on default port 15004&quot; daemon prio=5 tid=399 timed_waiting&#10;java.lang.Thread.State: TIMED_WAITING&#10;        at java.base@21.0.8/jdk.internal.misc.Unsafe.park(Native Method)&#10;        at java.base@21.0.8/java.util.concurrent.locks.LockSupport.parkNanos(LockSupport.java:269)&#10;        at java.base@21.0.8/java.util.concurrent.locks.AbstractQueuedSynchronizer$ConditionObject.awaitNanos(AbstractQueuedSynchronizer.java:1763)&#10;        at java.base@21.0.8/java.util.concurrent.LinkedBlockingQueue.poll(LinkedBlockingQueue.java:460)&#10;        at app//org.apache.hadoop.ipc.CallQueueManager.take(CallQueueManager.java:370)&#10;        at app//org.apache.hadoop.ipc.Server$Handler.run(Server.java:3165)&#10;&quot;IPC Server handler 70 on default port 15002&quot; daemon prio=5 tid=191 timed_waiting&#10;java.lang.Thread.State: TIMED_WAITING&#10;        at java.base@21.0.8/jdk.internal.misc.Unsafe.park(Native Method)&#10;        at java.base@21.0.8/java.util.concurrent.locks.LockSupport.parkNanos(LockSupport.java:269)&#10;        at java.base@21.0.8/java.util.concurrent.locks.AbstractQueuedSynchronizer$ConditionObject.awaitNanos(AbstractQueuedSynchronizer.java:1763)&#10;        at java.base@21.0.8/java.util.concurrent.LinkedBlockingQueue.poll(LinkedBlockingQueue.java:460)&#10;        at app//org.apache.hadoop.ipc.CallQueueManager.take(CallQueueManager.java:370)&#10;        at app//org.apache.hadoop.ipc.Server$Handler.run(Server.java:3165)&#10;&quot;SSL Certificates Store Monitor&quot; daemon prio=5 tid=1366 in Object.wait()&#10;java.lang.Thread.State: WAITING (on object monitor)&#10;        at java.base@21.0.8/java.lang.Object.wait0(Native Method)&#10;        at java.base@21.0.8/java.lang.Object.wait(Object.java:366)&#10;        at java.base@21.0.8/java.lang.Object.wait(Object.java:339)&#10;        at java.base@21.0.8/java.util.TimerThread.mainLoop(Timer.java:537)&#10;        at java.base@21.0.8/java.util.TimerThread.run(Timer.java:516)&#10;&quot;Socket Reader #2 for port 15045&quot; daemon prio=5 tid=950 runnable&#10;java.lang.Thread.State: RUNNABLE&#10;        at java.base@21.0.8/sun.nio.ch.EPoll.wait(Native Method)&#10;        at java.base@21.0.8/sun.nio.ch.EPollSelectorImpl.doSelect(EPollSelectorImpl.java:121)&#10;        at java.base@21.0.8/sun.nio.ch.SelectorImpl.lockAndDoSelect(SelectorImpl.java:130)&#10;        at java.base@21.0.8/sun.nio.ch.SelectorImpl.select(SelectorImpl.java:147)&#10;        at app//org.apache.hadoop.ipc.Server$Listener$Reader.doRunLoop(Server.java:1497)&#10;        at app//org.apache.hadoop.ipc.Server$Listener$Reader.run(Server.java:1476)&#10;&quot;Socket Reader #10 for port 15013&quot; daemon prio=5 tid=691 runnable&#10;java.lang.Thread.State: RUNNABLE&#10;        at java.base@21.0.8/sun.nio.ch.EPoll.wait(Native Method)&#10;        at java.base@21.0.8/sun.nio.ch.EPollSelectorImpl.doSelect(EPollSelectorImpl.java:121)&#10;        at java.base@21.0.8/sun.nio.ch.SelectorImpl.lockAndDoSelect(SelectorImpl.java:130)&#10;        at java.base@21.0.8/sun.nio.ch.SelectorImpl.select(SelectorImpl.java:147)&#10;        at app//org.apache.hadoop.ipc.Server$Listener$Reader.doRunLoop(Server.java:1497)&#10;        at app//org.apache.hadoop.ipc.Server$Listener$Reader.run(Server.java:1476)&#10;&quot;pool-73-thread-1&quot;  prio=5 tid=517 timed_waiting&#10;java.lang.Thread.State: TIMED_WAITING&#10;        at java.base@21.0.8/jdk.internal.misc.Unsafe.park(Native Method)&#10;        at java.base@21.0.8/java.util.concurrent.locks.LockSupport.parkNanos(LockSupport.java:269)&#10;        at java.base@21.0.8/java.util.concurrent.locks.AbstractQueuedSynchronizer$ConditionObject.awaitNanos(AbstractQueuedSynchronizer.java:1763)&#10;        at java.base@21.0.8/java.util.concurrent.ScheduledThreadPoolExecutor$DelayedWorkQueue.take(ScheduledThreadPoolExecutor.java:1182)&#10;        at java.base@21.0.8/java.util.concurrent.ScheduledThreadPoolExecutor$DelayedWorkQueue.take(ScheduledThreadPoolExecutor.java:899)&#10;        at java.base@21.0.8/java.util.concurrent.ThreadPoolExecutor.getTask(ThreadPoolExecutor.java:1070)&#10;        at java.base@21.0.8/java.util.concurrent.ThreadPoolExecutor.runWorker(ThreadPoolExecutor.java:1130)&#10;        at java.base@21.0.8/java.util.concurrent.ThreadPoolExecutor$Worker.run(ThreadPoolExecutor.java:642)&#10;        at java.base@21.0.8/java.lang.Thread.runWith(Thread.java:1596)&#10;        at java.base@21.0.8/java.lang.Thread.run(Thread.java:1583)&#10;&quot;IPC Server handler 56 on default port 15001&quot; daemon prio=5 tid=614 timed_waiting&#10;java.lang.Thread.State: TIMED_WAITING&#10;        at java.base@21.0.8/jdk.internal.misc.Unsafe.park(Native Method)&#10;        at java.base@21.0.8/java.util.concurrent.locks.LockSupport.parkNanos(LockSupport.java:269)&#10;        at java.base@21.0.8/java.util.concurrent.locks.AbstractQueuedSynchronizer$ConditionObject.awaitNanos(AbstractQueuedSynchronizer.java:1763)&#10;        at java.base@21.0.8/java.util.concurrent.LinkedBlockingQueue.poll(LinkedBlockingQueue.java:460)&#10;        at app//org.apache.hadoop.ipc.CallQueueManager.take(CallQueueManager.java:370)&#10;        at app//org.apache.hadoop.ipc.Server$Handler.run(Server.java:3165)&#10;&quot;IPC Server handler 24 on default port 15003&quot; daemon prio=5 tid=245 timed_waiting&#10;java.lang.Thread.State: TIMED_WAITING&#10;        at java.base@21.0.8/jdk.internal.misc.Unsafe.park(Native Method)&#10;        at java.base@21.0.8/java.util.concurrent.locks.LockSupport.parkNanos(LockSupport.java:269)&#10;        at java.base@21.0.8/java.util.concurrent.locks.AbstractQueuedSynchronizer$ConditionObject.awaitNanos(AbstractQueuedSynchronizer.java:1763)&#10;        at java.base@21.0.8/java.util.concurrent.LinkedBlockingQueue.poll(LinkedBlockingQueue.java:460)&#10;        at app//org.apache.hadoop.ipc.CallQueueManager.take(CallQueueManager.java:370)&#10;        at app//org.apache.hadoop.ipc.Server$Handler.run(Server.java:3165)&#10;&quot;IPC Server handler 95 on default port 15002&quot; daemon prio=5 tid=216 timed_waiting&#10;java.lang.Thread.State: TIMED_WAITING&#10;        at java.base@21.0.8/jdk.internal.misc.Unsafe.park(Native Method)&#10;        at java.base@21.0.8/java.util.concurrent.locks.LockSupport.parkNanos(LockSupport.java:269)&#10;        at java.base@21.0.8/java.util.concurrent.locks.AbstractQueuedSynchronizer$ConditionObject.awaitNanos(AbstractQueuedSynchronizer.java:1763)&#10;        at java.base@21.0.8/java.util.concurrent.LinkedBlockingQueue.poll(LinkedBlockingQueue.java:460)&#10;        at app//org.apache.hadoop.ipc.CallQueueManager.take(CallQueueManager.java:370)&#10;        at app//org.apache.hadoop.ipc.Server$Handler.run(Server.java:3165)&#10;&quot;IPC Server handler 53 on default port 15003&quot; daemon prio=5 tid=274 timed_waiting&#10;java.lang.Thread.State: TIMED_WAITING&#10;        at java.base@21.0.8/jdk.internal.misc.Unsafe.park(Native Method)&#10;        at java.base@21.0.8/java.util.concurrent.locks.LockSupport.parkNanos(LockSupport.java:269)&#10;        at java.base@21.0.8/java.util.concurrent.locks.AbstractQueuedSynchronizer$ConditionObject.awaitNanos(AbstractQueuedSynchronizer.java:1763)&#10;        at java.base@21.0.8/java.util.concurrent.LinkedBlockingQueue.poll(LinkedBlockingQueue.java:460)&#10;        at app//org.apache.hadoop.ipc.CallQueueManager.take(CallQueueManager.java:370)&#10;        at app//org.apache.hadoop.ipc.Server$Handler.run(Server.java:3165)&#10;&quot;IPC Server handler 98 on default port 15002&quot; daemon prio=5 tid=219 timed_waiting&#10;java.lang.Thread.State: TIMED_WAITING&#10;        at java.base@21.0.8/jdk.internal.misc.Unsafe.park(Native Method)&#10;        at java.base@21.0.8/java.util.concurrent.locks.LockSupport.parkNanos(LockSupport.java:269)&#10;        at java.base@21.0.8/java.util.concurrent.locks.AbstractQueuedSynchronizer$ConditionObject.awaitNanos(AbstractQueuedSynchronizer.java:1763)&#10;        at java.base@21.0.8/java.util.concurrent.LinkedBlockingQueue.poll(LinkedBlockingQueue.java:460)&#10;        at app//org.apache.hadoop.ipc.CallQueueManager.take(CallQueueManager.java:370)&#10;        at app//org.apache.hadoop.ipc.Server$Handler.run(Server.java:3165)&#10;&quot;IPC Server handler 1 on default port 15021&quot; daemon prio=5 tid=742 timed_waiting&#10;java.lang.Thread.State: TIMED_WAITING&#10;        at java.base@21.0.8/jdk.internal.misc.Unsafe.park(Native Method)&#10;        at java.base@21.0.8/java.util.concurrent.locks.LockSupport.parkNanos(LockSupport.java:269)&#10;        at java.base@21.0.8/java.util.concurrent.locks.AbstractQueuedSynchronizer$ConditionObject.awaitNanos(AbstractQueuedSynchronizer.java:1763)&#10;        at java.base@21.0.8/java.util.concurrent.LinkedBlockingQueue.poll(LinkedBlockingQueue.java:460)&#10;        at app//org.apache.hadoop.ipc.CallQueueManager.take(CallQueueManager.java:370)&#10;        at app//org.apache.hadoop.ipc.Server$Handler.run(Server.java:3165)&#10;&quot;qtp1553533936-483&quot; daemon prio=5 tid=483 runnable&#10;java.lang.Thread.State: RUNNABLE&#10;        at java.base@21.0.8/sun.nio.ch.EPoll.wait(Native Method)&#10;        at java.base@21.0.8/sun.nio.ch.EPollSelectorImpl.doSelect(EPollSelectorImpl.java:121)&#10;        at java.base@21.0.8/sun.nio.ch.SelectorImpl.lockAndDoSelect(SelectorImpl.java:130)&#10;        at java.base@21.0.8/sun.nio.ch.SelectorImpl.select(SelectorImpl.java:147)&#10;        at app//org.eclipse.jetty.io.ManagedSelector.nioSelect(ManagedSelector.java:183)&#10;        at app//org.eclipse.jetty.io.ManagedSelector.select(ManagedSelector.java:190)&#10;        at app//org.eclipse.jetty.io.ManagedSelector$SelectorProducer.select(ManagedSelector.java:606)&#10;        at app//org.eclipse.jetty.io.ManagedSelector$SelectorProducer.produce(ManagedSelector.java:543)&#10;        at app//org.eclipse.jetty.util.thread.strategy.EatWhatYouKill.produceTask(EatWhatYouKill.java:362)&#10;        at app//org.eclipse.jetty.util.thread.strategy.EatWhatYouKill.doProduce(EatWhatYouKill.java:186)&#10;        at app//org.eclipse.jetty.util.thread.strategy.EatWhatYouKill.tryProduce(EatWhatYouKill.java:173)&#10;        at app//org.eclipse.jetty.util.thread.strategy.EatWhatYouKill.produce(EatWhatYouKill.java:137)&#10;        at app//org.eclipse.jetty.io.ManagedSelector$$Lambda/0x00007f18e86c6408.run(Unknown Source)&#10;        at app//org.eclipse.jetty.util.thread.QueuedThreadPool.runJob(QueuedThreadPool.java:883)&#10;        at app//org.eclipse.jetty.util.thread.QueuedThreadPool$Runner.run(QueuedThreadPool.java:1034)&#10;        at java.base@21.0.8/java.lang.Thread.runWith(Thread.java:1596)&#10;        at java.base@21.0.8/java.lang.Thread.run(Thread.java:1583)&#10;&quot;346684e1-b57f-4c29-9507-935dad45bd68@group-06B9DB8EB07D-LeaderStateImpl&quot; daemon prio=5 tid=1122 timed_waiting&#10;java.lang.Thread.State: TIMED_WAITING&#10;        at java.base@21.0.8/jdk.internal.misc.Unsafe.park(Native Method)&#10;        at java.base@21.0.8/java.util.concurrent.locks.LockSupport.parkNanos(LockSupport.java:269)&#10;        at java.base@21.0.8/java.util.concurrent.locks.AbstractQueuedSynchronizer$ConditionObject.awaitNanos(AbstractQueuedSynchronizer.java:1763)&#10;        at java.base@21.0.8/java.util.concurrent.ArrayBlockingQueue.poll(ArrayBlockingQueue.java:435)&#10;        at app//org.apache.ratis.server.impl.LeaderStateImpl$EventQueue.poll(LeaderStateImpl.java:168)&#10;        at app//org.apache.ratis.server.impl.LeaderStateImpl$EventProcessor.run(LeaderStateImpl.java:761)&#10;&quot;Socket Reader #1 for port 15008&quot; daemon prio=5 tid=450 runnable&#10;java.lang.Thread.State: RUNNABLE&#10;        at java.base@21.0.8/sun.nio.ch.EPoll.wait(Native Method)&#10;        at java.base@21.0.8/sun.nio.ch.EPollSelectorImpl.doSelect(EPollSelectorImpl.java:121)&#10;        at java.base@21.0.8/sun.nio.ch.SelectorImpl.lockAndDoSelect(SelectorImpl.java:130)&#10;        at java.base@21.0.8/sun.nio.ch.SelectorImpl.select(SelectorImpl.java:147)&#10;        at app//org.apache.hadoop.ipc.Server$Listener$Reader.doRunLoop(Server.java:1497)&#10;        at app//org.apache.hadoop.ipc.Server$Listener$Reader.run(Server.java:1476)&#10;&quot;IPC Server listener on 15021&quot; daemon prio=5 tid=727 runnable&#10;java.lang.Thread.State: RUNNABLE&#10;        at java.base@21.0.8/sun.nio.ch.EPoll.wait(Native Method)&#10;        at java.base@21.0.8/sun.nio.ch.EPollSelectorImpl.doSelect(EPollSelectorImpl.java:121)&#10;        at java.base@21.0.8/sun.nio.ch.SelectorImpl.lockAndDoSelect(SelectorImpl.java:130)&#10;        at java.base@21.0.8/sun.nio.ch.SelectorImpl.select(SelectorImpl.java:147)&#10;        at app//org.apache.hadoop.ipc.Server$Listener.run(Server.java:1559)&#10;&quot;IPC Server handler 89 on default port 15002&quot; daemon prio=5 tid=210 timed_waiting&#10;java.lang.Thread.State: TIMED_WAITING&#10;        at java.base@21.0.8/jdk.internal.misc.Unsafe.park(Native Method)&#10;        at java.base@21.0.8/java.util.concurrent.locks.LockSupport.parkNanos(LockSupport.java:269)&#10;        at java.base@21.0.8/java.util.concurrent.locks.AbstractQueuedSynchronizer$ConditionObject.awaitNanos(AbstractQueuedSynchronizer.java:1763)&#10;        at java.base@21.0.8/java.util.concurrent.LinkedBlockingQueue.poll(LinkedBlockingQueue.java:460)&#10;        at app//org.apache.hadoop.ipc.CallQueueManager.take(CallQueueManager.java:370)&#10;        at app//org.apache.hadoop.ipc.Server$Handler.run(Server.java:3165)&#10;&quot;IPC Server handler 16 on default port 15008&quot; daemon prio=5 tid=508 timed_waiting&#10;java.lang.Thread.State: TIMED_WAITING&#10;        at java.base@21.0.8/jdk.internal.misc.Unsafe.park(Native Method)&#10;        at java.base@21.0.8/java.util.concurrent.locks.LockSupport.parkNanos(LockSupport.java:269)&#10;        at java.base@21.0.8/java.util.concurrent.locks.AbstractQueuedSynchronizer$ConditionObject.awaitNanos(AbstractQueuedSynchronizer.java:1763)&#10;        at java.base@21.0.8/java.util.concurrent.LinkedBlockingQueue.poll(LinkedBlockingQueue.java:460)&#10;        at app//org.apache.hadoop.ipc.CallQueueManager.take(CallQueueManager.java:370)&#10;        at app//org.apache.hadoop.ipc.Server$Handler.run(Server.java:3165)&#10;&quot;Socket Reader #4 for port 15002&quot; daemon prio=5 tid=94 runnable&#10;java.lang.Thread.State: RUNNABLE&#10;        at java.base@21.0.8/sun.nio.ch.EPoll.wait(Native Method)&#10;        at java.base@21.0.8/sun.nio.ch.EPollSelectorImpl.doSelect(EPollSelectorImpl.java:121)&#10;        at java.base@21.0.8/sun.nio.ch.SelectorImpl.lockAndDoSelect(SelectorImpl.java:130)&#10;        at java.base@21.0.8/sun.nio.ch.SelectorImpl.select(SelectorImpl.java:147)&#10;        at app//org.apache.hadoop.ipc.Server$Listener$Reader.doRunLoop(Server.java:1497)&#10;        at app//org.apache.hadoop.ipc.Server$Listener$Reader.run(Server.java:1476)&#10;&quot;IPC Server handler 6 on default port 15003&quot; daemon prio=5 tid=227 timed_waiting&#10;java.lang.Thread.State: TIMED_WAITING&#10;        at java.base@21.0.8/jdk.internal.misc.Unsafe.park(Native Method)&#10;        at java.base@21.0.8/java.util.concurrent.locks.LockSupport.parkNanos(LockSupport.java:269)&#10;        at java.base@21.0.8/java.util.concurrent.locks.AbstractQueuedSynchronizer$ConditionObject.awaitNanos(AbstractQueuedSynchronizer.java:1763)&#10;        at java.base@21.0.8/java.util.concurrent.LinkedBlockingQueue.poll(LinkedBlockingQueue.java:460)&#10;        at app//org.apache.hadoop.ipc.CallQueueManager.take(CallQueueManager.java:370)&#10;        at app//org.apache.hadoop.ipc.Server$Handler.run(Server.java:3165)&#10;&quot;d5ad88c2-6e7a-4660-bab6-a4e8807a575e-DatanodeStateMachineDaemonThread&quot; daemon prio=10 tid=751 timed_waiting&#10;java.lang.Thread.State: TIMED_WAITING&#10;        at java.base@21.0.8/java.lang.Thread.sleep0(Native Method)&#10;        at java.base@21.0.8/java.lang.Thread.sleep(Thread.java:509)&#10;        at app//org.apache.hadoop.ozone.container.common.statemachine.DatanodeStateMachine.startStateMachineThread(DatanodeStateMachine.java:368)&#10;        at app//org.apache.hadoop.ozone.container.common.statemachine.DatanodeStateMachine.lambda$startDaemon$1(DatanodeStateMachine.java:554)&#10;        at app//org.apache.hadoop.ozone.container.common.statemachine.DatanodeStateMachine$$Lambda/0x00007f18e8c9b698.run(Unknown Source)&#10;        at java.base@21.0.8/java.lang.Thread.runWith(Thread.java:1596)&#10;        at java.base@21.0.8/java.lang.Thread.run(Thread.java:1583)&#10;&quot;Socket Reader #4 for port 15008&quot; daemon prio=5 tid=453 runnable&#10;java.lang.Thread.State: RUNNABLE&#10;        at java.base@21.0.8/sun.nio.ch.EPoll.wait(Native Method)&#10;        at java.base@21.0.8/sun.nio.ch.EPollSelectorImpl.doSelect(EPollSelectorImpl.java:121)&#10;        at java.base@21.0.8/sun.nio.ch.SelectorImpl.lockAndDoSelect(SelectorImpl.java:130)&#10;        at java.base@21.0.8/sun.nio.ch.SelectorImpl.select(SelectorImpl.java:147)&#10;        at app//org.apache.hadoop.ipc.Server$Listener$Reader.doRunLoop(Server.java:1497)&#10;        at app//org.apache.hadoop.ipc.Server$Listener$Reader.run(Server.java:1476)&#10;&quot;DiskUsage-/home/runner/work/ozone/ozone/hadoop-ozone/integration-test-recon/target/test-dir/MiniOzoneClusterImpl-e405f726-f354-48a5-b90a-334fe627f997/ozone-metadata/datanode-1/data-0-&#10;&quot; daemon prio=5 tid=830 timed_waiting&#10;java.lang.Thread.State: TIMED_WAITING&#10;        at java.base@21.0.8/jdk.internal.misc.Unsafe.park(Native Method)&#10;        at java.base@21.0.8/java.util.concurrent.locks.LockSupport.parkNanos(LockSupport.java:269)&#10;        at java.base@21.0.8/java.util.concurrent.locks.AbstractQueuedSynchronizer$ConditionObject.awaitNanos(AbstractQueuedSynchronizer.java:1763)&#10;        at java.base@21.0.8/java.util.concurrent.ScheduledThreadPoolExecutor$DelayedWorkQueue.take(ScheduledThreadPoolExecutor.java:1182)&#10;        at java.base@21.0.8/java.util.concurrent.ScheduledThreadPoolExecutor$DelayedWorkQueue.take(ScheduledThreadPoolExecutor.java:899)&#10;        at java.base@21.0.8/java.util.concurrent.ThreadPoolExecutor.getTask(ThreadPoolExecutor.java:1070)&#10;        at java.base@21.0.8/java.util.concurrent.ThreadPoolExecutor.runWorker(ThreadPoolExecutor.java:1130)&#10;        at java.base@21.0.8/java.util.concurrent.ThreadPoolExecutor$Worker.run(ThreadPoolExecutor.java:642)&#10;        at java.base@21.0.8/java.lang.Thread.runWith(Thread.java:1596)&#10;        at java.base@21.0.8/java.lang.Thread.run(Thread.java:1583)&#10;&quot;qtp505087261-909&quot; daemon prio=5 tid=909 timed_waiting&#10;java.lang.Thread.State: TIMED_WAITING&#10;        at java.base@21.0.8/jdk.internal.misc.Unsafe.park(Native Method)&#10;        at java.base@21.0.8/java.util.concurrent.locks.LockSupport.parkNanos(LockSupport.java:269)&#10;        at java.base@21.0.8/java.util.concurrent.locks.AbstractQueuedSynchronizer$ConditionObject.awaitNanos(AbstractQueuedSynchronizer.java:1763)&#10;        at app//org.eclipse.jetty.util.BlockingArrayQueue.poll(BlockingArrayQueue.java:382)&#10;        at app//org.eclipse.jetty.util.thread.QueuedThreadPool$Runner.idleJobPoll(QueuedThreadPool.java:974)&#10;        at app//org.eclipse.jetty.util.thread.QueuedThreadPool$Runner.run(QueuedThreadPool.java:1018)&#10;        at java.base@21.0.8/java.lang.Thread.runWith(Thread.java:1596)&#10;        at java.base@21.0.8/java.lang.Thread.run(Thread.java:1583)&#10;&quot;0ed0910f-4ac9-4f62-be34-d90c51a3e6c9-ReplicationContainerReader-0&quot; daemon prio=5 tid=1328 in Object.wait()&#10;java.lang.Thread.State: WAITING (on object monitor)&#10;        at java.base@21.0.8/jdk.internal.misc.Unsafe.park(Native Method)&#10;        at java.base@21.0.8/java.util.concurrent.locks.LockSupport.park(LockSupport.java:371)&#10;        at java.base@21.0.8/java.util.concurrent.locks.AbstractQueuedSynchronizer$ConditionNode.block(AbstractQueuedSynchronizer.java:519)&#10;        at java.base@21.0.8/java.util.concurrent.ForkJoinPool.unmanagedBlock(ForkJoinPool.java:3780)&#10;        at java.base@21.0.8/java.util.concurrent.ForkJoinPool.managedBlock(ForkJoinPool.java:3725)&#10;        at java.base@21.0.8/java.util.concurrent.locks.AbstractQueuedSynchronizer$ConditionObject.await(AbstractQueuedSynchronizer.java:1712)&#10;        at java.base@21.0.8/java.util.concurrent.LinkedBlockingQueue.take(LinkedBlockingQueue.java:435)&#10;        at java.base@21.0.8/java.util.concurrent.ThreadPoolExecutor.getTask(ThreadPoolExecutor.java:1070)&#10;        at java.base@21.0.8/java.util.concurrent.ThreadPoolExecutor.runWorker(ThreadPoolExecutor.java:1130)&#10;        at java.base@21.0.8/java.util.concurrent.ThreadPoolExecutor$Worker.run(ThreadPoolExecutor.java:642)&#10;        at java.base@21.0.8/java.lang.Thread.runWith(Thread.java:1596)&#10;        at java.base@21.0.8/java.lang.Thread.run(Thread.java:1583)&#10;&quot;d5ad88c2-6e7a-4660-bab6-a4e8807a575e-ChunkWriter-0-0&quot; daemon prio=5 tid=858 in Object.wait()&#10;java.lang.Thread.State: WAITING (on object monitor)&#10;        at java.base@21.0.8/jdk.internal.misc.Unsafe.park(Native Method)&#10;        at java.base@21.0.8/java.util.concurrent.locks.LockSupport.park(LockSupport.java:371)&#10;        at java.base@21.0.8/java.util.concurrent.locks.AbstractQueuedSynchronizer$ConditionNode.block(AbstractQueuedSynchronizer.java:519)&#10;        at java.base@21.0.8/java.util.concurrent.ForkJoinPool.unmanagedBlock(ForkJoinPool.java:3780)&#10;        at java.base@21.0.8/java.util.concurrent.ForkJoinPool.managedBlock(ForkJoinPool.java:3725)&#10;        at java.base@21.0.8/java.util.concurrent.locks.AbstractQueuedSynchronizer$ConditionObject.await(AbstractQueuedSynchronizer.java:1712)&#10;        at java.base@21.0.8/java.util.concurrent.LinkedBlockingDeque.takeFirst(LinkedBlockingDeque.java:485)&#10;        at java.base@21.0.8/java.util.concurrent.LinkedBlockingDeque.take(LinkedBlockingDeque.java:673)&#10;        at java.base@21.0.8/java.util.concurrent.ThreadPoolExecutor.getTask(ThreadPoolExecutor.java:1070)&#10;        at java.base@21.0.8/java.util.concurrent.ThreadPoolExecutor.runWorker(ThreadPoolExecutor.java:1130)&#10;        at java.base@21.0.8/java.util.concurrent.ThreadPoolExecutor$Worker.run(ThreadPoolExecutor.java:642)&#10;        at java.base@21.0.8/java.lang.Thread.runWith(Thread.java:1596)&#10;        at java.base@21.0.8/java.lang.Thread.run(Thread.java:1583)&#10;&quot;timer6&quot; daemon prio=5 tid=1137 timed_waiting&#10;java.lang.Thread.State: TIMED_WAITING&#10;        at java.base@21.0.8/java.lang.Object.wait0(Native Method)&#10;        at java.base@21.0.8/java.lang.Object.wait(Object.java:366)&#10;        at java.base@21.0.8/java.util.TimerThread.mainLoop(Timer.java:563)&#10;        at java.base@21.0.8/java.util.TimerThread.run(Timer.java:516)&#10;&quot;IPC Parameter Sending Thread for 0.0.0.0/0.0.0.0:15002&quot; daemon prio=5 tid=1370 timed_waiting&#10;java.lang.Thread.State: TIMED_WAITING&#10;        at java.base@21.0.8/jdk.internal.misc.Unsafe.park(Native Method)&#10;        at java.base@21.0.8/java.util.concurrent.locks.LockSupport.parkNanos(LockSupport.java:410)&#10;        at java.base@21.0.8/java.util.concurrent.LinkedTransferQueue$DualNode.await(LinkedTransferQueue.java:452)&#10;        at java.base@21.0.8/java.util.concurrent.LinkedTransferQueue.xfer(LinkedTransferQueue.java:613)&#10;        at java.base@21.0.8/java.util.concurrent.SynchronousQueue.xfer(SynchronousQueue.java:235)&#10;        at java.base@21.0.8/java.util.concurrent.SynchronousQueue.poll(SynchronousQueue.java:338)&#10;        at app//org.apache.hadoop.ipc.Client$Connection$RpcRequestSender.run(Client.java:1121)&#10;        at java.base@21.0.8/java.lang.Thread.runWith(Thread.java:1596)&#10;        at java.base@21.0.8/java.lang.Thread.run(Thread.java:1583)&#10;&quot;om1-client-thread1&quot; daemon prio=5 tid=1125 timed_waiting&#10;java.lang.Thread.State: TIMED_WAITING&#10;        at java.base@21.0.8/jdk.internal.misc.Unsafe.park(Native Method)&#10;        at java.base@21.0.8/java.util.concurrent.locks.LockSupport.parkNanos(LockSupport.java:410)&#10;        at java.base@21.0.8/java.util.concurrent.LinkedTransferQueue$DualNode.await(LinkedTransferQueue.java:452)&#10;        at java.base@21.0.8/java.util.concurrent.SynchronousQueue$Transferer.xferLifo(SynchronousQueue.java:194)&#10;        at java.base@21.0.8/java.util.concurrent.SynchronousQueue.xfer(SynchronousQueue.java:235)&#10;        at java.base@21.0.8/java.util.concurrent.SynchronousQueue.poll(SynchronousQueue.java:338)&#10;        at java.base@21.0.8/java.util.concurrent.ThreadPoolExecutor.getTask(ThreadPoolExecutor.java:1069)&#10;        at java.base@21.0.8/java.util.concurrent.ThreadPoolExecutor.runWorker(ThreadPoolExecutor.java:1130)&#10;        at java.base@21.0.8/java.util.concurrent.ThreadPoolExecutor$Worker.run(ThreadPoolExecutor.java:642)&#10;        at java.base@21.0.8/java.lang.Thread.runWith(Thread.java:1596)&#10;        at java.base@21.0.8/java.lang.Thread.run(Thread.java:1583)&#10;&quot;Recon-FixedThreadPoolWithAffinityExecutor-1-0&quot; daemon prio=5 tid=535 timed_waiting&#10;java.lang.Thread.State: TIMED_WAITING&#10;        at java.base@21.0.8/jdk.internal.misc.Unsafe.park(Native Method)&#10;        at java.base@21.0.8/java.util.concurrent.locks.LockSupport.parkNanos(LockSupport.java:269)&#10;        at java.base@21.0.8/java.util.concurrent.locks.AbstractQueuedSynchronizer$ConditionObject.awaitNanos(AbstractQueuedSynchronizer.java:1763)&#10;        at java.base@21.0.8/java.util.concurrent.LinkedBlockingQueue.poll(LinkedBlockingQueue.java:460)&#10;        at app//org.apache.hadoop.hdds.scm.server.ContainerReportQueue.poll(ContainerReportQueue.java:269)&#10;        at app//org.apache.hadoop.hdds.scm.server.ContainerReportQueue.poll(ContainerReportQueue.java:42)&#10;        at app//org.apache.hadoop.hdds.server.events.FixedThreadPoolWithAffinityExecutor$ContainerReportProcessTask.run(FixedThreadPoolWithAffinityExecutor.java:228)&#10;        at java.base@21.0.8/java.util.concurrent.Executors$RunnableAdapter.call(Executors.java:572)&#10;        at java.base@21.0.8/java.util.concurrent.FutureTask.run(FutureTask.java:317)&#10;        at java.base@21.0.8/java.util.concurrent.ThreadPoolExecutor.runWorker(ThreadPoolExecutor.java:1144)&#10;        at java.base@21.0.8/java.util.concurrent.ThreadPoolExecutor$Worker.run(ThreadPoolExecutor.java:642)&#10;        at java.base@21.0.8/java.lang.Thread.runWith(Thread.java:1596)&#10;        at java.base@21.0.8/java.lang.Thread.run(Thread.java:1583)&#10;&quot;IPC Server handler 1 on default port 15045&quot; daemon prio=5 tid=963 timed_waiting&#10;java.lang.Thread.State: TIMED_WAITING&#10;        at java.base@21.0.8/jdk.internal.misc.Unsafe.park(Native Method)&#10;        at java.base@21.0.8/java.util.concurrent.locks.LockSupport.parkNanos(LockSupport.java:269)&#10;        at java.base@21.0.8/java.util.concurrent.locks.AbstractQueuedSynchronizer$ConditionObject.awaitNanos(AbstractQueuedSynchronizer.java:1763)&#10;        at java.base@21.0.8/java.util.concurrent.LinkedBlockingQueue.poll(LinkedBlockingQueue.java:460)&#10;        at app//org.apache.hadoop.ipc.CallQueueManager.take(CallQueueManager.java:370)&#10;        at app//org.apache.hadoop.ipc.Server$Handler.run(Server.java:3165)&#10;&quot;IPC Server handler 98 on default port 15001&quot; daemon prio=5 tid=656 timed_waiting&#10;java.lang.Thread.State: TIMED_WAITING&#10;        at java.base@21.0.8/jdk.internal.misc.Unsafe.park(Native Method)&#10;        at java.base@21.0.8/java.util.concurrent.locks.LockSupport.parkNanos(LockSupport.java:269)&#10;        at java.base@21.0.8/java.util.concurrent.locks.AbstractQueuedSynchronizer$ConditionObject.awaitNanos(AbstractQueuedSynchronizer.java:1763)&#10;        at java.base@21.0.8/java.util.concurrent.LinkedBlockingQueue.poll(LinkedBlockingQueue.java:460)&#10;        at app//org.apache.hadoop.ipc.CallQueueManager.take(CallQueueManager.java:370)&#10;        at app//org.apache.hadoop.ipc.Server$Handler.run(Server.java:3165)&#10;&quot;346684e1-b57f-4c29-9507-935dad45bd68-ChunkWriter-3-0&quot; daemon prio=5 tid=996 in Object.wait()&#10;java.lang.Thread.State: WAITING (on object monitor)&#10;        at java.base@21.0.8/jdk.internal.misc.Unsafe.park(Native Method)&#10;        at java.base@21.0.8/java.util.concurrent.locks.LockSupport.park(LockSupport.java:371)&#10;        at java.base@21.0.8/java.util.concurrent.locks.AbstractQueuedSynchronizer$ConditionNode.block(AbstractQueuedSynchronizer.java:519)&#10;        at java.base@21.0.8/java.util.concurrent.ForkJoinPool.unmanagedBlock(ForkJoinPool.java:3780)&#10;        at java.base@21.0.8/java.util.concurrent.ForkJoinPool.managedBlock(ForkJoinPool.java:3725)&#10;        at java.base@21.0.8/java.util.concurrent.locks.AbstractQueuedSynchronizer$ConditionObject.await(AbstractQueuedSynchronizer.java:1712)&#10;        at java.base@21.0.8/java.util.concurrent.LinkedBlockingDeque.takeFirst(LinkedBlockingDeque.java:485)&#10;        at java.base@21.0.8/java.util.concurrent.LinkedBlockingDeque.take(LinkedBlockingDeque.java:673)&#10;        at java.base@21.0.8/java.util.concurrent.ThreadPoolExecutor.getTask(ThreadPoolExecutor.java:1070)&#10;        at java.base@21.0.8/java.util.concurrent.ThreadPoolExecutor.runWorker(ThreadPoolExecutor.java:1130)&#10;        at java.base@21.0.8/java.util.concurrent.ThreadPoolExecutor$Worker.run(ThreadPoolExecutor.java:642)&#10;        at java.base@21.0.8/java.lang.Thread.runWith(Thread.java:1596)&#10;        at java.base@21.0.8/java.lang.Thread.run(Thread.java:1583)&#10;&quot;grpc-default-executor-0&quot; daemon prio=5 tid=1043 timed_waiting&#10;java.lang.Thread.State: TIMED_WAITING&#10;        at java.base@21.0.8/jdk.internal.misc.Unsafe.park(Native Method)&#10;        at java.base@21.0.8/java.util.concurrent.locks.LockSupport.parkNanos(LockSupport.java:410)&#10;        at java.base@21.0.8/java.util.concurrent.LinkedTransferQueue$DualNode.await(LinkedTransferQueue.java:452)&#10;        at java.base@21.0.8/java.util.concurrent.SynchronousQueue$Transferer.xferLifo(SynchronousQueue.java:194)&#10;        at java.base@21.0.8/java.util.concurrent.SynchronousQueue.xfer(SynchronousQueue.java:235)&#10;        at java.base@21.0.8/java.util.concurrent.SynchronousQueue.poll(SynchronousQueue.java:338)&#10;        at java.base@21.0.8/java.util.concurrent.ThreadPoolExecutor.getTask(ThreadPoolExecutor.java:1069)&#10;        at java.base@21.0.8/java.util.concurrent.ThreadPoolExecutor.runWorker(ThreadPoolExecutor.java:1130)&#10;        at java.base@21.0.8/java.util.concurrent.ThreadPoolExecutor$Worker.run(ThreadPoolExecutor.java:642)&#10;        at java.base@21.0.8/java.lang.Thread.runWith(Thread.java:1596)&#10;        at java.base@21.0.8/java.lang.Thread.run(Thread.java:1583)&#10;&quot;IPC Server handler 21 on default port 15003&quot; daemon prio=5 tid=242 timed_waiting&#10;java.lang.Thread.State: TIMED_WAITING&#10;        at java.base@21.0.8/jdk.internal.misc.Unsafe.park(Native Method)&#10;        at java.base@21.0.8/java.util.concurrent.locks.LockSupport.parkNanos(LockSupport.java:269)&#10;        at java.base@21.0.8/java.util.concurrent.locks.AbstractQueuedSynchronizer$ConditionObject.awaitNanos(AbstractQueuedSynchronizer.java:1763)&#10;        at java.base@21.0.8/java.util.concurrent.LinkedBlockingQueue.poll(LinkedBlockingQueue.java:460)&#10;        at app//org.apache.hadoop.ipc.CallQueueManager.take(CallQueueManager.java:370)&#10;        at app//org.apache.hadoop.ipc.Server$Handler.run(Server.java:3165)&#10;&quot;Socket Reader #4 for port 15021&quot; daemon prio=5 tid=731 runnable&#10;java.lang.Thread.State: RUNNABLE&#10;        at java.base@21.0.8/sun.nio.ch.EPoll.wait(Native Method)&#10;        at java.base@21.0.8/sun.nio.ch.EPollSelectorImpl.doSelect(EPollSelectorImpl.java:121)&#10;        at java.base@21.0.8/sun.nio.ch.SelectorImpl.lockAndDoSelect(SelectorImpl.java:130)&#10;        at java.base@21.0.8/sun.nio.ch.SelectorImpl.select(SelectorImpl.java:147)&#10;        at app//org.apache.hadoop.ipc.Server$Listener$Reader.doRunLoop(Server.java:1497)&#10;        at app//org.apache.hadoop.ipc.Server$Listener$Reader.run(Server.java:1476)&#10;&quot;IPC Server handler 38 on default port 15001&quot; daemon prio=5 tid=596 timed_waiting&#10;java.lang.Thread.State: TIMED_WAITING&#10;        at java.base@21.0.8/jdk.internal.misc.Unsafe.park(Native Method)&#10;        at java.base@21.0.8/java.util.concurrent.locks.LockSupport.parkNanos(LockSupport.java:269)&#10;        at java.base@21.0.8/java.util.concurrent.locks.AbstractQueuedSynchronizer$ConditionObject.awaitNanos(AbstractQueuedSynchronizer.java:1763)&#10;        at java.base@21.0.8/java.util.concurrent.LinkedBlockingQueue.poll(LinkedBlockingQueue.java:460)&#10;        at app//org.apache.hadoop.ipc.CallQueueManager.take(CallQueueManager.java:370)&#10;        at app//org.apache.hadoop.ipc.Server$Handler.run(Server.java:3165)&#10;&quot;IPC Server handler 54 on default port 15002&quot; daemon prio=5 tid=175 timed_waiting&#10;java.lang.Thread.State: TIMED_WAITING&#10;        at java.base@21.0.8/jdk.internal.misc.Unsafe.park(Native Method)&#10;        at java.base@21.0.8/java.util.concurrent.locks.LockSupport.parkNanos(LockSupport.java:269)&#10;        at java.base@21.0.8/java.util.concurrent.locks.AbstractQueuedSynchronizer$ConditionObject.awaitNanos(AbstractQueuedSynchronizer.java:1763)&#10;        at java.base@21.0.8/java.util.concurrent.LinkedBlockingQueue.poll(LinkedBlockingQueue.java:460)&#10;        at app//org.apache.hadoop.ipc.CallQueueManager.take(CallQueueManager.java:370)&#10;        at app//org.apache.hadoop.ipc.Server$Handler.run(Server.java:3165)&#10;&quot;IPC Server handler 4 on default port 15001&quot; daemon prio=5 tid=562 timed_waiting&#10;java.lang.Thread.State: TIMED_WAITING&#10;        at java.base@21.0.8/jdk.internal.misc.Unsafe.park(Native Method)&#10;        at java.base@21.0.8/java.util.concurrent.locks.LockSupport.parkNanos(LockSupport.java:269)&#10;        at java.base@21.0.8/java.util.concurrent.locks.AbstractQueuedSynchronizer$ConditionObject.awaitNanos(AbstractQueuedSynchronizer.java:1763)&#10;        at java.base@21.0.8/java.util.concurrent.LinkedBlockingQueue.poll(LinkedBlockingQueue.java:460)&#10;        at app//org.apache.hadoop.ipc.CallQueueManager.take(CallQueueManager.java:370)&#10;        at app//org.apache.hadoop.ipc.Server$Handler.run(Server.java:3165)&#10;&quot;IPC Parameter Sending Thread for localhost/127.0.0.1:15008&quot; daemon prio=5 tid=1155 timed_waiting&#10;java.lang.Thread.State: TIMED_WAITING&#10;        at java.base@21.0.8/jdk.internal.misc.Unsafe.park(Native Method)&#10;        at java.base@21.0.8/java.util.concurrent.locks.LockSupport.parkNanos(LockSupport.java:410)&#10;        at java.base@21.0.8/java.util.concurrent.LinkedTransferQueue$DualNode.await(LinkedTransferQueue.java:452)&#10;        at java.base@21.0.8/java.util.concurrent.LinkedTransferQueue.xfer(LinkedTransferQueue.java:613)&#10;        at java.base@21.0.8/java.util.concurrent.SynchronousQueue.xfer(SynchronousQueue.java:235)&#10;        at java.base@21.0.8/java.util.concurrent.SynchronousQueue.poll(SynchronousQueue.java:338)&#10;        at app//org.apache.hadoop.ipc.Client$Connection$RpcRequestSender.run(Client.java:1121)&#10;        at java.base@21.0.8/java.lang.Thread.runWith(Thread.java:1596)&#10;        at java.base@21.0.8/java.lang.Thread.run(Thread.java:1583)&#10;&quot;IPC Server handler 0 on default port 15004&quot; daemon prio=5 tid=339 timed_waiting&#10;java.lang.Thread.State: TIMED_WAITING&#10;        at java.base@21.0.8/jdk.internal.misc.Unsafe.park(Native Method)&#10;        at java.base@21.0.8/java.util.concurrent.locks.LockSupport.parkNanos(LockSupport.java:269)&#10;        at java.base@21.0.8/java.util.concurrent.locks.AbstractQueuedSynchronizer$ConditionObject.awaitNanos(AbstractQueuedSynchronizer.java:1763)&#10;        at java.base@21.0.8/java.util.concurrent.LinkedBlockingQueue.poll(LinkedBlockingQueue.java:460)&#10;        at app//org.apache.hadoop.ipc.CallQueueManager.take(CallQueueManager.java:370)&#10;        at app//org.apache.hadoop.ipc.Server$Handler.run(Server.java:3165)&#10;&quot;IPC Server handler 74 on default port 15002&quot; daemon prio=5 tid=195 timed_waiting&#10;java.lang.Thread.State: TIMED_WAITING&#10;        at java.base@21.0.8/jdk.internal.misc.Unsafe.park(Native Method)&#10;        at java.base@21.0.8/java.util.concurrent.locks.LockSupport.parkNanos(LockSupport.java:269)&#10;        at java.base@21.0.8/java.util.concurrent.locks.AbstractQueuedSynchronizer$ConditionObject.awaitNanos(AbstractQueuedSynchronizer.java:1763)&#10;        at java.base@21.0.8/java.util.concurrent.LinkedBlockingQueue.poll(LinkedBlockingQueue.java:460)&#10;        at app//org.apache.hadoop.ipc.CallQueueManager.take(CallQueueManager.java:370)&#10;        at app//org.apache.hadoop.ipc.Server$Handler.run(Server.java:3165)&#10;&quot;IPC Server handler 27 on default port 15002&quot; daemon prio=5 tid=148 timed_waiting&#10;java.lang.Thread.State: TIMED_WAITING&#10;        at java.base@21.0.8/jdk.internal.misc.Unsafe.park(Native Method)&#10;        at java.base@21.0.8/java.util.concurrent.locks.LockSupport.parkNanos(LockSupport.java:269)&#10;        at java.base@21.0.8/java.util.concurrent.locks.AbstractQueuedSynchronizer$ConditionObject.awaitNanos(AbstractQueuedSynchronizer.java:1763)&#10;        at java.base@21.0.8/java.util.concurrent.LinkedBlockingQueue.poll(LinkedBlockingQueue.java:460)&#10;        at app//org.apache.hadoop.ipc.CallQueueManager.take(CallQueueManager.java:370)&#10;        at app//org.apache.hadoop.ipc.Server$Handler.run(Server.java:3165)&#10;&quot;Socket Reader #8 for port 15037&quot; daemon prio=5 tid=877 runnable&#10;java.lang.Thread.State: RUNNABLE&#10;        at java.base@21.0.8/sun.nio.ch.EPoll.wait(Native Method)&#10;        at java.base@21.0.8/sun.nio.ch.EPollSelectorImpl.doSelect(EPollSelectorImpl.java:121)&#10;        at java.base@21.0.8/sun.nio.ch.SelectorImpl.lockAndDoSelect(SelectorImpl.java:130)&#10;        at java.base@21.0.8/sun.nio.ch.SelectorImpl.select(SelectorImpl.java:147)&#10;        at app//org.apache.hadoop.ipc.Server$Listener$Reader.doRunLoop(Server.java:1497)&#10;        at app//org.apache.hadoop.ipc.Server$Listener$Reader.run(Server.java:1476)&#10;&quot;IPC Server handler 16 on default port 15003&quot; daemon prio=5 tid=237 timed_waiting&#10;java.lang.Thread.State: TIMED_WAITING&#10;        at java.base@21.0.8/jdk.internal.misc.Unsafe.park(Native Method)&#10;        at java.base@21.0.8/java.util.concurrent.locks.LockSupport.parkNanos(LockSupport.java:269)&#10;        at java.base@21.0.8/java.util.concurrent.locks.AbstractQueuedSynchronizer$ConditionObject.awaitNanos(AbstractQueuedSynchronizer.java:1763)&#10;        at java.base@21.0.8/java.util.concurrent.LinkedBlockingQueue.poll(LinkedBlockingQueue.java:460)&#10;        at app//org.apache.hadoop.ipc.CallQueueManager.take(CallQueueManager.java:370)&#10;        at app//org.apache.hadoop.ipc.Server$Handler.run(Server.java:3165)&#10;&quot;IPC Server handler 30 on default port 15004&quot; daemon prio=5 tid=369 timed_waiting&#10;java.lang.Thread.State: TIMED_WAITING&#10;        at java.base@21.0.8/jdk.internal.misc.Unsafe.park(Native Method)&#10;        at java.base@21.0.8/java.util.concurrent.locks.LockSupport.parkNanos(LockSupport.java:269)&#10;        at java.base@21.0.8/java.util.concurrent.locks.AbstractQueuedSynchronizer$ConditionObject.awaitNanos(AbstractQueuedSynchronizer.java:1763)&#10;        at java.base@21.0.8/java.util.concurrent.LinkedBlockingQueue.poll(LinkedBlockingQueue.java:460)&#10;        at app//org.apache.hadoop.ipc.CallQueueManager.take(CallQueueManager.java:370)&#10;        at app//org.apache.hadoop.ipc.Server$Handler.run(Server.java:3165)&#10;&quot;0ed0910f-4ac9-4f62-be34-d90c51a3e6c9-ChunkWriter-2-0&quot; daemon prio=5 tid=1021 in Object.wait()&#10;java.lang.Thread.State: WAITING (on object monitor)&#10;        at java.base@21.0.8/jdk.internal.misc.Unsafe.park(Native Method)&#10;        at java.base@21.0.8/java.util.concurrent.locks.LockSupport.park(LockSupport.java:371)&#10;        at java.base@21.0.8/java.util.concurrent.locks.AbstractQueuedSynchronizer$ConditionNode.block(AbstractQueuedSynchronizer.java:519)&#10;        at java.base@21.0.8/java.util.concurrent.ForkJoinPool.unmanagedBlock(ForkJoinPool.java:3780)&#10;        at java.base@21.0.8/java.util.concurrent.ForkJoinPool.managedBlock(ForkJoinPool.java:3725)&#10;        at java.base@21.0.8/java.util.concurrent.locks.AbstractQueuedSynchronizer$ConditionObject.await(AbstractQueuedSynchronizer.java:1712)&#10;        at java.base@21.0.8/java.util.concurrent.LinkedBlockingDeque.takeFirst(LinkedBlockingDeque.java:485)&#10;        at java.base@21.0.8/java.util.concurrent.LinkedBlockingDeque.take(LinkedBlockingDeque.java:673)&#10;        at java.base@21.0.8/java.util.concurrent.ThreadPoolExecutor.getTask(ThreadPoolExecutor.java:1070)&#10;        at java.base@21.0.8/java.util.concurrent.ThreadPoolExecutor.runWorker(ThreadPoolExecutor.java:1130)&#10;        at java.base@21.0.8/java.util.concurrent.ThreadPoolExecutor$Worker.run(ThreadPoolExecutor.java:642)&#10;        at java.base@21.0.8/java.lang.Thread.runWith(Thread.java:1596)&#10;        at java.base@21.0.8/java.lang.Thread.run(Thread.java:1583)&#10;&quot;IPC Server handler 36 on default port 15002&quot; daemon prio=5 tid=157 timed_waiting&#10;java.lang.Thread.State: TIMED_WAITING&#10;        at java.base@21.0.8/jdk.internal.misc.Unsafe.park(Native Method)&#10;        at java.base@21.0.8/java.util.concurrent.locks.LockSupport.parkNanos(LockSupport.java:269)&#10;        at java.base@21.0.8/java.util.concurrent.locks.AbstractQueuedSynchronizer$ConditionObject.awaitNanos(AbstractQueuedSynchronizer.java:1763)&#10;        at java.base@21.0.8/java.util.concurrent.LinkedBlockingQueue.poll(LinkedBlockingQueue.java:460)&#10;        at app//org.apache.hadoop.ipc.CallQueueManager.take(CallQueueManager.java:370)&#10;        at app//org.apache.hadoop.ipc.Server$Handler.run(Server.java:3165)&#10;&quot;om1@group-C5BA1605619E-LeaderStateImpl&quot; daemon prio=5 tid=516 timed_waiting&#10;java.lang.Thread.State: TIMED_WAITING&#10;        at java.base@21.0.8/jdk.internal.misc.Unsafe.park(Native Method)&#10;        at java.base@21.0.8/java.util.concurrent.locks.LockSupport.parkNanos(LockSupport.java:269)&#10;        at java.base@21.0.8/java.util.concurrent.locks.AbstractQueuedSynchronizer$ConditionObject.awaitNanos(AbstractQueuedSynchronizer.java:1763)&#10;        at java.base@21.0.8/java.util.concurrent.ArrayBlockingQueue.poll(ArrayBlockingQueue.java:435)&#10;        at app//org.apache.ratis.server.impl.LeaderStateImpl$EventQueue.poll(LeaderStateImpl.java:168)&#10;        at app//org.apache.ratis.server.impl.LeaderStateImpl$EventProcessor.run(LeaderStateImpl.java:761)&#10;&quot;Socket Reader #3 for port 15021&quot; daemon prio=5 tid=730 runnable&#10;java.lang.Thread.State: RUNNABLE&#10;        at java.base@21.0.8/sun.nio.ch.EPoll.wait(Native Method)&#10;        at java.base@21.0.8/sun.nio.ch.EPollSelectorImpl.doSelect(EPollSelectorImpl.java:121)&#10;        at java.base@21.0.8/sun.nio.ch.SelectorImpl.lockAndDoSelect(SelectorImpl.java:130)&#10;        at java.base@21.0.8/sun.nio.ch.SelectorImpl.select(SelectorImpl.java:147)&#10;        at app//org.apache.hadoop.ipc.Server$Listener$Reader.doRunLoop(Server.java:1497)&#10;        at app//org.apache.hadoop.ipc.Server$Listener$Reader.run(Server.java:1476)&#10;&quot;client-write-TID-0&quot; daemon prio=5 tid=1146 in Object.wait()&#10;java.lang.Thread.State: WAITING (on object monitor)&#10;        at java.base@21.0.8/jdk.internal.misc.Unsafe.park(Native Method)&#10;        at java.base@21.0.8/java.util.concurrent.locks.LockSupport.park(LockSupport.java:371)&#10;        at java.base@21.0.8/java.util.concurrent.LinkedTransferQueue$DualNode.await(LinkedTransferQueue.java:458)&#10;        at java.base@21.0.8/java.util.concurrent.SynchronousQueue$Transferer.xferLifo(SynchronousQueue.java:194)&#10;        at java.base@21.0.8/java.util.concurrent.SynchronousQueue.xfer(SynchronousQueue.java:235)&#10;        at java.base@21.0.8/java.util.concurrent.SynchronousQueue.take(SynchronousQueue.java:318)&#10;        at java.base@21.0.8/java.util.concurrent.ThreadPoolExecutor.getTask(ThreadPoolExecutor.java:1070)&#10;        at java.base@21.0.8/java.util.concurrent.ThreadPoolExecutor.runWorker(ThreadPoolExecutor.java:1130)&#10;        at java.base@21.0.8/java.util.concurrent.ThreadPoolExecutor$Worker.run(ThreadPoolExecutor.java:642)&#10;        at java.base@21.0.8/java.lang.Thread.runWith(Thread.java:1596)&#10;        at java.base@21.0.8/java.lang.Thread.run(Thread.java:1583)&#10;&quot;IPC Server handler 4 on default port 15002&quot; daemon prio=5 tid=125 timed_waiting&#10;java.lang.Thread.State: TIMED_WAITING&#10;        at java.base@21.0.8/jdk.internal.misc.Unsafe.park(Native Method)&#10;        at java.base@21.0.8/java.util.concurrent.locks.LockSupport.parkNanos(LockSupport.java:269)&#10;        at java.base@21.0.8/java.util.concurrent.locks.AbstractQueuedSynchronizer$ConditionObject.awaitNanos(AbstractQueuedSynchronizer.java:1763)&#10;        at java.base@21.0.8/java.util.concurrent.LinkedBlockingQueue.poll(LinkedBlockingQueue.java:460)&#10;        at app//org.apache.hadoop.ipc.CallQueueManager.take(CallQueueManager.java:370)&#10;        at app//org.apache.hadoop.ipc.Server$Handler.run(Server.java:3165)&#10;&quot;IPC Server handler 44 on default port 15003&quot; daemon prio=5 tid=265 timed_waiting&#10;java.lang.Thread.State: TIMED_WAITING&#10;        at java.base@21.0.8/jdk.internal.misc.Unsafe.park(Native Method)&#10;        at java.base@21.0.8/java.util.concurrent.locks.LockSupport.parkNanos(LockSupport.java:269)&#10;        at java.base@21.0.8/java.util.concurrent.locks.AbstractQueuedSynchronizer$ConditionObject.awaitNanos(AbstractQueuedSynchronizer.java:1763)&#10;        at java.base@21.0.8/java.util.concurrent.LinkedBlockingQueue.poll(LinkedBlockingQueue.java:460)&#10;        at app//org.apache.hadoop.ipc.CallQueueManager.take(CallQueueManager.java:370)&#10;        at app//org.apache.hadoop.ipc.Server$Handler.run(Server.java:3165)&#10;&quot;IPC Server handler 35 on default port 15003&quot; daemon prio=5 tid=256 timed_waiting&#10;java.lang.Thread.State: TIMED_WAITING&#10;        at java.base@21.0.8/jdk.internal.misc.Unsafe.park(Native Method)&#10;        at java.base@21.0.8/java.util.concurrent.locks.LockSupport.parkNanos(LockSupport.java:269)&#10;        at java.base@21.0.8/java.util.concurrent.locks.AbstractQueuedSynchronizer$ConditionObject.awaitNanos(AbstractQueuedSynchronizer.java:1763)&#10;        at java.base@21.0.8/java.util.concurrent.LinkedBlockingQueue.poll(LinkedBlockingQueue.java:460)&#10;        at app//org.apache.hadoop.ipc.CallQueueManager.take(CallQueueManager.java:370)&#10;        at app//org.apache.hadoop.ipc.Server$Handler.run(Server.java:3165)&#10;&quot;Socket Reader #9 for port 15045&quot; daemon prio=5 tid=957 runnable&#10;java.lang.Thread.State: RUNNABLE&#10;        at java.base@21.0.8/sun.nio.ch.EPoll.wait(Native Method)&#10;        at java.base@21.0.8/sun.nio.ch.EPollSelectorImpl.doSelect(EPollSelectorImpl.java:121)&#10;        at java.base@21.0.8/sun.nio.ch.SelectorImpl.lockAndDoSelect(SelectorImpl.java:130)&#10;        at java.base@21.0.8/sun.nio.ch.SelectorImpl.select(SelectorImpl.java:147)&#10;        at app//org.apache.hadoop.ipc.Server$Listener$Reader.doRunLoop(Server.java:1497)&#10;        at app//org.apache.hadoop.ipc.Server$Listener$Reader.run(Server.java:1476)&#10;&quot;IPC Server handler 22 on default port 15003&quot; daemon prio=5 tid=243 timed_waiting&#10;java.lang.Thread.State: TIMED_WAITING&#10;        at java.base@21.0.8/jdk.internal.misc.Unsafe.park(Native Method)&#10;        at java.base@21.0.8/java.util.concurrent.locks.LockSupport.parkNanos(LockSupport.java:269)&#10;        at java.base@21.0.8/java.util.concurrent.locks.AbstractQueuedSynchronizer$ConditionObject.awaitNanos(AbstractQueuedSynchronizer.java:1763)&#10;        at java.base@21.0.8/java.util.concurrent.LinkedBlockingQueue.poll(LinkedBlockingQueue.java:460)&#10;        at app//org.apache.hadoop.ipc.CallQueueManager.take(CallQueueManager.java:370)&#10;        at app//org.apache.hadoop.ipc.Server$Handler.run(Server.java:3165)&#10;&quot;IPC Server handler 72 on default port 15002&quot; daemon prio=5 tid=193 timed_waiting&#10;java.lang.Thread.State: TIMED_WAITING&#10;        at java.base@21.0.8/jdk.internal.misc.Unsafe.park(Native Method)&#10;        at java.base@21.0.8/java.util.concurrent.locks.LockSupport.parkNanos(LockSupport.java:269)&#10;        at java.base@21.0.8/java.util.concurrent.locks.AbstractQueuedSynchronizer$ConditionObject.awaitNanos(AbstractQueuedSynchronizer.java:1763)&#10;        at java.base@21.0.8/java.util.concurrent.LinkedBlockingQueue.poll(LinkedBlockingQueue.java:460)&#10;        at app//org.apache.hadoop.ipc.CallQueueManager.take(CallQueueManager.java:370)&#10;        at app//org.apache.hadoop.ipc.Server$Handler.run(Server.java:3165)&#10;&quot;qtp505087261-910&quot; daemon prio=5 tid=910 timed_waiting&#10;java.lang.Thread.State: TIMED_WAITING&#10;        at java.base@21.0.8/jdk.internal.misc.Unsafe.park(Native Method)&#10;        at java.base@21.0.8/java.util.concurrent.locks.LockSupport.parkNanos(LockSupport.java:269)&#10;        at java.base@21.0.8/java.util.concurrent.locks.AbstractQueuedSynchronizer$ConditionObject.awaitNanos(AbstractQueuedSynchronizer.java:1763)&#10;        at app//org.eclipse.jetty.util.BlockingArrayQueue.poll(BlockingArrayQueue.java:382)&#10;        at app//org.eclipse.jetty.util.thread.QueuedThreadPool$Runner.idleJobPoll(QueuedThreadPool.java:974)&#10;        at app//org.eclipse.jetty.util.thread.QueuedThreadPool$Runner.run(QueuedThreadPool.java:1018)&#10;        at java.base@21.0.8/java.lang.Thread.runWith(Thread.java:1596)&#10;        at java.base@21.0.8/java.lang.Thread.run(Thread.java:1583)&#10;&quot;42a5f925-1bc2-4f8a-8509-c5ae65e6fcde-ChunkWriter-3-0&quot; daemon prio=5 tid=839 in Object.wait()&#10;java.lang.Thread.State: WAITING (on object monitor)&#10;        at java.base@21.0.8/jdk.internal.misc.Unsafe.park(Native Method)&#10;        at java.base@21.0.8/java.util.concurrent.locks.LockSupport.park(LockSupport.java:371)&#10;        at java.base@21.0.8/java.util.concurrent.locks.AbstractQueuedSynchronizer$ConditionNode.block(AbstractQueuedSynchronizer.java:519)&#10;        at java.base@21.0.8/java.util.concurrent.ForkJoinPool.unmanagedBlock(ForkJoinPool.java:3780)&#10;        at java.base@21.0.8/java.util.concurrent.ForkJoinPool.managedBlock(ForkJoinPool.java:3725)&#10;        at java.base@21.0.8/java.util.concurrent.locks.AbstractQueuedSynchronizer$ConditionObject.await(AbstractQueuedSynchronizer.java:1712)&#10;        at java.base@21.0.8/java.util.concurrent.LinkedBlockingDeque.takeFirst(LinkedBlockingDeque.java:485)&#10;        at java.base@21.0.8/java.util.concurrent.LinkedBlockingDeque.take(LinkedBlockingDeque.java:673)&#10;        at java.base@21.0.8/java.util.concurrent.ThreadPoolExecutor.getTask(ThreadPoolExecutor.java:1070)&#10;        at java.base@21.0.8/java.util.concurrent.ThreadPoolExecutor.runWorker(ThreadPoolExecutor.java:1130)&#10;        at java.base@21.0.8/java.util.concurrent.ThreadPoolExecutor$Worker.run(ThreadPoolExecutor.java:642)&#10;        at java.base@21.0.8/java.lang.Thread.runWith(Thread.java:1596)&#10;        at java.base@21.0.8/java.lang.Thread.run(Thread.java:1583)&#10;&quot;grpc-default-executor-1&quot; daemon prio=5 tid=1057 timed_waiting&#10;java.lang.Thread.State: TIMED_WAITING&#10;        at java.base@21.0.8/jdk.internal.misc.Unsafe.park(Native Method)&#10;        at java.base@21.0.8/java.util.concurrent.locks.LockSupport.parkNanos(LockSupport.java:410)&#10;        at java.base@21.0.8/java.util.concurrent.LinkedTransferQueue$DualNode.await(LinkedTransferQueue.java:452)&#10;        at java.base@21.0.8/java.util.concurrent.SynchronousQueue$Transferer.xferLifo(SynchronousQueue.java:194)&#10;        at java.base@21.0.8/java.util.concurrent.SynchronousQueue.xfer(SynchronousQueue.java:235)&#10;        at java.base@21.0.8/java.util.concurrent.SynchronousQueue.poll(SynchronousQueue.java:338)&#10;        at java.base@21.0.8/java.util.concurrent.ThreadPoolExecutor.getTask(ThreadPoolExecutor.java:1069)&#10;        at java.base@21.0.8/java.util.concurrent.ThreadPoolExecutor.runWorker(ThreadPoolExecutor.java:1130)&#10;        at java.base@21.0.8/java.util.concurrent.ThreadPoolExecutor$Worker.run(ThreadPoolExecutor.java:642)&#10;        at java.base@21.0.8/java.lang.Thread.runWith(Thread.java:1596)&#10;        at java.base@21.0.8/java.lang.Thread.run(Thread.java:1583)&#10;&quot;IPC Server handler 58 on default port 15003&quot; daemon prio=5 tid=279 timed_waiting&#10;java.lang.Thread.State: TIMED_WAITING&#10;        at java.base@21.0.8/jdk.internal.misc.Unsafe.park(Native Method)&#10;        at java.base@21.0.8/java.util.concurrent.locks.LockSupport.parkNanos(LockSupport.java:269)&#10;        at java.base@21.0.8/java.util.concurrent.locks.AbstractQueuedSynchronizer$ConditionObject.awaitNanos(AbstractQueuedSynchronizer.java:1763)&#10;        at java.base@21.0.8/java.util.concurrent.LinkedBlockingQueue.poll(LinkedBlockingQueue.java:460)&#10;        at app//org.apache.hadoop.ipc.CallQueueManager.take(CallQueueManager.java:370)&#10;        at app//org.apache.hadoop.ipc.Server$Handler.run(Server.java:3165)&#10;&quot;JvmPauseMonitor4&quot; daemon prio=5 tid=840 timed_waiting&#10;java.lang.Thread.State: TIMED_WAITING&#10;        at java.base@21.0.8/java.lang.Thread.sleep0(Native Method)&#10;        at java.base@21.0.8/java.lang.Thread.sleep(Thread.java:558)&#10;        at java.base@21.0.8/java.util.concurrent.TimeUnit.sleep(TimeUnit.java:446)&#10;        at app//org.apache.ratis.util.TimeDuration.sleep(TimeDuration.java:353)&#10;        at app//org.apache.ratis.util.TimeDuration.sleep(TimeDuration.java:338)&#10;        at app//org.apache.ratis.util.JvmPauseMonitor.detectPause(JvmPauseMonitor.java:160)&#10;        at app//org.apache.ratis.util.JvmPauseMonitor.run(JvmPauseMonitor.java:149)&#10;        at app//org.apache.ratis.util.JvmPauseMonitor$$Lambda/0x00007f18e83aead8.run(Unknown Source)&#10;        at java.base@21.0.8/java.lang.Thread.runWith(Thread.java:1596)&#10;        at java.base@21.0.8/java.lang.Thread.run(Thread.java:1583)&#10;&quot;Socket Reader #8 for port 15003&quot; daemon prio=5 tid=84 runnable&#10;java.lang.Thread.State: RUNNABLE&#10;        at java.base@21.0.8/sun.nio.ch.EPoll.wait(Native Method)&#10;        at java.base@21.0.8/sun.nio.ch.EPollSelectorImpl.doSelect(EPollSelectorImpl.java:121)&#10;        at java.base@21.0.8/sun.nio.ch.SelectorImpl.lockAndDoSelect(SelectorImpl.java:130)&#10;        at java.base@21.0.8/sun.nio.ch.SelectorImpl.select(SelectorImpl.java:147)&#10;        at app//org.apache.hadoop.ipc.Server$Listener$Reader.doRunLoop(Server.java:1497)&#10;        at app//org.apache.hadoop.ipc.Server$Listener$Reader.run(Server.java:1476)&#10;&quot;IPC Server handler 7 on default port 15002&quot; daemon prio=5 tid=128 timed_waiting&#10;java.lang.Thread.State: TIMED_WAITING&#10;        at java.base@21.0.8/jdk.internal.misc.Unsafe.park(Native Method)&#10;        at java.base@21.0.8/java.util.concurrent.locks.LockSupport.parkNanos(LockSupport.java:269)&#10;        at java.base@21.0.8/java.util.concurrent.locks.AbstractQueuedSynchronizer$ConditionObject.awaitNanos(AbstractQueuedSynchronizer.java:1763)&#10;        at java.base@21.0.8/java.util.concurrent.LinkedBlockingQueue.poll(LinkedBlockingQueue.java:460)&#10;        at app//org.apache.hadoop.ipc.CallQueueManager.take(CallQueueManager.java:370)&#10;        at app//org.apache.hadoop.ipc.Server$Handler.run(Server.java:3165)&#10;&quot;IPC Server handler 15 on default port 15003&quot; daemon prio=5 tid=236 timed_waiting&#10;java.lang.Thread.State: TIMED_WAITING&#10;        at java.base@21.0.8/jdk.internal.misc.Unsafe.park(Native Method)&#10;        at java.base@21.0.8/java.util.concurrent.locks.LockSupport.parkNanos(LockSupport.java:269)&#10;        at java.base@21.0.8/java.util.concurrent.locks.AbstractQueuedSynchronizer$ConditionObject.awaitNanos(AbstractQueuedSynchronizer.java:1763)&#10;        at java.base@21.0.8/java.util.concurrent.LinkedBlockingQueue.poll(LinkedBlockingQueue.java:460)&#10;        at app//org.apache.hadoop.ipc.CallQueueManager.take(CallQueueManager.java:370)&#10;        at app//org.apache.hadoop.ipc.Server$Handler.run(Server.java:3165)&#10;&quot;d5ad88c2-6e7a-4660-bab6-a4e8807a575e@group-4D151320670C-cacheEviction-AwaitToRun&quot; daemon prio=5 tid=1049 in Object.wait()&#10;java.lang.Thread.State: WAITING (on object monitor)&#10;        at java.base@21.0.8/jdk.internal.misc.Unsafe.park(Native Method)&#10;        at java.base@21.0.8/java.util.concurrent.locks.LockSupport.park(LockSupport.java:371)&#10;        at java.base@21.0.8/java.util.concurrent.locks.AbstractQueuedSynchronizer$ConditionNode.block(AbstractQueuedSynchronizer.java:519)&#10;        at java.base@21.0.8/java.util.concurrent.ForkJoinPool.unmanagedBlock(ForkJoinPool.java:3780)&#10;        at java.base@21.0.8/java.util.concurrent.ForkJoinPool.managedBlock(ForkJoinPool.java:3725)&#10;        at java.base@21.0.8/java.util.concurrent.locks.AbstractQueuedSynchronizer$ConditionObject.await(AbstractQueuedSynchronizer.java:1712)&#10;        at app//org.apache.ratis.util.AwaitForSignal.await(AwaitForSignal.java:48)&#10;        at app//org.apache.ratis.util.AwaitToRun$RunnableImpl.run(AwaitToRun.java:47)&#10;        at java.base@21.0.8/java.lang.Thread.runWith(Thread.java:1596)&#10;        at java.base@21.0.8/java.lang.Thread.run(Thread.java:1583)&#10;&quot;IPC Server handler 88 on default port 15003&quot; daemon prio=5 tid=309 timed_waiting&#10;java.lang.Thread.State: TIMED_WAITING&#10;        at java.base@21.0.8/jdk.internal.misc.Unsafe.park(Native Method)&#10;        at java.base@21.0.8/java.util.concurrent.locks.LockSupport.parkNanos(LockSupport.java:269)&#10;        at java.base@21.0.8/java.util.concurrent.locks.AbstractQueuedSynchronizer$ConditionObject.awaitNanos(AbstractQueuedSynchronizer.java:1763)&#10;        at java.base@21.0.8/java.util.concurrent.LinkedBlockingQueue.poll(LinkedBlockingQueue.java:460)&#10;        at app//org.apache.hadoop.ipc.CallQueueManager.take(CallQueueManager.java:370)&#10;        at app//org.apache.hadoop.ipc.Server$Handler.run(Server.java:3165)&#10;&quot;Hadoop-Metrics-Updater-0&quot; daemon prio=5 tid=462 timed_waiting&#10;java.lang.Thread.State: TIMED_WAITING&#10;        at java.base@21.0.8/jdk.internal.misc.Unsafe.park(Native Method)&#10;        at java.base@21.0.8/java.util.concurrent.locks.LockSupport.parkNanos(LockSupport.java:269)&#10;        at java.base@21.0.8/java.util.concurrent.locks.AbstractQueuedSynchronizer$ConditionObject.awaitNanos(AbstractQueuedSynchronizer.java:1763)&#10;        at java.base@21.0.8/java.util.concurrent.ScheduledThreadPoolExecutor$DelayedWorkQueue.take(ScheduledThreadPoolExecutor.java:1182)&#10;        at java.base@21.0.8/java.util.concurrent.ScheduledThreadPoolExecutor$DelayedWorkQueue.take(ScheduledThreadPoolExecutor.java:899)&#10;        at java.base@21.0.8/java.util.concurrent.ThreadPoolExecutor.getTask(ThreadPoolExecutor.java:1070)&#10;        at java.base@21.0.8/java.util.concurrent.ThreadPoolExecutor.runWorker(ThreadPoolExecutor.java:1130)&#10;        at java.base@21.0.8/java.util.concurrent.ThreadPoolExecutor$Worker.run(ThreadPoolExecutor.java:642)&#10;        at java.base@21.0.8/java.lang.Thread.runWith(Thread.java:1596)&#10;        at java.base@21.0.8/java.lang.Thread.run(Thread.java:1583)&#10;&quot;qtp505087261-908-acceptor-0@677fc320-ServerConnector@1aba6c55{HTTP/1.1, (http/1.1)}{0.0.0.0:15044}&quot; daemon prio=3 tid=908 runnable&#10;java.lang.Thread.State: RUNNABLE&#10;        at java.base@21.0.8/sun.nio.ch.Net.accept(Native Method)&#10;        at java.base@21.0.8/sun.nio.ch.ServerSocketChannelImpl.implAccept(ServerSocketChannelImpl.java:433)&#10;        at java.base@21.0.8/sun.nio.ch.ServerSocketChannelImpl.accept(ServerSocketChannelImpl.java:399)&#10;        at app//org.eclipse.jetty.server.ServerConnector.accept(ServerConnector.java:388)&#10;        at app//org.eclipse.jetty.server.AbstractConnector$Acceptor.run(AbstractConnector.java:704)&#10;        at app//org.eclipse.jetty.util.thread.QueuedThreadPool.runJob(QueuedThreadPool.java:883)&#10;        at app//org.eclipse.jetty.util.thread.QueuedThreadPool$Runner.run(QueuedThreadPool.java:1034)&#10;        at java.base@21.0.8/java.lang.Thread.runWith(Thread.java:1596)&#10;        at java.base@21.0.8/java.lang.Thread.run(Thread.java:1583)&#10;&quot;IPC Server handler 22 on default port 15004&quot; daemon prio=5 tid=361 timed_waiting&#10;java.lang.Thread.State: TIMED_WAITING&#10;        at java.base@21.0.8/jdk.internal.misc.Unsafe.park(Native Method)&#10;        at java.base@21.0.8/java.util.concurrent.locks.LockSupport.parkNanos(LockSupport.java:269)&#10;        at java.base@21.0.8/java.util.concurrent.locks.AbstractQueuedSynchronizer$ConditionObject.awaitNanos(AbstractQueuedSynchronizer.java:1763)&#10;        at java.base@21.0.8/java.util.concurrent.LinkedBlockingQueue.poll(LinkedBlockingQueue.java:460)&#10;        at app//org.apache.hadoop.ipc.CallQueueManager.take(CallQueueManager.java:370)&#10;        at app//org.apache.hadoop.ipc.Server$Handler.run(Server.java:3165)&#10;&quot;IPC Server handler 55 on default port 15001&quot; daemon prio=5 tid=613 timed_waiting&#10;java.lang.Thread.State: TIMED_WAITING&#10;        at java.base@21.0.8/jdk.internal.misc.Unsafe.park(Native Method)&#10;        at java.base@21.0.8/java.util.concurrent.locks.LockSupport.parkNanos(LockSupport.java:269)&#10;        at java.base@21.0.8/java.util.concurrent.locks.AbstractQueuedSynchronizer$ConditionObject.awaitNanos(AbstractQueuedSynchronizer.java:1763)&#10;        at java.base@21.0.8/java.util.concurrent.LinkedBlockingQueue.poll(LinkedBlockingQueue.java:460)&#10;        at app//org.apache.hadoop.ipc.CallQueueManager.take(CallQueueManager.java:370)&#10;        at app//org.apache.hadoop.ipc.Server$Handler.run(Server.java:3165)&#10;&quot;main&quot;  prio=5 tid=1 in Object.wait()&#10;java.lang.Thread.State: WAITING (on object monitor)&#10;        at java.base@21.0.8/jdk.internal.misc.Unsafe.park(Native Method)&#10;        at java.base@21.0.8/java.util.concurrent.locks.LockSupport.park(LockSupport.java:371)&#10;        at java.base@21.0.8/java.util.concurrent.ForkJoinTask.awaitDone(ForkJoinTask.java:461)&#10;        at java.base@21.0.8/java.util.concurrent.ForkJoinTask.get(ForkJoinTask.java:991)&#10;        at app//org.junit.platform.engine.support.hierarchical.HierarchicalTestEngine.execute(HierarchicalTestEngine.java:54)&#10;        at app//org.junit.platform.launcher.core.EngineExecutionOrchestrator.executeEngine(EngineExecutionOrchestrator.java:230)&#10;        at app//org.junit.platform.launcher.core.EngineExecutionOrchestrator.failOrExecuteEngine(EngineExecutionOrchestrator.java:204)&#10;        at app//org.junit.platform.launcher.core.EngineExecutionOrchestrator.execute(EngineExecutionOrchestrator.java:172)&#10;        at app//org.junit.platform.launcher.core.EngineExecutionOrchestrator.execute(EngineExecutionOrchestrator.java:101)&#10;        at app//org.junit.platform.launcher.core.EngineExecutionOrchestrator.lambda$execute$0(EngineExecutionOrchestrator.java:64)&#10;        at app//org.junit.platform.launcher.core.EngineExecutionOrchestrator$$Lambda/0x00007f18e812ef48.accept(Unknown Source)&#10;        at app//org.junit.platform.launcher.core.EngineExecutionOrchestrator.withInterceptedStreams(EngineExecutionOrchestrator.java:150)&#10;        at app//org.junit.platform.launcher.core.EngineExecutionOrchestrator.execute(EngineExecutionOrchestrator.java:63)&#10;        at app//org.junit.platform.launcher.core.DefaultLauncher.execute(DefaultLauncher.java:109)&#10;        at app//org.junit.platform.launcher.core.DefaultLauncher.execute(DefaultLauncher.java:91)&#10;        at app//org.junit.platform.launcher.core.DelegatingLauncher.execute(DelegatingLauncher.java:47)&#10;        at app//org.junit.platform.launcher.core.InterceptingLauncher.lambda$execute$1(InterceptingLauncher.java:39)&#10;        at app//org.junit.platform.launcher.core.InterceptingLauncher$$Lambda/0x00007f18e809dc48.proceed(Unknown Source)&#10;        at app//org.junit.platform.launcher.core.ClasspathAlignmentCheckingLauncherInterceptor.intercept(ClasspathAlignmentCheckingLauncherInterceptor.java:25)&#10;        at app//org.junit.platform.launcher.core.InterceptingLauncher.execute(InterceptingLauncher.java:38)&#10;        at app//org.junit.platform.launcher.core.DelegatingLauncher.execute(DelegatingLauncher.java:47)&#10;        at app//org.apache.maven.surefire.junitplatform.LazyLauncher.execute(LazyLauncher.java:56)&#10;        at app//org.apache.maven.surefire.junitplatform.JUnitPlatformProvider.execute(JUnitPlatformProvider.java:184)&#10;        at app//org.apache.maven.surefire.junitplatform.JUnitPlatformProvider.invokeAllTests(JUnitPlatformProvider.java:148)&#10;        at app//org.apache.maven.surefire.junitplatform.JUnitPlatformProvider.invoke(JUnitPlatformProvider.java:120)&#10;        at app//org.apache.maven.surefire.booter.ForkedBooter.runSuitesInProcess(ForkedBooter.java:385)&#10;        at app//org.apache.maven.surefire.booter.ForkedBooter.execute(ForkedBooter.java:162)&#10;        at app//org.apache.maven.surefire.booter.ForkedBooter.run(ForkedBooter.java:507)&#10;        at app//org.apache.maven.surefire.booter.ForkedBooter.main(ForkedBooter.java:495)&#10;&quot;IPC Server handler 6 on default port 15004&quot; daemon prio=5 tid=345 timed_waiting&#10;java.lang.Thread.State: TIMED_WAITING&#10;        at java.base@21.0.8/jdk.internal.misc.Unsafe.park(Native Method)&#10;        at java.base@21.0.8/java.util.concurrent.locks.LockSupport.parkNanos(LockSupport.java:269)&#10;        at java.base@21.0.8/java.util.concurrent.locks.AbstractQueuedSynchronizer$ConditionObject.awaitNanos(AbstractQueuedSynchronizer.java:1763)&#10;        at java.base@21.0.8/java.util.concurrent.LinkedBlockingQueue.poll(LinkedBlockingQueue.java:460)&#10;        at app//org.apache.hadoop.ipc.CallQueueManager.take(CallQueueManager.java:370)&#10;        at app//org.apache.hadoop.ipc.Server$Handler.run(Server.java:3165)&#10;&quot;IPC Server handler 28 on default port 15002&quot; daemon prio=5 tid=149 timed_waiting&#10;java.lang.Thread.State: TIMED_WAITING&#10;        at java.base@21.0.8/jdk.internal.misc.Unsafe.park(Native Method)&#10;        at java.base@21.0.8/java.util.concurrent.locks.LockSupport.parkNanos(LockSupport.java:269)&#10;        at java.base@21.0.8/java.util.concurrent.locks.AbstractQueuedSynchronizer$ConditionObject.awaitNanos(AbstractQueuedSynchronizer.java:1763)&#10;        at java.base@21.0.8/java.util.concurrent.LinkedBlockingQueue.poll(LinkedBlockingQueue.java:460)&#10;        at app//org.apache.hadoop.ipc.CallQueueManager.take(CallQueueManager.java:370)&#10;        at app//org.apache.hadoop.ipc.Server$Handler.run(Server.java:3165)&#10;&quot;IPC Server handler 99 on default port 15001&quot; daemon prio=5 tid=657 timed_waiting&#10;java.lang.Thread.State: TIMED_WAITING&#10;        at java.base@21.0.8/jdk.internal.misc.Unsafe.park(Native Method)&#10;        at java.base@21.0.8/java.util.concurrent.locks.LockSupport.parkNanos(LockSupport.java:269)&#10;        at java.base@21.0.8/java.util.concurrent.locks.AbstractQueuedSynchronizer$ConditionObject.awaitNanos(AbstractQueuedSynchronizer.java:1763)&#10;        at java.base@21.0.8/java.util.concurrent.LinkedBlockingQueue.poll(LinkedBlockingQueue.java:460)&#10;        at app//org.apache.hadoop.ipc.CallQueueManager.take(CallQueueManager.java:370)&#10;        at app//org.apache.hadoop.ipc.Server$Handler.run(Server.java:3165)&#10;&quot;IPC Server handler 2 on default port 15021&quot; daemon prio=5 tid=743 timed_waiting&#10;java.lang.Thread.State: TIMED_WAITING&#10;        at java.base@21.0.8/jdk.internal.misc.Unsafe.park(Native Method)&#10;        at java.base@21.0.8/java.util.concurrent.locks.LockSupport.parkNanos(LockSupport.java:269)&#10;        at java.base@21.0.8/java.util.concurrent.locks.AbstractQueuedSynchronizer$ConditionObject.awaitNanos(AbstractQueuedSynchronizer.java:1763)&#10;        at java.base@21.0.8/java.util.concurrent.LinkedBlockingQueue.poll(LinkedBlockingQueue.java:460)&#10;        at app//org.apache.hadoop.ipc.CallQueueManager.take(CallQueueManager.java:370)&#10;        at app//org.apache.hadoop.ipc.Server$Handler.run(Server.java:3165)&#10;&quot;IPC Server handler 6 on default port 15013&quot; daemon prio=5 tid=701 timed_waiting&#10;java.lang.Thread.State: TIMED_WAITING&#10;        at java.base@21.0.8/jdk.internal.misc.Unsafe.park(Native Method)&#10;        at java.base@21.0.8/java.util.concurrent.locks.LockSupport.parkNanos(LockSupport.java:269)&#10;        at java.base@21.0.8/java.util.concurrent.locks.AbstractQueuedSynchronizer$ConditionObject.awaitNanos(AbstractQueuedSynchronizer.java:1763)&#10;        at java.base@21.0.8/java.util.concurrent.LinkedBlockingQueue.poll(LinkedBlockingQueue.java:460)&#10;        at app//org.apache.hadoop.ipc.CallQueueManager.take(CallQueueManager.java:370)&#10;        at app//org.apache.hadoop.ipc.Server$Handler.run(Server.java:3165)&#10;&quot;pool-184-thread-1&quot; daemon prio=5 tid=985 timed_waiting&#10;java.lang.Thread.State: TIMED_WAITING&#10;        at java.base@21.0.8/jdk.internal.misc.Unsafe.park(Native Method)&#10;        at java.base@21.0.8/java.util.concurrent.locks.LockSupport.parkNanos(LockSupport.java:269)&#10;        at java.base@21.0.8/java.util.concurrent.locks.AbstractQueuedSynchronizer$ConditionObject.awaitNanos(AbstractQueuedSynchronizer.java:1763)&#10;        at java.base@21.0.8/java.util.concurrent.ScheduledThreadPoolExecutor$DelayedWorkQueue.take(ScheduledThreadPoolExecutor.java:1182)&#10;        at java.base@21.0.8/java.util.concurrent.ScheduledThreadPoolExecutor$DelayedWorkQueue.take(ScheduledThreadPoolExecutor.java:899)&#10;        at java.base@21.0.8/java.util.concurrent.ThreadPoolExecutor.getTask(ThreadPoolExecutor.java:1070)&#10;        at java.base@21.0.8/java.util.concurrent.ThreadPoolExecutor.runWorker(ThreadPoolExecutor.java:1130)&#10;        at java.base@21.0.8/java.util.concurrent.ThreadPoolExecutor$Worker.run(ThreadPoolExecutor.java:642)&#10;        at java.base@21.0.8/java.lang.Thread.runWith(Thread.java:1596)&#10;        at java.base@21.0.8/java.lang.Thread.run(Thread.java:1583)&#10;&quot;IPC Server handler 57 on default port 15004&quot; daemon prio=5 tid=396 timed_waiting&#10;java.lang.Thread.State: TIMED_WAITING&#10;        at java.base@21.0.8/jdk.internal.misc.Unsafe.park(Native Method)&#10;        at java.base@21.0.8/java.util.concurrent.locks.LockSupport.parkNanos(LockSupport.java:269)&#10;        at java.base@21.0.8/java.util.concurrent.locks.AbstractQueuedSynchronizer$ConditionObject.awaitNanos(AbstractQueuedSynchronizer.java:1763)&#10;        at java.base@21.0.8/java.util.concurrent.LinkedBlockingQueue.poll(LinkedBlockingQueue.java:460)&#10;        at app//org.apache.hadoop.ipc.CallQueueManager.take(CallQueueManager.java:370)&#10;        at app//org.apache.hadoop.ipc.Server$Handler.run(Server.java:3165)&#10;&quot;IPC Server handler 62 on default port 15003&quot; daemon prio=5 tid=283 timed_waiting&#10;java.lang.Thread.State: TIMED_WAITING&#10;        at java.base@21.0.8/jdk.internal.misc.Unsafe.park(Native Method)&#10;        at java.base@21.0.8/java.util.concurrent.locks.LockSupport.parkNanos(LockSupport.java:269)&#10;        at java.base@21.0.8/java.util.concurrent.locks.AbstractQueuedSynchronizer$ConditionObject.awaitNanos(AbstractQueuedSynchronizer.java:1763)&#10;        at java.base@21.0.8/java.util.concurrent.LinkedBlockingQueue.poll(LinkedBlockingQueue.java:460)&#10;        at app//org.apache.hadoop.ipc.CallQueueManager.take(CallQueueManager.java:370)&#10;        at app//org.apache.hadoop.ipc.Server$Handler.run(Server.java:3165)&#10;&quot;IPC Server Responder&quot; daemon prio=5 tid=739 runnable&#10;java.lang.Thread.State: RUNNABLE&#10;        at java.base@21.0.8/sun.nio.ch.EPoll.wait(Native Method)&#10;        at java.base@21.0.8/sun.nio.ch.EPollSelectorImpl.doSelect(EPollSelectorImpl.java:121)&#10;        at java.base@21.0.8/sun.nio.ch.SelectorImpl.lockAndDoSelect(SelectorImpl.java:130)&#10;        at java.base@21.0.8/sun.nio.ch.SelectorImpl.select(SelectorImpl.java:142)&#10;        at app//org.apache.hadoop.ipc.Server$Responder.doRunLoop(Server.java:1733)&#10;        at app//org.apache.hadoop.ipc.Server$Responder.run(Server.java:1716)&#10;&quot;ForkJoinPool-1-worker-2&quot; daemon prio=5 tid=36 in Object.wait()&#10;java.lang.Thread.State: WAITING (on object monitor)&#10;        at java.base@21.0.8/jdk.internal.misc.Unsafe.park(Native Method)&#10;        at java.base@21.0.8/java.util.concurrent.locks.LockSupport.park(LockSupport.java:371)&#10;        at java.base@21.0.8/java.util.concurrent.ForkJoinPool.awaitWork(ForkJoinPool.java:1893)&#10;        at java.base@21.0.8/java.util.concurrent.ForkJoinPool.runWorker(ForkJoinPool.java:1809)&#10;        at java.base@21.0.8/java.util.concurrent.ForkJoinWorkerThread.run(ForkJoinWorkerThread.java:188)&#10;&quot;Socket Reader #6 for port 15001&quot; daemon prio=5 tid=526 runnable&#10;java.lang.Thread.State: RUNNABLE&#10;        at java.base@21.0.8/sun.nio.ch.EPoll.wait(Native Method)&#10;        at java.base@21.0.8/sun.nio.ch.EPollSelectorImpl.doSelect(EPollSelectorImpl.java:121)&#10;        at java.base@21.0.8/sun.nio.ch.SelectorImpl.lockAndDoSelect(SelectorImpl.java:130)&#10;        at java.base@21.0.8/sun.nio.ch.SelectorImpl.select(SelectorImpl.java:147)&#10;        at app//org.apache.hadoop.ipc.Server$Listener$Reader.doRunLoop(Server.java:1497)&#10;        at app//org.apache.hadoop.ipc.Server$Listener$Reader.run(Server.java:1476)&#10;&quot;0ed0910f-4ac9-4f62-be34-d90c51a3e6c9-ChunkReader-ELG-0&quot; daemon prio=5 tid=1024 runnable&#10;java.lang.Thread.State: RUNNABLE&#10;        at app//org.apache.ratis.thirdparty.io.netty.channel.epoll.Native.epollWait(Native Method)&#10;        at app//org.apache.ratis.thirdparty.io.netty.channel.epoll.Native.epollWait(Native.java:220)&#10;        at app//org.apache.ratis.thirdparty.io.netty.channel.epoll.Native.epollWait(Native.java:213)&#10;        at app//org.apache.ratis.thirdparty.io.netty.channel.epoll.EpollEventLoop.epollWaitNoTimerChange(EpollEventLoop.java:308)&#10;        at app//org.apache.ratis.thirdparty.io.netty.channel.epoll.EpollEventLoop.run(EpollEventLoop.java:365)&#10;        at app//org.apache.ratis.thirdparty.io.netty.util.concurrent.SingleThreadEventExecutor$4.run(SingleThreadEventExecutor.java:998)&#10;        at app//org.apache.ratis.thirdparty.io.netty.util.internal.ThreadExecutorMap$2.run(ThreadExecutorMap.java:74)&#10;        at java.base@21.0.8/java.lang.Thread.runWith(Thread.java:1596)&#10;        at java.base@21.0.8/java.lang.Thread.run(Thread.java:1583)&#10;&quot;LeakDetector-OzoneClientObject1&quot; daemon prio=5 tid=1118 in Object.wait()&#10;java.lang.Thread.State: WAITING (on object monitor)&#10;        at java.base@21.0.8/jdk.internal.misc.Unsafe.park(Native Method)&#10;        at java.base@21.0.8/java.util.concurrent.locks.LockSupport.park(LockSupport.java:371)&#10;        at java.base@21.0.8/java.util.concurrent.locks.AbstractQueuedSynchronizer$ConditionNode.block(AbstractQueuedSynchronizer.java:519)&#10;        at java.base@21.0.8/java.util.concurrent.ForkJoinPool.unmanagedBlock(ForkJoinPool.java:3780)&#10;        at java.base@21.0.8/java.util.concurrent.ForkJoinPool.managedBlock(ForkJoinPool.java:3725)&#10;        at java.base@21.0.8/java.util.concurrent.locks.AbstractQueuedSynchronizer$ConditionObject.await(AbstractQueuedSynchronizer.java:1712)&#10;        at java.base@21.0.8/java.lang.ref.ReferenceQueue.await(ReferenceQueue.java:67)&#10;        at java.base@21.0.8/java.lang.ref.ReferenceQueue.remove0(ReferenceQueue.java:158)&#10;        at java.base@21.0.8/java.lang.ref.ReferenceQueue.remove(ReferenceQueue.java:234)&#10;        at app//org.apache.hadoop.hdds.utils.LeakDetector.run(LeakDetector.java:79)&#10;        at app//org.apache.hadoop.hdds.utils.LeakDetector$$Lambda/0x00007f18e8495e30.run(Unknown Source)&#10;        at java.base@21.0.8/java.lang.Thread.runWith(Thread.java:1596)&#10;        at java.base@21.0.8/java.lang.Thread.run(Thread.java:1583)&#10;&quot;Socket Reader #6 for port 15008&quot; daemon prio=5 tid=455 runnable&#10;java.lang.Thread.State: RUNNABLE&#10;        at java.base@21.0.8/sun.nio.ch.EPoll.wait(Native Method)&#10;        at java.base@21.0.8/sun.nio.ch.EPollSelectorImpl.doSelect(EPollSelectorImpl.java:121)&#10;        at java.base@21.0.8/sun.nio.ch.SelectorImpl.lockAndDoSelect(SelectorImpl.java:130)&#10;        at java.base@21.0.8/sun.nio.ch.SelectorImpl.select(SelectorImpl.java:147)&#10;        at app//org.apache.hadoop.ipc.Server$Listener$Reader.doRunLoop(Server.java:1497)&#10;        at app//org.apache.hadoop.ipc.Server$Listener$Reader.run(Server.java:1476)&#10;&quot;IPC Server handler 84 on default port 15002&quot; daemon prio=5 tid=205 timed_waiting&#10;java.lang.Thread.State: TIMED_WAITING&#10;        at java.base@21.0.8/jdk.internal.misc.Unsafe.park(Native Method)&#10;        at java.base@21.0.8/java.util.concurrent.locks.LockSupport.parkNanos(LockSupport.java:269)&#10;        at java.base@21.0.8/java.util.concurrent.locks.AbstractQueuedSynchronizer$ConditionObject.awaitNanos(AbstractQueuedSynchronizer.java:1763)&#10;        at java.base@21.0.8/java.util.concurrent.LinkedBlockingQueue.poll(LinkedBlockingQueue.java:460)&#10;        at app//org.apache.hadoop.ipc.CallQueueManager.take(CallQueueManager.java:370)&#10;        at app//org.apache.hadoop.ipc.Server$Handler.run(Server.java:3165)&#10;&quot;IPC Server handler 48 on default port 15003&quot; daemon prio=5 tid=269 timed_waiting&#10;java.lang.Thread.State: TIMED_WAITING&#10;        at java.base@21.0.8/jdk.internal.misc.Unsafe.park(Native Method)&#10;        at java.base@21.0.8/java.util.concurrent.locks.LockSupport.parkNanos(LockSupport.java:269)&#10;        at java.base@21.0.8/java.util.concurrent.locks.AbstractQueuedSynchronizer$ConditionObject.awaitNanos(AbstractQueuedSynchronizer.java:1763)&#10;        at java.base@21.0.8/java.util.concurrent.LinkedBlockingQueue.poll(LinkedBlockingQueue.java:460)&#10;        at app//org.apache.hadoop.ipc.CallQueueManager.take(CallQueueManager.java:370)&#10;        at app//org.apache.hadoop.ipc.Server$Handler.run(Server.java:3165)&#10;&quot;IPC Server handler 11 on default port 15001&quot; daemon prio=5 tid=569 timed_waiting&#10;java.lang.Thread.State: TIMED_WAITING&#10;        at java.base@21.0.8/jdk.internal.misc.Unsafe.park(Native Method)&#10;        at java.base@21.0.8/java.util.concurrent.locks.LockSupport.parkNanos(LockSupport.java:269)&#10;        at java.base@21.0.8/java.util.concurrent.locks.AbstractQueuedSynchronizer$ConditionObject.awaitNanos(AbstractQueuedSynchronizer.java:1763)&#10;        at java.base@21.0.8/java.util.concurrent.LinkedBlockingQueue.poll(LinkedBlockingQueue.java:460)&#10;        at app//org.apache.hadoop.ipc.CallQueueManager.take(CallQueueManager.java:370)&#10;        at app//org.apache.hadoop.ipc.Server$Handler.run(Server.java:3165)&#10;&quot;Recon-EventQueue-NewNodeForReconNewNodeHandler&quot; daemon prio=5 tid=918 in Object.wait()&#10;java.lang.Thread.State: WAITING (on object monitor)&#10;        at java.base@21.0.8/jdk.internal.misc.Unsafe.park(Native Method)&#10;        at java.base@21.0.8/java.util.concurrent.locks.LockSupport.park(LockSupport.java:371)&#10;        at java.base@21.0.8/java.util.concurrent.locks.AbstractQueuedSynchronizer$ConditionNode.block(AbstractQueuedSynchronizer.java:519)&#10;        at java.base@21.0.8/java.util.concurrent.ForkJoinPool.unmanagedBlock(ForkJoinPool.java:3780)&#10;        at java.base@21.0.8/java.util.concurrent.ForkJoinPool.managedBlock(ForkJoinPool.java:3725)&#10;        at java.base@21.0.8/java.util.concurrent.locks.AbstractQueuedSynchronizer$ConditionObject.await(AbstractQueuedSynchronizer.java:1712)&#10;        at java.base@21.0.8/java.util.concurrent.LinkedBlockingQueue.take(LinkedBlockingQueue.java:435)&#10;        at java.base@21.0.8/java.util.concurrent.ThreadPoolExecutor.getTask(ThreadPoolExecutor.java:1070)&#10;        at java.base@21.0.8/java.util.concurrent.ThreadPoolExecutor.runWorker(ThreadPoolExecutor.java:1130)&#10;        at java.base@21.0.8/java.util.concurrent.ThreadPoolExecutor$Worker.run(ThreadPoolExecutor.java:642)&#10;        at java.base@21.0.8/java.lang.Thread.runWith(Thread.java:1596)&#10;        at java.base@21.0.8/java.lang.Thread.run(Thread.java:1583)&#10;&quot;IPC Server handler 63 on default port 15004&quot; daemon prio=5 tid=402 timed_waiting&#10;java.lang.Thread.State: TIMED_WAITING&#10;        at java.base@21.0.8/jdk.internal.misc.Unsafe.park(Native Method)&#10;        at java.base@21.0.8/java.util.concurrent.locks.LockSupport.parkNanos(LockSupport.java:269)&#10;        at java.base@21.0.8/java.util.concurrent.locks.AbstractQueuedSynchronizer$ConditionObject.awaitNanos(AbstractQueuedSynchronizer.java:1763)&#10;        at java.base@21.0.8/java.util.concurrent.LinkedBlockingQueue.poll(LinkedBlockingQueue.java:460)&#10;        at app//org.apache.hadoop.ipc.CallQueueManager.take(CallQueueManager.java:370)&#10;        at app//org.apache.hadoop.ipc.Server$Handler.run(Server.java:3165)&#10;&quot;d5ad88c2-6e7a-4660-bab6-a4e8807a575e-ChunkWriter-2-0&quot; daemon prio=5 tid=861 in Object.wait()&#10;java.lang.Thread.State: WAITING (on object monitor)&#10;        at java.base@21.0.8/jdk.internal.misc.Unsafe.park(Native Method)&#10;        at java.base@21.0.8/java.util.concurrent.locks.LockSupport.park(LockSupport.java:371)&#10;        at java.base@21.0.8/java.util.concurrent.locks.AbstractQueuedSynchronizer$ConditionNode.block(AbstractQueuedSynchronizer.java:519)&#10;        at java.base@21.0.8/java.util.concurrent.ForkJoinPool.unmanagedBlock(ForkJoinPool.java:3780)&#10;        at java.base@21.0.8/java.util.concurrent.ForkJoinPool.managedBlock(ForkJoinPool.java:3725)&#10;        at java.base@21.0.8/java.util.concurrent.locks.AbstractQueuedSynchronizer$ConditionObject.await(AbstractQueuedSynchronizer.java:1712)&#10;        at java.base@21.0.8/java.util.concurrent.LinkedBlockingDeque.takeFirst(LinkedBlockingDeque.java:485)&#10;        at java.base@21.0.8/java.util.concurrent.LinkedBlockingDeque.take(LinkedBlockingDeque.java:673)&#10;        at java.base@21.0.8/java.util.concurrent.ThreadPoolExecutor.getTask(ThreadPoolExecutor.java:1070)&#10;        at java.base@21.0.8/java.util.concurrent.ThreadPoolExecutor.runWorker(ThreadPoolExecutor.java:1130)&#10;        at java.base@21.0.8/java.util.concurrent.ThreadPoolExecutor$Worker.run(ThreadPoolExecutor.java:642)&#10;        at java.base@21.0.8/java.lang.Thread.runWith(Thread.java:1596)&#10;        at java.base@21.0.8/java.lang.Thread.run(Thread.java:1583)&#10;&quot;IPC Server handler 53 on default port 15001&quot; daemon prio=5 tid=611 timed_waiting&#10;java.lang.Thread.State: TIMED_WAITING&#10;        at java.base@21.0.8/jdk.internal.misc.Unsafe.park(Native Method)&#10;        at java.base@21.0.8/java.util.concurrent.locks.LockSupport.parkNanos(LockSupport.java:269)&#10;        at java.base@21.0.8/java.util.concurrent.locks.AbstractQueuedSynchronizer$ConditionObject.awaitNanos(AbstractQueuedSynchronizer.java:1763)&#10;        at java.base@21.0.8/java.util.concurrent.LinkedBlockingQueue.poll(LinkedBlockingQueue.java:460)&#10;        at app//org.apache.hadoop.ipc.CallQueueManager.take(CallQueueManager.java:370)&#10;        at app//org.apache.hadoop.ipc.Server$Handler.run(Server.java:3165)&#10;&quot;qtp1553533936-489&quot; daemon prio=5 tid=489 timed_waiting&#10;java.lang.Thread.State: TIMED_WAITING&#10;        at java.base@21.0.8/jdk.internal.misc.Unsafe.park(Native Method)&#10;        at java.base@21.0.8/java.util.concurrent.locks.LockSupport.parkNanos(LockSupport.java:410)&#10;        at java.base@21.0.8/java.util.concurrent.LinkedTransferQueue$DualNode.await(LinkedTransferQueue.java:452)&#10;        at java.base@21.0.8/java.util.concurrent.SynchronousQueue$Transferer.xferLifo(SynchronousQueue.java:194)&#10;        at java.base@21.0.8/java.util.concurrent.SynchronousQueue.xfer(SynchronousQueue.java:235)&#10;        at java.base@21.0.8/java.util.concurrent.SynchronousQueue.poll(SynchronousQueue.java:338)&#10;        at app//org.eclipse.jetty.util.thread.ReservedThreadExecutor$ReservedThread.reservedWait(ReservedThreadExecutor.java:324)&#10;        at app//org.eclipse.jetty.util.thread.ReservedThreadExecutor$ReservedThread.run(ReservedThreadExecutor.java:399)&#10;        at app//org.eclipse.jetty.util.thread.QueuedThreadPool.runJob(QueuedThreadPool.java:883)&#10;        at app//org.eclipse.jetty.util.thread.QueuedThreadPool$Runner.run(QueuedThreadPool.java:1034)&#10;        at java.base@21.0.8/java.lang.Thread.runWith(Thread.java:1596)&#10;        at java.base@21.0.8/java.lang.Thread.run(Thread.java:1583)&#10;&quot;Socket Reader #5 for port 15004&quot; daemon prio=5 tid=67 runnable&#10;java.lang.Thread.State: RUNNABLE&#10;        at java.base@21.0.8/sun.nio.ch.EPoll.wait(Native Method)&#10;        at java.base@21.0.8/sun.nio.ch.EPollSelectorImpl.doSelect(EPollSelectorImpl.java:121)&#10;        at java.base@21.0.8/sun.nio.ch.SelectorImpl.lockAndDoSelect(SelectorImpl.java:130)&#10;        at java.base@21.0.8/sun.nio.ch.SelectorImpl.select(SelectorImpl.java:147)&#10;        at app//org.apache.hadoop.ipc.Server$Listener$Reader.doRunLoop(Server.java:1497)&#10;        at app//org.apache.hadoop.ipc.Server$Listener$Reader.run(Server.java:1476)&#10;&quot;IPC Server handler 26 on default port 15001&quot; daemon prio=5 tid=584 timed_waiting&#10;java.lang.Thread.State: TIMED_WAITING&#10;        at java.base@21.0.8/jdk.internal.misc.Unsafe.park(Native Method)&#10;        at java.base@21.0.8/java.util.concurrent.locks.LockSupport.parkNanos(LockSupport.java:269)&#10;        at java.base@21.0.8/java.util.concurrent.locks.AbstractQueuedSynchronizer$ConditionObject.awaitNanos(AbstractQueuedSynchronizer.java:1763)&#10;        at java.base@21.0.8/java.util.concurrent.LinkedBlockingQueue.poll(LinkedBlockingQueue.java:460)&#10;        at app//org.apache.hadoop.ipc.CallQueueManager.take(CallQueueManager.java:370)&#10;        at app//org.apache.hadoop.ipc.Server$Handler.run(Server.java:3165)&#10;&quot;EventQueue-NodeRegistrationContainerReportForDataNodeSafeModeRule&quot; daemon prio=5 tid=921 in Object.wait()&#10;java.lang.Thread.State: WAITING (on object monitor)&#10;        at java.base@21.0.8/jdk.internal.misc.Unsafe.park(Native Method)&#10;        at java.base@21.0.8/java.util.concurrent.locks.LockSupport.park(LockSupport.java:371)&#10;        at java.base@21.0.8/java.util.concurrent.locks.AbstractQueuedSynchronizer$ConditionNode.block(AbstractQueuedSynchronizer.java:519)&#10;        at java.base@21.0.8/java.util.concurrent.ForkJoinPool.unmanagedBlock(ForkJoinPool.java:3780)&#10;        at java.base@21.0.8/java.util.concurrent.ForkJoinPool.managedBlock(ForkJoinPool.java:3725)&#10;        at java.base@21.0.8/java.util.concurrent.locks.AbstractQueuedSynchronizer$ConditionObject.await(AbstractQueuedSynchronizer.java:1712)&#10;        at java.base@21.0.8/java.util.concurrent.LinkedBlockingQueue.take(LinkedBlockingQueue.java:435)&#10;        at java.base@21.0.8/java.util.concurrent.ThreadPoolExecutor.getTask(ThreadPoolExecutor.java:1070)&#10;        at java.base@21.0.8/java.util.concurrent.ThreadPoolExecutor.runWorker(ThreadPoolExecutor.java:1130)&#10;        at java.base@21.0.8/java.util.concurrent.ThreadPoolExecutor$Worker.run(ThreadPoolExecutor.java:642)&#10;        at java.base@21.0.8/java.lang.Thread.runWith(Thread.java:1596)&#10;        at java.base@21.0.8/java.lang.Thread.run(Thread.java:1583)&#10;&quot;346684e1-b57f-4c29-9507-935dad45bd68-DatanodeStateMachineTaskThread-1&quot;  prio=5 tid=979 in Object.wait()&#10;java.lang.Thread.State: WAITING (on object monitor)&#10;        at java.base@21.0.8/jdk.internal.misc.Unsafe.park(Native Method)&#10;        at java.base@21.0.8/java.util.concurrent.locks.LockSupport.park(LockSupport.java:371)&#10;        at java.base@21.0.8/java.util.concurrent.locks.AbstractQueuedSynchronizer$ConditionNode.block(AbstractQueuedSynchronizer.java:519)&#10;        at java.base@21.0.8/java.util.concurrent.ForkJoinPool.unmanagedBlock(ForkJoinPool.java:3780)&#10;        at java.base@21.0.8/java.util.concurrent.ForkJoinPool.managedBlock(ForkJoinPool.java:3725)&#10;        at java.base@21.0.8/java.util.concurrent.locks.AbstractQueuedSynchronizer$ConditionObject.await(AbstractQueuedSynchronizer.java:1712)&#10;        at java.base@21.0.8/java.util.concurrent.LinkedBlockingQueue.take(LinkedBlockingQueue.java:435)&#10;        at java.base@21.0.8/java.util.concurrent.ThreadPoolExecutor.getTask(ThreadPoolExecutor.java:1070)&#10;        at java.base@21.0.8/java.util.concurrent.ThreadPoolExecutor.runWorker(ThreadPoolExecutor.java:1130)&#10;        at java.base@21.0.8/java.util.concurrent.ThreadPoolExecutor$Worker.run(ThreadPoolExecutor.java:642)&#10;        at java.base@21.0.8/java.lang.Thread.runWith(Thread.java:1596)&#10;        at java.base@21.0.8/java.lang.Thread.run(Thread.java:1583)&#10;&quot;00aa5afb-d218-4771-abd7-db0247b9d23b@group-334FE627F997-cacheEviction-AwaitToRun&quot; daemon prio=5 tid=114 in Object.wait()&#10;java.lang.Thread.State: WAITING (on object monitor)&#10;        at java.base@21.0.8/jdk.internal.misc.Unsafe.park(Native Method)&#10;        at java.base@21.0.8/java.util.concurrent.locks.LockSupport.park(LockSupport.java:371)&#10;        at java.base@21.0.8/java.util.concurrent.locks.AbstractQueuedSynchronizer$ConditionNode.block(AbstractQueuedSynchronizer.java:519)&#10;        at java.base@21.0.8/java.util.concurrent.ForkJoinPool.unmanagedBlock(ForkJoinPool.java:3780)&#10;        at java.base@21.0.8/java.util.concurrent.ForkJoinPool.managedBlock(ForkJoinPool.java:3725)&#10;        at java.base@21.0.8/java.util.concurrent.locks.AbstractQueuedSynchronizer$ConditionObject.await(AbstractQueuedSynchronizer.java:1712)&#10;        at app//org.apache.ratis.util.AwaitForSignal.await(AwaitForSignal.java:48)&#10;        at app//org.apache.ratis.util.AwaitToRun$RunnableImpl.run(AwaitToRun.java:47)&#10;        at java.base@21.0.8/java.lang.Thread.runWith(Thread.java:1596)&#10;        at java.base@21.0.8/java.lang.Thread.run(Thread.java:1583)&#10;&quot;IPC Server handler 14 on default port 15008&quot; daemon prio=5 tid=506 timed_waiting&#10;java.lang.Thread.State: TIMED_WAITING&#10;        at java.base@21.0.8/jdk.internal.misc.Unsafe.park(Native Method)&#10;        at java.base@21.0.8/java.util.concurrent.locks.LockSupport.parkNanos(LockSupport.java:269)&#10;        at java.base@21.0.8/java.util.concurrent.locks.AbstractQueuedSynchronizer$ConditionObject.awaitNanos(AbstractQueuedSynchronizer.java:1763)&#10;        at java.base@21.0.8/java.util.concurrent.LinkedBlockingQueue.poll(LinkedBlockingQueue.java:460)&#10;        at app//org.apache.hadoop.ipc.CallQueueManager.take(CallQueueManager.java:370)&#10;        at app//org.apache.hadoop.ipc.Server$Handler.run(Server.java:3165)&#10;&quot;IPC Server handler 9 on default port 15037&quot; daemon prio=5 tid=892 timed_waiting&#10;java.lang.Thread.State: TIMED_WAITING&#10;        at java.base@21.0.8/jdk.internal.misc.Unsafe.park(Native Method)&#10;        at java.base@21.0.8/java.util.concurrent.locks.LockSupport.parkNanos(LockSupport.java:269)&#10;        at java.base@21.0.8/java.util.concurrent.locks.AbstractQueuedSynchronizer$ConditionObject.awaitNanos(AbstractQueuedSynchronizer.java:1763)&#10;        at java.base@21.0.8/java.util.concurrent.LinkedBlockingQueue.poll(LinkedBlockingQueue.java:460)&#10;        at app//org.apache.hadoop.ipc.CallQueueManager.take(CallQueueManager.java:370)&#10;        at app//org.apache.hadoop.ipc.Server$Handler.run(Server.java:3165)&#10;&quot;IPC Server Responder&quot; daemon prio=5 tid=102 runnable&#10;java.lang.Thread.State: RUNNABLE&#10;        at java.base@21.0.8/sun.nio.ch.EPoll.wait(Native Method)&#10;        at java.base@21.0.8/sun.nio.ch.EPollSelectorImpl.doSelect(EPollSelectorImpl.java:121)&#10;        at java.base@21.0.8/sun.nio.ch.SelectorImpl.lockAndDoSelect(SelectorImpl.java:130)&#10;        at java.base@21.0.8/sun.nio.ch.SelectorImpl.select(SelectorImpl.java:142)&#10;        at app//org.apache.hadoop.ipc.Server$Responder.doRunLoop(Server.java:1733)&#10;        at app//org.apache.hadoop.ipc.Server$Responder.run(Server.java:1716)&#10;&quot;d5ad88c2-6e7a-4660-bab6-a4e8807a575e-PipelineCommandHandlerThread-0&quot;  prio=5 tid=1047 in Object.wait()&#10;java.lang.Thread.State: WAITING (on object monitor)&#10;        at java.base@21.0.8/jdk.internal.misc.Unsafe.park(Native Method)&#10;        at java.base@21.0.8/java.util.concurrent.locks.LockSupport.park(LockSupport.java:371)&#10;        at java.base@21.0.8/java.util.concurrent.locks.AbstractQueuedSynchronizer$ConditionNode.block(AbstractQueuedSynchronizer.java:519)&#10;        at java.base@21.0.8/java.util.concurrent.ForkJoinPool.unmanagedBlock(ForkJoinPool.java:3780)&#10;        at java.base@21.0.8/java.util.concurrent.ForkJoinPool.managedBlock(ForkJoinPool.java:3725)&#10;        at java.base@21.0.8/java.util.concurrent.locks.AbstractQueuedSynchronizer$ConditionObject.await(AbstractQueuedSynchronizer.java:1712)&#10;        at java.base@21.0.8/java.util.concurrent.LinkedBlockingQueue.take(LinkedBlockingQueue.java:435)&#10;        at java.base@21.0.8/java.util.concurrent.ThreadPoolExecutor.getTask(ThreadPoolExecutor.java:1070)&#10;        at java.base@21.0.8/java.util.concurrent.ThreadPoolExecutor.runWorker(ThreadPoolExecutor.java:1130)&#10;        at java.base@21.0.8/java.util.concurrent.ThreadPoolExecutor$Worker.run(ThreadPoolExecutor.java:642)&#10;        at java.base@21.0.8/java.lang.Thread.runWith(Thread.java:1596)&#10;        at java.base@21.0.8/java.lang.Thread.run(Thread.java:1583)&#10;&quot;IPC Server listener on 15002&quot; daemon prio=5 tid=90 runnable&#10;java.lang.Thread.State: RUNNABLE&#10;        at java.base@21.0.8/sun.nio.ch.EPoll.wait(Native Method)&#10;        at java.base@21.0.8/sun.nio.ch.EPollSelectorImpl.doSelect(EPollSelectorImpl.java:121)&#10;        at java.base@21.0.8/sun.nio.ch.SelectorImpl.lockAndDoSelect(SelectorImpl.java:130)&#10;        at java.base@21.0.8/sun.nio.ch.SelectorImpl.select(SelectorImpl.java:147)&#10;        at app//org.apache.hadoop.ipc.Server$Listener.run(Server.java:1559)&#10;&quot;346684e1-b57f-4c29-9507-935dad45bd68-DatanodeReportManager-2&quot; daemon prio=5 tid=896 in Object.wait()&#10;java.lang.Thread.State: WAITING (on object monitor)&#10;        at java.base@21.0.8/jdk.internal.misc.Unsafe.park(Native Method)&#10;        at java.base@21.0.8/java.util.concurrent.locks.LockSupport.park(LockSupport.java:371)&#10;        at java.base@21.0.8/java.util.concurrent.locks.AbstractQueuedSynchronizer$ConditionNode.block(AbstractQueuedSynchronizer.java:519)&#10;        at java.base@21.0.8/java.util.concurrent.ForkJoinPool.unmanagedBlock(ForkJoinPool.java:3780)&#10;        at java.base@21.0.8/java.util.concurrent.ForkJoinPool.managedBlock(ForkJoinPool.java:3725)&#10;        at java.base@21.0.8/java.util.concurrent.locks.AbstractQueuedSynchronizer$ConditionObject.await(AbstractQueuedSynchronizer.java:1712)&#10;        at java.base@21.0.8/java.util.concurrent.ScheduledThreadPoolExecutor$DelayedWorkQueue.take(ScheduledThreadPoolExecutor.java:1177)&#10;        at java.base@21.0.8/java.util.concurrent.ScheduledThreadPoolExecutor$DelayedWorkQueue.take(ScheduledThreadPoolExecutor.java:899)&#10;        at java.base@21.0.8/java.util.concurrent.ThreadPoolExecutor.getTask(ThreadPoolExecutor.java:1070)&#10;        at java.base@21.0.8/java.util.concurrent.ThreadPoolExecutor.runWorker(ThreadPoolExecutor.java:1130)&#10;        at java.base@21.0.8/java.util.concurrent.ThreadPoolExecutor$Worker.run(ThreadPoolExecutor.java:642)&#10;        at java.base@21.0.8/java.lang.Thread.runWith(Thread.java:1596)&#10;        at java.base@21.0.8/java.lang.Thread.run(Thread.java:1583)&#10;&quot;Socket Reader #6 for port 15003&quot; daemon prio=5 tid=82 runnable&#10;java.lang.Thread.State: RUNNABLE&#10;        at java.base@21.0.8/sun.nio.ch.EPoll.wait(Native Method)&#10;        at java.base@21.0.8/sun.nio.ch.EPollSelectorImpl.doSelect(EPollSelectorImpl.java:121)&#10;        at java.base@21.0.8/sun.nio.ch.SelectorImpl.lockAndDoSelect(SelectorImpl.java:130)&#10;        at java.base@21.0.8/sun.nio.ch.SelectorImpl.select(SelectorImpl.java:147)&#10;        at app//org.apache.hadoop.ipc.Server$Listener$Reader.doRunLoop(Server.java:1497)&#10;        at app//org.apache.hadoop.ipc.Server$Listener$Reader.run(Server.java:1476)&#10;&quot;grpc-default-worker-ELG-3-3&quot; daemon prio=5 tid=1045 runnable&#10;java.lang.Thread.State: RUNNABLE&#10;        at app//org.apache.ratis.thirdparty.io.netty.channel.epoll.Native.epollWait0(Native Method)&#10;        at app//org.apache.ratis.thirdparty.io.netty.channel.epoll.Native.epollWait(Native.java:193)&#10;        at app//org.apache.ratis.thirdparty.io.netty.channel.epoll.EpollEventLoop.epollWait(EpollEventLoop.java:304)&#10;        at app//org.apache.ratis.thirdparty.io.netty.channel.epoll.EpollEventLoop.run(EpollEventLoop.java:368)&#10;        at app//org.apache.ratis.thirdparty.io.netty.util.concurrent.SingleThreadEventExecutor$4.run(SingleThreadEventExecutor.java:998)&#10;        at app//org.apache.ratis.thirdparty.io.netty.util.internal.ThreadExecutorMap$2.run(ThreadExecutorMap.java:74)&#10;        at app//org.apache.ratis.thirdparty.io.netty.util.concurrent.FastThreadLocalRunnable.run(FastThreadLocalRunnable.java:30)&#10;        at java.base@21.0.8/java.lang.Thread.runWith(Thread.java:1596)&#10;        at java.base@21.0.8/java.lang.Thread.run(Thread.java:1583)&#10;&quot;Hadoop-Metrics-Updater-0&quot; daemon prio=5 tid=89 timed_waiting&#10;java.lang.Thread.State: TIMED_WAITING&#10;        at java.base@21.0.8/jdk.internal.misc.Unsafe.park(Native Method)&#10;        at java.base@21.0.8/java.util.concurrent.locks.LockSupport.parkNanos(LockSupport.java:269)&#10;        at java.base@21.0.8/java.util.concurrent.locks.AbstractQueuedSynchronizer$ConditionObject.awaitNanos(AbstractQueuedSynchronizer.java:1763)&#10;        at java.base@21.0.8/java.util.concurrent.ScheduledThreadPoolExecutor$DelayedWorkQueue.take(ScheduledThreadPoolExecutor.java:1182)&#10;        at java.base@21.0.8/java.util.concurrent.ScheduledThreadPoolExecutor$DelayedWorkQueue.take(ScheduledThreadPoolExecutor.java:899)&#10;        at java.base@21.0.8/java.util.concurrent.ThreadPoolExecutor.getTask(ThreadPoolExecutor.java:1070)&#10;        at java.base@21.0.8/java.util.concurrent.ThreadPoolExecutor.runWorker(ThreadPoolExecutor.java:1130)&#10;        at java.base@21.0.8/java.util.concurrent.ThreadPoolExecutor$Worker.run(ThreadPoolExecutor.java:642)&#10;        at java.base@21.0.8/java.lang.Thread.runWith(Thread.java:1596)&#10;        at java.base@21.0.8/java.lang.Thread.run(Thread.java:1583)&#10;&quot;IPC Server handler 78 on default port 15003&quot; daemon prio=5 tid=299 timed_waiting&#10;java.lang.Thread.State: TIMED_WAITING&#10;        at java.base@21.0.8/jdk.internal.misc.Unsafe.park(Native Method)&#10;        at java.base@21.0.8/java.util.concurrent.locks.LockSupport.parkNanos(LockSupport.java:269)&#10;        at java.base@21.0.8/java.util.concurrent.locks.AbstractQueuedSynchronizer$ConditionObject.awaitNanos(AbstractQueuedSynchronizer.java:1763)&#10;        at java.base@21.0.8/java.util.concurrent.LinkedBlockingQueue.poll(LinkedBlockingQueue.java:460)&#10;        at app//org.apache.hadoop.ipc.CallQueueManager.take(CallQueueManager.java:370)&#10;        at app//org.apache.hadoop.ipc.Server$Handler.run(Server.java:3165)&#10;&quot;IPC Server handler 25 on default port 15004&quot; daemon prio=5 tid=364 timed_waiting&#10;java.lang.Thread.State: TIMED_WAITING&#10;        at java.base@21.0.8/jdk.internal.misc.Unsafe.park(Native Method)&#10;        at java.base@21.0.8/java.util.concurrent.locks.LockSupport.parkNanos(LockSupport.java:269)&#10;        at java.base@21.0.8/java.util.concurrent.locks.AbstractQueuedSynchronizer$ConditionObject.awaitNanos(AbstractQueuedSynchronizer.java:1763)&#10;        at java.base@21.0.8/java.util.concurrent.LinkedBlockingQueue.poll(LinkedBlockingQueue.java:460)&#10;        at app//org.apache.hadoop.ipc.CallQueueManager.take(CallQueueManager.java:370)&#10;        at app//org.apache.hadoop.ipc.Server$Handler.run(Server.java:3165)&#10;&quot;IPC Server handler 34 on default port 15004&quot; daemon prio=5 tid=373 timed_waiting&#10;java.lang.Thread.State: TIMED_WAITING&#10;        at java.base@21.0.8/jdk.internal.misc.Unsafe.park(Native Method)&#10;        at java.base@21.0.8/java.util.concurrent.locks.LockSupport.parkNanos(LockSupport.java:269)&#10;        at java.base@21.0.8/java.util.concurrent.locks.AbstractQueuedSynchronizer$ConditionObject.awaitNanos(AbstractQueuedSynchronizer.java:1763)&#10;        at java.base@21.0.8/java.util.concurrent.LinkedBlockingQueue.poll(LinkedBlockingQueue.java:460)&#10;        at app//org.apache.hadoop.ipc.CallQueueManager.take(CallQueueManager.java:370)&#10;        at app//org.apache.hadoop.ipc.Server$Handler.run(Server.java:3165)&#10;&quot;IPC Server handler 50 on default port 15004&quot; daemon prio=5 tid=389 timed_waiting&#10;java.lang.Thread.State: TIMED_WAITING&#10;        at java.base@21.0.8/jdk.internal.misc.Unsafe.park(Native Method)&#10;        at java.base@21.0.8/java.util.concurrent.locks.LockSupport.parkNanos(LockSupport.java:269)&#10;        at java.base@21.0.8/java.util.concurrent.locks.AbstractQueuedSynchronizer$ConditionObject.awaitNanos(AbstractQueuedSynchronizer.java:1763)&#10;        at java.base@21.0.8/java.util.concurrent.LinkedBlockingQueue.poll(LinkedBlockingQueue.java:460)&#10;        at app//org.apache.hadoop.ipc.CallQueueManager.take(CallQueueManager.java:370)&#10;        at app//org.apache.hadoop.ipc.Server$Handler.run(Server.java:3165)&#10;&quot;Socket Reader #4 for port 15003&quot; daemon prio=5 tid=80 runnable&#10;java.lang.Thread.State: RUNNABLE&#10;        at java.base@21.0.8/sun.nio.ch.EPoll.wait(Native Method)&#10;        at java.base@21.0.8/sun.nio.ch.EPollSelectorImpl.doSelect(EPollSelectorImpl.java:121)&#10;        at java.base@21.0.8/sun.nio.ch.SelectorImpl.lockAndDoSelect(SelectorImpl.java:130)&#10;        at java.base@21.0.8/sun.nio.ch.SelectorImpl.select(SelectorImpl.java:147)&#10;        at app//org.apache.hadoop.ipc.Server$Listener$Reader.doRunLoop(Server.java:1497)&#10;        at app//org.apache.hadoop.ipc.Server$Listener$Reader.run(Server.java:1476)&#10;&quot;IPC Server handler 6 on default port 15008&quot; daemon prio=5 tid=498 timed_waiting&#10;java.lang.Thread.State: TIMED_WAITING&#10;        at java.base@21.0.8/jdk.internal.misc.Unsafe.park(Native Method)&#10;        at java.base@21.0.8/java.util.concurrent.locks.LockSupport.parkNanos(LockSupport.java:269)&#10;        at java.base@21.0.8/java.util.concurrent.locks.AbstractQueuedSynchronizer$ConditionObject.awaitNanos(AbstractQueuedSynchronizer.java:1763)&#10;        at java.base@21.0.8/java.util.concurrent.LinkedBlockingQueue.poll(LinkedBlockingQueue.java:460)&#10;        at app//org.apache.hadoop.ipc.CallQueueManager.take(CallQueueManager.java:370)&#10;        at app//org.apache.hadoop.ipc.Server$Handler.run(Server.java:3165)&#10;&quot;Socket Reader #6 for port 15037&quot; daemon prio=5 tid=875 runnable&#10;java.lang.Thread.State: RUNNABLE&#10;        at java.base@21.0.8/sun.nio.ch.EPoll.wait(Native Method)&#10;        at java.base@21.0.8/sun.nio.ch.EPollSelectorImpl.doSelect(EPollSelectorImpl.java:121)&#10;        at java.base@21.0.8/sun.nio.ch.SelectorImpl.lockAndDoSelect(SelectorImpl.java:130)&#10;        at java.base@21.0.8/sun.nio.ch.SelectorImpl.select(SelectorImpl.java:147)&#10;        at app//org.apache.hadoop.ipc.Server$Listener$Reader.doRunLoop(Server.java:1497)&#10;        at app//org.apache.hadoop.ipc.Server$Listener$Reader.run(Server.java:1476)&#10;&quot;Hadoop-Metrics-Updater-0&quot; daemon prio=5 tid=694 timed_waiting&#10;java.lang.Thread.State: TIMED_WAITING&#10;        at java.base@21.0.8/jdk.internal.misc.Unsafe.park(Native Method)&#10;        at java.base@21.0.8/java.util.concurrent.locks.LockSupport.parkNanos(LockSupport.java:269)&#10;        at java.base@21.0.8/java.util.concurrent.locks.AbstractQueuedSynchronizer$ConditionObject.awaitNanos(AbstractQueuedSynchronizer.java:1763)&#10;        at java.base@21.0.8/java.util.concurrent.ScheduledThreadPoolExecutor$DelayedWorkQueue.take(ScheduledThreadPoolExecutor.java:1182)&#10;        at java.base@21.0.8/java.util.concurrent.ScheduledThreadPoolExecutor$DelayedWorkQueue.take(ScheduledThreadPoolExecutor.java:899)&#10;        at java.base@21.0.8/java.util.concurrent.ThreadPoolExecutor.getTask(ThreadPoolExecutor.java:1070)&#10;        at java.base@21.0.8/java.util.concurrent.ThreadPoolExecutor.runWorker(ThreadPoolExecutor.java:1130)&#10;        at java.base@21.0.8/java.util.concurrent.ThreadPoolExecutor$Worker.run(ThreadPoolExecutor.java:642)&#10;        at java.base@21.0.8/java.lang.Thread.runWith(Thread.java:1596)&#10;        at java.base@21.0.8/java.lang.Thread.run(Thread.java:1583)&#10;&quot;Socket Reader #10 for port 15037&quot; daemon prio=5 tid=879 runnable&#10;java.lang.Thread.State: RUNNABLE&#10;        at java.base@21.0.8/sun.nio.ch.EPoll.wait(Native Method)&#10;        at java.base@21.0.8/sun.nio.ch.EPollSelectorImpl.doSelect(EPollSelectorImpl.java:121)&#10;        at java.base@21.0.8/sun.nio.ch.SelectorImpl.lockAndDoSelect(SelectorImpl.java:130)&#10;        at java.base@21.0.8/sun.nio.ch.SelectorImpl.select(SelectorImpl.java:147)&#10;        at app//org.apache.hadoop.ipc.Server$Listener$Reader.doRunLoop(Server.java:1497)&#10;        at app//org.apache.hadoop.ipc.Server$Listener$Reader.run(Server.java:1476)&#10;&quot;Finalizer&quot; daemon prio=8 tid=10 in Object.wait()&#10;java.lang.Thread.State: WAITING (on object monitor)&#10;        at java.base@21.0.8/java.lang.Object.wait0(Native Method)&#10;        at java.base@21.0.8/java.lang.Object.wait(Object.java:366)&#10;        at java.base@21.0.8/java.lang.Object.wait(Object.java:339)&#10;        at java.base@21.0.8/java.lang.ref.NativeReferenceQueue.await(NativeReferenceQueue.java:48)&#10;        at java.base@21.0.8/java.lang.ref.ReferenceQueue.remove0(ReferenceQueue.java:158)&#10;        at java.base@21.0.8/java.lang.ref.NativeReferenceQueue.remove(NativeReferenceQueue.java:89)&#10;        at java.base@21.0.8/java.lang.ref.Finalizer$FinalizerThread.run(Finalizer.java:173)&#10;&quot;Timer for &apos;StorageContainerManager&apos; metrics system&quot; daemon prio=5 tid=120 timed_waiting&#10;java.lang.Thread.State: TIMED_WAITING&#10;        at java.base@21.0.8/java.lang.Object.wait0(Native Method)&#10;        at java.base@21.0.8/java.lang.Object.wait(Object.java:366)&#10;        at java.base@21.0.8/java.util.TimerThread.mainLoop(Timer.java:563)&#10;        at java.base@21.0.8/java.util.TimerThread.run(Timer.java:516)&#10;&quot;Recon-FixedThreadPoolWithAffinityExecutor-7-0&quot; daemon prio=5 tid=541 timed_waiting&#10;java.lang.Thread.State: TIMED_WAITING&#10;        at java.base@21.0.8/jdk.internal.misc.Unsafe.park(Native Method)&#10;        at java.base@21.0.8/java.util.concurrent.locks.LockSupport.parkNanos(LockSupport.java:269)&#10;        at java.base@21.0.8/java.util.concurrent.locks.AbstractQueuedSynchronizer$ConditionObject.awaitNanos(AbstractQueuedSynchronizer.java:1763)&#10;        at java.base@21.0.8/java.util.concurrent.LinkedBlockingQueue.poll(LinkedBlockingQueue.java:460)&#10;        at app//org.apache.hadoop.hdds.scm.server.ContainerReportQueue.poll(ContainerReportQueue.java:269)&#10;        at app//org.apache.hadoop.hdds.scm.server.ContainerReportQueue.poll(ContainerReportQueue.java:42)&#10;        at app//org.apache.hadoop.hdds.server.events.FixedThreadPoolWithAffinityExecutor$ContainerReportProcessTask.run(FixedThreadPoolWithAffinityExecutor.java:228)&#10;        at java.base@21.0.8/java.util.concurrent.Executors$RunnableAdapter.call(Executors.java:572)&#10;        at java.base@21.0.8/java.util.concurrent.FutureTask.run(FutureTask.java:317)&#10;        at java.base@21.0.8/java.util.concurrent.ThreadPoolExecutor.runWorker(ThreadPoolExecutor.java:1144)&#10;        at java.base@21.0.8/java.util.concurrent.ThreadPoolExecutor$Worker.run(ThreadPoolExecutor.java:642)&#10;        at java.base@21.0.8/java.lang.Thread.runWith(Thread.java:1596)&#10;        at java.base@21.0.8/java.lang.Thread.run(Thread.java:1583)&#10;&quot;42a5f925-1bc2-4f8a-8509-c5ae65e6fcde-DatanodeReportManager-2&quot; daemon prio=5 tid=708 timed_waiting&#10;java.lang.Thread.State: TIMED_WAITING&#10;        at java.base@21.0.8/jdk.internal.misc.Unsafe.park(Native Method)&#10;        at java.base@21.0.8/java.util.concurrent.locks.LockSupport.parkNanos(LockSupport.java:269)&#10;        at java.base@21.0.8/java.util.concurrent.locks.AbstractQueuedSynchronizer$ConditionObject.awaitNanos(AbstractQueuedSynchronizer.java:1763)&#10;        at java.base@21.0.8/java.util.concurrent.ScheduledThreadPoolExecutor$DelayedWorkQueue.take(ScheduledThreadPoolExecutor.java:1182)&#10;        at java.base@21.0.8/java.util.concurrent.ScheduledThreadPoolExecutor$DelayedWorkQueue.take(ScheduledThreadPoolExecutor.java:899)&#10;        at java.base@21.0.8/java.util.concurrent.ThreadPoolExecutor.getTask(ThreadPoolExecutor.java:1070)&#10;        at java.base@21.0.8/java.util.concurrent.ThreadPoolExecutor.runWorker(ThreadPoolExecutor.java:1130)&#10;        at java.base@21.0.8/java.util.concurrent.ThreadPoolExecutor$Worker.run(ThreadPoolExecutor.java:642)&#10;        at java.base@21.0.8/java.lang.Thread.runWith(Thread.java:1596)&#10;        at java.base@21.0.8/java.lang.Thread.run(Thread.java:1583)&#10;&quot;om1-DirectoryDeletingService#3&quot; daemon prio=5 tid=1363 timed_waiting&#10;java.lang.Thread.State: TIMED_WAITING&#10;        at java.base@21.0.8/jdk.internal.misc.Unsafe.park(Native Method)&#10;        at java.base@21.0.8/java.util.concurrent.locks.LockSupport.parkNanos(LockSupport.java:269)&#10;        at java.base@21.0.8/java.util.concurrent.locks.AbstractQueuedSynchronizer$ConditionObject.awaitNanos(AbstractQueuedSynchronizer.java:1763)&#10;        at java.base@21.0.8/java.util.concurrent.ScheduledThreadPoolExecutor$DelayedWorkQueue.take(ScheduledThreadPoolExecutor.java:1182)&#10;        at java.base@21.0.8/java.util.concurrent.ScheduledThreadPoolExecutor$DelayedWorkQueue.take(ScheduledThreadPoolExecutor.java:899)&#10;        at java.base@21.0.8/java.util.concurrent.ThreadPoolExecutor.getTask(ThreadPoolExecutor.java:1070)&#10;        at java.base@21.0.8/java.util.concurrent.ThreadPoolExecutor.runWorker(ThreadPoolExecutor.java:1130)&#10;        at java.base@21.0.8/java.util.concurrent.ThreadPoolExecutor$Worker.run(ThreadPoolExecutor.java:642)&#10;        at java.base@21.0.8/java.lang.Thread.runWith(Thread.java:1596)&#10;        at java.base@21.0.8/java.lang.Thread.run(Thread.java:1583)&#10;&quot;346684e1-b57f-4c29-9507-935dad45bd68-impl-thread1&quot; daemon prio=5 tid=814 timed_waiting&#10;java.lang.Thread.State: TIMED_WAITING&#10;        at java.base@21.0.8/jdk.internal.misc.Unsafe.park(Native Method)&#10;        at java.base@21.0.8/java.util.concurrent.locks.LockSupport.parkNanos(LockSupport.java:410)&#10;        at java.base@21.0.8/java.util.concurrent.LinkedTransferQueue$DualNode.await(LinkedTransferQueue.java:452)&#10;        at java.base@21.0.8/java.util.concurrent.SynchronousQueue$Transferer.xferLifo(SynchronousQueue.java:194)&#10;        at java.base@21.0.8/java.util.concurrent.SynchronousQueue.xfer(SynchronousQueue.java:235)&#10;        at java.base@21.0.8/java.util.concurrent.SynchronousQueue.poll(SynchronousQueue.java:338)&#10;        at java.base@21.0.8/java.util.concurrent.ThreadPoolExecutor.getTask(ThreadPoolExecutor.java:1069)&#10;        at java.base@21.0.8/java.util.concurrent.ThreadPoolExecutor.runWorker(ThreadPoolExecutor.java:1130)&#10;        at java.base@21.0.8/java.util.concurrent.ThreadPoolExecutor$Worker.run(ThreadPoolExecutor.java:642)&#10;        at java.base@21.0.8/java.lang.Thread.runWith(Thread.java:1596)&#10;        at java.base@21.0.8/java.lang.Thread.run(Thread.java:1583)&#10;&quot;IPC Client (1164532897) connection to 0.0.0.0/0.0.0.0:15002 from runner&quot; daemon prio=5 tid=1242 timed_waiting&#10;java.lang.Thread.State: TIMED_WAITING&#10;        at java.base@21.0.8/java.lang.Object.wait0(Native Method)&#10;        at java.base@21.0.8/java.lang.Object.wait(Object.java:366)&#10;        at app//org.apache.hadoop.ipc.Client$Connection.waitForWork(Client.java:1042)&#10;        at app//org.apache.hadoop.ipc.Client$Connection.run(Client.java:1093)&#10;&quot;IPC Server handler 18 on default port 15004&quot; daemon prio=5 tid=357 timed_waiting&#10;java.lang.Thread.State: TIMED_WAITING&#10;        at java.base@21.0.8/jdk.internal.misc.Unsafe.park(Native Method)&#10;        at java.base@21.0.8/java.util.concurrent.locks.LockSupport.parkNanos(LockSupport.java:269)&#10;        at java.base@21.0.8/java.util.concurrent.locks.AbstractQueuedSynchronizer$ConditionObject.awaitNanos(AbstractQueuedSynchronizer.java:1763)&#10;        at java.base@21.0.8/java.util.concurrent.LinkedBlockingQueue.poll(LinkedBlockingQueue.java:460)&#10;        at app//org.apache.hadoop.ipc.CallQueueManager.take(CallQueueManager.java:370)&#10;        at app//org.apache.hadoop.ipc.Server$Handler.run(Server.java:3165)&#10;&quot;IPC Server handler 49 on default port 15001&quot; daemon prio=5 tid=607 timed_waiting&#10;java.lang.Thread.State: TIMED_WAITING&#10;        at java.base@21.0.8/jdk.internal.misc.Unsafe.park(Native Method)&#10;        at java.base@21.0.8/java.util.concurrent.locks.LockSupport.parkNanos(LockSupport.java:269)&#10;        at java.base@21.0.8/java.util.concurrent.locks.AbstractQueuedSynchronizer$ConditionObject.awaitNanos(AbstractQueuedSynchronizer.java:1763)&#10;        at java.base@21.0.8/java.util.concurrent.LinkedBlockingQueue.poll(LinkedBlockingQueue.java:460)&#10;        at app//org.apache.hadoop.ipc.CallQueueManager.take(CallQueueManager.java:370)&#10;        at app//org.apache.hadoop.ipc.Server$Handler.run(Server.java:3165)&#10;&quot;Socket Reader #4 for port 15045&quot; daemon prio=5 tid=952 runnable&#10;java.lang.Thread.State: RUNNABLE&#10;        at java.base@21.0.8/sun.nio.ch.EPoll.wait(Native Method)&#10;        at java.base@21.0.8/sun.nio.ch.EPollSelectorImpl.doSelect(EPollSelectorImpl.java:121)&#10;        at java.base@21.0.8/sun.nio.ch.SelectorImpl.lockAndDoSelect(SelectorImpl.java:130)&#10;        at java.base@21.0.8/sun.nio.ch.SelectorImpl.select(SelectorImpl.java:147)&#10;        at app//org.apache.hadoop.ipc.Server$Listener$Reader.doRunLoop(Server.java:1497)&#10;        at app//org.apache.hadoop.ipc.Server$Listener$Reader.run(Server.java:1476)&#10;&quot;IPC Server handler 7 on default port 15001&quot; daemon prio=5 tid=565 timed_waiting&#10;java.lang.Thread.State: TIMED_WAITING&#10;        at java.base@21.0.8/jdk.internal.misc.Unsafe.park(Native Method)&#10;        at java.base@21.0.8/java.util.concurrent.locks.LockSupport.parkNanos(LockSupport.java:269)&#10;        at java.base@21.0.8/java.util.concurrent.locks.AbstractQueuedSynchronizer$ConditionObject.awaitNanos(AbstractQueuedSynchronizer.java:1763)&#10;        at java.base@21.0.8/java.util.concurrent.LinkedBlockingQueue.poll(LinkedBlockingQueue.java:460)&#10;        at app//org.apache.hadoop.ipc.CallQueueManager.take(CallQueueManager.java:370)&#10;        at app//org.apache.hadoop.ipc.Server$Handler.run(Server.java:3165)&#10;&quot;Socket Reader #1 for port 15013&quot; daemon prio=5 tid=682 runnable&#10;java.lang.Thread.State: RUNNABLE&#10;        at java.base@21.0.8/sun.nio.ch.EPoll.wait(Native Method)&#10;        at java.base@21.0.8/sun.nio.ch.EPollSelectorImpl.doSelect(EPollSelectorImpl.java:121)&#10;        at java.base@21.0.8/sun.nio.ch.SelectorImpl.lockAndDoSelect(SelectorImpl.java:130)&#10;        at java.base@21.0.8/sun.nio.ch.SelectorImpl.select(SelectorImpl.java:147)&#10;        at app//org.apache.hadoop.ipc.Server$Listener$Reader.doRunLoop(Server.java:1497)&#10;        at app//org.apache.hadoop.ipc.Server$Listener$Reader.run(Server.java:1476)&#10;&quot;IPC Server handler 5 on default port 15045&quot; daemon prio=5 tid=967 timed_waiting&#10;java.lang.Thread.State: TIMED_WAITING&#10;        at java.base@21.0.8/jdk.internal.misc.Unsafe.park(Native Method)&#10;        at java.base@21.0.8/java.util.concurrent.locks.LockSupport.parkNanos(LockSupport.java:269)&#10;        at java.base@21.0.8/java.util.concurrent.locks.AbstractQueuedSynchronizer$ConditionObject.awaitNanos(AbstractQueuedSynchronizer.java:1763)&#10;        at java.base@21.0.8/java.util.concurrent.LinkedBlockingQueue.poll(LinkedBlockingQueue.java:460)&#10;        at app//org.apache.hadoop.ipc.CallQueueManager.take(CallQueueManager.java:370)&#10;        at app//org.apache.hadoop.ipc.Server$Handler.run(Server.java:3165)&#10;&quot;IPC Server handler 19 on default port 15003&quot; daemon prio=5 tid=240 timed_waiting&#10;java.lang.Thread.State: TIMED_WAITING&#10;        at java.base@21.0.8/jdk.internal.misc.Unsafe.park(Native Method)&#10;        at java.base@21.0.8/java.util.concurrent.locks.LockSupport.parkNanos(LockSupport.java:269)&#10;        at java.base@21.0.8/java.util.concurrent.locks.AbstractQueuedSynchronizer$ConditionObject.awaitNanos(AbstractQueuedSynchronizer.java:1763)&#10;        at java.base@21.0.8/java.util.concurrent.LinkedBlockingQueue.poll(LinkedBlockingQueue.java:460)&#10;        at app//org.apache.hadoop.ipc.CallQueueManager.take(CallQueueManager.java:370)&#10;        at app//org.apache.hadoop.ipc.Server$Handler.run(Server.java:3165)&#10;&quot;IPC Server handler 69 on default port 15001&quot; daemon prio=5 tid=627 timed_waiting&#10;java.lang.Thread.State: TIMED_WAITING&#10;        at java.base@21.0.8/jdk.internal.misc.Unsafe.park(Native Method)&#10;        at java.base@21.0.8/java.util.concurrent.locks.LockSupport.parkNanos(LockSupport.java:269)&#10;        at java.base@21.0.8/java.util.concurrent.locks.AbstractQueuedSynchronizer$ConditionObject.awaitNanos(AbstractQueuedSynchronizer.java:1763)&#10;        at java.base@21.0.8/java.util.concurrent.LinkedBlockingQueue.poll(LinkedBlockingQueue.java:460)&#10;        at app//org.apache.hadoop.ipc.CallQueueManager.take(CallQueueManager.java:370)&#10;        at app//org.apache.hadoop.ipc.Server$Handler.run(Server.java:3165)&#10;&quot;IPC Server handler 73 on default port 15003&quot; daemon prio=5 tid=294 timed_waiting&#10;java.lang.Thread.State: TIMED_WAITING&#10;        at java.base@21.0.8/jdk.internal.misc.Unsafe.park(Native Method)&#10;        at java.base@21.0.8/java.util.concurrent.locks.LockSupport.parkNanos(LockSupport.java:269)&#10;        at java.base@21.0.8/java.util.concurrent.locks.AbstractQueuedSynchronizer$ConditionObject.awaitNanos(AbstractQueuedSynchronizer.java:1763)&#10;        at java.base@21.0.8/java.util.concurrent.LinkedBlockingQueue.poll(LinkedBlockingQueue.java:460)&#10;        at app//org.apache.hadoop.ipc.CallQueueManager.take(CallQueueManager.java:370)&#10;        at app//org.apache.hadoop.ipc.Server$Handler.run(Server.java:3165)&#10;&quot;42a5f925-1bc2-4f8a-8509-c5ae65e6fcde@group-EC04683B356A-cacheEviction-AwaitToRun&quot; daemon prio=5 tid=1033 in Object.wait()&#10;java.lang.Thread.State: WAITING (on object monitor)&#10;        at java.base@21.0.8/jdk.internal.misc.Unsafe.park(Native Method)&#10;        at java.base@21.0.8/java.util.concurrent.locks.LockSupport.park(LockSupport.java:371)&#10;        at java.base@21.0.8/java.util.concurrent.locks.AbstractQueuedSynchronizer$ConditionNode.block(AbstractQueuedSynchronizer.java:519)&#10;        at java.base@21.0.8/java.util.concurrent.ForkJoinPool.unmanagedBlock(ForkJoinPool.java:3780)&#10;        at java.base@21.0.8/java.util.concurrent.ForkJoinPool.managedBlock(ForkJoinPool.java:3725)&#10;        at java.base@21.0.8/java.util.concurrent.locks.AbstractQueuedSynchronizer$ConditionObject.await(AbstractQueuedSynchronizer.java:1712)&#10;        at app//org.apache.ratis.util.AwaitForSignal.await(AwaitForSignal.java:48)&#10;        at app//org.apache.ratis.util.AwaitToRun$RunnableImpl.run(AwaitToRun.java:47)&#10;        at java.base@21.0.8/java.lang.Thread.runWith(Thread.java:1596)&#10;        at java.base@21.0.8/java.lang.Thread.run(Thread.java:1583)&#10;&quot;SSL Certificates Store Monitor&quot; daemon prio=5 tid=1359 in Object.wait()&#10;java.lang.Thread.State: WAITING (on object monitor)&#10;        at java.base@21.0.8/java.lang.Object.wait0(Native Method)&#10;        at java.base@21.0.8/java.lang.Object.wait(Object.java:366)&#10;        at java.base@21.0.8/java.lang.Object.wait(Object.java:339)&#10;        at java.base@21.0.8/java.util.TimerThread.mainLoop(Timer.java:537)&#10;        at java.base@21.0.8/java.util.TimerThread.run(Timer.java:516)&#10;&quot;IPC Server handler 11 on default port 15003&quot; daemon prio=5 tid=232 timed_waiting&#10;java.lang.Thread.State: TIMED_WAITING&#10;        at java.base@21.0.8/jdk.internal.misc.Unsafe.park(Native Method)&#10;        at java.base@21.0.8/java.util.concurrent.locks.LockSupport.parkNanos(LockSupport.java:269)&#10;        at java.base@21.0.8/java.util.concurrent.locks.AbstractQueuedSynchronizer$ConditionObject.awaitNanos(AbstractQueuedSynchronizer.java:1763)&#10;        at java.base@21.0.8/java.util.concurrent.LinkedBlockingQueue.poll(LinkedBlockingQueue.java:460)&#10;        at app//org.apache.hadoop.ipc.CallQueueManager.take(CallQueueManager.java:370)&#10;        at app//org.apache.hadoop.ipc.Server$Handler.run(Server.java:3165)&#10;&quot;JvmPauseMonitor8&quot; daemon prio=5 tid=1023 timed_waiting&#10;java.lang.Thread.State: TIMED_WAITING&#10;        at java.base@21.0.8/java.lang.Thread.sleep0(Native Method)&#10;        at java.base@21.0.8/java.lang.Thread.sleep(Thread.java:558)&#10;        at java.base@21.0.8/java.util.concurrent.TimeUnit.sleep(TimeUnit.java:446)&#10;        at app//org.apache.ratis.util.TimeDuration.sleep(TimeDuration.java:353)&#10;        at app//org.apache.ratis.util.TimeDuration.sleep(TimeDuration.java:338)&#10;        at app//org.apache.ratis.util.JvmPauseMonitor.detectPause(JvmPauseMonitor.java:160)&#10;        at app//org.apache.ratis.util.JvmPauseMonitor.run(JvmPauseMonitor.java:149)&#10;        at app//org.apache.ratis.util.JvmPauseMonitor$$Lambda/0x00007f18e83aead8.run(Unknown Source)&#10;        at java.base@21.0.8/java.lang.Thread.runWith(Thread.java:1596)&#10;        at java.base@21.0.8/java.lang.Thread.run(Thread.java:1583)&#10;&quot;EventQueue-ContainerRegistrationReportForECContainerSafeModeRule&quot; daemon prio=5 tid=925 in Object.wait()&#10;java.lang.Thread.State: WAITING (on object monitor)&#10;        at java.base@21.0.8/jdk.internal.misc.Unsafe.park(Native Method)&#10;        at java.base@21.0.8/java.util.concurrent.locks.LockSupport.park(LockSupport.java:371)&#10;        at java.base@21.0.8/java.util.concurrent.locks.AbstractQueuedSynchronizer$ConditionNode.block(AbstractQueuedSynchronizer.java:519)&#10;        at java.base@21.0.8/java.util.concurrent.ForkJoinPool.unmanagedBlock(ForkJoinPool.java:3780)&#10;        at java.base@21.0.8/java.util.concurrent.ForkJoinPool.managedBlock(ForkJoinPool.java:3725)&#10;        at java.base@21.0.8/java.util.concurrent.locks.AbstractQueuedSynchronizer$ConditionObject.await(AbstractQueuedSynchronizer.java:1712)&#10;        at java.base@21.0.8/java.util.concurrent.LinkedBlockingQueue.take(LinkedBlockingQueue.java:435)&#10;        at java.base@21.0.8/java.util.concurrent.ThreadPoolExecutor.getTask(ThreadPoolExecutor.java:1070)&#10;        at java.base@21.0.8/java.util.concurrent.ThreadPoolExecutor.runWorker(ThreadPoolExecutor.java:1130)&#10;        at java.base@21.0.8/java.util.concurrent.ThreadPoolExecutor$Worker.run(ThreadPoolExecutor.java:642)&#10;        at java.base@21.0.8/java.lang.Thread.runWith(Thread.java:1596)&#10;        at java.base@21.0.8/java.lang.Thread.run(Thread.java:1583)&#10;&quot;IPC Server handler 1 on default port 15002&quot; daemon prio=5 tid=122 timed_waiting&#10;java.lang.Thread.State: TIMED_WAITING&#10;        at java.base@21.0.8/jdk.internal.misc.Unsafe.park(Native Method)&#10;        at java.base@21.0.8/java.util.concurrent.locks.LockSupport.parkNanos(LockSupport.java:269)&#10;        at java.base@21.0.8/java.util.concurrent.locks.AbstractQueuedSynchronizer$ConditionObject.awaitNanos(AbstractQueuedSynchronizer.java:1763)&#10;        at java.base@21.0.8/java.util.concurrent.LinkedBlockingQueue.poll(LinkedBlockingQueue.java:460)&#10;        at app//org.apache.hadoop.ipc.CallQueueManager.take(CallQueueManager.java:370)&#10;        at app//org.apache.hadoop.ipc.Server$Handler.run(Server.java:3165)&#10;&quot;346684e1-b57f-4c29-9507-935dad45bd68-RocksDBCompactionThread-0&quot;  prio=5 tid=812 timed_waiting&#10;java.lang.Thread.State: TIMED_WAITING&#10;        at java.base@21.0.8/jdk.internal.misc.Unsafe.park(Native Method)&#10;        at java.base@21.0.8/java.util.concurrent.locks.LockSupport.parkNanos(LockSupport.java:269)&#10;        at java.base@21.0.8/java.util.concurrent.locks.AbstractQueuedSynchronizer$ConditionObject.awaitNanos(AbstractQueuedSynchronizer.java:1763)&#10;        at java.base@21.0.8/java.util.concurrent.ScheduledThreadPoolExecutor$DelayedWorkQueue.take(ScheduledThreadPoolExecutor.java:1182)&#10;        at java.base@21.0.8/java.util.concurrent.ScheduledThreadPoolExecutor$DelayedWorkQueue.take(ScheduledThreadPoolExecutor.java:899)&#10;        at java.base@21.0.8/java.util.concurrent.ThreadPoolExecutor.getTask(ThreadPoolExecutor.java:1070)&#10;        at java.base@21.0.8/java.util.concurrent.ThreadPoolExecutor.runWorker(ThreadPoolExecutor.java:1130)&#10;        at java.base@21.0.8/java.util.concurrent.ThreadPoolExecutor$Worker.run(ThreadPoolExecutor.java:642)&#10;        at java.base@21.0.8/java.lang.Thread.runWith(Thread.java:1596)&#10;        at java.base@21.0.8/java.lang.Thread.run(Thread.java:1583)&#10;&quot;IPC Server handler 72 on default port 15004&quot; daemon prio=5 tid=411 timed_waiting&#10;java.lang.Thread.State: TIMED_WAITING&#10;        at java.base@21.0.8/jdk.internal.misc.Unsafe.park(Native Method)&#10;        at java.base@21.0.8/java.util.concurrent.locks.LockSupport.parkNanos(LockSupport.java:269)&#10;        at java.base@21.0.8/java.util.concurrent.locks.AbstractQueuedSynchronizer$ConditionObject.awaitNanos(AbstractQueuedSynchronizer.java:1763)&#10;        at java.base@21.0.8/java.util.concurrent.LinkedBlockingQueue.poll(LinkedBlockingQueue.java:460)&#10;        at app//org.apache.hadoop.ipc.CallQueueManager.take(CallQueueManager.java:370)&#10;        at app//org.apache.hadoop.ipc.Server$Handler.run(Server.java:3165)&#10;&quot;IPC Server handler 53 on default port 15004&quot; daemon prio=5 tid=392 timed_waiting&#10;java.lang.Thread.State: TIMED_WAITING&#10;        at java.base@21.0.8/jdk.internal.misc.Unsafe.park(Native Method)&#10;        at java.base@21.0.8/java.util.concurrent.locks.LockSupport.parkNanos(LockSupport.java:269)&#10;        at java.base@21.0.8/java.util.concurrent.locks.AbstractQueuedSynchronizer$ConditionObject.awaitNanos(AbstractQueuedSynchronizer.java:1763)&#10;        at java.base@21.0.8/java.util.concurrent.LinkedBlockingQueue.poll(LinkedBlockingQueue.java:460)&#10;        at app//org.apache.hadoop.ipc.CallQueueManager.take(CallQueueManager.java:370)&#10;        at app//org.apache.hadoop.ipc.Server$Handler.run(Server.java:3165)&#10;&quot;IPC Server handler 24 on default port 15001&quot; daemon prio=5 tid=582 timed_waiting&#10;java.lang.Thread.State: TIMED_WAITING&#10;        at java.base@21.0.8/jdk.internal.misc.Unsafe.park(Native Method)&#10;        at java.base@21.0.8/java.util.concurrent.locks.LockSupport.parkNanos(LockSupport.java:269)&#10;        at java.base@21.0.8/java.util.concurrent.locks.AbstractQueuedSynchronizer$ConditionObject.awaitNanos(AbstractQueuedSynchronizer.java:1763)&#10;        at java.base@21.0.8/java.util.concurrent.LinkedBlockingQueue.poll(LinkedBlockingQueue.java:460)&#10;        at app//org.apache.hadoop.ipc.CallQueueManager.take(CallQueueManager.java:370)&#10;        at app//org.apache.hadoop.ipc.Server$Handler.run(Server.java:3165)&#10;&quot;IPC Parameter Sending Thread for localhost/127.0.0.1:15001&quot; daemon prio=5 tid=808 timed_waiting&#10;java.lang.Thread.State: TIMED_WAITING&#10;        at java.base@21.0.8/jdk.internal.misc.Unsafe.park(Native Method)&#10;        at java.base@21.0.8/java.util.concurrent.locks.LockSupport.parkNanos(LockSupport.java:410)&#10;        at java.base@21.0.8/java.util.concurrent.LinkedTransferQueue$DualNode.await(LinkedTransferQueue.java:452)&#10;        at java.base@21.0.8/java.util.concurrent.LinkedTransferQueue.xfer(LinkedTransferQueue.java:613)&#10;        at java.base@21.0.8/java.util.concurrent.SynchronousQueue.xfer(SynchronousQueue.java:235)&#10;        at java.base@21.0.8/java.util.concurrent.SynchronousQueue.poll(SynchronousQueue.java:338)&#10;        at app//org.apache.hadoop.ipc.Client$Connection$RpcRequestSender.run(Client.java:1121)&#10;        at java.base@21.0.8/java.lang.Thread.runWith(Thread.java:1596)&#10;        at java.base@21.0.8/java.lang.Thread.run(Thread.java:1583)&#10;&quot;IPC Server handler 12 on default port 15001&quot; daemon prio=5 tid=570 timed_waiting&#10;java.lang.Thread.State: TIMED_WAITING&#10;        at java.base@21.0.8/jdk.internal.misc.Unsafe.park(Native Method)&#10;        at java.base@21.0.8/java.util.concurrent.locks.LockSupport.parkNanos(LockSupport.java:269)&#10;        at java.base@21.0.8/java.util.concurrent.locks.AbstractQueuedSynchronizer$ConditionObject.awaitNanos(AbstractQueuedSynchronizer.java:1763)&#10;        at java.base@21.0.8/java.util.concurrent.LinkedBlockingQueue.poll(LinkedBlockingQueue.java:460)&#10;        at app//org.apache.hadoop.ipc.CallQueueManager.take(CallQueueManager.java:370)&#10;        at app//org.apache.hadoop.ipc.Server$Handler.run(Server.java:3165)&#10;&quot;IPC Server Responder&quot; daemon prio=5 tid=693 runnable&#10;java.lang.Thread.State: RUNNABLE&#10;        at java.base@21.0.8/sun.nio.ch.EPoll.wait(Native Method)&#10;        at java.base@21.0.8/sun.nio.ch.EPollSelectorImpl.doSelect(EPollSelectorImpl.java:121)&#10;        at java.base@21.0.8/sun.nio.ch.SelectorImpl.lockAndDoSelect(SelectorImpl.java:130)&#10;        at java.base@21.0.8/sun.nio.ch.SelectorImpl.select(SelectorImpl.java:142)&#10;        at app//org.apache.hadoop.ipc.Server$Responder.doRunLoop(Server.java:1733)&#10;        at app//org.apache.hadoop.ipc.Server$Responder.run(Server.java:1716)&#10;&quot;d5ad88c2-6e7a-4660-bab6-a4e8807a575e-CommandProcessorThread&quot; daemon prio=5 tid=756 timed_waiting&#10;java.lang.Thread.State: TIMED_WAITING&#10;        at java.base@21.0.8/java.lang.Thread.sleep0(Native Method)&#10;        at java.base@21.0.8/java.lang.Thread.sleep(Thread.java:509)&#10;        at app//org.apache.hadoop.ozone.container.common.statemachine.DatanodeStateMachine.lambda$initCommandHandlerThread$4(DatanodeStateMachine.java:681)&#10;        at app//org.apache.hadoop.ozone.container.common.statemachine.DatanodeStateMachine$$Lambda/0x00007f18e8c9c828.run(Unknown Source)&#10;        at java.base@21.0.8/java.lang.Thread.runWith(Thread.java:1596)&#10;        at java.base@21.0.8/java.lang.Thread.run(Thread.java:1583)&#10;&quot;IPC Server handler 94 on default port 15004&quot; daemon prio=5 tid=433 timed_waiting&#10;java.lang.Thread.State: TIMED_WAITING&#10;        at java.base@21.0.8/jdk.internal.misc.Unsafe.park(Native Method)&#10;        at java.base@21.0.8/java.util.concurrent.locks.LockSupport.parkNanos(LockSupport.java:269)&#10;        at java.base@21.0.8/java.util.concurrent.locks.AbstractQueuedSynchronizer$ConditionObject.awaitNanos(AbstractQueuedSynchronizer.java:1763)&#10;        at java.base@21.0.8/java.util.concurrent.LinkedBlockingQueue.poll(LinkedBlockingQueue.java:460)&#10;        at app//org.apache.hadoop.ipc.CallQueueManager.take(CallQueueManager.java:370)&#10;        at app//org.apache.hadoop.ipc.Server$Handler.run(Server.java:3165)&#10;&quot;IPC Server handler 98 on default port 15004&quot; daemon prio=5 tid=437 timed_waiting&#10;java.lang.Thread.State: TIMED_WAITING&#10;        at java.base@21.0.8/jdk.internal.misc.Unsafe.park(Native Method)&#10;        at java.base@21.0.8/java.util.concurrent.locks.LockSupport.parkNanos(LockSupport.java:269)&#10;        at java.base@21.0.8/java.util.concurrent.locks.AbstractQueuedSynchronizer$ConditionObject.awaitNanos(AbstractQueuedSynchronizer.java:1763)&#10;        at java.base@21.0.8/java.util.concurrent.LinkedBlockingQueue.poll(LinkedBlockingQueue.java:460)&#10;        at app//org.apache.hadoop.ipc.CallQueueManager.take(CallQueueManager.java:370)&#10;        at app//org.apache.hadoop.ipc.Server$Handler.run(Server.java:3165)&#10;&quot;IPC Server handler 7 on default port 15037&quot; daemon prio=5 tid=890 timed_waiting&#10;java.lang.Thread.State: TIMED_WAITING&#10;        at java.base@21.0.8/jdk.internal.misc.Unsafe.park(Native Method)&#10;        at java.base@21.0.8/java.util.concurrent.locks.LockSupport.parkNanos(LockSupport.java:269)&#10;        at java.base@21.0.8/java.util.concurrent.locks.AbstractQueuedSynchronizer$ConditionObject.awaitNanos(AbstractQueuedSynchronizer.java:1763)&#10;        at java.base@21.0.8/java.util.concurrent.LinkedBlockingQueue.poll(LinkedBlockingQueue.java:460)&#10;        at app//org.apache.hadoop.ipc.CallQueueManager.take(CallQueueManager.java:370)&#10;        at app//org.apache.hadoop.ipc.Server$Handler.run(Server.java:3165)&#10;&quot;IPC Parameter Sending Thread for 0.0.0.0/0.0.0.0:15004&quot; daemon prio=5 tid=810 timed_waiting&#10;java.lang.Thread.State: TIMED_WAITING&#10;        at java.base@21.0.8/jdk.internal.misc.Unsafe.park(Native Method)&#10;        at java.base@21.0.8/java.util.concurrent.locks.LockSupport.parkNanos(LockSupport.java:410)&#10;        at java.base@21.0.8/java.util.concurrent.LinkedTransferQueue$DualNode.await(LinkedTransferQueue.java:452)&#10;        at java.base@21.0.8/java.util.concurrent.LinkedTransferQueue.xfer(LinkedTransferQueue.java:613)&#10;        at java.base@21.0.8/java.util.concurrent.SynchronousQueue.xfer(SynchronousQueue.java:235)&#10;        at java.base@21.0.8/java.util.concurrent.SynchronousQueue.poll(SynchronousQueue.java:338)&#10;        at app//org.apache.hadoop.ipc.Client$Connection$RpcRequestSender.run(Client.java:1121)&#10;        at java.base@21.0.8/java.lang.Thread.runWith(Thread.java:1596)&#10;        at java.base@21.0.8/java.lang.Thread.run(Thread.java:1583)&#10;&quot;IPC Server handler 41 on default port 15002&quot; daemon prio=5 tid=162 timed_waiting&#10;java.lang.Thread.State: TIMED_WAITING&#10;        at java.base@21.0.8/jdk.internal.misc.Unsafe.park(Native Method)&#10;        at java.base@21.0.8/java.util.concurrent.locks.LockSupport.parkNanos(LockSupport.java:269)&#10;        at java.base@21.0.8/java.util.concurrent.locks.AbstractQueuedSynchronizer$ConditionObject.awaitNanos(AbstractQueuedSynchronizer.java:1763)&#10;        at java.base@21.0.8/java.util.concurrent.LinkedBlockingQueue.poll(LinkedBlockingQueue.java:460)&#10;        at app//org.apache.hadoop.ipc.CallQueueManager.take(CallQueueManager.java:370)&#10;        at app//org.apache.hadoop.ipc.Server$Handler.run(Server.java:3165)&#10;&quot;346684e1-b57f-4c29-9507-935dad45bd68@group-06B9DB8EB07D-StateMachineUpdater&quot; daemon prio=5 tid=1085 timed_waiting&#10;java.lang.Thread.State: TIMED_WAITING&#10;        at java.base@21.0.8/jdk.internal.misc.Unsafe.park(Native Method)&#10;        at java.base@21.0.8/java.util.concurrent.locks.LockSupport.parkNanos(LockSupport.java:269)&#10;        at java.base@21.0.8/java.util.concurrent.locks.AbstractQueuedSynchronizer$ConditionObject.await(AbstractQueuedSynchronizer.java:1852)&#10;        at app//org.apache.ratis.util.AwaitForSignal.await(AwaitForSignal.java:65)&#10;        at app//org.apache.ratis.server.impl.StateMachineUpdater.waitForCommit(StateMachineUpdater.java:222)&#10;        at app//org.apache.ratis.server.impl.StateMachineUpdater.run(StateMachineUpdater.java:187)&#10;        at java.base@21.0.8/java.lang.Thread.runWith(Thread.java:1596)&#10;        at java.base@21.0.8/java.lang.Thread.run(Thread.java:1583)&#10;&quot;IPC Server handler 63 on default port 15003&quot; daemon prio=5 tid=284 timed_waiting&#10;java.lang.Thread.State: TIMED_WAITING&#10;        at java.base@21.0.8/jdk.internal.misc.Unsafe.park(Native Method)&#10;        at java.base@21.0.8/java.util.concurrent.locks.LockSupport.parkNanos(LockSupport.java:269)&#10;        at java.base@21.0.8/java.util.concurrent.locks.AbstractQueuedSynchronizer$ConditionObject.awaitNanos(AbstractQueuedSynchronizer.java:1763)&#10;        at java.base@21.0.8/java.util.concurrent.LinkedBlockingQueue.poll(LinkedBlockingQueue.java:460)&#10;        at app//org.apache.hadoop.ipc.CallQueueManager.take(CallQueueManager.java:370)&#10;        at app//org.apache.hadoop.ipc.Server$Handler.run(Server.java:3165)&#10;&quot;FixedThreadPoolWithAffinityExecutor-3-0&quot; daemon prio=5 tid=107 timed_waiting&#10;java.lang.Thread.State: TIMED_WAITING&#10;        at java.base@21.0.8/jdk.internal.misc.Unsafe.park(Native Method)&#10;        at java.base@21.0.8/java.util.concurrent.locks.LockSupport.parkNanos(LockSupport.java:269)&#10;        at java.base@21.0.8/java.util.concurrent.locks.AbstractQueuedSynchronizer$ConditionObject.awaitNanos(AbstractQueuedSynchronizer.java:1763)&#10;        at java.base@21.0.8/java.util.concurrent.LinkedBlockingQueue.poll(LinkedBlockingQueue.java:460)&#10;        at app//org.apache.hadoop.hdds.scm.server.ContainerReportQueue.poll(ContainerReportQueue.java:269)&#10;        at app//org.apache.hadoop.hdds.scm.server.ContainerReportQueue.poll(ContainerReportQueue.java:42)&#10;        at app//org.apache.hadoop.hdds.server.events.FixedThreadPoolWithAffinityExecutor$ContainerReportProcessTask.run(FixedThreadPoolWithAffinityExecutor.java:228)&#10;        at java.base@21.0.8/java.util.concurrent.Executors$RunnableAdapter.call(Executors.java:572)&#10;        at java.base@21.0.8/java.util.concurrent.FutureTask.run(FutureTask.java:317)&#10;        at java.base@21.0.8/java.util.concurrent.ThreadPoolExecutor.runWorker(ThreadPoolExecutor.java:1144)&#10;        at java.base@21.0.8/java.util.concurrent.ThreadPoolExecutor$Worker.run(ThreadPoolExecutor.java:642)&#10;        at java.base@21.0.8/java.lang.Thread.runWith(Thread.java:1596)&#10;        at java.base@21.0.8/java.lang.Thread.run(Thread.java:1583)&#10;&quot;IPC Server handler 66 on default port 15003&quot; daemon prio=5 tid=287 timed_waiting&#10;java.lang.Thread.State: TIMED_WAITING&#10;        at java.base@21.0.8/jdk.internal.misc.Unsafe.park(Native Method)&#10;        at java.base@21.0.8/java.util.concurrent.locks.LockSupport.parkNanos(LockSupport.java:269)&#10;        at java.base@21.0.8/java.util.concurrent.locks.AbstractQueuedSynchronizer$ConditionObject.awaitNanos(AbstractQueuedSynchronizer.java:1763)&#10;        at java.base@21.0.8/java.util.concurrent.LinkedBlockingQueue.poll(LinkedBlockingQueue.java:460)&#10;        at app//org.apache.hadoop.ipc.CallQueueManager.take(CallQueueManager.java:370)&#10;        at app//org.apache.hadoop.ipc.Server$Handler.run(Server.java:3165)&#10;&quot;EventQueue-PipelineReportForPipelineReportHandler&quot; daemon prio=5 tid=924 in Object.wait()&#10;java.lang.Thread.State: WAITING (on object monitor)&#10;        at java.base@21.0.8/jdk.internal.misc.Unsafe.park(Native Method)&#10;        at java.base@21.0.8/java.util.concurrent.locks.LockSupport.park(LockSupport.java:371)&#10;        at java.base@21.0.8/java.util.concurrent.locks.AbstractQueuedSynchronizer$ConditionNode.block(AbstractQueuedSynchronizer.java:519)&#10;        at java.base@21.0.8/java.util.concurrent.ForkJoinPool.unmanagedBlock(ForkJoinPool.java:3780)&#10;        at java.base@21.0.8/java.util.concurrent.ForkJoinPool.managedBlock(ForkJoinPool.java:3725)&#10;        at java.base@21.0.8/java.util.concurrent.locks.AbstractQueuedSynchronizer$ConditionObject.await(AbstractQueuedSynchronizer.java:1712)&#10;        at java.base@21.0.8/java.util.concurrent.LinkedBlockingQueue.take(LinkedBlockingQueue.java:435)&#10;        at java.base@21.0.8/java.util.concurrent.ThreadPoolExecutor.getTask(ThreadPoolExecutor.java:1070)&#10;        at java.base@21.0.8/java.util.concurrent.ThreadPoolExecutor.runWorker(ThreadPoolExecutor.java:1130)&#10;        at java.base@21.0.8/java.util.concurrent.ThreadPoolExecutor$Worker.run(ThreadPoolExecutor.java:642)&#10;        at java.base@21.0.8/java.lang.Thread.runWith(Thread.java:1596)&#10;        at java.base@21.0.8/java.lang.Thread.run(Thread.java:1583)&#10;&quot;IPC Server handler 2 on default port 15045&quot; daemon prio=5 tid=964 timed_waiting&#10;java.lang.Thread.State: TIMED_WAITING&#10;        at java.base@21.0.8/jdk.internal.misc.Unsafe.park(Native Method)&#10;        at java.base@21.0.8/java.util.concurrent.locks.LockSupport.parkNanos(LockSupport.java:269)&#10;        at java.base@21.0.8/java.util.concurrent.locks.AbstractQueuedSynchronizer$ConditionObject.awaitNanos(AbstractQueuedSynchronizer.java:1763)&#10;        at java.base@21.0.8/java.util.concurrent.LinkedBlockingQueue.poll(LinkedBlockingQueue.java:460)&#10;        at app//org.apache.hadoop.ipc.CallQueueManager.take(CallQueueManager.java:370)&#10;        at app//org.apache.hadoop.ipc.Server$Handler.run(Server.java:3165)&#10;&quot;0ed0910f-4ac9-4f62-be34-d90c51a3e6c9-DatanodeStateMachineDaemonThread&quot; daemon prio=10 tid=972 timed_waiting&#10;java.lang.Thread.State: TIMED_WAITING&#10;        at java.base@21.0.8/java.lang.Thread.sleep0(Native Method)&#10;        at java.base@21.0.8/java.lang.Thread.sleep(Thread.java:509)&#10;        at app//org.apache.hadoop.ozone.container.common.statemachine.DatanodeStateMachine.startStateMachineThread(DatanodeStateMachine.java:368)&#10;        at app//org.apache.hadoop.ozone.container.common.statemachine.DatanodeStateMachine.lambda$startDaemon$1(DatanodeStateMachine.java:554)&#10;        at app//org.apache.hadoop.ozone.container.common.statemachine.DatanodeStateMachine$$Lambda/0x00007f18e8c9b698.run(Unknown Source)&#10;        at java.base@21.0.8/java.lang.Thread.runWith(Thread.java:1596)&#10;        at java.base@21.0.8/java.lang.Thread.run(Thread.java:1583)&#10;&quot;0ed0910f-4ac9-4f62-be34-d90c51a3e6c9-DataNodeDiskCheckerThread-0&quot; daemon prio=5 tid=1011 timed_waiting&#10;java.lang.Thread.State: TIMED_WAITING&#10;        at java.base@21.0.8/jdk.internal.misc.Unsafe.park(Native Method)&#10;        at java.base@21.0.8/java.util.concurrent.locks.LockSupport.parkNanos(LockSupport.java:410)&#10;        at java.base@21.0.8/java.util.concurrent.LinkedTransferQueue$DualNode.await(LinkedTransferQueue.java:452)&#10;        at java.base@21.0.8/java.util.concurrent.SynchronousQueue$Transferer.xferLifo(SynchronousQueue.java:194)&#10;        at java.base@21.0.8/java.util.concurrent.SynchronousQueue.xfer(SynchronousQueue.java:235)&#10;        at java.base@21.0.8/java.util.concurrent.SynchronousQueue.poll(SynchronousQueue.java:338)&#10;        at java.base@21.0.8/java.util.concurrent.ThreadPoolExecutor.getTask(ThreadPoolExecutor.java:1069)&#10;        at java.base@21.0.8/java.util.concurrent.ThreadPoolExecutor.runWorker(ThreadPoolExecutor.java:1130)&#10;        at java.base@21.0.8/java.util.concurrent.ThreadPoolExecutor$Worker.run(ThreadPoolExecutor.java:642)&#10;        at java.base@21.0.8/java.lang.Thread.runWith(Thread.java:1596)&#10;        at java.base@21.0.8/java.lang.Thread.run(Thread.java:1583)&#10;&quot;IPC Server handler 92 on default port 15003&quot; daemon prio=5 tid=313 timed_waiting&#10;java.lang.Thread.State: TIMED_WAITING&#10;        at java.base@21.0.8/jdk.internal.misc.Unsafe.park(Native Method)&#10;        at java.base@21.0.8/java.util.concurrent.locks.LockSupport.parkNanos(LockSupport.java:269)&#10;        at java.base@21.0.8/java.util.concurrent.locks.AbstractQueuedSynchronizer$ConditionObject.awaitNanos(AbstractQueuedSynchronizer.java:1763)&#10;        at java.base@21.0.8/java.util.concurrent.LinkedBlockingQueue.poll(LinkedBlockingQueue.java:460)&#10;        at app//org.apache.hadoop.ipc.CallQueueManager.take(CallQueueManager.java:370)&#10;        at app//org.apache.hadoop.ipc.Server$Handler.run(Server.java:3165)&#10;&quot;DiskUsage-/home/runner/work/ozone/ozone/hadoop-ozone/integration-test-recon/target/test-dir/MiniOzoneClusterImpl-e405f726-f354-48a5-b90a-334fe627f997/ozone-metadata/datanode-2/data-0-&#10;&quot; daemon prio=5 tid=853 timed_waiting&#10;java.lang.Thread.State: TIMED_WAITING&#10;        at java.base@21.0.8/jdk.internal.misc.Unsafe.park(Native Method)&#10;        at java.base@21.0.8/java.util.concurrent.locks.LockSupport.parkNanos(LockSupport.java:269)&#10;        at java.base@21.0.8/java.util.concurrent.locks.AbstractQueuedSynchronizer$ConditionObject.awaitNanos(AbstractQueuedSynchronizer.java:1763)&#10;        at java.base@21.0.8/java.util.concurrent.ScheduledThreadPoolExecutor$DelayedWorkQueue.take(ScheduledThreadPoolExecutor.java:1182)&#10;        at java.base@21.0.8/java.util.concurrent.ScheduledThreadPoolExecutor$DelayedWorkQueue.take(ScheduledThreadPoolExecutor.java:899)&#10;        at java.base@21.0.8/java.util.concurrent.ThreadPoolExecutor.getTask(ThreadPoolExecutor.java:1070)&#10;        at java.base@21.0.8/java.util.concurrent.ThreadPoolExecutor.runWorker(ThreadPoolExecutor.java:1130)&#10;        at java.base@21.0.8/java.util.concurrent.ThreadPoolExecutor$Worker.run(ThreadPoolExecutor.java:642)&#10;        at java.base@21.0.8/java.lang.Thread.runWith(Thread.java:1596)&#10;        at java.base@21.0.8/java.lang.Thread.run(Thread.java:1583)&#10;&quot;IPC Server handler 78 on default port 15002&quot; daemon prio=5 tid=199 timed_waiting&#10;java.lang.Thread.State: TIMED_WAITING&#10;        at java.base@21.0.8/jdk.internal.misc.Unsafe.park(Native Method)&#10;        at java.base@21.0.8/java.util.concurrent.locks.LockSupport.parkNanos(LockSupport.java:269)&#10;        at java.base@21.0.8/java.util.concurrent.locks.AbstractQueuedSynchronizer$ConditionObject.awaitNanos(AbstractQueuedSynchronizer.java:1763)&#10;        at java.base@21.0.8/java.util.concurrent.LinkedBlockingQueue.poll(LinkedBlockingQueue.java:460)&#10;        at app//org.apache.hadoop.ipc.CallQueueManager.take(CallQueueManager.java:370)&#10;        at app//org.apache.hadoop.ipc.Server$Handler.run(Server.java:3165)&#10;&quot;IPC Server handler 68 on default port 15001&quot; daemon prio=5 tid=626 timed_waiting&#10;java.lang.Thread.State: TIMED_WAITING&#10;        at java.base@21.0.8/jdk.internal.misc.Unsafe.park(Native Method)&#10;        at java.base@21.0.8/java.util.concurrent.locks.LockSupport.parkNanos(LockSupport.java:269)&#10;        at java.base@21.0.8/java.util.concurrent.locks.AbstractQueuedSynchronizer$ConditionObject.awaitNanos(AbstractQueuedSynchronizer.java:1763)&#10;        at java.base@21.0.8/java.util.concurrent.LinkedBlockingQueue.poll(LinkedBlockingQueue.java:460)&#10;        at app//org.apache.hadoop.ipc.CallQueueManager.take(CallQueueManager.java:370)&#10;        at app//org.apache.hadoop.ipc.Server$Handler.run(Server.java:3165)&#10;&quot;IPC Server handler 46 on default port 15001&quot; daemon prio=5 tid=604 timed_waiting&#10;java.lang.Thread.State: TIMED_WAITING&#10;        at java.base@21.0.8/jdk.internal.misc.Unsafe.park(Native Method)&#10;        at java.base@21.0.8/java.util.concurrent.locks.LockSupport.parkNanos(LockSupport.java:269)&#10;        at java.base@21.0.8/java.util.concurrent.locks.AbstractQueuedSynchronizer$ConditionObject.awaitNanos(AbstractQueuedSynchronizer.java:1763)&#10;        at java.base@21.0.8/java.util.concurrent.LinkedBlockingQueue.poll(LinkedBlockingQueue.java:460)&#10;        at app//org.apache.hadoop.ipc.CallQueueManager.take(CallQueueManager.java:370)&#10;        at app//org.apache.hadoop.ipc.Server$Handler.run(Server.java:3165)&#10;&quot;d5ad88c2-6e7a-4660-bab6-a4e8807a575e-BlockDeletingService#0&quot; daemon prio=5 tid=865 timed_waiting&#10;java.lang.Thread.State: TIMED_WAITING&#10;        at java.base@21.0.8/jdk.internal.misc.Unsafe.park(Native Method)&#10;        at java.base@21.0.8/java.util.concurrent.locks.LockSupport.parkNanos(LockSupport.java:269)&#10;        at java.base@21.0.8/java.util.concurrent.locks.AbstractQueuedSynchronizer$ConditionObject.awaitNanos(AbstractQueuedSynchronizer.java:1763)&#10;        at java.base@21.0.8/java.util.concurrent.ScheduledThreadPoolExecutor$DelayedWorkQueue.take(ScheduledThreadPoolExecutor.java:1182)&#10;        at java.base@21.0.8/java.util.concurrent.ScheduledThreadPoolExecutor$DelayedWorkQueue.take(ScheduledThreadPoolExecutor.java:899)&#10;        at java.base@21.0.8/java.util.concurrent.ThreadPoolExecutor.getTask(ThreadPoolExecutor.java:1070)&#10;        at java.base@21.0.8/java.util.concurrent.ThreadPoolExecutor.runWorker(ThreadPoolExecutor.java:1130)&#10;        at java.base@21.0.8/java.util.concurrent.ThreadPoolExecutor$Worker.run(ThreadPoolExecutor.java:642)&#10;        at java.base@21.0.8/java.lang.Thread.runWith(Thread.java:1596)&#10;        at java.base@21.0.8/java.lang.Thread.run(Thread.java:1583)&#10;&quot;Socket Reader #3 for port 15045&quot; daemon prio=5 tid=951 runnable&#10;java.lang.Thread.State: RUNNABLE&#10;        at java.base@21.0.8/sun.nio.ch.EPoll.wait(Native Method)&#10;        at java.base@21.0.8/sun.nio.ch.EPollSelectorImpl.doSelect(EPollSelectorImpl.java:121)&#10;        at java.base@21.0.8/sun.nio.ch.SelectorImpl.lockAndDoSelect(SelectorImpl.java:130)&#10;        at java.base@21.0.8/sun.nio.ch.SelectorImpl.select(SelectorImpl.java:147)&#10;        at app//org.apache.hadoop.ipc.Server$Listener$Reader.doRunLoop(Server.java:1497)&#10;        at app//org.apache.hadoop.ipc.Server$Listener$Reader.run(Server.java:1476)&#10;&quot;IPC Server handler 1 on default port 15003&quot; daemon prio=5 tid=222 timed_waiting&#10;java.lang.Thread.State: TIMED_WAITING&#10;        at java.base@21.0.8/jdk.internal.misc.Unsafe.park(Native Method)&#10;        at java.base@21.0.8/java.util.concurrent.locks.LockSupport.parkNanos(LockSupport.java:269)&#10;        at java.base@21.0.8/java.util.concurrent.locks.AbstractQueuedSynchronizer$ConditionObject.awaitNanos(AbstractQueuedSynchronizer.java:1763)&#10;        at java.base@21.0.8/java.util.concurrent.LinkedBlockingQueue.poll(LinkedBlockingQueue.java:460)&#10;        at app//org.apache.hadoop.ipc.CallQueueManager.take(CallQueueManager.java:370)&#10;        at app//org.apache.hadoop.ipc.Server$Handler.run(Server.java:3165)&#10;&quot;IPC Server handler 74 on default port 15004&quot; daemon prio=5 tid=413 timed_waiting&#10;java.lang.Thread.State: TIMED_WAITING&#10;        at java.base@21.0.8/jdk.internal.misc.Unsafe.park(Native Method)&#10;        at java.base@21.0.8/java.util.concurrent.locks.LockSupport.parkNanos(LockSupport.java:269)&#10;        at java.base@21.0.8/java.util.concurrent.locks.AbstractQueuedSynchronizer$ConditionObject.awaitNanos(AbstractQueuedSynchronizer.java:1763)&#10;        at java.base@21.0.8/java.util.concurrent.LinkedBlockingQueue.poll(LinkedBlockingQueue.java:460)&#10;        at app//org.apache.hadoop.ipc.CallQueueManager.take(CallQueueManager.java:370)&#10;        at app//org.apache.hadoop.ipc.Server$Handler.run(Server.java:3165)&#10;&quot;IPC Server handler 75 on default port 15003&quot; daemon prio=5 tid=296 timed_waiting&#10;java.lang.Thread.State: TIMED_WAITING&#10;        at java.base@21.0.8/jdk.internal.misc.Unsafe.park(Native Method)&#10;        at java.base@21.0.8/java.util.concurrent.locks.LockSupport.parkNanos(LockSupport.java:269)&#10;        at java.base@21.0.8/java.util.concurrent.locks.AbstractQueuedSynchronizer$ConditionObject.awaitNanos(AbstractQueuedSynchronizer.java:1763)&#10;        at java.base@21.0.8/java.util.concurrent.LinkedBlockingQueue.poll(LinkedBlockingQueue.java:460)&#10;        at app//org.apache.hadoop.ipc.CallQueueManager.take(CallQueueManager.java:370)&#10;        at app//org.apache.hadoop.ipc.Server$Handler.run(Server.java:3165)&#10;&quot;0ed0910f-4ac9-4f62-be34-d90c51a3e6c9-EndpointStateMachineTaskThread-/0.0.0.0:15004-0 &quot;  prio=5 tid=1007 in Object.wait()&#10;java.lang.Thread.State: WAITING (on object monitor)&#10;        at java.base@21.0.8/jdk.internal.misc.Unsafe.park(Native Method)&#10;        at java.base@21.0.8/java.util.concurrent.locks.LockSupport.park(LockSupport.java:371)&#10;        at java.base@21.0.8/java.util.concurrent.locks.AbstractQueuedSynchronizer$ConditionNode.block(AbstractQueuedSynchronizer.java:519)&#10;        at java.base@21.0.8/java.util.concurrent.ForkJoinPool.unmanagedBlock(ForkJoinPool.java:3780)&#10;        at java.base@21.0.8/java.util.concurrent.ForkJoinPool.managedBlock(ForkJoinPool.java:3725)&#10;        at java.base@21.0.8/java.util.concurrent.locks.AbstractQueuedSynchronizer$ConditionObject.await(AbstractQueuedSynchronizer.java:1712)&#10;        at java.base@21.0.8/java.util.concurrent.LinkedBlockingQueue.take(LinkedBlockingQueue.java:435)&#10;        at java.base@21.0.8/java.util.concurrent.ThreadPoolExecutor.getTask(ThreadPoolExecutor.java:1070)&#10;        at java.base@21.0.8/java.util.concurrent.ThreadPoolExecutor.runWorker(ThreadPoolExecutor.java:1130)&#10;        at java.base@21.0.8/java.util.concurrent.ThreadPoolExecutor$Worker.run(ThreadPoolExecutor.java:642)&#10;        at java.base@21.0.8/java.lang.Thread.runWith(Thread.java:1596)&#10;        at java.base@21.0.8/java.lang.Thread.run(Thread.java:1583)&#10;&quot;gradle-enterprise-test-client-gradle-enterprise-test-listener&quot;  prio=5 tid=31 in Object.wait()&#10;java.lang.Thread.State: WAITING (on object monitor)&#10;        at java.base@21.0.8/jdk.internal.misc.Unsafe.park(Native Method)&#10;        at java.base@21.0.8/java.util.concurrent.locks.LockSupport.park(LockSupport.java:371)&#10;        at java.base@21.0.8/java.util.concurrent.locks.AbstractQueuedSynchronizer$ConditionNode.block(AbstractQueuedSynchronizer.java:519)&#10;        at java.base@21.0.8/java.util.concurrent.ForkJoinPool.unmanagedBlock(ForkJoinPool.java:3780)&#10;        at java.base@21.0.8/java.util.concurrent.ForkJoinPool.managedBlock(ForkJoinPool.java:3725)&#10;        at java.base@21.0.8/java.util.concurrent.locks.AbstractQueuedSynchronizer$ConditionObject.await(AbstractQueuedSynchronizer.java:1712)&#10;        at java.base@21.0.8/java.util.concurrent.ArrayBlockingQueue.take(ArrayBlockingQueue.java:420)&#10;        at app//com.gradle.maven.scan.extension.test.listener.obfuscated.k.a.a(SourceFile:130)&#10;        at app//com.gradle.maven.scan.extension.test.listener.obfuscated.k.a.b(SourceFile:93)&#10;        at app//com.gradle.maven.scan.extension.test.listener.obfuscated.k.a$$Lambda/0x00007f18e813bb98.run(Unknown Source)&#10;        at java.base@21.0.8/java.util.concurrent.Executors$RunnableAdapter.call(Executors.java:572)&#10;        at java.base@21.0.8/java.util.concurrent.FutureTask.run(FutureTask.java:317)&#10;        at java.base@21.0.8/java.util.concurrent.ThreadPoolExecutor.runWorker(ThreadPoolExecutor.java:1144)&#10;        at java.base@21.0.8/java.util.concurrent.ThreadPoolExecutor$Worker.run(ThreadPoolExecutor.java:642)&#10;        at java.base@21.0.8/java.lang.Thread.runWith(Thread.java:1596)&#10;        at java.base@21.0.8/java.lang.Thread.run(Thread.java:1583)&#10;&quot;IPC Server handler 35 on default port 15004&quot; daemon prio=5 tid=374 timed_waiting&#10;java.lang.Thread.State: TIMED_WAITING&#10;        at java.base@21.0.8/jdk.internal.misc.Unsafe.park(Native Method)&#10;        at java.base@21.0.8/java.util.concurrent.locks.LockSupport.parkNanos(LockSupport.java:269)&#10;        at java.base@21.0.8/java.util.concurrent.locks.AbstractQueuedSynchronizer$ConditionObject.awaitNanos(AbstractQueuedSynchronizer.java:1763)&#10;        at java.base@21.0.8/java.util.concurrent.LinkedBlockingQueue.poll(LinkedBlockingQueue.java:460)&#10;        at app//org.apache.hadoop.ipc.CallQueueManager.take(CallQueueManager.java:370)&#10;        at app//org.apache.hadoop.ipc.Server$Handler.run(Server.java:3165)&#10;&quot;org.apache.hadoop.ozone.container.common.statemachine.commandhandler.DeleteBlocksCommandHandler$DeleteCmdWorker@4020100a&quot; daemon prio=5 tid=716 timed_waiting&#10;java.lang.Thread.State: TIMED_WAITING&#10;        at java.base@21.0.8/java.lang.Thread.sleep0(Native Method)&#10;        at java.base@21.0.8/java.lang.Thread.sleep(Thread.java:509)&#10;        at app//org.apache.hadoop.ozone.container.common.statemachine.commandhandler.DeleteBlocksCommandHandler$DeleteCmdWorker.run(DeleteBlocksCommandHandler.java:260)&#10;        at java.base@21.0.8/java.lang.Thread.runWith(Thread.java:1596)&#10;        at java.base@21.0.8/java.lang.Thread.run(Thread.java:1583)&#10;&quot;IPC Server handler 28 on default port 15003&quot; daemon prio=5 tid=249 timed_waiting&#10;java.lang.Thread.State: TIMED_WAITING&#10;        at java.base@21.0.8/jdk.internal.misc.Unsafe.park(Native Method)&#10;        at java.base@21.0.8/java.util.concurrent.locks.LockSupport.parkNanos(LockSupport.java:269)&#10;        at java.base@21.0.8/java.util.concurrent.locks.AbstractQueuedSynchronizer$ConditionObject.awaitNanos(AbstractQueuedSynchronizer.java:1763)&#10;        at java.base@21.0.8/java.util.concurrent.LinkedBlockingQueue.poll(LinkedBlockingQueue.java:460)&#10;        at app//org.apache.hadoop.ipc.CallQueueManager.take(CallQueueManager.java:370)&#10;        at app//org.apache.hadoop.ipc.Server$Handler.run(Server.java:3165)&#10;&quot;IPC Server handler 7 on default port 15045&quot; daemon prio=5 tid=969 timed_waiting&#10;java.lang.Thread.State: TIMED_WAITING&#10;        at java.base@21.0.8/jdk.internal.misc.Unsafe.park(Native Method)&#10;        at java.base@21.0.8/java.util.concurrent.locks.LockSupport.parkNanos(LockSupport.java:269)&#10;        at java.base@21.0.8/java.util.concurrent.locks.AbstractQueuedSynchronizer$ConditionObject.awaitNanos(AbstractQueuedSynchronizer.java:1763)&#10;        at java.base@21.0.8/java.util.concurrent.LinkedBlockingQueue.poll(LinkedBlockingQueue.java:460)&#10;        at app//org.apache.hadoop.ipc.CallQueueManager.take(CallQueueManager.java:370)&#10;        at app//org.apache.hadoop.ipc.Server$Handler.run(Server.java:3165)&#10;&quot;qtp1760296638-824&quot; daemon prio=5 tid=824 timed_waiting&#10;java.lang.Thread.State: TIMED_WAITING&#10;        at java.base@21.0.8/jdk.internal.misc.Unsafe.park(Native Method)&#10;        at java.base@21.0.8/java.util.concurrent.locks.LockSupport.parkNanos(LockSupport.java:269)&#10;        at java.base@21.0.8/java.util.concurrent.locks.AbstractQueuedSynchronizer$ConditionObject.awaitNanos(AbstractQueuedSynchronizer.java:1763)&#10;        at app//org.eclipse.jetty.util.BlockingArrayQueue.poll(BlockingArrayQueue.java:382)&#10;        at app//org.eclipse.jetty.util.thread.QueuedThreadPool$Runner.idleJobPoll(QueuedThreadPool.java:974)&#10;        at app//org.eclipse.jetty.util.thread.QueuedThreadPool$Runner.run(QueuedThreadPool.java:1018)&#10;        at java.base@21.0.8/java.lang.Thread.runWith(Thread.java:1596)&#10;        at java.base@21.0.8/java.lang.Thread.run(Thread.java:1583)&#10;&quot;timer1&quot; daemon prio=5 tid=1111 timed_waiting&#10;java.lang.Thread.State: TIMED_WAITING&#10;        at java.base@21.0.8/java.lang.Object.wait0(Native Method)&#10;        at java.base@21.0.8/java.lang.Object.wait(Object.java:366)&#10;        at java.base@21.0.8/java.util.TimerThread.mainLoop(Timer.java:563)&#10;        at java.base@21.0.8/java.util.TimerThread.run(Timer.java:516)&#10;&quot;IPC Server handler 10 on default port 15004&quot; daemon prio=5 tid=349 timed_waiting&#10;java.lang.Thread.State: TIMED_WAITING&#10;        at java.base@21.0.8/jdk.internal.misc.Unsafe.park(Native Method)&#10;        at java.base@21.0.8/java.util.concurrent.locks.LockSupport.parkNanos(LockSupport.java:269)&#10;        at java.base@21.0.8/java.util.concurrent.locks.AbstractQueuedSynchronizer$ConditionObject.awaitNanos(AbstractQueuedSynchronizer.java:1763)&#10;        at java.base@21.0.8/java.util.concurrent.LinkedBlockingQueue.poll(LinkedBlockingQueue.java:460)&#10;        at app//org.apache.hadoop.ipc.CallQueueManager.take(CallQueueManager.java:370)&#10;        at app//org.apache.hadoop.ipc.Server$Handler.run(Server.java:3165)&#10;&quot;d5ad88c2-6e7a-4660-bab6-a4e8807a575e-CloseContainerThread-0&quot;  prio=5 tid=1295 in Object.wait()&#10;java.lang.Thread.State: WAITING (on object monitor)&#10;        at java.base@21.0.8/jdk.internal.misc.Unsafe.park(Native Method)&#10;        at java.base@21.0.8/java.util.concurrent.locks.LockSupport.park(LockSupport.java:371)&#10;        at java.base@21.0.8/java.util.concurrent.locks.AbstractQueuedSynchronizer$ConditionNode.block(AbstractQueuedSynchronizer.java:519)&#10;        at java.base@21.0.8/java.util.concurrent.ForkJoinPool.unmanagedBlock(ForkJoinPool.java:3780)&#10;        at java.base@21.0.8/java.util.concurrent.ForkJoinPool.managedBlock(ForkJoinPool.java:3725)&#10;        at java.base@21.0.8/java.util.concurrent.locks.AbstractQueuedSynchronizer$ConditionObject.await(AbstractQueuedSynchronizer.java:1712)&#10;        at java.base@21.0.8/java.util.concurrent.LinkedBlockingQueue.take(LinkedBlockingQueue.java:435)&#10;        at java.base@21.0.8/java.util.concurrent.ThreadPoolExecutor.getTask(ThreadPoolExecutor.java:1070)&#10;        at java.base@21.0.8/java.util.concurrent.ThreadPoolExecutor.runWorker(ThreadPoolExecutor.java:1130)&#10;        at java.base@21.0.8/java.util.concurrent.ThreadPoolExecutor$Worker.run(ThreadPoolExecutor.java:642)&#10;        at java.base@21.0.8/java.lang.Thread.runWith(Thread.java:1596)&#10;        at java.base@21.0.8/java.lang.Thread.run(Thread.java:1583)&#10;&quot;grpc-default-worker-ELG-3-4&quot; daemon prio=5 tid=1046 runnable&#10;java.lang.Thread.State: RUNNABLE&#10;        at app//org.apache.ratis.thirdparty.io.netty.channel.epoll.Native.epollWait(Native Method)&#10;        at app//org.apache.ratis.thirdparty.io.netty.channel.epoll.Native.epollWait(Native.java:220)&#10;        at app//org.apache.ratis.thirdparty.io.netty.channel.epoll.Native.epollWait(Native.java:213)&#10;        at app//org.apache.ratis.thirdparty.io.netty.channel.epoll.EpollEventLoop.epollWaitNoTimerChange(EpollEventLoop.java:308)&#10;        at app//org.apache.ratis.thirdparty.io.netty.channel.epoll.EpollEventLoop.run(EpollEventLoop.java:365)&#10;        at app//org.apache.ratis.thirdparty.io.netty.util.concurrent.SingleThreadEventExecutor$4.run(SingleThreadEventExecutor.java:998)&#10;        at app//org.apache.ratis.thirdparty.io.netty.util.internal.ThreadExecutorMap$2.run(ThreadExecutorMap.java:74)&#10;        at app//org.apache.ratis.thirdparty.io.netty.util.concurrent.FastThreadLocalRunnable.run(FastThreadLocalRunnable.java:30)&#10;        at java.base@21.0.8/java.lang.Thread.runWith(Thread.java:1596)&#10;        at java.base@21.0.8/java.lang.Thread.run(Thread.java:1583)&#10;&quot;bucketTable_FullTableCache-Cleanup-0&quot; daemon prio=5 tid=1232 timed_waiting&#10;java.lang.Thread.State: TIMED_WAITING&#10;        at java.base@21.0.8/jdk.internal.misc.Unsafe.park(Native Method)&#10;        at java.base@21.0.8/java.util.concurrent.locks.LockSupport.parkNanos(LockSupport.java:269)&#10;        at java.base@21.0.8/java.util.concurrent.locks.AbstractQueuedSynchronizer$ConditionObject.awaitNanos(AbstractQueuedSynchronizer.java:1763)&#10;        at java.base@21.0.8/java.util.concurrent.ScheduledThreadPoolExecutor$DelayedWorkQueue.take(ScheduledThreadPoolExecutor.java:1182)&#10;        at java.base@21.0.8/java.util.concurrent.ScheduledThreadPoolExecutor$DelayedWorkQueue.take(ScheduledThreadPoolExecutor.java:899)&#10;        at java.base@21.0.8/java.util.concurrent.ThreadPoolExecutor.getTask(ThreadPoolExecutor.java:1070)&#10;        at java.base@21.0.8/java.util.concurrent.ThreadPoolExecutor.runWorker(ThreadPoolExecutor.java:1130)&#10;        at java.base@21.0.8/java.util.concurrent.ThreadPoolExecutor$Worker.run(ThreadPoolExecutor.java:642)&#10;        at java.base@21.0.8/java.lang.Thread.runWith(Thread.java:1596)&#10;        at java.base@21.0.8/java.lang.Thread.run(Thread.java:1583)&#10;&quot;grpc-default-worker-ELG-3-2&quot; daemon prio=5 tid=1044 runnable&#10;java.lang.Thread.State: RUNNABLE&#10;        at app//org.apache.ratis.thirdparty.io.netty.channel.epoll.Native.epollWait0(Native Method)&#10;        at app//org.apache.ratis.thirdparty.io.netty.channel.epoll.Native.epollWait(Native.java:193)&#10;        at app//org.apache.ratis.thirdparty.io.netty.channel.epoll.EpollEventLoop.epollWait(EpollEventLoop.java:304)&#10;        at app//org.apache.ratis.thirdparty.io.netty.channel.epoll.EpollEventLoop.run(EpollEventLoop.java:368)&#10;        at app//org.apache.ratis.thirdparty.io.netty.util.concurrent.SingleThreadEventExecutor$4.run(SingleThreadEventExecutor.java:998)&#10;        at app//org.apache.ratis.thirdparty.io.netty.util.internal.ThreadExecutorMap$2.run(ThreadExecutorMap.java:74)&#10;        at app//org.apache.ratis.thirdparty.io.netty.util.concurrent.FastThreadLocalRunnable.run(FastThreadLocalRunnable.java:30)&#10;        at java.base@21.0.8/java.lang.Thread.runWith(Thread.java:1596)&#10;        at java.base@21.0.8/java.lang.Thread.run(Thread.java:1583)&#10;&quot;EventQueue-NodeReportForNodeReportHandler&quot; daemon prio=5 tid=1005 in Object.wait()&#10;java.lang.Thread.State: WAITING (on object monitor)&#10;        at java.base@21.0.8/jdk.internal.misc.Unsafe.park(Native Method)&#10;        at java.base@21.0.8/java.util.concurrent.locks.LockSupport.park(LockSupport.java:371)&#10;        at java.base@21.0.8/java.util.concurrent.locks.AbstractQueuedSynchronizer$ConditionNode.block(AbstractQueuedSynchronizer.java:519)&#10;        at java.base@21.0.8/java.util.concurrent.ForkJoinPool.unmanagedBlock(ForkJoinPool.java:3780)&#10;        at java.base@21.0.8/java.util.concurrent.ForkJoinPool.managedBlock(ForkJoinPool.java:3725)&#10;        at java.base@21.0.8/java.util.concurrent.locks.AbstractQueuedSynchronizer$ConditionObject.await(AbstractQueuedSynchronizer.java:1712)&#10;        at java.base@21.0.8/java.util.concurrent.LinkedBlockingQueue.take(LinkedBlockingQueue.java:435)&#10;        at java.base@21.0.8/java.util.concurrent.ThreadPoolExecutor.getTask(ThreadPoolExecutor.java:1070)&#10;        at java.base@21.0.8/java.util.concurrent.ThreadPoolExecutor.runWorker(ThreadPoolExecutor.java:1130)&#10;        at java.base@21.0.8/java.util.concurrent.ThreadPoolExecutor$Worker.run(ThreadPoolExecutor.java:642)&#10;        at java.base@21.0.8/java.lang.Thread.runWith(Thread.java:1596)&#10;        at java.base@21.0.8/java.lang.Thread.run(Thread.java:1583)&#10;&quot;IPC Server handler 79 on default port 15002&quot; daemon prio=5 tid=200 timed_waiting&#10;java.lang.Thread.State: TIMED_WAITING&#10;        at java.base@21.0.8/jdk.internal.misc.Unsafe.park(Native Method)&#10;        at java.base@21.0.8/java.util.concurrent.locks.LockSupport.parkNanos(LockSupport.java:269)&#10;        at java.base@21.0.8/java.util.concurrent.locks.AbstractQueuedSynchronizer$ConditionObject.awaitNanos(AbstractQueuedSynchronizer.java:1763)&#10;        at java.base@21.0.8/java.util.concurrent.LinkedBlockingQueue.poll(LinkedBlockingQueue.java:460)&#10;        at app//org.apache.hadoop.ipc.CallQueueManager.take(CallQueueManager.java:370)&#10;        at app//org.apache.hadoop.ipc.Server$Handler.run(Server.java:3165)&#10;&quot;d5ad88c2-6e7a-4660-bab6-a4e8807a575e@group-4D151320670C-StateMachineUpdater&quot; daemon prio=5 tid=1052 timed_waiting&#10;java.lang.Thread.State: TIMED_WAITING&#10;        at java.base@21.0.8/jdk.internal.misc.Unsafe.park(Native Method)&#10;        at java.base@21.0.8/java.util.concurrent.locks.LockSupport.parkNanos(LockSupport.java:269)&#10;        at java.base@21.0.8/java.util.concurrent.locks.AbstractQueuedSynchronizer$ConditionObject.await(AbstractQueuedSynchronizer.java:1852)&#10;        at app//org.apache.ratis.util.AwaitForSignal.await(AwaitForSignal.java:65)&#10;        at app//org.apache.ratis.server.impl.StateMachineUpdater.waitForCommit(StateMachineUpdater.java:222)&#10;        at app//org.apache.ratis.server.impl.StateMachineUpdater.run(StateMachineUpdater.java:187)&#10;        at java.base@21.0.8/java.lang.Thread.runWith(Thread.java:1596)&#10;        at java.base@21.0.8/java.lang.Thread.run(Thread.java:1583)&#10;&quot;FixedThreadPoolWithAffinityExecutor-4-0&quot; daemon prio=5 tid=108 timed_waiting&#10;java.lang.Thread.State: TIMED_WAITING&#10;        at java.base@21.0.8/jdk.internal.misc.Unsafe.park(Native Method)&#10;        at java.base@21.0.8/java.util.concurrent.locks.LockSupport.parkNanos(LockSupport.java:269)&#10;        at java.base@21.0.8/java.util.concurrent.locks.AbstractQueuedSynchronizer$ConditionObject.awaitNanos(AbstractQueuedSynchronizer.java:1763)&#10;        at java.base@21.0.8/java.util.concurrent.LinkedBlockingQueue.poll(LinkedBlockingQueue.java:460)&#10;        at app//org.apache.hadoop.hdds.scm.server.ContainerReportQueue.poll(ContainerReportQueue.java:269)&#10;        at app//org.apache.hadoop.hdds.scm.server.ContainerReportQueue.poll(ContainerReportQueue.java:42)&#10;        at app//org.apache.hadoop.hdds.server.events.FixedThreadPoolWithAffinityExecutor$ContainerReportProcessTask.run(FixedThreadPoolWithAffinityExecutor.java:228)&#10;        at java.base@21.0.8/java.util.concurrent.Executors$RunnableAdapter.call(Executors.java:572)&#10;        at java.base@21.0.8/java.util.concurrent.FutureTask.run(FutureTask.java:317)&#10;        at java.base@21.0.8/java.util.concurrent.ThreadPoolExecutor.runWorker(ThreadPoolExecutor.java:1144)&#10;        at java.base@21.0.8/java.util.concurrent.ThreadPoolExecutor$Worker.run(ThreadPoolExecutor.java:642)&#10;        at java.base@21.0.8/java.lang.Thread.runWith(Thread.java:1596)&#10;        at java.base@21.0.8/java.lang.Thread.run(Thread.java:1583)&#10;&quot;pool-128-thread-1&quot; daemon prio=5 tid=852 timed_waiting&#10;java.lang.Thread.State: TIMED_WAITING&#10;        at java.base@21.0.8/jdk.internal.misc.Unsafe.park(Native Method)&#10;        at java.base@21.0.8/java.util.concurrent.locks.LockSupport.parkNanos(LockSupport.java:269)&#10;        at java.base@21.0.8/java.util.concurrent.locks.AbstractQueuedSynchronizer$ConditionObject.awaitNanos(AbstractQueuedSynchronizer.java:1763)&#10;        at java.base@21.0.8/java.util.concurrent.ScheduledThreadPoolExecutor$DelayedWorkQueue.take(ScheduledThreadPoolExecutor.java:1182)&#10;        at java.base@21.0.8/java.util.concurrent.ScheduledThreadPoolExecutor$DelayedWorkQueue.take(ScheduledThreadPoolExecutor.java:899)&#10;        at java.base@21.0.8/java.util.concurrent.ThreadPoolExecutor.getTask(ThreadPoolExecutor.java:1070)&#10;        at java.base@21.0.8/java.util.concurrent.ThreadPoolExecutor.runWorker(ThreadPoolExecutor.java:1130)&#10;        at java.base@21.0.8/java.util.concurrent.ThreadPoolExecutor$Worker.run(ThreadPoolExecutor.java:642)&#10;        at java.base@21.0.8/java.lang.Thread.runWith(Thread.java:1596)&#10;        at java.base@21.0.8/java.lang.Thread.run(Thread.java:1583)&#10;&quot;IPC Server handler 69 on default port 15002&quot; daemon prio=5 tid=190 timed_waiting&#10;java.lang.Thread.State: TIMED_WAITING&#10;        at java.base@21.0.8/jdk.internal.misc.Unsafe.park(Native Method)&#10;        at java.base@21.0.8/java.util.concurrent.locks.LockSupport.parkNanos(LockSupport.java:269)&#10;        at java.base@21.0.8/java.util.concurrent.locks.AbstractQueuedSynchronizer$ConditionObject.awaitNanos(AbstractQueuedSynchronizer.java:1763)&#10;        at java.base@21.0.8/java.util.concurrent.LinkedBlockingQueue.poll(LinkedBlockingQueue.java:460)&#10;        at app//org.apache.hadoop.ipc.CallQueueManager.take(CallQueueManager.java:370)&#10;        at app//org.apache.hadoop.ipc.Server$Handler.run(Server.java:3165)&#10;&quot;Session-HouseKeeper-154874d8-1&quot;  prio=5 tid=914 timed_waiting&#10;java.lang.Thread.State: TIMED_WAITING&#10;        at java.base@21.0.8/jdk.internal.misc.Unsafe.park(Native Method)&#10;        at java.base@21.0.8/java.util.concurrent.locks.LockSupport.parkNanos(LockSupport.java:269)&#10;        at java.base@21.0.8/java.util.concurrent.locks.AbstractQueuedSynchronizer$ConditionObject.awaitNanos(AbstractQueuedSynchronizer.java:1763)&#10;        at java.base@21.0.8/java.util.concurrent.ScheduledThreadPoolExecutor$DelayedWorkQueue.take(ScheduledThreadPoolExecutor.java:1182)&#10;        at java.base@21.0.8/java.util.concurrent.ScheduledThreadPoolExecutor$DelayedWorkQueue.take(ScheduledThreadPoolExecutor.java:899)&#10;        at java.base@21.0.8/java.util.concurrent.ThreadPoolExecutor.getTask(ThreadPoolExecutor.java:1070)&#10;        at java.base@21.0.8/java.util.concurrent.ThreadPoolExecutor.runWorker(ThreadPoolExecutor.java:1130)&#10;        at java.base@21.0.8/java.util.concurrent.ThreadPoolExecutor$Worker.run(ThreadPoolExecutor.java:642)&#10;        at java.base@21.0.8/java.lang.Thread.runWith(Thread.java:1596)&#10;        at java.base@21.0.8/java.lang.Thread.run(Thread.java:1583)&#10;&quot;Recon-FixedThreadPoolWithAffinityExecutor-6-0&quot; daemon prio=5 tid=540 timed_waiting&#10;java.lang.Thread.State: TIMED_WAITING&#10;        at java.base@21.0.8/jdk.internal.misc.Unsafe.park(Native Method)&#10;        at java.base@21.0.8/java.util.concurrent.locks.LockSupport.parkNanos(LockSupport.java:269)&#10;        at java.base@21.0.8/java.util.concurrent.locks.AbstractQueuedSynchronizer$ConditionObject.awaitNanos(AbstractQueuedSynchronizer.java:1763)&#10;        at java.base@21.0.8/java.util.concurrent.LinkedBlockingQueue.poll(LinkedBlockingQueue.java:460)&#10;        at app//org.apache.hadoop.hdds.scm.server.ContainerReportQueue.poll(ContainerReportQueue.java:269)&#10;        at app//org.apache.hadoop.hdds.scm.server.ContainerReportQueue.poll(ContainerReportQueue.java:42)&#10;        at app//org.apache.hadoop.hdds.server.events.FixedThreadPoolWithAffinityExecutor$ContainerReportProcessTask.run(FixedThreadPoolWithAffinityExecutor.java:228)&#10;        at java.base@21.0.8/java.util.concurrent.Executors$RunnableAdapter.call(Executors.java:572)&#10;        at java.base@21.0.8/java.util.concurrent.FutureTask.run(FutureTask.java:317)&#10;        at java.base@21.0.8/java.util.concurrent.ThreadPoolExecutor.runWorker(ThreadPoolExecutor.java:1144)&#10;        at java.base@21.0.8/java.util.concurrent.ThreadPoolExecutor$Worker.run(ThreadPoolExecutor.java:642)&#10;        at java.base@21.0.8/java.lang.Thread.runWith(Thread.java:1596)&#10;        at java.base@21.0.8/java.lang.Thread.run(Thread.java:1583)&#10;&quot;IPC Server handler 81 on default port 15004&quot; daemon prio=5 tid=420 timed_waiting&#10;java.lang.Thread.State: TIMED_WAITING&#10;        at java.base@21.0.8/jdk.internal.misc.Unsafe.park(Native Method)&#10;        at java.base@21.0.8/java.util.concurrent.locks.LockSupport.parkNanos(LockSupport.java:269)&#10;        at java.base@21.0.8/java.util.concurrent.locks.AbstractQueuedSynchronizer$ConditionObject.awaitNanos(AbstractQueuedSynchronizer.java:1763)&#10;        at java.base@21.0.8/java.util.concurrent.LinkedBlockingQueue.poll(LinkedBlockingQueue.java:460)&#10;        at app//org.apache.hadoop.ipc.CallQueueManager.take(CallQueueManager.java:370)&#10;        at app//org.apache.hadoop.ipc.Server$Handler.run(Server.java:3165)&#10;&quot;qtp396271801-324&quot; daemon prio=5 tid=324 runnable&#10;java.lang.Thread.State: RUNNABLE&#10;        at java.base@21.0.8/sun.nio.ch.EPoll.wait(Native Method)&#10;        at java.base@21.0.8/sun.nio.ch.EPollSelectorImpl.doSelect(EPollSelectorImpl.java:121)&#10;        at java.base@21.0.8/sun.nio.ch.SelectorImpl.lockAndDoSelect(SelectorImpl.java:130)&#10;        at java.base@21.0.8/sun.nio.ch.SelectorImpl.select(SelectorImpl.java:147)&#10;        at app//org.eclipse.jetty.io.ManagedSelector.nioSelect(ManagedSelector.java:183)&#10;        at app//org.eclipse.jetty.io.ManagedSelector.select(ManagedSelector.java:190)&#10;        at app//org.eclipse.jetty.io.ManagedSelector$SelectorProducer.select(ManagedSelector.java:606)&#10;        at app//org.eclipse.jetty.io.ManagedSelector$SelectorProducer.produce(ManagedSelector.java:543)&#10;        at app//org.eclipse.jetty.util.thread.strategy.EatWhatYouKill.produceTask(EatWhatYouKill.java:362)&#10;        at app//org.eclipse.jetty.util.thread.strategy.EatWhatYouKill.doProduce(EatWhatYouKill.java:186)&#10;        at app//org.eclipse.jetty.util.thread.strategy.EatWhatYouKill.tryProduce(EatWhatYouKill.java:173)&#10;        at app//org.eclipse.jetty.util.thread.strategy.EatWhatYouKill.produce(EatWhatYouKill.java:137)&#10;        at app//org.eclipse.jetty.io.ManagedSelector$$Lambda/0x00007f18e86c6408.run(Unknown Source)&#10;        at app//org.eclipse.jetty.util.thread.QueuedThreadPool.runJob(QueuedThreadPool.java:883)&#10;        at app//org.eclipse.jetty.util.thread.QueuedThreadPool$Runner.run(QueuedThreadPool.java:1034)&#10;        at java.base@21.0.8/java.lang.Thread.runWith(Thread.java:1596)&#10;        at java.base@21.0.8/java.lang.Thread.run(Thread.java:1583)&#10;&quot;42a5f925-1bc2-4f8a-8509-c5ae65e6fcde-CloseContainerThread-1&quot;  prio=5 tid=1292 in Object.wait()&#10;java.lang.Thread.State: WAITING (on object monitor)&#10;        at java.base@21.0.8/jdk.internal.misc.Unsafe.park(Native Method)&#10;        at java.base@21.0.8/java.util.concurrent.locks.LockSupport.park(LockSupport.java:371)&#10;        at java.base@21.0.8/java.util.concurrent.locks.AbstractQueuedSynchronizer$ConditionNode.block(AbstractQueuedSynchronizer.java:519)&#10;        at java.base@21.0.8/java.util.concurrent.ForkJoinPool.unmanagedBlock(ForkJoinPool.java:3780)&#10;        at java.base@21.0.8/java.util.concurrent.ForkJoinPool.managedBlock(ForkJoinPool.java:3725)&#10;        at java.base@21.0.8/java.util.concurrent.locks.AbstractQueuedSynchronizer$ConditionObject.await(AbstractQueuedSynchronizer.java:1712)&#10;        at java.base@21.0.8/java.util.concurrent.LinkedBlockingQueue.take(LinkedBlockingQueue.java:435)&#10;        at java.base@21.0.8/java.util.concurrent.ThreadPoolExecutor.getTask(ThreadPoolExecutor.java:1070)&#10;        at java.base@21.0.8/java.util.concurrent.ThreadPoolExecutor.runWorker(ThreadPoolExecutor.java:1130)&#10;        at java.base@21.0.8/java.util.concurrent.ThreadPoolExecutor$Worker.run(ThreadPoolExecutor.java:642)&#10;        at java.base@21.0.8/java.lang.Thread.runWith(Thread.java:1596)&#10;        at java.base@21.0.8/java.lang.Thread.run(Thread.java:1583)&#10;&quot;IPC Server handler 44 on default port 15001&quot; daemon prio=5 tid=602 timed_waiting&#10;java.lang.Thread.State: TIMED_WAITING&#10;        at java.base@21.0.8/jdk.internal.misc.Unsafe.park(Native Method)&#10;        at java.base@21.0.8/java.util.concurrent.locks.LockSupport.parkNanos(LockSupport.java:269)&#10;        at java.base@21.0.8/java.util.concurrent.locks.AbstractQueuedSynchronizer$ConditionObject.awaitNanos(AbstractQueuedSynchronizer.java:1763)&#10;        at java.base@21.0.8/java.util.concurrent.LinkedBlockingQueue.poll(LinkedBlockingQueue.java:460)&#10;        at app//org.apache.hadoop.ipc.CallQueueManager.take(CallQueueManager.java:370)&#10;        at app//org.apache.hadoop.ipc.Server$Handler.run(Server.java:3165)&#10;&quot;42a5f925-1bc2-4f8a-8509-c5ae65e6fcde-ChunkWriter-2-0&quot; daemon prio=5 tid=838 in Object.wait()&#10;java.lang.Thread.State: WAITING (on object monitor)&#10;        at java.base@21.0.8/jdk.internal.misc.Unsafe.park(Native Method)&#10;        at java.base@21.0.8/java.util.concurrent.locks.LockSupport.park(LockSupport.java:371)&#10;        at java.base@21.0.8/java.util.concurrent.locks.AbstractQueuedSynchronizer$ConditionNode.block(AbstractQueuedSynchronizer.java:519)&#10;        at java.base@21.0.8/java.util.concurrent.ForkJoinPool.unmanagedBlock(ForkJoinPool.java:3780)&#10;        at java.base@21.0.8/java.util.concurrent.ForkJoinPool.managedBlock(ForkJoinPool.java:3725)&#10;        at java.base@21.0.8/java.util.concurrent.locks.AbstractQueuedSynchronizer$ConditionObject.await(AbstractQueuedSynchronizer.java:1712)&#10;        at java.base@21.0.8/java.util.concurrent.LinkedBlockingDeque.takeFirst(LinkedBlockingDeque.java:485)&#10;        at java.base@21.0.8/java.util.concurrent.LinkedBlockingDeque.take(LinkedBlockingDeque.java:673)&#10;        at java.base@21.0.8/java.util.concurrent.ThreadPoolExecutor.getTask(ThreadPoolExecutor.java:1070)&#10;        at java.base@21.0.8/java.util.concurrent.ThreadPoolExecutor.runWorker(ThreadPoolExecutor.java:1130)&#10;        at java.base@21.0.8/java.util.concurrent.ThreadPoolExecutor$Worker.run(ThreadPoolExecutor.java:642)&#10;        at java.base@21.0.8/java.lang.Thread.runWith(Thread.java:1596)&#10;        at java.base@21.0.8/java.lang.Thread.run(Thread.java:1583)&#10;&quot;346684e1-b57f-4c29-9507-935dad45bd68-PeriodicHDDSVolumeChecker&quot; daemon prio=5 tid=983 timed_waiting&#10;java.lang.Thread.State: TIMED_WAITING&#10;        at java.base@21.0.8/jdk.internal.misc.Unsafe.park(Native Method)&#10;        at java.base@21.0.8/java.util.concurrent.locks.LockSupport.parkNanos(LockSupport.java:269)&#10;        at java.base@21.0.8/java.util.concurrent.locks.AbstractQueuedSynchronizer$ConditionObject.awaitNanos(AbstractQueuedSynchronizer.java:1763)&#10;        at java.base@21.0.8/java.util.concurrent.ScheduledThreadPoolExecutor$DelayedWorkQueue.take(ScheduledThreadPoolExecutor.java:1182)&#10;        at java.base@21.0.8/java.util.concurrent.ScheduledThreadPoolExecutor$DelayedWorkQueue.take(ScheduledThreadPoolExecutor.java:899)&#10;        at java.base@21.0.8/java.util.concurrent.ThreadPoolExecutor.getTask(ThreadPoolExecutor.java:1070)&#10;        at java.base@21.0.8/java.util.concurrent.ThreadPoolExecutor.runWorker(ThreadPoolExecutor.java:1130)&#10;        at java.base@21.0.8/java.util.concurrent.ThreadPoolExecutor$Worker.run(ThreadPoolExecutor.java:642)&#10;        at java.base@21.0.8/java.lang.Thread.runWith(Thread.java:1596)&#10;        at java.base@21.0.8/java.lang.Thread.run(Thread.java:1583)&#10;&quot;IPC Server handler 30 on default port 15003&quot; daemon prio=5 tid=251 timed_waiting&#10;java.lang.Thread.State: TIMED_WAITING&#10;        at java.base@21.0.8/jdk.internal.misc.Unsafe.park(Native Method)&#10;        at java.base@21.0.8/java.util.concurrent.locks.LockSupport.parkNanos(LockSupport.java:269)&#10;        at java.base@21.0.8/java.util.concurrent.locks.AbstractQueuedSynchronizer$ConditionObject.awaitNanos(AbstractQueuedSynchronizer.java:1763)&#10;        at java.base@21.0.8/java.util.concurrent.LinkedBlockingQueue.poll(LinkedBlockingQueue.java:460)&#10;        at app//org.apache.hadoop.ipc.CallQueueManager.take(CallQueueManager.java:370)&#10;        at app//org.apache.hadoop.ipc.Server$Handler.run(Server.java:3165)&#10;&quot;IPC Server handler 13 on default port 15004&quot; daemon prio=5 tid=352 timed_waiting&#10;java.lang.Thread.State: TIMED_WAITING&#10;        at java.base@21.0.8/jdk.internal.misc.Unsafe.park(Native Method)&#10;        at java.base@21.0.8/java.util.concurrent.locks.LockSupport.parkNanos(LockSupport.java:269)&#10;        at java.base@21.0.8/java.util.concurrent.locks.AbstractQueuedSynchronizer$ConditionObject.awaitNanos(AbstractQueuedSynchronizer.java:1763)&#10;        at java.base@21.0.8/java.util.concurrent.LinkedBlockingQueue.poll(LinkedBlockingQueue.java:460)&#10;        at app//org.apache.hadoop.ipc.CallQueueManager.take(CallQueueManager.java:370)&#10;        at app//org.apache.hadoop.ipc.Server$Handler.run(Server.java:3165)&#10;&quot;Socket Reader #1 for port 15037&quot; daemon prio=5 tid=867 runnable&#10;java.lang.Thread.State: RUNNABLE&#10;        at java.base@21.0.8/sun.nio.ch.EPoll.wait(Native Method)&#10;        at java.base@21.0.8/sun.nio.ch.EPollSelectorImpl.doSelect(EPollSelectorImpl.java:121)&#10;        at java.base@21.0.8/sun.nio.ch.SelectorImpl.lockAndDoSelect(SelectorImpl.java:130)&#10;        at java.base@21.0.8/sun.nio.ch.SelectorImpl.select(SelectorImpl.java:147)&#10;        at app//org.apache.hadoop.ipc.Server$Listener$Reader.doRunLoop(Server.java:1497)&#10;        at app//org.apache.hadoop.ipc.Server$Listener$Reader.run(Server.java:1476)&#10;&quot;Session-HouseKeeper-8a7ffc7-1&quot;  prio=5 tid=825 timed_waiting&#10;java.lang.Thread.State: TIMED_WAITING&#10;        at java.base@21.0.8/jdk.internal.misc.Unsafe.park(Native Method)&#10;        at java.base@21.0.8/java.util.concurrent.locks.LockSupport.parkNanos(LockSupport.java:269)&#10;        at java.base@21.0.8/java.util.concurrent.locks.AbstractQueuedSynchronizer$ConditionObject.awaitNanos(AbstractQueuedSynchronizer.java:1763)&#10;        at java.base@21.0.8/java.util.concurrent.ScheduledThreadPoolExecutor$DelayedWorkQueue.take(ScheduledThreadPoolExecutor.java:1182)&#10;        at java.base@21.0.8/java.util.concurrent.ScheduledThreadPoolExecutor$DelayedWorkQueue.take(ScheduledThreadPoolExecutor.java:899)&#10;        at java.base@21.0.8/java.util.concurrent.ThreadPoolExecutor.getTask(ThreadPoolExecutor.java:1070)&#10;        at java.base@21.0.8/java.util.concurrent.ThreadPoolExecutor.runWorker(ThreadPoolExecutor.java:1130)&#10;        at java.base@21.0.8/java.util.concurrent.ThreadPoolExecutor$Worker.run(ThreadPoolExecutor.java:642)&#10;        at java.base@21.0.8/java.lang.Thread.runWith(Thread.java:1596)&#10;        at java.base@21.0.8/java.lang.Thread.run(Thread.java:1583)&#10;&quot;om1@group-C5BA1605619E-SegmentedRaftLogWorker&quot; daemon prio=5 tid=464 timed_waiting&#10;java.lang.Thread.State: TIMED_WAITING&#10;        at java.base@21.0.8/jdk.internal.misc.Unsafe.park(Native Method)&#10;        at java.base@21.0.8/java.util.concurrent.locks.LockSupport.parkNanos(LockSupport.java:269)&#10;        at java.base@21.0.8/java.util.concurrent.locks.AbstractQueuedSynchronizer$ConditionObject.awaitNanos(AbstractQueuedSynchronizer.java:1763)&#10;        at app//org.apache.ratis.util.DataBlockingQueue.poll(DataBlockingQueue.java:148)&#10;        at app//org.apache.ratis.server.raftlog.segmented.SegmentedRaftLogWorker.run(SegmentedRaftLogWorker.java:309)&#10;        at app//org.apache.ratis.server.raftlog.segmented.SegmentedRaftLogWorker$$Lambda/0x00007f18e8394d50.run(Unknown Source)&#10;        at java.base@21.0.8/java.util.concurrent.Executors$RunnableAdapter.call(Executors.java:572)&#10;        at java.base@21.0.8/java.util.concurrent.FutureTask.run(FutureTask.java:317)&#10;        at java.base@21.0.8/java.util.concurrent.ThreadPoolExecutor.runWorker(ThreadPoolExecutor.java:1144)&#10;        at java.base@21.0.8/java.util.concurrent.ThreadPoolExecutor$Worker.run(ThreadPoolExecutor.java:642)&#10;        at java.base@21.0.8/java.lang.Thread.runWith(Thread.java:1596)&#10;        at java.base@21.0.8/java.lang.Thread.run(Thread.java:1583)&#10;&quot;timer3&quot; daemon prio=5 tid=1115 timed_waiting&#10;java.lang.Thread.State: TIMED_WAITING&#10;        at java.base@21.0.8/java.lang.Object.wait0(Native Method)&#10;        at java.base@21.0.8/java.lang.Object.wait(Object.java:366)&#10;        at java.base@21.0.8/java.util.TimerThread.mainLoop(Timer.java:563)&#10;        at java.base@21.0.8/java.util.TimerThread.run(Timer.java:516)&#10;&quot;derby.rawStoreDaemon&quot; daemon prio=5 tid=514 timed_waiting&#10;java.lang.Thread.State: TIMED_WAITING&#10;        at java.base@21.0.8/java.lang.Object.wait0(Native Method)&#10;        at java.base@21.0.8/java.lang.Object.wait(Object.java:366)&#10;        at app//org.apache.derby.impl.services.daemon.BasicDaemon.rest(Unknown Source)&#10;        at app//org.apache.derby.impl.services.daemon.BasicDaemon.run(Unknown Source)&#10;        at java.base@21.0.8/java.lang.Thread.runWith(Thread.java:1596)&#10;        at java.base@21.0.8/java.lang.Thread.run(Thread.java:1583)&#10;&quot;IPC Server handler 13 on default port 15003&quot; daemon prio=5 tid=234 timed_waiting&#10;java.lang.Thread.State: TIMED_WAITING&#10;        at java.base@21.0.8/jdk.internal.misc.Unsafe.park(Native Method)&#10;        at java.base@21.0.8/java.util.concurrent.locks.LockSupport.parkNanos(LockSupport.java:269)&#10;        at java.base@21.0.8/java.util.concurrent.locks.AbstractQueuedSynchronizer$ConditionObject.awaitNanos(AbstractQueuedSynchronizer.java:1763)&#10;        at java.base@21.0.8/java.util.concurrent.LinkedBlockingQueue.poll(LinkedBlockingQueue.java:460)&#10;        at app//org.apache.hadoop.ipc.CallQueueManager.take(CallQueueManager.java:370)&#10;        at app//org.apache.hadoop.ipc.Server$Handler.run(Server.java:3165)&#10;&quot;EventQueue-OpenPipelineForHealthyPipelineSafeModeRule&quot; daemon prio=5 tid=1037 in Object.wait()&#10;java.lang.Thread.State: WAITING (on object monitor)&#10;        at java.base@21.0.8/jdk.internal.misc.Unsafe.park(Native Method)&#10;        at java.base@21.0.8/java.util.concurrent.locks.LockSupport.park(LockSupport.java:371)&#10;        at java.base@21.0.8/java.util.concurrent.locks.AbstractQueuedSynchronizer$ConditionNode.block(AbstractQueuedSynchronizer.java:519)&#10;        at java.base@21.0.8/java.util.concurrent.ForkJoinPool.unmanagedBlock(ForkJoinPool.java:3780)&#10;        at java.base@21.0.8/java.util.concurrent.ForkJoinPool.managedBlock(ForkJoinPool.java:3725)&#10;        at java.base@21.0.8/java.util.concurrent.locks.AbstractQueuedSynchronizer$ConditionObject.await(AbstractQueuedSynchronizer.java:1712)&#10;        at java.base@21.0.8/java.util.concurrent.LinkedBlockingQueue.take(LinkedBlockingQueue.java:435)&#10;        at java.base@21.0.8/java.util.concurrent.ThreadPoolExecutor.getTask(ThreadPoolExecutor.java:1070)&#10;        at java.base@21.0.8/java.util.concurrent.ThreadPoolExecutor.runWorker(ThreadPoolExecutor.java:1130)&#10;        at java.base@21.0.8/java.util.concurrent.ThreadPoolExecutor$Worker.run(ThreadPoolExecutor.java:642)&#10;        at java.base@21.0.8/java.lang.Thread.runWith(Thread.java:1596)&#10;        at java.base@21.0.8/java.lang.Thread.run(Thread.java:1583)&#10;&quot;IPC Server handler 65 on default port 15001&quot; daemon prio=5 tid=623 timed_waiting&#10;java.lang.Thread.State: TIMED_WAITING&#10;        at java.base@21.0.8/jdk.internal.misc.Unsafe.park(Native Method)&#10;        at java.base@21.0.8/java.util.concurrent.locks.LockSupport.parkNanos(LockSupport.java:269)&#10;        at java.base@21.0.8/java.util.concurrent.locks.AbstractQueuedSynchronizer$ConditionObject.awaitNanos(AbstractQueuedSynchronizer.java:1763)&#10;        at java.base@21.0.8/java.util.concurrent.LinkedBlockingQueue.poll(LinkedBlockingQueue.java:460)&#10;        at app//org.apache.hadoop.ipc.CallQueueManager.take(CallQueueManager.java:370)&#10;        at app//org.apache.hadoop.ipc.Server$Handler.run(Server.java:3165)&#10;&quot;ContainerMetadataScanner&quot; daemon prio=5 tid=834 timed_waiting&#10;java.lang.Thread.State: TIMED_WAITING&#10;        at java.base@21.0.8/java.lang.Thread.sleep0(Native Method)&#10;        at java.base@21.0.8/java.lang.Thread.sleep(Thread.java:509)&#10;        at app//org.apache.hadoop.ozone.container.ozoneimpl.AbstractBackgroundContainerScanner.handleRemainingSleep(AbstractBackgroundContainerScanner.java:133)&#10;        at app//org.apache.hadoop.ozone.container.ozoneimpl.AbstractBackgroundContainerScanner.runIteration(AbstractBackgroundContainerScanner.java:100)&#10;        at app//org.apache.hadoop.ozone.container.ozoneimpl.AbstractBackgroundContainerScanner.run(AbstractBackgroundContainerScanner.java:59)&#10;        at java.base@21.0.8/java.lang.Thread.runWith(Thread.java:1596)&#10;        at java.base@21.0.8/java.lang.Thread.run(Thread.java:1583)&#10;&quot;SSL Certificates Store Monitor&quot; daemon prio=5 tid=1358 in Object.wait()&#10;java.lang.Thread.State: WAITING (on object monitor)&#10;        at java.base@21.0.8/java.lang.Object.wait0(Native Method)&#10;        at java.base@21.0.8/java.lang.Object.wait(Object.java:366)&#10;        at java.base@21.0.8/java.lang.Object.wait(Object.java:339)&#10;        at java.base@21.0.8/java.util.TimerThread.mainLoop(Timer.java:537)&#10;        at java.base@21.0.8/java.util.TimerThread.run(Timer.java:516)&#10;&quot;IPC Server handler 76 on default port 15001&quot; daemon prio=5 tid=634 timed_waiting&#10;java.lang.Thread.State: TIMED_WAITING&#10;        at java.base@21.0.8/jdk.internal.misc.Unsafe.park(Native Method)&#10;        at java.base@21.0.8/java.util.concurrent.locks.LockSupport.parkNanos(LockSupport.java:269)&#10;        at java.base@21.0.8/java.util.concurrent.locks.AbstractQueuedSynchronizer$ConditionObject.awaitNanos(AbstractQueuedSynchronizer.java:1763)&#10;        at java.base@21.0.8/java.util.concurrent.LinkedBlockingQueue.poll(LinkedBlockingQueue.java:460)&#10;        at app//org.apache.hadoop.ipc.CallQueueManager.take(CallQueueManager.java:370)&#10;        at app//org.apache.hadoop.ipc.Server$Handler.run(Server.java:3165)&#10;&quot;IPC Server handler 56 on default port 15002&quot; daemon prio=5 tid=177 timed_waiting&#10;java.lang.Thread.State: TIMED_WAITING&#10;        at java.base@21.0.8/jdk.internal.misc.Unsafe.park(Native Method)&#10;        at java.base@21.0.8/java.util.concurrent.locks.LockSupport.parkNanos(LockSupport.java:269)&#10;        at java.base@21.0.8/java.util.concurrent.locks.AbstractQueuedSynchronizer$ConditionObject.awaitNanos(AbstractQueuedSynchronizer.java:1763)&#10;        at java.base@21.0.8/java.util.concurrent.LinkedBlockingQueue.poll(LinkedBlockingQueue.java:460)&#10;        at app//org.apache.hadoop.ipc.CallQueueManager.take(CallQueueManager.java:370)&#10;        at app//org.apache.hadoop.ipc.Server$Handler.run(Server.java:3165)&#10;&quot;IPC Server handler 97 on default port 15004&quot; daemon prio=5 tid=436 timed_waiting&#10;java.lang.Thread.State: TIMED_WAITING&#10;        at java.base@21.0.8/jdk.internal.misc.Unsafe.park(Native Method)&#10;        at java.base@21.0.8/java.util.concurrent.locks.LockSupport.parkNanos(LockSupport.java:269)&#10;        at java.base@21.0.8/java.util.concurrent.locks.AbstractQueuedSynchronizer$ConditionObject.awaitNanos(AbstractQueuedSynchronizer.java:1763)&#10;        at java.base@21.0.8/java.util.concurrent.LinkedBlockingQueue.poll(LinkedBlockingQueue.java:460)&#10;        at app//org.apache.hadoop.ipc.CallQueueManager.take(CallQueueManager.java:370)&#10;        at app//org.apache.hadoop.ipc.Server$Handler.run(Server.java:3165)&#10;&quot;IPC Server handler 37 on default port 15004&quot; daemon prio=5 tid=376 timed_waiting&#10;java.lang.Thread.State: TIMED_WAITING&#10;        at java.base@21.0.8/jdk.internal.misc.Unsafe.park(Native Method)&#10;        at java.base@21.0.8/java.util.concurrent.locks.LockSupport.parkNanos(LockSupport.java:269)&#10;        at java.base@21.0.8/java.util.concurrent.locks.AbstractQueuedSynchronizer$ConditionObject.awaitNanos(AbstractQueuedSynchronizer.java:1763)&#10;        at java.base@21.0.8/java.util.concurrent.LinkedBlockingQueue.poll(LinkedBlockingQueue.java:460)&#10;        at app//org.apache.hadoop.ipc.CallQueueManager.take(CallQueueManager.java:370)&#10;        at app//org.apache.hadoop.ipc.Server$Handler.run(Server.java:3165)&#10;&quot;Recon-SyncSCMContainerInfo-0&quot;  prio=5 tid=557 timed_waiting&#10;java.lang.Thread.State: TIMED_WAITING&#10;        at java.base@21.0.8/jdk.internal.misc.Unsafe.park(Native Method)&#10;        at java.base@21.0.8/java.util.concurrent.locks.LockSupport.parkNanos(LockSupport.java:269)&#10;        at java.base@21.0.8/java.util.concurrent.locks.AbstractQueuedSynchronizer$ConditionObject.awaitNanos(AbstractQueuedSynchronizer.java:1763)&#10;        at java.base@21.0.8/java.util.concurrent.ScheduledThreadPoolExecutor$DelayedWorkQueue.take(ScheduledThreadPoolExecutor.java:1182)&#10;        at java.base@21.0.8/java.util.concurrent.ScheduledThreadPoolExecutor$DelayedWorkQueue.take(ScheduledThreadPoolExecutor.java:899)&#10;        at java.base@21.0.8/java.util.concurrent.ThreadPoolExecutor.getTask(ThreadPoolExecutor.java:1070)&#10;        at java.base@21.0.8/java.util.concurrent.ThreadPoolExecutor.runWorker(ThreadPoolExecutor.java:1130)&#10;        at java.base@21.0.8/java.util.concurrent.ThreadPoolExecutor$Worker.run(ThreadPoolExecutor.java:642)&#10;        at java.base@21.0.8/java.lang.Thread.runWith(Thread.java:1596)&#10;        at java.base@21.0.8/java.lang.Thread.run(Thread.java:1583)&#10;&quot;Reference Handler&quot; daemon prio=10 tid=9 runnable&#10;java.lang.Thread.State: RUNNABLE&#10;        at java.base@21.0.8/java.lang.ref.Reference.waitForReferencePendingList(Native Method)&#10;        at java.base@21.0.8/java.lang.ref.Reference.processPendingReferences(Reference.java:246)&#10;        at java.base@21.0.8/java.lang.ref.Reference$ReferenceHandler.run(Reference.java:208)&#10;&quot;IPC Server handler 3 on default port 15001&quot; daemon prio=5 tid=561 timed_waiting&#10;java.lang.Thread.State: TIMED_WAITING&#10;        at java.base@21.0.8/jdk.internal.misc.Unsafe.park(Native Method)&#10;        at java.base@21.0.8/java.util.concurrent.locks.LockSupport.parkNanos(LockSupport.java:269)&#10;        at java.base@21.0.8/java.util.concurrent.locks.AbstractQueuedSynchronizer$ConditionObject.awaitNanos(AbstractQueuedSynchronizer.java:1763)&#10;        at java.base@21.0.8/java.util.concurrent.LinkedBlockingQueue.poll(LinkedBlockingQueue.java:460)&#10;        at app//org.apache.hadoop.ipc.CallQueueManager.take(CallQueueManager.java:370)&#10;        at app//org.apache.hadoop.ipc.Server$Handler.run(Server.java:3165)&#10;&quot;IPC Server handler 99 on default port 15004&quot; daemon prio=5 tid=438 timed_waiting&#10;java.lang.Thread.State: TIMED_WAITING&#10;        at java.base@21.0.8/jdk.internal.misc.Unsafe.park(Native Method)&#10;        at java.base@21.0.8/java.util.concurrent.locks.LockSupport.parkNanos(LockSupport.java:269)&#10;        at java.base@21.0.8/java.util.concurrent.locks.AbstractQueuedSynchronizer$ConditionObject.awaitNanos(AbstractQueuedSynchronizer.java:1763)&#10;        at java.base@21.0.8/java.util.concurrent.LinkedBlockingQueue.poll(LinkedBlockingQueue.java:460)&#10;        at app//org.apache.hadoop.ipc.CallQueueManager.take(CallQueueManager.java:370)&#10;        at app//org.apache.hadoop.ipc.Server$Handler.run(Server.java:3165)&#10;&quot;DatanodeAdminManager-0&quot; daemon prio=5 tid=61 timed_waiting&#10;java.lang.Thread.State: TIMED_WAITING&#10;        at java.base@21.0.8/jdk.internal.misc.Unsafe.park(Native Method)&#10;        at java.base@21.0.8/java.util.concurrent.locks.LockSupport.parkNanos(LockSupport.java:269)&#10;        at java.base@21.0.8/java.util.concurrent.locks.AbstractQueuedSynchronizer$ConditionObject.awaitNanos(AbstractQueuedSynchronizer.java:1763)&#10;        at java.base@21.0.8/java.util.concurrent.ScheduledThreadPoolExecutor$DelayedWorkQueue.take(ScheduledThreadPoolExecutor.java:1182)&#10;        at java.base@21.0.8/java.util.concurrent.ScheduledThreadPoolExecutor$DelayedWorkQueue.take(ScheduledThreadPoolExecutor.java:899)&#10;        at java.base@21.0.8/java.util.concurrent.ThreadPoolExecutor.getTask(ThreadPoolExecutor.java:1070)&#10;        at java.base@21.0.8/java.util.concurrent.ThreadPoolExecutor.runWorker(ThreadPoolExecutor.java:1130)&#10;        at java.base@21.0.8/java.util.concurrent.ThreadPoolExecutor$Worker.run(ThreadPoolExecutor.java:642)&#10;        at java.base@21.0.8/java.lang.Thread.runWith(Thread.java:1596)&#10;        at java.base@21.0.8/java.lang.Thread.run(Thread.java:1583)&#10;&quot;FixedThreadPoolWithAffinityExecutor-2-0&quot; daemon prio=5 tid=106 timed_waiting&#10;java.lang.Thread.State: TIMED_WAITING&#10;        at java.base@21.0.8/jdk.internal.misc.Unsafe.park(Native Method)&#10;        at java.base@21.0.8/java.util.concurrent.locks.LockSupport.parkNanos(LockSupport.java:269)&#10;        at java.base@21.0.8/java.util.concurrent.locks.AbstractQueuedSynchronizer$ConditionObject.awaitNanos(AbstractQueuedSynchronizer.java:1763)&#10;        at java.base@21.0.8/java.util.concurrent.LinkedBlockingQueue.poll(LinkedBlockingQueue.java:460)&#10;        at app//org.apache.hadoop.hdds.scm.server.ContainerReportQueue.poll(ContainerReportQueue.java:269)&#10;        at app//org.apache.hadoop.hdds.scm.server.ContainerReportQueue.poll(ContainerReportQueue.java:42)&#10;        at app//org.apache.hadoop.hdds.server.events.FixedThreadPoolWithAffinityExecutor$ContainerReportProcessTask.run(FixedThreadPoolWithAffinityExecutor.java:228)&#10;        at java.base@21.0.8/java.util.concurrent.Executors$RunnableAdapter.call(Executors.java:572)&#10;        at java.base@21.0.8/java.util.concurrent.FutureTask.run(FutureTask.java:317)&#10;        at java.base@21.0.8/java.util.concurrent.ThreadPoolExecutor.runWorker(ThreadPoolExecutor.java:1144)&#10;        at java.base@21.0.8/java.util.concurrent.ThreadPoolExecutor$Worker.run(ThreadPoolExecutor.java:642)&#10;        at java.base@21.0.8/java.lang.Thread.runWith(Thread.java:1596)&#10;        at java.base@21.0.8/java.lang.Thread.run(Thread.java:1583)&#10;&quot;IPC Server handler 25 on default port 15003&quot; daemon prio=5 tid=246 timed_waiting&#10;java.lang.Thread.State: TIMED_WAITING&#10;        at java.base@21.0.8/jdk.internal.misc.Unsafe.park(Native Method)&#10;        at java.base@21.0.8/java.util.concurrent.locks.LockSupport.parkNanos(LockSupport.java:269)&#10;        at java.base@21.0.8/java.util.concurrent.locks.AbstractQueuedSynchronizer$ConditionObject.awaitNanos(AbstractQueuedSynchronizer.java:1763)&#10;        at java.base@21.0.8/java.util.concurrent.LinkedBlockingQueue.poll(LinkedBlockingQueue.java:460)&#10;        at app//org.apache.hadoop.ipc.CallQueueManager.take(CallQueueManager.java:370)&#10;        at app//org.apache.hadoop.ipc.Server$Handler.run(Server.java:3165)&#10;&quot;IPC Server handler 8 on default port 15001&quot; daemon prio=5 tid=566 timed_waiting&#10;java.lang.Thread.State: TIMED_WAITING&#10;        at java.base@21.0.8/jdk.internal.misc.Unsafe.park(Native Method)&#10;        at java.base@21.0.8/java.util.concurrent.locks.LockSupport.parkNanos(LockSupport.java:269)&#10;        at java.base@21.0.8/java.util.concurrent.locks.AbstractQueuedSynchronizer$ConditionObject.awaitNanos(AbstractQueuedSynchronizer.java:1763)&#10;        at java.base@21.0.8/java.util.concurrent.LinkedBlockingQueue.poll(LinkedBlockingQueue.java:460)&#10;        at app//org.apache.hadoop.ipc.CallQueueManager.take(CallQueueManager.java:370)&#10;        at app//org.apache.hadoop.ipc.Server$Handler.run(Server.java:3165)&#10;&quot;IPC Server handler 70 on default port 15003&quot; daemon prio=5 tid=291 timed_waiting&#10;java.lang.Thread.State: TIMED_WAITING&#10;        at java.base@21.0.8/jdk.internal.misc.Unsafe.park(Native Method)&#10;        at java.base@21.0.8/java.util.concurrent.locks.LockSupport.parkNanos(LockSupport.java:269)&#10;        at java.base@21.0.8/java.util.concurrent.locks.AbstractQueuedSynchronizer$ConditionObject.awaitNanos(AbstractQueuedSynchronizer.java:1763)&#10;        at java.base@21.0.8/java.util.concurrent.LinkedBlockingQueue.poll(LinkedBlockingQueue.java:460)&#10;        at app//org.apache.hadoop.ipc.CallQueueManager.take(CallQueueManager.java:370)&#10;        at app//org.apache.hadoop.ipc.Server$Handler.run(Server.java:3165)&#10;&quot;IPC Server handler 87 on default port 15003&quot; daemon prio=5 tid=308 timed_waiting&#10;java.lang.Thread.State: TIMED_WAITING&#10;        at java.base@21.0.8/jdk.internal.misc.Unsafe.park(Native Method)&#10;        at java.base@21.0.8/java.util.concurrent.locks.LockSupport.parkNanos(LockSupport.java:269)&#10;        at java.base@21.0.8/java.util.concurrent.locks.AbstractQueuedSynchronizer$ConditionObject.awaitNanos(AbstractQueuedSynchronizer.java:1763)&#10;        at java.base@21.0.8/java.util.concurrent.LinkedBlockingQueue.poll(LinkedBlockingQueue.java:460)&#10;        at app//org.apache.hadoop.ipc.CallQueueManager.take(CallQueueManager.java:370)&#10;        at app//org.apache.hadoop.ipc.Server$Handler.run(Server.java:3165)&#10;&quot;IPC Server handler 84 on default port 15001&quot; daemon prio=5 tid=642 timed_waiting&#10;java.lang.Thread.State: TIMED_WAITING&#10;        at java.base@21.0.8/jdk.internal.misc.Unsafe.park(Native Method)&#10;        at java.base@21.0.8/java.util.concurrent.locks.LockSupport.parkNanos(LockSupport.java:269)&#10;        at java.base@21.0.8/java.util.concurrent.locks.AbstractQueuedSynchronizer$ConditionObject.awaitNanos(AbstractQueuedSynchronizer.java:1763)&#10;        at java.base@21.0.8/java.util.concurrent.LinkedBlockingQueue.poll(LinkedBlockingQueue.java:460)&#10;        at app//org.apache.hadoop.ipc.CallQueueManager.take(CallQueueManager.java:370)&#10;        at app//org.apache.hadoop.ipc.Server$Handler.run(Server.java:3165)&#10;&quot;ContainerDataScanner(/home/runner/work/ozone/ozone/hadoop-ozone/integration-test-recon/target/test-dir/MiniOzoneClusterImpl-e405f726-f354-48a5-b90a-334fe627f997/ozone-metadata/datanode-1/data-0/hdds)&quot; daemon prio=5 tid=835 timed_waiting&#10;java.lang.Thread.State: TIMED_WAITING&#10;        at java.base@21.0.8/java.lang.Thread.sleep0(Native Method)&#10;        at java.base@21.0.8/java.lang.Thread.sleep(Thread.java:509)&#10;        at app//org.apache.hadoop.ozone.container.ozoneimpl.AbstractBackgroundContainerScanner.handleRemainingSleep(AbstractBackgroundContainerScanner.java:133)&#10;        at app//org.apache.hadoop.ozone.container.ozoneimpl.AbstractBackgroundContainerScanner.runIteration(AbstractBackgroundContainerScanner.java:100)&#10;        at app//org.apache.hadoop.ozone.container.ozoneimpl.AbstractBackgroundContainerScanner.run(AbstractBackgroundContainerScanner.java:59)&#10;        at java.base@21.0.8/java.lang.Thread.runWith(Thread.java:1596)&#10;        at java.base@21.0.8/java.lang.Thread.run(Thread.java:1583)&#10;&quot;IPC Server handler 86 on default port 15003&quot; daemon prio=5 tid=307 timed_waiting&#10;java.lang.Thread.State: TIMED_WAITING&#10;        at java.base@21.0.8/jdk.internal.misc.Unsafe.park(Native Method)&#10;        at java.base@21.0.8/java.util.concurrent.locks.LockSupport.parkNanos(LockSupport.java:269)&#10;        at java.base@21.0.8/java.util.concurrent.locks.AbstractQueuedSynchronizer$ConditionObject.awaitNanos(AbstractQueuedSynchronizer.java:1763)&#10;        at java.base@21.0.8/java.util.concurrent.LinkedBlockingQueue.poll(LinkedBlockingQueue.java:460)&#10;        at app//org.apache.hadoop.ipc.CallQueueManager.take(CallQueueManager.java:370)&#10;        at app//org.apache.hadoop.ipc.Server$Handler.run(Server.java:3165)&#10;&quot;om1-KeyDeletingService#3&quot; daemon prio=5 tid=1361 in Object.wait()&#10;java.lang.Thread.State: WAITING (on object monitor)&#10;        at java.base@21.0.8/jdk.internal.misc.Unsafe.park(Native Method)&#10;        at java.base@21.0.8/java.util.concurrent.locks.LockSupport.park(LockSupport.java:371)&#10;        at java.base@21.0.8/java.util.concurrent.locks.AbstractQueuedSynchronizer$ConditionNode.block(AbstractQueuedSynchronizer.java:519)&#10;        at java.base@21.0.8/java.util.concurrent.ForkJoinPool.unmanagedBlock(ForkJoinPool.java:3780)&#10;        at java.base@21.0.8/java.util.concurrent.ForkJoinPool.managedBlock(ForkJoinPool.java:3725)&#10;        at java.base@21.0.8/java.util.concurrent.locks.AbstractQueuedSynchronizer$ConditionObject.await(AbstractQueuedSynchronizer.java:1712)&#10;        at java.base@21.0.8/java.util.concurrent.ScheduledThreadPoolExecutor$DelayedWorkQueue.take(ScheduledThreadPoolExecutor.java:1177)&#10;        at java.base@21.0.8/java.util.concurrent.ScheduledThreadPoolExecutor$DelayedWorkQueue.take(ScheduledThreadPoolExecutor.java:899)&#10;        at java.base@21.0.8/java.util.concurrent.ThreadPoolExecutor.getTask(ThreadPoolExecutor.java:1070)&#10;        at java.base@21.0.8/java.util.concurrent.ThreadPoolExecutor.runWorker(ThreadPoolExecutor.java:1130)&#10;        at java.base@21.0.8/java.util.concurrent.ThreadPoolExecutor$Worker.run(ThreadPoolExecutor.java:642)&#10;        at java.base@21.0.8/java.lang.Thread.runWith(Thread.java:1596)&#10;        at java.base@21.0.8/java.lang.Thread.run(Thread.java:1583)&#10;&quot;SCMHeartbeatProcessor-0&quot; daemon prio=5 tid=54 timed_waiting&#10;java.lang.Thread.State: TIMED_WAITING&#10;        at java.base@21.0.8/jdk.internal.misc.Unsafe.park(Native Method)&#10;        at java.base@21.0.8/java.util.concurrent.locks.LockSupport.parkNanos(LockSupport.java:269)&#10;        at java.base@21.0.8/java.util.concurrent.locks.AbstractQueuedSynchronizer$ConditionObject.awaitNanos(AbstractQueuedSynchronizer.java:1763)&#10;        at java.base@21.0.8/java.util.concurrent.ScheduledThreadPoolExecutor$DelayedWorkQueue.take(ScheduledThreadPoolExecutor.java:1182)&#10;        at java.base@21.0.8/java.util.concurrent.ScheduledThreadPoolExecutor$DelayedWorkQueue.take(ScheduledThreadPoolExecutor.java:899)&#10;        at java.base@21.0.8/java.util.concurrent.ThreadPoolExecutor.getTask(ThreadPoolExecutor.java:1070)&#10;        at java.base@21.0.8/java.util.concurrent.ThreadPoolExecutor.runWorker(ThreadPoolExecutor.java:1130)&#10;        at java.base@21.0.8/java.util.concurrent.ThreadPoolExecutor$Worker.run(ThreadPoolExecutor.java:642)&#10;        at java.base@21.0.8/java.lang.Thread.runWith(Thread.java:1596)&#10;        at java.base@21.0.8/java.lang.Thread.run(Thread.java:1583)&#10;&quot;IPC Server handler 32 on default port 15003&quot; daemon prio=5 tid=253 timed_waiting&#10;java.lang.Thread.State: TIMED_WAITING&#10;        at java.base@21.0.8/jdk.internal.misc.Unsafe.park(Native Method)&#10;        at java.base@21.0.8/java.util.concurrent.locks.LockSupport.parkNanos(LockSupport.java:269)&#10;        at java.base@21.0.8/java.util.concurrent.locks.AbstractQueuedSynchronizer$ConditionObject.awaitNanos(AbstractQueuedSynchronizer.java:1763)&#10;        at java.base@21.0.8/java.util.concurrent.LinkedBlockingQueue.poll(LinkedBlockingQueue.java:460)&#10;        at app//org.apache.hadoop.ipc.CallQueueManager.take(CallQueueManager.java:370)&#10;        at app//org.apache.hadoop.ipc.Server$Handler.run(Server.java:3165)&#10;&quot;IPC Server handler 36 on default port 15003&quot; daemon prio=5 tid=257 timed_waiting&#10;java.lang.Thread.State: TIMED_WAITING&#10;        at java.base@21.0.8/jdk.internal.misc.Unsafe.park(Native Method)&#10;        at java.base@21.0.8/java.util.concurrent.locks.LockSupport.parkNanos(LockSupport.java:269)&#10;        at java.base@21.0.8/java.util.concurrent.locks.AbstractQueuedSynchronizer$ConditionObject.awaitNanos(AbstractQueuedSynchronizer.java:1763)&#10;        at java.base@21.0.8/java.util.concurrent.LinkedBlockingQueue.poll(LinkedBlockingQueue.java:460)&#10;        at app//org.apache.hadoop.ipc.CallQueueManager.take(CallQueueManager.java:370)&#10;        at app//org.apache.hadoop.ipc.Server$Handler.run(Server.java:3165)&#10;&quot;IPC Server handler 45 on default port 15004&quot; daemon prio=5 tid=384 timed_waiting&#10;java.lang.Thread.State: TIMED_WAITING&#10;        at java.base@21.0.8/jdk.internal.misc.Unsafe.park(Native Method)&#10;        at java.base@21.0.8/java.util.concurrent.locks.LockSupport.parkNanos(LockSupport.java:269)&#10;        at java.base@21.0.8/java.util.concurrent.locks.AbstractQueuedSynchronizer$ConditionObject.awaitNanos(AbstractQueuedSynchronizer.java:1763)&#10;        at java.base@21.0.8/java.util.concurrent.LinkedBlockingQueue.poll(LinkedBlockingQueue.java:460)&#10;        at app//org.apache.hadoop.ipc.CallQueueManager.take(CallQueueManager.java:370)&#10;        at app//org.apache.hadoop.ipc.Server$Handler.run(Server.java:3165)&#10;&quot;0ed0910f-4ac9-4f62-be34-d90c51a3e6c9-groupManagement&quot;  prio=5 tid=1087 in Object.wait()&#10;java.lang.Thread.State: WAITING (on object monitor)&#10;        at java.base@21.0.8/jdk.internal.misc.Unsafe.park(Native Method)&#10;        at java.base@21.0.8/java.util.concurrent.locks.LockSupport.park(LockSupport.java:371)&#10;        at java.base@21.0.8/java.util.concurrent.locks.AbstractQueuedSynchronizer$ConditionNode.block(AbstractQueuedSynchronizer.java:519)&#10;        at java.base@21.0.8/java.util.concurrent.ForkJoinPool.unmanagedBlock(ForkJoinPool.java:3780)&#10;        at java.base@21.0.8/java.util.concurrent.ForkJoinPool.managedBlock(ForkJoinPool.java:3725)&#10;        at java.base@21.0.8/java.util.concurrent.locks.AbstractQueuedSynchronizer$ConditionObject.await(AbstractQueuedSynchronizer.java:1712)&#10;        at java.base@21.0.8/java.util.concurrent.LinkedBlockingQueue.take(LinkedBlockingQueue.java:435)&#10;        at java.base@21.0.8/java.util.concurrent.ThreadPoolExecutor.getTask(ThreadPoolExecutor.java:1070)&#10;        at java.base@21.0.8/java.util.concurrent.ThreadPoolExecutor.runWorker(ThreadPoolExecutor.java:1130)&#10;        at java.base@21.0.8/java.util.concurrent.ThreadPoolExecutor$Worker.run(ThreadPoolExecutor.java:642)&#10;        at java.base@21.0.8/java.lang.Thread.runWith(Thread.java:1596)&#10;        at java.base@21.0.8/java.lang.Thread.run(Thread.java:1583)&#10;&quot;IPC Client (1164532897) connection to localhost/127.0.0.1:15008 from runner&quot; daemon prio=5 tid=1154 timed_waiting&#10;java.lang.Thread.State: TIMED_WAITING&#10;        at java.base@21.0.8/java.lang.Object.wait0(Native Method)&#10;        at java.base@21.0.8/java.lang.Object.wait(Object.java:366)&#10;        at app//org.apache.hadoop.ipc.Client$Connection.waitForWork(Client.java:1042)&#10;        at app//org.apache.hadoop.ipc.Client$Connection.run(Client.java:1093)&#10;&quot;IPC Server handler 80 on default port 15003&quot; daemon prio=5 tid=301 timed_waiting&#10;java.lang.Thread.State: TIMED_WAITING&#10;        at java.base@21.0.8/jdk.internal.misc.Unsafe.park(Native Method)&#10;        at java.base@21.0.8/java.util.concurrent.locks.LockSupport.parkNanos(LockSupport.java:269)&#10;        at java.base@21.0.8/java.util.concurrent.locks.AbstractQueuedSynchronizer$ConditionObject.awaitNanos(AbstractQueuedSynchronizer.java:1763)&#10;        at java.base@21.0.8/java.util.concurrent.LinkedBlockingQueue.poll(LinkedBlockingQueue.java:460)&#10;        at app//org.apache.hadoop.ipc.CallQueueManager.take(CallQueueManager.java:370)&#10;        at app//org.apache.hadoop.ipc.Server$Handler.run(Server.java:3165)&#10;&quot;42a5f925-1bc2-4f8a-8509-c5ae65e6fcde-NettyServerStreamRpc-bossGroup--thread1&quot; daemon prio=5 tid=668 runnable&#10;java.lang.Thread.State: RUNNABLE&#10;        at app//org.apache.ratis.thirdparty.io.netty.channel.epoll.Native.epollWait(Native Method)&#10;        at app//org.apache.ratis.thirdparty.io.netty.channel.epoll.Native.epollWait(Native.java:220)&#10;        at app//org.apache.ratis.thirdparty.io.netty.channel.epoll.Native.epollWait(Native.java:213)&#10;        at app//org.apache.ratis.thirdparty.io.netty.channel.epoll.EpollEventLoop.epollWaitNoTimerChange(EpollEventLoop.java:308)&#10;        at app//org.apache.ratis.thirdparty.io.netty.channel.epoll.EpollEventLoop.run(EpollEventLoop.java:365)&#10;        at app//org.apache.ratis.thirdparty.io.netty.util.concurrent.SingleThreadEventExecutor$4.run(SingleThreadEventExecutor.java:998)&#10;        at app//org.apache.ratis.thirdparty.io.netty.util.internal.ThreadExecutorMap$2.run(ThreadExecutorMap.java:74)&#10;        at java.base@21.0.8/java.lang.Thread.runWith(Thread.java:1596)&#10;        at java.base@21.0.8/java.lang.Thread.run(Thread.java:1583)&#10;&quot;IPC Server handler 1 on default port 15013&quot; daemon prio=5 tid=696 timed_waiting&#10;java.lang.Thread.State: TIMED_WAITING&#10;        at java.base@21.0.8/jdk.internal.misc.Unsafe.park(Native Method)&#10;        at java.base@21.0.8/java.util.concurrent.locks.LockSupport.parkNanos(LockSupport.java:269)&#10;        at java.base@21.0.8/java.util.concurrent.locks.AbstractQueuedSynchronizer$ConditionObject.awaitNanos(AbstractQueuedSynchronizer.java:1763)&#10;        at java.base@21.0.8/java.util.concurrent.LinkedBlockingQueue.poll(LinkedBlockingQueue.java:460)&#10;        at app//org.apache.hadoop.ipc.CallQueueManager.take(CallQueueManager.java:370)&#10;        at app//org.apache.hadoop.ipc.Server$Handler.run(Server.java:3165)&#10;&quot;grpc-default-worker-ELG-3-1&quot; daemon prio=5 tid=1042 runnable&#10;java.lang.Thread.State: RUNNABLE&#10;        at app//org.apache.ratis.thirdparty.io.netty.channel.epoll.Native.epollWait0(Native Method)&#10;        at app//org.apache.ratis.thirdparty.io.netty.channel.epoll.Native.epollWait(Native.java:193)&#10;        at app//org.apache.ratis.thirdparty.io.netty.channel.epoll.EpollEventLoop.epollWait(EpollEventLoop.java:304)&#10;        at app//org.apache.ratis.thirdparty.io.netty.channel.epoll.EpollEventLoop.run(EpollEventLoop.java:368)&#10;        at app//org.apache.ratis.thirdparty.io.netty.util.concurrent.SingleThreadEventExecutor$4.run(SingleThreadEventExecutor.java:998)&#10;        at app//org.apache.ratis.thirdparty.io.netty.util.internal.ThreadExecutorMap$2.run(ThreadExecutorMap.java:74)&#10;        at app//org.apache.ratis.thirdparty.io.netty.util.concurrent.FastThreadLocalRunnable.run(FastThreadLocalRunnable.java:30)&#10;        at java.base@21.0.8/java.lang.Thread.runWith(Thread.java:1596)&#10;        at java.base@21.0.8/java.lang.Thread.run(Thread.java:1583)&#10;&quot;Socket Reader #1 for port 15021&quot; daemon prio=5 tid=728 runnable&#10;java.lang.Thread.State: RUNNABLE&#10;        at java.base@21.0.8/sun.nio.ch.EPoll.wait(Native Method)&#10;        at java.base@21.0.8/sun.nio.ch.EPollSelectorImpl.doSelect(EPollSelectorImpl.java:121)&#10;        at java.base@21.0.8/sun.nio.ch.SelectorImpl.lockAndDoSelect(SelectorImpl.java:130)&#10;        at java.base@21.0.8/sun.nio.ch.SelectorImpl.select(SelectorImpl.java:147)&#10;        at app//org.apache.hadoop.ipc.Server$Listener$Reader.doRunLoop(Server.java:1497)&#10;        at app//org.apache.hadoop.ipc.Server$Listener$Reader.run(Server.java:1476)&#10;&quot;BackgroundPipelineScrubber&quot; daemon prio=5 tid=56 timed_waiting&#10;java.lang.Thread.State: TIMED_WAITING&#10;        at java.base@21.0.8/java.lang.Object.wait0(Native Method)&#10;        at java.base@21.0.8/java.lang.Object.wait(Object.java:366)&#10;        at app//org.apache.hadoop.hdds.scm.ha.BackgroundSCMService.run(BackgroundSCMService.java:106)&#10;        at app//org.apache.hadoop.hdds.scm.ha.BackgroundSCMService$$Lambda/0x00007f18e85056a8.run(Unknown Source)&#10;        at java.base@21.0.8/java.lang.Thread.runWith(Thread.java:1596)&#10;        at java.base@21.0.8/java.lang.Thread.run(Thread.java:1583)&#10;&quot;IPC Server handler 32 on default port 15002&quot; daemon prio=5 tid=153 timed_waiting&#10;java.lang.Thread.State: TIMED_WAITING&#10;        at java.base@21.0.8/jdk.internal.misc.Unsafe.park(Native Method)&#10;        at java.base@21.0.8/java.util.concurrent.locks.LockSupport.parkNanos(LockSupport.java:269)&#10;        at java.base@21.0.8/java.util.concurrent.locks.AbstractQueuedSynchronizer$ConditionObject.awaitNanos(AbstractQueuedSynchronizer.java:1763)&#10;        at java.base@21.0.8/java.util.concurrent.LinkedBlockingQueue.poll(LinkedBlockingQueue.java:460)&#10;        at app//org.apache.hadoop.ipc.CallQueueManager.take(CallQueueManager.java:370)&#10;        at app//org.apache.hadoop.ipc.Server$Handler.run(Server.java:3165)&#10;&quot;OverReplicatedProcessor&quot; daemon prio=5 tid=60 timed_waiting&#10;java.lang.Thread.State: TIMED_WAITING&#10;        at java.base@21.0.8/java.lang.Object.wait0(Native Method)&#10;        at java.base@21.0.8/java.lang.Object.wait(Object.java:366)&#10;        at app//org.apache.hadoop.hdds.scm.container.replication.UnhealthyReplicationProcessor.run(UnhealthyReplicationProcessor.java:172)&#10;        at java.base@21.0.8/java.lang.Thread.runWith(Thread.java:1596)&#10;        at java.base@21.0.8/java.lang.Thread.run(Thread.java:1583)&#10;&quot;IPC Server handler 19 on default port 15002&quot; daemon prio=5 tid=140 timed_waiting&#10;java.lang.Thread.State: TIMED_WAITING&#10;        at java.base@21.0.8/jdk.internal.misc.Unsafe.park(Native Method)&#10;        at java.base@21.0.8/java.util.concurrent.locks.LockSupport.parkNanos(LockSupport.java:269)&#10;        at java.base@21.0.8/java.util.concurrent.locks.AbstractQueuedSynchronizer$ConditionObject.awaitNanos(AbstractQueuedSynchronizer.java:1763)&#10;        at java.base@21.0.8/java.util.concurrent.LinkedBlockingQueue.poll(LinkedBlockingQueue.java:460)&#10;        at app//org.apache.hadoop.ipc.CallQueueManager.take(CallQueueManager.java:370)&#10;        at app//org.apache.hadoop.ipc.Server$Handler.run(Server.java:3165)&#10;&quot;346684e1-b57f-4c29-9507-935dad45bd68-ChunkReader-ELG-0&quot; daemon prio=5 tid=998 runnable&#10;java.lang.Thread.State: RUNNABLE&#10;        at app//org.apache.ratis.thirdparty.io.netty.channel.epoll.Native.epollWait(Native Method)&#10;        at app//org.apache.ratis.thirdparty.io.netty.channel.epoll.Native.epollWait(Native.java:220)&#10;        at app//org.apache.ratis.thirdparty.io.netty.channel.epoll.Native.epollWait(Native.java:213)&#10;        at app//org.apache.ratis.thirdparty.io.netty.channel.epoll.EpollEventLoop.epollWaitNoTimerChange(EpollEventLoop.java:308)&#10;        at app//org.apache.ratis.thirdparty.io.netty.channel.epoll.EpollEventLoop.run(EpollEventLoop.java:365)&#10;        at app//org.apache.ratis.thirdparty.io.netty.util.concurrent.SingleThreadEventExecutor$4.run(SingleThreadEventExecutor.java:998)&#10;        at app//org.apache.ratis.thirdparty.io.netty.util.internal.ThreadExecutorMap$2.run(ThreadExecutorMap.java:74)&#10;        at java.base@21.0.8/java.lang.Thread.runWith(Thread.java:1596)&#10;        at java.base@21.0.8/java.lang.Thread.run(Thread.java:1583)&#10;&quot;42a5f925-1bc2-4f8a-8509-c5ae65e6fcde-BlockDeletingService#0&quot; daemon prio=5 tid=842 timed_waiting&#10;java.lang.Thread.State: TIMED_WAITING&#10;        at java.base@21.0.8/jdk.internal.misc.Unsafe.park(Native Method)&#10;        at java.base@21.0.8/java.util.concurrent.locks.LockSupport.parkNanos(LockSupport.java:269)&#10;        at java.base@21.0.8/java.util.concurrent.locks.AbstractQueuedSynchronizer$ConditionObject.awaitNanos(AbstractQueuedSynchronizer.java:1763)&#10;        at java.base@21.0.8/java.util.concurrent.ScheduledThreadPoolExecutor$DelayedWorkQueue.take(ScheduledThreadPoolExecutor.java:1182)&#10;        at java.base@21.0.8/java.util.concurrent.ScheduledThreadPoolExecutor$DelayedWorkQueue.take(ScheduledThreadPoolExecutor.java:899)&#10;        at java.base@21.0.8/java.util.concurrent.ThreadPoolExecutor.getTask(ThreadPoolExecutor.java:1070)&#10;        at java.base@21.0.8/java.util.concurrent.ThreadPoolExecutor.runWorker(ThreadPoolExecutor.java:1130)&#10;        at java.base@21.0.8/java.util.concurrent.ThreadPoolExecutor$Worker.run(ThreadPoolExecutor.java:642)&#10;        at java.base@21.0.8/java.lang.Thread.runWith(Thread.java:1596)&#10;        at java.base@21.0.8/java.lang.Thread.run(Thread.java:1583)&#10;&quot;StaleRecoveringContainerScrubbingService#1&quot; daemon prio=5 tid=844 in Object.wait()&#10;java.lang.Thread.State: WAITING (on object monitor)&#10;        at java.base@21.0.8/jdk.internal.misc.Unsafe.park(Native Method)&#10;        at java.base@21.0.8/java.util.concurrent.locks.LockSupport.park(LockSupport.java:371)&#10;        at java.base@21.0.8/java.util.concurrent.locks.AbstractQueuedSynchronizer$ConditionNode.block(AbstractQueuedSynchronizer.java:519)&#10;        at java.base@21.0.8/java.util.concurrent.ForkJoinPool.unmanagedBlock(ForkJoinPool.java:3780)&#10;        at java.base@21.0.8/java.util.concurrent.ForkJoinPool.managedBlock(ForkJoinPool.java:3725)&#10;        at java.base@21.0.8/java.util.concurrent.locks.AbstractQueuedSynchronizer$ConditionObject.await(AbstractQueuedSynchronizer.java:1712)&#10;        at java.base@21.0.8/java.util.concurrent.ScheduledThreadPoolExecutor$DelayedWorkQueue.take(ScheduledThreadPoolExecutor.java:1177)&#10;        at java.base@21.0.8/java.util.concurrent.ScheduledThreadPoolExecutor$DelayedWorkQueue.take(ScheduledThreadPoolExecutor.java:899)&#10;        at java.base@21.0.8/java.util.concurrent.ThreadPoolExecutor.getTask(ThreadPoolExecutor.java:1070)&#10;        at java.base@21.0.8/java.util.concurrent.ThreadPoolExecutor.runWorker(ThreadPoolExecutor.java:1130)&#10;        at java.base@21.0.8/java.util.concurrent.ThreadPoolExecutor$Worker.run(ThreadPoolExecutor.java:642)&#10;        at java.base@21.0.8/java.lang.Thread.runWith(Thread.java:1596)&#10;        at java.base@21.0.8/java.lang.Thread.run(Thread.java:1583)&#10;&quot;IPC Server handler 69 on default port 15003&quot; daemon prio=5 tid=290 timed_waiting&#10;java.lang.Thread.State: TIMED_WAITING&#10;        at java.base@21.0.8/jdk.internal.misc.Unsafe.park(Native Method)&#10;        at java.base@21.0.8/java.util.concurrent.locks.LockSupport.parkNanos(LockSupport.java:269)&#10;        at java.base@21.0.8/java.util.concurrent.locks.AbstractQueuedSynchronizer$ConditionObject.awaitNanos(AbstractQueuedSynchronizer.java:1763)&#10;        at java.base@21.0.8/java.util.concurrent.LinkedBlockingQueue.poll(LinkedBlockingQueue.java:460)&#10;        at app//org.apache.hadoop.ipc.CallQueueManager.take(CallQueueManager.java:370)&#10;        at app//org.apache.hadoop.ipc.Server$Handler.run(Server.java:3165)&#10;&quot;IPC Server handler 50 on default port 15002&quot; daemon prio=5 tid=171 timed_waiting&#10;java.lang.Thread.State: TIMED_WAITING&#10;        at java.base@21.0.8/jdk.internal.misc.Unsafe.park(Native Method)&#10;        at java.base@21.0.8/java.util.concurrent.locks.LockSupport.parkNanos(LockSupport.java:269)&#10;        at java.base@21.0.8/java.util.concurrent.locks.AbstractQueuedSynchronizer$ConditionObject.awaitNanos(AbstractQueuedSynchronizer.java:1763)&#10;        at java.base@21.0.8/java.util.concurrent.LinkedBlockingQueue.poll(LinkedBlockingQueue.java:460)&#10;        at app//org.apache.hadoop.ipc.CallQueueManager.take(CallQueueManager.java:370)&#10;        at app//org.apache.hadoop.ipc.Server$Handler.run(Server.java:3165)&#10;&quot;IPC Server handler 41 on default port 15004&quot; daemon prio=5 tid=380 timed_waiting&#10;java.lang.Thread.State: TIMED_WAITING&#10;        at java.base@21.0.8/jdk.internal.misc.Unsafe.park(Native Method)&#10;        at java.base@21.0.8/java.util.concurrent.locks.LockSupport.parkNanos(LockSupport.java:269)&#10;        at java.base@21.0.8/java.util.concurrent.locks.AbstractQueuedSynchronizer$ConditionObject.awaitNanos(AbstractQueuedSynchronizer.java:1763)&#10;        at java.base@21.0.8/java.util.concurrent.LinkedBlockingQueue.poll(LinkedBlockingQueue.java:460)&#10;        at app//org.apache.hadoop.ipc.CallQueueManager.take(CallQueueManager.java:370)&#10;        at app//org.apache.hadoop.ipc.Server$Handler.run(Server.java:3165)&#10;&quot;om1-SstFilteringService#0&quot; daemon prio=5 tid=478 timed_waiting&#10;java.lang.Thread.State: TIMED_WAITING&#10;        at java.base@21.0.8/jdk.internal.misc.Unsafe.park(Native Method)&#10;        at java.base@21.0.8/java.util.concurrent.locks.LockSupport.parkNanos(LockSupport.java:269)&#10;        at java.base@21.0.8/java.util.concurrent.locks.AbstractQueuedSynchronizer$ConditionObject.awaitNanos(AbstractQueuedSynchronizer.java:1763)&#10;        at java.base@21.0.8/java.util.concurrent.ScheduledThreadPoolExecutor$DelayedWorkQueue.take(ScheduledThreadPoolExecutor.java:1182)&#10;        at java.base@21.0.8/java.util.concurrent.ScheduledThreadPoolExecutor$DelayedWorkQueue.take(ScheduledThreadPoolExecutor.java:899)&#10;        at java.base@21.0.8/java.util.concurrent.ThreadPoolExecutor.getTask(ThreadPoolExecutor.java:1070)&#10;        at java.base@21.0.8/java.util.concurrent.ThreadPoolExecutor.runWorker(ThreadPoolExecutor.java:1130)&#10;        at java.base@21.0.8/java.util.concurrent.ThreadPoolExecutor$Worker.run(ThreadPoolExecutor.java:642)&#10;        at java.base@21.0.8/java.lang.Thread.runWith(Thread.java:1596)&#10;        at java.base@21.0.8/java.lang.Thread.run(Thread.java:1583)&#10;&quot;d5ad88c2-6e7a-4660-bab6-a4e8807a575e-CloseContainerThread-1&quot;  prio=5 tid=1296 in Object.wait()&#10;java.lang.Thread.State: WAITING (on object monitor)&#10;        at java.base@21.0.8/jdk.internal.misc.Unsafe.park(Native Method)&#10;        at java.base@21.0.8/java.util.concurrent.locks.LockSupport.park(LockSupport.java:371)&#10;        at java.base@21.0.8/java.util.concurrent.locks.AbstractQueuedSynchronizer$ConditionNode.block(AbstractQueuedSynchronizer.java:519)&#10;        at java.base@21.0.8/java.util.concurrent.ForkJoinPool.unmanagedBlock(ForkJoinPool.java:3780)&#10;        at java.base@21.0.8/java.util.concurrent.ForkJoinPool.managedBlock(ForkJoinPool.java:3725)&#10;        at java.base@21.0.8/java.util.concurrent.locks.AbstractQueuedSynchronizer$ConditionObject.await(AbstractQueuedSynchronizer.java:1712)&#10;        at java.base@21.0.8/java.util.concurrent.LinkedBlockingQueue.take(LinkedBlockingQueue.java:435)&#10;        at java.base@21.0.8/java.util.concurrent.ThreadPoolExecutor.getTask(ThreadPoolExecutor.java:1070)&#10;        at java.base@21.0.8/java.util.concurrent.ThreadPoolExecutor.runWorker(ThreadPoolExecutor.java:1130)&#10;        at java.base@21.0.8/java.util.concurrent.ThreadPoolExecutor$Worker.run(ThreadPoolExecutor.java:642)&#10;        at java.base@21.0.8/java.lang.Thread.runWith(Thread.java:1596)&#10;        at java.base@21.0.8/java.lang.Thread.run(Thread.java:1583)&#10;&quot;IPC Server handler 28 on default port 15004&quot; daemon prio=5 tid=367 timed_waiting&#10;java.lang.Thread.State: TIMED_WAITING&#10;        at java.base@21.0.8/jdk.internal.misc.Unsafe.park(Native Method)&#10;        at java.base@21.0.8/java.util.concurrent.locks.LockSupport.parkNanos(LockSupport.java:269)&#10;        at java.base@21.0.8/java.util.concurrent.locks.AbstractQueuedSynchronizer$ConditionObject.awaitNanos(AbstractQueuedSynchronizer.java:1763)&#10;        at java.base@21.0.8/java.util.concurrent.LinkedBlockingQueue.poll(LinkedBlockingQueue.java:460)&#10;        at app//org.apache.hadoop.ipc.CallQueueManager.take(CallQueueManager.java:370)&#10;        at app//org.apache.hadoop.ipc.Server$Handler.run(Server.java:3165)&#10;&quot;IPC Server handler 25 on default port 15002&quot; daemon prio=5 tid=146 timed_waiting&#10;java.lang.Thread.State: TIMED_WAITING&#10;        at java.base@21.0.8/jdk.internal.misc.Unsafe.park(Native Method)&#10;        at java.base@21.0.8/java.util.concurrent.locks.LockSupport.parkNanos(LockSupport.java:269)&#10;        at java.base@21.0.8/java.util.concurrent.locks.AbstractQueuedSynchronizer$ConditionObject.awaitNanos(AbstractQueuedSynchronizer.java:1763)&#10;        at java.base@21.0.8/java.util.concurrent.LinkedBlockingQueue.poll(LinkedBlockingQueue.java:460)&#10;        at app//org.apache.hadoop.ipc.CallQueueManager.take(CallQueueManager.java:370)&#10;        at app//org.apache.hadoop.ipc.Server$Handler.run(Server.java:3165)&#10;&quot;Session-HouseKeeper-432dd940-1&quot;  prio=5 tid=332 timed_waiting&#10;java.lang.Thread.State: TIMED_WAITING&#10;        at java.base@21.0.8/jdk.internal.misc.Unsafe.park(Native Method)&#10;        at java.base@21.0.8/java.util.concurrent.locks.LockSupport.parkNanos(LockSupport.java:269)&#10;        at java.base@21.0.8/java.util.concurrent.locks.AbstractQueuedSynchronizer$ConditionObject.awaitNanos(AbstractQueuedSynchronizer.java:1763)&#10;        at java.base@21.0.8/java.util.concurrent.ScheduledThreadPoolExecutor$DelayedWorkQueue.take(ScheduledThreadPoolExecutor.java:1182)&#10;        at java.base@21.0.8/java.util.concurrent.ScheduledThreadPoolExecutor$DelayedWorkQueue.take(ScheduledThreadPoolExecutor.java:899)&#10;        at java.base@21.0.8/java.util.concurrent.ThreadPoolExecutor.getTask(ThreadPoolExecutor.java:1070)&#10;        at java.base@21.0.8/java.util.concurrent.ThreadPoolExecutor.runWorker(ThreadPoolExecutor.java:1130)&#10;        at java.base@21.0.8/java.util.concurrent.ThreadPoolExecutor$Worker.run(ThreadPoolExecutor.java:642)&#10;        at java.base@21.0.8/java.lang.Thread.runWith(Thread.java:1596)&#10;        at java.base@21.0.8/java.lang.Thread.run(Thread.java:1583)&#10;&quot;qtp1760296638-822&quot; daemon prio=5 tid=822 timed_waiting&#10;java.lang.Thread.State: TIMED_WAITING&#10;        at java.base@21.0.8/jdk.internal.misc.Unsafe.park(Native Method)&#10;        at java.base@21.0.8/java.util.concurrent.locks.LockSupport.parkNanos(LockSupport.java:269)&#10;        at java.base@21.0.8/java.util.concurrent.locks.AbstractQueuedSynchronizer$ConditionObject.awaitNanos(AbstractQueuedSynchronizer.java:1763)&#10;        at app//org.eclipse.jetty.util.BlockingArrayQueue.poll(BlockingArrayQueue.java:382)&#10;        at app//org.eclipse.jetty.util.thread.QueuedThreadPool$Runner.idleJobPoll(QueuedThreadPool.java:974)&#10;        at app//org.eclipse.jetty.util.thread.QueuedThreadPool$Runner.run(QueuedThreadPool.java:1018)&#10;        at java.base@21.0.8/java.lang.Thread.runWith(Thread.java:1596)&#10;        at java.base@21.0.8/java.lang.Thread.run(Thread.java:1583)&#10;&quot;volumeTable_FullTableCache-Cleanup-0&quot; daemon prio=5 tid=1231 timed_waiting&#10;java.lang.Thread.State: TIMED_WAITING&#10;        at java.base@21.0.8/jdk.internal.misc.Unsafe.park(Native Method)&#10;        at java.base@21.0.8/java.util.concurrent.locks.LockSupport.parkNanos(LockSupport.java:269)&#10;        at java.base@21.0.8/java.util.concurrent.locks.AbstractQueuedSynchronizer$ConditionObject.awaitNanos(AbstractQueuedSynchronizer.java:1763)&#10;        at java.base@21.0.8/java.util.concurrent.ScheduledThreadPoolExecutor$DelayedWorkQueue.take(ScheduledThreadPoolExecutor.java:1182)&#10;        at java.base@21.0.8/java.util.concurrent.ScheduledThreadPoolExecutor$DelayedWorkQueue.take(ScheduledThreadPoolExecutor.java:899)&#10;        at java.base@21.0.8/java.util.concurrent.ThreadPoolExecutor.getTask(ThreadPoolExecutor.java:1070)&#10;        at java.base@21.0.8/java.util.concurrent.ThreadPoolExecutor.runWorker(ThreadPoolExecutor.java:1130)&#10;        at java.base@21.0.8/java.util.concurrent.ThreadPoolExecutor$Worker.run(ThreadPoolExecutor.java:642)&#10;        at java.base@21.0.8/java.lang.Thread.runWith(Thread.java:1596)&#10;        at java.base@21.0.8/java.lang.Thread.run(Thread.java:1583)&#10;&quot;qtp1685778567-678&quot; daemon prio=5 tid=678 timed_waiting&#10;java.lang.Thread.State: TIMED_WAITING&#10;        at java.base@21.0.8/jdk.internal.misc.Unsafe.park(Native Method)&#10;        at java.base@21.0.8/java.util.concurrent.locks.LockSupport.parkNanos(LockSupport.java:269)&#10;        at java.base@21.0.8/java.util.concurrent.locks.AbstractQueuedSynchronizer$ConditionObject.awaitNanos(AbstractQueuedSynchronizer.java:1763)&#10;        at app//org.eclipse.jetty.util.BlockingArrayQueue.poll(BlockingArrayQueue.java:382)&#10;        at app//org.eclipse.jetty.util.thread.QueuedThreadPool$Runner.idleJobPoll(QueuedThreadPool.java:974)&#10;        at app//org.eclipse.jetty.util.thread.QueuedThreadPool$Runner.run(QueuedThreadPool.java:1018)&#10;        at java.base@21.0.8/java.lang.Thread.runWith(Thread.java:1596)&#10;        at java.base@21.0.8/java.lang.Thread.run(Thread.java:1583)&#10;&quot;Socket Reader #2 for port 15001&quot; daemon prio=5 tid=522 runnable&#10;java.lang.Thread.State: RUNNABLE&#10;        at java.base@21.0.8/sun.nio.ch.EPoll.wait(Native Method)&#10;        at java.base@21.0.8/sun.nio.ch.EPollSelectorImpl.doSelect(EPollSelectorImpl.java:121)&#10;        at java.base@21.0.8/sun.nio.ch.SelectorImpl.lockAndDoSelect(SelectorImpl.java:130)&#10;        at java.base@21.0.8/sun.nio.ch.SelectorImpl.select(SelectorImpl.java:147)&#10;        at app//org.apache.hadoop.ipc.Server$Listener$Reader.doRunLoop(Server.java:1497)&#10;        at app//org.apache.hadoop.ipc.Server$Listener$Reader.run(Server.java:1476)&#10;&quot;Socket Reader #9 for port 15013&quot; daemon prio=5 tid=690 runnable&#10;java.lang.Thread.State: RUNNABLE&#10;        at java.base@21.0.8/sun.nio.ch.EPoll.wait(Native Method)&#10;        at java.base@21.0.8/sun.nio.ch.EPollSelectorImpl.doSelect(EPollSelectorImpl.java:121)&#10;        at java.base@21.0.8/sun.nio.ch.SelectorImpl.lockAndDoSelect(SelectorImpl.java:130)&#10;        at java.base@21.0.8/sun.nio.ch.SelectorImpl.select(SelectorImpl.java:147)&#10;        at app//org.apache.hadoop.ipc.Server$Listener$Reader.doRunLoop(Server.java:1497)&#10;        at app//org.apache.hadoop.ipc.Server$Listener$Reader.run(Server.java:1476)&#10;&quot;Socket Reader #10 for port 15045&quot; daemon prio=5 tid=958 runnable&#10;java.lang.Thread.State: RUNNABLE&#10;        at java.base@21.0.8/sun.nio.ch.EPoll.wait(Native Method)&#10;        at java.base@21.0.8/sun.nio.ch.EPollSelectorImpl.doSelect(EPollSelectorImpl.java:121)&#10;        at java.base@21.0.8/sun.nio.ch.SelectorImpl.lockAndDoSelect(SelectorImpl.java:130)&#10;        at java.base@21.0.8/sun.nio.ch.SelectorImpl.select(SelectorImpl.java:147)&#10;        at app//org.apache.hadoop.ipc.Server$Listener$Reader.doRunLoop(Server.java:1497)&#10;        at app//org.apache.hadoop.ipc.Server$Listener$Reader.run(Server.java:1476)&#10;&quot;IPC Server handler 70 on default port 15001&quot; daemon prio=5 tid=628 timed_waiting&#10;java.lang.Thread.State: TIMED_WAITING&#10;        at java.base@21.0.8/jdk.internal.misc.Unsafe.park(Native Method)&#10;        at java.base@21.0.8/java.util.concurrent.locks.LockSupport.parkNanos(LockSupport.java:269)&#10;        at java.base@21.0.8/java.util.concurrent.locks.AbstractQueuedSynchronizer$ConditionObject.awaitNanos(AbstractQueuedSynchronizer.java:1763)&#10;        at java.base@21.0.8/java.util.concurrent.LinkedBlockingQueue.poll(LinkedBlockingQueue.java:460)&#10;        at app//org.apache.hadoop.ipc.CallQueueManager.take(CallQueueManager.java:370)&#10;        at app//org.apache.hadoop.ipc.Server$Handler.run(Server.java:3165)&#10;&quot;Socket Reader #8 for port 15002&quot; daemon prio=5 tid=98 runnable&#10;java.lang.Thread.State: RUNNABLE&#10;        at java.base@21.0.8/sun.nio.ch.EPoll.wait(Native Method)&#10;        at java.base@21.0.8/sun.nio.ch.EPollSelectorImpl.doSelect(EPollSelectorImpl.java:121)&#10;        at java.base@21.0.8/sun.nio.ch.SelectorImpl.lockAndDoSelect(SelectorImpl.java:130)&#10;        at java.base@21.0.8/sun.nio.ch.SelectorImpl.select(SelectorImpl.java:147)&#10;        at app//org.apache.hadoop.ipc.Server$Listener$Reader.doRunLoop(Server.java:1497)&#10;        at app//org.apache.hadoop.ipc.Server$Listener$Reader.run(Server.java:1476)&#10;&quot;IPC Server handler 80 on default port 15001&quot; daemon prio=5 tid=638 timed_waiting&#10;java.lang.Thread.State: TIMED_WAITING&#10;        at java.base@21.0.8/jdk.internal.misc.Unsafe.park(Native Method)&#10;        at java.base@21.0.8/java.util.concurrent.locks.LockSupport.parkNanos(LockSupport.java:269)&#10;        at java.base@21.0.8/java.util.concurrent.locks.AbstractQueuedSynchronizer$ConditionObject.awaitNanos(AbstractQueuedSynchronizer.java:1763)&#10;        at java.base@21.0.8/java.util.concurrent.LinkedBlockingQueue.poll(LinkedBlockingQueue.java:460)&#10;        at app//org.apache.hadoop.ipc.CallQueueManager.take(CallQueueManager.java:370)&#10;        at app//org.apache.hadoop.ipc.Server$Handler.run(Server.java:3165)&#10;&quot;42a5f925-1bc2-4f8a-8509-c5ae65e6fcde@group-EC04683B356A-SegmentedRaftLogWorker&quot;  prio=5 tid=1034 timed_waiting&#10;java.lang.Thread.State: TIMED_WAITING&#10;        at java.base@21.0.8/jdk.internal.misc.Unsafe.park(Native Method)&#10;        at java.base@21.0.8/java.util.concurrent.locks.LockSupport.parkNanos(LockSupport.java:269)&#10;        at java.base@21.0.8/java.util.concurrent.locks.AbstractQueuedSynchronizer$ConditionObject.awaitNanos(AbstractQueuedSynchronizer.java:1763)&#10;        at app//org.apache.ratis.util.DataBlockingQueue.poll(DataBlockingQueue.java:148)&#10;        at app//org.apache.ratis.server.raftlog.segmented.SegmentedRaftLogWorker.run(SegmentedRaftLogWorker.java:309)&#10;        at app//org.apache.ratis.server.raftlog.segmented.SegmentedRaftLogWorker$$Lambda/0x00007f18e8394d50.run(Unknown Source)&#10;        at java.base@21.0.8/java.util.concurrent.Executors$RunnableAdapter.call(Executors.java:572)&#10;        at java.base@21.0.8/java.util.concurrent.FutureTask.run(FutureTask.java:317)&#10;        at java.base@21.0.8/java.util.concurrent.ThreadPoolExecutor.runWorker(ThreadPoolExecutor.java:1144)&#10;        at java.base@21.0.8/java.util.concurrent.ThreadPoolExecutor$Worker.run(ThreadPoolExecutor.java:642)&#10;        at java.base@21.0.8/java.lang.Thread.runWith(Thread.java:1596)&#10;        at java.base@21.0.8/java.lang.Thread.run(Thread.java:1583)&#10;&quot;IPC Server handler 52 on default port 15001&quot; daemon prio=5 tid=610 timed_waiting&#10;java.lang.Thread.State: TIMED_WAITING&#10;        at java.base@21.0.8/jdk.internal.misc.Unsafe.park(Native Method)&#10;        at java.base@21.0.8/java.util.concurrent.locks.LockSupport.parkNanos(LockSupport.java:269)&#10;        at java.base@21.0.8/java.util.concurrent.locks.AbstractQueuedSynchronizer$ConditionObject.awaitNanos(AbstractQueuedSynchronizer.java:1763)&#10;        at java.base@21.0.8/java.util.concurrent.LinkedBlockingQueue.poll(LinkedBlockingQueue.java:460)&#10;        at app//org.apache.hadoop.ipc.CallQueueManager.take(CallQueueManager.java:370)&#10;        at app//org.apache.hadoop.ipc.Server$Handler.run(Server.java:3165)&#10;&quot;IPC Server handler 6 on default port 15021&quot; daemon prio=5 tid=747 timed_waiting&#10;java.lang.Thread.State: TIMED_WAITING&#10;        at java.base@21.0.8/jdk.internal.misc.Unsafe.park(Native Method)&#10;        at java.base@21.0.8/java.util.concurrent.locks.LockSupport.parkNanos(LockSupport.java:269)&#10;        at java.base@21.0.8/java.util.concurrent.locks.AbstractQueuedSynchronizer$ConditionObject.awaitNanos(AbstractQueuedSynchronizer.java:1763)&#10;        at java.base@21.0.8/java.util.concurrent.LinkedBlockingQueue.poll(LinkedBlockingQueue.java:460)&#10;        at app//org.apache.hadoop.ipc.CallQueueManager.take(CallQueueManager.java:370)&#10;        at app//org.apache.hadoop.ipc.Server$Handler.run(Server.java:3165)&#10;&quot;IPC Server handler 96 on default port 15004&quot; daemon prio=5 tid=435 timed_waiting&#10;java.lang.Thread.State: TIMED_WAITING&#10;        at java.base@21.0.8/jdk.internal.misc.Unsafe.park(Native Method)&#10;        at java.base@21.0.8/java.util.concurrent.locks.LockSupport.parkNanos(LockSupport.java:269)&#10;        at java.base@21.0.8/java.util.concurrent.locks.AbstractQueuedSynchronizer$ConditionObject.awaitNanos(AbstractQueuedSynchronizer.java:1763)&#10;        at java.base@21.0.8/java.util.concurrent.LinkedBlockingQueue.poll(LinkedBlockingQueue.java:460)&#10;        at app//org.apache.hadoop.ipc.CallQueueManager.take(CallQueueManager.java:370)&#10;        at app//org.apache.hadoop.ipc.Server$Handler.run(Server.java:3165)&#10;&quot;Socket Reader #9 for port 15008&quot; daemon prio=5 tid=458 runnable&#10;java.lang.Thread.State: RUNNABLE&#10;        at java.base@21.0.8/sun.nio.ch.EPoll.wait(Native Method)&#10;        at java.base@21.0.8/sun.nio.ch.EPollSelectorImpl.doSelect(EPollSelectorImpl.java:121)&#10;        at java.base@21.0.8/sun.nio.ch.SelectorImpl.lockAndDoSelect(SelectorImpl.java:130)&#10;        at java.base@21.0.8/sun.nio.ch.SelectorImpl.select(SelectorImpl.java:147)&#10;        at app//org.apache.hadoop.ipc.Server$Listener$Reader.doRunLoop(Server.java:1497)&#10;        at app//org.apache.hadoop.ipc.Server$Listener$Reader.run(Server.java:1476)&#10;&quot;Recon-EventQueue-PipelineReportForReconPipelineReportHandler&quot; daemon prio=5 tid=920 in Object.wait()&#10;java.lang.Thread.State: WAITING (on object monitor)&#10;        at java.base@21.0.8/jdk.internal.misc.Unsafe.park(Native Method)&#10;        at java.base@21.0.8/java.util.concurrent.locks.LockSupport.park(LockSupport.java:371)&#10;        at java.base@21.0.8/java.util.concurrent.locks.AbstractQueuedSynchronizer$ConditionNode.block(AbstractQueuedSynchronizer.java:519)&#10;        at java.base@21.0.8/java.util.concurrent.ForkJoinPool.unmanagedBlock(ForkJoinPool.java:3780)&#10;        at java.base@21.0.8/java.util.concurrent.ForkJoinPool.managedBlock(ForkJoinPool.java:3725)&#10;        at java.base@21.0.8/java.util.concurrent.locks.AbstractQueuedSynchronizer$ConditionObject.await(AbstractQueuedSynchronizer.java:1712)&#10;        at java.base@21.0.8/java.util.concurrent.LinkedBlockingQueue.take(LinkedBlockingQueue.java:435)&#10;        at java.base@21.0.8/java.util.concurrent.ThreadPoolExecutor.getTask(ThreadPoolExecutor.java:1070)&#10;        at java.base@21.0.8/java.util.concurrent.ThreadPoolExecutor.runWorker(ThreadPoolExecutor.java:1130)&#10;        at java.base@21.0.8/java.util.concurrent.ThreadPoolExecutor$Worker.run(ThreadPoolExecutor.java:642)&#10;        at java.base@21.0.8/java.lang.Thread.runWith(Thread.java:1596)&#10;        at java.base@21.0.8/java.lang.Thread.run(Thread.java:1583)&#10;&quot;0ed0910f-4ac9-4f62-be34-d90c51a3e6c9-DatanodeStateMachineTaskThread-0&quot;  prio=5 tid=978 in Object.wait()&#10;java.lang.Thread.State: WAITING (on object monitor)&#10;        at java.base@21.0.8/jdk.internal.misc.Unsafe.park(Native Method)&#10;        at java.base@21.0.8/java.util.concurrent.locks.LockSupport.park(LockSupport.java:371)&#10;        at java.base@21.0.8/java.util.concurrent.locks.AbstractQueuedSynchronizer$ConditionNode.block(AbstractQueuedSynchronizer.java:519)&#10;        at java.base@21.0.8/java.util.concurrent.ForkJoinPool.unmanagedBlock(ForkJoinPool.java:3780)&#10;        at java.base@21.0.8/java.util.concurrent.ForkJoinPool.managedBlock(ForkJoinPool.java:3725)&#10;        at java.base@21.0.8/java.util.concurrent.locks.AbstractQueuedSynchronizer$ConditionObject.await(AbstractQueuedSynchronizer.java:1712)&#10;        at java.base@21.0.8/java.util.concurrent.LinkedBlockingQueue.take(LinkedBlockingQueue.java:435)&#10;        at java.base@21.0.8/java.util.concurrent.ThreadPoolExecutor.getTask(ThreadPoolExecutor.java:1070)&#10;        at java.base@21.0.8/java.util.concurrent.ThreadPoolExecutor.runWorker(ThreadPoolExecutor.java:1130)&#10;        at java.base@21.0.8/java.util.concurrent.ThreadPoolExecutor$Worker.run(ThreadPoolExecutor.java:642)&#10;        at java.base@21.0.8/java.lang.Thread.runWith(Thread.java:1596)&#10;        at java.base@21.0.8/java.lang.Thread.run(Thread.java:1583)&#10;&quot;IPC Server handler 68 on default port 15004&quot; daemon prio=5 tid=407 timed_waiting&#10;java.lang.Thread.State: TIMED_WAITING&#10;        at java.base@21.0.8/jdk.internal.misc.Unsafe.park(Native Method)&#10;        at java.base@21.0.8/java.util.concurrent.locks.LockSupport.parkNanos(LockSupport.java:269)&#10;        at java.base@21.0.8/java.util.concurrent.locks.AbstractQueuedSynchronizer$ConditionObject.awaitNanos(AbstractQueuedSynchronizer.java:1763)&#10;        at java.base@21.0.8/java.util.concurrent.LinkedBlockingQueue.poll(LinkedBlockingQueue.java:460)&#10;        at app//org.apache.hadoop.ipc.CallQueueManager.take(CallQueueManager.java:370)&#10;        at app//org.apache.hadoop.ipc.Server$Handler.run(Server.java:3165)&#10;&quot;ReplicationMonitor&quot; daemon prio=5 tid=58 timed_waiting&#10;java.lang.Thread.State: TIMED_WAITING&#10;        at java.base@21.0.8/java.lang.Object.wait0(Native Method)&#10;        at java.base@21.0.8/java.lang.Object.wait(Object.java:366)&#10;        at app//org.apache.hadoop.hdds.scm.container.replication.ReplicationManager.run(ReplicationManager.java:934)&#10;        at app//org.apache.hadoop.hdds.scm.container.replication.ReplicationManager$$Lambda/0x00007f18e8521038.run(Unknown Source)&#10;        at java.base@21.0.8/java.lang.Thread.runWith(Thread.java:1596)&#10;        at java.base@21.0.8/java.lang.Thread.run(Thread.java:1583)&#10;&quot;IPC Server handler 86 on default port 15001&quot; daemon prio=5 tid=644 timed_waiting&#10;java.lang.Thread.State: TIMED_WAITING&#10;        at java.base@21.0.8/jdk.internal.misc.Unsafe.park(Native Method)&#10;        at java.base@21.0.8/java.util.concurrent.locks.LockSupport.parkNanos(LockSupport.java:269)&#10;        at java.base@21.0.8/java.util.concurrent.locks.AbstractQueuedSynchronizer$ConditionObject.awaitNanos(AbstractQueuedSynchronizer.java:1763)&#10;        at java.base@21.0.8/java.util.concurrent.LinkedBlockingQueue.poll(LinkedBlockingQueue.java:460)&#10;        at app//org.apache.hadoop.ipc.CallQueueManager.take(CallQueueManager.java:370)&#10;        at app//org.apache.hadoop.ipc.Server$Handler.run(Server.java:3165)&#10;&quot;EventQueue-ContainerRegistrationReportForRatisContainerSafeModeRule&quot; daemon prio=5 tid=922 in Object.wait()&#10;java.lang.Thread.State: WAITING (on object monitor)&#10;        at java.base@21.0.8/jdk.internal.misc.Unsafe.park(Native Method)&#10;        at java.base@21.0.8/java.util.concurrent.locks.LockSupport.park(LockSupport.java:371)&#10;        at java.base@21.0.8/java.util.concurrent.locks.AbstractQueuedSynchronizer$ConditionNode.block(AbstractQueuedSynchronizer.java:519)&#10;        at java.base@21.0.8/java.util.concurrent.ForkJoinPool.unmanagedBlock(ForkJoinPool.java:3780)&#10;        at java.base@21.0.8/java.util.concurrent.ForkJoinPool.managedBlock(ForkJoinPool.java:3725)&#10;        at java.base@21.0.8/java.util.concurrent.locks.AbstractQueuedSynchronizer$ConditionObject.await(AbstractQueuedSynchronizer.java:1712)&#10;        at java.base@21.0.8/java.util.concurrent.LinkedBlockingQueue.take(LinkedBlockingQueue.java:435)&#10;        at java.base@21.0.8/java.util.concurrent.ThreadPoolExecutor.getTask(ThreadPoolExecutor.java:1070)&#10;        at java.base@21.0.8/java.util.concurrent.ThreadPoolExecutor.runWorker(ThreadPoolExecutor.java:1130)&#10;        at java.base@21.0.8/java.util.concurrent.ThreadPoolExecutor$Worker.run(ThreadPoolExecutor.java:642)&#10;        at java.base@21.0.8/java.lang.Thread.runWith(Thread.java:1596)&#10;        at java.base@21.0.8/java.lang.Thread.run(Thread.java:1583)&#10;&quot;IPC Server handler 52 on default port 15003&quot; daemon prio=5 tid=273 timed_waiting&#10;java.lang.Thread.State: TIMED_WAITING&#10;        at java.base@21.0.8/jdk.internal.misc.Unsafe.park(Native Method)&#10;        at java.base@21.0.8/java.util.concurrent.locks.LockSupport.parkNanos(LockSupport.java:269)&#10;        at java.base@21.0.8/java.util.concurrent.locks.AbstractQueuedSynchronizer$ConditionObject.awaitNanos(AbstractQueuedSynchronizer.java:1763)&#10;        at java.base@21.0.8/java.util.concurrent.LinkedBlockingQueue.poll(LinkedBlockingQueue.java:460)&#10;        at app//org.apache.hadoop.ipc.CallQueueManager.take(CallQueueManager.java:370)&#10;        at app//org.apache.hadoop.ipc.Server$Handler.run(Server.java:3165)&#10;&quot;00aa5afb-d218-4771-abd7-db0247b9d23b@group-334FE627F997-LeaderStateImpl&quot; daemon prio=5 tid=337 timed_waiting&#10;java.lang.Thread.State: TIMED_WAITING&#10;        at java.base@21.0.8/jdk.internal.misc.Unsafe.park(Native Method)&#10;        at java.base@21.0.8/java.util.concurrent.locks.LockSupport.parkNanos(LockSupport.java:269)&#10;        at java.base@21.0.8/java.util.concurrent.locks.AbstractQueuedSynchronizer$ConditionObject.awaitNanos(AbstractQueuedSynchronizer.java:1763)&#10;        at java.base@21.0.8/java.util.concurrent.ArrayBlockingQueue.poll(ArrayBlockingQueue.java:435)&#10;        at app//org.apache.ratis.server.impl.LeaderStateImpl$EventQueue.poll(LeaderStateImpl.java:168)&#10;        at app//org.apache.ratis.server.impl.LeaderStateImpl$EventProcessor.run(LeaderStateImpl.java:761)&#10;&quot;IPC Server handler 30 on default port 15001&quot; daemon prio=5 tid=588 timed_waiting&#10;java.lang.Thread.State: TIMED_WAITING&#10;        at java.base@21.0.8/jdk.internal.misc.Unsafe.park(Native Method)&#10;        at java.base@21.0.8/java.util.concurrent.locks.LockSupport.parkNanos(LockSupport.java:269)&#10;        at java.base@21.0.8/java.util.concurrent.locks.AbstractQueuedSynchronizer$ConditionObject.awaitNanos(AbstractQueuedSynchronizer.java:1763)&#10;        at java.base@21.0.8/java.util.concurrent.LinkedBlockingQueue.poll(LinkedBlockingQueue.java:460)&#10;        at app//org.apache.hadoop.ipc.CallQueueManager.take(CallQueueManager.java:370)&#10;        at app//org.apache.hadoop.ipc.Server$Handler.run(Server.java:3165)&#10;&quot;IPC Server handler 44 on default port 15002&quot; daemon prio=5 tid=165 timed_waiting&#10;java.lang.Thread.State: TIMED_WAITING&#10;        at java.base@21.0.8/jdk.internal.misc.Unsafe.park(Native Method)&#10;        at java.base@21.0.8/java.util.concurrent.locks.LockSupport.parkNanos(LockSupport.java:269)&#10;        at java.base@21.0.8/java.util.concurrent.locks.AbstractQueuedSynchronizer$ConditionObject.awaitNanos(AbstractQueuedSynchronizer.java:1763)&#10;        at java.base@21.0.8/java.util.concurrent.LinkedBlockingQueue.poll(LinkedBlockingQueue.java:460)&#10;        at app//org.apache.hadoop.ipc.CallQueueManager.take(CallQueueManager.java:370)&#10;        at app//org.apache.hadoop.ipc.Server$Handler.run(Server.java:3165)&#10;&quot;IPC Server handler 90 on default port 15003&quot; daemon prio=5 tid=311 timed_waiting&#10;java.lang.Thread.State: TIMED_WAITING&#10;        at java.base@21.0.8/jdk.internal.misc.Unsafe.park(Native Method)&#10;        at java.base@21.0.8/java.util.concurrent.locks.LockSupport.parkNanos(LockSupport.java:269)&#10;        at java.base@21.0.8/java.util.concurrent.locks.AbstractQueuedSynchronizer$ConditionObject.awaitNanos(AbstractQueuedSynchronizer.java:1763)&#10;        at java.base@21.0.8/java.util.concurrent.LinkedBlockingQueue.poll(LinkedBlockingQueue.java:460)&#10;        at app//org.apache.hadoop.ipc.CallQueueManager.take(CallQueueManager.java:370)&#10;        at app//org.apache.hadoop.ipc.Server$Handler.run(Server.java:3165)&#10;&quot;JvmPauseMonitor1&quot; daemon prio=5 tid=118 timed_waiting&#10;java.lang.Thread.State: TIMED_WAITING&#10;        at java.base@21.0.8/java.lang.Thread.sleep0(Native Method)&#10;        at java.base@21.0.8/java.lang.Thread.sleep(Thread.java:558)&#10;        at java.base@21.0.8/java.util.concurrent.TimeUnit.sleep(TimeUnit.java:446)&#10;        at app//org.apache.ratis.util.TimeDuration.sleep(TimeDuration.java:353)&#10;        at app//org.apache.ratis.util.TimeDuration.sleep(TimeDuration.java:338)&#10;        at app//org.apache.ratis.util.JvmPauseMonitor.detectPause(JvmPauseMonitor.java:160)&#10;        at app//org.apache.ratis.util.JvmPauseMonitor.run(JvmPauseMonitor.java:149)&#10;        at app//org.apache.ratis.util.JvmPauseMonitor$$Lambda/0x00007f18e83aead8.run(Unknown Source)&#10;        at java.base@21.0.8/java.lang.Thread.runWith(Thread.java:1596)&#10;        at java.base@21.0.8/java.lang.Thread.run(Thread.java:1583)&#10;&quot;IPC Server handler 0 on default port 15045&quot; daemon prio=5 tid=962 timed_waiting&#10;java.lang.Thread.State: TIMED_WAITING&#10;        at java.base@21.0.8/jdk.internal.misc.Unsafe.park(Native Method)&#10;        at java.base@21.0.8/java.util.concurrent.locks.LockSupport.parkNanos(LockSupport.java:269)&#10;        at java.base@21.0.8/java.util.concurrent.locks.AbstractQueuedSynchronizer$ConditionObject.awaitNanos(AbstractQueuedSynchronizer.java:1763)&#10;        at java.base@21.0.8/java.util.concurrent.LinkedBlockingQueue.poll(LinkedBlockingQueue.java:460)&#10;        at app//org.apache.hadoop.ipc.CallQueueManager.take(CallQueueManager.java:370)&#10;        at app//org.apache.hadoop.ipc.Server$Handler.run(Server.java:3165)&#10;&quot;om1-DirectoryDeletingService#4&quot; daemon prio=5 tid=1364 in Object.wait()&#10;java.lang.Thread.State: WAITING (on object monitor)&#10;        at java.base@21.0.8/jdk.internal.misc.Unsafe.park(Native Method)&#10;        at java.base@21.0.8/java.util.concurrent.locks.LockSupport.park(LockSupport.java:371)&#10;        at java.base@21.0.8/java.util.concurrent.locks.AbstractQueuedSynchronizer$ConditionNode.block(AbstractQueuedSynchronizer.java:519)&#10;        at java.base@21.0.8/java.util.concurrent.ForkJoinPool.unmanagedBlock(ForkJoinPool.java:3780)&#10;        at java.base@21.0.8/java.util.concurrent.ForkJoinPool.managedBlock(ForkJoinPool.java:3725)&#10;        at java.base@21.0.8/java.util.concurrent.locks.AbstractQueuedSynchronizer$ConditionObject.await(AbstractQueuedSynchronizer.java:1712)&#10;        at java.base@21.0.8/java.util.concurrent.ScheduledThreadPoolExecutor$DelayedWorkQueue.take(ScheduledThreadPoolExecutor.java:1177)&#10;        at java.base@21.0.8/java.util.concurrent.ScheduledThreadPoolExecutor$DelayedWorkQueue.take(ScheduledThreadPoolExecutor.java:899)&#10;        at java.base@21.0.8/java.util.concurrent.ThreadPoolExecutor.getTask(ThreadPoolExecutor.java:1070)&#10;        at java.base@21.0.8/java.util.concurrent.ThreadPoolExecutor.runWorker(ThreadPoolExecutor.java:1130)&#10;        at java.base@21.0.8/java.util.concurrent.ThreadPoolExecutor$Worker.run(ThreadPoolExecutor.java:642)&#10;        at java.base@21.0.8/java.lang.Thread.runWith(Thread.java:1596)&#10;        at java.base@21.0.8/java.lang.Thread.run(Thread.java:1583)&#10;&quot;IPC Server handler 26 on default port 15002&quot; daemon prio=5 tid=147 timed_waiting&#10;java.lang.Thread.State: TIMED_WAITING&#10;        at java.base@21.0.8/jdk.internal.misc.Unsafe.park(Native Method)&#10;        at java.base@21.0.8/java.util.concurrent.locks.LockSupport.parkNanos(LockSupport.java:269)&#10;        at java.base@21.0.8/java.util.concurrent.locks.AbstractQueuedSynchronizer$ConditionObject.awaitNanos(AbstractQueuedSynchronizer.java:1763)&#10;        at java.base@21.0.8/java.util.concurrent.LinkedBlockingQueue.poll(LinkedBlockingQueue.java:460)&#10;        at app//org.apache.hadoop.ipc.CallQueueManager.take(CallQueueManager.java:370)&#10;        at app//org.apache.hadoop.ipc.Server$Handler.run(Server.java:3165)&#10;&quot;IPC Server idle connection scanner for port 15013&quot; daemon prio=5 tid=692 timed_waiting&#10;java.lang.Thread.State: TIMED_WAITING&#10;        at java.base@21.0.8/java.lang.Object.wait0(Native Method)&#10;        at java.base@21.0.8/java.lang.Object.wait(Object.java:366)&#10;        at java.base@21.0.8/java.util.TimerThread.mainLoop(Timer.java:563)&#10;        at java.base@21.0.8/java.util.TimerThread.run(Timer.java:516)&#10;&quot;IPC Server handler 22 on default port 15001&quot; daemon prio=5 tid=580 timed_waiting&#10;java.lang.Thread.State: TIMED_WAITING&#10;        at java.base@21.0.8/jdk.internal.misc.Unsafe.park(Native Method)&#10;        at java.base@21.0.8/java.util.concurrent.locks.LockSupport.parkNanos(LockSupport.java:269)&#10;        at java.base@21.0.8/java.util.concurrent.locks.AbstractQueuedSynchronizer$ConditionObject.awaitNanos(AbstractQueuedSynchronizer.java:1763)&#10;        at java.base@21.0.8/java.util.concurrent.LinkedBlockingQueue.poll(LinkedBlockingQueue.java:460)&#10;        at app//org.apache.hadoop.ipc.CallQueueManager.take(CallQueueManager.java:370)&#10;        at app//org.apache.hadoop.ipc.Server$Handler.run(Server.java:3165)&#10;&quot;IPC Server handler 77 on default port 15001&quot; daemon prio=5 tid=635 timed_waiting&#10;java.lang.Thread.State: TIMED_WAITING&#10;        at java.base@21.0.8/jdk.internal.misc.Unsafe.park(Native Method)&#10;        at java.base@21.0.8/java.util.concurrent.locks.LockSupport.parkNanos(LockSupport.java:269)&#10;        at java.base@21.0.8/java.util.concurrent.locks.AbstractQueuedSynchronizer$ConditionObject.awaitNanos(AbstractQueuedSynchronizer.java:1763)&#10;        at java.base@21.0.8/java.util.concurrent.LinkedBlockingQueue.poll(LinkedBlockingQueue.java:460)&#10;        at app//org.apache.hadoop.ipc.CallQueueManager.take(CallQueueManager.java:370)&#10;        at app//org.apache.hadoop.ipc.Server$Handler.run(Server.java:3165)&#10;&quot;d5ad88c2-6e7a-4660-bab6-a4e8807a575e-NettyServerStreamRpc-bossGroup--thread1&quot; daemon prio=5 tid=714 runnable&#10;java.lang.Thread.State: RUNNABLE&#10;        at app//org.apache.ratis.thirdparty.io.netty.channel.epoll.Native.epollWait(Native Method)&#10;        at app//org.apache.ratis.thirdparty.io.netty.channel.epoll.Native.epollWait(Native.java:220)&#10;        at app//org.apache.ratis.thirdparty.io.netty.channel.epoll.Native.epollWait(Native.java:213)&#10;        at app//org.apache.ratis.thirdparty.io.netty.channel.epoll.EpollEventLoop.epollWaitNoTimerChange(EpollEventLoop.java:308)&#10;        at app//org.apache.ratis.thirdparty.io.netty.channel.epoll.EpollEventLoop.run(EpollEventLoop.java:365)&#10;        at app//org.apache.ratis.thirdparty.io.netty.util.concurrent.SingleThreadEventExecutor$4.run(SingleThreadEventExecutor.java:998)&#10;        at app//org.apache.ratis.thirdparty.io.netty.util.internal.ThreadExecutorMap$2.run(ThreadExecutorMap.java:74)&#10;        at java.base@21.0.8/java.lang.Thread.runWith(Thread.java:1596)&#10;        at java.base@21.0.8/java.lang.Thread.run(Thread.java:1583)&#10;&quot;0ed0910f-4ac9-4f62-be34-d90c51a3e6c9-ReplicationContainerReader-3&quot; daemon prio=5 tid=1334 in Object.wait()&#10;java.lang.Thread.State: WAITING (on object monitor)&#10;        at java.base@21.0.8/jdk.internal.misc.Unsafe.park(Native Method)&#10;        at java.base@21.0.8/java.util.concurrent.locks.LockSupport.park(LockSupport.java:371)&#10;        at java.base@21.0.8/java.util.concurrent.locks.AbstractQueuedSynchronizer$ConditionNode.block(AbstractQueuedSynchronizer.java:519)&#10;        at java.base@21.0.8/java.util.concurrent.ForkJoinPool.unmanagedBlock(ForkJoinPool.java:3780)&#10;        at java.base@21.0.8/java.util.concurrent.ForkJoinPool.managedBlock(ForkJoinPool.java:3725)&#10;        at java.base@21.0.8/java.util.concurrent.locks.AbstractQueuedSynchronizer$ConditionObject.await(AbstractQueuedSynchronizer.java:1712)&#10;        at java.base@21.0.8/java.util.concurrent.LinkedBlockingQueue.take(LinkedBlockingQueue.java:435)&#10;        at java.base@21.0.8/java.util.concurrent.ThreadPoolExecutor.getTask(ThreadPoolExecutor.java:1070)&#10;        at java.base@21.0.8/java.util.concurrent.ThreadPoolExecutor.runWorker(ThreadPoolExecutor.java:1130)&#10;        at java.base@21.0.8/java.util.concurrent.ThreadPoolExecutor$Worker.run(ThreadPoolExecutor.java:642)&#10;        at java.base@21.0.8/java.lang.Thread.runWith(Thread.java:1596)&#10;        at java.base@21.0.8/java.lang.Thread.run(Thread.java:1583)&#10;&quot;IPC Server handler 12 on default port 15003&quot; daemon prio=5 tid=233 timed_waiting&#10;java.lang.Thread.State: TIMED_WAITING&#10;        at java.base@21.0.8/jdk.internal.misc.Unsafe.park(Native Method)&#10;        at java.base@21.0.8/java.util.concurrent.locks.LockSupport.parkNanos(LockSupport.java:269)&#10;        at java.base@21.0.8/java.util.concurrent.locks.AbstractQueuedSynchronizer$ConditionObject.awaitNanos(AbstractQueuedSynchronizer.java:1763)&#10;        at java.base@21.0.8/java.util.concurrent.LinkedBlockingQueue.poll(LinkedBlockingQueue.java:460)&#10;        at app//org.apache.hadoop.ipc.CallQueueManager.take(CallQueueManager.java:370)&#10;        at app//org.apache.hadoop.ipc.Server$Handler.run(Server.java:3165)&#10;&quot;ContainerMetadataScanner&quot; daemon prio=5 tid=856 timed_waiting&#10;java.lang.Thread.State: TIMED_WAITING&#10;        at java.base@21.0.8/java.lang.Thread.sleep0(Native Method)&#10;        at java.base@21.0.8/java.lang.Thread.sleep(Thread.java:509)&#10;        at app//org.apache.hadoop.ozone.container.ozoneimpl.AbstractBackgroundContainerScanner.handleRemainingSleep(AbstractBackgroundContainerScanner.java:133)&#10;        at app//org.apache.hadoop.ozone.container.ozoneimpl.AbstractBackgroundContainerScanner.runIteration(AbstractBackgroundContainerScanner.java:100)&#10;        at app//org.apache.hadoop.ozone.container.ozoneimpl.AbstractBackgroundContainerScanner.run(AbstractBackgroundContainerScanner.java:59)&#10;        at java.base@21.0.8/java.lang.Thread.runWith(Thread.java:1596)&#10;        at java.base@21.0.8/java.lang.Thread.run(Thread.java:1583)&#10;&quot;IPC Server listener on 15013&quot; daemon prio=5 tid=681 runnable&#10;java.lang.Thread.State: RUNNABLE&#10;        at java.base@21.0.8/sun.nio.ch.EPoll.wait(Native Method)&#10;        at java.base@21.0.8/sun.nio.ch.EPollSelectorImpl.doSelect(EPollSelectorImpl.java:121)&#10;        at java.base@21.0.8/sun.nio.ch.SelectorImpl.lockAndDoSelect(SelectorImpl.java:130)&#10;        at java.base@21.0.8/sun.nio.ch.SelectorImpl.select(SelectorImpl.java:147)&#10;        at app//org.apache.hadoop.ipc.Server$Listener.run(Server.java:1559)&#10;&quot;IPC Server handler 12 on default port 15004&quot; daemon prio=5 tid=351 timed_waiting&#10;java.lang.Thread.State: TIMED_WAITING&#10;        at java.base@21.0.8/jdk.internal.misc.Unsafe.park(Native Method)&#10;        at java.base@21.0.8/java.util.concurrent.locks.LockSupport.parkNanos(LockSupport.java:269)&#10;        at java.base@21.0.8/java.util.concurrent.locks.AbstractQueuedSynchronizer$ConditionObject.awaitNanos(AbstractQueuedSynchronizer.java:1763)&#10;        at java.base@21.0.8/java.util.concurrent.LinkedBlockingQueue.poll(LinkedBlockingQueue.java:460)&#10;        at app//org.apache.hadoop.ipc.CallQueueManager.take(CallQueueManager.java:370)&#10;        at app//org.apache.hadoop.ipc.Server$Handler.run(Server.java:3165)&#10;&quot;om1-OMDoubleBufferFlushThread&quot; daemon prio=5 tid=446 timed_waiting&#10;java.lang.Thread.State: TIMED_WAITING&#10;        at java.base@21.0.8/java.lang.Object.wait0(Native Method)&#10;        at java.base@21.0.8/java.lang.Object.wait(Object.java:366)&#10;        at app//org.apache.hadoop.ozone.om.ratis.OzoneManagerDoubleBuffer.canFlush(OzoneManagerDoubleBuffer.java:547)&#10;        at app//org.apache.hadoop.ozone.om.ratis.OzoneManagerDoubleBuffer.flushTransactions(OzoneManagerDoubleBuffer.java:279)&#10;        at app//org.apache.hadoop.ozone.om.ratis.OzoneManagerDoubleBuffer$$Lambda/0x00007f18e879d700.run(Unknown Source)&#10;        at java.base@21.0.8/java.lang.Thread.runWith(Thread.java:1596)&#10;        at java.base@21.0.8/java.lang.Thread.run(Thread.java:1583)&#10;&quot;IPC Server handler 84 on default port 15003&quot; daemon prio=5 tid=305 timed_waiting&#10;java.lang.Thread.State: TIMED_WAITING&#10;        at java.base@21.0.8/jdk.internal.misc.Unsafe.park(Native Method)&#10;        at java.base@21.0.8/java.util.concurrent.locks.LockSupport.parkNanos(LockSupport.java:269)&#10;        at java.base@21.0.8/java.util.concurrent.locks.AbstractQueuedSynchronizer$ConditionObject.awaitNanos(AbstractQueuedSynchronizer.java:1763)&#10;        at java.base@21.0.8/java.util.concurrent.LinkedBlockingQueue.poll(LinkedBlockingQueue.java:460)&#10;        at app//org.apache.hadoop.ipc.CallQueueManager.take(CallQueueManager.java:370)&#10;        at app//org.apache.hadoop.ipc.Server$Handler.run(Server.java:3165)&#10;&quot;IPC Server handler 13 on default port 15008&quot; daemon prio=5 tid=505 timed_waiting&#10;java.lang.Thread.State: TIMED_WAITING&#10;        at java.base@21.0.8/jdk.internal.misc.Unsafe.park(Native Method)&#10;        at java.base@21.0.8/java.util.concurrent.locks.LockSupport.parkNanos(LockSupport.java:269)&#10;        at java.base@21.0.8/java.util.concurrent.locks.AbstractQueuedSynchronizer$ConditionObject.awaitNanos(AbstractQueuedSynchronizer.java:1763)&#10;        at java.base@21.0.8/java.util.concurrent.LinkedBlockingQueue.poll(LinkedBlockingQueue.java:460)&#10;        at app//org.apache.hadoop.ipc.CallQueueManager.take(CallQueueManager.java:370)&#10;        at app//org.apache.hadoop.ipc.Server$Handler.run(Server.java:3165)&#10;&quot;IPC Server handler 7 on default port 15021&quot; daemon prio=5 tid=748 timed_waiting&#10;java.lang.Thread.State: TIMED_WAITING&#10;        at java.base@21.0.8/jdk.internal.misc.Unsafe.park(Native Method)&#10;        at java.base@21.0.8/java.util.concurrent.locks.LockSupport.parkNanos(LockSupport.java:269)&#10;        at java.base@21.0.8/java.util.concurrent.locks.AbstractQueuedSynchronizer$ConditionObject.awaitNanos(AbstractQueuedSynchronizer.java:1763)&#10;        at java.base@21.0.8/java.util.concurrent.LinkedBlockingQueue.poll(LinkedBlockingQueue.java:460)&#10;        at app//org.apache.hadoop.ipc.CallQueueManager.take(CallQueueManager.java:370)&#10;        at app//org.apache.hadoop.ipc.Server$Handler.run(Server.java:3165)&#10;&quot;Socket Reader #2 for port 15002&quot; daemon prio=5 tid=92 runnable&#10;java.lang.Thread.State: RUNNABLE&#10;        at java.base@21.0.8/sun.nio.ch.EPoll.wait(Native Method)&#10;        at java.base@21.0.8/sun.nio.ch.EPollSelectorImpl.doSelect(EPollSelectorImpl.java:121)&#10;        at java.base@21.0.8/sun.nio.ch.SelectorImpl.lockAndDoSelect(SelectorImpl.java:130)&#10;        at java.base@21.0.8/sun.nio.ch.SelectorImpl.select(SelectorImpl.java:147)&#10;        at app//org.apache.hadoop.ipc.Server$Listener$Reader.doRunLoop(Server.java:1497)&#10;        at app//org.apache.hadoop.ipc.Server$Listener$Reader.run(Server.java:1476)&#10;&quot;NetworkTopologyPoller&quot; daemon prio=5 tid=471 timed_waiting&#10;java.lang.Thread.State: TIMED_WAITING&#10;        at java.base@21.0.8/jdk.internal.misc.Unsafe.park(Native Method)&#10;        at java.base@21.0.8/java.util.concurrent.locks.LockSupport.parkNanos(LockSupport.java:269)&#10;        at java.base@21.0.8/java.util.concurrent.locks.AbstractQueuedSynchronizer$ConditionObject.awaitNanos(AbstractQueuedSynchronizer.java:1763)&#10;        at java.base@21.0.8/java.util.concurrent.ScheduledThreadPoolExecutor$DelayedWorkQueue.take(ScheduledThreadPoolExecutor.java:1182)&#10;        at java.base@21.0.8/java.util.concurrent.ScheduledThreadPoolExecutor$DelayedWorkQueue.take(ScheduledThreadPoolExecutor.java:899)&#10;        at java.base@21.0.8/java.util.concurrent.ThreadPoolExecutor.getTask(ThreadPoolExecutor.java:1070)&#10;        at java.base@21.0.8/java.util.concurrent.ThreadPoolExecutor.runWorker(ThreadPoolExecutor.java:1130)&#10;        at java.base@21.0.8/java.util.concurrent.ThreadPoolExecutor$Worker.run(ThreadPoolExecutor.java:642)&#10;        at java.base@21.0.8/java.lang.Thread.runWith(Thread.java:1596)&#10;        at java.base@21.0.8/java.lang.Thread.run(Thread.java:1583)&#10;&quot;IPC Server handler 85 on default port 15001&quot; daemon prio=5 tid=643 timed_waiting&#10;java.lang.Thread.State: TIMED_WAITING&#10;        at java.base@21.0.8/jdk.internal.misc.Unsafe.park(Native Method)&#10;        at java.base@21.0.8/java.util.concurrent.locks.LockSupport.parkNanos(LockSupport.java:269)&#10;        at java.base@21.0.8/java.util.concurrent.locks.AbstractQueuedSynchronizer$ConditionObject.awaitNanos(AbstractQueuedSynchronizer.java:1763)&#10;        at java.base@21.0.8/java.util.concurrent.LinkedBlockingQueue.poll(LinkedBlockingQueue.java:460)&#10;        at app//org.apache.hadoop.ipc.CallQueueManager.take(CallQueueManager.java:370)&#10;        at app//org.apache.hadoop.ipc.Server$Handler.run(Server.java:3165)&#10;&quot;IPC Server handler 88 on default port 15004&quot; daemon prio=5 tid=427 timed_waiting&#10;java.lang.Thread.State: TIMED_WAITING&#10;        at java.base@21.0.8/jdk.internal.misc.Unsafe.park(Native Method)&#10;        at java.base@21.0.8/java.util.concurrent.locks.LockSupport.parkNanos(LockSupport.java:269)&#10;        at java.base@21.0.8/java.util.concurrent.locks.AbstractQueuedSynchronizer$ConditionObject.awaitNanos(AbstractQueuedSynchronizer.java:1763)&#10;        at java.base@21.0.8/java.util.concurrent.LinkedBlockingQueue.poll(LinkedBlockingQueue.java:460)&#10;        at app//org.apache.hadoop.ipc.CallQueueManager.take(CallQueueManager.java:370)&#10;        at app//org.apache.hadoop.ipc.Server$Handler.run(Server.java:3165)&#10;&quot;IPC Server handler 91 on default port 15004&quot; daemon prio=5 tid=430 timed_waiting&#10;java.lang.Thread.State: TIMED_WAITING&#10;        at java.base@21.0.8/jdk.internal.misc.Unsafe.park(Native Method)&#10;        at java.base@21.0.8/java.util.concurrent.locks.LockSupport.parkNanos(LockSupport.java:269)&#10;        at java.base@21.0.8/java.util.concurrent.locks.AbstractQueuedSynchronizer$ConditionObject.awaitNanos(AbstractQueuedSynchronizer.java:1763)&#10;        at java.base@21.0.8/java.util.concurrent.LinkedBlockingQueue.poll(LinkedBlockingQueue.java:460)&#10;        at app//org.apache.hadoop.ipc.CallQueueManager.take(CallQueueManager.java:370)&#10;        at app//org.apache.hadoop.ipc.Server$Handler.run(Server.java:3165)&#10;&quot;PipelineSyncTask&quot; daemon prio=5 tid=659 timed_waiting&#10;java.lang.Thread.State: TIMED_WAITING&#10;        at java.base@21.0.8/java.lang.Thread.sleep0(Native Method)&#10;        at java.base@21.0.8/java.lang.Thread.sleep(Thread.java:509)&#10;        at app//org.apache.hadoop.ozone.recon.scm.PipelineSyncTask.run(PipelineSyncTask.java:76)&#10;        at app//org.apache.hadoop.ozone.recon.scm.ReconScmTask$$Lambda/0x00007f18e8c38f80.run(Unknown Source)&#10;        at java.base@21.0.8/java.lang.Thread.runWith(Thread.java:1596)&#10;        at java.base@21.0.8/java.lang.Thread.run(Thread.java:1583)&#10;&quot;IPC Server handler 83 on default port 15002&quot; daemon prio=5 tid=204 timed_waiting&#10;java.lang.Thread.State: TIMED_WAITING&#10;        at java.base@21.0.8/jdk.internal.misc.Unsafe.park(Native Method)&#10;        at java.base@21.0.8/java.util.concurrent.locks.LockSupport.parkNanos(LockSupport.java:269)&#10;        at java.base@21.0.8/java.util.concurrent.locks.AbstractQueuedSynchronizer$ConditionObject.awaitNanos(AbstractQueuedSynchronizer.java:1763)&#10;        at java.base@21.0.8/java.util.concurrent.LinkedBlockingQueue.poll(LinkedBlockingQueue.java:460)&#10;        at app//org.apache.hadoop.ipc.CallQueueManager.take(CallQueueManager.java:370)&#10;        at app//org.apache.hadoop.ipc.Server$Handler.run(Server.java:3165)&#10;&quot;IPC Server handler 96 on default port 15003&quot; daemon prio=5 tid=317 timed_waiting&#10;java.lang.Thread.State: TIMED_WAITING&#10;        at java.base@21.0.8/jdk.internal.misc.Unsafe.park(Native Method)&#10;        at java.base@21.0.8/java.util.concurrent.locks.LockSupport.parkNanos(LockSupport.java:269)&#10;        at java.base@21.0.8/java.util.concurrent.locks.AbstractQueuedSynchronizer$ConditionObject.awaitNanos(AbstractQueuedSynchronizer.java:1763)&#10;        at java.base@21.0.8/java.util.concurrent.LinkedBlockingQueue.poll(LinkedBlockingQueue.java:460)&#10;        at app//org.apache.hadoop.ipc.CallQueueManager.take(CallQueueManager.java:370)&#10;        at app//org.apache.hadoop.ipc.Server$Handler.run(Server.java:3165)&#10;&quot;FixedThreadPoolWithAffinityExecutor-6-0&quot; daemon prio=5 tid=110 timed_waiting&#10;java.lang.Thread.State: TIMED_WAITING&#10;        at java.base@21.0.8/jdk.internal.misc.Unsafe.park(Native Method)&#10;        at java.base@21.0.8/java.util.concurrent.locks.LockSupport.parkNanos(LockSupport.java:269)&#10;        at java.base@21.0.8/java.util.concurrent.locks.AbstractQueuedSynchronizer$ConditionObject.awaitNanos(AbstractQueuedSynchronizer.java:1763)&#10;        at java.base@21.0.8/java.util.concurrent.LinkedBlockingQueue.poll(LinkedBlockingQueue.java:460)&#10;        at app//org.apache.hadoop.hdds.scm.server.ContainerReportQueue.poll(ContainerReportQueue.java:269)&#10;        at app//org.apache.hadoop.hdds.scm.server.ContainerReportQueue.poll(ContainerReportQueue.java:42)&#10;        at app//org.apache.hadoop.hdds.server.events.FixedThreadPoolWithAffinityExecutor$ContainerReportProcessTask.run(FixedThreadPoolWithAffinityExecutor.java:228)&#10;        at java.base@21.0.8/java.util.concurrent.Executors$RunnableAdapter.call(Executors.java:572)&#10;        at java.base@21.0.8/java.util.concurrent.FutureTask.run(FutureTask.java:317)&#10;        at java.base@21.0.8/java.util.concurrent.ThreadPoolExecutor.runWorker(ThreadPoolExecutor.java:1144)&#10;        at java.base@21.0.8/java.util.concurrent.ThreadPoolExecutor$Worker.run(ThreadPoolExecutor.java:642)&#10;        at java.base@21.0.8/java.lang.Thread.runWith(Thread.java:1596)&#10;        at java.base@21.0.8/java.lang.Thread.run(Thread.java:1583)&#10;&quot;d5ad88c2-6e7a-4660-bab6-a4e8807a575e-BlockDeletingService#1&quot; daemon prio=5 tid=869 in Object.wait()&#10;java.lang.Thread.State: WAITING (on object monitor)&#10;        at java.base@21.0.8/jdk.internal.misc.Unsafe.park(Native Method)&#10;        at java.base@21.0.8/java.util.concurrent.locks.LockSupport.park(LockSupport.java:371)&#10;        at java.base@21.0.8/java.util.concurrent.locks.AbstractQueuedSynchronizer$ConditionNode.block(AbstractQueuedSynchronizer.java:519)&#10;        at java.base@21.0.8/java.util.concurrent.ForkJoinPool.unmanagedBlock(ForkJoinPool.java:3780)&#10;        at java.base@21.0.8/java.util.concurrent.ForkJoinPool.managedBlock(ForkJoinPool.java:3725)&#10;        at java.base@21.0.8/java.util.concurrent.locks.AbstractQueuedSynchronizer$ConditionObject.await(AbstractQueuedSynchronizer.java:1712)&#10;        at java.base@21.0.8/java.util.concurrent.ScheduledThreadPoolExecutor$DelayedWorkQueue.take(ScheduledThreadPoolExecutor.java:1177)&#10;        at java.base@21.0.8/java.util.concurrent.ScheduledThreadPoolExecutor$DelayedWorkQueue.take(ScheduledThreadPoolExecutor.java:899)&#10;        at java.base@21.0.8/java.util.concurrent.ThreadPoolExecutor.getTask(ThreadPoolExecutor.java:1070)&#10;        at java.base@21.0.8/java.util.concurrent.ThreadPoolExecutor.runWorker(ThreadPoolExecutor.java:1130)&#10;        at java.base@21.0.8/java.util.concurrent.ThreadPoolExecutor$Worker.run(ThreadPoolExecutor.java:642)&#10;        at java.base@21.0.8/java.lang.Thread.runWith(Thread.java:1596)&#10;        at java.base@21.0.8/java.lang.Thread.run(Thread.java:1583)&#10;&quot;IPC Server handler 16 on default port 15004&quot; daemon prio=5 tid=355 timed_waiting&#10;java.lang.Thread.State: TIMED_WAITING&#10;        at java.base@21.0.8/jdk.internal.misc.Unsafe.park(Native Method)&#10;        at java.base@21.0.8/java.util.concurrent.locks.LockSupport.parkNanos(LockSupport.java:269)&#10;        at java.base@21.0.8/java.util.concurrent.locks.AbstractQueuedSynchronizer$ConditionObject.awaitNanos(AbstractQueuedSynchronizer.java:1763)&#10;        at java.base@21.0.8/java.util.concurrent.LinkedBlockingQueue.poll(LinkedBlockingQueue.java:460)&#10;        at app//org.apache.hadoop.ipc.CallQueueManager.take(CallQueueManager.java:370)&#10;        at app//org.apache.hadoop.ipc.Server$Handler.run(Server.java:3165)&#10;&quot;0ed0910f-4ac9-4f62-be34-d90c51a3e6c9-ReplicationContainerReader-1&quot; daemon prio=5 tid=1329 in Object.wait()&#10;java.lang.Thread.State: WAITING (on object monitor)&#10;        at java.base@21.0.8/jdk.internal.misc.Unsafe.park(Native Method)&#10;        at java.base@21.0.8/java.util.concurrent.locks.LockSupport.park(LockSupport.java:371)&#10;        at java.base@21.0.8/java.util.concurrent.locks.AbstractQueuedSynchronizer$ConditionNode.block(AbstractQueuedSynchronizer.java:519)&#10;        at java.base@21.0.8/java.util.concurrent.ForkJoinPool.unmanagedBlock(ForkJoinPool.java:3780)&#10;        at java.base@21.0.8/java.util.concurrent.ForkJoinPool.managedBlock(ForkJoinPool.java:3725)&#10;        at java.base@21.0.8/java.util.concurrent.locks.AbstractQueuedSynchronizer$ConditionObject.await(AbstractQueuedSynchronizer.java:1712)&#10;        at java.base@21.0.8/java.util.concurrent.LinkedBlockingQueue.take(LinkedBlockingQueue.java:435)&#10;        at java.base@21.0.8/java.util.concurrent.ThreadPoolExecutor.getTask(ThreadPoolExecutor.java:1070)&#10;        at java.base@21.0.8/java.util.concurrent.ThreadPoolExecutor.runWorker(ThreadPoolExecutor.java:1130)&#10;        at java.base@21.0.8/java.util.concurrent.ThreadPoolExecutor$Worker.run(ThreadPoolExecutor.java:642)&#10;        at java.base@21.0.8/java.lang.Thread.runWith(Thread.java:1596)&#10;        at java.base@21.0.8/java.lang.Thread.run(Thread.java:1583)&#10;&quot;IPC Server idle connection scanner for port 15037&quot; daemon prio=5 tid=880 timed_waiting&#10;java.lang.Thread.State: TIMED_WAITING&#10;        at java.base@21.0.8/java.lang.Object.wait0(Native Method)&#10;        at java.base@21.0.8/java.lang.Object.wait(Object.java:366)&#10;        at java.base@21.0.8/java.util.TimerThread.mainLoop(Timer.java:563)&#10;        at java.base@21.0.8/java.util.TimerThread.run(Timer.java:516)&#10;&quot;0ed0910f-4ac9-4f62-be34-d90c51a3e6c9@group-9A86F6A96A63-SegmentedRaftLogWorker&quot;  prio=5 tid=1089 timed_waiting&#10;java.lang.Thread.State: TIMED_WAITING&#10;        at java.base@21.0.8/jdk.internal.misc.Unsafe.park(Native Method)&#10;        at java.base@21.0.8/java.util.concurrent.locks.LockSupport.parkNanos(LockSupport.java:269)&#10;        at java.base@21.0.8/java.util.concurrent.locks.AbstractQueuedSynchronizer$ConditionObject.awaitNanos(AbstractQueuedSynchronizer.java:1763)&#10;        at app//org.apache.ratis.util.DataBlockingQueue.poll(DataBlockingQueue.java:148)&#10;        at app//org.apache.ratis.server.raftlog.segmented.SegmentedRaftLogWorker.run(SegmentedRaftLogWorker.java:309)&#10;        at app//org.apache.ratis.server.raftlog.segmented.SegmentedRaftLogWorker$$Lambda/0x00007f18e8394d50.run(Unknown Source)&#10;        at java.base@21.0.8/java.util.concurrent.Executors$RunnableAdapter.call(Executors.java:572)&#10;        at java.base@21.0.8/java.util.concurrent.FutureTask.run(FutureTask.java:317)&#10;        at java.base@21.0.8/java.util.concurrent.ThreadPoolExecutor.runWorker(ThreadPoolExecutor.java:1144)&#10;        at java.base@21.0.8/java.util.concurrent.ThreadPoolExecutor$Worker.run(ThreadPoolExecutor.java:642)&#10;        at java.base@21.0.8/java.lang.Thread.runWith(Thread.java:1596)&#10;        at java.base@21.0.8/java.lang.Thread.run(Thread.java:1583)&#10;&quot;IPC Server handler 79 on default port 15003&quot; daemon prio=5 tid=300 timed_waiting&#10;java.lang.Thread.State: TIMED_WAITING&#10;        at java.base@21.0.8/jdk.internal.misc.Unsafe.park(Native Method)&#10;        at java.base@21.0.8/java.util.concurrent.locks.LockSupport.parkNanos(LockSupport.java:269)&#10;        at java.base@21.0.8/java.util.concurrent.locks.AbstractQueuedSynchronizer$ConditionObject.awaitNanos(AbstractQueuedSynchronizer.java:1763)&#10;        at java.base@21.0.8/java.util.concurrent.LinkedBlockingQueue.poll(LinkedBlockingQueue.java:460)&#10;        at app//org.apache.hadoop.ipc.CallQueueManager.take(CallQueueManager.java:370)&#10;        at app//org.apache.hadoop.ipc.Server$Handler.run(Server.java:3165)&#10;&quot;Socket Reader #7 for port 15037&quot; daemon prio=5 tid=876 runnable&#10;java.lang.Thread.State: RUNNABLE&#10;        at java.base@21.0.8/sun.nio.ch.EPoll.wait(Native Method)&#10;        at java.base@21.0.8/sun.nio.ch.EPollSelectorImpl.doSelect(EPollSelectorImpl.java:121)&#10;        at java.base@21.0.8/sun.nio.ch.SelectorImpl.lockAndDoSelect(SelectorImpl.java:130)&#10;        at java.base@21.0.8/sun.nio.ch.SelectorImpl.select(SelectorImpl.java:147)&#10;        at app//org.apache.hadoop.ipc.Server$Listener$Reader.doRunLoop(Server.java:1497)&#10;        at app//org.apache.hadoop.ipc.Server$Listener$Reader.run(Server.java:1476)&#10;&quot;IPC Server handler 22 on default port 15002&quot; daemon prio=5 tid=143 timed_waiting&#10;java.lang.Thread.State: TIMED_WAITING&#10;        at java.base@21.0.8/jdk.internal.misc.Unsafe.park(Native Method)&#10;        at java.base@21.0.8/java.util.concurrent.locks.LockSupport.parkNanos(LockSupport.java:269)&#10;        at java.base@21.0.8/java.util.concurrent.locks.AbstractQueuedSynchronizer$ConditionObject.awaitNanos(AbstractQueuedSynchronizer.java:1763)&#10;        at java.base@21.0.8/java.util.concurrent.LinkedBlockingQueue.poll(LinkedBlockingQueue.java:460)&#10;        at app//org.apache.hadoop.ipc.CallQueueManager.take(CallQueueManager.java:370)&#10;        at app//org.apache.hadoop.ipc.Server$Handler.run(Server.java:3165)&#10;&quot;IPC Server handler 3 on default port 15013&quot; daemon prio=5 tid=698 timed_waiting&#10;java.lang.Thread.State: TIMED_WAITING&#10;        at java.base@21.0.8/jdk.internal.misc.Unsafe.park(Native Method)&#10;        at java.base@21.0.8/java.util.concurrent.locks.LockSupport.parkNanos(LockSupport.java:269)&#10;        at java.base@21.0.8/java.util.concurrent.locks.AbstractQueuedSynchronizer$ConditionObject.awaitNanos(AbstractQueuedSynchronizer.java:1763)&#10;        at java.base@21.0.8/java.util.concurrent.LinkedBlockingQueue.poll(LinkedBlockingQueue.java:460)&#10;        at app//org.apache.hadoop.ipc.CallQueueManager.take(CallQueueManager.java:370)&#10;        at app//org.apache.hadoop.ipc.Server$Handler.run(Server.java:3165)&#10;&quot;IPC Server handler 92 on default port 15001&quot; daemon prio=5 tid=650 timed_waiting&#10;java.lang.Thread.State: TIMED_WAITING&#10;        at java.base@21.0.8/jdk.internal.misc.Unsafe.park(Native Method)&#10;        at java.base@21.0.8/java.util.concurrent.locks.LockSupport.parkNanos(LockSupport.java:269)&#10;        at java.base@21.0.8/java.util.concurrent.locks.AbstractQueuedSynchronizer$ConditionObject.awaitNanos(AbstractQueuedSynchronizer.java:1763)&#10;        at java.base@21.0.8/java.util.concurrent.LinkedBlockingQueue.poll(LinkedBlockingQueue.java:460)&#10;        at app//org.apache.hadoop.ipc.CallQueueManager.take(CallQueueManager.java:370)&#10;        at app//org.apache.hadoop.ipc.Server$Handler.run(Server.java:3165)&#10;&quot;IPC Server handler 30 on default port 15002&quot; daemon prio=5 tid=151 timed_waiting&#10;java.lang.Thread.State: TIMED_WAITING&#10;        at java.base@21.0.8/jdk.internal.misc.Unsafe.park(Native Method)&#10;        at java.base@21.0.8/java.util.concurrent.locks.LockSupport.parkNanos(LockSupport.java:269)&#10;        at java.base@21.0.8/java.util.concurrent.locks.AbstractQueuedSynchronizer$ConditionObject.awaitNanos(AbstractQueuedSynchronizer.java:1763)&#10;        at java.base@21.0.8/java.util.concurrent.LinkedBlockingQueue.poll(LinkedBlockingQueue.java:460)&#10;        at app//org.apache.hadoop.ipc.CallQueueManager.take(CallQueueManager.java:370)&#10;        at app//org.apache.hadoop.ipc.Server$Handler.run(Server.java:3165)&#10;&quot;IPC Server handler 37 on default port 15001&quot; daemon prio=5 tid=595 timed_waiting&#10;java.lang.Thread.State: TIMED_WAITING&#10;        at java.base@21.0.8/jdk.internal.misc.Unsafe.park(Native Method)&#10;        at java.base@21.0.8/java.util.concurrent.locks.LockSupport.parkNanos(LockSupport.java:269)&#10;        at java.base@21.0.8/java.util.concurrent.locks.AbstractQueuedSynchronizer$ConditionObject.awaitNanos(AbstractQueuedSynchronizer.java:1763)&#10;        at java.base@21.0.8/java.util.concurrent.LinkedBlockingQueue.poll(LinkedBlockingQueue.java:460)&#10;        at app//org.apache.hadoop.ipc.CallQueueManager.take(CallQueueManager.java:370)&#10;        at app//org.apache.hadoop.ipc.Server$Handler.run(Server.java:3165)&#10;&quot;0ed0910f-4ac9-4f62-be34-d90c51a3e6c9-ChunkWriter-0-0&quot; daemon prio=5 tid=1019 in Object.wait()&#10;java.lang.Thread.State: WAITING (on object monitor)&#10;        at java.base@21.0.8/jdk.internal.misc.Unsafe.park(Native Method)&#10;        at java.base@21.0.8/java.util.concurrent.locks.LockSupport.park(LockSupport.java:371)&#10;        at java.base@21.0.8/java.util.concurrent.locks.AbstractQueuedSynchronizer$ConditionNode.block(AbstractQueuedSynchronizer.java:519)&#10;        at java.base@21.0.8/java.util.concurrent.ForkJoinPool.unmanagedBlock(ForkJoinPool.java:3780)&#10;        at java.base@21.0.8/java.util.concurrent.ForkJoinPool.managedBlock(ForkJoinPool.java:3725)&#10;        at java.base@21.0.8/java.util.concurrent.locks.AbstractQueuedSynchronizer$ConditionObject.await(AbstractQueuedSynchronizer.java:1712)&#10;        at java.base@21.0.8/java.util.concurrent.LinkedBlockingDeque.takeFirst(LinkedBlockingDeque.java:485)&#10;        at java.base@21.0.8/java.util.concurrent.LinkedBlockingDeque.take(LinkedBlockingDeque.java:673)&#10;        at java.base@21.0.8/java.util.concurrent.ThreadPoolExecutor.getTask(ThreadPoolExecutor.java:1070)&#10;        at java.base@21.0.8/java.util.concurrent.ThreadPoolExecutor.runWorker(ThreadPoolExecutor.java:1130)&#10;        at java.base@21.0.8/java.util.concurrent.ThreadPoolExecutor$Worker.run(ThreadPoolExecutor.java:642)&#10;        at java.base@21.0.8/java.lang.Thread.runWith(Thread.java:1596)&#10;        at java.base@21.0.8/java.lang.Thread.run(Thread.java:1583)&#10;&quot;IPC Server handler 39 on default port 15001&quot; daemon prio=5 tid=597 timed_waiting&#10;java.lang.Thread.State: TIMED_WAITING&#10;        at java.base@21.0.8/jdk.internal.misc.Unsafe.park(Native Method)&#10;        at java.base@21.0.8/java.util.concurrent.locks.LockSupport.parkNanos(LockSupport.java:269)&#10;        at java.base@21.0.8/java.util.concurrent.locks.AbstractQueuedSynchronizer$ConditionObject.awaitNanos(AbstractQueuedSynchronizer.java:1763)&#10;        at java.base@21.0.8/java.util.concurrent.LinkedBlockingQueue.poll(LinkedBlockingQueue.java:460)&#10;        at app//org.apache.hadoop.ipc.CallQueueManager.take(CallQueueManager.java:370)&#10;        at app//org.apache.hadoop.ipc.Server$Handler.run(Server.java:3165)&#10;&quot;IPC Server handler 47 on default port 15003&quot; daemon prio=5 tid=268 timed_waiting&#10;java.lang.Thread.State: TIMED_WAITING&#10;        at java.base@21.0.8/jdk.internal.misc.Unsafe.park(Native Method)&#10;        at java.base@21.0.8/java.util.concurrent.locks.LockSupport.parkNanos(LockSupport.java:269)&#10;        at java.base@21.0.8/java.util.concurrent.locks.AbstractQueuedSynchronizer$ConditionObject.awaitNanos(AbstractQueuedSynchronizer.java:1763)&#10;        at java.base@21.0.8/java.util.concurrent.LinkedBlockingQueue.poll(LinkedBlockingQueue.java:460)&#10;        at app//org.apache.hadoop.ipc.CallQueueManager.take(CallQueueManager.java:370)&#10;        at app//org.apache.hadoop.ipc.Server$Handler.run(Server.java:3165)&#10;&quot;IPC Server handler 76 on default port 15004&quot; daemon prio=5 tid=415 timed_waiting&#10;java.lang.Thread.State: TIMED_WAITING&#10;        at java.base@21.0.8/jdk.internal.misc.Unsafe.park(Native Method)&#10;        at java.base@21.0.8/java.util.concurrent.locks.LockSupport.parkNanos(LockSupport.java:269)&#10;        at java.base@21.0.8/java.util.concurrent.locks.AbstractQueuedSynchronizer$ConditionObject.awaitNanos(AbstractQueuedSynchronizer.java:1763)&#10;        at java.base@21.0.8/java.util.concurrent.LinkedBlockingQueue.poll(LinkedBlockingQueue.java:460)&#10;        at app//org.apache.hadoop.ipc.CallQueueManager.take(CallQueueManager.java:370)&#10;        at app//org.apache.hadoop.ipc.Server$Handler.run(Server.java:3165)&#10;&quot;IPC Server Responder&quot; daemon prio=5 tid=532 runnable&#10;java.lang.Thread.State: RUNNABLE&#10;        at java.base@21.0.8/sun.nio.ch.EPoll.wait(Native Method)&#10;        at java.base@21.0.8/sun.nio.ch.EPollSelectorImpl.doSelect(EPollSelectorImpl.java:121)&#10;        at java.base@21.0.8/sun.nio.ch.SelectorImpl.lockAndDoSelect(SelectorImpl.java:130)&#10;        at java.base@21.0.8/sun.nio.ch.SelectorImpl.select(SelectorImpl.java:142)&#10;        at app//org.apache.hadoop.ipc.Server$Responder.doRunLoop(Server.java:1733)&#10;        at app//org.apache.hadoop.ipc.Server$Responder.run(Server.java:1716)&#10;&quot;IPC Server handler 8 on default port 15021&quot; daemon prio=5 tid=749 timed_waiting&#10;java.lang.Thread.State: TIMED_WAITING&#10;        at java.base@21.0.8/jdk.internal.misc.Unsafe.park(Native Method)&#10;        at java.base@21.0.8/java.util.concurrent.locks.LockSupport.parkNanos(LockSupport.java:269)&#10;        at java.base@21.0.8/java.util.concurrent.locks.AbstractQueuedSynchronizer$ConditionObject.awaitNanos(AbstractQueuedSynchronizer.java:1763)&#10;        at java.base@21.0.8/java.util.concurrent.LinkedBlockingQueue.poll(LinkedBlockingQueue.java:460)&#10;        at app//org.apache.hadoop.ipc.CallQueueManager.take(CallQueueManager.java:370)&#10;        at app//org.apache.hadoop.ipc.Server$Handler.run(Server.java:3165)&#10;&quot;IPC Server handler 1 on default port 15008&quot; daemon prio=5 tid=493 timed_waiting&#10;java.lang.Thread.State: TIMED_WAITING&#10;        at java.base@21.0.8/jdk.internal.misc.Unsafe.park(Native Method)&#10;        at java.base@21.0.8/java.util.concurrent.locks.LockSupport.parkNanos(LockSupport.java:269)&#10;        at java.base@21.0.8/java.util.concurrent.locks.AbstractQueuedSynchronizer$ConditionObject.awaitNanos(AbstractQueuedSynchronizer.java:1763)&#10;        at java.base@21.0.8/java.util.concurrent.LinkedBlockingQueue.poll(LinkedBlockingQueue.java:460)&#10;        at app//org.apache.hadoop.ipc.CallQueueManager.take(CallQueueManager.java:370)&#10;        at app//org.apache.hadoop.ipc.Server$Handler.run(Server.java:3165)&#10;&quot;IPC Server handler 3 on default port 15003&quot; daemon prio=5 tid=224 timed_waiting&#10;java.lang.Thread.State: TIMED_WAITING&#10;        at java.base@21.0.8/jdk.internal.misc.Unsafe.park(Native Method)&#10;        at java.base@21.0.8/java.util.concurrent.locks.LockSupport.parkNanos(LockSupport.java:269)&#10;        at java.base@21.0.8/java.util.concurrent.locks.AbstractQueuedSynchronizer$ConditionObject.awaitNanos(AbstractQueuedSynchronizer.java:1763)&#10;        at java.base@21.0.8/java.util.concurrent.LinkedBlockingQueue.poll(LinkedBlockingQueue.java:460)&#10;        at app//org.apache.hadoop.ipc.CallQueueManager.take(CallQueueManager.java:370)&#10;        at app//org.apache.hadoop.ipc.Server$Handler.run(Server.java:3165)&#10;&quot;IPC Server handler 86 on default port 15002&quot; daemon prio=5 tid=207 timed_waiting&#10;java.lang.Thread.State: TIMED_WAITING&#10;        at java.base@21.0.8/jdk.internal.misc.Unsafe.park(Native Method)&#10;        at java.base@21.0.8/java.util.concurrent.locks.LockSupport.parkNanos(LockSupport.java:269)&#10;        at java.base@21.0.8/java.util.concurrent.locks.AbstractQueuedSynchronizer$ConditionObject.awaitNanos(AbstractQueuedSynchronizer.java:1763)&#10;        at java.base@21.0.8/java.util.concurrent.LinkedBlockingQueue.poll(LinkedBlockingQueue.java:460)&#10;        at app//org.apache.hadoop.ipc.CallQueueManager.take(CallQueueManager.java:370)&#10;        at app//org.apache.hadoop.ipc.Server$Handler.run(Server.java:3165)&#10;&quot;IPC Server handler 7 on default port 15003&quot; daemon prio=5 tid=228 timed_waiting&#10;java.lang.Thread.State: TIMED_WAITING&#10;        at java.base@21.0.8/jdk.internal.misc.Unsafe.park(Native Method)&#10;        at java.base@21.0.8/java.util.concurrent.locks.LockSupport.parkNanos(LockSupport.java:269)&#10;        at java.base@21.0.8/java.util.concurrent.locks.AbstractQueuedSynchronizer$ConditionObject.awaitNanos(AbstractQueuedSynchronizer.java:1763)&#10;        at java.base@21.0.8/java.util.concurrent.LinkedBlockingQueue.poll(LinkedBlockingQueue.java:460)&#10;        at app//org.apache.hadoop.ipc.CallQueueManager.take(CallQueueManager.java:370)&#10;        at app//org.apache.hadoop.ipc.Server$Handler.run(Server.java:3165)&#10;&quot;Hadoop-Metrics-Updater-0&quot; daemon prio=5 tid=740 timed_waiting&#10;java.lang.Thread.State: TIMED_WAITING&#10;        at java.base@21.0.8/jdk.internal.misc.Unsafe.park(Native Method)&#10;        at java.base@21.0.8/java.util.concurrent.locks.LockSupport.parkNanos(LockSupport.java:269)&#10;        at java.base@21.0.8/java.util.concurrent.locks.AbstractQueuedSynchronizer$ConditionObject.awaitNanos(AbstractQueuedSynchronizer.java:1763)&#10;        at java.base@21.0.8/java.util.concurrent.ScheduledThreadPoolExecutor$DelayedWorkQueue.take(ScheduledThreadPoolExecutor.java:1182)&#10;        at java.base@21.0.8/java.util.concurrent.ScheduledThreadPoolExecutor$DelayedWorkQueue.take(ScheduledThreadPoolExecutor.java:899)&#10;        at java.base@21.0.8/java.util.concurrent.ThreadPoolExecutor.getTask(ThreadPoolExecutor.java:1070)&#10;        at java.base@21.0.8/java.util.concurrent.ThreadPoolExecutor.runWorker(ThreadPoolExecutor.java:1130)&#10;        at java.base@21.0.8/java.util.concurrent.ThreadPoolExecutor$Worker.run(ThreadPoolExecutor.java:642)&#10;        at java.base@21.0.8/java.lang.Thread.runWith(Thread.java:1596)&#10;        at java.base@21.0.8/java.lang.Thread.run(Thread.java:1583)&#10;&quot;Socket Reader #5 for port 15002&quot; daemon prio=5 tid=95 runnable&#10;java.lang.Thread.State: RUNNABLE&#10;        at java.base@21.0.8/sun.nio.ch.EPoll.wait(Native Method)&#10;        at java.base@21.0.8/sun.nio.ch.EPollSelectorImpl.doSelect(EPollSelectorImpl.java:121)&#10;        at java.base@21.0.8/sun.nio.ch.SelectorImpl.lockAndDoSelect(SelectorImpl.java:130)&#10;        at java.base@21.0.8/sun.nio.ch.SelectorImpl.select(SelectorImpl.java:147)&#10;        at app//org.apache.hadoop.ipc.Server$Listener$Reader.doRunLoop(Server.java:1497)&#10;        at app//org.apache.hadoop.ipc.Server$Listener$Reader.run(Server.java:1476)&#10;&quot;d5ad88c2-6e7a-4660-bab6-a4e8807a575e-ChunkWriter-1-0&quot; daemon prio=5 tid=859 in Object.wait()&#10;java.lang.Thread.State: WAITING (on object monitor)&#10;        at java.base@21.0.8/jdk.internal.misc.Unsafe.park(Native Method)&#10;        at java.base@21.0.8/java.util.concurrent.locks.LockSupport.park(LockSupport.java:371)&#10;        at java.base@21.0.8/java.util.concurrent.locks.AbstractQueuedSynchronizer$ConditionNode.block(AbstractQueuedSynchronizer.java:519)&#10;        at java.base@21.0.8/java.util.concurrent.ForkJoinPool.unmanagedBlock(ForkJoinPool.java:3780)&#10;        at java.base@21.0.8/java.util.concurrent.ForkJoinPool.managedBlock(ForkJoinPool.java:3725)&#10;        at java.base@21.0.8/java.util.concurrent.locks.AbstractQueuedSynchronizer$ConditionObject.await(AbstractQueuedSynchronizer.java:1712)&#10;        at java.base@21.0.8/java.util.concurrent.LinkedBlockingDeque.takeFirst(LinkedBlockingDeque.java:485)&#10;        at java.base@21.0.8/java.util.concurrent.LinkedBlockingDeque.take(LinkedBlockingDeque.java:673)&#10;        at java.base@21.0.8/java.util.concurrent.ThreadPoolExecutor.getTask(ThreadPoolExecutor.java:1070)&#10;        at java.base@21.0.8/java.util.concurrent.ThreadPoolExecutor.runWorker(ThreadPoolExecutor.java:1130)&#10;        at java.base@21.0.8/java.util.concurrent.ThreadPoolExecutor$Worker.run(ThreadPoolExecutor.java:642)&#10;        at java.base@21.0.8/java.lang.Thread.runWith(Thread.java:1596)&#10;        at java.base@21.0.8/java.lang.Thread.run(Thread.java:1583)&#10;&quot;IPC Server handler 0 on default port 15008&quot; daemon prio=5 tid=492 timed_waiting&#10;java.lang.Thread.State: TIMED_WAITING&#10;        at java.base@21.0.8/jdk.internal.misc.Unsafe.park(Native Method)&#10;        at java.base@21.0.8/java.util.concurrent.locks.LockSupport.parkNanos(LockSupport.java:269)&#10;        at java.base@21.0.8/java.util.concurrent.locks.AbstractQueuedSynchronizer$ConditionObject.awaitNanos(AbstractQueuedSynchronizer.java:1763)&#10;        at java.base@21.0.8/java.util.concurrent.LinkedBlockingQueue.poll(LinkedBlockingQueue.java:460)&#10;        at app//org.apache.hadoop.ipc.CallQueueManager.take(CallQueueManager.java:370)&#10;        at app//org.apache.hadoop.ipc.Server$Handler.run(Server.java:3165)&#10;&quot;IPC Server handler 12 on default port 15002&quot; daemon prio=5 tid=133 timed_waiting&#10;java.lang.Thread.State: TIMED_WAITING&#10;        at java.base@21.0.8/jdk.internal.misc.Unsafe.park(Native Method)&#10;        at java.base@21.0.8/java.util.concurrent.locks.LockSupport.parkNanos(LockSupport.java:269)&#10;        at java.base@21.0.8/java.util.concurrent.locks.AbstractQueuedSynchronizer$ConditionObject.awaitNanos(AbstractQueuedSynchronizer.java:1763)&#10;        at java.base@21.0.8/java.util.concurrent.LinkedBlockingQueue.poll(LinkedBlockingQueue.java:460)&#10;        at app//org.apache.hadoop.ipc.CallQueueManager.take(CallQueueManager.java:370)&#10;        at app//org.apache.hadoop.ipc.Server$Handler.run(Server.java:3165)&#10;&quot;0ed0910f-4ac9-4f62-be34-d90c51a3e6c9-CommandProcessorThread&quot; daemon prio=5 tid=977 timed_waiting&#10;java.lang.Thread.State: TIMED_WAITING&#10;        at java.base@21.0.8/java.lang.Thread.sleep0(Native Method)&#10;        at java.base@21.0.8/java.lang.Thread.sleep(Thread.java:509)&#10;        at app//org.apache.hadoop.ozone.container.common.statemachine.DatanodeStateMachine.lambda$initCommandHandlerThread$4(DatanodeStateMachine.java:681)&#10;        at app//org.apache.hadoop.ozone.container.common.statemachine.DatanodeStateMachine$$Lambda/0x00007f18e8c9c828.run(Unknown Source)&#10;        at java.base@21.0.8/java.lang.Thread.runWith(Thread.java:1596)&#10;        at java.base@21.0.8/java.lang.Thread.run(Thread.java:1583)&#10;&quot;IPC Server handler 82 on default port 15003&quot; daemon prio=5 tid=303 timed_waiting&#10;java.lang.Thread.State: TIMED_WAITING&#10;        at java.base@21.0.8/jdk.internal.misc.Unsafe.park(Native Method)&#10;        at java.base@21.0.8/java.util.concurrent.locks.LockSupport.parkNanos(LockSupport.java:269)&#10;        at java.base@21.0.8/java.util.concurrent.locks.AbstractQueuedSynchronizer$ConditionObject.awaitNanos(AbstractQueuedSynchronizer.java:1763)&#10;        at java.base@21.0.8/java.util.concurrent.LinkedBlockingQueue.poll(LinkedBlockingQueue.java:460)&#10;        at app//org.apache.hadoop.ipc.CallQueueManager.take(CallQueueManager.java:370)&#10;        at app//org.apache.hadoop.ipc.Server$Handler.run(Server.java:3165)&#10;&quot;IPC Server handler 5 on default port 15008&quot; daemon prio=5 tid=497 timed_waiting&#10;java.lang.Thread.State: TIMED_WAITING&#10;        at java.base@21.0.8/jdk.internal.misc.Unsafe.park(Native Method)&#10;        at java.base@21.0.8/java.util.concurrent.locks.LockSupport.parkNanos(LockSupport.java:269)&#10;        at java.base@21.0.8/java.util.concurrent.locks.AbstractQueuedSynchronizer$ConditionObject.awaitNanos(AbstractQueuedSynchronizer.java:1763)&#10;        at java.base@21.0.8/java.util.concurrent.LinkedBlockingQueue.poll(LinkedBlockingQueue.java:460)&#10;        at app//org.apache.hadoop.ipc.CallQueueManager.take(CallQueueManager.java:370)&#10;        at app//org.apache.hadoop.ipc.Server$Handler.run(Server.java:3165)&#10;&quot;d5ad88c2-6e7a-4660-bab6-a4e8807a575e@group-4D151320670C-LeaderStateImpl&quot; daemon prio=5 tid=1099 timed_waiting&#10;java.lang.Thread.State: TIMED_WAITING&#10;        at java.base@21.0.8/jdk.internal.misc.Unsafe.park(Native Method)&#10;        at java.base@21.0.8/java.util.concurrent.locks.LockSupport.parkNanos(LockSupport.java:269)&#10;        at java.base@21.0.8/java.util.concurrent.locks.AbstractQueuedSynchronizer$ConditionObject.awaitNanos(AbstractQueuedSynchronizer.java:1763)&#10;        at java.base@21.0.8/java.util.concurrent.ArrayBlockingQueue.poll(ArrayBlockingQueue.java:435)&#10;        at app//org.apache.ratis.server.impl.LeaderStateImpl$EventQueue.poll(LeaderStateImpl.java:168)&#10;        at app//org.apache.ratis.server.impl.LeaderStateImpl$EventProcessor.run(LeaderStateImpl.java:761)&#10;&quot;0ed0910f-4ac9-4f62-be34-d90c51a3e6c9-impl-thread1&quot; daemon prio=5 tid=903 timed_waiting&#10;java.lang.Thread.State: TIMED_WAITING&#10;        at java.base@21.0.8/jdk.internal.misc.Unsafe.park(Native Method)&#10;        at java.base@21.0.8/java.util.concurrent.locks.LockSupport.parkNanos(LockSupport.java:410)&#10;        at java.base@21.0.8/java.util.concurrent.LinkedTransferQueue$DualNode.await(LinkedTransferQueue.java:452)&#10;        at java.base@21.0.8/java.util.concurrent.SynchronousQueue$Transferer.xferLifo(SynchronousQueue.java:194)&#10;        at java.base@21.0.8/java.util.concurrent.SynchronousQueue.xfer(SynchronousQueue.java:235)&#10;        at java.base@21.0.8/java.util.concurrent.SynchronousQueue.poll(SynchronousQueue.java:338)&#10;        at java.base@21.0.8/java.util.concurrent.ThreadPoolExecutor.getTask(ThreadPoolExecutor.java:1069)&#10;        at java.base@21.0.8/java.util.concurrent.ThreadPoolExecutor.runWorker(ThreadPoolExecutor.java:1130)&#10;        at java.base@21.0.8/java.util.concurrent.ThreadPoolExecutor$Worker.run(ThreadPoolExecutor.java:642)&#10;        at java.base@21.0.8/java.lang.Thread.runWith(Thread.java:1596)&#10;        at java.base@21.0.8/java.lang.Thread.run(Thread.java:1583)&#10;&quot;IPC Server handler 3 on default port 15008&quot; daemon prio=5 tid=495 timed_waiting&#10;java.lang.Thread.State: TIMED_WAITING&#10;        at java.base@21.0.8/jdk.internal.misc.Unsafe.park(Native Method)&#10;        at java.base@21.0.8/java.util.concurrent.locks.LockSupport.parkNanos(LockSupport.java:269)&#10;        at java.base@21.0.8/java.util.concurrent.locks.AbstractQueuedSynchronizer$ConditionObject.awaitNanos(AbstractQueuedSynchronizer.java:1763)&#10;        at java.base@21.0.8/java.util.concurrent.LinkedBlockingQueue.poll(LinkedBlockingQueue.java:460)&#10;        at app//org.apache.hadoop.ipc.CallQueueManager.take(CallQueueManager.java:370)&#10;        at app//org.apache.hadoop.ipc.Server$Handler.run(Server.java:3165)&#10;&quot;IPC Server handler 38 on default port 15002&quot; daemon prio=5 tid=159 timed_waiting&#10;java.lang.Thread.State: TIMED_WAITING&#10;        at java.base@21.0.8/jdk.internal.misc.Unsafe.park(Native Method)&#10;        at java.base@21.0.8/java.util.concurrent.locks.LockSupport.parkNanos(LockSupport.java:269)&#10;        at java.base@21.0.8/java.util.concurrent.locks.AbstractQueuedSynchronizer$ConditionObject.awaitNanos(AbstractQueuedSynchronizer.java:1763)&#10;        at java.base@21.0.8/java.util.concurrent.LinkedBlockingQueue.poll(LinkedBlockingQueue.java:460)&#10;        at app//org.apache.hadoop.ipc.CallQueueManager.take(CallQueueManager.java:370)&#10;        at app//org.apache.hadoop.ipc.Server$Handler.run(Server.java:3165)&#10;&quot;IPC Server listener on 15008&quot; daemon prio=5 tid=449 runnable&#10;java.lang.Thread.State: RUNNABLE&#10;        at java.base@21.0.8/sun.nio.ch.EPoll.wait(Native Method)&#10;        at java.base@21.0.8/sun.nio.ch.EPollSelectorImpl.doSelect(EPollSelectorImpl.java:121)&#10;        at java.base@21.0.8/sun.nio.ch.SelectorImpl.lockAndDoSelect(SelectorImpl.java:130)&#10;        at java.base@21.0.8/sun.nio.ch.SelectorImpl.select(SelectorImpl.java:147)&#10;        at app//org.apache.hadoop.ipc.Server$Listener.run(Server.java:1559)&#10;&quot;ContainerMetadataScanner&quot; daemon prio=5 tid=988 timed_waiting&#10;java.lang.Thread.State: TIMED_WAITING&#10;        at java.base@21.0.8/java.lang.Thread.sleep0(Native Method)&#10;        at java.base@21.0.8/java.lang.Thread.sleep(Thread.java:509)&#10;        at app//org.apache.hadoop.ozone.container.ozoneimpl.AbstractBackgroundContainerScanner.handleRemainingSleep(AbstractBackgroundContainerScanner.java:133)&#10;        at app//org.apache.hadoop.ozone.container.ozoneimpl.AbstractBackgroundContainerScanner.runIteration(AbstractBackgroundContainerScanner.java:100)&#10;        at app//org.apache.hadoop.ozone.container.ozoneimpl.AbstractBackgroundContainerScanner.run(AbstractBackgroundContainerScanner.java:59)&#10;        at java.base@21.0.8/java.lang.Thread.runWith(Thread.java:1596)&#10;        at java.base@21.0.8/java.lang.Thread.run(Thread.java:1583)&#10;&quot;346684e1-b57f-4c29-9507-935dad45bd68@group-06B9DB8EB07D-SegmentedRaftLogWorker&quot;  prio=5 tid=1083 timed_waiting&#10;java.lang.Thread.State: TIMED_WAITING&#10;        at java.base@21.0.8/jdk.internal.misc.Unsafe.park(Native Method)&#10;        at java.base@21.0.8/java.util.concurrent.locks.LockSupport.parkNanos(LockSupport.java:269)&#10;        at java.base@21.0.8/java.util.concurrent.locks.AbstractQueuedSynchronizer$ConditionObject.awaitNanos(AbstractQueuedSynchronizer.java:1763)&#10;        at app//org.apache.ratis.util.DataBlockingQueue.poll(DataBlockingQueue.java:148)&#10;        at app//org.apache.ratis.server.raftlog.segmented.SegmentedRaftLogWorker.run(SegmentedRaftLogWorker.java:309)&#10;        at app//org.apache.ratis.server.raftlog.segmented.SegmentedRaftLogWorker$$Lambda/0x00007f18e8394d50.run(Unknown Source)&#10;        at java.base@21.0.8/java.util.concurrent.Executors$RunnableAdapter.call(Executors.java:572)&#10;        at java.base@21.0.8/java.util.concurrent.FutureTask.run(FutureTask.java:317)&#10;        at java.base@21.0.8/java.util.concurrent.ThreadPoolExecutor.runWorker(ThreadPoolExecutor.java:1144)&#10;        at java.base@21.0.8/java.util.concurrent.ThreadPoolExecutor$Worker.run(ThreadPoolExecutor.java:642)&#10;        at java.base@21.0.8/java.lang.Thread.runWith(Thread.java:1596)&#10;        at java.base@21.0.8/java.lang.Thread.run(Thread.java:1583)&#10;&quot;IPC Server handler 10 on default port 15003&quot; daemon prio=5 tid=231 timed_waiting&#10;java.lang.Thread.State: TIMED_WAITING&#10;        at java.base@21.0.8/jdk.internal.misc.Unsafe.park(Native Method)&#10;        at java.base@21.0.8/java.util.concurrent.locks.LockSupport.parkNanos(LockSupport.java:269)&#10;        at java.base@21.0.8/java.util.concurrent.locks.AbstractQueuedSynchronizer$ConditionObject.awaitNanos(AbstractQueuedSynchronizer.java:1763)&#10;        at java.base@21.0.8/java.util.concurrent.LinkedBlockingQueue.poll(LinkedBlockingQueue.java:460)&#10;        at app//org.apache.hadoop.ipc.CallQueueManager.take(CallQueueManager.java:370)&#10;        at app//org.apache.hadoop.ipc.Server$Handler.run(Server.java:3165)&#10;&quot;IPC Server handler 77 on default port 15004&quot; daemon prio=5 tid=416 timed_waiting&#10;java.lang.Thread.State: TIMED_WAITING&#10;        at java.base@21.0.8/jdk.internal.misc.Unsafe.park(Native Method)&#10;        at java.base@21.0.8/java.util.concurrent.locks.LockSupport.parkNanos(LockSupport.java:269)&#10;        at java.base@21.0.8/java.util.concurrent.locks.AbstractQueuedSynchronizer$ConditionObject.awaitNanos(AbstractQueuedSynchronizer.java:1763)&#10;        at java.base@21.0.8/java.util.concurrent.LinkedBlockingQueue.poll(LinkedBlockingQueue.java:460)&#10;        at app//org.apache.hadoop.ipc.CallQueueManager.take(CallQueueManager.java:370)&#10;        at app//org.apache.hadoop.ipc.Server$Handler.run(Server.java:3165)&#10;&quot;Recon-FixedThreadPoolWithAffinityExecutor-0-0&quot; daemon prio=5 tid=534 timed_waiting&#10;java.lang.Thread.State: TIMED_WAITING&#10;        at java.base@21.0.8/jdk.internal.misc.Unsafe.park(Native Method)&#10;        at java.base@21.0.8/java.util.concurrent.locks.LockSupport.parkNanos(LockSupport.java:269)&#10;        at java.base@21.0.8/java.util.concurrent.locks.AbstractQueuedSynchronizer$ConditionObject.awaitNanos(AbstractQueuedSynchronizer.java:1763)&#10;        at java.base@21.0.8/java.util.concurrent.LinkedBlockingQueue.poll(LinkedBlockingQueue.java:460)&#10;        at app//org.apache.hadoop.hdds.scm.server.ContainerReportQueue.poll(ContainerReportQueue.java:269)&#10;        at app//org.apache.hadoop.hdds.scm.server.ContainerReportQueue.poll(ContainerReportQueue.java:42)&#10;        at app//org.apache.hadoop.hdds.server.events.FixedThreadPoolWithAffinityExecutor$ContainerReportProcessTask.run(FixedThreadPoolWithAffinityExecutor.java:228)&#10;        at java.base@21.0.8/java.util.concurrent.Executors$RunnableAdapter.call(Executors.java:572)&#10;        at java.base@21.0.8/java.util.concurrent.FutureTask.run(FutureTask.java:317)&#10;        at java.base@21.0.8/java.util.concurrent.ThreadPoolExecutor.runWorker(ThreadPoolExecutor.java:1144)&#10;        at java.base@21.0.8/java.util.concurrent.ThreadPoolExecutor$Worker.run(ThreadPoolExecutor.java:642)&#10;        at java.base@21.0.8/java.lang.Thread.runWith(Thread.java:1596)&#10;        at java.base@21.0.8/java.lang.Thread.run(Thread.java:1583)&#10;&quot;qtp1553533936-484&quot; daemon prio=5 tid=484 timed_waiting&#10;java.lang.Thread.State: TIMED_WAITING&#10;        at java.base@21.0.8/jdk.internal.misc.Unsafe.park(Native Method)&#10;        at java.base@21.0.8/java.util.concurrent.locks.LockSupport.parkNanos(LockSupport.java:269)&#10;        at java.base@21.0.8/java.util.concurrent.locks.AbstractQueuedSynchronizer$ConditionObject.awaitNanos(AbstractQueuedSynchronizer.java:1763)&#10;        at app//org.eclipse.jetty.util.BlockingArrayQueue.poll(BlockingArrayQueue.java:382)&#10;        at app//org.eclipse.jetty.util.thread.QueuedThreadPool$Runner.idleJobPoll(QueuedThreadPool.java:974)&#10;        at app//org.eclipse.jetty.util.thread.QueuedThreadPool$Runner.run(QueuedThreadPool.java:1018)&#10;        at java.base@21.0.8/java.lang.Thread.runWith(Thread.java:1596)&#10;        at java.base@21.0.8/java.lang.Thread.run(Thread.java:1583)&#10;&quot;IPC Server handler 94 on default port 15001&quot; daemon prio=5 tid=652 timed_waiting&#10;java.lang.Thread.State: TIMED_WAITING&#10;        at java.base@21.0.8/jdk.internal.misc.Unsafe.park(Native Method)&#10;        at java.base@21.0.8/java.util.concurrent.locks.LockSupport.parkNanos(LockSupport.java:269)&#10;        at java.base@21.0.8/java.util.concurrent.locks.AbstractQueuedSynchronizer$ConditionObject.awaitNanos(AbstractQueuedSynchronizer.java:1763)&#10;        at java.base@21.0.8/java.util.concurrent.LinkedBlockingQueue.poll(LinkedBlockingQueue.java:460)&#10;        at app//org.apache.hadoop.ipc.CallQueueManager.take(CallQueueManager.java:370)&#10;        at app//org.apache.hadoop.ipc.Server$Handler.run(Server.java:3165)&#10;&quot;IPC Server handler 97 on default port 15003&quot; daemon prio=5 tid=318 timed_waiting&#10;java.lang.Thread.State: TIMED_WAITING&#10;        at java.base@21.0.8/jdk.internal.misc.Unsafe.park(Native Method)&#10;        at java.base@21.0.8/java.util.concurrent.locks.LockSupport.parkNanos(LockSupport.java:269)&#10;        at java.base@21.0.8/java.util.concurrent.locks.AbstractQueuedSynchronizer$ConditionObject.awaitNanos(AbstractQueuedSynchronizer.java:1763)&#10;        at java.base@21.0.8/java.util.concurrent.LinkedBlockingQueue.poll(LinkedBlockingQueue.java:460)&#10;        at app//org.apache.hadoop.ipc.CallQueueManager.take(CallQueueManager.java:370)&#10;        at app//org.apache.hadoop.ipc.Server$Handler.run(Server.java:3165)&#10;&quot;Socket Reader #3 for port 15002&quot; daemon prio=5 tid=93 runnable&#10;java.lang.Thread.State: RUNNABLE&#10;        at java.base@21.0.8/sun.nio.ch.EPoll.wait(Native Method)&#10;        at java.base@21.0.8/sun.nio.ch.EPollSelectorImpl.doSelect(EPollSelectorImpl.java:121)&#10;        at java.base@21.0.8/sun.nio.ch.SelectorImpl.lockAndDoSelect(SelectorImpl.java:130)&#10;        at java.base@21.0.8/sun.nio.ch.SelectorImpl.select(SelectorImpl.java:147)&#10;        at app//org.apache.hadoop.ipc.Server$Listener$Reader.doRunLoop(Server.java:1497)&#10;        at app//org.apache.hadoop.ipc.Server$Listener$Reader.run(Server.java:1476)&#10;&quot;IPC Server handler 7 on default port 15008&quot; daemon prio=5 tid=499 timed_waiting&#10;java.lang.Thread.State: TIMED_WAITING&#10;        at java.base@21.0.8/jdk.internal.misc.Unsafe.park(Native Method)&#10;        at java.base@21.0.8/java.util.concurrent.locks.LockSupport.parkNanos(LockSupport.java:269)&#10;        at java.base@21.0.8/java.util.concurrent.locks.AbstractQueuedSynchronizer$ConditionObject.awaitNanos(AbstractQueuedSynchronizer.java:1763)&#10;        at java.base@21.0.8/java.util.concurrent.LinkedBlockingQueue.poll(LinkedBlockingQueue.java:460)&#10;        at app//org.apache.hadoop.ipc.CallQueueManager.take(CallQueueManager.java:370)&#10;        at app//org.apache.hadoop.ipc.Server$Handler.run(Server.java:3165)&#10;&quot;SnapshotCacheCleanupService&quot; daemon prio=5 tid=443 timed_waiting&#10;java.lang.Thread.State: TIMED_WAITING&#10;        at java.base@21.0.8/jdk.internal.misc.Unsafe.park(Native Method)&#10;        at java.base@21.0.8/java.util.concurrent.locks.LockSupport.parkNanos(LockSupport.java:269)&#10;        at java.base@21.0.8/java.util.concurrent.locks.AbstractQueuedSynchronizer$ConditionObject.awaitNanos(AbstractQueuedSynchronizer.java:1763)&#10;        at java.base@21.0.8/java.util.concurrent.ScheduledThreadPoolExecutor$DelayedWorkQueue.take(ScheduledThreadPoolExecutor.java:1182)&#10;        at java.base@21.0.8/java.util.concurrent.ScheduledThreadPoolExecutor$DelayedWorkQueue.take(ScheduledThreadPoolExecutor.java:899)&#10;        at java.base@21.0.8/java.util.concurrent.ThreadPoolExecutor.getTask(ThreadPoolExecutor.java:1070)&#10;        at java.base@21.0.8/java.util.concurrent.ThreadPoolExecutor.runWorker(ThreadPoolExecutor.java:1130)&#10;        at java.base@21.0.8/java.util.concurrent.ThreadPoolExecutor$Worker.run(ThreadPoolExecutor.java:642)&#10;        at java.base@21.0.8/java.lang.Thread.runWith(Thread.java:1596)&#10;        at java.base@21.0.8/java.lang.Thread.run(Thread.java:1583)&#10;&quot;Hadoop-Metrics-Updater-0&quot; daemon prio=5 tid=533 timed_waiting&#10;java.lang.Thread.State: TIMED_WAITING&#10;        at java.base@21.0.8/jdk.internal.misc.Unsafe.park(Native Method)&#10;        at java.base@21.0.8/java.util.concurrent.locks.LockSupport.parkNanos(LockSupport.java:269)&#10;        at java.base@21.0.8/java.util.concurrent.locks.AbstractQueuedSynchronizer$ConditionObject.awaitNanos(AbstractQueuedSynchronizer.java:1763)&#10;        at java.base@21.0.8/java.util.concurrent.ScheduledThreadPoolExecutor$DelayedWorkQueue.take(ScheduledThreadPoolExecutor.java:1182)&#10;        at java.base@21.0.8/java.util.concurrent.ScheduledThreadPoolExecutor$DelayedWorkQueue.take(ScheduledThreadPoolExecutor.java:899)&#10;        at java.base@21.0.8/java.util.concurrent.ThreadPoolExecutor.getTask(ThreadPoolExecutor.java:1070)&#10;        at java.base@21.0.8/java.util.concurrent.ThreadPoolExecutor.runWorker(ThreadPoolExecutor.java:1130)&#10;        at java.base@21.0.8/java.util.concurrent.ThreadPoolExecutor$Worker.run(ThreadPoolExecutor.java:642)&#10;        at java.base@21.0.8/java.lang.Thread.runWith(Thread.java:1596)&#10;        at java.base@21.0.8/java.lang.Thread.run(Thread.java:1583)&#10;&quot;qtp391903823-549&quot; daemon prio=5 tid=549 timed_waiting&#10;java.lang.Thread.State: TIMED_WAITING&#10;        at java.base@21.0.8/jdk.internal.misc.Unsafe.park(Native Method)&#10;        at java.base@21.0.8/java.util.concurrent.locks.LockSupport.parkNanos(LockSupport.java:410)&#10;        at java.base@21.0.8/java.util.concurrent.LinkedTransferQueue$DualNode.await(LinkedTransferQueue.java:452)&#10;        at java.base@21.0.8/java.util.concurrent.SynchronousQueue$Transferer.xferLifo(SynchronousQueue.java:194)&#10;        at java.base@21.0.8/java.util.concurrent.SynchronousQueue.xfer(SynchronousQueue.java:235)&#10;        at java.base@21.0.8/java.util.concurrent.SynchronousQueue.poll(SynchronousQueue.java:338)&#10;        at app//org.eclipse.jetty.util.thread.ReservedThreadExecutor$ReservedThread.reservedWait(ReservedThreadExecutor.java:324)&#10;        at app//org.eclipse.jetty.util.thread.ReservedThreadExecutor$ReservedThread.run(ReservedThreadExecutor.java:399)&#10;        at app//org.eclipse.jetty.util.thread.QueuedThreadPool.runJob(QueuedThreadPool.java:883)&#10;        at app//org.eclipse.jetty.util.thread.QueuedThreadPool$Runner.run(QueuedThreadPool.java:1034)&#10;        at java.base@21.0.8/java.lang.Thread.runWith(Thread.java:1596)&#10;        at java.base@21.0.8/java.lang.Thread.run(Thread.java:1583)&#10;&quot;IPC Server handler 95 on default port 15004&quot; daemon prio=5 tid=434 timed_waiting&#10;java.lang.Thread.State: TIMED_WAITING&#10;        at java.base@21.0.8/jdk.internal.misc.Unsafe.park(Native Method)&#10;        at java.base@21.0.8/java.util.concurrent.locks.LockSupport.parkNanos(LockSupport.java:269)&#10;        at java.base@21.0.8/java.util.concurrent.locks.AbstractQueuedSynchronizer$ConditionObject.awaitNanos(AbstractQueuedSynchronizer.java:1763)&#10;        at java.base@21.0.8/java.util.concurrent.LinkedBlockingQueue.poll(LinkedBlockingQueue.java:460)&#10;        at app//org.apache.hadoop.ipc.CallQueueManager.take(CallQueueManager.java:370)&#10;        at app//org.apache.hadoop.ipc.Server$Handler.run(Server.java:3165)&#10;&quot;IPC Server handler 73 on default port 15001&quot; daemon prio=5 tid=631 timed_waiting&#10;java.lang.Thread.State: TIMED_WAITING&#10;        at java.base@21.0.8/jdk.internal.misc.Unsafe.park(Native Method)&#10;        at java.base@21.0.8/java.util.concurrent.locks.LockSupport.parkNanos(LockSupport.java:269)&#10;        at java.base@21.0.8/java.util.concurrent.locks.AbstractQueuedSynchronizer$ConditionObject.awaitNanos(AbstractQueuedSynchronizer.java:1763)&#10;        at java.base@21.0.8/java.util.concurrent.LinkedBlockingQueue.poll(LinkedBlockingQueue.java:460)&#10;        at app//org.apache.hadoop.ipc.CallQueueManager.take(CallQueueManager.java:370)&#10;        at app//org.apache.hadoop.ipc.Server$Handler.run(Server.java:3165)&#10;&quot;qtp396271801-329&quot; daemon prio=5 tid=329 timed_waiting&#10;java.lang.Thread.State: TIMED_WAITING&#10;        at java.base@21.0.8/jdk.internal.misc.Unsafe.park(Native Method)&#10;        at java.base@21.0.8/java.util.concurrent.locks.LockSupport.parkNanos(LockSupport.java:269)&#10;        at java.base@21.0.8/java.util.concurrent.locks.AbstractQueuedSynchronizer$ConditionObject.awaitNanos(AbstractQueuedSynchronizer.java:1763)&#10;        at app//org.eclipse.jetty.util.BlockingArrayQueue.poll(BlockingArrayQueue.java:382)&#10;        at app//org.eclipse.jetty.util.thread.QueuedThreadPool$Runner.idleJobPoll(QueuedThreadPool.java:974)&#10;        at app//org.eclipse.jetty.util.thread.QueuedThreadPool$Runner.run(QueuedThreadPool.java:1018)&#10;        at java.base@21.0.8/java.lang.Thread.runWith(Thread.java:1596)&#10;        at java.base@21.0.8/java.lang.Thread.run(Thread.java:1583)&#10;&quot;IPC Server handler 75 on default port 15002&quot; daemon prio=5 tid=196 timed_waiting&#10;java.lang.Thread.State: TIMED_WAITING&#10;        at java.base@21.0.8/jdk.internal.misc.Unsafe.park(Native Method)&#10;        at java.base@21.0.8/java.util.concurrent.locks.LockSupport.parkNanos(LockSupport.java:269)&#10;        at java.base@21.0.8/java.util.concurrent.locks.AbstractQueuedSynchronizer$ConditionObject.awaitNanos(AbstractQueuedSynchronizer.java:1763)&#10;        at java.base@21.0.8/java.util.concurrent.LinkedBlockingQueue.poll(LinkedBlockingQueue.java:460)&#10;        at app//org.apache.hadoop.ipc.CallQueueManager.take(CallQueueManager.java:370)&#10;        at app//org.apache.hadoop.ipc.Server$Handler.run(Server.java:3165)&#10;&quot;IPC Server handler 45 on default port 15003&quot; daemon prio=5 tid=266 timed_waiting&#10;java.lang.Thread.State: TIMED_WAITING&#10;        at java.base@21.0.8/jdk.internal.misc.Unsafe.park(Native Method)&#10;        at java.base@21.0.8/java.util.concurrent.locks.LockSupport.parkNanos(LockSupport.java:269)&#10;        at java.base@21.0.8/java.util.concurrent.locks.AbstractQueuedSynchronizer$ConditionObject.awaitNanos(AbstractQueuedSynchronizer.java:1763)&#10;        at java.base@21.0.8/java.util.concurrent.LinkedBlockingQueue.poll(LinkedBlockingQueue.java:460)&#10;        at app//org.apache.hadoop.ipc.CallQueueManager.take(CallQueueManager.java:370)&#10;        at app//org.apache.hadoop.ipc.Server$Handler.run(Server.java:3165)&#10;&quot;IPC Server handler 68 on default port 15003&quot; daemon prio=5 tid=289 timed_waiting&#10;java.lang.Thread.State: TIMED_WAITING&#10;        at java.base@21.0.8/jdk.internal.misc.Unsafe.park(Native Method)&#10;        at java.base@21.0.8/java.util.concurrent.locks.LockSupport.parkNanos(LockSupport.java:269)&#10;        at java.base@21.0.8/java.util.concurrent.locks.AbstractQueuedSynchronizer$ConditionObject.awaitNanos(AbstractQueuedSynchronizer.java:1763)&#10;        at java.base@21.0.8/java.util.concurrent.LinkedBlockingQueue.poll(LinkedBlockingQueue.java:460)&#10;        at app//org.apache.hadoop.ipc.CallQueueManager.take(CallQueueManager.java:370)&#10;        at app//org.apache.hadoop.ipc.Server$Handler.run(Server.java:3165)&#10;&quot;IPC Server handler 47 on default port 15004&quot; daemon prio=5 tid=386 timed_waiting&#10;java.lang.Thread.State: TIMED_WAITING&#10;        at java.base@21.0.8/jdk.internal.misc.Unsafe.park(Native Method)&#10;        at java.base@21.0.8/java.util.concurrent.locks.LockSupport.parkNanos(LockSupport.java:269)&#10;        at java.base@21.0.8/java.util.concurrent.locks.AbstractQueuedSynchronizer$ConditionObject.awaitNanos(AbstractQueuedSynchronizer.java:1763)&#10;        at java.base@21.0.8/java.util.concurrent.LinkedBlockingQueue.poll(LinkedBlockingQueue.java:460)&#10;        at app//org.apache.hadoop.ipc.CallQueueManager.take(CallQueueManager.java:370)&#10;        at app//org.apache.hadoop.ipc.Server$Handler.run(Server.java:3165)&#10;&quot;IPC Server handler 64 on default port 15004&quot; daemon prio=5 tid=403 timed_waiting&#10;java.lang.Thread.State: TIMED_WAITING&#10;        at java.base@21.0.8/jdk.internal.misc.Unsafe.park(Native Method)&#10;        at java.base@21.0.8/java.util.concurrent.locks.LockSupport.parkNanos(LockSupport.java:269)&#10;        at java.base@21.0.8/java.util.concurrent.locks.AbstractQueuedSynchronizer$ConditionObject.awaitNanos(AbstractQueuedSynchronizer.java:1763)&#10;        at java.base@21.0.8/java.util.concurrent.LinkedBlockingQueue.poll(LinkedBlockingQueue.java:460)&#10;        at app//org.apache.hadoop.ipc.CallQueueManager.take(CallQueueManager.java:370)&#10;        at app//org.apache.hadoop.ipc.Server$Handler.run(Server.java:3165)&#10;&quot;om1-KeyDeletingService#0&quot; daemon prio=5 tid=472 timed_waiting&#10;java.lang.Thread.State: TIMED_WAITING&#10;        at java.base@21.0.8/jdk.internal.misc.Unsafe.park(Native Method)&#10;        at java.base@21.0.8/java.util.concurrent.locks.LockSupport.parkNanos(LockSupport.java:269)&#10;        at java.base@21.0.8/java.util.concurrent.locks.AbstractQueuedSynchronizer$ConditionObject.awaitNanos(AbstractQueuedSynchronizer.java:1763)&#10;        at java.base@21.0.8/java.util.concurrent.ScheduledThreadPoolExecutor$DelayedWorkQueue.take(ScheduledThreadPoolExecutor.java:1182)&#10;        at java.base@21.0.8/java.util.concurrent.ScheduledThreadPoolExecutor$DelayedWorkQueue.take(ScheduledThreadPoolExecutor.java:899)&#10;        at java.base@21.0.8/java.util.concurrent.ThreadPoolExecutor.getTask(ThreadPoolExecutor.java:1070)&#10;        at java.base@21.0.8/java.util.concurrent.ThreadPoolExecutor.runWorker(ThreadPoolExecutor.java:1130)&#10;        at java.base@21.0.8/java.util.concurrent.ThreadPoolExecutor$Worker.run(ThreadPoolExecutor.java:642)&#10;        at java.base@21.0.8/java.lang.Thread.runWith(Thread.java:1596)&#10;        at java.base@21.0.8/java.lang.Thread.run(Thread.java:1583)&#10;&quot;qtp1685778567-672&quot; daemon prio=5 tid=672 runnable&#10;java.lang.Thread.State: RUNNABLE&#10;        at java.base@21.0.8/sun.nio.ch.EPoll.wait(Native Method)&#10;        at java.base@21.0.8/sun.nio.ch.EPollSelectorImpl.doSelect(EPollSelectorImpl.java:121)&#10;        at java.base@21.0.8/sun.nio.ch.SelectorImpl.lockAndDoSelect(SelectorImpl.java:130)&#10;        at java.base@21.0.8/sun.nio.ch.SelectorImpl.select(SelectorImpl.java:147)&#10;        at app//org.eclipse.jetty.io.ManagedSelector.nioSelect(ManagedSelector.java:183)&#10;        at app//org.eclipse.jetty.io.ManagedSelector.select(ManagedSelector.java:190)&#10;        at app//org.eclipse.jetty.io.ManagedSelector$SelectorProducer.select(ManagedSelector.java:606)&#10;        at app//org.eclipse.jetty.io.ManagedSelector$SelectorProducer.produce(ManagedSelector.java:543)&#10;        at app//org.eclipse.jetty.util.thread.strategy.EatWhatYouKill.produceTask(EatWhatYouKill.java:362)&#10;        at app//org.eclipse.jetty.util.thread.strategy.EatWhatYouKill.doProduce(EatWhatYouKill.java:186)&#10;        at app//org.eclipse.jetty.util.thread.strategy.EatWhatYouKill.tryProduce(EatWhatYouKill.java:173)&#10;        at app//org.eclipse.jetty.util.thread.strategy.EatWhatYouKill.produce(EatWhatYouKill.java:137)&#10;        at app//org.eclipse.jetty.io.ManagedSelector$$Lambda/0x00007f18e86c6408.run(Unknown Source)&#10;        at app//org.eclipse.jetty.util.thread.QueuedThreadPool.runJob(QueuedThreadPool.java:883)&#10;        at app//org.eclipse.jetty.util.thread.QueuedThreadPool$Runner.run(QueuedThreadPool.java:1034)&#10;        at java.base@21.0.8/java.lang.Thread.runWith(Thread.java:1596)&#10;        at java.base@21.0.8/java.lang.Thread.run(Thread.java:1583)&#10;&quot;IPC Server handler 87 on default port 15002&quot; daemon prio=5 tid=208 timed_waiting&#10;java.lang.Thread.State: TIMED_WAITING&#10;        at java.base@21.0.8/jdk.internal.misc.Unsafe.park(Native Method)&#10;        at java.base@21.0.8/java.util.concurrent.locks.LockSupport.parkNanos(LockSupport.java:269)&#10;        at java.base@21.0.8/java.util.concurrent.locks.AbstractQueuedSynchronizer$ConditionObject.awaitNanos(AbstractQueuedSynchronizer.java:1763)&#10;        at java.base@21.0.8/java.util.concurrent.LinkedBlockingQueue.poll(LinkedBlockingQueue.java:460)&#10;        at app//org.apache.hadoop.ipc.CallQueueManager.take(CallQueueManager.java:370)&#10;        at app//org.apache.hadoop.ipc.Server$Handler.run(Server.java:3165)&#10;&quot;IPC Server handler 64 on default port 15002&quot; daemon prio=5 tid=185 timed_waiting&#10;java.lang.Thread.State: TIMED_WAITING&#10;        at java.base@21.0.8/jdk.internal.misc.Unsafe.park(Native Method)&#10;        at java.base@21.0.8/java.util.concurrent.locks.LockSupport.parkNanos(LockSupport.java:269)&#10;        at java.base@21.0.8/java.util.concurrent.locks.AbstractQueuedSynchronizer$ConditionObject.awaitNanos(AbstractQueuedSynchronizer.java:1763)&#10;        at java.base@21.0.8/java.util.concurrent.LinkedBlockingQueue.poll(LinkedBlockingQueue.java:460)&#10;        at app//org.apache.hadoop.ipc.CallQueueManager.take(CallQueueManager.java:370)&#10;        at app//org.apache.hadoop.ipc.Server$Handler.run(Server.java:3165)&#10;&quot;FixedThreadPoolWithAffinityExecutor-7-0&quot; daemon prio=5 tid=111 timed_waiting&#10;java.lang.Thread.State: TIMED_WAITING&#10;        at java.base@21.0.8/jdk.internal.misc.Unsafe.park(Native Method)&#10;        at java.base@21.0.8/java.util.concurrent.locks.LockSupport.parkNanos(LockSupport.java:269)&#10;        at java.base@21.0.8/java.util.concurrent.locks.AbstractQueuedSynchronizer$ConditionObject.awaitNanos(AbstractQueuedSynchronizer.java:1763)&#10;        at java.base@21.0.8/java.util.concurrent.LinkedBlockingQueue.poll(LinkedBlockingQueue.java:460)&#10;        at app//org.apache.hadoop.hdds.scm.server.ContainerReportQueue.poll(ContainerReportQueue.java:269)&#10;        at app//org.apache.hadoop.hdds.scm.server.ContainerReportQueue.poll(ContainerReportQueue.java:42)&#10;        at app//org.apache.hadoop.hdds.server.events.FixedThreadPoolWithAffinityExecutor$ContainerReportProcessTask.run(FixedThreadPoolWithAffinityExecutor.java:228)&#10;        at java.base@21.0.8/java.util.concurrent.Executors$RunnableAdapter.call(Executors.java:572)&#10;        at java.base@21.0.8/java.util.concurrent.FutureTask.run(FutureTask.java:317)&#10;        at java.base@21.0.8/java.util.concurrent.ThreadPoolExecutor.runWorker(ThreadPoolExecutor.java:1144)&#10;        at java.base@21.0.8/java.util.concurrent.ThreadPoolExecutor$Worker.run(ThreadPoolExecutor.java:642)&#10;        at java.base@21.0.8/java.lang.Thread.runWith(Thread.java:1596)&#10;        at java.base@21.0.8/java.lang.Thread.run(Thread.java:1583)&#10;&quot;d5ad88c2-6e7a-4660-bab6-a4e8807a575e-DatanodeReportManager-2&quot; daemon prio=5 tid=754 timed_waiting&#10;java.lang.Thread.State: TIMED_WAITING&#10;        at java.base@21.0.8/jdk.internal.misc.Unsafe.park(Native Method)&#10;        at java.base@21.0.8/java.util.concurrent.locks.LockSupport.parkNanos(LockSupport.java:269)&#10;        at java.base@21.0.8/java.util.concurrent.locks.AbstractQueuedSynchronizer$ConditionObject.awaitNanos(AbstractQueuedSynchronizer.java:1763)&#10;        at java.base@21.0.8/java.util.concurrent.ScheduledThreadPoolExecutor$DelayedWorkQueue.take(ScheduledThreadPoolExecutor.java:1182)&#10;        at java.base@21.0.8/java.util.concurrent.ScheduledThreadPoolExecutor$DelayedWorkQueue.take(ScheduledThreadPoolExecutor.java:899)&#10;        at java.base@21.0.8/java.util.concurrent.ThreadPoolExecutor.getTask(ThreadPoolExecutor.java:1070)&#10;        at java.base@21.0.8/java.util.concurrent.ThreadPoolExecutor.runWorker(ThreadPoolExecutor.java:1130)&#10;        at java.base@21.0.8/java.util.concurrent.ThreadPoolExecutor$Worker.run(ThreadPoolExecutor.java:642)&#10;        at java.base@21.0.8/java.lang.Thread.runWith(Thread.java:1596)&#10;        at java.base@21.0.8/java.lang.Thread.run(Thread.java:1583)&#10;&quot;IPC Server handler 1 on default port 15001&quot; daemon prio=5 tid=559 timed_waiting&#10;java.lang.Thread.State: TIMED_WAITING&#10;        at java.base@21.0.8/jdk.internal.misc.Unsafe.park(Native Method)&#10;        at java.base@21.0.8/java.util.concurrent.locks.LockSupport.parkNanos(LockSupport.java:269)&#10;        at java.base@21.0.8/java.util.concurrent.locks.AbstractQueuedSynchronizer$ConditionObject.awaitNanos(AbstractQueuedSynchronizer.java:1763)&#10;        at java.base@21.0.8/java.util.concurrent.LinkedBlockingQueue.poll(LinkedBlockingQueue.java:460)&#10;        at app//org.apache.hadoop.ipc.CallQueueManager.take(CallQueueManager.java:370)&#10;        at app//org.apache.hadoop.ipc.Server$Handler.run(Server.java:3165)&#10;&quot;IPC Server handler 77 on default port 15002&quot; daemon prio=5 tid=198 timed_waiting&#10;java.lang.Thread.State: TIMED_WAITING&#10;        at java.base@21.0.8/jdk.internal.misc.Unsafe.park(Native Method)&#10;        at java.base@21.0.8/java.util.concurrent.locks.LockSupport.parkNanos(LockSupport.java:269)&#10;        at java.base@21.0.8/java.util.concurrent.locks.AbstractQueuedSynchronizer$ConditionObject.awaitNanos(AbstractQueuedSynchronizer.java:1763)&#10;        at java.base@21.0.8/java.util.concurrent.LinkedBlockingQueue.poll(LinkedBlockingQueue.java:460)&#10;        at app//org.apache.hadoop.ipc.CallQueueManager.take(CallQueueManager.java:370)&#10;        at app//org.apache.hadoop.ipc.Server$Handler.run(Server.java:3165)&#10;&quot;IPC Server handler 57 on default port 15001&quot; daemon prio=5 tid=615 timed_waiting&#10;java.lang.Thread.State: TIMED_WAITING&#10;        at java.base@21.0.8/jdk.internal.misc.Unsafe.park(Native Method)&#10;        at java.base@21.0.8/java.util.concurrent.locks.LockSupport.parkNanos(LockSupport.java:269)&#10;        at java.base@21.0.8/java.util.concurrent.locks.AbstractQueuedSynchronizer$ConditionObject.awaitNanos(AbstractQueuedSynchronizer.java:1763)&#10;        at java.base@21.0.8/java.util.concurrent.LinkedBlockingQueue.poll(LinkedBlockingQueue.java:460)&#10;        at app//org.apache.hadoop.ipc.CallQueueManager.take(CallQueueManager.java:370)&#10;        at app//org.apache.hadoop.ipc.Server$Handler.run(Server.java:3165)&#10;&quot;EventQueue-NewNodeForNewNodeHandler&quot; daemon prio=5 tid=919 in Object.wait()&#10;java.lang.Thread.State: WAITING (on object monitor)&#10;        at java.base@21.0.8/jdk.internal.misc.Unsafe.park(Native Method)&#10;        at java.base@21.0.8/java.util.concurrent.locks.LockSupport.park(LockSupport.java:371)&#10;        at java.base@21.0.8/java.util.concurrent.locks.AbstractQueuedSynchronizer$ConditionNode.block(AbstractQueuedSynchronizer.java:519)&#10;        at java.base@21.0.8/java.util.concurrent.ForkJoinPool.unmanagedBlock(ForkJoinPool.java:3780)&#10;        at java.base@21.0.8/java.util.concurrent.ForkJoinPool.managedBlock(ForkJoinPool.java:3725)&#10;        at java.base@21.0.8/java.util.concurrent.locks.AbstractQueuedSynchronizer$ConditionObject.await(AbstractQueuedSynchronizer.java:1712)&#10;        at java.base@21.0.8/java.util.concurrent.LinkedBlockingQueue.take(LinkedBlockingQueue.java:435)&#10;        at java.base@21.0.8/java.util.concurrent.ThreadPoolExecutor.getTask(ThreadPoolExecutor.java:1070)&#10;        at java.base@21.0.8/java.util.concurrent.ThreadPoolExecutor.runWorker(ThreadPoolExecutor.java:1130)&#10;        at java.base@21.0.8/java.util.concurrent.ThreadPoolExecutor$Worker.run(ThreadPoolExecutor.java:642)&#10;        at java.base@21.0.8/java.lang.Thread.runWith(Thread.java:1596)&#10;        at java.base@21.0.8/java.lang.Thread.run(Thread.java:1583)&#10;&quot;d5ad88c2-6e7a-4660-bab6-a4e8807a575e-DatanodeReportManager-3&quot; daemon prio=5 tid=755 in Object.wait()&#10;java.lang.Thread.State: WAITING (on object monitor)&#10;        at java.base@21.0.8/jdk.internal.misc.Unsafe.park(Native Method)&#10;        at java.base@21.0.8/java.util.concurrent.locks.LockSupport.park(LockSupport.java:371)&#10;        at java.base@21.0.8/java.util.concurrent.locks.AbstractQueuedSynchronizer$ConditionNode.block(AbstractQueuedSynchronizer.java:519)&#10;        at java.base@21.0.8/java.util.concurrent.ForkJoinPool.unmanagedBlock(ForkJoinPool.java:3780)&#10;        at java.base@21.0.8/java.util.concurrent.ForkJoinPool.managedBlock(ForkJoinPool.java:3725)&#10;        at java.base@21.0.8/java.util.concurrent.locks.AbstractQueuedSynchronizer$ConditionObject.await(AbstractQueuedSynchronizer.java:1712)&#10;        at java.base@21.0.8/java.util.concurrent.ScheduledThreadPoolExecutor$DelayedWorkQueue.take(ScheduledThreadPoolExecutor.java:1177)&#10;        at java.base@21.0.8/java.util.concurrent.ScheduledThreadPoolExecutor$DelayedWorkQueue.take(ScheduledThreadPoolExecutor.java:899)&#10;        at java.base@21.0.8/java.util.concurrent.ThreadPoolExecutor.getTask(ThreadPoolExecutor.java:1070)&#10;        at java.base@21.0.8/java.util.concurrent.ThreadPoolExecutor.runWorker(ThreadPoolExecutor.java:1130)&#10;        at java.base@21.0.8/java.util.concurrent.ThreadPoolExecutor$Worker.run(ThreadPoolExecutor.java:642)&#10;        at java.base@21.0.8/java.lang.Thread.runWith(Thread.java:1596)&#10;        at java.base@21.0.8/java.lang.Thread.run(Thread.java:1583)&#10;&quot;IPC Server handler 27 on default port 15001&quot; daemon prio=5 tid=585 timed_waiting&#10;java.lang.Thread.State: TIMED_WAITING&#10;        at java.base@21.0.8/jdk.internal.misc.Unsafe.park(Native Method)&#10;        at java.base@21.0.8/java.util.concurrent.locks.LockSupport.parkNanos(LockSupport.java:269)&#10;        at java.base@21.0.8/java.util.concurrent.locks.AbstractQueuedSynchronizer$ConditionObject.awaitNanos(AbstractQueuedSynchronizer.java:1763)&#10;        at java.base@21.0.8/java.util.concurrent.LinkedBlockingQueue.poll(LinkedBlockingQueue.java:460)&#10;        at app//org.apache.hadoop.ipc.CallQueueManager.take(CallQueueManager.java:370)&#10;        at app//org.apache.hadoop.ipc.Server$Handler.run(Server.java:3165)&#10;&quot;qtp505087261-913&quot; daemon prio=5 tid=913 timed_waiting&#10;java.lang.Thread.State: TIMED_WAITING&#10;        at java.base@21.0.8/jdk.internal.misc.Unsafe.park(Native Method)&#10;        at java.base@21.0.8/java.util.concurrent.locks.LockSupport.parkNanos(LockSupport.java:269)&#10;        at java.base@21.0.8/java.util.concurrent.locks.AbstractQueuedSynchronizer$ConditionObject.awaitNanos(AbstractQueuedSynchronizer.java:1763)&#10;        at app//org.eclipse.jetty.util.BlockingArrayQueue.poll(BlockingArrayQueue.java:382)&#10;        at app//org.eclipse.jetty.util.thread.QueuedThreadPool$Runner.idleJobPoll(QueuedThreadPool.java:974)&#10;        at app//org.eclipse.jetty.util.thread.QueuedThreadPool$Runner.run(QueuedThreadPool.java:1018)&#10;        at java.base@21.0.8/java.lang.Thread.runWith(Thread.java:1596)&#10;        at java.base@21.0.8/java.lang.Thread.run(Thread.java:1583)&#10;&quot;StaleRecoveringContainerScrubbingService#1&quot; daemon prio=5 tid=1028 in Object.wait()&#10;java.lang.Thread.State: WAITING (on object monitor)&#10;        at java.base@21.0.8/jdk.internal.misc.Unsafe.park(Native Method)&#10;        at java.base@21.0.8/java.util.concurrent.locks.LockSupport.park(LockSupport.java:371)&#10;        at java.base@21.0.8/java.util.concurrent.locks.AbstractQueuedSynchronizer$ConditionNode.block(AbstractQueuedSynchronizer.java:519)&#10;        at java.base@21.0.8/java.util.concurrent.ForkJoinPool.unmanagedBlock(ForkJoinPool.java:3780)&#10;        at java.base@21.0.8/java.util.concurrent.ForkJoinPool.managedBlock(ForkJoinPool.java:3725)&#10;        at java.base@21.0.8/java.util.concurrent.locks.AbstractQueuedSynchronizer$ConditionObject.await(AbstractQueuedSynchronizer.java:1712)&#10;        at java.base@21.0.8/java.util.concurrent.ScheduledThreadPoolExecutor$DelayedWorkQueue.take(ScheduledThreadPoolExecutor.java:1177)&#10;        at java.base@21.0.8/java.util.concurrent.ScheduledThreadPoolExecutor$DelayedWorkQueue.take(ScheduledThreadPoolExecutor.java:899)&#10;        at java.base@21.0.8/java.util.concurrent.ThreadPoolExecutor.getTask(ThreadPoolExecutor.java:1070)&#10;        at java.base@21.0.8/java.util.concurrent.ThreadPoolExecutor.runWorker(ThreadPoolExecutor.java:1130)&#10;        at java.base@21.0.8/java.util.concurrent.ThreadPoolExecutor$Worker.run(ThreadPoolExecutor.java:642)&#10;        at java.base@21.0.8/java.lang.Thread.runWith(Thread.java:1596)&#10;        at java.base@21.0.8/java.lang.Thread.run(Thread.java:1583)&#10;&quot;IPC Server handler 2 on default port 15002&quot; daemon prio=5 tid=123 timed_waiting&#10;java.lang.Thread.State: TIMED_WAITING&#10;        at java.base@21.0.8/jdk.internal.misc.Unsafe.park(Native Method)&#10;        at java.base@21.0.8/java.util.concurrent.locks.LockSupport.parkNanos(LockSupport.java:269)&#10;        at java.base@21.0.8/java.util.concurrent.locks.AbstractQueuedSynchronizer$ConditionObject.awaitNanos(AbstractQueuedSynchronizer.java:1763)&#10;        at java.base@21.0.8/java.util.concurrent.LinkedBlockingQueue.poll(LinkedBlockingQueue.java:460)&#10;        at app//org.apache.hadoop.ipc.CallQueueManager.take(CallQueueManager.java:370)&#10;        at app//org.apache.hadoop.ipc.Server$Handler.run(Server.java:3165)&#10;&quot;IPC Server handler 1 on default port 15037&quot; daemon prio=5 tid=884 timed_waiting&#10;java.lang.Thread.State: TIMED_WAITING&#10;        at java.base@21.0.8/jdk.internal.misc.Unsafe.park(Native Method)&#10;        at java.base@21.0.8/java.util.concurrent.locks.LockSupport.parkNanos(LockSupport.java:269)&#10;        at java.base@21.0.8/java.util.concurrent.locks.AbstractQueuedSynchronizer$ConditionObject.awaitNanos(AbstractQueuedSynchronizer.java:1763)&#10;        at java.base@21.0.8/java.util.concurrent.LinkedBlockingQueue.poll(LinkedBlockingQueue.java:460)&#10;        at app//org.apache.hadoop.ipc.CallQueueManager.take(CallQueueManager.java:370)&#10;        at app//org.apache.hadoop.ipc.Server$Handler.run(Server.java:3165)&#10;&quot;SCMBlockDeletingService#0&quot; daemon prio=5 tid=321 timed_waiting&#10;java.lang.Thread.State: TIMED_WAITING&#10;        at java.base@21.0.8/jdk.internal.misc.Unsafe.park(Native Method)&#10;        at java.base@21.0.8/java.util.concurrent.locks.LockSupport.parkNanos(LockSupport.java:269)&#10;        at java.base@21.0.8/java.util.concurrent.locks.AbstractQueuedSynchronizer$ConditionObject.awaitNanos(AbstractQueuedSynchronizer.java:1763)&#10;        at java.base@21.0.8/java.util.concurrent.ScheduledThreadPoolExecutor$DelayedWorkQueue.take(ScheduledThreadPoolExecutor.java:1182)&#10;        at java.base@21.0.8/java.util.concurrent.ScheduledThreadPoolExecutor$DelayedWorkQueue.take(ScheduledThreadPoolExecutor.java:899)&#10;        at java.base@21.0.8/java.util.concurrent.ThreadPoolExecutor.getTask(ThreadPoolExecutor.java:1070)&#10;        at java.base@21.0.8/java.util.concurrent.ThreadPoolExecutor.runWorker(ThreadPoolExecutor.java:1130)&#10;        at java.base@21.0.8/java.util.concurrent.ThreadPoolExecutor$Worker.run(ThreadPoolExecutor.java:642)&#10;        at java.base@21.0.8/java.lang.Thread.runWith(Thread.java:1596)&#10;        at java.base@21.0.8/java.lang.Thread.run(Thread.java:1583)&#10;&quot;Socket Reader #3 for port 15037&quot; daemon prio=5 tid=872 runnable&#10;java.lang.Thread.State: RUNNABLE&#10;        at java.base@21.0.8/sun.nio.ch.EPoll.wait(Native Method)&#10;        at java.base@21.0.8/sun.nio.ch.EPollSelectorImpl.doSelect(EPollSelectorImpl.java:121)&#10;        at java.base@21.0.8/sun.nio.ch.SelectorImpl.lockAndDoSelect(SelectorImpl.java:130)&#10;        at java.base@21.0.8/sun.nio.ch.SelectorImpl.select(SelectorImpl.java:147)&#10;        at app//org.apache.hadoop.ipc.Server$Listener$Reader.doRunLoop(Server.java:1497)&#10;        at app//org.apache.hadoop.ipc.Server$Listener$Reader.run(Server.java:1476)&#10;&quot;IPC Server handler 60 on default port 15002&quot; daemon prio=5 tid=181 timed_waiting&#10;java.lang.Thread.State: TIMED_WAITING&#10;        at java.base@21.0.8/jdk.internal.misc.Unsafe.park(Native Method)&#10;        at java.base@21.0.8/java.util.concurrent.locks.LockSupport.parkNanos(LockSupport.java:269)&#10;        at java.base@21.0.8/java.util.concurrent.locks.AbstractQueuedSynchronizer$ConditionObject.awaitNanos(AbstractQueuedSynchronizer.java:1763)&#10;        at java.base@21.0.8/java.util.concurrent.LinkedBlockingQueue.poll(LinkedBlockingQueue.java:460)&#10;        at app//org.apache.hadoop.ipc.CallQueueManager.take(CallQueueManager.java:370)&#10;        at app//org.apache.hadoop.ipc.Server$Handler.run(Server.java:3165)&#10;&quot;IPC Server handler 20 on default port 15003&quot; daemon prio=5 tid=241 timed_waiting&#10;java.lang.Thread.State: TIMED_WAITING&#10;        at java.base@21.0.8/jdk.internal.misc.Unsafe.park(Native Method)&#10;        at java.base@21.0.8/java.util.concurrent.locks.LockSupport.parkNanos(LockSupport.java:269)&#10;        at java.base@21.0.8/java.util.concurrent.locks.AbstractQueuedSynchronizer$ConditionObject.awaitNanos(AbstractQueuedSynchronizer.java:1763)&#10;        at java.base@21.0.8/java.util.concurrent.LinkedBlockingQueue.poll(LinkedBlockingQueue.java:460)&#10;        at app//org.apache.hadoop.ipc.CallQueueManager.take(CallQueueManager.java:370)&#10;        at app//org.apache.hadoop.ipc.Server$Handler.run(Server.java:3165)&#10;&quot;IPC Server handler 71 on default port 15001&quot; daemon prio=5 tid=629 timed_waiting&#10;java.lang.Thread.State: TIMED_WAITING&#10;        at java.base@21.0.8/jdk.internal.misc.Unsafe.park(Native Method)&#10;        at java.base@21.0.8/java.util.concurrent.locks.LockSupport.parkNanos(LockSupport.java:269)&#10;        at java.base@21.0.8/java.util.concurrent.locks.AbstractQueuedSynchronizer$ConditionObject.awaitNanos(AbstractQueuedSynchronizer.java:1763)&#10;        at java.base@21.0.8/java.util.concurrent.LinkedBlockingQueue.poll(LinkedBlockingQueue.java:460)&#10;        at app//org.apache.hadoop.ipc.CallQueueManager.take(CallQueueManager.java:370)&#10;        at app//org.apache.hadoop.ipc.Server$Handler.run(Server.java:3165)&#10;&quot;qtp871701899-722&quot; daemon prio=5 tid=722 timed_waiting&#10;java.lang.Thread.State: TIMED_WAITING&#10;        at java.base@21.0.8/jdk.internal.misc.Unsafe.park(Native Method)&#10;        at java.base@21.0.8/java.util.concurrent.locks.LockSupport.parkNanos(LockSupport.java:269)&#10;        at java.base@21.0.8/java.util.concurrent.locks.AbstractQueuedSynchronizer$ConditionObject.awaitNanos(AbstractQueuedSynchronizer.java:1763)&#10;        at app//org.eclipse.jetty.util.BlockingArrayQueue.poll(BlockingArrayQueue.java:382)&#10;        at app//org.eclipse.jetty.util.thread.QueuedThreadPool$Runner.idleJobPoll(QueuedThreadPool.java:974)&#10;        at app//org.eclipse.jetty.util.thread.QueuedThreadPool$Runner.run(QueuedThreadPool.java:1018)&#10;        at java.base@21.0.8/java.lang.Thread.runWith(Thread.java:1596)&#10;        at java.base@21.0.8/java.lang.Thread.run(Thread.java:1583)&#10;&quot;346684e1-b57f-4c29-9507-935dad45bd68-ReplicationContainerReader-1&quot; daemon prio=5 tid=1325 in Object.wait()&#10;java.lang.Thread.State: WAITING (on object monitor)&#10;        at java.base@21.0.8/jdk.internal.misc.Unsafe.park(Native Method)&#10;        at java.base@21.0.8/java.util.concurrent.locks.LockSupport.park(LockSupport.java:371)&#10;        at java.base@21.0.8/java.util.concurrent.locks.AbstractQueuedSynchronizer$ConditionNode.block(AbstractQueuedSynchronizer.java:519)&#10;        at java.base@21.0.8/java.util.concurrent.ForkJoinPool.unmanagedBlock(ForkJoinPool.java:3780)&#10;        at java.base@21.0.8/java.util.concurrent.ForkJoinPool.managedBlock(ForkJoinPool.java:3725)&#10;        at java.base@21.0.8/java.util.concurrent.locks.AbstractQueuedSynchronizer$ConditionObject.await(AbstractQueuedSynchronizer.java:1712)&#10;        at java.base@21.0.8/java.util.concurrent.LinkedBlockingQueue.take(LinkedBlockingQueue.java:435)&#10;        at java.base@21.0.8/java.util.concurrent.ThreadPoolExecutor.getTask(ThreadPoolExecutor.java:1070)&#10;        at java.base@21.0.8/java.util.concurrent.ThreadPoolExecutor.runWorker(ThreadPoolExecutor.java:1130)&#10;        at java.base@21.0.8/java.util.concurrent.ThreadPoolExecutor$Worker.run(ThreadPoolExecutor.java:642)&#10;        at java.base@21.0.8/java.lang.Thread.runWith(Thread.java:1596)&#10;        at java.base@21.0.8/java.lang.Thread.run(Thread.java:1583)&#10;&quot;IPC Server idle connection scanner for port 15002&quot; daemon prio=5 tid=101 timed_waiting&#10;java.lang.Thread.State: TIMED_WAITING&#10;        at java.base@21.0.8/java.lang.Object.wait0(Native Method)&#10;        at java.base@21.0.8/java.lang.Object.wait(Object.java:366)&#10;        at java.base@21.0.8/java.util.TimerThread.mainLoop(Timer.java:563)&#10;        at java.base@21.0.8/java.util.TimerThread.run(Timer.java:516)&#10;&quot;IPC Server handler 61 on default port 15003&quot; daemon prio=5 tid=282 timed_waiting&#10;java.lang.Thread.State: TIMED_WAITING&#10;        at java.base@21.0.8/jdk.internal.misc.Unsafe.park(Native Method)&#10;        at java.base@21.0.8/java.util.concurrent.locks.LockSupport.parkNanos(LockSupport.java:269)&#10;        at java.base@21.0.8/java.util.concurrent.locks.AbstractQueuedSynchronizer$ConditionObject.awaitNanos(AbstractQueuedSynchronizer.java:1763)&#10;        at java.base@21.0.8/java.util.concurrent.LinkedBlockingQueue.poll(LinkedBlockingQueue.java:460)&#10;        at app//org.apache.hadoop.ipc.CallQueueManager.take(CallQueueManager.java:370)&#10;        at app//org.apache.hadoop.ipc.Server$Handler.run(Server.java:3165)&#10;&quot;42a5f925-1bc2-4f8a-8509-c5ae65e6fcde-DatanodeReportManager-3&quot; daemon prio=5 tid=709 in Object.wait()&#10;java.lang.Thread.State: WAITING (on object monitor)&#10;        at java.base@21.0.8/jdk.internal.misc.Unsafe.park(Native Method)&#10;        at java.base@21.0.8/java.util.concurrent.locks.LockSupport.park(LockSupport.java:371)&#10;        at java.base@21.0.8/java.util.concurrent.locks.AbstractQueuedSynchronizer$ConditionNode.block(AbstractQueuedSynchronizer.java:519)&#10;        at java.base@21.0.8/java.util.concurrent.ForkJoinPool.unmanagedBlock(ForkJoinPool.java:3780)&#10;        at java.base@21.0.8/java.util.concurrent.ForkJoinPool.managedBlock(ForkJoinPool.java:3725)&#10;        at java.base@21.0.8/java.util.concurrent.locks.AbstractQueuedSynchronizer$ConditionObject.await(AbstractQueuedSynchronizer.java:1712)&#10;        at java.base@21.0.8/java.util.concurrent.ScheduledThreadPoolExecutor$DelayedWorkQueue.take(ScheduledThreadPoolExecutor.java:1177)&#10;        at java.base@21.0.8/java.util.concurrent.ScheduledThreadPoolExecutor$DelayedWorkQueue.take(ScheduledThreadPoolExecutor.java:899)&#10;        at java.base@21.0.8/java.util.concurrent.ThreadPoolExecutor.getTask(ThreadPoolExecutor.java:1070)&#10;        at java.base@21.0.8/java.util.concurrent.ThreadPoolExecutor.runWorker(ThreadPoolExecutor.java:1130)&#10;        at java.base@21.0.8/java.util.concurrent.ThreadPoolExecutor$Worker.run(ThreadPoolExecutor.java:642)&#10;        at java.base@21.0.8/java.lang.Thread.runWith(Thread.java:1596)&#10;        at java.base@21.0.8/java.lang.Thread.run(Thread.java:1583)&#10;&quot;42a5f925-1bc2-4f8a-8509-c5ae65e6fcde-DataNodeDiskCheckerThread-0&quot; daemon prio=5 tid=828 timed_waiting&#10;java.lang.Thread.State: TIMED_WAITING&#10;        at java.base@21.0.8/jdk.internal.misc.Unsafe.park(Native Method)&#10;        at java.base@21.0.8/java.util.concurrent.locks.LockSupport.parkNanos(LockSupport.java:410)&#10;        at java.base@21.0.8/java.util.concurrent.LinkedTransferQueue$DualNode.await(LinkedTransferQueue.java:452)&#10;        at java.base@21.0.8/java.util.concurrent.SynchronousQueue$Transferer.xferLifo(SynchronousQueue.java:194)&#10;        at java.base@21.0.8/java.util.concurrent.SynchronousQueue.xfer(SynchronousQueue.java:235)&#10;        at java.base@21.0.8/java.util.concurrent.SynchronousQueue.poll(SynchronousQueue.java:338)&#10;        at java.base@21.0.8/java.util.concurrent.ThreadPoolExecutor.getTask(ThreadPoolExecutor.java:1069)&#10;        at java.base@21.0.8/java.util.concurrent.ThreadPoolExecutor.runWorker(ThreadPoolExecutor.java:1130)&#10;        at java.base@21.0.8/java.util.concurrent.ThreadPoolExecutor$Worker.run(ThreadPoolExecutor.java:642)&#10;        at java.base@21.0.8/java.lang.Thread.runWith(Thread.java:1596)&#10;        at java.base@21.0.8/java.lang.Thread.run(Thread.java:1583)&#10;&quot;346684e1-b57f-4c29-9507-935dad45bd68-BlockDeletingService#0&quot; daemon prio=5 tid=999 in Object.wait()&#10;java.lang.Thread.State: WAITING (on object monitor)&#10;        at java.base@21.0.8/jdk.internal.misc.Unsafe.park(Native Method)&#10;        at java.base@21.0.8/java.util.concurrent.locks.LockSupport.park(LockSupport.java:371)&#10;        at java.base@21.0.8/java.util.concurrent.locks.AbstractQueuedSynchronizer$ConditionNode.block(AbstractQueuedSynchronizer.java:519)&#10;        at java.base@21.0.8/java.util.concurrent.ForkJoinPool.unmanagedBlock(ForkJoinPool.java:3780)&#10;        at java.base@21.0.8/java.util.concurrent.ForkJoinPool.managedBlock(ForkJoinPool.java:3725)&#10;        at java.base@21.0.8/java.util.concurrent.locks.AbstractQueuedSynchronizer$ConditionObject.await(AbstractQueuedSynchronizer.java:1712)&#10;        at java.base@21.0.8/java.util.concurrent.ScheduledThreadPoolExecutor$DelayedWorkQueue.take(ScheduledThreadPoolExecutor.java:1177)&#10;        at java.base@21.0.8/java.util.concurrent.ScheduledThreadPoolExecutor$DelayedWorkQueue.take(ScheduledThreadPoolExecutor.java:899)&#10;        at java.base@21.0.8/java.util.concurrent.ThreadPoolExecutor.getTask(ThreadPoolExecutor.java:1070)&#10;        at java.base@21.0.8/java.util.concurrent.ThreadPoolExecutor.runWorker(ThreadPoolExecutor.java:1130)&#10;        at java.base@21.0.8/java.util.concurrent.ThreadPoolExecutor$Worker.run(ThreadPoolExecutor.java:642)&#10;        at java.base@21.0.8/java.lang.Thread.runWith(Thread.java:1596)&#10;        at java.base@21.0.8/java.lang.Thread.run(Thread.java:1583)&#10;&quot;IPC Server handler 73 on default port 15002&quot; daemon prio=5 tid=194 timed_waiting&#10;java.lang.Thread.State: TIMED_WAITING&#10;        at java.base@21.0.8/jdk.internal.misc.Unsafe.park(Native Method)&#10;        at java.base@21.0.8/java.util.concurrent.locks.LockSupport.parkNanos(LockSupport.java:269)&#10;        at java.base@21.0.8/java.util.concurrent.locks.AbstractQueuedSynchronizer$ConditionObject.awaitNanos(AbstractQueuedSynchronizer.java:1763)&#10;        at java.base@21.0.8/java.util.concurrent.LinkedBlockingQueue.poll(LinkedBlockingQueue.java:460)&#10;        at app//org.apache.hadoop.ipc.CallQueueManager.take(CallQueueManager.java:370)&#10;        at app//org.apache.hadoop.ipc.Server$Handler.run(Server.java:3165)&#10;&quot;IPC Server handler 16 on default port 15002&quot; daemon prio=5 tid=137 timed_waiting&#10;java.lang.Thread.State: TIMED_WAITING&#10;        at java.base@21.0.8/jdk.internal.misc.Unsafe.park(Native Method)&#10;        at java.base@21.0.8/java.util.concurrent.locks.LockSupport.parkNanos(LockSupport.java:269)&#10;        at java.base@21.0.8/java.util.concurrent.locks.AbstractQueuedSynchronizer$ConditionObject.awaitNanos(AbstractQueuedSynchronizer.java:1763)&#10;        at java.base@21.0.8/java.util.concurrent.LinkedBlockingQueue.poll(LinkedBlockingQueue.java:460)&#10;        at app//org.apache.hadoop.ipc.CallQueueManager.take(CallQueueManager.java:370)&#10;        at app//org.apache.hadoop.ipc.Server$Handler.run(Server.java:3165)&#10;&quot;IPC Server handler 59 on default port 15002&quot; daemon prio=5 tid=180 timed_waiting&#10;java.lang.Thread.State: TIMED_WAITING&#10;        at java.base@21.0.8/jdk.internal.misc.Unsafe.park(Native Method)&#10;        at java.base@21.0.8/java.util.concurrent.locks.LockSupport.parkNanos(LockSupport.java:269)&#10;        at java.base@21.0.8/java.util.concurrent.locks.AbstractQueuedSynchronizer$ConditionObject.awaitNanos(AbstractQueuedSynchronizer.java:1763)&#10;        at java.base@21.0.8/java.util.concurrent.LinkedBlockingQueue.poll(LinkedBlockingQueue.java:460)&#10;        at app//org.apache.hadoop.ipc.CallQueueManager.take(CallQueueManager.java:370)&#10;        at app//org.apache.hadoop.ipc.Server$Handler.run(Server.java:3165)&#10;&quot;346684e1-b57f-4c29-9507-935dad45bd68-NettyServerStreamRpc-bossGroup--thread1&quot; daemon prio=5 tid=813 runnable&#10;java.lang.Thread.State: RUNNABLE&#10;        at app//org.apache.ratis.thirdparty.io.netty.channel.epoll.Native.epollWait(Native Method)&#10;        at app//org.apache.ratis.thirdparty.io.netty.channel.epoll.Native.epollWait(Native.java:220)&#10;        at app//org.apache.ratis.thirdparty.io.netty.channel.epoll.Native.epollWait(Native.java:213)&#10;        at app//org.apache.ratis.thirdparty.io.netty.channel.epoll.EpollEventLoop.epollWaitNoTimerChange(EpollEventLoop.java:308)&#10;        at app//org.apache.ratis.thirdparty.io.netty.channel.epoll.EpollEventLoop.run(EpollEventLoop.java:365)&#10;        at app//org.apache.ratis.thirdparty.io.netty.util.concurrent.SingleThreadEventExecutor$4.run(SingleThreadEventExecutor.java:998)&#10;        at app//org.apache.ratis.thirdparty.io.netty.util.internal.ThreadExecutorMap$2.run(ThreadExecutorMap.java:74)&#10;        at java.base@21.0.8/java.lang.Thread.runWith(Thread.java:1596)&#10;        at java.base@21.0.8/java.lang.Thread.run(Thread.java:1583)&#10;&quot;0ed0910f-4ac9-4f62-be34-d90c51a3e6c9@group-9A86F6A96A63-cacheEviction-AwaitToRun&quot; daemon prio=5 tid=1088 in Object.wait()&#10;java.lang.Thread.State: WAITING (on object monitor)&#10;        at java.base@21.0.8/jdk.internal.misc.Unsafe.park(Native Method)&#10;        at java.base@21.0.8/java.util.concurrent.locks.LockSupport.park(LockSupport.java:371)&#10;        at java.base@21.0.8/java.util.concurrent.locks.AbstractQueuedSynchronizer$ConditionNode.block(AbstractQueuedSynchronizer.java:519)&#10;        at java.base@21.0.8/java.util.concurrent.ForkJoinPool.unmanagedBlock(ForkJoinPool.java:3780)&#10;        at java.base@21.0.8/java.util.concurrent.ForkJoinPool.managedBlock(ForkJoinPool.java:3725)&#10;        at java.base@21.0.8/java.util.concurrent.locks.AbstractQueuedSynchronizer$ConditionObject.await(AbstractQueuedSynchronizer.java:1712)&#10;        at app//org.apache.ratis.util.AwaitForSignal.await(AwaitForSignal.java:48)&#10;        at app//org.apache.ratis.util.AwaitToRun$RunnableImpl.run(AwaitToRun.java:47)&#10;        at java.base@21.0.8/java.lang.Thread.runWith(Thread.java:1596)&#10;        at java.base@21.0.8/java.lang.Thread.run(Thread.java:1583)&#10;&quot;IPC Server handler 8 on default port 15013&quot; daemon prio=5 tid=703 timed_waiting&#10;java.lang.Thread.State: TIMED_WAITING&#10;        at java.base@21.0.8/jdk.internal.misc.Unsafe.park(Native Method)&#10;        at java.base@21.0.8/java.util.concurrent.locks.LockSupport.parkNanos(LockSupport.java:269)&#10;        at java.base@21.0.8/java.util.concurrent.locks.AbstractQueuedSynchronizer$ConditionObject.awaitNanos(AbstractQueuedSynchronizer.java:1763)&#10;        at java.base@21.0.8/java.util.concurrent.LinkedBlockingQueue.poll(LinkedBlockingQueue.java:460)&#10;        at app//org.apache.hadoop.ipc.CallQueueManager.take(CallQueueManager.java:370)&#10;        at app//org.apache.hadoop.ipc.Server$Handler.run(Server.java:3165)&#10;&quot;Socket Reader #3 for port 15001&quot; daemon prio=5 tid=523 runnable&#10;java.lang.Thread.State: RUNNABLE&#10;        at java.base@21.0.8/sun.nio.ch.EPoll.wait(Native Method)&#10;        at java.base@21.0.8/sun.nio.ch.EPollSelectorImpl.doSelect(EPollSelectorImpl.java:121)&#10;        at java.base@21.0.8/sun.nio.ch.SelectorImpl.lockAndDoSelect(SelectorImpl.java:130)&#10;        at java.base@21.0.8/sun.nio.ch.SelectorImpl.select(SelectorImpl.java:147)&#10;        at app//org.apache.hadoop.ipc.Server$Listener$Reader.doRunLoop(Server.java:1497)&#10;        at app//org.apache.hadoop.ipc.Server$Listener$Reader.run(Server.java:1476)&#10;&quot;IPC Server handler 76 on default port 15002&quot; daemon prio=5 tid=197 timed_waiting&#10;java.lang.Thread.State: TIMED_WAITING&#10;        at java.base@21.0.8/jdk.internal.misc.Unsafe.park(Native Method)&#10;        at java.base@21.0.8/java.util.concurrent.locks.LockSupport.parkNanos(LockSupport.java:269)&#10;        at java.base@21.0.8/java.util.concurrent.locks.AbstractQueuedSynchronizer$ConditionObject.awaitNanos(AbstractQueuedSynchronizer.java:1763)&#10;        at java.base@21.0.8/java.util.concurrent.LinkedBlockingQueue.poll(LinkedBlockingQueue.java:460)&#10;        at app//org.apache.hadoop.ipc.CallQueueManager.take(CallQueueManager.java:370)&#10;        at app//org.apache.hadoop.ipc.Server$Handler.run(Server.java:3165)&#10;&quot;IPC Server handler 19 on default port 15004&quot; daemon prio=5 tid=358 timed_waiting&#10;java.lang.Thread.State: TIMED_WAITING&#10;        at java.base@21.0.8/jdk.internal.misc.Unsafe.park(Native Method)&#10;        at java.base@21.0.8/java.util.concurrent.locks.LockSupport.parkNanos(LockSupport.java:269)&#10;        at java.base@21.0.8/java.util.concurrent.locks.AbstractQueuedSynchronizer$ConditionObject.awaitNanos(AbstractQueuedSynchronizer.java:1763)&#10;        at java.base@21.0.8/java.util.concurrent.LinkedBlockingQueue.poll(LinkedBlockingQueue.java:460)&#10;        at app//org.apache.hadoop.ipc.CallQueueManager.take(CallQueueManager.java:370)&#10;        at app//org.apache.hadoop.ipc.Server$Handler.run(Server.java:3165)&#10;&quot;42a5f925-1bc2-4f8a-8509-c5ae65e6fcde-groupManagement&quot;  prio=5 tid=1032 in Object.wait()&#10;java.lang.Thread.State: WAITING (on object monitor)&#10;        at java.base@21.0.8/jdk.internal.misc.Unsafe.park(Native Method)&#10;        at java.base@21.0.8/java.util.concurrent.locks.LockSupport.park(LockSupport.java:371)&#10;        at java.base@21.0.8/java.util.concurrent.locks.AbstractQueuedSynchronizer$ConditionNode.block(AbstractQueuedSynchronizer.java:519)&#10;        at java.base@21.0.8/java.util.concurrent.ForkJoinPool.unmanagedBlock(ForkJoinPool.java:3780)&#10;        at java.base@21.0.8/java.util.concurrent.ForkJoinPool.managedBlock(ForkJoinPool.java:3725)&#10;        at java.base@21.0.8/java.util.concurrent.locks.AbstractQueuedSynchronizer$ConditionObject.await(AbstractQueuedSynchronizer.java:1712)&#10;        at java.base@21.0.8/java.util.concurrent.LinkedBlockingQueue.take(LinkedBlockingQueue.java:435)&#10;        at java.base@21.0.8/java.util.concurrent.ThreadPoolExecutor.getTask(ThreadPoolExecutor.java:1070)&#10;        at java.base@21.0.8/java.util.concurrent.ThreadPoolExecutor.runWorker(ThreadPoolExecutor.java:1130)&#10;        at java.base@21.0.8/java.util.concurrent.ThreadPoolExecutor$Worker.run(ThreadPoolExecutor.java:642)&#10;        at java.base@21.0.8/java.lang.Thread.runWith(Thread.java:1596)&#10;        at java.base@21.0.8/java.lang.Thread.run(Thread.java:1583)&#10;&quot;IPC Server handler 29 on default port 15003&quot; daemon prio=5 tid=250 timed_waiting&#10;java.lang.Thread.State: TIMED_WAITING&#10;        at java.base@21.0.8/jdk.internal.misc.Unsafe.park(Native Method)&#10;        at java.base@21.0.8/java.util.concurrent.locks.LockSupport.parkNanos(LockSupport.java:269)&#10;        at java.base@21.0.8/java.util.concurrent.locks.AbstractQueuedSynchronizer$ConditionObject.awaitNanos(AbstractQueuedSynchronizer.java:1763)&#10;        at java.base@21.0.8/java.util.concurrent.LinkedBlockingQueue.poll(LinkedBlockingQueue.java:460)&#10;        at app//org.apache.hadoop.ipc.CallQueueManager.take(CallQueueManager.java:370)&#10;        at app//org.apache.hadoop.ipc.Server$Handler.run(Server.java:3165)&#10;&quot;IPC Server handler 95 on default port 15003&quot; daemon prio=5 tid=316 timed_waiting&#10;java.lang.Thread.State: TIMED_WAITING&#10;        at java.base@21.0.8/jdk.internal.misc.Unsafe.park(Native Method)&#10;        at java.base@21.0.8/java.util.concurrent.locks.LockSupport.parkNanos(LockSupport.java:269)&#10;        at java.base@21.0.8/java.util.concurrent.locks.AbstractQueuedSynchronizer$ConditionObject.awaitNanos(AbstractQueuedSynchronizer.java:1763)&#10;        at java.base@21.0.8/java.util.concurrent.LinkedBlockingQueue.poll(LinkedBlockingQueue.java:460)&#10;        at app//org.apache.hadoop.ipc.CallQueueManager.take(CallQueueManager.java:370)&#10;        at app//org.apache.hadoop.ipc.Server$Handler.run(Server.java:3165)&#10;&quot;IPC Server handler 14 on default port 15001&quot; daemon prio=5 tid=572 timed_waiting&#10;java.lang.Thread.State: TIMED_WAITING&#10;        at java.base@21.0.8/jdk.internal.misc.Unsafe.park(Native Method)&#10;        at java.base@21.0.8/java.util.concurrent.locks.LockSupport.parkNanos(LockSupport.java:269)&#10;        at java.base@21.0.8/java.util.concurrent.locks.AbstractQueuedSynchronizer$ConditionObject.awaitNanos(AbstractQueuedSynchronizer.java:1763)&#10;        at java.base@21.0.8/java.util.concurrent.LinkedBlockingQueue.poll(LinkedBlockingQueue.java:460)&#10;        at app//org.apache.hadoop.ipc.CallQueueManager.take(CallQueueManager.java:370)&#10;        at app//org.apache.hadoop.ipc.Server$Handler.run(Server.java:3165)&#10;&quot;qtp505087261-906&quot; daemon prio=5 tid=906 runnable&#10;java.lang.Thread.State: RUNNABLE&#10;        at java.base@21.0.8/sun.nio.ch.EPoll.wait(Native Method)&#10;        at java.base@21.0.8/sun.nio.ch.EPollSelectorImpl.doSelect(EPollSelectorImpl.java:121)&#10;        at java.base@21.0.8/sun.nio.ch.SelectorImpl.lockAndDoSelect(SelectorImpl.java:130)&#10;        at java.base@21.0.8/sun.nio.ch.SelectorImpl.select(SelectorImpl.java:147)&#10;        at app//org.eclipse.jetty.io.ManagedSelector.nioSelect(ManagedSelector.java:183)&#10;        at app//org.eclipse.jetty.io.ManagedSelector.select(ManagedSelector.java:190)&#10;        at app//org.eclipse.jetty.io.ManagedSelector$SelectorProducer.select(ManagedSelector.java:606)&#10;        at app//org.eclipse.jetty.io.ManagedSelector$SelectorProducer.produce(ManagedSelector.java:543)&#10;        at app//org.eclipse.jetty.util.thread.strategy.EatWhatYouKill.produceTask(EatWhatYouKill.java:362)&#10;        at app//org.eclipse.jetty.util.thread.strategy.EatWhatYouKill.doProduce(EatWhatYouKill.java:186)&#10;        at app//org.eclipse.jetty.util.thread.strategy.EatWhatYouKill.tryProduce(EatWhatYouKill.java:173)&#10;        at app//org.eclipse.jetty.util.thread.strategy.EatWhatYouKill.produce(EatWhatYouKill.java:137)&#10;        at app//org.eclipse.jetty.io.ManagedSelector$$Lambda/0x00007f18e86c6408.run(Unknown Source)&#10;        at app//org.eclipse.jetty.util.thread.QueuedThreadPool.runJob(QueuedThreadPool.java:883)&#10;        at app//org.eclipse.jetty.util.thread.QueuedThreadPool$Runner.run(QueuedThreadPool.java:1034)&#10;        at java.base@21.0.8/java.lang.Thread.runWith(Thread.java:1596)&#10;        at java.base@21.0.8/java.lang.Thread.run(Thread.java:1583)&#10;&quot;IPC Server handler 93 on default port 15003&quot; daemon prio=5 tid=314 timed_waiting&#10;java.lang.Thread.State: TIMED_WAITING&#10;        at java.base@21.0.8/jdk.internal.misc.Unsafe.park(Native Method)&#10;        at java.base@21.0.8/java.util.concurrent.locks.LockSupport.parkNanos(LockSupport.java:269)&#10;        at java.base@21.0.8/java.util.concurrent.locks.AbstractQueuedSynchronizer$ConditionObject.awaitNanos(AbstractQueuedSynchronizer.java:1763)&#10;        at java.base@21.0.8/java.util.concurrent.LinkedBlockingQueue.poll(LinkedBlockingQueue.java:460)&#10;        at app//org.apache.hadoop.ipc.CallQueueManager.take(CallQueueManager.java:370)&#10;        at app//org.apache.hadoop.ipc.Server$Handler.run(Server.java:3165)&#10;&quot;IPC Server handler 4 on default port 15037&quot; daemon prio=5 tid=887 timed_waiting&#10;java.lang.Thread.State: TIMED_WAITING&#10;        at java.base@21.0.8/jdk.internal.misc.Unsafe.park(Native Method)&#10;        at java.base@21.0.8/java.util.concurrent.locks.LockSupport.parkNanos(LockSupport.java:269)&#10;        at java.base@21.0.8/java.util.concurrent.locks.AbstractQueuedSynchronizer$ConditionObject.awaitNanos(AbstractQueuedSynchronizer.java:1763)&#10;        at java.base@21.0.8/java.util.concurrent.LinkedBlockingQueue.poll(LinkedBlockingQueue.java:460)&#10;        at app//org.apache.hadoop.ipc.CallQueueManager.take(CallQueueManager.java:370)&#10;        at app//org.apache.hadoop.ipc.Server$Handler.run(Server.java:3165)&#10;&quot;Socket Reader #7 for port 15008&quot; daemon prio=5 tid=456 runnable&#10;java.lang.Thread.State: RUNNABLE&#10;        at java.base@21.0.8/sun.nio.ch.EPoll.wait(Native Method)&#10;        at java.base@21.0.8/sun.nio.ch.EPollSelectorImpl.doSelect(EPollSelectorImpl.java:121)&#10;        at java.base@21.0.8/sun.nio.ch.SelectorImpl.lockAndDoSelect(SelectorImpl.java:130)&#10;        at java.base@21.0.8/sun.nio.ch.SelectorImpl.select(SelectorImpl.java:147)&#10;        at app//org.apache.hadoop.ipc.Server$Listener$Reader.doRunLoop(Server.java:1497)&#10;        at app//org.apache.hadoop.ipc.Server$Listener$Reader.run(Server.java:1476)&#10;&quot;IPC Server handler 4 on default port 15045&quot; daemon prio=5 tid=966 timed_waiting&#10;java.lang.Thread.State: TIMED_WAITING&#10;        at java.base@21.0.8/jdk.internal.misc.Unsafe.park(Native Method)&#10;        at java.base@21.0.8/java.util.concurrent.locks.LockSupport.parkNanos(LockSupport.java:269)&#10;        at java.base@21.0.8/java.util.concurrent.locks.AbstractQueuedSynchronizer$ConditionObject.awaitNanos(AbstractQueuedSynchronizer.java:1763)&#10;        at java.base@21.0.8/java.util.concurrent.LinkedBlockingQueue.poll(LinkedBlockingQueue.java:460)&#10;        at app//org.apache.hadoop.ipc.CallQueueManager.take(CallQueueManager.java:370)&#10;        at app//org.apache.hadoop.ipc.Server$Handler.run(Server.java:3165)&#10;&quot;grpc-default-executor-2&quot; daemon prio=5 tid=1110 timed_waiting&#10;java.lang.Thread.State: TIMED_WAITING&#10;        at java.base@21.0.8/jdk.internal.misc.Unsafe.park(Native Method)&#10;        at java.base@21.0.8/java.util.concurrent.locks.LockSupport.parkNanos(LockSupport.java:410)&#10;        at java.base@21.0.8/java.util.concurrent.LinkedTransferQueue$DualNode.await(LinkedTransferQueue.java:452)&#10;        at java.base@21.0.8/java.util.concurrent.SynchronousQueue$Transferer.xferLifo(SynchronousQueue.java:194)&#10;        at java.base@21.0.8/java.util.concurrent.SynchronousQueue.xfer(SynchronousQueue.java:235)&#10;        at java.base@21.0.8/java.util.concurrent.SynchronousQueue.poll(SynchronousQueue.java:338)&#10;        at java.base@21.0.8/java.util.concurrent.ThreadPoolExecutor.getTask(ThreadPoolExecutor.java:1069)&#10;        at java.base@21.0.8/java.util.concurrent.ThreadPoolExecutor.runWorker(ThreadPoolExecutor.java:1130)&#10;        at java.base@21.0.8/java.util.concurrent.ThreadPoolExecutor$Worker.run(ThreadPoolExecutor.java:642)&#10;        at java.base@21.0.8/java.lang.Thread.runWith(Thread.java:1596)&#10;        at java.base@21.0.8/java.lang.Thread.run(Thread.java:1583)&#10;&quot;Socket Reader #2 for port 15021&quot; daemon prio=5 tid=729 runnable&#10;java.lang.Thread.State: RUNNABLE&#10;        at java.base@21.0.8/sun.nio.ch.EPoll.wait(Native Method)&#10;        at java.base@21.0.8/sun.nio.ch.EPollSelectorImpl.doSelect(EPollSelectorImpl.java:121)&#10;        at java.base@21.0.8/sun.nio.ch.SelectorImpl.lockAndDoSelect(SelectorImpl.java:130)&#10;        at java.base@21.0.8/sun.nio.ch.SelectorImpl.select(SelectorImpl.java:147)&#10;        at app//org.apache.hadoop.ipc.Server$Listener$Reader.doRunLoop(Server.java:1497)&#10;        at app//org.apache.hadoop.ipc.Server$Listener$Reader.run(Server.java:1476)&#10;&quot;IPC Server listener on 15045&quot; daemon prio=5 tid=948 runnable&#10;java.lang.Thread.State: RUNNABLE&#10;        at java.base@21.0.8/sun.nio.ch.EPoll.wait(Native Method)&#10;        at java.base@21.0.8/sun.nio.ch.EPollSelectorImpl.doSelect(EPollSelectorImpl.java:121)&#10;        at java.base@21.0.8/sun.nio.ch.SelectorImpl.lockAndDoSelect(SelectorImpl.java:130)&#10;        at java.base@21.0.8/sun.nio.ch.SelectorImpl.select(SelectorImpl.java:147)&#10;        at app//org.apache.hadoop.ipc.Server$Listener.run(Server.java:1559)&#10;&quot;timer4&quot; daemon prio=5 tid=1116 timed_waiting&#10;java.lang.Thread.State: TIMED_WAITING&#10;        at java.base@21.0.8/java.lang.Object.wait0(Native Method)&#10;        at java.base@21.0.8/java.lang.Object.wait(Object.java:366)&#10;        at java.base@21.0.8/java.util.TimerThread.mainLoop(Timer.java:563)&#10;        at java.base@21.0.8/java.util.TimerThread.run(Timer.java:516)&#10;&quot;om1-KeyDeletingService#4&quot; daemon prio=5 tid=1362 in Object.wait()&#10;java.lang.Thread.State: WAITING (on object monitor)&#10;        at java.base@21.0.8/jdk.internal.misc.Unsafe.park(Native Method)&#10;        at java.base@21.0.8/java.util.concurrent.locks.LockSupport.park(LockSupport.java:371)&#10;        at java.base@21.0.8/java.util.concurrent.locks.AbstractQueuedSynchronizer$ConditionNode.block(AbstractQueuedSynchronizer.java:519)&#10;        at java.base@21.0.8/java.util.concurrent.ForkJoinPool.unmanagedBlock(ForkJoinPool.java:3780)&#10;        at java.base@21.0.8/java.util.concurrent.ForkJoinPool.managedBlock(ForkJoinPool.java:3725)&#10;        at java.base@21.0.8/java.util.concurrent.locks.AbstractQueuedSynchronizer$ConditionObject.await(AbstractQueuedSynchronizer.java:1712)&#10;        at java.base@21.0.8/java.util.concurrent.ScheduledThreadPoolExecutor$DelayedWorkQueue.take(ScheduledThreadPoolExecutor.java:1177)&#10;        at java.base@21.0.8/java.util.concurrent.ScheduledThreadPoolExecutor$DelayedWorkQueue.take(ScheduledThreadPoolExecutor.java:899)&#10;        at java.base@21.0.8/java.util.concurrent.ThreadPoolExecutor.getTask(ThreadPoolExecutor.java:1070)&#10;        at java.base@21.0.8/java.util.concurrent.ThreadPoolExecutor.runWorker(ThreadPoolExecutor.java:1130)&#10;        at java.base@21.0.8/java.util.concurrent.ThreadPoolExecutor$Worker.run(ThreadPoolExecutor.java:642)&#10;        at java.base@21.0.8/java.lang.Thread.runWith(Thread.java:1596)&#10;        at java.base@21.0.8/java.lang.Thread.run(Thread.java:1583)&#10;&quot;pool-99-thread-1&quot; daemon prio=5 tid=829 timed_waiting&#10;java.lang.Thread.State: TIMED_WAITING&#10;        at java.base@21.0.8/jdk.internal.misc.Unsafe.park(Native Method)&#10;        at java.base@21.0.8/java.util.concurrent.locks.LockSupport.parkNanos(LockSupport.java:269)&#10;        at java.base@21.0.8/java.util.concurrent.locks.AbstractQueuedSynchronizer$ConditionObject.awaitNanos(AbstractQueuedSynchronizer.java:1763)&#10;        at java.base@21.0.8/java.util.concurrent.ScheduledThreadPoolExecutor$DelayedWorkQueue.take(ScheduledThreadPoolExecutor.java:1182)&#10;        at java.base@21.0.8/java.util.concurrent.ScheduledThreadPoolExecutor$DelayedWorkQueue.take(ScheduledThreadPoolExecutor.java:899)&#10;        at java.base@21.0.8/java.util.concurrent.ThreadPoolExecutor.getTask(ThreadPoolExecutor.java:1070)&#10;        at java.base@21.0.8/java.util.concurrent.ThreadPoolExecutor.runWorker(ThreadPoolExecutor.java:1130)&#10;        at java.base@21.0.8/java.util.concurrent.ThreadPoolExecutor$Worker.run(ThreadPoolExecutor.java:642)&#10;        at java.base@21.0.8/java.lang.Thread.runWith(Thread.java:1596)&#10;        at java.base@21.0.8/java.lang.Thread.run(Thread.java:1583)&#10;&quot;IPC Server idle connection scanner for port 15008&quot; daemon prio=5 tid=460 timed_waiting&#10;java.lang.Thread.State: TIMED_WAITING&#10;        at java.base@21.0.8/java.lang.Object.wait0(Native Method)&#10;        at java.base@21.0.8/java.lang.Object.wait(Object.java:366)&#10;        at java.base@21.0.8/java.util.TimerThread.mainLoop(Timer.java:563)&#10;        at java.base@21.0.8/java.util.TimerThread.run(Timer.java:516)&#10;&quot;346684e1-b57f-4c29-9507-935dad45bd68-DataNodeDiskCheckerThread-0&quot; daemon prio=5 tid=984 timed_waiting&#10;java.lang.Thread.State: TIMED_WAITING&#10;        at java.base@21.0.8/jdk.internal.misc.Unsafe.park(Native Method)&#10;        at java.base@21.0.8/java.util.concurrent.locks.LockSupport.parkNanos(LockSupport.java:410)&#10;        at java.base@21.0.8/java.util.concurrent.LinkedTransferQueue$DualNode.await(LinkedTransferQueue.java:452)&#10;        at java.base@21.0.8/java.util.concurrent.SynchronousQueue$Transferer.xferLifo(SynchronousQueue.java:194)&#10;        at java.base@21.0.8/java.util.concurrent.SynchronousQueue.xfer(SynchronousQueue.java:235)&#10;        at java.base@21.0.8/java.util.concurrent.SynchronousQueue.poll(SynchronousQueue.java:338)&#10;        at java.base@21.0.8/java.util.concurrent.ThreadPoolExecutor.getTask(ThreadPoolExecutor.java:1069)&#10;        at java.base@21.0.8/java.util.concurrent.ThreadPoolExecutor.runWorker(ThreadPoolExecutor.java:1130)&#10;        at java.base@21.0.8/java.util.concurrent.ThreadPoolExecutor$Worker.run(ThreadPoolExecutor.java:642)&#10;        at java.base@21.0.8/java.lang.Thread.runWith(Thread.java:1596)&#10;        at java.base@21.0.8/java.lang.Thread.run(Thread.java:1583)&#10;&quot;Recon-FixedThreadPoolWithAffinityExecutor-5-0&quot; daemon prio=5 tid=539 timed_waiting&#10;java.lang.Thread.State: TIMED_WAITING&#10;        at java.base@21.0.8/jdk.internal.misc.Unsafe.park(Native Method)&#10;        at java.base@21.0.8/java.util.concurrent.locks.LockSupport.parkNanos(LockSupport.java:269)&#10;        at java.base@21.0.8/java.util.concurrent.locks.AbstractQueuedSynchronizer$ConditionObject.awaitNanos(AbstractQueuedSynchronizer.java:1763)&#10;        at java.base@21.0.8/java.util.concurrent.LinkedBlockingQueue.poll(LinkedBlockingQueue.java:460)&#10;        at app//org.apache.hadoop.hdds.scm.server.ContainerReportQueue.poll(ContainerReportQueue.java:269)&#10;        at app//org.apache.hadoop.hdds.scm.server.ContainerReportQueue.poll(ContainerReportQueue.java:42)&#10;        at app//org.apache.hadoop.hdds.server.events.FixedThreadPoolWithAffinityExecutor$ContainerReportProcessTask.run(FixedThreadPoolWithAffinityExecutor.java:228)&#10;        at java.base@21.0.8/java.util.concurrent.Executors$RunnableAdapter.call(Executors.java:572)&#10;        at java.base@21.0.8/java.util.concurrent.FutureTask.run(FutureTask.java:317)&#10;        at java.base@21.0.8/java.util.concurrent.ThreadPoolExecutor.runWorker(ThreadPoolExecutor.java:1144)&#10;        at java.base@21.0.8/java.util.concurrent.ThreadPoolExecutor$Worker.run(ThreadPoolExecutor.java:642)&#10;        at java.base@21.0.8/java.lang.Thread.runWith(Thread.java:1596)&#10;        at java.base@21.0.8/java.lang.Thread.run(Thread.java:1583)&#10;&quot;IPC Server listener on 15037&quot; daemon prio=5 tid=866 runnable&#10;java.lang.Thread.State: RUNNABLE&#10;        at java.base@21.0.8/sun.nio.ch.EPoll.wait(Native Method)&#10;        at java.base@21.0.8/sun.nio.ch.EPollSelectorImpl.doSelect(EPollSelectorImpl.java:121)&#10;        at java.base@21.0.8/sun.nio.ch.SelectorImpl.lockAndDoSelect(SelectorImpl.java:130)&#10;        at java.base@21.0.8/sun.nio.ch.SelectorImpl.select(SelectorImpl.java:147)&#10;        at app//org.apache.hadoop.ipc.Server$Listener.run(Server.java:1559)&#10;&quot;Recon-FixedThreadPoolWithAffinityExecutor-3-0&quot; daemon prio=5 tid=537 timed_waiting&#10;java.lang.Thread.State: TIMED_WAITING&#10;        at java.base@21.0.8/jdk.internal.misc.Unsafe.park(Native Method)&#10;        at java.base@21.0.8/java.util.concurrent.locks.LockSupport.parkNanos(LockSupport.java:269)&#10;        at java.base@21.0.8/java.util.concurrent.locks.AbstractQueuedSynchronizer$ConditionObject.awaitNanos(AbstractQueuedSynchronizer.java:1763)&#10;        at java.base@21.0.8/java.util.concurrent.LinkedBlockingQueue.poll(LinkedBlockingQueue.java:460)&#10;        at app//org.apache.hadoop.hdds.scm.server.ContainerReportQueue.poll(ContainerReportQueue.java:269)&#10;        at app//org.apache.hadoop.hdds.scm.server.ContainerReportQueue.poll(ContainerReportQueue.java:42)&#10;        at app//org.apache.hadoop.hdds.server.events.FixedThreadPoolWithAffinityExecutor$ContainerReportProcessTask.run(FixedThreadPoolWithAffinityExecutor.java:228)&#10;        at java.base@21.0.8/java.util.concurrent.Executors$RunnableAdapter.call(Executors.java:572)&#10;        at java.base@21.0.8/java.util.concurrent.FutureTask.run(FutureTask.java:317)&#10;        at java.base@21.0.8/java.util.concurrent.ThreadPoolExecutor.runWorker(ThreadPoolExecutor.java:1144)&#10;        at java.base@21.0.8/java.util.concurrent.ThreadPoolExecutor$Worker.run(ThreadPoolExecutor.java:642)&#10;        at java.base@21.0.8/java.lang.Thread.runWith(Thread.java:1596)&#10;        at java.base@21.0.8/java.lang.Thread.run(Thread.java:1583)&#10;&quot;SSL Certificates Store Monitor&quot; daemon prio=5 tid=1360 in Object.wait()&#10;java.lang.Thread.State: WAITING (on object monitor)&#10;        at java.base@21.0.8/java.lang.Object.wait0(Native Method)&#10;        at java.base@21.0.8/java.lang.Object.wait(Object.java:366)&#10;        at java.base@21.0.8/java.lang.Object.wait(Object.java:339)&#10;        at java.base@21.0.8/java.util.TimerThread.mainLoop(Timer.java:537)&#10;        at java.base@21.0.8/java.util.TimerThread.run(Timer.java:516)&#10;&quot;IPC Server handler 15 on default port 15001&quot; daemon prio=5 tid=573 timed_waiting&#10;java.lang.Thread.State: TIMED_WAITING&#10;        at java.base@21.0.8/jdk.internal.misc.Unsafe.park(Native Method)&#10;        at java.base@21.0.8/java.util.concurrent.locks.LockSupport.parkNanos(LockSupport.java:269)&#10;        at java.base@21.0.8/java.util.concurrent.locks.AbstractQueuedSynchronizer$ConditionObject.awaitNanos(AbstractQueuedSynchronizer.java:1763)&#10;        at java.base@21.0.8/java.util.concurrent.LinkedBlockingQueue.poll(LinkedBlockingQueue.java:460)&#10;        at app//org.apache.hadoop.ipc.CallQueueManager.take(CallQueueManager.java:370)&#10;        at app//org.apache.hadoop.ipc.Server$Handler.run(Server.java:3165)&#10;&quot;IPC Server handler 50 on default port 15001&quot; daemon prio=5 tid=608 timed_waiting&#10;java.lang.Thread.State: TIMED_WAITING&#10;        at java.base@21.0.8/jdk.internal.misc.Unsafe.park(Native Method)&#10;        at java.base@21.0.8/java.util.concurrent.locks.LockSupport.parkNanos(LockSupport.java:269)&#10;        at java.base@21.0.8/java.util.concurrent.locks.AbstractQueuedSynchronizer$ConditionObject.awaitNanos(AbstractQueuedSynchronizer.java:1763)&#10;        at java.base@21.0.8/java.util.concurrent.LinkedBlockingQueue.poll(LinkedBlockingQueue.java:460)&#10;        at app//org.apache.hadoop.ipc.CallQueueManager.take(CallQueueManager.java:370)&#10;        at app//org.apache.hadoop.ipc.Server$Handler.run(Server.java:3165)&#10;&quot;42a5f925-1bc2-4f8a-8509-c5ae65e6fcde-DatanodeReportManager-1&quot; daemon prio=5 tid=707 in Object.wait()&#10;java.lang.Thread.State: WAITING (on object monitor)&#10;        at java.base@21.0.8/jdk.internal.misc.Unsafe.park(Native Method)&#10;        at java.base@21.0.8/java.util.concurrent.locks.LockSupport.park(LockSupport.java:371)&#10;        at java.base@21.0.8/java.util.concurrent.locks.AbstractQueuedSynchronizer$ConditionNode.block(AbstractQueuedSynchronizer.java:519)&#10;        at java.base@21.0.8/java.util.concurrent.ForkJoinPool.unmanagedBlock(ForkJoinPool.java:3780)&#10;        at java.base@21.0.8/java.util.concurrent.ForkJoinPool.managedBlock(ForkJoinPool.java:3725)&#10;        at java.base@21.0.8/java.util.concurrent.locks.AbstractQueuedSynchronizer$ConditionObject.await(AbstractQueuedSynchronizer.java:1712)&#10;        at java.base@21.0.8/java.util.concurrent.ScheduledThreadPoolExecutor$DelayedWorkQueue.take(ScheduledThreadPoolExecutor.java:1177)&#10;        at java.base@21.0.8/java.util.concurrent.ScheduledThreadPoolExecutor$DelayedWorkQueue.take(ScheduledThreadPoolExecutor.java:899)&#10;        at java.base@21.0.8/java.util.concurrent.ThreadPoolExecutor.getTask(ThreadPoolExecutor.java:1070)&#10;        at java.base@21.0.8/java.util.concurrent.ThreadPoolExecutor.runWorker(ThreadPoolExecutor.java:1130)&#10;        at java.base@21.0.8/java.util.concurrent.ThreadPoolExecutor$Worker.run(ThreadPoolExecutor.java:642)&#10;        at java.base@21.0.8/java.lang.Thread.runWith(Thread.java:1596)&#10;        at java.base@21.0.8/java.lang.Thread.run(Thread.java:1583)&#10;&quot;IPC Server handler 55 on default port 15004&quot; daemon prio=5 tid=394 timed_waiting&#10;java.lang.Thread.State: TIMED_WAITING&#10;        at java.base@21.0.8/jdk.internal.misc.Unsafe.park(Native Method)&#10;        at java.base@21.0.8/java.util.concurrent.locks.LockSupport.parkNanos(LockSupport.java:269)&#10;        at java.base@21.0.8/java.util.concurrent.locks.AbstractQueuedSynchronizer$ConditionObject.awaitNanos(AbstractQueuedSynchronizer.java:1763)&#10;        at java.base@21.0.8/java.util.concurrent.LinkedBlockingQueue.poll(LinkedBlockingQueue.java:460)&#10;        at app//org.apache.hadoop.ipc.CallQueueManager.take(CallQueueManager.java:370)&#10;        at app//org.apache.hadoop.ipc.Server$Handler.run(Server.java:3165)&#10;&quot;Socket Reader #2 for port 15008&quot; daemon prio=5 tid=451 runnable&#10;java.lang.Thread.State: RUNNABLE&#10;        at java.base@21.0.8/sun.nio.ch.EPoll.wait(Native Method)&#10;        at java.base@21.0.8/sun.nio.ch.EPollSelectorImpl.doSelect(EPollSelectorImpl.java:121)&#10;        at java.base@21.0.8/sun.nio.ch.SelectorImpl.lockAndDoSelect(SelectorImpl.java:130)&#10;        at java.base@21.0.8/sun.nio.ch.SelectorImpl.select(SelectorImpl.java:147)&#10;        at app//org.apache.hadoop.ipc.Server$Listener$Reader.doRunLoop(Server.java:1497)&#10;        at app//org.apache.hadoop.ipc.Server$Listener$Reader.run(Server.java:1476)&#10;&quot;pool-66-thread-1&quot;  prio=5 tid=482 timed_waiting&#10;java.lang.Thread.State: TIMED_WAITING&#10;        at java.base@21.0.8/jdk.internal.misc.Unsafe.park(Native Method)&#10;        at java.base@21.0.8/java.util.concurrent.locks.LockSupport.parkNanos(LockSupport.java:269)&#10;        at java.base@21.0.8/java.util.concurrent.locks.AbstractQueuedSynchronizer$ConditionObject.awaitNanos(AbstractQueuedSynchronizer.java:1763)&#10;        at java.base@21.0.8/java.util.concurrent.ScheduledThreadPoolExecutor$DelayedWorkQueue.take(ScheduledThreadPoolExecutor.java:1182)&#10;        at java.base@21.0.8/java.util.concurrent.ScheduledThreadPoolExecutor$DelayedWorkQueue.take(ScheduledThreadPoolExecutor.java:899)&#10;        at java.base@21.0.8/java.util.concurrent.ThreadPoolExecutor.getTask(ThreadPoolExecutor.java:1070)&#10;        at java.base@21.0.8/java.util.concurrent.ThreadPoolExecutor.runWorker(ThreadPoolExecutor.java:1130)&#10;        at java.base@21.0.8/java.util.concurrent.ThreadPoolExecutor$Worker.run(ThreadPoolExecutor.java:642)&#10;        at java.base@21.0.8/java.lang.Thread.runWith(Thread.java:1596)&#10;        at java.base@21.0.8/java.lang.Thread.run(Thread.java:1583)&#10;&quot;IPC Server handler 51 on default port 15004&quot; daemon prio=5 tid=390 timed_waiting&#10;java.lang.Thread.State: TIMED_WAITING&#10;        at java.base@21.0.8/jdk.internal.misc.Unsafe.park(Native Method)&#10;        at java.base@21.0.8/java.util.concurrent.locks.LockSupport.parkNanos(LockSupport.java:269)&#10;        at java.base@21.0.8/java.util.concurrent.locks.AbstractQueuedSynchronizer$ConditionObject.awaitNanos(AbstractQueuedSynchronizer.java:1763)&#10;        at java.base@21.0.8/java.util.concurrent.LinkedBlockingQueue.poll(LinkedBlockingQueue.java:460)&#10;        at app//org.apache.hadoop.ipc.CallQueueManager.take(CallQueueManager.java:370)&#10;        at app//org.apache.hadoop.ipc.Server$Handler.run(Server.java:3165)&#10;&quot;IPC Server handler 65 on default port 15004&quot; daemon prio=5 tid=404 timed_waiting&#10;java.lang.Thread.State: TIMED_WAITING&#10;        at java.base@21.0.8/jdk.internal.misc.Unsafe.park(Native Method)&#10;        at java.base@21.0.8/java.util.concurrent.locks.LockSupport.parkNanos(LockSupport.java:269)&#10;        at java.base@21.0.8/java.util.concurrent.locks.AbstractQueuedSynchronizer$ConditionObject.awaitNanos(AbstractQueuedSynchronizer.java:1763)&#10;        at java.base@21.0.8/java.util.concurrent.LinkedBlockingQueue.poll(LinkedBlockingQueue.java:460)&#10;        at app//org.apache.hadoop.ipc.CallQueueManager.take(CallQueueManager.java:370)&#10;        at app//org.apache.hadoop.ipc.Server$Handler.run(Server.java:3165)&#10;&quot;ForkJoinPool-1-worker-1&quot; daemon prio=5 tid=33 runnable&#10;java.lang.Thread.State: RUNNABLE&#10;        at java.base@21.0.8/java.lang.Thread.dumpThreads(Native Method)&#10;        at java.base@21.0.8/java.lang.Thread.getAllStackTraces(Thread.java:2522)&#10;        at app//org.apache.ozone.test.TimedOutTestsListener.buildThreadDump(TimedOutTestsListener.java:81)&#10;        at app//org.apache.ozone.test.TimedOutTestsListener.buildThreadDiagnosticString(TimedOutTestsListener.java:67)&#10;        at app//org.apache.ozone.test.GenericTestUtils.waitFor(GenericTestUtils.java:116)&#10;        at app//org.apache.hadoop.ozone.recon.TestReconAndAdminContainerCLI.compareRMReportToReconResponse(TestReconAndAdminContainerCLI.java:323)&#10;        at app//org.apache.hadoop.ozone.recon.TestReconAndAdminContainerCLI.testMissingContainer(TestReconAndAdminContainerCLI.java:213)&#10;        at java.base@21.0.8/java.lang.invoke.LambdaForm$DMH/0x00007f18e8160400.invokeVirtual(LambdaForm$DMH)&#10;        at java.base@21.0.8/java.lang.invoke.LambdaForm$MH/0x00007f18e81bd800.invoke(LambdaForm$MH)&#10;        at java.base@21.0.8/java.lang.invoke.Invokers$Holder.invokeExact_MT(Invokers$Holder)&#10;        at java.base@21.0.8/jdk.internal.reflect.DirectMethodHandleAccessor.invokeImpl(DirectMethodHandleAccessor.java:153)&#10;        at java.base@21.0.8/jdk.internal.reflect.DirectMethodHandleAccessor.invoke(DirectMethodHandleAccessor.java:103)&#10;        at java.base@21.0.8/java.lang.reflect.Method.invoke(Method.java:580)&#10;        at app//org.junit.platform.commons.util.ReflectionUtils.invokeMethod(ReflectionUtils.java:787)&#10;        at app//org.junit.platform.commons.support.ReflectionSupport.invokeMethod(ReflectionSupport.java:478)&#10;        at app//org.junit.jupiter.engine.execution.MethodInvocation.proceed(MethodInvocation.java:60)&#10;        at app//org.junit.jupiter.engine.execution.InvocationInterceptorChain$ValidatingInvocation.proceed(InvocationInterceptorChain.java:131)&#10;        at app//org.junit.jupiter.engine.extension.SameThreadTimeoutInvocation.proceed(SameThreadTimeoutInvocation.java:49)&#10;        at app//org.junit.jupiter.engine.extension.TimeoutExtension.intercept(TimeoutExtension.java:161)&#10;        at app//org.junit.jupiter.engine.extension.TimeoutExtension.interceptTestableMethod(TimeoutExtension.java:152)&#10;        at app//org.junit.jupiter.engine.extension.TimeoutExtension.interceptTestMethod(TimeoutExtension.java:91)&#10;        at app//org.junit.jupiter.engine.descriptor.TestMethodTestDescriptor$$Lambda/0x00007f18e811d628.apply(Unknown Source)&#10;        at app//org.junit.jupiter.engine.execution.InterceptingExecutableInvoker$ReflectiveInterceptorCall.lambda$ofVoidMethod$0(InterceptingExecutableInvoker.java:112)&#10;        at app//org.junit.jupiter.engine.execution.InterceptingExecutableInvoker$ReflectiveInterceptorCall$$Lambda/0x00007f18e811da48.apply(Unknown Source)&#10;        at app//org.junit.jupiter.engine.execution.InterceptingExecutableInvoker.lambda$invoke$0(InterceptingExecutableInvoker.java:94)&#10;        at app//org.junit.jupiter.engine.execution.InterceptingExecutableInvoker$$Lambda/0x00007f18e8176fe8.apply(Unknown Source)&#10;        at app//org.junit.jupiter.engine.execution.InvocationInterceptorChain$InterceptedInvocation.proceed(InvocationInterceptorChain.java:106)&#10;        at app//org.junit.jupiter.engine.execution.InvocationInterceptorChain.proceed(InvocationInterceptorChain.java:64)&#10;        at app//org.junit.jupiter.engine.execution.InvocationInterceptorChain.chainAndInvoke(InvocationInterceptorChain.java:45)&#10;        at app//org.junit.jupiter.engine.execution.InvocationInterceptorChain.invoke(InvocationInterceptorChain.java:37)&#10;        at app//org.junit.jupiter.engine.execution.InterceptingExecutableInvoker.invoke(InterceptingExecutableInvoker.java:93)&#10;        at app//org.junit.jupiter.engine.execution.InterceptingExecutableInvoker.invoke(InterceptingExecutableInvoker.java:87)&#10;        at app//org.junit.jupiter.engine.descriptor.TestMethodTestDescriptor.lambda$invokeTestMethod$4(TestMethodTestDescriptor.java:221)&#10;        at app//org.junit.jupiter.engine.descriptor.TestMethodTestDescriptor$$Lambda/0x00007f18e8fb9cc0.execute(Unknown Source)&#10;        at app//org.junit.platform.engine.support.hierarchical.ThrowableCollector.execute(ThrowableCollector.java:73)&#10;        at app//org.junit.jupiter.engine.descriptor.TestMethodTestDescriptor.invokeTestMethod(TestMethodTestDescriptor.java:217)&#10;        at app//org.junit.jupiter.engine.descriptor.TestMethodTestDescriptor.execute(TestMethodTestDescriptor.java:159)&#10;        at app//org.junit.jupiter.engine.descriptor.TestMethodTestDescriptor.execute(TestMethodTestDescriptor.java:70)&#10;        at app//org.junit.platform.engine.support.hierarchical.NodeTestTask.lambda$executeRecursively$6(NodeTestTask.java:157)&#10;        at app//org.junit.platform.engine.support.hierarchical.NodeTestTask$$Lambda/0x00007f18e8164cf8.execute(Unknown Source)&#10;        at app//org.junit.platform.engine.support.hierarchical.ThrowableCollector.execute(ThrowableCollector.java:73)&#10;        at app//org.junit.platform.engine.support.hierarchical.NodeTestTask.lambda$executeRecursively$8(NodeTestTask.java:147)&#10;        at app//org.junit.platform.engine.support.hierarchical.NodeTestTask$$Lambda/0x00007f18e8164ad0.invoke(Unknown Source)&#10;        at app//org.junit.platform.engine.support.hierarchical.Node.around(Node.java:137)&#10;        at app//org.junit.platform.engine.support.hierarchical.NodeTestTask.lambda$executeRecursively$9(NodeTestTask.java:145)&#10;        at app//org.junit.platform.engine.support.hierarchical.NodeTestTask$$Lambda/0x00007f18e81646a8.execute(Unknown Source)&#10;        at app//org.junit.platform.engine.support.hierarchical.ThrowableCollector.execute(ThrowableCollector.java:73)&#10;        at app//org.junit.platform.engine.support.hierarchical.NodeTestTask.executeRecursively(NodeTestTask.java:144)&#10;        at app//org.junit.platform.engine.support.hierarchical.NodeTestTask.execute(NodeTestTask.java:101)&#10;        at app//org.junit.platform.engine.support.hierarchical.ForkJoinPoolHierarchicalTestExecutorService$ExclusiveTask.exec(ForkJoinPoolHierarchicalTestExecutorService.java:274)&#10;        at app//org.junit.platform.engine.support.hierarchical.ForkJoinPoolHierarchicalTestExecutorService$ExclusiveTask.execSync(ForkJoinPoolHierarchicalTestExecutorService.java:247)&#10;        at app//org.junit.platform.engine.support.hierarchical.ForkJoinPoolHierarchicalTestExecutorService.invokeAll(ForkJoinPoolHierarchicalTestExecutorService.java:159)&#10;        at app//org.junit.platform.engine.support.hierarchical.NodeTestTask.lambda$executeRecursively$6(NodeTestTask.java:161)&#10;        at app//org.junit.platform.engine.support.hierarchical.NodeTestTask$$Lambda/0x00007f18e8164cf8.execute(Unknown Source)&#10;        at app//org.junit.platform.engine.support.hierarchical.ThrowableCollector.execute(ThrowableCollector.java:73)&#10;        at app//org.junit.platform.engine.support.hierarchical.NodeTestTask.lambda$executeRecursively$8(NodeTestTask.java:147)&#10;        at app//org.junit.platform.engine.support.hierarchical.NodeTestTask$$Lambda/0x00007f18e8164ad0.invoke(Unknown Source)&#10;        at app//org.junit.platform.engine.support.hierarchical.Node.around(Node.java:137)&#10;        at app//org.junit.platform.engine.support.hierarchical.NodeTestTask.lambda$executeRecursively$9(NodeTestTask.java:145)&#10;        at app//org.junit.platform.engine.support.hierarchical.NodeTestTask$$Lambda/0x00007f18e81646a8.execute(Unknown Source)&#10;        at app//org.junit.platform.engine.support.hierarchical.ThrowableCollector.execute(ThrowableCollector.java:73)&#10;        at app//org.junit.platform.engine.support.hierarchical.NodeTestTask.executeRecursively(NodeTestTask.java:144)&#10;        at app//org.junit.platform.engine.support.hierarchical.NodeTestTask.execute(NodeTestTask.java:101)&#10;        at app//org.junit.platform.engine.support.hierarchical.ForkJoinPoolHierarchicalTestExecutorService$ExclusiveTask.exec(ForkJoinPoolHierarchicalTestExecutorService.java:274)&#10;        at app//org.junit.platform.engine.support.hierarchical.ForkJoinPoolHierarchicalTestExecutorService$ExclusiveTask.execSync(ForkJoinPoolHierarchicalTestExecutorService.java:247)&#10;        at app//org.junit.platform.engine.support.hierarchical.ForkJoinPoolHierarchicalTestExecutorService.invokeAll(ForkJoinPoolHierarchicalTestExecutorService.java:159)&#10;        at app//org.junit.platform.engine.support.hierarchical.NodeTestTask.lambda$executeRecursively$6(NodeTestTask.java:161)&#10;        at app//org.junit.platform.engine.support.hierarchical.NodeTestTask$$Lambda/0x00007f18e8164cf8.execute(Unknown Source)&#10;        at app//org.junit.platform.engine.support.hierarchical.ThrowableCollector.execute(ThrowableCollector.java:73)&#10;        at app//org.junit.platform.engine.support.hierarchical.NodeTestTask.lambda$executeRecursively$8(NodeTestTask.java:147)&#10;        at app//org.junit.platform.engine.support.hierarchical.NodeTestTask$$Lambda/0x00007f18e8164ad0.invoke(Unknown Source)&#10;        at app//org.junit.platform.engine.support.hierarchical.Node.around(Node.java:137)&#10;        at app//org.junit.platform.engine.support.hierarchical.NodeTestTask.lambda$executeRecursively$9(NodeTestTask.java:145)&#10;        at app//org.junit.platform.engine.support.hierarchical.NodeTestTask$$Lambda/0x00007f18e81646a8.execute(Unknown Source)&#10;        at app//org.junit.platform.engine.support.hierarchical.ThrowableCollector.execute(ThrowableCollector.java:73)&#10;        at app//org.junit.platform.engine.support.hierarchical.NodeTestTask.executeRecursively(NodeTestTask.java:144)&#10;        at app//org.junit.platform.engine.support.hierarchical.NodeTestTask.execute(NodeTestTask.java:101)&#10;        at app//org.junit.platform.engine.support.hierarchical.ForkJoinPoolHierarchicalTestExecutorService$ExclusiveTask.exec(ForkJoinPoolHierarchicalTestExecutorService.java:274)&#10;        at java.base@21.0.8/java.util.concurrent.ForkJoinTask.doExec(ForkJoinTask.java:387)&#10;        at java.base@21.0.8/java.util.concurrent.ForkJoinPool$WorkQueue.topLevelExec(ForkJoinPool.java:1312)&#10;        at java.base@21.0.8/java.util.concurrent.ForkJoinPool.scan(ForkJoinPool.java:1843)&#10;        at java.base@21.0.8/java.util.concurrent.ForkJoinPool.runWorker(ForkJoinPool.java:1808)&#10;        at java.base@21.0.8/java.util.concurrent.ForkJoinWorkerThread.run(ForkJoinWorkerThread.java:188)&#10;&quot;IPC Server handler 92 on default port 15004&quot; daemon prio=5 tid=431 timed_waiting&#10;java.lang.Thread.State: TIMED_WAITING&#10;        at java.base@21.0.8/jdk.internal.misc.Unsafe.park(Native Method)&#10;        at java.base@21.0.8/java.util.concurrent.locks.LockSupport.parkNanos(LockSupport.java:269)&#10;        at java.base@21.0.8/java.util.concurrent.locks.AbstractQueuedSynchronizer$ConditionObject.awaitNanos(AbstractQueuedSynchronizer.java:1763)&#10;        at java.base@21.0.8/java.util.concurrent.LinkedBlockingQueue.poll(LinkedBlockingQueue.java:460)&#10;        at app//org.apache.hadoop.ipc.CallQueueManager.take(CallQueueManager.java:370)&#10;        at app//org.apache.hadoop.ipc.Server$Handler.run(Server.java:3165)&#10;&quot;IPC Server handler 31 on default port 15002&quot; daemon prio=5 tid=152 timed_waiting&#10;java.lang.Thread.State: TIMED_WAITING&#10;        at java.base@21.0.8/jdk.internal.misc.Unsafe.park(Native Method)&#10;        at java.base@21.0.8/java.util.concurrent.locks.LockSupport.parkNanos(LockSupport.java:269)&#10;        at java.base@21.0.8/java.util.concurrent.locks.AbstractQueuedSynchronizer$ConditionObject.awaitNanos(AbstractQueuedSynchronizer.java:1763)&#10;        at java.base@21.0.8/java.util.concurrent.LinkedBlockingQueue.poll(LinkedBlockingQueue.java:460)&#10;        at app//org.apache.hadoop.ipc.CallQueueManager.take(CallQueueManager.java:370)&#10;        at app//org.apache.hadoop.ipc.Server$Handler.run(Server.java:3165)&#10;&quot;ContainerDataScanner(/home/runner/work/ozone/ozone/hadoop-ozone/integration-test-recon/target/test-dir/MiniOzoneClusterImpl-e405f726-f354-48a5-b90a-334fe627f997/ozone-metadata/datanode-2/data-0/hdds)&quot; daemon prio=5 tid=857 timed_waiting&#10;java.lang.Thread.State: TIMED_WAITING&#10;        at java.base@21.0.8/java.lang.Thread.sleep0(Native Method)&#10;        at java.base@21.0.8/java.lang.Thread.sleep(Thread.java:509)&#10;        at app//org.apache.hadoop.ozone.container.ozoneimpl.AbstractBackgroundContainerScanner.handleRemainingSleep(AbstractBackgroundContainerScanner.java:133)&#10;        at app//org.apache.hadoop.ozone.container.ozoneimpl.AbstractBackgroundContainerScanner.runIteration(AbstractBackgroundContainerScanner.java:100)&#10;        at app//org.apache.hadoop.ozone.container.ozoneimpl.AbstractBackgroundContainerScanner.run(AbstractBackgroundContainerScanner.java:59)&#10;        at java.base@21.0.8/java.lang.Thread.runWith(Thread.java:1596)&#10;        at java.base@21.0.8/java.lang.Thread.run(Thread.java:1583)&#10;&quot;0ed0910f-4ac9-4f62-be34-d90c51a3e6c9-EndpointStateMachineTaskThread-/127.0.0.1:15001-0 &quot;  prio=5 tid=1008 in Object.wait()&#10;java.lang.Thread.State: WAITING (on object monitor)&#10;        at java.base@21.0.8/jdk.internal.misc.Unsafe.park(Native Method)&#10;        at java.base@21.0.8/java.util.concurrent.locks.LockSupport.park(LockSupport.java:371)&#10;        at java.base@21.0.8/java.util.concurrent.locks.AbstractQueuedSynchronizer$ConditionNode.block(AbstractQueuedSynchronizer.java:519)&#10;        at java.base@21.0.8/java.util.concurrent.ForkJoinPool.unmanagedBlock(ForkJoinPool.java:3780)&#10;        at java.base@21.0.8/java.util.concurrent.ForkJoinPool.managedBlock(ForkJoinPool.java:3725)&#10;        at java.base@21.0.8/java.util.concurrent.locks.AbstractQueuedSynchronizer$ConditionObject.await(AbstractQueuedSynchronizer.java:1712)&#10;        at java.base@21.0.8/java.util.concurrent.LinkedBlockingQueue.take(LinkedBlockingQueue.java:435)&#10;        at java.base@21.0.8/java.util.concurrent.ThreadPoolExecutor.getTask(ThreadPoolExecutor.java:1070)&#10;        at java.base@21.0.8/java.util.concurrent.ThreadPoolExecutor.runWorker(ThreadPoolExecutor.java:1130)&#10;        at java.base@21.0.8/java.util.concurrent.ThreadPoolExecutor$Worker.run(ThreadPoolExecutor.java:642)&#10;        at java.base@21.0.8/java.lang.Thread.runWith(Thread.java:1596)&#10;        at java.base@21.0.8/java.lang.Thread.run(Thread.java:1583)&#10;&quot;ForkJoinPool.commonPool-worker-2&quot; daemon prio=5 tid=1029 timed_waiting&#10;java.lang.Thread.State: TIMED_WAITING&#10;        at java.base@21.0.8/jdk.internal.misc.Unsafe.park(Native Method)&#10;        at java.base@21.0.8/java.util.concurrent.locks.LockSupport.parkUntil(LockSupport.java:449)&#10;        at java.base@21.0.8/java.util.concurrent.ForkJoinPool.awaitWork(ForkJoinPool.java:1891)&#10;        at java.base@21.0.8/java.util.concurrent.ForkJoinPool.runWorker(ForkJoinPool.java:1809)&#10;        at java.base@21.0.8/java.util.concurrent.ForkJoinWorkerThread.run(ForkJoinWorkerThread.java:188)&#10;&quot;IPC Server handler 82 on default port 15002&quot; daemon prio=5 tid=203 timed_waiting&#10;java.lang.Thread.State: TIMED_WAITING&#10;        at java.base@21.0.8/jdk.internal.misc.Unsafe.park(Native Method)&#10;        at java.base@21.0.8/java.util.concurrent.locks.LockSupport.parkNanos(LockSupport.java:269)&#10;        at java.base@21.0.8/java.util.concurrent.locks.AbstractQueuedSynchronizer$ConditionObject.awaitNanos(AbstractQueuedSynchronizer.java:1763)&#10;        at java.base@21.0.8/java.util.concurrent.LinkedBlockingQueue.poll(LinkedBlockingQueue.java:460)&#10;        at app//org.apache.hadoop.ipc.CallQueueManager.take(CallQueueManager.java:370)&#10;        at app//org.apache.hadoop.ipc.Server$Handler.run(Server.java:3165)&#10;&quot;qtp1760296638-823&quot; daemon prio=5 tid=823 timed_waiting&#10;java.lang.Thread.State: TIMED_WAITING&#10;        at java.base@21.0.8/jdk.internal.misc.Unsafe.park(Native Method)&#10;        at java.base@21.0.8/java.util.concurrent.locks.LockSupport.parkNanos(LockSupport.java:269)&#10;        at java.base@21.0.8/java.util.concurrent.locks.AbstractQueuedSynchronizer$ConditionObject.awaitNanos(AbstractQueuedSynchronizer.java:1763)&#10;        at app//org.eclipse.jetty.util.BlockingArrayQueue.poll(BlockingArrayQueue.java:382)&#10;        at app//org.eclipse.jetty.util.thread.QueuedThreadPool$Runner.idleJobPoll(QueuedThreadPool.java:974)&#10;        at app//org.eclipse.jetty.util.thread.QueuedThreadPool$Runner.run(QueuedThreadPool.java:1018)&#10;        at java.base@21.0.8/java.lang.Thread.runWith(Thread.java:1596)&#10;        at java.base@21.0.8/java.lang.Thread.run(Thread.java:1583)&#10;&quot;qtp1553533936-485-acceptor-0@3791cb1e-ServerConnector@1b9c93de{HTTP/1.1, (http/1.1)}{0.0.0.0:15009}&quot; daemon prio=3 tid=485 runnable&#10;java.lang.Thread.State: RUNNABLE&#10;        at java.base@21.0.8/sun.nio.ch.Net.accept(Native Method)&#10;        at java.base@21.0.8/sun.nio.ch.ServerSocketChannelImpl.implAccept(ServerSocketChannelImpl.java:433)&#10;        at java.base@21.0.8/sun.nio.ch.ServerSocketChannelImpl.accept(ServerSocketChannelImpl.java:399)&#10;        at app//org.eclipse.jetty.server.ServerConnector.accept(ServerConnector.java:388)&#10;        at app//org.eclipse.jetty.server.AbstractConnector$Acceptor.run(AbstractConnector.java:704)&#10;        at app//org.eclipse.jetty.util.thread.QueuedThreadPool.runJob(QueuedThreadPool.java:883)&#10;        at app//org.eclipse.jetty.util.thread.QueuedThreadPool$Runner.run(QueuedThreadPool.java:1034)&#10;        at java.base@21.0.8/java.lang.Thread.runWith(Thread.java:1596)&#10;        at java.base@21.0.8/java.lang.Thread.run(Thread.java:1583)&#10;&quot;qtp1685778567-674-acceptor-0@3493dacb-ServerConnector@72b5fa73{HTTP/1.1, (http/1.1)}{0.0.0.0:15012}&quot; daemon prio=3 tid=674 runnable&#10;java.lang.Thread.State: RUNNABLE&#10;        at java.base@21.0.8/sun.nio.ch.Net.accept(Native Method)&#10;        at java.base@21.0.8/sun.nio.ch.ServerSocketChannelImpl.implAccept(ServerSocketChannelImpl.java:433)&#10;        at java.base@21.0.8/sun.nio.ch.ServerSocketChannelImpl.accept(ServerSocketChannelImpl.java:399)&#10;        at app//org.eclipse.jetty.server.ServerConnector.accept(ServerConnector.java:388)&#10;        at app//org.eclipse.jetty.server.AbstractConnector$Acceptor.run(AbstractConnector.java:704)&#10;        at app//org.eclipse.jetty.util.thread.QueuedThreadPool.runJob(QueuedThreadPool.java:883)&#10;        at app//org.eclipse.jetty.util.thread.QueuedThreadPool$Runner.run(QueuedThreadPool.java:1034)&#10;        at java.base@21.0.8/java.lang.Thread.runWith(Thread.java:1596)&#10;        at java.base@21.0.8/java.lang.Thread.run(Thread.java:1583)&#10;&quot;346684e1-b57f-4c29-9507-935dad45bd68-DatanodeReportManager-0&quot; daemon prio=5 tid=894 in Object.wait()&#10;java.lang.Thread.State: WAITING (on object monitor)&#10;        at java.base@21.0.8/jdk.internal.misc.Unsafe.park(Native Method)&#10;        at java.base@21.0.8/java.util.concurrent.locks.LockSupport.park(LockSupport.java:371)&#10;        at java.base@21.0.8/java.util.concurrent.locks.AbstractQueuedSynchronizer$ConditionNode.block(AbstractQueuedSynchronizer.java:519)&#10;        at java.base@21.0.8/java.util.concurrent.ForkJoinPool.unmanagedBlock(ForkJoinPool.java:3780)&#10;        at java.base@21.0.8/java.util.concurrent.ForkJoinPool.managedBlock(ForkJoinPool.java:3725)&#10;        at java.base@21.0.8/java.util.concurrent.locks.AbstractQueuedSynchronizer$ConditionObject.await(AbstractQueuedSynchronizer.java:1712)&#10;        at java.base@21.0.8/java.util.concurrent.ScheduledThreadPoolExecutor$DelayedWorkQueue.take(ScheduledThreadPoolExecutor.java:1177)&#10;        at java.base@21.0.8/java.util.concurrent.ScheduledThreadPoolExecutor$DelayedWorkQueue.take(ScheduledThreadPoolExecutor.java:899)&#10;        at java.base@21.0.8/java.util.concurrent.ThreadPoolExecutor.getTask(ThreadPoolExecutor.java:1070)&#10;        at java.base@21.0.8/java.util.concurrent.ThreadPoolExecutor.runWorker(ThreadPoolExecutor.java:1130)&#10;        at java.base@21.0.8/java.util.concurrent.ThreadPoolExecutor$Worker.run(ThreadPoolExecutor.java:642)&#10;        at java.base@21.0.8/java.lang.Thread.runWith(Thread.java:1596)&#10;        at java.base@21.0.8/java.lang.Thread.run(Thread.java:1583)&#10;&quot;EventQueue-ReplicationManagerNotifyForReplicationManagerEventHandler&quot; daemon prio=5 tid=1300 in Object.wait()&#10;java.lang.Thread.State: WAITING (on object monitor)&#10;        at java.base@21.0.8/jdk.internal.misc.Unsafe.park(Native Method)&#10;        at java.base@21.0.8/java.util.concurrent.locks.LockSupport.park(LockSupport.java:371)&#10;        at java.base@21.0.8/java.util.concurrent.locks.AbstractQueuedSynchronizer$ConditionNode.block(AbstractQueuedSynchronizer.java:519)&#10;        at java.base@21.0.8/java.util.concurrent.ForkJoinPool.unmanagedBlock(ForkJoinPool.java:3780)&#10;        at java.base@21.0.8/java.util.concurrent.ForkJoinPool.managedBlock(ForkJoinPool.java:3725)&#10;        at java.base@21.0.8/java.util.concurrent.locks.AbstractQueuedSynchronizer$ConditionObject.await(AbstractQueuedSynchronizer.java:1712)&#10;        at java.base@21.0.8/java.util.concurrent.LinkedBlockingQueue.take(LinkedBlockingQueue.java:435)&#10;        at java.base@21.0.8/java.util.concurrent.ThreadPoolExecutor.getTask(ThreadPoolExecutor.java:1070)&#10;        at java.base@21.0.8/java.util.concurrent.ThreadPoolExecutor.runWorker(ThreadPoolExecutor.java:1130)&#10;        at java.base@21.0.8/java.util.concurrent.ThreadPoolExecutor$Worker.run(ThreadPoolExecutor.java:642)&#10;        at java.base@21.0.8/java.lang.Thread.runWith(Thread.java:1596)&#10;        at java.base@21.0.8/java.lang.Thread.run(Thread.java:1583)&#10;&quot;IPC Server handler 17 on default port 15003&quot; daemon prio=5 tid=238 timed_waiting&#10;java.lang.Thread.State: TIMED_WAITING&#10;        at java.base@21.0.8/jdk.internal.misc.Unsafe.park(Native Method)&#10;        at java.base@21.0.8/java.util.concurrent.locks.LockSupport.parkNanos(LockSupport.java:269)&#10;        at java.base@21.0.8/java.util.concurrent.locks.AbstractQueuedSynchronizer$ConditionObject.awaitNanos(AbstractQueuedSynchronizer.java:1763)&#10;        at java.base@21.0.8/java.util.concurrent.LinkedBlockingQueue.poll(LinkedBlockingQueue.java:460)&#10;        at app//org.apache.hadoop.ipc.CallQueueManager.take(CallQueueManager.java:370)&#10;        at app//org.apache.hadoop.ipc.Server$Handler.run(Server.java:3165)&#10;&quot;IPC Server handler 66 on default port 15001&quot; daemon prio=5 tid=624 timed_waiting&#10;java.lang.Thread.State: TIMED_WAITING&#10;        at java.base@21.0.8/jdk.internal.misc.Unsafe.park(Native Method)&#10;        at java.base@21.0.8/java.util.concurrent.locks.LockSupport.parkNanos(LockSupport.java:269)&#10;        at java.base@21.0.8/java.util.concurrent.locks.AbstractQueuedSynchronizer$ConditionObject.awaitNanos(AbstractQueuedSynchronizer.java:1763)&#10;        at java.base@21.0.8/java.util.concurrent.LinkedBlockingQueue.poll(LinkedBlockingQueue.java:460)&#10;        at app//org.apache.hadoop.ipc.CallQueueManager.take(CallQueueManager.java:370)&#10;        at app//org.apache.hadoop.ipc.Server$Handler.run(Server.java:3165)&#10;&quot;qtp871701899-721&quot; daemon prio=5 tid=721 timed_waiting&#10;java.lang.Thread.State: TIMED_WAITING&#10;        at java.base@21.0.8/jdk.internal.misc.Unsafe.park(Native Method)&#10;        at java.base@21.0.8/java.util.concurrent.locks.LockSupport.parkNanos(LockSupport.java:269)&#10;        at java.base@21.0.8/java.util.concurrent.locks.AbstractQueuedSynchronizer$ConditionObject.awaitNanos(AbstractQueuedSynchronizer.java:1763)&#10;        at app//org.eclipse.jetty.util.BlockingArrayQueue.poll(BlockingArrayQueue.java:382)&#10;        at app//org.eclipse.jetty.util.thread.QueuedThreadPool$Runner.idleJobPoll(QueuedThreadPool.java:974)&#10;        at app//org.eclipse.jetty.util.thread.QueuedThreadPool$Runner.run(QueuedThreadPool.java:1018)&#10;        at java.base@21.0.8/java.lang.Thread.runWith(Thread.java:1596)&#10;        at java.base@21.0.8/java.lang.Thread.run(Thread.java:1583)&#10;&quot;IPC Server handler 33 on default port 15001&quot; daemon prio=5 tid=591 timed_waiting&#10;java.lang.Thread.State: TIMED_WAITING&#10;        at java.base@21.0.8/jdk.internal.misc.Unsafe.park(Native Method)&#10;        at java.base@21.0.8/java.util.concurrent.locks.LockSupport.parkNanos(LockSupport.java:269)&#10;        at java.base@21.0.8/java.util.concurrent.locks.AbstractQueuedSynchronizer$ConditionObject.awaitNanos(AbstractQueuedSynchronizer.java:1763)&#10;        at java.base@21.0.8/java.util.concurrent.LinkedBlockingQueue.poll(LinkedBlockingQueue.java:460)&#10;        at app//org.apache.hadoop.ipc.CallQueueManager.take(CallQueueManager.java:370)&#10;        at app//org.apache.hadoop.ipc.Server$Handler.run(Server.java:3165)&#10;&quot;Socket Reader #5 for port 15037&quot; daemon prio=5 tid=874 runnable&#10;java.lang.Thread.State: RUNNABLE&#10;        at java.base@21.0.8/sun.nio.ch.EPoll.wait(Native Method)&#10;        at java.base@21.0.8/sun.nio.ch.EPollSelectorImpl.doSelect(EPollSelectorImpl.java:121)&#10;        at java.base@21.0.8/sun.nio.ch.SelectorImpl.lockAndDoSelect(SelectorImpl.java:130)&#10;        at java.base@21.0.8/sun.nio.ch.SelectorImpl.select(SelectorImpl.java:147)&#10;        at app//org.apache.hadoop.ipc.Server$Listener$Reader.doRunLoop(Server.java:1497)&#10;        at app//org.apache.hadoop.ipc.Server$Listener$Reader.run(Server.java:1476)&#10;&quot;LeakDetector-ManagedRocksObject0&quot; daemon prio=5 tid=51 in Object.wait()&#10;java.lang.Thread.State: WAITING (on object monitor)&#10;        at java.base@21.0.8/jdk.internal.misc.Unsafe.park(Native Method)&#10;        at java.base@21.0.8/java.util.concurrent.locks.LockSupport.park(LockSupport.java:371)&#10;        at java.base@21.0.8/java.util.concurrent.locks.AbstractQueuedSynchronizer$ConditionNode.block(AbstractQueuedSynchronizer.java:519)&#10;        at java.base@21.0.8/java.util.concurrent.ForkJoinPool.unmanagedBlock(ForkJoinPool.java:3780)&#10;        at java.base@21.0.8/java.util.concurrent.ForkJoinPool.managedBlock(ForkJoinPool.java:3725)&#10;        at java.base@21.0.8/java.util.concurrent.locks.AbstractQueuedSynchronizer$ConditionObject.await(AbstractQueuedSynchronizer.java:1712)&#10;        at java.base@21.0.8/java.lang.ref.ReferenceQueue.await(ReferenceQueue.java:67)&#10;        at java.base@21.0.8/java.lang.ref.ReferenceQueue.remove0(ReferenceQueue.java:158)&#10;        at java.base@21.0.8/java.lang.ref.ReferenceQueue.remove(ReferenceQueue.java:234)&#10;        at app//org.apache.hadoop.hdds.utils.LeakDetector.run(LeakDetector.java:79)&#10;        at app//org.apache.hadoop.hdds.utils.LeakDetector$$Lambda/0x00007f18e8495e30.run(Unknown Source)&#10;        at java.base@21.0.8/java.lang.Thread.runWith(Thread.java:1596)&#10;        at java.base@21.0.8/java.lang.Thread.run(Thread.java:1583)&#10;&quot;IPC Server handler 92 on default port 15002&quot; daemon prio=5 tid=213 timed_waiting&#10;java.lang.Thread.State: TIMED_WAITING&#10;        at java.base@21.0.8/jdk.internal.misc.Unsafe.park(Native Method)&#10;        at java.base@21.0.8/java.util.concurrent.locks.LockSupport.parkNanos(LockSupport.java:269)&#10;        at java.base@21.0.8/java.util.concurrent.locks.AbstractQueuedSynchronizer$ConditionObject.awaitNanos(AbstractQueuedSynchronizer.java:1763)&#10;        at java.base@21.0.8/java.util.concurrent.LinkedBlockingQueue.poll(LinkedBlockingQueue.java:460)&#10;        at app//org.apache.hadoop.ipc.CallQueueManager.take(CallQueueManager.java:370)&#10;        at app//org.apache.hadoop.ipc.Server$Handler.run(Server.java:3165)&#10;&quot;IPC Server handler 50 on default port 15003&quot; daemon prio=5 tid=271 timed_waiting&#10;java.lang.Thread.State: TIMED_WAITING&#10;        at java.base@21.0.8/jdk.internal.misc.Unsafe.park(Native Method)&#10;        at java.base@21.0.8/java.util.concurrent.locks.LockSupport.parkNanos(LockSupport.java:269)&#10;        at java.base@21.0.8/java.util.concurrent.locks.AbstractQueuedSynchronizer$ConditionObject.awaitNanos(AbstractQueuedSynchronizer.java:1763)&#10;        at java.base@21.0.8/java.util.concurrent.LinkedBlockingQueue.poll(LinkedBlockingQueue.java:460)&#10;        at app//org.apache.hadoop.ipc.CallQueueManager.take(CallQueueManager.java:370)&#10;        at app//org.apache.hadoop.ipc.Server$Handler.run(Server.java:3165)&#10;&quot;EventQueue-DatanodeCommandForSCMNodeManager&quot;  prio=5 tid=926 in Object.wait()&#10;java.lang.Thread.State: WAITING (on object monitor)&#10;        at java.base@21.0.8/jdk.internal.misc.Unsafe.park(Native Method)&#10;        at java.base@21.0.8/java.util.concurrent.locks.LockSupport.park(LockSupport.java:371)&#10;        at java.base@21.0.8/java.util.concurrent.locks.AbstractQueuedSynchronizer$ConditionNode.block(AbstractQueuedSynchronizer.java:519)&#10;        at java.base@21.0.8/java.util.concurrent.ForkJoinPool.unmanagedBlock(ForkJoinPool.java:3780)&#10;        at java.base@21.0.8/java.util.concurrent.ForkJoinPool.managedBlock(ForkJoinPool.java:3725)&#10;        at java.base@21.0.8/java.util.concurrent.locks.AbstractQueuedSynchronizer$ConditionObject.await(AbstractQueuedSynchronizer.java:1712)&#10;        at java.base@21.0.8/java.util.concurrent.LinkedBlockingQueue.take(LinkedBlockingQueue.java:435)&#10;        at java.base@21.0.8/java.util.concurrent.ThreadPoolExecutor.getTask(ThreadPoolExecutor.java:1070)&#10;        at java.base@21.0.8/java.util.concurrent.ThreadPoolExecutor.runWorker(ThreadPoolExecutor.java:1130)&#10;        at java.base@21.0.8/java.util.concurrent.ThreadPoolExecutor$Worker.run(ThreadPoolExecutor.java:642)&#10;        at java.base@21.0.8/java.lang.Thread.runWith(Thread.java:1596)&#10;        at java.base@21.0.8/java.lang.Thread.run(Thread.java:1583)&#10;&quot;pool-265-thread-1&quot;  prio=5 tid=1331 in Object.wait()&#10;java.lang.Thread.State: WAITING (on object monitor)&#10;        at java.base@21.0.8/jdk.internal.misc.Unsafe.park(Native Method)&#10;        at java.base@21.0.8/java.util.concurrent.locks.LockSupport.park(LockSupport.java:371)&#10;        at java.base@21.0.8/java.util.concurrent.locks.AbstractQueuedSynchronizer$ConditionNode.block(AbstractQueuedSynchronizer.java:519)&#10;        at java.base@21.0.8/java.util.concurrent.ForkJoinPool.unmanagedBlock(ForkJoinPool.java:3780)&#10;        at java.base@21.0.8/java.util.concurrent.ForkJoinPool.managedBlock(ForkJoinPool.java:3725)&#10;        at java.base@21.0.8/java.util.concurrent.locks.AbstractQueuedSynchronizer$ConditionObject.await(AbstractQueuedSynchronizer.java:1712)&#10;        at java.base@21.0.8/java.util.concurrent.LinkedBlockingQueue.take(LinkedBlockingQueue.java:435)&#10;        at java.base@21.0.8/java.util.concurrent.ThreadPoolExecutor.getTask(ThreadPoolExecutor.java:1070)&#10;        at java.base@21.0.8/java.util.concurrent.ThreadPoolExecutor.runWorker(ThreadPoolExecutor.java:1130)&#10;        at java.base@21.0.8/java.util.concurrent.ThreadPoolExecutor$Worker.run(ThreadPoolExecutor.java:642)&#10;        at java.base@21.0.8/java.lang.Thread.runWith(Thread.java:1596)&#10;        at java.base@21.0.8/java.lang.Thread.run(Thread.java:1583)&#10;&quot;IPC Server handler 62 on default port 15002&quot; daemon prio=5 tid=183 timed_waiting&#10;java.lang.Thread.State: TIMED_WAITING&#10;        at java.base@21.0.8/jdk.internal.misc.Unsafe.park(Native Method)&#10;        at java.base@21.0.8/java.util.concurrent.locks.LockSupport.parkNanos(LockSupport.java:269)&#10;        at java.base@21.0.8/java.util.concurrent.locks.AbstractQueuedSynchronizer$ConditionObject.awaitNanos(AbstractQueuedSynchronizer.java:1763)&#10;        at java.base@21.0.8/java.util.concurrent.LinkedBlockingQueue.poll(LinkedBlockingQueue.java:460)&#10;        at app//org.apache.hadoop.ipc.CallQueueManager.take(CallQueueManager.java:370)&#10;        at app//org.apache.hadoop.ipc.Server$Handler.run(Server.java:3165)&#10;&quot;IPC Client (1164532897) connection to 0.0.0.0/0.0.0.0:15004 from runner&quot; daemon prio=5 tid=809 timed_waiting&#10;java.lang.Thread.State: TIMED_WAITING&#10;        at java.base@21.0.8/java.lang.Object.wait0(Native Method)&#10;        at java.base@21.0.8/java.lang.Object.wait(Object.java:366)&#10;        at app//org.apache.hadoop.ipc.Client$Connection.waitForWork(Client.java:1042)&#10;        at app//org.apache.hadoop.ipc.Client$Connection.run(Client.java:1093)&#10;&quot;IPC Server handler 53 on default port 15002&quot; daemon prio=5 tid=174 timed_waiting&#10;java.lang.Thread.State: TIMED_WAITING&#10;        at java.base@21.0.8/jdk.internal.misc.Unsafe.park(Native Method)&#10;        at java.base@21.0.8/java.util.concurrent.locks.LockSupport.parkNanos(LockSupport.java:269)&#10;        at java.base@21.0.8/java.util.concurrent.locks.AbstractQueuedSynchronizer$ConditionObject.awaitNanos(AbstractQueuedSynchronizer.java:1763)&#10;        at java.base@21.0.8/java.util.concurrent.LinkedBlockingQueue.poll(LinkedBlockingQueue.java:460)&#10;        at app//org.apache.hadoop.ipc.CallQueueManager.take(CallQueueManager.java:370)&#10;        at app//org.apache.hadoop.ipc.Server$Handler.run(Server.java:3165)&#10;&quot;IPC Server handler 71 on default port 15002&quot; daemon prio=5 tid=192 timed_waiting&#10;java.lang.Thread.State: TIMED_WAITING&#10;        at java.base@21.0.8/jdk.internal.misc.Unsafe.park(Native Method)&#10;        at java.base@21.0.8/java.util.concurrent.locks.LockSupport.parkNanos(LockSupport.java:269)&#10;        at java.base@21.0.8/java.util.concurrent.locks.AbstractQueuedSynchronizer$ConditionObject.awaitNanos(AbstractQueuedSynchronizer.java:1763)&#10;        at java.base@21.0.8/java.util.concurrent.LinkedBlockingQueue.poll(LinkedBlockingQueue.java:460)&#10;        at app//org.apache.hadoop.ipc.CallQueueManager.take(CallQueueManager.java:370)&#10;        at app//org.apache.hadoop.ipc.Server$Handler.run(Server.java:3165)&#10;&quot;FixedThreadPoolWithAffinityExecutor-5-0&quot; daemon prio=5 tid=109 timed_waiting&#10;java.lang.Thread.State: TIMED_WAITING&#10;        at java.base@21.0.8/jdk.internal.misc.Unsafe.park(Native Method)&#10;        at java.base@21.0.8/java.util.concurrent.locks.LockSupport.parkNanos(LockSupport.java:269)&#10;        at java.base@21.0.8/java.util.concurrent.locks.AbstractQueuedSynchronizer$ConditionObject.awaitNanos(AbstractQueuedSynchronizer.java:1763)&#10;        at java.base@21.0.8/java.util.concurrent.LinkedBlockingQueue.poll(LinkedBlockingQueue.java:460)&#10;        at app//org.apache.hadoop.hdds.scm.server.ContainerReportQueue.poll(ContainerReportQueue.java:269)&#10;        at app//org.apache.hadoop.hdds.scm.server.ContainerReportQueue.poll(ContainerReportQueue.java:42)&#10;        at app//org.apache.hadoop.hdds.server.events.FixedThreadPoolWithAffinityExecutor$ContainerReportProcessTask.run(FixedThreadPoolWithAffinityExecutor.java:228)&#10;        at java.base@21.0.8/java.util.concurrent.Executors$RunnableAdapter.call(Executors.java:572)&#10;        at java.base@21.0.8/java.util.concurrent.FutureTask.run(FutureTask.java:317)&#10;        at java.base@21.0.8/java.util.concurrent.ThreadPoolExecutor.runWorker(ThreadPoolExecutor.java:1144)&#10;        at java.base@21.0.8/java.util.concurrent.ThreadPoolExecutor$Worker.run(ThreadPoolExecutor.java:642)&#10;        at java.base@21.0.8/java.lang.Thread.runWith(Thread.java:1596)&#10;        at java.base@21.0.8/java.lang.Thread.run(Thread.java:1583)&#10;&quot;42a5f925-1bc2-4f8a-8509-c5ae65e6fcde-RocksDBCompactionThread-0&quot;  prio=5 tid=667 timed_waiting&#10;java.lang.Thread.State: TIMED_WAITING&#10;        at java.base@21.0.8/jdk.internal.misc.Unsafe.park(Native Method)&#10;        at java.base@21.0.8/java.util.concurrent.locks.LockSupport.parkNanos(LockSupport.java:269)&#10;        at java.base@21.0.8/java.util.concurrent.locks.AbstractQueuedSynchronizer$ConditionObject.awaitNanos(AbstractQueuedSynchronizer.java:1763)&#10;        at java.base@21.0.8/java.util.concurrent.ScheduledThreadPoolExecutor$DelayedWorkQueue.take(ScheduledThreadPoolExecutor.java:1182)&#10;        at java.base@21.0.8/java.util.concurrent.ScheduledThreadPoolExecutor$DelayedWorkQueue.take(ScheduledThreadPoolExecutor.java:899)&#10;        at java.base@21.0.8/java.util.concurrent.ThreadPoolExecutor.getTask(ThreadPoolExecutor.java:1070)&#10;        at java.base@21.0.8/java.util.concurrent.ThreadPoolExecutor.runWorker(ThreadPoolExecutor.java:1130)&#10;        at java.base@21.0.8/java.util.concurrent.ThreadPoolExecutor$Worker.run(ThreadPoolExecutor.java:642)&#10;        at java.base@21.0.8/java.lang.Thread.runWith(Thread.java:1596)&#10;        at java.base@21.0.8/java.lang.Thread.run(Thread.java:1583)&#10;&quot;IPC Server handler 6 on default port 15002&quot; daemon prio=5 tid=127 timed_waiting&#10;java.lang.Thread.State: TIMED_WAITING&#10;        at java.base@21.0.8/jdk.internal.misc.Unsafe.park(Native Method)&#10;        at java.base@21.0.8/java.util.concurrent.locks.LockSupport.parkNanos(LockSupport.java:269)&#10;        at java.base@21.0.8/java.util.concurrent.locks.AbstractQueuedSynchronizer$ConditionObject.awaitNanos(AbstractQueuedSynchronizer.java:1763)&#10;        at java.base@21.0.8/java.util.concurrent.LinkedBlockingQueue.poll(LinkedBlockingQueue.java:460)&#10;        at app//org.apache.hadoop.ipc.CallQueueManager.take(CallQueueManager.java:370)&#10;        at app//org.apache.hadoop.ipc.Server$Handler.run(Server.java:3165)&#10;&quot;ReconEventProcessor-0&quot;  prio=5 tid=553 timed_waiting&#10;java.lang.Thread.State: TIMED_WAITING&#10;        at java.base@21.0.8/jdk.internal.misc.Unsafe.park(Native Method)&#10;        at java.base@21.0.8/java.util.concurrent.locks.LockSupport.parkNanos(LockSupport.java:269)&#10;        at java.base@21.0.8/java.util.concurrent.locks.AbstractQueuedSynchronizer$ConditionObject.awaitNanos(AbstractQueuedSynchronizer.java:1763)&#10;        at java.base@21.0.8/java.util.concurrent.LinkedBlockingQueue.poll(LinkedBlockingQueue.java:460)&#10;        at app//org.apache.hadoop.ozone.recon.tasks.OMUpdateEventBuffer.poll(OMUpdateEventBuffer.java:74)&#10;        at app//org.apache.hadoop.ozone.recon.tasks.ReconTaskControllerImpl.processBufferedEventsAsync(ReconTaskControllerImpl.java:383)&#10;        at app//org.apache.hadoop.ozone.recon.tasks.ReconTaskControllerImpl$$Lambda/0x00007f18e8bec300.run(Unknown Source)&#10;        at java.base@21.0.8/java.util.concurrent.Executors$RunnableAdapter.call(Executors.java:572)&#10;        at java.base@21.0.8/java.util.concurrent.FutureTask.run(FutureTask.java:317)&#10;        at java.base@21.0.8/java.util.concurrent.ThreadPoolExecutor.runWorker(ThreadPoolExecutor.java:1144)&#10;        at java.base@21.0.8/java.util.concurrent.ThreadPoolExecutor$Worker.run(ThreadPoolExecutor.java:642)&#10;        at java.base@21.0.8/java.lang.Thread.runWith(Thread.java:1596)&#10;        at java.base@21.0.8/java.lang.Thread.run(Thread.java:1583)&#10;&quot;0ed0910f-4ac9-4f62-be34-d90c51a3e6c9@group-9A86F6A96A63-LeaderStateImpl&quot; daemon prio=5 tid=1131 timed_waiting&#10;java.lang.Thread.State: TIMED_WAITING&#10;        at java.base@21.0.8/jdk.internal.misc.Unsafe.park(Native Method)&#10;        at java.base@21.0.8/java.util.concurrent.locks.LockSupport.parkNanos(LockSupport.java:269)&#10;        at java.base@21.0.8/java.util.concurrent.locks.AbstractQueuedSynchronizer$ConditionObject.awaitNanos(AbstractQueuedSynchronizer.java:1763)&#10;        at java.base@21.0.8/java.util.concurrent.ArrayBlockingQueue.poll(ArrayBlockingQueue.java:435)&#10;        at app//org.apache.ratis.server.impl.LeaderStateImpl$EventQueue.poll(LeaderStateImpl.java:168)&#10;        at app//org.apache.ratis.server.impl.LeaderStateImpl$EventProcessor.run(LeaderStateImpl.java:761)&#10;&quot;pool-35-thread-1&quot;  prio=5 tid=1294 timed_waiting&#10;java.lang.Thread.State: TIMED_WAITING&#10;        at java.base@21.0.8/jdk.internal.misc.Unsafe.park(Native Method)&#10;        at java.base@21.0.8/java.util.concurrent.locks.LockSupport.parkNanos(LockSupport.java:410)&#10;        at java.base@21.0.8/java.util.concurrent.LinkedTransferQueue$DualNode.await(LinkedTransferQueue.java:452)&#10;        at java.base@21.0.8/java.util.concurrent.SynchronousQueue$Transferer.xferLifo(SynchronousQueue.java:194)&#10;        at java.base@21.0.8/java.util.concurrent.SynchronousQueue.xfer(SynchronousQueue.java:235)&#10;        at java.base@21.0.8/java.util.concurrent.SynchronousQueue.poll(SynchronousQueue.java:338)&#10;        at java.base@21.0.8/java.util.concurrent.ThreadPoolExecutor.getTask(ThreadPoolExecutor.java:1069)&#10;        at java.base@21.0.8/java.util.concurrent.ThreadPoolExecutor.runWorker(ThreadPoolExecutor.java:1130)&#10;        at java.base@21.0.8/java.util.concurrent.ThreadPoolExecutor$Worker.run(ThreadPoolExecutor.java:642)&#10;        at java.base@21.0.8/java.lang.Thread.runWith(Thread.java:1596)&#10;        at java.base@21.0.8/java.lang.Thread.run(Thread.java:1583)&#10;&quot;qtp1760296638-817&quot; daemon prio=5 tid=817 runnable&#10;java.lang.Thread.State: RUNNABLE&#10;        at java.base@21.0.8/sun.nio.ch.EPoll.wait(Native Method)&#10;        at java.base@21.0.8/sun.nio.ch.EPollSelectorImpl.doSelect(EPollSelectorImpl.java:121)&#10;        at java.base@21.0.8/sun.nio.ch.SelectorImpl.lockAndDoSelect(SelectorImpl.java:130)&#10;        at java.base@21.0.8/sun.nio.ch.SelectorImpl.select(SelectorImpl.java:147)&#10;        at app//org.eclipse.jetty.io.ManagedSelector.nioSelect(ManagedSelector.java:183)&#10;        at app//org.eclipse.jetty.io.ManagedSelector.select(ManagedSelector.java:190)&#10;        at app//org.eclipse.jetty.io.ManagedSelector$SelectorProducer.select(ManagedSelector.java:606)&#10;        at app//org.eclipse.jetty.io.ManagedSelector$SelectorProducer.produce(ManagedSelector.java:543)&#10;        at app//org.eclipse.jetty.util.thread.strategy.EatWhatYouKill.produceTask(EatWhatYouKill.java:362)&#10;        at app//org.eclipse.jetty.util.thread.strategy.EatWhatYouKill.doProduce(EatWhatYouKill.java:186)&#10;        at app//org.eclipse.jetty.util.thread.strategy.EatWhatYouKill.tryProduce(EatWhatYouKill.java:173)&#10;        at app//org.eclipse.jetty.util.thread.strategy.EatWhatYouKill.produce(EatWhatYouKill.java:137)&#10;        at app//org.eclipse.jetty.io.ManagedSelector$$Lambda/0x00007f18e86c6408.run(Unknown Source)&#10;        at app//org.eclipse.jetty.util.thread.QueuedThreadPool.runJob(QueuedThreadPool.java:883)&#10;        at app//org.eclipse.jetty.util.thread.QueuedThreadPool$Runner.run(QueuedThreadPool.java:1034)&#10;        at java.base@21.0.8/java.lang.Thread.runWith(Thread.java:1596)&#10;        at java.base@21.0.8/java.lang.Thread.run(Thread.java:1583)&#10;&quot;IPC Server handler 59 on default port 15003&quot; daemon prio=5 tid=280 timed_waiting&#10;java.lang.Thread.State: TIMED_WAITING&#10;        at java.base@21.0.8/jdk.internal.misc.Unsafe.park(Native Method)&#10;        at java.base@21.0.8/java.util.concurrent.locks.LockSupport.parkNanos(LockSupport.java:269)&#10;        at java.base@21.0.8/java.util.concurrent.locks.AbstractQueuedSynchronizer$ConditionObject.awaitNanos(AbstractQueuedSynchronizer.java:1763)&#10;        at java.base@21.0.8/java.util.concurrent.LinkedBlockingQueue.poll(LinkedBlockingQueue.java:460)&#10;        at app//org.apache.hadoop.ipc.CallQueueManager.take(CallQueueManager.java:370)&#10;        at app//org.apache.hadoop.ipc.Server$Handler.run(Server.java:3165)&#10;&quot;IPC Server handler 31 on default port 15004&quot; daemon prio=5 tid=370 timed_waiting&#10;java.lang.Thread.State: TIMED_WAITING&#10;        at java.base@21.0.8/jdk.internal.misc.Unsafe.park(Native Method)&#10;        at java.base@21.0.8/java.util.concurrent.locks.LockSupport.parkNanos(LockSupport.java:269)&#10;        at java.base@21.0.8/java.util.concurrent.locks.AbstractQueuedSynchronizer$ConditionObject.awaitNanos(AbstractQueuedSynchronizer.java:1763)&#10;        at java.base@21.0.8/java.util.concurrent.LinkedBlockingQueue.poll(LinkedBlockingQueue.java:460)&#10;        at app//org.apache.hadoop.ipc.CallQueueManager.take(CallQueueManager.java:370)&#10;        at app//org.apache.hadoop.ipc.Server$Handler.run(Server.java:3165)&#10;&quot;IPC Server handler 19 on default port 15008&quot; daemon prio=5 tid=511 timed_waiting&#10;java.lang.Thread.State: TIMED_WAITING&#10;        at java.base@21.0.8/jdk.internal.misc.Unsafe.park(Native Method)&#10;        at java.base@21.0.8/java.util.concurrent.locks.LockSupport.parkNanos(LockSupport.java:269)&#10;        at java.base@21.0.8/java.util.concurrent.locks.AbstractQueuedSynchronizer$ConditionObject.awaitNanos(AbstractQueuedSynchronizer.java:1763)&#10;        at java.base@21.0.8/java.util.concurrent.LinkedBlockingQueue.poll(LinkedBlockingQueue.java:460)&#10;        at app//org.apache.hadoop.ipc.CallQueueManager.take(CallQueueManager.java:370)&#10;        at app//org.apache.hadoop.ipc.Server$Handler.run(Server.java:3165)&#10;&quot;Recon-EventQueue-StaleNodeForReconStaleNodeHandler&quot; daemon prio=5 tid=1286 in Object.wait()&#10;java.lang.Thread.State: WAITING (on object monitor)&#10;        at java.base@21.0.8/jdk.internal.misc.Unsafe.park(Native Method)&#10;        at java.base@21.0.8/java.util.concurrent.locks.LockSupport.park(LockSupport.java:371)&#10;        at java.base@21.0.8/java.util.concurrent.locks.AbstractQueuedSynchronizer$ConditionNode.block(AbstractQueuedSynchronizer.java:519)&#10;        at java.base@21.0.8/java.util.concurrent.ForkJoinPool.unmanagedBlock(ForkJoinPool.java:3780)&#10;        at java.base@21.0.8/java.util.concurrent.ForkJoinPool.managedBlock(ForkJoinPool.java:3725)&#10;        at java.base@21.0.8/java.util.concurrent.locks.AbstractQueuedSynchronizer$ConditionObject.await(AbstractQueuedSynchronizer.java:1712)&#10;        at java.base@21.0.8/java.util.concurrent.LinkedBlockingQueue.take(LinkedBlockingQueue.java:435)&#10;        at java.base@21.0.8/java.util.concurrent.ThreadPoolExecutor.getTask(ThreadPoolExecutor.java:1070)&#10;        at java.base@21.0.8/java.util.concurrent.ThreadPoolExecutor.runWorker(ThreadPoolExecutor.java:1130)&#10;        at java.base@21.0.8/java.util.concurrent.ThreadPoolExecutor$Worker.run(ThreadPoolExecutor.java:642)&#10;        at java.base@21.0.8/java.lang.Thread.runWith(Thread.java:1596)&#10;        at java.base@21.0.8/java.lang.Thread.run(Thread.java:1583)&#10;&quot;IPC Server handler 91 on default port 15002&quot; daemon prio=5 tid=212 timed_waiting&#10;java.lang.Thread.State: TIMED_WAITING&#10;        at java.base@21.0.8/jdk.internal.misc.Unsafe.park(Native Method)&#10;        at java.base@21.0.8/java.util.concurrent.locks.LockSupport.parkNanos(LockSupport.java:269)&#10;        at java.base@21.0.8/java.util.concurrent.locks.AbstractQueuedSynchronizer$ConditionObject.awaitNanos(AbstractQueuedSynchronizer.java:1763)&#10;        at java.base@21.0.8/java.util.concurrent.LinkedBlockingQueue.poll(LinkedBlockingQueue.java:460)&#10;        at app//org.apache.hadoop.ipc.CallQueueManager.take(CallQueueManager.java:370)&#10;        at app//org.apache.hadoop.ipc.Server$Handler.run(Server.java:3165)&#10;&quot;346684e1-b57f-4c29-9507-935dad45bd68@group-06B9DB8EB07D-cacheEviction-AwaitToRun&quot; daemon prio=5 tid=1082 in Object.wait()&#10;java.lang.Thread.State: WAITING (on object monitor)&#10;        at java.base@21.0.8/jdk.internal.misc.Unsafe.park(Native Method)&#10;        at java.base@21.0.8/java.util.concurrent.locks.LockSupport.park(LockSupport.java:371)&#10;        at java.base@21.0.8/java.util.concurrent.locks.AbstractQueuedSynchronizer$ConditionNode.block(AbstractQueuedSynchronizer.java:519)&#10;        at java.base@21.0.8/java.util.concurrent.ForkJoinPool.unmanagedBlock(ForkJoinPool.java:3780)&#10;        at java.base@21.0.8/java.util.concurrent.ForkJoinPool.managedBlock(ForkJoinPool.java:3725)&#10;        at java.base@21.0.8/java.util.concurrent.locks.AbstractQueuedSynchronizer$ConditionObject.await(AbstractQueuedSynchronizer.java:1712)&#10;        at app//org.apache.ratis.util.AwaitForSignal.await(AwaitForSignal.java:48)&#10;        at app//org.apache.ratis.util.AwaitToRun$RunnableImpl.run(AwaitToRun.java:47)&#10;        at java.base@21.0.8/java.lang.Thread.runWith(Thread.java:1596)&#10;        at java.base@21.0.8/java.lang.Thread.run(Thread.java:1583)&#10;&quot;IPC Server handler 38 on default port 15003&quot; daemon prio=5 tid=259 timed_waiting&#10;java.lang.Thread.State: TIMED_WAITING&#10;        at java.base@21.0.8/jdk.internal.misc.Unsafe.park(Native Method)&#10;        at java.base@21.0.8/java.util.concurrent.locks.LockSupport.parkNanos(LockSupport.java:269)&#10;        at java.base@21.0.8/java.util.concurrent.locks.AbstractQueuedSynchronizer$ConditionObject.awaitNanos(AbstractQueuedSynchronizer.java:1763)&#10;        at java.base@21.0.8/java.util.concurrent.LinkedBlockingQueue.poll(LinkedBlockingQueue.java:460)&#10;        at app//org.apache.hadoop.ipc.CallQueueManager.take(CallQueueManager.java:370)&#10;        at app//org.apache.hadoop.ipc.Server$Handler.run(Server.java:3165)&#10;&quot;pool-226-thread-1&quot; daemon prio=5 tid=1012 timed_waiting&#10;java.lang.Thread.State: TIMED_WAITING&#10;        at java.base@21.0.8/jdk.internal.misc.Unsafe.park(Native Method)&#10;        at java.base@21.0.8/java.util.concurrent.locks.LockSupport.parkNanos(LockSupport.java:269)&#10;        at java.base@21.0.8/java.util.concurrent.locks.AbstractQueuedSynchronizer$ConditionObject.awaitNanos(AbstractQueuedSynchronizer.java:1763)&#10;        at java.base@21.0.8/java.util.concurrent.ScheduledThreadPoolExecutor$DelayedWorkQueue.take(ScheduledThreadPoolExecutor.java:1182)&#10;        at java.base@21.0.8/java.util.concurrent.ScheduledThreadPoolExecutor$DelayedWorkQueue.take(ScheduledThreadPoolExecutor.java:899)&#10;        at java.base@21.0.8/java.util.concurrent.ThreadPoolExecutor.getTask(ThreadPoolExecutor.java:1070)&#10;        at java.base@21.0.8/java.util.concurrent.ThreadPoolExecutor.runWorker(ThreadPoolExecutor.java:1130)&#10;        at java.base@21.0.8/java.util.concurrent.ThreadPoolExecutor$Worker.run(ThreadPoolExecutor.java:642)&#10;        at java.base@21.0.8/java.lang.Thread.runWith(Thread.java:1596)&#10;        at java.base@21.0.8/java.lang.Thread.run(Thread.java:1583)&#10;&quot;DiskUsage-/home/runner/work/ozone/ozone/hadoop-ozone/integration-test-recon/target/test-dir/MiniOzoneClusterImpl-e405f726-f354-48a5-b90a-334fe627f997/ozone-metadata/datanode-5/data-0-&#10;&quot; daemon prio=5 tid=1013 timed_waiting&#10;java.lang.Thread.State: TIMED_WAITING&#10;        at java.base@21.0.8/jdk.internal.misc.Unsafe.park(Native Method)&#10;        at java.base@21.0.8/java.util.concurrent.locks.LockSupport.parkNanos(LockSupport.java:269)&#10;        at java.base@21.0.8/java.util.concurrent.locks.AbstractQueuedSynchronizer$ConditionObject.awaitNanos(AbstractQueuedSynchronizer.java:1763)&#10;        at java.base@21.0.8/java.util.concurrent.ScheduledThreadPoolExecutor$DelayedWorkQueue.take(ScheduledThreadPoolExecutor.java:1182)&#10;        at java.base@21.0.8/java.util.concurrent.ScheduledThreadPoolExecutor$DelayedWorkQueue.take(ScheduledThreadPoolExecutor.java:899)&#10;        at java.base@21.0.8/java.util.concurrent.ThreadPoolExecutor.getTask(ThreadPoolExecutor.java:1070)&#10;        at java.base@21.0.8/java.util.concurrent.ThreadPoolExecutor.runWorker(ThreadPoolExecutor.java:1130)&#10;        at java.base@21.0.8/java.util.concurrent.ThreadPoolExecutor$Worker.run(ThreadPoolExecutor.java:642)&#10;        at java.base@21.0.8/java.lang.Thread.runWith(Thread.java:1596)&#10;        at java.base@21.0.8/java.lang.Thread.run(Thread.java:1583)&#10;&quot;IPC Server handler 18 on default port 15001&quot; daemon prio=5 tid=576 timed_waiting&#10;java.lang.Thread.State: TIMED_WAITING&#10;        at java.base@21.0.8/jdk.internal.misc.Unsafe.park(Native Method)&#10;        at java.base@21.0.8/java.util.concurrent.locks.LockSupport.parkNanos(LockSupport.java:269)&#10;        at java.base@21.0.8/java.util.concurrent.locks.AbstractQueuedSynchronizer$ConditionObject.awaitNanos(AbstractQueuedSynchronizer.java:1763)&#10;        at java.base@21.0.8/java.util.concurrent.LinkedBlockingQueue.poll(LinkedBlockingQueue.java:460)&#10;        at app//org.apache.hadoop.ipc.CallQueueManager.take(CallQueueManager.java:370)&#10;        at app//org.apache.hadoop.ipc.Server$Handler.run(Server.java:3165)&#10;&quot;SSL Certificates Store Monitor&quot; daemon prio=5 tid=1374 in Object.wait()&#10;java.lang.Thread.State: WAITING (on object monitor)&#10;        at java.base@21.0.8/java.lang.Object.wait0(Native Method)&#10;        at java.base@21.0.8/java.lang.Object.wait(Object.java:366)&#10;        at java.base@21.0.8/java.lang.Object.wait(Object.java:339)&#10;        at java.base@21.0.8/java.util.TimerThread.mainLoop(Timer.java:537)&#10;        at java.base@21.0.8/java.util.TimerThread.run(Timer.java:516)&#10;&quot;IPC Server handler 5 on default port 15003&quot; daemon prio=5 tid=226 timed_waiting&#10;java.lang.Thread.State: TIMED_WAITING&#10;        at java.base@21.0.8/jdk.internal.misc.Unsafe.park(Native Method)&#10;        at java.base@21.0.8/java.util.concurrent.locks.LockSupport.parkNanos(LockSupport.java:269)&#10;        at java.base@21.0.8/java.util.concurrent.locks.AbstractQueuedSynchronizer$ConditionObject.awaitNanos(AbstractQueuedSynchronizer.java:1763)&#10;        at java.base@21.0.8/java.util.concurrent.LinkedBlockingQueue.poll(LinkedBlockingQueue.java:460)&#10;        at app//org.apache.hadoop.ipc.CallQueueManager.take(CallQueueManager.java:370)&#10;        at app//org.apache.hadoop.ipc.Server$Handler.run(Server.java:3165)&#10;&quot;IPC Server handler 43 on default port 15003&quot; daemon prio=5 tid=264 timed_waiting&#10;java.lang.Thread.State: TIMED_WAITING&#10;        at java.base@21.0.8/jdk.internal.misc.Unsafe.park(Native Method)&#10;        at java.base@21.0.8/java.util.concurrent.locks.LockSupport.parkNanos(LockSupport.java:269)&#10;        at java.base@21.0.8/java.util.concurrent.locks.AbstractQueuedSynchronizer$ConditionObject.awaitNanos(AbstractQueuedSynchronizer.java:1763)&#10;        at java.base@21.0.8/java.util.concurrent.LinkedBlockingQueue.poll(LinkedBlockingQueue.java:460)&#10;        at app//org.apache.hadoop.ipc.CallQueueManager.take(CallQueueManager.java:370)&#10;        at app//org.apache.hadoop.ipc.Server$Handler.run(Server.java:3165)&#10;&quot;timer2&quot; daemon prio=5 tid=1112 timed_waiting&#10;java.lang.Thread.State: TIMED_WAITING&#10;        at java.base@21.0.8/java.lang.Object.wait0(Native Method)&#10;        at java.base@21.0.8/java.lang.Object.wait(Object.java:366)&#10;        at java.base@21.0.8/java.util.TimerThread.mainLoop(Timer.java:563)&#10;        at java.base@21.0.8/java.util.TimerThread.run(Timer.java:516)&#10;&quot;qtp1685778567-675&quot; daemon prio=5 tid=675 timed_waiting&#10;java.lang.Thread.State: TIMED_WAITING&#10;        at java.base@21.0.8/jdk.internal.misc.Unsafe.park(Native Method)&#10;        at java.base@21.0.8/java.util.concurrent.locks.LockSupport.parkNanos(LockSupport.java:269)&#10;        at java.base@21.0.8/java.util.concurrent.locks.AbstractQueuedSynchronizer$ConditionObject.awaitNanos(AbstractQueuedSynchronizer.java:1763)&#10;        at app//org.eclipse.jetty.util.BlockingArrayQueue.poll(BlockingArrayQueue.java:382)&#10;        at app//org.eclipse.jetty.util.thread.QueuedThreadPool$Runner.idleJobPoll(QueuedThreadPool.java:974)&#10;        at app//org.eclipse.jetty.util.thread.QueuedThreadPool$Runner.run(QueuedThreadPool.java:1018)&#10;        at java.base@21.0.8/java.lang.Thread.runWith(Thread.java:1596)&#10;        at java.base@21.0.8/java.lang.Thread.run(Thread.java:1583)&#10;&quot;d5ad88c2-6e7a-4660-bab6-a4e8807a575e-ChunkWriter-3-0&quot; daemon prio=5 tid=862 in Object.wait()&#10;java.lang.Thread.State: WAITING (on object monitor)&#10;        at java.base@21.0.8/jdk.internal.misc.Unsafe.park(Native Method)&#10;        at java.base@21.0.8/java.util.concurrent.locks.LockSupport.park(LockSupport.java:371)&#10;        at java.base@21.0.8/java.util.concurrent.locks.AbstractQueuedSynchronizer$ConditionNode.block(AbstractQueuedSynchronizer.java:519)&#10;        at java.base@21.0.8/java.util.concurrent.ForkJoinPool.unmanagedBlock(ForkJoinPool.java:3780)&#10;        at java.base@21.0.8/java.util.concurrent.ForkJoinPool.managedBlock(ForkJoinPool.java:3725)&#10;        at java.base@21.0.8/java.util.concurrent.locks.AbstractQueuedSynchronizer$ConditionObject.await(AbstractQueuedSynchronizer.java:1712)&#10;        at java.base@21.0.8/java.util.concurrent.LinkedBlockingDeque.takeFirst(LinkedBlockingDeque.java:485)&#10;        at java.base@21.0.8/java.util.concurrent.LinkedBlockingDeque.take(LinkedBlockingDeque.java:673)&#10;        at java.base@21.0.8/java.util.concurrent.ThreadPoolExecutor.getTask(ThreadPoolExecutor.java:1070)&#10;        at java.base@21.0.8/java.util.concurrent.ThreadPoolExecutor.runWorker(ThreadPoolExecutor.java:1130)&#10;        at java.base@21.0.8/java.util.concurrent.ThreadPoolExecutor$Worker.run(ThreadPoolExecutor.java:642)&#10;        at java.base@21.0.8/java.lang.Thread.runWith(Thread.java:1596)&#10;        at java.base@21.0.8/java.lang.Thread.run(Thread.java:1583)&#10;&quot;ForkJoinPool.commonPool-worker-1&quot; daemon prio=5 tid=666 in Object.wait()&#10;java.lang.Thread.State: WAITING (on object monitor)&#10;        at java.base@21.0.8/jdk.internal.misc.Unsafe.park(Native Method)&#10;        at java.base@21.0.8/java.util.concurrent.locks.LockSupport.park(LockSupport.java:371)&#10;        at java.base@21.0.8/java.util.concurrent.ForkJoinPool.awaitWork(ForkJoinPool.java:1893)&#10;        at java.base@21.0.8/java.util.concurrent.ForkJoinPool.runWorker(ForkJoinPool.java:1809)&#10;        at java.base@21.0.8/java.util.concurrent.ForkJoinWorkerThread.run(ForkJoinWorkerThread.java:188)&#10;&quot;IPC Server handler 9 on default port 15008&quot; daemon prio=5 tid=501 timed_waiting&#10;java.lang.Thread.State: TIMED_WAITING&#10;        at java.base@21.0.8/jdk.internal.misc.Unsafe.park(Native Method)&#10;        at java.base@21.0.8/java.util.concurrent.locks.LockSupport.parkNanos(LockSupport.java:269)&#10;        at java.base@21.0.8/java.util.concurrent.locks.AbstractQueuedSynchronizer$ConditionObject.awaitNanos(AbstractQueuedSynchronizer.java:1763)&#10;        at java.base@21.0.8/java.util.concurrent.LinkedBlockingQueue.poll(LinkedBlockingQueue.java:460)&#10;        at app//org.apache.hadoop.ipc.CallQueueManager.take(CallQueueManager.java:370)&#10;        at app//org.apache.hadoop.ipc.Server$Handler.run(Server.java:3165)&#10;&quot;StaleRecoveringContainerScrubbingService#1&quot; daemon prio=5 tid=870 in Object.wait()&#10;java.lang.Thread.State: WAITING (on object monitor)&#10;        at java.base@21.0.8/jdk.internal.misc.Unsafe.park(Native Method)&#10;        at java.base@21.0.8/java.util.concurrent.locks.LockSupport.park(LockSupport.java:371)&#10;        at java.base@21.0.8/java.util.concurrent.locks.AbstractQueuedSynchronizer$ConditionNode.block(AbstractQueuedSynchronizer.java:519)&#10;        at java.base@21.0.8/java.util.concurrent.ForkJoinPool.unmanagedBlock(ForkJoinPool.java:3780)&#10;        at java.base@21.0.8/java.util.concurrent.ForkJoinPool.managedBlock(ForkJoinPool.java:3725)&#10;        at java.base@21.0.8/java.util.concurrent.locks.AbstractQueuedSynchronizer$ConditionObject.await(AbstractQueuedSynchronizer.java:1712)&#10;        at java.base@21.0.8/java.util.concurrent.ScheduledThreadPoolExecutor$DelayedWorkQueue.take(ScheduledThreadPoolExecutor.java:1177)&#10;        at java.base@21.0.8/java.util.concurrent.ScheduledThreadPoolExecutor$DelayedWorkQueue.take(ScheduledThreadPoolExecutor.java:899)&#10;        at java.base@21.0.8/java.util.concurrent.ThreadPoolExecutor.getTask(ThreadPoolExecutor.java:1070)&#10;        at java.base@21.0.8/java.util.concurrent.ThreadPoolExecutor.runWorker(ThreadPoolExecutor.java:1130)&#10;        at java.base@21.0.8/java.util.concurrent.ThreadPoolExecutor$Worker.run(ThreadPoolExecutor.java:642)&#10;        at java.base@21.0.8/java.lang.Thread.runWith(Thread.java:1596)&#10;        at java.base@21.0.8/java.lang.Thread.run(Thread.java:1583)&#10;&quot;qtp871701899-725&quot; daemon prio=5 tid=725 timed_waiting&#10;java.lang.Thread.State: TIMED_WAITING&#10;        at java.base@21.0.8/jdk.internal.misc.Unsafe.park(Native Method)&#10;        at java.base@21.0.8/java.util.concurrent.locks.LockSupport.parkNanos(LockSupport.java:269)&#10;        at java.base@21.0.8/java.util.concurrent.locks.AbstractQueuedSynchronizer$ConditionObject.awaitNanos(AbstractQueuedSynchronizer.java:1763)&#10;        at app//org.eclipse.jetty.util.BlockingArrayQueue.poll(BlockingArrayQueue.java:382)&#10;        at app//org.eclipse.jetty.util.thread.QueuedThreadPool$Runner.idleJobPoll(QueuedThreadPool.java:974)&#10;        at app//org.eclipse.jetty.util.thread.QueuedThreadPool$Runner.run(QueuedThreadPool.java:1018)&#10;        at java.base@21.0.8/java.lang.Thread.runWith(Thread.java:1596)&#10;        at java.base@21.0.8/java.lang.Thread.run(Thread.java:1583)&#10;&quot;IPC Server handler 61 on default port 15001&quot; daemon prio=5 tid=619 timed_waiting&#10;java.lang.Thread.State: TIMED_WAITING&#10;        at java.base@21.0.8/jdk.internal.misc.Unsafe.park(Native Method)&#10;        at java.base@21.0.8/java.util.concurrent.locks.LockSupport.parkNanos(LockSupport.java:269)&#10;        at java.base@21.0.8/java.util.concurrent.locks.AbstractQueuedSynchronizer$ConditionObject.awaitNanos(AbstractQueuedSynchronizer.java:1763)&#10;        at java.base@21.0.8/java.util.concurrent.LinkedBlockingQueue.poll(LinkedBlockingQueue.java:460)&#10;        at app//org.apache.hadoop.ipc.CallQueueManager.take(CallQueueManager.java:370)&#10;        at app//org.apache.hadoop.ipc.Server$Handler.run(Server.java:3165)&#10;&quot;42a5f925-1bc2-4f8a-8509-c5ae65e6fcde-DatanodeReportManager-0&quot; daemon prio=5 tid=706 in Object.wait()&#10;java.lang.Thread.State: WAITING (on object monitor)&#10;        at java.base@21.0.8/jdk.internal.misc.Unsafe.park(Native Method)&#10;        at java.base@21.0.8/java.util.concurrent.locks.LockSupport.park(LockSupport.java:371)&#10;        at java.base@21.0.8/java.util.concurrent.locks.AbstractQueuedSynchronizer$ConditionNode.block(AbstractQueuedSynchronizer.java:519)&#10;        at java.base@21.0.8/java.util.concurrent.ForkJoinPool.unmanagedBlock(ForkJoinPool.java:3780)&#10;        at java.base@21.0.8/java.util.concurrent.ForkJoinPool.managedBlock(ForkJoinPool.java:3725)&#10;        at java.base@21.0.8/java.util.concurrent.locks.AbstractQueuedSynchronizer$ConditionObject.await(AbstractQueuedSynchronizer.java:1712)&#10;        at java.base@21.0.8/java.util.concurrent.ScheduledThreadPoolExecutor$DelayedWorkQueue.take(ScheduledThreadPoolExecutor.java:1177)&#10;        at java.base@21.0.8/java.util.concurrent.ScheduledThreadPoolExecutor$DelayedWorkQueue.take(ScheduledThreadPoolExecutor.java:899)&#10;        at java.base@21.0.8/java.util.concurrent.ThreadPoolExecutor.getTask(ThreadPoolExecutor.java:1070)&#10;        at java.base@21.0.8/java.util.concurrent.ThreadPoolExecutor.runWorker(ThreadPoolExecutor.java:1130)&#10;        at java.base@21.0.8/java.util.concurrent.ThreadPoolExecutor$Worker.run(ThreadPoolExecutor.java:642)&#10;        at java.base@21.0.8/java.lang.Thread.runWith(Thread.java:1596)&#10;        at java.base@21.0.8/java.lang.Thread.run(Thread.java:1583)&#10;&quot;d5ad88c2-6e7a-4660-bab6-a4e8807a575e-DatanodeReportManager-0&quot; daemon prio=5 tid=752 in Object.wait()&#10;java.lang.Thread.State: WAITING (on object monitor)&#10;        at java.base@21.0.8/jdk.internal.misc.Unsafe.park(Native Method)&#10;        at java.base@21.0.8/java.util.concurrent.locks.LockSupport.park(LockSupport.java:371)&#10;        at java.base@21.0.8/java.util.concurrent.locks.AbstractQueuedSynchronizer$ConditionNode.block(AbstractQueuedSynchronizer.java:519)&#10;        at java.base@21.0.8/java.util.concurrent.ForkJoinPool.unmanagedBlock(ForkJoinPool.java:3780)&#10;        at java.base@21.0.8/java.util.concurrent.ForkJoinPool.managedBlock(ForkJoinPool.java:3725)&#10;        at java.base@21.0.8/java.util.concurrent.locks.AbstractQueuedSynchronizer$ConditionObject.await(AbstractQueuedSynchronizer.java:1712)&#10;        at java.base@21.0.8/java.util.concurrent.ScheduledThreadPoolExecutor$DelayedWorkQueue.take(ScheduledThreadPoolExecutor.java:1177)&#10;        at java.base@21.0.8/java.util.concurrent.ScheduledThreadPoolExecutor$DelayedWorkQueue.take(ScheduledThreadPoolExecutor.java:899)&#10;        at java.base@21.0.8/java.util.concurrent.ThreadPoolExecutor.getTask(ThreadPoolExecutor.java:1070)&#10;        at java.base@21.0.8/java.util.concurrent.ThreadPoolExecutor.runWorker(ThreadPoolExecutor.java:1130)&#10;        at java.base@21.0.8/java.util.concurrent.ThreadPoolExecutor$Worker.run(ThreadPoolExecutor.java:642)&#10;        at java.base@21.0.8/java.lang.Thread.runWith(Thread.java:1596)&#10;        at java.base@21.0.8/java.lang.Thread.run(Thread.java:1583)&#10;&quot;d5ad88c2-6e7a-4660-bab6-a4e8807a575e-DataNodeDiskCheckerThread-0&quot; daemon prio=5 tid=851 timed_waiting&#10;java.lang.Thread.State: TIMED_WAITING&#10;        at java.base@21.0.8/jdk.internal.misc.Unsafe.park(Native Method)&#10;        at java.base@21.0.8/java.util.concurrent.locks.LockSupport.parkNanos(LockSupport.java:410)&#10;        at java.base@21.0.8/java.util.concurrent.LinkedTransferQueue$DualNode.await(LinkedTransferQueue.java:452)&#10;        at java.base@21.0.8/java.util.concurrent.SynchronousQueue$Transferer.xferLifo(SynchronousQueue.java:194)&#10;        at java.base@21.0.8/java.util.concurrent.SynchronousQueue.xfer(SynchronousQueue.java:235)&#10;        at java.base@21.0.8/java.util.concurrent.SynchronousQueue.poll(SynchronousQueue.java:338)&#10;        at java.base@21.0.8/java.util.concurrent.ThreadPoolExecutor.getTask(ThreadPoolExecutor.java:1069)&#10;        at java.base@21.0.8/java.util.concurrent.ThreadPoolExecutor.runWorker(ThreadPoolExecutor.java:1130)&#10;        at java.base@21.0.8/java.util.concurrent.ThreadPoolExecutor$Worker.run(ThreadPoolExecutor.java:642)&#10;        at java.base@21.0.8/java.lang.Thread.runWith(Thread.java:1596)&#10;        at java.base@21.0.8/java.lang.Thread.run(Thread.java:1583)&#10;&quot;IPC Server handler 40 on default port 15004&quot; daemon prio=5 tid=379 timed_waiting&#10;java.lang.Thread.State: TIMED_WAITING&#10;        at java.base@21.0.8/jdk.internal.misc.Unsafe.park(Native Method)&#10;        at java.base@21.0.8/java.util.concurrent.locks.LockSupport.parkNanos(LockSupport.java:269)&#10;        at java.base@21.0.8/java.util.concurrent.locks.AbstractQueuedSynchronizer$ConditionObject.awaitNanos(AbstractQueuedSynchronizer.java:1763)&#10;        at java.base@21.0.8/java.util.concurrent.LinkedBlockingQueue.poll(LinkedBlockingQueue.java:460)&#10;        at app//org.apache.hadoop.ipc.CallQueueManager.take(CallQueueManager.java:370)&#10;        at app//org.apache.hadoop.ipc.Server$Handler.run(Server.java:3165)&#10;&quot;grpc-default-executor-4&quot; daemon prio=5 tid=1248 timed_waiting&#10;java.lang.Thread.State: TIMED_WAITING&#10;        at java.base@21.0.8/jdk.internal.misc.Unsafe.park(Native Method)&#10;        at java.base@21.0.8/java.util.concurrent.locks.LockSupport.parkNanos(LockSupport.java:410)&#10;        at java.base@21.0.8/java.util.concurrent.LinkedTransferQueue$DualNode.await(LinkedTransferQueue.java:452)&#10;        at java.base@21.0.8/java.util.concurrent.SynchronousQueue$Transferer.xferLifo(SynchronousQueue.java:194)&#10;        at java.base@21.0.8/java.util.concurrent.SynchronousQueue.xfer(SynchronousQueue.java:235)&#10;        at java.base@21.0.8/java.util.concurrent.SynchronousQueue.poll(SynchronousQueue.java:338)&#10;        at java.base@21.0.8/java.util.concurrent.ThreadPoolExecutor.getTask(ThreadPoolExecutor.java:1069)&#10;        at java.base@21.0.8/java.util.concurrent.ThreadPoolExecutor.runWorker(ThreadPoolExecutor.java:1130)&#10;        at java.base@21.0.8/java.util.concurrent.ThreadPoolExecutor$Worker.run(ThreadPoolExecutor.java:642)&#10;        at java.base@21.0.8/java.lang.Thread.runWith(Thread.java:1596)&#10;        at java.base@21.0.8/java.lang.Thread.run(Thread.java:1583)&#10;&quot;0ed0910f-4ac9-4f62-be34-d90c51a3e6c9-DatanodeReportManager-1&quot; daemon prio=5 tid=974 in Object.wait()&#10;java.lang.Thread.State: WAITING (on object monitor)&#10;        at java.base@21.0.8/jdk.internal.misc.Unsafe.park(Native Method)&#10;        at java.base@21.0.8/java.util.concurrent.locks.LockSupport.park(LockSupport.java:371)&#10;        at java.base@21.0.8/java.util.concurrent.locks.AbstractQueuedSynchronizer$ConditionNode.block(AbstractQueuedSynchronizer.java:519)&#10;        at java.base@21.0.8/java.util.concurrent.ForkJoinPool.unmanagedBlock(ForkJoinPool.java:3780)&#10;        at java.base@21.0.8/java.util.concurrent.ForkJoinPool.managedBlock(ForkJoinPool.java:3725)&#10;        at java.base@21.0.8/java.util.concurrent.locks.AbstractQueuedSynchronizer$ConditionObject.await(AbstractQueuedSynchronizer.java:1712)&#10;        at java.base@21.0.8/java.util.concurrent.ScheduledThreadPoolExecutor$DelayedWorkQueue.take(ScheduledThreadPoolExecutor.java:1177)&#10;        at java.base@21.0.8/java.util.concurrent.ScheduledThreadPoolExecutor$DelayedWorkQueue.take(ScheduledThreadPoolExecutor.java:899)&#10;        at java.base@21.0.8/java.util.concurrent.ThreadPoolExecutor.getTask(ThreadPoolExecutor.java:1070)&#10;        at java.base@21.0.8/java.util.concurrent.ThreadPoolExecutor.runWorker(ThreadPoolExecutor.java:1130)&#10;        at java.base@21.0.8/java.util.concurrent.ThreadPoolExecutor$Worker.run(ThreadPoolExecutor.java:642)&#10;        at java.base@21.0.8/java.lang.Thread.runWith(Thread.java:1596)&#10;        at java.base@21.0.8/java.lang.Thread.run(Thread.java:1583)&#10;&quot;qtp396271801-327&quot; daemon prio=5 tid=327 timed_waiting&#10;java.lang.Thread.State: TIMED_WAITING&#10;        at java.base@21.0.8/jdk.internal.misc.Unsafe.park(Native Method)&#10;        at java.base@21.0.8/java.util.concurrent.locks.LockSupport.parkNanos(LockSupport.java:269)&#10;        at java.base@21.0.8/java.util.concurrent.locks.AbstractQueuedSynchronizer$ConditionObject.awaitNanos(AbstractQueuedSynchronizer.java:1763)&#10;        at app//org.eclipse.jetty.util.BlockingArrayQueue.poll(BlockingArrayQueue.java:382)&#10;        at app//org.eclipse.jetty.util.thread.QueuedThreadPool$Runner.idleJobPoll(QueuedThreadPool.java:974)&#10;        at app//org.eclipse.jetty.util.thread.QueuedThreadPool$Runner.run(QueuedThreadPool.java:1018)&#10;        at java.base@21.0.8/java.lang.Thread.runWith(Thread.java:1596)&#10;        at java.base@21.0.8/java.lang.Thread.run(Thread.java:1583)&#10;&quot;42a5f925-1bc2-4f8a-8509-c5ae65e6fcde-CloseContainerThread-2&quot;  prio=5 tid=1302 in Object.wait()&#10;java.lang.Thread.State: WAITING (on object monitor)&#10;        at java.base@21.0.8/jdk.internal.misc.Unsafe.park(Native Method)&#10;        at java.base@21.0.8/java.util.concurrent.locks.LockSupport.park(LockSupport.java:371)&#10;        at java.base@21.0.8/java.util.concurrent.locks.AbstractQueuedSynchronizer$ConditionNode.block(AbstractQueuedSynchronizer.java:519)&#10;        at java.base@21.0.8/java.util.concurrent.ForkJoinPool.unmanagedBlock(ForkJoinPool.java:3780)&#10;        at java.base@21.0.8/java.util.concurrent.ForkJoinPool.managedBlock(ForkJoinPool.java:3725)&#10;        at java.base@21.0.8/java.util.concurrent.locks.AbstractQueuedSynchronizer$ConditionObject.await(AbstractQueuedSynchronizer.java:1712)&#10;        at java.base@21.0.8/java.util.concurrent.LinkedBlockingQueue.take(LinkedBlockingQueue.java:435)&#10;        at java.base@21.0.8/java.util.concurrent.ThreadPoolExecutor.getTask(ThreadPoolExecutor.java:1070)&#10;        at java.base@21.0.8/java.util.concurrent.ThreadPoolExecutor.runWorker(ThreadPoolExecutor.java:1130)&#10;        at java.base@21.0.8/java.util.concurrent.ThreadPoolExecutor$Worker.run(ThreadPoolExecutor.java:642)&#10;        at java.base@21.0.8/java.lang.Thread.runWith(Thread.java:1596)&#10;        at java.base@21.0.8/java.lang.Thread.run(Thread.java:1583)&#10;&quot;IPC Server handler 14 on default port 15002&quot; daemon prio=5 tid=135 timed_waiting&#10;java.lang.Thread.State: TIMED_WAITING&#10;        at java.base@21.0.8/jdk.internal.misc.Unsafe.park(Native Method)&#10;        at java.base@21.0.8/java.util.concurrent.locks.LockSupport.parkNanos(LockSupport.java:269)&#10;        at java.base@21.0.8/java.util.concurrent.locks.AbstractQueuedSynchronizer$ConditionObject.awaitNanos(AbstractQueuedSynchronizer.java:1763)&#10;        at java.base@21.0.8/java.util.concurrent.LinkedBlockingQueue.poll(LinkedBlockingQueue.java:460)&#10;        at app//org.apache.hadoop.ipc.CallQueueManager.take(CallQueueManager.java:370)&#10;        at app//org.apache.hadoop.ipc.Server$Handler.run(Server.java:3165)&#10;&quot;pool-149-thread-1&quot;  prio=5 tid=717 timed_waiting&#10;java.lang.Thread.State: TIMED_WAITING&#10;        at java.base@21.0.8/jdk.internal.misc.Unsafe.park(Native Method)&#10;        at java.base@21.0.8/java.util.concurrent.locks.LockSupport.parkNanos(LockSupport.java:269)&#10;        at java.base@21.0.8/java.util.concurrent.locks.AbstractQueuedSynchronizer$ConditionObject.awaitNanos(AbstractQueuedSynchronizer.java:1763)&#10;        at java.base@21.0.8/java.util.concurrent.ScheduledThreadPoolExecutor$DelayedWorkQueue.take(ScheduledThreadPoolExecutor.java:1182)&#10;        at java.base@21.0.8/java.util.concurrent.ScheduledThreadPoolExecutor$DelayedWorkQueue.take(ScheduledThreadPoolExecutor.java:899)&#10;        at java.base@21.0.8/java.util.concurrent.ThreadPoolExecutor.getTask(ThreadPoolExecutor.java:1070)&#10;        at java.base@21.0.8/java.util.concurrent.ThreadPoolExecutor.runWorker(ThreadPoolExecutor.java:1130)&#10;        at java.base@21.0.8/java.util.concurrent.ThreadPoolExecutor$Worker.run(ThreadPoolExecutor.java:642)&#10;        at java.base@21.0.8/java.lang.Thread.runWith(Thread.java:1596)&#10;        at java.base@21.0.8/java.lang.Thread.run(Thread.java:1583)&#10;&quot;IPC Server handler 34 on default port 15002&quot; daemon prio=5 tid=155 timed_waiting&#10;java.lang.Thread.State: TIMED_WAITING&#10;        at java.base@21.0.8/jdk.internal.misc.Unsafe.park(Native Method)&#10;        at java.base@21.0.8/java.util.concurrent.locks.LockSupport.parkNanos(LockSupport.java:269)&#10;        at java.base@21.0.8/java.util.concurrent.locks.AbstractQueuedSynchronizer$ConditionObject.awaitNanos(AbstractQueuedSynchronizer.java:1763)&#10;        at java.base@21.0.8/java.util.concurrent.LinkedBlockingQueue.poll(LinkedBlockingQueue.java:460)&#10;        at app//org.apache.hadoop.ipc.CallQueueManager.take(CallQueueManager.java:370)&#10;        at app//org.apache.hadoop.ipc.Server$Handler.run(Server.java:3165)&#10;&quot;42a5f925-1bc2-4f8a-8509-c5ae65e6fcde-EndpointStateMachineTaskThread-/127.0.0.1:15001-0 &quot;  prio=5 tid=774 in Object.wait()&#10;java.lang.Thread.State: WAITING (on object monitor)&#10;        at java.base@21.0.8/jdk.internal.misc.Unsafe.park(Native Method)&#10;        at java.base@21.0.8/java.util.concurrent.locks.LockSupport.park(LockSupport.java:371)&#10;        at java.base@21.0.8/java.util.concurrent.locks.AbstractQueuedSynchronizer$ConditionNode.block(AbstractQueuedSynchronizer.java:519)&#10;        at java.base@21.0.8/java.util.concurrent.ForkJoinPool.unmanagedBlock(ForkJoinPool.java:3780)&#10;        at java.base@21.0.8/java.util.concurrent.ForkJoinPool.managedBlock(ForkJoinPool.java:3725)&#10;        at java.base@21.0.8/java.util.concurrent.locks.AbstractQueuedSynchronizer$ConditionObject.await(AbstractQueuedSynchronizer.java:1712)&#10;        at java.base@21.0.8/java.util.concurrent.LinkedBlockingQueue.take(LinkedBlockingQueue.java:435)&#10;        at java.base@21.0.8/java.util.concurrent.ThreadPoolExecutor.getTask(ThreadPoolExecutor.java:1070)&#10;        at java.base@21.0.8/java.util.concurrent.ThreadPoolExecutor.runWorker(ThreadPoolExecutor.java:1130)&#10;        at java.base@21.0.8/java.util.concurrent.ThreadPoolExecutor$Worker.run(ThreadPoolExecutor.java:642)&#10;        at java.base@21.0.8/java.lang.Thread.runWith(Thread.java:1596)&#10;        at java.base@21.0.8/java.lang.Thread.run(Thread.java:1583)&#10;&quot;timer0&quot; daemon prio=5 tid=1139 timed_waiting&#10;java.lang.Thread.State: TIMED_WAITING&#10;        at java.base@21.0.8/java.lang.Object.wait0(Native Method)&#10;        at java.base@21.0.8/java.lang.Object.wait(Object.java:366)&#10;        at java.base@21.0.8/java.util.TimerThread.mainLoop(Timer.java:563)&#10;        at java.base@21.0.8/java.util.TimerThread.run(Timer.java:516)&#10;&quot;IPC Server handler 6 on default port 15045&quot; daemon prio=5 tid=968 timed_waiting&#10;java.lang.Thread.State: TIMED_WAITING&#10;        at java.base@21.0.8/jdk.internal.misc.Unsafe.park(Native Method)&#10;        at java.base@21.0.8/java.util.concurrent.locks.LockSupport.parkNanos(LockSupport.java:269)&#10;        at java.base@21.0.8/java.util.concurrent.locks.AbstractQueuedSynchronizer$ConditionObject.awaitNanos(AbstractQueuedSynchronizer.java:1763)&#10;        at java.base@21.0.8/java.util.concurrent.LinkedBlockingQueue.poll(LinkedBlockingQueue.java:460)&#10;        at app//org.apache.hadoop.ipc.CallQueueManager.take(CallQueueManager.java:370)&#10;        at app//org.apache.hadoop.ipc.Server$Handler.run(Server.java:3165)&#10;&quot;IPC Server handler 9 on default port 15003&quot; daemon prio=5 tid=230 timed_waiting&#10;java.lang.Thread.State: TIMED_WAITING&#10;        at java.base@21.0.8/jdk.internal.misc.Unsafe.park(Native Method)&#10;        at java.base@21.0.8/java.util.concurrent.locks.LockSupport.parkNanos(LockSupport.java:269)&#10;        at java.base@21.0.8/java.util.concurrent.locks.AbstractQueuedSynchronizer$ConditionObject.awaitNanos(AbstractQueuedSynchronizer.java:1763)&#10;        at java.base@21.0.8/java.util.concurrent.LinkedBlockingQueue.poll(LinkedBlockingQueue.java:460)&#10;        at app//org.apache.hadoop.ipc.CallQueueManager.take(CallQueueManager.java:370)&#10;        at app//org.apache.hadoop.ipc.Server$Handler.run(Server.java:3165)&#10;&quot;Socket Reader #1 for port 15004&quot; daemon prio=5 tid=63 runnable&#10;java.lang.Thread.State: RUNNABLE&#10;        at java.base@21.0.8/sun.nio.ch.EPoll.wait(Native Method)&#10;        at java.base@21.0.8/sun.nio.ch.EPollSelectorImpl.doSelect(EPollSelectorImpl.java:121)&#10;        at java.base@21.0.8/sun.nio.ch.SelectorImpl.lockAndDoSelect(SelectorImpl.java:130)&#10;        at java.base@21.0.8/sun.nio.ch.SelectorImpl.select(SelectorImpl.java:147)&#10;        at app//org.apache.hadoop.ipc.Server$Listener$Reader.doRunLoop(Server.java:1497)&#10;        at app//org.apache.hadoop.ipc.Server$Listener$Reader.run(Server.java:1476)&#10;&quot;qtp396271801-330&quot; daemon prio=5 tid=330 timed_waiting&#10;java.lang.Thread.State: TIMED_WAITING&#10;        at java.base@21.0.8/jdk.internal.misc.Unsafe.park(Native Method)&#10;        at java.base@21.0.8/java.util.concurrent.locks.LockSupport.parkNanos(LockSupport.java:269)&#10;        at java.base@21.0.8/java.util.concurrent.locks.AbstractQueuedSynchronizer$ConditionObject.awaitNanos(AbstractQueuedSynchronizer.java:1763)&#10;        at app//org.eclipse.jetty.util.BlockingArrayQueue.poll(BlockingArrayQueue.java:382)&#10;        at app//org.eclipse.jetty.util.thread.QueuedThreadPool$Runner.idleJobPoll(QueuedThreadPool.java:974)&#10;        at app//org.eclipse.jetty.util.thread.QueuedThreadPool$Runner.run(QueuedThreadPool.java:1018)&#10;        at java.base@21.0.8/java.lang.Thread.runWith(Thread.java:1596)&#10;        at java.base@21.0.8/java.lang.Thread.run(Thread.java:1583)&#10;&quot;IPC Server handler 61 on default port 15004&quot; daemon prio=5 tid=400 timed_waiting&#10;java.lang.Thread.State: TIMED_WAITING&#10;        at java.base@21.0.8/jdk.internal.misc.Unsafe.park(Native Method)&#10;        at java.base@21.0.8/java.util.concurrent.locks.LockSupport.parkNanos(LockSupport.java:269)&#10;        at java.base@21.0.8/java.util.concurrent.locks.AbstractQueuedSynchronizer$ConditionObject.awaitNanos(AbstractQueuedSynchronizer.java:1763)&#10;        at java.base@21.0.8/java.util.concurrent.LinkedBlockingQueue.poll(LinkedBlockingQueue.java:460)&#10;        at app//org.apache.hadoop.ipc.CallQueueManager.take(CallQueueManager.java:370)&#10;        at app//org.apache.hadoop.ipc.Server$Handler.run(Server.java:3165)&#10;&quot;Socket Reader #9 for port 15021&quot; daemon prio=5 tid=736 runnable&#10;java.lang.Thread.State: RUNNABLE&#10;        at java.base@21.0.8/sun.nio.ch.EPoll.wait(Native Method)&#10;        at java.base@21.0.8/sun.nio.ch.EPollSelectorImpl.doSelect(EPollSelectorImpl.java:121)&#10;        at java.base@21.0.8/sun.nio.ch.SelectorImpl.lockAndDoSelect(SelectorImpl.java:130)&#10;        at java.base@21.0.8/sun.nio.ch.SelectorImpl.select(SelectorImpl.java:147)&#10;        at app//org.apache.hadoop.ipc.Server$Listener$Reader.doRunLoop(Server.java:1497)&#10;        at app//org.apache.hadoop.ipc.Server$Listener$Reader.run(Server.java:1476)&#10;&quot;DiskUsage-/home/runner/work/ozone/ozone/hadoop-ozone/integration-test-recon/target/test-dir/MiniOzoneClusterImpl-e405f726-f354-48a5-b90a-334fe627f997/ozone-metadata/datanode-5/ratis-&#10;&quot; daemon prio=5 tid=1014 timed_waiting&#10;java.lang.Thread.State: TIMED_WAITING&#10;        at java.base@21.0.8/jdk.internal.misc.Unsafe.park(Native Method)&#10;        at java.base@21.0.8/java.util.concurrent.locks.LockSupport.parkNanos(LockSupport.java:269)&#10;        at java.base@21.0.8/java.util.concurrent.locks.AbstractQueuedSynchronizer$ConditionObject.awaitNanos(AbstractQueuedSynchronizer.java:1763)&#10;        at java.base@21.0.8/java.util.concurrent.ScheduledThreadPoolExecutor$DelayedWorkQueue.take(ScheduledThreadPoolExecutor.java:1182)&#10;        at java.base@21.0.8/java.util.concurrent.ScheduledThreadPoolExecutor$DelayedWorkQueue.take(ScheduledThreadPoolExecutor.java:899)&#10;        at java.base@21.0.8/java.util.concurrent.ThreadPoolExecutor.getTask(ThreadPoolExecutor.java:1070)&#10;        at java.base@21.0.8/java.util.concurrent.ThreadPoolExecutor.runWorker(ThreadPoolExecutor.java:1130)&#10;        at java.base@21.0.8/java.util.concurrent.ThreadPoolExecutor$Worker.run(ThreadPoolExecutor.java:642)&#10;        at java.base@21.0.8/java.lang.Thread.runWith(Thread.java:1596)&#10;        at java.base@21.0.8/java.lang.Thread.run(Thread.java:1583)&#10;&quot;IPC Server handler 56 on default port 15003&quot; daemon prio=5 tid=277 timed_waiting&#10;java.lang.Thread.State: TIMED_WAITING&#10;        at java.base@21.0.8/jdk.internal.misc.Unsafe.park(Native Method)&#10;        at java.base@21.0.8/java.util.concurrent.locks.LockSupport.parkNanos(LockSupport.java:269)&#10;        at java.base@21.0.8/java.util.concurrent.locks.AbstractQueuedSynchronizer$ConditionObject.awaitNanos(AbstractQueuedSynchronizer.java:1763)&#10;        at java.base@21.0.8/java.util.concurrent.LinkedBlockingQueue.poll(LinkedBlockingQueue.java:460)&#10;        at app//org.apache.hadoop.ipc.CallQueueManager.take(CallQueueManager.java:370)&#10;        at app//org.apache.hadoop.ipc.Server$Handler.run(Server.java:3165)&#10;&quot;IPC Server handler 77 on default port 15003&quot; daemon prio=5 tid=298 timed_waiting&#10;java.lang.Thread.State: TIMED_WAITING&#10;        at java.base@21.0.8/jdk.internal.misc.Unsafe.park(Native Method)&#10;        at java.base@21.0.8/java.util.concurrent.locks.LockSupport.parkNanos(LockSupport.java:269)&#10;        at java.base@21.0.8/java.util.concurrent.locks.AbstractQueuedSynchronizer$ConditionObject.awaitNanos(AbstractQueuedSynchronizer.java:1763)&#10;        at java.base@21.0.8/java.util.concurrent.LinkedBlockingQueue.poll(LinkedBlockingQueue.java:460)&#10;        at app//org.apache.hadoop.ipc.CallQueueManager.take(CallQueueManager.java:370)&#10;        at app//org.apache.hadoop.ipc.Server$Handler.run(Server.java:3165)&#10;&quot;IPC Server handler 75 on default port 15004&quot; daemon prio=5 tid=414 timed_waiting&#10;java.lang.Thread.State: TIMED_WAITING&#10;        at java.base@21.0.8/jdk.internal.misc.Unsafe.park(Native Method)&#10;        at java.base@21.0.8/java.util.concurrent.locks.LockSupport.parkNanos(LockSupport.java:269)&#10;        at java.base@21.0.8/java.util.concurrent.locks.AbstractQueuedSynchronizer$ConditionObject.awaitNanos(AbstractQueuedSynchronizer.java:1763)&#10;        at java.base@21.0.8/java.util.concurrent.LinkedBlockingQueue.poll(LinkedBlockingQueue.java:460)&#10;        at app//org.apache.hadoop.ipc.CallQueueManager.take(CallQueueManager.java:370)&#10;        at app//org.apache.hadoop.ipc.Server$Handler.run(Server.java:3165)&#10;&quot;346684e1-b57f-4c29-9507-935dad45bd68-PipelineCommandHandlerThread-0&quot;  prio=5 tid=1080 in Object.wait()&#10;java.lang.Thread.State: WAITING (on object monitor)&#10;        at java.base@21.0.8/jdk.internal.misc.Unsafe.park(Native Method)&#10;        at java.base@21.0.8/java.util.concurrent.locks.LockSupport.park(LockSupport.java:371)&#10;        at java.base@21.0.8/java.util.concurrent.locks.AbstractQueuedSynchronizer$ConditionNode.block(AbstractQueuedSynchronizer.java:519)&#10;        at java.base@21.0.8/java.util.concurrent.ForkJoinPool.unmanagedBlock(ForkJoinPool.java:3780)&#10;        at java.base@21.0.8/java.util.concurrent.ForkJoinPool.managedBlock(ForkJoinPool.java:3725)&#10;        at java.base@21.0.8/java.util.concurrent.locks.AbstractQueuedSynchronizer$ConditionObject.await(AbstractQueuedSynchronizer.java:1712)&#10;        at java.base@21.0.8/java.util.concurrent.LinkedBlockingQueue.take(LinkedBlockingQueue.java:435)&#10;        at java.base@21.0.8/java.util.concurrent.ThreadPoolExecutor.getTask(ThreadPoolExecutor.java:1070)&#10;        at java.base@21.0.8/java.util.concurrent.ThreadPoolExecutor.runWorker(ThreadPoolExecutor.java:1130)&#10;        at java.base@21.0.8/java.util.concurrent.ThreadPoolExecutor$Worker.run(ThreadPoolExecutor.java:642)&#10;        at java.base@21.0.8/java.lang.Thread.runWith(Thread.java:1596)&#10;        at java.base@21.0.8/java.lang.Thread.run(Thread.java:1583)&#10;&quot;IPC Server idle connection scanner for port 15001&quot; daemon prio=5 tid=531 timed_waiting&#10;java.lang.Thread.State: TIMED_WAITING&#10;        at java.base@21.0.8/java.lang.Object.wait0(Native Method)&#10;        at java.base@21.0.8/java.lang.Object.wait(Object.java:366)&#10;        at java.base@21.0.8/java.util.TimerThread.mainLoop(Timer.java:563)&#10;        at java.base@21.0.8/java.util.TimerThread.run(Timer.java:516)&#10;&quot;IPC Server handler 14 on default port 15003&quot; daemon prio=5 tid=235 timed_waiting&#10;java.lang.Thread.State: TIMED_WAITING&#10;        at java.base@21.0.8/jdk.internal.misc.Unsafe.park(Native Method)&#10;        at java.base@21.0.8/java.util.concurrent.locks.LockSupport.parkNanos(LockSupport.java:269)&#10;        at java.base@21.0.8/java.util.concurrent.locks.AbstractQueuedSynchronizer$ConditionObject.awaitNanos(AbstractQueuedSynchronizer.java:1763)&#10;        at java.base@21.0.8/java.util.concurrent.LinkedBlockingQueue.poll(LinkedBlockingQueue.java:460)&#10;        at app//org.apache.hadoop.ipc.CallQueueManager.take(CallQueueManager.java:370)&#10;        at app//org.apache.hadoop.ipc.Server$Handler.run(Server.java:3165)&#10;&quot;IPC Server handler 51 on default port 15003&quot; daemon prio=5 tid=272 timed_waiting&#10;java.lang.Thread.State: TIMED_WAITING&#10;        at java.base@21.0.8/jdk.internal.misc.Unsafe.park(Native Method)&#10;        at java.base@21.0.8/java.util.concurrent.locks.LockSupport.parkNanos(LockSupport.java:269)&#10;        at java.base@21.0.8/java.util.concurrent.locks.AbstractQueuedSynchronizer$ConditionObject.awaitNanos(AbstractQueuedSynchronizer.java:1763)&#10;        at java.base@21.0.8/java.util.concurrent.LinkedBlockingQueue.poll(LinkedBlockingQueue.java:460)&#10;        at app//org.apache.hadoop.ipc.CallQueueManager.take(CallQueueManager.java:370)&#10;        at app//org.apache.hadoop.ipc.Server$Handler.run(Server.java:3165)&#10;&quot;d5ad88c2-6e7a-4660-bab6-a4e8807a575e-groupManagement&quot;  prio=5 tid=1048 in Object.wait()&#10;java.lang.Thread.State: WAITING (on object monitor)&#10;        at java.base@21.0.8/jdk.internal.misc.Unsafe.park(Native Method)&#10;        at java.base@21.0.8/java.util.concurrent.locks.LockSupport.park(LockSupport.java:371)&#10;        at java.base@21.0.8/java.util.concurrent.locks.AbstractQueuedSynchronizer$ConditionNode.block(AbstractQueuedSynchronizer.java:519)&#10;        at java.base@21.0.8/java.util.concurrent.ForkJoinPool.unmanagedBlock(ForkJoinPool.java:3780)&#10;        at java.base@21.0.8/java.util.concurrent.ForkJoinPool.managedBlock(ForkJoinPool.java:3725)&#10;        at java.base@21.0.8/java.util.concurrent.locks.AbstractQueuedSynchronizer$ConditionObject.await(AbstractQueuedSynchronizer.java:1712)&#10;        at java.base@21.0.8/java.util.concurrent.LinkedBlockingQueue.take(LinkedBlockingQueue.java:435)&#10;        at java.base@21.0.8/java.util.concurrent.ThreadPoolExecutor.getTask(ThreadPoolExecutor.java:1070)&#10;        at java.base@21.0.8/java.util.concurrent.ThreadPoolExecutor.runWorker(ThreadPoolExecutor.java:1130)&#10;        at java.base@21.0.8/java.util.concurrent.ThreadPoolExecutor$Worker.run(ThreadPoolExecutor.java:642)&#10;        at java.base@21.0.8/java.lang.Thread.runWith(Thread.java:1596)&#10;        at java.base@21.0.8/java.lang.Thread.run(Thread.java:1583)&#10;&quot;CompactionDagPruningService&quot; daemon prio=5 tid=440 timed_waiting&#10;java.lang.Thread.State: TIMED_WAITING&#10;        at java.base@21.0.8/jdk.internal.misc.Unsafe.park(Native Method)&#10;        at java.base@21.0.8/java.util.concurrent.locks.LockSupport.parkNanos(LockSupport.java:269)&#10;        at java.base@21.0.8/java.util.concurrent.locks.AbstractQueuedSynchronizer$ConditionObject.awaitNanos(AbstractQueuedSynchronizer.java:1763)&#10;        at java.base@21.0.8/java.util.concurrent.ScheduledThreadPoolExecutor$DelayedWorkQueue.take(ScheduledThreadPoolExecutor.java:1182)&#10;        at java.base@21.0.8/java.util.concurrent.ScheduledThreadPoolExecutor$DelayedWorkQueue.take(ScheduledThreadPoolExecutor.java:899)&#10;        at java.base@21.0.8/java.util.concurrent.ThreadPoolExecutor.getTask(ThreadPoolExecutor.java:1070)&#10;        at java.base@21.0.8/java.util.concurrent.ThreadPoolExecutor.runWorker(ThreadPoolExecutor.java:1130)&#10;        at java.base@21.0.8/java.util.concurrent.ThreadPoolExecutor$Worker.run(ThreadPoolExecutor.java:642)&#10;        at java.base@21.0.8/java.lang.Thread.runWith(Thread.java:1596)&#10;        at java.base@21.0.8/java.lang.Thread.run(Thread.java:1583)&#10;&quot;IPC Server handler 63 on default port 15002&quot; daemon prio=5 tid=184 timed_waiting&#10;java.lang.Thread.State: TIMED_WAITING&#10;        at java.base@21.0.8/jdk.internal.misc.Unsafe.park(Native Method)&#10;        at java.base@21.0.8/java.util.concurrent.locks.LockSupport.parkNanos(LockSupport.java:269)&#10;        at java.base@21.0.8/java.util.concurrent.locks.AbstractQueuedSynchronizer$ConditionObject.awaitNanos(AbstractQueuedSynchronizer.java:1763)&#10;        at java.base@21.0.8/java.util.concurrent.LinkedBlockingQueue.poll(LinkedBlockingQueue.java:460)&#10;        at app//org.apache.hadoop.ipc.CallQueueManager.take(CallQueueManager.java:370)&#10;        at app//org.apache.hadoop.ipc.Server$Handler.run(Server.java:3165)&#10;&quot;IPC Server handler 7 on default port 15004&quot; daemon prio=5 tid=346 timed_waiting&#10;java.lang.Thread.State: TIMED_WAITING&#10;        at java.base@21.0.8/jdk.internal.misc.Unsafe.park(Native Method)&#10;        at java.base@21.0.8/java.util.concurrent.locks.LockSupport.parkNanos(LockSupport.java:269)&#10;        at java.base@21.0.8/java.util.concurrent.locks.AbstractQueuedSynchronizer$ConditionObject.awaitNanos(AbstractQueuedSynchronizer.java:1763)&#10;        at java.base@21.0.8/java.util.concurrent.LinkedBlockingQueue.poll(LinkedBlockingQueue.java:460)&#10;        at app//org.apache.hadoop.ipc.CallQueueManager.take(CallQueueManager.java:370)&#10;        at app//org.apache.hadoop.ipc.Server$Handler.run(Server.java:3165)&#10;&quot;JvmPauseMonitor2&quot; daemon prio=5 tid=467 timed_waiting&#10;java.lang.Thread.State: TIMED_WAITING&#10;        at java.base@21.0.8/java.lang.Thread.sleep0(Native Method)&#10;        at java.base@21.0.8/java.lang.Thread.sleep(Thread.java:558)&#10;        at java.base@21.0.8/java.util.concurrent.TimeUnit.sleep(TimeUnit.java:446)&#10;        at app//org.apache.ratis.util.TimeDuration.sleep(TimeDuration.java:353)&#10;        at app//org.apache.ratis.util.TimeDuration.sleep(TimeDuration.java:338)&#10;        at app//org.apache.ratis.util.JvmPauseMonitor.detectPause(JvmPauseMonitor.java:160)&#10;        at app//org.apache.ratis.util.JvmPauseMonitor.run(JvmPauseMonitor.java:149)&#10;        at app//org.apache.ratis.util.JvmPauseMonitor$$Lambda/0x00007f18e83aead8.run(Unknown Source)&#10;        at java.base@21.0.8/java.lang.Thread.runWith(Thread.java:1596)&#10;        at java.base@21.0.8/java.lang.Thread.run(Thread.java:1583)&#10;&quot;volumeTable_FullTableCache-Cleanup-0&quot; daemon prio=5 tid=441 timed_waiting&#10;java.lang.Thread.State: TIMED_WAITING&#10;        at java.base@21.0.8/jdk.internal.misc.Unsafe.park(Native Method)&#10;        at java.base@21.0.8/java.util.concurrent.locks.LockSupport.parkNanos(LockSupport.java:269)&#10;        at java.base@21.0.8/java.util.concurrent.locks.AbstractQueuedSynchronizer$ConditionObject.awaitNanos(AbstractQueuedSynchronizer.java:1763)&#10;        at java.base@21.0.8/java.util.concurrent.ScheduledThreadPoolExecutor$DelayedWorkQueue.take(ScheduledThreadPoolExecutor.java:1182)&#10;        at java.base@21.0.8/java.util.concurrent.ScheduledThreadPoolExecutor$DelayedWorkQueue.take(ScheduledThreadPoolExecutor.java:899)&#10;        at java.base@21.0.8/java.util.concurrent.ThreadPoolExecutor.getTask(ThreadPoolExecutor.java:1070)&#10;        at java.base@21.0.8/java.util.concurrent.ThreadPoolExecutor.runWorker(ThreadPoolExecutor.java:1130)&#10;        at java.base@21.0.8/java.util.concurrent.ThreadPoolExecutor$Worker.run(ThreadPoolExecutor.java:642)&#10;        at java.base@21.0.8/java.lang.Thread.runWith(Thread.java:1596)&#10;        at java.base@21.0.8/java.lang.Thread.run(Thread.java:1583)&#10;&quot;Recon-FixedThreadPoolWithAffinityExecutor-8-0&quot; daemon prio=5 tid=542 timed_waiting&#10;java.lang.Thread.State: TIMED_WAITING&#10;        at java.base@21.0.8/jdk.internal.misc.Unsafe.park(Native Method)&#10;        at java.base@21.0.8/java.util.concurrent.locks.LockSupport.parkNanos(LockSupport.java:269)&#10;        at java.base@21.0.8/java.util.concurrent.locks.AbstractQueuedSynchronizer$ConditionObject.awaitNanos(AbstractQueuedSynchronizer.java:1763)&#10;        at java.base@21.0.8/java.util.concurrent.LinkedBlockingQueue.poll(LinkedBlockingQueue.java:460)&#10;        at app//org.apache.hadoop.hdds.scm.server.ContainerReportQueue.poll(ContainerReportQueue.java:269)&#10;        at app//org.apache.hadoop.hdds.scm.server.ContainerReportQueue.poll(ContainerReportQueue.java:42)&#10;        at app//org.apache.hadoop.hdds.server.events.FixedThreadPoolWithAffinityExecutor$ContainerReportProcessTask.run(FixedThreadPoolWithAffinityExecutor.java:228)&#10;        at java.base@21.0.8/java.util.concurrent.Executors$RunnableAdapter.call(Executors.java:572)&#10;        at java.base@21.0.8/java.util.concurrent.FutureTask.run(FutureTask.java:317)&#10;        at java.base@21.0.8/java.util.concurrent.ThreadPoolExecutor.runWorker(ThreadPoolExecutor.java:1144)&#10;        at java.base@21.0.8/java.util.concurrent.ThreadPoolExecutor$Worker.run(ThreadPoolExecutor.java:642)&#10;        at java.base@21.0.8/java.lang.Thread.runWith(Thread.java:1596)&#10;        at java.base@21.0.8/java.lang.Thread.run(Thread.java:1583)&#10;&quot;d5ad88c2-6e7a-4660-bab6-a4e8807a575e@group-4D151320670C-SegmentedRaftLogWorker&quot;  prio=5 tid=1050 timed_waiting&#10;java.lang.Thread.State: TIMED_WAITING&#10;        at java.base@21.0.8/jdk.internal.misc.Unsafe.park(Native Method)&#10;        at java.base@21.0.8/java.util.concurrent.locks.LockSupport.parkNanos(LockSupport.java:269)&#10;        at java.base@21.0.8/java.util.concurrent.locks.AbstractQueuedSynchronizer$ConditionObject.awaitNanos(AbstractQueuedSynchronizer.java:1763)&#10;        at app//org.apache.ratis.util.DataBlockingQueue.poll(DataBlockingQueue.java:148)&#10;        at app//org.apache.ratis.server.raftlog.segmented.SegmentedRaftLogWorker.run(SegmentedRaftLogWorker.java:309)&#10;        at app//org.apache.ratis.server.raftlog.segmented.SegmentedRaftLogWorker$$Lambda/0x00007f18e8394d50.run(Unknown Source)&#10;        at java.base@21.0.8/java.util.concurrent.Executors$RunnableAdapter.call(Executors.java:572)&#10;        at java.base@21.0.8/java.util.concurrent.FutureTask.run(FutureTask.java:317)&#10;        at java.base@21.0.8/java.util.concurrent.ThreadPoolExecutor.runWorker(ThreadPoolExecutor.java:1144)&#10;        at java.base@21.0.8/java.util.concurrent.ThreadPoolExecutor$Worker.run(ThreadPoolExecutor.java:642)&#10;        at java.base@21.0.8/java.lang.Thread.runWith(Thread.java:1596)&#10;        at java.base@21.0.8/java.lang.Thread.run(Thread.java:1583)&#10;&quot;0ed0910f-4ac9-4f62-be34-d90c51a3e6c9-ReplicationContainerReader-2&quot; daemon prio=5 tid=1330 in Object.wait()&#10;java.lang.Thread.State: WAITING (on object monitor)&#10;        at java.base@21.0.8/jdk.internal.misc.Unsafe.park(Native Method)&#10;        at java.base@21.0.8/java.util.concurrent.locks.LockSupport.park(LockSupport.java:371)&#10;        at java.base@21.0.8/java.util.concurrent.locks.AbstractQueuedSynchronizer$ConditionNode.block(AbstractQueuedSynchronizer.java:519)&#10;        at java.base@21.0.8/java.util.concurrent.ForkJoinPool.unmanagedBlock(ForkJoinPool.java:3780)&#10;        at java.base@21.0.8/java.util.concurrent.ForkJoinPool.managedBlock(ForkJoinPool.java:3725)&#10;        at java.base@21.0.8/java.util.concurrent.locks.AbstractQueuedSynchronizer$ConditionObject.await(AbstractQueuedSynchronizer.java:1712)&#10;        at java.base@21.0.8/java.util.concurrent.LinkedBlockingQueue.take(LinkedBlockingQueue.java:435)&#10;        at java.base@21.0.8/java.util.concurrent.ThreadPoolExecutor.getTask(ThreadPoolExecutor.java:1070)&#10;        at java.base@21.0.8/java.util.concurrent.ThreadPoolExecutor.runWorker(ThreadPoolExecutor.java:1130)&#10;        at java.base@21.0.8/java.util.concurrent.ThreadPoolExecutor$Worker.run(ThreadPoolExecutor.java:642)&#10;        at java.base@21.0.8/java.lang.Thread.runWith(Thread.java:1596)&#10;        at java.base@21.0.8/java.lang.Thread.run(Thread.java:1583)&#10;&quot;IPC Server handler 43 on default port 15004&quot; daemon prio=5 tid=382 timed_waiting&#10;java.lang.Thread.State: TIMED_WAITING&#10;        at java.base@21.0.8/jdk.internal.misc.Unsafe.park(Native Method)&#10;        at java.base@21.0.8/java.util.concurrent.locks.LockSupport.parkNanos(LockSupport.java:269)&#10;        at java.base@21.0.8/java.util.concurrent.locks.AbstractQueuedSynchronizer$ConditionObject.awaitNanos(AbstractQueuedSynchronizer.java:1763)&#10;        at java.base@21.0.8/java.util.concurrent.LinkedBlockingQueue.poll(LinkedBlockingQueue.java:460)&#10;        at app//org.apache.hadoop.ipc.CallQueueManager.take(CallQueueManager.java:370)&#10;        at app//org.apache.hadoop.ipc.Server$Handler.run(Server.java:3165)&#10;&quot;IPC Server handler 83 on default port 15004&quot; daemon prio=5 tid=422 timed_waiting&#10;java.lang.Thread.State: TIMED_WAITING&#10;        at java.base@21.0.8/jdk.internal.misc.Unsafe.park(Native Method)&#10;        at java.base@21.0.8/java.util.concurrent.locks.LockSupport.parkNanos(LockSupport.java:269)&#10;        at java.base@21.0.8/java.util.concurrent.locks.AbstractQueuedSynchronizer$ConditionObject.awaitNanos(AbstractQueuedSynchronizer.java:1763)&#10;        at java.base@21.0.8/java.util.concurrent.LinkedBlockingQueue.poll(LinkedBlockingQueue.java:460)&#10;        at app//org.apache.hadoop.ipc.CallQueueManager.take(CallQueueManager.java:370)&#10;        at app//org.apache.hadoop.ipc.Server$Handler.run(Server.java:3165)&#10;&quot;IPC Server handler 51 on default port 15001&quot; daemon prio=5 tid=609 timed_waiting&#10;java.lang.Thread.State: TIMED_WAITING&#10;        at java.base@21.0.8/jdk.internal.misc.Unsafe.park(Native Method)&#10;        at java.base@21.0.8/java.util.concurrent.locks.LockSupport.parkNanos(LockSupport.java:269)&#10;        at java.base@21.0.8/java.util.concurrent.locks.AbstractQueuedSynchronizer$ConditionObject.awaitNanos(AbstractQueuedSynchronizer.java:1763)&#10;        at java.base@21.0.8/java.util.concurrent.LinkedBlockingQueue.poll(LinkedBlockingQueue.java:460)&#10;        at app//org.apache.hadoop.ipc.CallQueueManager.take(CallQueueManager.java:370)&#10;        at app//org.apache.hadoop.ipc.Server$Handler.run(Server.java:3165)&#10;&quot;IPC Server handler 55 on default port 15003&quot; daemon prio=5 tid=276 timed_waiting&#10;java.lang.Thread.State: TIMED_WAITING&#10;        at java.base@21.0.8/jdk.internal.misc.Unsafe.park(Native Method)&#10;        at java.base@21.0.8/java.util.concurrent.locks.LockSupport.parkNanos(LockSupport.java:269)&#10;        at java.base@21.0.8/java.util.concurrent.locks.AbstractQueuedSynchronizer$ConditionObject.awaitNanos(AbstractQueuedSynchronizer.java:1763)&#10;        at java.base@21.0.8/java.util.concurrent.LinkedBlockingQueue.poll(LinkedBlockingQueue.java:460)&#10;        at app//org.apache.hadoop.ipc.CallQueueManager.take(CallQueueManager.java:370)&#10;        at app//org.apache.hadoop.ipc.Server$Handler.run(Server.java:3165)&#10;&quot;IPC Server handler 3 on default port 15002&quot; daemon prio=5 tid=124 timed_waiting&#10;java.lang.Thread.State: TIMED_WAITING&#10;        at java.base@21.0.8/jdk.internal.misc.Unsafe.park(Native Method)&#10;        at java.base@21.0.8/java.util.concurrent.locks.LockSupport.parkNanos(LockSupport.java:269)&#10;        at java.base@21.0.8/java.util.concurrent.locks.AbstractQueuedSynchronizer$ConditionObject.awaitNanos(AbstractQueuedSynchronizer.java:1763)&#10;        at java.base@21.0.8/java.util.concurrent.LinkedBlockingQueue.poll(LinkedBlockingQueue.java:460)&#10;        at app//org.apache.hadoop.ipc.CallQueueManager.take(CallQueueManager.java:370)&#10;        at app//org.apache.hadoop.ipc.Server$Handler.run(Server.java:3165)&#10;&quot;0ed0910f-4ac9-4f62-be34-d90c51a3e6c9-ChunkWriter-3-0&quot; daemon prio=5 tid=1022 in Object.wait()&#10;java.lang.Thread.State: WAITING (on object monitor)&#10;        at java.base@21.0.8/jdk.internal.misc.Unsafe.park(Native Method)&#10;        at java.base@21.0.8/java.util.concurrent.locks.LockSupport.park(LockSupport.java:371)&#10;        at java.base@21.0.8/java.util.concurrent.locks.AbstractQueuedSynchronizer$ConditionNode.block(AbstractQueuedSynchronizer.java:519)&#10;        at java.base@21.0.8/java.util.concurrent.ForkJoinPool.unmanagedBlock(ForkJoinPool.java:3780)&#10;        at java.base@21.0.8/java.util.concurrent.ForkJoinPool.managedBlock(ForkJoinPool.java:3725)&#10;        at java.base@21.0.8/java.util.concurrent.locks.AbstractQueuedSynchronizer$ConditionObject.await(AbstractQueuedSynchronizer.java:1712)&#10;        at java.base@21.0.8/java.util.concurrent.LinkedBlockingDeque.takeFirst(LinkedBlockingDeque.java:485)&#10;        at java.base@21.0.8/java.util.concurrent.LinkedBlockingDeque.take(LinkedBlockingDeque.java:673)&#10;        at java.base@21.0.8/java.util.concurrent.ThreadPoolExecutor.getTask(ThreadPoolExecutor.java:1070)&#10;        at java.base@21.0.8/java.util.concurrent.ThreadPoolExecutor.runWorker(ThreadPoolExecutor.java:1130)&#10;        at java.base@21.0.8/java.util.concurrent.ThreadPoolExecutor$Worker.run(ThreadPoolExecutor.java:642)&#10;        at java.base@21.0.8/java.lang.Thread.runWith(Thread.java:1596)&#10;        at java.base@21.0.8/java.lang.Thread.run(Thread.java:1583)&#10;&quot;qtp1685778567-679&quot; daemon prio=5 tid=679 timed_waiting&#10;java.lang.Thread.State: TIMED_WAITING&#10;        at java.base@21.0.8/jdk.internal.misc.Unsafe.park(Native Method)&#10;        at java.base@21.0.8/java.util.concurrent.locks.LockSupport.parkNanos(LockSupport.java:269)&#10;        at java.base@21.0.8/java.util.concurrent.locks.AbstractQueuedSynchronizer$ConditionObject.awaitNanos(AbstractQueuedSynchronizer.java:1763)&#10;        at app//org.eclipse.jetty.util.BlockingArrayQueue.poll(BlockingArrayQueue.java:382)&#10;        at app//org.eclipse.jetty.util.thread.QueuedThreadPool$Runner.idleJobPoll(QueuedThreadPool.java:974)&#10;        at app//org.eclipse.jetty.util.thread.QueuedThreadPool$Runner.run(QueuedThreadPool.java:1018)&#10;        at java.base@21.0.8/java.lang.Thread.runWith(Thread.java:1596)&#10;        at java.base@21.0.8/java.lang.Thread.run(Thread.java:1583)&#10;&quot;IPC Server handler 81 on default port 15001&quot; daemon prio=5 tid=639 timed_waiting&#10;java.lang.Thread.State: TIMED_WAITING&#10;        at java.base@21.0.8/jdk.internal.misc.Unsafe.park(Native Method)&#10;        at java.base@21.0.8/java.util.concurrent.locks.LockSupport.parkNanos(LockSupport.java:269)&#10;        at java.base@21.0.8/java.util.concurrent.locks.AbstractQueuedSynchronizer$ConditionObject.awaitNanos(AbstractQueuedSynchronizer.java:1763)&#10;        at java.base@21.0.8/java.util.concurrent.LinkedBlockingQueue.poll(LinkedBlockingQueue.java:460)&#10;        at app//org.apache.hadoop.ipc.CallQueueManager.take(CallQueueManager.java:370)&#10;        at app//org.apache.hadoop.ipc.Server$Handler.run(Server.java:3165)&#10;&quot;42a5f925-1bc2-4f8a-8509-c5ae65e6fcde-CommandProcessorThread&quot; daemon prio=5 tid=710 timed_waiting&#10;java.lang.Thread.State: TIMED_WAITING&#10;        at java.base@21.0.8/java.lang.Thread.sleep0(Native Method)&#10;        at java.base@21.0.8/java.lang.Thread.sleep(Thread.java:509)&#10;        at app//org.apache.hadoop.ozone.container.common.statemachine.DatanodeStateMachine.lambda$initCommandHandlerThread$4(DatanodeStateMachine.java:681)&#10;        at app//org.apache.hadoop.ozone.container.common.statemachine.DatanodeStateMachine$$Lambda/0x00007f18e8c9c828.run(Unknown Source)&#10;        at java.base@21.0.8/java.lang.Thread.runWith(Thread.java:1596)&#10;        at java.base@21.0.8/java.lang.Thread.run(Thread.java:1583)&#10;&quot;IPC Server handler 23 on default port 15004&quot; daemon prio=5 tid=362 timed_waiting&#10;java.lang.Thread.State: TIMED_WAITING&#10;        at java.base@21.0.8/jdk.internal.misc.Unsafe.park(Native Method)&#10;        at java.base@21.0.8/java.util.concurrent.locks.LockSupport.parkNanos(LockSupport.java:269)&#10;        at java.base@21.0.8/java.util.concurrent.locks.AbstractQueuedSynchronizer$ConditionObject.awaitNanos(AbstractQueuedSynchronizer.java:1763)&#10;        at java.base@21.0.8/java.util.concurrent.LinkedBlockingQueue.poll(LinkedBlockingQueue.java:460)&#10;        at app//org.apache.hadoop.ipc.CallQueueManager.take(CallQueueManager.java:370)&#10;        at app//org.apache.hadoop.ipc.Server$Handler.run(Server.java:3165)&#10;&quot;IPC Server handler 16 on default port 15001&quot; daemon prio=5 tid=574 timed_waiting&#10;java.lang.Thread.State: TIMED_WAITING&#10;        at java.base@21.0.8/jdk.internal.misc.Unsafe.park(Native Method)&#10;        at java.base@21.0.8/java.util.concurrent.locks.LockSupport.parkNanos(LockSupport.java:269)&#10;        at java.base@21.0.8/java.util.concurrent.locks.AbstractQueuedSynchronizer$ConditionObject.awaitNanos(AbstractQueuedSynchronizer.java:1763)&#10;        at java.base@21.0.8/java.util.concurrent.LinkedBlockingQueue.poll(LinkedBlockingQueue.java:460)&#10;        at app//org.apache.hadoop.ipc.CallQueueManager.take(CallQueueManager.java:370)&#10;        at app//org.apache.hadoop.ipc.Server$Handler.run(Server.java:3165)&#10;&quot;42a5f925-1bc2-4f8a-8509-c5ae65e6fcde-ContainerReplicationThread-0&quot; daemon prio=5 tid=1327 in Object.wait()&#10;java.lang.Thread.State: WAITING (on object monitor)&#10;        at java.base@21.0.8/jdk.internal.misc.Unsafe.park(Native Method)&#10;        at java.base@21.0.8/java.util.concurrent.locks.LockSupport.park(LockSupport.java:371)&#10;        at java.base@21.0.8/java.util.concurrent.locks.AbstractQueuedSynchronizer$ConditionNode.block(AbstractQueuedSynchronizer.java:519)&#10;        at java.base@21.0.8/java.util.concurrent.ForkJoinPool.unmanagedBlock(ForkJoinPool.java:3780)&#10;        at java.base@21.0.8/java.util.concurrent.ForkJoinPool.managedBlock(ForkJoinPool.java:3725)&#10;        at java.base@21.0.8/java.util.concurrent.locks.AbstractQueuedSynchronizer$ConditionObject.await(AbstractQueuedSynchronizer.java:1712)&#10;        at java.base@21.0.8/java.util.concurrent.PriorityBlockingQueue.take(PriorityBlockingQueue.java:535)&#10;        at java.base@21.0.8/java.util.concurrent.ThreadPoolExecutor.getTask(ThreadPoolExecutor.java:1070)&#10;        at java.base@21.0.8/java.util.concurrent.ThreadPoolExecutor.runWorker(ThreadPoolExecutor.java:1130)&#10;        at java.base@21.0.8/java.util.concurrent.ThreadPoolExecutor$Worker.run(ThreadPoolExecutor.java:642)&#10;        at java.base@21.0.8/java.lang.Thread.runWith(Thread.java:1596)&#10;        at java.base@21.0.8/java.lang.Thread.run(Thread.java:1583)&#10;&quot;FixedThreadPoolWithAffinityExecutor-1-0&quot; daemon prio=5 tid=105 timed_waiting&#10;java.lang.Thread.State: TIMED_WAITING&#10;        at java.base@21.0.8/jdk.internal.misc.Unsafe.park(Native Method)&#10;        at java.base@21.0.8/java.util.concurrent.locks.LockSupport.parkNanos(LockSupport.java:269)&#10;        at java.base@21.0.8/java.util.concurrent.locks.AbstractQueuedSynchronizer$ConditionObject.awaitNanos(AbstractQueuedSynchronizer.java:1763)&#10;        at java.base@21.0.8/java.util.concurrent.LinkedBlockingQueue.poll(LinkedBlockingQueue.java:460)&#10;        at app//org.apache.hadoop.hdds.scm.server.ContainerReportQueue.poll(ContainerReportQueue.java:269)&#10;        at app//org.apache.hadoop.hdds.scm.server.ContainerReportQueue.poll(ContainerReportQueue.java:42)&#10;        at app//org.apache.hadoop.hdds.server.events.FixedThreadPoolWithAffinityExecutor$ContainerReportProcessTask.run(FixedThreadPoolWithAffinityExecutor.java:228)&#10;        at java.base@21.0.8/java.util.concurrent.Executors$RunnableAdapter.call(Executors.java:572)&#10;        at java.base@21.0.8/java.util.concurrent.FutureTask.run(FutureTask.java:317)&#10;        at java.base@21.0.8/java.util.concurrent.ThreadPoolExecutor.runWorker(ThreadPoolExecutor.java:1144)&#10;        at java.base@21.0.8/java.util.concurrent.ThreadPoolExecutor$Worker.run(ThreadPoolExecutor.java:642)&#10;        at java.base@21.0.8/java.lang.Thread.runWith(Thread.java:1596)&#10;        at java.base@21.0.8/java.lang.Thread.run(Thread.java:1583)&#10;&quot;om1-KeyDeletingService#2&quot; daemon prio=5 tid=476 in Object.wait()&#10;java.lang.Thread.State: WAITING (on object monitor)&#10;        at java.base@21.0.8/jdk.internal.misc.Unsafe.park(Native Method)&#10;        at java.base@21.0.8/java.util.concurrent.locks.LockSupport.park(LockSupport.java:371)&#10;        at java.base@21.0.8/java.util.concurrent.locks.AbstractQueuedSynchronizer$ConditionNode.block(AbstractQueuedSynchronizer.java:519)&#10;        at java.base@21.0.8/java.util.concurrent.ForkJoinPool.unmanagedBlock(ForkJoinPool.java:3780)&#10;        at java.base@21.0.8/java.util.concurrent.ForkJoinPool.managedBlock(ForkJoinPool.java:3725)&#10;        at java.base@21.0.8/java.util.concurrent.locks.AbstractQueuedSynchronizer$ConditionObject.await(AbstractQueuedSynchronizer.java:1712)&#10;        at java.base@21.0.8/java.util.concurrent.ScheduledThreadPoolExecutor$DelayedWorkQueue.take(ScheduledThreadPoolExecutor.java:1177)&#10;        at java.base@21.0.8/java.util.concurrent.ScheduledThreadPoolExecutor$DelayedWorkQueue.take(ScheduledThreadPoolExecutor.java:899)&#10;        at java.base@21.0.8/java.util.concurrent.ThreadPoolExecutor.getTask(ThreadPoolExecutor.java:1070)&#10;        at java.base@21.0.8/java.util.concurrent.ThreadPoolExecutor.runWorker(ThreadPoolExecutor.java:1130)&#10;        at java.base@21.0.8/java.util.concurrent.ThreadPoolExecutor$Worker.run(ThreadPoolExecutor.java:642)&#10;        at java.base@21.0.8/java.lang.Thread.runWith(Thread.java:1596)&#10;        at java.base@21.0.8/java.lang.Thread.run(Thread.java:1583)&#10;&quot;0ed0910f-4ac9-4f62-be34-d90c51a3e6c9@group-9A86F6A96A63-StateMachineUpdater&quot; daemon prio=5 tid=1091 timed_waiting&#10;java.lang.Thread.State: TIMED_WAITING&#10;        at java.base@21.0.8/jdk.internal.misc.Unsafe.park(Native Method)&#10;        at java.base@21.0.8/java.util.concurrent.locks.LockSupport.parkNanos(LockSupport.java:269)&#10;        at java.base@21.0.8/java.util.concurrent.locks.AbstractQueuedSynchronizer$ConditionObject.await(AbstractQueuedSynchronizer.java:1852)&#10;        at app//org.apache.ratis.util.AwaitForSignal.await(AwaitForSignal.java:65)&#10;        at app//org.apache.ratis.server.impl.StateMachineUpdater.waitForCommit(StateMachineUpdater.java:222)&#10;        at app//org.apache.ratis.server.impl.StateMachineUpdater.run(StateMachineUpdater.java:187)&#10;        at java.base@21.0.8/java.lang.Thread.runWith(Thread.java:1596)&#10;        at java.base@21.0.8/java.lang.Thread.run(Thread.java:1583)&#10;&quot;qtp391903823-548&quot; daemon prio=5 tid=548 runnable&#10;java.lang.Thread.State: RUNNABLE&#10;        at java.base@21.0.8/sun.nio.ch.EPoll.wait(Native Method)&#10;        at java.base@21.0.8/sun.nio.ch.EPollSelectorImpl.doSelect(EPollSelectorImpl.java:121)&#10;        at java.base@21.0.8/sun.nio.ch.SelectorImpl.lockAndDoSelect(SelectorImpl.java:130)&#10;        at java.base@21.0.8/sun.nio.ch.SelectorImpl.select(SelectorImpl.java:147)&#10;        at app//org.eclipse.jetty.io.ManagedSelector.nioSelect(ManagedSelector.java:183)&#10;        at app//org.eclipse.jetty.io.ManagedSelector.select(ManagedSelector.java:190)&#10;        at app//org.eclipse.jetty.io.ManagedSelector$SelectorProducer.select(ManagedSelector.java:606)&#10;        at app//org.eclipse.jetty.io.ManagedSelector$SelectorProducer.produce(ManagedSelector.java:543)&#10;        at app//org.eclipse.jetty.util.thread.strategy.EatWhatYouKill.produceTask(EatWhatYouKill.java:362)&#10;        at app//org.eclipse.jetty.util.thread.strategy.EatWhatYouKill.doProduce(EatWhatYouKill.java:186)&#10;        at app//org.eclipse.jetty.util.thread.strategy.EatWhatYouKill.tryProduce(EatWhatYouKill.java:173)&#10;        at app//org.eclipse.jetty.util.thread.strategy.EatWhatYouKill.run(EatWhatYouKill.java:131)&#10;        at app//org.eclipse.jetty.util.thread.ReservedThreadExecutor$ReservedThread.run(ReservedThreadExecutor.java:409)&#10;        at app//org.eclipse.jetty.util.thread.QueuedThreadPool.runJob(QueuedThreadPool.java:883)&#10;        at app//org.eclipse.jetty.util.thread.QueuedThreadPool$Runner.run(QueuedThreadPool.java:1034)&#10;        at java.base@21.0.8/java.lang.Thread.runWith(Thread.java:1596)&#10;        at java.base@21.0.8/java.lang.Thread.run(Thread.java:1583)&#10;&quot;42a5f925-1bc2-4f8a-8509-c5ae65e6fcde-DatanodeStateMachineDaemonThread&quot; daemon prio=10 tid=705 timed_waiting&#10;java.lang.Thread.State: TIMED_WAITING&#10;        at java.base@21.0.8/java.lang.Thread.sleep0(Native Method)&#10;        at java.base@21.0.8/java.lang.Thread.sleep(Thread.java:509)&#10;        at app//org.apache.hadoop.ozone.container.common.statemachine.DatanodeStateMachine.startStateMachineThread(DatanodeStateMachine.java:368)&#10;        at app//org.apache.hadoop.ozone.container.common.statemachine.DatanodeStateMachine.lambda$startDaemon$1(DatanodeStateMachine.java:554)&#10;        at app//org.apache.hadoop.ozone.container.common.statemachine.DatanodeStateMachine$$Lambda/0x00007f18e8c9b698.run(Unknown Source)&#10;        at java.base@21.0.8/java.lang.Thread.runWith(Thread.java:1596)&#10;        at java.base@21.0.8/java.lang.Thread.run(Thread.java:1583)&#10;&quot;pool-65-thread-1&quot;  prio=5 tid=1365 timed_waiting&#10;java.lang.Thread.State: TIMED_WAITING&#10;        at java.base@21.0.8/jdk.internal.misc.Unsafe.park(Native Method)&#10;        at java.base@21.0.8/java.util.concurrent.locks.LockSupport.parkNanos(LockSupport.java:269)&#10;        at java.base@21.0.8/java.util.concurrent.locks.AbstractQueuedSynchronizer$ConditionObject.awaitNanos(AbstractQueuedSynchronizer.java:1763)&#10;        at java.base@21.0.8/java.util.concurrent.LinkedBlockingDeque.pollFirst(LinkedBlockingDeque.java:515)&#10;        at java.base@21.0.8/java.util.concurrent.LinkedBlockingDeque.poll(LinkedBlockingDeque.java:677)&#10;        at java.base@21.0.8/java.util.concurrent.ThreadPoolExecutor.getTask(ThreadPoolExecutor.java:1069)&#10;        at java.base@21.0.8/java.util.concurrent.ThreadPoolExecutor.runWorker(ThreadPoolExecutor.java:1130)&#10;        at java.base@21.0.8/java.util.concurrent.ThreadPoolExecutor$Worker.run(ThreadPoolExecutor.java:642)&#10;        at java.base@21.0.8/java.lang.Thread.runWith(Thread.java:1596)&#10;        at java.base@21.0.8/java.lang.Thread.run(Thread.java:1583)&#10;&quot;IPC Server handler 56 on default port 15004&quot; daemon prio=5 tid=395 timed_waiting&#10;java.lang.Thread.State: TIMED_WAITING&#10;        at java.base@21.0.8/jdk.internal.misc.Unsafe.park(Native Method)&#10;        at java.base@21.0.8/java.util.concurrent.locks.LockSupport.parkNanos(LockSupport.java:269)&#10;        at java.base@21.0.8/java.util.concurrent.locks.AbstractQueuedSynchronizer$ConditionObject.awaitNanos(AbstractQueuedSynchronizer.java:1763)&#10;        at java.base@21.0.8/java.util.concurrent.LinkedBlockingQueue.poll(LinkedBlockingQueue.java:460)&#10;        at app//org.apache.hadoop.ipc.CallQueueManager.take(CallQueueManager.java:370)&#10;        at app//org.apache.hadoop.ipc.Server$Handler.run(Server.java:3165)&#10;&quot;SSL Certificates Store Monitor&quot; daemon prio=5 tid=1373 in Object.wait()&#10;java.lang.Thread.State: WAITING (on object monitor)&#10;        at java.base@21.0.8/java.lang.Object.wait0(Native Method)&#10;        at java.base@21.0.8/java.lang.Object.wait(Object.java:366)&#10;        at java.base@21.0.8/java.lang.Object.wait(Object.java:339)&#10;        at java.base@21.0.8/java.util.TimerThread.mainLoop(Timer.java:537)&#10;        at java.base@21.0.8/java.util.TimerThread.run(Timer.java:516)&#10;&quot;IPC Server handler 49 on default port 15002&quot; daemon prio=5 tid=170 timed_waiting&#10;java.lang.Thread.State: TIMED_WAITING&#10;        at java.base@21.0.8/jdk.internal.misc.Unsafe.park(Native Method)&#10;        at java.base@21.0.8/java.util.concurrent.locks.LockSupport.parkNanos(LockSupport.java:269)&#10;        at java.base@21.0.8/java.util.concurrent.locks.AbstractQueuedSynchronizer$ConditionObject.awaitNanos(AbstractQueuedSynchronizer.java:1763)&#10;        at java.base@21.0.8/java.util.concurrent.LinkedBlockingQueue.poll(LinkedBlockingQueue.java:460)&#10;        at app//org.apache.hadoop.ipc.CallQueueManager.take(CallQueueManager.java:370)&#10;        at app//org.apache.hadoop.ipc.Server$Handler.run(Server.java:3165)&#10;&quot;qtp1760296638-818&quot; daemon prio=5 tid=818 runnable&#10;java.lang.Thread.State: RUNNABLE&#10;        at java.base@21.0.8/sun.nio.ch.EPoll.wait(Native Method)&#10;        at java.base@21.0.8/sun.nio.ch.EPollSelectorImpl.doSelect(EPollSelectorImpl.java:121)&#10;        at java.base@21.0.8/sun.nio.ch.SelectorImpl.lockAndDoSelect(SelectorImpl.java:130)&#10;        at java.base@21.0.8/sun.nio.ch.SelectorImpl.select(SelectorImpl.java:147)&#10;        at app//org.eclipse.jetty.io.ManagedSelector.nioSelect(ManagedSelector.java:183)&#10;        at app//org.eclipse.jetty.io.ManagedSelector.select(ManagedSelector.java:190)&#10;        at app//org.eclipse.jetty.io.ManagedSelector$SelectorProducer.select(ManagedSelector.java:606)&#10;        at app//org.eclipse.jetty.io.ManagedSelector$SelectorProducer.produce(ManagedSelector.java:543)&#10;        at app//org.eclipse.jetty.util.thread.strategy.EatWhatYouKill.produceTask(EatWhatYouKill.java:362)&#10;        at app//org.eclipse.jetty.util.thread.strategy.EatWhatYouKill.doProduce(EatWhatYouKill.java:186)&#10;        at app//org.eclipse.jetty.util.thread.strategy.EatWhatYouKill.tryProduce(EatWhatYouKill.java:173)&#10;        at app//org.eclipse.jetty.util.thread.strategy.EatWhatYouKill.produce(EatWhatYouKill.java:137)&#10;        at app//org.eclipse.jetty.io.ManagedSelector$$Lambda/0x00007f18e86c6408.run(Unknown Source)&#10;        at app//org.eclipse.jetty.util.thread.QueuedThreadPool.runJob(QueuedThreadPool.java:883)&#10;        at app//org.eclipse.jetty.util.thread.QueuedThreadPool$Runner.run(QueuedThreadPool.java:1034)&#10;        at java.base@21.0.8/java.lang.Thread.runWith(Thread.java:1596)&#10;        at java.base@21.0.8/java.lang.Thread.run(Thread.java:1583)&#10;&quot;UnderReplicatedProcessor&quot; daemon prio=5 tid=59 timed_waiting&#10;java.lang.Thread.State: TIMED_WAITING&#10;        at java.base@21.0.8/java.lang.Object.wait0(Native Method)&#10;        at java.base@21.0.8/java.lang.Object.wait(Object.java:366)&#10;        at app//org.apache.hadoop.hdds.scm.container.replication.UnhealthyReplicationProcessor.run(UnhealthyReplicationProcessor.java:172)&#10;        at java.base@21.0.8/java.lang.Thread.runWith(Thread.java:1596)&#10;        at java.base@21.0.8/java.lang.Thread.run(Thread.java:1583)&#10;&quot;IPC Server handler 29 on default port 15002&quot; daemon prio=5 tid=150 timed_waiting&#10;java.lang.Thread.State: TIMED_WAITING&#10;        at java.base@21.0.8/jdk.internal.misc.Unsafe.park(Native Method)&#10;        at java.base@21.0.8/java.util.concurrent.locks.LockSupport.parkNanos(LockSupport.java:269)&#10;        at java.base@21.0.8/java.util.concurrent.locks.AbstractQueuedSynchronizer$ConditionObject.awaitNanos(AbstractQueuedSynchronizer.java:1763)&#10;        at java.base@21.0.8/java.util.concurrent.LinkedBlockingQueue.poll(LinkedBlockingQueue.java:460)&#10;        at app//org.apache.hadoop.ipc.CallQueueManager.take(CallQueueManager.java:370)&#10;        at app//org.apache.hadoop.ipc.Server$Handler.run(Server.java:3165)&#10;&quot;IPC Server handler 43 on default port 15001&quot; daemon prio=5 tid=601 timed_waiting&#10;java.lang.Thread.State: TIMED_WAITING&#10;        at java.base@21.0.8/jdk.internal.misc.Unsafe.park(Native Method)&#10;        at java.base@21.0.8/java.util.concurrent.locks.LockSupport.parkNanos(LockSupport.java:269)&#10;        at java.base@21.0.8/java.util.concurrent.locks.AbstractQueuedSynchronizer$ConditionObject.awaitNanos(AbstractQueuedSynchronizer.java:1763)&#10;        at java.base@21.0.8/java.util.concurrent.LinkedBlockingQueue.poll(LinkedBlockingQueue.java:460)&#10;        at app//org.apache.hadoop.ipc.CallQueueManager.take(CallQueueManager.java:370)&#10;        at app//org.apache.hadoop.ipc.Server$Handler.run(Server.java:3165)&#10;&quot;42a5f925-1bc2-4f8a-8509-c5ae65e6fcde-impl-thread1&quot; daemon prio=5 tid=669 timed_waiting&#10;java.lang.Thread.State: TIMED_WAITING&#10;        at java.base@21.0.8/jdk.internal.misc.Unsafe.park(Native Method)&#10;        at java.base@21.0.8/java.util.concurrent.locks.LockSupport.parkNanos(LockSupport.java:410)&#10;        at java.base@21.0.8/java.util.concurrent.LinkedTransferQueue$DualNode.await(LinkedTransferQueue.java:452)&#10;        at java.base@21.0.8/java.util.concurrent.SynchronousQueue$Transferer.xferLifo(SynchronousQueue.java:194)&#10;        at java.base@21.0.8/java.util.concurrent.SynchronousQueue.xfer(SynchronousQueue.java:235)&#10;        at java.base@21.0.8/java.util.concurrent.SynchronousQueue.poll(SynchronousQueue.java:338)&#10;        at java.base@21.0.8/java.util.concurrent.ThreadPoolExecutor.getTask(ThreadPoolExecutor.java:1069)&#10;        at java.base@21.0.8/java.util.concurrent.ThreadPoolExecutor.runWorker(ThreadPoolExecutor.java:1130)&#10;        at java.base@21.0.8/java.util.concurrent.ThreadPoolExecutor$Worker.run(ThreadPoolExecutor.java:642)&#10;        at java.base@21.0.8/java.lang.Thread.runWith(Thread.java:1596)&#10;        at java.base@21.0.8/java.lang.Thread.run(Thread.java:1583)&#10;&quot;346684e1-b57f-4c29-9507-935dad45bd68-ChunkWriter-1-0&quot; daemon prio=5 tid=994 in Object.wait()&#10;java.lang.Thread.State: WAITING (on object monitor)&#10;        at java.base@21.0.8/jdk.internal.misc.Unsafe.park(Native Method)&#10;        at java.base@21.0.8/java.util.concurrent.locks.LockSupport.park(LockSupport.java:371)&#10;        at java.base@21.0.8/java.util.concurrent.locks.AbstractQueuedSynchronizer$ConditionNode.block(AbstractQueuedSynchronizer.java:519)&#10;        at java.base@21.0.8/java.util.concurrent.ForkJoinPool.unmanagedBlock(ForkJoinPool.java:3780)&#10;        at java.base@21.0.8/java.util.concurrent.ForkJoinPool.managedBlock(ForkJoinPool.java:3725)&#10;        at java.base@21.0.8/java.util.concurrent.locks.AbstractQueuedSynchronizer$ConditionObject.await(AbstractQueuedSynchronizer.java:1712)&#10;        at java.base@21.0.8/java.util.concurrent.LinkedBlockingDeque.takeFirst(LinkedBlockingDeque.java:485)&#10;        at java.base@21.0.8/java.util.concurrent.LinkedBlockingDeque.take(LinkedBlockingDeque.java:673)&#10;        at java.base@21.0.8/java.util.concurrent.ThreadPoolExecutor.getTask(ThreadPoolExecutor.java:1070)&#10;        at java.base@21.0.8/java.util.concurrent.ThreadPoolExecutor.runWorker(ThreadPoolExecutor.java:1130)&#10;        at java.base@21.0.8/java.util.concurrent.ThreadPoolExecutor$Worker.run(ThreadPoolExecutor.java:642)&#10;        at java.base@21.0.8/java.lang.Thread.runWith(Thread.java:1596)&#10;        at java.base@21.0.8/java.lang.Thread.run(Thread.java:1583)&#10;&quot;ContainerSizeCountTask&quot; daemon prio=5 tid=658 timed_waiting&#10;java.lang.Thread.State: TIMED_WAITING&#10;        at java.base@21.0.8/java.lang.Object.wait0(Native Method)&#10;        at java.base@21.0.8/java.lang.Object.wait(Object.java:366)&#10;        at app//org.apache.hadoop.ozone.recon.tasks.ContainerSizeCountTask.run(ContainerSizeCountTask.java:87)&#10;        at app//org.apache.hadoop.ozone.recon.scm.ReconScmTask$$Lambda/0x00007f18e8c38f80.run(Unknown Source)&#10;        at java.base@21.0.8/java.lang.Thread.runWith(Thread.java:1596)&#10;        at java.base@21.0.8/java.lang.Thread.run(Thread.java:1583)&#10;&quot;346684e1-b57f-4c29-9507-935dad45bd68-DatanodeReportManager-1&quot; daemon prio=5 tid=895 in Object.wait()&#10;java.lang.Thread.State: WAITING (on object monitor)&#10;        at java.base@21.0.8/jdk.internal.misc.Unsafe.park(Native Method)&#10;        at java.base@21.0.8/java.util.concurrent.locks.LockSupport.park(LockSupport.java:371)&#10;        at java.base@21.0.8/java.util.concurrent.locks.AbstractQueuedSynchronizer$ConditionNode.block(AbstractQueuedSynchronizer.java:519)&#10;        at java.base@21.0.8/java.util.concurrent.ForkJoinPool.unmanagedBlock(ForkJoinPool.java:3780)&#10;        at java.base@21.0.8/java.util.concurrent.ForkJoinPool.managedBlock(ForkJoinPool.java:3725)&#10;        at java.base@21.0.8/java.util.concurrent.locks.AbstractQueuedSynchronizer$ConditionObject.await(AbstractQueuedSynchronizer.java:1712)&#10;        at java.base@21.0.8/java.util.concurrent.ScheduledThreadPoolExecutor$DelayedWorkQueue.take(ScheduledThreadPoolExecutor.java:1177)&#10;        at java.base@21.0.8/java.util.concurrent.ScheduledThreadPoolExecutor$DelayedWorkQueue.take(ScheduledThreadPoolExecutor.java:899)&#10;        at java.base@21.0.8/java.util.concurrent.ThreadPoolExecutor.getTask(ThreadPoolExecutor.java:1070)&#10;        at java.base@21.0.8/java.util.concurrent.ThreadPoolExecutor.runWorker(ThreadPoolExecutor.java:1130)&#10;        at java.base@21.0.8/java.util.concurrent.ThreadPoolExecutor$Worker.run(ThreadPoolExecutor.java:642)&#10;        at java.base@21.0.8/java.lang.Thread.runWith(Thread.java:1596)&#10;        at java.base@21.0.8/java.lang.Thread.run(Thread.java:1583)&#10;&quot;Socket Reader #10 for port 15004&quot; daemon prio=5 tid=72 runnable&#10;java.lang.Thread.State: RUNNABLE&#10;        at java.base@21.0.8/sun.nio.ch.EPoll.wait(Native Method)&#10;        at java.base@21.0.8/sun.nio.ch.EPollSelectorImpl.doSelect(EPollSelectorImpl.java:121)&#10;        at java.base@21.0.8/sun.nio.ch.SelectorImpl.lockAndDoSelect(SelectorImpl.java:130)&#10;        at java.base@21.0.8/sun.nio.ch.SelectorImpl.select(SelectorImpl.java:147)&#10;        at app//org.apache.hadoop.ipc.Server$Listener$Reader.doRunLoop(Server.java:1497)&#10;        at app//org.apache.hadoop.ipc.Server$Listener$Reader.run(Server.java:1476)&#10;&quot;d5ad88c2-6e7a-4660-bab6-a4e8807a575e-EndpointStateMachineTaskThread-/127.0.0.1:15001-0 &quot;  prio=5 tid=848 in Object.wait()&#10;java.lang.Thread.State: WAITING (on object monitor)&#10;        at java.base@21.0.8/jdk.internal.misc.Unsafe.park(Native Method)&#10;        at java.base@21.0.8/java.util.concurrent.locks.LockSupport.park(LockSupport.java:371)&#10;        at java.base@21.0.8/java.util.concurrent.locks.AbstractQueuedSynchronizer$ConditionNode.block(AbstractQueuedSynchronizer.java:519)&#10;        at java.base@21.0.8/java.util.concurrent.ForkJoinPool.unmanagedBlock(ForkJoinPool.java:3780)&#10;        at java.base@21.0.8/java.util.concurrent.ForkJoinPool.managedBlock(ForkJoinPool.java:3725)&#10;        at java.base@21.0.8/java.util.concurrent.locks.AbstractQueuedSynchronizer$ConditionObject.await(AbstractQueuedSynchronizer.java:1712)&#10;        at java.base@21.0.8/java.util.concurrent.LinkedBlockingQueue.take(LinkedBlockingQueue.java:435)&#10;        at java.base@21.0.8/java.util.concurrent.ThreadPoolExecutor.getTask(ThreadPoolExecutor.java:1070)&#10;        at java.base@21.0.8/java.util.concurrent.ThreadPoolExecutor.runWorker(ThreadPoolExecutor.java:1130)&#10;        at java.base@21.0.8/java.util.concurrent.ThreadPoolExecutor$Worker.run(ThreadPoolExecutor.java:642)&#10;        at java.base@21.0.8/java.lang.Thread.runWith(Thread.java:1596)&#10;        at java.base@21.0.8/java.lang.Thread.run(Thread.java:1583)&#10;&quot;IPC Server handler 86 on default port 15004&quot; daemon prio=5 tid=425 timed_waiting&#10;java.lang.Thread.State: TIMED_WAITING&#10;        at java.base@21.0.8/jdk.internal.misc.Unsafe.park(Native Method)&#10;        at java.base@21.0.8/java.util.concurrent.locks.LockSupport.parkNanos(LockSupport.java:269)&#10;        at java.base@21.0.8/java.util.concurrent.locks.AbstractQueuedSynchronizer$ConditionObject.awaitNanos(AbstractQueuedSynchronizer.java:1763)&#10;        at java.base@21.0.8/java.util.concurrent.LinkedBlockingQueue.poll(LinkedBlockingQueue.java:460)&#10;        at app//org.apache.hadoop.ipc.CallQueueManager.take(CallQueueManager.java:370)&#10;        at app//org.apache.hadoop.ipc.Server$Handler.run(Server.java:3165)&#10;&quot;Socket Reader #5 for port 15001&quot; daemon prio=5 tid=525 runnable&#10;java.lang.Thread.State: RUNNABLE&#10;        at java.base@21.0.8/sun.nio.ch.EPoll.wait(Native Method)&#10;        at java.base@21.0.8/sun.nio.ch.EPollSelectorImpl.doSelect(EPollSelectorImpl.java:121)&#10;        at java.base@21.0.8/sun.nio.ch.SelectorImpl.lockAndDoSelect(SelectorImpl.java:130)&#10;        at java.base@21.0.8/sun.nio.ch.SelectorImpl.select(SelectorImpl.java:147)&#10;        at app//org.apache.hadoop.ipc.Server$Listener$Reader.doRunLoop(Server.java:1497)&#10;        at app//org.apache.hadoop.ipc.Server$Listener$Reader.run(Server.java:1476)&#10;&quot;IPC Server handler 68 on default port 15002&quot; daemon prio=5 tid=189 timed_waiting&#10;java.lang.Thread.State: TIMED_WAITING&#10;        at java.base@21.0.8/jdk.internal.misc.Unsafe.park(Native Method)&#10;        at java.base@21.0.8/java.util.concurrent.locks.LockSupport.parkNanos(LockSupport.java:269)&#10;        at java.base@21.0.8/java.util.concurrent.locks.AbstractQueuedSynchronizer$ConditionObject.awaitNanos(AbstractQueuedSynchronizer.java:1763)&#10;        at java.base@21.0.8/java.util.concurrent.LinkedBlockingQueue.poll(LinkedBlockingQueue.java:460)&#10;        at app//org.apache.hadoop.ipc.CallQueueManager.take(CallQueueManager.java:370)&#10;        at app//org.apache.hadoop.ipc.Server$Handler.run(Server.java:3165)&#10;&quot;IPC Server handler 13 on default port 15001&quot; daemon prio=5 tid=571 timed_waiting&#10;java.lang.Thread.State: TIMED_WAITING&#10;        at java.base@21.0.8/jdk.internal.misc.Unsafe.park(Native Method)&#10;        at java.base@21.0.8/java.util.concurrent.locks.LockSupport.parkNanos(LockSupport.java:269)&#10;        at java.base@21.0.8/java.util.concurrent.locks.AbstractQueuedSynchronizer$ConditionObject.awaitNanos(AbstractQueuedSynchronizer.java:1763)&#10;        at java.base@21.0.8/java.util.concurrent.LinkedBlockingQueue.poll(LinkedBlockingQueue.java:460)&#10;        at app//org.apache.hadoop.ipc.CallQueueManager.take(CallQueueManager.java:370)&#10;        at app//org.apache.hadoop.ipc.Server$Handler.run(Server.java:3165)&#10;&quot;IPC Server handler 4 on default port 15008&quot; daemon prio=5 tid=496 timed_waiting&#10;java.lang.Thread.State: TIMED_WAITING&#10;        at java.base@21.0.8/jdk.internal.misc.Unsafe.park(Native Method)&#10;        at java.base@21.0.8/java.util.concurrent.locks.LockSupport.parkNanos(LockSupport.java:269)&#10;        at java.base@21.0.8/java.util.concurrent.locks.AbstractQueuedSynchronizer$ConditionObject.awaitNanos(AbstractQueuedSynchronizer.java:1763)&#10;        at java.base@21.0.8/java.util.concurrent.LinkedBlockingQueue.poll(LinkedBlockingQueue.java:460)&#10;        at app//org.apache.hadoop.ipc.CallQueueManager.take(CallQueueManager.java:370)&#10;        at app//org.apache.hadoop.ipc.Server$Handler.run(Server.java:3165)&#10;&quot;IPC Server idle connection scanner for port 15045&quot; daemon prio=5 tid=959 timed_waiting&#10;java.lang.Thread.State: TIMED_WAITING&#10;        at java.base@21.0.8/java.lang.Object.wait0(Native Method)&#10;        at java.base@21.0.8/java.lang.Object.wait(Object.java:366)&#10;        at java.base@21.0.8/java.util.TimerThread.mainLoop(Timer.java:563)&#10;        at java.base@21.0.8/java.util.TimerThread.run(Timer.java:516)&#10;&quot;IPC Server handler 84 on default port 15004&quot; daemon prio=5 tid=423 timed_waiting&#10;java.lang.Thread.State: TIMED_WAITING&#10;        at java.base@21.0.8/jdk.internal.misc.Unsafe.park(Native Method)&#10;        at java.base@21.0.8/java.util.concurrent.locks.LockSupport.parkNanos(LockSupport.java:269)&#10;        at java.base@21.0.8/java.util.concurrent.locks.AbstractQueuedSynchronizer$ConditionObject.awaitNanos(AbstractQueuedSynchronizer.java:1763)&#10;        at java.base@21.0.8/java.util.concurrent.LinkedBlockingQueue.poll(LinkedBlockingQueue.java:460)&#10;        at app//org.apache.hadoop.ipc.CallQueueManager.take(CallQueueManager.java:370)&#10;        at app//org.apache.hadoop.ipc.Server$Handler.run(Server.java:3165)&#10;&quot;IPC Server handler 5 on default port 15013&quot; daemon prio=5 tid=700 timed_waiting&#10;java.lang.Thread.State: TIMED_WAITING&#10;        at java.base@21.0.8/jdk.internal.misc.Unsafe.park(Native Method)&#10;        at java.base@21.0.8/java.util.concurrent.locks.LockSupport.parkNanos(LockSupport.java:269)&#10;        at java.base@21.0.8/java.util.concurrent.locks.AbstractQueuedSynchronizer$ConditionObject.awaitNanos(AbstractQueuedSynchronizer.java:1763)&#10;        at java.base@21.0.8/java.util.concurrent.LinkedBlockingQueue.poll(LinkedBlockingQueue.java:460)&#10;        at app//org.apache.hadoop.ipc.CallQueueManager.take(CallQueueManager.java:370)&#10;        at app//org.apache.hadoop.ipc.Server$Handler.run(Server.java:3165)&#10;&quot;om1-KeyDeletingService#1&quot; daemon prio=5 tid=474 in Object.wait()&#10;java.lang.Thread.State: WAITING (on object monitor)&#10;        at java.base@21.0.8/jdk.internal.misc.Unsafe.park(Native Method)&#10;        at java.base@21.0.8/java.util.concurrent.locks.LockSupport.park(LockSupport.java:371)&#10;        at java.base@21.0.8/java.util.concurrent.locks.AbstractQueuedSynchronizer$ConditionNode.block(AbstractQueuedSynchronizer.java:519)&#10;        at java.base@21.0.8/java.util.concurrent.ForkJoinPool.unmanagedBlock(ForkJoinPool.java:3780)&#10;        at java.base@21.0.8/java.util.concurrent.ForkJoinPool.managedBlock(ForkJoinPool.java:3725)&#10;        at java.base@21.0.8/java.util.concurrent.locks.AbstractQueuedSynchronizer$ConditionObject.await(AbstractQueuedSynchronizer.java:1712)&#10;        at java.base@21.0.8/java.util.concurrent.ScheduledThreadPoolExecutor$DelayedWorkQueue.take(ScheduledThreadPoolExecutor.java:1177)&#10;        at java.base@21.0.8/java.util.concurrent.ScheduledThreadPoolExecutor$DelayedWorkQueue.take(ScheduledThreadPoolExecutor.java:899)&#10;        at java.base@21.0.8/java.util.concurrent.ThreadPoolExecutor.getTask(ThreadPoolExecutor.java:1070)&#10;        at java.base@21.0.8/java.util.concurrent.ThreadPoolExecutor.runWorker(ThreadPoolExecutor.java:1130)&#10;        at java.base@21.0.8/java.util.concurrent.ThreadPoolExecutor$Worker.run(ThreadPoolExecutor.java:642)&#10;        at java.base@21.0.8/java.lang.Thread.runWith(Thread.java:1596)&#10;        at java.base@21.0.8/java.lang.Thread.run(Thread.java:1583)&#10;&quot;process reaper&quot; daemon prio=10 tid=29 timed_waiting&#10;java.lang.Thread.State: TIMED_WAITING&#10;        at java.base@21.0.8/jdk.internal.misc.Unsafe.park(Native Method)&#10;        at java.base@21.0.8/java.util.concurrent.locks.LockSupport.parkNanos(LockSupport.java:410)&#10;        at java.base@21.0.8/java.util.concurrent.LinkedTransferQueue$DualNode.await(LinkedTransferQueue.java:452)&#10;        at java.base@21.0.8/java.util.concurrent.SynchronousQueue$Transferer.xferLifo(SynchronousQueue.java:194)&#10;        at java.base@21.0.8/java.util.concurrent.SynchronousQueue.xfer(SynchronousQueue.java:235)&#10;        at java.base@21.0.8/java.util.concurrent.SynchronousQueue.poll(SynchronousQueue.java:338)&#10;        at java.base@21.0.8/java.util.concurrent.ThreadPoolExecutor.getTask(ThreadPoolExecutor.java:1069)&#10;        at java.base@21.0.8/java.util.concurrent.ThreadPoolExecutor.runWorker(ThreadPoolExecutor.java:1130)&#10;        at java.base@21.0.8/java.util.concurrent.ThreadPoolExecutor$Worker.run(ThreadPoolExecutor.java:642)&#10;        at java.base@21.0.8/java.lang.Thread.runWith(Thread.java:1596)&#10;        at java.base@21.0.8/java.lang.Thread.run(Thread.java:1583)&#10;        at java.base@21.0.8/jdk.internal.misc.InnocuousThread.run(InnocuousThread.java:186)&#10;&quot;IPC Server handler 65 on default port 15002&quot; daemon prio=5 tid=186 timed_waiting&#10;java.lang.Thread.State: TIMED_WAITING&#10;        at java.base@21.0.8/jdk.internal.misc.Unsafe.park(Native Method)&#10;        at java.base@21.0.8/java.util.concurrent.locks.LockSupport.parkNanos(LockSupport.java:269)&#10;        at java.base@21.0.8/java.util.concurrent.locks.AbstractQueuedSynchronizer$ConditionObject.awaitNanos(AbstractQueuedSynchronizer.java:1763)&#10;        at java.base@21.0.8/java.util.concurrent.LinkedBlockingQueue.poll(LinkedBlockingQueue.java:460)&#10;        at app//org.apache.hadoop.ipc.CallQueueManager.take(CallQueueManager.java:370)&#10;        at app//org.apache.hadoop.ipc.Server$Handler.run(Server.java:3165)&#10;&quot;IPC Server handler 96 on default port 15001&quot; daemon prio=5 tid=654 timed_waiting&#10;java.lang.Thread.State: TIMED_WAITING&#10;        at java.base@21.0.8/jdk.internal.misc.Unsafe.park(Native Method)&#10;        at java.base@21.0.8/java.util.concurrent.locks.LockSupport.parkNanos(LockSupport.java:269)&#10;        at java.base@21.0.8/java.util.concurrent.locks.AbstractQueuedSynchronizer$ConditionObject.awaitNanos(AbstractQueuedSynchronizer.java:1763)&#10;        at java.base@21.0.8/java.util.concurrent.LinkedBlockingQueue.poll(LinkedBlockingQueue.java:460)&#10;        at app//org.apache.hadoop.ipc.CallQueueManager.take(CallQueueManager.java:370)&#10;        at app//org.apache.hadoop.ipc.Server$Handler.run(Server.java:3165)&#10;&quot;EventQueue-DatanodeCommandQueueUpdatedForDatanodeCommandCountUpdatedHandler&quot; daemon prio=5 tid=1004 in Object.wait()&#10;java.lang.Thread.State: WAITING (on object monitor)&#10;        at java.base@21.0.8/jdk.internal.misc.Unsafe.park(Native Method)&#10;        at java.base@21.0.8/java.util.concurrent.locks.LockSupport.park(LockSupport.java:371)&#10;        at java.base@21.0.8/java.util.concurrent.locks.AbstractQueuedSynchronizer$ConditionNode.block(AbstractQueuedSynchronizer.java:519)&#10;        at java.base@21.0.8/java.util.concurrent.ForkJoinPool.unmanagedBlock(ForkJoinPool.java:3780)&#10;        at java.base@21.0.8/java.util.concurrent.ForkJoinPool.managedBlock(ForkJoinPool.java:3725)&#10;        at java.base@21.0.8/java.util.concurrent.locks.AbstractQueuedSynchronizer$ConditionObject.await(AbstractQueuedSynchronizer.java:1712)&#10;        at java.base@21.0.8/java.util.concurrent.LinkedBlockingQueue.take(LinkedBlockingQueue.java:435)&#10;        at java.base@21.0.8/java.util.concurrent.ThreadPoolExecutor.getTask(ThreadPoolExecutor.java:1070)&#10;        at java.base@21.0.8/java.util.concurrent.ThreadPoolExecutor.runWorker(ThreadPoolExecutor.java:1130)&#10;        at java.base@21.0.8/java.util.concurrent.ThreadPoolExecutor$Worker.run(ThreadPoolExecutor.java:642)&#10;        at java.base@21.0.8/java.lang.Thread.runWith(Thread.java:1596)&#10;        at java.base@21.0.8/java.lang.Thread.run(Thread.java:1583)&#10;&quot;IPC Server handler 33 on default port 15004&quot; daemon prio=5 tid=372 timed_waiting&#10;java.lang.Thread.State: TIMED_WAITING&#10;        at java.base@21.0.8/jdk.internal.misc.Unsafe.park(Native Method)&#10;        at java.base@21.0.8/java.util.concurrent.locks.LockSupport.parkNanos(LockSupport.java:269)&#10;        at java.base@21.0.8/java.util.concurrent.locks.AbstractQueuedSynchronizer$ConditionObject.awaitNanos(AbstractQueuedSynchronizer.java:1763)&#10;        at java.base@21.0.8/java.util.concurrent.LinkedBlockingQueue.poll(LinkedBlockingQueue.java:460)&#10;        at app//org.apache.hadoop.ipc.CallQueueManager.take(CallQueueManager.java:370)&#10;        at app//org.apache.hadoop.ipc.Server$Handler.run(Server.java:3165)&#10;&quot;IPC Server handler 42 on default port 15002&quot; daemon prio=5 tid=163 timed_waiting&#10;java.lang.Thread.State: TIMED_WAITING&#10;        at java.base@21.0.8/jdk.internal.misc.Unsafe.park(Native Method)&#10;        at java.base@21.0.8/java.util.concurrent.locks.LockSupport.parkNanos(LockSupport.java:269)&#10;        at java.base@21.0.8/java.util.concurrent.locks.AbstractQueuedSynchronizer$ConditionObject.awaitNanos(AbstractQueuedSynchronizer.java:1763)&#10;        at java.base@21.0.8/java.util.concurrent.LinkedBlockingQueue.poll(LinkedBlockingQueue.java:460)&#10;        at app//org.apache.hadoop.ipc.CallQueueManager.take(CallQueueManager.java:370)&#10;        at app//org.apache.hadoop.ipc.Server$Handler.run(Server.java:3165)&#10;&quot;Socket Reader #10 for port 15008&quot; daemon prio=5 tid=459 runnable&#10;java.lang.Thread.State: RUNNABLE&#10;        at java.base@21.0.8/sun.nio.ch.EPoll.wait(Native Method)&#10;        at java.base@21.0.8/sun.nio.ch.EPollSelectorImpl.doSelect(EPollSelectorImpl.java:121)&#10;        at java.base@21.0.8/sun.nio.ch.SelectorImpl.lockAndDoSelect(SelectorImpl.java:130)&#10;        at java.base@21.0.8/sun.nio.ch.SelectorImpl.select(SelectorImpl.java:147)&#10;        at app//org.apache.hadoop.ipc.Server$Listener$Reader.doRunLoop(Server.java:1497)&#10;        at app//org.apache.hadoop.ipc.Server$Listener$Reader.run(Server.java:1476)&#10;&quot;Socket Reader #4 for port 15004&quot; daemon prio=5 tid=66 runnable&#10;java.lang.Thread.State: RUNNABLE&#10;        at java.base@21.0.8/sun.nio.ch.EPoll.wait(Native Method)&#10;        at java.base@21.0.8/sun.nio.ch.EPollSelectorImpl.doSelect(EPollSelectorImpl.java:121)&#10;        at java.base@21.0.8/sun.nio.ch.SelectorImpl.lockAndDoSelect(SelectorImpl.java:130)&#10;        at java.base@21.0.8/sun.nio.ch.SelectorImpl.select(SelectorImpl.java:147)&#10;        at app//org.apache.hadoop.ipc.Server$Listener$Reader.doRunLoop(Server.java:1497)&#10;        at app//org.apache.hadoop.ipc.Server$Listener$Reader.run(Server.java:1476)&#10;&quot;IPC Server handler 42 on default port 15004&quot; daemon prio=5 tid=381 timed_waiting&#10;java.lang.Thread.State: TIMED_WAITING&#10;        at java.base@21.0.8/jdk.internal.misc.Unsafe.park(Native Method)&#10;        at java.base@21.0.8/java.util.concurrent.locks.LockSupport.parkNanos(LockSupport.java:269)&#10;        at java.base@21.0.8/java.util.concurrent.locks.AbstractQueuedSynchronizer$ConditionObject.awaitNanos(AbstractQueuedSynchronizer.java:1763)&#10;        at java.base@21.0.8/java.util.concurrent.LinkedBlockingQueue.poll(LinkedBlockingQueue.java:460)&#10;        at app//org.apache.hadoop.ipc.CallQueueManager.take(CallQueueManager.java:370)&#10;        at app//org.apache.hadoop.ipc.Server$Handler.run(Server.java:3165)&#10;&quot;IPC Server handler 15 on default port 15008&quot; daemon prio=5 tid=507 timed_waiting&#10;java.lang.Thread.State: TIMED_WAITING&#10;        at java.base@21.0.8/jdk.internal.misc.Unsafe.park(Native Method)&#10;        at java.base@21.0.8/java.util.concurrent.locks.LockSupport.parkNanos(LockSupport.java:269)&#10;        at java.base@21.0.8/java.util.concurrent.locks.AbstractQueuedSynchronizer$ConditionObject.awaitNanos(AbstractQueuedSynchronizer.java:1763)&#10;        at java.base@21.0.8/java.util.concurrent.LinkedBlockingQueue.poll(LinkedBlockingQueue.java:460)&#10;        at app//org.apache.hadoop.ipc.CallQueueManager.take(CallQueueManager.java:370)&#10;        at app//org.apache.hadoop.ipc.Server$Handler.run(Server.java:3165)&#10;&quot;IPC Server handler 67 on default port 15001&quot; daemon prio=5 tid=625 timed_waiting&#10;java.lang.Thread.State: TIMED_WAITING&#10;        at java.base@21.0.8/jdk.internal.misc.Unsafe.park(Native Method)&#10;        at java.base@21.0.8/java.util.concurrent.locks.LockSupport.parkNanos(LockSupport.java:269)&#10;        at java.base@21.0.8/java.util.concurrent.locks.AbstractQueuedSynchronizer$ConditionObject.awaitNanos(AbstractQueuedSynchronizer.java:1763)&#10;        at java.base@21.0.8/java.util.concurrent.LinkedBlockingQueue.poll(LinkedBlockingQueue.java:460)&#10;        at app//org.apache.hadoop.ipc.CallQueueManager.take(CallQueueManager.java:370)&#10;        at app//org.apache.hadoop.ipc.Server$Handler.run(Server.java:3165)&#10;&quot;0ed0910f-4ac9-4f62-be34-d90c51a3e6c9-PipelineCommandHandlerThread-0&quot;  prio=5 tid=1086 in Object.wait()&#10;java.lang.Thread.State: WAITING (on object monitor)&#10;        at java.base@21.0.8/jdk.internal.misc.Unsafe.park(Native Method)&#10;        at java.base@21.0.8/java.util.concurrent.locks.LockSupport.park(LockSupport.java:371)&#10;        at java.base@21.0.8/java.util.concurrent.locks.AbstractQueuedSynchronizer$ConditionNode.block(AbstractQueuedSynchronizer.java:519)&#10;        at java.base@21.0.8/java.util.concurrent.ForkJoinPool.unmanagedBlock(ForkJoinPool.java:3780)&#10;        at java.base@21.0.8/java.util.concurrent.ForkJoinPool.managedBlock(ForkJoinPool.java:3725)&#10;        at java.base@21.0.8/java.util.concurrent.locks.AbstractQueuedSynchronizer$ConditionObject.await(AbstractQueuedSynchronizer.java:1712)&#10;        at java.base@21.0.8/java.util.concurrent.LinkedBlockingQueue.take(LinkedBlockingQueue.java:435)&#10;        at java.base@21.0.8/java.util.concurrent.ThreadPoolExecutor.getTask(ThreadPoolExecutor.java:1070)&#10;        at java.base@21.0.8/java.util.concurrent.ThreadPoolExecutor.runWorker(ThreadPoolExecutor.java:1130)&#10;        at java.base@21.0.8/java.util.concurrent.ThreadPoolExecutor$Worker.run(ThreadPoolExecutor.java:642)&#10;        at java.base@21.0.8/java.lang.Thread.runWith(Thread.java:1596)&#10;        at java.base@21.0.8/java.lang.Thread.run(Thread.java:1583)&#10;&quot;42a5f925-1bc2-4f8a-8509-c5ae65e6fcde-ChunkWriter-1-0&quot; daemon prio=5 tid=837 in Object.wait()&#10;java.lang.Thread.State: WAITING (on object monitor)&#10;        at java.base@21.0.8/jdk.internal.misc.Unsafe.park(Native Method)&#10;        at java.base@21.0.8/java.util.concurrent.locks.LockSupport.park(LockSupport.java:371)&#10;        at java.base@21.0.8/java.util.concurrent.locks.AbstractQueuedSynchronizer$ConditionNode.block(AbstractQueuedSynchronizer.java:519)&#10;        at java.base@21.0.8/java.util.concurrent.ForkJoinPool.unmanagedBlock(ForkJoinPool.java:3780)&#10;        at java.base@21.0.8/java.util.concurrent.ForkJoinPool.managedBlock(ForkJoinPool.java:3725)&#10;        at java.base@21.0.8/java.util.concurrent.locks.AbstractQueuedSynchronizer$ConditionObject.await(AbstractQueuedSynchronizer.java:1712)&#10;        at java.base@21.0.8/java.util.concurrent.LinkedBlockingDeque.takeFirst(LinkedBlockingDeque.java:485)&#10;        at java.base@21.0.8/java.util.concurrent.LinkedBlockingDeque.take(LinkedBlockingDeque.java:673)&#10;        at java.base@21.0.8/java.util.concurrent.ThreadPoolExecutor.getTask(ThreadPoolExecutor.java:1070)&#10;        at java.base@21.0.8/java.util.concurrent.ThreadPoolExecutor.runWorker(ThreadPoolExecutor.java:1130)&#10;        at java.base@21.0.8/java.util.concurrent.ThreadPoolExecutor$Worker.run(ThreadPoolExecutor.java:642)&#10;        at java.base@21.0.8/java.lang.Thread.runWith(Thread.java:1596)&#10;        at java.base@21.0.8/java.lang.Thread.run(Thread.java:1583)&#10;&quot;qtp396271801-326-acceptor-0@b3719db-ServerConnector@5a0b171d{HTTP/1.1, (http/1.1)}{0.0.0.0:15005}&quot; daemon prio=3 tid=326 runnable&#10;java.lang.Thread.State: RUNNABLE&#10;        at java.base@21.0.8/sun.nio.ch.Net.accept(Native Method)&#10;        at java.base@21.0.8/sun.nio.ch.ServerSocketChannelImpl.implAccept(ServerSocketChannelImpl.java:433)&#10;        at java.base@21.0.8/sun.nio.ch.ServerSocketChannelImpl.accept(ServerSocketChannelImpl.java:399)&#10;        at app//org.eclipse.jetty.server.ServerConnector.accept(ServerConnector.java:388)&#10;        at app//org.eclipse.jetty.server.AbstractConnector$Acceptor.run(AbstractConnector.java:704)&#10;        at app//org.eclipse.jetty.util.thread.QueuedThreadPool.runJob(QueuedThreadPool.java:883)&#10;        at app//org.eclipse.jetty.util.thread.QueuedThreadPool$Runner.run(QueuedThreadPool.java:1034)&#10;        at java.base@21.0.8/java.lang.Thread.runWith(Thread.java:1596)&#10;        at java.base@21.0.8/java.lang.Thread.run(Thread.java:1583)&#10;&quot;IPC Server handler 21 on default port 15002&quot; daemon prio=5 tid=142 timed_waiting&#10;java.lang.Thread.State: TIMED_WAITING&#10;        at java.base@21.0.8/jdk.internal.misc.Unsafe.park(Native Method)&#10;        at java.base@21.0.8/java.util.concurrent.locks.LockSupport.parkNanos(LockSupport.java:269)&#10;        at java.base@21.0.8/java.util.concurrent.locks.AbstractQueuedSynchronizer$ConditionObject.awaitNanos(AbstractQueuedSynchronizer.java:1763)&#10;        at java.base@21.0.8/java.util.concurrent.LinkedBlockingQueue.poll(LinkedBlockingQueue.java:460)&#10;        at app//org.apache.hadoop.ipc.CallQueueManager.take(CallQueueManager.java:370)&#10;        at app//org.apache.hadoop.ipc.Server$Handler.run(Server.java:3165)&#10;&quot;FixedThreadPoolWithAffinityExecutor-8-0&quot; daemon prio=5 tid=112 timed_waiting&#10;java.lang.Thread.State: TIMED_WAITING&#10;        at java.base@21.0.8/jdk.internal.misc.Unsafe.park(Native Method)&#10;        at java.base@21.0.8/java.util.concurrent.locks.LockSupport.parkNanos(LockSupport.java:269)&#10;        at java.base@21.0.8/java.util.concurrent.locks.AbstractQueuedSynchronizer$ConditionObject.awaitNanos(AbstractQueuedSynchronizer.java:1763)&#10;        at java.base@21.0.8/java.util.concurrent.LinkedBlockingQueue.poll(LinkedBlockingQueue.java:460)&#10;        at app//org.apache.hadoop.hdds.scm.server.ContainerReportQueue.poll(ContainerReportQueue.java:269)&#10;        at app//org.apache.hadoop.hdds.scm.server.ContainerReportQueue.poll(ContainerReportQueue.java:42)&#10;        at app//org.apache.hadoop.hdds.server.events.FixedThreadPoolWithAffinityExecutor$ContainerReportProcessTask.run(FixedThreadPoolWithAffinityExecutor.java:228)&#10;        at java.base@21.0.8/java.util.concurrent.Executors$RunnableAdapter.call(Executors.java:572)&#10;        at java.base@21.0.8/java.util.concurrent.FutureTask.run(FutureTask.java:317)&#10;        at java.base@21.0.8/java.util.concurrent.ThreadPoolExecutor.runWorker(ThreadPoolExecutor.java:1144)&#10;        at java.base@21.0.8/java.util.concurrent.ThreadPoolExecutor$Worker.run(ThreadPoolExecutor.java:642)&#10;        at java.base@21.0.8/java.lang.Thread.runWith(Thread.java:1596)&#10;        at java.base@21.0.8/java.lang.Thread.run(Thread.java:1583)&#10;&quot;IPC Server handler 0 on default port 15002&quot; daemon prio=5 tid=121 timed_waiting&#10;java.lang.Thread.State: TIMED_WAITING&#10;        at java.base@21.0.8/jdk.internal.misc.Unsafe.park(Native Method)&#10;        at java.base@21.0.8/java.util.concurrent.locks.LockSupport.parkNanos(LockSupport.java:269)&#10;        at java.base@21.0.8/java.util.concurrent.locks.AbstractQueuedSynchronizer$ConditionObject.awaitNanos(AbstractQueuedSynchronizer.java:1763)&#10;        at java.base@21.0.8/java.util.concurrent.LinkedBlockingQueue.poll(LinkedBlockingQueue.java:460)&#10;        at app//org.apache.hadoop.ipc.CallQueueManager.take(CallQueueManager.java:370)&#10;        at app//org.apache.hadoop.ipc.Server$Handler.run(Server.java:3165)&#10;&quot;process reaper&quot; daemon prio=10 tid=991 timed_waiting&#10;java.lang.Thread.State: TIMED_WAITING&#10;        at java.base@21.0.8/jdk.internal.misc.Unsafe.park(Native Method)&#10;        at java.base@21.0.8/java.util.concurrent.locks.LockSupport.parkNanos(LockSupport.java:410)&#10;        at java.base@21.0.8/java.util.concurrent.LinkedTransferQueue$DualNode.await(LinkedTransferQueue.java:452)&#10;        at java.base@21.0.8/java.util.concurrent.SynchronousQueue$Transferer.xferLifo(SynchronousQueue.java:194)&#10;        at java.base@21.0.8/java.util.concurrent.SynchronousQueue.xfer(SynchronousQueue.java:235)&#10;        at java.base@21.0.8/java.util.concurrent.SynchronousQueue.poll(SynchronousQueue.java:338)&#10;        at java.base@21.0.8/java.util.concurrent.ThreadPoolExecutor.getTask(ThreadPoolExecutor.java:1069)&#10;        at java.base@21.0.8/java.util.concurrent.ThreadPoolExecutor.runWorker(ThreadPoolExecutor.java:1130)&#10;        at java.base@21.0.8/java.util.concurrent.ThreadPoolExecutor$Worker.run(ThreadPoolExecutor.java:642)&#10;        at java.base@21.0.8/java.lang.Thread.runWith(Thread.java:1596)&#10;        at java.base@21.0.8/java.lang.Thread.run(Thread.java:1583)&#10;        at java.base@21.0.8/jdk.internal.misc.InnocuousThread.run(InnocuousThread.java:186)&#10;&quot;0ed0910f-4ac9-4f62-be34-d90c51a3e6c9-ChunkWriter-1-0&quot; daemon prio=5 tid=1020 in Object.wait()&#10;java.lang.Thread.State: WAITING (on object monitor)&#10;        at java.base@21.0.8/jdk.internal.misc.Unsafe.park(Native Method)&#10;        at java.base@21.0.8/java.util.concurrent.locks.LockSupport.park(LockSupport.java:371)&#10;        at java.base@21.0.8/java.util.concurrent.locks.AbstractQueuedSynchronizer$ConditionNode.block(AbstractQueuedSynchronizer.java:519)&#10;        at java.base@21.0.8/java.util.concurrent.ForkJoinPool.unmanagedBlock(ForkJoinPool.java:3780)&#10;        at java.base@21.0.8/java.util.concurrent.ForkJoinPool.managedBlock(ForkJoinPool.java:3725)&#10;        at java.base@21.0.8/java.util.concurrent.locks.AbstractQueuedSynchronizer$ConditionObject.await(AbstractQueuedSynchronizer.java:1712)&#10;        at java.base@21.0.8/java.util.concurrent.LinkedBlockingDeque.takeFirst(LinkedBlockingDeque.java:485)&#10;        at java.base@21.0.8/java.util.concurrent.LinkedBlockingDeque.take(LinkedBlockingDeque.java:673)&#10;        at java.base@21.0.8/java.util.concurrent.ThreadPoolExecutor.getTask(ThreadPoolExecutor.java:1070)&#10;        at java.base@21.0.8/java.util.concurrent.ThreadPoolExecutor.runWorker(ThreadPoolExecutor.java:1130)&#10;        at java.base@21.0.8/java.util.concurrent.ThreadPoolExecutor$Worker.run(ThreadPoolExecutor.java:642)&#10;        at java.base@21.0.8/java.lang.Thread.runWith(Thread.java:1596)&#10;        at java.base@21.0.8/java.lang.Thread.run(Thread.java:1583)&#10;&quot;IPC Server handler 60 on default port 15003&quot; daemon prio=5 tid=281 timed_waiting&#10;java.lang.Thread.State: TIMED_WAITING&#10;        at java.base@21.0.8/jdk.internal.misc.Unsafe.park(Native Method)&#10;        at java.base@21.0.8/java.util.concurrent.locks.LockSupport.parkNanos(LockSupport.java:269)&#10;        at java.base@21.0.8/java.util.concurrent.locks.AbstractQueuedSynchronizer$ConditionObject.awaitNanos(AbstractQueuedSynchronizer.java:1763)&#10;        at java.base@21.0.8/java.util.concurrent.LinkedBlockingQueue.poll(LinkedBlockingQueue.java:460)&#10;        at app//org.apache.hadoop.ipc.CallQueueManager.take(CallQueueManager.java:370)&#10;        at app//org.apache.hadoop.ipc.Server$Handler.run(Server.java:3165)&#10;&quot;IPC Server handler 96 on default port 15002&quot; daemon prio=5 tid=217 timed_waiting&#10;java.lang.Thread.State: TIMED_WAITING&#10;        at java.base@21.0.8/jdk.internal.misc.Unsafe.park(Native Method)&#10;        at java.base@21.0.8/java.util.concurrent.locks.LockSupport.parkNanos(LockSupport.java:269)&#10;        at java.base@21.0.8/java.util.concurrent.locks.AbstractQueuedSynchronizer$ConditionObject.awaitNanos(AbstractQueuedSynchronizer.java:1763)&#10;        at java.base@21.0.8/java.util.concurrent.LinkedBlockingQueue.poll(LinkedBlockingQueue.java:460)&#10;        at app//org.apache.hadoop.ipc.CallQueueManager.take(CallQueueManager.java:370)&#10;        at app//org.apache.hadoop.ipc.Server$Handler.run(Server.java:3165)&#10;&quot;IPC Server handler 60 on default port 15001&quot; daemon prio=5 tid=618 timed_waiting&#10;java.lang.Thread.State: TIMED_WAITING&#10;        at java.base@21.0.8/jdk.internal.misc.Unsafe.park(Native Method)&#10;        at java.base@21.0.8/java.util.concurrent.locks.LockSupport.parkNanos(LockSupport.java:269)&#10;        at java.base@21.0.8/java.util.concurrent.locks.AbstractQueuedSynchronizer$ConditionObject.awaitNanos(AbstractQueuedSynchronizer.java:1763)&#10;        at java.base@21.0.8/java.util.concurrent.LinkedBlockingQueue.poll(LinkedBlockingQueue.java:460)&#10;        at app//org.apache.hadoop.ipc.CallQueueManager.take(CallQueueManager.java:370)&#10;        at app//org.apache.hadoop.ipc.Server$Handler.run(Server.java:3165)&#10;&quot;346684e1-b57f-4c29-9507-935dad45bd68-groupManagement&quot;  prio=5 tid=1081 in Object.wait()&#10;java.lang.Thread.State: WAITING (on object monitor)&#10;        at java.base@21.0.8/jdk.internal.misc.Unsafe.park(Native Method)&#10;        at java.base@21.0.8/java.util.concurrent.locks.LockSupport.park(LockSupport.java:371)&#10;        at java.base@21.0.8/java.util.concurrent.locks.AbstractQueuedSynchronizer$ConditionNode.block(AbstractQueuedSynchronizer.java:519)&#10;        at java.base@21.0.8/java.util.concurrent.ForkJoinPool.unmanagedBlock(ForkJoinPool.java:3780)&#10;        at java.base@21.0.8/java.util.concurrent.ForkJoinPool.managedBlock(ForkJoinPool.java:3725)&#10;        at java.base@21.0.8/java.util.concurrent.locks.AbstractQueuedSynchronizer$ConditionObject.await(AbstractQueuedSynchronizer.java:1712)&#10;        at java.base@21.0.8/java.util.concurrent.LinkedBlockingQueue.take(LinkedBlockingQueue.java:435)&#10;        at java.base@21.0.8/java.util.concurrent.ThreadPoolExecutor.getTask(ThreadPoolExecutor.java:1070)&#10;        at java.base@21.0.8/java.util.concurrent.ThreadPoolExecutor.runWorker(ThreadPoolExecutor.java:1130)&#10;        at java.base@21.0.8/java.util.concurrent.ThreadPoolExecutor$Worker.run(ThreadPoolExecutor.java:642)&#10;        at java.base@21.0.8/java.lang.Thread.runWith(Thread.java:1596)&#10;        at java.base@21.0.8/java.lang.Thread.run(Thread.java:1583)&#10;&quot;Hadoop-Metrics-Updater-0&quot; daemon prio=5 tid=882 timed_waiting&#10;java.lang.Thread.State: TIMED_WAITING&#10;        at java.base@21.0.8/jdk.internal.misc.Unsafe.park(Native Method)&#10;        at java.base@21.0.8/java.util.concurrent.locks.LockSupport.parkNanos(LockSupport.java:269)&#10;        at java.base@21.0.8/java.util.concurrent.locks.AbstractQueuedSynchronizer$ConditionObject.awaitNanos(AbstractQueuedSynchronizer.java:1763)&#10;        at java.base@21.0.8/java.util.concurrent.ScheduledThreadPoolExecutor$DelayedWorkQueue.take(ScheduledThreadPoolExecutor.java:1182)&#10;        at java.base@21.0.8/java.util.concurrent.ScheduledThreadPoolExecutor$DelayedWorkQueue.take(ScheduledThreadPoolExecutor.java:899)&#10;        at java.base@21.0.8/java.util.concurrent.ThreadPoolExecutor.getTask(ThreadPoolExecutor.java:1070)&#10;        at java.base@21.0.8/java.util.concurrent.ThreadPoolExecutor.runWorker(ThreadPoolExecutor.java:1130)&#10;        at java.base@21.0.8/java.util.concurrent.ThreadPoolExecutor$Worker.run(ThreadPoolExecutor.java:642)&#10;        at java.base@21.0.8/java.lang.Thread.runWith(Thread.java:1596)&#10;        at java.base@21.0.8/java.lang.Thread.run(Thread.java:1583)&#10;&quot;qtp391903823-551&quot; daemon prio=5 tid=551 timed_waiting&#10;java.lang.Thread.State: TIMED_WAITING&#10;        at java.base@21.0.8/jdk.internal.misc.Unsafe.park(Native Method)&#10;        at java.base@21.0.8/java.util.concurrent.locks.LockSupport.parkNanos(LockSupport.java:269)&#10;        at java.base@21.0.8/java.util.concurrent.locks.AbstractQueuedSynchronizer$ConditionObject.awaitNanos(AbstractQueuedSynchronizer.java:1763)&#10;        at app//org.eclipse.jetty.util.BlockingArrayQueue.poll(BlockingArrayQueue.java:382)&#10;        at app//org.eclipse.jetty.util.thread.QueuedThreadPool$Runner.idleJobPoll(QueuedThreadPool.java:974)&#10;        at app//org.eclipse.jetty.util.thread.QueuedThreadPool$Runner.run(QueuedThreadPool.java:1018)&#10;        at java.base@21.0.8/java.lang.Thread.runWith(Thread.java:1596)&#10;        at java.base@21.0.8/java.lang.Thread.run(Thread.java:1583)&#10;&quot;IPC Server handler 13 on default port 15002&quot; daemon prio=5 tid=134 timed_waiting&#10;java.lang.Thread.State: TIMED_WAITING&#10;        at java.base@21.0.8/jdk.internal.misc.Unsafe.park(Native Method)&#10;        at java.base@21.0.8/java.util.concurrent.locks.LockSupport.parkNanos(LockSupport.java:269)&#10;        at java.base@21.0.8/java.util.concurrent.locks.AbstractQueuedSynchronizer$ConditionObject.awaitNanos(AbstractQueuedSynchronizer.java:1763)&#10;        at java.base@21.0.8/java.util.concurrent.LinkedBlockingQueue.poll(LinkedBlockingQueue.java:460)&#10;        at app//org.apache.hadoop.ipc.CallQueueManager.take(CallQueueManager.java:370)&#10;        at app//org.apache.hadoop.ipc.Server$Handler.run(Server.java:3165)&#10;&quot;JvmPauseMonitor7&quot; daemon prio=5 tid=997 timed_waiting&#10;java.lang.Thread.State: TIMED_WAITING&#10;        at java.base@21.0.8/java.lang.Thread.sleep0(Native Method)&#10;        at java.base@21.0.8/java.lang.Thread.sleep(Thread.java:558)&#10;        at java.base@21.0.8/java.util.concurrent.TimeUnit.sleep(TimeUnit.java:446)&#10;        at app//org.apache.ratis.util.TimeDuration.sleep(TimeDuration.java:353)&#10;        at app//org.apache.ratis.util.TimeDuration.sleep(TimeDuration.java:338)&#10;        at app//org.apache.ratis.util.JvmPauseMonitor.detectPause(JvmPauseMonitor.java:160)&#10;        at app//org.apache.ratis.util.JvmPauseMonitor.run(JvmPauseMonitor.java:149)&#10;        at app//org.apache.ratis.util.JvmPauseMonitor$$Lambda/0x00007f18e83aead8.run(Unknown Source)&#10;        at java.base@21.0.8/java.lang.Thread.runWith(Thread.java:1596)&#10;        at java.base@21.0.8/java.lang.Thread.run(Thread.java:1583)&#10;&quot;qtp871701899-723&quot; daemon prio=5 tid=723 timed_waiting&#10;java.lang.Thread.State: TIMED_WAITING&#10;        at java.base@21.0.8/jdk.internal.misc.Unsafe.park(Native Method)&#10;        at java.base@21.0.8/java.util.concurrent.locks.LockSupport.parkNanos(LockSupport.java:269)&#10;        at java.base@21.0.8/java.util.concurrent.locks.AbstractQueuedSynchronizer$ConditionObject.awaitNanos(AbstractQueuedSynchronizer.java:1763)&#10;        at app//org.eclipse.jetty.util.BlockingArrayQueue.poll(BlockingArrayQueue.java:382)&#10;        at app//org.eclipse.jetty.util.thread.QueuedThreadPool$Runner.idleJobPoll(QueuedThreadPool.java:974)&#10;        at app//org.eclipse.jetty.util.thread.QueuedThreadPool$Runner.run(QueuedThreadPool.java:1018)&#10;        at java.base@21.0.8/java.lang.Thread.runWith(Thread.java:1596)&#10;        at java.base@21.0.8/java.lang.Thread.run(Thread.java:1583)&#10;&quot;Socket Reader #4 for port 15013&quot; daemon prio=5 tid=685 runnable&#10;java.lang.Thread.State: RUNNABLE&#10;        at java.base@21.0.8/sun.nio.ch.EPoll.wait(Native Method)&#10;        at java.base@21.0.8/sun.nio.ch.EPollSelectorImpl.doSelect(EPollSelectorImpl.java:121)&#10;        at java.base@21.0.8/sun.nio.ch.SelectorImpl.lockAndDoSelect(SelectorImpl.java:130)&#10;        at java.base@21.0.8/sun.nio.ch.SelectorImpl.select(SelectorImpl.java:147)&#10;        at app//org.apache.hadoop.ipc.Server$Listener$Reader.doRunLoop(Server.java:1497)&#10;        at app//org.apache.hadoop.ipc.Server$Listener$Reader.run(Server.java:1476)&#10;&quot;Socket Reader #3 for port 15003&quot; daemon prio=5 tid=79 runnable&#10;java.lang.Thread.State: RUNNABLE&#10;        at java.base@21.0.8/sun.nio.ch.EPoll.wait(Native Method)&#10;        at java.base@21.0.8/sun.nio.ch.EPollSelectorImpl.doSelect(EPollSelectorImpl.java:121)&#10;        at java.base@21.0.8/sun.nio.ch.SelectorImpl.lockAndDoSelect(SelectorImpl.java:130)&#10;        at java.base@21.0.8/sun.nio.ch.SelectorImpl.select(SelectorImpl.java:147)&#10;        at app//org.apache.hadoop.ipc.Server$Listener$Reader.doRunLoop(Server.java:1497)&#10;        at app//org.apache.hadoop.ipc.Server$Listener$Reader.run(Server.java:1476)&#10;&quot;IPC Server handler 88 on default port 15001&quot; daemon prio=5 tid=646 timed_waiting&#10;java.lang.Thread.State: TIMED_WAITING&#10;        at java.base@21.0.8/jdk.internal.misc.Unsafe.park(Native Method)&#10;        at java.base@21.0.8/java.util.concurrent.locks.LockSupport.parkNanos(LockSupport.java:269)&#10;        at java.base@21.0.8/java.util.concurrent.locks.AbstractQueuedSynchronizer$ConditionObject.awaitNanos(AbstractQueuedSynchronizer.java:1763)&#10;        at java.base@21.0.8/java.util.concurrent.LinkedBlockingQueue.poll(LinkedBlockingQueue.java:460)&#10;        at app//org.apache.hadoop.ipc.CallQueueManager.take(CallQueueManager.java:370)&#10;        at app//org.apache.hadoop.ipc.Server$Handler.run(Server.java:3165)&#10;&quot;IPC Server handler 85 on default port 15004&quot; daemon prio=5 tid=424 timed_waiting&#10;java.lang.Thread.State: TIMED_WAITING&#10;        at java.base@21.0.8/jdk.internal.misc.Unsafe.park(Native Method)&#10;        at java.base@21.0.8/java.util.concurrent.locks.LockSupport.parkNanos(LockSupport.java:269)&#10;        at java.base@21.0.8/java.util.concurrent.locks.AbstractQueuedSynchronizer$ConditionObject.awaitNanos(AbstractQueuedSynchronizer.java:1763)&#10;        at java.base@21.0.8/java.util.concurrent.LinkedBlockingQueue.poll(LinkedBlockingQueue.java:460)&#10;        at app//org.apache.hadoop.ipc.CallQueueManager.take(CallQueueManager.java:370)&#10;        at app//org.apache.hadoop.ipc.Server$Handler.run(Server.java:3165)&#10;&quot;ForkJoinPool.commonPool-worker-3&quot; daemon prio=5 tid=1030 in Object.wait()&#10;java.lang.Thread.State: WAITING (on object monitor)&#10;        at java.base@21.0.8/jdk.internal.misc.Unsafe.park(Native Method)&#10;        at java.base@21.0.8/java.util.concurrent.locks.LockSupport.park(LockSupport.java:371)&#10;        at java.base@21.0.8/java.util.concurrent.ForkJoinPool.awaitWork(ForkJoinPool.java:1893)&#10;        at java.base@21.0.8/java.util.concurrent.ForkJoinPool.runWorker(ForkJoinPool.java:1809)&#10;        at java.base@21.0.8/java.util.concurrent.ForkJoinWorkerThread.run(ForkJoinWorkerThread.java:188)&#10;&quot;Connector-Scheduler-1b9c93de-1&quot;  prio=5 tid=1156 timed_waiting&#10;java.lang.Thread.State: TIMED_WAITING&#10;        at java.base@21.0.8/jdk.internal.misc.Unsafe.park(Native Method)&#10;        at java.base@21.0.8/java.util.concurrent.locks.LockSupport.parkNanos(LockSupport.java:269)&#10;        at java.base@21.0.8/java.util.concurrent.locks.AbstractQueuedSynchronizer$ConditionObject.awaitNanos(AbstractQueuedSynchronizer.java:1763)&#10;        at java.base@21.0.8/java.util.concurrent.ScheduledThreadPoolExecutor$DelayedWorkQueue.take(ScheduledThreadPoolExecutor.java:1182)&#10;        at java.base@21.0.8/java.util.concurrent.ScheduledThreadPoolExecutor$DelayedWorkQueue.take(ScheduledThreadPoolExecutor.java:899)&#10;        at java.base@21.0.8/java.util.concurrent.ThreadPoolExecutor.getTask(ThreadPoolExecutor.java:1070)&#10;        at java.base@21.0.8/java.util.concurrent.ThreadPoolExecutor.runWorker(ThreadPoolExecutor.java:1130)&#10;        at java.base@21.0.8/java.util.concurrent.ThreadPoolExecutor$Worker.run(ThreadPoolExecutor.java:642)&#10;        at java.base@21.0.8/java.lang.Thread.runWith(Thread.java:1596)&#10;        at java.base@21.0.8/java.lang.Thread.run(Thread.java:1583)&#10;&quot;IPC Server handler 72 on default port 15003&quot; daemon prio=5 tid=293 timed_waiting&#10;java.lang.Thread.State: TIMED_WAITING&#10;        at java.base@21.0.8/jdk.internal.misc.Unsafe.park(Native Method)&#10;        at java.base@21.0.8/java.util.concurrent.locks.LockSupport.parkNanos(LockSupport.java:269)&#10;        at java.base@21.0.8/java.util.concurrent.locks.AbstractQueuedSynchronizer$ConditionObject.awaitNanos(AbstractQueuedSynchronizer.java:1763)&#10;        at java.base@21.0.8/java.util.concurrent.LinkedBlockingQueue.poll(LinkedBlockingQueue.java:460)&#10;        at app//org.apache.hadoop.ipc.CallQueueManager.take(CallQueueManager.java:370)&#10;        at app//org.apache.hadoop.ipc.Server$Handler.run(Server.java:3165)&#10;&quot;IPC Server handler 0 on default port 15021&quot; daemon prio=5 tid=741 timed_waiting&#10;java.lang.Thread.State: TIMED_WAITING&#10;        at java.base@21.0.8/jdk.internal.misc.Unsafe.park(Native Method)&#10;        at java.base@21.0.8/java.util.concurrent.locks.LockSupport.parkNanos(LockSupport.java:269)&#10;        at java.base@21.0.8/java.util.concurrent.locks.AbstractQueuedSynchronizer$ConditionObject.awaitNanos(AbstractQueuedSynchronizer.java:1763)&#10;        at java.base@21.0.8/java.util.concurrent.LinkedBlockingQueue.poll(LinkedBlockingQueue.java:460)&#10;        at app//org.apache.hadoop.ipc.CallQueueManager.take(CallQueueManager.java:370)&#10;        at app//org.apache.hadoop.ipc.Server$Handler.run(Server.java:3165)&#10;&quot;IPC Server handler 43 on default port 15002&quot; daemon prio=5 tid=164 timed_waiting&#10;java.lang.Thread.State: TIMED_WAITING&#10;        at java.base@21.0.8/jdk.internal.misc.Unsafe.park(Native Method)&#10;        at java.base@21.0.8/java.util.concurrent.locks.LockSupport.parkNanos(LockSupport.java:269)&#10;        at java.base@21.0.8/java.util.concurrent.locks.AbstractQueuedSynchronizer$ConditionObject.awaitNanos(AbstractQueuedSynchronizer.java:1763)&#10;        at java.base@21.0.8/java.util.concurrent.LinkedBlockingQueue.poll(LinkedBlockingQueue.java:460)&#10;        at app//org.apache.hadoop.ipc.CallQueueManager.take(CallQueueManager.java:370)&#10;        at app//org.apache.hadoop.ipc.Server$Handler.run(Server.java:3165)&#10;&quot;IPC Server handler 44 on default port 15004&quot; daemon prio=5 tid=383 timed_waiting&#10;java.lang.Thread.State: TIMED_WAITING&#10;        at java.base@21.0.8/jdk.internal.misc.Unsafe.park(Native Method)&#10;        at java.base@21.0.8/java.util.concurrent.locks.LockSupport.parkNanos(LockSupport.java:269)&#10;        at java.base@21.0.8/java.util.concurrent.locks.AbstractQueuedSynchronizer$ConditionObject.awaitNanos(AbstractQueuedSynchronizer.java:1763)&#10;        at java.base@21.0.8/java.util.concurrent.LinkedBlockingQueue.poll(LinkedBlockingQueue.java:460)&#10;        at app//org.apache.hadoop.ipc.CallQueueManager.take(CallQueueManager.java:370)&#10;        at app//org.apache.hadoop.ipc.Server$Handler.run(Server.java:3165)&#10;&quot;42a5f925-1bc2-4f8a-8509-c5ae65e6fcde-CloseContainerThread-0&quot;  prio=5 tid=1291 in Object.wait()&#10;java.lang.Thread.State: WAITING (on object monitor)&#10;        at java.base@21.0.8/jdk.internal.misc.Unsafe.park(Native Method)&#10;        at java.base@21.0.8/java.util.concurrent.locks.LockSupport.park(LockSupport.java:371)&#10;        at java.base@21.0.8/java.util.concurrent.locks.AbstractQueuedSynchronizer$ConditionNode.block(AbstractQueuedSynchronizer.java:519)&#10;        at java.base@21.0.8/java.util.concurrent.ForkJoinPool.unmanagedBlock(ForkJoinPool.java:3780)&#10;        at java.base@21.0.8/java.util.concurrent.ForkJoinPool.managedBlock(ForkJoinPool.java:3725)&#10;        at java.base@21.0.8/java.util.concurrent.locks.AbstractQueuedSynchronizer$ConditionObject.await(AbstractQueuedSynchronizer.java:1712)&#10;        at java.base@21.0.8/java.util.concurrent.LinkedBlockingQueue.take(LinkedBlockingQueue.java:435)&#10;        at java.base@21.0.8/java.util.concurrent.ThreadPoolExecutor.getTask(ThreadPoolExecutor.java:1070)&#10;        at java.base@21.0.8/java.util.concurrent.ThreadPoolExecutor.runWorker(ThreadPoolExecutor.java:1130)&#10;        at java.base@21.0.8/java.util.concurrent.ThreadPoolExecutor$Worker.run(ThreadPoolExecutor.java:642)&#10;        at java.base@21.0.8/java.lang.Thread.runWith(Thread.java:1596)&#10;        at java.base@21.0.8/java.lang.Thread.run(Thread.java:1583)&#10;&quot;Hadoop-Metrics-Updater-0&quot; daemon prio=5 tid=961 timed_waiting&#10;java.lang.Thread.State: TIMED_WAITING&#10;        at java.base@21.0.8/jdk.internal.misc.Unsafe.park(Native Method)&#10;        at java.base@21.0.8/java.util.concurrent.locks.LockSupport.parkNanos(LockSupport.java:269)&#10;        at java.base@21.0.8/java.util.concurrent.locks.AbstractQueuedSynchronizer$ConditionObject.awaitNanos(AbstractQueuedSynchronizer.java:1763)&#10;        at java.base@21.0.8/java.util.concurrent.ScheduledThreadPoolExecutor$DelayedWorkQueue.take(ScheduledThreadPoolExecutor.java:1182)&#10;        at java.base@21.0.8/java.util.concurrent.ScheduledThreadPoolExecutor$DelayedWorkQueue.take(ScheduledThreadPoolExecutor.java:899)&#10;        at java.base@21.0.8/java.util.concurrent.ThreadPoolExecutor.getTask(ThreadPoolExecutor.java:1070)&#10;        at java.base@21.0.8/java.util.concurrent.ThreadPoolExecutor.runWorker(ThreadPoolExecutor.java:1130)&#10;        at java.base@21.0.8/java.util.concurrent.ThreadPoolExecutor$Worker.run(ThreadPoolExecutor.java:642)&#10;        at java.base@21.0.8/java.lang.Thread.runWith(Thread.java:1596)&#10;        at java.base@21.0.8/java.lang.Thread.run(Thread.java:1583)&#10;&quot;IPC Server handler 10 on default port 15002&quot; daemon prio=5 tid=131 timed_waiting&#10;java.lang.Thread.State: TIMED_WAITING&#10;        at java.base@21.0.8/jdk.internal.misc.Unsafe.park(Native Method)&#10;        at java.base@21.0.8/java.util.concurrent.locks.LockSupport.parkNanos(LockSupport.java:269)&#10;        at java.base@21.0.8/java.util.concurrent.locks.AbstractQueuedSynchronizer$ConditionObject.awaitNanos(AbstractQueuedSynchronizer.java:1763)&#10;        at java.base@21.0.8/java.util.concurrent.LinkedBlockingQueue.poll(LinkedBlockingQueue.java:460)&#10;        at app//org.apache.hadoop.ipc.CallQueueManager.take(CallQueueManager.java:370)&#10;        at app//org.apache.hadoop.ipc.Server$Handler.run(Server.java:3165)&#10;&quot;IPC Server handler 85 on default port 15003&quot; daemon prio=5 tid=306 timed_waiting&#10;java.lang.Thread.State: TIMED_WAITING&#10;        at java.base@21.0.8/jdk.internal.misc.Unsafe.park(Native Method)&#10;        at java.base@21.0.8/java.util.concurrent.locks.LockSupport.parkNanos(LockSupport.java:269)&#10;        at java.base@21.0.8/java.util.concurrent.locks.AbstractQueuedSynchronizer$ConditionObject.awaitNanos(AbstractQueuedSynchronizer.java:1763)&#10;        at java.base@21.0.8/java.util.concurrent.LinkedBlockingQueue.poll(LinkedBlockingQueue.java:460)&#10;        at app//org.apache.hadoop.ipc.CallQueueManager.take(CallQueueManager.java:370)&#10;        at app//org.apache.hadoop.ipc.Server$Handler.run(Server.java:3165)&#10;&quot;Notification Thread&quot; daemon prio=9 tid=22 runnable&#10;java.lang.Thread.State: RUNNABLE&#10;&quot;qtp391903823-550&quot; daemon prio=5 tid=550 runnable&#10;java.lang.Thread.State: RUNNABLE&#10;        at java.base@21.0.8/sun.nio.ch.EPoll.wait(Native Method)&#10;        at java.base@21.0.8/sun.nio.ch.EPollSelectorImpl.doSelect(EPollSelectorImpl.java:121)&#10;        at java.base@21.0.8/sun.nio.ch.SelectorImpl.lockAndDoSelect(SelectorImpl.java:130)&#10;        at java.base@21.0.8/sun.nio.ch.SelectorImpl.select(SelectorImpl.java:147)&#10;        at app//org.eclipse.jetty.io.ManagedSelector.nioSelect(ManagedSelector.java:183)&#10;        at app//org.eclipse.jetty.io.ManagedSelector.select(ManagedSelector.java:190)&#10;        at app//org.eclipse.jetty.io.ManagedSelector$SelectorProducer.select(ManagedSelector.java:606)&#10;        at app//org.eclipse.jetty.io.ManagedSelector$SelectorProducer.produce(ManagedSelector.java:543)&#10;        at app//org.eclipse.jetty.util.thread.strategy.EatWhatYouKill.produceTask(EatWhatYouKill.java:362)&#10;        at app//org.eclipse.jetty.util.thread.strategy.EatWhatYouKill.doProduce(EatWhatYouKill.java:186)&#10;        at app//org.eclipse.jetty.util.thread.strategy.EatWhatYouKill.tryProduce(EatWhatYouKill.java:173)&#10;        at app//org.eclipse.jetty.util.thread.strategy.EatWhatYouKill.run(EatWhatYouKill.java:131)&#10;        at app//org.eclipse.jetty.util.thread.ReservedThreadExecutor$ReservedThread.run(ReservedThreadExecutor.java:409)&#10;        at app//org.eclipse.jetty.util.thread.QueuedThreadPool.runJob(QueuedThreadPool.java:883)&#10;        at app//org.eclipse.jetty.util.thread.QueuedThreadPool$Runner.run(QueuedThreadPool.java:1034)&#10;        at java.base@21.0.8/java.lang.Thread.runWith(Thread.java:1596)&#10;        at java.base@21.0.8/java.lang.Thread.run(Thread.java:1583)&#10;&quot;IPC Server handler 74 on default port 15001&quot; daemon prio=5 tid=632 timed_waiting&#10;java.lang.Thread.State: TIMED_WAITING&#10;        at java.base@21.0.8/jdk.internal.misc.Unsafe.park(Native Method)&#10;        at java.base@21.0.8/java.util.concurrent.locks.LockSupport.parkNanos(LockSupport.java:269)&#10;        at java.base@21.0.8/java.util.concurrent.locks.AbstractQueuedSynchronizer$ConditionObject.awaitNanos(AbstractQueuedSynchronizer.java:1763)&#10;        at java.base@21.0.8/java.util.concurrent.LinkedBlockingQueue.poll(LinkedBlockingQueue.java:460)&#10;        at app//org.apache.hadoop.ipc.CallQueueManager.take(CallQueueManager.java:370)&#10;        at app//org.apache.hadoop.ipc.Server$Handler.run(Server.java:3165)&#10;&quot;Socket Reader #8 for port 15021&quot; daemon prio=5 tid=735 runnable&#10;java.lang.Thread.State: RUNNABLE&#10;        at java.base@21.0.8/sun.nio.ch.EPoll.wait(Native Method)&#10;        at java.base@21.0.8/sun.nio.ch.EPollSelectorImpl.doSelect(EPollSelectorImpl.java:121)&#10;        at java.base@21.0.8/sun.nio.ch.SelectorImpl.lockAndDoSelect(SelectorImpl.java:130)&#10;        at java.base@21.0.8/sun.nio.ch.SelectorImpl.select(SelectorImpl.java:147)&#10;        at app//org.apache.hadoop.ipc.Server$Listener$Reader.doRunLoop(Server.java:1497)&#10;        at app//org.apache.hadoop.ipc.Server$Listener$Reader.run(Server.java:1476)&#10;&quot;d5ad88c2-6e7a-4660-bab6-a4e8807a575e-CloseContainerThread-2&quot;  prio=5 tid=1314 in Object.wait()&#10;java.lang.Thread.State: WAITING (on object monitor)&#10;        at java.base@21.0.8/jdk.internal.misc.Unsafe.park(Native Method)&#10;        at java.base@21.0.8/java.util.concurrent.locks.LockSupport.park(LockSupport.java:371)&#10;        at java.base@21.0.8/java.util.concurrent.locks.AbstractQueuedSynchronizer$ConditionNode.block(AbstractQueuedSynchronizer.java:519)&#10;        at java.base@21.0.8/java.util.concurrent.ForkJoinPool.unmanagedBlock(ForkJoinPool.java:3780)&#10;        at java.base@21.0.8/java.util.concurrent.ForkJoinPool.managedBlock(ForkJoinPool.java:3725)&#10;        at java.base@21.0.8/java.util.concurrent.locks.AbstractQueuedSynchronizer$ConditionObject.await(AbstractQueuedSynchronizer.java:1712)&#10;        at java.base@21.0.8/java.util.concurrent.LinkedBlockingQueue.take(LinkedBlockingQueue.java:435)&#10;        at java.base@21.0.8/java.util.concurrent.ThreadPoolExecutor.getTask(ThreadPoolExecutor.java:1070)&#10;        at java.base@21.0.8/java.util.concurrent.ThreadPoolExecutor.runWorker(ThreadPoolExecutor.java:1130)&#10;        at java.base@21.0.8/java.util.concurrent.ThreadPoolExecutor$Worker.run(ThreadPoolExecutor.java:642)&#10;        at java.base@21.0.8/java.lang.Thread.runWith(Thread.java:1596)&#10;        at java.base@21.0.8/java.lang.Thread.run(Thread.java:1583)&#10;&quot;IPC Server handler 34 on default port 15001&quot; daemon prio=5 tid=592 timed_waiting&#10;java.lang.Thread.State: TIMED_WAITING&#10;        at java.base@21.0.8/jdk.internal.misc.Unsafe.park(Native Method)&#10;        at java.base@21.0.8/java.util.concurrent.locks.LockSupport.parkNanos(LockSupport.java:269)&#10;        at java.base@21.0.8/java.util.concurrent.locks.AbstractQueuedSynchronizer$ConditionObject.awaitNanos(AbstractQueuedSynchronizer.java:1763)&#10;        at java.base@21.0.8/java.util.concurrent.LinkedBlockingQueue.poll(LinkedBlockingQueue.java:460)&#10;        at app//org.apache.hadoop.ipc.CallQueueManager.take(CallQueueManager.java:370)&#10;        at app//org.apache.hadoop.ipc.Server$Handler.run(Server.java:3165)&#10;&quot;Session-HouseKeeper-7d36c62f-1&quot;  prio=5 tid=491 timed_waiting&#10;java.lang.Thread.State: TIMED_WAITING&#10;        at java.base@21.0.8/jdk.internal.misc.Unsafe.park(Native Method)&#10;        at java.base@21.0.8/java.util.concurrent.locks.LockSupport.parkNanos(LockSupport.java:269)&#10;        at java.base@21.0.8/java.util.concurrent.locks.AbstractQueuedSynchronizer$ConditionObject.awaitNanos(AbstractQueuedSynchronizer.java:1763)&#10;        at java.base@21.0.8/java.util.concurrent.ScheduledThreadPoolExecutor$DelayedWorkQueue.take(ScheduledThreadPoolExecutor.java:1182)&#10;        at java.base@21.0.8/java.util.concurrent.ScheduledThreadPoolExecutor$DelayedWorkQueue.take(ScheduledThreadPoolExecutor.java:899)&#10;        at java.base@21.0.8/java.util.concurrent.ThreadPoolExecutor.getTask(ThreadPoolExecutor.java:1070)&#10;        at java.base@21.0.8/java.util.concurrent.ThreadPoolExecutor.runWorker(ThreadPoolExecutor.java:1130)&#10;        at java.base@21.0.8/java.util.concurrent.ThreadPoolExecutor$Worker.run(ThreadPoolExecutor.java:642)&#10;        at java.base@21.0.8/java.lang.Thread.runWith(Thread.java:1596)&#10;        at java.base@21.0.8/java.lang.Thread.run(Thread.java:1583)&#10;&quot;IPC Server handler 94 on default port 15003&quot; daemon prio=5 tid=315 timed_waiting&#10;java.lang.Thread.State: TIMED_WAITING&#10;        at java.base@21.0.8/jdk.internal.misc.Unsafe.park(Native Method)&#10;        at java.base@21.0.8/java.util.concurrent.locks.LockSupport.parkNanos(LockSupport.java:269)&#10;        at java.base@21.0.8/java.util.concurrent.locks.AbstractQueuedSynchronizer$ConditionObject.awaitNanos(AbstractQueuedSynchronizer.java:1763)&#10;        at java.base@21.0.8/java.util.concurrent.LinkedBlockingQueue.poll(LinkedBlockingQueue.java:460)&#10;        at app//org.apache.hadoop.ipc.CallQueueManager.take(CallQueueManager.java:370)&#10;        at app//org.apache.hadoop.ipc.Server$Handler.run(Server.java:3165)&#10;&quot;junit-jupiter-timeout-watcher&quot; daemon prio=10 tid=34 timed_waiting&#10;java.lang.Thread.State: TIMED_WAITING&#10;        at java.base@21.0.8/jdk.internal.misc.Unsafe.park(Native Method)&#10;        at java.base@21.0.8/java.util.concurrent.locks.LockSupport.parkNanos(LockSupport.java:269)&#10;        at java.base@21.0.8/java.util.concurrent.locks.AbstractQueuedSynchronizer$ConditionObject.awaitNanos(AbstractQueuedSynchronizer.java:1763)&#10;        at java.base@21.0.8/java.util.concurrent.ScheduledThreadPoolExecutor$DelayedWorkQueue.take(ScheduledThreadPoolExecutor.java:1182)&#10;        at java.base@21.0.8/java.util.concurrent.ScheduledThreadPoolExecutor$DelayedWorkQueue.take(ScheduledThreadPoolExecutor.java:899)&#10;        at java.base@21.0.8/java.util.concurrent.ThreadPoolExecutor.getTask(ThreadPoolExecutor.java:1070)&#10;        at java.base@21.0.8/java.util.concurrent.ThreadPoolExecutor.runWorker(ThreadPoolExecutor.java:1130)&#10;        at java.base@21.0.8/java.util.concurrent.ThreadPoolExecutor$Worker.run(ThreadPoolExecutor.java:642)&#10;        at java.base@21.0.8/java.lang.Thread.runWith(Thread.java:1596)&#10;        at java.base@21.0.8/java.lang.Thread.run(Thread.java:1583)&#10;&quot;IPC Server handler 23 on default port 15002&quot; daemon prio=5 tid=144 timed_waiting&#10;java.lang.Thread.State: TIMED_WAITING&#10;        at java.base@21.0.8/jdk.internal.misc.Unsafe.park(Native Method)&#10;        at java.base@21.0.8/java.util.concurrent.locks.LockSupport.parkNanos(LockSupport.java:269)&#10;        at java.base@21.0.8/java.util.concurrent.locks.AbstractQueuedSynchronizer$ConditionObject.awaitNanos(AbstractQueuedSynchronizer.java:1763)&#10;        at java.base@21.0.8/java.util.concurrent.LinkedBlockingQueue.poll(LinkedBlockingQueue.java:460)&#10;        at app//org.apache.hadoop.ipc.CallQueueManager.take(CallQueueManager.java:370)&#10;        at app//org.apache.hadoop.ipc.Server$Handler.run(Server.java:3165)&#10;&quot;IPC Server handler 73 on default port 15004&quot; daemon prio=5 tid=412 timed_waiting&#10;java.lang.Thread.State: TIMED_WAITING&#10;        at java.base@21.0.8/jdk.internal.misc.Unsafe.park(Native Method)&#10;        at java.base@21.0.8/java.util.concurrent.locks.LockSupport.parkNanos(LockSupport.java:269)&#10;        at java.base@21.0.8/java.util.concurrent.locks.AbstractQueuedSynchronizer$ConditionObject.awaitNanos(AbstractQueuedSynchronizer.java:1763)&#10;        at java.base@21.0.8/java.util.concurrent.LinkedBlockingQueue.poll(LinkedBlockingQueue.java:460)&#10;        at app//org.apache.hadoop.ipc.CallQueueManager.take(CallQueueManager.java:370)&#10;        at app//org.apache.hadoop.ipc.Server$Handler.run(Server.java:3165)&#10;&quot;IPC Server handler 37 on default port 15002&quot; daemon prio=5 tid=158 timed_waiting&#10;java.lang.Thread.State: TIMED_WAITING&#10;        at java.base@21.0.8/jdk.internal.misc.Unsafe.park(Native Method)&#10;        at java.base@21.0.8/java.util.concurrent.locks.LockSupport.parkNanos(LockSupport.java:269)&#10;        at java.base@21.0.8/java.util.concurrent.locks.AbstractQueuedSynchronizer$ConditionObject.awaitNanos(AbstractQueuedSynchronizer.java:1763)&#10;        at java.base@21.0.8/java.util.concurrent.LinkedBlockingQueue.poll(LinkedBlockingQueue.java:460)&#10;        at app//org.apache.hadoop.ipc.CallQueueManager.take(CallQueueManager.java:370)&#10;        at app//org.apache.hadoop.ipc.Server$Handler.run(Server.java:3165)&#10;&quot;346684e1-b57f-4c29-9507-935dad45bd68-DatanodeReportManager-3&quot; daemon prio=5 tid=897 timed_waiting&#10;java.lang.Thread.State: TIMED_WAITING&#10;        at java.base@21.0.8/jdk.internal.misc.Unsafe.park(Native Method)&#10;        at java.base@21.0.8/java.util.concurrent.locks.LockSupport.parkNanos(LockSupport.java:269)&#10;        at java.base@21.0.8/java.util.concurrent.locks.AbstractQueuedSynchronizer$ConditionObject.awaitNanos(AbstractQueuedSynchronizer.java:1763)&#10;        at java.base@21.0.8/java.util.concurrent.ScheduledThreadPoolExecutor$DelayedWorkQueue.take(ScheduledThreadPoolExecutor.java:1182)&#10;        at java.base@21.0.8/java.util.concurrent.ScheduledThreadPoolExecutor$DelayedWorkQueue.take(ScheduledThreadPoolExecutor.java:899)&#10;        at java.base@21.0.8/java.util.concurrent.ThreadPoolExecutor.getTask(ThreadPoolExecutor.java:1070)&#10;        at java.base@21.0.8/java.util.concurrent.ThreadPoolExecutor.runWorker(ThreadPoolExecutor.java:1130)&#10;        at java.base@21.0.8/java.util.concurrent.ThreadPoolExecutor$Worker.run(ThreadPoolExecutor.java:642)&#10;        at java.base@21.0.8/java.lang.Thread.runWith(Thread.java:1596)&#10;        at java.base@21.0.8/java.lang.Thread.run(Thread.java:1583)&#10;&quot;00aa5afb-d218-4771-abd7-db0247b9d23b-client-thread1&quot;  prio=5 tid=927 timed_waiting&#10;java.lang.Thread.State: TIMED_WAITING&#10;        at java.base@21.0.8/jdk.internal.misc.Unsafe.park(Native Method)&#10;        at java.base@21.0.8/java.util.concurrent.locks.LockSupport.parkNanos(LockSupport.java:410)&#10;        at java.base@21.0.8/java.util.concurrent.LinkedTransferQueue$DualNode.await(LinkedTransferQueue.java:452)&#10;        at java.base@21.0.8/java.util.concurrent.SynchronousQueue$Transferer.xferLifo(SynchronousQueue.java:194)&#10;        at java.base@21.0.8/java.util.concurrent.SynchronousQueue.xfer(SynchronousQueue.java:235)&#10;        at java.base@21.0.8/java.util.concurrent.SynchronousQueue.poll(SynchronousQueue.java:338)&#10;        at java.base@21.0.8/java.util.concurrent.ThreadPoolExecutor.getTask(ThreadPoolExecutor.java:1069)&#10;        at java.base@21.0.8/java.util.concurrent.ThreadPoolExecutor.runWorker(ThreadPoolExecutor.java:1130)&#10;        at java.base@21.0.8/java.util.concurrent.ThreadPoolExecutor$Worker.run(ThreadPoolExecutor.java:642)&#10;        at java.base@21.0.8/java.lang.Thread.runWith(Thread.java:1596)&#10;        at java.base@21.0.8/java.lang.Thread.run(Thread.java:1583)&#10;&quot;IPC Server handler 5 on default port 15021&quot; daemon prio=5 tid=746 timed_waiting&#10;java.lang.Thread.State: TIMED_WAITING&#10;        at java.base@21.0.8/jdk.internal.misc.Unsafe.park(Native Method)&#10;        at java.base@21.0.8/java.util.concurrent.locks.LockSupport.parkNanos(LockSupport.java:269)&#10;        at java.base@21.0.8/java.util.concurrent.locks.AbstractQueuedSynchronizer$ConditionObject.awaitNanos(AbstractQueuedSynchronizer.java:1763)&#10;        at java.base@21.0.8/java.util.concurrent.LinkedBlockingQueue.poll(LinkedBlockingQueue.java:460)&#10;        at app//org.apache.hadoop.ipc.CallQueueManager.take(CallQueueManager.java:370)&#10;        at app//org.apache.hadoop.ipc.Server$Handler.run(Server.java:3165)&#10;&quot;SSL Certificates Store Monitor&quot; daemon prio=5 tid=518 in Object.wait()&#10;java.lang.Thread.State: WAITING (on object monitor)&#10;        at java.base@21.0.8/java.lang.Object.wait0(Native Method)&#10;        at java.base@21.0.8/java.lang.Object.wait(Object.java:366)&#10;        at java.base@21.0.8/java.lang.Object.wait(Object.java:339)&#10;        at java.base@21.0.8/java.util.TimerThread.mainLoop(Timer.java:537)&#10;        at java.base@21.0.8/java.util.TimerThread.run(Timer.java:516)&#10;&quot;Socket Reader #7 for port 15021&quot; daemon prio=5 tid=734 runnable&#10;java.lang.Thread.State: RUNNABLE&#10;        at java.base@21.0.8/sun.nio.ch.EPoll.wait(Native Method)&#10;        at java.base@21.0.8/sun.nio.ch.EPollSelectorImpl.doSelect(EPollSelectorImpl.java:121)&#10;        at java.base@21.0.8/sun.nio.ch.SelectorImpl.lockAndDoSelect(SelectorImpl.java:130)&#10;        at java.base@21.0.8/sun.nio.ch.SelectorImpl.select(SelectorImpl.java:147)&#10;        at app//org.apache.hadoop.ipc.Server$Listener$Reader.doRunLoop(Server.java:1497)&#10;        at app//org.apache.hadoop.ipc.Server$Listener$Reader.run(Server.java:1476)&#10;&quot;IPC Server handler 18 on default port 15002&quot; daemon prio=5 tid=139 timed_waiting&#10;java.lang.Thread.State: TIMED_WAITING&#10;        at java.base@21.0.8/jdk.internal.misc.Unsafe.park(Native Method)&#10;        at java.base@21.0.8/java.util.concurrent.locks.LockSupport.parkNanos(LockSupport.java:269)&#10;        at java.base@21.0.8/java.util.concurrent.locks.AbstractQueuedSynchronizer$ConditionObject.awaitNanos(AbstractQueuedSynchronizer.java:1763)&#10;        at java.base@21.0.8/java.util.concurrent.LinkedBlockingQueue.poll(LinkedBlockingQueue.java:460)&#10;        at app//org.apache.hadoop.ipc.CallQueueManager.take(CallQueueManager.java:370)&#10;        at app//org.apache.hadoop.ipc.Server$Handler.run(Server.java:3165)&#10;&quot;IPC Server handler 26 on default port 15004&quot; daemon prio=5 tid=365 timed_waiting&#10;java.lang.Thread.State: TIMED_WAITING&#10;        at java.base@21.0.8/jdk.internal.misc.Unsafe.park(Native Method)&#10;        at java.base@21.0.8/java.util.concurrent.locks.LockSupport.parkNanos(LockSupport.java:269)&#10;        at java.base@21.0.8/java.util.concurrent.locks.AbstractQueuedSynchronizer$ConditionObject.awaitNanos(AbstractQueuedSynchronizer.java:1763)&#10;        at java.base@21.0.8/java.util.concurrent.LinkedBlockingQueue.poll(LinkedBlockingQueue.java:460)&#10;        at app//org.apache.hadoop.ipc.CallQueueManager.take(CallQueueManager.java:370)&#10;        at app//org.apache.hadoop.ipc.Server$Handler.run(Server.java:3165)&#10;&quot;IPC Server handler 14 on default port 15004&quot; daemon prio=5 tid=353 timed_waiting&#10;java.lang.Thread.State: TIMED_WAITING&#10;        at java.base@21.0.8/jdk.internal.misc.Unsafe.park(Native Method)&#10;        at java.base@21.0.8/java.util.concurrent.locks.LockSupport.parkNanos(LockSupport.java:269)&#10;        at java.base@21.0.8/java.util.concurrent.locks.AbstractQueuedSynchronizer$ConditionObject.awaitNanos(AbstractQueuedSynchronizer.java:1763)&#10;        at java.base@21.0.8/java.util.concurrent.LinkedBlockingQueue.poll(LinkedBlockingQueue.java:460)&#10;        at app//org.apache.hadoop.ipc.CallQueueManager.take(CallQueueManager.java:370)&#10;        at app//org.apache.hadoop.ipc.Server$Handler.run(Server.java:3165)&#10;&quot;IPC Server handler 32 on default port 15004&quot; daemon prio=5 tid=371 timed_waiting&#10;java.lang.Thread.State: TIMED_WAITING&#10;        at java.base@21.0.8/jdk.internal.misc.Unsafe.park(Native Method)&#10;        at java.base@21.0.8/java.util.concurrent.locks.LockSupport.parkNanos(LockSupport.java:269)&#10;        at java.base@21.0.8/java.util.concurrent.locks.AbstractQueuedSynchronizer$ConditionObject.awaitNanos(AbstractQueuedSynchronizer.java:1763)&#10;        at java.base@21.0.8/java.util.concurrent.LinkedBlockingQueue.poll(LinkedBlockingQueue.java:460)&#10;        at app//org.apache.hadoop.ipc.CallQueueManager.take(CallQueueManager.java:370)&#10;        at app//org.apache.hadoop.ipc.Server$Handler.run(Server.java:3165)&#10;&quot;42a5f925-1bc2-4f8a-8509-c5ae65e6fcde-PeriodicHDDSVolumeChecker&quot; daemon prio=5 tid=827 timed_waiting&#10;java.lang.Thread.State: TIMED_WAITING&#10;        at java.base@21.0.8/jdk.internal.misc.Unsafe.park(Native Method)&#10;        at java.base@21.0.8/java.util.concurrent.locks.LockSupport.parkNanos(LockSupport.java:269)&#10;        at java.base@21.0.8/java.util.concurrent.locks.AbstractQueuedSynchronizer$ConditionObject.awaitNanos(AbstractQueuedSynchronizer.java:1763)&#10;        at java.base@21.0.8/java.util.concurrent.ScheduledThreadPoolExecutor$DelayedWorkQueue.take(ScheduledThreadPoolExecutor.java:1182)&#10;        at java.base@21.0.8/java.util.concurrent.ScheduledThreadPoolExecutor$DelayedWorkQueue.take(ScheduledThreadPoolExecutor.java:899)&#10;        at java.base@21.0.8/java.util.concurrent.ThreadPoolExecutor.getTask(ThreadPoolExecutor.java:1070)&#10;        at java.base@21.0.8/java.util.concurrent.ThreadPoolExecutor.runWorker(ThreadPoolExecutor.java:1130)&#10;        at java.base@21.0.8/java.util.concurrent.ThreadPoolExecutor$Worker.run(ThreadPoolExecutor.java:642)&#10;        at java.base@21.0.8/java.lang.Thread.runWith(Thread.java:1596)&#10;        at java.base@21.0.8/java.lang.Thread.run(Thread.java:1583)&#10;&quot;IPC Server handler 82 on default port 15004&quot; daemon prio=5 tid=421 timed_waiting&#10;java.lang.Thread.State: TIMED_WAITING&#10;        at java.base@21.0.8/jdk.internal.misc.Unsafe.park(Native Method)&#10;        at java.base@21.0.8/java.util.concurrent.locks.LockSupport.parkNanos(LockSupport.java:269)&#10;        at java.base@21.0.8/java.util.concurrent.locks.AbstractQueuedSynchronizer$ConditionObject.awaitNanos(AbstractQueuedSynchronizer.java:1763)&#10;        at java.base@21.0.8/java.util.concurrent.LinkedBlockingQueue.poll(LinkedBlockingQueue.java:460)&#10;        at app//org.apache.hadoop.ipc.CallQueueManager.take(CallQueueManager.java:370)&#10;        at app//org.apache.hadoop.ipc.Server$Handler.run(Server.java:3165)&#10;&quot;IPC Server handler 8 on default port 15002&quot; daemon prio=5 tid=129 timed_waiting&#10;java.lang.Thread.State: TIMED_WAITING&#10;        at java.base@21.0.8/jdk.internal.misc.Unsafe.park(Native Method)&#10;        at java.base@21.0.8/java.util.concurrent.locks.LockSupport.parkNanos(LockSupport.java:269)&#10;        at java.base@21.0.8/java.util.concurrent.locks.AbstractQueuedSynchronizer$ConditionObject.awaitNanos(AbstractQueuedSynchronizer.java:1763)&#10;        at java.base@21.0.8/java.util.concurrent.LinkedBlockingQueue.poll(LinkedBlockingQueue.java:460)&#10;        at app//org.apache.hadoop.ipc.CallQueueManager.take(CallQueueManager.java:370)&#10;        at app//org.apache.hadoop.ipc.Server$Handler.run(Server.java:3165)&#10;&quot;bucketTable_FullTableCache-Cleanup-0&quot; daemon prio=5 tid=442 timed_waiting&#10;java.lang.Thread.State: TIMED_WAITING&#10;        at java.base@21.0.8/jdk.internal.misc.Unsafe.park(Native Method)&#10;        at java.base@21.0.8/java.util.concurrent.locks.LockSupport.parkNanos(LockSupport.java:269)&#10;        at java.base@21.0.8/java.util.concurrent.locks.AbstractQueuedSynchronizer$ConditionObject.awaitNanos(AbstractQueuedSynchronizer.java:1763)&#10;        at java.base@21.0.8/java.util.concurrent.ScheduledThreadPoolExecutor$DelayedWorkQueue.take(ScheduledThreadPoolExecutor.java:1182)&#10;        at java.base@21.0.8/java.util.concurrent.ScheduledThreadPoolExecutor$DelayedWorkQueue.take(ScheduledThreadPoolExecutor.java:899)&#10;        at java.base@21.0.8/java.util.concurrent.ThreadPoolExecutor.getTask(ThreadPoolExecutor.java:1070)&#10;        at java.base@21.0.8/java.util.concurrent.ThreadPoolExecutor.runWorker(ThreadPoolExecutor.java:1130)&#10;        at java.base@21.0.8/java.util.concurrent.ThreadPoolExecutor$Worker.run(ThreadPoolExecutor.java:642)&#10;        at java.base@21.0.8/java.lang.Thread.runWith(Thread.java:1596)&#10;        at java.base@21.0.8/java.lang.Thread.run(Thread.java:1583)&#10;&quot;om1-MultipartUploadCleanupService#0&quot; daemon prio=5 tid=481 timed_waiting&#10;java.lang.Thread.State: TIMED_WAITING&#10;        at java.base@21.0.8/jdk.internal.misc.Unsafe.park(Native Method)&#10;        at java.base@21.0.8/java.util.concurrent.locks.LockSupport.parkNanos(LockSupport.java:269)&#10;        at java.base@21.0.8/java.util.concurrent.locks.AbstractQueuedSynchronizer$ConditionObject.awaitNanos(AbstractQueuedSynchronizer.java:1763)&#10;        at java.base@21.0.8/java.util.concurrent.ScheduledThreadPoolExecutor$DelayedWorkQueue.take(ScheduledThreadPoolExecutor.java:1182)&#10;        at java.base@21.0.8/java.util.concurrent.ScheduledThreadPoolExecutor$DelayedWorkQueue.take(ScheduledThreadPoolExecutor.java:899)&#10;        at java.base@21.0.8/java.util.concurrent.ThreadPoolExecutor.getTask(ThreadPoolExecutor.java:1070)&#10;        at java.base@21.0.8/java.util.concurrent.ThreadPoolExecutor.runWorker(ThreadPoolExecutor.java:1130)&#10;        at java.base@21.0.8/java.util.concurrent.ThreadPoolExecutor$Worker.run(ThreadPoolExecutor.java:642)&#10;        at java.base@21.0.8/java.lang.Thread.runWith(Thread.java:1596)&#10;        at java.base@21.0.8/java.lang.Thread.run(Thread.java:1583)&#10;&quot;0ed0910f-4ac9-4f62-be34-d90c51a3e6c9-NettyServerStreamRpc-bossGroup--thread1&quot; daemon prio=5 tid=902 runnable&#10;java.lang.Thread.State: RUNNABLE&#10;        at app//org.apache.ratis.thirdparty.io.netty.channel.epoll.Native.epollWait(Native Method)&#10;        at app//org.apache.ratis.thirdparty.io.netty.channel.epoll.Native.epollWait(Native.java:220)&#10;        at app//org.apache.ratis.thirdparty.io.netty.channel.epoll.Native.epollWait(Native.java:213)&#10;        at app//org.apache.ratis.thirdparty.io.netty.channel.epoll.EpollEventLoop.epollWaitNoTimerChange(EpollEventLoop.java:308)&#10;        at app//org.apache.ratis.thirdparty.io.netty.channel.epoll.EpollEventLoop.run(EpollEventLoop.java:365)&#10;        at app//org.apache.ratis.thirdparty.io.netty.util.concurrent.SingleThreadEventExecutor$4.run(SingleThreadEventExecutor.java:998)&#10;        at app//org.apache.ratis.thirdparty.io.netty.util.internal.ThreadExecutorMap$2.run(ThreadExecutorMap.java:74)&#10;        at java.base@21.0.8/java.lang.Thread.runWith(Thread.java:1596)&#10;        at java.base@21.0.8/java.lang.Thread.run(Thread.java:1583)&#10;&quot;qtp391903823-547&quot; daemon prio=5 tid=547 timed_waiting&#10;java.lang.Thread.State: TIMED_WAITING&#10;        at java.base@21.0.8/jdk.internal.misc.Unsafe.park(Native Method)&#10;        at java.base@21.0.8/java.util.concurrent.locks.LockSupport.parkNanos(LockSupport.java:410)&#10;        at java.base@21.0.8/java.util.concurrent.LinkedTransferQueue$DualNode.await(LinkedTransferQueue.java:452)&#10;        at java.base@21.0.8/java.util.concurrent.SynchronousQueue$Transferer.xferLifo(SynchronousQueue.java:194)&#10;        at java.base@21.0.8/java.util.concurrent.SynchronousQueue.xfer(SynchronousQueue.java:235)&#10;        at java.base@21.0.8/java.util.concurrent.SynchronousQueue.poll(SynchronousQueue.java:338)&#10;        at app//org.eclipse.jetty.util.thread.ReservedThreadExecutor$ReservedThread.reservedWait(ReservedThreadExecutor.java:324)&#10;        at app//org.eclipse.jetty.util.thread.ReservedThreadExecutor$ReservedThread.run(ReservedThreadExecutor.java:399)&#10;        at app//org.eclipse.jetty.util.thread.QueuedThreadPool.runJob(QueuedThreadPool.java:883)&#10;        at app//org.eclipse.jetty.util.thread.QueuedThreadPool$Runner.run(QueuedThreadPool.java:1034)&#10;        at java.base@21.0.8/java.lang.Thread.runWith(Thread.java:1596)&#10;        at java.base@21.0.8/java.lang.Thread.run(Thread.java:1583)&#10;&quot;IPC Server handler 36 on default port 15004&quot; daemon prio=5 tid=375 timed_waiting&#10;java.lang.Thread.State: TIMED_WAITING&#10;        at java.base@21.0.8/jdk.internal.misc.Unsafe.park(Native Method)&#10;        at java.base@21.0.8/java.util.concurrent.locks.LockSupport.parkNanos(LockSupport.java:269)&#10;        at java.base@21.0.8/java.util.concurrent.locks.AbstractQueuedSynchronizer$ConditionObject.awaitNanos(AbstractQueuedSynchronizer.java:1763)&#10;        at java.base@21.0.8/java.util.concurrent.LinkedBlockingQueue.poll(LinkedBlockingQueue.java:460)&#10;        at app//org.apache.hadoop.ipc.CallQueueManager.take(CallQueueManager.java:370)&#10;        at app//org.apache.hadoop.ipc.Server$Handler.run(Server.java:3165)&#10;&quot;IPC Server handler 17 on default port 15008&quot; daemon prio=5 tid=509 timed_waiting&#10;java.lang.Thread.State: TIMED_WAITING&#10;        at java.base@21.0.8/jdk.internal.misc.Unsafe.park(Native Method)&#10;        at java.base@21.0.8/java.util.concurrent.locks.LockSupport.parkNanos(LockSupport.java:269)&#10;        at java.base@21.0.8/java.util.concurrent.locks.AbstractQueuedSynchronizer$ConditionObject.awaitNanos(AbstractQueuedSynchronizer.java:1763)&#10;        at java.base@21.0.8/java.util.concurrent.LinkedBlockingQueue.poll(LinkedBlockingQueue.java:460)&#10;        at app//org.apache.hadoop.ipc.CallQueueManager.take(CallQueueManager.java:370)&#10;        at app//org.apache.hadoop.ipc.Server$Handler.run(Server.java:3165)&#10;&quot;SSL Certificates Store Monitor&quot; daemon prio=5 tid=1376 in Object.wait()&#10;java.lang.Thread.State: WAITING (on object monitor)&#10;        at java.base@21.0.8/java.lang.Object.wait0(Native Method)&#10;        at java.base@21.0.8/java.lang.Object.wait(Object.java:366)&#10;        at java.base@21.0.8/java.lang.Object.wait(Object.java:339)&#10;        at java.base@21.0.8/java.util.TimerThread.mainLoop(Timer.java:537)&#10;        at java.base@21.0.8/java.util.TimerThread.run(Timer.java:516)&#10;&quot;IPC Server handler 0 on default port 15037&quot; daemon prio=5 tid=883 timed_waiting&#10;java.lang.Thread.State: TIMED_WAITING&#10;        at java.base@21.0.8/jdk.internal.misc.Unsafe.park(Native Method)&#10;        at java.base@21.0.8/java.util.concurrent.locks.LockSupport.parkNanos(LockSupport.java:269)&#10;        at java.base@21.0.8/java.util.concurrent.locks.AbstractQueuedSynchronizer$ConditionObject.awaitNanos(AbstractQueuedSynchronizer.java:1763)&#10;        at java.base@21.0.8/java.util.concurrent.LinkedBlockingQueue.poll(LinkedBlockingQueue.java:460)&#10;        at app//org.apache.hadoop.ipc.CallQueueManager.take(CallQueueManager.java:370)&#10;        at app//org.apache.hadoop.ipc.Server$Handler.run(Server.java:3165)&#10;&quot;IPC Server handler 2 on default port 15001&quot; daemon prio=5 tid=560 timed_waiting&#10;java.lang.Thread.State: TIMED_WAITING&#10;        at java.base@21.0.8/jdk.internal.misc.Unsafe.park(Native Method)&#10;        at java.base@21.0.8/java.util.concurrent.locks.LockSupport.parkNanos(LockSupport.java:269)&#10;        at java.base@21.0.8/java.util.concurrent.locks.AbstractQueuedSynchronizer$ConditionObject.awaitNanos(AbstractQueuedSynchronizer.java:1763)&#10;        at java.base@21.0.8/java.util.concurrent.LinkedBlockingQueue.poll(LinkedBlockingQueue.java:460)&#10;        at app//org.apache.hadoop.ipc.CallQueueManager.take(CallQueueManager.java:370)&#10;        at app//org.apache.hadoop.ipc.Server$Handler.run(Server.java:3165)&#10;&quot;IPC Server handler 4 on default port 15004&quot; daemon prio=5 tid=343 timed_waiting&#10;java.lang.Thread.State: TIMED_WAITING&#10;        at java.base@21.0.8/jdk.internal.misc.Unsafe.park(Native Method)&#10;        at java.base@21.0.8/java.util.concurrent.locks.LockSupport.parkNanos(LockSupport.java:269)&#10;        at java.base@21.0.8/java.util.concurrent.locks.AbstractQueuedSynchronizer$ConditionObject.awaitNanos(AbstractQueuedSynchronizer.java:1763)&#10;        at java.base@21.0.8/java.util.concurrent.LinkedBlockingQueue.poll(LinkedBlockingQueue.java:460)&#10;        at app//org.apache.hadoop.ipc.CallQueueManager.take(CallQueueManager.java:370)&#10;        at app//org.apache.hadoop.ipc.Server$Handler.run(Server.java:3165)&#10;&quot;346684e1-b57f-4c29-9507-935dad45bd68-BlockDeletingService#1&quot; daemon prio=5 tid=1001 timed_waiting&#10;java.lang.Thread.State: TIMED_WAITING&#10;        at java.base@21.0.8/jdk.internal.misc.Unsafe.park(Native Method)&#10;        at java.base@21.0.8/java.util.concurrent.locks.LockSupport.parkNanos(LockSupport.java:269)&#10;        at java.base@21.0.8/java.util.concurrent.locks.AbstractQueuedSynchronizer$ConditionObject.awaitNanos(AbstractQueuedSynchronizer.java:1763)&#10;        at java.base@21.0.8/java.util.concurrent.ScheduledThreadPoolExecutor$DelayedWorkQueue.take(ScheduledThreadPoolExecutor.java:1182)&#10;        at java.base@21.0.8/java.util.concurrent.ScheduledThreadPoolExecutor$DelayedWorkQueue.take(ScheduledThreadPoolExecutor.java:899)&#10;        at java.base@21.0.8/java.util.concurrent.ThreadPoolExecutor.getTask(ThreadPoolExecutor.java:1070)&#10;        at java.base@21.0.8/java.util.concurrent.ThreadPoolExecutor.runWorker(ThreadPoolExecutor.java:1130)&#10;        at java.base@21.0.8/java.util.concurrent.ThreadPoolExecutor$Worker.run(ThreadPoolExecutor.java:642)&#10;        at java.base@21.0.8/java.lang.Thread.runWith(Thread.java:1596)&#10;        at java.base@21.0.8/java.lang.Thread.run(Thread.java:1583)&#10;&quot;IPC Server handler 9 on default port 15013&quot; daemon prio=5 tid=704 timed_waiting&#10;java.lang.Thread.State: TIMED_WAITING&#10;        at java.base@21.0.8/jdk.internal.misc.Unsafe.park(Native Method)&#10;        at java.base@21.0.8/java.util.concurrent.locks.LockSupport.parkNanos(LockSupport.java:269)&#10;        at java.base@21.0.8/java.util.concurrent.locks.AbstractQueuedSynchronizer$ConditionObject.awaitNanos(AbstractQueuedSynchronizer.java:1763)&#10;        at java.base@21.0.8/java.util.concurrent.LinkedBlockingQueue.poll(LinkedBlockingQueue.java:460)&#10;        at app//org.apache.hadoop.ipc.CallQueueManager.take(CallQueueManager.java:370)&#10;        at app//org.apache.hadoop.ipc.Server$Handler.run(Server.java:3165)&#10;&quot;Connector-Scheduler-313f5fe8-1&quot;  prio=5 tid=1152 timed_waiting&#10;java.lang.Thread.State: TIMED_WAITING&#10;        at java.base@21.0.8/jdk.internal.misc.Unsafe.park(Native Method)&#10;        at java.base@21.0.8/java.util.concurrent.locks.LockSupport.parkNanos(LockSupport.java:269)&#10;        at java.base@21.0.8/java.util.concurrent.locks.AbstractQueuedSynchronizer$ConditionObject.awaitNanos(AbstractQueuedSynchronizer.java:1763)&#10;        at java.base@21.0.8/java.util.concurrent.ScheduledThreadPoolExecutor$DelayedWorkQueue.take(ScheduledThreadPoolExecutor.java:1182)&#10;        at java.base@21.0.8/java.util.concurrent.ScheduledThreadPoolExecutor$DelayedWorkQueue.take(ScheduledThreadPoolExecutor.java:899)&#10;        at java.base@21.0.8/java.util.concurrent.ThreadPoolExecutor.getTask(ThreadPoolExecutor.java:1070)&#10;        at java.base@21.0.8/java.util.concurrent.ThreadPoolExecutor.runWorker(ThreadPoolExecutor.java:1130)&#10;        at java.base@21.0.8/java.util.concurrent.ThreadPoolExecutor$Worker.run(ThreadPoolExecutor.java:642)&#10;        at java.base@21.0.8/java.lang.Thread.runWith(Thread.java:1596)&#10;        at java.base@21.0.8/java.lang.Thread.run(Thread.java:1583)&#10;&quot;IPC Server handler 69 on default port 15004&quot; daemon prio=5 tid=408 timed_waiting&#10;java.lang.Thread.State: TIMED_WAITING&#10;        at java.base@21.0.8/jdk.internal.misc.Unsafe.park(Native Method)&#10;        at java.base@21.0.8/java.util.concurrent.locks.LockSupport.parkNanos(LockSupport.java:269)&#10;        at java.base@21.0.8/java.util.concurrent.locks.AbstractQueuedSynchronizer$ConditionObject.awaitNanos(AbstractQueuedSynchronizer.java:1763)&#10;        at java.base@21.0.8/java.util.concurrent.LinkedBlockingQueue.poll(LinkedBlockingQueue.java:460)&#10;        at app//org.apache.hadoop.ipc.CallQueueManager.take(CallQueueManager.java:370)&#10;        at app//org.apache.hadoop.ipc.Server$Handler.run(Server.java:3165)&#10;&quot;IPC Server handler 90 on default port 15002&quot; daemon prio=5 tid=211 timed_waiting&#10;java.lang.Thread.State: TIMED_WAITING&#10;        at java.base@21.0.8/jdk.internal.misc.Unsafe.park(Native Method)&#10;        at java.base@21.0.8/java.util.concurrent.locks.LockSupport.parkNanos(LockSupport.java:269)&#10;        at java.base@21.0.8/java.util.concurrent.locks.AbstractQueuedSynchronizer$ConditionObject.awaitNanos(AbstractQueuedSynchronizer.java:1763)&#10;        at java.base@21.0.8/java.util.concurrent.LinkedBlockingQueue.poll(LinkedBlockingQueue.java:460)&#10;        at app//org.apache.hadoop.ipc.CallQueueManager.take(CallQueueManager.java:370)&#10;        at app//org.apache.hadoop.ipc.Server$Handler.run(Server.java:3165)&#10;&quot;Socket Reader #8 for port 15001&quot; daemon prio=5 tid=528 runnable&#10;java.lang.Thread.State: RUNNABLE&#10;        at java.base@21.0.8/sun.nio.ch.EPoll.wait(Native Method)&#10;        at java.base@21.0.8/sun.nio.ch.EPollSelectorImpl.doSelect(EPollSelectorImpl.java:121)&#10;        at java.base@21.0.8/sun.nio.ch.SelectorImpl.lockAndDoSelect(SelectorImpl.java:130)&#10;        at java.base@21.0.8/sun.nio.ch.SelectorImpl.select(SelectorImpl.java:147)&#10;        at app//org.apache.hadoop.ipc.Server$Listener$Reader.doRunLoop(Server.java:1497)&#10;        at app//org.apache.hadoop.ipc.Server$Listener$Reader.run(Server.java:1476)&#10;&quot;DiskUsage-/home/runner/work/ozone/ozone/hadoop-ozone/integration-test-recon/target/test-dir/MiniOzoneClusterImpl-e405f726-f354-48a5-b90a-334fe627f997/ozone-metadata/datanode-4/data-0-&#10;&quot; daemon prio=5 tid=986 timed_waiting&#10;java.lang.Thread.State: TIMED_WAITING&#10;        at java.base@21.0.8/jdk.internal.misc.Unsafe.park(Native Method)&#10;        at java.base@21.0.8/java.util.concurrent.locks.LockSupport.parkNanos(LockSupport.java:269)&#10;        at java.base@21.0.8/java.util.concurrent.locks.AbstractQueuedSynchronizer$ConditionObject.awaitNanos(AbstractQueuedSynchronizer.java:1763)&#10;        at java.base@21.0.8/java.util.concurrent.ScheduledThreadPoolExecutor$DelayedWorkQueue.take(ScheduledThreadPoolExecutor.java:1182)&#10;        at java.base@21.0.8/java.util.concurrent.ScheduledThreadPoolExecutor$DelayedWorkQueue.take(ScheduledThreadPoolExecutor.java:899)&#10;        at java.base@21.0.8/java.util.concurrent.ThreadPoolExecutor.getTask(ThreadPoolExecutor.java:1070)&#10;        at java.base@21.0.8/java.util.concurrent.ThreadPoolExecutor.runWorker(ThreadPoolExecutor.java:1130)&#10;        at java.base@21.0.8/java.util.concurrent.ThreadPoolExecutor$Worker.run(ThreadPoolExecutor.java:642)&#10;        at java.base@21.0.8/java.lang.Thread.runWith(Thread.java:1596)&#10;        at java.base@21.0.8/java.lang.Thread.run(Thread.java:1583)&#10;&quot;IPC Server handler 10 on default port 15001&quot; daemon prio=5 tid=568 timed_waiting&#10;java.lang.Thread.State: TIMED_WAITING&#10;        at java.base@21.0.8/jdk.internal.misc.Unsafe.park(Native Method)&#10;        at java.base@21.0.8/java.util.concurrent.locks.LockSupport.parkNanos(LockSupport.java:269)&#10;        at java.base@21.0.8/java.util.concurrent.locks.AbstractQueuedSynchronizer$ConditionObject.awaitNanos(AbstractQueuedSynchronizer.java:1763)&#10;        at java.base@21.0.8/java.util.concurrent.LinkedBlockingQueue.poll(LinkedBlockingQueue.java:460)&#10;        at app//org.apache.hadoop.ipc.CallQueueManager.take(CallQueueManager.java:370)&#10;        at app//org.apache.hadoop.ipc.Server$Handler.run(Server.java:3165)&#10;&quot;0ed0910f-4ac9-4f62-be34-d90c51a3e6c9-BlockDeletingService#1&quot; daemon prio=5 tid=1026 in Object.wait()&#10;java.lang.Thread.State: WAITING (on object monitor)&#10;        at java.base@21.0.8/jdk.internal.misc.Unsafe.park(Native Method)&#10;        at java.base@21.0.8/java.util.concurrent.locks.LockSupport.park(LockSupport.java:371)&#10;        at java.base@21.0.8/java.util.concurrent.locks.AbstractQueuedSynchronizer$ConditionNode.block(AbstractQueuedSynchronizer.java:519)&#10;        at java.base@21.0.8/java.util.concurrent.ForkJoinPool.unmanagedBlock(ForkJoinPool.java:3780)&#10;        at java.base@21.0.8/java.util.concurrent.ForkJoinPool.managedBlock(ForkJoinPool.java:3725)&#10;        at java.base@21.0.8/java.util.concurrent.locks.AbstractQueuedSynchronizer$ConditionObject.await(AbstractQueuedSynchronizer.java:1712)&#10;        at java.base@21.0.8/java.util.concurrent.ScheduledThreadPoolExecutor$DelayedWorkQueue.take(ScheduledThreadPoolExecutor.java:1177)&#10;        at java.base@21.0.8/java.util.concurrent.ScheduledThreadPoolExecutor$DelayedWorkQueue.take(ScheduledThreadPoolExecutor.java:899)&#10;        at java.base@21.0.8/java.util.concurrent.ThreadPoolExecutor.getTask(ThreadPoolExecutor.java:1070)&#10;        at java.base@21.0.8/java.util.concurrent.ThreadPoolExecutor.runWorker(ThreadPoolExecutor.java:1130)&#10;        at java.base@21.0.8/java.util.concurrent.ThreadPoolExecutor$Worker.run(ThreadPoolExecutor.java:642)&#10;        at java.base@21.0.8/java.lang.Thread.runWith(Thread.java:1596)&#10;        at java.base@21.0.8/java.lang.Thread.run(Thread.java:1583)&#10;&quot;346684e1-b57f-4c29-9507-935dad45bd68-ReplicationContainerReader-2&quot; daemon prio=5 tid=1326 in Object.wait()&#10;java.lang.Thread.State: WAITING (on object monitor)&#10;        at java.base@21.0.8/jdk.internal.misc.Unsafe.park(Native Method)&#10;        at java.base@21.0.8/java.util.concurrent.locks.LockSupport.park(LockSupport.java:371)&#10;        at java.base@21.0.8/java.util.concurrent.locks.AbstractQueuedSynchronizer$ConditionNode.block(AbstractQueuedSynchronizer.java:519)&#10;        at java.base@21.0.8/java.util.concurrent.ForkJoinPool.unmanagedBlock(ForkJoinPool.java:3780)&#10;        at java.base@21.0.8/java.util.concurrent.ForkJoinPool.managedBlock(ForkJoinPool.java:3725)&#10;        at java.base@21.0.8/java.util.concurrent.locks.AbstractQueuedSynchronizer$ConditionObject.await(AbstractQueuedSynchronizer.java:1712)&#10;        at java.base@21.0.8/java.util.concurrent.LinkedBlockingQueue.take(LinkedBlockingQueue.java:435)&#10;        at java.base@21.0.8/java.util.concurrent.ThreadPoolExecutor.getTask(ThreadPoolExecutor.java:1070)&#10;        at java.base@21.0.8/java.util.concurrent.ThreadPoolExecutor.runWorker(ThreadPoolExecutor.java:1130)&#10;        at java.base@21.0.8/java.util.concurrent.ThreadPoolExecutor$Worker.run(ThreadPoolExecutor.java:642)&#10;        at java.base@21.0.8/java.lang.Thread.runWith(Thread.java:1596)&#10;        at java.base@21.0.8/java.lang.Thread.run(Thread.java:1583)&#10;&quot;IPC Server handler 97 on default port 15001&quot; daemon prio=5 tid=655 timed_waiting&#10;java.lang.Thread.State: TIMED_WAITING&#10;        at java.base@21.0.8/jdk.internal.misc.Unsafe.park(Native Method)&#10;        at java.base@21.0.8/java.util.concurrent.locks.LockSupport.parkNanos(LockSupport.java:269)&#10;        at java.base@21.0.8/java.util.concurrent.locks.AbstractQueuedSynchronizer$ConditionObject.awaitNanos(AbstractQueuedSynchronizer.java:1763)&#10;        at java.base@21.0.8/java.util.concurrent.LinkedBlockingQueue.poll(LinkedBlockingQueue.java:460)&#10;        at app//org.apache.hadoop.ipc.CallQueueManager.take(CallQueueManager.java:370)&#10;        at app//org.apache.hadoop.ipc.Server$Handler.run(Server.java:3165)&#10;&quot;ReconTaskThread-0&quot;  prio=5 tid=1233 in Object.wait()&#10;java.lang.Thread.State: WAITING (on object monitor)&#10;        at java.base@21.0.8/jdk.internal.misc.Unsafe.park(Native Method)&#10;        at java.base@21.0.8/java.util.concurrent.locks.LockSupport.park(LockSupport.java:371)&#10;        at java.base@21.0.8/java.util.concurrent.locks.AbstractQueuedSynchronizer$ConditionNode.block(AbstractQueuedSynchronizer.java:519)&#10;        at java.base@21.0.8/java.util.concurrent.ForkJoinPool.unmanagedBlock(ForkJoinPool.java:3780)&#10;        at java.base@21.0.8/java.util.concurrent.ForkJoinPool.managedBlock(ForkJoinPool.java:3725)&#10;        at java.base@21.0.8/java.util.concurrent.locks.AbstractQueuedSynchronizer$ConditionObject.await(AbstractQueuedSynchronizer.java:1712)&#10;        at java.base@21.0.8/java.util.concurrent.LinkedBlockingQueue.take(LinkedBlockingQueue.java:435)&#10;        at java.base@21.0.8/java.util.concurrent.ThreadPoolExecutor.getTask(ThreadPoolExecutor.java:1070)&#10;        at java.base@21.0.8/java.util.concurrent.ThreadPoolExecutor.runWorker(ThreadPoolExecutor.java:1130)&#10;        at java.base@21.0.8/java.util.concurrent.ThreadPoolExecutor$Worker.run(ThreadPoolExecutor.java:642)&#10;        at java.base@21.0.8/java.lang.Thread.runWith(Thread.java:1596)&#10;        at java.base@21.0.8/java.lang.Thread.run(Thread.java:1583)&#10;&quot;IPC Server handler 8 on default port 15037&quot; daemon prio=5 tid=891 timed_waiting&#10;java.lang.Thread.State: TIMED_WAITING&#10;        at java.base@21.0.8/jdk.internal.misc.Unsafe.park(Native Method)&#10;        at java.base@21.0.8/java.util.concurrent.locks.LockSupport.parkNanos(LockSupport.java:269)&#10;        at java.base@21.0.8/java.util.concurrent.locks.AbstractQueuedSynchronizer$ConditionObject.awaitNanos(AbstractQueuedSynchronizer.java:1763)&#10;        at java.base@21.0.8/java.util.concurrent.LinkedBlockingQueue.poll(LinkedBlockingQueue.java:460)&#10;        at app//org.apache.hadoop.ipc.CallQueueManager.take(CallQueueManager.java:370)&#10;        at app//org.apache.hadoop.ipc.Server$Handler.run(Server.java:3165)&#10;&quot;Socket Reader #2 for port 15013&quot; daemon prio=5 tid=683 runnable&#10;java.lang.Thread.State: RUNNABLE&#10;        at java.base@21.0.8/sun.nio.ch.EPoll.wait(Native Method)&#10;        at java.base@21.0.8/sun.nio.ch.EPollSelectorImpl.doSelect(EPollSelectorImpl.java:121)&#10;        at java.base@21.0.8/sun.nio.ch.SelectorImpl.lockAndDoSelect(SelectorImpl.java:130)&#10;        at java.base@21.0.8/sun.nio.ch.SelectorImpl.select(SelectorImpl.java:147)&#10;        at app//org.apache.hadoop.ipc.Server$Listener$Reader.doRunLoop(Server.java:1497)&#10;        at app//org.apache.hadoop.ipc.Server$Listener$Reader.run(Server.java:1476)&#10;&quot;Socket Reader #8 for port 15004&quot; daemon prio=5 tid=70 runnable&#10;java.lang.Thread.State: RUNNABLE&#10;        at java.base@21.0.8/sun.nio.ch.EPoll.wait(Native Method)&#10;        at java.base@21.0.8/sun.nio.ch.EPollSelectorImpl.doSelect(EPollSelectorImpl.java:121)&#10;        at java.base@21.0.8/sun.nio.ch.SelectorImpl.lockAndDoSelect(SelectorImpl.java:130)&#10;        at java.base@21.0.8/sun.nio.ch.SelectorImpl.select(SelectorImpl.java:147)&#10;        at app//org.apache.hadoop.ipc.Server$Listener$Reader.doRunLoop(Server.java:1497)&#10;        at app//org.apache.hadoop.ipc.Server$Listener$Reader.run(Server.java:1476)&#10;&quot;IPC Server handler 83 on default port 15003&quot; daemon prio=5 tid=304 timed_waiting&#10;java.lang.Thread.State: TIMED_WAITING&#10;        at java.base@21.0.8/jdk.internal.misc.Unsafe.park(Native Method)&#10;        at java.base@21.0.8/java.util.concurrent.locks.LockSupport.parkNanos(LockSupport.java:269)&#10;        at java.base@21.0.8/java.util.concurrent.locks.AbstractQueuedSynchronizer$ConditionObject.awaitNanos(AbstractQueuedSynchronizer.java:1763)&#10;        at java.base@21.0.8/java.util.concurrent.LinkedBlockingQueue.poll(LinkedBlockingQueue.java:460)&#10;        at app//org.apache.hadoop.ipc.CallQueueManager.take(CallQueueManager.java:370)&#10;        at app//org.apache.hadoop.ipc.Server$Handler.run(Server.java:3165)&#10;&quot;IPC Server handler 79 on default port 15001&quot; daemon prio=5 tid=637 timed_waiting&#10;java.lang.Thread.State: TIMED_WAITING&#10;        at java.base@21.0.8/jdk.internal.misc.Unsafe.park(Native Method)&#10;        at java.base@21.0.8/java.util.concurrent.locks.LockSupport.parkNanos(LockSupport.java:269)&#10;        at java.base@21.0.8/java.util.concurrent.locks.AbstractQueuedSynchronizer$ConditionObject.awaitNanos(AbstractQueuedSynchronizer.java:1763)&#10;        at java.base@21.0.8/java.util.concurrent.LinkedBlockingQueue.poll(LinkedBlockingQueue.java:460)&#10;        at app//org.apache.hadoop.ipc.CallQueueManager.take(CallQueueManager.java:370)&#10;        at app//org.apache.hadoop.ipc.Server$Handler.run(Server.java:3165)&#10;&quot;Socket Reader #1 for port 15002&quot; daemon prio=5 tid=91 runnable&#10;java.lang.Thread.State: RUNNABLE&#10;        at java.base@21.0.8/sun.nio.ch.EPoll.wait(Native Method)&#10;        at java.base@21.0.8/sun.nio.ch.EPollSelectorImpl.doSelect(EPollSelectorImpl.java:121)&#10;        at java.base@21.0.8/sun.nio.ch.SelectorImpl.lockAndDoSelect(SelectorImpl.java:130)&#10;        at java.base@21.0.8/sun.nio.ch.SelectorImpl.select(SelectorImpl.java:147)&#10;        at app//org.apache.hadoop.ipc.Server$Listener$Reader.doRunLoop(Server.java:1497)&#10;        at app//org.apache.hadoop.ipc.Server$Listener$Reader.run(Server.java:1476)&#10;&quot;Keep-Alive-Timer&quot; daemon prio=8 tid=1157 timed_waiting&#10;java.lang.Thread.State: TIMED_WAITING&#10;        at java.base@21.0.8/java.lang.Thread.sleep0(Native Method)&#10;        at java.base@21.0.8/java.lang.Thread.sleep(Thread.java:509)&#10;        at java.base@21.0.8/sun.net.www.http.KeepAliveCache.run(KeepAliveCache.java:238)&#10;        at java.base@21.0.8/java.lang.Thread.runWith(Thread.java:1596)&#10;        at java.base@21.0.8/java.lang.Thread.run(Thread.java:1583)&#10;        at java.base@21.0.8/jdk.internal.misc.InnocuousThread.run(InnocuousThread.java:186)&#10;&quot;qtp1553533936-486&quot; daemon prio=5 tid=486 timed_waiting&#10;java.lang.Thread.State: TIMED_WAITING&#10;        at java.base@21.0.8/jdk.internal.misc.Unsafe.park(Native Method)&#10;        at java.base@21.0.8/java.util.concurrent.locks.LockSupport.parkNanos(LockSupport.java:269)&#10;        at java.base@21.0.8/java.util.concurrent.locks.AbstractQueuedSynchronizer$ConditionObject.awaitNanos(AbstractQueuedSynchronizer.java:1763)&#10;        at app//org.eclipse.jetty.util.BlockingArrayQueue.poll(BlockingArrayQueue.java:382)&#10;        at app//org.eclipse.jetty.util.thread.QueuedThreadPool$Runner.idleJobPoll(QueuedThreadPool.java:974)&#10;        at app//org.eclipse.jetty.util.thread.QueuedThreadPool$Runner.run(QueuedThreadPool.java:1018)&#10;        at java.base@21.0.8/java.lang.Thread.runWith(Thread.java:1596)&#10;        at java.base@21.0.8/java.lang.Thread.run(Thread.java:1583)&#10;&quot;IPC Server handler 58 on default port 15001&quot; daemon prio=5 tid=616 timed_waiting&#10;java.lang.Thread.State: TIMED_WAITING&#10;        at java.base@21.0.8/jdk.internal.misc.Unsafe.park(Native Method)&#10;        at java.base@21.0.8/java.util.concurrent.locks.LockSupport.parkNanos(LockSupport.java:269)&#10;        at java.base@21.0.8/java.util.concurrent.locks.AbstractQueuedSynchronizer$ConditionObject.awaitNanos(AbstractQueuedSynchronizer.java:1763)&#10;        at java.base@21.0.8/java.util.concurrent.LinkedBlockingQueue.poll(LinkedBlockingQueue.java:460)&#10;        at app//org.apache.hadoop.ipc.CallQueueManager.take(CallQueueManager.java:370)&#10;        at app//org.apache.hadoop.ipc.Server$Handler.run(Server.java:3165)&#10;&quot;IPC Server handler 15 on default port 15004&quot; daemon prio=5 tid=354 timed_waiting&#10;java.lang.Thread.State: TIMED_WAITING&#10;        at java.base@21.0.8/jdk.internal.misc.Unsafe.park(Native Method)&#10;        at java.base@21.0.8/java.util.concurrent.locks.LockSupport.parkNanos(LockSupport.java:269)&#10;        at java.base@21.0.8/java.util.concurrent.locks.AbstractQueuedSynchronizer$ConditionObject.awaitNanos(AbstractQueuedSynchronizer.java:1763)&#10;        at java.base@21.0.8/java.util.concurrent.LinkedBlockingQueue.poll(LinkedBlockingQueue.java:460)&#10;        at app//org.apache.hadoop.ipc.CallQueueManager.take(CallQueueManager.java:370)&#10;        at app//org.apache.hadoop.ipc.Server$Handler.run(Server.java:3165)&#10;&quot;IPC Server Responder&quot; daemon prio=5 tid=461 runnable&#10;java.lang.Thread.State: RUNNABLE&#10;        at java.base@21.0.8/sun.nio.ch.EPoll.wait(Native Method)&#10;        at java.base@21.0.8/sun.nio.ch.EPollSelectorImpl.doSelect(EPollSelectorImpl.java:121)&#10;        at java.base@21.0.8/sun.nio.ch.SelectorImpl.lockAndDoSelect(SelectorImpl.java:130)&#10;        at java.base@21.0.8/sun.nio.ch.SelectorImpl.select(SelectorImpl.java:142)&#10;        at app//org.apache.hadoop.ipc.Server$Responder.doRunLoop(Server.java:1733)&#10;        at app//org.apache.hadoop.ipc.Server$Responder.run(Server.java:1716)&#10;&quot;Socket Reader #7 for port 15001&quot; daemon prio=5 tid=527 runnable&#10;java.lang.Thread.State: RUNNABLE&#10;        at java.base@21.0.8/sun.nio.ch.EPoll.wait(Native Method)&#10;        at java.base@21.0.8/sun.nio.ch.EPollSelectorImpl.doSelect(EPollSelectorImpl.java:121)&#10;        at java.base@21.0.8/sun.nio.ch.SelectorImpl.lockAndDoSelect(SelectorImpl.java:130)&#10;        at java.base@21.0.8/sun.nio.ch.SelectorImpl.select(SelectorImpl.java:147)&#10;        at app//org.apache.hadoop.ipc.Server$Listener$Reader.doRunLoop(Server.java:1497)&#10;        at app//org.apache.hadoop.ipc.Server$Listener$Reader.run(Server.java:1476)&#10;&quot;IPC Server handler 25 on default port 15001&quot; daemon prio=5 tid=583 timed_waiting&#10;java.lang.Thread.State: TIMED_WAITING&#10;        at java.base@21.0.8/jdk.internal.misc.Unsafe.park(Native Method)&#10;        at java.base@21.0.8/java.util.concurrent.locks.LockSupport.parkNanos(LockSupport.java:269)&#10;        at java.base@21.0.8/java.util.concurrent.locks.AbstractQueuedSynchronizer$ConditionObject.awaitNanos(AbstractQueuedSynchronizer.java:1763)&#10;        at java.base@21.0.8/java.util.concurrent.LinkedBlockingQueue.poll(LinkedBlockingQueue.java:460)&#10;        at app//org.apache.hadoop.ipc.CallQueueManager.take(CallQueueManager.java:370)&#10;        at app//org.apache.hadoop.ipc.Server$Handler.run(Server.java:3165)&#10;&quot;IPC Server handler 0 on default port 15003&quot; daemon prio=5 tid=221 timed_waiting&#10;java.lang.Thread.State: TIMED_WAITING&#10;        at java.base@21.0.8/jdk.internal.misc.Unsafe.park(Native Method)&#10;        at java.base@21.0.8/java.util.concurrent.locks.LockSupport.parkNanos(LockSupport.java:269)&#10;        at java.base@21.0.8/java.util.concurrent.locks.AbstractQueuedSynchronizer$ConditionObject.awaitNanos(AbstractQueuedSynchronizer.java:1763)&#10;        at java.base@21.0.8/java.util.concurrent.LinkedBlockingQueue.poll(LinkedBlockingQueue.java:460)&#10;        at app//org.apache.hadoop.ipc.CallQueueManager.take(CallQueueManager.java:370)&#10;        at app//org.apache.hadoop.ipc.Server$Handler.run(Server.java:3165)&#10;&quot;IPC Server handler 24 on default port 15004&quot; daemon prio=5 tid=363 timed_waiting&#10;java.lang.Thread.State: TIMED_WAITING&#10;        at java.base@21.0.8/jdk.internal.misc.Unsafe.park(Native Method)&#10;        at java.base@21.0.8/java.util.concurrent.locks.LockSupport.parkNanos(LockSupport.java:269)&#10;        at java.base@21.0.8/java.util.concurrent.locks.AbstractQueuedSynchronizer$ConditionObject.awaitNanos(AbstractQueuedSynchronizer.java:1763)&#10;        at java.base@21.0.8/java.util.concurrent.LinkedBlockingQueue.poll(LinkedBlockingQueue.java:460)&#10;        at app//org.apache.hadoop.ipc.CallQueueManager.take(CallQueueManager.java:370)&#10;        at app//org.apache.hadoop.ipc.Server$Handler.run(Server.java:3165)&#10;&quot;IPC Server idle connection scanner for port 15004&quot; daemon prio=5 tid=73 timed_waiting&#10;java.lang.Thread.State: TIMED_WAITING&#10;        at java.base@21.0.8/java.lang.Object.wait0(Native Method)&#10;        at java.base@21.0.8/java.lang.Object.wait(Object.java:366)&#10;        at java.base@21.0.8/java.util.TimerThread.mainLoop(Timer.java:563)&#10;        at java.base@21.0.8/java.util.TimerThread.run(Timer.java:516)&#10;&quot;IPC Server handler 48 on default port 15004&quot; daemon prio=5 tid=387 timed_waiting&#10;java.lang.Thread.State: TIMED_WAITING&#10;        at java.base@21.0.8/jdk.internal.misc.Unsafe.park(Native Method)&#10;        at java.base@21.0.8/java.util.concurrent.locks.LockSupport.parkNanos(LockSupport.java:269)&#10;        at java.base@21.0.8/java.util.concurrent.locks.AbstractQueuedSynchronizer$ConditionObject.awaitNanos(AbstractQueuedSynchronizer.java:1763)&#10;        at java.base@21.0.8/java.util.concurrent.LinkedBlockingQueue.poll(LinkedBlockingQueue.java:460)&#10;        at app//org.apache.hadoop.ipc.CallQueueManager.take(CallQueueManager.java:370)&#10;        at app//org.apache.hadoop.ipc.Server$Handler.run(Server.java:3165)&#10;&quot;grpc-shared-destroyer-0&quot; daemon prio=5 tid=49 in Object.wait()&#10;java.lang.Thread.State: WAITING (on object monitor)&#10;        at java.base@21.0.8/jdk.internal.misc.Unsafe.park(Native Method)&#10;        at java.base@21.0.8/java.util.concurrent.locks.LockSupport.park(LockSupport.java:371)&#10;        at java.base@21.0.8/java.util.concurrent.locks.AbstractQueuedSynchronizer$ConditionNode.block(AbstractQueuedSynchronizer.java:519)&#10;        at java.base@21.0.8/java.util.concurrent.ForkJoinPool.unmanagedBlock(ForkJoinPool.java:3780)&#10;        at java.base@21.0.8/java.util.concurrent.ForkJoinPool.managedBlock(ForkJoinPool.java:3725)&#10;        at java.base@21.0.8/java.util.concurrent.locks.AbstractQueuedSynchronizer$ConditionObject.await(AbstractQueuedSynchronizer.java:1712)&#10;        at java.base@21.0.8/java.util.concurrent.ScheduledThreadPoolExecutor$DelayedWorkQueue.take(ScheduledThreadPoolExecutor.java:1170)&#10;        at java.base@21.0.8/java.util.concurrent.ScheduledThreadPoolExecutor$DelayedWorkQueue.take(ScheduledThreadPoolExecutor.java:899)&#10;        at java.base@21.0.8/java.util.concurrent.ThreadPoolExecutor.getTask(ThreadPoolExecutor.java:1070)&#10;        at java.base@21.0.8/java.util.concurrent.ThreadPoolExecutor.runWorker(ThreadPoolExecutor.java:1130)&#10;        at java.base@21.0.8/java.util.concurrent.ThreadPoolExecutor$Worker.run(ThreadPoolExecutor.java:642)&#10;        at java.base@21.0.8/java.lang.Thread.runWith(Thread.java:1596)&#10;        at java.base@21.0.8/java.lang.Thread.run(Thread.java:1583)&#10;&quot;Socket Reader #9 for port 15003&quot; daemon prio=5 tid=85 runnable&#10;java.lang.Thread.State: RUNNABLE&#10;        at java.base@21.0.8/sun.nio.ch.EPoll.wait(Native Method)&#10;        at java.base@21.0.8/sun.nio.ch.EPollSelectorImpl.doSelect(EPollSelectorImpl.java:121)&#10;        at java.base@21.0.8/sun.nio.ch.SelectorImpl.lockAndDoSelect(SelectorImpl.java:130)&#10;        at java.base@21.0.8/sun.nio.ch.SelectorImpl.select(SelectorImpl.java:147)&#10;        at app//org.apache.hadoop.ipc.Server$Listener$Reader.doRunLoop(Server.java:1497)&#10;        at app//org.apache.hadoop.ipc.Server$Listener$Reader.run(Server.java:1476)&#10;&quot;IPC Server handler 20 on default port 15002&quot; daemon prio=5 tid=141 timed_waiting&#10;java.lang.Thread.State: TIMED_WAITING&#10;        at java.base@21.0.8/jdk.internal.misc.Unsafe.park(Native Method)&#10;        at java.base@21.0.8/java.util.concurrent.locks.LockSupport.parkNanos(LockSupport.java:269)&#10;        at java.base@21.0.8/java.util.concurrent.locks.AbstractQueuedSynchronizer$ConditionObject.awaitNanos(AbstractQueuedSynchronizer.java:1763)&#10;        at java.base@21.0.8/java.util.concurrent.LinkedBlockingQueue.poll(LinkedBlockingQueue.java:460)&#10;        at app//org.apache.hadoop.ipc.CallQueueManager.take(CallQueueManager.java:370)&#10;        at app//org.apache.hadoop.ipc.Server$Handler.run(Server.java:3165)&#10;&quot;ForkJoinPool-1-worker-3&quot; daemon prio=5 tid=37 in Object.wait()&#10;java.lang.Thread.State: WAITING (on object monitor)&#10;        at java.base@21.0.8/jdk.internal.misc.Unsafe.park(Native Method)&#10;        at java.base@21.0.8/java.util.concurrent.locks.LockSupport.park(LockSupport.java:371)&#10;        at java.base@21.0.8/java.util.concurrent.ForkJoinPool.awaitWork(ForkJoinPool.java:1893)&#10;        at java.base@21.0.8/java.util.concurrent.ForkJoinPool.runWorker(ForkJoinPool.java:1809)&#10;        at java.base@21.0.8/java.util.concurrent.ForkJoinWorkerThread.run(ForkJoinWorkerThread.java:188)&#10;&quot;om1-OpenKeyCleanupService#0&quot; daemon prio=5 tid=475 timed_waiting&#10;java.lang.Thread.State: TIMED_WAITING&#10;        at java.base@21.0.8/jdk.internal.misc.Unsafe.park(Native Method)&#10;        at java.base@21.0.8/java.util.concurrent.locks.LockSupport.parkNanos(LockSupport.java:269)&#10;        at java.base@21.0.8/java.util.concurrent.locks.AbstractQueuedSynchronizer$ConditionObject.awaitNanos(AbstractQueuedSynchronizer.java:1763)&#10;        at java.base@21.0.8/java.util.concurrent.ScheduledThreadPoolExecutor$DelayedWorkQueue.take(ScheduledThreadPoolExecutor.java:1182)&#10;        at java.base@21.0.8/java.util.concurrent.ScheduledThreadPoolExecutor$DelayedWorkQueue.take(ScheduledThreadPoolExecutor.java:899)&#10;        at java.base@21.0.8/java.util.concurrent.ThreadPoolExecutor.getTask(ThreadPoolExecutor.java:1070)&#10;        at java.base@21.0.8/java.util.concurrent.ThreadPoolExecutor.runWorker(ThreadPoolExecutor.java:1130)&#10;        at java.base@21.0.8/java.util.concurrent.ThreadPoolExecutor$Worker.run(ThreadPoolExecutor.java:642)&#10;        at java.base@21.0.8/java.lang.Thread.runWith(Thread.java:1596)&#10;        at java.base@21.0.8/java.lang.Thread.run(Thread.java:1583)&#10;&quot;SCMHeartbeatProcessor-0&quot; daemon prio=5 tid=519 timed_waiting&#10;java.lang.Thread.State: TIMED_WAITING&#10;        at java.base@21.0.8/jdk.internal.misc.Unsafe.park(Native Method)&#10;        at java.base@21.0.8/java.util.concurrent.locks.LockSupport.parkNanos(LockSupport.java:269)&#10;        at java.base@21.0.8/java.util.concurrent.locks.AbstractQueuedSynchronizer$ConditionObject.awaitNanos(AbstractQueuedSynchronizer.java:1763)&#10;        at java.base@21.0.8/java.util.concurrent.ScheduledThreadPoolExecutor$DelayedWorkQueue.take(ScheduledThreadPoolExecutor.java:1182)&#10;        at java.base@21.0.8/java.util.concurrent.ScheduledThreadPoolExecutor$DelayedWorkQueue.take(ScheduledThreadPoolExecutor.java:899)&#10;        at java.base@21.0.8/java.util.concurrent.ThreadPoolExecutor.getTask(ThreadPoolExecutor.java:1070)&#10;        at java.base@21.0.8/java.util.concurrent.ThreadPoolExecutor.runWorker(ThreadPoolExecutor.java:1130)&#10;        at java.base@21.0.8/java.util.concurrent.ThreadPoolExecutor$Worker.run(ThreadPoolExecutor.java:642)&#10;        at java.base@21.0.8/java.lang.Thread.runWith(Thread.java:1596)&#10;        at java.base@21.0.8/java.lang.Thread.run(Thread.java:1583)&#10;&quot;IPC Server handler 4 on default port 15013&quot; daemon prio=5 tid=699 timed_waiting&#10;java.lang.Thread.State: TIMED_WAITING&#10;        at java.base@21.0.8/jdk.internal.misc.Unsafe.park(Native Method)&#10;        at java.base@21.0.8/java.util.concurrent.locks.LockSupport.parkNanos(LockSupport.java:269)&#10;        at java.base@21.0.8/java.util.concurrent.locks.AbstractQueuedSynchronizer$ConditionObject.awaitNanos(AbstractQueuedSynchronizer.java:1763)&#10;        at java.base@21.0.8/java.util.concurrent.LinkedBlockingQueue.poll(LinkedBlockingQueue.java:460)&#10;        at app//org.apache.hadoop.ipc.CallQueueManager.take(CallQueueManager.java:370)&#10;        at app//org.apache.hadoop.ipc.Server$Handler.run(Server.java:3165)&#10;&quot;Socket Reader #8 for port 15045&quot; daemon prio=5 tid=956 runnable&#10;java.lang.Thread.State: RUNNABLE&#10;        at java.base@21.0.8/sun.nio.ch.EPoll.wait(Native Method)&#10;        at java.base@21.0.8/sun.nio.ch.EPollSelectorImpl.doSelect(EPollSelectorImpl.java:121)&#10;        at java.base@21.0.8/sun.nio.ch.SelectorImpl.lockAndDoSelect(SelectorImpl.java:130)&#10;        at java.base@21.0.8/sun.nio.ch.SelectorImpl.select(SelectorImpl.java:147)&#10;        at app//org.apache.hadoop.ipc.Server$Listener$Reader.doRunLoop(Server.java:1497)&#10;        at app//org.apache.hadoop.ipc.Server$Listener$Reader.run(Server.java:1476)&#10;&quot;qtp505087261-907&quot; daemon prio=5 tid=907 runnable&#10;java.lang.Thread.State: RUNNABLE&#10;        at java.base@21.0.8/sun.nio.ch.EPoll.wait(Native Method)&#10;        at java.base@21.0.8/sun.nio.ch.EPollSelectorImpl.doSelect(EPollSelectorImpl.java:121)&#10;        at java.base@21.0.8/sun.nio.ch.SelectorImpl.lockAndDoSelect(SelectorImpl.java:130)&#10;        at java.base@21.0.8/sun.nio.ch.SelectorImpl.select(SelectorImpl.java:147)&#10;        at app//org.eclipse.jetty.io.ManagedSelector.nioSelect(ManagedSelector.java:183)&#10;        at app//org.eclipse.jetty.io.ManagedSelector.select(ManagedSelector.java:190)&#10;        at app//org.eclipse.jetty.io.ManagedSelector$SelectorProducer.select(ManagedSelector.java:606)&#10;        at app//org.eclipse.jetty.io.ManagedSelector$SelectorProducer.produce(ManagedSelector.java:543)&#10;        at app//org.eclipse.jetty.util.thread.strategy.EatWhatYouKill.produceTask(EatWhatYouKill.java:362)&#10;        at app//org.eclipse.jetty.util.thread.strategy.EatWhatYouKill.doProduce(EatWhatYouKill.java:186)&#10;        at app//org.eclipse.jetty.util.thread.strategy.EatWhatYouKill.tryProduce(EatWhatYouKill.java:173)&#10;        at app//org.eclipse.jetty.util.thread.strategy.EatWhatYouKill.produce(EatWhatYouKill.java:137)&#10;        at app//org.eclipse.jetty.io.ManagedSelector$$Lambda/0x00007f18e86c6408.run(Unknown Source)&#10;        at app//org.eclipse.jetty.util.thread.QueuedThreadPool.runJob(QueuedThreadPool.java:883)&#10;        at app//org.eclipse.jetty.util.thread.QueuedThreadPool$Runner.run(QueuedThreadPool.java:1034)&#10;        at java.base@21.0.8/java.lang.Thread.runWith(Thread.java:1596)&#10;        at java.base@21.0.8/java.lang.Thread.run(Thread.java:1583)&#10;&quot;fileTable_PartialTableCache-Cleanup-0&quot; daemon prio=5 tid=1147 in Object.wait()&#10;java.lang.Thread.State: WAITING (on object monitor)&#10;        at java.base@21.0.8/jdk.internal.misc.Unsafe.park(Native Method)&#10;        at java.base@21.0.8/java.util.concurrent.locks.LockSupport.park(LockSupport.java:371)&#10;        at java.base@21.0.8/java.util.concurrent.locks.AbstractQueuedSynchronizer$ConditionNode.block(AbstractQueuedSynchronizer.java:519)&#10;        at java.base@21.0.8/java.util.concurrent.ForkJoinPool.unmanagedBlock(ForkJoinPool.java:3780)&#10;        at java.base@21.0.8/java.util.concurrent.ForkJoinPool.managedBlock(ForkJoinPool.java:3725)&#10;        at java.base@21.0.8/java.util.concurrent.locks.AbstractQueuedSynchronizer$ConditionObject.await(AbstractQueuedSynchronizer.java:1712)&#10;        at java.base@21.0.8/java.util.concurrent.LinkedBlockingQueue.take(LinkedBlockingQueue.java:435)&#10;        at java.base@21.0.8/java.util.concurrent.ThreadPoolExecutor.getTask(ThreadPoolExecutor.java:1070)&#10;        at java.base@21.0.8/java.util.concurrent.ThreadPoolExecutor.runWorker(ThreadPoolExecutor.java:1130)&#10;        at java.base@21.0.8/java.util.concurrent.ThreadPoolExecutor$Worker.run(ThreadPoolExecutor.java:642)&#10;        at java.base@21.0.8/java.lang.Thread.runWith(Thread.java:1596)&#10;        at java.base@21.0.8/java.lang.Thread.run(Thread.java:1583)&#10;&quot;qtp871701899-720-acceptor-0@327f8d0c-ServerConnector@40704da8{HTTP/1.1, (http/1.1)}{0.0.0.0:15020}&quot; daemon prio=3 tid=720 runnable&#10;java.lang.Thread.State: RUNNABLE&#10;        at java.base@21.0.8/sun.nio.ch.Net.accept(Native Method)&#10;        at java.base@21.0.8/sun.nio.ch.ServerSocketChannelImpl.implAccept(ServerSocketChannelImpl.java:433)&#10;        at java.base@21.0.8/sun.nio.ch.ServerSocketChannelImpl.accept(ServerSocketChannelImpl.java:399)&#10;        at app//org.eclipse.jetty.server.ServerConnector.accept(ServerConnector.java:388)&#10;        at app//org.eclipse.jetty.server.AbstractConnector$Acceptor.run(AbstractConnector.java:704)&#10;        at app//org.eclipse.jetty.util.thread.QueuedThreadPool.runJob(QueuedThreadPool.java:883)&#10;        at app//org.eclipse.jetty.util.thread.QueuedThreadPool$Runner.run(QueuedThreadPool.java:1034)&#10;        at java.base@21.0.8/java.lang.Thread.runWith(Thread.java:1596)&#10;        at java.base@21.0.8/java.lang.Thread.run(Thread.java:1583)&#10;&quot;IPC Server handler 97 on default port 15002&quot; daemon prio=5 tid=218 timed_waiting&#10;java.lang.Thread.State: TIMED_WAITING&#10;        at java.base@21.0.8/jdk.internal.misc.Unsafe.park(Native Method)&#10;        at java.base@21.0.8/java.util.concurrent.locks.LockSupport.parkNanos(LockSupport.java:269)&#10;        at java.base@21.0.8/java.util.concurrent.locks.AbstractQueuedSynchronizer$ConditionObject.awaitNanos(AbstractQueuedSynchronizer.java:1763)&#10;        at java.base@21.0.8/java.util.concurrent.LinkedBlockingQueue.poll(LinkedBlockingQueue.java:460)&#10;        at app//org.apache.hadoop.ipc.CallQueueManager.take(CallQueueManager.java:370)&#10;        at app//org.apache.hadoop.ipc.Server$Handler.run(Server.java:3165)&#10;&quot;IPC Server handler 99 on default port 15002&quot; daemon prio=5 tid=220 timed_waiting&#10;java.lang.Thread.State: TIMED_WAITING&#10;        at java.base@21.0.8/jdk.internal.misc.Unsafe.park(Native Method)&#10;        at java.base@21.0.8/java.util.concurrent.locks.LockSupport.parkNanos(LockSupport.java:269)&#10;        at java.base@21.0.8/java.util.concurrent.locks.AbstractQueuedSynchronizer$ConditionObject.awaitNanos(AbstractQueuedSynchronizer.java:1763)&#10;        at java.base@21.0.8/java.util.concurrent.LinkedBlockingQueue.poll(LinkedBlockingQueue.java:460)&#10;        at app//org.apache.hadoop.ipc.CallQueueManager.take(CallQueueManager.java:370)&#10;        at app//org.apache.hadoop.ipc.Server$Handler.run(Server.java:3165)&#10;&quot;org.apache.hadoop.ozone.container.common.statemachine.commandhandler.DeleteBlocksCommandHandler$DeleteCmdWorker@288a35ae&quot; daemon prio=5 tid=815 timed_waiting&#10;java.lang.Thread.State: TIMED_WAITING&#10;        at java.base@21.0.8/java.lang.Thread.sleep0(Native Method)&#10;        at java.base@21.0.8/java.lang.Thread.sleep(Thread.java:509)&#10;        at app//org.apache.hadoop.ozone.container.common.statemachine.commandhandler.DeleteBlocksCommandHandler$DeleteCmdWorker.run(DeleteBlocksCommandHandler.java:260)&#10;        at java.base@21.0.8/java.lang.Thread.runWith(Thread.java:1596)&#10;        at java.base@21.0.8/java.lang.Thread.run(Thread.java:1583)&#10;&quot;IPC Server handler 71 on default port 15004&quot; daemon prio=5 tid=410 timed_waiting&#10;java.lang.Thread.State: TIMED_WAITING&#10;        at java.base@21.0.8/jdk.internal.misc.Unsafe.park(Native Method)&#10;        at java.base@21.0.8/java.util.concurrent.locks.LockSupport.parkNanos(LockSupport.java:269)&#10;        at java.base@21.0.8/java.util.concurrent.locks.AbstractQueuedSynchronizer$ConditionObject.awaitNanos(AbstractQueuedSynchronizer.java:1763)&#10;        at java.base@21.0.8/java.util.concurrent.LinkedBlockingQueue.poll(LinkedBlockingQueue.java:460)&#10;        at app//org.apache.hadoop.ipc.CallQueueManager.take(CallQueueManager.java:370)&#10;        at app//org.apache.hadoop.ipc.Server$Handler.run(Server.java:3165)&#10;&quot;346684e1-b57f-4c29-9507-935dad45bd68-EndpointStateMachineTaskThread-/127.0.0.1:15001-0 &quot;  prio=5 tid=981 in Object.wait()&#10;java.lang.Thread.State: WAITING (on object monitor)&#10;        at java.base@21.0.8/jdk.internal.misc.Unsafe.park(Native Method)&#10;        at java.base@21.0.8/java.util.concurrent.locks.LockSupport.park(LockSupport.java:371)&#10;        at java.base@21.0.8/java.util.concurrent.locks.AbstractQueuedSynchronizer$ConditionNode.block(AbstractQueuedSynchronizer.java:519)&#10;        at java.base@21.0.8/java.util.concurrent.ForkJoinPool.unmanagedBlock(ForkJoinPool.java:3780)&#10;        at java.base@21.0.8/java.util.concurrent.ForkJoinPool.managedBlock(ForkJoinPool.java:3725)&#10;        at java.base@21.0.8/java.util.concurrent.locks.AbstractQueuedSynchronizer$ConditionObject.await(AbstractQueuedSynchronizer.java:1712)&#10;        at java.base@21.0.8/java.util.concurrent.LinkedBlockingQueue.take(LinkedBlockingQueue.java:435)&#10;        at java.base@21.0.8/java.util.concurrent.ThreadPoolExecutor.getTask(ThreadPoolExecutor.java:1070)&#10;        at java.base@21.0.8/java.util.concurrent.ThreadPoolExecutor.runWorker(ThreadPoolExecutor.java:1130)&#10;        at java.base@21.0.8/java.util.concurrent.ThreadPoolExecutor$Worker.run(ThreadPoolExecutor.java:642)&#10;        at java.base@21.0.8/java.lang.Thread.runWith(Thread.java:1596)&#10;        at java.base@21.0.8/java.lang.Thread.run(Thread.java:1583)&#10;&quot;IPC Server Responder&quot; daemon prio=5 tid=88 runnable&#10;java.lang.Thread.State: RUNNABLE&#10;        at java.base@21.0.8/sun.nio.ch.EPoll.wait(Native Method)&#10;        at java.base@21.0.8/sun.nio.ch.EPollSelectorImpl.doSelect(EPollSelectorImpl.java:121)&#10;        at java.base@21.0.8/sun.nio.ch.SelectorImpl.lockAndDoSelect(SelectorImpl.java:130)&#10;        at java.base@21.0.8/sun.nio.ch.SelectorImpl.select(SelectorImpl.java:142)&#10;        at app//org.apache.hadoop.ipc.Server$Responder.doRunLoop(Server.java:1733)&#10;        at app//org.apache.hadoop.ipc.Server$Responder.run(Server.java:1716)&#10;&quot;IPC Server handler 52 on default port 15002&quot; daemon prio=5 tid=173 timed_waiting&#10;java.lang.Thread.State: TIMED_WAITING&#10;        at java.base@21.0.8/jdk.internal.misc.Unsafe.park(Native Method)&#10;        at java.base@21.0.8/java.util.concurrent.locks.LockSupport.parkNanos(LockSupport.java:269)&#10;        at java.base@21.0.8/java.util.concurrent.locks.AbstractQueuedSynchronizer$ConditionObject.awaitNanos(AbstractQueuedSynchronizer.java:1763)&#10;        at java.base@21.0.8/java.util.concurrent.LinkedBlockingQueue.poll(LinkedBlockingQueue.java:460)&#10;        at app//org.apache.hadoop.ipc.CallQueueManager.take(CallQueueManager.java:370)&#10;        at app//org.apache.hadoop.ipc.Server$Handler.run(Server.java:3165)&#10;&quot;IPC Server handler 11 on default port 15008&quot; daemon prio=5 tid=503 timed_waiting&#10;java.lang.Thread.State: TIMED_WAITING&#10;        at java.base@21.0.8/jdk.internal.misc.Unsafe.park(Native Method)&#10;        at java.base@21.0.8/java.util.concurrent.locks.LockSupport.parkNanos(LockSupport.java:269)&#10;        at java.base@21.0.8/java.util.concurrent.locks.AbstractQueuedSynchronizer$ConditionObject.awaitNanos(AbstractQueuedSynchronizer.java:1763)&#10;        at java.base@21.0.8/java.util.concurrent.LinkedBlockingQueue.poll(LinkedBlockingQueue.java:460)&#10;        at app//org.apache.hadoop.ipc.CallQueueManager.take(CallQueueManager.java:370)&#10;        at app//org.apache.hadoop.ipc.Server$Handler.run(Server.java:3165)&#10;&quot;Common-Cleaner&quot; daemon prio=8 tid=17 timed_waiting&#10;java.lang.Thread.State: TIMED_WAITING&#10;        at java.base@21.0.8/jdk.internal.misc.Unsafe.park(Native Method)&#10;        at java.base@21.0.8/java.util.concurrent.locks.LockSupport.parkNanos(LockSupport.java:269)&#10;        at java.base@21.0.8/java.util.concurrent.locks.AbstractQueuedSynchronizer$ConditionObject.await(AbstractQueuedSynchronizer.java:1852)&#10;        at java.base@21.0.8/java.lang.ref.ReferenceQueue.await(ReferenceQueue.java:71)&#10;        at java.base@21.0.8/java.lang.ref.ReferenceQueue.remove0(ReferenceQueue.java:143)&#10;        at java.base@21.0.8/java.lang.ref.ReferenceQueue.remove(ReferenceQueue.java:218)&#10;        at java.base@21.0.8/jdk.internal.ref.CleanerImpl.run(CleanerImpl.java:140)&#10;        at java.base@21.0.8/java.lang.Thread.runWith(Thread.java:1596)&#10;        at java.base@21.0.8/java.lang.Thread.run(Thread.java:1583)&#10;        at java.base@21.0.8/jdk.internal.misc.InnocuousThread.run(InnocuousThread.java:186)&#10;&quot;IPC Server handler 3 on default port 15037&quot; daemon prio=5 tid=886 timed_waiting&#10;java.lang.Thread.State: TIMED_WAITING&#10;        at java.base@21.0.8/jdk.internal.misc.Unsafe.park(Native Method)&#10;        at java.base@21.0.8/java.util.concurrent.locks.LockSupport.parkNanos(LockSupport.java:269)&#10;        at java.base@21.0.8/java.util.concurrent.locks.AbstractQueuedSynchronizer$ConditionObject.awaitNanos(AbstractQueuedSynchronizer.java:1763)&#10;        at java.base@21.0.8/java.util.concurrent.LinkedBlockingQueue.poll(LinkedBlockingQueue.java:460)&#10;        at app//org.apache.hadoop.ipc.CallQueueManager.take(CallQueueManager.java:370)&#10;        at app//org.apache.hadoop.ipc.Server$Handler.run(Server.java:3165)&#10;&quot;Socket Reader #5 for port 15021&quot; daemon prio=5 tid=732 runnable&#10;java.lang.Thread.State: RUNNABLE&#10;        at java.base@21.0.8/sun.nio.ch.EPoll.wait(Native Method)&#10;        at java.base@21.0.8/sun.nio.ch.EPollSelectorImpl.doSelect(EPollSelectorImpl.java:121)&#10;        at java.base@21.0.8/sun.nio.ch.SelectorImpl.lockAndDoSelect(SelectorImpl.java:130)&#10;        at java.base@21.0.8/sun.nio.ch.SelectorImpl.select(SelectorImpl.java:147)&#10;        at app//org.apache.hadoop.ipc.Server$Listener$Reader.doRunLoop(Server.java:1497)&#10;        at app//org.apache.hadoop.ipc.Server$Listener$Reader.run(Server.java:1476)&#10;&quot;ContainerDataScanner(/home/runner/work/ozone/ozone/hadoop-ozone/integration-test-recon/target/test-dir/MiniOzoneClusterImpl-e405f726-f354-48a5-b90a-334fe627f997/ozone-metadata/datanode-5/data-0/hdds)&quot; daemon prio=5 tid=1016 timed_waiting&#10;java.lang.Thread.State: TIMED_WAITING&#10;        at java.base@21.0.8/java.lang.Thread.sleep0(Native Method)&#10;        at java.base@21.0.8/java.lang.Thread.sleep(Thread.java:509)&#10;        at app//org.apache.hadoop.ozone.container.ozoneimpl.AbstractBackgroundContainerScanner.handleRemainingSleep(AbstractBackgroundContainerScanner.java:133)&#10;        at app//org.apache.hadoop.ozone.container.ozoneimpl.AbstractBackgroundContainerScanner.runIteration(AbstractBackgroundContainerScanner.java:100)&#10;        at app//org.apache.hadoop.ozone.container.ozoneimpl.AbstractBackgroundContainerScanner.run(AbstractBackgroundContainerScanner.java:59)&#10;        at java.base@21.0.8/java.lang.Thread.runWith(Thread.java:1596)&#10;        at java.base@21.0.8/java.lang.Thread.run(Thread.java:1583)&#10;&quot;SSL Certificates Store Monitor&quot; daemon prio=5 tid=1372 in Object.wait()&#10;java.lang.Thread.State: WAITING (on object monitor)&#10;        at java.base@21.0.8/java.lang.Object.wait0(Native Method)&#10;        at java.base@21.0.8/java.lang.Object.wait(Object.java:366)&#10;        at java.base@21.0.8/java.lang.Object.wait(Object.java:339)&#10;        at java.base@21.0.8/java.util.TimerThread.mainLoop(Timer.java:537)&#10;        at java.base@21.0.8/java.util.TimerThread.run(Timer.java:516)&#10;&quot;346684e1-b57f-4c29-9507-935dad45bd68-ChunkWriter-0-0&quot; daemon prio=5 tid=993 in Object.wait()&#10;java.lang.Thread.State: WAITING (on object monitor)&#10;        at java.base@21.0.8/jdk.internal.misc.Unsafe.park(Native Method)&#10;        at java.base@21.0.8/java.util.concurrent.locks.LockSupport.park(LockSupport.java:371)&#10;        at java.base@21.0.8/java.util.concurrent.locks.AbstractQueuedSynchronizer$ConditionNode.block(AbstractQueuedSynchronizer.java:519)&#10;        at java.base@21.0.8/java.util.concurrent.ForkJoinPool.unmanagedBlock(ForkJoinPool.java:3780)&#10;        at java.base@21.0.8/java.util.concurrent.ForkJoinPool.managedBlock(ForkJoinPool.java:3725)&#10;        at java.base@21.0.8/java.util.concurrent.locks.AbstractQueuedSynchronizer$ConditionObject.await(AbstractQueuedSynchronizer.java:1712)&#10;        at java.base@21.0.8/java.util.concurrent.LinkedBlockingDeque.takeFirst(LinkedBlockingDeque.java:485)&#10;        at java.base@21.0.8/java.util.concurrent.LinkedBlockingDeque.take(LinkedBlockingDeque.java:673)&#10;        at java.base@21.0.8/java.util.concurrent.ThreadPoolExecutor.getTask(ThreadPoolExecutor.java:1070)&#10;        at java.base@21.0.8/java.util.concurrent.ThreadPoolExecutor.runWorker(ThreadPoolExecutor.java:1130)&#10;        at java.base@21.0.8/java.util.concurrent.ThreadPoolExecutor$Worker.run(ThreadPoolExecutor.java:642)&#10;        at java.base@21.0.8/java.lang.Thread.runWith(Thread.java:1596)&#10;        at java.base@21.0.8/java.lang.Thread.run(Thread.java:1583)&#10;&quot;IPC Server handler 31 on default port 15003&quot; daemon prio=5 tid=252 timed_waiting&#10;java.lang.Thread.State: TIMED_WAITING&#10;        at java.base@21.0.8/jdk.internal.misc.Unsafe.park(Native Method)&#10;        at java.base@21.0.8/java.util.concurrent.locks.LockSupport.parkNanos(LockSupport.java:269)&#10;        at java.base@21.0.8/java.util.concurrent.locks.AbstractQueuedSynchronizer$ConditionObject.awaitNanos(AbstractQueuedSynchronizer.java:1763)&#10;        at java.base@21.0.8/java.util.concurrent.LinkedBlockingQueue.poll(LinkedBlockingQueue.java:460)&#10;        at app//org.apache.hadoop.ipc.CallQueueManager.take(CallQueueManager.java:370)&#10;        at app//org.apache.hadoop.ipc.Server$Handler.run(Server.java:3165)&#10;&quot;d5ad88c2-6e7a-4660-bab6-a4e8807a575e-EndpointStateMachineTaskThread-/0.0.0.0:15004-0 &quot;  prio=5 tid=847 in Object.wait()&#10;java.lang.Thread.State: WAITING (on object monitor)&#10;        at java.base@21.0.8/jdk.internal.misc.Unsafe.park(Native Method)&#10;        at java.base@21.0.8/java.util.concurrent.locks.LockSupport.park(LockSupport.java:371)&#10;        at java.base@21.0.8/java.util.concurrent.locks.AbstractQueuedSynchronizer$ConditionNode.block(AbstractQueuedSynchronizer.java:519)&#10;        at java.base@21.0.8/java.util.concurrent.ForkJoinPool.unmanagedBlock(ForkJoinPool.java:3780)&#10;        at java.base@21.0.8/java.util.concurrent.ForkJoinPool.managedBlock(ForkJoinPool.java:3725)&#10;        at java.base@21.0.8/java.util.concurrent.locks.AbstractQueuedSynchronizer$ConditionObject.await(AbstractQueuedSynchronizer.java:1712)&#10;        at java.base@21.0.8/java.util.concurrent.LinkedBlockingQueue.take(LinkedBlockingQueue.java:435)&#10;        at java.base@21.0.8/java.util.concurrent.ThreadPoolExecutor.getTask(ThreadPoolExecutor.java:1070)&#10;        at java.base@21.0.8/java.util.concurrent.ThreadPoolExecutor.runWorker(ThreadPoolExecutor.java:1130)&#10;        at java.base@21.0.8/java.util.concurrent.ThreadPoolExecutor$Worker.run(ThreadPoolExecutor.java:642)&#10;        at java.base@21.0.8/java.lang.Thread.runWith(Thread.java:1596)&#10;        at java.base@21.0.8/java.lang.Thread.run(Thread.java:1583)&#10;&quot;IPC Server handler 74 on default port 15003&quot; daemon prio=5 tid=295 timed_waiting&#10;java.lang.Thread.State: TIMED_WAITING&#10;        at java.base@21.0.8/jdk.internal.misc.Unsafe.park(Native Method)&#10;        at java.base@21.0.8/java.util.concurrent.locks.LockSupport.parkNanos(LockSupport.java:269)&#10;        at java.base@21.0.8/java.util.concurrent.locks.AbstractQueuedSynchronizer$ConditionObject.awaitNanos(AbstractQueuedSynchronizer.java:1763)&#10;        at java.base@21.0.8/java.util.concurrent.LinkedBlockingQueue.poll(LinkedBlockingQueue.java:460)&#10;        at app//org.apache.hadoop.ipc.CallQueueManager.take(CallQueueManager.java:370)&#10;        at app//org.apache.hadoop.ipc.Server$Handler.run(Server.java:3165)&#10;&quot;IPC Server handler 23 on default port 15001&quot; daemon prio=5 tid=581 timed_waiting&#10;java.lang.Thread.State: TIMED_WAITING&#10;        at java.base@21.0.8/jdk.internal.misc.Unsafe.park(Native Method)&#10;        at java.base@21.0.8/java.util.concurrent.locks.LockSupport.parkNanos(LockSupport.java:269)&#10;        at java.base@21.0.8/java.util.concurrent.locks.AbstractQueuedSynchronizer$ConditionObject.awaitNanos(AbstractQueuedSynchronizer.java:1763)&#10;        at java.base@21.0.8/java.util.concurrent.LinkedBlockingQueue.poll(LinkedBlockingQueue.java:460)&#10;        at app//org.apache.hadoop.ipc.CallQueueManager.take(CallQueueManager.java:370)&#10;        at app//org.apache.hadoop.ipc.Server$Handler.run(Server.java:3165)&#10;&quot;IPC Server handler 49 on default port 15004&quot; daemon prio=5 tid=388 timed_waiting&#10;java.lang.Thread.State: TIMED_WAITING&#10;        at java.base@21.0.8/jdk.internal.misc.Unsafe.park(Native Method)&#10;        at java.base@21.0.8/java.util.concurrent.locks.LockSupport.parkNanos(LockSupport.java:269)&#10;        at java.base@21.0.8/java.util.concurrent.locks.AbstractQueuedSynchronizer$ConditionObject.awaitNanos(AbstractQueuedSynchronizer.java:1763)&#10;        at java.base@21.0.8/java.util.concurrent.LinkedBlockingQueue.poll(LinkedBlockingQueue.java:460)&#10;        at app//org.apache.hadoop.ipc.CallQueueManager.take(CallQueueManager.java:370)&#10;        at app//org.apache.hadoop.ipc.Server$Handler.run(Server.java:3165)&#10;&quot;IPC Server handler 40 on default port 15001&quot; daemon prio=5 tid=598 timed_waiting&#10;java.lang.Thread.State: TIMED_WAITING&#10;        at java.base@21.0.8/jdk.internal.misc.Unsafe.park(Native Method)&#10;        at java.base@21.0.8/java.util.concurrent.locks.LockSupport.parkNanos(LockSupport.java:269)&#10;        at java.base@21.0.8/java.util.concurrent.locks.AbstractQueuedSynchronizer$ConditionObject.awaitNanos(AbstractQueuedSynchronizer.java:1763)&#10;        at java.base@21.0.8/java.util.concurrent.LinkedBlockingQueue.poll(LinkedBlockingQueue.java:460)&#10;        at app//org.apache.hadoop.ipc.CallQueueManager.take(CallQueueManager.java:370)&#10;        at app//org.apache.hadoop.ipc.Server$Handler.run(Server.java:3165)&#10;&quot;d5ad88c2-6e7a-4660-bab6-a4e8807a575e-ChunkReader-ELG-0&quot; daemon prio=5 tid=864 runnable&#10;java.lang.Thread.State: RUNNABLE&#10;        at app//org.apache.ratis.thirdparty.io.netty.channel.epoll.Native.epollWait(Native Method)&#10;        at app//org.apache.ratis.thirdparty.io.netty.channel.epoll.Native.epollWait(Native.java:220)&#10;        at app//org.apache.ratis.thirdparty.io.netty.channel.epoll.Native.epollWait(Native.java:213)&#10;        at app//org.apache.ratis.thirdparty.io.netty.channel.epoll.EpollEventLoop.epollWaitNoTimerChange(EpollEventLoop.java:308)&#10;        at app//org.apache.ratis.thirdparty.io.netty.channel.epoll.EpollEventLoop.run(EpollEventLoop.java:365)&#10;        at app//org.apache.ratis.thirdparty.io.netty.util.concurrent.SingleThreadEventExecutor$4.run(SingleThreadEventExecutor.java:998)&#10;        at app//org.apache.ratis.thirdparty.io.netty.util.internal.ThreadExecutorMap$2.run(ThreadExecutorMap.java:74)&#10;        at java.base@21.0.8/java.lang.Thread.runWith(Thread.java:1596)&#10;        at java.base@21.0.8/java.lang.Thread.run(Thread.java:1583)&#10;&quot;IPC Server handler 49 on default port 15003&quot; daemon prio=5 tid=270 timed_waiting&#10;java.lang.Thread.State: TIMED_WAITING&#10;        at java.base@21.0.8/jdk.internal.misc.Unsafe.park(Native Method)&#10;        at java.base@21.0.8/java.util.concurrent.locks.LockSupport.parkNanos(LockSupport.java:269)&#10;        at java.base@21.0.8/java.util.concurrent.locks.AbstractQueuedSynchronizer$ConditionObject.awaitNanos(AbstractQueuedSynchronizer.java:1763)&#10;        at java.base@21.0.8/java.util.concurrent.LinkedBlockingQueue.poll(LinkedBlockingQueue.java:460)&#10;        at app//org.apache.hadoop.ipc.CallQueueManager.take(CallQueueManager.java:370)&#10;        at app//org.apache.hadoop.ipc.Server$Handler.run(Server.java:3165)&#10;&quot;IPC Server handler 12 on default port 15008&quot; daemon prio=5 tid=504 timed_waiting&#10;java.lang.Thread.State: TIMED_WAITING&#10;        at java.base@21.0.8/jdk.internal.misc.Unsafe.park(Native Method)&#10;        at java.base@21.0.8/java.util.concurrent.locks.LockSupport.parkNanos(LockSupport.java:269)&#10;        at java.base@21.0.8/java.util.concurrent.locks.AbstractQueuedSynchronizer$ConditionObject.awaitNanos(AbstractQueuedSynchronizer.java:1763)&#10;        at java.base@21.0.8/java.util.concurrent.LinkedBlockingQueue.poll(LinkedBlockingQueue.java:460)&#10;        at app//org.apache.hadoop.ipc.CallQueueManager.take(CallQueueManager.java:370)&#10;        at app//org.apache.hadoop.ipc.Server$Handler.run(Server.java:3165)&#10;&quot;IPC Server handler 59 on default port 15001&quot; daemon prio=5 tid=617 timed_waiting&#10;java.lang.Thread.State: TIMED_WAITING&#10;        at java.base@21.0.8/jdk.internal.misc.Unsafe.park(Native Method)&#10;        at java.base@21.0.8/java.util.concurrent.locks.LockSupport.parkNanos(LockSupport.java:269)&#10;        at java.base@21.0.8/java.util.concurrent.locks.AbstractQueuedSynchronizer$ConditionObject.awaitNanos(AbstractQueuedSynchronizer.java:1763)&#10;        at java.base@21.0.8/java.util.concurrent.LinkedBlockingQueue.poll(LinkedBlockingQueue.java:460)&#10;        at app//org.apache.hadoop.ipc.CallQueueManager.take(CallQueueManager.java:370)&#10;        at app//org.apache.hadoop.ipc.Server$Handler.run(Server.java:3165)&#10;&quot;openFileTable_PartialTableCache-Cleanup-0&quot; daemon prio=5 tid=1133 in Object.wait()&#10;java.lang.Thread.State: WAITING (on object monitor)&#10;        at java.base@21.0.8/jdk.internal.misc.Unsafe.park(Native Method)&#10;        at java.base@21.0.8/java.util.concurrent.locks.LockSupport.park(LockSupport.java:371)&#10;        at java.base@21.0.8/java.util.concurrent.locks.AbstractQueuedSynchronizer$ConditionNode.block(AbstractQueuedSynchronizer.java:519)&#10;        at java.base@21.0.8/java.util.concurrent.ForkJoinPool.unmanagedBlock(ForkJoinPool.java:3780)&#10;        at java.base@21.0.8/java.util.concurrent.ForkJoinPool.managedBlock(ForkJoinPool.java:3725)&#10;        at java.base@21.0.8/java.util.concurrent.locks.AbstractQueuedSynchronizer$ConditionObject.await(AbstractQueuedSynchronizer.java:1712)&#10;        at java.base@21.0.8/java.util.concurrent.LinkedBlockingQueue.take(LinkedBlockingQueue.java:435)&#10;        at java.base@21.0.8/java.util.concurrent.ThreadPoolExecutor.getTask(ThreadPoolExecutor.java:1070)&#10;        at java.base@21.0.8/java.util.concurrent.ThreadPoolExecutor.runWorker(ThreadPoolExecutor.java:1130)&#10;        at java.base@21.0.8/java.util.concurrent.ThreadPoolExecutor$Worker.run(ThreadPoolExecutor.java:642)&#10;        at java.base@21.0.8/java.lang.Thread.runWith(Thread.java:1596)&#10;        at java.base@21.0.8/java.lang.Thread.run(Thread.java:1583)&#10;&quot;IPC Server listener on 15001&quot; daemon prio=5 tid=520 runnable&#10;java.lang.Thread.State: RUNNABLE&#10;        at java.base@21.0.8/sun.nio.ch.EPoll.wait(Native Method)&#10;        at java.base@21.0.8/sun.nio.ch.EPollSelectorImpl.doSelect(EPollSelectorImpl.java:121)&#10;        at java.base@21.0.8/sun.nio.ch.SelectorImpl.lockAndDoSelect(SelectorImpl.java:130)&#10;        at java.base@21.0.8/sun.nio.ch.SelectorImpl.select(SelectorImpl.java:147)&#10;        at app//org.apache.hadoop.ipc.Server$Listener.run(Server.java:1559)&#10;&quot;IPC Server handler 78 on default port 15001&quot; daemon prio=5 tid=636 timed_waiting&#10;java.lang.Thread.State: TIMED_WAITING&#10;        at java.base@21.0.8/jdk.internal.misc.Unsafe.park(Native Method)&#10;        at java.base@21.0.8/java.util.concurrent.locks.LockSupport.parkNanos(LockSupport.java:269)&#10;        at java.base@21.0.8/java.util.concurrent.locks.AbstractQueuedSynchronizer$ConditionObject.awaitNanos(AbstractQueuedSynchronizer.java:1763)&#10;        at java.base@21.0.8/java.util.concurrent.LinkedBlockingQueue.poll(LinkedBlockingQueue.java:460)&#10;        at app//org.apache.hadoop.ipc.CallQueueManager.take(CallQueueManager.java:370)&#10;        at app//org.apache.hadoop.ipc.Server$Handler.run(Server.java:3165)&#10;&quot;IPC Server handler 2 on default port 15004&quot; daemon prio=5 tid=341 timed_waiting&#10;java.lang.Thread.State: TIMED_WAITING&#10;        at java.base@21.0.8/jdk.internal.misc.Unsafe.park(Native Method)&#10;        at java.base@21.0.8/java.util.concurrent.locks.LockSupport.parkNanos(LockSupport.java:269)&#10;        at java.base@21.0.8/java.util.concurrent.locks.AbstractQueuedSynchronizer$ConditionObject.awaitNanos(AbstractQueuedSynchronizer.java:1763)&#10;        at java.base@21.0.8/java.util.concurrent.LinkedBlockingQueue.poll(LinkedBlockingQueue.java:460)&#10;        at app//org.apache.hadoop.ipc.CallQueueManager.take(CallQueueManager.java:370)&#10;        at app//org.apache.hadoop.ipc.Server$Handler.run(Server.java:3165)&#10;&quot;IPC Server handler 46 on default port 15004&quot; daemon prio=5 tid=385 timed_waiting&#10;java.lang.Thread.State: TIMED_WAITING&#10;        at java.base@21.0.8/jdk.internal.misc.Unsafe.park(Native Method)&#10;        at java.base@21.0.8/java.util.concurrent.locks.LockSupport.parkNanos(LockSupport.java:269)&#10;        at java.base@21.0.8/java.util.concurrent.locks.AbstractQueuedSynchronizer$ConditionObject.awaitNanos(AbstractQueuedSynchronizer.java:1763)&#10;        at java.base@21.0.8/java.util.concurrent.LinkedBlockingQueue.poll(LinkedBlockingQueue.java:460)&#10;        at app//org.apache.hadoop.ipc.CallQueueManager.take(CallQueueManager.java:370)&#10;        at app//org.apache.hadoop.ipc.Server$Handler.run(Server.java:3165)&#10;&quot;IPC Server handler 89 on default port 15001&quot; daemon prio=5 tid=647 timed_waiting&#10;java.lang.Thread.State: TIMED_WAITING&#10;        at java.base@21.0.8/jdk.internal.misc.Unsafe.park(Native Method)&#10;        at java.base@21.0.8/java.util.concurrent.locks.LockSupport.parkNanos(LockSupport.java:269)&#10;        at java.base@21.0.8/java.util.concurrent.locks.AbstractQueuedSynchronizer$ConditionObject.awaitNanos(AbstractQueuedSynchronizer.java:1763)&#10;        at java.base@21.0.8/java.util.concurrent.LinkedBlockingQueue.poll(LinkedBlockingQueue.java:460)&#10;        at app//org.apache.hadoop.ipc.CallQueueManager.take(CallQueueManager.java:370)&#10;        at app//org.apache.hadoop.ipc.Server$Handler.run(Server.java:3165)&#10;&quot;IPC Server handler 99 on default port 15003&quot; daemon prio=5 tid=320 timed_waiting&#10;java.lang.Thread.State: TIMED_WAITING&#10;        at java.base@21.0.8/jdk.internal.misc.Unsafe.park(Native Method)&#10;        at java.base@21.0.8/java.util.concurrent.locks.LockSupport.parkNanos(LockSupport.java:269)&#10;        at java.base@21.0.8/java.util.concurrent.locks.AbstractQueuedSynchronizer$ConditionObject.awaitNanos(AbstractQueuedSynchronizer.java:1763)&#10;        at java.base@21.0.8/java.util.concurrent.LinkedBlockingQueue.poll(LinkedBlockingQueue.java:460)&#10;        at app//org.apache.hadoop.ipc.CallQueueManager.take(CallQueueManager.java:370)&#10;        at app//org.apache.hadoop.ipc.Server$Handler.run(Server.java:3165)&#10;&quot;IPC Server handler 5 on default port 15004&quot; daemon prio=5 tid=344 timed_waiting&#10;java.lang.Thread.State: TIMED_WAITING&#10;        at java.base@21.0.8/jdk.internal.misc.Unsafe.park(Native Method)&#10;        at java.base@21.0.8/java.util.concurrent.locks.LockSupport.parkNanos(LockSupport.java:269)&#10;        at java.base@21.0.8/java.util.concurrent.locks.AbstractQueuedSynchronizer$ConditionObject.awaitNanos(AbstractQueuedSynchronizer.java:1763)&#10;        at java.base@21.0.8/java.util.concurrent.LinkedBlockingQueue.poll(LinkedBlockingQueue.java:460)&#10;        at app//org.apache.hadoop.ipc.CallQueueManager.take(CallQueueManager.java:370)&#10;        at app//org.apache.hadoop.ipc.Server$Handler.run(Server.java:3165)&#10;&quot;IPC Server handler 62 on default port 15004&quot; daemon prio=5 tid=401 timed_waiting&#10;java.lang.Thread.State: TIMED_WAITING&#10;        at java.base@21.0.8/jdk.internal.misc.Unsafe.park(Native Method)&#10;        at java.base@21.0.8/java.util.concurrent.locks.LockSupport.parkNanos(LockSupport.java:269)&#10;        at java.base@21.0.8/java.util.concurrent.locks.AbstractQueuedSynchronizer$ConditionObject.awaitNanos(AbstractQueuedSynchronizer.java:1763)&#10;        at java.base@21.0.8/java.util.concurrent.LinkedBlockingQueue.poll(LinkedBlockingQueue.java:460)&#10;        at app//org.apache.hadoop.ipc.CallQueueManager.take(CallQueueManager.java:370)&#10;        at app//org.apache.hadoop.ipc.Server$Handler.run(Server.java:3165)&#10;&quot;IPC Server handler 66 on default port 15002&quot; daemon prio=5 tid=187 timed_waiting&#10;java.lang.Thread.State: TIMED_WAITING&#10;        at java.base@21.0.8/jdk.internal.misc.Unsafe.park(Native Method)&#10;        at java.base@21.0.8/java.util.concurrent.locks.LockSupport.parkNanos(LockSupport.java:269)&#10;        at java.base@21.0.8/java.util.concurrent.locks.AbstractQueuedSynchronizer$ConditionObject.awaitNanos(AbstractQueuedSynchronizer.java:1763)&#10;        at java.base@21.0.8/java.util.concurrent.LinkedBlockingQueue.poll(LinkedBlockingQueue.java:460)&#10;        at app//org.apache.hadoop.ipc.CallQueueManager.take(CallQueueManager.java:370)&#10;        at app//org.apache.hadoop.ipc.Server$Handler.run(Server.java:3165)&#10;&quot;IPC Server handler 80 on default port 15004&quot; daemon prio=5 tid=419 timed_waiting&#10;java.lang.Thread.State: TIMED_WAITING&#10;        at java.base@21.0.8/jdk.internal.misc.Unsafe.park(Native Method)&#10;        at java.base@21.0.8/java.util.concurrent.locks.LockSupport.parkNanos(LockSupport.java:269)&#10;        at java.base@21.0.8/java.util.concurrent.locks.AbstractQueuedSynchronizer$ConditionObject.awaitNanos(AbstractQueuedSynchronizer.java:1763)&#10;        at java.base@21.0.8/java.util.concurrent.LinkedBlockingQueue.poll(LinkedBlockingQueue.java:460)&#10;        at app//org.apache.hadoop.ipc.CallQueueManager.take(CallQueueManager.java:370)&#10;        at app//org.apache.hadoop.ipc.Server$Handler.run(Server.java:3165)&#10;&quot;om1-OMStateMachineApplyTransactionThread - 0&quot; daemon prio=5 tid=1126 in Object.wait()&#10;java.lang.Thread.State: WAITING (on object monitor)&#10;        at java.base@21.0.8/jdk.internal.misc.Unsafe.park(Native Method)&#10;        at java.base@21.0.8/java.util.concurrent.locks.LockSupport.park(LockSupport.java:371)&#10;        at java.base@21.0.8/java.util.concurrent.locks.AbstractQueuedSynchronizer$ConditionNode.block(AbstractQueuedSynchronizer.java:519)&#10;        at java.base@21.0.8/java.util.concurrent.ForkJoinPool.unmanagedBlock(ForkJoinPool.java:3780)&#10;        at java.base@21.0.8/java.util.concurrent.ForkJoinPool.managedBlock(ForkJoinPool.java:3725)&#10;        at java.base@21.0.8/java.util.concurrent.locks.AbstractQueuedSynchronizer$ConditionObject.await(AbstractQueuedSynchronizer.java:1712)&#10;        at java.base@21.0.8/java.util.concurrent.LinkedBlockingQueue.take(LinkedBlockingQueue.java:435)&#10;        at java.base@21.0.8/java.util.concurrent.ThreadPoolExecutor.getTask(ThreadPoolExecutor.java:1070)&#10;        at java.base@21.0.8/java.util.concurrent.ThreadPoolExecutor.runWorker(ThreadPoolExecutor.java:1130)&#10;        at java.base@21.0.8/java.util.concurrent.ThreadPoolExecutor$Worker.run(ThreadPoolExecutor.java:642)&#10;        at java.base@21.0.8/java.lang.Thread.runWith(Thread.java:1596)&#10;        at java.base@21.0.8/java.lang.Thread.run(Thread.java:1583)&#10;&quot;surefire-process-checker&quot; daemon prio=5 tid=26 timed_waiting&#10;java.lang.Thread.State: TIMED_WAITING&#10;        at java.base@21.0.8/jdk.internal.misc.Unsafe.park(Native Method)&#10;        at java.base@21.0.8/java.util.concurrent.locks.LockSupport.parkNanos(LockSupport.java:269)&#10;        at java.base@21.0.8/java.util.concurrent.locks.AbstractQueuedSynchronizer$ConditionObject.awaitNanos(AbstractQueuedSynchronizer.java:1763)&#10;        at java.base@21.0.8/java.util.concurrent.ScheduledThreadPoolExecutor$DelayedWorkQueue.take(ScheduledThreadPoolExecutor.java:1182)&#10;        at java.base@21.0.8/java.util.concurrent.ScheduledThreadPoolExecutor$DelayedWorkQueue.take(ScheduledThreadPoolExecutor.java:899)&#10;        at java.base@21.0.8/java.util.concurrent.ThreadPoolExecutor.getTask(ThreadPoolExecutor.java:1070)&#10;        at java.base@21.0.8/java.util.concurrent.ThreadPoolExecutor.runWorker(ThreadPoolExecutor.java:1130)&#10;        at java.base@21.0.8/java.util.concurrent.ThreadPoolExecutor$Worker.run(ThreadPoolExecutor.java:642)&#10;        at java.base@21.0.8/java.lang.Thread.runWith(Thread.java:1596)&#10;        at java.base@21.0.8/java.lang.Thread.run(Thread.java:1583)&#10;&quot;IPC Server handler 1 on default port 15004&quot; daemon prio=5 tid=340 timed_waiting&#10;java.lang.Thread.State: TIMED_WAITING&#10;        at java.base@21.0.8/jdk.internal.misc.Unsafe.park(Native Method)&#10;        at java.base@21.0.8/java.util.concurrent.locks.LockSupport.parkNanos(LockSupport.java:269)&#10;        at java.base@21.0.8/java.util.concurrent.locks.AbstractQueuedSynchronizer$ConditionObject.awaitNanos(AbstractQueuedSynchronizer.java:1763)&#10;        at java.base@21.0.8/java.util.concurrent.LinkedBlockingQueue.poll(LinkedBlockingQueue.java:460)&#10;        at app//org.apache.hadoop.ipc.CallQueueManager.take(CallQueueManager.java:370)&#10;        at app//org.apache.hadoop.ipc.Server$Handler.run(Server.java:3165)&#10;&quot;ContainerDataScanner(/home/runner/work/ozone/ozone/hadoop-ozone/integration-test-recon/target/test-dir/MiniOzoneClusterImpl-e405f726-f354-48a5-b90a-334fe627f997/ozone-metadata/datanode-4/data-0/hdds)&quot; daemon prio=5 tid=989 timed_waiting&#10;java.lang.Thread.State: TIMED_WAITING&#10;        at java.base@21.0.8/java.lang.Thread.sleep0(Native Method)&#10;        at java.base@21.0.8/java.lang.Thread.sleep(Thread.java:509)&#10;        at app//org.apache.hadoop.ozone.container.ozoneimpl.AbstractBackgroundContainerScanner.handleRemainingSleep(AbstractBackgroundContainerScanner.java:133)&#10;        at app//org.apache.hadoop.ozone.container.ozoneimpl.AbstractBackgroundContainerScanner.runIteration(AbstractBackgroundContainerScanner.java:100)&#10;        at app//org.apache.hadoop.ozone.container.ozoneimpl.AbstractBackgroundContainerScanner.run(AbstractBackgroundContainerScanner.java:59)&#10;        at java.base@21.0.8/java.lang.Thread.runWith(Thread.java:1596)&#10;        at java.base@21.0.8/java.lang.Thread.run(Thread.java:1583)&#10;&quot;qtp391903823-545&quot; daemon prio=5 tid=545 timed_waiting&#10;java.lang.Thread.State: TIMED_WAITING&#10;        at java.base@21.0.8/jdk.internal.misc.Unsafe.park(Native Method)&#10;        at java.base@21.0.8/java.util.concurrent.locks.LockSupport.parkNanos(LockSupport.java:269)&#10;        at java.base@21.0.8/java.util.concurrent.locks.AbstractQueuedSynchronizer$ConditionObject.awaitNanos(AbstractQueuedSynchronizer.java:1763)&#10;        at app//org.eclipse.jetty.util.BlockingArrayQueue.poll(BlockingArrayQueue.java:382)&#10;        at app//org.eclipse.jetty.util.thread.QueuedThreadPool$Runner.idleJobPoll(QueuedThreadPool.java:974)&#10;        at app//org.eclipse.jetty.util.thread.QueuedThreadPool$Runner.run(QueuedThreadPool.java:1018)&#10;        at java.base@21.0.8/java.lang.Thread.runWith(Thread.java:1596)&#10;        at java.base@21.0.8/java.lang.Thread.run(Thread.java:1583)&#10;&quot;EventQueue-DeadNodeForDeadNodeHandler&quot; daemon prio=5 tid=1299 in Object.wait()&#10;java.lang.Thread.State: WAITING (on object monitor)&#10;        at java.base@21.0.8/jdk.internal.misc.Unsafe.park(Native Method)&#10;        at java.base@21.0.8/java.util.concurrent.locks.LockSupport.park(LockSupport.java:371)&#10;        at java.base@21.0.8/java.util.concurrent.locks.AbstractQueuedSynchronizer$ConditionNode.block(AbstractQueuedSynchronizer.java:519)&#10;        at java.base@21.0.8/java.util.concurrent.ForkJoinPool.unmanagedBlock(ForkJoinPool.java:3780)&#10;        at java.base@21.0.8/java.util.concurrent.ForkJoinPool.managedBlock(ForkJoinPool.java:3725)&#10;        at java.base@21.0.8/java.util.concurrent.locks.AbstractQueuedSynchronizer$ConditionObject.await(AbstractQueuedSynchronizer.java:1712)&#10;        at java.base@21.0.8/java.util.concurrent.LinkedBlockingQueue.take(LinkedBlockingQueue.java:435)&#10;        at java.base@21.0.8/java.util.concurrent.ThreadPoolExecutor.getTask(ThreadPoolExecutor.java:1070)&#10;        at java.base@21.0.8/java.util.concurrent.ThreadPoolExecutor.runWorker(ThreadPoolExecutor.java:1130)&#10;        at java.base@21.0.8/java.util.concurrent.ThreadPoolExecutor$Worker.run(ThreadPoolExecutor.java:642)&#10;        at java.base@21.0.8/java.lang.Thread.runWith(Thread.java:1596)&#10;        at java.base@21.0.8/java.lang.Thread.run(Thread.java:1583)&#10;&quot;IPC Server handler 3 on default port 15004&quot; daemon prio=5 tid=342 timed_waiting&#10;java.lang.Thread.State: TIMED_WAITING&#10;        at java.base@21.0.8/jdk.internal.misc.Unsafe.park(Native Method)&#10;        at java.base@21.0.8/java.util.concurrent.locks.LockSupport.parkNanos(LockSupport.java:269)&#10;        at java.base@21.0.8/java.util.concurrent.locks.AbstractQueuedSynchronizer$ConditionObject.awaitNanos(AbstractQueuedSynchronizer.java:1763)&#10;        at java.base@21.0.8/java.util.concurrent.LinkedBlockingQueue.poll(LinkedBlockingQueue.java:460)&#10;        at app//org.apache.hadoop.ipc.CallQueueManager.take(CallQueueManager.java:370)&#10;        at app//org.apache.hadoop.ipc.Server$Handler.run(Server.java:3165)&#10;&quot;IPC Server handler 17 on default port 15001&quot; daemon prio=5 tid=575 timed_waiting&#10;java.lang.Thread.State: TIMED_WAITING&#10;        at java.base@21.0.8/jdk.internal.misc.Unsafe.park(Native Method)&#10;        at java.base@21.0.8/java.util.concurrent.locks.LockSupport.parkNanos(LockSupport.java:269)&#10;        at java.base@21.0.8/java.util.concurrent.locks.AbstractQueuedSynchronizer$ConditionObject.awaitNanos(AbstractQueuedSynchronizer.java:1763)&#10;        at java.base@21.0.8/java.util.concurrent.LinkedBlockingQueue.poll(LinkedBlockingQueue.java:460)&#10;        at app//org.apache.hadoop.ipc.CallQueueManager.take(CallQueueManager.java:370)&#10;        at app//org.apache.hadoop.ipc.Server$Handler.run(Server.java:3165)&#10;&quot;Socket Reader #8 for port 15008&quot; daemon prio=5 tid=457 runnable&#10;java.lang.Thread.State: RUNNABLE&#10;        at java.base@21.0.8/sun.nio.ch.EPoll.wait(Native Method)&#10;        at java.base@21.0.8/sun.nio.ch.EPollSelectorImpl.doSelect(EPollSelectorImpl.java:121)&#10;        at java.base@21.0.8/sun.nio.ch.SelectorImpl.lockAndDoSelect(SelectorImpl.java:130)&#10;        at java.base@21.0.8/sun.nio.ch.SelectorImpl.select(SelectorImpl.java:147)&#10;        at app//org.apache.hadoop.ipc.Server$Listener$Reader.doRunLoop(Server.java:1497)&#10;        at app//org.apache.hadoop.ipc.Server$Listener$Reader.run(Server.java:1476)&#10;&quot;IPC Server handler 70 on default port 15004&quot; daemon prio=5 tid=409 timed_waiting&#10;java.lang.Thread.State: TIMED_WAITING&#10;        at java.base@21.0.8/jdk.internal.misc.Unsafe.park(Native Method)&#10;        at java.base@21.0.8/java.util.concurrent.locks.LockSupport.parkNanos(LockSupport.java:269)&#10;        at java.base@21.0.8/java.util.concurrent.locks.AbstractQueuedSynchronizer$ConditionObject.awaitNanos(AbstractQueuedSynchronizer.java:1763)&#10;        at java.base@21.0.8/java.util.concurrent.LinkedBlockingQueue.poll(LinkedBlockingQueue.java:460)&#10;        at app//org.apache.hadoop.ipc.CallQueueManager.take(CallQueueManager.java:370)&#10;        at app//org.apache.hadoop.ipc.Server$Handler.run(Server.java:3165)&#10;&quot;IPC Server handler 57 on default port 15003&quot; daemon prio=5 tid=278 timed_waiting&#10;java.lang.Thread.State: TIMED_WAITING&#10;        at java.base@21.0.8/jdk.internal.misc.Unsafe.park(Native Method)&#10;        at java.base@21.0.8/java.util.concurrent.locks.LockSupport.parkNanos(LockSupport.java:269)&#10;        at java.base@21.0.8/java.util.concurrent.locks.AbstractQueuedSynchronizer$ConditionObject.awaitNanos(AbstractQueuedSynchronizer.java:1763)&#10;        at java.base@21.0.8/java.util.concurrent.LinkedBlockingQueue.poll(LinkedBlockingQueue.java:460)&#10;        at app//org.apache.hadoop.ipc.CallQueueManager.take(CallQueueManager.java:370)&#10;        at app//org.apache.hadoop.ipc.Server$Handler.run(Server.java:3165)&#10;&quot;IPC Server handler 95 on default port 15001&quot; daemon prio=5 tid=653 timed_waiting&#10;java.lang.Thread.State: TIMED_WAITING&#10;        at java.base@21.0.8/jdk.internal.misc.Unsafe.park(Native Method)&#10;        at java.base@21.0.8/java.util.concurrent.locks.LockSupport.parkNanos(LockSupport.java:269)&#10;        at java.base@21.0.8/java.util.concurrent.locks.AbstractQueuedSynchronizer$ConditionObject.awaitNanos(AbstractQueuedSynchronizer.java:1763)&#10;        at java.base@21.0.8/java.util.concurrent.LinkedBlockingQueue.poll(LinkedBlockingQueue.java:460)&#10;        at app//org.apache.hadoop.ipc.CallQueueManager.take(CallQueueManager.java:370)&#10;        at app//org.apache.hadoop.ipc.Server$Handler.run(Server.java:3165)&#10;&quot;42a5f925-1bc2-4f8a-8509-c5ae65e6fcde-PipelineCommandHandlerThread-0&quot;  prio=5 tid=1031 in Object.wait()&#10;java.lang.Thread.State: WAITING (on object monitor)&#10;        at java.base@21.0.8/jdk.internal.misc.Unsafe.park(Native Method)&#10;        at java.base@21.0.8/java.util.concurrent.locks.LockSupport.park(LockSupport.java:371)&#10;        at java.base@21.0.8/java.util.concurrent.locks.AbstractQueuedSynchronizer$ConditionNode.block(AbstractQueuedSynchronizer.java:519)&#10;        at java.base@21.0.8/java.util.concurrent.ForkJoinPool.unmanagedBlock(ForkJoinPool.java:3780)&#10;        at java.base@21.0.8/java.util.concurrent.ForkJoinPool.managedBlock(ForkJoinPool.java:3725)&#10;        at java.base@21.0.8/java.util.concurrent.locks.AbstractQueuedSynchronizer$ConditionObject.await(AbstractQueuedSynchronizer.java:1712)&#10;        at java.base@21.0.8/java.util.concurrent.LinkedBlockingQueue.take(LinkedBlockingQueue.java:435)&#10;        at java.base@21.0.8/java.util.concurrent.ThreadPoolExecutor.getTask(ThreadPoolExecutor.java:1070)&#10;        at java.base@21.0.8/java.util.concurrent.ThreadPoolExecutor.runWorker(ThreadPoolExecutor.java:1130)&#10;        at java.base@21.0.8/java.util.concurrent.ThreadPoolExecutor$Worker.run(ThreadPoolExecutor.java:642)&#10;        at java.base@21.0.8/java.lang.Thread.runWith(Thread.java:1596)&#10;        at java.base@21.0.8/java.lang.Thread.run(Thread.java:1583)&#10;&quot;IPC Server handler 35 on default port 15002&quot; daemon prio=5 tid=156 timed_waiting&#10;java.lang.Thread.State: TIMED_WAITING&#10;        at java.base@21.0.8/jdk.internal.misc.Unsafe.park(Native Method)&#10;        at java.base@21.0.8/java.util.concurrent.locks.LockSupport.parkNanos(LockSupport.java:269)&#10;        at java.base@21.0.8/java.util.concurrent.locks.AbstractQueuedSynchronizer$ConditionObject.awaitNanos(AbstractQueuedSynchronizer.java:1763)&#10;        at java.base@21.0.8/java.util.concurrent.LinkedBlockingQueue.poll(LinkedBlockingQueue.java:460)&#10;        at app//org.apache.hadoop.ipc.CallQueueManager.take(CallQueueManager.java:370)&#10;        at app//org.apache.hadoop.ipc.Server$Handler.run(Server.java:3165)&#10;&quot;IPC Server handler 41 on default port 15001&quot; daemon prio=5 tid=599 timed_waiting&#10;java.lang.Thread.State: TIMED_WAITING&#10;        at java.base@21.0.8/jdk.internal.misc.Unsafe.park(Native Method)&#10;        at java.base@21.0.8/java.util.concurrent.locks.LockSupport.parkNanos(LockSupport.java:269)&#10;        at java.base@21.0.8/java.util.concurrent.locks.AbstractQueuedSynchronizer$ConditionObject.awaitNanos(AbstractQueuedSynchronizer.java:1763)&#10;        at java.base@21.0.8/java.util.concurrent.LinkedBlockingQueue.poll(LinkedBlockingQueue.java:460)&#10;        at app//org.apache.hadoop.ipc.CallQueueManager.take(CallQueueManager.java:370)&#10;        at app//org.apache.hadoop.ipc.Server$Handler.run(Server.java:3165)&#10;&quot;qtp871701899-719&quot; daemon prio=5 tid=719 runnable&#10;java.lang.Thread.State: RUNNABLE&#10;        at java.base@21.0.8/sun.nio.ch.EPoll.wait(Native Method)&#10;        at java.base@21.0.8/sun.nio.ch.EPollSelectorImpl.doSelect(EPollSelectorImpl.java:121)&#10;        at java.base@21.0.8/sun.nio.ch.SelectorImpl.lockAndDoSelect(SelectorImpl.java:130)&#10;        at java.base@21.0.8/sun.nio.ch.SelectorImpl.select(SelectorImpl.java:147)&#10;        at app//org.eclipse.jetty.io.ManagedSelector.nioSelect(ManagedSelector.java:183)&#10;        at app//org.eclipse.jetty.io.ManagedSelector.select(ManagedSelector.java:190)&#10;        at app//org.eclipse.jetty.io.ManagedSelector$SelectorProducer.select(ManagedSelector.java:606)&#10;        at app//org.eclipse.jetty.io.ManagedSelector$SelectorProducer.produce(ManagedSelector.java:543)&#10;        at app//org.eclipse.jetty.util.thread.strategy.EatWhatYouKill.produceTask(EatWhatYouKill.java:362)&#10;        at app//org.eclipse.jetty.util.thread.strategy.EatWhatYouKill.doProduce(EatWhatYouKill.java:186)&#10;        at app//org.eclipse.jetty.util.thread.strategy.EatWhatYouKill.tryProduce(EatWhatYouKill.java:173)&#10;        at app//org.eclipse.jetty.util.thread.strategy.EatWhatYouKill.produce(EatWhatYouKill.java:137)&#10;        at app//org.eclipse.jetty.io.ManagedSelector$$Lambda/0x00007f18e86c6408.run(Unknown Source)&#10;        at app//org.eclipse.jetty.util.thread.QueuedThreadPool.runJob(QueuedThreadPool.java:883)&#10;        at app//org.eclipse.jetty.util.thread.QueuedThreadPool$Runner.run(QueuedThreadPool.java:1034)&#10;        at java.base@21.0.8/java.lang.Thread.runWith(Thread.java:1596)&#10;        at java.base@21.0.8/java.lang.Thread.run(Thread.java:1583)&#10;&quot;IPC Server handler 42 on default port 15001&quot; daemon prio=5 tid=600 timed_waiting&#10;java.lang.Thread.State: TIMED_WAITING&#10;        at java.base@21.0.8/jdk.internal.misc.Unsafe.park(Native Method)&#10;        at java.base@21.0.8/java.util.concurrent.locks.LockSupport.parkNanos(LockSupport.java:269)&#10;        at java.base@21.0.8/java.util.concurrent.locks.AbstractQueuedSynchronizer$ConditionObject.awaitNanos(AbstractQueuedSynchronizer.java:1763)&#10;        at java.base@21.0.8/java.util.concurrent.LinkedBlockingQueue.poll(LinkedBlockingQueue.java:460)&#10;        at app//org.apache.hadoop.ipc.CallQueueManager.take(CallQueueManager.java:370)&#10;        at app//org.apache.hadoop.ipc.Server$Handler.run(Server.java:3165)&#10;&quot;0ed0910f-4ac9-4f62-be34-d90c51a3e6c9-DatanodeStateMachineTaskThread-1&quot;  prio=5 tid=1006 in Object.wait()&#10;java.lang.Thread.State: WAITING (on object monitor)&#10;        at java.base@21.0.8/jdk.internal.misc.Unsafe.park(Native Method)&#10;        at java.base@21.0.8/java.util.concurrent.locks.LockSupport.park(LockSupport.java:371)&#10;        at java.base@21.0.8/java.util.concurrent.locks.AbstractQueuedSynchronizer$ConditionNode.block(AbstractQueuedSynchronizer.java:519)&#10;        at java.base@21.0.8/java.util.concurrent.ForkJoinPool.unmanagedBlock(ForkJoinPool.java:3780)&#10;        at java.base@21.0.8/java.util.concurrent.ForkJoinPool.managedBlock(ForkJoinPool.java:3725)&#10;        at java.base@21.0.8/java.util.concurrent.locks.AbstractQueuedSynchronizer$ConditionObject.await(AbstractQueuedSynchronizer.java:1712)&#10;        at java.base@21.0.8/java.util.concurrent.LinkedBlockingQueue.take(LinkedBlockingQueue.java:435)&#10;        at java.base@21.0.8/java.util.concurrent.ThreadPoolExecutor.getTask(ThreadPoolExecutor.java:1070)&#10;        at java.base@21.0.8/java.util.concurrent.ThreadPoolExecutor.runWorker(ThreadPoolExecutor.java:1130)&#10;        at java.base@21.0.8/java.util.concurrent.ThreadPoolExecutor$Worker.run(ThreadPoolExecutor.java:642)&#10;        at java.base@21.0.8/java.lang.Thread.runWith(Thread.java:1596)&#10;        at java.base@21.0.8/java.lang.Thread.run(Thread.java:1583)&#10;&quot;IPC Server listener on 15003&quot; daemon prio=5 tid=76 runnable&#10;java.lang.Thread.State: RUNNABLE&#10;        at java.base@21.0.8/sun.nio.ch.EPoll.wait(Native Method)&#10;        at java.base@21.0.8/sun.nio.ch.EPollSelectorImpl.doSelect(EPollSelectorImpl.java:121)&#10;        at java.base@21.0.8/sun.nio.ch.SelectorImpl.lockAndDoSelect(SelectorImpl.java:130)&#10;        at java.base@21.0.8/sun.nio.ch.SelectorImpl.select(SelectorImpl.java:147)&#10;        at app//org.apache.hadoop.ipc.Server$Listener.run(Server.java:1559)&#10;&quot;FixedThreadPoolWithAffinityExecutor-9-0&quot; daemon prio=5 tid=113 timed_waiting&#10;java.lang.Thread.State: TIMED_WAITING&#10;        at java.base@21.0.8/jdk.internal.misc.Unsafe.park(Native Method)&#10;        at java.base@21.0.8/java.util.concurrent.locks.LockSupport.parkNanos(LockSupport.java:269)&#10;        at java.base@21.0.8/java.util.concurrent.locks.AbstractQueuedSynchronizer$ConditionObject.awaitNanos(AbstractQueuedSynchronizer.java:1763)&#10;        at java.base@21.0.8/java.util.concurrent.LinkedBlockingQueue.poll(LinkedBlockingQueue.java:460)&#10;        at app//org.apache.hadoop.hdds.scm.server.ContainerReportQueue.poll(ContainerReportQueue.java:269)&#10;        at app//org.apache.hadoop.hdds.scm.server.ContainerReportQueue.poll(ContainerReportQueue.java:42)&#10;        at app//org.apache.hadoop.hdds.server.events.FixedThreadPoolWithAffinityExecutor$ContainerReportProcessTask.run(FixedThreadPoolWithAffinityExecutor.java:228)&#10;        at java.base@21.0.8/java.util.concurrent.Executors$RunnableAdapter.call(Executors.java:572)&#10;        at java.base@21.0.8/java.util.concurrent.FutureTask.run(FutureTask.java:317)&#10;        at java.base@21.0.8/java.util.concurrent.ThreadPoolExecutor.runWorker(ThreadPoolExecutor.java:1144)&#10;        at java.base@21.0.8/java.util.concurrent.ThreadPoolExecutor$Worker.run(ThreadPoolExecutor.java:642)&#10;        at java.base@21.0.8/java.lang.Thread.runWith(Thread.java:1596)&#10;        at java.base@21.0.8/java.lang.Thread.run(Thread.java:1583)&#10;&quot;JvmPauseMonitor3&quot; daemon prio=5 tid=661 timed_waiting&#10;java.lang.Thread.State: TIMED_WAITING&#10;        at java.base@21.0.8/java.lang.Thread.sleep0(Native Method)&#10;        at java.base@21.0.8/java.lang.Thread.sleep(Thread.java:558)&#10;        at java.base@21.0.8/java.util.concurrent.TimeUnit.sleep(TimeUnit.java:446)&#10;        at app//org.apache.ratis.util.TimeDuration.sleep(TimeDuration.java:353)&#10;        at app//org.apache.ratis.util.TimeDuration.sleep(TimeDuration.java:338)&#10;        at app//org.apache.ratis.util.JvmPauseMonitor.detectPause(JvmPauseMonitor.java:160)&#10;        at app//org.apache.ratis.util.JvmPauseMonitor.run(JvmPauseMonitor.java:149)&#10;        at app//org.apache.ratis.util.JvmPauseMonitor$$Lambda/0x00007f18e83aead8.run(Unknown Source)&#10;        at java.base@21.0.8/java.lang.Thread.runWith(Thread.java:1596)&#10;        at java.base@21.0.8/java.lang.Thread.run(Thread.java:1583)&#10;&quot;IPC Server handler 0 on default port 15001&quot; daemon prio=5 tid=558 timed_waiting&#10;java.lang.Thread.State: TIMED_WAITING&#10;        at java.base@21.0.8/jdk.internal.misc.Unsafe.park(Native Method)&#10;        at java.base@21.0.8/java.util.concurrent.locks.LockSupport.parkNanos(LockSupport.java:269)&#10;        at java.base@21.0.8/java.util.concurrent.locks.AbstractQueuedSynchronizer$ConditionObject.awaitNanos(AbstractQueuedSynchronizer.java:1763)&#10;        at java.base@21.0.8/java.util.concurrent.LinkedBlockingQueue.poll(LinkedBlockingQueue.java:460)&#10;        at app//org.apache.hadoop.ipc.CallQueueManager.take(CallQueueManager.java:370)&#10;        at app//org.apache.hadoop.ipc.Server$Handler.run(Server.java:3165)&#10;&quot;timer7&quot; daemon prio=5 tid=1138 timed_waiting&#10;java.lang.Thread.State: TIMED_WAITING&#10;        at java.base@21.0.8/java.lang.Object.wait0(Native Method)&#10;        at java.base@21.0.8/java.lang.Object.wait(Object.java:366)&#10;        at java.base@21.0.8/java.util.TimerThread.mainLoop(Timer.java:563)&#10;        at java.base@21.0.8/java.util.TimerThread.run(Timer.java:516)&#10;&quot;Session-HouseKeeper-1bb0b09b-1&quot;  prio=5 tid=726 timed_waiting&#10;java.lang.Thread.State: TIMED_WAITING&#10;        at java.base@21.0.8/jdk.internal.misc.Unsafe.park(Native Method)&#10;        at java.base@21.0.8/java.util.concurrent.locks.LockSupport.parkNanos(LockSupport.java:269)&#10;        at java.base@21.0.8/java.util.concurrent.locks.AbstractQueuedSynchronizer$ConditionObject.awaitNanos(AbstractQueuedSynchronizer.java:1763)&#10;        at java.base@21.0.8/java.util.concurrent.ScheduledThreadPoolExecutor$DelayedWorkQueue.take(ScheduledThreadPoolExecutor.java:1182)&#10;        at java.base@21.0.8/java.util.concurrent.ScheduledThreadPoolExecutor$DelayedWorkQueue.take(ScheduledThreadPoolExecutor.java:899)&#10;        at java.base@21.0.8/java.util.concurrent.ThreadPoolExecutor.getTask(ThreadPoolExecutor.java:1070)&#10;        at java.base@21.0.8/java.util.concurrent.ThreadPoolExecutor.runWorker(ThreadPoolExecutor.java:1130)&#10;        at java.base@21.0.8/java.util.concurrent.ThreadPoolExecutor$Worker.run(ThreadPoolExecutor.java:642)&#10;        at java.base@21.0.8/java.lang.Thread.runWith(Thread.java:1596)&#10;        at java.base@21.0.8/java.lang.Thread.run(Thread.java:1583)&#10;&quot;0ed0910f-4ac9-4f62-be34-d90c51a3e6c9-BlockDeletingService#0&quot; daemon prio=5 tid=1025 timed_waiting&#10;java.lang.Thread.State: TIMED_WAITING&#10;        at java.base@21.0.8/jdk.internal.misc.Unsafe.park(Native Method)&#10;        at java.base@21.0.8/java.util.concurrent.locks.LockSupport.parkNanos(LockSupport.java:269)&#10;        at java.base@21.0.8/java.util.concurrent.locks.AbstractQueuedSynchronizer$ConditionObject.awaitNanos(AbstractQueuedSynchronizer.java:1763)&#10;        at java.base@21.0.8/java.util.concurrent.ScheduledThreadPoolExecutor$DelayedWorkQueue.take(ScheduledThreadPoolExecutor.java:1182)&#10;        at java.base@21.0.8/java.util.concurrent.ScheduledThreadPoolExecutor$DelayedWorkQueue.take(ScheduledThreadPoolExecutor.java:899)&#10;        at java.base@21.0.8/java.util.concurrent.ThreadPoolExecutor.getTask(ThreadPoolExecutor.java:1070)&#10;        at java.base@21.0.8/java.util.concurrent.ThreadPoolExecutor.runWorker(ThreadPoolExecutor.java:1130)&#10;        at java.base@21.0.8/java.util.concurrent.ThreadPoolExecutor$Worker.run(ThreadPoolExecutor.java:642)&#10;        at java.base@21.0.8/java.lang.Thread.runWith(Thread.java:1596)&#10;        at java.base@21.0.8/java.lang.Thread.run(Thread.java:1583)&#10;&quot;Timer-1&quot; daemon prio=5 tid=513 in Object.wait()&#10;java.lang.Thread.State: WAITING (on object monitor)&#10;        at java.base@21.0.8/java.lang.Object.wait0(Native Method)&#10;        at java.base@21.0.8/java.lang.Object.wait(Object.java:366)&#10;        at java.base@21.0.8/java.lang.Object.wait(Object.java:339)&#10;        at java.base@21.0.8/java.util.TimerThread.mainLoop(Timer.java:537)&#10;        at java.base@21.0.8/java.util.TimerThread.run(Timer.java:516)&#10;&quot;IPC Parameter Sending Thread for 0.0.0.0/0.0.0.0:15002&quot; daemon prio=5 tid=1243 timed_waiting&#10;java.lang.Thread.State: TIMED_WAITING&#10;        at java.base@21.0.8/jdk.internal.misc.Unsafe.park(Native Method)&#10;        at java.base@21.0.8/java.util.concurrent.locks.LockSupport.parkNanos(LockSupport.java:410)&#10;        at java.base@21.0.8/java.util.concurrent.LinkedTransferQueue$DualNode.await(LinkedTransferQueue.java:452)&#10;        at java.base@21.0.8/java.util.concurrent.LinkedTransferQueue.xfer(LinkedTransferQueue.java:613)&#10;        at java.base@21.0.8/java.util.concurrent.SynchronousQueue.xfer(SynchronousQueue.java:235)&#10;        at java.base@21.0.8/java.util.concurrent.SynchronousQueue.poll(SynchronousQueue.java:338)&#10;        at app//org.apache.hadoop.ipc.Client$Connection$RpcRequestSender.run(Client.java:1121)&#10;        at java.base@21.0.8/java.lang.Thread.runWith(Thread.java:1596)&#10;        at java.base@21.0.8/java.lang.Thread.run(Thread.java:1583)&#10;&quot;Hadoop-Metrics-Updater-0&quot; daemon prio=5 tid=103 timed_waiting&#10;java.lang.Thread.State: TIMED_WAITING&#10;        at java.base@21.0.8/jdk.internal.misc.Unsafe.park(Native Method)&#10;        at java.base@21.0.8/java.util.concurrent.locks.LockSupport.parkNanos(LockSupport.java:269)&#10;        at java.base@21.0.8/java.util.concurrent.locks.AbstractQueuedSynchronizer$ConditionObject.awaitNanos(AbstractQueuedSynchronizer.java:1763)&#10;        at java.base@21.0.8/java.util.concurrent.ScheduledThreadPoolExecutor$DelayedWorkQueue.take(ScheduledThreadPoolExecutor.java:1182)&#10;        at java.base@21.0.8/java.util.concurrent.ScheduledThreadPoolExecutor$DelayedWorkQueue.take(ScheduledThreadPoolExecutor.java:899)&#10;        at java.base@21.0.8/java.util.concurrent.ThreadPoolExecutor.getTask(ThreadPoolExecutor.java:1070)&#10;        at java.base@21.0.8/java.util.concurrent.ThreadPoolExecutor.runWorker(ThreadPoolExecutor.java:1130)&#10;        at java.base@21.0.8/java.util.concurrent.ThreadPoolExecutor$Worker.run(ThreadPoolExecutor.java:642)&#10;        at java.base@21.0.8/java.lang.Thread.runWith(Thread.java:1596)&#10;        at java.base@21.0.8/java.lang.Thread.run(Thread.java:1583)&#10;&quot;IPC Server handler 39 on default port 15004&quot; daemon prio=5 tid=378 timed_waiting&#10;java.lang.Thread.State: TIMED_WAITING&#10;        at java.base@21.0.8/jdk.internal.misc.Unsafe.park(Native Method)&#10;        at java.base@21.0.8/java.util.concurrent.locks.LockSupport.parkNanos(LockSupport.java:269)&#10;        at java.base@21.0.8/java.util.concurrent.locks.AbstractQueuedSynchronizer$ConditionObject.awaitNanos(AbstractQueuedSynchronizer.java:1763)&#10;        at java.base@21.0.8/java.util.concurrent.LinkedBlockingQueue.poll(LinkedBlockingQueue.java:460)&#10;        at app//org.apache.hadoop.ipc.CallQueueManager.take(CallQueueManager.java:370)&#10;        at app//org.apache.hadoop.ipc.Server$Handler.run(Server.java:3165)&#10;&quot;Socket Reader #4 for port 15001&quot; daemon prio=5 tid=524 runnable&#10;java.lang.Thread.State: RUNNABLE&#10;        at java.base@21.0.8/sun.nio.ch.EPoll.wait(Native Method)&#10;        at java.base@21.0.8/sun.nio.ch.EPollSelectorImpl.doSelect(EPollSelectorImpl.java:121)&#10;        at java.base@21.0.8/sun.nio.ch.SelectorImpl.lockAndDoSelect(SelectorImpl.java:130)&#10;        at java.base@21.0.8/sun.nio.ch.SelectorImpl.select(SelectorImpl.java:147)&#10;        at app//org.apache.hadoop.ipc.Server$Listener$Reader.doRunLoop(Server.java:1497)&#10;        at app//org.apache.hadoop.ipc.Server$Listener$Reader.run(Server.java:1476)&#10;&quot;IPC Server handler 6 on default port 15001&quot; daemon prio=5 tid=564 timed_waiting&#10;java.lang.Thread.State: TIMED_WAITING&#10;        at java.base@21.0.8/jdk.internal.misc.Unsafe.park(Native Method)&#10;        at java.base@21.0.8/java.util.concurrent.locks.LockSupport.parkNanos(LockSupport.java:269)&#10;        at java.base@21.0.8/java.util.concurrent.locks.AbstractQueuedSynchronizer$ConditionObject.awaitNanos(AbstractQueuedSynchronizer.java:1763)&#10;        at java.base@21.0.8/java.util.concurrent.LinkedBlockingQueue.poll(LinkedBlockingQueue.java:460)&#10;        at app//org.apache.hadoop.ipc.CallQueueManager.take(CallQueueManager.java:370)&#10;        at app//org.apache.hadoop.ipc.Server$Handler.run(Server.java:3165)&#10;&quot;pool-205-thread-1&quot;  prio=5 tid=816 timed_waiting&#10;java.lang.Thread.State: TIMED_WAITING&#10;        at java.base@21.0.8/jdk.internal.misc.Unsafe.park(Native Method)&#10;        at java.base@21.0.8/java.util.concurrent.locks.LockSupport.parkNanos(LockSupport.java:269)&#10;        at java.base@21.0.8/java.util.concurrent.locks.AbstractQueuedSynchronizer$ConditionObject.awaitNanos(AbstractQueuedSynchronizer.java:1763)&#10;        at java.base@21.0.8/java.util.concurrent.ScheduledThreadPoolExecutor$DelayedWorkQueue.take(ScheduledThreadPoolExecutor.java:1182)&#10;        at java.base@21.0.8/java.util.concurrent.ScheduledThreadPoolExecutor$DelayedWorkQueue.take(ScheduledThreadPoolExecutor.java:899)&#10;        at java.base@21.0.8/java.util.concurrent.ThreadPoolExecutor.getTask(ThreadPoolExecutor.java:1070)&#10;        at java.base@21.0.8/java.util.concurrent.ThreadPoolExecutor.runWorker(ThreadPoolExecutor.java:1130)&#10;        at java.base@21.0.8/java.util.concurrent.ThreadPoolExecutor$Worker.run(ThreadPoolExecutor.java:642)&#10;        at java.base@21.0.8/java.lang.Thread.runWith(Thread.java:1596)&#10;        at java.base@21.0.8/java.lang.Thread.run(Thread.java:1583)&#10;&quot;Socket Reader #6 for port 15002&quot; daemon prio=5 tid=96 runnable&#10;java.lang.Thread.State: RUNNABLE&#10;        at java.base@21.0.8/sun.nio.ch.EPoll.wait(Native Method)&#10;        at java.base@21.0.8/sun.nio.ch.EPollSelectorImpl.doSelect(EPollSelectorImpl.java:121)&#10;        at java.base@21.0.8/sun.nio.ch.SelectorImpl.lockAndDoSelect(SelectorImpl.java:130)&#10;        at java.base@21.0.8/sun.nio.ch.SelectorImpl.select(SelectorImpl.java:147)&#10;        at app//org.apache.hadoop.ipc.Server$Listener$Reader.doRunLoop(Server.java:1497)&#10;        at app//org.apache.hadoop.ipc.Server$Listener$Reader.run(Server.java:1476)&#10;&quot;Socket Reader #3 for port 15008&quot; daemon prio=5 tid=452 runnable&#10;java.lang.Thread.State: RUNNABLE&#10;        at java.base@21.0.8/sun.nio.ch.EPoll.wait(Native Method)&#10;        at java.base@21.0.8/sun.nio.ch.EPollSelectorImpl.doSelect(EPollSelectorImpl.java:121)&#10;        at java.base@21.0.8/sun.nio.ch.SelectorImpl.lockAndDoSelect(SelectorImpl.java:130)&#10;        at java.base@21.0.8/sun.nio.ch.SelectorImpl.select(SelectorImpl.java:147)&#10;        at app//org.apache.hadoop.ipc.Server$Listener$Reader.doRunLoop(Server.java:1497)&#10;        at app//org.apache.hadoop.ipc.Server$Listener$Reader.run(Server.java:1476)&#10;&quot;IPC Server handler 18 on default port 15008&quot; daemon prio=5 tid=510 timed_waiting&#10;java.lang.Thread.State: TIMED_WAITING&#10;        at java.base@21.0.8/jdk.internal.misc.Unsafe.park(Native Method)&#10;        at java.base@21.0.8/java.util.concurrent.locks.LockSupport.parkNanos(LockSupport.java:269)&#10;        at java.base@21.0.8/java.util.concurrent.locks.AbstractQueuedSynchronizer$ConditionObject.awaitNanos(AbstractQueuedSynchronizer.java:1763)&#10;        at java.base@21.0.8/java.util.concurrent.LinkedBlockingQueue.poll(LinkedBlockingQueue.java:460)&#10;        at app//org.apache.hadoop.ipc.CallQueueManager.take(CallQueueManager.java:370)&#10;        at app//org.apache.hadoop.ipc.Server$Handler.run(Server.java:3165)&#10;&quot;IPC Server Responder&quot; daemon prio=5 tid=881 runnable&#10;java.lang.Thread.State: RUNNABLE&#10;        at java.base@21.0.8/sun.nio.ch.EPoll.wait(Native Method)&#10;        at java.base@21.0.8/sun.nio.ch.EPollSelectorImpl.doSelect(EPollSelectorImpl.java:121)&#10;        at java.base@21.0.8/sun.nio.ch.SelectorImpl.lockAndDoSelect(SelectorImpl.java:130)&#10;        at java.base@21.0.8/sun.nio.ch.SelectorImpl.select(SelectorImpl.java:142)&#10;        at app//org.apache.hadoop.ipc.Server$Responder.doRunLoop(Server.java:1733)&#10;        at app//org.apache.hadoop.ipc.Server$Responder.run(Server.java:1716)&#10;&quot;IPC Server handler 28 on default port 15001&quot; daemon prio=5 tid=586 timed_waiting&#10;java.lang.Thread.State: TIMED_WAITING&#10;        at java.base@21.0.8/jdk.internal.misc.Unsafe.park(Native Method)&#10;        at java.base@21.0.8/java.util.concurrent.locks.LockSupport.parkNanos(LockSupport.java:269)&#10;        at java.base@21.0.8/java.util.concurrent.locks.AbstractQueuedSynchronizer$ConditionObject.awaitNanos(AbstractQueuedSynchronizer.java:1763)&#10;        at java.base@21.0.8/java.util.concurrent.LinkedBlockingQueue.poll(LinkedBlockingQueue.java:460)&#10;        at app//org.apache.hadoop.ipc.CallQueueManager.take(CallQueueManager.java:370)&#10;        at app//org.apache.hadoop.ipc.Server$Handler.run(Server.java:3165)&#10;&quot;StaleRecoveringContainerScrubbingService#0&quot; daemon prio=5 tid=868 timed_waiting&#10;java.lang.Thread.State: TIMED_WAITING&#10;        at java.base@21.0.8/jdk.internal.misc.Unsafe.park(Native Method)&#10;        at java.base@21.0.8/java.util.concurrent.locks.LockSupport.parkNanos(LockSupport.java:269)&#10;        at java.base@21.0.8/java.util.concurrent.locks.AbstractQueuedSynchronizer$ConditionObject.awaitNanos(AbstractQueuedSynchronizer.java:1763)&#10;        at java.base@21.0.8/java.util.concurrent.ScheduledThreadPoolExecutor$DelayedWorkQueue.take(ScheduledThreadPoolExecutor.java:1182)&#10;        at java.base@21.0.8/java.util.concurrent.ScheduledThreadPoolExecutor$DelayedWorkQueue.take(ScheduledThreadPoolExecutor.java:899)&#10;        at java.base@21.0.8/java.util.concurrent.ThreadPoolExecutor.getTask(ThreadPoolExecutor.java:1070)&#10;        at java.base@21.0.8/java.util.concurrent.ThreadPoolExecutor.runWorker(ThreadPoolExecutor.java:1130)&#10;        at java.base@21.0.8/java.util.concurrent.ThreadPoolExecutor$Worker.run(ThreadPoolExecutor.java:642)&#10;        at java.base@21.0.8/java.lang.Thread.runWith(Thread.java:1596)&#10;        at java.base@21.0.8/java.lang.Thread.run(Thread.java:1583)&#10;&quot;IPC Server handler 20 on default port 15001&quot; daemon prio=5 tid=578 timed_waiting&#10;java.lang.Thread.State: TIMED_WAITING&#10;        at java.base@21.0.8/jdk.internal.misc.Unsafe.park(Native Method)&#10;        at java.base@21.0.8/java.util.concurrent.locks.LockSupport.parkNanos(LockSupport.java:269)&#10;        at java.base@21.0.8/java.util.concurrent.locks.AbstractQueuedSynchronizer$ConditionObject.awaitNanos(AbstractQueuedSynchronizer.java:1763)&#10;        at java.base@21.0.8/java.util.concurrent.LinkedBlockingQueue.poll(LinkedBlockingQueue.java:460)&#10;        at app//org.apache.hadoop.ipc.CallQueueManager.take(CallQueueManager.java:370)&#10;        at app//org.apache.hadoop.ipc.Server$Handler.run(Server.java:3165)&#10;&quot;Session-HouseKeeper-7b95f3e2-1&quot;  prio=5 tid=552 timed_waiting&#10;java.lang.Thread.State: TIMED_WAITING&#10;        at java.base@21.0.8/jdk.internal.misc.Unsafe.park(Native Method)&#10;        at java.base@21.0.8/java.util.concurrent.locks.LockSupport.parkNanos(LockSupport.java:269)&#10;        at java.base@21.0.8/java.util.concurrent.locks.AbstractQueuedSynchronizer$ConditionObject.awaitNanos(AbstractQueuedSynchronizer.java:1763)&#10;        at java.base@21.0.8/java.util.concurrent.ScheduledThreadPoolExecutor$DelayedWorkQueue.take(ScheduledThreadPoolExecutor.java:1182)&#10;        at java.base@21.0.8/java.util.concurrent.ScheduledThreadPoolExecutor$DelayedWorkQueue.take(ScheduledThreadPoolExecutor.java:899)&#10;        at java.base@21.0.8/java.util.concurrent.ThreadPoolExecutor.getTask(ThreadPoolExecutor.java:1070)&#10;        at java.base@21.0.8/java.util.concurrent.ThreadPoolExecutor.runWorker(ThreadPoolExecutor.java:1130)&#10;        at java.base@21.0.8/java.util.concurrent.ThreadPoolExecutor$Worker.run(ThreadPoolExecutor.java:642)&#10;        at java.base@21.0.8/java.lang.Thread.runWith(Thread.java:1596)&#10;        at java.base@21.0.8/java.lang.Thread.run(Thread.java:1583)&#10;&quot;Socket Reader #5 for port 15013&quot; daemon prio=5 tid=686 runnable&#10;java.lang.Thread.State: RUNNABLE&#10;        at java.base@21.0.8/sun.nio.ch.EPoll.wait(Native Method)&#10;        at java.base@21.0.8/sun.nio.ch.EPollSelectorImpl.doSelect(EPollSelectorImpl.java:121)&#10;        at java.base@21.0.8/sun.nio.ch.SelectorImpl.lockAndDoSelect(SelectorImpl.java:130)&#10;        at java.base@21.0.8/sun.nio.ch.SelectorImpl.select(SelectorImpl.java:147)&#10;        at app//org.apache.hadoop.ipc.Server$Listener$Reader.doRunLoop(Server.java:1497)&#10;        at app//org.apache.hadoop.ipc.Server$Listener$Reader.run(Server.java:1476)&#10;&quot;IPC Server handler 40 on default port 15002&quot; daemon prio=5 tid=161 timed_waiting&#10;java.lang.Thread.State: TIMED_WAITING&#10;        at java.base@21.0.8/jdk.internal.misc.Unsafe.park(Native Method)&#10;        at java.base@21.0.8/java.util.concurrent.locks.LockSupport.parkNanos(LockSupport.java:269)&#10;        at java.base@21.0.8/java.util.concurrent.locks.AbstractQueuedSynchronizer$ConditionObject.awaitNanos(AbstractQueuedSynchronizer.java:1763)&#10;        at java.base@21.0.8/java.util.concurrent.LinkedBlockingQueue.poll(LinkedBlockingQueue.java:460)&#10;        at app//org.apache.hadoop.ipc.CallQueueManager.take(CallQueueManager.java:370)&#10;        at app//org.apache.hadoop.ipc.Server$Handler.run(Server.java:3165)&#10;&quot;pool-36-thread-1&quot;  prio=5 tid=323 timed_waiting&#10;java.lang.Thread.State: TIMED_WAITING&#10;        at java.base@21.0.8/jdk.internal.misc.Unsafe.park(Native Method)&#10;        at java.base@21.0.8/java.util.concurrent.locks.LockSupport.parkNanos(LockSupport.java:269)&#10;        at java.base@21.0.8/java.util.concurrent.locks.AbstractQueuedSynchronizer$ConditionObject.awaitNanos(AbstractQueuedSynchronizer.java:1763)&#10;        at java.base@21.0.8/java.util.concurrent.ScheduledThreadPoolExecutor$DelayedWorkQueue.take(ScheduledThreadPoolExecutor.java:1182)&#10;        at java.base@21.0.8/java.util.concurrent.ScheduledThreadPoolExecutor$DelayedWorkQueue.take(ScheduledThreadPoolExecutor.java:899)&#10;        at java.base@21.0.8/java.util.concurrent.ThreadPoolExecutor.getTask(ThreadPoolExecutor.java:1070)&#10;        at java.base@21.0.8/java.util.concurrent.ThreadPoolExecutor.runWorker(ThreadPoolExecutor.java:1130)&#10;        at java.base@21.0.8/java.util.concurrent.ThreadPoolExecutor$Worker.run(ThreadPoolExecutor.java:642)&#10;        at java.base@21.0.8/java.lang.Thread.runWith(Thread.java:1596)&#10;        at java.base@21.0.8/java.lang.Thread.run(Thread.java:1583)&#10;&quot;IPC Server handler 52 on default port 15004&quot; daemon prio=5 tid=391 timed_waiting&#10;java.lang.Thread.State: TIMED_WAITING&#10;        at java.base@21.0.8/jdk.internal.misc.Unsafe.park(Native Method)&#10;        at java.base@21.0.8/java.util.concurrent.locks.LockSupport.parkNanos(LockSupport.java:269)&#10;        at java.base@21.0.8/java.util.concurrent.locks.AbstractQueuedSynchronizer$ConditionObject.awaitNanos(AbstractQueuedSynchronizer.java:1763)&#10;        at java.base@21.0.8/java.util.concurrent.LinkedBlockingQueue.poll(LinkedBlockingQueue.java:460)&#10;        at app//org.apache.hadoop.ipc.CallQueueManager.take(CallQueueManager.java:370)&#10;        at app//org.apache.hadoop.ipc.Server$Handler.run(Server.java:3165)&#10;&quot;EventQueue-PipelineReportForOneReplicaPipelineSafeModeRule&quot; daemon prio=5 tid=923 in Object.wait()&#10;java.lang.Thread.State: WAITING (on object monitor)&#10;        at java.base@21.0.8/jdk.internal.misc.Unsafe.park(Native Method)&#10;        at java.base@21.0.8/java.util.concurrent.locks.LockSupport.park(LockSupport.java:371)&#10;        at java.base@21.0.8/java.util.concurrent.locks.AbstractQueuedSynchronizer$ConditionNode.block(AbstractQueuedSynchronizer.java:519)&#10;        at java.base@21.0.8/java.util.concurrent.ForkJoinPool.unmanagedBlock(ForkJoinPool.java:3780)&#10;        at java.base@21.0.8/java.util.concurrent.ForkJoinPool.managedBlock(ForkJoinPool.java:3725)&#10;        at java.base@21.0.8/java.util.concurrent.locks.AbstractQueuedSynchronizer$ConditionObject.await(AbstractQueuedSynchronizer.java:1712)&#10;        at java.base@21.0.8/java.util.concurrent.LinkedBlockingQueue.take(LinkedBlockingQueue.java:435)&#10;        at java.base@21.0.8/java.util.concurrent.ThreadPoolExecutor.getTask(ThreadPoolExecutor.java:1070)&#10;        at java.base@21.0.8/java.util.concurrent.ThreadPoolExecutor.runWorker(ThreadPoolExecutor.java:1130)&#10;        at java.base@21.0.8/java.util.concurrent.ThreadPoolExecutor$Worker.run(ThreadPoolExecutor.java:642)&#10;        at java.base@21.0.8/java.lang.Thread.runWith(Thread.java:1596)&#10;        at java.base@21.0.8/java.lang.Thread.run(Thread.java:1583)&#10;&quot;Recon-EventQueue-NodeReportForNodeReportHandler&quot; daemon prio=5 tid=1003 in Object.wait()&#10;java.lang.Thread.State: WAITING (on object monitor)&#10;        at java.base@21.0.8/jdk.internal.misc.Unsafe.park(Native Method)&#10;        at java.base@21.0.8/java.util.concurrent.locks.LockSupport.park(LockSupport.java:371)&#10;        at java.base@21.0.8/java.util.concurrent.locks.AbstractQueuedSynchronizer$ConditionNode.block(AbstractQueuedSynchronizer.java:519)&#10;        at java.base@21.0.8/java.util.concurrent.ForkJoinPool.unmanagedBlock(ForkJoinPool.java:3780)&#10;        at java.base@21.0.8/java.util.concurrent.ForkJoinPool.managedBlock(ForkJoinPool.java:3725)&#10;        at java.base@21.0.8/java.util.concurrent.locks.AbstractQueuedSynchronizer$ConditionObject.await(AbstractQueuedSynchronizer.java:1712)&#10;        at java.base@21.0.8/java.util.concurrent.LinkedBlockingQueue.take(LinkedBlockingQueue.java:435)&#10;        at java.base@21.0.8/java.util.concurrent.ThreadPoolExecutor.getTask(ThreadPoolExecutor.java:1070)&#10;        at java.base@21.0.8/java.util.concurrent.ThreadPoolExecutor.runWorker(ThreadPoolExecutor.java:1130)&#10;        at java.base@21.0.8/java.util.concurrent.ThreadPoolExecutor$Worker.run(ThreadPoolExecutor.java:642)&#10;        at java.base@21.0.8/java.lang.Thread.runWith(Thread.java:1596)&#10;        at java.base@21.0.8/java.lang.Thread.run(Thread.java:1583)&#10;&quot;Socket Reader #8 for port 15013&quot; daemon prio=5 tid=689 runnable&#10;java.lang.Thread.State: RUNNABLE&#10;        at java.base@21.0.8/sun.nio.ch.EPoll.wait(Native Method)&#10;        at java.base@21.0.8/sun.nio.ch.EPollSelectorImpl.doSelect(EPollSelectorImpl.java:121)&#10;        at java.base@21.0.8/sun.nio.ch.SelectorImpl.lockAndDoSelect(SelectorImpl.java:130)&#10;        at java.base@21.0.8/sun.nio.ch.SelectorImpl.select(SelectorImpl.java:147)&#10;        at app//org.apache.hadoop.ipc.Server$Listener$Reader.doRunLoop(Server.java:1497)&#10;        at app//org.apache.hadoop.ipc.Server$Listener$Reader.run(Server.java:1476)&#10;&quot;d5ad88c2-6e7a-4660-bab6-a4e8807a575e-DatanodeReportManager-1&quot; daemon prio=5 tid=753 in Object.wait()&#10;java.lang.Thread.State: WAITING (on object monitor)&#10;        at java.base@21.0.8/jdk.internal.misc.Unsafe.park(Native Method)&#10;        at java.base@21.0.8/java.util.concurrent.locks.LockSupport.park(LockSupport.java:371)&#10;        at java.base@21.0.8/java.util.concurrent.locks.AbstractQueuedSynchronizer$ConditionNode.block(AbstractQueuedSynchronizer.java:519)&#10;        at java.base@21.0.8/java.util.concurrent.ForkJoinPool.unmanagedBlock(ForkJoinPool.java:3780)&#10;        at java.base@21.0.8/java.util.concurrent.ForkJoinPool.managedBlock(ForkJoinPool.java:3725)&#10;        at java.base@21.0.8/java.util.concurrent.locks.AbstractQueuedSynchronizer$ConditionObject.await(AbstractQueuedSynchronizer.java:1712)&#10;        at java.base@21.0.8/java.util.concurrent.ScheduledThreadPoolExecutor$DelayedWorkQueue.take(ScheduledThreadPoolExecutor.java:1177)&#10;        at java.base@21.0.8/java.util.concurrent.ScheduledThreadPoolExecutor$DelayedWorkQueue.take(ScheduledThreadPoolExecutor.java:899)&#10;        at java.base@21.0.8/java.util.concurrent.ThreadPoolExecutor.getTask(ThreadPoolExecutor.java:1070)&#10;        at java.base@21.0.8/java.util.concurrent.ThreadPoolExecutor.runWorker(ThreadPoolExecutor.java:1130)&#10;        at java.base@21.0.8/java.util.concurrent.ThreadPoolExecutor$Worker.run(ThreadPoolExecutor.java:642)&#10;        at java.base@21.0.8/java.lang.Thread.runWith(Thread.java:1596)&#10;        at java.base@21.0.8/java.lang.Thread.run(Thread.java:1583)&#10;&quot;IPC Server handler 62 on default port 15001&quot; daemon prio=5 tid=620 timed_waiting&#10;java.lang.Thread.State: TIMED_WAITING&#10;        at java.base@21.0.8/jdk.internal.misc.Unsafe.park(Native Method)&#10;        at java.base@21.0.8/java.util.concurrent.locks.LockSupport.parkNanos(LockSupport.java:269)&#10;        at java.base@21.0.8/java.util.concurrent.locks.AbstractQueuedSynchronizer$ConditionObject.awaitNanos(AbstractQueuedSynchronizer.java:1763)&#10;        at java.base@21.0.8/java.util.concurrent.LinkedBlockingQueue.poll(LinkedBlockingQueue.java:460)&#10;        at app//org.apache.hadoop.ipc.CallQueueManager.take(CallQueueManager.java:370)&#10;        at app//org.apache.hadoop.ipc.Server$Handler.run(Server.java:3165)&#10;&quot;qtp1685778567-677&quot; daemon prio=5 tid=677 timed_waiting&#10;java.lang.Thread.State: TIMED_WAITING&#10;        at java.base@21.0.8/jdk.internal.misc.Unsafe.park(Native Method)&#10;        at java.base@21.0.8/java.util.concurrent.locks.LockSupport.parkNanos(LockSupport.java:269)&#10;        at java.base@21.0.8/java.util.concurrent.locks.AbstractQueuedSynchronizer$ConditionObject.awaitNanos(AbstractQueuedSynchronizer.java:1763)&#10;        at app//org.eclipse.jetty.util.BlockingArrayQueue.poll(BlockingArrayQueue.java:382)&#10;        at app//org.eclipse.jetty.util.thread.QueuedThreadPool$Runner.idleJobPoll(QueuedThreadPool.java:974)&#10;        at app//org.eclipse.jetty.util.thread.QueuedThreadPool$Runner.run(QueuedThreadPool.java:1018)&#10;        at java.base@21.0.8/java.lang.Thread.runWith(Thread.java:1596)&#10;        at java.base@21.0.8/java.lang.Thread.run(Thread.java:1583)&#10;&quot;IPC Server handler 64 on default port 15003&quot; daemon prio=5 tid=285 timed_waiting&#10;java.lang.Thread.State: TIMED_WAITING&#10;        at java.base@21.0.8/jdk.internal.misc.Unsafe.park(Native Method)&#10;        at java.base@21.0.8/java.util.concurrent.locks.LockSupport.parkNanos(LockSupport.java:269)&#10;        at java.base@21.0.8/java.util.concurrent.locks.AbstractQueuedSynchronizer$ConditionObject.awaitNanos(AbstractQueuedSynchronizer.java:1763)&#10;        at java.base@21.0.8/java.util.concurrent.LinkedBlockingQueue.poll(LinkedBlockingQueue.java:460)&#10;        at app//org.apache.hadoop.ipc.CallQueueManager.take(CallQueueManager.java:370)&#10;        at app//org.apache.hadoop.ipc.Server$Handler.run(Server.java:3165)&#10;&quot;IPC Server handler 89 on default port 15004&quot; daemon prio=5 tid=428 timed_waiting&#10;java.lang.Thread.State: TIMED_WAITING&#10;        at java.base@21.0.8/jdk.internal.misc.Unsafe.park(Native Method)&#10;        at java.base@21.0.8/java.util.concurrent.locks.LockSupport.parkNanos(LockSupport.java:269)&#10;        at java.base@21.0.8/java.util.concurrent.locks.AbstractQueuedSynchronizer$ConditionObject.awaitNanos(AbstractQueuedSynchronizer.java:1763)&#10;        at java.base@21.0.8/java.util.concurrent.LinkedBlockingQueue.poll(LinkedBlockingQueue.java:460)&#10;        at app//org.apache.hadoop.ipc.CallQueueManager.take(CallQueueManager.java:370)&#10;        at app//org.apache.hadoop.ipc.Server$Handler.run(Server.java:3165)&#10;&quot;IPC Server handler 54 on default port 15001&quot; daemon prio=5 tid=612 timed_waiting&#10;java.lang.Thread.State: TIMED_WAITING&#10;        at java.base@21.0.8/jdk.internal.misc.Unsafe.park(Native Method)&#10;        at java.base@21.0.8/java.util.concurrent.locks.LockSupport.parkNanos(LockSupport.java:269)&#10;        at java.base@21.0.8/java.util.concurrent.locks.AbstractQueuedSynchronizer$ConditionObject.awaitNanos(AbstractQueuedSynchronizer.java:1763)&#10;        at java.base@21.0.8/java.util.concurrent.LinkedBlockingQueue.poll(LinkedBlockingQueue.java:460)&#10;        at app//org.apache.hadoop.ipc.CallQueueManager.take(CallQueueManager.java:370)&#10;        at app//org.apache.hadoop.ipc.Server$Handler.run(Server.java:3165)&#10;&quot;IPC Server handler 2 on default port 15003&quot; daemon prio=5 tid=223 timed_waiting&#10;java.lang.Thread.State: TIMED_WAITING&#10;        at java.base@21.0.8/jdk.internal.misc.Unsafe.park(Native Method)&#10;        at java.base@21.0.8/java.util.concurrent.locks.LockSupport.parkNanos(LockSupport.java:269)&#10;        at java.base@21.0.8/java.util.concurrent.locks.AbstractQueuedSynchronizer$ConditionObject.awaitNanos(AbstractQueuedSynchronizer.java:1763)&#10;        at java.base@21.0.8/java.util.concurrent.LinkedBlockingQueue.poll(LinkedBlockingQueue.java:460)&#10;        at app//org.apache.hadoop.ipc.CallQueueManager.take(CallQueueManager.java:370)&#10;        at app//org.apache.hadoop.ipc.Server$Handler.run(Server.java:3165)&#10;&quot;qtp391903823-544&quot; daemon prio=5 tid=544 timed_waiting&#10;java.lang.Thread.State: TIMED_WAITING&#10;        at java.base@21.0.8/jdk.internal.misc.Unsafe.park(Native Method)&#10;        at java.base@21.0.8/java.util.concurrent.locks.LockSupport.parkNanos(LockSupport.java:269)&#10;        at java.base@21.0.8/java.util.concurrent.locks.AbstractQueuedSynchronizer$ConditionObject.awaitNanos(AbstractQueuedSynchronizer.java:1763)&#10;        at app//org.eclipse.jetty.util.BlockingArrayQueue.poll(BlockingArrayQueue.java:382)&#10;        at app//org.eclipse.jetty.util.thread.QueuedThreadPool$Runner.idleJobPoll(QueuedThreadPool.java:974)&#10;        at app//org.eclipse.jetty.util.thread.QueuedThreadPool$Runner.run(QueuedThreadPool.java:1018)&#10;        at java.base@21.0.8/java.lang.Thread.runWith(Thread.java:1596)&#10;        at java.base@21.0.8/java.lang.Thread.run(Thread.java:1583)&#10;&quot;00aa5afb-d218-4771-abd7-db0247b9d23b@group-334FE627F997-SegmentedRaftLogWorker&quot; daemon prio=5 tid=115 timed_waiting&#10;java.lang.Thread.State: TIMED_WAITING&#10;        at java.base@21.0.8/jdk.internal.misc.Unsafe.park(Native Method)&#10;        at java.base@21.0.8/java.util.concurrent.locks.LockSupport.parkNanos(LockSupport.java:269)&#10;        at java.base@21.0.8/java.util.concurrent.locks.AbstractQueuedSynchronizer$ConditionObject.awaitNanos(AbstractQueuedSynchronizer.java:1763)&#10;        at app//org.apache.ratis.util.DataBlockingQueue.poll(DataBlockingQueue.java:148)&#10;        at app//org.apache.ratis.server.raftlog.segmented.SegmentedRaftLogWorker.run(SegmentedRaftLogWorker.java:309)&#10;        at app//org.apache.ratis.server.raftlog.segmented.SegmentedRaftLogWorker$$Lambda/0x00007f18e8394d50.run(Unknown Source)&#10;        at java.base@21.0.8/java.util.concurrent.Executors$RunnableAdapter.call(Executors.java:572)&#10;        at java.base@21.0.8/java.util.concurrent.FutureTask.run(FutureTask.java:317)&#10;        at java.base@21.0.8/java.util.concurrent.ThreadPoolExecutor.runWorker(ThreadPoolExecutor.java:1144)&#10;        at java.base@21.0.8/java.util.concurrent.ThreadPoolExecutor$Worker.run(ThreadPoolExecutor.java:642)&#10;        at java.base@21.0.8/java.lang.Thread.runWith(Thread.java:1596)&#10;        at java.base@21.0.8/java.lang.Thread.run(Thread.java:1583)&#10;&quot;org.apache.hadoop.ozone.container.common.statemachine.commandhandler.DeleteBlocksCommandHandler$DeleteCmdWorker@12278e3c&quot; daemon prio=5 tid=670 timed_waiting&#10;java.lang.Thread.State: TIMED_WAITING&#10;        at java.base@21.0.8/java.lang.Thread.sleep0(Native Method)&#10;        at java.base@21.0.8/java.lang.Thread.sleep(Thread.java:509)&#10;        at app//org.apache.hadoop.ozone.container.common.statemachine.commandhandler.DeleteBlocksCommandHandler$DeleteCmdWorker.run(DeleteBlocksCommandHandler.java:260)&#10;        at java.base@21.0.8/java.lang.Thread.runWith(Thread.java:1596)&#10;        at java.base@21.0.8/java.lang.Thread.run(Thread.java:1583)&#10;&quot;Session-HouseKeeper-42ff8a65-1&quot;  prio=5 tid=680 timed_waiting&#10;java.lang.Thread.State: TIMED_WAITING&#10;        at java.base@21.0.8/jdk.internal.misc.Unsafe.park(Native Method)&#10;        at java.base@21.0.8/java.util.concurrent.locks.LockSupport.parkNanos(LockSupport.java:269)&#10;        at java.base@21.0.8/java.util.concurrent.locks.AbstractQueuedSynchronizer$ConditionObject.awaitNanos(AbstractQueuedSynchronizer.java:1763)&#10;        at java.base@21.0.8/java.util.concurrent.ScheduledThreadPoolExecutor$DelayedWorkQueue.take(ScheduledThreadPoolExecutor.java:1182)&#10;        at java.base@21.0.8/java.util.concurrent.ScheduledThreadPoolExecutor$DelayedWorkQueue.take(ScheduledThreadPoolExecutor.java:899)&#10;        at java.base@21.0.8/java.util.concurrent.ThreadPoolExecutor.getTask(ThreadPoolExecutor.java:1070)&#10;        at java.base@21.0.8/java.util.concurrent.ThreadPoolExecutor.runWorker(ThreadPoolExecutor.java:1130)&#10;        at java.base@21.0.8/java.util.concurrent.ThreadPoolExecutor$Worker.run(ThreadPoolExecutor.java:642)&#10;        at java.base@21.0.8/java.lang.Thread.runWith(Thread.java:1596)&#10;        at java.base@21.0.8/java.lang.Thread.run(Thread.java:1583)&#10;&quot;Socket Reader #2 for port 15003&quot; daemon prio=5 tid=78 runnable&#10;java.lang.Thread.State: RUNNABLE&#10;        at java.base@21.0.8/sun.nio.ch.EPoll.wait(Native Method)&#10;        at java.base@21.0.8/sun.nio.ch.EPollSelectorImpl.doSelect(EPollSelectorImpl.java:121)&#10;        at java.base@21.0.8/sun.nio.ch.SelectorImpl.lockAndDoSelect(SelectorImpl.java:130)&#10;        at java.base@21.0.8/sun.nio.ch.SelectorImpl.select(SelectorImpl.java:147)&#10;        at app//org.apache.hadoop.ipc.Server$Listener$Reader.doRunLoop(Server.java:1497)&#10;        at app//org.apache.hadoop.ipc.Server$Listener$Reader.run(Server.java:1476)&#10;&quot;346684e1-b57f-4c29-9507-935dad45bd68-EndpointStateMachineTaskThread-/0.0.0.0:15004-0 &quot;  prio=5 tid=980 in Object.wait()&#10;java.lang.Thread.State: WAITING (on object monitor)&#10;        at java.base@21.0.8/jdk.internal.misc.Unsafe.park(Native Method)&#10;        at java.base@21.0.8/java.util.concurrent.locks.LockSupport.park(LockSupport.java:371)&#10;        at java.base@21.0.8/java.util.concurrent.locks.AbstractQueuedSynchronizer$ConditionNode.block(AbstractQueuedSynchronizer.java:519)&#10;        at java.base@21.0.8/java.util.concurrent.ForkJoinPool.unmanagedBlock(ForkJoinPool.java:3780)&#10;        at java.base@21.0.8/java.util.concurrent.ForkJoinPool.managedBlock(ForkJoinPool.java:3725)&#10;        at java.base@21.0.8/java.util.concurrent.locks.AbstractQueuedSynchronizer$ConditionObject.await(AbstractQueuedSynchronizer.java:1712)&#10;        at java.base@21.0.8/java.util.concurrent.LinkedBlockingQueue.take(LinkedBlockingQueue.java:435)&#10;        at java.base@21.0.8/java.util.concurrent.ThreadPoolExecutor.getTask(ThreadPoolExecutor.java:1070)&#10;        at java.base@21.0.8/java.util.concurrent.ThreadPoolExecutor.runWorker(ThreadPoolExecutor.java:1130)&#10;        at java.base@21.0.8/java.util.concurrent.ThreadPoolExecutor$Worker.run(ThreadPoolExecutor.java:642)&#10;        at java.base@21.0.8/java.lang.Thread.runWith(Thread.java:1596)&#10;        at java.base@21.0.8/java.lang.Thread.run(Thread.java:1583)&#10;&quot;Socket Reader #9 for port 15037&quot; daemon prio=5 tid=878 runnable&#10;java.lang.Thread.State: RUNNABLE&#10;        at java.base@21.0.8/sun.nio.ch.EPoll.wait(Native Method)&#10;        at java.base@21.0.8/sun.nio.ch.EPollSelectorImpl.doSelect(EPollSelectorImpl.java:121)&#10;        at java.base@21.0.8/sun.nio.ch.SelectorImpl.lockAndDoSelect(SelectorImpl.java:130)&#10;        at java.base@21.0.8/sun.nio.ch.SelectorImpl.select(SelectorImpl.java:147)&#10;        at app//org.apache.hadoop.ipc.Server$Listener$Reader.doRunLoop(Server.java:1497)&#10;        at app//org.apache.hadoop.ipc.Server$Listener$Reader.run(Server.java:1476)&#10;&quot;IPC Server handler 66 on default port 15004&quot; daemon prio=5 tid=405 timed_waiting&#10;java.lang.Thread.State: TIMED_WAITING&#10;        at java.base@21.0.8/jdk.internal.misc.Unsafe.park(Native Method)&#10;        at java.base@21.0.8/java.util.concurrent.locks.LockSupport.parkNanos(LockSupport.java:269)&#10;        at java.base@21.0.8/java.util.concurrent.locks.AbstractQueuedSynchronizer$ConditionObject.awaitNanos(AbstractQueuedSynchronizer.java:1763)&#10;        at java.base@21.0.8/java.util.concurrent.LinkedBlockingQueue.poll(LinkedBlockingQueue.java:460)&#10;        at app//org.apache.hadoop.ipc.CallQueueManager.take(CallQueueManager.java:370)&#10;        at app//org.apache.hadoop.ipc.Server$Handler.run(Server.java:3165)&#10;&quot;Socket Reader #6 for port 15045&quot; daemon prio=5 tid=954 runnable&#10;java.lang.Thread.State: RUNNABLE&#10;        at java.base@21.0.8/sun.nio.ch.EPoll.wait(Native Method)&#10;        at java.base@21.0.8/sun.nio.ch.EPollSelectorImpl.doSelect(EPollSelectorImpl.java:121)&#10;        at java.base@21.0.8/sun.nio.ch.SelectorImpl.lockAndDoSelect(SelectorImpl.java:130)&#10;        at java.base@21.0.8/sun.nio.ch.SelectorImpl.select(SelectorImpl.java:147)&#10;        at app//org.apache.hadoop.ipc.Server$Listener$Reader.doRunLoop(Server.java:1497)&#10;        at app//org.apache.hadoop.ipc.Server$Listener$Reader.run(Server.java:1476)&#10;&quot;Socket Reader #1 for port 15045&quot; daemon prio=5 tid=949 runnable&#10;java.lang.Thread.State: RUNNABLE&#10;        at java.base@21.0.8/sun.nio.ch.EPoll.wait(Native Method)&#10;        at java.base@21.0.8/sun.nio.ch.EPollSelectorImpl.doSelect(EPollSelectorImpl.java:121)&#10;        at java.base@21.0.8/sun.nio.ch.SelectorImpl.lockAndDoSelect(SelectorImpl.java:130)&#10;        at java.base@21.0.8/sun.nio.ch.SelectorImpl.select(SelectorImpl.java:147)&#10;        at app//org.apache.hadoop.ipc.Server$Listener$Reader.doRunLoop(Server.java:1497)&#10;        at app//org.apache.hadoop.ipc.Server$Listener$Reader.run(Server.java:1476)&#10;&quot;IPC Server handler 87 on default port 15001&quot; daemon prio=5 tid=645 timed_waiting&#10;java.lang.Thread.State: TIMED_WAITING&#10;        at java.base@21.0.8/jdk.internal.misc.Unsafe.park(Native Method)&#10;        at java.base@21.0.8/java.util.concurrent.locks.LockSupport.parkNanos(LockSupport.java:269)&#10;        at java.base@21.0.8/java.util.concurrent.locks.AbstractQueuedSynchronizer$ConditionObject.awaitNanos(AbstractQueuedSynchronizer.java:1763)&#10;        at java.base@21.0.8/java.util.concurrent.LinkedBlockingQueue.poll(LinkedBlockingQueue.java:460)&#10;        at app//org.apache.hadoop.ipc.CallQueueManager.take(CallQueueManager.java:370)&#10;        at app//org.apache.hadoop.ipc.Server$Handler.run(Server.java:3165)&#10;&quot;SSL Certificates Store Monitor&quot; daemon prio=5 tid=1377 in Object.wait()&#10;java.lang.Thread.State: WAITING (on object monitor)&#10;        at java.base@21.0.8/java.lang.Object.wait0(Native Method)&#10;        at java.base@21.0.8/java.lang.Object.wait(Object.java:366)&#10;        at java.base@21.0.8/java.lang.Object.wait(Object.java:339)&#10;        at java.base@21.0.8/java.util.TimerThread.mainLoop(Timer.java:537)&#10;        at java.base@21.0.8/java.util.TimerThread.run(Timer.java:516)&#10;&quot;JvmPauseMonitor5&quot; daemon prio=5 tid=863 timed_waiting&#10;java.lang.Thread.State: TIMED_WAITING&#10;        at java.base@21.0.8/java.lang.Thread.sleep0(Native Method)&#10;        at java.base@21.0.8/java.lang.Thread.sleep(Thread.java:558)&#10;        at java.base@21.0.8/java.util.concurrent.TimeUnit.sleep(TimeUnit.java:446)&#10;        at app//org.apache.ratis.util.TimeDuration.sleep(TimeDuration.java:353)&#10;        at app//org.apache.ratis.util.TimeDuration.sleep(TimeDuration.java:338)&#10;        at app//org.apache.ratis.util.JvmPauseMonitor.detectPause(JvmPauseMonitor.java:160)&#10;        at app//org.apache.ratis.util.JvmPauseMonitor.run(JvmPauseMonitor.java:149)&#10;        at app//org.apache.ratis.util.JvmPauseMonitor$$Lambda/0x00007f18e83aead8.run(Unknown Source)&#10;        at java.base@21.0.8/java.lang.Thread.runWith(Thread.java:1596)&#10;        at java.base@21.0.8/java.lang.Thread.run(Thread.java:1583)&#10;&quot;SSL Certificates Store Monitor&quot; daemon prio=5 tid=1371 in Object.wait()&#10;java.lang.Thread.State: WAITING (on object monitor)&#10;        at java.base@21.0.8/java.lang.Object.wait0(Native Method)&#10;        at java.base@21.0.8/java.lang.Object.wait(Object.java:366)&#10;        at java.base@21.0.8/java.lang.Object.wait(Object.java:339)&#10;        at java.base@21.0.8/java.util.TimerThread.mainLoop(Timer.java:537)&#10;        at java.base@21.0.8/java.util.TimerThread.run(Timer.java:516)&#10;&quot;qtp396271801-331&quot; daemon prio=5 tid=331 timed_waiting&#10;java.lang.Thread.State: TIMED_WAITING&#10;        at java.base@21.0.8/jdk.internal.misc.Unsafe.park(Native Method)&#10;        at java.base@21.0.8/java.util.concurrent.locks.LockSupport.parkNanos(LockSupport.java:269)&#10;        at java.base@21.0.8/java.util.concurrent.locks.AbstractQueuedSynchronizer$ConditionObject.awaitNanos(AbstractQueuedSynchronizer.java:1763)&#10;        at app//org.eclipse.jetty.util.BlockingArrayQueue.poll(BlockingArrayQueue.java:382)&#10;        at app//org.eclipse.jetty.util.thread.QueuedThreadPool$Runner.idleJobPoll(QueuedThreadPool.java:974)&#10;        at app//org.eclipse.jetty.util.thread.QueuedThreadPool$Runner.run(QueuedThreadPool.java:1018)&#10;        at java.base@21.0.8/java.lang.Thread.runWith(Thread.java:1596)&#10;        at java.base@21.0.8/java.lang.Thread.run(Thread.java:1583)&#10;&quot;om1-groupManagement&quot; daemon prio=5 tid=448 in Object.wait()&#10;java.lang.Thread.State: WAITING (on object monitor)&#10;        at java.base@21.0.8/jdk.internal.misc.Unsafe.park(Native Method)&#10;        at java.base@21.0.8/java.util.concurrent.locks.LockSupport.park(LockSupport.java:371)&#10;        at java.base@21.0.8/java.util.concurrent.locks.AbstractQueuedSynchronizer$ConditionNode.block(AbstractQueuedSynchronizer.java:519)&#10;        at java.base@21.0.8/java.util.concurrent.ForkJoinPool.unmanagedBlock(ForkJoinPool.java:3780)&#10;        at java.base@21.0.8/java.util.concurrent.ForkJoinPool.managedBlock(ForkJoinPool.java:3725)&#10;        at java.base@21.0.8/java.util.concurrent.locks.AbstractQueuedSynchronizer$ConditionObject.await(AbstractQueuedSynchronizer.java:1712)&#10;        at java.base@21.0.8/java.util.concurrent.LinkedBlockingQueue.take(LinkedBlockingQueue.java:435)&#10;        at java.base@21.0.8/java.util.concurrent.ThreadPoolExecutor.getTask(ThreadPoolExecutor.java:1070)&#10;        at java.base@21.0.8/java.util.concurrent.ThreadPoolExecutor.runWorker(ThreadPoolExecutor.java:1130)&#10;        at java.base@21.0.8/java.util.concurrent.ThreadPoolExecutor$Worker.run(ThreadPoolExecutor.java:642)&#10;        at java.base@21.0.8/java.lang.Thread.runWith(Thread.java:1596)&#10;        at java.base@21.0.8/java.lang.Thread.run(Thread.java:1583)&#10;&quot;EventQueue-CloseContainerForCloseContainerEventHandler&quot; daemon prio=5 tid=1290 in Object.wait()&#10;java.lang.Thread.State: WAITING (on object monitor)&#10;        at java.base@21.0.8/jdk.internal.misc.Unsafe.park(Native Method)&#10;        at java.base@21.0.8/java.util.concurrent.locks.LockSupport.park(LockSupport.java:371)&#10;        at java.base@21.0.8/java.util.concurrent.locks.AbstractQueuedSynchronizer$ConditionNode.block(AbstractQueuedSynchronizer.java:519)&#10;        at java.base@21.0.8/java.util.concurrent.ForkJoinPool.unmanagedBlock(ForkJoinPool.java:3780)&#10;        at java.base@21.0.8/java.util.concurrent.ForkJoinPool.managedBlock(ForkJoinPool.java:3725)&#10;        at java.base@21.0.8/java.util.concurrent.locks.AbstractQueuedSynchronizer$ConditionObject.await(AbstractQueuedSynchronizer.java:1712)&#10;        at java.base@21.0.8/java.util.concurrent.LinkedBlockingQueue.take(LinkedBlockingQueue.java:435)&#10;        at java.base@21.0.8/java.util.concurrent.ThreadPoolExecutor.getTask(ThreadPoolExecutor.java:1070)&#10;        at java.base@21.0.8/java.util.concurrent.ThreadPoolExecutor.runWorker(ThreadPoolExecutor.java:1130)&#10;        at java.base@21.0.8/java.util.concurrent.ThreadPoolExecutor$Worker.run(ThreadPoolExecutor.java:642)&#10;        at java.base@21.0.8/java.lang.Thread.runWith(Thread.java:1596)&#10;        at java.base@21.0.8/java.lang.Thread.run(Thread.java:1583)&#10;&quot;IPC Server handler 63 on default port 15001&quot; daemon prio=5 tid=621 timed_waiting&#10;java.lang.Thread.State: TIMED_WAITING&#10;        at java.base@21.0.8/jdk.internal.misc.Unsafe.park(Native Method)&#10;        at java.base@21.0.8/java.util.concurrent.locks.LockSupport.parkNanos(LockSupport.java:269)&#10;        at java.base@21.0.8/java.util.concurrent.locks.AbstractQueuedSynchronizer$ConditionObject.awaitNanos(AbstractQueuedSynchronizer.java:1763)&#10;        at java.base@21.0.8/java.util.concurrent.LinkedBlockingQueue.poll(LinkedBlockingQueue.java:460)&#10;        at app//org.apache.hadoop.ipc.CallQueueManager.take(CallQueueManager.java:370)&#10;        at app//org.apache.hadoop.ipc.Server$Handler.run(Server.java:3165)&#10;&quot;IPC Server handler 65 on default port 15003&quot; daemon prio=5 tid=286 timed_waiting&#10;java.lang.Thread.State: TIMED_WAITING&#10;        at java.base@21.0.8/jdk.internal.misc.Unsafe.park(Native Method)&#10;        at java.base@21.0.8/java.util.concurrent.locks.LockSupport.parkNanos(LockSupport.java:269)&#10;        at java.base@21.0.8/java.util.concurrent.locks.AbstractQueuedSynchronizer$ConditionObject.awaitNanos(AbstractQueuedSynchronizer.java:1763)&#10;        at java.base@21.0.8/java.util.concurrent.LinkedBlockingQueue.poll(LinkedBlockingQueue.java:460)&#10;        at app//org.apache.hadoop.ipc.CallQueueManager.take(CallQueueManager.java:370)&#10;        at app//org.apache.hadoop.ipc.Server$Handler.run(Server.java:3165)&#10;&quot;SSL Certificates Store Monitor&quot; daemon prio=5 tid=1368 in Object.wait()&#10;java.lang.Thread.State: WAITING (on object monitor)&#10;        at java.base@21.0.8/java.lang.Object.wait0(Native Method)&#10;        at java.base@21.0.8/java.lang.Object.wait(Object.java:366)&#10;        at java.base@21.0.8/java.lang.Object.wait(Object.java:339)&#10;        at java.base@21.0.8/java.util.TimerThread.mainLoop(Timer.java:537)&#10;        at java.base@21.0.8/java.util.TimerThread.run(Timer.java:516)&#10;&quot;IPC Server handler 39 on default port 15003&quot; daemon prio=5 tid=260 timed_waiting&#10;java.lang.Thread.State: TIMED_WAITING&#10;        at java.base@21.0.8/jdk.internal.misc.Unsafe.park(Native Method)&#10;        at java.base@21.0.8/java.util.concurrent.locks.LockSupport.parkNanos(LockSupport.java:269)&#10;        at java.base@21.0.8/java.util.concurrent.locks.AbstractQueuedSynchronizer$ConditionObject.awaitNanos(AbstractQueuedSynchronizer.java:1763)&#10;        at java.base@21.0.8/java.util.concurrent.LinkedBlockingQueue.poll(LinkedBlockingQueue.java:460)&#10;        at app//org.apache.hadoop.ipc.CallQueueManager.take(CallQueueManager.java:370)&#10;        at app//org.apache.hadoop.ipc.Server$Handler.run(Server.java:3165)&#10;&quot;qtp396271801-325&quot; daemon prio=5 tid=325 runnable&#10;java.lang.Thread.State: RUNNABLE&#10;        at java.base@21.0.8/sun.nio.ch.EPoll.wait(Native Method)&#10;        at java.base@21.0.8/sun.nio.ch.EPollSelectorImpl.doSelect(EPollSelectorImpl.java:121)&#10;        at java.base@21.0.8/sun.nio.ch.SelectorImpl.lockAndDoSelect(SelectorImpl.java:130)&#10;        at java.base@21.0.8/sun.nio.ch.SelectorImpl.select(SelectorImpl.java:147)&#10;        at app//org.eclipse.jetty.io.ManagedSelector.nioSelect(ManagedSelector.java:183)&#10;        at app//org.eclipse.jetty.io.ManagedSelector.select(ManagedSelector.java:190)&#10;        at app//org.eclipse.jetty.io.ManagedSelector$SelectorProducer.select(ManagedSelector.java:606)&#10;        at app//org.eclipse.jetty.io.ManagedSelector$SelectorProducer.produce(ManagedSelector.java:543)&#10;        at app//org.eclipse.jetty.util.thread.strategy.EatWhatYouKill.produceTask(EatWhatYouKill.java:362)&#10;        at app//org.eclipse.jetty.util.thread.strategy.EatWhatYouKill.doProduce(EatWhatYouKill.java:186)&#10;        at app//org.eclipse.jetty.util.thread.strategy.EatWhatYouKill.tryProduce(EatWhatYouKill.java:173)&#10;        at app//org.eclipse.jetty.util.thread.strategy.EatWhatYouKill.produce(EatWhatYouKill.java:137)&#10;        at app//org.eclipse.jetty.io.ManagedSelector$$Lambda/0x00007f18e86c6408.run(Unknown Source)&#10;        at app//org.eclipse.jetty.util.thread.QueuedThreadPool.runJob(QueuedThreadPool.java:883)&#10;        at app//org.eclipse.jetty.util.thread.QueuedThreadPool$Runner.run(QueuedThreadPool.java:1034)&#10;        at java.base@21.0.8/java.lang.Thread.runWith(Thread.java:1596)&#10;        at java.base@21.0.8/java.lang.Thread.run(Thread.java:1583)&#10;&quot;ContainerMetadataScanner&quot; daemon prio=5 tid=1015 timed_waiting&#10;java.lang.Thread.State: TIMED_WAITING&#10;        at java.base@21.0.8/java.lang.Thread.sleep0(Native Method)&#10;        at java.base@21.0.8/java.lang.Thread.sleep(Thread.java:509)&#10;        at app//org.apache.hadoop.ozone.container.ozoneimpl.AbstractBackgroundContainerScanner.handleRemainingSleep(AbstractBackgroundContainerScanner.java:133)&#10;        at app//org.apache.hadoop.ozone.container.ozoneimpl.AbstractBackgroundContainerScanner.runIteration(AbstractBackgroundContainerScanner.java:100)&#10;        at app//org.apache.hadoop.ozone.container.ozoneimpl.AbstractBackgroundContainerScanner.run(AbstractBackgroundContainerScanner.java:59)&#10;        at java.base@21.0.8/java.lang.Thread.runWith(Thread.java:1596)&#10;        at java.base@21.0.8/java.lang.Thread.run(Thread.java:1583)&#10;&quot;qtp1760296638-820&quot; daemon prio=5 tid=820 timed_waiting&#10;java.lang.Thread.State: TIMED_WAITING&#10;        at java.base@21.0.8/jdk.internal.misc.Unsafe.park(Native Method)&#10;        at java.base@21.0.8/java.util.concurrent.locks.LockSupport.parkNanos(LockSupport.java:269)&#10;        at java.base@21.0.8/java.util.concurrent.locks.AbstractQueuedSynchronizer$ConditionObject.awaitNanos(AbstractQueuedSynchronizer.java:1763)&#10;        at app//org.eclipse.jetty.util.BlockingArrayQueue.poll(BlockingArrayQueue.java:382)&#10;        at app//org.eclipse.jetty.util.thread.QueuedThreadPool$Runner.idleJobPoll(QueuedThreadPool.java:974)&#10;        at app//org.eclipse.jetty.util.thread.QueuedThreadPool$Runner.run(QueuedThreadPool.java:1018)&#10;        at java.base@21.0.8/java.lang.Thread.runWith(Thread.java:1596)&#10;        at java.base@21.0.8/java.lang.Thread.run(Thread.java:1583)&#10;&quot;IPC Server handler 29 on default port 15004&quot; daemon prio=5 tid=368 timed_waiting&#10;java.lang.Thread.State: TIMED_WAITING&#10;        at java.base@21.0.8/jdk.internal.misc.Unsafe.park(Native Method)&#10;        at java.base@21.0.8/java.util.concurrent.locks.LockSupport.parkNanos(LockSupport.java:269)&#10;        at java.base@21.0.8/java.util.concurrent.locks.AbstractQueuedSynchronizer$ConditionObject.awaitNanos(AbstractQueuedSynchronizer.java:1763)&#10;        at java.base@21.0.8/java.util.concurrent.LinkedBlockingQueue.poll(LinkedBlockingQueue.java:460)&#10;        at app//org.apache.hadoop.ipc.CallQueueManager.take(CallQueueManager.java:370)&#10;        at app//org.apache.hadoop.ipc.Server$Handler.run(Server.java:3165)&#10;&quot;IPC Server handler 83 on default port 15001&quot; daemon prio=5 tid=641 timed_waiting&#10;java.lang.Thread.State: TIMED_WAITING&#10;        at java.base@21.0.8/jdk.internal.misc.Unsafe.park(Native Method)&#10;        at java.base@21.0.8/java.util.concurrent.locks.LockSupport.parkNanos(LockSupport.java:269)&#10;        at java.base@21.0.8/java.util.concurrent.locks.AbstractQueuedSynchronizer$ConditionObject.awaitNanos(AbstractQueuedSynchronizer.java:1763)&#10;        at java.base@21.0.8/java.util.concurrent.LinkedBlockingQueue.poll(LinkedBlockingQueue.java:460)&#10;        at app//org.apache.hadoop.ipc.CallQueueManager.take(CallQueueManager.java:370)&#10;        at app//org.apache.hadoop.ipc.Server$Handler.run(Server.java:3165)&#10;&quot;42a5f925-1bc2-4f8a-8509-c5ae65e6fcde-DatanodeStateMachineTaskThread-0&quot;  prio=5 tid=711 in Object.wait()&#10;java.lang.Thread.State: WAITING (on object monitor)&#10;        at java.base@21.0.8/jdk.internal.misc.Unsafe.park(Native Method)&#10;        at java.base@21.0.8/java.util.concurrent.locks.LockSupport.park(LockSupport.java:371)&#10;        at java.base@21.0.8/java.util.concurrent.locks.AbstractQueuedSynchronizer$ConditionNode.block(AbstractQueuedSynchronizer.java:519)&#10;        at java.base@21.0.8/java.util.concurrent.ForkJoinPool.unmanagedBlock(ForkJoinPool.java:3780)&#10;        at java.base@21.0.8/java.util.concurrent.ForkJoinPool.managedBlock(ForkJoinPool.java:3725)&#10;        at java.base@21.0.8/java.util.concurrent.locks.AbstractQueuedSynchronizer$ConditionObject.await(AbstractQueuedSynchronizer.java:1712)&#10;        at java.base@21.0.8/java.util.concurrent.LinkedBlockingQueue.take(LinkedBlockingQueue.java:435)&#10;        at java.base@21.0.8/java.util.concurrent.ThreadPoolExecutor.getTask(ThreadPoolExecutor.java:1070)&#10;        at java.base@21.0.8/java.util.concurrent.ThreadPoolExecutor.runWorker(ThreadPoolExecutor.java:1130)&#10;        at java.base@21.0.8/java.util.concurrent.ThreadPoolExecutor$Worker.run(ThreadPoolExecutor.java:642)&#10;        at java.base@21.0.8/java.lang.Thread.runWith(Thread.java:1596)&#10;        at java.base@21.0.8/java.lang.Thread.run(Thread.java:1583)&#10;&quot;org.apache.hadoop.ozone.container.common.statemachine.commandhandler.DeleteBlocksCommandHandler$DeleteCmdWorker@e54d5d9&quot; daemon prio=5 tid=904 timed_waiting&#10;java.lang.Thread.State: TIMED_WAITING&#10;        at java.base@21.0.8/java.lang.Thread.sleep0(Native Method)&#10;        at java.base@21.0.8/java.lang.Thread.sleep(Thread.java:509)&#10;        at app//org.apache.hadoop.ozone.container.common.statemachine.commandhandler.DeleteBlocksCommandHandler$DeleteCmdWorker.run(DeleteBlocksCommandHandler.java:260)&#10;        at java.base@21.0.8/java.lang.Thread.runWith(Thread.java:1596)&#10;        at java.base@21.0.8/java.lang.Thread.run(Thread.java:1583)&#10;&quot;SSL Certificates Store Monitor&quot; daemon prio=5 tid=1367 in Object.wait()&#10;java.lang.Thread.State: WAITING (on object monitor)&#10;        at java.base@21.0.8/java.lang.Object.wait0(Native Method)&#10;        at java.base@21.0.8/java.lang.Object.wait(Object.java:366)&#10;        at java.base@21.0.8/java.lang.Object.wait(Object.java:339)&#10;        at java.base@21.0.8/java.util.TimerThread.mainLoop(Timer.java:537)&#10;        at java.base@21.0.8/java.util.TimerThread.run(Timer.java:516)&#10;&quot;IPC Server handler 45 on default port 15001&quot; daemon prio=5 tid=603 timed_waiting&#10;java.lang.Thread.State: TIMED_WAITING&#10;        at java.base@21.0.8/jdk.internal.misc.Unsafe.park(Native Method)&#10;        at java.base@21.0.8/java.util.concurrent.locks.LockSupport.parkNanos(LockSupport.java:269)&#10;        at java.base@21.0.8/java.util.concurrent.locks.AbstractQueuedSynchronizer$ConditionObject.awaitNanos(AbstractQueuedSynchronizer.java:1763)&#10;        at java.base@21.0.8/java.util.concurrent.LinkedBlockingQueue.poll(LinkedBlockingQueue.java:460)&#10;        at app//org.apache.hadoop.ipc.CallQueueManager.take(CallQueueManager.java:370)&#10;        at app//org.apache.hadoop.ipc.Server$Handler.run(Server.java:3165)&#10;&quot;qtp1760296638-821&quot; daemon prio=5 tid=821 timed_waiting&#10;java.lang.Thread.State: TIMED_WAITING&#10;        at java.base@21.0.8/jdk.internal.misc.Unsafe.park(Native Method)&#10;        at java.base@21.0.8/java.util.concurrent.locks.LockSupport.parkNanos(LockSupport.java:269)&#10;        at java.base@21.0.8/java.util.concurrent.locks.AbstractQueuedSynchronizer$ConditionObject.awaitNanos(AbstractQueuedSynchronizer.java:1763)&#10;        at app//org.eclipse.jetty.util.BlockingArrayQueue.poll(BlockingArrayQueue.java:382)&#10;        at app//org.eclipse.jetty.util.thread.QueuedThreadPool$Runner.idleJobPoll(QueuedThreadPool.java:974)&#10;        at app//org.eclipse.jetty.util.thread.QueuedThreadPool$Runner.run(QueuedThreadPool.java:1018)&#10;        at java.base@21.0.8/java.lang.Thread.runWith(Thread.java:1596)&#10;        at java.base@21.0.8/java.lang.Thread.run(Thread.java:1583)&#10;&quot;Socket Reader #7 for port 15002&quot; daemon prio=5 tid=97 runnable&#10;java.lang.Thread.State: RUNNABLE&#10;        at java.base@21.0.8/sun.nio.ch.EPoll.wait(Native Method)&#10;        at java.base@21.0.8/sun.nio.ch.EPollSelectorImpl.doSelect(EPollSelectorImpl.java:121)&#10;        at java.base@21.0.8/sun.nio.ch.SelectorImpl.lockAndDoSelect(SelectorImpl.java:130)&#10;        at java.base@21.0.8/sun.nio.ch.SelectorImpl.select(SelectorImpl.java:147)&#10;        at app//org.apache.hadoop.ipc.Server$Listener$Reader.doRunLoop(Server.java:1497)&#10;        at app//org.apache.hadoop.ipc.Server$Listener$Reader.run(Server.java:1476)&#10;&quot;Recon-EventQueue-CloseContainerForCloseContainerEventHandler&quot; daemon prio=5 tid=1287 in Object.wait()&#10;java.lang.Thread.State: WAITING (on object monitor)&#10;        at java.base@21.0.8/jdk.internal.misc.Unsafe.park(Native Method)&#10;        at java.base@21.0.8/java.util.concurrent.locks.LockSupport.park(LockSupport.java:371)&#10;        at java.base@21.0.8/java.util.concurrent.locks.AbstractQueuedSynchronizer$ConditionNode.block(AbstractQueuedSynchronizer.java:519)&#10;        at java.base@21.0.8/java.util.concurrent.ForkJoinPool.unmanagedBlock(ForkJoinPool.java:3780)&#10;        at java.base@21.0.8/java.util.concurrent.ForkJoinPool.managedBlock(ForkJoinPool.java:3725)&#10;        at java.base@21.0.8/java.util.concurrent.locks.AbstractQueuedSynchronizer$ConditionObject.await(AbstractQueuedSynchronizer.java:1712)&#10;        at java.base@21.0.8/java.util.concurrent.LinkedBlockingQueue.take(LinkedBlockingQueue.java:435)&#10;        at java.base@21.0.8/java.util.concurrent.ThreadPoolExecutor.getTask(ThreadPoolExecutor.java:1070)&#10;        at java.base@21.0.8/java.util.concurrent.ThreadPoolExecutor.runWorker(ThreadPoolExecutor.java:1130)&#10;        at java.base@21.0.8/java.util.concurrent.ThreadPoolExecutor$Worker.run(ThreadPoolExecutor.java:642)&#10;        at java.base@21.0.8/java.lang.Thread.runWith(Thread.java:1596)&#10;        at java.base@21.0.8/java.lang.Thread.run(Thread.java:1583)&#10;&quot;IPC Server handler 2 on default port 15037&quot; daemon prio=5 tid=885 timed_waiting&#10;java.lang.Thread.State: TIMED_WAITING&#10;        at java.base@21.0.8/jdk.internal.misc.Unsafe.park(Native Method)&#10;        at java.base@21.0.8/java.util.concurrent.locks.LockSupport.parkNanos(LockSupport.java:269)&#10;        at java.base@21.0.8/java.util.concurrent.locks.AbstractQueuedSynchronizer$ConditionObject.awaitNanos(AbstractQueuedSynchronizer.java:1763)&#10;        at java.base@21.0.8/java.util.concurrent.LinkedBlockingQueue.poll(LinkedBlockingQueue.java:460)&#10;        at app//org.apache.hadoop.ipc.CallQueueManager.take(CallQueueManager.java:370)&#10;        at app//org.apache.hadoop.ipc.Server$Handler.run(Server.java:3165)&#10;&quot;IPC Server handler 55 on default port 15002&quot; daemon prio=5 tid=176 timed_waiting&#10;java.lang.Thread.State: TIMED_WAITING&#10;        at java.base@21.0.8/jdk.internal.misc.Unsafe.park(Native Method)&#10;        at java.base@21.0.8/java.util.concurrent.locks.LockSupport.parkNanos(LockSupport.java:269)&#10;        at java.base@21.0.8/java.util.concurrent.locks.AbstractQueuedSynchronizer$ConditionObject.awaitNanos(AbstractQueuedSynchronizer.java:1763)&#10;        at java.base@21.0.8/java.util.concurrent.LinkedBlockingQueue.poll(LinkedBlockingQueue.java:460)&#10;        at app//org.apache.hadoop.ipc.CallQueueManager.take(CallQueueManager.java:370)&#10;        at app//org.apache.hadoop.ipc.Server$Handler.run(Server.java:3165)&#10;&quot;IPC Server listener on 15004&quot; daemon prio=5 tid=62 runnable&#10;java.lang.Thread.State: RUNNABLE&#10;        at java.base@21.0.8/sun.nio.ch.EPoll.wait(Native Method)&#10;        at java.base@21.0.8/sun.nio.ch.EPollSelectorImpl.doSelect(EPollSelectorImpl.java:121)&#10;        at java.base@21.0.8/sun.nio.ch.SelectorImpl.lockAndDoSelect(SelectorImpl.java:130)&#10;        at java.base@21.0.8/sun.nio.ch.SelectorImpl.select(SelectorImpl.java:147)&#10;        at app//org.apache.hadoop.ipc.Server$Listener.run(Server.java:1559)&#10;&quot;d5ad88c2-6e7a-4660-bab6-a4e8807a575e-RocksDBCompactionThread-0&quot;  prio=5 tid=713 timed_waiting&#10;java.lang.Thread.State: TIMED_WAITING&#10;        at java.base@21.0.8/jdk.internal.misc.Unsafe.park(Native Method)&#10;        at java.base@21.0.8/java.util.concurrent.locks.LockSupport.parkNanos(LockSupport.java:269)&#10;        at java.base@21.0.8/java.util.concurrent.locks.AbstractQueuedSynchronizer$ConditionObject.awaitNanos(AbstractQueuedSynchronizer.java:1763)&#10;        at java.base@21.0.8/java.util.concurrent.ScheduledThreadPoolExecutor$DelayedWorkQueue.take(ScheduledThreadPoolExecutor.java:1182)&#10;        at java.base@21.0.8/java.util.concurrent.ScheduledThreadPoolExecutor$DelayedWorkQueue.take(ScheduledThreadPoolExecutor.java:899)&#10;        at java.base@21.0.8/java.util.concurrent.ThreadPoolExecutor.getTask(ThreadPoolExecutor.java:1070)&#10;        at java.base@21.0.8/java.util.concurrent.ThreadPoolExecutor.runWorker(ThreadPoolExecutor.java:1130)&#10;        at java.base@21.0.8/java.util.concurrent.ThreadPoolExecutor$Worker.run(ThreadPoolExecutor.java:642)&#10;        at java.base@21.0.8/java.lang.Thread.runWith(Thread.java:1596)&#10;        at java.base@21.0.8/java.lang.Thread.run(Thread.java:1583)&#10;&quot;d5ad88c2-6e7a-4660-bab6-a4e8807a575e-DatanodeStateMachineTaskThread-1&quot;  prio=5 tid=846 in Object.wait()&#10;java.lang.Thread.State: WAITING (on object monitor)&#10;        at java.base@21.0.8/jdk.internal.misc.Unsafe.park(Native Method)&#10;        at java.base@21.0.8/java.util.concurrent.locks.LockSupport.park(LockSupport.java:371)&#10;        at java.base@21.0.8/java.util.concurrent.locks.AbstractQueuedSynchronizer$ConditionNode.block(AbstractQueuedSynchronizer.java:519)&#10;        at java.base@21.0.8/java.util.concurrent.ForkJoinPool.unmanagedBlock(ForkJoinPool.java:3780)&#10;        at java.base@21.0.8/java.util.concurrent.ForkJoinPool.managedBlock(ForkJoinPool.java:3725)&#10;        at java.base@21.0.8/java.util.concurrent.locks.AbstractQueuedSynchronizer$ConditionObject.await(AbstractQueuedSynchronizer.java:1712)&#10;        at java.base@21.0.8/java.util.concurrent.LinkedBlockingQueue.take(LinkedBlockingQueue.java:435)&#10;        at java.base@21.0.8/java.util.concurrent.ThreadPoolExecutor.getTask(ThreadPoolExecutor.java:1070)&#10;        at java.base@21.0.8/java.util.concurrent.ThreadPoolExecutor.runWorker(ThreadPoolExecutor.java:1130)&#10;        at java.base@21.0.8/java.util.concurrent.ThreadPoolExecutor$Worker.run(ThreadPoolExecutor.java:642)&#10;        at java.base@21.0.8/java.lang.Thread.runWith(Thread.java:1596)&#10;        at java.base@21.0.8/java.lang.Thread.run(Thread.java:1583)&#10;&quot;Socket Reader #9 for port 15001&quot; daemon prio=5 tid=529 runnable&#10;java.lang.Thread.State: RUNNABLE&#10;        at java.base@21.0.8/sun.nio.ch.EPoll.wait(Native Method)&#10;        at java.base@21.0.8/sun.nio.ch.EPollSelectorImpl.doSelect(EPollSelectorImpl.java:121)&#10;        at java.base@21.0.8/sun.nio.ch.SelectorImpl.lockAndDoSelect(SelectorImpl.java:130)&#10;        at java.base@21.0.8/sun.nio.ch.SelectorImpl.select(SelectorImpl.java:147)&#10;        at app//org.apache.hadoop.ipc.Server$Listener$Reader.doRunLoop(Server.java:1497)&#10;        at app//org.apache.hadoop.ipc.Server$Listener$Reader.run(Server.java:1476)&#10;&quot;om1-DirectoryDeletingService#1&quot; daemon prio=5 tid=477 in Object.wait()&#10;java.lang.Thread.State: WAITING (on object monitor)&#10;        at java.base@21.0.8/jdk.internal.misc.Unsafe.park(Native Method)&#10;        at java.base@21.0.8/java.util.concurrent.locks.LockSupport.park(LockSupport.java:371)&#10;        at java.base@21.0.8/java.util.concurrent.locks.AbstractQueuedSynchronizer$ConditionNode.block(AbstractQueuedSynchronizer.java:519)&#10;        at java.base@21.0.8/java.util.concurrent.ForkJoinPool.unmanagedBlock(ForkJoinPool.java:3780)&#10;        at java.base@21.0.8/java.util.concurrent.ForkJoinPool.managedBlock(ForkJoinPool.java:3725)&#10;        at java.base@21.0.8/java.util.concurrent.locks.AbstractQueuedSynchronizer$ConditionObject.await(AbstractQueuedSynchronizer.java:1712)&#10;        at java.base@21.0.8/java.util.concurrent.ScheduledThreadPoolExecutor$DelayedWorkQueue.take(ScheduledThreadPoolExecutor.java:1177)&#10;        at java.base@21.0.8/java.util.concurrent.ScheduledThreadPoolExecutor$DelayedWorkQueue.take(ScheduledThreadPoolExecutor.java:899)&#10;        at java.base@21.0.8/java.util.concurrent.ThreadPoolExecutor.getTask(ThreadPoolExecutor.java:1070)&#10;        at java.base@21.0.8/java.util.concurrent.ThreadPoolExecutor.runWorker(ThreadPoolExecutor.java:1130)&#10;        at java.base@21.0.8/java.util.concurrent.ThreadPoolExecutor$Worker.run(ThreadPoolExecutor.java:642)&#10;        at java.base@21.0.8/java.lang.Thread.runWith(Thread.java:1596)&#10;        at java.base@21.0.8/java.lang.Thread.run(Thread.java:1583)&#10;&quot;DiskUsage-/home/runner/work/ozone/ozone/hadoop-ozone/integration-test-recon/target/test-dir/MiniOzoneClusterImpl-e405f726-f354-48a5-b90a-334fe627f997/ozone-metadata/datanode-4/ratis-&#10;&quot; daemon prio=5 tid=987 timed_waiting&#10;java.lang.Thread.State: TIMED_WAITING&#10;        at java.base@21.0.8/jdk.internal.misc.Unsafe.park(Native Method)&#10;        at java.base@21.0.8/java.util.concurrent.locks.LockSupport.parkNanos(LockSupport.java:269)&#10;        at java.base@21.0.8/java.util.concurrent.locks.AbstractQueuedSynchronizer$ConditionObject.awaitNanos(AbstractQueuedSynchronizer.java:1763)&#10;        at java.base@21.0.8/java.util.concurrent.ScheduledThreadPoolExecutor$DelayedWorkQueue.take(ScheduledThreadPoolExecutor.java:1182)&#10;        at java.base@21.0.8/java.util.concurrent.ScheduledThreadPoolExecutor$DelayedWorkQueue.take(ScheduledThreadPoolExecutor.java:899)&#10;        at java.base@21.0.8/java.util.concurrent.ThreadPoolExecutor.getTask(ThreadPoolExecutor.java:1070)&#10;        at java.base@21.0.8/java.util.concurrent.ThreadPoolExecutor.runWorker(ThreadPoolExecutor.java:1130)&#10;        at java.base@21.0.8/java.util.concurrent.ThreadPoolExecutor$Worker.run(ThreadPoolExecutor.java:642)&#10;        at java.base@21.0.8/java.lang.Thread.runWith(Thread.java:1596)&#10;        at java.base@21.0.8/java.lang.Thread.run(Thread.java:1583)&#10;&quot;Signal Dispatcher&quot; daemon prio=9 tid=11 runnable&#10;java.lang.Thread.State: RUNNABLE&#10;&quot;IPC Server handler 54 on default port 15003&quot; daemon prio=5 tid=275 timed_waiting&#10;java.lang.Thread.State: TIMED_WAITING&#10;        at java.base@21.0.8/jdk.internal.misc.Unsafe.park(Native Method)&#10;        at java.base@21.0.8/java.util.concurrent.locks.LockSupport.parkNanos(LockSupport.java:269)&#10;        at java.base@21.0.8/java.util.concurrent.locks.AbstractQueuedSynchronizer$ConditionObject.awaitNanos(AbstractQueuedSynchronizer.java:1763)&#10;        at java.base@21.0.8/java.util.concurrent.LinkedBlockingQueue.poll(LinkedBlockingQueue.java:460)&#10;        at app//org.apache.hadoop.ipc.CallQueueManager.take(CallQueueManager.java:370)&#10;        at app//org.apache.hadoop.ipc.Server$Handler.run(Server.java:3165)&#10;&quot;IPC Server handler 93 on default port 15001&quot; daemon prio=5 tid=651 timed_waiting&#10;java.lang.Thread.State: TIMED_WAITING&#10;        at java.base@21.0.8/jdk.internal.misc.Unsafe.park(Native Method)&#10;        at java.base@21.0.8/java.util.concurrent.locks.LockSupport.parkNanos(LockSupport.java:269)&#10;        at java.base@21.0.8/java.util.concurrent.locks.AbstractQueuedSynchronizer$ConditionObject.awaitNanos(AbstractQueuedSynchronizer.java:1763)&#10;        at java.base@21.0.8/java.util.concurrent.LinkedBlockingQueue.poll(LinkedBlockingQueue.java:460)&#10;        at app//org.apache.hadoop.ipc.CallQueueManager.take(CallQueueManager.java:370)&#10;        at app//org.apache.hadoop.ipc.Server$Handler.run(Server.java:3165)&#10;&quot;IPC Server handler 0 on default port 15013&quot; daemon prio=5 tid=695 timed_waiting&#10;java.lang.Thread.State: TIMED_WAITING&#10;        at java.base@21.0.8/jdk.internal.misc.Unsafe.park(Native Method)&#10;        at java.base@21.0.8/java.util.concurrent.locks.LockSupport.parkNanos(LockSupport.java:269)&#10;        at java.base@21.0.8/java.util.concurrent.locks.AbstractQueuedSynchronizer$ConditionObject.awaitNanos(AbstractQueuedSynchronizer.java:1763)&#10;        at java.base@21.0.8/java.util.concurrent.LinkedBlockingQueue.poll(LinkedBlockingQueue.java:460)&#10;        at app//org.apache.hadoop.ipc.CallQueueManager.take(CallQueueManager.java:370)&#10;        at app//org.apache.hadoop.ipc.Server$Handler.run(Server.java:3165)&#10;&quot;qtp871701899-724&quot; daemon prio=5 tid=724 timed_waiting&#10;java.lang.Thread.State: TIMED_WAITING&#10;        at java.base@21.0.8/jdk.internal.misc.Unsafe.park(Native Method)&#10;        at java.base@21.0.8/java.util.concurrent.locks.LockSupport.parkNanos(LockSupport.java:269)&#10;        at java.base@21.0.8/java.util.concurrent.locks.AbstractQueuedSynchronizer$ConditionObject.awaitNanos(AbstractQueuedSynchronizer.java:1763)&#10;        at app//org.eclipse.jetty.util.BlockingArrayQueue.poll(BlockingArrayQueue.java:382)&#10;        at app//org.eclipse.jetty.util.thread.QueuedThreadPool$Runner.idleJobPoll(QueuedThreadPool.java:974)&#10;        at app//org.eclipse.jetty.util.thread.QueuedThreadPool$Runner.run(QueuedThreadPool.java:1018)&#10;        at java.base@21.0.8/java.lang.Thread.runWith(Thread.java:1596)&#10;        at java.base@21.0.8/java.lang.Thread.run(Thread.java:1583)&#10;&quot;SCMHATransactionMonitor&quot; daemon prio=5 tid=119 timed_waiting&#10;java.lang.Thread.State: TIMED_WAITING&#10;        at java.base@21.0.8/java.lang.Object.wait0(Native Method)&#10;        at java.base@21.0.8/java.lang.Object.wait(Object.java:366)&#10;        at app//org.apache.hadoop.hdds.scm.ha.BackgroundSCMService.run(BackgroundSCMService.java:106)&#10;        at app//org.apache.hadoop.hdds.scm.ha.BackgroundSCMService$$Lambda/0x00007f18e85056a8.run(Unknown Source)&#10;        at java.base@21.0.8/java.lang.Thread.runWith(Thread.java:1596)&#10;        at java.base@21.0.8/java.lang.Thread.run(Thread.java:1583)&#10;&quot;IPC Server handler 21 on default port 15004&quot; daemon prio=5 tid=360 timed_waiting&#10;java.lang.Thread.State: TIMED_WAITING&#10;        at java.base@21.0.8/jdk.internal.misc.Unsafe.park(Native Method)&#10;        at java.base@21.0.8/java.util.concurrent.locks.LockSupport.parkNanos(LockSupport.java:269)&#10;        at java.base@21.0.8/java.util.concurrent.locks.AbstractQueuedSynchronizer$ConditionObject.awaitNanos(AbstractQueuedSynchronizer.java:1763)&#10;        at java.base@21.0.8/java.util.concurrent.LinkedBlockingQueue.poll(LinkedBlockingQueue.java:460)&#10;        at app//org.apache.hadoop.ipc.CallQueueManager.take(CallQueueManager.java:370)&#10;        at app//org.apache.hadoop.ipc.Server$Handler.run(Server.java:3165)&#10;&quot;IPC Server handler 17 on default port 15002&quot; daemon prio=5 tid=138 timed_waiting&#10;java.lang.Thread.State: TIMED_WAITING&#10;        at java.base@21.0.8/jdk.internal.misc.Unsafe.park(Native Method)&#10;        at java.base@21.0.8/java.util.concurrent.locks.LockSupport.parkNanos(LockSupport.java:269)&#10;        at java.base@21.0.8/java.util.concurrent.locks.AbstractQueuedSynchronizer$ConditionObject.awaitNanos(AbstractQueuedSynchronizer.java:1763)&#10;        at java.base@21.0.8/java.util.concurrent.LinkedBlockingQueue.poll(LinkedBlockingQueue.java:460)&#10;        at app//org.apache.hadoop.ipc.CallQueueManager.take(CallQueueManager.java:370)&#10;        at app//org.apache.hadoop.ipc.Server$Handler.run(Server.java:3165)&#10;&quot;Socket Reader #7 for port 15013&quot; daemon prio=5 tid=688 runnable&#10;java.lang.Thread.State: RUNNABLE&#10;        at java.base@21.0.8/sun.nio.ch.EPoll.wait(Native Method)&#10;        at java.base@21.0.8/sun.nio.ch.EPollSelectorImpl.doSelect(EPollSelectorImpl.java:121)&#10;        at java.base@21.0.8/sun.nio.ch.SelectorImpl.lockAndDoSelect(SelectorImpl.java:130)&#10;        at java.base@21.0.8/sun.nio.ch.SelectorImpl.select(SelectorImpl.java:147)&#10;        at app//org.apache.hadoop.ipc.Server$Listener$Reader.doRunLoop(Server.java:1497)&#10;        at app//org.apache.hadoop.ipc.Server$Listener$Reader.run(Server.java:1476)&#10;&quot;IPC Server handler 47 on default port 15001&quot; daemon prio=5 tid=605 timed_waiting&#10;java.lang.Thread.State: TIMED_WAITING&#10;        at java.base@21.0.8/jdk.internal.misc.Unsafe.park(Native Method)&#10;        at java.base@21.0.8/java.util.concurrent.locks.LockSupport.parkNanos(LockSupport.java:269)&#10;        at java.base@21.0.8/java.util.concurrent.locks.AbstractQueuedSynchronizer$ConditionObject.awaitNanos(AbstractQueuedSynchronizer.java:1763)&#10;        at java.base@21.0.8/java.util.concurrent.LinkedBlockingQueue.poll(LinkedBlockingQueue.java:460)&#10;        at app//org.apache.hadoop.ipc.CallQueueManager.take(CallQueueManager.java:370)&#10;        at app//org.apache.hadoop.ipc.Server$Handler.run(Server.java:3165)&#10;&quot;Recon-FixedThreadPoolWithAffinityExecutor-4-0&quot; daemon prio=5 tid=538 timed_waiting&#10;java.lang.Thread.State: TIMED_WAITING&#10;        at java.base@21.0.8/jdk.internal.misc.Unsafe.park(Native Method)&#10;        at java.base@21.0.8/java.util.concurrent.locks.LockSupport.parkNanos(LockSupport.java:269)&#10;        at java.base@21.0.8/java.util.concurrent.locks.AbstractQueuedSynchronizer$ConditionObject.awaitNanos(AbstractQueuedSynchronizer.java:1763)&#10;        at java.base@21.0.8/java.util.concurrent.LinkedBlockingQueue.poll(LinkedBlockingQueue.java:460)&#10;        at app//org.apache.hadoop.hdds.scm.server.ContainerReportQueue.poll(ContainerReportQueue.java:269)&#10;        at app//org.apache.hadoop.hdds.scm.server.ContainerReportQueue.poll(ContainerReportQueue.java:42)&#10;        at app//org.apache.hadoop.hdds.server.events.FixedThreadPoolWithAffinityExecutor$ContainerReportProcessTask.run(FixedThreadPoolWithAffinityExecutor.java:228)&#10;        at java.base@21.0.8/java.util.concurrent.Executors$RunnableAdapter.call(Executors.java:572)&#10;        at java.base@21.0.8/java.util.concurrent.FutureTask.run(FutureTask.java:317)&#10;        at java.base@21.0.8/java.util.concurrent.ThreadPoolExecutor.runWorker(ThreadPoolExecutor.java:1144)&#10;        at java.base@21.0.8/java.util.concurrent.ThreadPoolExecutor$Worker.run(ThreadPoolExecutor.java:642)&#10;        at java.base@21.0.8/java.lang.Thread.runWith(Thread.java:1596)&#10;        at java.base@21.0.8/java.lang.Thread.run(Thread.java:1583)&#10;&quot;346684e1-b57f-4c29-9507-935dad45bd68-DatanodeStateMachineTaskThread-0&quot;  prio=5 tid=899 in Object.wait()&#10;java.lang.Thread.State: WAITING (on object monitor)&#10;        at java.base@21.0.8/jdk.internal.misc.Unsafe.park(Native Method)&#10;        at java.base@21.0.8/java.util.concurrent.locks.LockSupport.park(LockSupport.java:371)&#10;        at java.base@21.0.8/java.util.concurrent.locks.AbstractQueuedSynchronizer$ConditionNode.block(AbstractQueuedSynchronizer.java:519)&#10;        at java.base@21.0.8/java.util.concurrent.ForkJoinPool.unmanagedBlock(ForkJoinPool.java:3780)&#10;        at java.base@21.0.8/java.util.concurrent.ForkJoinPool.managedBlock(ForkJoinPool.java:3725)&#10;        at java.base@21.0.8/java.util.concurrent.locks.AbstractQueuedSynchronizer$ConditionObject.await(AbstractQueuedSynchronizer.java:1712)&#10;        at java.base@21.0.8/java.util.concurrent.LinkedBlockingQueue.take(LinkedBlockingQueue.java:435)&#10;        at java.base@21.0.8/java.util.concurrent.ThreadPoolExecutor.getTask(ThreadPoolExecutor.java:1070)&#10;        at java.base@21.0.8/java.util.concurrent.ThreadPoolExecutor.runWorker(ThreadPoolExecutor.java:1130)&#10;        at java.base@21.0.8/java.util.concurrent.ThreadPoolExecutor$Worker.run(ThreadPoolExecutor.java:642)&#10;        at java.base@21.0.8/java.lang.Thread.runWith(Thread.java:1596)&#10;        at java.base@21.0.8/java.lang.Thread.run(Thread.java:1583)&#10;&quot;IPC Server handler 79 on default port 15004&quot; daemon prio=5 tid=418 timed_waiting&#10;java.lang.Thread.State: TIMED_WAITING&#10;        at java.base@21.0.8/jdk.internal.misc.Unsafe.park(Native Method)&#10;        at java.base@21.0.8/java.util.concurrent.locks.LockSupport.parkNanos(LockSupport.java:269)&#10;        at java.base@21.0.8/java.util.concurrent.locks.AbstractQueuedSynchronizer$ConditionObject.awaitNanos(AbstractQueuedSynchronizer.java:1763)&#10;        at java.base@21.0.8/java.util.concurrent.LinkedBlockingQueue.poll(LinkedBlockingQueue.java:460)&#10;        at app//org.apache.hadoop.ipc.CallQueueManager.take(CallQueueManager.java:370)&#10;        at app//org.apache.hadoop.ipc.Server$Handler.run(Server.java:3165)&#10;&quot;IPC Server handler 37 on default port 15003&quot; daemon prio=5 tid=258 timed_waiting&#10;java.lang.Thread.State: TIMED_WAITING&#10;        at java.base@21.0.8/jdk.internal.misc.Unsafe.park(Native Method)&#10;        at java.base@21.0.8/java.util.concurrent.locks.LockSupport.parkNanos(LockSupport.java:269)&#10;        at java.base@21.0.8/java.util.concurrent.locks.AbstractQueuedSynchronizer$ConditionObject.awaitNanos(AbstractQueuedSynchronizer.java:1763)&#10;        at java.base@21.0.8/java.util.concurrent.LinkedBlockingQueue.poll(LinkedBlockingQueue.java:460)&#10;        at app//org.apache.hadoop.ipc.CallQueueManager.take(CallQueueManager.java:370)&#10;        at app//org.apache.hadoop.ipc.Server$Handler.run(Server.java:3165)&#10;&#10;" type="java.util.concurrent.TimeoutException"><![CDATA[java.util.concurrent.TimeoutException: 
Timed out waiting for condition. Thread diagnostics:
Timestamp: 2025-09-11 04:25:37,803

"0ed0910f-4ac9-4f62-be34-d90c51a3e6c9-DatanodeReportManager-0" daemon prio=5 tid=973 timed_waiting
java.lang.Thread.State: TIMED_WAITING
        at java.base@21.0.8/jdk.internal.misc.Unsafe.park(Native Method)
        at java.base@21.0.8/java.util.concurrent.locks.LockSupport.parkNanos(LockSupport.java:269)
        at java.base@21.0.8/java.util.concurrent.locks.AbstractQueuedSynchronizer$ConditionObject.awaitNanos(AbstractQueuedSynchronizer.java:1763)
        at java.base@21.0.8/java.util.concurrent.ScheduledThreadPoolExecutor$DelayedWorkQueue.take(ScheduledThreadPoolExecutor.java:1182)
        at java.base@21.0.8/java.util.concurrent.ScheduledThreadPoolExecutor$DelayedWorkQueue.take(ScheduledThreadPoolExecutor.java:899)
        at java.base@21.0.8/java.util.concurrent.ThreadPoolExecutor.getTask(ThreadPoolExecutor.java:1070)
        at java.base@21.0.8/java.util.concurrent.ThreadPoolExecutor.runWorker(ThreadPoolExecutor.java:1130)
        at java.base@21.0.8/java.util.concurrent.ThreadPoolExecutor$Worker.run(ThreadPoolExecutor.java:642)
        at java.base@21.0.8/java.lang.Thread.runWith(Thread.java:1596)
        at java.base@21.0.8/java.lang.Thread.run(Thread.java:1583)
"IPC Server handler 38 on default port 15004" daemon prio=5 tid=377 timed_waiting
java.lang.Thread.State: TIMED_WAITING
        at java.base@21.0.8/jdk.internal.misc.Unsafe.park(Native Method)
        at java.base@21.0.8/java.util.concurrent.locks.LockSupport.parkNanos(LockSupport.java:269)
        at java.base@21.0.8/java.util.concurrent.locks.AbstractQueuedSynchronizer$ConditionObject.awaitNanos(AbstractQueuedSynchronizer.java:1763)
        at java.base@21.0.8/java.util.concurrent.LinkedBlockingQueue.poll(LinkedBlockingQueue.java:460)
        at app//org.apache.hadoop.ipc.CallQueueManager.take(CallQueueManager.java:370)
        at app//org.apache.hadoop.ipc.Server$Handler.run(Server.java:3165)
"IPC Server handler 9 on default port 15001" daemon prio=5 tid=567 timed_waiting
java.lang.Thread.State: TIMED_WAITING
        at java.base@21.0.8/jdk.internal.misc.Unsafe.park(Native Method)
        at java.base@21.0.8/java.util.concurrent.locks.LockSupport.parkNanos(LockSupport.java:269)
        at java.base@21.0.8/java.util.concurrent.locks.AbstractQueuedSynchronizer$ConditionObject.awaitNanos(AbstractQueuedSynchronizer.java:1763)
        at java.base@21.0.8/java.util.concurrent.LinkedBlockingQueue.poll(LinkedBlockingQueue.java:460)
        at app//org.apache.hadoop.ipc.CallQueueManager.take(CallQueueManager.java:370)
        at app//org.apache.hadoop.ipc.Server$Handler.run(Server.java:3165)
"qtp1553533936-490" daemon prio=5 tid=490 timed_waiting
java.lang.Thread.State: TIMED_WAITING
        at java.base@21.0.8/jdk.internal.misc.Unsafe.park(Native Method)
        at java.base@21.0.8/java.util.concurrent.locks.LockSupport.parkNanos(LockSupport.java:269)
        at java.base@21.0.8/java.util.concurrent.locks.AbstractQueuedSynchronizer$ConditionObject.awaitNanos(AbstractQueuedSynchronizer.java:1763)
        at app//org.eclipse.jetty.util.BlockingArrayQueue.poll(BlockingArrayQueue.java:382)
        at app//org.eclipse.jetty.util.thread.QueuedThreadPool$Runner.idleJobPoll(QueuedThreadPool.java:974)
        at app//org.eclipse.jetty.util.thread.QueuedThreadPool$Runner.run(QueuedThreadPool.java:1018)
        at java.base@21.0.8/java.lang.Thread.runWith(Thread.java:1596)
        at java.base@21.0.8/java.lang.Thread.run(Thread.java:1583)
"IPC Server handler 23 on default port 15003" daemon prio=5 tid=244 timed_waiting
java.lang.Thread.State: TIMED_WAITING
        at java.base@21.0.8/jdk.internal.misc.Unsafe.park(Native Method)
        at java.base@21.0.8/java.util.concurrent.locks.LockSupport.parkNanos(LockSupport.java:269)
        at java.base@21.0.8/java.util.concurrent.locks.AbstractQueuedSynchronizer$ConditionObject.awaitNanos(AbstractQueuedSynchronizer.java:1763)
        at java.base@21.0.8/java.util.concurrent.LinkedBlockingQueue.poll(LinkedBlockingQueue.java:460)
        at app//org.apache.hadoop.ipc.CallQueueManager.take(CallQueueManager.java:370)
        at app//org.apache.hadoop.ipc.Server$Handler.run(Server.java:3165)
"Socket Reader #1 for port 15001" daemon prio=5 tid=521 runnable
java.lang.Thread.State: RUNNABLE
        at java.base@21.0.8/sun.nio.ch.EPoll.wait(Native Method)
        at java.base@21.0.8/sun.nio.ch.EPollSelectorImpl.doSelect(EPollSelectorImpl.java:121)
        at java.base@21.0.8/sun.nio.ch.SelectorImpl.lockAndDoSelect(SelectorImpl.java:130)
        at java.base@21.0.8/sun.nio.ch.SelectorImpl.select(SelectorImpl.java:147)
        at app//org.apache.hadoop.ipc.Server$Listener$Reader.doRunLoop(Server.java:1497)
        at app//org.apache.hadoop.ipc.Server$Listener$Reader.run(Server.java:1476)
"d5ad88c2-6e7a-4660-bab6-a4e8807a575e-DatanodeStateMachineTaskThread-0"  prio=5 tid=757 in Object.wait()
java.lang.Thread.State: WAITING (on object monitor)
        at java.base@21.0.8/jdk.internal.misc.Unsafe.park(Native Method)
        at java.base@21.0.8/java.util.concurrent.locks.LockSupport.park(LockSupport.java:371)
        at java.base@21.0.8/java.util.concurrent.locks.AbstractQueuedSynchronizer$ConditionNode.block(AbstractQueuedSynchronizer.java:519)
        at java.base@21.0.8/java.util.concurrent.ForkJoinPool.unmanagedBlock(ForkJoinPool.java:3780)
        at java.base@21.0.8/java.util.concurrent.ForkJoinPool.managedBlock(ForkJoinPool.java:3725)
        at java.base@21.0.8/java.util.concurrent.locks.AbstractQueuedSynchronizer$ConditionObject.await(AbstractQueuedSynchronizer.java:1712)
        at java.base@21.0.8/java.util.concurrent.LinkedBlockingQueue.take(LinkedBlockingQueue.java:435)
        at java.base@21.0.8/java.util.concurrent.ThreadPoolExecutor.getTask(ThreadPoolExecutor.java:1070)
        at java.base@21.0.8/java.util.concurrent.ThreadPoolExecutor.runWorker(ThreadPoolExecutor.java:1130)
        at java.base@21.0.8/java.util.concurrent.ThreadPoolExecutor$Worker.run(ThreadPoolExecutor.java:642)
        at java.base@21.0.8/java.lang.Thread.runWith(Thread.java:1596)
        at java.base@21.0.8/java.lang.Thread.run(Thread.java:1583)
"IPC Server handler 18 on default port 15003" daemon prio=5 tid=239 timed_waiting
java.lang.Thread.State: TIMED_WAITING
        at java.base@21.0.8/jdk.internal.misc.Unsafe.park(Native Method)
        at java.base@21.0.8/java.util.concurrent.locks.LockSupport.parkNanos(LockSupport.java:269)
        at java.base@21.0.8/java.util.concurrent.locks.AbstractQueuedSynchronizer$ConditionObject.awaitNanos(AbstractQueuedSynchronizer.java:1763)
        at java.base@21.0.8/java.util.concurrent.LinkedBlockingQueue.poll(LinkedBlockingQueue.java:460)
        at app//org.apache.hadoop.ipc.CallQueueManager.take(CallQueueManager.java:370)
        at app//org.apache.hadoop.ipc.Server$Handler.run(Server.java:3165)
"Recon-FixedThreadPoolWithAffinityExecutor-9-0" daemon prio=5 tid=543 timed_waiting
java.lang.Thread.State: TIMED_WAITING
        at java.base@21.0.8/jdk.internal.misc.Unsafe.park(Native Method)
        at java.base@21.0.8/java.util.concurrent.locks.LockSupport.parkNanos(LockSupport.java:269)
        at java.base@21.0.8/java.util.concurrent.locks.AbstractQueuedSynchronizer$ConditionObject.awaitNanos(AbstractQueuedSynchronizer.java:1763)
        at java.base@21.0.8/java.util.concurrent.LinkedBlockingQueue.poll(LinkedBlockingQueue.java:460)
        at app//org.apache.hadoop.hdds.scm.server.ContainerReportQueue.poll(ContainerReportQueue.java:269)
        at app//org.apache.hadoop.hdds.scm.server.ContainerReportQueue.poll(ContainerReportQueue.java:42)
        at app//org.apache.hadoop.hdds.server.events.FixedThreadPoolWithAffinityExecutor$ContainerReportProcessTask.run(FixedThreadPoolWithAffinityExecutor.java:228)
        at java.base@21.0.8/java.util.concurrent.Executors$RunnableAdapter.call(Executors.java:572)
        at java.base@21.0.8/java.util.concurrent.FutureTask.run(FutureTask.java:317)
        at java.base@21.0.8/java.util.concurrent.ThreadPoolExecutor.runWorker(ThreadPoolExecutor.java:1144)
        at java.base@21.0.8/java.util.concurrent.ThreadPoolExecutor$Worker.run(ThreadPoolExecutor.java:642)
        at java.base@21.0.8/java.lang.Thread.runWith(Thread.java:1596)
        at java.base@21.0.8/java.lang.Thread.run(Thread.java:1583)
"om1-DirectoryDeletingService#0" daemon prio=5 tid=473 in Object.wait()
java.lang.Thread.State: WAITING (on object monitor)
        at java.base@21.0.8/jdk.internal.misc.Unsafe.park(Native Method)
        at java.base@21.0.8/java.util.concurrent.locks.LockSupport.park(LockSupport.java:371)
        at java.base@21.0.8/java.util.concurrent.locks.AbstractQueuedSynchronizer$ConditionNode.block(AbstractQueuedSynchronizer.java:519)
        at java.base@21.0.8/java.util.concurrent.ForkJoinPool.unmanagedBlock(ForkJoinPool.java:3780)
        at java.base@21.0.8/java.util.concurrent.ForkJoinPool.managedBlock(ForkJoinPool.java:3725)
        at java.base@21.0.8/java.util.concurrent.locks.AbstractQueuedSynchronizer$ConditionObject.await(AbstractQueuedSynchronizer.java:1712)
        at java.base@21.0.8/java.util.concurrent.ScheduledThreadPoolExecutor$DelayedWorkQueue.take(ScheduledThreadPoolExecutor.java:1177)
        at java.base@21.0.8/java.util.concurrent.ScheduledThreadPoolExecutor$DelayedWorkQueue.take(ScheduledThreadPoolExecutor.java:899)
        at java.base@21.0.8/java.util.concurrent.ThreadPoolExecutor.getTask(ThreadPoolExecutor.java:1070)
        at java.base@21.0.8/java.util.concurrent.ThreadPoolExecutor.runWorker(ThreadPoolExecutor.java:1130)
        at java.base@21.0.8/java.util.concurrent.ThreadPoolExecutor$Worker.run(ThreadPoolExecutor.java:642)
        at java.base@21.0.8/java.lang.Thread.runWith(Thread.java:1596)
        at java.base@21.0.8/java.lang.Thread.run(Thread.java:1583)
"IPC Server handler 27 on default port 15004" daemon prio=5 tid=366 timed_waiting
java.lang.Thread.State: TIMED_WAITING
        at java.base@21.0.8/jdk.internal.misc.Unsafe.park(Native Method)
        at java.base@21.0.8/java.util.concurrent.locks.LockSupport.parkNanos(LockSupport.java:269)
        at java.base@21.0.8/java.util.concurrent.locks.AbstractQueuedSynchronizer$ConditionObject.awaitNanos(AbstractQueuedSynchronizer.java:1763)
        at java.base@21.0.8/java.util.concurrent.LinkedBlockingQueue.poll(LinkedBlockingQueue.java:460)
        at app//org.apache.hadoop.ipc.CallQueueManager.take(CallQueueManager.java:370)
        at app//org.apache.hadoop.ipc.Server$Handler.run(Server.java:3165)
"d5ad88c2-6e7a-4660-bab6-a4e8807a575e-impl-thread1" daemon prio=5 tid=715 timed_waiting
java.lang.Thread.State: TIMED_WAITING
        at java.base@21.0.8/jdk.internal.misc.Unsafe.park(Native Method)
        at java.base@21.0.8/java.util.concurrent.locks.LockSupport.parkNanos(LockSupport.java:410)
        at java.base@21.0.8/java.util.concurrent.LinkedTransferQueue$DualNode.await(LinkedTransferQueue.java:452)
        at java.base@21.0.8/java.util.concurrent.SynchronousQueue$Transferer.xferLifo(SynchronousQueue.java:194)
        at java.base@21.0.8/java.util.concurrent.SynchronousQueue.xfer(SynchronousQueue.java:235)
        at java.base@21.0.8/java.util.concurrent.SynchronousQueue.poll(SynchronousQueue.java:338)
        at java.base@21.0.8/java.util.concurrent.ThreadPoolExecutor.getTask(ThreadPoolExecutor.java:1069)
        at java.base@21.0.8/java.util.concurrent.ThreadPoolExecutor.runWorker(ThreadPoolExecutor.java:1130)
        at java.base@21.0.8/java.util.concurrent.ThreadPoolExecutor$Worker.run(ThreadPoolExecutor.java:642)
        at java.base@21.0.8/java.lang.Thread.runWith(Thread.java:1596)
        at java.base@21.0.8/java.lang.Thread.run(Thread.java:1583)
"0ed0910f-4ac9-4f62-be34-d90c51a3e6c9-PeriodicHDDSVolumeChecker" daemon prio=5 tid=1010 timed_waiting
java.lang.Thread.State: TIMED_WAITING
        at java.base@21.0.8/jdk.internal.misc.Unsafe.park(Native Method)
        at java.base@21.0.8/java.util.concurrent.locks.LockSupport.parkNanos(LockSupport.java:269)
        at java.base@21.0.8/java.util.concurrent.locks.AbstractQueuedSynchronizer$ConditionObject.awaitNanos(AbstractQueuedSynchronizer.java:1763)
        at java.base@21.0.8/java.util.concurrent.ScheduledThreadPoolExecutor$DelayedWorkQueue.take(ScheduledThreadPoolExecutor.java:1182)
        at java.base@21.0.8/java.util.concurrent.ScheduledThreadPoolExecutor$DelayedWorkQueue.take(ScheduledThreadPoolExecutor.java:899)
        at java.base@21.0.8/java.util.concurrent.ThreadPoolExecutor.getTask(ThreadPoolExecutor.java:1070)
        at java.base@21.0.8/java.util.concurrent.ThreadPoolExecutor.runWorker(ThreadPoolExecutor.java:1130)
        at java.base@21.0.8/java.util.concurrent.ThreadPoolExecutor$Worker.run(ThreadPoolExecutor.java:642)
        at java.base@21.0.8/java.lang.Thread.runWith(Thread.java:1596)
        at java.base@21.0.8/java.lang.Thread.run(Thread.java:1583)
"d5ad88c2-6e7a-4660-bab6-a4e8807a575e-ContainerReplicationThread-0" daemon prio=5 tid=1323 in Object.wait()
java.lang.Thread.State: WAITING (on object monitor)
        at java.base@21.0.8/jdk.internal.misc.Unsafe.park(Native Method)
        at java.base@21.0.8/java.util.concurrent.locks.LockSupport.park(LockSupport.java:371)
        at java.base@21.0.8/java.util.concurrent.locks.AbstractQueuedSynchronizer$ConditionNode.block(AbstractQueuedSynchronizer.java:519)
        at java.base@21.0.8/java.util.concurrent.ForkJoinPool.unmanagedBlock(ForkJoinPool.java:3780)
        at java.base@21.0.8/java.util.concurrent.ForkJoinPool.managedBlock(ForkJoinPool.java:3725)
        at java.base@21.0.8/java.util.concurrent.locks.AbstractQueuedSynchronizer$ConditionObject.await(AbstractQueuedSynchronizer.java:1712)
        at java.base@21.0.8/java.util.concurrent.PriorityBlockingQueue.take(PriorityBlockingQueue.java:535)
        at java.base@21.0.8/java.util.concurrent.ThreadPoolExecutor.getTask(ThreadPoolExecutor.java:1070)
        at java.base@21.0.8/java.util.concurrent.ThreadPoolExecutor.runWorker(ThreadPoolExecutor.java:1130)
        at java.base@21.0.8/java.util.concurrent.ThreadPoolExecutor$Worker.run(ThreadPoolExecutor.java:642)
        at java.base@21.0.8/java.lang.Thread.runWith(Thread.java:1596)
        at java.base@21.0.8/java.lang.Thread.run(Thread.java:1583)
"IPC Server handler 29 on default port 15001" daemon prio=5 tid=587 timed_waiting
java.lang.Thread.State: TIMED_WAITING
        at java.base@21.0.8/jdk.internal.misc.Unsafe.park(Native Method)
        at java.base@21.0.8/java.util.concurrent.locks.LockSupport.parkNanos(LockSupport.java:269)
        at java.base@21.0.8/java.util.concurrent.locks.AbstractQueuedSynchronizer$ConditionObject.awaitNanos(AbstractQueuedSynchronizer.java:1763)
        at java.base@21.0.8/java.util.concurrent.LinkedBlockingQueue.poll(LinkedBlockingQueue.java:460)
        at app//org.apache.hadoop.ipc.CallQueueManager.take(CallQueueManager.java:370)
        at app//org.apache.hadoop.ipc.Server$Handler.run(Server.java:3165)
"346684e1-b57f-4c29-9507-935dad45bd68-CommandProcessorThread" daemon prio=5 tid=898 timed_waiting
java.lang.Thread.State: TIMED_WAITING
        at java.base@21.0.8/java.lang.Thread.sleep0(Native Method)
        at java.base@21.0.8/java.lang.Thread.sleep(Thread.java:509)
        at app//org.apache.hadoop.ozone.container.common.statemachine.DatanodeStateMachine.lambda$initCommandHandlerThread$4(DatanodeStateMachine.java:681)
        at app//org.apache.hadoop.ozone.container.common.statemachine.DatanodeStateMachine$$Lambda/0x00007f18e8c9c828.run(Unknown Source)
        at java.base@21.0.8/java.lang.Thread.runWith(Thread.java:1596)
        at java.base@21.0.8/java.lang.Thread.run(Thread.java:1583)
"42a5f925-1bc2-4f8a-8509-c5ae65e6fcde-EndpointStateMachineTaskThread-/0.0.0.0:15004-0 "  prio=5 tid=775 in Object.wait()
java.lang.Thread.State: WAITING (on object monitor)
        at java.base@21.0.8/jdk.internal.misc.Unsafe.park(Native Method)
        at java.base@21.0.8/java.util.concurrent.locks.LockSupport.park(LockSupport.java:371)
        at java.base@21.0.8/java.util.concurrent.locks.AbstractQueuedSynchronizer$ConditionNode.block(AbstractQueuedSynchronizer.java:519)
        at java.base@21.0.8/java.util.concurrent.ForkJoinPool.unmanagedBlock(ForkJoinPool.java:3780)
        at java.base@21.0.8/java.util.concurrent.ForkJoinPool.managedBlock(ForkJoinPool.java:3725)
        at java.base@21.0.8/java.util.concurrent.locks.AbstractQueuedSynchronizer$ConditionObject.await(AbstractQueuedSynchronizer.java:1712)
        at java.base@21.0.8/java.util.concurrent.LinkedBlockingQueue.take(LinkedBlockingQueue.java:435)
        at java.base@21.0.8/java.util.concurrent.ThreadPoolExecutor.getTask(ThreadPoolExecutor.java:1070)
        at java.base@21.0.8/java.util.concurrent.ThreadPoolExecutor.runWorker(ThreadPoolExecutor.java:1130)
        at java.base@21.0.8/java.util.concurrent.ThreadPoolExecutor$Worker.run(ThreadPoolExecutor.java:642)
        at java.base@21.0.8/java.lang.Thread.runWith(Thread.java:1596)
        at java.base@21.0.8/java.lang.Thread.run(Thread.java:1583)
"0ed0910f-4ac9-4f62-be34-d90c51a3e6c9-DatanodeReportManager-3" daemon prio=5 tid=976 in Object.wait()
java.lang.Thread.State: WAITING (on object monitor)
        at java.base@21.0.8/jdk.internal.misc.Unsafe.park(Native Method)
        at java.base@21.0.8/java.util.concurrent.locks.LockSupport.park(LockSupport.java:371)
        at java.base@21.0.8/java.util.concurrent.locks.AbstractQueuedSynchronizer$ConditionNode.block(AbstractQueuedSynchronizer.java:519)
        at java.base@21.0.8/java.util.concurrent.ForkJoinPool.unmanagedBlock(ForkJoinPool.java:3780)
        at java.base@21.0.8/java.util.concurrent.ForkJoinPool.managedBlock(ForkJoinPool.java:3725)
        at java.base@21.0.8/java.util.concurrent.locks.AbstractQueuedSynchronizer$ConditionObject.await(AbstractQueuedSynchronizer.java:1712)
        at java.base@21.0.8/java.util.concurrent.ScheduledThreadPoolExecutor$DelayedWorkQueue.take(ScheduledThreadPoolExecutor.java:1177)
        at java.base@21.0.8/java.util.concurrent.ScheduledThreadPoolExecutor$DelayedWorkQueue.take(ScheduledThreadPoolExecutor.java:899)
        at java.base@21.0.8/java.util.concurrent.ThreadPoolExecutor.getTask(ThreadPoolExecutor.java:1070)
        at java.base@21.0.8/java.util.concurrent.ThreadPoolExecutor.runWorker(ThreadPoolExecutor.java:1130)
        at java.base@21.0.8/java.util.concurrent.ThreadPoolExecutor$Worker.run(ThreadPoolExecutor.java:642)
        at java.base@21.0.8/java.lang.Thread.runWith(Thread.java:1596)
        at java.base@21.0.8/java.lang.Thread.run(Thread.java:1583)
"IPC Server handler 90 on default port 15004" daemon prio=5 tid=429 timed_waiting
java.lang.Thread.State: TIMED_WAITING
        at java.base@21.0.8/jdk.internal.misc.Unsafe.park(Native Method)
        at java.base@21.0.8/java.util.concurrent.locks.LockSupport.parkNanos(LockSupport.java:269)
        at java.base@21.0.8/java.util.concurrent.locks.AbstractQueuedSynchronizer$ConditionObject.awaitNanos(AbstractQueuedSynchronizer.java:1763)
        at java.base@21.0.8/java.util.concurrent.LinkedBlockingQueue.poll(LinkedBlockingQueue.java:460)
        at app//org.apache.hadoop.ipc.CallQueueManager.take(CallQueueManager.java:370)
        at app//org.apache.hadoop.ipc.Server$Handler.run(Server.java:3165)
"IPC Server handler 9 on default port 15021" daemon prio=5 tid=750 timed_waiting
java.lang.Thread.State: TIMED_WAITING
        at java.base@21.0.8/jdk.internal.misc.Unsafe.park(Native Method)
        at java.base@21.0.8/java.util.concurrent.locks.LockSupport.parkNanos(LockSupport.java:269)
        at java.base@21.0.8/java.util.concurrent.locks.AbstractQueuedSynchronizer$ConditionObject.awaitNanos(AbstractQueuedSynchronizer.java:1763)
        at java.base@21.0.8/java.util.concurrent.LinkedBlockingQueue.poll(LinkedBlockingQueue.java:460)
        at app//org.apache.hadoop.ipc.CallQueueManager.take(CallQueueManager.java:370)
        at app//org.apache.hadoop.ipc.Server$Handler.run(Server.java:3165)
"StaleRecoveringContainerScrubbingService#1" daemon prio=5 tid=1002 timed_waiting
java.lang.Thread.State: TIMED_WAITING
        at java.base@21.0.8/jdk.internal.misc.Unsafe.park(Native Method)
        at java.base@21.0.8/java.util.concurrent.locks.LockSupport.parkNanos(LockSupport.java:269)
        at java.base@21.0.8/java.util.concurrent.locks.AbstractQueuedSynchronizer$ConditionObject.awaitNanos(AbstractQueuedSynchronizer.java:1763)
        at java.base@21.0.8/java.util.concurrent.ScheduledThreadPoolExecutor$DelayedWorkQueue.take(ScheduledThreadPoolExecutor.java:1182)
        at java.base@21.0.8/java.util.concurrent.ScheduledThreadPoolExecutor$DelayedWorkQueue.take(ScheduledThreadPoolExecutor.java:899)
        at java.base@21.0.8/java.util.concurrent.ThreadPoolExecutor.getTask(ThreadPoolExecutor.java:1070)
        at java.base@21.0.8/java.util.concurrent.ThreadPoolExecutor.runWorker(ThreadPoolExecutor.java:1130)
        at java.base@21.0.8/java.util.concurrent.ThreadPoolExecutor$Worker.run(ThreadPoolExecutor.java:642)
        at java.base@21.0.8/java.lang.Thread.runWith(Thread.java:1596)
        at java.base@21.0.8/java.lang.Thread.run(Thread.java:1583)
"Socket Reader #7 for port 15003" daemon prio=5 tid=83 runnable
java.lang.Thread.State: RUNNABLE
        at java.base@21.0.8/sun.nio.ch.EPoll.wait(Native Method)
        at java.base@21.0.8/sun.nio.ch.EPollSelectorImpl.doSelect(EPollSelectorImpl.java:121)
        at java.base@21.0.8/sun.nio.ch.SelectorImpl.lockAndDoSelect(SelectorImpl.java:130)
        at java.base@21.0.8/sun.nio.ch.SelectorImpl.select(SelectorImpl.java:147)
        at app//org.apache.hadoop.ipc.Server$Listener$Reader.doRunLoop(Server.java:1497)
        at app//org.apache.hadoop.ipc.Server$Listener$Reader.run(Server.java:1476)
"0ed0910f-4ac9-4f62-be34-d90c51a3e6c9-DatanodeReportManager-2" daemon prio=5 tid=975 in Object.wait()
java.lang.Thread.State: WAITING (on object monitor)
        at java.base@21.0.8/jdk.internal.misc.Unsafe.park(Native Method)
        at java.base@21.0.8/java.util.concurrent.locks.LockSupport.park(LockSupport.java:371)
        at java.base@21.0.8/java.util.concurrent.locks.AbstractQueuedSynchronizer$ConditionNode.block(AbstractQueuedSynchronizer.java:519)
        at java.base@21.0.8/java.util.concurrent.ForkJoinPool.unmanagedBlock(ForkJoinPool.java:3780)
        at java.base@21.0.8/java.util.concurrent.ForkJoinPool.managedBlock(ForkJoinPool.java:3725)
        at java.base@21.0.8/java.util.concurrent.locks.AbstractQueuedSynchronizer$ConditionObject.await(AbstractQueuedSynchronizer.java:1712)
        at java.base@21.0.8/java.util.concurrent.ScheduledThreadPoolExecutor$DelayedWorkQueue.take(ScheduledThreadPoolExecutor.java:1177)
        at java.base@21.0.8/java.util.concurrent.ScheduledThreadPoolExecutor$DelayedWorkQueue.take(ScheduledThreadPoolExecutor.java:899)
        at java.base@21.0.8/java.util.concurrent.ThreadPoolExecutor.getTask(ThreadPoolExecutor.java:1070)
        at java.base@21.0.8/java.util.concurrent.ThreadPoolExecutor.runWorker(ThreadPoolExecutor.java:1130)
        at java.base@21.0.8/java.util.concurrent.ThreadPoolExecutor$Worker.run(ThreadPoolExecutor.java:642)
        at java.base@21.0.8/java.lang.Thread.runWith(Thread.java:1596)
        at java.base@21.0.8/java.lang.Thread.run(Thread.java:1583)
"StaleRecoveringContainerScrubbingService#0" daemon prio=5 tid=1027 timed_waiting
java.lang.Thread.State: TIMED_WAITING
        at java.base@21.0.8/jdk.internal.misc.Unsafe.park(Native Method)
        at java.base@21.0.8/java.util.concurrent.locks.LockSupport.parkNanos(LockSupport.java:269)
        at java.base@21.0.8/java.util.concurrent.locks.AbstractQueuedSynchronizer$ConditionObject.awaitNanos(AbstractQueuedSynchronizer.java:1763)
        at java.base@21.0.8/java.util.concurrent.ScheduledThreadPoolExecutor$DelayedWorkQueue.take(ScheduledThreadPoolExecutor.java:1182)
        at java.base@21.0.8/java.util.concurrent.ScheduledThreadPoolExecutor$DelayedWorkQueue.take(ScheduledThreadPoolExecutor.java:899)
        at java.base@21.0.8/java.util.concurrent.ThreadPoolExecutor.getTask(ThreadPoolExecutor.java:1070)
        at java.base@21.0.8/java.util.concurrent.ThreadPoolExecutor.runWorker(ThreadPoolExecutor.java:1130)
        at java.base@21.0.8/java.util.concurrent.ThreadPoolExecutor$Worker.run(ThreadPoolExecutor.java:642)
        at java.base@21.0.8/java.lang.Thread.runWith(Thread.java:1596)
        at java.base@21.0.8/java.lang.Thread.run(Thread.java:1583)
"grpc-default-executor-3" daemon prio=5 tid=1117 timed_waiting
java.lang.Thread.State: TIMED_WAITING
        at java.base@21.0.8/jdk.internal.misc.Unsafe.park(Native Method)
        at java.base@21.0.8/java.util.concurrent.locks.LockSupport.parkNanos(LockSupport.java:410)
        at java.base@21.0.8/java.util.concurrent.LinkedTransferQueue$DualNode.await(LinkedTransferQueue.java:452)
        at java.base@21.0.8/java.util.concurrent.SynchronousQueue$Transferer.xferLifo(SynchronousQueue.java:194)
        at java.base@21.0.8/java.util.concurrent.SynchronousQueue.xfer(SynchronousQueue.java:235)
        at java.base@21.0.8/java.util.concurrent.SynchronousQueue.poll(SynchronousQueue.java:338)
        at java.base@21.0.8/java.util.concurrent.ThreadPoolExecutor.getTask(ThreadPoolExecutor.java:1069)
        at java.base@21.0.8/java.util.concurrent.ThreadPoolExecutor.runWorker(ThreadPoolExecutor.java:1130)
        at java.base@21.0.8/java.util.concurrent.ThreadPoolExecutor$Worker.run(ThreadPoolExecutor.java:642)
        at java.base@21.0.8/java.lang.Thread.runWith(Thread.java:1596)
        at java.base@21.0.8/java.lang.Thread.run(Thread.java:1583)
"Socket Reader #5 for port 15003" daemon prio=5 tid=81 runnable
java.lang.Thread.State: RUNNABLE
        at java.base@21.0.8/sun.nio.ch.EPoll.wait(Native Method)
        at java.base@21.0.8/sun.nio.ch.EPollSelectorImpl.doSelect(EPollSelectorImpl.java:121)
        at java.base@21.0.8/sun.nio.ch.SelectorImpl.lockAndDoSelect(SelectorImpl.java:130)
        at java.base@21.0.8/sun.nio.ch.SelectorImpl.select(SelectorImpl.java:147)
        at app//org.apache.hadoop.ipc.Server$Listener$Reader.doRunLoop(Server.java:1497)
        at app//org.apache.hadoop.ipc.Server$Listener$Reader.run(Server.java:1476)
"prometheus" daemon prio=5 tid=333 in Object.wait()
java.lang.Thread.State: WAITING (on object monitor)
        at java.base@21.0.8/java.lang.Object.wait0(Native Method)
        at java.base@21.0.8/java.lang.Object.wait(Object.java:366)
        at java.base@21.0.8/java.lang.Object.wait(Object.java:339)
        at app//org.apache.hadoop.metrics2.impl.SinkQueue.waitForData(SinkQueue.java:114)
        at app//org.apache.hadoop.metrics2.impl.SinkQueue.consumeAll(SinkQueue.java:83)
        at app//org.apache.hadoop.metrics2.impl.MetricsSinkAdapter.publishMetricsFromQueue(MetricsSinkAdapter.java:135)
        at app//org.apache.hadoop.metrics2.impl.MetricsSinkAdapter$1.run(MetricsSinkAdapter.java:89)
"qtp391903823-546-acceptor-0@61de8969-ServerConnector@313f5fe8{HTTP/1.1, (http/1.1)}{0.0.0.0:15000}" daemon prio=3 tid=546 runnable
java.lang.Thread.State: RUNNABLE
        at java.base@21.0.8/sun.nio.ch.Net.accept(Native Method)
        at java.base@21.0.8/sun.nio.ch.ServerSocketChannelImpl.implAccept(ServerSocketChannelImpl.java:433)
        at java.base@21.0.8/sun.nio.ch.ServerSocketChannelImpl.accept(ServerSocketChannelImpl.java:399)
        at app//org.eclipse.jetty.server.ServerConnector.accept(ServerConnector.java:388)
        at app//org.eclipse.jetty.server.AbstractConnector$Acceptor.run(AbstractConnector.java:704)
        at app//org.eclipse.jetty.util.thread.QueuedThreadPool.runJob(QueuedThreadPool.java:883)
        at app//org.eclipse.jetty.util.thread.QueuedThreadPool$Runner.run(QueuedThreadPool.java:1034)
        at java.base@21.0.8/java.lang.Thread.runWith(Thread.java:1596)
        at java.base@21.0.8/java.lang.Thread.run(Thread.java:1583)
"Socket Reader #10 for port 15001" daemon prio=5 tid=530 runnable
java.lang.Thread.State: RUNNABLE
        at java.base@21.0.8/sun.nio.ch.EPoll.wait(Native Method)
        at java.base@21.0.8/sun.nio.ch.EPollSelectorImpl.doSelect(EPollSelectorImpl.java:121)
        at java.base@21.0.8/sun.nio.ch.SelectorImpl.lockAndDoSelect(SelectorImpl.java:130)
        at java.base@21.0.8/sun.nio.ch.SelectorImpl.select(SelectorImpl.java:147)
        at app//org.apache.hadoop.ipc.Server$Listener$Reader.doRunLoop(Server.java:1497)
        at app//org.apache.hadoop.ipc.Server$Listener$Reader.run(Server.java:1476)
"IPC Server handler 90 on default port 15001" daemon prio=5 tid=648 timed_waiting
java.lang.Thread.State: TIMED_WAITING
        at java.base@21.0.8/jdk.internal.misc.Unsafe.park(Native Method)
        at java.base@21.0.8/java.util.concurrent.locks.LockSupport.parkNanos(LockSupport.java:269)
        at java.base@21.0.8/java.util.concurrent.locks.AbstractQueuedSynchronizer$ConditionObject.awaitNanos(AbstractQueuedSynchronizer.java:1763)
        at java.base@21.0.8/java.util.concurrent.LinkedBlockingQueue.poll(LinkedBlockingQueue.java:460)
        at app//org.apache.hadoop.ipc.CallQueueManager.take(CallQueueManager.java:370)
        at app//org.apache.hadoop.ipc.Server$Handler.run(Server.java:3165)
"IPC Server idle connection scanner for port 15021" daemon prio=5 tid=738 timed_waiting
java.lang.Thread.State: TIMED_WAITING
        at java.base@21.0.8/java.lang.Object.wait0(Native Method)
        at java.base@21.0.8/java.lang.Object.wait(Object.java:366)
        at java.base@21.0.8/java.util.TimerThread.mainLoop(Timer.java:563)
        at java.base@21.0.8/java.util.TimerThread.run(Timer.java:516)
"IPC Server handler 31 on default port 15001" daemon prio=5 tid=589 timed_waiting
java.lang.Thread.State: TIMED_WAITING
        at java.base@21.0.8/jdk.internal.misc.Unsafe.park(Native Method)
        at java.base@21.0.8/java.util.concurrent.locks.LockSupport.parkNanos(LockSupport.java:269)
        at java.base@21.0.8/java.util.concurrent.locks.AbstractQueuedSynchronizer$ConditionObject.awaitNanos(AbstractQueuedSynchronizer.java:1763)
        at java.base@21.0.8/java.util.concurrent.LinkedBlockingQueue.poll(LinkedBlockingQueue.java:460)
        at app//org.apache.hadoop.ipc.CallQueueManager.take(CallQueueManager.java:370)
        at app//org.apache.hadoop.ipc.Server$Handler.run(Server.java:3165)
"IPC Server handler 87 on default port 15004" daemon prio=5 tid=426 timed_waiting
java.lang.Thread.State: TIMED_WAITING
        at java.base@21.0.8/jdk.internal.misc.Unsafe.park(Native Method)
        at java.base@21.0.8/java.util.concurrent.locks.LockSupport.parkNanos(LockSupport.java:269)
        at java.base@21.0.8/java.util.concurrent.locks.AbstractQueuedSynchronizer$ConditionObject.awaitNanos(AbstractQueuedSynchronizer.java:1763)
        at java.base@21.0.8/java.util.concurrent.LinkedBlockingQueue.poll(LinkedBlockingQueue.java:460)
        at app//org.apache.hadoop.ipc.CallQueueManager.take(CallQueueManager.java:370)
        at app//org.apache.hadoop.ipc.Server$Handler.run(Server.java:3165)
"qtp1760296638-819-acceptor-0@7805b4da-ServerConnector@9b5ca7c{HTTP/1.1, (http/1.1)}{0.0.0.0:15036}" daemon prio=3 tid=819 runnable
java.lang.Thread.State: RUNNABLE
        at java.base@21.0.8/sun.nio.ch.Net.accept(Native Method)
        at java.base@21.0.8/sun.nio.ch.ServerSocketChannelImpl.implAccept(ServerSocketChannelImpl.java:433)
        at java.base@21.0.8/sun.nio.ch.ServerSocketChannelImpl.accept(ServerSocketChannelImpl.java:399)
        at app//org.eclipse.jetty.server.ServerConnector.accept(ServerConnector.java:388)
        at app//org.eclipse.jetty.server.AbstractConnector$Acceptor.run(AbstractConnector.java:704)
        at app//org.eclipse.jetty.util.thread.QueuedThreadPool.runJob(QueuedThreadPool.java:883)
        at app//org.eclipse.jetty.util.thread.QueuedThreadPool$Runner.run(QueuedThreadPool.java:1034)
        at java.base@21.0.8/java.lang.Thread.runWith(Thread.java:1596)
        at java.base@21.0.8/java.lang.Thread.run(Thread.java:1583)
"grpc-default-boss-ELG-1-1" daemon prio=5 tid=45 runnable
java.lang.Thread.State: RUNNABLE
        at app//org.apache.ratis.thirdparty.io.netty.channel.epoll.Native.epollWait(Native Method)
        at app//org.apache.ratis.thirdparty.io.netty.channel.epoll.Native.epollWait(Native.java:220)
        at app//org.apache.ratis.thirdparty.io.netty.channel.epoll.Native.epollWait(Native.java:213)
        at app//org.apache.ratis.thirdparty.io.netty.channel.epoll.EpollEventLoop.epollWaitNoTimerChange(EpollEventLoop.java:308)
        at app//org.apache.ratis.thirdparty.io.netty.channel.epoll.EpollEventLoop.run(EpollEventLoop.java:365)
        at app//org.apache.ratis.thirdparty.io.netty.util.concurrent.SingleThreadEventExecutor$4.run(SingleThreadEventExecutor.java:998)
        at app//org.apache.ratis.thirdparty.io.netty.util.internal.ThreadExecutorMap$2.run(ThreadExecutorMap.java:74)
        at app//org.apache.ratis.thirdparty.io.netty.util.concurrent.FastThreadLocalRunnable.run(FastThreadLocalRunnable.java:30)
        at java.base@21.0.8/java.lang.Thread.runWith(Thread.java:1596)
        at java.base@21.0.8/java.lang.Thread.run(Thread.java:1583)
"IPC Server handler 93 on default port 15004" daemon prio=5 tid=432 timed_waiting
java.lang.Thread.State: TIMED_WAITING
        at java.base@21.0.8/jdk.internal.misc.Unsafe.park(Native Method)
        at java.base@21.0.8/java.util.concurrent.locks.LockSupport.parkNanos(LockSupport.java:269)
        at java.base@21.0.8/java.util.concurrent.locks.AbstractQueuedSynchronizer$ConditionObject.awaitNanos(AbstractQueuedSynchronizer.java:1763)
        at java.base@21.0.8/java.util.concurrent.LinkedBlockingQueue.poll(LinkedBlockingQueue.java:460)
        at app//org.apache.hadoop.ipc.CallQueueManager.take(CallQueueManager.java:370)
        at app//org.apache.hadoop.ipc.Server$Handler.run(Server.java:3165)
"IPC Server handler 81 on default port 15002" daemon prio=5 tid=202 timed_waiting
java.lang.Thread.State: TIMED_WAITING
        at java.base@21.0.8/jdk.internal.misc.Unsafe.park(Native Method)
        at java.base@21.0.8/java.util.concurrent.locks.LockSupport.parkNanos(LockSupport.java:269)
        at java.base@21.0.8/java.util.concurrent.locks.AbstractQueuedSynchronizer$ConditionObject.awaitNanos(AbstractQueuedSynchronizer.java:1763)
        at java.base@21.0.8/java.util.concurrent.LinkedBlockingQueue.poll(LinkedBlockingQueue.java:460)
        at app//org.apache.hadoop.ipc.CallQueueManager.take(CallQueueManager.java:370)
        at app//org.apache.hadoop.ipc.Server$Handler.run(Server.java:3165)
"IPC Server handler 9 on default port 15004" daemon prio=5 tid=348 timed_waiting
java.lang.Thread.State: TIMED_WAITING
        at java.base@21.0.8/jdk.internal.misc.Unsafe.park(Native Method)
        at java.base@21.0.8/java.util.concurrent.locks.LockSupport.parkNanos(LockSupport.java:269)
        at java.base@21.0.8/java.util.concurrent.locks.AbstractQueuedSynchronizer$ConditionObject.awaitNanos(AbstractQueuedSynchronizer.java:1763)
        at java.base@21.0.8/java.util.concurrent.LinkedBlockingQueue.poll(LinkedBlockingQueue.java:460)
        at app//org.apache.hadoop.ipc.CallQueueManager.take(CallQueueManager.java:370)
        at app//org.apache.hadoop.ipc.Server$Handler.run(Server.java:3165)
"346684e1-b57f-4c29-9507-935dad45bd68-ReplicationContainerReader-0" daemon prio=5 tid=1324 in Object.wait()
java.lang.Thread.State: WAITING (on object monitor)
        at java.base@21.0.8/jdk.internal.misc.Unsafe.park(Native Method)
        at java.base@21.0.8/java.util.concurrent.locks.LockSupport.park(LockSupport.java:371)
        at java.base@21.0.8/java.util.concurrent.locks.AbstractQueuedSynchronizer$ConditionNode.block(AbstractQueuedSynchronizer.java:519)
        at java.base@21.0.8/java.util.concurrent.ForkJoinPool.unmanagedBlock(ForkJoinPool.java:3780)
        at java.base@21.0.8/java.util.concurrent.ForkJoinPool.managedBlock(ForkJoinPool.java:3725)
        at java.base@21.0.8/java.util.concurrent.locks.AbstractQueuedSynchronizer$ConditionObject.await(AbstractQueuedSynchronizer.java:1712)
        at java.base@21.0.8/java.util.concurrent.LinkedBlockingQueue.take(LinkedBlockingQueue.java:435)
        at java.base@21.0.8/java.util.concurrent.ThreadPoolExecutor.getTask(ThreadPoolExecutor.java:1070)
        at java.base@21.0.8/java.util.concurrent.ThreadPoolExecutor.runWorker(ThreadPoolExecutor.java:1130)
        at java.base@21.0.8/java.util.concurrent.ThreadPoolExecutor$Worker.run(ThreadPoolExecutor.java:642)
        at java.base@21.0.8/java.lang.Thread.runWith(Thread.java:1596)
        at java.base@21.0.8/java.lang.Thread.run(Thread.java:1583)
"Socket Reader #2 for port 15004" daemon prio=5 tid=64 runnable
java.lang.Thread.State: RUNNABLE
        at java.base@21.0.8/sun.nio.ch.EPoll.wait(Native Method)
        at java.base@21.0.8/sun.nio.ch.EPollSelectorImpl.doSelect(EPollSelectorImpl.java:121)
        at java.base@21.0.8/sun.nio.ch.SelectorImpl.lockAndDoSelect(SelectorImpl.java:130)
        at java.base@21.0.8/sun.nio.ch.SelectorImpl.select(SelectorImpl.java:147)
        at app//org.apache.hadoop.ipc.Server$Listener$Reader.doRunLoop(Server.java:1497)
        at app//org.apache.hadoop.ipc.Server$Listener$Reader.run(Server.java:1476)
"IPC Server handler 5 on default port 15001" daemon prio=5 tid=563 timed_waiting
java.lang.Thread.State: TIMED_WAITING
        at java.base@21.0.8/jdk.internal.misc.Unsafe.park(Native Method)
        at java.base@21.0.8/java.util.concurrent.locks.LockSupport.parkNanos(LockSupport.java:269)
        at java.base@21.0.8/java.util.concurrent.locks.AbstractQueuedSynchronizer$ConditionObject.awaitNanos(AbstractQueuedSynchronizer.java:1763)
        at java.base@21.0.8/java.util.concurrent.LinkedBlockingQueue.poll(LinkedBlockingQueue.java:460)
        at app//org.apache.hadoop.ipc.CallQueueManager.take(CallQueueManager.java:370)
        at app//org.apache.hadoop.ipc.Server$Handler.run(Server.java:3165)
"IPC Server handler 5 on default port 15002" daemon prio=5 tid=126 timed_waiting
java.lang.Thread.State: TIMED_WAITING
        at java.base@21.0.8/jdk.internal.misc.Unsafe.park(Native Method)
        at java.base@21.0.8/java.util.concurrent.locks.LockSupport.parkNanos(LockSupport.java:269)
        at java.base@21.0.8/java.util.concurrent.locks.AbstractQueuedSynchronizer$ConditionObject.awaitNanos(AbstractQueuedSynchronizer.java:1763)
        at java.base@21.0.8/java.util.concurrent.LinkedBlockingQueue.poll(LinkedBlockingQueue.java:460)
        at app//org.apache.hadoop.ipc.CallQueueManager.take(CallQueueManager.java:370)
        at app//org.apache.hadoop.ipc.Server$Handler.run(Server.java:3165)
"IPC Server handler 81 on default port 15003" daemon prio=5 tid=302 timed_waiting
java.lang.Thread.State: TIMED_WAITING
        at java.base@21.0.8/jdk.internal.misc.Unsafe.park(Native Method)
        at java.base@21.0.8/java.util.concurrent.locks.LockSupport.parkNanos(LockSupport.java:269)
        at java.base@21.0.8/java.util.concurrent.locks.AbstractQueuedSynchronizer$ConditionObject.awaitNanos(AbstractQueuedSynchronizer.java:1763)
        at java.base@21.0.8/java.util.concurrent.LinkedBlockingQueue.poll(LinkedBlockingQueue.java:460)
        at app//org.apache.hadoop.ipc.CallQueueManager.take(CallQueueManager.java:370)
        at app//org.apache.hadoop.ipc.Server$Handler.run(Server.java:3165)
"IPC Server handler 26 on default port 15003" daemon prio=5 tid=247 timed_waiting
java.lang.Thread.State: TIMED_WAITING
        at java.base@21.0.8/jdk.internal.misc.Unsafe.park(Native Method)
        at java.base@21.0.8/java.util.concurrent.locks.LockSupport.parkNanos(LockSupport.java:269)
        at java.base@21.0.8/java.util.concurrent.locks.AbstractQueuedSynchronizer$ConditionObject.awaitNanos(AbstractQueuedSynchronizer.java:1763)
        at java.base@21.0.8/java.util.concurrent.LinkedBlockingQueue.poll(LinkedBlockingQueue.java:460)
        at app//org.apache.hadoop.ipc.CallQueueManager.take(CallQueueManager.java:370)
        at app//org.apache.hadoop.ipc.Server$Handler.run(Server.java:3165)
"IPC Server handler 10 on default port 15008" daemon prio=5 tid=502 timed_waiting
java.lang.Thread.State: TIMED_WAITING
        at java.base@21.0.8/jdk.internal.misc.Unsafe.park(Native Method)
        at java.base@21.0.8/java.util.concurrent.locks.LockSupport.parkNanos(LockSupport.java:269)
        at java.base@21.0.8/java.util.concurrent.locks.AbstractQueuedSynchronizer$ConditionObject.awaitNanos(AbstractQueuedSynchronizer.java:1763)
        at java.base@21.0.8/java.util.concurrent.LinkedBlockingQueue.poll(LinkedBlockingQueue.java:460)
        at app//org.apache.hadoop.ipc.CallQueueManager.take(CallQueueManager.java:370)
        at app//org.apache.hadoop.ipc.Server$Handler.run(Server.java:3165)
"IPC Server handler 46 on default port 15002" daemon prio=5 tid=167 timed_waiting
java.lang.Thread.State: TIMED_WAITING
        at java.base@21.0.8/jdk.internal.misc.Unsafe.park(Native Method)
        at java.base@21.0.8/java.util.concurrent.locks.LockSupport.parkNanos(LockSupport.java:269)
        at java.base@21.0.8/java.util.concurrent.locks.AbstractQueuedSynchronizer$ConditionObject.awaitNanos(AbstractQueuedSynchronizer.java:1763)
        at java.base@21.0.8/java.util.concurrent.LinkedBlockingQueue.poll(LinkedBlockingQueue.java:460)
        at app//org.apache.hadoop.ipc.CallQueueManager.take(CallQueueManager.java:370)
        at app//org.apache.hadoop.ipc.Server$Handler.run(Server.java:3165)
"deletedTable_PartialTableCache-Cleanup-0" daemon prio=5 tid=1148 in Object.wait()
java.lang.Thread.State: WAITING (on object monitor)
        at java.base@21.0.8/jdk.internal.misc.Unsafe.park(Native Method)
        at java.base@21.0.8/java.util.concurrent.locks.LockSupport.park(LockSupport.java:371)
        at java.base@21.0.8/java.util.concurrent.locks.AbstractQueuedSynchronizer$ConditionNode.block(AbstractQueuedSynchronizer.java:519)
        at java.base@21.0.8/java.util.concurrent.ForkJoinPool.unmanagedBlock(ForkJoinPool.java:3780)
        at java.base@21.0.8/java.util.concurrent.ForkJoinPool.managedBlock(ForkJoinPool.java:3725)
        at java.base@21.0.8/java.util.concurrent.locks.AbstractQueuedSynchronizer$ConditionObject.await(AbstractQueuedSynchronizer.java:1712)
        at java.base@21.0.8/java.util.concurrent.LinkedBlockingQueue.take(LinkedBlockingQueue.java:435)
        at java.base@21.0.8/java.util.concurrent.ThreadPoolExecutor.getTask(ThreadPoolExecutor.java:1070)
        at java.base@21.0.8/java.util.concurrent.ThreadPoolExecutor.runWorker(ThreadPoolExecutor.java:1130)
        at java.base@21.0.8/java.util.concurrent.ThreadPoolExecutor$Worker.run(ThreadPoolExecutor.java:642)
        at java.base@21.0.8/java.lang.Thread.runWith(Thread.java:1596)
        at java.base@21.0.8/java.lang.Thread.run(Thread.java:1583)
"IPC Server handler 76 on default port 15003" daemon prio=5 tid=297 timed_waiting
java.lang.Thread.State: TIMED_WAITING
        at java.base@21.0.8/jdk.internal.misc.Unsafe.park(Native Method)
        at java.base@21.0.8/java.util.concurrent.locks.LockSupport.parkNanos(LockSupport.java:269)
        at java.base@21.0.8/java.util.concurrent.locks.AbstractQueuedSynchronizer$ConditionObject.awaitNanos(AbstractQueuedSynchronizer.java:1763)
        at java.base@21.0.8/java.util.concurrent.LinkedBlockingQueue.poll(LinkedBlockingQueue.java:460)
        at app//org.apache.hadoop.ipc.CallQueueManager.take(CallQueueManager.java:370)
        at app//org.apache.hadoop.ipc.Server$Handler.run(Server.java:3165)
"IPC Server handler 17 on default port 15004" daemon prio=5 tid=356 timed_waiting
java.lang.Thread.State: TIMED_WAITING
        at java.base@21.0.8/jdk.internal.misc.Unsafe.park(Native Method)
        at java.base@21.0.8/java.util.concurrent.locks.LockSupport.parkNanos(LockSupport.java:269)
        at java.base@21.0.8/java.util.concurrent.locks.AbstractQueuedSynchronizer$ConditionObject.awaitNanos(AbstractQueuedSynchronizer.java:1763)
        at java.base@21.0.8/java.util.concurrent.LinkedBlockingQueue.poll(LinkedBlockingQueue.java:460)
        at app//org.apache.hadoop.ipc.CallQueueManager.take(CallQueueManager.java:370)
        at app//org.apache.hadoop.ipc.Server$Handler.run(Server.java:3165)
"EventQueue-StaleNodeForStaleNodeHandler" daemon prio=5 tid=1289 in Object.wait()
java.lang.Thread.State: WAITING (on object monitor)
        at java.base@21.0.8/jdk.internal.misc.Unsafe.park(Native Method)
        at java.base@21.0.8/java.util.concurrent.locks.LockSupport.park(LockSupport.java:371)
        at java.base@21.0.8/java.util.concurrent.locks.AbstractQueuedSynchronizer$ConditionNode.block(AbstractQueuedSynchronizer.java:519)
        at java.base@21.0.8/java.util.concurrent.ForkJoinPool.unmanagedBlock(ForkJoinPool.java:3780)
        at java.base@21.0.8/java.util.concurrent.ForkJoinPool.managedBlock(ForkJoinPool.java:3725)
        at java.base@21.0.8/java.util.concurrent.locks.AbstractQueuedSynchronizer$ConditionObject.await(AbstractQueuedSynchronizer.java:1712)
        at java.base@21.0.8/java.util.concurrent.LinkedBlockingQueue.take(LinkedBlockingQueue.java:435)
        at java.base@21.0.8/java.util.concurrent.ThreadPoolExecutor.getTask(ThreadPoolExecutor.java:1070)
        at java.base@21.0.8/java.util.concurrent.ThreadPoolExecutor.runWorker(ThreadPoolExecutor.java:1130)
        at java.base@21.0.8/java.util.concurrent.ThreadPoolExecutor$Worker.run(ThreadPoolExecutor.java:642)
        at java.base@21.0.8/java.lang.Thread.runWith(Thread.java:1596)
        at java.base@21.0.8/java.lang.Thread.run(Thread.java:1583)
"IPC Server handler 59 on default port 15004" daemon prio=5 tid=398 timed_waiting
java.lang.Thread.State: TIMED_WAITING
        at java.base@21.0.8/jdk.internal.misc.Unsafe.park(Native Method)
        at java.base@21.0.8/java.util.concurrent.locks.LockSupport.parkNanos(LockSupport.java:269)
        at java.base@21.0.8/java.util.concurrent.locks.AbstractQueuedSynchronizer$ConditionObject.awaitNanos(AbstractQueuedSynchronizer.java:1763)
        at java.base@21.0.8/java.util.concurrent.LinkedBlockingQueue.poll(LinkedBlockingQueue.java:460)
        at app//org.apache.hadoop.ipc.CallQueueManager.take(CallQueueManager.java:370)
        at app//org.apache.hadoop.ipc.Server$Handler.run(Server.java:3165)
"IPC Server handler 41 on default port 15003" daemon prio=5 tid=262 timed_waiting
java.lang.Thread.State: TIMED_WAITING
        at java.base@21.0.8/jdk.internal.misc.Unsafe.park(Native Method)
        at java.base@21.0.8/java.util.concurrent.locks.LockSupport.parkNanos(LockSupport.java:269)
        at java.base@21.0.8/java.util.concurrent.locks.AbstractQueuedSynchronizer$ConditionObject.awaitNanos(AbstractQueuedSynchronizer.java:1763)
        at java.base@21.0.8/java.util.concurrent.LinkedBlockingQueue.poll(LinkedBlockingQueue.java:460)
        at app//org.apache.hadoop.ipc.CallQueueManager.take(CallQueueManager.java:370)
        at app//org.apache.hadoop.ipc.Server$Handler.run(Server.java:3165)
"Socket Reader #5 for port 15008" daemon prio=5 tid=454 runnable
java.lang.Thread.State: RUNNABLE
        at java.base@21.0.8/sun.nio.ch.EPoll.wait(Native Method)
        at java.base@21.0.8/sun.nio.ch.EPollSelectorImpl.doSelect(EPollSelectorImpl.java:121)
        at java.base@21.0.8/sun.nio.ch.SelectorImpl.lockAndDoSelect(SelectorImpl.java:130)
        at java.base@21.0.8/sun.nio.ch.SelectorImpl.select(SelectorImpl.java:147)
        at app//org.apache.hadoop.ipc.Server$Listener$Reader.doRunLoop(Server.java:1497)
        at app//org.apache.hadoop.ipc.Server$Listener$Reader.run(Server.java:1476)
"om1-SnapshotDiffCleanupService#0" daemon prio=5 tid=444 timed_waiting
java.lang.Thread.State: TIMED_WAITING
        at java.base@21.0.8/jdk.internal.misc.Unsafe.park(Native Method)
        at java.base@21.0.8/java.util.concurrent.locks.LockSupport.parkNanos(LockSupport.java:269)
        at java.base@21.0.8/java.util.concurrent.locks.AbstractQueuedSynchronizer$ConditionObject.awaitNanos(AbstractQueuedSynchronizer.java:1763)
        at java.base@21.0.8/java.util.concurrent.ScheduledThreadPoolExecutor$DelayedWorkQueue.take(ScheduledThreadPoolExecutor.java:1182)
        at java.base@21.0.8/java.util.concurrent.ScheduledThreadPoolExecutor$DelayedWorkQueue.take(ScheduledThreadPoolExecutor.java:899)
        at java.base@21.0.8/java.util.concurrent.ThreadPoolExecutor.getTask(ThreadPoolExecutor.java:1070)
        at java.base@21.0.8/java.util.concurrent.ThreadPoolExecutor.runWorker(ThreadPoolExecutor.java:1130)
        at java.base@21.0.8/java.util.concurrent.ThreadPoolExecutor$Worker.run(ThreadPoolExecutor.java:642)
        at java.base@21.0.8/java.lang.Thread.runWith(Thread.java:1596)
        at java.base@21.0.8/java.lang.Thread.run(Thread.java:1583)
"IPC Server handler 89 on default port 15003" daemon prio=5 tid=310 timed_waiting
java.lang.Thread.State: TIMED_WAITING
        at java.base@21.0.8/jdk.internal.misc.Unsafe.park(Native Method)
        at java.base@21.0.8/java.util.concurrent.locks.LockSupport.parkNanos(LockSupport.java:269)
        at java.base@21.0.8/java.util.concurrent.locks.AbstractQueuedSynchronizer$ConditionObject.awaitNanos(AbstractQueuedSynchronizer.java:1763)
        at java.base@21.0.8/java.util.concurrent.LinkedBlockingQueue.poll(LinkedBlockingQueue.java:460)
        at app//org.apache.hadoop.ipc.CallQueueManager.take(CallQueueManager.java:370)
        at app//org.apache.hadoop.ipc.Server$Handler.run(Server.java:3165)
"Recon-EventQueue-DatanodeCommandForReconNodeManager" daemon prio=5 tid=1288 in Object.wait()
java.lang.Thread.State: WAITING (on object monitor)
        at java.base@21.0.8/jdk.internal.misc.Unsafe.park(Native Method)
        at java.base@21.0.8/java.util.concurrent.locks.LockSupport.park(LockSupport.java:371)
        at java.base@21.0.8/java.util.concurrent.locks.AbstractQueuedSynchronizer$ConditionNode.block(AbstractQueuedSynchronizer.java:519)
        at java.base@21.0.8/java.util.concurrent.ForkJoinPool.unmanagedBlock(ForkJoinPool.java:3780)
        at java.base@21.0.8/java.util.concurrent.ForkJoinPool.managedBlock(ForkJoinPool.java:3725)
        at java.base@21.0.8/java.util.concurrent.locks.AbstractQueuedSynchronizer$ConditionObject.await(AbstractQueuedSynchronizer.java:1712)
        at java.base@21.0.8/java.util.concurrent.LinkedBlockingQueue.take(LinkedBlockingQueue.java:435)
        at java.base@21.0.8/java.util.concurrent.ThreadPoolExecutor.getTask(ThreadPoolExecutor.java:1070)
        at java.base@21.0.8/java.util.concurrent.ThreadPoolExecutor.runWorker(ThreadPoolExecutor.java:1130)
        at java.base@21.0.8/java.util.concurrent.ThreadPoolExecutor$Worker.run(ThreadPoolExecutor.java:642)
        at java.base@21.0.8/java.lang.Thread.runWith(Thread.java:1596)
        at java.base@21.0.8/java.lang.Thread.run(Thread.java:1583)
"om1-SnapshotDeletingService#0" daemon prio=5 tid=480 timed_waiting
java.lang.Thread.State: TIMED_WAITING
        at java.base@21.0.8/jdk.internal.misc.Unsafe.park(Native Method)
        at java.base@21.0.8/java.util.concurrent.locks.LockSupport.parkNanos(LockSupport.java:269)
        at java.base@21.0.8/java.util.concurrent.locks.AbstractQueuedSynchronizer$ConditionObject.awaitNanos(AbstractQueuedSynchronizer.java:1763)
        at java.base@21.0.8/java.util.concurrent.ScheduledThreadPoolExecutor$DelayedWorkQueue.take(ScheduledThreadPoolExecutor.java:1182)
        at java.base@21.0.8/java.util.concurrent.ScheduledThreadPoolExecutor$DelayedWorkQueue.take(ScheduledThreadPoolExecutor.java:899)
        at java.base@21.0.8/java.util.concurrent.ThreadPoolExecutor.getTask(ThreadPoolExecutor.java:1070)
        at java.base@21.0.8/java.util.concurrent.ThreadPoolExecutor.runWorker(ThreadPoolExecutor.java:1130)
        at java.base@21.0.8/java.util.concurrent.ThreadPoolExecutor$Worker.run(ThreadPoolExecutor.java:642)
        at java.base@21.0.8/java.lang.Thread.runWith(Thread.java:1596)
        at java.base@21.0.8/java.lang.Thread.run(Thread.java:1583)
"IPC Server handler 80 on default port 15002" daemon prio=5 tid=201 timed_waiting
java.lang.Thread.State: TIMED_WAITING
        at java.base@21.0.8/jdk.internal.misc.Unsafe.park(Native Method)
        at java.base@21.0.8/java.util.concurrent.locks.LockSupport.parkNanos(LockSupport.java:269)
        at java.base@21.0.8/java.util.concurrent.locks.AbstractQueuedSynchronizer$ConditionObject.awaitNanos(AbstractQueuedSynchronizer.java:1763)
        at java.base@21.0.8/java.util.concurrent.LinkedBlockingQueue.poll(LinkedBlockingQueue.java:460)
        at app//org.apache.hadoop.ipc.CallQueueManager.take(CallQueueManager.java:370)
        at app//org.apache.hadoop.ipc.Server$Handler.run(Server.java:3165)
"Socket Reader #2 for port 15037" daemon prio=5 tid=871 runnable
java.lang.Thread.State: RUNNABLE
        at java.base@21.0.8/sun.nio.ch.EPoll.wait(Native Method)
        at java.base@21.0.8/sun.nio.ch.EPollSelectorImpl.doSelect(EPollSelectorImpl.java:121)
        at java.base@21.0.8/sun.nio.ch.SelectorImpl.lockAndDoSelect(SelectorImpl.java:130)
        at java.base@21.0.8/sun.nio.ch.SelectorImpl.select(SelectorImpl.java:147)
        at app//org.apache.hadoop.ipc.Server$Listener$Reader.doRunLoop(Server.java:1497)
        at app//org.apache.hadoop.ipc.Server$Listener$Reader.run(Server.java:1476)
"IPC Server handler 19 on default port 15001" daemon prio=5 tid=577 timed_waiting
java.lang.Thread.State: TIMED_WAITING
        at java.base@21.0.8/jdk.internal.misc.Unsafe.park(Native Method)
        at java.base@21.0.8/java.util.concurrent.locks.LockSupport.parkNanos(LockSupport.java:269)
        at java.base@21.0.8/java.util.concurrent.locks.AbstractQueuedSynchronizer$ConditionObject.awaitNanos(AbstractQueuedSynchronizer.java:1763)
        at java.base@21.0.8/java.util.concurrent.LinkedBlockingQueue.poll(LinkedBlockingQueue.java:460)
        at app//org.apache.hadoop.ipc.CallQueueManager.take(CallQueueManager.java:370)
        at app//org.apache.hadoop.ipc.Server$Handler.run(Server.java:3165)
"00aa5afb-d218-4771-abd7-db0247b9d23b-groupManagement" daemon prio=5 tid=53 in Object.wait()
java.lang.Thread.State: WAITING (on object monitor)
        at java.base@21.0.8/jdk.internal.misc.Unsafe.park(Native Method)
        at java.base@21.0.8/java.util.concurrent.locks.LockSupport.park(LockSupport.java:371)
        at java.base@21.0.8/java.util.concurrent.locks.AbstractQueuedSynchronizer$ConditionNode.block(AbstractQueuedSynchronizer.java:519)
        at java.base@21.0.8/java.util.concurrent.ForkJoinPool.unmanagedBlock(ForkJoinPool.java:3780)
        at java.base@21.0.8/java.util.concurrent.ForkJoinPool.managedBlock(ForkJoinPool.java:3725)
        at java.base@21.0.8/java.util.concurrent.locks.AbstractQueuedSynchronizer$ConditionObject.await(AbstractQueuedSynchronizer.java:1712)
        at java.base@21.0.8/java.util.concurrent.LinkedBlockingQueue.take(LinkedBlockingQueue.java:435)
        at java.base@21.0.8/java.util.concurrent.ThreadPoolExecutor.getTask(ThreadPoolExecutor.java:1070)
        at java.base@21.0.8/java.util.concurrent.ThreadPoolExecutor.runWorker(ThreadPoolExecutor.java:1130)
        at java.base@21.0.8/java.util.concurrent.ThreadPoolExecutor$Worker.run(ThreadPoolExecutor.java:642)
        at java.base@21.0.8/java.lang.Thread.runWith(Thread.java:1596)
        at java.base@21.0.8/java.lang.Thread.run(Thread.java:1583)
"qtp1685778567-673" daemon prio=5 tid=673 runnable
java.lang.Thread.State: RUNNABLE
        at java.base@21.0.8/sun.nio.ch.EPoll.wait(Native Method)
        at java.base@21.0.8/sun.nio.ch.EPollSelectorImpl.doSelect(EPollSelectorImpl.java:121)
        at java.base@21.0.8/sun.nio.ch.SelectorImpl.lockAndDoSelect(SelectorImpl.java:130)
        at java.base@21.0.8/sun.nio.ch.SelectorImpl.select(SelectorImpl.java:147)
        at app//org.eclipse.jetty.io.ManagedSelector.nioSelect(ManagedSelector.java:183)
        at app//org.eclipse.jetty.io.ManagedSelector.select(ManagedSelector.java:190)
        at app//org.eclipse.jetty.io.ManagedSelector$SelectorProducer.select(ManagedSelector.java:606)
        at app//org.eclipse.jetty.io.ManagedSelector$SelectorProducer.produce(ManagedSelector.java:543)
        at app//org.eclipse.jetty.util.thread.strategy.EatWhatYouKill.produceTask(EatWhatYouKill.java:362)
        at app//org.eclipse.jetty.util.thread.strategy.EatWhatYouKill.doProduce(EatWhatYouKill.java:186)
        at app//org.eclipse.jetty.util.thread.strategy.EatWhatYouKill.tryProduce(EatWhatYouKill.java:173)
        at app//org.eclipse.jetty.util.thread.strategy.EatWhatYouKill.produce(EatWhatYouKill.java:137)
        at app//org.eclipse.jetty.io.ManagedSelector$$Lambda/0x00007f18e86c6408.run(Unknown Source)
        at app//org.eclipse.jetty.util.thread.QueuedThreadPool.runJob(QueuedThreadPool.java:883)
        at app//org.eclipse.jetty.util.thread.QueuedThreadPool$Runner.run(QueuedThreadPool.java:1034)
        at java.base@21.0.8/java.lang.Thread.runWith(Thread.java:1596)
        at java.base@21.0.8/java.lang.Thread.run(Thread.java:1583)
"d5ad88c2-6e7a-4660-bab6-a4e8807a575e-PeriodicHDDSVolumeChecker" daemon prio=5 tid=850 timed_waiting
java.lang.Thread.State: TIMED_WAITING
        at java.base@21.0.8/jdk.internal.misc.Unsafe.park(Native Method)
        at java.base@21.0.8/java.util.concurrent.locks.LockSupport.parkNanos(LockSupport.java:269)
        at java.base@21.0.8/java.util.concurrent.locks.AbstractQueuedSynchronizer$ConditionObject.awaitNanos(AbstractQueuedSynchronizer.java:1763)
        at java.base@21.0.8/java.util.concurrent.ScheduledThreadPoolExecutor$DelayedWorkQueue.take(ScheduledThreadPoolExecutor.java:1182)
        at java.base@21.0.8/java.util.concurrent.ScheduledThreadPoolExecutor$DelayedWorkQueue.take(ScheduledThreadPoolExecutor.java:899)
        at java.base@21.0.8/java.util.concurrent.ThreadPoolExecutor.getTask(ThreadPoolExecutor.java:1070)
        at java.base@21.0.8/java.util.concurrent.ThreadPoolExecutor.runWorker(ThreadPoolExecutor.java:1130)
        at java.base@21.0.8/java.util.concurrent.ThreadPoolExecutor$Worker.run(ThreadPoolExecutor.java:642)
        at java.base@21.0.8/java.lang.Thread.runWith(Thread.java:1596)
        at java.base@21.0.8/java.lang.Thread.run(Thread.java:1583)
"SSL Certificates Store Monitor" daemon prio=5 tid=1375 in Object.wait()
java.lang.Thread.State: WAITING (on object monitor)
        at java.base@21.0.8/java.lang.Object.wait0(Native Method)
        at java.base@21.0.8/java.lang.Object.wait(Object.java:366)
        at java.base@21.0.8/java.lang.Object.wait(Object.java:339)
        at java.base@21.0.8/java.util.TimerThread.mainLoop(Timer.java:537)
        at java.base@21.0.8/java.util.TimerThread.run(Timer.java:516)
"Socket Reader #9 for port 15004" daemon prio=5 tid=71 runnable
java.lang.Thread.State: RUNNABLE
        at java.base@21.0.8/sun.nio.ch.EPoll.wait(Native Method)
        at java.base@21.0.8/sun.nio.ch.EPollSelectorImpl.doSelect(EPollSelectorImpl.java:121)
        at java.base@21.0.8/sun.nio.ch.SelectorImpl.lockAndDoSelect(SelectorImpl.java:130)
        at java.base@21.0.8/sun.nio.ch.SelectorImpl.select(SelectorImpl.java:147)
        at app//org.apache.hadoop.ipc.Server$Listener$Reader.doRunLoop(Server.java:1497)
        at app//org.apache.hadoop.ipc.Server$Listener$Reader.run(Server.java:1476)
"Timer-0"  prio=5 tid=468 timed_waiting
java.lang.Thread.State: TIMED_WAITING
        at java.base@21.0.8/java.lang.Object.wait0(Native Method)
        at java.base@21.0.8/java.lang.Object.wait(Object.java:366)
        at java.base@21.0.8/java.util.TimerThread.mainLoop(Timer.java:563)
        at java.base@21.0.8/java.util.TimerThread.run(Timer.java:516)
"IPC Server handler 46 on default port 15003" daemon prio=5 tid=267 timed_waiting
java.lang.Thread.State: TIMED_WAITING
        at java.base@21.0.8/jdk.internal.misc.Unsafe.park(Native Method)
        at java.base@21.0.8/java.util.concurrent.locks.LockSupport.parkNanos(LockSupport.java:269)
        at java.base@21.0.8/java.util.concurrent.locks.AbstractQueuedSynchronizer$ConditionObject.awaitNanos(AbstractQueuedSynchronizer.java:1763)
        at java.base@21.0.8/java.util.concurrent.LinkedBlockingQueue.poll(LinkedBlockingQueue.java:460)
        at app//org.apache.hadoop.ipc.CallQueueManager.take(CallQueueManager.java:370)
        at app//org.apache.hadoop.ipc.Server$Handler.run(Server.java:3165)
"IPC Server handler 58 on default port 15004" daemon prio=5 tid=397 timed_waiting
java.lang.Thread.State: TIMED_WAITING
        at java.base@21.0.8/jdk.internal.misc.Unsafe.park(Native Method)
        at java.base@21.0.8/java.util.concurrent.locks.LockSupport.parkNanos(LockSupport.java:269)
        at java.base@21.0.8/java.util.concurrent.locks.AbstractQueuedSynchronizer$ConditionObject.awaitNanos(AbstractQueuedSynchronizer.java:1763)
        at java.base@21.0.8/java.util.concurrent.LinkedBlockingQueue.poll(LinkedBlockingQueue.java:460)
        at app//org.apache.hadoop.ipc.CallQueueManager.take(CallQueueManager.java:370)
        at app//org.apache.hadoop.ipc.Server$Handler.run(Server.java:3165)
"IPC Server handler 2 on default port 15008" daemon prio=5 tid=494 timed_waiting
java.lang.Thread.State: TIMED_WAITING
        at java.base@21.0.8/jdk.internal.misc.Unsafe.park(Native Method)
        at java.base@21.0.8/java.util.concurrent.locks.LockSupport.parkNanos(LockSupport.java:269)
        at java.base@21.0.8/java.util.concurrent.locks.AbstractQueuedSynchronizer$ConditionObject.awaitNanos(AbstractQueuedSynchronizer.java:1763)
        at java.base@21.0.8/java.util.concurrent.LinkedBlockingQueue.poll(LinkedBlockingQueue.java:460)
        at app//org.apache.hadoop.ipc.CallQueueManager.take(CallQueueManager.java:370)
        at app//org.apache.hadoop.ipc.Server$Handler.run(Server.java:3165)
"Socket Reader #9 for port 15002" daemon prio=5 tid=99 runnable
java.lang.Thread.State: RUNNABLE
        at java.base@21.0.8/sun.nio.ch.EPoll.wait(Native Method)
        at java.base@21.0.8/sun.nio.ch.EPollSelectorImpl.doSelect(EPollSelectorImpl.java:121)
        at java.base@21.0.8/sun.nio.ch.SelectorImpl.lockAndDoSelect(SelectorImpl.java:130)
        at java.base@21.0.8/sun.nio.ch.SelectorImpl.select(SelectorImpl.java:147)
        at app//org.apache.hadoop.ipc.Server$Listener$Reader.doRunLoop(Server.java:1497)
        at app//org.apache.hadoop.ipc.Server$Listener$Reader.run(Server.java:1476)
"Socket Reader #1 for port 15003" daemon prio=5 tid=77 runnable
java.lang.Thread.State: RUNNABLE
        at java.base@21.0.8/sun.nio.ch.EPoll.wait(Native Method)
        at java.base@21.0.8/sun.nio.ch.EPollSelectorImpl.doSelect(EPollSelectorImpl.java:121)
        at java.base@21.0.8/sun.nio.ch.SelectorImpl.lockAndDoSelect(SelectorImpl.java:130)
        at java.base@21.0.8/sun.nio.ch.SelectorImpl.select(SelectorImpl.java:147)
        at app//org.apache.hadoop.ipc.Server$Listener$Reader.doRunLoop(Server.java:1497)
        at app//org.apache.hadoop.ipc.Server$Listener$Reader.run(Server.java:1476)
"IPC Server handler 39 on default port 15002" daemon prio=5 tid=160 timed_waiting
java.lang.Thread.State: TIMED_WAITING
        at java.base@21.0.8/jdk.internal.misc.Unsafe.park(Native Method)
        at java.base@21.0.8/java.util.concurrent.locks.LockSupport.parkNanos(LockSupport.java:269)
        at java.base@21.0.8/java.util.concurrent.locks.AbstractQueuedSynchronizer$ConditionObject.awaitNanos(AbstractQueuedSynchronizer.java:1763)
        at java.base@21.0.8/java.util.concurrent.LinkedBlockingQueue.poll(LinkedBlockingQueue.java:460)
        at app//org.apache.hadoop.ipc.CallQueueManager.take(CallQueueManager.java:370)
        at app//org.apache.hadoop.ipc.Server$Handler.run(Server.java:3165)
"IPC Server handler 71 on default port 15003" daemon prio=5 tid=292 timed_waiting
java.lang.Thread.State: TIMED_WAITING
        at java.base@21.0.8/jdk.internal.misc.Unsafe.park(Native Method)
        at java.base@21.0.8/java.util.concurrent.locks.LockSupport.parkNanos(LockSupport.java:269)
        at java.base@21.0.8/java.util.concurrent.locks.AbstractQueuedSynchronizer$ConditionObject.awaitNanos(AbstractQueuedSynchronizer.java:1763)
        at java.base@21.0.8/java.util.concurrent.LinkedBlockingQueue.poll(LinkedBlockingQueue.java:460)
        at app//org.apache.hadoop.ipc.CallQueueManager.take(CallQueueManager.java:370)
        at app//org.apache.hadoop.ipc.Server$Handler.run(Server.java:3165)
"IPC Client (1164532897) connection to 0.0.0.0/0.0.0.0:15002 from runner" daemon prio=5 tid=1369 timed_waiting
java.lang.Thread.State: TIMED_WAITING
        at java.base@21.0.8/java.lang.Object.wait0(Native Method)
        at java.base@21.0.8/java.lang.Object.wait(Object.java:366)
        at app//org.apache.hadoop.ipc.Client$Connection.waitForWork(Client.java:1042)
        at app//org.apache.hadoop.ipc.Client$Connection.run(Client.java:1093)
"IPC Server handler 33 on default port 15002" daemon prio=5 tid=154 timed_waiting
java.lang.Thread.State: TIMED_WAITING
        at java.base@21.0.8/jdk.internal.misc.Unsafe.park(Native Method)
        at java.base@21.0.8/java.util.concurrent.locks.LockSupport.parkNanos(LockSupport.java:269)
        at java.base@21.0.8/java.util.concurrent.locks.AbstractQueuedSynchronizer$ConditionObject.awaitNanos(AbstractQueuedSynchronizer.java:1763)
        at java.base@21.0.8/java.util.concurrent.LinkedBlockingQueue.poll(LinkedBlockingQueue.java:460)
        at app//org.apache.hadoop.ipc.CallQueueManager.take(CallQueueManager.java:370)
        at app//org.apache.hadoop.ipc.Server$Handler.run(Server.java:3165)
"Recon-FixedThreadPoolWithAffinityExecutor-2-0" daemon prio=5 tid=536 timed_waiting
java.lang.Thread.State: TIMED_WAITING
        at java.base@21.0.8/jdk.internal.misc.Unsafe.park(Native Method)
        at java.base@21.0.8/java.util.concurrent.locks.LockSupport.parkNanos(LockSupport.java:269)
        at java.base@21.0.8/java.util.concurrent.locks.AbstractQueuedSynchronizer$ConditionObject.awaitNanos(AbstractQueuedSynchronizer.java:1763)
        at java.base@21.0.8/java.util.concurrent.LinkedBlockingQueue.poll(LinkedBlockingQueue.java:460)
        at app//org.apache.hadoop.hdds.scm.server.ContainerReportQueue.poll(ContainerReportQueue.java:269)
        at app//org.apache.hadoop.hdds.scm.server.ContainerReportQueue.poll(ContainerReportQueue.java:42)
        at app//org.apache.hadoop.hdds.server.events.FixedThreadPoolWithAffinityExecutor$ContainerReportProcessTask.run(FixedThreadPoolWithAffinityExecutor.java:228)
        at java.base@21.0.8/java.util.concurrent.Executors$RunnableAdapter.call(Executors.java:572)
        at java.base@21.0.8/java.util.concurrent.FutureTask.run(FutureTask.java:317)
        at java.base@21.0.8/java.util.concurrent.ThreadPoolExecutor.runWorker(ThreadPoolExecutor.java:1144)
        at java.base@21.0.8/java.util.concurrent.ThreadPoolExecutor$Worker.run(ThreadPoolExecutor.java:642)
        at java.base@21.0.8/java.lang.Thread.runWith(Thread.java:1596)
        at java.base@21.0.8/java.lang.Thread.run(Thread.java:1583)
"IPC Server handler 61 on default port 15002" daemon prio=5 tid=182 timed_waiting
java.lang.Thread.State: TIMED_WAITING
        at java.base@21.0.8/jdk.internal.misc.Unsafe.park(Native Method)
        at java.base@21.0.8/java.util.concurrent.locks.LockSupport.parkNanos(LockSupport.java:269)
        at java.base@21.0.8/java.util.concurrent.locks.AbstractQueuedSynchronizer$ConditionObject.awaitNanos(AbstractQueuedSynchronizer.java:1763)
        at java.base@21.0.8/java.util.concurrent.LinkedBlockingQueue.poll(LinkedBlockingQueue.java:460)
        at app//org.apache.hadoop.ipc.CallQueueManager.take(CallQueueManager.java:370)
        at app//org.apache.hadoop.ipc.Server$Handler.run(Server.java:3165)
"qtp1553533936-487" daemon prio=5 tid=487 runnable
java.lang.Thread.State: RUNNABLE
        at java.base@21.0.8/sun.nio.ch.EPoll.wait(Native Method)
        at java.base@21.0.8/sun.nio.ch.EPollSelectorImpl.doSelect(EPollSelectorImpl.java:121)
        at java.base@21.0.8/sun.nio.ch.SelectorImpl.lockAndDoSelect(SelectorImpl.java:130)
        at java.base@21.0.8/sun.nio.ch.SelectorImpl.select(SelectorImpl.java:147)
        at app//org.eclipse.jetty.io.ManagedSelector.nioSelect(ManagedSelector.java:183)
        at app//org.eclipse.jetty.io.ManagedSelector.select(ManagedSelector.java:190)
        at app//org.eclipse.jetty.io.ManagedSelector$SelectorProducer.select(ManagedSelector.java:606)
        at app//org.eclipse.jetty.io.ManagedSelector$SelectorProducer.produce(ManagedSelector.java:543)
        at app//org.eclipse.jetty.util.thread.strategy.EatWhatYouKill.produceTask(EatWhatYouKill.java:362)
        at app//org.eclipse.jetty.util.thread.strategy.EatWhatYouKill.doProduce(EatWhatYouKill.java:186)
        at app//org.eclipse.jetty.util.thread.strategy.EatWhatYouKill.tryProduce(EatWhatYouKill.java:173)
        at app//org.eclipse.jetty.util.thread.strategy.EatWhatYouKill.run(EatWhatYouKill.java:131)
        at app//org.eclipse.jetty.util.thread.ReservedThreadExecutor$ReservedThread.run(ReservedThreadExecutor.java:409)
        at app//org.eclipse.jetty.util.thread.QueuedThreadPool.runJob(QueuedThreadPool.java:883)
        at app//org.eclipse.jetty.util.thread.QueuedThreadPool$Runner.run(QueuedThreadPool.java:1034)
        at java.base@21.0.8/java.lang.Thread.runWith(Thread.java:1596)
        at java.base@21.0.8/java.lang.Thread.run(Thread.java:1583)
"IPC Server handler 34 on default port 15003" daemon prio=5 tid=255 timed_waiting
java.lang.Thread.State: TIMED_WAITING
        at java.base@21.0.8/jdk.internal.misc.Unsafe.park(Native Method)
        at java.base@21.0.8/java.util.concurrent.locks.LockSupport.parkNanos(LockSupport.java:269)
        at java.base@21.0.8/java.util.concurrent.locks.AbstractQueuedSynchronizer$ConditionObject.awaitNanos(AbstractQueuedSynchronizer.java:1763)
        at java.base@21.0.8/java.util.concurrent.LinkedBlockingQueue.poll(LinkedBlockingQueue.java:460)
        at app//org.apache.hadoop.ipc.CallQueueManager.take(CallQueueManager.java:370)
        at app//org.apache.hadoop.ipc.Server$Handler.run(Server.java:3165)
"IPC Server handler 21 on default port 15001" daemon prio=5 tid=579 timed_waiting
java.lang.Thread.State: TIMED_WAITING
        at java.base@21.0.8/jdk.internal.misc.Unsafe.park(Native Method)
        at java.base@21.0.8/java.util.concurrent.locks.LockSupport.parkNanos(LockSupport.java:269)
        at java.base@21.0.8/java.util.concurrent.locks.AbstractQueuedSynchronizer$ConditionObject.awaitNanos(AbstractQueuedSynchronizer.java:1763)
        at java.base@21.0.8/java.util.concurrent.LinkedBlockingQueue.poll(LinkedBlockingQueue.java:460)
        at app//org.apache.hadoop.ipc.CallQueueManager.take(CallQueueManager.java:370)
        at app//org.apache.hadoop.ipc.Server$Handler.run(Server.java:3165)
"IPC Server handler 7 on default port 15013" daemon prio=5 tid=702 timed_waiting
java.lang.Thread.State: TIMED_WAITING
        at java.base@21.0.8/jdk.internal.misc.Unsafe.park(Native Method)
        at java.base@21.0.8/java.util.concurrent.locks.LockSupport.parkNanos(LockSupport.java:269)
        at java.base@21.0.8/java.util.concurrent.locks.AbstractQueuedSynchronizer$ConditionObject.awaitNanos(AbstractQueuedSynchronizer.java:1763)
        at java.base@21.0.8/java.util.concurrent.LinkedBlockingQueue.poll(LinkedBlockingQueue.java:460)
        at app//org.apache.hadoop.ipc.CallQueueManager.take(CallQueueManager.java:370)
        at app//org.apache.hadoop.ipc.Server$Handler.run(Server.java:3165)
"IPC Server handler 9 on default port 15045" daemon prio=5 tid=971 timed_waiting
java.lang.Thread.State: TIMED_WAITING
        at java.base@21.0.8/jdk.internal.misc.Unsafe.park(Native Method)
        at java.base@21.0.8/java.util.concurrent.locks.LockSupport.parkNanos(LockSupport.java:269)
        at java.base@21.0.8/java.util.concurrent.locks.AbstractQueuedSynchronizer$ConditionObject.awaitNanos(AbstractQueuedSynchronizer.java:1763)
        at java.base@21.0.8/java.util.concurrent.LinkedBlockingQueue.poll(LinkedBlockingQueue.java:460)
        at app//org.apache.hadoop.ipc.CallQueueManager.take(CallQueueManager.java:370)
        at app//org.apache.hadoop.ipc.Server$Handler.run(Server.java:3165)
"42a5f925-1bc2-4f8a-8509-c5ae65e6fcde-DatanodeStateMachineTaskThread-1"  prio=5 tid=773 in Object.wait()
java.lang.Thread.State: WAITING (on object monitor)
        at java.base@21.0.8/jdk.internal.misc.Unsafe.park(Native Method)
        at java.base@21.0.8/java.util.concurrent.locks.LockSupport.park(LockSupport.java:371)
        at java.base@21.0.8/java.util.concurrent.locks.AbstractQueuedSynchronizer$ConditionNode.block(AbstractQueuedSynchronizer.java:519)
        at java.base@21.0.8/java.util.concurrent.ForkJoinPool.unmanagedBlock(ForkJoinPool.java:3780)
        at java.base@21.0.8/java.util.concurrent.ForkJoinPool.managedBlock(ForkJoinPool.java:3725)
        at java.base@21.0.8/java.util.concurrent.locks.AbstractQueuedSynchronizer$ConditionObject.await(AbstractQueuedSynchronizer.java:1712)
        at java.base@21.0.8/java.util.concurrent.LinkedBlockingQueue.take(LinkedBlockingQueue.java:435)
        at java.base@21.0.8/java.util.concurrent.ThreadPoolExecutor.getTask(ThreadPoolExecutor.java:1070)
        at java.base@21.0.8/java.util.concurrent.ThreadPoolExecutor.runWorker(ThreadPoolExecutor.java:1130)
        at java.base@21.0.8/java.util.concurrent.ThreadPoolExecutor$Worker.run(ThreadPoolExecutor.java:642)
        at java.base@21.0.8/java.lang.Thread.runWith(Thread.java:1596)
        at java.base@21.0.8/java.lang.Thread.run(Thread.java:1583)
"Socket Reader #10 for port 15002" daemon prio=5 tid=100 runnable
java.lang.Thread.State: RUNNABLE
        at java.base@21.0.8/sun.nio.ch.EPoll.wait(Native Method)
        at java.base@21.0.8/sun.nio.ch.EPollSelectorImpl.doSelect(EPollSelectorImpl.java:121)
        at java.base@21.0.8/sun.nio.ch.SelectorImpl.lockAndDoSelect(SelectorImpl.java:130)
        at java.base@21.0.8/sun.nio.ch.SelectorImpl.select(SelectorImpl.java:147)
        at app//org.apache.hadoop.ipc.Server$Listener$Reader.doRunLoop(Server.java:1497)
        at app//org.apache.hadoop.ipc.Server$Listener$Reader.run(Server.java:1476)
"directoryTable_PartialTableCache-Cleanup-0" daemon prio=5 tid=1132 in Object.wait()
java.lang.Thread.State: WAITING (on object monitor)
        at java.base@21.0.8/jdk.internal.misc.Unsafe.park(Native Method)
        at java.base@21.0.8/java.util.concurrent.locks.LockSupport.park(LockSupport.java:371)
        at java.base@21.0.8/java.util.concurrent.locks.AbstractQueuedSynchronizer$ConditionNode.block(AbstractQueuedSynchronizer.java:519)
        at java.base@21.0.8/java.util.concurrent.ForkJoinPool.unmanagedBlock(ForkJoinPool.java:3780)
        at java.base@21.0.8/java.util.concurrent.ForkJoinPool.managedBlock(ForkJoinPool.java:3725)
        at java.base@21.0.8/java.util.concurrent.locks.AbstractQueuedSynchronizer$ConditionObject.await(AbstractQueuedSynchronizer.java:1712)
        at java.base@21.0.8/java.util.concurrent.LinkedBlockingQueue.take(LinkedBlockingQueue.java:435)
        at java.base@21.0.8/java.util.concurrent.ThreadPoolExecutor.getTask(ThreadPoolExecutor.java:1070)
        at java.base@21.0.8/java.util.concurrent.ThreadPoolExecutor.runWorker(ThreadPoolExecutor.java:1130)
        at java.base@21.0.8/java.util.concurrent.ThreadPoolExecutor$Worker.run(ThreadPoolExecutor.java:642)
        at java.base@21.0.8/java.lang.Thread.runWith(Thread.java:1596)
        at java.base@21.0.8/java.lang.Thread.run(Thread.java:1583)
"surefire-forkedjvm-stream-flusher" daemon prio=5 tid=23 timed_waiting
java.lang.Thread.State: TIMED_WAITING
        at java.base@21.0.8/jdk.internal.misc.Unsafe.park(Native Method)
        at java.base@21.0.8/java.util.concurrent.locks.LockSupport.parkNanos(LockSupport.java:269)
        at java.base@21.0.8/java.util.concurrent.locks.AbstractQueuedSynchronizer$ConditionObject.awaitNanos(AbstractQueuedSynchronizer.java:1763)
        at java.base@21.0.8/java.util.concurrent.ScheduledThreadPoolExecutor$DelayedWorkQueue.take(ScheduledThreadPoolExecutor.java:1182)
        at java.base@21.0.8/java.util.concurrent.ScheduledThreadPoolExecutor$DelayedWorkQueue.take(ScheduledThreadPoolExecutor.java:899)
        at java.base@21.0.8/java.util.concurrent.ThreadPoolExecutor.getTask(ThreadPoolExecutor.java:1070)
        at java.base@21.0.8/java.util.concurrent.ThreadPoolExecutor.runWorker(ThreadPoolExecutor.java:1130)
        at java.base@21.0.8/java.util.concurrent.ThreadPoolExecutor$Worker.run(ThreadPoolExecutor.java:642)
        at java.base@21.0.8/java.lang.Thread.runWith(Thread.java:1596)
        at java.base@21.0.8/java.lang.Thread.run(Thread.java:1583)
"42a5f925-1bc2-4f8a-8509-c5ae65e6fcde-ChunkWriter-0-0" daemon prio=5 tid=836 in Object.wait()
java.lang.Thread.State: WAITING (on object monitor)
        at java.base@21.0.8/jdk.internal.misc.Unsafe.park(Native Method)
        at java.base@21.0.8/java.util.concurrent.locks.LockSupport.park(LockSupport.java:371)
        at java.base@21.0.8/java.util.concurrent.locks.AbstractQueuedSynchronizer$ConditionNode.block(AbstractQueuedSynchronizer.java:519)
        at java.base@21.0.8/java.util.concurrent.ForkJoinPool.unmanagedBlock(ForkJoinPool.java:3780)
        at java.base@21.0.8/java.util.concurrent.ForkJoinPool.managedBlock(ForkJoinPool.java:3725)
        at java.base@21.0.8/java.util.concurrent.locks.AbstractQueuedSynchronizer$ConditionObject.await(AbstractQueuedSynchronizer.java:1712)
        at java.base@21.0.8/java.util.concurrent.LinkedBlockingDeque.takeFirst(LinkedBlockingDeque.java:485)
        at java.base@21.0.8/java.util.concurrent.LinkedBlockingDeque.take(LinkedBlockingDeque.java:673)
        at java.base@21.0.8/java.util.concurrent.ThreadPoolExecutor.getTask(ThreadPoolExecutor.java:1070)
        at java.base@21.0.8/java.util.concurrent.ThreadPoolExecutor.runWorker(ThreadPoolExecutor.java:1130)
        at java.base@21.0.8/java.util.concurrent.ThreadPoolExecutor$Worker.run(ThreadPoolExecutor.java:642)
        at java.base@21.0.8/java.lang.Thread.runWith(Thread.java:1596)
        at java.base@21.0.8/java.lang.Thread.run(Thread.java:1583)
"IPC Server handler 11 on default port 15002" daemon prio=5 tid=132 timed_waiting
java.lang.Thread.State: TIMED_WAITING
        at java.base@21.0.8/jdk.internal.misc.Unsafe.park(Native Method)
        at java.base@21.0.8/java.util.concurrent.locks.LockSupport.parkNanos(LockSupport.java:269)
        at java.base@21.0.8/java.util.concurrent.locks.AbstractQueuedSynchronizer$ConditionObject.awaitNanos(AbstractQueuedSynchronizer.java:1763)
        at java.base@21.0.8/java.util.concurrent.LinkedBlockingQueue.poll(LinkedBlockingQueue.java:460)
        at app//org.apache.hadoop.ipc.CallQueueManager.take(CallQueueManager.java:370)
        at app//org.apache.hadoop.ipc.Server$Handler.run(Server.java:3165)
"IPC Server handler 8 on default port 15045" daemon prio=5 tid=970 timed_waiting
java.lang.Thread.State: TIMED_WAITING
        at java.base@21.0.8/jdk.internal.misc.Unsafe.park(Native Method)
        at java.base@21.0.8/java.util.concurrent.locks.LockSupport.parkNanos(LockSupport.java:269)
        at java.base@21.0.8/java.util.concurrent.locks.AbstractQueuedSynchronizer$ConditionObject.awaitNanos(AbstractQueuedSynchronizer.java:1763)
        at java.base@21.0.8/java.util.concurrent.LinkedBlockingQueue.poll(LinkedBlockingQueue.java:460)
        at app//org.apache.hadoop.ipc.CallQueueManager.take(CallQueueManager.java:370)
        at app//org.apache.hadoop.ipc.Server$Handler.run(Server.java:3165)
"0ed0910f-4ac9-4f62-be34-d90c51a3e6c9-RocksDBCompactionThread-0"  prio=5 tid=901 timed_waiting
java.lang.Thread.State: TIMED_WAITING
        at java.base@21.0.8/jdk.internal.misc.Unsafe.park(Native Method)
        at java.base@21.0.8/java.util.concurrent.locks.LockSupport.parkNanos(LockSupport.java:269)
        at java.base@21.0.8/java.util.concurrent.locks.AbstractQueuedSynchronizer$ConditionObject.awaitNanos(AbstractQueuedSynchronizer.java:1763)
        at java.base@21.0.8/java.util.concurrent.ScheduledThreadPoolExecutor$DelayedWorkQueue.take(ScheduledThreadPoolExecutor.java:1182)
        at java.base@21.0.8/java.util.concurrent.ScheduledThreadPoolExecutor$DelayedWorkQueue.take(ScheduledThreadPoolExecutor.java:899)
        at java.base@21.0.8/java.util.concurrent.ThreadPoolExecutor.getTask(ThreadPoolExecutor.java:1070)
        at java.base@21.0.8/java.util.concurrent.ThreadPoolExecutor.runWorker(ThreadPoolExecutor.java:1130)
        at java.base@21.0.8/java.util.concurrent.ThreadPoolExecutor$Worker.run(ThreadPoolExecutor.java:642)
        at java.base@21.0.8/java.lang.Thread.runWith(Thread.java:1596)
        at java.base@21.0.8/java.lang.Thread.run(Thread.java:1583)
"om1@group-C5BA1605619E-cacheEviction-AwaitToRun" daemon prio=5 tid=463 in Object.wait()
java.lang.Thread.State: WAITING (on object monitor)
        at java.base@21.0.8/jdk.internal.misc.Unsafe.park(Native Method)
        at java.base@21.0.8/java.util.concurrent.locks.LockSupport.park(LockSupport.java:371)
        at java.base@21.0.8/java.util.concurrent.locks.AbstractQueuedSynchronizer$ConditionNode.block(AbstractQueuedSynchronizer.java:519)
        at java.base@21.0.8/java.util.concurrent.ForkJoinPool.unmanagedBlock(ForkJoinPool.java:3780)
        at java.base@21.0.8/java.util.concurrent.ForkJoinPool.managedBlock(ForkJoinPool.java:3725)
        at java.base@21.0.8/java.util.concurrent.locks.AbstractQueuedSynchronizer$ConditionObject.await(AbstractQueuedSynchronizer.java:1712)
        at app//org.apache.ratis.util.AwaitForSignal.await(AwaitForSignal.java:48)
        at app//org.apache.ratis.util.AwaitToRun$RunnableImpl.run(AwaitToRun.java:47)
        at java.base@21.0.8/java.lang.Thread.runWith(Thread.java:1596)
        at java.base@21.0.8/java.lang.Thread.run(Thread.java:1583)
"Hadoop-Metrics-Updater-0" daemon prio=5 tid=75 timed_waiting
java.lang.Thread.State: TIMED_WAITING
        at java.base@21.0.8/jdk.internal.misc.Unsafe.park(Native Method)
        at java.base@21.0.8/java.util.concurrent.locks.LockSupport.parkNanos(LockSupport.java:269)
        at java.base@21.0.8/java.util.concurrent.locks.AbstractQueuedSynchronizer$ConditionObject.awaitNanos(AbstractQueuedSynchronizer.java:1763)
        at java.base@21.0.8/java.util.concurrent.ScheduledThreadPoolExecutor$DelayedWorkQueue.take(ScheduledThreadPoolExecutor.java:1182)
        at java.base@21.0.8/java.util.concurrent.ScheduledThreadPoolExecutor$DelayedWorkQueue.take(ScheduledThreadPoolExecutor.java:899)
        at java.base@21.0.8/java.util.concurrent.ThreadPoolExecutor.getTask(ThreadPoolExecutor.java:1070)
        at java.base@21.0.8/java.util.concurrent.ThreadPoolExecutor.runWorker(ThreadPoolExecutor.java:1130)
        at java.base@21.0.8/java.util.concurrent.ThreadPoolExecutor$Worker.run(ThreadPoolExecutor.java:642)
        at java.base@21.0.8/java.lang.Thread.runWith(Thread.java:1596)
        at java.base@21.0.8/java.lang.Thread.run(Thread.java:1583)
"IPC Server handler 3 on default port 15045" daemon prio=5 tid=965 timed_waiting
java.lang.Thread.State: TIMED_WAITING
        at java.base@21.0.8/jdk.internal.misc.Unsafe.park(Native Method)
        at java.base@21.0.8/java.util.concurrent.locks.LockSupport.parkNanos(LockSupport.java:269)
        at java.base@21.0.8/java.util.concurrent.locks.AbstractQueuedSynchronizer$ConditionObject.awaitNanos(AbstractQueuedSynchronizer.java:1763)
        at java.base@21.0.8/java.util.concurrent.LinkedBlockingQueue.poll(LinkedBlockingQueue.java:460)
        at app//org.apache.hadoop.ipc.CallQueueManager.take(CallQueueManager.java:370)
        at app//org.apache.hadoop.ipc.Server$Handler.run(Server.java:3165)
"IPC Server handler 5 on default port 15037" daemon prio=5 tid=888 timed_waiting
java.lang.Thread.State: TIMED_WAITING
        at java.base@21.0.8/jdk.internal.misc.Unsafe.park(Native Method)
        at java.base@21.0.8/java.util.concurrent.locks.LockSupport.parkNanos(LockSupport.java:269)
        at java.base@21.0.8/java.util.concurrent.locks.AbstractQueuedSynchronizer$ConditionObject.awaitNanos(AbstractQueuedSynchronizer.java:1763)
        at java.base@21.0.8/java.util.concurrent.LinkedBlockingQueue.poll(LinkedBlockingQueue.java:460)
        at app//org.apache.hadoop.ipc.CallQueueManager.take(CallQueueManager.java:370)
        at app//org.apache.hadoop.ipc.Server$Handler.run(Server.java:3165)
"IPC Server handler 48 on default port 15002" daemon prio=5 tid=169 timed_waiting
java.lang.Thread.State: TIMED_WAITING
        at java.base@21.0.8/jdk.internal.misc.Unsafe.park(Native Method)
        at java.base@21.0.8/java.util.concurrent.locks.LockSupport.parkNanos(LockSupport.java:269)
        at java.base@21.0.8/java.util.concurrent.locks.AbstractQueuedSynchronizer$ConditionObject.awaitNanos(AbstractQueuedSynchronizer.java:1763)
        at java.base@21.0.8/java.util.concurrent.LinkedBlockingQueue.poll(LinkedBlockingQueue.java:460)
        at app//org.apache.hadoop.ipc.CallQueueManager.take(CallQueueManager.java:370)
        at app//org.apache.hadoop.ipc.Server$Handler.run(Server.java:3165)
"IPC Server handler 4 on default port 15003" daemon prio=5 tid=225 timed_waiting
java.lang.Thread.State: TIMED_WAITING
        at java.base@21.0.8/jdk.internal.misc.Unsafe.park(Native Method)
        at java.base@21.0.8/java.util.concurrent.locks.LockSupport.parkNanos(LockSupport.java:269)
        at java.base@21.0.8/java.util.concurrent.locks.AbstractQueuedSynchronizer$ConditionObject.awaitNanos(AbstractQueuedSynchronizer.java:1763)
        at java.base@21.0.8/java.util.concurrent.LinkedBlockingQueue.poll(LinkedBlockingQueue.java:460)
        at app//org.apache.hadoop.ipc.CallQueueManager.take(CallQueueManager.java:370)
        at app//org.apache.hadoop.ipc.Server$Handler.run(Server.java:3165)
"IPC Server handler 75 on default port 15001" daemon prio=5 tid=633 timed_waiting
java.lang.Thread.State: TIMED_WAITING
        at java.base@21.0.8/jdk.internal.misc.Unsafe.park(Native Method)
        at java.base@21.0.8/java.util.concurrent.locks.LockSupport.parkNanos(LockSupport.java:269)
        at java.base@21.0.8/java.util.concurrent.locks.AbstractQueuedSynchronizer$ConditionObject.awaitNanos(AbstractQueuedSynchronizer.java:1763)
        at java.base@21.0.8/java.util.concurrent.LinkedBlockingQueue.poll(LinkedBlockingQueue.java:460)
        at app//org.apache.hadoop.ipc.CallQueueManager.take(CallQueueManager.java:370)
        at app//org.apache.hadoop.ipc.Server$Handler.run(Server.java:3165)
"MutableQuantiles-0" daemon prio=5 tid=665 timed_waiting
java.lang.Thread.State: TIMED_WAITING
        at java.base@21.0.8/jdk.internal.misc.Unsafe.park(Native Method)
        at java.base@21.0.8/java.util.concurrent.locks.LockSupport.parkNanos(LockSupport.java:269)
        at java.base@21.0.8/java.util.concurrent.locks.AbstractQueuedSynchronizer$ConditionObject.awaitNanos(AbstractQueuedSynchronizer.java:1763)
        at java.base@21.0.8/java.util.concurrent.ScheduledThreadPoolExecutor$DelayedWorkQueue.take(ScheduledThreadPoolExecutor.java:1182)
        at java.base@21.0.8/java.util.concurrent.ScheduledThreadPoolExecutor$DelayedWorkQueue.take(ScheduledThreadPoolExecutor.java:899)
        at java.base@21.0.8/java.util.concurrent.ThreadPoolExecutor.getTask(ThreadPoolExecutor.java:1070)
        at java.base@21.0.8/java.util.concurrent.ThreadPoolExecutor.runWorker(ThreadPoolExecutor.java:1130)
        at java.base@21.0.8/java.util.concurrent.ThreadPoolExecutor$Worker.run(ThreadPoolExecutor.java:642)
        at java.base@21.0.8/java.lang.Thread.runWith(Thread.java:1596)
        at java.base@21.0.8/java.lang.Thread.run(Thread.java:1583)
"IPC Server handler 98 on default port 15003" daemon prio=5 tid=319 timed_waiting
java.lang.Thread.State: TIMED_WAITING
        at java.base@21.0.8/jdk.internal.misc.Unsafe.park(Native Method)
        at java.base@21.0.8/java.util.concurrent.locks.LockSupport.parkNanos(LockSupport.java:269)
        at java.base@21.0.8/java.util.concurrent.locks.AbstractQueuedSynchronizer$ConditionObject.awaitNanos(AbstractQueuedSynchronizer.java:1763)
        at java.base@21.0.8/java.util.concurrent.LinkedBlockingQueue.poll(LinkedBlockingQueue.java:460)
        at app//org.apache.hadoop.ipc.CallQueueManager.take(CallQueueManager.java:370)
        at app//org.apache.hadoop.ipc.Server$Handler.run(Server.java:3165)
"IPC Server handler 27 on default port 15003" daemon prio=5 tid=248 timed_waiting
java.lang.Thread.State: TIMED_WAITING
        at java.base@21.0.8/jdk.internal.misc.Unsafe.park(Native Method)
        at java.base@21.0.8/java.util.concurrent.locks.LockSupport.parkNanos(LockSupport.java:269)
        at java.base@21.0.8/java.util.concurrent.locks.AbstractQueuedSynchronizer$ConditionObject.awaitNanos(AbstractQueuedSynchronizer.java:1763)
        at java.base@21.0.8/java.util.concurrent.LinkedBlockingQueue.poll(LinkedBlockingQueue.java:460)
        at app//org.apache.hadoop.ipc.CallQueueManager.take(CallQueueManager.java:370)
        at app//org.apache.hadoop.ipc.Server$Handler.run(Server.java:3165)
"IPC Server handler 91 on default port 15001" daemon prio=5 tid=649 timed_waiting
java.lang.Thread.State: TIMED_WAITING
        at java.base@21.0.8/jdk.internal.misc.Unsafe.park(Native Method)
        at java.base@21.0.8/java.util.concurrent.locks.LockSupport.parkNanos(LockSupport.java:269)
        at java.base@21.0.8/java.util.concurrent.locks.AbstractQueuedSynchronizer$ConditionObject.awaitNanos(AbstractQueuedSynchronizer.java:1763)
        at java.base@21.0.8/java.util.concurrent.LinkedBlockingQueue.poll(LinkedBlockingQueue.java:460)
        at app//org.apache.hadoop.ipc.CallQueueManager.take(CallQueueManager.java:370)
        at app//org.apache.hadoop.ipc.Server$Handler.run(Server.java:3165)
"IPC Server handler 11 on default port 15004" daemon prio=5 tid=350 timed_waiting
java.lang.Thread.State: TIMED_WAITING
        at java.base@21.0.8/jdk.internal.misc.Unsafe.park(Native Method)
        at java.base@21.0.8/java.util.concurrent.locks.LockSupport.parkNanos(LockSupport.java:269)
        at java.base@21.0.8/java.util.concurrent.locks.AbstractQueuedSynchronizer$ConditionObject.awaitNanos(AbstractQueuedSynchronizer.java:1763)
        at java.base@21.0.8/java.util.concurrent.LinkedBlockingQueue.poll(LinkedBlockingQueue.java:460)
        at app//org.apache.hadoop.ipc.CallQueueManager.take(CallQueueManager.java:370)
        at app//org.apache.hadoop.ipc.Server$Handler.run(Server.java:3165)
"IPC Server handler 8 on default port 15008" daemon prio=5 tid=500 timed_waiting
java.lang.Thread.State: TIMED_WAITING
        at java.base@21.0.8/jdk.internal.misc.Unsafe.park(Native Method)
        at java.base@21.0.8/java.util.concurrent.locks.LockSupport.parkNanos(LockSupport.java:269)
        at java.base@21.0.8/java.util.concurrent.locks.AbstractQueuedSynchronizer$ConditionObject.awaitNanos(AbstractQueuedSynchronizer.java:1763)
        at java.base@21.0.8/java.util.concurrent.LinkedBlockingQueue.poll(LinkedBlockingQueue.java:460)
        at app//org.apache.hadoop.ipc.CallQueueManager.take(CallQueueManager.java:370)
        at app//org.apache.hadoop.ipc.Server$Handler.run(Server.java:3165)
"timer5" daemon prio=5 tid=1134 timed_waiting
java.lang.Thread.State: TIMED_WAITING
        at java.base@21.0.8/java.lang.Object.wait0(Native Method)
        at java.base@21.0.8/java.lang.Object.wait(Object.java:366)
        at java.base@21.0.8/java.util.TimerThread.mainLoop(Timer.java:563)
        at java.base@21.0.8/java.util.TimerThread.run(Timer.java:516)
"Socket Reader #6 for port 15021" daemon prio=5 tid=733 runnable
java.lang.Thread.State: RUNNABLE
        at java.base@21.0.8/sun.nio.ch.EPoll.wait(Native Method)
        at java.base@21.0.8/sun.nio.ch.EPollSelectorImpl.doSelect(EPollSelectorImpl.java:121)
        at java.base@21.0.8/sun.nio.ch.SelectorImpl.lockAndDoSelect(SelectorImpl.java:130)
        at java.base@21.0.8/sun.nio.ch.SelectorImpl.select(SelectorImpl.java:147)
        at app//org.apache.hadoop.ipc.Server$Listener$Reader.doRunLoop(Server.java:1497)
        at app//org.apache.hadoop.ipc.Server$Listener$Reader.run(Server.java:1476)
"StaleRecoveringContainerScrubbingService#0" daemon prio=5 tid=843 timed_waiting
java.lang.Thread.State: TIMED_WAITING
        at java.base@21.0.8/jdk.internal.misc.Unsafe.park(Native Method)
        at java.base@21.0.8/java.util.concurrent.locks.LockSupport.parkNanos(LockSupport.java:269)
        at java.base@21.0.8/java.util.concurrent.locks.AbstractQueuedSynchronizer$ConditionObject.awaitNanos(AbstractQueuedSynchronizer.java:1763)
        at java.base@21.0.8/java.util.concurrent.ScheduledThreadPoolExecutor$DelayedWorkQueue.take(ScheduledThreadPoolExecutor.java:1182)
        at java.base@21.0.8/java.util.concurrent.ScheduledThreadPoolExecutor$DelayedWorkQueue.take(ScheduledThreadPoolExecutor.java:899)
        at java.base@21.0.8/java.util.concurrent.ThreadPoolExecutor.getTask(ThreadPoolExecutor.java:1070)
        at java.base@21.0.8/java.util.concurrent.ThreadPoolExecutor.runWorker(ThreadPoolExecutor.java:1130)
        at java.base@21.0.8/java.util.concurrent.ThreadPoolExecutor$Worker.run(ThreadPoolExecutor.java:642)
        at java.base@21.0.8/java.lang.Thread.runWith(Thread.java:1596)
        at java.base@21.0.8/java.lang.Thread.run(Thread.java:1583)
"surefire-forkedjvm-ping-30s" daemon prio=5 tid=27 timed_waiting
java.lang.Thread.State: TIMED_WAITING
        at java.base@21.0.8/jdk.internal.misc.Unsafe.park(Native Method)
        at java.base@21.0.8/java.util.concurrent.locks.LockSupport.parkNanos(LockSupport.java:269)
        at java.base@21.0.8/java.util.concurrent.locks.AbstractQueuedSynchronizer$ConditionObject.awaitNanos(AbstractQueuedSynchronizer.java:1763)
        at java.base@21.0.8/java.util.concurrent.ScheduledThreadPoolExecutor$DelayedWorkQueue.take(ScheduledThreadPoolExecutor.java:1182)
        at java.base@21.0.8/java.util.concurrent.ScheduledThreadPoolExecutor$DelayedWorkQueue.take(ScheduledThreadPoolExecutor.java:899)
        at java.base@21.0.8/java.util.concurrent.ThreadPoolExecutor.getTask(ThreadPoolExecutor.java:1070)
        at java.base@21.0.8/java.util.concurrent.ThreadPoolExecutor.runWorker(ThreadPoolExecutor.java:1130)
        at java.base@21.0.8/java.util.concurrent.ThreadPoolExecutor$Worker.run(ThreadPoolExecutor.java:642)
        at java.base@21.0.8/java.lang.Thread.runWith(Thread.java:1596)
        at java.base@21.0.8/java.lang.Thread.run(Thread.java:1583)
"Socket Reader #3 for port 15004" daemon prio=5 tid=65 runnable
java.lang.Thread.State: RUNNABLE
        at java.base@21.0.8/sun.nio.ch.EPoll.wait(Native Method)
        at java.base@21.0.8/sun.nio.ch.EPollSelectorImpl.doSelect(EPollSelectorImpl.java:121)
        at java.base@21.0.8/sun.nio.ch.SelectorImpl.lockAndDoSelect(SelectorImpl.java:130)
        at java.base@21.0.8/sun.nio.ch.SelectorImpl.select(SelectorImpl.java:147)
        at app//org.apache.hadoop.ipc.Server$Listener$Reader.doRunLoop(Server.java:1497)
        at app//org.apache.hadoop.ipc.Server$Listener$Reader.run(Server.java:1476)
"om1@group-C5BA1605619E-StateMachineUpdater" daemon prio=5 tid=466 timed_waiting
java.lang.Thread.State: TIMED_WAITING
        at java.base@21.0.8/jdk.internal.misc.Unsafe.park(Native Method)
        at java.base@21.0.8/java.util.concurrent.locks.LockSupport.parkNanos(LockSupport.java:269)
        at java.base@21.0.8/java.util.concurrent.locks.AbstractQueuedSynchronizer$ConditionObject.await(AbstractQueuedSynchronizer.java:1852)
        at app//org.apache.ratis.util.AwaitForSignal.await(AwaitForSignal.java:65)
        at app//org.apache.ratis.server.impl.StateMachineUpdater.waitForCommit(StateMachineUpdater.java:222)
        at app//org.apache.ratis.server.impl.StateMachineUpdater.run(StateMachineUpdater.java:187)
        at java.base@21.0.8/java.lang.Thread.runWith(Thread.java:1596)
        at java.base@21.0.8/java.lang.Thread.run(Thread.java:1583)
"Socket Reader #6 for port 15004" daemon prio=5 tid=68 runnable
java.lang.Thread.State: RUNNABLE
        at java.base@21.0.8/sun.nio.ch.EPoll.wait(Native Method)
        at java.base@21.0.8/sun.nio.ch.EPollSelectorImpl.doSelect(EPollSelectorImpl.java:121)
        at java.base@21.0.8/sun.nio.ch.SelectorImpl.lockAndDoSelect(SelectorImpl.java:130)
        at java.base@21.0.8/sun.nio.ch.SelectorImpl.select(SelectorImpl.java:147)
        at app//org.apache.hadoop.ipc.Server$Listener$Reader.doRunLoop(Server.java:1497)
        at app//org.apache.hadoop.ipc.Server$Listener$Reader.run(Server.java:1476)
"IPC Server handler 45 on default port 15002" daemon prio=5 tid=166 timed_waiting
java.lang.Thread.State: TIMED_WAITING
        at java.base@21.0.8/jdk.internal.misc.Unsafe.park(Native Method)
        at java.base@21.0.8/java.util.concurrent.locks.LockSupport.parkNanos(LockSupport.java:269)
        at java.base@21.0.8/java.util.concurrent.locks.AbstractQueuedSynchronizer$ConditionObject.awaitNanos(AbstractQueuedSynchronizer.java:1763)
        at java.base@21.0.8/java.util.concurrent.LinkedBlockingQueue.poll(LinkedBlockingQueue.java:460)
        at app//org.apache.hadoop.ipc.CallQueueManager.take(CallQueueManager.java:370)
        at app//org.apache.hadoop.ipc.Server$Handler.run(Server.java:3165)
"42a5f925-1bc2-4f8a-8509-c5ae65e6fcde-ChunkReader-ELG-0" daemon prio=5 tid=841 runnable
java.lang.Thread.State: RUNNABLE
        at app//org.apache.ratis.thirdparty.io.netty.channel.epoll.Native.epollWait(Native Method)
        at app//org.apache.ratis.thirdparty.io.netty.channel.epoll.Native.epollWait(Native.java:220)
        at app//org.apache.ratis.thirdparty.io.netty.channel.epoll.Native.epollWait(Native.java:213)
        at app//org.apache.ratis.thirdparty.io.netty.channel.epoll.EpollEventLoop.epollWaitNoTimerChange(EpollEventLoop.java:308)
        at app//org.apache.ratis.thirdparty.io.netty.channel.epoll.EpollEventLoop.run(EpollEventLoop.java:365)
        at app//org.apache.ratis.thirdparty.io.netty.util.concurrent.SingleThreadEventExecutor$4.run(SingleThreadEventExecutor.java:998)
        at app//org.apache.ratis.thirdparty.io.netty.util.internal.ThreadExecutorMap$2.run(ThreadExecutorMap.java:74)
        at java.base@21.0.8/java.lang.Thread.runWith(Thread.java:1596)
        at java.base@21.0.8/java.lang.Thread.run(Thread.java:1583)
"pool-121-thread-1"  prio=5 tid=671 timed_waiting
java.lang.Thread.State: TIMED_WAITING
        at java.base@21.0.8/jdk.internal.misc.Unsafe.park(Native Method)
        at java.base@21.0.8/java.util.concurrent.locks.LockSupport.parkNanos(LockSupport.java:269)
        at java.base@21.0.8/java.util.concurrent.locks.AbstractQueuedSynchronizer$ConditionObject.awaitNanos(AbstractQueuedSynchronizer.java:1763)
        at java.base@21.0.8/java.util.concurrent.ScheduledThreadPoolExecutor$DelayedWorkQueue.take(ScheduledThreadPoolExecutor.java:1182)
        at java.base@21.0.8/java.util.concurrent.ScheduledThreadPoolExecutor$DelayedWorkQueue.take(ScheduledThreadPoolExecutor.java:899)
        at java.base@21.0.8/java.util.concurrent.ThreadPoolExecutor.getTask(ThreadPoolExecutor.java:1070)
        at java.base@21.0.8/java.util.concurrent.ThreadPoolExecutor.runWorker(ThreadPoolExecutor.java:1130)
        at java.base@21.0.8/java.util.concurrent.ThreadPoolExecutor$Worker.run(ThreadPoolExecutor.java:642)
        at java.base@21.0.8/java.lang.Thread.runWith(Thread.java:1596)
        at java.base@21.0.8/java.lang.Thread.run(Thread.java:1583)
"qtp396271801-328" daemon prio=5 tid=328 timed_waiting
java.lang.Thread.State: TIMED_WAITING
        at java.base@21.0.8/jdk.internal.misc.Unsafe.park(Native Method)
        at java.base@21.0.8/java.util.concurrent.locks.LockSupport.parkNanos(LockSupport.java:269)
        at java.base@21.0.8/java.util.concurrent.locks.AbstractQueuedSynchronizer$ConditionObject.awaitNanos(AbstractQueuedSynchronizer.java:1763)
        at app//org.eclipse.jetty.util.BlockingArrayQueue.poll(BlockingArrayQueue.java:382)
        at app//org.eclipse.jetty.util.thread.QueuedThreadPool$Runner.idleJobPoll(QueuedThreadPool.java:974)
        at app//org.eclipse.jetty.util.thread.QueuedThreadPool$Runner.run(QueuedThreadPool.java:1018)
        at java.base@21.0.8/java.lang.Thread.runWith(Thread.java:1596)
        at java.base@21.0.8/java.lang.Thread.run(Thread.java:1583)
"42a5f925-1bc2-4f8a-8509-c5ae65e6fcde@group-EC04683B356A-StateMachineUpdater" daemon prio=5 tid=1036 timed_waiting
java.lang.Thread.State: TIMED_WAITING
        at java.base@21.0.8/jdk.internal.misc.Unsafe.park(Native Method)
        at java.base@21.0.8/java.util.concurrent.locks.LockSupport.parkNanos(LockSupport.java:269)
        at java.base@21.0.8/java.util.concurrent.locks.AbstractQueuedSynchronizer$ConditionObject.await(AbstractQueuedSynchronizer.java:1852)
        at app//org.apache.ratis.util.AwaitForSignal.await(AwaitForSignal.java:65)
        at app//org.apache.ratis.server.impl.StateMachineUpdater.waitForCommit(StateMachineUpdater.java:222)
        at app//org.apache.ratis.server.impl.StateMachineUpdater.run(StateMachineUpdater.java:187)
        at java.base@21.0.8/java.lang.Thread.runWith(Thread.java:1596)
        at java.base@21.0.8/java.lang.Thread.run(Thread.java:1583)
"IPC Server handler 64 on default port 15001" daemon prio=5 tid=622 timed_waiting
java.lang.Thread.State: TIMED_WAITING
        at java.base@21.0.8/jdk.internal.misc.Unsafe.park(Native Method)
        at java.base@21.0.8/java.util.concurrent.locks.LockSupport.parkNanos(LockSupport.java:269)
        at java.base@21.0.8/java.util.concurrent.locks.AbstractQueuedSynchronizer$ConditionObject.awaitNanos(AbstractQueuedSynchronizer.java:1763)
        at java.base@21.0.8/java.util.concurrent.LinkedBlockingQueue.poll(LinkedBlockingQueue.java:460)
        at app//org.apache.hadoop.ipc.CallQueueManager.take(CallQueueManager.java:370)
        at app//org.apache.hadoop.ipc.Server$Handler.run(Server.java:3165)
"346684e1-b57f-4c29-9507-935dad45bd68-ChunkWriter-2-0" daemon prio=5 tid=995 in Object.wait()
java.lang.Thread.State: WAITING (on object monitor)
        at java.base@21.0.8/jdk.internal.misc.Unsafe.park(Native Method)
        at java.base@21.0.8/java.util.concurrent.locks.LockSupport.park(LockSupport.java:371)
        at java.base@21.0.8/java.util.concurrent.locks.AbstractQueuedSynchronizer$ConditionNode.block(AbstractQueuedSynchronizer.java:519)
        at java.base@21.0.8/java.util.concurrent.ForkJoinPool.unmanagedBlock(ForkJoinPool.java:3780)
        at java.base@21.0.8/java.util.concurrent.ForkJoinPool.managedBlock(ForkJoinPool.java:3725)
        at java.base@21.0.8/java.util.concurrent.locks.AbstractQueuedSynchronizer$ConditionObject.await(AbstractQueuedSynchronizer.java:1712)
        at java.base@21.0.8/java.util.concurrent.LinkedBlockingDeque.takeFirst(LinkedBlockingDeque.java:485)
        at java.base@21.0.8/java.util.concurrent.LinkedBlockingDeque.take(LinkedBlockingDeque.java:673)
        at java.base@21.0.8/java.util.concurrent.ThreadPoolExecutor.getTask(ThreadPoolExecutor.java:1070)
        at java.base@21.0.8/java.util.concurrent.ThreadPoolExecutor.runWorker(ThreadPoolExecutor.java:1130)
        at java.base@21.0.8/java.util.concurrent.ThreadPoolExecutor$Worker.run(ThreadPoolExecutor.java:642)
        at java.base@21.0.8/java.lang.Thread.runWith(Thread.java:1596)
        at java.base@21.0.8/java.lang.Thread.run(Thread.java:1583)
"qtp505087261-911" daemon prio=5 tid=911 timed_waiting
java.lang.Thread.State: TIMED_WAITING
        at java.base@21.0.8/jdk.internal.misc.Unsafe.park(Native Method)
        at java.base@21.0.8/java.util.concurrent.locks.LockSupport.parkNanos(LockSupport.java:269)
        at java.base@21.0.8/java.util.concurrent.locks.AbstractQueuedSynchronizer$ConditionObject.awaitNanos(AbstractQueuedSynchronizer.java:1763)
        at app//org.eclipse.jetty.util.BlockingArrayQueue.poll(BlockingArrayQueue.java:382)
        at app//org.eclipse.jetty.util.thread.QueuedThreadPool$Runner.idleJobPoll(QueuedThreadPool.java:974)
        at app//org.eclipse.jetty.util.thread.QueuedThreadPool$Runner.run(QueuedThreadPool.java:1018)
        at java.base@21.0.8/java.lang.Thread.runWith(Thread.java:1596)
        at java.base@21.0.8/java.lang.Thread.run(Thread.java:1583)
"Socket Reader #7 for port 15045" daemon prio=5 tid=955 runnable
java.lang.Thread.State: RUNNABLE
        at java.base@21.0.8/sun.nio.ch.EPoll.wait(Native Method)
        at java.base@21.0.8/sun.nio.ch.EPollSelectorImpl.doSelect(EPollSelectorImpl.java:121)
        at java.base@21.0.8/sun.nio.ch.SelectorImpl.lockAndDoSelect(SelectorImpl.java:130)
        at java.base@21.0.8/sun.nio.ch.SelectorImpl.select(SelectorImpl.java:147)
        at app//org.apache.hadoop.ipc.Server$Listener$Reader.doRunLoop(Server.java:1497)
        at app//org.apache.hadoop.ipc.Server$Listener$Reader.run(Server.java:1476)
"Recon-SyncOM-2"  prio=5 tid=1241 timed_waiting
java.lang.Thread.State: TIMED_WAITING
        at java.base@21.0.8/jdk.internal.misc.Unsafe.park(Native Method)
        at java.base@21.0.8/java.util.concurrent.locks.LockSupport.parkNanos(LockSupport.java:269)
        at java.base@21.0.8/java.util.concurrent.locks.AbstractQueuedSynchronizer$ConditionObject.awaitNanos(AbstractQueuedSynchronizer.java:1763)
        at java.base@21.0.8/java.util.concurrent.ScheduledThreadPoolExecutor$DelayedWorkQueue.take(ScheduledThreadPoolExecutor.java:1182)
        at java.base@21.0.8/java.util.concurrent.ScheduledThreadPoolExecutor$DelayedWorkQueue.take(ScheduledThreadPoolExecutor.java:899)
        at java.base@21.0.8/java.util.concurrent.ThreadPoolExecutor.getTask(ThreadPoolExecutor.java:1070)
        at java.base@21.0.8/java.util.concurrent.ThreadPoolExecutor.runWorker(ThreadPoolExecutor.java:1130)
        at java.base@21.0.8/java.util.concurrent.ThreadPoolExecutor$Worker.run(ThreadPoolExecutor.java:642)
        at java.base@21.0.8/java.lang.Thread.runWith(Thread.java:1596)
        at java.base@21.0.8/java.lang.Thread.run(Thread.java:1583)
"IPC Server handler 3 on default port 15021" daemon prio=5 tid=744 timed_waiting
java.lang.Thread.State: TIMED_WAITING
        at java.base@21.0.8/jdk.internal.misc.Unsafe.park(Native Method)
        at java.base@21.0.8/java.util.concurrent.locks.LockSupport.parkNanos(LockSupport.java:269)
        at java.base@21.0.8/java.util.concurrent.locks.AbstractQueuedSynchronizer$ConditionObject.awaitNanos(AbstractQueuedSynchronizer.java:1763)
        at java.base@21.0.8/java.util.concurrent.LinkedBlockingQueue.poll(LinkedBlockingQueue.java:460)
        at app//org.apache.hadoop.ipc.CallQueueManager.take(CallQueueManager.java:370)
        at app//org.apache.hadoop.ipc.Server$Handler.run(Server.java:3165)
"IPC Server handler 40 on default port 15003" daemon prio=5 tid=261 timed_waiting
java.lang.Thread.State: TIMED_WAITING
        at java.base@21.0.8/jdk.internal.misc.Unsafe.park(Native Method)
        at java.base@21.0.8/java.util.concurrent.locks.LockSupport.parkNanos(LockSupport.java:269)
        at java.base@21.0.8/java.util.concurrent.locks.AbstractQueuedSynchronizer$ConditionObject.awaitNanos(AbstractQueuedSynchronizer.java:1763)
        at java.base@21.0.8/java.util.concurrent.LinkedBlockingQueue.poll(LinkedBlockingQueue.java:460)
        at app//org.apache.hadoop.ipc.CallQueueManager.take(CallQueueManager.java:370)
        at app//org.apache.hadoop.ipc.Server$Handler.run(Server.java:3165)
"IPC Server handler 15 on default port 15002" daemon prio=5 tid=136 timed_waiting
java.lang.Thread.State: TIMED_WAITING
        at java.base@21.0.8/jdk.internal.misc.Unsafe.park(Native Method)
        at java.base@21.0.8/java.util.concurrent.locks.LockSupport.parkNanos(LockSupport.java:269)
        at java.base@21.0.8/java.util.concurrent.locks.AbstractQueuedSynchronizer$ConditionObject.awaitNanos(AbstractQueuedSynchronizer.java:1763)
        at java.base@21.0.8/java.util.concurrent.LinkedBlockingQueue.poll(LinkedBlockingQueue.java:460)
        at app//org.apache.hadoop.ipc.CallQueueManager.take(CallQueueManager.java:370)
        at app//org.apache.hadoop.ipc.Server$Handler.run(Server.java:3165)
"IPC Server handler 94 on default port 15002" daemon prio=5 tid=215 timed_waiting
java.lang.Thread.State: TIMED_WAITING
        at java.base@21.0.8/jdk.internal.misc.Unsafe.park(Native Method)
        at java.base@21.0.8/java.util.concurrent.locks.LockSupport.parkNanos(LockSupport.java:269)
        at java.base@21.0.8/java.util.concurrent.locks.AbstractQueuedSynchronizer$ConditionObject.awaitNanos(AbstractQueuedSynchronizer.java:1763)
        at java.base@21.0.8/java.util.concurrent.LinkedBlockingQueue.poll(LinkedBlockingQueue.java:460)
        at app//org.apache.hadoop.ipc.CallQueueManager.take(CallQueueManager.java:370)
        at app//org.apache.hadoop.ipc.Server$Handler.run(Server.java:3165)
"IPC Server handler 57 on default port 15002" daemon prio=5 tid=178 timed_waiting
java.lang.Thread.State: TIMED_WAITING
        at java.base@21.0.8/jdk.internal.misc.Unsafe.park(Native Method)
        at java.base@21.0.8/java.util.concurrent.locks.LockSupport.parkNanos(LockSupport.java:269)
        at java.base@21.0.8/java.util.concurrent.locks.AbstractQueuedSynchronizer$ConditionObject.awaitNanos(AbstractQueuedSynchronizer.java:1763)
        at java.base@21.0.8/java.util.concurrent.LinkedBlockingQueue.poll(LinkedBlockingQueue.java:460)
        at app//org.apache.hadoop.ipc.CallQueueManager.take(CallQueueManager.java:370)
        at app//org.apache.hadoop.ipc.Server$Handler.run(Server.java:3165)
"IPC Server handler 85 on default port 15002" daemon prio=5 tid=206 timed_waiting
java.lang.Thread.State: TIMED_WAITING
        at java.base@21.0.8/jdk.internal.misc.Unsafe.park(Native Method)
        at java.base@21.0.8/java.util.concurrent.locks.LockSupport.parkNanos(LockSupport.java:269)
        at java.base@21.0.8/java.util.concurrent.locks.AbstractQueuedSynchronizer$ConditionObject.awaitNanos(AbstractQueuedSynchronizer.java:1763)
        at java.base@21.0.8/java.util.concurrent.LinkedBlockingQueue.poll(LinkedBlockingQueue.java:460)
        at app//org.apache.hadoop.ipc.CallQueueManager.take(CallQueueManager.java:370)
        at app//org.apache.hadoop.ipc.Server$Handler.run(Server.java:3165)
"qtp505087261-912" daemon prio=5 tid=912 timed_waiting
java.lang.Thread.State: TIMED_WAITING
        at java.base@21.0.8/jdk.internal.misc.Unsafe.park(Native Method)
        at java.base@21.0.8/java.util.concurrent.locks.LockSupport.parkNanos(LockSupport.java:269)
        at java.base@21.0.8/java.util.concurrent.locks.AbstractQueuedSynchronizer$ConditionObject.awaitNanos(AbstractQueuedSynchronizer.java:1763)
        at app//org.eclipse.jetty.util.BlockingArrayQueue.poll(BlockingArrayQueue.java:382)
        at app//org.eclipse.jetty.util.thread.QueuedThreadPool$Runner.idleJobPoll(QueuedThreadPool.java:974)
        at app//org.eclipse.jetty.util.thread.QueuedThreadPool$Runner.run(QueuedThreadPool.java:1018)
        at java.base@21.0.8/java.lang.Thread.runWith(Thread.java:1596)
        at java.base@21.0.8/java.lang.Thread.run(Thread.java:1583)
"IPC Server handler 51 on default port 15002" daemon prio=5 tid=172 timed_waiting
java.lang.Thread.State: TIMED_WAITING
        at java.base@21.0.8/jdk.internal.misc.Unsafe.park(Native Method)
        at java.base@21.0.8/java.util.concurrent.locks.LockSupport.parkNanos(LockSupport.java:269)
        at java.base@21.0.8/java.util.concurrent.locks.AbstractQueuedSynchronizer$ConditionObject.awaitNanos(AbstractQueuedSynchronizer.java:1763)
        at java.base@21.0.8/java.util.concurrent.LinkedBlockingQueue.poll(LinkedBlockingQueue.java:460)
        at app//org.apache.hadoop.ipc.CallQueueManager.take(CallQueueManager.java:370)
        at app//org.apache.hadoop.ipc.Server$Handler.run(Server.java:3165)
"IPC Server handler 8 on default port 15003" daemon prio=5 tid=229 timed_waiting
java.lang.Thread.State: TIMED_WAITING
        at java.base@21.0.8/jdk.internal.misc.Unsafe.park(Native Method)
        at java.base@21.0.8/java.util.concurrent.locks.LockSupport.parkNanos(LockSupport.java:269)
        at java.base@21.0.8/java.util.concurrent.locks.AbstractQueuedSynchronizer$ConditionObject.awaitNanos(AbstractQueuedSynchronizer.java:1763)
        at java.base@21.0.8/java.util.concurrent.LinkedBlockingQueue.poll(LinkedBlockingQueue.java:460)
        at app//org.apache.hadoop.ipc.CallQueueManager.take(CallQueueManager.java:370)
        at app//org.apache.hadoop.ipc.Server$Handler.run(Server.java:3165)
"IPC Server handler 33 on default port 15003" daemon prio=5 tid=254 timed_waiting
java.lang.Thread.State: TIMED_WAITING
        at java.base@21.0.8/jdk.internal.misc.Unsafe.park(Native Method)
        at java.base@21.0.8/java.util.concurrent.locks.LockSupport.parkNanos(LockSupport.java:269)
        at java.base@21.0.8/java.util.concurrent.locks.AbstractQueuedSynchronizer$ConditionObject.awaitNanos(AbstractQueuedSynchronizer.java:1763)
        at java.base@21.0.8/java.util.concurrent.LinkedBlockingQueue.poll(LinkedBlockingQueue.java:460)
        at app//org.apache.hadoop.ipc.CallQueueManager.take(CallQueueManager.java:370)
        at app//org.apache.hadoop.ipc.Server$Handler.run(Server.java:3165)
"IPC Server idle connection scanner for port 15003" daemon prio=5 tid=87 timed_waiting
java.lang.Thread.State: TIMED_WAITING
        at java.base@21.0.8/java.lang.Object.wait0(Native Method)
        at java.base@21.0.8/java.lang.Object.wait(Object.java:366)
        at java.base@21.0.8/java.util.TimerThread.mainLoop(Timer.java:563)
        at java.base@21.0.8/java.util.TimerThread.run(Timer.java:516)
"00aa5afb-d218-4771-abd7-db0247b9d23b@group-334FE627F997-StateMachineUpdater" daemon prio=5 tid=117 timed_waiting
java.lang.Thread.State: TIMED_WAITING
        at java.base@21.0.8/jdk.internal.misc.Unsafe.park(Native Method)
        at java.base@21.0.8/java.util.concurrent.locks.LockSupport.parkNanos(LockSupport.java:269)
        at java.base@21.0.8/java.util.concurrent.locks.AbstractQueuedSynchronizer$ConditionObject.await(AbstractQueuedSynchronizer.java:1852)
        at app//org.apache.ratis.util.AwaitForSignal.await(AwaitForSignal.java:65)
        at app//org.apache.ratis.server.impl.StateMachineUpdater.waitForCommit(StateMachineUpdater.java:222)
        at app//org.apache.ratis.server.impl.StateMachineUpdater.run(StateMachineUpdater.java:187)
        at java.base@21.0.8/java.lang.Thread.runWith(Thread.java:1596)
        at java.base@21.0.8/java.lang.Thread.run(Thread.java:1583)
"IPC Server handler 58 on default port 15002" daemon prio=5 tid=179 timed_waiting
java.lang.Thread.State: TIMED_WAITING
        at java.base@21.0.8/jdk.internal.misc.Unsafe.park(Native Method)
        at java.base@21.0.8/java.util.concurrent.locks.LockSupport.parkNanos(LockSupport.java:269)
        at java.base@21.0.8/java.util.concurrent.locks.AbstractQueuedSynchronizer$ConditionObject.awaitNanos(AbstractQueuedSynchronizer.java:1763)
        at java.base@21.0.8/java.util.concurrent.LinkedBlockingQueue.poll(LinkedBlockingQueue.java:460)
        at app//org.apache.hadoop.ipc.CallQueueManager.take(CallQueueManager.java:370)
        at app//org.apache.hadoop.ipc.Server$Handler.run(Server.java:3165)
"IPC Server handler 8 on default port 15004" daemon prio=5 tid=347 timed_waiting
java.lang.Thread.State: TIMED_WAITING
        at java.base@21.0.8/jdk.internal.misc.Unsafe.park(Native Method)
        at java.base@21.0.8/java.util.concurrent.locks.LockSupport.parkNanos(LockSupport.java:269)
        at java.base@21.0.8/java.util.concurrent.locks.AbstractQueuedSynchronizer$ConditionObject.awaitNanos(AbstractQueuedSynchronizer.java:1763)
        at java.base@21.0.8/java.util.concurrent.LinkedBlockingQueue.poll(LinkedBlockingQueue.java:460)
        at app//org.apache.hadoop.ipc.CallQueueManager.take(CallQueueManager.java:370)
        at app//org.apache.hadoop.ipc.Server$Handler.run(Server.java:3165)
"DiskUsage-/home/runner/work/ozone/ozone/hadoop-ozone/integration-test-recon/target/test-dir/MiniOzoneClusterImpl-e405f726-f354-48a5-b90a-334fe627f997/ozone-metadata/datanode-2/ratis-
" daemon prio=5 tid=854 timed_waiting
java.lang.Thread.State: TIMED_WAITING
        at java.base@21.0.8/jdk.internal.misc.Unsafe.park(Native Method)
        at java.base@21.0.8/java.util.concurrent.locks.LockSupport.parkNanos(LockSupport.java:269)
        at java.base@21.0.8/java.util.concurrent.locks.AbstractQueuedSynchronizer$ConditionObject.awaitNanos(AbstractQueuedSynchronizer.java:1763)
        at java.base@21.0.8/java.util.concurrent.ScheduledThreadPoolExecutor$DelayedWorkQueue.take(ScheduledThreadPoolExecutor.java:1182)
        at java.base@21.0.8/java.util.concurrent.ScheduledThreadPoolExecutor$DelayedWorkQueue.take(ScheduledThreadPoolExecutor.java:899)
        at java.base@21.0.8/java.util.concurrent.ThreadPoolExecutor.getTask(ThreadPoolExecutor.java:1070)
        at java.base@21.0.8/java.util.concurrent.ThreadPoolExecutor.runWorker(ThreadPoolExecutor.java:1130)
        at java.base@21.0.8/java.util.concurrent.ThreadPoolExecutor$Worker.run(ThreadPoolExecutor.java:642)
        at java.base@21.0.8/java.lang.Thread.runWith(Thread.java:1596)
        at java.base@21.0.8/java.lang.Thread.run(Thread.java:1583)
"Socket Reader #6 for port 15013" daemon prio=5 tid=687 runnable
java.lang.Thread.State: RUNNABLE
        at java.base@21.0.8/sun.nio.ch.EPoll.wait(Native Method)
        at java.base@21.0.8/sun.nio.ch.EPollSelectorImpl.doSelect(EPollSelectorImpl.java:121)
        at java.base@21.0.8/sun.nio.ch.SelectorImpl.lockAndDoSelect(SelectorImpl.java:130)
        at java.base@21.0.8/sun.nio.ch.SelectorImpl.select(SelectorImpl.java:147)
        at app//org.apache.hadoop.ipc.Server$Listener$Reader.doRunLoop(Server.java:1497)
        at app//org.apache.hadoop.ipc.Server$Listener$Reader.run(Server.java:1476)
"42a5f925-1bc2-4f8a-8509-c5ae65e6fcde-BlockDeletingService#1" daemon prio=5 tid=845 in Object.wait()
java.lang.Thread.State: WAITING (on object monitor)
        at java.base@21.0.8/jdk.internal.misc.Unsafe.park(Native Method)
        at java.base@21.0.8/java.util.concurrent.locks.LockSupport.park(LockSupport.java:371)
        at java.base@21.0.8/java.util.concurrent.locks.AbstractQueuedSynchronizer$ConditionNode.block(AbstractQueuedSynchronizer.java:519)
        at java.base@21.0.8/java.util.concurrent.ForkJoinPool.unmanagedBlock(ForkJoinPool.java:3780)
        at java.base@21.0.8/java.util.concurrent.ForkJoinPool.managedBlock(ForkJoinPool.java:3725)
        at java.base@21.0.8/java.util.concurrent.locks.AbstractQueuedSynchronizer$ConditionObject.await(AbstractQueuedSynchronizer.java:1712)
        at java.base@21.0.8/java.util.concurrent.ScheduledThreadPoolExecutor$DelayedWorkQueue.take(ScheduledThreadPoolExecutor.java:1177)
        at java.base@21.0.8/java.util.concurrent.ScheduledThreadPoolExecutor$DelayedWorkQueue.take(ScheduledThreadPoolExecutor.java:899)
        at java.base@21.0.8/java.util.concurrent.ThreadPoolExecutor.getTask(ThreadPoolExecutor.java:1070)
        at java.base@21.0.8/java.util.concurrent.ThreadPoolExecutor.runWorker(ThreadPoolExecutor.java:1130)
        at java.base@21.0.8/java.util.concurrent.ThreadPoolExecutor$Worker.run(ThreadPoolExecutor.java:642)
        at java.base@21.0.8/java.lang.Thread.runWith(Thread.java:1596)
        at java.base@21.0.8/java.lang.Thread.run(Thread.java:1583)
"Socket Reader #4 for port 15037" daemon prio=5 tid=873 runnable
java.lang.Thread.State: RUNNABLE
        at java.base@21.0.8/sun.nio.ch.EPoll.wait(Native Method)
        at java.base@21.0.8/sun.nio.ch.EPollSelectorImpl.doSelect(EPollSelectorImpl.java:121)
        at java.base@21.0.8/sun.nio.ch.SelectorImpl.lockAndDoSelect(SelectorImpl.java:130)
        at java.base@21.0.8/sun.nio.ch.SelectorImpl.select(SelectorImpl.java:147)
        at app//org.apache.hadoop.ipc.Server$Listener$Reader.doRunLoop(Server.java:1497)
        at app//org.apache.hadoop.ipc.Server$Listener$Reader.run(Server.java:1476)
"Recon-EventQueue-DeadNodeForReconDeadNodeHandler" daemon prio=5 tid=1298 in Object.wait()
java.lang.Thread.State: WAITING (on object monitor)
        at java.base@21.0.8/jdk.internal.misc.Unsafe.park(Native Method)
        at java.base@21.0.8/java.util.concurrent.locks.LockSupport.park(LockSupport.java:371)
        at java.base@21.0.8/java.util.concurrent.locks.AbstractQueuedSynchronizer$ConditionNode.block(AbstractQueuedSynchronizer.java:519)
        at java.base@21.0.8/java.util.concurrent.ForkJoinPool.unmanagedBlock(ForkJoinPool.java:3780)
        at java.base@21.0.8/java.util.concurrent.ForkJoinPool.managedBlock(ForkJoinPool.java:3725)
        at java.base@21.0.8/java.util.concurrent.locks.AbstractQueuedSynchronizer$ConditionObject.await(AbstractQueuedSynchronizer.java:1712)
        at java.base@21.0.8/java.util.concurrent.LinkedBlockingQueue.take(LinkedBlockingQueue.java:435)
        at java.base@21.0.8/java.util.concurrent.ThreadPoolExecutor.getTask(ThreadPoolExecutor.java:1070)
        at java.base@21.0.8/java.util.concurrent.ThreadPoolExecutor.runWorker(ThreadPoolExecutor.java:1130)
        at java.base@21.0.8/java.util.concurrent.ThreadPoolExecutor$Worker.run(ThreadPoolExecutor.java:642)
        at java.base@21.0.8/java.lang.Thread.runWith(Thread.java:1596)
        at java.base@21.0.8/java.lang.Thread.run(Thread.java:1583)
"surefire-forkedjvm-command-thread" daemon prio=5 tid=25 runnable
java.lang.Thread.State: RUNNABLE
        at java.base@21.0.8/java.io.FileInputStream.readBytes(Native Method)
        at java.base@21.0.8/java.io.FileInputStream.read(FileInputStream.java:287)
        at java.base@21.0.8/java.io.BufferedInputStream.read1(BufferedInputStream.java:345)
        at java.base@21.0.8/java.io.BufferedInputStream.implRead(BufferedInputStream.java:420)
        at java.base@21.0.8/java.io.BufferedInputStream.read(BufferedInputStream.java:399)
        at java.base@21.0.8/java.io.BufferedInputStream.fill(BufferedInputStream.java:291)
        at java.base@21.0.8/java.io.BufferedInputStream.read1(BufferedInputStream.java:347)
        at java.base@21.0.8/java.io.BufferedInputStream.implRead(BufferedInputStream.java:420)
        at java.base@21.0.8/java.io.BufferedInputStream.read(BufferedInputStream.java:399)
        at app//org.apache.maven.surefire.api.util.internal.Channels$3.readImpl(Channels.java:169)
        at app//org.apache.maven.surefire.api.util.internal.AbstractNoninterruptibleReadableChannel.read(AbstractNoninterruptibleReadableChannel.java:50)
        at app//org.apache.maven.surefire.api.stream.AbstractStreamDecoder.read(AbstractStreamDecoder.java:430)
        at app//org.apache.maven.surefire.api.stream.AbstractStreamDecoder.read(AbstractStreamDecoder.java:419)
        at app//org.apache.maven.surefire.api.stream.AbstractStreamDecoder.readMessageType(AbstractStreamDecoder.java:116)
        at app//org.apache.maven.surefire.booter.stream.CommandDecoder.decode(CommandDecoder.java:77)
        at app//org.apache.maven.surefire.booter.spi.CommandChannelDecoder.decode(CommandChannelDecoder.java:60)
        at app//org.apache.maven.surefire.booter.CommandReader$CommandRunnable.run(CommandReader.java:290)
        at java.base@21.0.8/java.lang.Thread.runWith(Thread.java:1596)
        at java.base@21.0.8/java.lang.Thread.run(Thread.java:1583)
"pool-247-thread-1"  prio=5 tid=905 timed_waiting
java.lang.Thread.State: TIMED_WAITING
        at java.base@21.0.8/jdk.internal.misc.Unsafe.park(Native Method)
        at java.base@21.0.8/java.util.concurrent.locks.LockSupport.parkNanos(LockSupport.java:269)
        at java.base@21.0.8/java.util.concurrent.locks.AbstractQueuedSynchronizer$ConditionObject.awaitNanos(AbstractQueuedSynchronizer.java:1763)
        at java.base@21.0.8/java.util.concurrent.ScheduledThreadPoolExecutor$DelayedWorkQueue.take(ScheduledThreadPoolExecutor.java:1182)
        at java.base@21.0.8/java.util.concurrent.ScheduledThreadPoolExecutor$DelayedWorkQueue.take(ScheduledThreadPoolExecutor.java:899)
        at java.base@21.0.8/java.util.concurrent.ThreadPoolExecutor.getTask(ThreadPoolExecutor.java:1070)
        at java.base@21.0.8/java.util.concurrent.ThreadPoolExecutor.runWorker(ThreadPoolExecutor.java:1130)
        at java.base@21.0.8/java.util.concurrent.ThreadPoolExecutor$Worker.run(ThreadPoolExecutor.java:642)
        at java.base@21.0.8/java.lang.Thread.runWith(Thread.java:1596)
        at java.base@21.0.8/java.lang.Thread.run(Thread.java:1583)
"om1-DirectoryDeletingService#2" daemon prio=5 tid=479 in Object.wait()
java.lang.Thread.State: WAITING (on object monitor)
        at java.base@21.0.8/jdk.internal.misc.Unsafe.park(Native Method)
        at java.base@21.0.8/java.util.concurrent.locks.LockSupport.park(LockSupport.java:371)
        at java.base@21.0.8/java.util.concurrent.locks.AbstractQueuedSynchronizer$ConditionNode.block(AbstractQueuedSynchronizer.java:519)
        at java.base@21.0.8/java.util.concurrent.ForkJoinPool.unmanagedBlock(ForkJoinPool.java:3780)
        at java.base@21.0.8/java.util.concurrent.ForkJoinPool.managedBlock(ForkJoinPool.java:3725)
        at java.base@21.0.8/java.util.concurrent.locks.AbstractQueuedSynchronizer$ConditionObject.await(AbstractQueuedSynchronizer.java:1712)
        at java.base@21.0.8/java.util.concurrent.ScheduledThreadPoolExecutor$DelayedWorkQueue.take(ScheduledThreadPoolExecutor.java:1177)
        at java.base@21.0.8/java.util.concurrent.ScheduledThreadPoolExecutor$DelayedWorkQueue.take(ScheduledThreadPoolExecutor.java:899)
        at java.base@21.0.8/java.util.concurrent.ThreadPoolExecutor.getTask(ThreadPoolExecutor.java:1070)
        at java.base@21.0.8/java.util.concurrent.ThreadPoolExecutor.runWorker(ThreadPoolExecutor.java:1130)
        at java.base@21.0.8/java.util.concurrent.ThreadPoolExecutor$Worker.run(ThreadPoolExecutor.java:642)
        at java.base@21.0.8/java.lang.Thread.runWith(Thread.java:1596)
        at java.base@21.0.8/java.lang.Thread.run(Thread.java:1583)
"IPC Server handler 54 on default port 15004" daemon prio=5 tid=393 timed_waiting
java.lang.Thread.State: TIMED_WAITING
        at java.base@21.0.8/jdk.internal.misc.Unsafe.park(Native Method)
        at java.base@21.0.8/java.util.concurrent.locks.LockSupport.parkNanos(LockSupport.java:269)
        at java.base@21.0.8/java.util.concurrent.locks.AbstractQueuedSynchronizer$ConditionObject.awaitNanos(AbstractQueuedSynchronizer.java:1763)
        at java.base@21.0.8/java.util.concurrent.LinkedBlockingQueue.poll(LinkedBlockingQueue.java:460)
        at app//org.apache.hadoop.ipc.CallQueueManager.take(CallQueueManager.java:370)
        at app//org.apache.hadoop.ipc.Server$Handler.run(Server.java:3165)
"346684e1-b57f-4c29-9507-935dad45bd68-ReplicationContainerReader-3" daemon prio=5 tid=1332 in Object.wait()
java.lang.Thread.State: WAITING (on object monitor)
        at java.base@21.0.8/jdk.internal.misc.Unsafe.park(Native Method)
        at java.base@21.0.8/java.util.concurrent.locks.LockSupport.park(LockSupport.java:371)
        at java.base@21.0.8/java.util.concurrent.locks.AbstractQueuedSynchronizer$ConditionNode.block(AbstractQueuedSynchronizer.java:519)
        at java.base@21.0.8/java.util.concurrent.ForkJoinPool.unmanagedBlock(ForkJoinPool.java:3780)
        at java.base@21.0.8/java.util.concurrent.ForkJoinPool.managedBlock(ForkJoinPool.java:3725)
        at java.base@21.0.8/java.util.concurrent.locks.AbstractQueuedSynchronizer$ConditionObject.await(AbstractQueuedSynchronizer.java:1712)
        at java.base@21.0.8/java.util.concurrent.LinkedBlockingQueue.take(LinkedBlockingQueue.java:435)
        at java.base@21.0.8/java.util.concurrent.ThreadPoolExecutor.getTask(ThreadPoolExecutor.java:1070)
        at java.base@21.0.8/java.util.concurrent.ThreadPoolExecutor.runWorker(ThreadPoolExecutor.java:1130)
        at java.base@21.0.8/java.util.concurrent.ThreadPoolExecutor$Worker.run(ThreadPoolExecutor.java:642)
        at java.base@21.0.8/java.lang.Thread.runWith(Thread.java:1596)
        at java.base@21.0.8/java.lang.Thread.run(Thread.java:1583)
"Socket Reader #7 for port 15004" daemon prio=5 tid=69 runnable
java.lang.Thread.State: RUNNABLE
        at java.base@21.0.8/sun.nio.ch.EPoll.wait(Native Method)
        at java.base@21.0.8/sun.nio.ch.EPollSelectorImpl.doSelect(EPollSelectorImpl.java:121)
        at java.base@21.0.8/sun.nio.ch.SelectorImpl.lockAndDoSelect(SelectorImpl.java:130)
        at java.base@21.0.8/sun.nio.ch.SelectorImpl.select(SelectorImpl.java:147)
        at app//org.apache.hadoop.ipc.Server$Listener$Reader.doRunLoop(Server.java:1497)
        at app//org.apache.hadoop.ipc.Server$Listener$Reader.run(Server.java:1476)
"IPC Server handler 2 on default port 15013" daemon prio=5 tid=697 timed_waiting
java.lang.Thread.State: TIMED_WAITING
        at java.base@21.0.8/jdk.internal.misc.Unsafe.park(Native Method)
        at java.base@21.0.8/java.util.concurrent.locks.LockSupport.parkNanos(LockSupport.java:269)
        at java.base@21.0.8/java.util.concurrent.locks.AbstractQueuedSynchronizer$ConditionObject.awaitNanos(AbstractQueuedSynchronizer.java:1763)
        at java.base@21.0.8/java.util.concurrent.LinkedBlockingQueue.poll(LinkedBlockingQueue.java:460)
        at app//org.apache.hadoop.ipc.CallQueueManager.take(CallQueueManager.java:370)
        at app//org.apache.hadoop.ipc.Server$Handler.run(Server.java:3165)
"IPC Server handler 67 on default port 15003" daemon prio=5 tid=288 timed_waiting
java.lang.Thread.State: TIMED_WAITING
        at java.base@21.0.8/jdk.internal.misc.Unsafe.park(Native Method)
        at java.base@21.0.8/java.util.concurrent.locks.LockSupport.parkNanos(LockSupport.java:269)
        at java.base@21.0.8/java.util.concurrent.locks.AbstractQueuedSynchronizer$ConditionObject.awaitNanos(AbstractQueuedSynchronizer.java:1763)
        at java.base@21.0.8/java.util.concurrent.LinkedBlockingQueue.poll(LinkedBlockingQueue.java:460)
        at app//org.apache.hadoop.ipc.CallQueueManager.take(CallQueueManager.java:370)
        at app//org.apache.hadoop.ipc.Server$Handler.run(Server.java:3165)
"IPC Server handler 78 on default port 15004" daemon prio=5 tid=417 timed_waiting
java.lang.Thread.State: TIMED_WAITING
        at java.base@21.0.8/jdk.internal.misc.Unsafe.park(Native Method)
        at java.base@21.0.8/java.util.concurrent.locks.LockSupport.parkNanos(LockSupport.java:269)
        at java.base@21.0.8/java.util.concurrent.locks.AbstractQueuedSynchronizer$ConditionObject.awaitNanos(AbstractQueuedSynchronizer.java:1763)
        at java.base@21.0.8/java.util.concurrent.LinkedBlockingQueue.poll(LinkedBlockingQueue.java:460)
        at app//org.apache.hadoop.ipc.CallQueueManager.take(CallQueueManager.java:370)
        at app//org.apache.hadoop.ipc.Server$Handler.run(Server.java:3165)
"IPC Server handler 42 on default port 15003" daemon prio=5 tid=263 timed_waiting
java.lang.Thread.State: TIMED_WAITING
        at java.base@21.0.8/jdk.internal.misc.Unsafe.park(Native Method)
        at java.base@21.0.8/java.util.concurrent.locks.LockSupport.parkNanos(LockSupport.java:269)
        at java.base@21.0.8/java.util.concurrent.locks.AbstractQueuedSynchronizer$ConditionObject.awaitNanos(AbstractQueuedSynchronizer.java:1763)
        at java.base@21.0.8/java.util.concurrent.LinkedBlockingQueue.poll(LinkedBlockingQueue.java:460)
        at app//org.apache.hadoop.ipc.CallQueueManager.take(CallQueueManager.java:370)
        at app//org.apache.hadoop.ipc.Server$Handler.run(Server.java:3165)
"Socket Reader #10 for port 15003" daemon prio=5 tid=86 runnable
java.lang.Thread.State: RUNNABLE
        at java.base@21.0.8/sun.nio.ch.EPoll.wait(Native Method)
        at java.base@21.0.8/sun.nio.ch.EPollSelectorImpl.doSelect(EPollSelectorImpl.java:121)
        at java.base@21.0.8/sun.nio.ch.SelectorImpl.lockAndDoSelect(SelectorImpl.java:130)
        at java.base@21.0.8/sun.nio.ch.SelectorImpl.select(SelectorImpl.java:147)
        at app//org.apache.hadoop.ipc.Server$Listener$Reader.doRunLoop(Server.java:1497)
        at app//org.apache.hadoop.ipc.Server$Listener$Reader.run(Server.java:1476)
"IPC Server handler 67 on default port 15002" daemon prio=5 tid=188 timed_waiting
java.lang.Thread.State: TIMED_WAITING
        at java.base@21.0.8/jdk.internal.misc.Unsafe.park(Native Method)
        at java.base@21.0.8/java.util.concurrent.locks.LockSupport.parkNanos(LockSupport.java:269)
        at java.base@21.0.8/java.util.concurrent.locks.AbstractQueuedSynchronizer$ConditionObject.awaitNanos(AbstractQueuedSynchronizer.java:1763)
        at java.base@21.0.8/java.util.concurrent.LinkedBlockingQueue.poll(LinkedBlockingQueue.java:460)
        at app//org.apache.hadoop.ipc.CallQueueManager.take(CallQueueManager.java:370)
        at app//org.apache.hadoop.ipc.Server$Handler.run(Server.java:3165)
"IPC Server handler 91 on default port 15003" daemon prio=5 tid=312 timed_waiting
java.lang.Thread.State: TIMED_WAITING
        at java.base@21.0.8/jdk.internal.misc.Unsafe.park(Native Method)
        at java.base@21.0.8/java.util.concurrent.locks.LockSupport.parkNanos(LockSupport.java:269)
        at java.base@21.0.8/java.util.concurrent.locks.AbstractQueuedSynchronizer$ConditionObject.awaitNanos(AbstractQueuedSynchronizer.java:1763)
        at java.base@21.0.8/java.util.concurrent.LinkedBlockingQueue.poll(LinkedBlockingQueue.java:460)
        at app//org.apache.hadoop.ipc.CallQueueManager.take(CallQueueManager.java:370)
        at app//org.apache.hadoop.ipc.Server$Handler.run(Server.java:3165)
"RatisPipelineUtilsThread-0"  prio=5 tid=55 timed_waiting
java.lang.Thread.State: TIMED_WAITING
        at java.base@21.0.8/java.lang.Object.wait0(Native Method)
        at java.base@21.0.8/java.lang.Object.wait(Object.java:366)
        at app//org.apache.hadoop.hdds.scm.pipeline.BackgroundPipelineCreator.run(BackgroundPipelineCreator.java:181)
        at app//org.apache.hadoop.hdds.scm.pipeline.BackgroundPipelineCreator$$Lambda/0x00007f18e8504b88.run(Unknown Source)
        at java.base@21.0.8/java.lang.Thread.runWith(Thread.java:1596)
        at java.base@21.0.8/java.lang.Thread.run(Thread.java:1583)
"IPC Server handler 9 on default port 15002" daemon prio=5 tid=130 timed_waiting
java.lang.Thread.State: TIMED_WAITING
        at java.base@21.0.8/jdk.internal.misc.Unsafe.park(Native Method)
        at java.base@21.0.8/java.util.concurrent.locks.LockSupport.parkNanos(LockSupport.java:269)
        at java.base@21.0.8/java.util.concurrent.locks.AbstractQueuedSynchronizer$ConditionObject.awaitNanos(AbstractQueuedSynchronizer.java:1763)
        at java.base@21.0.8/java.util.concurrent.LinkedBlockingQueue.poll(LinkedBlockingQueue.java:460)
        at app//org.apache.hadoop.ipc.CallQueueManager.take(CallQueueManager.java:370)
        at app//org.apache.hadoop.ipc.Server$Handler.run(Server.java:3165)
"StaleRecoveringContainerScrubbingService#0" daemon prio=5 tid=1000 in Object.wait()
java.lang.Thread.State: WAITING (on object monitor)
        at java.base@21.0.8/jdk.internal.misc.Unsafe.park(Native Method)
        at java.base@21.0.8/java.util.concurrent.locks.LockSupport.park(LockSupport.java:371)
        at java.base@21.0.8/java.util.concurrent.locks.AbstractQueuedSynchronizer$ConditionNode.block(AbstractQueuedSynchronizer.java:519)
        at java.base@21.0.8/java.util.concurrent.ForkJoinPool.unmanagedBlock(ForkJoinPool.java:3780)
        at java.base@21.0.8/java.util.concurrent.ForkJoinPool.managedBlock(ForkJoinPool.java:3725)
        at java.base@21.0.8/java.util.concurrent.locks.AbstractQueuedSynchronizer$ConditionObject.await(AbstractQueuedSynchronizer.java:1712)
        at java.base@21.0.8/java.util.concurrent.ScheduledThreadPoolExecutor$DelayedWorkQueue.take(ScheduledThreadPoolExecutor.java:1177)
        at java.base@21.0.8/java.util.concurrent.ScheduledThreadPoolExecutor$DelayedWorkQueue.take(ScheduledThreadPoolExecutor.java:899)
        at java.base@21.0.8/java.util.concurrent.ThreadPoolExecutor.getTask(ThreadPoolExecutor.java:1070)
        at java.base@21.0.8/java.util.concurrent.ThreadPoolExecutor.runWorker(ThreadPoolExecutor.java:1130)
        at java.base@21.0.8/java.util.concurrent.ThreadPoolExecutor$Worker.run(ThreadPoolExecutor.java:642)
        at java.base@21.0.8/java.lang.Thread.runWith(Thread.java:1596)
        at java.base@21.0.8/java.lang.Thread.run(Thread.java:1583)
"FixedThreadPoolWithAffinityExecutor-0-0" daemon prio=5 tid=104 timed_waiting
java.lang.Thread.State: TIMED_WAITING
        at java.base@21.0.8/jdk.internal.misc.Unsafe.park(Native Method)
        at java.base@21.0.8/java.util.concurrent.locks.LockSupport.parkNanos(LockSupport.java:269)
        at java.base@21.0.8/java.util.concurrent.locks.AbstractQueuedSynchronizer$ConditionObject.awaitNanos(AbstractQueuedSynchronizer.java:1763)
        at java.base@21.0.8/java.util.concurrent.LinkedBlockingQueue.poll(LinkedBlockingQueue.java:460)
        at app//org.apache.hadoop.hdds.scm.server.ContainerReportQueue.poll(ContainerReportQueue.java:269)
        at app//org.apache.hadoop.hdds.scm.server.ContainerReportQueue.poll(ContainerReportQueue.java:42)
        at app//org.apache.hadoop.hdds.server.events.FixedThreadPoolWithAffinityExecutor$ContainerReportProcessTask.run(FixedThreadPoolWithAffinityExecutor.java:228)
        at java.base@21.0.8/java.util.concurrent.Executors$RunnableAdapter.call(Executors.java:572)
        at java.base@21.0.8/java.util.concurrent.FutureTask.run(FutureTask.java:317)
        at java.base@21.0.8/java.util.concurrent.ThreadPoolExecutor.runWorker(ThreadPoolExecutor.java:1144)
        at java.base@21.0.8/java.util.concurrent.ThreadPoolExecutor$Worker.run(ThreadPoolExecutor.java:642)
        at java.base@21.0.8/java.lang.Thread.runWith(Thread.java:1596)
        at java.base@21.0.8/java.lang.Thread.run(Thread.java:1583)
"IPC Server handler 4 on default port 15021" daemon prio=5 tid=745 timed_waiting
java.lang.Thread.State: TIMED_WAITING
        at java.base@21.0.8/jdk.internal.misc.Unsafe.park(Native Method)
        at java.base@21.0.8/java.util.concurrent.locks.LockSupport.parkNanos(LockSupport.java:269)
        at java.base@21.0.8/java.util.concurrent.locks.AbstractQueuedSynchronizer$ConditionObject.awaitNanos(AbstractQueuedSynchronizer.java:1763)
        at java.base@21.0.8/java.util.concurrent.LinkedBlockingQueue.poll(LinkedBlockingQueue.java:460)
        at app//org.apache.hadoop.ipc.CallQueueManager.take(CallQueueManager.java:370)
        at app//org.apache.hadoop.ipc.Server$Handler.run(Server.java:3165)
"346684e1-b57f-4c29-9507-935dad45bd68-DatanodeStateMachineDaemonThread" daemon prio=10 tid=893 timed_waiting
java.lang.Thread.State: TIMED_WAITING
        at java.base@21.0.8/java.lang.Thread.sleep0(Native Method)
        at java.base@21.0.8/java.lang.Thread.sleep(Thread.java:509)
        at app//org.apache.hadoop.ozone.container.common.statemachine.DatanodeStateMachine.startStateMachineThread(DatanodeStateMachine.java:368)
        at app//org.apache.hadoop.ozone.container.common.statemachine.DatanodeStateMachine.lambda$startDaemon$1(DatanodeStateMachine.java:554)
        at app//org.apache.hadoop.ozone.container.common.statemachine.DatanodeStateMachine$$Lambda/0x00007f18e8c9b698.run(Unknown Source)
        at java.base@21.0.8/java.lang.Thread.runWith(Thread.java:1596)
        at java.base@21.0.8/java.lang.Thread.run(Thread.java:1583)
"IPC Server handler 20 on default port 15004" daemon prio=5 tid=359 timed_waiting
java.lang.Thread.State: TIMED_WAITING
        at java.base@21.0.8/jdk.internal.misc.Unsafe.park(Native Method)
        at java.base@21.0.8/java.util.concurrent.locks.LockSupport.parkNanos(LockSupport.java:269)
        at java.base@21.0.8/java.util.concurrent.locks.AbstractQueuedSynchronizer$ConditionObject.awaitNanos(AbstractQueuedSynchronizer.java:1763)
        at java.base@21.0.8/java.util.concurrent.LinkedBlockingQueue.poll(LinkedBlockingQueue.java:460)
        at app//org.apache.hadoop.ipc.CallQueueManager.take(CallQueueManager.java:370)
        at app//org.apache.hadoop.ipc.Server$Handler.run(Server.java:3165)
"Socket Reader #3 for port 15013" daemon prio=5 tid=684 runnable
java.lang.Thread.State: RUNNABLE
        at java.base@21.0.8/sun.nio.ch.EPoll.wait(Native Method)
        at java.base@21.0.8/sun.nio.ch.EPollSelectorImpl.doSelect(EPollSelectorImpl.java:121)
        at java.base@21.0.8/sun.nio.ch.SelectorImpl.lockAndDoSelect(SelectorImpl.java:130)
        at java.base@21.0.8/sun.nio.ch.SelectorImpl.select(SelectorImpl.java:147)
        at app//org.apache.hadoop.ipc.Server$Listener$Reader.doRunLoop(Server.java:1497)
        at app//org.apache.hadoop.ipc.Server$Listener$Reader.run(Server.java:1476)
"IPC Server handler 47 on default port 15002" daemon prio=5 tid=168 timed_waiting
java.lang.Thread.State: TIMED_WAITING
        at java.base@21.0.8/jdk.internal.misc.Unsafe.park(Native Method)
        at java.base@21.0.8/java.util.concurrent.locks.LockSupport.parkNanos(LockSupport.java:269)
        at java.base@21.0.8/java.util.concurrent.locks.AbstractQueuedSynchronizer$ConditionObject.awaitNanos(AbstractQueuedSynchronizer.java:1763)
        at java.base@21.0.8/java.util.concurrent.LinkedBlockingQueue.poll(LinkedBlockingQueue.java:460)
        at app//org.apache.hadoop.ipc.CallQueueManager.take(CallQueueManager.java:370)
        at app//org.apache.hadoop.ipc.Server$Handler.run(Server.java:3165)
"IPC Server handler 6 on default port 15037" daemon prio=5 tid=889 timed_waiting
java.lang.Thread.State: TIMED_WAITING
        at java.base@21.0.8/jdk.internal.misc.Unsafe.park(Native Method)
        at java.base@21.0.8/java.util.concurrent.locks.LockSupport.parkNanos(LockSupport.java:269)
        at java.base@21.0.8/java.util.concurrent.locks.AbstractQueuedSynchronizer$ConditionObject.awaitNanos(AbstractQueuedSynchronizer.java:1763)
        at java.base@21.0.8/java.util.concurrent.LinkedBlockingQueue.poll(LinkedBlockingQueue.java:460)
        at app//org.apache.hadoop.ipc.CallQueueManager.take(CallQueueManager.java:370)
        at app//org.apache.hadoop.ipc.Server$Handler.run(Server.java:3165)
"IPC Server handler 72 on default port 15001" daemon prio=5 tid=630 timed_waiting
java.lang.Thread.State: TIMED_WAITING
        at java.base@21.0.8/jdk.internal.misc.Unsafe.park(Native Method)
        at java.base@21.0.8/java.util.concurrent.locks.LockSupport.parkNanos(LockSupport.java:269)
        at java.base@21.0.8/java.util.concurrent.locks.AbstractQueuedSynchronizer$ConditionObject.awaitNanos(AbstractQueuedSynchronizer.java:1763)
        at java.base@21.0.8/java.util.concurrent.LinkedBlockingQueue.poll(LinkedBlockingQueue.java:460)
        at app//org.apache.hadoop.ipc.CallQueueManager.take(CallQueueManager.java:370)
        at app//org.apache.hadoop.ipc.Server$Handler.run(Server.java:3165)
"42a5f925-1bc2-4f8a-8509-c5ae65e6fcde@group-EC04683B356A-LeaderStateImpl" daemon prio=5 tid=1097 timed_waiting
java.lang.Thread.State: TIMED_WAITING
        at java.base@21.0.8/jdk.internal.misc.Unsafe.park(Native Method)
        at java.base@21.0.8/java.util.concurrent.locks.LockSupport.parkNanos(LockSupport.java:269)
        at java.base@21.0.8/java.util.concurrent.locks.AbstractQueuedSynchronizer$ConditionObject.awaitNanos(AbstractQueuedSynchronizer.java:1763)
        at java.base@21.0.8/java.util.concurrent.ArrayBlockingQueue.poll(ArrayBlockingQueue.java:435)
        at app//org.apache.ratis.server.impl.LeaderStateImpl$EventQueue.poll(LeaderStateImpl.java:168)
        at app//org.apache.ratis.server.impl.LeaderStateImpl$EventProcessor.run(LeaderStateImpl.java:761)
"IPC Server handler 24 on default port 15002" daemon prio=5 tid=145 timed_waiting
java.lang.Thread.State: TIMED_WAITING
        at java.base@21.0.8/jdk.internal.misc.Unsafe.park(Native Method)
        at java.base@21.0.8/java.util.concurrent.locks.LockSupport.parkNanos(LockSupport.java:269)
        at java.base@21.0.8/java.util.concurrent.locks.AbstractQueuedSynchronizer$ConditionObject.awaitNanos(AbstractQueuedSynchronizer.java:1763)
        at java.base@21.0.8/java.util.concurrent.LinkedBlockingQueue.poll(LinkedBlockingQueue.java:460)
        at app//org.apache.hadoop.ipc.CallQueueManager.take(CallQueueManager.java:370)
        at app//org.apache.hadoop.ipc.Server$Handler.run(Server.java:3165)
"IPC Server handler 32 on default port 15001" daemon prio=5 tid=590 timed_waiting
java.lang.Thread.State: TIMED_WAITING
        at java.base@21.0.8/jdk.internal.misc.Unsafe.park(Native Method)
        at java.base@21.0.8/java.util.concurrent.locks.LockSupport.parkNanos(LockSupport.java:269)
        at java.base@21.0.8/java.util.concurrent.locks.AbstractQueuedSynchronizer$ConditionObject.awaitNanos(AbstractQueuedSynchronizer.java:1763)
        at java.base@21.0.8/java.util.concurrent.LinkedBlockingQueue.poll(LinkedBlockingQueue.java:460)
        at app//org.apache.hadoop.ipc.CallQueueManager.take(CallQueueManager.java:370)
        at app//org.apache.hadoop.ipc.Server$Handler.run(Server.java:3165)
"IPC Server handler 67 on default port 15004" daemon prio=5 tid=406 timed_waiting
java.lang.Thread.State: TIMED_WAITING
        at java.base@21.0.8/jdk.internal.misc.Unsafe.park(Native Method)
        at java.base@21.0.8/java.util.concurrent.locks.LockSupport.parkNanos(LockSupport.java:269)
        at java.base@21.0.8/java.util.concurrent.locks.AbstractQueuedSynchronizer$ConditionObject.awaitNanos(AbstractQueuedSynchronizer.java:1763)
        at java.base@21.0.8/java.util.concurrent.LinkedBlockingQueue.poll(LinkedBlockingQueue.java:460)
        at app//org.apache.hadoop.ipc.CallQueueManager.take(CallQueueManager.java:370)
        at app//org.apache.hadoop.ipc.Server$Handler.run(Server.java:3165)
"qtp1685778567-676" daemon prio=5 tid=676 timed_waiting
java.lang.Thread.State: TIMED_WAITING
        at java.base@21.0.8/jdk.internal.misc.Unsafe.park(Native Method)
        at java.base@21.0.8/java.util.concurrent.locks.LockSupport.parkNanos(LockSupport.java:269)
        at java.base@21.0.8/java.util.concurrent.locks.AbstractQueuedSynchronizer$ConditionObject.awaitNanos(AbstractQueuedSynchronizer.java:1763)
        at app//org.eclipse.jetty.util.BlockingArrayQueue.poll(BlockingArrayQueue.java:382)
        at app//org.eclipse.jetty.util.thread.QueuedThreadPool$Runner.idleJobPoll(QueuedThreadPool.java:974)
        at app//org.eclipse.jetty.util.thread.QueuedThreadPool$Runner.run(QueuedThreadPool.java:1018)
        at java.base@21.0.8/java.lang.Thread.runWith(Thread.java:1596)
        at java.base@21.0.8/java.lang.Thread.run(Thread.java:1583)
"IPC Server handler 88 on default port 15002" daemon prio=5 tid=209 timed_waiting
java.lang.Thread.State: TIMED_WAITING
        at java.base@21.0.8/jdk.internal.misc.Unsafe.park(Native Method)
        at java.base@21.0.8/java.util.concurrent.locks.LockSupport.parkNanos(LockSupport.java:269)
        at java.base@21.0.8/java.util.concurrent.locks.AbstractQueuedSynchronizer$ConditionObject.awaitNanos(AbstractQueuedSynchronizer.java:1763)
        at java.base@21.0.8/java.util.concurrent.LinkedBlockingQueue.poll(LinkedBlockingQueue.java:460)
        at app//org.apache.hadoop.ipc.CallQueueManager.take(CallQueueManager.java:370)
        at app//org.apache.hadoop.ipc.Server$Handler.run(Server.java:3165)
"qtp871701899-718" daemon prio=5 tid=718 runnable
java.lang.Thread.State: RUNNABLE
        at java.base@21.0.8/sun.nio.ch.EPoll.wait(Native Method)
        at java.base@21.0.8/sun.nio.ch.EPollSelectorImpl.doSelect(EPollSelectorImpl.java:121)
        at java.base@21.0.8/sun.nio.ch.SelectorImpl.lockAndDoSelect(SelectorImpl.java:130)
        at java.base@21.0.8/sun.nio.ch.SelectorImpl.select(SelectorImpl.java:147)
        at app//org.eclipse.jetty.io.ManagedSelector.nioSelect(ManagedSelector.java:183)
        at app//org.eclipse.jetty.io.ManagedSelector.select(ManagedSelector.java:190)
        at app//org.eclipse.jetty.io.ManagedSelector$SelectorProducer.select(ManagedSelector.java:606)
        at app//org.eclipse.jetty.io.ManagedSelector$SelectorProducer.produce(ManagedSelector.java:543)
        at app//org.eclipse.jetty.util.thread.strategy.EatWhatYouKill.produceTask(EatWhatYouKill.java:362)
        at app//org.eclipse.jetty.util.thread.strategy.EatWhatYouKill.doProduce(EatWhatYouKill.java:186)
        at app//org.eclipse.jetty.util.thread.strategy.EatWhatYouKill.tryProduce(EatWhatYouKill.java:173)
        at app//org.eclipse.jetty.util.thread.strategy.EatWhatYouKill.produce(EatWhatYouKill.java:137)
        at app//org.eclipse.jetty.io.ManagedSelector$$Lambda/0x00007f18e86c6408.run(Unknown Source)
        at app//org.eclipse.jetty.util.thread.QueuedThreadPool.runJob(QueuedThreadPool.java:883)
        at app//org.eclipse.jetty.util.thread.QueuedThreadPool$Runner.run(QueuedThreadPool.java:1034)
        at java.base@21.0.8/java.lang.Thread.runWith(Thread.java:1596)
        at java.base@21.0.8/java.lang.Thread.run(Thread.java:1583)
"IPC Server Responder" daemon prio=5 tid=74 runnable
java.lang.Thread.State: RUNNABLE
        at java.base@21.0.8/sun.nio.ch.EPoll.wait(Native Method)
        at java.base@21.0.8/sun.nio.ch.EPollSelectorImpl.doSelect(EPollSelectorImpl.java:121)
        at java.base@21.0.8/sun.nio.ch.SelectorImpl.lockAndDoSelect(SelectorImpl.java:130)
        at java.base@21.0.8/sun.nio.ch.SelectorImpl.select(SelectorImpl.java:142)
        at app//org.apache.hadoop.ipc.Server$Responder.doRunLoop(Server.java:1733)
        at app//org.apache.hadoop.ipc.Server$Responder.run(Server.java:1716)
"qtp1553533936-488" daemon prio=5 tid=488 timed_waiting
java.lang.Thread.State: TIMED_WAITING
        at java.base@21.0.8/jdk.internal.misc.Unsafe.park(Native Method)
        at java.base@21.0.8/java.util.concurrent.locks.LockSupport.parkNanos(LockSupport.java:269)
        at java.base@21.0.8/java.util.concurrent.locks.AbstractQueuedSynchronizer$ConditionObject.awaitNanos(AbstractQueuedSynchronizer.java:1763)
        at app//org.eclipse.jetty.util.BlockingArrayQueue.poll(BlockingArrayQueue.java:382)
        at app//org.eclipse.jetty.util.thread.QueuedThreadPool$Runner.idleJobPoll(QueuedThreadPool.java:974)
        at app//org.eclipse.jetty.util.thread.QueuedThreadPool$Runner.run(QueuedThreadPool.java:1018)
        at java.base@21.0.8/java.lang.Thread.runWith(Thread.java:1596)
        at java.base@21.0.8/java.lang.Thread.run(Thread.java:1583)
"IPC Server handler 93 on default port 15002" daemon prio=5 tid=214 timed_waiting
java.lang.Thread.State: TIMED_WAITING
        at java.base@21.0.8/jdk.internal.misc.Unsafe.park(Native Method)
        at java.base@21.0.8/java.util.concurrent.locks.LockSupport.parkNanos(LockSupport.java:269)
        at java.base@21.0.8/java.util.concurrent.locks.AbstractQueuedSynchronizer$ConditionObject.awaitNanos(AbstractQueuedSynchronizer.java:1763)
        at java.base@21.0.8/java.util.concurrent.LinkedBlockingQueue.poll(LinkedBlockingQueue.java:460)
        at app//org.apache.hadoop.ipc.CallQueueManager.take(CallQueueManager.java:370)
        at app//org.apache.hadoop.ipc.Server$Handler.run(Server.java:3165)
"IPC Server handler 36 on default port 15001" daemon prio=5 tid=594 timed_waiting
java.lang.Thread.State: TIMED_WAITING
        at java.base@21.0.8/jdk.internal.misc.Unsafe.park(Native Method)
        at java.base@21.0.8/java.util.concurrent.locks.LockSupport.parkNanos(LockSupport.java:269)
        at java.base@21.0.8/java.util.concurrent.locks.AbstractQueuedSynchronizer$ConditionObject.awaitNanos(AbstractQueuedSynchronizer.java:1763)
        at java.base@21.0.8/java.util.concurrent.LinkedBlockingQueue.poll(LinkedBlockingQueue.java:460)
        at app//org.apache.hadoop.ipc.CallQueueManager.take(CallQueueManager.java:370)
        at app//org.apache.hadoop.ipc.Server$Handler.run(Server.java:3165)
"IPC Server handler 82 on default port 15001" daemon prio=5 tid=640 timed_waiting
java.lang.Thread.State: TIMED_WAITING
        at java.base@21.0.8/jdk.internal.misc.Unsafe.park(Native Method)
        at java.base@21.0.8/java.util.concurrent.locks.LockSupport.parkNanos(LockSupport.java:269)
        at java.base@21.0.8/java.util.concurrent.locks.AbstractQueuedSynchronizer$ConditionObject.awaitNanos(AbstractQueuedSynchronizer.java:1763)
        at java.base@21.0.8/java.util.concurrent.LinkedBlockingQueue.poll(LinkedBlockingQueue.java:460)
        at app//org.apache.hadoop.ipc.CallQueueManager.take(CallQueueManager.java:370)
        at app//org.apache.hadoop.ipc.Server$Handler.run(Server.java:3165)
"IPC Server handler 48 on default port 15001" daemon prio=5 tid=606 timed_waiting
java.lang.Thread.State: TIMED_WAITING
        at java.base@21.0.8/jdk.internal.misc.Unsafe.park(Native Method)
        at java.base@21.0.8/java.util.concurrent.locks.LockSupport.parkNanos(LockSupport.java:269)
        at java.base@21.0.8/java.util.concurrent.locks.AbstractQueuedSynchronizer$ConditionObject.awaitNanos(AbstractQueuedSynchronizer.java:1763)
        at java.base@21.0.8/java.util.concurrent.LinkedBlockingQueue.poll(LinkedBlockingQueue.java:460)
        at app//org.apache.hadoop.ipc.CallQueueManager.take(CallQueueManager.java:370)
        at app//org.apache.hadoop.ipc.Server$Handler.run(Server.java:3165)
"Socket Reader #10 for port 15021" daemon prio=5 tid=737 runnable
java.lang.Thread.State: RUNNABLE
        at java.base@21.0.8/sun.nio.ch.EPoll.wait(Native Method)
        at java.base@21.0.8/sun.nio.ch.EPollSelectorImpl.doSelect(EPollSelectorImpl.java:121)
        at java.base@21.0.8/sun.nio.ch.SelectorImpl.lockAndDoSelect(SelectorImpl.java:130)
        at java.base@21.0.8/sun.nio.ch.SelectorImpl.select(SelectorImpl.java:147)
        at app//org.apache.hadoop.ipc.Server$Listener$Reader.doRunLoop(Server.java:1497)
        at app//org.apache.hadoop.ipc.Server$Listener$Reader.run(Server.java:1476)
"IPC Server handler 35 on default port 15001" daemon prio=5 tid=593 timed_waiting
java.lang.Thread.State: TIMED_WAITING
        at java.base@21.0.8/jdk.internal.misc.Unsafe.park(Native Method)
        at java.base@21.0.8/java.util.concurrent.locks.LockSupport.parkNanos(LockSupport.java:269)
        at java.base@21.0.8/java.util.concurrent.locks.AbstractQueuedSynchronizer$ConditionObject.awaitNanos(AbstractQueuedSynchronizer.java:1763)
        at java.base@21.0.8/java.util.concurrent.LinkedBlockingQueue.poll(LinkedBlockingQueue.java:460)
        at app//org.apache.hadoop.ipc.CallQueueManager.take(CallQueueManager.java:370)
        at app//org.apache.hadoop.ipc.Server$Handler.run(Server.java:3165)
"IPC Server Responder" daemon prio=5 tid=960 runnable
java.lang.Thread.State: RUNNABLE
        at java.base@21.0.8/sun.nio.ch.EPoll.wait(Native Method)
        at java.base@21.0.8/sun.nio.ch.EPollSelectorImpl.doSelect(EPollSelectorImpl.java:121)
        at java.base@21.0.8/sun.nio.ch.SelectorImpl.lockAndDoSelect(SelectorImpl.java:130)
        at java.base@21.0.8/sun.nio.ch.SelectorImpl.select(SelectorImpl.java:142)
        at app//org.apache.hadoop.ipc.Server$Responder.doRunLoop(Server.java:1733)
        at app//org.apache.hadoop.ipc.Server$Responder.run(Server.java:1716)
"ExpiredContainerReplicaOpScrubber" daemon prio=5 tid=57 timed_waiting
java.lang.Thread.State: TIMED_WAITING
        at java.base@21.0.8/java.lang.Object.wait0(Native Method)
        at java.base@21.0.8/java.lang.Object.wait(Object.java:366)
        at app//org.apache.hadoop.hdds.scm.ha.BackgroundSCMService.run(BackgroundSCMService.java:106)
        at app//org.apache.hadoop.hdds.scm.ha.BackgroundSCMService$$Lambda/0x00007f18e85056a8.run(Unknown Source)
        at java.base@21.0.8/java.lang.Thread.runWith(Thread.java:1596)
        at java.base@21.0.8/java.lang.Thread.run(Thread.java:1583)
"pool-272-thread-1"  prio=5 tid=1333 in Object.wait()
java.lang.Thread.State: WAITING (on object monitor)
        at java.base@21.0.8/jdk.internal.misc.Unsafe.park(Native Method)
        at java.base@21.0.8/java.util.concurrent.locks.LockSupport.park(LockSupport.java:371)
        at java.base@21.0.8/java.util.concurrent.locks.AbstractQueuedSynchronizer$ConditionNode.block(AbstractQueuedSynchronizer.java:519)
        at java.base@21.0.8/java.util.concurrent.ForkJoinPool.unmanagedBlock(ForkJoinPool.java:3780)
        at java.base@21.0.8/java.util.concurrent.ForkJoinPool.managedBlock(ForkJoinPool.java:3725)
        at java.base@21.0.8/java.util.concurrent.locks.AbstractQueuedSynchronizer$ConditionObject.await(AbstractQueuedSynchronizer.java:1712)
        at java.base@21.0.8/java.util.concurrent.LinkedBlockingQueue.take(LinkedBlockingQueue.java:435)
        at java.base@21.0.8/java.util.concurrent.ThreadPoolExecutor.getTask(ThreadPoolExecutor.java:1070)
        at java.base@21.0.8/java.util.concurrent.ThreadPoolExecutor.runWorker(ThreadPoolExecutor.java:1130)
        at java.base@21.0.8/java.util.concurrent.ThreadPoolExecutor$Worker.run(ThreadPoolExecutor.java:642)
        at java.base@21.0.8/java.lang.Thread.runWith(Thread.java:1596)
        at java.base@21.0.8/java.lang.Thread.run(Thread.java:1583)
"Socket Reader #5 for port 15045" daemon prio=5 tid=953 runnable
java.lang.Thread.State: RUNNABLE
        at java.base@21.0.8/sun.nio.ch.EPoll.wait(Native Method)
        at java.base@21.0.8/sun.nio.ch.EPollSelectorImpl.doSelect(EPollSelectorImpl.java:121)
        at java.base@21.0.8/sun.nio.ch.SelectorImpl.lockAndDoSelect(SelectorImpl.java:130)
        at java.base@21.0.8/sun.nio.ch.SelectorImpl.select(SelectorImpl.java:147)
        at app//org.apache.hadoop.ipc.Server$Listener$Reader.doRunLoop(Server.java:1497)
        at app//org.apache.hadoop.ipc.Server$Listener$Reader.run(Server.java:1476)
"DiskUsage-/home/runner/work/ozone/ozone/hadoop-ozone/integration-test-recon/target/test-dir/MiniOzoneClusterImpl-e405f726-f354-48a5-b90a-334fe627f997/ozone-metadata/datanode-1/ratis-
" daemon prio=5 tid=831 timed_waiting
java.lang.Thread.State: TIMED_WAITING
        at java.base@21.0.8/jdk.internal.misc.Unsafe.park(Native Method)
        at java.base@21.0.8/java.util.concurrent.locks.LockSupport.parkNanos(LockSupport.java:269)
        at java.base@21.0.8/java.util.concurrent.locks.AbstractQueuedSynchronizer$ConditionObject.awaitNanos(AbstractQueuedSynchronizer.java:1763)
        at java.base@21.0.8/java.util.concurrent.ScheduledThreadPoolExecutor$DelayedWorkQueue.take(ScheduledThreadPoolExecutor.java:1182)
        at java.base@21.0.8/java.util.concurrent.ScheduledThreadPoolExecutor$DelayedWorkQueue.take(ScheduledThreadPoolExecutor.java:899)
        at java.base@21.0.8/java.util.concurrent.ThreadPoolExecutor.getTask(ThreadPoolExecutor.java:1070)
        at java.base@21.0.8/java.util.concurrent.ThreadPoolExecutor.runWorker(ThreadPoolExecutor.java:1130)
        at java.base@21.0.8/java.util.concurrent.ThreadPoolExecutor$Worker.run(ThreadPoolExecutor.java:642)
        at java.base@21.0.8/java.lang.Thread.runWith(Thread.java:1596)
        at java.base@21.0.8/java.lang.Thread.run(Thread.java:1583)
"IPC Client (1164532897) connection to localhost/127.0.0.1:15001 from runner" daemon prio=5 tid=807 timed_waiting
java.lang.Thread.State: TIMED_WAITING
        at java.base@21.0.8/java.lang.Object.wait0(Native Method)
        at java.base@21.0.8/java.lang.Object.wait(Object.java:366)
        at app//org.apache.hadoop.ipc.Client$Connection.waitForWork(Client.java:1042)
        at app//org.apache.hadoop.ipc.Client$Connection.run(Client.java:1093)
"LeaseManager#LeaseMonitor" daemon prio=5 tid=322 timed_waiting
java.lang.Thread.State: TIMED_WAITING
        at java.base@21.0.8/jdk.internal.misc.Unsafe.park(Native Method)
        at java.base@21.0.8/java.util.concurrent.locks.LockSupport.parkNanos(LockSupport.java:269)
        at java.base@21.0.8/java.util.concurrent.locks.AbstractQueuedSynchronizer.acquire(AbstractQueuedSynchronizer.java:756)
        at java.base@21.0.8/java.util.concurrent.locks.AbstractQueuedSynchronizer.tryAcquireSharedNanos(AbstractQueuedSynchronizer.java:1126)
        at java.base@21.0.8/java.util.concurrent.Semaphore.tryAcquire(Semaphore.java:415)
        at app//org.apache.hadoop.ozone.lease.LeaseManager$LeaseMonitor.run(LeaseManager.java:283)
        at java.base@21.0.8/java.lang.Thread.runWith(Thread.java:1596)
        at java.base@21.0.8/java.lang.Thread.run(Thread.java:1583)
"IPC Server handler 60 on default port 15004" daemon prio=5 tid=399 timed_waiting
java.lang.Thread.State: TIMED_WAITING
        at java.base@21.0.8/jdk.internal.misc.Unsafe.park(Native Method)
        at java.base@21.0.8/java.util.concurrent.locks.LockSupport.parkNanos(LockSupport.java:269)
        at java.base@21.0.8/java.util.concurrent.locks.AbstractQueuedSynchronizer$ConditionObject.awaitNanos(AbstractQueuedSynchronizer.java:1763)
        at java.base@21.0.8/java.util.concurrent.LinkedBlockingQueue.poll(LinkedBlockingQueue.java:460)
        at app//org.apache.hadoop.ipc.CallQueueManager.take(CallQueueManager.java:370)
        at app//org.apache.hadoop.ipc.Server$Handler.run(Server.java:3165)
"IPC Server handler 70 on default port 15002" daemon prio=5 tid=191 timed_waiting
java.lang.Thread.State: TIMED_WAITING
        at java.base@21.0.8/jdk.internal.misc.Unsafe.park(Native Method)
        at java.base@21.0.8/java.util.concurrent.locks.LockSupport.parkNanos(LockSupport.java:269)
        at java.base@21.0.8/java.util.concurrent.locks.AbstractQueuedSynchronizer$ConditionObject.awaitNanos(AbstractQueuedSynchronizer.java:1763)
        at java.base@21.0.8/java.util.concurrent.LinkedBlockingQueue.poll(LinkedBlockingQueue.java:460)
        at app//org.apache.hadoop.ipc.CallQueueManager.take(CallQueueManager.java:370)
        at app//org.apache.hadoop.ipc.Server$Handler.run(Server.java:3165)
"SSL Certificates Store Monitor" daemon prio=5 tid=1366 in Object.wait()
java.lang.Thread.State: WAITING (on object monitor)
        at java.base@21.0.8/java.lang.Object.wait0(Native Method)
        at java.base@21.0.8/java.lang.Object.wait(Object.java:366)
        at java.base@21.0.8/java.lang.Object.wait(Object.java:339)
        at java.base@21.0.8/java.util.TimerThread.mainLoop(Timer.java:537)
        at java.base@21.0.8/java.util.TimerThread.run(Timer.java:516)
"Socket Reader #2 for port 15045" daemon prio=5 tid=950 runnable
java.lang.Thread.State: RUNNABLE
        at java.base@21.0.8/sun.nio.ch.EPoll.wait(Native Method)
        at java.base@21.0.8/sun.nio.ch.EPollSelectorImpl.doSelect(EPollSelectorImpl.java:121)
        at java.base@21.0.8/sun.nio.ch.SelectorImpl.lockAndDoSelect(SelectorImpl.java:130)
        at java.base@21.0.8/sun.nio.ch.SelectorImpl.select(SelectorImpl.java:147)
        at app//org.apache.hadoop.ipc.Server$Listener$Reader.doRunLoop(Server.java:1497)
        at app//org.apache.hadoop.ipc.Server$Listener$Reader.run(Server.java:1476)
"Socket Reader #10 for port 15013" daemon prio=5 tid=691 runnable
java.lang.Thread.State: RUNNABLE
        at java.base@21.0.8/sun.nio.ch.EPoll.wait(Native Method)
        at java.base@21.0.8/sun.nio.ch.EPollSelectorImpl.doSelect(EPollSelectorImpl.java:121)
        at java.base@21.0.8/sun.nio.ch.SelectorImpl.lockAndDoSelect(SelectorImpl.java:130)
        at java.base@21.0.8/sun.nio.ch.SelectorImpl.select(SelectorImpl.java:147)
        at app//org.apache.hadoop.ipc.Server$Listener$Reader.doRunLoop(Server.java:1497)
        at app//org.apache.hadoop.ipc.Server$Listener$Reader.run(Server.java:1476)
"pool-73-thread-1"  prio=5 tid=517 timed_waiting
java.lang.Thread.State: TIMED_WAITING
        at java.base@21.0.8/jdk.internal.misc.Unsafe.park(Native Method)
        at java.base@21.0.8/java.util.concurrent.locks.LockSupport.parkNanos(LockSupport.java:269)
        at java.base@21.0.8/java.util.concurrent.locks.AbstractQueuedSynchronizer$ConditionObject.awaitNanos(AbstractQueuedSynchronizer.java:1763)
        at java.base@21.0.8/java.util.concurrent.ScheduledThreadPoolExecutor$DelayedWorkQueue.take(ScheduledThreadPoolExecutor.java:1182)
        at java.base@21.0.8/java.util.concurrent.ScheduledThreadPoolExecutor$DelayedWorkQueue.take(ScheduledThreadPoolExecutor.java:899)
        at java.base@21.0.8/java.util.concurrent.ThreadPoolExecutor.getTask(ThreadPoolExecutor.java:1070)
        at java.base@21.0.8/java.util.concurrent.ThreadPoolExecutor.runWorker(ThreadPoolExecutor.java:1130)
        at java.base@21.0.8/java.util.concurrent.ThreadPoolExecutor$Worker.run(ThreadPoolExecutor.java:642)
        at java.base@21.0.8/java.lang.Thread.runWith(Thread.java:1596)
        at java.base@21.0.8/java.lang.Thread.run(Thread.java:1583)
"IPC Server handler 56 on default port 15001" daemon prio=5 tid=614 timed_waiting
java.lang.Thread.State: TIMED_WAITING
        at java.base@21.0.8/jdk.internal.misc.Unsafe.park(Native Method)
        at java.base@21.0.8/java.util.concurrent.locks.LockSupport.parkNanos(LockSupport.java:269)
        at java.base@21.0.8/java.util.concurrent.locks.AbstractQueuedSynchronizer$ConditionObject.awaitNanos(AbstractQueuedSynchronizer.java:1763)
        at java.base@21.0.8/java.util.concurrent.LinkedBlockingQueue.poll(LinkedBlockingQueue.java:460)
        at app//org.apache.hadoop.ipc.CallQueueManager.take(CallQueueManager.java:370)
        at app//org.apache.hadoop.ipc.Server$Handler.run(Server.java:3165)
"IPC Server handler 24 on default port 15003" daemon prio=5 tid=245 timed_waiting
java.lang.Thread.State: TIMED_WAITING
        at java.base@21.0.8/jdk.internal.misc.Unsafe.park(Native Method)
        at java.base@21.0.8/java.util.concurrent.locks.LockSupport.parkNanos(LockSupport.java:269)
        at java.base@21.0.8/java.util.concurrent.locks.AbstractQueuedSynchronizer$ConditionObject.awaitNanos(AbstractQueuedSynchronizer.java:1763)
        at java.base@21.0.8/java.util.concurrent.LinkedBlockingQueue.poll(LinkedBlockingQueue.java:460)
        at app//org.apache.hadoop.ipc.CallQueueManager.take(CallQueueManager.java:370)
        at app//org.apache.hadoop.ipc.Server$Handler.run(Server.java:3165)
"IPC Server handler 95 on default port 15002" daemon prio=5 tid=216 timed_waiting
java.lang.Thread.State: TIMED_WAITING
        at java.base@21.0.8/jdk.internal.misc.Unsafe.park(Native Method)
        at java.base@21.0.8/java.util.concurrent.locks.LockSupport.parkNanos(LockSupport.java:269)
        at java.base@21.0.8/java.util.concurrent.locks.AbstractQueuedSynchronizer$ConditionObject.awaitNanos(AbstractQueuedSynchronizer.java:1763)
        at java.base@21.0.8/java.util.concurrent.LinkedBlockingQueue.poll(LinkedBlockingQueue.java:460)
        at app//org.apache.hadoop.ipc.CallQueueManager.take(CallQueueManager.java:370)
        at app//org.apache.hadoop.ipc.Server$Handler.run(Server.java:3165)
"IPC Server handler 53 on default port 15003" daemon prio=5 tid=274 timed_waiting
java.lang.Thread.State: TIMED_WAITING
        at java.base@21.0.8/jdk.internal.misc.Unsafe.park(Native Method)
        at java.base@21.0.8/java.util.concurrent.locks.LockSupport.parkNanos(LockSupport.java:269)
        at java.base@21.0.8/java.util.concurrent.locks.AbstractQueuedSynchronizer$ConditionObject.awaitNanos(AbstractQueuedSynchronizer.java:1763)
        at java.base@21.0.8/java.util.concurrent.LinkedBlockingQueue.poll(LinkedBlockingQueue.java:460)
        at app//org.apache.hadoop.ipc.CallQueueManager.take(CallQueueManager.java:370)
        at app//org.apache.hadoop.ipc.Server$Handler.run(Server.java:3165)
"IPC Server handler 98 on default port 15002" daemon prio=5 tid=219 timed_waiting
java.lang.Thread.State: TIMED_WAITING
        at java.base@21.0.8/jdk.internal.misc.Unsafe.park(Native Method)
        at java.base@21.0.8/java.util.concurrent.locks.LockSupport.parkNanos(LockSupport.java:269)
        at java.base@21.0.8/java.util.concurrent.locks.AbstractQueuedSynchronizer$ConditionObject.awaitNanos(AbstractQueuedSynchronizer.java:1763)
        at java.base@21.0.8/java.util.concurrent.LinkedBlockingQueue.poll(LinkedBlockingQueue.java:460)
        at app//org.apache.hadoop.ipc.CallQueueManager.take(CallQueueManager.java:370)
        at app//org.apache.hadoop.ipc.Server$Handler.run(Server.java:3165)
"IPC Server handler 1 on default port 15021" daemon prio=5 tid=742 timed_waiting
java.lang.Thread.State: TIMED_WAITING
        at java.base@21.0.8/jdk.internal.misc.Unsafe.park(Native Method)
        at java.base@21.0.8/java.util.concurrent.locks.LockSupport.parkNanos(LockSupport.java:269)
        at java.base@21.0.8/java.util.concurrent.locks.AbstractQueuedSynchronizer$ConditionObject.awaitNanos(AbstractQueuedSynchronizer.java:1763)
        at java.base@21.0.8/java.util.concurrent.LinkedBlockingQueue.poll(LinkedBlockingQueue.java:460)
        at app//org.apache.hadoop.ipc.CallQueueManager.take(CallQueueManager.java:370)
        at app//org.apache.hadoop.ipc.Server$Handler.run(Server.java:3165)
"qtp1553533936-483" daemon prio=5 tid=483 runnable
java.lang.Thread.State: RUNNABLE
        at java.base@21.0.8/sun.nio.ch.EPoll.wait(Native Method)
        at java.base@21.0.8/sun.nio.ch.EPollSelectorImpl.doSelect(EPollSelectorImpl.java:121)
        at java.base@21.0.8/sun.nio.ch.SelectorImpl.lockAndDoSelect(SelectorImpl.java:130)
        at java.base@21.0.8/sun.nio.ch.SelectorImpl.select(SelectorImpl.java:147)
        at app//org.eclipse.jetty.io.ManagedSelector.nioSelect(ManagedSelector.java:183)
        at app//org.eclipse.jetty.io.ManagedSelector.select(ManagedSelector.java:190)
        at app//org.eclipse.jetty.io.ManagedSelector$SelectorProducer.select(ManagedSelector.java:606)
        at app//org.eclipse.jetty.io.ManagedSelector$SelectorProducer.produce(ManagedSelector.java:543)
        at app//org.eclipse.jetty.util.thread.strategy.EatWhatYouKill.produceTask(EatWhatYouKill.java:362)
        at app//org.eclipse.jetty.util.thread.strategy.EatWhatYouKill.doProduce(EatWhatYouKill.java:186)
        at app//org.eclipse.jetty.util.thread.strategy.EatWhatYouKill.tryProduce(EatWhatYouKill.java:173)
        at app//org.eclipse.jetty.util.thread.strategy.EatWhatYouKill.produce(EatWhatYouKill.java:137)
        at app//org.eclipse.jetty.io.ManagedSelector$$Lambda/0x00007f18e86c6408.run(Unknown Source)
        at app//org.eclipse.jetty.util.thread.QueuedThreadPool.runJob(QueuedThreadPool.java:883)
        at app//org.eclipse.jetty.util.thread.QueuedThreadPool$Runner.run(QueuedThreadPool.java:1034)
        at java.base@21.0.8/java.lang.Thread.runWith(Thread.java:1596)
        at java.base@21.0.8/java.lang.Thread.run(Thread.java:1583)
"346684e1-b57f-4c29-9507-935dad45bd68@group-06B9DB8EB07D-LeaderStateImpl" daemon prio=5 tid=1122 timed_waiting
java.lang.Thread.State: TIMED_WAITING
        at java.base@21.0.8/jdk.internal.misc.Unsafe.park(Native Method)
        at java.base@21.0.8/java.util.concurrent.locks.LockSupport.parkNanos(LockSupport.java:269)
        at java.base@21.0.8/java.util.concurrent.locks.AbstractQueuedSynchronizer$ConditionObject.awaitNanos(AbstractQueuedSynchronizer.java:1763)
        at java.base@21.0.8/java.util.concurrent.ArrayBlockingQueue.poll(ArrayBlockingQueue.java:435)
        at app//org.apache.ratis.server.impl.LeaderStateImpl$EventQueue.poll(LeaderStateImpl.java:168)
        at app//org.apache.ratis.server.impl.LeaderStateImpl$EventProcessor.run(LeaderStateImpl.java:761)
"Socket Reader #1 for port 15008" daemon prio=5 tid=450 runnable
java.lang.Thread.State: RUNNABLE
        at java.base@21.0.8/sun.nio.ch.EPoll.wait(Native Method)
        at java.base@21.0.8/sun.nio.ch.EPollSelectorImpl.doSelect(EPollSelectorImpl.java:121)
        at java.base@21.0.8/sun.nio.ch.SelectorImpl.lockAndDoSelect(SelectorImpl.java:130)
        at java.base@21.0.8/sun.nio.ch.SelectorImpl.select(SelectorImpl.java:147)
        at app//org.apache.hadoop.ipc.Server$Listener$Reader.doRunLoop(Server.java:1497)
        at app//org.apache.hadoop.ipc.Server$Listener$Reader.run(Server.java:1476)
"IPC Server listener on 15021" daemon prio=5 tid=727 runnable
java.lang.Thread.State: RUNNABLE
        at java.base@21.0.8/sun.nio.ch.EPoll.wait(Native Method)
        at java.base@21.0.8/sun.nio.ch.EPollSelectorImpl.doSelect(EPollSelectorImpl.java:121)
        at java.base@21.0.8/sun.nio.ch.SelectorImpl.lockAndDoSelect(SelectorImpl.java:130)
        at java.base@21.0.8/sun.nio.ch.SelectorImpl.select(SelectorImpl.java:147)
        at app//org.apache.hadoop.ipc.Server$Listener.run(Server.java:1559)
"IPC Server handler 89 on default port 15002" daemon prio=5 tid=210 timed_waiting
java.lang.Thread.State: TIMED_WAITING
        at java.base@21.0.8/jdk.internal.misc.Unsafe.park(Native Method)
        at java.base@21.0.8/java.util.concurrent.locks.LockSupport.parkNanos(LockSupport.java:269)
        at java.base@21.0.8/java.util.concurrent.locks.AbstractQueuedSynchronizer$ConditionObject.awaitNanos(AbstractQueuedSynchronizer.java:1763)
        at java.base@21.0.8/java.util.concurrent.LinkedBlockingQueue.poll(LinkedBlockingQueue.java:460)
        at app//org.apache.hadoop.ipc.CallQueueManager.take(CallQueueManager.java:370)
        at app//org.apache.hadoop.ipc.Server$Handler.run(Server.java:3165)
"IPC Server handler 16 on default port 15008" daemon prio=5 tid=508 timed_waiting
java.lang.Thread.State: TIMED_WAITING
        at java.base@21.0.8/jdk.internal.misc.Unsafe.park(Native Method)
        at java.base@21.0.8/java.util.concurrent.locks.LockSupport.parkNanos(LockSupport.java:269)
        at java.base@21.0.8/java.util.concurrent.locks.AbstractQueuedSynchronizer$ConditionObject.awaitNanos(AbstractQueuedSynchronizer.java:1763)
        at java.base@21.0.8/java.util.concurrent.LinkedBlockingQueue.poll(LinkedBlockingQueue.java:460)
        at app//org.apache.hadoop.ipc.CallQueueManager.take(CallQueueManager.java:370)
        at app//org.apache.hadoop.ipc.Server$Handler.run(Server.java:3165)
"Socket Reader #4 for port 15002" daemon prio=5 tid=94 runnable
java.lang.Thread.State: RUNNABLE
        at java.base@21.0.8/sun.nio.ch.EPoll.wait(Native Method)
        at java.base@21.0.8/sun.nio.ch.EPollSelectorImpl.doSelect(EPollSelectorImpl.java:121)
        at java.base@21.0.8/sun.nio.ch.SelectorImpl.lockAndDoSelect(SelectorImpl.java:130)
        at java.base@21.0.8/sun.nio.ch.SelectorImpl.select(SelectorImpl.java:147)
        at app//org.apache.hadoop.ipc.Server$Listener$Reader.doRunLoop(Server.java:1497)
        at app//org.apache.hadoop.ipc.Server$Listener$Reader.run(Server.java:1476)
"IPC Server handler 6 on default port 15003" daemon prio=5 tid=227 timed_waiting
java.lang.Thread.State: TIMED_WAITING
        at java.base@21.0.8/jdk.internal.misc.Unsafe.park(Native Method)
        at java.base@21.0.8/java.util.concurrent.locks.LockSupport.parkNanos(LockSupport.java:269)
        at java.base@21.0.8/java.util.concurrent.locks.AbstractQueuedSynchronizer$ConditionObject.awaitNanos(AbstractQueuedSynchronizer.java:1763)
        at java.base@21.0.8/java.util.concurrent.LinkedBlockingQueue.poll(LinkedBlockingQueue.java:460)
        at app//org.apache.hadoop.ipc.CallQueueManager.take(CallQueueManager.java:370)
        at app//org.apache.hadoop.ipc.Server$Handler.run(Server.java:3165)
"d5ad88c2-6e7a-4660-bab6-a4e8807a575e-DatanodeStateMachineDaemonThread" daemon prio=10 tid=751 timed_waiting
java.lang.Thread.State: TIMED_WAITING
        at java.base@21.0.8/java.lang.Thread.sleep0(Native Method)
        at java.base@21.0.8/java.lang.Thread.sleep(Thread.java:509)
        at app//org.apache.hadoop.ozone.container.common.statemachine.DatanodeStateMachine.startStateMachineThread(DatanodeStateMachine.java:368)
        at app//org.apache.hadoop.ozone.container.common.statemachine.DatanodeStateMachine.lambda$startDaemon$1(DatanodeStateMachine.java:554)
        at app//org.apache.hadoop.ozone.container.common.statemachine.DatanodeStateMachine$$Lambda/0x00007f18e8c9b698.run(Unknown Source)
        at java.base@21.0.8/java.lang.Thread.runWith(Thread.java:1596)
        at java.base@21.0.8/java.lang.Thread.run(Thread.java:1583)
"Socket Reader #4 for port 15008" daemon prio=5 tid=453 runnable
java.lang.Thread.State: RUNNABLE
        at java.base@21.0.8/sun.nio.ch.EPoll.wait(Native Method)
        at java.base@21.0.8/sun.nio.ch.EPollSelectorImpl.doSelect(EPollSelectorImpl.java:121)
        at java.base@21.0.8/sun.nio.ch.SelectorImpl.lockAndDoSelect(SelectorImpl.java:130)
        at java.base@21.0.8/sun.nio.ch.SelectorImpl.select(SelectorImpl.java:147)
        at app//org.apache.hadoop.ipc.Server$Listener$Reader.doRunLoop(Server.java:1497)
        at app//org.apache.hadoop.ipc.Server$Listener$Reader.run(Server.java:1476)
"DiskUsage-/home/runner/work/ozone/ozone/hadoop-ozone/integration-test-recon/target/test-dir/MiniOzoneClusterImpl-e405f726-f354-48a5-b90a-334fe627f997/ozone-metadata/datanode-1/data-0-
" daemon prio=5 tid=830 timed_waiting
java.lang.Thread.State: TIMED_WAITING
        at java.base@21.0.8/jdk.internal.misc.Unsafe.park(Native Method)
        at java.base@21.0.8/java.util.concurrent.locks.LockSupport.parkNanos(LockSupport.java:269)
        at java.base@21.0.8/java.util.concurrent.locks.AbstractQueuedSynchronizer$ConditionObject.awaitNanos(AbstractQueuedSynchronizer.java:1763)
        at java.base@21.0.8/java.util.concurrent.ScheduledThreadPoolExecutor$DelayedWorkQueue.take(ScheduledThreadPoolExecutor.java:1182)
        at java.base@21.0.8/java.util.concurrent.ScheduledThreadPoolExecutor$DelayedWorkQueue.take(ScheduledThreadPoolExecutor.java:899)
        at java.base@21.0.8/java.util.concurrent.ThreadPoolExecutor.getTask(ThreadPoolExecutor.java:1070)
        at java.base@21.0.8/java.util.concurrent.ThreadPoolExecutor.runWorker(ThreadPoolExecutor.java:1130)
        at java.base@21.0.8/java.util.concurrent.ThreadPoolExecutor$Worker.run(ThreadPoolExecutor.java:642)
        at java.base@21.0.8/java.lang.Thread.runWith(Thread.java:1596)
        at java.base@21.0.8/java.lang.Thread.run(Thread.java:1583)
"qtp505087261-909" daemon prio=5 tid=909 timed_waiting
java.lang.Thread.State: TIMED_WAITING
        at java.base@21.0.8/jdk.internal.misc.Unsafe.park(Native Method)
        at java.base@21.0.8/java.util.concurrent.locks.LockSupport.parkNanos(LockSupport.java:269)
        at java.base@21.0.8/java.util.concurrent.locks.AbstractQueuedSynchronizer$ConditionObject.awaitNanos(AbstractQueuedSynchronizer.java:1763)
        at app//org.eclipse.jetty.util.BlockingArrayQueue.poll(BlockingArrayQueue.java:382)
        at app//org.eclipse.jetty.util.thread.QueuedThreadPool$Runner.idleJobPoll(QueuedThreadPool.java:974)
        at app//org.eclipse.jetty.util.thread.QueuedThreadPool$Runner.run(QueuedThreadPool.java:1018)
        at java.base@21.0.8/java.lang.Thread.runWith(Thread.java:1596)
        at java.base@21.0.8/java.lang.Thread.run(Thread.java:1583)
"0ed0910f-4ac9-4f62-be34-d90c51a3e6c9-ReplicationContainerReader-0" daemon prio=5 tid=1328 in Object.wait()
java.lang.Thread.State: WAITING (on object monitor)
        at java.base@21.0.8/jdk.internal.misc.Unsafe.park(Native Method)
        at java.base@21.0.8/java.util.concurrent.locks.LockSupport.park(LockSupport.java:371)
        at java.base@21.0.8/java.util.concurrent.locks.AbstractQueuedSynchronizer$ConditionNode.block(AbstractQueuedSynchronizer.java:519)
        at java.base@21.0.8/java.util.concurrent.ForkJoinPool.unmanagedBlock(ForkJoinPool.java:3780)
        at java.base@21.0.8/java.util.concurrent.ForkJoinPool.managedBlock(ForkJoinPool.java:3725)
        at java.base@21.0.8/java.util.concurrent.locks.AbstractQueuedSynchronizer$ConditionObject.await(AbstractQueuedSynchronizer.java:1712)
        at java.base@21.0.8/java.util.concurrent.LinkedBlockingQueue.take(LinkedBlockingQueue.java:435)
        at java.base@21.0.8/java.util.concurrent.ThreadPoolExecutor.getTask(ThreadPoolExecutor.java:1070)
        at java.base@21.0.8/java.util.concurrent.ThreadPoolExecutor.runWorker(ThreadPoolExecutor.java:1130)
        at java.base@21.0.8/java.util.concurrent.ThreadPoolExecutor$Worker.run(ThreadPoolExecutor.java:642)
        at java.base@21.0.8/java.lang.Thread.runWith(Thread.java:1596)
        at java.base@21.0.8/java.lang.Thread.run(Thread.java:1583)
"d5ad88c2-6e7a-4660-bab6-a4e8807a575e-ChunkWriter-0-0" daemon prio=5 tid=858 in Object.wait()
java.lang.Thread.State: WAITING (on object monitor)
        at java.base@21.0.8/jdk.internal.misc.Unsafe.park(Native Method)
        at java.base@21.0.8/java.util.concurrent.locks.LockSupport.park(LockSupport.java:371)
        at java.base@21.0.8/java.util.concurrent.locks.AbstractQueuedSynchronizer$ConditionNode.block(AbstractQueuedSynchronizer.java:519)
        at java.base@21.0.8/java.util.concurrent.ForkJoinPool.unmanagedBlock(ForkJoinPool.java:3780)
        at java.base@21.0.8/java.util.concurrent.ForkJoinPool.managedBlock(ForkJoinPool.java:3725)
        at java.base@21.0.8/java.util.concurrent.locks.AbstractQueuedSynchronizer$ConditionObject.await(AbstractQueuedSynchronizer.java:1712)
        at java.base@21.0.8/java.util.concurrent.LinkedBlockingDeque.takeFirst(LinkedBlockingDeque.java:485)
        at java.base@21.0.8/java.util.concurrent.LinkedBlockingDeque.take(LinkedBlockingDeque.java:673)
        at java.base@21.0.8/java.util.concurrent.ThreadPoolExecutor.getTask(ThreadPoolExecutor.java:1070)
        at java.base@21.0.8/java.util.concurrent.ThreadPoolExecutor.runWorker(ThreadPoolExecutor.java:1130)
        at java.base@21.0.8/java.util.concurrent.ThreadPoolExecutor$Worker.run(ThreadPoolExecutor.java:642)
        at java.base@21.0.8/java.lang.Thread.runWith(Thread.java:1596)
        at java.base@21.0.8/java.lang.Thread.run(Thread.java:1583)
"timer6" daemon prio=5 tid=1137 timed_waiting
java.lang.Thread.State: TIMED_WAITING
        at java.base@21.0.8/java.lang.Object.wait0(Native Method)
        at java.base@21.0.8/java.lang.Object.wait(Object.java:366)
        at java.base@21.0.8/java.util.TimerThread.mainLoop(Timer.java:563)
        at java.base@21.0.8/java.util.TimerThread.run(Timer.java:516)
"IPC Parameter Sending Thread for 0.0.0.0/0.0.0.0:15002" daemon prio=5 tid=1370 timed_waiting
java.lang.Thread.State: TIMED_WAITING
        at java.base@21.0.8/jdk.internal.misc.Unsafe.park(Native Method)
        at java.base@21.0.8/java.util.concurrent.locks.LockSupport.parkNanos(LockSupport.java:410)
        at java.base@21.0.8/java.util.concurrent.LinkedTransferQueue$DualNode.await(LinkedTransferQueue.java:452)
        at java.base@21.0.8/java.util.concurrent.LinkedTransferQueue.xfer(LinkedTransferQueue.java:613)
        at java.base@21.0.8/java.util.concurrent.SynchronousQueue.xfer(SynchronousQueue.java:235)
        at java.base@21.0.8/java.util.concurrent.SynchronousQueue.poll(SynchronousQueue.java:338)
        at app//org.apache.hadoop.ipc.Client$Connection$RpcRequestSender.run(Client.java:1121)
        at java.base@21.0.8/java.lang.Thread.runWith(Thread.java:1596)
        at java.base@21.0.8/java.lang.Thread.run(Thread.java:1583)
"om1-client-thread1" daemon prio=5 tid=1125 timed_waiting
java.lang.Thread.State: TIMED_WAITING
        at java.base@21.0.8/jdk.internal.misc.Unsafe.park(Native Method)
        at java.base@21.0.8/java.util.concurrent.locks.LockSupport.parkNanos(LockSupport.java:410)
        at java.base@21.0.8/java.util.concurrent.LinkedTransferQueue$DualNode.await(LinkedTransferQueue.java:452)
        at java.base@21.0.8/java.util.concurrent.SynchronousQueue$Transferer.xferLifo(SynchronousQueue.java:194)
        at java.base@21.0.8/java.util.concurrent.SynchronousQueue.xfer(SynchronousQueue.java:235)
        at java.base@21.0.8/java.util.concurrent.SynchronousQueue.poll(SynchronousQueue.java:338)
        at java.base@21.0.8/java.util.concurrent.ThreadPoolExecutor.getTask(ThreadPoolExecutor.java:1069)
        at java.base@21.0.8/java.util.concurrent.ThreadPoolExecutor.runWorker(ThreadPoolExecutor.java:1130)
        at java.base@21.0.8/java.util.concurrent.ThreadPoolExecutor$Worker.run(ThreadPoolExecutor.java:642)
        at java.base@21.0.8/java.lang.Thread.runWith(Thread.java:1596)
        at java.base@21.0.8/java.lang.Thread.run(Thread.java:1583)
"Recon-FixedThreadPoolWithAffinityExecutor-1-0" daemon prio=5 tid=535 timed_waiting
java.lang.Thread.State: TIMED_WAITING
        at java.base@21.0.8/jdk.internal.misc.Unsafe.park(Native Method)
        at java.base@21.0.8/java.util.concurrent.locks.LockSupport.parkNanos(LockSupport.java:269)
        at java.base@21.0.8/java.util.concurrent.locks.AbstractQueuedSynchronizer$ConditionObject.awaitNanos(AbstractQueuedSynchronizer.java:1763)
        at java.base@21.0.8/java.util.concurrent.LinkedBlockingQueue.poll(LinkedBlockingQueue.java:460)
        at app//org.apache.hadoop.hdds.scm.server.ContainerReportQueue.poll(ContainerReportQueue.java:269)
        at app//org.apache.hadoop.hdds.scm.server.ContainerReportQueue.poll(ContainerReportQueue.java:42)
        at app//org.apache.hadoop.hdds.server.events.FixedThreadPoolWithAffinityExecutor$ContainerReportProcessTask.run(FixedThreadPoolWithAffinityExecutor.java:228)
        at java.base@21.0.8/java.util.concurrent.Executors$RunnableAdapter.call(Executors.java:572)
        at java.base@21.0.8/java.util.concurrent.FutureTask.run(FutureTask.java:317)
        at java.base@21.0.8/java.util.concurrent.ThreadPoolExecutor.runWorker(ThreadPoolExecutor.java:1144)
        at java.base@21.0.8/java.util.concurrent.ThreadPoolExecutor$Worker.run(ThreadPoolExecutor.java:642)
        at java.base@21.0.8/java.lang.Thread.runWith(Thread.java:1596)
        at java.base@21.0.8/java.lang.Thread.run(Thread.java:1583)
"IPC Server handler 1 on default port 15045" daemon prio=5 tid=963 timed_waiting
java.lang.Thread.State: TIMED_WAITING
        at java.base@21.0.8/jdk.internal.misc.Unsafe.park(Native Method)
        at java.base@21.0.8/java.util.concurrent.locks.LockSupport.parkNanos(LockSupport.java:269)
        at java.base@21.0.8/java.util.concurrent.locks.AbstractQueuedSynchronizer$ConditionObject.awaitNanos(AbstractQueuedSynchronizer.java:1763)
        at java.base@21.0.8/java.util.concurrent.LinkedBlockingQueue.poll(LinkedBlockingQueue.java:460)
        at app//org.apache.hadoop.ipc.CallQueueManager.take(CallQueueManager.java:370)
        at app//org.apache.hadoop.ipc.Server$Handler.run(Server.java:3165)
"IPC Server handler 98 on default port 15001" daemon prio=5 tid=656 timed_waiting
java.lang.Thread.State: TIMED_WAITING
        at java.base@21.0.8/jdk.internal.misc.Unsafe.park(Native Method)
        at java.base@21.0.8/java.util.concurrent.locks.LockSupport.parkNanos(LockSupport.java:269)
        at java.base@21.0.8/java.util.concurrent.locks.AbstractQueuedSynchronizer$ConditionObject.awaitNanos(AbstractQueuedSynchronizer.java:1763)
        at java.base@21.0.8/java.util.concurrent.LinkedBlockingQueue.poll(LinkedBlockingQueue.java:460)
        at app//org.apache.hadoop.ipc.CallQueueManager.take(CallQueueManager.java:370)
        at app//org.apache.hadoop.ipc.Server$Handler.run(Server.java:3165)
"346684e1-b57f-4c29-9507-935dad45bd68-ChunkWriter-3-0" daemon prio=5 tid=996 in Object.wait()
java.lang.Thread.State: WAITING (on object monitor)
        at java.base@21.0.8/jdk.internal.misc.Unsafe.park(Native Method)
        at java.base@21.0.8/java.util.concurrent.locks.LockSupport.park(LockSupport.java:371)
        at java.base@21.0.8/java.util.concurrent.locks.AbstractQueuedSynchronizer$ConditionNode.block(AbstractQueuedSynchronizer.java:519)
        at java.base@21.0.8/java.util.concurrent.ForkJoinPool.unmanagedBlock(ForkJoinPool.java:3780)
        at java.base@21.0.8/java.util.concurrent.ForkJoinPool.managedBlock(ForkJoinPool.java:3725)
        at java.base@21.0.8/java.util.concurrent.locks.AbstractQueuedSynchronizer$ConditionObject.await(AbstractQueuedSynchronizer.java:1712)
        at java.base@21.0.8/java.util.concurrent.LinkedBlockingDeque.takeFirst(LinkedBlockingDeque.java:485)
        at java.base@21.0.8/java.util.concurrent.LinkedBlockingDeque.take(LinkedBlockingDeque.java:673)
        at java.base@21.0.8/java.util.concurrent.ThreadPoolExecutor.getTask(ThreadPoolExecutor.java:1070)
        at java.base@21.0.8/java.util.concurrent.ThreadPoolExecutor.runWorker(ThreadPoolExecutor.java:1130)
        at java.base@21.0.8/java.util.concurrent.ThreadPoolExecutor$Worker.run(ThreadPoolExecutor.java:642)
        at java.base@21.0.8/java.lang.Thread.runWith(Thread.java:1596)
        at java.base@21.0.8/java.lang.Thread.run(Thread.java:1583)
"grpc-default-executor-0" daemon prio=5 tid=1043 timed_waiting
java.lang.Thread.State: TIMED_WAITING
        at java.base@21.0.8/jdk.internal.misc.Unsafe.park(Native Method)
        at java.base@21.0.8/java.util.concurrent.locks.LockSupport.parkNanos(LockSupport.java:410)
        at java.base@21.0.8/java.util.concurrent.LinkedTransferQueue$DualNode.await(LinkedTransferQueue.java:452)
        at java.base@21.0.8/java.util.concurrent.SynchronousQueue$Transferer.xferLifo(SynchronousQueue.java:194)
        at java.base@21.0.8/java.util.concurrent.SynchronousQueue.xfer(SynchronousQueue.java:235)
        at java.base@21.0.8/java.util.concurrent.SynchronousQueue.poll(SynchronousQueue.java:338)
        at java.base@21.0.8/java.util.concurrent.ThreadPoolExecutor.getTask(ThreadPoolExecutor.java:1069)
        at java.base@21.0.8/java.util.concurrent.ThreadPoolExecutor.runWorker(ThreadPoolExecutor.java:1130)
        at java.base@21.0.8/java.util.concurrent.ThreadPoolExecutor$Worker.run(ThreadPoolExecutor.java:642)
        at java.base@21.0.8/java.lang.Thread.runWith(Thread.java:1596)
        at java.base@21.0.8/java.lang.Thread.run(Thread.java:1583)
"IPC Server handler 21 on default port 15003" daemon prio=5 tid=242 timed_waiting
java.lang.Thread.State: TIMED_WAITING
        at java.base@21.0.8/jdk.internal.misc.Unsafe.park(Native Method)
        at java.base@21.0.8/java.util.concurrent.locks.LockSupport.parkNanos(LockSupport.java:269)
        at java.base@21.0.8/java.util.concurrent.locks.AbstractQueuedSynchronizer$ConditionObject.awaitNanos(AbstractQueuedSynchronizer.java:1763)
        at java.base@21.0.8/java.util.concurrent.LinkedBlockingQueue.poll(LinkedBlockingQueue.java:460)
        at app//org.apache.hadoop.ipc.CallQueueManager.take(CallQueueManager.java:370)
        at app//org.apache.hadoop.ipc.Server$Handler.run(Server.java:3165)
"Socket Reader #4 for port 15021" daemon prio=5 tid=731 runnable
java.lang.Thread.State: RUNNABLE
        at java.base@21.0.8/sun.nio.ch.EPoll.wait(Native Method)
        at java.base@21.0.8/sun.nio.ch.EPollSelectorImpl.doSelect(EPollSelectorImpl.java:121)
        at java.base@21.0.8/sun.nio.ch.SelectorImpl.lockAndDoSelect(SelectorImpl.java:130)
        at java.base@21.0.8/sun.nio.ch.SelectorImpl.select(SelectorImpl.java:147)
        at app//org.apache.hadoop.ipc.Server$Listener$Reader.doRunLoop(Server.java:1497)
        at app//org.apache.hadoop.ipc.Server$Listener$Reader.run(Server.java:1476)
"IPC Server handler 38 on default port 15001" daemon prio=5 tid=596 timed_waiting
java.lang.Thread.State: TIMED_WAITING
        at java.base@21.0.8/jdk.internal.misc.Unsafe.park(Native Method)
        at java.base@21.0.8/java.util.concurrent.locks.LockSupport.parkNanos(LockSupport.java:269)
        at java.base@21.0.8/java.util.concurrent.locks.AbstractQueuedSynchronizer$ConditionObject.awaitNanos(AbstractQueuedSynchronizer.java:1763)
        at java.base@21.0.8/java.util.concurrent.LinkedBlockingQueue.poll(LinkedBlockingQueue.java:460)
        at app//org.apache.hadoop.ipc.CallQueueManager.take(CallQueueManager.java:370)
        at app//org.apache.hadoop.ipc.Server$Handler.run(Server.java:3165)
"IPC Server handler 54 on default port 15002" daemon prio=5 tid=175 timed_waiting
java.lang.Thread.State: TIMED_WAITING
        at java.base@21.0.8/jdk.internal.misc.Unsafe.park(Native Method)
        at java.base@21.0.8/java.util.concurrent.locks.LockSupport.parkNanos(LockSupport.java:269)
        at java.base@21.0.8/java.util.concurrent.locks.AbstractQueuedSynchronizer$ConditionObject.awaitNanos(AbstractQueuedSynchronizer.java:1763)
        at java.base@21.0.8/java.util.concurrent.LinkedBlockingQueue.poll(LinkedBlockingQueue.java:460)
        at app//org.apache.hadoop.ipc.CallQueueManager.take(CallQueueManager.java:370)
        at app//org.apache.hadoop.ipc.Server$Handler.run(Server.java:3165)
"IPC Server handler 4 on default port 15001" daemon prio=5 tid=562 timed_waiting
java.lang.Thread.State: TIMED_WAITING
        at java.base@21.0.8/jdk.internal.misc.Unsafe.park(Native Method)
        at java.base@21.0.8/java.util.concurrent.locks.LockSupport.parkNanos(LockSupport.java:269)
        at java.base@21.0.8/java.util.concurrent.locks.AbstractQueuedSynchronizer$ConditionObject.awaitNanos(AbstractQueuedSynchronizer.java:1763)
        at java.base@21.0.8/java.util.concurrent.LinkedBlockingQueue.poll(LinkedBlockingQueue.java:460)
        at app//org.apache.hadoop.ipc.CallQueueManager.take(CallQueueManager.java:370)
        at app//org.apache.hadoop.ipc.Server$Handler.run(Server.java:3165)
"IPC Parameter Sending Thread for localhost/127.0.0.1:15008" daemon prio=5 tid=1155 timed_waiting
java.lang.Thread.State: TIMED_WAITING
        at java.base@21.0.8/jdk.internal.misc.Unsafe.park(Native Method)
        at java.base@21.0.8/java.util.concurrent.locks.LockSupport.parkNanos(LockSupport.java:410)
        at java.base@21.0.8/java.util.concurrent.LinkedTransferQueue$DualNode.await(LinkedTransferQueue.java:452)
        at java.base@21.0.8/java.util.concurrent.LinkedTransferQueue.xfer(LinkedTransferQueue.java:613)
        at java.base@21.0.8/java.util.concurrent.SynchronousQueue.xfer(SynchronousQueue.java:235)
        at java.base@21.0.8/java.util.concurrent.SynchronousQueue.poll(SynchronousQueue.java:338)
        at app//org.apache.hadoop.ipc.Client$Connection$RpcRequestSender.run(Client.java:1121)
        at java.base@21.0.8/java.lang.Thread.runWith(Thread.java:1596)
        at java.base@21.0.8/java.lang.Thread.run(Thread.java:1583)
"IPC Server handler 0 on default port 15004" daemon prio=5 tid=339 timed_waiting
java.lang.Thread.State: TIMED_WAITING
        at java.base@21.0.8/jdk.internal.misc.Unsafe.park(Native Method)
        at java.base@21.0.8/java.util.concurrent.locks.LockSupport.parkNanos(LockSupport.java:269)
        at java.base@21.0.8/java.util.concurrent.locks.AbstractQueuedSynchronizer$ConditionObject.awaitNanos(AbstractQueuedSynchronizer.java:1763)
        at java.base@21.0.8/java.util.concurrent.LinkedBlockingQueue.poll(LinkedBlockingQueue.java:460)
        at app//org.apache.hadoop.ipc.CallQueueManager.take(CallQueueManager.java:370)
        at app//org.apache.hadoop.ipc.Server$Handler.run(Server.java:3165)
"IPC Server handler 74 on default port 15002" daemon prio=5 tid=195 timed_waiting
java.lang.Thread.State: TIMED_WAITING
        at java.base@21.0.8/jdk.internal.misc.Unsafe.park(Native Method)
        at java.base@21.0.8/java.util.concurrent.locks.LockSupport.parkNanos(LockSupport.java:269)
        at java.base@21.0.8/java.util.concurrent.locks.AbstractQueuedSynchronizer$ConditionObject.awaitNanos(AbstractQueuedSynchronizer.java:1763)
        at java.base@21.0.8/java.util.concurrent.LinkedBlockingQueue.poll(LinkedBlockingQueue.java:460)
        at app//org.apache.hadoop.ipc.CallQueueManager.take(CallQueueManager.java:370)
        at app//org.apache.hadoop.ipc.Server$Handler.run(Server.java:3165)
"IPC Server handler 27 on default port 15002" daemon prio=5 tid=148 timed_waiting
java.lang.Thread.State: TIMED_WAITING
        at java.base@21.0.8/jdk.internal.misc.Unsafe.park(Native Method)
        at java.base@21.0.8/java.util.concurrent.locks.LockSupport.parkNanos(LockSupport.java:269)
        at java.base@21.0.8/java.util.concurrent.locks.AbstractQueuedSynchronizer$ConditionObject.awaitNanos(AbstractQueuedSynchronizer.java:1763)
        at java.base@21.0.8/java.util.concurrent.LinkedBlockingQueue.poll(LinkedBlockingQueue.java:460)
        at app//org.apache.hadoop.ipc.CallQueueManager.take(CallQueueManager.java:370)
        at app//org.apache.hadoop.ipc.Server$Handler.run(Server.java:3165)
"Socket Reader #8 for port 15037" daemon prio=5 tid=877 runnable
java.lang.Thread.State: RUNNABLE
        at java.base@21.0.8/sun.nio.ch.EPoll.wait(Native Method)
        at java.base@21.0.8/sun.nio.ch.EPollSelectorImpl.doSelect(EPollSelectorImpl.java:121)
        at java.base@21.0.8/sun.nio.ch.SelectorImpl.lockAndDoSelect(SelectorImpl.java:130)
        at java.base@21.0.8/sun.nio.ch.SelectorImpl.select(SelectorImpl.java:147)
        at app//org.apache.hadoop.ipc.Server$Listener$Reader.doRunLoop(Server.java:1497)
        at app//org.apache.hadoop.ipc.Server$Listener$Reader.run(Server.java:1476)
"IPC Server handler 16 on default port 15003" daemon prio=5 tid=237 timed_waiting
java.lang.Thread.State: TIMED_WAITING
        at java.base@21.0.8/jdk.internal.misc.Unsafe.park(Native Method)
        at java.base@21.0.8/java.util.concurrent.locks.LockSupport.parkNanos(LockSupport.java:269)
        at java.base@21.0.8/java.util.concurrent.locks.AbstractQueuedSynchronizer$ConditionObject.awaitNanos(AbstractQueuedSynchronizer.java:1763)
        at java.base@21.0.8/java.util.concurrent.LinkedBlockingQueue.poll(LinkedBlockingQueue.java:460)
        at app//org.apache.hadoop.ipc.CallQueueManager.take(CallQueueManager.java:370)
        at app//org.apache.hadoop.ipc.Server$Handler.run(Server.java:3165)
"IPC Server handler 30 on default port 15004" daemon prio=5 tid=369 timed_waiting
java.lang.Thread.State: TIMED_WAITING
        at java.base@21.0.8/jdk.internal.misc.Unsafe.park(Native Method)
        at java.base@21.0.8/java.util.concurrent.locks.LockSupport.parkNanos(LockSupport.java:269)
        at java.base@21.0.8/java.util.concurrent.locks.AbstractQueuedSynchronizer$ConditionObject.awaitNanos(AbstractQueuedSynchronizer.java:1763)
        at java.base@21.0.8/java.util.concurrent.LinkedBlockingQueue.poll(LinkedBlockingQueue.java:460)
        at app//org.apache.hadoop.ipc.CallQueueManager.take(CallQueueManager.java:370)
        at app//org.apache.hadoop.ipc.Server$Handler.run(Server.java:3165)
"0ed0910f-4ac9-4f62-be34-d90c51a3e6c9-ChunkWriter-2-0" daemon prio=5 tid=1021 in Object.wait()
java.lang.Thread.State: WAITING (on object monitor)
        at java.base@21.0.8/jdk.internal.misc.Unsafe.park(Native Method)
        at java.base@21.0.8/java.util.concurrent.locks.LockSupport.park(LockSupport.java:371)
        at java.base@21.0.8/java.util.concurrent.locks.AbstractQueuedSynchronizer$ConditionNode.block(AbstractQueuedSynchronizer.java:519)
        at java.base@21.0.8/java.util.concurrent.ForkJoinPool.unmanagedBlock(ForkJoinPool.java:3780)
        at java.base@21.0.8/java.util.concurrent.ForkJoinPool.managedBlock(ForkJoinPool.java:3725)
        at java.base@21.0.8/java.util.concurrent.locks.AbstractQueuedSynchronizer$ConditionObject.await(AbstractQueuedSynchronizer.java:1712)
        at java.base@21.0.8/java.util.concurrent.LinkedBlockingDeque.takeFirst(LinkedBlockingDeque.java:485)
        at java.base@21.0.8/java.util.concurrent.LinkedBlockingDeque.take(LinkedBlockingDeque.java:673)
        at java.base@21.0.8/java.util.concurrent.ThreadPoolExecutor.getTask(ThreadPoolExecutor.java:1070)
        at java.base@21.0.8/java.util.concurrent.ThreadPoolExecutor.runWorker(ThreadPoolExecutor.java:1130)
        at java.base@21.0.8/java.util.concurrent.ThreadPoolExecutor$Worker.run(ThreadPoolExecutor.java:642)
        at java.base@21.0.8/java.lang.Thread.runWith(Thread.java:1596)
        at java.base@21.0.8/java.lang.Thread.run(Thread.java:1583)
"IPC Server handler 36 on default port 15002" daemon prio=5 tid=157 timed_waiting
java.lang.Thread.State: TIMED_WAITING
        at java.base@21.0.8/jdk.internal.misc.Unsafe.park(Native Method)
        at java.base@21.0.8/java.util.concurrent.locks.LockSupport.parkNanos(LockSupport.java:269)
        at java.base@21.0.8/java.util.concurrent.locks.AbstractQueuedSynchronizer$ConditionObject.awaitNanos(AbstractQueuedSynchronizer.java:1763)
        at java.base@21.0.8/java.util.concurrent.LinkedBlockingQueue.poll(LinkedBlockingQueue.java:460)
        at app//org.apache.hadoop.ipc.CallQueueManager.take(CallQueueManager.java:370)
        at app//org.apache.hadoop.ipc.Server$Handler.run(Server.java:3165)
"om1@group-C5BA1605619E-LeaderStateImpl" daemon prio=5 tid=516 timed_waiting
java.lang.Thread.State: TIMED_WAITING
        at java.base@21.0.8/jdk.internal.misc.Unsafe.park(Native Method)
        at java.base@21.0.8/java.util.concurrent.locks.LockSupport.parkNanos(LockSupport.java:269)
        at java.base@21.0.8/java.util.concurrent.locks.AbstractQueuedSynchronizer$ConditionObject.awaitNanos(AbstractQueuedSynchronizer.java:1763)
        at java.base@21.0.8/java.util.concurrent.ArrayBlockingQueue.poll(ArrayBlockingQueue.java:435)
        at app//org.apache.ratis.server.impl.LeaderStateImpl$EventQueue.poll(LeaderStateImpl.java:168)
        at app//org.apache.ratis.server.impl.LeaderStateImpl$EventProcessor.run(LeaderStateImpl.java:761)
"Socket Reader #3 for port 15021" daemon prio=5 tid=730 runnable
java.lang.Thread.State: RUNNABLE
        at java.base@21.0.8/sun.nio.ch.EPoll.wait(Native Method)
        at java.base@21.0.8/sun.nio.ch.EPollSelectorImpl.doSelect(EPollSelectorImpl.java:121)
        at java.base@21.0.8/sun.nio.ch.SelectorImpl.lockAndDoSelect(SelectorImpl.java:130)
        at java.base@21.0.8/sun.nio.ch.SelectorImpl.select(SelectorImpl.java:147)
        at app//org.apache.hadoop.ipc.Server$Listener$Reader.doRunLoop(Server.java:1497)
        at app//org.apache.hadoop.ipc.Server$Listener$Reader.run(Server.java:1476)
"client-write-TID-0" daemon prio=5 tid=1146 in Object.wait()
java.lang.Thread.State: WAITING (on object monitor)
        at java.base@21.0.8/jdk.internal.misc.Unsafe.park(Native Method)
        at java.base@21.0.8/java.util.concurrent.locks.LockSupport.park(LockSupport.java:371)
        at java.base@21.0.8/java.util.concurrent.LinkedTransferQueue$DualNode.await(LinkedTransferQueue.java:458)
        at java.base@21.0.8/java.util.concurrent.SynchronousQueue$Transferer.xferLifo(SynchronousQueue.java:194)
        at java.base@21.0.8/java.util.concurrent.SynchronousQueue.xfer(SynchronousQueue.java:235)
        at java.base@21.0.8/java.util.concurrent.SynchronousQueue.take(SynchronousQueue.java:318)
        at java.base@21.0.8/java.util.concurrent.ThreadPoolExecutor.getTask(ThreadPoolExecutor.java:1070)
        at java.base@21.0.8/java.util.concurrent.ThreadPoolExecutor.runWorker(ThreadPoolExecutor.java:1130)
        at java.base@21.0.8/java.util.concurrent.ThreadPoolExecutor$Worker.run(ThreadPoolExecutor.java:642)
        at java.base@21.0.8/java.lang.Thread.runWith(Thread.java:1596)
        at java.base@21.0.8/java.lang.Thread.run(Thread.java:1583)
"IPC Server handler 4 on default port 15002" daemon prio=5 tid=125 timed_waiting
java.lang.Thread.State: TIMED_WAITING
        at java.base@21.0.8/jdk.internal.misc.Unsafe.park(Native Method)
        at java.base@21.0.8/java.util.concurrent.locks.LockSupport.parkNanos(LockSupport.java:269)
        at java.base@21.0.8/java.util.concurrent.locks.AbstractQueuedSynchronizer$ConditionObject.awaitNanos(AbstractQueuedSynchronizer.java:1763)
        at java.base@21.0.8/java.util.concurrent.LinkedBlockingQueue.poll(LinkedBlockingQueue.java:460)
        at app//org.apache.hadoop.ipc.CallQueueManager.take(CallQueueManager.java:370)
        at app//org.apache.hadoop.ipc.Server$Handler.run(Server.java:3165)
"IPC Server handler 44 on default port 15003" daemon prio=5 tid=265 timed_waiting
java.lang.Thread.State: TIMED_WAITING
        at java.base@21.0.8/jdk.internal.misc.Unsafe.park(Native Method)
        at java.base@21.0.8/java.util.concurrent.locks.LockSupport.parkNanos(LockSupport.java:269)
        at java.base@21.0.8/java.util.concurrent.locks.AbstractQueuedSynchronizer$ConditionObject.awaitNanos(AbstractQueuedSynchronizer.java:1763)
        at java.base@21.0.8/java.util.concurrent.LinkedBlockingQueue.poll(LinkedBlockingQueue.java:460)
        at app//org.apache.hadoop.ipc.CallQueueManager.take(CallQueueManager.java:370)
        at app//org.apache.hadoop.ipc.Server$Handler.run(Server.java:3165)
"IPC Server handler 35 on default port 15003" daemon prio=5 tid=256 timed_waiting
java.lang.Thread.State: TIMED_WAITING
        at java.base@21.0.8/jdk.internal.misc.Unsafe.park(Native Method)
        at java.base@21.0.8/java.util.concurrent.locks.LockSupport.parkNanos(LockSupport.java:269)
        at java.base@21.0.8/java.util.concurrent.locks.AbstractQueuedSynchronizer$ConditionObject.awaitNanos(AbstractQueuedSynchronizer.java:1763)
        at java.base@21.0.8/java.util.concurrent.LinkedBlockingQueue.poll(LinkedBlockingQueue.java:460)
        at app//org.apache.hadoop.ipc.CallQueueManager.take(CallQueueManager.java:370)
        at app//org.apache.hadoop.ipc.Server$Handler.run(Server.java:3165)
"Socket Reader #9 for port 15045" daemon prio=5 tid=957 runnable
java.lang.Thread.State: RUNNABLE
        at java.base@21.0.8/sun.nio.ch.EPoll.wait(Native Method)
        at java.base@21.0.8/sun.nio.ch.EPollSelectorImpl.doSelect(EPollSelectorImpl.java:121)
        at java.base@21.0.8/sun.nio.ch.SelectorImpl.lockAndDoSelect(SelectorImpl.java:130)
        at java.base@21.0.8/sun.nio.ch.SelectorImpl.select(SelectorImpl.java:147)
        at app//org.apache.hadoop.ipc.Server$Listener$Reader.doRunLoop(Server.java:1497)
        at app//org.apache.hadoop.ipc.Server$Listener$Reader.run(Server.java:1476)
"IPC Server handler 22 on default port 15003" daemon prio=5 tid=243 timed_waiting
java.lang.Thread.State: TIMED_WAITING
        at java.base@21.0.8/jdk.internal.misc.Unsafe.park(Native Method)
        at java.base@21.0.8/java.util.concurrent.locks.LockSupport.parkNanos(LockSupport.java:269)
        at java.base@21.0.8/java.util.concurrent.locks.AbstractQueuedSynchronizer$ConditionObject.awaitNanos(AbstractQueuedSynchronizer.java:1763)
        at java.base@21.0.8/java.util.concurrent.LinkedBlockingQueue.poll(LinkedBlockingQueue.java:460)
        at app//org.apache.hadoop.ipc.CallQueueManager.take(CallQueueManager.java:370)
        at app//org.apache.hadoop.ipc.Server$Handler.run(Server.java:3165)
"IPC Server handler 72 on default port 15002" daemon prio=5 tid=193 timed_waiting
java.lang.Thread.State: TIMED_WAITING
        at java.base@21.0.8/jdk.internal.misc.Unsafe.park(Native Method)
        at java.base@21.0.8/java.util.concurrent.locks.LockSupport.parkNanos(LockSupport.java:269)
        at java.base@21.0.8/java.util.concurrent.locks.AbstractQueuedSynchronizer$ConditionObject.awaitNanos(AbstractQueuedSynchronizer.java:1763)
        at java.base@21.0.8/java.util.concurrent.LinkedBlockingQueue.poll(LinkedBlockingQueue.java:460)
        at app//org.apache.hadoop.ipc.CallQueueManager.take(CallQueueManager.java:370)
        at app//org.apache.hadoop.ipc.Server$Handler.run(Server.java:3165)
"qtp505087261-910" daemon prio=5 tid=910 timed_waiting
java.lang.Thread.State: TIMED_WAITING
        at java.base@21.0.8/jdk.internal.misc.Unsafe.park(Native Method)
        at java.base@21.0.8/java.util.concurrent.locks.LockSupport.parkNanos(LockSupport.java:269)
        at java.base@21.0.8/java.util.concurrent.locks.AbstractQueuedSynchronizer$ConditionObject.awaitNanos(AbstractQueuedSynchronizer.java:1763)
        at app//org.eclipse.jetty.util.BlockingArrayQueue.poll(BlockingArrayQueue.java:382)
        at app//org.eclipse.jetty.util.thread.QueuedThreadPool$Runner.idleJobPoll(QueuedThreadPool.java:974)
        at app//org.eclipse.jetty.util.thread.QueuedThreadPool$Runner.run(QueuedThreadPool.java:1018)
        at java.base@21.0.8/java.lang.Thread.runWith(Thread.java:1596)
        at java.base@21.0.8/java.lang.Thread.run(Thread.java:1583)
"42a5f925-1bc2-4f8a-8509-c5ae65e6fcde-ChunkWriter-3-0" daemon prio=5 tid=839 in Object.wait()
java.lang.Thread.State: WAITING (on object monitor)
        at java.base@21.0.8/jdk.internal.misc.Unsafe.park(Native Method)
        at java.base@21.0.8/java.util.concurrent.locks.LockSupport.park(LockSupport.java:371)
        at java.base@21.0.8/java.util.concurrent.locks.AbstractQueuedSynchronizer$ConditionNode.block(AbstractQueuedSynchronizer.java:519)
        at java.base@21.0.8/java.util.concurrent.ForkJoinPool.unmanagedBlock(ForkJoinPool.java:3780)
        at java.base@21.0.8/java.util.concurrent.ForkJoinPool.managedBlock(ForkJoinPool.java:3725)
        at java.base@21.0.8/java.util.concurrent.locks.AbstractQueuedSynchronizer$ConditionObject.await(AbstractQueuedSynchronizer.java:1712)
        at java.base@21.0.8/java.util.concurrent.LinkedBlockingDeque.takeFirst(LinkedBlockingDeque.java:485)
        at java.base@21.0.8/java.util.concurrent.LinkedBlockingDeque.take(LinkedBlockingDeque.java:673)
        at java.base@21.0.8/java.util.concurrent.ThreadPoolExecutor.getTask(ThreadPoolExecutor.java:1070)
        at java.base@21.0.8/java.util.concurrent.ThreadPoolExecutor.runWorker(ThreadPoolExecutor.java:1130)
        at java.base@21.0.8/java.util.concurrent.ThreadPoolExecutor$Worker.run(ThreadPoolExecutor.java:642)
        at java.base@21.0.8/java.lang.Thread.runWith(Thread.java:1596)
        at java.base@21.0.8/java.lang.Thread.run(Thread.java:1583)
"grpc-default-executor-1" daemon prio=5 tid=1057 timed_waiting
java.lang.Thread.State: TIMED_WAITING
        at java.base@21.0.8/jdk.internal.misc.Unsafe.park(Native Method)
        at java.base@21.0.8/java.util.concurrent.locks.LockSupport.parkNanos(LockSupport.java:410)
        at java.base@21.0.8/java.util.concurrent.LinkedTransferQueue$DualNode.await(LinkedTransferQueue.java:452)
        at java.base@21.0.8/java.util.concurrent.SynchronousQueue$Transferer.xferLifo(SynchronousQueue.java:194)
        at java.base@21.0.8/java.util.concurrent.SynchronousQueue.xfer(SynchronousQueue.java:235)
        at java.base@21.0.8/java.util.concurrent.SynchronousQueue.poll(SynchronousQueue.java:338)
        at java.base@21.0.8/java.util.concurrent.ThreadPoolExecutor.getTask(ThreadPoolExecutor.java:1069)
        at java.base@21.0.8/java.util.concurrent.ThreadPoolExecutor.runWorker(ThreadPoolExecutor.java:1130)
        at java.base@21.0.8/java.util.concurrent.ThreadPoolExecutor$Worker.run(ThreadPoolExecutor.java:642)
        at java.base@21.0.8/java.lang.Thread.runWith(Thread.java:1596)
        at java.base@21.0.8/java.lang.Thread.run(Thread.java:1583)
"IPC Server handler 58 on default port 15003" daemon prio=5 tid=279 timed_waiting
java.lang.Thread.State: TIMED_WAITING
        at java.base@21.0.8/jdk.internal.misc.Unsafe.park(Native Method)
        at java.base@21.0.8/java.util.concurrent.locks.LockSupport.parkNanos(LockSupport.java:269)
        at java.base@21.0.8/java.util.concurrent.locks.AbstractQueuedSynchronizer$ConditionObject.awaitNanos(AbstractQueuedSynchronizer.java:1763)
        at java.base@21.0.8/java.util.concurrent.LinkedBlockingQueue.poll(LinkedBlockingQueue.java:460)
        at app//org.apache.hadoop.ipc.CallQueueManager.take(CallQueueManager.java:370)
        at app//org.apache.hadoop.ipc.Server$Handler.run(Server.java:3165)
"JvmPauseMonitor4" daemon prio=5 tid=840 timed_waiting
java.lang.Thread.State: TIMED_WAITING
        at java.base@21.0.8/java.lang.Thread.sleep0(Native Method)
        at java.base@21.0.8/java.lang.Thread.sleep(Thread.java:558)
        at java.base@21.0.8/java.util.concurrent.TimeUnit.sleep(TimeUnit.java:446)
        at app//org.apache.ratis.util.TimeDuration.sleep(TimeDuration.java:353)
        at app//org.apache.ratis.util.TimeDuration.sleep(TimeDuration.java:338)
        at app//org.apache.ratis.util.JvmPauseMonitor.detectPause(JvmPauseMonitor.java:160)
        at app//org.apache.ratis.util.JvmPauseMonitor.run(JvmPauseMonitor.java:149)
        at app//org.apache.ratis.util.JvmPauseMonitor$$Lambda/0x00007f18e83aead8.run(Unknown Source)
        at java.base@21.0.8/java.lang.Thread.runWith(Thread.java:1596)
        at java.base@21.0.8/java.lang.Thread.run(Thread.java:1583)
"Socket Reader #8 for port 15003" daemon prio=5 tid=84 runnable
java.lang.Thread.State: RUNNABLE
        at java.base@21.0.8/sun.nio.ch.EPoll.wait(Native Method)
        at java.base@21.0.8/sun.nio.ch.EPollSelectorImpl.doSelect(EPollSelectorImpl.java:121)
        at java.base@21.0.8/sun.nio.ch.SelectorImpl.lockAndDoSelect(SelectorImpl.java:130)
        at java.base@21.0.8/sun.nio.ch.SelectorImpl.select(SelectorImpl.java:147)
        at app//org.apache.hadoop.ipc.Server$Listener$Reader.doRunLoop(Server.java:1497)
        at app//org.apache.hadoop.ipc.Server$Listener$Reader.run(Server.java:1476)
"IPC Server handler 7 on default port 15002" daemon prio=5 tid=128 timed_waiting
java.lang.Thread.State: TIMED_WAITING
        at java.base@21.0.8/jdk.internal.misc.Unsafe.park(Native Method)
        at java.base@21.0.8/java.util.concurrent.locks.LockSupport.parkNanos(LockSupport.java:269)
        at java.base@21.0.8/java.util.concurrent.locks.AbstractQueuedSynchronizer$ConditionObject.awaitNanos(AbstractQueuedSynchronizer.java:1763)
        at java.base@21.0.8/java.util.concurrent.LinkedBlockingQueue.poll(LinkedBlockingQueue.java:460)
        at app//org.apache.hadoop.ipc.CallQueueManager.take(CallQueueManager.java:370)
        at app//org.apache.hadoop.ipc.Server$Handler.run(Server.java:3165)
"IPC Server handler 15 on default port 15003" daemon prio=5 tid=236 timed_waiting
java.lang.Thread.State: TIMED_WAITING
        at java.base@21.0.8/jdk.internal.misc.Unsafe.park(Native Method)
        at java.base@21.0.8/java.util.concurrent.locks.LockSupport.parkNanos(LockSupport.java:269)
        at java.base@21.0.8/java.util.concurrent.locks.AbstractQueuedSynchronizer$ConditionObject.awaitNanos(AbstractQueuedSynchronizer.java:1763)
        at java.base@21.0.8/java.util.concurrent.LinkedBlockingQueue.poll(LinkedBlockingQueue.java:460)
        at app//org.apache.hadoop.ipc.CallQueueManager.take(CallQueueManager.java:370)
        at app//org.apache.hadoop.ipc.Server$Handler.run(Server.java:3165)
"d5ad88c2-6e7a-4660-bab6-a4e8807a575e@group-4D151320670C-cacheEviction-AwaitToRun" daemon prio=5 tid=1049 in Object.wait()
java.lang.Thread.State: WAITING (on object monitor)
        at java.base@21.0.8/jdk.internal.misc.Unsafe.park(Native Method)
        at java.base@21.0.8/java.util.concurrent.locks.LockSupport.park(LockSupport.java:371)
        at java.base@21.0.8/java.util.concurrent.locks.AbstractQueuedSynchronizer$ConditionNode.block(AbstractQueuedSynchronizer.java:519)
        at java.base@21.0.8/java.util.concurrent.ForkJoinPool.unmanagedBlock(ForkJoinPool.java:3780)
        at java.base@21.0.8/java.util.concurrent.ForkJoinPool.managedBlock(ForkJoinPool.java:3725)
        at java.base@21.0.8/java.util.concurrent.locks.AbstractQueuedSynchronizer$ConditionObject.await(AbstractQueuedSynchronizer.java:1712)
        at app//org.apache.ratis.util.AwaitForSignal.await(AwaitForSignal.java:48)
        at app//org.apache.ratis.util.AwaitToRun$RunnableImpl.run(AwaitToRun.java:47)
        at java.base@21.0.8/java.lang.Thread.runWith(Thread.java:1596)
        at java.base@21.0.8/java.lang.Thread.run(Thread.java:1583)
"IPC Server handler 88 on default port 15003" daemon prio=5 tid=309 timed_waiting
java.lang.Thread.State: TIMED_WAITING
        at java.base@21.0.8/jdk.internal.misc.Unsafe.park(Native Method)
        at java.base@21.0.8/java.util.concurrent.locks.LockSupport.parkNanos(LockSupport.java:269)
        at java.base@21.0.8/java.util.concurrent.locks.AbstractQueuedSynchronizer$ConditionObject.awaitNanos(AbstractQueuedSynchronizer.java:1763)
        at java.base@21.0.8/java.util.concurrent.LinkedBlockingQueue.poll(LinkedBlockingQueue.java:460)
        at app//org.apache.hadoop.ipc.CallQueueManager.take(CallQueueManager.java:370)
        at app//org.apache.hadoop.ipc.Server$Handler.run(Server.java:3165)
"Hadoop-Metrics-Updater-0" daemon prio=5 tid=462 timed_waiting
java.lang.Thread.State: TIMED_WAITING
        at java.base@21.0.8/jdk.internal.misc.Unsafe.park(Native Method)
        at java.base@21.0.8/java.util.concurrent.locks.LockSupport.parkNanos(LockSupport.java:269)
        at java.base@21.0.8/java.util.concurrent.locks.AbstractQueuedSynchronizer$ConditionObject.awaitNanos(AbstractQueuedSynchronizer.java:1763)
        at java.base@21.0.8/java.util.concurrent.ScheduledThreadPoolExecutor$DelayedWorkQueue.take(ScheduledThreadPoolExecutor.java:1182)
        at java.base@21.0.8/java.util.concurrent.ScheduledThreadPoolExecutor$DelayedWorkQueue.take(ScheduledThreadPoolExecutor.java:899)
        at java.base@21.0.8/java.util.concurrent.ThreadPoolExecutor.getTask(ThreadPoolExecutor.java:1070)
        at java.base@21.0.8/java.util.concurrent.ThreadPoolExecutor.runWorker(ThreadPoolExecutor.java:1130)
        at java.base@21.0.8/java.util.concurrent.ThreadPoolExecutor$Worker.run(ThreadPoolExecutor.java:642)
        at java.base@21.0.8/java.lang.Thread.runWith(Thread.java:1596)
        at java.base@21.0.8/java.lang.Thread.run(Thread.java:1583)
"qtp505087261-908-acceptor-0@677fc320-ServerConnector@1aba6c55{HTTP/1.1, (http/1.1)}{0.0.0.0:15044}" daemon prio=3 tid=908 runnable
java.lang.Thread.State: RUNNABLE
        at java.base@21.0.8/sun.nio.ch.Net.accept(Native Method)
        at java.base@21.0.8/sun.nio.ch.ServerSocketChannelImpl.implAccept(ServerSocketChannelImpl.java:433)
        at java.base@21.0.8/sun.nio.ch.ServerSocketChannelImpl.accept(ServerSocketChannelImpl.java:399)
        at app//org.eclipse.jetty.server.ServerConnector.accept(ServerConnector.java:388)
        at app//org.eclipse.jetty.server.AbstractConnector$Acceptor.run(AbstractConnector.java:704)
        at app//org.eclipse.jetty.util.thread.QueuedThreadPool.runJob(QueuedThreadPool.java:883)
        at app//org.eclipse.jetty.util.thread.QueuedThreadPool$Runner.run(QueuedThreadPool.java:1034)
        at java.base@21.0.8/java.lang.Thread.runWith(Thread.java:1596)
        at java.base@21.0.8/java.lang.Thread.run(Thread.java:1583)
"IPC Server handler 22 on default port 15004" daemon prio=5 tid=361 timed_waiting
java.lang.Thread.State: TIMED_WAITING
        at java.base@21.0.8/jdk.internal.misc.Unsafe.park(Native Method)
        at java.base@21.0.8/java.util.concurrent.locks.LockSupport.parkNanos(LockSupport.java:269)
        at java.base@21.0.8/java.util.concurrent.locks.AbstractQueuedSynchronizer$ConditionObject.awaitNanos(AbstractQueuedSynchronizer.java:1763)
        at java.base@21.0.8/java.util.concurrent.LinkedBlockingQueue.poll(LinkedBlockingQueue.java:460)
        at app//org.apache.hadoop.ipc.CallQueueManager.take(CallQueueManager.java:370)
        at app//org.apache.hadoop.ipc.Server$Handler.run(Server.java:3165)
"IPC Server handler 55 on default port 15001" daemon prio=5 tid=613 timed_waiting
java.lang.Thread.State: TIMED_WAITING
        at java.base@21.0.8/jdk.internal.misc.Unsafe.park(Native Method)
        at java.base@21.0.8/java.util.concurrent.locks.LockSupport.parkNanos(LockSupport.java:269)
        at java.base@21.0.8/java.util.concurrent.locks.AbstractQueuedSynchronizer$ConditionObject.awaitNanos(AbstractQueuedSynchronizer.java:1763)
        at java.base@21.0.8/java.util.concurrent.LinkedBlockingQueue.poll(LinkedBlockingQueue.java:460)
        at app//org.apache.hadoop.ipc.CallQueueManager.take(CallQueueManager.java:370)
        at app//org.apache.hadoop.ipc.Server$Handler.run(Server.java:3165)
"main"  prio=5 tid=1 in Object.wait()
java.lang.Thread.State: WAITING (on object monitor)
        at java.base@21.0.8/jdk.internal.misc.Unsafe.park(Native Method)
        at java.base@21.0.8/java.util.concurrent.locks.LockSupport.park(LockSupport.java:371)
        at java.base@21.0.8/java.util.concurrent.ForkJoinTask.awaitDone(ForkJoinTask.java:461)
        at java.base@21.0.8/java.util.concurrent.ForkJoinTask.get(ForkJoinTask.java:991)
        at app//org.junit.platform.engine.support.hierarchical.HierarchicalTestEngine.execute(HierarchicalTestEngine.java:54)
        at app//org.junit.platform.launcher.core.EngineExecutionOrchestrator.executeEngine(EngineExecutionOrchestrator.java:230)
        at app//org.junit.platform.launcher.core.EngineExecutionOrchestrator.failOrExecuteEngine(EngineExecutionOrchestrator.java:204)
        at app//org.junit.platform.launcher.core.EngineExecutionOrchestrator.execute(EngineExecutionOrchestrator.java:172)
        at app//org.junit.platform.launcher.core.EngineExecutionOrchestrator.execute(EngineExecutionOrchestrator.java:101)
        at app//org.junit.platform.launcher.core.EngineExecutionOrchestrator.lambda$execute$0(EngineExecutionOrchestrator.java:64)
        at app//org.junit.platform.launcher.core.EngineExecutionOrchestrator$$Lambda/0x00007f18e812ef48.accept(Unknown Source)
        at app//org.junit.platform.launcher.core.EngineExecutionOrchestrator.withInterceptedStreams(EngineExecutionOrchestrator.java:150)
        at app//org.junit.platform.launcher.core.EngineExecutionOrchestrator.execute(EngineExecutionOrchestrator.java:63)
        at app//org.junit.platform.launcher.core.DefaultLauncher.execute(DefaultLauncher.java:109)
        at app//org.junit.platform.launcher.core.DefaultLauncher.execute(DefaultLauncher.java:91)
        at app//org.junit.platform.launcher.core.DelegatingLauncher.execute(DelegatingLauncher.java:47)
        at app//org.junit.platform.launcher.core.InterceptingLauncher.lambda$execute$1(InterceptingLauncher.java:39)
        at app//org.junit.platform.launcher.core.InterceptingLauncher$$Lambda/0x00007f18e809dc48.proceed(Unknown Source)
        at app//org.junit.platform.launcher.core.ClasspathAlignmentCheckingLauncherInterceptor.intercept(ClasspathAlignmentCheckingLauncherInterceptor.java:25)
        at app//org.junit.platform.launcher.core.InterceptingLauncher.execute(InterceptingLauncher.java:38)
        at app//org.junit.platform.launcher.core.DelegatingLauncher.execute(DelegatingLauncher.java:47)
        at app//org.apache.maven.surefire.junitplatform.LazyLauncher.execute(LazyLauncher.java:56)
        at app//org.apache.maven.surefire.junitplatform.JUnitPlatformProvider.execute(JUnitPlatformProvider.java:184)
        at app//org.apache.maven.surefire.junitplatform.JUnitPlatformProvider.invokeAllTests(JUnitPlatformProvider.java:148)
        at app//org.apache.maven.surefire.junitplatform.JUnitPlatformProvider.invoke(JUnitPlatformProvider.java:120)
        at app//org.apache.maven.surefire.booter.ForkedBooter.runSuitesInProcess(ForkedBooter.java:385)
        at app//org.apache.maven.surefire.booter.ForkedBooter.execute(ForkedBooter.java:162)
        at app//org.apache.maven.surefire.booter.ForkedBooter.run(ForkedBooter.java:507)
        at app//org.apache.maven.surefire.booter.ForkedBooter.main(ForkedBooter.java:495)
"IPC Server handler 6 on default port 15004" daemon prio=5 tid=345 timed_waiting
java.lang.Thread.State: TIMED_WAITING
        at java.base@21.0.8/jdk.internal.misc.Unsafe.park(Native Method)
        at java.base@21.0.8/java.util.concurrent.locks.LockSupport.parkNanos(LockSupport.java:269)
        at java.base@21.0.8/java.util.concurrent.locks.AbstractQueuedSynchronizer$ConditionObject.awaitNanos(AbstractQueuedSynchronizer.java:1763)
        at java.base@21.0.8/java.util.concurrent.LinkedBlockingQueue.poll(LinkedBlockingQueue.java:460)
        at app//org.apache.hadoop.ipc.CallQueueManager.take(CallQueueManager.java:370)
        at app//org.apache.hadoop.ipc.Server$Handler.run(Server.java:3165)
"IPC Server handler 28 on default port 15002" daemon prio=5 tid=149 timed_waiting
java.lang.Thread.State: TIMED_WAITING
        at java.base@21.0.8/jdk.internal.misc.Unsafe.park(Native Method)
        at java.base@21.0.8/java.util.concurrent.locks.LockSupport.parkNanos(LockSupport.java:269)
        at java.base@21.0.8/java.util.concurrent.locks.AbstractQueuedSynchronizer$ConditionObject.awaitNanos(AbstractQueuedSynchronizer.java:1763)
        at java.base@21.0.8/java.util.concurrent.LinkedBlockingQueue.poll(LinkedBlockingQueue.java:460)
        at app//org.apache.hadoop.ipc.CallQueueManager.take(CallQueueManager.java:370)
        at app//org.apache.hadoop.ipc.Server$Handler.run(Server.java:3165)
"IPC Server handler 99 on default port 15001" daemon prio=5 tid=657 timed_waiting
java.lang.Thread.State: TIMED_WAITING
        at java.base@21.0.8/jdk.internal.misc.Unsafe.park(Native Method)
        at java.base@21.0.8/java.util.concurrent.locks.LockSupport.parkNanos(LockSupport.java:269)
        at java.base@21.0.8/java.util.concurrent.locks.AbstractQueuedSynchronizer$ConditionObject.awaitNanos(AbstractQueuedSynchronizer.java:1763)
        at java.base@21.0.8/java.util.concurrent.LinkedBlockingQueue.poll(LinkedBlockingQueue.java:460)
        at app//org.apache.hadoop.ipc.CallQueueManager.take(CallQueueManager.java:370)
        at app//org.apache.hadoop.ipc.Server$Handler.run(Server.java:3165)
"IPC Server handler 2 on default port 15021" daemon prio=5 tid=743 timed_waiting
java.lang.Thread.State: TIMED_WAITING
        at java.base@21.0.8/jdk.internal.misc.Unsafe.park(Native Method)
        at java.base@21.0.8/java.util.concurrent.locks.LockSupport.parkNanos(LockSupport.java:269)
        at java.base@21.0.8/java.util.concurrent.locks.AbstractQueuedSynchronizer$ConditionObject.awaitNanos(AbstractQueuedSynchronizer.java:1763)
        at java.base@21.0.8/java.util.concurrent.LinkedBlockingQueue.poll(LinkedBlockingQueue.java:460)
        at app//org.apache.hadoop.ipc.CallQueueManager.take(CallQueueManager.java:370)
        at app//org.apache.hadoop.ipc.Server$Handler.run(Server.java:3165)
"IPC Server handler 6 on default port 15013" daemon prio=5 tid=701 timed_waiting
java.lang.Thread.State: TIMED_WAITING
        at java.base@21.0.8/jdk.internal.misc.Unsafe.park(Native Method)
        at java.base@21.0.8/java.util.concurrent.locks.LockSupport.parkNanos(LockSupport.java:269)
        at java.base@21.0.8/java.util.concurrent.locks.AbstractQueuedSynchronizer$ConditionObject.awaitNanos(AbstractQueuedSynchronizer.java:1763)
        at java.base@21.0.8/java.util.concurrent.LinkedBlockingQueue.poll(LinkedBlockingQueue.java:460)
        at app//org.apache.hadoop.ipc.CallQueueManager.take(CallQueueManager.java:370)
        at app//org.apache.hadoop.ipc.Server$Handler.run(Server.java:3165)
"pool-184-thread-1" daemon prio=5 tid=985 timed_waiting
java.lang.Thread.State: TIMED_WAITING
        at java.base@21.0.8/jdk.internal.misc.Unsafe.park(Native Method)
        at java.base@21.0.8/java.util.concurrent.locks.LockSupport.parkNanos(LockSupport.java:269)
        at java.base@21.0.8/java.util.concurrent.locks.AbstractQueuedSynchronizer$ConditionObject.awaitNanos(AbstractQueuedSynchronizer.java:1763)
        at java.base@21.0.8/java.util.concurrent.ScheduledThreadPoolExecutor$DelayedWorkQueue.take(ScheduledThreadPoolExecutor.java:1182)
        at java.base@21.0.8/java.util.concurrent.ScheduledThreadPoolExecutor$DelayedWorkQueue.take(ScheduledThreadPoolExecutor.java:899)
        at java.base@21.0.8/java.util.concurrent.ThreadPoolExecutor.getTask(ThreadPoolExecutor.java:1070)
        at java.base@21.0.8/java.util.concurrent.ThreadPoolExecutor.runWorker(ThreadPoolExecutor.java:1130)
        at java.base@21.0.8/java.util.concurrent.ThreadPoolExecutor$Worker.run(ThreadPoolExecutor.java:642)
        at java.base@21.0.8/java.lang.Thread.runWith(Thread.java:1596)
        at java.base@21.0.8/java.lang.Thread.run(Thread.java:1583)
"IPC Server handler 57 on default port 15004" daemon prio=5 tid=396 timed_waiting
java.lang.Thread.State: TIMED_WAITING
        at java.base@21.0.8/jdk.internal.misc.Unsafe.park(Native Method)
        at java.base@21.0.8/java.util.concurrent.locks.LockSupport.parkNanos(LockSupport.java:269)
        at java.base@21.0.8/java.util.concurrent.locks.AbstractQueuedSynchronizer$ConditionObject.awaitNanos(AbstractQueuedSynchronizer.java:1763)
        at java.base@21.0.8/java.util.concurrent.LinkedBlockingQueue.poll(LinkedBlockingQueue.java:460)
        at app//org.apache.hadoop.ipc.CallQueueManager.take(CallQueueManager.java:370)
        at app//org.apache.hadoop.ipc.Server$Handler.run(Server.java:3165)
"IPC Server handler 62 on default port 15003" daemon prio=5 tid=283 timed_waiting
java.lang.Thread.State: TIMED_WAITING
        at java.base@21.0.8/jdk.internal.misc.Unsafe.park(Native Method)
        at java.base@21.0.8/java.util.concurrent.locks.LockSupport.parkNanos(LockSupport.java:269)
        at java.base@21.0.8/java.util.concurrent.locks.AbstractQueuedSynchronizer$ConditionObject.awaitNanos(AbstractQueuedSynchronizer.java:1763)
        at java.base@21.0.8/java.util.concurrent.LinkedBlockingQueue.poll(LinkedBlockingQueue.java:460)
        at app//org.apache.hadoop.ipc.CallQueueManager.take(CallQueueManager.java:370)
        at app//org.apache.hadoop.ipc.Server$Handler.run(Server.java:3165)
"IPC Server Responder" daemon prio=5 tid=739 runnable
java.lang.Thread.State: RUNNABLE
        at java.base@21.0.8/sun.nio.ch.EPoll.wait(Native Method)
        at java.base@21.0.8/sun.nio.ch.EPollSelectorImpl.doSelect(EPollSelectorImpl.java:121)
        at java.base@21.0.8/sun.nio.ch.SelectorImpl.lockAndDoSelect(SelectorImpl.java:130)
        at java.base@21.0.8/sun.nio.ch.SelectorImpl.select(SelectorImpl.java:142)
        at app//org.apache.hadoop.ipc.Server$Responder.doRunLoop(Server.java:1733)
        at app//org.apache.hadoop.ipc.Server$Responder.run(Server.java:1716)
"ForkJoinPool-1-worker-2" daemon prio=5 tid=36 in Object.wait()
java.lang.Thread.State: WAITING (on object monitor)
        at java.base@21.0.8/jdk.internal.misc.Unsafe.park(Native Method)
        at java.base@21.0.8/java.util.concurrent.locks.LockSupport.park(LockSupport.java:371)
        at java.base@21.0.8/java.util.concurrent.ForkJoinPool.awaitWork(ForkJoinPool.java:1893)
        at java.base@21.0.8/java.util.concurrent.ForkJoinPool.runWorker(ForkJoinPool.java:1809)
        at java.base@21.0.8/java.util.concurrent.ForkJoinWorkerThread.run(ForkJoinWorkerThread.java:188)
"Socket Reader #6 for port 15001" daemon prio=5 tid=526 runnable
java.lang.Thread.State: RUNNABLE
        at java.base@21.0.8/sun.nio.ch.EPoll.wait(Native Method)
        at java.base@21.0.8/sun.nio.ch.EPollSelectorImpl.doSelect(EPollSelectorImpl.java:121)
        at java.base@21.0.8/sun.nio.ch.SelectorImpl.lockAndDoSelect(SelectorImpl.java:130)
        at java.base@21.0.8/sun.nio.ch.SelectorImpl.select(SelectorImpl.java:147)
        at app//org.apache.hadoop.ipc.Server$Listener$Reader.doRunLoop(Server.java:1497)
        at app//org.apache.hadoop.ipc.Server$Listener$Reader.run(Server.java:1476)
"0ed0910f-4ac9-4f62-be34-d90c51a3e6c9-ChunkReader-ELG-0" daemon prio=5 tid=1024 runnable
java.lang.Thread.State: RUNNABLE
        at app//org.apache.ratis.thirdparty.io.netty.channel.epoll.Native.epollWait(Native Method)
        at app//org.apache.ratis.thirdparty.io.netty.channel.epoll.Native.epollWait(Native.java:220)
        at app//org.apache.ratis.thirdparty.io.netty.channel.epoll.Native.epollWait(Native.java:213)
        at app//org.apache.ratis.thirdparty.io.netty.channel.epoll.EpollEventLoop.epollWaitNoTimerChange(EpollEventLoop.java:308)
        at app//org.apache.ratis.thirdparty.io.netty.channel.epoll.EpollEventLoop.run(EpollEventLoop.java:365)
        at app//org.apache.ratis.thirdparty.io.netty.util.concurrent.SingleThreadEventExecutor$4.run(SingleThreadEventExecutor.java:998)
        at app//org.apache.ratis.thirdparty.io.netty.util.internal.ThreadExecutorMap$2.run(ThreadExecutorMap.java:74)
        at java.base@21.0.8/java.lang.Thread.runWith(Thread.java:1596)
        at java.base@21.0.8/java.lang.Thread.run(Thread.java:1583)
"LeakDetector-OzoneClientObject1" daemon prio=5 tid=1118 in Object.wait()
java.lang.Thread.State: WAITING (on object monitor)
        at java.base@21.0.8/jdk.internal.misc.Unsafe.park(Native Method)
        at java.base@21.0.8/java.util.concurrent.locks.LockSupport.park(LockSupport.java:371)
        at java.base@21.0.8/java.util.concurrent.locks.AbstractQueuedSynchronizer$ConditionNode.block(AbstractQueuedSynchronizer.java:519)
        at java.base@21.0.8/java.util.concurrent.ForkJoinPool.unmanagedBlock(ForkJoinPool.java:3780)
        at java.base@21.0.8/java.util.concurrent.ForkJoinPool.managedBlock(ForkJoinPool.java:3725)
        at java.base@21.0.8/java.util.concurrent.locks.AbstractQueuedSynchronizer$ConditionObject.await(AbstractQueuedSynchronizer.java:1712)
        at java.base@21.0.8/java.lang.ref.ReferenceQueue.await(ReferenceQueue.java:67)
        at java.base@21.0.8/java.lang.ref.ReferenceQueue.remove0(ReferenceQueue.java:158)
        at java.base@21.0.8/java.lang.ref.ReferenceQueue.remove(ReferenceQueue.java:234)
        at app//org.apache.hadoop.hdds.utils.LeakDetector.run(LeakDetector.java:79)
        at app//org.apache.hadoop.hdds.utils.LeakDetector$$Lambda/0x00007f18e8495e30.run(Unknown Source)
        at java.base@21.0.8/java.lang.Thread.runWith(Thread.java:1596)
        at java.base@21.0.8/java.lang.Thread.run(Thread.java:1583)
"Socket Reader #6 for port 15008" daemon prio=5 tid=455 runnable
java.lang.Thread.State: RUNNABLE
        at java.base@21.0.8/sun.nio.ch.EPoll.wait(Native Method)
        at java.base@21.0.8/sun.nio.ch.EPollSelectorImpl.doSelect(EPollSelectorImpl.java:121)
        at java.base@21.0.8/sun.nio.ch.SelectorImpl.lockAndDoSelect(SelectorImpl.java:130)
        at java.base@21.0.8/sun.nio.ch.SelectorImpl.select(SelectorImpl.java:147)
        at app//org.apache.hadoop.ipc.Server$Listener$Reader.doRunLoop(Server.java:1497)
        at app//org.apache.hadoop.ipc.Server$Listener$Reader.run(Server.java:1476)
"IPC Server handler 84 on default port 15002" daemon prio=5 tid=205 timed_waiting
java.lang.Thread.State: TIMED_WAITING
        at java.base@21.0.8/jdk.internal.misc.Unsafe.park(Native Method)
        at java.base@21.0.8/java.util.concurrent.locks.LockSupport.parkNanos(LockSupport.java:269)
        at java.base@21.0.8/java.util.concurrent.locks.AbstractQueuedSynchronizer$ConditionObject.awaitNanos(AbstractQueuedSynchronizer.java:1763)
        at java.base@21.0.8/java.util.concurrent.LinkedBlockingQueue.poll(LinkedBlockingQueue.java:460)
        at app//org.apache.hadoop.ipc.CallQueueManager.take(CallQueueManager.java:370)
        at app//org.apache.hadoop.ipc.Server$Handler.run(Server.java:3165)
"IPC Server handler 48 on default port 15003" daemon prio=5 tid=269 timed_waiting
java.lang.Thread.State: TIMED_WAITING
        at java.base@21.0.8/jdk.internal.misc.Unsafe.park(Native Method)
        at java.base@21.0.8/java.util.concurrent.locks.LockSupport.parkNanos(LockSupport.java:269)
        at java.base@21.0.8/java.util.concurrent.locks.AbstractQueuedSynchronizer$ConditionObject.awaitNanos(AbstractQueuedSynchronizer.java:1763)
        at java.base@21.0.8/java.util.concurrent.LinkedBlockingQueue.poll(LinkedBlockingQueue.java:460)
        at app//org.apache.hadoop.ipc.CallQueueManager.take(CallQueueManager.java:370)
        at app//org.apache.hadoop.ipc.Server$Handler.run(Server.java:3165)
"IPC Server handler 11 on default port 15001" daemon prio=5 tid=569 timed_waiting
java.lang.Thread.State: TIMED_WAITING
        at java.base@21.0.8/jdk.internal.misc.Unsafe.park(Native Method)
        at java.base@21.0.8/java.util.concurrent.locks.LockSupport.parkNanos(LockSupport.java:269)
        at java.base@21.0.8/java.util.concurrent.locks.AbstractQueuedSynchronizer$ConditionObject.awaitNanos(AbstractQueuedSynchronizer.java:1763)
        at java.base@21.0.8/java.util.concurrent.LinkedBlockingQueue.poll(LinkedBlockingQueue.java:460)
        at app//org.apache.hadoop.ipc.CallQueueManager.take(CallQueueManager.java:370)
        at app//org.apache.hadoop.ipc.Server$Handler.run(Server.java:3165)
"Recon-EventQueue-NewNodeForReconNewNodeHandler" daemon prio=5 tid=918 in Object.wait()
java.lang.Thread.State: WAITING (on object monitor)
        at java.base@21.0.8/jdk.internal.misc.Unsafe.park(Native Method)
        at java.base@21.0.8/java.util.concurrent.locks.LockSupport.park(LockSupport.java:371)
        at java.base@21.0.8/java.util.concurrent.locks.AbstractQueuedSynchronizer$ConditionNode.block(AbstractQueuedSynchronizer.java:519)
        at java.base@21.0.8/java.util.concurrent.ForkJoinPool.unmanagedBlock(ForkJoinPool.java:3780)
        at java.base@21.0.8/java.util.concurrent.ForkJoinPool.managedBlock(ForkJoinPool.java:3725)
        at java.base@21.0.8/java.util.concurrent.locks.AbstractQueuedSynchronizer$ConditionObject.await(AbstractQueuedSynchronizer.java:1712)
        at java.base@21.0.8/java.util.concurrent.LinkedBlockingQueue.take(LinkedBlockingQueue.java:435)
        at java.base@21.0.8/java.util.concurrent.ThreadPoolExecutor.getTask(ThreadPoolExecutor.java:1070)
        at java.base@21.0.8/java.util.concurrent.ThreadPoolExecutor.runWorker(ThreadPoolExecutor.java:1130)
        at java.base@21.0.8/java.util.concurrent.ThreadPoolExecutor$Worker.run(ThreadPoolExecutor.java:642)
        at java.base@21.0.8/java.lang.Thread.runWith(Thread.java:1596)
        at java.base@21.0.8/java.lang.Thread.run(Thread.java:1583)
"IPC Server handler 63 on default port 15004" daemon prio=5 tid=402 timed_waiting
java.lang.Thread.State: TIMED_WAITING
        at java.base@21.0.8/jdk.internal.misc.Unsafe.park(Native Method)
        at java.base@21.0.8/java.util.concurrent.locks.LockSupport.parkNanos(LockSupport.java:269)
        at java.base@21.0.8/java.util.concurrent.locks.AbstractQueuedSynchronizer$ConditionObject.awaitNanos(AbstractQueuedSynchronizer.java:1763)
        at java.base@21.0.8/java.util.concurrent.LinkedBlockingQueue.poll(LinkedBlockingQueue.java:460)
        at app//org.apache.hadoop.ipc.CallQueueManager.take(CallQueueManager.java:370)
        at app//org.apache.hadoop.ipc.Server$Handler.run(Server.java:3165)
"d5ad88c2-6e7a-4660-bab6-a4e8807a575e-ChunkWriter-2-0" daemon prio=5 tid=861 in Object.wait()
java.lang.Thread.State: WAITING (on object monitor)
        at java.base@21.0.8/jdk.internal.misc.Unsafe.park(Native Method)
        at java.base@21.0.8/java.util.concurrent.locks.LockSupport.park(LockSupport.java:371)
        at java.base@21.0.8/java.util.concurrent.locks.AbstractQueuedSynchronizer$ConditionNode.block(AbstractQueuedSynchronizer.java:519)
        at java.base@21.0.8/java.util.concurrent.ForkJoinPool.unmanagedBlock(ForkJoinPool.java:3780)
        at java.base@21.0.8/java.util.concurrent.ForkJoinPool.managedBlock(ForkJoinPool.java:3725)
        at java.base@21.0.8/java.util.concurrent.locks.AbstractQueuedSynchronizer$ConditionObject.await(AbstractQueuedSynchronizer.java:1712)
        at java.base@21.0.8/java.util.concurrent.LinkedBlockingDeque.takeFirst(LinkedBlockingDeque.java:485)
        at java.base@21.0.8/java.util.concurrent.LinkedBlockingDeque.take(LinkedBlockingDeque.java:673)
        at java.base@21.0.8/java.util.concurrent.ThreadPoolExecutor.getTask(ThreadPoolExecutor.java:1070)
        at java.base@21.0.8/java.util.concurrent.ThreadPoolExecutor.runWorker(ThreadPoolExecutor.java:1130)
        at java.base@21.0.8/java.util.concurrent.ThreadPoolExecutor$Worker.run(ThreadPoolExecutor.java:642)
        at java.base@21.0.8/java.lang.Thread.runWith(Thread.java:1596)
        at java.base@21.0.8/java.lang.Thread.run(Thread.java:1583)
"IPC Server handler 53 on default port 15001" daemon prio=5 tid=611 timed_waiting
java.lang.Thread.State: TIMED_WAITING
        at java.base@21.0.8/jdk.internal.misc.Unsafe.park(Native Method)
        at java.base@21.0.8/java.util.concurrent.locks.LockSupport.parkNanos(LockSupport.java:269)
        at java.base@21.0.8/java.util.concurrent.locks.AbstractQueuedSynchronizer$ConditionObject.awaitNanos(AbstractQueuedSynchronizer.java:1763)
        at java.base@21.0.8/java.util.concurrent.LinkedBlockingQueue.poll(LinkedBlockingQueue.java:460)
        at app//org.apache.hadoop.ipc.CallQueueManager.take(CallQueueManager.java:370)
        at app//org.apache.hadoop.ipc.Server$Handler.run(Server.java:3165)
"qtp1553533936-489" daemon prio=5 tid=489 timed_waiting
java.lang.Thread.State: TIMED_WAITING
        at java.base@21.0.8/jdk.internal.misc.Unsafe.park(Native Method)
        at java.base@21.0.8/java.util.concurrent.locks.LockSupport.parkNanos(LockSupport.java:410)
        at java.base@21.0.8/java.util.concurrent.LinkedTransferQueue$DualNode.await(LinkedTransferQueue.java:452)
        at java.base@21.0.8/java.util.concurrent.SynchronousQueue$Transferer.xferLifo(SynchronousQueue.java:194)
        at java.base@21.0.8/java.util.concurrent.SynchronousQueue.xfer(SynchronousQueue.java:235)
        at java.base@21.0.8/java.util.concurrent.SynchronousQueue.poll(SynchronousQueue.java:338)
        at app//org.eclipse.jetty.util.thread.ReservedThreadExecutor$ReservedThread.reservedWait(ReservedThreadExecutor.java:324)
        at app//org.eclipse.jetty.util.thread.ReservedThreadExecutor$ReservedThread.run(ReservedThreadExecutor.java:399)
        at app//org.eclipse.jetty.util.thread.QueuedThreadPool.runJob(QueuedThreadPool.java:883)
        at app//org.eclipse.jetty.util.thread.QueuedThreadPool$Runner.run(QueuedThreadPool.java:1034)
        at java.base@21.0.8/java.lang.Thread.runWith(Thread.java:1596)
        at java.base@21.0.8/java.lang.Thread.run(Thread.java:1583)
"Socket Reader #5 for port 15004" daemon prio=5 tid=67 runnable
java.lang.Thread.State: RUNNABLE
        at java.base@21.0.8/sun.nio.ch.EPoll.wait(Native Method)
        at java.base@21.0.8/sun.nio.ch.EPollSelectorImpl.doSelect(EPollSelectorImpl.java:121)
        at java.base@21.0.8/sun.nio.ch.SelectorImpl.lockAndDoSelect(SelectorImpl.java:130)
        at java.base@21.0.8/sun.nio.ch.SelectorImpl.select(SelectorImpl.java:147)
        at app//org.apache.hadoop.ipc.Server$Listener$Reader.doRunLoop(Server.java:1497)
        at app//org.apache.hadoop.ipc.Server$Listener$Reader.run(Server.java:1476)
"IPC Server handler 26 on default port 15001" daemon prio=5 tid=584 timed_waiting
java.lang.Thread.State: TIMED_WAITING
        at java.base@21.0.8/jdk.internal.misc.Unsafe.park(Native Method)
        at java.base@21.0.8/java.util.concurrent.locks.LockSupport.parkNanos(LockSupport.java:269)
        at java.base@21.0.8/java.util.concurrent.locks.AbstractQueuedSynchronizer$ConditionObject.awaitNanos(AbstractQueuedSynchronizer.java:1763)
        at java.base@21.0.8/java.util.concurrent.LinkedBlockingQueue.poll(LinkedBlockingQueue.java:460)
        at app//org.apache.hadoop.ipc.CallQueueManager.take(CallQueueManager.java:370)
        at app//org.apache.hadoop.ipc.Server$Handler.run(Server.java:3165)
"EventQueue-NodeRegistrationContainerReportForDataNodeSafeModeRule" daemon prio=5 tid=921 in Object.wait()
java.lang.Thread.State: WAITING (on object monitor)
        at java.base@21.0.8/jdk.internal.misc.Unsafe.park(Native Method)
        at java.base@21.0.8/java.util.concurrent.locks.LockSupport.park(LockSupport.java:371)
        at java.base@21.0.8/java.util.concurrent.locks.AbstractQueuedSynchronizer$ConditionNode.block(AbstractQueuedSynchronizer.java:519)
        at java.base@21.0.8/java.util.concurrent.ForkJoinPool.unmanagedBlock(ForkJoinPool.java:3780)
        at java.base@21.0.8/java.util.concurrent.ForkJoinPool.managedBlock(ForkJoinPool.java:3725)
        at java.base@21.0.8/java.util.concurrent.locks.AbstractQueuedSynchronizer$ConditionObject.await(AbstractQueuedSynchronizer.java:1712)
        at java.base@21.0.8/java.util.concurrent.LinkedBlockingQueue.take(LinkedBlockingQueue.java:435)
        at java.base@21.0.8/java.util.concurrent.ThreadPoolExecutor.getTask(ThreadPoolExecutor.java:1070)
        at java.base@21.0.8/java.util.concurrent.ThreadPoolExecutor.runWorker(ThreadPoolExecutor.java:1130)
        at java.base@21.0.8/java.util.concurrent.ThreadPoolExecutor$Worker.run(ThreadPoolExecutor.java:642)
        at java.base@21.0.8/java.lang.Thread.runWith(Thread.java:1596)
        at java.base@21.0.8/java.lang.Thread.run(Thread.java:1583)
"346684e1-b57f-4c29-9507-935dad45bd68-DatanodeStateMachineTaskThread-1"  prio=5 tid=979 in Object.wait()
java.lang.Thread.State: WAITING (on object monitor)
        at java.base@21.0.8/jdk.internal.misc.Unsafe.park(Native Method)
        at java.base@21.0.8/java.util.concurrent.locks.LockSupport.park(LockSupport.java:371)
        at java.base@21.0.8/java.util.concurrent.locks.AbstractQueuedSynchronizer$ConditionNode.block(AbstractQueuedSynchronizer.java:519)
        at java.base@21.0.8/java.util.concurrent.ForkJoinPool.unmanagedBlock(ForkJoinPool.java:3780)
        at java.base@21.0.8/java.util.concurrent.ForkJoinPool.managedBlock(ForkJoinPool.java:3725)
        at java.base@21.0.8/java.util.concurrent.locks.AbstractQueuedSynchronizer$ConditionObject.await(AbstractQueuedSynchronizer.java:1712)
        at java.base@21.0.8/java.util.concurrent.LinkedBlockingQueue.take(LinkedBlockingQueue.java:435)
        at java.base@21.0.8/java.util.concurrent.ThreadPoolExecutor.getTask(ThreadPoolExecutor.java:1070)
        at java.base@21.0.8/java.util.concurrent.ThreadPoolExecutor.runWorker(ThreadPoolExecutor.java:1130)
        at java.base@21.0.8/java.util.concurrent.ThreadPoolExecutor$Worker.run(ThreadPoolExecutor.java:642)
        at java.base@21.0.8/java.lang.Thread.runWith(Thread.java:1596)
        at java.base@21.0.8/java.lang.Thread.run(Thread.java:1583)
"00aa5afb-d218-4771-abd7-db0247b9d23b@group-334FE627F997-cacheEviction-AwaitToRun" daemon prio=5 tid=114 in Object.wait()
java.lang.Thread.State: WAITING (on object monitor)
        at java.base@21.0.8/jdk.internal.misc.Unsafe.park(Native Method)
        at java.base@21.0.8/java.util.concurrent.locks.LockSupport.park(LockSupport.java:371)
        at java.base@21.0.8/java.util.concurrent.locks.AbstractQueuedSynchronizer$ConditionNode.block(AbstractQueuedSynchronizer.java:519)
        at java.base@21.0.8/java.util.concurrent.ForkJoinPool.unmanagedBlock(ForkJoinPool.java:3780)
        at java.base@21.0.8/java.util.concurrent.ForkJoinPool.managedBlock(ForkJoinPool.java:3725)
        at java.base@21.0.8/java.util.concurrent.locks.AbstractQueuedSynchronizer$ConditionObject.await(AbstractQueuedSynchronizer.java:1712)
        at app//org.apache.ratis.util.AwaitForSignal.await(AwaitForSignal.java:48)
        at app//org.apache.ratis.util.AwaitToRun$RunnableImpl.run(AwaitToRun.java:47)
        at java.base@21.0.8/java.lang.Thread.runWith(Thread.java:1596)
        at java.base@21.0.8/java.lang.Thread.run(Thread.java:1583)
"IPC Server handler 14 on default port 15008" daemon prio=5 tid=506 timed_waiting
java.lang.Thread.State: TIMED_WAITING
        at java.base@21.0.8/jdk.internal.misc.Unsafe.park(Native Method)
        at java.base@21.0.8/java.util.concurrent.locks.LockSupport.parkNanos(LockSupport.java:269)
        at java.base@21.0.8/java.util.concurrent.locks.AbstractQueuedSynchronizer$ConditionObject.awaitNanos(AbstractQueuedSynchronizer.java:1763)
        at java.base@21.0.8/java.util.concurrent.LinkedBlockingQueue.poll(LinkedBlockingQueue.java:460)
        at app//org.apache.hadoop.ipc.CallQueueManager.take(CallQueueManager.java:370)
        at app//org.apache.hadoop.ipc.Server$Handler.run(Server.java:3165)
"IPC Server handler 9 on default port 15037" daemon prio=5 tid=892 timed_waiting
java.lang.Thread.State: TIMED_WAITING
        at java.base@21.0.8/jdk.internal.misc.Unsafe.park(Native Method)
        at java.base@21.0.8/java.util.concurrent.locks.LockSupport.parkNanos(LockSupport.java:269)
        at java.base@21.0.8/java.util.concurrent.locks.AbstractQueuedSynchronizer$ConditionObject.awaitNanos(AbstractQueuedSynchronizer.java:1763)
        at java.base@21.0.8/java.util.concurrent.LinkedBlockingQueue.poll(LinkedBlockingQueue.java:460)
        at app//org.apache.hadoop.ipc.CallQueueManager.take(CallQueueManager.java:370)
        at app//org.apache.hadoop.ipc.Server$Handler.run(Server.java:3165)
"IPC Server Responder" daemon prio=5 tid=102 runnable
java.lang.Thread.State: RUNNABLE
        at java.base@21.0.8/sun.nio.ch.EPoll.wait(Native Method)
        at java.base@21.0.8/sun.nio.ch.EPollSelectorImpl.doSelect(EPollSelectorImpl.java:121)
        at java.base@21.0.8/sun.nio.ch.SelectorImpl.lockAndDoSelect(SelectorImpl.java:130)
        at java.base@21.0.8/sun.nio.ch.SelectorImpl.select(SelectorImpl.java:142)
        at app//org.apache.hadoop.ipc.Server$Responder.doRunLoop(Server.java:1733)
        at app//org.apache.hadoop.ipc.Server$Responder.run(Server.java:1716)
"d5ad88c2-6e7a-4660-bab6-a4e8807a575e-PipelineCommandHandlerThread-0"  prio=5 tid=1047 in Object.wait()
java.lang.Thread.State: WAITING (on object monitor)
        at java.base@21.0.8/jdk.internal.misc.Unsafe.park(Native Method)
        at java.base@21.0.8/java.util.concurrent.locks.LockSupport.park(LockSupport.java:371)
        at java.base@21.0.8/java.util.concurrent.locks.AbstractQueuedSynchronizer$ConditionNode.block(AbstractQueuedSynchronizer.java:519)
        at java.base@21.0.8/java.util.concurrent.ForkJoinPool.unmanagedBlock(ForkJoinPool.java:3780)
        at java.base@21.0.8/java.util.concurrent.ForkJoinPool.managedBlock(ForkJoinPool.java:3725)
        at java.base@21.0.8/java.util.concurrent.locks.AbstractQueuedSynchronizer$ConditionObject.await(AbstractQueuedSynchronizer.java:1712)
        at java.base@21.0.8/java.util.concurrent.LinkedBlockingQueue.take(LinkedBlockingQueue.java:435)
        at java.base@21.0.8/java.util.concurrent.ThreadPoolExecutor.getTask(ThreadPoolExecutor.java:1070)
        at java.base@21.0.8/java.util.concurrent.ThreadPoolExecutor.runWorker(ThreadPoolExecutor.java:1130)
        at java.base@21.0.8/java.util.concurrent.ThreadPoolExecutor$Worker.run(ThreadPoolExecutor.java:642)
        at java.base@21.0.8/java.lang.Thread.runWith(Thread.java:1596)
        at java.base@21.0.8/java.lang.Thread.run(Thread.java:1583)
"IPC Server listener on 15002" daemon prio=5 tid=90 runnable
java.lang.Thread.State: RUNNABLE
        at java.base@21.0.8/sun.nio.ch.EPoll.wait(Native Method)
        at java.base@21.0.8/sun.nio.ch.EPollSelectorImpl.doSelect(EPollSelectorImpl.java:121)
        at java.base@21.0.8/sun.nio.ch.SelectorImpl.lockAndDoSelect(SelectorImpl.java:130)
        at java.base@21.0.8/sun.nio.ch.SelectorImpl.select(SelectorImpl.java:147)
        at app//org.apache.hadoop.ipc.Server$Listener.run(Server.java:1559)
"346684e1-b57f-4c29-9507-935dad45bd68-DatanodeReportManager-2" daemon prio=5 tid=896 in Object.wait()
java.lang.Thread.State: WAITING (on object monitor)
        at java.base@21.0.8/jdk.internal.misc.Unsafe.park(Native Method)
        at java.base@21.0.8/java.util.concurrent.locks.LockSupport.park(LockSupport.java:371)
        at java.base@21.0.8/java.util.concurrent.locks.AbstractQueuedSynchronizer$ConditionNode.block(AbstractQueuedSynchronizer.java:519)
        at java.base@21.0.8/java.util.concurrent.ForkJoinPool.unmanagedBlock(ForkJoinPool.java:3780)
        at java.base@21.0.8/java.util.concurrent.ForkJoinPool.managedBlock(ForkJoinPool.java:3725)
        at java.base@21.0.8/java.util.concurrent.locks.AbstractQueuedSynchronizer$ConditionObject.await(AbstractQueuedSynchronizer.java:1712)
        at java.base@21.0.8/java.util.concurrent.ScheduledThreadPoolExecutor$DelayedWorkQueue.take(ScheduledThreadPoolExecutor.java:1177)
        at java.base@21.0.8/java.util.concurrent.ScheduledThreadPoolExecutor$DelayedWorkQueue.take(ScheduledThreadPoolExecutor.java:899)
        at java.base@21.0.8/java.util.concurrent.ThreadPoolExecutor.getTask(ThreadPoolExecutor.java:1070)
        at java.base@21.0.8/java.util.concurrent.ThreadPoolExecutor.runWorker(ThreadPoolExecutor.java:1130)
        at java.base@21.0.8/java.util.concurrent.ThreadPoolExecutor$Worker.run(ThreadPoolExecutor.java:642)
        at java.base@21.0.8/java.lang.Thread.runWith(Thread.java:1596)
        at java.base@21.0.8/java.lang.Thread.run(Thread.java:1583)
"Socket Reader #6 for port 15003" daemon prio=5 tid=82 runnable
java.lang.Thread.State: RUNNABLE
        at java.base@21.0.8/sun.nio.ch.EPoll.wait(Native Method)
        at java.base@21.0.8/sun.nio.ch.EPollSelectorImpl.doSelect(EPollSelectorImpl.java:121)
        at java.base@21.0.8/sun.nio.ch.SelectorImpl.lockAndDoSelect(SelectorImpl.java:130)
        at java.base@21.0.8/sun.nio.ch.SelectorImpl.select(SelectorImpl.java:147)
        at app//org.apache.hadoop.ipc.Server$Listener$Reader.doRunLoop(Server.java:1497)
        at app//org.apache.hadoop.ipc.Server$Listener$Reader.run(Server.java:1476)
"grpc-default-worker-ELG-3-3" daemon prio=5 tid=1045 runnable
java.lang.Thread.State: RUNNABLE
        at app//org.apache.ratis.thirdparty.io.netty.channel.epoll.Native.epollWait0(Native Method)
        at app//org.apache.ratis.thirdparty.io.netty.channel.epoll.Native.epollWait(Native.java:193)
        at app//org.apache.ratis.thirdparty.io.netty.channel.epoll.EpollEventLoop.epollWait(EpollEventLoop.java:304)
        at app//org.apache.ratis.thirdparty.io.netty.channel.epoll.EpollEventLoop.run(EpollEventLoop.java:368)
        at app//org.apache.ratis.thirdparty.io.netty.util.concurrent.SingleThreadEventExecutor$4.run(SingleThreadEventExecutor.java:998)
        at app//org.apache.ratis.thirdparty.io.netty.util.internal.ThreadExecutorMap$2.run(ThreadExecutorMap.java:74)
        at app//org.apache.ratis.thirdparty.io.netty.util.concurrent.FastThreadLocalRunnable.run(FastThreadLocalRunnable.java:30)
        at java.base@21.0.8/java.lang.Thread.runWith(Thread.java:1596)
        at java.base@21.0.8/java.lang.Thread.run(Thread.java:1583)
"Hadoop-Metrics-Updater-0" daemon prio=5 tid=89 timed_waiting
java.lang.Thread.State: TIMED_WAITING
        at java.base@21.0.8/jdk.internal.misc.Unsafe.park(Native Method)
        at java.base@21.0.8/java.util.concurrent.locks.LockSupport.parkNanos(LockSupport.java:269)
        at java.base@21.0.8/java.util.concurrent.locks.AbstractQueuedSynchronizer$ConditionObject.awaitNanos(AbstractQueuedSynchronizer.java:1763)
        at java.base@21.0.8/java.util.concurrent.ScheduledThreadPoolExecutor$DelayedWorkQueue.take(ScheduledThreadPoolExecutor.java:1182)
        at java.base@21.0.8/java.util.concurrent.ScheduledThreadPoolExecutor$DelayedWorkQueue.take(ScheduledThreadPoolExecutor.java:899)
        at java.base@21.0.8/java.util.concurrent.ThreadPoolExecutor.getTask(ThreadPoolExecutor.java:1070)
        at java.base@21.0.8/java.util.concurrent.ThreadPoolExecutor.runWorker(ThreadPoolExecutor.java:1130)
        at java.base@21.0.8/java.util.concurrent.ThreadPoolExecutor$Worker.run(ThreadPoolExecutor.java:642)
        at java.base@21.0.8/java.lang.Thread.runWith(Thread.java:1596)
        at java.base@21.0.8/java.lang.Thread.run(Thread.java:1583)
"IPC Server handler 78 on default port 15003" daemon prio=5 tid=299 timed_waiting
java.lang.Thread.State: TIMED_WAITING
        at java.base@21.0.8/jdk.internal.misc.Unsafe.park(Native Method)
        at java.base@21.0.8/java.util.concurrent.locks.LockSupport.parkNanos(LockSupport.java:269)
        at java.base@21.0.8/java.util.concurrent.locks.AbstractQueuedSynchronizer$ConditionObject.awaitNanos(AbstractQueuedSynchronizer.java:1763)
        at java.base@21.0.8/java.util.concurrent.LinkedBlockingQueue.poll(LinkedBlockingQueue.java:460)
        at app//org.apache.hadoop.ipc.CallQueueManager.take(CallQueueManager.java:370)
        at app//org.apache.hadoop.ipc.Server$Handler.run(Server.java:3165)
"IPC Server handler 25 on default port 15004" daemon prio=5 tid=364 timed_waiting
java.lang.Thread.State: TIMED_WAITING
        at java.base@21.0.8/jdk.internal.misc.Unsafe.park(Native Method)
        at java.base@21.0.8/java.util.concurrent.locks.LockSupport.parkNanos(LockSupport.java:269)
        at java.base@21.0.8/java.util.concurrent.locks.AbstractQueuedSynchronizer$ConditionObject.awaitNanos(AbstractQueuedSynchronizer.java:1763)
        at java.base@21.0.8/java.util.concurrent.LinkedBlockingQueue.poll(LinkedBlockingQueue.java:460)
        at app//org.apache.hadoop.ipc.CallQueueManager.take(CallQueueManager.java:370)
        at app//org.apache.hadoop.ipc.Server$Handler.run(Server.java:3165)
"IPC Server handler 34 on default port 15004" daemon prio=5 tid=373 timed_waiting
java.lang.Thread.State: TIMED_WAITING
        at java.base@21.0.8/jdk.internal.misc.Unsafe.park(Native Method)
        at java.base@21.0.8/java.util.concurrent.locks.LockSupport.parkNanos(LockSupport.java:269)
        at java.base@21.0.8/java.util.concurrent.locks.AbstractQueuedSynchronizer$ConditionObject.awaitNanos(AbstractQueuedSynchronizer.java:1763)
        at java.base@21.0.8/java.util.concurrent.LinkedBlockingQueue.poll(LinkedBlockingQueue.java:460)
        at app//org.apache.hadoop.ipc.CallQueueManager.take(CallQueueManager.java:370)
        at app//org.apache.hadoop.ipc.Server$Handler.run(Server.java:3165)
"IPC Server handler 50 on default port 15004" daemon prio=5 tid=389 timed_waiting
java.lang.Thread.State: TIMED_WAITING
        at java.base@21.0.8/jdk.internal.misc.Unsafe.park(Native Method)
        at java.base@21.0.8/java.util.concurrent.locks.LockSupport.parkNanos(LockSupport.java:269)
        at java.base@21.0.8/java.util.concurrent.locks.AbstractQueuedSynchronizer$ConditionObject.awaitNanos(AbstractQueuedSynchronizer.java:1763)
        at java.base@21.0.8/java.util.concurrent.LinkedBlockingQueue.poll(LinkedBlockingQueue.java:460)
        at app//org.apache.hadoop.ipc.CallQueueManager.take(CallQueueManager.java:370)
        at app//org.apache.hadoop.ipc.Server$Handler.run(Server.java:3165)
"Socket Reader #4 for port 15003" daemon prio=5 tid=80 runnable
java.lang.Thread.State: RUNNABLE
        at java.base@21.0.8/sun.nio.ch.EPoll.wait(Native Method)
        at java.base@21.0.8/sun.nio.ch.EPollSelectorImpl.doSelect(EPollSelectorImpl.java:121)
        at java.base@21.0.8/sun.nio.ch.SelectorImpl.lockAndDoSelect(SelectorImpl.java:130)
        at java.base@21.0.8/sun.nio.ch.SelectorImpl.select(SelectorImpl.java:147)
        at app//org.apache.hadoop.ipc.Server$Listener$Reader.doRunLoop(Server.java:1497)
        at app//org.apache.hadoop.ipc.Server$Listener$Reader.run(Server.java:1476)
"IPC Server handler 6 on default port 15008" daemon prio=5 tid=498 timed_waiting
java.lang.Thread.State: TIMED_WAITING
        at java.base@21.0.8/jdk.internal.misc.Unsafe.park(Native Method)
        at java.base@21.0.8/java.util.concurrent.locks.LockSupport.parkNanos(LockSupport.java:269)
        at java.base@21.0.8/java.util.concurrent.locks.AbstractQueuedSynchronizer$ConditionObject.awaitNanos(AbstractQueuedSynchronizer.java:1763)
        at java.base@21.0.8/java.util.concurrent.LinkedBlockingQueue.poll(LinkedBlockingQueue.java:460)
        at app//org.apache.hadoop.ipc.CallQueueManager.take(CallQueueManager.java:370)
        at app//org.apache.hadoop.ipc.Server$Handler.run(Server.java:3165)
"Socket Reader #6 for port 15037" daemon prio=5 tid=875 runnable
java.lang.Thread.State: RUNNABLE
        at java.base@21.0.8/sun.nio.ch.EPoll.wait(Native Method)
        at java.base@21.0.8/sun.nio.ch.EPollSelectorImpl.doSelect(EPollSelectorImpl.java:121)
        at java.base@21.0.8/sun.nio.ch.SelectorImpl.lockAndDoSelect(SelectorImpl.java:130)
        at java.base@21.0.8/sun.nio.ch.SelectorImpl.select(SelectorImpl.java:147)
        at app//org.apache.hadoop.ipc.Server$Listener$Reader.doRunLoop(Server.java:1497)
        at app//org.apache.hadoop.ipc.Server$Listener$Reader.run(Server.java:1476)
"Hadoop-Metrics-Updater-0" daemon prio=5 tid=694 timed_waiting
java.lang.Thread.State: TIMED_WAITING
        at java.base@21.0.8/jdk.internal.misc.Unsafe.park(Native Method)
        at java.base@21.0.8/java.util.concurrent.locks.LockSupport.parkNanos(LockSupport.java:269)
        at java.base@21.0.8/java.util.concurrent.locks.AbstractQueuedSynchronizer$ConditionObject.awaitNanos(AbstractQueuedSynchronizer.java:1763)
        at java.base@21.0.8/java.util.concurrent.ScheduledThreadPoolExecutor$DelayedWorkQueue.take(ScheduledThreadPoolExecutor.java:1182)
        at java.base@21.0.8/java.util.concurrent.ScheduledThreadPoolExecutor$DelayedWorkQueue.take(ScheduledThreadPoolExecutor.java:899)
        at java.base@21.0.8/java.util.concurrent.ThreadPoolExecutor.getTask(ThreadPoolExecutor.java:1070)
        at java.base@21.0.8/java.util.concurrent.ThreadPoolExecutor.runWorker(ThreadPoolExecutor.java:1130)
        at java.base@21.0.8/java.util.concurrent.ThreadPoolExecutor$Worker.run(ThreadPoolExecutor.java:642)
        at java.base@21.0.8/java.lang.Thread.runWith(Thread.java:1596)
        at java.base@21.0.8/java.lang.Thread.run(Thread.java:1583)
"Socket Reader #10 for port 15037" daemon prio=5 tid=879 runnable
java.lang.Thread.State: RUNNABLE
        at java.base@21.0.8/sun.nio.ch.EPoll.wait(Native Method)
        at java.base@21.0.8/sun.nio.ch.EPollSelectorImpl.doSelect(EPollSelectorImpl.java:121)
        at java.base@21.0.8/sun.nio.ch.SelectorImpl.lockAndDoSelect(SelectorImpl.java:130)
        at java.base@21.0.8/sun.nio.ch.SelectorImpl.select(SelectorImpl.java:147)
        at app//org.apache.hadoop.ipc.Server$Listener$Reader.doRunLoop(Server.java:1497)
        at app//org.apache.hadoop.ipc.Server$Listener$Reader.run(Server.java:1476)
"Finalizer" daemon prio=8 tid=10 in Object.wait()
java.lang.Thread.State: WAITING (on object monitor)
        at java.base@21.0.8/java.lang.Object.wait0(Native Method)
        at java.base@21.0.8/java.lang.Object.wait(Object.java:366)
        at java.base@21.0.8/java.lang.Object.wait(Object.java:339)
        at java.base@21.0.8/java.lang.ref.NativeReferenceQueue.await(NativeReferenceQueue.java:48)
        at java.base@21.0.8/java.lang.ref.ReferenceQueue.remove0(ReferenceQueue.java:158)
        at java.base@21.0.8/java.lang.ref.NativeReferenceQueue.remove(NativeReferenceQueue.java:89)
        at java.base@21.0.8/java.lang.ref.Finalizer$FinalizerThread.run(Finalizer.java:173)
"Timer for 'StorageContainerManager' metrics system" daemon prio=5 tid=120 timed_waiting
java.lang.Thread.State: TIMED_WAITING
        at java.base@21.0.8/java.lang.Object.wait0(Native Method)
        at java.base@21.0.8/java.lang.Object.wait(Object.java:366)
        at java.base@21.0.8/java.util.TimerThread.mainLoop(Timer.java:563)
        at java.base@21.0.8/java.util.TimerThread.run(Timer.java:516)
"Recon-FixedThreadPoolWithAffinityExecutor-7-0" daemon prio=5 tid=541 timed_waiting
java.lang.Thread.State: TIMED_WAITING
        at java.base@21.0.8/jdk.internal.misc.Unsafe.park(Native Method)
        at java.base@21.0.8/java.util.concurrent.locks.LockSupport.parkNanos(LockSupport.java:269)
        at java.base@21.0.8/java.util.concurrent.locks.AbstractQueuedSynchronizer$ConditionObject.awaitNanos(AbstractQueuedSynchronizer.java:1763)
        at java.base@21.0.8/java.util.concurrent.LinkedBlockingQueue.poll(LinkedBlockingQueue.java:460)
        at app//org.apache.hadoop.hdds.scm.server.ContainerReportQueue.poll(ContainerReportQueue.java:269)
        at app//org.apache.hadoop.hdds.scm.server.ContainerReportQueue.poll(ContainerReportQueue.java:42)
        at app//org.apache.hadoop.hdds.server.events.FixedThreadPoolWithAffinityExecutor$ContainerReportProcessTask.run(FixedThreadPoolWithAffinityExecutor.java:228)
        at java.base@21.0.8/java.util.concurrent.Executors$RunnableAdapter.call(Executors.java:572)
        at java.base@21.0.8/java.util.concurrent.FutureTask.run(FutureTask.java:317)
        at java.base@21.0.8/java.util.concurrent.ThreadPoolExecutor.runWorker(ThreadPoolExecutor.java:1144)
        at java.base@21.0.8/java.util.concurrent.ThreadPoolExecutor$Worker.run(ThreadPoolExecutor.java:642)
        at java.base@21.0.8/java.lang.Thread.runWith(Thread.java:1596)
        at java.base@21.0.8/java.lang.Thread.run(Thread.java:1583)
"42a5f925-1bc2-4f8a-8509-c5ae65e6fcde-DatanodeReportManager-2" daemon prio=5 tid=708 timed_waiting
java.lang.Thread.State: TIMED_WAITING
        at java.base@21.0.8/jdk.internal.misc.Unsafe.park(Native Method)
        at java.base@21.0.8/java.util.concurrent.locks.LockSupport.parkNanos(LockSupport.java:269)
        at java.base@21.0.8/java.util.concurrent.locks.AbstractQueuedSynchronizer$ConditionObject.awaitNanos(AbstractQueuedSynchronizer.java:1763)
        at java.base@21.0.8/java.util.concurrent.ScheduledThreadPoolExecutor$DelayedWorkQueue.take(ScheduledThreadPoolExecutor.java:1182)
        at java.base@21.0.8/java.util.concurrent.ScheduledThreadPoolExecutor$DelayedWorkQueue.take(ScheduledThreadPoolExecutor.java:899)
        at java.base@21.0.8/java.util.concurrent.ThreadPoolExecutor.getTask(ThreadPoolExecutor.java:1070)
        at java.base@21.0.8/java.util.concurrent.ThreadPoolExecutor.runWorker(ThreadPoolExecutor.java:1130)
        at java.base@21.0.8/java.util.concurrent.ThreadPoolExecutor$Worker.run(ThreadPoolExecutor.java:642)
        at java.base@21.0.8/java.lang.Thread.runWith(Thread.java:1596)
        at java.base@21.0.8/java.lang.Thread.run(Thread.java:1583)
"om1-DirectoryDeletingService#3" daemon prio=5 tid=1363 timed_waiting
java.lang.Thread.State: TIMED_WAITING
        at java.base@21.0.8/jdk.internal.misc.Unsafe.park(Native Method)
        at java.base@21.0.8/java.util.concurrent.locks.LockSupport.parkNanos(LockSupport.java:269)
        at java.base@21.0.8/java.util.concurrent.locks.AbstractQueuedSynchronizer$ConditionObject.awaitNanos(AbstractQueuedSynchronizer.java:1763)
        at java.base@21.0.8/java.util.concurrent.ScheduledThreadPoolExecutor$DelayedWorkQueue.take(ScheduledThreadPoolExecutor.java:1182)
        at java.base@21.0.8/java.util.concurrent.ScheduledThreadPoolExecutor$DelayedWorkQueue.take(ScheduledThreadPoolExecutor.java:899)
        at java.base@21.0.8/java.util.concurrent.ThreadPoolExecutor.getTask(ThreadPoolExecutor.java:1070)
        at java.base@21.0.8/java.util.concurrent.ThreadPoolExecutor.runWorker(ThreadPoolExecutor.java:1130)
        at java.base@21.0.8/java.util.concurrent.ThreadPoolExecutor$Worker.run(ThreadPoolExecutor.java:642)
        at java.base@21.0.8/java.lang.Thread.runWith(Thread.java:1596)
        at java.base@21.0.8/java.lang.Thread.run(Thread.java:1583)
"346684e1-b57f-4c29-9507-935dad45bd68-impl-thread1" daemon prio=5 tid=814 timed_waiting
java.lang.Thread.State: TIMED_WAITING
        at java.base@21.0.8/jdk.internal.misc.Unsafe.park(Native Method)
        at java.base@21.0.8/java.util.concurrent.locks.LockSupport.parkNanos(LockSupport.java:410)
        at java.base@21.0.8/java.util.concurrent.LinkedTransferQueue$DualNode.await(LinkedTransferQueue.java:452)
        at java.base@21.0.8/java.util.concurrent.SynchronousQueue$Transferer.xferLifo(SynchronousQueue.java:194)
        at java.base@21.0.8/java.util.concurrent.SynchronousQueue.xfer(SynchronousQueue.java:235)
        at java.base@21.0.8/java.util.concurrent.SynchronousQueue.poll(SynchronousQueue.java:338)
        at java.base@21.0.8/java.util.concurrent.ThreadPoolExecutor.getTask(ThreadPoolExecutor.java:1069)
        at java.base@21.0.8/java.util.concurrent.ThreadPoolExecutor.runWorker(ThreadPoolExecutor.java:1130)
        at java.base@21.0.8/java.util.concurrent.ThreadPoolExecutor$Worker.run(ThreadPoolExecutor.java:642)
        at java.base@21.0.8/java.lang.Thread.runWith(Thread.java:1596)
        at java.base@21.0.8/java.lang.Thread.run(Thread.java:1583)
"IPC Client (1164532897) connection to 0.0.0.0/0.0.0.0:15002 from runner" daemon prio=5 tid=1242 timed_waiting
java.lang.Thread.State: TIMED_WAITING
        at java.base@21.0.8/java.lang.Object.wait0(Native Method)
        at java.base@21.0.8/java.lang.Object.wait(Object.java:366)
        at app//org.apache.hadoop.ipc.Client$Connection.waitForWork(Client.java:1042)
        at app//org.apache.hadoop.ipc.Client$Connection.run(Client.java:1093)
"IPC Server handler 18 on default port 15004" daemon prio=5 tid=357 timed_waiting
java.lang.Thread.State: TIMED_WAITING
        at java.base@21.0.8/jdk.internal.misc.Unsafe.park(Native Method)
        at java.base@21.0.8/java.util.concurrent.locks.LockSupport.parkNanos(LockSupport.java:269)
        at java.base@21.0.8/java.util.concurrent.locks.AbstractQueuedSynchronizer$ConditionObject.awaitNanos(AbstractQueuedSynchronizer.java:1763)
        at java.base@21.0.8/java.util.concurrent.LinkedBlockingQueue.poll(LinkedBlockingQueue.java:460)
        at app//org.apache.hadoop.ipc.CallQueueManager.take(CallQueueManager.java:370)
        at app//org.apache.hadoop.ipc.Server$Handler.run(Server.java:3165)
"IPC Server handler 49 on default port 15001" daemon prio=5 tid=607 timed_waiting
java.lang.Thread.State: TIMED_WAITING
        at java.base@21.0.8/jdk.internal.misc.Unsafe.park(Native Method)
        at java.base@21.0.8/java.util.concurrent.locks.LockSupport.parkNanos(LockSupport.java:269)
        at java.base@21.0.8/java.util.concurrent.locks.AbstractQueuedSynchronizer$ConditionObject.awaitNanos(AbstractQueuedSynchronizer.java:1763)
        at java.base@21.0.8/java.util.concurrent.LinkedBlockingQueue.poll(LinkedBlockingQueue.java:460)
        at app//org.apache.hadoop.ipc.CallQueueManager.take(CallQueueManager.java:370)
        at app//org.apache.hadoop.ipc.Server$Handler.run(Server.java:3165)
"Socket Reader #4 for port 15045" daemon prio=5 tid=952 runnable
java.lang.Thread.State: RUNNABLE
        at java.base@21.0.8/sun.nio.ch.EPoll.wait(Native Method)
        at java.base@21.0.8/sun.nio.ch.EPollSelectorImpl.doSelect(EPollSelectorImpl.java:121)
        at java.base@21.0.8/sun.nio.ch.SelectorImpl.lockAndDoSelect(SelectorImpl.java:130)
        at java.base@21.0.8/sun.nio.ch.SelectorImpl.select(SelectorImpl.java:147)
        at app//org.apache.hadoop.ipc.Server$Listener$Reader.doRunLoop(Server.java:1497)
        at app//org.apache.hadoop.ipc.Server$Listener$Reader.run(Server.java:1476)
"IPC Server handler 7 on default port 15001" daemon prio=5 tid=565 timed_waiting
java.lang.Thread.State: TIMED_WAITING
        at java.base@21.0.8/jdk.internal.misc.Unsafe.park(Native Method)
        at java.base@21.0.8/java.util.concurrent.locks.LockSupport.parkNanos(LockSupport.java:269)
        at java.base@21.0.8/java.util.concurrent.locks.AbstractQueuedSynchronizer$ConditionObject.awaitNanos(AbstractQueuedSynchronizer.java:1763)
        at java.base@21.0.8/java.util.concurrent.LinkedBlockingQueue.poll(LinkedBlockingQueue.java:460)
        at app//org.apache.hadoop.ipc.CallQueueManager.take(CallQueueManager.java:370)
        at app//org.apache.hadoop.ipc.Server$Handler.run(Server.java:3165)
"Socket Reader #1 for port 15013" daemon prio=5 tid=682 runnable
java.lang.Thread.State: RUNNABLE
        at java.base@21.0.8/sun.nio.ch.EPoll.wait(Native Method)
        at java.base@21.0.8/sun.nio.ch.EPollSelectorImpl.doSelect(EPollSelectorImpl.java:121)
        at java.base@21.0.8/sun.nio.ch.SelectorImpl.lockAndDoSelect(SelectorImpl.java:130)
        at java.base@21.0.8/sun.nio.ch.SelectorImpl.select(SelectorImpl.java:147)
        at app//org.apache.hadoop.ipc.Server$Listener$Reader.doRunLoop(Server.java:1497)
        at app//org.apache.hadoop.ipc.Server$Listener$Reader.run(Server.java:1476)
"IPC Server handler 5 on default port 15045" daemon prio=5 tid=967 timed_waiting
java.lang.Thread.State: TIMED_WAITING
        at java.base@21.0.8/jdk.internal.misc.Unsafe.park(Native Method)
        at java.base@21.0.8/java.util.concurrent.locks.LockSupport.parkNanos(LockSupport.java:269)
        at java.base@21.0.8/java.util.concurrent.locks.AbstractQueuedSynchronizer$ConditionObject.awaitNanos(AbstractQueuedSynchronizer.java:1763)
        at java.base@21.0.8/java.util.concurrent.LinkedBlockingQueue.poll(LinkedBlockingQueue.java:460)
        at app//org.apache.hadoop.ipc.CallQueueManager.take(CallQueueManager.java:370)
        at app//org.apache.hadoop.ipc.Server$Handler.run(Server.java:3165)
"IPC Server handler 19 on default port 15003" daemon prio=5 tid=240 timed_waiting
java.lang.Thread.State: TIMED_WAITING
        at java.base@21.0.8/jdk.internal.misc.Unsafe.park(Native Method)
        at java.base@21.0.8/java.util.concurrent.locks.LockSupport.parkNanos(LockSupport.java:269)
        at java.base@21.0.8/java.util.concurrent.locks.AbstractQueuedSynchronizer$ConditionObject.awaitNanos(AbstractQueuedSynchronizer.java:1763)
        at java.base@21.0.8/java.util.concurrent.LinkedBlockingQueue.poll(LinkedBlockingQueue.java:460)
        at app//org.apache.hadoop.ipc.CallQueueManager.take(CallQueueManager.java:370)
        at app//org.apache.hadoop.ipc.Server$Handler.run(Server.java:3165)
"IPC Server handler 69 on default port 15001" daemon prio=5 tid=627 timed_waiting
java.lang.Thread.State: TIMED_WAITING
        at java.base@21.0.8/jdk.internal.misc.Unsafe.park(Native Method)
        at java.base@21.0.8/java.util.concurrent.locks.LockSupport.parkNanos(LockSupport.java:269)
        at java.base@21.0.8/java.util.concurrent.locks.AbstractQueuedSynchronizer$ConditionObject.awaitNanos(AbstractQueuedSynchronizer.java:1763)
        at java.base@21.0.8/java.util.concurrent.LinkedBlockingQueue.poll(LinkedBlockingQueue.java:460)
        at app//org.apache.hadoop.ipc.CallQueueManager.take(CallQueueManager.java:370)
        at app//org.apache.hadoop.ipc.Server$Handler.run(Server.java:3165)
"IPC Server handler 73 on default port 15003" daemon prio=5 tid=294 timed_waiting
java.lang.Thread.State: TIMED_WAITING
        at java.base@21.0.8/jdk.internal.misc.Unsafe.park(Native Method)
        at java.base@21.0.8/java.util.concurrent.locks.LockSupport.parkNanos(LockSupport.java:269)
        at java.base@21.0.8/java.util.concurrent.locks.AbstractQueuedSynchronizer$ConditionObject.awaitNanos(AbstractQueuedSynchronizer.java:1763)
        at java.base@21.0.8/java.util.concurrent.LinkedBlockingQueue.poll(LinkedBlockingQueue.java:460)
        at app//org.apache.hadoop.ipc.CallQueueManager.take(CallQueueManager.java:370)
        at app//org.apache.hadoop.ipc.Server$Handler.run(Server.java:3165)
"42a5f925-1bc2-4f8a-8509-c5ae65e6fcde@group-EC04683B356A-cacheEviction-AwaitToRun" daemon prio=5 tid=1033 in Object.wait()
java.lang.Thread.State: WAITING (on object monitor)
        at java.base@21.0.8/jdk.internal.misc.Unsafe.park(Native Method)
        at java.base@21.0.8/java.util.concurrent.locks.LockSupport.park(LockSupport.java:371)
        at java.base@21.0.8/java.util.concurrent.locks.AbstractQueuedSynchronizer$ConditionNode.block(AbstractQueuedSynchronizer.java:519)
        at java.base@21.0.8/java.util.concurrent.ForkJoinPool.unmanagedBlock(ForkJoinPool.java:3780)
        at java.base@21.0.8/java.util.concurrent.ForkJoinPool.managedBlock(ForkJoinPool.java:3725)
        at java.base@21.0.8/java.util.concurrent.locks.AbstractQueuedSynchronizer$ConditionObject.await(AbstractQueuedSynchronizer.java:1712)
        at app//org.apache.ratis.util.AwaitForSignal.await(AwaitForSignal.java:48)
        at app//org.apache.ratis.util.AwaitToRun$RunnableImpl.run(AwaitToRun.java:47)
        at java.base@21.0.8/java.lang.Thread.runWith(Thread.java:1596)
        at java.base@21.0.8/java.lang.Thread.run(Thread.java:1583)
"SSL Certificates Store Monitor" daemon prio=5 tid=1359 in Object.wait()
java.lang.Thread.State: WAITING (on object monitor)
        at java.base@21.0.8/java.lang.Object.wait0(Native Method)
        at java.base@21.0.8/java.lang.Object.wait(Object.java:366)
        at java.base@21.0.8/java.lang.Object.wait(Object.java:339)
        at java.base@21.0.8/java.util.TimerThread.mainLoop(Timer.java:537)
        at java.base@21.0.8/java.util.TimerThread.run(Timer.java:516)
"IPC Server handler 11 on default port 15003" daemon prio=5 tid=232 timed_waiting
java.lang.Thread.State: TIMED_WAITING
        at java.base@21.0.8/jdk.internal.misc.Unsafe.park(Native Method)
        at java.base@21.0.8/java.util.concurrent.locks.LockSupport.parkNanos(LockSupport.java:269)
        at java.base@21.0.8/java.util.concurrent.locks.AbstractQueuedSynchronizer$ConditionObject.awaitNanos(AbstractQueuedSynchronizer.java:1763)
        at java.base@21.0.8/java.util.concurrent.LinkedBlockingQueue.poll(LinkedBlockingQueue.java:460)
        at app//org.apache.hadoop.ipc.CallQueueManager.take(CallQueueManager.java:370)
        at app//org.apache.hadoop.ipc.Server$Handler.run(Server.java:3165)
"JvmPauseMonitor8" daemon prio=5 tid=1023 timed_waiting
java.lang.Thread.State: TIMED_WAITING
        at java.base@21.0.8/java.lang.Thread.sleep0(Native Method)
        at java.base@21.0.8/java.lang.Thread.sleep(Thread.java:558)
        at java.base@21.0.8/java.util.concurrent.TimeUnit.sleep(TimeUnit.java:446)
        at app//org.apache.ratis.util.TimeDuration.sleep(TimeDuration.java:353)
        at app//org.apache.ratis.util.TimeDuration.sleep(TimeDuration.java:338)
        at app//org.apache.ratis.util.JvmPauseMonitor.detectPause(JvmPauseMonitor.java:160)
        at app//org.apache.ratis.util.JvmPauseMonitor.run(JvmPauseMonitor.java:149)
        at app//org.apache.ratis.util.JvmPauseMonitor$$Lambda/0x00007f18e83aead8.run(Unknown Source)
        at java.base@21.0.8/java.lang.Thread.runWith(Thread.java:1596)
        at java.base@21.0.8/java.lang.Thread.run(Thread.java:1583)
"EventQueue-ContainerRegistrationReportForECContainerSafeModeRule" daemon prio=5 tid=925 in Object.wait()
java.lang.Thread.State: WAITING (on object monitor)
        at java.base@21.0.8/jdk.internal.misc.Unsafe.park(Native Method)
        at java.base@21.0.8/java.util.concurrent.locks.LockSupport.park(LockSupport.java:371)
        at java.base@21.0.8/java.util.concurrent.locks.AbstractQueuedSynchronizer$ConditionNode.block(AbstractQueuedSynchronizer.java:519)
        at java.base@21.0.8/java.util.concurrent.ForkJoinPool.unmanagedBlock(ForkJoinPool.java:3780)
        at java.base@21.0.8/java.util.concurrent.ForkJoinPool.managedBlock(ForkJoinPool.java:3725)
        at java.base@21.0.8/java.util.concurrent.locks.AbstractQueuedSynchronizer$ConditionObject.await(AbstractQueuedSynchronizer.java:1712)
        at java.base@21.0.8/java.util.concurrent.LinkedBlockingQueue.take(LinkedBlockingQueue.java:435)
        at java.base@21.0.8/java.util.concurrent.ThreadPoolExecutor.getTask(ThreadPoolExecutor.java:1070)
        at java.base@21.0.8/java.util.concurrent.ThreadPoolExecutor.runWorker(ThreadPoolExecutor.java:1130)
        at java.base@21.0.8/java.util.concurrent.ThreadPoolExecutor$Worker.run(ThreadPoolExecutor.java:642)
        at java.base@21.0.8/java.lang.Thread.runWith(Thread.java:1596)
        at java.base@21.0.8/java.lang.Thread.run(Thread.java:1583)
"IPC Server handler 1 on default port 15002" daemon prio=5 tid=122 timed_waiting
java.lang.Thread.State: TIMED_WAITING
        at java.base@21.0.8/jdk.internal.misc.Unsafe.park(Native Method)
        at java.base@21.0.8/java.util.concurrent.locks.LockSupport.parkNanos(LockSupport.java:269)
        at java.base@21.0.8/java.util.concurrent.locks.AbstractQueuedSynchronizer$ConditionObject.awaitNanos(AbstractQueuedSynchronizer.java:1763)
        at java.base@21.0.8/java.util.concurrent.LinkedBlockingQueue.poll(LinkedBlockingQueue.java:460)
        at app//org.apache.hadoop.ipc.CallQueueManager.take(CallQueueManager.java:370)
        at app//org.apache.hadoop.ipc.Server$Handler.run(Server.java:3165)
"346684e1-b57f-4c29-9507-935dad45bd68-RocksDBCompactionThread-0"  prio=5 tid=812 timed_waiting
java.lang.Thread.State: TIMED_WAITING
        at java.base@21.0.8/jdk.internal.misc.Unsafe.park(Native Method)
        at java.base@21.0.8/java.util.concurrent.locks.LockSupport.parkNanos(LockSupport.java:269)
        at java.base@21.0.8/java.util.concurrent.locks.AbstractQueuedSynchronizer$ConditionObject.awaitNanos(AbstractQueuedSynchronizer.java:1763)
        at java.base@21.0.8/java.util.concurrent.ScheduledThreadPoolExecutor$DelayedWorkQueue.take(ScheduledThreadPoolExecutor.java:1182)
        at java.base@21.0.8/java.util.concurrent.ScheduledThreadPoolExecutor$DelayedWorkQueue.take(ScheduledThreadPoolExecutor.java:899)
        at java.base@21.0.8/java.util.concurrent.ThreadPoolExecutor.getTask(ThreadPoolExecutor.java:1070)
        at java.base@21.0.8/java.util.concurrent.ThreadPoolExecutor.runWorker(ThreadPoolExecutor.java:1130)
        at java.base@21.0.8/java.util.concurrent.ThreadPoolExecutor$Worker.run(ThreadPoolExecutor.java:642)
        at java.base@21.0.8/java.lang.Thread.runWith(Thread.java:1596)
        at java.base@21.0.8/java.lang.Thread.run(Thread.java:1583)
"IPC Server handler 72 on default port 15004" daemon prio=5 tid=411 timed_waiting
java.lang.Thread.State: TIMED_WAITING
        at java.base@21.0.8/jdk.internal.misc.Unsafe.park(Native Method)
        at java.base@21.0.8/java.util.concurrent.locks.LockSupport.parkNanos(LockSupport.java:269)
        at java.base@21.0.8/java.util.concurrent.locks.AbstractQueuedSynchronizer$ConditionObject.awaitNanos(AbstractQueuedSynchronizer.java:1763)
        at java.base@21.0.8/java.util.concurrent.LinkedBlockingQueue.poll(LinkedBlockingQueue.java:460)
        at app//org.apache.hadoop.ipc.CallQueueManager.take(CallQueueManager.java:370)
        at app//org.apache.hadoop.ipc.Server$Handler.run(Server.java:3165)
"IPC Server handler 53 on default port 15004" daemon prio=5 tid=392 timed_waiting
java.lang.Thread.State: TIMED_WAITING
        at java.base@21.0.8/jdk.internal.misc.Unsafe.park(Native Method)
        at java.base@21.0.8/java.util.concurrent.locks.LockSupport.parkNanos(LockSupport.java:269)
        at java.base@21.0.8/java.util.concurrent.locks.AbstractQueuedSynchronizer$ConditionObject.awaitNanos(AbstractQueuedSynchronizer.java:1763)
        at java.base@21.0.8/java.util.concurrent.LinkedBlockingQueue.poll(LinkedBlockingQueue.java:460)
        at app//org.apache.hadoop.ipc.CallQueueManager.take(CallQueueManager.java:370)
        at app//org.apache.hadoop.ipc.Server$Handler.run(Server.java:3165)
"IPC Server handler 24 on default port 15001" daemon prio=5 tid=582 timed_waiting
java.lang.Thread.State: TIMED_WAITING
        at java.base@21.0.8/jdk.internal.misc.Unsafe.park(Native Method)
        at java.base@21.0.8/java.util.concurrent.locks.LockSupport.parkNanos(LockSupport.java:269)
        at java.base@21.0.8/java.util.concurrent.locks.AbstractQueuedSynchronizer$ConditionObject.awaitNanos(AbstractQueuedSynchronizer.java:1763)
        at java.base@21.0.8/java.util.concurrent.LinkedBlockingQueue.poll(LinkedBlockingQueue.java:460)
        at app//org.apache.hadoop.ipc.CallQueueManager.take(CallQueueManager.java:370)
        at app//org.apache.hadoop.ipc.Server$Handler.run(Server.java:3165)
"IPC Parameter Sending Thread for localhost/127.0.0.1:15001" daemon prio=5 tid=808 timed_waiting
java.lang.Thread.State: TIMED_WAITING
        at java.base@21.0.8/jdk.internal.misc.Unsafe.park(Native Method)
        at java.base@21.0.8/java.util.concurrent.locks.LockSupport.parkNanos(LockSupport.java:410)
        at java.base@21.0.8/java.util.concurrent.LinkedTransferQueue$DualNode.await(LinkedTransferQueue.java:452)
        at java.base@21.0.8/java.util.concurrent.LinkedTransferQueue.xfer(LinkedTransferQueue.java:613)
        at java.base@21.0.8/java.util.concurrent.SynchronousQueue.xfer(SynchronousQueue.java:235)
        at java.base@21.0.8/java.util.concurrent.SynchronousQueue.poll(SynchronousQueue.java:338)
        at app//org.apache.hadoop.ipc.Client$Connection$RpcRequestSender.run(Client.java:1121)
        at java.base@21.0.8/java.lang.Thread.runWith(Thread.java:1596)
        at java.base@21.0.8/java.lang.Thread.run(Thread.java:1583)
"IPC Server handler 12 on default port 15001" daemon prio=5 tid=570 timed_waiting
java.lang.Thread.State: TIMED_WAITING
        at java.base@21.0.8/jdk.internal.misc.Unsafe.park(Native Method)
        at java.base@21.0.8/java.util.concurrent.locks.LockSupport.parkNanos(LockSupport.java:269)
        at java.base@21.0.8/java.util.concurrent.locks.AbstractQueuedSynchronizer$ConditionObject.awaitNanos(AbstractQueuedSynchronizer.java:1763)
        at java.base@21.0.8/java.util.concurrent.LinkedBlockingQueue.poll(LinkedBlockingQueue.java:460)
        at app//org.apache.hadoop.ipc.CallQueueManager.take(CallQueueManager.java:370)
        at app//org.apache.hadoop.ipc.Server$Handler.run(Server.java:3165)
"IPC Server Responder" daemon prio=5 tid=693 runnable
java.lang.Thread.State: RUNNABLE
        at java.base@21.0.8/sun.nio.ch.EPoll.wait(Native Method)
        at java.base@21.0.8/sun.nio.ch.EPollSelectorImpl.doSelect(EPollSelectorImpl.java:121)
        at java.base@21.0.8/sun.nio.ch.SelectorImpl.lockAndDoSelect(SelectorImpl.java:130)
        at java.base@21.0.8/sun.nio.ch.SelectorImpl.select(SelectorImpl.java:142)
        at app//org.apache.hadoop.ipc.Server$Responder.doRunLoop(Server.java:1733)
        at app//org.apache.hadoop.ipc.Server$Responder.run(Server.java:1716)
"d5ad88c2-6e7a-4660-bab6-a4e8807a575e-CommandProcessorThread" daemon prio=5 tid=756 timed_waiting
java.lang.Thread.State: TIMED_WAITING
        at java.base@21.0.8/java.lang.Thread.sleep0(Native Method)
        at java.base@21.0.8/java.lang.Thread.sleep(Thread.java:509)
        at app//org.apache.hadoop.ozone.container.common.statemachine.DatanodeStateMachine.lambda$initCommandHandlerThread$4(DatanodeStateMachine.java:681)
        at app//org.apache.hadoop.ozone.container.common.statemachine.DatanodeStateMachine$$Lambda/0x00007f18e8c9c828.run(Unknown Source)
        at java.base@21.0.8/java.lang.Thread.runWith(Thread.java:1596)
        at java.base@21.0.8/java.lang.Thread.run(Thread.java:1583)
"IPC Server handler 94 on default port 15004" daemon prio=5 tid=433 timed_waiting
java.lang.Thread.State: TIMED_WAITING
        at java.base@21.0.8/jdk.internal.misc.Unsafe.park(Native Method)
        at java.base@21.0.8/java.util.concurrent.locks.LockSupport.parkNanos(LockSupport.java:269)
        at java.base@21.0.8/java.util.concurrent.locks.AbstractQueuedSynchronizer$ConditionObject.awaitNanos(AbstractQueuedSynchronizer.java:1763)
        at java.base@21.0.8/java.util.concurrent.LinkedBlockingQueue.poll(LinkedBlockingQueue.java:460)
        at app//org.apache.hadoop.ipc.CallQueueManager.take(CallQueueManager.java:370)
        at app//org.apache.hadoop.ipc.Server$Handler.run(Server.java:3165)
"IPC Server handler 98 on default port 15004" daemon prio=5 tid=437 timed_waiting
java.lang.Thread.State: TIMED_WAITING
        at java.base@21.0.8/jdk.internal.misc.Unsafe.park(Native Method)
        at java.base@21.0.8/java.util.concurrent.locks.LockSupport.parkNanos(LockSupport.java:269)
        at java.base@21.0.8/java.util.concurrent.locks.AbstractQueuedSynchronizer$ConditionObject.awaitNanos(AbstractQueuedSynchronizer.java:1763)
        at java.base@21.0.8/java.util.concurrent.LinkedBlockingQueue.poll(LinkedBlockingQueue.java:460)
        at app//org.apache.hadoop.ipc.CallQueueManager.take(CallQueueManager.java:370)
        at app//org.apache.hadoop.ipc.Server$Handler.run(Server.java:3165)
"IPC Server handler 7 on default port 15037" daemon prio=5 tid=890 timed_waiting
java.lang.Thread.State: TIMED_WAITING
        at java.base@21.0.8/jdk.internal.misc.Unsafe.park(Native Method)
        at java.base@21.0.8/java.util.concurrent.locks.LockSupport.parkNanos(LockSupport.java:269)
        at java.base@21.0.8/java.util.concurrent.locks.AbstractQueuedSynchronizer$ConditionObject.awaitNanos(AbstractQueuedSynchronizer.java:1763)
        at java.base@21.0.8/java.util.concurrent.LinkedBlockingQueue.poll(LinkedBlockingQueue.java:460)
        at app//org.apache.hadoop.ipc.CallQueueManager.take(CallQueueManager.java:370)
        at app//org.apache.hadoop.ipc.Server$Handler.run(Server.java:3165)
"IPC Parameter Sending Thread for 0.0.0.0/0.0.0.0:15004" daemon prio=5 tid=810 timed_waiting
java.lang.Thread.State: TIMED_WAITING
        at java.base@21.0.8/jdk.internal.misc.Unsafe.park(Native Method)
        at java.base@21.0.8/java.util.concurrent.locks.LockSupport.parkNanos(LockSupport.java:410)
        at java.base@21.0.8/java.util.concurrent.LinkedTransferQueue$DualNode.await(LinkedTransferQueue.java:452)
        at java.base@21.0.8/java.util.concurrent.LinkedTransferQueue.xfer(LinkedTransferQueue.java:613)
        at java.base@21.0.8/java.util.concurrent.SynchronousQueue.xfer(SynchronousQueue.java:235)
        at java.base@21.0.8/java.util.concurrent.SynchronousQueue.poll(SynchronousQueue.java:338)
        at app//org.apache.hadoop.ipc.Client$Connection$RpcRequestSender.run(Client.java:1121)
        at java.base@21.0.8/java.lang.Thread.runWith(Thread.java:1596)
        at java.base@21.0.8/java.lang.Thread.run(Thread.java:1583)
"IPC Server handler 41 on default port 15002" daemon prio=5 tid=162 timed_waiting
java.lang.Thread.State: TIMED_WAITING
        at java.base@21.0.8/jdk.internal.misc.Unsafe.park(Native Method)
        at java.base@21.0.8/java.util.concurrent.locks.LockSupport.parkNanos(LockSupport.java:269)
        at java.base@21.0.8/java.util.concurrent.locks.AbstractQueuedSynchronizer$ConditionObject.awaitNanos(AbstractQueuedSynchronizer.java:1763)
        at java.base@21.0.8/java.util.concurrent.LinkedBlockingQueue.poll(LinkedBlockingQueue.java:460)
        at app//org.apache.hadoop.ipc.CallQueueManager.take(CallQueueManager.java:370)
        at app//org.apache.hadoop.ipc.Server$Handler.run(Server.java:3165)
"346684e1-b57f-4c29-9507-935dad45bd68@group-06B9DB8EB07D-StateMachineUpdater" daemon prio=5 tid=1085 timed_waiting
java.lang.Thread.State: TIMED_WAITING
        at java.base@21.0.8/jdk.internal.misc.Unsafe.park(Native Method)
        at java.base@21.0.8/java.util.concurrent.locks.LockSupport.parkNanos(LockSupport.java:269)
        at java.base@21.0.8/java.util.concurrent.locks.AbstractQueuedSynchronizer$ConditionObject.await(AbstractQueuedSynchronizer.java:1852)
        at app//org.apache.ratis.util.AwaitForSignal.await(AwaitForSignal.java:65)
        at app//org.apache.ratis.server.impl.StateMachineUpdater.waitForCommit(StateMachineUpdater.java:222)
        at app//org.apache.ratis.server.impl.StateMachineUpdater.run(StateMachineUpdater.java:187)
        at java.base@21.0.8/java.lang.Thread.runWith(Thread.java:1596)
        at java.base@21.0.8/java.lang.Thread.run(Thread.java:1583)
"IPC Server handler 63 on default port 15003" daemon prio=5 tid=284 timed_waiting
java.lang.Thread.State: TIMED_WAITING
        at java.base@21.0.8/jdk.internal.misc.Unsafe.park(Native Method)
        at java.base@21.0.8/java.util.concurrent.locks.LockSupport.parkNanos(LockSupport.java:269)
        at java.base@21.0.8/java.util.concurrent.locks.AbstractQueuedSynchronizer$ConditionObject.awaitNanos(AbstractQueuedSynchronizer.java:1763)
        at java.base@21.0.8/java.util.concurrent.LinkedBlockingQueue.poll(LinkedBlockingQueue.java:460)
        at app//org.apache.hadoop.ipc.CallQueueManager.take(CallQueueManager.java:370)
        at app//org.apache.hadoop.ipc.Server$Handler.run(Server.java:3165)
"FixedThreadPoolWithAffinityExecutor-3-0" daemon prio=5 tid=107 timed_waiting
java.lang.Thread.State: TIMED_WAITING
        at java.base@21.0.8/jdk.internal.misc.Unsafe.park(Native Method)
        at java.base@21.0.8/java.util.concurrent.locks.LockSupport.parkNanos(LockSupport.java:269)
        at java.base@21.0.8/java.util.concurrent.locks.AbstractQueuedSynchronizer$ConditionObject.awaitNanos(AbstractQueuedSynchronizer.java:1763)
        at java.base@21.0.8/java.util.concurrent.LinkedBlockingQueue.poll(LinkedBlockingQueue.java:460)
        at app//org.apache.hadoop.hdds.scm.server.ContainerReportQueue.poll(ContainerReportQueue.java:269)
        at app//org.apache.hadoop.hdds.scm.server.ContainerReportQueue.poll(ContainerReportQueue.java:42)
        at app//org.apache.hadoop.hdds.server.events.FixedThreadPoolWithAffinityExecutor$ContainerReportProcessTask.run(FixedThreadPoolWithAffinityExecutor.java:228)
        at java.base@21.0.8/java.util.concurrent.Executors$RunnableAdapter.call(Executors.java:572)
        at java.base@21.0.8/java.util.concurrent.FutureTask.run(FutureTask.java:317)
        at java.base@21.0.8/java.util.concurrent.ThreadPoolExecutor.runWorker(ThreadPoolExecutor.java:1144)
        at java.base@21.0.8/java.util.concurrent.ThreadPoolExecutor$Worker.run(ThreadPoolExecutor.java:642)
        at java.base@21.0.8/java.lang.Thread.runWith(Thread.java:1596)
        at java.base@21.0.8/java.lang.Thread.run(Thread.java:1583)
"IPC Server handler 66 on default port 15003" daemon prio=5 tid=287 timed_waiting
java.lang.Thread.State: TIMED_WAITING
        at java.base@21.0.8/jdk.internal.misc.Unsafe.park(Native Method)
        at java.base@21.0.8/java.util.concurrent.locks.LockSupport.parkNanos(LockSupport.java:269)
        at java.base@21.0.8/java.util.concurrent.locks.AbstractQueuedSynchronizer$ConditionObject.awaitNanos(AbstractQueuedSynchronizer.java:1763)
        at java.base@21.0.8/java.util.concurrent.LinkedBlockingQueue.poll(LinkedBlockingQueue.java:460)
        at app//org.apache.hadoop.ipc.CallQueueManager.take(CallQueueManager.java:370)
        at app//org.apache.hadoop.ipc.Server$Handler.run(Server.java:3165)
"EventQueue-PipelineReportForPipelineReportHandler" daemon prio=5 tid=924 in Object.wait()
java.lang.Thread.State: WAITING (on object monitor)
        at java.base@21.0.8/jdk.internal.misc.Unsafe.park(Native Method)
        at java.base@21.0.8/java.util.concurrent.locks.LockSupport.park(LockSupport.java:371)
        at java.base@21.0.8/java.util.concurrent.locks.AbstractQueuedSynchronizer$ConditionNode.block(AbstractQueuedSynchronizer.java:519)
        at java.base@21.0.8/java.util.concurrent.ForkJoinPool.unmanagedBlock(ForkJoinPool.java:3780)
        at java.base@21.0.8/java.util.concurrent.ForkJoinPool.managedBlock(ForkJoinPool.java:3725)
        at java.base@21.0.8/java.util.concurrent.locks.AbstractQueuedSynchronizer$ConditionObject.await(AbstractQueuedSynchronizer.java:1712)
        at java.base@21.0.8/java.util.concurrent.LinkedBlockingQueue.take(LinkedBlockingQueue.java:435)
        at java.base@21.0.8/java.util.concurrent.ThreadPoolExecutor.getTask(ThreadPoolExecutor.java:1070)
        at java.base@21.0.8/java.util.concurrent.ThreadPoolExecutor.runWorker(ThreadPoolExecutor.java:1130)
        at java.base@21.0.8/java.util.concurrent.ThreadPoolExecutor$Worker.run(ThreadPoolExecutor.java:642)
        at java.base@21.0.8/java.lang.Thread.runWith(Thread.java:1596)
        at java.base@21.0.8/java.lang.Thread.run(Thread.java:1583)
"IPC Server handler 2 on default port 15045" daemon prio=5 tid=964 timed_waiting
java.lang.Thread.State: TIMED_WAITING
        at java.base@21.0.8/jdk.internal.misc.Unsafe.park(Native Method)
        at java.base@21.0.8/java.util.concurrent.locks.LockSupport.parkNanos(LockSupport.java:269)
        at java.base@21.0.8/java.util.concurrent.locks.AbstractQueuedSynchronizer$ConditionObject.awaitNanos(AbstractQueuedSynchronizer.java:1763)
        at java.base@21.0.8/java.util.concurrent.LinkedBlockingQueue.poll(LinkedBlockingQueue.java:460)
        at app//org.apache.hadoop.ipc.CallQueueManager.take(CallQueueManager.java:370)
        at app//org.apache.hadoop.ipc.Server$Handler.run(Server.java:3165)
"0ed0910f-4ac9-4f62-be34-d90c51a3e6c9-DatanodeStateMachineDaemonThread" daemon prio=10 tid=972 timed_waiting
java.lang.Thread.State: TIMED_WAITING
        at java.base@21.0.8/java.lang.Thread.sleep0(Native Method)
        at java.base@21.0.8/java.lang.Thread.sleep(Thread.java:509)
        at app//org.apache.hadoop.ozone.container.common.statemachine.DatanodeStateMachine.startStateMachineThread(DatanodeStateMachine.java:368)
        at app//org.apache.hadoop.ozone.container.common.statemachine.DatanodeStateMachine.lambda$startDaemon$1(DatanodeStateMachine.java:554)
        at app//org.apache.hadoop.ozone.container.common.statemachine.DatanodeStateMachine$$Lambda/0x00007f18e8c9b698.run(Unknown Source)
        at java.base@21.0.8/java.lang.Thread.runWith(Thread.java:1596)
        at java.base@21.0.8/java.lang.Thread.run(Thread.java:1583)
"0ed0910f-4ac9-4f62-be34-d90c51a3e6c9-DataNodeDiskCheckerThread-0" daemon prio=5 tid=1011 timed_waiting
java.lang.Thread.State: TIMED_WAITING
        at java.base@21.0.8/jdk.internal.misc.Unsafe.park(Native Method)
        at java.base@21.0.8/java.util.concurrent.locks.LockSupport.parkNanos(LockSupport.java:410)
        at java.base@21.0.8/java.util.concurrent.LinkedTransferQueue$DualNode.await(LinkedTransferQueue.java:452)
        at java.base@21.0.8/java.util.concurrent.SynchronousQueue$Transferer.xferLifo(SynchronousQueue.java:194)
        at java.base@21.0.8/java.util.concurrent.SynchronousQueue.xfer(SynchronousQueue.java:235)
        at java.base@21.0.8/java.util.concurrent.SynchronousQueue.poll(SynchronousQueue.java:338)
        at java.base@21.0.8/java.util.concurrent.ThreadPoolExecutor.getTask(ThreadPoolExecutor.java:1069)
        at java.base@21.0.8/java.util.concurrent.ThreadPoolExecutor.runWorker(ThreadPoolExecutor.java:1130)
        at java.base@21.0.8/java.util.concurrent.ThreadPoolExecutor$Worker.run(ThreadPoolExecutor.java:642)
        at java.base@21.0.8/java.lang.Thread.runWith(Thread.java:1596)
        at java.base@21.0.8/java.lang.Thread.run(Thread.java:1583)
"IPC Server handler 92 on default port 15003" daemon prio=5 tid=313 timed_waiting
java.lang.Thread.State: TIMED_WAITING
        at java.base@21.0.8/jdk.internal.misc.Unsafe.park(Native Method)
        at java.base@21.0.8/java.util.concurrent.locks.LockSupport.parkNanos(LockSupport.java:269)
        at java.base@21.0.8/java.util.concurrent.locks.AbstractQueuedSynchronizer$ConditionObject.awaitNanos(AbstractQueuedSynchronizer.java:1763)
        at java.base@21.0.8/java.util.concurrent.LinkedBlockingQueue.poll(LinkedBlockingQueue.java:460)
        at app//org.apache.hadoop.ipc.CallQueueManager.take(CallQueueManager.java:370)
        at app//org.apache.hadoop.ipc.Server$Handler.run(Server.java:3165)
"DiskUsage-/home/runner/work/ozone/ozone/hadoop-ozone/integration-test-recon/target/test-dir/MiniOzoneClusterImpl-e405f726-f354-48a5-b90a-334fe627f997/ozone-metadata/datanode-2/data-0-
" daemon prio=5 tid=853 timed_waiting
java.lang.Thread.State: TIMED_WAITING
        at java.base@21.0.8/jdk.internal.misc.Unsafe.park(Native Method)
        at java.base@21.0.8/java.util.concurrent.locks.LockSupport.parkNanos(LockSupport.java:269)
        at java.base@21.0.8/java.util.concurrent.locks.AbstractQueuedSynchronizer$ConditionObject.awaitNanos(AbstractQueuedSynchronizer.java:1763)
        at java.base@21.0.8/java.util.concurrent.ScheduledThreadPoolExecutor$DelayedWorkQueue.take(ScheduledThreadPoolExecutor.java:1182)
        at java.base@21.0.8/java.util.concurrent.ScheduledThreadPoolExecutor$DelayedWorkQueue.take(ScheduledThreadPoolExecutor.java:899)
        at java.base@21.0.8/java.util.concurrent.ThreadPoolExecutor.getTask(ThreadPoolExecutor.java:1070)
        at java.base@21.0.8/java.util.concurrent.ThreadPoolExecutor.runWorker(ThreadPoolExecutor.java:1130)
        at java.base@21.0.8/java.util.concurrent.ThreadPoolExecutor$Worker.run(ThreadPoolExecutor.java:642)
        at java.base@21.0.8/java.lang.Thread.runWith(Thread.java:1596)
        at java.base@21.0.8/java.lang.Thread.run(Thread.java:1583)
"IPC Server handler 78 on default port 15002" daemon prio=5 tid=199 timed_waiting
java.lang.Thread.State: TIMED_WAITING
        at java.base@21.0.8/jdk.internal.misc.Unsafe.park(Native Method)
        at java.base@21.0.8/java.util.concurrent.locks.LockSupport.parkNanos(LockSupport.java:269)
        at java.base@21.0.8/java.util.concurrent.locks.AbstractQueuedSynchronizer$ConditionObject.awaitNanos(AbstractQueuedSynchronizer.java:1763)
        at java.base@21.0.8/java.util.concurrent.LinkedBlockingQueue.poll(LinkedBlockingQueue.java:460)
        at app//org.apache.hadoop.ipc.CallQueueManager.take(CallQueueManager.java:370)
        at app//org.apache.hadoop.ipc.Server$Handler.run(Server.java:3165)
"IPC Server handler 68 on default port 15001" daemon prio=5 tid=626 timed_waiting
java.lang.Thread.State: TIMED_WAITING
        at java.base@21.0.8/jdk.internal.misc.Unsafe.park(Native Method)
        at java.base@21.0.8/java.util.concurrent.locks.LockSupport.parkNanos(LockSupport.java:269)
        at java.base@21.0.8/java.util.concurrent.locks.AbstractQueuedSynchronizer$ConditionObject.awaitNanos(AbstractQueuedSynchronizer.java:1763)
        at java.base@21.0.8/java.util.concurrent.LinkedBlockingQueue.poll(LinkedBlockingQueue.java:460)
        at app//org.apache.hadoop.ipc.CallQueueManager.take(CallQueueManager.java:370)
        at app//org.apache.hadoop.ipc.Server$Handler.run(Server.java:3165)
"IPC Server handler 46 on default port 15001" daemon prio=5 tid=604 timed_waiting
java.lang.Thread.State: TIMED_WAITING
        at java.base@21.0.8/jdk.internal.misc.Unsafe.park(Native Method)
        at java.base@21.0.8/java.util.concurrent.locks.LockSupport.parkNanos(LockSupport.java:269)
        at java.base@21.0.8/java.util.concurrent.locks.AbstractQueuedSynchronizer$ConditionObject.awaitNanos(AbstractQueuedSynchronizer.java:1763)
        at java.base@21.0.8/java.util.concurrent.LinkedBlockingQueue.poll(LinkedBlockingQueue.java:460)
        at app//org.apache.hadoop.ipc.CallQueueManager.take(CallQueueManager.java:370)
        at app//org.apache.hadoop.ipc.Server$Handler.run(Server.java:3165)
"d5ad88c2-6e7a-4660-bab6-a4e8807a575e-BlockDeletingService#0" daemon prio=5 tid=865 timed_waiting
java.lang.Thread.State: TIMED_WAITING
        at java.base@21.0.8/jdk.internal.misc.Unsafe.park(Native Method)
        at java.base@21.0.8/java.util.concurrent.locks.LockSupport.parkNanos(LockSupport.java:269)
        at java.base@21.0.8/java.util.concurrent.locks.AbstractQueuedSynchronizer$ConditionObject.awaitNanos(AbstractQueuedSynchronizer.java:1763)
        at java.base@21.0.8/java.util.concurrent.ScheduledThreadPoolExecutor$DelayedWorkQueue.take(ScheduledThreadPoolExecutor.java:1182)
        at java.base@21.0.8/java.util.concurrent.ScheduledThreadPoolExecutor$DelayedWorkQueue.take(ScheduledThreadPoolExecutor.java:899)
        at java.base@21.0.8/java.util.concurrent.ThreadPoolExecutor.getTask(ThreadPoolExecutor.java:1070)
        at java.base@21.0.8/java.util.concurrent.ThreadPoolExecutor.runWorker(ThreadPoolExecutor.java:1130)
        at java.base@21.0.8/java.util.concurrent.ThreadPoolExecutor$Worker.run(ThreadPoolExecutor.java:642)
        at java.base@21.0.8/java.lang.Thread.runWith(Thread.java:1596)
        at java.base@21.0.8/java.lang.Thread.run(Thread.java:1583)
"Socket Reader #3 for port 15045" daemon prio=5 tid=951 runnable
java.lang.Thread.State: RUNNABLE
        at java.base@21.0.8/sun.nio.ch.EPoll.wait(Native Method)
        at java.base@21.0.8/sun.nio.ch.EPollSelectorImpl.doSelect(EPollSelectorImpl.java:121)
        at java.base@21.0.8/sun.nio.ch.SelectorImpl.lockAndDoSelect(SelectorImpl.java:130)
        at java.base@21.0.8/sun.nio.ch.SelectorImpl.select(SelectorImpl.java:147)
        at app//org.apache.hadoop.ipc.Server$Listener$Reader.doRunLoop(Server.java:1497)
        at app//org.apache.hadoop.ipc.Server$Listener$Reader.run(Server.java:1476)
"IPC Server handler 1 on default port 15003" daemon prio=5 tid=222 timed_waiting
java.lang.Thread.State: TIMED_WAITING
        at java.base@21.0.8/jdk.internal.misc.Unsafe.park(Native Method)
        at java.base@21.0.8/java.util.concurrent.locks.LockSupport.parkNanos(LockSupport.java:269)
        at java.base@21.0.8/java.util.concurrent.locks.AbstractQueuedSynchronizer$ConditionObject.awaitNanos(AbstractQueuedSynchronizer.java:1763)
        at java.base@21.0.8/java.util.concurrent.LinkedBlockingQueue.poll(LinkedBlockingQueue.java:460)
        at app//org.apache.hadoop.ipc.CallQueueManager.take(CallQueueManager.java:370)
        at app//org.apache.hadoop.ipc.Server$Handler.run(Server.java:3165)
"IPC Server handler 74 on default port 15004" daemon prio=5 tid=413 timed_waiting
java.lang.Thread.State: TIMED_WAITING
        at java.base@21.0.8/jdk.internal.misc.Unsafe.park(Native Method)
        at java.base@21.0.8/java.util.concurrent.locks.LockSupport.parkNanos(LockSupport.java:269)
        at java.base@21.0.8/java.util.concurrent.locks.AbstractQueuedSynchronizer$ConditionObject.awaitNanos(AbstractQueuedSynchronizer.java:1763)
        at java.base@21.0.8/java.util.concurrent.LinkedBlockingQueue.poll(LinkedBlockingQueue.java:460)
        at app//org.apache.hadoop.ipc.CallQueueManager.take(CallQueueManager.java:370)
        at app//org.apache.hadoop.ipc.Server$Handler.run(Server.java:3165)
"IPC Server handler 75 on default port 15003" daemon prio=5 tid=296 timed_waiting
java.lang.Thread.State: TIMED_WAITING
        at java.base@21.0.8/jdk.internal.misc.Unsafe.park(Native Method)
        at java.base@21.0.8/java.util.concurrent.locks.LockSupport.parkNanos(LockSupport.java:269)
        at java.base@21.0.8/java.util.concurrent.locks.AbstractQueuedSynchronizer$ConditionObject.awaitNanos(AbstractQueuedSynchronizer.java:1763)
        at java.base@21.0.8/java.util.concurrent.LinkedBlockingQueue.poll(LinkedBlockingQueue.java:460)
        at app//org.apache.hadoop.ipc.CallQueueManager.take(CallQueueManager.java:370)
        at app//org.apache.hadoop.ipc.Server$Handler.run(Server.java:3165)
"0ed0910f-4ac9-4f62-be34-d90c51a3e6c9-EndpointStateMachineTaskThread-/0.0.0.0:15004-0 "  prio=5 tid=1007 in Object.wait()
java.lang.Thread.State: WAITING (on object monitor)
        at java.base@21.0.8/jdk.internal.misc.Unsafe.park(Native Method)
        at java.base@21.0.8/java.util.concurrent.locks.LockSupport.park(LockSupport.java:371)
        at java.base@21.0.8/java.util.concurrent.locks.AbstractQueuedSynchronizer$ConditionNode.block(AbstractQueuedSynchronizer.java:519)
        at java.base@21.0.8/java.util.concurrent.ForkJoinPool.unmanagedBlock(ForkJoinPool.java:3780)
        at java.base@21.0.8/java.util.concurrent.ForkJoinPool.managedBlock(ForkJoinPool.java:3725)
        at java.base@21.0.8/java.util.concurrent.locks.AbstractQueuedSynchronizer$ConditionObject.await(AbstractQueuedSynchronizer.java:1712)
        at java.base@21.0.8/java.util.concurrent.LinkedBlockingQueue.take(LinkedBlockingQueue.java:435)
        at java.base@21.0.8/java.util.concurrent.ThreadPoolExecutor.getTask(ThreadPoolExecutor.java:1070)
        at java.base@21.0.8/java.util.concurrent.ThreadPoolExecutor.runWorker(ThreadPoolExecutor.java:1130)
        at java.base@21.0.8/java.util.concurrent.ThreadPoolExecutor$Worker.run(ThreadPoolExecutor.java:642)
        at java.base@21.0.8/java.lang.Thread.runWith(Thread.java:1596)
        at java.base@21.0.8/java.lang.Thread.run(Thread.java:1583)
"gradle-enterprise-test-client-gradle-enterprise-test-listener"  prio=5 tid=31 in Object.wait()
java.lang.Thread.State: WAITING (on object monitor)
        at java.base@21.0.8/jdk.internal.misc.Unsafe.park(Native Method)
        at java.base@21.0.8/java.util.concurrent.locks.LockSupport.park(LockSupport.java:371)
        at java.base@21.0.8/java.util.concurrent.locks.AbstractQueuedSynchronizer$ConditionNode.block(AbstractQueuedSynchronizer.java:519)
        at java.base@21.0.8/java.util.concurrent.ForkJoinPool.unmanagedBlock(ForkJoinPool.java:3780)
        at java.base@21.0.8/java.util.concurrent.ForkJoinPool.managedBlock(ForkJoinPool.java:3725)
        at java.base@21.0.8/java.util.concurrent.locks.AbstractQueuedSynchronizer$ConditionObject.await(AbstractQueuedSynchronizer.java:1712)
        at java.base@21.0.8/java.util.concurrent.ArrayBlockingQueue.take(ArrayBlockingQueue.java:420)
        at app//com.gradle.maven.scan.extension.test.listener.obfuscated.k.a.a(SourceFile:130)
        at app//com.gradle.maven.scan.extension.test.listener.obfuscated.k.a.b(SourceFile:93)
        at app//com.gradle.maven.scan.extension.test.listener.obfuscated.k.a$$Lambda/0x00007f18e813bb98.run(Unknown Source)
        at java.base@21.0.8/java.util.concurrent.Executors$RunnableAdapter.call(Executors.java:572)
        at java.base@21.0.8/java.util.concurrent.FutureTask.run(FutureTask.java:317)
        at java.base@21.0.8/java.util.concurrent.ThreadPoolExecutor.runWorker(ThreadPoolExecutor.java:1144)
        at java.base@21.0.8/java.util.concurrent.ThreadPoolExecutor$Worker.run(ThreadPoolExecutor.java:642)
        at java.base@21.0.8/java.lang.Thread.runWith(Thread.java:1596)
        at java.base@21.0.8/java.lang.Thread.run(Thread.java:1583)
"IPC Server handler 35 on default port 15004" daemon prio=5 tid=374 timed_waiting
java.lang.Thread.State: TIMED_WAITING
        at java.base@21.0.8/jdk.internal.misc.Unsafe.park(Native Method)
        at java.base@21.0.8/java.util.concurrent.locks.LockSupport.parkNanos(LockSupport.java:269)
        at java.base@21.0.8/java.util.concurrent.locks.AbstractQueuedSynchronizer$ConditionObject.awaitNanos(AbstractQueuedSynchronizer.java:1763)
        at java.base@21.0.8/java.util.concurrent.LinkedBlockingQueue.poll(LinkedBlockingQueue.java:460)
        at app//org.apache.hadoop.ipc.CallQueueManager.take(CallQueueManager.java:370)
        at app//org.apache.hadoop.ipc.Server$Handler.run(Server.java:3165)
"org.apache.hadoop.ozone.container.common.statemachine.commandhandler.DeleteBlocksCommandHandler$DeleteCmdWorker@4020100a" daemon prio=5 tid=716 timed_waiting
java.lang.Thread.State: TIMED_WAITING
        at java.base@21.0.8/java.lang.Thread.sleep0(Native Method)
        at java.base@21.0.8/java.lang.Thread.sleep(Thread.java:509)
        at app//org.apache.hadoop.ozone.container.common.statemachine.commandhandler.DeleteBlocksCommandHandler$DeleteCmdWorker.run(DeleteBlocksCommandHandler.java:260)
        at java.base@21.0.8/java.lang.Thread.runWith(Thread.java:1596)
        at java.base@21.0.8/java.lang.Thread.run(Thread.java:1583)
"IPC Server handler 28 on default port 15003" daemon prio=5 tid=249 timed_waiting
java.lang.Thread.State: TIMED_WAITING
        at java.base@21.0.8/jdk.internal.misc.Unsafe.park(Native Method)
        at java.base@21.0.8/java.util.concurrent.locks.LockSupport.parkNanos(LockSupport.java:269)
        at java.base@21.0.8/java.util.concurrent.locks.AbstractQueuedSynchronizer$ConditionObject.awaitNanos(AbstractQueuedSynchronizer.java:1763)
        at java.base@21.0.8/java.util.concurrent.LinkedBlockingQueue.poll(LinkedBlockingQueue.java:460)
        at app//org.apache.hadoop.ipc.CallQueueManager.take(CallQueueManager.java:370)
        at app//org.apache.hadoop.ipc.Server$Handler.run(Server.java:3165)
"IPC Server handler 7 on default port 15045" daemon prio=5 tid=969 timed_waiting
java.lang.Thread.State: TIMED_WAITING
        at java.base@21.0.8/jdk.internal.misc.Unsafe.park(Native Method)
        at java.base@21.0.8/java.util.concurrent.locks.LockSupport.parkNanos(LockSupport.java:269)
        at java.base@21.0.8/java.util.concurrent.locks.AbstractQueuedSynchronizer$ConditionObject.awaitNanos(AbstractQueuedSynchronizer.java:1763)
        at java.base@21.0.8/java.util.concurrent.LinkedBlockingQueue.poll(LinkedBlockingQueue.java:460)
        at app//org.apache.hadoop.ipc.CallQueueManager.take(CallQueueManager.java:370)
        at app//org.apache.hadoop.ipc.Server$Handler.run(Server.java:3165)
"qtp1760296638-824" daemon prio=5 tid=824 timed_waiting
java.lang.Thread.State: TIMED_WAITING
        at java.base@21.0.8/jdk.internal.misc.Unsafe.park(Native Method)
        at java.base@21.0.8/java.util.concurrent.locks.LockSupport.parkNanos(LockSupport.java:269)
        at java.base@21.0.8/java.util.concurrent.locks.AbstractQueuedSynchronizer$ConditionObject.awaitNanos(AbstractQueuedSynchronizer.java:1763)
        at app//org.eclipse.jetty.util.BlockingArrayQueue.poll(BlockingArrayQueue.java:382)
        at app//org.eclipse.jetty.util.thread.QueuedThreadPool$Runner.idleJobPoll(QueuedThreadPool.java:974)
        at app//org.eclipse.jetty.util.thread.QueuedThreadPool$Runner.run(QueuedThreadPool.java:1018)
        at java.base@21.0.8/java.lang.Thread.runWith(Thread.java:1596)
        at java.base@21.0.8/java.lang.Thread.run(Thread.java:1583)
"timer1" daemon prio=5 tid=1111 timed_waiting
java.lang.Thread.State: TIMED_WAITING
        at java.base@21.0.8/java.lang.Object.wait0(Native Method)
        at java.base@21.0.8/java.lang.Object.wait(Object.java:366)
        at java.base@21.0.8/java.util.TimerThread.mainLoop(Timer.java:563)
        at java.base@21.0.8/java.util.TimerThread.run(Timer.java:516)
"IPC Server handler 10 on default port 15004" daemon prio=5 tid=349 timed_waiting
java.lang.Thread.State: TIMED_WAITING
        at java.base@21.0.8/jdk.internal.misc.Unsafe.park(Native Method)
        at java.base@21.0.8/java.util.concurrent.locks.LockSupport.parkNanos(LockSupport.java:269)
        at java.base@21.0.8/java.util.concurrent.locks.AbstractQueuedSynchronizer$ConditionObject.awaitNanos(AbstractQueuedSynchronizer.java:1763)
        at java.base@21.0.8/java.util.concurrent.LinkedBlockingQueue.poll(LinkedBlockingQueue.java:460)
        at app//org.apache.hadoop.ipc.CallQueueManager.take(CallQueueManager.java:370)
        at app//org.apache.hadoop.ipc.Server$Handler.run(Server.java:3165)
"d5ad88c2-6e7a-4660-bab6-a4e8807a575e-CloseContainerThread-0"  prio=5 tid=1295 in Object.wait()
java.lang.Thread.State: WAITING (on object monitor)
        at java.base@21.0.8/jdk.internal.misc.Unsafe.park(Native Method)
        at java.base@21.0.8/java.util.concurrent.locks.LockSupport.park(LockSupport.java:371)
        at java.base@21.0.8/java.util.concurrent.locks.AbstractQueuedSynchronizer$ConditionNode.block(AbstractQueuedSynchronizer.java:519)
        at java.base@21.0.8/java.util.concurrent.ForkJoinPool.unmanagedBlock(ForkJoinPool.java:3780)
        at java.base@21.0.8/java.util.concurrent.ForkJoinPool.managedBlock(ForkJoinPool.java:3725)
        at java.base@21.0.8/java.util.concurrent.locks.AbstractQueuedSynchronizer$ConditionObject.await(AbstractQueuedSynchronizer.java:1712)
        at java.base@21.0.8/java.util.concurrent.LinkedBlockingQueue.take(LinkedBlockingQueue.java:435)
        at java.base@21.0.8/java.util.concurrent.ThreadPoolExecutor.getTask(ThreadPoolExecutor.java:1070)
        at java.base@21.0.8/java.util.concurrent.ThreadPoolExecutor.runWorker(ThreadPoolExecutor.java:1130)
        at java.base@21.0.8/java.util.concurrent.ThreadPoolExecutor$Worker.run(ThreadPoolExecutor.java:642)
        at java.base@21.0.8/java.lang.Thread.runWith(Thread.java:1596)
        at java.base@21.0.8/java.lang.Thread.run(Thread.java:1583)
"grpc-default-worker-ELG-3-4" daemon prio=5 tid=1046 runnable
java.lang.Thread.State: RUNNABLE
        at app//org.apache.ratis.thirdparty.io.netty.channel.epoll.Native.epollWait(Native Method)
        at app//org.apache.ratis.thirdparty.io.netty.channel.epoll.Native.epollWait(Native.java:220)
        at app//org.apache.ratis.thirdparty.io.netty.channel.epoll.Native.epollWait(Native.java:213)
        at app//org.apache.ratis.thirdparty.io.netty.channel.epoll.EpollEventLoop.epollWaitNoTimerChange(EpollEventLoop.java:308)
        at app//org.apache.ratis.thirdparty.io.netty.channel.epoll.EpollEventLoop.run(EpollEventLoop.java:365)
        at app//org.apache.ratis.thirdparty.io.netty.util.concurrent.SingleThreadEventExecutor$4.run(SingleThreadEventExecutor.java:998)
        at app//org.apache.ratis.thirdparty.io.netty.util.internal.ThreadExecutorMap$2.run(ThreadExecutorMap.java:74)
        at app//org.apache.ratis.thirdparty.io.netty.util.concurrent.FastThreadLocalRunnable.run(FastThreadLocalRunnable.java:30)
        at java.base@21.0.8/java.lang.Thread.runWith(Thread.java:1596)
        at java.base@21.0.8/java.lang.Thread.run(Thread.java:1583)
"bucketTable_FullTableCache-Cleanup-0" daemon prio=5 tid=1232 timed_waiting
java.lang.Thread.State: TIMED_WAITING
        at java.base@21.0.8/jdk.internal.misc.Unsafe.park(Native Method)
        at java.base@21.0.8/java.util.concurrent.locks.LockSupport.parkNanos(LockSupport.java:269)
        at java.base@21.0.8/java.util.concurrent.locks.AbstractQueuedSynchronizer$ConditionObject.awaitNanos(AbstractQueuedSynchronizer.java:1763)
        at java.base@21.0.8/java.util.concurrent.ScheduledThreadPoolExecutor$DelayedWorkQueue.take(ScheduledThreadPoolExecutor.java:1182)
        at java.base@21.0.8/java.util.concurrent.ScheduledThreadPoolExecutor$DelayedWorkQueue.take(ScheduledThreadPoolExecutor.java:899)
        at java.base@21.0.8/java.util.concurrent.ThreadPoolExecutor.getTask(ThreadPoolExecutor.java:1070)
        at java.base@21.0.8/java.util.concurrent.ThreadPoolExecutor.runWorker(ThreadPoolExecutor.java:1130)
        at java.base@21.0.8/java.util.concurrent.ThreadPoolExecutor$Worker.run(ThreadPoolExecutor.java:642)
        at java.base@21.0.8/java.lang.Thread.runWith(Thread.java:1596)
        at java.base@21.0.8/java.lang.Thread.run(Thread.java:1583)
"grpc-default-worker-ELG-3-2" daemon prio=5 tid=1044 runnable
java.lang.Thread.State: RUNNABLE
        at app//org.apache.ratis.thirdparty.io.netty.channel.epoll.Native.epollWait0(Native Method)
        at app//org.apache.ratis.thirdparty.io.netty.channel.epoll.Native.epollWait(Native.java:193)
        at app//org.apache.ratis.thirdparty.io.netty.channel.epoll.EpollEventLoop.epollWait(EpollEventLoop.java:304)
        at app//org.apache.ratis.thirdparty.io.netty.channel.epoll.EpollEventLoop.run(EpollEventLoop.java:368)
        at app//org.apache.ratis.thirdparty.io.netty.util.concurrent.SingleThreadEventExecutor$4.run(SingleThreadEventExecutor.java:998)
        at app//org.apache.ratis.thirdparty.io.netty.util.internal.ThreadExecutorMap$2.run(ThreadExecutorMap.java:74)
        at app//org.apache.ratis.thirdparty.io.netty.util.concurrent.FastThreadLocalRunnable.run(FastThreadLocalRunnable.java:30)
        at java.base@21.0.8/java.lang.Thread.runWith(Thread.java:1596)
        at java.base@21.0.8/java.lang.Thread.run(Thread.java:1583)
"EventQueue-NodeReportForNodeReportHandler" daemon prio=5 tid=1005 in Object.wait()
java.lang.Thread.State: WAITING (on object monitor)
        at java.base@21.0.8/jdk.internal.misc.Unsafe.park(Native Method)
        at java.base@21.0.8/java.util.concurrent.locks.LockSupport.park(LockSupport.java:371)
        at java.base@21.0.8/java.util.concurrent.locks.AbstractQueuedSynchronizer$ConditionNode.block(AbstractQueuedSynchronizer.java:519)
        at java.base@21.0.8/java.util.concurrent.ForkJoinPool.unmanagedBlock(ForkJoinPool.java:3780)
        at java.base@21.0.8/java.util.concurrent.ForkJoinPool.managedBlock(ForkJoinPool.java:3725)
        at java.base@21.0.8/java.util.concurrent.locks.AbstractQueuedSynchronizer$ConditionObject.await(AbstractQueuedSynchronizer.java:1712)
        at java.base@21.0.8/java.util.concurrent.LinkedBlockingQueue.take(LinkedBlockingQueue.java:435)
        at java.base@21.0.8/java.util.concurrent.ThreadPoolExecutor.getTask(ThreadPoolExecutor.java:1070)
        at java.base@21.0.8/java.util.concurrent.ThreadPoolExecutor.runWorker(ThreadPoolExecutor.java:1130)
        at java.base@21.0.8/java.util.concurrent.ThreadPoolExecutor$Worker.run(ThreadPoolExecutor.java:642)
        at java.base@21.0.8/java.lang.Thread.runWith(Thread.java:1596)
        at java.base@21.0.8/java.lang.Thread.run(Thread.java:1583)
"IPC Server handler 79 on default port 15002" daemon prio=5 tid=200 timed_waiting
java.lang.Thread.State: TIMED_WAITING
        at java.base@21.0.8/jdk.internal.misc.Unsafe.park(Native Method)
        at java.base@21.0.8/java.util.concurrent.locks.LockSupport.parkNanos(LockSupport.java:269)
        at java.base@21.0.8/java.util.concurrent.locks.AbstractQueuedSynchronizer$ConditionObject.awaitNanos(AbstractQueuedSynchronizer.java:1763)
        at java.base@21.0.8/java.util.concurrent.LinkedBlockingQueue.poll(LinkedBlockingQueue.java:460)
        at app//org.apache.hadoop.ipc.CallQueueManager.take(CallQueueManager.java:370)
        at app//org.apache.hadoop.ipc.Server$Handler.run(Server.java:3165)
"d5ad88c2-6e7a-4660-bab6-a4e8807a575e@group-4D151320670C-StateMachineUpdater" daemon prio=5 tid=1052 timed_waiting
java.lang.Thread.State: TIMED_WAITING
        at java.base@21.0.8/jdk.internal.misc.Unsafe.park(Native Method)
        at java.base@21.0.8/java.util.concurrent.locks.LockSupport.parkNanos(LockSupport.java:269)
        at java.base@21.0.8/java.util.concurrent.locks.AbstractQueuedSynchronizer$ConditionObject.await(AbstractQueuedSynchronizer.java:1852)
        at app//org.apache.ratis.util.AwaitForSignal.await(AwaitForSignal.java:65)
        at app//org.apache.ratis.server.impl.StateMachineUpdater.waitForCommit(StateMachineUpdater.java:222)
        at app//org.apache.ratis.server.impl.StateMachineUpdater.run(StateMachineUpdater.java:187)
        at java.base@21.0.8/java.lang.Thread.runWith(Thread.java:1596)
        at java.base@21.0.8/java.lang.Thread.run(Thread.java:1583)
"FixedThreadPoolWithAffinityExecutor-4-0" daemon prio=5 tid=108 timed_waiting
java.lang.Thread.State: TIMED_WAITING
        at java.base@21.0.8/jdk.internal.misc.Unsafe.park(Native Method)
        at java.base@21.0.8/java.util.concurrent.locks.LockSupport.parkNanos(LockSupport.java:269)
        at java.base@21.0.8/java.util.concurrent.locks.AbstractQueuedSynchronizer$ConditionObject.awaitNanos(AbstractQueuedSynchronizer.java:1763)
        at java.base@21.0.8/java.util.concurrent.LinkedBlockingQueue.poll(LinkedBlockingQueue.java:460)
        at app//org.apache.hadoop.hdds.scm.server.ContainerReportQueue.poll(ContainerReportQueue.java:269)
        at app//org.apache.hadoop.hdds.scm.server.ContainerReportQueue.poll(ContainerReportQueue.java:42)
        at app//org.apache.hadoop.hdds.server.events.FixedThreadPoolWithAffinityExecutor$ContainerReportProcessTask.run(FixedThreadPoolWithAffinityExecutor.java:228)
        at java.base@21.0.8/java.util.concurrent.Executors$RunnableAdapter.call(Executors.java:572)
        at java.base@21.0.8/java.util.concurrent.FutureTask.run(FutureTask.java:317)
        at java.base@21.0.8/java.util.concurrent.ThreadPoolExecutor.runWorker(ThreadPoolExecutor.java:1144)
        at java.base@21.0.8/java.util.concurrent.ThreadPoolExecutor$Worker.run(ThreadPoolExecutor.java:642)
        at java.base@21.0.8/java.lang.Thread.runWith(Thread.java:1596)
        at java.base@21.0.8/java.lang.Thread.run(Thread.java:1583)
"pool-128-thread-1" daemon prio=5 tid=852 timed_waiting
java.lang.Thread.State: TIMED_WAITING
        at java.base@21.0.8/jdk.internal.misc.Unsafe.park(Native Method)
        at java.base@21.0.8/java.util.concurrent.locks.LockSupport.parkNanos(LockSupport.java:269)
        at java.base@21.0.8/java.util.concurrent.locks.AbstractQueuedSynchronizer$ConditionObject.awaitNanos(AbstractQueuedSynchronizer.java:1763)
        at java.base@21.0.8/java.util.concurrent.ScheduledThreadPoolExecutor$DelayedWorkQueue.take(ScheduledThreadPoolExecutor.java:1182)
        at java.base@21.0.8/java.util.concurrent.ScheduledThreadPoolExecutor$DelayedWorkQueue.take(ScheduledThreadPoolExecutor.java:899)
        at java.base@21.0.8/java.util.concurrent.ThreadPoolExecutor.getTask(ThreadPoolExecutor.java:1070)
        at java.base@21.0.8/java.util.concurrent.ThreadPoolExecutor.runWorker(ThreadPoolExecutor.java:1130)
        at java.base@21.0.8/java.util.concurrent.ThreadPoolExecutor$Worker.run(ThreadPoolExecutor.java:642)
        at java.base@21.0.8/java.lang.Thread.runWith(Thread.java:1596)
        at java.base@21.0.8/java.lang.Thread.run(Thread.java:1583)
"IPC Server handler 69 on default port 15002" daemon prio=5 tid=190 timed_waiting
java.lang.Thread.State: TIMED_WAITING
        at java.base@21.0.8/jdk.internal.misc.Unsafe.park(Native Method)
        at java.base@21.0.8/java.util.concurrent.locks.LockSupport.parkNanos(LockSupport.java:269)
        at java.base@21.0.8/java.util.concurrent.locks.AbstractQueuedSynchronizer$ConditionObject.awaitNanos(AbstractQueuedSynchronizer.java:1763)
        at java.base@21.0.8/java.util.concurrent.LinkedBlockingQueue.poll(LinkedBlockingQueue.java:460)
        at app//org.apache.hadoop.ipc.CallQueueManager.take(CallQueueManager.java:370)
        at app//org.apache.hadoop.ipc.Server$Handler.run(Server.java:3165)
"Session-HouseKeeper-154874d8-1"  prio=5 tid=914 timed_waiting
java.lang.Thread.State: TIMED_WAITING
        at java.base@21.0.8/jdk.internal.misc.Unsafe.park(Native Method)
        at java.base@21.0.8/java.util.concurrent.locks.LockSupport.parkNanos(LockSupport.java:269)
        at java.base@21.0.8/java.util.concurrent.locks.AbstractQueuedSynchronizer$ConditionObject.awaitNanos(AbstractQueuedSynchronizer.java:1763)
        at java.base@21.0.8/java.util.concurrent.ScheduledThreadPoolExecutor$DelayedWorkQueue.take(ScheduledThreadPoolExecutor.java:1182)
        at java.base@21.0.8/java.util.concurrent.ScheduledThreadPoolExecutor$DelayedWorkQueue.take(ScheduledThreadPoolExecutor.java:899)
        at java.base@21.0.8/java.util.concurrent.ThreadPoolExecutor.getTask(ThreadPoolExecutor.java:1070)
        at java.base@21.0.8/java.util.concurrent.ThreadPoolExecutor.runWorker(ThreadPoolExecutor.java:1130)
        at java.base@21.0.8/java.util.concurrent.ThreadPoolExecutor$Worker.run(ThreadPoolExecutor.java:642)
        at java.base@21.0.8/java.lang.Thread.runWith(Thread.java:1596)
        at java.base@21.0.8/java.lang.Thread.run(Thread.java:1583)
"Recon-FixedThreadPoolWithAffinityExecutor-6-0" daemon prio=5 tid=540 timed_waiting
java.lang.Thread.State: TIMED_WAITING
        at java.base@21.0.8/jdk.internal.misc.Unsafe.park(Native Method)
        at java.base@21.0.8/java.util.concurrent.locks.LockSupport.parkNanos(LockSupport.java:269)
        at java.base@21.0.8/java.util.concurrent.locks.AbstractQueuedSynchronizer$ConditionObject.awaitNanos(AbstractQueuedSynchronizer.java:1763)
        at java.base@21.0.8/java.util.concurrent.LinkedBlockingQueue.poll(LinkedBlockingQueue.java:460)
        at app//org.apache.hadoop.hdds.scm.server.ContainerReportQueue.poll(ContainerReportQueue.java:269)
        at app//org.apache.hadoop.hdds.scm.server.ContainerReportQueue.poll(ContainerReportQueue.java:42)
        at app//org.apache.hadoop.hdds.server.events.FixedThreadPoolWithAffinityExecutor$ContainerReportProcessTask.run(FixedThreadPoolWithAffinityExecutor.java:228)
        at java.base@21.0.8/java.util.concurrent.Executors$RunnableAdapter.call(Executors.java:572)
        at java.base@21.0.8/java.util.concurrent.FutureTask.run(FutureTask.java:317)
        at java.base@21.0.8/java.util.concurrent.ThreadPoolExecutor.runWorker(ThreadPoolExecutor.java:1144)
        at java.base@21.0.8/java.util.concurrent.ThreadPoolExecutor$Worker.run(ThreadPoolExecutor.java:642)
        at java.base@21.0.8/java.lang.Thread.runWith(Thread.java:1596)
        at java.base@21.0.8/java.lang.Thread.run(Thread.java:1583)
"IPC Server handler 81 on default port 15004" daemon prio=5 tid=420 timed_waiting
java.lang.Thread.State: TIMED_WAITING
        at java.base@21.0.8/jdk.internal.misc.Unsafe.park(Native Method)
        at java.base@21.0.8/java.util.concurrent.locks.LockSupport.parkNanos(LockSupport.java:269)
        at java.base@21.0.8/java.util.concurrent.locks.AbstractQueuedSynchronizer$ConditionObject.awaitNanos(AbstractQueuedSynchronizer.java:1763)
        at java.base@21.0.8/java.util.concurrent.LinkedBlockingQueue.poll(LinkedBlockingQueue.java:460)
        at app//org.apache.hadoop.ipc.CallQueueManager.take(CallQueueManager.java:370)
        at app//org.apache.hadoop.ipc.Server$Handler.run(Server.java:3165)
"qtp396271801-324" daemon prio=5 tid=324 runnable
java.lang.Thread.State: RUNNABLE
        at java.base@21.0.8/sun.nio.ch.EPoll.wait(Native Method)
        at java.base@21.0.8/sun.nio.ch.EPollSelectorImpl.doSelect(EPollSelectorImpl.java:121)
        at java.base@21.0.8/sun.nio.ch.SelectorImpl.lockAndDoSelect(SelectorImpl.java:130)
        at java.base@21.0.8/sun.nio.ch.SelectorImpl.select(SelectorImpl.java:147)
        at app//org.eclipse.jetty.io.ManagedSelector.nioSelect(ManagedSelector.java:183)
        at app//org.eclipse.jetty.io.ManagedSelector.select(ManagedSelector.java:190)
        at app//org.eclipse.jetty.io.ManagedSelector$SelectorProducer.select(ManagedSelector.java:606)
        at app//org.eclipse.jetty.io.ManagedSelector$SelectorProducer.produce(ManagedSelector.java:543)
        at app//org.eclipse.jetty.util.thread.strategy.EatWhatYouKill.produceTask(EatWhatYouKill.java:362)
        at app//org.eclipse.jetty.util.thread.strategy.EatWhatYouKill.doProduce(EatWhatYouKill.java:186)
        at app//org.eclipse.jetty.util.thread.strategy.EatWhatYouKill.tryProduce(EatWhatYouKill.java:173)
        at app//org.eclipse.jetty.util.thread.strategy.EatWhatYouKill.produce(EatWhatYouKill.java:137)
        at app//org.eclipse.jetty.io.ManagedSelector$$Lambda/0x00007f18e86c6408.run(Unknown Source)
        at app//org.eclipse.jetty.util.thread.QueuedThreadPool.runJob(QueuedThreadPool.java:883)
        at app//org.eclipse.jetty.util.thread.QueuedThreadPool$Runner.run(QueuedThreadPool.java:1034)
        at java.base@21.0.8/java.lang.Thread.runWith(Thread.java:1596)
        at java.base@21.0.8/java.lang.Thread.run(Thread.java:1583)
"42a5f925-1bc2-4f8a-8509-c5ae65e6fcde-CloseContainerThread-1"  prio=5 tid=1292 in Object.wait()
java.lang.Thread.State: WAITING (on object monitor)
        at java.base@21.0.8/jdk.internal.misc.Unsafe.park(Native Method)
        at java.base@21.0.8/java.util.concurrent.locks.LockSupport.park(LockSupport.java:371)
        at java.base@21.0.8/java.util.concurrent.locks.AbstractQueuedSynchronizer$ConditionNode.block(AbstractQueuedSynchronizer.java:519)
        at java.base@21.0.8/java.util.concurrent.ForkJoinPool.unmanagedBlock(ForkJoinPool.java:3780)
        at java.base@21.0.8/java.util.concurrent.ForkJoinPool.managedBlock(ForkJoinPool.java:3725)
        at java.base@21.0.8/java.util.concurrent.locks.AbstractQueuedSynchronizer$ConditionObject.await(AbstractQueuedSynchronizer.java:1712)
        at java.base@21.0.8/java.util.concurrent.LinkedBlockingQueue.take(LinkedBlockingQueue.java:435)
        at java.base@21.0.8/java.util.concurrent.ThreadPoolExecutor.getTask(ThreadPoolExecutor.java:1070)
        at java.base@21.0.8/java.util.concurrent.ThreadPoolExecutor.runWorker(ThreadPoolExecutor.java:1130)
        at java.base@21.0.8/java.util.concurrent.ThreadPoolExecutor$Worker.run(ThreadPoolExecutor.java:642)
        at java.base@21.0.8/java.lang.Thread.runWith(Thread.java:1596)
        at java.base@21.0.8/java.lang.Thread.run(Thread.java:1583)
"IPC Server handler 44 on default port 15001" daemon prio=5 tid=602 timed_waiting
java.lang.Thread.State: TIMED_WAITING
        at java.base@21.0.8/jdk.internal.misc.Unsafe.park(Native Method)
        at java.base@21.0.8/java.util.concurrent.locks.LockSupport.parkNanos(LockSupport.java:269)
        at java.base@21.0.8/java.util.concurrent.locks.AbstractQueuedSynchronizer$ConditionObject.awaitNanos(AbstractQueuedSynchronizer.java:1763)
        at java.base@21.0.8/java.util.concurrent.LinkedBlockingQueue.poll(LinkedBlockingQueue.java:460)
        at app//org.apache.hadoop.ipc.CallQueueManager.take(CallQueueManager.java:370)
        at app//org.apache.hadoop.ipc.Server$Handler.run(Server.java:3165)
"42a5f925-1bc2-4f8a-8509-c5ae65e6fcde-ChunkWriter-2-0" daemon prio=5 tid=838 in Object.wait()
java.lang.Thread.State: WAITING (on object monitor)
        at java.base@21.0.8/jdk.internal.misc.Unsafe.park(Native Method)
        at java.base@21.0.8/java.util.concurrent.locks.LockSupport.park(LockSupport.java:371)
        at java.base@21.0.8/java.util.concurrent.locks.AbstractQueuedSynchronizer$ConditionNode.block(AbstractQueuedSynchronizer.java:519)
        at java.base@21.0.8/java.util.concurrent.ForkJoinPool.unmanagedBlock(ForkJoinPool.java:3780)
        at java.base@21.0.8/java.util.concurrent.ForkJoinPool.managedBlock(ForkJoinPool.java:3725)
        at java.base@21.0.8/java.util.concurrent.locks.AbstractQueuedSynchronizer$ConditionObject.await(AbstractQueuedSynchronizer.java:1712)
        at java.base@21.0.8/java.util.concurrent.LinkedBlockingDeque.takeFirst(LinkedBlockingDeque.java:485)
        at java.base@21.0.8/java.util.concurrent.LinkedBlockingDeque.take(LinkedBlockingDeque.java:673)
        at java.base@21.0.8/java.util.concurrent.ThreadPoolExecutor.getTask(ThreadPoolExecutor.java:1070)
        at java.base@21.0.8/java.util.concurrent.ThreadPoolExecutor.runWorker(ThreadPoolExecutor.java:1130)
        at java.base@21.0.8/java.util.concurrent.ThreadPoolExecutor$Worker.run(ThreadPoolExecutor.java:642)
        at java.base@21.0.8/java.lang.Thread.runWith(Thread.java:1596)
        at java.base@21.0.8/java.lang.Thread.run(Thread.java:1583)
"346684e1-b57f-4c29-9507-935dad45bd68-PeriodicHDDSVolumeChecker" daemon prio=5 tid=983 timed_waiting
java.lang.Thread.State: TIMED_WAITING
        at java.base@21.0.8/jdk.internal.misc.Unsafe.park(Native Method)
        at java.base@21.0.8/java.util.concurrent.locks.LockSupport.parkNanos(LockSupport.java:269)
        at java.base@21.0.8/java.util.concurrent.locks.AbstractQueuedSynchronizer$ConditionObject.awaitNanos(AbstractQueuedSynchronizer.java:1763)
        at java.base@21.0.8/java.util.concurrent.ScheduledThreadPoolExecutor$DelayedWorkQueue.take(ScheduledThreadPoolExecutor.java:1182)
        at java.base@21.0.8/java.util.concurrent.ScheduledThreadPoolExecutor$DelayedWorkQueue.take(ScheduledThreadPoolExecutor.java:899)
        at java.base@21.0.8/java.util.concurrent.ThreadPoolExecutor.getTask(ThreadPoolExecutor.java:1070)
        at java.base@21.0.8/java.util.concurrent.ThreadPoolExecutor.runWorker(ThreadPoolExecutor.java:1130)
        at java.base@21.0.8/java.util.concurrent.ThreadPoolExecutor$Worker.run(ThreadPoolExecutor.java:642)
        at java.base@21.0.8/java.lang.Thread.runWith(Thread.java:1596)
        at java.base@21.0.8/java.lang.Thread.run(Thread.java:1583)
"IPC Server handler 30 on default port 15003" daemon prio=5 tid=251 timed_waiting
java.lang.Thread.State: TIMED_WAITING
        at java.base@21.0.8/jdk.internal.misc.Unsafe.park(Native Method)
        at java.base@21.0.8/java.util.concurrent.locks.LockSupport.parkNanos(LockSupport.java:269)
        at java.base@21.0.8/java.util.concurrent.locks.AbstractQueuedSynchronizer$ConditionObject.awaitNanos(AbstractQueuedSynchronizer.java:1763)
        at java.base@21.0.8/java.util.concurrent.LinkedBlockingQueue.poll(LinkedBlockingQueue.java:460)
        at app//org.apache.hadoop.ipc.CallQueueManager.take(CallQueueManager.java:370)
        at app//org.apache.hadoop.ipc.Server$Handler.run(Server.java:3165)
"IPC Server handler 13 on default port 15004" daemon prio=5 tid=352 timed_waiting
java.lang.Thread.State: TIMED_WAITING
        at java.base@21.0.8/jdk.internal.misc.Unsafe.park(Native Method)
        at java.base@21.0.8/java.util.concurrent.locks.LockSupport.parkNanos(LockSupport.java:269)
        at java.base@21.0.8/java.util.concurrent.locks.AbstractQueuedSynchronizer$ConditionObject.awaitNanos(AbstractQueuedSynchronizer.java:1763)
        at java.base@21.0.8/java.util.concurrent.LinkedBlockingQueue.poll(LinkedBlockingQueue.java:460)
        at app//org.apache.hadoop.ipc.CallQueueManager.take(CallQueueManager.java:370)
        at app//org.apache.hadoop.ipc.Server$Handler.run(Server.java:3165)
"Socket Reader #1 for port 15037" daemon prio=5 tid=867 runnable
java.lang.Thread.State: RUNNABLE
        at java.base@21.0.8/sun.nio.ch.EPoll.wait(Native Method)
        at java.base@21.0.8/sun.nio.ch.EPollSelectorImpl.doSelect(EPollSelectorImpl.java:121)
        at java.base@21.0.8/sun.nio.ch.SelectorImpl.lockAndDoSelect(SelectorImpl.java:130)
        at java.base@21.0.8/sun.nio.ch.SelectorImpl.select(SelectorImpl.java:147)
        at app//org.apache.hadoop.ipc.Server$Listener$Reader.doRunLoop(Server.java:1497)
        at app//org.apache.hadoop.ipc.Server$Listener$Reader.run(Server.java:1476)
"Session-HouseKeeper-8a7ffc7-1"  prio=5 tid=825 timed_waiting
java.lang.Thread.State: TIMED_WAITING
        at java.base@21.0.8/jdk.internal.misc.Unsafe.park(Native Method)
        at java.base@21.0.8/java.util.concurrent.locks.LockSupport.parkNanos(LockSupport.java:269)
        at java.base@21.0.8/java.util.concurrent.locks.AbstractQueuedSynchronizer$ConditionObject.awaitNanos(AbstractQueuedSynchronizer.java:1763)
        at java.base@21.0.8/java.util.concurrent.ScheduledThreadPoolExecutor$DelayedWorkQueue.take(ScheduledThreadPoolExecutor.java:1182)
        at java.base@21.0.8/java.util.concurrent.ScheduledThreadPoolExecutor$DelayedWorkQueue.take(ScheduledThreadPoolExecutor.java:899)
        at java.base@21.0.8/java.util.concurrent.ThreadPoolExecutor.getTask(ThreadPoolExecutor.java:1070)
        at java.base@21.0.8/java.util.concurrent.ThreadPoolExecutor.runWorker(ThreadPoolExecutor.java:1130)
        at java.base@21.0.8/java.util.concurrent.ThreadPoolExecutor$Worker.run(ThreadPoolExecutor.java:642)
        at java.base@21.0.8/java.lang.Thread.runWith(Thread.java:1596)
        at java.base@21.0.8/java.lang.Thread.run(Thread.java:1583)
"om1@group-C5BA1605619E-SegmentedRaftLogWorker" daemon prio=5 tid=464 timed_waiting
java.lang.Thread.State: TIMED_WAITING
        at java.base@21.0.8/jdk.internal.misc.Unsafe.park(Native Method)
        at java.base@21.0.8/java.util.concurrent.locks.LockSupport.parkNanos(LockSupport.java:269)
        at java.base@21.0.8/java.util.concurrent.locks.AbstractQueuedSynchronizer$ConditionObject.awaitNanos(AbstractQueuedSynchronizer.java:1763)
        at app//org.apache.ratis.util.DataBlockingQueue.poll(DataBlockingQueue.java:148)
        at app//org.apache.ratis.server.raftlog.segmented.SegmentedRaftLogWorker.run(SegmentedRaftLogWorker.java:309)
        at app//org.apache.ratis.server.raftlog.segmented.SegmentedRaftLogWorker$$Lambda/0x00007f18e8394d50.run(Unknown Source)
        at java.base@21.0.8/java.util.concurrent.Executors$RunnableAdapter.call(Executors.java:572)
        at java.base@21.0.8/java.util.concurrent.FutureTask.run(FutureTask.java:317)
        at java.base@21.0.8/java.util.concurrent.ThreadPoolExecutor.runWorker(ThreadPoolExecutor.java:1144)
        at java.base@21.0.8/java.util.concurrent.ThreadPoolExecutor$Worker.run(ThreadPoolExecutor.java:642)
        at java.base@21.0.8/java.lang.Thread.runWith(Thread.java:1596)
        at java.base@21.0.8/java.lang.Thread.run(Thread.java:1583)
"timer3" daemon prio=5 tid=1115 timed_waiting
java.lang.Thread.State: TIMED_WAITING
        at java.base@21.0.8/java.lang.Object.wait0(Native Method)
        at java.base@21.0.8/java.lang.Object.wait(Object.java:366)
        at java.base@21.0.8/java.util.TimerThread.mainLoop(Timer.java:563)
        at java.base@21.0.8/java.util.TimerThread.run(Timer.java:516)
"derby.rawStoreDaemon" daemon prio=5 tid=514 timed_waiting
java.lang.Thread.State: TIMED_WAITING
        at java.base@21.0.8/java.lang.Object.wait0(Native Method)
        at java.base@21.0.8/java.lang.Object.wait(Object.java:366)
        at app//org.apache.derby.impl.services.daemon.BasicDaemon.rest(Unknown Source)
        at app//org.apache.derby.impl.services.daemon.BasicDaemon.run(Unknown Source)
        at java.base@21.0.8/java.lang.Thread.runWith(Thread.java:1596)
        at java.base@21.0.8/java.lang.Thread.run(Thread.java:1583)
"IPC Server handler 13 on default port 15003" daemon prio=5 tid=234 timed_waiting
java.lang.Thread.State: TIMED_WAITING
        at java.base@21.0.8/jdk.internal.misc.Unsafe.park(Native Method)
        at java.base@21.0.8/java.util.concurrent.locks.LockSupport.parkNanos(LockSupport.java:269)
        at java.base@21.0.8/java.util.concurrent.locks.AbstractQueuedSynchronizer$ConditionObject.awaitNanos(AbstractQueuedSynchronizer.java:1763)
        at java.base@21.0.8/java.util.concurrent.LinkedBlockingQueue.poll(LinkedBlockingQueue.java:460)
        at app//org.apache.hadoop.ipc.CallQueueManager.take(CallQueueManager.java:370)
        at app//org.apache.hadoop.ipc.Server$Handler.run(Server.java:3165)
"EventQueue-OpenPipelineForHealthyPipelineSafeModeRule" daemon prio=5 tid=1037 in Object.wait()
java.lang.Thread.State: WAITING (on object monitor)
        at java.base@21.0.8/jdk.internal.misc.Unsafe.park(Native Method)
        at java.base@21.0.8/java.util.concurrent.locks.LockSupport.park(LockSupport.java:371)
        at java.base@21.0.8/java.util.concurrent.locks.AbstractQueuedSynchronizer$ConditionNode.block(AbstractQueuedSynchronizer.java:519)
        at java.base@21.0.8/java.util.concurrent.ForkJoinPool.unmanagedBlock(ForkJoinPool.java:3780)
        at java.base@21.0.8/java.util.concurrent.ForkJoinPool.managedBlock(ForkJoinPool.java:3725)
        at java.base@21.0.8/java.util.concurrent.locks.AbstractQueuedSynchronizer$ConditionObject.await(AbstractQueuedSynchronizer.java:1712)
        at java.base@21.0.8/java.util.concurrent.LinkedBlockingQueue.take(LinkedBlockingQueue.java:435)
        at java.base@21.0.8/java.util.concurrent.ThreadPoolExecutor.getTask(ThreadPoolExecutor.java:1070)
        at java.base@21.0.8/java.util.concurrent.ThreadPoolExecutor.runWorker(ThreadPoolExecutor.java:1130)
        at java.base@21.0.8/java.util.concurrent.ThreadPoolExecutor$Worker.run(ThreadPoolExecutor.java:642)
        at java.base@21.0.8/java.lang.Thread.runWith(Thread.java:1596)
        at java.base@21.0.8/java.lang.Thread.run(Thread.java:1583)
"IPC Server handler 65 on default port 15001" daemon prio=5 tid=623 timed_waiting
java.lang.Thread.State: TIMED_WAITING
        at java.base@21.0.8/jdk.internal.misc.Unsafe.park(Native Method)
        at java.base@21.0.8/java.util.concurrent.locks.LockSupport.parkNanos(LockSupport.java:269)
        at java.base@21.0.8/java.util.concurrent.locks.AbstractQueuedSynchronizer$ConditionObject.awaitNanos(AbstractQueuedSynchronizer.java:1763)
        at java.base@21.0.8/java.util.concurrent.LinkedBlockingQueue.poll(LinkedBlockingQueue.java:460)
        at app//org.apache.hadoop.ipc.CallQueueManager.take(CallQueueManager.java:370)
        at app//org.apache.hadoop.ipc.Server$Handler.run(Server.java:3165)
"ContainerMetadataScanner" daemon prio=5 tid=834 timed_waiting
java.lang.Thread.State: TIMED_WAITING
        at java.base@21.0.8/java.lang.Thread.sleep0(Native Method)
        at java.base@21.0.8/java.lang.Thread.sleep(Thread.java:509)
        at app//org.apache.hadoop.ozone.container.ozoneimpl.AbstractBackgroundContainerScanner.handleRemainingSleep(AbstractBackgroundContainerScanner.java:133)
        at app//org.apache.hadoop.ozone.container.ozoneimpl.AbstractBackgroundContainerScanner.runIteration(AbstractBackgroundContainerScanner.java:100)
        at app//org.apache.hadoop.ozone.container.ozoneimpl.AbstractBackgroundContainerScanner.run(AbstractBackgroundContainerScanner.java:59)
        at java.base@21.0.8/java.lang.Thread.runWith(Thread.java:1596)
        at java.base@21.0.8/java.lang.Thread.run(Thread.java:1583)
"SSL Certificates Store Monitor" daemon prio=5 tid=1358 in Object.wait()
java.lang.Thread.State: WAITING (on object monitor)
        at java.base@21.0.8/java.lang.Object.wait0(Native Method)
        at java.base@21.0.8/java.lang.Object.wait(Object.java:366)
        at java.base@21.0.8/java.lang.Object.wait(Object.java:339)
        at java.base@21.0.8/java.util.TimerThread.mainLoop(Timer.java:537)
        at java.base@21.0.8/java.util.TimerThread.run(Timer.java:516)
"IPC Server handler 76 on default port 15001" daemon prio=5 tid=634 timed_waiting
java.lang.Thread.State: TIMED_WAITING
        at java.base@21.0.8/jdk.internal.misc.Unsafe.park(Native Method)
        at java.base@21.0.8/java.util.concurrent.locks.LockSupport.parkNanos(LockSupport.java:269)
        at java.base@21.0.8/java.util.concurrent.locks.AbstractQueuedSynchronizer$ConditionObject.awaitNanos(AbstractQueuedSynchronizer.java:1763)
        at java.base@21.0.8/java.util.concurrent.LinkedBlockingQueue.poll(LinkedBlockingQueue.java:460)
        at app//org.apache.hadoop.ipc.CallQueueManager.take(CallQueueManager.java:370)
        at app//org.apache.hadoop.ipc.Server$Handler.run(Server.java:3165)
"IPC Server handler 56 on default port 15002" daemon prio=5 tid=177 timed_waiting
java.lang.Thread.State: TIMED_WAITING
        at java.base@21.0.8/jdk.internal.misc.Unsafe.park(Native Method)
        at java.base@21.0.8/java.util.concurrent.locks.LockSupport.parkNanos(LockSupport.java:269)
        at java.base@21.0.8/java.util.concurrent.locks.AbstractQueuedSynchronizer$ConditionObject.awaitNanos(AbstractQueuedSynchronizer.java:1763)
        at java.base@21.0.8/java.util.concurrent.LinkedBlockingQueue.poll(LinkedBlockingQueue.java:460)
        at app//org.apache.hadoop.ipc.CallQueueManager.take(CallQueueManager.java:370)
        at app//org.apache.hadoop.ipc.Server$Handler.run(Server.java:3165)
"IPC Server handler 97 on default port 15004" daemon prio=5 tid=436 timed_waiting
java.lang.Thread.State: TIMED_WAITING
        at java.base@21.0.8/jdk.internal.misc.Unsafe.park(Native Method)
        at java.base@21.0.8/java.util.concurrent.locks.LockSupport.parkNanos(LockSupport.java:269)
        at java.base@21.0.8/java.util.concurrent.locks.AbstractQueuedSynchronizer$ConditionObject.awaitNanos(AbstractQueuedSynchronizer.java:1763)
        at java.base@21.0.8/java.util.concurrent.LinkedBlockingQueue.poll(LinkedBlockingQueue.java:460)
        at app//org.apache.hadoop.ipc.CallQueueManager.take(CallQueueManager.java:370)
        at app//org.apache.hadoop.ipc.Server$Handler.run(Server.java:3165)
"IPC Server handler 37 on default port 15004" daemon prio=5 tid=376 timed_waiting
java.lang.Thread.State: TIMED_WAITING
        at java.base@21.0.8/jdk.internal.misc.Unsafe.park(Native Method)
        at java.base@21.0.8/java.util.concurrent.locks.LockSupport.parkNanos(LockSupport.java:269)
        at java.base@21.0.8/java.util.concurrent.locks.AbstractQueuedSynchronizer$ConditionObject.awaitNanos(AbstractQueuedSynchronizer.java:1763)
        at java.base@21.0.8/java.util.concurrent.LinkedBlockingQueue.poll(LinkedBlockingQueue.java:460)
        at app//org.apache.hadoop.ipc.CallQueueManager.take(CallQueueManager.java:370)
        at app//org.apache.hadoop.ipc.Server$Handler.run(Server.java:3165)
"Recon-SyncSCMContainerInfo-0"  prio=5 tid=557 timed_waiting
java.lang.Thread.State: TIMED_WAITING
        at java.base@21.0.8/jdk.internal.misc.Unsafe.park(Native Method)
        at java.base@21.0.8/java.util.concurrent.locks.LockSupport.parkNanos(LockSupport.java:269)
        at java.base@21.0.8/java.util.concurrent.locks.AbstractQueuedSynchronizer$ConditionObject.awaitNanos(AbstractQueuedSynchronizer.java:1763)
        at java.base@21.0.8/java.util.concurrent.ScheduledThreadPoolExecutor$DelayedWorkQueue.take(ScheduledThreadPoolExecutor.java:1182)
        at java.base@21.0.8/java.util.concurrent.ScheduledThreadPoolExecutor$DelayedWorkQueue.take(ScheduledThreadPoolExecutor.java:899)
        at java.base@21.0.8/java.util.concurrent.ThreadPoolExecutor.getTask(ThreadPoolExecutor.java:1070)
        at java.base@21.0.8/java.util.concurrent.ThreadPoolExecutor.runWorker(ThreadPoolExecutor.java:1130)
        at java.base@21.0.8/java.util.concurrent.ThreadPoolExecutor$Worker.run(ThreadPoolExecutor.java:642)
        at java.base@21.0.8/java.lang.Thread.runWith(Thread.java:1596)
        at java.base@21.0.8/java.lang.Thread.run(Thread.java:1583)
"Reference Handler" daemon prio=10 tid=9 runnable
java.lang.Thread.State: RUNNABLE
        at java.base@21.0.8/java.lang.ref.Reference.waitForReferencePendingList(Native Method)
        at java.base@21.0.8/java.lang.ref.Reference.processPendingReferences(Reference.java:246)
        at java.base@21.0.8/java.lang.ref.Reference$ReferenceHandler.run(Reference.java:208)
"IPC Server handler 3 on default port 15001" daemon prio=5 tid=561 timed_waiting
java.lang.Thread.State: TIMED_WAITING
        at java.base@21.0.8/jdk.internal.misc.Unsafe.park(Native Method)
        at java.base@21.0.8/java.util.concurrent.locks.LockSupport.parkNanos(LockSupport.java:269)
        at java.base@21.0.8/java.util.concurrent.locks.AbstractQueuedSynchronizer$ConditionObject.awaitNanos(AbstractQueuedSynchronizer.java:1763)
        at java.base@21.0.8/java.util.concurrent.LinkedBlockingQueue.poll(LinkedBlockingQueue.java:460)
        at app//org.apache.hadoop.ipc.CallQueueManager.take(CallQueueManager.java:370)
        at app//org.apache.hadoop.ipc.Server$Handler.run(Server.java:3165)
"IPC Server handler 99 on default port 15004" daemon prio=5 tid=438 timed_waiting
java.lang.Thread.State: TIMED_WAITING
        at java.base@21.0.8/jdk.internal.misc.Unsafe.park(Native Method)
        at java.base@21.0.8/java.util.concurrent.locks.LockSupport.parkNanos(LockSupport.java:269)
        at java.base@21.0.8/java.util.concurrent.locks.AbstractQueuedSynchronizer$ConditionObject.awaitNanos(AbstractQueuedSynchronizer.java:1763)
        at java.base@21.0.8/java.util.concurrent.LinkedBlockingQueue.poll(LinkedBlockingQueue.java:460)
        at app//org.apache.hadoop.ipc.CallQueueManager.take(CallQueueManager.java:370)
        at app//org.apache.hadoop.ipc.Server$Handler.run(Server.java:3165)
"DatanodeAdminManager-0" daemon prio=5 tid=61 timed_waiting
java.lang.Thread.State: TIMED_WAITING
        at java.base@21.0.8/jdk.internal.misc.Unsafe.park(Native Method)
        at java.base@21.0.8/java.util.concurrent.locks.LockSupport.parkNanos(LockSupport.java:269)
        at java.base@21.0.8/java.util.concurrent.locks.AbstractQueuedSynchronizer$ConditionObject.awaitNanos(AbstractQueuedSynchronizer.java:1763)
        at java.base@21.0.8/java.util.concurrent.ScheduledThreadPoolExecutor$DelayedWorkQueue.take(ScheduledThreadPoolExecutor.java:1182)
        at java.base@21.0.8/java.util.concurrent.ScheduledThreadPoolExecutor$DelayedWorkQueue.take(ScheduledThreadPoolExecutor.java:899)
        at java.base@21.0.8/java.util.concurrent.ThreadPoolExecutor.getTask(ThreadPoolExecutor.java:1070)
        at java.base@21.0.8/java.util.concurrent.ThreadPoolExecutor.runWorker(ThreadPoolExecutor.java:1130)
        at java.base@21.0.8/java.util.concurrent.ThreadPoolExecutor$Worker.run(ThreadPoolExecutor.java:642)
        at java.base@21.0.8/java.lang.Thread.runWith(Thread.java:1596)
        at java.base@21.0.8/java.lang.Thread.run(Thread.java:1583)
"FixedThreadPoolWithAffinityExecutor-2-0" daemon prio=5 tid=106 timed_waiting
java.lang.Thread.State: TIMED_WAITING
        at java.base@21.0.8/jdk.internal.misc.Unsafe.park(Native Method)
        at java.base@21.0.8/java.util.concurrent.locks.LockSupport.parkNanos(LockSupport.java:269)
        at java.base@21.0.8/java.util.concurrent.locks.AbstractQueuedSynchronizer$ConditionObject.awaitNanos(AbstractQueuedSynchronizer.java:1763)
        at java.base@21.0.8/java.util.concurrent.LinkedBlockingQueue.poll(LinkedBlockingQueue.java:460)
        at app//org.apache.hadoop.hdds.scm.server.ContainerReportQueue.poll(ContainerReportQueue.java:269)
        at app//org.apache.hadoop.hdds.scm.server.ContainerReportQueue.poll(ContainerReportQueue.java:42)
        at app//org.apache.hadoop.hdds.server.events.FixedThreadPoolWithAffinityExecutor$ContainerReportProcessTask.run(FixedThreadPoolWithAffinityExecutor.java:228)
        at java.base@21.0.8/java.util.concurrent.Executors$RunnableAdapter.call(Executors.java:572)
        at java.base@21.0.8/java.util.concurrent.FutureTask.run(FutureTask.java:317)
        at java.base@21.0.8/java.util.concurrent.ThreadPoolExecutor.runWorker(ThreadPoolExecutor.java:1144)
        at java.base@21.0.8/java.util.concurrent.ThreadPoolExecutor$Worker.run(ThreadPoolExecutor.java:642)
        at java.base@21.0.8/java.lang.Thread.runWith(Thread.java:1596)
        at java.base@21.0.8/java.lang.Thread.run(Thread.java:1583)
"IPC Server handler 25 on default port 15003" daemon prio=5 tid=246 timed_waiting
java.lang.Thread.State: TIMED_WAITING
        at java.base@21.0.8/jdk.internal.misc.Unsafe.park(Native Method)
        at java.base@21.0.8/java.util.concurrent.locks.LockSupport.parkNanos(LockSupport.java:269)
        at java.base@21.0.8/java.util.concurrent.locks.AbstractQueuedSynchronizer$ConditionObject.awaitNanos(AbstractQueuedSynchronizer.java:1763)
        at java.base@21.0.8/java.util.concurrent.LinkedBlockingQueue.poll(LinkedBlockingQueue.java:460)
        at app//org.apache.hadoop.ipc.CallQueueManager.take(CallQueueManager.java:370)
        at app//org.apache.hadoop.ipc.Server$Handler.run(Server.java:3165)
"IPC Server handler 8 on default port 15001" daemon prio=5 tid=566 timed_waiting
java.lang.Thread.State: TIMED_WAITING
        at java.base@21.0.8/jdk.internal.misc.Unsafe.park(Native Method)
        at java.base@21.0.8/java.util.concurrent.locks.LockSupport.parkNanos(LockSupport.java:269)
        at java.base@21.0.8/java.util.concurrent.locks.AbstractQueuedSynchronizer$ConditionObject.awaitNanos(AbstractQueuedSynchronizer.java:1763)
        at java.base@21.0.8/java.util.concurrent.LinkedBlockingQueue.poll(LinkedBlockingQueue.java:460)
        at app//org.apache.hadoop.ipc.CallQueueManager.take(CallQueueManager.java:370)
        at app//org.apache.hadoop.ipc.Server$Handler.run(Server.java:3165)
"IPC Server handler 70 on default port 15003" daemon prio=5 tid=291 timed_waiting
java.lang.Thread.State: TIMED_WAITING
        at java.base@21.0.8/jdk.internal.misc.Unsafe.park(Native Method)
        at java.base@21.0.8/java.util.concurrent.locks.LockSupport.parkNanos(LockSupport.java:269)
        at java.base@21.0.8/java.util.concurrent.locks.AbstractQueuedSynchronizer$ConditionObject.awaitNanos(AbstractQueuedSynchronizer.java:1763)
        at java.base@21.0.8/java.util.concurrent.LinkedBlockingQueue.poll(LinkedBlockingQueue.java:460)
        at app//org.apache.hadoop.ipc.CallQueueManager.take(CallQueueManager.java:370)
        at app//org.apache.hadoop.ipc.Server$Handler.run(Server.java:3165)
"IPC Server handler 87 on default port 15003" daemon prio=5 tid=308 timed_waiting
java.lang.Thread.State: TIMED_WAITING
        at java.base@21.0.8/jdk.internal.misc.Unsafe.park(Native Method)
        at java.base@21.0.8/java.util.concurrent.locks.LockSupport.parkNanos(LockSupport.java:269)
        at java.base@21.0.8/java.util.concurrent.locks.AbstractQueuedSynchronizer$ConditionObject.awaitNanos(AbstractQueuedSynchronizer.java:1763)
        at java.base@21.0.8/java.util.concurrent.LinkedBlockingQueue.poll(LinkedBlockingQueue.java:460)
        at app//org.apache.hadoop.ipc.CallQueueManager.take(CallQueueManager.java:370)
        at app//org.apache.hadoop.ipc.Server$Handler.run(Server.java:3165)
"IPC Server handler 84 on default port 15001" daemon prio=5 tid=642 timed_waiting
java.lang.Thread.State: TIMED_WAITING
        at java.base@21.0.8/jdk.internal.misc.Unsafe.park(Native Method)
        at java.base@21.0.8/java.util.concurrent.locks.LockSupport.parkNanos(LockSupport.java:269)
        at java.base@21.0.8/java.util.concurrent.locks.AbstractQueuedSynchronizer$ConditionObject.awaitNanos(AbstractQueuedSynchronizer.java:1763)
        at java.base@21.0.8/java.util.concurrent.LinkedBlockingQueue.poll(LinkedBlockingQueue.java:460)
        at app//org.apache.hadoop.ipc.CallQueueManager.take(CallQueueManager.java:370)
        at app//org.apache.hadoop.ipc.Server$Handler.run(Server.java:3165)
"ContainerDataScanner(/home/runner/work/ozone/ozone/hadoop-ozone/integration-test-recon/target/test-dir/MiniOzoneClusterImpl-e405f726-f354-48a5-b90a-334fe627f997/ozone-metadata/datanode-1/data-0/hdds)" daemon prio=5 tid=835 timed_waiting
java.lang.Thread.State: TIMED_WAITING
        at java.base@21.0.8/java.lang.Thread.sleep0(Native Method)
        at java.base@21.0.8/java.lang.Thread.sleep(Thread.java:509)
        at app//org.apache.hadoop.ozone.container.ozoneimpl.AbstractBackgroundContainerScanner.handleRemainingSleep(AbstractBackgroundContainerScanner.java:133)
        at app//org.apache.hadoop.ozone.container.ozoneimpl.AbstractBackgroundContainerScanner.runIteration(AbstractBackgroundContainerScanner.java:100)
        at app//org.apache.hadoop.ozone.container.ozoneimpl.AbstractBackgroundContainerScanner.run(AbstractBackgroundContainerScanner.java:59)
        at java.base@21.0.8/java.lang.Thread.runWith(Thread.java:1596)
        at java.base@21.0.8/java.lang.Thread.run(Thread.java:1583)
"IPC Server handler 86 on default port 15003" daemon prio=5 tid=307 timed_waiting
java.lang.Thread.State: TIMED_WAITING
        at java.base@21.0.8/jdk.internal.misc.Unsafe.park(Native Method)
        at java.base@21.0.8/java.util.concurrent.locks.LockSupport.parkNanos(LockSupport.java:269)
        at java.base@21.0.8/java.util.concurrent.locks.AbstractQueuedSynchronizer$ConditionObject.awaitNanos(AbstractQueuedSynchronizer.java:1763)
        at java.base@21.0.8/java.util.concurrent.LinkedBlockingQueue.poll(LinkedBlockingQueue.java:460)
        at app//org.apache.hadoop.ipc.CallQueueManager.take(CallQueueManager.java:370)
        at app//org.apache.hadoop.ipc.Server$Handler.run(Server.java:3165)
"om1-KeyDeletingService#3" daemon prio=5 tid=1361 in Object.wait()
java.lang.Thread.State: WAITING (on object monitor)
        at java.base@21.0.8/jdk.internal.misc.Unsafe.park(Native Method)
        at java.base@21.0.8/java.util.concurrent.locks.LockSupport.park(LockSupport.java:371)
        at java.base@21.0.8/java.util.concurrent.locks.AbstractQueuedSynchronizer$ConditionNode.block(AbstractQueuedSynchronizer.java:519)
        at java.base@21.0.8/java.util.concurrent.ForkJoinPool.unmanagedBlock(ForkJoinPool.java:3780)
        at java.base@21.0.8/java.util.concurrent.ForkJoinPool.managedBlock(ForkJoinPool.java:3725)
        at java.base@21.0.8/java.util.concurrent.locks.AbstractQueuedSynchronizer$ConditionObject.await(AbstractQueuedSynchronizer.java:1712)
        at java.base@21.0.8/java.util.concurrent.ScheduledThreadPoolExecutor$DelayedWorkQueue.take(ScheduledThreadPoolExecutor.java:1177)
        at java.base@21.0.8/java.util.concurrent.ScheduledThreadPoolExecutor$DelayedWorkQueue.take(ScheduledThreadPoolExecutor.java:899)
        at java.base@21.0.8/java.util.concurrent.ThreadPoolExecutor.getTask(ThreadPoolExecutor.java:1070)
        at java.base@21.0.8/java.util.concurrent.ThreadPoolExecutor.runWorker(ThreadPoolExecutor.java:1130)
        at java.base@21.0.8/java.util.concurrent.ThreadPoolExecutor$Worker.run(ThreadPoolExecutor.java:642)
        at java.base@21.0.8/java.lang.Thread.runWith(Thread.java:1596)
        at java.base@21.0.8/java.lang.Thread.run(Thread.java:1583)
"SCMHeartbeatProcessor-0" daemon prio=5 tid=54 timed_waiting
java.lang.Thread.State: TIMED_WAITING
        at java.base@21.0.8/jdk.internal.misc.Unsafe.park(Native Method)
        at java.base@21.0.8/java.util.concurrent.locks.LockSupport.parkNanos(LockSupport.java:269)
        at java.base@21.0.8/java.util.concurrent.locks.AbstractQueuedSynchronizer$ConditionObject.awaitNanos(AbstractQueuedSynchronizer.java:1763)
        at java.base@21.0.8/java.util.concurrent.ScheduledThreadPoolExecutor$DelayedWorkQueue.take(ScheduledThreadPoolExecutor.java:1182)
        at java.base@21.0.8/java.util.concurrent.ScheduledThreadPoolExecutor$DelayedWorkQueue.take(ScheduledThreadPoolExecutor.java:899)
        at java.base@21.0.8/java.util.concurrent.ThreadPoolExecutor.getTask(ThreadPoolExecutor.java:1070)
        at java.base@21.0.8/java.util.concurrent.ThreadPoolExecutor.runWorker(ThreadPoolExecutor.java:1130)
        at java.base@21.0.8/java.util.concurrent.ThreadPoolExecutor$Worker.run(ThreadPoolExecutor.java:642)
        at java.base@21.0.8/java.lang.Thread.runWith(Thread.java:1596)
        at java.base@21.0.8/java.lang.Thread.run(Thread.java:1583)
"IPC Server handler 32 on default port 15003" daemon prio=5 tid=253 timed_waiting
java.lang.Thread.State: TIMED_WAITING
        at java.base@21.0.8/jdk.internal.misc.Unsafe.park(Native Method)
        at java.base@21.0.8/java.util.concurrent.locks.LockSupport.parkNanos(LockSupport.java:269)
        at java.base@21.0.8/java.util.concurrent.locks.AbstractQueuedSynchronizer$ConditionObject.awaitNanos(AbstractQueuedSynchronizer.java:1763)
        at java.base@21.0.8/java.util.concurrent.LinkedBlockingQueue.poll(LinkedBlockingQueue.java:460)
        at app//org.apache.hadoop.ipc.CallQueueManager.take(CallQueueManager.java:370)
        at app//org.apache.hadoop.ipc.Server$Handler.run(Server.java:3165)
"IPC Server handler 36 on default port 15003" daemon prio=5 tid=257 timed_waiting
java.lang.Thread.State: TIMED_WAITING
        at java.base@21.0.8/jdk.internal.misc.Unsafe.park(Native Method)
        at java.base@21.0.8/java.util.concurrent.locks.LockSupport.parkNanos(LockSupport.java:269)
        at java.base@21.0.8/java.util.concurrent.locks.AbstractQueuedSynchronizer$ConditionObject.awaitNanos(AbstractQueuedSynchronizer.java:1763)
        at java.base@21.0.8/java.util.concurrent.LinkedBlockingQueue.poll(LinkedBlockingQueue.java:460)
        at app//org.apache.hadoop.ipc.CallQueueManager.take(CallQueueManager.java:370)
        at app//org.apache.hadoop.ipc.Server$Handler.run(Server.java:3165)
"IPC Server handler 45 on default port 15004" daemon prio=5 tid=384 timed_waiting
java.lang.Thread.State: TIMED_WAITING
        at java.base@21.0.8/jdk.internal.misc.Unsafe.park(Native Method)
        at java.base@21.0.8/java.util.concurrent.locks.LockSupport.parkNanos(LockSupport.java:269)
        at java.base@21.0.8/java.util.concurrent.locks.AbstractQueuedSynchronizer$ConditionObject.awaitNanos(AbstractQueuedSynchronizer.java:1763)
        at java.base@21.0.8/java.util.concurrent.LinkedBlockingQueue.poll(LinkedBlockingQueue.java:460)
        at app//org.apache.hadoop.ipc.CallQueueManager.take(CallQueueManager.java:370)
        at app//org.apache.hadoop.ipc.Server$Handler.run(Server.java:3165)
"0ed0910f-4ac9-4f62-be34-d90c51a3e6c9-groupManagement"  prio=5 tid=1087 in Object.wait()
java.lang.Thread.State: WAITING (on object monitor)
        at java.base@21.0.8/jdk.internal.misc.Unsafe.park(Native Method)
        at java.base@21.0.8/java.util.concurrent.locks.LockSupport.park(LockSupport.java:371)
        at java.base@21.0.8/java.util.concurrent.locks.AbstractQueuedSynchronizer$ConditionNode.block(AbstractQueuedSynchronizer.java:519)
        at java.base@21.0.8/java.util.concurrent.ForkJoinPool.unmanagedBlock(ForkJoinPool.java:3780)
        at java.base@21.0.8/java.util.concurrent.ForkJoinPool.managedBlock(ForkJoinPool.java:3725)
        at java.base@21.0.8/java.util.concurrent.locks.AbstractQueuedSynchronizer$ConditionObject.await(AbstractQueuedSynchronizer.java:1712)
        at java.base@21.0.8/java.util.concurrent.LinkedBlockingQueue.take(LinkedBlockingQueue.java:435)
        at java.base@21.0.8/java.util.concurrent.ThreadPoolExecutor.getTask(ThreadPoolExecutor.java:1070)
        at java.base@21.0.8/java.util.concurrent.ThreadPoolExecutor.runWorker(ThreadPoolExecutor.java:1130)
        at java.base@21.0.8/java.util.concurrent.ThreadPoolExecutor$Worker.run(ThreadPoolExecutor.java:642)
        at java.base@21.0.8/java.lang.Thread.runWith(Thread.java:1596)
        at java.base@21.0.8/java.lang.Thread.run(Thread.java:1583)
"IPC Client (1164532897) connection to localhost/127.0.0.1:15008 from runner" daemon prio=5 tid=1154 timed_waiting
java.lang.Thread.State: TIMED_WAITING
        at java.base@21.0.8/java.lang.Object.wait0(Native Method)
        at java.base@21.0.8/java.lang.Object.wait(Object.java:366)
        at app//org.apache.hadoop.ipc.Client$Connection.waitForWork(Client.java:1042)
        at app//org.apache.hadoop.ipc.Client$Connection.run(Client.java:1093)
"IPC Server handler 80 on default port 15003" daemon prio=5 tid=301 timed_waiting
java.lang.Thread.State: TIMED_WAITING
        at java.base@21.0.8/jdk.internal.misc.Unsafe.park(Native Method)
        at java.base@21.0.8/java.util.concurrent.locks.LockSupport.parkNanos(LockSupport.java:269)
        at java.base@21.0.8/java.util.concurrent.locks.AbstractQueuedSynchronizer$ConditionObject.awaitNanos(AbstractQueuedSynchronizer.java:1763)
        at java.base@21.0.8/java.util.concurrent.LinkedBlockingQueue.poll(LinkedBlockingQueue.java:460)
        at app//org.apache.hadoop.ipc.CallQueueManager.take(CallQueueManager.java:370)
        at app//org.apache.hadoop.ipc.Server$Handler.run(Server.java:3165)
"42a5f925-1bc2-4f8a-8509-c5ae65e6fcde-NettyServerStreamRpc-bossGroup--thread1" daemon prio=5 tid=668 runnable
java.lang.Thread.State: RUNNABLE
        at app//org.apache.ratis.thirdparty.io.netty.channel.epoll.Native.epollWait(Native Method)
        at app//org.apache.ratis.thirdparty.io.netty.channel.epoll.Native.epollWait(Native.java:220)
        at app//org.apache.ratis.thirdparty.io.netty.channel.epoll.Native.epollWait(Native.java:213)
        at app//org.apache.ratis.thirdparty.io.netty.channel.epoll.EpollEventLoop.epollWaitNoTimerChange(EpollEventLoop.java:308)
        at app//org.apache.ratis.thirdparty.io.netty.channel.epoll.EpollEventLoop.run(EpollEventLoop.java:365)
        at app//org.apache.ratis.thirdparty.io.netty.util.concurrent.SingleThreadEventExecutor$4.run(SingleThreadEventExecutor.java:998)
        at app//org.apache.ratis.thirdparty.io.netty.util.internal.ThreadExecutorMap$2.run(ThreadExecutorMap.java:74)
        at java.base@21.0.8/java.lang.Thread.runWith(Thread.java:1596)
        at java.base@21.0.8/java.lang.Thread.run(Thread.java:1583)
"IPC Server handler 1 on default port 15013" daemon prio=5 tid=696 timed_waiting
java.lang.Thread.State: TIMED_WAITING
        at java.base@21.0.8/jdk.internal.misc.Unsafe.park(Native Method)
        at java.base@21.0.8/java.util.concurrent.locks.LockSupport.parkNanos(LockSupport.java:269)
        at java.base@21.0.8/java.util.concurrent.locks.AbstractQueuedSynchronizer$ConditionObject.awaitNanos(AbstractQueuedSynchronizer.java:1763)
        at java.base@21.0.8/java.util.concurrent.LinkedBlockingQueue.poll(LinkedBlockingQueue.java:460)
        at app//org.apache.hadoop.ipc.CallQueueManager.take(CallQueueManager.java:370)
        at app//org.apache.hadoop.ipc.Server$Handler.run(Server.java:3165)
"grpc-default-worker-ELG-3-1" daemon prio=5 tid=1042 runnable
java.lang.Thread.State: RUNNABLE
        at app//org.apache.ratis.thirdparty.io.netty.channel.epoll.Native.epollWait0(Native Method)
        at app//org.apache.ratis.thirdparty.io.netty.channel.epoll.Native.epollWait(Native.java:193)
        at app//org.apache.ratis.thirdparty.io.netty.channel.epoll.EpollEventLoop.epollWait(EpollEventLoop.java:304)
        at app//org.apache.ratis.thirdparty.io.netty.channel.epoll.EpollEventLoop.run(EpollEventLoop.java:368)
        at app//org.apache.ratis.thirdparty.io.netty.util.concurrent.SingleThreadEventExecutor$4.run(SingleThreadEventExecutor.java:998)
        at app//org.apache.ratis.thirdparty.io.netty.util.internal.ThreadExecutorMap$2.run(ThreadExecutorMap.java:74)
        at app//org.apache.ratis.thirdparty.io.netty.util.concurrent.FastThreadLocalRunnable.run(FastThreadLocalRunnable.java:30)
        at java.base@21.0.8/java.lang.Thread.runWith(Thread.java:1596)
        at java.base@21.0.8/java.lang.Thread.run(Thread.java:1583)
"Socket Reader #1 for port 15021" daemon prio=5 tid=728 runnable
java.lang.Thread.State: RUNNABLE
        at java.base@21.0.8/sun.nio.ch.EPoll.wait(Native Method)
        at java.base@21.0.8/sun.nio.ch.EPollSelectorImpl.doSelect(EPollSelectorImpl.java:121)
        at java.base@21.0.8/sun.nio.ch.SelectorImpl.lockAndDoSelect(SelectorImpl.java:130)
        at java.base@21.0.8/sun.nio.ch.SelectorImpl.select(SelectorImpl.java:147)
        at app//org.apache.hadoop.ipc.Server$Listener$Reader.doRunLoop(Server.java:1497)
        at app//org.apache.hadoop.ipc.Server$Listener$Reader.run(Server.java:1476)
"BackgroundPipelineScrubber" daemon prio=5 tid=56 timed_waiting
java.lang.Thread.State: TIMED_WAITING
        at java.base@21.0.8/java.lang.Object.wait0(Native Method)
        at java.base@21.0.8/java.lang.Object.wait(Object.java:366)
        at app//org.apache.hadoop.hdds.scm.ha.BackgroundSCMService.run(BackgroundSCMService.java:106)
        at app//org.apache.hadoop.hdds.scm.ha.BackgroundSCMService$$Lambda/0x00007f18e85056a8.run(Unknown Source)
        at java.base@21.0.8/java.lang.Thread.runWith(Thread.java:1596)
        at java.base@21.0.8/java.lang.Thread.run(Thread.java:1583)
"IPC Server handler 32 on default port 15002" daemon prio=5 tid=153 timed_waiting
java.lang.Thread.State: TIMED_WAITING
        at java.base@21.0.8/jdk.internal.misc.Unsafe.park(Native Method)
        at java.base@21.0.8/java.util.concurrent.locks.LockSupport.parkNanos(LockSupport.java:269)
        at java.base@21.0.8/java.util.concurrent.locks.AbstractQueuedSynchronizer$ConditionObject.awaitNanos(AbstractQueuedSynchronizer.java:1763)
        at java.base@21.0.8/java.util.concurrent.LinkedBlockingQueue.poll(LinkedBlockingQueue.java:460)
        at app//org.apache.hadoop.ipc.CallQueueManager.take(CallQueueManager.java:370)
        at app//org.apache.hadoop.ipc.Server$Handler.run(Server.java:3165)
"OverReplicatedProcessor" daemon prio=5 tid=60 timed_waiting
java.lang.Thread.State: TIMED_WAITING
        at java.base@21.0.8/java.lang.Object.wait0(Native Method)
        at java.base@21.0.8/java.lang.Object.wait(Object.java:366)
        at app//org.apache.hadoop.hdds.scm.container.replication.UnhealthyReplicationProcessor.run(UnhealthyReplicationProcessor.java:172)
        at java.base@21.0.8/java.lang.Thread.runWith(Thread.java:1596)
        at java.base@21.0.8/java.lang.Thread.run(Thread.java:1583)
"IPC Server handler 19 on default port 15002" daemon prio=5 tid=140 timed_waiting
java.lang.Thread.State: TIMED_WAITING
        at java.base@21.0.8/jdk.internal.misc.Unsafe.park(Native Method)
        at java.base@21.0.8/java.util.concurrent.locks.LockSupport.parkNanos(LockSupport.java:269)
        at java.base@21.0.8/java.util.concurrent.locks.AbstractQueuedSynchronizer$ConditionObject.awaitNanos(AbstractQueuedSynchronizer.java:1763)
        at java.base@21.0.8/java.util.concurrent.LinkedBlockingQueue.poll(LinkedBlockingQueue.java:460)
        at app//org.apache.hadoop.ipc.CallQueueManager.take(CallQueueManager.java:370)
        at app//org.apache.hadoop.ipc.Server$Handler.run(Server.java:3165)
"346684e1-b57f-4c29-9507-935dad45bd68-ChunkReader-ELG-0" daemon prio=5 tid=998 runnable
java.lang.Thread.State: RUNNABLE
        at app//org.apache.ratis.thirdparty.io.netty.channel.epoll.Native.epollWait(Native Method)
        at app//org.apache.ratis.thirdparty.io.netty.channel.epoll.Native.epollWait(Native.java:220)
        at app//org.apache.ratis.thirdparty.io.netty.channel.epoll.Native.epollWait(Native.java:213)
        at app//org.apache.ratis.thirdparty.io.netty.channel.epoll.EpollEventLoop.epollWaitNoTimerChange(EpollEventLoop.java:308)
        at app//org.apache.ratis.thirdparty.io.netty.channel.epoll.EpollEventLoop.run(EpollEventLoop.java:365)
        at app//org.apache.ratis.thirdparty.io.netty.util.concurrent.SingleThreadEventExecutor$4.run(SingleThreadEventExecutor.java:998)
        at app//org.apache.ratis.thirdparty.io.netty.util.internal.ThreadExecutorMap$2.run(ThreadExecutorMap.java:74)
        at java.base@21.0.8/java.lang.Thread.runWith(Thread.java:1596)
        at java.base@21.0.8/java.lang.Thread.run(Thread.java:1583)
"42a5f925-1bc2-4f8a-8509-c5ae65e6fcde-BlockDeletingService#0" daemon prio=5 tid=842 timed_waiting
java.lang.Thread.State: TIMED_WAITING
        at java.base@21.0.8/jdk.internal.misc.Unsafe.park(Native Method)
        at java.base@21.0.8/java.util.concurrent.locks.LockSupport.parkNanos(LockSupport.java:269)
        at java.base@21.0.8/java.util.concurrent.locks.AbstractQueuedSynchronizer$ConditionObject.awaitNanos(AbstractQueuedSynchronizer.java:1763)
        at java.base@21.0.8/java.util.concurrent.ScheduledThreadPoolExecutor$DelayedWorkQueue.take(ScheduledThreadPoolExecutor.java:1182)
        at java.base@21.0.8/java.util.concurrent.ScheduledThreadPoolExecutor$DelayedWorkQueue.take(ScheduledThreadPoolExecutor.java:899)
        at java.base@21.0.8/java.util.concurrent.ThreadPoolExecutor.getTask(ThreadPoolExecutor.java:1070)
        at java.base@21.0.8/java.util.concurrent.ThreadPoolExecutor.runWorker(ThreadPoolExecutor.java:1130)
        at java.base@21.0.8/java.util.concurrent.ThreadPoolExecutor$Worker.run(ThreadPoolExecutor.java:642)
        at java.base@21.0.8/java.lang.Thread.runWith(Thread.java:1596)
        at java.base@21.0.8/java.lang.Thread.run(Thread.java:1583)
"StaleRecoveringContainerScrubbingService#1" daemon prio=5 tid=844 in Object.wait()
java.lang.Thread.State: WAITING (on object monitor)
        at java.base@21.0.8/jdk.internal.misc.Unsafe.park(Native Method)
        at java.base@21.0.8/java.util.concurrent.locks.LockSupport.park(LockSupport.java:371)
        at java.base@21.0.8/java.util.concurrent.locks.AbstractQueuedSynchronizer$ConditionNode.block(AbstractQueuedSynchronizer.java:519)
        at java.base@21.0.8/java.util.concurrent.ForkJoinPool.unmanagedBlock(ForkJoinPool.java:3780)
        at java.base@21.0.8/java.util.concurrent.ForkJoinPool.managedBlock(ForkJoinPool.java:3725)
        at java.base@21.0.8/java.util.concurrent.locks.AbstractQueuedSynchronizer$ConditionObject.await(AbstractQueuedSynchronizer.java:1712)
        at java.base@21.0.8/java.util.concurrent.ScheduledThreadPoolExecutor$DelayedWorkQueue.take(ScheduledThreadPoolExecutor.java:1177)
        at java.base@21.0.8/java.util.concurrent.ScheduledThreadPoolExecutor$DelayedWorkQueue.take(ScheduledThreadPoolExecutor.java:899)
        at java.base@21.0.8/java.util.concurrent.ThreadPoolExecutor.getTask(ThreadPoolExecutor.java:1070)
        at java.base@21.0.8/java.util.concurrent.ThreadPoolExecutor.runWorker(ThreadPoolExecutor.java:1130)
        at java.base@21.0.8/java.util.concurrent.ThreadPoolExecutor$Worker.run(ThreadPoolExecutor.java:642)
        at java.base@21.0.8/java.lang.Thread.runWith(Thread.java:1596)
        at java.base@21.0.8/java.lang.Thread.run(Thread.java:1583)
"IPC Server handler 69 on default port 15003" daemon prio=5 tid=290 timed_waiting
java.lang.Thread.State: TIMED_WAITING
        at java.base@21.0.8/jdk.internal.misc.Unsafe.park(Native Method)
        at java.base@21.0.8/java.util.concurrent.locks.LockSupport.parkNanos(LockSupport.java:269)
        at java.base@21.0.8/java.util.concurrent.locks.AbstractQueuedSynchronizer$ConditionObject.awaitNanos(AbstractQueuedSynchronizer.java:1763)
        at java.base@21.0.8/java.util.concurrent.LinkedBlockingQueue.poll(LinkedBlockingQueue.java:460)
        at app//org.apache.hadoop.ipc.CallQueueManager.take(CallQueueManager.java:370)
        at app//org.apache.hadoop.ipc.Server$Handler.run(Server.java:3165)
"IPC Server handler 50 on default port 15002" daemon prio=5 tid=171 timed_waiting
java.lang.Thread.State: TIMED_WAITING
        at java.base@21.0.8/jdk.internal.misc.Unsafe.park(Native Method)
        at java.base@21.0.8/java.util.concurrent.locks.LockSupport.parkNanos(LockSupport.java:269)
        at java.base@21.0.8/java.util.concurrent.locks.AbstractQueuedSynchronizer$ConditionObject.awaitNanos(AbstractQueuedSynchronizer.java:1763)
        at java.base@21.0.8/java.util.concurrent.LinkedBlockingQueue.poll(LinkedBlockingQueue.java:460)
        at app//org.apache.hadoop.ipc.CallQueueManager.take(CallQueueManager.java:370)
        at app//org.apache.hadoop.ipc.Server$Handler.run(Server.java:3165)
"IPC Server handler 41 on default port 15004" daemon prio=5 tid=380 timed_waiting
java.lang.Thread.State: TIMED_WAITING
        at java.base@21.0.8/jdk.internal.misc.Unsafe.park(Native Method)
        at java.base@21.0.8/java.util.concurrent.locks.LockSupport.parkNanos(LockSupport.java:269)
        at java.base@21.0.8/java.util.concurrent.locks.AbstractQueuedSynchronizer$ConditionObject.awaitNanos(AbstractQueuedSynchronizer.java:1763)
        at java.base@21.0.8/java.util.concurrent.LinkedBlockingQueue.poll(LinkedBlockingQueue.java:460)
        at app//org.apache.hadoop.ipc.CallQueueManager.take(CallQueueManager.java:370)
        at app//org.apache.hadoop.ipc.Server$Handler.run(Server.java:3165)
"om1-SstFilteringService#0" daemon prio=5 tid=478 timed_waiting
java.lang.Thread.State: TIMED_WAITING
        at java.base@21.0.8/jdk.internal.misc.Unsafe.park(Native Method)
        at java.base@21.0.8/java.util.concurrent.locks.LockSupport.parkNanos(LockSupport.java:269)
        at java.base@21.0.8/java.util.concurrent.locks.AbstractQueuedSynchronizer$ConditionObject.awaitNanos(AbstractQueuedSynchronizer.java:1763)
        at java.base@21.0.8/java.util.concurrent.ScheduledThreadPoolExecutor$DelayedWorkQueue.take(ScheduledThreadPoolExecutor.java:1182)
        at java.base@21.0.8/java.util.concurrent.ScheduledThreadPoolExecutor$DelayedWorkQueue.take(ScheduledThreadPoolExecutor.java:899)
        at java.base@21.0.8/java.util.concurrent.ThreadPoolExecutor.getTask(ThreadPoolExecutor.java:1070)
        at java.base@21.0.8/java.util.concurrent.ThreadPoolExecutor.runWorker(ThreadPoolExecutor.java:1130)
        at java.base@21.0.8/java.util.concurrent.ThreadPoolExecutor$Worker.run(ThreadPoolExecutor.java:642)
        at java.base@21.0.8/java.lang.Thread.runWith(Thread.java:1596)
        at java.base@21.0.8/java.lang.Thread.run(Thread.java:1583)
"d5ad88c2-6e7a-4660-bab6-a4e8807a575e-CloseContainerThread-1"  prio=5 tid=1296 in Object.wait()
java.lang.Thread.State: WAITING (on object monitor)
        at java.base@21.0.8/jdk.internal.misc.Unsafe.park(Native Method)
        at java.base@21.0.8/java.util.concurrent.locks.LockSupport.park(LockSupport.java:371)
        at java.base@21.0.8/java.util.concurrent.locks.AbstractQueuedSynchronizer$ConditionNode.block(AbstractQueuedSynchronizer.java:519)
        at java.base@21.0.8/java.util.concurrent.ForkJoinPool.unmanagedBlock(ForkJoinPool.java:3780)
        at java.base@21.0.8/java.util.concurrent.ForkJoinPool.managedBlock(ForkJoinPool.java:3725)
        at java.base@21.0.8/java.util.concurrent.locks.AbstractQueuedSynchronizer$ConditionObject.await(AbstractQueuedSynchronizer.java:1712)
        at java.base@21.0.8/java.util.concurrent.LinkedBlockingQueue.take(LinkedBlockingQueue.java:435)
        at java.base@21.0.8/java.util.concurrent.ThreadPoolExecutor.getTask(ThreadPoolExecutor.java:1070)
        at java.base@21.0.8/java.util.concurrent.ThreadPoolExecutor.runWorker(ThreadPoolExecutor.java:1130)
        at java.base@21.0.8/java.util.concurrent.ThreadPoolExecutor$Worker.run(ThreadPoolExecutor.java:642)
        at java.base@21.0.8/java.lang.Thread.runWith(Thread.java:1596)
        at java.base@21.0.8/java.lang.Thread.run(Thread.java:1583)
"IPC Server handler 28 on default port 15004" daemon prio=5 tid=367 timed_waiting
java.lang.Thread.State: TIMED_WAITING
        at java.base@21.0.8/jdk.internal.misc.Unsafe.park(Native Method)
        at java.base@21.0.8/java.util.concurrent.locks.LockSupport.parkNanos(LockSupport.java:269)
        at java.base@21.0.8/java.util.concurrent.locks.AbstractQueuedSynchronizer$ConditionObject.awaitNanos(AbstractQueuedSynchronizer.java:1763)
        at java.base@21.0.8/java.util.concurrent.LinkedBlockingQueue.poll(LinkedBlockingQueue.java:460)
        at app//org.apache.hadoop.ipc.CallQueueManager.take(CallQueueManager.java:370)
        at app//org.apache.hadoop.ipc.Server$Handler.run(Server.java:3165)
"IPC Server handler 25 on default port 15002" daemon prio=5 tid=146 timed_waiting
java.lang.Thread.State: TIMED_WAITING
        at java.base@21.0.8/jdk.internal.misc.Unsafe.park(Native Method)
        at java.base@21.0.8/java.util.concurrent.locks.LockSupport.parkNanos(LockSupport.java:269)
        at java.base@21.0.8/java.util.concurrent.locks.AbstractQueuedSynchronizer$ConditionObject.awaitNanos(AbstractQueuedSynchronizer.java:1763)
        at java.base@21.0.8/java.util.concurrent.LinkedBlockingQueue.poll(LinkedBlockingQueue.java:460)
        at app//org.apache.hadoop.ipc.CallQueueManager.take(CallQueueManager.java:370)
        at app//org.apache.hadoop.ipc.Server$Handler.run(Server.java:3165)
"Session-HouseKeeper-432dd940-1"  prio=5 tid=332 timed_waiting
java.lang.Thread.State: TIMED_WAITING
        at java.base@21.0.8/jdk.internal.misc.Unsafe.park(Native Method)
        at java.base@21.0.8/java.util.concurrent.locks.LockSupport.parkNanos(LockSupport.java:269)
        at java.base@21.0.8/java.util.concurrent.locks.AbstractQueuedSynchronizer$ConditionObject.awaitNanos(AbstractQueuedSynchronizer.java:1763)
        at java.base@21.0.8/java.util.concurrent.ScheduledThreadPoolExecutor$DelayedWorkQueue.take(ScheduledThreadPoolExecutor.java:1182)
        at java.base@21.0.8/java.util.concurrent.ScheduledThreadPoolExecutor$DelayedWorkQueue.take(ScheduledThreadPoolExecutor.java:899)
        at java.base@21.0.8/java.util.concurrent.ThreadPoolExecutor.getTask(ThreadPoolExecutor.java:1070)
        at java.base@21.0.8/java.util.concurrent.ThreadPoolExecutor.runWorker(ThreadPoolExecutor.java:1130)
        at java.base@21.0.8/java.util.concurrent.ThreadPoolExecutor$Worker.run(ThreadPoolExecutor.java:642)
        at java.base@21.0.8/java.lang.Thread.runWith(Thread.java:1596)
        at java.base@21.0.8/java.lang.Thread.run(Thread.java:1583)
"qtp1760296638-822" daemon prio=5 tid=822 timed_waiting
java.lang.Thread.State: TIMED_WAITING
        at java.base@21.0.8/jdk.internal.misc.Unsafe.park(Native Method)
        at java.base@21.0.8/java.util.concurrent.locks.LockSupport.parkNanos(LockSupport.java:269)
        at java.base@21.0.8/java.util.concurrent.locks.AbstractQueuedSynchronizer$ConditionObject.awaitNanos(AbstractQueuedSynchronizer.java:1763)
        at app//org.eclipse.jetty.util.BlockingArrayQueue.poll(BlockingArrayQueue.java:382)
        at app//org.eclipse.jetty.util.thread.QueuedThreadPool$Runner.idleJobPoll(QueuedThreadPool.java:974)
        at app//org.eclipse.jetty.util.thread.QueuedThreadPool$Runner.run(QueuedThreadPool.java:1018)
        at java.base@21.0.8/java.lang.Thread.runWith(Thread.java:1596)
        at java.base@21.0.8/java.lang.Thread.run(Thread.java:1583)
"volumeTable_FullTableCache-Cleanup-0" daemon prio=5 tid=1231 timed_waiting
java.lang.Thread.State: TIMED_WAITING
        at java.base@21.0.8/jdk.internal.misc.Unsafe.park(Native Method)
        at java.base@21.0.8/java.util.concurrent.locks.LockSupport.parkNanos(LockSupport.java:269)
        at java.base@21.0.8/java.util.concurrent.locks.AbstractQueuedSynchronizer$ConditionObject.awaitNanos(AbstractQueuedSynchronizer.java:1763)
        at java.base@21.0.8/java.util.concurrent.ScheduledThreadPoolExecutor$DelayedWorkQueue.take(ScheduledThreadPoolExecutor.java:1182)
        at java.base@21.0.8/java.util.concurrent.ScheduledThreadPoolExecutor$DelayedWorkQueue.take(ScheduledThreadPoolExecutor.java:899)
        at java.base@21.0.8/java.util.concurrent.ThreadPoolExecutor.getTask(ThreadPoolExecutor.java:1070)
        at java.base@21.0.8/java.util.concurrent.ThreadPoolExecutor.runWorker(ThreadPoolExecutor.java:1130)
        at java.base@21.0.8/java.util.concurrent.ThreadPoolExecutor$Worker.run(ThreadPoolExecutor.java:642)
        at java.base@21.0.8/java.lang.Thread.runWith(Thread.java:1596)
        at java.base@21.0.8/java.lang.Thread.run(Thread.java:1583)
"qtp1685778567-678" daemon prio=5 tid=678 timed_waiting
java.lang.Thread.State: TIMED_WAITING
        at java.base@21.0.8/jdk.internal.misc.Unsafe.park(Native Method)
        at java.base@21.0.8/java.util.concurrent.locks.LockSupport.parkNanos(LockSupport.java:269)
        at java.base@21.0.8/java.util.concurrent.locks.AbstractQueuedSynchronizer$ConditionObject.awaitNanos(AbstractQueuedSynchronizer.java:1763)
        at app//org.eclipse.jetty.util.BlockingArrayQueue.poll(BlockingArrayQueue.java:382)
        at app//org.eclipse.jetty.util.thread.QueuedThreadPool$Runner.idleJobPoll(QueuedThreadPool.java:974)
        at app//org.eclipse.jetty.util.thread.QueuedThreadPool$Runner.run(QueuedThreadPool.java:1018)
        at java.base@21.0.8/java.lang.Thread.runWith(Thread.java:1596)
        at java.base@21.0.8/java.lang.Thread.run(Thread.java:1583)
"Socket Reader #2 for port 15001" daemon prio=5 tid=522 runnable
java.lang.Thread.State: RUNNABLE
        at java.base@21.0.8/sun.nio.ch.EPoll.wait(Native Method)
        at java.base@21.0.8/sun.nio.ch.EPollSelectorImpl.doSelect(EPollSelectorImpl.java:121)
        at java.base@21.0.8/sun.nio.ch.SelectorImpl.lockAndDoSelect(SelectorImpl.java:130)
        at java.base@21.0.8/sun.nio.ch.SelectorImpl.select(SelectorImpl.java:147)
        at app//org.apache.hadoop.ipc.Server$Listener$Reader.doRunLoop(Server.java:1497)
        at app//org.apache.hadoop.ipc.Server$Listener$Reader.run(Server.java:1476)
"Socket Reader #9 for port 15013" daemon prio=5 tid=690 runnable
java.lang.Thread.State: RUNNABLE
        at java.base@21.0.8/sun.nio.ch.EPoll.wait(Native Method)
        at java.base@21.0.8/sun.nio.ch.EPollSelectorImpl.doSelect(EPollSelectorImpl.java:121)
        at java.base@21.0.8/sun.nio.ch.SelectorImpl.lockAndDoSelect(SelectorImpl.java:130)
        at java.base@21.0.8/sun.nio.ch.SelectorImpl.select(SelectorImpl.java:147)
        at app//org.apache.hadoop.ipc.Server$Listener$Reader.doRunLoop(Server.java:1497)
        at app//org.apache.hadoop.ipc.Server$Listener$Reader.run(Server.java:1476)
"Socket Reader #10 for port 15045" daemon prio=5 tid=958 runnable
java.lang.Thread.State: RUNNABLE
        at java.base@21.0.8/sun.nio.ch.EPoll.wait(Native Method)
        at java.base@21.0.8/sun.nio.ch.EPollSelectorImpl.doSelect(EPollSelectorImpl.java:121)
        at java.base@21.0.8/sun.nio.ch.SelectorImpl.lockAndDoSelect(SelectorImpl.java:130)
        at java.base@21.0.8/sun.nio.ch.SelectorImpl.select(SelectorImpl.java:147)
        at app//org.apache.hadoop.ipc.Server$Listener$Reader.doRunLoop(Server.java:1497)
        at app//org.apache.hadoop.ipc.Server$Listener$Reader.run(Server.java:1476)
"IPC Server handler 70 on default port 15001" daemon prio=5 tid=628 timed_waiting
java.lang.Thread.State: TIMED_WAITING
        at java.base@21.0.8/jdk.internal.misc.Unsafe.park(Native Method)
        at java.base@21.0.8/java.util.concurrent.locks.LockSupport.parkNanos(LockSupport.java:269)
        at java.base@21.0.8/java.util.concurrent.locks.AbstractQueuedSynchronizer$ConditionObject.awaitNanos(AbstractQueuedSynchronizer.java:1763)
        at java.base@21.0.8/java.util.concurrent.LinkedBlockingQueue.poll(LinkedBlockingQueue.java:460)
        at app//org.apache.hadoop.ipc.CallQueueManager.take(CallQueueManager.java:370)
        at app//org.apache.hadoop.ipc.Server$Handler.run(Server.java:3165)
"Socket Reader #8 for port 15002" daemon prio=5 tid=98 runnable
java.lang.Thread.State: RUNNABLE
        at java.base@21.0.8/sun.nio.ch.EPoll.wait(Native Method)
        at java.base@21.0.8/sun.nio.ch.EPollSelectorImpl.doSelect(EPollSelectorImpl.java:121)
        at java.base@21.0.8/sun.nio.ch.SelectorImpl.lockAndDoSelect(SelectorImpl.java:130)
        at java.base@21.0.8/sun.nio.ch.SelectorImpl.select(SelectorImpl.java:147)
        at app//org.apache.hadoop.ipc.Server$Listener$Reader.doRunLoop(Server.java:1497)
        at app//org.apache.hadoop.ipc.Server$Listener$Reader.run(Server.java:1476)
"IPC Server handler 80 on default port 15001" daemon prio=5 tid=638 timed_waiting
java.lang.Thread.State: TIMED_WAITING
        at java.base@21.0.8/jdk.internal.misc.Unsafe.park(Native Method)
        at java.base@21.0.8/java.util.concurrent.locks.LockSupport.parkNanos(LockSupport.java:269)
        at java.base@21.0.8/java.util.concurrent.locks.AbstractQueuedSynchronizer$ConditionObject.awaitNanos(AbstractQueuedSynchronizer.java:1763)
        at java.base@21.0.8/java.util.concurrent.LinkedBlockingQueue.poll(LinkedBlockingQueue.java:460)
        at app//org.apache.hadoop.ipc.CallQueueManager.take(CallQueueManager.java:370)
        at app//org.apache.hadoop.ipc.Server$Handler.run(Server.java:3165)
"42a5f925-1bc2-4f8a-8509-c5ae65e6fcde@group-EC04683B356A-SegmentedRaftLogWorker"  prio=5 tid=1034 timed_waiting
java.lang.Thread.State: TIMED_WAITING
        at java.base@21.0.8/jdk.internal.misc.Unsafe.park(Native Method)
        at java.base@21.0.8/java.util.concurrent.locks.LockSupport.parkNanos(LockSupport.java:269)
        at java.base@21.0.8/java.util.concurrent.locks.AbstractQueuedSynchronizer$ConditionObject.awaitNanos(AbstractQueuedSynchronizer.java:1763)
        at app//org.apache.ratis.util.DataBlockingQueue.poll(DataBlockingQueue.java:148)
        at app//org.apache.ratis.server.raftlog.segmented.SegmentedRaftLogWorker.run(SegmentedRaftLogWorker.java:309)
        at app//org.apache.ratis.server.raftlog.segmented.SegmentedRaftLogWorker$$Lambda/0x00007f18e8394d50.run(Unknown Source)
        at java.base@21.0.8/java.util.concurrent.Executors$RunnableAdapter.call(Executors.java:572)
        at java.base@21.0.8/java.util.concurrent.FutureTask.run(FutureTask.java:317)
        at java.base@21.0.8/java.util.concurrent.ThreadPoolExecutor.runWorker(ThreadPoolExecutor.java:1144)
        at java.base@21.0.8/java.util.concurrent.ThreadPoolExecutor$Worker.run(ThreadPoolExecutor.java:642)
        at java.base@21.0.8/java.lang.Thread.runWith(Thread.java:1596)
        at java.base@21.0.8/java.lang.Thread.run(Thread.java:1583)
"IPC Server handler 52 on default port 15001" daemon prio=5 tid=610 timed_waiting
java.lang.Thread.State: TIMED_WAITING
        at java.base@21.0.8/jdk.internal.misc.Unsafe.park(Native Method)
        at java.base@21.0.8/java.util.concurrent.locks.LockSupport.parkNanos(LockSupport.java:269)
        at java.base@21.0.8/java.util.concurrent.locks.AbstractQueuedSynchronizer$ConditionObject.awaitNanos(AbstractQueuedSynchronizer.java:1763)
        at java.base@21.0.8/java.util.concurrent.LinkedBlockingQueue.poll(LinkedBlockingQueue.java:460)
        at app//org.apache.hadoop.ipc.CallQueueManager.take(CallQueueManager.java:370)
        at app//org.apache.hadoop.ipc.Server$Handler.run(Server.java:3165)
"IPC Server handler 6 on default port 15021" daemon prio=5 tid=747 timed_waiting
java.lang.Thread.State: TIMED_WAITING
        at java.base@21.0.8/jdk.internal.misc.Unsafe.park(Native Method)
        at java.base@21.0.8/java.util.concurrent.locks.LockSupport.parkNanos(LockSupport.java:269)
        at java.base@21.0.8/java.util.concurrent.locks.AbstractQueuedSynchronizer$ConditionObject.awaitNanos(AbstractQueuedSynchronizer.java:1763)
        at java.base@21.0.8/java.util.concurrent.LinkedBlockingQueue.poll(LinkedBlockingQueue.java:460)
        at app//org.apache.hadoop.ipc.CallQueueManager.take(CallQueueManager.java:370)
        at app//org.apache.hadoop.ipc.Server$Handler.run(Server.java:3165)
"IPC Server handler 96 on default port 15004" daemon prio=5 tid=435 timed_waiting
java.lang.Thread.State: TIMED_WAITING
        at java.base@21.0.8/jdk.internal.misc.Unsafe.park(Native Method)
        at java.base@21.0.8/java.util.concurrent.locks.LockSupport.parkNanos(LockSupport.java:269)
        at java.base@21.0.8/java.util.concurrent.locks.AbstractQueuedSynchronizer$ConditionObject.awaitNanos(AbstractQueuedSynchronizer.java:1763)
        at java.base@21.0.8/java.util.concurrent.LinkedBlockingQueue.poll(LinkedBlockingQueue.java:460)
        at app//org.apache.hadoop.ipc.CallQueueManager.take(CallQueueManager.java:370)
        at app//org.apache.hadoop.ipc.Server$Handler.run(Server.java:3165)
"Socket Reader #9 for port 15008" daemon prio=5 tid=458 runnable
java.lang.Thread.State: RUNNABLE
        at java.base@21.0.8/sun.nio.ch.EPoll.wait(Native Method)
        at java.base@21.0.8/sun.nio.ch.EPollSelectorImpl.doSelect(EPollSelectorImpl.java:121)
        at java.base@21.0.8/sun.nio.ch.SelectorImpl.lockAndDoSelect(SelectorImpl.java:130)
        at java.base@21.0.8/sun.nio.ch.SelectorImpl.select(SelectorImpl.java:147)
        at app//org.apache.hadoop.ipc.Server$Listener$Reader.doRunLoop(Server.java:1497)
        at app//org.apache.hadoop.ipc.Server$Listener$Reader.run(Server.java:1476)
"Recon-EventQueue-PipelineReportForReconPipelineReportHandler" daemon prio=5 tid=920 in Object.wait()
java.lang.Thread.State: WAITING (on object monitor)
        at java.base@21.0.8/jdk.internal.misc.Unsafe.park(Native Method)
        at java.base@21.0.8/java.util.concurrent.locks.LockSupport.park(LockSupport.java:371)
        at java.base@21.0.8/java.util.concurrent.locks.AbstractQueuedSynchronizer$ConditionNode.block(AbstractQueuedSynchronizer.java:519)
        at java.base@21.0.8/java.util.concurrent.ForkJoinPool.unmanagedBlock(ForkJoinPool.java:3780)
        at java.base@21.0.8/java.util.concurrent.ForkJoinPool.managedBlock(ForkJoinPool.java:3725)
        at java.base@21.0.8/java.util.concurrent.locks.AbstractQueuedSynchronizer$ConditionObject.await(AbstractQueuedSynchronizer.java:1712)
        at java.base@21.0.8/java.util.concurrent.LinkedBlockingQueue.take(LinkedBlockingQueue.java:435)
        at java.base@21.0.8/java.util.concurrent.ThreadPoolExecutor.getTask(ThreadPoolExecutor.java:1070)
        at java.base@21.0.8/java.util.concurrent.ThreadPoolExecutor.runWorker(ThreadPoolExecutor.java:1130)
        at java.base@21.0.8/java.util.concurrent.ThreadPoolExecutor$Worker.run(ThreadPoolExecutor.java:642)
        at java.base@21.0.8/java.lang.Thread.runWith(Thread.java:1596)
        at java.base@21.0.8/java.lang.Thread.run(Thread.java:1583)
"0ed0910f-4ac9-4f62-be34-d90c51a3e6c9-DatanodeStateMachineTaskThread-0"  prio=5 tid=978 in Object.wait()
java.lang.Thread.State: WAITING (on object monitor)
        at java.base@21.0.8/jdk.internal.misc.Unsafe.park(Native Method)
        at java.base@21.0.8/java.util.concurrent.locks.LockSupport.park(LockSupport.java:371)
        at java.base@21.0.8/java.util.concurrent.locks.AbstractQueuedSynchronizer$ConditionNode.block(AbstractQueuedSynchronizer.java:519)
        at java.base@21.0.8/java.util.concurrent.ForkJoinPool.unmanagedBlock(ForkJoinPool.java:3780)
        at java.base@21.0.8/java.util.concurrent.ForkJoinPool.managedBlock(ForkJoinPool.java:3725)
        at java.base@21.0.8/java.util.concurrent.locks.AbstractQueuedSynchronizer$ConditionObject.await(AbstractQueuedSynchronizer.java:1712)
        at java.base@21.0.8/java.util.concurrent.LinkedBlockingQueue.take(LinkedBlockingQueue.java:435)
        at java.base@21.0.8/java.util.concurrent.ThreadPoolExecutor.getTask(ThreadPoolExecutor.java:1070)
        at java.base@21.0.8/java.util.concurrent.ThreadPoolExecutor.runWorker(ThreadPoolExecutor.java:1130)
        at java.base@21.0.8/java.util.concurrent.ThreadPoolExecutor$Worker.run(ThreadPoolExecutor.java:642)
        at java.base@21.0.8/java.lang.Thread.runWith(Thread.java:1596)
        at java.base@21.0.8/java.lang.Thread.run(Thread.java:1583)
"IPC Server handler 68 on default port 15004" daemon prio=5 tid=407 timed_waiting
java.lang.Thread.State: TIMED_WAITING
        at java.base@21.0.8/jdk.internal.misc.Unsafe.park(Native Method)
        at java.base@21.0.8/java.util.concurrent.locks.LockSupport.parkNanos(LockSupport.java:269)
        at java.base@21.0.8/java.util.concurrent.locks.AbstractQueuedSynchronizer$ConditionObject.awaitNanos(AbstractQueuedSynchronizer.java:1763)
        at java.base@21.0.8/java.util.concurrent.LinkedBlockingQueue.poll(LinkedBlockingQueue.java:460)
        at app//org.apache.hadoop.ipc.CallQueueManager.take(CallQueueManager.java:370)
        at app//org.apache.hadoop.ipc.Server$Handler.run(Server.java:3165)
"ReplicationMonitor" daemon prio=5 tid=58 timed_waiting
java.lang.Thread.State: TIMED_WAITING
        at java.base@21.0.8/java.lang.Object.wait0(Native Method)
        at java.base@21.0.8/java.lang.Object.wait(Object.java:366)
        at app//org.apache.hadoop.hdds.scm.container.replication.ReplicationManager.run(ReplicationManager.java:934)
        at app//org.apache.hadoop.hdds.scm.container.replication.ReplicationManager$$Lambda/0x00007f18e8521038.run(Unknown Source)
        at java.base@21.0.8/java.lang.Thread.runWith(Thread.java:1596)
        at java.base@21.0.8/java.lang.Thread.run(Thread.java:1583)
"IPC Server handler 86 on default port 15001" daemon prio=5 tid=644 timed_waiting
java.lang.Thread.State: TIMED_WAITING
        at java.base@21.0.8/jdk.internal.misc.Unsafe.park(Native Method)
        at java.base@21.0.8/java.util.concurrent.locks.LockSupport.parkNanos(LockSupport.java:269)
        at java.base@21.0.8/java.util.concurrent.locks.AbstractQueuedSynchronizer$ConditionObject.awaitNanos(AbstractQueuedSynchronizer.java:1763)
        at java.base@21.0.8/java.util.concurrent.LinkedBlockingQueue.poll(LinkedBlockingQueue.java:460)
        at app//org.apache.hadoop.ipc.CallQueueManager.take(CallQueueManager.java:370)
        at app//org.apache.hadoop.ipc.Server$Handler.run(Server.java:3165)
"EventQueue-ContainerRegistrationReportForRatisContainerSafeModeRule" daemon prio=5 tid=922 in Object.wait()
java.lang.Thread.State: WAITING (on object monitor)
        at java.base@21.0.8/jdk.internal.misc.Unsafe.park(Native Method)
        at java.base@21.0.8/java.util.concurrent.locks.LockSupport.park(LockSupport.java:371)
        at java.base@21.0.8/java.util.concurrent.locks.AbstractQueuedSynchronizer$ConditionNode.block(AbstractQueuedSynchronizer.java:519)
        at java.base@21.0.8/java.util.concurrent.ForkJoinPool.unmanagedBlock(ForkJoinPool.java:3780)
        at java.base@21.0.8/java.util.concurrent.ForkJoinPool.managedBlock(ForkJoinPool.java:3725)
        at java.base@21.0.8/java.util.concurrent.locks.AbstractQueuedSynchronizer$ConditionObject.await(AbstractQueuedSynchronizer.java:1712)
        at java.base@21.0.8/java.util.concurrent.LinkedBlockingQueue.take(LinkedBlockingQueue.java:435)
        at java.base@21.0.8/java.util.concurrent.ThreadPoolExecutor.getTask(ThreadPoolExecutor.java:1070)
        at java.base@21.0.8/java.util.concurrent.ThreadPoolExecutor.runWorker(ThreadPoolExecutor.java:1130)
        at java.base@21.0.8/java.util.concurrent.ThreadPoolExecutor$Worker.run(ThreadPoolExecutor.java:642)
        at java.base@21.0.8/java.lang.Thread.runWith(Thread.java:1596)
        at java.base@21.0.8/java.lang.Thread.run(Thread.java:1583)
"IPC Server handler 52 on default port 15003" daemon prio=5 tid=273 timed_waiting
java.lang.Thread.State: TIMED_WAITING
        at java.base@21.0.8/jdk.internal.misc.Unsafe.park(Native Method)
        at java.base@21.0.8/java.util.concurrent.locks.LockSupport.parkNanos(LockSupport.java:269)
        at java.base@21.0.8/java.util.concurrent.locks.AbstractQueuedSynchronizer$ConditionObject.awaitNanos(AbstractQueuedSynchronizer.java:1763)
        at java.base@21.0.8/java.util.concurrent.LinkedBlockingQueue.poll(LinkedBlockingQueue.java:460)
        at app//org.apache.hadoop.ipc.CallQueueManager.take(CallQueueManager.java:370)
        at app//org.apache.hadoop.ipc.Server$Handler.run(Server.java:3165)
"00aa5afb-d218-4771-abd7-db0247b9d23b@group-334FE627F997-LeaderStateImpl" daemon prio=5 tid=337 timed_waiting
java.lang.Thread.State: TIMED_WAITING
        at java.base@21.0.8/jdk.internal.misc.Unsafe.park(Native Method)
        at java.base@21.0.8/java.util.concurrent.locks.LockSupport.parkNanos(LockSupport.java:269)
        at java.base@21.0.8/java.util.concurrent.locks.AbstractQueuedSynchronizer$ConditionObject.awaitNanos(AbstractQueuedSynchronizer.java:1763)
        at java.base@21.0.8/java.util.concurrent.ArrayBlockingQueue.poll(ArrayBlockingQueue.java:435)
        at app//org.apache.ratis.server.impl.LeaderStateImpl$EventQueue.poll(LeaderStateImpl.java:168)
        at app//org.apache.ratis.server.impl.LeaderStateImpl$EventProcessor.run(LeaderStateImpl.java:761)
"IPC Server handler 30 on default port 15001" daemon prio=5 tid=588 timed_waiting
java.lang.Thread.State: TIMED_WAITING
        at java.base@21.0.8/jdk.internal.misc.Unsafe.park(Native Method)
        at java.base@21.0.8/java.util.concurrent.locks.LockSupport.parkNanos(LockSupport.java:269)
        at java.base@21.0.8/java.util.concurrent.locks.AbstractQueuedSynchronizer$ConditionObject.awaitNanos(AbstractQueuedSynchronizer.java:1763)
        at java.base@21.0.8/java.util.concurrent.LinkedBlockingQueue.poll(LinkedBlockingQueue.java:460)
        at app//org.apache.hadoop.ipc.CallQueueManager.take(CallQueueManager.java:370)
        at app//org.apache.hadoop.ipc.Server$Handler.run(Server.java:3165)
"IPC Server handler 44 on default port 15002" daemon prio=5 tid=165 timed_waiting
java.lang.Thread.State: TIMED_WAITING
        at java.base@21.0.8/jdk.internal.misc.Unsafe.park(Native Method)
        at java.base@21.0.8/java.util.concurrent.locks.LockSupport.parkNanos(LockSupport.java:269)
        at java.base@21.0.8/java.util.concurrent.locks.AbstractQueuedSynchronizer$ConditionObject.awaitNanos(AbstractQueuedSynchronizer.java:1763)
        at java.base@21.0.8/java.util.concurrent.LinkedBlockingQueue.poll(LinkedBlockingQueue.java:460)
        at app//org.apache.hadoop.ipc.CallQueueManager.take(CallQueueManager.java:370)
        at app//org.apache.hadoop.ipc.Server$Handler.run(Server.java:3165)
"IPC Server handler 90 on default port 15003" daemon prio=5 tid=311 timed_waiting
java.lang.Thread.State: TIMED_WAITING
        at java.base@21.0.8/jdk.internal.misc.Unsafe.park(Native Method)
        at java.base@21.0.8/java.util.concurrent.locks.LockSupport.parkNanos(LockSupport.java:269)
        at java.base@21.0.8/java.util.concurrent.locks.AbstractQueuedSynchronizer$ConditionObject.awaitNanos(AbstractQueuedSynchronizer.java:1763)
        at java.base@21.0.8/java.util.concurrent.LinkedBlockingQueue.poll(LinkedBlockingQueue.java:460)
        at app//org.apache.hadoop.ipc.CallQueueManager.take(CallQueueManager.java:370)
        at app//org.apache.hadoop.ipc.Server$Handler.run(Server.java:3165)
"JvmPauseMonitor1" daemon prio=5 tid=118 timed_waiting
java.lang.Thread.State: TIMED_WAITING
        at java.base@21.0.8/java.lang.Thread.sleep0(Native Method)
        at java.base@21.0.8/java.lang.Thread.sleep(Thread.java:558)
        at java.base@21.0.8/java.util.concurrent.TimeUnit.sleep(TimeUnit.java:446)
        at app//org.apache.ratis.util.TimeDuration.sleep(TimeDuration.java:353)
        at app//org.apache.ratis.util.TimeDuration.sleep(TimeDuration.java:338)
        at app//org.apache.ratis.util.JvmPauseMonitor.detectPause(JvmPauseMonitor.java:160)
        at app//org.apache.ratis.util.JvmPauseMonitor.run(JvmPauseMonitor.java:149)
        at app//org.apache.ratis.util.JvmPauseMonitor$$Lambda/0x00007f18e83aead8.run(Unknown Source)
        at java.base@21.0.8/java.lang.Thread.runWith(Thread.java:1596)
        at java.base@21.0.8/java.lang.Thread.run(Thread.java:1583)
"IPC Server handler 0 on default port 15045" daemon prio=5 tid=962 timed_waiting
java.lang.Thread.State: TIMED_WAITING
        at java.base@21.0.8/jdk.internal.misc.Unsafe.park(Native Method)
        at java.base@21.0.8/java.util.concurrent.locks.LockSupport.parkNanos(LockSupport.java:269)
        at java.base@21.0.8/java.util.concurrent.locks.AbstractQueuedSynchronizer$ConditionObject.awaitNanos(AbstractQueuedSynchronizer.java:1763)
        at java.base@21.0.8/java.util.concurrent.LinkedBlockingQueue.poll(LinkedBlockingQueue.java:460)
        at app//org.apache.hadoop.ipc.CallQueueManager.take(CallQueueManager.java:370)
        at app//org.apache.hadoop.ipc.Server$Handler.run(Server.java:3165)
"om1-DirectoryDeletingService#4" daemon prio=5 tid=1364 in Object.wait()
java.lang.Thread.State: WAITING (on object monitor)
        at java.base@21.0.8/jdk.internal.misc.Unsafe.park(Native Method)
        at java.base@21.0.8/java.util.concurrent.locks.LockSupport.park(LockSupport.java:371)
        at java.base@21.0.8/java.util.concurrent.locks.AbstractQueuedSynchronizer$ConditionNode.block(AbstractQueuedSynchronizer.java:519)
        at java.base@21.0.8/java.util.concurrent.ForkJoinPool.unmanagedBlock(ForkJoinPool.java:3780)
        at java.base@21.0.8/java.util.concurrent.ForkJoinPool.managedBlock(ForkJoinPool.java:3725)
        at java.base@21.0.8/java.util.concurrent.locks.AbstractQueuedSynchronizer$ConditionObject.await(AbstractQueuedSynchronizer.java:1712)
        at java.base@21.0.8/java.util.concurrent.ScheduledThreadPoolExecutor$DelayedWorkQueue.take(ScheduledThreadPoolExecutor.java:1177)
        at java.base@21.0.8/java.util.concurrent.ScheduledThreadPoolExecutor$DelayedWorkQueue.take(ScheduledThreadPoolExecutor.java:899)
        at java.base@21.0.8/java.util.concurrent.ThreadPoolExecutor.getTask(ThreadPoolExecutor.java:1070)
        at java.base@21.0.8/java.util.concurrent.ThreadPoolExecutor.runWorker(ThreadPoolExecutor.java:1130)
        at java.base@21.0.8/java.util.concurrent.ThreadPoolExecutor$Worker.run(ThreadPoolExecutor.java:642)
        at java.base@21.0.8/java.lang.Thread.runWith(Thread.java:1596)
        at java.base@21.0.8/java.lang.Thread.run(Thread.java:1583)
"IPC Server handler 26 on default port 15002" daemon prio=5 tid=147 timed_waiting
java.lang.Thread.State: TIMED_WAITING
        at java.base@21.0.8/jdk.internal.misc.Unsafe.park(Native Method)
        at java.base@21.0.8/java.util.concurrent.locks.LockSupport.parkNanos(LockSupport.java:269)
        at java.base@21.0.8/java.util.concurrent.locks.AbstractQueuedSynchronizer$ConditionObject.awaitNanos(AbstractQueuedSynchronizer.java:1763)
        at java.base@21.0.8/java.util.concurrent.LinkedBlockingQueue.poll(LinkedBlockingQueue.java:460)
        at app//org.apache.hadoop.ipc.CallQueueManager.take(CallQueueManager.java:370)
        at app//org.apache.hadoop.ipc.Server$Handler.run(Server.java:3165)
"IPC Server idle connection scanner for port 15013" daemon prio=5 tid=692 timed_waiting
java.lang.Thread.State: TIMED_WAITING
        at java.base@21.0.8/java.lang.Object.wait0(Native Method)
        at java.base@21.0.8/java.lang.Object.wait(Object.java:366)
        at java.base@21.0.8/java.util.TimerThread.mainLoop(Timer.java:563)
        at java.base@21.0.8/java.util.TimerThread.run(Timer.java:516)
"IPC Server handler 22 on default port 15001" daemon prio=5 tid=580 timed_waiting
java.lang.Thread.State: TIMED_WAITING
        at java.base@21.0.8/jdk.internal.misc.Unsafe.park(Native Method)
        at java.base@21.0.8/java.util.concurrent.locks.LockSupport.parkNanos(LockSupport.java:269)
        at java.base@21.0.8/java.util.concurrent.locks.AbstractQueuedSynchronizer$ConditionObject.awaitNanos(AbstractQueuedSynchronizer.java:1763)
        at java.base@21.0.8/java.util.concurrent.LinkedBlockingQueue.poll(LinkedBlockingQueue.java:460)
        at app//org.apache.hadoop.ipc.CallQueueManager.take(CallQueueManager.java:370)
        at app//org.apache.hadoop.ipc.Server$Handler.run(Server.java:3165)
"IPC Server handler 77 on default port 15001" daemon prio=5 tid=635 timed_waiting
java.lang.Thread.State: TIMED_WAITING
        at java.base@21.0.8/jdk.internal.misc.Unsafe.park(Native Method)
        at java.base@21.0.8/java.util.concurrent.locks.LockSupport.parkNanos(LockSupport.java:269)
        at java.base@21.0.8/java.util.concurrent.locks.AbstractQueuedSynchronizer$ConditionObject.awaitNanos(AbstractQueuedSynchronizer.java:1763)
        at java.base@21.0.8/java.util.concurrent.LinkedBlockingQueue.poll(LinkedBlockingQueue.java:460)
        at app//org.apache.hadoop.ipc.CallQueueManager.take(CallQueueManager.java:370)
        at app//org.apache.hadoop.ipc.Server$Handler.run(Server.java:3165)
"d5ad88c2-6e7a-4660-bab6-a4e8807a575e-NettyServerStreamRpc-bossGroup--thread1" daemon prio=5 tid=714 runnable
java.lang.Thread.State: RUNNABLE
        at app//org.apache.ratis.thirdparty.io.netty.channel.epoll.Native.epollWait(Native Method)
        at app//org.apache.ratis.thirdparty.io.netty.channel.epoll.Native.epollWait(Native.java:220)
        at app//org.apache.ratis.thirdparty.io.netty.channel.epoll.Native.epollWait(Native.java:213)
        at app//org.apache.ratis.thirdparty.io.netty.channel.epoll.EpollEventLoop.epollWaitNoTimerChange(EpollEventLoop.java:308)
        at app//org.apache.ratis.thirdparty.io.netty.channel.epoll.EpollEventLoop.run(EpollEventLoop.java:365)
        at app//org.apache.ratis.thirdparty.io.netty.util.concurrent.SingleThreadEventExecutor$4.run(SingleThreadEventExecutor.java:998)
        at app//org.apache.ratis.thirdparty.io.netty.util.internal.ThreadExecutorMap$2.run(ThreadExecutorMap.java:74)
        at java.base@21.0.8/java.lang.Thread.runWith(Thread.java:1596)
        at java.base@21.0.8/java.lang.Thread.run(Thread.java:1583)
"0ed0910f-4ac9-4f62-be34-d90c51a3e6c9-ReplicationContainerReader-3" daemon prio=5 tid=1334 in Object.wait()
java.lang.Thread.State: WAITING (on object monitor)
        at java.base@21.0.8/jdk.internal.misc.Unsafe.park(Native Method)
        at java.base@21.0.8/java.util.concurrent.locks.LockSupport.park(LockSupport.java:371)
        at java.base@21.0.8/java.util.concurrent.locks.AbstractQueuedSynchronizer$ConditionNode.block(AbstractQueuedSynchronizer.java:519)
        at java.base@21.0.8/java.util.concurrent.ForkJoinPool.unmanagedBlock(ForkJoinPool.java:3780)
        at java.base@21.0.8/java.util.concurrent.ForkJoinPool.managedBlock(ForkJoinPool.java:3725)
        at java.base@21.0.8/java.util.concurrent.locks.AbstractQueuedSynchronizer$ConditionObject.await(AbstractQueuedSynchronizer.java:1712)
        at java.base@21.0.8/java.util.concurrent.LinkedBlockingQueue.take(LinkedBlockingQueue.java:435)
        at java.base@21.0.8/java.util.concurrent.ThreadPoolExecutor.getTask(ThreadPoolExecutor.java:1070)
        at java.base@21.0.8/java.util.concurrent.ThreadPoolExecutor.runWorker(ThreadPoolExecutor.java:1130)
        at java.base@21.0.8/java.util.concurrent.ThreadPoolExecutor$Worker.run(ThreadPoolExecutor.java:642)
        at java.base@21.0.8/java.lang.Thread.runWith(Thread.java:1596)
        at java.base@21.0.8/java.lang.Thread.run(Thread.java:1583)
"IPC Server handler 12 on default port 15003" daemon prio=5 tid=233 timed_waiting
java.lang.Thread.State: TIMED_WAITING
        at java.base@21.0.8/jdk.internal.misc.Unsafe.park(Native Method)
        at java.base@21.0.8/java.util.concurrent.locks.LockSupport.parkNanos(LockSupport.java:269)
        at java.base@21.0.8/java.util.concurrent.locks.AbstractQueuedSynchronizer$ConditionObject.awaitNanos(AbstractQueuedSynchronizer.java:1763)
        at java.base@21.0.8/java.util.concurrent.LinkedBlockingQueue.poll(LinkedBlockingQueue.java:460)
        at app//org.apache.hadoop.ipc.CallQueueManager.take(CallQueueManager.java:370)
        at app//org.apache.hadoop.ipc.Server$Handler.run(Server.java:3165)
"ContainerMetadataScanner" daemon prio=5 tid=856 timed_waiting
java.lang.Thread.State: TIMED_WAITING
        at java.base@21.0.8/java.lang.Thread.sleep0(Native Method)
        at java.base@21.0.8/java.lang.Thread.sleep(Thread.java:509)
        at app//org.apache.hadoop.ozone.container.ozoneimpl.AbstractBackgroundContainerScanner.handleRemainingSleep(AbstractBackgroundContainerScanner.java:133)
        at app//org.apache.hadoop.ozone.container.ozoneimpl.AbstractBackgroundContainerScanner.runIteration(AbstractBackgroundContainerScanner.java:100)
        at app//org.apache.hadoop.ozone.container.ozoneimpl.AbstractBackgroundContainerScanner.run(AbstractBackgroundContainerScanner.java:59)
        at java.base@21.0.8/java.lang.Thread.runWith(Thread.java:1596)
        at java.base@21.0.8/java.lang.Thread.run(Thread.java:1583)
"IPC Server listener on 15013" daemon prio=5 tid=681 runnable
java.lang.Thread.State: RUNNABLE
        at java.base@21.0.8/sun.nio.ch.EPoll.wait(Native Method)
        at java.base@21.0.8/sun.nio.ch.EPollSelectorImpl.doSelect(EPollSelectorImpl.java:121)
        at java.base@21.0.8/sun.nio.ch.SelectorImpl.lockAndDoSelect(SelectorImpl.java:130)
        at java.base@21.0.8/sun.nio.ch.SelectorImpl.select(SelectorImpl.java:147)
        at app//org.apache.hadoop.ipc.Server$Listener.run(Server.java:1559)
"IPC Server handler 12 on default port 15004" daemon prio=5 tid=351 timed_waiting
java.lang.Thread.State: TIMED_WAITING
        at java.base@21.0.8/jdk.internal.misc.Unsafe.park(Native Method)
        at java.base@21.0.8/java.util.concurrent.locks.LockSupport.parkNanos(LockSupport.java:269)
        at java.base@21.0.8/java.util.concurrent.locks.AbstractQueuedSynchronizer$ConditionObject.awaitNanos(AbstractQueuedSynchronizer.java:1763)
        at java.base@21.0.8/java.util.concurrent.LinkedBlockingQueue.poll(LinkedBlockingQueue.java:460)
        at app//org.apache.hadoop.ipc.CallQueueManager.take(CallQueueManager.java:370)
        at app//org.apache.hadoop.ipc.Server$Handler.run(Server.java:3165)
"om1-OMDoubleBufferFlushThread" daemon prio=5 tid=446 timed_waiting
java.lang.Thread.State: TIMED_WAITING
        at java.base@21.0.8/java.lang.Object.wait0(Native Method)
        at java.base@21.0.8/java.lang.Object.wait(Object.java:366)
        at app//org.apache.hadoop.ozone.om.ratis.OzoneManagerDoubleBuffer.canFlush(OzoneManagerDoubleBuffer.java:547)
        at app//org.apache.hadoop.ozone.om.ratis.OzoneManagerDoubleBuffer.flushTransactions(OzoneManagerDoubleBuffer.java:279)
        at app//org.apache.hadoop.ozone.om.ratis.OzoneManagerDoubleBuffer$$Lambda/0x00007f18e879d700.run(Unknown Source)
        at java.base@21.0.8/java.lang.Thread.runWith(Thread.java:1596)
        at java.base@21.0.8/java.lang.Thread.run(Thread.java:1583)
"IPC Server handler 84 on default port 15003" daemon prio=5 tid=305 timed_waiting
java.lang.Thread.State: TIMED_WAITING
        at java.base@21.0.8/jdk.internal.misc.Unsafe.park(Native Method)
        at java.base@21.0.8/java.util.concurrent.locks.LockSupport.parkNanos(LockSupport.java:269)
        at java.base@21.0.8/java.util.concurrent.locks.AbstractQueuedSynchronizer$ConditionObject.awaitNanos(AbstractQueuedSynchronizer.java:1763)
        at java.base@21.0.8/java.util.concurrent.LinkedBlockingQueue.poll(LinkedBlockingQueue.java:460)
        at app//org.apache.hadoop.ipc.CallQueueManager.take(CallQueueManager.java:370)
        at app//org.apache.hadoop.ipc.Server$Handler.run(Server.java:3165)
"IPC Server handler 13 on default port 15008" daemon prio=5 tid=505 timed_waiting
java.lang.Thread.State: TIMED_WAITING
        at java.base@21.0.8/jdk.internal.misc.Unsafe.park(Native Method)
        at java.base@21.0.8/java.util.concurrent.locks.LockSupport.parkNanos(LockSupport.java:269)
        at java.base@21.0.8/java.util.concurrent.locks.AbstractQueuedSynchronizer$ConditionObject.awaitNanos(AbstractQueuedSynchronizer.java:1763)
        at java.base@21.0.8/java.util.concurrent.LinkedBlockingQueue.poll(LinkedBlockingQueue.java:460)
        at app//org.apache.hadoop.ipc.CallQueueManager.take(CallQueueManager.java:370)
        at app//org.apache.hadoop.ipc.Server$Handler.run(Server.java:3165)
"IPC Server handler 7 on default port 15021" daemon prio=5 tid=748 timed_waiting
java.lang.Thread.State: TIMED_WAITING
        at java.base@21.0.8/jdk.internal.misc.Unsafe.park(Native Method)
        at java.base@21.0.8/java.util.concurrent.locks.LockSupport.parkNanos(LockSupport.java:269)
        at java.base@21.0.8/java.util.concurrent.locks.AbstractQueuedSynchronizer$ConditionObject.awaitNanos(AbstractQueuedSynchronizer.java:1763)
        at java.base@21.0.8/java.util.concurrent.LinkedBlockingQueue.poll(LinkedBlockingQueue.java:460)
        at app//org.apache.hadoop.ipc.CallQueueManager.take(CallQueueManager.java:370)
        at app//org.apache.hadoop.ipc.Server$Handler.run(Server.java:3165)
"Socket Reader #2 for port 15002" daemon prio=5 tid=92 runnable
java.lang.Thread.State: RUNNABLE
        at java.base@21.0.8/sun.nio.ch.EPoll.wait(Native Method)
        at java.base@21.0.8/sun.nio.ch.EPollSelectorImpl.doSelect(EPollSelectorImpl.java:121)
        at java.base@21.0.8/sun.nio.ch.SelectorImpl.lockAndDoSelect(SelectorImpl.java:130)
        at java.base@21.0.8/sun.nio.ch.SelectorImpl.select(SelectorImpl.java:147)
        at app//org.apache.hadoop.ipc.Server$Listener$Reader.doRunLoop(Server.java:1497)
        at app//org.apache.hadoop.ipc.Server$Listener$Reader.run(Server.java:1476)
"NetworkTopologyPoller" daemon prio=5 tid=471 timed_waiting
java.lang.Thread.State: TIMED_WAITING
        at java.base@21.0.8/jdk.internal.misc.Unsafe.park(Native Method)
        at java.base@21.0.8/java.util.concurrent.locks.LockSupport.parkNanos(LockSupport.java:269)
        at java.base@21.0.8/java.util.concurrent.locks.AbstractQueuedSynchronizer$ConditionObject.awaitNanos(AbstractQueuedSynchronizer.java:1763)
        at java.base@21.0.8/java.util.concurrent.ScheduledThreadPoolExecutor$DelayedWorkQueue.take(ScheduledThreadPoolExecutor.java:1182)
        at java.base@21.0.8/java.util.concurrent.ScheduledThreadPoolExecutor$DelayedWorkQueue.take(ScheduledThreadPoolExecutor.java:899)
        at java.base@21.0.8/java.util.concurrent.ThreadPoolExecutor.getTask(ThreadPoolExecutor.java:1070)
        at java.base@21.0.8/java.util.concurrent.ThreadPoolExecutor.runWorker(ThreadPoolExecutor.java:1130)
        at java.base@21.0.8/java.util.concurrent.ThreadPoolExecutor$Worker.run(ThreadPoolExecutor.java:642)
        at java.base@21.0.8/java.lang.Thread.runWith(Thread.java:1596)
        at java.base@21.0.8/java.lang.Thread.run(Thread.java:1583)
"IPC Server handler 85 on default port 15001" daemon prio=5 tid=643 timed_waiting
java.lang.Thread.State: TIMED_WAITING
        at java.base@21.0.8/jdk.internal.misc.Unsafe.park(Native Method)
        at java.base@21.0.8/java.util.concurrent.locks.LockSupport.parkNanos(LockSupport.java:269)
        at java.base@21.0.8/java.util.concurrent.locks.AbstractQueuedSynchronizer$ConditionObject.awaitNanos(AbstractQueuedSynchronizer.java:1763)
        at java.base@21.0.8/java.util.concurrent.LinkedBlockingQueue.poll(LinkedBlockingQueue.java:460)
        at app//org.apache.hadoop.ipc.CallQueueManager.take(CallQueueManager.java:370)
        at app//org.apache.hadoop.ipc.Server$Handler.run(Server.java:3165)
"IPC Server handler 88 on default port 15004" daemon prio=5 tid=427 timed_waiting
java.lang.Thread.State: TIMED_WAITING
        at java.base@21.0.8/jdk.internal.misc.Unsafe.park(Native Method)
        at java.base@21.0.8/java.util.concurrent.locks.LockSupport.parkNanos(LockSupport.java:269)
        at java.base@21.0.8/java.util.concurrent.locks.AbstractQueuedSynchronizer$ConditionObject.awaitNanos(AbstractQueuedSynchronizer.java:1763)
        at java.base@21.0.8/java.util.concurrent.LinkedBlockingQueue.poll(LinkedBlockingQueue.java:460)
        at app//org.apache.hadoop.ipc.CallQueueManager.take(CallQueueManager.java:370)
        at app//org.apache.hadoop.ipc.Server$Handler.run(Server.java:3165)
"IPC Server handler 91 on default port 15004" daemon prio=5 tid=430 timed_waiting
java.lang.Thread.State: TIMED_WAITING
        at java.base@21.0.8/jdk.internal.misc.Unsafe.park(Native Method)
        at java.base@21.0.8/java.util.concurrent.locks.LockSupport.parkNanos(LockSupport.java:269)
        at java.base@21.0.8/java.util.concurrent.locks.AbstractQueuedSynchronizer$ConditionObject.awaitNanos(AbstractQueuedSynchronizer.java:1763)
        at java.base@21.0.8/java.util.concurrent.LinkedBlockingQueue.poll(LinkedBlockingQueue.java:460)
        at app//org.apache.hadoop.ipc.CallQueueManager.take(CallQueueManager.java:370)
        at app//org.apache.hadoop.ipc.Server$Handler.run(Server.java:3165)
"PipelineSyncTask" daemon prio=5 tid=659 timed_waiting
java.lang.Thread.State: TIMED_WAITING
        at java.base@21.0.8/java.lang.Thread.sleep0(Native Method)
        at java.base@21.0.8/java.lang.Thread.sleep(Thread.java:509)
        at app//org.apache.hadoop.ozone.recon.scm.PipelineSyncTask.run(PipelineSyncTask.java:76)
        at app//org.apache.hadoop.ozone.recon.scm.ReconScmTask$$Lambda/0x00007f18e8c38f80.run(Unknown Source)
        at java.base@21.0.8/java.lang.Thread.runWith(Thread.java:1596)
        at java.base@21.0.8/java.lang.Thread.run(Thread.java:1583)
"IPC Server handler 83 on default port 15002" daemon prio=5 tid=204 timed_waiting
java.lang.Thread.State: TIMED_WAITING
        at java.base@21.0.8/jdk.internal.misc.Unsafe.park(Native Method)
        at java.base@21.0.8/java.util.concurrent.locks.LockSupport.parkNanos(LockSupport.java:269)
        at java.base@21.0.8/java.util.concurrent.locks.AbstractQueuedSynchronizer$ConditionObject.awaitNanos(AbstractQueuedSynchronizer.java:1763)
        at java.base@21.0.8/java.util.concurrent.LinkedBlockingQueue.poll(LinkedBlockingQueue.java:460)
        at app//org.apache.hadoop.ipc.CallQueueManager.take(CallQueueManager.java:370)
        at app//org.apache.hadoop.ipc.Server$Handler.run(Server.java:3165)
"IPC Server handler 96 on default port 15003" daemon prio=5 tid=317 timed_waiting
java.lang.Thread.State: TIMED_WAITING
        at java.base@21.0.8/jdk.internal.misc.Unsafe.park(Native Method)
        at java.base@21.0.8/java.util.concurrent.locks.LockSupport.parkNanos(LockSupport.java:269)
        at java.base@21.0.8/java.util.concurrent.locks.AbstractQueuedSynchronizer$ConditionObject.awaitNanos(AbstractQueuedSynchronizer.java:1763)
        at java.base@21.0.8/java.util.concurrent.LinkedBlockingQueue.poll(LinkedBlockingQueue.java:460)
        at app//org.apache.hadoop.ipc.CallQueueManager.take(CallQueueManager.java:370)
        at app//org.apache.hadoop.ipc.Server$Handler.run(Server.java:3165)
"FixedThreadPoolWithAffinityExecutor-6-0" daemon prio=5 tid=110 timed_waiting
java.lang.Thread.State: TIMED_WAITING
        at java.base@21.0.8/jdk.internal.misc.Unsafe.park(Native Method)
        at java.base@21.0.8/java.util.concurrent.locks.LockSupport.parkNanos(LockSupport.java:269)
        at java.base@21.0.8/java.util.concurrent.locks.AbstractQueuedSynchronizer$ConditionObject.awaitNanos(AbstractQueuedSynchronizer.java:1763)
        at java.base@21.0.8/java.util.concurrent.LinkedBlockingQueue.poll(LinkedBlockingQueue.java:460)
        at app//org.apache.hadoop.hdds.scm.server.ContainerReportQueue.poll(ContainerReportQueue.java:269)
        at app//org.apache.hadoop.hdds.scm.server.ContainerReportQueue.poll(ContainerReportQueue.java:42)
        at app//org.apache.hadoop.hdds.server.events.FixedThreadPoolWithAffinityExecutor$ContainerReportProcessTask.run(FixedThreadPoolWithAffinityExecutor.java:228)
        at java.base@21.0.8/java.util.concurrent.Executors$RunnableAdapter.call(Executors.java:572)
        at java.base@21.0.8/java.util.concurrent.FutureTask.run(FutureTask.java:317)
        at java.base@21.0.8/java.util.concurrent.ThreadPoolExecutor.runWorker(ThreadPoolExecutor.java:1144)
        at java.base@21.0.8/java.util.concurrent.ThreadPoolExecutor$Worker.run(ThreadPoolExecutor.java:642)
        at java.base@21.0.8/java.lang.Thread.runWith(Thread.java:1596)
        at java.base@21.0.8/java.lang.Thread.run(Thread.java:1583)
"d5ad88c2-6e7a-4660-bab6-a4e8807a575e-BlockDeletingService#1" daemon prio=5 tid=869 in Object.wait()
java.lang.Thread.State: WAITING (on object monitor)
        at java.base@21.0.8/jdk.internal.misc.Unsafe.park(Native Method)
        at java.base@21.0.8/java.util.concurrent.locks.LockSupport.park(LockSupport.java:371)
        at java.base@21.0.8/java.util.concurrent.locks.AbstractQueuedSynchronizer$ConditionNode.block(AbstractQueuedSynchronizer.java:519)
        at java.base@21.0.8/java.util.concurrent.ForkJoinPool.unmanagedBlock(ForkJoinPool.java:3780)
        at java.base@21.0.8/java.util.concurrent.ForkJoinPool.managedBlock(ForkJoinPool.java:3725)
        at java.base@21.0.8/java.util.concurrent.locks.AbstractQueuedSynchronizer$ConditionObject.await(AbstractQueuedSynchronizer.java:1712)
        at java.base@21.0.8/java.util.concurrent.ScheduledThreadPoolExecutor$DelayedWorkQueue.take(ScheduledThreadPoolExecutor.java:1177)
        at java.base@21.0.8/java.util.concurrent.ScheduledThreadPoolExecutor$DelayedWorkQueue.take(ScheduledThreadPoolExecutor.java:899)
        at java.base@21.0.8/java.util.concurrent.ThreadPoolExecutor.getTask(ThreadPoolExecutor.java:1070)
        at java.base@21.0.8/java.util.concurrent.ThreadPoolExecutor.runWorker(ThreadPoolExecutor.java:1130)
        at java.base@21.0.8/java.util.concurrent.ThreadPoolExecutor$Worker.run(ThreadPoolExecutor.java:642)
        at java.base@21.0.8/java.lang.Thread.runWith(Thread.java:1596)
        at java.base@21.0.8/java.lang.Thread.run(Thread.java:1583)
"IPC Server handler 16 on default port 15004" daemon prio=5 tid=355 timed_waiting
java.lang.Thread.State: TIMED_WAITING
        at java.base@21.0.8/jdk.internal.misc.Unsafe.park(Native Method)
        at java.base@21.0.8/java.util.concurrent.locks.LockSupport.parkNanos(LockSupport.java:269)
        at java.base@21.0.8/java.util.concurrent.locks.AbstractQueuedSynchronizer$ConditionObject.awaitNanos(AbstractQueuedSynchronizer.java:1763)
        at java.base@21.0.8/java.util.concurrent.LinkedBlockingQueue.poll(LinkedBlockingQueue.java:460)
        at app//org.apache.hadoop.ipc.CallQueueManager.take(CallQueueManager.java:370)
        at app//org.apache.hadoop.ipc.Server$Handler.run(Server.java:3165)
"0ed0910f-4ac9-4f62-be34-d90c51a3e6c9-ReplicationContainerReader-1" daemon prio=5 tid=1329 in Object.wait()
java.lang.Thread.State: WAITING (on object monitor)
        at java.base@21.0.8/jdk.internal.misc.Unsafe.park(Native Method)
        at java.base@21.0.8/java.util.concurrent.locks.LockSupport.park(LockSupport.java:371)
        at java.base@21.0.8/java.util.concurrent.locks.AbstractQueuedSynchronizer$ConditionNode.block(AbstractQueuedSynchronizer.java:519)
        at java.base@21.0.8/java.util.concurrent.ForkJoinPool.unmanagedBlock(ForkJoinPool.java:3780)
        at java.base@21.0.8/java.util.concurrent.ForkJoinPool.managedBlock(ForkJoinPool.java:3725)
        at java.base@21.0.8/java.util.concurrent.locks.AbstractQueuedSynchronizer$ConditionObject.await(AbstractQueuedSynchronizer.java:1712)
        at java.base@21.0.8/java.util.concurrent.LinkedBlockingQueue.take(LinkedBlockingQueue.java:435)
        at java.base@21.0.8/java.util.concurrent.ThreadPoolExecutor.getTask(ThreadPoolExecutor.java:1070)
        at java.base@21.0.8/java.util.concurrent.ThreadPoolExecutor.runWorker(ThreadPoolExecutor.java:1130)
        at java.base@21.0.8/java.util.concurrent.ThreadPoolExecutor$Worker.run(ThreadPoolExecutor.java:642)
        at java.base@21.0.8/java.lang.Thread.runWith(Thread.java:1596)
        at java.base@21.0.8/java.lang.Thread.run(Thread.java:1583)
"IPC Server idle connection scanner for port 15037" daemon prio=5 tid=880 timed_waiting
java.lang.Thread.State: TIMED_WAITING
        at java.base@21.0.8/java.lang.Object.wait0(Native Method)
        at java.base@21.0.8/java.lang.Object.wait(Object.java:366)
        at java.base@21.0.8/java.util.TimerThread.mainLoop(Timer.java:563)
        at java.base@21.0.8/java.util.TimerThread.run(Timer.java:516)
"0ed0910f-4ac9-4f62-be34-d90c51a3e6c9@group-9A86F6A96A63-SegmentedRaftLogWorker"  prio=5 tid=1089 timed_waiting
java.lang.Thread.State: TIMED_WAITING
        at java.base@21.0.8/jdk.internal.misc.Unsafe.park(Native Method)
        at java.base@21.0.8/java.util.concurrent.locks.LockSupport.parkNanos(LockSupport.java:269)
        at java.base@21.0.8/java.util.concurrent.locks.AbstractQueuedSynchronizer$ConditionObject.awaitNanos(AbstractQueuedSynchronizer.java:1763)
        at app//org.apache.ratis.util.DataBlockingQueue.poll(DataBlockingQueue.java:148)
        at app//org.apache.ratis.server.raftlog.segmented.SegmentedRaftLogWorker.run(SegmentedRaftLogWorker.java:309)
        at app//org.apache.ratis.server.raftlog.segmented.SegmentedRaftLogWorker$$Lambda/0x00007f18e8394d50.run(Unknown Source)
        at java.base@21.0.8/java.util.concurrent.Executors$RunnableAdapter.call(Executors.java:572)
        at java.base@21.0.8/java.util.concurrent.FutureTask.run(FutureTask.java:317)
        at java.base@21.0.8/java.util.concurrent.ThreadPoolExecutor.runWorker(ThreadPoolExecutor.java:1144)
        at java.base@21.0.8/java.util.concurrent.ThreadPoolExecutor$Worker.run(ThreadPoolExecutor.java:642)
        at java.base@21.0.8/java.lang.Thread.runWith(Thread.java:1596)
        at java.base@21.0.8/java.lang.Thread.run(Thread.java:1583)
"IPC Server handler 79 on default port 15003" daemon prio=5 tid=300 timed_waiting
java.lang.Thread.State: TIMED_WAITING
        at java.base@21.0.8/jdk.internal.misc.Unsafe.park(Native Method)
        at java.base@21.0.8/java.util.concurrent.locks.LockSupport.parkNanos(LockSupport.java:269)
        at java.base@21.0.8/java.util.concurrent.locks.AbstractQueuedSynchronizer$ConditionObject.awaitNanos(AbstractQueuedSynchronizer.java:1763)
        at java.base@21.0.8/java.util.concurrent.LinkedBlockingQueue.poll(LinkedBlockingQueue.java:460)
        at app//org.apache.hadoop.ipc.CallQueueManager.take(CallQueueManager.java:370)
        at app//org.apache.hadoop.ipc.Server$Handler.run(Server.java:3165)
"Socket Reader #7 for port 15037" daemon prio=5 tid=876 runnable
java.lang.Thread.State: RUNNABLE
        at java.base@21.0.8/sun.nio.ch.EPoll.wait(Native Method)
        at java.base@21.0.8/sun.nio.ch.EPollSelectorImpl.doSelect(EPollSelectorImpl.java:121)
        at java.base@21.0.8/sun.nio.ch.SelectorImpl.lockAndDoSelect(SelectorImpl.java:130)
        at java.base@21.0.8/sun.nio.ch.SelectorImpl.select(SelectorImpl.java:147)
        at app//org.apache.hadoop.ipc.Server$Listener$Reader.doRunLoop(Server.java:1497)
        at app//org.apache.hadoop.ipc.Server$Listener$Reader.run(Server.java:1476)
"IPC Server handler 22 on default port 15002" daemon prio=5 tid=143 timed_waiting
java.lang.Thread.State: TIMED_WAITING
        at java.base@21.0.8/jdk.internal.misc.Unsafe.park(Native Method)
        at java.base@21.0.8/java.util.concurrent.locks.LockSupport.parkNanos(LockSupport.java:269)
        at java.base@21.0.8/java.util.concurrent.locks.AbstractQueuedSynchronizer$ConditionObject.awaitNanos(AbstractQueuedSynchronizer.java:1763)
        at java.base@21.0.8/java.util.concurrent.LinkedBlockingQueue.poll(LinkedBlockingQueue.java:460)
        at app//org.apache.hadoop.ipc.CallQueueManager.take(CallQueueManager.java:370)
        at app//org.apache.hadoop.ipc.Server$Handler.run(Server.java:3165)
"IPC Server handler 3 on default port 15013" daemon prio=5 tid=698 timed_waiting
java.lang.Thread.State: TIMED_WAITING
        at java.base@21.0.8/jdk.internal.misc.Unsafe.park(Native Method)
        at java.base@21.0.8/java.util.concurrent.locks.LockSupport.parkNanos(LockSupport.java:269)
        at java.base@21.0.8/java.util.concurrent.locks.AbstractQueuedSynchronizer$ConditionObject.awaitNanos(AbstractQueuedSynchronizer.java:1763)
        at java.base@21.0.8/java.util.concurrent.LinkedBlockingQueue.poll(LinkedBlockingQueue.java:460)
        at app//org.apache.hadoop.ipc.CallQueueManager.take(CallQueueManager.java:370)
        at app//org.apache.hadoop.ipc.Server$Handler.run(Server.java:3165)
"IPC Server handler 92 on default port 15001" daemon prio=5 tid=650 timed_waiting
java.lang.Thread.State: TIMED_WAITING
        at java.base@21.0.8/jdk.internal.misc.Unsafe.park(Native Method)
        at java.base@21.0.8/java.util.concurrent.locks.LockSupport.parkNanos(LockSupport.java:269)
        at java.base@21.0.8/java.util.concurrent.locks.AbstractQueuedSynchronizer$ConditionObject.awaitNanos(AbstractQueuedSynchronizer.java:1763)
        at java.base@21.0.8/java.util.concurrent.LinkedBlockingQueue.poll(LinkedBlockingQueue.java:460)
        at app//org.apache.hadoop.ipc.CallQueueManager.take(CallQueueManager.java:370)
        at app//org.apache.hadoop.ipc.Server$Handler.run(Server.java:3165)
"IPC Server handler 30 on default port 15002" daemon prio=5 tid=151 timed_waiting
java.lang.Thread.State: TIMED_WAITING
        at java.base@21.0.8/jdk.internal.misc.Unsafe.park(Native Method)
        at java.base@21.0.8/java.util.concurrent.locks.LockSupport.parkNanos(LockSupport.java:269)
        at java.base@21.0.8/java.util.concurrent.locks.AbstractQueuedSynchronizer$ConditionObject.awaitNanos(AbstractQueuedSynchronizer.java:1763)
        at java.base@21.0.8/java.util.concurrent.LinkedBlockingQueue.poll(LinkedBlockingQueue.java:460)
        at app//org.apache.hadoop.ipc.CallQueueManager.take(CallQueueManager.java:370)
        at app//org.apache.hadoop.ipc.Server$Handler.run(Server.java:3165)
"IPC Server handler 37 on default port 15001" daemon prio=5 tid=595 timed_waiting
java.lang.Thread.State: TIMED_WAITING
        at java.base@21.0.8/jdk.internal.misc.Unsafe.park(Native Method)
        at java.base@21.0.8/java.util.concurrent.locks.LockSupport.parkNanos(LockSupport.java:269)
        at java.base@21.0.8/java.util.concurrent.locks.AbstractQueuedSynchronizer$ConditionObject.awaitNanos(AbstractQueuedSynchronizer.java:1763)
        at java.base@21.0.8/java.util.concurrent.LinkedBlockingQueue.poll(LinkedBlockingQueue.java:460)
        at app//org.apache.hadoop.ipc.CallQueueManager.take(CallQueueManager.java:370)
        at app//org.apache.hadoop.ipc.Server$Handler.run(Server.java:3165)
"0ed0910f-4ac9-4f62-be34-d90c51a3e6c9-ChunkWriter-0-0" daemon prio=5 tid=1019 in Object.wait()
java.lang.Thread.State: WAITING (on object monitor)
        at java.base@21.0.8/jdk.internal.misc.Unsafe.park(Native Method)
        at java.base@21.0.8/java.util.concurrent.locks.LockSupport.park(LockSupport.java:371)
        at java.base@21.0.8/java.util.concurrent.locks.AbstractQueuedSynchronizer$ConditionNode.block(AbstractQueuedSynchronizer.java:519)
        at java.base@21.0.8/java.util.concurrent.ForkJoinPool.unmanagedBlock(ForkJoinPool.java:3780)
        at java.base@21.0.8/java.util.concurrent.ForkJoinPool.managedBlock(ForkJoinPool.java:3725)
        at java.base@21.0.8/java.util.concurrent.locks.AbstractQueuedSynchronizer$ConditionObject.await(AbstractQueuedSynchronizer.java:1712)
        at java.base@21.0.8/java.util.concurrent.LinkedBlockingDeque.takeFirst(LinkedBlockingDeque.java:485)
        at java.base@21.0.8/java.util.concurrent.LinkedBlockingDeque.take(LinkedBlockingDeque.java:673)
        at java.base@21.0.8/java.util.concurrent.ThreadPoolExecutor.getTask(ThreadPoolExecutor.java:1070)
        at java.base@21.0.8/java.util.concurrent.ThreadPoolExecutor.runWorker(ThreadPoolExecutor.java:1130)
        at java.base@21.0.8/java.util.concurrent.ThreadPoolExecutor$Worker.run(ThreadPoolExecutor.java:642)
        at java.base@21.0.8/java.lang.Thread.runWith(Thread.java:1596)
        at java.base@21.0.8/java.lang.Thread.run(Thread.java:1583)
"IPC Server handler 39 on default port 15001" daemon prio=5 tid=597 timed_waiting
java.lang.Thread.State: TIMED_WAITING
        at java.base@21.0.8/jdk.internal.misc.Unsafe.park(Native Method)
        at java.base@21.0.8/java.util.concurrent.locks.LockSupport.parkNanos(LockSupport.java:269)
        at java.base@21.0.8/java.util.concurrent.locks.AbstractQueuedSynchronizer$ConditionObject.awaitNanos(AbstractQueuedSynchronizer.java:1763)
        at java.base@21.0.8/java.util.concurrent.LinkedBlockingQueue.poll(LinkedBlockingQueue.java:460)
        at app//org.apache.hadoop.ipc.CallQueueManager.take(CallQueueManager.java:370)
        at app//org.apache.hadoop.ipc.Server$Handler.run(Server.java:3165)
"IPC Server handler 47 on default port 15003" daemon prio=5 tid=268 timed_waiting
java.lang.Thread.State: TIMED_WAITING
        at java.base@21.0.8/jdk.internal.misc.Unsafe.park(Native Method)
        at java.base@21.0.8/java.util.concurrent.locks.LockSupport.parkNanos(LockSupport.java:269)
        at java.base@21.0.8/java.util.concurrent.locks.AbstractQueuedSynchronizer$ConditionObject.awaitNanos(AbstractQueuedSynchronizer.java:1763)
        at java.base@21.0.8/java.util.concurrent.LinkedBlockingQueue.poll(LinkedBlockingQueue.java:460)
        at app//org.apache.hadoop.ipc.CallQueueManager.take(CallQueueManager.java:370)
        at app//org.apache.hadoop.ipc.Server$Handler.run(Server.java:3165)
"IPC Server handler 76 on default port 15004" daemon prio=5 tid=415 timed_waiting
java.lang.Thread.State: TIMED_WAITING
        at java.base@21.0.8/jdk.internal.misc.Unsafe.park(Native Method)
        at java.base@21.0.8/java.util.concurrent.locks.LockSupport.parkNanos(LockSupport.java:269)
        at java.base@21.0.8/java.util.concurrent.locks.AbstractQueuedSynchronizer$ConditionObject.awaitNanos(AbstractQueuedSynchronizer.java:1763)
        at java.base@21.0.8/java.util.concurrent.LinkedBlockingQueue.poll(LinkedBlockingQueue.java:460)
        at app//org.apache.hadoop.ipc.CallQueueManager.take(CallQueueManager.java:370)
        at app//org.apache.hadoop.ipc.Server$Handler.run(Server.java:3165)
"IPC Server Responder" daemon prio=5 tid=532 runnable
java.lang.Thread.State: RUNNABLE
        at java.base@21.0.8/sun.nio.ch.EPoll.wait(Native Method)
        at java.base@21.0.8/sun.nio.ch.EPollSelectorImpl.doSelect(EPollSelectorImpl.java:121)
        at java.base@21.0.8/sun.nio.ch.SelectorImpl.lockAndDoSelect(SelectorImpl.java:130)
        at java.base@21.0.8/sun.nio.ch.SelectorImpl.select(SelectorImpl.java:142)
        at app//org.apache.hadoop.ipc.Server$Responder.doRunLoop(Server.java:1733)
        at app//org.apache.hadoop.ipc.Server$Responder.run(Server.java:1716)
"IPC Server handler 8 on default port 15021" daemon prio=5 tid=749 timed_waiting
java.lang.Thread.State: TIMED_WAITING
        at java.base@21.0.8/jdk.internal.misc.Unsafe.park(Native Method)
        at java.base@21.0.8/java.util.concurrent.locks.LockSupport.parkNanos(LockSupport.java:269)
        at java.base@21.0.8/java.util.concurrent.locks.AbstractQueuedSynchronizer$ConditionObject.awaitNanos(AbstractQueuedSynchronizer.java:1763)
        at java.base@21.0.8/java.util.concurrent.LinkedBlockingQueue.poll(LinkedBlockingQueue.java:460)
        at app//org.apache.hadoop.ipc.CallQueueManager.take(CallQueueManager.java:370)
        at app//org.apache.hadoop.ipc.Server$Handler.run(Server.java:3165)
"IPC Server handler 1 on default port 15008" daemon prio=5 tid=493 timed_waiting
java.lang.Thread.State: TIMED_WAITING
        at java.base@21.0.8/jdk.internal.misc.Unsafe.park(Native Method)
        at java.base@21.0.8/java.util.concurrent.locks.LockSupport.parkNanos(LockSupport.java:269)
        at java.base@21.0.8/java.util.concurrent.locks.AbstractQueuedSynchronizer$ConditionObject.awaitNanos(AbstractQueuedSynchronizer.java:1763)
        at java.base@21.0.8/java.util.concurrent.LinkedBlockingQueue.poll(LinkedBlockingQueue.java:460)
        at app//org.apache.hadoop.ipc.CallQueueManager.take(CallQueueManager.java:370)
        at app//org.apache.hadoop.ipc.Server$Handler.run(Server.java:3165)
"IPC Server handler 3 on default port 15003" daemon prio=5 tid=224 timed_waiting
java.lang.Thread.State: TIMED_WAITING
        at java.base@21.0.8/jdk.internal.misc.Unsafe.park(Native Method)
        at java.base@21.0.8/java.util.concurrent.locks.LockSupport.parkNanos(LockSupport.java:269)
        at java.base@21.0.8/java.util.concurrent.locks.AbstractQueuedSynchronizer$ConditionObject.awaitNanos(AbstractQueuedSynchronizer.java:1763)
        at java.base@21.0.8/java.util.concurrent.LinkedBlockingQueue.poll(LinkedBlockingQueue.java:460)
        at app//org.apache.hadoop.ipc.CallQueueManager.take(CallQueueManager.java:370)
        at app//org.apache.hadoop.ipc.Server$Handler.run(Server.java:3165)
"IPC Server handler 86 on default port 15002" daemon prio=5 tid=207 timed_waiting
java.lang.Thread.State: TIMED_WAITING
        at java.base@21.0.8/jdk.internal.misc.Unsafe.park(Native Method)
        at java.base@21.0.8/java.util.concurrent.locks.LockSupport.parkNanos(LockSupport.java:269)
        at java.base@21.0.8/java.util.concurrent.locks.AbstractQueuedSynchronizer$ConditionObject.awaitNanos(AbstractQueuedSynchronizer.java:1763)
        at java.base@21.0.8/java.util.concurrent.LinkedBlockingQueue.poll(LinkedBlockingQueue.java:460)
        at app//org.apache.hadoop.ipc.CallQueueManager.take(CallQueueManager.java:370)
        at app//org.apache.hadoop.ipc.Server$Handler.run(Server.java:3165)
"IPC Server handler 7 on default port 15003" daemon prio=5 tid=228 timed_waiting
java.lang.Thread.State: TIMED_WAITING
        at java.base@21.0.8/jdk.internal.misc.Unsafe.park(Native Method)
        at java.base@21.0.8/java.util.concurrent.locks.LockSupport.parkNanos(LockSupport.java:269)
        at java.base@21.0.8/java.util.concurrent.locks.AbstractQueuedSynchronizer$ConditionObject.awaitNanos(AbstractQueuedSynchronizer.java:1763)
        at java.base@21.0.8/java.util.concurrent.LinkedBlockingQueue.poll(LinkedBlockingQueue.java:460)
        at app//org.apache.hadoop.ipc.CallQueueManager.take(CallQueueManager.java:370)
        at app//org.apache.hadoop.ipc.Server$Handler.run(Server.java:3165)
"Hadoop-Metrics-Updater-0" daemon prio=5 tid=740 timed_waiting
java.lang.Thread.State: TIMED_WAITING
        at java.base@21.0.8/jdk.internal.misc.Unsafe.park(Native Method)
        at java.base@21.0.8/java.util.concurrent.locks.LockSupport.parkNanos(LockSupport.java:269)
        at java.base@21.0.8/java.util.concurrent.locks.AbstractQueuedSynchronizer$ConditionObject.awaitNanos(AbstractQueuedSynchronizer.java:1763)
        at java.base@21.0.8/java.util.concurrent.ScheduledThreadPoolExecutor$DelayedWorkQueue.take(ScheduledThreadPoolExecutor.java:1182)
        at java.base@21.0.8/java.util.concurrent.ScheduledThreadPoolExecutor$DelayedWorkQueue.take(ScheduledThreadPoolExecutor.java:899)
        at java.base@21.0.8/java.util.concurrent.ThreadPoolExecutor.getTask(ThreadPoolExecutor.java:1070)
        at java.base@21.0.8/java.util.concurrent.ThreadPoolExecutor.runWorker(ThreadPoolExecutor.java:1130)
        at java.base@21.0.8/java.util.concurrent.ThreadPoolExecutor$Worker.run(ThreadPoolExecutor.java:642)
        at java.base@21.0.8/java.lang.Thread.runWith(Thread.java:1596)
        at java.base@21.0.8/java.lang.Thread.run(Thread.java:1583)
"Socket Reader #5 for port 15002" daemon prio=5 tid=95 runnable
java.lang.Thread.State: RUNNABLE
        at java.base@21.0.8/sun.nio.ch.EPoll.wait(Native Method)
        at java.base@21.0.8/sun.nio.ch.EPollSelectorImpl.doSelect(EPollSelectorImpl.java:121)
        at java.base@21.0.8/sun.nio.ch.SelectorImpl.lockAndDoSelect(SelectorImpl.java:130)
        at java.base@21.0.8/sun.nio.ch.SelectorImpl.select(SelectorImpl.java:147)
        at app//org.apache.hadoop.ipc.Server$Listener$Reader.doRunLoop(Server.java:1497)
        at app//org.apache.hadoop.ipc.Server$Listener$Reader.run(Server.java:1476)
"d5ad88c2-6e7a-4660-bab6-a4e8807a575e-ChunkWriter-1-0" daemon prio=5 tid=859 in Object.wait()
java.lang.Thread.State: WAITING (on object monitor)
        at java.base@21.0.8/jdk.internal.misc.Unsafe.park(Native Method)
        at java.base@21.0.8/java.util.concurrent.locks.LockSupport.park(LockSupport.java:371)
        at java.base@21.0.8/java.util.concurrent.locks.AbstractQueuedSynchronizer$ConditionNode.block(AbstractQueuedSynchronizer.java:519)
        at java.base@21.0.8/java.util.concurrent.ForkJoinPool.unmanagedBlock(ForkJoinPool.java:3780)
        at java.base@21.0.8/java.util.concurrent.ForkJoinPool.managedBlock(ForkJoinPool.java:3725)
        at java.base@21.0.8/java.util.concurrent.locks.AbstractQueuedSynchronizer$ConditionObject.await(AbstractQueuedSynchronizer.java:1712)
        at java.base@21.0.8/java.util.concurrent.LinkedBlockingDeque.takeFirst(LinkedBlockingDeque.java:485)
        at java.base@21.0.8/java.util.concurrent.LinkedBlockingDeque.take(LinkedBlockingDeque.java:673)
        at java.base@21.0.8/java.util.concurrent.ThreadPoolExecutor.getTask(ThreadPoolExecutor.java:1070)
        at java.base@21.0.8/java.util.concurrent.ThreadPoolExecutor.runWorker(ThreadPoolExecutor.java:1130)
        at java.base@21.0.8/java.util.concurrent.ThreadPoolExecutor$Worker.run(ThreadPoolExecutor.java:642)
        at java.base@21.0.8/java.lang.Thread.runWith(Thread.java:1596)
        at java.base@21.0.8/java.lang.Thread.run(Thread.java:1583)
"IPC Server handler 0 on default port 15008" daemon prio=5 tid=492 timed_waiting
java.lang.Thread.State: TIMED_WAITING
        at java.base@21.0.8/jdk.internal.misc.Unsafe.park(Native Method)
        at java.base@21.0.8/java.util.concurrent.locks.LockSupport.parkNanos(LockSupport.java:269)
        at java.base@21.0.8/java.util.concurrent.locks.AbstractQueuedSynchronizer$ConditionObject.awaitNanos(AbstractQueuedSynchronizer.java:1763)
        at java.base@21.0.8/java.util.concurrent.LinkedBlockingQueue.poll(LinkedBlockingQueue.java:460)
        at app//org.apache.hadoop.ipc.CallQueueManager.take(CallQueueManager.java:370)
        at app//org.apache.hadoop.ipc.Server$Handler.run(Server.java:3165)
"IPC Server handler 12 on default port 15002" daemon prio=5 tid=133 timed_waiting
java.lang.Thread.State: TIMED_WAITING
        at java.base@21.0.8/jdk.internal.misc.Unsafe.park(Native Method)
        at java.base@21.0.8/java.util.concurrent.locks.LockSupport.parkNanos(LockSupport.java:269)
        at java.base@21.0.8/java.util.concurrent.locks.AbstractQueuedSynchronizer$ConditionObject.awaitNanos(AbstractQueuedSynchronizer.java:1763)
        at java.base@21.0.8/java.util.concurrent.LinkedBlockingQueue.poll(LinkedBlockingQueue.java:460)
        at app//org.apache.hadoop.ipc.CallQueueManager.take(CallQueueManager.java:370)
        at app//org.apache.hadoop.ipc.Server$Handler.run(Server.java:3165)
"0ed0910f-4ac9-4f62-be34-d90c51a3e6c9-CommandProcessorThread" daemon prio=5 tid=977 timed_waiting
java.lang.Thread.State: TIMED_WAITING
        at java.base@21.0.8/java.lang.Thread.sleep0(Native Method)
        at java.base@21.0.8/java.lang.Thread.sleep(Thread.java:509)
        at app//org.apache.hadoop.ozone.container.common.statemachine.DatanodeStateMachine.lambda$initCommandHandlerThread$4(DatanodeStateMachine.java:681)
        at app//org.apache.hadoop.ozone.container.common.statemachine.DatanodeStateMachine$$Lambda/0x00007f18e8c9c828.run(Unknown Source)
        at java.base@21.0.8/java.lang.Thread.runWith(Thread.java:1596)
        at java.base@21.0.8/java.lang.Thread.run(Thread.java:1583)
"IPC Server handler 82 on default port 15003" daemon prio=5 tid=303 timed_waiting
java.lang.Thread.State: TIMED_WAITING
        at java.base@21.0.8/jdk.internal.misc.Unsafe.park(Native Method)
        at java.base@21.0.8/java.util.concurrent.locks.LockSupport.parkNanos(LockSupport.java:269)
        at java.base@21.0.8/java.util.concurrent.locks.AbstractQueuedSynchronizer$ConditionObject.awaitNanos(AbstractQueuedSynchronizer.java:1763)
        at java.base@21.0.8/java.util.concurrent.LinkedBlockingQueue.poll(LinkedBlockingQueue.java:460)
        at app//org.apache.hadoop.ipc.CallQueueManager.take(CallQueueManager.java:370)
        at app//org.apache.hadoop.ipc.Server$Handler.run(Server.java:3165)
"IPC Server handler 5 on default port 15008" daemon prio=5 tid=497 timed_waiting
java.lang.Thread.State: TIMED_WAITING
        at java.base@21.0.8/jdk.internal.misc.Unsafe.park(Native Method)
        at java.base@21.0.8/java.util.concurrent.locks.LockSupport.parkNanos(LockSupport.java:269)
        at java.base@21.0.8/java.util.concurrent.locks.AbstractQueuedSynchronizer$ConditionObject.awaitNanos(AbstractQueuedSynchronizer.java:1763)
        at java.base@21.0.8/java.util.concurrent.LinkedBlockingQueue.poll(LinkedBlockingQueue.java:460)
        at app//org.apache.hadoop.ipc.CallQueueManager.take(CallQueueManager.java:370)
        at app//org.apache.hadoop.ipc.Server$Handler.run(Server.java:3165)
"d5ad88c2-6e7a-4660-bab6-a4e8807a575e@group-4D151320670C-LeaderStateImpl" daemon prio=5 tid=1099 timed_waiting
java.lang.Thread.State: TIMED_WAITING
        at java.base@21.0.8/jdk.internal.misc.Unsafe.park(Native Method)
        at java.base@21.0.8/java.util.concurrent.locks.LockSupport.parkNanos(LockSupport.java:269)
        at java.base@21.0.8/java.util.concurrent.locks.AbstractQueuedSynchronizer$ConditionObject.awaitNanos(AbstractQueuedSynchronizer.java:1763)
        at java.base@21.0.8/java.util.concurrent.ArrayBlockingQueue.poll(ArrayBlockingQueue.java:435)
        at app//org.apache.ratis.server.impl.LeaderStateImpl$EventQueue.poll(LeaderStateImpl.java:168)
        at app//org.apache.ratis.server.impl.LeaderStateImpl$EventProcessor.run(LeaderStateImpl.java:761)
"0ed0910f-4ac9-4f62-be34-d90c51a3e6c9-impl-thread1" daemon prio=5 tid=903 timed_waiting
java.lang.Thread.State: TIMED_WAITING
        at java.base@21.0.8/jdk.internal.misc.Unsafe.park(Native Method)
        at java.base@21.0.8/java.util.concurrent.locks.LockSupport.parkNanos(LockSupport.java:410)
        at java.base@21.0.8/java.util.concurrent.LinkedTransferQueue$DualNode.await(LinkedTransferQueue.java:452)
        at java.base@21.0.8/java.util.concurrent.SynchronousQueue$Transferer.xferLifo(SynchronousQueue.java:194)
        at java.base@21.0.8/java.util.concurrent.SynchronousQueue.xfer(SynchronousQueue.java:235)
        at java.base@21.0.8/java.util.concurrent.SynchronousQueue.poll(SynchronousQueue.java:338)
        at java.base@21.0.8/java.util.concurrent.ThreadPoolExecutor.getTask(ThreadPoolExecutor.java:1069)
        at java.base@21.0.8/java.util.concurrent.ThreadPoolExecutor.runWorker(ThreadPoolExecutor.java:1130)
        at java.base@21.0.8/java.util.concurrent.ThreadPoolExecutor$Worker.run(ThreadPoolExecutor.java:642)
        at java.base@21.0.8/java.lang.Thread.runWith(Thread.java:1596)
        at java.base@21.0.8/java.lang.Thread.run(Thread.java:1583)
"IPC Server handler 3 on default port 15008" daemon prio=5 tid=495 timed_waiting
java.lang.Thread.State: TIMED_WAITING
        at java.base@21.0.8/jdk.internal.misc.Unsafe.park(Native Method)
        at java.base@21.0.8/java.util.concurrent.locks.LockSupport.parkNanos(LockSupport.java:269)
        at java.base@21.0.8/java.util.concurrent.locks.AbstractQueuedSynchronizer$ConditionObject.awaitNanos(AbstractQueuedSynchronizer.java:1763)
        at java.base@21.0.8/java.util.concurrent.LinkedBlockingQueue.poll(LinkedBlockingQueue.java:460)
        at app//org.apache.hadoop.ipc.CallQueueManager.take(CallQueueManager.java:370)
        at app//org.apache.hadoop.ipc.Server$Handler.run(Server.java:3165)
"IPC Server handler 38 on default port 15002" daemon prio=5 tid=159 timed_waiting
java.lang.Thread.State: TIMED_WAITING
        at java.base@21.0.8/jdk.internal.misc.Unsafe.park(Native Method)
        at java.base@21.0.8/java.util.concurrent.locks.LockSupport.parkNanos(LockSupport.java:269)
        at java.base@21.0.8/java.util.concurrent.locks.AbstractQueuedSynchronizer$ConditionObject.awaitNanos(AbstractQueuedSynchronizer.java:1763)
        at java.base@21.0.8/java.util.concurrent.LinkedBlockingQueue.poll(LinkedBlockingQueue.java:460)
        at app//org.apache.hadoop.ipc.CallQueueManager.take(CallQueueManager.java:370)
        at app//org.apache.hadoop.ipc.Server$Handler.run(Server.java:3165)
"IPC Server listener on 15008" daemon prio=5 tid=449 runnable
java.lang.Thread.State: RUNNABLE
        at java.base@21.0.8/sun.nio.ch.EPoll.wait(Native Method)
        at java.base@21.0.8/sun.nio.ch.EPollSelectorImpl.doSelect(EPollSelectorImpl.java:121)
        at java.base@21.0.8/sun.nio.ch.SelectorImpl.lockAndDoSelect(SelectorImpl.java:130)
        at java.base@21.0.8/sun.nio.ch.SelectorImpl.select(SelectorImpl.java:147)
        at app//org.apache.hadoop.ipc.Server$Listener.run(Server.java:1559)
"ContainerMetadataScanner" daemon prio=5 tid=988 timed_waiting
java.lang.Thread.State: TIMED_WAITING
        at java.base@21.0.8/java.lang.Thread.sleep0(Native Method)
        at java.base@21.0.8/java.lang.Thread.sleep(Thread.java:509)
        at app//org.apache.hadoop.ozone.container.ozoneimpl.AbstractBackgroundContainerScanner.handleRemainingSleep(AbstractBackgroundContainerScanner.java:133)
        at app//org.apache.hadoop.ozone.container.ozoneimpl.AbstractBackgroundContainerScanner.runIteration(AbstractBackgroundContainerScanner.java:100)
        at app//org.apache.hadoop.ozone.container.ozoneimpl.AbstractBackgroundContainerScanner.run(AbstractBackgroundContainerScanner.java:59)
        at java.base@21.0.8/java.lang.Thread.runWith(Thread.java:1596)
        at java.base@21.0.8/java.lang.Thread.run(Thread.java:1583)
"346684e1-b57f-4c29-9507-935dad45bd68@group-06B9DB8EB07D-SegmentedRaftLogWorker"  prio=5 tid=1083 timed_waiting
java.lang.Thread.State: TIMED_WAITING
        at java.base@21.0.8/jdk.internal.misc.Unsafe.park(Native Method)
        at java.base@21.0.8/java.util.concurrent.locks.LockSupport.parkNanos(LockSupport.java:269)
        at java.base@21.0.8/java.util.concurrent.locks.AbstractQueuedSynchronizer$ConditionObject.awaitNanos(AbstractQueuedSynchronizer.java:1763)
        at app//org.apache.ratis.util.DataBlockingQueue.poll(DataBlockingQueue.java:148)
        at app//org.apache.ratis.server.raftlog.segmented.SegmentedRaftLogWorker.run(SegmentedRaftLogWorker.java:309)
        at app//org.apache.ratis.server.raftlog.segmented.SegmentedRaftLogWorker$$Lambda/0x00007f18e8394d50.run(Unknown Source)
        at java.base@21.0.8/java.util.concurrent.Executors$RunnableAdapter.call(Executors.java:572)
        at java.base@21.0.8/java.util.concurrent.FutureTask.run(FutureTask.java:317)
        at java.base@21.0.8/java.util.concurrent.ThreadPoolExecutor.runWorker(ThreadPoolExecutor.java:1144)
        at java.base@21.0.8/java.util.concurrent.ThreadPoolExecutor$Worker.run(ThreadPoolExecutor.java:642)
        at java.base@21.0.8/java.lang.Thread.runWith(Thread.java:1596)
        at java.base@21.0.8/java.lang.Thread.run(Thread.java:1583)
"IPC Server handler 10 on default port 15003" daemon prio=5 tid=231 timed_waiting
java.lang.Thread.State: TIMED_WAITING
        at java.base@21.0.8/jdk.internal.misc.Unsafe.park(Native Method)
        at java.base@21.0.8/java.util.concurrent.locks.LockSupport.parkNanos(LockSupport.java:269)
        at java.base@21.0.8/java.util.concurrent.locks.AbstractQueuedSynchronizer$ConditionObject.awaitNanos(AbstractQueuedSynchronizer.java:1763)
        at java.base@21.0.8/java.util.concurrent.LinkedBlockingQueue.poll(LinkedBlockingQueue.java:460)
        at app//org.apache.hadoop.ipc.CallQueueManager.take(CallQueueManager.java:370)
        at app//org.apache.hadoop.ipc.Server$Handler.run(Server.java:3165)
"IPC Server handler 77 on default port 15004" daemon prio=5 tid=416 timed_waiting
java.lang.Thread.State: TIMED_WAITING
        at java.base@21.0.8/jdk.internal.misc.Unsafe.park(Native Method)
        at java.base@21.0.8/java.util.concurrent.locks.LockSupport.parkNanos(LockSupport.java:269)
        at java.base@21.0.8/java.util.concurrent.locks.AbstractQueuedSynchronizer$ConditionObject.awaitNanos(AbstractQueuedSynchronizer.java:1763)
        at java.base@21.0.8/java.util.concurrent.LinkedBlockingQueue.poll(LinkedBlockingQueue.java:460)
        at app//org.apache.hadoop.ipc.CallQueueManager.take(CallQueueManager.java:370)
        at app//org.apache.hadoop.ipc.Server$Handler.run(Server.java:3165)
"Recon-FixedThreadPoolWithAffinityExecutor-0-0" daemon prio=5 tid=534 timed_waiting
java.lang.Thread.State: TIMED_WAITING
        at java.base@21.0.8/jdk.internal.misc.Unsafe.park(Native Method)
        at java.base@21.0.8/java.util.concurrent.locks.LockSupport.parkNanos(LockSupport.java:269)
        at java.base@21.0.8/java.util.concurrent.locks.AbstractQueuedSynchronizer$ConditionObject.awaitNanos(AbstractQueuedSynchronizer.java:1763)
        at java.base@21.0.8/java.util.concurrent.LinkedBlockingQueue.poll(LinkedBlockingQueue.java:460)
        at app//org.apache.hadoop.hdds.scm.server.ContainerReportQueue.poll(ContainerReportQueue.java:269)
        at app//org.apache.hadoop.hdds.scm.server.ContainerReportQueue.poll(ContainerReportQueue.java:42)
        at app//org.apache.hadoop.hdds.server.events.FixedThreadPoolWithAffinityExecutor$ContainerReportProcessTask.run(FixedThreadPoolWithAffinityExecutor.java:228)
        at java.base@21.0.8/java.util.concurrent.Executors$RunnableAdapter.call(Executors.java:572)
        at java.base@21.0.8/java.util.concurrent.FutureTask.run(FutureTask.java:317)
        at java.base@21.0.8/java.util.concurrent.ThreadPoolExecutor.runWorker(ThreadPoolExecutor.java:1144)
        at java.base@21.0.8/java.util.concurrent.ThreadPoolExecutor$Worker.run(ThreadPoolExecutor.java:642)
        at java.base@21.0.8/java.lang.Thread.runWith(Thread.java:1596)
        at java.base@21.0.8/java.lang.Thread.run(Thread.java:1583)
"qtp1553533936-484" daemon prio=5 tid=484 timed_waiting
java.lang.Thread.State: TIMED_WAITING
        at java.base@21.0.8/jdk.internal.misc.Unsafe.park(Native Method)
        at java.base@21.0.8/java.util.concurrent.locks.LockSupport.parkNanos(LockSupport.java:269)
        at java.base@21.0.8/java.util.concurrent.locks.AbstractQueuedSynchronizer$ConditionObject.awaitNanos(AbstractQueuedSynchronizer.java:1763)
        at app//org.eclipse.jetty.util.BlockingArrayQueue.poll(BlockingArrayQueue.java:382)
        at app//org.eclipse.jetty.util.thread.QueuedThreadPool$Runner.idleJobPoll(QueuedThreadPool.java:974)
        at app//org.eclipse.jetty.util.thread.QueuedThreadPool$Runner.run(QueuedThreadPool.java:1018)
        at java.base@21.0.8/java.lang.Thread.runWith(Thread.java:1596)
        at java.base@21.0.8/java.lang.Thread.run(Thread.java:1583)
"IPC Server handler 94 on default port 15001" daemon prio=5 tid=652 timed_waiting
java.lang.Thread.State: TIMED_WAITING
        at java.base@21.0.8/jdk.internal.misc.Unsafe.park(Native Method)
        at java.base@21.0.8/java.util.concurrent.locks.LockSupport.parkNanos(LockSupport.java:269)
        at java.base@21.0.8/java.util.concurrent.locks.AbstractQueuedSynchronizer$ConditionObject.awaitNanos(AbstractQueuedSynchronizer.java:1763)
        at java.base@21.0.8/java.util.concurrent.LinkedBlockingQueue.poll(LinkedBlockingQueue.java:460)
        at app//org.apache.hadoop.ipc.CallQueueManager.take(CallQueueManager.java:370)
        at app//org.apache.hadoop.ipc.Server$Handler.run(Server.java:3165)
"IPC Server handler 97 on default port 15003" daemon prio=5 tid=318 timed_waiting
java.lang.Thread.State: TIMED_WAITING
        at java.base@21.0.8/jdk.internal.misc.Unsafe.park(Native Method)
        at java.base@21.0.8/java.util.concurrent.locks.LockSupport.parkNanos(LockSupport.java:269)
        at java.base@21.0.8/java.util.concurrent.locks.AbstractQueuedSynchronizer$ConditionObject.awaitNanos(AbstractQueuedSynchronizer.java:1763)
        at java.base@21.0.8/java.util.concurrent.LinkedBlockingQueue.poll(LinkedBlockingQueue.java:460)
        at app//org.apache.hadoop.ipc.CallQueueManager.take(CallQueueManager.java:370)
        at app//org.apache.hadoop.ipc.Server$Handler.run(Server.java:3165)
"Socket Reader #3 for port 15002" daemon prio=5 tid=93 runnable
java.lang.Thread.State: RUNNABLE
        at java.base@21.0.8/sun.nio.ch.EPoll.wait(Native Method)
        at java.base@21.0.8/sun.nio.ch.EPollSelectorImpl.doSelect(EPollSelectorImpl.java:121)
        at java.base@21.0.8/sun.nio.ch.SelectorImpl.lockAndDoSelect(SelectorImpl.java:130)
        at java.base@21.0.8/sun.nio.ch.SelectorImpl.select(SelectorImpl.java:147)
        at app//org.apache.hadoop.ipc.Server$Listener$Reader.doRunLoop(Server.java:1497)
        at app//org.apache.hadoop.ipc.Server$Listener$Reader.run(Server.java:1476)
"IPC Server handler 7 on default port 15008" daemon prio=5 tid=499 timed_waiting
java.lang.Thread.State: TIMED_WAITING
        at java.base@21.0.8/jdk.internal.misc.Unsafe.park(Native Method)
        at java.base@21.0.8/java.util.concurrent.locks.LockSupport.parkNanos(LockSupport.java:269)
        at java.base@21.0.8/java.util.concurrent.locks.AbstractQueuedSynchronizer$ConditionObject.awaitNanos(AbstractQueuedSynchronizer.java:1763)
        at java.base@21.0.8/java.util.concurrent.LinkedBlockingQueue.poll(LinkedBlockingQueue.java:460)
        at app//org.apache.hadoop.ipc.CallQueueManager.take(CallQueueManager.java:370)
        at app//org.apache.hadoop.ipc.Server$Handler.run(Server.java:3165)
"SnapshotCacheCleanupService" daemon prio=5 tid=443 timed_waiting
java.lang.Thread.State: TIMED_WAITING
        at java.base@21.0.8/jdk.internal.misc.Unsafe.park(Native Method)
        at java.base@21.0.8/java.util.concurrent.locks.LockSupport.parkNanos(LockSupport.java:269)
        at java.base@21.0.8/java.util.concurrent.locks.AbstractQueuedSynchronizer$ConditionObject.awaitNanos(AbstractQueuedSynchronizer.java:1763)
        at java.base@21.0.8/java.util.concurrent.ScheduledThreadPoolExecutor$DelayedWorkQueue.take(ScheduledThreadPoolExecutor.java:1182)
        at java.base@21.0.8/java.util.concurrent.ScheduledThreadPoolExecutor$DelayedWorkQueue.take(ScheduledThreadPoolExecutor.java:899)
        at java.base@21.0.8/java.util.concurrent.ThreadPoolExecutor.getTask(ThreadPoolExecutor.java:1070)
        at java.base@21.0.8/java.util.concurrent.ThreadPoolExecutor.runWorker(ThreadPoolExecutor.java:1130)
        at java.base@21.0.8/java.util.concurrent.ThreadPoolExecutor$Worker.run(ThreadPoolExecutor.java:642)
        at java.base@21.0.8/java.lang.Thread.runWith(Thread.java:1596)
        at java.base@21.0.8/java.lang.Thread.run(Thread.java:1583)
"Hadoop-Metrics-Updater-0" daemon prio=5 tid=533 timed_waiting
java.lang.Thread.State: TIMED_WAITING
        at java.base@21.0.8/jdk.internal.misc.Unsafe.park(Native Method)
        at java.base@21.0.8/java.util.concurrent.locks.LockSupport.parkNanos(LockSupport.java:269)
        at java.base@21.0.8/java.util.concurrent.locks.AbstractQueuedSynchronizer$ConditionObject.awaitNanos(AbstractQueuedSynchronizer.java:1763)
        at java.base@21.0.8/java.util.concurrent.ScheduledThreadPoolExecutor$DelayedWorkQueue.take(ScheduledThreadPoolExecutor.java:1182)
        at java.base@21.0.8/java.util.concurrent.ScheduledThreadPoolExecutor$DelayedWorkQueue.take(ScheduledThreadPoolExecutor.java:899)
        at java.base@21.0.8/java.util.concurrent.ThreadPoolExecutor.getTask(ThreadPoolExecutor.java:1070)
        at java.base@21.0.8/java.util.concurrent.ThreadPoolExecutor.runWorker(ThreadPoolExecutor.java:1130)
        at java.base@21.0.8/java.util.concurrent.ThreadPoolExecutor$Worker.run(ThreadPoolExecutor.java:642)
        at java.base@21.0.8/java.lang.Thread.runWith(Thread.java:1596)
        at java.base@21.0.8/java.lang.Thread.run(Thread.java:1583)
"qtp391903823-549" daemon prio=5 tid=549 timed_waiting
java.lang.Thread.State: TIMED_WAITING
        at java.base@21.0.8/jdk.internal.misc.Unsafe.park(Native Method)
        at java.base@21.0.8/java.util.concurrent.locks.LockSupport.parkNanos(LockSupport.java:410)
        at java.base@21.0.8/java.util.concurrent.LinkedTransferQueue$DualNode.await(LinkedTransferQueue.java:452)
        at java.base@21.0.8/java.util.concurrent.SynchronousQueue$Transferer.xferLifo(SynchronousQueue.java:194)
        at java.base@21.0.8/java.util.concurrent.SynchronousQueue.xfer(SynchronousQueue.java:235)
        at java.base@21.0.8/java.util.concurrent.SynchronousQueue.poll(SynchronousQueue.java:338)
        at app//org.eclipse.jetty.util.thread.ReservedThreadExecutor$ReservedThread.reservedWait(ReservedThreadExecutor.java:324)
        at app//org.eclipse.jetty.util.thread.ReservedThreadExecutor$ReservedThread.run(ReservedThreadExecutor.java:399)
        at app//org.eclipse.jetty.util.thread.QueuedThreadPool.runJob(QueuedThreadPool.java:883)
        at app//org.eclipse.jetty.util.thread.QueuedThreadPool$Runner.run(QueuedThreadPool.java:1034)
        at java.base@21.0.8/java.lang.Thread.runWith(Thread.java:1596)
        at java.base@21.0.8/java.lang.Thread.run(Thread.java:1583)
"IPC Server handler 95 on default port 15004" daemon prio=5 tid=434 timed_waiting
java.lang.Thread.State: TIMED_WAITING
        at java.base@21.0.8/jdk.internal.misc.Unsafe.park(Native Method)
        at java.base@21.0.8/java.util.concurrent.locks.LockSupport.parkNanos(LockSupport.java:269)
        at java.base@21.0.8/java.util.concurrent.locks.AbstractQueuedSynchronizer$ConditionObject.awaitNanos(AbstractQueuedSynchronizer.java:1763)
        at java.base@21.0.8/java.util.concurrent.LinkedBlockingQueue.poll(LinkedBlockingQueue.java:460)
        at app//org.apache.hadoop.ipc.CallQueueManager.take(CallQueueManager.java:370)
        at app//org.apache.hadoop.ipc.Server$Handler.run(Server.java:3165)
"IPC Server handler 73 on default port 15001" daemon prio=5 tid=631 timed_waiting
java.lang.Thread.State: TIMED_WAITING
        at java.base@21.0.8/jdk.internal.misc.Unsafe.park(Native Method)
        at java.base@21.0.8/java.util.concurrent.locks.LockSupport.parkNanos(LockSupport.java:269)
        at java.base@21.0.8/java.util.concurrent.locks.AbstractQueuedSynchronizer$ConditionObject.awaitNanos(AbstractQueuedSynchronizer.java:1763)
        at java.base@21.0.8/java.util.concurrent.LinkedBlockingQueue.poll(LinkedBlockingQueue.java:460)
        at app//org.apache.hadoop.ipc.CallQueueManager.take(CallQueueManager.java:370)
        at app//org.apache.hadoop.ipc.Server$Handler.run(Server.java:3165)
"qtp396271801-329" daemon prio=5 tid=329 timed_waiting
java.lang.Thread.State: TIMED_WAITING
        at java.base@21.0.8/jdk.internal.misc.Unsafe.park(Native Method)
        at java.base@21.0.8/java.util.concurrent.locks.LockSupport.parkNanos(LockSupport.java:269)
        at java.base@21.0.8/java.util.concurrent.locks.AbstractQueuedSynchronizer$ConditionObject.awaitNanos(AbstractQueuedSynchronizer.java:1763)
        at app//org.eclipse.jetty.util.BlockingArrayQueue.poll(BlockingArrayQueue.java:382)
        at app//org.eclipse.jetty.util.thread.QueuedThreadPool$Runner.idleJobPoll(QueuedThreadPool.java:974)
        at app//org.eclipse.jetty.util.thread.QueuedThreadPool$Runner.run(QueuedThreadPool.java:1018)
        at java.base@21.0.8/java.lang.Thread.runWith(Thread.java:1596)
        at java.base@21.0.8/java.lang.Thread.run(Thread.java:1583)
"IPC Server handler 75 on default port 15002" daemon prio=5 tid=196 timed_waiting
java.lang.Thread.State: TIMED_WAITING
        at java.base@21.0.8/jdk.internal.misc.Unsafe.park(Native Method)
        at java.base@21.0.8/java.util.concurrent.locks.LockSupport.parkNanos(LockSupport.java:269)
        at java.base@21.0.8/java.util.concurrent.locks.AbstractQueuedSynchronizer$ConditionObject.awaitNanos(AbstractQueuedSynchronizer.java:1763)
        at java.base@21.0.8/java.util.concurrent.LinkedBlockingQueue.poll(LinkedBlockingQueue.java:460)
        at app//org.apache.hadoop.ipc.CallQueueManager.take(CallQueueManager.java:370)
        at app//org.apache.hadoop.ipc.Server$Handler.run(Server.java:3165)
"IPC Server handler 45 on default port 15003" daemon prio=5 tid=266 timed_waiting
java.lang.Thread.State: TIMED_WAITING
        at java.base@21.0.8/jdk.internal.misc.Unsafe.park(Native Method)
        at java.base@21.0.8/java.util.concurrent.locks.LockSupport.parkNanos(LockSupport.java:269)
        at java.base@21.0.8/java.util.concurrent.locks.AbstractQueuedSynchronizer$ConditionObject.awaitNanos(AbstractQueuedSynchronizer.java:1763)
        at java.base@21.0.8/java.util.concurrent.LinkedBlockingQueue.poll(LinkedBlockingQueue.java:460)
        at app//org.apache.hadoop.ipc.CallQueueManager.take(CallQueueManager.java:370)
        at app//org.apache.hadoop.ipc.Server$Handler.run(Server.java:3165)
"IPC Server handler 68 on default port 15003" daemon prio=5 tid=289 timed_waiting
java.lang.Thread.State: TIMED_WAITING
        at java.base@21.0.8/jdk.internal.misc.Unsafe.park(Native Method)
        at java.base@21.0.8/java.util.concurrent.locks.LockSupport.parkNanos(LockSupport.java:269)
        at java.base@21.0.8/java.util.concurrent.locks.AbstractQueuedSynchronizer$ConditionObject.awaitNanos(AbstractQueuedSynchronizer.java:1763)
        at java.base@21.0.8/java.util.concurrent.LinkedBlockingQueue.poll(LinkedBlockingQueue.java:460)
        at app//org.apache.hadoop.ipc.CallQueueManager.take(CallQueueManager.java:370)
        at app//org.apache.hadoop.ipc.Server$Handler.run(Server.java:3165)
"IPC Server handler 47 on default port 15004" daemon prio=5 tid=386 timed_waiting
java.lang.Thread.State: TIMED_WAITING
        at java.base@21.0.8/jdk.internal.misc.Unsafe.park(Native Method)
        at java.base@21.0.8/java.util.concurrent.locks.LockSupport.parkNanos(LockSupport.java:269)
        at java.base@21.0.8/java.util.concurrent.locks.AbstractQueuedSynchronizer$ConditionObject.awaitNanos(AbstractQueuedSynchronizer.java:1763)
        at java.base@21.0.8/java.util.concurrent.LinkedBlockingQueue.poll(LinkedBlockingQueue.java:460)
        at app//org.apache.hadoop.ipc.CallQueueManager.take(CallQueueManager.java:370)
        at app//org.apache.hadoop.ipc.Server$Handler.run(Server.java:3165)
"IPC Server handler 64 on default port 15004" daemon prio=5 tid=403 timed_waiting
java.lang.Thread.State: TIMED_WAITING
        at java.base@21.0.8/jdk.internal.misc.Unsafe.park(Native Method)
        at java.base@21.0.8/java.util.concurrent.locks.LockSupport.parkNanos(LockSupport.java:269)
        at java.base@21.0.8/java.util.concurrent.locks.AbstractQueuedSynchronizer$ConditionObject.awaitNanos(AbstractQueuedSynchronizer.java:1763)
        at java.base@21.0.8/java.util.concurrent.LinkedBlockingQueue.poll(LinkedBlockingQueue.java:460)
        at app//org.apache.hadoop.ipc.CallQueueManager.take(CallQueueManager.java:370)
        at app//org.apache.hadoop.ipc.Server$Handler.run(Server.java:3165)
"om1-KeyDeletingService#0" daemon prio=5 tid=472 timed_waiting
java.lang.Thread.State: TIMED_WAITING
        at java.base@21.0.8/jdk.internal.misc.Unsafe.park(Native Method)
        at java.base@21.0.8/java.util.concurrent.locks.LockSupport.parkNanos(LockSupport.java:269)
        at java.base@21.0.8/java.util.concurrent.locks.AbstractQueuedSynchronizer$ConditionObject.awaitNanos(AbstractQueuedSynchronizer.java:1763)
        at java.base@21.0.8/java.util.concurrent.ScheduledThreadPoolExecutor$DelayedWorkQueue.take(ScheduledThreadPoolExecutor.java:1182)
        at java.base@21.0.8/java.util.concurrent.ScheduledThreadPoolExecutor$DelayedWorkQueue.take(ScheduledThreadPoolExecutor.java:899)
        at java.base@21.0.8/java.util.concurrent.ThreadPoolExecutor.getTask(ThreadPoolExecutor.java:1070)
        at java.base@21.0.8/java.util.concurrent.ThreadPoolExecutor.runWorker(ThreadPoolExecutor.java:1130)
        at java.base@21.0.8/java.util.concurrent.ThreadPoolExecutor$Worker.run(ThreadPoolExecutor.java:642)
        at java.base@21.0.8/java.lang.Thread.runWith(Thread.java:1596)
        at java.base@21.0.8/java.lang.Thread.run(Thread.java:1583)
"qtp1685778567-672" daemon prio=5 tid=672 runnable
java.lang.Thread.State: RUNNABLE
        at java.base@21.0.8/sun.nio.ch.EPoll.wait(Native Method)
        at java.base@21.0.8/sun.nio.ch.EPollSelectorImpl.doSelect(EPollSelectorImpl.java:121)
        at java.base@21.0.8/sun.nio.ch.SelectorImpl.lockAndDoSelect(SelectorImpl.java:130)
        at java.base@21.0.8/sun.nio.ch.SelectorImpl.select(SelectorImpl.java:147)
        at app//org.eclipse.jetty.io.ManagedSelector.nioSelect(ManagedSelector.java:183)
        at app//org.eclipse.jetty.io.ManagedSelector.select(ManagedSelector.java:190)
        at app//org.eclipse.jetty.io.ManagedSelector$SelectorProducer.select(ManagedSelector.java:606)
        at app//org.eclipse.jetty.io.ManagedSelector$SelectorProducer.produce(ManagedSelector.java:543)
        at app//org.eclipse.jetty.util.thread.strategy.EatWhatYouKill.produceTask(EatWhatYouKill.java:362)
        at app//org.eclipse.jetty.util.thread.strategy.EatWhatYouKill.doProduce(EatWhatYouKill.java:186)
        at app//org.eclipse.jetty.util.thread.strategy.EatWhatYouKill.tryProduce(EatWhatYouKill.java:173)
        at app//org.eclipse.jetty.util.thread.strategy.EatWhatYouKill.produce(EatWhatYouKill.java:137)
        at app//org.eclipse.jetty.io.ManagedSelector$$Lambda/0x00007f18e86c6408.run(Unknown Source)
        at app//org.eclipse.jetty.util.thread.QueuedThreadPool.runJob(QueuedThreadPool.java:883)
        at app//org.eclipse.jetty.util.thread.QueuedThreadPool$Runner.run(QueuedThreadPool.java:1034)
        at java.base@21.0.8/java.lang.Thread.runWith(Thread.java:1596)
        at java.base@21.0.8/java.lang.Thread.run(Thread.java:1583)
"IPC Server handler 87 on default port 15002" daemon prio=5 tid=208 timed_waiting
java.lang.Thread.State: TIMED_WAITING
        at java.base@21.0.8/jdk.internal.misc.Unsafe.park(Native Method)
        at java.base@21.0.8/java.util.concurrent.locks.LockSupport.parkNanos(LockSupport.java:269)
        at java.base@21.0.8/java.util.concurrent.locks.AbstractQueuedSynchronizer$ConditionObject.awaitNanos(AbstractQueuedSynchronizer.java:1763)
        at java.base@21.0.8/java.util.concurrent.LinkedBlockingQueue.poll(LinkedBlockingQueue.java:460)
        at app//org.apache.hadoop.ipc.CallQueueManager.take(CallQueueManager.java:370)
        at app//org.apache.hadoop.ipc.Server$Handler.run(Server.java:3165)
"IPC Server handler 64 on default port 15002" daemon prio=5 tid=185 timed_waiting
java.lang.Thread.State: TIMED_WAITING
        at java.base@21.0.8/jdk.internal.misc.Unsafe.park(Native Method)
        at java.base@21.0.8/java.util.concurrent.locks.LockSupport.parkNanos(LockSupport.java:269)
        at java.base@21.0.8/java.util.concurrent.locks.AbstractQueuedSynchronizer$ConditionObject.awaitNanos(AbstractQueuedSynchronizer.java:1763)
        at java.base@21.0.8/java.util.concurrent.LinkedBlockingQueue.poll(LinkedBlockingQueue.java:460)
        at app//org.apache.hadoop.ipc.CallQueueManager.take(CallQueueManager.java:370)
        at app//org.apache.hadoop.ipc.Server$Handler.run(Server.java:3165)
"FixedThreadPoolWithAffinityExecutor-7-0" daemon prio=5 tid=111 timed_waiting
java.lang.Thread.State: TIMED_WAITING
        at java.base@21.0.8/jdk.internal.misc.Unsafe.park(Native Method)
        at java.base@21.0.8/java.util.concurrent.locks.LockSupport.parkNanos(LockSupport.java:269)
        at java.base@21.0.8/java.util.concurrent.locks.AbstractQueuedSynchronizer$ConditionObject.awaitNanos(AbstractQueuedSynchronizer.java:1763)
        at java.base@21.0.8/java.util.concurrent.LinkedBlockingQueue.poll(LinkedBlockingQueue.java:460)
        at app//org.apache.hadoop.hdds.scm.server.ContainerReportQueue.poll(ContainerReportQueue.java:269)
        at app//org.apache.hadoop.hdds.scm.server.ContainerReportQueue.poll(ContainerReportQueue.java:42)
        at app//org.apache.hadoop.hdds.server.events.FixedThreadPoolWithAffinityExecutor$ContainerReportProcessTask.run(FixedThreadPoolWithAffinityExecutor.java:228)
        at java.base@21.0.8/java.util.concurrent.Executors$RunnableAdapter.call(Executors.java:572)
        at java.base@21.0.8/java.util.concurrent.FutureTask.run(FutureTask.java:317)
        at java.base@21.0.8/java.util.concurrent.ThreadPoolExecutor.runWorker(ThreadPoolExecutor.java:1144)
        at java.base@21.0.8/java.util.concurrent.ThreadPoolExecutor$Worker.run(ThreadPoolExecutor.java:642)
        at java.base@21.0.8/java.lang.Thread.runWith(Thread.java:1596)
        at java.base@21.0.8/java.lang.Thread.run(Thread.java:1583)
"d5ad88c2-6e7a-4660-bab6-a4e8807a575e-DatanodeReportManager-2" daemon prio=5 tid=754 timed_waiting
java.lang.Thread.State: TIMED_WAITING
        at java.base@21.0.8/jdk.internal.misc.Unsafe.park(Native Method)
        at java.base@21.0.8/java.util.concurrent.locks.LockSupport.parkNanos(LockSupport.java:269)
        at java.base@21.0.8/java.util.concurrent.locks.AbstractQueuedSynchronizer$ConditionObject.awaitNanos(AbstractQueuedSynchronizer.java:1763)
        at java.base@21.0.8/java.util.concurrent.ScheduledThreadPoolExecutor$DelayedWorkQueue.take(ScheduledThreadPoolExecutor.java:1182)
        at java.base@21.0.8/java.util.concurrent.ScheduledThreadPoolExecutor$DelayedWorkQueue.take(ScheduledThreadPoolExecutor.java:899)
        at java.base@21.0.8/java.util.concurrent.ThreadPoolExecutor.getTask(ThreadPoolExecutor.java:1070)
        at java.base@21.0.8/java.util.concurrent.ThreadPoolExecutor.runWorker(ThreadPoolExecutor.java:1130)
        at java.base@21.0.8/java.util.concurrent.ThreadPoolExecutor$Worker.run(ThreadPoolExecutor.java:642)
        at java.base@21.0.8/java.lang.Thread.runWith(Thread.java:1596)
        at java.base@21.0.8/java.lang.Thread.run(Thread.java:1583)
"IPC Server handler 1 on default port 15001" daemon prio=5 tid=559 timed_waiting
java.lang.Thread.State: TIMED_WAITING
        at java.base@21.0.8/jdk.internal.misc.Unsafe.park(Native Method)
        at java.base@21.0.8/java.util.concurrent.locks.LockSupport.parkNanos(LockSupport.java:269)
        at java.base@21.0.8/java.util.concurrent.locks.AbstractQueuedSynchronizer$ConditionObject.awaitNanos(AbstractQueuedSynchronizer.java:1763)
        at java.base@21.0.8/java.util.concurrent.LinkedBlockingQueue.poll(LinkedBlockingQueue.java:460)
        at app//org.apache.hadoop.ipc.CallQueueManager.take(CallQueueManager.java:370)
        at app//org.apache.hadoop.ipc.Server$Handler.run(Server.java:3165)
"IPC Server handler 77 on default port 15002" daemon prio=5 tid=198 timed_waiting
java.lang.Thread.State: TIMED_WAITING
        at java.base@21.0.8/jdk.internal.misc.Unsafe.park(Native Method)
        at java.base@21.0.8/java.util.concurrent.locks.LockSupport.parkNanos(LockSupport.java:269)
        at java.base@21.0.8/java.util.concurrent.locks.AbstractQueuedSynchronizer$ConditionObject.awaitNanos(AbstractQueuedSynchronizer.java:1763)
        at java.base@21.0.8/java.util.concurrent.LinkedBlockingQueue.poll(LinkedBlockingQueue.java:460)
        at app//org.apache.hadoop.ipc.CallQueueManager.take(CallQueueManager.java:370)
        at app//org.apache.hadoop.ipc.Server$Handler.run(Server.java:3165)
"IPC Server handler 57 on default port 15001" daemon prio=5 tid=615 timed_waiting
java.lang.Thread.State: TIMED_WAITING
        at java.base@21.0.8/jdk.internal.misc.Unsafe.park(Native Method)
        at java.base@21.0.8/java.util.concurrent.locks.LockSupport.parkNanos(LockSupport.java:269)
        at java.base@21.0.8/java.util.concurrent.locks.AbstractQueuedSynchronizer$ConditionObject.awaitNanos(AbstractQueuedSynchronizer.java:1763)
        at java.base@21.0.8/java.util.concurrent.LinkedBlockingQueue.poll(LinkedBlockingQueue.java:460)
        at app//org.apache.hadoop.ipc.CallQueueManager.take(CallQueueManager.java:370)
        at app//org.apache.hadoop.ipc.Server$Handler.run(Server.java:3165)
"EventQueue-NewNodeForNewNodeHandler" daemon prio=5 tid=919 in Object.wait()
java.lang.Thread.State: WAITING (on object monitor)
        at java.base@21.0.8/jdk.internal.misc.Unsafe.park(Native Method)
        at java.base@21.0.8/java.util.concurrent.locks.LockSupport.park(LockSupport.java:371)
        at java.base@21.0.8/java.util.concurrent.locks.AbstractQueuedSynchronizer$ConditionNode.block(AbstractQueuedSynchronizer.java:519)
        at java.base@21.0.8/java.util.concurrent.ForkJoinPool.unmanagedBlock(ForkJoinPool.java:3780)
        at java.base@21.0.8/java.util.concurrent.ForkJoinPool.managedBlock(ForkJoinPool.java:3725)
        at java.base@21.0.8/java.util.concurrent.locks.AbstractQueuedSynchronizer$ConditionObject.await(AbstractQueuedSynchronizer.java:1712)
        at java.base@21.0.8/java.util.concurrent.LinkedBlockingQueue.take(LinkedBlockingQueue.java:435)
        at java.base@21.0.8/java.util.concurrent.ThreadPoolExecutor.getTask(ThreadPoolExecutor.java:1070)
        at java.base@21.0.8/java.util.concurrent.ThreadPoolExecutor.runWorker(ThreadPoolExecutor.java:1130)
        at java.base@21.0.8/java.util.concurrent.ThreadPoolExecutor$Worker.run(ThreadPoolExecutor.java:642)
        at java.base@21.0.8/java.lang.Thread.runWith(Thread.java:1596)
        at java.base@21.0.8/java.lang.Thread.run(Thread.java:1583)
"d5ad88c2-6e7a-4660-bab6-a4e8807a575e-DatanodeReportManager-3" daemon prio=5 tid=755 in Object.wait()
java.lang.Thread.State: WAITING (on object monitor)
        at java.base@21.0.8/jdk.internal.misc.Unsafe.park(Native Method)
        at java.base@21.0.8/java.util.concurrent.locks.LockSupport.park(LockSupport.java:371)
        at java.base@21.0.8/java.util.concurrent.locks.AbstractQueuedSynchronizer$ConditionNode.block(AbstractQueuedSynchronizer.java:519)
        at java.base@21.0.8/java.util.concurrent.ForkJoinPool.unmanagedBlock(ForkJoinPool.java:3780)
        at java.base@21.0.8/java.util.concurrent.ForkJoinPool.managedBlock(ForkJoinPool.java:3725)
        at java.base@21.0.8/java.util.concurrent.locks.AbstractQueuedSynchronizer$ConditionObject.await(AbstractQueuedSynchronizer.java:1712)
        at java.base@21.0.8/java.util.concurrent.ScheduledThreadPoolExecutor$DelayedWorkQueue.take(ScheduledThreadPoolExecutor.java:1177)
        at java.base@21.0.8/java.util.concurrent.ScheduledThreadPoolExecutor$DelayedWorkQueue.take(ScheduledThreadPoolExecutor.java:899)
        at java.base@21.0.8/java.util.concurrent.ThreadPoolExecutor.getTask(ThreadPoolExecutor.java:1070)
        at java.base@21.0.8/java.util.concurrent.ThreadPoolExecutor.runWorker(ThreadPoolExecutor.java:1130)
        at java.base@21.0.8/java.util.concurrent.ThreadPoolExecutor$Worker.run(ThreadPoolExecutor.java:642)
        at java.base@21.0.8/java.lang.Thread.runWith(Thread.java:1596)
        at java.base@21.0.8/java.lang.Thread.run(Thread.java:1583)
"IPC Server handler 27 on default port 15001" daemon prio=5 tid=585 timed_waiting
java.lang.Thread.State: TIMED_WAITING
        at java.base@21.0.8/jdk.internal.misc.Unsafe.park(Native Method)
        at java.base@21.0.8/java.util.concurrent.locks.LockSupport.parkNanos(LockSupport.java:269)
        at java.base@21.0.8/java.util.concurrent.locks.AbstractQueuedSynchronizer$ConditionObject.awaitNanos(AbstractQueuedSynchronizer.java:1763)
        at java.base@21.0.8/java.util.concurrent.LinkedBlockingQueue.poll(LinkedBlockingQueue.java:460)
        at app//org.apache.hadoop.ipc.CallQueueManager.take(CallQueueManager.java:370)
        at app//org.apache.hadoop.ipc.Server$Handler.run(Server.java:3165)
"qtp505087261-913" daemon prio=5 tid=913 timed_waiting
java.lang.Thread.State: TIMED_WAITING
        at java.base@21.0.8/jdk.internal.misc.Unsafe.park(Native Method)
        at java.base@21.0.8/java.util.concurrent.locks.LockSupport.parkNanos(LockSupport.java:269)
        at java.base@21.0.8/java.util.concurrent.locks.AbstractQueuedSynchronizer$ConditionObject.awaitNanos(AbstractQueuedSynchronizer.java:1763)
        at app//org.eclipse.jetty.util.BlockingArrayQueue.poll(BlockingArrayQueue.java:382)
        at app//org.eclipse.jetty.util.thread.QueuedThreadPool$Runner.idleJobPoll(QueuedThreadPool.java:974)
        at app//org.eclipse.jetty.util.thread.QueuedThreadPool$Runner.run(QueuedThreadPool.java:1018)
        at java.base@21.0.8/java.lang.Thread.runWith(Thread.java:1596)
        at java.base@21.0.8/java.lang.Thread.run(Thread.java:1583)
"StaleRecoveringContainerScrubbingService#1" daemon prio=5 tid=1028 in Object.wait()
java.lang.Thread.State: WAITING (on object monitor)
        at java.base@21.0.8/jdk.internal.misc.Unsafe.park(Native Method)
        at java.base@21.0.8/java.util.concurrent.locks.LockSupport.park(LockSupport.java:371)
        at java.base@21.0.8/java.util.concurrent.locks.AbstractQueuedSynchronizer$ConditionNode.block(AbstractQueuedSynchronizer.java:519)
        at java.base@21.0.8/java.util.concurrent.ForkJoinPool.unmanagedBlock(ForkJoinPool.java:3780)
        at java.base@21.0.8/java.util.concurrent.ForkJoinPool.managedBlock(ForkJoinPool.java:3725)
        at java.base@21.0.8/java.util.concurrent.locks.AbstractQueuedSynchronizer$ConditionObject.await(AbstractQueuedSynchronizer.java:1712)
        at java.base@21.0.8/java.util.concurrent.ScheduledThreadPoolExecutor$DelayedWorkQueue.take(ScheduledThreadPoolExecutor.java:1177)
        at java.base@21.0.8/java.util.concurrent.ScheduledThreadPoolExecutor$DelayedWorkQueue.take(ScheduledThreadPoolExecutor.java:899)
        at java.base@21.0.8/java.util.concurrent.ThreadPoolExecutor.getTask(ThreadPoolExecutor.java:1070)
        at java.base@21.0.8/java.util.concurrent.ThreadPoolExecutor.runWorker(ThreadPoolExecutor.java:1130)
        at java.base@21.0.8/java.util.concurrent.ThreadPoolExecutor$Worker.run(ThreadPoolExecutor.java:642)
        at java.base@21.0.8/java.lang.Thread.runWith(Thread.java:1596)
        at java.base@21.0.8/java.lang.Thread.run(Thread.java:1583)
"IPC Server handler 2 on default port 15002" daemon prio=5 tid=123 timed_waiting
java.lang.Thread.State: TIMED_WAITING
        at java.base@21.0.8/jdk.internal.misc.Unsafe.park(Native Method)
        at java.base@21.0.8/java.util.concurrent.locks.LockSupport.parkNanos(LockSupport.java:269)
        at java.base@21.0.8/java.util.concurrent.locks.AbstractQueuedSynchronizer$ConditionObject.awaitNanos(AbstractQueuedSynchronizer.java:1763)
        at java.base@21.0.8/java.util.concurrent.LinkedBlockingQueue.poll(LinkedBlockingQueue.java:460)
        at app//org.apache.hadoop.ipc.CallQueueManager.take(CallQueueManager.java:370)
        at app//org.apache.hadoop.ipc.Server$Handler.run(Server.java:3165)
"IPC Server handler 1 on default port 15037" daemon prio=5 tid=884 timed_waiting
java.lang.Thread.State: TIMED_WAITING
        at java.base@21.0.8/jdk.internal.misc.Unsafe.park(Native Method)
        at java.base@21.0.8/java.util.concurrent.locks.LockSupport.parkNanos(LockSupport.java:269)
        at java.base@21.0.8/java.util.concurrent.locks.AbstractQueuedSynchronizer$ConditionObject.awaitNanos(AbstractQueuedSynchronizer.java:1763)
        at java.base@21.0.8/java.util.concurrent.LinkedBlockingQueue.poll(LinkedBlockingQueue.java:460)
        at app//org.apache.hadoop.ipc.CallQueueManager.take(CallQueueManager.java:370)
        at app//org.apache.hadoop.ipc.Server$Handler.run(Server.java:3165)
"SCMBlockDeletingService#0" daemon prio=5 tid=321 timed_waiting
java.lang.Thread.State: TIMED_WAITING
        at java.base@21.0.8/jdk.internal.misc.Unsafe.park(Native Method)
        at java.base@21.0.8/java.util.concurrent.locks.LockSupport.parkNanos(LockSupport.java:269)
        at java.base@21.0.8/java.util.concurrent.locks.AbstractQueuedSynchronizer$ConditionObject.awaitNanos(AbstractQueuedSynchronizer.java:1763)
        at java.base@21.0.8/java.util.concurrent.ScheduledThreadPoolExecutor$DelayedWorkQueue.take(ScheduledThreadPoolExecutor.java:1182)
        at java.base@21.0.8/java.util.concurrent.ScheduledThreadPoolExecutor$DelayedWorkQueue.take(ScheduledThreadPoolExecutor.java:899)
        at java.base@21.0.8/java.util.concurrent.ThreadPoolExecutor.getTask(ThreadPoolExecutor.java:1070)
        at java.base@21.0.8/java.util.concurrent.ThreadPoolExecutor.runWorker(ThreadPoolExecutor.java:1130)
        at java.base@21.0.8/java.util.concurrent.ThreadPoolExecutor$Worker.run(ThreadPoolExecutor.java:642)
        at java.base@21.0.8/java.lang.Thread.runWith(Thread.java:1596)
        at java.base@21.0.8/java.lang.Thread.run(Thread.java:1583)
"Socket Reader #3 for port 15037" daemon prio=5 tid=872 runnable
java.lang.Thread.State: RUNNABLE
        at java.base@21.0.8/sun.nio.ch.EPoll.wait(Native Method)
        at java.base@21.0.8/sun.nio.ch.EPollSelectorImpl.doSelect(EPollSelectorImpl.java:121)
        at java.base@21.0.8/sun.nio.ch.SelectorImpl.lockAndDoSelect(SelectorImpl.java:130)
        at java.base@21.0.8/sun.nio.ch.SelectorImpl.select(SelectorImpl.java:147)
        at app//org.apache.hadoop.ipc.Server$Listener$Reader.doRunLoop(Server.java:1497)
        at app//org.apache.hadoop.ipc.Server$Listener$Reader.run(Server.java:1476)
"IPC Server handler 60 on default port 15002" daemon prio=5 tid=181 timed_waiting
java.lang.Thread.State: TIMED_WAITING
        at java.base@21.0.8/jdk.internal.misc.Unsafe.park(Native Method)
        at java.base@21.0.8/java.util.concurrent.locks.LockSupport.parkNanos(LockSupport.java:269)
        at java.base@21.0.8/java.util.concurrent.locks.AbstractQueuedSynchronizer$ConditionObject.awaitNanos(AbstractQueuedSynchronizer.java:1763)
        at java.base@21.0.8/java.util.concurrent.LinkedBlockingQueue.poll(LinkedBlockingQueue.java:460)
        at app//org.apache.hadoop.ipc.CallQueueManager.take(CallQueueManager.java:370)
        at app//org.apache.hadoop.ipc.Server$Handler.run(Server.java:3165)
"IPC Server handler 20 on default port 15003" daemon prio=5 tid=241 timed_waiting
java.lang.Thread.State: TIMED_WAITING
        at java.base@21.0.8/jdk.internal.misc.Unsafe.park(Native Method)
        at java.base@21.0.8/java.util.concurrent.locks.LockSupport.parkNanos(LockSupport.java:269)
        at java.base@21.0.8/java.util.concurrent.locks.AbstractQueuedSynchronizer$ConditionObject.awaitNanos(AbstractQueuedSynchronizer.java:1763)
        at java.base@21.0.8/java.util.concurrent.LinkedBlockingQueue.poll(LinkedBlockingQueue.java:460)
        at app//org.apache.hadoop.ipc.CallQueueManager.take(CallQueueManager.java:370)
        at app//org.apache.hadoop.ipc.Server$Handler.run(Server.java:3165)
"IPC Server handler 71 on default port 15001" daemon prio=5 tid=629 timed_waiting
java.lang.Thread.State: TIMED_WAITING
        at java.base@21.0.8/jdk.internal.misc.Unsafe.park(Native Method)
        at java.base@21.0.8/java.util.concurrent.locks.LockSupport.parkNanos(LockSupport.java:269)
        at java.base@21.0.8/java.util.concurrent.locks.AbstractQueuedSynchronizer$ConditionObject.awaitNanos(AbstractQueuedSynchronizer.java:1763)
        at java.base@21.0.8/java.util.concurrent.LinkedBlockingQueue.poll(LinkedBlockingQueue.java:460)
        at app//org.apache.hadoop.ipc.CallQueueManager.take(CallQueueManager.java:370)
        at app//org.apache.hadoop.ipc.Server$Handler.run(Server.java:3165)
"qtp871701899-722" daemon prio=5 tid=722 timed_waiting
java.lang.Thread.State: TIMED_WAITING
        at java.base@21.0.8/jdk.internal.misc.Unsafe.park(Native Method)
        at java.base@21.0.8/java.util.concurrent.locks.LockSupport.parkNanos(LockSupport.java:269)
        at java.base@21.0.8/java.util.concurrent.locks.AbstractQueuedSynchronizer$ConditionObject.awaitNanos(AbstractQueuedSynchronizer.java:1763)
        at app//org.eclipse.jetty.util.BlockingArrayQueue.poll(BlockingArrayQueue.java:382)
        at app//org.eclipse.jetty.util.thread.QueuedThreadPool$Runner.idleJobPoll(QueuedThreadPool.java:974)
        at app//org.eclipse.jetty.util.thread.QueuedThreadPool$Runner.run(QueuedThreadPool.java:1018)
        at java.base@21.0.8/java.lang.Thread.runWith(Thread.java:1596)
        at java.base@21.0.8/java.lang.Thread.run(Thread.java:1583)
"346684e1-b57f-4c29-9507-935dad45bd68-ReplicationContainerReader-1" daemon prio=5 tid=1325 in Object.wait()
java.lang.Thread.State: WAITING (on object monitor)
        at java.base@21.0.8/jdk.internal.misc.Unsafe.park(Native Method)
        at java.base@21.0.8/java.util.concurrent.locks.LockSupport.park(LockSupport.java:371)
        at java.base@21.0.8/java.util.concurrent.locks.AbstractQueuedSynchronizer$ConditionNode.block(AbstractQueuedSynchronizer.java:519)
        at java.base@21.0.8/java.util.concurrent.ForkJoinPool.unmanagedBlock(ForkJoinPool.java:3780)
        at java.base@21.0.8/java.util.concurrent.ForkJoinPool.managedBlock(ForkJoinPool.java:3725)
        at java.base@21.0.8/java.util.concurrent.locks.AbstractQueuedSynchronizer$ConditionObject.await(AbstractQueuedSynchronizer.java:1712)
        at java.base@21.0.8/java.util.concurrent.LinkedBlockingQueue.take(LinkedBlockingQueue.java:435)
        at java.base@21.0.8/java.util.concurrent.ThreadPoolExecutor.getTask(ThreadPoolExecutor.java:1070)
        at java.base@21.0.8/java.util.concurrent.ThreadPoolExecutor.runWorker(ThreadPoolExecutor.java:1130)
        at java.base@21.0.8/java.util.concurrent.ThreadPoolExecutor$Worker.run(ThreadPoolExecutor.java:642)
        at java.base@21.0.8/java.lang.Thread.runWith(Thread.java:1596)
        at java.base@21.0.8/java.lang.Thread.run(Thread.java:1583)
"IPC Server idle connection scanner for port 15002" daemon prio=5 tid=101 timed_waiting
java.lang.Thread.State: TIMED_WAITING
        at java.base@21.0.8/java.lang.Object.wait0(Native Method)
        at java.base@21.0.8/java.lang.Object.wait(Object.java:366)
        at java.base@21.0.8/java.util.TimerThread.mainLoop(Timer.java:563)
        at java.base@21.0.8/java.util.TimerThread.run(Timer.java:516)
"IPC Server handler 61 on default port 15003" daemon prio=5 tid=282 timed_waiting
java.lang.Thread.State: TIMED_WAITING
        at java.base@21.0.8/jdk.internal.misc.Unsafe.park(Native Method)
        at java.base@21.0.8/java.util.concurrent.locks.LockSupport.parkNanos(LockSupport.java:269)
        at java.base@21.0.8/java.util.concurrent.locks.AbstractQueuedSynchronizer$ConditionObject.awaitNanos(AbstractQueuedSynchronizer.java:1763)
        at java.base@21.0.8/java.util.concurrent.LinkedBlockingQueue.poll(LinkedBlockingQueue.java:460)
        at app//org.apache.hadoop.ipc.CallQueueManager.take(CallQueueManager.java:370)
        at app//org.apache.hadoop.ipc.Server$Handler.run(Server.java:3165)
"42a5f925-1bc2-4f8a-8509-c5ae65e6fcde-DatanodeReportManager-3" daemon prio=5 tid=709 in Object.wait()
java.lang.Thread.State: WAITING (on object monitor)
        at java.base@21.0.8/jdk.internal.misc.Unsafe.park(Native Method)
        at java.base@21.0.8/java.util.concurrent.locks.LockSupport.park(LockSupport.java:371)
        at java.base@21.0.8/java.util.concurrent.locks.AbstractQueuedSynchronizer$ConditionNode.block(AbstractQueuedSynchronizer.java:519)
        at java.base@21.0.8/java.util.concurrent.ForkJoinPool.unmanagedBlock(ForkJoinPool.java:3780)
        at java.base@21.0.8/java.util.concurrent.ForkJoinPool.managedBlock(ForkJoinPool.java:3725)
        at java.base@21.0.8/java.util.concurrent.locks.AbstractQueuedSynchronizer$ConditionObject.await(AbstractQueuedSynchronizer.java:1712)
        at java.base@21.0.8/java.util.concurrent.ScheduledThreadPoolExecutor$DelayedWorkQueue.take(ScheduledThreadPoolExecutor.java:1177)
        at java.base@21.0.8/java.util.concurrent.ScheduledThreadPoolExecutor$DelayedWorkQueue.take(ScheduledThreadPoolExecutor.java:899)
        at java.base@21.0.8/java.util.concurrent.ThreadPoolExecutor.getTask(ThreadPoolExecutor.java:1070)
        at java.base@21.0.8/java.util.concurrent.ThreadPoolExecutor.runWorker(ThreadPoolExecutor.java:1130)
        at java.base@21.0.8/java.util.concurrent.ThreadPoolExecutor$Worker.run(ThreadPoolExecutor.java:642)
        at java.base@21.0.8/java.lang.Thread.runWith(Thread.java:1596)
        at java.base@21.0.8/java.lang.Thread.run(Thread.java:1583)
"42a5f925-1bc2-4f8a-8509-c5ae65e6fcde-DataNodeDiskCheckerThread-0" daemon prio=5 tid=828 timed_waiting
java.lang.Thread.State: TIMED_WAITING
        at java.base@21.0.8/jdk.internal.misc.Unsafe.park(Native Method)
        at java.base@21.0.8/java.util.concurrent.locks.LockSupport.parkNanos(LockSupport.java:410)
        at java.base@21.0.8/java.util.concurrent.LinkedTransferQueue$DualNode.await(LinkedTransferQueue.java:452)
        at java.base@21.0.8/java.util.concurrent.SynchronousQueue$Transferer.xferLifo(SynchronousQueue.java:194)
        at java.base@21.0.8/java.util.concurrent.SynchronousQueue.xfer(SynchronousQueue.java:235)
        at java.base@21.0.8/java.util.concurrent.SynchronousQueue.poll(SynchronousQueue.java:338)
        at java.base@21.0.8/java.util.concurrent.ThreadPoolExecutor.getTask(ThreadPoolExecutor.java:1069)
        at java.base@21.0.8/java.util.concurrent.ThreadPoolExecutor.runWorker(ThreadPoolExecutor.java:1130)
        at java.base@21.0.8/java.util.concurrent.ThreadPoolExecutor$Worker.run(ThreadPoolExecutor.java:642)
        at java.base@21.0.8/java.lang.Thread.runWith(Thread.java:1596)
        at java.base@21.0.8/java.lang.Thread.run(Thread.java:1583)
"346684e1-b57f-4c29-9507-935dad45bd68-BlockDeletingService#0" daemon prio=5 tid=999 in Object.wait()
java.lang.Thread.State: WAITING (on object monitor)
        at java.base@21.0.8/jdk.internal.misc.Unsafe.park(Native Method)
        at java.base@21.0.8/java.util.concurrent.locks.LockSupport.park(LockSupport.java:371)
        at java.base@21.0.8/java.util.concurrent.locks.AbstractQueuedSynchronizer$ConditionNode.block(AbstractQueuedSynchronizer.java:519)
        at java.base@21.0.8/java.util.concurrent.ForkJoinPool.unmanagedBlock(ForkJoinPool.java:3780)
        at java.base@21.0.8/java.util.concurrent.ForkJoinPool.managedBlock(ForkJoinPool.java:3725)
        at java.base@21.0.8/java.util.concurrent.locks.AbstractQueuedSynchronizer$ConditionObject.await(AbstractQueuedSynchronizer.java:1712)
        at java.base@21.0.8/java.util.concurrent.ScheduledThreadPoolExecutor$DelayedWorkQueue.take(ScheduledThreadPoolExecutor.java:1177)
        at java.base@21.0.8/java.util.concurrent.ScheduledThreadPoolExecutor$DelayedWorkQueue.take(ScheduledThreadPoolExecutor.java:899)
        at java.base@21.0.8/java.util.concurrent.ThreadPoolExecutor.getTask(ThreadPoolExecutor.java:1070)
        at java.base@21.0.8/java.util.concurrent.ThreadPoolExecutor.runWorker(ThreadPoolExecutor.java:1130)
        at java.base@21.0.8/java.util.concurrent.ThreadPoolExecutor$Worker.run(ThreadPoolExecutor.java:642)
        at java.base@21.0.8/java.lang.Thread.runWith(Thread.java:1596)
        at java.base@21.0.8/java.lang.Thread.run(Thread.java:1583)
"IPC Server handler 73 on default port 15002" daemon prio=5 tid=194 timed_waiting
java.lang.Thread.State: TIMED_WAITING
        at java.base@21.0.8/jdk.internal.misc.Unsafe.park(Native Method)
        at java.base@21.0.8/java.util.concurrent.locks.LockSupport.parkNanos(LockSupport.java:269)
        at java.base@21.0.8/java.util.concurrent.locks.AbstractQueuedSynchronizer$ConditionObject.awaitNanos(AbstractQueuedSynchronizer.java:1763)
        at java.base@21.0.8/java.util.concurrent.LinkedBlockingQueue.poll(LinkedBlockingQueue.java:460)
        at app//org.apache.hadoop.ipc.CallQueueManager.take(CallQueueManager.java:370)
        at app//org.apache.hadoop.ipc.Server$Handler.run(Server.java:3165)
"IPC Server handler 16 on default port 15002" daemon prio=5 tid=137 timed_waiting
java.lang.Thread.State: TIMED_WAITING
        at java.base@21.0.8/jdk.internal.misc.Unsafe.park(Native Method)
        at java.base@21.0.8/java.util.concurrent.locks.LockSupport.parkNanos(LockSupport.java:269)
        at java.base@21.0.8/java.util.concurrent.locks.AbstractQueuedSynchronizer$ConditionObject.awaitNanos(AbstractQueuedSynchronizer.java:1763)
        at java.base@21.0.8/java.util.concurrent.LinkedBlockingQueue.poll(LinkedBlockingQueue.java:460)
        at app//org.apache.hadoop.ipc.CallQueueManager.take(CallQueueManager.java:370)
        at app//org.apache.hadoop.ipc.Server$Handler.run(Server.java:3165)
"IPC Server handler 59 on default port 15002" daemon prio=5 tid=180 timed_waiting
java.lang.Thread.State: TIMED_WAITING
        at java.base@21.0.8/jdk.internal.misc.Unsafe.park(Native Method)
        at java.base@21.0.8/java.util.concurrent.locks.LockSupport.parkNanos(LockSupport.java:269)
        at java.base@21.0.8/java.util.concurrent.locks.AbstractQueuedSynchronizer$ConditionObject.awaitNanos(AbstractQueuedSynchronizer.java:1763)
        at java.base@21.0.8/java.util.concurrent.LinkedBlockingQueue.poll(LinkedBlockingQueue.java:460)
        at app//org.apache.hadoop.ipc.CallQueueManager.take(CallQueueManager.java:370)
        at app//org.apache.hadoop.ipc.Server$Handler.run(Server.java:3165)
"346684e1-b57f-4c29-9507-935dad45bd68-NettyServerStreamRpc-bossGroup--thread1" daemon prio=5 tid=813 runnable
java.lang.Thread.State: RUNNABLE
        at app//org.apache.ratis.thirdparty.io.netty.channel.epoll.Native.epollWait(Native Method)
        at app//org.apache.ratis.thirdparty.io.netty.channel.epoll.Native.epollWait(Native.java:220)
        at app//org.apache.ratis.thirdparty.io.netty.channel.epoll.Native.epollWait(Native.java:213)
        at app//org.apache.ratis.thirdparty.io.netty.channel.epoll.EpollEventLoop.epollWaitNoTimerChange(EpollEventLoop.java:308)
        at app//org.apache.ratis.thirdparty.io.netty.channel.epoll.EpollEventLoop.run(EpollEventLoop.java:365)
        at app//org.apache.ratis.thirdparty.io.netty.util.concurrent.SingleThreadEventExecutor$4.run(SingleThreadEventExecutor.java:998)
        at app//org.apache.ratis.thirdparty.io.netty.util.internal.ThreadExecutorMap$2.run(ThreadExecutorMap.java:74)
        at java.base@21.0.8/java.lang.Thread.runWith(Thread.java:1596)
        at java.base@21.0.8/java.lang.Thread.run(Thread.java:1583)
"0ed0910f-4ac9-4f62-be34-d90c51a3e6c9@group-9A86F6A96A63-cacheEviction-AwaitToRun" daemon prio=5 tid=1088 in Object.wait()
java.lang.Thread.State: WAITING (on object monitor)
        at java.base@21.0.8/jdk.internal.misc.Unsafe.park(Native Method)
        at java.base@21.0.8/java.util.concurrent.locks.LockSupport.park(LockSupport.java:371)
        at java.base@21.0.8/java.util.concurrent.locks.AbstractQueuedSynchronizer$ConditionNode.block(AbstractQueuedSynchronizer.java:519)
        at java.base@21.0.8/java.util.concurrent.ForkJoinPool.unmanagedBlock(ForkJoinPool.java:3780)
        at java.base@21.0.8/java.util.concurrent.ForkJoinPool.managedBlock(ForkJoinPool.java:3725)
        at java.base@21.0.8/java.util.concurrent.locks.AbstractQueuedSynchronizer$ConditionObject.await(AbstractQueuedSynchronizer.java:1712)
        at app//org.apache.ratis.util.AwaitForSignal.await(AwaitForSignal.java:48)
        at app//org.apache.ratis.util.AwaitToRun$RunnableImpl.run(AwaitToRun.java:47)
        at java.base@21.0.8/java.lang.Thread.runWith(Thread.java:1596)
        at java.base@21.0.8/java.lang.Thread.run(Thread.java:1583)
"IPC Server handler 8 on default port 15013" daemon prio=5 tid=703 timed_waiting
java.lang.Thread.State: TIMED_WAITING
        at java.base@21.0.8/jdk.internal.misc.Unsafe.park(Native Method)
        at java.base@21.0.8/java.util.concurrent.locks.LockSupport.parkNanos(LockSupport.java:269)
        at java.base@21.0.8/java.util.concurrent.locks.AbstractQueuedSynchronizer$ConditionObject.awaitNanos(AbstractQueuedSynchronizer.java:1763)
        at java.base@21.0.8/java.util.concurrent.LinkedBlockingQueue.poll(LinkedBlockingQueue.java:460)
        at app//org.apache.hadoop.ipc.CallQueueManager.take(CallQueueManager.java:370)
        at app//org.apache.hadoop.ipc.Server$Handler.run(Server.java:3165)
"Socket Reader #3 for port 15001" daemon prio=5 tid=523 runnable
java.lang.Thread.State: RUNNABLE
        at java.base@21.0.8/sun.nio.ch.EPoll.wait(Native Method)
        at java.base@21.0.8/sun.nio.ch.EPollSelectorImpl.doSelect(EPollSelectorImpl.java:121)
        at java.base@21.0.8/sun.nio.ch.SelectorImpl.lockAndDoSelect(SelectorImpl.java:130)
        at java.base@21.0.8/sun.nio.ch.SelectorImpl.select(SelectorImpl.java:147)
        at app//org.apache.hadoop.ipc.Server$Listener$Reader.doRunLoop(Server.java:1497)
        at app//org.apache.hadoop.ipc.Server$Listener$Reader.run(Server.java:1476)
"IPC Server handler 76 on default port 15002" daemon prio=5 tid=197 timed_waiting
java.lang.Thread.State: TIMED_WAITING
        at java.base@21.0.8/jdk.internal.misc.Unsafe.park(Native Method)
        at java.base@21.0.8/java.util.concurrent.locks.LockSupport.parkNanos(LockSupport.java:269)
        at java.base@21.0.8/java.util.concurrent.locks.AbstractQueuedSynchronizer$ConditionObject.awaitNanos(AbstractQueuedSynchronizer.java:1763)
        at java.base@21.0.8/java.util.concurrent.LinkedBlockingQueue.poll(LinkedBlockingQueue.java:460)
        at app//org.apache.hadoop.ipc.CallQueueManager.take(CallQueueManager.java:370)
        at app//org.apache.hadoop.ipc.Server$Handler.run(Server.java:3165)
"IPC Server handler 19 on default port 15004" daemon prio=5 tid=358 timed_waiting
java.lang.Thread.State: TIMED_WAITING
        at java.base@21.0.8/jdk.internal.misc.Unsafe.park(Native Method)
        at java.base@21.0.8/java.util.concurrent.locks.LockSupport.parkNanos(LockSupport.java:269)
        at java.base@21.0.8/java.util.concurrent.locks.AbstractQueuedSynchronizer$ConditionObject.awaitNanos(AbstractQueuedSynchronizer.java:1763)
        at java.base@21.0.8/java.util.concurrent.LinkedBlockingQueue.poll(LinkedBlockingQueue.java:460)
        at app//org.apache.hadoop.ipc.CallQueueManager.take(CallQueueManager.java:370)
        at app//org.apache.hadoop.ipc.Server$Handler.run(Server.java:3165)
"42a5f925-1bc2-4f8a-8509-c5ae65e6fcde-groupManagement"  prio=5 tid=1032 in Object.wait()
java.lang.Thread.State: WAITING (on object monitor)
        at java.base@21.0.8/jdk.internal.misc.Unsafe.park(Native Method)
        at java.base@21.0.8/java.util.concurrent.locks.LockSupport.park(LockSupport.java:371)
        at java.base@21.0.8/java.util.concurrent.locks.AbstractQueuedSynchronizer$ConditionNode.block(AbstractQueuedSynchronizer.java:519)
        at java.base@21.0.8/java.util.concurrent.ForkJoinPool.unmanagedBlock(ForkJoinPool.java:3780)
        at java.base@21.0.8/java.util.concurrent.ForkJoinPool.managedBlock(ForkJoinPool.java:3725)
        at java.base@21.0.8/java.util.concurrent.locks.AbstractQueuedSynchronizer$ConditionObject.await(AbstractQueuedSynchronizer.java:1712)
        at java.base@21.0.8/java.util.concurrent.LinkedBlockingQueue.take(LinkedBlockingQueue.java:435)
        at java.base@21.0.8/java.util.concurrent.ThreadPoolExecutor.getTask(ThreadPoolExecutor.java:1070)
        at java.base@21.0.8/java.util.concurrent.ThreadPoolExecutor.runWorker(ThreadPoolExecutor.java:1130)
        at java.base@21.0.8/java.util.concurrent.ThreadPoolExecutor$Worker.run(ThreadPoolExecutor.java:642)
        at java.base@21.0.8/java.lang.Thread.runWith(Thread.java:1596)
        at java.base@21.0.8/java.lang.Thread.run(Thread.java:1583)
"IPC Server handler 29 on default port 15003" daemon prio=5 tid=250 timed_waiting
java.lang.Thread.State: TIMED_WAITING
        at java.base@21.0.8/jdk.internal.misc.Unsafe.park(Native Method)
        at java.base@21.0.8/java.util.concurrent.locks.LockSupport.parkNanos(LockSupport.java:269)
        at java.base@21.0.8/java.util.concurrent.locks.AbstractQueuedSynchronizer$ConditionObject.awaitNanos(AbstractQueuedSynchronizer.java:1763)
        at java.base@21.0.8/java.util.concurrent.LinkedBlockingQueue.poll(LinkedBlockingQueue.java:460)
        at app//org.apache.hadoop.ipc.CallQueueManager.take(CallQueueManager.java:370)
        at app//org.apache.hadoop.ipc.Server$Handler.run(Server.java:3165)
"IPC Server handler 95 on default port 15003" daemon prio=5 tid=316 timed_waiting
java.lang.Thread.State: TIMED_WAITING
        at java.base@21.0.8/jdk.internal.misc.Unsafe.park(Native Method)
        at java.base@21.0.8/java.util.concurrent.locks.LockSupport.parkNanos(LockSupport.java:269)
        at java.base@21.0.8/java.util.concurrent.locks.AbstractQueuedSynchronizer$ConditionObject.awaitNanos(AbstractQueuedSynchronizer.java:1763)
        at java.base@21.0.8/java.util.concurrent.LinkedBlockingQueue.poll(LinkedBlockingQueue.java:460)
        at app//org.apache.hadoop.ipc.CallQueueManager.take(CallQueueManager.java:370)
        at app//org.apache.hadoop.ipc.Server$Handler.run(Server.java:3165)
"IPC Server handler 14 on default port 15001" daemon prio=5 tid=572 timed_waiting
java.lang.Thread.State: TIMED_WAITING
        at java.base@21.0.8/jdk.internal.misc.Unsafe.park(Native Method)
        at java.base@21.0.8/java.util.concurrent.locks.LockSupport.parkNanos(LockSupport.java:269)
        at java.base@21.0.8/java.util.concurrent.locks.AbstractQueuedSynchronizer$ConditionObject.awaitNanos(AbstractQueuedSynchronizer.java:1763)
        at java.base@21.0.8/java.util.concurrent.LinkedBlockingQueue.poll(LinkedBlockingQueue.java:460)
        at app//org.apache.hadoop.ipc.CallQueueManager.take(CallQueueManager.java:370)
        at app//org.apache.hadoop.ipc.Server$Handler.run(Server.java:3165)
"qtp505087261-906" daemon prio=5 tid=906 runnable
java.lang.Thread.State: RUNNABLE
        at java.base@21.0.8/sun.nio.ch.EPoll.wait(Native Method)
        at java.base@21.0.8/sun.nio.ch.EPollSelectorImpl.doSelect(EPollSelectorImpl.java:121)
        at java.base@21.0.8/sun.nio.ch.SelectorImpl.lockAndDoSelect(SelectorImpl.java:130)
        at java.base@21.0.8/sun.nio.ch.SelectorImpl.select(SelectorImpl.java:147)
        at app//org.eclipse.jetty.io.ManagedSelector.nioSelect(ManagedSelector.java:183)
        at app//org.eclipse.jetty.io.ManagedSelector.select(ManagedSelector.java:190)
        at app//org.eclipse.jetty.io.ManagedSelector$SelectorProducer.select(ManagedSelector.java:606)
        at app//org.eclipse.jetty.io.ManagedSelector$SelectorProducer.produce(ManagedSelector.java:543)
        at app//org.eclipse.jetty.util.thread.strategy.EatWhatYouKill.produceTask(EatWhatYouKill.java:362)
        at app//org.eclipse.jetty.util.thread.strategy.EatWhatYouKill.doProduce(EatWhatYouKill.java:186)
        at app//org.eclipse.jetty.util.thread.strategy.EatWhatYouKill.tryProduce(EatWhatYouKill.java:173)
        at app//org.eclipse.jetty.util.thread.strategy.EatWhatYouKill.produce(EatWhatYouKill.java:137)
        at app//org.eclipse.jetty.io.ManagedSelector$$Lambda/0x00007f18e86c6408.run(Unknown Source)
        at app//org.eclipse.jetty.util.thread.QueuedThreadPool.runJob(QueuedThreadPool.java:883)
        at app//org.eclipse.jetty.util.thread.QueuedThreadPool$Runner.run(QueuedThreadPool.java:1034)
        at java.base@21.0.8/java.lang.Thread.runWith(Thread.java:1596)
        at java.base@21.0.8/java.lang.Thread.run(Thread.java:1583)
"IPC Server handler 93 on default port 15003" daemon prio=5 tid=314 timed_waiting
java.lang.Thread.State: TIMED_WAITING
        at java.base@21.0.8/jdk.internal.misc.Unsafe.park(Native Method)
        at java.base@21.0.8/java.util.concurrent.locks.LockSupport.parkNanos(LockSupport.java:269)
        at java.base@21.0.8/java.util.concurrent.locks.AbstractQueuedSynchronizer$ConditionObject.awaitNanos(AbstractQueuedSynchronizer.java:1763)
        at java.base@21.0.8/java.util.concurrent.LinkedBlockingQueue.poll(LinkedBlockingQueue.java:460)
        at app//org.apache.hadoop.ipc.CallQueueManager.take(CallQueueManager.java:370)
        at app//org.apache.hadoop.ipc.Server$Handler.run(Server.java:3165)
"IPC Server handler 4 on default port 15037" daemon prio=5 tid=887 timed_waiting
java.lang.Thread.State: TIMED_WAITING
        at java.base@21.0.8/jdk.internal.misc.Unsafe.park(Native Method)
        at java.base@21.0.8/java.util.concurrent.locks.LockSupport.parkNanos(LockSupport.java:269)
        at java.base@21.0.8/java.util.concurrent.locks.AbstractQueuedSynchronizer$ConditionObject.awaitNanos(AbstractQueuedSynchronizer.java:1763)
        at java.base@21.0.8/java.util.concurrent.LinkedBlockingQueue.poll(LinkedBlockingQueue.java:460)
        at app//org.apache.hadoop.ipc.CallQueueManager.take(CallQueueManager.java:370)
        at app//org.apache.hadoop.ipc.Server$Handler.run(Server.java:3165)
"Socket Reader #7 for port 15008" daemon prio=5 tid=456 runnable
java.lang.Thread.State: RUNNABLE
        at java.base@21.0.8/sun.nio.ch.EPoll.wait(Native Method)
        at java.base@21.0.8/sun.nio.ch.EPollSelectorImpl.doSelect(EPollSelectorImpl.java:121)
        at java.base@21.0.8/sun.nio.ch.SelectorImpl.lockAndDoSelect(SelectorImpl.java:130)
        at java.base@21.0.8/sun.nio.ch.SelectorImpl.select(SelectorImpl.java:147)
        at app//org.apache.hadoop.ipc.Server$Listener$Reader.doRunLoop(Server.java:1497)
        at app//org.apache.hadoop.ipc.Server$Listener$Reader.run(Server.java:1476)
"IPC Server handler 4 on default port 15045" daemon prio=5 tid=966 timed_waiting
java.lang.Thread.State: TIMED_WAITING
        at java.base@21.0.8/jdk.internal.misc.Unsafe.park(Native Method)
        at java.base@21.0.8/java.util.concurrent.locks.LockSupport.parkNanos(LockSupport.java:269)
        at java.base@21.0.8/java.util.concurrent.locks.AbstractQueuedSynchronizer$ConditionObject.awaitNanos(AbstractQueuedSynchronizer.java:1763)
        at java.base@21.0.8/java.util.concurrent.LinkedBlockingQueue.poll(LinkedBlockingQueue.java:460)
        at app//org.apache.hadoop.ipc.CallQueueManager.take(CallQueueManager.java:370)
        at app//org.apache.hadoop.ipc.Server$Handler.run(Server.java:3165)
"grpc-default-executor-2" daemon prio=5 tid=1110 timed_waiting
java.lang.Thread.State: TIMED_WAITING
        at java.base@21.0.8/jdk.internal.misc.Unsafe.park(Native Method)
        at java.base@21.0.8/java.util.concurrent.locks.LockSupport.parkNanos(LockSupport.java:410)
        at java.base@21.0.8/java.util.concurrent.LinkedTransferQueue$DualNode.await(LinkedTransferQueue.java:452)
        at java.base@21.0.8/java.util.concurrent.SynchronousQueue$Transferer.xferLifo(SynchronousQueue.java:194)
        at java.base@21.0.8/java.util.concurrent.SynchronousQueue.xfer(SynchronousQueue.java:235)
        at java.base@21.0.8/java.util.concurrent.SynchronousQueue.poll(SynchronousQueue.java:338)
        at java.base@21.0.8/java.util.concurrent.ThreadPoolExecutor.getTask(ThreadPoolExecutor.java:1069)
        at java.base@21.0.8/java.util.concurrent.ThreadPoolExecutor.runWorker(ThreadPoolExecutor.java:1130)
        at java.base@21.0.8/java.util.concurrent.ThreadPoolExecutor$Worker.run(ThreadPoolExecutor.java:642)
        at java.base@21.0.8/java.lang.Thread.runWith(Thread.java:1596)
        at java.base@21.0.8/java.lang.Thread.run(Thread.java:1583)
"Socket Reader #2 for port 15021" daemon prio=5 tid=729 runnable
java.lang.Thread.State: RUNNABLE
        at java.base@21.0.8/sun.nio.ch.EPoll.wait(Native Method)
        at java.base@21.0.8/sun.nio.ch.EPollSelectorImpl.doSelect(EPollSelectorImpl.java:121)
        at java.base@21.0.8/sun.nio.ch.SelectorImpl.lockAndDoSelect(SelectorImpl.java:130)
        at java.base@21.0.8/sun.nio.ch.SelectorImpl.select(SelectorImpl.java:147)
        at app//org.apache.hadoop.ipc.Server$Listener$Reader.doRunLoop(Server.java:1497)
        at app//org.apache.hadoop.ipc.Server$Listener$Reader.run(Server.java:1476)
"IPC Server listener on 15045" daemon prio=5 tid=948 runnable
java.lang.Thread.State: RUNNABLE
        at java.base@21.0.8/sun.nio.ch.EPoll.wait(Native Method)
        at java.base@21.0.8/sun.nio.ch.EPollSelectorImpl.doSelect(EPollSelectorImpl.java:121)
        at java.base@21.0.8/sun.nio.ch.SelectorImpl.lockAndDoSelect(SelectorImpl.java:130)
        at java.base@21.0.8/sun.nio.ch.SelectorImpl.select(SelectorImpl.java:147)
        at app//org.apache.hadoop.ipc.Server$Listener.run(Server.java:1559)
"timer4" daemon prio=5 tid=1116 timed_waiting
java.lang.Thread.State: TIMED_WAITING
        at java.base@21.0.8/java.lang.Object.wait0(Native Method)
        at java.base@21.0.8/java.lang.Object.wait(Object.java:366)
        at java.base@21.0.8/java.util.TimerThread.mainLoop(Timer.java:563)
        at java.base@21.0.8/java.util.TimerThread.run(Timer.java:516)
"om1-KeyDeletingService#4" daemon prio=5 tid=1362 in Object.wait()
java.lang.Thread.State: WAITING (on object monitor)
        at java.base@21.0.8/jdk.internal.misc.Unsafe.park(Native Method)
        at java.base@21.0.8/java.util.concurrent.locks.LockSupport.park(LockSupport.java:371)
        at java.base@21.0.8/java.util.concurrent.locks.AbstractQueuedSynchronizer$ConditionNode.block(AbstractQueuedSynchronizer.java:519)
        at java.base@21.0.8/java.util.concurrent.ForkJoinPool.unmanagedBlock(ForkJoinPool.java:3780)
        at java.base@21.0.8/java.util.concurrent.ForkJoinPool.managedBlock(ForkJoinPool.java:3725)
        at java.base@21.0.8/java.util.concurrent.locks.AbstractQueuedSynchronizer$ConditionObject.await(AbstractQueuedSynchronizer.java:1712)
        at java.base@21.0.8/java.util.concurrent.ScheduledThreadPoolExecutor$DelayedWorkQueue.take(ScheduledThreadPoolExecutor.java:1177)
        at java.base@21.0.8/java.util.concurrent.ScheduledThreadPoolExecutor$DelayedWorkQueue.take(ScheduledThreadPoolExecutor.java:899)
        at java.base@21.0.8/java.util.concurrent.ThreadPoolExecutor.getTask(ThreadPoolExecutor.java:1070)
        at java.base@21.0.8/java.util.concurrent.ThreadPoolExecutor.runWorker(ThreadPoolExecutor.java:1130)
        at java.base@21.0.8/java.util.concurrent.ThreadPoolExecutor$Worker.run(ThreadPoolExecutor.java:642)
        at java.base@21.0.8/java.lang.Thread.runWith(Thread.java:1596)
        at java.base@21.0.8/java.lang.Thread.run(Thread.java:1583)
"pool-99-thread-1" daemon prio=5 tid=829 timed_waiting
java.lang.Thread.State: TIMED_WAITING
        at java.base@21.0.8/jdk.internal.misc.Unsafe.park(Native Method)
        at java.base@21.0.8/java.util.concurrent.locks.LockSupport.parkNanos(LockSupport.java:269)
        at java.base@21.0.8/java.util.concurrent.locks.AbstractQueuedSynchronizer$ConditionObject.awaitNanos(AbstractQueuedSynchronizer.java:1763)
        at java.base@21.0.8/java.util.concurrent.ScheduledThreadPoolExecutor$DelayedWorkQueue.take(ScheduledThreadPoolExecutor.java:1182)
        at java.base@21.0.8/java.util.concurrent.ScheduledThreadPoolExecutor$DelayedWorkQueue.take(ScheduledThreadPoolExecutor.java:899)
        at java.base@21.0.8/java.util.concurrent.ThreadPoolExecutor.getTask(ThreadPoolExecutor.java:1070)
        at java.base@21.0.8/java.util.concurrent.ThreadPoolExecutor.runWorker(ThreadPoolExecutor.java:1130)
        at java.base@21.0.8/java.util.concurrent.ThreadPoolExecutor$Worker.run(ThreadPoolExecutor.java:642)
        at java.base@21.0.8/java.lang.Thread.runWith(Thread.java:1596)
        at java.base@21.0.8/java.lang.Thread.run(Thread.java:1583)
"IPC Server idle connection scanner for port 15008" daemon prio=5 tid=460 timed_waiting
java.lang.Thread.State: TIMED_WAITING
        at java.base@21.0.8/java.lang.Object.wait0(Native Method)
        at java.base@21.0.8/java.lang.Object.wait(Object.java:366)
        at java.base@21.0.8/java.util.TimerThread.mainLoop(Timer.java:563)
        at java.base@21.0.8/java.util.TimerThread.run(Timer.java:516)
"346684e1-b57f-4c29-9507-935dad45bd68-DataNodeDiskCheckerThread-0" daemon prio=5 tid=984 timed_waiting
java.lang.Thread.State: TIMED_WAITING
        at java.base@21.0.8/jdk.internal.misc.Unsafe.park(Native Method)
        at java.base@21.0.8/java.util.concurrent.locks.LockSupport.parkNanos(LockSupport.java:410)
        at java.base@21.0.8/java.util.concurrent.LinkedTransferQueue$DualNode.await(LinkedTransferQueue.java:452)
        at java.base@21.0.8/java.util.concurrent.SynchronousQueue$Transferer.xferLifo(SynchronousQueue.java:194)
        at java.base@21.0.8/java.util.concurrent.SynchronousQueue.xfer(SynchronousQueue.java:235)
        at java.base@21.0.8/java.util.concurrent.SynchronousQueue.poll(SynchronousQueue.java:338)
        at java.base@21.0.8/java.util.concurrent.ThreadPoolExecutor.getTask(ThreadPoolExecutor.java:1069)
        at java.base@21.0.8/java.util.concurrent.ThreadPoolExecutor.runWorker(ThreadPoolExecutor.java:1130)
        at java.base@21.0.8/java.util.concurrent.ThreadPoolExecutor$Worker.run(ThreadPoolExecutor.java:642)
        at java.base@21.0.8/java.lang.Thread.runWith(Thread.java:1596)
        at java.base@21.0.8/java.lang.Thread.run(Thread.java:1583)
"Recon-FixedThreadPoolWithAffinityExecutor-5-0" daemon prio=5 tid=539 timed_waiting
java.lang.Thread.State: TIMED_WAITING
        at java.base@21.0.8/jdk.internal.misc.Unsafe.park(Native Method)
        at java.base@21.0.8/java.util.concurrent.locks.LockSupport.parkNanos(LockSupport.java:269)
        at java.base@21.0.8/java.util.concurrent.locks.AbstractQueuedSynchronizer$ConditionObject.awaitNanos(AbstractQueuedSynchronizer.java:1763)
        at java.base@21.0.8/java.util.concurrent.LinkedBlockingQueue.poll(LinkedBlockingQueue.java:460)
        at app//org.apache.hadoop.hdds.scm.server.ContainerReportQueue.poll(ContainerReportQueue.java:269)
        at app//org.apache.hadoop.hdds.scm.server.ContainerReportQueue.poll(ContainerReportQueue.java:42)
        at app//org.apache.hadoop.hdds.server.events.FixedThreadPoolWithAffinityExecutor$ContainerReportProcessTask.run(FixedThreadPoolWithAffinityExecutor.java:228)
        at java.base@21.0.8/java.util.concurrent.Executors$RunnableAdapter.call(Executors.java:572)
        at java.base@21.0.8/java.util.concurrent.FutureTask.run(FutureTask.java:317)
        at java.base@21.0.8/java.util.concurrent.ThreadPoolExecutor.runWorker(ThreadPoolExecutor.java:1144)
        at java.base@21.0.8/java.util.concurrent.ThreadPoolExecutor$Worker.run(ThreadPoolExecutor.java:642)
        at java.base@21.0.8/java.lang.Thread.runWith(Thread.java:1596)
        at java.base@21.0.8/java.lang.Thread.run(Thread.java:1583)
"IPC Server listener on 15037" daemon prio=5 tid=866 runnable
java.lang.Thread.State: RUNNABLE
        at java.base@21.0.8/sun.nio.ch.EPoll.wait(Native Method)
        at java.base@21.0.8/sun.nio.ch.EPollSelectorImpl.doSelect(EPollSelectorImpl.java:121)
        at java.base@21.0.8/sun.nio.ch.SelectorImpl.lockAndDoSelect(SelectorImpl.java:130)
        at java.base@21.0.8/sun.nio.ch.SelectorImpl.select(SelectorImpl.java:147)
        at app//org.apache.hadoop.ipc.Server$Listener.run(Server.java:1559)
"Recon-FixedThreadPoolWithAffinityExecutor-3-0" daemon prio=5 tid=537 timed_waiting
java.lang.Thread.State: TIMED_WAITING
        at java.base@21.0.8/jdk.internal.misc.Unsafe.park(Native Method)
        at java.base@21.0.8/java.util.concurrent.locks.LockSupport.parkNanos(LockSupport.java:269)
        at java.base@21.0.8/java.util.concurrent.locks.AbstractQueuedSynchronizer$ConditionObject.awaitNanos(AbstractQueuedSynchronizer.java:1763)
        at java.base@21.0.8/java.util.concurrent.LinkedBlockingQueue.poll(LinkedBlockingQueue.java:460)
        at app//org.apache.hadoop.hdds.scm.server.ContainerReportQueue.poll(ContainerReportQueue.java:269)
        at app//org.apache.hadoop.hdds.scm.server.ContainerReportQueue.poll(ContainerReportQueue.java:42)
        at app//org.apache.hadoop.hdds.server.events.FixedThreadPoolWithAffinityExecutor$ContainerReportProcessTask.run(FixedThreadPoolWithAffinityExecutor.java:228)
        at java.base@21.0.8/java.util.concurrent.Executors$RunnableAdapter.call(Executors.java:572)
        at java.base@21.0.8/java.util.concurrent.FutureTask.run(FutureTask.java:317)
        at java.base@21.0.8/java.util.concurrent.ThreadPoolExecutor.runWorker(ThreadPoolExecutor.java:1144)
        at java.base@21.0.8/java.util.concurrent.ThreadPoolExecutor$Worker.run(ThreadPoolExecutor.java:642)
        at java.base@21.0.8/java.lang.Thread.runWith(Thread.java:1596)
        at java.base@21.0.8/java.lang.Thread.run(Thread.java:1583)
"SSL Certificates Store Monitor" daemon prio=5 tid=1360 in Object.wait()
java.lang.Thread.State: WAITING (on object monitor)
        at java.base@21.0.8/java.lang.Object.wait0(Native Method)
        at java.base@21.0.8/java.lang.Object.wait(Object.java:366)
        at java.base@21.0.8/java.lang.Object.wait(Object.java:339)
        at java.base@21.0.8/java.util.TimerThread.mainLoop(Timer.java:537)
        at java.base@21.0.8/java.util.TimerThread.run(Timer.java:516)
"IPC Server handler 15 on default port 15001" daemon prio=5 tid=573 timed_waiting
java.lang.Thread.State: TIMED_WAITING
        at java.base@21.0.8/jdk.internal.misc.Unsafe.park(Native Method)
        at java.base@21.0.8/java.util.concurrent.locks.LockSupport.parkNanos(LockSupport.java:269)
        at java.base@21.0.8/java.util.concurrent.locks.AbstractQueuedSynchronizer$ConditionObject.awaitNanos(AbstractQueuedSynchronizer.java:1763)
        at java.base@21.0.8/java.util.concurrent.LinkedBlockingQueue.poll(LinkedBlockingQueue.java:460)
        at app//org.apache.hadoop.ipc.CallQueueManager.take(CallQueueManager.java:370)
        at app//org.apache.hadoop.ipc.Server$Handler.run(Server.java:3165)
"IPC Server handler 50 on default port 15001" daemon prio=5 tid=608 timed_waiting
java.lang.Thread.State: TIMED_WAITING
        at java.base@21.0.8/jdk.internal.misc.Unsafe.park(Native Method)
        at java.base@21.0.8/java.util.concurrent.locks.LockSupport.parkNanos(LockSupport.java:269)
        at java.base@21.0.8/java.util.concurrent.locks.AbstractQueuedSynchronizer$ConditionObject.awaitNanos(AbstractQueuedSynchronizer.java:1763)
        at java.base@21.0.8/java.util.concurrent.LinkedBlockingQueue.poll(LinkedBlockingQueue.java:460)
        at app//org.apache.hadoop.ipc.CallQueueManager.take(CallQueueManager.java:370)
        at app//org.apache.hadoop.ipc.Server$Handler.run(Server.java:3165)
"42a5f925-1bc2-4f8a-8509-c5ae65e6fcde-DatanodeReportManager-1" daemon prio=5 tid=707 in Object.wait()
java.lang.Thread.State: WAITING (on object monitor)
        at java.base@21.0.8/jdk.internal.misc.Unsafe.park(Native Method)
        at java.base@21.0.8/java.util.concurrent.locks.LockSupport.park(LockSupport.java:371)
        at java.base@21.0.8/java.util.concurrent.locks.AbstractQueuedSynchronizer$ConditionNode.block(AbstractQueuedSynchronizer.java:519)
        at java.base@21.0.8/java.util.concurrent.ForkJoinPool.unmanagedBlock(ForkJoinPool.java:3780)
        at java.base@21.0.8/java.util.concurrent.ForkJoinPool.managedBlock(ForkJoinPool.java:3725)
        at java.base@21.0.8/java.util.concurrent.locks.AbstractQueuedSynchronizer$ConditionObject.await(AbstractQueuedSynchronizer.java:1712)
        at java.base@21.0.8/java.util.concurrent.ScheduledThreadPoolExecutor$DelayedWorkQueue.take(ScheduledThreadPoolExecutor.java:1177)
        at java.base@21.0.8/java.util.concurrent.ScheduledThreadPoolExecutor$DelayedWorkQueue.take(ScheduledThreadPoolExecutor.java:899)
        at java.base@21.0.8/java.util.concurrent.ThreadPoolExecutor.getTask(ThreadPoolExecutor.java:1070)
        at java.base@21.0.8/java.util.concurrent.ThreadPoolExecutor.runWorker(ThreadPoolExecutor.java:1130)
        at java.base@21.0.8/java.util.concurrent.ThreadPoolExecutor$Worker.run(ThreadPoolExecutor.java:642)
        at java.base@21.0.8/java.lang.Thread.runWith(Thread.java:1596)
        at java.base@21.0.8/java.lang.Thread.run(Thread.java:1583)
"IPC Server handler 55 on default port 15004" daemon prio=5 tid=394 timed_waiting
java.lang.Thread.State: TIMED_WAITING
        at java.base@21.0.8/jdk.internal.misc.Unsafe.park(Native Method)
        at java.base@21.0.8/java.util.concurrent.locks.LockSupport.parkNanos(LockSupport.java:269)
        at java.base@21.0.8/java.util.concurrent.locks.AbstractQueuedSynchronizer$ConditionObject.awaitNanos(AbstractQueuedSynchronizer.java:1763)
        at java.base@21.0.8/java.util.concurrent.LinkedBlockingQueue.poll(LinkedBlockingQueue.java:460)
        at app//org.apache.hadoop.ipc.CallQueueManager.take(CallQueueManager.java:370)
        at app//org.apache.hadoop.ipc.Server$Handler.run(Server.java:3165)
"Socket Reader #2 for port 15008" daemon prio=5 tid=451 runnable
java.lang.Thread.State: RUNNABLE
        at java.base@21.0.8/sun.nio.ch.EPoll.wait(Native Method)
        at java.base@21.0.8/sun.nio.ch.EPollSelectorImpl.doSelect(EPollSelectorImpl.java:121)
        at java.base@21.0.8/sun.nio.ch.SelectorImpl.lockAndDoSelect(SelectorImpl.java:130)
        at java.base@21.0.8/sun.nio.ch.SelectorImpl.select(SelectorImpl.java:147)
        at app//org.apache.hadoop.ipc.Server$Listener$Reader.doRunLoop(Server.java:1497)
        at app//org.apache.hadoop.ipc.Server$Listener$Reader.run(Server.java:1476)
"pool-66-thread-1"  prio=5 tid=482 timed_waiting
java.lang.Thread.State: TIMED_WAITING
        at java.base@21.0.8/jdk.internal.misc.Unsafe.park(Native Method)
        at java.base@21.0.8/java.util.concurrent.locks.LockSupport.parkNanos(LockSupport.java:269)
        at java.base@21.0.8/java.util.concurrent.locks.AbstractQueuedSynchronizer$ConditionObject.awaitNanos(AbstractQueuedSynchronizer.java:1763)
        at java.base@21.0.8/java.util.concurrent.ScheduledThreadPoolExecutor$DelayedWorkQueue.take(ScheduledThreadPoolExecutor.java:1182)
        at java.base@21.0.8/java.util.concurrent.ScheduledThreadPoolExecutor$DelayedWorkQueue.take(ScheduledThreadPoolExecutor.java:899)
        at java.base@21.0.8/java.util.concurrent.ThreadPoolExecutor.getTask(ThreadPoolExecutor.java:1070)
        at java.base@21.0.8/java.util.concurrent.ThreadPoolExecutor.runWorker(ThreadPoolExecutor.java:1130)
        at java.base@21.0.8/java.util.concurrent.ThreadPoolExecutor$Worker.run(ThreadPoolExecutor.java:642)
        at java.base@21.0.8/java.lang.Thread.runWith(Thread.java:1596)
        at java.base@21.0.8/java.lang.Thread.run(Thread.java:1583)
"IPC Server handler 51 on default port 15004" daemon prio=5 tid=390 timed_waiting
java.lang.Thread.State: TIMED_WAITING
        at java.base@21.0.8/jdk.internal.misc.Unsafe.park(Native Method)
        at java.base@21.0.8/java.util.concurrent.locks.LockSupport.parkNanos(LockSupport.java:269)
        at java.base@21.0.8/java.util.concurrent.locks.AbstractQueuedSynchronizer$ConditionObject.awaitNanos(AbstractQueuedSynchronizer.java:1763)
        at java.base@21.0.8/java.util.concurrent.LinkedBlockingQueue.poll(LinkedBlockingQueue.java:460)
        at app//org.apache.hadoop.ipc.CallQueueManager.take(CallQueueManager.java:370)
        at app//org.apache.hadoop.ipc.Server$Handler.run(Server.java:3165)
"IPC Server handler 65 on default port 15004" daemon prio=5 tid=404 timed_waiting
java.lang.Thread.State: TIMED_WAITING
        at java.base@21.0.8/jdk.internal.misc.Unsafe.park(Native Method)
        at java.base@21.0.8/java.util.concurrent.locks.LockSupport.parkNanos(LockSupport.java:269)
        at java.base@21.0.8/java.util.concurrent.locks.AbstractQueuedSynchronizer$ConditionObject.awaitNanos(AbstractQueuedSynchronizer.java:1763)
        at java.base@21.0.8/java.util.concurrent.LinkedBlockingQueue.poll(LinkedBlockingQueue.java:460)
        at app//org.apache.hadoop.ipc.CallQueueManager.take(CallQueueManager.java:370)
        at app//org.apache.hadoop.ipc.Server$Handler.run(Server.java:3165)
"ForkJoinPool-1-worker-1" daemon prio=5 tid=33 runnable
java.lang.Thread.State: RUNNABLE
        at java.base@21.0.8/java.lang.Thread.dumpThreads(Native Method)
        at java.base@21.0.8/java.lang.Thread.getAllStackTraces(Thread.java:2522)
        at app//org.apache.ozone.test.TimedOutTestsListener.buildThreadDump(TimedOutTestsListener.java:81)
        at app//org.apache.ozone.test.TimedOutTestsListener.buildThreadDiagnosticString(TimedOutTestsListener.java:67)
        at app//org.apache.ozone.test.GenericTestUtils.waitFor(GenericTestUtils.java:116)
        at app//org.apache.hadoop.ozone.recon.TestReconAndAdminContainerCLI.compareRMReportToReconResponse(TestReconAndAdminContainerCLI.java:323)
        at app//org.apache.hadoop.ozone.recon.TestReconAndAdminContainerCLI.testMissingContainer(TestReconAndAdminContainerCLI.java:213)
        at java.base@21.0.8/java.lang.invoke.LambdaForm$DMH/0x00007f18e8160400.invokeVirtual(LambdaForm$DMH)
        at java.base@21.0.8/java.lang.invoke.LambdaForm$MH/0x00007f18e81bd800.invoke(LambdaForm$MH)
        at java.base@21.0.8/java.lang.invoke.Invokers$Holder.invokeExact_MT(Invokers$Holder)
        at java.base@21.0.8/jdk.internal.reflect.DirectMethodHandleAccessor.invokeImpl(DirectMethodHandleAccessor.java:153)
        at java.base@21.0.8/jdk.internal.reflect.DirectMethodHandleAccessor.invoke(DirectMethodHandleAccessor.java:103)
        at java.base@21.0.8/java.lang.reflect.Method.invoke(Method.java:580)
        at app//org.junit.platform.commons.util.ReflectionUtils.invokeMethod(ReflectionUtils.java:787)
        at app//org.junit.platform.commons.support.ReflectionSupport.invokeMethod(ReflectionSupport.java:478)
        at app//org.junit.jupiter.engine.execution.MethodInvocation.proceed(MethodInvocation.java:60)
        at app//org.junit.jupiter.engine.execution.InvocationInterceptorChain$ValidatingInvocation.proceed(InvocationInterceptorChain.java:131)
        at app//org.junit.jupiter.engine.extension.SameThreadTimeoutInvocation.proceed(SameThreadTimeoutInvocation.java:49)
        at app//org.junit.jupiter.engine.extension.TimeoutExtension.intercept(TimeoutExtension.java:161)
        at app//org.junit.jupiter.engine.extension.TimeoutExtension.interceptTestableMethod(TimeoutExtension.java:152)
        at app//org.junit.jupiter.engine.extension.TimeoutExtension.interceptTestMethod(TimeoutExtension.java:91)
        at app//org.junit.jupiter.engine.descriptor.TestMethodTestDescriptor$$Lambda/0x00007f18e811d628.apply(Unknown Source)
        at app//org.junit.jupiter.engine.execution.InterceptingExecutableInvoker$ReflectiveInterceptorCall.lambda$ofVoidMethod$0(InterceptingExecutableInvoker.java:112)
        at app//org.junit.jupiter.engine.execution.InterceptingExecutableInvoker$ReflectiveInterceptorCall$$Lambda/0x00007f18e811da48.apply(Unknown Source)
        at app//org.junit.jupiter.engine.execution.InterceptingExecutableInvoker.lambda$invoke$0(InterceptingExecutableInvoker.java:94)
        at app//org.junit.jupiter.engine.execution.InterceptingExecutableInvoker$$Lambda/0x00007f18e8176fe8.apply(Unknown Source)
        at app//org.junit.jupiter.engine.execution.InvocationInterceptorChain$InterceptedInvocation.proceed(InvocationInterceptorChain.java:106)
        at app//org.junit.jupiter.engine.execution.InvocationInterceptorChain.proceed(InvocationInterceptorChain.java:64)
        at app//org.junit.jupiter.engine.execution.InvocationInterceptorChain.chainAndInvoke(InvocationInterceptorChain.java:45)
        at app//org.junit.jupiter.engine.execution.InvocationInterceptorChain.invoke(InvocationInterceptorChain.java:37)
        at app//org.junit.jupiter.engine.execution.InterceptingExecutableInvoker.invoke(InterceptingExecutableInvoker.java:93)
        at app//org.junit.jupiter.engine.execution.InterceptingExecutableInvoker.invoke(InterceptingExecutableInvoker.java:87)
        at app//org.junit.jupiter.engine.descriptor.TestMethodTestDescriptor.lambda$invokeTestMethod$4(TestMethodTestDescriptor.java:221)
        at app//org.junit.jupiter.engine.descriptor.TestMethodTestDescriptor$$Lambda/0x00007f18e8fb9cc0.execute(Unknown Source)
        at app//org.junit.platform.engine.support.hierarchical.ThrowableCollector.execute(ThrowableCollector.java:73)
        at app//org.junit.jupiter.engine.descriptor.TestMethodTestDescriptor.invokeTestMethod(TestMethodTestDescriptor.java:217)
        at app//org.junit.jupiter.engine.descriptor.TestMethodTestDescriptor.execute(TestMethodTestDescriptor.java:159)
        at app//org.junit.jupiter.engine.descriptor.TestMethodTestDescriptor.execute(TestMethodTestDescriptor.java:70)
        at app//org.junit.platform.engine.support.hierarchical.NodeTestTask.lambda$executeRecursively$6(NodeTestTask.java:157)
        at app//org.junit.platform.engine.support.hierarchical.NodeTestTask$$Lambda/0x00007f18e8164cf8.execute(Unknown Source)
        at app//org.junit.platform.engine.support.hierarchical.ThrowableCollector.execute(ThrowableCollector.java:73)
        at app//org.junit.platform.engine.support.hierarchical.NodeTestTask.lambda$executeRecursively$8(NodeTestTask.java:147)
        at app//org.junit.platform.engine.support.hierarchical.NodeTestTask$$Lambda/0x00007f18e8164ad0.invoke(Unknown Source)
        at app//org.junit.platform.engine.support.hierarchical.Node.around(Node.java:137)
        at app//org.junit.platform.engine.support.hierarchical.NodeTestTask.lambda$executeRecursively$9(NodeTestTask.java:145)
        at app//org.junit.platform.engine.support.hierarchical.NodeTestTask$$Lambda/0x00007f18e81646a8.execute(Unknown Source)
        at app//org.junit.platform.engine.support.hierarchical.ThrowableCollector.execute(ThrowableCollector.java:73)
        at app//org.junit.platform.engine.support.hierarchical.NodeTestTask.executeRecursively(NodeTestTask.java:144)
        at app//org.junit.platform.engine.support.hierarchical.NodeTestTask.execute(NodeTestTask.java:101)
        at app//org.junit.platform.engine.support.hierarchical.ForkJoinPoolHierarchicalTestExecutorService$ExclusiveTask.exec(ForkJoinPoolHierarchicalTestExecutorService.java:274)
        at app//org.junit.platform.engine.support.hierarchical.ForkJoinPoolHierarchicalTestExecutorService$ExclusiveTask.execSync(ForkJoinPoolHierarchicalTestExecutorService.java:247)
        at app//org.junit.platform.engine.support.hierarchical.ForkJoinPoolHierarchicalTestExecutorService.invokeAll(ForkJoinPoolHierarchicalTestExecutorService.java:159)
        at app//org.junit.platform.engine.support.hierarchical.NodeTestTask.lambda$executeRecursively$6(NodeTestTask.java:161)
        at app//org.junit.platform.engine.support.hierarchical.NodeTestTask$$Lambda/0x00007f18e8164cf8.execute(Unknown Source)
        at app//org.junit.platform.engine.support.hierarchical.ThrowableCollector.execute(ThrowableCollector.java:73)
        at app//org.junit.platform.engine.support.hierarchical.NodeTestTask.lambda$executeRecursively$8(NodeTestTask.java:147)
        at app//org.junit.platform.engine.support.hierarchical.NodeTestTask$$Lambda/0x00007f18e8164ad0.invoke(Unknown Source)
        at app//org.junit.platform.engine.support.hierarchical.Node.around(Node.java:137)
        at app//org.junit.platform.engine.support.hierarchical.NodeTestTask.lambda$executeRecursively$9(NodeTestTask.java:145)
        at app//org.junit.platform.engine.support.hierarchical.NodeTestTask$$Lambda/0x00007f18e81646a8.execute(Unknown Source)
        at app//org.junit.platform.engine.support.hierarchical.ThrowableCollector.execute(ThrowableCollector.java:73)
        at app//org.junit.platform.engine.support.hierarchical.NodeTestTask.executeRecursively(NodeTestTask.java:144)
        at app//org.junit.platform.engine.support.hierarchical.NodeTestTask.execute(NodeTestTask.java:101)
        at app//org.junit.platform.engine.support.hierarchical.ForkJoinPoolHierarchicalTestExecutorService$ExclusiveTask.exec(ForkJoinPoolHierarchicalTestExecutorService.java:274)
        at app//org.junit.platform.engine.support.hierarchical.ForkJoinPoolHierarchicalTestExecutorService$ExclusiveTask.execSync(ForkJoinPoolHierarchicalTestExecutorService.java:247)
        at app//org.junit.platform.engine.support.hierarchical.ForkJoinPoolHierarchicalTestExecutorService.invokeAll(ForkJoinPoolHierarchicalTestExecutorService.java:159)
        at app//org.junit.platform.engine.support.hierarchical.NodeTestTask.lambda$executeRecursively$6(NodeTestTask.java:161)
        at app//org.junit.platform.engine.support.hierarchical.NodeTestTask$$Lambda/0x00007f18e8164cf8.execute(Unknown Source)
        at app//org.junit.platform.engine.support.hierarchical.ThrowableCollector.execute(ThrowableCollector.java:73)
        at app//org.junit.platform.engine.support.hierarchical.NodeTestTask.lambda$executeRecursively$8(NodeTestTask.java:147)
        at app//org.junit.platform.engine.support.hierarchical.NodeTestTask$$Lambda/0x00007f18e8164ad0.invoke(Unknown Source)
        at app//org.junit.platform.engine.support.hierarchical.Node.around(Node.java:137)
        at app//org.junit.platform.engine.support.hierarchical.NodeTestTask.lambda$executeRecursively$9(NodeTestTask.java:145)
        at app//org.junit.platform.engine.support.hierarchical.NodeTestTask$$Lambda/0x00007f18e81646a8.execute(Unknown Source)
        at app//org.junit.platform.engine.support.hierarchical.ThrowableCollector.execute(ThrowableCollector.java:73)
        at app//org.junit.platform.engine.support.hierarchical.NodeTestTask.executeRecursively(NodeTestTask.java:144)
        at app//org.junit.platform.engine.support.hierarchical.NodeTestTask.execute(NodeTestTask.java:101)
        at app//org.junit.platform.engine.support.hierarchical.ForkJoinPoolHierarchicalTestExecutorService$ExclusiveTask.exec(ForkJoinPoolHierarchicalTestExecutorService.java:274)
        at java.base@21.0.8/java.util.concurrent.ForkJoinTask.doExec(ForkJoinTask.java:387)
        at java.base@21.0.8/java.util.concurrent.ForkJoinPool$WorkQueue.topLevelExec(ForkJoinPool.java:1312)
        at java.base@21.0.8/java.util.concurrent.ForkJoinPool.scan(ForkJoinPool.java:1843)
        at java.base@21.0.8/java.util.concurrent.ForkJoinPool.runWorker(ForkJoinPool.java:1808)
        at java.base@21.0.8/java.util.concurrent.ForkJoinWorkerThread.run(ForkJoinWorkerThread.java:188)
"IPC Server handler 92 on default port 15004" daemon prio=5 tid=431 timed_waiting
java.lang.Thread.State: TIMED_WAITING
        at java.base@21.0.8/jdk.internal.misc.Unsafe.park(Native Method)
        at java.base@21.0.8/java.util.concurrent.locks.LockSupport.parkNanos(LockSupport.java:269)
        at java.base@21.0.8/java.util.concurrent.locks.AbstractQueuedSynchronizer$ConditionObject.awaitNanos(AbstractQueuedSynchronizer.java:1763)
        at java.base@21.0.8/java.util.concurrent.LinkedBlockingQueue.poll(LinkedBlockingQueue.java:460)
        at app//org.apache.hadoop.ipc.CallQueueManager.take(CallQueueManager.java:370)
        at app//org.apache.hadoop.ipc.Server$Handler.run(Server.java:3165)
"IPC Server handler 31 on default port 15002" daemon prio=5 tid=152 timed_waiting
java.lang.Thread.State: TIMED_WAITING
        at java.base@21.0.8/jdk.internal.misc.Unsafe.park(Native Method)
        at java.base@21.0.8/java.util.concurrent.locks.LockSupport.parkNanos(LockSupport.java:269)
        at java.base@21.0.8/java.util.concurrent.locks.AbstractQueuedSynchronizer$ConditionObject.awaitNanos(AbstractQueuedSynchronizer.java:1763)
        at java.base@21.0.8/java.util.concurrent.LinkedBlockingQueue.poll(LinkedBlockingQueue.java:460)
        at app//org.apache.hadoop.ipc.CallQueueManager.take(CallQueueManager.java:370)
        at app//org.apache.hadoop.ipc.Server$Handler.run(Server.java:3165)
"ContainerDataScanner(/home/runner/work/ozone/ozone/hadoop-ozone/integration-test-recon/target/test-dir/MiniOzoneClusterImpl-e405f726-f354-48a5-b90a-334fe627f997/ozone-metadata/datanode-2/data-0/hdds)" daemon prio=5 tid=857 timed_waiting
java.lang.Thread.State: TIMED_WAITING
        at java.base@21.0.8/java.lang.Thread.sleep0(Native Method)
        at java.base@21.0.8/java.lang.Thread.sleep(Thread.java:509)
        at app//org.apache.hadoop.ozone.container.ozoneimpl.AbstractBackgroundContainerScanner.handleRemainingSleep(AbstractBackgroundContainerScanner.java:133)
        at app//org.apache.hadoop.ozone.container.ozoneimpl.AbstractBackgroundContainerScanner.runIteration(AbstractBackgroundContainerScanner.java:100)
        at app//org.apache.hadoop.ozone.container.ozoneimpl.AbstractBackgroundContainerScanner.run(AbstractBackgroundContainerScanner.java:59)
        at java.base@21.0.8/java.lang.Thread.runWith(Thread.java:1596)
        at java.base@21.0.8/java.lang.Thread.run(Thread.java:1583)
"0ed0910f-4ac9-4f62-be34-d90c51a3e6c9-EndpointStateMachineTaskThread-/127.0.0.1:15001-0 "  prio=5 tid=1008 in Object.wait()
java.lang.Thread.State: WAITING (on object monitor)
        at java.base@21.0.8/jdk.internal.misc.Unsafe.park(Native Method)
        at java.base@21.0.8/java.util.concurrent.locks.LockSupport.park(LockSupport.java:371)
        at java.base@21.0.8/java.util.concurrent.locks.AbstractQueuedSynchronizer$ConditionNode.block(AbstractQueuedSynchronizer.java:519)
        at java.base@21.0.8/java.util.concurrent.ForkJoinPool.unmanagedBlock(ForkJoinPool.java:3780)
        at java.base@21.0.8/java.util.concurrent.ForkJoinPool.managedBlock(ForkJoinPool.java:3725)
        at java.base@21.0.8/java.util.concurrent.locks.AbstractQueuedSynchronizer$ConditionObject.await(AbstractQueuedSynchronizer.java:1712)
        at java.base@21.0.8/java.util.concurrent.LinkedBlockingQueue.take(LinkedBlockingQueue.java:435)
        at java.base@21.0.8/java.util.concurrent.ThreadPoolExecutor.getTask(ThreadPoolExecutor.java:1070)
        at java.base@21.0.8/java.util.concurrent.ThreadPoolExecutor.runWorker(ThreadPoolExecutor.java:1130)
        at java.base@21.0.8/java.util.concurrent.ThreadPoolExecutor$Worker.run(ThreadPoolExecutor.java:642)
        at java.base@21.0.8/java.lang.Thread.runWith(Thread.java:1596)
        at java.base@21.0.8/java.lang.Thread.run(Thread.java:1583)
"ForkJoinPool.commonPool-worker-2" daemon prio=5 tid=1029 timed_waiting
java.lang.Thread.State: TIMED_WAITING
        at java.base@21.0.8/jdk.internal.misc.Unsafe.park(Native Method)
        at java.base@21.0.8/java.util.concurrent.locks.LockSupport.parkUntil(LockSupport.java:449)
        at java.base@21.0.8/java.util.concurrent.ForkJoinPool.awaitWork(ForkJoinPool.java:1891)
        at java.base@21.0.8/java.util.concurrent.ForkJoinPool.runWorker(ForkJoinPool.java:1809)
        at java.base@21.0.8/java.util.concurrent.ForkJoinWorkerThread.run(ForkJoinWorkerThread.java:188)
"IPC Server handler 82 on default port 15002" daemon prio=5 tid=203 timed_waiting
java.lang.Thread.State: TIMED_WAITING
        at java.base@21.0.8/jdk.internal.misc.Unsafe.park(Native Method)
        at java.base@21.0.8/java.util.concurrent.locks.LockSupport.parkNanos(LockSupport.java:269)
        at java.base@21.0.8/java.util.concurrent.locks.AbstractQueuedSynchronizer$ConditionObject.awaitNanos(AbstractQueuedSynchronizer.java:1763)
        at java.base@21.0.8/java.util.concurrent.LinkedBlockingQueue.poll(LinkedBlockingQueue.java:460)
        at app//org.apache.hadoop.ipc.CallQueueManager.take(CallQueueManager.java:370)
        at app//org.apache.hadoop.ipc.Server$Handler.run(Server.java:3165)
"qtp1760296638-823" daemon prio=5 tid=823 timed_waiting
java.lang.Thread.State: TIMED_WAITING
        at java.base@21.0.8/jdk.internal.misc.Unsafe.park(Native Method)
        at java.base@21.0.8/java.util.concurrent.locks.LockSupport.parkNanos(LockSupport.java:269)
        at java.base@21.0.8/java.util.concurrent.locks.AbstractQueuedSynchronizer$ConditionObject.awaitNanos(AbstractQueuedSynchronizer.java:1763)
        at app//org.eclipse.jetty.util.BlockingArrayQueue.poll(BlockingArrayQueue.java:382)
        at app//org.eclipse.jetty.util.thread.QueuedThreadPool$Runner.idleJobPoll(QueuedThreadPool.java:974)
        at app//org.eclipse.jetty.util.thread.QueuedThreadPool$Runner.run(QueuedThreadPool.java:1018)
        at java.base@21.0.8/java.lang.Thread.runWith(Thread.java:1596)
        at java.base@21.0.8/java.lang.Thread.run(Thread.java:1583)
"qtp1553533936-485-acceptor-0@3791cb1e-ServerConnector@1b9c93de{HTTP/1.1, (http/1.1)}{0.0.0.0:15009}" daemon prio=3 tid=485 runnable
java.lang.Thread.State: RUNNABLE
        at java.base@21.0.8/sun.nio.ch.Net.accept(Native Method)
        at java.base@21.0.8/sun.nio.ch.ServerSocketChannelImpl.implAccept(ServerSocketChannelImpl.java:433)
        at java.base@21.0.8/sun.nio.ch.ServerSocketChannelImpl.accept(ServerSocketChannelImpl.java:399)
        at app//org.eclipse.jetty.server.ServerConnector.accept(ServerConnector.java:388)
        at app//org.eclipse.jetty.server.AbstractConnector$Acceptor.run(AbstractConnector.java:704)
        at app//org.eclipse.jetty.util.thread.QueuedThreadPool.runJob(QueuedThreadPool.java:883)
        at app//org.eclipse.jetty.util.thread.QueuedThreadPool$Runner.run(QueuedThreadPool.java:1034)
        at java.base@21.0.8/java.lang.Thread.runWith(Thread.java:1596)
        at java.base@21.0.8/java.lang.Thread.run(Thread.java:1583)
"qtp1685778567-674-acceptor-0@3493dacb-ServerConnector@72b5fa73{HTTP/1.1, (http/1.1)}{0.0.0.0:15012}" daemon prio=3 tid=674 runnable
java.lang.Thread.State: RUNNABLE
        at java.base@21.0.8/sun.nio.ch.Net.accept(Native Method)
        at java.base@21.0.8/sun.nio.ch.ServerSocketChannelImpl.implAccept(ServerSocketChannelImpl.java:433)
        at java.base@21.0.8/sun.nio.ch.ServerSocketChannelImpl.accept(ServerSocketChannelImpl.java:399)
        at app//org.eclipse.jetty.server.ServerConnector.accept(ServerConnector.java:388)
        at app//org.eclipse.jetty.server.AbstractConnector$Acceptor.run(AbstractConnector.java:704)
        at app//org.eclipse.jetty.util.thread.QueuedThreadPool.runJob(QueuedThreadPool.java:883)
        at app//org.eclipse.jetty.util.thread.QueuedThreadPool$Runner.run(QueuedThreadPool.java:1034)
        at java.base@21.0.8/java.lang.Thread.runWith(Thread.java:1596)
        at java.base@21.0.8/java.lang.Thread.run(Thread.java:1583)
"346684e1-b57f-4c29-9507-935dad45bd68-DatanodeReportManager-0" daemon prio=5 tid=894 in Object.wait()
java.lang.Thread.State: WAITING (on object monitor)
        at java.base@21.0.8/jdk.internal.misc.Unsafe.park(Native Method)
        at java.base@21.0.8/java.util.concurrent.locks.LockSupport.park(LockSupport.java:371)
        at java.base@21.0.8/java.util.concurrent.locks.AbstractQueuedSynchronizer$ConditionNode.block(AbstractQueuedSynchronizer.java:519)
        at java.base@21.0.8/java.util.concurrent.ForkJoinPool.unmanagedBlock(ForkJoinPool.java:3780)
        at java.base@21.0.8/java.util.concurrent.ForkJoinPool.managedBlock(ForkJoinPool.java:3725)
        at java.base@21.0.8/java.util.concurrent.locks.AbstractQueuedSynchronizer$ConditionObject.await(AbstractQueuedSynchronizer.java:1712)
        at java.base@21.0.8/java.util.concurrent.ScheduledThreadPoolExecutor$DelayedWorkQueue.take(ScheduledThreadPoolExecutor.java:1177)
        at java.base@21.0.8/java.util.concurrent.ScheduledThreadPoolExecutor$DelayedWorkQueue.take(ScheduledThreadPoolExecutor.java:899)
        at java.base@21.0.8/java.util.concurrent.ThreadPoolExecutor.getTask(ThreadPoolExecutor.java:1070)
        at java.base@21.0.8/java.util.concurrent.ThreadPoolExecutor.runWorker(ThreadPoolExecutor.java:1130)
        at java.base@21.0.8/java.util.concurrent.ThreadPoolExecutor$Worker.run(ThreadPoolExecutor.java:642)
        at java.base@21.0.8/java.lang.Thread.runWith(Thread.java:1596)
        at java.base@21.0.8/java.lang.Thread.run(Thread.java:1583)
"EventQueue-ReplicationManagerNotifyForReplicationManagerEventHandler" daemon prio=5 tid=1300 in Object.wait()
java.lang.Thread.State: WAITING (on object monitor)
        at java.base@21.0.8/jdk.internal.misc.Unsafe.park(Native Method)
        at java.base@21.0.8/java.util.concurrent.locks.LockSupport.park(LockSupport.java:371)
        at java.base@21.0.8/java.util.concurrent.locks.AbstractQueuedSynchronizer$ConditionNode.block(AbstractQueuedSynchronizer.java:519)
        at java.base@21.0.8/java.util.concurrent.ForkJoinPool.unmanagedBlock(ForkJoinPool.java:3780)
        at java.base@21.0.8/java.util.concurrent.ForkJoinPool.managedBlock(ForkJoinPool.java:3725)
        at java.base@21.0.8/java.util.concurrent.locks.AbstractQueuedSynchronizer$ConditionObject.await(AbstractQueuedSynchronizer.java:1712)
        at java.base@21.0.8/java.util.concurrent.LinkedBlockingQueue.take(LinkedBlockingQueue.java:435)
        at java.base@21.0.8/java.util.concurrent.ThreadPoolExecutor.getTask(ThreadPoolExecutor.java:1070)
        at java.base@21.0.8/java.util.concurrent.ThreadPoolExecutor.runWorker(ThreadPoolExecutor.java:1130)
        at java.base@21.0.8/java.util.concurrent.ThreadPoolExecutor$Worker.run(ThreadPoolExecutor.java:642)
        at java.base@21.0.8/java.lang.Thread.runWith(Thread.java:1596)
        at java.base@21.0.8/java.lang.Thread.run(Thread.java:1583)
"IPC Server handler 17 on default port 15003" daemon prio=5 tid=238 timed_waiting
java.lang.Thread.State: TIMED_WAITING
        at java.base@21.0.8/jdk.internal.misc.Unsafe.park(Native Method)
        at java.base@21.0.8/java.util.concurrent.locks.LockSupport.parkNanos(LockSupport.java:269)
        at java.base@21.0.8/java.util.concurrent.locks.AbstractQueuedSynchronizer$ConditionObject.awaitNanos(AbstractQueuedSynchronizer.java:1763)
        at java.base@21.0.8/java.util.concurrent.LinkedBlockingQueue.poll(LinkedBlockingQueue.java:460)
        at app//org.apache.hadoop.ipc.CallQueueManager.take(CallQueueManager.java:370)
        at app//org.apache.hadoop.ipc.Server$Handler.run(Server.java:3165)
"IPC Server handler 66 on default port 15001" daemon prio=5 tid=624 timed_waiting
java.lang.Thread.State: TIMED_WAITING
        at java.base@21.0.8/jdk.internal.misc.Unsafe.park(Native Method)
        at java.base@21.0.8/java.util.concurrent.locks.LockSupport.parkNanos(LockSupport.java:269)
        at java.base@21.0.8/java.util.concurrent.locks.AbstractQueuedSynchronizer$ConditionObject.awaitNanos(AbstractQueuedSynchronizer.java:1763)
        at java.base@21.0.8/java.util.concurrent.LinkedBlockingQueue.poll(LinkedBlockingQueue.java:460)
        at app//org.apache.hadoop.ipc.CallQueueManager.take(CallQueueManager.java:370)
        at app//org.apache.hadoop.ipc.Server$Handler.run(Server.java:3165)
"qtp871701899-721" daemon prio=5 tid=721 timed_waiting
java.lang.Thread.State: TIMED_WAITING
        at java.base@21.0.8/jdk.internal.misc.Unsafe.park(Native Method)
        at java.base@21.0.8/java.util.concurrent.locks.LockSupport.parkNanos(LockSupport.java:269)
        at java.base@21.0.8/java.util.concurrent.locks.AbstractQueuedSynchronizer$ConditionObject.awaitNanos(AbstractQueuedSynchronizer.java:1763)
        at app//org.eclipse.jetty.util.BlockingArrayQueue.poll(BlockingArrayQueue.java:382)
        at app//org.eclipse.jetty.util.thread.QueuedThreadPool$Runner.idleJobPoll(QueuedThreadPool.java:974)
        at app//org.eclipse.jetty.util.thread.QueuedThreadPool$Runner.run(QueuedThreadPool.java:1018)
        at java.base@21.0.8/java.lang.Thread.runWith(Thread.java:1596)
        at java.base@21.0.8/java.lang.Thread.run(Thread.java:1583)
"IPC Server handler 33 on default port 15001" daemon prio=5 tid=591 timed_waiting
java.lang.Thread.State: TIMED_WAITING
        at java.base@21.0.8/jdk.internal.misc.Unsafe.park(Native Method)
        at java.base@21.0.8/java.util.concurrent.locks.LockSupport.parkNanos(LockSupport.java:269)
        at java.base@21.0.8/java.util.concurrent.locks.AbstractQueuedSynchronizer$ConditionObject.awaitNanos(AbstractQueuedSynchronizer.java:1763)
        at java.base@21.0.8/java.util.concurrent.LinkedBlockingQueue.poll(LinkedBlockingQueue.java:460)
        at app//org.apache.hadoop.ipc.CallQueueManager.take(CallQueueManager.java:370)
        at app//org.apache.hadoop.ipc.Server$Handler.run(Server.java:3165)
"Socket Reader #5 for port 15037" daemon prio=5 tid=874 runnable
java.lang.Thread.State: RUNNABLE
        at java.base@21.0.8/sun.nio.ch.EPoll.wait(Native Method)
        at java.base@21.0.8/sun.nio.ch.EPollSelectorImpl.doSelect(EPollSelectorImpl.java:121)
        at java.base@21.0.8/sun.nio.ch.SelectorImpl.lockAndDoSelect(SelectorImpl.java:130)
        at java.base@21.0.8/sun.nio.ch.SelectorImpl.select(SelectorImpl.java:147)
        at app//org.apache.hadoop.ipc.Server$Listener$Reader.doRunLoop(Server.java:1497)
        at app//org.apache.hadoop.ipc.Server$Listener$Reader.run(Server.java:1476)
"LeakDetector-ManagedRocksObject0" daemon prio=5 tid=51 in Object.wait()
java.lang.Thread.State: WAITING (on object monitor)
        at java.base@21.0.8/jdk.internal.misc.Unsafe.park(Native Method)
        at java.base@21.0.8/java.util.concurrent.locks.LockSupport.park(LockSupport.java:371)
        at java.base@21.0.8/java.util.concurrent.locks.AbstractQueuedSynchronizer$ConditionNode.block(AbstractQueuedSynchronizer.java:519)
        at java.base@21.0.8/java.util.concurrent.ForkJoinPool.unmanagedBlock(ForkJoinPool.java:3780)
        at java.base@21.0.8/java.util.concurrent.ForkJoinPool.managedBlock(ForkJoinPool.java:3725)
        at java.base@21.0.8/java.util.concurrent.locks.AbstractQueuedSynchronizer$ConditionObject.await(AbstractQueuedSynchronizer.java:1712)
        at java.base@21.0.8/java.lang.ref.ReferenceQueue.await(ReferenceQueue.java:67)
        at java.base@21.0.8/java.lang.ref.ReferenceQueue.remove0(ReferenceQueue.java:158)
        at java.base@21.0.8/java.lang.ref.ReferenceQueue.remove(ReferenceQueue.java:234)
        at app//org.apache.hadoop.hdds.utils.LeakDetector.run(LeakDetector.java:79)
        at app//org.apache.hadoop.hdds.utils.LeakDetector$$Lambda/0x00007f18e8495e30.run(Unknown Source)
        at java.base@21.0.8/java.lang.Thread.runWith(Thread.java:1596)
        at java.base@21.0.8/java.lang.Thread.run(Thread.java:1583)
"IPC Server handler 92 on default port 15002" daemon prio=5 tid=213 timed_waiting
java.lang.Thread.State: TIMED_WAITING
        at java.base@21.0.8/jdk.internal.misc.Unsafe.park(Native Method)
        at java.base@21.0.8/java.util.concurrent.locks.LockSupport.parkNanos(LockSupport.java:269)
        at java.base@21.0.8/java.util.concurrent.locks.AbstractQueuedSynchronizer$ConditionObject.awaitNanos(AbstractQueuedSynchronizer.java:1763)
        at java.base@21.0.8/java.util.concurrent.LinkedBlockingQueue.poll(LinkedBlockingQueue.java:460)
        at app//org.apache.hadoop.ipc.CallQueueManager.take(CallQueueManager.java:370)
        at app//org.apache.hadoop.ipc.Server$Handler.run(Server.java:3165)
"IPC Server handler 50 on default port 15003" daemon prio=5 tid=271 timed_waiting
java.lang.Thread.State: TIMED_WAITING
        at java.base@21.0.8/jdk.internal.misc.Unsafe.park(Native Method)
        at java.base@21.0.8/java.util.concurrent.locks.LockSupport.parkNanos(LockSupport.java:269)
        at java.base@21.0.8/java.util.concurrent.locks.AbstractQueuedSynchronizer$ConditionObject.awaitNanos(AbstractQueuedSynchronizer.java:1763)
        at java.base@21.0.8/java.util.concurrent.LinkedBlockingQueue.poll(LinkedBlockingQueue.java:460)
        at app//org.apache.hadoop.ipc.CallQueueManager.take(CallQueueManager.java:370)
        at app//org.apache.hadoop.ipc.Server$Handler.run(Server.java:3165)
"EventQueue-DatanodeCommandForSCMNodeManager"  prio=5 tid=926 in Object.wait()
java.lang.Thread.State: WAITING (on object monitor)
        at java.base@21.0.8/jdk.internal.misc.Unsafe.park(Native Method)
        at java.base@21.0.8/java.util.concurrent.locks.LockSupport.park(LockSupport.java:371)
        at java.base@21.0.8/java.util.concurrent.locks.AbstractQueuedSynchronizer$ConditionNode.block(AbstractQueuedSynchronizer.java:519)
        at java.base@21.0.8/java.util.concurrent.ForkJoinPool.unmanagedBlock(ForkJoinPool.java:3780)
        at java.base@21.0.8/java.util.concurrent.ForkJoinPool.managedBlock(ForkJoinPool.java:3725)
        at java.base@21.0.8/java.util.concurrent.locks.AbstractQueuedSynchronizer$ConditionObject.await(AbstractQueuedSynchronizer.java:1712)
        at java.base@21.0.8/java.util.concurrent.LinkedBlockingQueue.take(LinkedBlockingQueue.java:435)
        at java.base@21.0.8/java.util.concurrent.ThreadPoolExecutor.getTask(ThreadPoolExecutor.java:1070)
        at java.base@21.0.8/java.util.concurrent.ThreadPoolExecutor.runWorker(ThreadPoolExecutor.java:1130)
        at java.base@21.0.8/java.util.concurrent.ThreadPoolExecutor$Worker.run(ThreadPoolExecutor.java:642)
        at java.base@21.0.8/java.lang.Thread.runWith(Thread.java:1596)
        at java.base@21.0.8/java.lang.Thread.run(Thread.java:1583)
"pool-265-thread-1"  prio=5 tid=1331 in Object.wait()
java.lang.Thread.State: WAITING (on object monitor)
        at java.base@21.0.8/jdk.internal.misc.Unsafe.park(Native Method)
        at java.base@21.0.8/java.util.concurrent.locks.LockSupport.park(LockSupport.java:371)
        at java.base@21.0.8/java.util.concurrent.locks.AbstractQueuedSynchronizer$ConditionNode.block(AbstractQueuedSynchronizer.java:519)
        at java.base@21.0.8/java.util.concurrent.ForkJoinPool.unmanagedBlock(ForkJoinPool.java:3780)
        at java.base@21.0.8/java.util.concurrent.ForkJoinPool.managedBlock(ForkJoinPool.java:3725)
        at java.base@21.0.8/java.util.concurrent.locks.AbstractQueuedSynchronizer$ConditionObject.await(AbstractQueuedSynchronizer.java:1712)
        at java.base@21.0.8/java.util.concurrent.LinkedBlockingQueue.take(LinkedBlockingQueue.java:435)
        at java.base@21.0.8/java.util.concurrent.ThreadPoolExecutor.getTask(ThreadPoolExecutor.java:1070)
        at java.base@21.0.8/java.util.concurrent.ThreadPoolExecutor.runWorker(ThreadPoolExecutor.java:1130)
        at java.base@21.0.8/java.util.concurrent.ThreadPoolExecutor$Worker.run(ThreadPoolExecutor.java:642)
        at java.base@21.0.8/java.lang.Thread.runWith(Thread.java:1596)
        at java.base@21.0.8/java.lang.Thread.run(Thread.java:1583)
"IPC Server handler 62 on default port 15002" daemon prio=5 tid=183 timed_waiting
java.lang.Thread.State: TIMED_WAITING
        at java.base@21.0.8/jdk.internal.misc.Unsafe.park(Native Method)
        at java.base@21.0.8/java.util.concurrent.locks.LockSupport.parkNanos(LockSupport.java:269)
        at java.base@21.0.8/java.util.concurrent.locks.AbstractQueuedSynchronizer$ConditionObject.awaitNanos(AbstractQueuedSynchronizer.java:1763)
        at java.base@21.0.8/java.util.concurrent.LinkedBlockingQueue.poll(LinkedBlockingQueue.java:460)
        at app//org.apache.hadoop.ipc.CallQueueManager.take(CallQueueManager.java:370)
        at app//org.apache.hadoop.ipc.Server$Handler.run(Server.java:3165)
"IPC Client (1164532897) connection to 0.0.0.0/0.0.0.0:15004 from runner" daemon prio=5 tid=809 timed_waiting
java.lang.Thread.State: TIMED_WAITING
        at java.base@21.0.8/java.lang.Object.wait0(Native Method)
        at java.base@21.0.8/java.lang.Object.wait(Object.java:366)
        at app//org.apache.hadoop.ipc.Client$Connection.waitForWork(Client.java:1042)
        at app//org.apache.hadoop.ipc.Client$Connection.run(Client.java:1093)
"IPC Server handler 53 on default port 15002" daemon prio=5 tid=174 timed_waiting
java.lang.Thread.State: TIMED_WAITING
        at java.base@21.0.8/jdk.internal.misc.Unsafe.park(Native Method)
        at java.base@21.0.8/java.util.concurrent.locks.LockSupport.parkNanos(LockSupport.java:269)
        at java.base@21.0.8/java.util.concurrent.locks.AbstractQueuedSynchronizer$ConditionObject.awaitNanos(AbstractQueuedSynchronizer.java:1763)
        at java.base@21.0.8/java.util.concurrent.LinkedBlockingQueue.poll(LinkedBlockingQueue.java:460)
        at app//org.apache.hadoop.ipc.CallQueueManager.take(CallQueueManager.java:370)
        at app//org.apache.hadoop.ipc.Server$Handler.run(Server.java:3165)
"IPC Server handler 71 on default port 15002" daemon prio=5 tid=192 timed_waiting
java.lang.Thread.State: TIMED_WAITING
        at java.base@21.0.8/jdk.internal.misc.Unsafe.park(Native Method)
        at java.base@21.0.8/java.util.concurrent.locks.LockSupport.parkNanos(LockSupport.java:269)
        at java.base@21.0.8/java.util.concurrent.locks.AbstractQueuedSynchronizer$ConditionObject.awaitNanos(AbstractQueuedSynchronizer.java:1763)
        at java.base@21.0.8/java.util.concurrent.LinkedBlockingQueue.poll(LinkedBlockingQueue.java:460)
        at app//org.apache.hadoop.ipc.CallQueueManager.take(CallQueueManager.java:370)
        at app//org.apache.hadoop.ipc.Server$Handler.run(Server.java:3165)
"FixedThreadPoolWithAffinityExecutor-5-0" daemon prio=5 tid=109 timed_waiting
java.lang.Thread.State: TIMED_WAITING
        at java.base@21.0.8/jdk.internal.misc.Unsafe.park(Native Method)
        at java.base@21.0.8/java.util.concurrent.locks.LockSupport.parkNanos(LockSupport.java:269)
        at java.base@21.0.8/java.util.concurrent.locks.AbstractQueuedSynchronizer$ConditionObject.awaitNanos(AbstractQueuedSynchronizer.java:1763)
        at java.base@21.0.8/java.util.concurrent.LinkedBlockingQueue.poll(LinkedBlockingQueue.java:460)
        at app//org.apache.hadoop.hdds.scm.server.ContainerReportQueue.poll(ContainerReportQueue.java:269)
        at app//org.apache.hadoop.hdds.scm.server.ContainerReportQueue.poll(ContainerReportQueue.java:42)
        at app//org.apache.hadoop.hdds.server.events.FixedThreadPoolWithAffinityExecutor$ContainerReportProcessTask.run(FixedThreadPoolWithAffinityExecutor.java:228)
        at java.base@21.0.8/java.util.concurrent.Executors$RunnableAdapter.call(Executors.java:572)
        at java.base@21.0.8/java.util.concurrent.FutureTask.run(FutureTask.java:317)
        at java.base@21.0.8/java.util.concurrent.ThreadPoolExecutor.runWorker(ThreadPoolExecutor.java:1144)
        at java.base@21.0.8/java.util.concurrent.ThreadPoolExecutor$Worker.run(ThreadPoolExecutor.java:642)
        at java.base@21.0.8/java.lang.Thread.runWith(Thread.java:1596)
        at java.base@21.0.8/java.lang.Thread.run(Thread.java:1583)
"42a5f925-1bc2-4f8a-8509-c5ae65e6fcde-RocksDBCompactionThread-0"  prio=5 tid=667 timed_waiting
java.lang.Thread.State: TIMED_WAITING
        at java.base@21.0.8/jdk.internal.misc.Unsafe.park(Native Method)
        at java.base@21.0.8/java.util.concurrent.locks.LockSupport.parkNanos(LockSupport.java:269)
        at java.base@21.0.8/java.util.concurrent.locks.AbstractQueuedSynchronizer$ConditionObject.awaitNanos(AbstractQueuedSynchronizer.java:1763)
        at java.base@21.0.8/java.util.concurrent.ScheduledThreadPoolExecutor$DelayedWorkQueue.take(ScheduledThreadPoolExecutor.java:1182)
        at java.base@21.0.8/java.util.concurrent.ScheduledThreadPoolExecutor$DelayedWorkQueue.take(ScheduledThreadPoolExecutor.java:899)
        at java.base@21.0.8/java.util.concurrent.ThreadPoolExecutor.getTask(ThreadPoolExecutor.java:1070)
        at java.base@21.0.8/java.util.concurrent.ThreadPoolExecutor.runWorker(ThreadPoolExecutor.java:1130)
        at java.base@21.0.8/java.util.concurrent.ThreadPoolExecutor$Worker.run(ThreadPoolExecutor.java:642)
        at java.base@21.0.8/java.lang.Thread.runWith(Thread.java:1596)
        at java.base@21.0.8/java.lang.Thread.run(Thread.java:1583)
"IPC Server handler 6 on default port 15002" daemon prio=5 tid=127 timed_waiting
java.lang.Thread.State: TIMED_WAITING
        at java.base@21.0.8/jdk.internal.misc.Unsafe.park(Native Method)
        at java.base@21.0.8/java.util.concurrent.locks.LockSupport.parkNanos(LockSupport.java:269)
        at java.base@21.0.8/java.util.concurrent.locks.AbstractQueuedSynchronizer$ConditionObject.awaitNanos(AbstractQueuedSynchronizer.java:1763)
        at java.base@21.0.8/java.util.concurrent.LinkedBlockingQueue.poll(LinkedBlockingQueue.java:460)
        at app//org.apache.hadoop.ipc.CallQueueManager.take(CallQueueManager.java:370)
        at app//org.apache.hadoop.ipc.Server$Handler.run(Server.java:3165)
"ReconEventProcessor-0"  prio=5 tid=553 timed_waiting
java.lang.Thread.State: TIMED_WAITING
        at java.base@21.0.8/jdk.internal.misc.Unsafe.park(Native Method)
        at java.base@21.0.8/java.util.concurrent.locks.LockSupport.parkNanos(LockSupport.java:269)
        at java.base@21.0.8/java.util.concurrent.locks.AbstractQueuedSynchronizer$ConditionObject.awaitNanos(AbstractQueuedSynchronizer.java:1763)
        at java.base@21.0.8/java.util.concurrent.LinkedBlockingQueue.poll(LinkedBlockingQueue.java:460)
        at app//org.apache.hadoop.ozone.recon.tasks.OMUpdateEventBuffer.poll(OMUpdateEventBuffer.java:74)
        at app//org.apache.hadoop.ozone.recon.tasks.ReconTaskControllerImpl.processBufferedEventsAsync(ReconTaskControllerImpl.java:383)
        at app//org.apache.hadoop.ozone.recon.tasks.ReconTaskControllerImpl$$Lambda/0x00007f18e8bec300.run(Unknown Source)
        at java.base@21.0.8/java.util.concurrent.Executors$RunnableAdapter.call(Executors.java:572)
        at java.base@21.0.8/java.util.concurrent.FutureTask.run(FutureTask.java:317)
        at java.base@21.0.8/java.util.concurrent.ThreadPoolExecutor.runWorker(ThreadPoolExecutor.java:1144)
        at java.base@21.0.8/java.util.concurrent.ThreadPoolExecutor$Worker.run(ThreadPoolExecutor.java:642)
        at java.base@21.0.8/java.lang.Thread.runWith(Thread.java:1596)
        at java.base@21.0.8/java.lang.Thread.run(Thread.java:1583)
"0ed0910f-4ac9-4f62-be34-d90c51a3e6c9@group-9A86F6A96A63-LeaderStateImpl" daemon prio=5 tid=1131 timed_waiting
java.lang.Thread.State: TIMED_WAITING
        at java.base@21.0.8/jdk.internal.misc.Unsafe.park(Native Method)
        at java.base@21.0.8/java.util.concurrent.locks.LockSupport.parkNanos(LockSupport.java:269)
        at java.base@21.0.8/java.util.concurrent.locks.AbstractQueuedSynchronizer$ConditionObject.awaitNanos(AbstractQueuedSynchronizer.java:1763)
        at java.base@21.0.8/java.util.concurrent.ArrayBlockingQueue.poll(ArrayBlockingQueue.java:435)
        at app//org.apache.ratis.server.impl.LeaderStateImpl$EventQueue.poll(LeaderStateImpl.java:168)
        at app//org.apache.ratis.server.impl.LeaderStateImpl$EventProcessor.run(LeaderStateImpl.java:761)
"pool-35-thread-1"  prio=5 tid=1294 timed_waiting
java.lang.Thread.State: TIMED_WAITING
        at java.base@21.0.8/jdk.internal.misc.Unsafe.park(Native Method)
        at java.base@21.0.8/java.util.concurrent.locks.LockSupport.parkNanos(LockSupport.java:410)
        at java.base@21.0.8/java.util.concurrent.LinkedTransferQueue$DualNode.await(LinkedTransferQueue.java:452)
        at java.base@21.0.8/java.util.concurrent.SynchronousQueue$Transferer.xferLifo(SynchronousQueue.java:194)
        at java.base@21.0.8/java.util.concurrent.SynchronousQueue.xfer(SynchronousQueue.java:235)
        at java.base@21.0.8/java.util.concurrent.SynchronousQueue.poll(SynchronousQueue.java:338)
        at java.base@21.0.8/java.util.concurrent.ThreadPoolExecutor.getTask(ThreadPoolExecutor.java:1069)
        at java.base@21.0.8/java.util.concurrent.ThreadPoolExecutor.runWorker(ThreadPoolExecutor.java:1130)
        at java.base@21.0.8/java.util.concurrent.ThreadPoolExecutor$Worker.run(ThreadPoolExecutor.java:642)
        at java.base@21.0.8/java.lang.Thread.runWith(Thread.java:1596)
        at java.base@21.0.8/java.lang.Thread.run(Thread.java:1583)
"qtp1760296638-817" daemon prio=5 tid=817 runnable
java.lang.Thread.State: RUNNABLE
        at java.base@21.0.8/sun.nio.ch.EPoll.wait(Native Method)
        at java.base@21.0.8/sun.nio.ch.EPollSelectorImpl.doSelect(EPollSelectorImpl.java:121)
        at java.base@21.0.8/sun.nio.ch.SelectorImpl.lockAndDoSelect(SelectorImpl.java:130)
        at java.base@21.0.8/sun.nio.ch.SelectorImpl.select(SelectorImpl.java:147)
        at app//org.eclipse.jetty.io.ManagedSelector.nioSelect(ManagedSelector.java:183)
        at app//org.eclipse.jetty.io.ManagedSelector.select(ManagedSelector.java:190)
        at app//org.eclipse.jetty.io.ManagedSelector$SelectorProducer.select(ManagedSelector.java:606)
        at app//org.eclipse.jetty.io.ManagedSelector$SelectorProducer.produce(ManagedSelector.java:543)
        at app//org.eclipse.jetty.util.thread.strategy.EatWhatYouKill.produceTask(EatWhatYouKill.java:362)
        at app//org.eclipse.jetty.util.thread.strategy.EatWhatYouKill.doProduce(EatWhatYouKill.java:186)
        at app//org.eclipse.jetty.util.thread.strategy.EatWhatYouKill.tryProduce(EatWhatYouKill.java:173)
        at app//org.eclipse.jetty.util.thread.strategy.EatWhatYouKill.produce(EatWhatYouKill.java:137)
        at app//org.eclipse.jetty.io.ManagedSelector$$Lambda/0x00007f18e86c6408.run(Unknown Source)
        at app//org.eclipse.jetty.util.thread.QueuedThreadPool.runJob(QueuedThreadPool.java:883)
        at app//org.eclipse.jetty.util.thread.QueuedThreadPool$Runner.run(QueuedThreadPool.java:1034)
        at java.base@21.0.8/java.lang.Thread.runWith(Thread.java:1596)
        at java.base@21.0.8/java.lang.Thread.run(Thread.java:1583)
"IPC Server handler 59 on default port 15003" daemon prio=5 tid=280 timed_waiting
java.lang.Thread.State: TIMED_WAITING
        at java.base@21.0.8/jdk.internal.misc.Unsafe.park(Native Method)
        at java.base@21.0.8/java.util.concurrent.locks.LockSupport.parkNanos(LockSupport.java:269)
        at java.base@21.0.8/java.util.concurrent.locks.AbstractQueuedSynchronizer$ConditionObject.awaitNanos(AbstractQueuedSynchronizer.java:1763)
        at java.base@21.0.8/java.util.concurrent.LinkedBlockingQueue.poll(LinkedBlockingQueue.java:460)
        at app//org.apache.hadoop.ipc.CallQueueManager.take(CallQueueManager.java:370)
        at app//org.apache.hadoop.ipc.Server$Handler.run(Server.java:3165)
"IPC Server handler 31 on default port 15004" daemon prio=5 tid=370 timed_waiting
java.lang.Thread.State: TIMED_WAITING
        at java.base@21.0.8/jdk.internal.misc.Unsafe.park(Native Method)
        at java.base@21.0.8/java.util.concurrent.locks.LockSupport.parkNanos(LockSupport.java:269)
        at java.base@21.0.8/java.util.concurrent.locks.AbstractQueuedSynchronizer$ConditionObject.awaitNanos(AbstractQueuedSynchronizer.java:1763)
        at java.base@21.0.8/java.util.concurrent.LinkedBlockingQueue.poll(LinkedBlockingQueue.java:460)
        at app//org.apache.hadoop.ipc.CallQueueManager.take(CallQueueManager.java:370)
        at app//org.apache.hadoop.ipc.Server$Handler.run(Server.java:3165)
"IPC Server handler 19 on default port 15008" daemon prio=5 tid=511 timed_waiting
java.lang.Thread.State: TIMED_WAITING
        at java.base@21.0.8/jdk.internal.misc.Unsafe.park(Native Method)
        at java.base@21.0.8/java.util.concurrent.locks.LockSupport.parkNanos(LockSupport.java:269)
        at java.base@21.0.8/java.util.concurrent.locks.AbstractQueuedSynchronizer$ConditionObject.awaitNanos(AbstractQueuedSynchronizer.java:1763)
        at java.base@21.0.8/java.util.concurrent.LinkedBlockingQueue.poll(LinkedBlockingQueue.java:460)
        at app//org.apache.hadoop.ipc.CallQueueManager.take(CallQueueManager.java:370)
        at app//org.apache.hadoop.ipc.Server$Handler.run(Server.java:3165)
"Recon-EventQueue-StaleNodeForReconStaleNodeHandler" daemon prio=5 tid=1286 in Object.wait()
java.lang.Thread.State: WAITING (on object monitor)
        at java.base@21.0.8/jdk.internal.misc.Unsafe.park(Native Method)
        at java.base@21.0.8/java.util.concurrent.locks.LockSupport.park(LockSupport.java:371)
        at java.base@21.0.8/java.util.concurrent.locks.AbstractQueuedSynchronizer$ConditionNode.block(AbstractQueuedSynchronizer.java:519)
        at java.base@21.0.8/java.util.concurrent.ForkJoinPool.unmanagedBlock(ForkJoinPool.java:3780)
        at java.base@21.0.8/java.util.concurrent.ForkJoinPool.managedBlock(ForkJoinPool.java:3725)
        at java.base@21.0.8/java.util.concurrent.locks.AbstractQueuedSynchronizer$ConditionObject.await(AbstractQueuedSynchronizer.java:1712)
        at java.base@21.0.8/java.util.concurrent.LinkedBlockingQueue.take(LinkedBlockingQueue.java:435)
        at java.base@21.0.8/java.util.concurrent.ThreadPoolExecutor.getTask(ThreadPoolExecutor.java:1070)
        at java.base@21.0.8/java.util.concurrent.ThreadPoolExecutor.runWorker(ThreadPoolExecutor.java:1130)
        at java.base@21.0.8/java.util.concurrent.ThreadPoolExecutor$Worker.run(ThreadPoolExecutor.java:642)
        at java.base@21.0.8/java.lang.Thread.runWith(Thread.java:1596)
        at java.base@21.0.8/java.lang.Thread.run(Thread.java:1583)
"IPC Server handler 91 on default port 15002" daemon prio=5 tid=212 timed_waiting
java.lang.Thread.State: TIMED_WAITING
        at java.base@21.0.8/jdk.internal.misc.Unsafe.park(Native Method)
        at java.base@21.0.8/java.util.concurrent.locks.LockSupport.parkNanos(LockSupport.java:269)
        at java.base@21.0.8/java.util.concurrent.locks.AbstractQueuedSynchronizer$ConditionObject.awaitNanos(AbstractQueuedSynchronizer.java:1763)
        at java.base@21.0.8/java.util.concurrent.LinkedBlockingQueue.poll(LinkedBlockingQueue.java:460)
        at app//org.apache.hadoop.ipc.CallQueueManager.take(CallQueueManager.java:370)
        at app//org.apache.hadoop.ipc.Server$Handler.run(Server.java:3165)
"346684e1-b57f-4c29-9507-935dad45bd68@group-06B9DB8EB07D-cacheEviction-AwaitToRun" daemon prio=5 tid=1082 in Object.wait()
java.lang.Thread.State: WAITING (on object monitor)
        at java.base@21.0.8/jdk.internal.misc.Unsafe.park(Native Method)
        at java.base@21.0.8/java.util.concurrent.locks.LockSupport.park(LockSupport.java:371)
        at java.base@21.0.8/java.util.concurrent.locks.AbstractQueuedSynchronizer$ConditionNode.block(AbstractQueuedSynchronizer.java:519)
        at java.base@21.0.8/java.util.concurrent.ForkJoinPool.unmanagedBlock(ForkJoinPool.java:3780)
        at java.base@21.0.8/java.util.concurrent.ForkJoinPool.managedBlock(ForkJoinPool.java:3725)
        at java.base@21.0.8/java.util.concurrent.locks.AbstractQueuedSynchronizer$ConditionObject.await(AbstractQueuedSynchronizer.java:1712)
        at app//org.apache.ratis.util.AwaitForSignal.await(AwaitForSignal.java:48)
        at app//org.apache.ratis.util.AwaitToRun$RunnableImpl.run(AwaitToRun.java:47)
        at java.base@21.0.8/java.lang.Thread.runWith(Thread.java:1596)
        at java.base@21.0.8/java.lang.Thread.run(Thread.java:1583)
"IPC Server handler 38 on default port 15003" daemon prio=5 tid=259 timed_waiting
java.lang.Thread.State: TIMED_WAITING
        at java.base@21.0.8/jdk.internal.misc.Unsafe.park(Native Method)
        at java.base@21.0.8/java.util.concurrent.locks.LockSupport.parkNanos(LockSupport.java:269)
        at java.base@21.0.8/java.util.concurrent.locks.AbstractQueuedSynchronizer$ConditionObject.awaitNanos(AbstractQueuedSynchronizer.java:1763)
        at java.base@21.0.8/java.util.concurrent.LinkedBlockingQueue.poll(LinkedBlockingQueue.java:460)
        at app//org.apache.hadoop.ipc.CallQueueManager.take(CallQueueManager.java:370)
        at app//org.apache.hadoop.ipc.Server$Handler.run(Server.java:3165)
"pool-226-thread-1" daemon prio=5 tid=1012 timed_waiting
java.lang.Thread.State: TIMED_WAITING
        at java.base@21.0.8/jdk.internal.misc.Unsafe.park(Native Method)
        at java.base@21.0.8/java.util.concurrent.locks.LockSupport.parkNanos(LockSupport.java:269)
        at java.base@21.0.8/java.util.concurrent.locks.AbstractQueuedSynchronizer$ConditionObject.awaitNanos(AbstractQueuedSynchronizer.java:1763)
        at java.base@21.0.8/java.util.concurrent.ScheduledThreadPoolExecutor$DelayedWorkQueue.take(ScheduledThreadPoolExecutor.java:1182)
        at java.base@21.0.8/java.util.concurrent.ScheduledThreadPoolExecutor$DelayedWorkQueue.take(ScheduledThreadPoolExecutor.java:899)
        at java.base@21.0.8/java.util.concurrent.ThreadPoolExecutor.getTask(ThreadPoolExecutor.java:1070)
        at java.base@21.0.8/java.util.concurrent.ThreadPoolExecutor.runWorker(ThreadPoolExecutor.java:1130)
        at java.base@21.0.8/java.util.concurrent.ThreadPoolExecutor$Worker.run(ThreadPoolExecutor.java:642)
        at java.base@21.0.8/java.lang.Thread.runWith(Thread.java:1596)
        at java.base@21.0.8/java.lang.Thread.run(Thread.java:1583)
"DiskUsage-/home/runner/work/ozone/ozone/hadoop-ozone/integration-test-recon/target/test-dir/MiniOzoneClusterImpl-e405f726-f354-48a5-b90a-334fe627f997/ozone-metadata/datanode-5/data-0-
" daemon prio=5 tid=1013 timed_waiting
java.lang.Thread.State: TIMED_WAITING
        at java.base@21.0.8/jdk.internal.misc.Unsafe.park(Native Method)
        at java.base@21.0.8/java.util.concurrent.locks.LockSupport.parkNanos(LockSupport.java:269)
        at java.base@21.0.8/java.util.concurrent.locks.AbstractQueuedSynchronizer$ConditionObject.awaitNanos(AbstractQueuedSynchronizer.java:1763)
        at java.base@21.0.8/java.util.concurrent.ScheduledThreadPoolExecutor$DelayedWorkQueue.take(ScheduledThreadPoolExecutor.java:1182)
        at java.base@21.0.8/java.util.concurrent.ScheduledThreadPoolExecutor$DelayedWorkQueue.take(ScheduledThreadPoolExecutor.java:899)
        at java.base@21.0.8/java.util.concurrent.ThreadPoolExecutor.getTask(ThreadPoolExecutor.java:1070)
        at java.base@21.0.8/java.util.concurrent.ThreadPoolExecutor.runWorker(ThreadPoolExecutor.java:1130)
        at java.base@21.0.8/java.util.concurrent.ThreadPoolExecutor$Worker.run(ThreadPoolExecutor.java:642)
        at java.base@21.0.8/java.lang.Thread.runWith(Thread.java:1596)
        at java.base@21.0.8/java.lang.Thread.run(Thread.java:1583)
"IPC Server handler 18 on default port 15001" daemon prio=5 tid=576 timed_waiting
java.lang.Thread.State: TIMED_WAITING
        at java.base@21.0.8/jdk.internal.misc.Unsafe.park(Native Method)
        at java.base@21.0.8/java.util.concurrent.locks.LockSupport.parkNanos(LockSupport.java:269)
        at java.base@21.0.8/java.util.concurrent.locks.AbstractQueuedSynchronizer$ConditionObject.awaitNanos(AbstractQueuedSynchronizer.java:1763)
        at java.base@21.0.8/java.util.concurrent.LinkedBlockingQueue.poll(LinkedBlockingQueue.java:460)
        at app//org.apache.hadoop.ipc.CallQueueManager.take(CallQueueManager.java:370)
        at app//org.apache.hadoop.ipc.Server$Handler.run(Server.java:3165)
"SSL Certificates Store Monitor" daemon prio=5 tid=1374 in Object.wait()
java.lang.Thread.State: WAITING (on object monitor)
        at java.base@21.0.8/java.lang.Object.wait0(Native Method)
        at java.base@21.0.8/java.lang.Object.wait(Object.java:366)
        at java.base@21.0.8/java.lang.Object.wait(Object.java:339)
        at java.base@21.0.8/java.util.TimerThread.mainLoop(Timer.java:537)
        at java.base@21.0.8/java.util.TimerThread.run(Timer.java:516)
"IPC Server handler 5 on default port 15003" daemon prio=5 tid=226 timed_waiting
java.lang.Thread.State: TIMED_WAITING
        at java.base@21.0.8/jdk.internal.misc.Unsafe.park(Native Method)
        at java.base@21.0.8/java.util.concurrent.locks.LockSupport.parkNanos(LockSupport.java:269)
        at java.base@21.0.8/java.util.concurrent.locks.AbstractQueuedSynchronizer$ConditionObject.awaitNanos(AbstractQueuedSynchronizer.java:1763)
        at java.base@21.0.8/java.util.concurrent.LinkedBlockingQueue.poll(LinkedBlockingQueue.java:460)
        at app//org.apache.hadoop.ipc.CallQueueManager.take(CallQueueManager.java:370)
        at app//org.apache.hadoop.ipc.Server$Handler.run(Server.java:3165)
"IPC Server handler 43 on default port 15003" daemon prio=5 tid=264 timed_waiting
java.lang.Thread.State: TIMED_WAITING
        at java.base@21.0.8/jdk.internal.misc.Unsafe.park(Native Method)
        at java.base@21.0.8/java.util.concurrent.locks.LockSupport.parkNanos(LockSupport.java:269)
        at java.base@21.0.8/java.util.concurrent.locks.AbstractQueuedSynchronizer$ConditionObject.awaitNanos(AbstractQueuedSynchronizer.java:1763)
        at java.base@21.0.8/java.util.concurrent.LinkedBlockingQueue.poll(LinkedBlockingQueue.java:460)
        at app//org.apache.hadoop.ipc.CallQueueManager.take(CallQueueManager.java:370)
        at app//org.apache.hadoop.ipc.Server$Handler.run(Server.java:3165)
"timer2" daemon prio=5 tid=1112 timed_waiting
java.lang.Thread.State: TIMED_WAITING
        at java.base@21.0.8/java.lang.Object.wait0(Native Method)
        at java.base@21.0.8/java.lang.Object.wait(Object.java:366)
        at java.base@21.0.8/java.util.TimerThread.mainLoop(Timer.java:563)
        at java.base@21.0.8/java.util.TimerThread.run(Timer.java:516)
"qtp1685778567-675" daemon prio=5 tid=675 timed_waiting
java.lang.Thread.State: TIMED_WAITING
        at java.base@21.0.8/jdk.internal.misc.Unsafe.park(Native Method)
        at java.base@21.0.8/java.util.concurrent.locks.LockSupport.parkNanos(LockSupport.java:269)
        at java.base@21.0.8/java.util.concurrent.locks.AbstractQueuedSynchronizer$ConditionObject.awaitNanos(AbstractQueuedSynchronizer.java:1763)
        at app//org.eclipse.jetty.util.BlockingArrayQueue.poll(BlockingArrayQueue.java:382)
        at app//org.eclipse.jetty.util.thread.QueuedThreadPool$Runner.idleJobPoll(QueuedThreadPool.java:974)
        at app//org.eclipse.jetty.util.thread.QueuedThreadPool$Runner.run(QueuedThreadPool.java:1018)
        at java.base@21.0.8/java.lang.Thread.runWith(Thread.java:1596)
        at java.base@21.0.8/java.lang.Thread.run(Thread.java:1583)
"d5ad88c2-6e7a-4660-bab6-a4e8807a575e-ChunkWriter-3-0" daemon prio=5 tid=862 in Object.wait()
java.lang.Thread.State: WAITING (on object monitor)
        at java.base@21.0.8/jdk.internal.misc.Unsafe.park(Native Method)
        at java.base@21.0.8/java.util.concurrent.locks.LockSupport.park(LockSupport.java:371)
        at java.base@21.0.8/java.util.concurrent.locks.AbstractQueuedSynchronizer$ConditionNode.block(AbstractQueuedSynchronizer.java:519)
        at java.base@21.0.8/java.util.concurrent.ForkJoinPool.unmanagedBlock(ForkJoinPool.java:3780)
        at java.base@21.0.8/java.util.concurrent.ForkJoinPool.managedBlock(ForkJoinPool.java:3725)
        at java.base@21.0.8/java.util.concurrent.locks.AbstractQueuedSynchronizer$ConditionObject.await(AbstractQueuedSynchronizer.java:1712)
        at java.base@21.0.8/java.util.concurrent.LinkedBlockingDeque.takeFirst(LinkedBlockingDeque.java:485)
        at java.base@21.0.8/java.util.concurrent.LinkedBlockingDeque.take(LinkedBlockingDeque.java:673)
        at java.base@21.0.8/java.util.concurrent.ThreadPoolExecutor.getTask(ThreadPoolExecutor.java:1070)
        at java.base@21.0.8/java.util.concurrent.ThreadPoolExecutor.runWorker(ThreadPoolExecutor.java:1130)
        at java.base@21.0.8/java.util.concurrent.ThreadPoolExecutor$Worker.run(ThreadPoolExecutor.java:642)
        at java.base@21.0.8/java.lang.Thread.runWith(Thread.java:1596)
        at java.base@21.0.8/java.lang.Thread.run(Thread.java:1583)
"ForkJoinPool.commonPool-worker-1" daemon prio=5 tid=666 in Object.wait()
java.lang.Thread.State: WAITING (on object monitor)
        at java.base@21.0.8/jdk.internal.misc.Unsafe.park(Native Method)
        at java.base@21.0.8/java.util.concurrent.locks.LockSupport.park(LockSupport.java:371)
        at java.base@21.0.8/java.util.concurrent.ForkJoinPool.awaitWork(ForkJoinPool.java:1893)
        at java.base@21.0.8/java.util.concurrent.ForkJoinPool.runWorker(ForkJoinPool.java:1809)
        at java.base@21.0.8/java.util.concurrent.ForkJoinWorkerThread.run(ForkJoinWorkerThread.java:188)
"IPC Server handler 9 on default port 15008" daemon prio=5 tid=501 timed_waiting
java.lang.Thread.State: TIMED_WAITING
        at java.base@21.0.8/jdk.internal.misc.Unsafe.park(Native Method)
        at java.base@21.0.8/java.util.concurrent.locks.LockSupport.parkNanos(LockSupport.java:269)
        at java.base@21.0.8/java.util.concurrent.locks.AbstractQueuedSynchronizer$ConditionObject.awaitNanos(AbstractQueuedSynchronizer.java:1763)
        at java.base@21.0.8/java.util.concurrent.LinkedBlockingQueue.poll(LinkedBlockingQueue.java:460)
        at app//org.apache.hadoop.ipc.CallQueueManager.take(CallQueueManager.java:370)
        at app//org.apache.hadoop.ipc.Server$Handler.run(Server.java:3165)
"StaleRecoveringContainerScrubbingService#1" daemon prio=5 tid=870 in Object.wait()
java.lang.Thread.State: WAITING (on object monitor)
        at java.base@21.0.8/jdk.internal.misc.Unsafe.park(Native Method)
        at java.base@21.0.8/java.util.concurrent.locks.LockSupport.park(LockSupport.java:371)
        at java.base@21.0.8/java.util.concurrent.locks.AbstractQueuedSynchronizer$ConditionNode.block(AbstractQueuedSynchronizer.java:519)
        at java.base@21.0.8/java.util.concurrent.ForkJoinPool.unmanagedBlock(ForkJoinPool.java:3780)
        at java.base@21.0.8/java.util.concurrent.ForkJoinPool.managedBlock(ForkJoinPool.java:3725)
        at java.base@21.0.8/java.util.concurrent.locks.AbstractQueuedSynchronizer$ConditionObject.await(AbstractQueuedSynchronizer.java:1712)
        at java.base@21.0.8/java.util.concurrent.ScheduledThreadPoolExecutor$DelayedWorkQueue.take(ScheduledThreadPoolExecutor.java:1177)
        at java.base@21.0.8/java.util.concurrent.ScheduledThreadPoolExecutor$DelayedWorkQueue.take(ScheduledThreadPoolExecutor.java:899)
        at java.base@21.0.8/java.util.concurrent.ThreadPoolExecutor.getTask(ThreadPoolExecutor.java:1070)
        at java.base@21.0.8/java.util.concurrent.ThreadPoolExecutor.runWorker(ThreadPoolExecutor.java:1130)
        at java.base@21.0.8/java.util.concurrent.ThreadPoolExecutor$Worker.run(ThreadPoolExecutor.java:642)
        at java.base@21.0.8/java.lang.Thread.runWith(Thread.java:1596)
        at java.base@21.0.8/java.lang.Thread.run(Thread.java:1583)
"qtp871701899-725" daemon prio=5 tid=725 timed_waiting
java.lang.Thread.State: TIMED_WAITING
        at java.base@21.0.8/jdk.internal.misc.Unsafe.park(Native Method)
        at java.base@21.0.8/java.util.concurrent.locks.LockSupport.parkNanos(LockSupport.java:269)
        at java.base@21.0.8/java.util.concurrent.locks.AbstractQueuedSynchronizer$ConditionObject.awaitNanos(AbstractQueuedSynchronizer.java:1763)
        at app//org.eclipse.jetty.util.BlockingArrayQueue.poll(BlockingArrayQueue.java:382)
        at app//org.eclipse.jetty.util.thread.QueuedThreadPool$Runner.idleJobPoll(QueuedThreadPool.java:974)
        at app//org.eclipse.jetty.util.thread.QueuedThreadPool$Runner.run(QueuedThreadPool.java:1018)
        at java.base@21.0.8/java.lang.Thread.runWith(Thread.java:1596)
        at java.base@21.0.8/java.lang.Thread.run(Thread.java:1583)
"IPC Server handler 61 on default port 15001" daemon prio=5 tid=619 timed_waiting
java.lang.Thread.State: TIMED_WAITING
        at java.base@21.0.8/jdk.internal.misc.Unsafe.park(Native Method)
        at java.base@21.0.8/java.util.concurrent.locks.LockSupport.parkNanos(LockSupport.java:269)
        at java.base@21.0.8/java.util.concurrent.locks.AbstractQueuedSynchronizer$ConditionObject.awaitNanos(AbstractQueuedSynchronizer.java:1763)
        at java.base@21.0.8/java.util.concurrent.LinkedBlockingQueue.poll(LinkedBlockingQueue.java:460)
        at app//org.apache.hadoop.ipc.CallQueueManager.take(CallQueueManager.java:370)
        at app//org.apache.hadoop.ipc.Server$Handler.run(Server.java:3165)
"42a5f925-1bc2-4f8a-8509-c5ae65e6fcde-DatanodeReportManager-0" daemon prio=5 tid=706 in Object.wait()
java.lang.Thread.State: WAITING (on object monitor)
        at java.base@21.0.8/jdk.internal.misc.Unsafe.park(Native Method)
        at java.base@21.0.8/java.util.concurrent.locks.LockSupport.park(LockSupport.java:371)
        at java.base@21.0.8/java.util.concurrent.locks.AbstractQueuedSynchronizer$ConditionNode.block(AbstractQueuedSynchronizer.java:519)
        at java.base@21.0.8/java.util.concurrent.ForkJoinPool.unmanagedBlock(ForkJoinPool.java:3780)
        at java.base@21.0.8/java.util.concurrent.ForkJoinPool.managedBlock(ForkJoinPool.java:3725)
        at java.base@21.0.8/java.util.concurrent.locks.AbstractQueuedSynchronizer$ConditionObject.await(AbstractQueuedSynchronizer.java:1712)
        at java.base@21.0.8/java.util.concurrent.ScheduledThreadPoolExecutor$DelayedWorkQueue.take(ScheduledThreadPoolExecutor.java:1177)
        at java.base@21.0.8/java.util.concurrent.ScheduledThreadPoolExecutor$DelayedWorkQueue.take(ScheduledThreadPoolExecutor.java:899)
        at java.base@21.0.8/java.util.concurrent.ThreadPoolExecutor.getTask(ThreadPoolExecutor.java:1070)
        at java.base@21.0.8/java.util.concurrent.ThreadPoolExecutor.runWorker(ThreadPoolExecutor.java:1130)
        at java.base@21.0.8/java.util.concurrent.ThreadPoolExecutor$Worker.run(ThreadPoolExecutor.java:642)
        at java.base@21.0.8/java.lang.Thread.runWith(Thread.java:1596)
        at java.base@21.0.8/java.lang.Thread.run(Thread.java:1583)
"d5ad88c2-6e7a-4660-bab6-a4e8807a575e-DatanodeReportManager-0" daemon prio=5 tid=752 in Object.wait()
java.lang.Thread.State: WAITING (on object monitor)
        at java.base@21.0.8/jdk.internal.misc.Unsafe.park(Native Method)
        at java.base@21.0.8/java.util.concurrent.locks.LockSupport.park(LockSupport.java:371)
        at java.base@21.0.8/java.util.concurrent.locks.AbstractQueuedSynchronizer$ConditionNode.block(AbstractQueuedSynchronizer.java:519)
        at java.base@21.0.8/java.util.concurrent.ForkJoinPool.unmanagedBlock(ForkJoinPool.java:3780)
        at java.base@21.0.8/java.util.concurrent.ForkJoinPool.managedBlock(ForkJoinPool.java:3725)
        at java.base@21.0.8/java.util.concurrent.locks.AbstractQueuedSynchronizer$ConditionObject.await(AbstractQueuedSynchronizer.java:1712)
        at java.base@21.0.8/java.util.concurrent.ScheduledThreadPoolExecutor$DelayedWorkQueue.take(ScheduledThreadPoolExecutor.java:1177)
        at java.base@21.0.8/java.util.concurrent.ScheduledThreadPoolExecutor$DelayedWorkQueue.take(ScheduledThreadPoolExecutor.java:899)
        at java.base@21.0.8/java.util.concurrent.ThreadPoolExecutor.getTask(ThreadPoolExecutor.java:1070)
        at java.base@21.0.8/java.util.concurrent.ThreadPoolExecutor.runWorker(ThreadPoolExecutor.java:1130)
        at java.base@21.0.8/java.util.concurrent.ThreadPoolExecutor$Worker.run(ThreadPoolExecutor.java:642)
        at java.base@21.0.8/java.lang.Thread.runWith(Thread.java:1596)
        at java.base@21.0.8/java.lang.Thread.run(Thread.java:1583)
"d5ad88c2-6e7a-4660-bab6-a4e8807a575e-DataNodeDiskCheckerThread-0" daemon prio=5 tid=851 timed_waiting
java.lang.Thread.State: TIMED_WAITING
        at java.base@21.0.8/jdk.internal.misc.Unsafe.park(Native Method)
        at java.base@21.0.8/java.util.concurrent.locks.LockSupport.parkNanos(LockSupport.java:410)
        at java.base@21.0.8/java.util.concurrent.LinkedTransferQueue$DualNode.await(LinkedTransferQueue.java:452)
        at java.base@21.0.8/java.util.concurrent.SynchronousQueue$Transferer.xferLifo(SynchronousQueue.java:194)
        at java.base@21.0.8/java.util.concurrent.SynchronousQueue.xfer(SynchronousQueue.java:235)
        at java.base@21.0.8/java.util.concurrent.SynchronousQueue.poll(SynchronousQueue.java:338)
        at java.base@21.0.8/java.util.concurrent.ThreadPoolExecutor.getTask(ThreadPoolExecutor.java:1069)
        at java.base@21.0.8/java.util.concurrent.ThreadPoolExecutor.runWorker(ThreadPoolExecutor.java:1130)
        at java.base@21.0.8/java.util.concurrent.ThreadPoolExecutor$Worker.run(ThreadPoolExecutor.java:642)
        at java.base@21.0.8/java.lang.Thread.runWith(Thread.java:1596)
        at java.base@21.0.8/java.lang.Thread.run(Thread.java:1583)
"IPC Server handler 40 on default port 15004" daemon prio=5 tid=379 timed_waiting
java.lang.Thread.State: TIMED_WAITING
        at java.base@21.0.8/jdk.internal.misc.Unsafe.park(Native Method)
        at java.base@21.0.8/java.util.concurrent.locks.LockSupport.parkNanos(LockSupport.java:269)
        at java.base@21.0.8/java.util.concurrent.locks.AbstractQueuedSynchronizer$ConditionObject.awaitNanos(AbstractQueuedSynchronizer.java:1763)
        at java.base@21.0.8/java.util.concurrent.LinkedBlockingQueue.poll(LinkedBlockingQueue.java:460)
        at app//org.apache.hadoop.ipc.CallQueueManager.take(CallQueueManager.java:370)
        at app//org.apache.hadoop.ipc.Server$Handler.run(Server.java:3165)
"grpc-default-executor-4" daemon prio=5 tid=1248 timed_waiting
java.lang.Thread.State: TIMED_WAITING
        at java.base@21.0.8/jdk.internal.misc.Unsafe.park(Native Method)
        at java.base@21.0.8/java.util.concurrent.locks.LockSupport.parkNanos(LockSupport.java:410)
        at java.base@21.0.8/java.util.concurrent.LinkedTransferQueue$DualNode.await(LinkedTransferQueue.java:452)
        at java.base@21.0.8/java.util.concurrent.SynchronousQueue$Transferer.xferLifo(SynchronousQueue.java:194)
        at java.base@21.0.8/java.util.concurrent.SynchronousQueue.xfer(SynchronousQueue.java:235)
        at java.base@21.0.8/java.util.concurrent.SynchronousQueue.poll(SynchronousQueue.java:338)
        at java.base@21.0.8/java.util.concurrent.ThreadPoolExecutor.getTask(ThreadPoolExecutor.java:1069)
        at java.base@21.0.8/java.util.concurrent.ThreadPoolExecutor.runWorker(ThreadPoolExecutor.java:1130)
        at java.base@21.0.8/java.util.concurrent.ThreadPoolExecutor$Worker.run(ThreadPoolExecutor.java:642)
        at java.base@21.0.8/java.lang.Thread.runWith(Thread.java:1596)
        at java.base@21.0.8/java.lang.Thread.run(Thread.java:1583)
"0ed0910f-4ac9-4f62-be34-d90c51a3e6c9-DatanodeReportManager-1" daemon prio=5 tid=974 in Object.wait()
java.lang.Thread.State: WAITING (on object monitor)
        at java.base@21.0.8/jdk.internal.misc.Unsafe.park(Native Method)
        at java.base@21.0.8/java.util.concurrent.locks.LockSupport.park(LockSupport.java:371)
        at java.base@21.0.8/java.util.concurrent.locks.AbstractQueuedSynchronizer$ConditionNode.block(AbstractQueuedSynchronizer.java:519)
        at java.base@21.0.8/java.util.concurrent.ForkJoinPool.unmanagedBlock(ForkJoinPool.java:3780)
        at java.base@21.0.8/java.util.concurrent.ForkJoinPool.managedBlock(ForkJoinPool.java:3725)
        at java.base@21.0.8/java.util.concurrent.locks.AbstractQueuedSynchronizer$ConditionObject.await(AbstractQueuedSynchronizer.java:1712)
        at java.base@21.0.8/java.util.concurrent.ScheduledThreadPoolExecutor$DelayedWorkQueue.take(ScheduledThreadPoolExecutor.java:1177)
        at java.base@21.0.8/java.util.concurrent.ScheduledThreadPoolExecutor$DelayedWorkQueue.take(ScheduledThreadPoolExecutor.java:899)
        at java.base@21.0.8/java.util.concurrent.ThreadPoolExecutor.getTask(ThreadPoolExecutor.java:1070)
        at java.base@21.0.8/java.util.concurrent.ThreadPoolExecutor.runWorker(ThreadPoolExecutor.java:1130)
        at java.base@21.0.8/java.util.concurrent.ThreadPoolExecutor$Worker.run(ThreadPoolExecutor.java:642)
        at java.base@21.0.8/java.lang.Thread.runWith(Thread.java:1596)
        at java.base@21.0.8/java.lang.Thread.run(Thread.java:1583)
"qtp396271801-327" daemon prio=5 tid=327 timed_waiting
java.lang.Thread.State: TIMED_WAITING
        at java.base@21.0.8/jdk.internal.misc.Unsafe.park(Native Method)
        at java.base@21.0.8/java.util.concurrent.locks.LockSupport.parkNanos(LockSupport.java:269)
        at java.base@21.0.8/java.util.concurrent.locks.AbstractQueuedSynchronizer$ConditionObject.awaitNanos(AbstractQueuedSynchronizer.java:1763)
        at app//org.eclipse.jetty.util.BlockingArrayQueue.poll(BlockingArrayQueue.java:382)
        at app//org.eclipse.jetty.util.thread.QueuedThreadPool$Runner.idleJobPoll(QueuedThreadPool.java:974)
        at app//org.eclipse.jetty.util.thread.QueuedThreadPool$Runner.run(QueuedThreadPool.java:1018)
        at java.base@21.0.8/java.lang.Thread.runWith(Thread.java:1596)
        at java.base@21.0.8/java.lang.Thread.run(Thread.java:1583)
"42a5f925-1bc2-4f8a-8509-c5ae65e6fcde-CloseContainerThread-2"  prio=5 tid=1302 in Object.wait()
java.lang.Thread.State: WAITING (on object monitor)
        at java.base@21.0.8/jdk.internal.misc.Unsafe.park(Native Method)
        at java.base@21.0.8/java.util.concurrent.locks.LockSupport.park(LockSupport.java:371)
        at java.base@21.0.8/java.util.concurrent.locks.AbstractQueuedSynchronizer$ConditionNode.block(AbstractQueuedSynchronizer.java:519)
        at java.base@21.0.8/java.util.concurrent.ForkJoinPool.unmanagedBlock(ForkJoinPool.java:3780)
        at java.base@21.0.8/java.util.concurrent.ForkJoinPool.managedBlock(ForkJoinPool.java:3725)
        at java.base@21.0.8/java.util.concurrent.locks.AbstractQueuedSynchronizer$ConditionObject.await(AbstractQueuedSynchronizer.java:1712)
        at java.base@21.0.8/java.util.concurrent.LinkedBlockingQueue.take(LinkedBlockingQueue.java:435)
        at java.base@21.0.8/java.util.concurrent.ThreadPoolExecutor.getTask(ThreadPoolExecutor.java:1070)
        at java.base@21.0.8/java.util.concurrent.ThreadPoolExecutor.runWorker(ThreadPoolExecutor.java:1130)
        at java.base@21.0.8/java.util.concurrent.ThreadPoolExecutor$Worker.run(ThreadPoolExecutor.java:642)
        at java.base@21.0.8/java.lang.Thread.runWith(Thread.java:1596)
        at java.base@21.0.8/java.lang.Thread.run(Thread.java:1583)
"IPC Server handler 14 on default port 15002" daemon prio=5 tid=135 timed_waiting
java.lang.Thread.State: TIMED_WAITING
        at java.base@21.0.8/jdk.internal.misc.Unsafe.park(Native Method)
        at java.base@21.0.8/java.util.concurrent.locks.LockSupport.parkNanos(LockSupport.java:269)
        at java.base@21.0.8/java.util.concurrent.locks.AbstractQueuedSynchronizer$ConditionObject.awaitNanos(AbstractQueuedSynchronizer.java:1763)
        at java.base@21.0.8/java.util.concurrent.LinkedBlockingQueue.poll(LinkedBlockingQueue.java:460)
        at app//org.apache.hadoop.ipc.CallQueueManager.take(CallQueueManager.java:370)
        at app//org.apache.hadoop.ipc.Server$Handler.run(Server.java:3165)
"pool-149-thread-1"  prio=5 tid=717 timed_waiting
java.lang.Thread.State: TIMED_WAITING
        at java.base@21.0.8/jdk.internal.misc.Unsafe.park(Native Method)
        at java.base@21.0.8/java.util.concurrent.locks.LockSupport.parkNanos(LockSupport.java:269)
        at java.base@21.0.8/java.util.concurrent.locks.AbstractQueuedSynchronizer$ConditionObject.awaitNanos(AbstractQueuedSynchronizer.java:1763)
        at java.base@21.0.8/java.util.concurrent.ScheduledThreadPoolExecutor$DelayedWorkQueue.take(ScheduledThreadPoolExecutor.java:1182)
        at java.base@21.0.8/java.util.concurrent.ScheduledThreadPoolExecutor$DelayedWorkQueue.take(ScheduledThreadPoolExecutor.java:899)
        at java.base@21.0.8/java.util.concurrent.ThreadPoolExecutor.getTask(ThreadPoolExecutor.java:1070)
        at java.base@21.0.8/java.util.concurrent.ThreadPoolExecutor.runWorker(ThreadPoolExecutor.java:1130)
        at java.base@21.0.8/java.util.concurrent.ThreadPoolExecutor$Worker.run(ThreadPoolExecutor.java:642)
        at java.base@21.0.8/java.lang.Thread.runWith(Thread.java:1596)
        at java.base@21.0.8/java.lang.Thread.run(Thread.java:1583)
"IPC Server handler 34 on default port 15002" daemon prio=5 tid=155 timed_waiting
java.lang.Thread.State: TIMED_WAITING
        at java.base@21.0.8/jdk.internal.misc.Unsafe.park(Native Method)
        at java.base@21.0.8/java.util.concurrent.locks.LockSupport.parkNanos(LockSupport.java:269)
        at java.base@21.0.8/java.util.concurrent.locks.AbstractQueuedSynchronizer$ConditionObject.awaitNanos(AbstractQueuedSynchronizer.java:1763)
        at java.base@21.0.8/java.util.concurrent.LinkedBlockingQueue.poll(LinkedBlockingQueue.java:460)
        at app//org.apache.hadoop.ipc.CallQueueManager.take(CallQueueManager.java:370)
        at app//org.apache.hadoop.ipc.Server$Handler.run(Server.java:3165)
"42a5f925-1bc2-4f8a-8509-c5ae65e6fcde-EndpointStateMachineTaskThread-/127.0.0.1:15001-0 "  prio=5 tid=774 in Object.wait()
java.lang.Thread.State: WAITING (on object monitor)
        at java.base@21.0.8/jdk.internal.misc.Unsafe.park(Native Method)
        at java.base@21.0.8/java.util.concurrent.locks.LockSupport.park(LockSupport.java:371)
        at java.base@21.0.8/java.util.concurrent.locks.AbstractQueuedSynchronizer$ConditionNode.block(AbstractQueuedSynchronizer.java:519)
        at java.base@21.0.8/java.util.concurrent.ForkJoinPool.unmanagedBlock(ForkJoinPool.java:3780)
        at java.base@21.0.8/java.util.concurrent.ForkJoinPool.managedBlock(ForkJoinPool.java:3725)
        at java.base@21.0.8/java.util.concurrent.locks.AbstractQueuedSynchronizer$ConditionObject.await(AbstractQueuedSynchronizer.java:1712)
        at java.base@21.0.8/java.util.concurrent.LinkedBlockingQueue.take(LinkedBlockingQueue.java:435)
        at java.base@21.0.8/java.util.concurrent.ThreadPoolExecutor.getTask(ThreadPoolExecutor.java:1070)
        at java.base@21.0.8/java.util.concurrent.ThreadPoolExecutor.runWorker(ThreadPoolExecutor.java:1130)
        at java.base@21.0.8/java.util.concurrent.ThreadPoolExecutor$Worker.run(ThreadPoolExecutor.java:642)
        at java.base@21.0.8/java.lang.Thread.runWith(Thread.java:1596)
        at java.base@21.0.8/java.lang.Thread.run(Thread.java:1583)
"timer0" daemon prio=5 tid=1139 timed_waiting
java.lang.Thread.State: TIMED_WAITING
        at java.base@21.0.8/java.lang.Object.wait0(Native Method)
        at java.base@21.0.8/java.lang.Object.wait(Object.java:366)
        at java.base@21.0.8/java.util.TimerThread.mainLoop(Timer.java:563)
        at java.base@21.0.8/java.util.TimerThread.run(Timer.java:516)
"IPC Server handler 6 on default port 15045" daemon prio=5 tid=968 timed_waiting
java.lang.Thread.State: TIMED_WAITING
        at java.base@21.0.8/jdk.internal.misc.Unsafe.park(Native Method)
        at java.base@21.0.8/java.util.concurrent.locks.LockSupport.parkNanos(LockSupport.java:269)
        at java.base@21.0.8/java.util.concurrent.locks.AbstractQueuedSynchronizer$ConditionObject.awaitNanos(AbstractQueuedSynchronizer.java:1763)
        at java.base@21.0.8/java.util.concurrent.LinkedBlockingQueue.poll(LinkedBlockingQueue.java:460)
        at app//org.apache.hadoop.ipc.CallQueueManager.take(CallQueueManager.java:370)
        at app//org.apache.hadoop.ipc.Server$Handler.run(Server.java:3165)
"IPC Server handler 9 on default port 15003" daemon prio=5 tid=230 timed_waiting
java.lang.Thread.State: TIMED_WAITING
        at java.base@21.0.8/jdk.internal.misc.Unsafe.park(Native Method)
        at java.base@21.0.8/java.util.concurrent.locks.LockSupport.parkNanos(LockSupport.java:269)
        at java.base@21.0.8/java.util.concurrent.locks.AbstractQueuedSynchronizer$ConditionObject.awaitNanos(AbstractQueuedSynchronizer.java:1763)
        at java.base@21.0.8/java.util.concurrent.LinkedBlockingQueue.poll(LinkedBlockingQueue.java:460)
        at app//org.apache.hadoop.ipc.CallQueueManager.take(CallQueueManager.java:370)
        at app//org.apache.hadoop.ipc.Server$Handler.run(Server.java:3165)
"Socket Reader #1 for port 15004" daemon prio=5 tid=63 runnable
java.lang.Thread.State: RUNNABLE
        at java.base@21.0.8/sun.nio.ch.EPoll.wait(Native Method)
        at java.base@21.0.8/sun.nio.ch.EPollSelectorImpl.doSelect(EPollSelectorImpl.java:121)
        at java.base@21.0.8/sun.nio.ch.SelectorImpl.lockAndDoSelect(SelectorImpl.java:130)
        at java.base@21.0.8/sun.nio.ch.SelectorImpl.select(SelectorImpl.java:147)
        at app//org.apache.hadoop.ipc.Server$Listener$Reader.doRunLoop(Server.java:1497)
        at app//org.apache.hadoop.ipc.Server$Listener$Reader.run(Server.java:1476)
"qtp396271801-330" daemon prio=5 tid=330 timed_waiting
java.lang.Thread.State: TIMED_WAITING
        at java.base@21.0.8/jdk.internal.misc.Unsafe.park(Native Method)
        at java.base@21.0.8/java.util.concurrent.locks.LockSupport.parkNanos(LockSupport.java:269)
        at java.base@21.0.8/java.util.concurrent.locks.AbstractQueuedSynchronizer$ConditionObject.awaitNanos(AbstractQueuedSynchronizer.java:1763)
        at app//org.eclipse.jetty.util.BlockingArrayQueue.poll(BlockingArrayQueue.java:382)
        at app//org.eclipse.jetty.util.thread.QueuedThreadPool$Runner.idleJobPoll(QueuedThreadPool.java:974)
        at app//org.eclipse.jetty.util.thread.QueuedThreadPool$Runner.run(QueuedThreadPool.java:1018)
        at java.base@21.0.8/java.lang.Thread.runWith(Thread.java:1596)
        at java.base@21.0.8/java.lang.Thread.run(Thread.java:1583)
"IPC Server handler 61 on default port 15004" daemon prio=5 tid=400 timed_waiting
java.lang.Thread.State: TIMED_WAITING
        at java.base@21.0.8/jdk.internal.misc.Unsafe.park(Native Method)
        at java.base@21.0.8/java.util.concurrent.locks.LockSupport.parkNanos(LockSupport.java:269)
        at java.base@21.0.8/java.util.concurrent.locks.AbstractQueuedSynchronizer$ConditionObject.awaitNanos(AbstractQueuedSynchronizer.java:1763)
        at java.base@21.0.8/java.util.concurrent.LinkedBlockingQueue.poll(LinkedBlockingQueue.java:460)
        at app//org.apache.hadoop.ipc.CallQueueManager.take(CallQueueManager.java:370)
        at app//org.apache.hadoop.ipc.Server$Handler.run(Server.java:3165)
"Socket Reader #9 for port 15021" daemon prio=5 tid=736 runnable
java.lang.Thread.State: RUNNABLE
        at java.base@21.0.8/sun.nio.ch.EPoll.wait(Native Method)
        at java.base@21.0.8/sun.nio.ch.EPollSelectorImpl.doSelect(EPollSelectorImpl.java:121)
        at java.base@21.0.8/sun.nio.ch.SelectorImpl.lockAndDoSelect(SelectorImpl.java:130)
        at java.base@21.0.8/sun.nio.ch.SelectorImpl.select(SelectorImpl.java:147)
        at app//org.apache.hadoop.ipc.Server$Listener$Reader.doRunLoop(Server.java:1497)
        at app//org.apache.hadoop.ipc.Server$Listener$Reader.run(Server.java:1476)
"DiskUsage-/home/runner/work/ozone/ozone/hadoop-ozone/integration-test-recon/target/test-dir/MiniOzoneClusterImpl-e405f726-f354-48a5-b90a-334fe627f997/ozone-metadata/datanode-5/ratis-
" daemon prio=5 tid=1014 timed_waiting
java.lang.Thread.State: TIMED_WAITING
        at java.base@21.0.8/jdk.internal.misc.Unsafe.park(Native Method)
        at java.base@21.0.8/java.util.concurrent.locks.LockSupport.parkNanos(LockSupport.java:269)
        at java.base@21.0.8/java.util.concurrent.locks.AbstractQueuedSynchronizer$ConditionObject.awaitNanos(AbstractQueuedSynchronizer.java:1763)
        at java.base@21.0.8/java.util.concurrent.ScheduledThreadPoolExecutor$DelayedWorkQueue.take(ScheduledThreadPoolExecutor.java:1182)
        at java.base@21.0.8/java.util.concurrent.ScheduledThreadPoolExecutor$DelayedWorkQueue.take(ScheduledThreadPoolExecutor.java:899)
        at java.base@21.0.8/java.util.concurrent.ThreadPoolExecutor.getTask(ThreadPoolExecutor.java:1070)
        at java.base@21.0.8/java.util.concurrent.ThreadPoolExecutor.runWorker(ThreadPoolExecutor.java:1130)
        at java.base@21.0.8/java.util.concurrent.ThreadPoolExecutor$Worker.run(ThreadPoolExecutor.java:642)
        at java.base@21.0.8/java.lang.Thread.runWith(Thread.java:1596)
        at java.base@21.0.8/java.lang.Thread.run(Thread.java:1583)
"IPC Server handler 56 on default port 15003" daemon prio=5 tid=277 timed_waiting
java.lang.Thread.State: TIMED_WAITING
        at java.base@21.0.8/jdk.internal.misc.Unsafe.park(Native Method)
        at java.base@21.0.8/java.util.concurrent.locks.LockSupport.parkNanos(LockSupport.java:269)
        at java.base@21.0.8/java.util.concurrent.locks.AbstractQueuedSynchronizer$ConditionObject.awaitNanos(AbstractQueuedSynchronizer.java:1763)
        at java.base@21.0.8/java.util.concurrent.LinkedBlockingQueue.poll(LinkedBlockingQueue.java:460)
        at app//org.apache.hadoop.ipc.CallQueueManager.take(CallQueueManager.java:370)
        at app//org.apache.hadoop.ipc.Server$Handler.run(Server.java:3165)
"IPC Server handler 77 on default port 15003" daemon prio=5 tid=298 timed_waiting
java.lang.Thread.State: TIMED_WAITING
        at java.base@21.0.8/jdk.internal.misc.Unsafe.park(Native Method)
        at java.base@21.0.8/java.util.concurrent.locks.LockSupport.parkNanos(LockSupport.java:269)
        at java.base@21.0.8/java.util.concurrent.locks.AbstractQueuedSynchronizer$ConditionObject.awaitNanos(AbstractQueuedSynchronizer.java:1763)
        at java.base@21.0.8/java.util.concurrent.LinkedBlockingQueue.poll(LinkedBlockingQueue.java:460)
        at app//org.apache.hadoop.ipc.CallQueueManager.take(CallQueueManager.java:370)
        at app//org.apache.hadoop.ipc.Server$Handler.run(Server.java:3165)
"IPC Server handler 75 on default port 15004" daemon prio=5 tid=414 timed_waiting
java.lang.Thread.State: TIMED_WAITING
        at java.base@21.0.8/jdk.internal.misc.Unsafe.park(Native Method)
        at java.base@21.0.8/java.util.concurrent.locks.LockSupport.parkNanos(LockSupport.java:269)
        at java.base@21.0.8/java.util.concurrent.locks.AbstractQueuedSynchronizer$ConditionObject.awaitNanos(AbstractQueuedSynchronizer.java:1763)
        at java.base@21.0.8/java.util.concurrent.LinkedBlockingQueue.poll(LinkedBlockingQueue.java:460)
        at app//org.apache.hadoop.ipc.CallQueueManager.take(CallQueueManager.java:370)
        at app//org.apache.hadoop.ipc.Server$Handler.run(Server.java:3165)
"346684e1-b57f-4c29-9507-935dad45bd68-PipelineCommandHandlerThread-0"  prio=5 tid=1080 in Object.wait()
java.lang.Thread.State: WAITING (on object monitor)
        at java.base@21.0.8/jdk.internal.misc.Unsafe.park(Native Method)
        at java.base@21.0.8/java.util.concurrent.locks.LockSupport.park(LockSupport.java:371)
        at java.base@21.0.8/java.util.concurrent.locks.AbstractQueuedSynchronizer$ConditionNode.block(AbstractQueuedSynchronizer.java:519)
        at java.base@21.0.8/java.util.concurrent.ForkJoinPool.unmanagedBlock(ForkJoinPool.java:3780)
        at java.base@21.0.8/java.util.concurrent.ForkJoinPool.managedBlock(ForkJoinPool.java:3725)
        at java.base@21.0.8/java.util.concurrent.locks.AbstractQueuedSynchronizer$ConditionObject.await(AbstractQueuedSynchronizer.java:1712)
        at java.base@21.0.8/java.util.concurrent.LinkedBlockingQueue.take(LinkedBlockingQueue.java:435)
        at java.base@21.0.8/java.util.concurrent.ThreadPoolExecutor.getTask(ThreadPoolExecutor.java:1070)
        at java.base@21.0.8/java.util.concurrent.ThreadPoolExecutor.runWorker(ThreadPoolExecutor.java:1130)
        at java.base@21.0.8/java.util.concurrent.ThreadPoolExecutor$Worker.run(ThreadPoolExecutor.java:642)
        at java.base@21.0.8/java.lang.Thread.runWith(Thread.java:1596)
        at java.base@21.0.8/java.lang.Thread.run(Thread.java:1583)
"IPC Server idle connection scanner for port 15001" daemon prio=5 tid=531 timed_waiting
java.lang.Thread.State: TIMED_WAITING
        at java.base@21.0.8/java.lang.Object.wait0(Native Method)
        at java.base@21.0.8/java.lang.Object.wait(Object.java:366)
        at java.base@21.0.8/java.util.TimerThread.mainLoop(Timer.java:563)
        at java.base@21.0.8/java.util.TimerThread.run(Timer.java:516)
"IPC Server handler 14 on default port 15003" daemon prio=5 tid=235 timed_waiting
java.lang.Thread.State: TIMED_WAITING
        at java.base@21.0.8/jdk.internal.misc.Unsafe.park(Native Method)
        at java.base@21.0.8/java.util.concurrent.locks.LockSupport.parkNanos(LockSupport.java:269)
        at java.base@21.0.8/java.util.concurrent.locks.AbstractQueuedSynchronizer$ConditionObject.awaitNanos(AbstractQueuedSynchronizer.java:1763)
        at java.base@21.0.8/java.util.concurrent.LinkedBlockingQueue.poll(LinkedBlockingQueue.java:460)
        at app//org.apache.hadoop.ipc.CallQueueManager.take(CallQueueManager.java:370)
        at app//org.apache.hadoop.ipc.Server$Handler.run(Server.java:3165)
"IPC Server handler 51 on default port 15003" daemon prio=5 tid=272 timed_waiting
java.lang.Thread.State: TIMED_WAITING
        at java.base@21.0.8/jdk.internal.misc.Unsafe.park(Native Method)
        at java.base@21.0.8/java.util.concurrent.locks.LockSupport.parkNanos(LockSupport.java:269)
        at java.base@21.0.8/java.util.concurrent.locks.AbstractQueuedSynchronizer$ConditionObject.awaitNanos(AbstractQueuedSynchronizer.java:1763)
        at java.base@21.0.8/java.util.concurrent.LinkedBlockingQueue.poll(LinkedBlockingQueue.java:460)
        at app//org.apache.hadoop.ipc.CallQueueManager.take(CallQueueManager.java:370)
        at app//org.apache.hadoop.ipc.Server$Handler.run(Server.java:3165)
"d5ad88c2-6e7a-4660-bab6-a4e8807a575e-groupManagement"  prio=5 tid=1048 in Object.wait()
java.lang.Thread.State: WAITING (on object monitor)
        at java.base@21.0.8/jdk.internal.misc.Unsafe.park(Native Method)
        at java.base@21.0.8/java.util.concurrent.locks.LockSupport.park(LockSupport.java:371)
        at java.base@21.0.8/java.util.concurrent.locks.AbstractQueuedSynchronizer$ConditionNode.block(AbstractQueuedSynchronizer.java:519)
        at java.base@21.0.8/java.util.concurrent.ForkJoinPool.unmanagedBlock(ForkJoinPool.java:3780)
        at java.base@21.0.8/java.util.concurrent.ForkJoinPool.managedBlock(ForkJoinPool.java:3725)
        at java.base@21.0.8/java.util.concurrent.locks.AbstractQueuedSynchronizer$ConditionObject.await(AbstractQueuedSynchronizer.java:1712)
        at java.base@21.0.8/java.util.concurrent.LinkedBlockingQueue.take(LinkedBlockingQueue.java:435)
        at java.base@21.0.8/java.util.concurrent.ThreadPoolExecutor.getTask(ThreadPoolExecutor.java:1070)
        at java.base@21.0.8/java.util.concurrent.ThreadPoolExecutor.runWorker(ThreadPoolExecutor.java:1130)
        at java.base@21.0.8/java.util.concurrent.ThreadPoolExecutor$Worker.run(ThreadPoolExecutor.java:642)
        at java.base@21.0.8/java.lang.Thread.runWith(Thread.java:1596)
        at java.base@21.0.8/java.lang.Thread.run(Thread.java:1583)
"CompactionDagPruningService" daemon prio=5 tid=440 timed_waiting
java.lang.Thread.State: TIMED_WAITING
        at java.base@21.0.8/jdk.internal.misc.Unsafe.park(Native Method)
        at java.base@21.0.8/java.util.concurrent.locks.LockSupport.parkNanos(LockSupport.java:269)
        at java.base@21.0.8/java.util.concurrent.locks.AbstractQueuedSynchronizer$ConditionObject.awaitNanos(AbstractQueuedSynchronizer.java:1763)
        at java.base@21.0.8/java.util.concurrent.ScheduledThreadPoolExecutor$DelayedWorkQueue.take(ScheduledThreadPoolExecutor.java:1182)
        at java.base@21.0.8/java.util.concurrent.ScheduledThreadPoolExecutor$DelayedWorkQueue.take(ScheduledThreadPoolExecutor.java:899)
        at java.base@21.0.8/java.util.concurrent.ThreadPoolExecutor.getTask(ThreadPoolExecutor.java:1070)
        at java.base@21.0.8/java.util.concurrent.ThreadPoolExecutor.runWorker(ThreadPoolExecutor.java:1130)
        at java.base@21.0.8/java.util.concurrent.ThreadPoolExecutor$Worker.run(ThreadPoolExecutor.java:642)
        at java.base@21.0.8/java.lang.Thread.runWith(Thread.java:1596)
        at java.base@21.0.8/java.lang.Thread.run(Thread.java:1583)
"IPC Server handler 63 on default port 15002" daemon prio=5 tid=184 timed_waiting
java.lang.Thread.State: TIMED_WAITING
        at java.base@21.0.8/jdk.internal.misc.Unsafe.park(Native Method)
        at java.base@21.0.8/java.util.concurrent.locks.LockSupport.parkNanos(LockSupport.java:269)
        at java.base@21.0.8/java.util.concurrent.locks.AbstractQueuedSynchronizer$ConditionObject.awaitNanos(AbstractQueuedSynchronizer.java:1763)
        at java.base@21.0.8/java.util.concurrent.LinkedBlockingQueue.poll(LinkedBlockingQueue.java:460)
        at app//org.apache.hadoop.ipc.CallQueueManager.take(CallQueueManager.java:370)
        at app//org.apache.hadoop.ipc.Server$Handler.run(Server.java:3165)
"IPC Server handler 7 on default port 15004" daemon prio=5 tid=346 timed_waiting
java.lang.Thread.State: TIMED_WAITING
        at java.base@21.0.8/jdk.internal.misc.Unsafe.park(Native Method)
        at java.base@21.0.8/java.util.concurrent.locks.LockSupport.parkNanos(LockSupport.java:269)
        at java.base@21.0.8/java.util.concurrent.locks.AbstractQueuedSynchronizer$ConditionObject.awaitNanos(AbstractQueuedSynchronizer.java:1763)
        at java.base@21.0.8/java.util.concurrent.LinkedBlockingQueue.poll(LinkedBlockingQueue.java:460)
        at app//org.apache.hadoop.ipc.CallQueueManager.take(CallQueueManager.java:370)
        at app//org.apache.hadoop.ipc.Server$Handler.run(Server.java:3165)
"JvmPauseMonitor2" daemon prio=5 tid=467 timed_waiting
java.lang.Thread.State: TIMED_WAITING
        at java.base@21.0.8/java.lang.Thread.sleep0(Native Method)
        at java.base@21.0.8/java.lang.Thread.sleep(Thread.java:558)
        at java.base@21.0.8/java.util.concurrent.TimeUnit.sleep(TimeUnit.java:446)
        at app//org.apache.ratis.util.TimeDuration.sleep(TimeDuration.java:353)
        at app//org.apache.ratis.util.TimeDuration.sleep(TimeDuration.java:338)
        at app//org.apache.ratis.util.JvmPauseMonitor.detectPause(JvmPauseMonitor.java:160)
        at app//org.apache.ratis.util.JvmPauseMonitor.run(JvmPauseMonitor.java:149)
        at app//org.apache.ratis.util.JvmPauseMonitor$$Lambda/0x00007f18e83aead8.run(Unknown Source)
        at java.base@21.0.8/java.lang.Thread.runWith(Thread.java:1596)
        at java.base@21.0.8/java.lang.Thread.run(Thread.java:1583)
"volumeTable_FullTableCache-Cleanup-0" daemon prio=5 tid=441 timed_waiting
java.lang.Thread.State: TIMED_WAITING
        at java.base@21.0.8/jdk.internal.misc.Unsafe.park(Native Method)
        at java.base@21.0.8/java.util.concurrent.locks.LockSupport.parkNanos(LockSupport.java:269)
        at java.base@21.0.8/java.util.concurrent.locks.AbstractQueuedSynchronizer$ConditionObject.awaitNanos(AbstractQueuedSynchronizer.java:1763)
        at java.base@21.0.8/java.util.concurrent.ScheduledThreadPoolExecutor$DelayedWorkQueue.take(ScheduledThreadPoolExecutor.java:1182)
        at java.base@21.0.8/java.util.concurrent.ScheduledThreadPoolExecutor$DelayedWorkQueue.take(ScheduledThreadPoolExecutor.java:899)
        at java.base@21.0.8/java.util.concurrent.ThreadPoolExecutor.getTask(ThreadPoolExecutor.java:1070)
        at java.base@21.0.8/java.util.concurrent.ThreadPoolExecutor.runWorker(ThreadPoolExecutor.java:1130)
        at java.base@21.0.8/java.util.concurrent.ThreadPoolExecutor$Worker.run(ThreadPoolExecutor.java:642)
        at java.base@21.0.8/java.lang.Thread.runWith(Thread.java:1596)
        at java.base@21.0.8/java.lang.Thread.run(Thread.java:1583)
"Recon-FixedThreadPoolWithAffinityExecutor-8-0" daemon prio=5 tid=542 timed_waiting
java.lang.Thread.State: TIMED_WAITING
        at java.base@21.0.8/jdk.internal.misc.Unsafe.park(Native Method)
        at java.base@21.0.8/java.util.concurrent.locks.LockSupport.parkNanos(LockSupport.java:269)
        at java.base@21.0.8/java.util.concurrent.locks.AbstractQueuedSynchronizer$ConditionObject.awaitNanos(AbstractQueuedSynchronizer.java:1763)
        at java.base@21.0.8/java.util.concurrent.LinkedBlockingQueue.poll(LinkedBlockingQueue.java:460)
        at app//org.apache.hadoop.hdds.scm.server.ContainerReportQueue.poll(ContainerReportQueue.java:269)
        at app//org.apache.hadoop.hdds.scm.server.ContainerReportQueue.poll(ContainerReportQueue.java:42)
        at app//org.apache.hadoop.hdds.server.events.FixedThreadPoolWithAffinityExecutor$ContainerReportProcessTask.run(FixedThreadPoolWithAffinityExecutor.java:228)
        at java.base@21.0.8/java.util.concurrent.Executors$RunnableAdapter.call(Executors.java:572)
        at java.base@21.0.8/java.util.concurrent.FutureTask.run(FutureTask.java:317)
        at java.base@21.0.8/java.util.concurrent.ThreadPoolExecutor.runWorker(ThreadPoolExecutor.java:1144)
        at java.base@21.0.8/java.util.concurrent.ThreadPoolExecutor$Worker.run(ThreadPoolExecutor.java:642)
        at java.base@21.0.8/java.lang.Thread.runWith(Thread.java:1596)
        at java.base@21.0.8/java.lang.Thread.run(Thread.java:1583)
"d5ad88c2-6e7a-4660-bab6-a4e8807a575e@group-4D151320670C-SegmentedRaftLogWorker"  prio=5 tid=1050 timed_waiting
java.lang.Thread.State: TIMED_WAITING
        at java.base@21.0.8/jdk.internal.misc.Unsafe.park(Native Method)
        at java.base@21.0.8/java.util.concurrent.locks.LockSupport.parkNanos(LockSupport.java:269)
        at java.base@21.0.8/java.util.concurrent.locks.AbstractQueuedSynchronizer$ConditionObject.awaitNanos(AbstractQueuedSynchronizer.java:1763)
        at app//org.apache.ratis.util.DataBlockingQueue.poll(DataBlockingQueue.java:148)
        at app//org.apache.ratis.server.raftlog.segmented.SegmentedRaftLogWorker.run(SegmentedRaftLogWorker.java:309)
        at app//org.apache.ratis.server.raftlog.segmented.SegmentedRaftLogWorker$$Lambda/0x00007f18e8394d50.run(Unknown Source)
        at java.base@21.0.8/java.util.concurrent.Executors$RunnableAdapter.call(Executors.java:572)
        at java.base@21.0.8/java.util.concurrent.FutureTask.run(FutureTask.java:317)
        at java.base@21.0.8/java.util.concurrent.ThreadPoolExecutor.runWorker(ThreadPoolExecutor.java:1144)
        at java.base@21.0.8/java.util.concurrent.ThreadPoolExecutor$Worker.run(ThreadPoolExecutor.java:642)
        at java.base@21.0.8/java.lang.Thread.runWith(Thread.java:1596)
        at java.base@21.0.8/java.lang.Thread.run(Thread.java:1583)
"0ed0910f-4ac9-4f62-be34-d90c51a3e6c9-ReplicationContainerReader-2" daemon prio=5 tid=1330 in Object.wait()
java.lang.Thread.State: WAITING (on object monitor)
        at java.base@21.0.8/jdk.internal.misc.Unsafe.park(Native Method)
        at java.base@21.0.8/java.util.concurrent.locks.LockSupport.park(LockSupport.java:371)
        at java.base@21.0.8/java.util.concurrent.locks.AbstractQueuedSynchronizer$ConditionNode.block(AbstractQueuedSynchronizer.java:519)
        at java.base@21.0.8/java.util.concurrent.ForkJoinPool.unmanagedBlock(ForkJoinPool.java:3780)
        at java.base@21.0.8/java.util.concurrent.ForkJoinPool.managedBlock(ForkJoinPool.java:3725)
        at java.base@21.0.8/java.util.concurrent.locks.AbstractQueuedSynchronizer$ConditionObject.await(AbstractQueuedSynchronizer.java:1712)
        at java.base@21.0.8/java.util.concurrent.LinkedBlockingQueue.take(LinkedBlockingQueue.java:435)
        at java.base@21.0.8/java.util.concurrent.ThreadPoolExecutor.getTask(ThreadPoolExecutor.java:1070)
        at java.base@21.0.8/java.util.concurrent.ThreadPoolExecutor.runWorker(ThreadPoolExecutor.java:1130)
        at java.base@21.0.8/java.util.concurrent.ThreadPoolExecutor$Worker.run(ThreadPoolExecutor.java:642)
        at java.base@21.0.8/java.lang.Thread.runWith(Thread.java:1596)
        at java.base@21.0.8/java.lang.Thread.run(Thread.java:1583)
"IPC Server handler 43 on default port 15004" daemon prio=5 tid=382 timed_waiting
java.lang.Thread.State: TIMED_WAITING
        at java.base@21.0.8/jdk.internal.misc.Unsafe.park(Native Method)
        at java.base@21.0.8/java.util.concurrent.locks.LockSupport.parkNanos(LockSupport.java:269)
        at java.base@21.0.8/java.util.concurrent.locks.AbstractQueuedSynchronizer$ConditionObject.awaitNanos(AbstractQueuedSynchronizer.java:1763)
        at java.base@21.0.8/java.util.concurrent.LinkedBlockingQueue.poll(LinkedBlockingQueue.java:460)
        at app//org.apache.hadoop.ipc.CallQueueManager.take(CallQueueManager.java:370)
        at app//org.apache.hadoop.ipc.Server$Handler.run(Server.java:3165)
"IPC Server handler 83 on default port 15004" daemon prio=5 tid=422 timed_waiting
java.lang.Thread.State: TIMED_WAITING
        at java.base@21.0.8/jdk.internal.misc.Unsafe.park(Native Method)
        at java.base@21.0.8/java.util.concurrent.locks.LockSupport.parkNanos(LockSupport.java:269)
        at java.base@21.0.8/java.util.concurrent.locks.AbstractQueuedSynchronizer$ConditionObject.awaitNanos(AbstractQueuedSynchronizer.java:1763)
        at java.base@21.0.8/java.util.concurrent.LinkedBlockingQueue.poll(LinkedBlockingQueue.java:460)
        at app//org.apache.hadoop.ipc.CallQueueManager.take(CallQueueManager.java:370)
        at app//org.apache.hadoop.ipc.Server$Handler.run(Server.java:3165)
"IPC Server handler 51 on default port 15001" daemon prio=5 tid=609 timed_waiting
java.lang.Thread.State: TIMED_WAITING
        at java.base@21.0.8/jdk.internal.misc.Unsafe.park(Native Method)
        at java.base@21.0.8/java.util.concurrent.locks.LockSupport.parkNanos(LockSupport.java:269)
        at java.base@21.0.8/java.util.concurrent.locks.AbstractQueuedSynchronizer$ConditionObject.awaitNanos(AbstractQueuedSynchronizer.java:1763)
        at java.base@21.0.8/java.util.concurrent.LinkedBlockingQueue.poll(LinkedBlockingQueue.java:460)
        at app//org.apache.hadoop.ipc.CallQueueManager.take(CallQueueManager.java:370)
        at app//org.apache.hadoop.ipc.Server$Handler.run(Server.java:3165)
"IPC Server handler 55 on default port 15003" daemon prio=5 tid=276 timed_waiting
java.lang.Thread.State: TIMED_WAITING
        at java.base@21.0.8/jdk.internal.misc.Unsafe.park(Native Method)
        at java.base@21.0.8/java.util.concurrent.locks.LockSupport.parkNanos(LockSupport.java:269)
        at java.base@21.0.8/java.util.concurrent.locks.AbstractQueuedSynchronizer$ConditionObject.awaitNanos(AbstractQueuedSynchronizer.java:1763)
        at java.base@21.0.8/java.util.concurrent.LinkedBlockingQueue.poll(LinkedBlockingQueue.java:460)
        at app//org.apache.hadoop.ipc.CallQueueManager.take(CallQueueManager.java:370)
        at app//org.apache.hadoop.ipc.Server$Handler.run(Server.java:3165)
"IPC Server handler 3 on default port 15002" daemon prio=5 tid=124 timed_waiting
java.lang.Thread.State: TIMED_WAITING
        at java.base@21.0.8/jdk.internal.misc.Unsafe.park(Native Method)
        at java.base@21.0.8/java.util.concurrent.locks.LockSupport.parkNanos(LockSupport.java:269)
        at java.base@21.0.8/java.util.concurrent.locks.AbstractQueuedSynchronizer$ConditionObject.awaitNanos(AbstractQueuedSynchronizer.java:1763)
        at java.base@21.0.8/java.util.concurrent.LinkedBlockingQueue.poll(LinkedBlockingQueue.java:460)
        at app//org.apache.hadoop.ipc.CallQueueManager.take(CallQueueManager.java:370)
        at app//org.apache.hadoop.ipc.Server$Handler.run(Server.java:3165)
"0ed0910f-4ac9-4f62-be34-d90c51a3e6c9-ChunkWriter-3-0" daemon prio=5 tid=1022 in Object.wait()
java.lang.Thread.State: WAITING (on object monitor)
        at java.base@21.0.8/jdk.internal.misc.Unsafe.park(Native Method)
        at java.base@21.0.8/java.util.concurrent.locks.LockSupport.park(LockSupport.java:371)
        at java.base@21.0.8/java.util.concurrent.locks.AbstractQueuedSynchronizer$ConditionNode.block(AbstractQueuedSynchronizer.java:519)
        at java.base@21.0.8/java.util.concurrent.ForkJoinPool.unmanagedBlock(ForkJoinPool.java:3780)
        at java.base@21.0.8/java.util.concurrent.ForkJoinPool.managedBlock(ForkJoinPool.java:3725)
        at java.base@21.0.8/java.util.concurrent.locks.AbstractQueuedSynchronizer$ConditionObject.await(AbstractQueuedSynchronizer.java:1712)
        at java.base@21.0.8/java.util.concurrent.LinkedBlockingDeque.takeFirst(LinkedBlockingDeque.java:485)
        at java.base@21.0.8/java.util.concurrent.LinkedBlockingDeque.take(LinkedBlockingDeque.java:673)
        at java.base@21.0.8/java.util.concurrent.ThreadPoolExecutor.getTask(ThreadPoolExecutor.java:1070)
        at java.base@21.0.8/java.util.concurrent.ThreadPoolExecutor.runWorker(ThreadPoolExecutor.java:1130)
        at java.base@21.0.8/java.util.concurrent.ThreadPoolExecutor$Worker.run(ThreadPoolExecutor.java:642)
        at java.base@21.0.8/java.lang.Thread.runWith(Thread.java:1596)
        at java.base@21.0.8/java.lang.Thread.run(Thread.java:1583)
"qtp1685778567-679" daemon prio=5 tid=679 timed_waiting
java.lang.Thread.State: TIMED_WAITING
        at java.base@21.0.8/jdk.internal.misc.Unsafe.park(Native Method)
        at java.base@21.0.8/java.util.concurrent.locks.LockSupport.parkNanos(LockSupport.java:269)
        at java.base@21.0.8/java.util.concurrent.locks.AbstractQueuedSynchronizer$ConditionObject.awaitNanos(AbstractQueuedSynchronizer.java:1763)
        at app//org.eclipse.jetty.util.BlockingArrayQueue.poll(BlockingArrayQueue.java:382)
        at app//org.eclipse.jetty.util.thread.QueuedThreadPool$Runner.idleJobPoll(QueuedThreadPool.java:974)
        at app//org.eclipse.jetty.util.thread.QueuedThreadPool$Runner.run(QueuedThreadPool.java:1018)
        at java.base@21.0.8/java.lang.Thread.runWith(Thread.java:1596)
        at java.base@21.0.8/java.lang.Thread.run(Thread.java:1583)
"IPC Server handler 81 on default port 15001" daemon prio=5 tid=639 timed_waiting
java.lang.Thread.State: TIMED_WAITING
        at java.base@21.0.8/jdk.internal.misc.Unsafe.park(Native Method)
        at java.base@21.0.8/java.util.concurrent.locks.LockSupport.parkNanos(LockSupport.java:269)
        at java.base@21.0.8/java.util.concurrent.locks.AbstractQueuedSynchronizer$ConditionObject.awaitNanos(AbstractQueuedSynchronizer.java:1763)
        at java.base@21.0.8/java.util.concurrent.LinkedBlockingQueue.poll(LinkedBlockingQueue.java:460)
        at app//org.apache.hadoop.ipc.CallQueueManager.take(CallQueueManager.java:370)
        at app//org.apache.hadoop.ipc.Server$Handler.run(Server.java:3165)
"42a5f925-1bc2-4f8a-8509-c5ae65e6fcde-CommandProcessorThread" daemon prio=5 tid=710 timed_waiting
java.lang.Thread.State: TIMED_WAITING
        at java.base@21.0.8/java.lang.Thread.sleep0(Native Method)
        at java.base@21.0.8/java.lang.Thread.sleep(Thread.java:509)
        at app//org.apache.hadoop.ozone.container.common.statemachine.DatanodeStateMachine.lambda$initCommandHandlerThread$4(DatanodeStateMachine.java:681)
        at app//org.apache.hadoop.ozone.container.common.statemachine.DatanodeStateMachine$$Lambda/0x00007f18e8c9c828.run(Unknown Source)
        at java.base@21.0.8/java.lang.Thread.runWith(Thread.java:1596)
        at java.base@21.0.8/java.lang.Thread.run(Thread.java:1583)
"IPC Server handler 23 on default port 15004" daemon prio=5 tid=362 timed_waiting
java.lang.Thread.State: TIMED_WAITING
        at java.base@21.0.8/jdk.internal.misc.Unsafe.park(Native Method)
        at java.base@21.0.8/java.util.concurrent.locks.LockSupport.parkNanos(LockSupport.java:269)
        at java.base@21.0.8/java.util.concurrent.locks.AbstractQueuedSynchronizer$ConditionObject.awaitNanos(AbstractQueuedSynchronizer.java:1763)
        at java.base@21.0.8/java.util.concurrent.LinkedBlockingQueue.poll(LinkedBlockingQueue.java:460)
        at app//org.apache.hadoop.ipc.CallQueueManager.take(CallQueueManager.java:370)
        at app//org.apache.hadoop.ipc.Server$Handler.run(Server.java:3165)
"IPC Server handler 16 on default port 15001" daemon prio=5 tid=574 timed_waiting
java.lang.Thread.State: TIMED_WAITING
        at java.base@21.0.8/jdk.internal.misc.Unsafe.park(Native Method)
        at java.base@21.0.8/java.util.concurrent.locks.LockSupport.parkNanos(LockSupport.java:269)
        at java.base@21.0.8/java.util.concurrent.locks.AbstractQueuedSynchronizer$ConditionObject.awaitNanos(AbstractQueuedSynchronizer.java:1763)
        at java.base@21.0.8/java.util.concurrent.LinkedBlockingQueue.poll(LinkedBlockingQueue.java:460)
        at app//org.apache.hadoop.ipc.CallQueueManager.take(CallQueueManager.java:370)
        at app//org.apache.hadoop.ipc.Server$Handler.run(Server.java:3165)
"42a5f925-1bc2-4f8a-8509-c5ae65e6fcde-ContainerReplicationThread-0" daemon prio=5 tid=1327 in Object.wait()
java.lang.Thread.State: WAITING (on object monitor)
        at java.base@21.0.8/jdk.internal.misc.Unsafe.park(Native Method)
        at java.base@21.0.8/java.util.concurrent.locks.LockSupport.park(LockSupport.java:371)
        at java.base@21.0.8/java.util.concurrent.locks.AbstractQueuedSynchronizer$ConditionNode.block(AbstractQueuedSynchronizer.java:519)
        at java.base@21.0.8/java.util.concurrent.ForkJoinPool.unmanagedBlock(ForkJoinPool.java:3780)
        at java.base@21.0.8/java.util.concurrent.ForkJoinPool.managedBlock(ForkJoinPool.java:3725)
        at java.base@21.0.8/java.util.concurrent.locks.AbstractQueuedSynchronizer$ConditionObject.await(AbstractQueuedSynchronizer.java:1712)
        at java.base@21.0.8/java.util.concurrent.PriorityBlockingQueue.take(PriorityBlockingQueue.java:535)
        at java.base@21.0.8/java.util.concurrent.ThreadPoolExecutor.getTask(ThreadPoolExecutor.java:1070)
        at java.base@21.0.8/java.util.concurrent.ThreadPoolExecutor.runWorker(ThreadPoolExecutor.java:1130)
        at java.base@21.0.8/java.util.concurrent.ThreadPoolExecutor$Worker.run(ThreadPoolExecutor.java:642)
        at java.base@21.0.8/java.lang.Thread.runWith(Thread.java:1596)
        at java.base@21.0.8/java.lang.Thread.run(Thread.java:1583)
"FixedThreadPoolWithAffinityExecutor-1-0" daemon prio=5 tid=105 timed_waiting
java.lang.Thread.State: TIMED_WAITING
        at java.base@21.0.8/jdk.internal.misc.Unsafe.park(Native Method)
        at java.base@21.0.8/java.util.concurrent.locks.LockSupport.parkNanos(LockSupport.java:269)
        at java.base@21.0.8/java.util.concurrent.locks.AbstractQueuedSynchronizer$ConditionObject.awaitNanos(AbstractQueuedSynchronizer.java:1763)
        at java.base@21.0.8/java.util.concurrent.LinkedBlockingQueue.poll(LinkedBlockingQueue.java:460)
        at app//org.apache.hadoop.hdds.scm.server.ContainerReportQueue.poll(ContainerReportQueue.java:269)
        at app//org.apache.hadoop.hdds.scm.server.ContainerReportQueue.poll(ContainerReportQueue.java:42)
        at app//org.apache.hadoop.hdds.server.events.FixedThreadPoolWithAffinityExecutor$ContainerReportProcessTask.run(FixedThreadPoolWithAffinityExecutor.java:228)
        at java.base@21.0.8/java.util.concurrent.Executors$RunnableAdapter.call(Executors.java:572)
        at java.base@21.0.8/java.util.concurrent.FutureTask.run(FutureTask.java:317)
        at java.base@21.0.8/java.util.concurrent.ThreadPoolExecutor.runWorker(ThreadPoolExecutor.java:1144)
        at java.base@21.0.8/java.util.concurrent.ThreadPoolExecutor$Worker.run(ThreadPoolExecutor.java:642)
        at java.base@21.0.8/java.lang.Thread.runWith(Thread.java:1596)
        at java.base@21.0.8/java.lang.Thread.run(Thread.java:1583)
"om1-KeyDeletingService#2" daemon prio=5 tid=476 in Object.wait()
java.lang.Thread.State: WAITING (on object monitor)
        at java.base@21.0.8/jdk.internal.misc.Unsafe.park(Native Method)
        at java.base@21.0.8/java.util.concurrent.locks.LockSupport.park(LockSupport.java:371)
        at java.base@21.0.8/java.util.concurrent.locks.AbstractQueuedSynchronizer$ConditionNode.block(AbstractQueuedSynchronizer.java:519)
        at java.base@21.0.8/java.util.concurrent.ForkJoinPool.unmanagedBlock(ForkJoinPool.java:3780)
        at java.base@21.0.8/java.util.concurrent.ForkJoinPool.managedBlock(ForkJoinPool.java:3725)
        at java.base@21.0.8/java.util.concurrent.locks.AbstractQueuedSynchronizer$ConditionObject.await(AbstractQueuedSynchronizer.java:1712)
        at java.base@21.0.8/java.util.concurrent.ScheduledThreadPoolExecutor$DelayedWorkQueue.take(ScheduledThreadPoolExecutor.java:1177)
        at java.base@21.0.8/java.util.concurrent.ScheduledThreadPoolExecutor$DelayedWorkQueue.take(ScheduledThreadPoolExecutor.java:899)
        at java.base@21.0.8/java.util.concurrent.ThreadPoolExecutor.getTask(ThreadPoolExecutor.java:1070)
        at java.base@21.0.8/java.util.concurrent.ThreadPoolExecutor.runWorker(ThreadPoolExecutor.java:1130)
        at java.base@21.0.8/java.util.concurrent.ThreadPoolExecutor$Worker.run(ThreadPoolExecutor.java:642)
        at java.base@21.0.8/java.lang.Thread.runWith(Thread.java:1596)
        at java.base@21.0.8/java.lang.Thread.run(Thread.java:1583)
"0ed0910f-4ac9-4f62-be34-d90c51a3e6c9@group-9A86F6A96A63-StateMachineUpdater" daemon prio=5 tid=1091 timed_waiting
java.lang.Thread.State: TIMED_WAITING
        at java.base@21.0.8/jdk.internal.misc.Unsafe.park(Native Method)
        at java.base@21.0.8/java.util.concurrent.locks.LockSupport.parkNanos(LockSupport.java:269)
        at java.base@21.0.8/java.util.concurrent.locks.AbstractQueuedSynchronizer$ConditionObject.await(AbstractQueuedSynchronizer.java:1852)
        at app//org.apache.ratis.util.AwaitForSignal.await(AwaitForSignal.java:65)
        at app//org.apache.ratis.server.impl.StateMachineUpdater.waitForCommit(StateMachineUpdater.java:222)
        at app//org.apache.ratis.server.impl.StateMachineUpdater.run(StateMachineUpdater.java:187)
        at java.base@21.0.8/java.lang.Thread.runWith(Thread.java:1596)
        at java.base@21.0.8/java.lang.Thread.run(Thread.java:1583)
"qtp391903823-548" daemon prio=5 tid=548 runnable
java.lang.Thread.State: RUNNABLE
        at java.base@21.0.8/sun.nio.ch.EPoll.wait(Native Method)
        at java.base@21.0.8/sun.nio.ch.EPollSelectorImpl.doSelect(EPollSelectorImpl.java:121)
        at java.base@21.0.8/sun.nio.ch.SelectorImpl.lockAndDoSelect(SelectorImpl.java:130)
        at java.base@21.0.8/sun.nio.ch.SelectorImpl.select(SelectorImpl.java:147)
        at app//org.eclipse.jetty.io.ManagedSelector.nioSelect(ManagedSelector.java:183)
        at app//org.eclipse.jetty.io.ManagedSelector.select(ManagedSelector.java:190)
        at app//org.eclipse.jetty.io.ManagedSelector$SelectorProducer.select(ManagedSelector.java:606)
        at app//org.eclipse.jetty.io.ManagedSelector$SelectorProducer.produce(ManagedSelector.java:543)
        at app//org.eclipse.jetty.util.thread.strategy.EatWhatYouKill.produceTask(EatWhatYouKill.java:362)
        at app//org.eclipse.jetty.util.thread.strategy.EatWhatYouKill.doProduce(EatWhatYouKill.java:186)
        at app//org.eclipse.jetty.util.thread.strategy.EatWhatYouKill.tryProduce(EatWhatYouKill.java:173)
        at app//org.eclipse.jetty.util.thread.strategy.EatWhatYouKill.run(EatWhatYouKill.java:131)
        at app//org.eclipse.jetty.util.thread.ReservedThreadExecutor$ReservedThread.run(ReservedThreadExecutor.java:409)
        at app//org.eclipse.jetty.util.thread.QueuedThreadPool.runJob(QueuedThreadPool.java:883)
        at app//org.eclipse.jetty.util.thread.QueuedThreadPool$Runner.run(QueuedThreadPool.java:1034)
        at java.base@21.0.8/java.lang.Thread.runWith(Thread.java:1596)
        at java.base@21.0.8/java.lang.Thread.run(Thread.java:1583)
"42a5f925-1bc2-4f8a-8509-c5ae65e6fcde-DatanodeStateMachineDaemonThread" daemon prio=10 tid=705 timed_waiting
java.lang.Thread.State: TIMED_WAITING
        at java.base@21.0.8/java.lang.Thread.sleep0(Native Method)
        at java.base@21.0.8/java.lang.Thread.sleep(Thread.java:509)
        at app//org.apache.hadoop.ozone.container.common.statemachine.DatanodeStateMachine.startStateMachineThread(DatanodeStateMachine.java:368)
        at app//org.apache.hadoop.ozone.container.common.statemachine.DatanodeStateMachine.lambda$startDaemon$1(DatanodeStateMachine.java:554)
        at app//org.apache.hadoop.ozone.container.common.statemachine.DatanodeStateMachine$$Lambda/0x00007f18e8c9b698.run(Unknown Source)
        at java.base@21.0.8/java.lang.Thread.runWith(Thread.java:1596)
        at java.base@21.0.8/java.lang.Thread.run(Thread.java:1583)
"pool-65-thread-1"  prio=5 tid=1365 timed_waiting
java.lang.Thread.State: TIMED_WAITING
        at java.base@21.0.8/jdk.internal.misc.Unsafe.park(Native Method)
        at java.base@21.0.8/java.util.concurrent.locks.LockSupport.parkNanos(LockSupport.java:269)
        at java.base@21.0.8/java.util.concurrent.locks.AbstractQueuedSynchronizer$ConditionObject.awaitNanos(AbstractQueuedSynchronizer.java:1763)
        at java.base@21.0.8/java.util.concurrent.LinkedBlockingDeque.pollFirst(LinkedBlockingDeque.java:515)
        at java.base@21.0.8/java.util.concurrent.LinkedBlockingDeque.poll(LinkedBlockingDeque.java:677)
        at java.base@21.0.8/java.util.concurrent.ThreadPoolExecutor.getTask(ThreadPoolExecutor.java:1069)
        at java.base@21.0.8/java.util.concurrent.ThreadPoolExecutor.runWorker(ThreadPoolExecutor.java:1130)
        at java.base@21.0.8/java.util.concurrent.ThreadPoolExecutor$Worker.run(ThreadPoolExecutor.java:642)
        at java.base@21.0.8/java.lang.Thread.runWith(Thread.java:1596)
        at java.base@21.0.8/java.lang.Thread.run(Thread.java:1583)
"IPC Server handler 56 on default port 15004" daemon prio=5 tid=395 timed_waiting
java.lang.Thread.State: TIMED_WAITING
        at java.base@21.0.8/jdk.internal.misc.Unsafe.park(Native Method)
        at java.base@21.0.8/java.util.concurrent.locks.LockSupport.parkNanos(LockSupport.java:269)
        at java.base@21.0.8/java.util.concurrent.locks.AbstractQueuedSynchronizer$ConditionObject.awaitNanos(AbstractQueuedSynchronizer.java:1763)
        at java.base@21.0.8/java.util.concurrent.LinkedBlockingQueue.poll(LinkedBlockingQueue.java:460)
        at app//org.apache.hadoop.ipc.CallQueueManager.take(CallQueueManager.java:370)
        at app//org.apache.hadoop.ipc.Server$Handler.run(Server.java:3165)
"SSL Certificates Store Monitor" daemon prio=5 tid=1373 in Object.wait()
java.lang.Thread.State: WAITING (on object monitor)
        at java.base@21.0.8/java.lang.Object.wait0(Native Method)
        at java.base@21.0.8/java.lang.Object.wait(Object.java:366)
        at java.base@21.0.8/java.lang.Object.wait(Object.java:339)
        at java.base@21.0.8/java.util.TimerThread.mainLoop(Timer.java:537)
        at java.base@21.0.8/java.util.TimerThread.run(Timer.java:516)
"IPC Server handler 49 on default port 15002" daemon prio=5 tid=170 timed_waiting
java.lang.Thread.State: TIMED_WAITING
        at java.base@21.0.8/jdk.internal.misc.Unsafe.park(Native Method)
        at java.base@21.0.8/java.util.concurrent.locks.LockSupport.parkNanos(LockSupport.java:269)
        at java.base@21.0.8/java.util.concurrent.locks.AbstractQueuedSynchronizer$ConditionObject.awaitNanos(AbstractQueuedSynchronizer.java:1763)
        at java.base@21.0.8/java.util.concurrent.LinkedBlockingQueue.poll(LinkedBlockingQueue.java:460)
        at app//org.apache.hadoop.ipc.CallQueueManager.take(CallQueueManager.java:370)
        at app//org.apache.hadoop.ipc.Server$Handler.run(Server.java:3165)
"qtp1760296638-818" daemon prio=5 tid=818 runnable
java.lang.Thread.State: RUNNABLE
        at java.base@21.0.8/sun.nio.ch.EPoll.wait(Native Method)
        at java.base@21.0.8/sun.nio.ch.EPollSelectorImpl.doSelect(EPollSelectorImpl.java:121)
        at java.base@21.0.8/sun.nio.ch.SelectorImpl.lockAndDoSelect(SelectorImpl.java:130)
        at java.base@21.0.8/sun.nio.ch.SelectorImpl.select(SelectorImpl.java:147)
        at app//org.eclipse.jetty.io.ManagedSelector.nioSelect(ManagedSelector.java:183)
        at app//org.eclipse.jetty.io.ManagedSelector.select(ManagedSelector.java:190)
        at app//org.eclipse.jetty.io.ManagedSelector$SelectorProducer.select(ManagedSelector.java:606)
        at app//org.eclipse.jetty.io.ManagedSelector$SelectorProducer.produce(ManagedSelector.java:543)
        at app//org.eclipse.jetty.util.thread.strategy.EatWhatYouKill.produceTask(EatWhatYouKill.java:362)
        at app//org.eclipse.jetty.util.thread.strategy.EatWhatYouKill.doProduce(EatWhatYouKill.java:186)
        at app//org.eclipse.jetty.util.thread.strategy.EatWhatYouKill.tryProduce(EatWhatYouKill.java:173)
        at app//org.eclipse.jetty.util.thread.strategy.EatWhatYouKill.produce(EatWhatYouKill.java:137)
        at app//org.eclipse.jetty.io.ManagedSelector$$Lambda/0x00007f18e86c6408.run(Unknown Source)
        at app//org.eclipse.jetty.util.thread.QueuedThreadPool.runJob(QueuedThreadPool.java:883)
        at app//org.eclipse.jetty.util.thread.QueuedThreadPool$Runner.run(QueuedThreadPool.java:1034)
        at java.base@21.0.8/java.lang.Thread.runWith(Thread.java:1596)
        at java.base@21.0.8/java.lang.Thread.run(Thread.java:1583)
"UnderReplicatedProcessor" daemon prio=5 tid=59 timed_waiting
java.lang.Thread.State: TIMED_WAITING
        at java.base@21.0.8/java.lang.Object.wait0(Native Method)
        at java.base@21.0.8/java.lang.Object.wait(Object.java:366)
        at app//org.apache.hadoop.hdds.scm.container.replication.UnhealthyReplicationProcessor.run(UnhealthyReplicationProcessor.java:172)
        at java.base@21.0.8/java.lang.Thread.runWith(Thread.java:1596)
        at java.base@21.0.8/java.lang.Thread.run(Thread.java:1583)
"IPC Server handler 29 on default port 15002" daemon prio=5 tid=150 timed_waiting
java.lang.Thread.State: TIMED_WAITING
        at java.base@21.0.8/jdk.internal.misc.Unsafe.park(Native Method)
        at java.base@21.0.8/java.util.concurrent.locks.LockSupport.parkNanos(LockSupport.java:269)
        at java.base@21.0.8/java.util.concurrent.locks.AbstractQueuedSynchronizer$ConditionObject.awaitNanos(AbstractQueuedSynchronizer.java:1763)
        at java.base@21.0.8/java.util.concurrent.LinkedBlockingQueue.poll(LinkedBlockingQueue.java:460)
        at app//org.apache.hadoop.ipc.CallQueueManager.take(CallQueueManager.java:370)
        at app//org.apache.hadoop.ipc.Server$Handler.run(Server.java:3165)
"IPC Server handler 43 on default port 15001" daemon prio=5 tid=601 timed_waiting
java.lang.Thread.State: TIMED_WAITING
        at java.base@21.0.8/jdk.internal.misc.Unsafe.park(Native Method)
        at java.base@21.0.8/java.util.concurrent.locks.LockSupport.parkNanos(LockSupport.java:269)
        at java.base@21.0.8/java.util.concurrent.locks.AbstractQueuedSynchronizer$ConditionObject.awaitNanos(AbstractQueuedSynchronizer.java:1763)
        at java.base@21.0.8/java.util.concurrent.LinkedBlockingQueue.poll(LinkedBlockingQueue.java:460)
        at app//org.apache.hadoop.ipc.CallQueueManager.take(CallQueueManager.java:370)
        at app//org.apache.hadoop.ipc.Server$Handler.run(Server.java:3165)
"42a5f925-1bc2-4f8a-8509-c5ae65e6fcde-impl-thread1" daemon prio=5 tid=669 timed_waiting
java.lang.Thread.State: TIMED_WAITING
        at java.base@21.0.8/jdk.internal.misc.Unsafe.park(Native Method)
        at java.base@21.0.8/java.util.concurrent.locks.LockSupport.parkNanos(LockSupport.java:410)
        at java.base@21.0.8/java.util.concurrent.LinkedTransferQueue$DualNode.await(LinkedTransferQueue.java:452)
        at java.base@21.0.8/java.util.concurrent.SynchronousQueue$Transferer.xferLifo(SynchronousQueue.java:194)
        at java.base@21.0.8/java.util.concurrent.SynchronousQueue.xfer(SynchronousQueue.java:235)
        at java.base@21.0.8/java.util.concurrent.SynchronousQueue.poll(SynchronousQueue.java:338)
        at java.base@21.0.8/java.util.concurrent.ThreadPoolExecutor.getTask(ThreadPoolExecutor.java:1069)
        at java.base@21.0.8/java.util.concurrent.ThreadPoolExecutor.runWorker(ThreadPoolExecutor.java:1130)
        at java.base@21.0.8/java.util.concurrent.ThreadPoolExecutor$Worker.run(ThreadPoolExecutor.java:642)
        at java.base@21.0.8/java.lang.Thread.runWith(Thread.java:1596)
        at java.base@21.0.8/java.lang.Thread.run(Thread.java:1583)
"346684e1-b57f-4c29-9507-935dad45bd68-ChunkWriter-1-0" daemon prio=5 tid=994 in Object.wait()
java.lang.Thread.State: WAITING (on object monitor)
        at java.base@21.0.8/jdk.internal.misc.Unsafe.park(Native Method)
        at java.base@21.0.8/java.util.concurrent.locks.LockSupport.park(LockSupport.java:371)
        at java.base@21.0.8/java.util.concurrent.locks.AbstractQueuedSynchronizer$ConditionNode.block(AbstractQueuedSynchronizer.java:519)
        at java.base@21.0.8/java.util.concurrent.ForkJoinPool.unmanagedBlock(ForkJoinPool.java:3780)
        at java.base@21.0.8/java.util.concurrent.ForkJoinPool.managedBlock(ForkJoinPool.java:3725)
        at java.base@21.0.8/java.util.concurrent.locks.AbstractQueuedSynchronizer$ConditionObject.await(AbstractQueuedSynchronizer.java:1712)
        at java.base@21.0.8/java.util.concurrent.LinkedBlockingDeque.takeFirst(LinkedBlockingDeque.java:485)
        at java.base@21.0.8/java.util.concurrent.LinkedBlockingDeque.take(LinkedBlockingDeque.java:673)
        at java.base@21.0.8/java.util.concurrent.ThreadPoolExecutor.getTask(ThreadPoolExecutor.java:1070)
        at java.base@21.0.8/java.util.concurrent.ThreadPoolExecutor.runWorker(ThreadPoolExecutor.java:1130)
        at java.base@21.0.8/java.util.concurrent.ThreadPoolExecutor$Worker.run(ThreadPoolExecutor.java:642)
        at java.base@21.0.8/java.lang.Thread.runWith(Thread.java:1596)
        at java.base@21.0.8/java.lang.Thread.run(Thread.java:1583)
"ContainerSizeCountTask" daemon prio=5 tid=658 timed_waiting
java.lang.Thread.State: TIMED_WAITING
        at java.base@21.0.8/java.lang.Object.wait0(Native Method)
        at java.base@21.0.8/java.lang.Object.wait(Object.java:366)
        at app//org.apache.hadoop.ozone.recon.tasks.ContainerSizeCountTask.run(ContainerSizeCountTask.java:87)
        at app//org.apache.hadoop.ozone.recon.scm.ReconScmTask$$Lambda/0x00007f18e8c38f80.run(Unknown Source)
        at java.base@21.0.8/java.lang.Thread.runWith(Thread.java:1596)
        at java.base@21.0.8/java.lang.Thread.run(Thread.java:1583)
"346684e1-b57f-4c29-9507-935dad45bd68-DatanodeReportManager-1" daemon prio=5 tid=895 in Object.wait()
java.lang.Thread.State: WAITING (on object monitor)
        at java.base@21.0.8/jdk.internal.misc.Unsafe.park(Native Method)
        at java.base@21.0.8/java.util.concurrent.locks.LockSupport.park(LockSupport.java:371)
        at java.base@21.0.8/java.util.concurrent.locks.AbstractQueuedSynchronizer$ConditionNode.block(AbstractQueuedSynchronizer.java:519)
        at java.base@21.0.8/java.util.concurrent.ForkJoinPool.unmanagedBlock(ForkJoinPool.java:3780)
        at java.base@21.0.8/java.util.concurrent.ForkJoinPool.managedBlock(ForkJoinPool.java:3725)
        at java.base@21.0.8/java.util.concurrent.locks.AbstractQueuedSynchronizer$ConditionObject.await(AbstractQueuedSynchronizer.java:1712)
        at java.base@21.0.8/java.util.concurrent.ScheduledThreadPoolExecutor$DelayedWorkQueue.take(ScheduledThreadPoolExecutor.java:1177)
        at java.base@21.0.8/java.util.concurrent.ScheduledThreadPoolExecutor$DelayedWorkQueue.take(ScheduledThreadPoolExecutor.java:899)
        at java.base@21.0.8/java.util.concurrent.ThreadPoolExecutor.getTask(ThreadPoolExecutor.java:1070)
        at java.base@21.0.8/java.util.concurrent.ThreadPoolExecutor.runWorker(ThreadPoolExecutor.java:1130)
        at java.base@21.0.8/java.util.concurrent.ThreadPoolExecutor$Worker.run(ThreadPoolExecutor.java:642)
        at java.base@21.0.8/java.lang.Thread.runWith(Thread.java:1596)
        at java.base@21.0.8/java.lang.Thread.run(Thread.java:1583)
"Socket Reader #10 for port 15004" daemon prio=5 tid=72 runnable
java.lang.Thread.State: RUNNABLE
        at java.base@21.0.8/sun.nio.ch.EPoll.wait(Native Method)
        at java.base@21.0.8/sun.nio.ch.EPollSelectorImpl.doSelect(EPollSelectorImpl.java:121)
        at java.base@21.0.8/sun.nio.ch.SelectorImpl.lockAndDoSelect(SelectorImpl.java:130)
        at java.base@21.0.8/sun.nio.ch.SelectorImpl.select(SelectorImpl.java:147)
        at app//org.apache.hadoop.ipc.Server$Listener$Reader.doRunLoop(Server.java:1497)
        at app//org.apache.hadoop.ipc.Server$Listener$Reader.run(Server.java:1476)
"d5ad88c2-6e7a-4660-bab6-a4e8807a575e-EndpointStateMachineTaskThread-/127.0.0.1:15001-0 "  prio=5 tid=848 in Object.wait()
java.lang.Thread.State: WAITING (on object monitor)
        at java.base@21.0.8/jdk.internal.misc.Unsafe.park(Native Method)
        at java.base@21.0.8/java.util.concurrent.locks.LockSupport.park(LockSupport.java:371)
        at java.base@21.0.8/java.util.concurrent.locks.AbstractQueuedSynchronizer$ConditionNode.block(AbstractQueuedSynchronizer.java:519)
        at java.base@21.0.8/java.util.concurrent.ForkJoinPool.unmanagedBlock(ForkJoinPool.java:3780)
        at java.base@21.0.8/java.util.concurrent.ForkJoinPool.managedBlock(ForkJoinPool.java:3725)
        at java.base@21.0.8/java.util.concurrent.locks.AbstractQueuedSynchronizer$ConditionObject.await(AbstractQueuedSynchronizer.java:1712)
        at java.base@21.0.8/java.util.concurrent.LinkedBlockingQueue.take(LinkedBlockingQueue.java:435)
        at java.base@21.0.8/java.util.concurrent.ThreadPoolExecutor.getTask(ThreadPoolExecutor.java:1070)
        at java.base@21.0.8/java.util.concurrent.ThreadPoolExecutor.runWorker(ThreadPoolExecutor.java:1130)
        at java.base@21.0.8/java.util.concurrent.ThreadPoolExecutor$Worker.run(ThreadPoolExecutor.java:642)
        at java.base@21.0.8/java.lang.Thread.runWith(Thread.java:1596)
        at java.base@21.0.8/java.lang.Thread.run(Thread.java:1583)
"IPC Server handler 86 on default port 15004" daemon prio=5 tid=425 timed_waiting
java.lang.Thread.State: TIMED_WAITING
        at java.base@21.0.8/jdk.internal.misc.Unsafe.park(Native Method)
        at java.base@21.0.8/java.util.concurrent.locks.LockSupport.parkNanos(LockSupport.java:269)
        at java.base@21.0.8/java.util.concurrent.locks.AbstractQueuedSynchronizer$ConditionObject.awaitNanos(AbstractQueuedSynchronizer.java:1763)
        at java.base@21.0.8/java.util.concurrent.LinkedBlockingQueue.poll(LinkedBlockingQueue.java:460)
        at app//org.apache.hadoop.ipc.CallQueueManager.take(CallQueueManager.java:370)
        at app//org.apache.hadoop.ipc.Server$Handler.run(Server.java:3165)
"Socket Reader #5 for port 15001" daemon prio=5 tid=525 runnable
java.lang.Thread.State: RUNNABLE
        at java.base@21.0.8/sun.nio.ch.EPoll.wait(Native Method)
        at java.base@21.0.8/sun.nio.ch.EPollSelectorImpl.doSelect(EPollSelectorImpl.java:121)
        at java.base@21.0.8/sun.nio.ch.SelectorImpl.lockAndDoSelect(SelectorImpl.java:130)
        at java.base@21.0.8/sun.nio.ch.SelectorImpl.select(SelectorImpl.java:147)
        at app//org.apache.hadoop.ipc.Server$Listener$Reader.doRunLoop(Server.java:1497)
        at app//org.apache.hadoop.ipc.Server$Listener$Reader.run(Server.java:1476)
"IPC Server handler 68 on default port 15002" daemon prio=5 tid=189 timed_waiting
java.lang.Thread.State: TIMED_WAITING
        at java.base@21.0.8/jdk.internal.misc.Unsafe.park(Native Method)
        at java.base@21.0.8/java.util.concurrent.locks.LockSupport.parkNanos(LockSupport.java:269)
        at java.base@21.0.8/java.util.concurrent.locks.AbstractQueuedSynchronizer$ConditionObject.awaitNanos(AbstractQueuedSynchronizer.java:1763)
        at java.base@21.0.8/java.util.concurrent.LinkedBlockingQueue.poll(LinkedBlockingQueue.java:460)
        at app//org.apache.hadoop.ipc.CallQueueManager.take(CallQueueManager.java:370)
        at app//org.apache.hadoop.ipc.Server$Handler.run(Server.java:3165)
"IPC Server handler 13 on default port 15001" daemon prio=5 tid=571 timed_waiting
java.lang.Thread.State: TIMED_WAITING
        at java.base@21.0.8/jdk.internal.misc.Unsafe.park(Native Method)
        at java.base@21.0.8/java.util.concurrent.locks.LockSupport.parkNanos(LockSupport.java:269)
        at java.base@21.0.8/java.util.concurrent.locks.AbstractQueuedSynchronizer$ConditionObject.awaitNanos(AbstractQueuedSynchronizer.java:1763)
        at java.base@21.0.8/java.util.concurrent.LinkedBlockingQueue.poll(LinkedBlockingQueue.java:460)
        at app//org.apache.hadoop.ipc.CallQueueManager.take(CallQueueManager.java:370)
        at app//org.apache.hadoop.ipc.Server$Handler.run(Server.java:3165)
"IPC Server handler 4 on default port 15008" daemon prio=5 tid=496 timed_waiting
java.lang.Thread.State: TIMED_WAITING
        at java.base@21.0.8/jdk.internal.misc.Unsafe.park(Native Method)
        at java.base@21.0.8/java.util.concurrent.locks.LockSupport.parkNanos(LockSupport.java:269)
        at java.base@21.0.8/java.util.concurrent.locks.AbstractQueuedSynchronizer$ConditionObject.awaitNanos(AbstractQueuedSynchronizer.java:1763)
        at java.base@21.0.8/java.util.concurrent.LinkedBlockingQueue.poll(LinkedBlockingQueue.java:460)
        at app//org.apache.hadoop.ipc.CallQueueManager.take(CallQueueManager.java:370)
        at app//org.apache.hadoop.ipc.Server$Handler.run(Server.java:3165)
"IPC Server idle connection scanner for port 15045" daemon prio=5 tid=959 timed_waiting
java.lang.Thread.State: TIMED_WAITING
        at java.base@21.0.8/java.lang.Object.wait0(Native Method)
        at java.base@21.0.8/java.lang.Object.wait(Object.java:366)
        at java.base@21.0.8/java.util.TimerThread.mainLoop(Timer.java:563)
        at java.base@21.0.8/java.util.TimerThread.run(Timer.java:516)
"IPC Server handler 84 on default port 15004" daemon prio=5 tid=423 timed_waiting
java.lang.Thread.State: TIMED_WAITING
        at java.base@21.0.8/jdk.internal.misc.Unsafe.park(Native Method)
        at java.base@21.0.8/java.util.concurrent.locks.LockSupport.parkNanos(LockSupport.java:269)
        at java.base@21.0.8/java.util.concurrent.locks.AbstractQueuedSynchronizer$ConditionObject.awaitNanos(AbstractQueuedSynchronizer.java:1763)
        at java.base@21.0.8/java.util.concurrent.LinkedBlockingQueue.poll(LinkedBlockingQueue.java:460)
        at app//org.apache.hadoop.ipc.CallQueueManager.take(CallQueueManager.java:370)
        at app//org.apache.hadoop.ipc.Server$Handler.run(Server.java:3165)
"IPC Server handler 5 on default port 15013" daemon prio=5 tid=700 timed_waiting
java.lang.Thread.State: TIMED_WAITING
        at java.base@21.0.8/jdk.internal.misc.Unsafe.park(Native Method)
        at java.base@21.0.8/java.util.concurrent.locks.LockSupport.parkNanos(LockSupport.java:269)
        at java.base@21.0.8/java.util.concurrent.locks.AbstractQueuedSynchronizer$ConditionObject.awaitNanos(AbstractQueuedSynchronizer.java:1763)
        at java.base@21.0.8/java.util.concurrent.LinkedBlockingQueue.poll(LinkedBlockingQueue.java:460)
        at app//org.apache.hadoop.ipc.CallQueueManager.take(CallQueueManager.java:370)
        at app//org.apache.hadoop.ipc.Server$Handler.run(Server.java:3165)
"om1-KeyDeletingService#1" daemon prio=5 tid=474 in Object.wait()
java.lang.Thread.State: WAITING (on object monitor)
        at java.base@21.0.8/jdk.internal.misc.Unsafe.park(Native Method)
        at java.base@21.0.8/java.util.concurrent.locks.LockSupport.park(LockSupport.java:371)
        at java.base@21.0.8/java.util.concurrent.locks.AbstractQueuedSynchronizer$ConditionNode.block(AbstractQueuedSynchronizer.java:519)
        at java.base@21.0.8/java.util.concurrent.ForkJoinPool.unmanagedBlock(ForkJoinPool.java:3780)
        at java.base@21.0.8/java.util.concurrent.ForkJoinPool.managedBlock(ForkJoinPool.java:3725)
        at java.base@21.0.8/java.util.concurrent.locks.AbstractQueuedSynchronizer$ConditionObject.await(AbstractQueuedSynchronizer.java:1712)
        at java.base@21.0.8/java.util.concurrent.ScheduledThreadPoolExecutor$DelayedWorkQueue.take(ScheduledThreadPoolExecutor.java:1177)
        at java.base@21.0.8/java.util.concurrent.ScheduledThreadPoolExecutor$DelayedWorkQueue.take(ScheduledThreadPoolExecutor.java:899)
        at java.base@21.0.8/java.util.concurrent.ThreadPoolExecutor.getTask(ThreadPoolExecutor.java:1070)
        at java.base@21.0.8/java.util.concurrent.ThreadPoolExecutor.runWorker(ThreadPoolExecutor.java:1130)
        at java.base@21.0.8/java.util.concurrent.ThreadPoolExecutor$Worker.run(ThreadPoolExecutor.java:642)
        at java.base@21.0.8/java.lang.Thread.runWith(Thread.java:1596)
        at java.base@21.0.8/java.lang.Thread.run(Thread.java:1583)
"process reaper" daemon prio=10 tid=29 timed_waiting
java.lang.Thread.State: TIMED_WAITING
        at java.base@21.0.8/jdk.internal.misc.Unsafe.park(Native Method)
        at java.base@21.0.8/java.util.concurrent.locks.LockSupport.parkNanos(LockSupport.java:410)
        at java.base@21.0.8/java.util.concurrent.LinkedTransferQueue$DualNode.await(LinkedTransferQueue.java:452)
        at java.base@21.0.8/java.util.concurrent.SynchronousQueue$Transferer.xferLifo(SynchronousQueue.java:194)
        at java.base@21.0.8/java.util.concurrent.SynchronousQueue.xfer(SynchronousQueue.java:235)
        at java.base@21.0.8/java.util.concurrent.SynchronousQueue.poll(SynchronousQueue.java:338)
        at java.base@21.0.8/java.util.concurrent.ThreadPoolExecutor.getTask(ThreadPoolExecutor.java:1069)
        at java.base@21.0.8/java.util.concurrent.ThreadPoolExecutor.runWorker(ThreadPoolExecutor.java:1130)
        at java.base@21.0.8/java.util.concurrent.ThreadPoolExecutor$Worker.run(ThreadPoolExecutor.java:642)
        at java.base@21.0.8/java.lang.Thread.runWith(Thread.java:1596)
        at java.base@21.0.8/java.lang.Thread.run(Thread.java:1583)
        at java.base@21.0.8/jdk.internal.misc.InnocuousThread.run(InnocuousThread.java:186)
"IPC Server handler 65 on default port 15002" daemon prio=5 tid=186 timed_waiting
java.lang.Thread.State: TIMED_WAITING
        at java.base@21.0.8/jdk.internal.misc.Unsafe.park(Native Method)
        at java.base@21.0.8/java.util.concurrent.locks.LockSupport.parkNanos(LockSupport.java:269)
        at java.base@21.0.8/java.util.concurrent.locks.AbstractQueuedSynchronizer$ConditionObject.awaitNanos(AbstractQueuedSynchronizer.java:1763)
        at java.base@21.0.8/java.util.concurrent.LinkedBlockingQueue.poll(LinkedBlockingQueue.java:460)
        at app//org.apache.hadoop.ipc.CallQueueManager.take(CallQueueManager.java:370)
        at app//org.apache.hadoop.ipc.Server$Handler.run(Server.java:3165)
"IPC Server handler 96 on default port 15001" daemon prio=5 tid=654 timed_waiting
java.lang.Thread.State: TIMED_WAITING
        at java.base@21.0.8/jdk.internal.misc.Unsafe.park(Native Method)
        at java.base@21.0.8/java.util.concurrent.locks.LockSupport.parkNanos(LockSupport.java:269)
        at java.base@21.0.8/java.util.concurrent.locks.AbstractQueuedSynchronizer$ConditionObject.awaitNanos(AbstractQueuedSynchronizer.java:1763)
        at java.base@21.0.8/java.util.concurrent.LinkedBlockingQueue.poll(LinkedBlockingQueue.java:460)
        at app//org.apache.hadoop.ipc.CallQueueManager.take(CallQueueManager.java:370)
        at app//org.apache.hadoop.ipc.Server$Handler.run(Server.java:3165)
"EventQueue-DatanodeCommandQueueUpdatedForDatanodeCommandCountUpdatedHandler" daemon prio=5 tid=1004 in Object.wait()
java.lang.Thread.State: WAITING (on object monitor)
        at java.base@21.0.8/jdk.internal.misc.Unsafe.park(Native Method)
        at java.base@21.0.8/java.util.concurrent.locks.LockSupport.park(LockSupport.java:371)
        at java.base@21.0.8/java.util.concurrent.locks.AbstractQueuedSynchronizer$ConditionNode.block(AbstractQueuedSynchronizer.java:519)
        at java.base@21.0.8/java.util.concurrent.ForkJoinPool.unmanagedBlock(ForkJoinPool.java:3780)
        at java.base@21.0.8/java.util.concurrent.ForkJoinPool.managedBlock(ForkJoinPool.java:3725)
        at java.base@21.0.8/java.util.concurrent.locks.AbstractQueuedSynchronizer$ConditionObject.await(AbstractQueuedSynchronizer.java:1712)
        at java.base@21.0.8/java.util.concurrent.LinkedBlockingQueue.take(LinkedBlockingQueue.java:435)
        at java.base@21.0.8/java.util.concurrent.ThreadPoolExecutor.getTask(ThreadPoolExecutor.java:1070)
        at java.base@21.0.8/java.util.concurrent.ThreadPoolExecutor.runWorker(ThreadPoolExecutor.java:1130)
        at java.base@21.0.8/java.util.concurrent.ThreadPoolExecutor$Worker.run(ThreadPoolExecutor.java:642)
        at java.base@21.0.8/java.lang.Thread.runWith(Thread.java:1596)
        at java.base@21.0.8/java.lang.Thread.run(Thread.java:1583)
"IPC Server handler 33 on default port 15004" daemon prio=5 tid=372 timed_waiting
java.lang.Thread.State: TIMED_WAITING
        at java.base@21.0.8/jdk.internal.misc.Unsafe.park(Native Method)
        at java.base@21.0.8/java.util.concurrent.locks.LockSupport.parkNanos(LockSupport.java:269)
        at java.base@21.0.8/java.util.concurrent.locks.AbstractQueuedSynchronizer$ConditionObject.awaitNanos(AbstractQueuedSynchronizer.java:1763)
        at java.base@21.0.8/java.util.concurrent.LinkedBlockingQueue.poll(LinkedBlockingQueue.java:460)
        at app//org.apache.hadoop.ipc.CallQueueManager.take(CallQueueManager.java:370)
        at app//org.apache.hadoop.ipc.Server$Handler.run(Server.java:3165)
"IPC Server handler 42 on default port 15002" daemon prio=5 tid=163 timed_waiting
java.lang.Thread.State: TIMED_WAITING
        at java.base@21.0.8/jdk.internal.misc.Unsafe.park(Native Method)
        at java.base@21.0.8/java.util.concurrent.locks.LockSupport.parkNanos(LockSupport.java:269)
        at java.base@21.0.8/java.util.concurrent.locks.AbstractQueuedSynchronizer$ConditionObject.awaitNanos(AbstractQueuedSynchronizer.java:1763)
        at java.base@21.0.8/java.util.concurrent.LinkedBlockingQueue.poll(LinkedBlockingQueue.java:460)
        at app//org.apache.hadoop.ipc.CallQueueManager.take(CallQueueManager.java:370)
        at app//org.apache.hadoop.ipc.Server$Handler.run(Server.java:3165)
"Socket Reader #10 for port 15008" daemon prio=5 tid=459 runnable
java.lang.Thread.State: RUNNABLE
        at java.base@21.0.8/sun.nio.ch.EPoll.wait(Native Method)
        at java.base@21.0.8/sun.nio.ch.EPollSelectorImpl.doSelect(EPollSelectorImpl.java:121)
        at java.base@21.0.8/sun.nio.ch.SelectorImpl.lockAndDoSelect(SelectorImpl.java:130)
        at java.base@21.0.8/sun.nio.ch.SelectorImpl.select(SelectorImpl.java:147)
        at app//org.apache.hadoop.ipc.Server$Listener$Reader.doRunLoop(Server.java:1497)
        at app//org.apache.hadoop.ipc.Server$Listener$Reader.run(Server.java:1476)
"Socket Reader #4 for port 15004" daemon prio=5 tid=66 runnable
java.lang.Thread.State: RUNNABLE
        at java.base@21.0.8/sun.nio.ch.EPoll.wait(Native Method)
        at java.base@21.0.8/sun.nio.ch.EPollSelectorImpl.doSelect(EPollSelectorImpl.java:121)
        at java.base@21.0.8/sun.nio.ch.SelectorImpl.lockAndDoSelect(SelectorImpl.java:130)
        at java.base@21.0.8/sun.nio.ch.SelectorImpl.select(SelectorImpl.java:147)
        at app//org.apache.hadoop.ipc.Server$Listener$Reader.doRunLoop(Server.java:1497)
        at app//org.apache.hadoop.ipc.Server$Listener$Reader.run(Server.java:1476)
"IPC Server handler 42 on default port 15004" daemon prio=5 tid=381 timed_waiting
java.lang.Thread.State: TIMED_WAITING
        at java.base@21.0.8/jdk.internal.misc.Unsafe.park(Native Method)
        at java.base@21.0.8/java.util.concurrent.locks.LockSupport.parkNanos(LockSupport.java:269)
        at java.base@21.0.8/java.util.concurrent.locks.AbstractQueuedSynchronizer$ConditionObject.awaitNanos(AbstractQueuedSynchronizer.java:1763)
        at java.base@21.0.8/java.util.concurrent.LinkedBlockingQueue.poll(LinkedBlockingQueue.java:460)
        at app//org.apache.hadoop.ipc.CallQueueManager.take(CallQueueManager.java:370)
        at app//org.apache.hadoop.ipc.Server$Handler.run(Server.java:3165)
"IPC Server handler 15 on default port 15008" daemon prio=5 tid=507 timed_waiting
java.lang.Thread.State: TIMED_WAITING
        at java.base@21.0.8/jdk.internal.misc.Unsafe.park(Native Method)
        at java.base@21.0.8/java.util.concurrent.locks.LockSupport.parkNanos(LockSupport.java:269)
        at java.base@21.0.8/java.util.concurrent.locks.AbstractQueuedSynchronizer$ConditionObject.awaitNanos(AbstractQueuedSynchronizer.java:1763)
        at java.base@21.0.8/java.util.concurrent.LinkedBlockingQueue.poll(LinkedBlockingQueue.java:460)
        at app//org.apache.hadoop.ipc.CallQueueManager.take(CallQueueManager.java:370)
        at app//org.apache.hadoop.ipc.Server$Handler.run(Server.java:3165)
"IPC Server handler 67 on default port 15001" daemon prio=5 tid=625 timed_waiting
java.lang.Thread.State: TIMED_WAITING
        at java.base@21.0.8/jdk.internal.misc.Unsafe.park(Native Method)
        at java.base@21.0.8/java.util.concurrent.locks.LockSupport.parkNanos(LockSupport.java:269)
        at java.base@21.0.8/java.util.concurrent.locks.AbstractQueuedSynchronizer$ConditionObject.awaitNanos(AbstractQueuedSynchronizer.java:1763)
        at java.base@21.0.8/java.util.concurrent.LinkedBlockingQueue.poll(LinkedBlockingQueue.java:460)
        at app//org.apache.hadoop.ipc.CallQueueManager.take(CallQueueManager.java:370)
        at app//org.apache.hadoop.ipc.Server$Handler.run(Server.java:3165)
"0ed0910f-4ac9-4f62-be34-d90c51a3e6c9-PipelineCommandHandlerThread-0"  prio=5 tid=1086 in Object.wait()
java.lang.Thread.State: WAITING (on object monitor)
        at java.base@21.0.8/jdk.internal.misc.Unsafe.park(Native Method)
        at java.base@21.0.8/java.util.concurrent.locks.LockSupport.park(LockSupport.java:371)
        at java.base@21.0.8/java.util.concurrent.locks.AbstractQueuedSynchronizer$ConditionNode.block(AbstractQueuedSynchronizer.java:519)
        at java.base@21.0.8/java.util.concurrent.ForkJoinPool.unmanagedBlock(ForkJoinPool.java:3780)
        at java.base@21.0.8/java.util.concurrent.ForkJoinPool.managedBlock(ForkJoinPool.java:3725)
        at java.base@21.0.8/java.util.concurrent.locks.AbstractQueuedSynchronizer$ConditionObject.await(AbstractQueuedSynchronizer.java:1712)
        at java.base@21.0.8/java.util.concurrent.LinkedBlockingQueue.take(LinkedBlockingQueue.java:435)
        at java.base@21.0.8/java.util.concurrent.ThreadPoolExecutor.getTask(ThreadPoolExecutor.java:1070)
        at java.base@21.0.8/java.util.concurrent.ThreadPoolExecutor.runWorker(ThreadPoolExecutor.java:1130)
        at java.base@21.0.8/java.util.concurrent.ThreadPoolExecutor$Worker.run(ThreadPoolExecutor.java:642)
        at java.base@21.0.8/java.lang.Thread.runWith(Thread.java:1596)
        at java.base@21.0.8/java.lang.Thread.run(Thread.java:1583)
"42a5f925-1bc2-4f8a-8509-c5ae65e6fcde-ChunkWriter-1-0" daemon prio=5 tid=837 in Object.wait()
java.lang.Thread.State: WAITING (on object monitor)
        at java.base@21.0.8/jdk.internal.misc.Unsafe.park(Native Method)
        at java.base@21.0.8/java.util.concurrent.locks.LockSupport.park(LockSupport.java:371)
        at java.base@21.0.8/java.util.concurrent.locks.AbstractQueuedSynchronizer$ConditionNode.block(AbstractQueuedSynchronizer.java:519)
        at java.base@21.0.8/java.util.concurrent.ForkJoinPool.unmanagedBlock(ForkJoinPool.java:3780)
        at java.base@21.0.8/java.util.concurrent.ForkJoinPool.managedBlock(ForkJoinPool.java:3725)
        at java.base@21.0.8/java.util.concurrent.locks.AbstractQueuedSynchronizer$ConditionObject.await(AbstractQueuedSynchronizer.java:1712)
        at java.base@21.0.8/java.util.concurrent.LinkedBlockingDeque.takeFirst(LinkedBlockingDeque.java:485)
        at java.base@21.0.8/java.util.concurrent.LinkedBlockingDeque.take(LinkedBlockingDeque.java:673)
        at java.base@21.0.8/java.util.concurrent.ThreadPoolExecutor.getTask(ThreadPoolExecutor.java:1070)
        at java.base@21.0.8/java.util.concurrent.ThreadPoolExecutor.runWorker(ThreadPoolExecutor.java:1130)
        at java.base@21.0.8/java.util.concurrent.ThreadPoolExecutor$Worker.run(ThreadPoolExecutor.java:642)
        at java.base@21.0.8/java.lang.Thread.runWith(Thread.java:1596)
        at java.base@21.0.8/java.lang.Thread.run(Thread.java:1583)
"qtp396271801-326-acceptor-0@b3719db-ServerConnector@5a0b171d{HTTP/1.1, (http/1.1)}{0.0.0.0:15005}" daemon prio=3 tid=326 runnable
java.lang.Thread.State: RUNNABLE
        at java.base@21.0.8/sun.nio.ch.Net.accept(Native Method)
        at java.base@21.0.8/sun.nio.ch.ServerSocketChannelImpl.implAccept(ServerSocketChannelImpl.java:433)
        at java.base@21.0.8/sun.nio.ch.ServerSocketChannelImpl.accept(ServerSocketChannelImpl.java:399)
        at app//org.eclipse.jetty.server.ServerConnector.accept(ServerConnector.java:388)
        at app//org.eclipse.jetty.server.AbstractConnector$Acceptor.run(AbstractConnector.java:704)
        at app//org.eclipse.jetty.util.thread.QueuedThreadPool.runJob(QueuedThreadPool.java:883)
        at app//org.eclipse.jetty.util.thread.QueuedThreadPool$Runner.run(QueuedThreadPool.java:1034)
        at java.base@21.0.8/java.lang.Thread.runWith(Thread.java:1596)
        at java.base@21.0.8/java.lang.Thread.run(Thread.java:1583)
"IPC Server handler 21 on default port 15002" daemon prio=5 tid=142 timed_waiting
java.lang.Thread.State: TIMED_WAITING
        at java.base@21.0.8/jdk.internal.misc.Unsafe.park(Native Method)
        at java.base@21.0.8/java.util.concurrent.locks.LockSupport.parkNanos(LockSupport.java:269)
        at java.base@21.0.8/java.util.concurrent.locks.AbstractQueuedSynchronizer$ConditionObject.awaitNanos(AbstractQueuedSynchronizer.java:1763)
        at java.base@21.0.8/java.util.concurrent.LinkedBlockingQueue.poll(LinkedBlockingQueue.java:460)
        at app//org.apache.hadoop.ipc.CallQueueManager.take(CallQueueManager.java:370)
        at app//org.apache.hadoop.ipc.Server$Handler.run(Server.java:3165)
"FixedThreadPoolWithAffinityExecutor-8-0" daemon prio=5 tid=112 timed_waiting
java.lang.Thread.State: TIMED_WAITING
        at java.base@21.0.8/jdk.internal.misc.Unsafe.park(Native Method)
        at java.base@21.0.8/java.util.concurrent.locks.LockSupport.parkNanos(LockSupport.java:269)
        at java.base@21.0.8/java.util.concurrent.locks.AbstractQueuedSynchronizer$ConditionObject.awaitNanos(AbstractQueuedSynchronizer.java:1763)
        at java.base@21.0.8/java.util.concurrent.LinkedBlockingQueue.poll(LinkedBlockingQueue.java:460)
        at app//org.apache.hadoop.hdds.scm.server.ContainerReportQueue.poll(ContainerReportQueue.java:269)
        at app//org.apache.hadoop.hdds.scm.server.ContainerReportQueue.poll(ContainerReportQueue.java:42)
        at app//org.apache.hadoop.hdds.server.events.FixedThreadPoolWithAffinityExecutor$ContainerReportProcessTask.run(FixedThreadPoolWithAffinityExecutor.java:228)
        at java.base@21.0.8/java.util.concurrent.Executors$RunnableAdapter.call(Executors.java:572)
        at java.base@21.0.8/java.util.concurrent.FutureTask.run(FutureTask.java:317)
        at java.base@21.0.8/java.util.concurrent.ThreadPoolExecutor.runWorker(ThreadPoolExecutor.java:1144)
        at java.base@21.0.8/java.util.concurrent.ThreadPoolExecutor$Worker.run(ThreadPoolExecutor.java:642)
        at java.base@21.0.8/java.lang.Thread.runWith(Thread.java:1596)
        at java.base@21.0.8/java.lang.Thread.run(Thread.java:1583)
"IPC Server handler 0 on default port 15002" daemon prio=5 tid=121 timed_waiting
java.lang.Thread.State: TIMED_WAITING
        at java.base@21.0.8/jdk.internal.misc.Unsafe.park(Native Method)
        at java.base@21.0.8/java.util.concurrent.locks.LockSupport.parkNanos(LockSupport.java:269)
        at java.base@21.0.8/java.util.concurrent.locks.AbstractQueuedSynchronizer$ConditionObject.awaitNanos(AbstractQueuedSynchronizer.java:1763)
        at java.base@21.0.8/java.util.concurrent.LinkedBlockingQueue.poll(LinkedBlockingQueue.java:460)
        at app//org.apache.hadoop.ipc.CallQueueManager.take(CallQueueManager.java:370)
        at app//org.apache.hadoop.ipc.Server$Handler.run(Server.java:3165)
"process reaper" daemon prio=10 tid=991 timed_waiting
java.lang.Thread.State: TIMED_WAITING
        at java.base@21.0.8/jdk.internal.misc.Unsafe.park(Native Method)
        at java.base@21.0.8/java.util.concurrent.locks.LockSupport.parkNanos(LockSupport.java:410)
        at java.base@21.0.8/java.util.concurrent.LinkedTransferQueue$DualNode.await(LinkedTransferQueue.java:452)
        at java.base@21.0.8/java.util.concurrent.SynchronousQueue$Transferer.xferLifo(SynchronousQueue.java:194)
        at java.base@21.0.8/java.util.concurrent.SynchronousQueue.xfer(SynchronousQueue.java:235)
        at java.base@21.0.8/java.util.concurrent.SynchronousQueue.poll(SynchronousQueue.java:338)
        at java.base@21.0.8/java.util.concurrent.ThreadPoolExecutor.getTask(ThreadPoolExecutor.java:1069)
        at java.base@21.0.8/java.util.concurrent.ThreadPoolExecutor.runWorker(ThreadPoolExecutor.java:1130)
        at java.base@21.0.8/java.util.concurrent.ThreadPoolExecutor$Worker.run(ThreadPoolExecutor.java:642)
        at java.base@21.0.8/java.lang.Thread.runWith(Thread.java:1596)
        at java.base@21.0.8/java.lang.Thread.run(Thread.java:1583)
        at java.base@21.0.8/jdk.internal.misc.InnocuousThread.run(InnocuousThread.java:186)
"0ed0910f-4ac9-4f62-be34-d90c51a3e6c9-ChunkWriter-1-0" daemon prio=5 tid=1020 in Object.wait()
java.lang.Thread.State: WAITING (on object monitor)
        at java.base@21.0.8/jdk.internal.misc.Unsafe.park(Native Method)
        at java.base@21.0.8/java.util.concurrent.locks.LockSupport.park(LockSupport.java:371)
        at java.base@21.0.8/java.util.concurrent.locks.AbstractQueuedSynchronizer$ConditionNode.block(AbstractQueuedSynchronizer.java:519)
        at java.base@21.0.8/java.util.concurrent.ForkJoinPool.unmanagedBlock(ForkJoinPool.java:3780)
        at java.base@21.0.8/java.util.concurrent.ForkJoinPool.managedBlock(ForkJoinPool.java:3725)
        at java.base@21.0.8/java.util.concurrent.locks.AbstractQueuedSynchronizer$ConditionObject.await(AbstractQueuedSynchronizer.java:1712)
        at java.base@21.0.8/java.util.concurrent.LinkedBlockingDeque.takeFirst(LinkedBlockingDeque.java:485)
        at java.base@21.0.8/java.util.concurrent.LinkedBlockingDeque.take(LinkedBlockingDeque.java:673)
        at java.base@21.0.8/java.util.concurrent.ThreadPoolExecutor.getTask(ThreadPoolExecutor.java:1070)
        at java.base@21.0.8/java.util.concurrent.ThreadPoolExecutor.runWorker(ThreadPoolExecutor.java:1130)
        at java.base@21.0.8/java.util.concurrent.ThreadPoolExecutor$Worker.run(ThreadPoolExecutor.java:642)
        at java.base@21.0.8/java.lang.Thread.runWith(Thread.java:1596)
        at java.base@21.0.8/java.lang.Thread.run(Thread.java:1583)
"IPC Server handler 60 on default port 15003" daemon prio=5 tid=281 timed_waiting
java.lang.Thread.State: TIMED_WAITING
        at java.base@21.0.8/jdk.internal.misc.Unsafe.park(Native Method)
        at java.base@21.0.8/java.util.concurrent.locks.LockSupport.parkNanos(LockSupport.java:269)
        at java.base@21.0.8/java.util.concurrent.locks.AbstractQueuedSynchronizer$ConditionObject.awaitNanos(AbstractQueuedSynchronizer.java:1763)
        at java.base@21.0.8/java.util.concurrent.LinkedBlockingQueue.poll(LinkedBlockingQueue.java:460)
        at app//org.apache.hadoop.ipc.CallQueueManager.take(CallQueueManager.java:370)
        at app//org.apache.hadoop.ipc.Server$Handler.run(Server.java:3165)
"IPC Server handler 96 on default port 15002" daemon prio=5 tid=217 timed_waiting
java.lang.Thread.State: TIMED_WAITING
        at java.base@21.0.8/jdk.internal.misc.Unsafe.park(Native Method)
        at java.base@21.0.8/java.util.concurrent.locks.LockSupport.parkNanos(LockSupport.java:269)
        at java.base@21.0.8/java.util.concurrent.locks.AbstractQueuedSynchronizer$ConditionObject.awaitNanos(AbstractQueuedSynchronizer.java:1763)
        at java.base@21.0.8/java.util.concurrent.LinkedBlockingQueue.poll(LinkedBlockingQueue.java:460)
        at app//org.apache.hadoop.ipc.CallQueueManager.take(CallQueueManager.java:370)
        at app//org.apache.hadoop.ipc.Server$Handler.run(Server.java:3165)
"IPC Server handler 60 on default port 15001" daemon prio=5 tid=618 timed_waiting
java.lang.Thread.State: TIMED_WAITING
        at java.base@21.0.8/jdk.internal.misc.Unsafe.park(Native Method)
        at java.base@21.0.8/java.util.concurrent.locks.LockSupport.parkNanos(LockSupport.java:269)
        at java.base@21.0.8/java.util.concurrent.locks.AbstractQueuedSynchronizer$ConditionObject.awaitNanos(AbstractQueuedSynchronizer.java:1763)
        at java.base@21.0.8/java.util.concurrent.LinkedBlockingQueue.poll(LinkedBlockingQueue.java:460)
        at app//org.apache.hadoop.ipc.CallQueueManager.take(CallQueueManager.java:370)
        at app//org.apache.hadoop.ipc.Server$Handler.run(Server.java:3165)
"346684e1-b57f-4c29-9507-935dad45bd68-groupManagement"  prio=5 tid=1081 in Object.wait()
java.lang.Thread.State: WAITING (on object monitor)
        at java.base@21.0.8/jdk.internal.misc.Unsafe.park(Native Method)
        at java.base@21.0.8/java.util.concurrent.locks.LockSupport.park(LockSupport.java:371)
        at java.base@21.0.8/java.util.concurrent.locks.AbstractQueuedSynchronizer$ConditionNode.block(AbstractQueuedSynchronizer.java:519)
        at java.base@21.0.8/java.util.concurrent.ForkJoinPool.unmanagedBlock(ForkJoinPool.java:3780)
        at java.base@21.0.8/java.util.concurrent.ForkJoinPool.managedBlock(ForkJoinPool.java:3725)
        at java.base@21.0.8/java.util.concurrent.locks.AbstractQueuedSynchronizer$ConditionObject.await(AbstractQueuedSynchronizer.java:1712)
        at java.base@21.0.8/java.util.concurrent.LinkedBlockingQueue.take(LinkedBlockingQueue.java:435)
        at java.base@21.0.8/java.util.concurrent.ThreadPoolExecutor.getTask(ThreadPoolExecutor.java:1070)
        at java.base@21.0.8/java.util.concurrent.ThreadPoolExecutor.runWorker(ThreadPoolExecutor.java:1130)
        at java.base@21.0.8/java.util.concurrent.ThreadPoolExecutor$Worker.run(ThreadPoolExecutor.java:642)
        at java.base@21.0.8/java.lang.Thread.runWith(Thread.java:1596)
        at java.base@21.0.8/java.lang.Thread.run(Thread.java:1583)
"Hadoop-Metrics-Updater-0" daemon prio=5 tid=882 timed_waiting
java.lang.Thread.State: TIMED_WAITING
        at java.base@21.0.8/jdk.internal.misc.Unsafe.park(Native Method)
        at java.base@21.0.8/java.util.concurrent.locks.LockSupport.parkNanos(LockSupport.java:269)
        at java.base@21.0.8/java.util.concurrent.locks.AbstractQueuedSynchronizer$ConditionObject.awaitNanos(AbstractQueuedSynchronizer.java:1763)
        at java.base@21.0.8/java.util.concurrent.ScheduledThreadPoolExecutor$DelayedWorkQueue.take(ScheduledThreadPoolExecutor.java:1182)
        at java.base@21.0.8/java.util.concurrent.ScheduledThreadPoolExecutor$DelayedWorkQueue.take(ScheduledThreadPoolExecutor.java:899)
        at java.base@21.0.8/java.util.concurrent.ThreadPoolExecutor.getTask(ThreadPoolExecutor.java:1070)
        at java.base@21.0.8/java.util.concurrent.ThreadPoolExecutor.runWorker(ThreadPoolExecutor.java:1130)
        at java.base@21.0.8/java.util.concurrent.ThreadPoolExecutor$Worker.run(ThreadPoolExecutor.java:642)
        at java.base@21.0.8/java.lang.Thread.runWith(Thread.java:1596)
        at java.base@21.0.8/java.lang.Thread.run(Thread.java:1583)
"qtp391903823-551" daemon prio=5 tid=551 timed_waiting
java.lang.Thread.State: TIMED_WAITING
        at java.base@21.0.8/jdk.internal.misc.Unsafe.park(Native Method)
        at java.base@21.0.8/java.util.concurrent.locks.LockSupport.parkNanos(LockSupport.java:269)
        at java.base@21.0.8/java.util.concurrent.locks.AbstractQueuedSynchronizer$ConditionObject.awaitNanos(AbstractQueuedSynchronizer.java:1763)
        at app//org.eclipse.jetty.util.BlockingArrayQueue.poll(BlockingArrayQueue.java:382)
        at app//org.eclipse.jetty.util.thread.QueuedThreadPool$Runner.idleJobPoll(QueuedThreadPool.java:974)
        at app//org.eclipse.jetty.util.thread.QueuedThreadPool$Runner.run(QueuedThreadPool.java:1018)
        at java.base@21.0.8/java.lang.Thread.runWith(Thread.java:1596)
        at java.base@21.0.8/java.lang.Thread.run(Thread.java:1583)
"IPC Server handler 13 on default port 15002" daemon prio=5 tid=134 timed_waiting
java.lang.Thread.State: TIMED_WAITING
        at java.base@21.0.8/jdk.internal.misc.Unsafe.park(Native Method)
        at java.base@21.0.8/java.util.concurrent.locks.LockSupport.parkNanos(LockSupport.java:269)
        at java.base@21.0.8/java.util.concurrent.locks.AbstractQueuedSynchronizer$ConditionObject.awaitNanos(AbstractQueuedSynchronizer.java:1763)
        at java.base@21.0.8/java.util.concurrent.LinkedBlockingQueue.poll(LinkedBlockingQueue.java:460)
        at app//org.apache.hadoop.ipc.CallQueueManager.take(CallQueueManager.java:370)
        at app//org.apache.hadoop.ipc.Server$Handler.run(Server.java:3165)
"JvmPauseMonitor7" daemon prio=5 tid=997 timed_waiting
java.lang.Thread.State: TIMED_WAITING
        at java.base@21.0.8/java.lang.Thread.sleep0(Native Method)
        at java.base@21.0.8/java.lang.Thread.sleep(Thread.java:558)
        at java.base@21.0.8/java.util.concurrent.TimeUnit.sleep(TimeUnit.java:446)
        at app//org.apache.ratis.util.TimeDuration.sleep(TimeDuration.java:353)
        at app//org.apache.ratis.util.TimeDuration.sleep(TimeDuration.java:338)
        at app//org.apache.ratis.util.JvmPauseMonitor.detectPause(JvmPauseMonitor.java:160)
        at app//org.apache.ratis.util.JvmPauseMonitor.run(JvmPauseMonitor.java:149)
        at app//org.apache.ratis.util.JvmPauseMonitor$$Lambda/0x00007f18e83aead8.run(Unknown Source)
        at java.base@21.0.8/java.lang.Thread.runWith(Thread.java:1596)
        at java.base@21.0.8/java.lang.Thread.run(Thread.java:1583)
"qtp871701899-723" daemon prio=5 tid=723 timed_waiting
java.lang.Thread.State: TIMED_WAITING
        at java.base@21.0.8/jdk.internal.misc.Unsafe.park(Native Method)
        at java.base@21.0.8/java.util.concurrent.locks.LockSupport.parkNanos(LockSupport.java:269)
        at java.base@21.0.8/java.util.concurrent.locks.AbstractQueuedSynchronizer$ConditionObject.awaitNanos(AbstractQueuedSynchronizer.java:1763)
        at app//org.eclipse.jetty.util.BlockingArrayQueue.poll(BlockingArrayQueue.java:382)
        at app//org.eclipse.jetty.util.thread.QueuedThreadPool$Runner.idleJobPoll(QueuedThreadPool.java:974)
        at app//org.eclipse.jetty.util.thread.QueuedThreadPool$Runner.run(QueuedThreadPool.java:1018)
        at java.base@21.0.8/java.lang.Thread.runWith(Thread.java:1596)
        at java.base@21.0.8/java.lang.Thread.run(Thread.java:1583)
"Socket Reader #4 for port 15013" daemon prio=5 tid=685 runnable
java.lang.Thread.State: RUNNABLE
        at java.base@21.0.8/sun.nio.ch.EPoll.wait(Native Method)
        at java.base@21.0.8/sun.nio.ch.EPollSelectorImpl.doSelect(EPollSelectorImpl.java:121)
        at java.base@21.0.8/sun.nio.ch.SelectorImpl.lockAndDoSelect(SelectorImpl.java:130)
        at java.base@21.0.8/sun.nio.ch.SelectorImpl.select(SelectorImpl.java:147)
        at app//org.apache.hadoop.ipc.Server$Listener$Reader.doRunLoop(Server.java:1497)
        at app//org.apache.hadoop.ipc.Server$Listener$Reader.run(Server.java:1476)
"Socket Reader #3 for port 15003" daemon prio=5 tid=79 runnable
java.lang.Thread.State: RUNNABLE
        at java.base@21.0.8/sun.nio.ch.EPoll.wait(Native Method)
        at java.base@21.0.8/sun.nio.ch.EPollSelectorImpl.doSelect(EPollSelectorImpl.java:121)
        at java.base@21.0.8/sun.nio.ch.SelectorImpl.lockAndDoSelect(SelectorImpl.java:130)
        at java.base@21.0.8/sun.nio.ch.SelectorImpl.select(SelectorImpl.java:147)
        at app//org.apache.hadoop.ipc.Server$Listener$Reader.doRunLoop(Server.java:1497)
        at app//org.apache.hadoop.ipc.Server$Listener$Reader.run(Server.java:1476)
"IPC Server handler 88 on default port 15001" daemon prio=5 tid=646 timed_waiting
java.lang.Thread.State: TIMED_WAITING
        at java.base@21.0.8/jdk.internal.misc.Unsafe.park(Native Method)
        at java.base@21.0.8/java.util.concurrent.locks.LockSupport.parkNanos(LockSupport.java:269)
        at java.base@21.0.8/java.util.concurrent.locks.AbstractQueuedSynchronizer$ConditionObject.awaitNanos(AbstractQueuedSynchronizer.java:1763)
        at java.base@21.0.8/java.util.concurrent.LinkedBlockingQueue.poll(LinkedBlockingQueue.java:460)
        at app//org.apache.hadoop.ipc.CallQueueManager.take(CallQueueManager.java:370)
        at app//org.apache.hadoop.ipc.Server$Handler.run(Server.java:3165)
"IPC Server handler 85 on default port 15004" daemon prio=5 tid=424 timed_waiting
java.lang.Thread.State: TIMED_WAITING
        at java.base@21.0.8/jdk.internal.misc.Unsafe.park(Native Method)
        at java.base@21.0.8/java.util.concurrent.locks.LockSupport.parkNanos(LockSupport.java:269)
        at java.base@21.0.8/java.util.concurrent.locks.AbstractQueuedSynchronizer$ConditionObject.awaitNanos(AbstractQueuedSynchronizer.java:1763)
        at java.base@21.0.8/java.util.concurrent.LinkedBlockingQueue.poll(LinkedBlockingQueue.java:460)
        at app//org.apache.hadoop.ipc.CallQueueManager.take(CallQueueManager.java:370)
        at app//org.apache.hadoop.ipc.Server$Handler.run(Server.java:3165)
"ForkJoinPool.commonPool-worker-3" daemon prio=5 tid=1030 in Object.wait()
java.lang.Thread.State: WAITING (on object monitor)
        at java.base@21.0.8/jdk.internal.misc.Unsafe.park(Native Method)
        at java.base@21.0.8/java.util.concurrent.locks.LockSupport.park(LockSupport.java:371)
        at java.base@21.0.8/java.util.concurrent.ForkJoinPool.awaitWork(ForkJoinPool.java:1893)
        at java.base@21.0.8/java.util.concurrent.ForkJoinPool.runWorker(ForkJoinPool.java:1809)
        at java.base@21.0.8/java.util.concurrent.ForkJoinWorkerThread.run(ForkJoinWorkerThread.java:188)
"Connector-Scheduler-1b9c93de-1"  prio=5 tid=1156 timed_waiting
java.lang.Thread.State: TIMED_WAITING
        at java.base@21.0.8/jdk.internal.misc.Unsafe.park(Native Method)
        at java.base@21.0.8/java.util.concurrent.locks.LockSupport.parkNanos(LockSupport.java:269)
        at java.base@21.0.8/java.util.concurrent.locks.AbstractQueuedSynchronizer$ConditionObject.awaitNanos(AbstractQueuedSynchronizer.java:1763)
        at java.base@21.0.8/java.util.concurrent.ScheduledThreadPoolExecutor$DelayedWorkQueue.take(ScheduledThreadPoolExecutor.java:1182)
        at java.base@21.0.8/java.util.concurrent.ScheduledThreadPoolExecutor$DelayedWorkQueue.take(ScheduledThreadPoolExecutor.java:899)
        at java.base@21.0.8/java.util.concurrent.ThreadPoolExecutor.getTask(ThreadPoolExecutor.java:1070)
        at java.base@21.0.8/java.util.concurrent.ThreadPoolExecutor.runWorker(ThreadPoolExecutor.java:1130)
        at java.base@21.0.8/java.util.concurrent.ThreadPoolExecutor$Worker.run(ThreadPoolExecutor.java:642)
        at java.base@21.0.8/java.lang.Thread.runWith(Thread.java:1596)
        at java.base@21.0.8/java.lang.Thread.run(Thread.java:1583)
"IPC Server handler 72 on default port 15003" daemon prio=5 tid=293 timed_waiting
java.lang.Thread.State: TIMED_WAITING
        at java.base@21.0.8/jdk.internal.misc.Unsafe.park(Native Method)
        at java.base@21.0.8/java.util.concurrent.locks.LockSupport.parkNanos(LockSupport.java:269)
        at java.base@21.0.8/java.util.concurrent.locks.AbstractQueuedSynchronizer$ConditionObject.awaitNanos(AbstractQueuedSynchronizer.java:1763)
        at java.base@21.0.8/java.util.concurrent.LinkedBlockingQueue.poll(LinkedBlockingQueue.java:460)
        at app//org.apache.hadoop.ipc.CallQueueManager.take(CallQueueManager.java:370)
        at app//org.apache.hadoop.ipc.Server$Handler.run(Server.java:3165)
"IPC Server handler 0 on default port 15021" daemon prio=5 tid=741 timed_waiting
java.lang.Thread.State: TIMED_WAITING
        at java.base@21.0.8/jdk.internal.misc.Unsafe.park(Native Method)
        at java.base@21.0.8/java.util.concurrent.locks.LockSupport.parkNanos(LockSupport.java:269)
        at java.base@21.0.8/java.util.concurrent.locks.AbstractQueuedSynchronizer$ConditionObject.awaitNanos(AbstractQueuedSynchronizer.java:1763)
        at java.base@21.0.8/java.util.concurrent.LinkedBlockingQueue.poll(LinkedBlockingQueue.java:460)
        at app//org.apache.hadoop.ipc.CallQueueManager.take(CallQueueManager.java:370)
        at app//org.apache.hadoop.ipc.Server$Handler.run(Server.java:3165)
"IPC Server handler 43 on default port 15002" daemon prio=5 tid=164 timed_waiting
java.lang.Thread.State: TIMED_WAITING
        at java.base@21.0.8/jdk.internal.misc.Unsafe.park(Native Method)
        at java.base@21.0.8/java.util.concurrent.locks.LockSupport.parkNanos(LockSupport.java:269)
        at java.base@21.0.8/java.util.concurrent.locks.AbstractQueuedSynchronizer$ConditionObject.awaitNanos(AbstractQueuedSynchronizer.java:1763)
        at java.base@21.0.8/java.util.concurrent.LinkedBlockingQueue.poll(LinkedBlockingQueue.java:460)
        at app//org.apache.hadoop.ipc.CallQueueManager.take(CallQueueManager.java:370)
        at app//org.apache.hadoop.ipc.Server$Handler.run(Server.java:3165)
"IPC Server handler 44 on default port 15004" daemon prio=5 tid=383 timed_waiting
java.lang.Thread.State: TIMED_WAITING
        at java.base@21.0.8/jdk.internal.misc.Unsafe.park(Native Method)
        at java.base@21.0.8/java.util.concurrent.locks.LockSupport.parkNanos(LockSupport.java:269)
        at java.base@21.0.8/java.util.concurrent.locks.AbstractQueuedSynchronizer$ConditionObject.awaitNanos(AbstractQueuedSynchronizer.java:1763)
        at java.base@21.0.8/java.util.concurrent.LinkedBlockingQueue.poll(LinkedBlockingQueue.java:460)
        at app//org.apache.hadoop.ipc.CallQueueManager.take(CallQueueManager.java:370)
        at app//org.apache.hadoop.ipc.Server$Handler.run(Server.java:3165)
"42a5f925-1bc2-4f8a-8509-c5ae65e6fcde-CloseContainerThread-0"  prio=5 tid=1291 in Object.wait()
java.lang.Thread.State: WAITING (on object monitor)
        at java.base@21.0.8/jdk.internal.misc.Unsafe.park(Native Method)
        at java.base@21.0.8/java.util.concurrent.locks.LockSupport.park(LockSupport.java:371)
        at java.base@21.0.8/java.util.concurrent.locks.AbstractQueuedSynchronizer$ConditionNode.block(AbstractQueuedSynchronizer.java:519)
        at java.base@21.0.8/java.util.concurrent.ForkJoinPool.unmanagedBlock(ForkJoinPool.java:3780)
        at java.base@21.0.8/java.util.concurrent.ForkJoinPool.managedBlock(ForkJoinPool.java:3725)
        at java.base@21.0.8/java.util.concurrent.locks.AbstractQueuedSynchronizer$ConditionObject.await(AbstractQueuedSynchronizer.java:1712)
        at java.base@21.0.8/java.util.concurrent.LinkedBlockingQueue.take(LinkedBlockingQueue.java:435)
        at java.base@21.0.8/java.util.concurrent.ThreadPoolExecutor.getTask(ThreadPoolExecutor.java:1070)
        at java.base@21.0.8/java.util.concurrent.ThreadPoolExecutor.runWorker(ThreadPoolExecutor.java:1130)
        at java.base@21.0.8/java.util.concurrent.ThreadPoolExecutor$Worker.run(ThreadPoolExecutor.java:642)
        at java.base@21.0.8/java.lang.Thread.runWith(Thread.java:1596)
        at java.base@21.0.8/java.lang.Thread.run(Thread.java:1583)
"Hadoop-Metrics-Updater-0" daemon prio=5 tid=961 timed_waiting
java.lang.Thread.State: TIMED_WAITING
        at java.base@21.0.8/jdk.internal.misc.Unsafe.park(Native Method)
        at java.base@21.0.8/java.util.concurrent.locks.LockSupport.parkNanos(LockSupport.java:269)
        at java.base@21.0.8/java.util.concurrent.locks.AbstractQueuedSynchronizer$ConditionObject.awaitNanos(AbstractQueuedSynchronizer.java:1763)
        at java.base@21.0.8/java.util.concurrent.ScheduledThreadPoolExecutor$DelayedWorkQueue.take(ScheduledThreadPoolExecutor.java:1182)
        at java.base@21.0.8/java.util.concurrent.ScheduledThreadPoolExecutor$DelayedWorkQueue.take(ScheduledThreadPoolExecutor.java:899)
        at java.base@21.0.8/java.util.concurrent.ThreadPoolExecutor.getTask(ThreadPoolExecutor.java:1070)
        at java.base@21.0.8/java.util.concurrent.ThreadPoolExecutor.runWorker(ThreadPoolExecutor.java:1130)
        at java.base@21.0.8/java.util.concurrent.ThreadPoolExecutor$Worker.run(ThreadPoolExecutor.java:642)
        at java.base@21.0.8/java.lang.Thread.runWith(Thread.java:1596)
        at java.base@21.0.8/java.lang.Thread.run(Thread.java:1583)
"IPC Server handler 10 on default port 15002" daemon prio=5 tid=131 timed_waiting
java.lang.Thread.State: TIMED_WAITING
        at java.base@21.0.8/jdk.internal.misc.Unsafe.park(Native Method)
        at java.base@21.0.8/java.util.concurrent.locks.LockSupport.parkNanos(LockSupport.java:269)
        at java.base@21.0.8/java.util.concurrent.locks.AbstractQueuedSynchronizer$ConditionObject.awaitNanos(AbstractQueuedSynchronizer.java:1763)
        at java.base@21.0.8/java.util.concurrent.LinkedBlockingQueue.poll(LinkedBlockingQueue.java:460)
        at app//org.apache.hadoop.ipc.CallQueueManager.take(CallQueueManager.java:370)
        at app//org.apache.hadoop.ipc.Server$Handler.run(Server.java:3165)
"IPC Server handler 85 on default port 15003" daemon prio=5 tid=306 timed_waiting
java.lang.Thread.State: TIMED_WAITING
        at java.base@21.0.8/jdk.internal.misc.Unsafe.park(Native Method)
        at java.base@21.0.8/java.util.concurrent.locks.LockSupport.parkNanos(LockSupport.java:269)
        at java.base@21.0.8/java.util.concurrent.locks.AbstractQueuedSynchronizer$ConditionObject.awaitNanos(AbstractQueuedSynchronizer.java:1763)
        at java.base@21.0.8/java.util.concurrent.LinkedBlockingQueue.poll(LinkedBlockingQueue.java:460)
        at app//org.apache.hadoop.ipc.CallQueueManager.take(CallQueueManager.java:370)
        at app//org.apache.hadoop.ipc.Server$Handler.run(Server.java:3165)
"Notification Thread" daemon prio=9 tid=22 runnable
java.lang.Thread.State: RUNNABLE
"qtp391903823-550" daemon prio=5 tid=550 runnable
java.lang.Thread.State: RUNNABLE
        at java.base@21.0.8/sun.nio.ch.EPoll.wait(Native Method)
        at java.base@21.0.8/sun.nio.ch.EPollSelectorImpl.doSelect(EPollSelectorImpl.java:121)
        at java.base@21.0.8/sun.nio.ch.SelectorImpl.lockAndDoSelect(SelectorImpl.java:130)
        at java.base@21.0.8/sun.nio.ch.SelectorImpl.select(SelectorImpl.java:147)
        at app//org.eclipse.jetty.io.ManagedSelector.nioSelect(ManagedSelector.java:183)
        at app//org.eclipse.jetty.io.ManagedSelector.select(ManagedSelector.java:190)
        at app//org.eclipse.jetty.io.ManagedSelector$SelectorProducer.select(ManagedSelector.java:606)
        at app//org.eclipse.jetty.io.ManagedSelector$SelectorProducer.produce(ManagedSelector.java:543)
        at app//org.eclipse.jetty.util.thread.strategy.EatWhatYouKill.produceTask(EatWhatYouKill.java:362)
        at app//org.eclipse.jetty.util.thread.strategy.EatWhatYouKill.doProduce(EatWhatYouKill.java:186)
        at app//org.eclipse.jetty.util.thread.strategy.EatWhatYouKill.tryProduce(EatWhatYouKill.java:173)
        at app//org.eclipse.jetty.util.thread.strategy.EatWhatYouKill.run(EatWhatYouKill.java:131)
        at app//org.eclipse.jetty.util.thread.ReservedThreadExecutor$ReservedThread.run(ReservedThreadExecutor.java:409)
        at app//org.eclipse.jetty.util.thread.QueuedThreadPool.runJob(QueuedThreadPool.java:883)
        at app//org.eclipse.jetty.util.thread.QueuedThreadPool$Runner.run(QueuedThreadPool.java:1034)
        at java.base@21.0.8/java.lang.Thread.runWith(Thread.java:1596)
        at java.base@21.0.8/java.lang.Thread.run(Thread.java:1583)
"IPC Server handler 74 on default port 15001" daemon prio=5 tid=632 timed_waiting
java.lang.Thread.State: TIMED_WAITING
        at java.base@21.0.8/jdk.internal.misc.Unsafe.park(Native Method)
        at java.base@21.0.8/java.util.concurrent.locks.LockSupport.parkNanos(LockSupport.java:269)
        at java.base@21.0.8/java.util.concurrent.locks.AbstractQueuedSynchronizer$ConditionObject.awaitNanos(AbstractQueuedSynchronizer.java:1763)
        at java.base@21.0.8/java.util.concurrent.LinkedBlockingQueue.poll(LinkedBlockingQueue.java:460)
        at app//org.apache.hadoop.ipc.CallQueueManager.take(CallQueueManager.java:370)
        at app//org.apache.hadoop.ipc.Server$Handler.run(Server.java:3165)
"Socket Reader #8 for port 15021" daemon prio=5 tid=735 runnable
java.lang.Thread.State: RUNNABLE
        at java.base@21.0.8/sun.nio.ch.EPoll.wait(Native Method)
        at java.base@21.0.8/sun.nio.ch.EPollSelectorImpl.doSelect(EPollSelectorImpl.java:121)
        at java.base@21.0.8/sun.nio.ch.SelectorImpl.lockAndDoSelect(SelectorImpl.java:130)
        at java.base@21.0.8/sun.nio.ch.SelectorImpl.select(SelectorImpl.java:147)
        at app//org.apache.hadoop.ipc.Server$Listener$Reader.doRunLoop(Server.java:1497)
        at app//org.apache.hadoop.ipc.Server$Listener$Reader.run(Server.java:1476)
"d5ad88c2-6e7a-4660-bab6-a4e8807a575e-CloseContainerThread-2"  prio=5 tid=1314 in Object.wait()
java.lang.Thread.State: WAITING (on object monitor)
        at java.base@21.0.8/jdk.internal.misc.Unsafe.park(Native Method)
        at java.base@21.0.8/java.util.concurrent.locks.LockSupport.park(LockSupport.java:371)
        at java.base@21.0.8/java.util.concurrent.locks.AbstractQueuedSynchronizer$ConditionNode.block(AbstractQueuedSynchronizer.java:519)
        at java.base@21.0.8/java.util.concurrent.ForkJoinPool.unmanagedBlock(ForkJoinPool.java:3780)
        at java.base@21.0.8/java.util.concurrent.ForkJoinPool.managedBlock(ForkJoinPool.java:3725)
        at java.base@21.0.8/java.util.concurrent.locks.AbstractQueuedSynchronizer$ConditionObject.await(AbstractQueuedSynchronizer.java:1712)
        at java.base@21.0.8/java.util.concurrent.LinkedBlockingQueue.take(LinkedBlockingQueue.java:435)
        at java.base@21.0.8/java.util.concurrent.ThreadPoolExecutor.getTask(ThreadPoolExecutor.java:1070)
        at java.base@21.0.8/java.util.concurrent.ThreadPoolExecutor.runWorker(ThreadPoolExecutor.java:1130)
        at java.base@21.0.8/java.util.concurrent.ThreadPoolExecutor$Worker.run(ThreadPoolExecutor.java:642)
        at java.base@21.0.8/java.lang.Thread.runWith(Thread.java:1596)
        at java.base@21.0.8/java.lang.Thread.run(Thread.java:1583)
"IPC Server handler 34 on default port 15001" daemon prio=5 tid=592 timed_waiting
java.lang.Thread.State: TIMED_WAITING
        at java.base@21.0.8/jdk.internal.misc.Unsafe.park(Native Method)
        at java.base@21.0.8/java.util.concurrent.locks.LockSupport.parkNanos(LockSupport.java:269)
        at java.base@21.0.8/java.util.concurrent.locks.AbstractQueuedSynchronizer$ConditionObject.awaitNanos(AbstractQueuedSynchronizer.java:1763)
        at java.base@21.0.8/java.util.concurrent.LinkedBlockingQueue.poll(LinkedBlockingQueue.java:460)
        at app//org.apache.hadoop.ipc.CallQueueManager.take(CallQueueManager.java:370)
        at app//org.apache.hadoop.ipc.Server$Handler.run(Server.java:3165)
"Session-HouseKeeper-7d36c62f-1"  prio=5 tid=491 timed_waiting
java.lang.Thread.State: TIMED_WAITING
        at java.base@21.0.8/jdk.internal.misc.Unsafe.park(Native Method)
        at java.base@21.0.8/java.util.concurrent.locks.LockSupport.parkNanos(LockSupport.java:269)
        at java.base@21.0.8/java.util.concurrent.locks.AbstractQueuedSynchronizer$ConditionObject.awaitNanos(AbstractQueuedSynchronizer.java:1763)
        at java.base@21.0.8/java.util.concurrent.ScheduledThreadPoolExecutor$DelayedWorkQueue.take(ScheduledThreadPoolExecutor.java:1182)
        at java.base@21.0.8/java.util.concurrent.ScheduledThreadPoolExecutor$DelayedWorkQueue.take(ScheduledThreadPoolExecutor.java:899)
        at java.base@21.0.8/java.util.concurrent.ThreadPoolExecutor.getTask(ThreadPoolExecutor.java:1070)
        at java.base@21.0.8/java.util.concurrent.ThreadPoolExecutor.runWorker(ThreadPoolExecutor.java:1130)
        at java.base@21.0.8/java.util.concurrent.ThreadPoolExecutor$Worker.run(ThreadPoolExecutor.java:642)
        at java.base@21.0.8/java.lang.Thread.runWith(Thread.java:1596)
        at java.base@21.0.8/java.lang.Thread.run(Thread.java:1583)
"IPC Server handler 94 on default port 15003" daemon prio=5 tid=315 timed_waiting
java.lang.Thread.State: TIMED_WAITING
        at java.base@21.0.8/jdk.internal.misc.Unsafe.park(Native Method)
        at java.base@21.0.8/java.util.concurrent.locks.LockSupport.parkNanos(LockSupport.java:269)
        at java.base@21.0.8/java.util.concurrent.locks.AbstractQueuedSynchronizer$ConditionObject.awaitNanos(AbstractQueuedSynchronizer.java:1763)
        at java.base@21.0.8/java.util.concurrent.LinkedBlockingQueue.poll(LinkedBlockingQueue.java:460)
        at app//org.apache.hadoop.ipc.CallQueueManager.take(CallQueueManager.java:370)
        at app//org.apache.hadoop.ipc.Server$Handler.run(Server.java:3165)
"junit-jupiter-timeout-watcher" daemon prio=10 tid=34 timed_waiting
java.lang.Thread.State: TIMED_WAITING
        at java.base@21.0.8/jdk.internal.misc.Unsafe.park(Native Method)
        at java.base@21.0.8/java.util.concurrent.locks.LockSupport.parkNanos(LockSupport.java:269)
        at java.base@21.0.8/java.util.concurrent.locks.AbstractQueuedSynchronizer$ConditionObject.awaitNanos(AbstractQueuedSynchronizer.java:1763)
        at java.base@21.0.8/java.util.concurrent.ScheduledThreadPoolExecutor$DelayedWorkQueue.take(ScheduledThreadPoolExecutor.java:1182)
        at java.base@21.0.8/java.util.concurrent.ScheduledThreadPoolExecutor$DelayedWorkQueue.take(ScheduledThreadPoolExecutor.java:899)
        at java.base@21.0.8/java.util.concurrent.ThreadPoolExecutor.getTask(ThreadPoolExecutor.java:1070)
        at java.base@21.0.8/java.util.concurrent.ThreadPoolExecutor.runWorker(ThreadPoolExecutor.java:1130)
        at java.base@21.0.8/java.util.concurrent.ThreadPoolExecutor$Worker.run(ThreadPoolExecutor.java:642)
        at java.base@21.0.8/java.lang.Thread.runWith(Thread.java:1596)
        at java.base@21.0.8/java.lang.Thread.run(Thread.java:1583)
"IPC Server handler 23 on default port 15002" daemon prio=5 tid=144 timed_waiting
java.lang.Thread.State: TIMED_WAITING
        at java.base@21.0.8/jdk.internal.misc.Unsafe.park(Native Method)
        at java.base@21.0.8/java.util.concurrent.locks.LockSupport.parkNanos(LockSupport.java:269)
        at java.base@21.0.8/java.util.concurrent.locks.AbstractQueuedSynchronizer$ConditionObject.awaitNanos(AbstractQueuedSynchronizer.java:1763)
        at java.base@21.0.8/java.util.concurrent.LinkedBlockingQueue.poll(LinkedBlockingQueue.java:460)
        at app//org.apache.hadoop.ipc.CallQueueManager.take(CallQueueManager.java:370)
        at app//org.apache.hadoop.ipc.Server$Handler.run(Server.java:3165)
"IPC Server handler 73 on default port 15004" daemon prio=5 tid=412 timed_waiting
java.lang.Thread.State: TIMED_WAITING
        at java.base@21.0.8/jdk.internal.misc.Unsafe.park(Native Method)
        at java.base@21.0.8/java.util.concurrent.locks.LockSupport.parkNanos(LockSupport.java:269)
        at java.base@21.0.8/java.util.concurrent.locks.AbstractQueuedSynchronizer$ConditionObject.awaitNanos(AbstractQueuedSynchronizer.java:1763)
        at java.base@21.0.8/java.util.concurrent.LinkedBlockingQueue.poll(LinkedBlockingQueue.java:460)
        at app//org.apache.hadoop.ipc.CallQueueManager.take(CallQueueManager.java:370)
        at app//org.apache.hadoop.ipc.Server$Handler.run(Server.java:3165)
"IPC Server handler 37 on default port 15002" daemon prio=5 tid=158 timed_waiting
java.lang.Thread.State: TIMED_WAITING
        at java.base@21.0.8/jdk.internal.misc.Unsafe.park(Native Method)
        at java.base@21.0.8/java.util.concurrent.locks.LockSupport.parkNanos(LockSupport.java:269)
        at java.base@21.0.8/java.util.concurrent.locks.AbstractQueuedSynchronizer$ConditionObject.awaitNanos(AbstractQueuedSynchronizer.java:1763)
        at java.base@21.0.8/java.util.concurrent.LinkedBlockingQueue.poll(LinkedBlockingQueue.java:460)
        at app//org.apache.hadoop.ipc.CallQueueManager.take(CallQueueManager.java:370)
        at app//org.apache.hadoop.ipc.Server$Handler.run(Server.java:3165)
"346684e1-b57f-4c29-9507-935dad45bd68-DatanodeReportManager-3" daemon prio=5 tid=897 timed_waiting
java.lang.Thread.State: TIMED_WAITING
        at java.base@21.0.8/jdk.internal.misc.Unsafe.park(Native Method)
        at java.base@21.0.8/java.util.concurrent.locks.LockSupport.parkNanos(LockSupport.java:269)
        at java.base@21.0.8/java.util.concurrent.locks.AbstractQueuedSynchronizer$ConditionObject.awaitNanos(AbstractQueuedSynchronizer.java:1763)
        at java.base@21.0.8/java.util.concurrent.ScheduledThreadPoolExecutor$DelayedWorkQueue.take(ScheduledThreadPoolExecutor.java:1182)
        at java.base@21.0.8/java.util.concurrent.ScheduledThreadPoolExecutor$DelayedWorkQueue.take(ScheduledThreadPoolExecutor.java:899)
        at java.base@21.0.8/java.util.concurrent.ThreadPoolExecutor.getTask(ThreadPoolExecutor.java:1070)
        at java.base@21.0.8/java.util.concurrent.ThreadPoolExecutor.runWorker(ThreadPoolExecutor.java:1130)
        at java.base@21.0.8/java.util.concurrent.ThreadPoolExecutor$Worker.run(ThreadPoolExecutor.java:642)
        at java.base@21.0.8/java.lang.Thread.runWith(Thread.java:1596)
        at java.base@21.0.8/java.lang.Thread.run(Thread.java:1583)
"00aa5afb-d218-4771-abd7-db0247b9d23b-client-thread1"  prio=5 tid=927 timed_waiting
java.lang.Thread.State: TIMED_WAITING
        at java.base@21.0.8/jdk.internal.misc.Unsafe.park(Native Method)
        at java.base@21.0.8/java.util.concurrent.locks.LockSupport.parkNanos(LockSupport.java:410)
        at java.base@21.0.8/java.util.concurrent.LinkedTransferQueue$DualNode.await(LinkedTransferQueue.java:452)
        at java.base@21.0.8/java.util.concurrent.SynchronousQueue$Transferer.xferLifo(SynchronousQueue.java:194)
        at java.base@21.0.8/java.util.concurrent.SynchronousQueue.xfer(SynchronousQueue.java:235)
        at java.base@21.0.8/java.util.concurrent.SynchronousQueue.poll(SynchronousQueue.java:338)
        at java.base@21.0.8/java.util.concurrent.ThreadPoolExecutor.getTask(ThreadPoolExecutor.java:1069)
        at java.base@21.0.8/java.util.concurrent.ThreadPoolExecutor.runWorker(ThreadPoolExecutor.java:1130)
        at java.base@21.0.8/java.util.concurrent.ThreadPoolExecutor$Worker.run(ThreadPoolExecutor.java:642)
        at java.base@21.0.8/java.lang.Thread.runWith(Thread.java:1596)
        at java.base@21.0.8/java.lang.Thread.run(Thread.java:1583)
"IPC Server handler 5 on default port 15021" daemon prio=5 tid=746 timed_waiting
java.lang.Thread.State: TIMED_WAITING
        at java.base@21.0.8/jdk.internal.misc.Unsafe.park(Native Method)
        at java.base@21.0.8/java.util.concurrent.locks.LockSupport.parkNanos(LockSupport.java:269)
        at java.base@21.0.8/java.util.concurrent.locks.AbstractQueuedSynchronizer$ConditionObject.awaitNanos(AbstractQueuedSynchronizer.java:1763)
        at java.base@21.0.8/java.util.concurrent.LinkedBlockingQueue.poll(LinkedBlockingQueue.java:460)
        at app//org.apache.hadoop.ipc.CallQueueManager.take(CallQueueManager.java:370)
        at app//org.apache.hadoop.ipc.Server$Handler.run(Server.java:3165)
"SSL Certificates Store Monitor" daemon prio=5 tid=518 in Object.wait()
java.lang.Thread.State: WAITING (on object monitor)
        at java.base@21.0.8/java.lang.Object.wait0(Native Method)
        at java.base@21.0.8/java.lang.Object.wait(Object.java:366)
        at java.base@21.0.8/java.lang.Object.wait(Object.java:339)
        at java.base@21.0.8/java.util.TimerThread.mainLoop(Timer.java:537)
        at java.base@21.0.8/java.util.TimerThread.run(Timer.java:516)
"Socket Reader #7 for port 15021" daemon prio=5 tid=734 runnable
java.lang.Thread.State: RUNNABLE
        at java.base@21.0.8/sun.nio.ch.EPoll.wait(Native Method)
        at java.base@21.0.8/sun.nio.ch.EPollSelectorImpl.doSelect(EPollSelectorImpl.java:121)
        at java.base@21.0.8/sun.nio.ch.SelectorImpl.lockAndDoSelect(SelectorImpl.java:130)
        at java.base@21.0.8/sun.nio.ch.SelectorImpl.select(SelectorImpl.java:147)
        at app//org.apache.hadoop.ipc.Server$Listener$Reader.doRunLoop(Server.java:1497)
        at app//org.apache.hadoop.ipc.Server$Listener$Reader.run(Server.java:1476)
"IPC Server handler 18 on default port 15002" daemon prio=5 tid=139 timed_waiting
java.lang.Thread.State: TIMED_WAITING
        at java.base@21.0.8/jdk.internal.misc.Unsafe.park(Native Method)
        at java.base@21.0.8/java.util.concurrent.locks.LockSupport.parkNanos(LockSupport.java:269)
        at java.base@21.0.8/java.util.concurrent.locks.AbstractQueuedSynchronizer$ConditionObject.awaitNanos(AbstractQueuedSynchronizer.java:1763)
        at java.base@21.0.8/java.util.concurrent.LinkedBlockingQueue.poll(LinkedBlockingQueue.java:460)
        at app//org.apache.hadoop.ipc.CallQueueManager.take(CallQueueManager.java:370)
        at app//org.apache.hadoop.ipc.Server$Handler.run(Server.java:3165)
"IPC Server handler 26 on default port 15004" daemon prio=5 tid=365 timed_waiting
java.lang.Thread.State: TIMED_WAITING
        at java.base@21.0.8/jdk.internal.misc.Unsafe.park(Native Method)
        at java.base@21.0.8/java.util.concurrent.locks.LockSupport.parkNanos(LockSupport.java:269)
        at java.base@21.0.8/java.util.concurrent.locks.AbstractQueuedSynchronizer$ConditionObject.awaitNanos(AbstractQueuedSynchronizer.java:1763)
        at java.base@21.0.8/java.util.concurrent.LinkedBlockingQueue.poll(LinkedBlockingQueue.java:460)
        at app//org.apache.hadoop.ipc.CallQueueManager.take(CallQueueManager.java:370)
        at app//org.apache.hadoop.ipc.Server$Handler.run(Server.java:3165)
"IPC Server handler 14 on default port 15004" daemon prio=5 tid=353 timed_waiting
java.lang.Thread.State: TIMED_WAITING
        at java.base@21.0.8/jdk.internal.misc.Unsafe.park(Native Method)
        at java.base@21.0.8/java.util.concurrent.locks.LockSupport.parkNanos(LockSupport.java:269)
        at java.base@21.0.8/java.util.concurrent.locks.AbstractQueuedSynchronizer$ConditionObject.awaitNanos(AbstractQueuedSynchronizer.java:1763)
        at java.base@21.0.8/java.util.concurrent.LinkedBlockingQueue.poll(LinkedBlockingQueue.java:460)
        at app//org.apache.hadoop.ipc.CallQueueManager.take(CallQueueManager.java:370)
        at app//org.apache.hadoop.ipc.Server$Handler.run(Server.java:3165)
"IPC Server handler 32 on default port 15004" daemon prio=5 tid=371 timed_waiting
java.lang.Thread.State: TIMED_WAITING
        at java.base@21.0.8/jdk.internal.misc.Unsafe.park(Native Method)
        at java.base@21.0.8/java.util.concurrent.locks.LockSupport.parkNanos(LockSupport.java:269)
        at java.base@21.0.8/java.util.concurrent.locks.AbstractQueuedSynchronizer$ConditionObject.awaitNanos(AbstractQueuedSynchronizer.java:1763)
        at java.base@21.0.8/java.util.concurrent.LinkedBlockingQueue.poll(LinkedBlockingQueue.java:460)
        at app//org.apache.hadoop.ipc.CallQueueManager.take(CallQueueManager.java:370)
        at app//org.apache.hadoop.ipc.Server$Handler.run(Server.java:3165)
"42a5f925-1bc2-4f8a-8509-c5ae65e6fcde-PeriodicHDDSVolumeChecker" daemon prio=5 tid=827 timed_waiting
java.lang.Thread.State: TIMED_WAITING
        at java.base@21.0.8/jdk.internal.misc.Unsafe.park(Native Method)
        at java.base@21.0.8/java.util.concurrent.locks.LockSupport.parkNanos(LockSupport.java:269)
        at java.base@21.0.8/java.util.concurrent.locks.AbstractQueuedSynchronizer$ConditionObject.awaitNanos(AbstractQueuedSynchronizer.java:1763)
        at java.base@21.0.8/java.util.concurrent.ScheduledThreadPoolExecutor$DelayedWorkQueue.take(ScheduledThreadPoolExecutor.java:1182)
        at java.base@21.0.8/java.util.concurrent.ScheduledThreadPoolExecutor$DelayedWorkQueue.take(ScheduledThreadPoolExecutor.java:899)
        at java.base@21.0.8/java.util.concurrent.ThreadPoolExecutor.getTask(ThreadPoolExecutor.java:1070)
        at java.base@21.0.8/java.util.concurrent.ThreadPoolExecutor.runWorker(ThreadPoolExecutor.java:1130)
        at java.base@21.0.8/java.util.concurrent.ThreadPoolExecutor$Worker.run(ThreadPoolExecutor.java:642)
        at java.base@21.0.8/java.lang.Thread.runWith(Thread.java:1596)
        at java.base@21.0.8/java.lang.Thread.run(Thread.java:1583)
"IPC Server handler 82 on default port 15004" daemon prio=5 tid=421 timed_waiting
java.lang.Thread.State: TIMED_WAITING
        at java.base@21.0.8/jdk.internal.misc.Unsafe.park(Native Method)
        at java.base@21.0.8/java.util.concurrent.locks.LockSupport.parkNanos(LockSupport.java:269)
        at java.base@21.0.8/java.util.concurrent.locks.AbstractQueuedSynchronizer$ConditionObject.awaitNanos(AbstractQueuedSynchronizer.java:1763)
        at java.base@21.0.8/java.util.concurrent.LinkedBlockingQueue.poll(LinkedBlockingQueue.java:460)
        at app//org.apache.hadoop.ipc.CallQueueManager.take(CallQueueManager.java:370)
        at app//org.apache.hadoop.ipc.Server$Handler.run(Server.java:3165)
"IPC Server handler 8 on default port 15002" daemon prio=5 tid=129 timed_waiting
java.lang.Thread.State: TIMED_WAITING
        at java.base@21.0.8/jdk.internal.misc.Unsafe.park(Native Method)
        at java.base@21.0.8/java.util.concurrent.locks.LockSupport.parkNanos(LockSupport.java:269)
        at java.base@21.0.8/java.util.concurrent.locks.AbstractQueuedSynchronizer$ConditionObject.awaitNanos(AbstractQueuedSynchronizer.java:1763)
        at java.base@21.0.8/java.util.concurrent.LinkedBlockingQueue.poll(LinkedBlockingQueue.java:460)
        at app//org.apache.hadoop.ipc.CallQueueManager.take(CallQueueManager.java:370)
        at app//org.apache.hadoop.ipc.Server$Handler.run(Server.java:3165)
"bucketTable_FullTableCache-Cleanup-0" daemon prio=5 tid=442 timed_waiting
java.lang.Thread.State: TIMED_WAITING
        at java.base@21.0.8/jdk.internal.misc.Unsafe.park(Native Method)
        at java.base@21.0.8/java.util.concurrent.locks.LockSupport.parkNanos(LockSupport.java:269)
        at java.base@21.0.8/java.util.concurrent.locks.AbstractQueuedSynchronizer$ConditionObject.awaitNanos(AbstractQueuedSynchronizer.java:1763)
        at java.base@21.0.8/java.util.concurrent.ScheduledThreadPoolExecutor$DelayedWorkQueue.take(ScheduledThreadPoolExecutor.java:1182)
        at java.base@21.0.8/java.util.concurrent.ScheduledThreadPoolExecutor$DelayedWorkQueue.take(ScheduledThreadPoolExecutor.java:899)
        at java.base@21.0.8/java.util.concurrent.ThreadPoolExecutor.getTask(ThreadPoolExecutor.java:1070)
        at java.base@21.0.8/java.util.concurrent.ThreadPoolExecutor.runWorker(ThreadPoolExecutor.java:1130)
        at java.base@21.0.8/java.util.concurrent.ThreadPoolExecutor$Worker.run(ThreadPoolExecutor.java:642)
        at java.base@21.0.8/java.lang.Thread.runWith(Thread.java:1596)
        at java.base@21.0.8/java.lang.Thread.run(Thread.java:1583)
"om1-MultipartUploadCleanupService#0" daemon prio=5 tid=481 timed_waiting
java.lang.Thread.State: TIMED_WAITING
        at java.base@21.0.8/jdk.internal.misc.Unsafe.park(Native Method)
        at java.base@21.0.8/java.util.concurrent.locks.LockSupport.parkNanos(LockSupport.java:269)
        at java.base@21.0.8/java.util.concurrent.locks.AbstractQueuedSynchronizer$ConditionObject.awaitNanos(AbstractQueuedSynchronizer.java:1763)
        at java.base@21.0.8/java.util.concurrent.ScheduledThreadPoolExecutor$DelayedWorkQueue.take(ScheduledThreadPoolExecutor.java:1182)
        at java.base@21.0.8/java.util.concurrent.ScheduledThreadPoolExecutor$DelayedWorkQueue.take(ScheduledThreadPoolExecutor.java:899)
        at java.base@21.0.8/java.util.concurrent.ThreadPoolExecutor.getTask(ThreadPoolExecutor.java:1070)
        at java.base@21.0.8/java.util.concurrent.ThreadPoolExecutor.runWorker(ThreadPoolExecutor.java:1130)
        at java.base@21.0.8/java.util.concurrent.ThreadPoolExecutor$Worker.run(ThreadPoolExecutor.java:642)
        at java.base@21.0.8/java.lang.Thread.runWith(Thread.java:1596)
        at java.base@21.0.8/java.lang.Thread.run(Thread.java:1583)
"0ed0910f-4ac9-4f62-be34-d90c51a3e6c9-NettyServerStreamRpc-bossGroup--thread1" daemon prio=5 tid=902 runnable
java.lang.Thread.State: RUNNABLE
        at app//org.apache.ratis.thirdparty.io.netty.channel.epoll.Native.epollWait(Native Method)
        at app//org.apache.ratis.thirdparty.io.netty.channel.epoll.Native.epollWait(Native.java:220)
        at app//org.apache.ratis.thirdparty.io.netty.channel.epoll.Native.epollWait(Native.java:213)
        at app//org.apache.ratis.thirdparty.io.netty.channel.epoll.EpollEventLoop.epollWaitNoTimerChange(EpollEventLoop.java:308)
        at app//org.apache.ratis.thirdparty.io.netty.channel.epoll.EpollEventLoop.run(EpollEventLoop.java:365)
        at app//org.apache.ratis.thirdparty.io.netty.util.concurrent.SingleThreadEventExecutor$4.run(SingleThreadEventExecutor.java:998)
        at app//org.apache.ratis.thirdparty.io.netty.util.internal.ThreadExecutorMap$2.run(ThreadExecutorMap.java:74)
        at java.base@21.0.8/java.lang.Thread.runWith(Thread.java:1596)
        at java.base@21.0.8/java.lang.Thread.run(Thread.java:1583)
"qtp391903823-547" daemon prio=5 tid=547 timed_waiting
java.lang.Thread.State: TIMED_WAITING
        at java.base@21.0.8/jdk.internal.misc.Unsafe.park(Native Method)
        at java.base@21.0.8/java.util.concurrent.locks.LockSupport.parkNanos(LockSupport.java:410)
        at java.base@21.0.8/java.util.concurrent.LinkedTransferQueue$DualNode.await(LinkedTransferQueue.java:452)
        at java.base@21.0.8/java.util.concurrent.SynchronousQueue$Transferer.xferLifo(SynchronousQueue.java:194)
        at java.base@21.0.8/java.util.concurrent.SynchronousQueue.xfer(SynchronousQueue.java:235)
        at java.base@21.0.8/java.util.concurrent.SynchronousQueue.poll(SynchronousQueue.java:338)
        at app//org.eclipse.jetty.util.thread.ReservedThreadExecutor$ReservedThread.reservedWait(ReservedThreadExecutor.java:324)
        at app//org.eclipse.jetty.util.thread.ReservedThreadExecutor$ReservedThread.run(ReservedThreadExecutor.java:399)
        at app//org.eclipse.jetty.util.thread.QueuedThreadPool.runJob(QueuedThreadPool.java:883)
        at app//org.eclipse.jetty.util.thread.QueuedThreadPool$Runner.run(QueuedThreadPool.java:1034)
        at java.base@21.0.8/java.lang.Thread.runWith(Thread.java:1596)
        at java.base@21.0.8/java.lang.Thread.run(Thread.java:1583)
"IPC Server handler 36 on default port 15004" daemon prio=5 tid=375 timed_waiting
java.lang.Thread.State: TIMED_WAITING
        at java.base@21.0.8/jdk.internal.misc.Unsafe.park(Native Method)
        at java.base@21.0.8/java.util.concurrent.locks.LockSupport.parkNanos(LockSupport.java:269)
        at java.base@21.0.8/java.util.concurrent.locks.AbstractQueuedSynchronizer$ConditionObject.awaitNanos(AbstractQueuedSynchronizer.java:1763)
        at java.base@21.0.8/java.util.concurrent.LinkedBlockingQueue.poll(LinkedBlockingQueue.java:460)
        at app//org.apache.hadoop.ipc.CallQueueManager.take(CallQueueManager.java:370)
        at app//org.apache.hadoop.ipc.Server$Handler.run(Server.java:3165)
"IPC Server handler 17 on default port 15008" daemon prio=5 tid=509 timed_waiting
java.lang.Thread.State: TIMED_WAITING
        at java.base@21.0.8/jdk.internal.misc.Unsafe.park(Native Method)
        at java.base@21.0.8/java.util.concurrent.locks.LockSupport.parkNanos(LockSupport.java:269)
        at java.base@21.0.8/java.util.concurrent.locks.AbstractQueuedSynchronizer$ConditionObject.awaitNanos(AbstractQueuedSynchronizer.java:1763)
        at java.base@21.0.8/java.util.concurrent.LinkedBlockingQueue.poll(LinkedBlockingQueue.java:460)
        at app//org.apache.hadoop.ipc.CallQueueManager.take(CallQueueManager.java:370)
        at app//org.apache.hadoop.ipc.Server$Handler.run(Server.java:3165)
"SSL Certificates Store Monitor" daemon prio=5 tid=1376 in Object.wait()
java.lang.Thread.State: WAITING (on object monitor)
        at java.base@21.0.8/java.lang.Object.wait0(Native Method)
        at java.base@21.0.8/java.lang.Object.wait(Object.java:366)
        at java.base@21.0.8/java.lang.Object.wait(Object.java:339)
        at java.base@21.0.8/java.util.TimerThread.mainLoop(Timer.java:537)
        at java.base@21.0.8/java.util.TimerThread.run(Timer.java:516)
"IPC Server handler 0 on default port 15037" daemon prio=5 tid=883 timed_waiting
java.lang.Thread.State: TIMED_WAITING
        at java.base@21.0.8/jdk.internal.misc.Unsafe.park(Native Method)
        at java.base@21.0.8/java.util.concurrent.locks.LockSupport.parkNanos(LockSupport.java:269)
        at java.base@21.0.8/java.util.concurrent.locks.AbstractQueuedSynchronizer$ConditionObject.awaitNanos(AbstractQueuedSynchronizer.java:1763)
        at java.base@21.0.8/java.util.concurrent.LinkedBlockingQueue.poll(LinkedBlockingQueue.java:460)
        at app//org.apache.hadoop.ipc.CallQueueManager.take(CallQueueManager.java:370)
        at app//org.apache.hadoop.ipc.Server$Handler.run(Server.java:3165)
"IPC Server handler 2 on default port 15001" daemon prio=5 tid=560 timed_waiting
java.lang.Thread.State: TIMED_WAITING
        at java.base@21.0.8/jdk.internal.misc.Unsafe.park(Native Method)
        at java.base@21.0.8/java.util.concurrent.locks.LockSupport.parkNanos(LockSupport.java:269)
        at java.base@21.0.8/java.util.concurrent.locks.AbstractQueuedSynchronizer$ConditionObject.awaitNanos(AbstractQueuedSynchronizer.java:1763)
        at java.base@21.0.8/java.util.concurrent.LinkedBlockingQueue.poll(LinkedBlockingQueue.java:460)
        at app//org.apache.hadoop.ipc.CallQueueManager.take(CallQueueManager.java:370)
        at app//org.apache.hadoop.ipc.Server$Handler.run(Server.java:3165)
"IPC Server handler 4 on default port 15004" daemon prio=5 tid=343 timed_waiting
java.lang.Thread.State: TIMED_WAITING
        at java.base@21.0.8/jdk.internal.misc.Unsafe.park(Native Method)
        at java.base@21.0.8/java.util.concurrent.locks.LockSupport.parkNanos(LockSupport.java:269)
        at java.base@21.0.8/java.util.concurrent.locks.AbstractQueuedSynchronizer$ConditionObject.awaitNanos(AbstractQueuedSynchronizer.java:1763)
        at java.base@21.0.8/java.util.concurrent.LinkedBlockingQueue.poll(LinkedBlockingQueue.java:460)
        at app//org.apache.hadoop.ipc.CallQueueManager.take(CallQueueManager.java:370)
        at app//org.apache.hadoop.ipc.Server$Handler.run(Server.java:3165)
"346684e1-b57f-4c29-9507-935dad45bd68-BlockDeletingService#1" daemon prio=5 tid=1001 timed_waiting
java.lang.Thread.State: TIMED_WAITING
        at java.base@21.0.8/jdk.internal.misc.Unsafe.park(Native Method)
        at java.base@21.0.8/java.util.concurrent.locks.LockSupport.parkNanos(LockSupport.java:269)
        at java.base@21.0.8/java.util.concurrent.locks.AbstractQueuedSynchronizer$ConditionObject.awaitNanos(AbstractQueuedSynchronizer.java:1763)
        at java.base@21.0.8/java.util.concurrent.ScheduledThreadPoolExecutor$DelayedWorkQueue.take(ScheduledThreadPoolExecutor.java:1182)
        at java.base@21.0.8/java.util.concurrent.ScheduledThreadPoolExecutor$DelayedWorkQueue.take(ScheduledThreadPoolExecutor.java:899)
        at java.base@21.0.8/java.util.concurrent.ThreadPoolExecutor.getTask(ThreadPoolExecutor.java:1070)
        at java.base@21.0.8/java.util.concurrent.ThreadPoolExecutor.runWorker(ThreadPoolExecutor.java:1130)
        at java.base@21.0.8/java.util.concurrent.ThreadPoolExecutor$Worker.run(ThreadPoolExecutor.java:642)
        at java.base@21.0.8/java.lang.Thread.runWith(Thread.java:1596)
        at java.base@21.0.8/java.lang.Thread.run(Thread.java:1583)
"IPC Server handler 9 on default port 15013" daemon prio=5 tid=704 timed_waiting
java.lang.Thread.State: TIMED_WAITING
        at java.base@21.0.8/jdk.internal.misc.Unsafe.park(Native Method)
        at java.base@21.0.8/java.util.concurrent.locks.LockSupport.parkNanos(LockSupport.java:269)
        at java.base@21.0.8/java.util.concurrent.locks.AbstractQueuedSynchronizer$ConditionObject.awaitNanos(AbstractQueuedSynchronizer.java:1763)
        at java.base@21.0.8/java.util.concurrent.LinkedBlockingQueue.poll(LinkedBlockingQueue.java:460)
        at app//org.apache.hadoop.ipc.CallQueueManager.take(CallQueueManager.java:370)
        at app//org.apache.hadoop.ipc.Server$Handler.run(Server.java:3165)
"Connector-Scheduler-313f5fe8-1"  prio=5 tid=1152 timed_waiting
java.lang.Thread.State: TIMED_WAITING
        at java.base@21.0.8/jdk.internal.misc.Unsafe.park(Native Method)
        at java.base@21.0.8/java.util.concurrent.locks.LockSupport.parkNanos(LockSupport.java:269)
        at java.base@21.0.8/java.util.concurrent.locks.AbstractQueuedSynchronizer$ConditionObject.awaitNanos(AbstractQueuedSynchronizer.java:1763)
        at java.base@21.0.8/java.util.concurrent.ScheduledThreadPoolExecutor$DelayedWorkQueue.take(ScheduledThreadPoolExecutor.java:1182)
        at java.base@21.0.8/java.util.concurrent.ScheduledThreadPoolExecutor$DelayedWorkQueue.take(ScheduledThreadPoolExecutor.java:899)
        at java.base@21.0.8/java.util.concurrent.ThreadPoolExecutor.getTask(ThreadPoolExecutor.java:1070)
        at java.base@21.0.8/java.util.concurrent.ThreadPoolExecutor.runWorker(ThreadPoolExecutor.java:1130)
        at java.base@21.0.8/java.util.concurrent.ThreadPoolExecutor$Worker.run(ThreadPoolExecutor.java:642)
        at java.base@21.0.8/java.lang.Thread.runWith(Thread.java:1596)
        at java.base@21.0.8/java.lang.Thread.run(Thread.java:1583)
"IPC Server handler 69 on default port 15004" daemon prio=5 tid=408 timed_waiting
java.lang.Thread.State: TIMED_WAITING
        at java.base@21.0.8/jdk.internal.misc.Unsafe.park(Native Method)
        at java.base@21.0.8/java.util.concurrent.locks.LockSupport.parkNanos(LockSupport.java:269)
        at java.base@21.0.8/java.util.concurrent.locks.AbstractQueuedSynchronizer$ConditionObject.awaitNanos(AbstractQueuedSynchronizer.java:1763)
        at java.base@21.0.8/java.util.concurrent.LinkedBlockingQueue.poll(LinkedBlockingQueue.java:460)
        at app//org.apache.hadoop.ipc.CallQueueManager.take(CallQueueManager.java:370)
        at app//org.apache.hadoop.ipc.Server$Handler.run(Server.java:3165)
"IPC Server handler 90 on default port 15002" daemon prio=5 tid=211 timed_waiting
java.lang.Thread.State: TIMED_WAITING
        at java.base@21.0.8/jdk.internal.misc.Unsafe.park(Native Method)
        at java.base@21.0.8/java.util.concurrent.locks.LockSupport.parkNanos(LockSupport.java:269)
        at java.base@21.0.8/java.util.concurrent.locks.AbstractQueuedSynchronizer$ConditionObject.awaitNanos(AbstractQueuedSynchronizer.java:1763)
        at java.base@21.0.8/java.util.concurrent.LinkedBlockingQueue.poll(LinkedBlockingQueue.java:460)
        at app//org.apache.hadoop.ipc.CallQueueManager.take(CallQueueManager.java:370)
        at app//org.apache.hadoop.ipc.Server$Handler.run(Server.java:3165)
"Socket Reader #8 for port 15001" daemon prio=5 tid=528 runnable
java.lang.Thread.State: RUNNABLE
        at java.base@21.0.8/sun.nio.ch.EPoll.wait(Native Method)
        at java.base@21.0.8/sun.nio.ch.EPollSelectorImpl.doSelect(EPollSelectorImpl.java:121)
        at java.base@21.0.8/sun.nio.ch.SelectorImpl.lockAndDoSelect(SelectorImpl.java:130)
        at java.base@21.0.8/sun.nio.ch.SelectorImpl.select(SelectorImpl.java:147)
        at app//org.apache.hadoop.ipc.Server$Listener$Reader.doRunLoop(Server.java:1497)
        at app//org.apache.hadoop.ipc.Server$Listener$Reader.run(Server.java:1476)
"DiskUsage-/home/runner/work/ozone/ozone/hadoop-ozone/integration-test-recon/target/test-dir/MiniOzoneClusterImpl-e405f726-f354-48a5-b90a-334fe627f997/ozone-metadata/datanode-4/data-0-
" daemon prio=5 tid=986 timed_waiting
java.lang.Thread.State: TIMED_WAITING
        at java.base@21.0.8/jdk.internal.misc.Unsafe.park(Native Method)
        at java.base@21.0.8/java.util.concurrent.locks.LockSupport.parkNanos(LockSupport.java:269)
        at java.base@21.0.8/java.util.concurrent.locks.AbstractQueuedSynchronizer$ConditionObject.awaitNanos(AbstractQueuedSynchronizer.java:1763)
        at java.base@21.0.8/java.util.concurrent.ScheduledThreadPoolExecutor$DelayedWorkQueue.take(ScheduledThreadPoolExecutor.java:1182)
        at java.base@21.0.8/java.util.concurrent.ScheduledThreadPoolExecutor$DelayedWorkQueue.take(ScheduledThreadPoolExecutor.java:899)
        at java.base@21.0.8/java.util.concurrent.ThreadPoolExecutor.getTask(ThreadPoolExecutor.java:1070)
        at java.base@21.0.8/java.util.concurrent.ThreadPoolExecutor.runWorker(ThreadPoolExecutor.java:1130)
        at java.base@21.0.8/java.util.concurrent.ThreadPoolExecutor$Worker.run(ThreadPoolExecutor.java:642)
        at java.base@21.0.8/java.lang.Thread.runWith(Thread.java:1596)
        at java.base@21.0.8/java.lang.Thread.run(Thread.java:1583)
"IPC Server handler 10 on default port 15001" daemon prio=5 tid=568 timed_waiting
java.lang.Thread.State: TIMED_WAITING
        at java.base@21.0.8/jdk.internal.misc.Unsafe.park(Native Method)
        at java.base@21.0.8/java.util.concurrent.locks.LockSupport.parkNanos(LockSupport.java:269)
        at java.base@21.0.8/java.util.concurrent.locks.AbstractQueuedSynchronizer$ConditionObject.awaitNanos(AbstractQueuedSynchronizer.java:1763)
        at java.base@21.0.8/java.util.concurrent.LinkedBlockingQueue.poll(LinkedBlockingQueue.java:460)
        at app//org.apache.hadoop.ipc.CallQueueManager.take(CallQueueManager.java:370)
        at app//org.apache.hadoop.ipc.Server$Handler.run(Server.java:3165)
"0ed0910f-4ac9-4f62-be34-d90c51a3e6c9-BlockDeletingService#1" daemon prio=5 tid=1026 in Object.wait()
java.lang.Thread.State: WAITING (on object monitor)
        at java.base@21.0.8/jdk.internal.misc.Unsafe.park(Native Method)
        at java.base@21.0.8/java.util.concurrent.locks.LockSupport.park(LockSupport.java:371)
        at java.base@21.0.8/java.util.concurrent.locks.AbstractQueuedSynchronizer$ConditionNode.block(AbstractQueuedSynchronizer.java:519)
        at java.base@21.0.8/java.util.concurrent.ForkJoinPool.unmanagedBlock(ForkJoinPool.java:3780)
        at java.base@21.0.8/java.util.concurrent.ForkJoinPool.managedBlock(ForkJoinPool.java:3725)
        at java.base@21.0.8/java.util.concurrent.locks.AbstractQueuedSynchronizer$ConditionObject.await(AbstractQueuedSynchronizer.java:1712)
        at java.base@21.0.8/java.util.concurrent.ScheduledThreadPoolExecutor$DelayedWorkQueue.take(ScheduledThreadPoolExecutor.java:1177)
        at java.base@21.0.8/java.util.concurrent.ScheduledThreadPoolExecutor$DelayedWorkQueue.take(ScheduledThreadPoolExecutor.java:899)
        at java.base@21.0.8/java.util.concurrent.ThreadPoolExecutor.getTask(ThreadPoolExecutor.java:1070)
        at java.base@21.0.8/java.util.concurrent.ThreadPoolExecutor.runWorker(ThreadPoolExecutor.java:1130)
        at java.base@21.0.8/java.util.concurrent.ThreadPoolExecutor$Worker.run(ThreadPoolExecutor.java:642)
        at java.base@21.0.8/java.lang.Thread.runWith(Thread.java:1596)
        at java.base@21.0.8/java.lang.Thread.run(Thread.java:1583)
"346684e1-b57f-4c29-9507-935dad45bd68-ReplicationContainerReader-2" daemon prio=5 tid=1326 in Object.wait()
java.lang.Thread.State: WAITING (on object monitor)
        at java.base@21.0.8/jdk.internal.misc.Unsafe.park(Native Method)
        at java.base@21.0.8/java.util.concurrent.locks.LockSupport.park(LockSupport.java:371)
        at java.base@21.0.8/java.util.concurrent.locks.AbstractQueuedSynchronizer$ConditionNode.block(AbstractQueuedSynchronizer.java:519)
        at java.base@21.0.8/java.util.concurrent.ForkJoinPool.unmanagedBlock(ForkJoinPool.java:3780)
        at java.base@21.0.8/java.util.concurrent.ForkJoinPool.managedBlock(ForkJoinPool.java:3725)
        at java.base@21.0.8/java.util.concurrent.locks.AbstractQueuedSynchronizer$ConditionObject.await(AbstractQueuedSynchronizer.java:1712)
        at java.base@21.0.8/java.util.concurrent.LinkedBlockingQueue.take(LinkedBlockingQueue.java:435)
        at java.base@21.0.8/java.util.concurrent.ThreadPoolExecutor.getTask(ThreadPoolExecutor.java:1070)
        at java.base@21.0.8/java.util.concurrent.ThreadPoolExecutor.runWorker(ThreadPoolExecutor.java:1130)
        at java.base@21.0.8/java.util.concurrent.ThreadPoolExecutor$Worker.run(ThreadPoolExecutor.java:642)
        at java.base@21.0.8/java.lang.Thread.runWith(Thread.java:1596)
        at java.base@21.0.8/java.lang.Thread.run(Thread.java:1583)
"IPC Server handler 97 on default port 15001" daemon prio=5 tid=655 timed_waiting
java.lang.Thread.State: TIMED_WAITING
        at java.base@21.0.8/jdk.internal.misc.Unsafe.park(Native Method)
        at java.base@21.0.8/java.util.concurrent.locks.LockSupport.parkNanos(LockSupport.java:269)
        at java.base@21.0.8/java.util.concurrent.locks.AbstractQueuedSynchronizer$ConditionObject.awaitNanos(AbstractQueuedSynchronizer.java:1763)
        at java.base@21.0.8/java.util.concurrent.LinkedBlockingQueue.poll(LinkedBlockingQueue.java:460)
        at app//org.apache.hadoop.ipc.CallQueueManager.take(CallQueueManager.java:370)
        at app//org.apache.hadoop.ipc.Server$Handler.run(Server.java:3165)
"ReconTaskThread-0"  prio=5 tid=1233 in Object.wait()
java.lang.Thread.State: WAITING (on object monitor)
        at java.base@21.0.8/jdk.internal.misc.Unsafe.park(Native Method)
        at java.base@21.0.8/java.util.concurrent.locks.LockSupport.park(LockSupport.java:371)
        at java.base@21.0.8/java.util.concurrent.locks.AbstractQueuedSynchronizer$ConditionNode.block(AbstractQueuedSynchronizer.java:519)
        at java.base@21.0.8/java.util.concurrent.ForkJoinPool.unmanagedBlock(ForkJoinPool.java:3780)
        at java.base@21.0.8/java.util.concurrent.ForkJoinPool.managedBlock(ForkJoinPool.java:3725)
        at java.base@21.0.8/java.util.concurrent.locks.AbstractQueuedSynchronizer$ConditionObject.await(AbstractQueuedSynchronizer.java:1712)
        at java.base@21.0.8/java.util.concurrent.LinkedBlockingQueue.take(LinkedBlockingQueue.java:435)
        at java.base@21.0.8/java.util.concurrent.ThreadPoolExecutor.getTask(ThreadPoolExecutor.java:1070)
        at java.base@21.0.8/java.util.concurrent.ThreadPoolExecutor.runWorker(ThreadPoolExecutor.java:1130)
        at java.base@21.0.8/java.util.concurrent.ThreadPoolExecutor$Worker.run(ThreadPoolExecutor.java:642)
        at java.base@21.0.8/java.lang.Thread.runWith(Thread.java:1596)
        at java.base@21.0.8/java.lang.Thread.run(Thread.java:1583)
"IPC Server handler 8 on default port 15037" daemon prio=5 tid=891 timed_waiting
java.lang.Thread.State: TIMED_WAITING
        at java.base@21.0.8/jdk.internal.misc.Unsafe.park(Native Method)
        at java.base@21.0.8/java.util.concurrent.locks.LockSupport.parkNanos(LockSupport.java:269)
        at java.base@21.0.8/java.util.concurrent.locks.AbstractQueuedSynchronizer$ConditionObject.awaitNanos(AbstractQueuedSynchronizer.java:1763)
        at java.base@21.0.8/java.util.concurrent.LinkedBlockingQueue.poll(LinkedBlockingQueue.java:460)
        at app//org.apache.hadoop.ipc.CallQueueManager.take(CallQueueManager.java:370)
        at app//org.apache.hadoop.ipc.Server$Handler.run(Server.java:3165)
"Socket Reader #2 for port 15013" daemon prio=5 tid=683 runnable
java.lang.Thread.State: RUNNABLE
        at java.base@21.0.8/sun.nio.ch.EPoll.wait(Native Method)
        at java.base@21.0.8/sun.nio.ch.EPollSelectorImpl.doSelect(EPollSelectorImpl.java:121)
        at java.base@21.0.8/sun.nio.ch.SelectorImpl.lockAndDoSelect(SelectorImpl.java:130)
        at java.base@21.0.8/sun.nio.ch.SelectorImpl.select(SelectorImpl.java:147)
        at app//org.apache.hadoop.ipc.Server$Listener$Reader.doRunLoop(Server.java:1497)
        at app//org.apache.hadoop.ipc.Server$Listener$Reader.run(Server.java:1476)
"Socket Reader #8 for port 15004" daemon prio=5 tid=70 runnable
java.lang.Thread.State: RUNNABLE
        at java.base@21.0.8/sun.nio.ch.EPoll.wait(Native Method)
        at java.base@21.0.8/sun.nio.ch.EPollSelectorImpl.doSelect(EPollSelectorImpl.java:121)
        at java.base@21.0.8/sun.nio.ch.SelectorImpl.lockAndDoSelect(SelectorImpl.java:130)
        at java.base@21.0.8/sun.nio.ch.SelectorImpl.select(SelectorImpl.java:147)
        at app//org.apache.hadoop.ipc.Server$Listener$Reader.doRunLoop(Server.java:1497)
        at app//org.apache.hadoop.ipc.Server$Listener$Reader.run(Server.java:1476)
"IPC Server handler 83 on default port 15003" daemon prio=5 tid=304 timed_waiting
java.lang.Thread.State: TIMED_WAITING
        at java.base@21.0.8/jdk.internal.misc.Unsafe.park(Native Method)
        at java.base@21.0.8/java.util.concurrent.locks.LockSupport.parkNanos(LockSupport.java:269)
        at java.base@21.0.8/java.util.concurrent.locks.AbstractQueuedSynchronizer$ConditionObject.awaitNanos(AbstractQueuedSynchronizer.java:1763)
        at java.base@21.0.8/java.util.concurrent.LinkedBlockingQueue.poll(LinkedBlockingQueue.java:460)
        at app//org.apache.hadoop.ipc.CallQueueManager.take(CallQueueManager.java:370)
        at app//org.apache.hadoop.ipc.Server$Handler.run(Server.java:3165)
"IPC Server handler 79 on default port 15001" daemon prio=5 tid=637 timed_waiting
java.lang.Thread.State: TIMED_WAITING
        at java.base@21.0.8/jdk.internal.misc.Unsafe.park(Native Method)
        at java.base@21.0.8/java.util.concurrent.locks.LockSupport.parkNanos(LockSupport.java:269)
        at java.base@21.0.8/java.util.concurrent.locks.AbstractQueuedSynchronizer$ConditionObject.awaitNanos(AbstractQueuedSynchronizer.java:1763)
        at java.base@21.0.8/java.util.concurrent.LinkedBlockingQueue.poll(LinkedBlockingQueue.java:460)
        at app//org.apache.hadoop.ipc.CallQueueManager.take(CallQueueManager.java:370)
        at app//org.apache.hadoop.ipc.Server$Handler.run(Server.java:3165)
"Socket Reader #1 for port 15002" daemon prio=5 tid=91 runnable
java.lang.Thread.State: RUNNABLE
        at java.base@21.0.8/sun.nio.ch.EPoll.wait(Native Method)
        at java.base@21.0.8/sun.nio.ch.EPollSelectorImpl.doSelect(EPollSelectorImpl.java:121)
        at java.base@21.0.8/sun.nio.ch.SelectorImpl.lockAndDoSelect(SelectorImpl.java:130)
        at java.base@21.0.8/sun.nio.ch.SelectorImpl.select(SelectorImpl.java:147)
        at app//org.apache.hadoop.ipc.Server$Listener$Reader.doRunLoop(Server.java:1497)
        at app//org.apache.hadoop.ipc.Server$Listener$Reader.run(Server.java:1476)
"Keep-Alive-Timer" daemon prio=8 tid=1157 timed_waiting
java.lang.Thread.State: TIMED_WAITING
        at java.base@21.0.8/java.lang.Thread.sleep0(Native Method)
        at java.base@21.0.8/java.lang.Thread.sleep(Thread.java:509)
        at java.base@21.0.8/sun.net.www.http.KeepAliveCache.run(KeepAliveCache.java:238)
        at java.base@21.0.8/java.lang.Thread.runWith(Thread.java:1596)
        at java.base@21.0.8/java.lang.Thread.run(Thread.java:1583)
        at java.base@21.0.8/jdk.internal.misc.InnocuousThread.run(InnocuousThread.java:186)
"qtp1553533936-486" daemon prio=5 tid=486 timed_waiting
java.lang.Thread.State: TIMED_WAITING
        at java.base@21.0.8/jdk.internal.misc.Unsafe.park(Native Method)
        at java.base@21.0.8/java.util.concurrent.locks.LockSupport.parkNanos(LockSupport.java:269)
        at java.base@21.0.8/java.util.concurrent.locks.AbstractQueuedSynchronizer$ConditionObject.awaitNanos(AbstractQueuedSynchronizer.java:1763)
        at app//org.eclipse.jetty.util.BlockingArrayQueue.poll(BlockingArrayQueue.java:382)
        at app//org.eclipse.jetty.util.thread.QueuedThreadPool$Runner.idleJobPoll(QueuedThreadPool.java:974)
        at app//org.eclipse.jetty.util.thread.QueuedThreadPool$Runner.run(QueuedThreadPool.java:1018)
        at java.base@21.0.8/java.lang.Thread.runWith(Thread.java:1596)
        at java.base@21.0.8/java.lang.Thread.run(Thread.java:1583)
"IPC Server handler 58 on default port 15001" daemon prio=5 tid=616 timed_waiting
java.lang.Thread.State: TIMED_WAITING
        at java.base@21.0.8/jdk.internal.misc.Unsafe.park(Native Method)
        at java.base@21.0.8/java.util.concurrent.locks.LockSupport.parkNanos(LockSupport.java:269)
        at java.base@21.0.8/java.util.concurrent.locks.AbstractQueuedSynchronizer$ConditionObject.awaitNanos(AbstractQueuedSynchronizer.java:1763)
        at java.base@21.0.8/java.util.concurrent.LinkedBlockingQueue.poll(LinkedBlockingQueue.java:460)
        at app//org.apache.hadoop.ipc.CallQueueManager.take(CallQueueManager.java:370)
        at app//org.apache.hadoop.ipc.Server$Handler.run(Server.java:3165)
"IPC Server handler 15 on default port 15004" daemon prio=5 tid=354 timed_waiting
java.lang.Thread.State: TIMED_WAITING
        at java.base@21.0.8/jdk.internal.misc.Unsafe.park(Native Method)
        at java.base@21.0.8/java.util.concurrent.locks.LockSupport.parkNanos(LockSupport.java:269)
        at java.base@21.0.8/java.util.concurrent.locks.AbstractQueuedSynchronizer$ConditionObject.awaitNanos(AbstractQueuedSynchronizer.java:1763)
        at java.base@21.0.8/java.util.concurrent.LinkedBlockingQueue.poll(LinkedBlockingQueue.java:460)
        at app//org.apache.hadoop.ipc.CallQueueManager.take(CallQueueManager.java:370)
        at app//org.apache.hadoop.ipc.Server$Handler.run(Server.java:3165)
"IPC Server Responder" daemon prio=5 tid=461 runnable
java.lang.Thread.State: RUNNABLE
        at java.base@21.0.8/sun.nio.ch.EPoll.wait(Native Method)
        at java.base@21.0.8/sun.nio.ch.EPollSelectorImpl.doSelect(EPollSelectorImpl.java:121)
        at java.base@21.0.8/sun.nio.ch.SelectorImpl.lockAndDoSelect(SelectorImpl.java:130)
        at java.base@21.0.8/sun.nio.ch.SelectorImpl.select(SelectorImpl.java:142)
        at app//org.apache.hadoop.ipc.Server$Responder.doRunLoop(Server.java:1733)
        at app//org.apache.hadoop.ipc.Server$Responder.run(Server.java:1716)
"Socket Reader #7 for port 15001" daemon prio=5 tid=527 runnable
java.lang.Thread.State: RUNNABLE
        at java.base@21.0.8/sun.nio.ch.EPoll.wait(Native Method)
        at java.base@21.0.8/sun.nio.ch.EPollSelectorImpl.doSelect(EPollSelectorImpl.java:121)
        at java.base@21.0.8/sun.nio.ch.SelectorImpl.lockAndDoSelect(SelectorImpl.java:130)
        at java.base@21.0.8/sun.nio.ch.SelectorImpl.select(SelectorImpl.java:147)
        at app//org.apache.hadoop.ipc.Server$Listener$Reader.doRunLoop(Server.java:1497)
        at app//org.apache.hadoop.ipc.Server$Listener$Reader.run(Server.java:1476)
"IPC Server handler 25 on default port 15001" daemon prio=5 tid=583 timed_waiting
java.lang.Thread.State: TIMED_WAITING
        at java.base@21.0.8/jdk.internal.misc.Unsafe.park(Native Method)
        at java.base@21.0.8/java.util.concurrent.locks.LockSupport.parkNanos(LockSupport.java:269)
        at java.base@21.0.8/java.util.concurrent.locks.AbstractQueuedSynchronizer$ConditionObject.awaitNanos(AbstractQueuedSynchronizer.java:1763)
        at java.base@21.0.8/java.util.concurrent.LinkedBlockingQueue.poll(LinkedBlockingQueue.java:460)
        at app//org.apache.hadoop.ipc.CallQueueManager.take(CallQueueManager.java:370)
        at app//org.apache.hadoop.ipc.Server$Handler.run(Server.java:3165)
"IPC Server handler 0 on default port 15003" daemon prio=5 tid=221 timed_waiting
java.lang.Thread.State: TIMED_WAITING
        at java.base@21.0.8/jdk.internal.misc.Unsafe.park(Native Method)
        at java.base@21.0.8/java.util.concurrent.locks.LockSupport.parkNanos(LockSupport.java:269)
        at java.base@21.0.8/java.util.concurrent.locks.AbstractQueuedSynchronizer$ConditionObject.awaitNanos(AbstractQueuedSynchronizer.java:1763)
        at java.base@21.0.8/java.util.concurrent.LinkedBlockingQueue.poll(LinkedBlockingQueue.java:460)
        at app//org.apache.hadoop.ipc.CallQueueManager.take(CallQueueManager.java:370)
        at app//org.apache.hadoop.ipc.Server$Handler.run(Server.java:3165)
"IPC Server handler 24 on default port 15004" daemon prio=5 tid=363 timed_waiting
java.lang.Thread.State: TIMED_WAITING
        at java.base@21.0.8/jdk.internal.misc.Unsafe.park(Native Method)
        at java.base@21.0.8/java.util.concurrent.locks.LockSupport.parkNanos(LockSupport.java:269)
        at java.base@21.0.8/java.util.concurrent.locks.AbstractQueuedSynchronizer$ConditionObject.awaitNanos(AbstractQueuedSynchronizer.java:1763)
        at java.base@21.0.8/java.util.concurrent.LinkedBlockingQueue.poll(LinkedBlockingQueue.java:460)
        at app//org.apache.hadoop.ipc.CallQueueManager.take(CallQueueManager.java:370)
        at app//org.apache.hadoop.ipc.Server$Handler.run(Server.java:3165)
"IPC Server idle connection scanner for port 15004" daemon prio=5 tid=73 timed_waiting
java.lang.Thread.State: TIMED_WAITING
        at java.base@21.0.8/java.lang.Object.wait0(Native Method)
        at java.base@21.0.8/java.lang.Object.wait(Object.java:366)
        at java.base@21.0.8/java.util.TimerThread.mainLoop(Timer.java:563)
        at java.base@21.0.8/java.util.TimerThread.run(Timer.java:516)
"IPC Server handler 48 on default port 15004" daemon prio=5 tid=387 timed_waiting
java.lang.Thread.State: TIMED_WAITING
        at java.base@21.0.8/jdk.internal.misc.Unsafe.park(Native Method)
        at java.base@21.0.8/java.util.concurrent.locks.LockSupport.parkNanos(LockSupport.java:269)
        at java.base@21.0.8/java.util.concurrent.locks.AbstractQueuedSynchronizer$ConditionObject.awaitNanos(AbstractQueuedSynchronizer.java:1763)
        at java.base@21.0.8/java.util.concurrent.LinkedBlockingQueue.poll(LinkedBlockingQueue.java:460)
        at app//org.apache.hadoop.ipc.CallQueueManager.take(CallQueueManager.java:370)
        at app//org.apache.hadoop.ipc.Server$Handler.run(Server.java:3165)
"grpc-shared-destroyer-0" daemon prio=5 tid=49 in Object.wait()
java.lang.Thread.State: WAITING (on object monitor)
        at java.base@21.0.8/jdk.internal.misc.Unsafe.park(Native Method)
        at java.base@21.0.8/java.util.concurrent.locks.LockSupport.park(LockSupport.java:371)
        at java.base@21.0.8/java.util.concurrent.locks.AbstractQueuedSynchronizer$ConditionNode.block(AbstractQueuedSynchronizer.java:519)
        at java.base@21.0.8/java.util.concurrent.ForkJoinPool.unmanagedBlock(ForkJoinPool.java:3780)
        at java.base@21.0.8/java.util.concurrent.ForkJoinPool.managedBlock(ForkJoinPool.java:3725)
        at java.base@21.0.8/java.util.concurrent.locks.AbstractQueuedSynchronizer$ConditionObject.await(AbstractQueuedSynchronizer.java:1712)
        at java.base@21.0.8/java.util.concurrent.ScheduledThreadPoolExecutor$DelayedWorkQueue.take(ScheduledThreadPoolExecutor.java:1170)
        at java.base@21.0.8/java.util.concurrent.ScheduledThreadPoolExecutor$DelayedWorkQueue.take(ScheduledThreadPoolExecutor.java:899)
        at java.base@21.0.8/java.util.concurrent.ThreadPoolExecutor.getTask(ThreadPoolExecutor.java:1070)
        at java.base@21.0.8/java.util.concurrent.ThreadPoolExecutor.runWorker(ThreadPoolExecutor.java:1130)
        at java.base@21.0.8/java.util.concurrent.ThreadPoolExecutor$Worker.run(ThreadPoolExecutor.java:642)
        at java.base@21.0.8/java.lang.Thread.runWith(Thread.java:1596)
        at java.base@21.0.8/java.lang.Thread.run(Thread.java:1583)
"Socket Reader #9 for port 15003" daemon prio=5 tid=85 runnable
java.lang.Thread.State: RUNNABLE
        at java.base@21.0.8/sun.nio.ch.EPoll.wait(Native Method)
        at java.base@21.0.8/sun.nio.ch.EPollSelectorImpl.doSelect(EPollSelectorImpl.java:121)
        at java.base@21.0.8/sun.nio.ch.SelectorImpl.lockAndDoSelect(SelectorImpl.java:130)
        at java.base@21.0.8/sun.nio.ch.SelectorImpl.select(SelectorImpl.java:147)
        at app//org.apache.hadoop.ipc.Server$Listener$Reader.doRunLoop(Server.java:1497)
        at app//org.apache.hadoop.ipc.Server$Listener$Reader.run(Server.java:1476)
"IPC Server handler 20 on default port 15002" daemon prio=5 tid=141 timed_waiting
java.lang.Thread.State: TIMED_WAITING
        at java.base@21.0.8/jdk.internal.misc.Unsafe.park(Native Method)
        at java.base@21.0.8/java.util.concurrent.locks.LockSupport.parkNanos(LockSupport.java:269)
        at java.base@21.0.8/java.util.concurrent.locks.AbstractQueuedSynchronizer$ConditionObject.awaitNanos(AbstractQueuedSynchronizer.java:1763)
        at java.base@21.0.8/java.util.concurrent.LinkedBlockingQueue.poll(LinkedBlockingQueue.java:460)
        at app//org.apache.hadoop.ipc.CallQueueManager.take(CallQueueManager.java:370)
        at app//org.apache.hadoop.ipc.Server$Handler.run(Server.java:3165)
"ForkJoinPool-1-worker-3" daemon prio=5 tid=37 in Object.wait()
java.lang.Thread.State: WAITING (on object monitor)
        at java.base@21.0.8/jdk.internal.misc.Unsafe.park(Native Method)
        at java.base@21.0.8/java.util.concurrent.locks.LockSupport.park(LockSupport.java:371)
        at java.base@21.0.8/java.util.concurrent.ForkJoinPool.awaitWork(ForkJoinPool.java:1893)
        at java.base@21.0.8/java.util.concurrent.ForkJoinPool.runWorker(ForkJoinPool.java:1809)
        at java.base@21.0.8/java.util.concurrent.ForkJoinWorkerThread.run(ForkJoinWorkerThread.java:188)
"om1-OpenKeyCleanupService#0" daemon prio=5 tid=475 timed_waiting
java.lang.Thread.State: TIMED_WAITING
        at java.base@21.0.8/jdk.internal.misc.Unsafe.park(Native Method)
        at java.base@21.0.8/java.util.concurrent.locks.LockSupport.parkNanos(LockSupport.java:269)
        at java.base@21.0.8/java.util.concurrent.locks.AbstractQueuedSynchronizer$ConditionObject.awaitNanos(AbstractQueuedSynchronizer.java:1763)
        at java.base@21.0.8/java.util.concurrent.ScheduledThreadPoolExecutor$DelayedWorkQueue.take(ScheduledThreadPoolExecutor.java:1182)
        at java.base@21.0.8/java.util.concurrent.ScheduledThreadPoolExecutor$DelayedWorkQueue.take(ScheduledThreadPoolExecutor.java:899)
        at java.base@21.0.8/java.util.concurrent.ThreadPoolExecutor.getTask(ThreadPoolExecutor.java:1070)
        at java.base@21.0.8/java.util.concurrent.ThreadPoolExecutor.runWorker(ThreadPoolExecutor.java:1130)
        at java.base@21.0.8/java.util.concurrent.ThreadPoolExecutor$Worker.run(ThreadPoolExecutor.java:642)
        at java.base@21.0.8/java.lang.Thread.runWith(Thread.java:1596)
        at java.base@21.0.8/java.lang.Thread.run(Thread.java:1583)
"SCMHeartbeatProcessor-0" daemon prio=5 tid=519 timed_waiting
java.lang.Thread.State: TIMED_WAITING
        at java.base@21.0.8/jdk.internal.misc.Unsafe.park(Native Method)
        at java.base@21.0.8/java.util.concurrent.locks.LockSupport.parkNanos(LockSupport.java:269)
        at java.base@21.0.8/java.util.concurrent.locks.AbstractQueuedSynchronizer$ConditionObject.awaitNanos(AbstractQueuedSynchronizer.java:1763)
        at java.base@21.0.8/java.util.concurrent.ScheduledThreadPoolExecutor$DelayedWorkQueue.take(ScheduledThreadPoolExecutor.java:1182)
        at java.base@21.0.8/java.util.concurrent.ScheduledThreadPoolExecutor$DelayedWorkQueue.take(ScheduledThreadPoolExecutor.java:899)
        at java.base@21.0.8/java.util.concurrent.ThreadPoolExecutor.getTask(ThreadPoolExecutor.java:1070)
        at java.base@21.0.8/java.util.concurrent.ThreadPoolExecutor.runWorker(ThreadPoolExecutor.java:1130)
        at java.base@21.0.8/java.util.concurrent.ThreadPoolExecutor$Worker.run(ThreadPoolExecutor.java:642)
        at java.base@21.0.8/java.lang.Thread.runWith(Thread.java:1596)
        at java.base@21.0.8/java.lang.Thread.run(Thread.java:1583)
"IPC Server handler 4 on default port 15013" daemon prio=5 tid=699 timed_waiting
java.lang.Thread.State: TIMED_WAITING
        at java.base@21.0.8/jdk.internal.misc.Unsafe.park(Native Method)
        at java.base@21.0.8/java.util.concurrent.locks.LockSupport.parkNanos(LockSupport.java:269)
        at java.base@21.0.8/java.util.concurrent.locks.AbstractQueuedSynchronizer$ConditionObject.awaitNanos(AbstractQueuedSynchronizer.java:1763)
        at java.base@21.0.8/java.util.concurrent.LinkedBlockingQueue.poll(LinkedBlockingQueue.java:460)
        at app//org.apache.hadoop.ipc.CallQueueManager.take(CallQueueManager.java:370)
        at app//org.apache.hadoop.ipc.Server$Handler.run(Server.java:3165)
"Socket Reader #8 for port 15045" daemon prio=5 tid=956 runnable
java.lang.Thread.State: RUNNABLE
        at java.base@21.0.8/sun.nio.ch.EPoll.wait(Native Method)
        at java.base@21.0.8/sun.nio.ch.EPollSelectorImpl.doSelect(EPollSelectorImpl.java:121)
        at java.base@21.0.8/sun.nio.ch.SelectorImpl.lockAndDoSelect(SelectorImpl.java:130)
        at java.base@21.0.8/sun.nio.ch.SelectorImpl.select(SelectorImpl.java:147)
        at app//org.apache.hadoop.ipc.Server$Listener$Reader.doRunLoop(Server.java:1497)
        at app//org.apache.hadoop.ipc.Server$Listener$Reader.run(Server.java:1476)
"qtp505087261-907" daemon prio=5 tid=907 runnable
java.lang.Thread.State: RUNNABLE
        at java.base@21.0.8/sun.nio.ch.EPoll.wait(Native Method)
        at java.base@21.0.8/sun.nio.ch.EPollSelectorImpl.doSelect(EPollSelectorImpl.java:121)
        at java.base@21.0.8/sun.nio.ch.SelectorImpl.lockAndDoSelect(SelectorImpl.java:130)
        at java.base@21.0.8/sun.nio.ch.SelectorImpl.select(SelectorImpl.java:147)
        at app//org.eclipse.jetty.io.ManagedSelector.nioSelect(ManagedSelector.java:183)
        at app//org.eclipse.jetty.io.ManagedSelector.select(ManagedSelector.java:190)
        at app//org.eclipse.jetty.io.ManagedSelector$SelectorProducer.select(ManagedSelector.java:606)
        at app//org.eclipse.jetty.io.ManagedSelector$SelectorProducer.produce(ManagedSelector.java:543)
        at app//org.eclipse.jetty.util.thread.strategy.EatWhatYouKill.produceTask(EatWhatYouKill.java:362)
        at app//org.eclipse.jetty.util.thread.strategy.EatWhatYouKill.doProduce(EatWhatYouKill.java:186)
        at app//org.eclipse.jetty.util.thread.strategy.EatWhatYouKill.tryProduce(EatWhatYouKill.java:173)
        at app//org.eclipse.jetty.util.thread.strategy.EatWhatYouKill.produce(EatWhatYouKill.java:137)
        at app//org.eclipse.jetty.io.ManagedSelector$$Lambda/0x00007f18e86c6408.run(Unknown Source)
        at app//org.eclipse.jetty.util.thread.QueuedThreadPool.runJob(QueuedThreadPool.java:883)
        at app//org.eclipse.jetty.util.thread.QueuedThreadPool$Runner.run(QueuedThreadPool.java:1034)
        at java.base@21.0.8/java.lang.Thread.runWith(Thread.java:1596)
        at java.base@21.0.8/java.lang.Thread.run(Thread.java:1583)
"fileTable_PartialTableCache-Cleanup-0" daemon prio=5 tid=1147 in Object.wait()
java.lang.Thread.State: WAITING (on object monitor)
        at java.base@21.0.8/jdk.internal.misc.Unsafe.park(Native Method)
        at java.base@21.0.8/java.util.concurrent.locks.LockSupport.park(LockSupport.java:371)
        at java.base@21.0.8/java.util.concurrent.locks.AbstractQueuedSynchronizer$ConditionNode.block(AbstractQueuedSynchronizer.java:519)
        at java.base@21.0.8/java.util.concurrent.ForkJoinPool.unmanagedBlock(ForkJoinPool.java:3780)
        at java.base@21.0.8/java.util.concurrent.ForkJoinPool.managedBlock(ForkJoinPool.java:3725)
        at java.base@21.0.8/java.util.concurrent.locks.AbstractQueuedSynchronizer$ConditionObject.await(AbstractQueuedSynchronizer.java:1712)
        at java.base@21.0.8/java.util.concurrent.LinkedBlockingQueue.take(LinkedBlockingQueue.java:435)
        at java.base@21.0.8/java.util.concurrent.ThreadPoolExecutor.getTask(ThreadPoolExecutor.java:1070)
        at java.base@21.0.8/java.util.concurrent.ThreadPoolExecutor.runWorker(ThreadPoolExecutor.java:1130)
        at java.base@21.0.8/java.util.concurrent.ThreadPoolExecutor$Worker.run(ThreadPoolExecutor.java:642)
        at java.base@21.0.8/java.lang.Thread.runWith(Thread.java:1596)
        at java.base@21.0.8/java.lang.Thread.run(Thread.java:1583)
"qtp871701899-720-acceptor-0@327f8d0c-ServerConnector@40704da8{HTTP/1.1, (http/1.1)}{0.0.0.0:15020}" daemon prio=3 tid=720 runnable
java.lang.Thread.State: RUNNABLE
        at java.base@21.0.8/sun.nio.ch.Net.accept(Native Method)
        at java.base@21.0.8/sun.nio.ch.ServerSocketChannelImpl.implAccept(ServerSocketChannelImpl.java:433)
        at java.base@21.0.8/sun.nio.ch.ServerSocketChannelImpl.accept(ServerSocketChannelImpl.java:399)
        at app//org.eclipse.jetty.server.ServerConnector.accept(ServerConnector.java:388)
        at app//org.eclipse.jetty.server.AbstractConnector$Acceptor.run(AbstractConnector.java:704)
        at app//org.eclipse.jetty.util.thread.QueuedThreadPool.runJob(QueuedThreadPool.java:883)
        at app//org.eclipse.jetty.util.thread.QueuedThreadPool$Runner.run(QueuedThreadPool.java:1034)
        at java.base@21.0.8/java.lang.Thread.runWith(Thread.java:1596)
        at java.base@21.0.8/java.lang.Thread.run(Thread.java:1583)
"IPC Server handler 97 on default port 15002" daemon prio=5 tid=218 timed_waiting
java.lang.Thread.State: TIMED_WAITING
        at java.base@21.0.8/jdk.internal.misc.Unsafe.park(Native Method)
        at java.base@21.0.8/java.util.concurrent.locks.LockSupport.parkNanos(LockSupport.java:269)
        at java.base@21.0.8/java.util.concurrent.locks.AbstractQueuedSynchronizer$ConditionObject.awaitNanos(AbstractQueuedSynchronizer.java:1763)
        at java.base@21.0.8/java.util.concurrent.LinkedBlockingQueue.poll(LinkedBlockingQueue.java:460)
        at app//org.apache.hadoop.ipc.CallQueueManager.take(CallQueueManager.java:370)
        at app//org.apache.hadoop.ipc.Server$Handler.run(Server.java:3165)
"IPC Server handler 99 on default port 15002" daemon prio=5 tid=220 timed_waiting
java.lang.Thread.State: TIMED_WAITING
        at java.base@21.0.8/jdk.internal.misc.Unsafe.park(Native Method)
        at java.base@21.0.8/java.util.concurrent.locks.LockSupport.parkNanos(LockSupport.java:269)
        at java.base@21.0.8/java.util.concurrent.locks.AbstractQueuedSynchronizer$ConditionObject.awaitNanos(AbstractQueuedSynchronizer.java:1763)
        at java.base@21.0.8/java.util.concurrent.LinkedBlockingQueue.poll(LinkedBlockingQueue.java:460)
        at app//org.apache.hadoop.ipc.CallQueueManager.take(CallQueueManager.java:370)
        at app//org.apache.hadoop.ipc.Server$Handler.run(Server.java:3165)
"org.apache.hadoop.ozone.container.common.statemachine.commandhandler.DeleteBlocksCommandHandler$DeleteCmdWorker@288a35ae" daemon prio=5 tid=815 timed_waiting
java.lang.Thread.State: TIMED_WAITING
        at java.base@21.0.8/java.lang.Thread.sleep0(Native Method)
        at java.base@21.0.8/java.lang.Thread.sleep(Thread.java:509)
        at app//org.apache.hadoop.ozone.container.common.statemachine.commandhandler.DeleteBlocksCommandHandler$DeleteCmdWorker.run(DeleteBlocksCommandHandler.java:260)
        at java.base@21.0.8/java.lang.Thread.runWith(Thread.java:1596)
        at java.base@21.0.8/java.lang.Thread.run(Thread.java:1583)
"IPC Server handler 71 on default port 15004" daemon prio=5 tid=410 timed_waiting
java.lang.Thread.State: TIMED_WAITING
        at java.base@21.0.8/jdk.internal.misc.Unsafe.park(Native Method)
        at java.base@21.0.8/java.util.concurrent.locks.LockSupport.parkNanos(LockSupport.java:269)
        at java.base@21.0.8/java.util.concurrent.locks.AbstractQueuedSynchronizer$ConditionObject.awaitNanos(AbstractQueuedSynchronizer.java:1763)
        at java.base@21.0.8/java.util.concurrent.LinkedBlockingQueue.poll(LinkedBlockingQueue.java:460)
        at app//org.apache.hadoop.ipc.CallQueueManager.take(CallQueueManager.java:370)
        at app//org.apache.hadoop.ipc.Server$Handler.run(Server.java:3165)
"346684e1-b57f-4c29-9507-935dad45bd68-EndpointStateMachineTaskThread-/127.0.0.1:15001-0 "  prio=5 tid=981 in Object.wait()
java.lang.Thread.State: WAITING (on object monitor)
        at java.base@21.0.8/jdk.internal.misc.Unsafe.park(Native Method)
        at java.base@21.0.8/java.util.concurrent.locks.LockSupport.park(LockSupport.java:371)
        at java.base@21.0.8/java.util.concurrent.locks.AbstractQueuedSynchronizer$ConditionNode.block(AbstractQueuedSynchronizer.java:519)
        at java.base@21.0.8/java.util.concurrent.ForkJoinPool.unmanagedBlock(ForkJoinPool.java:3780)
        at java.base@21.0.8/java.util.concurrent.ForkJoinPool.managedBlock(ForkJoinPool.java:3725)
        at java.base@21.0.8/java.util.concurrent.locks.AbstractQueuedSynchronizer$ConditionObject.await(AbstractQueuedSynchronizer.java:1712)
        at java.base@21.0.8/java.util.concurrent.LinkedBlockingQueue.take(LinkedBlockingQueue.java:435)
        at java.base@21.0.8/java.util.concurrent.ThreadPoolExecutor.getTask(ThreadPoolExecutor.java:1070)
        at java.base@21.0.8/java.util.concurrent.ThreadPoolExecutor.runWorker(ThreadPoolExecutor.java:1130)
        at java.base@21.0.8/java.util.concurrent.ThreadPoolExecutor$Worker.run(ThreadPoolExecutor.java:642)
        at java.base@21.0.8/java.lang.Thread.runWith(Thread.java:1596)
        at java.base@21.0.8/java.lang.Thread.run(Thread.java:1583)
"IPC Server Responder" daemon prio=5 tid=88 runnable
java.lang.Thread.State: RUNNABLE
        at java.base@21.0.8/sun.nio.ch.EPoll.wait(Native Method)
        at java.base@21.0.8/sun.nio.ch.EPollSelectorImpl.doSelect(EPollSelectorImpl.java:121)
        at java.base@21.0.8/sun.nio.ch.SelectorImpl.lockAndDoSelect(SelectorImpl.java:130)
        at java.base@21.0.8/sun.nio.ch.SelectorImpl.select(SelectorImpl.java:142)
        at app//org.apache.hadoop.ipc.Server$Responder.doRunLoop(Server.java:1733)
        at app//org.apache.hadoop.ipc.Server$Responder.run(Server.java:1716)
"IPC Server handler 52 on default port 15002" daemon prio=5 tid=173 timed_waiting
java.lang.Thread.State: TIMED_WAITING
        at java.base@21.0.8/jdk.internal.misc.Unsafe.park(Native Method)
        at java.base@21.0.8/java.util.concurrent.locks.LockSupport.parkNanos(LockSupport.java:269)
        at java.base@21.0.8/java.util.concurrent.locks.AbstractQueuedSynchronizer$ConditionObject.awaitNanos(AbstractQueuedSynchronizer.java:1763)
        at java.base@21.0.8/java.util.concurrent.LinkedBlockingQueue.poll(LinkedBlockingQueue.java:460)
        at app//org.apache.hadoop.ipc.CallQueueManager.take(CallQueueManager.java:370)
        at app//org.apache.hadoop.ipc.Server$Handler.run(Server.java:3165)
"IPC Server handler 11 on default port 15008" daemon prio=5 tid=503 timed_waiting
java.lang.Thread.State: TIMED_WAITING
        at java.base@21.0.8/jdk.internal.misc.Unsafe.park(Native Method)
        at java.base@21.0.8/java.util.concurrent.locks.LockSupport.parkNanos(LockSupport.java:269)
        at java.base@21.0.8/java.util.concurrent.locks.AbstractQueuedSynchronizer$ConditionObject.awaitNanos(AbstractQueuedSynchronizer.java:1763)
        at java.base@21.0.8/java.util.concurrent.LinkedBlockingQueue.poll(LinkedBlockingQueue.java:460)
        at app//org.apache.hadoop.ipc.CallQueueManager.take(CallQueueManager.java:370)
        at app//org.apache.hadoop.ipc.Server$Handler.run(Server.java:3165)
"Common-Cleaner" daemon prio=8 tid=17 timed_waiting
java.lang.Thread.State: TIMED_WAITING
        at java.base@21.0.8/jdk.internal.misc.Unsafe.park(Native Method)
        at java.base@21.0.8/java.util.concurrent.locks.LockSupport.parkNanos(LockSupport.java:269)
        at java.base@21.0.8/java.util.concurrent.locks.AbstractQueuedSynchronizer$ConditionObject.await(AbstractQueuedSynchronizer.java:1852)
        at java.base@21.0.8/java.lang.ref.ReferenceQueue.await(ReferenceQueue.java:71)
        at java.base@21.0.8/java.lang.ref.ReferenceQueue.remove0(ReferenceQueue.java:143)
        at java.base@21.0.8/java.lang.ref.ReferenceQueue.remove(ReferenceQueue.java:218)
        at java.base@21.0.8/jdk.internal.ref.CleanerImpl.run(CleanerImpl.java:140)
        at java.base@21.0.8/java.lang.Thread.runWith(Thread.java:1596)
        at java.base@21.0.8/java.lang.Thread.run(Thread.java:1583)
        at java.base@21.0.8/jdk.internal.misc.InnocuousThread.run(InnocuousThread.java:186)
"IPC Server handler 3 on default port 15037" daemon prio=5 tid=886 timed_waiting
java.lang.Thread.State: TIMED_WAITING
        at java.base@21.0.8/jdk.internal.misc.Unsafe.park(Native Method)
        at java.base@21.0.8/java.util.concurrent.locks.LockSupport.parkNanos(LockSupport.java:269)
        at java.base@21.0.8/java.util.concurrent.locks.AbstractQueuedSynchronizer$ConditionObject.awaitNanos(AbstractQueuedSynchronizer.java:1763)
        at java.base@21.0.8/java.util.concurrent.LinkedBlockingQueue.poll(LinkedBlockingQueue.java:460)
        at app//org.apache.hadoop.ipc.CallQueueManager.take(CallQueueManager.java:370)
        at app//org.apache.hadoop.ipc.Server$Handler.run(Server.java:3165)
"Socket Reader #5 for port 15021" daemon prio=5 tid=732 runnable
java.lang.Thread.State: RUNNABLE
        at java.base@21.0.8/sun.nio.ch.EPoll.wait(Native Method)
        at java.base@21.0.8/sun.nio.ch.EPollSelectorImpl.doSelect(EPollSelectorImpl.java:121)
        at java.base@21.0.8/sun.nio.ch.SelectorImpl.lockAndDoSelect(SelectorImpl.java:130)
        at java.base@21.0.8/sun.nio.ch.SelectorImpl.select(SelectorImpl.java:147)
        at app//org.apache.hadoop.ipc.Server$Listener$Reader.doRunLoop(Server.java:1497)
        at app//org.apache.hadoop.ipc.Server$Listener$Reader.run(Server.java:1476)
"ContainerDataScanner(/home/runner/work/ozone/ozone/hadoop-ozone/integration-test-recon/target/test-dir/MiniOzoneClusterImpl-e405f726-f354-48a5-b90a-334fe627f997/ozone-metadata/datanode-5/data-0/hdds)" daemon prio=5 tid=1016 timed_waiting
java.lang.Thread.State: TIMED_WAITING
        at java.base@21.0.8/java.lang.Thread.sleep0(Native Method)
        at java.base@21.0.8/java.lang.Thread.sleep(Thread.java:509)
        at app//org.apache.hadoop.ozone.container.ozoneimpl.AbstractBackgroundContainerScanner.handleRemainingSleep(AbstractBackgroundContainerScanner.java:133)
        at app//org.apache.hadoop.ozone.container.ozoneimpl.AbstractBackgroundContainerScanner.runIteration(AbstractBackgroundContainerScanner.java:100)
        at app//org.apache.hadoop.ozone.container.ozoneimpl.AbstractBackgroundContainerScanner.run(AbstractBackgroundContainerScanner.java:59)
        at java.base@21.0.8/java.lang.Thread.runWith(Thread.java:1596)
        at java.base@21.0.8/java.lang.Thread.run(Thread.java:1583)
"SSL Certificates Store Monitor" daemon prio=5 tid=1372 in Object.wait()
java.lang.Thread.State: WAITING (on object monitor)
        at java.base@21.0.8/java.lang.Object.wait0(Native Method)
        at java.base@21.0.8/java.lang.Object.wait(Object.java:366)
        at java.base@21.0.8/java.lang.Object.wait(Object.java:339)
        at java.base@21.0.8/java.util.TimerThread.mainLoop(Timer.java:537)
        at java.base@21.0.8/java.util.TimerThread.run(Timer.java:516)
"346684e1-b57f-4c29-9507-935dad45bd68-ChunkWriter-0-0" daemon prio=5 tid=993 in Object.wait()
java.lang.Thread.State: WAITING (on object monitor)
        at java.base@21.0.8/jdk.internal.misc.Unsafe.park(Native Method)
        at java.base@21.0.8/java.util.concurrent.locks.LockSupport.park(LockSupport.java:371)
        at java.base@21.0.8/java.util.concurrent.locks.AbstractQueuedSynchronizer$ConditionNode.block(AbstractQueuedSynchronizer.java:519)
        at java.base@21.0.8/java.util.concurrent.ForkJoinPool.unmanagedBlock(ForkJoinPool.java:3780)
        at java.base@21.0.8/java.util.concurrent.ForkJoinPool.managedBlock(ForkJoinPool.java:3725)
        at java.base@21.0.8/java.util.concurrent.locks.AbstractQueuedSynchronizer$ConditionObject.await(AbstractQueuedSynchronizer.java:1712)
        at java.base@21.0.8/java.util.concurrent.LinkedBlockingDeque.takeFirst(LinkedBlockingDeque.java:485)
        at java.base@21.0.8/java.util.concurrent.LinkedBlockingDeque.take(LinkedBlockingDeque.java:673)
        at java.base@21.0.8/java.util.concurrent.ThreadPoolExecutor.getTask(ThreadPoolExecutor.java:1070)
        at java.base@21.0.8/java.util.concurrent.ThreadPoolExecutor.runWorker(ThreadPoolExecutor.java:1130)
        at java.base@21.0.8/java.util.concurrent.ThreadPoolExecutor$Worker.run(ThreadPoolExecutor.java:642)
        at java.base@21.0.8/java.lang.Thread.runWith(Thread.java:1596)
        at java.base@21.0.8/java.lang.Thread.run(Thread.java:1583)
"IPC Server handler 31 on default port 15003" daemon prio=5 tid=252 timed_waiting
java.lang.Thread.State: TIMED_WAITING
        at java.base@21.0.8/jdk.internal.misc.Unsafe.park(Native Method)
        at java.base@21.0.8/java.util.concurrent.locks.LockSupport.parkNanos(LockSupport.java:269)
        at java.base@21.0.8/java.util.concurrent.locks.AbstractQueuedSynchronizer$ConditionObject.awaitNanos(AbstractQueuedSynchronizer.java:1763)
        at java.base@21.0.8/java.util.concurrent.LinkedBlockingQueue.poll(LinkedBlockingQueue.java:460)
        at app//org.apache.hadoop.ipc.CallQueueManager.take(CallQueueManager.java:370)
        at app//org.apache.hadoop.ipc.Server$Handler.run(Server.java:3165)
"d5ad88c2-6e7a-4660-bab6-a4e8807a575e-EndpointStateMachineTaskThread-/0.0.0.0:15004-0 "  prio=5 tid=847 in Object.wait()
java.lang.Thread.State: WAITING (on object monitor)
        at java.base@21.0.8/jdk.internal.misc.Unsafe.park(Native Method)
        at java.base@21.0.8/java.util.concurrent.locks.LockSupport.park(LockSupport.java:371)
        at java.base@21.0.8/java.util.concurrent.locks.AbstractQueuedSynchronizer$ConditionNode.block(AbstractQueuedSynchronizer.java:519)
        at java.base@21.0.8/java.util.concurrent.ForkJoinPool.unmanagedBlock(ForkJoinPool.java:3780)
        at java.base@21.0.8/java.util.concurrent.ForkJoinPool.managedBlock(ForkJoinPool.java:3725)
        at java.base@21.0.8/java.util.concurrent.locks.AbstractQueuedSynchronizer$ConditionObject.await(AbstractQueuedSynchronizer.java:1712)
        at java.base@21.0.8/java.util.concurrent.LinkedBlockingQueue.take(LinkedBlockingQueue.java:435)
        at java.base@21.0.8/java.util.concurrent.ThreadPoolExecutor.getTask(ThreadPoolExecutor.java:1070)
        at java.base@21.0.8/java.util.concurrent.ThreadPoolExecutor.runWorker(ThreadPoolExecutor.java:1130)
        at java.base@21.0.8/java.util.concurrent.ThreadPoolExecutor$Worker.run(ThreadPoolExecutor.java:642)
        at java.base@21.0.8/java.lang.Thread.runWith(Thread.java:1596)
        at java.base@21.0.8/java.lang.Thread.run(Thread.java:1583)
"IPC Server handler 74 on default port 15003" daemon prio=5 tid=295 timed_waiting
java.lang.Thread.State: TIMED_WAITING
        at java.base@21.0.8/jdk.internal.misc.Unsafe.park(Native Method)
        at java.base@21.0.8/java.util.concurrent.locks.LockSupport.parkNanos(LockSupport.java:269)
        at java.base@21.0.8/java.util.concurrent.locks.AbstractQueuedSynchronizer$ConditionObject.awaitNanos(AbstractQueuedSynchronizer.java:1763)
        at java.base@21.0.8/java.util.concurrent.LinkedBlockingQueue.poll(LinkedBlockingQueue.java:460)
        at app//org.apache.hadoop.ipc.CallQueueManager.take(CallQueueManager.java:370)
        at app//org.apache.hadoop.ipc.Server$Handler.run(Server.java:3165)
"IPC Server handler 23 on default port 15001" daemon prio=5 tid=581 timed_waiting
java.lang.Thread.State: TIMED_WAITING
        at java.base@21.0.8/jdk.internal.misc.Unsafe.park(Native Method)
        at java.base@21.0.8/java.util.concurrent.locks.LockSupport.parkNanos(LockSupport.java:269)
        at java.base@21.0.8/java.util.concurrent.locks.AbstractQueuedSynchronizer$ConditionObject.awaitNanos(AbstractQueuedSynchronizer.java:1763)
        at java.base@21.0.8/java.util.concurrent.LinkedBlockingQueue.poll(LinkedBlockingQueue.java:460)
        at app//org.apache.hadoop.ipc.CallQueueManager.take(CallQueueManager.java:370)
        at app//org.apache.hadoop.ipc.Server$Handler.run(Server.java:3165)
"IPC Server handler 49 on default port 15004" daemon prio=5 tid=388 timed_waiting
java.lang.Thread.State: TIMED_WAITING
        at java.base@21.0.8/jdk.internal.misc.Unsafe.park(Native Method)
        at java.base@21.0.8/java.util.concurrent.locks.LockSupport.parkNanos(LockSupport.java:269)
        at java.base@21.0.8/java.util.concurrent.locks.AbstractQueuedSynchronizer$ConditionObject.awaitNanos(AbstractQueuedSynchronizer.java:1763)
        at java.base@21.0.8/java.util.concurrent.LinkedBlockingQueue.poll(LinkedBlockingQueue.java:460)
        at app//org.apache.hadoop.ipc.CallQueueManager.take(CallQueueManager.java:370)
        at app//org.apache.hadoop.ipc.Server$Handler.run(Server.java:3165)
"IPC Server handler 40 on default port 15001" daemon prio=5 tid=598 timed_waiting
java.lang.Thread.State: TIMED_WAITING
        at java.base@21.0.8/jdk.internal.misc.Unsafe.park(Native Method)
        at java.base@21.0.8/java.util.concurrent.locks.LockSupport.parkNanos(LockSupport.java:269)
        at java.base@21.0.8/java.util.concurrent.locks.AbstractQueuedSynchronizer$ConditionObject.awaitNanos(AbstractQueuedSynchronizer.java:1763)
        at java.base@21.0.8/java.util.concurrent.LinkedBlockingQueue.poll(LinkedBlockingQueue.java:460)
        at app//org.apache.hadoop.ipc.CallQueueManager.take(CallQueueManager.java:370)
        at app//org.apache.hadoop.ipc.Server$Handler.run(Server.java:3165)
"d5ad88c2-6e7a-4660-bab6-a4e8807a575e-ChunkReader-ELG-0" daemon prio=5 tid=864 runnable
java.lang.Thread.State: RUNNABLE
        at app//org.apache.ratis.thirdparty.io.netty.channel.epoll.Native.epollWait(Native Method)
        at app//org.apache.ratis.thirdparty.io.netty.channel.epoll.Native.epollWait(Native.java:220)
        at app//org.apache.ratis.thirdparty.io.netty.channel.epoll.Native.epollWait(Native.java:213)
        at app//org.apache.ratis.thirdparty.io.netty.channel.epoll.EpollEventLoop.epollWaitNoTimerChange(EpollEventLoop.java:308)
        at app//org.apache.ratis.thirdparty.io.netty.channel.epoll.EpollEventLoop.run(EpollEventLoop.java:365)
        at app//org.apache.ratis.thirdparty.io.netty.util.concurrent.SingleThreadEventExecutor$4.run(SingleThreadEventExecutor.java:998)
        at app//org.apache.ratis.thirdparty.io.netty.util.internal.ThreadExecutorMap$2.run(ThreadExecutorMap.java:74)
        at java.base@21.0.8/java.lang.Thread.runWith(Thread.java:1596)
        at java.base@21.0.8/java.lang.Thread.run(Thread.java:1583)
"IPC Server handler 49 on default port 15003" daemon prio=5 tid=270 timed_waiting
java.lang.Thread.State: TIMED_WAITING
        at java.base@21.0.8/jdk.internal.misc.Unsafe.park(Native Method)
        at java.base@21.0.8/java.util.concurrent.locks.LockSupport.parkNanos(LockSupport.java:269)
        at java.base@21.0.8/java.util.concurrent.locks.AbstractQueuedSynchronizer$ConditionObject.awaitNanos(AbstractQueuedSynchronizer.java:1763)
        at java.base@21.0.8/java.util.concurrent.LinkedBlockingQueue.poll(LinkedBlockingQueue.java:460)
        at app//org.apache.hadoop.ipc.CallQueueManager.take(CallQueueManager.java:370)
        at app//org.apache.hadoop.ipc.Server$Handler.run(Server.java:3165)
"IPC Server handler 12 on default port 15008" daemon prio=5 tid=504 timed_waiting
java.lang.Thread.State: TIMED_WAITING
        at java.base@21.0.8/jdk.internal.misc.Unsafe.park(Native Method)
        at java.base@21.0.8/java.util.concurrent.locks.LockSupport.parkNanos(LockSupport.java:269)
        at java.base@21.0.8/java.util.concurrent.locks.AbstractQueuedSynchronizer$ConditionObject.awaitNanos(AbstractQueuedSynchronizer.java:1763)
        at java.base@21.0.8/java.util.concurrent.LinkedBlockingQueue.poll(LinkedBlockingQueue.java:460)
        at app//org.apache.hadoop.ipc.CallQueueManager.take(CallQueueManager.java:370)
        at app//org.apache.hadoop.ipc.Server$Handler.run(Server.java:3165)
"IPC Server handler 59 on default port 15001" daemon prio=5 tid=617 timed_waiting
java.lang.Thread.State: TIMED_WAITING
        at java.base@21.0.8/jdk.internal.misc.Unsafe.park(Native Method)
        at java.base@21.0.8/java.util.concurrent.locks.LockSupport.parkNanos(LockSupport.java:269)
        at java.base@21.0.8/java.util.concurrent.locks.AbstractQueuedSynchronizer$ConditionObject.awaitNanos(AbstractQueuedSynchronizer.java:1763)
        at java.base@21.0.8/java.util.concurrent.LinkedBlockingQueue.poll(LinkedBlockingQueue.java:460)
        at app//org.apache.hadoop.ipc.CallQueueManager.take(CallQueueManager.java:370)
        at app//org.apache.hadoop.ipc.Server$Handler.run(Server.java:3165)
"openFileTable_PartialTableCache-Cleanup-0" daemon prio=5 tid=1133 in Object.wait()
java.lang.Thread.State: WAITING (on object monitor)
        at java.base@21.0.8/jdk.internal.misc.Unsafe.park(Native Method)
        at java.base@21.0.8/java.util.concurrent.locks.LockSupport.park(LockSupport.java:371)
        at java.base@21.0.8/java.util.concurrent.locks.AbstractQueuedSynchronizer$ConditionNode.block(AbstractQueuedSynchronizer.java:519)
        at java.base@21.0.8/java.util.concurrent.ForkJoinPool.unmanagedBlock(ForkJoinPool.java:3780)
        at java.base@21.0.8/java.util.concurrent.ForkJoinPool.managedBlock(ForkJoinPool.java:3725)
        at java.base@21.0.8/java.util.concurrent.locks.AbstractQueuedSynchronizer$ConditionObject.await(AbstractQueuedSynchronizer.java:1712)
        at java.base@21.0.8/java.util.concurrent.LinkedBlockingQueue.take(LinkedBlockingQueue.java:435)
        at java.base@21.0.8/java.util.concurrent.ThreadPoolExecutor.getTask(ThreadPoolExecutor.java:1070)
        at java.base@21.0.8/java.util.concurrent.ThreadPoolExecutor.runWorker(ThreadPoolExecutor.java:1130)
        at java.base@21.0.8/java.util.concurrent.ThreadPoolExecutor$Worker.run(ThreadPoolExecutor.java:642)
        at java.base@21.0.8/java.lang.Thread.runWith(Thread.java:1596)
        at java.base@21.0.8/java.lang.Thread.run(Thread.java:1583)
"IPC Server listener on 15001" daemon prio=5 tid=520 runnable
java.lang.Thread.State: RUNNABLE
        at java.base@21.0.8/sun.nio.ch.EPoll.wait(Native Method)
        at java.base@21.0.8/sun.nio.ch.EPollSelectorImpl.doSelect(EPollSelectorImpl.java:121)
        at java.base@21.0.8/sun.nio.ch.SelectorImpl.lockAndDoSelect(SelectorImpl.java:130)
        at java.base@21.0.8/sun.nio.ch.SelectorImpl.select(SelectorImpl.java:147)
        at app//org.apache.hadoop.ipc.Server$Listener.run(Server.java:1559)
"IPC Server handler 78 on default port 15001" daemon prio=5 tid=636 timed_waiting
java.lang.Thread.State: TIMED_WAITING
        at java.base@21.0.8/jdk.internal.misc.Unsafe.park(Native Method)
        at java.base@21.0.8/java.util.concurrent.locks.LockSupport.parkNanos(LockSupport.java:269)
        at java.base@21.0.8/java.util.concurrent.locks.AbstractQueuedSynchronizer$ConditionObject.awaitNanos(AbstractQueuedSynchronizer.java:1763)
        at java.base@21.0.8/java.util.concurrent.LinkedBlockingQueue.poll(LinkedBlockingQueue.java:460)
        at app//org.apache.hadoop.ipc.CallQueueManager.take(CallQueueManager.java:370)
        at app//org.apache.hadoop.ipc.Server$Handler.run(Server.java:3165)
"IPC Server handler 2 on default port 15004" daemon prio=5 tid=341 timed_waiting
java.lang.Thread.State: TIMED_WAITING
        at java.base@21.0.8/jdk.internal.misc.Unsafe.park(Native Method)
        at java.base@21.0.8/java.util.concurrent.locks.LockSupport.parkNanos(LockSupport.java:269)
        at java.base@21.0.8/java.util.concurrent.locks.AbstractQueuedSynchronizer$ConditionObject.awaitNanos(AbstractQueuedSynchronizer.java:1763)
        at java.base@21.0.8/java.util.concurrent.LinkedBlockingQueue.poll(LinkedBlockingQueue.java:460)
        at app//org.apache.hadoop.ipc.CallQueueManager.take(CallQueueManager.java:370)
        at app//org.apache.hadoop.ipc.Server$Handler.run(Server.java:3165)
"IPC Server handler 46 on default port 15004" daemon prio=5 tid=385 timed_waiting
java.lang.Thread.State: TIMED_WAITING
        at java.base@21.0.8/jdk.internal.misc.Unsafe.park(Native Method)
        at java.base@21.0.8/java.util.concurrent.locks.LockSupport.parkNanos(LockSupport.java:269)
        at java.base@21.0.8/java.util.concurrent.locks.AbstractQueuedSynchronizer$ConditionObject.awaitNanos(AbstractQueuedSynchronizer.java:1763)
        at java.base@21.0.8/java.util.concurrent.LinkedBlockingQueue.poll(LinkedBlockingQueue.java:460)
        at app//org.apache.hadoop.ipc.CallQueueManager.take(CallQueueManager.java:370)
        at app//org.apache.hadoop.ipc.Server$Handler.run(Server.java:3165)
"IPC Server handler 89 on default port 15001" daemon prio=5 tid=647 timed_waiting
java.lang.Thread.State: TIMED_WAITING
        at java.base@21.0.8/jdk.internal.misc.Unsafe.park(Native Method)
        at java.base@21.0.8/java.util.concurrent.locks.LockSupport.parkNanos(LockSupport.java:269)
        at java.base@21.0.8/java.util.concurrent.locks.AbstractQueuedSynchronizer$ConditionObject.awaitNanos(AbstractQueuedSynchronizer.java:1763)
        at java.base@21.0.8/java.util.concurrent.LinkedBlockingQueue.poll(LinkedBlockingQueue.java:460)
        at app//org.apache.hadoop.ipc.CallQueueManager.take(CallQueueManager.java:370)
        at app//org.apache.hadoop.ipc.Server$Handler.run(Server.java:3165)
"IPC Server handler 99 on default port 15003" daemon prio=5 tid=320 timed_waiting
java.lang.Thread.State: TIMED_WAITING
        at java.base@21.0.8/jdk.internal.misc.Unsafe.park(Native Method)
        at java.base@21.0.8/java.util.concurrent.locks.LockSupport.parkNanos(LockSupport.java:269)
        at java.base@21.0.8/java.util.concurrent.locks.AbstractQueuedSynchronizer$ConditionObject.awaitNanos(AbstractQueuedSynchronizer.java:1763)
        at java.base@21.0.8/java.util.concurrent.LinkedBlockingQueue.poll(LinkedBlockingQueue.java:460)
        at app//org.apache.hadoop.ipc.CallQueueManager.take(CallQueueManager.java:370)
        at app//org.apache.hadoop.ipc.Server$Handler.run(Server.java:3165)
"IPC Server handler 5 on default port 15004" daemon prio=5 tid=344 timed_waiting
java.lang.Thread.State: TIMED_WAITING
        at java.base@21.0.8/jdk.internal.misc.Unsafe.park(Native Method)
        at java.base@21.0.8/java.util.concurrent.locks.LockSupport.parkNanos(LockSupport.java:269)
        at java.base@21.0.8/java.util.concurrent.locks.AbstractQueuedSynchronizer$ConditionObject.awaitNanos(AbstractQueuedSynchronizer.java:1763)
        at java.base@21.0.8/java.util.concurrent.LinkedBlockingQueue.poll(LinkedBlockingQueue.java:460)
        at app//org.apache.hadoop.ipc.CallQueueManager.take(CallQueueManager.java:370)
        at app//org.apache.hadoop.ipc.Server$Handler.run(Server.java:3165)
"IPC Server handler 62 on default port 15004" daemon prio=5 tid=401 timed_waiting
java.lang.Thread.State: TIMED_WAITING
        at java.base@21.0.8/jdk.internal.misc.Unsafe.park(Native Method)
        at java.base@21.0.8/java.util.concurrent.locks.LockSupport.parkNanos(LockSupport.java:269)
        at java.base@21.0.8/java.util.concurrent.locks.AbstractQueuedSynchronizer$ConditionObject.awaitNanos(AbstractQueuedSynchronizer.java:1763)
        at java.base@21.0.8/java.util.concurrent.LinkedBlockingQueue.poll(LinkedBlockingQueue.java:460)
        at app//org.apache.hadoop.ipc.CallQueueManager.take(CallQueueManager.java:370)
        at app//org.apache.hadoop.ipc.Server$Handler.run(Server.java:3165)
"IPC Server handler 66 on default port 15002" daemon prio=5 tid=187 timed_waiting
java.lang.Thread.State: TIMED_WAITING
        at java.base@21.0.8/jdk.internal.misc.Unsafe.park(Native Method)
        at java.base@21.0.8/java.util.concurrent.locks.LockSupport.parkNanos(LockSupport.java:269)
        at java.base@21.0.8/java.util.concurrent.locks.AbstractQueuedSynchronizer$ConditionObject.awaitNanos(AbstractQueuedSynchronizer.java:1763)
        at java.base@21.0.8/java.util.concurrent.LinkedBlockingQueue.poll(LinkedBlockingQueue.java:460)
        at app//org.apache.hadoop.ipc.CallQueueManager.take(CallQueueManager.java:370)
        at app//org.apache.hadoop.ipc.Server$Handler.run(Server.java:3165)
"IPC Server handler 80 on default port 15004" daemon prio=5 tid=419 timed_waiting
java.lang.Thread.State: TIMED_WAITING
        at java.base@21.0.8/jdk.internal.misc.Unsafe.park(Native Method)
        at java.base@21.0.8/java.util.concurrent.locks.LockSupport.parkNanos(LockSupport.java:269)
        at java.base@21.0.8/java.util.concurrent.locks.AbstractQueuedSynchronizer$ConditionObject.awaitNanos(AbstractQueuedSynchronizer.java:1763)
        at java.base@21.0.8/java.util.concurrent.LinkedBlockingQueue.poll(LinkedBlockingQueue.java:460)
        at app//org.apache.hadoop.ipc.CallQueueManager.take(CallQueueManager.java:370)
        at app//org.apache.hadoop.ipc.Server$Handler.run(Server.java:3165)
"om1-OMStateMachineApplyTransactionThread - 0" daemon prio=5 tid=1126 in Object.wait()
java.lang.Thread.State: WAITING (on object monitor)
        at java.base@21.0.8/jdk.internal.misc.Unsafe.park(Native Method)
        at java.base@21.0.8/java.util.concurrent.locks.LockSupport.park(LockSupport.java:371)
        at java.base@21.0.8/java.util.concurrent.locks.AbstractQueuedSynchronizer$ConditionNode.block(AbstractQueuedSynchronizer.java:519)
        at java.base@21.0.8/java.util.concurrent.ForkJoinPool.unmanagedBlock(ForkJoinPool.java:3780)
        at java.base@21.0.8/java.util.concurrent.ForkJoinPool.managedBlock(ForkJoinPool.java:3725)
        at java.base@21.0.8/java.util.concurrent.locks.AbstractQueuedSynchronizer$ConditionObject.await(AbstractQueuedSynchronizer.java:1712)
        at java.base@21.0.8/java.util.concurrent.LinkedBlockingQueue.take(LinkedBlockingQueue.java:435)
        at java.base@21.0.8/java.util.concurrent.ThreadPoolExecutor.getTask(ThreadPoolExecutor.java:1070)
        at java.base@21.0.8/java.util.concurrent.ThreadPoolExecutor.runWorker(ThreadPoolExecutor.java:1130)
        at java.base@21.0.8/java.util.concurrent.ThreadPoolExecutor$Worker.run(ThreadPoolExecutor.java:642)
        at java.base@21.0.8/java.lang.Thread.runWith(Thread.java:1596)
        at java.base@21.0.8/java.lang.Thread.run(Thread.java:1583)
"surefire-process-checker" daemon prio=5 tid=26 timed_waiting
java.lang.Thread.State: TIMED_WAITING
        at java.base@21.0.8/jdk.internal.misc.Unsafe.park(Native Method)
        at java.base@21.0.8/java.util.concurrent.locks.LockSupport.parkNanos(LockSupport.java:269)
        at java.base@21.0.8/java.util.concurrent.locks.AbstractQueuedSynchronizer$ConditionObject.awaitNanos(AbstractQueuedSynchronizer.java:1763)
        at java.base@21.0.8/java.util.concurrent.ScheduledThreadPoolExecutor$DelayedWorkQueue.take(ScheduledThreadPoolExecutor.java:1182)
        at java.base@21.0.8/java.util.concurrent.ScheduledThreadPoolExecutor$DelayedWorkQueue.take(ScheduledThreadPoolExecutor.java:899)
        at java.base@21.0.8/java.util.concurrent.ThreadPoolExecutor.getTask(ThreadPoolExecutor.java:1070)
        at java.base@21.0.8/java.util.concurrent.ThreadPoolExecutor.runWorker(ThreadPoolExecutor.java:1130)
        at java.base@21.0.8/java.util.concurrent.ThreadPoolExecutor$Worker.run(ThreadPoolExecutor.java:642)
        at java.base@21.0.8/java.lang.Thread.runWith(Thread.java:1596)
        at java.base@21.0.8/java.lang.Thread.run(Thread.java:1583)
"IPC Server handler 1 on default port 15004" daemon prio=5 tid=340 timed_waiting
java.lang.Thread.State: TIMED_WAITING
        at java.base@21.0.8/jdk.internal.misc.Unsafe.park(Native Method)
        at java.base@21.0.8/java.util.concurrent.locks.LockSupport.parkNanos(LockSupport.java:269)
        at java.base@21.0.8/java.util.concurrent.locks.AbstractQueuedSynchronizer$ConditionObject.awaitNanos(AbstractQueuedSynchronizer.java:1763)
        at java.base@21.0.8/java.util.concurrent.LinkedBlockingQueue.poll(LinkedBlockingQueue.java:460)
        at app//org.apache.hadoop.ipc.CallQueueManager.take(CallQueueManager.java:370)
        at app//org.apache.hadoop.ipc.Server$Handler.run(Server.java:3165)
"ContainerDataScanner(/home/runner/work/ozone/ozone/hadoop-ozone/integration-test-recon/target/test-dir/MiniOzoneClusterImpl-e405f726-f354-48a5-b90a-334fe627f997/ozone-metadata/datanode-4/data-0/hdds)" daemon prio=5 tid=989 timed_waiting
java.lang.Thread.State: TIMED_WAITING
        at java.base@21.0.8/java.lang.Thread.sleep0(Native Method)
        at java.base@21.0.8/java.lang.Thread.sleep(Thread.java:509)
        at app//org.apache.hadoop.ozone.container.ozoneimpl.AbstractBackgroundContainerScanner.handleRemainingSleep(AbstractBackgroundContainerScanner.java:133)
        at app//org.apache.hadoop.ozone.container.ozoneimpl.AbstractBackgroundContainerScanner.runIteration(AbstractBackgroundContainerScanner.java:100)
        at app//org.apache.hadoop.ozone.container.ozoneimpl.AbstractBackgroundContainerScanner.run(AbstractBackgroundContainerScanner.java:59)
        at java.base@21.0.8/java.lang.Thread.runWith(Thread.java:1596)
        at java.base@21.0.8/java.lang.Thread.run(Thread.java:1583)
"qtp391903823-545" daemon prio=5 tid=545 timed_waiting
java.lang.Thread.State: TIMED_WAITING
        at java.base@21.0.8/jdk.internal.misc.Unsafe.park(Native Method)
        at java.base@21.0.8/java.util.concurrent.locks.LockSupport.parkNanos(LockSupport.java:269)
        at java.base@21.0.8/java.util.concurrent.locks.AbstractQueuedSynchronizer$ConditionObject.awaitNanos(AbstractQueuedSynchronizer.java:1763)
        at app//org.eclipse.jetty.util.BlockingArrayQueue.poll(BlockingArrayQueue.java:382)
        at app//org.eclipse.jetty.util.thread.QueuedThreadPool$Runner.idleJobPoll(QueuedThreadPool.java:974)
        at app//org.eclipse.jetty.util.thread.QueuedThreadPool$Runner.run(QueuedThreadPool.java:1018)
        at java.base@21.0.8/java.lang.Thread.runWith(Thread.java:1596)
        at java.base@21.0.8/java.lang.Thread.run(Thread.java:1583)
"EventQueue-DeadNodeForDeadNodeHandler" daemon prio=5 tid=1299 in Object.wait()
java.lang.Thread.State: WAITING (on object monitor)
        at java.base@21.0.8/jdk.internal.misc.Unsafe.park(Native Method)
        at java.base@21.0.8/java.util.concurrent.locks.LockSupport.park(LockSupport.java:371)
        at java.base@21.0.8/java.util.concurrent.locks.AbstractQueuedSynchronizer$ConditionNode.block(AbstractQueuedSynchronizer.java:519)
        at java.base@21.0.8/java.util.concurrent.ForkJoinPool.unmanagedBlock(ForkJoinPool.java:3780)
        at java.base@21.0.8/java.util.concurrent.ForkJoinPool.managedBlock(ForkJoinPool.java:3725)
        at java.base@21.0.8/java.util.concurrent.locks.AbstractQueuedSynchronizer$ConditionObject.await(AbstractQueuedSynchronizer.java:1712)
        at java.base@21.0.8/java.util.concurrent.LinkedBlockingQueue.take(LinkedBlockingQueue.java:435)
        at java.base@21.0.8/java.util.concurrent.ThreadPoolExecutor.getTask(ThreadPoolExecutor.java:1070)
        at java.base@21.0.8/java.util.concurrent.ThreadPoolExecutor.runWorker(ThreadPoolExecutor.java:1130)
        at java.base@21.0.8/java.util.concurrent.ThreadPoolExecutor$Worker.run(ThreadPoolExecutor.java:642)
        at java.base@21.0.8/java.lang.Thread.runWith(Thread.java:1596)
        at java.base@21.0.8/java.lang.Thread.run(Thread.java:1583)
"IPC Server handler 3 on default port 15004" daemon prio=5 tid=342 timed_waiting
java.lang.Thread.State: TIMED_WAITING
        at java.base@21.0.8/jdk.internal.misc.Unsafe.park(Native Method)
        at java.base@21.0.8/java.util.concurrent.locks.LockSupport.parkNanos(LockSupport.java:269)
        at java.base@21.0.8/java.util.concurrent.locks.AbstractQueuedSynchronizer$ConditionObject.awaitNanos(AbstractQueuedSynchronizer.java:1763)
        at java.base@21.0.8/java.util.concurrent.LinkedBlockingQueue.poll(LinkedBlockingQueue.java:460)
        at app//org.apache.hadoop.ipc.CallQueueManager.take(CallQueueManager.java:370)
        at app//org.apache.hadoop.ipc.Server$Handler.run(Server.java:3165)
"IPC Server handler 17 on default port 15001" daemon prio=5 tid=575 timed_waiting
java.lang.Thread.State: TIMED_WAITING
        at java.base@21.0.8/jdk.internal.misc.Unsafe.park(Native Method)
        at java.base@21.0.8/java.util.concurrent.locks.LockSupport.parkNanos(LockSupport.java:269)
        at java.base@21.0.8/java.util.concurrent.locks.AbstractQueuedSynchronizer$ConditionObject.awaitNanos(AbstractQueuedSynchronizer.java:1763)
        at java.base@21.0.8/java.util.concurrent.LinkedBlockingQueue.poll(LinkedBlockingQueue.java:460)
        at app//org.apache.hadoop.ipc.CallQueueManager.take(CallQueueManager.java:370)
        at app//org.apache.hadoop.ipc.Server$Handler.run(Server.java:3165)
"Socket Reader #8 for port 15008" daemon prio=5 tid=457 runnable
java.lang.Thread.State: RUNNABLE
        at java.base@21.0.8/sun.nio.ch.EPoll.wait(Native Method)
        at java.base@21.0.8/sun.nio.ch.EPollSelectorImpl.doSelect(EPollSelectorImpl.java:121)
        at java.base@21.0.8/sun.nio.ch.SelectorImpl.lockAndDoSelect(SelectorImpl.java:130)
        at java.base@21.0.8/sun.nio.ch.SelectorImpl.select(SelectorImpl.java:147)
        at app//org.apache.hadoop.ipc.Server$Listener$Reader.doRunLoop(Server.java:1497)
        at app//org.apache.hadoop.ipc.Server$Listener$Reader.run(Server.java:1476)
"IPC Server handler 70 on default port 15004" daemon prio=5 tid=409 timed_waiting
java.lang.Thread.State: TIMED_WAITING
        at java.base@21.0.8/jdk.internal.misc.Unsafe.park(Native Method)
        at java.base@21.0.8/java.util.concurrent.locks.LockSupport.parkNanos(LockSupport.java:269)
        at java.base@21.0.8/java.util.concurrent.locks.AbstractQueuedSynchronizer$ConditionObject.awaitNanos(AbstractQueuedSynchronizer.java:1763)
        at java.base@21.0.8/java.util.concurrent.LinkedBlockingQueue.poll(LinkedBlockingQueue.java:460)
        at app//org.apache.hadoop.ipc.CallQueueManager.take(CallQueueManager.java:370)
        at app//org.apache.hadoop.ipc.Server$Handler.run(Server.java:3165)
"IPC Server handler 57 on default port 15003" daemon prio=5 tid=278 timed_waiting
java.lang.Thread.State: TIMED_WAITING
        at java.base@21.0.8/jdk.internal.misc.Unsafe.park(Native Method)
        at java.base@21.0.8/java.util.concurrent.locks.LockSupport.parkNanos(LockSupport.java:269)
        at java.base@21.0.8/java.util.concurrent.locks.AbstractQueuedSynchronizer$ConditionObject.awaitNanos(AbstractQueuedSynchronizer.java:1763)
        at java.base@21.0.8/java.util.concurrent.LinkedBlockingQueue.poll(LinkedBlockingQueue.java:460)
        at app//org.apache.hadoop.ipc.CallQueueManager.take(CallQueueManager.java:370)
        at app//org.apache.hadoop.ipc.Server$Handler.run(Server.java:3165)
"IPC Server handler 95 on default port 15001" daemon prio=5 tid=653 timed_waiting
java.lang.Thread.State: TIMED_WAITING
        at java.base@21.0.8/jdk.internal.misc.Unsafe.park(Native Method)
        at java.base@21.0.8/java.util.concurrent.locks.LockSupport.parkNanos(LockSupport.java:269)
        at java.base@21.0.8/java.util.concurrent.locks.AbstractQueuedSynchronizer$ConditionObject.awaitNanos(AbstractQueuedSynchronizer.java:1763)
        at java.base@21.0.8/java.util.concurrent.LinkedBlockingQueue.poll(LinkedBlockingQueue.java:460)
        at app//org.apache.hadoop.ipc.CallQueueManager.take(CallQueueManager.java:370)
        at app//org.apache.hadoop.ipc.Server$Handler.run(Server.java:3165)
"42a5f925-1bc2-4f8a-8509-c5ae65e6fcde-PipelineCommandHandlerThread-0"  prio=5 tid=1031 in Object.wait()
java.lang.Thread.State: WAITING (on object monitor)
        at java.base@21.0.8/jdk.internal.misc.Unsafe.park(Native Method)
        at java.base@21.0.8/java.util.concurrent.locks.LockSupport.park(LockSupport.java:371)
        at java.base@21.0.8/java.util.concurrent.locks.AbstractQueuedSynchronizer$ConditionNode.block(AbstractQueuedSynchronizer.java:519)
        at java.base@21.0.8/java.util.concurrent.ForkJoinPool.unmanagedBlock(ForkJoinPool.java:3780)
        at java.base@21.0.8/java.util.concurrent.ForkJoinPool.managedBlock(ForkJoinPool.java:3725)
        at java.base@21.0.8/java.util.concurrent.locks.AbstractQueuedSynchronizer$ConditionObject.await(AbstractQueuedSynchronizer.java:1712)
        at java.base@21.0.8/java.util.concurrent.LinkedBlockingQueue.take(LinkedBlockingQueue.java:435)
        at java.base@21.0.8/java.util.concurrent.ThreadPoolExecutor.getTask(ThreadPoolExecutor.java:1070)
        at java.base@21.0.8/java.util.concurrent.ThreadPoolExecutor.runWorker(ThreadPoolExecutor.java:1130)
        at java.base@21.0.8/java.util.concurrent.ThreadPoolExecutor$Worker.run(ThreadPoolExecutor.java:642)
        at java.base@21.0.8/java.lang.Thread.runWith(Thread.java:1596)
        at java.base@21.0.8/java.lang.Thread.run(Thread.java:1583)
"IPC Server handler 35 on default port 15002" daemon prio=5 tid=156 timed_waiting
java.lang.Thread.State: TIMED_WAITING
        at java.base@21.0.8/jdk.internal.misc.Unsafe.park(Native Method)
        at java.base@21.0.8/java.util.concurrent.locks.LockSupport.parkNanos(LockSupport.java:269)
        at java.base@21.0.8/java.util.concurrent.locks.AbstractQueuedSynchronizer$ConditionObject.awaitNanos(AbstractQueuedSynchronizer.java:1763)
        at java.base@21.0.8/java.util.concurrent.LinkedBlockingQueue.poll(LinkedBlockingQueue.java:460)
        at app//org.apache.hadoop.ipc.CallQueueManager.take(CallQueueManager.java:370)
        at app//org.apache.hadoop.ipc.Server$Handler.run(Server.java:3165)
"IPC Server handler 41 on default port 15001" daemon prio=5 tid=599 timed_waiting
java.lang.Thread.State: TIMED_WAITING
        at java.base@21.0.8/jdk.internal.misc.Unsafe.park(Native Method)
        at java.base@21.0.8/java.util.concurrent.locks.LockSupport.parkNanos(LockSupport.java:269)
        at java.base@21.0.8/java.util.concurrent.locks.AbstractQueuedSynchronizer$ConditionObject.awaitNanos(AbstractQueuedSynchronizer.java:1763)
        at java.base@21.0.8/java.util.concurrent.LinkedBlockingQueue.poll(LinkedBlockingQueue.java:460)
        at app//org.apache.hadoop.ipc.CallQueueManager.take(CallQueueManager.java:370)
        at app//org.apache.hadoop.ipc.Server$Handler.run(Server.java:3165)
"qtp871701899-719" daemon prio=5 tid=719 runnable
java.lang.Thread.State: RUNNABLE
        at java.base@21.0.8/sun.nio.ch.EPoll.wait(Native Method)
        at java.base@21.0.8/sun.nio.ch.EPollSelectorImpl.doSelect(EPollSelectorImpl.java:121)
        at java.base@21.0.8/sun.nio.ch.SelectorImpl.lockAndDoSelect(SelectorImpl.java:130)
        at java.base@21.0.8/sun.nio.ch.SelectorImpl.select(SelectorImpl.java:147)
        at app//org.eclipse.jetty.io.ManagedSelector.nioSelect(ManagedSelector.java:183)
        at app//org.eclipse.jetty.io.ManagedSelector.select(ManagedSelector.java:190)
        at app//org.eclipse.jetty.io.ManagedSelector$SelectorProducer.select(ManagedSelector.java:606)
        at app//org.eclipse.jetty.io.ManagedSelector$SelectorProducer.produce(ManagedSelector.java:543)
        at app//org.eclipse.jetty.util.thread.strategy.EatWhatYouKill.produceTask(EatWhatYouKill.java:362)
        at app//org.eclipse.jetty.util.thread.strategy.EatWhatYouKill.doProduce(EatWhatYouKill.java:186)
        at app//org.eclipse.jetty.util.thread.strategy.EatWhatYouKill.tryProduce(EatWhatYouKill.java:173)
        at app//org.eclipse.jetty.util.thread.strategy.EatWhatYouKill.produce(EatWhatYouKill.java:137)
        at app//org.eclipse.jetty.io.ManagedSelector$$Lambda/0x00007f18e86c6408.run(Unknown Source)
        at app//org.eclipse.jetty.util.thread.QueuedThreadPool.runJob(QueuedThreadPool.java:883)
        at app//org.eclipse.jetty.util.thread.QueuedThreadPool$Runner.run(QueuedThreadPool.java:1034)
        at java.base@21.0.8/java.lang.Thread.runWith(Thread.java:1596)
        at java.base@21.0.8/java.lang.Thread.run(Thread.java:1583)
"IPC Server handler 42 on default port 15001" daemon prio=5 tid=600 timed_waiting
java.lang.Thread.State: TIMED_WAITING
        at java.base@21.0.8/jdk.internal.misc.Unsafe.park(Native Method)
        at java.base@21.0.8/java.util.concurrent.locks.LockSupport.parkNanos(LockSupport.java:269)
        at java.base@21.0.8/java.util.concurrent.locks.AbstractQueuedSynchronizer$ConditionObject.awaitNanos(AbstractQueuedSynchronizer.java:1763)
        at java.base@21.0.8/java.util.concurrent.LinkedBlockingQueue.poll(LinkedBlockingQueue.java:460)
        at app//org.apache.hadoop.ipc.CallQueueManager.take(CallQueueManager.java:370)
        at app//org.apache.hadoop.ipc.Server$Handler.run(Server.java:3165)
"0ed0910f-4ac9-4f62-be34-d90c51a3e6c9-DatanodeStateMachineTaskThread-1"  prio=5 tid=1006 in Object.wait()
java.lang.Thread.State: WAITING (on object monitor)
        at java.base@21.0.8/jdk.internal.misc.Unsafe.park(Native Method)
        at java.base@21.0.8/java.util.concurrent.locks.LockSupport.park(LockSupport.java:371)
        at java.base@21.0.8/java.util.concurrent.locks.AbstractQueuedSynchronizer$ConditionNode.block(AbstractQueuedSynchronizer.java:519)
        at java.base@21.0.8/java.util.concurrent.ForkJoinPool.unmanagedBlock(ForkJoinPool.java:3780)
        at java.base@21.0.8/java.util.concurrent.ForkJoinPool.managedBlock(ForkJoinPool.java:3725)
        at java.base@21.0.8/java.util.concurrent.locks.AbstractQueuedSynchronizer$ConditionObject.await(AbstractQueuedSynchronizer.java:1712)
        at java.base@21.0.8/java.util.concurrent.LinkedBlockingQueue.take(LinkedBlockingQueue.java:435)
        at java.base@21.0.8/java.util.concurrent.ThreadPoolExecutor.getTask(ThreadPoolExecutor.java:1070)
        at java.base@21.0.8/java.util.concurrent.ThreadPoolExecutor.runWorker(ThreadPoolExecutor.java:1130)
        at java.base@21.0.8/java.util.concurrent.ThreadPoolExecutor$Worker.run(ThreadPoolExecutor.java:642)
        at java.base@21.0.8/java.lang.Thread.runWith(Thread.java:1596)
        at java.base@21.0.8/java.lang.Thread.run(Thread.java:1583)
"IPC Server listener on 15003" daemon prio=5 tid=76 runnable
java.lang.Thread.State: RUNNABLE
        at java.base@21.0.8/sun.nio.ch.EPoll.wait(Native Method)
        at java.base@21.0.8/sun.nio.ch.EPollSelectorImpl.doSelect(EPollSelectorImpl.java:121)
        at java.base@21.0.8/sun.nio.ch.SelectorImpl.lockAndDoSelect(SelectorImpl.java:130)
        at java.base@21.0.8/sun.nio.ch.SelectorImpl.select(SelectorImpl.java:147)
        at app//org.apache.hadoop.ipc.Server$Listener.run(Server.java:1559)
"FixedThreadPoolWithAffinityExecutor-9-0" daemon prio=5 tid=113 timed_waiting
java.lang.Thread.State: TIMED_WAITING
        at java.base@21.0.8/jdk.internal.misc.Unsafe.park(Native Method)
        at java.base@21.0.8/java.util.concurrent.locks.LockSupport.parkNanos(LockSupport.java:269)
        at java.base@21.0.8/java.util.concurrent.locks.AbstractQueuedSynchronizer$ConditionObject.awaitNanos(AbstractQueuedSynchronizer.java:1763)
        at java.base@21.0.8/java.util.concurrent.LinkedBlockingQueue.poll(LinkedBlockingQueue.java:460)
        at app//org.apache.hadoop.hdds.scm.server.ContainerReportQueue.poll(ContainerReportQueue.java:269)
        at app//org.apache.hadoop.hdds.scm.server.ContainerReportQueue.poll(ContainerReportQueue.java:42)
        at app//org.apache.hadoop.hdds.server.events.FixedThreadPoolWithAffinityExecutor$ContainerReportProcessTask.run(FixedThreadPoolWithAffinityExecutor.java:228)
        at java.base@21.0.8/java.util.concurrent.Executors$RunnableAdapter.call(Executors.java:572)
        at java.base@21.0.8/java.util.concurrent.FutureTask.run(FutureTask.java:317)
        at java.base@21.0.8/java.util.concurrent.ThreadPoolExecutor.runWorker(ThreadPoolExecutor.java:1144)
        at java.base@21.0.8/java.util.concurrent.ThreadPoolExecutor$Worker.run(ThreadPoolExecutor.java:642)
        at java.base@21.0.8/java.lang.Thread.runWith(Thread.java:1596)
        at java.base@21.0.8/java.lang.Thread.run(Thread.java:1583)
"JvmPauseMonitor3" daemon prio=5 tid=661 timed_waiting
java.lang.Thread.State: TIMED_WAITING
        at java.base@21.0.8/java.lang.Thread.sleep0(Native Method)
        at java.base@21.0.8/java.lang.Thread.sleep(Thread.java:558)
        at java.base@21.0.8/java.util.concurrent.TimeUnit.sleep(TimeUnit.java:446)
        at app//org.apache.ratis.util.TimeDuration.sleep(TimeDuration.java:353)
        at app//org.apache.ratis.util.TimeDuration.sleep(TimeDuration.java:338)
        at app//org.apache.ratis.util.JvmPauseMonitor.detectPause(JvmPauseMonitor.java:160)
        at app//org.apache.ratis.util.JvmPauseMonitor.run(JvmPauseMonitor.java:149)
        at app//org.apache.ratis.util.JvmPauseMonitor$$Lambda/0x00007f18e83aead8.run(Unknown Source)
        at java.base@21.0.8/java.lang.Thread.runWith(Thread.java:1596)
        at java.base@21.0.8/java.lang.Thread.run(Thread.java:1583)
"IPC Server handler 0 on default port 15001" daemon prio=5 tid=558 timed_waiting
java.lang.Thread.State: TIMED_WAITING
        at java.base@21.0.8/jdk.internal.misc.Unsafe.park(Native Method)
        at java.base@21.0.8/java.util.concurrent.locks.LockSupport.parkNanos(LockSupport.java:269)
        at java.base@21.0.8/java.util.concurrent.locks.AbstractQueuedSynchronizer$ConditionObject.awaitNanos(AbstractQueuedSynchronizer.java:1763)
        at java.base@21.0.8/java.util.concurrent.LinkedBlockingQueue.poll(LinkedBlockingQueue.java:460)
        at app//org.apache.hadoop.ipc.CallQueueManager.take(CallQueueManager.java:370)
        at app//org.apache.hadoop.ipc.Server$Handler.run(Server.java:3165)
"timer7" daemon prio=5 tid=1138 timed_waiting
java.lang.Thread.State: TIMED_WAITING
        at java.base@21.0.8/java.lang.Object.wait0(Native Method)
        at java.base@21.0.8/java.lang.Object.wait(Object.java:366)
        at java.base@21.0.8/java.util.TimerThread.mainLoop(Timer.java:563)
        at java.base@21.0.8/java.util.TimerThread.run(Timer.java:516)
"Session-HouseKeeper-1bb0b09b-1"  prio=5 tid=726 timed_waiting
java.lang.Thread.State: TIMED_WAITING
        at java.base@21.0.8/jdk.internal.misc.Unsafe.park(Native Method)
        at java.base@21.0.8/java.util.concurrent.locks.LockSupport.parkNanos(LockSupport.java:269)
        at java.base@21.0.8/java.util.concurrent.locks.AbstractQueuedSynchronizer$ConditionObject.awaitNanos(AbstractQueuedSynchronizer.java:1763)
        at java.base@21.0.8/java.util.concurrent.ScheduledThreadPoolExecutor$DelayedWorkQueue.take(ScheduledThreadPoolExecutor.java:1182)
        at java.base@21.0.8/java.util.concurrent.ScheduledThreadPoolExecutor$DelayedWorkQueue.take(ScheduledThreadPoolExecutor.java:899)
        at java.base@21.0.8/java.util.concurrent.ThreadPoolExecutor.getTask(ThreadPoolExecutor.java:1070)
        at java.base@21.0.8/java.util.concurrent.ThreadPoolExecutor.runWorker(ThreadPoolExecutor.java:1130)
        at java.base@21.0.8/java.util.concurrent.ThreadPoolExecutor$Worker.run(ThreadPoolExecutor.java:642)
        at java.base@21.0.8/java.lang.Thread.runWith(Thread.java:1596)
        at java.base@21.0.8/java.lang.Thread.run(Thread.java:1583)
"0ed0910f-4ac9-4f62-be34-d90c51a3e6c9-BlockDeletingService#0" daemon prio=5 tid=1025 timed_waiting
java.lang.Thread.State: TIMED_WAITING
        at java.base@21.0.8/jdk.internal.misc.Unsafe.park(Native Method)
        at java.base@21.0.8/java.util.concurrent.locks.LockSupport.parkNanos(LockSupport.java:269)
        at java.base@21.0.8/java.util.concurrent.locks.AbstractQueuedSynchronizer$ConditionObject.awaitNanos(AbstractQueuedSynchronizer.java:1763)
        at java.base@21.0.8/java.util.concurrent.ScheduledThreadPoolExecutor$DelayedWorkQueue.take(ScheduledThreadPoolExecutor.java:1182)
        at java.base@21.0.8/java.util.concurrent.ScheduledThreadPoolExecutor$DelayedWorkQueue.take(ScheduledThreadPoolExecutor.java:899)
        at java.base@21.0.8/java.util.concurrent.ThreadPoolExecutor.getTask(ThreadPoolExecutor.java:1070)
        at java.base@21.0.8/java.util.concurrent.ThreadPoolExecutor.runWorker(ThreadPoolExecutor.java:1130)
        at java.base@21.0.8/java.util.concurrent.ThreadPoolExecutor$Worker.run(ThreadPoolExecutor.java:642)
        at java.base@21.0.8/java.lang.Thread.runWith(Thread.java:1596)
        at java.base@21.0.8/java.lang.Thread.run(Thread.java:1583)
"Timer-1" daemon prio=5 tid=513 in Object.wait()
java.lang.Thread.State: WAITING (on object monitor)
        at java.base@21.0.8/java.lang.Object.wait0(Native Method)
        at java.base@21.0.8/java.lang.Object.wait(Object.java:366)
        at java.base@21.0.8/java.lang.Object.wait(Object.java:339)
        at java.base@21.0.8/java.util.TimerThread.mainLoop(Timer.java:537)
        at java.base@21.0.8/java.util.TimerThread.run(Timer.java:516)
"IPC Parameter Sending Thread for 0.0.0.0/0.0.0.0:15002" daemon prio=5 tid=1243 timed_waiting
java.lang.Thread.State: TIMED_WAITING
        at java.base@21.0.8/jdk.internal.misc.Unsafe.park(Native Method)
        at java.base@21.0.8/java.util.concurrent.locks.LockSupport.parkNanos(LockSupport.java:410)
        at java.base@21.0.8/java.util.concurrent.LinkedTransferQueue$DualNode.await(LinkedTransferQueue.java:452)
        at java.base@21.0.8/java.util.concurrent.LinkedTransferQueue.xfer(LinkedTransferQueue.java:613)
        at java.base@21.0.8/java.util.concurrent.SynchronousQueue.xfer(SynchronousQueue.java:235)
        at java.base@21.0.8/java.util.concurrent.SynchronousQueue.poll(SynchronousQueue.java:338)
        at app//org.apache.hadoop.ipc.Client$Connection$RpcRequestSender.run(Client.java:1121)
        at java.base@21.0.8/java.lang.Thread.runWith(Thread.java:1596)
        at java.base@21.0.8/java.lang.Thread.run(Thread.java:1583)
"Hadoop-Metrics-Updater-0" daemon prio=5 tid=103 timed_waiting
java.lang.Thread.State: TIMED_WAITING
        at java.base@21.0.8/jdk.internal.misc.Unsafe.park(Native Method)
        at java.base@21.0.8/java.util.concurrent.locks.LockSupport.parkNanos(LockSupport.java:269)
        at java.base@21.0.8/java.util.concurrent.locks.AbstractQueuedSynchronizer$ConditionObject.awaitNanos(AbstractQueuedSynchronizer.java:1763)
        at java.base@21.0.8/java.util.concurrent.ScheduledThreadPoolExecutor$DelayedWorkQueue.take(ScheduledThreadPoolExecutor.java:1182)
        at java.base@21.0.8/java.util.concurrent.ScheduledThreadPoolExecutor$DelayedWorkQueue.take(ScheduledThreadPoolExecutor.java:899)
        at java.base@21.0.8/java.util.concurrent.ThreadPoolExecutor.getTask(ThreadPoolExecutor.java:1070)
        at java.base@21.0.8/java.util.concurrent.ThreadPoolExecutor.runWorker(ThreadPoolExecutor.java:1130)
        at java.base@21.0.8/java.util.concurrent.ThreadPoolExecutor$Worker.run(ThreadPoolExecutor.java:642)
        at java.base@21.0.8/java.lang.Thread.runWith(Thread.java:1596)
        at java.base@21.0.8/java.lang.Thread.run(Thread.java:1583)
"IPC Server handler 39 on default port 15004" daemon prio=5 tid=378 timed_waiting
java.lang.Thread.State: TIMED_WAITING
        at java.base@21.0.8/jdk.internal.misc.Unsafe.park(Native Method)
        at java.base@21.0.8/java.util.concurrent.locks.LockSupport.parkNanos(LockSupport.java:269)
        at java.base@21.0.8/java.util.concurrent.locks.AbstractQueuedSynchronizer$ConditionObject.awaitNanos(AbstractQueuedSynchronizer.java:1763)
        at java.base@21.0.8/java.util.concurrent.LinkedBlockingQueue.poll(LinkedBlockingQueue.java:460)
        at app//org.apache.hadoop.ipc.CallQueueManager.take(CallQueueManager.java:370)
        at app//org.apache.hadoop.ipc.Server$Handler.run(Server.java:3165)
"Socket Reader #4 for port 15001" daemon prio=5 tid=524 runnable
java.lang.Thread.State: RUNNABLE
        at java.base@21.0.8/sun.nio.ch.EPoll.wait(Native Method)
        at java.base@21.0.8/sun.nio.ch.EPollSelectorImpl.doSelect(EPollSelectorImpl.java:121)
        at java.base@21.0.8/sun.nio.ch.SelectorImpl.lockAndDoSelect(SelectorImpl.java:130)
        at java.base@21.0.8/sun.nio.ch.SelectorImpl.select(SelectorImpl.java:147)
        at app//org.apache.hadoop.ipc.Server$Listener$Reader.doRunLoop(Server.java:1497)
        at app//org.apache.hadoop.ipc.Server$Listener$Reader.run(Server.java:1476)
"IPC Server handler 6 on default port 15001" daemon prio=5 tid=564 timed_waiting
java.lang.Thread.State: TIMED_WAITING
        at java.base@21.0.8/jdk.internal.misc.Unsafe.park(Native Method)
        at java.base@21.0.8/java.util.concurrent.locks.LockSupport.parkNanos(LockSupport.java:269)
        at java.base@21.0.8/java.util.concurrent.locks.AbstractQueuedSynchronizer$ConditionObject.awaitNanos(AbstractQueuedSynchronizer.java:1763)
        at java.base@21.0.8/java.util.concurrent.LinkedBlockingQueue.poll(LinkedBlockingQueue.java:460)
        at app//org.apache.hadoop.ipc.CallQueueManager.take(CallQueueManager.java:370)
        at app//org.apache.hadoop.ipc.Server$Handler.run(Server.java:3165)
"pool-205-thread-1"  prio=5 tid=816 timed_waiting
java.lang.Thread.State: TIMED_WAITING
        at java.base@21.0.8/jdk.internal.misc.Unsafe.park(Native Method)
        at java.base@21.0.8/java.util.concurrent.locks.LockSupport.parkNanos(LockSupport.java:269)
        at java.base@21.0.8/java.util.concurrent.locks.AbstractQueuedSynchronizer$ConditionObject.awaitNanos(AbstractQueuedSynchronizer.java:1763)
        at java.base@21.0.8/java.util.concurrent.ScheduledThreadPoolExecutor$DelayedWorkQueue.take(ScheduledThreadPoolExecutor.java:1182)
        at java.base@21.0.8/java.util.concurrent.ScheduledThreadPoolExecutor$DelayedWorkQueue.take(ScheduledThreadPoolExecutor.java:899)
        at java.base@21.0.8/java.util.concurrent.ThreadPoolExecutor.getTask(ThreadPoolExecutor.java:1070)
        at java.base@21.0.8/java.util.concurrent.ThreadPoolExecutor.runWorker(ThreadPoolExecutor.java:1130)
        at java.base@21.0.8/java.util.concurrent.ThreadPoolExecutor$Worker.run(ThreadPoolExecutor.java:642)
        at java.base@21.0.8/java.lang.Thread.runWith(Thread.java:1596)
        at java.base@21.0.8/java.lang.Thread.run(Thread.java:1583)
"Socket Reader #6 for port 15002" daemon prio=5 tid=96 runnable
java.lang.Thread.State: RUNNABLE
        at java.base@21.0.8/sun.nio.ch.EPoll.wait(Native Method)
        at java.base@21.0.8/sun.nio.ch.EPollSelectorImpl.doSelect(EPollSelectorImpl.java:121)
        at java.base@21.0.8/sun.nio.ch.SelectorImpl.lockAndDoSelect(SelectorImpl.java:130)
        at java.base@21.0.8/sun.nio.ch.SelectorImpl.select(SelectorImpl.java:147)
        at app//org.apache.hadoop.ipc.Server$Listener$Reader.doRunLoop(Server.java:1497)
        at app//org.apache.hadoop.ipc.Server$Listener$Reader.run(Server.java:1476)
"Socket Reader #3 for port 15008" daemon prio=5 tid=452 runnable
java.lang.Thread.State: RUNNABLE
        at java.base@21.0.8/sun.nio.ch.EPoll.wait(Native Method)
        at java.base@21.0.8/sun.nio.ch.EPollSelectorImpl.doSelect(EPollSelectorImpl.java:121)
        at java.base@21.0.8/sun.nio.ch.SelectorImpl.lockAndDoSelect(SelectorImpl.java:130)
        at java.base@21.0.8/sun.nio.ch.SelectorImpl.select(SelectorImpl.java:147)
        at app//org.apache.hadoop.ipc.Server$Listener$Reader.doRunLoop(Server.java:1497)
        at app//org.apache.hadoop.ipc.Server$Listener$Reader.run(Server.java:1476)
"IPC Server handler 18 on default port 15008" daemon prio=5 tid=510 timed_waiting
java.lang.Thread.State: TIMED_WAITING
        at java.base@21.0.8/jdk.internal.misc.Unsafe.park(Native Method)
        at java.base@21.0.8/java.util.concurrent.locks.LockSupport.parkNanos(LockSupport.java:269)
        at java.base@21.0.8/java.util.concurrent.locks.AbstractQueuedSynchronizer$ConditionObject.awaitNanos(AbstractQueuedSynchronizer.java:1763)
        at java.base@21.0.8/java.util.concurrent.LinkedBlockingQueue.poll(LinkedBlockingQueue.java:460)
        at app//org.apache.hadoop.ipc.CallQueueManager.take(CallQueueManager.java:370)
        at app//org.apache.hadoop.ipc.Server$Handler.run(Server.java:3165)
"IPC Server Responder" daemon prio=5 tid=881 runnable
java.lang.Thread.State: RUNNABLE
        at java.base@21.0.8/sun.nio.ch.EPoll.wait(Native Method)
        at java.base@21.0.8/sun.nio.ch.EPollSelectorImpl.doSelect(EPollSelectorImpl.java:121)
        at java.base@21.0.8/sun.nio.ch.SelectorImpl.lockAndDoSelect(SelectorImpl.java:130)
        at java.base@21.0.8/sun.nio.ch.SelectorImpl.select(SelectorImpl.java:142)
        at app//org.apache.hadoop.ipc.Server$Responder.doRunLoop(Server.java:1733)
        at app//org.apache.hadoop.ipc.Server$Responder.run(Server.java:1716)
"IPC Server handler 28 on default port 15001" daemon prio=5 tid=586 timed_waiting
java.lang.Thread.State: TIMED_WAITING
        at java.base@21.0.8/jdk.internal.misc.Unsafe.park(Native Method)
        at java.base@21.0.8/java.util.concurrent.locks.LockSupport.parkNanos(LockSupport.java:269)
        at java.base@21.0.8/java.util.concurrent.locks.AbstractQueuedSynchronizer$ConditionObject.awaitNanos(AbstractQueuedSynchronizer.java:1763)
        at java.base@21.0.8/java.util.concurrent.LinkedBlockingQueue.poll(LinkedBlockingQueue.java:460)
        at app//org.apache.hadoop.ipc.CallQueueManager.take(CallQueueManager.java:370)
        at app//org.apache.hadoop.ipc.Server$Handler.run(Server.java:3165)
"StaleRecoveringContainerScrubbingService#0" daemon prio=5 tid=868 timed_waiting
java.lang.Thread.State: TIMED_WAITING
        at java.base@21.0.8/jdk.internal.misc.Unsafe.park(Native Method)
        at java.base@21.0.8/java.util.concurrent.locks.LockSupport.parkNanos(LockSupport.java:269)
        at java.base@21.0.8/java.util.concurrent.locks.AbstractQueuedSynchronizer$ConditionObject.awaitNanos(AbstractQueuedSynchronizer.java:1763)
        at java.base@21.0.8/java.util.concurrent.ScheduledThreadPoolExecutor$DelayedWorkQueue.take(ScheduledThreadPoolExecutor.java:1182)
        at java.base@21.0.8/java.util.concurrent.ScheduledThreadPoolExecutor$DelayedWorkQueue.take(ScheduledThreadPoolExecutor.java:899)
        at java.base@21.0.8/java.util.concurrent.ThreadPoolExecutor.getTask(ThreadPoolExecutor.java:1070)
        at java.base@21.0.8/java.util.concurrent.ThreadPoolExecutor.runWorker(ThreadPoolExecutor.java:1130)
        at java.base@21.0.8/java.util.concurrent.ThreadPoolExecutor$Worker.run(ThreadPoolExecutor.java:642)
        at java.base@21.0.8/java.lang.Thread.runWith(Thread.java:1596)
        at java.base@21.0.8/java.lang.Thread.run(Thread.java:1583)
"IPC Server handler 20 on default port 15001" daemon prio=5 tid=578 timed_waiting
java.lang.Thread.State: TIMED_WAITING
        at java.base@21.0.8/jdk.internal.misc.Unsafe.park(Native Method)
        at java.base@21.0.8/java.util.concurrent.locks.LockSupport.parkNanos(LockSupport.java:269)
        at java.base@21.0.8/java.util.concurrent.locks.AbstractQueuedSynchronizer$ConditionObject.awaitNanos(AbstractQueuedSynchronizer.java:1763)
        at java.base@21.0.8/java.util.concurrent.LinkedBlockingQueue.poll(LinkedBlockingQueue.java:460)
        at app//org.apache.hadoop.ipc.CallQueueManager.take(CallQueueManager.java:370)
        at app//org.apache.hadoop.ipc.Server$Handler.run(Server.java:3165)
"Session-HouseKeeper-7b95f3e2-1"  prio=5 tid=552 timed_waiting
java.lang.Thread.State: TIMED_WAITING
        at java.base@21.0.8/jdk.internal.misc.Unsafe.park(Native Method)
        at java.base@21.0.8/java.util.concurrent.locks.LockSupport.parkNanos(LockSupport.java:269)
        at java.base@21.0.8/java.util.concurrent.locks.AbstractQueuedSynchronizer$ConditionObject.awaitNanos(AbstractQueuedSynchronizer.java:1763)
        at java.base@21.0.8/java.util.concurrent.ScheduledThreadPoolExecutor$DelayedWorkQueue.take(ScheduledThreadPoolExecutor.java:1182)
        at java.base@21.0.8/java.util.concurrent.ScheduledThreadPoolExecutor$DelayedWorkQueue.take(ScheduledThreadPoolExecutor.java:899)
        at java.base@21.0.8/java.util.concurrent.ThreadPoolExecutor.getTask(ThreadPoolExecutor.java:1070)
        at java.base@21.0.8/java.util.concurrent.ThreadPoolExecutor.runWorker(ThreadPoolExecutor.java:1130)
        at java.base@21.0.8/java.util.concurrent.ThreadPoolExecutor$Worker.run(ThreadPoolExecutor.java:642)
        at java.base@21.0.8/java.lang.Thread.runWith(Thread.java:1596)
        at java.base@21.0.8/java.lang.Thread.run(Thread.java:1583)
"Socket Reader #5 for port 15013" daemon prio=5 tid=686 runnable
java.lang.Thread.State: RUNNABLE
        at java.base@21.0.8/sun.nio.ch.EPoll.wait(Native Method)
        at java.base@21.0.8/sun.nio.ch.EPollSelectorImpl.doSelect(EPollSelectorImpl.java:121)
        at java.base@21.0.8/sun.nio.ch.SelectorImpl.lockAndDoSelect(SelectorImpl.java:130)
        at java.base@21.0.8/sun.nio.ch.SelectorImpl.select(SelectorImpl.java:147)
        at app//org.apache.hadoop.ipc.Server$Listener$Reader.doRunLoop(Server.java:1497)
        at app//org.apache.hadoop.ipc.Server$Listener$Reader.run(Server.java:1476)
"IPC Server handler 40 on default port 15002" daemon prio=5 tid=161 timed_waiting
java.lang.Thread.State: TIMED_WAITING
        at java.base@21.0.8/jdk.internal.misc.Unsafe.park(Native Method)
        at java.base@21.0.8/java.util.concurrent.locks.LockSupport.parkNanos(LockSupport.java:269)
        at java.base@21.0.8/java.util.concurrent.locks.AbstractQueuedSynchronizer$ConditionObject.awaitNanos(AbstractQueuedSynchronizer.java:1763)
        at java.base@21.0.8/java.util.concurrent.LinkedBlockingQueue.poll(LinkedBlockingQueue.java:460)
        at app//org.apache.hadoop.ipc.CallQueueManager.take(CallQueueManager.java:370)
        at app//org.apache.hadoop.ipc.Server$Handler.run(Server.java:3165)
"pool-36-thread-1"  prio=5 tid=323 timed_waiting
java.lang.Thread.State: TIMED_WAITING
        at java.base@21.0.8/jdk.internal.misc.Unsafe.park(Native Method)
        at java.base@21.0.8/java.util.concurrent.locks.LockSupport.parkNanos(LockSupport.java:269)
        at java.base@21.0.8/java.util.concurrent.locks.AbstractQueuedSynchronizer$ConditionObject.awaitNanos(AbstractQueuedSynchronizer.java:1763)
        at java.base@21.0.8/java.util.concurrent.ScheduledThreadPoolExecutor$DelayedWorkQueue.take(ScheduledThreadPoolExecutor.java:1182)
        at java.base@21.0.8/java.util.concurrent.ScheduledThreadPoolExecutor$DelayedWorkQueue.take(ScheduledThreadPoolExecutor.java:899)
        at java.base@21.0.8/java.util.concurrent.ThreadPoolExecutor.getTask(ThreadPoolExecutor.java:1070)
        at java.base@21.0.8/java.util.concurrent.ThreadPoolExecutor.runWorker(ThreadPoolExecutor.java:1130)
        at java.base@21.0.8/java.util.concurrent.ThreadPoolExecutor$Worker.run(ThreadPoolExecutor.java:642)
        at java.base@21.0.8/java.lang.Thread.runWith(Thread.java:1596)
        at java.base@21.0.8/java.lang.Thread.run(Thread.java:1583)
"IPC Server handler 52 on default port 15004" daemon prio=5 tid=391 timed_waiting
java.lang.Thread.State: TIMED_WAITING
        at java.base@21.0.8/jdk.internal.misc.Unsafe.park(Native Method)
        at java.base@21.0.8/java.util.concurrent.locks.LockSupport.parkNanos(LockSupport.java:269)
        at java.base@21.0.8/java.util.concurrent.locks.AbstractQueuedSynchronizer$ConditionObject.awaitNanos(AbstractQueuedSynchronizer.java:1763)
        at java.base@21.0.8/java.util.concurrent.LinkedBlockingQueue.poll(LinkedBlockingQueue.java:460)
        at app//org.apache.hadoop.ipc.CallQueueManager.take(CallQueueManager.java:370)
        at app//org.apache.hadoop.ipc.Server$Handler.run(Server.java:3165)
"EventQueue-PipelineReportForOneReplicaPipelineSafeModeRule" daemon prio=5 tid=923 in Object.wait()
java.lang.Thread.State: WAITING (on object monitor)
        at java.base@21.0.8/jdk.internal.misc.Unsafe.park(Native Method)
        at java.base@21.0.8/java.util.concurrent.locks.LockSupport.park(LockSupport.java:371)
        at java.base@21.0.8/java.util.concurrent.locks.AbstractQueuedSynchronizer$ConditionNode.block(AbstractQueuedSynchronizer.java:519)
        at java.base@21.0.8/java.util.concurrent.ForkJoinPool.unmanagedBlock(ForkJoinPool.java:3780)
        at java.base@21.0.8/java.util.concurrent.ForkJoinPool.managedBlock(ForkJoinPool.java:3725)
        at java.base@21.0.8/java.util.concurrent.locks.AbstractQueuedSynchronizer$ConditionObject.await(AbstractQueuedSynchronizer.java:1712)
        at java.base@21.0.8/java.util.concurrent.LinkedBlockingQueue.take(LinkedBlockingQueue.java:435)
        at java.base@21.0.8/java.util.concurrent.ThreadPoolExecutor.getTask(ThreadPoolExecutor.java:1070)
        at java.base@21.0.8/java.util.concurrent.ThreadPoolExecutor.runWorker(ThreadPoolExecutor.java:1130)
        at java.base@21.0.8/java.util.concurrent.ThreadPoolExecutor$Worker.run(ThreadPoolExecutor.java:642)
        at java.base@21.0.8/java.lang.Thread.runWith(Thread.java:1596)
        at java.base@21.0.8/java.lang.Thread.run(Thread.java:1583)
"Recon-EventQueue-NodeReportForNodeReportHandler" daemon prio=5 tid=1003 in Object.wait()
java.lang.Thread.State: WAITING (on object monitor)
        at java.base@21.0.8/jdk.internal.misc.Unsafe.park(Native Method)
        at java.base@21.0.8/java.util.concurrent.locks.LockSupport.park(LockSupport.java:371)
        at java.base@21.0.8/java.util.concurrent.locks.AbstractQueuedSynchronizer$ConditionNode.block(AbstractQueuedSynchronizer.java:519)
        at java.base@21.0.8/java.util.concurrent.ForkJoinPool.unmanagedBlock(ForkJoinPool.java:3780)
        at java.base@21.0.8/java.util.concurrent.ForkJoinPool.managedBlock(ForkJoinPool.java:3725)
        at java.base@21.0.8/java.util.concurrent.locks.AbstractQueuedSynchronizer$ConditionObject.await(AbstractQueuedSynchronizer.java:1712)
        at java.base@21.0.8/java.util.concurrent.LinkedBlockingQueue.take(LinkedBlockingQueue.java:435)
        at java.base@21.0.8/java.util.concurrent.ThreadPoolExecutor.getTask(ThreadPoolExecutor.java:1070)
        at java.base@21.0.8/java.util.concurrent.ThreadPoolExecutor.runWorker(ThreadPoolExecutor.java:1130)
        at java.base@21.0.8/java.util.concurrent.ThreadPoolExecutor$Worker.run(ThreadPoolExecutor.java:642)
        at java.base@21.0.8/java.lang.Thread.runWith(Thread.java:1596)
        at java.base@21.0.8/java.lang.Thread.run(Thread.java:1583)
"Socket Reader #8 for port 15013" daemon prio=5 tid=689 runnable
java.lang.Thread.State: RUNNABLE
        at java.base@21.0.8/sun.nio.ch.EPoll.wait(Native Method)
        at java.base@21.0.8/sun.nio.ch.EPollSelectorImpl.doSelect(EPollSelectorImpl.java:121)
        at java.base@21.0.8/sun.nio.ch.SelectorImpl.lockAndDoSelect(SelectorImpl.java:130)
        at java.base@21.0.8/sun.nio.ch.SelectorImpl.select(SelectorImpl.java:147)
        at app//org.apache.hadoop.ipc.Server$Listener$Reader.doRunLoop(Server.java:1497)
        at app//org.apache.hadoop.ipc.Server$Listener$Reader.run(Server.java:1476)
"d5ad88c2-6e7a-4660-bab6-a4e8807a575e-DatanodeReportManager-1" daemon prio=5 tid=753 in Object.wait()
java.lang.Thread.State: WAITING (on object monitor)
        at java.base@21.0.8/jdk.internal.misc.Unsafe.park(Native Method)
        at java.base@21.0.8/java.util.concurrent.locks.LockSupport.park(LockSupport.java:371)
        at java.base@21.0.8/java.util.concurrent.locks.AbstractQueuedSynchronizer$ConditionNode.block(AbstractQueuedSynchronizer.java:519)
        at java.base@21.0.8/java.util.concurrent.ForkJoinPool.unmanagedBlock(ForkJoinPool.java:3780)
        at java.base@21.0.8/java.util.concurrent.ForkJoinPool.managedBlock(ForkJoinPool.java:3725)
        at java.base@21.0.8/java.util.concurrent.locks.AbstractQueuedSynchronizer$ConditionObject.await(AbstractQueuedSynchronizer.java:1712)
        at java.base@21.0.8/java.util.concurrent.ScheduledThreadPoolExecutor$DelayedWorkQueue.take(ScheduledThreadPoolExecutor.java:1177)
        at java.base@21.0.8/java.util.concurrent.ScheduledThreadPoolExecutor$DelayedWorkQueue.take(ScheduledThreadPoolExecutor.java:899)
        at java.base@21.0.8/java.util.concurrent.ThreadPoolExecutor.getTask(ThreadPoolExecutor.java:1070)
        at java.base@21.0.8/java.util.concurrent.ThreadPoolExecutor.runWorker(ThreadPoolExecutor.java:1130)
        at java.base@21.0.8/java.util.concurrent.ThreadPoolExecutor$Worker.run(ThreadPoolExecutor.java:642)
        at java.base@21.0.8/java.lang.Thread.runWith(Thread.java:1596)
        at java.base@21.0.8/java.lang.Thread.run(Thread.java:1583)
"IPC Server handler 62 on default port 15001" daemon prio=5 tid=620 timed_waiting
java.lang.Thread.State: TIMED_WAITING
        at java.base@21.0.8/jdk.internal.misc.Unsafe.park(Native Method)
        at java.base@21.0.8/java.util.concurrent.locks.LockSupport.parkNanos(LockSupport.java:269)
        at java.base@21.0.8/java.util.concurrent.locks.AbstractQueuedSynchronizer$ConditionObject.awaitNanos(AbstractQueuedSynchronizer.java:1763)
        at java.base@21.0.8/java.util.concurrent.LinkedBlockingQueue.poll(LinkedBlockingQueue.java:460)
        at app//org.apache.hadoop.ipc.CallQueueManager.take(CallQueueManager.java:370)
        at app//org.apache.hadoop.ipc.Server$Handler.run(Server.java:3165)
"qtp1685778567-677" daemon prio=5 tid=677 timed_waiting
java.lang.Thread.State: TIMED_WAITING
        at java.base@21.0.8/jdk.internal.misc.Unsafe.park(Native Method)
        at java.base@21.0.8/java.util.concurrent.locks.LockSupport.parkNanos(LockSupport.java:269)
        at java.base@21.0.8/java.util.concurrent.locks.AbstractQueuedSynchronizer$ConditionObject.awaitNanos(AbstractQueuedSynchronizer.java:1763)
        at app//org.eclipse.jetty.util.BlockingArrayQueue.poll(BlockingArrayQueue.java:382)
        at app//org.eclipse.jetty.util.thread.QueuedThreadPool$Runner.idleJobPoll(QueuedThreadPool.java:974)
        at app//org.eclipse.jetty.util.thread.QueuedThreadPool$Runner.run(QueuedThreadPool.java:1018)
        at java.base@21.0.8/java.lang.Thread.runWith(Thread.java:1596)
        at java.base@21.0.8/java.lang.Thread.run(Thread.java:1583)
"IPC Server handler 64 on default port 15003" daemon prio=5 tid=285 timed_waiting
java.lang.Thread.State: TIMED_WAITING
        at java.base@21.0.8/jdk.internal.misc.Unsafe.park(Native Method)
        at java.base@21.0.8/java.util.concurrent.locks.LockSupport.parkNanos(LockSupport.java:269)
        at java.base@21.0.8/java.util.concurrent.locks.AbstractQueuedSynchronizer$ConditionObject.awaitNanos(AbstractQueuedSynchronizer.java:1763)
        at java.base@21.0.8/java.util.concurrent.LinkedBlockingQueue.poll(LinkedBlockingQueue.java:460)
        at app//org.apache.hadoop.ipc.CallQueueManager.take(CallQueueManager.java:370)
        at app//org.apache.hadoop.ipc.Server$Handler.run(Server.java:3165)
"IPC Server handler 89 on default port 15004" daemon prio=5 tid=428 timed_waiting
java.lang.Thread.State: TIMED_WAITING
        at java.base@21.0.8/jdk.internal.misc.Unsafe.park(Native Method)
        at java.base@21.0.8/java.util.concurrent.locks.LockSupport.parkNanos(LockSupport.java:269)
        at java.base@21.0.8/java.util.concurrent.locks.AbstractQueuedSynchronizer$ConditionObject.awaitNanos(AbstractQueuedSynchronizer.java:1763)
        at java.base@21.0.8/java.util.concurrent.LinkedBlockingQueue.poll(LinkedBlockingQueue.java:460)
        at app//org.apache.hadoop.ipc.CallQueueManager.take(CallQueueManager.java:370)
        at app//org.apache.hadoop.ipc.Server$Handler.run(Server.java:3165)
"IPC Server handler 54 on default port 15001" daemon prio=5 tid=612 timed_waiting
java.lang.Thread.State: TIMED_WAITING
        at java.base@21.0.8/jdk.internal.misc.Unsafe.park(Native Method)
        at java.base@21.0.8/java.util.concurrent.locks.LockSupport.parkNanos(LockSupport.java:269)
        at java.base@21.0.8/java.util.concurrent.locks.AbstractQueuedSynchronizer$ConditionObject.awaitNanos(AbstractQueuedSynchronizer.java:1763)
        at java.base@21.0.8/java.util.concurrent.LinkedBlockingQueue.poll(LinkedBlockingQueue.java:460)
        at app//org.apache.hadoop.ipc.CallQueueManager.take(CallQueueManager.java:370)
        at app//org.apache.hadoop.ipc.Server$Handler.run(Server.java:3165)
"IPC Server handler 2 on default port 15003" daemon prio=5 tid=223 timed_waiting
java.lang.Thread.State: TIMED_WAITING
        at java.base@21.0.8/jdk.internal.misc.Unsafe.park(Native Method)
        at java.base@21.0.8/java.util.concurrent.locks.LockSupport.parkNanos(LockSupport.java:269)
        at java.base@21.0.8/java.util.concurrent.locks.AbstractQueuedSynchronizer$ConditionObject.awaitNanos(AbstractQueuedSynchronizer.java:1763)
        at java.base@21.0.8/java.util.concurrent.LinkedBlockingQueue.poll(LinkedBlockingQueue.java:460)
        at app//org.apache.hadoop.ipc.CallQueueManager.take(CallQueueManager.java:370)
        at app//org.apache.hadoop.ipc.Server$Handler.run(Server.java:3165)
"qtp391903823-544" daemon prio=5 tid=544 timed_waiting
java.lang.Thread.State: TIMED_WAITING
        at java.base@21.0.8/jdk.internal.misc.Unsafe.park(Native Method)
        at java.base@21.0.8/java.util.concurrent.locks.LockSupport.parkNanos(LockSupport.java:269)
        at java.base@21.0.8/java.util.concurrent.locks.AbstractQueuedSynchronizer$ConditionObject.awaitNanos(AbstractQueuedSynchronizer.java:1763)
        at app//org.eclipse.jetty.util.BlockingArrayQueue.poll(BlockingArrayQueue.java:382)
        at app//org.eclipse.jetty.util.thread.QueuedThreadPool$Runner.idleJobPoll(QueuedThreadPool.java:974)
        at app//org.eclipse.jetty.util.thread.QueuedThreadPool$Runner.run(QueuedThreadPool.java:1018)
        at java.base@21.0.8/java.lang.Thread.runWith(Thread.java:1596)
        at java.base@21.0.8/java.lang.Thread.run(Thread.java:1583)
"00aa5afb-d218-4771-abd7-db0247b9d23b@group-334FE627F997-SegmentedRaftLogWorker" daemon prio=5 tid=115 timed_waiting
java.lang.Thread.State: TIMED_WAITING
        at java.base@21.0.8/jdk.internal.misc.Unsafe.park(Native Method)
        at java.base@21.0.8/java.util.concurrent.locks.LockSupport.parkNanos(LockSupport.java:269)
        at java.base@21.0.8/java.util.concurrent.locks.AbstractQueuedSynchronizer$ConditionObject.awaitNanos(AbstractQueuedSynchronizer.java:1763)
        at app//org.apache.ratis.util.DataBlockingQueue.poll(DataBlockingQueue.java:148)
        at app//org.apache.ratis.server.raftlog.segmented.SegmentedRaftLogWorker.run(SegmentedRaftLogWorker.java:309)
        at app//org.apache.ratis.server.raftlog.segmented.SegmentedRaftLogWorker$$Lambda/0x00007f18e8394d50.run(Unknown Source)
        at java.base@21.0.8/java.util.concurrent.Executors$RunnableAdapter.call(Executors.java:572)
        at java.base@21.0.8/java.util.concurrent.FutureTask.run(FutureTask.java:317)
        at java.base@21.0.8/java.util.concurrent.ThreadPoolExecutor.runWorker(ThreadPoolExecutor.java:1144)
        at java.base@21.0.8/java.util.concurrent.ThreadPoolExecutor$Worker.run(ThreadPoolExecutor.java:642)
        at java.base@21.0.8/java.lang.Thread.runWith(Thread.java:1596)
        at java.base@21.0.8/java.lang.Thread.run(Thread.java:1583)
"org.apache.hadoop.ozone.container.common.statemachine.commandhandler.DeleteBlocksCommandHandler$DeleteCmdWorker@12278e3c" daemon prio=5 tid=670 timed_waiting
java.lang.Thread.State: TIMED_WAITING
        at java.base@21.0.8/java.lang.Thread.sleep0(Native Method)
        at java.base@21.0.8/java.lang.Thread.sleep(Thread.java:509)
        at app//org.apache.hadoop.ozone.container.common.statemachine.commandhandler.DeleteBlocksCommandHandler$DeleteCmdWorker.run(DeleteBlocksCommandHandler.java:260)
        at java.base@21.0.8/java.lang.Thread.runWith(Thread.java:1596)
        at java.base@21.0.8/java.lang.Thread.run(Thread.java:1583)
"Session-HouseKeeper-42ff8a65-1"  prio=5 tid=680 timed_waiting
java.lang.Thread.State: TIMED_WAITING
        at java.base@21.0.8/jdk.internal.misc.Unsafe.park(Native Method)
        at java.base@21.0.8/java.util.concurrent.locks.LockSupport.parkNanos(LockSupport.java:269)
        at java.base@21.0.8/java.util.concurrent.locks.AbstractQueuedSynchronizer$ConditionObject.awaitNanos(AbstractQueuedSynchronizer.java:1763)
        at java.base@21.0.8/java.util.concurrent.ScheduledThreadPoolExecutor$DelayedWorkQueue.take(ScheduledThreadPoolExecutor.java:1182)
        at java.base@21.0.8/java.util.concurrent.ScheduledThreadPoolExecutor$DelayedWorkQueue.take(ScheduledThreadPoolExecutor.java:899)
        at java.base@21.0.8/java.util.concurrent.ThreadPoolExecutor.getTask(ThreadPoolExecutor.java:1070)
        at java.base@21.0.8/java.util.concurrent.ThreadPoolExecutor.runWorker(ThreadPoolExecutor.java:1130)
        at java.base@21.0.8/java.util.concurrent.ThreadPoolExecutor$Worker.run(ThreadPoolExecutor.java:642)
        at java.base@21.0.8/java.lang.Thread.runWith(Thread.java:1596)
        at java.base@21.0.8/java.lang.Thread.run(Thread.java:1583)
"Socket Reader #2 for port 15003" daemon prio=5 tid=78 runnable
java.lang.Thread.State: RUNNABLE
        at java.base@21.0.8/sun.nio.ch.EPoll.wait(Native Method)
        at java.base@21.0.8/sun.nio.ch.EPollSelectorImpl.doSelect(EPollSelectorImpl.java:121)
        at java.base@21.0.8/sun.nio.ch.SelectorImpl.lockAndDoSelect(SelectorImpl.java:130)
        at java.base@21.0.8/sun.nio.ch.SelectorImpl.select(SelectorImpl.java:147)
        at app//org.apache.hadoop.ipc.Server$Listener$Reader.doRunLoop(Server.java:1497)
        at app//org.apache.hadoop.ipc.Server$Listener$Reader.run(Server.java:1476)
"346684e1-b57f-4c29-9507-935dad45bd68-EndpointStateMachineTaskThread-/0.0.0.0:15004-0 "  prio=5 tid=980 in Object.wait()
java.lang.Thread.State: WAITING (on object monitor)
        at java.base@21.0.8/jdk.internal.misc.Unsafe.park(Native Method)
        at java.base@21.0.8/java.util.concurrent.locks.LockSupport.park(LockSupport.java:371)
        at java.base@21.0.8/java.util.concurrent.locks.AbstractQueuedSynchronizer$ConditionNode.block(AbstractQueuedSynchronizer.java:519)
        at java.base@21.0.8/java.util.concurrent.ForkJoinPool.unmanagedBlock(ForkJoinPool.java:3780)
        at java.base@21.0.8/java.util.concurrent.ForkJoinPool.managedBlock(ForkJoinPool.java:3725)
        at java.base@21.0.8/java.util.concurrent.locks.AbstractQueuedSynchronizer$ConditionObject.await(AbstractQueuedSynchronizer.java:1712)
        at java.base@21.0.8/java.util.concurrent.LinkedBlockingQueue.take(LinkedBlockingQueue.java:435)
        at java.base@21.0.8/java.util.concurrent.ThreadPoolExecutor.getTask(ThreadPoolExecutor.java:1070)
        at java.base@21.0.8/java.util.concurrent.ThreadPoolExecutor.runWorker(ThreadPoolExecutor.java:1130)
        at java.base@21.0.8/java.util.concurrent.ThreadPoolExecutor$Worker.run(ThreadPoolExecutor.java:642)
        at java.base@21.0.8/java.lang.Thread.runWith(Thread.java:1596)
        at java.base@21.0.8/java.lang.Thread.run(Thread.java:1583)
"Socket Reader #9 for port 15037" daemon prio=5 tid=878 runnable
java.lang.Thread.State: RUNNABLE
        at java.base@21.0.8/sun.nio.ch.EPoll.wait(Native Method)
        at java.base@21.0.8/sun.nio.ch.EPollSelectorImpl.doSelect(EPollSelectorImpl.java:121)
        at java.base@21.0.8/sun.nio.ch.SelectorImpl.lockAndDoSelect(SelectorImpl.java:130)
        at java.base@21.0.8/sun.nio.ch.SelectorImpl.select(SelectorImpl.java:147)
        at app//org.apache.hadoop.ipc.Server$Listener$Reader.doRunLoop(Server.java:1497)
        at app//org.apache.hadoop.ipc.Server$Listener$Reader.run(Server.java:1476)
"IPC Server handler 66 on default port 15004" daemon prio=5 tid=405 timed_waiting
java.lang.Thread.State: TIMED_WAITING
        at java.base@21.0.8/jdk.internal.misc.Unsafe.park(Native Method)
        at java.base@21.0.8/java.util.concurrent.locks.LockSupport.parkNanos(LockSupport.java:269)
        at java.base@21.0.8/java.util.concurrent.locks.AbstractQueuedSynchronizer$ConditionObject.awaitNanos(AbstractQueuedSynchronizer.java:1763)
        at java.base@21.0.8/java.util.concurrent.LinkedBlockingQueue.poll(LinkedBlockingQueue.java:460)
        at app//org.apache.hadoop.ipc.CallQueueManager.take(CallQueueManager.java:370)
        at app//org.apache.hadoop.ipc.Server$Handler.run(Server.java:3165)
"Socket Reader #6 for port 15045" daemon prio=5 tid=954 runnable
java.lang.Thread.State: RUNNABLE
        at java.base@21.0.8/sun.nio.ch.EPoll.wait(Native Method)
        at java.base@21.0.8/sun.nio.ch.EPollSelectorImpl.doSelect(EPollSelectorImpl.java:121)
        at java.base@21.0.8/sun.nio.ch.SelectorImpl.lockAndDoSelect(SelectorImpl.java:130)
        at java.base@21.0.8/sun.nio.ch.SelectorImpl.select(SelectorImpl.java:147)
        at app//org.apache.hadoop.ipc.Server$Listener$Reader.doRunLoop(Server.java:1497)
        at app//org.apache.hadoop.ipc.Server$Listener$Reader.run(Server.java:1476)
"Socket Reader #1 for port 15045" daemon prio=5 tid=949 runnable
java.lang.Thread.State: RUNNABLE
        at java.base@21.0.8/sun.nio.ch.EPoll.wait(Native Method)
        at java.base@21.0.8/sun.nio.ch.EPollSelectorImpl.doSelect(EPollSelectorImpl.java:121)
        at java.base@21.0.8/sun.nio.ch.SelectorImpl.lockAndDoSelect(SelectorImpl.java:130)
        at java.base@21.0.8/sun.nio.ch.SelectorImpl.select(SelectorImpl.java:147)
        at app//org.apache.hadoop.ipc.Server$Listener$Reader.doRunLoop(Server.java:1497)
        at app//org.apache.hadoop.ipc.Server$Listener$Reader.run(Server.java:1476)
"IPC Server handler 87 on default port 15001" daemon prio=5 tid=645 timed_waiting
java.lang.Thread.State: TIMED_WAITING
        at java.base@21.0.8/jdk.internal.misc.Unsafe.park(Native Method)
        at java.base@21.0.8/java.util.concurrent.locks.LockSupport.parkNanos(LockSupport.java:269)
        at java.base@21.0.8/java.util.concurrent.locks.AbstractQueuedSynchronizer$ConditionObject.awaitNanos(AbstractQueuedSynchronizer.java:1763)
        at java.base@21.0.8/java.util.concurrent.LinkedBlockingQueue.poll(LinkedBlockingQueue.java:460)
        at app//org.apache.hadoop.ipc.CallQueueManager.take(CallQueueManager.java:370)
        at app//org.apache.hadoop.ipc.Server$Handler.run(Server.java:3165)
"SSL Certificates Store Monitor" daemon prio=5 tid=1377 in Object.wait()
java.lang.Thread.State: WAITING (on object monitor)
        at java.base@21.0.8/java.lang.Object.wait0(Native Method)
        at java.base@21.0.8/java.lang.Object.wait(Object.java:366)
        at java.base@21.0.8/java.lang.Object.wait(Object.java:339)
        at java.base@21.0.8/java.util.TimerThread.mainLoop(Timer.java:537)
        at java.base@21.0.8/java.util.TimerThread.run(Timer.java:516)
"JvmPauseMonitor5" daemon prio=5 tid=863 timed_waiting
java.lang.Thread.State: TIMED_WAITING
        at java.base@21.0.8/java.lang.Thread.sleep0(Native Method)
        at java.base@21.0.8/java.lang.Thread.sleep(Thread.java:558)
        at java.base@21.0.8/java.util.concurrent.TimeUnit.sleep(TimeUnit.java:446)
        at app//org.apache.ratis.util.TimeDuration.sleep(TimeDuration.java:353)
        at app//org.apache.ratis.util.TimeDuration.sleep(TimeDuration.java:338)
        at app//org.apache.ratis.util.JvmPauseMonitor.detectPause(JvmPauseMonitor.java:160)
        at app//org.apache.ratis.util.JvmPauseMonitor.run(JvmPauseMonitor.java:149)
        at app//org.apache.ratis.util.JvmPauseMonitor$$Lambda/0x00007f18e83aead8.run(Unknown Source)
        at java.base@21.0.8/java.lang.Thread.runWith(Thread.java:1596)
        at java.base@21.0.8/java.lang.Thread.run(Thread.java:1583)
"SSL Certificates Store Monitor" daemon prio=5 tid=1371 in Object.wait()
java.lang.Thread.State: WAITING (on object monitor)
        at java.base@21.0.8/java.lang.Object.wait0(Native Method)
        at java.base@21.0.8/java.lang.Object.wait(Object.java:366)
        at java.base@21.0.8/java.lang.Object.wait(Object.java:339)
        at java.base@21.0.8/java.util.TimerThread.mainLoop(Timer.java:537)
        at java.base@21.0.8/java.util.TimerThread.run(Timer.java:516)
"qtp396271801-331" daemon prio=5 tid=331 timed_waiting
java.lang.Thread.State: TIMED_WAITING
        at java.base@21.0.8/jdk.internal.misc.Unsafe.park(Native Method)
        at java.base@21.0.8/java.util.concurrent.locks.LockSupport.parkNanos(LockSupport.java:269)
        at java.base@21.0.8/java.util.concurrent.locks.AbstractQueuedSynchronizer$ConditionObject.awaitNanos(AbstractQueuedSynchronizer.java:1763)
        at app//org.eclipse.jetty.util.BlockingArrayQueue.poll(BlockingArrayQueue.java:382)
        at app//org.eclipse.jetty.util.thread.QueuedThreadPool$Runner.idleJobPoll(QueuedThreadPool.java:974)
        at app//org.eclipse.jetty.util.thread.QueuedThreadPool$Runner.run(QueuedThreadPool.java:1018)
        at java.base@21.0.8/java.lang.Thread.runWith(Thread.java:1596)
        at java.base@21.0.8/java.lang.Thread.run(Thread.java:1583)
"om1-groupManagement" daemon prio=5 tid=448 in Object.wait()
java.lang.Thread.State: WAITING (on object monitor)
        at java.base@21.0.8/jdk.internal.misc.Unsafe.park(Native Method)
        at java.base@21.0.8/java.util.concurrent.locks.LockSupport.park(LockSupport.java:371)
        at java.base@21.0.8/java.util.concurrent.locks.AbstractQueuedSynchronizer$ConditionNode.block(AbstractQueuedSynchronizer.java:519)
        at java.base@21.0.8/java.util.concurrent.ForkJoinPool.unmanagedBlock(ForkJoinPool.java:3780)
        at java.base@21.0.8/java.util.concurrent.ForkJoinPool.managedBlock(ForkJoinPool.java:3725)
        at java.base@21.0.8/java.util.concurrent.locks.AbstractQueuedSynchronizer$ConditionObject.await(AbstractQueuedSynchronizer.java:1712)
        at java.base@21.0.8/java.util.concurrent.LinkedBlockingQueue.take(LinkedBlockingQueue.java:435)
        at java.base@21.0.8/java.util.concurrent.ThreadPoolExecutor.getTask(ThreadPoolExecutor.java:1070)
        at java.base@21.0.8/java.util.concurrent.ThreadPoolExecutor.runWorker(ThreadPoolExecutor.java:1130)
        at java.base@21.0.8/java.util.concurrent.ThreadPoolExecutor$Worker.run(ThreadPoolExecutor.java:642)
        at java.base@21.0.8/java.lang.Thread.runWith(Thread.java:1596)
        at java.base@21.0.8/java.lang.Thread.run(Thread.java:1583)
"EventQueue-CloseContainerForCloseContainerEventHandler" daemon prio=5 tid=1290 in Object.wait()
java.lang.Thread.State: WAITING (on object monitor)
        at java.base@21.0.8/jdk.internal.misc.Unsafe.park(Native Method)
        at java.base@21.0.8/java.util.concurrent.locks.LockSupport.park(LockSupport.java:371)
        at java.base@21.0.8/java.util.concurrent.locks.AbstractQueuedSynchronizer$ConditionNode.block(AbstractQueuedSynchronizer.java:519)
        at java.base@21.0.8/java.util.concurrent.ForkJoinPool.unmanagedBlock(ForkJoinPool.java:3780)
        at java.base@21.0.8/java.util.concurrent.ForkJoinPool.managedBlock(ForkJoinPool.java:3725)
        at java.base@21.0.8/java.util.concurrent.locks.AbstractQueuedSynchronizer$ConditionObject.await(AbstractQueuedSynchronizer.java:1712)
        at java.base@21.0.8/java.util.concurrent.LinkedBlockingQueue.take(LinkedBlockingQueue.java:435)
        at java.base@21.0.8/java.util.concurrent.ThreadPoolExecutor.getTask(ThreadPoolExecutor.java:1070)
        at java.base@21.0.8/java.util.concurrent.ThreadPoolExecutor.runWorker(ThreadPoolExecutor.java:1130)
        at java.base@21.0.8/java.util.concurrent.ThreadPoolExecutor$Worker.run(ThreadPoolExecutor.java:642)
        at java.base@21.0.8/java.lang.Thread.runWith(Thread.java:1596)
        at java.base@21.0.8/java.lang.Thread.run(Thread.java:1583)
"IPC Server handler 63 on default port 15001" daemon prio=5 tid=621 timed_waiting
java.lang.Thread.State: TIMED_WAITING
        at java.base@21.0.8/jdk.internal.misc.Unsafe.park(Native Method)
        at java.base@21.0.8/java.util.concurrent.locks.LockSupport.parkNanos(LockSupport.java:269)
        at java.base@21.0.8/java.util.concurrent.locks.AbstractQueuedSynchronizer$ConditionObject.awaitNanos(AbstractQueuedSynchronizer.java:1763)
        at java.base@21.0.8/java.util.concurrent.LinkedBlockingQueue.poll(LinkedBlockingQueue.java:460)
        at app//org.apache.hadoop.ipc.CallQueueManager.take(CallQueueManager.java:370)
        at app//org.apache.hadoop.ipc.Server$Handler.run(Server.java:3165)
"IPC Server handler 65 on default port 15003" daemon prio=5 tid=286 timed_waiting
java.lang.Thread.State: TIMED_WAITING
        at java.base@21.0.8/jdk.internal.misc.Unsafe.park(Native Method)
        at java.base@21.0.8/java.util.concurrent.locks.LockSupport.parkNanos(LockSupport.java:269)
        at java.base@21.0.8/java.util.concurrent.locks.AbstractQueuedSynchronizer$ConditionObject.awaitNanos(AbstractQueuedSynchronizer.java:1763)
        at java.base@21.0.8/java.util.concurrent.LinkedBlockingQueue.poll(LinkedBlockingQueue.java:460)
        at app//org.apache.hadoop.ipc.CallQueueManager.take(CallQueueManager.java:370)
        at app//org.apache.hadoop.ipc.Server$Handler.run(Server.java:3165)
"SSL Certificates Store Monitor" daemon prio=5 tid=1368 in Object.wait()
java.lang.Thread.State: WAITING (on object monitor)
        at java.base@21.0.8/java.lang.Object.wait0(Native Method)
        at java.base@21.0.8/java.lang.Object.wait(Object.java:366)
        at java.base@21.0.8/java.lang.Object.wait(Object.java:339)
        at java.base@21.0.8/java.util.TimerThread.mainLoop(Timer.java:537)
        at java.base@21.0.8/java.util.TimerThread.run(Timer.java:516)
"IPC Server handler 39 on default port 15003" daemon prio=5 tid=260 timed_waiting
java.lang.Thread.State: TIMED_WAITING
        at java.base@21.0.8/jdk.internal.misc.Unsafe.park(Native Method)
        at java.base@21.0.8/java.util.concurrent.locks.LockSupport.parkNanos(LockSupport.java:269)
        at java.base@21.0.8/java.util.concurrent.locks.AbstractQueuedSynchronizer$ConditionObject.awaitNanos(AbstractQueuedSynchronizer.java:1763)
        at java.base@21.0.8/java.util.concurrent.LinkedBlockingQueue.poll(LinkedBlockingQueue.java:460)
        at app//org.apache.hadoop.ipc.CallQueueManager.take(CallQueueManager.java:370)
        at app//org.apache.hadoop.ipc.Server$Handler.run(Server.java:3165)
"qtp396271801-325" daemon prio=5 tid=325 runnable
java.lang.Thread.State: RUNNABLE
        at java.base@21.0.8/sun.nio.ch.EPoll.wait(Native Method)
        at java.base@21.0.8/sun.nio.ch.EPollSelectorImpl.doSelect(EPollSelectorImpl.java:121)
        at java.base@21.0.8/sun.nio.ch.SelectorImpl.lockAndDoSelect(SelectorImpl.java:130)
        at java.base@21.0.8/sun.nio.ch.SelectorImpl.select(SelectorImpl.java:147)
        at app//org.eclipse.jetty.io.ManagedSelector.nioSelect(ManagedSelector.java:183)
        at app//org.eclipse.jetty.io.ManagedSelector.select(ManagedSelector.java:190)
        at app//org.eclipse.jetty.io.ManagedSelector$SelectorProducer.select(ManagedSelector.java:606)
        at app//org.eclipse.jetty.io.ManagedSelector$SelectorProducer.produce(ManagedSelector.java:543)
        at app//org.eclipse.jetty.util.thread.strategy.EatWhatYouKill.produceTask(EatWhatYouKill.java:362)
        at app//org.eclipse.jetty.util.thread.strategy.EatWhatYouKill.doProduce(EatWhatYouKill.java:186)
        at app//org.eclipse.jetty.util.thread.strategy.EatWhatYouKill.tryProduce(EatWhatYouKill.java:173)
        at app//org.eclipse.jetty.util.thread.strategy.EatWhatYouKill.produce(EatWhatYouKill.java:137)
        at app//org.eclipse.jetty.io.ManagedSelector$$Lambda/0x00007f18e86c6408.run(Unknown Source)
        at app//org.eclipse.jetty.util.thread.QueuedThreadPool.runJob(QueuedThreadPool.java:883)
        at app//org.eclipse.jetty.util.thread.QueuedThreadPool$Runner.run(QueuedThreadPool.java:1034)
        at java.base@21.0.8/java.lang.Thread.runWith(Thread.java:1596)
        at java.base@21.0.8/java.lang.Thread.run(Thread.java:1583)
"ContainerMetadataScanner" daemon prio=5 tid=1015 timed_waiting
java.lang.Thread.State: TIMED_WAITING
        at java.base@21.0.8/java.lang.Thread.sleep0(Native Method)
        at java.base@21.0.8/java.lang.Thread.sleep(Thread.java:509)
        at app//org.apache.hadoop.ozone.container.ozoneimpl.AbstractBackgroundContainerScanner.handleRemainingSleep(AbstractBackgroundContainerScanner.java:133)
        at app//org.apache.hadoop.ozone.container.ozoneimpl.AbstractBackgroundContainerScanner.runIteration(AbstractBackgroundContainerScanner.java:100)
        at app//org.apache.hadoop.ozone.container.ozoneimpl.AbstractBackgroundContainerScanner.run(AbstractBackgroundContainerScanner.java:59)
        at java.base@21.0.8/java.lang.Thread.runWith(Thread.java:1596)
        at java.base@21.0.8/java.lang.Thread.run(Thread.java:1583)
"qtp1760296638-820" daemon prio=5 tid=820 timed_waiting
java.lang.Thread.State: TIMED_WAITING
        at java.base@21.0.8/jdk.internal.misc.Unsafe.park(Native Method)
        at java.base@21.0.8/java.util.concurrent.locks.LockSupport.parkNanos(LockSupport.java:269)
        at java.base@21.0.8/java.util.concurrent.locks.AbstractQueuedSynchronizer$ConditionObject.awaitNanos(AbstractQueuedSynchronizer.java:1763)
        at app//org.eclipse.jetty.util.BlockingArrayQueue.poll(BlockingArrayQueue.java:382)
        at app//org.eclipse.jetty.util.thread.QueuedThreadPool$Runner.idleJobPoll(QueuedThreadPool.java:974)
        at app//org.eclipse.jetty.util.thread.QueuedThreadPool$Runner.run(QueuedThreadPool.java:1018)
        at java.base@21.0.8/java.lang.Thread.runWith(Thread.java:1596)
        at java.base@21.0.8/java.lang.Thread.run(Thread.java:1583)
"IPC Server handler 29 on default port 15004" daemon prio=5 tid=368 timed_waiting
java.lang.Thread.State: TIMED_WAITING
        at java.base@21.0.8/jdk.internal.misc.Unsafe.park(Native Method)
        at java.base@21.0.8/java.util.concurrent.locks.LockSupport.parkNanos(LockSupport.java:269)
        at java.base@21.0.8/java.util.concurrent.locks.AbstractQueuedSynchronizer$ConditionObject.awaitNanos(AbstractQueuedSynchronizer.java:1763)
        at java.base@21.0.8/java.util.concurrent.LinkedBlockingQueue.poll(LinkedBlockingQueue.java:460)
        at app//org.apache.hadoop.ipc.CallQueueManager.take(CallQueueManager.java:370)
        at app//org.apache.hadoop.ipc.Server$Handler.run(Server.java:3165)
"IPC Server handler 83 on default port 15001" daemon prio=5 tid=641 timed_waiting
java.lang.Thread.State: TIMED_WAITING
        at java.base@21.0.8/jdk.internal.misc.Unsafe.park(Native Method)
        at java.base@21.0.8/java.util.concurrent.locks.LockSupport.parkNanos(LockSupport.java:269)
        at java.base@21.0.8/java.util.concurrent.locks.AbstractQueuedSynchronizer$ConditionObject.awaitNanos(AbstractQueuedSynchronizer.java:1763)
        at java.base@21.0.8/java.util.concurrent.LinkedBlockingQueue.poll(LinkedBlockingQueue.java:460)
        at app//org.apache.hadoop.ipc.CallQueueManager.take(CallQueueManager.java:370)
        at app//org.apache.hadoop.ipc.Server$Handler.run(Server.java:3165)
"42a5f925-1bc2-4f8a-8509-c5ae65e6fcde-DatanodeStateMachineTaskThread-0"  prio=5 tid=711 in Object.wait()
java.lang.Thread.State: WAITING (on object monitor)
        at java.base@21.0.8/jdk.internal.misc.Unsafe.park(Native Method)
        at java.base@21.0.8/java.util.concurrent.locks.LockSupport.park(LockSupport.java:371)
        at java.base@21.0.8/java.util.concurrent.locks.AbstractQueuedSynchronizer$ConditionNode.block(AbstractQueuedSynchronizer.java:519)
        at java.base@21.0.8/java.util.concurrent.ForkJoinPool.unmanagedBlock(ForkJoinPool.java:3780)
        at java.base@21.0.8/java.util.concurrent.ForkJoinPool.managedBlock(ForkJoinPool.java:3725)
        at java.base@21.0.8/java.util.concurrent.locks.AbstractQueuedSynchronizer$ConditionObject.await(AbstractQueuedSynchronizer.java:1712)
        at java.base@21.0.8/java.util.concurrent.LinkedBlockingQueue.take(LinkedBlockingQueue.java:435)
        at java.base@21.0.8/java.util.concurrent.ThreadPoolExecutor.getTask(ThreadPoolExecutor.java:1070)
        at java.base@21.0.8/java.util.concurrent.ThreadPoolExecutor.runWorker(ThreadPoolExecutor.java:1130)
        at java.base@21.0.8/java.util.concurrent.ThreadPoolExecutor$Worker.run(ThreadPoolExecutor.java:642)
        at java.base@21.0.8/java.lang.Thread.runWith(Thread.java:1596)
        at java.base@21.0.8/java.lang.Thread.run(Thread.java:1583)
"org.apache.hadoop.ozone.container.common.statemachine.commandhandler.DeleteBlocksCommandHandler$DeleteCmdWorker@e54d5d9" daemon prio=5 tid=904 timed_waiting
java.lang.Thread.State: TIMED_WAITING
        at java.base@21.0.8/java.lang.Thread.sleep0(Native Method)
        at java.base@21.0.8/java.lang.Thread.sleep(Thread.java:509)
        at app//org.apache.hadoop.ozone.container.common.statemachine.commandhandler.DeleteBlocksCommandHandler$DeleteCmdWorker.run(DeleteBlocksCommandHandler.java:260)
        at java.base@21.0.8/java.lang.Thread.runWith(Thread.java:1596)
        at java.base@21.0.8/java.lang.Thread.run(Thread.java:1583)
"SSL Certificates Store Monitor" daemon prio=5 tid=1367 in Object.wait()
java.lang.Thread.State: WAITING (on object monitor)
        at java.base@21.0.8/java.lang.Object.wait0(Native Method)
        at java.base@21.0.8/java.lang.Object.wait(Object.java:366)
        at java.base@21.0.8/java.lang.Object.wait(Object.java:339)
        at java.base@21.0.8/java.util.TimerThread.mainLoop(Timer.java:537)
        at java.base@21.0.8/java.util.TimerThread.run(Timer.java:516)
"IPC Server handler 45 on default port 15001" daemon prio=5 tid=603 timed_waiting
java.lang.Thread.State: TIMED_WAITING
        at java.base@21.0.8/jdk.internal.misc.Unsafe.park(Native Method)
        at java.base@21.0.8/java.util.concurrent.locks.LockSupport.parkNanos(LockSupport.java:269)
        at java.base@21.0.8/java.util.concurrent.locks.AbstractQueuedSynchronizer$ConditionObject.awaitNanos(AbstractQueuedSynchronizer.java:1763)
        at java.base@21.0.8/java.util.concurrent.LinkedBlockingQueue.poll(LinkedBlockingQueue.java:460)
        at app//org.apache.hadoop.ipc.CallQueueManager.take(CallQueueManager.java:370)
        at app//org.apache.hadoop.ipc.Server$Handler.run(Server.java:3165)
"qtp1760296638-821" daemon prio=5 tid=821 timed_waiting
java.lang.Thread.State: TIMED_WAITING
        at java.base@21.0.8/jdk.internal.misc.Unsafe.park(Native Method)
        at java.base@21.0.8/java.util.concurrent.locks.LockSupport.parkNanos(LockSupport.java:269)
        at java.base@21.0.8/java.util.concurrent.locks.AbstractQueuedSynchronizer$ConditionObject.awaitNanos(AbstractQueuedSynchronizer.java:1763)
        at app//org.eclipse.jetty.util.BlockingArrayQueue.poll(BlockingArrayQueue.java:382)
        at app//org.eclipse.jetty.util.thread.QueuedThreadPool$Runner.idleJobPoll(QueuedThreadPool.java:974)
        at app//org.eclipse.jetty.util.thread.QueuedThreadPool$Runner.run(QueuedThreadPool.java:1018)
        at java.base@21.0.8/java.lang.Thread.runWith(Thread.java:1596)
        at java.base@21.0.8/java.lang.Thread.run(Thread.java:1583)
"Socket Reader #7 for port 15002" daemon prio=5 tid=97 runnable
java.lang.Thread.State: RUNNABLE
        at java.base@21.0.8/sun.nio.ch.EPoll.wait(Native Method)
        at java.base@21.0.8/sun.nio.ch.EPollSelectorImpl.doSelect(EPollSelectorImpl.java:121)
        at java.base@21.0.8/sun.nio.ch.SelectorImpl.lockAndDoSelect(SelectorImpl.java:130)
        at java.base@21.0.8/sun.nio.ch.SelectorImpl.select(SelectorImpl.java:147)
        at app//org.apache.hadoop.ipc.Server$Listener$Reader.doRunLoop(Server.java:1497)
        at app//org.apache.hadoop.ipc.Server$Listener$Reader.run(Server.java:1476)
"Recon-EventQueue-CloseContainerForCloseContainerEventHandler" daemon prio=5 tid=1287 in Object.wait()
java.lang.Thread.State: WAITING (on object monitor)
        at java.base@21.0.8/jdk.internal.misc.Unsafe.park(Native Method)
        at java.base@21.0.8/java.util.concurrent.locks.LockSupport.park(LockSupport.java:371)
        at java.base@21.0.8/java.util.concurrent.locks.AbstractQueuedSynchronizer$ConditionNode.block(AbstractQueuedSynchronizer.java:519)
        at java.base@21.0.8/java.util.concurrent.ForkJoinPool.unmanagedBlock(ForkJoinPool.java:3780)
        at java.base@21.0.8/java.util.concurrent.ForkJoinPool.managedBlock(ForkJoinPool.java:3725)
        at java.base@21.0.8/java.util.concurrent.locks.AbstractQueuedSynchronizer$ConditionObject.await(AbstractQueuedSynchronizer.java:1712)
        at java.base@21.0.8/java.util.concurrent.LinkedBlockingQueue.take(LinkedBlockingQueue.java:435)
        at java.base@21.0.8/java.util.concurrent.ThreadPoolExecutor.getTask(ThreadPoolExecutor.java:1070)
        at java.base@21.0.8/java.util.concurrent.ThreadPoolExecutor.runWorker(ThreadPoolExecutor.java:1130)
        at java.base@21.0.8/java.util.concurrent.ThreadPoolExecutor$Worker.run(ThreadPoolExecutor.java:642)
        at java.base@21.0.8/java.lang.Thread.runWith(Thread.java:1596)
        at java.base@21.0.8/java.lang.Thread.run(Thread.java:1583)
"IPC Server handler 2 on default port 15037" daemon prio=5 tid=885 timed_waiting
java.lang.Thread.State: TIMED_WAITING
        at java.base@21.0.8/jdk.internal.misc.Unsafe.park(Native Method)
        at java.base@21.0.8/java.util.concurrent.locks.LockSupport.parkNanos(LockSupport.java:269)
        at java.base@21.0.8/java.util.concurrent.locks.AbstractQueuedSynchronizer$ConditionObject.awaitNanos(AbstractQueuedSynchronizer.java:1763)
        at java.base@21.0.8/java.util.concurrent.LinkedBlockingQueue.poll(LinkedBlockingQueue.java:460)
        at app//org.apache.hadoop.ipc.CallQueueManager.take(CallQueueManager.java:370)
        at app//org.apache.hadoop.ipc.Server$Handler.run(Server.java:3165)
"IPC Server handler 55 on default port 15002" daemon prio=5 tid=176 timed_waiting
java.lang.Thread.State: TIMED_WAITING
        at java.base@21.0.8/jdk.internal.misc.Unsafe.park(Native Method)
        at java.base@21.0.8/java.util.concurrent.locks.LockSupport.parkNanos(LockSupport.java:269)
        at java.base@21.0.8/java.util.concurrent.locks.AbstractQueuedSynchronizer$ConditionObject.awaitNanos(AbstractQueuedSynchronizer.java:1763)
        at java.base@21.0.8/java.util.concurrent.LinkedBlockingQueue.poll(LinkedBlockingQueue.java:460)
        at app//org.apache.hadoop.ipc.CallQueueManager.take(CallQueueManager.java:370)
        at app//org.apache.hadoop.ipc.Server$Handler.run(Server.java:3165)
"IPC Server listener on 15004" daemon prio=5 tid=62 runnable
java.lang.Thread.State: RUNNABLE
        at java.base@21.0.8/sun.nio.ch.EPoll.wait(Native Method)
        at java.base@21.0.8/sun.nio.ch.EPollSelectorImpl.doSelect(EPollSelectorImpl.java:121)
        at java.base@21.0.8/sun.nio.ch.SelectorImpl.lockAndDoSelect(SelectorImpl.java:130)
        at java.base@21.0.8/sun.nio.ch.SelectorImpl.select(SelectorImpl.java:147)
        at app//org.apache.hadoop.ipc.Server$Listener.run(Server.java:1559)
"d5ad88c2-6e7a-4660-bab6-a4e8807a575e-RocksDBCompactionThread-0"  prio=5 tid=713 timed_waiting
java.lang.Thread.State: TIMED_WAITING
        at java.base@21.0.8/jdk.internal.misc.Unsafe.park(Native Method)
        at java.base@21.0.8/java.util.concurrent.locks.LockSupport.parkNanos(LockSupport.java:269)
        at java.base@21.0.8/java.util.concurrent.locks.AbstractQueuedSynchronizer$ConditionObject.awaitNanos(AbstractQueuedSynchronizer.java:1763)
        at java.base@21.0.8/java.util.concurrent.ScheduledThreadPoolExecutor$DelayedWorkQueue.take(ScheduledThreadPoolExecutor.java:1182)
        at java.base@21.0.8/java.util.concurrent.ScheduledThreadPoolExecutor$DelayedWorkQueue.take(ScheduledThreadPoolExecutor.java:899)
        at java.base@21.0.8/java.util.concurrent.ThreadPoolExecutor.getTask(ThreadPoolExecutor.java:1070)
        at java.base@21.0.8/java.util.concurrent.ThreadPoolExecutor.runWorker(ThreadPoolExecutor.java:1130)
        at java.base@21.0.8/java.util.concurrent.ThreadPoolExecutor$Worker.run(ThreadPoolExecutor.java:642)
        at java.base@21.0.8/java.lang.Thread.runWith(Thread.java:1596)
        at java.base@21.0.8/java.lang.Thread.run(Thread.java:1583)
"d5ad88c2-6e7a-4660-bab6-a4e8807a575e-DatanodeStateMachineTaskThread-1"  prio=5 tid=846 in Object.wait()
java.lang.Thread.State: WAITING (on object monitor)
        at java.base@21.0.8/jdk.internal.misc.Unsafe.park(Native Method)
        at java.base@21.0.8/java.util.concurrent.locks.LockSupport.park(LockSupport.java:371)
        at java.base@21.0.8/java.util.concurrent.locks.AbstractQueuedSynchronizer$ConditionNode.block(AbstractQueuedSynchronizer.java:519)
        at java.base@21.0.8/java.util.concurrent.ForkJoinPool.unmanagedBlock(ForkJoinPool.java:3780)
        at java.base@21.0.8/java.util.concurrent.ForkJoinPool.managedBlock(ForkJoinPool.java:3725)
        at java.base@21.0.8/java.util.concurrent.locks.AbstractQueuedSynchronizer$ConditionObject.await(AbstractQueuedSynchronizer.java:1712)
        at java.base@21.0.8/java.util.concurrent.LinkedBlockingQueue.take(LinkedBlockingQueue.java:435)
        at java.base@21.0.8/java.util.concurrent.ThreadPoolExecutor.getTask(ThreadPoolExecutor.java:1070)
        at java.base@21.0.8/java.util.concurrent.ThreadPoolExecutor.runWorker(ThreadPoolExecutor.java:1130)
        at java.base@21.0.8/java.util.concurrent.ThreadPoolExecutor$Worker.run(ThreadPoolExecutor.java:642)
        at java.base@21.0.8/java.lang.Thread.runWith(Thread.java:1596)
        at java.base@21.0.8/java.lang.Thread.run(Thread.java:1583)
"Socket Reader #9 for port 15001" daemon prio=5 tid=529 runnable
java.lang.Thread.State: RUNNABLE
        at java.base@21.0.8/sun.nio.ch.EPoll.wait(Native Method)
        at java.base@21.0.8/sun.nio.ch.EPollSelectorImpl.doSelect(EPollSelectorImpl.java:121)
        at java.base@21.0.8/sun.nio.ch.SelectorImpl.lockAndDoSelect(SelectorImpl.java:130)
        at java.base@21.0.8/sun.nio.ch.SelectorImpl.select(SelectorImpl.java:147)
        at app//org.apache.hadoop.ipc.Server$Listener$Reader.doRunLoop(Server.java:1497)
        at app//org.apache.hadoop.ipc.Server$Listener$Reader.run(Server.java:1476)
"om1-DirectoryDeletingService#1" daemon prio=5 tid=477 in Object.wait()
java.lang.Thread.State: WAITING (on object monitor)
        at java.base@21.0.8/jdk.internal.misc.Unsafe.park(Native Method)
        at java.base@21.0.8/java.util.concurrent.locks.LockSupport.park(LockSupport.java:371)
        at java.base@21.0.8/java.util.concurrent.locks.AbstractQueuedSynchronizer$ConditionNode.block(AbstractQueuedSynchronizer.java:519)
        at java.base@21.0.8/java.util.concurrent.ForkJoinPool.unmanagedBlock(ForkJoinPool.java:3780)
        at java.base@21.0.8/java.util.concurrent.ForkJoinPool.managedBlock(ForkJoinPool.java:3725)
        at java.base@21.0.8/java.util.concurrent.locks.AbstractQueuedSynchronizer$ConditionObject.await(AbstractQueuedSynchronizer.java:1712)
        at java.base@21.0.8/java.util.concurrent.ScheduledThreadPoolExecutor$DelayedWorkQueue.take(ScheduledThreadPoolExecutor.java:1177)
        at java.base@21.0.8/java.util.concurrent.ScheduledThreadPoolExecutor$DelayedWorkQueue.take(ScheduledThreadPoolExecutor.java:899)
        at java.base@21.0.8/java.util.concurrent.ThreadPoolExecutor.getTask(ThreadPoolExecutor.java:1070)
        at java.base@21.0.8/java.util.concurrent.ThreadPoolExecutor.runWorker(ThreadPoolExecutor.java:1130)
        at java.base@21.0.8/java.util.concurrent.ThreadPoolExecutor$Worker.run(ThreadPoolExecutor.java:642)
        at java.base@21.0.8/java.lang.Thread.runWith(Thread.java:1596)
        at java.base@21.0.8/java.lang.Thread.run(Thread.java:1583)
"DiskUsage-/home/runner/work/ozone/ozone/hadoop-ozone/integration-test-recon/target/test-dir/MiniOzoneClusterImpl-e405f726-f354-48a5-b90a-334fe627f997/ozone-metadata/datanode-4/ratis-
" daemon prio=5 tid=987 timed_waiting
java.lang.Thread.State: TIMED_WAITING
        at java.base@21.0.8/jdk.internal.misc.Unsafe.park(Native Method)
        at java.base@21.0.8/java.util.concurrent.locks.LockSupport.parkNanos(LockSupport.java:269)
        at java.base@21.0.8/java.util.concurrent.locks.AbstractQueuedSynchronizer$ConditionObject.awaitNanos(AbstractQueuedSynchronizer.java:1763)
        at java.base@21.0.8/java.util.concurrent.ScheduledThreadPoolExecutor$DelayedWorkQueue.take(ScheduledThreadPoolExecutor.java:1182)
        at java.base@21.0.8/java.util.concurrent.ScheduledThreadPoolExecutor$DelayedWorkQueue.take(ScheduledThreadPoolExecutor.java:899)
        at java.base@21.0.8/java.util.concurrent.ThreadPoolExecutor.getTask(ThreadPoolExecutor.java:1070)
        at java.base@21.0.8/java.util.concurrent.ThreadPoolExecutor.runWorker(ThreadPoolExecutor.java:1130)
        at java.base@21.0.8/java.util.concurrent.ThreadPoolExecutor$Worker.run(ThreadPoolExecutor.java:642)
        at java.base@21.0.8/java.lang.Thread.runWith(Thread.java:1596)
        at java.base@21.0.8/java.lang.Thread.run(Thread.java:1583)
"Signal Dispatcher" daemon prio=9 tid=11 runnable
java.lang.Thread.State: RUNNABLE
"IPC Server handler 54 on default port 15003" daemon prio=5 tid=275 timed_waiting
java.lang.Thread.State: TIMED_WAITING
        at java.base@21.0.8/jdk.internal.misc.Unsafe.park(Native Method)
        at java.base@21.0.8/java.util.concurrent.locks.LockSupport.parkNanos(LockSupport.java:269)
        at java.base@21.0.8/java.util.concurrent.locks.AbstractQueuedSynchronizer$ConditionObject.awaitNanos(AbstractQueuedSynchronizer.java:1763)
        at java.base@21.0.8/java.util.concurrent.LinkedBlockingQueue.poll(LinkedBlockingQueue.java:460)
        at app//org.apache.hadoop.ipc.CallQueueManager.take(CallQueueManager.java:370)
        at app//org.apache.hadoop.ipc.Server$Handler.run(Server.java:3165)
"IPC Server handler 93 on default port 15001" daemon prio=5 tid=651 timed_waiting
java.lang.Thread.State: TIMED_WAITING
        at java.base@21.0.8/jdk.internal.misc.Unsafe.park(Native Method)
        at java.base@21.0.8/java.util.concurrent.locks.LockSupport.parkNanos(LockSupport.java:269)
        at java.base@21.0.8/java.util.concurrent.locks.AbstractQueuedSynchronizer$ConditionObject.awaitNanos(AbstractQueuedSynchronizer.java:1763)
        at java.base@21.0.8/java.util.concurrent.LinkedBlockingQueue.poll(LinkedBlockingQueue.java:460)
        at app//org.apache.hadoop.ipc.CallQueueManager.take(CallQueueManager.java:370)
        at app//org.apache.hadoop.ipc.Server$Handler.run(Server.java:3165)
"IPC Server handler 0 on default port 15013" daemon prio=5 tid=695 timed_waiting
java.lang.Thread.State: TIMED_WAITING
        at java.base@21.0.8/jdk.internal.misc.Unsafe.park(Native Method)
        at java.base@21.0.8/java.util.concurrent.locks.LockSupport.parkNanos(LockSupport.java:269)
        at java.base@21.0.8/java.util.concurrent.locks.AbstractQueuedSynchronizer$ConditionObject.awaitNanos(AbstractQueuedSynchronizer.java:1763)
        at java.base@21.0.8/java.util.concurrent.LinkedBlockingQueue.poll(LinkedBlockingQueue.java:460)
        at app//org.apache.hadoop.ipc.CallQueueManager.take(CallQueueManager.java:370)
        at app//org.apache.hadoop.ipc.Server$Handler.run(Server.java:3165)
"qtp871701899-724" daemon prio=5 tid=724 timed_waiting
java.lang.Thread.State: TIMED_WAITING
        at java.base@21.0.8/jdk.internal.misc.Unsafe.park(Native Method)
        at java.base@21.0.8/java.util.concurrent.locks.LockSupport.parkNanos(LockSupport.java:269)
        at java.base@21.0.8/java.util.concurrent.locks.AbstractQueuedSynchronizer$ConditionObject.awaitNanos(AbstractQueuedSynchronizer.java:1763)
        at app//org.eclipse.jetty.util.BlockingArrayQueue.poll(BlockingArrayQueue.java:382)
        at app//org.eclipse.jetty.util.thread.QueuedThreadPool$Runner.idleJobPoll(QueuedThreadPool.java:974)
        at app//org.eclipse.jetty.util.thread.QueuedThreadPool$Runner.run(QueuedThreadPool.java:1018)
        at java.base@21.0.8/java.lang.Thread.runWith(Thread.java:1596)
        at java.base@21.0.8/java.lang.Thread.run(Thread.java:1583)
"SCMHATransactionMonitor" daemon prio=5 tid=119 timed_waiting
java.lang.Thread.State: TIMED_WAITING
        at java.base@21.0.8/java.lang.Object.wait0(Native Method)
        at java.base@21.0.8/java.lang.Object.wait(Object.java:366)
        at app//org.apache.hadoop.hdds.scm.ha.BackgroundSCMService.run(BackgroundSCMService.java:106)
        at app//org.apache.hadoop.hdds.scm.ha.BackgroundSCMService$$Lambda/0x00007f18e85056a8.run(Unknown Source)
        at java.base@21.0.8/java.lang.Thread.runWith(Thread.java:1596)
        at java.base@21.0.8/java.lang.Thread.run(Thread.java:1583)
"IPC Server handler 21 on default port 15004" daemon prio=5 tid=360 timed_waiting
java.lang.Thread.State: TIMED_WAITING
        at java.base@21.0.8/jdk.internal.misc.Unsafe.park(Native Method)
        at java.base@21.0.8/java.util.concurrent.locks.LockSupport.parkNanos(LockSupport.java:269)
        at java.base@21.0.8/java.util.concurrent.locks.AbstractQueuedSynchronizer$ConditionObject.awaitNanos(AbstractQueuedSynchronizer.java:1763)
        at java.base@21.0.8/java.util.concurrent.LinkedBlockingQueue.poll(LinkedBlockingQueue.java:460)
        at app//org.apache.hadoop.ipc.CallQueueManager.take(CallQueueManager.java:370)
        at app//org.apache.hadoop.ipc.Server$Handler.run(Server.java:3165)
"IPC Server handler 17 on default port 15002" daemon prio=5 tid=138 timed_waiting
java.lang.Thread.State: TIMED_WAITING
        at java.base@21.0.8/jdk.internal.misc.Unsafe.park(Native Method)
        at java.base@21.0.8/java.util.concurrent.locks.LockSupport.parkNanos(LockSupport.java:269)
        at java.base@21.0.8/java.util.concurrent.locks.AbstractQueuedSynchronizer$ConditionObject.awaitNanos(AbstractQueuedSynchronizer.java:1763)
        at java.base@21.0.8/java.util.concurrent.LinkedBlockingQueue.poll(LinkedBlockingQueue.java:460)
        at app//org.apache.hadoop.ipc.CallQueueManager.take(CallQueueManager.java:370)
        at app//org.apache.hadoop.ipc.Server$Handler.run(Server.java:3165)
"Socket Reader #7 for port 15013" daemon prio=5 tid=688 runnable
java.lang.Thread.State: RUNNABLE
        at java.base@21.0.8/sun.nio.ch.EPoll.wait(Native Method)
        at java.base@21.0.8/sun.nio.ch.EPollSelectorImpl.doSelect(EPollSelectorImpl.java:121)
        at java.base@21.0.8/sun.nio.ch.SelectorImpl.lockAndDoSelect(SelectorImpl.java:130)
        at java.base@21.0.8/sun.nio.ch.SelectorImpl.select(SelectorImpl.java:147)
        at app//org.apache.hadoop.ipc.Server$Listener$Reader.doRunLoop(Server.java:1497)
        at app//org.apache.hadoop.ipc.Server$Listener$Reader.run(Server.java:1476)
"IPC Server handler 47 on default port 15001" daemon prio=5 tid=605 timed_waiting
java.lang.Thread.State: TIMED_WAITING
        at java.base@21.0.8/jdk.internal.misc.Unsafe.park(Native Method)
        at java.base@21.0.8/java.util.concurrent.locks.LockSupport.parkNanos(LockSupport.java:269)
        at java.base@21.0.8/java.util.concurrent.locks.AbstractQueuedSynchronizer$ConditionObject.awaitNanos(AbstractQueuedSynchronizer.java:1763)
        at java.base@21.0.8/java.util.concurrent.LinkedBlockingQueue.poll(LinkedBlockingQueue.java:460)
        at app//org.apache.hadoop.ipc.CallQueueManager.take(CallQueueManager.java:370)
        at app//org.apache.hadoop.ipc.Server$Handler.run(Server.java:3165)
"Recon-FixedThreadPoolWithAffinityExecutor-4-0" daemon prio=5 tid=538 timed_waiting
java.lang.Thread.State: TIMED_WAITING
        at java.base@21.0.8/jdk.internal.misc.Unsafe.park(Native Method)
        at java.base@21.0.8/java.util.concurrent.locks.LockSupport.parkNanos(LockSupport.java:269)
        at java.base@21.0.8/java.util.concurrent.locks.AbstractQueuedSynchronizer$ConditionObject.awaitNanos(AbstractQueuedSynchronizer.java:1763)
        at java.base@21.0.8/java.util.concurrent.LinkedBlockingQueue.poll(LinkedBlockingQueue.java:460)
        at app//org.apache.hadoop.hdds.scm.server.ContainerReportQueue.poll(ContainerReportQueue.java:269)
        at app//org.apache.hadoop.hdds.scm.server.ContainerReportQueue.poll(ContainerReportQueue.java:42)
        at app//org.apache.hadoop.hdds.server.events.FixedThreadPoolWithAffinityExecutor$ContainerReportProcessTask.run(FixedThreadPoolWithAffinityExecutor.java:228)
        at java.base@21.0.8/java.util.concurrent.Executors$RunnableAdapter.call(Executors.java:572)
        at java.base@21.0.8/java.util.concurrent.FutureTask.run(FutureTask.java:317)
        at java.base@21.0.8/java.util.concurrent.ThreadPoolExecutor.runWorker(ThreadPoolExecutor.java:1144)
        at java.base@21.0.8/java.util.concurrent.ThreadPoolExecutor$Worker.run(ThreadPoolExecutor.java:642)
        at java.base@21.0.8/java.lang.Thread.runWith(Thread.java:1596)
        at java.base@21.0.8/java.lang.Thread.run(Thread.java:1583)
"346684e1-b57f-4c29-9507-935dad45bd68-DatanodeStateMachineTaskThread-0"  prio=5 tid=899 in Object.wait()
java.lang.Thread.State: WAITING (on object monitor)
        at java.base@21.0.8/jdk.internal.misc.Unsafe.park(Native Method)
        at java.base@21.0.8/java.util.concurrent.locks.LockSupport.park(LockSupport.java:371)
        at java.base@21.0.8/java.util.concurrent.locks.AbstractQueuedSynchronizer$ConditionNode.block(AbstractQueuedSynchronizer.java:519)
        at java.base@21.0.8/java.util.concurrent.ForkJoinPool.unmanagedBlock(ForkJoinPool.java:3780)
        at java.base@21.0.8/java.util.concurrent.ForkJoinPool.managedBlock(ForkJoinPool.java:3725)
        at java.base@21.0.8/java.util.concurrent.locks.AbstractQueuedSynchronizer$ConditionObject.await(AbstractQueuedSynchronizer.java:1712)
        at java.base@21.0.8/java.util.concurrent.LinkedBlockingQueue.take(LinkedBlockingQueue.java:435)
        at java.base@21.0.8/java.util.concurrent.ThreadPoolExecutor.getTask(ThreadPoolExecutor.java:1070)
        at java.base@21.0.8/java.util.concurrent.ThreadPoolExecutor.runWorker(ThreadPoolExecutor.java:1130)
        at java.base@21.0.8/java.util.concurrent.ThreadPoolExecutor$Worker.run(ThreadPoolExecutor.java:642)
        at java.base@21.0.8/java.lang.Thread.runWith(Thread.java:1596)
        at java.base@21.0.8/java.lang.Thread.run(Thread.java:1583)
"IPC Server handler 79 on default port 15004" daemon prio=5 tid=418 timed_waiting
java.lang.Thread.State: TIMED_WAITING
        at java.base@21.0.8/jdk.internal.misc.Unsafe.park(Native Method)
        at java.base@21.0.8/java.util.concurrent.locks.LockSupport.parkNanos(LockSupport.java:269)
        at java.base@21.0.8/java.util.concurrent.locks.AbstractQueuedSynchronizer$ConditionObject.awaitNanos(AbstractQueuedSynchronizer.java:1763)
        at java.base@21.0.8/java.util.concurrent.LinkedBlockingQueue.poll(LinkedBlockingQueue.java:460)
        at app//org.apache.hadoop.ipc.CallQueueManager.take(CallQueueManager.java:370)
        at app//org.apache.hadoop.ipc.Server$Handler.run(Server.java:3165)
"IPC Server handler 37 on default port 15003" daemon prio=5 tid=258 timed_waiting
java.lang.Thread.State: TIMED_WAITING
        at java.base@21.0.8/jdk.internal.misc.Unsafe.park(Native Method)
        at java.base@21.0.8/java.util.concurrent.locks.LockSupport.parkNanos(LockSupport.java:269)
        at java.base@21.0.8/java.util.concurrent.locks.AbstractQueuedSynchronizer$ConditionObject.awaitNanos(AbstractQueuedSynchronizer.java:1763)
        at java.base@21.0.8/java.util.concurrent.LinkedBlockingQueue.poll(LinkedBlockingQueue.java:460)
        at app//org.apache.hadoop.ipc.CallQueueManager.take(CallQueueManager.java:370)
        at app//org.apache.hadoop.ipc.Server$Handler.run(Server.java:3165)


	at org.apache.ozone.test.GenericTestUtils.waitFor(GenericTestUtils.java:116)
	at org.apache.hadoop.ozone.recon.TestReconAndAdminContainerCLI.compareRMReportToReconResponse(TestReconAndAdminContainerCLI.java:323)
	at org.apache.hadoop.ozone.recon.TestReconAndAdminContainerCLI.testMissingContainer(TestReconAndAdminContainerCLI.java:213)
	at java.base/java.lang.reflect.Method.invoke(Method.java:580)
	at java.base/java.util.concurrent.ForkJoinTask.doExec(ForkJoinTask.java:387)
	at java.base/java.util.concurrent.ForkJoinPool$WorkQueue.topLevelExec(ForkJoinPool.java:1312)
	at java.base/java.util.concurrent.ForkJoinPool.scan(ForkJoinPool.java:1843)
	at java.base/java.util.concurrent.ForkJoinPool.runWorker(ForkJoinPool.java:1808)
	at java.base/java.util.concurrent.ForkJoinWorkerThread.run(ForkJoinWorkerThread.java:188)
]]></error>
    <system-out><![CDATA[2025-09-11 04:24:19,323 [ForkJoinPool-1-worker-1] INFO  reflections.Reflections (Reflections.java:scan(219)) - Reflections took 157 ms to scan 6 urls, producing 136 keys and 307 values
2025-09-11 04:24:19,429 [ForkJoinPool-1-worker-1] INFO  ha.SCMHANodeDetails (SCMHANodeDetails.java:loadSCMHAConfig(162)) - ServiceID for StorageContainerManager is null
2025-09-11 04:24:19,430 [ForkJoinPool-1-worker-1] INFO  ha.SCMHANodeDetails (SCMHANodeDetails.java:loadSCMHAConfig(166)) - ozone.scm.default.service.id is not defined, falling back to ozone.scm.service.ids to find serviceID for StorageContainerManager if it is HA enabled cluster
2025-09-11 04:24:19,549 [ForkJoinPool-1-worker-1] INFO  server.RaftServerConfigKeys (ConfUtils.java:logGet(62)) - raft.server.log.appender.buffer.byte-limit = 4194304 (custom)
2025-09-11 04:24:19,572 [ForkJoinPool-1-worker-1] INFO  server.RaftServer (ConfUtils.java:logGet(62)) - raft.rpc.type = GRPC (default)
2025-09-11 04:24:19,640 [ForkJoinPool-1-worker-1] INFO  grpc.GrpcConfigKeys (ConfUtils.java:logFallback(69)) - raft.grpc.admin.host = null (fallback to raft.grpc.server.host)
2025-09-11 04:24:19,641 [ForkJoinPool-1-worker-1] INFO  grpc.GrpcConfigKeys (ConfUtils.java:logFallback(69)) - raft.grpc.admin.port = 15006 (fallback to raft.grpc.server.port)
2025-09-11 04:24:19,641 [ForkJoinPool-1-worker-1] INFO  grpc.GrpcConfigKeys (ConfUtils.java:logFallback(69)) - raft.grpc.client.host = null (fallback to raft.grpc.server.host)
2025-09-11 04:24:19,642 [ForkJoinPool-1-worker-1] INFO  grpc.GrpcConfigKeys (ConfUtils.java:logFallback(69)) - raft.grpc.client.port = 15006 (fallback to raft.grpc.server.port)
2025-09-11 04:24:19,642 [ForkJoinPool-1-worker-1] INFO  grpc.GrpcConfigKeys (ConfUtils.java:logGet(62)) - raft.grpc.server.port = 15006 (custom)
2025-09-11 04:24:19,642 [ForkJoinPool-1-worker-1] INFO  server.GrpcServicesImpl (ConfUtils.java:logGet(62)) - raft.grpc.message.size.max = 5242880 (custom)
2025-09-11 04:24:19,644 [ForkJoinPool-1-worker-1] INFO  server.GrpcServicesImpl (ConfUtils.java:logGet(62)) - raft.grpc.flow.control.window = 1MB (=1048576) (default)
2025-09-11 04:24:19,645 [ForkJoinPool-1-worker-1] INFO  server.RaftServerConfigKeys (ConfUtils.java:logGet(62)) - raft.server.rpc.request.timeout = 30000ms (custom)
2025-09-11 04:24:19,648 [ForkJoinPool-1-worker-1] INFO  grpc.GrpcConfigKeys (ConfUtils.java:logGet(62)) - raft.grpc.server.heartbeat.channel = true (default)
2025-09-11 04:24:19,649 [ForkJoinPool-1-worker-1] INFO  server.RaftServerConfigKeys (ConfUtils.java:logGet(62)) - raft.server.log.appender.buffer.byte-limit = 4194304 (custom)
2025-09-11 04:24:19,651 [ForkJoinPool-1-worker-1] INFO  grpc.GrpcConfigKeys (ConfUtils.java:logGet(62)) - raft.grpc.server.async.request.thread.pool.cached = true (default)
2025-09-11 04:24:19,651 [ForkJoinPool-1-worker-1] INFO  grpc.GrpcConfigKeys (ConfUtils.java:logGet(62)) - raft.grpc.server.async.request.thread.pool.size = 32 (default)
2025-09-11 04:24:19,821 [ForkJoinPool-1-worker-1] INFO  impl.DataStreamServerImpl (ConfUtils.java:logGet(62)) - raft.datastream.type = DISABLED (default)
2025-09-11 04:24:19,824 [ForkJoinPool-1-worker-1] INFO  server.RaftServerConfigKeys (ConfUtils.java:logGet(62)) - raft.server.sleep.deviation.threshold = 300ms (default)
2025-09-11 04:24:19,824 [ForkJoinPool-1-worker-1] INFO  server.RaftServerConfigKeys (ConfUtils.java:logGet(62)) - raft.server.close.threshold = 60s (default)
2025-09-11 04:24:19,824 [ForkJoinPool-1-worker-1] INFO  server.RaftServerConfigKeys (ConfUtils.java:logGet(62)) - raft.server.leaderelection.leader.step-down.wait-time = 10s (default)
2025-09-11 04:24:19,828 [ForkJoinPool-1-worker-1] INFO  server.RaftServerConfigKeys (ConfUtils.java:logGet(62)) - raft.server.storage.dir = [/home/runner/work/ozone/ozone/hadoop-ozone/integration-test-recon/target/test-dir/MiniOzoneClusterImpl-e405f726-f354-48a5-b90a-334fe627f997/scm/ratis] (custom)
2025-09-11 04:24:19,829 [ForkJoinPool-1-worker-1] INFO  server.RaftServerConfigKeys (ConfUtils.java:logGet(62)) - raft.server.threadpool.proxy.cached = true (default)
2025-09-11 04:24:19,830 [ForkJoinPool-1-worker-1] INFO  server.RaftServerConfigKeys (ConfUtils.java:logGet(62)) - raft.server.threadpool.proxy.size = 0 (default)
2025-09-11 04:24:19,835 [ForkJoinPool-1-worker-1] INFO  server.RaftServer (RaftServerProxy.java:addNew(105)) - 00aa5afb-d218-4771-abd7-db0247b9d23b: addNew group-334FE627F997:[00aa5afb-d218-4771-abd7-db0247b9d23b|localhost:15006] returns group-334FE627F997:java.util.concurrent.CompletableFuture@270762d[Not completed]
2025-09-11 04:24:19,853 [00aa5afb-d218-4771-abd7-db0247b9d23b-groupManagement] INFO  server.RaftServer$Division (RaftServerImpl.java:<init>(268)) - 00aa5afb-d218-4771-abd7-db0247b9d23b: new RaftServerImpl for group-334FE627F997:[00aa5afb-d218-4771-abd7-db0247b9d23b|localhost:15006] with SCMStateMachine:uninitialized
2025-09-11 04:24:19,855 [00aa5afb-d218-4771-abd7-db0247b9d23b-groupManagement] INFO  server.RaftServerConfigKeys (ConfUtils.java:logGet(62)) - raft.server.rpc.timeout.min = 5000ms (custom)
2025-09-11 04:24:19,856 [00aa5afb-d218-4771-abd7-db0247b9d23b-groupManagement] INFO  server.RaftServerConfigKeys (ConfUtils.java:logGet(62)) - raft.server.rpc.timeout.max = 5200ms (custom)
2025-09-11 04:24:19,856 [00aa5afb-d218-4771-abd7-db0247b9d23b-groupManagement] INFO  server.RaftServerConfigKeys (ConfUtils.java:logGet(62)) - raft.server.rpc.sleep.time = 25ms (default)
2025-09-11 04:24:19,856 [00aa5afb-d218-4771-abd7-db0247b9d23b-groupManagement] INFO  server.RaftServerConfigKeys (ConfUtils.java:logGet(62)) - raft.server.rpc.slowness.timeout = 120000ms (custom)
2025-09-11 04:24:19,857 [00aa5afb-d218-4771-abd7-db0247b9d23b-groupManagement] INFO  server.RaftServerConfigKeys (ConfUtils.java:logGet(62)) - raft.server.leaderelection.member.majority-add = false (default)
2025-09-11 04:24:19,862 [00aa5afb-d218-4771-abd7-db0247b9d23b-groupManagement] INFO  server.RaftServer$Division (ServerState.java:<init>(114)) - 00aa5afb-d218-4771-abd7-db0247b9d23b@group-334FE627F997: ConfigurationManager, init=conf: {index: -1, cur=peers:[00aa5afb-d218-4771-abd7-db0247b9d23b|localhost:15006]|listeners:[], old=null}, confs=<EMPTY_MAP>
2025-09-11 04:24:19,866 [00aa5afb-d218-4771-abd7-db0247b9d23b-groupManagement] INFO  server.RaftServerConfigKeys (ConfUtils.java:logGet(62)) - raft.server.notification.no-leader.timeout = 60s (default)
2025-09-11 04:24:19,868 [00aa5afb-d218-4771-abd7-db0247b9d23b-groupManagement] INFO  server.RaftServerConfigKeys (ConfUtils.java:logGet(62)) - raft.server.read.timeout = 10s (default)
2025-09-11 04:24:19,870 [00aa5afb-d218-4771-abd7-db0247b9d23b-groupManagement] INFO  server.RaftServerConfigKeys (ConfUtils.java:logGet(62)) - raft.server.retrycache.expirytime = 60000ms (default)
2025-09-11 04:24:19,870 [00aa5afb-d218-4771-abd7-db0247b9d23b-groupManagement] INFO  server.RaftServerConfigKeys (ConfUtils.java:logGet(62)) - raft.server.retrycache.statistics.expirytime = 100ms (default)
2025-09-11 04:24:19,884 [00aa5afb-d218-4771-abd7-db0247b9d23b-groupManagement] INFO  server.RaftServerConfigKeys (ConfUtils.java:logGet(62)) - raft.server.read.option = DEFAULT (default)
2025-09-11 04:24:19,884 [00aa5afb-d218-4771-abd7-db0247b9d23b-groupManagement] INFO  server.RaftServerConfigKeys (ConfUtils.java:logGet(62)) - raft.server.read.read-after-write-consistent.write-index-cache.expiry-time = 60s (default)
2025-09-11 04:24:20,014 [00aa5afb-d218-4771-abd7-db0247b9d23b-groupManagement] INFO  server.RaftServerConfigKeys (ConfUtils.java:logGet(62)) - raft.server.log.appender.install.snapshot.enabled = false (custom)
2025-09-11 04:24:20,014 [00aa5afb-d218-4771-abd7-db0247b9d23b-groupManagement] INFO  server.RaftServerConfigKeys (ConfUtils.java:logGet(62)) - raft.server.threadpool.server.cached = true (default)
2025-09-11 04:24:20,015 [00aa5afb-d218-4771-abd7-db0247b9d23b-groupManagement] INFO  server.RaftServerConfigKeys (ConfUtils.java:logGet(62)) - raft.server.threadpool.server.size = 0 (default)
2025-09-11 04:24:20,015 [00aa5afb-d218-4771-abd7-db0247b9d23b-groupManagement] INFO  server.RaftServerConfigKeys (ConfUtils.java:logGet(62)) - raft.server.threadpool.client.cached = true (default)
2025-09-11 04:24:20,015 [00aa5afb-d218-4771-abd7-db0247b9d23b-groupManagement] INFO  server.RaftServerConfigKeys (ConfUtils.java:logGet(62)) - raft.server.threadpool.client.size = 0 (default)
2025-09-11 04:24:20,017 [00aa5afb-d218-4771-abd7-db0247b9d23b-impl-thread1] INFO  server.RaftServerConfigKeys (ConfUtils.java:logGet(62)) - raft.server.storage.free-space.min = 0MB (=0) (default)
2025-09-11 04:24:20,017 [00aa5afb-d218-4771-abd7-db0247b9d23b-impl-thread1] INFO  server.RaftServerConfigKeys (ConfUtils.java:logGet(62)) - raft.server.log.corruption.policy = EXCEPTION (default)
2025-09-11 04:24:20,022 [00aa5afb-d218-4771-abd7-db0247b9d23b-impl-thread1] INFO  storage.RaftStorageDirectory (RaftStorageDirectoryImpl.java:analyzeStorage(138)) - The storage directory /home/runner/work/ozone/ozone/hadoop-ozone/integration-test-recon/target/test-dir/MiniOzoneClusterImpl-e405f726-f354-48a5-b90a-334fe627f997/scm/ratis/e405f726-f354-48a5-b90a-334fe627f997 does not exist. Creating ...
2025-09-11 04:24:20,024 [00aa5afb-d218-4771-abd7-db0247b9d23b-impl-thread1] INFO  storage.RaftStorageDirectory (RaftStorageDirectoryImpl.java:tryLock(229)) - Lock on /home/runner/work/ozone/ozone/hadoop-ozone/integration-test-recon/target/test-dir/MiniOzoneClusterImpl-e405f726-f354-48a5-b90a-334fe627f997/scm/ratis/e405f726-f354-48a5-b90a-334fe627f997/in_use.lock acquired by nodename 137523@localhost
2025-09-11 04:24:20,027 [00aa5afb-d218-4771-abd7-db0247b9d23b-impl-thread1] INFO  storage.RaftStorage (RaftStorageImpl.java:format(98)) - Storage directory /home/runner/work/ozone/ozone/hadoop-ozone/integration-test-recon/target/test-dir/MiniOzoneClusterImpl-e405f726-f354-48a5-b90a-334fe627f997/scm/ratis/e405f726-f354-48a5-b90a-334fe627f997 has been successfully formatted.
2025-09-11 04:24:20,029 [00aa5afb-d218-4771-abd7-db0247b9d23b-impl-thread1] INFO  ha.SCMStateMachine (SCMStateMachine.java:lambda$initialize$0(135)) - 00aa5afb-d218-4771-abd7-db0247b9d23b: initialize group-334FE627F997
2025-09-11 04:24:20,030 [00aa5afb-d218-4771-abd7-db0247b9d23b-impl-thread1] INFO  server.RaftServerConfigKeys (ConfUtils.java:logGet(62)) - raft.server.log.use.memory = false (default)
2025-09-11 04:24:20,035 [00aa5afb-d218-4771-abd7-db0247b9d23b-impl-thread1] INFO  server.RaftServerConfigKeys (ConfUtils.java:logGet(62)) - raft.server.log.purge.gap = 1000000 (custom)
2025-09-11 04:24:20,035 [00aa5afb-d218-4771-abd7-db0247b9d23b-impl-thread1] INFO  server.RaftServerConfigKeys (ConfUtils.java:logGet(62)) - raft.server.log.appender.buffer.byte-limit = 4194304 (custom)
2025-09-11 04:24:20,037 [00aa5afb-d218-4771-abd7-db0247b9d23b-impl-thread1] INFO  server.RaftServerConfigKeys (ConfUtils.java:logGet(62)) - raft.server.log.statemachine.data.read.timeout = 1000ms (default)
2025-09-11 04:24:20,037 [00aa5afb-d218-4771-abd7-db0247b9d23b-impl-thread1] INFO  server.RaftServerConfigKeys (ConfUtils.java:logGet(62)) - raft.server.log.purge.preservation.log.num = 0 (default)
2025-09-11 04:24:20,040 [00aa5afb-d218-4771-abd7-db0247b9d23b-impl-thread1] INFO  server.RaftServerConfigKeys (ConfUtils.java:logGet(62)) - raft.server.log.segment.size.max = 67108864 (custom)
2025-09-11 04:24:20,042 [00aa5afb-d218-4771-abd7-db0247b9d23b-impl-thread1] INFO  server.RaftServerConfigKeys (ConfUtils.java:logGet(62)) - raft.server.log.segment.cache.num.max = 2 (custom)
2025-09-11 04:24:20,043 [00aa5afb-d218-4771-abd7-db0247b9d23b-impl-thread1] INFO  server.RaftServerConfigKeys (ConfUtils.java:logGet(62)) - raft.server.log.segment.cache.size.max = 200MB (=209715200) (default)
2025-09-11 04:24:20,043 [00aa5afb-d218-4771-abd7-db0247b9d23b-impl-thread1] INFO  server.RaftServerConfigKeys (ConfUtils.java:logGet(62)) - raft.server.log.appender.buffer.byte-limit = 4194304 (custom)
2025-09-11 04:24:20,045 [00aa5afb-d218-4771-abd7-db0247b9d23b-impl-thread1] INFO  util.AwaitToRun (AwaitToRun.java:start(81)) - Thread[#41,00aa5afb-d218-4771-abd7-db0247b9d23b@group-334FE627F997-cacheEviction-AwaitToRun,5,main] started
2025-09-11 04:24:20,048 [00aa5afb-d218-4771-abd7-db0247b9d23b-impl-thread1] INFO  segmented.SegmentedRaftLogWorker (SegmentedRaftLogWorker.java:<init>(190)) - new 00aa5afb-d218-4771-abd7-db0247b9d23b@group-334FE627F997-SegmentedRaftLogWorker for RaftStorageImpl:Storage Directory /home/runner/work/ozone/ozone/hadoop-ozone/integration-test-recon/target/test-dir/MiniOzoneClusterImpl-e405f726-f354-48a5-b90a-334fe627f997/scm/ratis/e405f726-f354-48a5-b90a-334fe627f997
2025-09-11 04:24:20,048 [00aa5afb-d218-4771-abd7-db0247b9d23b-impl-thread1] INFO  server.RaftServerConfigKeys (ConfUtils.java:logGet(62)) - raft.server.log.queue.byte-limit = 64MB (=67108864) (default)
2025-09-11 04:24:20,049 [00aa5afb-d218-4771-abd7-db0247b9d23b-impl-thread1] INFO  server.RaftServerConfigKeys (ConfUtils.java:logGet(62)) - raft.server.log.queue.element-limit = 4096 (default)
2025-09-11 04:24:20,050 [00aa5afb-d218-4771-abd7-db0247b9d23b-impl-thread1] INFO  server.RaftServerConfigKeys (ConfUtils.java:logGet(62)) - raft.server.log.segment.size.max = 67108864 (custom)
2025-09-11 04:24:20,050 [00aa5afb-d218-4771-abd7-db0247b9d23b-impl-thread1] INFO  server.RaftServerConfigKeys (ConfUtils.java:logGet(62)) - raft.server.log.preallocated.size = 4194304 (custom)
2025-09-11 04:24:20,051 [00aa5afb-d218-4771-abd7-db0247b9d23b-impl-thread1] INFO  server.RaftServerConfigKeys (ConfUtils.java:logGet(62)) - raft.server.log.force.sync.num = 128 (default)
2025-09-11 04:24:20,051 [00aa5afb-d218-4771-abd7-db0247b9d23b-impl-thread1] INFO  server.RaftServerConfigKeys (ConfUtils.java:logGet(62)) - raft.server.log.statemachine.data.sync = true (default)
2025-09-11 04:24:20,051 [00aa5afb-d218-4771-abd7-db0247b9d23b-impl-thread1] INFO  server.RaftServerConfigKeys (ConfUtils.java:logGet(62)) - raft.server.log.statemachine.data.sync.timeout = 10s (default)
2025-09-11 04:24:20,052 [00aa5afb-d218-4771-abd7-db0247b9d23b-impl-thread1] INFO  server.RaftServerConfigKeys (ConfUtils.java:logGet(62)) - raft.server.log.statemachine.data.sync.timeout.retry = -1 (default)
2025-09-11 04:24:20,053 [00aa5afb-d218-4771-abd7-db0247b9d23b-impl-thread1] INFO  server.RaftServerConfigKeys (ConfUtils.java:logGet(62)) - raft.server.log.write.buffer.size = 4194312 (custom)
2025-09-11 04:24:20,054 [00aa5afb-d218-4771-abd7-db0247b9d23b-impl-thread1] INFO  server.RaftServerConfigKeys (ConfUtils.java:logGet(62)) - raft.server.log.appender.buffer.byte-limit = 4194304 (custom)
2025-09-11 04:24:20,055 [00aa5afb-d218-4771-abd7-db0247b9d23b-impl-thread1] INFO  server.RaftServerConfigKeys (ConfUtils.java:logGet(62)) - raft.server.log.unsafe-flush.enabled = false (default)
2025-09-11 04:24:20,055 [00aa5afb-d218-4771-abd7-db0247b9d23b-impl-thread1] INFO  server.RaftServerConfigKeys (ConfUtils.java:logGet(62)) - raft.server.log.async-flush.enabled = false (default)
2025-09-11 04:24:20,055 [00aa5afb-d218-4771-abd7-db0247b9d23b-impl-thread1] INFO  server.RaftServerConfigKeys (ConfUtils.java:logGet(62)) - raft.server.log.statemachine.data.caching.enabled = false (default)
2025-09-11 04:24:20,059 [00aa5afb-d218-4771-abd7-db0247b9d23b-impl-thread1] INFO  segmented.SegmentedRaftLogWorker (SegmentedRaftLogWorker.java:lambda$new$0(141)) - 00aa5afb-d218-4771-abd7-db0247b9d23b@group-334FE627F997-SegmentedRaftLogWorker: flushIndex: setUnconditionally 0 -> -1
2025-09-11 04:24:20,059 [00aa5afb-d218-4771-abd7-db0247b9d23b-impl-thread1] INFO  segmented.SegmentedRaftLogWorker (SegmentedRaftLogWorker.java:lambda$new$0(141)) - 00aa5afb-d218-4771-abd7-db0247b9d23b@group-334FE627F997-SegmentedRaftLogWorker: safeCacheEvictIndex: setUnconditionally 0 -> -1
2025-09-11 04:24:20,060 [00aa5afb-d218-4771-abd7-db0247b9d23b-impl-thread1] INFO  server.RaftServer$Division (RaftServerImpl.java:start(405)) - 00aa5afb-d218-4771-abd7-db0247b9d23b@group-334FE627F997: start as a follower, conf=conf: {index: -1, cur=peers:[00aa5afb-d218-4771-abd7-db0247b9d23b|localhost:15006]|listeners:[], old=null}
2025-09-11 04:24:20,061 [00aa5afb-d218-4771-abd7-db0247b9d23b-impl-thread1] INFO  server.RaftServer$Division (RaftServerImpl.java:setRole(392)) - 00aa5afb-d218-4771-abd7-db0247b9d23b@group-334FE627F997: changes role from      null to FOLLOWER at term 0 for startAsFollower
2025-09-11 04:24:20,062 [00aa5afb-d218-4771-abd7-db0247b9d23b-impl-thread1] INFO  impl.RoleInfo (RoleInfo.java:updateAndGet(148)) - 00aa5afb-d218-4771-abd7-db0247b9d23b: start 00aa5afb-d218-4771-abd7-db0247b9d23b@group-334FE627F997-FollowerState
2025-09-11 04:24:20,063 [00aa5afb-d218-4771-abd7-db0247b9d23b@group-334FE627F997-FollowerState] INFO  server.RaftServerConfigKeys (ConfUtils.java:logGet(62)) - raft.server.rpc.first-election.timeout.min = 1000ms (custom)
2025-09-11 04:24:20,063 [00aa5afb-d218-4771-abd7-db0247b9d23b@group-334FE627F997-FollowerState] INFO  server.RaftServerConfigKeys (ConfUtils.java:logGet(62)) - raft.server.rpc.first-election.timeout.max = 1200ms (custom)
2025-09-11 04:24:20,063 [00aa5afb-d218-4771-abd7-db0247b9d23b-impl-thread1] INFO  util.JmxRegister (JmxRegister.java:tryRegister(44)) - Successfully registered JMX Bean with object name Ratis:service=RaftServer,group=group-334FE627F997,id=00aa5afb-d218-4771-abd7-db0247b9d23b
2025-09-11 04:24:20,064 [00aa5afb-d218-4771-abd7-db0247b9d23b-impl-thread1] INFO  util.JmxRegister (JmxRegister.java:register(58)) - register mxBean class org.apache.ratis.server.impl.RaftServerJmxAdapter as Ratis:service=RaftServer,group=group-334FE627F997,id=00aa5afb-d218-4771-abd7-db0247b9d23b
2025-09-11 04:24:20,065 [00aa5afb-d218-4771-abd7-db0247b9d23b-impl-thread1] INFO  server.RaftServerConfigKeys (ConfUtils.java:logGet(62)) - raft.server.snapshot.trigger-when-stop.enabled = true (default)
2025-09-11 04:24:20,065 [00aa5afb-d218-4771-abd7-db0247b9d23b-impl-thread1] INFO  server.RaftServerConfigKeys (ConfUtils.java:logGet(62)) - raft.server.snapshot.trigger-when-remove.enabled = true (default)
2025-09-11 04:24:20,066 [00aa5afb-d218-4771-abd7-db0247b9d23b-impl-thread1] INFO  server.RaftServerConfigKeys (ConfUtils.java:logGet(62)) - raft.server.snapshot.auto.trigger.enabled = true (custom)
2025-09-11 04:24:20,066 [00aa5afb-d218-4771-abd7-db0247b9d23b-impl-thread1] INFO  server.RaftServerConfigKeys (ConfUtils.java:logGet(62)) - raft.server.snapshot.auto.trigger.threshold = 1000 (custom)
2025-09-11 04:24:20,067 [00aa5afb-d218-4771-abd7-db0247b9d23b-impl-thread1] INFO  server.RaftServerConfigKeys (ConfUtils.java:logGet(62)) - raft.server.snapshot.retention.file.num = -1 (default)
2025-09-11 04:24:20,067 [00aa5afb-d218-4771-abd7-db0247b9d23b-impl-thread1] INFO  server.RaftServerConfigKeys (ConfUtils.java:logGet(62)) - raft.server.log.purge.upto.snapshot.index = false (default)
2025-09-11 04:24:20,070 [00aa5afb-d218-4771-abd7-db0247b9d23b-impl-thread1] INFO  server.RaftServer$Division (RaftServerImpl.java:start(419)) - 00aa5afb-d218-4771-abd7-db0247b9d23b@group-334FE627F997: Successfully started.
2025-09-11 04:24:20,070 [ForkJoinPool-1-worker-1] INFO  server.RaftServer (RaftServerProxy.java:startImpl(412)) - 00aa5afb-d218-4771-abd7-db0247b9d23b: start RPC server
2025-09-11 04:24:20,101 [ForkJoinPool-1-worker-1] INFO  server.GrpcServicesImpl (GrpcServicesImpl.java:startImpl(346)) - 00aa5afb-d218-4771-abd7-db0247b9d23b: GrpcServicesImpl started, listening on 15006
2025-09-11 04:24:20,102 [JvmPauseMonitor0] INFO  util.JvmPauseMonitor (JvmPauseMonitor.java:run(146)) - JvmPauseMonitor-00aa5afb-d218-4771-abd7-db0247b9d23b: Started
2025-09-11 04:24:21,235 [00aa5afb-d218-4771-abd7-db0247b9d23b@group-334FE627F997-FollowerState] INFO  impl.FollowerState (FollowerState.java:runImpl(161)) - 00aa5afb-d218-4771-abd7-db0247b9d23b@group-334FE627F997-FollowerState: change to CANDIDATE, lastRpcElapsedTime:1173116566ns, electionTimeout:1171ms
2025-09-11 04:24:21,235 [00aa5afb-d218-4771-abd7-db0247b9d23b@group-334FE627F997-FollowerState] INFO  impl.RoleInfo (RoleInfo.java:shutdownFollowerState(121)) - 00aa5afb-d218-4771-abd7-db0247b9d23b: shutdown 00aa5afb-d218-4771-abd7-db0247b9d23b@group-334FE627F997-FollowerState
2025-09-11 04:24:21,236 [00aa5afb-d218-4771-abd7-db0247b9d23b@group-334FE627F997-FollowerState] INFO  server.RaftServer$Division (RaftServerImpl.java:setRole(392)) - 00aa5afb-d218-4771-abd7-db0247b9d23b@group-334FE627F997: changes role from  FOLLOWER to CANDIDATE at term 0 for changeToCandidate
2025-09-11 04:24:21,237 [00aa5afb-d218-4771-abd7-db0247b9d23b@group-334FE627F997-FollowerState] INFO  server.RaftServerConfigKeys (ConfUtils.java:logGet(62)) - raft.server.leaderelection.pre-vote = true (default)
2025-09-11 04:24:21,238 [00aa5afb-d218-4771-abd7-db0247b9d23b@group-334FE627F997-FollowerState] INFO  impl.RoleInfo (RoleInfo.java:updateAndGet(148)) - 00aa5afb-d218-4771-abd7-db0247b9d23b: start 00aa5afb-d218-4771-abd7-db0247b9d23b@group-334FE627F997-LeaderElection1
2025-09-11 04:24:21,240 [00aa5afb-d218-4771-abd7-db0247b9d23b@group-334FE627F997-LeaderElection1] INFO  impl.LeaderElection (LeaderElection.java:askForVotes(448)) - 00aa5afb-d218-4771-abd7-db0247b9d23b@group-334FE627F997-LeaderElection1 PRE_VOTE round 0: submit vote requests at term 0 for conf: {index: -1, cur=peers:[00aa5afb-d218-4771-abd7-db0247b9d23b|localhost:15006]|listeners:[], old=null}
2025-09-11 04:24:21,240 [00aa5afb-d218-4771-abd7-db0247b9d23b@group-334FE627F997-LeaderElection1] INFO  impl.LeaderElection (LeaderElection.java:askForVotes(450)) - 00aa5afb-d218-4771-abd7-db0247b9d23b@group-334FE627F997-LeaderElection1 PRE_VOTE round 0: result PASSED (term=0)
2025-09-11 04:24:21,242 [00aa5afb-d218-4771-abd7-db0247b9d23b@group-334FE627F997-LeaderElection1] INFO  impl.LeaderElection (LeaderElection.java:askForVotes(448)) - 00aa5afb-d218-4771-abd7-db0247b9d23b@group-334FE627F997-LeaderElection1 ELECTION round 0: submit vote requests at term 1 for conf: {index: -1, cur=peers:[00aa5afb-d218-4771-abd7-db0247b9d23b|localhost:15006]|listeners:[], old=null}
2025-09-11 04:24:21,242 [00aa5afb-d218-4771-abd7-db0247b9d23b@group-334FE627F997-LeaderElection1] INFO  impl.LeaderElection (LeaderElection.java:askForVotes(450)) - 00aa5afb-d218-4771-abd7-db0247b9d23b@group-334FE627F997-LeaderElection1 ELECTION round 0: result PASSED (term=1)
2025-09-11 04:24:21,242 [00aa5afb-d218-4771-abd7-db0247b9d23b@group-334FE627F997-LeaderElection1] INFO  impl.RoleInfo (RoleInfo.java:shutdownLeaderElection(141)) - 00aa5afb-d218-4771-abd7-db0247b9d23b: shutdown 00aa5afb-d218-4771-abd7-db0247b9d23b@group-334FE627F997-LeaderElection1
2025-09-11 04:24:21,243 [00aa5afb-d218-4771-abd7-db0247b9d23b@group-334FE627F997-LeaderElection1] INFO  server.RaftServer$Division (RaftServerImpl.java:setRole(392)) - 00aa5afb-d218-4771-abd7-db0247b9d23b@group-334FE627F997: changes role from CANDIDATE to LEADER at term 1 for changeToLeader
2025-09-11 04:24:21,246 [00aa5afb-d218-4771-abd7-db0247b9d23b@group-334FE627F997-LeaderElection1] INFO  server.RaftServerConfigKeys (ConfUtils.java:logGet(62)) - raft.server.staging.catchup.gap = 1000 (default)
2025-09-11 04:24:21,246 [00aa5afb-d218-4771-abd7-db0247b9d23b@group-334FE627F997-LeaderElection1] INFO  server.RaftServerConfigKeys (ConfUtils.java:logFallback(69)) - raft.server.staging.timeout = 15600ms (fallback to raft.server.rpc.timeout.max)
2025-09-11 04:24:21,248 [00aa5afb-d218-4771-abd7-db0247b9d23b@group-334FE627F997-LeaderElection1] INFO  server.RaftServerConfigKeys (ConfUtils.java:logGet(62)) - raft.server.write.element-limit = 4096 (default)
2025-09-11 04:24:21,248 [00aa5afb-d218-4771-abd7-db0247b9d23b@group-334FE627F997-LeaderElection1] INFO  server.RaftServerConfigKeys (ConfUtils.java:logGet(62)) - raft.server.write.byte-limit = 64MB (=67108864) (default)
2025-09-11 04:24:21,250 [00aa5afb-d218-4771-abd7-db0247b9d23b@group-334FE627F997-LeaderElection1] INFO  server.RaftServerConfigKeys (ConfUtils.java:logGet(62)) - raft.server.watch.timeout = 10s (default)
2025-09-11 04:24:21,250 [00aa5afb-d218-4771-abd7-db0247b9d23b@group-334FE627F997-LeaderElection1] INFO  server.RaftServerConfigKeys (ConfUtils.java:logGet(62)) - raft.server.watch.timeout.denomination = 1s (default)
2025-09-11 04:24:21,251 [00aa5afb-d218-4771-abd7-db0247b9d23b@group-334FE627F997-LeaderElection1] INFO  server.RaftServerConfigKeys (ConfUtils.java:logGet(62)) - raft.server.watch.element-limit = 65536 (default)
2025-09-11 04:24:21,255 [00aa5afb-d218-4771-abd7-db0247b9d23b@group-334FE627F997-LeaderElection1] INFO  server.RaftServerConfigKeys (ConfUtils.java:logGet(62)) - raft.server.read.leader.lease.enabled = false (default)
2025-09-11 04:24:21,256 [00aa5afb-d218-4771-abd7-db0247b9d23b@group-334FE627F997-LeaderElection1] INFO  server.RaftServerConfigKeys (ConfUtils.java:logGet(62)) - raft.server.read.leader.lease.timeout.ratio = 0.9 (default)
2025-09-11 04:24:21,257 [00aa5afb-d218-4771-abd7-db0247b9d23b@group-334FE627F997-LeaderElection1] INFO  server.RaftServerConfigKeys (ConfUtils.java:logGet(62)) - raft.server.log.log-metadata.enabled = false (custom)
2025-09-11 04:24:21,257 [00aa5afb-d218-4771-abd7-db0247b9d23b@group-334FE627F997-LeaderElection1] INFO  server.RaftServerConfigKeys (ConfUtils.java:logGet(62)) - raft.server.write.follower.gap.ratio.max = -1.0 (default)
2025-09-11 04:24:21,258 [00aa5afb-d218-4771-abd7-db0247b9d23b@group-334FE627F997-LeaderElection1] INFO  impl.RoleInfo (RoleInfo.java:updateAndGet(148)) - 00aa5afb-d218-4771-abd7-db0247b9d23b: start 00aa5afb-d218-4771-abd7-db0247b9d23b@group-334FE627F997-LeaderStateImpl
2025-09-11 04:24:21,258 [00aa5afb-d218-4771-abd7-db0247b9d23b@group-334FE627F997-LeaderElection1] INFO  server.RaftServer$Division (RaftServerImpl.java:setFirstElection(576)) - 00aa5afb-d218-4771-abd7-db0247b9d23b@group-334FE627F997: set firstElectionSinceStartup to false for becomeLeader
2025-09-11 04:24:21,258 [00aa5afb-d218-4771-abd7-db0247b9d23b@group-334FE627F997-LeaderElection1] INFO  server.RaftServer$Division (ServerState.java:setLeader(272)) - 00aa5afb-d218-4771-abd7-db0247b9d23b@group-334FE627F997: change Leader from null to 00aa5afb-d218-4771-abd7-db0247b9d23b at term 1 for becomeLeader, leader elected after 1392ms
2025-09-11 04:24:21,270 [00aa5afb-d218-4771-abd7-db0247b9d23b@group-334FE627F997-LeaderElection1] INFO  segmented.SegmentedRaftLogWorker (SegmentedRaftLogWorker.java:startLogSegment(440)) - 00aa5afb-d218-4771-abd7-db0247b9d23b@group-334FE627F997-SegmentedRaftLogWorker: Starting segment from index:0
2025-09-11 04:24:21,284 [00aa5afb-d218-4771-abd7-db0247b9d23b@group-334FE627F997-LeaderElection1] INFO  server.RaftServer$Division (ServerState.java:setRaftConf(386)) - 00aa5afb-d218-4771-abd7-db0247b9d23b@group-334FE627F997: set configuration conf: {index: 0, cur=peers:[00aa5afb-d218-4771-abd7-db0247b9d23b|localhost:15006]|listeners:[], old=null}
2025-09-11 04:24:21,290 [00aa5afb-d218-4771-abd7-db0247b9d23b@group-334FE627F997-SegmentedRaftLogWorker] INFO  segmented.BufferedWriteChannel (BufferedWriteChannel.java:open(61)) - open log_inprogress_0 at position 0
2025-09-11 04:24:21,296 [00aa5afb-d218-4771-abd7-db0247b9d23b@group-334FE627F997-SegmentedRaftLogWorker] INFO  segmented.SegmentedRaftLogWorker (SegmentedRaftLogWorker.java:execute(647)) - 00aa5afb-d218-4771-abd7-db0247b9d23b@group-334FE627F997-SegmentedRaftLogWorker: created new log segment /home/runner/work/ozone/ozone/hadoop-ozone/integration-test-recon/target/test-dir/MiniOzoneClusterImpl-e405f726-f354-48a5-b90a-334fe627f997/scm/ratis/e405f726-f354-48a5-b90a-334fe627f997/current/log_inprogress_0
2025-09-11 04:24:21,304 [00aa5afb-d218-4771-abd7-db0247b9d23b@group-334FE627F997-StateMachineUpdater] INFO  server.RaftServer$Division (LeaderStateImpl.java:checkStartIndex(309)) - Leader 00aa5afb-d218-4771-abd7-db0247b9d23b@group-334FE627F997-LeaderStateImpl is ready since appliedIndex == startIndex == 0
2025-09-11 04:24:22,103 [ForkJoinPool-1-worker-1] INFO  server.RaftServer (RaftServerProxy.java:lambda$close$9(422)) - 00aa5afb-d218-4771-abd7-db0247b9d23b: close
2025-09-11 04:24:22,104 [ForkJoinPool-1-worker-1] INFO  server.GrpcServicesImpl (GrpcServicesImpl.java:closeImpl(355)) - 00aa5afb-d218-4771-abd7-db0247b9d23b: shutdown server GrpcServerProtocolService now
2025-09-11 04:24:22,104 [00aa5afb-d218-4771-abd7-db0247b9d23b-impl-thread1] INFO  server.RaftServer$Division (RaftServerImpl.java:lambda$close$1(527)) - 00aa5afb-d218-4771-abd7-db0247b9d23b@group-334FE627F997: shutdown
2025-09-11 04:24:22,105 [00aa5afb-d218-4771-abd7-db0247b9d23b-impl-thread1] INFO  util.JmxRegister (JmxRegister.java:unregister(74)) - Successfully un-registered JMX Bean with object name Ratis:service=RaftServer,group=group-334FE627F997,id=00aa5afb-d218-4771-abd7-db0247b9d23b
2025-09-11 04:24:22,105 [00aa5afb-d218-4771-abd7-db0247b9d23b-impl-thread1] INFO  impl.RoleInfo (RoleInfo.java:shutdownLeaderState(103)) - 00aa5afb-d218-4771-abd7-db0247b9d23b: shutdown 00aa5afb-d218-4771-abd7-db0247b9d23b@group-334FE627F997-LeaderStateImpl
2025-09-11 04:24:22,108 [00aa5afb-d218-4771-abd7-db0247b9d23b-impl-thread1] INFO  impl.PendingRequests (PendingRequests.java:sendNotLeaderResponses(287)) - 00aa5afb-d218-4771-abd7-db0247b9d23b@group-334FE627F997-PendingRequests: sendNotLeaderResponses
2025-09-11 04:24:22,111 [ForkJoinPool-1-worker-1] INFO  server.GrpcServicesImpl (GrpcServicesImpl.java:closeImpl(364)) - 00aa5afb-d218-4771-abd7-db0247b9d23b: shutdown server GrpcServerProtocolService successfully
2025-09-11 04:24:22,111 [00aa5afb-d218-4771-abd7-db0247b9d23b-impl-thread1] INFO  impl.StateMachineUpdater (StateMachineUpdater.java:stopAndJoin(163)) - 00aa5afb-d218-4771-abd7-db0247b9d23b@group-334FE627F997-StateMachineUpdater: set stopIndex = 0
2025-09-11 04:24:22,112 [00aa5afb-d218-4771-abd7-db0247b9d23b@group-334FE627F997-StateMachineUpdater] INFO  impl.StateMachineUpdater (StateMachineUpdater.java:takeSnapshot(307)) - 00aa5afb-d218-4771-abd7-db0247b9d23b@group-334FE627F997-StateMachineUpdater: Took a snapshot at index 0
2025-09-11 04:24:22,112 [00aa5afb-d218-4771-abd7-db0247b9d23b@group-334FE627F997-StateMachineUpdater] INFO  impl.StateMachineUpdater (StateMachineUpdater.java:lambda$new$0(101)) - 00aa5afb-d218-4771-abd7-db0247b9d23b@group-334FE627F997-StateMachineUpdater: snapshotIndex: updateIncreasingly -1 -> 0
2025-09-11 04:24:22,113 [00aa5afb-d218-4771-abd7-db0247b9d23b@group-334FE627F997-StateMachineUpdater] INFO  impl.StateMachineUpdater (StateMachineUpdater.java:stop(140)) - 00aa5afb-d218-4771-abd7-db0247b9d23b@group-334FE627F997-StateMachineUpdater: closing SCMStateMachine, lastApplied=(t:1, i:0)
2025-09-11 04:24:22,114 [00aa5afb-d218-4771-abd7-db0247b9d23b@group-334FE627F997-cacheEviction-AwaitToRun] INFO  util.AwaitToRun (AwaitToRun.java:run(49)) - 00aa5afb-d218-4771-abd7-db0247b9d23b@group-334FE627F997-cacheEviction-AwaitToRun-AwaitForSignal is interrupted
2025-09-11 04:24:22,301 [00aa5afb-d218-4771-abd7-db0247b9d23b-impl-thread1] INFO  segmented.SegmentedRaftLogWorker (SegmentedRaftLogWorker.java:close(254)) - 00aa5afb-d218-4771-abd7-db0247b9d23b@group-334FE627F997-SegmentedRaftLogWorker close()
2025-09-11 04:24:22,305 [JvmPauseMonitor0] INFO  util.JvmPauseMonitor (JvmPauseMonitor.java:run(152)) - JvmPauseMonitor-00aa5afb-d218-4771-abd7-db0247b9d23b: Stopped
2025-09-11 04:24:22,339 [ForkJoinPool-1-worker-1] INFO  ha.SCMHANodeDetails (SCMHANodeDetails.java:loadSCMHAConfig(162)) - ServiceID for StorageContainerManager is null
2025-09-11 04:24:22,339 [ForkJoinPool-1-worker-1] INFO  ha.SCMHANodeDetails (SCMHANodeDetails.java:loadSCMHAConfig(166)) - ozone.scm.default.service.id is not defined, falling back to ozone.scm.service.ids to find serviceID for StorageContainerManager if it is HA enabled cluster
2025-09-11 04:24:22,951 [ForkJoinPool-1-worker-1] INFO  net.NodeSchemaLoader (NodeSchemaLoader.java:loadSchemaFromFile(128)) - Loading schema from [jar:file:/home/runner/work/ozone/ozone/hadoop-hdds/common/target/hdds-common-2.1.0-SNAPSHOT.jar!/network-topology-default.xml]
2025-09-11 04:24:22,956 [ForkJoinPool-1-worker-1] INFO  net.NodeSchemaLoader (NodeSchemaLoader.java:loadSchema(175)) - Loading network topology layer schema file
2025-09-11 04:24:23,030 [ForkJoinPool-1-worker-1] INFO  ha.SCMRatisServerImpl (SCMRatisServerImpl.java:<init>(100)) - starting Raft server for scm:00aa5afb-d218-4771-abd7-db0247b9d23b
2025-09-11 04:24:23,033 [ForkJoinPool-1-worker-1] INFO  server.RaftServerConfigKeys (ConfUtils.java:logGet(62)) - raft.server.log.appender.buffer.byte-limit = 4194304 (custom)
2025-09-11 04:24:23,034 [ForkJoinPool-1-worker-1] INFO  grpc.GrpcConfigKeys (ConfUtils.java:logFallback(69)) - raft.grpc.admin.host = null (fallback to raft.grpc.server.host)
2025-09-11 04:24:23,034 [ForkJoinPool-1-worker-1] INFO  grpc.GrpcConfigKeys (ConfUtils.java:logFallback(69)) - raft.grpc.admin.port = 15006 (fallback to raft.grpc.server.port)
2025-09-11 04:24:23,034 [ForkJoinPool-1-worker-1] INFO  grpc.GrpcConfigKeys (ConfUtils.java:logFallback(69)) - raft.grpc.client.host = null (fallback to raft.grpc.server.host)
2025-09-11 04:24:23,035 [ForkJoinPool-1-worker-1] INFO  grpc.GrpcConfigKeys (ConfUtils.java:logFallback(69)) - raft.grpc.client.port = 15006 (fallback to raft.grpc.server.port)
2025-09-11 04:24:23,035 [ForkJoinPool-1-worker-1] INFO  server.GrpcServicesImpl (ConfUtils.java:logGet(62)) - raft.grpc.message.size.max = 5242880 (custom)
2025-09-11 04:24:23,035 [ForkJoinPool-1-worker-1] INFO  server.RaftServerConfigKeys (ConfUtils.java:logGet(62)) - raft.server.log.appender.buffer.byte-limit = 4194304 (custom)
2025-09-11 04:24:23,037 [00aa5afb-d218-4771-abd7-db0247b9d23b-impl-thread1] INFO  server.RaftServer (RaftServerProxy.java:initGroupDir(270)) - 00aa5afb-d218-4771-abd7-db0247b9d23b: found a subdirectory /home/runner/work/ozone/ozone/hadoop-ozone/integration-test-recon/target/test-dir/MiniOzoneClusterImpl-e405f726-f354-48a5-b90a-334fe627f997/scm/ratis/e405f726-f354-48a5-b90a-334fe627f997
2025-09-11 04:24:23,037 [ForkJoinPool-1-worker-1] INFO  server.RaftServer (RaftServerProxy.java:addNew(105)) - 00aa5afb-d218-4771-abd7-db0247b9d23b: addNew group-334FE627F997:[] returns group-334FE627F997:java.util.concurrent.CompletableFuture@1d3fc250[Not completed]
2025-09-11 04:24:23,039 [00aa5afb-d218-4771-abd7-db0247b9d23b-groupManagement] INFO  server.RaftServer$Division (RaftServerImpl.java:<init>(268)) - 00aa5afb-d218-4771-abd7-db0247b9d23b: new RaftServerImpl for group-334FE627F997:[] with SCMStateMachine:uninitialized
2025-09-11 04:24:23,040 [00aa5afb-d218-4771-abd7-db0247b9d23b-groupManagement] INFO  server.RaftServer$Division (ServerState.java:<init>(114)) - 00aa5afb-d218-4771-abd7-db0247b9d23b@group-334FE627F997: ConfigurationManager, init=conf: {index: -1, cur=peers:[]|listeners:[], old=null}, confs=<EMPTY_MAP>
2025-09-11 04:24:23,048 [ForkJoinPool-1-worker-1] INFO  ha.SCMSnapshotProvider (SCMSnapshotProvider.java:<init>(61)) - Initializing SCM Snapshot Provider
2025-09-11 04:24:23,070 [ForkJoinPool-1-worker-1] INFO  upgrade.AbstractLayoutVersionManager (AbstractLayoutVersionManager.java:init(80)) - Initializing Layout version manager with metadata layout = WITNESSED_CONTAINER_DB_PROTO_VALUE (version = 9), software layout = WITNESSED_CONTAINER_DB_PROTO_VALUE (version = 9)
2025-09-11 04:24:23,103 [ForkJoinPool-1-worker-1] INFO  ha.SequenceIdGenerator (SequenceIdGenerator.java:upgradeToSequenceId(353)) - upgrade localId to 115816896921600000
2025-09-11 04:24:23,104 [ForkJoinPool-1-worker-1] INFO  ha.SequenceIdGenerator (SequenceIdGenerator.java:upgradeToSequenceId(363)) - upgrade delTxnId to 0
2025-09-11 04:24:23,109 [ForkJoinPool-1-worker-1] INFO  ha.SequenceIdGenerator (SequenceIdGenerator.java:upgradeToSequenceId(379)) - upgrade containerId to 0
2025-09-11 04:24:23,111 [ForkJoinPool-1-worker-1] INFO  ha.SequenceIdGenerator (SequenceIdGenerator.java:upgradeToCertificateSequenceId(414)) - upgrade CertificateId to 2
2025-09-11 04:24:23,113 [ForkJoinPool-1-worker-1] INFO  ha.SequenceIdGenerator (SequenceIdGenerator.java:<init>(231)) - Init the HA SequenceIdGenerator.
2025-09-11 04:24:23,148 [ForkJoinPool-1-worker-1] INFO  node.SCMNodeManager (SCMNodeManager.java:<init>(180)) - Entering startup safe mode.
2025-09-11 04:24:23,159 [ForkJoinPool-1-worker-1] INFO  algorithms.ContainerPlacementPolicyFactory (ContainerPlacementPolicyFactory.java:getPolicyInternal(83)) - Create container placement policy of type org.apache.hadoop.hdds.scm.container.placement.algorithms.SCMContainerPlacementRackAware
2025-09-11 04:24:23,162 [ForkJoinPool-1-worker-1] INFO  algorithms.ContainerPlacementPolicyFactory (ContainerPlacementPolicyFactory.java:getPolicyInternal(83)) - Create container placement policy of type org.apache.hadoop.hdds.scm.container.placement.algorithms.SCMContainerPlacementRackScatter
2025-09-11 04:24:23,170 [ForkJoinPool-1-worker-1] INFO  pipeline.PipelineStateManagerImpl (PipelineStateManagerImpl.java:initialize(75)) - No pipeline exists in current db
2025-09-11 04:24:23,182 [ForkJoinPool-1-worker-1] INFO  algorithms.LeaderChoosePolicyFactory (LeaderChoosePolicyFactory.java:getPolicy(55)) - Create leader choose policy of type org.apache.hadoop.hdds.scm.pipeline.leader.choose.algorithms.MinLeaderCountChoosePolicy
2025-09-11 04:24:23,182 [ForkJoinPool-1-worker-1] INFO  algorithms.ContainerPlacementPolicyFactory (ContainerPlacementPolicyFactory.java:getPolicyInternal(83)) - Create container placement policy of type org.apache.hadoop.hdds.scm.container.placement.algorithms.SCMContainerPlacementRackScatter
2025-09-11 04:24:23,189 [ForkJoinPool-1-worker-1] INFO  ha.SCMServiceManager (SCMServiceManager.java:register(42)) - Registering service BackgroundPipelineCreator.
2025-09-11 04:24:23,189 [ForkJoinPool-1-worker-1] INFO  pipeline.BackgroundPipelineCreator (BackgroundPipelineCreator.java:start(126)) - Starting RatisPipelineUtilsThread.
2025-09-11 04:24:23,192 [ForkJoinPool-1-worker-1] INFO  BackgroundPipelineScrubber (BackgroundSCMService.java:start(64)) - Starting BackgroundPipelineScrubber Service.
2025-09-11 04:24:23,192 [ForkJoinPool-1-worker-1] INFO  ha.SCMServiceManager (SCMServiceManager.java:register(42)) - Registering service BackgroundPipelineScrubber.
2025-09-11 04:24:23,198 [ForkJoinPool-1-worker-1] INFO  ExpiredContainerReplicaOpScrubber (BackgroundSCMService.java:start(64)) - Starting ExpiredContainerReplicaOpScrubber Service.
2025-09-11 04:24:23,199 [ForkJoinPool-1-worker-1] INFO  ha.SCMServiceManager (SCMServiceManager.java:register(42)) - Registering service ExpiredContainerReplicaOpScrubber.
2025-09-11 04:24:23,220 [ForkJoinPool-1-worker-1] INFO  algorithms.PipelineChoosePolicyFactory (PipelineChoosePolicyFactory.java:createPipelineChoosePolicyFromClass(78)) - Create pipeline choose policy of type org.apache.hadoop.hdds.scm.pipeline.choose.algorithms.RandomPipelineChoosePolicy
2025-09-11 04:24:23,220 [ForkJoinPool-1-worker-1] INFO  algorithms.PipelineChoosePolicyFactory (PipelineChoosePolicyFactory.java:createPipelineChoosePolicyFromClass(78)) - Create pipeline choose policy of type org.apache.hadoop.hdds.scm.pipeline.choose.algorithms.RandomPipelineChoosePolicy
2025-09-11 04:24:23,255 [ForkJoinPool-1-worker-1] INFO  ha.SCMServiceManager (SCMServiceManager.java:register(42)) - Registering service SCMBlockDeletingService.
2025-09-11 04:24:23,311 [ForkJoinPool-1-worker-1] INFO  replication.ReplicationManager (ReplicationManager.java:start(287)) - Starting Replication Monitor Thread.
2025-09-11 04:24:23,312 [ForkJoinPool-1-worker-1] INFO  ha.SCMServiceManager (SCMServiceManager.java:register(42)) - Registering service ReplicationManager.
2025-09-11 04:24:23,321 [ForkJoinPool-1-worker-1] INFO  safemode.RatisContainerSafeModeRule (RatisContainerSafeModeRule.java:initializeRule(160)) - Refreshed Containers with one replica threshold count 0.
2025-09-11 04:24:23,323 [ForkJoinPool-1-worker-1] INFO  safemode.ECContainerSafeModeRule (ECContainerSafeModeRule.java:initializeRule(204)) - Refreshed Containers with ec n replica threshold count 0.
2025-09-11 04:24:23,327 [ForkJoinPool-1-worker-1] INFO  safemode.HealthyPipelineSafeModeRule (HealthyPipelineSafeModeRule.java:initializeRule(232)) - Total pipeline count is 0, healthy pipeline threshold count is 1
2025-09-11 04:24:23,329 [ForkJoinPool-1-worker-1] INFO  safemode.OneReplicaPipelineSafeModeRule (OneReplicaPipelineSafeModeRule.java:initializeRule(190)) - Total pipeline count is 0, pipeline's with at least one datanode reported threshold count is 0
2025-09-11 04:24:23,365 [ForkJoinPool-1-worker-1] WARN  util.NativeCodeLoader (NativeCodeLoader.java:<clinit>(60)) - Unable to load native-hadoop library for your platform... using builtin-java classes where applicable
2025-09-11 04:24:23,380 [ForkJoinPool-1-worker-1] INFO  server.StorageContainerManager (StorageContainerManager.java:<init>(432)) - SCM start with adminUsers: [runner]
2025-09-11 04:24:23,594 [ForkJoinPool-1-worker-1] INFO  audit.AuditLogger (AuditLogger.java:refreshDebugCmdSet(133)) - Refresh DebugCmdSet for SCMAudit to [].
2025-09-11 04:24:23,614 [ForkJoinPool-1-worker-1] INFO  ipc.CallQueueManager (CallQueueManager.java:<init>(93)) - Using callQueue: class java.util.concurrent.LinkedBlockingQueue, queueCapacity: 10000, scheduler: class org.apache.hadoop.ipc.DefaultRpcScheduler, ipcBackoff: false, ipcFailOver: false.
2025-09-11 04:24:23,638 [ForkJoinPool-1-worker-1] INFO  ipc.Server (Server.java:<init>(1438)) - Listener at 0.0.0.0:15004
2025-09-11 04:24:23,639 [Socket Reader #1 for port 15004] INFO  ipc.Server (Server.java:run(1474)) - Starting Socket Reader #1 for port 15004
2025-09-11 04:24:23,640 [Socket Reader #2 for port 15004] INFO  ipc.Server (Server.java:run(1474)) - Starting Socket Reader #2 for port 15004
2025-09-11 04:24:23,640 [Socket Reader #3 for port 15004] INFO  ipc.Server (Server.java:run(1474)) - Starting Socket Reader #3 for port 15004
2025-09-11 04:24:23,641 [Socket Reader #4 for port 15004] INFO  ipc.Server (Server.java:run(1474)) - Starting Socket Reader #4 for port 15004
2025-09-11 04:24:23,641 [Socket Reader #5 for port 15004] INFO  ipc.Server (Server.java:run(1474)) - Starting Socket Reader #5 for port 15004
2025-09-11 04:24:23,643 [Socket Reader #6 for port 15004] INFO  ipc.Server (Server.java:run(1474)) - Starting Socket Reader #6 for port 15004
2025-09-11 04:24:23,644 [Socket Reader #7 for port 15004] INFO  ipc.Server (Server.java:run(1474)) - Starting Socket Reader #7 for port 15004
2025-09-11 04:24:23,644 [Socket Reader #8 for port 15004] INFO  ipc.Server (Server.java:run(1474)) - Starting Socket Reader #8 for port 15004
2025-09-11 04:24:23,645 [Socket Reader #9 for port 15004] INFO  ipc.Server (Server.java:run(1474)) - Starting Socket Reader #9 for port 15004
2025-09-11 04:24:23,645 [Socket Reader #10 for port 15004] INFO  ipc.Server (Server.java:run(1474)) - Starting Socket Reader #10 for port 15004
2025-09-11 04:24:23,675 [ForkJoinPool-1-worker-1] INFO  audit.AuditLogger (AuditLogger.java:refreshDebugCmdSet(133)) - Refresh DebugCmdSet for SCMAudit to [].
2025-09-11 04:24:23,680 [ForkJoinPool-1-worker-1] INFO  ipc.CallQueueManager (CallQueueManager.java:<init>(93)) - Using callQueue: class java.util.concurrent.LinkedBlockingQueue, queueCapacity: 10000, scheduler: class org.apache.hadoop.ipc.DefaultRpcScheduler, ipcBackoff: false, ipcFailOver: false.
2025-09-11 04:24:23,680 [ForkJoinPool-1-worker-1] INFO  ipc.Server (Server.java:<init>(1438)) - Listener at 0.0.0.0:15003
2025-09-11 04:24:23,680 [Socket Reader #1 for port 15003] INFO  ipc.Server (Server.java:run(1474)) - Starting Socket Reader #1 for port 15003
2025-09-11 04:24:23,681 [Socket Reader #2 for port 15003] INFO  ipc.Server (Server.java:run(1474)) - Starting Socket Reader #2 for port 15003
2025-09-11 04:24:23,681 [Socket Reader #3 for port 15003] INFO  ipc.Server (Server.java:run(1474)) - Starting Socket Reader #3 for port 15003
2025-09-11 04:24:23,682 [Socket Reader #4 for port 15003] INFO  ipc.Server (Server.java:run(1474)) - Starting Socket Reader #4 for port 15003
2025-09-11 04:24:23,683 [Socket Reader #5 for port 15003] INFO  ipc.Server (Server.java:run(1474)) - Starting Socket Reader #5 for port 15003
2025-09-11 04:24:23,683 [Socket Reader #6 for port 15003] INFO  ipc.Server (Server.java:run(1474)) - Starting Socket Reader #6 for port 15003
2025-09-11 04:24:23,684 [Socket Reader #7 for port 15003] INFO  ipc.Server (Server.java:run(1474)) - Starting Socket Reader #7 for port 15003
2025-09-11 04:24:23,684 [Socket Reader #8 for port 15003] INFO  ipc.Server (Server.java:run(1474)) - Starting Socket Reader #8 for port 15003
2025-09-11 04:24:23,684 [Socket Reader #9 for port 15003] INFO  ipc.Server (Server.java:run(1474)) - Starting Socket Reader #9 for port 15003
2025-09-11 04:24:23,685 [Socket Reader #10 for port 15003] INFO  ipc.Server (Server.java:run(1474)) - Starting Socket Reader #10 for port 15003
2025-09-11 04:24:23,711 [ForkJoinPool-1-worker-1] INFO  audit.AuditLogger (AuditLogger.java:refreshDebugCmdSet(133)) - Refresh DebugCmdSet for SCMAudit to [].
2025-09-11 04:24:23,720 [ForkJoinPool-1-worker-1] INFO  ipc.CallQueueManager (CallQueueManager.java:<init>(93)) - Using callQueue: class java.util.concurrent.LinkedBlockingQueue, queueCapacity: 10000, scheduler: class org.apache.hadoop.ipc.DefaultRpcScheduler, ipcBackoff: false, ipcFailOver: false.
2025-09-11 04:24:23,720 [ForkJoinPool-1-worker-1] INFO  ipc.Server (Server.java:<init>(1438)) - Listener at 0.0.0.0:15002
2025-09-11 04:24:23,721 [Socket Reader #1 for port 15002] INFO  ipc.Server (Server.java:run(1474)) - Starting Socket Reader #1 for port 15002
2025-09-11 04:24:23,721 [Socket Reader #2 for port 15002] INFO  ipc.Server (Server.java:run(1474)) - Starting Socket Reader #2 for port 15002
2025-09-11 04:24:23,722 [Socket Reader #4 for port 15002] INFO  ipc.Server (Server.java:run(1474)) - Starting Socket Reader #4 for port 15002
2025-09-11 04:24:23,722 [Socket Reader #3 for port 15002] INFO  ipc.Server (Server.java:run(1474)) - Starting Socket Reader #3 for port 15002
2025-09-11 04:24:23,723 [Socket Reader #5 for port 15002] INFO  ipc.Server (Server.java:run(1474)) - Starting Socket Reader #5 for port 15002
2025-09-11 04:24:23,724 [Socket Reader #6 for port 15002] INFO  ipc.Server (Server.java:run(1474)) - Starting Socket Reader #6 for port 15002
2025-09-11 04:24:23,724 [Socket Reader #7 for port 15002] INFO  ipc.Server (Server.java:run(1474)) - Starting Socket Reader #7 for port 15002
2025-09-11 04:24:23,724 [Socket Reader #8 for port 15002] INFO  ipc.Server (Server.java:run(1474)) - Starting Socket Reader #8 for port 15002
2025-09-11 04:24:23,725 [Socket Reader #9 for port 15002] INFO  ipc.Server (Server.java:run(1474)) - Starting Socket Reader #9 for port 15002
2025-09-11 04:24:23,725 [Socket Reader #10 for port 15002] INFO  ipc.Server (Server.java:run(1474)) - Starting Socket Reader #10 for port 15002
2025-09-11 04:24:23,788 [ForkJoinPool-1-worker-1] INFO  ha.SCMServiceManager (SCMServiceManager.java:register(42)) - Registering service ContainerBalancer.
2025-09-11 04:24:23,788 [ForkJoinPool-1-worker-1] INFO  ha.SCMContext (SCMContext.java:updateSafeModeStatus(224)) - Update SafeModeStatus from SafeModeStatus{safeModeStatus=true, preCheckPassed=false} to SafeModeStatus{safeModeStatus=true, preCheckPassed=false}.
2025-09-11 04:24:23,797 [ForkJoinPool-1-worker-1] INFO  server.StorageContainerManager (StorageContainerManager.java:start(1515)) - StorageContainerLocationProtocol RPC server is listening at /0.0.0.0:15002
2025-09-11 04:24:23,798 [ForkJoinPool-1-worker-1] INFO  ha.SCMRatisServerImpl (SCMRatisServerImpl.java:start(203)) - starting ratis server 0.0.0.0:15006
2025-09-11 04:24:23,800 [00aa5afb-d218-4771-abd7-db0247b9d23b-impl-thread1] INFO  storage.RaftStorageDirectory (RaftStorageDirectoryImpl.java:tryLock(229)) - Lock on /home/runner/work/ozone/ozone/hadoop-ozone/integration-test-recon/target/test-dir/MiniOzoneClusterImpl-e405f726-f354-48a5-b90a-334fe627f997/scm/ratis/e405f726-f354-48a5-b90a-334fe627f997/in_use.lock acquired by nodename 137523@localhost
2025-09-11 04:24:23,802 [00aa5afb-d218-4771-abd7-db0247b9d23b-impl-thread1] INFO  storage.RaftStorage (RaftStorageImpl.java:analyzeAndRecoverStorage(118)) - Read RaftStorageMetadata{term=1, votedFor=00aa5afb-d218-4771-abd7-db0247b9d23b} from /home/runner/work/ozone/ozone/hadoop-ozone/integration-test-recon/target/test-dir/MiniOzoneClusterImpl-e405f726-f354-48a5-b90a-334fe627f997/scm/ratis/e405f726-f354-48a5-b90a-334fe627f997/current/raft-meta
2025-09-11 04:24:23,804 [00aa5afb-d218-4771-abd7-db0247b9d23b-impl-thread1] INFO  server.RaftServer$Division (ServerState.java:setRaftConf(386)) - 00aa5afb-d218-4771-abd7-db0247b9d23b@group-334FE627F997: set configuration conf: {index: 0, cur=peers:[00aa5afb-d218-4771-abd7-db0247b9d23b|localhost:15006]|listeners:[], old=null}
2025-09-11 04:24:23,805 [00aa5afb-d218-4771-abd7-db0247b9d23b-impl-thread1] INFO  ha.SCMStateMachine (SCMStateMachine.java:lambda$initialize$0(135)) - 00aa5afb-d218-4771-abd7-db0247b9d23b: initialize group-334FE627F997
2025-09-11 04:24:23,805 [00aa5afb-d218-4771-abd7-db0247b9d23b-impl-thread1] INFO  server.RaftServerConfigKeys (ConfUtils.java:logGet(62)) - raft.server.log.appender.buffer.byte-limit = 4194304 (custom)
2025-09-11 04:24:23,808 [00aa5afb-d218-4771-abd7-db0247b9d23b-impl-thread1] INFO  server.RaftServerConfigKeys (ConfUtils.java:logGet(62)) - raft.server.log.segment.size.max = 67108864 (custom)
2025-09-11 04:24:23,809 [00aa5afb-d218-4771-abd7-db0247b9d23b-impl-thread1] INFO  server.RaftServerConfigKeys (ConfUtils.java:logGet(62)) - raft.server.log.appender.buffer.byte-limit = 4194304 (custom)
2025-09-11 04:24:23,810 [00aa5afb-d218-4771-abd7-db0247b9d23b-impl-thread1] INFO  util.AwaitToRun (AwaitToRun.java:start(81)) - Thread[#114,00aa5afb-d218-4771-abd7-db0247b9d23b@group-334FE627F997-cacheEviction-AwaitToRun,5,main] started
2025-09-11 04:24:23,810 [00aa5afb-d218-4771-abd7-db0247b9d23b-impl-thread1] INFO  segmented.SegmentedRaftLogWorker (SegmentedRaftLogWorker.java:<init>(190)) - new 00aa5afb-d218-4771-abd7-db0247b9d23b@group-334FE627F997-SegmentedRaftLogWorker for RaftStorageImpl:Storage Directory /home/runner/work/ozone/ozone/hadoop-ozone/integration-test-recon/target/test-dir/MiniOzoneClusterImpl-e405f726-f354-48a5-b90a-334fe627f997/scm/ratis/e405f726-f354-48a5-b90a-334fe627f997
2025-09-11 04:24:23,810 [00aa5afb-d218-4771-abd7-db0247b9d23b-impl-thread1] INFO  server.RaftServerConfigKeys (ConfUtils.java:logGet(62)) - raft.server.log.segment.size.max = 67108864 (custom)
2025-09-11 04:24:23,811 [00aa5afb-d218-4771-abd7-db0247b9d23b-impl-thread1] INFO  server.RaftServerConfigKeys (ConfUtils.java:logGet(62)) - raft.server.log.preallocated.size = 4194304 (custom)
2025-09-11 04:24:23,811 [00aa5afb-d218-4771-abd7-db0247b9d23b-impl-thread1] INFO  server.RaftServerConfigKeys (ConfUtils.java:logGet(62)) - raft.server.log.write.buffer.size = 4194312 (custom)
2025-09-11 04:24:23,813 [00aa5afb-d218-4771-abd7-db0247b9d23b-impl-thread1] INFO  server.RaftServerConfigKeys (ConfUtils.java:logGet(62)) - raft.server.log.appender.buffer.byte-limit = 4194304 (custom)
2025-09-11 04:24:23,819 [00aa5afb-d218-4771-abd7-db0247b9d23b-impl-thread1] INFO  server.RaftServer$Division (ServerState.java:setRaftConf(386)) - 00aa5afb-d218-4771-abd7-db0247b9d23b@group-334FE627F997: set configuration conf: {index: 0, cur=peers:[00aa5afb-d218-4771-abd7-db0247b9d23b|localhost:15006]|listeners:[], old=null}
2025-09-11 04:24:23,820 [00aa5afb-d218-4771-abd7-db0247b9d23b-impl-thread1] INFO  segmented.LogSegment (LogSegment.java:loadSegment(171)) - Successfully read 1 entries from segment file /home/runner/work/ozone/ozone/hadoop-ozone/integration-test-recon/target/test-dir/MiniOzoneClusterImpl-e405f726-f354-48a5-b90a-334fe627f997/scm/ratis/e405f726-f354-48a5-b90a-334fe627f997/current/log_inprogress_0
2025-09-11 04:24:23,820 [00aa5afb-d218-4771-abd7-db0247b9d23b-impl-thread1] INFO  segmented.SegmentedRaftLogWorker (SegmentedRaftLogWorker.java:lambda$new$0(141)) - 00aa5afb-d218-4771-abd7-db0247b9d23b@group-334FE627F997-SegmentedRaftLogWorker: safeCacheEvictIndex: setUnconditionally 0 -> -1
2025-09-11 04:24:23,820 [00aa5afb-d218-4771-abd7-db0247b9d23b-impl-thread1] INFO  segmented.BufferedWriteChannel (BufferedWriteChannel.java:open(61)) - open log_inprogress_0 (append) at position 76
2025-09-11 04:24:23,821 [00aa5afb-d218-4771-abd7-db0247b9d23b-impl-thread1] INFO  server.RaftServer$Division (RaftServerImpl.java:start(405)) - 00aa5afb-d218-4771-abd7-db0247b9d23b@group-334FE627F997: start as a follower, conf=conf: {index: 0, cur=peers:[00aa5afb-d218-4771-abd7-db0247b9d23b|localhost:15006]|listeners:[], old=null}
2025-09-11 04:24:23,821 [00aa5afb-d218-4771-abd7-db0247b9d23b-impl-thread1] INFO  server.RaftServer$Division (RaftServerImpl.java:setRole(392)) - 00aa5afb-d218-4771-abd7-db0247b9d23b@group-334FE627F997: changes role from      null to FOLLOWER at term 1 for startAsFollower
2025-09-11 04:24:23,821 [00aa5afb-d218-4771-abd7-db0247b9d23b-impl-thread1] INFO  impl.RoleInfo (RoleInfo.java:updateAndGet(148)) - 00aa5afb-d218-4771-abd7-db0247b9d23b: start 00aa5afb-d218-4771-abd7-db0247b9d23b@group-334FE627F997-FollowerState
2025-09-11 04:24:23,822 [00aa5afb-d218-4771-abd7-db0247b9d23b-impl-thread1] INFO  util.JmxRegister (JmxRegister.java:tryRegister(44)) - Successfully registered JMX Bean with object name Ratis:service=RaftServer,group=group-334FE627F997,id=00aa5afb-d218-4771-abd7-db0247b9d23b
2025-09-11 04:24:23,822 [00aa5afb-d218-4771-abd7-db0247b9d23b-impl-thread1] INFO  util.JmxRegister (JmxRegister.java:register(58)) - register mxBean class org.apache.ratis.server.impl.RaftServerJmxAdapter as Ratis:service=RaftServer,group=group-334FE627F997,id=00aa5afb-d218-4771-abd7-db0247b9d23b
2025-09-11 04:24:23,823 [00aa5afb-d218-4771-abd7-db0247b9d23b-impl-thread1] INFO  server.RaftServer$Division (RaftServerImpl.java:start(419)) - 00aa5afb-d218-4771-abd7-db0247b9d23b@group-334FE627F997: Successfully started.
2025-09-11 04:24:23,823 [ForkJoinPool-1-worker-1] INFO  server.RaftServer (RaftServerProxy.java:startImpl(412)) - 00aa5afb-d218-4771-abd7-db0247b9d23b: start RPC server
2025-09-11 04:24:23,824 [ForkJoinPool-1-worker-1] INFO  server.GrpcServicesImpl (GrpcServicesImpl.java:startImpl(346)) - 00aa5afb-d218-4771-abd7-db0247b9d23b: GrpcServicesImpl started, listening on 15006
2025-09-11 04:24:23,825 [JvmPauseMonitor1] INFO  util.JvmPauseMonitor (JvmPauseMonitor.java:run(146)) - JvmPauseMonitor-00aa5afb-d218-4771-abd7-db0247b9d23b: Started
2025-09-11 04:24:23,831 [ForkJoinPool-1-worker-1] INFO  ha.SCMHAManagerImpl (SCMHAManagerImpl.java:start(131)) -  scm role is FOLLOWER peers [00aa5afb-d218-4771-abd7-db0247b9d23b|localhost:15006]
2025-09-11 04:24:23,831 [ForkJoinPool-1-worker-1] INFO  ha.InterSCMGrpcService (InterSCMGrpcProtocolService.java:start(98)) - Starting SCM Grpc Service at port 15007
2025-09-11 04:24:23,832 [ForkJoinPool-1-worker-1] INFO  SCMHATransactionMonitor (BackgroundSCMService.java:start(64)) - Starting SCMHATransactionMonitor Service.
2025-09-11 04:24:23,833 [ForkJoinPool-1-worker-1] INFO  ha.SCMServiceManager (SCMServiceManager.java:register(42)) - Registering service SCMHATransactionMonitor.
2025-09-11 04:24:23,833 [ForkJoinPool-1-worker-1] INFO  SCMHATransactionMonitor (BackgroundSCMService.java:start(61)) - SCMHATransactionMonitor Service is already running, skip start.
2025-09-11 04:24:23,871 [ForkJoinPool-1-worker-1] WARN  impl.MetricsConfig (MetricsConfig.java:loadFirst(138)) - Cannot locate configuration: tried hadoop-metrics2-storagecontainermanager.properties,hadoop-metrics2.properties
2025-09-11 04:24:23,878 [ForkJoinPool-1-worker-1] INFO  impl.MetricsSystemImpl (MetricsSystemImpl.java:startTimer(378)) - Scheduled Metric snapshot period at 10 second(s).
2025-09-11 04:24:23,879 [ForkJoinPool-1-worker-1] INFO  impl.MetricsSystemImpl (MetricsSystemImpl.java:start(191)) - StorageContainerManager metrics system started
2025-09-11 04:24:24,005 [ForkJoinPool-1-worker-1] INFO  server.SCMClientProtocolServer (SCMClientProtocolServer.java:start(209)) - RPC server for Client  is listening at /0.0.0.0:15002
2025-09-11 04:24:24,006 [IPC Server Responder] INFO  ipc.Server (Server.java:run(1713)) - IPC Server Responder: starting
2025-09-11 04:24:24,007 [IPC Server listener on 15002] INFO  ipc.Server (Server.java:run(1553)) - IPC Server listener on 15002: starting
2025-09-11 04:24:24,024 [ForkJoinPool-1-worker-1] INFO  server.StorageContainerManager (StorageContainerManager.java:start(1528)) - ScmBlockLocationProtocol RPC server is listening at /0.0.0.0:15003
2025-09-11 04:24:24,024 [ForkJoinPool-1-worker-1] INFO  server.SCMBlockProtocolServer (SCMBlockProtocolServer.java:start(166)) - RPC server for Block Protocol is listening at /0.0.0.0:15003
2025-09-11 04:24:24,025 [IPC Server Responder] INFO  ipc.Server (Server.java:run(1713)) - IPC Server Responder: starting
2025-09-11 04:24:24,025 [IPC Server listener on 15003] INFO  ipc.Server (Server.java:run(1553)) - IPC Server listener on 15003: starting
2025-09-11 04:24:24,040 [ForkJoinPool-1-worker-1] INFO  utils.BackgroundService (BackgroundService.java:start(119)) - Starting service SCMBlockDeletingService with interval 60000 milliseconds
2025-09-11 04:24:24,051 [ForkJoinPool-1-worker-1] INFO  http.BaseHttpServer (BaseHttpServer.java:newHttpServer2BuilderForOzone(227)) - Starting Web-server for scm at: http://0.0.0.0:15005
2025-09-11 04:24:24,051 [ForkJoinPool-1-worker-1] INFO  http.BaseHttpServer (BaseHttpServer.java:<init>(105)) - Hadoop Security Enabled: false Ozone Security Enabled: false Ozone HTTP Security Enabled: false 
2025-09-11 04:24:24,069 [ForkJoinPool-1-worker-1] INFO  util.log (Log.java:initialized(170)) - Logging initialized @6079ms to org.eclipse.jetty.util.log.Slf4jLog
2025-09-11 04:24:24,140 [ForkJoinPool-1-worker-1] WARN  server.AuthenticationFilter (AuthenticationFilter.java:constructSecretProvider(240)) - Unable to initialize FileSignerSecretProvider, falling back to use random secrets. Reason: Could not read signature secret file: /home/runner/hadoop-http-auth-signature-secret
2025-09-11 04:24:24,161 [ForkJoinPool-1-worker-1] INFO  http.HttpServer2 (HttpServer2.java:addGlobalFilter(1041)) - Added global filter 'safety' (class=org.apache.hadoop.hdds.server.http.HttpServer2$QuotingInputFilter)
2025-09-11 04:24:24,164 [ForkJoinPool-1-worker-1] INFO  http.HttpServer2 (HttpServer2.java:addFilter(1017)) - Added filter static_user_filter (class=org.apache.hadoop.http.lib.StaticUserWebFilter$StaticUserFilter) to context scm
2025-09-11 04:24:24,164 [ForkJoinPool-1-worker-1] INFO  http.HttpServer2 (HttpServer2.java:addFilter(1025)) - Added filter static_user_filter (class=org.apache.hadoop.http.lib.StaticUserWebFilter$StaticUserFilter) to context static
2025-09-11 04:24:24,164 [ForkJoinPool-1-worker-1] INFO  http.HttpServer2 (HttpServer2.java:addFilter(1025)) - Added filter static_user_filter (class=org.apache.hadoop.http.lib.StaticUserWebFilter$StaticUserFilter) to context logs
2025-09-11 04:24:24,185 [ForkJoinPool-1-worker-1] INFO  http.BaseHttpServer (BaseHttpServer.java:<init>(193)) - HTTP server of scm uses base directory /home/runner/work/ozone/ozone/hadoop-ozone/integration-test-recon/target/test-dir/MiniOzoneClusterImpl-e405f726-f354-48a5-b90a-334fe627f997/scm/ozone-metadata/webserver
2025-09-11 04:24:24,185 [ForkJoinPool-1-worker-1] INFO  http.HttpServer2 (HttpServer2.java:bindListener(1241)) - Jetty bound to port 15005
2025-09-11 04:24:24,186 [ForkJoinPool-1-worker-1] INFO  server.Server (Server.java:doStart(375)) - jetty-9.4.58.v20250814; built: 2025-08-14T02:28:49.637Z; git: 8f1440587e9e4ae7db3d74cf205643f3d707148d; jvm 21.0.8+9-LTS
2025-09-11 04:24:24,204 [ForkJoinPool-1-worker-1] INFO  server.session (DefaultSessionIdManager.java:doStart(334)) - DefaultSessionIdManager workerName=node0
2025-09-11 04:24:24,204 [ForkJoinPool-1-worker-1] INFO  server.session (DefaultSessionIdManager.java:doStart(339)) - No SessionScavenger set, using defaults
2025-09-11 04:24:24,205 [ForkJoinPool-1-worker-1] INFO  server.session (HouseKeeper.java:startScavenging(132)) - node0 Scavenging every 660000ms
2025-09-11 04:24:24,214 [ForkJoinPool-1-worker-1] INFO  handler.ContextHandler (ContextHandler.java:doStart(921)) - Started o.e.j.s.ServletContextHandler@1dcb4471{logs,/logs,file:///home/runner/work/ozone/ozone/hadoop-ozone/integration-test-recon/target/log,AVAILABLE}
2025-09-11 04:24:24,214 [ForkJoinPool-1-worker-1] INFO  handler.ContextHandler (ContextHandler.java:doStart(921)) - Started o.e.j.s.ServletContextHandler@e4f1467{static,/static,jar:file:/home/runner/work/ozone/ozone/hadoop-hdds/server-scm/target/hdds-server-scm-2.1.0-SNAPSHOT.jar!/webapps/static,AVAILABLE}
2025-09-11 04:24:24,442 [ForkJoinPool-1-worker-1] INFO  handler.ContextHandler (ContextHandler.java:doStart(921)) - Started o.e.j.w.WebAppContext@35a6f96c{scm,/,file:///home/runner/work/ozone/ozone/hadoop-ozone/integration-test-recon/target/test-dir/MiniOzoneClusterImpl-e405f726-f354-48a5-b90a-334fe627f997/scm/ozone-metadata/webserver/jetty-0_0_0_0-15005-hdds-server-scm-2_1_0-SNAPSHOT_jar-_-any-16080373334541660170/webapp/,AVAILABLE}{jar:file:/home/runner/work/ozone/ozone/hadoop-hdds/server-scm/target/hdds-server-scm-2.1.0-SNAPSHOT.jar!/webapps/scm}
2025-09-11 04:24:24,446 [ForkJoinPool-1-worker-1] INFO  server.AbstractConnector (AbstractConnector.java:doStart(333)) - Started ServerConnector@5a0b171d{HTTP/1.1, (http/1.1)}{0.0.0.0:15005}
2025-09-11 04:24:24,446 [ForkJoinPool-1-worker-1] INFO  server.Server (Server.java:doStart(415)) - Started @6456ms
2025-09-11 04:24:24,448 [ForkJoinPool-1-worker-1] INFO  impl.MetricsSinkAdapter (MetricsSinkAdapter.java:start(204)) - Sink prometheus started
2025-09-11 04:24:24,448 [ForkJoinPool-1-worker-1] INFO  impl.MetricsSystemImpl (MetricsSystemImpl.java:registerSink(305)) - Registered sink prometheus
2025-09-11 04:24:24,448 [ForkJoinPool-1-worker-1] INFO  http.BaseHttpServer (BaseHttpServer.java:updateConnectorAddress(357)) - HTTP server of scm listening at http://localhost:15005
2025-09-11 04:24:24,511 [ForkJoinPool-1-worker-1] INFO  audit.AuditLogger (AuditLogger.java:refreshDebugCmdSet(133)) - Refresh DebugCmdSet for OMAudit to [].
2025-09-11 04:24:24,525 [ForkJoinPool-1-worker-1] INFO  audit.AuditLogger (AuditLogger.java:refreshDebugCmdSet(133)) - Refresh DebugCmdSet for OMSystemAudit to [].
2025-09-11 04:24:24,568 [ForkJoinPool-1-worker-1] INFO  ha.OMHANodeDetails (OMHANodeDetails.java:loadOMHAConfig(114)) - ozone.om.internal.service.id is not defined, falling back to ozone.om.service.ids to find serviceID for OzoneManager if it is HA enabled cluster
2025-09-11 04:24:24,571 [ForkJoinPool-1-worker-1] INFO  ha.OMHANodeDetails (OMHANodeDetails.java:loadOMHAConfig(228)) - Configuration does not have ozone.om.address set. Falling back to the default OM address /127.0.0.1:15008
2025-09-11 04:24:24,571 [ForkJoinPool-1-worker-1] INFO  ha.OMHANodeDetails (OMHANodeDetails.java:getOMNodeDetailsForNonHA(262)) - OM Service ID is not set. Setting it to the default ID: omServiceIdDefault
2025-09-11 04:24:24,571 [ForkJoinPool-1-worker-1] INFO  ha.OMHANodeDetails (OMHANodeDetails.java:getOMNodeDetailsForNonHA(269)) - OM Node ID is not set. Setting it to the default ID: om1
2025-09-11 04:24:24,579 [ForkJoinPool-1-worker-1] INFO  upgrade.AbstractLayoutVersionManager (AbstractLayoutVersionManager.java:init(80)) - Initializing Layout version manager with metadata layout = DELEGATION_TOKEN_SYMMETRIC_SIGN (version = 8), software layout = DELEGATION_TOKEN_SYMMETRIC_SIGN (version = 8)
2025-09-11 04:24:24,722 [ForkJoinPool-1-worker-1] INFO  reflections.Reflections (Reflections.java:scan(219)) - Reflections took 142 ms to scan 2 urls, producing 216 keys and 636 values
2025-09-11 04:24:24,725 [ForkJoinPool-1-worker-1] INFO  upgrade.OMLayoutVersionManager (OMLayoutVersionManager.java:lambda$0(110)) - Skipping Upgrade Action QuotaRepairUpgradeAction since it has been finalized.
2025-09-11 04:24:24,726 [ForkJoinPool-1-worker-1] INFO  upgrade.OMLayoutVersionManager (OMLayoutVersionManager.java:lambda$0(110)) - Skipping Upgrade Action MockOmUpgradeAction since it has been finalized.
2025-09-11 04:24:24,732 [ForkJoinPool-1-worker-1] INFO  om.OzoneManager (OzoneManager.java:setReplicationFromConfig(4650)) - Set default replication in OM: RATIS/3 -> RATIS/THREE
2025-09-11 04:24:24,738 [ForkJoinPool-1-worker-1] INFO  proxy.SCMContainerLocationFailoverProxyProvider (SCMFailoverProxyProviderBase.java:<init>(120)) - Created fail-over proxy for protocol StorageContainerLocationProtocolPB with 1 nodes: [nodeId=scmNodeId,nodeAddress=/0.0.0.0:15002]
2025-09-11 04:24:24,770 [ForkJoinPool-1-worker-1] INFO  proxy.SCMBlockLocationFailoverProxyProvider (SCMFailoverProxyProviderBase.java:<init>(120)) - Created fail-over proxy for protocol ScmBlockLocationProtocolPB with 1 nodes: [nodeId=scmNodeId,nodeAddress=/0.0.0.0:15003]
2025-09-11 04:24:24,784 [ForkJoinPool-1-worker-1] INFO  proxy.SCMBlockLocationFailoverProxyProvider (SCMFailoverProxyProviderBase.java:<init>(120)) - Created fail-over proxy for protocol ScmBlockLocationProtocolPB with 1 nodes: [nodeId=scmNodeId,nodeAddress=/0.0.0.0:15003]
2025-09-11 04:24:24,995 [00aa5afb-d218-4771-abd7-db0247b9d23b@group-334FE627F997-FollowerState] INFO  impl.FollowerState (FollowerState.java:runImpl(161)) - 00aa5afb-d218-4771-abd7-db0247b9d23b@group-334FE627F997-FollowerState: change to CANDIDATE, lastRpcElapsedTime:1174603818ns, electionTimeout:1174ms
2025-09-11 04:24:24,996 [00aa5afb-d218-4771-abd7-db0247b9d23b@group-334FE627F997-FollowerState] INFO  impl.RoleInfo (RoleInfo.java:shutdownFollowerState(121)) - 00aa5afb-d218-4771-abd7-db0247b9d23b: shutdown 00aa5afb-d218-4771-abd7-db0247b9d23b@group-334FE627F997-FollowerState
2025-09-11 04:24:24,996 [00aa5afb-d218-4771-abd7-db0247b9d23b@group-334FE627F997-FollowerState] INFO  server.RaftServer$Division (RaftServerImpl.java:setRole(392)) - 00aa5afb-d218-4771-abd7-db0247b9d23b@group-334FE627F997: changes role from  FOLLOWER to CANDIDATE at term 1 for changeToCandidate
2025-09-11 04:24:24,996 [00aa5afb-d218-4771-abd7-db0247b9d23b@group-334FE627F997-FollowerState] INFO  impl.RoleInfo (RoleInfo.java:updateAndGet(148)) - 00aa5afb-d218-4771-abd7-db0247b9d23b: start 00aa5afb-d218-4771-abd7-db0247b9d23b@group-334FE627F997-LeaderElection2
2025-09-11 04:24:24,997 [00aa5afb-d218-4771-abd7-db0247b9d23b@group-334FE627F997-LeaderElection2] INFO  impl.LeaderElection (LeaderElection.java:askForVotes(448)) - 00aa5afb-d218-4771-abd7-db0247b9d23b@group-334FE627F997-LeaderElection2 PRE_VOTE round 0: submit vote requests at term 1 for conf: {index: 0, cur=peers:[00aa5afb-d218-4771-abd7-db0247b9d23b|localhost:15006]|listeners:[], old=null}
2025-09-11 04:24:24,997 [00aa5afb-d218-4771-abd7-db0247b9d23b@group-334FE627F997-LeaderElection2] INFO  impl.LeaderElection (LeaderElection.java:askForVotes(450)) - 00aa5afb-d218-4771-abd7-db0247b9d23b@group-334FE627F997-LeaderElection2 PRE_VOTE round 0: result PASSED (term=1)
2025-09-11 04:24:24,999 [00aa5afb-d218-4771-abd7-db0247b9d23b@group-334FE627F997-LeaderElection2] INFO  impl.LeaderElection (LeaderElection.java:askForVotes(448)) - 00aa5afb-d218-4771-abd7-db0247b9d23b@group-334FE627F997-LeaderElection2 ELECTION round 0: submit vote requests at term 2 for conf: {index: 0, cur=peers:[00aa5afb-d218-4771-abd7-db0247b9d23b|localhost:15006]|listeners:[], old=null}
2025-09-11 04:24:24,999 [00aa5afb-d218-4771-abd7-db0247b9d23b@group-334FE627F997-LeaderElection2] INFO  impl.LeaderElection (LeaderElection.java:askForVotes(450)) - 00aa5afb-d218-4771-abd7-db0247b9d23b@group-334FE627F997-LeaderElection2 ELECTION round 0: result PASSED (term=2)
2025-09-11 04:24:24,999 [00aa5afb-d218-4771-abd7-db0247b9d23b@group-334FE627F997-LeaderElection2] INFO  impl.RoleInfo (RoleInfo.java:shutdownLeaderElection(141)) - 00aa5afb-d218-4771-abd7-db0247b9d23b: shutdown 00aa5afb-d218-4771-abd7-db0247b9d23b@group-334FE627F997-LeaderElection2
2025-09-11 04:24:24,999 [00aa5afb-d218-4771-abd7-db0247b9d23b@group-334FE627F997-LeaderElection2] INFO  server.RaftServer$Division (RaftServerImpl.java:setRole(392)) - 00aa5afb-d218-4771-abd7-db0247b9d23b@group-334FE627F997: changes role from CANDIDATE to LEADER at term 2 for changeToLeader
2025-09-11 04:24:24,999 [00aa5afb-d218-4771-abd7-db0247b9d23b@group-334FE627F997-LeaderElection2] INFO  server.RaftServerConfigKeys (ConfUtils.java:logFallback(69)) - raft.server.staging.timeout = 15600ms (fallback to raft.server.rpc.timeout.max)
2025-09-11 04:24:25,001 [00aa5afb-d218-4771-abd7-db0247b9d23b@group-334FE627F997-LeaderElection2] INFO  impl.RoleInfo (RoleInfo.java:updateAndGet(148)) - 00aa5afb-d218-4771-abd7-db0247b9d23b: start 00aa5afb-d218-4771-abd7-db0247b9d23b@group-334FE627F997-LeaderStateImpl
2025-09-11 04:24:25,001 [00aa5afb-d218-4771-abd7-db0247b9d23b@group-334FE627F997-LeaderElection2] INFO  server.RaftServer$Division (RaftServerImpl.java:setFirstElection(576)) - 00aa5afb-d218-4771-abd7-db0247b9d23b@group-334FE627F997: set firstElectionSinceStartup to false for becomeLeader
2025-09-11 04:24:25,001 [00aa5afb-d218-4771-abd7-db0247b9d23b@group-334FE627F997-LeaderElection2] INFO  ha.SCMStateMachine (SCMStateMachine.java:notifyLeaderChanged(293)) - current SCM becomes leader of term 2.
2025-09-11 04:24:25,001 [00aa5afb-d218-4771-abd7-db0247b9d23b@group-334FE627F997-LeaderElection2] INFO  ha.SCMContext (SCMContext.java:updateLeaderAndTerm(95)) - update <isLeader,term> from <false,0> to <true,2>
2025-09-11 04:24:25,003 [00aa5afb-d218-4771-abd7-db0247b9d23b@group-334FE627F997-LeaderElection2] INFO  server.RaftServer$Division (ServerState.java:setLeader(272)) - 00aa5afb-d218-4771-abd7-db0247b9d23b@group-334FE627F997: change Leader from null to 00aa5afb-d218-4771-abd7-db0247b9d23b at term 2 for becomeLeader, leader elected after 1960ms
2025-09-11 04:24:25,003 [00aa5afb-d218-4771-abd7-db0247b9d23b@group-334FE627F997-LeaderElection2] INFO  segmented.SegmentedRaftLogWorker (SegmentedRaftLogWorker.java:rollLogSegment(445)) - 00aa5afb-d218-4771-abd7-db0247b9d23b@group-334FE627F997-SegmentedRaftLogWorker: Rolling segment log-0_0 to index:0
2025-09-11 04:24:25,004 [00aa5afb-d218-4771-abd7-db0247b9d23b@group-334FE627F997-LeaderElection2] INFO  server.RaftServer$Division (ServerState.java:setRaftConf(386)) - 00aa5afb-d218-4771-abd7-db0247b9d23b@group-334FE627F997: set configuration conf: {index: 1, cur=peers:[00aa5afb-d218-4771-abd7-db0247b9d23b|localhost:15006]|listeners:[], old=null}
2025-09-11 04:24:25,005 [00aa5afb-d218-4771-abd7-db0247b9d23b@group-334FE627F997-SegmentedRaftLogWorker] INFO  segmented.SegmentedRaftLogWorker (SegmentedRaftLogWorker.java:execute(604)) - 00aa5afb-d218-4771-abd7-db0247b9d23b@group-334FE627F997-SegmentedRaftLogWorker: Rolled log segment from /home/runner/work/ozone/ozone/hadoop-ozone/integration-test-recon/target/test-dir/MiniOzoneClusterImpl-e405f726-f354-48a5-b90a-334fe627f997/scm/ratis/e405f726-f354-48a5-b90a-334fe627f997/current/log_inprogress_0 to /home/runner/work/ozone/ozone/hadoop-ozone/integration-test-recon/target/test-dir/MiniOzoneClusterImpl-e405f726-f354-48a5-b90a-334fe627f997/scm/ratis/e405f726-f354-48a5-b90a-334fe627f997/current/log_0-0
2025-09-11 04:24:25,006 [00aa5afb-d218-4771-abd7-db0247b9d23b@group-334FE627F997-SegmentedRaftLogWorker] INFO  segmented.BufferedWriteChannel (BufferedWriteChannel.java:open(61)) - open log_inprogress_1 at position 0
2025-09-11 04:24:25,014 [00aa5afb-d218-4771-abd7-db0247b9d23b@group-334FE627F997-SegmentedRaftLogWorker] INFO  segmented.SegmentedRaftLogWorker (SegmentedRaftLogWorker.java:execute(647)) - 00aa5afb-d218-4771-abd7-db0247b9d23b@group-334FE627F997-SegmentedRaftLogWorker: created new log segment /home/runner/work/ozone/ozone/hadoop-ozone/integration-test-recon/target/test-dir/MiniOzoneClusterImpl-e405f726-f354-48a5-b90a-334fe627f997/scm/ratis/e405f726-f354-48a5-b90a-334fe627f997/current/log_inprogress_1
2025-09-11 04:24:25,019 [00aa5afb-d218-4771-abd7-db0247b9d23b@group-334FE627F997-StateMachineUpdater] INFO  server.RaftServer$Division (LeaderStateImpl.java:checkStartIndex(309)) - Leader 00aa5afb-d218-4771-abd7-db0247b9d23b@group-334FE627F997-LeaderStateImpl is ready since appliedIndex == startIndex == 1
2025-09-11 04:24:25,019 [00aa5afb-d218-4771-abd7-db0247b9d23b@group-334FE627F997-StateMachineUpdater] INFO  ha.SCMContext (SCMContext.java:setLeaderReady(122)) - update <isLeaderReady> from <false> to <true>
2025-09-11 04:24:25,019 [00aa5afb-d218-4771-abd7-db0247b9d23b@group-334FE627F997-StateMachineUpdater] INFO  pipeline.BackgroundPipelineCreator (BackgroundPipelineCreator.java:notifyStatusChanged(268)) - Service BackgroundPipelineCreator transitions to RUNNING.
2025-09-11 04:24:25,020 [00aa5afb-d218-4771-abd7-db0247b9d23b@group-334FE627F997-StateMachineUpdater] INFO  safemode.RatisContainerSafeModeRule (RatisContainerSafeModeRule.java:initializeRule(160)) - Refreshed Containers with one replica threshold count 0.
2025-09-11 04:24:25,020 [00aa5afb-d218-4771-abd7-db0247b9d23b@group-334FE627F997-StateMachineUpdater] INFO  safemode.HealthyPipelineSafeModeRule (HealthyPipelineSafeModeRule.java:initializeRule(228)) - Refreshed total pipeline count is 0, healthy pipeline threshold count is 1
2025-09-11 04:24:25,020 [00aa5afb-d218-4771-abd7-db0247b9d23b@group-334FE627F997-StateMachineUpdater] INFO  safemode.ECContainerSafeModeRule (ECContainerSafeModeRule.java:initializeRule(204)) - Refreshed Containers with ec n replica threshold count 0.
2025-09-11 04:24:25,021 [00aa5afb-d218-4771-abd7-db0247b9d23b@group-334FE627F997-StateMachineUpdater] INFO  safemode.OneReplicaPipelineSafeModeRule (OneReplicaPipelineSafeModeRule.java:initializeRule(186)) - Refreshed Total pipeline count is 0, pipeline's with at least one datanode reported threshold count is 0
2025-09-11 04:24:25,021 [00aa5afb-d218-4771-abd7-db0247b9d23b@group-334FE627F997-StateMachineUpdater] INFO  server.SCMDatanodeProtocolServer (SCMDatanodeProtocolServer.java:start(195)) - ScmDatanodeProtocol RPC server for DataNodes is listening at /0.0.0.0:15004
2025-09-11 04:24:25,022 [IPC Server Responder] INFO  ipc.Server (Server.java:run(1713)) - IPC Server Responder: starting
2025-09-11 04:24:25,022 [IPC Server listener on 15004] INFO  ipc.Server (Server.java:run(1553)) - IPC Server listener on 15004: starting
2025-09-11 04:24:25,312 [ReplicationMonitor] INFO  replication.ReplicationManager (ReplicationManager.java:processAll(359)) - Replication Manager is not ready to run until 3000ms after safemode exit
2025-09-11 04:24:26,313 [ReplicationMonitor] INFO  replication.ReplicationManager (ReplicationManager.java:processAll(359)) - Replication Manager is not ready to run until 3000ms after safemode exit
2025-09-11 04:24:26,976 [ForkJoinPool-1-worker-1] INFO  om.OzoneManager (OzoneManager.java:<init>(683)) - OM start with adminUsers: [runner]
2025-09-11 04:24:27,089 [ForkJoinPool-1-worker-1] INFO  utils.NativeLibraryLoader (NativeLibraryLoader.java:loadLibrary(120)) - Loading Library: ozone_rocksdb_tools
2025-09-11 04:24:27,313 [ReplicationMonitor] INFO  replication.ReplicationManager (ReplicationManager.java:processAll(359)) - Replication Manager is not ready to run until 3000ms after safemode exit
2025-09-11 04:24:27,361 [ForkJoinPool-1-worker-1] INFO  om.OzoneManager (OzoneManager.java:instantiateServices(927)) - S3 Multi-Tenancy is disabled
2025-09-11 04:24:27,377 [ForkJoinPool-1-worker-1] INFO  acl.OzoneAuthorizerFactory (OzoneAuthorizerFactory.java:create(69)) - om1: Authorizer for OM is class org.apache.hadoop.ozone.security.acl.OzoneAccessAuthorizer
2025-09-11 04:24:27,391 [ForkJoinPool-1-worker-1] INFO  om.OmSnapshotManager (OmSnapshotManager.java:<init>(203)) - Ozone filesystem snapshot feature is enabled.
2025-09-11 04:24:27,434 [ForkJoinPool-1-worker-1] INFO  utils.BackgroundService (BackgroundService.java:start(119)) - Starting service SnapshotDiffCleanupService with interval 60000 milliseconds
2025-09-11 04:24:27,476 [ForkJoinPool-1-worker-1] INFO  om.OzoneManager (OzoneManager.java:addS3GVolumeToDB(4708)) - Created Volume s3v With Owner runner required for S3Gateway operations.
2025-09-11 04:24:27,537 [ForkJoinPool-1-worker-1] WARN  dropwizard3.Dm3MetricRegistriesImpl (Dm3MetricRegistriesImpl.java:addReporterRegistration(114)) - New reporters are added after registries were created. Some metrics will be missing from the reporter. Please add reporter before adding any new registry.
2025-09-11 04:24:27,537 [ForkJoinPool-1-worker-1] WARN  dropwizard3.Dm3MetricRegistriesImpl (Dm3MetricRegistriesImpl.java:addReporterRegistration(114)) - New reporters are added after registries were created. Some metrics will be missing from the reporter. Please add reporter before adding any new registry.
2025-09-11 04:24:27,538 [ForkJoinPool-1-worker-1] INFO  server.RaftServerConfigKeys (ConfUtils.java:logGet(62)) - raft.server.log.appender.buffer.byte-limit = 4194304 (custom)
2025-09-11 04:24:27,540 [ForkJoinPool-1-worker-1] INFO  ratis.OzoneManagerRatisServer (OzoneManagerRatisServer.java:<init>(169)) - Instantiating OM Ratis server with groupID: omServiceIdDefault and peers: localhost:15011
2025-09-11 04:24:27,543 [ForkJoinPool-1-worker-1] INFO  ratis.OzoneManagerStateMachine (OzoneManagerStateMachine.java:loadSnapshotInfoFromDB(628)) - TransactionInfo not found in OM DB.
2025-09-11 04:24:27,578 [ForkJoinPool-1-worker-1] INFO  grpc.GrpcConfigKeys (ConfUtils.java:logFallback(69)) - raft.grpc.admin.host = null (fallback to raft.grpc.server.host)
2025-09-11 04:24:27,579 [ForkJoinPool-1-worker-1] INFO  grpc.GrpcConfigKeys (ConfUtils.java:logFallback(69)) - raft.grpc.admin.port = 15011 (fallback to raft.grpc.server.port)
2025-09-11 04:24:27,579 [ForkJoinPool-1-worker-1] INFO  grpc.GrpcConfigKeys (ConfUtils.java:logFallback(69)) - raft.grpc.client.host = null (fallback to raft.grpc.server.host)
2025-09-11 04:24:27,579 [ForkJoinPool-1-worker-1] INFO  grpc.GrpcConfigKeys (ConfUtils.java:logFallback(69)) - raft.grpc.client.port = 15011 (fallback to raft.grpc.server.port)
2025-09-11 04:24:27,579 [ForkJoinPool-1-worker-1] INFO  grpc.GrpcConfigKeys (ConfUtils.java:logGet(62)) - raft.grpc.server.port = 15011 (custom)
2025-09-11 04:24:27,579 [ForkJoinPool-1-worker-1] INFO  server.GrpcServicesImpl (ConfUtils.java:logGet(62)) - raft.grpc.message.size.max = 5242880 (custom)
2025-09-11 04:24:27,579 [ForkJoinPool-1-worker-1] INFO  server.RaftServerConfigKeys (ConfUtils.java:logGet(62)) - raft.server.rpc.request.timeout = 3000ms (default)
2025-09-11 04:24:27,579 [ForkJoinPool-1-worker-1] INFO  server.RaftServerConfigKeys (ConfUtils.java:logGet(62)) - raft.server.log.appender.buffer.byte-limit = 4194304 (custom)
2025-09-11 04:24:27,581 [ForkJoinPool-1-worker-1] INFO  server.RaftServerConfigKeys (ConfUtils.java:logGet(62)) - raft.server.storage.dir = [/home/runner/work/ozone/ozone/hadoop-ozone/integration-test-recon/target/test-dir/MiniOzoneClusterImpl-e405f726-f354-48a5-b90a-334fe627f997/om/ratis] (custom)
2025-09-11 04:24:27,581 [ForkJoinPool-1-worker-1] INFO  server.RaftServer (RaftServerProxy.java:addNew(105)) - om1: addNew group-C5BA1605619E:[om1|localhost:15011] returns group-C5BA1605619E:java.util.concurrent.CompletableFuture@1d42f3e3[Not completed]
2025-09-11 04:24:27,581 [om1-groupManagement] INFO  server.RaftServer$Division (RaftServerImpl.java:<init>(268)) - om1: new RaftServerImpl for group-C5BA1605619E:[om1|localhost:15011] with OzoneManagerStateMachine:uninitialized
2025-09-11 04:24:27,582 [ForkJoinPool-1-worker-1] INFO  om.OzoneManager (OzoneManager.java:initializeRatisServer(2338)) - OzoneManager Ratis server initialized at port 15011
2025-09-11 04:24:27,582 [om1-groupManagement] INFO  server.RaftServerConfigKeys (ConfUtils.java:logGet(62)) - raft.server.rpc.timeout.min = 1s (custom)
2025-09-11 04:24:27,582 [om1-groupManagement] INFO  server.RaftServerConfigKeys (ConfUtils.java:logGet(62)) - raft.server.rpc.timeout.max = 1200ms (custom)
2025-09-11 04:24:27,582 [om1-groupManagement] INFO  server.RaftServer$Division (ServerState.java:<init>(114)) - om1@group-C5BA1605619E: ConfigurationManager, init=conf: {index: -1, cur=peers:[om1|localhost:15011]|listeners:[], old=null}, confs=<EMPTY_MAP>
2025-09-11 04:24:27,583 [om1-groupManagement] INFO  server.RaftServerConfigKeys (ConfUtils.java:logGet(62)) - raft.server.notification.no-leader.timeout = 120s (custom)
2025-09-11 04:24:27,583 [om1-groupManagement] INFO  server.RaftServerConfigKeys (ConfUtils.java:logGet(62)) - raft.server.retrycache.expirytime = 300s (custom)
2025-09-11 04:24:27,586 [ForkJoinPool-1-worker-1] INFO  om.OzoneManager (OzoneManager.java:getRpcServer(1390)) - Creating RPC Server
2025-09-11 04:24:28,247 [ForkJoinPool-1-worker-1] INFO  reflections.Reflections (Reflections.java:scan(219)) - Reflections took 625 ms to scan 19 urls, producing 54 keys and 6562 values
2025-09-11 04:24:28,314 [ReplicationMonitor] INFO  replication.ReplicationManager (ReplicationManager.java:processAll(359)) - Replication Manager is not ready to run until 3000ms after safemode exit
2025-09-11 04:24:28,387 [ForkJoinPool-1-worker-1] INFO  ipc.CallQueueManager (CallQueueManager.java:<init>(93)) - Using callQueue: class java.util.concurrent.LinkedBlockingQueue, queueCapacity: 2000, scheduler: class org.apache.hadoop.ipc.DefaultRpcScheduler, ipcBackoff: false, ipcFailOver: false.
2025-09-11 04:24:28,388 [ForkJoinPool-1-worker-1] INFO  ipc.Server (Server.java:<init>(1438)) - Listener at 127.0.0.1:15008
2025-09-11 04:24:28,388 [Socket Reader #1 for port 15008] INFO  ipc.Server (Server.java:run(1474)) - Starting Socket Reader #1 for port 15008
2025-09-11 04:24:28,388 [Socket Reader #2 for port 15008] INFO  ipc.Server (Server.java:run(1474)) - Starting Socket Reader #2 for port 15008
2025-09-11 04:24:28,389 [Socket Reader #3 for port 15008] INFO  ipc.Server (Server.java:run(1474)) - Starting Socket Reader #3 for port 15008
2025-09-11 04:24:28,389 [Socket Reader #6 for port 15008] INFO  ipc.Server (Server.java:run(1474)) - Starting Socket Reader #6 for port 15008
2025-09-11 04:24:28,389 [Socket Reader #7 for port 15008] INFO  ipc.Server (Server.java:run(1474)) - Starting Socket Reader #7 for port 15008
2025-09-11 04:24:28,389 [Socket Reader #4 for port 15008] INFO  ipc.Server (Server.java:run(1474)) - Starting Socket Reader #4 for port 15008
2025-09-11 04:24:28,389 [Socket Reader #5 for port 15008] INFO  ipc.Server (Server.java:run(1474)) - Starting Socket Reader #5 for port 15008
2025-09-11 04:24:28,390 [Socket Reader #9 for port 15008] INFO  ipc.Server (Server.java:run(1474)) - Starting Socket Reader #9 for port 15008
2025-09-11 04:24:28,390 [Socket Reader #8 for port 15008] INFO  ipc.Server (Server.java:run(1474)) - Starting Socket Reader #8 for port 15008
2025-09-11 04:24:28,391 [Socket Reader #10 for port 15008] INFO  ipc.Server (Server.java:run(1474)) - Starting Socket Reader #10 for port 15008
2025-09-11 04:24:28,410 [ForkJoinPool-1-worker-1] INFO  impl.MetricsSystemImpl (MetricsSystemImpl.java:init(158)) - OzoneManager metrics system started (again)
2025-09-11 04:24:28,423 [ForkJoinPool-1-worker-1] INFO  om.OzoneManager (OzoneManager.java:start(1822)) - OzoneManager RPC server is listening at localhost/127.0.0.1:15008
2025-09-11 04:24:28,424 [ForkJoinPool-1-worker-1] INFO  ratis.OzoneManagerRatisServer (OzoneManagerRatisServer.java:start(673)) - Starting OzoneManagerRatisServer om1 at port 15011
2025-09-11 04:24:28,424 [om1-impl-thread1] INFO  storage.RaftStorageDirectory (RaftStorageDirectoryImpl.java:analyzeStorage(138)) - The storage directory /home/runner/work/ozone/ozone/hadoop-ozone/integration-test-recon/target/test-dir/MiniOzoneClusterImpl-e405f726-f354-48a5-b90a-334fe627f997/om/ratis/bf265839-605b-3f16-9796-c5ba1605619e does not exist. Creating ...
2025-09-11 04:24:28,426 [om1-impl-thread1] INFO  storage.RaftStorageDirectory (RaftStorageDirectoryImpl.java:tryLock(229)) - Lock on /home/runner/work/ozone/ozone/hadoop-ozone/integration-test-recon/target/test-dir/MiniOzoneClusterImpl-e405f726-f354-48a5-b90a-334fe627f997/om/ratis/bf265839-605b-3f16-9796-c5ba1605619e/in_use.lock acquired by nodename 137523@localhost
2025-09-11 04:24:28,427 [om1-impl-thread1] INFO  storage.RaftStorage (RaftStorageImpl.java:format(98)) - Storage directory /home/runner/work/ozone/ozone/hadoop-ozone/integration-test-recon/target/test-dir/MiniOzoneClusterImpl-e405f726-f354-48a5-b90a-334fe627f997/om/ratis/bf265839-605b-3f16-9796-c5ba1605619e has been successfully formatted.
2025-09-11 04:24:28,428 [om1-impl-thread1] INFO  ratis.OzoneManagerStateMachine (OzoneManagerStateMachine.java:lambda$0(138)) - om1: initialize group-C5BA1605619E with <INITIAL_VALUE>
2025-09-11 04:24:28,428 [om1-impl-thread1] INFO  server.RaftServerConfigKeys (ConfUtils.java:logGet(62)) - raft.server.log.appender.buffer.byte-limit = 4194304 (custom)
2025-09-11 04:24:28,431 [om1-impl-thread1] INFO  server.RaftServerConfigKeys (ConfUtils.java:logGet(62)) - raft.server.log.segment.size.max = 67108864 (custom)
2025-09-11 04:24:28,431 [om1-impl-thread1] INFO  server.RaftServerConfigKeys (ConfUtils.java:logGet(62)) - raft.server.log.appender.buffer.byte-limit = 4194304 (custom)
2025-09-11 04:24:28,431 [om1-impl-thread1] INFO  util.AwaitToRun (AwaitToRun.java:start(81)) - Thread[#463,om1@group-C5BA1605619E-cacheEviction-AwaitToRun,5,main] started
2025-09-11 04:24:28,431 [om1-impl-thread1] INFO  segmented.SegmentedRaftLogWorker (SegmentedRaftLogWorker.java:<init>(190)) - new om1@group-C5BA1605619E-SegmentedRaftLogWorker for RaftStorageImpl:Storage Directory /home/runner/work/ozone/ozone/hadoop-ozone/integration-test-recon/target/test-dir/MiniOzoneClusterImpl-e405f726-f354-48a5-b90a-334fe627f997/om/ratis/bf265839-605b-3f16-9796-c5ba1605619e
2025-09-11 04:24:28,432 [om1-impl-thread1] INFO  server.RaftServerConfigKeys (ConfUtils.java:logGet(62)) - raft.server.log.segment.size.max = 67108864 (custom)
2025-09-11 04:24:28,432 [om1-impl-thread1] INFO  server.RaftServerConfigKeys (ConfUtils.java:logGet(62)) - raft.server.log.preallocated.size = 4194304 (custom)
2025-09-11 04:24:28,432 [om1-impl-thread1] INFO  server.RaftServerConfigKeys (ConfUtils.java:logGet(62)) - raft.server.log.write.buffer.size = 4194312 (custom)
2025-09-11 04:24:28,433 [om1-impl-thread1] INFO  server.RaftServerConfigKeys (ConfUtils.java:logGet(62)) - raft.server.log.appender.buffer.byte-limit = 4194304 (custom)
2025-09-11 04:24:28,433 [om1-impl-thread1] INFO  segmented.SegmentedRaftLogWorker (SegmentedRaftLogWorker.java:lambda$new$0(141)) - om1@group-C5BA1605619E-SegmentedRaftLogWorker: flushIndex: setUnconditionally 0 -> -1
2025-09-11 04:24:28,433 [om1-impl-thread1] INFO  segmented.SegmentedRaftLogWorker (SegmentedRaftLogWorker.java:lambda$new$0(141)) - om1@group-C5BA1605619E-SegmentedRaftLogWorker: safeCacheEvictIndex: setUnconditionally 0 -> -1
2025-09-11 04:24:28,433 [om1-impl-thread1] INFO  server.RaftServer$Division (RaftServerImpl.java:start(405)) - om1@group-C5BA1605619E: start as a follower, conf=conf: {index: -1, cur=peers:[om1|localhost:15011]|listeners:[], old=null}
2025-09-11 04:24:28,434 [om1-impl-thread1] INFO  server.RaftServer$Division (RaftServerImpl.java:setRole(392)) - om1@group-C5BA1605619E: changes role from      null to FOLLOWER at term 0 for startAsFollower
2025-09-11 04:24:28,434 [om1-impl-thread1] INFO  impl.RoleInfo (RoleInfo.java:updateAndGet(148)) - om1: start om1@group-C5BA1605619E-FollowerState
2025-09-11 04:24:28,434 [om1-impl-thread1] INFO  util.JmxRegister (JmxRegister.java:tryRegister(44)) - Successfully registered JMX Bean with object name Ratis:service=RaftServer,group=group-C5BA1605619E,id=om1
2025-09-11 04:24:28,434 [om1-impl-thread1] INFO  util.JmxRegister (JmxRegister.java:register(58)) - register mxBean class org.apache.ratis.server.impl.RaftServerJmxAdapter as Ratis:service=RaftServer,group=group-C5BA1605619E,id=om1
2025-09-11 04:24:28,434 [om1-impl-thread1] INFO  server.RaftServerConfigKeys (ConfUtils.java:logGet(62)) - raft.server.snapshot.auto.trigger.threshold = 400000 (default)
2025-09-11 04:24:28,435 [om1-impl-thread1] INFO  server.RaftServerConfigKeys (ConfUtils.java:logGet(62)) - raft.server.log.purge.upto.snapshot.index = true (custom)
2025-09-11 04:24:28,435 [om1@group-C5BA1605619E-FollowerState] INFO  server.RaftServerConfigKeys (ConfUtils.java:logFallback(69)) - raft.server.rpc.first-election.timeout.min = 1s (fallback to raft.server.rpc.timeout.min)
2025-09-11 04:24:28,436 [om1@group-C5BA1605619E-FollowerState] INFO  server.RaftServerConfigKeys (ConfUtils.java:logFallback(69)) - raft.server.rpc.first-election.timeout.max = 1200ms (fallback to raft.server.rpc.timeout.max)
2025-09-11 04:24:28,436 [om1-impl-thread1] INFO  server.RaftServer$Division (RaftServerImpl.java:start(419)) - om1@group-C5BA1605619E: Successfully started.
2025-09-11 04:24:28,437 [ForkJoinPool-1-worker-1] INFO  server.RaftServer (RaftServerProxy.java:startImpl(412)) - om1: start RPC server
2025-09-11 04:24:28,437 [ForkJoinPool-1-worker-1] INFO  server.GrpcServicesImpl (GrpcServicesImpl.java:startImpl(346)) - om1: GrpcServicesImpl started, listening on 15011
2025-09-11 04:24:28,438 [JvmPauseMonitor2] INFO  util.JvmPauseMonitor (JvmPauseMonitor.java:run(146)) - JvmPauseMonitor-om1: Started
2025-09-11 04:24:28,438 [ForkJoinPool-1-worker-1] INFO  om.OzoneManager (OzoneManager.java:start(1837)) - Version File has different layout version (8) than OM DB (null). That is expected if this OM has never been finalized to a newer layout version.
2025-09-11 04:24:28,452 [ForkJoinPool-1-worker-1] INFO  client.ScmTopologyClient (ScmTopologyClient.java:start(70)) - Initial network topology fetched from SCM: /.
2025-09-11 04:24:28,453 [ForkJoinPool-1-worker-1] INFO  net.NodeSchemaLoader (NodeSchemaLoader.java:loadSchemaFromFile(128)) - Loading schema from [jar:file:/home/runner/work/ozone/ozone/hadoop-hdds/common/target/hdds-common-2.1.0-SNAPSHOT.jar!/network-topology-default.xml]
2025-09-11 04:24:28,453 [ForkJoinPool-1-worker-1] INFO  net.NodeSchemaLoader (NodeSchemaLoader.java:loadSchema(175)) - Loading network topology layer schema file
2025-09-11 04:24:28,459 [ForkJoinPool-1-worker-1] INFO  utils.BackgroundService (BackgroundService.java:start(119)) - Starting service KeyDeletingService with interval 60000 milliseconds
2025-09-11 04:24:28,462 [ForkJoinPool-1-worker-1] INFO  utils.BackgroundService (BackgroundService.java:start(119)) - Starting service DirectoryDeletingService with interval 60000 milliseconds
2025-09-11 04:24:28,463 [ForkJoinPool-1-worker-1] INFO  utils.BackgroundService (BackgroundService.java:start(119)) - Starting service OpenKeyCleanupService with interval 86400000 milliseconds
2025-09-11 04:24:28,466 [ForkJoinPool-1-worker-1] INFO  utils.BackgroundService (BackgroundService.java:start(119)) - Starting service SstFilteringService with interval 60000 milliseconds
2025-09-11 04:24:28,468 [ForkJoinPool-1-worker-1] INFO  utils.BackgroundService (BackgroundService.java:start(119)) - Starting service SnapshotDeletingService with interval 30000 milliseconds
2025-09-11 04:24:28,469 [ForkJoinPool-1-worker-1] INFO  utils.BackgroundService (BackgroundService.java:start(119)) - Starting service MultipartUploadCleanupService with interval 86400000 milliseconds
2025-09-11 04:24:28,471 [ForkJoinPool-1-worker-1] INFO  http.BaseHttpServer (BaseHttpServer.java:newHttpServer2BuilderForOzone(227)) - Starting Web-server for ozoneManager at: http://0.0.0.0:15009
2025-09-11 04:24:28,471 [ForkJoinPool-1-worker-1] INFO  http.BaseHttpServer (BaseHttpServer.java:<init>(105)) - Hadoop Security Enabled: false Ozone Security Enabled: false Ozone HTTP Security Enabled: false 
2025-09-11 04:24:28,473 [ForkJoinPool-1-worker-1] WARN  server.AuthenticationFilter (AuthenticationFilter.java:constructSecretProvider(240)) - Unable to initialize FileSignerSecretProvider, falling back to use random secrets. Reason: Could not read signature secret file: /home/runner/hadoop-http-auth-signature-secret
2025-09-11 04:24:28,475 [ForkJoinPool-1-worker-1] INFO  http.HttpServer2 (HttpServer2.java:addGlobalFilter(1041)) - Added global filter 'safety' (class=org.apache.hadoop.hdds.server.http.HttpServer2$QuotingInputFilter)
2025-09-11 04:24:28,476 [ForkJoinPool-1-worker-1] INFO  http.HttpServer2 (HttpServer2.java:addFilter(1017)) - Added filter static_user_filter (class=org.apache.hadoop.http.lib.StaticUserWebFilter$StaticUserFilter) to context ozoneManager
2025-09-11 04:24:28,476 [ForkJoinPool-1-worker-1] INFO  http.HttpServer2 (HttpServer2.java:addFilter(1025)) - Added filter static_user_filter (class=org.apache.hadoop.http.lib.StaticUserWebFilter$StaticUserFilter) to context static
2025-09-11 04:24:28,476 [ForkJoinPool-1-worker-1] INFO  http.HttpServer2 (HttpServer2.java:addFilter(1025)) - Added filter static_user_filter (class=org.apache.hadoop.http.lib.StaticUserWebFilter$StaticUserFilter) to context logs
2025-09-11 04:24:28,477 [ForkJoinPool-1-worker-1] INFO  http.BaseHttpServer (BaseHttpServer.java:<init>(193)) - HTTP server of ozoneManager uses base directory /home/runner/work/ozone/ozone/hadoop-ozone/integration-test-recon/target/test-dir/MiniOzoneClusterImpl-e405f726-f354-48a5-b90a-334fe627f997/scm/ozone-metadata/webserver
2025-09-11 04:24:28,479 [ForkJoinPool-1-worker-1] INFO  http.HttpServer2 (HttpServer2.java:bindListener(1241)) - Jetty bound to port 15009
2025-09-11 04:24:28,479 [ForkJoinPool-1-worker-1] INFO  server.Server (Server.java:doStart(375)) - jetty-9.4.58.v20250814; built: 2025-08-14T02:28:49.637Z; git: 8f1440587e9e4ae7db3d74cf205643f3d707148d; jvm 21.0.8+9-LTS
2025-09-11 04:24:28,481 [ForkJoinPool-1-worker-1] INFO  server.session (DefaultSessionIdManager.java:doStart(334)) - DefaultSessionIdManager workerName=node0
2025-09-11 04:24:28,481 [ForkJoinPool-1-worker-1] INFO  server.session (DefaultSessionIdManager.java:doStart(339)) - No SessionScavenger set, using defaults
2025-09-11 04:24:28,481 [ForkJoinPool-1-worker-1] INFO  server.session (HouseKeeper.java:startScavenging(132)) - node0 Scavenging every 600000ms
2025-09-11 04:24:28,483 [ForkJoinPool-1-worker-1] INFO  handler.ContextHandler (ContextHandler.java:doStart(921)) - Started o.e.j.s.ServletContextHandler@7c5a74c5{logs,/logs,file:///home/runner/work/ozone/ozone/hadoop-ozone/integration-test-recon/target/log,AVAILABLE}
2025-09-11 04:24:28,483 [ForkJoinPool-1-worker-1] INFO  handler.ContextHandler (ContextHandler.java:doStart(921)) - Started o.e.j.s.ServletContextHandler@5eadd0dd{static,/static,jar:file:/home/runner/work/ozone/ozone/hadoop-ozone/integration-test/target/ozone-integration-test-2.1.0-SNAPSHOT-tests.jar!/webapps/static,AVAILABLE}
2025-09-11 04:24:28,519 [ForkJoinPool-1-worker-1] INFO  handler.ContextHandler (ContextHandler.java:doStart(921)) - Started o.e.j.w.WebAppContext@6b9796d0{ozoneManager,/,file:///home/runner/work/ozone/ozone/hadoop-ozone/integration-test-recon/target/test-dir/MiniOzoneClusterImpl-e405f726-f354-48a5-b90a-334fe627f997/scm/ozone-metadata/webserver/jetty-0_0_0_0-15009-ozone-integration-test-2_1_0-SNAPSHOT-tests_jar-_-any-11132626360247139208/webapp/,AVAILABLE}{jar:file:/home/runner/work/ozone/ozone/hadoop-ozone/integration-test/target/ozone-integration-test-2.1.0-SNAPSHOT-tests.jar!/webapps/ozoneManager}
2025-09-11 04:24:28,520 [ForkJoinPool-1-worker-1] INFO  server.AbstractConnector (AbstractConnector.java:doStart(333)) - Started ServerConnector@1b9c93de{HTTP/1.1, (http/1.1)}{0.0.0.0:15009}
2025-09-11 04:24:28,520 [ForkJoinPool-1-worker-1] INFO  server.Server (Server.java:doStart(415)) - Started @10530ms
2025-09-11 04:24:28,520 [ForkJoinPool-1-worker-1] WARN  impl.MetricsSystemImpl (MetricsSystemImpl.java:register(279)) - Sink prometheus already exists!
2025-09-11 04:24:28,520 [ForkJoinPool-1-worker-1] INFO  http.BaseHttpServer (BaseHttpServer.java:updateConnectorAddress(357)) - HTTP server of ozoneManager listening at http://localhost:15009
2025-09-11 04:24:28,520 [IPC Server Responder] INFO  ipc.Server (Server.java:run(1713)) - IPC Server Responder: starting
2025-09-11 04:24:28,521 [IPC Server listener on 15008] INFO  ipc.Server (Server.java:run(1553)) - IPC Server listener on 15008: starting
2025-09-11 04:24:28,523 [ForkJoinPool-1-worker-1] INFO  om.OzoneManager (OzoneManager.java:startTrashEmptier(2292)) - Trash Interval set to 0. Files deleted won't move to trash
2025-09-11 04:24:28,539 [ForkJoinPool-1-worker-1] INFO  db.CodecBuffer (CodecBuffer.java:set(85)) - Successfully set constructor to LeakDetector::newCodecBuffer: org.apache.hadoop.hdds.utils.db.CodecBuffer$$Lambda/0x00007f18e87ee760@122bf867
2025-09-11 04:24:28,700 [ForkJoinPool-1-worker-1] INFO  recon.ReconServer (HddsServerUtil.java:startupShutdownMessage(679)) - STARTUP_MSG: 
/************************************************************
STARTUP_MSG: Starting ReconServer
STARTUP_MSG:   host = localhost/127.0.0.1
STARTUP_MSG:   args = []
STARTUP_MSG:   version = 2.1.0-SNAPSHOT
STARTUP_MSG:   classpath = /home/runner/work/ozone/ozone/hadoop-ozone/integration-test-recon/target/test-classes:/home/runner/work/ozone/ozone/hadoop-ozone/integration-test-recon/target/classes:/home/runner/.m2/repository/com/fasterxml/jackson/core/jackson-core/2.16.2/jackson-core-2.16.2.jar:/home/runner/.m2/repository/com/fasterxml/jackson/core/jackson-databind/2.16.2/jackson-databind-2.16.2.jar:/home/runner/.m2/repository/com/fasterxml/jackson/core/jackson-annotations/2.16.2/jackson-annotations-2.16.2.jar:/home/runner/.m2/repository/com/google/guava/guava/33.4.8-jre/guava-33.4.8-jre.jar:/home/runner/.m2/repository/com/google/guava/failureaccess/1.0.3/failureaccess-1.0.3.jar:/home/runner/.m2/repository/com/google/guava/listenablefuture/9999.0-empty-to-avoid-conflict-with-guava/listenablefuture-9999.0-empty-to-avoid-conflict-with-guava.jar:/home/runner/.m2/repository/org/jspecify/jspecify/1.0.0/jspecify-1.0.0.jar:/home/runner/.m2/repository/com/google/errorprone/error_prone_annotations/2.29.2/error_prone_annotations-2.29.2.jar:/home/runner/.m2/repository/com/google/j2objc/j2objc-annotations/3.0.0/j2objc-annotations-3.0.0.jar:/home/runner/.m2/repository/commons-io/commons-io/2.18.0/commons-io-2.18.0.jar:/home/runner/.m2/repository/jakarta/ws/rs/jakarta.ws.rs-api/2.1.6/jakarta.ws.rs-api-2.1.6.jar:/home/runner/.m2/repository/org/apache/hadoop/hadoop-common/3.4.1/hadoop-common-3.4.1.jar:/home/runner/.m2/repository/org/apache/hadoop/thirdparty/hadoop-shaded-protobuf_3_25/1.4.0/hadoop-shaded-protobuf_3_25-1.4.0.jar:/home/runner/.m2/repository/org/apache/hadoop/hadoop-annotations/3.4.1/hadoop-annotations-3.4.1.jar:/home/runner/.m2/repository/org/apache/hadoop/thirdparty/hadoop-shaded-guava/1.3.0/hadoop-shaded-guava-1.3.0.jar:/home/runner/.m2/repository/commons-cli/commons-cli/1.8.0/commons-cli-1.8.0.jar:/home/runner/.m2/repository/commons-codec/commons-codec/1.18.0/commons-codec-1.18.0.jar:/home/runner/.m2/repository/commons-net/commons-net/3.11.1/commons-net-3.11.1.jar:/home/runner/.m2/repository/commons-collections/commons-collections/3.2.2/commons-collections-3.2.2.jar:/home/runner/.m2/repository/javax/servlet/javax.servlet-api/3.1.0/javax.servlet-api-3.1.0.jar:/home/runner/.m2/repository/jakarta/activation/jakarta.activation-api/1.2.2/jakarta.activation-api-1.2.2.jar:/home/runner/.m2/repository/org/eclipse/jetty/jetty-server/9.4.58.v20250814/jetty-server-9.4.58.v20250814.jar:/home/runner/.m2/repository/org/eclipse/jetty/jetty-io/9.4.58.v20250814/jetty-io-9.4.58.v20250814.jar:/home/runner/.m2/repository/org/eclipse/jetty/jetty-util/9.4.58.v20250814/jetty-util-9.4.58.v20250814.jar:/home/runner/.m2/repository/org/eclipse/jetty/jetty-servlet/9.4.58.v20250814/jetty-servlet-9.4.58.v20250814.jar:/home/runner/.m2/repository/org/eclipse/jetty/jetty-security/9.4.58.v20250814/jetty-security-9.4.58.v20250814.jar:/home/runner/.m2/repository/org/eclipse/jetty/jetty-util-ajax/9.4.58.v20250814/jetty-util-ajax-9.4.58.v20250814.jar:/home/runner/.m2/repository/org/eclipse/jetty/jetty-webapp/9.4.58.v20250814/jetty-webapp-9.4.58.v20250814.jar:/home/runner/.m2/repository/org/eclipse/jetty/jetty-xml/9.4.58.v20250814/jetty-xml-9.4.58.v20250814.jar:/home/runner/.m2/repository/javax/servlet/jsp/jsp-api/2.1/jsp-api-2.1.jar:/home/runner/.m2/repository/org/codehaus/jettison/jettison/1.5.4/jettison-1.5.4.jar:/home/runner/.m2/repository/commons-beanutils/commons-beanutils/1.11.0/commons-beanutils-1.11.0.jar:/home/runner/.m2/repository/org/apache/commons/commons-configuration2/2.12.0/commons-configuration2-2.12.0.jar:/home/runner/.m2/repository/org/apache/commons/commons-lang3/3.18.0/commons-lang3-3.18.0.jar:/home/runner/.m2/repository/org/apache/commons/commons-text/1.13.1/commons-text-1.13.1.jar:/home/runner/.m2/repository/com/google/re2j/re2j/1.7/re2j-1.7.jar:/home/runner/.m2/repository/com/google/code/gson/gson/2.13.1/gson-2.13.1.jar:/home/runner/.m2/repository/org/apache/hadoop/hadoop-auth/3.4.1/hadoop-auth-3.4.1.jar:/home/runner/.m2/repository/com/jcraft/jsch/0.1.55/jsch-0.1.55.jar:/home/runner/.m2/repository/io/netty/netty-handler/4.1.119.Final/netty-handler-4.1.119.Final.jar:/home/runner/.m2/repository/io/netty/netty-resolver/4.1.119.Final/netty-resolver-4.1.119.Final.jar:/home/runner/.m2/repository/io/netty/netty-buffer/4.1.119.Final/netty-buffer-4.1.119.Final.jar:/home/runner/.m2/repository/io/netty/netty-transport-native-unix-common/4.1.119.Final/netty-transport-native-unix-common-4.1.119.Final.jar:/home/runner/.m2/repository/io/netty/netty-codec/4.1.119.Final/netty-codec-4.1.119.Final.jar:/home/runner/.m2/repository/io/netty/netty-transport-native-epoll/4.1.119.Final/netty-transport-native-epoll-4.1.119.Final.jar:/home/runner/.m2/repository/io/netty/netty-transport-classes-epoll/4.1.119.Final/netty-transport-classes-epoll-4.1.119.Final.jar:/home/runner/.m2/repository/io/dropwizard/metrics/metrics-core/3.2.6/metrics-core-3.2.6.jar:/home/runner/.m2/repository/org/apache/commons/commons-compress/1.27.1/commons-compress-1.27.1.jar:/home/runner/.m2/repository/org/bouncycastle/bcprov-jdk18on/1.81/bcprov-jdk18on-1.81.jar:/home/runner/.m2/repository/org/apache/kerby/kerb-core/1.0.1/kerb-core-1.0.1.jar:/home/runner/.m2/repository/org/apache/kerby/kerby-pkix/1.0.1/kerby-pkix-1.0.1.jar:/home/runner/.m2/repository/org/apache/kerby/kerby-asn1/1.0.1/kerby-asn1-1.0.1.jar:/home/runner/.m2/repository/org/codehaus/woodstox/stax2-api/4.2.1/stax2-api-4.2.1.jar:/home/runner/.m2/repository/com/fasterxml/woodstox/woodstox-core/5.4.0/woodstox-core-5.4.0.jar:/home/runner/.m2/repository/dnsjava/dnsjava/3.6.1/dnsjava-3.6.1.jar:/home/runner/.m2/repository/org/apache/hadoop/hadoop-hdfs-client/3.4.1/hadoop-hdfs-client-3.4.1.jar:/home/runner/.m2/repository/org/apache/httpcomponents/httpclient/4.5.14/httpclient-4.5.14.jar:/home/runner/.m2/repository/org/apache/httpcomponents/httpcore/4.4.16/httpcore-4.4.16.jar:/home/runner/work/ozone/ozone/hadoop-hdds/client/target/hdds-client-2.1.0-SNAPSHOT.jar:/home/runner/.m2/repository/io/opentracing/opentracing-api/0.33.0/opentracing-api-0.33.0.jar:/home/runner/.m2/repository/io/opentracing/opentracing-util/0.33.0/opentracing-util-0.33.0.jar:/home/runner/.m2/repository/io/opentracing/opentracing-noop/0.33.0/opentracing-noop-0.33.0.jar:/home/runner/.m2/repository/jakarta/annotation/jakarta.annotation-api/2.1.1/jakarta.annotation-api-2.1.1.jar:/home/runner/work/ozone/ozone/hadoop-hdds/erasurecode/target/hdds-erasurecode-2.1.0-SNAPSHOT.jar:/home/runner/.m2/repository/org/apache/ratis/ratis-client/3.2.0/ratis-client-3.2.0.jar:/home/runner/.m2/repository/org/apache/ratis/ratis-grpc/3.2.0/ratis-grpc-3.2.0.jar:/home/runner/.m2/repository/org/apache/ratis/ratis-proto/3.2.0/ratis-proto-3.2.0.jar:/home/runner/.m2/repository/org/apache/ratis/ratis-thirdparty-misc/1.0.9/ratis-thirdparty-misc-1.0.9.jar:/home/runner/work/ozone/ozone/hadoop-hdds/common/target/hdds-common-2.1.0-SNAPSHOT.jar:/home/runner/.m2/repository/com/fasterxml/jackson/datatype/jackson-datatype-jsr310/2.16.2/jackson-datatype-jsr310-2.16.2.jar:/home/runner/.m2/repository/com/github/stephenc/jcip/jcip-annotations/1.0-1/jcip-annotations-1.0-1.jar:/home/runner/.m2/repository/com/google/protobuf/protobuf-java/2.5.0/protobuf-java-2.5.0.jar:/home/runner/.m2/repository/commons-validator/commons-validator/1.6/commons-validator-1.6.jar:/home/runner/.m2/repository/commons-digester/commons-digester/1.8.1/commons-digester-1.8.1.jar:/home/runner/.m2/repository/info/picocli/picocli/4.7.7/picocli-4.7.7.jar:/home/runner/.m2/repository/io/jaegertracing/jaeger-core/1.8.1/jaeger-core-1.8.1.jar:/home/runner/.m2/repository/jakarta/xml/bind/jakarta.xml.bind-api/2.3.3/jakarta.xml.bind-api-2.3.3.jar:/home/runner/.m2/repository/org/apache/commons/commons-collections4/4.4/commons-collections4-4.4.jar:/home/runner/work/ozone/ozone/hadoop-hdds/interface-admin/target/hdds-interface-admin-2.1.0-SNAPSHOT.jar:/home/runner/.m2/repository/org/apache/ratis/ratis-netty/3.2.0/ratis-netty-3.2.0.jar:/home/runner/.m2/repository/org/apache/ratis/ratis-server-api/3.2.0/ratis-server-api-3.2.0.jar:/home/runner/.m2/repository/org/bouncycastle/bcpkix-jdk18on/1.81/bcpkix-jdk18on-1.81.jar:/home/runner/.m2/repository/org/bouncycastle/bcutil-jdk18on/1.81/bcutil-jdk18on-1.81.jar:/home/runner/.m2/repository/org/yaml/snakeyaml/2.0/snakeyaml-2.0.jar:/home/runner/.m2/repository/io/jaegertracing/jaeger-client/1.8.1/jaeger-client-1.8.1.jar:/home/runner/.m2/repository/io/jaegertracing/jaeger-thrift/1.8.1/jaeger-thrift-1.8.1.jar:/home/runner/.m2/repository/org/apache/thrift/libthrift/0.15.0/libthrift-0.15.0.jar:/home/runner/.m2/repository/com/squareup/okhttp3/okhttp/4.12.0/okhttp-4.12.0.jar:/home/runner/.m2/repository/com/squareup/okio/okio/3.6.0/okio-3.6.0.jar:/home/runner/.m2/repository/com/squareup/okio/okio-jvm/3.6.0/okio-jvm-3.6.0.jar:/home/runner/.m2/repository/org/jetbrains/kotlin/kotlin-stdlib-common/1.9.25/kotlin-stdlib-common-1.9.25.jar:/home/runner/.m2/repository/org/jetbrains/kotlin/kotlin-stdlib-jdk8/1.9.25/kotlin-stdlib-jdk8-1.9.25.jar:/home/runner/.m2/repository/org/jetbrains/kotlin/kotlin-stdlib/1.9.25/kotlin-stdlib-1.9.25.jar:/home/runner/.m2/repository/org/jetbrains/annotations/13.0/annotations-13.0.jar:/home/runner/.m2/repository/org/jetbrains/kotlin/kotlin-stdlib-jdk7/1.9.25/kotlin-stdlib-jdk7-1.9.25.jar:/home/runner/.m2/repository/io/jaegertracing/jaeger-tracerresolver/1.8.1/jaeger-tracerresolver-1.8.1.jar:/home/runner/.m2/repository/io/opentracing/contrib/opentracing-tracerresolver/0.1.8/opentracing-tracerresolver-0.1.8.jar:/home/runner/.m2/repository/org/apache/ratis/ratis-metrics-dropwizard3/3.2.0/ratis-metrics-dropwizard3-3.2.0.jar:/home/runner/.m2/repository/org/slf4j/jcl-over-slf4j/2.0.17/jcl-over-slf4j-2.0.17.jar:/home/runner/.m2/repository/org/slf4j/slf4j-reload4j/2.0.17/slf4j-reload4j-2.0.17.jar:/home/runner/work/ozone/ozone/hadoop-hdds/common/target/hdds-common-2.1.0-SNAPSHOT-tests.jar:/home/runner/work/ozone/ozone/hadoop-hdds/config/target/hdds-config-2.1.0-SNAPSHOT.jar:/home/runner/work/ozone/ozone/hadoop-hdds/interface-client/target/hdds-interface-client-2.1.0-SNAPSHOT.jar:/home/runner/work/ozone/ozone/hadoop-hdds/framework/target/hdds-server-framework-2.1.0-SNAPSHOT.jar:/home/runner/.m2/repository/ch/qos/reload4j/reload4j/1.2.26/reload4j-1.2.26.jar:/home/runner/.m2/repository/com/github/jnr/jnr-constants/0.10.4/jnr-constants-0.10.4.jar:/home/runner/.m2/repository/com/github/jnr/jnr-posix/3.1.20/jnr-posix-3.1.20.jar:/home/runner/.m2/repository/com/github/jnr/jnr-ffi/2.2.17/jnr-ffi-2.2.17.jar:/home/runner/.m2/repository/com/github/jnr/jffi/1.3.13/jffi-1.3.13.jar:/home/runner/.m2/repository/com/github/jnr/jffi/1.3.13/jffi-1.3.13-native.jar:/home/runner/.m2/repository/org/ow2/asm/asm/9.7.1/asm-9.7.1.jar:/home/runner/.m2/repository/org/ow2/asm/asm-commons/9.7.1/asm-commons-9.7.1.jar:/home/runner/.m2/repository/org/ow2/asm/asm-analysis/9.7.1/asm-analysis-9.7.1.jar:/home/runner/.m2/repository/org/ow2/asm/asm-tree/9.7.1/asm-tree-9.7.1.jar:/home/runner/.m2/repository/org/ow2/asm/asm-util/9.7.1/asm-util-9.7.1.jar:/home/runner/.m2/repository/com/github/jnr/jnr-a64asm/1.0.0/jnr-a64asm-1.0.0.jar:/home/runner/.m2/repository/com/github/jnr/jnr-x86asm/1.0.2/jnr-x86asm-1.0.2.jar:/home/runner/.m2/repository/commons-fileupload/commons-fileupload/1.6.0/commons-fileupload-1.6.0.jar:/home/runner/.m2/repository/io/grpc/grpc-api/1.71.0/grpc-api-1.71.0.jar:/home/runner/.m2/repository/io/prometheus/simpleclient/0.16.0/simpleclient-0.16.0.jar:/home/runner/.m2/repository/io/prometheus/simpleclient_common/0.16.0/simpleclient_common-0.16.0.jar:/home/runner/.m2/repository/io/prometheus/simpleclient_dropwizard/0.16.0/simpleclient_dropwizard-0.16.0.jar:/home/runner/.m2/repository/org/apache/logging/log4j/log4j-api/2.25.0/log4j-api-2.25.0.jar:/home/runner/work/ozone/ozone/hadoop-hdds/interface-server/target/hdds-interface-server-2.1.0-SNAPSHOT.jar:/home/runner/work/ozone/ozone/hadoop-hdds/managed-rocksdb/target/hdds-managed-rocksdb-2.1.0-SNAPSHOT.jar:/home/runner/work/ozone/ozone/hadoop-hdds/rocksdb-checkpoint-differ/target/rocksdb-checkpoint-differ-2.1.0-SNAPSHOT.jar:/home/runner/.m2/repository/org/apache/ratis/ratis-metrics-api/3.2.0/ratis-metrics-api-3.2.0.jar:/home/runner/.m2/repository/org/eclipse/jetty/jetty-http/9.4.58.v20250814/jetty-http-9.4.58.v20250814.jar:/home/runner/.m2/repository/org/glassfish/jersey/containers/jersey-container-servlet-core/2.47/jersey-container-servlet-core-2.47.jar:/home/runner/.m2/repository/org/glassfish/jersey/core/jersey-server/2.47/jersey-server-2.47.jar:/home/runner/.m2/repository/org/glassfish/jersey/core/jersey-client/2.47/jersey-client-2.47.jar:/home/runner/.m2/repository/org/reflections/reflections/0.10.2/reflections-0.10.2.jar:/home/runner/.m2/repository/org/javassist/javassist/3.30.2-GA/javassist-3.30.2-GA.jar:/home/runner/.m2/repository/org/rocksdb/rocksdbjni/7.7.3/rocksdbjni-7.7.3.jar:/home/runner/.m2/repository/com/lmax/disruptor/3.4.4/disruptor-3.4.4.jar:/home/runner/.m2/repository/com/nimbusds/nimbus-jose-jwt/10.4/nimbus-jose-jwt-10.4.jar:/home/runner/.m2/repository/log4j/apache-log4j-extras/1.2.17/apache-log4j-extras-1.2.17.jar:/home/runner/.m2/repository/org/apache/kerby/kerb-util/1.0.1/kerb-util-1.0.1.jar:/home/runner/.m2/repository/org/apache/kerby/kerby-config/1.0.1/kerby-config-1.0.1.jar:/home/runner/.m2/repository/org/apache/kerby/kerb-crypto/1.0.1/kerb-crypto-1.0.1.jar:/home/runner/.m2/repository/org/apache/logging/log4j/log4j-core/2.25.0/log4j-core-2.25.0.jar:/home/runner/.m2/repository/org/xerial/snappy/snappy-java/1.1.10.8/snappy-java-1.1.10.8.jar:/home/runner/work/ozone/ozone/hadoop-hdds/server-scm/target/hdds-server-scm-2.1.0-SNAPSHOT.jar:/home/runner/work/ozone/ozone/hadoop-hdds/container-service/target/hdds-container-service-2.1.0-SNAPSHOT.jar:/home/runner/.m2/repository/org/apache/hadoop/hadoop-hdfs/3.4.1/hadoop-hdfs-3.4.1.jar:/home/runner/.m2/repository/commons-daemon/commons-daemon/1.4.0/commons-daemon-1.4.0.jar:/home/runner/.m2/repository/com/github/luben/zstd-jni/1.5.7-4/zstd-jni-1.5.7-4.jar:/home/runner/.m2/repository/org/glassfish/jaxb/jaxb-runtime/2.3.9/jaxb-runtime-2.3.9.jar:/home/runner/.m2/repository/org/glassfish/jaxb/txw2/2.3.9/txw2-2.3.9.jar:/home/runner/.m2/repository/com/sun/istack/istack-commons-runtime/3.0.12/istack-commons-runtime-3.0.12.jar:/home/runner/.m2/repository/com/sun/activation/jakarta.activation/1.2.2/jakarta.activation-1.2.2.jar:/home/runner/.m2/repository/org/apache/ratis/ratis-server/3.2.0/ratis-server-3.2.0.jar:/home/runner/work/ozone/ozone/hadoop-hdds/server-scm/target/hdds-server-scm-2.1.0-SNAPSHOT-tests.jar:/home/runner/work/ozone/ozone/hadoop-hdds/test-utils/target/hdds-test-utils-2.1.0-SNAPSHOT-tests.jar:/home/runner/work/ozone/ozone/hadoop-ozone/cli-admin/target/ozone-cli-admin-2.1.0-SNAPSHOT.jar:/home/runner/work/ozone/ozone/hadoop-ozone/cli-shell/target/ozone-cli-shell-2.1.0-SNAPSHOT.jar:/home/runner/.m2/repository/info/picocli/picocli-shell-jline3/4.7.7/picocli-shell-jline3-4.7.7.jar:/home/runner/.m2/repository/org/jline/jline/3.30.5/jline-3.30.5.jar:/home/runner/work/ozone/ozone/hadoop-ozone/ozonefs/target/ozone-filesystem-2.1.0-SNAPSHOT.jar:/home/runner/work/ozone/ozone/hadoop-ozone/ozonefs-common/target/ozone-filesystem-common-2.1.0-SNAPSHOT.jar:/home/runner/work/ozone/ozone/hadoop-ozone/interface-client/target/ozone-interface-client-2.1.0-SNAPSHOT.jar:/home/runner/.m2/repository/io/grpc/grpc-protobuf/1.71.0/grpc-protobuf-1.71.0.jar:/home/runner/.m2/repository/com/google/api/grpc/proto-google-common-protos/2.51.0/proto-google-common-protos-2.51.0.jar:/home/runner/.m2/repository/io/grpc/grpc-protobuf-lite/1.71.0/grpc-protobuf-lite-1.71.0.jar:/home/runner/work/ozone/ozone/hadoop-ozone/client/target/ozone-client-2.1.0-SNAPSHOT.jar:/home/runner/work/ozone/ozone/hadoop-ozone/common/target/ozone-common-2.1.0-SNAPSHOT.jar:/home/runner/.m2/repository/io/grpc/grpc-netty/1.71.0/grpc-netty-1.71.0.jar:/home/runner/.m2/repository/org/codehaus/mojo/animal-sniffer-annotations/1.24/animal-sniffer-annotations-1.24.jar:/home/runner/.m2/repository/io/grpc/grpc-core/1.71.0/grpc-core-1.71.0.jar:/home/runner/.m2/repository/com/google/android/annotations/4.1.1.4/annotations-4.1.1.4.jar:/home/runner/.m2/repository/io/grpc/grpc-context/1.71.0/grpc-context-1.71.0.jar:/home/runner/.m2/repository/io/perfmark/perfmark-api/0.27.0/perfmark-api-0.27.0.jar:/home/runner/.m2/repository/io/grpc/grpc-util/1.71.0/grpc-util-1.71.0.jar:/home/runner/.m2/repository/io/netty/netty-common/4.1.119.Final/netty-common-4.1.119.Final.jar:/home/runner/.m2/repository/io/netty/netty-codec-http2/4.1.119.Final/netty-codec-http2-4.1.119.Final.jar:/home/runner/.m2/repository/io/netty/netty-codec-http/4.1.119.Final/netty-codec-http-4.1.119.Final.jar:/home/runner/.m2/repository/io/netty/netty-handler-proxy/4.1.119.Final/netty-handler-proxy-4.1.119.Final.jar:/home/runner/.m2/repository/io/netty/netty-codec-socks/4.1.119.Final/netty-codec-socks-4.1.119.Final.jar:/home/runner/.m2/repository/io/netty/netty-tcnative-boringssl-static/2.0.70.Final/netty-tcnative-boringssl-static-2.0.70.Final.jar:/home/runner/.m2/repository/io/netty/netty-tcnative-classes/2.0.70.Final/netty-tcnative-classes-2.0.70.Final.jar:/home/runner/.m2/repository/io/netty/netty-tcnative-boringssl-static/2.0.70.Final/netty-tcnative-boringssl-static-2.0.70.Final-linux-x86_64.jar:/home/runner/.m2/repository/io/netty/netty-tcnative-boringssl-static/2.0.70.Final/netty-tcnative-boringssl-static-2.0.70.Final-linux-aarch_64.jar:/home/runner/.m2/repository/io/netty/netty-tcnative-boringssl-static/2.0.70.Final/netty-tcnative-boringssl-static-2.0.70.Final-osx-x86_64.jar:/home/runner/.m2/repository/io/netty/netty-tcnative-boringssl-static/2.0.70.Final/netty-tcnative-boringssl-static-2.0.70.Final-osx-aarch_64.jar:/home/runner/.m2/repository/io/netty/netty-tcnative-boringssl-static/2.0.70.Final/netty-tcnative-boringssl-static-2.0.70.Final-windows-x86_64.jar:/home/runner/work/ozone/ozone/hadoop-ozone/integration-test/target/ozone-integration-test-2.1.0-SNAPSHOT-tests.jar:/home/runner/work/ozone/ozone/hadoop-ozone/interface-storage/target/ozone-interface-storage-2.1.0-SNAPSHOT.jar:/home/runner/work/ozone/ozone/hadoop-ozone/ozone-manager/target/ozone-manager-2.1.0-SNAPSHOT.jar:/home/runner/.m2/repository/io/grpc/grpc-stub/1.71.0/grpc-stub-1.71.0.jar:/home/runner/.m2/repository/io/netty/netty-transport/4.1.119.Final/netty-transport-4.1.119.Final.jar:/home/runner/.m2/repository/org/apache/commons/commons-pool2/2.12.1/commons-pool2-2.12.1.jar:/home/runner/.m2/repository/org/apache/kerby/kerby-util/1.0.1/kerby-util-1.0.1.jar:/home/runner/work/ozone/ozone/hadoop-hdds/rocks-native/target/hdds-rocks-native-2.1.0-SNAPSHOT.jar:/home/runner/.m2/repository/org/apache/ranger/ranger-intg/2.6.0/ranger-intg-2.6.0.jar:/home/runner/.m2/repository/org/apache/ranger/ranger-plugins-common/2.6.0/ranger-plugins-common-2.6.0.jar:/home/runner/.m2/repository/com/fasterxml/jackson/jaxrs/jackson-jaxrs-base/2.16.2/jackson-jaxrs-base-2.16.2.jar:/home/runner/.m2/repository/com/fasterxml/jackson/jaxrs/jackson-jaxrs-json-provider/2.16.2/jackson-jaxrs-json-provider-2.16.2.jar:/home/runner/.m2/repository/com/kstruct/gethostname4j/1.0.0/gethostname4j-1.0.0.jar:/home/runner/.m2/repository/commons-lang/commons-lang/2.6/commons-lang-2.6.jar:/home/runner/.m2/repository/net/java/dev/jna/jna/5.2.0/jna-5.2.0.jar:/home/runner/.m2/repository/net/java/dev/jna/jna-platform/5.2.0/jna-platform-5.2.0.jar:/home/runner/.m2/repository/org/apache/ranger/ranger-plugin-classloader/2.6.0/ranger-plugin-classloader-2.6.0.jar:/home/runner/.m2/repository/org/apache/ranger/ranger-plugins-audit/2.6.0/ranger-plugins-audit-2.6.0.jar:/home/runner/.m2/repository/com/amazonaws/aws-java-sdk-logs/1.12.765/aws-java-sdk-logs-1.12.765.jar:/home/runner/.m2/repository/com/amazonaws/aws-java-sdk-core/1.12.788/aws-java-sdk-core-1.12.788.jar:/home/runner/.m2/repository/com/fasterxml/jackson/dataformat/jackson-dataformat-cbor/2.16.2/jackson-dataformat-cbor-2.16.2.jar:/home/runner/.m2/repository/com/amazonaws/jmespath-java/1.12.765/jmespath-java-1.12.765.jar:/home/runner/.m2/repository/com/carrotsearch/hppc/0.8.0/hppc-0.8.0.jar:/home/runner/.m2/repository/io/airlift/aircompressor/0.27/aircompressor-0.27.jar:/home/runner/.m2/repository/joda-time/joda-time/2.12.7/joda-time-2.12.7.jar:/home/runner/.m2/repository/org/apache/httpcomponents/httpasyncclient/4.1.4/httpasyncclient-4.1.4.jar:/home/runner/.m2/repository/org/apache/httpcomponents/httpcore-nio/4.4.16/httpcore-nio-4.4.16.jar:/home/runner/.m2/repository/org/apache/httpcomponents/httpmime/4.5.13/httpmime-4.5.13.jar:/home/runner/.m2/repository/org/apache/orc/orc-core/1.5.8/orc-core-1.5.8.jar:/home/runner/.m2/repository/org/apache/orc/orc-shims/1.5.8/orc-shims-1.5.8.jar:/home/runner/.m2/repository/org/eclipse/jetty/jetty-client/9.4.58.v20250814/jetty-client-9.4.58.v20250814.jar:/home/runner/.m2/repository/org/apache/ranger/ranger-plugins-cred/2.6.0/ranger-plugins-cred-2.6.0.jar:/home/runner/.m2/repository/org/aspectj/aspectjrt/1.9.7/aspectjrt-1.9.7.jar:/home/runner/work/ozone/ozone/hadoop-ozone/ozone-manager/target/ozone-manager-2.1.0-SNAPSHOT-tests.jar:/home/runner/work/ozone/ozone/hadoop-ozone/mini-cluster/target/ozone-mini-cluster-2.1.0-SNAPSHOT.jar:/home/runner/work/ozone/ozone/hadoop-ozone/recon/target/ozone-recon-2.1.0-SNAPSHOT.jar:/home/runner/.m2/repository/aopalliance/aopalliance/1.0/aopalliance-1.0.jar:/home/runner/.m2/repository/com/google/inject/guice/6.0.0/guice-6.0.0.jar:/home/runner/.m2/repository/jakarta/inject/jakarta.inject-api/2.0.1/jakarta.inject-api-2.0.1.jar:/home/runner/.m2/repository/com/google/inject/extensions/guice-servlet/6.0.0/guice-servlet-6.0.0.jar:/home/runner/.m2/repository/com/jolbox/bonecp/0.8.0.RELEASE/bonecp-0.8.0.RELEASE.jar:/home/runner/.m2/repository/jakarta/validation/jakarta.validation-api/2.0.2/jakarta.validation-api-2.0.2.jar:/home/runner/.m2/repository/javax/annotation/javax.annotation-api/1.3.2/javax.annotation-api-1.3.2.jar:/home/runner/.m2/repository/javax/inject/javax.inject/1/javax.inject-1.jar:/home/runner/.m2/repository/org/apache/derby/derby/10.14.2.0/derby-10.14.2.0.jar:/home/runner/.m2/repository/org/glassfish/hk2/guice-bridge/2.6.1/guice-bridge-2.6.1.jar:/home/runner/.m2/repository/org/glassfish/hk2/hk2-api/2.6.1/hk2-api-2.6.1.jar:/home/runner/.m2/repository/org/glassfish/hk2/hk2-utils/2.6.1/hk2-utils-2.6.1.jar:/home/runner/.m2/repository/org/glassfish/hk2/external/aopalliance-repackaged/2.6.1/aopalliance-repackaged-2.6.1.jar:/home/runner/.m2/repository/org/glassfish/jersey/core/jersey-common/2.47/jersey-common-2.47.jar:/home/runner/.m2/repository/org/glassfish/hk2/osgi-resource-locator/1.0.3/osgi-resource-locator-1.0.3.jar:/home/runner/.m2/repository/org/jooq/jooq/3.11.10/jooq-3.11.10.jar:/home/runner/.m2/repository/org/springframework/spring-core/5.3.39/spring-core-5.3.39.jar:/home/runner/.m2/repository/org/springframework/spring-jdbc/5.3.39/spring-jdbc-5.3.39.jar:/home/runner/.m2/repository/org/springframework/spring-beans/5.3.39/spring-beans-5.3.39.jar:/home/runner/.m2/repository/org/springframework/spring-tx/5.3.39/spring-tx-5.3.39.jar:/home/runner/.m2/repository/org/xerial/sqlite-jdbc/3.50.3.0/sqlite-jdbc-3.50.3.0.jar:/home/runner/.m2/repository/com/google/inject/extensions/guice-assistedinject/6.0.0/guice-assistedinject-6.0.0.jar:/home/runner/.m2/repository/org/glassfish/hk2/external/jakarta.inject/2.6.1/jakarta.inject-2.6.1.jar:/home/runner/.m2/repository/org/glassfish/jersey/inject/jersey-hk2/2.47/jersey-hk2-2.47.jar:/home/runner/.m2/repository/org/glassfish/hk2/hk2-locator/2.6.1/hk2-locator-2.6.1.jar:/home/runner/.m2/repository/org/glassfish/jersey/media/jersey-media-jaxb/2.47/jersey-media-jaxb-2.47.jar:/home/runner/.m2/repository/org/glassfish/jersey/media/jersey-media-json-jackson/2.47/jersey-media-json-jackson-2.47.jar:/home/runner/.m2/repository/org/glassfish/jersey/ext/jersey-entity-filtering/2.47/jersey-entity-filtering-2.47.jar:/home/runner/.m2/repository/com/fasterxml/jackson/module/jackson-module-jaxb-annotations/2.16.2/jackson-module-jaxb-annotations-2.16.2.jar:/home/runner/work/ozone/ozone/hadoop-ozone/recon-codegen/target/ozone-reconcodegen-2.1.0-SNAPSHOT.jar:/home/runner/.m2/repository/org/jooq/jooq-codegen/3.11.10/jooq-codegen-3.11.10.jar:/home/runner/.m2/repository/org/jooq/jooq-meta/3.11.10/jooq-meta-3.11.10.jar:/home/runner/.m2/repository/org/apache/ratis/ratis-common/3.2.0/ratis-common-3.2.0.jar:/home/runner/.m2/repository/org/apache/ratis/ratis-server/3.2.0/ratis-server-3.2.0-tests.jar:/home/runner/.m2/repository/org/slf4j/slf4j-api/2.0.17/slf4j-api-2.0.17.jar:/home/runner/.m2/repository/org/assertj/assertj-core/3.27.4/assertj-core-3.27.4.jar:/home/runner/.m2/repository/net/bytebuddy/byte-buddy/1.15.11/byte-buddy-1.15.11.jar:/home/runner/.m2/repository/org/junit/jupiter/junit-jupiter-api/5.13.4/junit-jupiter-api-5.13.4.jar:/home/runner/.m2/repository/org/opentest4j/opentest4j/1.3.0/opentest4j-1.3.0.jar:/home/runner/.m2/repository/org/junit/platform/junit-platform-commons/1.13.4/junit-platform-commons-1.13.4.jar:/home/runner/.m2/repository/org/apiguardian/apiguardian-api/1.1.2/apiguardian-api-1.1.2.jar:/home/runner/.m2/repository/org/junit/jupiter/junit-jupiter-params/5.13.4/junit-jupiter-params-5.13.4.jar:/home/runner/.m2/repository/org/mockito/mockito-core/4.11.0/mockito-core-4.11.0.jar:/home/runner/.m2/repository/net/bytebuddy/byte-buddy-agent/1.12.19/byte-buddy-agent-1.12.19.jar:/home/runner/.m2/repository/org/objenesis/objenesis/3.3/objenesis-3.3.jar:/home/runner/.m2/repository/org/mockito/mockito-inline/4.11.0/mockito-inline-4.11.0.jar:/home/runner/.m2/repository/org/mockito/mockito-junit-jupiter/4.11.0/mockito-junit-jupiter-4.11.0.jar:/home/runner/work/ozone/ozone/hadoop-ozone/integration-test-recon/target/gradle-enterprise/test-listeners.jar:
STARTUP_MSG:   build = https://github.com/apache/ozone/d89c6ad82445e64b413aade98f06d9e8e514b100
STARTUP_MSG:   java = 21.0.8
STARTUP_MSG:   conf = {hadoop.hdds.db.rocksdb.WAL_size_limit_MB=0MB, hadoop.hdds.db.rocksdb.WAL_ttl_seconds=1200, hadoop.hdds.db.rocksdb.keep.log.file.num=10, hadoop.hdds.db.rocksdb.logging.enabled=false, hadoop.hdds.db.rocksdb.logging.level=INFO, hadoop.hdds.db.rocksdb.max.log.file.size=100MB, hadoop.hdds.db.rocksdb.writeoption.sync=false, hdds.block.token.enabled=false, hdds.block.token.expiry.time=1d, hdds.command.status.report.interval=30s, hdds.container.action.max.limit=20, hdds.container.balancer.balancing.iteration.interval=70m, hdds.container.balancer.datanodes.involved.max.percentage.per.iteration=20, hdds.container.balancer.iterations=10, hdds.container.balancer.move.networkTopology.enable=false, hdds.container.balancer.move.replication.timeout=50m, hdds.container.balancer.move.timeout=65m, hdds.container.balancer.size.entering.target.max=26GB, hdds.container.balancer.size.leaving.source.max=26GB, hdds.container.balancer.size.moved.max.per.iteration=500GB, hdds.container.balancer.trigger.du.before.move.enable=false, hdds.container.balancer.utilization.threshold=10, hdds.container.checksum.verification.enabled=true, hdds.container.chunk.write.sync=false, hdds.container.close.threshold=0.9f, hdds.container.ipc.port=9859, hdds.container.ipc.random.port=false, hdds.container.ratis.admin.port=9857, hdds.container.ratis.datastream.enabled=true, hdds.container.ratis.datastream.port=9855, hdds.container.ratis.datastream.random.port=false, hdds.container.ratis.enabled=false, hdds.container.ratis.ipc.port=9858, hdds.container.ratis.ipc.random.port=false, hdds.container.ratis.leader.pending.bytes.limit=1GB, hdds.container.ratis.log.appender.queue.byte-limit=32MB, hdds.container.ratis.log.appender.queue.num-elements=1024, hdds.container.ratis.log.purge.gap=1000000, hdds.container.ratis.log.queue.byte-limit=4GB, hdds.container.ratis.log.queue.num-elements=1024, hdds.container.ratis.num.container.op.executors=10, hdds.container.ratis.num.write.chunk.threads.per.volume=4, hdds.container.ratis.rpc.type=GRPC, hdds.container.ratis.segment.preallocated.size=4MB, hdds.container.ratis.segment.size=64MB, hdds.container.ratis.server.port=9856, hdds.container.ratis.statemachine.max.pending.apply-transactions=100000, hdds.container.ratis.statemachine.write.wait.interval=10m, hdds.container.ratis.statemachinedata.sync.timeout=10s, hdds.container.replication.compression=NO_COMPRESSION, hdds.container.report.interval=60m, hdds.container.scrub.data.scan.interval=7d, hdds.container.scrub.dev.data.scan.enabled=true, hdds.container.scrub.dev.metadata.scan.enabled=true, hdds.container.scrub.enabled=true, hdds.container.scrub.metadata.scan.interval=3h, hdds.container.scrub.min.gap=15m, hdds.container.scrub.on.demand.volume.bytes.per.second=5242880, hdds.container.scrub.volume.bytes.per.second=5242880, hdds.container.token.enabled=false, hdds.datanode.block.delete.command.worker.interval=2s, hdds.datanode.block.delete.max.lock.wait.timeout=100ms, hdds.datanode.block.delete.queue.limit=5, hdds.datanode.block.delete.threads.max=5, hdds.datanode.block.deleting.limit.per.interval=20000, hdds.datanode.block.deleting.max.lock.holding.time=1s, hdds.datanode.block.deleting.service.interval=60s, hdds.datanode.check.empty.container.dir.on.delete=false, hdds.datanode.chunk.data.validation.check=false, hdds.datanode.client.bind.host=0.0.0.0, hdds.datanode.client.port=19864, hdds.datanode.command.queue.limit=5000, hdds.datanode.container.checksum.lock.stripes=127, hdds.datanode.container.client.cache.size=100, hdds.datanode.container.client.cache.stale.threshold=10000, hdds.datanode.container.close.threads.max=3, hdds.datanode.container.delete.threads.max=2, hdds.datanode.container.schema.v3.enabled=true, hdds.datanode.container.schema.v3.key.separator=|, hdds.datanode.delete.container.timeout=60s, hdds.datanode.df.refresh.period=5m, hdds.datanode.dir=file:///home/runner/work/ozone/ozone/hadoop-ozone/integration-test-recon/target/tmp/dfs/data, hdds.datanode.disk.check.io.failures.tolerated=1, hdds.datanode.disk.check.io.file.size=100B, hdds.datanode.disk.check.io.test.count=3, hdds.datanode.disk.check.min.gap=10m, hdds.datanode.disk.check.timeout=10m, hdds.datanode.dns.interface=default, hdds.datanode.dns.nameserver=default, hdds.datanode.du.refresh.period=1h, hdds.datanode.failed.data.volumes.tolerated=-1, hdds.datanode.failed.db.volumes.tolerated=-1, hdds.datanode.failed.metadata.volumes.tolerated=-1, hdds.datanode.handler.count=10, hdds.datanode.http-address=0.0.0.0:9882, hdds.datanode.http-bind-host=0.0.0.0, hdds.datanode.http.auth.kerberos.keytab=/etc/security/keytabs/HTTP.keytab, hdds.datanode.http.auth.kerberos.principal=HTTP/_HOST@REALM, hdds.datanode.http.auth.type=simple, hdds.datanode.http.enabled=true, hdds.datanode.https-address=0.0.0.0:9883, hdds.datanode.https-bind-host=0.0.0.0, hdds.datanode.metadata.rocksdb.cache.size=1GB, hdds.datanode.periodic.disk.check.interval.minutes=60, hdds.datanode.ratis.server.request.timeout=2m, hdds.datanode.read.chunk.threads.per.volume=10, hdds.datanode.read.threadpool=10, hdds.datanode.recovering.container.scrubbing.service.interval=1m, hdds.datanode.replication.outofservice.limit.factor=2.0, hdds.datanode.replication.port=9886, hdds.datanode.replication.queue.limit=4096, hdds.datanode.replication.streams.limit=10, hdds.datanode.rocksdb.auto-compaction-small-sst-file=true, hdds.datanode.rocksdb.auto-compaction-small-sst-file-num-threshold=512, hdds.datanode.rocksdb.auto-compaction-small-sst-file-size-threshold=1MB, hdds.datanode.rocksdb.auto-compaction-small-sst-file.interval.minutes=120, hdds.datanode.rocksdb.auto-compaction-small-sst-file.threads=1, hdds.datanode.rocksdb.delete-obsolete-files-period=1h, hdds.datanode.rocksdb.log.level=INFO, hdds.datanode.rocksdb.log.max-file-num=64, hdds.datanode.rocksdb.log.max-file-size=32MB, hdds.datanode.rocksdb.max-open-files=1024, hdds.datanode.slow.op.warning.threshold=500ms, hdds.datanode.storage.utilization.critical.threshold=0.95, hdds.datanode.storage.utilization.warning.threshold=0.75, hdds.datanode.use.datanode.hostname=false, hdds.datanode.volume.choosing.policy=org.apache.hadoop.ozone.container.common.volume.CapacityVolumeChoosingPolicy, hdds.datanode.volume.min.free.space=5GB, hdds.datanode.volume.min.free.space.percent=0.001, hdds.datanode.wait.on.all.followers=false, hdds.db.profile=DISK, hdds.grpc.tls.enabled=false, hdds.grpc.tls.provider=OPENSSL, hdds.heartbeat.initial-interval=2s, hdds.heartbeat.interval=1s, hdds.heartbeat.recon.initial-interval=60s, hdds.heartbeat.recon.interval=60s, hdds.key.algo=RSA, hdds.key.dir.name=keys, hdds.key.len=2048, hdds.node.report.interval=60000ms, hdds.pipeline.action.max.limit=20, hdds.pipeline.report.interval=60000ms, hdds.priv.key.file.name=private.pem, hdds.profiler.endpoint.enabled=false, hdds.prometheus.endpoint.enabled=true, hdds.public.key.file.name=public.pem, hdds.ratis.client.exponential.backoff.base.sleep=4s, hdds.ratis.client.exponential.backoff.max.retries=2147483647, hdds.ratis.client.exponential.backoff.max.sleep=40s, hdds.ratis.client.multilinear.random.retry.policy=5s, 5, 10s, 5, 15s, 5, 20s, 5, 25s, 5, 60s, 10, hdds.ratis.client.request.watch.timeout=3m, hdds.ratis.client.request.watch.type=ALL_COMMITTED, hdds.ratis.client.request.write.timeout=5m, hdds.ratis.client.retry.policy=org.apache.hadoop.hdds.ratis.retrypolicy.RequestTypeDependentRetryPolicyCreator, hdds.ratis.client.retrylimited.max.retries=180, hdds.ratis.client.retrylimited.retry.interval=1s, hdds.ratis.leader.election.minimum.timeout.duration=5s, hdds.ratis.raft.client.async.outstanding-requests.max=32, hdds.ratis.raft.client.rpc.request.timeout=60s, hdds.ratis.raft.client.rpc.watch.request.timeout=180s, hdds.ratis.raft.grpc.flow.control.window=5MB, hdds.ratis.raft.server.datastream.client.pool.size=10, hdds.ratis.raft.server.datastream.request.threads=20, hdds.ratis.raft.server.delete.ratis.log.directory=true, hdds.ratis.raft.server.leaderelection.pre-vote=true, hdds.ratis.raft.server.log.appender.wait-time.min=0us, hdds.ratis.raft.server.notification.no-leader.timeout=300s, hdds.ratis.raft.server.rpc.request.timeout=60s, hdds.ratis.raft.server.rpc.slowness.timeout=300s, hdds.ratis.raft.server.watch.timeout=30s, hdds.ratis.raft.server.write.element-limit=1024, hdds.ratis.server.num.snapshots.retained=5, hdds.ratis.server.retry-cache.timeout.duration=600000ms, hdds.ratis.snapshot.threshold=100000, hdds.scm.block.deleting.service.interval=60s, hdds.scm.block.deletion.per-interval.max=500000, hdds.scm.block.deletion.txn.dn.commit.map.limit=5000000, hdds.scm.ec.pipeline.choose.policy.impl=org.apache.hadoop.hdds.scm.pipeline.choose.algorithms.RandomPipelineChoosePolicy, hdds.scm.http.auth.kerberos.keytab=/etc/security/keytabs/HTTP.keytab, hdds.scm.http.auth.kerberos.principal=HTTP/_HOST@REALM, hdds.scm.http.auth.type=simple, hdds.scm.kerberos.keytab.file=/etc/security/keytabs/SCM.keytab, hdds.scm.kerberos.principal=SCM/_HOST@REALM, hdds.scm.pipeline.choose.policy.impl=org.apache.hadoop.hdds.scm.pipeline.choose.algorithms.RandomPipelineChoosePolicy, hdds.scm.replication.datanode.delete.container.limit=40, hdds.scm.replication.datanode.reconstruction.weight=3, hdds.scm.replication.datanode.replication.limit=20, hdds.scm.replication.event.timeout=12m, hdds.scm.replication.event.timeout.datanode.offset=6m, hdds.scm.replication.inflight.limit.factor=0.75, hdds.scm.replication.maintenance.remaining.redundancy=1, hdds.scm.replication.maintenance.replica.minimum=2, hdds.scm.replication.over.replicated.interval=30s, hdds.scm.replication.push=true, hdds.scm.replication.thread.interval=300s, hdds.scm.replication.under.replicated.interval=30s, hdds.scm.safemode.atleast.one.node.reported.pipeline.pct=0.90, hdds.scm.safemode.enabled=true, hdds.scm.safemode.healthy.pipeline.pct=0.10, hdds.scm.safemode.min.datanode=3, hdds.scm.safemode.pipeline.creation=true, hdds.scm.safemode.threshold.pct=0.99, hdds.scm.unknown-container.action=WARN, hdds.scm.wait.time.after.safemode.exit=5m, hdds.scmclient.failover.max.retry=15, hdds.scmclient.failover.retry.interval=2s, hdds.scmclient.max.retry.timeout=10m, hdds.scmclient.rpc.timeout=15m, hdds.secret.key.algorithm=HmacSHA256, hdds.secret.key.expiry.duration=9d, hdds.secret.key.file.name=secret_keys.json, hdds.secret.key.rotate.check.duration=10m, hdds.secret.key.rotate.duration=1d, hdds.security.client.datanode.container.protocol.acl=*, hdds.security.client.scm.block.protocol.acl=*, hdds.security.client.scm.certificate.protocol.acl=*, hdds.security.client.scm.container.protocol.acl=*, hdds.security.client.scm.secretkey.datanode.protocol.acl=*, hdds.security.client.scm.secretkey.om.protocol.acl=*, hdds.security.client.scm.secretkey.scm.protocol.acl=*, hdds.security.provider=BC, hdds.tracing.enabled=false, hdds.x509.ca.rotation.ack.timeout=PT15M, hdds.x509.ca.rotation.check.interval=P1D, hdds.x509.ca.rotation.enabled=false, hdds.x509.ca.rotation.time-of-day=02:00:00, hdds.x509.default.duration=P365D, hdds.x509.dir.name=certs, hdds.x509.expired.certificate.check.interval=P1D, hdds.x509.file.name=certificate.crt, hdds.x509.max.duration=P1865D, hdds.x509.renew.grace.duration=P28D, hdds.x509.rootca.certificate.polling.interval=PT2h, hdds.x509.signature.algorithm=SHA256withRSA, hdds.xframe.enabled=true, hdds.xframe.value=SAMEORIGIN, ozone.UnsafeByteOperations.enabled=true, ozone.acl.authorizer.class=org.apache.hadoop.ozone.security.acl.OzoneAccessAuthorizer, ozone.acl.enabled=false, ozone.block.deleting.service.interval=1m, ozone.block.deleting.service.timeout=300000ms, ozone.block.deleting.service.workers=10, ozone.chunk.read.buffer.default.size=1MB, ozone.chunk.read.mapped.buffer.max.count=0, ozone.chunk.read.mapped.buffer.threshold=32KB, ozone.client.bucket.replication.config.refresh.time.ms=30000, ozone.client.bytes.per.checksum=16KB, ozone.client.checksum.combine.mode=COMPOSITE_CRC, ozone.client.checksum.type=CRC32, ozone.client.connection.timeout=5000ms, ozone.client.datastream.buffer.flush.size=4MB, ozone.client.datastream.min.packet.size=256KB, ozone.client.datastream.pipeline.mode=true, ozone.client.datastream.window.size=8MB, ozone.client.ec.grpc.retries.enabled=true, ozone.client.ec.grpc.retries.max=3, ozone.client.ec.grpc.write.timeout=30s, ozone.client.ec.reconstruct.stripe.read.pool.limit=30, ozone.client.ec.reconstruct.stripe.write.pool.limit=30, ozone.client.ec.stripe.queue.size=2, ozone.client.exclude.nodes.expiry.time=600000, ozone.client.failover.max.attempts=500, ozone.client.fs.default.bucket.layout=FILE_SYSTEM_OPTIMIZED, ozone.client.hbase.enhancements.allowed=false, ozone.client.incremental.chunk.list=false, ozone.client.key.latest.version.location=true, ozone.client.key.provider.cache.expiry=10d, ozone.client.key.write.concurrency=1, ozone.client.list.cache=1000, ozone.client.max.ec.stripe.write.retries=10, ozone.client.max.retries=5, ozone.client.read.max.retries=3, ozone.client.read.retry.interval=1, ozone.client.read.timeout=30s, ozone.client.retry.interval=0, ozone.client.server-defaults.validity.period.ms=3600000, ozone.client.socket.timeout=5000ms, ozone.client.stream.buffer.flush.delay=true, ozone.client.stream.buffer.flush.size=1MB, ozone.client.stream.buffer.increment=0B, ozone.client.stream.buffer.max.size=2MB, ozone.client.stream.buffer.size=1MB, ozone.client.stream.putblock.piggybacking=false, ozone.client.verify.checksum=true, ozone.client.wait.between.retries.millis=2000, ozone.container.cache.lock.stripes=1024, ozone.container.cache.size=1024, ozone.directory.deleting.service.interval=1m, ozone.filesystem.snapshot.enabled=true, ozone.freon.http-address=0.0.0.0:9884, ozone.freon.http-bind-host=0.0.0.0, ozone.freon.http.auth.kerberos.keytab=/etc/security/keytabs/HTTP.keytab, ozone.freon.http.auth.kerberos.principal=HTTP/_HOST@REALM, ozone.freon.http.auth.type=simple, ozone.freon.http.enabled=true, ozone.freon.https-address=0.0.0.0:9885, ozone.freon.https-bind-host=0.0.0.0, ozone.fs.datastream.auto.threshold=4MB, ozone.fs.datastream.enabled=false, ozone.fs.hsync.enabled=false, ozone.fs.iterate.batch-size=100, ozone.fs.listing.page.size=1024, ozone.fs.listing.page.size.max=5000, ozone.hbase.enhancements.allowed=false, ozone.http.policy=HTTP_ONLY, ozone.https.client.keystore.resource=ssl-client.xml, ozone.https.client.need-auth=false, ozone.https.server.keystore.resource=ssl-server.xml, ozone.key.deleting.limit.per.task=50000, ozone.key.preallocation.max.blocks=64, ozone.manager.delegation.remover.scan.interval=3600000, ozone.manager.delegation.token.max-lifetime=7d, ozone.manager.delegation.token.renew-interval=1d, ozone.metadata.dirs.permissions=750, ozone.metastore.rocksdb.cf.write.buffer.size=128MB, ozone.metastore.rocksdb.statistics=OFF, ozone.network.flexible.fqdn.resolution.enabled=false, ozone.network.jvm.address.cache.enabled=true, ozone.network.topology.aware.read=true, ozone.om.address=0.0.0.0:9862, ozone.om.admin.protocol.max.retries=20, ozone.om.admin.protocol.wait.between.retries=1000, ozone.om.client.rpc.timeout=15m, ozone.om.client.trash.core.pool.size=5, ozone.om.compaction.service.columnfamilies=keyTable,fileTable,directoryTable,deletedTable,deletedDirectoryTable,multipartInfoTable, ozone.om.compaction.service.enabled=false, ozone.om.compaction.service.run.interval=6h, ozone.om.compaction.service.timeout=10m, ozone.om.container.location.cache.size=100000, ozone.om.container.location.cache.ttl=360m, ozone.om.db.dirs.permissions=750, ozone.om.db.max.open.files=-1, ozone.om.delta.update.data.size.max.limit=1024MB, ozone.om.edekcacheloader.initial.delay.ms=3000, ozone.om.edekcacheloader.interval.ms=1000, ozone.om.edekcacheloader.max-retries=10, ozone.om.enable.filesystem.paths=false, ozone.om.enable.ofs.shared.tmp.dir=false, ozone.om.fs.snapshot.max.limit=10000, ozone.om.group.rights=READ, LIST, ozone.om.grpc.bossgroup.size=8, ozone.om.grpc.maximum.response.length=134217728, ozone.om.grpc.port=8981, ozone.om.grpc.read.thread.num=32, ozone.om.grpc.workergroup.size=32, ozone.om.ha.raft.server.log.appender.wait-time.min=0ms, ozone.om.ha.raft.server.retrycache.expirytime=300s, ozone.om.handler.count.key=20, ozone.om.http-address=0.0.0.0:9874, ozone.om.http-bind-host=0.0.0.0, ozone.om.http.auth.kerberos.keytab=/etc/security/keytabs/HTTP.keytab, ozone.om.http.auth.kerberos.principal=HTTP/_HOST@REALM, ozone.om.http.auth.type=simple, ozone.om.http.enabled=true, ozone.om.https-address=0.0.0.0:9875, ozone.om.https-bind-host=0.0.0.0, ozone.om.kerberos.keytab.file=/etc/security/keytabs/OM.keytab, ozone.om.kerberos.principal=OM/_HOST@REALM, ozone.om.kerberos.principal.pattern=*, ozone.om.key.path.lock.enabled=false, ozone.om.keyname.character.check.enabled=false, ozone.om.leader.election.minimum.timeout.duration=5s, ozone.om.lease.hard.limit=7d, ozone.om.lease.soft.limit=60s, ozone.om.lock.fair=false, ozone.om.max.buckets=100000, ozone.om.multitenancy.enabled=false, ozone.om.multitenancy.ranger.sync.interval=10m, ozone.om.multitenancy.ranger.sync.timeout=10s, ozone.om.namespace.s3.strict=true, ozone.om.network.topology.refresh.duration=1h, ozone.om.open.key.cleanup.limit.per.task=1000, ozone.om.open.key.cleanup.service.interval=24h, ozone.om.open.key.cleanup.service.timeout=300s, ozone.om.open.key.expire.threshold=7d, ozone.om.open.mpu.cleanup.service.interval=24h, ozone.om.open.mpu.cleanup.service.timeout=300s, ozone.om.open.mpu.expire.threshold=30d, ozone.om.open.mpu.parts.cleanup.limit.per.task=1000, ozone.om.ratis.log.appender.queue.byte-limit=4MB, ozone.om.ratis.log.appender.queue.num-elements=1024, ozone.om.ratis.log.purge.gap=1000000, ozone.om.ratis.log.purge.preservation.log.num=0, ozone.om.ratis.log.purge.upto.snapshot.index=true, ozone.om.ratis.minimum.timeout=5s, ozone.om.ratis.port=9872, ozone.om.ratis.rpc.type=GRPC, ozone.om.ratis.segment.preallocated.size=4MB, ozone.om.ratis.segment.size=64MB, ozone.om.ratis.server.close.threshold=60s, ozone.om.ratis.server.failure.timeout.duration=120s, ozone.om.ratis.server.leaderelection.pre-vote=true, ozone.om.ratis.server.pending.write.byte-limit=64MB, ozone.om.ratis.server.pending.write.element-limit=4096, ozone.om.ratis.server.request.timeout=3s, ozone.om.ratis.server.retry.cache.timeout=600000ms, ozone.om.ratis.snapshot.max.total.sst.size=100000000, ozone.om.read.threadpool=10, ozone.om.s3.grpc.server_enabled=false, ozone.om.save.metrics.interval=5m, ozone.om.security.admin.protocol.acl=*, ozone.om.security.client.protocol.acl=*, ozone.om.server.list.max.size=1000, ozone.om.snapshot.cache.cleanup.service.run.interval=1m, ozone.om.snapshot.cache.max.size=10, ozone.om.snapshot.checkpoint.dir.creation.poll.timeout=20s, ozone.om.snapshot.compact.non.snapshot.diff.tables=false, ozone.om.snapshot.compaction.dag.max.time.allowed=30d, ozone.om.snapshot.compaction.dag.prune.daemon.run.interval=10m, ozone.om.snapshot.db.max.open.files=100, ozone.om.snapshot.diff.cleanup.service.run.interval=1m, ozone.om.snapshot.diff.cleanup.service.timeout=5m, ozone.om.snapshot.diff.disable.native.libs=false, ozone.om.snapshot.diff.job.default.wait.time=1s, ozone.om.snapshot.diff.job.report.persistent.time=7d, ozone.om.snapshot.diff.max.allowed.keys.changed.per.job=10000000, ozone.om.snapshot.diff.max.jobs.purge.per.task=100, ozone.om.snapshot.diff.max.page.size=1000, ozone.om.snapshot.diff.thread.pool.size=10, ozone.om.snapshot.force.full.diff=false, ozone.om.snapshot.load.native.lib=true, ozone.om.snapshot.provider.connection.timeout=5000s, ozone.om.snapshot.provider.request.timeout=300000ms, ozone.om.snapshot.provider.socket.timeout=5000s, ozone.om.snapshot.prune.compaction.backup.batch.size=2000, ozone.om.snapshot.rocksdb.metrics.enabled=false, ozone.om.transport.class=org.apache.hadoop.ozone.om.protocolPB.Hadoop3OmTransportFactory, ozone.om.unflushed.transaction.max.count=10000, ozone.om.upgrade.finalization.ratis.based.timeout=30s, ozone.om.upgrade.quota.recalculate.enabled=true, ozone.om.user.max.volume=1024, ozone.om.user.rights=ALL, ozone.om.volume.listall.allowed=true, ozone.recon.containerkey.flush.db.max.threshold=150000, ozone.recon.db.dirs.permissions=750, ozone.recon.heatmap.enable=false, ozone.recon.http-address=0.0.0.0:9888, ozone.recon.http-bind-host=0.0.0.0, ozone.recon.http.auth.kerberos.keytab=/etc/security/keytabs/HTTP.keytab, ozone.recon.http.auth.kerberos.principal=HTTP/_HOST@REALM, ozone.recon.http.auth.type=simple, ozone.recon.http.enabled=true, ozone.recon.https-address=0.0.0.0:9889, ozone.recon.https-bind-host=0.0.0.0, ozone.recon.nssummary.flush.db.max.threshold=150000, ozone.recon.om.connection.request.timeout=5000, ozone.recon.om.connection.timeout=5s, ozone.recon.om.event.buffer.capacity=20000, ozone.recon.om.snapshot.task.flush.param=false, ozone.recon.om.snapshot.task.initial.delay=1m, ozone.recon.om.snapshot.task.interval.delay=5s, ozone.recon.om.socket.timeout=5s, ozone.recon.scm.connection.request.timeout=5s, ozone.recon.scm.connection.timeout=5s, ozone.recon.scm.container.threshold=100, ozone.recon.scm.snapshot.enabled=true, ozone.recon.scm.snapshot.task.initial.delay=1m, ozone.recon.scm.snapshot.task.interval.delay=24h, ozone.recon.scmclient.failover.max.retry=3, ozone.recon.scmclient.max.retry.timeout=6s, ozone.recon.scmclient.rpc.timeout=1m, ozone.recon.security.client.datanode.container.protocol.acl=*, ozone.recon.sql.db.auto.commit=true, ozone.recon.sql.db.conn.idle.max.age=3600s, ozone.recon.sql.db.conn.idle.test=SELECT 1, ozone.recon.sql.db.conn.idle.test.period=60s, ozone.recon.sql.db.conn.max.active=5, ozone.recon.sql.db.conn.max.age=1800s, ozone.recon.sql.db.conn.timeout=30000ms, ozone.recon.sql.db.driver=org.apache.derby.jdbc.EmbeddedDriver, ozone.recon.sql.db.jdbc.url=jdbc:derby:${ozone.recon.db.dir}/ozone_recon_derby.db, ozone.recon.sql.db.jooq.dialect=DERBY, ozone.recon.task.containercounttask.interval=60s, ozone.recon.task.missingcontainer.interval=300s, ozone.recon.task.pipelinesync.interval=300s, ozone.recon.task.safemode.wait.threshold=300s, ozone.recon.task.thread.count=1, ozone.replication.allowed-configs=^((STANDALONE|RATIS)/(ONE|THREE))|(EC/(3-2|6-3|10-4)-(512|1024|2048|4096)k)$, ozone.rest.client.http.connection.max=100, ozone.rest.client.http.connection.per-route.max=20, ozone.s3g.client.buffer.size=4MB, ozone.s3g.default.bucket.layout=OBJECT_STORE, ozone.s3g.http-address=0.0.0.0:9878, ozone.s3g.http-bind-host=0.0.0.0, ozone.s3g.http.auth.kerberos.keytab=/etc/security/keytabs/HTTP.keytab, ozone.s3g.http.auth.kerberos.principal=HTTP/_HOST@REALM, ozone.s3g.http.auth.type=simple, ozone.s3g.http.enabled=true, ozone.s3g.https-address=0.0.0.0:9879, ozone.s3g.kerberos.keytab.file=/etc/security/keytabs/s3g.keytab, ozone.s3g.kerberos.principal=s3g/_HOST@REALM, ozone.s3g.list-keys.shallow.enabled=true, ozone.s3g.list.max.keys.limit=1000, ozone.s3g.metrics.percentiles.intervals.seconds=60, ozone.s3g.secret.http.auth.type=kerberos, ozone.s3g.secret.http.enabled=false, ozone.s3g.volume.name=s3v, ozone.s3g.webadmin.http-address=0.0.0.0:19878, ozone.s3g.webadmin.http-bind-host=0.0.0.0, ozone.s3g.webadmin.http.enabled=true, ozone.s3g.webadmin.https-address=0.0.0.0:19879, ozone.scm.block.client.bind.host=0.0.0.0, ozone.scm.block.client.port=9863, ozone.scm.block.deletion.max.retry=4096, ozone.scm.block.deletion.per.dn.distribution.factor=8, ozone.scm.block.handler.count.key=100, ozone.scm.block.read.threadpool=10, ozone.scm.block.size=4MB, ozone.scm.ca.list.retry.interval=10s, ozone.scm.chunk.size=1MB, ozone.scm.client.bind.host=0.0.0.0, ozone.scm.client.handler.count.key=100, ozone.scm.client.port=9860, ozone.scm.client.read.threadpool=10, ozone.scm.close.container.wait.duration=1s, ozone.scm.container.layout=FILE_PER_BLOCK, ozone.scm.container.list.max.count=4096, ozone.scm.container.lock.stripes=512, ozone.scm.container.placement.ec.impl=org.apache.hadoop.hdds.scm.container.placement.algorithms.SCMContainerPlacementRackScatter, ozone.scm.container.placement.impl=org.apache.hadoop.hdds.scm.container.placement.algorithms.SCMContainerPlacementRackAware, ozone.scm.container.size=128MB, ozone.scm.datanode.admin.monitor.interval=30s, ozone.scm.datanode.admin.monitor.logging.limit=1000, ozone.scm.datanode.disallow.same.peers=false, ozone.scm.datanode.handler.count.key=100, ozone.scm.datanode.pipeline.limit=2, ozone.scm.datanode.port=9861, ozone.scm.datanode.ratis.volume.free-space.min=1GB, ozone.scm.datanode.read.threadpool=10, ozone.scm.db.dirs.permissions=750, ozone.scm.dead.node.interval=10m, ozone.scm.ec.pipeline.minimum=5, ozone.scm.ec.pipeline.per.volume.factor=1, ozone.scm.event.ContainerReport.thread.pool.size=10, ozone.scm.expired.container.replica.op.scrub.interval=5m, ozone.scm.grpc.port=9895, ozone.scm.ha.dbtransactionbuffer.flush.interval=60s, ozone.scm.ha.grpc.deadline.interval=30m, ozone.scm.ha.raft.server.log.appender.wait-time.min=0ms, ozone.scm.ha.ratis.leader.election.timeout=5s, ozone.scm.ha.ratis.leader.ready.check.interval=2s, ozone.scm.ha.ratis.leader.ready.wait.timeout=60s, ozone.scm.ha.ratis.log.appender.queue.byte-limit=4MB, ozone.scm.ha.ratis.log.appender.queue.num-elements=1024, ozone.scm.ha.ratis.log.purge.enabled=false, ozone.scm.ha.ratis.log.purge.gap=1000000, ozone.scm.ha.ratis.request.timeout=30s, ozone.scm.ha.ratis.rpc.type=GRPC, ozone.scm.ha.ratis.segment.preallocated.size=4MB, ozone.scm.ha.ratis.segment.size=64MB, ozone.scm.ha.ratis.server.failure.timeout.duration=120s, ozone.scm.ha.ratis.server.leaderelection.pre-vote=true, ozone.scm.ha.ratis.server.retry.cache.timeout=60s, ozone.scm.ha.ratis.server.snapshot.creation.gap=1024, ozone.scm.ha.ratis.snapshot.threshold=1000, ozone.scm.handler.count.key=20, ozone.scm.heartbeat.log.warn.interval.count=10, ozone.scm.heartbeat.rpc-retry-count=15, ozone.scm.heartbeat.rpc-retry-interval=1s, ozone.scm.heartbeat.rpc-timeout=5s, ozone.scm.heartbeat.thread.interval=100ms, ozone.scm.http-address=0.0.0.0:9876, ozone.scm.http-bind-host=0.0.0.0, ozone.scm.http.enabled=true, ozone.scm.https-address=0.0.0.0:9877, ozone.scm.https-bind-host=0.0.0.0, ozone.scm.info.wait.duration=10m, ozone.scm.keyvalue.container.deletion-choosing.policy=org.apache.hadoop.ozone.container.common.impl.TopNOrderedContainerDeletionChoosingPolicy, ozone.scm.network.topology.schema.file=network-topology-default.xml, ozone.scm.pipeline.allocated.timeout=5m, ozone.scm.pipeline.creation.auto.factor.one=true, ozone.scm.pipeline.creation.interval=120s, ozone.scm.pipeline.destroy.timeout=66s, ozone.scm.pipeline.leader-choose.policy=org.apache.hadoop.hdds.scm.pipeline.leader.choose.algorithms.MinLeaderCountChoosePolicy, ozone.scm.pipeline.owner.container.count=3, ozone.scm.pipeline.per.metadata.disk=2, ozone.scm.pipeline.scrub.interval=5m, ozone.scm.ratis.pipeline.limit=3, ozone.scm.ratis.port=9894, ozone.scm.security.handler.count.key=2, ozone.scm.security.read.threadpool=1, ozone.scm.security.service.bind.host=0.0.0.0, ozone.scm.security.service.port=9961, ozone.scm.sequence.id.batch.size=1000, ozone.scm.skip.bootstrap.validation=false, ozone.scm.stale.node.interval=5m, ozone.security.crypto.compliance.mode=unrestricted, ozone.security.enabled=false, ozone.security.http.kerberos.enabled=false, ozone.security.reconfigure.protocol.acl=*, ozone.server.default.replication=3, ozone.server.default.replication.type=RATIS, ozone.service.shutdown.timeout=60s, ozone.snapshot.deep.cleaning.enabled=false, ozone.snapshot.deleting.limit.per.task=10, ozone.snapshot.deleting.service.interval=30s, ozone.snapshot.deleting.service.timeout=300s, ozone.snapshot.directory.service.interval=24h, ozone.snapshot.directory.service.timeout=300s, ozone.snapshot.filtering.limit.per.task=2, ozone.snapshot.filtering.service.interval=1m, ozone.snapshot.key.deleting.limit.per.task=20000, ozone.sst.filtering.service.timeout=300000ms, ozone.volume.io.percentiles.intervals.seconds=60, ozone.xceiver.client.metrics.percentiles.intervals.seconds=60, recon.om.delta.update.lag.threshold=0, recon.om.delta.update.limit=50000, scm.container.client.idle.threshold=10s, scm.container.client.max.size=256}
************************************************************/
2025-09-11 04:24:28,715 [ForkJoinPool-1-worker-1] INFO  recon.ReconServer (SignalLogger.java:register(99)) - registered UNIX signal handlers for [SIGHUP, SIGINT, SIGTERM]
2025-09-11 04:24:28,911 [ForkJoinPool-1-worker-1] INFO  reflections.Reflections (Reflections.java:scan(219)) - Reflections took 9 ms to scan 1 urls, producing 23 keys and 86 values
2025-09-11 04:24:29,060 [ForkJoinPool-1-worker-1] INFO  recon.ReconServer (ReconServer.java:call(118)) - Initializing Recon server...
2025-09-11 04:24:29,103 [ForkJoinPool-1-worker-1] INFO  persistence.DefaultDataSourceProvider (DefaultDataSourceProvider.java:get(49)) - JDBC Url for Recon : jdbc:derby:/home/runner/work/ozone/ozone/hadoop-ozone/integration-test-recon/target/test-dir/MiniOzoneClusterImpl-e405f726-f354-48a5-b90a-334fe627f997/ozone-metadata/recon/ozone_recon_derby.db 
2025-09-11 04:24:29,314 [ReplicationMonitor] INFO  replication.ReplicationManager (ReplicationManager.java:processAll(359)) - Replication Manager is not ready to run until 3000ms after safemode exit
2025-09-11 04:24:29,451 [om1@group-C5BA1605619E-FollowerState] INFO  impl.FollowerState (FollowerState.java:runImpl(161)) - om1@group-C5BA1605619E-FollowerState: change to CANDIDATE, lastRpcElapsedTime:1017254503ns, electionTimeout:1015ms
2025-09-11 04:24:29,451 [om1@group-C5BA1605619E-FollowerState] INFO  impl.RoleInfo (RoleInfo.java:shutdownFollowerState(121)) - om1: shutdown om1@group-C5BA1605619E-FollowerState
2025-09-11 04:24:29,451 [om1@group-C5BA1605619E-FollowerState] INFO  server.RaftServer$Division (RaftServerImpl.java:setRole(392)) - om1@group-C5BA1605619E: changes role from  FOLLOWER to CANDIDATE at term 0 for changeToCandidate
2025-09-11 04:24:29,452 [om1@group-C5BA1605619E-FollowerState] INFO  impl.RoleInfo (RoleInfo.java:updateAndGet(148)) - om1: start om1@group-C5BA1605619E-LeaderElection3
2025-09-11 04:24:29,453 [om1@group-C5BA1605619E-LeaderElection3] INFO  impl.LeaderElection (LeaderElection.java:askForVotes(448)) - om1@group-C5BA1605619E-LeaderElection3 PRE_VOTE round 0: submit vote requests at term 0 for conf: {index: -1, cur=peers:[om1|localhost:15011]|listeners:[], old=null}
2025-09-11 04:24:29,453 [om1@group-C5BA1605619E-LeaderElection3] INFO  impl.LeaderElection (LeaderElection.java:askForVotes(450)) - om1@group-C5BA1605619E-LeaderElection3 PRE_VOTE round 0: result PASSED (term=0)
2025-09-11 04:24:29,455 [om1@group-C5BA1605619E-LeaderElection3] INFO  impl.LeaderElection (LeaderElection.java:askForVotes(448)) - om1@group-C5BA1605619E-LeaderElection3 ELECTION round 0: submit vote requests at term 1 for conf: {index: -1, cur=peers:[om1|localhost:15011]|listeners:[], old=null}
2025-09-11 04:24:29,456 [om1@group-C5BA1605619E-LeaderElection3] INFO  impl.LeaderElection (LeaderElection.java:askForVotes(450)) - om1@group-C5BA1605619E-LeaderElection3 ELECTION round 0: result PASSED (term=1)
2025-09-11 04:24:29,456 [om1@group-C5BA1605619E-LeaderElection3] INFO  impl.RoleInfo (RoleInfo.java:shutdownLeaderElection(141)) - om1: shutdown om1@group-C5BA1605619E-LeaderElection3
2025-09-11 04:24:29,456 [om1@group-C5BA1605619E-LeaderElection3] INFO  server.RaftServer$Division (RaftServerImpl.java:setRole(392)) - om1@group-C5BA1605619E: changes role from CANDIDATE to LEADER at term 1 for changeToLeader
2025-09-11 04:24:29,456 [om1@group-C5BA1605619E-LeaderElection3] INFO  server.RaftServerConfigKeys (ConfUtils.java:logFallback(69)) - raft.server.staging.timeout = 3600ms (fallback to raft.server.rpc.timeout.max)
2025-09-11 04:24:29,458 [om1@group-C5BA1605619E-LeaderElection3] INFO  server.RaftServerConfigKeys (ConfUtils.java:logGet(62)) - raft.server.write.byte-limit = 67108864 (custom)
2025-09-11 04:24:29,460 [om1@group-C5BA1605619E-LeaderElection3] INFO  impl.RoleInfo (RoleInfo.java:updateAndGet(148)) - om1: start om1@group-C5BA1605619E-LeaderStateImpl
2025-09-11 04:24:29,461 [om1@group-C5BA1605619E-LeaderElection3] INFO  server.RaftServer$Division (RaftServerImpl.java:setFirstElection(576)) - om1@group-C5BA1605619E: set firstElectionSinceStartup to false for becomeLeader
2025-09-11 04:24:29,464 [om1@group-C5BA1605619E-LeaderElection3] INFO  ratis.OzoneManagerStateMachine (OzoneManagerStateMachine.java:notifyLeaderChanged(174)) - om1@group-C5BA1605619E: leader changed to om1
2025-09-11 04:24:29,464 [om1@group-C5BA1605619E-LeaderElection3] INFO  server.RaftServer$Division (ServerState.java:setLeader(272)) - om1@group-C5BA1605619E: change Leader from null to om1 at term 1 for becomeLeader, leader elected after 1878ms
2025-09-11 04:24:29,464 [om1@group-C5BA1605619E-LeaderElection3] INFO  segmented.SegmentedRaftLogWorker (SegmentedRaftLogWorker.java:startLogSegment(440)) - om1@group-C5BA1605619E-SegmentedRaftLogWorker: Starting segment from index:0
2025-09-11 04:24:29,464 [om1@group-C5BA1605619E-LeaderElection3] INFO  server.RaftServer$Division (ServerState.java:setRaftConf(386)) - om1@group-C5BA1605619E: set configuration conf: {index: 0, cur=peers:[om1|localhost:15011]|listeners:[], old=null}
2025-09-11 04:24:29,465 [om1@group-C5BA1605619E-SegmentedRaftLogWorker] INFO  segmented.BufferedWriteChannel (BufferedWriteChannel.java:open(61)) - open log_inprogress_0 at position 0
2025-09-11 04:24:29,472 [om1@group-C5BA1605619E-SegmentedRaftLogWorker] INFO  segmented.SegmentedRaftLogWorker (SegmentedRaftLogWorker.java:execute(647)) - om1@group-C5BA1605619E-SegmentedRaftLogWorker: created new log segment /home/runner/work/ozone/ozone/hadoop-ozone/integration-test-recon/target/test-dir/MiniOzoneClusterImpl-e405f726-f354-48a5-b90a-334fe627f997/om/ratis/bf265839-605b-3f16-9796-c5ba1605619e/current/log_inprogress_0
2025-09-11 04:24:29,476 [om1@group-C5BA1605619E-StateMachineUpdater] INFO  ratis.OzoneManagerStateMachine (OzoneManagerStateMachine.java:notifyConfigurationChanged(243)) - notifyConfigurationChanged from Ratis: term=1, index=0, New Peer list: om1(localhost:15011), New Listener list
2025-09-11 04:24:29,476 [om1@group-C5BA1605619E-StateMachineUpdater] INFO  server.RaftServer$Division (LeaderStateImpl.java:checkStartIndex(309)) - Leader om1@group-C5BA1605619E-LeaderStateImpl is ready since appliedIndex == startIndex == 0
2025-09-11 04:24:29,605 [ForkJoinPool-1-worker-1] INFO  schema.SqlDbUtils (SqlDbUtils.java:createNewDerbyDatabase(83)) - Created derby database at jdbc:derby:/home/runner/work/ozone/ozone/hadoop-ozone/integration-test-recon/target/test-dir/MiniOzoneClusterImpl-e405f726-f354-48a5-b90a-334fe627f997/ozone-metadata/recon/ozone_recon_derby.db.
2025-09-11 04:24:29,777 [ForkJoinPool-1-worker-1] INFO  impl.ReconContainerMetadataManagerImpl (ReconContainerMetadataManagerImpl.java:initializeTables(159)) - KEY_CONTAINER Table is empty, initializing from CONTAINER_KEY Table ...
2025-09-11 04:24:29,778 [ForkJoinPool-1-worker-1] INFO  impl.ReconContainerMetadataManagerImpl (ReconContainerMetadataManagerImpl.java:initializeKeyContainerTable(711)) - It took 0.0 seconds to initialized 0 records to KEY_CONTAINER table
2025-09-11 04:24:29,784 [ForkJoinPool-1-worker-1] INFO  persistence.DefaultDataSourceProvider (DefaultDataSourceProvider.java:get(49)) - JDBC Url for Recon : jdbc:derby:/home/runner/work/ozone/ozone/hadoop-ozone/integration-test-recon/target/test-dir/MiniOzoneClusterImpl-e405f726-f354-48a5-b90a-334fe627f997/ozone-metadata/recon/ozone_recon_derby.db 
2025-09-11 04:24:29,789 [ForkJoinPool-1-worker-1] INFO  schema.SqlDbUtils (SqlDbUtils.java:createNewDerbyDatabase(83)) - Created derby database at jdbc:derby:/home/runner/work/ozone/ozone/hadoop-ozone/integration-test-recon/target/test-dir/MiniOzoneClusterImpl-e405f726-f354-48a5-b90a-334fe627f997/ozone-metadata/recon/ozone_recon_derby.db.
2025-09-11 04:24:29,790 [ForkJoinPool-1-worker-1] INFO  recon.ReconServer (ReconServer.java:call(145)) - Creating Recon Schema.
2025-09-11 04:24:30,124 [ForkJoinPool-1-worker-1] INFO  schema.SchemaVersionTableDefinition (SchemaVersionTableDefinition.java:insertInitialSLV(95)) - Inserted initial SLV '3' into SchemaVersion table.
2025-09-11 04:24:30,193 [ForkJoinPool-1-worker-1] INFO  schema.ContainerSchemaDefinition (ContainerSchemaDefinition.java:initializeSchema(60)) - UNHEALTHY_CONTAINERS is missing creating new one.
2025-09-11 04:24:30,221 [ForkJoinPool-1-worker-1] INFO  http.BaseHttpServer (BaseHttpServer.java:newHttpServer2BuilderForOzone(227)) - Starting Web-server for recon at: http://0.0.0.0:15000
2025-09-11 04:24:30,221 [ForkJoinPool-1-worker-1] INFO  http.BaseHttpServer (BaseHttpServer.java:<init>(105)) - Hadoop Security Enabled: false Ozone Security Enabled: false Ozone HTTP Security Enabled: false 
2025-09-11 04:24:30,223 [ForkJoinPool-1-worker-1] WARN  server.AuthenticationFilter (AuthenticationFilter.java:constructSecretProvider(240)) - Unable to initialize FileSignerSecretProvider, falling back to use random secrets. Reason: Could not read signature secret file: /home/runner/hadoop-http-auth-signature-secret
2025-09-11 04:24:30,225 [ForkJoinPool-1-worker-1] INFO  http.HttpServer2 (HttpServer2.java:addGlobalFilter(1041)) - Added global filter 'safety' (class=org.apache.hadoop.hdds.server.http.HttpServer2$QuotingInputFilter)
2025-09-11 04:24:30,227 [ForkJoinPool-1-worker-1] INFO  http.HttpServer2 (HttpServer2.java:addFilter(1017)) - Added filter static_user_filter (class=org.apache.hadoop.http.lib.StaticUserWebFilter$StaticUserFilter) to context recon
2025-09-11 04:24:30,227 [ForkJoinPool-1-worker-1] INFO  http.HttpServer2 (HttpServer2.java:addFilter(1025)) - Added filter static_user_filter (class=org.apache.hadoop.http.lib.StaticUserWebFilter$StaticUserFilter) to context logs
2025-09-11 04:24:30,227 [ForkJoinPool-1-worker-1] INFO  http.HttpServer2 (HttpServer2.java:addFilter(1025)) - Added filter static_user_filter (class=org.apache.hadoop.http.lib.StaticUserWebFilter$StaticUserFilter) to context static
2025-09-11 04:24:30,228 [ForkJoinPool-1-worker-1] INFO  http.BaseHttpServer (BaseHttpServer.java:<init>(193)) - HTTP server of recon uses base directory /home/runner/work/ozone/ozone/hadoop-ozone/integration-test-recon/target/test-dir/MiniOzoneClusterImpl-e405f726-f354-48a5-b90a-334fe627f997/scm/ozone-metadata/webserver
2025-09-11 04:24:30,264 [ForkJoinPool-1-worker-1] INFO  tasks.ReconTaskControllerImpl (ReconTaskControllerImpl.java:registerTask(118)) - Registered task ContainerKeyMapperTaskFSO with controller.
2025-09-11 04:24:30,264 [ForkJoinPool-1-worker-1] INFO  tasks.ReconTaskControllerImpl (ReconTaskControllerImpl.java:registerTask(118)) - Registered task ContainerKeyMapperTaskOBS with controller.
2025-09-11 04:24:30,264 [ForkJoinPool-1-worker-1] INFO  tasks.ReconTaskControllerImpl (ReconTaskControllerImpl.java:registerTask(118)) - Registered task FileSizeCountTaskFSO with controller.
2025-09-11 04:24:30,265 [ForkJoinPool-1-worker-1] INFO  tasks.ReconTaskControllerImpl (ReconTaskControllerImpl.java:registerTask(118)) - Registered task FileSizeCountTaskOBS with controller.
2025-09-11 04:24:30,265 [ForkJoinPool-1-worker-1] INFO  tasks.ReconTaskControllerImpl (ReconTaskControllerImpl.java:registerTask(118)) - Registered task OmTableInsightTask with controller.
2025-09-11 04:24:30,265 [ForkJoinPool-1-worker-1] INFO  tasks.ReconTaskControllerImpl (ReconTaskControllerImpl.java:registerTask(118)) - Registered task NSSummaryTask with controller.
2025-09-11 04:24:30,265 [ForkJoinPool-1-worker-1] INFO  ozone.OmUtils (OmUtils.java:getOzoneManagerServiceId(751)) - ozone.om.internal.service.id is not defined, falling back to ozone.om.service.ids to find serviceID for OzoneManager if it is HA enabled cluster
2025-09-11 04:24:30,265 [ForkJoinPool-1-worker-1] INFO  ozone.OmUtils (OmUtils.java:getOzoneManagerServiceId(770)) - No OzoneManager ServiceID configured.
2025-09-11 04:24:30,315 [ReplicationMonitor] INFO  replication.ReplicationManager (ReplicationManager.java:processAll(359)) - Replication Manager is not ready to run until 3000ms after safemode exit
2025-09-11 04:24:30,375 [ForkJoinPool-1-worker-1] INFO  proxy.SCMContainerLocationFailoverProxyProvider (SCMFailoverProxyProviderBase.java:<init>(120)) - Created fail-over proxy for protocol StorageContainerLocationProtocolPB with 1 nodes: [nodeId=scmNodeId,nodeAddress=/0.0.0.0:15002]
2025-09-11 04:24:30,379 [ForkJoinPool-1-worker-1] INFO  net.NodeSchemaLoader (NodeSchemaLoader.java:loadSchemaFromFile(128)) - Loading schema from [jar:file:/home/runner/work/ozone/ozone/hadoop-hdds/common/target/hdds-common-2.1.0-SNAPSHOT.jar!/network-topology-default.xml]
2025-09-11 04:24:30,379 [ForkJoinPool-1-worker-1] INFO  net.NodeSchemaLoader (NodeSchemaLoader.java:loadSchema(175)) - Loading network topology layer schema file
2025-09-11 04:24:30,441 [ForkJoinPool-1-worker-1] INFO  upgrade.AbstractLayoutVersionManager (AbstractLayoutVersionManager.java:init(80)) - Initializing Layout version manager with metadata layout = WITNESSED_CONTAINER_DB_PROTO_VALUE (version = 9), software layout = WITNESSED_CONTAINER_DB_PROTO_VALUE (version = 9)
2025-09-11 04:24:30,444 [ForkJoinPool-1-worker-1] INFO  ha.SequenceIdGenerator (SequenceIdGenerator.java:<init>(231)) - Init the HA SequenceIdGenerator.
2025-09-11 04:24:30,445 [ForkJoinPool-1-worker-1] INFO  node.SCMNodeManager (SCMNodeManager.java:<init>(180)) - Entering startup safe mode.
2025-09-11 04:24:30,446 [ForkJoinPool-1-worker-1] INFO  scm.ReconNodeManager (ReconNodeManager.java:loadExistingNodes(124)) - Loaded 0 nodes from node DB.
2025-09-11 04:24:30,446 [ForkJoinPool-1-worker-1] INFO  algorithms.ContainerPlacementPolicyFactory (ContainerPlacementPolicyFactory.java:getPolicyInternal(83)) - Create container placement policy of type org.apache.hadoop.hdds.scm.container.placement.algorithms.SCMContainerPlacementRackAware
2025-09-11 04:24:30,447 [ForkJoinPool-1-worker-1] INFO  ipc.CallQueueManager (CallQueueManager.java:<init>(93)) - Using callQueue: class java.util.concurrent.LinkedBlockingQueue, queueCapacity: 10000, scheduler: class org.apache.hadoop.ipc.DefaultRpcScheduler, ipcBackoff: false, ipcFailOver: false.
2025-09-11 04:24:30,448 [ForkJoinPool-1-worker-1] INFO  ipc.Server (Server.java:<init>(1438)) - Listener at 0.0.0.0:15001
2025-09-11 04:24:30,448 [Socket Reader #1 for port 15001] INFO  ipc.Server (Server.java:run(1474)) - Starting Socket Reader #1 for port 15001
2025-09-11 04:24:30,448 [Socket Reader #2 for port 15001] INFO  ipc.Server (Server.java:run(1474)) - Starting Socket Reader #2 for port 15001
2025-09-11 04:24:30,449 [Socket Reader #4 for port 15001] INFO  ipc.Server (Server.java:run(1474)) - Starting Socket Reader #4 for port 15001
2025-09-11 04:24:30,449 [Socket Reader #5 for port 15001] INFO  ipc.Server (Server.java:run(1474)) - Starting Socket Reader #5 for port 15001
2025-09-11 04:24:30,450 [Socket Reader #6 for port 15001] INFO  ipc.Server (Server.java:run(1474)) - Starting Socket Reader #6 for port 15001
2025-09-11 04:24:30,450 [Socket Reader #3 for port 15001] INFO  ipc.Server (Server.java:run(1474)) - Starting Socket Reader #3 for port 15001
2025-09-11 04:24:30,450 [Socket Reader #7 for port 15001] INFO  ipc.Server (Server.java:run(1474)) - Starting Socket Reader #7 for port 15001
2025-09-11 04:24:30,451 [Socket Reader #8 for port 15001] INFO  ipc.Server (Server.java:run(1474)) - Starting Socket Reader #8 for port 15001
2025-09-11 04:24:30,452 [Socket Reader #9 for port 15001] INFO  ipc.Server (Server.java:run(1474)) - Starting Socket Reader #9 for port 15001
2025-09-11 04:24:30,452 [Socket Reader #10 for port 15001] INFO  ipc.Server (Server.java:run(1474)) - Starting Socket Reader #10 for port 15001
2025-09-11 04:24:30,455 [ForkJoinPool-1-worker-1] INFO  pipeline.PipelineStateManagerImpl (PipelineStateManagerImpl.java:initialize(75)) - No pipeline exists in current db
2025-09-11 04:24:30,473 [ForkJoinPool-1-worker-1] INFO  recon.ReconServer (ReconServer.java:call(160)) - Initializing support of Recon Features...
2025-09-11 04:24:30,475 [ForkJoinPool-1-worker-1] INFO  recon.ReconServer (ReconServer.java:start(273)) - Starting Recon server
2025-09-11 04:24:30,475 [ForkJoinPool-1-worker-1] INFO  impl.MetricsSystemImpl (MetricsSystemImpl.java:init(158)) - Recon metrics system started (again)
2025-09-11 04:24:30,490 [ForkJoinPool-1-worker-1] INFO  http.HttpServer2 (HttpServer2.java:bindListener(1241)) - Jetty bound to port 15000
2025-09-11 04:24:30,490 [ForkJoinPool-1-worker-1] INFO  server.Server (Server.java:doStart(375)) - jetty-9.4.58.v20250814; built: 2025-08-14T02:28:49.637Z; git: 8f1440587e9e4ae7db3d74cf205643f3d707148d; jvm 21.0.8+9-LTS
2025-09-11 04:24:30,491 [ForkJoinPool-1-worker-1] INFO  server.session (DefaultSessionIdManager.java:doStart(334)) - DefaultSessionIdManager workerName=node0
2025-09-11 04:24:30,491 [ForkJoinPool-1-worker-1] INFO  server.session (DefaultSessionIdManager.java:doStart(339)) - No SessionScavenger set, using defaults
2025-09-11 04:24:30,492 [ForkJoinPool-1-worker-1] INFO  server.session (HouseKeeper.java:startScavenging(132)) - node0 Scavenging every 660000ms
2025-09-11 04:24:30,493 [ForkJoinPool-1-worker-1] INFO  handler.ContextHandler (ContextHandler.java:doStart(921)) - Started o.e.j.s.ServletContextHandler@7946462d{logs,/logs,file:///home/runner/work/ozone/ozone/hadoop-ozone/integration-test-recon/target/log,AVAILABLE}
2025-09-11 04:24:30,494 [ForkJoinPool-1-worker-1] INFO  handler.ContextHandler (ContextHandler.java:doStart(921)) - Started o.e.j.s.ServletContextHandler@60c4b09b{static,/static,jar:file:/home/runner/work/ozone/ozone/hadoop-ozone/recon/target/ozone-recon-2.1.0-SNAPSHOT.jar!/webapps/static,AVAILABLE}
2025-09-11 04:24:31,110 [ForkJoinPool-1-worker-1] INFO  handler.ContextHandler (ContextHandler.java:doStart(921)) - Started o.e.j.w.WebAppContext@1a953cb0{recon,/,file:///home/runner/work/ozone/ozone/hadoop-ozone/integration-test-recon/target/test-dir/MiniOzoneClusterImpl-e405f726-f354-48a5-b90a-334fe627f997/scm/ozone-metadata/webserver/jetty-0_0_0_0-15000-ozone-recon-2_1_0-SNAPSHOT_jar-_-any-12530151666567936747/webapp/,AVAILABLE}{jar:file:/home/runner/work/ozone/ozone/hadoop-ozone/recon/target/ozone-recon-2.1.0-SNAPSHOT.jar!/webapps/recon}
2025-09-11 04:24:31,111 [ForkJoinPool-1-worker-1] INFO  server.AbstractConnector (AbstractConnector.java:doStart(333)) - Started ServerConnector@313f5fe8{HTTP/1.1, (http/1.1)}{0.0.0.0:15000}
2025-09-11 04:24:31,111 [ForkJoinPool-1-worker-1] INFO  server.Server (Server.java:doStart(415)) - Started @13121ms
2025-09-11 04:24:31,111 [ForkJoinPool-1-worker-1] WARN  impl.MetricsSystemImpl (MetricsSystemImpl.java:register(279)) - Sink prometheus already exists!
2025-09-11 04:24:31,111 [ForkJoinPool-1-worker-1] INFO  http.BaseHttpServer (BaseHttpServer.java:updateConnectorAddress(357)) - HTTP server of recon listening at http://localhost:15000
2025-09-11 04:24:31,111 [ForkJoinPool-1-worker-1] INFO  impl.OzoneManagerServiceProviderImpl (OzoneManagerServiceProviderImpl.java:start(245)) - Starting Ozone Manager Service Provider.
2025-09-11 04:24:31,111 [ForkJoinPool-1-worker-1] INFO  recovery.ReconOmMetadataManagerImpl (ReconOmMetadataManagerImpl.java:start(104)) - Starting ReconOMMetadataManagerImpl
2025-09-11 04:24:31,112 [ForkJoinPool-1-worker-1] INFO  tasks.ReconTaskControllerImpl (ReconTaskControllerImpl.java:start(285)) - Starting Recon Task Controller.
2025-09-11 04:24:31,112 [ForkJoinPool-1-worker-1] INFO  tasks.ReconTaskControllerImpl (ReconTaskControllerImpl.java:start(299)) - Started async event processing thread.
2025-09-11 04:24:31,113 [ReconEventProcessor-0] INFO  tasks.ReconTaskControllerImpl (ReconTaskControllerImpl.java:processBufferedEventsAsync(379)) - Started async buffered event processing thread
2025-09-11 04:24:31,126 [ForkJoinPool-1-worker-1] INFO  impl.OzoneManagerServiceProviderImpl (OzoneManagerServiceProviderImpl.java:start(318)) - Ozone Manager Service Provider is started.
2025-09-11 04:24:31,126 [ForkJoinPool-1-worker-1] INFO  scm.ReconStorageContainerManagerFacade (ReconStorageContainerManagerFacade.java:start(383)) - Recon ScmDatanodeProtocol RPC server is listening at /0.0.0.0:15001
2025-09-11 04:24:31,320 [ReplicationMonitor] INFO  replication.ReplicationManager (ReplicationManager.java:processAll(359)) - Replication Manager is not ready to run until 3000ms after safemode exit
2025-09-11 04:24:31,331 [ForkJoinPool-1-worker-1] INFO  scm.ReconStorageContainerManagerFacade (ReconStorageContainerManagerFacade.java:initializePipelinesFromScm(483)) - Obtained 0 pipelines from SCM.
2025-09-11 04:24:31,332 [ForkJoinPool-1-worker-1] INFO  scm.ReconPipelineManager (ReconPipelineManager.java:initializePipelines(101)) - Recon has 0 pipelines in house.
2025-09-11 04:24:31,332 [ForkJoinPool-1-worker-1] INFO  scm.ReconStorageContainerManagerFacade (ReconStorageContainerManagerFacade.java:start(396)) - SCM DB initialized
2025-09-11 04:24:31,333 [ForkJoinPool-1-worker-1] INFO  server.SCMDatanodeProtocolServer (SCMDatanodeProtocolServer.java:start(195)) - ScmDatanodeProtocol RPC server for DataNodes is listening at /0.0.0.0:15001
2025-09-11 04:24:31,335 [IPC Server Responder] INFO  ipc.Server (Server.java:run(1713)) - IPC Server Responder: starting
2025-09-11 04:24:31,335 [IPC Server listener on 15001] INFO  ipc.Server (Server.java:run(1553)) - IPC Server listener on 15001: starting
2025-09-11 04:24:32,321 [ReplicationMonitor] INFO  replication.ReplicationManager (ReplicationManager.java:processAll(359)) - Replication Manager is not ready to run until 3000ms after safemode exit
2025-09-11 04:24:33,321 [ReplicationMonitor] INFO  replication.ReplicationManager (ReplicationManager.java:processAll(359)) - Replication Manager is not ready to run until 3000ms after safemode exit
2025-09-11 04:24:34,322 [ReplicationMonitor] INFO  replication.ReplicationManager (ReplicationManager.java:processAll(359)) - Replication Manager is not ready to run until 3000ms after safemode exit
2025-09-11 04:24:35,322 [ReplicationMonitor] INFO  replication.ReplicationManager (ReplicationManager.java:processAll(359)) - Replication Manager is not ready to run until 3000ms after safemode exit
2025-09-11 04:24:36,322 [ReplicationMonitor] INFO  replication.ReplicationManager (ReplicationManager.java:processAll(359)) - Replication Manager is not ready to run until 3000ms after safemode exit
2025-09-11 04:24:37,322 [ReplicationMonitor] INFO  replication.ReplicationManager (ReplicationManager.java:processAll(359)) - Replication Manager is not ready to run until 3000ms after safemode exit
2025-09-11 04:24:38,323 [ReplicationMonitor] INFO  replication.ReplicationManager (ReplicationManager.java:processAll(359)) - Replication Manager is not ready to run until 3000ms after safemode exit
2025-09-11 04:24:39,323 [ReplicationMonitor] INFO  replication.ReplicationManager (ReplicationManager.java:processAll(359)) - Replication Manager is not ready to run until 3000ms after safemode exit
2025-09-11 04:24:40,323 [ReplicationMonitor] INFO  replication.ReplicationManager (ReplicationManager.java:processAll(359)) - Replication Manager is not ready to run until 3000ms after safemode exit
2025-09-11 04:24:41,323 [ReplicationMonitor] INFO  replication.ReplicationManager (ReplicationManager.java:processAll(359)) - Replication Manager is not ready to run until 3000ms after safemode exit
2025-09-11 04:24:42,324 [ReplicationMonitor] INFO  replication.ReplicationManager (ReplicationManager.java:processAll(359)) - Replication Manager is not ready to run until 3000ms after safemode exit
2025-09-11 04:24:42,351 [ForkJoinPool-1-worker-1] WARN  fsck.ReconSafeModeMgrTask (ReconSafeModeMgrTask.java:start(85)) - Recon could not exit safe mode after 11000 ms. Exiting safe mode anyway. Please check for any unexpected startup issues
2025-09-11 04:24:42,351 [ForkJoinPool-1-worker-1] INFO  scm.ReconScmTask (ReconScmTask.java:start(47)) - Starting ContainerSizeCountTask Thread.
2025-09-11 04:24:42,352 [ForkJoinPool-1-worker-1] INFO  scm.ReconScmTask (ReconScmTask.java:start(47)) - Starting PipelineSyncTask Thread.
2025-09-11 04:24:42,352 [ForkJoinPool-1-worker-1] INFO  scm.ReconScmTask (ReconScmTask.java:start(47)) - Starting ContainerHealthTask Thread.
2025-09-11 04:24:42,352 [ForkJoinPool-1-worker-1] INFO  scm.ReconStorageContainerManagerFacade (ReconStorageContainerManagerFacade.java:start(434)) - Successfully started Recon Storage Container Manager.
2025-09-11 04:24:42,353 [JvmPauseMonitor3] INFO  util.JvmPauseMonitor (JvmPauseMonitor.java:run(146)) - JvmPauseMonitor-Recon: Started
2025-09-11 04:24:42,353 [ForkJoinPool-1-worker-1] INFO  recon.ReconServer (ReconServer.java:call(168)) - Finalizing Layout Features.
2025-09-11 04:24:42,376 [ForkJoinPool-1-worker-1] INFO  reflections.Reflections (Reflections.java:scan(219)) - Reflections took 3 ms to scan 1 urls, producing 6 keys and 13 values
2025-09-11 04:24:42,387 [ForkJoinPool-1-worker-1] INFO  upgrade.ReconLayoutVersionManager (ReconLayoutVersionManager.java:getRegisteredFeatures(133)) - Current MLV: 3. SLV: 3. Checking features for registration...
2025-09-11 04:24:42,389 [ContainerHealthTask] INFO  updater.ReconTaskStatusUpdater (ReconTaskStatusUpdater.java:updateDetails(124)) - Registered Task: ContainerHealthTask
2025-09-11 04:24:42,389 [ForkJoinPool-1-worker-1] INFO  recon.ReconServer (ReconServer.java:call(179)) - Recon schema versioning completed.
2025-09-11 04:24:42,389 [ForkJoinPool-1-worker-1] INFO  recon.ReconServer (ReconServer.java:call(181)) - Recon server initialized successfully!
2025-09-11 04:24:42,390 [PipelineSyncTask] INFO  updater.ReconTaskStatusUpdater (ReconTaskStatusUpdater.java:updateDetails(124)) - Registered Task: PipelineSyncTask
2025-09-11 04:24:42,397 [PipelineSyncTask] INFO  scm.ReconPipelineManager (ReconPipelineManager.java:initializePipelines(101)) - Recon has 0 pipelines in house.
2025-09-11 04:24:42,400 [ContainerHealthTask] INFO  fsck.ContainerHealthTask (ContainerHealthTask.java:checkAndProcessContainers(194)) - Container Health task thread took 0 iterations to fetch all containers using batched approach with batch size of 1000
2025-09-11 04:24:42,415 [ForkJoinPool-1-worker-1] WARN  dropwizard3.Dm3MetricRegistriesImpl (Dm3MetricRegistriesImpl.java:addReporterRegistration(114)) - New reporters are added after registries were created. Some metrics will be missing from the reporter. Please add reporter before adding any new registry.
2025-09-11 04:24:42,415 [ForkJoinPool-1-worker-1] WARN  dropwizard3.Dm3MetricRegistriesImpl (Dm3MetricRegistriesImpl.java:addReporterRegistration(114)) - New reporters are added after registries were created. Some metrics will be missing from the reporter. Please add reporter before adding any new registry.
2025-09-11 04:24:42,415 [ForkJoinPool-1-worker-1] INFO  impl.MetricsSystemImpl (MetricsSystemImpl.java:init(158)) - HddsDatanode metrics system started (again)
2025-09-11 04:24:42,437 [ForkJoinPool-1-worker-1] INFO  protocol.DatanodeDetails (DatanodeDetails.java:validateDatanodeIpAddress(199)) - Updating IP address of datanode 42a5f925-1bc2-4f8a-8509-c5ae65e6fcde(localhost/null) to 127.0.0.1
2025-09-11 04:24:42,438 [ForkJoinPool-1-worker-1] INFO  ozone.HddsDatanodeService (HddsDatanodeService.java:start(236)) - HddsDatanodeService 42a5f925-1bc2-4f8a-8509-c5ae65e6fcde(localhost/127.0.0.1)
2025-09-11 04:24:42,444 [ForkJoinPool-1-worker-1] INFO  upgrade.AbstractLayoutVersionManager (AbstractLayoutVersionManager.java:init(80)) - Initializing Layout version manager with metadata layout = WITNESSED_CONTAINER_DB_PROTO_VALUE (version = 9), software layout = WITNESSED_CONTAINER_DB_PROTO_VALUE (version = 9)
2025-09-11 04:24:42,446 [ForkJoinPool-1-worker-1] INFO  statemachine.DatanodeStateMachine (DatanodeStateMachine.java:getEndPointTaskThreadPoolSize(305)) - Datanode State Machine Task Thread Pool size 2
2025-09-11 04:24:42,486 [ForkJoinPool-1-worker-1] INFO  fs.SaveSpaceUsageToFile (SaveSpaceUsageToFile.java:load(92)) - Cached usage info file /home/runner/work/ozone/ozone/hadoop-ozone/integration-test-recon/target/test-dir/MiniOzoneClusterImpl-e405f726-f354-48a5-b90a-334fe627f997/ozone-metadata/datanode-1/data-0/scmUsed not found
2025-09-11 04:24:42,496 [ForkJoinPool-1-worker-1] INFO  volume.HddsVolume (HddsVolume.java:<init>(162)) - HddsVolume: { id=DS-c84d3024-8d77-476e-aa95-b634f5429ead dir=/home/runner/work/ozone/ozone/hadoop-ozone/integration-test-recon/target/test-dir/MiniOzoneClusterImpl-e405f726-f354-48a5-b90a-334fe627f997/ozone-metadata/datanode-1/data-0/hdds type=DISK capacity=76879465972 used=0 available=23418863616 minFree=5368709120 committed=0 }
2025-09-11 04:24:42,496 [ForkJoinPool-1-worker-1] INFO  volume.MutableVolumeSet (MutableVolumeSet.java:initializeVolumeSet(175)) - Added Volume : /home/runner/work/ozone/ozone/hadoop-ozone/integration-test-recon/target/test-dir/MiniOzoneClusterImpl-e405f726-f354-48a5-b90a-334fe627f997/ozone-metadata/datanode-1/data-0/hdds to VolumeSet
2025-09-11 04:24:42,499 [ForkJoinPool-1-worker-1] INFO  fs.SaveSpaceUsageToFile (SaveSpaceUsageToFile.java:load(92)) - Cached usage info file /home/runner/work/ozone/ozone/hadoop-ozone/integration-test-recon/target/test-dir/MiniOzoneClusterImpl-e405f726-f354-48a5-b90a-334fe627f997/ozone-metadata/datanode-1/ratis/scmUsed not found
2025-09-11 04:24:42,500 [ForkJoinPool-1-worker-1] INFO  volume.MutableVolumeSet (MutableVolumeSet.java:initializeVolumeSet(175)) - Added Volume : /home/runner/work/ozone/ozone/hadoop-ozone/integration-test-recon/target/test-dir/MiniOzoneClusterImpl-e405f726-f354-48a5-b90a-334fe627f997/ozone-metadata/datanode-1/ratis to VolumeSet
2025-09-11 04:24:42,503 [ForkJoinPool-1-worker-1] INFO  ozoneimpl.OzoneContainer (HddsVolumeUtil.java:loadAllHddsVolumeDbStore(102)) - Load 1 volumes DbStore cost: 0ms
2025-09-11 04:24:42,508 [ForkJoinPool-1-worker-1] WARN  db.DBStoreBuilder (DBStoreBuilder.java:getDBDirPath(158)) - ozone.scm.datanode.id.dir is not configured. We recommend adding this setting. Falling back to ozone.metadata.dirs instead.
2025-09-11 04:24:42,511 [ForkJoinPool-1-worker-1] WARN  db.DBStoreBuilder (DBStoreBuilder.java:getDBDirPath(158)) - ozone.scm.datanode.id.dir is not configured. We recommend adding this setting. Falling back to ozone.metadata.dirs instead.
2025-09-11 04:24:42,528 [ForkJoinPool-1-worker-1] INFO  lib.Interns (Interns.java:removeEldestEntry(50)) - Metrics intern cache overflow at 2011 for MetricsSystem={MetricsSystem=MetricsInfoImpl{name=MetricsSystem, description=MetricsSystem}, MetricsSystem record=MetricsInfoImpl{name=MetricsSystem, description=MetricsSystem record}}
2025-09-11 04:24:42,553 [ForkJoinPool-1-worker-1] INFO  impl.FilePerChunkStrategy (FilePerChunkStrategy.java:<init>(79)) - ozone.chunk.read.mapped.buffer.max.count is load with 0
2025-09-11 04:24:42,556 [ForkJoinPool-1-worker-1] INFO  impl.FilePerBlockStrategy (FilePerBlockStrategy.java:<init>(88)) - ozone.chunk.read.mapped.buffer.max.count is load with 0
2025-09-11 04:24:42,584 [ForkJoinPool-1-worker-1] INFO  audit.AuditLogger (AuditLogger.java:refreshDebugCmdSet(133)) - Refresh DebugCmdSet for DNAudit to [].
2025-09-11 04:24:42,600 [ForkJoinPool-1-worker-1] INFO  server.RaftServerConfigKeys (ConfUtils.java:logGet(62)) - raft.server.log.appender.buffer.byte-limit = 33554432 (custom)
2025-09-11 04:24:42,610 [ForkJoinPool-1-worker-1] INFO  grpc.GrpcConfigKeys (ConfUtils.java:logFallback(69)) - raft.grpc.admin.host = null (fallback to raft.grpc.server.host)
2025-09-11 04:24:42,610 [ForkJoinPool-1-worker-1] INFO  grpc.GrpcConfigKeys (ConfUtils.java:logGet(62)) - raft.grpc.admin.port = 15016 (custom)
2025-09-11 04:24:42,610 [ForkJoinPool-1-worker-1] INFO  grpc.GrpcConfigKeys (ConfUtils.java:logFallback(69)) - raft.grpc.client.host = null (fallback to raft.grpc.server.host)
2025-09-11 04:24:42,610 [ForkJoinPool-1-worker-1] INFO  grpc.GrpcConfigKeys (ConfUtils.java:logGet(62)) - raft.grpc.client.port = 15015 (custom)
2025-09-11 04:24:42,610 [ForkJoinPool-1-worker-1] INFO  grpc.GrpcConfigKeys (ConfUtils.java:logGet(62)) - raft.grpc.server.port = 15017 (custom)
2025-09-11 04:24:42,610 [ForkJoinPool-1-worker-1] INFO  server.GrpcServicesImpl (ConfUtils.java:logGet(62)) - raft.grpc.message.size.max = 34603008 (custom)
2025-09-11 04:24:42,610 [ForkJoinPool-1-worker-1] INFO  server.GrpcServicesImpl (ConfUtils.java:logGet(62)) - raft.grpc.flow.control.window = 5MB (=5242880) (custom)
2025-09-11 04:24:42,611 [ForkJoinPool-1-worker-1] INFO  server.RaftServerConfigKeys (ConfUtils.java:logGet(62)) - raft.server.rpc.request.timeout = 60s (custom)
2025-09-11 04:24:42,611 [ForkJoinPool-1-worker-1] INFO  server.RaftServerConfigKeys (ConfUtils.java:logGet(62)) - raft.server.log.appender.buffer.byte-limit = 33554432 (custom)
2025-09-11 04:24:42,612 [ForkJoinPool-1-worker-1] INFO  impl.DataStreamServerImpl (ConfUtils.java:logGet(62)) - raft.datastream.type = NETTY (custom)
2025-09-11 04:24:42,621 [ForkJoinPool-1-worker-1] INFO  server.RaftServerConfigKeys (ConfUtils.java:logGet(62)) - raft.server.data-stream.async.request.thread.pool.cached = false (default)
2025-09-11 04:24:42,621 [ForkJoinPool-1-worker-1] INFO  server.RaftServerConfigKeys (ConfUtils.java:logGet(62)) - raft.server.data-stream.async.request.thread.pool.size = 20 (custom)
2025-09-11 04:24:42,622 [ForkJoinPool-1-worker-1] INFO  server.RaftServerConfigKeys (ConfUtils.java:logGet(62)) - raft.server.data-stream.async.write.thread.pool.size = 16 (default)
2025-09-11 04:24:42,623 [ForkJoinPool-1-worker-1] INFO  netty.NettyConfigKeys$DataStream (ConfUtils.java:logGet(62)) - raft.netty.dataStream.server.channel.inactive.grace-period = 10min (default)
2025-09-11 04:24:42,623 [ForkJoinPool-1-worker-1] INFO  server.RaftServerConfigKeys (ConfUtils.java:logGet(62)) - raft.server.data-stream.client.pool.size = 10 (default)
2025-09-11 04:24:42,625 [ForkJoinPool-1-worker-1] INFO  netty.NettyConfigKeys$DataStream (ConfUtils.java:logGet(62)) - raft.netty.dataStream.server.use-epoll = true (default)
2025-09-11 04:24:42,625 [ForkJoinPool-1-worker-1] INFO  netty.NettyConfigKeys$DataStream (ConfUtils.java:logGet(62)) - raft.netty.dataStream.server.boss-group.size = 0 (default)
2025-09-11 04:24:42,625 [ForkJoinPool-1-worker-1] INFO  netty.NettyUtils (NettyUtils.java:newEventLoopGroup(74)) - Create EpollEventLoopGroup for 42a5f925-1bc2-4f8a-8509-c5ae65e6fcde-NettyServerStreamRpc-bossGroup; Thread size is 0.
2025-09-11 04:24:42,626 [ForkJoinPool-1-worker-1] INFO  netty.NettyConfigKeys$DataStream (ConfUtils.java:logGet(62)) - raft.netty.dataStream.server.worker-group.size = 0 (default)
2025-09-11 04:24:42,626 [ForkJoinPool-1-worker-1] INFO  netty.NettyUtils (NettyUtils.java:newEventLoopGroup(74)) - Create EpollEventLoopGroup for 42a5f925-1bc2-4f8a-8509-c5ae65e6fcde-NettyServerStreamRpc-workerGroup; Thread size is 0.
2025-09-11 04:24:42,628 [ForkJoinPool-1-worker-1] INFO  netty.NettyConfigKeys$DataStream (ConfUtils.java:logGet(62)) - raft.netty.dataStream.port = 15018 (custom)
2025-09-11 04:24:42,631 [ForkJoinPool-1-worker-1] INFO  server.RaftServerConfigKeys (ConfUtils.java:logGet(62)) - raft.server.storage.dir = [/home/runner/work/ozone/ozone/hadoop-ozone/integration-test-recon/target/test-dir/MiniOzoneClusterImpl-e405f726-f354-48a5-b90a-334fe627f997/ozone-metadata/datanode-1/ratis] (custom)
2025-09-11 04:24:42,632 [42a5f925-1bc2-4f8a-8509-c5ae65e6fcde-impl-thread1] INFO  server.RaftServer (RaftServerProxy.java:initGroupDir(270)) - 42a5f925-1bc2-4f8a-8509-c5ae65e6fcde: found a subdirectory /home/runner/work/ozone/ozone/hadoop-ozone/integration-test-recon/target/test-dir/MiniOzoneClusterImpl-e405f726-f354-48a5-b90a-334fe627f997/ozone-metadata/datanode-1/ratis/tmp
2025-09-11 04:24:42,633 [42a5f925-1bc2-4f8a-8509-c5ae65e6fcde-impl-thread1] INFO  server.RaftServer (RaftServerProxy.java:initGroupDir(275)) - 42a5f925-1bc2-4f8a-8509-c5ae65e6fcde: The directory /home/runner/work/ozone/ozone/hadoop-ozone/integration-test-recon/target/test-dir/MiniOzoneClusterImpl-e405f726-f354-48a5-b90a-334fe627f997/ozone-metadata/datanode-1/ratis/tmp is not a group directory; ignoring it. 
2025-09-11 04:24:42,635 [ForkJoinPool-1-worker-1] INFO  replication.ReplicationServer (ReplicationServer.java:<init>(84)) - Initializing replication server with thread count = 10 queue length = 4096
2025-09-11 04:24:42,639 [42a5f925-1bc2-4f8a-8509-c5ae65e6fcde-NettyServerStreamRpc-bossGroup--thread1] INFO  logging.LoggingHandler (AbstractInternalLogger.java:log(148)) - [id: 0xa2e4e6b4] REGISTERED
2025-09-11 04:24:42,639 [42a5f925-1bc2-4f8a-8509-c5ae65e6fcde-NettyServerStreamRpc-bossGroup--thread1] INFO  logging.LoggingHandler (AbstractInternalLogger.java:log(148)) - [id: 0xa2e4e6b4] BIND: 0.0.0.0/0.0.0.0:15018
2025-09-11 04:24:42,640 [42a5f925-1bc2-4f8a-8509-c5ae65e6fcde-NettyServerStreamRpc-bossGroup--thread1] INFO  logging.LoggingHandler (AbstractInternalLogger.java:log(148)) - [id: 0xa2e4e6b4, L:/0.0.0.0:15018] ACTIVE
2025-09-11 04:24:42,654 [ForkJoinPool-1-worker-1] INFO  server.XceiverServerGrpc (XceiverServerGrpc.java:<init>(130)) - GrpcServer channel type EpollServerSocketChannel
2025-09-11 04:24:42,686 [ForkJoinPool-1-worker-1] INFO  replication.ReplicationSupervisor (ReplicationSupervisor.java:build(169)) - Initializing replication supervisor with thread count = 10
2025-09-11 04:24:42,687 [ForkJoinPool-1-worker-1] INFO  replication.ReplicationSupervisor (ReplicationSupervisor.java:nodeStateUpdated(358)) - Node state updated to IN_SERVICE, scaling executor pool size to 10
2025-09-11 04:24:42,736 [ForkJoinPool-1-worker-1] INFO  http.BaseHttpServer (BaseHttpServer.java:newHttpServer2BuilderForOzone(227)) - Starting Web-server for hddsDatanode at: http://0.0.0.0:15012
2025-09-11 04:24:42,736 [ForkJoinPool-1-worker-1] INFO  http.BaseHttpServer (BaseHttpServer.java:<init>(105)) - Hadoop Security Enabled: false Ozone Security Enabled: false Ozone HTTP Security Enabled: false 
2025-09-11 04:24:42,738 [ForkJoinPool-1-worker-1] WARN  server.AuthenticationFilter (AuthenticationFilter.java:constructSecretProvider(240)) - Unable to initialize FileSignerSecretProvider, falling back to use random secrets. Reason: Could not read signature secret file: /home/runner/hadoop-http-auth-signature-secret
2025-09-11 04:24:42,741 [ForkJoinPool-1-worker-1] INFO  http.HttpServer2 (HttpServer2.java:addGlobalFilter(1041)) - Added global filter 'safety' (class=org.apache.hadoop.hdds.server.http.HttpServer2$QuotingInputFilter)
2025-09-11 04:24:42,742 [ForkJoinPool-1-worker-1] INFO  http.HttpServer2 (HttpServer2.java:addFilter(1017)) - Added filter static_user_filter (class=org.apache.hadoop.http.lib.StaticUserWebFilter$StaticUserFilter) to context hddsDatanode
2025-09-11 04:24:42,743 [ForkJoinPool-1-worker-1] INFO  http.HttpServer2 (HttpServer2.java:addFilter(1025)) - Added filter static_user_filter (class=org.apache.hadoop.http.lib.StaticUserWebFilter$StaticUserFilter) to context static
2025-09-11 04:24:42,743 [ForkJoinPool-1-worker-1] INFO  http.HttpServer2 (HttpServer2.java:addFilter(1025)) - Added filter static_user_filter (class=org.apache.hadoop.http.lib.StaticUserWebFilter$StaticUserFilter) to context logs
2025-09-11 04:24:42,743 [ForkJoinPool-1-worker-1] INFO  http.BaseHttpServer (BaseHttpServer.java:<init>(193)) - HTTP server of hddsDatanode uses base directory /home/runner/work/ozone/ozone/hadoop-ozone/integration-test-recon/target/test-dir/MiniOzoneClusterImpl-e405f726-f354-48a5-b90a-334fe627f997/scm/ozone-metadata/webserver
2025-09-11 04:24:42,744 [ForkJoinPool-1-worker-1] INFO  http.HttpServer2 (HttpServer2.java:bindListener(1241)) - Jetty bound to port 15012
2025-09-11 04:24:42,744 [ForkJoinPool-1-worker-1] INFO  server.Server (Server.java:doStart(375)) - jetty-9.4.58.v20250814; built: 2025-08-14T02:28:49.637Z; git: 8f1440587e9e4ae7db3d74cf205643f3d707148d; jvm 21.0.8+9-LTS
2025-09-11 04:24:42,746 [ForkJoinPool-1-worker-1] INFO  server.session (DefaultSessionIdManager.java:doStart(334)) - DefaultSessionIdManager workerName=node0
2025-09-11 04:24:42,746 [ForkJoinPool-1-worker-1] INFO  server.session (DefaultSessionIdManager.java:doStart(339)) - No SessionScavenger set, using defaults
2025-09-11 04:24:42,746 [ForkJoinPool-1-worker-1] INFO  server.session (HouseKeeper.java:startScavenging(132)) - node0 Scavenging every 660000ms
2025-09-11 04:24:42,747 [ForkJoinPool-1-worker-1] INFO  handler.ContextHandler (ContextHandler.java:doStart(921)) - Started o.e.j.s.ServletContextHandler@46bca084{logs,/logs,file:///home/runner/work/ozone/ozone/hadoop-ozone/integration-test-recon/target/log,AVAILABLE}
2025-09-11 04:24:42,747 [ForkJoinPool-1-worker-1] INFO  handler.ContextHandler (ContextHandler.java:doStart(921)) - Started o.e.j.s.ServletContextHandler@5b2475f1{static,/static,jar:file:/home/runner/work/ozone/ozone/hadoop-hdds/container-service/target/hdds-container-service-2.1.0-SNAPSHOT.jar!/webapps/static,AVAILABLE}
2025-09-11 04:24:42,930 [ForkJoinPool-1-worker-1] INFO  handler.ContextHandler (ContextHandler.java:doStart(921)) - Started o.e.j.w.WebAppContext@62df8134{hddsDatanode,/,file:///home/runner/work/ozone/ozone/hadoop-ozone/integration-test-recon/target/test-dir/MiniOzoneClusterImpl-e405f726-f354-48a5-b90a-334fe627f997/scm/ozone-metadata/webserver/jetty-0_0_0_0-15012-hdds-container-service-2_1_0-SNAPSHOT_jar-_-any-11163751225621501380/webapp/,AVAILABLE}{jar:file:/home/runner/work/ozone/ozone/hadoop-hdds/container-service/target/hdds-container-service-2.1.0-SNAPSHOT.jar!/webapps/hddsDatanode}
2025-09-11 04:24:42,931 [ForkJoinPool-1-worker-1] INFO  server.AbstractConnector (AbstractConnector.java:doStart(333)) - Started ServerConnector@72b5fa73{HTTP/1.1, (http/1.1)}{0.0.0.0:15012}
2025-09-11 04:24:42,931 [ForkJoinPool-1-worker-1] INFO  server.Server (Server.java:doStart(415)) - Started @24941ms
2025-09-11 04:24:42,931 [ForkJoinPool-1-worker-1] WARN  impl.MetricsSystemImpl (MetricsSystemImpl.java:register(279)) - Sink prometheus already exists!
2025-09-11 04:24:42,931 [ForkJoinPool-1-worker-1] INFO  http.BaseHttpServer (BaseHttpServer.java:updateConnectorAddress(357)) - HTTP server of hddsDatanode listening at http://localhost:15012
2025-09-11 04:24:42,933 [ForkJoinPool-1-worker-1] INFO  ipc.CallQueueManager (CallQueueManager.java:<init>(93)) - Using callQueue: class java.util.concurrent.LinkedBlockingQueue, queueCapacity: 1000, scheduler: class org.apache.hadoop.ipc.DefaultRpcScheduler, ipcBackoff: false, ipcFailOver: false.
2025-09-11 04:24:42,934 [ForkJoinPool-1-worker-1] INFO  ipc.Server (Server.java:<init>(1438)) - Listener at 0.0.0.0:15013
2025-09-11 04:24:42,934 [Socket Reader #1 for port 15013] INFO  ipc.Server (Server.java:run(1474)) - Starting Socket Reader #1 for port 15013
2025-09-11 04:24:42,934 [Socket Reader #2 for port 15013] INFO  ipc.Server (Server.java:run(1474)) - Starting Socket Reader #2 for port 15013
2025-09-11 04:24:42,935 [Socket Reader #3 for port 15013] INFO  ipc.Server (Server.java:run(1474)) - Starting Socket Reader #3 for port 15013
2025-09-11 04:24:42,935 [Socket Reader #5 for port 15013] INFO  ipc.Server (Server.java:run(1474)) - Starting Socket Reader #5 for port 15013
2025-09-11 04:24:42,935 [Socket Reader #6 for port 15013] INFO  ipc.Server (Server.java:run(1474)) - Starting Socket Reader #6 for port 15013
2025-09-11 04:24:42,935 [Socket Reader #4 for port 15013] INFO  ipc.Server (Server.java:run(1474)) - Starting Socket Reader #4 for port 15013
2025-09-11 04:24:42,935 [Socket Reader #7 for port 15013] INFO  ipc.Server (Server.java:run(1474)) - Starting Socket Reader #7 for port 15013
2025-09-11 04:24:42,936 [Socket Reader #8 for port 15013] INFO  ipc.Server (Server.java:run(1474)) - Starting Socket Reader #8 for port 15013
2025-09-11 04:24:42,936 [Socket Reader #9 for port 15013] INFO  ipc.Server (Server.java:run(1474)) - Starting Socket Reader #9 for port 15013
2025-09-11 04:24:42,936 [Socket Reader #10 for port 15013] INFO  ipc.Server (Server.java:run(1474)) - Starting Socket Reader #10 for port 15013
2025-09-11 04:24:42,938 [ForkJoinPool-1-worker-1] INFO  ozone.HddsDatanodeService (HddsDatanodeService.java:start(333)) - Datanode start with admins: [runner]
2025-09-11 04:24:42,938 [ForkJoinPool-1-worker-1] INFO  ozone.HddsDatanodeClientProtocolServer (HddsDatanodeClientProtocolServer.java:start(76)) - RPC server for Client /0.0.0.0:15013
2025-09-11 04:24:42,938 [IPC Server Responder] INFO  ipc.Server (Server.java:run(1713)) - IPC Server Responder: starting
2025-09-11 04:24:42,939 [IPC Server listener on 15013] INFO  ipc.Server (Server.java:run(1553)) - IPC Server listener on 15013: starting
2025-09-11 04:24:42,941 [ForkJoinPool-1-worker-1] WARN  dropwizard3.Dm3MetricRegistriesImpl (Dm3MetricRegistriesImpl.java:addReporterRegistration(114)) - New reporters are added after registries were created. Some metrics will be missing from the reporter. Please add reporter before adding any new registry.
2025-09-11 04:24:42,941 [ForkJoinPool-1-worker-1] WARN  dropwizard3.Dm3MetricRegistriesImpl (Dm3MetricRegistriesImpl.java:addReporterRegistration(114)) - New reporters are added after registries were created. Some metrics will be missing from the reporter. Please add reporter before adding any new registry.
2025-09-11 04:24:42,941 [ForkJoinPool-1-worker-1] INFO  impl.MetricsSystemImpl (MetricsSystemImpl.java:init(158)) - HddsDatanode metrics system started (again)
2025-09-11 04:24:42,947 [42a5f925-1bc2-4f8a-8509-c5ae65e6fcde-DatanodeStateMachineDaemonThread] INFO  statemachine.DatanodeStateMachine (DatanodeStateMachine.java:startStateMachineThread(347)) - Ozone container server started.
2025-09-11 04:24:42,959 [42a5f925-1bc2-4f8a-8509-c5ae65e6fcde-DatanodeStateMachineTaskThread-0] INFO  statemachine.SCMConnectionManager (SCMConnectionManager.java:addReconServer(184)) - Adding Recon Server : /127.0.0.1:15001
2025-09-11 04:24:42,960 [ForkJoinPool-1-worker-1] INFO  protocol.DatanodeDetails (DatanodeDetails.java:validateDatanodeIpAddress(199)) - Updating IP address of datanode d5ad88c2-6e7a-4660-bab6-a4e8807a575e(localhost/null) to 127.0.0.1
2025-09-11 04:24:42,960 [ForkJoinPool-1-worker-1] INFO  ozone.HddsDatanodeService (HddsDatanodeService.java:start(236)) - HddsDatanodeService d5ad88c2-6e7a-4660-bab6-a4e8807a575e(localhost/127.0.0.1)
2025-09-11 04:24:42,963 [ForkJoinPool-1-worker-1] INFO  upgrade.AbstractLayoutVersionManager (AbstractLayoutVersionManager.java:init(80)) - Initializing Layout version manager with metadata layout = WITNESSED_CONTAINER_DB_PROTO_VALUE (version = 9), software layout = WITNESSED_CONTAINER_DB_PROTO_VALUE (version = 9)
2025-09-11 04:24:42,964 [ForkJoinPool-1-worker-1] INFO  statemachine.DatanodeStateMachine (DatanodeStateMachine.java:getEndPointTaskThreadPoolSize(305)) - Datanode State Machine Task Thread Pool size 2
2025-09-11 04:24:42,966 [ForkJoinPool-1-worker-1] INFO  fs.SaveSpaceUsageToFile (SaveSpaceUsageToFile.java:load(92)) - Cached usage info file /home/runner/work/ozone/ozone/hadoop-ozone/integration-test-recon/target/test-dir/MiniOzoneClusterImpl-e405f726-f354-48a5-b90a-334fe627f997/ozone-metadata/datanode-2/data-0/scmUsed not found
2025-09-11 04:24:42,968 [ForkJoinPool-1-worker-1] INFO  volume.HddsVolume (HddsVolume.java:<init>(162)) - HddsVolume: { id=DS-bc91be9c-93ec-41a6-98ed-ade8e72215a2 dir=/home/runner/work/ozone/ozone/hadoop-ozone/integration-test-recon/target/test-dir/MiniOzoneClusterImpl-e405f726-f354-48a5-b90a-334fe627f997/ozone-metadata/datanode-2/data-0/hdds type=DISK capacity=76879465972 used=0 available=23396683776 minFree=5368709120 committed=0 }
2025-09-11 04:24:42,968 [ForkJoinPool-1-worker-1] INFO  volume.MutableVolumeSet (MutableVolumeSet.java:initializeVolumeSet(175)) - Added Volume : /home/runner/work/ozone/ozone/hadoop-ozone/integration-test-recon/target/test-dir/MiniOzoneClusterImpl-e405f726-f354-48a5-b90a-334fe627f997/ozone-metadata/datanode-2/data-0/hdds to VolumeSet
2025-09-11 04:24:42,969 [ForkJoinPool-1-worker-1] INFO  fs.SaveSpaceUsageToFile (SaveSpaceUsageToFile.java:load(92)) - Cached usage info file /home/runner/work/ozone/ozone/hadoop-ozone/integration-test-recon/target/test-dir/MiniOzoneClusterImpl-e405f726-f354-48a5-b90a-334fe627f997/ozone-metadata/datanode-2/ratis/scmUsed not found
2025-09-11 04:24:42,970 [ForkJoinPool-1-worker-1] INFO  volume.MutableVolumeSet (MutableVolumeSet.java:initializeVolumeSet(175)) - Added Volume : /home/runner/work/ozone/ozone/hadoop-ozone/integration-test-recon/target/test-dir/MiniOzoneClusterImpl-e405f726-f354-48a5-b90a-334fe627f997/ozone-metadata/datanode-2/ratis to VolumeSet
2025-09-11 04:24:42,971 [ForkJoinPool-1-worker-1] INFO  ozoneimpl.OzoneContainer (HddsVolumeUtil.java:loadAllHddsVolumeDbStore(102)) - Load 1 volumes DbStore cost: 0ms
2025-09-11 04:24:42,971 [ForkJoinPool-1-worker-1] WARN  db.DBStoreBuilder (DBStoreBuilder.java:getDBDirPath(158)) - ozone.scm.datanode.id.dir is not configured. We recommend adding this setting. Falling back to ozone.metadata.dirs instead.
2025-09-11 04:24:42,972 [ForkJoinPool-1-worker-1] WARN  db.DBStoreBuilder (DBStoreBuilder.java:getDBDirPath(158)) - ozone.scm.datanode.id.dir is not configured. We recommend adding this setting. Falling back to ozone.metadata.dirs instead.
2025-09-11 04:24:42,994 [ForkJoinPool-1-worker-1] INFO  impl.FilePerChunkStrategy (FilePerChunkStrategy.java:<init>(79)) - ozone.chunk.read.mapped.buffer.max.count is load with 0
2025-09-11 04:24:42,994 [ForkJoinPool-1-worker-1] INFO  impl.FilePerBlockStrategy (FilePerBlockStrategy.java:<init>(88)) - ozone.chunk.read.mapped.buffer.max.count is load with 0
2025-09-11 04:24:42,995 [ForkJoinPool-1-worker-1] INFO  server.RaftServerConfigKeys (ConfUtils.java:logGet(62)) - raft.server.log.appender.buffer.byte-limit = 33554432 (custom)
2025-09-11 04:24:42,997 [ForkJoinPool-1-worker-1] INFO  grpc.GrpcConfigKeys (ConfUtils.java:logFallback(69)) - raft.grpc.admin.host = null (fallback to raft.grpc.server.host)
2025-09-11 04:24:42,998 [ForkJoinPool-1-worker-1] INFO  grpc.GrpcConfigKeys (ConfUtils.java:logGet(62)) - raft.grpc.admin.port = 15024 (custom)
2025-09-11 04:24:42,999 [ForkJoinPool-1-worker-1] INFO  grpc.GrpcConfigKeys (ConfUtils.java:logFallback(69)) - raft.grpc.client.host = null (fallback to raft.grpc.server.host)
2025-09-11 04:24:42,999 [ForkJoinPool-1-worker-1] INFO  grpc.GrpcConfigKeys (ConfUtils.java:logGet(62)) - raft.grpc.client.port = 15023 (custom)
2025-09-11 04:24:42,999 [ForkJoinPool-1-worker-1] INFO  grpc.GrpcConfigKeys (ConfUtils.java:logGet(62)) - raft.grpc.server.port = 15025 (custom)
2025-09-11 04:24:43,000 [ForkJoinPool-1-worker-1] INFO  server.GrpcServicesImpl (ConfUtils.java:logGet(62)) - raft.grpc.message.size.max = 34603008 (custom)
2025-09-11 04:24:43,000 [ForkJoinPool-1-worker-1] INFO  server.GrpcServicesImpl (ConfUtils.java:logGet(62)) - raft.grpc.flow.control.window = 5MB (=5242880) (custom)
2025-09-11 04:24:43,000 [ForkJoinPool-1-worker-1] INFO  server.RaftServerConfigKeys (ConfUtils.java:logGet(62)) - raft.server.log.appender.buffer.byte-limit = 33554432 (custom)
2025-09-11 04:24:43,002 [ForkJoinPool-1-worker-1] INFO  netty.NettyUtils (NettyUtils.java:newEventLoopGroup(74)) - Create EpollEventLoopGroup for d5ad88c2-6e7a-4660-bab6-a4e8807a575e-NettyServerStreamRpc-bossGroup; Thread size is 0.
2025-09-11 04:24:43,003 [42a5f925-1bc2-4f8a-8509-c5ae65e6fcde-DatanodeStateMachineTaskThread-0] INFO  datanode.InitDatanodeState (InitDatanodeState.java:persistContainerDatanodeDetails(139)) - DatanodeDetails is persisted to /home/runner/work/ozone/ozone/hadoop-ozone/integration-test-recon/target/test-dir/MiniOzoneClusterImpl-e405f726-f354-48a5-b90a-334fe627f997/ozone-metadata/datanode-1/ozone-metadata/datanode.id
2025-09-11 04:24:43,003 [ForkJoinPool-1-worker-1] INFO  netty.NettyUtils (NettyUtils.java:newEventLoopGroup(74)) - Create EpollEventLoopGroup for d5ad88c2-6e7a-4660-bab6-a4e8807a575e-NettyServerStreamRpc-workerGroup; Thread size is 0.
2025-09-11 04:24:43,004 [ForkJoinPool-1-worker-1] INFO  netty.NettyConfigKeys$DataStream (ConfUtils.java:logGet(62)) - raft.netty.dataStream.port = 15026 (custom)
2025-09-11 04:24:43,005 [ForkJoinPool-1-worker-1] INFO  server.RaftServerConfigKeys (ConfUtils.java:logGet(62)) - raft.server.storage.dir = [/home/runner/work/ozone/ozone/hadoop-ozone/integration-test-recon/target/test-dir/MiniOzoneClusterImpl-e405f726-f354-48a5-b90a-334fe627f997/ozone-metadata/datanode-2/ratis] (custom)
2025-09-11 04:24:43,005 [d5ad88c2-6e7a-4660-bab6-a4e8807a575e-NettyServerStreamRpc-bossGroup--thread1] INFO  logging.LoggingHandler (AbstractInternalLogger.java:log(148)) - [id: 0x63190299] REGISTERED
2025-09-11 04:24:43,005 [d5ad88c2-6e7a-4660-bab6-a4e8807a575e-NettyServerStreamRpc-bossGroup--thread1] INFO  logging.LoggingHandler (AbstractInternalLogger.java:log(148)) - [id: 0x63190299] BIND: 0.0.0.0/0.0.0.0:15026
2025-09-11 04:24:43,005 [d5ad88c2-6e7a-4660-bab6-a4e8807a575e-NettyServerStreamRpc-bossGroup--thread1] INFO  logging.LoggingHandler (AbstractInternalLogger.java:log(148)) - [id: 0x63190299, L:/0.0.0.0:15026] ACTIVE
2025-09-11 04:24:43,006 [d5ad88c2-6e7a-4660-bab6-a4e8807a575e-impl-thread1] INFO  server.RaftServer (RaftServerProxy.java:initGroupDir(270)) - d5ad88c2-6e7a-4660-bab6-a4e8807a575e: found a subdirectory /home/runner/work/ozone/ozone/hadoop-ozone/integration-test-recon/target/test-dir/MiniOzoneClusterImpl-e405f726-f354-48a5-b90a-334fe627f997/ozone-metadata/datanode-2/ratis/tmp
2025-09-11 04:24:43,006 [d5ad88c2-6e7a-4660-bab6-a4e8807a575e-impl-thread1] INFO  server.RaftServer (RaftServerProxy.java:initGroupDir(275)) - d5ad88c2-6e7a-4660-bab6-a4e8807a575e: The directory /home/runner/work/ozone/ozone/hadoop-ozone/integration-test-recon/target/test-dir/MiniOzoneClusterImpl-e405f726-f354-48a5-b90a-334fe627f997/ozone-metadata/datanode-2/ratis/tmp is not a group directory; ignoring it. 
2025-09-11 04:24:43,006 [ForkJoinPool-1-worker-1] INFO  replication.ReplicationServer (ReplicationServer.java:<init>(84)) - Initializing replication server with thread count = 10 queue length = 4096
2025-09-11 04:24:43,007 [ForkJoinPool-1-worker-1] INFO  server.XceiverServerGrpc (XceiverServerGrpc.java:<init>(130)) - GrpcServer channel type EpollServerSocketChannel
2025-09-11 04:24:43,009 [ForkJoinPool-1-worker-1] INFO  replication.ReplicationSupervisor (ReplicationSupervisor.java:build(169)) - Initializing replication supervisor with thread count = 10
2025-09-11 04:24:43,010 [ForkJoinPool-1-worker-1] INFO  replication.ReplicationSupervisor (ReplicationSupervisor.java:nodeStateUpdated(358)) - Node state updated to IN_SERVICE, scaling executor pool size to 10
2025-09-11 04:24:43,014 [ForkJoinPool-1-worker-1] INFO  http.BaseHttpServer (BaseHttpServer.java:newHttpServer2BuilderForOzone(227)) - Starting Web-server for hddsDatanode at: http://0.0.0.0:15020
2025-09-11 04:24:43,014 [ForkJoinPool-1-worker-1] INFO  http.BaseHttpServer (BaseHttpServer.java:<init>(105)) - Hadoop Security Enabled: false Ozone Security Enabled: false Ozone HTTP Security Enabled: false 
2025-09-11 04:24:43,015 [ForkJoinPool-1-worker-1] WARN  server.AuthenticationFilter (AuthenticationFilter.java:constructSecretProvider(240)) - Unable to initialize FileSignerSecretProvider, falling back to use random secrets. Reason: Could not read signature secret file: /home/runner/hadoop-http-auth-signature-secret
2025-09-11 04:24:43,018 [ForkJoinPool-1-worker-1] INFO  http.HttpServer2 (HttpServer2.java:addGlobalFilter(1041)) - Added global filter 'safety' (class=org.apache.hadoop.hdds.server.http.HttpServer2$QuotingInputFilter)
2025-09-11 04:24:43,020 [ForkJoinPool-1-worker-1] INFO  http.HttpServer2 (HttpServer2.java:addFilter(1017)) - Added filter static_user_filter (class=org.apache.hadoop.http.lib.StaticUserWebFilter$StaticUserFilter) to context hddsDatanode
2025-09-11 04:24:43,020 [ForkJoinPool-1-worker-1] INFO  http.HttpServer2 (HttpServer2.java:addFilter(1025)) - Added filter static_user_filter (class=org.apache.hadoop.http.lib.StaticUserWebFilter$StaticUserFilter) to context logs
2025-09-11 04:24:43,020 [ForkJoinPool-1-worker-1] INFO  http.HttpServer2 (HttpServer2.java:addFilter(1025)) - Added filter static_user_filter (class=org.apache.hadoop.http.lib.StaticUserWebFilter$StaticUserFilter) to context static
2025-09-11 04:24:43,021 [ForkJoinPool-1-worker-1] INFO  http.BaseHttpServer (BaseHttpServer.java:<init>(193)) - HTTP server of hddsDatanode uses base directory /home/runner/work/ozone/ozone/hadoop-ozone/integration-test-recon/target/test-dir/MiniOzoneClusterImpl-e405f726-f354-48a5-b90a-334fe627f997/scm/ozone-metadata/webserver
2025-09-11 04:24:43,021 [ForkJoinPool-1-worker-1] INFO  http.HttpServer2 (HttpServer2.java:bindListener(1241)) - Jetty bound to port 15020
2025-09-11 04:24:43,021 [ForkJoinPool-1-worker-1] INFO  server.Server (Server.java:doStart(375)) - jetty-9.4.58.v20250814; built: 2025-08-14T02:28:49.637Z; git: 8f1440587e9e4ae7db3d74cf205643f3d707148d; jvm 21.0.8+9-LTS
2025-09-11 04:24:43,024 [ForkJoinPool-1-worker-1] INFO  server.session (DefaultSessionIdManager.java:doStart(334)) - DefaultSessionIdManager workerName=node0
2025-09-11 04:24:43,024 [ForkJoinPool-1-worker-1] INFO  server.session (DefaultSessionIdManager.java:doStart(339)) - No SessionScavenger set, using defaults
2025-09-11 04:24:43,024 [ForkJoinPool-1-worker-1] INFO  server.session (HouseKeeper.java:startScavenging(132)) - node0 Scavenging every 660000ms
2025-09-11 04:24:43,025 [ForkJoinPool-1-worker-1] INFO  handler.ContextHandler (ContextHandler.java:doStart(921)) - Started o.e.j.s.ServletContextHandler@1fa5f403{logs,/logs,file:///home/runner/work/ozone/ozone/hadoop-ozone/integration-test-recon/target/log,AVAILABLE}
2025-09-11 04:24:43,025 [ForkJoinPool-1-worker-1] INFO  handler.ContextHandler (ContextHandler.java:doStart(921)) - Started o.e.j.s.ServletContextHandler@28a8542f{static,/static,jar:file:/home/runner/work/ozone/ozone/hadoop-hdds/container-service/target/hdds-container-service-2.1.0-SNAPSHOT.jar!/webapps/static,AVAILABLE}
2025-09-11 04:24:43,177 [ForkJoinPool-1-worker-1] INFO  handler.ContextHandler (ContextHandler.java:doStart(921)) - Started o.e.j.w.WebAppContext@339a59be{hddsDatanode,/,file:///home/runner/work/ozone/ozone/hadoop-ozone/integration-test-recon/target/test-dir/MiniOzoneClusterImpl-e405f726-f354-48a5-b90a-334fe627f997/scm/ozone-metadata/webserver/jetty-0_0_0_0-15020-hdds-container-service-2_1_0-SNAPSHOT_jar-_-any-8055478502387575492/webapp/,AVAILABLE}{jar:file:/home/runner/work/ozone/ozone/hadoop-hdds/container-service/target/hdds-container-service-2.1.0-SNAPSHOT.jar!/webapps/hddsDatanode}
2025-09-11 04:24:43,177 [ForkJoinPool-1-worker-1] INFO  server.AbstractConnector (AbstractConnector.java:doStart(333)) - Started ServerConnector@40704da8{HTTP/1.1, (http/1.1)}{0.0.0.0:15020}
2025-09-11 04:24:43,177 [ForkJoinPool-1-worker-1] INFO  server.Server (Server.java:doStart(415)) - Started @25188ms
2025-09-11 04:24:43,178 [ForkJoinPool-1-worker-1] WARN  impl.MetricsSystemImpl (MetricsSystemImpl.java:register(279)) - Sink prometheus already exists!
2025-09-11 04:24:43,178 [ForkJoinPool-1-worker-1] INFO  http.BaseHttpServer (BaseHttpServer.java:updateConnectorAddress(357)) - HTTP server of hddsDatanode listening at http://localhost:15020
2025-09-11 04:24:43,178 [ForkJoinPool-1-worker-1] INFO  ipc.CallQueueManager (CallQueueManager.java:<init>(93)) - Using callQueue: class java.util.concurrent.LinkedBlockingQueue, queueCapacity: 1000, scheduler: class org.apache.hadoop.ipc.DefaultRpcScheduler, ipcBackoff: false, ipcFailOver: false.
2025-09-11 04:24:43,178 [ForkJoinPool-1-worker-1] INFO  ipc.Server (Server.java:<init>(1438)) - Listener at 0.0.0.0:15021
2025-09-11 04:24:43,179 [Socket Reader #1 for port 15021] INFO  ipc.Server (Server.java:run(1474)) - Starting Socket Reader #1 for port 15021
2025-09-11 04:24:43,179 [Socket Reader #2 for port 15021] INFO  ipc.Server (Server.java:run(1474)) - Starting Socket Reader #2 for port 15021
2025-09-11 04:24:43,179 [Socket Reader #3 for port 15021] INFO  ipc.Server (Server.java:run(1474)) - Starting Socket Reader #3 for port 15021
2025-09-11 04:24:43,180 [Socket Reader #4 for port 15021] INFO  ipc.Server (Server.java:run(1474)) - Starting Socket Reader #4 for port 15021
2025-09-11 04:24:43,180 [Socket Reader #5 for port 15021] INFO  ipc.Server (Server.java:run(1474)) - Starting Socket Reader #5 for port 15021
2025-09-11 04:24:43,181 [Socket Reader #6 for port 15021] INFO  ipc.Server (Server.java:run(1474)) - Starting Socket Reader #6 for port 15021
2025-09-11 04:24:43,182 [Socket Reader #7 for port 15021] INFO  ipc.Server (Server.java:run(1474)) - Starting Socket Reader #7 for port 15021
2025-09-11 04:24:43,182 [Socket Reader #8 for port 15021] INFO  ipc.Server (Server.java:run(1474)) - Starting Socket Reader #8 for port 15021
2025-09-11 04:24:43,182 [Socket Reader #9 for port 15021] INFO  ipc.Server (Server.java:run(1474)) - Starting Socket Reader #9 for port 15021
2025-09-11 04:24:43,183 [Socket Reader #10 for port 15021] INFO  ipc.Server (Server.java:run(1474)) - Starting Socket Reader #10 for port 15021
2025-09-11 04:24:43,185 [ForkJoinPool-1-worker-1] INFO  ozone.HddsDatanodeService (HddsDatanodeService.java:start(333)) - Datanode start with admins: [runner]
2025-09-11 04:24:43,185 [ForkJoinPool-1-worker-1] INFO  ozone.HddsDatanodeClientProtocolServer (HddsDatanodeClientProtocolServer.java:start(76)) - RPC server for Client /0.0.0.0:15021
2025-09-11 04:24:43,186 [IPC Server Responder] INFO  ipc.Server (Server.java:run(1713)) - IPC Server Responder: starting
2025-09-11 04:24:43,187 [IPC Server listener on 15021] INFO  ipc.Server (Server.java:run(1553)) - IPC Server listener on 15021: starting
2025-09-11 04:24:43,188 [ForkJoinPool-1-worker-1] WARN  dropwizard3.Dm3MetricRegistriesImpl (Dm3MetricRegistriesImpl.java:addReporterRegistration(114)) - New reporters are added after registries were created. Some metrics will be missing from the reporter. Please add reporter before adding any new registry.
2025-09-11 04:24:43,189 [ForkJoinPool-1-worker-1] WARN  dropwizard3.Dm3MetricRegistriesImpl (Dm3MetricRegistriesImpl.java:addReporterRegistration(114)) - New reporters are added after registries were created. Some metrics will be missing from the reporter. Please add reporter before adding any new registry.
2025-09-11 04:24:43,189 [ForkJoinPool-1-worker-1] INFO  impl.MetricsSystemImpl (MetricsSystemImpl.java:init(158)) - HddsDatanode metrics system started (again)
2025-09-11 04:24:43,191 [d5ad88c2-6e7a-4660-bab6-a4e8807a575e-DatanodeStateMachineDaemonThread] INFO  statemachine.DatanodeStateMachine (DatanodeStateMachine.java:startStateMachineThread(347)) - Ozone container server started.
2025-09-11 04:24:43,194 [d5ad88c2-6e7a-4660-bab6-a4e8807a575e-DatanodeStateMachineTaskThread-0] INFO  statemachine.SCMConnectionManager (SCMConnectionManager.java:addReconServer(184)) - Adding Recon Server : /127.0.0.1:15001
2025-09-11 04:24:43,200 [d5ad88c2-6e7a-4660-bab6-a4e8807a575e-DatanodeStateMachineTaskThread-0] INFO  datanode.InitDatanodeState (InitDatanodeState.java:persistContainerDatanodeDetails(139)) - DatanodeDetails is persisted to /home/runner/work/ozone/ozone/hadoop-ozone/integration-test-recon/target/test-dir/MiniOzoneClusterImpl-e405f726-f354-48a5-b90a-334fe627f997/ozone-metadata/datanode-2/ozone-metadata/datanode.id
2025-09-11 04:24:43,204 [ForkJoinPool-1-worker-1] INFO  protocol.DatanodeDetails (DatanodeDetails.java:validateDatanodeIpAddress(199)) - Updating IP address of datanode 86475e3c-5cf0-45b3-a002-22fb0eea734c(localhost/null) to 127.0.0.1
2025-09-11 04:24:43,204 [ForkJoinPool-1-worker-1] INFO  ozone.HddsDatanodeService (HddsDatanodeService.java:start(236)) - HddsDatanodeService 86475e3c-5cf0-45b3-a002-22fb0eea734c(localhost/127.0.0.1)
2025-09-11 04:24:43,207 [ForkJoinPool-1-worker-1] INFO  upgrade.AbstractLayoutVersionManager (AbstractLayoutVersionManager.java:init(80)) - Initializing Layout version manager with metadata layout = WITNESSED_CONTAINER_DB_PROTO_VALUE (version = 9), software layout = WITNESSED_CONTAINER_DB_PROTO_VALUE (version = 9)
2025-09-11 04:24:43,208 [ForkJoinPool-1-worker-1] INFO  statemachine.DatanodeStateMachine (DatanodeStateMachine.java:getEndPointTaskThreadPoolSize(305)) - Datanode State Machine Task Thread Pool size 2
2025-09-11 04:24:43,211 [ForkJoinPool-1-worker-1] INFO  fs.SaveSpaceUsageToFile (SaveSpaceUsageToFile.java:load(92)) - Cached usage info file /home/runner/work/ozone/ozone/hadoop-ozone/integration-test-recon/target/test-dir/MiniOzoneClusterImpl-e405f726-f354-48a5-b90a-334fe627f997/ozone-metadata/datanode-3/data-0/scmUsed not found
2025-09-11 04:24:43,213 [ForkJoinPool-1-worker-1] INFO  volume.HddsVolume (HddsVolume.java:<init>(162)) - HddsVolume: { id=DS-1ddb25d9-9375-4fa5-b751-52d204b1bc6d dir=/home/runner/work/ozone/ozone/hadoop-ozone/integration-test-recon/target/test-dir/MiniOzoneClusterImpl-e405f726-f354-48a5-b90a-334fe627f997/ozone-metadata/datanode-3/data-0/hdds type=DISK capacity=76879465972 used=0 available=23374495744 minFree=5368709120 committed=0 }
2025-09-11 04:24:43,213 [ForkJoinPool-1-worker-1] INFO  volume.MutableVolumeSet (MutableVolumeSet.java:initializeVolumeSet(175)) - Added Volume : /home/runner/work/ozone/ozone/hadoop-ozone/integration-test-recon/target/test-dir/MiniOzoneClusterImpl-e405f726-f354-48a5-b90a-334fe627f997/ozone-metadata/datanode-3/data-0/hdds to VolumeSet
2025-09-11 04:24:43,214 [ForkJoinPool-1-worker-1] INFO  fs.SaveSpaceUsageToFile (SaveSpaceUsageToFile.java:load(92)) - Cached usage info file /home/runner/work/ozone/ozone/hadoop-ozone/integration-test-recon/target/test-dir/MiniOzoneClusterImpl-e405f726-f354-48a5-b90a-334fe627f997/ozone-metadata/datanode-3/ratis/scmUsed not found
2025-09-11 04:24:43,215 [ForkJoinPool-1-worker-1] INFO  volume.MutableVolumeSet (MutableVolumeSet.java:initializeVolumeSet(175)) - Added Volume : /home/runner/work/ozone/ozone/hadoop-ozone/integration-test-recon/target/test-dir/MiniOzoneClusterImpl-e405f726-f354-48a5-b90a-334fe627f997/ozone-metadata/datanode-3/ratis to VolumeSet
2025-09-11 04:24:43,216 [ForkJoinPool-1-worker-1] INFO  ozoneimpl.OzoneContainer (HddsVolumeUtil.java:loadAllHddsVolumeDbStore(102)) - Load 1 volumes DbStore cost: 1ms
2025-09-11 04:24:43,217 [ForkJoinPool-1-worker-1] WARN  db.DBStoreBuilder (DBStoreBuilder.java:getDBDirPath(158)) - ozone.scm.datanode.id.dir is not configured. We recommend adding this setting. Falling back to ozone.metadata.dirs instead.
2025-09-11 04:24:43,219 [ForkJoinPool-1-worker-1] WARN  db.DBStoreBuilder (DBStoreBuilder.java:getDBDirPath(158)) - ozone.scm.datanode.id.dir is not configured. We recommend adding this setting. Falling back to ozone.metadata.dirs instead.
2025-09-11 04:24:43,235 [ForkJoinPool-1-worker-1] INFO  impl.FilePerChunkStrategy (FilePerChunkStrategy.java:<init>(79)) - ozone.chunk.read.mapped.buffer.max.count is load with 0
2025-09-11 04:24:43,235 [ForkJoinPool-1-worker-1] INFO  impl.FilePerBlockStrategy (FilePerBlockStrategy.java:<init>(88)) - ozone.chunk.read.mapped.buffer.max.count is load with 0
2025-09-11 04:24:43,236 [ForkJoinPool-1-worker-1] INFO  server.RaftServerConfigKeys (ConfUtils.java:logGet(62)) - raft.server.log.appender.buffer.byte-limit = 33554432 (custom)
2025-09-11 04:24:43,238 [ForkJoinPool-1-worker-1] INFO  grpc.GrpcConfigKeys (ConfUtils.java:logFallback(69)) - raft.grpc.admin.host = null (fallback to raft.grpc.server.host)
2025-09-11 04:24:43,238 [ForkJoinPool-1-worker-1] INFO  grpc.GrpcConfigKeys (ConfUtils.java:logGet(62)) - raft.grpc.admin.port = 15032 (custom)
2025-09-11 04:24:43,238 [ForkJoinPool-1-worker-1] INFO  grpc.GrpcConfigKeys (ConfUtils.java:logFallback(69)) - raft.grpc.client.host = null (fallback to raft.grpc.server.host)
2025-09-11 04:24:43,238 [ForkJoinPool-1-worker-1] INFO  grpc.GrpcConfigKeys (ConfUtils.java:logGet(62)) - raft.grpc.client.port = 15031 (custom)
2025-09-11 04:24:43,238 [ForkJoinPool-1-worker-1] INFO  grpc.GrpcConfigKeys (ConfUtils.java:logGet(62)) - raft.grpc.server.port = 15033 (custom)
2025-09-11 04:24:43,239 [ForkJoinPool-1-worker-1] INFO  server.GrpcServicesImpl (ConfUtils.java:logGet(62)) - raft.grpc.message.size.max = 34603008 (custom)
2025-09-11 04:24:43,240 [ForkJoinPool-1-worker-1] INFO  server.GrpcServicesImpl (ConfUtils.java:logGet(62)) - raft.grpc.flow.control.window = 5MB (=5242880) (custom)
2025-09-11 04:24:43,240 [ForkJoinPool-1-worker-1] INFO  server.RaftServerConfigKeys (ConfUtils.java:logGet(62)) - raft.server.log.appender.buffer.byte-limit = 33554432 (custom)
2025-09-11 04:24:43,243 [ForkJoinPool-1-worker-1] INFO  netty.NettyUtils (NettyUtils.java:newEventLoopGroup(74)) - Create EpollEventLoopGroup for 86475e3c-5cf0-45b3-a002-22fb0eea734c-NettyServerStreamRpc-bossGroup; Thread size is 0.
2025-09-11 04:24:43,244 [ForkJoinPool-1-worker-1] INFO  netty.NettyUtils (NettyUtils.java:newEventLoopGroup(74)) - Create EpollEventLoopGroup for 86475e3c-5cf0-45b3-a002-22fb0eea734c-NettyServerStreamRpc-workerGroup; Thread size is 0.
2025-09-11 04:24:43,245 [ForkJoinPool-1-worker-1] INFO  netty.NettyConfigKeys$DataStream (ConfUtils.java:logGet(62)) - raft.netty.dataStream.port = 15034 (custom)
2025-09-11 04:24:43,246 [ForkJoinPool-1-worker-1] INFO  server.RaftServerConfigKeys (ConfUtils.java:logGet(62)) - raft.server.storage.dir = [/home/runner/work/ozone/ozone/hadoop-ozone/integration-test-recon/target/test-dir/MiniOzoneClusterImpl-e405f726-f354-48a5-b90a-334fe627f997/ozone-metadata/datanode-3/ratis] (custom)
2025-09-11 04:24:43,246 [86475e3c-5cf0-45b3-a002-22fb0eea734c-NettyServerStreamRpc-bossGroup--thread1] INFO  logging.LoggingHandler (AbstractInternalLogger.java:log(148)) - [id: 0xcd45c61d] REGISTERED
2025-09-11 04:24:43,246 [86475e3c-5cf0-45b3-a002-22fb0eea734c-NettyServerStreamRpc-bossGroup--thread1] INFO  logging.LoggingHandler (AbstractInternalLogger.java:log(148)) - [id: 0xcd45c61d] BIND: 0.0.0.0/0.0.0.0:15034
2025-09-11 04:24:43,246 [86475e3c-5cf0-45b3-a002-22fb0eea734c-NettyServerStreamRpc-bossGroup--thread1] INFO  logging.LoggingHandler (AbstractInternalLogger.java:log(148)) - [id: 0xcd45c61d, L:/0.0.0.0:15034] ACTIVE
2025-09-11 04:24:43,247 [86475e3c-5cf0-45b3-a002-22fb0eea734c-impl-thread1] INFO  server.RaftServer (RaftServerProxy.java:initGroupDir(270)) - 86475e3c-5cf0-45b3-a002-22fb0eea734c: found a subdirectory /home/runner/work/ozone/ozone/hadoop-ozone/integration-test-recon/target/test-dir/MiniOzoneClusterImpl-e405f726-f354-48a5-b90a-334fe627f997/ozone-metadata/datanode-3/ratis/tmp
2025-09-11 04:24:43,247 [86475e3c-5cf0-45b3-a002-22fb0eea734c-impl-thread1] INFO  server.RaftServer (RaftServerProxy.java:initGroupDir(275)) - 86475e3c-5cf0-45b3-a002-22fb0eea734c: The directory /home/runner/work/ozone/ozone/hadoop-ozone/integration-test-recon/target/test-dir/MiniOzoneClusterImpl-e405f726-f354-48a5-b90a-334fe627f997/ozone-metadata/datanode-3/ratis/tmp is not a group directory; ignoring it. 
2025-09-11 04:24:43,247 [ForkJoinPool-1-worker-1] INFO  replication.ReplicationServer (ReplicationServer.java:<init>(84)) - Initializing replication server with thread count = 10 queue length = 4096
2025-09-11 04:24:43,248 [ForkJoinPool-1-worker-1] INFO  server.XceiverServerGrpc (XceiverServerGrpc.java:<init>(130)) - GrpcServer channel type EpollServerSocketChannel
2025-09-11 04:24:43,250 [ForkJoinPool-1-worker-1] INFO  replication.ReplicationSupervisor (ReplicationSupervisor.java:build(169)) - Initializing replication supervisor with thread count = 10
2025-09-11 04:24:43,250 [ForkJoinPool-1-worker-1] INFO  replication.ReplicationSupervisor (ReplicationSupervisor.java:nodeStateUpdated(358)) - Node state updated to IN_SERVICE, scaling executor pool size to 10
2025-09-11 04:24:43,253 [ForkJoinPool-1-worker-1] INFO  http.BaseHttpServer (BaseHttpServer.java:newHttpServer2BuilderForOzone(227)) - Starting Web-server for hddsDatanode at: http://0.0.0.0:15028
2025-09-11 04:24:43,253 [ForkJoinPool-1-worker-1] INFO  http.BaseHttpServer (BaseHttpServer.java:<init>(105)) - Hadoop Security Enabled: false Ozone Security Enabled: false Ozone HTTP Security Enabled: false 
2025-09-11 04:24:43,255 [ForkJoinPool-1-worker-1] WARN  server.AuthenticationFilter (AuthenticationFilter.java:constructSecretProvider(240)) - Unable to initialize FileSignerSecretProvider, falling back to use random secrets. Reason: Could not read signature secret file: /home/runner/hadoop-http-auth-signature-secret
2025-09-11 04:24:43,257 [ForkJoinPool-1-worker-1] INFO  http.HttpServer2 (HttpServer2.java:addGlobalFilter(1041)) - Added global filter 'safety' (class=org.apache.hadoop.hdds.server.http.HttpServer2$QuotingInputFilter)
2025-09-11 04:24:43,259 [ForkJoinPool-1-worker-1] INFO  http.HttpServer2 (HttpServer2.java:addFilter(1017)) - Added filter static_user_filter (class=org.apache.hadoop.http.lib.StaticUserWebFilter$StaticUserFilter) to context hddsDatanode
2025-09-11 04:24:43,259 [ForkJoinPool-1-worker-1] INFO  http.HttpServer2 (HttpServer2.java:addFilter(1025)) - Added filter static_user_filter (class=org.apache.hadoop.http.lib.StaticUserWebFilter$StaticUserFilter) to context logs
2025-09-11 04:24:43,259 [ForkJoinPool-1-worker-1] INFO  http.HttpServer2 (HttpServer2.java:addFilter(1025)) - Added filter static_user_filter (class=org.apache.hadoop.http.lib.StaticUserWebFilter$StaticUserFilter) to context static
2025-09-11 04:24:43,259 [ForkJoinPool-1-worker-1] INFO  http.BaseHttpServer (BaseHttpServer.java:<init>(193)) - HTTP server of hddsDatanode uses base directory /home/runner/work/ozone/ozone/hadoop-ozone/integration-test-recon/target/test-dir/MiniOzoneClusterImpl-e405f726-f354-48a5-b90a-334fe627f997/scm/ozone-metadata/webserver
2025-09-11 04:24:43,260 [ForkJoinPool-1-worker-1] INFO  http.HttpServer2 (HttpServer2.java:bindListener(1241)) - Jetty bound to port 15028
2025-09-11 04:24:43,260 [ForkJoinPool-1-worker-1] INFO  server.Server (Server.java:doStart(375)) - jetty-9.4.58.v20250814; built: 2025-08-14T02:28:49.637Z; git: 8f1440587e9e4ae7db3d74cf205643f3d707148d; jvm 21.0.8+9-LTS
2025-09-11 04:24:43,262 [ForkJoinPool-1-worker-1] INFO  server.session (DefaultSessionIdManager.java:doStart(334)) - DefaultSessionIdManager workerName=node0
2025-09-11 04:24:43,262 [ForkJoinPool-1-worker-1] INFO  server.session (DefaultSessionIdManager.java:doStart(339)) - No SessionScavenger set, using defaults
2025-09-11 04:24:43,262 [ForkJoinPool-1-worker-1] INFO  server.session (HouseKeeper.java:startScavenging(132)) - node0 Scavenging every 660000ms
2025-09-11 04:24:43,263 [ForkJoinPool-1-worker-1] INFO  handler.ContextHandler (ContextHandler.java:doStart(921)) - Started o.e.j.s.ServletContextHandler@1233eb8{logs,/logs,file:///home/runner/work/ozone/ozone/hadoop-ozone/integration-test-recon/target/log,AVAILABLE}
2025-09-11 04:24:43,263 [ForkJoinPool-1-worker-1] INFO  handler.ContextHandler (ContextHandler.java:doStart(921)) - Started o.e.j.s.ServletContextHandler@3a1134d{static,/static,jar:file:/home/runner/work/ozone/ozone/hadoop-hdds/container-service/target/hdds-container-service-2.1.0-SNAPSHOT.jar!/webapps/static,AVAILABLE}
2025-09-11 04:24:43,324 [ReplicationMonitor] INFO  replication.ReplicationManager (ReplicationManager.java:processAll(359)) - Replication Manager is not ready to run until 3000ms after safemode exit
2025-09-11 04:24:43,425 [ContainerHealthTask] INFO  fsck.ContainerHealthTask (ContainerHealthTask.java:checkAndProcessContainers(194)) - Container Health task thread took 0 iterations to fetch all containers using batched approach with batch size of 1000
2025-09-11 04:24:43,454 [ForkJoinPool-1-worker-1] INFO  handler.ContextHandler (ContextHandler.java:doStart(921)) - Started o.e.j.w.WebAppContext@1b57238b{hddsDatanode,/,file:///home/runner/work/ozone/ozone/hadoop-ozone/integration-test-recon/target/test-dir/MiniOzoneClusterImpl-e405f726-f354-48a5-b90a-334fe627f997/scm/ozone-metadata/webserver/jetty-0_0_0_0-15028-hdds-container-service-2_1_0-SNAPSHOT_jar-_-any-4594563207753830309/webapp/,AVAILABLE}{jar:file:/home/runner/work/ozone/ozone/hadoop-hdds/container-service/target/hdds-container-service-2.1.0-SNAPSHOT.jar!/webapps/hddsDatanode}
2025-09-11 04:24:43,456 [ForkJoinPool-1-worker-1] INFO  server.AbstractConnector (AbstractConnector.java:doStart(333)) - Started ServerConnector@4a525b7b{HTTP/1.1, (http/1.1)}{0.0.0.0:15028}
2025-09-11 04:24:43,456 [ForkJoinPool-1-worker-1] INFO  server.Server (Server.java:doStart(415)) - Started @25466ms
2025-09-11 04:24:43,457 [ForkJoinPool-1-worker-1] WARN  impl.MetricsSystemImpl (MetricsSystemImpl.java:register(279)) - Sink prometheus already exists!
2025-09-11 04:24:43,457 [ForkJoinPool-1-worker-1] INFO  http.BaseHttpServer (BaseHttpServer.java:updateConnectorAddress(357)) - HTTP server of hddsDatanode listening at http://localhost:15028
2025-09-11 04:24:43,457 [ForkJoinPool-1-worker-1] INFO  ipc.CallQueueManager (CallQueueManager.java:<init>(93)) - Using callQueue: class java.util.concurrent.LinkedBlockingQueue, queueCapacity: 1000, scheduler: class org.apache.hadoop.ipc.DefaultRpcScheduler, ipcBackoff: false, ipcFailOver: false.
2025-09-11 04:24:43,458 [ForkJoinPool-1-worker-1] INFO  ipc.Server (Server.java:<init>(1438)) - Listener at 0.0.0.0:15029
2025-09-11 04:24:43,459 [Socket Reader #1 for port 15029] INFO  ipc.Server (Server.java:run(1474)) - Starting Socket Reader #1 for port 15029
2025-09-11 04:24:43,459 [Socket Reader #2 for port 15029] INFO  ipc.Server (Server.java:run(1474)) - Starting Socket Reader #2 for port 15029
2025-09-11 04:24:43,460 [Socket Reader #4 for port 15029] INFO  ipc.Server (Server.java:run(1474)) - Starting Socket Reader #4 for port 15029
2025-09-11 04:24:43,460 [Socket Reader #3 for port 15029] INFO  ipc.Server (Server.java:run(1474)) - Starting Socket Reader #3 for port 15029
2025-09-11 04:24:43,460 [Socket Reader #5 for port 15029] INFO  ipc.Server (Server.java:run(1474)) - Starting Socket Reader #5 for port 15029
2025-09-11 04:24:43,460 [Socket Reader #6 for port 15029] INFO  ipc.Server (Server.java:run(1474)) - Starting Socket Reader #6 for port 15029
2025-09-11 04:24:43,461 [Socket Reader #7 for port 15029] INFO  ipc.Server (Server.java:run(1474)) - Starting Socket Reader #7 for port 15029
2025-09-11 04:24:43,461 [Socket Reader #8 for port 15029] INFO  ipc.Server (Server.java:run(1474)) - Starting Socket Reader #8 for port 15029
2025-09-11 04:24:43,461 [Socket Reader #9 for port 15029] INFO  ipc.Server (Server.java:run(1474)) - Starting Socket Reader #9 for port 15029
2025-09-11 04:24:43,462 [Socket Reader #10 for port 15029] INFO  ipc.Server (Server.java:run(1474)) - Starting Socket Reader #10 for port 15029
2025-09-11 04:24:43,465 [ForkJoinPool-1-worker-1] INFO  ozone.HddsDatanodeService (HddsDatanodeService.java:start(333)) - Datanode start with admins: [runner]
2025-09-11 04:24:43,465 [ForkJoinPool-1-worker-1] INFO  ozone.HddsDatanodeClientProtocolServer (HddsDatanodeClientProtocolServer.java:start(76)) - RPC server for Client /0.0.0.0:15029
2025-09-11 04:24:43,466 [IPC Server Responder] INFO  ipc.Server (Server.java:run(1713)) - IPC Server Responder: starting
2025-09-11 04:24:43,466 [IPC Server listener on 15029] INFO  ipc.Server (Server.java:run(1553)) - IPC Server listener on 15029: starting
2025-09-11 04:24:43,468 [ForkJoinPool-1-worker-1] WARN  dropwizard3.Dm3MetricRegistriesImpl (Dm3MetricRegistriesImpl.java:addReporterRegistration(114)) - New reporters are added after registries were created. Some metrics will be missing from the reporter. Please add reporter before adding any new registry.
2025-09-11 04:24:43,468 [ForkJoinPool-1-worker-1] WARN  dropwizard3.Dm3MetricRegistriesImpl (Dm3MetricRegistriesImpl.java:addReporterRegistration(114)) - New reporters are added after registries were created. Some metrics will be missing from the reporter. Please add reporter before adding any new registry.
2025-09-11 04:24:43,468 [ForkJoinPool-1-worker-1] INFO  impl.MetricsSystemImpl (MetricsSystemImpl.java:init(158)) - HddsDatanode metrics system started (again)
2025-09-11 04:24:43,474 [86475e3c-5cf0-45b3-a002-22fb0eea734c-DatanodeStateMachineDaemonThread] INFO  statemachine.DatanodeStateMachine (DatanodeStateMachine.java:startStateMachineThread(347)) - Ozone container server started.
2025-09-11 04:24:43,476 [86475e3c-5cf0-45b3-a002-22fb0eea734c-DatanodeStateMachineTaskThread-0] INFO  statemachine.SCMConnectionManager (SCMConnectionManager.java:addReconServer(184)) - Adding Recon Server : /127.0.0.1:15001
2025-09-11 04:24:43,484 [ForkJoinPool-1-worker-1] INFO  protocol.DatanodeDetails (DatanodeDetails.java:validateDatanodeIpAddress(199)) - Updating IP address of datanode 346684e1-b57f-4c29-9507-935dad45bd68(localhost/null) to 127.0.0.1
2025-09-11 04:24:43,485 [ForkJoinPool-1-worker-1] INFO  ozone.HddsDatanodeService (HddsDatanodeService.java:start(236)) - HddsDatanodeService 346684e1-b57f-4c29-9507-935dad45bd68(localhost/127.0.0.1)
2025-09-11 04:24:43,486 [86475e3c-5cf0-45b3-a002-22fb0eea734c-DatanodeStateMachineTaskThread-0] INFO  datanode.InitDatanodeState (InitDatanodeState.java:persistContainerDatanodeDetails(139)) - DatanodeDetails is persisted to /home/runner/work/ozone/ozone/hadoop-ozone/integration-test-recon/target/test-dir/MiniOzoneClusterImpl-e405f726-f354-48a5-b90a-334fe627f997/ozone-metadata/datanode-3/ozone-metadata/datanode.id
2025-09-11 04:24:43,489 [ForkJoinPool-1-worker-1] INFO  upgrade.AbstractLayoutVersionManager (AbstractLayoutVersionManager.java:init(80)) - Initializing Layout version manager with metadata layout = WITNESSED_CONTAINER_DB_PROTO_VALUE (version = 9), software layout = WITNESSED_CONTAINER_DB_PROTO_VALUE (version = 9)
2025-09-11 04:24:43,490 [ForkJoinPool-1-worker-1] INFO  statemachine.DatanodeStateMachine (DatanodeStateMachine.java:getEndPointTaskThreadPoolSize(305)) - Datanode State Machine Task Thread Pool size 2
2025-09-11 04:24:43,494 [ForkJoinPool-1-worker-1] INFO  fs.SaveSpaceUsageToFile (SaveSpaceUsageToFile.java:load(92)) - Cached usage info file /home/runner/work/ozone/ozone/hadoop-ozone/integration-test-recon/target/test-dir/MiniOzoneClusterImpl-e405f726-f354-48a5-b90a-334fe627f997/ozone-metadata/datanode-4/data-0/scmUsed not found
2025-09-11 04:24:43,497 [ForkJoinPool-1-worker-1] INFO  volume.HddsVolume (HddsVolume.java:<init>(162)) - HddsVolume: { id=DS-5d6f6014-4bde-4efc-8795-bcd4a9a0d661 dir=/home/runner/work/ozone/ozone/hadoop-ozone/integration-test-recon/target/test-dir/MiniOzoneClusterImpl-e405f726-f354-48a5-b90a-334fe627f997/ozone-metadata/datanode-4/data-0/hdds type=DISK capacity=76879465972 used=0 available=23352377344 minFree=5368709120 committed=0 }
2025-09-11 04:24:43,498 [ForkJoinPool-1-worker-1] INFO  volume.MutableVolumeSet (MutableVolumeSet.java:initializeVolumeSet(175)) - Added Volume : /home/runner/work/ozone/ozone/hadoop-ozone/integration-test-recon/target/test-dir/MiniOzoneClusterImpl-e405f726-f354-48a5-b90a-334fe627f997/ozone-metadata/datanode-4/data-0/hdds to VolumeSet
2025-09-11 04:24:43,499 [ForkJoinPool-1-worker-1] INFO  fs.SaveSpaceUsageToFile (SaveSpaceUsageToFile.java:load(92)) - Cached usage info file /home/runner/work/ozone/ozone/hadoop-ozone/integration-test-recon/target/test-dir/MiniOzoneClusterImpl-e405f726-f354-48a5-b90a-334fe627f997/ozone-metadata/datanode-4/ratis/scmUsed not found
2025-09-11 04:24:43,499 [ForkJoinPool-1-worker-1] INFO  volume.MutableVolumeSet (MutableVolumeSet.java:initializeVolumeSet(175)) - Added Volume : /home/runner/work/ozone/ozone/hadoop-ozone/integration-test-recon/target/test-dir/MiniOzoneClusterImpl-e405f726-f354-48a5-b90a-334fe627f997/ozone-metadata/datanode-4/ratis to VolumeSet
2025-09-11 04:24:43,500 [ForkJoinPool-1-worker-1] INFO  ozoneimpl.OzoneContainer (HddsVolumeUtil.java:loadAllHddsVolumeDbStore(102)) - Load 1 volumes DbStore cost: 1ms
2025-09-11 04:24:43,501 [ForkJoinPool-1-worker-1] WARN  db.DBStoreBuilder (DBStoreBuilder.java:getDBDirPath(158)) - ozone.scm.datanode.id.dir is not configured. We recommend adding this setting. Falling back to ozone.metadata.dirs instead.
2025-09-11 04:24:43,502 [ForkJoinPool-1-worker-1] WARN  db.DBStoreBuilder (DBStoreBuilder.java:getDBDirPath(158)) - ozone.scm.datanode.id.dir is not configured. We recommend adding this setting. Falling back to ozone.metadata.dirs instead.
2025-09-11 04:24:43,528 [ForkJoinPool-1-worker-1] INFO  impl.FilePerChunkStrategy (FilePerChunkStrategy.java:<init>(79)) - ozone.chunk.read.mapped.buffer.max.count is load with 0
2025-09-11 04:24:43,529 [ForkJoinPool-1-worker-1] INFO  impl.FilePerBlockStrategy (FilePerBlockStrategy.java:<init>(88)) - ozone.chunk.read.mapped.buffer.max.count is load with 0
2025-09-11 04:24:43,531 [ForkJoinPool-1-worker-1] INFO  server.RaftServerConfigKeys (ConfUtils.java:logGet(62)) - raft.server.log.appender.buffer.byte-limit = 33554432 (custom)
2025-09-11 04:24:43,533 [ForkJoinPool-1-worker-1] INFO  grpc.GrpcConfigKeys (ConfUtils.java:logFallback(69)) - raft.grpc.admin.host = null (fallback to raft.grpc.server.host)
2025-09-11 04:24:43,533 [ForkJoinPool-1-worker-1] INFO  grpc.GrpcConfigKeys (ConfUtils.java:logGet(62)) - raft.grpc.admin.port = 15040 (custom)
2025-09-11 04:24:43,533 [ForkJoinPool-1-worker-1] INFO  grpc.GrpcConfigKeys (ConfUtils.java:logFallback(69)) - raft.grpc.client.host = null (fallback to raft.grpc.server.host)
2025-09-11 04:24:43,533 [ForkJoinPool-1-worker-1] INFO  grpc.GrpcConfigKeys (ConfUtils.java:logGet(62)) - raft.grpc.client.port = 15039 (custom)
2025-09-11 04:24:43,533 [ForkJoinPool-1-worker-1] INFO  grpc.GrpcConfigKeys (ConfUtils.java:logGet(62)) - raft.grpc.server.port = 15041 (custom)
2025-09-11 04:24:43,533 [ForkJoinPool-1-worker-1] INFO  server.GrpcServicesImpl (ConfUtils.java:logGet(62)) - raft.grpc.message.size.max = 34603008 (custom)
2025-09-11 04:24:43,534 [ForkJoinPool-1-worker-1] INFO  server.GrpcServicesImpl (ConfUtils.java:logGet(62)) - raft.grpc.flow.control.window = 5MB (=5242880) (custom)
2025-09-11 04:24:43,534 [ForkJoinPool-1-worker-1] INFO  server.RaftServerConfigKeys (ConfUtils.java:logGet(62)) - raft.server.log.appender.buffer.byte-limit = 33554432 (custom)
2025-09-11 04:24:43,535 [ForkJoinPool-1-worker-1] INFO  netty.NettyUtils (NettyUtils.java:newEventLoopGroup(74)) - Create EpollEventLoopGroup for 346684e1-b57f-4c29-9507-935dad45bd68-NettyServerStreamRpc-bossGroup; Thread size is 0.
2025-09-11 04:24:43,536 [ForkJoinPool-1-worker-1] INFO  netty.NettyUtils (NettyUtils.java:newEventLoopGroup(74)) - Create EpollEventLoopGroup for 346684e1-b57f-4c29-9507-935dad45bd68-NettyServerStreamRpc-workerGroup; Thread size is 0.
2025-09-11 04:24:43,537 [ForkJoinPool-1-worker-1] INFO  netty.NettyConfigKeys$DataStream (ConfUtils.java:logGet(62)) - raft.netty.dataStream.port = 15042 (custom)
2025-09-11 04:24:43,539 [ForkJoinPool-1-worker-1] INFO  server.RaftServerConfigKeys (ConfUtils.java:logGet(62)) - raft.server.storage.dir = [/home/runner/work/ozone/ozone/hadoop-ozone/integration-test-recon/target/test-dir/MiniOzoneClusterImpl-e405f726-f354-48a5-b90a-334fe627f997/ozone-metadata/datanode-4/ratis] (custom)
2025-09-11 04:24:43,540 [346684e1-b57f-4c29-9507-935dad45bd68-NettyServerStreamRpc-bossGroup--thread1] INFO  logging.LoggingHandler (AbstractInternalLogger.java:log(148)) - [id: 0x5ce8bbda] REGISTERED
2025-09-11 04:24:43,540 [346684e1-b57f-4c29-9507-935dad45bd68-impl-thread1] INFO  server.RaftServer (RaftServerProxy.java:initGroupDir(270)) - 346684e1-b57f-4c29-9507-935dad45bd68: found a subdirectory /home/runner/work/ozone/ozone/hadoop-ozone/integration-test-recon/target/test-dir/MiniOzoneClusterImpl-e405f726-f354-48a5-b90a-334fe627f997/ozone-metadata/datanode-4/ratis/tmp
2025-09-11 04:24:43,541 [346684e1-b57f-4c29-9507-935dad45bd68-impl-thread1] INFO  server.RaftServer (RaftServerProxy.java:initGroupDir(275)) - 346684e1-b57f-4c29-9507-935dad45bd68: The directory /home/runner/work/ozone/ozone/hadoop-ozone/integration-test-recon/target/test-dir/MiniOzoneClusterImpl-e405f726-f354-48a5-b90a-334fe627f997/ozone-metadata/datanode-4/ratis/tmp is not a group directory; ignoring it. 
2025-09-11 04:24:43,541 [346684e1-b57f-4c29-9507-935dad45bd68-NettyServerStreamRpc-bossGroup--thread1] INFO  logging.LoggingHandler (AbstractInternalLogger.java:log(148)) - [id: 0x5ce8bbda] BIND: 0.0.0.0/0.0.0.0:15042
2025-09-11 04:24:43,541 [ForkJoinPool-1-worker-1] INFO  replication.ReplicationServer (ReplicationServer.java:<init>(84)) - Initializing replication server with thread count = 10 queue length = 4096
2025-09-11 04:24:43,542 [346684e1-b57f-4c29-9507-935dad45bd68-NettyServerStreamRpc-bossGroup--thread1] INFO  logging.LoggingHandler (AbstractInternalLogger.java:log(148)) - [id: 0x5ce8bbda, L:/0.0.0.0:15042] ACTIVE
2025-09-11 04:24:43,543 [ForkJoinPool-1-worker-1] INFO  server.XceiverServerGrpc (XceiverServerGrpc.java:<init>(130)) - GrpcServer channel type EpollServerSocketChannel
2025-09-11 04:24:43,545 [ForkJoinPool-1-worker-1] INFO  replication.ReplicationSupervisor (ReplicationSupervisor.java:build(169)) - Initializing replication supervisor with thread count = 10
2025-09-11 04:24:43,545 [ForkJoinPool-1-worker-1] INFO  replication.ReplicationSupervisor (ReplicationSupervisor.java:nodeStateUpdated(358)) - Node state updated to IN_SERVICE, scaling executor pool size to 10
2025-09-11 04:24:43,550 [ForkJoinPool-1-worker-1] INFO  http.BaseHttpServer (BaseHttpServer.java:newHttpServer2BuilderForOzone(227)) - Starting Web-server for hddsDatanode at: http://0.0.0.0:15036
2025-09-11 04:24:43,550 [ForkJoinPool-1-worker-1] INFO  http.BaseHttpServer (BaseHttpServer.java:<init>(105)) - Hadoop Security Enabled: false Ozone Security Enabled: false Ozone HTTP Security Enabled: false 
2025-09-11 04:24:43,552 [ForkJoinPool-1-worker-1] WARN  server.AuthenticationFilter (AuthenticationFilter.java:constructSecretProvider(240)) - Unable to initialize FileSignerSecretProvider, falling back to use random secrets. Reason: Could not read signature secret file: /home/runner/hadoop-http-auth-signature-secret
2025-09-11 04:24:43,555 [ForkJoinPool-1-worker-1] INFO  http.HttpServer2 (HttpServer2.java:addGlobalFilter(1041)) - Added global filter 'safety' (class=org.apache.hadoop.hdds.server.http.HttpServer2$QuotingInputFilter)
2025-09-11 04:24:43,557 [ForkJoinPool-1-worker-1] INFO  http.HttpServer2 (HttpServer2.java:addFilter(1017)) - Added filter static_user_filter (class=org.apache.hadoop.http.lib.StaticUserWebFilter$StaticUserFilter) to context hddsDatanode
2025-09-11 04:24:43,557 [ForkJoinPool-1-worker-1] INFO  http.HttpServer2 (HttpServer2.java:addFilter(1025)) - Added filter static_user_filter (class=org.apache.hadoop.http.lib.StaticUserWebFilter$StaticUserFilter) to context logs
2025-09-11 04:24:43,557 [ForkJoinPool-1-worker-1] INFO  http.HttpServer2 (HttpServer2.java:addFilter(1025)) - Added filter static_user_filter (class=org.apache.hadoop.http.lib.StaticUserWebFilter$StaticUserFilter) to context static
2025-09-11 04:24:43,558 [ForkJoinPool-1-worker-1] INFO  http.BaseHttpServer (BaseHttpServer.java:<init>(193)) - HTTP server of hddsDatanode uses base directory /home/runner/work/ozone/ozone/hadoop-ozone/integration-test-recon/target/test-dir/MiniOzoneClusterImpl-e405f726-f354-48a5-b90a-334fe627f997/scm/ozone-metadata/webserver
2025-09-11 04:24:43,558 [ForkJoinPool-1-worker-1] INFO  http.HttpServer2 (HttpServer2.java:bindListener(1241)) - Jetty bound to port 15036
2025-09-11 04:24:43,558 [ForkJoinPool-1-worker-1] INFO  server.Server (Server.java:doStart(375)) - jetty-9.4.58.v20250814; built: 2025-08-14T02:28:49.637Z; git: 8f1440587e9e4ae7db3d74cf205643f3d707148d; jvm 21.0.8+9-LTS
2025-09-11 04:24:43,561 [ForkJoinPool-1-worker-1] INFO  server.session (DefaultSessionIdManager.java:doStart(334)) - DefaultSessionIdManager workerName=node0
2025-09-11 04:24:43,561 [ForkJoinPool-1-worker-1] INFO  server.session (DefaultSessionIdManager.java:doStart(339)) - No SessionScavenger set, using defaults
2025-09-11 04:24:43,562 [ForkJoinPool-1-worker-1] INFO  server.session (HouseKeeper.java:startScavenging(132)) - node0 Scavenging every 600000ms
2025-09-11 04:24:43,563 [ForkJoinPool-1-worker-1] INFO  handler.ContextHandler (ContextHandler.java:doStart(921)) - Started o.e.j.s.ServletContextHandler@12c05165{logs,/logs,file:///home/runner/work/ozone/ozone/hadoop-ozone/integration-test-recon/target/log,AVAILABLE}
2025-09-11 04:24:43,566 [ForkJoinPool-1-worker-1] INFO  handler.ContextHandler (ContextHandler.java:doStart(921)) - Started o.e.j.s.ServletContextHandler@3fb82887{static,/static,jar:file:/home/runner/work/ozone/ozone/hadoop-hdds/container-service/target/hdds-container-service-2.1.0-SNAPSHOT.jar!/webapps/static,AVAILABLE}
2025-09-11 04:24:43,594 [42a5f925-1bc2-4f8a-8509-c5ae65e6fcde-EndpointStateMachineTaskThread-/0.0.0.0:15004-0 ] INFO  utils.DatanodeStoreCache (DatanodeStoreCache.java:addDB(70)) - Added db /home/runner/work/ozone/ozone/hadoop-ozone/integration-test-recon/target/test-dir/MiniOzoneClusterImpl-e405f726-f354-48a5-b90a-334fe627f997/ozone-metadata/datanode-1/data-0/hdds/e405f726-f354-48a5-b90a-334fe627f997/DS-cc885a7d-e946-4e9e-b1ac-c78a63197b42/container.db to cache
2025-09-11 04:24:43,595 [42a5f925-1bc2-4f8a-8509-c5ae65e6fcde-EndpointStateMachineTaskThread-/0.0.0.0:15004-0 ] INFO  volume.HddsVolume (HddsVolume.java:createDbStore(576)) - SchemaV3 db is created and loaded at /home/runner/work/ozone/ozone/hadoop-ozone/integration-test-recon/target/test-dir/MiniOzoneClusterImpl-e405f726-f354-48a5-b90a-334fe627f997/ozone-metadata/datanode-1/data-0/hdds/e405f726-f354-48a5-b90a-334fe627f997/DS-cc885a7d-e946-4e9e-b1ac-c78a63197b42/container.db for volume DS-cc885a7d-e946-4e9e-b1ac-c78a63197b42
2025-09-11 04:24:43,604 [42a5f925-1bc2-4f8a-8509-c5ae65e6fcde-ContainerReader-0] INFO  ozoneimpl.ContainerReader (ContainerReader.java:readVolume(147)) - Start to verify containers on volume /home/runner/work/ozone/ozone/hadoop-ozone/integration-test-recon/target/test-dir/MiniOzoneClusterImpl-e405f726-f354-48a5-b90a-334fe627f997/ozone-metadata/datanode-1/data-0/hdds
2025-09-11 04:24:43,604 [42a5f925-1bc2-4f8a-8509-c5ae65e6fcde-ContainerReader-0] INFO  ozoneimpl.ContainerReader (ContainerReader.java:readVolume(177)) - Finish verifying containers on volume /home/runner/work/ozone/ozone/hadoop-ozone/integration-test-recon/target/test-dir/MiniOzoneClusterImpl-e405f726-f354-48a5-b90a-334fe627f997/ozone-metadata/datanode-1/data-0/hdds
2025-09-11 04:24:43,605 [42a5f925-1bc2-4f8a-8509-c5ae65e6fcde-EndpointStateMachineTaskThread-/0.0.0.0:15004-0 ] INFO  ozoneimpl.OzoneContainer (OzoneContainer.java:buildContainerSet(370)) - Build ContainerSet costs 0s
2025-09-11 04:24:43,606 [42a5f925-1bc2-4f8a-8509-c5ae65e6fcde-EndpointStateMachineTaskThread-/0.0.0.0:15004-0 ] INFO  volume.ThrottledAsyncChecker (ThrottledAsyncChecker.java:schedule(138)) - Scheduling a check for /home/runner/work/ozone/ozone/hadoop-ozone/integration-test-recon/target/test-dir/MiniOzoneClusterImpl-e405f726-f354-48a5-b90a-334fe627f997/ozone-metadata/datanode-1/data-0/hdds
2025-09-11 04:24:43,612 [42a5f925-1bc2-4f8a-8509-c5ae65e6fcde-DataNodeDiskCheckerThread-0] WARN  volume.VolumeUsage (VolumeUsage.java:isReservedUsagesInRange(245)) - Reserved usages 53468291072 is higher than actual allocated reserved space 7688716.
2025-09-11 04:24:43,612 [42a5f925-1bc2-4f8a-8509-c5ae65e6fcde-DataNodeDiskCheckerThread-0] WARN  volume.HddsVolume (HddsVolume.java:checkVolumeUsages(375)) - Volume /home/runner/work/ozone/ozone/hadoop-ozone/integration-test-recon/target/test-dir/MiniOzoneClusterImpl-e405f726-f354-48a5-b90a-334fe627f997/ozone-metadata/datanode-1/data-0/hdds reserved usages is higher than actual allocated reserved space.
2025-09-11 04:24:43,616 [42a5f925-1bc2-4f8a-8509-c5ae65e6fcde-EndpointStateMachineTaskThread-/0.0.0.0:15004-0 ] INFO  volume.StorageVolumeChecker (StorageVolumeChecker.java:checkAllVolumes(231)) - Scheduled health check for volume /home/runner/work/ozone/ozone/hadoop-ozone/integration-test-recon/target/test-dir/MiniOzoneClusterImpl-e405f726-f354-48a5-b90a-334fe627f997/ozone-metadata/datanode-1/data-0/hdds
2025-09-11 04:24:43,627 [42a5f925-1bc2-4f8a-8509-c5ae65e6fcde-EndpointStateMachineTaskThread-/0.0.0.0:15004-0 ] INFO  volume.ThrottledAsyncChecker (ThrottledAsyncChecker.java:schedule(138)) - Scheduling a check for /home/runner/work/ozone/ozone/hadoop-ozone/integration-test-recon/target/test-dir/MiniOzoneClusterImpl-e405f726-f354-48a5-b90a-334fe627f997/ozone-metadata/datanode-1/ratis
2025-09-11 04:24:43,627 [42a5f925-1bc2-4f8a-8509-c5ae65e6fcde-EndpointStateMachineTaskThread-/0.0.0.0:15004-0 ] INFO  volume.StorageVolumeChecker (StorageVolumeChecker.java:checkAllVolumes(231)) - Scheduled health check for volume /home/runner/work/ozone/ozone/hadoop-ozone/integration-test-recon/target/test-dir/MiniOzoneClusterImpl-e405f726-f354-48a5-b90a-334fe627f997/ozone-metadata/datanode-1/ratis
2025-09-11 04:24:43,630 [42a5f925-1bc2-4f8a-8509-c5ae65e6fcde-EndpointStateMachineTaskThread-/0.0.0.0:15004-0 ] INFO  ozoneimpl.OzoneContainer (OzoneContainer.java:start(525)) - Attempting to start container services.
2025-09-11 04:24:43,635 [DiskUsage-/home/runner/work/ozone/ozone/hadoop-ozone/integration-test-recon/target/test-dir/MiniOzoneClusterImpl-e405f726-f354-48a5-b90a-334fe627f997/ozone-metadata/datanode-1/data-0-
] INFO  fs.DUOptimized (DUOptimized.java:getUsedSpace(49)) - Disk metaPath du usages 4382720, container data usages 0
2025-09-11 04:24:43,638 [DiskUsage-/home/runner/work/ozone/ozone/hadoop-ozone/integration-test-recon/target/test-dir/MiniOzoneClusterImpl-e405f726-f354-48a5-b90a-334fe627f997/ozone-metadata/datanode-1/ratis-
] INFO  fs.DUOptimized (DUOptimized.java:getUsedSpace(49)) - Disk metaPath du usages 12288, container data usages 0
2025-09-11 04:24:43,641 [ContainerMetadataScanner] INFO  ozoneimpl.AbstractBackgroundContainerScanner (AbstractBackgroundContainerScanner.java:runIteration(89)) - Completed an iteration in 0 minutes. Number of iterations (since the data-node restart) : 1, Number of containers scanned in this iteration : 0, Number of unhealthy containers found in this iteration : 0
2025-09-11 04:24:43,644 [ContainerDataScanner(/home/runner/work/ozone/ozone/hadoop-ozone/integration-test-recon/target/test-dir/MiniOzoneClusterImpl-e405f726-f354-48a5-b90a-334fe627f997/ozone-metadata/datanode-1/data-0/hdds)] INFO  ozoneimpl.AbstractBackgroundContainerScanner (AbstractBackgroundContainerScanner.java:runIteration(89)) - Completed an iteration in 0 minutes. Number of iterations (since the data-node restart) : 1, Number of containers scanned in this iteration : 0, Number of unhealthy containers found in this iteration : 0
2025-09-11 04:24:43,646 [42a5f925-1bc2-4f8a-8509-c5ae65e6fcde-EndpointStateMachineTaskThread-/0.0.0.0:15004-0 ] INFO  replication.ReplicationServer (ReplicationServer.java:start(137)) - ReplicationServer is started using port 15019
2025-09-11 04:24:43,646 [42a5f925-1bc2-4f8a-8509-c5ae65e6fcde-EndpointStateMachineTaskThread-/0.0.0.0:15004-0 ] INFO  ratis.XceiverServerRatis (XceiverServerRatis.java:start(562)) - Starting XceiverServerRatis(42a5f925-1bc2-4f8a-8509-c5ae65e6fcde)
2025-09-11 04:24:43,647 [42a5f925-1bc2-4f8a-8509-c5ae65e6fcde-EndpointStateMachineTaskThread-/0.0.0.0:15004-0 ] INFO  server.RaftServer (RaftServerProxy.java:startImpl(412)) - 42a5f925-1bc2-4f8a-8509-c5ae65e6fcde: start RPC server
2025-09-11 04:24:43,649 [42a5f925-1bc2-4f8a-8509-c5ae65e6fcde-EndpointStateMachineTaskThread-/0.0.0.0:15004-0 ] INFO  server.GrpcServicesImpl (GrpcServicesImpl.java:startImpl(346)) - 42a5f925-1bc2-4f8a-8509-c5ae65e6fcde: GrpcServicesImpl started, listening on 15015
2025-09-11 04:24:43,650 [42a5f925-1bc2-4f8a-8509-c5ae65e6fcde-EndpointStateMachineTaskThread-/0.0.0.0:15004-0 ] INFO  server.GrpcServicesImpl (GrpcServicesImpl.java:startImpl(346)) - 42a5f925-1bc2-4f8a-8509-c5ae65e6fcde: GrpcServicesImpl started, listening on 15017
2025-09-11 04:24:43,651 [42a5f925-1bc2-4f8a-8509-c5ae65e6fcde-EndpointStateMachineTaskThread-/0.0.0.0:15004-0 ] INFO  server.GrpcServicesImpl (GrpcServicesImpl.java:startImpl(346)) - 42a5f925-1bc2-4f8a-8509-c5ae65e6fcde: GrpcServicesImpl started, listening on 15016
2025-09-11 04:24:43,651 [JvmPauseMonitor4] INFO  util.JvmPauseMonitor (JvmPauseMonitor.java:run(146)) - JvmPauseMonitor-42a5f925-1bc2-4f8a-8509-c5ae65e6fcde: Started
2025-09-11 04:24:43,651 [42a5f925-1bc2-4f8a-8509-c5ae65e6fcde-EndpointStateMachineTaskThread-/0.0.0.0:15004-0 ] INFO  ratis.XceiverServerRatis (XceiverServerRatis.java:getRealPort(589)) - XceiverServerRatis(42a5f925-1bc2-4f8a-8509-c5ae65e6fcde) is started using port RATIS=15015
2025-09-11 04:24:43,651 [42a5f925-1bc2-4f8a-8509-c5ae65e6fcde-EndpointStateMachineTaskThread-/0.0.0.0:15004-0 ] INFO  ratis.XceiverServerRatis (XceiverServerRatis.java:getRealPort(589)) - XceiverServerRatis(42a5f925-1bc2-4f8a-8509-c5ae65e6fcde) is started using port RATIS_ADMIN=15016
2025-09-11 04:24:43,651 [42a5f925-1bc2-4f8a-8509-c5ae65e6fcde-EndpointStateMachineTaskThread-/0.0.0.0:15004-0 ] INFO  ratis.XceiverServerRatis (XceiverServerRatis.java:getRealPort(589)) - XceiverServerRatis(42a5f925-1bc2-4f8a-8509-c5ae65e6fcde) is started using port RATIS_SERVER=15017
2025-09-11 04:24:43,651 [42a5f925-1bc2-4f8a-8509-c5ae65e6fcde-EndpointStateMachineTaskThread-/0.0.0.0:15004-0 ] INFO  ratis.XceiverServerRatis (XceiverServerRatis.java:getRealPort(589)) - XceiverServerRatis(42a5f925-1bc2-4f8a-8509-c5ae65e6fcde) is started using port RATIS_DATASTREAM=15018
2025-09-11 04:24:43,653 [42a5f925-1bc2-4f8a-8509-c5ae65e6fcde-EndpointStateMachineTaskThread-/0.0.0.0:15004-0 ] INFO  utils.BackgroundService (BackgroundService.java:start(119)) - Starting service BlockDeletingService with interval 60000 milliseconds
2025-09-11 04:24:43,653 [42a5f925-1bc2-4f8a-8509-c5ae65e6fcde-EndpointStateMachineTaskThread-/0.0.0.0:15004-0 ] INFO  utils.BackgroundService (BackgroundService.java:start(119)) - Starting service StaleRecoveringContainerScrubbingService with interval 60000 milliseconds
2025-09-11 04:24:43,747 [d5ad88c2-6e7a-4660-bab6-a4e8807a575e-EndpointStateMachineTaskThread-/0.0.0.0:15004-0 ] INFO  utils.DatanodeStoreCache (DatanodeStoreCache.java:addDB(70)) - Added db /home/runner/work/ozone/ozone/hadoop-ozone/integration-test-recon/target/test-dir/MiniOzoneClusterImpl-e405f726-f354-48a5-b90a-334fe627f997/ozone-metadata/datanode-2/data-0/hdds/e405f726-f354-48a5-b90a-334fe627f997/DS-0d41c96d-0c42-4c90-84d0-e37932f1d6f9/container.db to cache
2025-09-11 04:24:43,748 [d5ad88c2-6e7a-4660-bab6-a4e8807a575e-EndpointStateMachineTaskThread-/0.0.0.0:15004-0 ] INFO  volume.HddsVolume (HddsVolume.java:createDbStore(576)) - SchemaV3 db is created and loaded at /home/runner/work/ozone/ozone/hadoop-ozone/integration-test-recon/target/test-dir/MiniOzoneClusterImpl-e405f726-f354-48a5-b90a-334fe627f997/ozone-metadata/datanode-2/data-0/hdds/e405f726-f354-48a5-b90a-334fe627f997/DS-0d41c96d-0c42-4c90-84d0-e37932f1d6f9/container.db for volume DS-0d41c96d-0c42-4c90-84d0-e37932f1d6f9
2025-09-11 04:24:43,751 [d5ad88c2-6e7a-4660-bab6-a4e8807a575e-ContainerReader-0] INFO  ozoneimpl.ContainerReader (ContainerReader.java:readVolume(147)) - Start to verify containers on volume /home/runner/work/ozone/ozone/hadoop-ozone/integration-test-recon/target/test-dir/MiniOzoneClusterImpl-e405f726-f354-48a5-b90a-334fe627f997/ozone-metadata/datanode-2/data-0/hdds
2025-09-11 04:24:43,751 [d5ad88c2-6e7a-4660-bab6-a4e8807a575e-ContainerReader-0] INFO  ozoneimpl.ContainerReader (ContainerReader.java:readVolume(177)) - Finish verifying containers on volume /home/runner/work/ozone/ozone/hadoop-ozone/integration-test-recon/target/test-dir/MiniOzoneClusterImpl-e405f726-f354-48a5-b90a-334fe627f997/ozone-metadata/datanode-2/data-0/hdds
2025-09-11 04:24:43,751 [d5ad88c2-6e7a-4660-bab6-a4e8807a575e-EndpointStateMachineTaskThread-/0.0.0.0:15004-0 ] INFO  ozoneimpl.OzoneContainer (OzoneContainer.java:buildContainerSet(370)) - Build ContainerSet costs 0s
2025-09-11 04:24:43,752 [d5ad88c2-6e7a-4660-bab6-a4e8807a575e-EndpointStateMachineTaskThread-/0.0.0.0:15004-0 ] INFO  volume.ThrottledAsyncChecker (ThrottledAsyncChecker.java:schedule(138)) - Scheduling a check for /home/runner/work/ozone/ozone/hadoop-ozone/integration-test-recon/target/test-dir/MiniOzoneClusterImpl-e405f726-f354-48a5-b90a-334fe627f997/ozone-metadata/datanode-2/data-0/hdds
2025-09-11 04:24:43,752 [d5ad88c2-6e7a-4660-bab6-a4e8807a575e-DataNodeDiskCheckerThread-0] WARN  volume.VolumeUsage (VolumeUsage.java:isReservedUsagesInRange(245)) - Reserved usages 53490470912 is higher than actual allocated reserved space 7688716.
2025-09-11 04:24:43,752 [d5ad88c2-6e7a-4660-bab6-a4e8807a575e-DataNodeDiskCheckerThread-0] WARN  volume.HddsVolume (HddsVolume.java:checkVolumeUsages(375)) - Volume /home/runner/work/ozone/ozone/hadoop-ozone/integration-test-recon/target/test-dir/MiniOzoneClusterImpl-e405f726-f354-48a5-b90a-334fe627f997/ozone-metadata/datanode-2/data-0/hdds reserved usages is higher than actual allocated reserved space.
2025-09-11 04:24:43,753 [d5ad88c2-6e7a-4660-bab6-a4e8807a575e-EndpointStateMachineTaskThread-/0.0.0.0:15004-0 ] INFO  volume.StorageVolumeChecker (StorageVolumeChecker.java:checkAllVolumes(231)) - Scheduled health check for volume /home/runner/work/ozone/ozone/hadoop-ozone/integration-test-recon/target/test-dir/MiniOzoneClusterImpl-e405f726-f354-48a5-b90a-334fe627f997/ozone-metadata/datanode-2/data-0/hdds
2025-09-11 04:24:43,759 [d5ad88c2-6e7a-4660-bab6-a4e8807a575e-EndpointStateMachineTaskThread-/0.0.0.0:15004-0 ] INFO  volume.ThrottledAsyncChecker (ThrottledAsyncChecker.java:schedule(138)) - Scheduling a check for /home/runner/work/ozone/ozone/hadoop-ozone/integration-test-recon/target/test-dir/MiniOzoneClusterImpl-e405f726-f354-48a5-b90a-334fe627f997/ozone-metadata/datanode-2/ratis
2025-09-11 04:24:43,760 [d5ad88c2-6e7a-4660-bab6-a4e8807a575e-EndpointStateMachineTaskThread-/0.0.0.0:15004-0 ] INFO  volume.StorageVolumeChecker (StorageVolumeChecker.java:checkAllVolumes(231)) - Scheduled health check for volume /home/runner/work/ozone/ozone/hadoop-ozone/integration-test-recon/target/test-dir/MiniOzoneClusterImpl-e405f726-f354-48a5-b90a-334fe627f997/ozone-metadata/datanode-2/ratis
2025-09-11 04:24:43,765 [d5ad88c2-6e7a-4660-bab6-a4e8807a575e-EndpointStateMachineTaskThread-/0.0.0.0:15004-0 ] INFO  ozoneimpl.OzoneContainer (OzoneContainer.java:start(525)) - Attempting to start container services.
2025-09-11 04:24:43,767 [DiskUsage-/home/runner/work/ozone/ozone/hadoop-ozone/integration-test-recon/target/test-dir/MiniOzoneClusterImpl-e405f726-f354-48a5-b90a-334fe627f997/ozone-metadata/datanode-2/data-0-
] INFO  fs.DUOptimized (DUOptimized.java:getUsedSpace(49)) - Disk metaPath du usages 4382720, container data usages 0
2025-09-11 04:24:43,767 [ContainerMetadataScanner] INFO  ozoneimpl.AbstractBackgroundContainerScanner (AbstractBackgroundContainerScanner.java:runIteration(89)) - Completed an iteration in 0 minutes. Number of iterations (since the data-node restart) : 1, Number of containers scanned in this iteration : 0, Number of unhealthy containers found in this iteration : 0
2025-09-11 04:24:43,768 [ContainerDataScanner(/home/runner/work/ozone/ozone/hadoop-ozone/integration-test-recon/target/test-dir/MiniOzoneClusterImpl-e405f726-f354-48a5-b90a-334fe627f997/ozone-metadata/datanode-2/data-0/hdds)] INFO  ozoneimpl.AbstractBackgroundContainerScanner (AbstractBackgroundContainerScanner.java:runIteration(89)) - Completed an iteration in 0 minutes. Number of iterations (since the data-node restart) : 1, Number of containers scanned in this iteration : 0, Number of unhealthy containers found in this iteration : 0
2025-09-11 04:24:43,771 [d5ad88c2-6e7a-4660-bab6-a4e8807a575e-EndpointStateMachineTaskThread-/0.0.0.0:15004-0 ] INFO  replication.ReplicationServer (ReplicationServer.java:start(137)) - ReplicationServer is started using port 15027
2025-09-11 04:24:43,771 [d5ad88c2-6e7a-4660-bab6-a4e8807a575e-EndpointStateMachineTaskThread-/0.0.0.0:15004-0 ] INFO  ratis.XceiverServerRatis (XceiverServerRatis.java:start(562)) - Starting XceiverServerRatis(d5ad88c2-6e7a-4660-bab6-a4e8807a575e)
2025-09-11 04:24:43,773 [d5ad88c2-6e7a-4660-bab6-a4e8807a575e-EndpointStateMachineTaskThread-/0.0.0.0:15004-0 ] INFO  server.RaftServer (RaftServerProxy.java:startImpl(412)) - d5ad88c2-6e7a-4660-bab6-a4e8807a575e: start RPC server
2025-09-11 04:24:43,774 [d5ad88c2-6e7a-4660-bab6-a4e8807a575e-EndpointStateMachineTaskThread-/0.0.0.0:15004-0 ] INFO  server.GrpcServicesImpl (GrpcServicesImpl.java:startImpl(346)) - d5ad88c2-6e7a-4660-bab6-a4e8807a575e: GrpcServicesImpl started, listening on 15023
2025-09-11 04:24:43,775 [DiskUsage-/home/runner/work/ozone/ozone/hadoop-ozone/integration-test-recon/target/test-dir/MiniOzoneClusterImpl-e405f726-f354-48a5-b90a-334fe627f997/ozone-metadata/datanode-2/ratis-
] INFO  fs.DUOptimized (DUOptimized.java:getUsedSpace(49)) - Disk metaPath du usages 12288, container data usages 0
2025-09-11 04:24:43,776 [d5ad88c2-6e7a-4660-bab6-a4e8807a575e-EndpointStateMachineTaskThread-/0.0.0.0:15004-0 ] INFO  server.GrpcServicesImpl (GrpcServicesImpl.java:startImpl(346)) - d5ad88c2-6e7a-4660-bab6-a4e8807a575e: GrpcServicesImpl started, listening on 15025
2025-09-11 04:24:43,777 [d5ad88c2-6e7a-4660-bab6-a4e8807a575e-EndpointStateMachineTaskThread-/0.0.0.0:15004-0 ] INFO  server.GrpcServicesImpl (GrpcServicesImpl.java:startImpl(346)) - d5ad88c2-6e7a-4660-bab6-a4e8807a575e: GrpcServicesImpl started, listening on 15024
2025-09-11 04:24:43,778 [ForkJoinPool-1-worker-1] INFO  handler.ContextHandler (ContextHandler.java:doStart(921)) - Started o.e.j.w.WebAppContext@4d27b3b8{hddsDatanode,/,file:///home/runner/work/ozone/ozone/hadoop-ozone/integration-test-recon/target/test-dir/MiniOzoneClusterImpl-e405f726-f354-48a5-b90a-334fe627f997/scm/ozone-metadata/webserver/jetty-0_0_0_0-15036-hdds-container-service-2_1_0-SNAPSHOT_jar-_-any-10437626824542866191/webapp/,AVAILABLE}{jar:file:/home/runner/work/ozone/ozone/hadoop-hdds/container-service/target/hdds-container-service-2.1.0-SNAPSHOT.jar!/webapps/hddsDatanode}
2025-09-11 04:24:43,778 [JvmPauseMonitor5] INFO  util.JvmPauseMonitor (JvmPauseMonitor.java:run(146)) - JvmPauseMonitor-d5ad88c2-6e7a-4660-bab6-a4e8807a575e: Started
2025-09-11 04:24:43,778 [d5ad88c2-6e7a-4660-bab6-a4e8807a575e-EndpointStateMachineTaskThread-/0.0.0.0:15004-0 ] INFO  ratis.XceiverServerRatis (XceiverServerRatis.java:getRealPort(589)) - XceiverServerRatis(d5ad88c2-6e7a-4660-bab6-a4e8807a575e) is started using port RATIS=15023
2025-09-11 04:24:43,778 [d5ad88c2-6e7a-4660-bab6-a4e8807a575e-EndpointStateMachineTaskThread-/0.0.0.0:15004-0 ] INFO  ratis.XceiverServerRatis (XceiverServerRatis.java:getRealPort(589)) - XceiverServerRatis(d5ad88c2-6e7a-4660-bab6-a4e8807a575e) is started using port RATIS_ADMIN=15024
2025-09-11 04:24:43,778 [d5ad88c2-6e7a-4660-bab6-a4e8807a575e-EndpointStateMachineTaskThread-/0.0.0.0:15004-0 ] INFO  ratis.XceiverServerRatis (XceiverServerRatis.java:getRealPort(589)) - XceiverServerRatis(d5ad88c2-6e7a-4660-bab6-a4e8807a575e) is started using port RATIS_SERVER=15025
2025-09-11 04:24:43,779 [d5ad88c2-6e7a-4660-bab6-a4e8807a575e-EndpointStateMachineTaskThread-/0.0.0.0:15004-0 ] INFO  ratis.XceiverServerRatis (XceiverServerRatis.java:getRealPort(589)) - XceiverServerRatis(d5ad88c2-6e7a-4660-bab6-a4e8807a575e) is started using port RATIS_DATASTREAM=15026
2025-09-11 04:24:43,780 [ForkJoinPool-1-worker-1] INFO  server.AbstractConnector (AbstractConnector.java:doStart(333)) - Started ServerConnector@9b5ca7c{HTTP/1.1, (http/1.1)}{0.0.0.0:15036}
2025-09-11 04:24:43,780 [ForkJoinPool-1-worker-1] INFO  server.Server (Server.java:doStart(415)) - Started @25790ms
2025-09-11 04:24:43,780 [d5ad88c2-6e7a-4660-bab6-a4e8807a575e-EndpointStateMachineTaskThread-/0.0.0.0:15004-0 ] INFO  utils.BackgroundService (BackgroundService.java:start(119)) - Starting service BlockDeletingService with interval 60000 milliseconds
2025-09-11 04:24:43,780 [ForkJoinPool-1-worker-1] WARN  impl.MetricsSystemImpl (MetricsSystemImpl.java:register(279)) - Sink prometheus already exists!
2025-09-11 04:24:43,780 [ForkJoinPool-1-worker-1] INFO  http.BaseHttpServer (BaseHttpServer.java:updateConnectorAddress(357)) - HTTP server of hddsDatanode listening at http://localhost:15036
2025-09-11 04:24:43,781 [ForkJoinPool-1-worker-1] INFO  ipc.CallQueueManager (CallQueueManager.java:<init>(93)) - Using callQueue: class java.util.concurrent.LinkedBlockingQueue, queueCapacity: 1000, scheduler: class org.apache.hadoop.ipc.DefaultRpcScheduler, ipcBackoff: false, ipcFailOver: false.
2025-09-11 04:24:43,781 [ForkJoinPool-1-worker-1] INFO  ipc.Server (Server.java:<init>(1438)) - Listener at 0.0.0.0:15037
2025-09-11 04:24:43,781 [d5ad88c2-6e7a-4660-bab6-a4e8807a575e-EndpointStateMachineTaskThread-/0.0.0.0:15004-0 ] INFO  utils.BackgroundService (BackgroundService.java:start(119)) - Starting service StaleRecoveringContainerScrubbingService with interval 60000 milliseconds
2025-09-11 04:24:43,782 [Socket Reader #1 for port 15037] INFO  ipc.Server (Server.java:run(1474)) - Starting Socket Reader #1 for port 15037
2025-09-11 04:24:43,783 [Socket Reader #2 for port 15037] INFO  ipc.Server (Server.java:run(1474)) - Starting Socket Reader #2 for port 15037
2025-09-11 04:24:43,783 [Socket Reader #3 for port 15037] INFO  ipc.Server (Server.java:run(1474)) - Starting Socket Reader #3 for port 15037
2025-09-11 04:24:43,783 [Socket Reader #4 for port 15037] INFO  ipc.Server (Server.java:run(1474)) - Starting Socket Reader #4 for port 15037
2025-09-11 04:24:43,784 [Socket Reader #5 for port 15037] INFO  ipc.Server (Server.java:run(1474)) - Starting Socket Reader #5 for port 15037
2025-09-11 04:24:43,784 [Socket Reader #6 for port 15037] INFO  ipc.Server (Server.java:run(1474)) - Starting Socket Reader #6 for port 15037
2025-09-11 04:24:43,785 [Socket Reader #7 for port 15037] INFO  ipc.Server (Server.java:run(1474)) - Starting Socket Reader #7 for port 15037
2025-09-11 04:24:43,785 [Socket Reader #8 for port 15037] INFO  ipc.Server (Server.java:run(1474)) - Starting Socket Reader #8 for port 15037
2025-09-11 04:24:43,786 [Socket Reader #9 for port 15037] INFO  ipc.Server (Server.java:run(1474)) - Starting Socket Reader #9 for port 15037
2025-09-11 04:24:43,786 [Socket Reader #10 for port 15037] INFO  ipc.Server (Server.java:run(1474)) - Starting Socket Reader #10 for port 15037
2025-09-11 04:24:43,795 [ForkJoinPool-1-worker-1] INFO  ozone.HddsDatanodeService (HddsDatanodeService.java:start(333)) - Datanode start with admins: [runner]
2025-09-11 04:24:43,795 [ForkJoinPool-1-worker-1] INFO  ozone.HddsDatanodeClientProtocolServer (HddsDatanodeClientProtocolServer.java:start(76)) - RPC server for Client /0.0.0.0:15037
2025-09-11 04:24:43,795 [IPC Server Responder] INFO  ipc.Server (Server.java:run(1713)) - IPC Server Responder: starting
2025-09-11 04:24:43,796 [IPC Server listener on 15037] INFO  ipc.Server (Server.java:run(1553)) - IPC Server listener on 15037: starting
2025-09-11 04:24:43,797 [ForkJoinPool-1-worker-1] WARN  dropwizard3.Dm3MetricRegistriesImpl (Dm3MetricRegistriesImpl.java:addReporterRegistration(114)) - New reporters are added after registries were created. Some metrics will be missing from the reporter. Please add reporter before adding any new registry.
2025-09-11 04:24:43,797 [ForkJoinPool-1-worker-1] WARN  dropwizard3.Dm3MetricRegistriesImpl (Dm3MetricRegistriesImpl.java:addReporterRegistration(114)) - New reporters are added after registries were created. Some metrics will be missing from the reporter. Please add reporter before adding any new registry.
2025-09-11 04:24:43,797 [ForkJoinPool-1-worker-1] INFO  impl.MetricsSystemImpl (MetricsSystemImpl.java:init(158)) - HddsDatanode metrics system started (again)
2025-09-11 04:24:43,799 [346684e1-b57f-4c29-9507-935dad45bd68-DatanodeStateMachineDaemonThread] INFO  statemachine.DatanodeStateMachine (DatanodeStateMachine.java:startStateMachineThread(347)) - Ozone container server started.
2025-09-11 04:24:43,800 [346684e1-b57f-4c29-9507-935dad45bd68-DatanodeStateMachineTaskThread-0] INFO  statemachine.SCMConnectionManager (SCMConnectionManager.java:addReconServer(184)) - Adding Recon Server : /127.0.0.1:15001
2025-09-11 04:24:43,804 [346684e1-b57f-4c29-9507-935dad45bd68-DatanodeStateMachineTaskThread-0] INFO  datanode.InitDatanodeState (InitDatanodeState.java:persistContainerDatanodeDetails(139)) - DatanodeDetails is persisted to /home/runner/work/ozone/ozone/hadoop-ozone/integration-test-recon/target/test-dir/MiniOzoneClusterImpl-e405f726-f354-48a5-b90a-334fe627f997/ozone-metadata/datanode-4/ozone-metadata/datanode.id
2025-09-11 04:24:43,816 [ForkJoinPool-1-worker-1] INFO  protocol.DatanodeDetails (DatanodeDetails.java:validateDatanodeIpAddress(199)) - Updating IP address of datanode 0ed0910f-4ac9-4f62-be34-d90c51a3e6c9(localhost/null) to 127.0.0.1
2025-09-11 04:24:43,816 [ForkJoinPool-1-worker-1] INFO  ozone.HddsDatanodeService (HddsDatanodeService.java:start(236)) - HddsDatanodeService 0ed0910f-4ac9-4f62-be34-d90c51a3e6c9(localhost/127.0.0.1)
2025-09-11 04:24:43,818 [ForkJoinPool-1-worker-1] INFO  upgrade.AbstractLayoutVersionManager (AbstractLayoutVersionManager.java:init(80)) - Initializing Layout version manager with metadata layout = WITNESSED_CONTAINER_DB_PROTO_VALUE (version = 9), software layout = WITNESSED_CONTAINER_DB_PROTO_VALUE (version = 9)
2025-09-11 04:24:43,819 [ForkJoinPool-1-worker-1] INFO  statemachine.DatanodeStateMachine (DatanodeStateMachine.java:getEndPointTaskThreadPoolSize(305)) - Datanode State Machine Task Thread Pool size 2
2025-09-11 04:24:43,821 [ForkJoinPool-1-worker-1] INFO  fs.SaveSpaceUsageToFile (SaveSpaceUsageToFile.java:load(92)) - Cached usage info file /home/runner/work/ozone/ozone/hadoop-ozone/integration-test-recon/target/test-dir/MiniOzoneClusterImpl-e405f726-f354-48a5-b90a-334fe627f997/ozone-metadata/datanode-5/data-0/scmUsed not found
2025-09-11 04:24:43,823 [ForkJoinPool-1-worker-1] INFO  volume.HddsVolume (HddsVolume.java:<init>(162)) - HddsVolume: { id=DS-d97e2441-d382-4fdf-a6cb-47c2156c9c34 dir=/home/runner/work/ozone/ozone/hadoop-ozone/integration-test-recon/target/test-dir/MiniOzoneClusterImpl-e405f726-f354-48a5-b90a-334fe627f997/ozone-metadata/datanode-5/data-0/hdds type=DISK capacity=76879465972 used=0 available=23321509888 minFree=5368709120 committed=0 }
2025-09-11 04:24:43,823 [ForkJoinPool-1-worker-1] INFO  volume.MutableVolumeSet (MutableVolumeSet.java:initializeVolumeSet(175)) - Added Volume : /home/runner/work/ozone/ozone/hadoop-ozone/integration-test-recon/target/test-dir/MiniOzoneClusterImpl-e405f726-f354-48a5-b90a-334fe627f997/ozone-metadata/datanode-5/data-0/hdds to VolumeSet
2025-09-11 04:24:43,824 [ForkJoinPool-1-worker-1] INFO  fs.SaveSpaceUsageToFile (SaveSpaceUsageToFile.java:load(92)) - Cached usage info file /home/runner/work/ozone/ozone/hadoop-ozone/integration-test-recon/target/test-dir/MiniOzoneClusterImpl-e405f726-f354-48a5-b90a-334fe627f997/ozone-metadata/datanode-5/ratis/scmUsed not found
2025-09-11 04:24:43,824 [ForkJoinPool-1-worker-1] INFO  volume.MutableVolumeSet (MutableVolumeSet.java:initializeVolumeSet(175)) - Added Volume : /home/runner/work/ozone/ozone/hadoop-ozone/integration-test-recon/target/test-dir/MiniOzoneClusterImpl-e405f726-f354-48a5-b90a-334fe627f997/ozone-metadata/datanode-5/ratis to VolumeSet
2025-09-11 04:24:43,825 [ForkJoinPool-1-worker-1] INFO  ozoneimpl.OzoneContainer (HddsVolumeUtil.java:loadAllHddsVolumeDbStore(102)) - Load 1 volumes DbStore cost: 0ms
2025-09-11 04:24:43,825 [ForkJoinPool-1-worker-1] WARN  db.DBStoreBuilder (DBStoreBuilder.java:getDBDirPath(158)) - ozone.scm.datanode.id.dir is not configured. We recommend adding this setting. Falling back to ozone.metadata.dirs instead.
2025-09-11 04:24:43,826 [ForkJoinPool-1-worker-1] WARN  db.DBStoreBuilder (DBStoreBuilder.java:getDBDirPath(158)) - ozone.scm.datanode.id.dir is not configured. We recommend adding this setting. Falling back to ozone.metadata.dirs instead.
2025-09-11 04:24:43,839 [ForkJoinPool-1-worker-1] INFO  impl.FilePerChunkStrategy (FilePerChunkStrategy.java:<init>(79)) - ozone.chunk.read.mapped.buffer.max.count is load with 0
2025-09-11 04:24:43,839 [ForkJoinPool-1-worker-1] INFO  impl.FilePerBlockStrategy (FilePerBlockStrategy.java:<init>(88)) - ozone.chunk.read.mapped.buffer.max.count is load with 0
2025-09-11 04:24:43,840 [ForkJoinPool-1-worker-1] INFO  server.RaftServerConfigKeys (ConfUtils.java:logGet(62)) - raft.server.log.appender.buffer.byte-limit = 33554432 (custom)
2025-09-11 04:24:43,841 [ForkJoinPool-1-worker-1] INFO  grpc.GrpcConfigKeys (ConfUtils.java:logFallback(69)) - raft.grpc.admin.host = null (fallback to raft.grpc.server.host)
2025-09-11 04:24:43,842 [ForkJoinPool-1-worker-1] INFO  grpc.GrpcConfigKeys (ConfUtils.java:logGet(62)) - raft.grpc.admin.port = 15048 (custom)
2025-09-11 04:24:43,842 [ForkJoinPool-1-worker-1] INFO  grpc.GrpcConfigKeys (ConfUtils.java:logFallback(69)) - raft.grpc.client.host = null (fallback to raft.grpc.server.host)
2025-09-11 04:24:43,842 [ForkJoinPool-1-worker-1] INFO  grpc.GrpcConfigKeys (ConfUtils.java:logGet(62)) - raft.grpc.client.port = 15047 (custom)
2025-09-11 04:24:43,842 [ForkJoinPool-1-worker-1] INFO  grpc.GrpcConfigKeys (ConfUtils.java:logGet(62)) - raft.grpc.server.port = 15049 (custom)
2025-09-11 04:24:43,842 [ForkJoinPool-1-worker-1] INFO  server.GrpcServicesImpl (ConfUtils.java:logGet(62)) - raft.grpc.message.size.max = 34603008 (custom)
2025-09-11 04:24:43,842 [ForkJoinPool-1-worker-1] INFO  server.GrpcServicesImpl (ConfUtils.java:logGet(62)) - raft.grpc.flow.control.window = 5MB (=5242880) (custom)
2025-09-11 04:24:43,842 [ForkJoinPool-1-worker-1] INFO  server.RaftServerConfigKeys (ConfUtils.java:logGet(62)) - raft.server.log.appender.buffer.byte-limit = 33554432 (custom)
2025-09-11 04:24:43,844 [ForkJoinPool-1-worker-1] INFO  netty.NettyUtils (NettyUtils.java:newEventLoopGroup(74)) - Create EpollEventLoopGroup for 0ed0910f-4ac9-4f62-be34-d90c51a3e6c9-NettyServerStreamRpc-bossGroup; Thread size is 0.
2025-09-11 04:24:43,844 [ForkJoinPool-1-worker-1] INFO  netty.NettyUtils (NettyUtils.java:newEventLoopGroup(74)) - Create EpollEventLoopGroup for 0ed0910f-4ac9-4f62-be34-d90c51a3e6c9-NettyServerStreamRpc-workerGroup; Thread size is 0.
2025-09-11 04:24:43,845 [ForkJoinPool-1-worker-1] INFO  netty.NettyConfigKeys$DataStream (ConfUtils.java:logGet(62)) - raft.netty.dataStream.port = 15050 (custom)
2025-09-11 04:24:43,845 [ForkJoinPool-1-worker-1] INFO  server.RaftServerConfigKeys (ConfUtils.java:logGet(62)) - raft.server.storage.dir = [/home/runner/work/ozone/ozone/hadoop-ozone/integration-test-recon/target/test-dir/MiniOzoneClusterImpl-e405f726-f354-48a5-b90a-334fe627f997/ozone-metadata/datanode-5/ratis] (custom)
2025-09-11 04:24:43,845 [0ed0910f-4ac9-4f62-be34-d90c51a3e6c9-NettyServerStreamRpc-bossGroup--thread1] INFO  logging.LoggingHandler (AbstractInternalLogger.java:log(148)) - [id: 0x5071e62d] REGISTERED
2025-09-11 04:24:43,846 [0ed0910f-4ac9-4f62-be34-d90c51a3e6c9-NettyServerStreamRpc-bossGroup--thread1] INFO  logging.LoggingHandler (AbstractInternalLogger.java:log(148)) - [id: 0x5071e62d] BIND: 0.0.0.0/0.0.0.0:15050
2025-09-11 04:24:43,846 [0ed0910f-4ac9-4f62-be34-d90c51a3e6c9-impl-thread1] INFO  server.RaftServer (RaftServerProxy.java:initGroupDir(270)) - 0ed0910f-4ac9-4f62-be34-d90c51a3e6c9: found a subdirectory /home/runner/work/ozone/ozone/hadoop-ozone/integration-test-recon/target/test-dir/MiniOzoneClusterImpl-e405f726-f354-48a5-b90a-334fe627f997/ozone-metadata/datanode-5/ratis/tmp
2025-09-11 04:24:43,846 [0ed0910f-4ac9-4f62-be34-d90c51a3e6c9-NettyServerStreamRpc-bossGroup--thread1] INFO  logging.LoggingHandler (AbstractInternalLogger.java:log(148)) - [id: 0x5071e62d, L:/0.0.0.0:15050] ACTIVE
2025-09-11 04:24:43,846 [0ed0910f-4ac9-4f62-be34-d90c51a3e6c9-impl-thread1] INFO  server.RaftServer (RaftServerProxy.java:initGroupDir(275)) - 0ed0910f-4ac9-4f62-be34-d90c51a3e6c9: The directory /home/runner/work/ozone/ozone/hadoop-ozone/integration-test-recon/target/test-dir/MiniOzoneClusterImpl-e405f726-f354-48a5-b90a-334fe627f997/ozone-metadata/datanode-5/ratis/tmp is not a group directory; ignoring it. 
2025-09-11 04:24:43,846 [ForkJoinPool-1-worker-1] INFO  replication.ReplicationServer (ReplicationServer.java:<init>(84)) - Initializing replication server with thread count = 10 queue length = 4096
2025-09-11 04:24:43,847 [ForkJoinPool-1-worker-1] INFO  server.XceiverServerGrpc (XceiverServerGrpc.java:<init>(130)) - GrpcServer channel type EpollServerSocketChannel
2025-09-11 04:24:43,848 [ForkJoinPool-1-worker-1] INFO  replication.ReplicationSupervisor (ReplicationSupervisor.java:build(169)) - Initializing replication supervisor with thread count = 10
2025-09-11 04:24:43,849 [ForkJoinPool-1-worker-1] INFO  replication.ReplicationSupervisor (ReplicationSupervisor.java:nodeStateUpdated(358)) - Node state updated to IN_SERVICE, scaling executor pool size to 10
2025-09-11 04:24:43,851 [ForkJoinPool-1-worker-1] INFO  http.BaseHttpServer (BaseHttpServer.java:newHttpServer2BuilderForOzone(227)) - Starting Web-server for hddsDatanode at: http://0.0.0.0:15044
2025-09-11 04:24:43,851 [ForkJoinPool-1-worker-1] INFO  http.BaseHttpServer (BaseHttpServer.java:<init>(105)) - Hadoop Security Enabled: false Ozone Security Enabled: false Ozone HTTP Security Enabled: false 
2025-09-11 04:24:43,853 [ForkJoinPool-1-worker-1] WARN  server.AuthenticationFilter (AuthenticationFilter.java:constructSecretProvider(240)) - Unable to initialize FileSignerSecretProvider, falling back to use random secrets. Reason: Could not read signature secret file: /home/runner/hadoop-http-auth-signature-secret
2025-09-11 04:24:43,855 [ForkJoinPool-1-worker-1] INFO  http.HttpServer2 (HttpServer2.java:addGlobalFilter(1041)) - Added global filter 'safety' (class=org.apache.hadoop.hdds.server.http.HttpServer2$QuotingInputFilter)
2025-09-11 04:24:43,857 [ForkJoinPool-1-worker-1] INFO  http.HttpServer2 (HttpServer2.java:addFilter(1017)) - Added filter static_user_filter (class=org.apache.hadoop.http.lib.StaticUserWebFilter$StaticUserFilter) to context hddsDatanode
2025-09-11 04:24:43,857 [ForkJoinPool-1-worker-1] INFO  http.HttpServer2 (HttpServer2.java:addFilter(1025)) - Added filter static_user_filter (class=org.apache.hadoop.http.lib.StaticUserWebFilter$StaticUserFilter) to context static
2025-09-11 04:24:43,857 [ForkJoinPool-1-worker-1] INFO  http.HttpServer2 (HttpServer2.java:addFilter(1025)) - Added filter static_user_filter (class=org.apache.hadoop.http.lib.StaticUserWebFilter$StaticUserFilter) to context logs
2025-09-11 04:24:43,857 [ForkJoinPool-1-worker-1] INFO  http.BaseHttpServer (BaseHttpServer.java:<init>(193)) - HTTP server of hddsDatanode uses base directory /home/runner/work/ozone/ozone/hadoop-ozone/integration-test-recon/target/test-dir/MiniOzoneClusterImpl-e405f726-f354-48a5-b90a-334fe627f997/scm/ozone-metadata/webserver
2025-09-11 04:24:43,857 [ForkJoinPool-1-worker-1] INFO  http.HttpServer2 (HttpServer2.java:bindListener(1241)) - Jetty bound to port 15044
2025-09-11 04:24:43,857 [ForkJoinPool-1-worker-1] INFO  server.Server (Server.java:doStart(375)) - jetty-9.4.58.v20250814; built: 2025-08-14T02:28:49.637Z; git: 8f1440587e9e4ae7db3d74cf205643f3d707148d; jvm 21.0.8+9-LTS
2025-09-11 04:24:43,859 [ForkJoinPool-1-worker-1] INFO  server.session (DefaultSessionIdManager.java:doStart(334)) - DefaultSessionIdManager workerName=node0
2025-09-11 04:24:43,859 [ForkJoinPool-1-worker-1] INFO  server.session (DefaultSessionIdManager.java:doStart(339)) - No SessionScavenger set, using defaults
2025-09-11 04:24:43,859 [ForkJoinPool-1-worker-1] INFO  server.session (HouseKeeper.java:startScavenging(132)) - node0 Scavenging every 600000ms
2025-09-11 04:24:43,860 [ForkJoinPool-1-worker-1] INFO  handler.ContextHandler (ContextHandler.java:doStart(921)) - Started o.e.j.s.ServletContextHandler@6a0d01cb{logs,/logs,file:///home/runner/work/ozone/ozone/hadoop-ozone/integration-test-recon/target/log,AVAILABLE}
2025-09-11 04:24:43,860 [ForkJoinPool-1-worker-1] INFO  handler.ContextHandler (ContextHandler.java:doStart(921)) - Started o.e.j.s.ServletContextHandler@637c9fa9{static,/static,jar:file:/home/runner/work/ozone/ozone/hadoop-hdds/container-service/target/hdds-container-service-2.1.0-SNAPSHOT.jar!/webapps/static,AVAILABLE}
2025-09-11 04:24:43,982 [IPC Server handler 1 on default port 15004] INFO  net.NetworkTopologyImpl (NetworkTopologyImpl.java:add(133)) - Added a new node: /default-rack/42a5f925-1bc2-4f8a-8509-c5ae65e6fcde
2025-09-11 04:24:43,984 [IPC Server handler 3 on default port 15001] INFO  net.NetworkTopologyImpl (NetworkTopologyImpl.java:add(133)) - Added a new node: /default-rack/42a5f925-1bc2-4f8a-8509-c5ae65e6fcde
2025-09-11 04:24:43,984 [IPC Server handler 3 on default port 15001] INFO  node.SCMNodeManager (SCMNodeManager.java:register(423)) - Registered datanode: 42a5f925-1bc2-4f8a-8509-c5ae65e6fcde{ip: 127.0.0.1, host: localhost, ports: [HTTP=15012, CLIENT_RPC=15013, REPLICATION=15019, RATIS=15015, RATIS_ADMIN=15016, RATIS_SERVER=15017, RATIS_DATASTREAM=15018, STANDALONE=15014], networkLocation: /default-rack, certSerialId: null, persistedOpState: null, persistedOpStateExpiryEpochSec: 0}
2025-09-11 04:24:43,984 [IPC Server handler 1 on default port 15004] INFO  node.SCMNodeManager (SCMNodeManager.java:register(423)) - Registered datanode: 42a5f925-1bc2-4f8a-8509-c5ae65e6fcde{ip: 127.0.0.1, host: localhost, ports: [HTTP=15012, CLIENT_RPC=15013, REPLICATION=15019, RATIS=15015, RATIS_ADMIN=15016, RATIS_SERVER=15017, RATIS_DATASTREAM=15018, STANDALONE=15014], networkLocation: /default-rack, certSerialId: null, persistedOpState: null, persistedOpStateExpiryEpochSec: 0}
2025-09-11 04:24:43,989 [IPC Server handler 3 on default port 15001] INFO  recon.ReconContext (ReconContext.java:updateHealthStatus(76)) - Update healthStatus of Recon from true to true.
2025-09-11 04:24:43,989 [EventQueue-NewNodeForNewNodeHandler] INFO  pipeline.BackgroundPipelineCreator (BackgroundPipelineCreator.java:notifyEventTriggered(290)) - trigger a one-shot run on RatisPipelineUtilsThread.
2025-09-11 04:24:43,991 [EventQueue-NodeRegistrationContainerReportForDataNodeSafeModeRule] INFO  safemode.SCMSafeModeManager (DataNodeSafeModeRule.java:process(80)) - SCM in safe mode. 1 DataNodes registered, 3 required.
2025-09-11 04:24:43,995 [EventQueue-PipelineReportForOneReplicaPipelineSafeModeRule] INFO  safemode.SCMSafeModeManager (SCMSafeModeManager.java:validateSafeModeExitRules(138)) - AtleastOneDatanodeReportedRule rule is successfully validated
2025-09-11 04:24:43,995 [EventQueue-ContainerRegistrationReportForRatisContainerSafeModeRule] INFO  safemode.SCMSafeModeManager (SCMSafeModeManager.java:validateSafeModeExitRules(138)) - RatisContainerSafeModeRule rule is successfully validated
2025-09-11 04:24:43,996 [FixedThreadPoolWithAffinityExecutor-9-0] WARN  events.FixedThreadPoolWithAffinityExecutor (FixedThreadPoolWithAffinityExecutor.java:run(264)) - Event taken long execution time 6 millisec, 42a5f925-1bc2-4f8a-8509-c5ae65e6fcde(localhost/127.0.0.1), {type: FCR, size: 0}
2025-09-11 04:24:43,996 [EventQueue-ContainerRegistrationReportForECContainerSafeModeRule] INFO  safemode.SCMSafeModeManager (SCMSafeModeManager.java:validateSafeModeExitRules(138)) - ECContainerSafeModeRule rule is successfully validated
2025-09-11 04:24:43,998 [Recon-EventQueue-NewNodeForReconNewNodeHandler] INFO  scm.ReconNodeManager (ReconNodeManager.java:addNodeToDB(143)) - Added a new node to db: 42a5f925-1bc2-4f8a-8509-c5ae65e6fcde(localhost/127.0.0.1)
2025-09-11 04:24:44,002 [RatisPipelineUtilsThread-0] INFO  pipeline.RatisPipelineProvider (RatisPipelineProvider.java:lambda$create$0(208)) - Sending CreatePipelineCommand for pipeline:Pipeline-37ff7433-f176-4625-8a30-ec04683b356a to datanode:42a5f925-1bc2-4f8a-8509-c5ae65e6fcde(localhost/127.0.0.1)
2025-09-11 04:24:44,043 [86475e3c-5cf0-45b3-a002-22fb0eea734c-EndpointStateMachineTaskThread-/0.0.0.0:15004-0 ] INFO  utils.DatanodeStoreCache (DatanodeStoreCache.java:addDB(70)) - Added db /home/runner/work/ozone/ozone/hadoop-ozone/integration-test-recon/target/test-dir/MiniOzoneClusterImpl-e405f726-f354-48a5-b90a-334fe627f997/ozone-metadata/datanode-3/data-0/hdds/e405f726-f354-48a5-b90a-334fe627f997/DS-17621e02-5b38-422b-bc69-c542f1a7c534/container.db to cache
2025-09-11 04:24:44,044 [86475e3c-5cf0-45b3-a002-22fb0eea734c-EndpointStateMachineTaskThread-/0.0.0.0:15004-0 ] INFO  volume.HddsVolume (HddsVolume.java:createDbStore(576)) - SchemaV3 db is created and loaded at /home/runner/work/ozone/ozone/hadoop-ozone/integration-test-recon/target/test-dir/MiniOzoneClusterImpl-e405f726-f354-48a5-b90a-334fe627f997/ozone-metadata/datanode-3/data-0/hdds/e405f726-f354-48a5-b90a-334fe627f997/DS-17621e02-5b38-422b-bc69-c542f1a7c534/container.db for volume DS-17621e02-5b38-422b-bc69-c542f1a7c534
2025-09-11 04:24:44,047 [86475e3c-5cf0-45b3-a002-22fb0eea734c-ContainerReader-0] INFO  ozoneimpl.ContainerReader (ContainerReader.java:readVolume(147)) - Start to verify containers on volume /home/runner/work/ozone/ozone/hadoop-ozone/integration-test-recon/target/test-dir/MiniOzoneClusterImpl-e405f726-f354-48a5-b90a-334fe627f997/ozone-metadata/datanode-3/data-0/hdds
2025-09-11 04:24:44,047 [86475e3c-5cf0-45b3-a002-22fb0eea734c-ContainerReader-0] INFO  ozoneimpl.ContainerReader (ContainerReader.java:readVolume(177)) - Finish verifying containers on volume /home/runner/work/ozone/ozone/hadoop-ozone/integration-test-recon/target/test-dir/MiniOzoneClusterImpl-e405f726-f354-48a5-b90a-334fe627f997/ozone-metadata/datanode-3/data-0/hdds
2025-09-11 04:24:44,047 [86475e3c-5cf0-45b3-a002-22fb0eea734c-EndpointStateMachineTaskThread-/0.0.0.0:15004-0 ] INFO  ozoneimpl.OzoneContainer (OzoneContainer.java:buildContainerSet(370)) - Build ContainerSet costs 0s
2025-09-11 04:24:44,048 [86475e3c-5cf0-45b3-a002-22fb0eea734c-EndpointStateMachineTaskThread-/0.0.0.0:15004-0 ] INFO  volume.ThrottledAsyncChecker (ThrottledAsyncChecker.java:schedule(138)) - Scheduling a check for /home/runner/work/ozone/ozone/hadoop-ozone/integration-test-recon/target/test-dir/MiniOzoneClusterImpl-e405f726-f354-48a5-b90a-334fe627f997/ozone-metadata/datanode-3/data-0/hdds
2025-09-11 04:24:44,049 [86475e3c-5cf0-45b3-a002-22fb0eea734c-DataNodeDiskCheckerThread-0] WARN  volume.VolumeUsage (VolumeUsage.java:isReservedUsagesInRange(245)) - Reserved usages 53512658944 is higher than actual allocated reserved space 7688716.
2025-09-11 04:24:44,049 [86475e3c-5cf0-45b3-a002-22fb0eea734c-DataNodeDiskCheckerThread-0] WARN  volume.HddsVolume (HddsVolume.java:checkVolumeUsages(375)) - Volume /home/runner/work/ozone/ozone/hadoop-ozone/integration-test-recon/target/test-dir/MiniOzoneClusterImpl-e405f726-f354-48a5-b90a-334fe627f997/ozone-metadata/datanode-3/data-0/hdds reserved usages is higher than actual allocated reserved space.
2025-09-11 04:24:44,049 [86475e3c-5cf0-45b3-a002-22fb0eea734c-EndpointStateMachineTaskThread-/0.0.0.0:15004-0 ] INFO  volume.StorageVolumeChecker (StorageVolumeChecker.java:checkAllVolumes(231)) - Scheduled health check for volume /home/runner/work/ozone/ozone/hadoop-ozone/integration-test-recon/target/test-dir/MiniOzoneClusterImpl-e405f726-f354-48a5-b90a-334fe627f997/ozone-metadata/datanode-3/data-0/hdds
2025-09-11 04:24:44,053 [86475e3c-5cf0-45b3-a002-22fb0eea734c-EndpointStateMachineTaskThread-/0.0.0.0:15004-0 ] INFO  volume.ThrottledAsyncChecker (ThrottledAsyncChecker.java:schedule(138)) - Scheduling a check for /home/runner/work/ozone/ozone/hadoop-ozone/integration-test-recon/target/test-dir/MiniOzoneClusterImpl-e405f726-f354-48a5-b90a-334fe627f997/ozone-metadata/datanode-3/ratis
2025-09-11 04:24:44,053 [86475e3c-5cf0-45b3-a002-22fb0eea734c-EndpointStateMachineTaskThread-/0.0.0.0:15004-0 ] INFO  volume.StorageVolumeChecker (StorageVolumeChecker.java:checkAllVolumes(231)) - Scheduled health check for volume /home/runner/work/ozone/ozone/hadoop-ozone/integration-test-recon/target/test-dir/MiniOzoneClusterImpl-e405f726-f354-48a5-b90a-334fe627f997/ozone-metadata/datanode-3/ratis
2025-09-11 04:24:44,055 [86475e3c-5cf0-45b3-a002-22fb0eea734c-EndpointStateMachineTaskThread-/0.0.0.0:15004-0 ] INFO  ozoneimpl.OzoneContainer (OzoneContainer.java:start(525)) - Attempting to start container services.
2025-09-11 04:24:44,058 [ContainerMetadataScanner] INFO  ozoneimpl.AbstractBackgroundContainerScanner (AbstractBackgroundContainerScanner.java:runIteration(89)) - Completed an iteration in 0 minutes. Number of iterations (since the data-node restart) : 1, Number of containers scanned in this iteration : 0, Number of unhealthy containers found in this iteration : 0
2025-09-11 04:24:44,060 [ContainerDataScanner(/home/runner/work/ozone/ozone/hadoop-ozone/integration-test-recon/target/test-dir/MiniOzoneClusterImpl-e405f726-f354-48a5-b90a-334fe627f997/ozone-metadata/datanode-3/data-0/hdds)] INFO  ozoneimpl.AbstractBackgroundContainerScanner (AbstractBackgroundContainerScanner.java:runIteration(89)) - Completed an iteration in 0 minutes. Number of iterations (since the data-node restart) : 1, Number of containers scanned in this iteration : 0, Number of unhealthy containers found in this iteration : 0
2025-09-11 04:24:44,061 [DiskUsage-/home/runner/work/ozone/ozone/hadoop-ozone/integration-test-recon/target/test-dir/MiniOzoneClusterImpl-e405f726-f354-48a5-b90a-334fe627f997/ozone-metadata/datanode-3/ratis-
] INFO  fs.DUOptimized (DUOptimized.java:getUsedSpace(49)) - Disk metaPath du usages 12288, container data usages 0
2025-09-11 04:24:44,061 [86475e3c-5cf0-45b3-a002-22fb0eea734c-EndpointStateMachineTaskThread-/0.0.0.0:15004-0 ] INFO  replication.ReplicationServer (ReplicationServer.java:start(137)) - ReplicationServer is started using port 15035
2025-09-11 04:24:44,061 [86475e3c-5cf0-45b3-a002-22fb0eea734c-EndpointStateMachineTaskThread-/0.0.0.0:15004-0 ] INFO  ratis.XceiverServerRatis (XceiverServerRatis.java:start(562)) - Starting XceiverServerRatis(86475e3c-5cf0-45b3-a002-22fb0eea734c)
2025-09-11 04:24:44,063 [DiskUsage-/home/runner/work/ozone/ozone/hadoop-ozone/integration-test-recon/target/test-dir/MiniOzoneClusterImpl-e405f726-f354-48a5-b90a-334fe627f997/ozone-metadata/datanode-3/data-0-
] INFO  fs.DUOptimized (DUOptimized.java:getUsedSpace(49)) - Disk metaPath du usages 4382720, container data usages 0
2025-09-11 04:24:44,064 [86475e3c-5cf0-45b3-a002-22fb0eea734c-EndpointStateMachineTaskThread-/0.0.0.0:15004-0 ] INFO  server.RaftServer (RaftServerProxy.java:startImpl(412)) - 86475e3c-5cf0-45b3-a002-22fb0eea734c: start RPC server
2025-09-11 04:24:44,064 [86475e3c-5cf0-45b3-a002-22fb0eea734c-EndpointStateMachineTaskThread-/0.0.0.0:15004-0 ] INFO  server.GrpcServicesImpl (GrpcServicesImpl.java:startImpl(346)) - 86475e3c-5cf0-45b3-a002-22fb0eea734c: GrpcServicesImpl started, listening on 15031
2025-09-11 04:24:44,064 [86475e3c-5cf0-45b3-a002-22fb0eea734c-EndpointStateMachineTaskThread-/0.0.0.0:15004-0 ] INFO  server.GrpcServicesImpl (GrpcServicesImpl.java:startImpl(346)) - 86475e3c-5cf0-45b3-a002-22fb0eea734c: GrpcServicesImpl started, listening on 15033
2025-09-11 04:24:44,065 [86475e3c-5cf0-45b3-a002-22fb0eea734c-EndpointStateMachineTaskThread-/0.0.0.0:15004-0 ] INFO  server.GrpcServicesImpl (GrpcServicesImpl.java:startImpl(346)) - 86475e3c-5cf0-45b3-a002-22fb0eea734c: GrpcServicesImpl started, listening on 15032
2025-09-11 04:24:44,065 [86475e3c-5cf0-45b3-a002-22fb0eea734c-EndpointStateMachineTaskThread-/0.0.0.0:15004-0 ] INFO  ratis.XceiverServerRatis (XceiverServerRatis.java:getRealPort(589)) - XceiverServerRatis(86475e3c-5cf0-45b3-a002-22fb0eea734c) is started using port RATIS=15031
2025-09-11 04:24:44,065 [86475e3c-5cf0-45b3-a002-22fb0eea734c-EndpointStateMachineTaskThread-/0.0.0.0:15004-0 ] INFO  ratis.XceiverServerRatis (XceiverServerRatis.java:getRealPort(589)) - XceiverServerRatis(86475e3c-5cf0-45b3-a002-22fb0eea734c) is started using port RATIS_ADMIN=15032
2025-09-11 04:24:44,065 [86475e3c-5cf0-45b3-a002-22fb0eea734c-EndpointStateMachineTaskThread-/0.0.0.0:15004-0 ] INFO  ratis.XceiverServerRatis (XceiverServerRatis.java:getRealPort(589)) - XceiverServerRatis(86475e3c-5cf0-45b3-a002-22fb0eea734c) is started using port RATIS_SERVER=15033
2025-09-11 04:24:44,065 [86475e3c-5cf0-45b3-a002-22fb0eea734c-EndpointStateMachineTaskThread-/0.0.0.0:15004-0 ] INFO  ratis.XceiverServerRatis (XceiverServerRatis.java:getRealPort(589)) - XceiverServerRatis(86475e3c-5cf0-45b3-a002-22fb0eea734c) is started using port RATIS_DATASTREAM=15034
2025-09-11 04:24:44,065 [JvmPauseMonitor6] INFO  util.JvmPauseMonitor (JvmPauseMonitor.java:run(146)) - JvmPauseMonitor-86475e3c-5cf0-45b3-a002-22fb0eea734c: Started
2025-09-11 04:24:44,067 [86475e3c-5cf0-45b3-a002-22fb0eea734c-EndpointStateMachineTaskThread-/0.0.0.0:15004-0 ] INFO  utils.BackgroundService (BackgroundService.java:start(119)) - Starting service BlockDeletingService with interval 60000 milliseconds
2025-09-11 04:24:44,068 [86475e3c-5cf0-45b3-a002-22fb0eea734c-EndpointStateMachineTaskThread-/0.0.0.0:15004-0 ] INFO  utils.BackgroundService (BackgroundService.java:start(119)) - Starting service StaleRecoveringContainerScrubbingService with interval 60000 milliseconds
2025-09-11 04:24:44,073 [00aa5afb-d218-4771-abd7-db0247b9d23b@group-334FE627F997-StateMachineUpdater] INFO  safemode.SCMSafeModeManager (SCMSafeModeManager.java:validateSafeModeExitRules(138)) - RatisContainerSafeModeRule rule is successfully validated
2025-09-11 04:24:44,073 [00aa5afb-d218-4771-abd7-db0247b9d23b@group-334FE627F997-StateMachineUpdater] INFO  safemode.HealthyPipelineSafeModeRule (HealthyPipelineSafeModeRule.java:initializeRule(228)) - Refreshed total pipeline count is 0, healthy pipeline threshold count is 1
2025-09-11 04:24:44,074 [00aa5afb-d218-4771-abd7-db0247b9d23b@group-334FE627F997-StateMachineUpdater] INFO  safemode.SCMSafeModeManager (SCMSafeModeManager.java:validateSafeModeExitRules(138)) - ECContainerSafeModeRule rule is successfully validated
2025-09-11 04:24:44,074 [00aa5afb-d218-4771-abd7-db0247b9d23b@group-334FE627F997-StateMachineUpdater] INFO  safemode.SCMSafeModeManager (SCMSafeModeManager.java:validateSafeModeExitRules(138)) - AtleastOneDatanodeReportedRule rule is successfully validated
2025-09-11 04:24:44,077 [RatisPipelineUtilsThread-0] INFO  pipeline.BackgroundPipelineCreator (BackgroundPipelineCreator.java:createPipelines(246)) - Created new pipeline Pipeline{ Id: 37ff7433-f176-4625-8a30-ec04683b356a, Nodes: [ {42a5f925-1bc2-4f8a-8509-c5ae65e6fcde(localhost/127.0.0.1), ReplicaIndex: 0},], ReplicationConfig: RATIS/ONE, State:ALLOCATED, leaderId:, CreationTimestamp2025-09-11T04:24:44.001362506Z[Etc/UTC]}
2025-09-11 04:24:44,081 [ForkJoinPool-1-worker-1] INFO  handler.ContextHandler (ContextHandler.java:doStart(921)) - Started o.e.j.w.WebAppContext@468b40ab{hddsDatanode,/,file:///home/runner/work/ozone/ozone/hadoop-ozone/integration-test-recon/target/test-dir/MiniOzoneClusterImpl-e405f726-f354-48a5-b90a-334fe627f997/scm/ozone-metadata/webserver/jetty-0_0_0_0-15044-hdds-container-service-2_1_0-SNAPSHOT_jar-_-any-292937177410904813/webapp/,AVAILABLE}{jar:file:/home/runner/work/ozone/ozone/hadoop-hdds/container-service/target/hdds-container-service-2.1.0-SNAPSHOT.jar!/webapps/hddsDatanode}
2025-09-11 04:24:44,083 [ForkJoinPool-1-worker-1] INFO  server.AbstractConnector (AbstractConnector.java:doStart(333)) - Started ServerConnector@1aba6c55{HTTP/1.1, (http/1.1)}{0.0.0.0:15044}
2025-09-11 04:24:44,084 [ForkJoinPool-1-worker-1] INFO  server.Server (Server.java:doStart(415)) - Started @26094ms
2025-09-11 04:24:44,084 [ForkJoinPool-1-worker-1] WARN  impl.MetricsSystemImpl (MetricsSystemImpl.java:register(279)) - Sink prometheus already exists!
2025-09-11 04:24:44,084 [ForkJoinPool-1-worker-1] INFO  http.BaseHttpServer (BaseHttpServer.java:updateConnectorAddress(357)) - HTTP server of hddsDatanode listening at http://localhost:15044
2025-09-11 04:24:44,085 [ForkJoinPool-1-worker-1] INFO  ipc.CallQueueManager (CallQueueManager.java:<init>(93)) - Using callQueue: class java.util.concurrent.LinkedBlockingQueue, queueCapacity: 1000, scheduler: class org.apache.hadoop.ipc.DefaultRpcScheduler, ipcBackoff: false, ipcFailOver: false.
2025-09-11 04:24:44,086 [ForkJoinPool-1-worker-1] INFO  ipc.Server (Server.java:<init>(1438)) - Listener at 0.0.0.0:15045
2025-09-11 04:24:44,088 [Socket Reader #2 for port 15045] INFO  ipc.Server (Server.java:run(1474)) - Starting Socket Reader #2 for port 15045
2025-09-11 04:24:44,088 [Socket Reader #3 for port 15045] INFO  ipc.Server (Server.java:run(1474)) - Starting Socket Reader #3 for port 15045
2025-09-11 04:24:44,089 [Socket Reader #1 for port 15045] INFO  ipc.Server (Server.java:run(1474)) - Starting Socket Reader #1 for port 15045
2025-09-11 04:24:44,090 [Socket Reader #4 for port 15045] INFO  ipc.Server (Server.java:run(1474)) - Starting Socket Reader #4 for port 15045
2025-09-11 04:24:44,090 [Socket Reader #5 for port 15045] INFO  ipc.Server (Server.java:run(1474)) - Starting Socket Reader #5 for port 15045
2025-09-11 04:24:44,092 [Socket Reader #6 for port 15045] INFO  ipc.Server (Server.java:run(1474)) - Starting Socket Reader #6 for port 15045
2025-09-11 04:24:44,093 [Socket Reader #7 for port 15045] INFO  ipc.Server (Server.java:run(1474)) - Starting Socket Reader #7 for port 15045
2025-09-11 04:24:44,093 [Socket Reader #8 for port 15045] INFO  ipc.Server (Server.java:run(1474)) - Starting Socket Reader #8 for port 15045
2025-09-11 04:24:44,094 [Socket Reader #9 for port 15045] INFO  ipc.Server (Server.java:run(1474)) - Starting Socket Reader #9 for port 15045
2025-09-11 04:24:44,095 [Socket Reader #10 for port 15045] INFO  ipc.Server (Server.java:run(1474)) - Starting Socket Reader #10 for port 15045
2025-09-11 04:24:44,097 [ForkJoinPool-1-worker-1] INFO  ozone.HddsDatanodeService (HddsDatanodeService.java:start(333)) - Datanode start with admins: [runner]
2025-09-11 04:24:44,097 [ForkJoinPool-1-worker-1] INFO  ozone.HddsDatanodeClientProtocolServer (HddsDatanodeClientProtocolServer.java:start(76)) - RPC server for Client /0.0.0.0:15045
2025-09-11 04:24:44,097 [IPC Server Responder] INFO  ipc.Server (Server.java:run(1713)) - IPC Server Responder: starting
2025-09-11 04:24:44,098 [IPC Server listener on 15045] INFO  ipc.Server (Server.java:run(1553)) - IPC Server listener on 15045: starting
2025-09-11 04:24:44,103 [ForkJoinPool-1-worker-1] INFO  ozone.MiniOzoneClusterImpl (MiniOzoneClusterImpl.java:lambda$waitForClusterToBeReady$0(181)) - Waiting for nodes to be ready. Got 1 of 5 DN Heartbeats.
2025-09-11 04:24:44,103 [ForkJoinPool-1-worker-1] INFO  ozone.MiniOzoneClusterImpl (MiniOzoneClusterImpl.java:lambda$waitForClusterToBeReady$0(184)) - Waiting for cluster to exit safe mode
2025-09-11 04:24:44,104 [ForkJoinPool-1-worker-1] INFO  ozone.MiniOzoneClusterImpl (MiniOzoneClusterImpl.java:lambda$waitForClusterToBeReady$0(186)) - SCM became leader
2025-09-11 04:24:44,104 [0ed0910f-4ac9-4f62-be34-d90c51a3e6c9-DatanodeStateMachineDaemonThread] INFO  statemachine.DatanodeStateMachine (DatanodeStateMachine.java:startStateMachineThread(347)) - Ozone container server started.
2025-09-11 04:24:44,104 [0ed0910f-4ac9-4f62-be34-d90c51a3e6c9-DatanodeStateMachineTaskThread-0] INFO  statemachine.SCMConnectionManager (SCMConnectionManager.java:addReconServer(184)) - Adding Recon Server : /127.0.0.1:15001
2025-09-11 04:24:44,108 [0ed0910f-4ac9-4f62-be34-d90c51a3e6c9-DatanodeStateMachineTaskThread-0] INFO  datanode.InitDatanodeState (InitDatanodeState.java:persistContainerDatanodeDetails(139)) - DatanodeDetails is persisted to /home/runner/work/ozone/ozone/hadoop-ozone/integration-test-recon/target/test-dir/MiniOzoneClusterImpl-e405f726-f354-48a5-b90a-334fe627f997/ozone-metadata/datanode-5/ozone-metadata/datanode.id
2025-09-11 04:24:44,193 [IPC Server handler 4 on default port 15001] INFO  net.NetworkTopologyImpl (NetworkTopologyImpl.java:add(133)) - Added a new node: /default-rack/d5ad88c2-6e7a-4660-bab6-a4e8807a575e
2025-09-11 04:24:44,193 [IPC Server handler 0 on default port 15004] INFO  net.NetworkTopologyImpl (NetworkTopologyImpl.java:add(133)) - Added a new node: /default-rack/d5ad88c2-6e7a-4660-bab6-a4e8807a575e
2025-09-11 04:24:44,194 [IPC Server handler 4 on default port 15001] INFO  node.SCMNodeManager (SCMNodeManager.java:register(423)) - Registered datanode: d5ad88c2-6e7a-4660-bab6-a4e8807a575e{ip: 127.0.0.1, host: localhost, ports: [HTTP=15020, CLIENT_RPC=15021, REPLICATION=15027, RATIS=15023, RATIS_ADMIN=15024, RATIS_SERVER=15025, RATIS_DATASTREAM=15026, STANDALONE=15022], networkLocation: /default-rack, certSerialId: null, persistedOpState: null, persistedOpStateExpiryEpochSec: 0}
2025-09-11 04:24:44,194 [IPC Server handler 0 on default port 15004] INFO  node.SCMNodeManager (SCMNodeManager.java:register(423)) - Registered datanode: d5ad88c2-6e7a-4660-bab6-a4e8807a575e{ip: 127.0.0.1, host: localhost, ports: [HTTP=15020, CLIENT_RPC=15021, REPLICATION=15027, RATIS=15023, RATIS_ADMIN=15024, RATIS_SERVER=15025, RATIS_DATASTREAM=15026, STANDALONE=15022], networkLocation: /default-rack, certSerialId: null, persistedOpState: null, persistedOpStateExpiryEpochSec: 0}
2025-09-11 04:24:44,194 [IPC Server handler 4 on default port 15001] INFO  recon.ReconContext (ReconContext.java:updateHealthStatus(76)) - Update healthStatus of Recon from true to true.
2025-09-11 04:24:44,194 [EventQueue-PipelineReportForOneReplicaPipelineSafeModeRule] INFO  safemode.SCMSafeModeManager (SCMSafeModeManager.java:validateSafeModeExitRules(138)) - AtleastOneDatanodeReportedRule rule is successfully validated
2025-09-11 04:24:44,194 [Recon-EventQueue-NewNodeForReconNewNodeHandler] INFO  scm.ReconNodeManager (ReconNodeManager.java:addNodeToDB(143)) - Added a new node to db: d5ad88c2-6e7a-4660-bab6-a4e8807a575e(localhost/127.0.0.1)
2025-09-11 04:24:44,194 [EventQueue-NewNodeForNewNodeHandler] INFO  pipeline.BackgroundPipelineCreator (BackgroundPipelineCreator.java:notifyEventTriggered(290)) - trigger a one-shot run on RatisPipelineUtilsThread.
2025-09-11 04:24:44,195 [EventQueue-NodeRegistrationContainerReportForDataNodeSafeModeRule] INFO  safemode.SCMSafeModeManager (DataNodeSafeModeRule.java:process(80)) - SCM in safe mode. 2 DataNodes registered, 3 required.
2025-09-11 04:24:44,195 [RatisPipelineUtilsThread-0] INFO  pipeline.RatisPipelineProvider (RatisPipelineProvider.java:lambda$create$0(208)) - Sending CreatePipelineCommand for pipeline:Pipeline-4257d8e5-b9ee-4372-8ca5-4d151320670c to datanode:d5ad88c2-6e7a-4660-bab6-a4e8807a575e(localhost/127.0.0.1)
2025-09-11 04:24:44,196 [FixedThreadPoolWithAffinityExecutor-0-0] WARN  events.FixedThreadPoolWithAffinityExecutor (FixedThreadPoolWithAffinityExecutor.java:run(251)) - Event remained in queue for long time 2 millisec, d5ad88c2-6e7a-4660-bab6-a4e8807a575e(localhost/127.0.0.1), {type: FCR, size: 0}
2025-09-11 04:24:44,196 [FixedThreadPoolWithAffinityExecutor-0-0] WARN  events.FixedThreadPoolWithAffinityExecutor (FixedThreadPoolWithAffinityExecutor.java:run(264)) - Event taken long execution time 2 millisec, d5ad88c2-6e7a-4660-bab6-a4e8807a575e(localhost/127.0.0.1), {type: FCR, size: 0}
2025-09-11 04:24:44,196 [EventQueue-ContainerRegistrationReportForRatisContainerSafeModeRule] INFO  safemode.SCMSafeModeManager (SCMSafeModeManager.java:validateSafeModeExitRules(138)) - RatisContainerSafeModeRule rule is successfully validated
2025-09-11 04:24:44,196 [EventQueue-ContainerRegistrationReportForECContainerSafeModeRule] INFO  safemode.SCMSafeModeManager (SCMSafeModeManager.java:validateSafeModeExitRules(138)) - ECContainerSafeModeRule rule is successfully validated
2025-09-11 04:24:44,198 [00aa5afb-d218-4771-abd7-db0247b9d23b@group-334FE627F997-StateMachineUpdater] INFO  safemode.SCMSafeModeManager (SCMSafeModeManager.java:validateSafeModeExitRules(138)) - RatisContainerSafeModeRule rule is successfully validated
2025-09-11 04:24:44,199 [00aa5afb-d218-4771-abd7-db0247b9d23b@group-334FE627F997-StateMachineUpdater] INFO  safemode.HealthyPipelineSafeModeRule (HealthyPipelineSafeModeRule.java:initializeRule(228)) - Refreshed total pipeline count is 0, healthy pipeline threshold count is 1
2025-09-11 04:24:44,199 [00aa5afb-d218-4771-abd7-db0247b9d23b@group-334FE627F997-StateMachineUpdater] INFO  safemode.SCMSafeModeManager (SCMSafeModeManager.java:validateSafeModeExitRules(138)) - ECContainerSafeModeRule rule is successfully validated
2025-09-11 04:24:44,199 [00aa5afb-d218-4771-abd7-db0247b9d23b@group-334FE627F997-StateMachineUpdater] INFO  safemode.SCMSafeModeManager (SCMSafeModeManager.java:validateSafeModeExitRules(138)) - AtleastOneDatanodeReportedRule rule is successfully validated
2025-09-11 04:24:44,199 [RatisPipelineUtilsThread-0] INFO  pipeline.BackgroundPipelineCreator (BackgroundPipelineCreator.java:createPipelines(246)) - Created new pipeline Pipeline{ Id: 4257d8e5-b9ee-4372-8ca5-4d151320670c, Nodes: [ {d5ad88c2-6e7a-4660-bab6-a4e8807a575e(localhost/127.0.0.1), ReplicaIndex: 0},], ReplicationConfig: RATIS/ONE, State:ALLOCATED, leaderId:, CreationTimestamp2025-09-11T04:24:44.195827938Z[Etc/UTC]}
2025-09-11 04:24:44,324 [ReplicationMonitor] INFO  replication.ReplicationManager (ReplicationManager.java:processAll(359)) - Replication Manager is not ready to run until 3000ms after safemode exit
2025-09-11 04:24:44,333 [346684e1-b57f-4c29-9507-935dad45bd68-EndpointStateMachineTaskThread-/0.0.0.0:15004-0 ] INFO  utils.DatanodeStoreCache (DatanodeStoreCache.java:addDB(70)) - Added db /home/runner/work/ozone/ozone/hadoop-ozone/integration-test-recon/target/test-dir/MiniOzoneClusterImpl-e405f726-f354-48a5-b90a-334fe627f997/ozone-metadata/datanode-4/data-0/hdds/e405f726-f354-48a5-b90a-334fe627f997/DS-59625494-2ced-4156-9813-c0a8cd4097a6/container.db to cache
2025-09-11 04:24:44,333 [346684e1-b57f-4c29-9507-935dad45bd68-EndpointStateMachineTaskThread-/0.0.0.0:15004-0 ] INFO  volume.HddsVolume (HddsVolume.java:createDbStore(576)) - SchemaV3 db is created and loaded at /home/runner/work/ozone/ozone/hadoop-ozone/integration-test-recon/target/test-dir/MiniOzoneClusterImpl-e405f726-f354-48a5-b90a-334fe627f997/ozone-metadata/datanode-4/data-0/hdds/e405f726-f354-48a5-b90a-334fe627f997/DS-59625494-2ced-4156-9813-c0a8cd4097a6/container.db for volume DS-59625494-2ced-4156-9813-c0a8cd4097a6
2025-09-11 04:24:44,345 [346684e1-b57f-4c29-9507-935dad45bd68-ContainerReader-0] INFO  ozoneimpl.ContainerReader (ContainerReader.java:readVolume(147)) - Start to verify containers on volume /home/runner/work/ozone/ozone/hadoop-ozone/integration-test-recon/target/test-dir/MiniOzoneClusterImpl-e405f726-f354-48a5-b90a-334fe627f997/ozone-metadata/datanode-4/data-0/hdds
2025-09-11 04:24:44,346 [346684e1-b57f-4c29-9507-935dad45bd68-ContainerReader-0] INFO  ozoneimpl.ContainerReader (ContainerReader.java:readVolume(177)) - Finish verifying containers on volume /home/runner/work/ozone/ozone/hadoop-ozone/integration-test-recon/target/test-dir/MiniOzoneClusterImpl-e405f726-f354-48a5-b90a-334fe627f997/ozone-metadata/datanode-4/data-0/hdds
2025-09-11 04:24:44,346 [346684e1-b57f-4c29-9507-935dad45bd68-EndpointStateMachineTaskThread-/0.0.0.0:15004-0 ] INFO  ozoneimpl.OzoneContainer (OzoneContainer.java:buildContainerSet(370)) - Build ContainerSet costs 0s
2025-09-11 04:24:44,347 [346684e1-b57f-4c29-9507-935dad45bd68-EndpointStateMachineTaskThread-/0.0.0.0:15004-0 ] INFO  volume.ThrottledAsyncChecker (ThrottledAsyncChecker.java:schedule(138)) - Scheduling a check for /home/runner/work/ozone/ozone/hadoop-ozone/integration-test-recon/target/test-dir/MiniOzoneClusterImpl-e405f726-f354-48a5-b90a-334fe627f997/ozone-metadata/datanode-4/data-0/hdds
2025-09-11 04:24:44,347 [346684e1-b57f-4c29-9507-935dad45bd68-DataNodeDiskCheckerThread-0] WARN  volume.VolumeUsage (VolumeUsage.java:isReservedUsagesInRange(245)) - Reserved usages 53534777344 is higher than actual allocated reserved space 7688716.
2025-09-11 04:24:44,347 [346684e1-b57f-4c29-9507-935dad45bd68-DataNodeDiskCheckerThread-0] WARN  volume.HddsVolume (HddsVolume.java:checkVolumeUsages(375)) - Volume /home/runner/work/ozone/ozone/hadoop-ozone/integration-test-recon/target/test-dir/MiniOzoneClusterImpl-e405f726-f354-48a5-b90a-334fe627f997/ozone-metadata/datanode-4/data-0/hdds reserved usages is higher than actual allocated reserved space.
2025-09-11 04:24:44,348 [346684e1-b57f-4c29-9507-935dad45bd68-EndpointStateMachineTaskThread-/0.0.0.0:15004-0 ] INFO  volume.StorageVolumeChecker (StorageVolumeChecker.java:checkAllVolumes(231)) - Scheduled health check for volume /home/runner/work/ozone/ozone/hadoop-ozone/integration-test-recon/target/test-dir/MiniOzoneClusterImpl-e405f726-f354-48a5-b90a-334fe627f997/ozone-metadata/datanode-4/data-0/hdds
2025-09-11 04:24:44,351 [346684e1-b57f-4c29-9507-935dad45bd68-EndpointStateMachineTaskThread-/0.0.0.0:15004-0 ] INFO  volume.ThrottledAsyncChecker (ThrottledAsyncChecker.java:schedule(138)) - Scheduling a check for /home/runner/work/ozone/ozone/hadoop-ozone/integration-test-recon/target/test-dir/MiniOzoneClusterImpl-e405f726-f354-48a5-b90a-334fe627f997/ozone-metadata/datanode-4/ratis
2025-09-11 04:24:44,352 [346684e1-b57f-4c29-9507-935dad45bd68-EndpointStateMachineTaskThread-/0.0.0.0:15004-0 ] INFO  volume.StorageVolumeChecker (StorageVolumeChecker.java:checkAllVolumes(231)) - Scheduled health check for volume /home/runner/work/ozone/ozone/hadoop-ozone/integration-test-recon/target/test-dir/MiniOzoneClusterImpl-e405f726-f354-48a5-b90a-334fe627f997/ozone-metadata/datanode-4/ratis
2025-09-11 04:24:44,354 [346684e1-b57f-4c29-9507-935dad45bd68-EndpointStateMachineTaskThread-/0.0.0.0:15004-0 ] INFO  ozoneimpl.OzoneContainer (OzoneContainer.java:start(525)) - Attempting to start container services.
2025-09-11 04:24:44,355 [ContainerMetadataScanner] INFO  ozoneimpl.AbstractBackgroundContainerScanner (AbstractBackgroundContainerScanner.java:runIteration(89)) - Completed an iteration in 0 minutes. Number of iterations (since the data-node restart) : 1, Number of containers scanned in this iteration : 0, Number of unhealthy containers found in this iteration : 0
2025-09-11 04:24:44,358 [ContainerDataScanner(/home/runner/work/ozone/ozone/hadoop-ozone/integration-test-recon/target/test-dir/MiniOzoneClusterImpl-e405f726-f354-48a5-b90a-334fe627f997/ozone-metadata/datanode-4/data-0/hdds)] INFO  ozoneimpl.AbstractBackgroundContainerScanner (AbstractBackgroundContainerScanner.java:runIteration(89)) - Completed an iteration in 0 minutes. Number of iterations (since the data-node restart) : 1, Number of containers scanned in this iteration : 0, Number of unhealthy containers found in this iteration : 0
2025-09-11 04:24:44,358 [346684e1-b57f-4c29-9507-935dad45bd68-EndpointStateMachineTaskThread-/0.0.0.0:15004-0 ] INFO  replication.ReplicationServer (ReplicationServer.java:start(137)) - ReplicationServer is started using port 15043
2025-09-11 04:24:44,358 [346684e1-b57f-4c29-9507-935dad45bd68-EndpointStateMachineTaskThread-/0.0.0.0:15004-0 ] INFO  ratis.XceiverServerRatis (XceiverServerRatis.java:start(562)) - Starting XceiverServerRatis(346684e1-b57f-4c29-9507-935dad45bd68)
2025-09-11 04:24:44,359 [DiskUsage-/home/runner/work/ozone/ozone/hadoop-ozone/integration-test-recon/target/test-dir/MiniOzoneClusterImpl-e405f726-f354-48a5-b90a-334fe627f997/ozone-metadata/datanode-4/data-0-
] INFO  fs.DUOptimized (DUOptimized.java:getUsedSpace(49)) - Disk metaPath du usages 4382720, container data usages 0
2025-09-11 04:24:44,361 [DiskUsage-/home/runner/work/ozone/ozone/hadoop-ozone/integration-test-recon/target/test-dir/MiniOzoneClusterImpl-e405f726-f354-48a5-b90a-334fe627f997/ozone-metadata/datanode-4/ratis-
] INFO  fs.DUOptimized (DUOptimized.java:getUsedSpace(49)) - Disk metaPath du usages 12288, container data usages 0
2025-09-11 04:24:44,361 [346684e1-b57f-4c29-9507-935dad45bd68-EndpointStateMachineTaskThread-/0.0.0.0:15004-0 ] INFO  server.RaftServer (RaftServerProxy.java:startImpl(412)) - 346684e1-b57f-4c29-9507-935dad45bd68: start RPC server
2025-09-11 04:24:44,362 [346684e1-b57f-4c29-9507-935dad45bd68-EndpointStateMachineTaskThread-/0.0.0.0:15004-0 ] INFO  server.GrpcServicesImpl (GrpcServicesImpl.java:startImpl(346)) - 346684e1-b57f-4c29-9507-935dad45bd68: GrpcServicesImpl started, listening on 15039
2025-09-11 04:24:44,362 [346684e1-b57f-4c29-9507-935dad45bd68-EndpointStateMachineTaskThread-/0.0.0.0:15004-0 ] INFO  server.GrpcServicesImpl (GrpcServicesImpl.java:startImpl(346)) - 346684e1-b57f-4c29-9507-935dad45bd68: GrpcServicesImpl started, listening on 15041
2025-09-11 04:24:44,362 [346684e1-b57f-4c29-9507-935dad45bd68-EndpointStateMachineTaskThread-/0.0.0.0:15004-0 ] INFO  server.GrpcServicesImpl (GrpcServicesImpl.java:startImpl(346)) - 346684e1-b57f-4c29-9507-935dad45bd68: GrpcServicesImpl started, listening on 15040
2025-09-11 04:24:44,363 [346684e1-b57f-4c29-9507-935dad45bd68-EndpointStateMachineTaskThread-/0.0.0.0:15004-0 ] INFO  ratis.XceiverServerRatis (XceiverServerRatis.java:getRealPort(589)) - XceiverServerRatis(346684e1-b57f-4c29-9507-935dad45bd68) is started using port RATIS=15039
2025-09-11 04:24:44,363 [346684e1-b57f-4c29-9507-935dad45bd68-EndpointStateMachineTaskThread-/0.0.0.0:15004-0 ] INFO  ratis.XceiverServerRatis (XceiverServerRatis.java:getRealPort(589)) - XceiverServerRatis(346684e1-b57f-4c29-9507-935dad45bd68) is started using port RATIS_ADMIN=15040
2025-09-11 04:24:44,363 [346684e1-b57f-4c29-9507-935dad45bd68-EndpointStateMachineTaskThread-/0.0.0.0:15004-0 ] INFO  ratis.XceiverServerRatis (XceiverServerRatis.java:getRealPort(589)) - XceiverServerRatis(346684e1-b57f-4c29-9507-935dad45bd68) is started using port RATIS_SERVER=15041
2025-09-11 04:24:44,363 [346684e1-b57f-4c29-9507-935dad45bd68-EndpointStateMachineTaskThread-/0.0.0.0:15004-0 ] INFO  ratis.XceiverServerRatis (XceiverServerRatis.java:getRealPort(589)) - XceiverServerRatis(346684e1-b57f-4c29-9507-935dad45bd68) is started using port RATIS_DATASTREAM=15042
2025-09-11 04:24:44,363 [JvmPauseMonitor7] INFO  util.JvmPauseMonitor (JvmPauseMonitor.java:run(146)) - JvmPauseMonitor-346684e1-b57f-4c29-9507-935dad45bd68: Started
2025-09-11 04:24:44,365 [346684e1-b57f-4c29-9507-935dad45bd68-EndpointStateMachineTaskThread-/0.0.0.0:15004-0 ] INFO  utils.BackgroundService (BackgroundService.java:start(119)) - Starting service BlockDeletingService with interval 60000 milliseconds
2025-09-11 04:24:44,365 [346684e1-b57f-4c29-9507-935dad45bd68-EndpointStateMachineTaskThread-/0.0.0.0:15004-0 ] INFO  utils.BackgroundService (BackgroundService.java:start(119)) - Starting service StaleRecoveringContainerScrubbingService with interval 60000 milliseconds
2025-09-11 04:24:44,440 [ContainerHealthTask] INFO  fsck.ContainerHealthTask (ContainerHealthTask.java:checkAndProcessContainers(194)) - Container Health task thread took 0 iterations to fetch all containers using batched approach with batch size of 1000
2025-09-11 04:24:44,468 [IPC Server handler 0 on default port 15001] INFO  scm.ReconNodeManager (ReconNodeManager.java:processHeartbeat(184)) - Sending ReregisterCommand() for 42a5f925-1bc2-4f8a-8509-c5ae65e6fcde(localhost/127.0.0.1)
2025-09-11 04:24:44,477 [IPC Server handler 7 on default port 15004] INFO  net.NetworkTopologyImpl (NetworkTopologyImpl.java:add(133)) - Added a new node: /default-rack/86475e3c-5cf0-45b3-a002-22fb0eea734c
2025-09-11 04:24:44,477 [IPC Server handler 7 on default port 15004] INFO  node.SCMNodeManager (SCMNodeManager.java:register(423)) - Registered datanode: 86475e3c-5cf0-45b3-a002-22fb0eea734c{ip: 127.0.0.1, host: localhost, ports: [HTTP=15028, CLIENT_RPC=15029, REPLICATION=15035, RATIS=15031, RATIS_ADMIN=15032, RATIS_SERVER=15033, RATIS_DATASTREAM=15034, STANDALONE=15030], networkLocation: /default-rack, certSerialId: null, persistedOpState: null, persistedOpStateExpiryEpochSec: 0}
2025-09-11 04:24:44,477 [EventQueue-PipelineReportForOneReplicaPipelineSafeModeRule] INFO  safemode.SCMSafeModeManager (SCMSafeModeManager.java:validateSafeModeExitRules(138)) - AtleastOneDatanodeReportedRule rule is successfully validated
2025-09-11 04:24:44,478 [EventQueue-NodeRegistrationContainerReportForDataNodeSafeModeRule] INFO  safemode.SCMSafeModeManager (DataNodeSafeModeRule.java:process(80)) - SCM in safe mode. 3 DataNodes registered, 3 required.
2025-09-11 04:24:44,478 [EventQueue-NodeRegistrationContainerReportForDataNodeSafeModeRule] INFO  safemode.SCMSafeModeManager (SCMSafeModeManager.java:validateSafeModeExitRules(138)) - DataNodeSafeModeRule rule is successfully validated
2025-09-11 04:24:44,478 [EventQueue-NodeRegistrationContainerReportForDataNodeSafeModeRule] INFO  safemode.SCMSafeModeManager (SCMSafeModeManager.java:validateSafeModeExitRules(151)) - All SCM safe mode pre check rules have passed
2025-09-11 04:24:44,478 [EventQueue-NodeRegistrationContainerReportForDataNodeSafeModeRule] INFO  ha.SCMContext (SCMContext.java:updateSafeModeStatus(224)) - Update SafeModeStatus from SafeModeStatus{safeModeStatus=true, preCheckPassed=false} to SafeModeStatus{safeModeStatus=true, preCheckPassed=true}.
2025-09-11 04:24:44,479 [EventQueue-NodeRegistrationContainerReportForDataNodeSafeModeRule] INFO  pipeline.BackgroundPipelineCreator (BackgroundPipelineCreator.java:notifyEventTriggered(290)) - trigger a one-shot run on RatisPipelineUtilsThread.
2025-09-11 04:24:44,479 [FixedThreadPoolWithAffinityExecutor-8-0] WARN  events.FixedThreadPoolWithAffinityExecutor (FixedThreadPoolWithAffinityExecutor.java:run(251)) - Event remained in queue for long time 2 millisec, 86475e3c-5cf0-45b3-a002-22fb0eea734c(localhost/127.0.0.1), {type: FCR, size: 0}
2025-09-11 04:24:44,479 [FixedThreadPoolWithAffinityExecutor-8-0] WARN  events.FixedThreadPoolWithAffinityExecutor (FixedThreadPoolWithAffinityExecutor.java:run(264)) - Event taken long execution time 2 millisec, 86475e3c-5cf0-45b3-a002-22fb0eea734c(localhost/127.0.0.1), {type: FCR, size: 0}
2025-09-11 04:24:44,479 [EventQueue-ContainerRegistrationReportForECContainerSafeModeRule] INFO  safemode.SCMSafeModeManager (SCMSafeModeManager.java:validateSafeModeExitRules(138)) - ECContainerSafeModeRule rule is successfully validated
2025-09-11 04:24:44,479 [EventQueue-NewNodeForNewNodeHandler] INFO  pipeline.BackgroundPipelineCreator (BackgroundPipelineCreator.java:notifyEventTriggered(290)) - trigger a one-shot run on RatisPipelineUtilsThread.
2025-09-11 04:24:44,480 [IPC Server handler 1 on default port 15001] INFO  net.NetworkTopologyImpl (NetworkTopologyImpl.java:add(133)) - Added a new node: /default-rack/86475e3c-5cf0-45b3-a002-22fb0eea734c
2025-09-11 04:24:44,480 [IPC Server handler 1 on default port 15001] INFO  node.SCMNodeManager (SCMNodeManager.java:register(423)) - Registered datanode: 86475e3c-5cf0-45b3-a002-22fb0eea734c{ip: 127.0.0.1, host: localhost, ports: [HTTP=15028, CLIENT_RPC=15029, REPLICATION=15035, RATIS=15031, RATIS_ADMIN=15032, RATIS_SERVER=15033, RATIS_DATASTREAM=15034, STANDALONE=15030], networkLocation: /default-rack, certSerialId: null, persistedOpState: null, persistedOpStateExpiryEpochSec: 0}
2025-09-11 04:24:44,480 [IPC Server handler 1 on default port 15001] INFO  recon.ReconContext (ReconContext.java:updateHealthStatus(76)) - Update healthStatus of Recon from true to true.
2025-09-11 04:24:44,480 [EventQueue-ContainerRegistrationReportForRatisContainerSafeModeRule] INFO  safemode.SCMSafeModeManager (SCMSafeModeManager.java:validateSafeModeExitRules(138)) - RatisContainerSafeModeRule rule is successfully validated
2025-09-11 04:24:44,481 [RatisPipelineUtilsThread-0] INFO  pipeline.RatisPipelineProvider (RatisPipelineProvider.java:lambda$create$0(208)) - Sending CreatePipelineCommand for pipeline:Pipeline-01831988-c4a1-4d45-9bca-89f97ec95128 to datanode:86475e3c-5cf0-45b3-a002-22fb0eea734c(localhost/127.0.0.1)
2025-09-11 04:24:44,482 [Recon-EventQueue-NewNodeForReconNewNodeHandler] INFO  scm.ReconNodeManager (ReconNodeManager.java:addNodeToDB(143)) - Added a new node to db: 86475e3c-5cf0-45b3-a002-22fb0eea734c(localhost/127.0.0.1)
2025-09-11 04:24:44,489 [00aa5afb-d218-4771-abd7-db0247b9d23b@group-334FE627F997-StateMachineUpdater] INFO  safemode.SCMSafeModeManager (SCMSafeModeManager.java:validateSafeModeExitRules(138)) - DataNodeSafeModeRule rule is successfully validated
2025-09-11 04:24:44,489 [00aa5afb-d218-4771-abd7-db0247b9d23b@group-334FE627F997-StateMachineUpdater] INFO  safemode.SCMSafeModeManager (SCMSafeModeManager.java:validateSafeModeExitRules(138)) - RatisContainerSafeModeRule rule is successfully validated
2025-09-11 04:24:44,489 [00aa5afb-d218-4771-abd7-db0247b9d23b@group-334FE627F997-StateMachineUpdater] INFO  safemode.HealthyPipelineSafeModeRule (HealthyPipelineSafeModeRule.java:initializeRule(228)) - Refreshed total pipeline count is 0, healthy pipeline threshold count is 1
2025-09-11 04:24:44,489 [00aa5afb-d218-4771-abd7-db0247b9d23b@group-334FE627F997-StateMachineUpdater] INFO  safemode.SCMSafeModeManager (SCMSafeModeManager.java:validateSafeModeExitRules(138)) - ECContainerSafeModeRule rule is successfully validated
2025-09-11 04:24:44,489 [00aa5afb-d218-4771-abd7-db0247b9d23b@group-334FE627F997-StateMachineUpdater] INFO  safemode.SCMSafeModeManager (SCMSafeModeManager.java:validateSafeModeExitRules(138)) - AtleastOneDatanodeReportedRule rule is successfully validated
2025-09-11 04:24:44,490 [RatisPipelineUtilsThread-0] INFO  pipeline.BackgroundPipelineCreator (BackgroundPipelineCreator.java:createPipelines(246)) - Created new pipeline Pipeline{ Id: 01831988-c4a1-4d45-9bca-89f97ec95128, Nodes: [ {86475e3c-5cf0-45b3-a002-22fb0eea734c(localhost/127.0.0.1), ReplicaIndex: 0},], ReplicationConfig: RATIS/ONE, State:ALLOCATED, leaderId:, CreationTimestamp2025-09-11T04:24:44.481114314Z[Etc/UTC]}
2025-09-11 04:24:44,494 [RatisPipelineUtilsThread-0] INFO  pipeline.RatisPipelineProvider (RatisPipelineProvider.java:lambda$create$0(208)) - Sending CreatePipelineCommand for pipeline:Pipeline-31d5dcaa-0410-4b69-a9b4-398fb7e0f3dc to datanode:d5ad88c2-6e7a-4660-bab6-a4e8807a575e(localhost/127.0.0.1)
2025-09-11 04:24:44,495 [RatisPipelineUtilsThread-0] INFO  pipeline.RatisPipelineProvider (RatisPipelineProvider.java:lambda$create$0(208)) - Sending CreatePipelineCommand for pipeline:Pipeline-31d5dcaa-0410-4b69-a9b4-398fb7e0f3dc to datanode:86475e3c-5cf0-45b3-a002-22fb0eea734c(localhost/127.0.0.1)
2025-09-11 04:24:44,495 [RatisPipelineUtilsThread-0] INFO  pipeline.RatisPipelineProvider (RatisPipelineProvider.java:lambda$create$0(208)) - Sending CreatePipelineCommand for pipeline:Pipeline-31d5dcaa-0410-4b69-a9b4-398fb7e0f3dc to datanode:42a5f925-1bc2-4f8a-8509-c5ae65e6fcde(localhost/127.0.0.1)
2025-09-11 04:24:44,501 [00aa5afb-d218-4771-abd7-db0247b9d23b@group-334FE627F997-StateMachineUpdater] INFO  safemode.SCMSafeModeManager (SCMSafeModeManager.java:validateSafeModeExitRules(138)) - DataNodeSafeModeRule rule is successfully validated
2025-09-11 04:24:44,502 [00aa5afb-d218-4771-abd7-db0247b9d23b@group-334FE627F997-StateMachineUpdater] INFO  safemode.SCMSafeModeManager (SCMSafeModeManager.java:validateSafeModeExitRules(138)) - RatisContainerSafeModeRule rule is successfully validated
2025-09-11 04:24:44,502 [00aa5afb-d218-4771-abd7-db0247b9d23b@group-334FE627F997-StateMachineUpdater] INFO  safemode.HealthyPipelineSafeModeRule (HealthyPipelineSafeModeRule.java:initializeRule(228)) - Refreshed total pipeline count is 0, healthy pipeline threshold count is 1
2025-09-11 04:24:44,502 [00aa5afb-d218-4771-abd7-db0247b9d23b@group-334FE627F997-StateMachineUpdater] INFO  safemode.SCMSafeModeManager (SCMSafeModeManager.java:validateSafeModeExitRules(138)) - ECContainerSafeModeRule rule is successfully validated
2025-09-11 04:24:44,503 [00aa5afb-d218-4771-abd7-db0247b9d23b@group-334FE627F997-StateMachineUpdater] INFO  safemode.SCMSafeModeManager (SCMSafeModeManager.java:validateSafeModeExitRules(138)) - AtleastOneDatanodeReportedRule rule is successfully validated
2025-09-11 04:24:44,503 [RatisPipelineUtilsThread-0] INFO  pipeline.BackgroundPipelineCreator (BackgroundPipelineCreator.java:createPipelines(246)) - Created new pipeline Pipeline{ Id: 31d5dcaa-0410-4b69-a9b4-398fb7e0f3dc, Nodes: [ {d5ad88c2-6e7a-4660-bab6-a4e8807a575e(localhost/127.0.0.1), ReplicaIndex: 0}, {86475e3c-5cf0-45b3-a002-22fb0eea734c(localhost/127.0.0.1), ReplicaIndex: 0}, {42a5f925-1bc2-4f8a-8509-c5ae65e6fcde(localhost/127.0.0.1), ReplicaIndex: 0},], ReplicationConfig: RATIS/THREE, State:ALLOCATED, leaderId:, CreationTimestamp2025-09-11T04:24:44.494809871Z[Etc/UTC]}
2025-09-11 04:24:44,643 [0ed0910f-4ac9-4f62-be34-d90c51a3e6c9-EndpointStateMachineTaskThread-/0.0.0.0:15004-0 ] INFO  utils.DatanodeStoreCache (DatanodeStoreCache.java:addDB(70)) - Added db /home/runner/work/ozone/ozone/hadoop-ozone/integration-test-recon/target/test-dir/MiniOzoneClusterImpl-e405f726-f354-48a5-b90a-334fe627f997/ozone-metadata/datanode-5/data-0/hdds/e405f726-f354-48a5-b90a-334fe627f997/DS-88474d69-0f21-4fe3-a971-f15e258874b4/container.db to cache
2025-09-11 04:24:44,644 [0ed0910f-4ac9-4f62-be34-d90c51a3e6c9-EndpointStateMachineTaskThread-/0.0.0.0:15004-0 ] INFO  volume.HddsVolume (HddsVolume.java:createDbStore(576)) - SchemaV3 db is created and loaded at /home/runner/work/ozone/ozone/hadoop-ozone/integration-test-recon/target/test-dir/MiniOzoneClusterImpl-e405f726-f354-48a5-b90a-334fe627f997/ozone-metadata/datanode-5/data-0/hdds/e405f726-f354-48a5-b90a-334fe627f997/DS-88474d69-0f21-4fe3-a971-f15e258874b4/container.db for volume DS-88474d69-0f21-4fe3-a971-f15e258874b4
2025-09-11 04:24:44,647 [0ed0910f-4ac9-4f62-be34-d90c51a3e6c9-ContainerReader-0] INFO  ozoneimpl.ContainerReader (ContainerReader.java:readVolume(147)) - Start to verify containers on volume /home/runner/work/ozone/ozone/hadoop-ozone/integration-test-recon/target/test-dir/MiniOzoneClusterImpl-e405f726-f354-48a5-b90a-334fe627f997/ozone-metadata/datanode-5/data-0/hdds
2025-09-11 04:24:44,647 [0ed0910f-4ac9-4f62-be34-d90c51a3e6c9-ContainerReader-0] INFO  ozoneimpl.ContainerReader (ContainerReader.java:readVolume(177)) - Finish verifying containers on volume /home/runner/work/ozone/ozone/hadoop-ozone/integration-test-recon/target/test-dir/MiniOzoneClusterImpl-e405f726-f354-48a5-b90a-334fe627f997/ozone-metadata/datanode-5/data-0/hdds
2025-09-11 04:24:44,647 [0ed0910f-4ac9-4f62-be34-d90c51a3e6c9-EndpointStateMachineTaskThread-/0.0.0.0:15004-0 ] INFO  ozoneimpl.OzoneContainer (OzoneContainer.java:buildContainerSet(370)) - Build ContainerSet costs 0s
2025-09-11 04:24:44,647 [0ed0910f-4ac9-4f62-be34-d90c51a3e6c9-EndpointStateMachineTaskThread-/0.0.0.0:15004-0 ] INFO  volume.ThrottledAsyncChecker (ThrottledAsyncChecker.java:schedule(138)) - Scheduling a check for /home/runner/work/ozone/ozone/hadoop-ozone/integration-test-recon/target/test-dir/MiniOzoneClusterImpl-e405f726-f354-48a5-b90a-334fe627f997/ozone-metadata/datanode-5/data-0/hdds
2025-09-11 04:24:44,648 [0ed0910f-4ac9-4f62-be34-d90c51a3e6c9-DataNodeDiskCheckerThread-0] WARN  volume.VolumeUsage (VolumeUsage.java:isReservedUsagesInRange(245)) - Reserved usages 53565644800 is higher than actual allocated reserved space 7688716.
2025-09-11 04:24:44,648 [0ed0910f-4ac9-4f62-be34-d90c51a3e6c9-DataNodeDiskCheckerThread-0] WARN  volume.HddsVolume (HddsVolume.java:checkVolumeUsages(375)) - Volume /home/runner/work/ozone/ozone/hadoop-ozone/integration-test-recon/target/test-dir/MiniOzoneClusterImpl-e405f726-f354-48a5-b90a-334fe627f997/ozone-metadata/datanode-5/data-0/hdds reserved usages is higher than actual allocated reserved space.
2025-09-11 04:24:44,648 [0ed0910f-4ac9-4f62-be34-d90c51a3e6c9-EndpointStateMachineTaskThread-/0.0.0.0:15004-0 ] INFO  volume.StorageVolumeChecker (StorageVolumeChecker.java:checkAllVolumes(231)) - Scheduled health check for volume /home/runner/work/ozone/ozone/hadoop-ozone/integration-test-recon/target/test-dir/MiniOzoneClusterImpl-e405f726-f354-48a5-b90a-334fe627f997/ozone-metadata/datanode-5/data-0/hdds
2025-09-11 04:24:44,652 [0ed0910f-4ac9-4f62-be34-d90c51a3e6c9-EndpointStateMachineTaskThread-/0.0.0.0:15004-0 ] INFO  volume.ThrottledAsyncChecker (ThrottledAsyncChecker.java:schedule(138)) - Scheduling a check for /home/runner/work/ozone/ozone/hadoop-ozone/integration-test-recon/target/test-dir/MiniOzoneClusterImpl-e405f726-f354-48a5-b90a-334fe627f997/ozone-metadata/datanode-5/ratis
2025-09-11 04:24:44,652 [0ed0910f-4ac9-4f62-be34-d90c51a3e6c9-EndpointStateMachineTaskThread-/0.0.0.0:15004-0 ] INFO  volume.StorageVolumeChecker (StorageVolumeChecker.java:checkAllVolumes(231)) - Scheduled health check for volume /home/runner/work/ozone/ozone/hadoop-ozone/integration-test-recon/target/test-dir/MiniOzoneClusterImpl-e405f726-f354-48a5-b90a-334fe627f997/ozone-metadata/datanode-5/ratis
2025-09-11 04:24:44,654 [0ed0910f-4ac9-4f62-be34-d90c51a3e6c9-EndpointStateMachineTaskThread-/0.0.0.0:15004-0 ] INFO  ozoneimpl.OzoneContainer (OzoneContainer.java:start(525)) - Attempting to start container services.
2025-09-11 04:24:44,655 [ContainerMetadataScanner] INFO  ozoneimpl.AbstractBackgroundContainerScanner (AbstractBackgroundContainerScanner.java:runIteration(89)) - Completed an iteration in 0 minutes. Number of iterations (since the data-node restart) : 1, Number of containers scanned in this iteration : 0, Number of unhealthy containers found in this iteration : 0
2025-09-11 04:24:44,656 [ContainerDataScanner(/home/runner/work/ozone/ozone/hadoop-ozone/integration-test-recon/target/test-dir/MiniOzoneClusterImpl-e405f726-f354-48a5-b90a-334fe627f997/ozone-metadata/datanode-5/data-0/hdds)] INFO  ozoneimpl.AbstractBackgroundContainerScanner (AbstractBackgroundContainerScanner.java:runIteration(89)) - Completed an iteration in 0 minutes. Number of iterations (since the data-node restart) : 1, Number of containers scanned in this iteration : 0, Number of unhealthy containers found in this iteration : 0
2025-09-11 04:24:44,657 [DiskUsage-/home/runner/work/ozone/ozone/hadoop-ozone/integration-test-recon/target/test-dir/MiniOzoneClusterImpl-e405f726-f354-48a5-b90a-334fe627f997/ozone-metadata/datanode-5/data-0-
] INFO  fs.DUOptimized (DUOptimized.java:getUsedSpace(49)) - Disk metaPath du usages 4382720, container data usages 0
2025-09-11 04:24:44,658 [0ed0910f-4ac9-4f62-be34-d90c51a3e6c9-EndpointStateMachineTaskThread-/0.0.0.0:15004-0 ] INFO  replication.ReplicationServer (ReplicationServer.java:start(137)) - ReplicationServer is started using port 15051
2025-09-11 04:24:44,658 [0ed0910f-4ac9-4f62-be34-d90c51a3e6c9-EndpointStateMachineTaskThread-/0.0.0.0:15004-0 ] INFO  ratis.XceiverServerRatis (XceiverServerRatis.java:start(562)) - Starting XceiverServerRatis(0ed0910f-4ac9-4f62-be34-d90c51a3e6c9)
2025-09-11 04:24:44,659 [0ed0910f-4ac9-4f62-be34-d90c51a3e6c9-EndpointStateMachineTaskThread-/0.0.0.0:15004-0 ] INFO  server.RaftServer (RaftServerProxy.java:startImpl(412)) - 0ed0910f-4ac9-4f62-be34-d90c51a3e6c9: start RPC server
2025-09-11 04:24:44,659 [DiskUsage-/home/runner/work/ozone/ozone/hadoop-ozone/integration-test-recon/target/test-dir/MiniOzoneClusterImpl-e405f726-f354-48a5-b90a-334fe627f997/ozone-metadata/datanode-5/ratis-
] INFO  fs.DUOptimized (DUOptimized.java:getUsedSpace(49)) - Disk metaPath du usages 12288, container data usages 0
2025-09-11 04:24:44,660 [0ed0910f-4ac9-4f62-be34-d90c51a3e6c9-EndpointStateMachineTaskThread-/0.0.0.0:15004-0 ] INFO  server.GrpcServicesImpl (GrpcServicesImpl.java:startImpl(346)) - 0ed0910f-4ac9-4f62-be34-d90c51a3e6c9: GrpcServicesImpl started, listening on 15047
2025-09-11 04:24:44,660 [0ed0910f-4ac9-4f62-be34-d90c51a3e6c9-EndpointStateMachineTaskThread-/0.0.0.0:15004-0 ] INFO  server.GrpcServicesImpl (GrpcServicesImpl.java:startImpl(346)) - 0ed0910f-4ac9-4f62-be34-d90c51a3e6c9: GrpcServicesImpl started, listening on 15049
2025-09-11 04:24:44,661 [0ed0910f-4ac9-4f62-be34-d90c51a3e6c9-EndpointStateMachineTaskThread-/0.0.0.0:15004-0 ] INFO  server.GrpcServicesImpl (GrpcServicesImpl.java:startImpl(346)) - 0ed0910f-4ac9-4f62-be34-d90c51a3e6c9: GrpcServicesImpl started, listening on 15048
2025-09-11 04:24:44,661 [0ed0910f-4ac9-4f62-be34-d90c51a3e6c9-EndpointStateMachineTaskThread-/0.0.0.0:15004-0 ] INFO  ratis.XceiverServerRatis (XceiverServerRatis.java:getRealPort(589)) - XceiverServerRatis(0ed0910f-4ac9-4f62-be34-d90c51a3e6c9) is started using port RATIS=15047
2025-09-11 04:24:44,661 [0ed0910f-4ac9-4f62-be34-d90c51a3e6c9-EndpointStateMachineTaskThread-/0.0.0.0:15004-0 ] INFO  ratis.XceiverServerRatis (XceiverServerRatis.java:getRealPort(589)) - XceiverServerRatis(0ed0910f-4ac9-4f62-be34-d90c51a3e6c9) is started using port RATIS_ADMIN=15048
2025-09-11 04:24:44,661 [JvmPauseMonitor8] INFO  util.JvmPauseMonitor (JvmPauseMonitor.java:run(146)) - JvmPauseMonitor-0ed0910f-4ac9-4f62-be34-d90c51a3e6c9: Started
2025-09-11 04:24:44,661 [0ed0910f-4ac9-4f62-be34-d90c51a3e6c9-EndpointStateMachineTaskThread-/0.0.0.0:15004-0 ] INFO  ratis.XceiverServerRatis (XceiverServerRatis.java:getRealPort(589)) - XceiverServerRatis(0ed0910f-4ac9-4f62-be34-d90c51a3e6c9) is started using port RATIS_SERVER=15049
2025-09-11 04:24:44,662 [0ed0910f-4ac9-4f62-be34-d90c51a3e6c9-EndpointStateMachineTaskThread-/0.0.0.0:15004-0 ] INFO  ratis.XceiverServerRatis (XceiverServerRatis.java:getRealPort(589)) - XceiverServerRatis(0ed0910f-4ac9-4f62-be34-d90c51a3e6c9) is started using port RATIS_DATASTREAM=15050
2025-09-11 04:24:44,663 [0ed0910f-4ac9-4f62-be34-d90c51a3e6c9-EndpointStateMachineTaskThread-/0.0.0.0:15004-0 ] INFO  utils.BackgroundService (BackgroundService.java:start(119)) - Starting service BlockDeletingService with interval 60000 milliseconds
2025-09-11 04:24:44,663 [0ed0910f-4ac9-4f62-be34-d90c51a3e6c9-EndpointStateMachineTaskThread-/0.0.0.0:15004-0 ] INFO  utils.BackgroundService (BackgroundService.java:start(119)) - Starting service StaleRecoveringContainerScrubbingService with interval 60000 milliseconds
2025-09-11 04:24:44,694 [EventQueue-PipelineReportForOneReplicaPipelineSafeModeRule] INFO  safemode.SCMSafeModeManager (SCMSafeModeManager.java:validateSafeModeExitRules(138)) - AtleastOneDatanodeReportedRule rule is successfully validated
2025-09-11 04:24:44,694 [IPC Server handler 3 on default port 15001] INFO  scm.ReconNodeManager (ReconNodeManager.java:processHeartbeat(184)) - Sending ReregisterCommand() for d5ad88c2-6e7a-4660-bab6-a4e8807a575e(localhost/127.0.0.1)
2025-09-11 04:24:44,801 [IPC Server handler 4 on default port 15001] INFO  net.NetworkTopologyImpl (NetworkTopologyImpl.java:add(133)) - Added a new node: /default-rack/346684e1-b57f-4c29-9507-935dad45bd68
2025-09-11 04:24:44,801 [IPC Server handler 6 on default port 15004] INFO  net.NetworkTopologyImpl (NetworkTopologyImpl.java:add(133)) - Added a new node: /default-rack/346684e1-b57f-4c29-9507-935dad45bd68
2025-09-11 04:24:44,801 [IPC Server handler 4 on default port 15001] INFO  node.SCMNodeManager (SCMNodeManager.java:register(423)) - Registered datanode: 346684e1-b57f-4c29-9507-935dad45bd68{ip: 127.0.0.1, host: localhost, ports: [HTTP=15036, CLIENT_RPC=15037, REPLICATION=15043, RATIS=15039, RATIS_ADMIN=15040, RATIS_SERVER=15041, RATIS_DATASTREAM=15042, STANDALONE=15038], networkLocation: /default-rack, certSerialId: null, persistedOpState: null, persistedOpStateExpiryEpochSec: 0}
2025-09-11 04:24:44,801 [IPC Server handler 4 on default port 15001] INFO  recon.ReconContext (ReconContext.java:updateHealthStatus(76)) - Update healthStatus of Recon from true to true.
2025-09-11 04:24:44,801 [IPC Server handler 6 on default port 15004] INFO  node.SCMNodeManager (SCMNodeManager.java:register(423)) - Registered datanode: 346684e1-b57f-4c29-9507-935dad45bd68{ip: 127.0.0.1, host: localhost, ports: [HTTP=15036, CLIENT_RPC=15037, REPLICATION=15043, RATIS=15039, RATIS_ADMIN=15040, RATIS_SERVER=15041, RATIS_DATASTREAM=15042, STANDALONE=15038], networkLocation: /default-rack, certSerialId: null, persistedOpState: null, persistedOpStateExpiryEpochSec: 0}
2025-09-11 04:24:44,802 [EventQueue-NewNodeForNewNodeHandler] INFO  pipeline.BackgroundPipelineCreator (BackgroundPipelineCreator.java:notifyEventTriggered(290)) - trigger a one-shot run on RatisPipelineUtilsThread.
2025-09-11 04:24:44,802 [EventQueue-PipelineReportForOneReplicaPipelineSafeModeRule] INFO  safemode.SCMSafeModeManager (SCMSafeModeManager.java:validateSafeModeExitRules(138)) - AtleastOneDatanodeReportedRule rule is successfully validated
2025-09-11 04:24:44,802 [EventQueue-NodeRegistrationContainerReportForDataNodeSafeModeRule] INFO  safemode.SCMSafeModeManager (SCMSafeModeManager.java:validateSafeModeExitRules(138)) - DataNodeSafeModeRule rule is successfully validated
2025-09-11 04:24:44,802 [EventQueue-ContainerRegistrationReportForRatisContainerSafeModeRule] INFO  safemode.SCMSafeModeManager (SCMSafeModeManager.java:validateSafeModeExitRules(138)) - RatisContainerSafeModeRule rule is successfully validated
2025-09-11 04:24:44,803 [EventQueue-ContainerRegistrationReportForECContainerSafeModeRule] INFO  safemode.SCMSafeModeManager (SCMSafeModeManager.java:validateSafeModeExitRules(138)) - ECContainerSafeModeRule rule is successfully validated
2025-09-11 04:24:44,803 [RatisPipelineUtilsThread-0] INFO  pipeline.RatisPipelineProvider (RatisPipelineProvider.java:lambda$create$0(208)) - Sending CreatePipelineCommand for pipeline:Pipeline-460fce7f-2412-49f0-bc0a-06b9db8eb07d to datanode:346684e1-b57f-4c29-9507-935dad45bd68(localhost/127.0.0.1)
2025-09-11 04:24:44,803 [Recon-EventQueue-NewNodeForReconNewNodeHandler] INFO  scm.ReconNodeManager (ReconNodeManager.java:addNodeToDB(143)) - Added a new node to db: 346684e1-b57f-4c29-9507-935dad45bd68(localhost/127.0.0.1)
2025-09-11 04:24:44,806 [00aa5afb-d218-4771-abd7-db0247b9d23b@group-334FE627F997-StateMachineUpdater] INFO  safemode.SCMSafeModeManager (SCMSafeModeManager.java:validateSafeModeExitRules(138)) - DataNodeSafeModeRule rule is successfully validated
2025-09-11 04:24:44,806 [00aa5afb-d218-4771-abd7-db0247b9d23b@group-334FE627F997-StateMachineUpdater] INFO  safemode.SCMSafeModeManager (SCMSafeModeManager.java:validateSafeModeExitRules(138)) - RatisContainerSafeModeRule rule is successfully validated
2025-09-11 04:24:44,806 [00aa5afb-d218-4771-abd7-db0247b9d23b@group-334FE627F997-StateMachineUpdater] INFO  safemode.HealthyPipelineSafeModeRule (HealthyPipelineSafeModeRule.java:initializeRule(228)) - Refreshed total pipeline count is 0, healthy pipeline threshold count is 1
2025-09-11 04:24:44,806 [00aa5afb-d218-4771-abd7-db0247b9d23b@group-334FE627F997-StateMachineUpdater] INFO  safemode.SCMSafeModeManager (SCMSafeModeManager.java:validateSafeModeExitRules(138)) - ECContainerSafeModeRule rule is successfully validated
2025-09-11 04:24:44,806 [00aa5afb-d218-4771-abd7-db0247b9d23b@group-334FE627F997-StateMachineUpdater] INFO  safemode.SCMSafeModeManager (SCMSafeModeManager.java:validateSafeModeExitRules(138)) - AtleastOneDatanodeReportedRule rule is successfully validated
2025-09-11 04:24:44,807 [RatisPipelineUtilsThread-0] INFO  pipeline.BackgroundPipelineCreator (BackgroundPipelineCreator.java:createPipelines(246)) - Created new pipeline Pipeline{ Id: 460fce7f-2412-49f0-bc0a-06b9db8eb07d, Nodes: [ {346684e1-b57f-4c29-9507-935dad45bd68(localhost/127.0.0.1), ReplicaIndex: 0},], ReplicationConfig: RATIS/ONE, State:ALLOCATED, leaderId:, CreationTimestamp2025-09-11T04:24:44.803843417Z[Etc/UTC]}
2025-09-11 04:24:44,975 [IPC Server handler 5 on default port 15001] INFO  scm.ReconNodeManager (ReconNodeManager.java:processHeartbeat(184)) - Sending ReregisterCommand() for 86475e3c-5cf0-45b3-a002-22fb0eea734c(localhost/127.0.0.1)
2025-09-11 04:24:45,104 [ForkJoinPool-1-worker-1] INFO  ozone.MiniOzoneClusterImpl (MiniOzoneClusterImpl.java:lambda$waitForClusterToBeReady$0(181)) - Waiting for nodes to be ready. Got 4 of 5 DN Heartbeats.
2025-09-11 04:24:45,104 [ForkJoinPool-1-worker-1] INFO  ozone.MiniOzoneClusterImpl (MiniOzoneClusterImpl.java:lambda$waitForClusterToBeReady$0(184)) - Waiting for cluster to exit safe mode
2025-09-11 04:24:45,104 [ForkJoinPool-1-worker-1] INFO  ozone.MiniOzoneClusterImpl (MiniOzoneClusterImpl.java:lambda$waitForClusterToBeReady$0(186)) - SCM became leader
2025-09-11 04:24:45,105 [IPC Server handler 9 on default port 15001] INFO  net.NetworkTopologyImpl (NetworkTopologyImpl.java:add(133)) - Added a new node: /default-rack/0ed0910f-4ac9-4f62-be34-d90c51a3e6c9
2025-09-11 04:24:45,105 [IPC Server handler 0 on default port 15004] INFO  net.NetworkTopologyImpl (NetworkTopologyImpl.java:add(133)) - Added a new node: /default-rack/0ed0910f-4ac9-4f62-be34-d90c51a3e6c9
2025-09-11 04:24:45,105 [IPC Server handler 9 on default port 15001] INFO  node.SCMNodeManager (SCMNodeManager.java:register(423)) - Registered datanode: 0ed0910f-4ac9-4f62-be34-d90c51a3e6c9{ip: 127.0.0.1, host: localhost, ports: [HTTP=15044, CLIENT_RPC=15045, REPLICATION=15051, RATIS=15047, RATIS_ADMIN=15048, RATIS_SERVER=15049, RATIS_DATASTREAM=15050, STANDALONE=15046], networkLocation: /default-rack, certSerialId: null, persistedOpState: null, persistedOpStateExpiryEpochSec: 0}
2025-09-11 04:24:45,105 [IPC Server handler 0 on default port 15004] INFO  node.SCMNodeManager (SCMNodeManager.java:register(423)) - Registered datanode: 0ed0910f-4ac9-4f62-be34-d90c51a3e6c9{ip: 127.0.0.1, host: localhost, ports: [HTTP=15044, CLIENT_RPC=15045, REPLICATION=15051, RATIS=15047, RATIS_ADMIN=15048, RATIS_SERVER=15049, RATIS_DATASTREAM=15050, STANDALONE=15046], networkLocation: /default-rack, certSerialId: null, persistedOpState: null, persistedOpStateExpiryEpochSec: 0}
2025-09-11 04:24:45,105 [IPC Server handler 9 on default port 15001] INFO  recon.ReconContext (ReconContext.java:updateHealthStatus(76)) - Update healthStatus of Recon from true to true.
2025-09-11 04:24:45,105 [EventQueue-NodeRegistrationContainerReportForDataNodeSafeModeRule] INFO  safemode.SCMSafeModeManager (SCMSafeModeManager.java:validateSafeModeExitRules(138)) - DataNodeSafeModeRule rule is successfully validated
2025-09-11 04:24:45,105 [EventQueue-PipelineReportForOneReplicaPipelineSafeModeRule] INFO  safemode.SCMSafeModeManager (SCMSafeModeManager.java:validateSafeModeExitRules(138)) - AtleastOneDatanodeReportedRule rule is successfully validated
2025-09-11 04:24:45,106 [EventQueue-NewNodeForNewNodeHandler] INFO  pipeline.BackgroundPipelineCreator (BackgroundPipelineCreator.java:notifyEventTriggered(290)) - trigger a one-shot run on RatisPipelineUtilsThread.
2025-09-11 04:24:45,106 [EventQueue-ContainerRegistrationReportForECContainerSafeModeRule] INFO  safemode.SCMSafeModeManager (SCMSafeModeManager.java:validateSafeModeExitRules(138)) - ECContainerSafeModeRule rule is successfully validated
2025-09-11 04:24:45,106 [Recon-EventQueue-NewNodeForReconNewNodeHandler] INFO  scm.ReconNodeManager (ReconNodeManager.java:addNodeToDB(143)) - Added a new node to db: 0ed0910f-4ac9-4f62-be34-d90c51a3e6c9(localhost/127.0.0.1)
2025-09-11 04:24:45,106 [EventQueue-ContainerRegistrationReportForRatisContainerSafeModeRule] INFO  safemode.SCMSafeModeManager (SCMSafeModeManager.java:validateSafeModeExitRules(138)) - RatisContainerSafeModeRule rule is successfully validated
2025-09-11 04:24:45,107 [RatisPipelineUtilsThread-0] INFO  pipeline.RatisPipelineProvider (RatisPipelineProvider.java:lambda$create$0(208)) - Sending CreatePipelineCommand for pipeline:Pipeline-b5f232fc-4a98-4060-a56a-9a86f6a96a63 to datanode:0ed0910f-4ac9-4f62-be34-d90c51a3e6c9(localhost/127.0.0.1)
2025-09-11 04:24:45,109 [00aa5afb-d218-4771-abd7-db0247b9d23b@group-334FE627F997-StateMachineUpdater] INFO  safemode.SCMSafeModeManager (SCMSafeModeManager.java:validateSafeModeExitRules(138)) - DataNodeSafeModeRule rule is successfully validated
2025-09-11 04:24:45,109 [00aa5afb-d218-4771-abd7-db0247b9d23b@group-334FE627F997-StateMachineUpdater] INFO  safemode.SCMSafeModeManager (SCMSafeModeManager.java:validateSafeModeExitRules(138)) - RatisContainerSafeModeRule rule is successfully validated
2025-09-11 04:24:45,109 [00aa5afb-d218-4771-abd7-db0247b9d23b@group-334FE627F997-StateMachineUpdater] INFO  safemode.HealthyPipelineSafeModeRule (HealthyPipelineSafeModeRule.java:initializeRule(228)) - Refreshed total pipeline count is 0, healthy pipeline threshold count is 1
2025-09-11 04:24:45,109 [00aa5afb-d218-4771-abd7-db0247b9d23b@group-334FE627F997-StateMachineUpdater] INFO  safemode.SCMSafeModeManager (SCMSafeModeManager.java:validateSafeModeExitRules(138)) - ECContainerSafeModeRule rule is successfully validated
2025-09-11 04:24:45,109 [00aa5afb-d218-4771-abd7-db0247b9d23b@group-334FE627F997-StateMachineUpdater] INFO  safemode.SCMSafeModeManager (SCMSafeModeManager.java:validateSafeModeExitRules(138)) - AtleastOneDatanodeReportedRule rule is successfully validated
2025-09-11 04:24:45,110 [RatisPipelineUtilsThread-0] INFO  pipeline.BackgroundPipelineCreator (BackgroundPipelineCreator.java:createPipelines(246)) - Created new pipeline Pipeline{ Id: b5f232fc-4a98-4060-a56a-9a86f6a96a63, Nodes: [ {0ed0910f-4ac9-4f62-be34-d90c51a3e6c9(localhost/127.0.0.1), ReplicaIndex: 0},], ReplicationConfig: RATIS/ONE, State:ALLOCATED, leaderId:, CreationTimestamp2025-09-11T04:24:45.107037028Z[Etc/UTC]}
2025-09-11 04:24:45,302 [IPC Server handler 17 on default port 15001] INFO  scm.ReconNodeManager (ReconNodeManager.java:processHeartbeat(184)) - Sending ReregisterCommand() for 346684e1-b57f-4c29-9507-935dad45bd68(localhost/127.0.0.1)
2025-09-11 04:24:45,324 [ReplicationMonitor] INFO  replication.ReplicationManager (ReplicationManager.java:processAll(359)) - Replication Manager is not ready to run until 3000ms after safemode exit
2025-09-11 04:24:45,449 [ContainerHealthTask] INFO  fsck.ContainerHealthTask (ContainerHealthTask.java:checkAndProcessContainers(194)) - Container Health task thread took 0 iterations to fetch all containers using batched approach with batch size of 1000
2025-09-11 04:24:45,450 [EventQueue-PipelineReportForOneReplicaPipelineSafeModeRule] INFO  safemode.SCMSafeModeManager (SCMSafeModeManager.java:validateSafeModeExitRules(138)) - AtleastOneDatanodeReportedRule rule is successfully validated
2025-09-11 04:24:45,452 [FixedThreadPoolWithAffinityExecutor-9-0] WARN  events.FixedThreadPoolWithAffinityExecutor (FixedThreadPoolWithAffinityExecutor.java:run(251)) - Event remained in queue for long time 2 millisec, 42a5f925-1bc2-4f8a-8509-c5ae65e6fcde(localhost/127.0.0.1), {type: FCR, size: 0}
2025-09-11 04:24:45,452 [FixedThreadPoolWithAffinityExecutor-9-0] WARN  events.FixedThreadPoolWithAffinityExecutor (FixedThreadPoolWithAffinityExecutor.java:run(264)) - Event taken long execution time 2 millisec, 42a5f925-1bc2-4f8a-8509-c5ae65e6fcde(localhost/127.0.0.1), {type: FCR, size: 0}
2025-09-11 04:24:45,604 [IPC Server handler 2 on default port 15001] INFO  scm.ReconNodeManager (ReconNodeManager.java:processHeartbeat(184)) - Sending ReregisterCommand() for 0ed0910f-4ac9-4f62-be34-d90c51a3e6c9(localhost/127.0.0.1)
2025-09-11 04:24:45,605 [EventQueue-PipelineReportForOneReplicaPipelineSafeModeRule] INFO  safemode.SCMSafeModeManager (SCMSafeModeManager.java:validateSafeModeExitRules(138)) - AtleastOneDatanodeReportedRule rule is successfully validated
2025-09-11 04:24:45,975 [EventQueue-PipelineReportForOneReplicaPipelineSafeModeRule] INFO  safemode.SCMSafeModeManager (SCMSafeModeManager.java:validateSafeModeExitRules(138)) - AtleastOneDatanodeReportedRule rule is successfully validated
2025-09-11 04:24:46,104 [ForkJoinPool-1-worker-1] INFO  ozone.MiniOzoneClusterImpl (MiniOzoneClusterImpl.java:lambda$waitForClusterToBeReady$0(181)) - Nodes are ready. Got 5 of 5 DN Heartbeats.
2025-09-11 04:24:46,104 [ForkJoinPool-1-worker-1] INFO  ozone.MiniOzoneClusterImpl (MiniOzoneClusterImpl.java:lambda$waitForClusterToBeReady$0(184)) - Waiting for cluster to exit safe mode
2025-09-11 04:24:46,104 [ForkJoinPool-1-worker-1] INFO  ozone.MiniOzoneClusterImpl (MiniOzoneClusterImpl.java:lambda$waitForClusterToBeReady$0(186)) - SCM became leader
2025-09-11 04:24:46,302 [EventQueue-PipelineReportForOneReplicaPipelineSafeModeRule] INFO  safemode.SCMSafeModeManager (SCMSafeModeManager.java:validateSafeModeExitRules(138)) - AtleastOneDatanodeReportedRule rule is successfully validated
2025-09-11 04:24:46,324 [ReplicationMonitor] INFO  replication.ReplicationManager (ReplicationManager.java:processAll(359)) - Replication Manager is not ready to run until 3000ms after safemode exit
2025-09-11 04:24:46,449 [EventQueue-PipelineReportForOneReplicaPipelineSafeModeRule] INFO  safemode.SCMSafeModeManager (SCMSafeModeManager.java:validateSafeModeExitRules(138)) - AtleastOneDatanodeReportedRule rule is successfully validated
2025-09-11 04:24:46,451 [IPC Server handler 1 on default port 15001] INFO  scm.ReconNodeManager (ReconNodeManager.java:register(219)) - Updated nodes db table for 42a5f925-1bc2-4f8a-8509-c5ae65e6fcde(localhost/127.0.0.1)
2025-09-11 04:24:46,451 [IPC Server handler 1 on default port 15001] INFO  recon.ReconContext (ReconContext.java:updateHealthStatus(76)) - Update healthStatus of Recon from true to true.
2025-09-11 04:24:46,456 [ContainerHealthTask] INFO  fsck.ContainerHealthTask (ContainerHealthTask.java:checkAndProcessContainers(194)) - Container Health task thread took 0 iterations to fetch all containers using batched approach with batch size of 1000
2025-09-11 04:24:46,464 [42a5f925-1bc2-4f8a-8509-c5ae65e6fcde-PipelineCommandHandlerThread-0] INFO  server.RaftServer (RaftServerProxy.java:addNew(105)) - 42a5f925-1bc2-4f8a-8509-c5ae65e6fcde: addNew group-EC04683B356A:[42a5f925-1bc2-4f8a-8509-c5ae65e6fcde|127.0.0.1:15017] returns group-EC04683B356A:java.util.concurrent.CompletableFuture@1d4f5496[Not completed]
2025-09-11 04:24:46,474 [42a5f925-1bc2-4f8a-8509-c5ae65e6fcde-groupManagement] INFO  server.RaftServer$Division (RaftServerImpl.java:<init>(268)) - 42a5f925-1bc2-4f8a-8509-c5ae65e6fcde: new RaftServerImpl for group-EC04683B356A:[42a5f925-1bc2-4f8a-8509-c5ae65e6fcde|127.0.0.1:15017] with ContainerStateMachine:uninitialized
2025-09-11 04:24:46,474 [42a5f925-1bc2-4f8a-8509-c5ae65e6fcde-groupManagement] INFO  server.RaftServerConfigKeys (ConfUtils.java:logGet(62)) - raft.server.rpc.timeout.min = 5s (custom)
2025-09-11 04:24:46,474 [42a5f925-1bc2-4f8a-8509-c5ae65e6fcde-groupManagement] INFO  server.RaftServerConfigKeys (ConfUtils.java:logGet(62)) - raft.server.rpc.timeout.max = 5200ms (custom)
2025-09-11 04:24:46,474 [42a5f925-1bc2-4f8a-8509-c5ae65e6fcde-groupManagement] INFO  server.RaftServerConfigKeys (ConfUtils.java:logGet(62)) - raft.server.rpc.slowness.timeout = 300s (custom)
2025-09-11 04:24:46,474 [42a5f925-1bc2-4f8a-8509-c5ae65e6fcde-groupManagement] INFO  server.RaftServer$Division (ServerState.java:<init>(114)) - 42a5f925-1bc2-4f8a-8509-c5ae65e6fcde@group-EC04683B356A: ConfigurationManager, init=conf: {index: -1, cur=peers:[42a5f925-1bc2-4f8a-8509-c5ae65e6fcde|127.0.0.1:15017]|listeners:[], old=null}, confs=<EMPTY_MAP>
2025-09-11 04:24:46,474 [42a5f925-1bc2-4f8a-8509-c5ae65e6fcde-groupManagement] INFO  server.RaftServerConfigKeys (ConfUtils.java:logGet(62)) - raft.server.notification.no-leader.timeout = 300s (custom)
2025-09-11 04:24:46,474 [42a5f925-1bc2-4f8a-8509-c5ae65e6fcde-groupManagement] INFO  server.RaftServerConfigKeys (ConfUtils.java:logGet(62)) - raft.server.retrycache.expirytime = 600000ms (custom)
2025-09-11 04:24:46,483 [42a5f925-1bc2-4f8a-8509-c5ae65e6fcde-groupManagement] INFO  server.RaftServerConfigKeys (ConfUtils.java:logGet(62)) - raft.server.storage.dir = [/home/runner/work/ozone/ozone/hadoop-ozone/integration-test-recon/target/test-dir/MiniOzoneClusterImpl-e405f726-f354-48a5-b90a-334fe627f997/ozone-metadata/datanode-1/ratis] (custom)
2025-09-11 04:24:46,483 [42a5f925-1bc2-4f8a-8509-c5ae65e6fcde-groupManagement] INFO  storage.RaftStorageDirectory (RaftStorageDirectoryImpl.java:analyzeStorage(138)) - The storage directory /home/runner/work/ozone/ozone/hadoop-ozone/integration-test-recon/target/test-dir/MiniOzoneClusterImpl-e405f726-f354-48a5-b90a-334fe627f997/ozone-metadata/datanode-1/ratis/37ff7433-f176-4625-8a30-ec04683b356a does not exist. Creating ...
2025-09-11 04:24:46,484 [42a5f925-1bc2-4f8a-8509-c5ae65e6fcde-groupManagement] INFO  storage.RaftStorageDirectory (RaftStorageDirectoryImpl.java:tryLock(229)) - Lock on /home/runner/work/ozone/ozone/hadoop-ozone/integration-test-recon/target/test-dir/MiniOzoneClusterImpl-e405f726-f354-48a5-b90a-334fe627f997/ozone-metadata/datanode-1/ratis/37ff7433-f176-4625-8a30-ec04683b356a/in_use.lock acquired by nodename 137523@localhost
2025-09-11 04:24:46,485 [42a5f925-1bc2-4f8a-8509-c5ae65e6fcde-groupManagement] INFO  storage.RaftStorage (RaftStorageImpl.java:format(98)) - Storage directory /home/runner/work/ozone/ozone/hadoop-ozone/integration-test-recon/target/test-dir/MiniOzoneClusterImpl-e405f726-f354-48a5-b90a-334fe627f997/ozone-metadata/datanode-1/ratis/37ff7433-f176-4625-8a30-ec04683b356a has been successfully formatted.
2025-09-11 04:24:46,487 [42a5f925-1bc2-4f8a-8509-c5ae65e6fcde-groupManagement] INFO  ratis.ContainerStateMachine (ContainerStateMachine.java:initialize(339)) - 42a5f925-1bc2-4f8a-8509-c5ae65e6fcde: initialize group-EC04683B356A
2025-09-11 04:24:46,487 [42a5f925-1bc2-4f8a-8509-c5ae65e6fcde-groupManagement] INFO  ratis.ContainerStateMachine (ContainerStateMachine.java:loadSnapshot(347)) - group-EC04683B356A: The snapshot info is null. Setting the last applied index to:<INITIAL_VALUE>
2025-09-11 04:24:46,487 [42a5f925-1bc2-4f8a-8509-c5ae65e6fcde-groupManagement] INFO  server.RaftServerConfigKeys (ConfUtils.java:logGet(62)) - raft.server.log.appender.buffer.byte-limit = 33554432 (custom)
2025-09-11 04:24:46,489 [42a5f925-1bc2-4f8a-8509-c5ae65e6fcde-groupManagement] INFO  server.RaftServerConfigKeys (ConfUtils.java:logGet(62)) - raft.server.log.segment.size.max = 67108864 (custom)
2025-09-11 04:24:46,490 [42a5f925-1bc2-4f8a-8509-c5ae65e6fcde-groupManagement] INFO  server.RaftServerConfigKeys (ConfUtils.java:logGet(62)) - raft.server.log.appender.buffer.byte-limit = 33554432 (custom)
2025-09-11 04:24:46,490 [42a5f925-1bc2-4f8a-8509-c5ae65e6fcde-groupManagement] INFO  util.AwaitToRun (AwaitToRun.java:start(81)) - Thread[#1033,42a5f925-1bc2-4f8a-8509-c5ae65e6fcde@group-EC04683B356A-cacheEviction-AwaitToRun,5,main] started
2025-09-11 04:24:46,490 [42a5f925-1bc2-4f8a-8509-c5ae65e6fcde-groupManagement] INFO  segmented.SegmentedRaftLogWorker (SegmentedRaftLogWorker.java:<init>(190)) - new 42a5f925-1bc2-4f8a-8509-c5ae65e6fcde@group-EC04683B356A-SegmentedRaftLogWorker for RaftStorageImpl:Storage Directory /home/runner/work/ozone/ozone/hadoop-ozone/integration-test-recon/target/test-dir/MiniOzoneClusterImpl-e405f726-f354-48a5-b90a-334fe627f997/ozone-metadata/datanode-1/ratis/37ff7433-f176-4625-8a30-ec04683b356a
2025-09-11 04:24:46,490 [42a5f925-1bc2-4f8a-8509-c5ae65e6fcde-groupManagement] INFO  server.RaftServerConfigKeys (ConfUtils.java:logGet(62)) - raft.server.log.queue.byte-limit = 4294967296 (custom)
2025-09-11 04:24:46,490 [42a5f925-1bc2-4f8a-8509-c5ae65e6fcde-groupManagement] INFO  server.RaftServerConfigKeys (ConfUtils.java:logGet(62)) - raft.server.log.queue.element-limit = 1024 (custom)
2025-09-11 04:24:46,489 [EventQueue-PipelineReportForOneReplicaPipelineSafeModeRule] INFO  safemode.SCMSafeModeManager (SCMSafeModeManager.java:validateSafeModeExitRules(138)) - AtleastOneDatanodeReportedRule rule is successfully validated
2025-09-11 04:24:46,491 [Recon-EventQueue-PipelineReportForReconPipelineReportHandler] INFO  scm.ReconPipelineReportHandler (ReconPipelineReportHandler.java:processPipelineReport(66)) - Unknown pipeline Pipeline-37ff7433-f176-4625-8a30-ec04683b356a. Trying to get from SCM.
2025-09-11 04:24:46,490 [42a5f925-1bc2-4f8a-8509-c5ae65e6fcde-groupManagement] INFO  server.RaftServerConfigKeys (ConfUtils.java:logGet(62)) - raft.server.log.segment.size.max = 67108864 (custom)
2025-09-11 04:24:46,491 [42a5f925-1bc2-4f8a-8509-c5ae65e6fcde-groupManagement] INFO  server.RaftServerConfigKeys (ConfUtils.java:logGet(62)) - raft.server.log.preallocated.size = 4194304 (custom)
2025-09-11 04:24:46,491 [42a5f925-1bc2-4f8a-8509-c5ae65e6fcde-groupManagement] INFO  server.RaftServerConfigKeys (ConfUtils.java:logGet(62)) - raft.server.log.statemachine.data.sync.timeout.retry = 30 (custom)
2025-09-11 04:24:46,492 [42a5f925-1bc2-4f8a-8509-c5ae65e6fcde-groupManagement] INFO  server.RaftServerConfigKeys (ConfUtils.java:logGet(62)) - raft.server.log.write.buffer.size = 33554440 (custom)
2025-09-11 04:24:46,497 [42a5f925-1bc2-4f8a-8509-c5ae65e6fcde-groupManagement] INFO  server.RaftServerConfigKeys (ConfUtils.java:logGet(62)) - raft.server.log.appender.buffer.byte-limit = 33554432 (custom)
2025-09-11 04:24:46,497 [42a5f925-1bc2-4f8a-8509-c5ae65e6fcde-groupManagement] INFO  server.RaftServerConfigKeys (ConfUtils.java:logGet(62)) - raft.server.log.statemachine.data.caching.enabled = true (custom)
2025-09-11 04:24:46,497 [42a5f925-1bc2-4f8a-8509-c5ae65e6fcde-groupManagement] INFO  segmented.SegmentedRaftLogWorker (SegmentedRaftLogWorker.java:lambda$new$0(141)) - 42a5f925-1bc2-4f8a-8509-c5ae65e6fcde@group-EC04683B356A-SegmentedRaftLogWorker: flushIndex: setUnconditionally 0 -> -1
2025-09-11 04:24:46,498 [42a5f925-1bc2-4f8a-8509-c5ae65e6fcde-groupManagement] INFO  segmented.SegmentedRaftLogWorker (SegmentedRaftLogWorker.java:lambda$new$0(141)) - 42a5f925-1bc2-4f8a-8509-c5ae65e6fcde@group-EC04683B356A-SegmentedRaftLogWorker: safeCacheEvictIndex: setUnconditionally 0 -> -1
2025-09-11 04:24:46,498 [42a5f925-1bc2-4f8a-8509-c5ae65e6fcde-groupManagement] INFO  server.RaftServer$Division (RaftServerImpl.java:start(405)) - 42a5f925-1bc2-4f8a-8509-c5ae65e6fcde@group-EC04683B356A: start as a follower, conf=conf: {index: -1, cur=peers:[42a5f925-1bc2-4f8a-8509-c5ae65e6fcde|127.0.0.1:15017]|listeners:[], old=null}
2025-09-11 04:24:46,498 [42a5f925-1bc2-4f8a-8509-c5ae65e6fcde-groupManagement] INFO  server.RaftServer$Division (RaftServerImpl.java:setRole(392)) - 42a5f925-1bc2-4f8a-8509-c5ae65e6fcde@group-EC04683B356A: changes role from      null to FOLLOWER at term 0 for startAsFollower
2025-09-11 04:24:46,498 [42a5f925-1bc2-4f8a-8509-c5ae65e6fcde-groupManagement] INFO  impl.RoleInfo (RoleInfo.java:updateAndGet(148)) - 42a5f925-1bc2-4f8a-8509-c5ae65e6fcde: start 42a5f925-1bc2-4f8a-8509-c5ae65e6fcde@group-EC04683B356A-FollowerState
2025-09-11 04:24:46,499 [42a5f925-1bc2-4f8a-8509-c5ae65e6fcde-groupManagement] INFO  util.JmxRegister (JmxRegister.java:tryRegister(44)) - Successfully registered JMX Bean with object name Ratis:service=RaftServer,group=group-EC04683B356A,id=42a5f925-1bc2-4f8a-8509-c5ae65e6fcde
2025-09-11 04:24:46,499 [42a5f925-1bc2-4f8a-8509-c5ae65e6fcde-groupManagement] INFO  util.JmxRegister (JmxRegister.java:register(58)) - register mxBean class org.apache.ratis.server.impl.RaftServerJmxAdapter as Ratis:service=RaftServer,group=group-EC04683B356A,id=42a5f925-1bc2-4f8a-8509-c5ae65e6fcde
2025-09-11 04:24:46,499 [42a5f925-1bc2-4f8a-8509-c5ae65e6fcde-groupManagement] INFO  server.RaftServerConfigKeys (ConfUtils.java:logGet(62)) - raft.server.snapshot.auto.trigger.threshold = 100000 (custom)
2025-09-11 04:24:46,499 [42a5f925-1bc2-4f8a-8509-c5ae65e6fcde-groupManagement] INFO  server.RaftServerConfigKeys (ConfUtils.java:logGet(62)) - raft.server.snapshot.retention.file.num = 5 (custom)
2025-09-11 04:24:46,499 [42a5f925-1bc2-4f8a-8509-c5ae65e6fcde-groupManagement] INFO  server.RaftServerConfigKeys (ConfUtils.java:logGet(62)) - raft.server.log.purge.upto.snapshot.index = false (default)
2025-09-11 04:24:46,500 [42a5f925-1bc2-4f8a-8509-c5ae65e6fcde-groupManagement] INFO  server.RaftServer$Division (RaftServerImpl.java:start(419)) - 42a5f925-1bc2-4f8a-8509-c5ae65e6fcde@group-EC04683B356A: Successfully started.
2025-09-11 04:24:46,502 [42a5f925-1bc2-4f8a-8509-c5ae65e6fcde-PipelineCommandHandlerThread-0] INFO  ratis.XceiverServerRatis (XceiverServerRatis.java:addGroup(846)) - Created group Pipeline-37ff7433-f176-4625-8a30-ec04683b356a
2025-09-11 04:24:46,502 [00aa5afb-d218-4771-abd7-db0247b9d23b@group-334FE627F997-StateMachineUpdater] INFO  safemode.SCMSafeModeManager (SCMSafeModeManager.java:validateSafeModeExitRules(138)) - DataNodeSafeModeRule rule is successfully validated
2025-09-11 04:24:46,502 [00aa5afb-d218-4771-abd7-db0247b9d23b@group-334FE627F997-StateMachineUpdater] INFO  safemode.SCMSafeModeManager (SCMSafeModeManager.java:validateSafeModeExitRules(138)) - RatisContainerSafeModeRule rule is successfully validated
2025-09-11 04:24:46,502 [00aa5afb-d218-4771-abd7-db0247b9d23b@group-334FE627F997-StateMachineUpdater] INFO  safemode.HealthyPipelineSafeModeRule (HealthyPipelineSafeModeRule.java:initializeRule(228)) - Refreshed total pipeline count is 0, healthy pipeline threshold count is 1
2025-09-11 04:24:46,502 [00aa5afb-d218-4771-abd7-db0247b9d23b@group-334FE627F997-StateMachineUpdater] INFO  safemode.SCMSafeModeManager (SCMSafeModeManager.java:validateSafeModeExitRules(138)) - ECContainerSafeModeRule rule is successfully validated
2025-09-11 04:24:46,502 [00aa5afb-d218-4771-abd7-db0247b9d23b@group-334FE627F997-StateMachineUpdater] INFO  safemode.SCMSafeModeManager (SCMSafeModeManager.java:validateSafeModeExitRules(138)) - AtleastOneDatanodeReportedRule rule is successfully validated
2025-09-11 04:24:46,503 [EventQueue-PipelineReportForPipelineReportHandler] INFO  pipeline.PipelineReportHandler (PipelineReportHandler.java:processPipelineReport(134)) - Opened pipeline Pipeline-37ff7433-f176-4625-8a30-ec04683b356a
2025-09-11 04:24:46,503 [42a5f925-1bc2-4f8a-8509-c5ae65e6fcde-PipelineCommandHandlerThread-0] INFO  commandhandler.CreatePipelineCommandHandler (CreatePipelineCommandHandler.java:lambda$handle$2(127)) - Created Pipeline RATIS ONE Pipeline-37ff7433-f176-4625-8a30-ec04683b356a.
2025-09-11 04:24:46,504 [Recon-EventQueue-PipelineReportForReconPipelineReportHandler] INFO  scm.ReconPipelineReportHandler (ReconPipelineReportHandler.java:processPipelineReport(85)) - Pipeline Pipeline{ Id: 37ff7433-f176-4625-8a30-ec04683b356a, Nodes: [ {42a5f925-1bc2-4f8a-8509-c5ae65e6fcde(localhost/127.0.0.1), ReplicaIndex: 0},], ReplicationConfig: RATIS/ONE, State:ALLOCATED, leaderId:42a5f925-1bc2-4f8a-8509-c5ae65e6fcde, CreationTimestamp2025-09-11T04:24:44.001Z[Etc/UTC]} verified from SCM and added to Recon pipeline metadata.
2025-09-11 04:24:46,504 [Recon-EventQueue-PipelineReportForReconPipelineReportHandler] INFO  scm.ReconPipelineReportHandler (ReconPipelineReportHandler.java:processPipelineReport(102)) - Pipeline RATIS/ONE Pipeline-37ff7433-f176-4625-8a30-ec04683b356a reported by 42a5f925-1bc2-4f8a-8509-c5ae65e6fcde(localhost/127.0.0.1)
2025-09-11 04:24:46,504 [42a5f925-1bc2-4f8a-8509-c5ae65e6fcde-PipelineCommandHandlerThread-0] INFO  server.RaftServer (RaftServerProxy.java:addNew(105)) - 42a5f925-1bc2-4f8a-8509-c5ae65e6fcde: addNew group-398FB7E0F3DC:[42a5f925-1bc2-4f8a-8509-c5ae65e6fcde|127.0.0.1:15017, 86475e3c-5cf0-45b3-a002-22fb0eea734c|127.0.0.1:15033, d5ad88c2-6e7a-4660-bab6-a4e8807a575e|127.0.0.1:15025] returns group-398FB7E0F3DC:java.util.concurrent.CompletableFuture@7c04c761[Not completed]
2025-09-11 04:24:46,506 [42a5f925-1bc2-4f8a-8509-c5ae65e6fcde-groupManagement] INFO  server.RaftServer$Division (RaftServerImpl.java:<init>(268)) - 42a5f925-1bc2-4f8a-8509-c5ae65e6fcde: new RaftServerImpl for group-398FB7E0F3DC:[42a5f925-1bc2-4f8a-8509-c5ae65e6fcde|127.0.0.1:15017, 86475e3c-5cf0-45b3-a002-22fb0eea734c|127.0.0.1:15033, d5ad88c2-6e7a-4660-bab6-a4e8807a575e|127.0.0.1:15025] with ContainerStateMachine:uninitialized
2025-09-11 04:24:46,506 [42a5f925-1bc2-4f8a-8509-c5ae65e6fcde-groupManagement] INFO  server.RaftServer$Division (ServerState.java:<init>(114)) - 42a5f925-1bc2-4f8a-8509-c5ae65e6fcde@group-398FB7E0F3DC: ConfigurationManager, init=conf: {index: -1, cur=peers:[42a5f925-1bc2-4f8a-8509-c5ae65e6fcde|127.0.0.1:15017, 86475e3c-5cf0-45b3-a002-22fb0eea734c|127.0.0.1:15033, d5ad88c2-6e7a-4660-bab6-a4e8807a575e|127.0.0.1:15025]|listeners:[], old=null}, confs=<EMPTY_MAP>
2025-09-11 04:24:46,511 [42a5f925-1bc2-4f8a-8509-c5ae65e6fcde-groupManagement] INFO  storage.RaftStorageDirectory (RaftStorageDirectoryImpl.java:analyzeStorage(138)) - The storage directory /home/runner/work/ozone/ozone/hadoop-ozone/integration-test-recon/target/test-dir/MiniOzoneClusterImpl-e405f726-f354-48a5-b90a-334fe627f997/ozone-metadata/datanode-1/ratis/31d5dcaa-0410-4b69-a9b4-398fb7e0f3dc does not exist. Creating ...
2025-09-11 04:24:46,512 [42a5f925-1bc2-4f8a-8509-c5ae65e6fcde-groupManagement] INFO  storage.RaftStorageDirectory (RaftStorageDirectoryImpl.java:tryLock(229)) - Lock on /home/runner/work/ozone/ozone/hadoop-ozone/integration-test-recon/target/test-dir/MiniOzoneClusterImpl-e405f726-f354-48a5-b90a-334fe627f997/ozone-metadata/datanode-1/ratis/31d5dcaa-0410-4b69-a9b4-398fb7e0f3dc/in_use.lock acquired by nodename 137523@localhost
2025-09-11 04:24:46,513 [42a5f925-1bc2-4f8a-8509-c5ae65e6fcde-groupManagement] INFO  storage.RaftStorage (RaftStorageImpl.java:format(98)) - Storage directory /home/runner/work/ozone/ozone/hadoop-ozone/integration-test-recon/target/test-dir/MiniOzoneClusterImpl-e405f726-f354-48a5-b90a-334fe627f997/ozone-metadata/datanode-1/ratis/31d5dcaa-0410-4b69-a9b4-398fb7e0f3dc has been successfully formatted.
2025-09-11 04:24:46,514 [42a5f925-1bc2-4f8a-8509-c5ae65e6fcde-groupManagement] INFO  ratis.ContainerStateMachine (ContainerStateMachine.java:initialize(339)) - 42a5f925-1bc2-4f8a-8509-c5ae65e6fcde: initialize group-398FB7E0F3DC
2025-09-11 04:24:46,514 [42a5f925-1bc2-4f8a-8509-c5ae65e6fcde-groupManagement] INFO  ratis.ContainerStateMachine (ContainerStateMachine.java:loadSnapshot(347)) - group-398FB7E0F3DC: The snapshot info is null. Setting the last applied index to:<INITIAL_VALUE>
2025-09-11 04:24:46,514 [42a5f925-1bc2-4f8a-8509-c5ae65e6fcde-groupManagement] INFO  server.RaftServerConfigKeys (ConfUtils.java:logGet(62)) - raft.server.log.appender.buffer.byte-limit = 33554432 (custom)
2025-09-11 04:24:46,516 [Recon-EventQueue-PipelineReportForReconPipelineReportHandler] INFO  scm.ReconPipelineReportHandler (ReconPipelineReportHandler.java:processPipelineReport(66)) - Unknown pipeline Pipeline-31d5dcaa-0410-4b69-a9b4-398fb7e0f3dc. Trying to get from SCM.
2025-09-11 04:24:46,517 [42a5f925-1bc2-4f8a-8509-c5ae65e6fcde-groupManagement] INFO  server.RaftServerConfigKeys (ConfUtils.java:logGet(62)) - raft.server.log.segment.size.max = 67108864 (custom)
2025-09-11 04:24:46,517 [EventQueue-PipelineReportForOneReplicaPipelineSafeModeRule] INFO  safemode.SCMSafeModeManager (SCMSafeModeManager.java:validateSafeModeExitRules(138)) - AtleastOneDatanodeReportedRule rule is successfully validated
2025-09-11 04:24:46,517 [42a5f925-1bc2-4f8a-8509-c5ae65e6fcde-groupManagement] INFO  server.RaftServerConfigKeys (ConfUtils.java:logGet(62)) - raft.server.log.appender.buffer.byte-limit = 33554432 (custom)
2025-09-11 04:24:46,518 [42a5f925-1bc2-4f8a-8509-c5ae65e6fcde-groupManagement] INFO  util.AwaitToRun (AwaitToRun.java:start(81)) - Thread[#1038,42a5f925-1bc2-4f8a-8509-c5ae65e6fcde@group-398FB7E0F3DC-cacheEviction-AwaitToRun,5,main] started
2025-09-11 04:24:46,518 [42a5f925-1bc2-4f8a-8509-c5ae65e6fcde-groupManagement] INFO  segmented.SegmentedRaftLogWorker (SegmentedRaftLogWorker.java:<init>(190)) - new 42a5f925-1bc2-4f8a-8509-c5ae65e6fcde@group-398FB7E0F3DC-SegmentedRaftLogWorker for RaftStorageImpl:Storage Directory /home/runner/work/ozone/ozone/hadoop-ozone/integration-test-recon/target/test-dir/MiniOzoneClusterImpl-e405f726-f354-48a5-b90a-334fe627f997/ozone-metadata/datanode-1/ratis/31d5dcaa-0410-4b69-a9b4-398fb7e0f3dc
2025-09-11 04:24:46,518 [42a5f925-1bc2-4f8a-8509-c5ae65e6fcde-groupManagement] INFO  server.RaftServerConfigKeys (ConfUtils.java:logGet(62)) - raft.server.log.queue.byte-limit = 4294967296 (custom)
2025-09-11 04:24:46,518 [42a5f925-1bc2-4f8a-8509-c5ae65e6fcde-groupManagement] INFO  server.RaftServerConfigKeys (ConfUtils.java:logGet(62)) - raft.server.log.segment.size.max = 67108864 (custom)
2025-09-11 04:24:46,518 [42a5f925-1bc2-4f8a-8509-c5ae65e6fcde-groupManagement] INFO  server.RaftServerConfigKeys (ConfUtils.java:logGet(62)) - raft.server.log.preallocated.size = 4194304 (custom)
2025-09-11 04:24:46,519 [42a5f925-1bc2-4f8a-8509-c5ae65e6fcde-groupManagement] INFO  server.RaftServerConfigKeys (ConfUtils.java:logGet(62)) - raft.server.log.write.buffer.size = 33554440 (custom)
2025-09-11 04:24:46,521 [Recon-EventQueue-PipelineReportForReconPipelineReportHandler] INFO  scm.ReconPipelineReportHandler (ReconPipelineReportHandler.java:processPipelineReport(85)) - Pipeline Pipeline{ Id: 31d5dcaa-0410-4b69-a9b4-398fb7e0f3dc, Nodes: [ {d5ad88c2-6e7a-4660-bab6-a4e8807a575e(localhost/127.0.0.1), ReplicaIndex: 0}, {86475e3c-5cf0-45b3-a002-22fb0eea734c(localhost/127.0.0.1), ReplicaIndex: 0}, {42a5f925-1bc2-4f8a-8509-c5ae65e6fcde(localhost/127.0.0.1), ReplicaIndex: 0},], ReplicationConfig: RATIS/THREE, State:ALLOCATED, leaderId:, CreationTimestamp2025-09-11T04:24:44.494Z[Etc/UTC]} verified from SCM and added to Recon pipeline metadata.
2025-09-11 04:24:46,521 [Recon-EventQueue-PipelineReportForReconPipelineReportHandler] INFO  scm.ReconPipelineReportHandler (ReconPipelineReportHandler.java:processPipelineReport(102)) - Pipeline RATIS/THREE Pipeline-31d5dcaa-0410-4b69-a9b4-398fb7e0f3dc reported by 42a5f925-1bc2-4f8a-8509-c5ae65e6fcde(localhost/127.0.0.1)
2025-09-11 04:24:46,524 [42a5f925-1bc2-4f8a-8509-c5ae65e6fcde-groupManagement] INFO  server.RaftServerConfigKeys (ConfUtils.java:logGet(62)) - raft.server.log.appender.buffer.byte-limit = 33554432 (custom)
2025-09-11 04:24:46,524 [42a5f925-1bc2-4f8a-8509-c5ae65e6fcde-groupManagement] INFO  segmented.SegmentedRaftLogWorker (SegmentedRaftLogWorker.java:lambda$new$0(141)) - 42a5f925-1bc2-4f8a-8509-c5ae65e6fcde@group-398FB7E0F3DC-SegmentedRaftLogWorker: flushIndex: setUnconditionally 0 -> -1
2025-09-11 04:24:46,525 [42a5f925-1bc2-4f8a-8509-c5ae65e6fcde-groupManagement] INFO  segmented.SegmentedRaftLogWorker (SegmentedRaftLogWorker.java:lambda$new$0(141)) - 42a5f925-1bc2-4f8a-8509-c5ae65e6fcde@group-398FB7E0F3DC-SegmentedRaftLogWorker: safeCacheEvictIndex: setUnconditionally 0 -> -1
2025-09-11 04:24:46,525 [42a5f925-1bc2-4f8a-8509-c5ae65e6fcde-groupManagement] INFO  server.RaftServer$Division (RaftServerImpl.java:start(405)) - 42a5f925-1bc2-4f8a-8509-c5ae65e6fcde@group-398FB7E0F3DC: start as a follower, conf=conf: {index: -1, cur=peers:[42a5f925-1bc2-4f8a-8509-c5ae65e6fcde|127.0.0.1:15017, 86475e3c-5cf0-45b3-a002-22fb0eea734c|127.0.0.1:15033, d5ad88c2-6e7a-4660-bab6-a4e8807a575e|127.0.0.1:15025]|listeners:[], old=null}
2025-09-11 04:24:46,525 [42a5f925-1bc2-4f8a-8509-c5ae65e6fcde-groupManagement] INFO  server.RaftServer$Division (RaftServerImpl.java:setRole(392)) - 42a5f925-1bc2-4f8a-8509-c5ae65e6fcde@group-398FB7E0F3DC: changes role from      null to FOLLOWER at term 0 for startAsFollower
2025-09-11 04:24:46,525 [42a5f925-1bc2-4f8a-8509-c5ae65e6fcde-groupManagement] INFO  impl.RoleInfo (RoleInfo.java:updateAndGet(148)) - 42a5f925-1bc2-4f8a-8509-c5ae65e6fcde: start 42a5f925-1bc2-4f8a-8509-c5ae65e6fcde@group-398FB7E0F3DC-FollowerState
2025-09-11 04:24:46,525 [42a5f925-1bc2-4f8a-8509-c5ae65e6fcde-groupManagement] INFO  util.JmxRegister (JmxRegister.java:tryRegister(44)) - Successfully registered JMX Bean with object name Ratis:service=RaftServer,group=group-398FB7E0F3DC,id=42a5f925-1bc2-4f8a-8509-c5ae65e6fcde
2025-09-11 04:24:46,526 [42a5f925-1bc2-4f8a-8509-c5ae65e6fcde-groupManagement] INFO  util.JmxRegister (JmxRegister.java:register(58)) - register mxBean class org.apache.ratis.server.impl.RaftServerJmxAdapter as Ratis:service=RaftServer,group=group-398FB7E0F3DC,id=42a5f925-1bc2-4f8a-8509-c5ae65e6fcde
2025-09-11 04:24:46,527 [42a5f925-1bc2-4f8a-8509-c5ae65e6fcde-groupManagement] INFO  server.RaftServer$Division (RaftServerImpl.java:start(419)) - 42a5f925-1bc2-4f8a-8509-c5ae65e6fcde@group-398FB7E0F3DC: Successfully started.
2025-09-11 04:24:46,527 [42a5f925-1bc2-4f8a-8509-c5ae65e6fcde-PipelineCommandHandlerThread-0] INFO  ratis.XceiverServerRatis (XceiverServerRatis.java:addGroup(846)) - Created group Pipeline-31d5dcaa-0410-4b69-a9b4-398fb7e0f3dc
2025-09-11 04:24:46,608 [EventQueue-PipelineReportForOneReplicaPipelineSafeModeRule] INFO  safemode.SCMSafeModeManager (SCMSafeModeManager.java:validateSafeModeExitRules(138)) - AtleastOneDatanodeReportedRule rule is successfully validated
2025-09-11 04:24:46,695 [d5ad88c2-6e7a-4660-bab6-a4e8807a575e-PipelineCommandHandlerThread-0] INFO  server.RaftServer (RaftServerProxy.java:addNew(105)) - d5ad88c2-6e7a-4660-bab6-a4e8807a575e: addNew group-4D151320670C:[d5ad88c2-6e7a-4660-bab6-a4e8807a575e|127.0.0.1:15025] returns group-4D151320670C:java.util.concurrent.CompletableFuture@72de1f06[Not completed]
2025-09-11 04:24:46,697 [d5ad88c2-6e7a-4660-bab6-a4e8807a575e-groupManagement] INFO  server.RaftServer$Division (RaftServerImpl.java:<init>(268)) - d5ad88c2-6e7a-4660-bab6-a4e8807a575e: new RaftServerImpl for group-4D151320670C:[d5ad88c2-6e7a-4660-bab6-a4e8807a575e|127.0.0.1:15025] with ContainerStateMachine:uninitialized
2025-09-11 04:24:46,697 [d5ad88c2-6e7a-4660-bab6-a4e8807a575e-groupManagement] INFO  server.RaftServer$Division (ServerState.java:<init>(114)) - d5ad88c2-6e7a-4660-bab6-a4e8807a575e@group-4D151320670C: ConfigurationManager, init=conf: {index: -1, cur=peers:[d5ad88c2-6e7a-4660-bab6-a4e8807a575e|127.0.0.1:15025]|listeners:[], old=null}, confs=<EMPTY_MAP>
2025-09-11 04:24:46,698 [IPC Server handler 4 on default port 15001] INFO  scm.ReconNodeManager (ReconNodeManager.java:register(219)) - Updated nodes db table for d5ad88c2-6e7a-4660-bab6-a4e8807a575e(localhost/127.0.0.1)
2025-09-11 04:24:46,698 [IPC Server handler 4 on default port 15001] INFO  recon.ReconContext (ReconContext.java:updateHealthStatus(76)) - Update healthStatus of Recon from true to true.
2025-09-11 04:24:46,699 [EventQueue-PipelineReportForOneReplicaPipelineSafeModeRule] INFO  safemode.SCMSafeModeManager (SCMSafeModeManager.java:validateSafeModeExitRules(138)) - AtleastOneDatanodeReportedRule rule is successfully validated
2025-09-11 04:24:46,706 [d5ad88c2-6e7a-4660-bab6-a4e8807a575e-groupManagement] INFO  server.RaftServerConfigKeys (ConfUtils.java:logGet(62)) - raft.server.storage.dir = [/home/runner/work/ozone/ozone/hadoop-ozone/integration-test-recon/target/test-dir/MiniOzoneClusterImpl-e405f726-f354-48a5-b90a-334fe627f997/ozone-metadata/datanode-2/ratis] (custom)
2025-09-11 04:24:46,706 [d5ad88c2-6e7a-4660-bab6-a4e8807a575e-groupManagement] INFO  storage.RaftStorageDirectory (RaftStorageDirectoryImpl.java:analyzeStorage(138)) - The storage directory /home/runner/work/ozone/ozone/hadoop-ozone/integration-test-recon/target/test-dir/MiniOzoneClusterImpl-e405f726-f354-48a5-b90a-334fe627f997/ozone-metadata/datanode-2/ratis/4257d8e5-b9ee-4372-8ca5-4d151320670c does not exist. Creating ...
2025-09-11 04:24:46,708 [d5ad88c2-6e7a-4660-bab6-a4e8807a575e-groupManagement] INFO  storage.RaftStorageDirectory (RaftStorageDirectoryImpl.java:tryLock(229)) - Lock on /home/runner/work/ozone/ozone/hadoop-ozone/integration-test-recon/target/test-dir/MiniOzoneClusterImpl-e405f726-f354-48a5-b90a-334fe627f997/ozone-metadata/datanode-2/ratis/4257d8e5-b9ee-4372-8ca5-4d151320670c/in_use.lock acquired by nodename 137523@localhost
2025-09-11 04:24:46,710 [d5ad88c2-6e7a-4660-bab6-a4e8807a575e-groupManagement] INFO  storage.RaftStorage (RaftStorageImpl.java:format(98)) - Storage directory /home/runner/work/ozone/ozone/hadoop-ozone/integration-test-recon/target/test-dir/MiniOzoneClusterImpl-e405f726-f354-48a5-b90a-334fe627f997/ozone-metadata/datanode-2/ratis/4257d8e5-b9ee-4372-8ca5-4d151320670c has been successfully formatted.
2025-09-11 04:24:46,711 [d5ad88c2-6e7a-4660-bab6-a4e8807a575e-groupManagement] INFO  ratis.ContainerStateMachine (ContainerStateMachine.java:initialize(339)) - d5ad88c2-6e7a-4660-bab6-a4e8807a575e: initialize group-4D151320670C
2025-09-11 04:24:46,712 [d5ad88c2-6e7a-4660-bab6-a4e8807a575e-groupManagement] INFO  ratis.ContainerStateMachine (ContainerStateMachine.java:loadSnapshot(347)) - group-4D151320670C: The snapshot info is null. Setting the last applied index to:<INITIAL_VALUE>
2025-09-11 04:24:46,714 [d5ad88c2-6e7a-4660-bab6-a4e8807a575e-groupManagement] INFO  server.RaftServerConfigKeys (ConfUtils.java:logGet(62)) - raft.server.log.appender.buffer.byte-limit = 33554432 (custom)
2025-09-11 04:24:46,714 [EventQueue-PipelineReportForOneReplicaPipelineSafeModeRule] INFO  safemode.SCMSafeModeManager (SCMSafeModeManager.java:validateSafeModeExitRules(138)) - AtleastOneDatanodeReportedRule rule is successfully validated
2025-09-11 04:24:46,715 [Recon-EventQueue-PipelineReportForReconPipelineReportHandler] INFO  scm.ReconPipelineReportHandler (ReconPipelineReportHandler.java:processPipelineReport(66)) - Unknown pipeline Pipeline-4257d8e5-b9ee-4372-8ca5-4d151320670c. Trying to get from SCM.
2025-09-11 04:24:46,718 [d5ad88c2-6e7a-4660-bab6-a4e8807a575e-groupManagement] INFO  server.RaftServerConfigKeys (ConfUtils.java:logGet(62)) - raft.server.log.segment.size.max = 67108864 (custom)
2025-09-11 04:24:46,719 [00aa5afb-d218-4771-abd7-db0247b9d23b@group-334FE627F997-StateMachineUpdater] INFO  safemode.SCMSafeModeManager (SCMSafeModeManager.java:validateSafeModeExitRules(138)) - DataNodeSafeModeRule rule is successfully validated
2025-09-11 04:24:46,719 [00aa5afb-d218-4771-abd7-db0247b9d23b@group-334FE627F997-StateMachineUpdater] INFO  safemode.SCMSafeModeManager (SCMSafeModeManager.java:validateSafeModeExitRules(138)) - RatisContainerSafeModeRule rule is successfully validated
2025-09-11 04:24:46,719 [00aa5afb-d218-4771-abd7-db0247b9d23b@group-334FE627F997-StateMachineUpdater] INFO  safemode.HealthyPipelineSafeModeRule (HealthyPipelineSafeModeRule.java:initializeRule(228)) - Refreshed total pipeline count is 0, healthy pipeline threshold count is 1
2025-09-11 04:24:46,719 [00aa5afb-d218-4771-abd7-db0247b9d23b@group-334FE627F997-StateMachineUpdater] INFO  safemode.SCMSafeModeManager (SCMSafeModeManager.java:validateSafeModeExitRules(138)) - ECContainerSafeModeRule rule is successfully validated
2025-09-11 04:24:46,719 [00aa5afb-d218-4771-abd7-db0247b9d23b@group-334FE627F997-StateMachineUpdater] INFO  safemode.SCMSafeModeManager (SCMSafeModeManager.java:validateSafeModeExitRules(138)) - AtleastOneDatanodeReportedRule rule is successfully validated
2025-09-11 04:24:46,719 [Recon-EventQueue-PipelineReportForReconPipelineReportHandler] INFO  scm.ReconPipelineReportHandler (ReconPipelineReportHandler.java:processPipelineReport(85)) - Pipeline Pipeline{ Id: 4257d8e5-b9ee-4372-8ca5-4d151320670c, Nodes: [ {d5ad88c2-6e7a-4660-bab6-a4e8807a575e(localhost/127.0.0.1), ReplicaIndex: 0},], ReplicationConfig: RATIS/ONE, State:ALLOCATED, leaderId:d5ad88c2-6e7a-4660-bab6-a4e8807a575e, CreationTimestamp2025-09-11T04:24:44.195Z[Etc/UTC]} verified from SCM and added to Recon pipeline metadata.
2025-09-11 04:24:46,719 [Recon-EventQueue-PipelineReportForReconPipelineReportHandler] INFO  scm.ReconPipelineReportHandler (ReconPipelineReportHandler.java:processPipelineReport(102)) - Pipeline RATIS/ONE Pipeline-4257d8e5-b9ee-4372-8ca5-4d151320670c reported by d5ad88c2-6e7a-4660-bab6-a4e8807a575e(localhost/127.0.0.1)
2025-09-11 04:24:46,719 [d5ad88c2-6e7a-4660-bab6-a4e8807a575e-groupManagement] INFO  server.RaftServerConfigKeys (ConfUtils.java:logGet(62)) - raft.server.log.appender.buffer.byte-limit = 33554432 (custom)
2025-09-11 04:24:46,721 [d5ad88c2-6e7a-4660-bab6-a4e8807a575e-groupManagement] INFO  util.AwaitToRun (AwaitToRun.java:start(81)) - Thread[#1049,d5ad88c2-6e7a-4660-bab6-a4e8807a575e@group-4D151320670C-cacheEviction-AwaitToRun,5,main] started
2025-09-11 04:24:46,721 [d5ad88c2-6e7a-4660-bab6-a4e8807a575e-groupManagement] INFO  segmented.SegmentedRaftLogWorker (SegmentedRaftLogWorker.java:<init>(190)) - new d5ad88c2-6e7a-4660-bab6-a4e8807a575e@group-4D151320670C-SegmentedRaftLogWorker for RaftStorageImpl:Storage Directory /home/runner/work/ozone/ozone/hadoop-ozone/integration-test-recon/target/test-dir/MiniOzoneClusterImpl-e405f726-f354-48a5-b90a-334fe627f997/ozone-metadata/datanode-2/ratis/4257d8e5-b9ee-4372-8ca5-4d151320670c
2025-09-11 04:24:46,721 [d5ad88c2-6e7a-4660-bab6-a4e8807a575e-groupManagement] INFO  server.RaftServerConfigKeys (ConfUtils.java:logGet(62)) - raft.server.log.queue.byte-limit = 4294967296 (custom)
2025-09-11 04:24:46,721 [d5ad88c2-6e7a-4660-bab6-a4e8807a575e-groupManagement] INFO  server.RaftServerConfigKeys (ConfUtils.java:logGet(62)) - raft.server.log.segment.size.max = 67108864 (custom)
2025-09-11 04:24:46,721 [d5ad88c2-6e7a-4660-bab6-a4e8807a575e-groupManagement] INFO  server.RaftServerConfigKeys (ConfUtils.java:logGet(62)) - raft.server.log.preallocated.size = 4194304 (custom)
2025-09-11 04:24:46,721 [EventQueue-PipelineReportForPipelineReportHandler] INFO  pipeline.PipelineReportHandler (PipelineReportHandler.java:processPipelineReport(134)) - Opened pipeline Pipeline-4257d8e5-b9ee-4372-8ca5-4d151320670c
2025-09-11 04:24:46,722 [d5ad88c2-6e7a-4660-bab6-a4e8807a575e-groupManagement] INFO  server.RaftServerConfigKeys (ConfUtils.java:logGet(62)) - raft.server.log.write.buffer.size = 33554440 (custom)
2025-09-11 04:24:46,728 [d5ad88c2-6e7a-4660-bab6-a4e8807a575e-groupManagement] INFO  server.RaftServerConfigKeys (ConfUtils.java:logGet(62)) - raft.server.log.appender.buffer.byte-limit = 33554432 (custom)
2025-09-11 04:24:46,728 [d5ad88c2-6e7a-4660-bab6-a4e8807a575e-groupManagement] INFO  segmented.SegmentedRaftLogWorker (SegmentedRaftLogWorker.java:lambda$new$0(141)) - d5ad88c2-6e7a-4660-bab6-a4e8807a575e@group-4D151320670C-SegmentedRaftLogWorker: flushIndex: setUnconditionally 0 -> -1
2025-09-11 04:24:46,729 [d5ad88c2-6e7a-4660-bab6-a4e8807a575e-groupManagement] INFO  segmented.SegmentedRaftLogWorker (SegmentedRaftLogWorker.java:lambda$new$0(141)) - d5ad88c2-6e7a-4660-bab6-a4e8807a575e@group-4D151320670C-SegmentedRaftLogWorker: safeCacheEvictIndex: setUnconditionally 0 -> -1
2025-09-11 04:24:46,729 [d5ad88c2-6e7a-4660-bab6-a4e8807a575e-groupManagement] INFO  server.RaftServer$Division (RaftServerImpl.java:start(405)) - d5ad88c2-6e7a-4660-bab6-a4e8807a575e@group-4D151320670C: start as a follower, conf=conf: {index: -1, cur=peers:[d5ad88c2-6e7a-4660-bab6-a4e8807a575e|127.0.0.1:15025]|listeners:[], old=null}
2025-09-11 04:24:46,729 [d5ad88c2-6e7a-4660-bab6-a4e8807a575e-groupManagement] INFO  server.RaftServer$Division (RaftServerImpl.java:setRole(392)) - d5ad88c2-6e7a-4660-bab6-a4e8807a575e@group-4D151320670C: changes role from      null to FOLLOWER at term 0 for startAsFollower
2025-09-11 04:24:46,730 [d5ad88c2-6e7a-4660-bab6-a4e8807a575e-groupManagement] INFO  impl.RoleInfo (RoleInfo.java:updateAndGet(148)) - d5ad88c2-6e7a-4660-bab6-a4e8807a575e: start d5ad88c2-6e7a-4660-bab6-a4e8807a575e@group-4D151320670C-FollowerState
2025-09-11 04:24:46,730 [d5ad88c2-6e7a-4660-bab6-a4e8807a575e-groupManagement] INFO  util.JmxRegister (JmxRegister.java:tryRegister(44)) - Successfully registered JMX Bean with object name Ratis:service=RaftServer,group=group-4D151320670C,id=d5ad88c2-6e7a-4660-bab6-a4e8807a575e
2025-09-11 04:24:46,730 [d5ad88c2-6e7a-4660-bab6-a4e8807a575e-groupManagement] INFO  util.JmxRegister (JmxRegister.java:register(58)) - register mxBean class org.apache.ratis.server.impl.RaftServerJmxAdapter as Ratis:service=RaftServer,group=group-4D151320670C,id=d5ad88c2-6e7a-4660-bab6-a4e8807a575e
2025-09-11 04:24:46,731 [d5ad88c2-6e7a-4660-bab6-a4e8807a575e-groupManagement] INFO  server.RaftServer$Division (RaftServerImpl.java:start(419)) - d5ad88c2-6e7a-4660-bab6-a4e8807a575e@group-4D151320670C: Successfully started.
2025-09-11 04:24:46,731 [d5ad88c2-6e7a-4660-bab6-a4e8807a575e-PipelineCommandHandlerThread-0] INFO  ratis.XceiverServerRatis (XceiverServerRatis.java:addGroup(846)) - Created group Pipeline-4257d8e5-b9ee-4372-8ca5-4d151320670c
2025-09-11 04:24:46,731 [d5ad88c2-6e7a-4660-bab6-a4e8807a575e-PipelineCommandHandlerThread-0] INFO  commandhandler.CreatePipelineCommandHandler (CreatePipelineCommandHandler.java:lambda$handle$2(127)) - Created Pipeline RATIS ONE Pipeline-4257d8e5-b9ee-4372-8ca5-4d151320670c.
2025-09-11 04:24:46,733 [d5ad88c2-6e7a-4660-bab6-a4e8807a575e-PipelineCommandHandlerThread-0] INFO  server.RaftServer (RaftServerProxy.java:addNew(105)) - d5ad88c2-6e7a-4660-bab6-a4e8807a575e: addNew group-398FB7E0F3DC:[42a5f925-1bc2-4f8a-8509-c5ae65e6fcde|127.0.0.1:15017, 86475e3c-5cf0-45b3-a002-22fb0eea734c|127.0.0.1:15033, d5ad88c2-6e7a-4660-bab6-a4e8807a575e|127.0.0.1:15025] returns group-398FB7E0F3DC:java.util.concurrent.CompletableFuture@6887e610[Not completed]
2025-09-11 04:24:46,734 [d5ad88c2-6e7a-4660-bab6-a4e8807a575e-groupManagement] INFO  server.RaftServer$Division (RaftServerImpl.java:<init>(268)) - d5ad88c2-6e7a-4660-bab6-a4e8807a575e: new RaftServerImpl for group-398FB7E0F3DC:[42a5f925-1bc2-4f8a-8509-c5ae65e6fcde|127.0.0.1:15017, 86475e3c-5cf0-45b3-a002-22fb0eea734c|127.0.0.1:15033, d5ad88c2-6e7a-4660-bab6-a4e8807a575e|127.0.0.1:15025] with ContainerStateMachine:uninitialized
2025-09-11 04:24:46,734 [d5ad88c2-6e7a-4660-bab6-a4e8807a575e-groupManagement] INFO  server.RaftServer$Division (ServerState.java:<init>(114)) - d5ad88c2-6e7a-4660-bab6-a4e8807a575e@group-398FB7E0F3DC: ConfigurationManager, init=conf: {index: -1, cur=peers:[42a5f925-1bc2-4f8a-8509-c5ae65e6fcde|127.0.0.1:15017, 86475e3c-5cf0-45b3-a002-22fb0eea734c|127.0.0.1:15033, d5ad88c2-6e7a-4660-bab6-a4e8807a575e|127.0.0.1:15025]|listeners:[], old=null}, confs=<EMPTY_MAP>
2025-09-11 04:24:46,740 [d5ad88c2-6e7a-4660-bab6-a4e8807a575e-groupManagement] INFO  storage.RaftStorageDirectory (RaftStorageDirectoryImpl.java:analyzeStorage(138)) - The storage directory /home/runner/work/ozone/ozone/hadoop-ozone/integration-test-recon/target/test-dir/MiniOzoneClusterImpl-e405f726-f354-48a5-b90a-334fe627f997/ozone-metadata/datanode-2/ratis/31d5dcaa-0410-4b69-a9b4-398fb7e0f3dc does not exist. Creating ...
2025-09-11 04:24:46,741 [d5ad88c2-6e7a-4660-bab6-a4e8807a575e-groupManagement] INFO  storage.RaftStorageDirectory (RaftStorageDirectoryImpl.java:tryLock(229)) - Lock on /home/runner/work/ozone/ozone/hadoop-ozone/integration-test-recon/target/test-dir/MiniOzoneClusterImpl-e405f726-f354-48a5-b90a-334fe627f997/ozone-metadata/datanode-2/ratis/31d5dcaa-0410-4b69-a9b4-398fb7e0f3dc/in_use.lock acquired by nodename 137523@localhost
2025-09-11 04:24:46,743 [d5ad88c2-6e7a-4660-bab6-a4e8807a575e-groupManagement] INFO  storage.RaftStorage (RaftStorageImpl.java:format(98)) - Storage directory /home/runner/work/ozone/ozone/hadoop-ozone/integration-test-recon/target/test-dir/MiniOzoneClusterImpl-e405f726-f354-48a5-b90a-334fe627f997/ozone-metadata/datanode-2/ratis/31d5dcaa-0410-4b69-a9b4-398fb7e0f3dc has been successfully formatted.
2025-09-11 04:24:46,744 [d5ad88c2-6e7a-4660-bab6-a4e8807a575e-groupManagement] INFO  ratis.ContainerStateMachine (ContainerStateMachine.java:initialize(339)) - d5ad88c2-6e7a-4660-bab6-a4e8807a575e: initialize group-398FB7E0F3DC
2025-09-11 04:24:46,744 [d5ad88c2-6e7a-4660-bab6-a4e8807a575e-groupManagement] INFO  ratis.ContainerStateMachine (ContainerStateMachine.java:loadSnapshot(347)) - group-398FB7E0F3DC: The snapshot info is null. Setting the last applied index to:<INITIAL_VALUE>
2025-09-11 04:24:46,744 [d5ad88c2-6e7a-4660-bab6-a4e8807a575e-groupManagement] INFO  server.RaftServerConfigKeys (ConfUtils.java:logGet(62)) - raft.server.log.appender.buffer.byte-limit = 33554432 (custom)
2025-09-11 04:24:46,749 [d5ad88c2-6e7a-4660-bab6-a4e8807a575e-groupManagement] INFO  server.RaftServerConfigKeys (ConfUtils.java:logGet(62)) - raft.server.log.segment.size.max = 67108864 (custom)
2025-09-11 04:24:46,749 [EventQueue-PipelineReportForOneReplicaPipelineSafeModeRule] INFO  safemode.SCMSafeModeManager (SCMSafeModeManager.java:validateSafeModeExitRules(138)) - AtleastOneDatanodeReportedRule rule is successfully validated
2025-09-11 04:24:46,749 [Recon-EventQueue-PipelineReportForReconPipelineReportHandler] INFO  scm.ReconPipelineReportHandler (ReconPipelineReportHandler.java:processPipelineReport(102)) - Pipeline RATIS/THREE Pipeline-31d5dcaa-0410-4b69-a9b4-398fb7e0f3dc reported by d5ad88c2-6e7a-4660-bab6-a4e8807a575e(localhost/127.0.0.1)
2025-09-11 04:24:46,750 [d5ad88c2-6e7a-4660-bab6-a4e8807a575e-groupManagement] INFO  server.RaftServerConfigKeys (ConfUtils.java:logGet(62)) - raft.server.log.appender.buffer.byte-limit = 33554432 (custom)
2025-09-11 04:24:46,750 [d5ad88c2-6e7a-4660-bab6-a4e8807a575e-groupManagement] INFO  util.AwaitToRun (AwaitToRun.java:start(81)) - Thread[#1053,d5ad88c2-6e7a-4660-bab6-a4e8807a575e@group-398FB7E0F3DC-cacheEviction-AwaitToRun,5,main] started
2025-09-11 04:24:46,750 [d5ad88c2-6e7a-4660-bab6-a4e8807a575e-groupManagement] INFO  segmented.SegmentedRaftLogWorker (SegmentedRaftLogWorker.java:<init>(190)) - new d5ad88c2-6e7a-4660-bab6-a4e8807a575e@group-398FB7E0F3DC-SegmentedRaftLogWorker for RaftStorageImpl:Storage Directory /home/runner/work/ozone/ozone/hadoop-ozone/integration-test-recon/target/test-dir/MiniOzoneClusterImpl-e405f726-f354-48a5-b90a-334fe627f997/ozone-metadata/datanode-2/ratis/31d5dcaa-0410-4b69-a9b4-398fb7e0f3dc
2025-09-11 04:24:46,751 [d5ad88c2-6e7a-4660-bab6-a4e8807a575e-groupManagement] INFO  server.RaftServerConfigKeys (ConfUtils.java:logGet(62)) - raft.server.log.queue.byte-limit = 4294967296 (custom)
2025-09-11 04:24:46,751 [d5ad88c2-6e7a-4660-bab6-a4e8807a575e-groupManagement] INFO  server.RaftServerConfigKeys (ConfUtils.java:logGet(62)) - raft.server.log.segment.size.max = 67108864 (custom)
2025-09-11 04:24:46,751 [d5ad88c2-6e7a-4660-bab6-a4e8807a575e-groupManagement] INFO  server.RaftServerConfigKeys (ConfUtils.java:logGet(62)) - raft.server.log.preallocated.size = 4194304 (custom)
2025-09-11 04:24:46,752 [d5ad88c2-6e7a-4660-bab6-a4e8807a575e-groupManagement] INFO  server.RaftServerConfigKeys (ConfUtils.java:logGet(62)) - raft.server.log.write.buffer.size = 33554440 (custom)
2025-09-11 04:24:46,757 [d5ad88c2-6e7a-4660-bab6-a4e8807a575e-groupManagement] INFO  server.RaftServerConfigKeys (ConfUtils.java:logGet(62)) - raft.server.log.appender.buffer.byte-limit = 33554432 (custom)
2025-09-11 04:24:46,757 [d5ad88c2-6e7a-4660-bab6-a4e8807a575e-groupManagement] INFO  segmented.SegmentedRaftLogWorker (SegmentedRaftLogWorker.java:lambda$new$0(141)) - d5ad88c2-6e7a-4660-bab6-a4e8807a575e@group-398FB7E0F3DC-SegmentedRaftLogWorker: flushIndex: setUnconditionally 0 -> -1
2025-09-11 04:24:46,757 [d5ad88c2-6e7a-4660-bab6-a4e8807a575e-groupManagement] INFO  segmented.SegmentedRaftLogWorker (SegmentedRaftLogWorker.java:lambda$new$0(141)) - d5ad88c2-6e7a-4660-bab6-a4e8807a575e@group-398FB7E0F3DC-SegmentedRaftLogWorker: safeCacheEvictIndex: setUnconditionally 0 -> -1
2025-09-11 04:24:46,758 [d5ad88c2-6e7a-4660-bab6-a4e8807a575e-groupManagement] INFO  server.RaftServer$Division (RaftServerImpl.java:start(405)) - d5ad88c2-6e7a-4660-bab6-a4e8807a575e@group-398FB7E0F3DC: start as a follower, conf=conf: {index: -1, cur=peers:[42a5f925-1bc2-4f8a-8509-c5ae65e6fcde|127.0.0.1:15017, 86475e3c-5cf0-45b3-a002-22fb0eea734c|127.0.0.1:15033, d5ad88c2-6e7a-4660-bab6-a4e8807a575e|127.0.0.1:15025]|listeners:[], old=null}
2025-09-11 04:24:46,758 [d5ad88c2-6e7a-4660-bab6-a4e8807a575e-groupManagement] INFO  server.RaftServer$Division (RaftServerImpl.java:setRole(392)) - d5ad88c2-6e7a-4660-bab6-a4e8807a575e@group-398FB7E0F3DC: changes role from      null to FOLLOWER at term 0 for startAsFollower
2025-09-11 04:24:46,758 [d5ad88c2-6e7a-4660-bab6-a4e8807a575e-groupManagement] INFO  impl.RoleInfo (RoleInfo.java:updateAndGet(148)) - d5ad88c2-6e7a-4660-bab6-a4e8807a575e: start d5ad88c2-6e7a-4660-bab6-a4e8807a575e@group-398FB7E0F3DC-FollowerState
2025-09-11 04:24:46,759 [d5ad88c2-6e7a-4660-bab6-a4e8807a575e-groupManagement] INFO  util.JmxRegister (JmxRegister.java:tryRegister(44)) - Successfully registered JMX Bean with object name Ratis:service=RaftServer,group=group-398FB7E0F3DC,id=d5ad88c2-6e7a-4660-bab6-a4e8807a575e
2025-09-11 04:24:46,759 [d5ad88c2-6e7a-4660-bab6-a4e8807a575e-groupManagement] INFO  util.JmxRegister (JmxRegister.java:register(58)) - register mxBean class org.apache.ratis.server.impl.RaftServerJmxAdapter as Ratis:service=RaftServer,group=group-398FB7E0F3DC,id=d5ad88c2-6e7a-4660-bab6-a4e8807a575e
2025-09-11 04:24:46,761 [d5ad88c2-6e7a-4660-bab6-a4e8807a575e-groupManagement] INFO  server.RaftServer$Division (RaftServerImpl.java:start(419)) - d5ad88c2-6e7a-4660-bab6-a4e8807a575e@group-398FB7E0F3DC: Successfully started.
2025-09-11 04:24:46,761 [d5ad88c2-6e7a-4660-bab6-a4e8807a575e-PipelineCommandHandlerThread-0] INFO  ratis.XceiverServerRatis (XceiverServerRatis.java:addGroup(846)) - Created group Pipeline-31d5dcaa-0410-4b69-a9b4-398fb7e0f3dc
2025-09-11 04:24:46,765 [grpc-default-executor-0] WARN  server.GrpcAdminProtocolService (GrpcAdminProtocolService.java:lambda$groupManagement$1(53)) - Failed groupManagement: GROUPADD, GroupManagementRequest:client-28BD9853A968->d5ad88c2-6e7a-4660-bab6-a4e8807a575e@group-398FB7E0F3DC, cid=1, seq=null, RW, null, Add:group-398FB7E0F3DC:[42a5f925-1bc2-4f8a-8509-c5ae65e6fcde|127.0.0.1:15017, 86475e3c-5cf0-45b3-a002-22fb0eea734c|127.0.0.1:15033, d5ad88c2-6e7a-4660-bab6-a4e8807a575e|127.0.0.1:15025]
java.util.concurrent.CompletionException: org.apache.ratis.protocol.exceptions.AlreadyExistsException: d5ad88c2-6e7a-4660-bab6-a4e8807a575e: Failed to add group-398FB7E0F3DC:[42a5f925-1bc2-4f8a-8509-c5ae65e6fcde|127.0.0.1:15017, 86475e3c-5cf0-45b3-a002-22fb0eea734c|127.0.0.1:15033, d5ad88c2-6e7a-4660-bab6-a4e8807a575e|127.0.0.1:15025] since the group already exists in the map.
	at java.base/java.util.concurrent.CompletableFuture.encodeThrowable(CompletableFuture.java:332)
	at java.base/java.util.concurrent.CompletableFuture.uniApplyNow(CompletableFuture.java:674)
	at java.base/java.util.concurrent.CompletableFuture.uniApplyStage(CompletableFuture.java:662)
	at java.base/java.util.concurrent.CompletableFuture.thenApplyAsync(CompletableFuture.java:2210)
	at org.apache.ratis.server.impl.RaftServerProxy.groupAddAsync(RaftServerProxy.java:513)
	at org.apache.ratis.server.impl.RaftServerProxy.groupManagementAsync(RaftServerProxy.java:495)
	at org.apache.ratis.grpc.server.GrpcAdminProtocolService.lambda$groupManagement$0(GrpcAdminProtocolService.java:51)
	at org.apache.ratis.grpc.GrpcUtil.asyncCall(GrpcUtil.java:172)
	at org.apache.ratis.grpc.server.GrpcAdminProtocolService.groupManagement(GrpcAdminProtocolService.java:51)
	at org.apache.ratis.proto.grpc.AdminProtocolServiceGrpc$MethodHandlers.invoke(AdminProtocolServiceGrpc.java:701)
	at org.apache.ratis.thirdparty.io.grpc.stub.ServerCalls$UnaryServerCallHandler$UnaryServerCallListener.onHalfClose(ServerCalls.java:182)
	at org.apache.ratis.thirdparty.io.grpc.internal.ServerCallImpl$ServerStreamListenerImpl.halfClosed(ServerCallImpl.java:356)
	at org.apache.ratis.thirdparty.io.grpc.internal.ServerImpl$JumpToApplicationThreadServerStreamListener$1HalfClosed.runInContext(ServerImpl.java:861)
	at org.apache.ratis.thirdparty.io.grpc.internal.ContextRunnable.run(ContextRunnable.java:37)
	at org.apache.ratis.thirdparty.io.grpc.internal.SerializingExecutor.run(SerializingExecutor.java:133)
	at java.base/java.util.concurrent.ThreadPoolExecutor.runWorker(ThreadPoolExecutor.java:1144)
	at java.base/java.util.concurrent.ThreadPoolExecutor$Worker.run(ThreadPoolExecutor.java:642)
	at java.base/java.lang.Thread.run(Thread.java:1583)
Caused by: org.apache.ratis.protocol.exceptions.AlreadyExistsException: d5ad88c2-6e7a-4660-bab6-a4e8807a575e: Failed to add group-398FB7E0F3DC:[42a5f925-1bc2-4f8a-8509-c5ae65e6fcde|127.0.0.1:15017, 86475e3c-5cf0-45b3-a002-22fb0eea734c|127.0.0.1:15033, d5ad88c2-6e7a-4660-bab6-a4e8807a575e|127.0.0.1:15025] since the group already exists in the map.
	at org.apache.ratis.server.impl.RaftServerProxy$ImplMap.addNew(RaftServerProxy.java:99)
	at org.apache.ratis.server.impl.RaftServerProxy.groupAddAsync(RaftServerProxy.java:512)
	... 13 more
2025-09-11 04:24:46,778 [grpc-default-executor-1] INFO  server.RaftServer (RaftServerProxy.java:addNew(105)) - 86475e3c-5cf0-45b3-a002-22fb0eea734c: addNew group-398FB7E0F3DC:[42a5f925-1bc2-4f8a-8509-c5ae65e6fcde|127.0.0.1:15017, 86475e3c-5cf0-45b3-a002-22fb0eea734c|127.0.0.1:15033, d5ad88c2-6e7a-4660-bab6-a4e8807a575e|127.0.0.1:15025] returns group-398FB7E0F3DC:java.util.concurrent.CompletableFuture@6d280fc7[Not completed]
2025-09-11 04:24:46,779 [86475e3c-5cf0-45b3-a002-22fb0eea734c-groupManagement] INFO  server.RaftServer$Division (RaftServerImpl.java:<init>(268)) - 86475e3c-5cf0-45b3-a002-22fb0eea734c: new RaftServerImpl for group-398FB7E0F3DC:[42a5f925-1bc2-4f8a-8509-c5ae65e6fcde|127.0.0.1:15017, 86475e3c-5cf0-45b3-a002-22fb0eea734c|127.0.0.1:15033, d5ad88c2-6e7a-4660-bab6-a4e8807a575e|127.0.0.1:15025] with ContainerStateMachine:uninitialized
2025-09-11 04:24:46,779 [86475e3c-5cf0-45b3-a002-22fb0eea734c-groupManagement] INFO  server.RaftServer$Division (ServerState.java:<init>(114)) - 86475e3c-5cf0-45b3-a002-22fb0eea734c@group-398FB7E0F3DC: ConfigurationManager, init=conf: {index: -1, cur=peers:[42a5f925-1bc2-4f8a-8509-c5ae65e6fcde|127.0.0.1:15017, 86475e3c-5cf0-45b3-a002-22fb0eea734c|127.0.0.1:15033, d5ad88c2-6e7a-4660-bab6-a4e8807a575e|127.0.0.1:15025]|listeners:[], old=null}, confs=<EMPTY_MAP>
2025-09-11 04:24:46,786 [86475e3c-5cf0-45b3-a002-22fb0eea734c-groupManagement] INFO  server.RaftServerConfigKeys (ConfUtils.java:logGet(62)) - raft.server.storage.dir = [/home/runner/work/ozone/ozone/hadoop-ozone/integration-test-recon/target/test-dir/MiniOzoneClusterImpl-e405f726-f354-48a5-b90a-334fe627f997/ozone-metadata/datanode-3/ratis] (custom)
2025-09-11 04:24:46,786 [86475e3c-5cf0-45b3-a002-22fb0eea734c-groupManagement] INFO  storage.RaftStorageDirectory (RaftStorageDirectoryImpl.java:analyzeStorage(138)) - The storage directory /home/runner/work/ozone/ozone/hadoop-ozone/integration-test-recon/target/test-dir/MiniOzoneClusterImpl-e405f726-f354-48a5-b90a-334fe627f997/ozone-metadata/datanode-3/ratis/31d5dcaa-0410-4b69-a9b4-398fb7e0f3dc does not exist. Creating ...
2025-09-11 04:24:46,787 [86475e3c-5cf0-45b3-a002-22fb0eea734c-groupManagement] INFO  storage.RaftStorageDirectory (RaftStorageDirectoryImpl.java:tryLock(229)) - Lock on /home/runner/work/ozone/ozone/hadoop-ozone/integration-test-recon/target/test-dir/MiniOzoneClusterImpl-e405f726-f354-48a5-b90a-334fe627f997/ozone-metadata/datanode-3/ratis/31d5dcaa-0410-4b69-a9b4-398fb7e0f3dc/in_use.lock acquired by nodename 137523@localhost
2025-09-11 04:24:46,790 [86475e3c-5cf0-45b3-a002-22fb0eea734c-groupManagement] INFO  storage.RaftStorage (RaftStorageImpl.java:format(98)) - Storage directory /home/runner/work/ozone/ozone/hadoop-ozone/integration-test-recon/target/test-dir/MiniOzoneClusterImpl-e405f726-f354-48a5-b90a-334fe627f997/ozone-metadata/datanode-3/ratis/31d5dcaa-0410-4b69-a9b4-398fb7e0f3dc has been successfully formatted.
2025-09-11 04:24:46,791 [86475e3c-5cf0-45b3-a002-22fb0eea734c-groupManagement] INFO  ratis.ContainerStateMachine (ContainerStateMachine.java:initialize(339)) - 86475e3c-5cf0-45b3-a002-22fb0eea734c: initialize group-398FB7E0F3DC
2025-09-11 04:24:46,791 [86475e3c-5cf0-45b3-a002-22fb0eea734c-groupManagement] INFO  ratis.ContainerStateMachine (ContainerStateMachine.java:loadSnapshot(347)) - group-398FB7E0F3DC: The snapshot info is null. Setting the last applied index to:<INITIAL_VALUE>
2025-09-11 04:24:46,791 [86475e3c-5cf0-45b3-a002-22fb0eea734c-groupManagement] INFO  server.RaftServerConfigKeys (ConfUtils.java:logGet(62)) - raft.server.log.appender.buffer.byte-limit = 33554432 (custom)
2025-09-11 04:24:46,793 [EventQueue-PipelineReportForOneReplicaPipelineSafeModeRule] INFO  safemode.SCMSafeModeManager (SCMSafeModeManager.java:validateSafeModeExitRules(138)) - AtleastOneDatanodeReportedRule rule is successfully validated
2025-09-11 04:24:46,793 [86475e3c-5cf0-45b3-a002-22fb0eea734c-groupManagement] INFO  server.RaftServerConfigKeys (ConfUtils.java:logGet(62)) - raft.server.log.segment.size.max = 67108864 (custom)
2025-09-11 04:24:46,794 [86475e3c-5cf0-45b3-a002-22fb0eea734c-groupManagement] INFO  server.RaftServerConfigKeys (ConfUtils.java:logGet(62)) - raft.server.log.appender.buffer.byte-limit = 33554432 (custom)
2025-09-11 04:24:46,794 [86475e3c-5cf0-45b3-a002-22fb0eea734c-groupManagement] INFO  util.AwaitToRun (AwaitToRun.java:start(81)) - Thread[#1059,86475e3c-5cf0-45b3-a002-22fb0eea734c@group-398FB7E0F3DC-cacheEviction-AwaitToRun,5,main] started
2025-09-11 04:24:46,795 [86475e3c-5cf0-45b3-a002-22fb0eea734c-groupManagement] INFO  segmented.SegmentedRaftLogWorker (SegmentedRaftLogWorker.java:<init>(190)) - new 86475e3c-5cf0-45b3-a002-22fb0eea734c@group-398FB7E0F3DC-SegmentedRaftLogWorker for RaftStorageImpl:Storage Directory /home/runner/work/ozone/ozone/hadoop-ozone/integration-test-recon/target/test-dir/MiniOzoneClusterImpl-e405f726-f354-48a5-b90a-334fe627f997/ozone-metadata/datanode-3/ratis/31d5dcaa-0410-4b69-a9b4-398fb7e0f3dc
2025-09-11 04:24:46,795 [86475e3c-5cf0-45b3-a002-22fb0eea734c-groupManagement] INFO  server.RaftServerConfigKeys (ConfUtils.java:logGet(62)) - raft.server.log.queue.byte-limit = 4294967296 (custom)
2025-09-11 04:24:46,795 [86475e3c-5cf0-45b3-a002-22fb0eea734c-groupManagement] INFO  server.RaftServerConfigKeys (ConfUtils.java:logGet(62)) - raft.server.log.segment.size.max = 67108864 (custom)
2025-09-11 04:24:46,796 [86475e3c-5cf0-45b3-a002-22fb0eea734c-groupManagement] INFO  server.RaftServerConfigKeys (ConfUtils.java:logGet(62)) - raft.server.log.preallocated.size = 4194304 (custom)
2025-09-11 04:24:46,796 [86475e3c-5cf0-45b3-a002-22fb0eea734c-groupManagement] INFO  server.RaftServerConfigKeys (ConfUtils.java:logGet(62)) - raft.server.log.write.buffer.size = 33554440 (custom)
2025-09-11 04:24:46,800 [IPC Server handler 17 on default port 15001] INFO  scm.ReconNodeManager (ReconNodeManager.java:register(219)) - Updated nodes db table for 86475e3c-5cf0-45b3-a002-22fb0eea734c(localhost/127.0.0.1)
2025-09-11 04:24:46,800 [IPC Server handler 17 on default port 15001] INFO  recon.ReconContext (ReconContext.java:updateHealthStatus(76)) - Update healthStatus of Recon from true to true.
2025-09-11 04:24:46,800 [Recon-EventQueue-PipelineReportForReconPipelineReportHandler] INFO  scm.ReconPipelineReportHandler (ReconPipelineReportHandler.java:processPipelineReport(102)) - Pipeline RATIS/THREE Pipeline-31d5dcaa-0410-4b69-a9b4-398fb7e0f3dc reported by 86475e3c-5cf0-45b3-a002-22fb0eea734c(localhost/127.0.0.1)
2025-09-11 04:24:46,804 [86475e3c-5cf0-45b3-a002-22fb0eea734c-groupManagement] INFO  server.RaftServerConfigKeys (ConfUtils.java:logGet(62)) - raft.server.log.appender.buffer.byte-limit = 33554432 (custom)
2025-09-11 04:24:46,804 [86475e3c-5cf0-45b3-a002-22fb0eea734c-groupManagement] INFO  segmented.SegmentedRaftLogWorker (SegmentedRaftLogWorker.java:lambda$new$0(141)) - 86475e3c-5cf0-45b3-a002-22fb0eea734c@group-398FB7E0F3DC-SegmentedRaftLogWorker: flushIndex: setUnconditionally 0 -> -1
2025-09-11 04:24:46,804 [86475e3c-5cf0-45b3-a002-22fb0eea734c-groupManagement] INFO  segmented.SegmentedRaftLogWorker (SegmentedRaftLogWorker.java:lambda$new$0(141)) - 86475e3c-5cf0-45b3-a002-22fb0eea734c@group-398FB7E0F3DC-SegmentedRaftLogWorker: safeCacheEvictIndex: setUnconditionally 0 -> -1
2025-09-11 04:24:46,805 [86475e3c-5cf0-45b3-a002-22fb0eea734c-groupManagement] INFO  server.RaftServer$Division (RaftServerImpl.java:start(405)) - 86475e3c-5cf0-45b3-a002-22fb0eea734c@group-398FB7E0F3DC: start as a follower, conf=conf: {index: -1, cur=peers:[42a5f925-1bc2-4f8a-8509-c5ae65e6fcde|127.0.0.1:15017, 86475e3c-5cf0-45b3-a002-22fb0eea734c|127.0.0.1:15033, d5ad88c2-6e7a-4660-bab6-a4e8807a575e|127.0.0.1:15025]|listeners:[], old=null}
2025-09-11 04:24:46,805 [86475e3c-5cf0-45b3-a002-22fb0eea734c-groupManagement] INFO  server.RaftServer$Division (RaftServerImpl.java:setRole(392)) - 86475e3c-5cf0-45b3-a002-22fb0eea734c@group-398FB7E0F3DC: changes role from      null to FOLLOWER at term 0 for startAsFollower
2025-09-11 04:24:46,805 [86475e3c-5cf0-45b3-a002-22fb0eea734c-groupManagement] INFO  impl.RoleInfo (RoleInfo.java:updateAndGet(148)) - 86475e3c-5cf0-45b3-a002-22fb0eea734c: start 86475e3c-5cf0-45b3-a002-22fb0eea734c@group-398FB7E0F3DC-FollowerState
2025-09-11 04:24:46,805 [86475e3c-5cf0-45b3-a002-22fb0eea734c-groupManagement] INFO  util.JmxRegister (JmxRegister.java:tryRegister(44)) - Successfully registered JMX Bean with object name Ratis:service=RaftServer,group=group-398FB7E0F3DC,id=86475e3c-5cf0-45b3-a002-22fb0eea734c
2025-09-11 04:24:46,806 [86475e3c-5cf0-45b3-a002-22fb0eea734c-groupManagement] INFO  util.JmxRegister (JmxRegister.java:register(58)) - register mxBean class org.apache.ratis.server.impl.RaftServerJmxAdapter as Ratis:service=RaftServer,group=group-398FB7E0F3DC,id=86475e3c-5cf0-45b3-a002-22fb0eea734c
2025-09-11 04:24:46,807 [86475e3c-5cf0-45b3-a002-22fb0eea734c-groupManagement] INFO  server.RaftServer$Division (RaftServerImpl.java:start(419)) - 86475e3c-5cf0-45b3-a002-22fb0eea734c@group-398FB7E0F3DC: Successfully started.
2025-09-11 04:24:46,815 [grpc-default-executor-1] WARN  server.GrpcAdminProtocolService (GrpcAdminProtocolService.java:lambda$groupManagement$1(53)) - Failed groupManagement: GROUPADD, GroupManagementRequest:client-D8A71CF09AFB->86475e3c-5cf0-45b3-a002-22fb0eea734c@group-398FB7E0F3DC, cid=3, seq=null, RW, null, Add:group-398FB7E0F3DC:[42a5f925-1bc2-4f8a-8509-c5ae65e6fcde|127.0.0.1:15017, 86475e3c-5cf0-45b3-a002-22fb0eea734c|127.0.0.1:15033, d5ad88c2-6e7a-4660-bab6-a4e8807a575e|127.0.0.1:15025]
java.util.concurrent.CompletionException: org.apache.ratis.protocol.exceptions.AlreadyExistsException: 86475e3c-5cf0-45b3-a002-22fb0eea734c: Failed to add group-398FB7E0F3DC:[42a5f925-1bc2-4f8a-8509-c5ae65e6fcde|127.0.0.1:15017, 86475e3c-5cf0-45b3-a002-22fb0eea734c|127.0.0.1:15033, d5ad88c2-6e7a-4660-bab6-a4e8807a575e|127.0.0.1:15025] since the group already exists in the map.
	at java.base/java.util.concurrent.CompletableFuture.encodeThrowable(CompletableFuture.java:332)
	at java.base/java.util.concurrent.CompletableFuture.uniApplyNow(CompletableFuture.java:674)
	at java.base/java.util.concurrent.CompletableFuture.uniApplyStage(CompletableFuture.java:662)
	at java.base/java.util.concurrent.CompletableFuture.thenApplyAsync(CompletableFuture.java:2210)
	at org.apache.ratis.server.impl.RaftServerProxy.groupAddAsync(RaftServerProxy.java:513)
	at org.apache.ratis.server.impl.RaftServerProxy.groupManagementAsync(RaftServerProxy.java:495)
	at org.apache.ratis.grpc.server.GrpcAdminProtocolService.lambda$groupManagement$0(GrpcAdminProtocolService.java:51)
	at org.apache.ratis.grpc.GrpcUtil.asyncCall(GrpcUtil.java:172)
	at org.apache.ratis.grpc.server.GrpcAdminProtocolService.groupManagement(GrpcAdminProtocolService.java:51)
	at org.apache.ratis.proto.grpc.AdminProtocolServiceGrpc$MethodHandlers.invoke(AdminProtocolServiceGrpc.java:701)
	at org.apache.ratis.thirdparty.io.grpc.stub.ServerCalls$UnaryServerCallHandler$UnaryServerCallListener.onHalfClose(ServerCalls.java:182)
	at org.apache.ratis.thirdparty.io.grpc.internal.ServerCallImpl$ServerStreamListenerImpl.halfClosed(ServerCallImpl.java:356)
	at org.apache.ratis.thirdparty.io.grpc.internal.ServerImpl$JumpToApplicationThreadServerStreamListener$1HalfClosed.runInContext(ServerImpl.java:861)
	at org.apache.ratis.thirdparty.io.grpc.internal.ContextRunnable.run(ContextRunnable.java:37)
	at org.apache.ratis.thirdparty.io.grpc.internal.SerializingExecutor.run(SerializingExecutor.java:133)
	at java.base/java.util.concurrent.ThreadPoolExecutor.runWorker(ThreadPoolExecutor.java:1144)
	at java.base/java.util.concurrent.ThreadPoolExecutor$Worker.run(ThreadPoolExecutor.java:642)
	at java.base/java.lang.Thread.run(Thread.java:1583)
Caused by: org.apache.ratis.protocol.exceptions.AlreadyExistsException: 86475e3c-5cf0-45b3-a002-22fb0eea734c: Failed to add group-398FB7E0F3DC:[42a5f925-1bc2-4f8a-8509-c5ae65e6fcde|127.0.0.1:15017, 86475e3c-5cf0-45b3-a002-22fb0eea734c|127.0.0.1:15033, d5ad88c2-6e7a-4660-bab6-a4e8807a575e|127.0.0.1:15025] since the group already exists in the map.
	at org.apache.ratis.server.impl.RaftServerProxy$ImplMap.addNew(RaftServerProxy.java:99)
	at org.apache.ratis.server.impl.RaftServerProxy.groupAddAsync(RaftServerProxy.java:512)
	... 13 more
2025-09-11 04:24:46,825 [42a5f925-1bc2-4f8a-8509-c5ae65e6fcde-PipelineCommandHandlerThread-0] INFO  commandhandler.CreatePipelineCommandHandler (CreatePipelineCommandHandler.java:lambda$handle$2(127)) - Created Pipeline RATIS THREE Pipeline-31d5dcaa-0410-4b69-a9b4-398fb7e0f3dc.
2025-09-11 04:24:46,834 [grpc-default-executor-1] WARN  server.GrpcAdminProtocolService (GrpcAdminProtocolService.java:lambda$groupManagement$1(53)) - Failed groupManagement: GROUPADD, GroupManagementRequest:client-AA15883F20E8->42a5f925-1bc2-4f8a-8509-c5ae65e6fcde@group-398FB7E0F3DC, cid=4, seq=null, RW, null, Add:group-398FB7E0F3DC:[42a5f925-1bc2-4f8a-8509-c5ae65e6fcde|127.0.0.1:15017, 86475e3c-5cf0-45b3-a002-22fb0eea734c|127.0.0.1:15033, d5ad88c2-6e7a-4660-bab6-a4e8807a575e|127.0.0.1:15025]
java.util.concurrent.CompletionException: org.apache.ratis.protocol.exceptions.AlreadyExistsException: 42a5f925-1bc2-4f8a-8509-c5ae65e6fcde: Failed to add group-398FB7E0F3DC:[42a5f925-1bc2-4f8a-8509-c5ae65e6fcde|127.0.0.1:15017, 86475e3c-5cf0-45b3-a002-22fb0eea734c|127.0.0.1:15033, d5ad88c2-6e7a-4660-bab6-a4e8807a575e|127.0.0.1:15025] since the group already exists in the map.
	at java.base/java.util.concurrent.CompletableFuture.encodeThrowable(CompletableFuture.java:332)
	at java.base/java.util.concurrent.CompletableFuture.uniApplyNow(CompletableFuture.java:674)
	at java.base/java.util.concurrent.CompletableFuture.uniApplyStage(CompletableFuture.java:662)
	at java.base/java.util.concurrent.CompletableFuture.thenApplyAsync(CompletableFuture.java:2210)
	at org.apache.ratis.server.impl.RaftServerProxy.groupAddAsync(RaftServerProxy.java:513)
	at org.apache.ratis.server.impl.RaftServerProxy.groupManagementAsync(RaftServerProxy.java:495)
	at org.apache.ratis.grpc.server.GrpcAdminProtocolService.lambda$groupManagement$0(GrpcAdminProtocolService.java:51)
	at org.apache.ratis.grpc.GrpcUtil.asyncCall(GrpcUtil.java:172)
	at org.apache.ratis.grpc.server.GrpcAdminProtocolService.groupManagement(GrpcAdminProtocolService.java:51)
	at org.apache.ratis.proto.grpc.AdminProtocolServiceGrpc$MethodHandlers.invoke(AdminProtocolServiceGrpc.java:701)
	at org.apache.ratis.thirdparty.io.grpc.stub.ServerCalls$UnaryServerCallHandler$UnaryServerCallListener.onHalfClose(ServerCalls.java:182)
	at org.apache.ratis.thirdparty.io.grpc.internal.ServerCallImpl$ServerStreamListenerImpl.halfClosed(ServerCallImpl.java:356)
	at org.apache.ratis.thirdparty.io.grpc.internal.ServerImpl$JumpToApplicationThreadServerStreamListener$1HalfClosed.runInContext(ServerImpl.java:861)
	at org.apache.ratis.thirdparty.io.grpc.internal.ContextRunnable.run(ContextRunnable.java:37)
	at org.apache.ratis.thirdparty.io.grpc.internal.SerializingExecutor.run(SerializingExecutor.java:133)
	at java.base/java.util.concurrent.ThreadPoolExecutor.runWorker(ThreadPoolExecutor.java:1144)
	at java.base/java.util.concurrent.ThreadPoolExecutor$Worker.run(ThreadPoolExecutor.java:642)
	at java.base/java.lang.Thread.run(Thread.java:1583)
Caused by: org.apache.ratis.protocol.exceptions.AlreadyExistsException: 42a5f925-1bc2-4f8a-8509-c5ae65e6fcde: Failed to add group-398FB7E0F3DC:[42a5f925-1bc2-4f8a-8509-c5ae65e6fcde|127.0.0.1:15017, 86475e3c-5cf0-45b3-a002-22fb0eea734c|127.0.0.1:15033, d5ad88c2-6e7a-4660-bab6-a4e8807a575e|127.0.0.1:15025] since the group already exists in the map.
	at org.apache.ratis.server.impl.RaftServerProxy$ImplMap.addNew(RaftServerProxy.java:99)
	at org.apache.ratis.server.impl.RaftServerProxy.groupAddAsync(RaftServerProxy.java:512)
	... 13 more
2025-09-11 04:24:46,841 [d5ad88c2-6e7a-4660-bab6-a4e8807a575e-PipelineCommandHandlerThread-0] INFO  commandhandler.CreatePipelineCommandHandler (CreatePipelineCommandHandler.java:lambda$handle$2(127)) - Created Pipeline RATIS THREE Pipeline-31d5dcaa-0410-4b69-a9b4-398fb7e0f3dc.
2025-09-11 04:24:46,975 [86475e3c-5cf0-45b3-a002-22fb0eea734c-PipelineCommandHandlerThread-0] INFO  server.RaftServer (RaftServerProxy.java:addNew(105)) - 86475e3c-5cf0-45b3-a002-22fb0eea734c: addNew group-89F97EC95128:[86475e3c-5cf0-45b3-a002-22fb0eea734c|127.0.0.1:15033] returns group-89F97EC95128:java.util.concurrent.CompletableFuture@6d8a1b0f[Not completed]
2025-09-11 04:24:46,977 [86475e3c-5cf0-45b3-a002-22fb0eea734c-groupManagement] INFO  server.RaftServer$Division (RaftServerImpl.java:<init>(268)) - 86475e3c-5cf0-45b3-a002-22fb0eea734c: new RaftServerImpl for group-89F97EC95128:[86475e3c-5cf0-45b3-a002-22fb0eea734c|127.0.0.1:15033] with ContainerStateMachine:uninitialized
2025-09-11 04:24:46,977 [86475e3c-5cf0-45b3-a002-22fb0eea734c-groupManagement] INFO  server.RaftServer$Division (ServerState.java:<init>(114)) - 86475e3c-5cf0-45b3-a002-22fb0eea734c@group-89F97EC95128: ConfigurationManager, init=conf: {index: -1, cur=peers:[86475e3c-5cf0-45b3-a002-22fb0eea734c|127.0.0.1:15033]|listeners:[], old=null}, confs=<EMPTY_MAP>
2025-09-11 04:24:46,991 [86475e3c-5cf0-45b3-a002-22fb0eea734c-groupManagement] INFO  storage.RaftStorageDirectory (RaftStorageDirectoryImpl.java:analyzeStorage(138)) - The storage directory /home/runner/work/ozone/ozone/hadoop-ozone/integration-test-recon/target/test-dir/MiniOzoneClusterImpl-e405f726-f354-48a5-b90a-334fe627f997/ozone-metadata/datanode-3/ratis/01831988-c4a1-4d45-9bca-89f97ec95128 does not exist. Creating ...
2025-09-11 04:24:46,994 [86475e3c-5cf0-45b3-a002-22fb0eea734c-groupManagement] INFO  storage.RaftStorageDirectory (RaftStorageDirectoryImpl.java:tryLock(229)) - Lock on /home/runner/work/ozone/ozone/hadoop-ozone/integration-test-recon/target/test-dir/MiniOzoneClusterImpl-e405f726-f354-48a5-b90a-334fe627f997/ozone-metadata/datanode-3/ratis/01831988-c4a1-4d45-9bca-89f97ec95128/in_use.lock acquired by nodename 137523@localhost
2025-09-11 04:24:46,997 [86475e3c-5cf0-45b3-a002-22fb0eea734c-groupManagement] INFO  storage.RaftStorage (RaftStorageImpl.java:format(98)) - Storage directory /home/runner/work/ozone/ozone/hadoop-ozone/integration-test-recon/target/test-dir/MiniOzoneClusterImpl-e405f726-f354-48a5-b90a-334fe627f997/ozone-metadata/datanode-3/ratis/01831988-c4a1-4d45-9bca-89f97ec95128 has been successfully formatted.
2025-09-11 04:24:46,998 [86475e3c-5cf0-45b3-a002-22fb0eea734c-groupManagement] INFO  ratis.ContainerStateMachine (ContainerStateMachine.java:initialize(339)) - 86475e3c-5cf0-45b3-a002-22fb0eea734c: initialize group-89F97EC95128
2025-09-11 04:24:46,998 [86475e3c-5cf0-45b3-a002-22fb0eea734c-groupManagement] INFO  ratis.ContainerStateMachine (ContainerStateMachine.java:loadSnapshot(347)) - group-89F97EC95128: The snapshot info is null. Setting the last applied index to:<INITIAL_VALUE>
2025-09-11 04:24:46,998 [86475e3c-5cf0-45b3-a002-22fb0eea734c-groupManagement] INFO  server.RaftServerConfigKeys (ConfUtils.java:logGet(62)) - raft.server.log.appender.buffer.byte-limit = 33554432 (custom)
2025-09-11 04:24:46,999 [EventQueue-PipelineReportForOneReplicaPipelineSafeModeRule] INFO  safemode.SCMSafeModeManager (SCMSafeModeManager.java:validateSafeModeExitRules(138)) - AtleastOneDatanodeReportedRule rule is successfully validated
2025-09-11 04:24:47,000 [86475e3c-5cf0-45b3-a002-22fb0eea734c-groupManagement] INFO  server.RaftServerConfigKeys (ConfUtils.java:logGet(62)) - raft.server.log.segment.size.max = 67108864 (custom)
2025-09-11 04:24:47,001 [Recon-EventQueue-PipelineReportForReconPipelineReportHandler] INFO  scm.ReconPipelineReportHandler (ReconPipelineReportHandler.java:processPipelineReport(102)) - Pipeline RATIS/THREE Pipeline-31d5dcaa-0410-4b69-a9b4-398fb7e0f3dc reported by 86475e3c-5cf0-45b3-a002-22fb0eea734c(localhost/127.0.0.1)
2025-09-11 04:24:47,001 [86475e3c-5cf0-45b3-a002-22fb0eea734c-groupManagement] INFO  server.RaftServerConfigKeys (ConfUtils.java:logGet(62)) - raft.server.log.appender.buffer.byte-limit = 33554432 (custom)
2025-09-11 04:24:47,001 [86475e3c-5cf0-45b3-a002-22fb0eea734c-groupManagement] INFO  util.AwaitToRun (AwaitToRun.java:start(81)) - Thread[#1076,86475e3c-5cf0-45b3-a002-22fb0eea734c@group-89F97EC95128-cacheEviction-AwaitToRun,5,main] started
2025-09-11 04:24:47,002 [86475e3c-5cf0-45b3-a002-22fb0eea734c-groupManagement] INFO  segmented.SegmentedRaftLogWorker (SegmentedRaftLogWorker.java:<init>(190)) - new 86475e3c-5cf0-45b3-a002-22fb0eea734c@group-89F97EC95128-SegmentedRaftLogWorker for RaftStorageImpl:Storage Directory /home/runner/work/ozone/ozone/hadoop-ozone/integration-test-recon/target/test-dir/MiniOzoneClusterImpl-e405f726-f354-48a5-b90a-334fe627f997/ozone-metadata/datanode-3/ratis/01831988-c4a1-4d45-9bca-89f97ec95128
2025-09-11 04:24:47,002 [86475e3c-5cf0-45b3-a002-22fb0eea734c-groupManagement] INFO  server.RaftServerConfigKeys (ConfUtils.java:logGet(62)) - raft.server.log.queue.byte-limit = 4294967296 (custom)
2025-09-11 04:24:47,002 [86475e3c-5cf0-45b3-a002-22fb0eea734c-groupManagement] INFO  server.RaftServerConfigKeys (ConfUtils.java:logGet(62)) - raft.server.log.segment.size.max = 67108864 (custom)
2025-09-11 04:24:47,002 [86475e3c-5cf0-45b3-a002-22fb0eea734c-groupManagement] INFO  server.RaftServerConfigKeys (ConfUtils.java:logGet(62)) - raft.server.log.preallocated.size = 4194304 (custom)
2025-09-11 04:24:47,001 [Recon-EventQueue-PipelineReportForReconPipelineReportHandler] INFO  scm.ReconPipelineReportHandler (ReconPipelineReportHandler.java:processPipelineReport(66)) - Unknown pipeline Pipeline-01831988-c4a1-4d45-9bca-89f97ec95128. Trying to get from SCM.
2025-09-11 04:24:47,002 [86475e3c-5cf0-45b3-a002-22fb0eea734c-groupManagement] INFO  server.RaftServerConfigKeys (ConfUtils.java:logGet(62)) - raft.server.log.write.buffer.size = 33554440 (custom)
2025-09-11 04:24:47,004 [00aa5afb-d218-4771-abd7-db0247b9d23b@group-334FE627F997-StateMachineUpdater] INFO  safemode.SCMSafeModeManager (SCMSafeModeManager.java:validateSafeModeExitRules(138)) - DataNodeSafeModeRule rule is successfully validated
2025-09-11 04:24:47,004 [00aa5afb-d218-4771-abd7-db0247b9d23b@group-334FE627F997-StateMachineUpdater] INFO  safemode.SCMSafeModeManager (SCMSafeModeManager.java:validateSafeModeExitRules(138)) - RatisContainerSafeModeRule rule is successfully validated
2025-09-11 04:24:47,005 [00aa5afb-d218-4771-abd7-db0247b9d23b@group-334FE627F997-StateMachineUpdater] INFO  safemode.HealthyPipelineSafeModeRule (HealthyPipelineSafeModeRule.java:initializeRule(228)) - Refreshed total pipeline count is 0, healthy pipeline threshold count is 1
2025-09-11 04:24:47,005 [00aa5afb-d218-4771-abd7-db0247b9d23b@group-334FE627F997-StateMachineUpdater] INFO  safemode.SCMSafeModeManager (SCMSafeModeManager.java:validateSafeModeExitRules(138)) - ECContainerSafeModeRule rule is successfully validated
2025-09-11 04:24:47,005 [00aa5afb-d218-4771-abd7-db0247b9d23b@group-334FE627F997-StateMachineUpdater] INFO  safemode.SCMSafeModeManager (SCMSafeModeManager.java:validateSafeModeExitRules(138)) - AtleastOneDatanodeReportedRule rule is successfully validated
2025-09-11 04:24:47,006 [EventQueue-PipelineReportForPipelineReportHandler] INFO  pipeline.PipelineReportHandler (PipelineReportHandler.java:processPipelineReport(134)) - Opened pipeline Pipeline-01831988-c4a1-4d45-9bca-89f97ec95128
2025-09-11 04:24:47,005 [Recon-EventQueue-PipelineReportForReconPipelineReportHandler] INFO  scm.ReconPipelineReportHandler (ReconPipelineReportHandler.java:processPipelineReport(85)) - Pipeline Pipeline{ Id: 01831988-c4a1-4d45-9bca-89f97ec95128, Nodes: [ {86475e3c-5cf0-45b3-a002-22fb0eea734c(localhost/127.0.0.1), ReplicaIndex: 0},], ReplicationConfig: RATIS/ONE, State:ALLOCATED, leaderId:86475e3c-5cf0-45b3-a002-22fb0eea734c, CreationTimestamp2025-09-11T04:24:44.481Z[Etc/UTC]} verified from SCM and added to Recon pipeline metadata.
2025-09-11 04:24:47,006 [Recon-EventQueue-PipelineReportForReconPipelineReportHandler] INFO  scm.ReconPipelineReportHandler (ReconPipelineReportHandler.java:processPipelineReport(102)) - Pipeline RATIS/ONE Pipeline-01831988-c4a1-4d45-9bca-89f97ec95128 reported by 86475e3c-5cf0-45b3-a002-22fb0eea734c(localhost/127.0.0.1)
2025-09-11 04:24:47,008 [86475e3c-5cf0-45b3-a002-22fb0eea734c-groupManagement] INFO  server.RaftServerConfigKeys (ConfUtils.java:logGet(62)) - raft.server.log.appender.buffer.byte-limit = 33554432 (custom)
2025-09-11 04:24:47,008 [86475e3c-5cf0-45b3-a002-22fb0eea734c-groupManagement] INFO  segmented.SegmentedRaftLogWorker (SegmentedRaftLogWorker.java:lambda$new$0(141)) - 86475e3c-5cf0-45b3-a002-22fb0eea734c@group-89F97EC95128-SegmentedRaftLogWorker: flushIndex: setUnconditionally 0 -> -1
2025-09-11 04:24:47,009 [86475e3c-5cf0-45b3-a002-22fb0eea734c-groupManagement] INFO  segmented.SegmentedRaftLogWorker (SegmentedRaftLogWorker.java:lambda$new$0(141)) - 86475e3c-5cf0-45b3-a002-22fb0eea734c@group-89F97EC95128-SegmentedRaftLogWorker: safeCacheEvictIndex: setUnconditionally 0 -> -1
2025-09-11 04:24:47,009 [86475e3c-5cf0-45b3-a002-22fb0eea734c-groupManagement] INFO  server.RaftServer$Division (RaftServerImpl.java:start(405)) - 86475e3c-5cf0-45b3-a002-22fb0eea734c@group-89F97EC95128: start as a follower, conf=conf: {index: -1, cur=peers:[86475e3c-5cf0-45b3-a002-22fb0eea734c|127.0.0.1:15033]|listeners:[], old=null}
2025-09-11 04:24:47,009 [86475e3c-5cf0-45b3-a002-22fb0eea734c-groupManagement] INFO  server.RaftServer$Division (RaftServerImpl.java:setRole(392)) - 86475e3c-5cf0-45b3-a002-22fb0eea734c@group-89F97EC95128: changes role from      null to FOLLOWER at term 0 for startAsFollower
2025-09-11 04:24:47,009 [86475e3c-5cf0-45b3-a002-22fb0eea734c-groupManagement] INFO  impl.RoleInfo (RoleInfo.java:updateAndGet(148)) - 86475e3c-5cf0-45b3-a002-22fb0eea734c: start 86475e3c-5cf0-45b3-a002-22fb0eea734c@group-89F97EC95128-FollowerState
2025-09-11 04:24:47,009 [86475e3c-5cf0-45b3-a002-22fb0eea734c-groupManagement] INFO  util.JmxRegister (JmxRegister.java:tryRegister(44)) - Successfully registered JMX Bean with object name Ratis:service=RaftServer,group=group-89F97EC95128,id=86475e3c-5cf0-45b3-a002-22fb0eea734c
2025-09-11 04:24:47,009 [86475e3c-5cf0-45b3-a002-22fb0eea734c-groupManagement] INFO  util.JmxRegister (JmxRegister.java:register(58)) - register mxBean class org.apache.ratis.server.impl.RaftServerJmxAdapter as Ratis:service=RaftServer,group=group-89F97EC95128,id=86475e3c-5cf0-45b3-a002-22fb0eea734c
2025-09-11 04:24:47,010 [86475e3c-5cf0-45b3-a002-22fb0eea734c-groupManagement] INFO  server.RaftServer$Division (RaftServerImpl.java:start(419)) - 86475e3c-5cf0-45b3-a002-22fb0eea734c@group-89F97EC95128: Successfully started.
2025-09-11 04:24:47,011 [86475e3c-5cf0-45b3-a002-22fb0eea734c-PipelineCommandHandlerThread-0] INFO  ratis.XceiverServerRatis (XceiverServerRatis.java:addGroup(846)) - Created group Pipeline-01831988-c4a1-4d45-9bca-89f97ec95128
2025-09-11 04:24:47,011 [86475e3c-5cf0-45b3-a002-22fb0eea734c-PipelineCommandHandlerThread-0] INFO  commandhandler.CreatePipelineCommandHandler (CreatePipelineCommandHandler.java:lambda$handle$2(127)) - Created Pipeline RATIS ONE Pipeline-01831988-c4a1-4d45-9bca-89f97ec95128.
2025-09-11 04:24:47,105 [ForkJoinPool-1-worker-1] INFO  ozone.MiniOzoneClusterImpl (MiniOzoneClusterImpl.java:lambda$waitForClusterToBeReady$0(181)) - Nodes are ready. Got 5 of 5 DN Heartbeats.
2025-09-11 04:24:47,105 [ForkJoinPool-1-worker-1] INFO  ozone.MiniOzoneClusterImpl (MiniOzoneClusterImpl.java:lambda$waitForClusterToBeReady$0(184)) - Waiting for cluster to exit safe mode
2025-09-11 04:24:47,105 [ForkJoinPool-1-worker-1] INFO  ozone.MiniOzoneClusterImpl (MiniOzoneClusterImpl.java:lambda$waitForClusterToBeReady$0(186)) - SCM became leader
2025-09-11 04:24:47,302 [346684e1-b57f-4c29-9507-935dad45bd68-PipelineCommandHandlerThread-0] INFO  server.RaftServer (RaftServerProxy.java:addNew(105)) - 346684e1-b57f-4c29-9507-935dad45bd68: addNew group-06B9DB8EB07D:[346684e1-b57f-4c29-9507-935dad45bd68|127.0.0.1:15041] returns group-06B9DB8EB07D:java.util.concurrent.CompletableFuture@4a7e506c[Not completed]
2025-09-11 04:24:47,302 [EventQueue-PipelineReportForOneReplicaPipelineSafeModeRule] INFO  safemode.SCMSafeModeManager (SCMSafeModeManager.java:validateSafeModeExitRules(138)) - AtleastOneDatanodeReportedRule rule is successfully validated
2025-09-11 04:24:47,302 [IPC Server handler 14 on default port 15001] INFO  scm.ReconNodeManager (ReconNodeManager.java:register(219)) - Updated nodes db table for 346684e1-b57f-4c29-9507-935dad45bd68(localhost/127.0.0.1)
2025-09-11 04:24:47,303 [IPC Server handler 14 on default port 15001] INFO  recon.ReconContext (ReconContext.java:updateHealthStatus(76)) - Update healthStatus of Recon from true to true.
2025-09-11 04:24:47,304 [346684e1-b57f-4c29-9507-935dad45bd68-groupManagement] INFO  server.RaftServer$Division (RaftServerImpl.java:<init>(268)) - 346684e1-b57f-4c29-9507-935dad45bd68: new RaftServerImpl for group-06B9DB8EB07D:[346684e1-b57f-4c29-9507-935dad45bd68|127.0.0.1:15041] with ContainerStateMachine:uninitialized
2025-09-11 04:24:47,304 [346684e1-b57f-4c29-9507-935dad45bd68-groupManagement] INFO  server.RaftServer$Division (ServerState.java:<init>(114)) - 346684e1-b57f-4c29-9507-935dad45bd68@group-06B9DB8EB07D: ConfigurationManager, init=conf: {index: -1, cur=peers:[346684e1-b57f-4c29-9507-935dad45bd68|127.0.0.1:15041]|listeners:[], old=null}, confs=<EMPTY_MAP>
2025-09-11 04:24:47,309 [346684e1-b57f-4c29-9507-935dad45bd68-groupManagement] INFO  server.RaftServerConfigKeys (ConfUtils.java:logGet(62)) - raft.server.storage.dir = [/home/runner/work/ozone/ozone/hadoop-ozone/integration-test-recon/target/test-dir/MiniOzoneClusterImpl-e405f726-f354-48a5-b90a-334fe627f997/ozone-metadata/datanode-4/ratis] (custom)
2025-09-11 04:24:47,310 [346684e1-b57f-4c29-9507-935dad45bd68-groupManagement] INFO  storage.RaftStorageDirectory (RaftStorageDirectoryImpl.java:analyzeStorage(138)) - The storage directory /home/runner/work/ozone/ozone/hadoop-ozone/integration-test-recon/target/test-dir/MiniOzoneClusterImpl-e405f726-f354-48a5-b90a-334fe627f997/ozone-metadata/datanode-4/ratis/460fce7f-2412-49f0-bc0a-06b9db8eb07d does not exist. Creating ...
2025-09-11 04:24:47,311 [346684e1-b57f-4c29-9507-935dad45bd68-groupManagement] INFO  storage.RaftStorageDirectory (RaftStorageDirectoryImpl.java:tryLock(229)) - Lock on /home/runner/work/ozone/ozone/hadoop-ozone/integration-test-recon/target/test-dir/MiniOzoneClusterImpl-e405f726-f354-48a5-b90a-334fe627f997/ozone-metadata/datanode-4/ratis/460fce7f-2412-49f0-bc0a-06b9db8eb07d/in_use.lock acquired by nodename 137523@localhost
2025-09-11 04:24:47,312 [346684e1-b57f-4c29-9507-935dad45bd68-groupManagement] INFO  storage.RaftStorage (RaftStorageImpl.java:format(98)) - Storage directory /home/runner/work/ozone/ozone/hadoop-ozone/integration-test-recon/target/test-dir/MiniOzoneClusterImpl-e405f726-f354-48a5-b90a-334fe627f997/ozone-metadata/datanode-4/ratis/460fce7f-2412-49f0-bc0a-06b9db8eb07d has been successfully formatted.
2025-09-11 04:24:47,312 [346684e1-b57f-4c29-9507-935dad45bd68-groupManagement] INFO  ratis.ContainerStateMachine (ContainerStateMachine.java:initialize(339)) - 346684e1-b57f-4c29-9507-935dad45bd68: initialize group-06B9DB8EB07D
2025-09-11 04:24:47,313 [346684e1-b57f-4c29-9507-935dad45bd68-groupManagement] INFO  ratis.ContainerStateMachine (ContainerStateMachine.java:loadSnapshot(347)) - group-06B9DB8EB07D: The snapshot info is null. Setting the last applied index to:<INITIAL_VALUE>
2025-09-11 04:24:47,313 [346684e1-b57f-4c29-9507-935dad45bd68-groupManagement] INFO  server.RaftServerConfigKeys (ConfUtils.java:logGet(62)) - raft.server.log.appender.buffer.byte-limit = 33554432 (custom)
2025-09-11 04:24:47,314 [EventQueue-PipelineReportForOneReplicaPipelineSafeModeRule] INFO  safemode.SCMSafeModeManager (SCMSafeModeManager.java:validateSafeModeExitRules(138)) - AtleastOneDatanodeReportedRule rule is successfully validated
2025-09-11 04:24:47,315 [346684e1-b57f-4c29-9507-935dad45bd68-groupManagement] INFO  server.RaftServerConfigKeys (ConfUtils.java:logGet(62)) - raft.server.log.segment.size.max = 67108864 (custom)
2025-09-11 04:24:47,315 [346684e1-b57f-4c29-9507-935dad45bd68-groupManagement] INFO  server.RaftServerConfigKeys (ConfUtils.java:logGet(62)) - raft.server.log.appender.buffer.byte-limit = 33554432 (custom)
2025-09-11 04:24:47,316 [Recon-EventQueue-PipelineReportForReconPipelineReportHandler] INFO  scm.ReconPipelineReportHandler (ReconPipelineReportHandler.java:processPipelineReport(66)) - Unknown pipeline Pipeline-460fce7f-2412-49f0-bc0a-06b9db8eb07d. Trying to get from SCM.
2025-09-11 04:24:47,316 [346684e1-b57f-4c29-9507-935dad45bd68-groupManagement] INFO  util.AwaitToRun (AwaitToRun.java:start(81)) - Thread[#1082,346684e1-b57f-4c29-9507-935dad45bd68@group-06B9DB8EB07D-cacheEviction-AwaitToRun,5,main] started
2025-09-11 04:24:47,316 [346684e1-b57f-4c29-9507-935dad45bd68-groupManagement] INFO  segmented.SegmentedRaftLogWorker (SegmentedRaftLogWorker.java:<init>(190)) - new 346684e1-b57f-4c29-9507-935dad45bd68@group-06B9DB8EB07D-SegmentedRaftLogWorker for RaftStorageImpl:Storage Directory /home/runner/work/ozone/ozone/hadoop-ozone/integration-test-recon/target/test-dir/MiniOzoneClusterImpl-e405f726-f354-48a5-b90a-334fe627f997/ozone-metadata/datanode-4/ratis/460fce7f-2412-49f0-bc0a-06b9db8eb07d
2025-09-11 04:24:47,316 [346684e1-b57f-4c29-9507-935dad45bd68-groupManagement] INFO  server.RaftServerConfigKeys (ConfUtils.java:logGet(62)) - raft.server.log.queue.byte-limit = 4294967296 (custom)
2025-09-11 04:24:47,317 [346684e1-b57f-4c29-9507-935dad45bd68-groupManagement] INFO  server.RaftServerConfigKeys (ConfUtils.java:logGet(62)) - raft.server.log.segment.size.max = 67108864 (custom)
2025-09-11 04:24:47,317 [346684e1-b57f-4c29-9507-935dad45bd68-groupManagement] INFO  server.RaftServerConfigKeys (ConfUtils.java:logGet(62)) - raft.server.log.preallocated.size = 4194304 (custom)
2025-09-11 04:24:47,317 [346684e1-b57f-4c29-9507-935dad45bd68-groupManagement] INFO  server.RaftServerConfigKeys (ConfUtils.java:logGet(62)) - raft.server.log.write.buffer.size = 33554440 (custom)
2025-09-11 04:24:47,318 [00aa5afb-d218-4771-abd7-db0247b9d23b@group-334FE627F997-StateMachineUpdater] INFO  safemode.SCMSafeModeManager (SCMSafeModeManager.java:validateSafeModeExitRules(138)) - DataNodeSafeModeRule rule is successfully validated
2025-09-11 04:24:47,318 [00aa5afb-d218-4771-abd7-db0247b9d23b@group-334FE627F997-StateMachineUpdater] INFO  safemode.SCMSafeModeManager (SCMSafeModeManager.java:validateSafeModeExitRules(138)) - RatisContainerSafeModeRule rule is successfully validated
2025-09-11 04:24:47,318 [00aa5afb-d218-4771-abd7-db0247b9d23b@group-334FE627F997-StateMachineUpdater] INFO  safemode.HealthyPipelineSafeModeRule (HealthyPipelineSafeModeRule.java:initializeRule(228)) - Refreshed total pipeline count is 0, healthy pipeline threshold count is 1
2025-09-11 04:24:47,318 [00aa5afb-d218-4771-abd7-db0247b9d23b@group-334FE627F997-StateMachineUpdater] INFO  safemode.SCMSafeModeManager (SCMSafeModeManager.java:validateSafeModeExitRules(138)) - ECContainerSafeModeRule rule is successfully validated
2025-09-11 04:24:47,318 [00aa5afb-d218-4771-abd7-db0247b9d23b@group-334FE627F997-StateMachineUpdater] INFO  safemode.SCMSafeModeManager (SCMSafeModeManager.java:validateSafeModeExitRules(138)) - AtleastOneDatanodeReportedRule rule is successfully validated
2025-09-11 04:24:47,319 [EventQueue-PipelineReportForPipelineReportHandler] INFO  pipeline.PipelineReportHandler (PipelineReportHandler.java:processPipelineReport(134)) - Opened pipeline Pipeline-460fce7f-2412-49f0-bc0a-06b9db8eb07d
2025-09-11 04:24:47,321 [Recon-EventQueue-PipelineReportForReconPipelineReportHandler] INFO  scm.ReconPipelineReportHandler (ReconPipelineReportHandler.java:processPipelineReport(85)) - Pipeline Pipeline{ Id: 460fce7f-2412-49f0-bc0a-06b9db8eb07d, Nodes: [ {346684e1-b57f-4c29-9507-935dad45bd68(localhost/127.0.0.1), ReplicaIndex: 0},], ReplicationConfig: RATIS/ONE, State:OPEN, leaderId:346684e1-b57f-4c29-9507-935dad45bd68, CreationTimestamp2025-09-11T04:24:44.803Z[Etc/UTC]} verified from SCM and added to Recon pipeline metadata.
2025-09-11 04:24:47,322 [346684e1-b57f-4c29-9507-935dad45bd68-groupManagement] INFO  server.RaftServerConfigKeys (ConfUtils.java:logGet(62)) - raft.server.log.appender.buffer.byte-limit = 33554432 (custom)
2025-09-11 04:24:47,323 [346684e1-b57f-4c29-9507-935dad45bd68-groupManagement] INFO  segmented.SegmentedRaftLogWorker (SegmentedRaftLogWorker.java:lambda$new$0(141)) - 346684e1-b57f-4c29-9507-935dad45bd68@group-06B9DB8EB07D-SegmentedRaftLogWorker: flushIndex: setUnconditionally 0 -> -1
2025-09-11 04:24:47,323 [346684e1-b57f-4c29-9507-935dad45bd68-groupManagement] INFO  segmented.SegmentedRaftLogWorker (SegmentedRaftLogWorker.java:lambda$new$0(141)) - 346684e1-b57f-4c29-9507-935dad45bd68@group-06B9DB8EB07D-SegmentedRaftLogWorker: safeCacheEvictIndex: setUnconditionally 0 -> -1
2025-09-11 04:24:47,323 [346684e1-b57f-4c29-9507-935dad45bd68-groupManagement] INFO  server.RaftServer$Division (RaftServerImpl.java:start(405)) - 346684e1-b57f-4c29-9507-935dad45bd68@group-06B9DB8EB07D: start as a follower, conf=conf: {index: -1, cur=peers:[346684e1-b57f-4c29-9507-935dad45bd68|127.0.0.1:15041]|listeners:[], old=null}
2025-09-11 04:24:47,323 [346684e1-b57f-4c29-9507-935dad45bd68-groupManagement] INFO  server.RaftServer$Division (RaftServerImpl.java:setRole(392)) - 346684e1-b57f-4c29-9507-935dad45bd68@group-06B9DB8EB07D: changes role from      null to FOLLOWER at term 0 for startAsFollower
2025-09-11 04:24:47,323 [346684e1-b57f-4c29-9507-935dad45bd68-groupManagement] INFO  impl.RoleInfo (RoleInfo.java:updateAndGet(148)) - 346684e1-b57f-4c29-9507-935dad45bd68: start 346684e1-b57f-4c29-9507-935dad45bd68@group-06B9DB8EB07D-FollowerState
2025-09-11 04:24:47,324 [346684e1-b57f-4c29-9507-935dad45bd68-groupManagement] INFO  util.JmxRegister (JmxRegister.java:tryRegister(44)) - Successfully registered JMX Bean with object name Ratis:service=RaftServer,group=group-06B9DB8EB07D,id=346684e1-b57f-4c29-9507-935dad45bd68
2025-09-11 04:24:47,324 [346684e1-b57f-4c29-9507-935dad45bd68-groupManagement] INFO  util.JmxRegister (JmxRegister.java:register(58)) - register mxBean class org.apache.ratis.server.impl.RaftServerJmxAdapter as Ratis:service=RaftServer,group=group-06B9DB8EB07D,id=346684e1-b57f-4c29-9507-935dad45bd68
2025-09-11 04:24:47,325 [ReplicationMonitor] INFO  replication.ReplicationManager (ReplicationManager.java:processAll(359)) - Replication Manager is not ready to run until 3000ms after safemode exit
2025-09-11 04:24:47,325 [346684e1-b57f-4c29-9507-935dad45bd68-groupManagement] INFO  server.RaftServer$Division (RaftServerImpl.java:start(419)) - 346684e1-b57f-4c29-9507-935dad45bd68@group-06B9DB8EB07D: Successfully started.
2025-09-11 04:24:47,325 [346684e1-b57f-4c29-9507-935dad45bd68-PipelineCommandHandlerThread-0] INFO  ratis.XceiverServerRatis (XceiverServerRatis.java:addGroup(846)) - Created group Pipeline-460fce7f-2412-49f0-bc0a-06b9db8eb07d
2025-09-11 04:24:47,325 [346684e1-b57f-4c29-9507-935dad45bd68-PipelineCommandHandlerThread-0] INFO  commandhandler.CreatePipelineCommandHandler (CreatePipelineCommandHandler.java:lambda$handle$2(127)) - Created Pipeline RATIS ONE Pipeline-460fce7f-2412-49f0-bc0a-06b9db8eb07d.
2025-09-11 04:24:47,462 [ContainerHealthTask] INFO  fsck.ContainerHealthTask (ContainerHealthTask.java:checkAndProcessContainers(194)) - Container Health task thread took 0 iterations to fetch all containers using batched approach with batch size of 1000
2025-09-11 04:24:47,605 [0ed0910f-4ac9-4f62-be34-d90c51a3e6c9-PipelineCommandHandlerThread-0] INFO  server.RaftServer (RaftServerProxy.java:addNew(105)) - 0ed0910f-4ac9-4f62-be34-d90c51a3e6c9: addNew group-9A86F6A96A63:[0ed0910f-4ac9-4f62-be34-d90c51a3e6c9|127.0.0.1:15049] returns group-9A86F6A96A63:java.util.concurrent.CompletableFuture@12f0309e[Not completed]
2025-09-11 04:24:47,605 [IPC Server handler 3 on default port 15001] INFO  scm.ReconNodeManager (ReconNodeManager.java:register(219)) - Updated nodes db table for 0ed0910f-4ac9-4f62-be34-d90c51a3e6c9(localhost/127.0.0.1)
2025-09-11 04:24:47,605 [IPC Server handler 3 on default port 15001] INFO  recon.ReconContext (ReconContext.java:updateHealthStatus(76)) - Update healthStatus of Recon from true to true.
2025-09-11 04:24:47,606 [0ed0910f-4ac9-4f62-be34-d90c51a3e6c9-groupManagement] INFO  server.RaftServer$Division (RaftServerImpl.java:<init>(268)) - 0ed0910f-4ac9-4f62-be34-d90c51a3e6c9: new RaftServerImpl for group-9A86F6A96A63:[0ed0910f-4ac9-4f62-be34-d90c51a3e6c9|127.0.0.1:15049] with ContainerStateMachine:uninitialized
2025-09-11 04:24:47,607 [0ed0910f-4ac9-4f62-be34-d90c51a3e6c9-groupManagement] INFO  server.RaftServer$Division (ServerState.java:<init>(114)) - 0ed0910f-4ac9-4f62-be34-d90c51a3e6c9@group-9A86F6A96A63: ConfigurationManager, init=conf: {index: -1, cur=peers:[0ed0910f-4ac9-4f62-be34-d90c51a3e6c9|127.0.0.1:15049]|listeners:[], old=null}, confs=<EMPTY_MAP>
2025-09-11 04:24:47,610 [0ed0910f-4ac9-4f62-be34-d90c51a3e6c9-groupManagement] INFO  server.RaftServerConfigKeys (ConfUtils.java:logGet(62)) - raft.server.storage.dir = [/home/runner/work/ozone/ozone/hadoop-ozone/integration-test-recon/target/test-dir/MiniOzoneClusterImpl-e405f726-f354-48a5-b90a-334fe627f997/ozone-metadata/datanode-5/ratis] (custom)
2025-09-11 04:24:47,610 [0ed0910f-4ac9-4f62-be34-d90c51a3e6c9-groupManagement] INFO  storage.RaftStorageDirectory (RaftStorageDirectoryImpl.java:analyzeStorage(138)) - The storage directory /home/runner/work/ozone/ozone/hadoop-ozone/integration-test-recon/target/test-dir/MiniOzoneClusterImpl-e405f726-f354-48a5-b90a-334fe627f997/ozone-metadata/datanode-5/ratis/b5f232fc-4a98-4060-a56a-9a86f6a96a63 does not exist. Creating ...
2025-09-11 04:24:47,611 [0ed0910f-4ac9-4f62-be34-d90c51a3e6c9-groupManagement] INFO  storage.RaftStorageDirectory (RaftStorageDirectoryImpl.java:tryLock(229)) - Lock on /home/runner/work/ozone/ozone/hadoop-ozone/integration-test-recon/target/test-dir/MiniOzoneClusterImpl-e405f726-f354-48a5-b90a-334fe627f997/ozone-metadata/datanode-5/ratis/b5f232fc-4a98-4060-a56a-9a86f6a96a63/in_use.lock acquired by nodename 137523@localhost
2025-09-11 04:24:47,613 [0ed0910f-4ac9-4f62-be34-d90c51a3e6c9-groupManagement] INFO  storage.RaftStorage (RaftStorageImpl.java:format(98)) - Storage directory /home/runner/work/ozone/ozone/hadoop-ozone/integration-test-recon/target/test-dir/MiniOzoneClusterImpl-e405f726-f354-48a5-b90a-334fe627f997/ozone-metadata/datanode-5/ratis/b5f232fc-4a98-4060-a56a-9a86f6a96a63 has been successfully formatted.
2025-09-11 04:24:47,613 [0ed0910f-4ac9-4f62-be34-d90c51a3e6c9-groupManagement] INFO  ratis.ContainerStateMachine (ContainerStateMachine.java:initialize(339)) - 0ed0910f-4ac9-4f62-be34-d90c51a3e6c9: initialize group-9A86F6A96A63
2025-09-11 04:24:47,614 [0ed0910f-4ac9-4f62-be34-d90c51a3e6c9-groupManagement] INFO  ratis.ContainerStateMachine (ContainerStateMachine.java:loadSnapshot(347)) - group-9A86F6A96A63: The snapshot info is null. Setting the last applied index to:<INITIAL_VALUE>
2025-09-11 04:24:47,614 [0ed0910f-4ac9-4f62-be34-d90c51a3e6c9-groupManagement] INFO  server.RaftServerConfigKeys (ConfUtils.java:logGet(62)) - raft.server.log.appender.buffer.byte-limit = 33554432 (custom)
2025-09-11 04:24:47,614 [EventQueue-PipelineReportForOneReplicaPipelineSafeModeRule] INFO  safemode.SCMSafeModeManager (SCMSafeModeManager.java:validateSafeModeExitRules(138)) - AtleastOneDatanodeReportedRule rule is successfully validated
2025-09-11 04:24:47,616 [0ed0910f-4ac9-4f62-be34-d90c51a3e6c9-groupManagement] INFO  server.RaftServerConfigKeys (ConfUtils.java:logGet(62)) - raft.server.log.segment.size.max = 67108864 (custom)
2025-09-11 04:24:47,616 [0ed0910f-4ac9-4f62-be34-d90c51a3e6c9-groupManagement] INFO  server.RaftServerConfigKeys (ConfUtils.java:logGet(62)) - raft.server.log.appender.buffer.byte-limit = 33554432 (custom)
2025-09-11 04:24:47,616 [0ed0910f-4ac9-4f62-be34-d90c51a3e6c9-groupManagement] INFO  util.AwaitToRun (AwaitToRun.java:start(81)) - Thread[#1088,0ed0910f-4ac9-4f62-be34-d90c51a3e6c9@group-9A86F6A96A63-cacheEviction-AwaitToRun,5,main] started
2025-09-11 04:24:47,616 [0ed0910f-4ac9-4f62-be34-d90c51a3e6c9-groupManagement] INFO  segmented.SegmentedRaftLogWorker (SegmentedRaftLogWorker.java:<init>(190)) - new 0ed0910f-4ac9-4f62-be34-d90c51a3e6c9@group-9A86F6A96A63-SegmentedRaftLogWorker for RaftStorageImpl:Storage Directory /home/runner/work/ozone/ozone/hadoop-ozone/integration-test-recon/target/test-dir/MiniOzoneClusterImpl-e405f726-f354-48a5-b90a-334fe627f997/ozone-metadata/datanode-5/ratis/b5f232fc-4a98-4060-a56a-9a86f6a96a63
2025-09-11 04:24:47,617 [0ed0910f-4ac9-4f62-be34-d90c51a3e6c9-groupManagement] INFO  server.RaftServerConfigKeys (ConfUtils.java:logGet(62)) - raft.server.log.queue.byte-limit = 4294967296 (custom)
2025-09-11 04:24:47,617 [0ed0910f-4ac9-4f62-be34-d90c51a3e6c9-groupManagement] INFO  server.RaftServerConfigKeys (ConfUtils.java:logGet(62)) - raft.server.log.segment.size.max = 67108864 (custom)
2025-09-11 04:24:47,617 [0ed0910f-4ac9-4f62-be34-d90c51a3e6c9-groupManagement] INFO  server.RaftServerConfigKeys (ConfUtils.java:logGet(62)) - raft.server.log.preallocated.size = 4194304 (custom)
2025-09-11 04:24:47,617 [Recon-EventQueue-PipelineReportForReconPipelineReportHandler] INFO  scm.ReconPipelineReportHandler (ReconPipelineReportHandler.java:processPipelineReport(66)) - Unknown pipeline Pipeline-b5f232fc-4a98-4060-a56a-9a86f6a96a63. Trying to get from SCM.
2025-09-11 04:24:47,617 [0ed0910f-4ac9-4f62-be34-d90c51a3e6c9-groupManagement] INFO  server.RaftServerConfigKeys (ConfUtils.java:logGet(62)) - raft.server.log.write.buffer.size = 33554440 (custom)
2025-09-11 04:24:47,618 [00aa5afb-d218-4771-abd7-db0247b9d23b@group-334FE627F997-StateMachineUpdater] INFO  safemode.SCMSafeModeManager (SCMSafeModeManager.java:validateSafeModeExitRules(138)) - DataNodeSafeModeRule rule is successfully validated
2025-09-11 04:24:47,618 [00aa5afb-d218-4771-abd7-db0247b9d23b@group-334FE627F997-StateMachineUpdater] INFO  safemode.SCMSafeModeManager (SCMSafeModeManager.java:validateSafeModeExitRules(138)) - RatisContainerSafeModeRule rule is successfully validated
2025-09-11 04:24:47,618 [00aa5afb-d218-4771-abd7-db0247b9d23b@group-334FE627F997-StateMachineUpdater] INFO  safemode.HealthyPipelineSafeModeRule (HealthyPipelineSafeModeRule.java:initializeRule(228)) - Refreshed total pipeline count is 0, healthy pipeline threshold count is 1
2025-09-11 04:24:47,619 [00aa5afb-d218-4771-abd7-db0247b9d23b@group-334FE627F997-StateMachineUpdater] INFO  safemode.SCMSafeModeManager (SCMSafeModeManager.java:validateSafeModeExitRules(138)) - ECContainerSafeModeRule rule is successfully validated
2025-09-11 04:24:47,619 [00aa5afb-d218-4771-abd7-db0247b9d23b@group-334FE627F997-StateMachineUpdater] INFO  safemode.SCMSafeModeManager (SCMSafeModeManager.java:validateSafeModeExitRules(138)) - AtleastOneDatanodeReportedRule rule is successfully validated
2025-09-11 04:24:47,620 [EventQueue-PipelineReportForPipelineReportHandler] INFO  pipeline.PipelineReportHandler (PipelineReportHandler.java:processPipelineReport(134)) - Opened pipeline Pipeline-b5f232fc-4a98-4060-a56a-9a86f6a96a63
2025-09-11 04:24:47,621 [Recon-EventQueue-PipelineReportForReconPipelineReportHandler] INFO  scm.ReconPipelineReportHandler (ReconPipelineReportHandler.java:processPipelineReport(85)) - Pipeline Pipeline{ Id: b5f232fc-4a98-4060-a56a-9a86f6a96a63, Nodes: [ {0ed0910f-4ac9-4f62-be34-d90c51a3e6c9(localhost/127.0.0.1), ReplicaIndex: 0},], ReplicationConfig: RATIS/ONE, State:OPEN, leaderId:0ed0910f-4ac9-4f62-be34-d90c51a3e6c9, CreationTimestamp2025-09-11T04:24:45.107Z[Etc/UTC]} verified from SCM and added to Recon pipeline metadata.
2025-09-11 04:24:47,623 [0ed0910f-4ac9-4f62-be34-d90c51a3e6c9-groupManagement] INFO  server.RaftServerConfigKeys (ConfUtils.java:logGet(62)) - raft.server.log.appender.buffer.byte-limit = 33554432 (custom)
2025-09-11 04:24:47,623 [0ed0910f-4ac9-4f62-be34-d90c51a3e6c9-groupManagement] INFO  segmented.SegmentedRaftLogWorker (SegmentedRaftLogWorker.java:lambda$new$0(141)) - 0ed0910f-4ac9-4f62-be34-d90c51a3e6c9@group-9A86F6A96A63-SegmentedRaftLogWorker: flushIndex: setUnconditionally 0 -> -1
2025-09-11 04:24:47,624 [0ed0910f-4ac9-4f62-be34-d90c51a3e6c9-groupManagement] INFO  segmented.SegmentedRaftLogWorker (SegmentedRaftLogWorker.java:lambda$new$0(141)) - 0ed0910f-4ac9-4f62-be34-d90c51a3e6c9@group-9A86F6A96A63-SegmentedRaftLogWorker: safeCacheEvictIndex: setUnconditionally 0 -> -1
2025-09-11 04:24:47,624 [0ed0910f-4ac9-4f62-be34-d90c51a3e6c9-groupManagement] INFO  server.RaftServer$Division (RaftServerImpl.java:start(405)) - 0ed0910f-4ac9-4f62-be34-d90c51a3e6c9@group-9A86F6A96A63: start as a follower, conf=conf: {index: -1, cur=peers:[0ed0910f-4ac9-4f62-be34-d90c51a3e6c9|127.0.0.1:15049]|listeners:[], old=null}
2025-09-11 04:24:47,624 [0ed0910f-4ac9-4f62-be34-d90c51a3e6c9-groupManagement] INFO  server.RaftServer$Division (RaftServerImpl.java:setRole(392)) - 0ed0910f-4ac9-4f62-be34-d90c51a3e6c9@group-9A86F6A96A63: changes role from      null to FOLLOWER at term 0 for startAsFollower
2025-09-11 04:24:47,624 [0ed0910f-4ac9-4f62-be34-d90c51a3e6c9-groupManagement] INFO  impl.RoleInfo (RoleInfo.java:updateAndGet(148)) - 0ed0910f-4ac9-4f62-be34-d90c51a3e6c9: start 0ed0910f-4ac9-4f62-be34-d90c51a3e6c9@group-9A86F6A96A63-FollowerState
2025-09-11 04:24:47,624 [0ed0910f-4ac9-4f62-be34-d90c51a3e6c9-groupManagement] INFO  util.JmxRegister (JmxRegister.java:tryRegister(44)) - Successfully registered JMX Bean with object name Ratis:service=RaftServer,group=group-9A86F6A96A63,id=0ed0910f-4ac9-4f62-be34-d90c51a3e6c9
2025-09-11 04:24:47,624 [0ed0910f-4ac9-4f62-be34-d90c51a3e6c9-groupManagement] INFO  util.JmxRegister (JmxRegister.java:register(58)) - register mxBean class org.apache.ratis.server.impl.RaftServerJmxAdapter as Ratis:service=RaftServer,group=group-9A86F6A96A63,id=0ed0910f-4ac9-4f62-be34-d90c51a3e6c9
2025-09-11 04:24:47,625 [0ed0910f-4ac9-4f62-be34-d90c51a3e6c9-groupManagement] INFO  server.RaftServer$Division (RaftServerImpl.java:start(419)) - 0ed0910f-4ac9-4f62-be34-d90c51a3e6c9@group-9A86F6A96A63: Successfully started.
2025-09-11 04:24:47,625 [0ed0910f-4ac9-4f62-be34-d90c51a3e6c9-PipelineCommandHandlerThread-0] INFO  ratis.XceiverServerRatis (XceiverServerRatis.java:addGroup(846)) - Created group Pipeline-b5f232fc-4a98-4060-a56a-9a86f6a96a63
2025-09-11 04:24:47,626 [0ed0910f-4ac9-4f62-be34-d90c51a3e6c9-PipelineCommandHandlerThread-0] INFO  commandhandler.CreatePipelineCommandHandler (CreatePipelineCommandHandler.java:lambda$handle$2(127)) - Created Pipeline RATIS ONE Pipeline-b5f232fc-4a98-4060-a56a-9a86f6a96a63.
2025-09-11 04:24:47,641 [42a5f925-1bc2-4f8a-8509-c5ae65e6fcde@group-398FB7E0F3DC-FollowerState] INFO  impl.FollowerState (FollowerState.java:runImpl(161)) - 42a5f925-1bc2-4f8a-8509-c5ae65e6fcde@group-398FB7E0F3DC-FollowerState: change to CANDIDATE, lastRpcElapsedTime:1115402450ns, electionTimeout:1115ms
2025-09-11 04:24:47,641 [42a5f925-1bc2-4f8a-8509-c5ae65e6fcde@group-398FB7E0F3DC-FollowerState] INFO  impl.RoleInfo (RoleInfo.java:shutdownFollowerState(121)) - 42a5f925-1bc2-4f8a-8509-c5ae65e6fcde: shutdown 42a5f925-1bc2-4f8a-8509-c5ae65e6fcde@group-398FB7E0F3DC-FollowerState
2025-09-11 04:24:47,641 [42a5f925-1bc2-4f8a-8509-c5ae65e6fcde@group-398FB7E0F3DC-FollowerState] INFO  server.RaftServer$Division (RaftServerImpl.java:setRole(392)) - 42a5f925-1bc2-4f8a-8509-c5ae65e6fcde@group-398FB7E0F3DC: changes role from  FOLLOWER to CANDIDATE at term 0 for changeToCandidate
2025-09-11 04:24:47,641 [42a5f925-1bc2-4f8a-8509-c5ae65e6fcde@group-398FB7E0F3DC-FollowerState] INFO  impl.RoleInfo (RoleInfo.java:updateAndGet(148)) - 42a5f925-1bc2-4f8a-8509-c5ae65e6fcde: start 42a5f925-1bc2-4f8a-8509-c5ae65e6fcde@group-398FB7E0F3DC-LeaderElection4
2025-09-11 04:24:47,641 [42a5f925-1bc2-4f8a-8509-c5ae65e6fcde@group-398FB7E0F3DC-LeaderElection4] INFO  impl.LeaderElection (LeaderElection.java:askForVotes(448)) - 42a5f925-1bc2-4f8a-8509-c5ae65e6fcde@group-398FB7E0F3DC-LeaderElection4 PRE_VOTE round 0: submit vote requests at term 0 for conf: {index: -1, cur=peers:[42a5f925-1bc2-4f8a-8509-c5ae65e6fcde|127.0.0.1:15017, 86475e3c-5cf0-45b3-a002-22fb0eea734c|127.0.0.1:15033, d5ad88c2-6e7a-4660-bab6-a4e8807a575e|127.0.0.1:15025]|listeners:[], old=null}
2025-09-11 04:24:47,644 [42a5f925-1bc2-4f8a-8509-c5ae65e6fcde@group-398FB7E0F3DC-LeaderElection4-1] INFO  server.GrpcServerProtocolClient (GrpcServerProtocolClient.java:<init>(65)) - Build channel for 86475e3c-5cf0-45b3-a002-22fb0eea734c|127.0.0.1:15033
2025-09-11 04:24:47,644 [42a5f925-1bc2-4f8a-8509-c5ae65e6fcde@group-398FB7E0F3DC-LeaderElection4-2] INFO  server.GrpcServerProtocolClient (GrpcServerProtocolClient.java:<init>(65)) - Build channel for d5ad88c2-6e7a-4660-bab6-a4e8807a575e|127.0.0.1:15025
2025-09-11 04:24:47,650 [grpc-default-executor-1] INFO  server.RaftServer$Division (RaftServerImpl.java:requestVote(1421)) - 86475e3c-5cf0-45b3-a002-22fb0eea734c@group-398FB7E0F3DC: receive requestVote(PRE_VOTE, 42a5f925-1bc2-4f8a-8509-c5ae65e6fcde, group-398FB7E0F3DC, 0, <PROTO_DEFAULT>)
2025-09-11 04:24:47,652 [grpc-default-executor-1] INFO  impl.VoteContext (VoteContext.java:log(49)) - 86475e3c-5cf0-45b3-a002-22fb0eea734c@group-398FB7E0F3DC-FOLLOWER: reject PRE_VOTE from 42a5f925-1bc2-4f8a-8509-c5ae65e6fcde: our priority 1 > candidate's priority 0
2025-09-11 04:24:47,652 [grpc-default-executor-0] INFO  server.RaftServer$Division (RaftServerImpl.java:requestVote(1421)) - d5ad88c2-6e7a-4660-bab6-a4e8807a575e@group-398FB7E0F3DC: receive requestVote(PRE_VOTE, 42a5f925-1bc2-4f8a-8509-c5ae65e6fcde, group-398FB7E0F3DC, 0, <PROTO_DEFAULT>)
2025-09-11 04:24:47,652 [grpc-default-executor-0] INFO  impl.VoteContext (VoteContext.java:log(49)) - d5ad88c2-6e7a-4660-bab6-a4e8807a575e@group-398FB7E0F3DC-FOLLOWER: accept PRE_VOTE from 42a5f925-1bc2-4f8a-8509-c5ae65e6fcde: our priority 0 <= candidate's priority 0
2025-09-11 04:24:47,654 [grpc-default-executor-0] INFO  server.RaftServer$Division (RaftServerImpl.java:requestVote(1455)) - d5ad88c2-6e7a-4660-bab6-a4e8807a575e@group-398FB7E0F3DC replies to PRE_VOTE vote request: 42a5f925-1bc2-4f8a-8509-c5ae65e6fcde<-d5ad88c2-6e7a-4660-bab6-a4e8807a575e#0:OK-t0-last:<INITIAL_VALUE>. Peer's state: d5ad88c2-6e7a-4660-bab6-a4e8807a575e@group-398FB7E0F3DC:t0, leader=null, voted=, raftlog=Memoized:d5ad88c2-6e7a-4660-bab6-a4e8807a575e@group-398FB7E0F3DC-SegmentedRaftLog:OPENED:c-1:lastnull, conf=conf: {index: -1, cur=peers:[42a5f925-1bc2-4f8a-8509-c5ae65e6fcde|127.0.0.1:15017, 86475e3c-5cf0-45b3-a002-22fb0eea734c|127.0.0.1:15033, d5ad88c2-6e7a-4660-bab6-a4e8807a575e|127.0.0.1:15025]|listeners:[], old=null}
2025-09-11 04:24:47,654 [grpc-default-executor-1] INFO  server.RaftServer$Division (RaftServerImpl.java:requestVote(1455)) - 86475e3c-5cf0-45b3-a002-22fb0eea734c@group-398FB7E0F3DC replies to PRE_VOTE vote request: 42a5f925-1bc2-4f8a-8509-c5ae65e6fcde<-86475e3c-5cf0-45b3-a002-22fb0eea734c#0:FAIL-t0-last:<INITIAL_VALUE>. Peer's state: 86475e3c-5cf0-45b3-a002-22fb0eea734c@group-398FB7E0F3DC:t0, leader=null, voted=, raftlog=Memoized:86475e3c-5cf0-45b3-a002-22fb0eea734c@group-398FB7E0F3DC-SegmentedRaftLog:OPENED:c-1:lastnull, conf=conf: {index: -1, cur=peers:[42a5f925-1bc2-4f8a-8509-c5ae65e6fcde|127.0.0.1:15017, 86475e3c-5cf0-45b3-a002-22fb0eea734c|127.0.0.1:15033, d5ad88c2-6e7a-4660-bab6-a4e8807a575e|127.0.0.1:15025]|listeners:[], old=null}
2025-09-11 04:24:47,656 [42a5f925-1bc2-4f8a-8509-c5ae65e6fcde@group-398FB7E0F3DC-LeaderElection4] INFO  impl.LeaderElection (LeaderElection.java:logAndReturn(206)) - 42a5f925-1bc2-4f8a-8509-c5ae65e6fcde@group-398FB7E0F3DC-LeaderElection4: PRE_VOTE REJECTED received 1 response(s) and 0 exception(s):
2025-09-11 04:24:47,656 [42a5f925-1bc2-4f8a-8509-c5ae65e6fcde@group-398FB7E0F3DC-LeaderElection4] INFO  impl.LeaderElection (LeaderElection.java:logAndReturn(210)) -   Response 0: 42a5f925-1bc2-4f8a-8509-c5ae65e6fcde<-86475e3c-5cf0-45b3-a002-22fb0eea734c#0:FAIL-t0-last:<INITIAL_VALUE>
2025-09-11 04:24:47,656 [42a5f925-1bc2-4f8a-8509-c5ae65e6fcde@group-398FB7E0F3DC-LeaderElection4] INFO  impl.LeaderElection (LeaderElection.java:askForVotes(450)) - 42a5f925-1bc2-4f8a-8509-c5ae65e6fcde@group-398FB7E0F3DC-LeaderElection4 PRE_VOTE round 0: result REJECTED
2025-09-11 04:24:47,656 [42a5f925-1bc2-4f8a-8509-c5ae65e6fcde@group-398FB7E0F3DC-LeaderElection4] INFO  server.RaftServer$Division (RaftServerImpl.java:setRole(392)) - 42a5f925-1bc2-4f8a-8509-c5ae65e6fcde@group-398FB7E0F3DC: changes role from CANDIDATE to FOLLOWER at term 0 for REJECTED
2025-09-11 04:24:47,656 [42a5f925-1bc2-4f8a-8509-c5ae65e6fcde@group-398FB7E0F3DC-LeaderElection4] INFO  impl.RoleInfo (RoleInfo.java:shutdownLeaderElection(141)) - 42a5f925-1bc2-4f8a-8509-c5ae65e6fcde: shutdown 42a5f925-1bc2-4f8a-8509-c5ae65e6fcde@group-398FB7E0F3DC-LeaderElection4
2025-09-11 04:24:47,657 [42a5f925-1bc2-4f8a-8509-c5ae65e6fcde@group-398FB7E0F3DC-LeaderElection4] INFO  impl.RoleInfo (RoleInfo.java:updateAndGet(148)) - 42a5f925-1bc2-4f8a-8509-c5ae65e6fcde: start 42a5f925-1bc2-4f8a-8509-c5ae65e6fcde@group-398FB7E0F3DC-FollowerState
2025-09-11 04:24:47,657 [42a5f925-1bc2-4f8a-8509-c5ae65e6fcde@group-398FB7E0F3DC-LeaderElection4] INFO  server.RaftServer$Division (RaftServerImpl.java:setFirstElection(576)) - 42a5f925-1bc2-4f8a-8509-c5ae65e6fcde@group-398FB7E0F3DC: set firstElectionSinceStartup to false for REJECTED
2025-09-11 04:24:47,667 [42a5f925-1bc2-4f8a-8509-c5ae65e6fcde@group-EC04683B356A-FollowerState] INFO  impl.FollowerState (FollowerState.java:runImpl(161)) - 42a5f925-1bc2-4f8a-8509-c5ae65e6fcde@group-EC04683B356A-FollowerState: change to CANDIDATE, lastRpcElapsedTime:1168662282ns, electionTimeout:1167ms
2025-09-11 04:24:47,667 [42a5f925-1bc2-4f8a-8509-c5ae65e6fcde@group-EC04683B356A-FollowerState] INFO  impl.RoleInfo (RoleInfo.java:shutdownFollowerState(121)) - 42a5f925-1bc2-4f8a-8509-c5ae65e6fcde: shutdown 42a5f925-1bc2-4f8a-8509-c5ae65e6fcde@group-EC04683B356A-FollowerState
2025-09-11 04:24:47,667 [42a5f925-1bc2-4f8a-8509-c5ae65e6fcde@group-EC04683B356A-FollowerState] INFO  server.RaftServer$Division (RaftServerImpl.java:setRole(392)) - 42a5f925-1bc2-4f8a-8509-c5ae65e6fcde@group-EC04683B356A: changes role from  FOLLOWER to CANDIDATE at term 0 for changeToCandidate
2025-09-11 04:24:47,667 [42a5f925-1bc2-4f8a-8509-c5ae65e6fcde@group-EC04683B356A-FollowerState] INFO  impl.RoleInfo (RoleInfo.java:updateAndGet(148)) - 42a5f925-1bc2-4f8a-8509-c5ae65e6fcde: start 42a5f925-1bc2-4f8a-8509-c5ae65e6fcde@group-EC04683B356A-LeaderElection5
2025-09-11 04:24:47,667 [42a5f925-1bc2-4f8a-8509-c5ae65e6fcde@group-EC04683B356A-LeaderElection5] INFO  impl.LeaderElection (LeaderElection.java:askForVotes(448)) - 42a5f925-1bc2-4f8a-8509-c5ae65e6fcde@group-EC04683B356A-LeaderElection5 PRE_VOTE round 0: submit vote requests at term 0 for conf: {index: -1, cur=peers:[42a5f925-1bc2-4f8a-8509-c5ae65e6fcde|127.0.0.1:15017]|listeners:[], old=null}
2025-09-11 04:24:47,668 [42a5f925-1bc2-4f8a-8509-c5ae65e6fcde@group-EC04683B356A-LeaderElection5] INFO  impl.LeaderElection (LeaderElection.java:askForVotes(450)) - 42a5f925-1bc2-4f8a-8509-c5ae65e6fcde@group-EC04683B356A-LeaderElection5 PRE_VOTE round 0: result PASSED (term=0)
2025-09-11 04:24:47,669 [42a5f925-1bc2-4f8a-8509-c5ae65e6fcde@group-EC04683B356A-LeaderElection5] INFO  impl.LeaderElection (LeaderElection.java:askForVotes(448)) - 42a5f925-1bc2-4f8a-8509-c5ae65e6fcde@group-EC04683B356A-LeaderElection5 ELECTION round 0: submit vote requests at term 1 for conf: {index: -1, cur=peers:[42a5f925-1bc2-4f8a-8509-c5ae65e6fcde|127.0.0.1:15017]|listeners:[], old=null}
2025-09-11 04:24:47,669 [42a5f925-1bc2-4f8a-8509-c5ae65e6fcde@group-EC04683B356A-LeaderElection5] INFO  impl.LeaderElection (LeaderElection.java:askForVotes(450)) - 42a5f925-1bc2-4f8a-8509-c5ae65e6fcde@group-EC04683B356A-LeaderElection5 ELECTION round 0: result PASSED (term=1)
2025-09-11 04:24:47,669 [42a5f925-1bc2-4f8a-8509-c5ae65e6fcde@group-EC04683B356A-LeaderElection5] INFO  impl.RoleInfo (RoleInfo.java:shutdownLeaderElection(141)) - 42a5f925-1bc2-4f8a-8509-c5ae65e6fcde: shutdown 42a5f925-1bc2-4f8a-8509-c5ae65e6fcde@group-EC04683B356A-LeaderElection5
2025-09-11 04:24:47,669 [42a5f925-1bc2-4f8a-8509-c5ae65e6fcde@group-EC04683B356A-LeaderElection5] INFO  server.RaftServer$Division (RaftServerImpl.java:setRole(392)) - 42a5f925-1bc2-4f8a-8509-c5ae65e6fcde@group-EC04683B356A: changes role from CANDIDATE to LEADER at term 1 for changeToLeader
2025-09-11 04:24:47,669 [42a5f925-1bc2-4f8a-8509-c5ae65e6fcde@group-EC04683B356A-LeaderElection5] INFO  server.RaftServerConfigKeys (ConfUtils.java:logFallback(69)) - raft.server.staging.timeout = 15600ms (fallback to raft.server.rpc.timeout.max)
2025-09-11 04:24:47,669 [42a5f925-1bc2-4f8a-8509-c5ae65e6fcde@group-EC04683B356A-LeaderElection5] INFO  server.RaftServerConfigKeys (ConfUtils.java:logGet(62)) - raft.server.write.element-limit = 1024 (custom)
2025-09-11 04:24:47,669 [42a5f925-1bc2-4f8a-8509-c5ae65e6fcde@group-EC04683B356A-LeaderElection5] INFO  server.RaftServerConfigKeys (ConfUtils.java:logGet(62)) - raft.server.write.byte-limit = 1024 M (=1073741824) (custom)
2025-09-11 04:24:47,670 [42a5f925-1bc2-4f8a-8509-c5ae65e6fcde@group-EC04683B356A-LeaderElection5] INFO  server.RaftServerConfigKeys (ConfUtils.java:logGet(62)) - raft.server.watch.timeout = 30s (custom)
2025-09-11 04:24:47,670 [42a5f925-1bc2-4f8a-8509-c5ae65e6fcde@group-EC04683B356A-LeaderElection5] INFO  server.RaftServerConfigKeys (ConfUtils.java:logGet(62)) - raft.server.log.log-metadata.enabled = true (default)
2025-09-11 04:24:47,671 [42a5f925-1bc2-4f8a-8509-c5ae65e6fcde@group-EC04683B356A-LeaderElection5] INFO  impl.RoleInfo (RoleInfo.java:updateAndGet(148)) - 42a5f925-1bc2-4f8a-8509-c5ae65e6fcde: start 42a5f925-1bc2-4f8a-8509-c5ae65e6fcde@group-EC04683B356A-LeaderStateImpl
2025-09-11 04:24:47,671 [42a5f925-1bc2-4f8a-8509-c5ae65e6fcde@group-EC04683B356A-LeaderElection5] INFO  server.RaftServer$Division (RaftServerImpl.java:setFirstElection(576)) - 42a5f925-1bc2-4f8a-8509-c5ae65e6fcde@group-EC04683B356A: set firstElectionSinceStartup to false for becomeLeader
2025-09-11 04:24:47,671 [42a5f925-1bc2-4f8a-8509-c5ae65e6fcde@group-EC04683B356A-LeaderElection5] INFO  ratis.XceiverServerRatis (XceiverServerRatis.java:handleLeaderChangedNotification(947)) - Leader change notification received for group: group-EC04683B356A with new leaderId: 42a5f925-1bc2-4f8a-8509-c5ae65e6fcde
2025-09-11 04:24:47,671 [42a5f925-1bc2-4f8a-8509-c5ae65e6fcde@group-EC04683B356A-LeaderElection5] INFO  server.RaftServer$Division (ServerState.java:setLeader(272)) - 42a5f925-1bc2-4f8a-8509-c5ae65e6fcde@group-EC04683B356A: change Leader from null to 42a5f925-1bc2-4f8a-8509-c5ae65e6fcde at term 1 for becomeLeader, leader elected after 1196ms
2025-09-11 04:24:47,671 [42a5f925-1bc2-4f8a-8509-c5ae65e6fcde@group-EC04683B356A-LeaderElection5] INFO  segmented.SegmentedRaftLogWorker (SegmentedRaftLogWorker.java:startLogSegment(440)) - 42a5f925-1bc2-4f8a-8509-c5ae65e6fcde@group-EC04683B356A-SegmentedRaftLogWorker: Starting segment from index:0
2025-09-11 04:24:47,672 [42a5f925-1bc2-4f8a-8509-c5ae65e6fcde@group-EC04683B356A-LeaderElection5] INFO  server.RaftServer$Division (ServerState.java:setRaftConf(386)) - 42a5f925-1bc2-4f8a-8509-c5ae65e6fcde@group-EC04683B356A: set configuration conf: {index: 0, cur=peers:[42a5f925-1bc2-4f8a-8509-c5ae65e6fcde|127.0.0.1:15017]|listeners:[], old=null}
2025-09-11 04:24:47,672 [42a5f925-1bc2-4f8a-8509-c5ae65e6fcde@group-EC04683B356A-SegmentedRaftLogWorker] INFO  segmented.BufferedWriteChannel (BufferedWriteChannel.java:open(61)) - open log_inprogress_0 at position 0
2025-09-11 04:24:47,675 [EventQueue-PipelineReportForOneReplicaPipelineSafeModeRule] INFO  safemode.SCMSafeModeManager (SCMSafeModeManager.java:validateSafeModeExitRules(138)) - AtleastOneDatanodeReportedRule rule is successfully validated
2025-09-11 04:24:47,675 [Recon-EventQueue-PipelineReportForReconPipelineReportHandler] INFO  scm.ReconPipelineReportHandler (ReconPipelineReportHandler.java:processPipelineReport(102)) - Pipeline RATIS/THREE Pipeline-31d5dcaa-0410-4b69-a9b4-398fb7e0f3dc reported by 42a5f925-1bc2-4f8a-8509-c5ae65e6fcde(localhost/127.0.0.1)
2025-09-11 04:24:47,678 [42a5f925-1bc2-4f8a-8509-c5ae65e6fcde@group-EC04683B356A-SegmentedRaftLogWorker] INFO  segmented.SegmentedRaftLogWorker (SegmentedRaftLogWorker.java:execute(647)) - 42a5f925-1bc2-4f8a-8509-c5ae65e6fcde@group-EC04683B356A-SegmentedRaftLogWorker: created new log segment /home/runner/work/ozone/ozone/hadoop-ozone/integration-test-recon/target/test-dir/MiniOzoneClusterImpl-e405f726-f354-48a5-b90a-334fe627f997/ozone-metadata/datanode-1/ratis/37ff7433-f176-4625-8a30-ec04683b356a/current/log_inprogress_0
2025-09-11 04:24:47,680 [42a5f925-1bc2-4f8a-8509-c5ae65e6fcde@group-EC04683B356A-StateMachineUpdater] INFO  server.RaftServer$Division (LeaderStateImpl.java:checkStartIndex(309)) - Leader 42a5f925-1bc2-4f8a-8509-c5ae65e6fcde@group-EC04683B356A-LeaderStateImpl is ready since appliedIndex == startIndex == 0
2025-09-11 04:24:47,744 [EventQueue-PipelineReportForOneReplicaPipelineSafeModeRule] INFO  safemode.SCMSafeModeManager (SCMSafeModeManager.java:validateSafeModeExitRules(138)) - AtleastOneDatanodeReportedRule rule is successfully validated
2025-09-11 04:24:47,745 [Recon-EventQueue-PipelineReportForReconPipelineReportHandler] INFO  scm.ReconPipelineReportHandler (ReconPipelineReportHandler.java:processPipelineReport(102)) - Pipeline RATIS/THREE Pipeline-31d5dcaa-0410-4b69-a9b4-398fb7e0f3dc reported by d5ad88c2-6e7a-4660-bab6-a4e8807a575e(localhost/127.0.0.1)
2025-09-11 04:24:47,784 [d5ad88c2-6e7a-4660-bab6-a4e8807a575e@group-4D151320670C-FollowerState] INFO  impl.FollowerState (FollowerState.java:runImpl(161)) - d5ad88c2-6e7a-4660-bab6-a4e8807a575e@group-4D151320670C-FollowerState: change to CANDIDATE, lastRpcElapsedTime:1054834404ns, electionTimeout:1054ms
2025-09-11 04:24:47,784 [d5ad88c2-6e7a-4660-bab6-a4e8807a575e@group-4D151320670C-FollowerState] INFO  impl.RoleInfo (RoleInfo.java:shutdownFollowerState(121)) - d5ad88c2-6e7a-4660-bab6-a4e8807a575e: shutdown d5ad88c2-6e7a-4660-bab6-a4e8807a575e@group-4D151320670C-FollowerState
2025-09-11 04:24:47,784 [d5ad88c2-6e7a-4660-bab6-a4e8807a575e@group-4D151320670C-FollowerState] INFO  server.RaftServer$Division (RaftServerImpl.java:setRole(392)) - d5ad88c2-6e7a-4660-bab6-a4e8807a575e@group-4D151320670C: changes role from  FOLLOWER to CANDIDATE at term 0 for changeToCandidate
2025-09-11 04:24:47,785 [d5ad88c2-6e7a-4660-bab6-a4e8807a575e@group-4D151320670C-FollowerState] INFO  impl.RoleInfo (RoleInfo.java:updateAndGet(148)) - d5ad88c2-6e7a-4660-bab6-a4e8807a575e: start d5ad88c2-6e7a-4660-bab6-a4e8807a575e@group-4D151320670C-LeaderElection6
2025-09-11 04:24:47,785 [d5ad88c2-6e7a-4660-bab6-a4e8807a575e@group-4D151320670C-LeaderElection6] INFO  impl.LeaderElection (LeaderElection.java:askForVotes(448)) - d5ad88c2-6e7a-4660-bab6-a4e8807a575e@group-4D151320670C-LeaderElection6 PRE_VOTE round 0: submit vote requests at term 0 for conf: {index: -1, cur=peers:[d5ad88c2-6e7a-4660-bab6-a4e8807a575e|127.0.0.1:15025]|listeners:[], old=null}
2025-09-11 04:24:47,785 [d5ad88c2-6e7a-4660-bab6-a4e8807a575e@group-4D151320670C-LeaderElection6] INFO  impl.LeaderElection (LeaderElection.java:askForVotes(450)) - d5ad88c2-6e7a-4660-bab6-a4e8807a575e@group-4D151320670C-LeaderElection6 PRE_VOTE round 0: result PASSED (term=0)
2025-09-11 04:24:47,786 [d5ad88c2-6e7a-4660-bab6-a4e8807a575e@group-4D151320670C-LeaderElection6] INFO  impl.LeaderElection (LeaderElection.java:askForVotes(448)) - d5ad88c2-6e7a-4660-bab6-a4e8807a575e@group-4D151320670C-LeaderElection6 ELECTION round 0: submit vote requests at term 1 for conf: {index: -1, cur=peers:[d5ad88c2-6e7a-4660-bab6-a4e8807a575e|127.0.0.1:15025]|listeners:[], old=null}
2025-09-11 04:24:47,786 [d5ad88c2-6e7a-4660-bab6-a4e8807a575e@group-4D151320670C-LeaderElection6] INFO  impl.LeaderElection (LeaderElection.java:askForVotes(450)) - d5ad88c2-6e7a-4660-bab6-a4e8807a575e@group-4D151320670C-LeaderElection6 ELECTION round 0: result PASSED (term=1)
2025-09-11 04:24:47,786 [d5ad88c2-6e7a-4660-bab6-a4e8807a575e@group-4D151320670C-LeaderElection6] INFO  impl.RoleInfo (RoleInfo.java:shutdownLeaderElection(141)) - d5ad88c2-6e7a-4660-bab6-a4e8807a575e: shutdown d5ad88c2-6e7a-4660-bab6-a4e8807a575e@group-4D151320670C-LeaderElection6
2025-09-11 04:24:47,786 [d5ad88c2-6e7a-4660-bab6-a4e8807a575e@group-4D151320670C-LeaderElection6] INFO  server.RaftServer$Division (RaftServerImpl.java:setRole(392)) - d5ad88c2-6e7a-4660-bab6-a4e8807a575e@group-4D151320670C: changes role from CANDIDATE to LEADER at term 1 for changeToLeader
2025-09-11 04:24:47,786 [d5ad88c2-6e7a-4660-bab6-a4e8807a575e@group-4D151320670C-LeaderElection6] INFO  server.RaftServerConfigKeys (ConfUtils.java:logFallback(69)) - raft.server.staging.timeout = 15600ms (fallback to raft.server.rpc.timeout.max)
2025-09-11 04:24:47,787 [d5ad88c2-6e7a-4660-bab6-a4e8807a575e@group-4D151320670C-LeaderElection6] INFO  server.RaftServerConfigKeys (ConfUtils.java:logGet(62)) - raft.server.write.byte-limit = 1024 M (=1073741824) (custom)
2025-09-11 04:24:47,788 [d5ad88c2-6e7a-4660-bab6-a4e8807a575e@group-4D151320670C-LeaderElection6] INFO  impl.RoleInfo (RoleInfo.java:updateAndGet(148)) - d5ad88c2-6e7a-4660-bab6-a4e8807a575e: start d5ad88c2-6e7a-4660-bab6-a4e8807a575e@group-4D151320670C-LeaderStateImpl
2025-09-11 04:24:47,788 [d5ad88c2-6e7a-4660-bab6-a4e8807a575e@group-4D151320670C-LeaderElection6] INFO  server.RaftServer$Division (RaftServerImpl.java:setFirstElection(576)) - d5ad88c2-6e7a-4660-bab6-a4e8807a575e@group-4D151320670C: set firstElectionSinceStartup to false for becomeLeader
2025-09-11 04:24:47,788 [d5ad88c2-6e7a-4660-bab6-a4e8807a575e@group-4D151320670C-LeaderElection6] INFO  ratis.XceiverServerRatis (XceiverServerRatis.java:handleLeaderChangedNotification(947)) - Leader change notification received for group: group-4D151320670C with new leaderId: d5ad88c2-6e7a-4660-bab6-a4e8807a575e
2025-09-11 04:24:47,788 [d5ad88c2-6e7a-4660-bab6-a4e8807a575e@group-4D151320670C-LeaderElection6] INFO  server.RaftServer$Division (ServerState.java:setLeader(272)) - d5ad88c2-6e7a-4660-bab6-a4e8807a575e@group-4D151320670C: change Leader from null to d5ad88c2-6e7a-4660-bab6-a4e8807a575e at term 1 for becomeLeader, leader elected after 1090ms
2025-09-11 04:24:47,788 [d5ad88c2-6e7a-4660-bab6-a4e8807a575e@group-4D151320670C-LeaderElection6] INFO  segmented.SegmentedRaftLogWorker (SegmentedRaftLogWorker.java:startLogSegment(440)) - d5ad88c2-6e7a-4660-bab6-a4e8807a575e@group-4D151320670C-SegmentedRaftLogWorker: Starting segment from index:0
2025-09-11 04:24:47,788 [d5ad88c2-6e7a-4660-bab6-a4e8807a575e@group-4D151320670C-LeaderElection6] INFO  server.RaftServer$Division (ServerState.java:setRaftConf(386)) - d5ad88c2-6e7a-4660-bab6-a4e8807a575e@group-4D151320670C: set configuration conf: {index: 0, cur=peers:[d5ad88c2-6e7a-4660-bab6-a4e8807a575e|127.0.0.1:15025]|listeners:[], old=null}
2025-09-11 04:24:47,789 [d5ad88c2-6e7a-4660-bab6-a4e8807a575e@group-4D151320670C-SegmentedRaftLogWorker] INFO  segmented.BufferedWriteChannel (BufferedWriteChannel.java:open(61)) - open log_inprogress_0 at position 0
2025-09-11 04:24:47,790 [EventQueue-PipelineReportForOneReplicaPipelineSafeModeRule] INFO  safemode.SCMSafeModeManager (SCMSafeModeManager.java:validateSafeModeExitRules(138)) - AtleastOneDatanodeReportedRule rule is successfully validated
2025-09-11 04:24:47,791 [Recon-EventQueue-PipelineReportForReconPipelineReportHandler] INFO  scm.ReconPipelineReportHandler (ReconPipelineReportHandler.java:processPipelineReport(102)) - Pipeline RATIS/THREE Pipeline-31d5dcaa-0410-4b69-a9b4-398fb7e0f3dc reported by d5ad88c2-6e7a-4660-bab6-a4e8807a575e(localhost/127.0.0.1)
2025-09-11 04:24:47,795 [d5ad88c2-6e7a-4660-bab6-a4e8807a575e@group-4D151320670C-SegmentedRaftLogWorker] INFO  segmented.SegmentedRaftLogWorker (SegmentedRaftLogWorker.java:execute(647)) - d5ad88c2-6e7a-4660-bab6-a4e8807a575e@group-4D151320670C-SegmentedRaftLogWorker: created new log segment /home/runner/work/ozone/ozone/hadoop-ozone/integration-test-recon/target/test-dir/MiniOzoneClusterImpl-e405f726-f354-48a5-b90a-334fe627f997/ozone-metadata/datanode-2/ratis/4257d8e5-b9ee-4372-8ca5-4d151320670c/current/log_inprogress_0
2025-09-11 04:24:47,796 [d5ad88c2-6e7a-4660-bab6-a4e8807a575e@group-4D151320670C-StateMachineUpdater] INFO  server.RaftServer$Division (LeaderStateImpl.java:checkStartIndex(309)) - Leader d5ad88c2-6e7a-4660-bab6-a4e8807a575e@group-4D151320670C-LeaderStateImpl is ready since appliedIndex == startIndex == 0
2025-09-11 04:24:47,917 [86475e3c-5cf0-45b3-a002-22fb0eea734c@group-398FB7E0F3DC-FollowerState] INFO  impl.FollowerState (FollowerState.java:runImpl(161)) - 86475e3c-5cf0-45b3-a002-22fb0eea734c@group-398FB7E0F3DC-FollowerState: change to CANDIDATE, lastRpcElapsedTime:1112430235ns, electionTimeout:1112ms
2025-09-11 04:24:47,918 [86475e3c-5cf0-45b3-a002-22fb0eea734c@group-398FB7E0F3DC-FollowerState] INFO  impl.RoleInfo (RoleInfo.java:shutdownFollowerState(121)) - 86475e3c-5cf0-45b3-a002-22fb0eea734c: shutdown 86475e3c-5cf0-45b3-a002-22fb0eea734c@group-398FB7E0F3DC-FollowerState
2025-09-11 04:24:47,918 [86475e3c-5cf0-45b3-a002-22fb0eea734c@group-398FB7E0F3DC-FollowerState] INFO  server.RaftServer$Division (RaftServerImpl.java:setRole(392)) - 86475e3c-5cf0-45b3-a002-22fb0eea734c@group-398FB7E0F3DC: changes role from  FOLLOWER to CANDIDATE at term 0 for changeToCandidate
2025-09-11 04:24:47,918 [86475e3c-5cf0-45b3-a002-22fb0eea734c@group-398FB7E0F3DC-FollowerState] INFO  impl.RoleInfo (RoleInfo.java:updateAndGet(148)) - 86475e3c-5cf0-45b3-a002-22fb0eea734c: start 86475e3c-5cf0-45b3-a002-22fb0eea734c@group-398FB7E0F3DC-LeaderElection7
2025-09-11 04:24:47,918 [86475e3c-5cf0-45b3-a002-22fb0eea734c@group-398FB7E0F3DC-LeaderElection7] INFO  impl.LeaderElection (LeaderElection.java:askForVotes(448)) - 86475e3c-5cf0-45b3-a002-22fb0eea734c@group-398FB7E0F3DC-LeaderElection7 PRE_VOTE round 0: submit vote requests at term 0 for conf: {index: -1, cur=peers:[42a5f925-1bc2-4f8a-8509-c5ae65e6fcde|127.0.0.1:15017, 86475e3c-5cf0-45b3-a002-22fb0eea734c|127.0.0.1:15033, d5ad88c2-6e7a-4660-bab6-a4e8807a575e|127.0.0.1:15025]|listeners:[], old=null}
2025-09-11 04:24:47,918 [86475e3c-5cf0-45b3-a002-22fb0eea734c@group-398FB7E0F3DC-LeaderElection7-1] INFO  server.GrpcServerProtocolClient (GrpcServerProtocolClient.java:<init>(65)) - Build channel for 42a5f925-1bc2-4f8a-8509-c5ae65e6fcde|127.0.0.1:15017
2025-09-11 04:24:47,919 [86475e3c-5cf0-45b3-a002-22fb0eea734c@group-398FB7E0F3DC-LeaderElection7-2] INFO  server.GrpcServerProtocolClient (GrpcServerProtocolClient.java:<init>(65)) - Build channel for d5ad88c2-6e7a-4660-bab6-a4e8807a575e|127.0.0.1:15025
2025-09-11 04:24:47,923 [grpc-default-executor-0] INFO  server.RaftServer$Division (RaftServerImpl.java:requestVote(1421)) - 42a5f925-1bc2-4f8a-8509-c5ae65e6fcde@group-398FB7E0F3DC: receive requestVote(PRE_VOTE, 86475e3c-5cf0-45b3-a002-22fb0eea734c, group-398FB7E0F3DC, 0, <PROTO_DEFAULT>)
2025-09-11 04:24:47,923 [grpc-default-executor-0] INFO  impl.VoteContext (VoteContext.java:log(49)) - 42a5f925-1bc2-4f8a-8509-c5ae65e6fcde@group-398FB7E0F3DC-FOLLOWER: accept PRE_VOTE from 86475e3c-5cf0-45b3-a002-22fb0eea734c: our priority 0 <= candidate's priority 1
2025-09-11 04:24:47,924 [grpc-default-executor-1] INFO  server.RaftServer$Division (RaftServerImpl.java:requestVote(1421)) - d5ad88c2-6e7a-4660-bab6-a4e8807a575e@group-398FB7E0F3DC: receive requestVote(PRE_VOTE, 86475e3c-5cf0-45b3-a002-22fb0eea734c, group-398FB7E0F3DC, 0, <PROTO_DEFAULT>)
2025-09-11 04:24:47,924 [grpc-default-executor-1] INFO  impl.VoteContext (VoteContext.java:log(49)) - d5ad88c2-6e7a-4660-bab6-a4e8807a575e@group-398FB7E0F3DC-FOLLOWER: accept PRE_VOTE from 86475e3c-5cf0-45b3-a002-22fb0eea734c: our priority 0 <= candidate's priority 1
2025-09-11 04:24:47,924 [grpc-default-executor-1] INFO  server.RaftServer$Division (RaftServerImpl.java:requestVote(1455)) - d5ad88c2-6e7a-4660-bab6-a4e8807a575e@group-398FB7E0F3DC replies to PRE_VOTE vote request: 86475e3c-5cf0-45b3-a002-22fb0eea734c<-d5ad88c2-6e7a-4660-bab6-a4e8807a575e#0:OK-t0-last:<INITIAL_VALUE>. Peer's state: d5ad88c2-6e7a-4660-bab6-a4e8807a575e@group-398FB7E0F3DC:t0, leader=null, voted=, raftlog=Memoized:d5ad88c2-6e7a-4660-bab6-a4e8807a575e@group-398FB7E0F3DC-SegmentedRaftLog:OPENED:c-1:lastnull, conf=conf: {index: -1, cur=peers:[42a5f925-1bc2-4f8a-8509-c5ae65e6fcde|127.0.0.1:15017, 86475e3c-5cf0-45b3-a002-22fb0eea734c|127.0.0.1:15033, d5ad88c2-6e7a-4660-bab6-a4e8807a575e|127.0.0.1:15025]|listeners:[], old=null}
2025-09-11 04:24:47,924 [grpc-default-executor-0] INFO  server.RaftServer$Division (RaftServerImpl.java:requestVote(1455)) - 42a5f925-1bc2-4f8a-8509-c5ae65e6fcde@group-398FB7E0F3DC replies to PRE_VOTE vote request: 86475e3c-5cf0-45b3-a002-22fb0eea734c<-42a5f925-1bc2-4f8a-8509-c5ae65e6fcde#0:OK-t0-last:<INITIAL_VALUE>. Peer's state: 42a5f925-1bc2-4f8a-8509-c5ae65e6fcde@group-398FB7E0F3DC:t0, leader=null, voted=, raftlog=Memoized:42a5f925-1bc2-4f8a-8509-c5ae65e6fcde@group-398FB7E0F3DC-SegmentedRaftLog:OPENED:c-1:lastnull, conf=conf: {index: -1, cur=peers:[42a5f925-1bc2-4f8a-8509-c5ae65e6fcde|127.0.0.1:15017, 86475e3c-5cf0-45b3-a002-22fb0eea734c|127.0.0.1:15033, d5ad88c2-6e7a-4660-bab6-a4e8807a575e|127.0.0.1:15025]|listeners:[], old=null}
2025-09-11 04:24:47,926 [86475e3c-5cf0-45b3-a002-22fb0eea734c@group-398FB7E0F3DC-LeaderElection7] INFO  impl.LeaderElection (LeaderElection.java:logAndReturn(206)) - 86475e3c-5cf0-45b3-a002-22fb0eea734c@group-398FB7E0F3DC-LeaderElection7: PRE_VOTE PASSED received 1 response(s) and 0 exception(s):
2025-09-11 04:24:47,926 [86475e3c-5cf0-45b3-a002-22fb0eea734c@group-398FB7E0F3DC-LeaderElection7] INFO  impl.LeaderElection (LeaderElection.java:logAndReturn(210)) -   Response 0: 86475e3c-5cf0-45b3-a002-22fb0eea734c<-d5ad88c2-6e7a-4660-bab6-a4e8807a575e#0:OK-t0-last:<INITIAL_VALUE>
2025-09-11 04:24:47,926 [86475e3c-5cf0-45b3-a002-22fb0eea734c@group-398FB7E0F3DC-LeaderElection7] INFO  impl.LeaderElection (LeaderElection.java:askForVotes(450)) - 86475e3c-5cf0-45b3-a002-22fb0eea734c@group-398FB7E0F3DC-LeaderElection7 PRE_VOTE round 0: result PASSED
2025-09-11 04:24:47,927 [86475e3c-5cf0-45b3-a002-22fb0eea734c@group-398FB7E0F3DC-LeaderElection7] INFO  impl.LeaderElection (LeaderElection.java:askForVotes(448)) - 86475e3c-5cf0-45b3-a002-22fb0eea734c@group-398FB7E0F3DC-LeaderElection7 ELECTION round 0: submit vote requests at term 1 for conf: {index: -1, cur=peers:[42a5f925-1bc2-4f8a-8509-c5ae65e6fcde|127.0.0.1:15017, 86475e3c-5cf0-45b3-a002-22fb0eea734c|127.0.0.1:15033, d5ad88c2-6e7a-4660-bab6-a4e8807a575e|127.0.0.1:15025]|listeners:[], old=null}
2025-09-11 04:24:47,930 [grpc-default-executor-1] INFO  server.RaftServer$Division (RaftServerImpl.java:requestVote(1421)) - d5ad88c2-6e7a-4660-bab6-a4e8807a575e@group-398FB7E0F3DC: receive requestVote(ELECTION, 86475e3c-5cf0-45b3-a002-22fb0eea734c, group-398FB7E0F3DC, 1, <PROTO_DEFAULT>)
2025-09-11 04:24:47,930 [grpc-default-executor-0] INFO  server.RaftServer$Division (RaftServerImpl.java:requestVote(1421)) - 42a5f925-1bc2-4f8a-8509-c5ae65e6fcde@group-398FB7E0F3DC: receive requestVote(ELECTION, 86475e3c-5cf0-45b3-a002-22fb0eea734c, group-398FB7E0F3DC, 1, <PROTO_DEFAULT>)
2025-09-11 04:24:47,930 [grpc-default-executor-0] INFO  impl.VoteContext (VoteContext.java:log(49)) - 42a5f925-1bc2-4f8a-8509-c5ae65e6fcde@group-398FB7E0F3DC-FOLLOWER: accept ELECTION from 86475e3c-5cf0-45b3-a002-22fb0eea734c: our priority 0 <= candidate's priority 1
2025-09-11 04:24:47,930 [grpc-default-executor-0] INFO  server.RaftServer$Division (RaftServerImpl.java:setRole(392)) - 42a5f925-1bc2-4f8a-8509-c5ae65e6fcde@group-398FB7E0F3DC: changes role from  FOLLOWER to FOLLOWER at term 0 for candidate:86475e3c-5cf0-45b3-a002-22fb0eea734c
2025-09-11 04:24:47,930 [grpc-default-executor-0] INFO  impl.RoleInfo (RoleInfo.java:shutdownFollowerState(121)) - 42a5f925-1bc2-4f8a-8509-c5ae65e6fcde: shutdown 42a5f925-1bc2-4f8a-8509-c5ae65e6fcde@group-398FB7E0F3DC-FollowerState
2025-09-11 04:24:47,930 [grpc-default-executor-0] INFO  impl.RoleInfo (RoleInfo.java:updateAndGet(148)) - 42a5f925-1bc2-4f8a-8509-c5ae65e6fcde: start 42a5f925-1bc2-4f8a-8509-c5ae65e6fcde@group-398FB7E0F3DC-FollowerState
2025-09-11 04:24:47,930 [grpc-default-executor-1] INFO  impl.VoteContext (VoteContext.java:log(49)) - d5ad88c2-6e7a-4660-bab6-a4e8807a575e@group-398FB7E0F3DC-FOLLOWER: accept ELECTION from 86475e3c-5cf0-45b3-a002-22fb0eea734c: our priority 0 <= candidate's priority 1
2025-09-11 04:24:47,931 [grpc-default-executor-1] INFO  server.RaftServer$Division (RaftServerImpl.java:setRole(392)) - d5ad88c2-6e7a-4660-bab6-a4e8807a575e@group-398FB7E0F3DC: changes role from  FOLLOWER to FOLLOWER at term 0 for candidate:86475e3c-5cf0-45b3-a002-22fb0eea734c
2025-09-11 04:24:47,931 [grpc-default-executor-1] INFO  impl.RoleInfo (RoleInfo.java:shutdownFollowerState(121)) - d5ad88c2-6e7a-4660-bab6-a4e8807a575e: shutdown d5ad88c2-6e7a-4660-bab6-a4e8807a575e@group-398FB7E0F3DC-FollowerState
2025-09-11 04:24:47,931 [grpc-default-executor-1] INFO  impl.RoleInfo (RoleInfo.java:updateAndGet(148)) - d5ad88c2-6e7a-4660-bab6-a4e8807a575e: start d5ad88c2-6e7a-4660-bab6-a4e8807a575e@group-398FB7E0F3DC-FollowerState
2025-09-11 04:24:47,931 [d5ad88c2-6e7a-4660-bab6-a4e8807a575e@group-398FB7E0F3DC-FollowerState] INFO  impl.FollowerState (FollowerState.java:runImpl(170)) - d5ad88c2-6e7a-4660-bab6-a4e8807a575e@group-398FB7E0F3DC-FollowerState was interrupted
2025-09-11 04:24:47,931 [grpc-default-executor-1] INFO  server.RaftServer$Division (RaftServerImpl.java:setFirstElection(576)) - d5ad88c2-6e7a-4660-bab6-a4e8807a575e@group-398FB7E0F3DC: set firstElectionSinceStartup to false for candidate:86475e3c-5cf0-45b3-a002-22fb0eea734c
2025-09-11 04:24:47,931 [42a5f925-1bc2-4f8a-8509-c5ae65e6fcde@group-398FB7E0F3DC-FollowerState] INFO  impl.FollowerState (FollowerState.java:runImpl(170)) - 42a5f925-1bc2-4f8a-8509-c5ae65e6fcde@group-398FB7E0F3DC-FollowerState was interrupted
2025-09-11 04:24:47,932 [grpc-default-executor-0] INFO  server.RaftServer$Division (RaftServerImpl.java:requestVote(1455)) - 42a5f925-1bc2-4f8a-8509-c5ae65e6fcde@group-398FB7E0F3DC replies to ELECTION vote request: 86475e3c-5cf0-45b3-a002-22fb0eea734c<-42a5f925-1bc2-4f8a-8509-c5ae65e6fcde#0:OK-t1-last:<INITIAL_VALUE>. Peer's state: 42a5f925-1bc2-4f8a-8509-c5ae65e6fcde@group-398FB7E0F3DC:t1, leader=null, voted=86475e3c-5cf0-45b3-a002-22fb0eea734c, raftlog=Memoized:42a5f925-1bc2-4f8a-8509-c5ae65e6fcde@group-398FB7E0F3DC-SegmentedRaftLog:OPENED:c-1:lastnull, conf=conf: {index: -1, cur=peers:[42a5f925-1bc2-4f8a-8509-c5ae65e6fcde|127.0.0.1:15017, 86475e3c-5cf0-45b3-a002-22fb0eea734c|127.0.0.1:15033, d5ad88c2-6e7a-4660-bab6-a4e8807a575e|127.0.0.1:15025]|listeners:[], old=null}
2025-09-11 04:24:47,932 [grpc-default-executor-1] INFO  server.RaftServer$Division (RaftServerImpl.java:requestVote(1455)) - d5ad88c2-6e7a-4660-bab6-a4e8807a575e@group-398FB7E0F3DC replies to ELECTION vote request: 86475e3c-5cf0-45b3-a002-22fb0eea734c<-d5ad88c2-6e7a-4660-bab6-a4e8807a575e#0:OK-t1-last:<INITIAL_VALUE>. Peer's state: d5ad88c2-6e7a-4660-bab6-a4e8807a575e@group-398FB7E0F3DC:t1, leader=null, voted=86475e3c-5cf0-45b3-a002-22fb0eea734c, raftlog=Memoized:d5ad88c2-6e7a-4660-bab6-a4e8807a575e@group-398FB7E0F3DC-SegmentedRaftLog:OPENED:c-1:lastnull, conf=conf: {index: -1, cur=peers:[42a5f925-1bc2-4f8a-8509-c5ae65e6fcde|127.0.0.1:15017, 86475e3c-5cf0-45b3-a002-22fb0eea734c|127.0.0.1:15033, d5ad88c2-6e7a-4660-bab6-a4e8807a575e|127.0.0.1:15025]|listeners:[], old=null}
2025-09-11 04:24:47,934 [86475e3c-5cf0-45b3-a002-22fb0eea734c@group-398FB7E0F3DC-LeaderElection7] INFO  impl.LeaderElection (LeaderElection.java:logAndReturn(206)) - 86475e3c-5cf0-45b3-a002-22fb0eea734c@group-398FB7E0F3DC-LeaderElection7: ELECTION PASSED received 1 response(s) and 0 exception(s):
2025-09-11 04:24:47,934 [86475e3c-5cf0-45b3-a002-22fb0eea734c@group-398FB7E0F3DC-LeaderElection7] INFO  impl.LeaderElection (LeaderElection.java:logAndReturn(210)) -   Response 0: 86475e3c-5cf0-45b3-a002-22fb0eea734c<-42a5f925-1bc2-4f8a-8509-c5ae65e6fcde#0:OK-t1-last:<INITIAL_VALUE>
2025-09-11 04:24:47,934 [86475e3c-5cf0-45b3-a002-22fb0eea734c@group-398FB7E0F3DC-LeaderElection7] INFO  impl.LeaderElection (LeaderElection.java:askForVotes(450)) - 86475e3c-5cf0-45b3-a002-22fb0eea734c@group-398FB7E0F3DC-LeaderElection7 ELECTION round 0: result PASSED
2025-09-11 04:24:47,935 [86475e3c-5cf0-45b3-a002-22fb0eea734c@group-398FB7E0F3DC-LeaderElection7] INFO  impl.RoleInfo (RoleInfo.java:shutdownLeaderElection(141)) - 86475e3c-5cf0-45b3-a002-22fb0eea734c: shutdown 86475e3c-5cf0-45b3-a002-22fb0eea734c@group-398FB7E0F3DC-LeaderElection7
2025-09-11 04:24:47,935 [86475e3c-5cf0-45b3-a002-22fb0eea734c@group-398FB7E0F3DC-LeaderElection7] INFO  server.RaftServer$Division (RaftServerImpl.java:setRole(392)) - 86475e3c-5cf0-45b3-a002-22fb0eea734c@group-398FB7E0F3DC: changes role from CANDIDATE to LEADER at term 1 for changeToLeader
2025-09-11 04:24:47,935 [86475e3c-5cf0-45b3-a002-22fb0eea734c@group-398FB7E0F3DC-LeaderElection7] INFO  server.RaftServerConfigKeys (ConfUtils.java:logFallback(69)) - raft.server.staging.timeout = 15600ms (fallback to raft.server.rpc.timeout.max)
2025-09-11 04:24:47,936 [86475e3c-5cf0-45b3-a002-22fb0eea734c@group-398FB7E0F3DC-LeaderElection7] INFO  server.RaftServerConfigKeys (ConfUtils.java:logGet(62)) - raft.server.write.byte-limit = 1024 M (=1073741824) (custom)
2025-09-11 04:24:47,942 [86475e3c-5cf0-45b3-a002-22fb0eea734c@group-398FB7E0F3DC-LeaderElection7] INFO  server.RaftServerConfigKeys (ConfUtils.java:logGet(62)) - raft.server.log.appender.snapshot.chunk.size.max = 16MB (=16777216) (default)
2025-09-11 04:24:47,943 [86475e3c-5cf0-45b3-a002-22fb0eea734c@group-398FB7E0F3DC-LeaderElection7] INFO  server.RaftServerConfigKeys (ConfUtils.java:logGet(62)) - raft.server.log.appender.buffer.byte-limit = 33554432 (custom)
2025-09-11 04:24:47,943 [86475e3c-5cf0-45b3-a002-22fb0eea734c@group-398FB7E0F3DC-LeaderElection7] INFO  server.RaftServerConfigKeys (ConfUtils.java:logGet(62)) - raft.server.log.appender.buffer.element-limit = 1024 (custom)
2025-09-11 04:24:47,944 [86475e3c-5cf0-45b3-a002-22fb0eea734c@group-398FB7E0F3DC-LeaderElection7] INFO  server.RaftServerConfigKeys (ConfUtils.java:logGet(62)) - raft.server.log.appender.wait-time.min = 0μs (custom)
2025-09-11 04:24:47,945 [86475e3c-5cf0-45b3-a002-22fb0eea734c@group-398FB7E0F3DC-LeaderElection7] INFO  grpc.GrpcConfigKeys (ConfUtils.java:logGet(62)) - raft.grpc.server.leader.outstanding.appends.max = 8 (default)
2025-09-11 04:24:47,945 [86475e3c-5cf0-45b3-a002-22fb0eea734c@group-398FB7E0F3DC-LeaderElection7] INFO  grpc.GrpcConfigKeys (ConfUtils.java:logGet(62)) - raft.grpc.server.install_snapshot.request.element-limit = 8 (default)
2025-09-11 04:24:47,945 [86475e3c-5cf0-45b3-a002-22fb0eea734c@group-398FB7E0F3DC-LeaderElection7] INFO  grpc.GrpcConfigKeys (ConfUtils.java:logGet(62)) - raft.grpc.server.install_snapshot.request.timeout = 3000ms (default)
2025-09-11 04:24:47,945 [86475e3c-5cf0-45b3-a002-22fb0eea734c@group-398FB7E0F3DC-LeaderElection7] INFO  grpc.GrpcConfigKeys (ConfUtils.java:logGet(62)) - raft.grpc.server.log-message.batch.duration = 5s (default)
2025-09-11 04:24:47,948 [86475e3c-5cf0-45b3-a002-22fb0eea734c@group-398FB7E0F3DC-LeaderElection7] INFO  server.RaftServerConfigKeys (ConfUtils.java:logGet(62)) - raft.server.log.appender.buffer.byte-limit = 33554432 (custom)
2025-09-11 04:24:47,948 [86475e3c-5cf0-45b3-a002-22fb0eea734c@group-398FB7E0F3DC-LeaderElection7] INFO  impl.RoleInfo (RoleInfo.java:updateAndGet(148)) - 86475e3c-5cf0-45b3-a002-22fb0eea734c: start 86475e3c-5cf0-45b3-a002-22fb0eea734c@group-398FB7E0F3DC-LeaderStateImpl
2025-09-11 04:24:47,948 [86475e3c-5cf0-45b3-a002-22fb0eea734c@group-398FB7E0F3DC-LeaderElection7] INFO  server.RaftServer$Division (RaftServerImpl.java:setFirstElection(576)) - 86475e3c-5cf0-45b3-a002-22fb0eea734c@group-398FB7E0F3DC: set firstElectionSinceStartup to false for becomeLeader
2025-09-11 04:24:47,949 [86475e3c-5cf0-45b3-a002-22fb0eea734c@group-398FB7E0F3DC-LeaderElection7] INFO  ratis.XceiverServerRatis (XceiverServerRatis.java:handleLeaderChangedNotification(947)) - Leader change notification received for group: group-398FB7E0F3DC with new leaderId: 86475e3c-5cf0-45b3-a002-22fb0eea734c
2025-09-11 04:24:47,949 [86475e3c-5cf0-45b3-a002-22fb0eea734c@group-398FB7E0F3DC-LeaderElection7] INFO  server.RaftServer$Division (ServerState.java:setLeader(272)) - 86475e3c-5cf0-45b3-a002-22fb0eea734c@group-398FB7E0F3DC: change Leader from null to 86475e3c-5cf0-45b3-a002-22fb0eea734c at term 1 for becomeLeader, leader elected after 1168ms
2025-09-11 04:24:47,950 [86475e3c-5cf0-45b3-a002-22fb0eea734c@group-398FB7E0F3DC-LeaderElection7] INFO  segmented.SegmentedRaftLogWorker (SegmentedRaftLogWorker.java:startLogSegment(440)) - 86475e3c-5cf0-45b3-a002-22fb0eea734c@group-398FB7E0F3DC-SegmentedRaftLogWorker: Starting segment from index:0
2025-09-11 04:24:47,950 [86475e3c-5cf0-45b3-a002-22fb0eea734c@group-398FB7E0F3DC-LeaderElection7] INFO  server.RaftServer$Division (ServerState.java:setRaftConf(386)) - 86475e3c-5cf0-45b3-a002-22fb0eea734c@group-398FB7E0F3DC: set configuration conf: {index: 0, cur=peers:[42a5f925-1bc2-4f8a-8509-c5ae65e6fcde|127.0.0.1:15017, 86475e3c-5cf0-45b3-a002-22fb0eea734c|127.0.0.1:15033, d5ad88c2-6e7a-4660-bab6-a4e8807a575e|127.0.0.1:15025]|listeners:[], old=null}
2025-09-11 04:24:47,950 [86475e3c-5cf0-45b3-a002-22fb0eea734c@group-398FB7E0F3DC-SegmentedRaftLogWorker] INFO  segmented.BufferedWriteChannel (BufferedWriteChannel.java:open(61)) - open log_inprogress_0 at position 0
2025-09-11 04:24:47,951 [Recon-EventQueue-PipelineReportForReconPipelineReportHandler] INFO  scm.ReconPipelineReportHandler (ReconPipelineReportHandler.java:processPipelineReport(102)) - Pipeline RATIS/THREE Pipeline-31d5dcaa-0410-4b69-a9b4-398fb7e0f3dc reported by 86475e3c-5cf0-45b3-a002-22fb0eea734c(localhost/127.0.0.1)
2025-09-11 04:24:47,951 [EventQueue-PipelineReportForOneReplicaPipelineSafeModeRule] INFO  safemode.SCMSafeModeManager (SCMSafeModeManager.java:validateSafeModeExitRules(138)) - AtleastOneDatanodeReportedRule rule is successfully validated
2025-09-11 04:24:47,956 [00aa5afb-d218-4771-abd7-db0247b9d23b@group-334FE627F997-StateMachineUpdater] INFO  safemode.SCMSafeModeManager (SCMSafeModeManager.java:validateSafeModeExitRules(138)) - DataNodeSafeModeRule rule is successfully validated
2025-09-11 04:24:47,956 [00aa5afb-d218-4771-abd7-db0247b9d23b@group-334FE627F997-StateMachineUpdater] INFO  safemode.SCMSafeModeManager (SCMSafeModeManager.java:validateSafeModeExitRules(138)) - RatisContainerSafeModeRule rule is successfully validated
2025-09-11 04:24:47,956 [00aa5afb-d218-4771-abd7-db0247b9d23b@group-334FE627F997-StateMachineUpdater] INFO  safemode.HealthyPipelineSafeModeRule (HealthyPipelineSafeModeRule.java:initializeRule(228)) - Refreshed total pipeline count is 1, healthy pipeline threshold count is 1
2025-09-11 04:24:47,956 [00aa5afb-d218-4771-abd7-db0247b9d23b@group-334FE627F997-StateMachineUpdater] INFO  safemode.SCMSafeModeManager (SCMSafeModeManager.java:validateSafeModeExitRules(138)) - ECContainerSafeModeRule rule is successfully validated
2025-09-11 04:24:47,956 [00aa5afb-d218-4771-abd7-db0247b9d23b@group-334FE627F997-StateMachineUpdater] INFO  safemode.SCMSafeModeManager (SCMSafeModeManager.java:validateSafeModeExitRules(138)) - AtleastOneDatanodeReportedRule rule is successfully validated
2025-09-11 04:24:47,957 [EventQueue-PipelineReportForPipelineReportHandler] INFO  pipeline.PipelineReportHandler (PipelineReportHandler.java:processPipelineReport(134)) - Opened pipeline Pipeline-31d5dcaa-0410-4b69-a9b4-398fb7e0f3dc
2025-09-11 04:24:47,957 [EventQueue-OpenPipelineForHealthyPipelineSafeModeRule] INFO  safemode.SCMSafeModeManager (HealthyPipelineSafeModeRule.java:process(196)) - SCM in safe mode. Healthy pipelines reported count is 1, required healthy pipeline reported count is 1
2025-09-11 04:24:47,958 [EventQueue-OpenPipelineForHealthyPipelineSafeModeRule] INFO  safemode.SCMSafeModeManager (SCMSafeModeManager.java:validateSafeModeExitRules(138)) - HealthyPipelineSafeModeRule rule is successfully validated
2025-09-11 04:24:47,958 [EventQueue-OpenPipelineForHealthyPipelineSafeModeRule] INFO  safemode.SCMSafeModeManager (SCMSafeModeManager.java:validateSafeModeExitRules(158)) - ScmSafeModeManager, all rules are successfully validated
2025-09-11 04:24:47,958 [EventQueue-OpenPipelineForHealthyPipelineSafeModeRule] INFO  safemode.SCMSafeModeManager (SCMSafeModeManager.java:validateSafeModeExitRules(159)) - SCM exiting safe mode.
2025-09-11 04:24:47,958 [EventQueue-OpenPipelineForHealthyPipelineSafeModeRule] INFO  ha.SCMContext (SCMContext.java:updateSafeModeStatus(224)) - Update SafeModeStatus from SafeModeStatus{safeModeStatus=true, preCheckPassed=true} to SafeModeStatus{safeModeStatus=false, preCheckPassed=true}.
2025-09-11 04:24:47,958 [EventQueue-OpenPipelineForHealthyPipelineSafeModeRule] INFO  BackgroundPipelineScrubber (BackgroundSCMService.java:notifyStatusChanged(78)) - Service BackgroundPipelineScrubber transitions to RUNNING.
2025-09-11 04:24:47,958 [EventQueue-OpenPipelineForHealthyPipelineSafeModeRule] INFO  ExpiredContainerReplicaOpScrubber (BackgroundSCMService.java:notifyStatusChanged(78)) - Service ExpiredContainerReplicaOpScrubber transitions to RUNNING.
2025-09-11 04:24:47,958 [EventQueue-OpenPipelineForHealthyPipelineSafeModeRule] INFO  block.SCMBlockDeletingService (SCMBlockDeletingService.java:notifyStatusChanged(265)) - notifyStatusChanged:RUNNING
2025-09-11 04:24:47,958 [EventQueue-OpenPipelineForHealthyPipelineSafeModeRule] INFO  replication.ReplicationManager (ReplicationManager.java:notifyStatusChanged(1389)) - Service ReplicationManager transitions to RUNNING.
2025-09-11 04:24:47,958 [EventQueue-OpenPipelineForHealthyPipelineSafeModeRule] WARN  balancer.ContainerBalancer (ContainerBalancer.java:shouldRun(136)) - Could not find persisted configuration for ContainerBalancer when checking if ContainerBalancer should run. ContainerBalancer should not run now.
2025-09-11 04:24:47,959 [EventQueue-OpenPipelineForHealthyPipelineSafeModeRule] INFO  SCMHATransactionMonitor (BackgroundSCMService.java:notifyStatusChanged(78)) - Service SCMHATransactionMonitor transitions to RUNNING.
2025-09-11 04:24:47,959 [86475e3c-5cf0-45b3-a002-22fb0eea734c@group-398FB7E0F3DC-SegmentedRaftLogWorker] INFO  segmented.SegmentedRaftLogWorker (SegmentedRaftLogWorker.java:execute(647)) - 86475e3c-5cf0-45b3-a002-22fb0eea734c@group-398FB7E0F3DC-SegmentedRaftLogWorker: created new log segment /home/runner/work/ozone/ozone/hadoop-ozone/integration-test-recon/target/test-dir/MiniOzoneClusterImpl-e405f726-f354-48a5-b90a-334fe627f997/ozone-metadata/datanode-3/ratis/31d5dcaa-0410-4b69-a9b4-398fb7e0f3dc/current/log_inprogress_0
2025-09-11 04:24:47,967 [grpc-default-executor-2] INFO  ratis.XceiverServerRatis (XceiverServerRatis.java:handleLeaderChangedNotification(947)) - Leader change notification received for group: group-398FB7E0F3DC with new leaderId: 86475e3c-5cf0-45b3-a002-22fb0eea734c
2025-09-11 04:24:47,967 [grpc-default-executor-2] INFO  server.RaftServer$Division (ServerState.java:setLeader(272)) - d5ad88c2-6e7a-4660-bab6-a4e8807a575e@group-398FB7E0F3DC: change Leader from null to 86475e3c-5cf0-45b3-a002-22fb0eea734c at term 1 for appendEntries, leader elected after 1232ms
2025-09-11 04:24:47,967 [grpc-default-executor-1] INFO  ratis.XceiverServerRatis (XceiverServerRatis.java:handleLeaderChangedNotification(947)) - Leader change notification received for group: group-398FB7E0F3DC with new leaderId: 86475e3c-5cf0-45b3-a002-22fb0eea734c
2025-09-11 04:24:47,967 [grpc-default-executor-1] INFO  server.RaftServer$Division (ServerState.java:setLeader(272)) - 42a5f925-1bc2-4f8a-8509-c5ae65e6fcde@group-398FB7E0F3DC: change Leader from null to 86475e3c-5cf0-45b3-a002-22fb0eea734c at term 1 for appendEntries, leader elected after 1460ms
2025-09-11 04:24:47,972 [grpc-default-executor-0] INFO  server.RaftServer$Division (ServerState.java:setRaftConf(386)) - 42a5f925-1bc2-4f8a-8509-c5ae65e6fcde@group-398FB7E0F3DC: set configuration conf: {index: 0, cur=peers:[42a5f925-1bc2-4f8a-8509-c5ae65e6fcde|127.0.0.1:15017, 86475e3c-5cf0-45b3-a002-22fb0eea734c|127.0.0.1:15033, d5ad88c2-6e7a-4660-bab6-a4e8807a575e|127.0.0.1:15025]|listeners:[], old=null}
2025-09-11 04:24:47,974 [grpc-default-executor-2] INFO  server.RaftServer$Division (ServerState.java:setRaftConf(386)) - d5ad88c2-6e7a-4660-bab6-a4e8807a575e@group-398FB7E0F3DC: set configuration conf: {index: 0, cur=peers:[42a5f925-1bc2-4f8a-8509-c5ae65e6fcde|127.0.0.1:15017, 86475e3c-5cf0-45b3-a002-22fb0eea734c|127.0.0.1:15033, d5ad88c2-6e7a-4660-bab6-a4e8807a575e|127.0.0.1:15025]|listeners:[], old=null}
2025-09-11 04:24:47,974 [grpc-default-executor-2] INFO  segmented.SegmentedRaftLogWorker (SegmentedRaftLogWorker.java:startLogSegment(440)) - d5ad88c2-6e7a-4660-bab6-a4e8807a575e@group-398FB7E0F3DC-SegmentedRaftLogWorker: Starting segment from index:0
2025-09-11 04:24:47,974 [grpc-default-executor-0] INFO  segmented.SegmentedRaftLogWorker (SegmentedRaftLogWorker.java:startLogSegment(440)) - 42a5f925-1bc2-4f8a-8509-c5ae65e6fcde@group-398FB7E0F3DC-SegmentedRaftLogWorker: Starting segment from index:0
2025-09-11 04:24:47,976 [42a5f925-1bc2-4f8a-8509-c5ae65e6fcde@group-398FB7E0F3DC-SegmentedRaftLogWorker] INFO  segmented.BufferedWriteChannel (BufferedWriteChannel.java:open(61)) - open log_inprogress_0 at position 0
2025-09-11 04:24:47,976 [d5ad88c2-6e7a-4660-bab6-a4e8807a575e@group-398FB7E0F3DC-SegmentedRaftLogWorker] INFO  segmented.BufferedWriteChannel (BufferedWriteChannel.java:open(61)) - open log_inprogress_0 at position 0
2025-09-11 04:24:47,983 [d5ad88c2-6e7a-4660-bab6-a4e8807a575e@group-398FB7E0F3DC-SegmentedRaftLogWorker] INFO  segmented.SegmentedRaftLogWorker (SegmentedRaftLogWorker.java:execute(647)) - d5ad88c2-6e7a-4660-bab6-a4e8807a575e@group-398FB7E0F3DC-SegmentedRaftLogWorker: created new log segment /home/runner/work/ozone/ozone/hadoop-ozone/integration-test-recon/target/test-dir/MiniOzoneClusterImpl-e405f726-f354-48a5-b90a-334fe627f997/ozone-metadata/datanode-2/ratis/31d5dcaa-0410-4b69-a9b4-398fb7e0f3dc/current/log_inprogress_0
2025-09-11 04:24:47,984 [42a5f925-1bc2-4f8a-8509-c5ae65e6fcde@group-398FB7E0F3DC-SegmentedRaftLogWorker] INFO  segmented.SegmentedRaftLogWorker (SegmentedRaftLogWorker.java:execute(647)) - 42a5f925-1bc2-4f8a-8509-c5ae65e6fcde@group-398FB7E0F3DC-SegmentedRaftLogWorker: created new log segment /home/runner/work/ozone/ozone/hadoop-ozone/integration-test-recon/target/test-dir/MiniOzoneClusterImpl-e405f726-f354-48a5-b90a-334fe627f997/ozone-metadata/datanode-1/ratis/31d5dcaa-0410-4b69-a9b4-398fb7e0f3dc/current/log_inprogress_0
2025-09-11 04:24:47,988 [86475e3c-5cf0-45b3-a002-22fb0eea734c@group-398FB7E0F3DC-StateMachineUpdater] INFO  server.RaftServer$Division (LeaderStateImpl.java:checkStartIndex(309)) - Leader 86475e3c-5cf0-45b3-a002-22fb0eea734c@group-398FB7E0F3DC-LeaderStateImpl is ready since appliedIndex == startIndex == 0
2025-09-11 04:24:48,105 [ForkJoinPool-1-worker-1] INFO  ozone.MiniOzoneClusterImpl (MiniOzoneClusterImpl.java:lambda$waitForClusterToBeReady$0(181)) - Nodes are ready. Got 5 of 5 DN Heartbeats.
2025-09-11 04:24:48,105 [ForkJoinPool-1-worker-1] INFO  ozone.MiniOzoneClusterImpl (MiniOzoneClusterImpl.java:lambda$waitForClusterToBeReady$0(184)) - Cluster exits safe mode
2025-09-11 04:24:48,105 [ForkJoinPool-1-worker-1] INFO  ozone.MiniOzoneClusterImpl (MiniOzoneClusterImpl.java:lambda$waitForClusterToBeReady$0(186)) - SCM became leader
2025-09-11 04:24:48,106 [ForkJoinPool-1-worker-1] WARN  conf.TimeDurationUtil (TimeDurationUtil.java:getDuration(58)) - No unit for hdds.scmclient.rpc.timeout(60000) assuming MILLISECONDS
2025-09-11 04:24:48,106 [ForkJoinPool-1-worker-1] WARN  conf.TimeDurationUtil (TimeDurationUtil.java:getDuration(58)) - No unit for hdds.scmclient.max.retry.timeout(6000) assuming MILLISECONDS
2025-09-11 04:24:48,107 [ForkJoinPool-1-worker-1] INFO  proxy.SCMContainerLocationFailoverProxyProvider (SCMFailoverProxyProviderBase.java:<init>(120)) - Created fail-over proxy for protocol StorageContainerLocationProtocolPB with 1 nodes: [nodeId=scmNodeId,nodeAddress=/0.0.0.0:15002]
2025-09-11 04:24:48,110 [ForkJoinPool-1-worker-1] WARN  conf.TimeDurationUtil (TimeDurationUtil.java:getDuration(58)) - No unit for hdds.scmclient.rpc.timeout(60000) assuming MILLISECONDS
2025-09-11 04:24:48,110 [ForkJoinPool-1-worker-1] WARN  conf.TimeDurationUtil (TimeDurationUtil.java:getDuration(58)) - No unit for hdds.scmclient.max.retry.timeout(6000) assuming MILLISECONDS
2025-09-11 04:24:48,111 [ForkJoinPool-1-worker-1] INFO  proxy.SecretKeyProtocolFailoverProxyProvider (SCMFailoverProxyProviderBase.java:<init>(120)) - Created fail-over proxy for protocol SecretKeyProtocolScmPB with 1 nodes: [nodeId=scmNodeId,nodeAddress=/0.0.0.0:9961]
2025-09-11 04:24:48,207 [86475e3c-5cf0-45b3-a002-22fb0eea734c@group-89F97EC95128-FollowerState] INFO  impl.FollowerState (FollowerState.java:runImpl(161)) - 86475e3c-5cf0-45b3-a002-22fb0eea734c@group-89F97EC95128-FollowerState: change to CANDIDATE, lastRpcElapsedTime:1197502342ns, electionTimeout:1197ms
2025-09-11 04:24:48,207 [86475e3c-5cf0-45b3-a002-22fb0eea734c@group-89F97EC95128-FollowerState] INFO  impl.RoleInfo (RoleInfo.java:shutdownFollowerState(121)) - 86475e3c-5cf0-45b3-a002-22fb0eea734c: shutdown 86475e3c-5cf0-45b3-a002-22fb0eea734c@group-89F97EC95128-FollowerState
2025-09-11 04:24:48,207 [86475e3c-5cf0-45b3-a002-22fb0eea734c@group-89F97EC95128-FollowerState] INFO  server.RaftServer$Division (RaftServerImpl.java:setRole(392)) - 86475e3c-5cf0-45b3-a002-22fb0eea734c@group-89F97EC95128: changes role from  FOLLOWER to CANDIDATE at term 0 for changeToCandidate
2025-09-11 04:24:48,207 [86475e3c-5cf0-45b3-a002-22fb0eea734c@group-89F97EC95128-FollowerState] INFO  impl.RoleInfo (RoleInfo.java:updateAndGet(148)) - 86475e3c-5cf0-45b3-a002-22fb0eea734c: start 86475e3c-5cf0-45b3-a002-22fb0eea734c@group-89F97EC95128-LeaderElection8
2025-09-11 04:24:48,207 [86475e3c-5cf0-45b3-a002-22fb0eea734c@group-89F97EC95128-LeaderElection8] INFO  impl.LeaderElection (LeaderElection.java:askForVotes(448)) - 86475e3c-5cf0-45b3-a002-22fb0eea734c@group-89F97EC95128-LeaderElection8 PRE_VOTE round 0: submit vote requests at term 0 for conf: {index: -1, cur=peers:[86475e3c-5cf0-45b3-a002-22fb0eea734c|127.0.0.1:15033]|listeners:[], old=null}
2025-09-11 04:24:48,207 [86475e3c-5cf0-45b3-a002-22fb0eea734c@group-89F97EC95128-LeaderElection8] INFO  impl.LeaderElection (LeaderElection.java:askForVotes(450)) - 86475e3c-5cf0-45b3-a002-22fb0eea734c@group-89F97EC95128-LeaderElection8 PRE_VOTE round 0: result PASSED (term=0)
2025-09-11 04:24:48,209 [86475e3c-5cf0-45b3-a002-22fb0eea734c@group-89F97EC95128-LeaderElection8] INFO  impl.LeaderElection (LeaderElection.java:askForVotes(448)) - 86475e3c-5cf0-45b3-a002-22fb0eea734c@group-89F97EC95128-LeaderElection8 ELECTION round 0: submit vote requests at term 1 for conf: {index: -1, cur=peers:[86475e3c-5cf0-45b3-a002-22fb0eea734c|127.0.0.1:15033]|listeners:[], old=null}
2025-09-11 04:24:48,209 [86475e3c-5cf0-45b3-a002-22fb0eea734c@group-89F97EC95128-LeaderElection8] INFO  impl.LeaderElection (LeaderElection.java:askForVotes(450)) - 86475e3c-5cf0-45b3-a002-22fb0eea734c@group-89F97EC95128-LeaderElection8 ELECTION round 0: result PASSED (term=1)
2025-09-11 04:24:48,209 [86475e3c-5cf0-45b3-a002-22fb0eea734c@group-89F97EC95128-LeaderElection8] INFO  impl.RoleInfo (RoleInfo.java:shutdownLeaderElection(141)) - 86475e3c-5cf0-45b3-a002-22fb0eea734c: shutdown 86475e3c-5cf0-45b3-a002-22fb0eea734c@group-89F97EC95128-LeaderElection8
2025-09-11 04:24:48,209 [86475e3c-5cf0-45b3-a002-22fb0eea734c@group-89F97EC95128-LeaderElection8] INFO  server.RaftServer$Division (RaftServerImpl.java:setRole(392)) - 86475e3c-5cf0-45b3-a002-22fb0eea734c@group-89F97EC95128: changes role from CANDIDATE to LEADER at term 1 for changeToLeader
2025-09-11 04:24:48,209 [86475e3c-5cf0-45b3-a002-22fb0eea734c@group-89F97EC95128-LeaderElection8] INFO  server.RaftServerConfigKeys (ConfUtils.java:logFallback(69)) - raft.server.staging.timeout = 15600ms (fallback to raft.server.rpc.timeout.max)
2025-09-11 04:24:48,210 [86475e3c-5cf0-45b3-a002-22fb0eea734c@group-89F97EC95128-LeaderElection8] INFO  server.RaftServerConfigKeys (ConfUtils.java:logGet(62)) - raft.server.write.byte-limit = 1024 M (=1073741824) (custom)
2025-09-11 04:24:48,211 [86475e3c-5cf0-45b3-a002-22fb0eea734c@group-89F97EC95128-LeaderElection8] INFO  impl.RoleInfo (RoleInfo.java:updateAndGet(148)) - 86475e3c-5cf0-45b3-a002-22fb0eea734c: start 86475e3c-5cf0-45b3-a002-22fb0eea734c@group-89F97EC95128-LeaderStateImpl
2025-09-11 04:24:48,211 [86475e3c-5cf0-45b3-a002-22fb0eea734c@group-89F97EC95128-LeaderElection8] INFO  server.RaftServer$Division (RaftServerImpl.java:setFirstElection(576)) - 86475e3c-5cf0-45b3-a002-22fb0eea734c@group-89F97EC95128: set firstElectionSinceStartup to false for becomeLeader
2025-09-11 04:24:48,211 [86475e3c-5cf0-45b3-a002-22fb0eea734c@group-89F97EC95128-LeaderElection8] INFO  ratis.XceiverServerRatis (XceiverServerRatis.java:handleLeaderChangedNotification(947)) - Leader change notification received for group: group-89F97EC95128 with new leaderId: 86475e3c-5cf0-45b3-a002-22fb0eea734c
2025-09-11 04:24:48,211 [86475e3c-5cf0-45b3-a002-22fb0eea734c@group-89F97EC95128-LeaderElection8] INFO  server.RaftServer$Division (ServerState.java:setLeader(272)) - 86475e3c-5cf0-45b3-a002-22fb0eea734c@group-89F97EC95128: change Leader from null to 86475e3c-5cf0-45b3-a002-22fb0eea734c at term 1 for becomeLeader, leader elected after 1233ms
2025-09-11 04:24:48,211 [86475e3c-5cf0-45b3-a002-22fb0eea734c@group-89F97EC95128-LeaderElection8] INFO  segmented.SegmentedRaftLogWorker (SegmentedRaftLogWorker.java:startLogSegment(440)) - 86475e3c-5cf0-45b3-a002-22fb0eea734c@group-89F97EC95128-SegmentedRaftLogWorker: Starting segment from index:0
2025-09-11 04:24:48,211 [86475e3c-5cf0-45b3-a002-22fb0eea734c@group-89F97EC95128-LeaderElection8] INFO  server.RaftServer$Division (ServerState.java:setRaftConf(386)) - 86475e3c-5cf0-45b3-a002-22fb0eea734c@group-89F97EC95128: set configuration conf: {index: 0, cur=peers:[86475e3c-5cf0-45b3-a002-22fb0eea734c|127.0.0.1:15033]|listeners:[], old=null}
2025-09-11 04:24:48,212 [86475e3c-5cf0-45b3-a002-22fb0eea734c@group-89F97EC95128-SegmentedRaftLogWorker] INFO  segmented.BufferedWriteChannel (BufferedWriteChannel.java:open(61)) - open log_inprogress_0 at position 0
2025-09-11 04:24:48,219 [86475e3c-5cf0-45b3-a002-22fb0eea734c@group-89F97EC95128-SegmentedRaftLogWorker] INFO  segmented.SegmentedRaftLogWorker (SegmentedRaftLogWorker.java:execute(647)) - 86475e3c-5cf0-45b3-a002-22fb0eea734c@group-89F97EC95128-SegmentedRaftLogWorker: created new log segment /home/runner/work/ozone/ozone/hadoop-ozone/integration-test-recon/target/test-dir/MiniOzoneClusterImpl-e405f726-f354-48a5-b90a-334fe627f997/ozone-metadata/datanode-3/ratis/01831988-c4a1-4d45-9bca-89f97ec95128/current/log_inprogress_0
2025-09-11 04:24:48,220 [86475e3c-5cf0-45b3-a002-22fb0eea734c@group-89F97EC95128-StateMachineUpdater] INFO  server.RaftServer$Division (LeaderStateImpl.java:checkStartIndex(309)) - Leader 86475e3c-5cf0-45b3-a002-22fb0eea734c@group-89F97EC95128-LeaderStateImpl is ready since appliedIndex == startIndex == 0
2025-09-11 04:24:48,325 [ReplicationMonitor] INFO  replication.ReplicationManager (ReplicationManager.java:processAll(359)) - Replication Manager is not ready to run until 3000ms after safemode exit
2025-09-11 04:24:48,371 [346684e1-b57f-4c29-9507-935dad45bd68@group-06B9DB8EB07D-FollowerState] INFO  impl.FollowerState (FollowerState.java:runImpl(161)) - 346684e1-b57f-4c29-9507-935dad45bd68@group-06B9DB8EB07D-FollowerState: change to CANDIDATE, lastRpcElapsedTime:1047530940ns, electionTimeout:1047ms
2025-09-11 04:24:48,372 [346684e1-b57f-4c29-9507-935dad45bd68@group-06B9DB8EB07D-FollowerState] INFO  impl.RoleInfo (RoleInfo.java:shutdownFollowerState(121)) - 346684e1-b57f-4c29-9507-935dad45bd68: shutdown 346684e1-b57f-4c29-9507-935dad45bd68@group-06B9DB8EB07D-FollowerState
2025-09-11 04:24:48,372 [346684e1-b57f-4c29-9507-935dad45bd68@group-06B9DB8EB07D-FollowerState] INFO  server.RaftServer$Division (RaftServerImpl.java:setRole(392)) - 346684e1-b57f-4c29-9507-935dad45bd68@group-06B9DB8EB07D: changes role from  FOLLOWER to CANDIDATE at term 0 for changeToCandidate
2025-09-11 04:24:48,372 [346684e1-b57f-4c29-9507-935dad45bd68@group-06B9DB8EB07D-FollowerState] INFO  impl.RoleInfo (RoleInfo.java:updateAndGet(148)) - 346684e1-b57f-4c29-9507-935dad45bd68: start 346684e1-b57f-4c29-9507-935dad45bd68@group-06B9DB8EB07D-LeaderElection9
2025-09-11 04:24:48,376 [346684e1-b57f-4c29-9507-935dad45bd68@group-06B9DB8EB07D-LeaderElection9] INFO  impl.LeaderElection (LeaderElection.java:askForVotes(448)) - 346684e1-b57f-4c29-9507-935dad45bd68@group-06B9DB8EB07D-LeaderElection9 PRE_VOTE round 0: submit vote requests at term 0 for conf: {index: -1, cur=peers:[346684e1-b57f-4c29-9507-935dad45bd68|127.0.0.1:15041]|listeners:[], old=null}
2025-09-11 04:24:48,377 [346684e1-b57f-4c29-9507-935dad45bd68@group-06B9DB8EB07D-LeaderElection9] INFO  impl.LeaderElection (LeaderElection.java:askForVotes(450)) - 346684e1-b57f-4c29-9507-935dad45bd68@group-06B9DB8EB07D-LeaderElection9 PRE_VOTE round 0: result PASSED (term=0)
2025-09-11 04:24:48,382 [346684e1-b57f-4c29-9507-935dad45bd68@group-06B9DB8EB07D-LeaderElection9] INFO  impl.LeaderElection (LeaderElection.java:askForVotes(448)) - 346684e1-b57f-4c29-9507-935dad45bd68@group-06B9DB8EB07D-LeaderElection9 ELECTION round 0: submit vote requests at term 1 for conf: {index: -1, cur=peers:[346684e1-b57f-4c29-9507-935dad45bd68|127.0.0.1:15041]|listeners:[], old=null}
2025-09-11 04:24:48,382 [346684e1-b57f-4c29-9507-935dad45bd68@group-06B9DB8EB07D-LeaderElection9] INFO  impl.LeaderElection (LeaderElection.java:askForVotes(450)) - 346684e1-b57f-4c29-9507-935dad45bd68@group-06B9DB8EB07D-LeaderElection9 ELECTION round 0: result PASSED (term=1)
2025-09-11 04:24:48,382 [346684e1-b57f-4c29-9507-935dad45bd68@group-06B9DB8EB07D-LeaderElection9] INFO  impl.RoleInfo (RoleInfo.java:shutdownLeaderElection(141)) - 346684e1-b57f-4c29-9507-935dad45bd68: shutdown 346684e1-b57f-4c29-9507-935dad45bd68@group-06B9DB8EB07D-LeaderElection9
2025-09-11 04:24:48,382 [346684e1-b57f-4c29-9507-935dad45bd68@group-06B9DB8EB07D-LeaderElection9] INFO  server.RaftServer$Division (RaftServerImpl.java:setRole(392)) - 346684e1-b57f-4c29-9507-935dad45bd68@group-06B9DB8EB07D: changes role from CANDIDATE to LEADER at term 1 for changeToLeader
2025-09-11 04:24:48,382 [346684e1-b57f-4c29-9507-935dad45bd68@group-06B9DB8EB07D-LeaderElection9] INFO  server.RaftServerConfigKeys (ConfUtils.java:logFallback(69)) - raft.server.staging.timeout = 15600ms (fallback to raft.server.rpc.timeout.max)
2025-09-11 04:24:48,383 [346684e1-b57f-4c29-9507-935dad45bd68@group-06B9DB8EB07D-LeaderElection9] INFO  server.RaftServerConfigKeys (ConfUtils.java:logGet(62)) - raft.server.write.byte-limit = 1024 M (=1073741824) (custom)
2025-09-11 04:24:48,386 [346684e1-b57f-4c29-9507-935dad45bd68@group-06B9DB8EB07D-LeaderElection9] INFO  impl.RoleInfo (RoleInfo.java:updateAndGet(148)) - 346684e1-b57f-4c29-9507-935dad45bd68: start 346684e1-b57f-4c29-9507-935dad45bd68@group-06B9DB8EB07D-LeaderStateImpl
2025-09-11 04:24:48,386 [346684e1-b57f-4c29-9507-935dad45bd68@group-06B9DB8EB07D-LeaderElection9] INFO  server.RaftServer$Division (RaftServerImpl.java:setFirstElection(576)) - 346684e1-b57f-4c29-9507-935dad45bd68@group-06B9DB8EB07D: set firstElectionSinceStartup to false for becomeLeader
2025-09-11 04:24:48,387 [346684e1-b57f-4c29-9507-935dad45bd68@group-06B9DB8EB07D-LeaderElection9] INFO  ratis.XceiverServerRatis (XceiverServerRatis.java:handleLeaderChangedNotification(947)) - Leader change notification received for group: group-06B9DB8EB07D with new leaderId: 346684e1-b57f-4c29-9507-935dad45bd68
2025-09-11 04:24:48,389 [346684e1-b57f-4c29-9507-935dad45bd68@group-06B9DB8EB07D-LeaderElection9] INFO  server.RaftServer$Division (ServerState.java:setLeader(272)) - 346684e1-b57f-4c29-9507-935dad45bd68@group-06B9DB8EB07D: change Leader from null to 346684e1-b57f-4c29-9507-935dad45bd68 at term 1 for becomeLeader, leader elected after 1082ms
2025-09-11 04:24:48,389 [346684e1-b57f-4c29-9507-935dad45bd68@group-06B9DB8EB07D-LeaderElection9] INFO  segmented.SegmentedRaftLogWorker (SegmentedRaftLogWorker.java:startLogSegment(440)) - 346684e1-b57f-4c29-9507-935dad45bd68@group-06B9DB8EB07D-SegmentedRaftLogWorker: Starting segment from index:0
2025-09-11 04:24:48,389 [346684e1-b57f-4c29-9507-935dad45bd68@group-06B9DB8EB07D-LeaderElection9] INFO  server.RaftServer$Division (ServerState.java:setRaftConf(386)) - 346684e1-b57f-4c29-9507-935dad45bd68@group-06B9DB8EB07D: set configuration conf: {index: 0, cur=peers:[346684e1-b57f-4c29-9507-935dad45bd68|127.0.0.1:15041]|listeners:[], old=null}
2025-09-11 04:24:48,390 [346684e1-b57f-4c29-9507-935dad45bd68@group-06B9DB8EB07D-SegmentedRaftLogWorker] INFO  segmented.BufferedWriteChannel (BufferedWriteChannel.java:open(61)) - open log_inprogress_0 at position 0
2025-09-11 04:24:48,397 [346684e1-b57f-4c29-9507-935dad45bd68@group-06B9DB8EB07D-SegmentedRaftLogWorker] INFO  segmented.SegmentedRaftLogWorker (SegmentedRaftLogWorker.java:execute(647)) - 346684e1-b57f-4c29-9507-935dad45bd68@group-06B9DB8EB07D-SegmentedRaftLogWorker: created new log segment /home/runner/work/ozone/ozone/hadoop-ozone/integration-test-recon/target/test-dir/MiniOzoneClusterImpl-e405f726-f354-48a5-b90a-334fe627f997/ozone-metadata/datanode-4/ratis/460fce7f-2412-49f0-bc0a-06b9db8eb07d/current/log_inprogress_0
2025-09-11 04:24:48,403 [346684e1-b57f-4c29-9507-935dad45bd68@group-06B9DB8EB07D-StateMachineUpdater] INFO  server.RaftServer$Division (LeaderStateImpl.java:checkStartIndex(309)) - Leader 346684e1-b57f-4c29-9507-935dad45bd68@group-06B9DB8EB07D-LeaderStateImpl is ready since appliedIndex == startIndex == 0
2025-09-11 04:24:48,479 [ContainerHealthTask] INFO  fsck.ContainerHealthTask (ContainerHealthTask.java:checkAndProcessContainers(194)) - Container Health task thread took 0 iterations to fetch all containers using batched approach with batch size of 1000
2025-09-11 04:24:48,597 [ForkJoinPool-1-worker-1] INFO  rpc.RpcClient (RpcClient.java:createVolume(461)) - Creating Volume: vol1, with user43947 as owner and space quota set to -1 bytes, counts quota set to -1
2025-09-11 04:24:48,621 [om1-OMStateMachineApplyTransactionThread - 0] WARN  helpers.OzoneAclUtil (OzoneAclUtil.java:getDefaultAclList(68)) - Failed to get primary group from user user43947 (auth:SIMPLE)
2025-09-11 04:24:48,622 [om1-OMStateMachineApplyTransactionThread - 0] INFO  volume.OMVolumeCreateRequest (OMVolumeCreateRequest.java:validateAndUpdateCache(203)) - created volume:vol1 for user:user43947
2025-09-11 04:24:48,630 [ForkJoinPool-1-worker-1] INFO  rpc.RpcClient (RpcClient.java:createBucket(686)) - Creating Bucket: vol1/bucket1, with bucket layout FILE_SYSTEM_OPTIMIZED, runner as owner, Versioning false, Storage Type set to DISK and Encryption set to false, Replication Type set to server-side default replication type, Namespace Quota set to -1, Space Quota set to -1 
2025-09-11 04:24:48,638 [om1-OMStateMachineApplyTransactionThread - 0] INFO  bucket.OMBucketCreateRequest (OMBucketCreateRequest.java:validateAndUpdateCache(292)) - created bucket: bucket1 of layout FILE_SYSTEM_OPTIMIZED in volume: vol1
2025-09-11 04:24:48,679 [IPC Server handler 1 on default port 15003] INFO  ha.SequenceIdGenerator (SequenceIdGenerator.java:getNextId(135)) - Allocate a batch for containerId, change lastId from 0 to 1000.
2025-09-11 04:24:48,687 [00aa5afb-d218-4771-abd7-db0247b9d23b@group-334FE627F997-StateMachineUpdater] WARN  ha.SequenceIdGenerator (SequenceIdGenerator.java:allocateBatch(248)) - Failed to allocate a batch for localId, expected lastId is 0, actual lastId is 115816896921600000.
2025-09-11 04:24:48,689 [IPC Server handler 1 on default port 15003] INFO  ha.SequenceIdGenerator (SequenceIdGenerator.java:getNextId(135)) - Allocate a batch for localId, change lastId from 115816896921600000 to 115816896921601000.
2025-09-11 04:24:48,704 [0ed0910f-4ac9-4f62-be34-d90c51a3e6c9@group-9A86F6A96A63-FollowerState] INFO  impl.FollowerState (FollowerState.java:runImpl(161)) - 0ed0910f-4ac9-4f62-be34-d90c51a3e6c9@group-9A86F6A96A63-FollowerState: change to CANDIDATE, lastRpcElapsedTime:1079444587ns, electionTimeout:1074ms
2025-09-11 04:24:48,704 [0ed0910f-4ac9-4f62-be34-d90c51a3e6c9@group-9A86F6A96A63-FollowerState] INFO  impl.RoleInfo (RoleInfo.java:shutdownFollowerState(121)) - 0ed0910f-4ac9-4f62-be34-d90c51a3e6c9: shutdown 0ed0910f-4ac9-4f62-be34-d90c51a3e6c9@group-9A86F6A96A63-FollowerState
2025-09-11 04:24:48,704 [0ed0910f-4ac9-4f62-be34-d90c51a3e6c9@group-9A86F6A96A63-FollowerState] INFO  server.RaftServer$Division (RaftServerImpl.java:setRole(392)) - 0ed0910f-4ac9-4f62-be34-d90c51a3e6c9@group-9A86F6A96A63: changes role from  FOLLOWER to CANDIDATE at term 0 for changeToCandidate
2025-09-11 04:24:48,704 [0ed0910f-4ac9-4f62-be34-d90c51a3e6c9@group-9A86F6A96A63-FollowerState] INFO  impl.RoleInfo (RoleInfo.java:updateAndGet(148)) - 0ed0910f-4ac9-4f62-be34-d90c51a3e6c9: start 0ed0910f-4ac9-4f62-be34-d90c51a3e6c9@group-9A86F6A96A63-LeaderElection10
2025-09-11 04:24:48,705 [0ed0910f-4ac9-4f62-be34-d90c51a3e6c9@group-9A86F6A96A63-LeaderElection10] INFO  impl.LeaderElection (LeaderElection.java:askForVotes(448)) - 0ed0910f-4ac9-4f62-be34-d90c51a3e6c9@group-9A86F6A96A63-LeaderElection10 PRE_VOTE round 0: submit vote requests at term 0 for conf: {index: -1, cur=peers:[0ed0910f-4ac9-4f62-be34-d90c51a3e6c9|127.0.0.1:15049]|listeners:[], old=null}
2025-09-11 04:24:48,705 [0ed0910f-4ac9-4f62-be34-d90c51a3e6c9@group-9A86F6A96A63-LeaderElection10] INFO  impl.LeaderElection (LeaderElection.java:askForVotes(450)) - 0ed0910f-4ac9-4f62-be34-d90c51a3e6c9@group-9A86F6A96A63-LeaderElection10 PRE_VOTE round 0: result PASSED (term=0)
2025-09-11 04:24:48,707 [0ed0910f-4ac9-4f62-be34-d90c51a3e6c9@group-9A86F6A96A63-LeaderElection10] INFO  impl.LeaderElection (LeaderElection.java:askForVotes(448)) - 0ed0910f-4ac9-4f62-be34-d90c51a3e6c9@group-9A86F6A96A63-LeaderElection10 ELECTION round 0: submit vote requests at term 1 for conf: {index: -1, cur=peers:[0ed0910f-4ac9-4f62-be34-d90c51a3e6c9|127.0.0.1:15049]|listeners:[], old=null}
2025-09-11 04:24:48,707 [0ed0910f-4ac9-4f62-be34-d90c51a3e6c9@group-9A86F6A96A63-LeaderElection10] INFO  impl.LeaderElection (LeaderElection.java:askForVotes(450)) - 0ed0910f-4ac9-4f62-be34-d90c51a3e6c9@group-9A86F6A96A63-LeaderElection10 ELECTION round 0: result PASSED (term=1)
2025-09-11 04:24:48,707 [0ed0910f-4ac9-4f62-be34-d90c51a3e6c9@group-9A86F6A96A63-LeaderElection10] INFO  impl.RoleInfo (RoleInfo.java:shutdownLeaderElection(141)) - 0ed0910f-4ac9-4f62-be34-d90c51a3e6c9: shutdown 0ed0910f-4ac9-4f62-be34-d90c51a3e6c9@group-9A86F6A96A63-LeaderElection10
2025-09-11 04:24:48,707 [0ed0910f-4ac9-4f62-be34-d90c51a3e6c9@group-9A86F6A96A63-LeaderElection10] INFO  server.RaftServer$Division (RaftServerImpl.java:setRole(392)) - 0ed0910f-4ac9-4f62-be34-d90c51a3e6c9@group-9A86F6A96A63: changes role from CANDIDATE to LEADER at term 1 for changeToLeader
2025-09-11 04:24:48,707 [0ed0910f-4ac9-4f62-be34-d90c51a3e6c9@group-9A86F6A96A63-LeaderElection10] INFO  server.RaftServerConfigKeys (ConfUtils.java:logFallback(69)) - raft.server.staging.timeout = 15600ms (fallback to raft.server.rpc.timeout.max)
2025-09-11 04:24:48,708 [0ed0910f-4ac9-4f62-be34-d90c51a3e6c9@group-9A86F6A96A63-LeaderElection10] INFO  server.RaftServerConfigKeys (ConfUtils.java:logGet(62)) - raft.server.write.byte-limit = 1024 M (=1073741824) (custom)
2025-09-11 04:24:48,709 [0ed0910f-4ac9-4f62-be34-d90c51a3e6c9@group-9A86F6A96A63-LeaderElection10] INFO  impl.RoleInfo (RoleInfo.java:updateAndGet(148)) - 0ed0910f-4ac9-4f62-be34-d90c51a3e6c9: start 0ed0910f-4ac9-4f62-be34-d90c51a3e6c9@group-9A86F6A96A63-LeaderStateImpl
2025-09-11 04:24:48,709 [0ed0910f-4ac9-4f62-be34-d90c51a3e6c9@group-9A86F6A96A63-LeaderElection10] INFO  server.RaftServer$Division (RaftServerImpl.java:setFirstElection(576)) - 0ed0910f-4ac9-4f62-be34-d90c51a3e6c9@group-9A86F6A96A63: set firstElectionSinceStartup to false for becomeLeader
2025-09-11 04:24:48,709 [0ed0910f-4ac9-4f62-be34-d90c51a3e6c9@group-9A86F6A96A63-LeaderElection10] INFO  ratis.XceiverServerRatis (XceiverServerRatis.java:handleLeaderChangedNotification(947)) - Leader change notification received for group: group-9A86F6A96A63 with new leaderId: 0ed0910f-4ac9-4f62-be34-d90c51a3e6c9
2025-09-11 04:24:48,709 [0ed0910f-4ac9-4f62-be34-d90c51a3e6c9@group-9A86F6A96A63-LeaderElection10] INFO  server.RaftServer$Division (ServerState.java:setLeader(272)) - 0ed0910f-4ac9-4f62-be34-d90c51a3e6c9@group-9A86F6A96A63: change Leader from null to 0ed0910f-4ac9-4f62-be34-d90c51a3e6c9 at term 1 for becomeLeader, leader elected after 1102ms
2025-09-11 04:24:48,710 [0ed0910f-4ac9-4f62-be34-d90c51a3e6c9@group-9A86F6A96A63-LeaderElection10] INFO  segmented.SegmentedRaftLogWorker (SegmentedRaftLogWorker.java:startLogSegment(440)) - 0ed0910f-4ac9-4f62-be34-d90c51a3e6c9@group-9A86F6A96A63-SegmentedRaftLogWorker: Starting segment from index:0
2025-09-11 04:24:48,710 [0ed0910f-4ac9-4f62-be34-d90c51a3e6c9@group-9A86F6A96A63-LeaderElection10] INFO  server.RaftServer$Division (ServerState.java:setRaftConf(386)) - 0ed0910f-4ac9-4f62-be34-d90c51a3e6c9@group-9A86F6A96A63: set configuration conf: {index: 0, cur=peers:[0ed0910f-4ac9-4f62-be34-d90c51a3e6c9|127.0.0.1:15049]|listeners:[], old=null}
2025-09-11 04:24:48,711 [0ed0910f-4ac9-4f62-be34-d90c51a3e6c9@group-9A86F6A96A63-SegmentedRaftLogWorker] INFO  segmented.BufferedWriteChannel (BufferedWriteChannel.java:open(61)) - open log_inprogress_0 at position 0
2025-09-11 04:24:48,720 [0ed0910f-4ac9-4f62-be34-d90c51a3e6c9@group-9A86F6A96A63-SegmentedRaftLogWorker] INFO  segmented.SegmentedRaftLogWorker (SegmentedRaftLogWorker.java:execute(647)) - 0ed0910f-4ac9-4f62-be34-d90c51a3e6c9@group-9A86F6A96A63-SegmentedRaftLogWorker: created new log segment /home/runner/work/ozone/ozone/hadoop-ozone/integration-test-recon/target/test-dir/MiniOzoneClusterImpl-e405f726-f354-48a5-b90a-334fe627f997/ozone-metadata/datanode-5/ratis/b5f232fc-4a98-4060-a56a-9a86f6a96a63/current/log_inprogress_0
2025-09-11 04:24:48,722 [0ed0910f-4ac9-4f62-be34-d90c51a3e6c9@group-9A86F6A96A63-StateMachineUpdater] INFO  server.RaftServer$Division (LeaderStateImpl.java:checkStartIndex(309)) - Leader 0ed0910f-4ac9-4f62-be34-d90c51a3e6c9@group-9A86F6A96A63-LeaderStateImpl is ready since appliedIndex == startIndex == 0
2025-09-11 04:24:48,751 [ForkJoinPool-1-worker-1] INFO  impl.MetricsSystemImpl (MetricsSystemImpl.java:init(158)) - XceiverClientMetrics metrics system started (again)
2025-09-11 04:24:48,895 [Recon-FixedThreadPoolWithAffinityExecutor-8-0] WARN  events.FixedThreadPoolWithAffinityExecutor (FixedThreadPoolWithAffinityExecutor.java:run(251)) - Event remained in queue for long time 2 millisec, 86475e3c-5cf0-45b3-a002-22fb0eea734c(localhost/127.0.0.1), {type: ICR, size: 1}
2025-09-11 04:24:48,896 [Recon-FixedThreadPoolWithAffinityExecutor-9-0] WARN  events.FixedThreadPoolWithAffinityExecutor (FixedThreadPoolWithAffinityExecutor.java:run(251)) - Event remained in queue for long time 2 millisec, 42a5f925-1bc2-4f8a-8509-c5ae65e6fcde(localhost/127.0.0.1), {type: ICR, size: 1}
2025-09-11 04:24:48,901 [FixedThreadPoolWithAffinityExecutor-9-0] WARN  events.FixedThreadPoolWithAffinityExecutor (FixedThreadPoolWithAffinityExecutor.java:run(264)) - Event taken long execution time 5 millisec, 42a5f925-1bc2-4f8a-8509-c5ae65e6fcde(localhost/127.0.0.1), {type: ICR, size: 1}
2025-09-11 04:24:48,901 [FixedThreadPoolWithAffinityExecutor-8-0] WARN  events.FixedThreadPoolWithAffinityExecutor (FixedThreadPoolWithAffinityExecutor.java:run(264)) - Event taken long execution time 8 millisec, 86475e3c-5cf0-45b3-a002-22fb0eea734c(localhost/127.0.0.1), {type: ICR, size: 1}
2025-09-11 04:24:48,901 [FixedThreadPoolWithAffinityExecutor-0-0] WARN  events.FixedThreadPoolWithAffinityExecutor (FixedThreadPoolWithAffinityExecutor.java:run(264)) - Event taken long execution time 9 millisec, d5ad88c2-6e7a-4660-bab6-a4e8807a575e(localhost/127.0.0.1), {type: ICR, size: 1}
2025-09-11 04:24:48,905 [Recon-FixedThreadPoolWithAffinityExecutor-9-0] INFO  scm.ReconContainerManager (ReconContainerManager.java:addNewContainer(242)) - Successfully added container #1 to Recon.
2025-09-11 04:24:48,911 [Recon-FixedThreadPoolWithAffinityExecutor-8-0] INFO  scm.ReconContainerManager (ReconContainerManager.java:addNewContainer(242)) - Successfully added container #1 to Recon.
2025-09-11 04:24:48,911 [Recon-FixedThreadPoolWithAffinityExecutor-0-0] INFO  scm.ReconContainerManager (ReconContainerManager.java:addNewContainer(242)) - Successfully added container #1 to Recon.
2025-09-11 04:24:48,914 [Recon-FixedThreadPoolWithAffinityExecutor-9-0] WARN  events.FixedThreadPoolWithAffinityExecutor (FixedThreadPoolWithAffinityExecutor.java:run(264)) - Event taken long execution time 20 millisec, 42a5f925-1bc2-4f8a-8509-c5ae65e6fcde(localhost/127.0.0.1), {type: ICR, size: 1}
2025-09-11 04:24:48,916 [Recon-FixedThreadPoolWithAffinityExecutor-8-0] WARN  events.FixedThreadPoolWithAffinityExecutor (FixedThreadPoolWithAffinityExecutor.java:run(264)) - Event taken long execution time 23 millisec, 86475e3c-5cf0-45b3-a002-22fb0eea734c(localhost/127.0.0.1), {type: ICR, size: 1}
2025-09-11 04:24:48,916 [Recon-FixedThreadPoolWithAffinityExecutor-0-0] WARN  events.FixedThreadPoolWithAffinityExecutor (FixedThreadPoolWithAffinityExecutor.java:run(264)) - Event taken long execution time 23 millisec, d5ad88c2-6e7a-4660-bab6-a4e8807a575e(localhost/127.0.0.1), {type: ICR, size: 1}
Connecting to Recon: http://localhost:15000/api/v1/triggerdbsync/om ...
2025-09-11 04:24:49,061 [Recon-SyncOM-1] INFO  impl.OzoneManagerServiceProviderImpl (OzoneManagerServiceProviderImpl.java:lambda$startSyncDataFromOM$2(331)) - Last known sequence number before sync: 0
2025-09-11 04:24:49,062 [Recon-SyncOM-1] INFO  impl.OzoneManagerServiceProviderImpl (OzoneManagerServiceProviderImpl.java:syncDataFromOM(630)) - Seq number of Recon's OM DB : 0
2025-09-11 04:24:49,062 [Recon-SyncOM-1] INFO  impl.OzoneManagerServiceProviderImpl (OzoneManagerServiceProviderImpl.java:executeFullSnapshot(790)) - Obtaining full snapshot from Ozone Manager
2025-09-11 04:24:49,067 [Recon-SyncOM-1] INFO  updater.ReconTaskStatusUpdater (ReconTaskStatusUpdater.java:updateDetails(124)) - Registered Task: OmSnapshotRequest
2025-09-11 04:24:49,067 [Recon-SyncOM-1] INFO  impl.OzoneManagerServiceProviderImpl (OzoneManagerServiceProviderImpl.java:checkAndValidateReconDbPermissions(884)) - Permissions for Recon DB directory '/home/runner/work/ozone/ozone/hadoop-ozone/integration-test-recon/target/test-dir/MiniOzoneClusterImpl-e405f726-f354-48a5-b90a-334fe627f997/ozone-metadata/recon' meet the minimum required permissions '750'
2025-09-11 04:24:49,077 [qtp1553533936-488] INFO  utils.DBCheckpointServlet (DBCheckpointServlet.java:doGet(329)) - Received GET request to obtain DB checkpoint snapshot
2025-09-11 04:24:49,092 [qtp1553533936-488] INFO  snapshot.OMDBCheckpointUtils (OMDBCheckpointUtils.java:logEstimatedTarballSize(71)) - Estimates for Checkpoint Tarball Stream - Data size: 0 KB, SST files: 0
2025-09-11 04:24:49,099 [qtp391903823-549] INFO  requests.recon (Slf4jRequestLogWriter.java:write(62)) - 127.0.0.1 - - [11/Sep/2025:04:24:49 +0000] "GET /api/v1/triggerdbsync/om HTTP/1.1" 200 4 "-" "Java/21.0.8"
2025-09-11 04:24:49,137 [qtp1553533936-488] INFO  db.RDBCheckpointManager (RDBCheckpointManager.java:createCheckpoint(87)) - Created checkpoint in rocksDB at /home/runner/work/ozone/ozone/hadoop-ozone/integration-test-recon/target/test-dir/MiniOzoneClusterImpl-e405f726-f354-48a5-b90a-334fe627f997/om/data/db.checkpoints/om.db_checkpoint_1757564689133 in 3 milliseconds
2025-09-11 04:24:49,155 [qtp1553533936-488] INFO  db.RocksDBCheckpoint (RocksDBCheckpoint.java:cleanupCheckpoint(75)) - Cleaning up RocksDB checkpoint at /home/runner/work/ozone/ozone/hadoop-ozone/integration-test-recon/target/test-dir/MiniOzoneClusterImpl-e405f726-f354-48a5-b90a-334fe627f997/om/data/db.checkpoints/om.db_checkpoint_1757564689133
2025-09-11 04:24:49,160 [qtp1553533936-488] INFO  om.OMDBCheckpointServletInodeBasedXfer (OMDBCheckpointServletInodeBasedXfer.java:processMetadataSnapshotRequest(149)) - Time taken to write the checkpoint to response output stream: 82 milliseconds
2025-09-11 04:24:49,160 [Recon-SyncOM-1] INFO  recon.TarExtractor (TarExtractor.java:extractTar(129)) - Tar extraction completed and moved from staging to: /home/runner/work/ozone/ozone/hadoop-ozone/integration-test-recon/target/test-dir/MiniOzoneClusterImpl-e405f726-f354-48a5-b90a-334fe627f997/ozone-metadata/recon/om.snapshot.db_1757564689068
2025-09-11 04:24:49,160 [qtp1553533936-488] INFO  utils.DBCheckpointServlet (DBCheckpointServlet.java:logSstFileList(145)) - Excluded 9 SST files from the latest checkpoint, sample: [(dev=801,ino=839436)-1757564667340, (dev=801,ino=845942)-1757564689116, (dev=801,ino=845947)-1757564689134, (dev=801,ino=845948)-1757564689135, (dev=801,ino=845940)-1757564689108]
2025-09-11 04:24:49,161 [Recon-SyncOM-1] INFO  impl.OzoneManagerServiceProviderImpl (OzoneManagerServiceProviderImpl.java:getOzoneManagerDBSnapshot(466)) - Number of SST files found in the OM snapshot directory: /home/runner/work/ozone/ozone/hadoop-ozone/integration-test-recon/target/test-dir/MiniOzoneClusterImpl-e405f726-f354-48a5-b90a-334fe627f997/ozone-metadata/recon/om.snapshot.db_1757564689068 - 6
2025-09-11 04:24:49,162 [Recon-SyncOM-1] INFO  recon.ReconContext (ReconContext.java:updateHealthStatus(76)) - Update healthStatus of Recon from true to true.
2025-09-11 04:24:49,162 [Recon-SyncOM-1] INFO  impl.OzoneManagerServiceProviderImpl (OzoneManagerServiceProviderImpl.java:updateReconOmDBWithNewSnapshot(513)) - Attempting to update Recon OM DB with new snapshot located at: /home/runner/work/ozone/ozone/hadoop-ozone/integration-test-recon/target/test-dir/MiniOzoneClusterImpl-e405f726-f354-48a5-b90a-334fe627f997/ozone-metadata/recon/om.snapshot.db_1757564689068
2025-09-11 04:24:49,162 [qtp1553533936-488] INFO  requests.ozoneManager (Slf4jRequestLogWriter.java:write(62)) - 127.0.0.1 - - [11/Sep/2025:04:24:49 +0000] "GET /dbCheckpoint HTTP/1.1" 200 128512 "-" "Java/21.0.8"
2025-09-11 04:24:49,198 [Recon-SyncOM-1] INFO  recovery.ReconOmMetadataManagerImpl (ReconOmMetadataManagerImpl.java:initializeNewRdbStore(125)) - Created OM DB handle from snapshot at /home/runner/work/ozone/ozone/hadoop-ozone/integration-test-recon/target/test-dir/MiniOzoneClusterImpl-e405f726-f354-48a5-b90a-334fe627f997/ozone-metadata/recon/om.snapshot.db_1757564689068.
2025-09-11 04:24:49,203 [Recon-SyncOM-1] INFO  impl.OzoneManagerServiceProviderImpl (OzoneManagerServiceProviderImpl.java:updateReconOmDBWithNewSnapshot(517)) - Successfully updated Recon OM DB with new snapshot.
2025-09-11 04:24:49,210 [Recon-SyncOM-1] INFO  updater.ReconTaskStatusUpdater (ReconTaskStatusUpdater.java:updateDetails(124)) - Registered Task: OmDeltaRequest
2025-09-11 04:24:49,210 [Recon-SyncOM-1] INFO  impl.OzoneManagerServiceProviderImpl (OzoneManagerServiceProviderImpl.java:executeFullSnapshot(817)) - Queueing async reinitialization event instead of blocking call
2025-09-11 04:24:49,210 [Recon-SyncOM-1] INFO  tasks.ReconTaskControllerImpl (ReconTaskControllerImpl.java:queueReInitializationEvent(485)) - Queueing task reinitialization event due to: MANUAL_TRIGGER (retry attempt count: 0)
2025-09-11 04:24:49,210 [Recon-SyncOM-1] INFO  tasks.ReconTaskControllerImpl (ReconTaskControllerImpl.java:queueReInitializationEvent(502)) - Attempting checkpoint creation (retry attempt: 1)
2025-09-11 04:24:49,214 [Recon-SyncOM-1] INFO  db.RDBCheckpointManager (RDBCheckpointManager.java:createCheckpoint(87)) - Created checkpoint in rocksDB at /home/runner/work/ozone/ozone/hadoop-ozone/integration-test-recon/target/test-dir/MiniOzoneClusterImpl-e405f726-f354-48a5-b90a-334fe627f997/ozone-metadata/recon/temp-recon-reinit-checkpoint_1488ef26-acc6-4cd8-8110-b97d01c4e0a0/om.snapshot.db_1757564689068_checkpoint_1757564689210 in 3 milliseconds
2025-09-11 04:24:49,235 [Recon-SyncOM-1] INFO  tasks.ReconTaskControllerImpl (ReconTaskControllerImpl.java:queueReInitializationEvent(504)) - Checkpoint creation succeeded
2025-09-11 04:24:49,236 [Recon-SyncOM-1] INFO  tasks.ReconTaskControllerImpl (ReconTaskControllerImpl.java:queueReInitializationEvent(520)) - Successfully queued reinitialization event after 1 retries
2025-09-11 04:24:49,236 [Recon-SyncOM-1] INFO  recon.ReconContext (ReconContext.java:updateHealthStatus(76)) - Update healthStatus of Recon from true to true.
2025-09-11 04:24:49,237 [Recon-SyncOM-1] INFO  impl.OzoneManagerServiceProviderImpl (OzoneManagerServiceProviderImpl.java:lambda$startSyncDataFromOM$2(336)) - Sequence number after sync: 15
2025-09-11 04:24:49,237 [ReconEventProcessor-0] INFO  tasks.ReconTaskControllerImpl (ReconTaskControllerImpl.java:processReInitializationEvent(643)) - Processing reinitialization event: reason=MANUAL_TRIGGER, timestamp=1757564689236
2025-09-11 04:24:49,237 [ReconEventProcessor-0] INFO  tasks.ReconTaskControllerImpl (ReconTaskControllerImpl.java:processReInitializationEvent(650)) - Starting async task reinitialization with checkpointed OM metadata manager due to: MANUAL_TRIGGER
2025-09-11 04:24:49,237 [ReconEventProcessor-0] INFO  tasks.ReconTaskControllerImpl (ReconTaskControllerImpl.java:reInitializeTasks(166)) - Starting Re-initialization of tasks. This is a blocking operation.
2025-09-11 04:24:49,241 [ReconEventProcessor-0] INFO  updater.ReconTaskStatusUpdater (ReconTaskStatusUpdater.java:updateDetails(124)) - Registered Task: REPROCESS_STAGING
2025-09-11 04:24:49,280 [ReconEventProcessor-0] INFO  updater.ReconTaskStatusUpdater (ReconTaskStatusUpdater.java:updateDetails(124)) - Registered Task: ContainerKeyMapperTaskFSO
2025-09-11 04:24:49,284 [ReconEventProcessor-0] INFO  updater.ReconTaskStatusUpdater (ReconTaskStatusUpdater.java:updateDetails(124)) - Registered Task: OmTableInsightTask
2025-09-11 04:24:49,287 [ReconEventProcessor-0] INFO  updater.ReconTaskStatusUpdater (ReconTaskStatusUpdater.java:updateDetails(124)) - Registered Task: NSSummaryTask
2025-09-11 04:24:49,290 [ReconEventProcessor-0] INFO  updater.ReconTaskStatusUpdater (ReconTaskStatusUpdater.java:updateDetails(124)) - Registered Task: ContainerKeyMapperTaskOBS
2025-09-11 04:24:49,293 [ReconEventProcessor-0] INFO  updater.ReconTaskStatusUpdater (ReconTaskStatusUpdater.java:updateDetails(124)) - Registered Task: FileSizeCountTaskOBS
2025-09-11 04:24:49,296 [ReconEventProcessor-0] INFO  updater.ReconTaskStatusUpdater (ReconTaskStatusUpdater.java:updateDetails(124)) - Registered Task: FileSizeCountTaskFSO
2025-09-11 04:24:49,297 [ReconTaskThread-0] INFO  impl.ReconContainerMetadataManagerImpl (ReconContainerMetadataManagerImpl.java:initializeTables(159)) - KEY_CONTAINER Table is empty, initializing from CONTAINER_KEY Table ...
2025-09-11 04:24:49,297 [ReconTaskThread-0] INFO  impl.ReconContainerMetadataManagerImpl (ReconContainerMetadataManagerImpl.java:initializeKeyContainerTable(711)) - It took 0.0 seconds to initialized 0 records to KEY_CONTAINER table
2025-09-11 04:24:49,308 [ReconTaskThread-0] INFO  impl.ReconContainerMetadataManagerImpl (ReconContainerMetadataManagerImpl.java:initializeTables(159)) - KEY_CONTAINER Table is empty, initializing from CONTAINER_KEY Table ...
2025-09-11 04:24:49,308 [ReconTaskThread-0] INFO  impl.ReconContainerMetadataManagerImpl (ReconContainerMetadataManagerImpl.java:initializeKeyContainerTable(711)) - It took 0.0 seconds to initialized 0 records to KEY_CONTAINER table
2025-09-11 04:24:49,327 [ReplicationMonitor] INFO  replication.ReplicationManager (ReplicationManager.java:processAll(359)) - Replication Manager is not ready to run until 3000ms after safemode exit
2025-09-11 04:24:49,447 [ReconTaskThread-0] INFO  tasks.NSSummaryTask (NSSummaryTask.java:reprocess(219)) - Starting NSSummary tree reprocess with unified control...
2025-09-11 04:24:49,450 [Recon-NSSummaryTask-0] INFO  tasks.NSSummaryTaskWithFSO (NSSummaryTaskWithFSO.java:reprocessWithFSO(273)) - Completed a reprocess run of NSSummaryTaskWithFSO
2025-09-11 04:24:49,450 [ReconTaskThread-0] INFO  tasks.NSSummaryTask (NSSummaryTask.java:executeReprocess(303)) - NSSummary reprocess execution time: 3 milliseconds
2025-09-11 04:24:49,450 [ReconTaskThread-0] INFO  tasks.NSSummaryTask (NSSummaryTask.java:executeReprocess(308)) - NSSummary tree reprocess completed successfully with unified control.
2025-09-11 04:24:49,452 [ReconTaskThread-0] INFO  tasks.FileSizeCountTaskHelper (FileSizeCountTaskHelper.java:reprocess(92)) - Starting Reprocess for FileSizeCountTaskOBS
2025-09-11 04:24:49,460 [ReconTaskThread-0] INFO  tasks.FileSizeCountTaskHelper (FileSizeCountTaskHelper.java:truncateTableIfNeeded(64)) - Deleted 0 records from "FILE_COUNT_BY_SIZE"
2025-09-11 04:24:49,461 [ReconTaskThread-0] INFO  tasks.FileSizeCountTaskHelper (FileSizeCountTaskHelper.java:reprocessBucketLayout(143)) - Reprocessed 0 keys for bucket layout OBJECT_STORE.
2025-09-11 04:24:49,465 [ReconTaskThread-0] INFO  tasks.FileSizeCountTaskHelper (FileSizeCountTaskHelper.java:reprocess(103)) - FileSizeCountTaskOBS completed Reprocess in 13 ms.
2025-09-11 04:24:49,465 [ReconTaskThread-0] INFO  tasks.FileSizeCountTaskHelper (FileSizeCountTaskHelper.java:reprocess(92)) - Starting Reprocess for FileSizeCountTaskFSO
2025-09-11 04:24:49,465 [ReconTaskThread-0] INFO  tasks.FileSizeCountTaskHelper (FileSizeCountTaskHelper.java:truncateTableIfNeeded(72)) - Table already truncated by another task; waiting for truncation to complete.
2025-09-11 04:24:49,466 [ReconTaskThread-0] INFO  tasks.FileSizeCountTaskHelper (FileSizeCountTaskHelper.java:reprocessBucketLayout(143)) - Reprocessed 1 keys for bucket layout FILE_SYSTEM_OPTIMIZED.
2025-09-11 04:24:49,471 [ReconTaskThread-0] INFO  tasks.FileSizeCountTaskHelper (FileSizeCountTaskHelper.java:reprocess(103)) - FileSizeCountTaskFSO completed Reprocess in 6 ms.
2025-09-11 04:24:49,491 [ContainerHealthTask] ERROR fsck.ContainerHealthTask (ContainerHealthTask.java:run(123)) - Exception in Container Health task thread.
java.lang.RuntimeException: org.apache.hadoop.hdds.utils.db.RocksDatabaseException: Rocks Database is closed
	at org.apache.hadoop.ozone.recon.fsck.ContainerHealthStatus.getContainerKeyCount(ContainerHealthStatus.java:183)
	at org.apache.hadoop.ozone.recon.fsck.ContainerHealthStatus.<init>(ContainerHealthStatus.java:84)
	at org.apache.hadoop.ozone.recon.fsck.ContainerHealthTask.processContainer(ContainerHealthTask.java:384)
	at org.apache.hadoop.ozone.recon.fsck.ContainerHealthTask.lambda$checkAndProcessContainers$1(ContainerHealthTask.java:180)
	at java.base/java.util.stream.ForEachOps$ForEachOp$OfRef.accept(ForEachOps.java:184)
	at java.base/java.util.stream.ReferencePipeline$2$1.accept(ReferencePipeline.java:179)
	at java.base/java.util.ArrayList$ArrayListSpliterator.forEachRemaining(ArrayList.java:1708)
	at java.base/java.util.stream.AbstractPipeline.copyInto(AbstractPipeline.java:509)
	at java.base/java.util.stream.AbstractPipeline.wrapAndCopyInto(AbstractPipeline.java:499)
	at java.base/java.util.stream.ForEachOps$ForEachOp.evaluateSequential(ForEachOps.java:151)
	at java.base/java.util.stream.ForEachOps$ForEachOp$OfRef.evaluateSequential(ForEachOps.java:174)
	at java.base/java.util.stream.AbstractPipeline.evaluate(AbstractPipeline.java:234)
	at java.base/java.util.stream.ReferencePipeline.forEach(ReferencePipeline.java:596)
	at org.apache.hadoop.ozone.recon.fsck.ContainerHealthTask.checkAndProcessContainers(ContainerHealthTask.java:180)
	at org.apache.hadoop.ozone.recon.fsck.ContainerHealthTask.runTask(ContainerHealthTask.java:157)
	at org.apache.hadoop.ozone.recon.scm.ReconScmTask.initializeAndRunTask(ReconScmTask.java:97)
	at org.apache.hadoop.ozone.recon.fsck.ContainerHealthTask.run(ContainerHealthTask.java:119)
	at java.base/java.lang.Thread.run(Thread.java:1583)
Caused by: org.apache.hadoop.hdds.utils.db.RocksDatabaseException: Rocks Database is closed
	at org.apache.hadoop.hdds.utils.db.RocksDatabase.acquire(RocksDatabase.java:447)
	at org.apache.hadoop.hdds.utils.db.RocksDatabase.get(RocksDatabase.java:689)
	at org.apache.hadoop.hdds.utils.db.RDBTable.get(RDBTable.java:126)
	at org.apache.hadoop.hdds.utils.db.TypedTable.lambda$getFromTable$0(TypedTable.java:296)
	at org.apache.hadoop.hdds.utils.db.CodecBuffer.putFromSource(CodecBuffer.java:500)
	at org.apache.hadoop.hdds.utils.db.TypedTable.getFromTable(TypedTable.java:295)
	at org.apache.hadoop.hdds.utils.db.TypedTable.getFromTable(TypedTable.java:326)
	at org.apache.hadoop.hdds.utils.db.TypedTable.getFromTable(TypedTable.java:301)
	at org.apache.hadoop.hdds.utils.db.TypedTable.get(TypedTable.java:215)
	at org.apache.hadoop.ozone.recon.spi.impl.ReconContainerMetadataManagerImpl.getKeyCountForContainer(ReconContainerMetadataManagerImpl.java:298)
	at org.apache.hadoop.ozone.recon.fsck.ContainerHealthStatus.getContainerKeyCount(ContainerHealthStatus.java:180)
	... 17 more
2025-09-11 04:24:49,517 [ReconEventProcessor-0] INFO  tasks.ReconTaskControllerImpl (ReconTaskControllerImpl.java:reInitializeTasks(236)) - Re-initialization of tasks completed successfully.
2025-09-11 04:24:49,517 [ReconEventProcessor-0] INFO  tasks.ReconTaskControllerImpl (ReconTaskControllerImpl.java:processReInitializationEvent(660)) - Completed async task reinitialization
2025-09-11 04:24:49,517 [ReconEventProcessor-0] INFO  tasks.ReconTaskControllerImpl (ReconTaskControllerImpl.java:processReInitializationEvent(666)) - Completed processing reinitialization event: MANUAL_TRIGGER
2025-09-11 04:24:50,145 [Recon-FixedThreadPoolWithAffinityExecutor-8-0] INFO  scm.ReconContainerManager (ReconContainerManager.java:addNewContainer(242)) - Successfully added container #2 to Recon.
2025-09-11 04:24:50,146 [Recon-FixedThreadPoolWithAffinityExecutor-8-0] WARN  events.FixedThreadPoolWithAffinityExecutor (FixedThreadPoolWithAffinityExecutor.java:run(264)) - Event taken long execution time 3 millisec, 86475e3c-5cf0-45b3-a002-22fb0eea734c(localhost/127.0.0.1), {type: ICR, size: 1}
Connecting to Recon: http://localhost:15000/api/v1/triggerdbsync/om ...
2025-09-11 04:24:50,156 [Recon-SyncOM-2] INFO  impl.OzoneManagerServiceProviderImpl (OzoneManagerServiceProviderImpl.java:lambda$startSyncDataFromOM$2(331)) - Last known sequence number before sync: 15
2025-09-11 04:24:50,156 [Recon-SyncOM-2] INFO  impl.OzoneManagerServiceProviderImpl (OzoneManagerServiceProviderImpl.java:syncDataFromOM(630)) - Seq number of Recon's OM DB : 15
2025-09-11 04:24:50,160 [qtp391903823-545] INFO  requests.recon (Slf4jRequestLogWriter.java:write(62)) - 127.0.0.1 - - [11/Sep/2025:04:24:50 +0000] "GET /api/v1/triggerdbsync/om HTTP/1.1" 200 4 "-" "Java/21.0.8"
2025-09-11 04:24:50,168 [Recon-SyncOM-2] INFO  impl.OzoneManagerServiceProviderImpl (OzoneManagerServiceProviderImpl.java:innerGetAndApplyDeltaUpdatesFromOM(600)) - From Sequence Number:15, Recon DB Sequence Number: 22, Number of updates received from OM : 2, SequenceNumber diff: 7, SequenceNumber Lag from OM 0, isDBUpdateSuccess: true
2025-09-11 04:24:50,172 [Recon-SyncOM-2] INFO  impl.OzoneManagerServiceProviderImpl (OzoneManagerServiceProviderImpl.java:syncDataFromOM(746)) - Delta updates received from OM : 1 loops, 7 records
2025-09-11 04:24:50,172 [Recon-SyncOM-2] INFO  impl.OzoneManagerServiceProviderImpl (OzoneManagerServiceProviderImpl.java:lambda$startSyncDataFromOM$2(336)) - Sequence number after sync: 22
2025-09-11 04:24:50,327 [ReplicationMonitor] INFO  replication.ReplicationManager (ReplicationManager.java:processAll(359)) - Replication Manager is not ready to run until 3000ms after safemode exit
2025-09-11 04:24:51,167 [ForkJoinPool-1-worker-1] INFO  ozoneimpl.OzoneContainer (OzoneContainer.java:stop(549)) - Attempting to stop container services.
2025-09-11 04:24:51,168 [ContainerMetadataScanner] WARN  ozoneimpl.AbstractBackgroundContainerScanner (AbstractBackgroundContainerScanner.java:handleRemainingSleep(136)) - Background container scan was interrupted.
2025-09-11 04:24:51,168 [ContainerMetadataScanner] INFO  ozoneimpl.AbstractBackgroundContainerScanner (AbstractBackgroundContainerScanner.java:run(63)) - org.apache.hadoop.ozone.container.ozoneimpl.BackgroundContainerMetadataScanner@5f776519 exiting.
2025-09-11 04:24:51,168 [ForkJoinPool-1-worker-1] INFO  ozoneimpl.BackgroundContainerDataScanner (BackgroundContainerDataScanner.java:shutdown(87)) - ContainerDataScanner(/home/runner/work/ozone/ozone/hadoop-ozone/integration-test-recon/target/test-dir/MiniOzoneClusterImpl-e405f726-f354-48a5-b90a-334fe627f997/ozone-metadata/datanode-3/data-0/hdds) is shutting down. 
2025-09-11 04:24:51,168 [ContainerDataScanner(/home/runner/work/ozone/ozone/hadoop-ozone/integration-test-recon/target/test-dir/MiniOzoneClusterImpl-e405f726-f354-48a5-b90a-334fe627f997/ozone-metadata/datanode-3/data-0/hdds)] WARN  ozoneimpl.AbstractBackgroundContainerScanner (AbstractBackgroundContainerScanner.java:handleRemainingSleep(136)) - Background container scan was interrupted.
2025-09-11 04:24:51,168 [ContainerDataScanner(/home/runner/work/ozone/ozone/hadoop-ozone/integration-test-recon/target/test-dir/MiniOzoneClusterImpl-e405f726-f354-48a5-b90a-334fe627f997/ozone-metadata/datanode-3/data-0/hdds)] INFO  ozoneimpl.AbstractBackgroundContainerScanner (AbstractBackgroundContainerScanner.java:run(63)) - ContainerDataScanner(/home/runner/work/ozone/ozone/hadoop-ozone/integration-test-recon/target/test-dir/MiniOzoneClusterImpl-e405f726-f354-48a5-b90a-334fe627f997/ozone-metadata/datanode-3/data-0/hdds, DS-17621e02-5b38-422b-bc69-c542f1a7c534) exiting.
2025-09-11 04:24:51,168 [ForkJoinPool-1-worker-1] INFO  ozoneimpl.OnDemandContainerScanner (OnDemandContainerScanner.java:shutdown(141)) - On-demand container scanner is shutting down.
2025-09-11 04:24:51,171 [ForkJoinPool-1-worker-1] INFO  ratis.XceiverServerRatis (XceiverServerRatis.java:stop(597)) - Closing XceiverServerRatis(86475e3c-5cf0-45b3-a002-22fb0eea734c)
2025-09-11 04:24:51,172 [ForkJoinPool-1-worker-1] INFO  server.RaftServer (RaftServerProxy.java:lambda$close$9(422)) - 86475e3c-5cf0-45b3-a002-22fb0eea734c: close
2025-09-11 04:24:51,172 [86475e3c-5cf0-45b3-a002-22fb0eea734c-impl-thread1] INFO  server.RaftServer$Division (RaftServerImpl.java:lambda$close$1(527)) - 86475e3c-5cf0-45b3-a002-22fb0eea734c@group-398FB7E0F3DC: shutdown
2025-09-11 04:24:51,172 [ForkJoinPool-1-worker-1] INFO  server.GrpcServicesImpl (GrpcServicesImpl.java:closeImpl(355)) - 86475e3c-5cf0-45b3-a002-22fb0eea734c: shutdown server org.apache.ratis.grpc.server.GrpcClientProtocolService now
2025-09-11 04:24:51,172 [86475e3c-5cf0-45b3-a002-22fb0eea734c-impl-thread2] INFO  server.RaftServer$Division (RaftServerImpl.java:lambda$close$1(527)) - 86475e3c-5cf0-45b3-a002-22fb0eea734c@group-89F97EC95128: shutdown
2025-09-11 04:24:51,172 [86475e3c-5cf0-45b3-a002-22fb0eea734c-impl-thread2] INFO  util.JmxRegister (JmxRegister.java:unregister(74)) - Successfully un-registered JMX Bean with object name Ratis:service=RaftServer,group=group-89F97EC95128,id=86475e3c-5cf0-45b3-a002-22fb0eea734c
2025-09-11 04:24:51,172 [86475e3c-5cf0-45b3-a002-22fb0eea734c-impl-thread2] INFO  impl.RoleInfo (RoleInfo.java:shutdownLeaderState(103)) - 86475e3c-5cf0-45b3-a002-22fb0eea734c: shutdown 86475e3c-5cf0-45b3-a002-22fb0eea734c@group-89F97EC95128-LeaderStateImpl
2025-09-11 04:24:51,173 [86475e3c-5cf0-45b3-a002-22fb0eea734c-impl-thread2] INFO  impl.PendingRequests (PendingRequests.java:sendNotLeaderResponses(287)) - 86475e3c-5cf0-45b3-a002-22fb0eea734c@group-89F97EC95128-PendingRequests: sendNotLeaderResponses
2025-09-11 04:24:51,173 [Thread-872] INFO  server.GrpcServerProtocolClient (GrpcServerProtocolClient.java:close(105)) - 42a5f925-1bc2-4f8a-8509-c5ae65e6fcde Close channels
2025-09-11 04:24:51,172 [86475e3c-5cf0-45b3-a002-22fb0eea734c-impl-thread1] INFO  util.JmxRegister (JmxRegister.java:unregister(74)) - Successfully un-registered JMX Bean with object name Ratis:service=RaftServer,group=group-398FB7E0F3DC,id=86475e3c-5cf0-45b3-a002-22fb0eea734c
2025-09-11 04:24:51,173 [86475e3c-5cf0-45b3-a002-22fb0eea734c-impl-thread1] INFO  impl.RoleInfo (RoleInfo.java:shutdownLeaderState(103)) - 86475e3c-5cf0-45b3-a002-22fb0eea734c: shutdown 86475e3c-5cf0-45b3-a002-22fb0eea734c@group-398FB7E0F3DC-LeaderStateImpl
2025-09-11 04:24:51,173 [86475e3c-5cf0-45b3-a002-22fb0eea734c-impl-thread1] INFO  impl.PendingRequests (PendingRequests.java:sendNotLeaderResponses(287)) - 86475e3c-5cf0-45b3-a002-22fb0eea734c@group-398FB7E0F3DC-PendingRequests: sendNotLeaderResponses
2025-09-11 04:24:51,174 [Recon-SyncOM-2] INFO  impl.OzoneManagerServiceProviderImpl (OzoneManagerServiceProviderImpl.java:lambda$startSyncDataFromOM$2(331)) - Last known sequence number before sync: 22
2025-09-11 04:24:51,174 [Recon-SyncOM-2] INFO  impl.OzoneManagerServiceProviderImpl (OzoneManagerServiceProviderImpl.java:syncDataFromOM(630)) - Seq number of Recon's OM DB : 22
2025-09-11 04:24:51,174 [86475e3c-5cf0-45b3-a002-22fb0eea734c@group-398FB7E0F3DC->42a5f925-1bc2-4f8a-8509-c5ae65e6fcde-GrpcLogAppender-LogAppenderDaemon] WARN  server.GrpcLogAppender (GrpcLogAppender.java:mayWait(300)) - 86475e3c-5cf0-45b3-a002-22fb0eea734c@group-398FB7E0F3DC->42a5f925-1bc2-4f8a-8509-c5ae65e6fcde-GrpcLogAppender: Wait interrupted by java.lang.InterruptedException
2025-09-11 04:24:51,174 [Thread-874] INFO  server.GrpcServerProtocolClient (GrpcServerProtocolClient.java:close(105)) - d5ad88c2-6e7a-4660-bab6-a4e8807a575e Close channels
2025-09-11 04:24:51,175 [86475e3c-5cf0-45b3-a002-22fb0eea734c@group-89F97EC95128-StateMachineUpdater] INFO  ratis.ContainerStateMachine (ContainerStateMachine.java:takeSnapshot(427)) - group-89F97EC95128: Taking a snapshot at:(t:1, i:3) file /home/runner/work/ozone/ozone/hadoop-ozone/integration-test-recon/target/test-dir/MiniOzoneClusterImpl-e405f726-f354-48a5-b90a-334fe627f997/ozone-metadata/datanode-3/ratis/01831988-c4a1-4d45-9bca-89f97ec95128/sm/snapshot.1_3
2025-09-11 04:24:51,175 [86475e3c-5cf0-45b3-a002-22fb0eea734c@group-398FB7E0F3DC->d5ad88c2-6e7a-4660-bab6-a4e8807a575e-GrpcLogAppender-LogAppenderDaemon] WARN  server.GrpcLogAppender (GrpcLogAppender.java:mayWait(300)) - 86475e3c-5cf0-45b3-a002-22fb0eea734c@group-398FB7E0F3DC->d5ad88c2-6e7a-4660-bab6-a4e8807a575e-GrpcLogAppender: Wait interrupted by java.lang.InterruptedException
2025-09-11 04:24:51,175 [86475e3c-5cf0-45b3-a002-22fb0eea734c-impl-thread2] INFO  impl.StateMachineUpdater (StateMachineUpdater.java:stopAndJoin(163)) - 86475e3c-5cf0-45b3-a002-22fb0eea734c@group-89F97EC95128-StateMachineUpdater: set stopIndex = 3
2025-09-11 04:24:51,177 [grpc-default-executor-1] WARN  server.GrpcClientProtocolService (LogUtils.java:warn(127)) - 0-OrderedRequestStreamObserver0: onError: org.apache.ratis.thirdparty.io.grpc.StatusRuntimeException: CANCELLED: client cancelled
2025-09-11 04:24:51,177 [grpc-default-executor-0] WARN  server.GrpcClientProtocolService (LogUtils.java:warn(127)) - 1-OrderedRequestStreamObserver1: onError: org.apache.ratis.thirdparty.io.grpc.StatusRuntimeException: CANCELLED: client cancelled
2025-09-11 04:24:51,178 [86475e3c-5cf0-45b3-a002-22fb0eea734c-impl-thread1] INFO  impl.StateMachineUpdater (StateMachineUpdater.java:stopAndJoin(163)) - 86475e3c-5cf0-45b3-a002-22fb0eea734c@group-398FB7E0F3DC-StateMachineUpdater: set stopIndex = 4
2025-09-11 04:24:51,179 [86475e3c-5cf0-45b3-a002-22fb0eea734c@group-398FB7E0F3DC-StateMachineUpdater] INFO  ratis.ContainerStateMachine (ContainerStateMachine.java:takeSnapshot(427)) - group-398FB7E0F3DC: Taking a snapshot at:(t:1, i:4) file /home/runner/work/ozone/ozone/hadoop-ozone/integration-test-recon/target/test-dir/MiniOzoneClusterImpl-e405f726-f354-48a5-b90a-334fe627f997/ozone-metadata/datanode-3/ratis/31d5dcaa-0410-4b69-a9b4-398fb7e0f3dc/sm/snapshot.1_4
2025-09-11 04:24:51,182 [grpc-default-executor-3] INFO  server.GrpcServerProtocolService (GrpcServerProtocolService.java:lambda$onCompleted$6(171)) - 42a5f925-1bc2-4f8a-8509-c5ae65e6fcde: Completed APPEND_ENTRIES, lastRequest: null 
2025-09-11 04:24:51,183 [grpc-default-executor-2] INFO  server.GrpcServerProtocolService (GrpcServerProtocolService.java:lambda$onCompleted$6(171)) - d5ad88c2-6e7a-4660-bab6-a4e8807a575e: Completed APPEND_ENTRIES, lastRequest: null 
2025-09-11 04:24:51,184 [grpc-default-executor-0] INFO  server.GrpcServerProtocolService (GrpcServerProtocolService.java:lambda$null$7(175)) - 42a5f925-1bc2-4f8a-8509-c5ae65e6fcde: Completed APPEND_ENTRIES, lastReply: null 
2025-09-11 04:24:51,186 [grpc-default-executor-3] INFO  server.GrpcLogAppender (GrpcLogAppender.java:onCompleted(558)) - 86475e3c-5cf0-45b3-a002-22fb0eea734c@group-398FB7E0F3DC->42a5f925-1bc2-4f8a-8509-c5ae65e6fcde-AppendLogResponseHandler: follower responses appendEntries COMPLETED
2025-09-11 04:24:51,186 [grpc-default-executor-4] INFO  server.GrpcLogAppender (GrpcLogAppender.java:onCompleted(558)) - 86475e3c-5cf0-45b3-a002-22fb0eea734c@group-398FB7E0F3DC->42a5f925-1bc2-4f8a-8509-c5ae65e6fcde-AppendLogResponseHandler: follower responses appendEntries COMPLETED
2025-09-11 04:24:51,188 [grpc-default-executor-3] WARN  server.GrpcLogAppender (GrpcLogAppender.java:resetClient(237)) - 86475e3c-5cf0-45b3-a002-22fb0eea734c@group-398FB7E0F3DC->42a5f925-1bc2-4f8a-8509-c5ae65e6fcde-GrpcLogAppender: Failed to getClient for 42a5f925-1bc2-4f8a-8509-c5ae65e6fcde
org.apache.ratis.protocol.exceptions.AlreadyClosedException: 86475e3c-5cf0-45b3-a002-22fb0eea734c is already CLOSED
	at org.apache.ratis.util.PeerProxyMap$PeerAndProxy.getProxy(PeerProxyMap.java:67)
	at org.apache.ratis.util.PeerProxyMap.getProxy(PeerProxyMap.java:124)
	at org.apache.ratis.grpc.server.GrpcLogAppender.getClient(GrpcLogAppender.java:207)
	at org.apache.ratis.grpc.server.GrpcLogAppender.resetClient(GrpcLogAppender.java:212)
	at org.apache.ratis.grpc.server.GrpcLogAppender.access$800(GrpcLogAppender.java:70)
	at org.apache.ratis.grpc.server.GrpcLogAppender$AppendLogResponseHandler.onCompleted(GrpcLogAppender.java:559)
	at org.apache.ratis.thirdparty.io.grpc.stub.ClientCalls$StreamObserverToCallListenerAdapter.onClose(ClientCalls.java:562)
	at org.apache.ratis.thirdparty.io.grpc.internal.ClientCallImpl.closeObserver(ClientCallImpl.java:565)
	at org.apache.ratis.thirdparty.io.grpc.internal.ClientCallImpl.access$100(ClientCallImpl.java:72)
	at org.apache.ratis.thirdparty.io.grpc.internal.ClientCallImpl$ClientStreamListenerImpl$1StreamClosed.runInternal(ClientCallImpl.java:733)
	at org.apache.ratis.thirdparty.io.grpc.internal.ClientCallImpl$ClientStreamListenerImpl$1StreamClosed.runInContext(ClientCallImpl.java:714)
	at org.apache.ratis.thirdparty.io.grpc.internal.ContextRunnable.run(ContextRunnable.java:37)
	at org.apache.ratis.thirdparty.io.grpc.internal.SerializingExecutor.run(SerializingExecutor.java:133)
	at java.base/java.util.concurrent.ThreadPoolExecutor.runWorker(ThreadPoolExecutor.java:1144)
	at java.base/java.util.concurrent.ThreadPoolExecutor$Worker.run(ThreadPoolExecutor.java:642)
	at java.base/java.lang.Thread.run(Thread.java:1583)
2025-09-11 04:24:51,188 [grpc-default-executor-4] WARN  server.GrpcLogAppender (GrpcLogAppender.java:resetClient(237)) - 86475e3c-5cf0-45b3-a002-22fb0eea734c@group-398FB7E0F3DC->42a5f925-1bc2-4f8a-8509-c5ae65e6fcde-GrpcLogAppender: Failed to getClient for 42a5f925-1bc2-4f8a-8509-c5ae65e6fcde
org.apache.ratis.protocol.exceptions.AlreadyClosedException: 86475e3c-5cf0-45b3-a002-22fb0eea734c is already CLOSED
	at org.apache.ratis.util.PeerProxyMap$PeerAndProxy.getProxy(PeerProxyMap.java:67)
	at org.apache.ratis.util.PeerProxyMap.getProxy(PeerProxyMap.java:124)
	at org.apache.ratis.grpc.server.GrpcLogAppender.getClient(GrpcLogAppender.java:207)
	at org.apache.ratis.grpc.server.GrpcLogAppender.resetClient(GrpcLogAppender.java:212)
	at org.apache.ratis.grpc.server.GrpcLogAppender.access$800(GrpcLogAppender.java:70)
	at org.apache.ratis.grpc.server.GrpcLogAppender$AppendLogResponseHandler.onCompleted(GrpcLogAppender.java:559)
	at org.apache.ratis.thirdparty.io.grpc.stub.ClientCalls$StreamObserverToCallListenerAdapter.onClose(ClientCalls.java:562)
	at org.apache.ratis.thirdparty.io.grpc.internal.ClientCallImpl.closeObserver(ClientCallImpl.java:565)
	at org.apache.ratis.thirdparty.io.grpc.internal.ClientCallImpl.access$100(ClientCallImpl.java:72)
	at org.apache.ratis.thirdparty.io.grpc.internal.ClientCallImpl$ClientStreamListenerImpl$1StreamClosed.runInternal(ClientCallImpl.java:733)
	at org.apache.ratis.thirdparty.io.grpc.internal.ClientCallImpl$ClientStreamListenerImpl$1StreamClosed.runInContext(ClientCallImpl.java:714)
	at org.apache.ratis.thirdparty.io.grpc.internal.ContextRunnable.run(ContextRunnable.java:37)
	at org.apache.ratis.thirdparty.io.grpc.internal.SerializingExecutor.run(SerializingExecutor.java:133)
	at java.base/java.util.concurrent.ThreadPoolExecutor.runWorker(ThreadPoolExecutor.java:1144)
	at java.base/java.util.concurrent.ThreadPoolExecutor$Worker.run(ThreadPoolExecutor.java:642)
	at java.base/java.lang.Thread.run(Thread.java:1583)
2025-09-11 04:24:51,189 [grpc-default-executor-3] INFO  server.GrpcLogAppender (GrpcLogAppender.java:onCompleted(558)) - 86475e3c-5cf0-45b3-a002-22fb0eea734c@group-398FB7E0F3DC->d5ad88c2-6e7a-4660-bab6-a4e8807a575e-AppendLogResponseHandler: follower responses appendEntries COMPLETED
2025-09-11 04:24:51,189 [grpc-default-executor-3] WARN  server.GrpcLogAppender (GrpcLogAppender.java:resetClient(237)) - 86475e3c-5cf0-45b3-a002-22fb0eea734c@group-398FB7E0F3DC->d5ad88c2-6e7a-4660-bab6-a4e8807a575e-GrpcLogAppender: Failed to getClient for d5ad88c2-6e7a-4660-bab6-a4e8807a575e
org.apache.ratis.protocol.exceptions.AlreadyClosedException: 86475e3c-5cf0-45b3-a002-22fb0eea734c is already CLOSED
	at org.apache.ratis.util.PeerProxyMap$PeerAndProxy.getProxy(PeerProxyMap.java:67)
	at org.apache.ratis.util.PeerProxyMap.getProxy(PeerProxyMap.java:124)
	at org.apache.ratis.grpc.server.GrpcLogAppender.getClient(GrpcLogAppender.java:207)
	at org.apache.ratis.grpc.server.GrpcLogAppender.resetClient(GrpcLogAppender.java:212)
	at org.apache.ratis.grpc.server.GrpcLogAppender.access$800(GrpcLogAppender.java:70)
	at org.apache.ratis.grpc.server.GrpcLogAppender$AppendLogResponseHandler.onCompleted(GrpcLogAppender.java:559)
	at org.apache.ratis.thirdparty.io.grpc.stub.ClientCalls$StreamObserverToCallListenerAdapter.onClose(ClientCalls.java:562)
	at org.apache.ratis.thirdparty.io.grpc.internal.ClientCallImpl.closeObserver(ClientCallImpl.java:565)
	at org.apache.ratis.thirdparty.io.grpc.internal.ClientCallImpl.access$100(ClientCallImpl.java:72)
	at org.apache.ratis.thirdparty.io.grpc.internal.ClientCallImpl$ClientStreamListenerImpl$1StreamClosed.runInternal(ClientCallImpl.java:733)
	at org.apache.ratis.thirdparty.io.grpc.internal.ClientCallImpl$ClientStreamListenerImpl$1StreamClosed.runInContext(ClientCallImpl.java:714)
	at org.apache.ratis.thirdparty.io.grpc.internal.ContextRunnable.run(ContextRunnable.java:37)
	at org.apache.ratis.thirdparty.io.grpc.internal.SerializingExecutor.run(SerializingExecutor.java:133)
	at java.base/java.util.concurrent.ThreadPoolExecutor.runWorker(ThreadPoolExecutor.java:1144)
	at java.base/java.util.concurrent.ThreadPoolExecutor$Worker.run(ThreadPoolExecutor.java:642)
	at java.base/java.lang.Thread.run(Thread.java:1583)
2025-09-11 04:24:51,189 [Recon-SyncOM-2] INFO  impl.OzoneManagerServiceProviderImpl (OzoneManagerServiceProviderImpl.java:innerGetAndApplyDeltaUpdatesFromOM(600)) - From Sequence Number:22, Recon DB Sequence Number: 22, Number of updates received from OM : 0, SequenceNumber diff: 0, SequenceNumber Lag from OM 0, isDBUpdateSuccess: true
2025-09-11 04:24:51,194 [Recon-SyncOM-2] INFO  impl.OzoneManagerServiceProviderImpl (OzoneManagerServiceProviderImpl.java:syncDataFromOM(746)) - Delta updates received from OM : 1 loops, 0 records
2025-09-11 04:24:51,195 [Recon-SyncOM-2] INFO  impl.OzoneManagerServiceProviderImpl (OzoneManagerServiceProviderImpl.java:lambda$startSyncDataFromOM$2(336)) - Sequence number after sync: 22
2025-09-11 04:24:51,240 [grpc-default-executor-2] INFO  server.GrpcServerProtocolService (GrpcServerProtocolService.java:lambda$null$7(175)) - d5ad88c2-6e7a-4660-bab6-a4e8807a575e: Completed APPEND_ENTRIES, lastReply: serverReply {
  requestorId: "86475e3c-5cf0-45b3-a002-22fb0eea734c"
  replyId: "d5ad88c2-6e7a-4660-bab6-a4e8807a575e"
  raftGroupId {
    id: "1\325\334\252\004\020Ki\251\2649\217\267\340\363\334"
  }
  success: true
}
term: 1
followerCommit: 18446744073709551615
matchIndex: 18446744073709551615
isHearbeat: true
 
2025-09-11 04:24:51,241 [grpc-default-executor-2] INFO  server.GrpcLogAppender (GrpcLogAppender.java:onCompleted(558)) - 86475e3c-5cf0-45b3-a002-22fb0eea734c@group-398FB7E0F3DC->d5ad88c2-6e7a-4660-bab6-a4e8807a575e-AppendLogResponseHandler: follower responses appendEntries COMPLETED
2025-09-11 04:24:51,241 [grpc-default-executor-2] WARN  server.GrpcLogAppender (GrpcLogAppender.java:resetClient(237)) - 86475e3c-5cf0-45b3-a002-22fb0eea734c@group-398FB7E0F3DC->d5ad88c2-6e7a-4660-bab6-a4e8807a575e-GrpcLogAppender: Failed to getClient for d5ad88c2-6e7a-4660-bab6-a4e8807a575e
org.apache.ratis.protocol.exceptions.AlreadyClosedException: 86475e3c-5cf0-45b3-a002-22fb0eea734c is already CLOSED
	at org.apache.ratis.util.PeerProxyMap$PeerAndProxy.getProxy(PeerProxyMap.java:67)
	at org.apache.ratis.util.PeerProxyMap.getProxy(PeerProxyMap.java:124)
	at org.apache.ratis.grpc.server.GrpcLogAppender.getClient(GrpcLogAppender.java:207)
	at org.apache.ratis.grpc.server.GrpcLogAppender.resetClient(GrpcLogAppender.java:212)
	at org.apache.ratis.grpc.server.GrpcLogAppender.access$800(GrpcLogAppender.java:70)
	at org.apache.ratis.grpc.server.GrpcLogAppender$AppendLogResponseHandler.onCompleted(GrpcLogAppender.java:559)
	at org.apache.ratis.thirdparty.io.grpc.stub.ClientCalls$StreamObserverToCallListenerAdapter.onClose(ClientCalls.java:562)
	at org.apache.ratis.thirdparty.io.grpc.internal.DelayedClientCall$DelayedListener$3.run(DelayedClientCall.java:489)
	at org.apache.ratis.thirdparty.io.grpc.internal.DelayedClientCall$DelayedListener.delayOrExecute(DelayedClientCall.java:453)
	at org.apache.ratis.thirdparty.io.grpc.internal.DelayedClientCall$DelayedListener.onClose(DelayedClientCall.java:486)
	at org.apache.ratis.thirdparty.io.grpc.internal.ClientCallImpl.closeObserver(ClientCallImpl.java:565)
	at org.apache.ratis.thirdparty.io.grpc.internal.ClientCallImpl.access$100(ClientCallImpl.java:72)
	at org.apache.ratis.thirdparty.io.grpc.internal.ClientCallImpl$ClientStreamListenerImpl$1StreamClosed.runInternal(ClientCallImpl.java:733)
	at org.apache.ratis.thirdparty.io.grpc.internal.ClientCallImpl$ClientStreamListenerImpl$1StreamClosed.runInContext(ClientCallImpl.java:714)
	at org.apache.ratis.thirdparty.io.grpc.internal.ContextRunnable.run(ContextRunnable.java:37)
	at org.apache.ratis.thirdparty.io.grpc.internal.SerializingExecutor.run(SerializingExecutor.java:133)
	at java.base/java.util.concurrent.ThreadPoolExecutor.runWorker(ThreadPoolExecutor.java:1144)
	at java.base/java.util.concurrent.ThreadPoolExecutor$Worker.run(ThreadPoolExecutor.java:642)
	at java.base/java.lang.Thread.run(Thread.java:1583)
2025-09-11 04:24:51,242 [ForkJoinPool-1-worker-1] INFO  server.GrpcServicesImpl (GrpcServicesImpl.java:closeImpl(364)) - 86475e3c-5cf0-45b3-a002-22fb0eea734c: shutdown server org.apache.ratis.grpc.server.GrpcClientProtocolService successfully
2025-09-11 04:24:51,243 [ForkJoinPool-1-worker-1] INFO  server.GrpcServicesImpl (GrpcServicesImpl.java:closeImpl(355)) - 86475e3c-5cf0-45b3-a002-22fb0eea734c: shutdown server GrpcServerProtocolService now
2025-09-11 04:24:51,243 [ForkJoinPool-1-worker-1] INFO  server.GrpcServicesImpl (GrpcServicesImpl.java:closeImpl(364)) - 86475e3c-5cf0-45b3-a002-22fb0eea734c: shutdown server GrpcServerProtocolService successfully
2025-09-11 04:24:51,243 [ForkJoinPool-1-worker-1] INFO  server.GrpcServicesImpl (GrpcServicesImpl.java:closeImpl(355)) - 86475e3c-5cf0-45b3-a002-22fb0eea734c: shutdown server org.apache.ratis.grpc.server.GrpcAdminProtocolService now
2025-09-11 04:24:51,244 [86475e3c-5cf0-45b3-a002-22fb0eea734c@group-398FB7E0F3DC-StateMachineUpdater] INFO  ratis.ContainerStateMachine (ContainerStateMachine.java:takeSnapshot(436)) - group-398FB7E0F3DC: Finished taking a snapshot at:(t:1, i:4) file:/home/runner/work/ozone/ozone/hadoop-ozone/integration-test-recon/target/test-dir/MiniOzoneClusterImpl-e405f726-f354-48a5-b90a-334fe627f997/ozone-metadata/datanode-3/ratis/31d5dcaa-0410-4b69-a9b4-398fb7e0f3dc/sm/snapshot.1_4 took: 65 ms
2025-09-11 04:24:51,244 [86475e3c-5cf0-45b3-a002-22fb0eea734c@group-89F97EC95128-StateMachineUpdater] INFO  ratis.ContainerStateMachine (ContainerStateMachine.java:takeSnapshot(436)) - group-89F97EC95128: Finished taking a snapshot at:(t:1, i:3) file:/home/runner/work/ozone/ozone/hadoop-ozone/integration-test-recon/target/test-dir/MiniOzoneClusterImpl-e405f726-f354-48a5-b90a-334fe627f997/ozone-metadata/datanode-3/ratis/01831988-c4a1-4d45-9bca-89f97ec95128/sm/snapshot.1_3 took: 69 ms
2025-09-11 04:24:51,244 [86475e3c-5cf0-45b3-a002-22fb0eea734c@group-398FB7E0F3DC-StateMachineUpdater] INFO  impl.StateMachineUpdater (StateMachineUpdater.java:takeSnapshot(307)) - 86475e3c-5cf0-45b3-a002-22fb0eea734c@group-398FB7E0F3DC-StateMachineUpdater: Took a snapshot at index 4
2025-09-11 04:24:51,244 [86475e3c-5cf0-45b3-a002-22fb0eea734c@group-398FB7E0F3DC-StateMachineUpdater] INFO  impl.StateMachineUpdater (StateMachineUpdater.java:lambda$new$0(101)) - 86475e3c-5cf0-45b3-a002-22fb0eea734c@group-398FB7E0F3DC-StateMachineUpdater: snapshotIndex: updateIncreasingly -1 -> 4
2025-09-11 04:24:51,245 [86475e3c-5cf0-45b3-a002-22fb0eea734c@group-398FB7E0F3DC-StateMachineUpdater] INFO  impl.StateMachineUpdater (StateMachineUpdater.java:stop(140)) - 86475e3c-5cf0-45b3-a002-22fb0eea734c@group-398FB7E0F3DC-StateMachineUpdater: closing ContainerStateMachine, lastApplied=(t:1, i:4)
2025-09-11 04:24:51,245 [86475e3c-5cf0-45b3-a002-22fb0eea734c@group-89F97EC95128-StateMachineUpdater] INFO  impl.StateMachineUpdater (StateMachineUpdater.java:takeSnapshot(307)) - 86475e3c-5cf0-45b3-a002-22fb0eea734c@group-89F97EC95128-StateMachineUpdater: Took a snapshot at index 3
2025-09-11 04:24:51,245 [86475e3c-5cf0-45b3-a002-22fb0eea734c@group-89F97EC95128-StateMachineUpdater] INFO  impl.StateMachineUpdater (StateMachineUpdater.java:lambda$new$0(101)) - 86475e3c-5cf0-45b3-a002-22fb0eea734c@group-89F97EC95128-StateMachineUpdater: snapshotIndex: updateIncreasingly -1 -> 3
2025-09-11 04:24:51,245 [86475e3c-5cf0-45b3-a002-22fb0eea734c@group-89F97EC95128-StateMachineUpdater] INFO  impl.StateMachineUpdater (StateMachineUpdater.java:stop(140)) - 86475e3c-5cf0-45b3-a002-22fb0eea734c@group-89F97EC95128-StateMachineUpdater: closing ContainerStateMachine, lastApplied=(t:1, i:3)
2025-09-11 04:24:51,245 [ForkJoinPool-1-worker-1] INFO  server.GrpcServicesImpl (GrpcServicesImpl.java:closeImpl(364)) - 86475e3c-5cf0-45b3-a002-22fb0eea734c: shutdown server org.apache.ratis.grpc.server.GrpcAdminProtocolService successfully
2025-09-11 04:24:51,247 [86475e3c-5cf0-45b3-a002-22fb0eea734c@group-398FB7E0F3DC-cacheEviction-AwaitToRun] INFO  util.AwaitToRun (AwaitToRun.java:run(49)) - 86475e3c-5cf0-45b3-a002-22fb0eea734c@group-398FB7E0F3DC-cacheEviction-AwaitToRun-AwaitForSignal is interrupted
2025-09-11 04:24:51,247 [86475e3c-5cf0-45b3-a002-22fb0eea734c@group-89F97EC95128-cacheEviction-AwaitToRun] INFO  util.AwaitToRun (AwaitToRun.java:run(49)) - 86475e3c-5cf0-45b3-a002-22fb0eea734c@group-89F97EC95128-cacheEviction-AwaitToRun-AwaitForSignal is interrupted
2025-09-11 04:24:51,253 [86475e3c-5cf0-45b3-a002-22fb0eea734c-NettyServerStreamRpc-bossGroup--thread1] INFO  logging.LoggingHandler (AbstractInternalLogger.java:log(148)) - [id: 0xcd45c61d, L:/0.0.0.0:15034] CLOSE
2025-09-11 04:24:51,253 [86475e3c-5cf0-45b3-a002-22fb0eea734c-NettyServerStreamRpc-bossGroup--thread1] INFO  logging.LoggingHandler (AbstractInternalLogger.java:log(148)) - [id: 0xcd45c61d, L:/0.0.0.0:15034] INACTIVE
2025-09-11 04:24:51,253 [86475e3c-5cf0-45b3-a002-22fb0eea734c-NettyServerStreamRpc-bossGroup--thread1] INFO  logging.LoggingHandler (AbstractInternalLogger.java:log(148)) - [id: 0xcd45c61d, L:/0.0.0.0:15034] UNREGISTERED
2025-09-11 04:24:51,329 [ReplicationMonitor] INFO  replication.ReplicationManager (ReplicationManager.java:processAll(384)) - Replication Monitor Thread took 2 milliseconds for processing 2 containers.
2025-09-11 04:24:51,944 [86475e3c-5cf0-45b3-a002-22fb0eea734c-impl-thread1] INFO  segmented.SegmentedRaftLogWorker (SegmentedRaftLogWorker.java:close(254)) - 86475e3c-5cf0-45b3-a002-22fb0eea734c@group-398FB7E0F3DC-SegmentedRaftLogWorker close()
2025-09-11 04:24:51,944 [86475e3c-5cf0-45b3-a002-22fb0eea734c-impl-thread1] INFO  ratis.ContainerStateMachine (ContainerStateMachine.java:notifyServerShutdown(1038)) - group-398FB7E0F3DC is closed by HddsDatanodeService
2025-09-11 04:24:52,144 [86475e3c-5cf0-45b3-a002-22fb0eea734c-impl-thread2] INFO  segmented.SegmentedRaftLogWorker (SegmentedRaftLogWorker.java:close(254)) - 86475e3c-5cf0-45b3-a002-22fb0eea734c@group-89F97EC95128-SegmentedRaftLogWorker close()
2025-09-11 04:24:52,144 [86475e3c-5cf0-45b3-a002-22fb0eea734c-impl-thread2] INFO  ratis.ContainerStateMachine (ContainerStateMachine.java:notifyServerShutdown(1038)) - group-89F97EC95128 is closed by HddsDatanodeService
2025-09-11 04:24:52,144 [JvmPauseMonitor6] INFO  util.JvmPauseMonitor (JvmPauseMonitor.java:run(152)) - JvmPauseMonitor-86475e3c-5cf0-45b3-a002-22fb0eea734c: Stopped
2025-09-11 04:24:52,195 [Recon-SyncOM-2] INFO  impl.OzoneManagerServiceProviderImpl (OzoneManagerServiceProviderImpl.java:lambda$startSyncDataFromOM$2(331)) - Last known sequence number before sync: 22
2025-09-11 04:24:52,195 [Recon-SyncOM-2] INFO  impl.OzoneManagerServiceProviderImpl (OzoneManagerServiceProviderImpl.java:syncDataFromOM(630)) - Seq number of Recon's OM DB : 22
2025-09-11 04:24:52,199 [Recon-SyncOM-2] INFO  impl.OzoneManagerServiceProviderImpl (OzoneManagerServiceProviderImpl.java:innerGetAndApplyDeltaUpdatesFromOM(600)) - From Sequence Number:22, Recon DB Sequence Number: 22, Number of updates received from OM : 0, SequenceNumber diff: 0, SequenceNumber Lag from OM 0, isDBUpdateSuccess: true
2025-09-11 04:24:52,203 [Recon-SyncOM-2] INFO  impl.OzoneManagerServiceProviderImpl (OzoneManagerServiceProviderImpl.java:syncDataFromOM(746)) - Delta updates received from OM : 1 loops, 0 records
2025-09-11 04:24:52,203 [Recon-SyncOM-2] INFO  impl.OzoneManagerServiceProviderImpl (OzoneManagerServiceProviderImpl.java:lambda$startSyncDataFromOM$2(336)) - Sequence number after sync: 22
2025-09-11 04:24:52,330 [ReplicationMonitor] INFO  replication.ReplicationManager (ReplicationManager.java:processAll(384)) - Replication Monitor Thread took 1 milliseconds for processing 2 containers.
2025-09-11 04:24:53,203 [Recon-SyncOM-2] INFO  impl.OzoneManagerServiceProviderImpl (OzoneManagerServiceProviderImpl.java:lambda$startSyncDataFromOM$2(331)) - Last known sequence number before sync: 22
2025-09-11 04:24:53,203 [Recon-SyncOM-2] INFO  impl.OzoneManagerServiceProviderImpl (OzoneManagerServiceProviderImpl.java:syncDataFromOM(630)) - Seq number of Recon's OM DB : 22
2025-09-11 04:24:53,207 [Recon-SyncOM-2] INFO  impl.OzoneManagerServiceProviderImpl (OzoneManagerServiceProviderImpl.java:innerGetAndApplyDeltaUpdatesFromOM(600)) - From Sequence Number:22, Recon DB Sequence Number: 22, Number of updates received from OM : 0, SequenceNumber diff: 0, SequenceNumber Lag from OM 0, isDBUpdateSuccess: true
2025-09-11 04:24:53,211 [Recon-SyncOM-2] INFO  impl.OzoneManagerServiceProviderImpl (OzoneManagerServiceProviderImpl.java:syncDataFromOM(746)) - Delta updates received from OM : 1 loops, 0 records
2025-09-11 04:24:53,211 [Recon-SyncOM-2] INFO  impl.OzoneManagerServiceProviderImpl (OzoneManagerServiceProviderImpl.java:lambda$startSyncDataFromOM$2(336)) - Sequence number after sync: 22
2025-09-11 04:24:53,330 [ReplicationMonitor] INFO  replication.ReplicationManager (ReplicationManager.java:processAll(384)) - Replication Monitor Thread took 0 milliseconds for processing 2 containers.
2025-09-11 04:24:54,152 [ForkJoinPool-1-worker-1] INFO  utils.DatanodeStoreCache (DatanodeStoreCache.java:shutdownCache(110)) - Skip clearing cache in mini cluster mode. Entries left: [/home/runner/work/ozone/ozone/hadoop-ozone/integration-test-recon/target/test-dir/MiniOzoneClusterImpl-e405f726-f354-48a5-b90a-334fe627f997/ozone-metadata/datanode-1/data-0/hdds/e405f726-f354-48a5-b90a-334fe627f997/DS-cc885a7d-e946-4e9e-b1ac-c78a63197b42/container.db, /home/runner/work/ozone/ozone/hadoop-ozone/integration-test-recon/target/test-dir/MiniOzoneClusterImpl-e405f726-f354-48a5-b90a-334fe627f997/ozone-metadata/datanode-2/data-0/hdds/e405f726-f354-48a5-b90a-334fe627f997/DS-0d41c96d-0c42-4c90-84d0-e37932f1d6f9/container.db, /home/runner/work/ozone/ozone/hadoop-ozone/integration-test-recon/target/test-dir/MiniOzoneClusterImpl-e405f726-f354-48a5-b90a-334fe627f997/ozone-metadata/datanode-3/data-0/hdds/e405f726-f354-48a5-b90a-334fe627f997/DS-17621e02-5b38-422b-bc69-c542f1a7c534/container.db, /home/runner/work/ozone/ozone/hadoop-ozone/integration-test-recon/target/test-dir/MiniOzoneClusterImpl-e405f726-f354-48a5-b90a-334fe627f997/ozone-metadata/datanode-4/data-0/hdds/e405f726-f354-48a5-b90a-334fe627f997/DS-59625494-2ced-4156-9813-c0a8cd4097a6/container.db, /home/runner/work/ozone/ozone/hadoop-ozone/integration-test-recon/target/test-dir/MiniOzoneClusterImpl-e405f726-f354-48a5-b90a-334fe627f997/ozone-metadata/datanode-5/data-0/hdds/e405f726-f354-48a5-b90a-334fe627f997/DS-88474d69-0f21-4fe3-a971-f15e258874b4/container.db]
2025-09-11 04:24:54,154 [ForkJoinPool-1-worker-1] INFO  utils.DatanodeStoreCache (DatanodeStoreCache.java:removeDB(104)) - Removed db /home/runner/work/ozone/ozone/hadoop-ozone/integration-test-recon/target/test-dir/MiniOzoneClusterImpl-e405f726-f354-48a5-b90a-334fe627f997/ozone-metadata/datanode-3/data-0/hdds/e405f726-f354-48a5-b90a-334fe627f997/DS-17621e02-5b38-422b-bc69-c542f1a7c534/container.db from cache
2025-09-11 04:24:54,154 [ForkJoinPool-1-worker-1] INFO  volume.HddsVolume (HddsVolume.java:closeDbStore(609)) - SchemaV3 db is stopped at /home/runner/work/ozone/ozone/hadoop-ozone/integration-test-recon/target/test-dir/MiniOzoneClusterImpl-e405f726-f354-48a5-b90a-334fe627f997/ozone-metadata/datanode-3/data-0/hdds/e405f726-f354-48a5-b90a-334fe627f997/DS-17621e02-5b38-422b-bc69-c542f1a7c534/container.db for volume DS-17621e02-5b38-422b-bc69-c542f1a7c534
2025-09-11 04:24:54,154 [ForkJoinPool-1-worker-1] INFO  utils.BackgroundService (BackgroundService.java:shutdown(195)) - Shutting down service BlockDeletingService
2025-09-11 04:24:54,155 [ForkJoinPool-1-worker-1] INFO  utils.BackgroundService (BackgroundService.java:shutdown(195)) - Shutting down service StaleRecoveringContainerScrubbingService
2025-09-11 04:24:54,157 [ForkJoinPool-1-worker-1] INFO  statemachine.DatanodeStateMachine (DatanodeStateMachine.java:stopDaemon(637)) - Ozone container server stopped.
2025-09-11 04:24:54,171 [ForkJoinPool-1-worker-1] INFO  handler.ContextHandler (ContextHandler.java:doStop(1159)) - Stopped o.e.j.w.WebAppContext@1b57238b{hddsDatanode,/,null,STOPPED}{jar:file:/home/runner/work/ozone/ozone/hadoop-hdds/container-service/target/hdds-container-service-2.1.0-SNAPSHOT.jar!/webapps/hddsDatanode}
2025-09-11 04:24:54,173 [ForkJoinPool-1-worker-1] INFO  server.AbstractConnector (AbstractConnector.java:doStop(383)) - Stopped ServerConnector@4a525b7b{HTTP/1.1, (http/1.1)}{0.0.0.0:15028}
2025-09-11 04:24:54,173 [ForkJoinPool-1-worker-1] INFO  server.session (HouseKeeper.java:stopScavenging(149)) - node0 Stopped scavenging
2025-09-11 04:24:54,173 [ForkJoinPool-1-worker-1] INFO  handler.ContextHandler (ContextHandler.java:doStop(1159)) - Stopped o.e.j.s.ServletContextHandler@3a1134d{static,/static,jar:file:/home/runner/work/ozone/ozone/hadoop-hdds/container-service/target/hdds-container-service-2.1.0-SNAPSHOT.jar!/webapps/static,STOPPED}
2025-09-11 04:24:54,173 [ForkJoinPool-1-worker-1] INFO  handler.ContextHandler (ContextHandler.java:doStop(1159)) - Stopped o.e.j.s.ServletContextHandler@1233eb8{logs,/logs,file:///home/runner/work/ozone/ozone/hadoop-ozone/integration-test-recon/target/log,STOPPED}
2025-09-11 04:24:54,174 [ForkJoinPool-1-worker-1] INFO  ozone.HddsDatanodeClientProtocolServer (HddsDatanodeClientProtocolServer.java:stop(82)) - Stopping the RPC server for Client Protocol
2025-09-11 04:24:54,174 [ForkJoinPool-1-worker-1] INFO  ipc.Server (Server.java:stop(3697)) - Stopping server on 15029
2025-09-11 04:24:54,176 [IPC Server listener on 15029] INFO  ipc.Server (Server.java:run(1585)) - Stopping IPC Server listener on 15029
2025-09-11 04:24:54,176 [IPC Server Responder] INFO  ipc.Server (Server.java:run(1718)) - Stopping IPC Server Responder
2025-09-11 04:24:54,180 [ForkJoinPool-1-worker-1] INFO  container.TestHelper (TestHelper.java:countReplicas(443)) - Container 2 has 1 replicas on [86475e3c-5cf0-45b3-a002-22fb0eea734c]
2025-09-11 04:24:54,180 [Recon-EventQueue-StaleNodeForReconStaleNodeHandler] INFO  node.StaleNodeHandler (StaleNodeHandler.java:onMessage(51)) - Datanode 86475e3c-5cf0-45b3-a002-22fb0eea734c(localhost/127.0.0.1) moved to stale state. Finalizing its pipelines [Pipeline-31d5dcaa-0410-4b69-a9b4-398fb7e0f3dc, Pipeline-01831988-c4a1-4d45-9bca-89f97ec95128]
2025-09-11 04:24:54,183 [Recon-EventQueue-StaleNodeForReconStaleNodeHandler] INFO  pipeline.PipelineManagerImpl (PipelineManagerImpl.java:closeContainersForPipeline(489)) - Container #1 closed for pipeline=Pipeline-31d5dcaa-0410-4b69-a9b4-398fb7e0f3dc
2025-09-11 04:24:54,183 [Recon-EventQueue-CloseContainerForCloseContainerEventHandler] INFO  container.CloseContainerEventHandler (CloseContainerEventHandler.java:onMessage(88)) - Close container Event triggered for container : #1, current state: CLOSING
2025-09-11 04:24:54,183 [Recon-EventQueue-StaleNodeForReconStaleNodeHandler] INFO  pipeline.PipelineManagerImpl (PipelineManagerImpl.java:closePipeline(511)) - Pipeline Pipeline-31d5dcaa-0410-4b69-a9b4-398fb7e0f3dc moved to CLOSED state
2025-09-11 04:24:54,184 [Recon-EventQueue-StaleNodeForReconStaleNodeHandler] INFO  pipeline.PipelineManagerImpl (PipelineManagerImpl.java:closeContainersForPipeline(489)) - Container #2 closed for pipeline=Pipeline-01831988-c4a1-4d45-9bca-89f97ec95128
2025-09-11 04:24:54,184 [Recon-EventQueue-StaleNodeForReconStaleNodeHandler] INFO  pipeline.PipelineManagerImpl (PipelineManagerImpl.java:closePipeline(511)) - Pipeline Pipeline-01831988-c4a1-4d45-9bca-89f97ec95128 moved to CLOSED state
2025-09-11 04:24:54,185 [Recon-EventQueue-CloseContainerForCloseContainerEventHandler] INFO  container.CloseContainerEventHandler (CloseContainerEventHandler.java:onMessage(88)) - Close container Event triggered for container : #2, current state: CLOSING
2025-09-11 04:24:54,185 [Recon-EventQueue-DatanodeCommandForReconNodeManager] DEBUG scm.ReconNodeManager (ReconNodeManager.java:onMessage(164)) - Ignoring unsupported command closeContainerCommand for Datanode CommandForDatanode{d5ad88c2-6e7a-4660-bab6-a4e8807a575e, closeContainerCommand: cmdID: 1, encodedToken: "", term: -1, deadlineMsSinceEpoch: 0, containerID: 1, pipelineID: Pipeline-31d5dcaa-0410-4b69-a9b4-398fb7e0f3dc, force: false}.
2025-09-11 04:24:54,185 [Recon-EventQueue-DatanodeCommandForReconNodeManager] DEBUG scm.ReconNodeManager (ReconNodeManager.java:onMessage(164)) - Ignoring unsupported command closeContainerCommand for Datanode CommandForDatanode{86475e3c-5cf0-45b3-a002-22fb0eea734c, closeContainerCommand: cmdID: 1, encodedToken: "", term: -1, deadlineMsSinceEpoch: 0, containerID: 1, pipelineID: Pipeline-31d5dcaa-0410-4b69-a9b4-398fb7e0f3dc, force: false}.
2025-09-11 04:24:54,185 [Recon-EventQueue-DatanodeCommandForReconNodeManager] DEBUG scm.ReconNodeManager (ReconNodeManager.java:onMessage(164)) - Ignoring unsupported command closeContainerCommand for Datanode CommandForDatanode{42a5f925-1bc2-4f8a-8509-c5ae65e6fcde, closeContainerCommand: cmdID: 1, encodedToken: "", term: -1, deadlineMsSinceEpoch: 0, containerID: 1, pipelineID: Pipeline-31d5dcaa-0410-4b69-a9b4-398fb7e0f3dc, force: false}.
2025-09-11 04:24:54,185 [Recon-EventQueue-DatanodeCommandForReconNodeManager] DEBUG scm.ReconNodeManager (ReconNodeManager.java:onMessage(164)) - Ignoring unsupported command closeContainerCommand for Datanode CommandForDatanode{86475e3c-5cf0-45b3-a002-22fb0eea734c, closeContainerCommand: cmdID: 2, encodedToken: "", term: -1, deadlineMsSinceEpoch: 0, containerID: 2, pipelineID: Pipeline-01831988-c4a1-4d45-9bca-89f97ec95128, force: false}.
2025-09-11 04:24:54,189 [Recon-EventQueue-StaleNodeForReconStaleNodeHandler] INFO  scm.ReconPipelineManager (ReconPipelineManager.java:initializePipelines(101)) - Recon has 6 pipelines in house.
2025-09-11 04:24:54,190 [Recon-EventQueue-StaleNodeForReconStaleNodeHandler] WARN  scm.ReconPipelineManager (ReconPipelineManager.java:initializePipelines(107)) - Pipeline Pipeline-b5f232fc-4a98-4060-a56a-9a86f6a96a63 already exists in Recon pipeline metadata.
2025-09-11 04:24:54,190 [Recon-EventQueue-StaleNodeForReconStaleNodeHandler] WARN  scm.ReconPipelineManager (ReconPipelineManager.java:initializePipelines(107)) - Pipeline Pipeline-31d5dcaa-0410-4b69-a9b4-398fb7e0f3dc already exists in Recon pipeline metadata.
2025-09-11 04:24:54,191 [Recon-EventQueue-StaleNodeForReconStaleNodeHandler] WARN  scm.ReconPipelineManager (ReconPipelineManager.java:initializePipelines(107)) - Pipeline Pipeline-4257d8e5-b9ee-4372-8ca5-4d151320670c already exists in Recon pipeline metadata.
2025-09-11 04:24:54,191 [Recon-EventQueue-StaleNodeForReconStaleNodeHandler] WARN  scm.ReconPipelineManager (ReconPipelineManager.java:initializePipelines(107)) - Pipeline Pipeline-460fce7f-2412-49f0-bc0a-06b9db8eb07d already exists in Recon pipeline metadata.
2025-09-11 04:24:54,191 [Recon-EventQueue-StaleNodeForReconStaleNodeHandler] WARN  scm.ReconPipelineManager (ReconPipelineManager.java:initializePipelines(107)) - Pipeline Pipeline-37ff7433-f176-4625-8a30-ec04683b356a already exists in Recon pipeline metadata.
2025-09-11 04:24:54,192 [Recon-EventQueue-StaleNodeForReconStaleNodeHandler] WARN  scm.ReconPipelineManager (ReconPipelineManager.java:initializePipelines(107)) - Pipeline Pipeline-01831988-c4a1-4d45-9bca-89f97ec95128 already exists in Recon pipeline metadata.
2025-09-11 04:24:54,211 [EventQueue-StaleNodeForStaleNodeHandler] INFO  node.StaleNodeHandler (StaleNodeHandler.java:onMessage(51)) - Datanode 86475e3c-5cf0-45b3-a002-22fb0eea734c(localhost/127.0.0.1) moved to stale state. Finalizing its pipelines [Pipeline-31d5dcaa-0410-4b69-a9b4-398fb7e0f3dc, Pipeline-01831988-c4a1-4d45-9bca-89f97ec95128]
2025-09-11 04:24:54,212 [Recon-SyncOM-2] INFO  impl.OzoneManagerServiceProviderImpl (OzoneManagerServiceProviderImpl.java:lambda$startSyncDataFromOM$2(331)) - Last known sequence number before sync: 22
2025-09-11 04:24:54,212 [Recon-SyncOM-2] INFO  impl.OzoneManagerServiceProviderImpl (OzoneManagerServiceProviderImpl.java:syncDataFromOM(630)) - Seq number of Recon's OM DB : 22
2025-09-11 04:24:54,213 [EventQueue-StaleNodeForStaleNodeHandler] INFO  pipeline.PipelineManagerImpl (PipelineManagerImpl.java:closeContainersForPipeline(489)) - Container #1 closed for pipeline=Pipeline-31d5dcaa-0410-4b69-a9b4-398fb7e0f3dc
2025-09-11 04:24:54,213 [EventQueue-CloseContainerForCloseContainerEventHandler] INFO  container.CloseContainerEventHandler (CloseContainerEventHandler.java:onMessage(88)) - Close container Event triggered for container : #1, current state: CLOSING
2025-09-11 04:24:54,216 [EventQueue-StaleNodeForStaleNodeHandler] INFO  pipeline.PipelineManagerImpl (PipelineManagerImpl.java:closePipeline(511)) - Pipeline Pipeline-31d5dcaa-0410-4b69-a9b4-398fb7e0f3dc moved to CLOSED state
2025-09-11 04:24:54,216 [Recon-SyncOM-2] INFO  impl.OzoneManagerServiceProviderImpl (OzoneManagerServiceProviderImpl.java:innerGetAndApplyDeltaUpdatesFromOM(600)) - From Sequence Number:22, Recon DB Sequence Number: 22, Number of updates received from OM : 0, SequenceNumber diff: 0, SequenceNumber Lag from OM 0, isDBUpdateSuccess: true
2025-09-11 04:24:54,218 [EventQueue-StaleNodeForStaleNodeHandler] INFO  pipeline.PipelineManagerImpl (PipelineManagerImpl.java:closeContainersForPipeline(489)) - Container #2 closed for pipeline=Pipeline-01831988-c4a1-4d45-9bca-89f97ec95128
2025-09-11 04:24:54,218 [EventQueue-CloseContainerForCloseContainerEventHandler] INFO  container.CloseContainerEventHandler (CloseContainerEventHandler.java:onMessage(88)) - Close container Event triggered for container : #2, current state: CLOSING
2025-09-11 04:24:54,222 [EventQueue-StaleNodeForStaleNodeHandler] INFO  pipeline.PipelineManagerImpl (PipelineManagerImpl.java:closePipeline(511)) - Pipeline Pipeline-01831988-c4a1-4d45-9bca-89f97ec95128 moved to CLOSED state
2025-09-11 04:24:54,222 [Recon-SyncOM-2] INFO  impl.OzoneManagerServiceProviderImpl (OzoneManagerServiceProviderImpl.java:syncDataFromOM(746)) - Delta updates received from OM : 1 loops, 0 records
2025-09-11 04:24:54,223 [Recon-SyncOM-2] INFO  impl.OzoneManagerServiceProviderImpl (OzoneManagerServiceProviderImpl.java:lambda$startSyncDataFromOM$2(336)) - Sequence number after sync: 22
2025-09-11 04:24:54,330 [ReplicationMonitor] INFO  replication.ReplicationManager (ReplicationManager.java:sendDatanodeCommand(665)) - Sending command [closeContainerCommand: cmdID: 1, encodedToken: "", term: 0, deadlineMsSinceEpoch: 0, containerID: 1, pipelineID: Pipeline-31d5dcaa-0410-4b69-a9b4-398fb7e0f3dc, force: false] for container ContainerInfo{id=#1, state=CLOSING, stateEnterTime=2025-09-11T04:24:54.213253102Z, pipelineID=Pipeline-31d5dcaa-0410-4b69-a9b4-398fb7e0f3dc, owner=omServiceIdDefault} to 42a5f925-1bc2-4f8a-8509-c5ae65e6fcde(localhost/127.0.0.1) with datanode deadline 1757565054330 and scm deadline 1757565414330
2025-09-11 04:24:54,330 [ReplicationMonitor] INFO  replication.ReplicationManager (ReplicationManager.java:sendDatanodeCommand(665)) - Sending command [closeContainerCommand: cmdID: 1, encodedToken: "", term: 0, deadlineMsSinceEpoch: 0, containerID: 1, pipelineID: Pipeline-31d5dcaa-0410-4b69-a9b4-398fb7e0f3dc, force: false] for container ContainerInfo{id=#1, state=CLOSING, stateEnterTime=2025-09-11T04:24:54.213253102Z, pipelineID=Pipeline-31d5dcaa-0410-4b69-a9b4-398fb7e0f3dc, owner=omServiceIdDefault} to 86475e3c-5cf0-45b3-a002-22fb0eea734c(localhost/127.0.0.1) with datanode deadline 1757565054330 and scm deadline 1757565414330
2025-09-11 04:24:54,331 [ReplicationMonitor] INFO  replication.ReplicationManager (ReplicationManager.java:sendDatanodeCommand(665)) - Sending command [closeContainerCommand: cmdID: 1, encodedToken: "", term: 0, deadlineMsSinceEpoch: 0, containerID: 1, pipelineID: Pipeline-31d5dcaa-0410-4b69-a9b4-398fb7e0f3dc, force: false] for container ContainerInfo{id=#1, state=CLOSING, stateEnterTime=2025-09-11T04:24:54.213253102Z, pipelineID=Pipeline-31d5dcaa-0410-4b69-a9b4-398fb7e0f3dc, owner=omServiceIdDefault} to d5ad88c2-6e7a-4660-bab6-a4e8807a575e(localhost/127.0.0.1) with datanode deadline 1757565054331 and scm deadline 1757565414331
2025-09-11 04:24:54,331 [ReplicationMonitor] INFO  replication.ReplicationManager (ReplicationManager.java:sendDatanodeCommand(665)) - Sending command [closeContainerCommand: cmdID: 2, encodedToken: "", term: 0, deadlineMsSinceEpoch: 0, containerID: 2, pipelineID: Pipeline-01831988-c4a1-4d45-9bca-89f97ec95128, force: false] for container ContainerInfo{id=#2, state=CLOSING, stateEnterTime=2025-09-11T04:24:54.218580527Z, pipelineID=Pipeline-01831988-c4a1-4d45-9bca-89f97ec95128, owner=omServiceIdDefault} to 86475e3c-5cf0-45b3-a002-22fb0eea734c(localhost/127.0.0.1) with datanode deadline 1757565054331 and scm deadline 1757565414331
2025-09-11 04:24:54,331 [ReplicationMonitor] INFO  replication.ReplicationManager (ReplicationManager.java:processAll(384)) - Replication Monitor Thread took 1 milliseconds for processing 2 containers.
2025-09-11 04:24:54,380 [ForkJoinPool-1-worker-1] INFO  container.TestHelper (TestHelper.java:countReplicas(443)) - Container 2 has 1 replicas on [86475e3c-5cf0-45b3-a002-22fb0eea734c]
2025-09-11 04:24:54,580 [ForkJoinPool-1-worker-1] INFO  container.TestHelper (TestHelper.java:countReplicas(443)) - Container 2 has 1 replicas on [86475e3c-5cf0-45b3-a002-22fb0eea734c]
2025-09-11 04:24:54,780 [ForkJoinPool-1-worker-1] INFO  container.TestHelper (TestHelper.java:countReplicas(443)) - Container 2 has 1 replicas on [86475e3c-5cf0-45b3-a002-22fb0eea734c]
2025-09-11 04:24:54,980 [ForkJoinPool-1-worker-1] INFO  container.TestHelper (TestHelper.java:countReplicas(443)) - Container 2 has 1 replicas on [86475e3c-5cf0-45b3-a002-22fb0eea734c]
2025-09-11 04:24:55,181 [ForkJoinPool-1-worker-1] INFO  container.TestHelper (TestHelper.java:countReplicas(443)) - Container 2 has 1 replicas on [86475e3c-5cf0-45b3-a002-22fb0eea734c]
2025-09-11 04:24:55,223 [Recon-SyncOM-2] INFO  impl.OzoneManagerServiceProviderImpl (OzoneManagerServiceProviderImpl.java:lambda$startSyncDataFromOM$2(331)) - Last known sequence number before sync: 22
2025-09-11 04:24:55,223 [Recon-SyncOM-2] INFO  impl.OzoneManagerServiceProviderImpl (OzoneManagerServiceProviderImpl.java:syncDataFromOM(630)) - Seq number of Recon's OM DB : 22
2025-09-11 04:24:55,227 [Recon-SyncOM-2] INFO  impl.OzoneManagerServiceProviderImpl (OzoneManagerServiceProviderImpl.java:innerGetAndApplyDeltaUpdatesFromOM(600)) - From Sequence Number:22, Recon DB Sequence Number: 22, Number of updates received from OM : 0, SequenceNumber diff: 0, SequenceNumber Lag from OM 0, isDBUpdateSuccess: true
2025-09-11 04:24:55,231 [Recon-SyncOM-2] INFO  impl.OzoneManagerServiceProviderImpl (OzoneManagerServiceProviderImpl.java:syncDataFromOM(746)) - Delta updates received from OM : 1 loops, 0 records
2025-09-11 04:24:55,231 [Recon-SyncOM-2] INFO  impl.OzoneManagerServiceProviderImpl (OzoneManagerServiceProviderImpl.java:lambda$startSyncDataFromOM$2(336)) - Sequence number after sync: 22
2025-09-11 04:24:55,331 [ReplicationMonitor] INFO  replication.ReplicationManager (ReplicationManager.java:sendDatanodeCommand(665)) - Sending command [closeContainerCommand: cmdID: 1, encodedToken: "", term: 0, deadlineMsSinceEpoch: 0, containerID: 1, pipelineID: Pipeline-31d5dcaa-0410-4b69-a9b4-398fb7e0f3dc, force: false] for container ContainerInfo{id=#1, state=CLOSING, stateEnterTime=2025-09-11T04:24:54.213253102Z, pipelineID=Pipeline-31d5dcaa-0410-4b69-a9b4-398fb7e0f3dc, owner=omServiceIdDefault} to 42a5f925-1bc2-4f8a-8509-c5ae65e6fcde(localhost/127.0.0.1) with datanode deadline 1757565055331 and scm deadline 1757565415331
2025-09-11 04:24:55,331 [ReplicationMonitor] INFO  replication.ReplicationManager (ReplicationManager.java:sendDatanodeCommand(665)) - Sending command [closeContainerCommand: cmdID: 1, encodedToken: "", term: 0, deadlineMsSinceEpoch: 0, containerID: 1, pipelineID: Pipeline-31d5dcaa-0410-4b69-a9b4-398fb7e0f3dc, force: false] for container ContainerInfo{id=#1, state=CLOSING, stateEnterTime=2025-09-11T04:24:54.213253102Z, pipelineID=Pipeline-31d5dcaa-0410-4b69-a9b4-398fb7e0f3dc, owner=omServiceIdDefault} to 86475e3c-5cf0-45b3-a002-22fb0eea734c(localhost/127.0.0.1) with datanode deadline 1757565055331 and scm deadline 1757565415331
2025-09-11 04:24:55,331 [ReplicationMonitor] INFO  replication.ReplicationManager (ReplicationManager.java:sendDatanodeCommand(665)) - Sending command [closeContainerCommand: cmdID: 1, encodedToken: "", term: 0, deadlineMsSinceEpoch: 0, containerID: 1, pipelineID: Pipeline-31d5dcaa-0410-4b69-a9b4-398fb7e0f3dc, force: false] for container ContainerInfo{id=#1, state=CLOSING, stateEnterTime=2025-09-11T04:24:54.213253102Z, pipelineID=Pipeline-31d5dcaa-0410-4b69-a9b4-398fb7e0f3dc, owner=omServiceIdDefault} to d5ad88c2-6e7a-4660-bab6-a4e8807a575e(localhost/127.0.0.1) with datanode deadline 1757565055331 and scm deadline 1757565415331
2025-09-11 04:24:55,332 [ReplicationMonitor] INFO  replication.ReplicationManager (ReplicationManager.java:sendDatanodeCommand(665)) - Sending command [closeContainerCommand: cmdID: 2, encodedToken: "", term: 0, deadlineMsSinceEpoch: 0, containerID: 2, pipelineID: Pipeline-01831988-c4a1-4d45-9bca-89f97ec95128, force: false] for container ContainerInfo{id=#2, state=CLOSING, stateEnterTime=2025-09-11T04:24:54.218580527Z, pipelineID=Pipeline-01831988-c4a1-4d45-9bca-89f97ec95128, owner=omServiceIdDefault} to 86475e3c-5cf0-45b3-a002-22fb0eea734c(localhost/127.0.0.1) with datanode deadline 1757565055332 and scm deadline 1757565415332
2025-09-11 04:24:55,332 [ReplicationMonitor] INFO  replication.ReplicationManager (ReplicationManager.java:processAll(384)) - Replication Monitor Thread took 1 milliseconds for processing 2 containers.
2025-09-11 04:24:55,381 [ForkJoinPool-1-worker-1] INFO  container.TestHelper (TestHelper.java:countReplicas(443)) - Container 2 has 1 replicas on [86475e3c-5cf0-45b3-a002-22fb0eea734c]
2025-09-11 04:24:55,581 [ForkJoinPool-1-worker-1] INFO  container.TestHelper (TestHelper.java:countReplicas(443)) - Container 2 has 1 replicas on [86475e3c-5cf0-45b3-a002-22fb0eea734c]
2025-09-11 04:24:55,781 [ForkJoinPool-1-worker-1] INFO  container.TestHelper (TestHelper.java:countReplicas(443)) - Container 2 has 1 replicas on [86475e3c-5cf0-45b3-a002-22fb0eea734c]
2025-09-11 04:24:55,895 [FixedThreadPoolWithAffinityExecutor-9-0] WARN  events.FixedThreadPoolWithAffinityExecutor (FixedThreadPoolWithAffinityExecutor.java:run(251)) - Event remained in queue for long time 3 millisec, 42a5f925-1bc2-4f8a-8509-c5ae65e6fcde(localhost/127.0.0.1), {type: FCR, size: 1}
2025-09-11 04:24:55,896 [FixedThreadPoolWithAffinityExecutor-9-0] WARN  events.FixedThreadPoolWithAffinityExecutor (FixedThreadPoolWithAffinityExecutor.java:run(264)) - Event taken long execution time 3 millisec, 42a5f925-1bc2-4f8a-8509-c5ae65e6fcde(localhost/127.0.0.1), {type: FCR, size: 1}
2025-09-11 04:24:55,897 [42a5f925-1bc2-4f8a-8509-c5ae65e6fcde-CloseContainerThread-1] INFO  commandhandler.CloseContainerCommandHandler (CloseContainerCommandHandler.java:lambda$handle$0(154)) - Follower cannot close container #1.
2025-09-11 04:24:55,899 [42a5f925-1bc2-4f8a-8509-c5ae65e6fcde-CloseContainerThread-0] INFO  commandhandler.CloseContainerCommandHandler (CloseContainerCommandHandler.java:lambda$handle$0(154)) - Follower cannot close container #1.
2025-09-11 04:24:55,981 [ForkJoinPool-1-worker-1] INFO  container.TestHelper (TestHelper.java:countReplicas(443)) - Container 2 has 1 replicas on [86475e3c-5cf0-45b3-a002-22fb0eea734c]
2025-09-11 04:24:56,182 [ForkJoinPool-1-worker-1] INFO  container.TestHelper (TestHelper.java:countReplicas(443)) - Container 2 has 1 replicas on [86475e3c-5cf0-45b3-a002-22fb0eea734c]
2025-09-11 04:24:56,184 [timer3] INFO  server.GrpcServerProtocolService (GrpcServerProtocolService.java:lambda$onCompleted$6(171)) - 42a5f925-1bc2-4f8a-8509-c5ae65e6fcde: Completed APPEND_ENTRIES, lastRequest: 86475e3c-5cf0-45b3-a002-22fb0eea734c->42a5f925-1bc2-4f8a-8509-c5ae65e6fcde#7-t1,previous=(t:1, i:3),leaderCommit=2,initializing? false,entries: size=1, first=(t:1, i:4), METADATAENTRY(c:2)  (Repeated 2 times in the last 5.001s)
2025-09-11 04:24:56,184 [timer4] INFO  server.GrpcServerProtocolService (GrpcServerProtocolService.java:lambda$onCompleted$6(171)) - d5ad88c2-6e7a-4660-bab6-a4e8807a575e: Completed APPEND_ENTRIES, lastRequest: 86475e3c-5cf0-45b3-a002-22fb0eea734c->d5ad88c2-6e7a-4660-bab6-a4e8807a575e#7-t1,previous=(t:1, i:3),leaderCommit=2,initializing? false,entries: size=1, first=(t:1, i:4), METADATAENTRY(c:2)  (Repeated 2 times in the last 5.001s)
2025-09-11 04:24:56,185 [timer5] INFO  server.GrpcServerProtocolService (GrpcServerProtocolService.java:lambda$null$7(175)) - 42a5f925-1bc2-4f8a-8509-c5ae65e6fcde: Completed APPEND_ENTRIES, lastReply: serverReply {
  requestorId: "86475e3c-5cf0-45b3-a002-22fb0eea734c"
  replyId: "42a5f925-1bc2-4f8a-8509-c5ae65e6fcde"
  raftGroupId {
    id: "1\325\334\252\004\020Ki\251\2649\217\267\340\363\334"
  }
  success: true
}
term: 1
followerCommit: 18446744073709551615
matchIndex: 18446744073709551615
isHearbeat: true
  (Repeated 2 times in the last 5.001s)
2025-09-11 04:24:56,231 [Recon-SyncOM-2] INFO  impl.OzoneManagerServiceProviderImpl (OzoneManagerServiceProviderImpl.java:lambda$startSyncDataFromOM$2(331)) - Last known sequence number before sync: 22
2025-09-11 04:24:56,231 [Recon-SyncOM-2] INFO  impl.OzoneManagerServiceProviderImpl (OzoneManagerServiceProviderImpl.java:syncDataFromOM(630)) - Seq number of Recon's OM DB : 22
2025-09-11 04:24:56,235 [Recon-SyncOM-2] INFO  impl.OzoneManagerServiceProviderImpl (OzoneManagerServiceProviderImpl.java:innerGetAndApplyDeltaUpdatesFromOM(600)) - From Sequence Number:22, Recon DB Sequence Number: 22, Number of updates received from OM : 0, SequenceNumber diff: 0, SequenceNumber Lag from OM 0, isDBUpdateSuccess: true
2025-09-11 04:24:56,239 [Recon-SyncOM-2] INFO  impl.OzoneManagerServiceProviderImpl (OzoneManagerServiceProviderImpl.java:syncDataFromOM(746)) - Delta updates received from OM : 1 loops, 0 records
2025-09-11 04:24:56,239 [Recon-SyncOM-2] INFO  impl.OzoneManagerServiceProviderImpl (OzoneManagerServiceProviderImpl.java:lambda$startSyncDataFromOM$2(336)) - Sequence number after sync: 22
2025-09-11 04:24:56,240 [timer6] INFO  server.GrpcServerProtocolService (GrpcServerProtocolService.java:lambda$null$7(175)) - d5ad88c2-6e7a-4660-bab6-a4e8807a575e: Completed APPEND_ENTRIES, lastReply: null  (Repeated 2 times in the last 5.056s)
2025-09-11 04:24:56,332 [ReplicationMonitor] INFO  replication.ReplicationManager (ReplicationManager.java:sendDatanodeCommand(665)) - Sending command [closeContainerCommand: cmdID: 1, encodedToken: "", term: 0, deadlineMsSinceEpoch: 0, containerID: 1, pipelineID: Pipeline-31d5dcaa-0410-4b69-a9b4-398fb7e0f3dc, force: false] for container ContainerInfo{id=#1, state=CLOSING, stateEnterTime=2025-09-11T04:24:54.213253102Z, pipelineID=Pipeline-31d5dcaa-0410-4b69-a9b4-398fb7e0f3dc, owner=omServiceIdDefault} to 42a5f925-1bc2-4f8a-8509-c5ae65e6fcde(localhost/127.0.0.1) with datanode deadline 1757565056332 and scm deadline 1757565416332
2025-09-11 04:24:56,332 [ReplicationMonitor] INFO  replication.ReplicationManager (ReplicationManager.java:sendDatanodeCommand(665)) - Sending command [closeContainerCommand: cmdID: 1, encodedToken: "", term: 0, deadlineMsSinceEpoch: 0, containerID: 1, pipelineID: Pipeline-31d5dcaa-0410-4b69-a9b4-398fb7e0f3dc, force: false] for container ContainerInfo{id=#1, state=CLOSING, stateEnterTime=2025-09-11T04:24:54.213253102Z, pipelineID=Pipeline-31d5dcaa-0410-4b69-a9b4-398fb7e0f3dc, owner=omServiceIdDefault} to 86475e3c-5cf0-45b3-a002-22fb0eea734c(localhost/127.0.0.1) with datanode deadline 1757565056332 and scm deadline 1757565416332
2025-09-11 04:24:56,332 [ReplicationMonitor] INFO  replication.ReplicationManager (ReplicationManager.java:sendDatanodeCommand(665)) - Sending command [closeContainerCommand: cmdID: 1, encodedToken: "", term: 0, deadlineMsSinceEpoch: 0, containerID: 1, pipelineID: Pipeline-31d5dcaa-0410-4b69-a9b4-398fb7e0f3dc, force: false] for container ContainerInfo{id=#1, state=CLOSING, stateEnterTime=2025-09-11T04:24:54.213253102Z, pipelineID=Pipeline-31d5dcaa-0410-4b69-a9b4-398fb7e0f3dc, owner=omServiceIdDefault} to d5ad88c2-6e7a-4660-bab6-a4e8807a575e(localhost/127.0.0.1) with datanode deadline 1757565056332 and scm deadline 1757565416332
2025-09-11 04:24:56,332 [ReplicationMonitor] INFO  replication.ReplicationManager (ReplicationManager.java:sendDatanodeCommand(665)) - Sending command [closeContainerCommand: cmdID: 2, encodedToken: "", term: 0, deadlineMsSinceEpoch: 0, containerID: 2, pipelineID: Pipeline-01831988-c4a1-4d45-9bca-89f97ec95128, force: false] for container ContainerInfo{id=#2, state=CLOSING, stateEnterTime=2025-09-11T04:24:54.218580527Z, pipelineID=Pipeline-01831988-c4a1-4d45-9bca-89f97ec95128, owner=omServiceIdDefault} to 86475e3c-5cf0-45b3-a002-22fb0eea734c(localhost/127.0.0.1) with datanode deadline 1757565056332 and scm deadline 1757565416332
2025-09-11 04:24:56,332 [ReplicationMonitor] INFO  replication.ReplicationManager (ReplicationManager.java:processAll(384)) - Replication Monitor Thread took 0 milliseconds for processing 2 containers.
2025-09-11 04:24:56,382 [ForkJoinPool-1-worker-1] INFO  container.TestHelper (TestHelper.java:countReplicas(443)) - Container 2 has 1 replicas on [86475e3c-5cf0-45b3-a002-22fb0eea734c]
2025-09-11 04:24:56,582 [ForkJoinPool-1-worker-1] INFO  container.TestHelper (TestHelper.java:countReplicas(443)) - Container 2 has 1 replicas on [86475e3c-5cf0-45b3-a002-22fb0eea734c]
2025-09-11 04:24:56,782 [ForkJoinPool-1-worker-1] INFO  container.TestHelper (TestHelper.java:countReplicas(443)) - Container 2 has 1 replicas on [86475e3c-5cf0-45b3-a002-22fb0eea734c]
2025-09-11 04:24:56,892 [d5ad88c2-6e7a-4660-bab6-a4e8807a575e-CloseContainerThread-1] INFO  commandhandler.CloseContainerCommandHandler (CloseContainerCommandHandler.java:lambda$handle$0(154)) - Follower cannot close container #1.
2025-09-11 04:24:56,896 [d5ad88c2-6e7a-4660-bab6-a4e8807a575e-CloseContainerThread-0] INFO  commandhandler.CloseContainerCommandHandler (CloseContainerCommandHandler.java:lambda$handle$0(154)) - Follower cannot close container #1.
2025-09-11 04:24:56,982 [ForkJoinPool-1-worker-1] INFO  container.TestHelper (TestHelper.java:countReplicas(443)) - Container 2 has 1 replicas on [86475e3c-5cf0-45b3-a002-22fb0eea734c]
2025-09-11 04:24:57,183 [ForkJoinPool-1-worker-1] INFO  container.TestHelper (TestHelper.java:countReplicas(443)) - Container 2 has 1 replicas on [86475e3c-5cf0-45b3-a002-22fb0eea734c]
2025-09-11 04:24:57,183 [Recon-EventQueue-DeadNodeForReconDeadNodeHandler] INFO  node.DeadNodeHandler (DeadNodeHandler.java:onMessage(91)) - A dead datanode is detected. 86475e3c-5cf0-45b3-a002-22fb0eea734c(localhost/127.0.0.1)
2025-09-11 04:24:57,185 [Recon-EventQueue-DeadNodeForReconDeadNodeHandler] INFO  pipeline.PipelineManagerImpl (PipelineManagerImpl.java:closePipeline(511)) - Pipeline Pipeline-31d5dcaa-0410-4b69-a9b4-398fb7e0f3dc moved to CLOSED state
2025-09-11 04:24:57,185 [Recon-EventQueue-DeadNodeForReconDeadNodeHandler] INFO  pipeline.PipelineManagerImpl (PipelineManagerImpl.java:removePipeline(464)) - Pipeline Pipeline{ Id: 31d5dcaa-0410-4b69-a9b4-398fb7e0f3dc, Nodes: [ {d5ad88c2-6e7a-4660-bab6-a4e8807a575e(localhost/127.0.0.1), ReplicaIndex: 0}, {86475e3c-5cf0-45b3-a002-22fb0eea734c(localhost/127.0.0.1), ReplicaIndex: 0}, {42a5f925-1bc2-4f8a-8509-c5ae65e6fcde(localhost/127.0.0.1), ReplicaIndex: 0},], ReplicationConfig: RATIS/THREE, State:CLOSED, leaderId:86475e3c-5cf0-45b3-a002-22fb0eea734c, CreationTimestamp2025-09-11T04:24:44.494Z[Etc/UTC]} removed.
2025-09-11 04:24:57,186 [Recon-EventQueue-DeadNodeForReconDeadNodeHandler] INFO  pipeline.PipelineManagerImpl (PipelineManagerImpl.java:closePipeline(511)) - Pipeline Pipeline-01831988-c4a1-4d45-9bca-89f97ec95128 moved to CLOSED state
2025-09-11 04:24:57,186 [Recon-EventQueue-DeadNodeForReconDeadNodeHandler] INFO  pipeline.PipelineManagerImpl (PipelineManagerImpl.java:removePipeline(464)) - Pipeline Pipeline{ Id: 01831988-c4a1-4d45-9bca-89f97ec95128, Nodes: [ {86475e3c-5cf0-45b3-a002-22fb0eea734c(localhost/127.0.0.1), ReplicaIndex: 0},], ReplicationConfig: RATIS/ONE, State:CLOSED, leaderId:86475e3c-5cf0-45b3-a002-22fb0eea734c, CreationTimestamp2025-09-11T04:24:44.481Z[Etc/UTC]} removed.
2025-09-11 04:24:57,188 [Recon-EventQueue-DeadNodeForReconDeadNodeHandler] INFO  node.DeadNodeHandler (DeadNodeHandler.java:onMessage(113)) - Clearing command queue of size 0 for DN 86475e3c-5cf0-45b3-a002-22fb0eea734c(localhost/127.0.0.1)
2025-09-11 04:24:57,188 [Recon-EventQueue-DeadNodeForReconDeadNodeHandler] INFO  net.NetworkTopologyImpl (NetworkTopologyImpl.java:remove(211)) - Removed a node: /default-rack/86475e3c-5cf0-45b3-a002-22fb0eea734c
2025-09-11 04:24:57,210 [Recon-EventQueue-DeadNodeForReconDeadNodeHandler] INFO  fsck.ContainerHealthTask (ContainerHealthTask.java:generateUnhealthyRecords(573)) - Non-empty container 2 is missing. It has 1 keys and 0 bytes used according to SCM metadata. Please visit Recon's missing container page for a list of keys (and their metadata) mapped to this container.
2025-09-11 04:24:57,212 [Recon-EventQueue-DeadNodeForReconDeadNodeHandler] INFO  fsck.ContainerHealthTask (ContainerHealthTask.java:checkAndProcessContainers(194)) - Container Health task thread took 1 iterations to fetch all containers using batched approach with batch size of 1000
2025-09-11 04:24:57,212 [Recon-EventQueue-DeadNodeForReconDeadNodeHandler] INFO  fsck.ContainerHealthTask (ContainerHealthTask.java:lambda$logUnhealthyContainerStats$5(222)) - MISSING **Container State Stats:** 
	TOTAL_KEYS -> 1 , CONTAINER_COUNT -> 1 , TOTAL_USED_BYTES -> 0
2025-09-11 04:24:57,212 [Recon-EventQueue-DeadNodeForReconDeadNodeHandler] INFO  fsck.ContainerHealthTask (ContainerHealthTask.java:lambda$logUnhealthyContainerStats$5(222)) - UNDER_REPLICATED **Container State Stats:** 
	TOTAL_KEYS -> 1 , CONTAINER_COUNT -> 1 , TOTAL_USED_BYTES -> 7
2025-09-11 04:24:57,214 [EventQueue-DeadNodeForDeadNodeHandler] INFO  node.DeadNodeHandler (DeadNodeHandler.java:onMessage(91)) - A dead datanode is detected. 86475e3c-5cf0-45b3-a002-22fb0eea734c(localhost/127.0.0.1)
2025-09-11 04:24:57,216 [EventQueue-DeadNodeForDeadNodeHandler] INFO  pipeline.RatisPipelineProvider (RatisPipelineProvider.java:lambda$close$4(273)) - Send pipeline:Pipeline-31d5dcaa-0410-4b69-a9b4-398fb7e0f3dc close command to datanode d5ad88c2-6e7a-4660-bab6-a4e8807a575e
2025-09-11 04:24:57,216 [EventQueue-DeadNodeForDeadNodeHandler] INFO  pipeline.RatisPipelineProvider (RatisPipelineProvider.java:lambda$close$4(273)) - Send pipeline:Pipeline-31d5dcaa-0410-4b69-a9b4-398fb7e0f3dc close command to datanode 86475e3c-5cf0-45b3-a002-22fb0eea734c
2025-09-11 04:24:57,216 [EventQueue-DeadNodeForDeadNodeHandler] INFO  pipeline.RatisPipelineProvider (RatisPipelineProvider.java:lambda$close$4(273)) - Send pipeline:Pipeline-31d5dcaa-0410-4b69-a9b4-398fb7e0f3dc close command to datanode 42a5f925-1bc2-4f8a-8509-c5ae65e6fcde
2025-09-11 04:24:57,216 [EventQueue-DeadNodeForDeadNodeHandler] INFO  pipeline.PipelineManagerImpl (PipelineManagerImpl.java:removePipeline(464)) - Pipeline Pipeline{ Id: 31d5dcaa-0410-4b69-a9b4-398fb7e0f3dc, Nodes: [ {d5ad88c2-6e7a-4660-bab6-a4e8807a575e(localhost/127.0.0.1), ReplicaIndex: 0}, {86475e3c-5cf0-45b3-a002-22fb0eea734c(localhost/127.0.0.1), ReplicaIndex: 0}, {42a5f925-1bc2-4f8a-8509-c5ae65e6fcde(localhost/127.0.0.1), ReplicaIndex: 0},], ReplicationConfig: RATIS/THREE, State:CLOSED, leaderId:86475e3c-5cf0-45b3-a002-22fb0eea734c, CreationTimestamp2025-09-11T04:24:44.494Z[Etc/UTC]} removed.
2025-09-11 04:24:57,218 [Recon-EventQueue-DeadNodeForReconDeadNodeHandler] INFO  scm.ReconPipelineManager (ReconPipelineManager.java:initializePipelines(101)) - Recon has 4 pipelines in house.
2025-09-11 04:24:57,218 [Recon-EventQueue-DeadNodeForReconDeadNodeHandler] WARN  scm.ReconPipelineManager (ReconPipelineManager.java:initializePipelines(107)) - Pipeline Pipeline-b5f232fc-4a98-4060-a56a-9a86f6a96a63 already exists in Recon pipeline metadata.
2025-09-11 04:24:57,219 [Recon-EventQueue-DeadNodeForReconDeadNodeHandler] WARN  scm.ReconPipelineManager (ReconPipelineManager.java:initializePipelines(107)) - Pipeline Pipeline-4257d8e5-b9ee-4372-8ca5-4d151320670c already exists in Recon pipeline metadata.
2025-09-11 04:24:57,219 [Recon-EventQueue-DeadNodeForReconDeadNodeHandler] WARN  scm.ReconPipelineManager (ReconPipelineManager.java:initializePipelines(107)) - Pipeline Pipeline-460fce7f-2412-49f0-bc0a-06b9db8eb07d already exists in Recon pipeline metadata.
2025-09-11 04:24:57,219 [EventQueue-DeadNodeForDeadNodeHandler] INFO  pipeline.RatisPipelineProvider (RatisPipelineProvider.java:lambda$close$4(273)) - Send pipeline:Pipeline-01831988-c4a1-4d45-9bca-89f97ec95128 close command to datanode 86475e3c-5cf0-45b3-a002-22fb0eea734c
2025-09-11 04:24:57,219 [EventQueue-DeadNodeForDeadNodeHandler] INFO  pipeline.PipelineManagerImpl (PipelineManagerImpl.java:removePipeline(464)) - Pipeline Pipeline{ Id: 01831988-c4a1-4d45-9bca-89f97ec95128, Nodes: [ {86475e3c-5cf0-45b3-a002-22fb0eea734c(localhost/127.0.0.1), ReplicaIndex: 0},], ReplicationConfig: RATIS/ONE, State:CLOSED, leaderId:86475e3c-5cf0-45b3-a002-22fb0eea734c, CreationTimestamp2025-09-11T04:24:44.481Z[Etc/UTC]} removed.
2025-09-11 04:24:57,220 [Recon-EventQueue-DeadNodeForReconDeadNodeHandler] WARN  scm.ReconPipelineManager (ReconPipelineManager.java:initializePipelines(107)) - Pipeline Pipeline-37ff7433-f176-4625-8a30-ec04683b356a already exists in Recon pipeline metadata.
2025-09-11 04:24:57,220 [EventQueue-DeadNodeForDeadNodeHandler] INFO  node.DeadNodeHandler (DeadNodeHandler.java:onMessage(113)) - Clearing command queue of size 9 for DN 86475e3c-5cf0-45b3-a002-22fb0eea734c(localhost/127.0.0.1)
2025-09-11 04:24:57,220 [EventQueue-DeadNodeForDeadNodeHandler] INFO  net.NetworkTopologyImpl (NetworkTopologyImpl.java:remove(211)) - Removed a node: /default-rack/86475e3c-5cf0-45b3-a002-22fb0eea734c
2025-09-11 04:24:57,220 [ReplicationMonitor] INFO  replication.ReplicationManager (ReplicationManager.java:sendDatanodeCommand(665)) - Sending command [closeContainerCommand: cmdID: 1, encodedToken: "", term: 0, deadlineMsSinceEpoch: 0, containerID: 1, pipelineID: Pipeline-31d5dcaa-0410-4b69-a9b4-398fb7e0f3dc, force: false] for container ContainerInfo{id=#1, state=CLOSING, stateEnterTime=2025-09-11T04:24:54.213253102Z, pipelineID=Pipeline-31d5dcaa-0410-4b69-a9b4-398fb7e0f3dc, owner=omServiceIdDefault} to 42a5f925-1bc2-4f8a-8509-c5ae65e6fcde(localhost/127.0.0.1) with datanode deadline 1757565057220 and scm deadline 1757565417220
2025-09-11 04:24:57,220 [ReplicationMonitor] INFO  replication.ReplicationManager (ReplicationManager.java:sendDatanodeCommand(665)) - Sending command [closeContainerCommand: cmdID: 1, encodedToken: "", term: 0, deadlineMsSinceEpoch: 0, containerID: 1, pipelineID: Pipeline-31d5dcaa-0410-4b69-a9b4-398fb7e0f3dc, force: false] for container ContainerInfo{id=#1, state=CLOSING, stateEnterTime=2025-09-11T04:24:54.213253102Z, pipelineID=Pipeline-31d5dcaa-0410-4b69-a9b4-398fb7e0f3dc, owner=omServiceIdDefault} to d5ad88c2-6e7a-4660-bab6-a4e8807a575e(localhost/127.0.0.1) with datanode deadline 1757565057220 and scm deadline 1757565417220
2025-09-11 04:24:57,221 [ReplicationMonitor] INFO  replication.ReplicationManager (ReplicationManager.java:processAll(384)) - Replication Monitor Thread took 1 milliseconds for processing 2 containers.
2025-09-11 04:24:57,221 [Recon-EventQueue-DeadNodeForReconDeadNodeHandler] INFO  scm.ReconPipelineManager (ReconPipelineManager.java:initializePipelines(105)) - Added new pipeline Pipeline-01831988-c4a1-4d45-9bca-89f97ec95128 from SCM.
2025-09-11 04:24:57,239 [Recon-SyncOM-2] INFO  impl.OzoneManagerServiceProviderImpl (OzoneManagerServiceProviderImpl.java:lambda$startSyncDataFromOM$2(331)) - Last known sequence number before sync: 22
2025-09-11 04:24:57,239 [Recon-SyncOM-2] INFO  impl.OzoneManagerServiceProviderImpl (OzoneManagerServiceProviderImpl.java:syncDataFromOM(630)) - Seq number of Recon's OM DB : 22
2025-09-11 04:24:57,243 [Recon-SyncOM-2] INFO  impl.OzoneManagerServiceProviderImpl (OzoneManagerServiceProviderImpl.java:innerGetAndApplyDeltaUpdatesFromOM(600)) - From Sequence Number:22, Recon DB Sequence Number: 22, Number of updates received from OM : 0, SequenceNumber diff: 0, SequenceNumber Lag from OM 0, isDBUpdateSuccess: true
2025-09-11 04:24:57,247 [Recon-SyncOM-2] INFO  impl.OzoneManagerServiceProviderImpl (OzoneManagerServiceProviderImpl.java:syncDataFromOM(746)) - Delta updates received from OM : 1 loops, 0 records
2025-09-11 04:24:57,247 [Recon-SyncOM-2] INFO  impl.OzoneManagerServiceProviderImpl (OzoneManagerServiceProviderImpl.java:lambda$startSyncDataFromOM$2(336)) - Sequence number after sync: 22
2025-09-11 04:24:57,383 [ForkJoinPool-1-worker-1] INFO  container.TestHelper (TestHelper.java:countReplicas(443)) - Container 2 has 0 replicas on []
2025-09-11 04:24:57,391 [FixedThreadPoolWithAffinityExecutor-9-0] WARN  events.FixedThreadPoolWithAffinityExecutor (FixedThreadPoolWithAffinityExecutor.java:run(251)) - Event remained in queue for long time 2 millisec, 346684e1-b57f-4c29-9507-935dad45bd68(localhost/127.0.0.1), {type: FCR, size: 0}
2025-09-11 04:24:57,392 [FixedThreadPoolWithAffinityExecutor-9-0] WARN  events.FixedThreadPoolWithAffinityExecutor (FixedThreadPoolWithAffinityExecutor.java:run(264)) - Event taken long execution time 2 millisec, 346684e1-b57f-4c29-9507-935dad45bd68(localhost/127.0.0.1), {type: FCR, size: 0}
Connecting to Recon: http://localhost:15000/api/v1/containers/unhealthy/MISSING ...
2025-09-11 04:24:57,422 [qtp391903823-544] INFO  impl.Tools (JooqLogger.java:info(338)) - Kotlin is available, but not kotlin-reflect. Add the kotlin-reflect dependency to better use Kotlin features like data classes
2025-09-11 04:24:57,446 [qtp391903823-544] INFO  requests.recon (Slf4jRequestLogWriter.java:write(62)) - 127.0.0.1 - - [11/Sep/2025:04:24:57 +0000] "GET /api/v1/containers/unhealthy/MISSING HTTP/1.1" 200 593 "-" "Java/21.0.8"
2025-09-11 04:24:57,457 [ForkJoinPool-1-worker-1] INFO  recon.TestReconAndAdminContainerCLI (TestReconAndAdminContainerCLI.java:assertReportsMatch(344)) - Reports do not match (yet): expected: <0> but was: <1>
2025-09-11 04:24:57,892 [42a5f925-1bc2-4f8a-8509-c5ae65e6fcde-CloseContainerThread-1] INFO  commandhandler.CloseContainerCommandHandler (CloseContainerCommandHandler.java:lambda$handle$0(154)) - Follower cannot close container #1.
2025-09-11 04:24:57,892 [42a5f925-1bc2-4f8a-8509-c5ae65e6fcde-CloseContainerThread-2] INFO  commandhandler.CloseContainerCommandHandler (CloseContainerCommandHandler.java:lambda$handle$0(154)) - Follower cannot close container #1.
2025-09-11 04:24:57,897 [EventQueue-PipelineReportForPipelineReportHandler] INFO  pipeline.PipelineReportHandler (PipelineReportHandler.java:handlePipelineNotFoundException(98)) - Pipeline Pipeline-31d5dcaa-0410-4b69-a9b4-398fb7e0f3dc, reported by datanode d5ad88c2-6e7a-4660-bab6-a4e8807a575e(localhost/127.0.0.1) is not found.
2025-09-11 04:24:57,897 [Recon-EventQueue-PipelineReportForReconPipelineReportHandler] INFO  scm.ReconPipelineReportHandler (ReconPipelineReportHandler.java:processPipelineReport(66)) - Unknown pipeline Pipeline-31d5dcaa-0410-4b69-a9b4-398fb7e0f3dc. Trying to get from SCM.
2025-09-11 04:24:57,901 [EventQueue-PipelineReportForPipelineReportHandler] INFO  pipeline.PipelineReportHandler (PipelineReportHandler.java:handlePipelineNotFoundException(98)) - Pipeline Pipeline-31d5dcaa-0410-4b69-a9b4-398fb7e0f3dc, reported by datanode 42a5f925-1bc2-4f8a-8509-c5ae65e6fcde(localhost/127.0.0.1) is not found.
2025-09-11T04:24:57.905462241Z IPC Server handler 12 on default port 15002 ERROR user=runner | ip=127.0.0.1 | op=GET_PIPELINE {pipelineID=31d5dcaa-0410-4b69-a9b4-398fb7e0f3dc} | ret=FAILURE
org.apache.hadoop.hdds.scm.pipeline.PipelineNotFoundException: Pipeline-31d5dcaa-0410-4b69-a9b4-398fb7e0f3dc not found
	at org.apache.hadoop.hdds.scm.pipeline.PipelineStateMap.getPipeline(PipelineStateMap.java:150)
	at org.apache.hadoop.hdds.scm.pipeline.PipelineStateManagerImpl.getPipeline(PipelineStateManagerImpl.java:133)
	at java.base/jdk.internal.reflect.DirectMethodHandleAccessor.invoke(DirectMethodHandleAccessor.java:103)
	at java.base/java.lang.reflect.Method.invoke(Method.java:580)
	at org.apache.hadoop.hdds.scm.ha.SCMHAInvocationHandler.invokeLocal(SCMHAInvocationHandler.java:90)
	at org.apache.hadoop.hdds.scm.ha.SCMHAInvocationHandler.invoke(SCMHAInvocationHandler.java:73)
	at jdk.proxy2/jdk.proxy2.$Proxy44.getPipeline(Unknown Source)
	at org.apache.hadoop.hdds.scm.pipeline.PipelineManagerImpl.getPipeline(PipelineManagerImpl.java:336)
	at org.apache.hadoop.hdds.scm.server.SCMClientProtocolServer.getPipeline(SCMClientProtocolServer.java:836)
	at org.apache.hadoop.hdds.scm.protocol.StorageContainerLocationProtocolServerSideTranslatorPB.getPipeline(StorageContainerLocationProtocolServerSideTranslatorPB.java:979)
	at org.apache.hadoop.hdds.scm.protocol.StorageContainerLocationProtocolServerSideTranslatorPB.processRequest(StorageContainerLocationProtocolServerSideTranslatorPB.java:618)
	at org.apache.hadoop.hdds.server.OzoneProtocolMessageDispatcher.processRequest(OzoneProtocolMessageDispatcher.java:87)
	at org.apache.hadoop.hdds.scm.protocol.StorageContainerLocationProtocolServerSideTranslatorPB.submitRequest(StorageContainerLocationProtocolServerSideTranslatorPB.java:236)
	at org.apache.hadoop.hdds.protocol.proto.StorageContainerLocationProtocolProtos$StorageContainerLocationProtocolService$2.callBlockingMethod(StorageContainerLocationProtocolProtos.java)
	at org.apache.hadoop.ipc.ProtobufRpcEngine$Server.processCall(ProtobufRpcEngine.java:484)
	at org.apache.hadoop.ipc.ProtobufRpcEngine2$Server$ProtoBufRpcInvoker.call(ProtobufRpcEngine2.java:595)
	at org.apache.hadoop.ipc.ProtobufRpcEngine2$Server$ProtoBufRpcInvoker.call(ProtobufRpcEngine2.java:573)
	at org.apache.hadoop.ipc.RPC$Server.call(RPC.java:1227)
	at org.apache.hadoop.ipc.Server$RpcCall.run(Server.java:1246)
	at org.apache.hadoop.ipc.Server$RpcCall.run(Server.java:1169)
	at java.base/java.security.AccessController.doPrivileged(AccessController.java:714)
	at java.base/javax.security.auth.Subject.doAs(Subject.java:525)
	at org.apache.hadoop.security.UserGroupInformation.doAs(UserGroupInformation.java:1953)
	at org.apache.hadoop.ipc.Server$Handler.run(Server.java:3198)
2025-09-11 04:24:57,908 [IPC Server handler 12 on default port 15002] INFO  ipc.Server (Server.java:logException(3260)) - IPC Server handler 12 on default port 15002, call Call#219 Retry#0 org.apache.hadoop.hdds.scm.protocol.StorageContainerLocationProtocol.submitRequest from 127.0.0.1:48272
org.apache.hadoop.hdds.scm.pipeline.PipelineNotFoundException: Pipeline-31d5dcaa-0410-4b69-a9b4-398fb7e0f3dc not found
	at org.apache.hadoop.hdds.scm.pipeline.PipelineStateMap.getPipeline(PipelineStateMap.java:150)
	at org.apache.hadoop.hdds.scm.pipeline.PipelineStateManagerImpl.getPipeline(PipelineStateManagerImpl.java:133)
	at java.base/jdk.internal.reflect.DirectMethodHandleAccessor.invoke(DirectMethodHandleAccessor.java:103)
	at java.base/java.lang.reflect.Method.invoke(Method.java:580)
	at org.apache.hadoop.hdds.scm.ha.SCMHAInvocationHandler.invokeLocal(SCMHAInvocationHandler.java:90)
	at org.apache.hadoop.hdds.scm.ha.SCMHAInvocationHandler.invoke(SCMHAInvocationHandler.java:73)
	at jdk.proxy2/jdk.proxy2.$Proxy44.getPipeline(Unknown Source)
	at org.apache.hadoop.hdds.scm.pipeline.PipelineManagerImpl.getPipeline(PipelineManagerImpl.java:336)
	at org.apache.hadoop.hdds.scm.server.SCMClientProtocolServer.getPipeline(SCMClientProtocolServer.java:836)
	at org.apache.hadoop.hdds.scm.protocol.StorageContainerLocationProtocolServerSideTranslatorPB.getPipeline(StorageContainerLocationProtocolServerSideTranslatorPB.java:979)
	at org.apache.hadoop.hdds.scm.protocol.StorageContainerLocationProtocolServerSideTranslatorPB.processRequest(StorageContainerLocationProtocolServerSideTranslatorPB.java:618)
	at org.apache.hadoop.hdds.server.OzoneProtocolMessageDispatcher.processRequest(OzoneProtocolMessageDispatcher.java:87)
	at org.apache.hadoop.hdds.scm.protocol.StorageContainerLocationProtocolServerSideTranslatorPB.submitRequest(StorageContainerLocationProtocolServerSideTranslatorPB.java:236)
	at org.apache.hadoop.hdds.protocol.proto.StorageContainerLocationProtocolProtos$StorageContainerLocationProtocolService$2.callBlockingMethod(StorageContainerLocationProtocolProtos.java)
	at org.apache.hadoop.ipc.ProtobufRpcEngine$Server.processCall(ProtobufRpcEngine.java:484)
	at org.apache.hadoop.ipc.ProtobufRpcEngine2$Server$ProtoBufRpcInvoker.call(ProtobufRpcEngine2.java:595)
	at org.apache.hadoop.ipc.ProtobufRpcEngine2$Server$ProtoBufRpcInvoker.call(ProtobufRpcEngine2.java:573)
	at org.apache.hadoop.ipc.RPC$Server.call(RPC.java:1227)
	at org.apache.hadoop.ipc.Server$RpcCall.run(Server.java:1246)
	at org.apache.hadoop.ipc.Server$RpcCall.run(Server.java:1169)
	at java.base/java.security.AccessController.doPrivileged(AccessController.java:714)
	at java.base/javax.security.auth.Subject.doAs(Subject.java:525)
	at org.apache.hadoop.security.UserGroupInformation.doAs(UserGroupInformation.java:1953)
	at org.apache.hadoop.ipc.Server$Handler.run(Server.java:3198)
2025-09-11 04:24:57,909 [Recon-EventQueue-PipelineReportForReconPipelineReportHandler] ERROR scm.ReconPipelineReportHandler (ReconPipelineReportHandler.java:processPipelineReport(77)) - Could not find pipeline Pipeline-31d5dcaa-0410-4b69-a9b4-398fb7e0f3dc at SCM.
2025-09-11 04:24:57,909 [Recon-EventQueue-PipelineReportForReconPipelineReportHandler] INFO  pipeline.PipelineReportHandler (PipelineReportHandler.java:handlePipelineNotFoundException(98)) - Pipeline Pipeline-31d5dcaa-0410-4b69-a9b4-398fb7e0f3dc, reported by datanode d5ad88c2-6e7a-4660-bab6-a4e8807a575e(localhost/127.0.0.1) is not found.
2025-09-11 04:24:57,909 [Recon-EventQueue-PipelineReportForReconPipelineReportHandler] INFO  scm.ReconPipelineReportHandler (ReconPipelineReportHandler.java:processPipelineReport(66)) - Unknown pipeline Pipeline-31d5dcaa-0410-4b69-a9b4-398fb7e0f3dc. Trying to get from SCM.
2025-09-11 04:24:57,910 [Recon-EventQueue-DatanodeCommandForReconNodeManager] DEBUG scm.ReconNodeManager (ReconNodeManager.java:onMessage(164)) - Ignoring unsupported command closePipelineCommand for Datanode CommandForDatanode{d5ad88c2-6e7a-4660-bab6-a4e8807a575e, closePipelineCommand: cmdID: 1757564684018, encodedToken: "", term: -1, deadlineMsSinceEpoch: 0, pipelineID: Pipeline-31d5dcaa-0410-4b69-a9b4-398fb7e0f3dc}.
2025-09-11T04:24:57.910862443Z IPC Server handler 11 on default port 15002 ERROR user=runner | ip=127.0.0.1 | op=GET_PIPELINE {pipelineID=31d5dcaa-0410-4b69-a9b4-398fb7e0f3dc} | ret=FAILURE
org.apache.hadoop.hdds.scm.pipeline.PipelineNotFoundException: Pipeline-31d5dcaa-0410-4b69-a9b4-398fb7e0f3dc not found
	at org.apache.hadoop.hdds.scm.pipeline.PipelineStateMap.getPipeline(PipelineStateMap.java:150)
	at org.apache.hadoop.hdds.scm.pipeline.PipelineStateManagerImpl.getPipeline(PipelineStateManagerImpl.java:133)
	at java.base/jdk.internal.reflect.DirectMethodHandleAccessor.invoke(DirectMethodHandleAccessor.java:103)
	at java.base/java.lang.reflect.Method.invoke(Method.java:580)
	at org.apache.hadoop.hdds.scm.ha.SCMHAInvocationHandler.invokeLocal(SCMHAInvocationHandler.java:90)
	at org.apache.hadoop.hdds.scm.ha.SCMHAInvocationHandler.invoke(SCMHAInvocationHandler.java:73)
	at jdk.proxy2/jdk.proxy2.$Proxy44.getPipeline(Unknown Source)
	at org.apache.hadoop.hdds.scm.pipeline.PipelineManagerImpl.getPipeline(PipelineManagerImpl.java:336)
	at org.apache.hadoop.hdds.scm.server.SCMClientProtocolServer.getPipeline(SCMClientProtocolServer.java:836)
	at org.apache.hadoop.hdds.scm.protocol.StorageContainerLocationProtocolServerSideTranslatorPB.getPipeline(StorageContainerLocationProtocolServerSideTranslatorPB.java:979)
	at org.apache.hadoop.hdds.scm.protocol.StorageContainerLocationProtocolServerSideTranslatorPB.processRequest(StorageContainerLocationProtocolServerSideTranslatorPB.java:618)
	at org.apache.hadoop.hdds.server.OzoneProtocolMessageDispatcher.processRequest(OzoneProtocolMessageDispatcher.java:87)
	at org.apache.hadoop.hdds.scm.protocol.StorageContainerLocationProtocolServerSideTranslatorPB.submitRequest(StorageContainerLocationProtocolServerSideTranslatorPB.java:236)
	at org.apache.hadoop.hdds.protocol.proto.StorageContainerLocationProtocolProtos$StorageContainerLocationProtocolService$2.callBlockingMethod(StorageContainerLocationProtocolProtos.java)
	at org.apache.hadoop.ipc.ProtobufRpcEngine$Server.processCall(ProtobufRpcEngine.java:484)
	at org.apache.hadoop.ipc.ProtobufRpcEngine2$Server$ProtoBufRpcInvoker.call(ProtobufRpcEngine2.java:595)
	at org.apache.hadoop.ipc.ProtobufRpcEngine2$Server$ProtoBufRpcInvoker.call(ProtobufRpcEngine2.java:573)
	at org.apache.hadoop.ipc.RPC$Server.call(RPC.java:1227)
	at org.apache.hadoop.ipc.Server$RpcCall.run(Server.java:1246)
	at org.apache.hadoop.ipc.Server$RpcCall.run(Server.java:1169)
	at java.base/java.security.AccessController.doPrivileged(AccessController.java:714)
	at java.base/javax.security.auth.Subject.doAs(Subject.java:525)
	at org.apache.hadoop.security.UserGroupInformation.doAs(UserGroupInformation.java:1953)
	at org.apache.hadoop.ipc.Server$Handler.run(Server.java:3198)
2025-09-11 04:24:57,911 [IPC Server handler 11 on default port 15002] INFO  ipc.Server (Server.java:logException(3260)) - IPC Server handler 11 on default port 15002, call Call#222 Retry#0 org.apache.hadoop.hdds.scm.protocol.StorageContainerLocationProtocol.submitRequest from 127.0.0.1:48272
org.apache.hadoop.hdds.scm.pipeline.PipelineNotFoundException: Pipeline-31d5dcaa-0410-4b69-a9b4-398fb7e0f3dc not found
	at org.apache.hadoop.hdds.scm.pipeline.PipelineStateMap.getPipeline(PipelineStateMap.java:150)
	at org.apache.hadoop.hdds.scm.pipeline.PipelineStateManagerImpl.getPipeline(PipelineStateManagerImpl.java:133)
	at java.base/jdk.internal.reflect.DirectMethodHandleAccessor.invoke(DirectMethodHandleAccessor.java:103)
	at java.base/java.lang.reflect.Method.invoke(Method.java:580)
	at org.apache.hadoop.hdds.scm.ha.SCMHAInvocationHandler.invokeLocal(SCMHAInvocationHandler.java:90)
	at org.apache.hadoop.hdds.scm.ha.SCMHAInvocationHandler.invoke(SCMHAInvocationHandler.java:73)
	at jdk.proxy2/jdk.proxy2.$Proxy44.getPipeline(Unknown Source)
	at org.apache.hadoop.hdds.scm.pipeline.PipelineManagerImpl.getPipeline(PipelineManagerImpl.java:336)
	at org.apache.hadoop.hdds.scm.server.SCMClientProtocolServer.getPipeline(SCMClientProtocolServer.java:836)
	at org.apache.hadoop.hdds.scm.protocol.StorageContainerLocationProtocolServerSideTranslatorPB.getPipeline(StorageContainerLocationProtocolServerSideTranslatorPB.java:979)
	at org.apache.hadoop.hdds.scm.protocol.StorageContainerLocationProtocolServerSideTranslatorPB.processRequest(StorageContainerLocationProtocolServerSideTranslatorPB.java:618)
	at org.apache.hadoop.hdds.server.OzoneProtocolMessageDispatcher.processRequest(OzoneProtocolMessageDispatcher.java:87)
	at org.apache.hadoop.hdds.scm.protocol.StorageContainerLocationProtocolServerSideTranslatorPB.submitRequest(StorageContainerLocationProtocolServerSideTranslatorPB.java:236)
	at org.apache.hadoop.hdds.protocol.proto.StorageContainerLocationProtocolProtos$StorageContainerLocationProtocolService$2.callBlockingMethod(StorageContainerLocationProtocolProtos.java)
	at org.apache.hadoop.ipc.ProtobufRpcEngine$Server.processCall(ProtobufRpcEngine.java:484)
	at org.apache.hadoop.ipc.ProtobufRpcEngine2$Server$ProtoBufRpcInvoker.call(ProtobufRpcEngine2.java:595)
	at org.apache.hadoop.ipc.ProtobufRpcEngine2$Server$ProtoBufRpcInvoker.call(ProtobufRpcEngine2.java:573)
	at org.apache.hadoop.ipc.RPC$Server.call(RPC.java:1227)
	at org.apache.hadoop.ipc.Server$RpcCall.run(Server.java:1246)
	at org.apache.hadoop.ipc.Server$RpcCall.run(Server.java:1169)
	at java.base/java.security.AccessController.doPrivileged(AccessController.java:714)
	at java.base/javax.security.auth.Subject.doAs(Subject.java:525)
	at org.apache.hadoop.security.UserGroupInformation.doAs(UserGroupInformation.java:1953)
	at org.apache.hadoop.ipc.Server$Handler.run(Server.java:3198)
2025-09-11 04:24:57,912 [Recon-EventQueue-PipelineReportForReconPipelineReportHandler] ERROR scm.ReconPipelineReportHandler (ReconPipelineReportHandler.java:processPipelineReport(77)) - Could not find pipeline Pipeline-31d5dcaa-0410-4b69-a9b4-398fb7e0f3dc at SCM.
2025-09-11 04:24:57,912 [Recon-EventQueue-PipelineReportForReconPipelineReportHandler] INFO  pipeline.PipelineReportHandler (PipelineReportHandler.java:handlePipelineNotFoundException(98)) - Pipeline Pipeline-31d5dcaa-0410-4b69-a9b4-398fb7e0f3dc, reported by datanode 42a5f925-1bc2-4f8a-8509-c5ae65e6fcde(localhost/127.0.0.1) is not found.
2025-09-11 04:24:57,912 [Recon-EventQueue-DatanodeCommandForReconNodeManager] DEBUG scm.ReconNodeManager (ReconNodeManager.java:onMessage(164)) - Ignoring unsupported command closePipelineCommand for Datanode CommandForDatanode{42a5f925-1bc2-4f8a-8509-c5ae65e6fcde, closePipelineCommand: cmdID: 1757564684019, encodedToken: "", term: -1, deadlineMsSinceEpoch: 0, pipelineID: Pipeline-31d5dcaa-0410-4b69-a9b4-398fb7e0f3dc}.
2025-09-11 04:24:58,057 [42a5f925-1bc2-4f8a-8509-c5ae65e6fcde@group-398FB7E0F3DC-FollowerState] INFO  impl.FollowerState (FollowerState.java:runImpl(161)) - 42a5f925-1bc2-4f8a-8509-c5ae65e6fcde@group-398FB7E0F3DC-FollowerState: change to CANDIDATE, lastRpcElapsedTime:9112245792ns, electionTimeout:5116ms
2025-09-11 04:24:58,057 [42a5f925-1bc2-4f8a-8509-c5ae65e6fcde@group-398FB7E0F3DC-FollowerState] INFO  impl.RoleInfo (RoleInfo.java:shutdownFollowerState(121)) - 42a5f925-1bc2-4f8a-8509-c5ae65e6fcde: shutdown 42a5f925-1bc2-4f8a-8509-c5ae65e6fcde@group-398FB7E0F3DC-FollowerState
2025-09-11 04:24:58,058 [42a5f925-1bc2-4f8a-8509-c5ae65e6fcde@group-398FB7E0F3DC-FollowerState] INFO  server.RaftServer$Division (RaftServerImpl.java:setRole(392)) - 42a5f925-1bc2-4f8a-8509-c5ae65e6fcde@group-398FB7E0F3DC: changes role from  FOLLOWER to CANDIDATE at term 1 for changeToCandidate
2025-09-11 04:24:58,058 [42a5f925-1bc2-4f8a-8509-c5ae65e6fcde@group-398FB7E0F3DC-FollowerState] INFO  impl.RoleInfo (RoleInfo.java:updateAndGet(148)) - 42a5f925-1bc2-4f8a-8509-c5ae65e6fcde: start 42a5f925-1bc2-4f8a-8509-c5ae65e6fcde@group-398FB7E0F3DC-LeaderElection11
2025-09-11 04:24:58,058 [42a5f925-1bc2-4f8a-8509-c5ae65e6fcde@group-398FB7E0F3DC-LeaderElection11] INFO  server.RaftServer$Division (ServerState.java:setLeader(272)) - 42a5f925-1bc2-4f8a-8509-c5ae65e6fcde@group-398FB7E0F3DC: change Leader from 86475e3c-5cf0-45b3-a002-22fb0eea734c to null at term 1 for PRE_VOTE
2025-09-11 04:24:58,058 [42a5f925-1bc2-4f8a-8509-c5ae65e6fcde@group-398FB7E0F3DC-LeaderElection11] INFO  impl.LeaderElection (LeaderElection.java:askForVotes(448)) - 42a5f925-1bc2-4f8a-8509-c5ae65e6fcde@group-398FB7E0F3DC-LeaderElection11 PRE_VOTE round 0: submit vote requests at term 1 for conf: {index: 0, cur=peers:[42a5f925-1bc2-4f8a-8509-c5ae65e6fcde|127.0.0.1:15017, 86475e3c-5cf0-45b3-a002-22fb0eea734c|127.0.0.1:15033, d5ad88c2-6e7a-4660-bab6-a4e8807a575e|127.0.0.1:15025]|listeners:[], old=null}
2025-09-11 04:24:58,061 [grpc-default-executor-2] INFO  server.RaftServer$Division (RaftServerImpl.java:requestVote(1421)) - d5ad88c2-6e7a-4660-bab6-a4e8807a575e@group-398FB7E0F3DC: receive requestVote(PRE_VOTE, 42a5f925-1bc2-4f8a-8509-c5ae65e6fcde, group-398FB7E0F3DC, 1, (t:1, i:4))
2025-09-11 04:24:58,061 [grpc-default-executor-2] INFO  impl.VoteContext (VoteContext.java:log(49)) - d5ad88c2-6e7a-4660-bab6-a4e8807a575e@group-398FB7E0F3DC-FOLLOWER: accept PRE_VOTE from 42a5f925-1bc2-4f8a-8509-c5ae65e6fcde: our priority 0 <= candidate's priority 0
2025-09-11 04:24:58,062 [grpc-default-executor-2] INFO  server.RaftServer$Division (RaftServerImpl.java:requestVote(1455)) - d5ad88c2-6e7a-4660-bab6-a4e8807a575e@group-398FB7E0F3DC replies to PRE_VOTE vote request: 42a5f925-1bc2-4f8a-8509-c5ae65e6fcde<-d5ad88c2-6e7a-4660-bab6-a4e8807a575e#0:OK-t1-last:(t:1, i:4). Peer's state: d5ad88c2-6e7a-4660-bab6-a4e8807a575e@group-398FB7E0F3DC:t1, leader=86475e3c-5cf0-45b3-a002-22fb0eea734c, voted=86475e3c-5cf0-45b3-a002-22fb0eea734c, raftlog=Memoized:d5ad88c2-6e7a-4660-bab6-a4e8807a575e@group-398FB7E0F3DC-SegmentedRaftLog:OPENED:c2:last(t:1, i:4), conf=conf: {index: 0, cur=peers:[42a5f925-1bc2-4f8a-8509-c5ae65e6fcde|127.0.0.1:15017, 86475e3c-5cf0-45b3-a002-22fb0eea734c|127.0.0.1:15033, d5ad88c2-6e7a-4660-bab6-a4e8807a575e|127.0.0.1:15025]|listeners:[], old=null}
2025-09-11 04:24:58,064 [42a5f925-1bc2-4f8a-8509-c5ae65e6fcde@group-398FB7E0F3DC-LeaderElection11] INFO  impl.LeaderElection (LogUtils.java:infoOrTrace(142)) - 42a5f925-1bc2-4f8a-8509-c5ae65e6fcde@group-398FB7E0F3DC-LeaderElection11 got exception when requesting votes: java.util.concurrent.ExecutionException: org.apache.ratis.thirdparty.io.grpc.StatusRuntimeException: UNAVAILABLE: io exception
2025-09-11 04:24:58,064 [42a5f925-1bc2-4f8a-8509-c5ae65e6fcde@group-398FB7E0F3DC-LeaderElection11] INFO  impl.LeaderElection (LeaderElection.java:logAndReturn(206)) - 42a5f925-1bc2-4f8a-8509-c5ae65e6fcde@group-398FB7E0F3DC-LeaderElection11: PRE_VOTE PASSED received 1 response(s) and 1 exception(s):
2025-09-11 04:24:58,065 [42a5f925-1bc2-4f8a-8509-c5ae65e6fcde@group-398FB7E0F3DC-LeaderElection11] INFO  impl.LeaderElection (LeaderElection.java:logAndReturn(210)) -   Response 0: 42a5f925-1bc2-4f8a-8509-c5ae65e6fcde<-d5ad88c2-6e7a-4660-bab6-a4e8807a575e#0:OK-t1-last:(t:1, i:4)
2025-09-11 04:24:58,065 [42a5f925-1bc2-4f8a-8509-c5ae65e6fcde@group-398FB7E0F3DC-LeaderElection11] INFO  impl.LeaderElection (LogUtils.java:infoOrTrace(142)) -   Exception 1: java.util.concurrent.ExecutionException: org.apache.ratis.thirdparty.io.grpc.StatusRuntimeException: UNAVAILABLE: io exception
2025-09-11 04:24:58,065 [42a5f925-1bc2-4f8a-8509-c5ae65e6fcde@group-398FB7E0F3DC-LeaderElection11] INFO  impl.LeaderElection (LeaderElection.java:askForVotes(450)) - 42a5f925-1bc2-4f8a-8509-c5ae65e6fcde@group-398FB7E0F3DC-LeaderElection11 PRE_VOTE round 0: result PASSED
2025-09-11 04:24:58,066 [42a5f925-1bc2-4f8a-8509-c5ae65e6fcde@group-398FB7E0F3DC-LeaderElection11] INFO  impl.LeaderElection (LeaderElection.java:askForVotes(448)) - 42a5f925-1bc2-4f8a-8509-c5ae65e6fcde@group-398FB7E0F3DC-LeaderElection11 ELECTION round 0: submit vote requests at term 2 for conf: {index: 0, cur=peers:[42a5f925-1bc2-4f8a-8509-c5ae65e6fcde|127.0.0.1:15017, 86475e3c-5cf0-45b3-a002-22fb0eea734c|127.0.0.1:15033, d5ad88c2-6e7a-4660-bab6-a4e8807a575e|127.0.0.1:15025]|listeners:[], old=null}
2025-09-11 04:24:58,067 [42a5f925-1bc2-4f8a-8509-c5ae65e6fcde@group-398FB7E0F3DC-LeaderElection11] INFO  impl.LeaderElection (LogUtils.java:infoOrTrace(142)) - 42a5f925-1bc2-4f8a-8509-c5ae65e6fcde@group-398FB7E0F3DC-LeaderElection11 got exception when requesting votes: java.util.concurrent.ExecutionException: org.apache.ratis.thirdparty.io.grpc.StatusRuntimeException: UNAVAILABLE: io exception
2025-09-11 04:24:58,068 [grpc-default-executor-2] INFO  server.RaftServer$Division (RaftServerImpl.java:requestVote(1421)) - d5ad88c2-6e7a-4660-bab6-a4e8807a575e@group-398FB7E0F3DC: receive requestVote(ELECTION, 42a5f925-1bc2-4f8a-8509-c5ae65e6fcde, group-398FB7E0F3DC, 2, (t:1, i:4))
2025-09-11 04:24:58,068 [grpc-default-executor-2] INFO  impl.VoteContext (VoteContext.java:log(49)) - d5ad88c2-6e7a-4660-bab6-a4e8807a575e@group-398FB7E0F3DC-FOLLOWER: accept ELECTION from 42a5f925-1bc2-4f8a-8509-c5ae65e6fcde: our priority 0 <= candidate's priority 0
2025-09-11 04:24:58,068 [grpc-default-executor-2] INFO  server.RaftServer$Division (RaftServerImpl.java:setRole(392)) - d5ad88c2-6e7a-4660-bab6-a4e8807a575e@group-398FB7E0F3DC: changes role from  FOLLOWER to FOLLOWER at term 1 for candidate:42a5f925-1bc2-4f8a-8509-c5ae65e6fcde
2025-09-11 04:24:58,068 [grpc-default-executor-2] INFO  impl.RoleInfo (RoleInfo.java:shutdownFollowerState(121)) - d5ad88c2-6e7a-4660-bab6-a4e8807a575e: shutdown d5ad88c2-6e7a-4660-bab6-a4e8807a575e@group-398FB7E0F3DC-FollowerState
2025-09-11 04:24:58,068 [grpc-default-executor-2] INFO  server.RaftServer$Division (ServerState.java:setLeader(272)) - d5ad88c2-6e7a-4660-bab6-a4e8807a575e@group-398FB7E0F3DC: change Leader from 86475e3c-5cf0-45b3-a002-22fb0eea734c to null at term 2 for updateCurrentTerm
2025-09-11 04:24:58,069 [grpc-default-executor-2] INFO  impl.RoleInfo (RoleInfo.java:updateAndGet(148)) - d5ad88c2-6e7a-4660-bab6-a4e8807a575e: start d5ad88c2-6e7a-4660-bab6-a4e8807a575e@group-398FB7E0F3DC-FollowerState
2025-09-11 04:24:58,069 [d5ad88c2-6e7a-4660-bab6-a4e8807a575e@group-398FB7E0F3DC-FollowerState] INFO  impl.FollowerState (FollowerState.java:runImpl(170)) - d5ad88c2-6e7a-4660-bab6-a4e8807a575e@group-398FB7E0F3DC-FollowerState was interrupted
2025-09-11 04:24:58,070 [grpc-default-executor-2] INFO  server.RaftServer$Division (RaftServerImpl.java:requestVote(1455)) - d5ad88c2-6e7a-4660-bab6-a4e8807a575e@group-398FB7E0F3DC replies to ELECTION vote request: 42a5f925-1bc2-4f8a-8509-c5ae65e6fcde<-d5ad88c2-6e7a-4660-bab6-a4e8807a575e#0:OK-t2-last:(t:1, i:4). Peer's state: d5ad88c2-6e7a-4660-bab6-a4e8807a575e@group-398FB7E0F3DC:t2, leader=null, voted=42a5f925-1bc2-4f8a-8509-c5ae65e6fcde, raftlog=Memoized:d5ad88c2-6e7a-4660-bab6-a4e8807a575e@group-398FB7E0F3DC-SegmentedRaftLog:OPENED:c2:last(t:1, i:4), conf=conf: {index: 0, cur=peers:[42a5f925-1bc2-4f8a-8509-c5ae65e6fcde|127.0.0.1:15017, 86475e3c-5cf0-45b3-a002-22fb0eea734c|127.0.0.1:15033, d5ad88c2-6e7a-4660-bab6-a4e8807a575e|127.0.0.1:15025]|listeners:[], old=null}
2025-09-11 04:24:58,071 [42a5f925-1bc2-4f8a-8509-c5ae65e6fcde@group-398FB7E0F3DC-LeaderElection11] INFO  impl.LeaderElection (LeaderElection.java:logAndReturn(206)) - 42a5f925-1bc2-4f8a-8509-c5ae65e6fcde@group-398FB7E0F3DC-LeaderElection11: ELECTION PASSED received 1 response(s) and 1 exception(s):
2025-09-11 04:24:58,071 [42a5f925-1bc2-4f8a-8509-c5ae65e6fcde@group-398FB7E0F3DC-LeaderElection11] INFO  impl.LeaderElection (LeaderElection.java:logAndReturn(210)) -   Response 0: 42a5f925-1bc2-4f8a-8509-c5ae65e6fcde<-d5ad88c2-6e7a-4660-bab6-a4e8807a575e#0:OK-t2-last:(t:1, i:4)
2025-09-11 04:24:58,071 [42a5f925-1bc2-4f8a-8509-c5ae65e6fcde@group-398FB7E0F3DC-LeaderElection11] INFO  impl.LeaderElection (LogUtils.java:infoOrTrace(142)) -   Exception 1: java.util.concurrent.ExecutionException: org.apache.ratis.thirdparty.io.grpc.StatusRuntimeException: UNAVAILABLE: io exception
2025-09-11 04:24:58,071 [42a5f925-1bc2-4f8a-8509-c5ae65e6fcde@group-398FB7E0F3DC-LeaderElection11] INFO  impl.LeaderElection (LeaderElection.java:askForVotes(450)) - 42a5f925-1bc2-4f8a-8509-c5ae65e6fcde@group-398FB7E0F3DC-LeaderElection11 ELECTION round 0: result PASSED
2025-09-11 04:24:58,071 [42a5f925-1bc2-4f8a-8509-c5ae65e6fcde@group-398FB7E0F3DC-LeaderElection11] INFO  impl.RoleInfo (RoleInfo.java:shutdownLeaderElection(141)) - 42a5f925-1bc2-4f8a-8509-c5ae65e6fcde: shutdown 42a5f925-1bc2-4f8a-8509-c5ae65e6fcde@group-398FB7E0F3DC-LeaderElection11
2025-09-11 04:24:58,071 [42a5f925-1bc2-4f8a-8509-c5ae65e6fcde@group-398FB7E0F3DC-LeaderElection11] INFO  server.RaftServer$Division (RaftServerImpl.java:setRole(392)) - 42a5f925-1bc2-4f8a-8509-c5ae65e6fcde@group-398FB7E0F3DC: changes role from CANDIDATE to LEADER at term 2 for changeToLeader
2025-09-11 04:24:58,071 [42a5f925-1bc2-4f8a-8509-c5ae65e6fcde@group-398FB7E0F3DC-LeaderElection11] INFO  server.RaftServerConfigKeys (ConfUtils.java:logFallback(69)) - raft.server.staging.timeout = 15600ms (fallback to raft.server.rpc.timeout.max)
2025-09-11 04:24:58,072 [42a5f925-1bc2-4f8a-8509-c5ae65e6fcde@group-398FB7E0F3DC-LeaderElection11] INFO  server.RaftServerConfigKeys (ConfUtils.java:logGet(62)) - raft.server.write.byte-limit = 1024 M (=1073741824) (custom)
2025-09-11 04:24:58,073 [42a5f925-1bc2-4f8a-8509-c5ae65e6fcde@group-398FB7E0F3DC-LeaderElection11] INFO  server.RaftServerConfigKeys (ConfUtils.java:logGet(62)) - raft.server.log.appender.buffer.byte-limit = 33554432 (custom)
2025-09-11 04:24:58,074 [42a5f925-1bc2-4f8a-8509-c5ae65e6fcde@group-398FB7E0F3DC-LeaderElection11] INFO  server.RaftServerConfigKeys (ConfUtils.java:logGet(62)) - raft.server.log.appender.buffer.byte-limit = 33554432 (custom)
2025-09-11 04:24:58,075 [42a5f925-1bc2-4f8a-8509-c5ae65e6fcde@group-398FB7E0F3DC-LeaderElection11] INFO  impl.RoleInfo (RoleInfo.java:updateAndGet(148)) - 42a5f925-1bc2-4f8a-8509-c5ae65e6fcde: start 42a5f925-1bc2-4f8a-8509-c5ae65e6fcde@group-398FB7E0F3DC-LeaderStateImpl
2025-09-11 04:24:58,075 [42a5f925-1bc2-4f8a-8509-c5ae65e6fcde@group-398FB7E0F3DC-LeaderElection11] INFO  ratis.XceiverServerRatis (XceiverServerRatis.java:handleLeaderChangedNotification(947)) - Leader change notification received for group: group-398FB7E0F3DC with new leaderId: 42a5f925-1bc2-4f8a-8509-c5ae65e6fcde
2025-09-11 04:24:58,075 [42a5f925-1bc2-4f8a-8509-c5ae65e6fcde@group-398FB7E0F3DC-LeaderElection11] INFO  server.RaftServer$Division (ServerState.java:setLeader(272)) - 42a5f925-1bc2-4f8a-8509-c5ae65e6fcde@group-398FB7E0F3DC: change Leader from null to 42a5f925-1bc2-4f8a-8509-c5ae65e6fcde at term 2 for becomeLeader, leader elected after 16ms
2025-09-11 04:24:58,075 [42a5f925-1bc2-4f8a-8509-c5ae65e6fcde@group-398FB7E0F3DC-LeaderElection11] INFO  segmented.SegmentedRaftLogWorker (SegmentedRaftLogWorker.java:rollLogSegment(445)) - 42a5f925-1bc2-4f8a-8509-c5ae65e6fcde@group-398FB7E0F3DC-SegmentedRaftLogWorker: Rolling segment log-0_4 to index:4
2025-09-11 04:24:58,075 [42a5f925-1bc2-4f8a-8509-c5ae65e6fcde@group-398FB7E0F3DC-LeaderElection11] INFO  server.RaftServer$Division (ServerState.java:setRaftConf(386)) - 42a5f925-1bc2-4f8a-8509-c5ae65e6fcde@group-398FB7E0F3DC: set configuration conf: {index: 5, cur=peers:[42a5f925-1bc2-4f8a-8509-c5ae65e6fcde|127.0.0.1:15017, 86475e3c-5cf0-45b3-a002-22fb0eea734c|127.0.0.1:15033, d5ad88c2-6e7a-4660-bab6-a4e8807a575e|127.0.0.1:15025]|listeners:[], old=null}
2025-09-11 04:24:58,077 [42a5f925-1bc2-4f8a-8509-c5ae65e6fcde@group-398FB7E0F3DC-SegmentedRaftLogWorker] INFO  segmented.SegmentedRaftLogWorker (SegmentedRaftLogWorker.java:execute(604)) - 42a5f925-1bc2-4f8a-8509-c5ae65e6fcde@group-398FB7E0F3DC-SegmentedRaftLogWorker: Rolled log segment from /home/runner/work/ozone/ozone/hadoop-ozone/integration-test-recon/target/test-dir/MiniOzoneClusterImpl-e405f726-f354-48a5-b90a-334fe627f997/ozone-metadata/datanode-1/ratis/31d5dcaa-0410-4b69-a9b4-398fb7e0f3dc/current/log_inprogress_0 to /home/runner/work/ozone/ozone/hadoop-ozone/integration-test-recon/target/test-dir/MiniOzoneClusterImpl-e405f726-f354-48a5-b90a-334fe627f997/ozone-metadata/datanode-1/ratis/31d5dcaa-0410-4b69-a9b4-398fb7e0f3dc/current/log_0-4
2025-09-11 04:24:58,077 [42a5f925-1bc2-4f8a-8509-c5ae65e6fcde@group-398FB7E0F3DC-SegmentedRaftLogWorker] INFO  segmented.BufferedWriteChannel (BufferedWriteChannel.java:open(61)) - open log_inprogress_5 at position 0
2025-09-11 04:24:58,080 [grpc-default-executor-2] WARN  server.GrpcLogAppender (LogUtils.java:warn(127)) - 42a5f925-1bc2-4f8a-8509-c5ae65e6fcde@group-398FB7E0F3DC->86475e3c-5cf0-45b3-a002-22fb0eea734c-AppendLogResponseHandler: Failed appendEntries: org.apache.ratis.thirdparty.io.grpc.StatusRuntimeException: UNAVAILABLE: io exception
  Caused by: org.apache.ratis.thirdparty.io.netty.channel.AbstractChannel$AnnotatedConnectException: finishConnect(..) failed: Connection refused: /127.0.0.1:15033
  Caused by: java.net.ConnectException: finishConnect(..) failed: Connection refused
2025-09-11 04:24:58,080 [EventQueue-PipelineReportForPipelineReportHandler] INFO  pipeline.PipelineReportHandler (PipelineReportHandler.java:handlePipelineNotFoundException(98)) - Pipeline Pipeline-31d5dcaa-0410-4b69-a9b4-398fb7e0f3dc, reported by datanode 42a5f925-1bc2-4f8a-8509-c5ae65e6fcde(localhost/127.0.0.1) is not found.
2025-09-11 04:24:58,084 [Recon-EventQueue-PipelineReportForReconPipelineReportHandler] INFO  scm.ReconPipelineReportHandler (ReconPipelineReportHandler.java:processPipelineReport(66)) - Unknown pipeline Pipeline-31d5dcaa-0410-4b69-a9b4-398fb7e0f3dc. Trying to get from SCM.
2025-09-11 04:24:58,088 [grpc-default-executor-2] WARN  server.GrpcLogAppender (GrpcLogAppender.java:lambda$resetClient$1(228)) - 42a5f925-1bc2-4f8a-8509-c5ae65e6fcde@group-398FB7E0F3DC->86475e3c-5cf0-45b3-a002-22fb0eea734c-GrpcLogAppender: Follower failed (request=null, errorCount=1); keep nextIndex (5) unchanged and retry.
2025-09-11 04:24:58,088 [grpc-default-executor-2] INFO  ratis.XceiverServerRatis (XceiverServerRatis.java:handleLeaderChangedNotification(947)) - Leader change notification received for group: group-398FB7E0F3DC with new leaderId: 42a5f925-1bc2-4f8a-8509-c5ae65e6fcde
2025-09-11 04:24:58,088 [grpc-default-executor-2] INFO  server.RaftServer$Division (ServerState.java:setLeader(272)) - d5ad88c2-6e7a-4660-bab6-a4e8807a575e@group-398FB7E0F3DC: change Leader from null to 42a5f925-1bc2-4f8a-8509-c5ae65e6fcde at term 2 for appendEntries, leader elected after 19ms
2025-09-11 04:24:58,089 [grpc-default-executor-1] WARN  server.GrpcLogAppender (GrpcLogAppender.java:lambda$resetClient$1(228)) - 42a5f925-1bc2-4f8a-8509-c5ae65e6fcde@group-398FB7E0F3DC->86475e3c-5cf0-45b3-a002-22fb0eea734c-GrpcLogAppender: Follower failed (request=null, errorCount=2); keep nextIndex (6) unchanged and retry.
2025-09-11 04:24:58,092 [grpc-default-executor-3] INFO  server.RaftServer$Division (ServerState.java:setRaftConf(386)) - d5ad88c2-6e7a-4660-bab6-a4e8807a575e@group-398FB7E0F3DC: set configuration conf: {index: 5, cur=peers:[42a5f925-1bc2-4f8a-8509-c5ae65e6fcde|127.0.0.1:15017, 86475e3c-5cf0-45b3-a002-22fb0eea734c|127.0.0.1:15033, d5ad88c2-6e7a-4660-bab6-a4e8807a575e|127.0.0.1:15025]|listeners:[], old=null}
2025-09-11 04:24:58,093 [grpc-default-executor-3] INFO  segmented.SegmentedRaftLogWorker (SegmentedRaftLogWorker.java:rollLogSegment(445)) - d5ad88c2-6e7a-4660-bab6-a4e8807a575e@group-398FB7E0F3DC-SegmentedRaftLogWorker: Rolling segment log-0_4 to index:4
2025-09-11T04:24:58.087325908Z IPC Server handler 0 on default port 15002 ERROR user=runner | ip=127.0.0.1 | op=GET_PIPELINE {pipelineID=31d5dcaa-0410-4b69-a9b4-398fb7e0f3dc} | ret=FAILURE
org.apache.hadoop.hdds.scm.pipeline.PipelineNotFoundException: Pipeline-31d5dcaa-0410-4b69-a9b4-398fb7e0f3dc not found
	at org.apache.hadoop.hdds.scm.pipeline.PipelineStateMap.getPipeline(PipelineStateMap.java:150)
	at org.apache.hadoop.hdds.scm.pipeline.PipelineStateManagerImpl.getPipeline(PipelineStateManagerImpl.java:133)
	at java.base/jdk.internal.reflect.DirectMethodHandleAccessor.invoke(DirectMethodHandleAccessor.java:103)
	at java.base/java.lang.reflect.Method.invoke(Method.java:580)
	at org.apache.hadoop.hdds.scm.ha.SCMHAInvocationHandler.invokeLocal(SCMHAInvocationHandler.java:90)
	at org.apache.hadoop.hdds.scm.ha.SCMHAInvocationHandler.invoke(SCMHAInvocationHandler.java:73)
	at jdk.proxy2/jdk.proxy2.$Proxy44.getPipeline(Unknown Source)
	at org.apache.hadoop.hdds.scm.pipeline.PipelineManagerImpl.getPipeline(PipelineManagerImpl.java:336)
	at org.apache.hadoop.hdds.scm.server.SCMClientProtocolServer.getPipeline(SCMClientProtocolServer.java:836)
	at org.apache.hadoop.hdds.scm.protocol.StorageContainerLocationProtocolServerSideTranslatorPB.getPipeline(StorageContainerLocationProtocolServerSideTranslatorPB.java:979)
	at org.apache.hadoop.hdds.scm.protocol.StorageContainerLocationProtocolServerSideTranslatorPB.processRequest(StorageContainerLocationProtocolServerSideTranslatorPB.java:618)
	at org.apache.hadoop.hdds.server.OzoneProtocolMessageDispatcher.processRequest(OzoneProtocolMessageDispatcher.java:87)
	at org.apache.hadoop.hdds.scm.protocol.StorageContainerLocationProtocolServerSideTranslatorPB.submitRequest(StorageContainerLocationProtocolServerSideTranslatorPB.java:236)
	at org.apache.hadoop.hdds.protocol.proto.StorageContainerLocationProtocolProtos$StorageContainerLocationProtocolService$2.callBlockingMethod(StorageContainerLocationProtocolProtos.java)
	at org.apache.hadoop.ipc.ProtobufRpcEngine$Server.processCall(ProtobufRpcEngine.java:484)
	at org.apache.hadoop.ipc.ProtobufRpcEngine2$Server$ProtoBufRpcInvoker.call(ProtobufRpcEngine2.java:595)
	at org.apache.hadoop.ipc.ProtobufRpcEngine2$Server$ProtoBufRpcInvoker.call(ProtobufRpcEngine2.java:573)
	at org.apache.hadoop.ipc.RPC$Server.call(RPC.java:1227)
	at org.apache.hadoop.ipc.Server$RpcCall.run(Server.java:1246)
	at org.apache.hadoop.ipc.Server$RpcCall.run(Server.java:1169)
	at java.base/java.security.AccessController.doPrivileged(AccessController.java:714)
	at java.base/javax.security.auth.Subject.doAs(Subject.java:525)
	at org.apache.hadoop.security.UserGroupInformation.doAs(UserGroupInformation.java:1953)
	at org.apache.hadoop.ipc.Server$Handler.run(Server.java:3198)
2025-09-11 04:24:58,094 [IPC Server handler 0 on default port 15002] INFO  ipc.Server (Server.java:logException(3260)) - IPC Server handler 0 on default port 15002, call Call#225 Retry#0 org.apache.hadoop.hdds.scm.protocol.StorageContainerLocationProtocol.submitRequest from 127.0.0.1:48272
org.apache.hadoop.hdds.scm.pipeline.PipelineNotFoundException: Pipeline-31d5dcaa-0410-4b69-a9b4-398fb7e0f3dc not found
	at org.apache.hadoop.hdds.scm.pipeline.PipelineStateMap.getPipeline(PipelineStateMap.java:150)
	at org.apache.hadoop.hdds.scm.pipeline.PipelineStateManagerImpl.getPipeline(PipelineStateManagerImpl.java:133)
	at java.base/jdk.internal.reflect.DirectMethodHandleAccessor.invoke(DirectMethodHandleAccessor.java:103)
	at java.base/java.lang.reflect.Method.invoke(Method.java:580)
	at org.apache.hadoop.hdds.scm.ha.SCMHAInvocationHandler.invokeLocal(SCMHAInvocationHandler.java:90)
	at org.apache.hadoop.hdds.scm.ha.SCMHAInvocationHandler.invoke(SCMHAInvocationHandler.java:73)
	at jdk.proxy2/jdk.proxy2.$Proxy44.getPipeline(Unknown Source)
	at org.apache.hadoop.hdds.scm.pipeline.PipelineManagerImpl.getPipeline(PipelineManagerImpl.java:336)
	at org.apache.hadoop.hdds.scm.server.SCMClientProtocolServer.getPipeline(SCMClientProtocolServer.java:836)
	at org.apache.hadoop.hdds.scm.protocol.StorageContainerLocationProtocolServerSideTranslatorPB.getPipeline(StorageContainerLocationProtocolServerSideTranslatorPB.java:979)
	at org.apache.hadoop.hdds.scm.protocol.StorageContainerLocationProtocolServerSideTranslatorPB.processRequest(StorageContainerLocationProtocolServerSideTranslatorPB.java:618)
	at org.apache.hadoop.hdds.server.OzoneProtocolMessageDispatcher.processRequest(OzoneProtocolMessageDispatcher.java:87)
	at org.apache.hadoop.hdds.scm.protocol.StorageContainerLocationProtocolServerSideTranslatorPB.submitRequest(StorageContainerLocationProtocolServerSideTranslatorPB.java:236)
	at org.apache.hadoop.hdds.protocol.proto.StorageContainerLocationProtocolProtos$StorageContainerLocationProtocolService$2.callBlockingMethod(StorageContainerLocationProtocolProtos.java)
	at org.apache.hadoop.ipc.ProtobufRpcEngine$Server.processCall(ProtobufRpcEngine.java:484)
	at org.apache.hadoop.ipc.ProtobufRpcEngine2$Server$ProtoBufRpcInvoker.call(ProtobufRpcEngine2.java:595)
	at org.apache.hadoop.ipc.ProtobufRpcEngine2$Server$ProtoBufRpcInvoker.call(ProtobufRpcEngine2.java:573)
	at org.apache.hadoop.ipc.RPC$Server.call(RPC.java:1227)
	at org.apache.hadoop.ipc.Server$RpcCall.run(Server.java:1246)
	at org.apache.hadoop.ipc.Server$RpcCall.run(Server.java:1169)
	at java.base/java.security.AccessController.doPrivileged(AccessController.java:714)
	at java.base/javax.security.auth.Subject.doAs(Subject.java:525)
	at org.apache.hadoop.security.UserGroupInformation.doAs(UserGroupInformation.java:1953)
	at org.apache.hadoop.ipc.Server$Handler.run(Server.java:3198)
2025-09-11 04:24:58,095 [d5ad88c2-6e7a-4660-bab6-a4e8807a575e@group-398FB7E0F3DC-SegmentedRaftLogWorker] INFO  segmented.SegmentedRaftLogWorker (SegmentedRaftLogWorker.java:execute(604)) - d5ad88c2-6e7a-4660-bab6-a4e8807a575e@group-398FB7E0F3DC-SegmentedRaftLogWorker: Rolled log segment from /home/runner/work/ozone/ozone/hadoop-ozone/integration-test-recon/target/test-dir/MiniOzoneClusterImpl-e405f726-f354-48a5-b90a-334fe627f997/ozone-metadata/datanode-2/ratis/31d5dcaa-0410-4b69-a9b4-398fb7e0f3dc/current/log_inprogress_0 to /home/runner/work/ozone/ozone/hadoop-ozone/integration-test-recon/target/test-dir/MiniOzoneClusterImpl-e405f726-f354-48a5-b90a-334fe627f997/ozone-metadata/datanode-2/ratis/31d5dcaa-0410-4b69-a9b4-398fb7e0f3dc/current/log_0-4
2025-09-11 04:24:58,095 [d5ad88c2-6e7a-4660-bab6-a4e8807a575e@group-398FB7E0F3DC-SegmentedRaftLogWorker] INFO  segmented.BufferedWriteChannel (BufferedWriteChannel.java:open(61)) - open log_inprogress_5 at position 0
2025-09-11 04:24:58,095 [Recon-EventQueue-PipelineReportForReconPipelineReportHandler] ERROR scm.ReconPipelineReportHandler (ReconPipelineReportHandler.java:processPipelineReport(77)) - Could not find pipeline Pipeline-31d5dcaa-0410-4b69-a9b4-398fb7e0f3dc at SCM.
2025-09-11 04:24:58,095 [Recon-EventQueue-PipelineReportForReconPipelineReportHandler] INFO  pipeline.PipelineReportHandler (PipelineReportHandler.java:handlePipelineNotFoundException(98)) - Pipeline Pipeline-31d5dcaa-0410-4b69-a9b4-398fb7e0f3dc, reported by datanode 42a5f925-1bc2-4f8a-8509-c5ae65e6fcde(localhost/127.0.0.1) is not found.
2025-09-11 04:24:58,096 [42a5f925-1bc2-4f8a-8509-c5ae65e6fcde@group-398FB7E0F3DC-SegmentedRaftLogWorker] INFO  segmented.SegmentedRaftLogWorker (SegmentedRaftLogWorker.java:execute(647)) - 42a5f925-1bc2-4f8a-8509-c5ae65e6fcde@group-398FB7E0F3DC-SegmentedRaftLogWorker: created new log segment /home/runner/work/ozone/ozone/hadoop-ozone/integration-test-recon/target/test-dir/MiniOzoneClusterImpl-e405f726-f354-48a5-b90a-334fe627f997/ozone-metadata/datanode-1/ratis/31d5dcaa-0410-4b69-a9b4-398fb7e0f3dc/current/log_inprogress_5
2025-09-11 04:24:58,096 [Recon-EventQueue-DatanodeCommandForReconNodeManager] DEBUG scm.ReconNodeManager (ReconNodeManager.java:onMessage(164)) - Ignoring unsupported command closePipelineCommand for Datanode CommandForDatanode{42a5f925-1bc2-4f8a-8509-c5ae65e6fcde, closePipelineCommand: cmdID: 1757564684021, encodedToken: "", term: -1, deadlineMsSinceEpoch: 0, pipelineID: Pipeline-31d5dcaa-0410-4b69-a9b4-398fb7e0f3dc}.
2025-09-11 04:24:58,102 [d5ad88c2-6e7a-4660-bab6-a4e8807a575e@group-398FB7E0F3DC-SegmentedRaftLogWorker] INFO  segmented.SegmentedRaftLogWorker (SegmentedRaftLogWorker.java:execute(647)) - d5ad88c2-6e7a-4660-bab6-a4e8807a575e@group-398FB7E0F3DC-SegmentedRaftLogWorker: created new log segment /home/runner/work/ozone/ozone/hadoop-ozone/integration-test-recon/target/test-dir/MiniOzoneClusterImpl-e405f726-f354-48a5-b90a-334fe627f997/ozone-metadata/datanode-2/ratis/31d5dcaa-0410-4b69-a9b4-398fb7e0f3dc/current/log_inprogress_5
2025-09-11 04:24:58,106 [grpc-default-executor-3] WARN  server.GrpcLogAppender (GrpcLogAppender.java:lambda$resetClient$1(228)) - 42a5f925-1bc2-4f8a-8509-c5ae65e6fcde@group-398FB7E0F3DC->86475e3c-5cf0-45b3-a002-22fb0eea734c-GrpcLogAppender: Follower failed (request=null, errorCount=5); keep nextIndex (7) unchanged and retry.
2025-09-11 04:24:58,109 [42a5f925-1bc2-4f8a-8509-c5ae65e6fcde@group-398FB7E0F3DC-StateMachineUpdater] INFO  server.RaftServer$Division (LeaderStateImpl.java:checkStartIndex(309)) - Leader 42a5f925-1bc2-4f8a-8509-c5ae65e6fcde@group-398FB7E0F3DC-LeaderStateImpl is ready since appliedIndex == startIndex == 5
2025-09-11 04:24:58,221 [ReplicationMonitor] INFO  replication.ReplicationManager (ReplicationManager.java:sendDatanodeCommand(665)) - Sending command [closeContainerCommand: cmdID: 1, encodedToken: "", term: 0, deadlineMsSinceEpoch: 0, containerID: 1, pipelineID: Pipeline-31d5dcaa-0410-4b69-a9b4-398fb7e0f3dc, force: false] for container ContainerInfo{id=#1, state=CLOSING, stateEnterTime=2025-09-11T04:24:54.213253102Z, pipelineID=Pipeline-31d5dcaa-0410-4b69-a9b4-398fb7e0f3dc, owner=omServiceIdDefault} to 42a5f925-1bc2-4f8a-8509-c5ae65e6fcde(localhost/127.0.0.1) with datanode deadline 1757565058221 and scm deadline 1757565418221
2025-09-11 04:24:58,221 [ReplicationMonitor] INFO  replication.ReplicationManager (ReplicationManager.java:sendDatanodeCommand(665)) - Sending command [closeContainerCommand: cmdID: 1, encodedToken: "", term: 0, deadlineMsSinceEpoch: 0, containerID: 1, pipelineID: Pipeline-31d5dcaa-0410-4b69-a9b4-398fb7e0f3dc, force: false] for container ContainerInfo{id=#1, state=CLOSING, stateEnterTime=2025-09-11T04:24:54.213253102Z, pipelineID=Pipeline-31d5dcaa-0410-4b69-a9b4-398fb7e0f3dc, owner=omServiceIdDefault} to d5ad88c2-6e7a-4660-bab6-a4e8807a575e(localhost/127.0.0.1) with datanode deadline 1757565058221 and scm deadline 1757565418221
2025-09-11 04:24:58,221 [ReplicationMonitor] INFO  replication.ReplicationManager (ReplicationManager.java:processAll(384)) - Replication Monitor Thread took 0 milliseconds for processing 2 containers.
2025-09-11 04:24:58,247 [Recon-SyncOM-2] INFO  impl.OzoneManagerServiceProviderImpl (OzoneManagerServiceProviderImpl.java:lambda$startSyncDataFromOM$2(331)) - Last known sequence number before sync: 22
2025-09-11 04:24:58,247 [Recon-SyncOM-2] INFO  impl.OzoneManagerServiceProviderImpl (OzoneManagerServiceProviderImpl.java:syncDataFromOM(630)) - Seq number of Recon's OM DB : 22
2025-09-11 04:24:58,251 [Recon-SyncOM-2] INFO  impl.OzoneManagerServiceProviderImpl (OzoneManagerServiceProviderImpl.java:innerGetAndApplyDeltaUpdatesFromOM(600)) - From Sequence Number:22, Recon DB Sequence Number: 22, Number of updates received from OM : 0, SequenceNumber diff: 0, SequenceNumber Lag from OM 0, isDBUpdateSuccess: true
2025-09-11 04:24:58,254 [Recon-SyncOM-2] INFO  impl.OzoneManagerServiceProviderImpl (OzoneManagerServiceProviderImpl.java:syncDataFromOM(746)) - Delta updates received from OM : 1 loops, 0 records
2025-09-11 04:24:58,254 [Recon-SyncOM-2] INFO  impl.OzoneManagerServiceProviderImpl (OzoneManagerServiceProviderImpl.java:lambda$startSyncDataFromOM$2(336)) - Sequence number after sync: 22
Connecting to Recon: http://localhost:15000/api/v1/containers/unhealthy/MISSING ...
2025-09-11 04:24:58,465 [qtp391903823-550] INFO  requests.recon (Slf4jRequestLogWriter.java:write(62)) - 127.0.0.1 - - [11/Sep/2025:04:24:58 +0000] "GET /api/v1/containers/unhealthy/MISSING HTTP/1.1" 200 593 "-" "Java/21.0.8"
2025-09-11 04:24:58,468 [ForkJoinPool-1-worker-1] INFO  recon.TestReconAndAdminContainerCLI (TestReconAndAdminContainerCLI.java:assertReportsMatch(344)) - Reports do not match (yet): expected: <0> but was: <1>
2025-09-11 04:24:58,891 [d5ad88c2-6e7a-4660-bab6-a4e8807a575e-CloseContainerThread-1] INFO  commandhandler.CloseContainerCommandHandler (CloseContainerCommandHandler.java:lambda$handle$0(154)) - Follower cannot close container #1.
2025-09-11 04:24:58,891 [d5ad88c2-6e7a-4660-bab6-a4e8807a575e-CloseContainerThread-0] INFO  commandhandler.CloseContainerCommandHandler (CloseContainerCommandHandler.java:lambda$handle$0(154)) - Follower cannot close container #1.
2025-09-11 04:24:58,891 [d5ad88c2-6e7a-4660-bab6-a4e8807a575e-CloseContainerThread-2] INFO  commandhandler.CloseContainerCommandHandler (CloseContainerCommandHandler.java:lambda$handle$0(154)) - Follower cannot close container #1.
2025-09-11 04:24:58,897 [Recon-EventQueue-PipelineReportForReconPipelineReportHandler] INFO  scm.ReconPipelineReportHandler (ReconPipelineReportHandler.java:processPipelineReport(66)) - Unknown pipeline Pipeline-31d5dcaa-0410-4b69-a9b4-398fb7e0f3dc. Trying to get from SCM.
2025-09-11 04:24:58,898 [EventQueue-PipelineReportForPipelineReportHandler] INFO  pipeline.PipelineReportHandler (PipelineReportHandler.java:handlePipelineNotFoundException(98)) - Pipeline Pipeline-31d5dcaa-0410-4b69-a9b4-398fb7e0f3dc, reported by datanode d5ad88c2-6e7a-4660-bab6-a4e8807a575e(localhost/127.0.0.1) is not found.
2025-09-11T04:24:58.898574103Z IPC Server handler 11 on default port 15002 ERROR user=runner | ip=127.0.0.1 | op=GET_PIPELINE {pipelineID=31d5dcaa-0410-4b69-a9b4-398fb7e0f3dc} | ret=FAILURE
org.apache.hadoop.hdds.scm.pipeline.PipelineNotFoundException: Pipeline-31d5dcaa-0410-4b69-a9b4-398fb7e0f3dc not found
	at org.apache.hadoop.hdds.scm.pipeline.PipelineStateMap.getPipeline(PipelineStateMap.java:150)
	at org.apache.hadoop.hdds.scm.pipeline.PipelineStateManagerImpl.getPipeline(PipelineStateManagerImpl.java:133)
	at java.base/jdk.internal.reflect.DirectMethodHandleAccessor.invoke(DirectMethodHandleAccessor.java:103)
	at java.base/java.lang.reflect.Method.invoke(Method.java:580)
	at org.apache.hadoop.hdds.scm.ha.SCMHAInvocationHandler.invokeLocal(SCMHAInvocationHandler.java:90)
	at org.apache.hadoop.hdds.scm.ha.SCMHAInvocationHandler.invoke(SCMHAInvocationHandler.java:73)
	at jdk.proxy2/jdk.proxy2.$Proxy44.getPipeline(Unknown Source)
	at org.apache.hadoop.hdds.scm.pipeline.PipelineManagerImpl.getPipeline(PipelineManagerImpl.java:336)
	at org.apache.hadoop.hdds.scm.server.SCMClientProtocolServer.getPipeline(SCMClientProtocolServer.java:836)
	at org.apache.hadoop.hdds.scm.protocol.StorageContainerLocationProtocolServerSideTranslatorPB.getPipeline(StorageContainerLocationProtocolServerSideTranslatorPB.java:979)
	at org.apache.hadoop.hdds.scm.protocol.StorageContainerLocationProtocolServerSideTranslatorPB.processRequest(StorageContainerLocationProtocolServerSideTranslatorPB.java:618)
	at org.apache.hadoop.hdds.server.OzoneProtocolMessageDispatcher.processRequest(OzoneProtocolMessageDispatcher.java:87)
	at org.apache.hadoop.hdds.scm.protocol.StorageContainerLocationProtocolServerSideTranslatorPB.submitRequest(StorageContainerLocationProtocolServerSideTranslatorPB.java:236)
	at org.apache.hadoop.hdds.protocol.proto.StorageContainerLocationProtocolProtos$StorageContainerLocationProtocolService$2.callBlockingMethod(StorageContainerLocationProtocolProtos.java)
	at org.apache.hadoop.ipc.ProtobufRpcEngine$Server.processCall(ProtobufRpcEngine.java:484)
	at org.apache.hadoop.ipc.ProtobufRpcEngine2$Server$ProtoBufRpcInvoker.call(ProtobufRpcEngine2.java:595)
	at org.apache.hadoop.ipc.ProtobufRpcEngine2$Server$ProtoBufRpcInvoker.call(ProtobufRpcEngine2.java:573)
	at org.apache.hadoop.ipc.RPC$Server.call(RPC.java:1227)
	at org.apache.hadoop.ipc.Server$RpcCall.run(Server.java:1246)
	at org.apache.hadoop.ipc.Server$RpcCall.run(Server.java:1169)
	at java.base/java.security.AccessController.doPrivileged(AccessController.java:714)
	at java.base/javax.security.auth.Subject.doAs(Subject.java:525)
	at org.apache.hadoop.security.UserGroupInformation.doAs(UserGroupInformation.java:1953)
	at org.apache.hadoop.ipc.Server$Handler.run(Server.java:3198)
2025-09-11 04:24:58,898 [IPC Server handler 11 on default port 15002] INFO  ipc.Server (Server.java:logException(3260)) - IPC Server handler 11 on default port 15002, call Call#234 Retry#0 org.apache.hadoop.hdds.scm.protocol.StorageContainerLocationProtocol.submitRequest from 127.0.0.1:48272
org.apache.hadoop.hdds.scm.pipeline.PipelineNotFoundException: Pipeline-31d5dcaa-0410-4b69-a9b4-398fb7e0f3dc not found
	at org.apache.hadoop.hdds.scm.pipeline.PipelineStateMap.getPipeline(PipelineStateMap.java:150)
	at org.apache.hadoop.hdds.scm.pipeline.PipelineStateManagerImpl.getPipeline(PipelineStateManagerImpl.java:133)
	at java.base/jdk.internal.reflect.DirectMethodHandleAccessor.invoke(DirectMethodHandleAccessor.java:103)
	at java.base/java.lang.reflect.Method.invoke(Method.java:580)
	at org.apache.hadoop.hdds.scm.ha.SCMHAInvocationHandler.invokeLocal(SCMHAInvocationHandler.java:90)
	at org.apache.hadoop.hdds.scm.ha.SCMHAInvocationHandler.invoke(SCMHAInvocationHandler.java:73)
	at jdk.proxy2/jdk.proxy2.$Proxy44.getPipeline(Unknown Source)
	at org.apache.hadoop.hdds.scm.pipeline.PipelineManagerImpl.getPipeline(PipelineManagerImpl.java:336)
	at org.apache.hadoop.hdds.scm.server.SCMClientProtocolServer.getPipeline(SCMClientProtocolServer.java:836)
	at org.apache.hadoop.hdds.scm.protocol.StorageContainerLocationProtocolServerSideTranslatorPB.getPipeline(StorageContainerLocationProtocolServerSideTranslatorPB.java:979)
	at org.apache.hadoop.hdds.scm.protocol.StorageContainerLocationProtocolServerSideTranslatorPB.processRequest(StorageContainerLocationProtocolServerSideTranslatorPB.java:618)
	at org.apache.hadoop.hdds.server.OzoneProtocolMessageDispatcher.processRequest(OzoneProtocolMessageDispatcher.java:87)
	at org.apache.hadoop.hdds.scm.protocol.StorageContainerLocationProtocolServerSideTranslatorPB.submitRequest(StorageContainerLocationProtocolServerSideTranslatorPB.java:236)
	at org.apache.hadoop.hdds.protocol.proto.StorageContainerLocationProtocolProtos$StorageContainerLocationProtocolService$2.callBlockingMethod(StorageContainerLocationProtocolProtos.java)
	at org.apache.hadoop.ipc.ProtobufRpcEngine$Server.processCall(ProtobufRpcEngine.java:484)
	at org.apache.hadoop.ipc.ProtobufRpcEngine2$Server$ProtoBufRpcInvoker.call(ProtobufRpcEngine2.java:595)
	at org.apache.hadoop.ipc.ProtobufRpcEngine2$Server$ProtoBufRpcInvoker.call(ProtobufRpcEngine2.java:573)
	at org.apache.hadoop.ipc.RPC$Server.call(RPC.java:1227)
	at org.apache.hadoop.ipc.Server$RpcCall.run(Server.java:1246)
	at org.apache.hadoop.ipc.Server$RpcCall.run(Server.java:1169)
	at java.base/java.security.AccessController.doPrivileged(AccessController.java:714)
	at java.base/javax.security.auth.Subject.doAs(Subject.java:525)
	at org.apache.hadoop.security.UserGroupInformation.doAs(UserGroupInformation.java:1953)
	at org.apache.hadoop.ipc.Server$Handler.run(Server.java:3198)
2025-09-11 04:24:58,900 [Recon-EventQueue-PipelineReportForReconPipelineReportHandler] ERROR scm.ReconPipelineReportHandler (ReconPipelineReportHandler.java:processPipelineReport(77)) - Could not find pipeline Pipeline-31d5dcaa-0410-4b69-a9b4-398fb7e0f3dc at SCM.
2025-09-11 04:24:58,900 [Recon-EventQueue-PipelineReportForReconPipelineReportHandler] INFO  pipeline.PipelineReportHandler (PipelineReportHandler.java:handlePipelineNotFoundException(98)) - Pipeline Pipeline-31d5dcaa-0410-4b69-a9b4-398fb7e0f3dc, reported by datanode d5ad88c2-6e7a-4660-bab6-a4e8807a575e(localhost/127.0.0.1) is not found.
2025-09-11 04:24:58,900 [Recon-EventQueue-DatanodeCommandForReconNodeManager] DEBUG scm.ReconNodeManager (ReconNodeManager.java:onMessage(164)) - Ignoring unsupported command closePipelineCommand for Datanode CommandForDatanode{d5ad88c2-6e7a-4660-bab6-a4e8807a575e, closePipelineCommand: cmdID: 1757564684023, encodedToken: "", term: -1, deadlineMsSinceEpoch: 0, pipelineID: Pipeline-31d5dcaa-0410-4b69-a9b4-398fb7e0f3dc}.
2025-09-11 04:24:58,902 [grpc-default-executor-0] INFO  server.RaftServer (RaftServerProxy.java:remove(116)) - 42a5f925-1bc2-4f8a-8509-c5ae65e6fcde: remove    LEADER (RUNNING): 42a5f925-1bc2-4f8a-8509-c5ae65e6fcde@group-398FB7E0F3DC:t2, leader=42a5f925-1bc2-4f8a-8509-c5ae65e6fcde, voted=42a5f925-1bc2-4f8a-8509-c5ae65e6fcde, raftlog=Memoized:42a5f925-1bc2-4f8a-8509-c5ae65e6fcde@group-398FB7E0F3DC-SegmentedRaftLog:OPENED:c6:last(t:2, i:6), conf=conf: {index: 5, cur=peers:[42a5f925-1bc2-4f8a-8509-c5ae65e6fcde|127.0.0.1:15017, 86475e3c-5cf0-45b3-a002-22fb0eea734c|127.0.0.1:15033, d5ad88c2-6e7a-4660-bab6-a4e8807a575e|127.0.0.1:15025]|listeners:[], old=null}
2025-09-11 04:24:58,903 [grpc-default-executor-0] INFO  server.RaftServer$Division (RaftServerImpl.java:lambda$close$1(527)) - 42a5f925-1bc2-4f8a-8509-c5ae65e6fcde@group-398FB7E0F3DC: shutdown
2025-09-11 04:24:58,903 [grpc-default-executor-0] INFO  util.JmxRegister (JmxRegister.java:unregister(74)) - Successfully un-registered JMX Bean with object name Ratis:service=RaftServer,group=group-398FB7E0F3DC,id=42a5f925-1bc2-4f8a-8509-c5ae65e6fcde
2025-09-11 04:24:58,903 [grpc-default-executor-0] INFO  impl.RoleInfo (RoleInfo.java:shutdownLeaderState(103)) - 42a5f925-1bc2-4f8a-8509-c5ae65e6fcde: shutdown 42a5f925-1bc2-4f8a-8509-c5ae65e6fcde@group-398FB7E0F3DC-LeaderStateImpl
2025-09-11 04:24:58,903 [grpc-default-executor-0] INFO  impl.PendingRequests (PendingRequests.java:sendNotLeaderResponses(287)) - 42a5f925-1bc2-4f8a-8509-c5ae65e6fcde@group-398FB7E0F3DC-PendingRequests: sendNotLeaderResponses
2025-09-11 04:24:58,904 [grpc-default-executor-1] INFO  server.GrpcLogAppender (GrpcLogAppender.java:onError(545)) - 42a5f925-1bc2-4f8a-8509-c5ae65e6fcde@group-398FB7E0F3DC->86475e3c-5cf0-45b3-a002-22fb0eea734c-GrpcLogAppender is already stopped
2025-09-11 04:24:58,904 [42a5f925-1bc2-4f8a-8509-c5ae65e6fcde-CloseContainerThread-0] INFO  commandhandler.CloseContainerCommandHandler (CloseContainerCommandHandler.java:lambda$handle$0(154)) - Follower cannot close container #1.
2025-09-11 04:24:58,904 [grpc-default-executor-3] WARN  server.GrpcLogAppender (GrpcLogAppender.java:lambda$resetClient$1(228)) - 42a5f925-1bc2-4f8a-8509-c5ae65e6fcde@group-398FB7E0F3DC->86475e3c-5cf0-45b3-a002-22fb0eea734c-GrpcLogAppender: Follower failed (request=null, errorCount=7); keep nextIndex (8) unchanged and retry.
2025-09-11 04:24:58,904 [42a5f925-1bc2-4f8a-8509-c5ae65e6fcde@group-398FB7E0F3DC->86475e3c-5cf0-45b3-a002-22fb0eea734c-GrpcLogAppender-LogAppenderDaemon] INFO  leader.LogAppenderDaemon (LogAppenderDaemon.java:run(87)) - 42a5f925-1bc2-4f8a-8509-c5ae65e6fcde@group-398FB7E0F3DC->86475e3c-5cf0-45b3-a002-22fb0eea734c-GrpcLogAppender-LogAppenderDaemon I/O was interrupted: java.io.InterruptedIOException: Interrupted appendLog, heartbeat? false
2025-09-11 04:24:58,905 [42a5f925-1bc2-4f8a-8509-c5ae65e6fcde@group-398FB7E0F3DC->d5ad88c2-6e7a-4660-bab6-a4e8807a575e-GrpcLogAppender-LogAppenderDaemon] WARN  server.GrpcLogAppender (GrpcLogAppender.java:mayWait(300)) - 42a5f925-1bc2-4f8a-8509-c5ae65e6fcde@group-398FB7E0F3DC->d5ad88c2-6e7a-4660-bab6-a4e8807a575e-GrpcLogAppender: Wait interrupted by java.lang.InterruptedException
2025-09-11 04:24:58,905 [grpc-default-executor-3] INFO  server.GrpcServerProtocolService (GrpcServerProtocolService.java:lambda$onCompleted$6(171)) - d5ad88c2-6e7a-4660-bab6-a4e8807a575e: Completed APPEND_ENTRIES, lastRequest: null 
2025-09-11 04:24:58,906 [grpc-default-executor-3] INFO  server.GrpcServerProtocolService (GrpcServerProtocolService.java:lambda$null$7(175)) - d5ad88c2-6e7a-4660-bab6-a4e8807a575e: Completed APPEND_ENTRIES, lastReply: serverReply {
  requestorId: "42a5f925-1bc2-4f8a-8509-c5ae65e6fcde"
  replyId: "d5ad88c2-6e7a-4660-bab6-a4e8807a575e"
  raftGroupId {
    id: "1\325\334\252\004\020Ki\251\2649\217\267\340\363\334"
  }
  success: true
}
term: 2
nextIndex: 5
followerCommit: 2
matchIndex: 18446744073709551615
isHearbeat: true
 
2025-09-11 04:24:58,907 [grpc-default-executor-1] INFO  server.GrpcLogAppender (GrpcLogAppender.java:onCompleted(558)) - 42a5f925-1bc2-4f8a-8509-c5ae65e6fcde@group-398FB7E0F3DC->d5ad88c2-6e7a-4660-bab6-a4e8807a575e-AppendLogResponseHandler: follower responses appendEntries COMPLETED
2025-09-11 04:24:58,908 [grpc-default-executor-3] INFO  server.GrpcLogAppender (GrpcLogAppender.java:onCompleted(558)) - 42a5f925-1bc2-4f8a-8509-c5ae65e6fcde@group-398FB7E0F3DC->d5ad88c2-6e7a-4660-bab6-a4e8807a575e-AppendLogResponseHandler: follower responses appendEntries COMPLETED
2025-09-11 04:24:58,908 [grpc-default-executor-0] INFO  impl.StateMachineUpdater (StateMachineUpdater.java:stopAndJoin(163)) - 42a5f925-1bc2-4f8a-8509-c5ae65e6fcde@group-398FB7E0F3DC-StateMachineUpdater: set stopIndex = 6
2025-09-11 04:24:58,908 [42a5f925-1bc2-4f8a-8509-c5ae65e6fcde@group-398FB7E0F3DC-StateMachineUpdater] INFO  ratis.ContainerStateMachine (ContainerStateMachine.java:takeSnapshot(427)) - group-398FB7E0F3DC: Taking a snapshot at:(t:2, i:6) file /home/runner/work/ozone/ozone/hadoop-ozone/integration-test-recon/target/test-dir/MiniOzoneClusterImpl-e405f726-f354-48a5-b90a-334fe627f997/ozone-metadata/datanode-1/ratis/31d5dcaa-0410-4b69-a9b4-398fb7e0f3dc/sm/snapshot.2_6
2025-09-11 04:24:58,909 [42a5f925-1bc2-4f8a-8509-c5ae65e6fcde@group-398FB7E0F3DC-StateMachineUpdater] INFO  ratis.ContainerStateMachine (ContainerStateMachine.java:takeSnapshot(436)) - group-398FB7E0F3DC: Finished taking a snapshot at:(t:2, i:6) file:/home/runner/work/ozone/ozone/hadoop-ozone/integration-test-recon/target/test-dir/MiniOzoneClusterImpl-e405f726-f354-48a5-b90a-334fe627f997/ozone-metadata/datanode-1/ratis/31d5dcaa-0410-4b69-a9b4-398fb7e0f3dc/sm/snapshot.2_6 took: 2 ms
2025-09-11 04:24:58,910 [42a5f925-1bc2-4f8a-8509-c5ae65e6fcde@group-398FB7E0F3DC-StateMachineUpdater] INFO  impl.StateMachineUpdater (StateMachineUpdater.java:takeSnapshot(307)) - 42a5f925-1bc2-4f8a-8509-c5ae65e6fcde@group-398FB7E0F3DC-StateMachineUpdater: Took a snapshot at index 6
2025-09-11 04:24:58,910 [42a5f925-1bc2-4f8a-8509-c5ae65e6fcde@group-398FB7E0F3DC-StateMachineUpdater] INFO  impl.StateMachineUpdater (StateMachineUpdater.java:lambda$new$0(101)) - 42a5f925-1bc2-4f8a-8509-c5ae65e6fcde@group-398FB7E0F3DC-StateMachineUpdater: snapshotIndex: updateIncreasingly -1 -> 6
2025-09-11 04:24:58,910 [42a5f925-1bc2-4f8a-8509-c5ae65e6fcde@group-398FB7E0F3DC-StateMachineUpdater] INFO  impl.StateMachineUpdater (StateMachineUpdater.java:stop(140)) - 42a5f925-1bc2-4f8a-8509-c5ae65e6fcde@group-398FB7E0F3DC-StateMachineUpdater: closing ContainerStateMachine, lastApplied=(t:2, i:6)
2025-09-11 04:24:58,910 [42a5f925-1bc2-4f8a-8509-c5ae65e6fcde@group-398FB7E0F3DC-cacheEviction-AwaitToRun] INFO  util.AwaitToRun (AwaitToRun.java:run(49)) - 42a5f925-1bc2-4f8a-8509-c5ae65e6fcde@group-398FB7E0F3DC-cacheEviction-AwaitToRun-AwaitForSignal is interrupted
2025-09-11 04:24:58,913 [42a5f925-1bc2-4f8a-8509-c5ae65e6fcde-PipelineCommandHandlerThread-0] WARN  commandhandler.ClosePipelineCommandHandler (ClosePipelineCommandHandler.java:lambda$handle$1(134)) - Failed to remove group group-398FB7E0F3DC of pipeline Pipeline-31d5dcaa-0410-4b69-a9b4-398fb7e0f3dc on peer 86475e3c-5cf0-45b3-a002-22fb0eea734c
java.io.IOException: org.apache.ratis.thirdparty.io.grpc.StatusRuntimeException: UNAVAILABLE: io exception
	at org.apache.ratis.grpc.GrpcUtil.unwrapException(GrpcUtil.java:99)
	at org.apache.ratis.grpc.client.GrpcClientProtocolClient.blockingCall(GrpcClientProtocolClient.java:226)
	at org.apache.ratis.grpc.client.GrpcClientProtocolClient.groupAdd(GrpcClientProtocolClient.java:173)
	at org.apache.ratis.grpc.client.GrpcClientRpc.sendRequest(GrpcClientRpc.java:98)
	at org.apache.ratis.client.impl.BlockingImpl.sendRequest(BlockingImpl.java:147)
	at org.apache.ratis.client.impl.BlockingImpl.sendRequestWithRetry(BlockingImpl.java:109)
	at org.apache.ratis.client.impl.GroupManagementImpl.remove(GroupManagementImpl.java:61)
	at org.apache.hadoop.ozone.container.common.statemachine.commandhandler.ClosePipelineCommandHandler.lambda$handle$1(ClosePipelineCommandHandler.java:126)
	at java.base/java.util.stream.ForEachOps$ForEachOp$OfRef.accept(ForEachOps.java:184)
	at java.base/java.util.stream.ReferencePipeline$2$1.accept(ReferencePipeline.java:179)
	at java.base/java.util.HashMap$ValueSpliterator.forEachRemaining(HashMap.java:1787)
	at java.base/java.util.stream.AbstractPipeline.copyInto(AbstractPipeline.java:509)
	at java.base/java.util.stream.AbstractPipeline.wrapAndCopyInto(AbstractPipeline.java:499)
	at java.base/java.util.stream.ForEachOps$ForEachOp.evaluateSequential(ForEachOps.java:151)
	at java.base/java.util.stream.ForEachOps$ForEachOp$OfRef.evaluateSequential(ForEachOps.java:174)
	at java.base/java.util.stream.AbstractPipeline.evaluate(AbstractPipeline.java:234)
	at java.base/java.util.stream.ReferencePipeline.forEach(ReferencePipeline.java:596)
	at org.apache.hadoop.ozone.container.common.statemachine.commandhandler.ClosePipelineCommandHandler.lambda$handle$2(ClosePipelineCommandHandler.java:123)
	at java.base/java.util.concurrent.CompletableFuture$AsyncRun.run(CompletableFuture.java:1804)
	at java.base/java.util.concurrent.ThreadPoolExecutor.runWorker(ThreadPoolExecutor.java:1144)
	at java.base/java.util.concurrent.ThreadPoolExecutor$Worker.run(ThreadPoolExecutor.java:642)
	at java.base/java.lang.Thread.run(Thread.java:1583)
Caused by: org.apache.ratis.thirdparty.io.grpc.StatusRuntimeException: UNAVAILABLE: io exception
	at org.apache.ratis.thirdparty.io.grpc.stub.ClientCalls.toStatusRuntimeException(ClientCalls.java:351)
	at org.apache.ratis.thirdparty.io.grpc.stub.ClientCalls.getUnchecked(ClientCalls.java:332)
	at org.apache.ratis.thirdparty.io.grpc.stub.ClientCalls.blockingUnaryCall(ClientCalls.java:174)
	at org.apache.ratis.proto.grpc.AdminProtocolServiceGrpc$AdminProtocolServiceBlockingStub.groupManagement(AdminProtocolServiceGrpc.java:555)
	at org.apache.ratis.grpc.client.GrpcClientProtocolClient.lambda$groupAdd$6(GrpcClientProtocolClient.java:175)
	at org.apache.ratis.grpc.client.GrpcClientProtocolClient.blockingCall(GrpcClientProtocolClient.java:224)
	... 20 more
Caused by: org.apache.ratis.thirdparty.io.netty.channel.AbstractChannel$AnnotatedConnectException: finishConnect(..) failed: Connection refused: /127.0.0.1:15032
Caused by: java.net.ConnectException: finishConnect(..) failed: Connection refused
	at org.apache.ratis.thirdparty.io.netty.channel.unix.Errors.newConnectException0(Errors.java:166)
	at org.apache.ratis.thirdparty.io.netty.channel.unix.Errors.handleConnectErrno(Errors.java:131)
	at org.apache.ratis.thirdparty.io.netty.channel.unix.Socket.finishConnect(Socket.java:359)
	at org.apache.ratis.thirdparty.io.netty.channel.epoll.AbstractEpollChannel$AbstractEpollUnsafe.doFinishConnect(AbstractEpollChannel.java:715)
	at org.apache.ratis.thirdparty.io.netty.channel.epoll.AbstractEpollChannel$AbstractEpollUnsafe.finishConnect(AbstractEpollChannel.java:692)
	at org.apache.ratis.thirdparty.io.netty.channel.epoll.AbstractEpollChannel$AbstractEpollUnsafe.epollOutReady(AbstractEpollChannel.java:567)
	at org.apache.ratis.thirdparty.io.netty.channel.epoll.EpollEventLoop.processReady(EpollEventLoop.java:491)
	at org.apache.ratis.thirdparty.io.netty.channel.epoll.EpollEventLoop.run(EpollEventLoop.java:399)
	at org.apache.ratis.thirdparty.io.netty.util.concurrent.SingleThreadEventExecutor$4.run(SingleThreadEventExecutor.java:998)
	at org.apache.ratis.thirdparty.io.netty.util.internal.ThreadExecutorMap$2.run(ThreadExecutorMap.java:74)
	at org.apache.ratis.thirdparty.io.netty.util.concurrent.FastThreadLocalRunnable.run(FastThreadLocalRunnable.java:30)
	at java.base/java.lang.Thread.run(Thread.java:1583)
2025-09-11 04:24:58,918 [grpc-default-executor-3] INFO  server.RaftServer (RaftServerProxy.java:remove(116)) - d5ad88c2-6e7a-4660-bab6-a4e8807a575e: remove  FOLLOWER (RUNNING): d5ad88c2-6e7a-4660-bab6-a4e8807a575e@group-398FB7E0F3DC:t2, leader=42a5f925-1bc2-4f8a-8509-c5ae65e6fcde, voted=42a5f925-1bc2-4f8a-8509-c5ae65e6fcde, raftlog=Memoized:d5ad88c2-6e7a-4660-bab6-a4e8807a575e@group-398FB7E0F3DC-SegmentedRaftLog:OPENED:c6:last(t:2, i:7), conf=conf: {index: 5, cur=peers:[42a5f925-1bc2-4f8a-8509-c5ae65e6fcde|127.0.0.1:15017, 86475e3c-5cf0-45b3-a002-22fb0eea734c|127.0.0.1:15033, d5ad88c2-6e7a-4660-bab6-a4e8807a575e|127.0.0.1:15025]|listeners:[], old=null}
2025-09-11 04:24:58,918 [grpc-default-executor-3] INFO  server.RaftServer$Division (RaftServerImpl.java:lambda$close$1(527)) - d5ad88c2-6e7a-4660-bab6-a4e8807a575e@group-398FB7E0F3DC: shutdown
2025-09-11 04:24:58,918 [grpc-default-executor-3] INFO  util.JmxRegister (JmxRegister.java:unregister(74)) - Successfully un-registered JMX Bean with object name Ratis:service=RaftServer,group=group-398FB7E0F3DC,id=d5ad88c2-6e7a-4660-bab6-a4e8807a575e
2025-09-11 04:24:58,918 [grpc-default-executor-3] INFO  impl.RoleInfo (RoleInfo.java:shutdownFollowerState(121)) - d5ad88c2-6e7a-4660-bab6-a4e8807a575e: shutdown d5ad88c2-6e7a-4660-bab6-a4e8807a575e@group-398FB7E0F3DC-FollowerState
2025-09-11 04:24:58,918 [d5ad88c2-6e7a-4660-bab6-a4e8807a575e@group-398FB7E0F3DC-FollowerState] INFO  impl.FollowerState (FollowerState.java:runImpl(170)) - d5ad88c2-6e7a-4660-bab6-a4e8807a575e@group-398FB7E0F3DC-FollowerState was interrupted
2025-09-11 04:24:58,918 [grpc-default-executor-3] INFO  impl.StateMachineUpdater (StateMachineUpdater.java:stopAndJoin(163)) - d5ad88c2-6e7a-4660-bab6-a4e8807a575e@group-398FB7E0F3DC-StateMachineUpdater: set stopIndex = 6
2025-09-11 04:24:58,918 [d5ad88c2-6e7a-4660-bab6-a4e8807a575e@group-398FB7E0F3DC-StateMachineUpdater] INFO  ratis.ContainerStateMachine (ContainerStateMachine.java:takeSnapshot(427)) - group-398FB7E0F3DC: Taking a snapshot at:(t:2, i:6) file /home/runner/work/ozone/ozone/hadoop-ozone/integration-test-recon/target/test-dir/MiniOzoneClusterImpl-e405f726-f354-48a5-b90a-334fe627f997/ozone-metadata/datanode-2/ratis/31d5dcaa-0410-4b69-a9b4-398fb7e0f3dc/sm/snapshot.2_6
2025-09-11 04:24:58,919 [d5ad88c2-6e7a-4660-bab6-a4e8807a575e@group-398FB7E0F3DC-StateMachineUpdater] INFO  ratis.ContainerStateMachine (ContainerStateMachine.java:takeSnapshot(436)) - group-398FB7E0F3DC: Finished taking a snapshot at:(t:2, i:6) file:/home/runner/work/ozone/ozone/hadoop-ozone/integration-test-recon/target/test-dir/MiniOzoneClusterImpl-e405f726-f354-48a5-b90a-334fe627f997/ozone-metadata/datanode-2/ratis/31d5dcaa-0410-4b69-a9b4-398fb7e0f3dc/sm/snapshot.2_6 took: 1 ms
2025-09-11 04:24:58,919 [d5ad88c2-6e7a-4660-bab6-a4e8807a575e@group-398FB7E0F3DC-StateMachineUpdater] INFO  impl.StateMachineUpdater (StateMachineUpdater.java:takeSnapshot(307)) - d5ad88c2-6e7a-4660-bab6-a4e8807a575e@group-398FB7E0F3DC-StateMachineUpdater: Took a snapshot at index 6
2025-09-11 04:24:58,919 [d5ad88c2-6e7a-4660-bab6-a4e8807a575e@group-398FB7E0F3DC-StateMachineUpdater] INFO  impl.StateMachineUpdater (StateMachineUpdater.java:lambda$new$0(101)) - d5ad88c2-6e7a-4660-bab6-a4e8807a575e@group-398FB7E0F3DC-StateMachineUpdater: snapshotIndex: updateIncreasingly -1 -> 6
2025-09-11 04:24:58,920 [d5ad88c2-6e7a-4660-bab6-a4e8807a575e@group-398FB7E0F3DC-StateMachineUpdater] INFO  impl.StateMachineUpdater (StateMachineUpdater.java:stop(140)) - d5ad88c2-6e7a-4660-bab6-a4e8807a575e@group-398FB7E0F3DC-StateMachineUpdater: closing ContainerStateMachine, lastApplied=(t:2, i:6)
2025-09-11 04:24:58,920 [d5ad88c2-6e7a-4660-bab6-a4e8807a575e@group-398FB7E0F3DC-cacheEviction-AwaitToRun] INFO  util.AwaitToRun (AwaitToRun.java:run(49)) - d5ad88c2-6e7a-4660-bab6-a4e8807a575e@group-398FB7E0F3DC-cacheEviction-AwaitToRun-AwaitForSignal is interrupted
2025-09-11 04:24:59,078 [Recon-EventQueue-PipelineReportForReconPipelineReportHandler] INFO  scm.ReconPipelineReportHandler (ReconPipelineReportHandler.java:processPipelineReport(66)) - Unknown pipeline Pipeline-31d5dcaa-0410-4b69-a9b4-398fb7e0f3dc. Trying to get from SCM.
2025-09-11 04:24:59,079 [EventQueue-PipelineReportForPipelineReportHandler] INFO  pipeline.PipelineReportHandler (PipelineReportHandler.java:handlePipelineNotFoundException(98)) - Pipeline Pipeline-31d5dcaa-0410-4b69-a9b4-398fb7e0f3dc, reported by datanode 42a5f925-1bc2-4f8a-8509-c5ae65e6fcde(localhost/127.0.0.1) is not found.
2025-09-11T04:24:59.079760576Z IPC Server handler 0 on default port 15002 ERROR user=runner | ip=127.0.0.1 | op=GET_PIPELINE {pipelineID=31d5dcaa-0410-4b69-a9b4-398fb7e0f3dc} | ret=FAILURE
org.apache.hadoop.hdds.scm.pipeline.PipelineNotFoundException: Pipeline-31d5dcaa-0410-4b69-a9b4-398fb7e0f3dc not found
	at org.apache.hadoop.hdds.scm.pipeline.PipelineStateMap.getPipeline(PipelineStateMap.java:150)
	at org.apache.hadoop.hdds.scm.pipeline.PipelineStateManagerImpl.getPipeline(PipelineStateManagerImpl.java:133)
	at java.base/jdk.internal.reflect.DirectMethodHandleAccessor.invoke(DirectMethodHandleAccessor.java:103)
	at java.base/java.lang.reflect.Method.invoke(Method.java:580)
	at org.apache.hadoop.hdds.scm.ha.SCMHAInvocationHandler.invokeLocal(SCMHAInvocationHandler.java:90)
	at org.apache.hadoop.hdds.scm.ha.SCMHAInvocationHandler.invoke(SCMHAInvocationHandler.java:73)
	at jdk.proxy2/jdk.proxy2.$Proxy44.getPipeline(Unknown Source)
	at org.apache.hadoop.hdds.scm.pipeline.PipelineManagerImpl.getPipeline(PipelineManagerImpl.java:336)
	at org.apache.hadoop.hdds.scm.server.SCMClientProtocolServer.getPipeline(SCMClientProtocolServer.java:836)
	at org.apache.hadoop.hdds.scm.protocol.StorageContainerLocationProtocolServerSideTranslatorPB.getPipeline(StorageContainerLocationProtocolServerSideTranslatorPB.java:979)
	at org.apache.hadoop.hdds.scm.protocol.StorageContainerLocationProtocolServerSideTranslatorPB.processRequest(StorageContainerLocationProtocolServerSideTranslatorPB.java:618)
	at org.apache.hadoop.hdds.server.OzoneProtocolMessageDispatcher.processRequest(OzoneProtocolMessageDispatcher.java:87)
	at org.apache.hadoop.hdds.scm.protocol.StorageContainerLocationProtocolServerSideTranslatorPB.submitRequest(StorageContainerLocationProtocolServerSideTranslatorPB.java:236)
	at org.apache.hadoop.hdds.protocol.proto.StorageContainerLocationProtocolProtos$StorageContainerLocationProtocolService$2.callBlockingMethod(StorageContainerLocationProtocolProtos.java)
	at org.apache.hadoop.ipc.ProtobufRpcEngine$Server.processCall(ProtobufRpcEngine.java:484)
	at org.apache.hadoop.ipc.ProtobufRpcEngine2$Server$ProtoBufRpcInvoker.call(ProtobufRpcEngine2.java:595)
	at org.apache.hadoop.ipc.ProtobufRpcEngine2$Server$ProtoBufRpcInvoker.call(ProtobufRpcEngine2.java:573)
	at org.apache.hadoop.ipc.RPC$Server.call(RPC.java:1227)
	at org.apache.hadoop.ipc.Server$RpcCall.run(Server.java:1246)
	at org.apache.hadoop.ipc.Server$RpcCall.run(Server.java:1169)
	at java.base/java.security.AccessController.doPrivileged(AccessController.java:714)
	at java.base/javax.security.auth.Subject.doAs(Subject.java:525)
	at org.apache.hadoop.security.UserGroupInformation.doAs(UserGroupInformation.java:1953)
	at org.apache.hadoop.ipc.Server$Handler.run(Server.java:3198)
2025-09-11 04:24:59,080 [IPC Server handler 0 on default port 15002] INFO  ipc.Server (Server.java:logException(3260)) - IPC Server handler 0 on default port 15002, call Call#237 Retry#0 org.apache.hadoop.hdds.scm.protocol.StorageContainerLocationProtocol.submitRequest from 127.0.0.1:48272
org.apache.hadoop.hdds.scm.pipeline.PipelineNotFoundException: Pipeline-31d5dcaa-0410-4b69-a9b4-398fb7e0f3dc not found
	at org.apache.hadoop.hdds.scm.pipeline.PipelineStateMap.getPipeline(PipelineStateMap.java:150)
	at org.apache.hadoop.hdds.scm.pipeline.PipelineStateManagerImpl.getPipeline(PipelineStateManagerImpl.java:133)
	at java.base/jdk.internal.reflect.DirectMethodHandleAccessor.invoke(DirectMethodHandleAccessor.java:103)
	at java.base/java.lang.reflect.Method.invoke(Method.java:580)
	at org.apache.hadoop.hdds.scm.ha.SCMHAInvocationHandler.invokeLocal(SCMHAInvocationHandler.java:90)
	at org.apache.hadoop.hdds.scm.ha.SCMHAInvocationHandler.invoke(SCMHAInvocationHandler.java:73)
	at jdk.proxy2/jdk.proxy2.$Proxy44.getPipeline(Unknown Source)
	at org.apache.hadoop.hdds.scm.pipeline.PipelineManagerImpl.getPipeline(PipelineManagerImpl.java:336)
	at org.apache.hadoop.hdds.scm.server.SCMClientProtocolServer.getPipeline(SCMClientProtocolServer.java:836)
	at org.apache.hadoop.hdds.scm.protocol.StorageContainerLocationProtocolServerSideTranslatorPB.getPipeline(StorageContainerLocationProtocolServerSideTranslatorPB.java:979)
	at org.apache.hadoop.hdds.scm.protocol.StorageContainerLocationProtocolServerSideTranslatorPB.processRequest(StorageContainerLocationProtocolServerSideTranslatorPB.java:618)
	at org.apache.hadoop.hdds.server.OzoneProtocolMessageDispatcher.processRequest(OzoneProtocolMessageDispatcher.java:87)
	at org.apache.hadoop.hdds.scm.protocol.StorageContainerLocationProtocolServerSideTranslatorPB.submitRequest(StorageContainerLocationProtocolServerSideTranslatorPB.java:236)
	at org.apache.hadoop.hdds.protocol.proto.StorageContainerLocationProtocolProtos$StorageContainerLocationProtocolService$2.callBlockingMethod(StorageContainerLocationProtocolProtos.java)
	at org.apache.hadoop.ipc.ProtobufRpcEngine$Server.processCall(ProtobufRpcEngine.java:484)
	at org.apache.hadoop.ipc.ProtobufRpcEngine2$Server$ProtoBufRpcInvoker.call(ProtobufRpcEngine2.java:595)
	at org.apache.hadoop.ipc.ProtobufRpcEngine2$Server$ProtoBufRpcInvoker.call(ProtobufRpcEngine2.java:573)
	at org.apache.hadoop.ipc.RPC$Server.call(RPC.java:1227)
	at org.apache.hadoop.ipc.Server$RpcCall.run(Server.java:1246)
	at org.apache.hadoop.ipc.Server$RpcCall.run(Server.java:1169)
	at java.base/java.security.AccessController.doPrivileged(AccessController.java:714)
	at java.base/javax.security.auth.Subject.doAs(Subject.java:525)
	at org.apache.hadoop.security.UserGroupInformation.doAs(UserGroupInformation.java:1953)
	at org.apache.hadoop.ipc.Server$Handler.run(Server.java:3198)
2025-09-11 04:24:59,081 [Recon-EventQueue-PipelineReportForReconPipelineReportHandler] ERROR scm.ReconPipelineReportHandler (ReconPipelineReportHandler.java:processPipelineReport(77)) - Could not find pipeline Pipeline-31d5dcaa-0410-4b69-a9b4-398fb7e0f3dc at SCM.
2025-09-11 04:24:59,081 [Recon-EventQueue-PipelineReportForReconPipelineReportHandler] INFO  pipeline.PipelineReportHandler (PipelineReportHandler.java:handlePipelineNotFoundException(98)) - Pipeline Pipeline-31d5dcaa-0410-4b69-a9b4-398fb7e0f3dc, reported by datanode 42a5f925-1bc2-4f8a-8509-c5ae65e6fcde(localhost/127.0.0.1) is not found.
2025-09-11 04:24:59,081 [Recon-EventQueue-DatanodeCommandForReconNodeManager] DEBUG scm.ReconNodeManager (ReconNodeManager.java:onMessage(164)) - Ignoring unsupported command closePipelineCommand for Datanode CommandForDatanode{42a5f925-1bc2-4f8a-8509-c5ae65e6fcde, closePipelineCommand: cmdID: 1757564684025, encodedToken: "", term: -1, deadlineMsSinceEpoch: 0, pipelineID: Pipeline-31d5dcaa-0410-4b69-a9b4-398fb7e0f3dc}.
2025-09-11 04:24:59,222 [ReplicationMonitor] INFO  replication.ReplicationManager (ReplicationManager.java:sendDatanodeCommand(665)) - Sending command [closeContainerCommand: cmdID: 1, encodedToken: "", term: 0, deadlineMsSinceEpoch: 0, containerID: 1, pipelineID: Pipeline-31d5dcaa-0410-4b69-a9b4-398fb7e0f3dc, force: false] for container ContainerInfo{id=#1, state=CLOSING, stateEnterTime=2025-09-11T04:24:54.213253102Z, pipelineID=Pipeline-31d5dcaa-0410-4b69-a9b4-398fb7e0f3dc, owner=omServiceIdDefault} to 42a5f925-1bc2-4f8a-8509-c5ae65e6fcde(localhost/127.0.0.1) with datanode deadline 1757565059222 and scm deadline 1757565419222
2025-09-11 04:24:59,222 [ReplicationMonitor] INFO  replication.ReplicationManager (ReplicationManager.java:sendDatanodeCommand(665)) - Sending command [closeContainerCommand: cmdID: 1, encodedToken: "", term: 0, deadlineMsSinceEpoch: 0, containerID: 1, pipelineID: Pipeline-31d5dcaa-0410-4b69-a9b4-398fb7e0f3dc, force: false] for container ContainerInfo{id=#1, state=CLOSING, stateEnterTime=2025-09-11T04:24:54.213253102Z, pipelineID=Pipeline-31d5dcaa-0410-4b69-a9b4-398fb7e0f3dc, owner=omServiceIdDefault} to d5ad88c2-6e7a-4660-bab6-a4e8807a575e(localhost/127.0.0.1) with datanode deadline 1757565059222 and scm deadline 1757565419222
2025-09-11 04:24:59,224 [ReplicationMonitor] INFO  replication.ReplicationManager (ReplicationManager.java:processAll(384)) - Replication Monitor Thread took 2 milliseconds for processing 2 containers.
2025-09-11 04:24:59,254 [Recon-SyncOM-2] INFO  impl.OzoneManagerServiceProviderImpl (OzoneManagerServiceProviderImpl.java:lambda$startSyncDataFromOM$2(331)) - Last known sequence number before sync: 22
2025-09-11 04:24:59,255 [Recon-SyncOM-2] INFO  impl.OzoneManagerServiceProviderImpl (OzoneManagerServiceProviderImpl.java:syncDataFromOM(630)) - Seq number of Recon's OM DB : 22
2025-09-11 04:24:59,258 [Recon-SyncOM-2] INFO  impl.OzoneManagerServiceProviderImpl (OzoneManagerServiceProviderImpl.java:innerGetAndApplyDeltaUpdatesFromOM(600)) - From Sequence Number:22, Recon DB Sequence Number: 22, Number of updates received from OM : 0, SequenceNumber diff: 0, SequenceNumber Lag from OM 0, isDBUpdateSuccess: true
2025-09-11 04:24:59,261 [Recon-SyncOM-2] INFO  impl.OzoneManagerServiceProviderImpl (OzoneManagerServiceProviderImpl.java:syncDataFromOM(746)) - Delta updates received from OM : 1 loops, 0 records
2025-09-11 04:24:59,262 [Recon-SyncOM-2] INFO  impl.OzoneManagerServiceProviderImpl (OzoneManagerServiceProviderImpl.java:lambda$startSyncDataFromOM$2(336)) - Sequence number after sync: 22
Connecting to Recon: http://localhost:15000/api/v1/containers/unhealthy/MISSING ...
2025-09-11 04:24:59,474 [qtp391903823-547] INFO  requests.recon (Slf4jRequestLogWriter.java:write(62)) - 127.0.0.1 - - [11/Sep/2025:04:24:59 +0000] "GET /api/v1/containers/unhealthy/MISSING HTTP/1.1" 200 593 "-" "Java/21.0.8"
2025-09-11 04:24:59,477 [ForkJoinPool-1-worker-1] INFO  recon.TestReconAndAdminContainerCLI (TestReconAndAdminContainerCLI.java:assertReportsMatch(344)) - Reports do not match (yet): expected: <0> but was: <1>
2025-09-11 04:24:59,896 [d5ad88c2-6e7a-4660-bab6-a4e8807a575e-CloseContainerThread-1] ERROR commandhandler.CloseContainerCommandHandler (CloseContainerCommandHandler.java:lambda$handle$0(156)) - Can't close container #1
java.io.IOException: org.apache.ratis.protocol.exceptions.GroupMismatchException: d5ad88c2-6e7a-4660-bab6-a4e8807a575e: group-398FB7E0F3DC not found.
	at org.apache.hadoop.ozone.container.common.transport.server.ratis.XceiverServerRatis.submitRequest(XceiverServerRatis.java:677)
	at org.apache.hadoop.ozone.container.common.statemachine.commandhandler.CloseContainerCommandHandler.lambda$handle$0(CloseContainerCommandHandler.java:126)
	at java.base/java.util.concurrent.CompletableFuture$AsyncRun.run(CompletableFuture.java:1804)
	at java.base/java.util.concurrent.ThreadPoolExecutor.runWorker(ThreadPoolExecutor.java:1144)
	at java.base/java.util.concurrent.ThreadPoolExecutor$Worker.run(ThreadPoolExecutor.java:642)
	at java.base/java.lang.Thread.run(Thread.java:1583)
Caused by: java.util.concurrent.ExecutionException: org.apache.ratis.protocol.exceptions.GroupMismatchException: d5ad88c2-6e7a-4660-bab6-a4e8807a575e: group-398FB7E0F3DC not found.
	at java.base/java.util.concurrent.CompletableFuture.reportGet(CompletableFuture.java:396)
	at java.base/java.util.concurrent.CompletableFuture.get(CompletableFuture.java:2096)
	at org.apache.hadoop.ozone.container.common.transport.server.ratis.XceiverServerRatis.submitRequest(XceiverServerRatis.java:675)
	... 5 more
Caused by: org.apache.ratis.protocol.exceptions.GroupMismatchException: d5ad88c2-6e7a-4660-bab6-a4e8807a575e: group-398FB7E0F3DC not found.
	at org.apache.ratis.server.impl.RaftServerProxy$ImplMap.get(RaftServerProxy.java:160)
	at org.apache.ratis.server.impl.RaftServerProxy.getImplFuture(RaftServerProxy.java:370)
	at org.apache.ratis.server.impl.RaftServerProxy.submitClientRequestAsync(RaftServerProxy.java:455)
	at org.apache.hadoop.ozone.container.common.transport.server.ratis.XceiverServerRatis.submitRequest(XceiverServerRatis.java:674)
	... 5 more
2025-09-11 04:24:59,905 [grpc-default-executor-0] INFO  segmented.SegmentedRaftLogWorker (SegmentedRaftLogWorker.java:close(254)) - 42a5f925-1bc2-4f8a-8509-c5ae65e6fcde@group-398FB7E0F3DC-SegmentedRaftLogWorker close()
2025-09-11 04:24:59,907 [grpc-default-executor-0] INFO  keyvalue.KeyValueContainer (KeyValueContainer.java:flushAndSyncDB(514)) - Synced container: KeyValueContainerData #1 (CLOSING, non-empty, ri=0, origin=[dn_42a5f925-1bc2-4f8a-8509-c5ae65e6fcde, pipeline_31d5dcaa-0410-4b69-a9b4-398fb7e0f3dc])
2025-09-11 04:24:59,907 [grpc-default-executor-0] INFO  keyvalue.KeyValueContainer (KeyValueContainer.java:flushAndSyncDB(514)) - Synced container: KeyValueContainerData #1 (CLOSING, non-empty, ri=0, origin=[dn_42a5f925-1bc2-4f8a-8509-c5ae65e6fcde, pipeline_31d5dcaa-0410-4b69-a9b4-398fb7e0f3dc])
2025-09-11 04:24:59,907 [grpc-default-executor-3] INFO  segmented.SegmentedRaftLogWorker (SegmentedRaftLogWorker.java:close(254)) - d5ad88c2-6e7a-4660-bab6-a4e8807a575e@group-398FB7E0F3DC-SegmentedRaftLogWorker close()
2025-09-11 04:24:59,910 [grpc-default-executor-3] INFO  keyvalue.KeyValueContainer (KeyValueContainer.java:flushAndSyncDB(514)) - Synced container: KeyValueContainerData #1 (CLOSING, non-empty, ri=0, origin=[dn_d5ad88c2-6e7a-4660-bab6-a4e8807a575e, pipeline_31d5dcaa-0410-4b69-a9b4-398fb7e0f3dc])
2025-09-11 04:24:59,910 [grpc-default-executor-3] INFO  keyvalue.KeyValueContainer (KeyValueContainer.java:flushAndSyncDB(514)) - Synced container: KeyValueContainerData #1 (CLOSING, non-empty, ri=0, origin=[dn_d5ad88c2-6e7a-4660-bab6-a4e8807a575e, pipeline_31d5dcaa-0410-4b69-a9b4-398fb7e0f3dc])
2025-09-11 04:24:59,946 [grpc-default-executor-3] INFO  server.RaftServer$Division (RaftServerImpl.java:groupRemove(497)) - d5ad88c2-6e7a-4660-bab6-a4e8807a575e@group-398FB7E0F3DC: Succeed to remove RaftStorageDirectory Storage Directory /home/runner/work/ozone/ozone/hadoop-ozone/integration-test-recon/target/test-dir/MiniOzoneClusterImpl-e405f726-f354-48a5-b90a-334fe627f997/ozone-metadata/datanode-2/ratis/31d5dcaa-0410-4b69-a9b4-398fb7e0f3dc
2025-09-11 04:24:59,946 [grpc-default-executor-0] INFO  server.RaftServer$Division (RaftServerImpl.java:groupRemove(497)) - 42a5f925-1bc2-4f8a-8509-c5ae65e6fcde@group-398FB7E0F3DC: Succeed to remove RaftStorageDirectory Storage Directory /home/runner/work/ozone/ozone/hadoop-ozone/integration-test-recon/target/test-dir/MiniOzoneClusterImpl-e405f726-f354-48a5-b90a-334fe627f997/ozone-metadata/datanode-1/ratis/31d5dcaa-0410-4b69-a9b4-398fb7e0f3dc
2025-09-11 04:24:59,948 [FixedThreadPoolWithAffinityExecutor-0-0] INFO  container.IncrementalContainerReportHandler (AbstractContainerReportHandler.java:updateContainerState(264)) - QUASI_CLOSE Container #1 (CLOSING, sid=2) r0 (QUASI_CLOSED, bcsid=2, origin=d5ad88c2-6e7a-4660-bab6-a4e8807a575e, non-empty) from dn d5ad88c2-6e7a-4660-bab6-a4e8807a575e(localhost/127.0.0.1)
2025-09-11 04:24:59,949 [Recon-FixedThreadPoolWithAffinityExecutor-0-0] INFO  scm.ReconIncrementalContainerReportHandler (AbstractContainerReportHandler.java:updateContainerState(264)) - QUASI_CLOSE Container #1 (CLOSING, sid=2) r0 (QUASI_CLOSED, bcsid=2, origin=d5ad88c2-6e7a-4660-bab6-a4e8807a575e, non-empty) from dn d5ad88c2-6e7a-4660-bab6-a4e8807a575e(localhost/127.0.0.1)
2025-09-11 04:24:59,949 [FixedThreadPoolWithAffinityExecutor-9-0] WARN  events.FixedThreadPoolWithAffinityExecutor (FixedThreadPoolWithAffinityExecutor.java:run(251)) - Event remained in queue for long time 2 millisec, 42a5f925-1bc2-4f8a-8509-c5ae65e6fcde(localhost/127.0.0.1), {type: FCR, size: 1}
2025-09-11 04:24:59,951 [42a5f925-1bc2-4f8a-8509-c5ae65e6fcde-PipelineCommandHandlerThread-0] WARN  server.RaftServer (RaftServerProxy.java:remove(111)) - 42a5f925-1bc2-4f8a-8509-c5ae65e6fcde: does not contain group: group-398FB7E0F3DC
2025-09-11 04:24:59,952 [FixedThreadPoolWithAffinityExecutor-0-0] WARN  events.FixedThreadPoolWithAffinityExecutor (FixedThreadPoolWithAffinityExecutor.java:run(264)) - Event taken long execution time 4 millisec, d5ad88c2-6e7a-4660-bab6-a4e8807a575e(localhost/127.0.0.1), {type: ICR, size: 1}
2025-09-11 04:24:59,952 [FixedThreadPoolWithAffinityExecutor-9-0] WARN  events.FixedThreadPoolWithAffinityExecutor (FixedThreadPoolWithAffinityExecutor.java:run(264)) - Event taken long execution time 5 millisec, 42a5f925-1bc2-4f8a-8509-c5ae65e6fcde(localhost/127.0.0.1), {type: FCR, size: 1}
2025-09-11 04:24:59,952 [FixedThreadPoolWithAffinityExecutor-9-0] WARN  events.FixedThreadPoolWithAffinityExecutor (FixedThreadPoolWithAffinityExecutor.java:run(251)) - Event remained in queue for long time 5 millisec, 42a5f925-1bc2-4f8a-8509-c5ae65e6fcde(localhost/127.0.0.1), {type: ICR, size: 1}
2025-09-11 04:24:59,952 [FixedThreadPoolWithAffinityExecutor-9-0] WARN  events.FixedThreadPoolWithAffinityExecutor (FixedThreadPoolWithAffinityExecutor.java:run(264)) - Event taken long execution time 5 millisec, 42a5f925-1bc2-4f8a-8509-c5ae65e6fcde(localhost/127.0.0.1), {type: ICR, size: 1}
2025-09-11 04:24:59,957 [d5ad88c2-6e7a-4660-bab6-a4e8807a575e-PipelineCommandHandlerThread-0] WARN  commandhandler.ClosePipelineCommandHandler (ClosePipelineCommandHandler.java:lambda$handle$1(134)) - Failed to remove group group-398FB7E0F3DC of pipeline Pipeline-31d5dcaa-0410-4b69-a9b4-398fb7e0f3dc on peer 86475e3c-5cf0-45b3-a002-22fb0eea734c
java.io.IOException: org.apache.ratis.thirdparty.io.grpc.StatusRuntimeException: UNAVAILABLE: io exception
	at org.apache.ratis.grpc.GrpcUtil.unwrapException(GrpcUtil.java:99)
	at org.apache.ratis.grpc.client.GrpcClientProtocolClient.blockingCall(GrpcClientProtocolClient.java:226)
	at org.apache.ratis.grpc.client.GrpcClientProtocolClient.groupAdd(GrpcClientProtocolClient.java:173)
	at org.apache.ratis.grpc.client.GrpcClientRpc.sendRequest(GrpcClientRpc.java:98)
	at org.apache.ratis.client.impl.BlockingImpl.sendRequest(BlockingImpl.java:147)
	at org.apache.ratis.client.impl.BlockingImpl.sendRequestWithRetry(BlockingImpl.java:109)
	at org.apache.ratis.client.impl.GroupManagementImpl.remove(GroupManagementImpl.java:61)
	at org.apache.hadoop.ozone.container.common.statemachine.commandhandler.ClosePipelineCommandHandler.lambda$handle$1(ClosePipelineCommandHandler.java:126)
	at java.base/java.util.stream.ForEachOps$ForEachOp$OfRef.accept(ForEachOps.java:184)
	at java.base/java.util.stream.ReferencePipeline$2$1.accept(ReferencePipeline.java:179)
	at java.base/java.util.HashMap$ValueSpliterator.forEachRemaining(HashMap.java:1787)
	at java.base/java.util.stream.AbstractPipeline.copyInto(AbstractPipeline.java:509)
	at java.base/java.util.stream.AbstractPipeline.wrapAndCopyInto(AbstractPipeline.java:499)
	at java.base/java.util.stream.ForEachOps$ForEachOp.evaluateSequential(ForEachOps.java:151)
	at java.base/java.util.stream.ForEachOps$ForEachOp$OfRef.evaluateSequential(ForEachOps.java:174)
	at java.base/java.util.stream.AbstractPipeline.evaluate(AbstractPipeline.java:234)
	at java.base/java.util.stream.ReferencePipeline.forEach(ReferencePipeline.java:596)
	at org.apache.hadoop.ozone.container.common.statemachine.commandhandler.ClosePipelineCommandHandler.lambda$handle$2(ClosePipelineCommandHandler.java:123)
	at java.base/java.util.concurrent.CompletableFuture$AsyncRun.run(CompletableFuture.java:1804)
	at java.base/java.util.concurrent.ThreadPoolExecutor.runWorker(ThreadPoolExecutor.java:1144)
	at java.base/java.util.concurrent.ThreadPoolExecutor$Worker.run(ThreadPoolExecutor.java:642)
	at java.base/java.lang.Thread.run(Thread.java:1583)
Caused by: org.apache.ratis.thirdparty.io.grpc.StatusRuntimeException: UNAVAILABLE: io exception
	at org.apache.ratis.thirdparty.io.grpc.stub.ClientCalls.toStatusRuntimeException(ClientCalls.java:351)
	at org.apache.ratis.thirdparty.io.grpc.stub.ClientCalls.getUnchecked(ClientCalls.java:332)
	at org.apache.ratis.thirdparty.io.grpc.stub.ClientCalls.blockingUnaryCall(ClientCalls.java:174)
	at org.apache.ratis.proto.grpc.AdminProtocolServiceGrpc$AdminProtocolServiceBlockingStub.groupManagement(AdminProtocolServiceGrpc.java:555)
	at org.apache.ratis.grpc.client.GrpcClientProtocolClient.lambda$groupAdd$6(GrpcClientProtocolClient.java:175)
	at org.apache.ratis.grpc.client.GrpcClientProtocolClient.blockingCall(GrpcClientProtocolClient.java:224)
	... 20 more
Caused by: org.apache.ratis.thirdparty.io.netty.channel.AbstractChannel$AnnotatedConnectException: finishConnect(..) failed: Connection refused: /127.0.0.1:15032
Caused by: java.net.ConnectException: finishConnect(..) failed: Connection refused
	at org.apache.ratis.thirdparty.io.netty.channel.unix.Errors.newConnectException0(Errors.java:166)
	at org.apache.ratis.thirdparty.io.netty.channel.unix.Errors.handleConnectErrno(Errors.java:131)
	at org.apache.ratis.thirdparty.io.netty.channel.unix.Socket.finishConnect(Socket.java:359)
	at org.apache.ratis.thirdparty.io.netty.channel.epoll.AbstractEpollChannel$AbstractEpollUnsafe.doFinishConnect(AbstractEpollChannel.java:715)
	at org.apache.ratis.thirdparty.io.netty.channel.epoll.AbstractEpollChannel$AbstractEpollUnsafe.finishConnect(AbstractEpollChannel.java:692)
	at org.apache.ratis.thirdparty.io.netty.channel.epoll.AbstractEpollChannel$AbstractEpollUnsafe.epollOutReady(AbstractEpollChannel.java:567)
	at org.apache.ratis.thirdparty.io.netty.channel.epoll.EpollEventLoop.processReady(EpollEventLoop.java:491)
	at org.apache.ratis.thirdparty.io.netty.channel.epoll.EpollEventLoop.run(EpollEventLoop.java:399)
	at org.apache.ratis.thirdparty.io.netty.util.concurrent.SingleThreadEventExecutor$4.run(SingleThreadEventExecutor.java:998)
	at org.apache.ratis.thirdparty.io.netty.util.internal.ThreadExecutorMap$2.run(ThreadExecutorMap.java:74)
	at org.apache.ratis.thirdparty.io.netty.util.concurrent.FastThreadLocalRunnable.run(FastThreadLocalRunnable.java:30)
	at java.base/java.lang.Thread.run(Thread.java:1583)
2025-09-11 04:24:59,958 [d5ad88c2-6e7a-4660-bab6-a4e8807a575e-PipelineCommandHandlerThread-0] WARN  server.RaftServer (RaftServerProxy.java:remove(111)) - d5ad88c2-6e7a-4660-bab6-a4e8807a575e: does not contain group: group-398FB7E0F3DC
2025-09-11 04:25:00,227 [ReplicationMonitor] INFO  replication.ReplicationManager (ReplicationManager.java:processAll(384)) - Replication Monitor Thread took 3 milliseconds for processing 2 containers.
2025-09-11 04:25:00,262 [Recon-SyncOM-2] INFO  impl.OzoneManagerServiceProviderImpl (OzoneManagerServiceProviderImpl.java:lambda$startSyncDataFromOM$2(331)) - Last known sequence number before sync: 22
2025-09-11 04:25:00,262 [Recon-SyncOM-2] INFO  impl.OzoneManagerServiceProviderImpl (OzoneManagerServiceProviderImpl.java:syncDataFromOM(630)) - Seq number of Recon's OM DB : 22
2025-09-11 04:25:00,265 [Recon-SyncOM-2] INFO  impl.OzoneManagerServiceProviderImpl (OzoneManagerServiceProviderImpl.java:innerGetAndApplyDeltaUpdatesFromOM(600)) - From Sequence Number:22, Recon DB Sequence Number: 22, Number of updates received from OM : 0, SequenceNumber diff: 0, SequenceNumber Lag from OM 0, isDBUpdateSuccess: true
2025-09-11 04:25:00,269 [Recon-SyncOM-2] INFO  impl.OzoneManagerServiceProviderImpl (OzoneManagerServiceProviderImpl.java:syncDataFromOM(746)) - Delta updates received from OM : 1 loops, 0 records
2025-09-11 04:25:00,269 [Recon-SyncOM-2] INFO  impl.OzoneManagerServiceProviderImpl (OzoneManagerServiceProviderImpl.java:lambda$startSyncDataFromOM$2(336)) - Sequence number after sync: 22
2025-09-11 04:25:00,326 [UnderReplicatedProcessor] INFO  net.NetworkTopologyImpl (NetworkTopologyImpl.java:chooseNodeInternal(671)) - No available node in (scope="/" excludedScope="[/default-rack/42a5f925-1bc2-4f8a-8509-c5ae65e6fcde, /default-rack/d5ad88c2-6e7a-4660-bab6-a4e8807a575e]" excludedNodes="[42a5f925-1bc2-4f8a-8509-c5ae65e6fcde(localhost/127.0.0.1), d5ad88c2-6e7a-4660-bab6-a4e8807a575e(localhost/127.0.0.1)]"  ancestorGen="1").
2025-09-11 04:25:00,326 [UnderReplicatedProcessor] WARN  algorithms.SCMContainerPlacementRackAware (SCMContainerPlacementRackAware.java:chooseNode(482)) - Failed to find the datanode for container. excludedNodes:[42a5f925-1bc2-4f8a-8509-c5ae65e6fcde(localhost/127.0.0.1), d5ad88c2-6e7a-4660-bab6-a4e8807a575e(localhost/127.0.0.1)], affinityNode:
2025-09-11 04:25:00,327 [UnderReplicatedProcessor] INFO  replication.ReplicationManager (ReplicationManager.java:sendDatanodeCommand(665)) - Sending command [replicateContainerCommand: cmdID: 1757564684026, encodedToken: "", term: 0, deadlineMsSinceEpoch: 0, containerId=1, replicaIndex=0, targetNode=0ed0910f-4ac9-4f62-be34-d90c51a3e6c9(localhost/127.0.0.1), priority=NORMAL] for container ContainerInfo{id=#1, state=QUASI_CLOSED, stateEnterTime=2025-09-11T04:24:59.951632670Z, pipelineID=Pipeline-31d5dcaa-0410-4b69-a9b4-398fb7e0f3dc, owner=omServiceIdDefault} to 42a5f925-1bc2-4f8a-8509-c5ae65e6fcde(localhost/127.0.0.1) with datanode deadline 1757565060327 and scm deadline 1757565420327
2025-09-11 04:25:00,330 [UnderReplicatedProcessor] INFO  net.NetworkTopologyImpl (NetworkTopologyImpl.java:chooseNodeInternal(671)) - No available node in (scope="/" excludedScope="[/default-rack/42a5f925-1bc2-4f8a-8509-c5ae65e6fcde, /default-rack/d5ad88c2-6e7a-4660-bab6-a4e8807a575e, /default-rack/0ed0910f-4ac9-4f62-be34-d90c51a3e6c9]" excludedNodes="[42a5f925-1bc2-4f8a-8509-c5ae65e6fcde(localhost/127.0.0.1), d5ad88c2-6e7a-4660-bab6-a4e8807a575e(localhost/127.0.0.1), 0ed0910f-4ac9-4f62-be34-d90c51a3e6c9(localhost/127.0.0.1)]"  ancestorGen="1").
2025-09-11 04:25:00,330 [UnderReplicatedProcessor] WARN  algorithms.SCMContainerPlacementRackAware (SCMContainerPlacementRackAware.java:chooseNode(482)) - Failed to find the datanode for container. excludedNodes:[42a5f925-1bc2-4f8a-8509-c5ae65e6fcde(localhost/127.0.0.1), d5ad88c2-6e7a-4660-bab6-a4e8807a575e(localhost/127.0.0.1), 0ed0910f-4ac9-4f62-be34-d90c51a3e6c9(localhost/127.0.0.1)], affinityNode:
2025-09-11 04:25:00,331 [UnderReplicatedProcessor] INFO  replication.ReplicationManager (ReplicationManager.java:sendDatanodeCommand(665)) - Sending command [replicateContainerCommand: cmdID: 1757564684027, encodedToken: "", term: 0, deadlineMsSinceEpoch: 0, containerId=1, replicaIndex=0, targetNode=346684e1-b57f-4c29-9507-935dad45bd68(localhost/127.0.0.1), priority=NORMAL] for container ContainerInfo{id=#1, state=QUASI_CLOSED, stateEnterTime=2025-09-11T04:24:59.951632670Z, pipelineID=Pipeline-31d5dcaa-0410-4b69-a9b4-398fb7e0f3dc, owner=omServiceIdDefault} to d5ad88c2-6e7a-4660-bab6-a4e8807a575e(localhost/127.0.0.1) with datanode deadline 1757565060331 and scm deadline 1757565420331
2025-09-11 04:25:00,331 [UnderReplicatedProcessor] INFO  replication.UnhealthyReplicationProcessor (UnhealthyReplicationProcessor.java:processAll(136)) - Processed 1 containers with health state counts {UNDER_REPLICATED=1}, failed processing 0, deferred due to load 0
Connecting to Recon: http://localhost:15000/api/v1/containers/unhealthy/MISSING ...
2025-09-11 04:25:00,484 [qtp391903823-548] INFO  requests.recon (Slf4jRequestLogWriter.java:write(62)) - 127.0.0.1 - - [11/Sep/2025:04:25:00 +0000] "GET /api/v1/containers/unhealthy/MISSING HTTP/1.1" 200 593 "-" "Java/21.0.8"
2025-09-11 04:25:00,487 [ForkJoinPool-1-worker-1] INFO  recon.TestReconAndAdminContainerCLI (TestReconAndAdminContainerCLI.java:assertReportsMatch(344)) - Reports do not match (yet): expected: <0> but was: <1>
2025-09-11 04:25:01,227 [ReplicationMonitor] INFO  replication.ReplicationManager (ReplicationManager.java:processAll(384)) - Replication Monitor Thread took 0 milliseconds for processing 2 containers.
2025-09-11 04:25:01,269 [Recon-SyncOM-2] INFO  impl.OzoneManagerServiceProviderImpl (OzoneManagerServiceProviderImpl.java:lambda$startSyncDataFromOM$2(331)) - Last known sequence number before sync: 22
2025-09-11 04:25:01,269 [Recon-SyncOM-2] INFO  impl.OzoneManagerServiceProviderImpl (OzoneManagerServiceProviderImpl.java:syncDataFromOM(630)) - Seq number of Recon's OM DB : 22
2025-09-11 04:25:01,273 [Recon-SyncOM-2] INFO  impl.OzoneManagerServiceProviderImpl (OzoneManagerServiceProviderImpl.java:innerGetAndApplyDeltaUpdatesFromOM(600)) - From Sequence Number:22, Recon DB Sequence Number: 22, Number of updates received from OM : 0, SequenceNumber diff: 0, SequenceNumber Lag from OM 0, isDBUpdateSuccess: true
2025-09-11 04:25:01,276 [Recon-SyncOM-2] INFO  impl.OzoneManagerServiceProviderImpl (OzoneManagerServiceProviderImpl.java:syncDataFromOM(746)) - Delta updates received from OM : 1 loops, 0 records
2025-09-11 04:25:01,276 [Recon-SyncOM-2] INFO  impl.OzoneManagerServiceProviderImpl (OzoneManagerServiceProviderImpl.java:lambda$startSyncDataFromOM$2(336)) - Sequence number after sync: 22
Connecting to Recon: http://localhost:15000/api/v1/containers/unhealthy/MISSING ...
2025-09-11 04:25:01,493 [qtp391903823-547] INFO  requests.recon (Slf4jRequestLogWriter.java:write(62)) - 127.0.0.1 - - [11/Sep/2025:04:25:01 +0000] "GET /api/v1/containers/unhealthy/MISSING HTTP/1.1" 200 593 "-" "Java/21.0.8"
2025-09-11 04:25:01,496 [ForkJoinPool-1-worker-1] INFO  recon.TestReconAndAdminContainerCLI (TestReconAndAdminContainerCLI.java:assertReportsMatch(344)) - Reports do not match (yet): expected: <0> but was: <1>
2025-09-11 04:25:01,899 [d5ad88c2-6e7a-4660-bab6-a4e8807a575e-ContainerReplicationThread-0] INFO  replication.PushReplicator (PushReplicator.java:replicate(56)) - Starting replication of container 1 to 346684e1-b57f-4c29-9507-935dad45bd68(localhost/127.0.0.1) using NO_COMPRESSION
2025-09-11 04:25:01,914 [d5ad88c2-6e7a-4660-bab6-a4e8807a575e-ContainerReplicationThread-0] INFO  replication.GrpcOutputStream (GrpcOutputStream.java:close(115)) - Sent 19968 bytes for container 1
2025-09-11 04:25:01,917 [346684e1-b57f-4c29-9507-935dad45bd68-ReplicationContainerReader-2] INFO  replication.SendContainerRequestHandler (SendContainerRequestHandler.java:onNext(95)) - Accepting container 1
2025-09-11 04:25:01,917 [346684e1-b57f-4c29-9507-935dad45bd68-ReplicationContainerReader-2] INFO  replication.SendContainerRequestHandler (SendContainerRequestHandler.java:onCompleted(134)) - Container 1 is downloaded with size 19968, starting to import.
2025-09-11 04:25:01,952 [42a5f925-1bc2-4f8a-8509-c5ae65e6fcde-ContainerReplicationThread-0] INFO  replication.PushReplicator (PushReplicator.java:replicate(56)) - Starting replication of container 1 to 0ed0910f-4ac9-4f62-be34-d90c51a3e6c9(localhost/127.0.0.1) using NO_COMPRESSION
2025-09-11 04:25:01,957 [FixedThreadPoolWithAffinityExecutor-9-0] WARN  events.FixedThreadPoolWithAffinityExecutor (FixedThreadPoolWithAffinityExecutor.java:run(251)) - Event remained in queue for long time 2 millisec, 42a5f925-1bc2-4f8a-8509-c5ae65e6fcde(localhost/127.0.0.1), {type: FCR, size: 1}
2025-09-11 04:25:01,957 [FixedThreadPoolWithAffinityExecutor-9-0] WARN  events.FixedThreadPoolWithAffinityExecutor (FixedThreadPoolWithAffinityExecutor.java:run(264)) - Event taken long execution time 3 millisec, 42a5f925-1bc2-4f8a-8509-c5ae65e6fcde(localhost/127.0.0.1), {type: FCR, size: 1}
2025-09-11 04:25:01,958 [Recon-FixedThreadPoolWithAffinityExecutor-9-0] WARN  events.FixedThreadPoolWithAffinityExecutor (FixedThreadPoolWithAffinityExecutor.java:run(264)) - Event taken long execution time 2 millisec, 42a5f925-1bc2-4f8a-8509-c5ae65e6fcde(localhost/127.0.0.1), {type: FCR, size: 1}
2025-09-11 04:25:01,967 [42a5f925-1bc2-4f8a-8509-c5ae65e6fcde-ContainerReplicationThread-0] INFO  replication.GrpcOutputStream (GrpcOutputStream.java:close(115)) - Sent 19968 bytes for container 1
2025-09-11 04:25:01,969 [0ed0910f-4ac9-4f62-be34-d90c51a3e6c9-ReplicationContainerReader-2] INFO  replication.SendContainerRequestHandler (SendContainerRequestHandler.java:onNext(95)) - Accepting container 1
2025-09-11 04:25:01,970 [0ed0910f-4ac9-4f62-be34-d90c51a3e6c9-ReplicationContainerReader-2] INFO  replication.SendContainerRequestHandler (SendContainerRequestHandler.java:onCompleted(134)) - Container 1 is downloaded with size 19968, starting to import.
2025-09-11 04:25:01,984 [346684e1-b57f-4c29-9507-935dad45bd68-ReplicationContainerReader-2] WARN  helpers.KeyValueContainerUtil (KeyValueContainerUtil.java:populateContainerMetadata(330)) - Missing pendingDeleteBlockCount from metadata: recalculate them from block table
2025-09-11 04:25:01,992 [346684e1-b57f-4c29-9507-935dad45bd68-ReplicationContainerReader-2] INFO  replication.SendContainerRequestHandler (SendContainerRequestHandler.java:onCompleted(140)) - Container 1 is replicated successfully
2025-09-11 04:25:01,999 [grpc-default-executor-0] INFO  replication.GrpcContainerUploader (GrpcContainerUploader.java:onCompleted(131)) - Finished uploading container 1 to 346684e1-b57f-4c29-9507-935dad45bd68(localhost/127.0.0.1)
2025-09-11 04:25:02,001 [d5ad88c2-6e7a-4660-bab6-a4e8807a575e-ContainerReplicationThread-0] INFO  replication.ReplicationSupervisor (ReplicationSupervisor.java:run(416)) - Successful DONE replicateContainerCommand: cmdID: 1757564684027, encodedToken: "", term: 2, deadlineMsSinceEpoch: 1757565060331, containerId=1, replicaIndex=0, targetNode=346684e1-b57f-4c29-9507-935dad45bd68(localhost/127.0.0.1), priority=NORMAL, transferred 19968 bytes
2025-09-11 04:25:02,014 [0ed0910f-4ac9-4f62-be34-d90c51a3e6c9-ReplicationContainerReader-2] WARN  helpers.KeyValueContainerUtil (KeyValueContainerUtil.java:populateContainerMetadata(330)) - Missing pendingDeleteBlockCount from metadata: recalculate them from block table
2025-09-11 04:25:02,020 [0ed0910f-4ac9-4f62-be34-d90c51a3e6c9-ReplicationContainerReader-2] INFO  replication.SendContainerRequestHandler (SendContainerRequestHandler.java:onCompleted(140)) - Container 1 is replicated successfully
2025-09-11 04:25:02,023 [grpc-default-executor-2] INFO  replication.GrpcContainerUploader (GrpcContainerUploader.java:onCompleted(131)) - Finished uploading container 1 to 0ed0910f-4ac9-4f62-be34-d90c51a3e6c9(localhost/127.0.0.1)
2025-09-11 04:25:02,025 [42a5f925-1bc2-4f8a-8509-c5ae65e6fcde-ContainerReplicationThread-0] INFO  replication.ReplicationSupervisor (ReplicationSupervisor.java:run(416)) - Successful DONE replicateContainerCommand: cmdID: 1757564684026, encodedToken: "", term: 2, deadlineMsSinceEpoch: 1757565060327, containerId=1, replicaIndex=0, targetNode=0ed0910f-4ac9-4f62-be34-d90c51a3e6c9(localhost/127.0.0.1), priority=NORMAL, transferred 19968 bytes
2025-09-11 04:25:02,230 [ReplicationMonitor] INFO  replication.ReplicationManager (ReplicationManager.java:processAll(384)) - Replication Monitor Thread took 3 milliseconds for processing 2 containers.
2025-09-11 04:25:02,277 [Recon-SyncOM-2] INFO  impl.OzoneManagerServiceProviderImpl (OzoneManagerServiceProviderImpl.java:lambda$startSyncDataFromOM$2(331)) - Last known sequence number before sync: 22
2025-09-11 04:25:02,277 [Recon-SyncOM-2] INFO  impl.OzoneManagerServiceProviderImpl (OzoneManagerServiceProviderImpl.java:syncDataFromOM(630)) - Seq number of Recon's OM DB : 22
2025-09-11 04:25:02,285 [Recon-SyncOM-2] INFO  impl.OzoneManagerServiceProviderImpl (OzoneManagerServiceProviderImpl.java:innerGetAndApplyDeltaUpdatesFromOM(600)) - From Sequence Number:22, Recon DB Sequence Number: 22, Number of updates received from OM : 0, SequenceNumber diff: 0, SequenceNumber Lag from OM 0, isDBUpdateSuccess: true
2025-09-11 04:25:02,288 [Recon-SyncOM-2] INFO  impl.OzoneManagerServiceProviderImpl (OzoneManagerServiceProviderImpl.java:syncDataFromOM(746)) - Delta updates received from OM : 1 loops, 0 records
2025-09-11 04:25:02,288 [Recon-SyncOM-2] INFO  impl.OzoneManagerServiceProviderImpl (OzoneManagerServiceProviderImpl.java:lambda$startSyncDataFromOM$2(336)) - Sequence number after sync: 22
Connecting to Recon: http://localhost:15000/api/v1/containers/unhealthy/MISSING ...
2025-09-11 04:25:02,505 [qtp391903823-548] INFO  requests.recon (Slf4jRequestLogWriter.java:write(62)) - 127.0.0.1 - - [11/Sep/2025:04:25:02 +0000] "GET /api/v1/containers/unhealthy/MISSING HTTP/1.1" 200 593 "-" "Java/21.0.8"
2025-09-11 04:25:02,509 [ForkJoinPool-1-worker-1] INFO  recon.TestReconAndAdminContainerCLI (TestReconAndAdminContainerCLI.java:assertReportsMatch(344)) - Reports do not match (yet): expected: <0> but was: <1>
2025-09-11 04:25:02,952 [Recon-FixedThreadPoolWithAffinityExecutor-0-0] WARN  events.FixedThreadPoolWithAffinityExecutor (FixedThreadPoolWithAffinityExecutor.java:run(251)) - Event remained in queue for long time 2 millisec, d5ad88c2-6e7a-4660-bab6-a4e8807a575e(localhost/127.0.0.1), {type: FCR, size: 1}
2025-09-11 04:25:02,953 [Recon-FixedThreadPoolWithAffinityExecutor-0-0] WARN  events.FixedThreadPoolWithAffinityExecutor (FixedThreadPoolWithAffinityExecutor.java:run(264)) - Event taken long execution time 2 millisec, d5ad88c2-6e7a-4660-bab6-a4e8807a575e(localhost/127.0.0.1), {type: FCR, size: 1}
2025-09-11 04:25:03,081 [timer3] WARN  server.GrpcLogAppender (LogUtils.java:warn(127)) - 42a5f925-1bc2-4f8a-8509-c5ae65e6fcde@group-398FB7E0F3DC->86475e3c-5cf0-45b3-a002-22fb0eea734c-AppendLogResponseHandler: Failed appendEntries (Repeated 7 times in the last 5.001s): org.apache.ratis.thirdparty.io.grpc.StatusRuntimeException: UNAVAILABLE: io exception
  Caused by: org.apache.ratis.thirdparty.io.netty.channel.AbstractChannel$AnnotatedConnectException: finishConnect(..) failed: Connection refused: /127.0.0.1:15033
  Caused by: java.net.ConnectException: finishConnect(..) failed: Connection refused
2025-09-11 04:25:03,091 [timer1] WARN  server.GrpcLogAppender (GrpcLogAppender.java:lambda$resetClient$1(228)) - 42a5f925-1bc2-4f8a-8509-c5ae65e6fcde@group-398FB7E0F3DC->86475e3c-5cf0-45b3-a002-22fb0eea734c-GrpcLogAppender: Follower failed (request=null, errorCount=4); keep nextIndex (6) unchanged and retry. (Repeated 3 times in the last 5.002s)
2025-09-11 04:25:03,107 [timer4] WARN  server.GrpcLogAppender (GrpcLogAppender.java:lambda$resetClient$1(228)) - 42a5f925-1bc2-4f8a-8509-c5ae65e6fcde@group-398FB7E0F3DC->86475e3c-5cf0-45b3-a002-22fb0eea734c-GrpcLogAppender: Follower failed (request=null, errorCount=6); keep nextIndex (7) unchanged and retry. (Repeated 2 times in the last 5.001s)
2025-09-11 04:25:03,231 [ReplicationMonitor] INFO  replication.ReplicationManager (ReplicationManager.java:processAll(384)) - Replication Monitor Thread took 0 milliseconds for processing 2 containers.
2025-09-11 04:25:03,288 [Recon-SyncOM-2] INFO  impl.OzoneManagerServiceProviderImpl (OzoneManagerServiceProviderImpl.java:lambda$startSyncDataFromOM$2(331)) - Last known sequence number before sync: 22
2025-09-11 04:25:03,288 [Recon-SyncOM-2] INFO  impl.OzoneManagerServiceProviderImpl (OzoneManagerServiceProviderImpl.java:syncDataFromOM(630)) - Seq number of Recon's OM DB : 22
2025-09-11 04:25:03,292 [Recon-SyncOM-2] INFO  impl.OzoneManagerServiceProviderImpl (OzoneManagerServiceProviderImpl.java:innerGetAndApplyDeltaUpdatesFromOM(600)) - From Sequence Number:22, Recon DB Sequence Number: 22, Number of updates received from OM : 0, SequenceNumber diff: 0, SequenceNumber Lag from OM 0, isDBUpdateSuccess: true
2025-09-11 04:25:03,295 [Recon-SyncOM-2] INFO  impl.OzoneManagerServiceProviderImpl (OzoneManagerServiceProviderImpl.java:syncDataFromOM(746)) - Delta updates received from OM : 1 loops, 0 records
2025-09-11 04:25:03,295 [Recon-SyncOM-2] INFO  impl.OzoneManagerServiceProviderImpl (OzoneManagerServiceProviderImpl.java:lambda$startSyncDataFromOM$2(336)) - Sequence number after sync: 22
Connecting to Recon: http://localhost:15000/api/v1/containers/unhealthy/MISSING ...
2025-09-11 04:25:03,515 [qtp391903823-547] INFO  requests.recon (Slf4jRequestLogWriter.java:write(62)) - 127.0.0.1 - - [11/Sep/2025:04:25:03 +0000] "GET /api/v1/containers/unhealthy/MISSING HTTP/1.1" 200 593 "-" "Java/21.0.8"
2025-09-11 04:25:03,519 [ForkJoinPool-1-worker-1] INFO  recon.TestReconAndAdminContainerCLI (TestReconAndAdminContainerCLI.java:assertReportsMatch(344)) - Reports do not match (yet): expected: <0> but was: <1>
2025-09-11 04:25:03,905 [timer7] INFO  server.GrpcServerProtocolService (GrpcServerProtocolService.java:lambda$onCompleted$6(171)) - d5ad88c2-6e7a-4660-bab6-a4e8807a575e: Completed APPEND_ENTRIES, lastRequest: 42a5f925-1bc2-4f8a-8509-c5ae65e6fcde->d5ad88c2-6e7a-4660-bab6-a4e8807a575e#4-t2,previous=(t:2, i:6),leaderCommit=6,initializing? false,entries: size=1, first=(t:2, i:7), STATEMACHINELOGENTRY, WRITE: logData.size=87, stateMachineData.size=0, logEntryProtoSerializedSize=0  (Repeated 2 times in the last 4.999s)
2025-09-11 04:25:03,907 [timer0] INFO  server.GrpcServerProtocolService (GrpcServerProtocolService.java:lambda$null$7(175)) - d5ad88c2-6e7a-4660-bab6-a4e8807a575e: Completed APPEND_ENTRIES, lastReply: null  (Repeated 2 times in the last 5.001s)
2025-09-11 04:25:04,232 [ReplicationMonitor] INFO  replication.ReplicationManager (ReplicationManager.java:processAll(384)) - Replication Monitor Thread took 1 milliseconds for processing 2 containers.
2025-09-11 04:25:04,295 [Recon-SyncOM-2] INFO  impl.OzoneManagerServiceProviderImpl (OzoneManagerServiceProviderImpl.java:lambda$startSyncDataFromOM$2(331)) - Last known sequence number before sync: 22
2025-09-11 04:25:04,295 [Recon-SyncOM-2] INFO  impl.OzoneManagerServiceProviderImpl (OzoneManagerServiceProviderImpl.java:syncDataFromOM(630)) - Seq number of Recon's OM DB : 22
2025-09-11 04:25:04,299 [Recon-SyncOM-2] INFO  impl.OzoneManagerServiceProviderImpl (OzoneManagerServiceProviderImpl.java:innerGetAndApplyDeltaUpdatesFromOM(600)) - From Sequence Number:22, Recon DB Sequence Number: 22, Number of updates received from OM : 0, SequenceNumber diff: 0, SequenceNumber Lag from OM 0, isDBUpdateSuccess: true
2025-09-11 04:25:04,302 [Recon-SyncOM-2] INFO  impl.OzoneManagerServiceProviderImpl (OzoneManagerServiceProviderImpl.java:syncDataFromOM(746)) - Delta updates received from OM : 1 loops, 0 records
2025-09-11 04:25:04,302 [Recon-SyncOM-2] INFO  impl.OzoneManagerServiceProviderImpl (OzoneManagerServiceProviderImpl.java:lambda$startSyncDataFromOM$2(336)) - Sequence number after sync: 22
Connecting to Recon: http://localhost:15000/api/v1/containers/unhealthy/MISSING ...
2025-09-11 04:25:04,524 [qtp391903823-548] INFO  requests.recon (Slf4jRequestLogWriter.java:write(62)) - 127.0.0.1 - - [11/Sep/2025:04:25:04 +0000] "GET /api/v1/containers/unhealthy/MISSING HTTP/1.1" 200 593 "-" "Java/21.0.8"
2025-09-11 04:25:04,527 [ForkJoinPool-1-worker-1] INFO  recon.TestReconAndAdminContainerCLI (TestReconAndAdminContainerCLI.java:assertReportsMatch(344)) - Reports do not match (yet): expected: <0> but was: <1>
2025-09-11 04:25:05,232 [ReplicationMonitor] INFO  replication.ReplicationManager (ReplicationManager.java:processAll(384)) - Replication Monitor Thread took 0 milliseconds for processing 2 containers.
2025-09-11 04:25:05,302 [Recon-SyncOM-2] INFO  impl.OzoneManagerServiceProviderImpl (OzoneManagerServiceProviderImpl.java:lambda$startSyncDataFromOM$2(331)) - Last known sequence number before sync: 22
2025-09-11 04:25:05,302 [Recon-SyncOM-2] INFO  impl.OzoneManagerServiceProviderImpl (OzoneManagerServiceProviderImpl.java:syncDataFromOM(630)) - Seq number of Recon's OM DB : 22
2025-09-11 04:25:05,306 [Recon-SyncOM-2] INFO  impl.OzoneManagerServiceProviderImpl (OzoneManagerServiceProviderImpl.java:innerGetAndApplyDeltaUpdatesFromOM(600)) - From Sequence Number:22, Recon DB Sequence Number: 22, Number of updates received from OM : 0, SequenceNumber diff: 0, SequenceNumber Lag from OM 0, isDBUpdateSuccess: true
2025-09-11 04:25:05,313 [Recon-SyncOM-2] INFO  impl.OzoneManagerServiceProviderImpl (OzoneManagerServiceProviderImpl.java:syncDataFromOM(746)) - Delta updates received from OM : 1 loops, 0 records
2025-09-11 04:25:05,313 [Recon-SyncOM-2] INFO  impl.OzoneManagerServiceProviderImpl (OzoneManagerServiceProviderImpl.java:lambda$startSyncDataFromOM$2(336)) - Sequence number after sync: 22
Connecting to Recon: http://localhost:15000/api/v1/containers/unhealthy/MISSING ...
2025-09-11 04:25:05,533 [qtp391903823-547] INFO  requests.recon (Slf4jRequestLogWriter.java:write(62)) - 127.0.0.1 - - [11/Sep/2025:04:25:05 +0000] "GET /api/v1/containers/unhealthy/MISSING HTTP/1.1" 200 593 "-" "Java/21.0.8"
2025-09-11 04:25:05,536 [ForkJoinPool-1-worker-1] INFO  recon.TestReconAndAdminContainerCLI (TestReconAndAdminContainerCLI.java:assertReportsMatch(344)) - Reports do not match (yet): expected: <0> but was: <1>
2025-09-11 04:25:06,233 [ReplicationMonitor] INFO  replication.ReplicationManager (ReplicationManager.java:processAll(384)) - Replication Monitor Thread took 1 milliseconds for processing 2 containers.
2025-09-11 04:25:06,313 [Recon-SyncOM-2] INFO  impl.OzoneManagerServiceProviderImpl (OzoneManagerServiceProviderImpl.java:lambda$startSyncDataFromOM$2(331)) - Last known sequence number before sync: 22
2025-09-11 04:25:06,313 [Recon-SyncOM-2] INFO  impl.OzoneManagerServiceProviderImpl (OzoneManagerServiceProviderImpl.java:syncDataFromOM(630)) - Seq number of Recon's OM DB : 22
2025-09-11 04:25:06,317 [Recon-SyncOM-2] INFO  impl.OzoneManagerServiceProviderImpl (OzoneManagerServiceProviderImpl.java:innerGetAndApplyDeltaUpdatesFromOM(600)) - From Sequence Number:22, Recon DB Sequence Number: 22, Number of updates received from OM : 0, SequenceNumber diff: 0, SequenceNumber Lag from OM 0, isDBUpdateSuccess: true
2025-09-11 04:25:06,321 [Recon-SyncOM-2] INFO  impl.OzoneManagerServiceProviderImpl (OzoneManagerServiceProviderImpl.java:syncDataFromOM(746)) - Delta updates received from OM : 1 loops, 0 records
2025-09-11 04:25:06,321 [Recon-SyncOM-2] INFO  impl.OzoneManagerServiceProviderImpl (OzoneManagerServiceProviderImpl.java:lambda$startSyncDataFromOM$2(336)) - Sequence number after sync: 22
Connecting to Recon: http://localhost:15000/api/v1/containers/unhealthy/MISSING ...
2025-09-11 04:25:06,543 [qtp391903823-548] INFO  requests.recon (Slf4jRequestLogWriter.java:write(62)) - 127.0.0.1 - - [11/Sep/2025:04:25:06 +0000] "GET /api/v1/containers/unhealthy/MISSING HTTP/1.1" 200 593 "-" "Java/21.0.8"
2025-09-11 04:25:06,546 [ForkJoinPool-1-worker-1] INFO  recon.TestReconAndAdminContainerCLI (TestReconAndAdminContainerCLI.java:assertReportsMatch(344)) - Reports do not match (yet): expected: <0> but was: <1>
2025-09-11 04:25:06,953 [Recon-FixedThreadPoolWithAffinityExecutor-0-0] WARN  events.FixedThreadPoolWithAffinityExecutor (FixedThreadPoolWithAffinityExecutor.java:run(251)) - Event remained in queue for long time 2 millisec, d5ad88c2-6e7a-4660-bab6-a4e8807a575e(localhost/127.0.0.1), {type: FCR, size: 1}
2025-09-11 04:25:06,954 [Recon-FixedThreadPoolWithAffinityExecutor-0-0] WARN  events.FixedThreadPoolWithAffinityExecutor (FixedThreadPoolWithAffinityExecutor.java:run(264)) - Event taken long execution time 2 millisec, d5ad88c2-6e7a-4660-bab6-a4e8807a575e(localhost/127.0.0.1), {type: FCR, size: 1}
2025-09-11 04:25:07,233 [ReplicationMonitor] INFO  replication.ReplicationManager (ReplicationManager.java:processAll(384)) - Replication Monitor Thread took 0 milliseconds for processing 2 containers.
2025-09-11 04:25:07,321 [Recon-SyncOM-2] INFO  impl.OzoneManagerServiceProviderImpl (OzoneManagerServiceProviderImpl.java:lambda$startSyncDataFromOM$2(331)) - Last known sequence number before sync: 22
2025-09-11 04:25:07,321 [Recon-SyncOM-2] INFO  impl.OzoneManagerServiceProviderImpl (OzoneManagerServiceProviderImpl.java:syncDataFromOM(630)) - Seq number of Recon's OM DB : 22
2025-09-11 04:25:07,325 [Recon-SyncOM-2] INFO  impl.OzoneManagerServiceProviderImpl (OzoneManagerServiceProviderImpl.java:innerGetAndApplyDeltaUpdatesFromOM(600)) - From Sequence Number:22, Recon DB Sequence Number: 22, Number of updates received from OM : 0, SequenceNumber diff: 0, SequenceNumber Lag from OM 0, isDBUpdateSuccess: true
2025-09-11 04:25:07,328 [Recon-SyncOM-2] INFO  impl.OzoneManagerServiceProviderImpl (OzoneManagerServiceProviderImpl.java:syncDataFromOM(746)) - Delta updates received from OM : 1 loops, 0 records
2025-09-11 04:25:07,328 [Recon-SyncOM-2] INFO  impl.OzoneManagerServiceProviderImpl (OzoneManagerServiceProviderImpl.java:lambda$startSyncDataFromOM$2(336)) - Sequence number after sync: 22
Connecting to Recon: http://localhost:15000/api/v1/containers/unhealthy/MISSING ...
2025-09-11 04:25:07,552 [qtp391903823-547] INFO  requests.recon (Slf4jRequestLogWriter.java:write(62)) - 127.0.0.1 - - [11/Sep/2025:04:25:07 +0000] "GET /api/v1/containers/unhealthy/MISSING HTTP/1.1" 200 593 "-" "Java/21.0.8"
2025-09-11 04:25:07,555 [ForkJoinPool-1-worker-1] INFO  recon.TestReconAndAdminContainerCLI (TestReconAndAdminContainerCLI.java:assertReportsMatch(344)) - Reports do not match (yet): expected: <0> but was: <1>
2025-09-11 04:25:08,234 [ReplicationMonitor] INFO  replication.ReplicationManager (ReplicationManager.java:processAll(384)) - Replication Monitor Thread took 1 milliseconds for processing 2 containers.
2025-09-11 04:25:08,328 [Recon-SyncOM-2] INFO  impl.OzoneManagerServiceProviderImpl (OzoneManagerServiceProviderImpl.java:lambda$startSyncDataFromOM$2(331)) - Last known sequence number before sync: 22
2025-09-11 04:25:08,328 [Recon-SyncOM-2] INFO  impl.OzoneManagerServiceProviderImpl (OzoneManagerServiceProviderImpl.java:syncDataFromOM(630)) - Seq number of Recon's OM DB : 22
2025-09-11 04:25:08,332 [Recon-SyncOM-2] INFO  impl.OzoneManagerServiceProviderImpl (OzoneManagerServiceProviderImpl.java:innerGetAndApplyDeltaUpdatesFromOM(600)) - From Sequence Number:22, Recon DB Sequence Number: 22, Number of updates received from OM : 0, SequenceNumber diff: 0, SequenceNumber Lag from OM 0, isDBUpdateSuccess: true
2025-09-11 04:25:08,335 [Recon-SyncOM-2] INFO  impl.OzoneManagerServiceProviderImpl (OzoneManagerServiceProviderImpl.java:syncDataFromOM(746)) - Delta updates received from OM : 1 loops, 0 records
2025-09-11 04:25:08,335 [Recon-SyncOM-2] INFO  impl.OzoneManagerServiceProviderImpl (OzoneManagerServiceProviderImpl.java:lambda$startSyncDataFromOM$2(336)) - Sequence number after sync: 22
Connecting to Recon: http://localhost:15000/api/v1/containers/unhealthy/MISSING ...
2025-09-11 04:25:08,562 [qtp391903823-548] INFO  requests.recon (Slf4jRequestLogWriter.java:write(62)) - 127.0.0.1 - - [11/Sep/2025:04:25:08 +0000] "GET /api/v1/containers/unhealthy/MISSING HTTP/1.1" 200 593 "-" "Java/21.0.8"
2025-09-11 04:25:08,565 [ForkJoinPool-1-worker-1] INFO  recon.TestReconAndAdminContainerCLI (TestReconAndAdminContainerCLI.java:assertReportsMatch(344)) - Reports do not match (yet): expected: <0> but was: <1>
2025-09-11 04:25:09,235 [ReplicationMonitor] INFO  replication.ReplicationManager (ReplicationManager.java:processAll(384)) - Replication Monitor Thread took 1 milliseconds for processing 2 containers.
2025-09-11 04:25:09,335 [Recon-SyncOM-2] INFO  impl.OzoneManagerServiceProviderImpl (OzoneManagerServiceProviderImpl.java:lambda$startSyncDataFromOM$2(331)) - Last known sequence number before sync: 22
2025-09-11 04:25:09,335 [Recon-SyncOM-2] INFO  impl.OzoneManagerServiceProviderImpl (OzoneManagerServiceProviderImpl.java:syncDataFromOM(630)) - Seq number of Recon's OM DB : 22
2025-09-11 04:25:09,341 [Recon-SyncOM-2] INFO  impl.OzoneManagerServiceProviderImpl (OzoneManagerServiceProviderImpl.java:innerGetAndApplyDeltaUpdatesFromOM(600)) - From Sequence Number:22, Recon DB Sequence Number: 22, Number of updates received from OM : 0, SequenceNumber diff: 0, SequenceNumber Lag from OM 0, isDBUpdateSuccess: true
2025-09-11 04:25:09,349 [Recon-SyncOM-2] INFO  impl.OzoneManagerServiceProviderImpl (OzoneManagerServiceProviderImpl.java:syncDataFromOM(746)) - Delta updates received from OM : 1 loops, 0 records
2025-09-11 04:25:09,349 [Recon-SyncOM-2] INFO  impl.OzoneManagerServiceProviderImpl (OzoneManagerServiceProviderImpl.java:lambda$startSyncDataFromOM$2(336)) - Sequence number after sync: 22
Connecting to Recon: http://localhost:15000/api/v1/containers/unhealthy/MISSING ...
2025-09-11 04:25:09,571 [qtp391903823-547] INFO  requests.recon (Slf4jRequestLogWriter.java:write(62)) - 127.0.0.1 - - [11/Sep/2025:04:25:09 +0000] "GET /api/v1/containers/unhealthy/MISSING HTTP/1.1" 200 593 "-" "Java/21.0.8"
2025-09-11 04:25:09,573 [ForkJoinPool-1-worker-1] INFO  recon.TestReconAndAdminContainerCLI (TestReconAndAdminContainerCLI.java:assertReportsMatch(344)) - Reports do not match (yet): expected: <0> but was: <1>
2025-09-11 04:25:10,235 [ReplicationMonitor] INFO  replication.ReplicationManager (ReplicationManager.java:processAll(384)) - Replication Monitor Thread took 0 milliseconds for processing 2 containers.
2025-09-11 04:25:10,349 [Recon-SyncOM-2] INFO  impl.OzoneManagerServiceProviderImpl (OzoneManagerServiceProviderImpl.java:lambda$startSyncDataFromOM$2(331)) - Last known sequence number before sync: 22
2025-09-11 04:25:10,349 [Recon-SyncOM-2] INFO  impl.OzoneManagerServiceProviderImpl (OzoneManagerServiceProviderImpl.java:syncDataFromOM(630)) - Seq number of Recon's OM DB : 22
2025-09-11 04:25:10,353 [Recon-SyncOM-2] INFO  impl.OzoneManagerServiceProviderImpl (OzoneManagerServiceProviderImpl.java:innerGetAndApplyDeltaUpdatesFromOM(600)) - From Sequence Number:22, Recon DB Sequence Number: 22, Number of updates received from OM : 0, SequenceNumber diff: 0, SequenceNumber Lag from OM 0, isDBUpdateSuccess: true
2025-09-11 04:25:10,355 [Recon-SyncOM-2] INFO  impl.OzoneManagerServiceProviderImpl (OzoneManagerServiceProviderImpl.java:syncDataFromOM(746)) - Delta updates received from OM : 1 loops, 0 records
2025-09-11 04:25:10,355 [Recon-SyncOM-2] INFO  impl.OzoneManagerServiceProviderImpl (OzoneManagerServiceProviderImpl.java:lambda$startSyncDataFromOM$2(336)) - Sequence number after sync: 22
Connecting to Recon: http://localhost:15000/api/v1/containers/unhealthy/MISSING ...
2025-09-11 04:25:10,579 [qtp391903823-548] INFO  requests.recon (Slf4jRequestLogWriter.java:write(62)) - 127.0.0.1 - - [11/Sep/2025:04:25:10 +0000] "GET /api/v1/containers/unhealthy/MISSING HTTP/1.1" 200 593 "-" "Java/21.0.8"
2025-09-11 04:25:10,582 [ForkJoinPool-1-worker-1] INFO  recon.TestReconAndAdminContainerCLI (TestReconAndAdminContainerCLI.java:assertReportsMatch(344)) - Reports do not match (yet): expected: <0> but was: <1>
2025-09-11 04:25:11,236 [ReplicationMonitor] INFO  replication.ReplicationManager (ReplicationManager.java:processAll(384)) - Replication Monitor Thread took 1 milliseconds for processing 2 containers.
2025-09-11 04:25:11,355 [Recon-SyncOM-2] INFO  impl.OzoneManagerServiceProviderImpl (OzoneManagerServiceProviderImpl.java:lambda$startSyncDataFromOM$2(331)) - Last known sequence number before sync: 22
2025-09-11 04:25:11,355 [Recon-SyncOM-2] INFO  impl.OzoneManagerServiceProviderImpl (OzoneManagerServiceProviderImpl.java:syncDataFromOM(630)) - Seq number of Recon's OM DB : 22
2025-09-11 04:25:11,359 [Recon-SyncOM-2] INFO  impl.OzoneManagerServiceProviderImpl (OzoneManagerServiceProviderImpl.java:innerGetAndApplyDeltaUpdatesFromOM(600)) - From Sequence Number:22, Recon DB Sequence Number: 22, Number of updates received from OM : 0, SequenceNumber diff: 0, SequenceNumber Lag from OM 0, isDBUpdateSuccess: true
2025-09-11 04:25:11,362 [Recon-SyncOM-2] INFO  impl.OzoneManagerServiceProviderImpl (OzoneManagerServiceProviderImpl.java:syncDataFromOM(746)) - Delta updates received from OM : 1 loops, 0 records
2025-09-11 04:25:11,362 [Recon-SyncOM-2] INFO  impl.OzoneManagerServiceProviderImpl (OzoneManagerServiceProviderImpl.java:lambda$startSyncDataFromOM$2(336)) - Sequence number after sync: 22
Connecting to Recon: http://localhost:15000/api/v1/containers/unhealthy/MISSING ...
2025-09-11 04:25:11,588 [qtp391903823-547] INFO  requests.recon (Slf4jRequestLogWriter.java:write(62)) - 127.0.0.1 - - [11/Sep/2025:04:25:11 +0000] "GET /api/v1/containers/unhealthy/MISSING HTTP/1.1" 200 593 "-" "Java/21.0.8"
2025-09-11 04:25:11,591 [ForkJoinPool-1-worker-1] INFO  recon.TestReconAndAdminContainerCLI (TestReconAndAdminContainerCLI.java:assertReportsMatch(344)) - Reports do not match (yet): expected: <0> but was: <1>
2025-09-11 04:25:12,237 [ReplicationMonitor] INFO  replication.ReplicationManager (ReplicationManager.java:processAll(384)) - Replication Monitor Thread took 1 milliseconds for processing 2 containers.
2025-09-11 04:25:12,362 [Recon-SyncOM-2] INFO  impl.OzoneManagerServiceProviderImpl (OzoneManagerServiceProviderImpl.java:lambda$startSyncDataFromOM$2(331)) - Last known sequence number before sync: 22
2025-09-11 04:25:12,362 [Recon-SyncOM-2] INFO  impl.OzoneManagerServiceProviderImpl (OzoneManagerServiceProviderImpl.java:syncDataFromOM(630)) - Seq number of Recon's OM DB : 22
2025-09-11 04:25:12,366 [Recon-SyncOM-2] INFO  impl.OzoneManagerServiceProviderImpl (OzoneManagerServiceProviderImpl.java:innerGetAndApplyDeltaUpdatesFromOM(600)) - From Sequence Number:22, Recon DB Sequence Number: 22, Number of updates received from OM : 0, SequenceNumber diff: 0, SequenceNumber Lag from OM 0, isDBUpdateSuccess: true
2025-09-11 04:25:12,369 [Recon-SyncOM-2] INFO  impl.OzoneManagerServiceProviderImpl (OzoneManagerServiceProviderImpl.java:syncDataFromOM(746)) - Delta updates received from OM : 1 loops, 0 records
2025-09-11 04:25:12,369 [Recon-SyncOM-2] INFO  impl.OzoneManagerServiceProviderImpl (OzoneManagerServiceProviderImpl.java:lambda$startSyncDataFromOM$2(336)) - Sequence number after sync: 22
Connecting to Recon: http://localhost:15000/api/v1/containers/unhealthy/MISSING ...
2025-09-11 04:25:12,597 [qtp391903823-548] INFO  requests.recon (Slf4jRequestLogWriter.java:write(62)) - 127.0.0.1 - - [11/Sep/2025:04:25:12 +0000] "GET /api/v1/containers/unhealthy/MISSING HTTP/1.1" 200 593 "-" "Java/21.0.8"
2025-09-11 04:25:12,600 [ForkJoinPool-1-worker-1] INFO  recon.TestReconAndAdminContainerCLI (TestReconAndAdminContainerCLI.java:assertReportsMatch(344)) - Reports do not match (yet): expected: <0> but was: <1>
2025-09-11 04:25:13,237 [ReplicationMonitor] INFO  replication.ReplicationManager (ReplicationManager.java:processAll(384)) - Replication Monitor Thread took 0 milliseconds for processing 2 containers.
2025-09-11 04:25:13,369 [Recon-SyncOM-2] INFO  impl.OzoneManagerServiceProviderImpl (OzoneManagerServiceProviderImpl.java:lambda$startSyncDataFromOM$2(331)) - Last known sequence number before sync: 22
2025-09-11 04:25:13,369 [Recon-SyncOM-2] INFO  impl.OzoneManagerServiceProviderImpl (OzoneManagerServiceProviderImpl.java:syncDataFromOM(630)) - Seq number of Recon's OM DB : 22
2025-09-11 04:25:13,373 [Recon-SyncOM-2] INFO  impl.OzoneManagerServiceProviderImpl (OzoneManagerServiceProviderImpl.java:innerGetAndApplyDeltaUpdatesFromOM(600)) - From Sequence Number:22, Recon DB Sequence Number: 22, Number of updates received from OM : 0, SequenceNumber diff: 0, SequenceNumber Lag from OM 0, isDBUpdateSuccess: true
2025-09-11 04:25:13,376 [Recon-SyncOM-2] INFO  impl.OzoneManagerServiceProviderImpl (OzoneManagerServiceProviderImpl.java:syncDataFromOM(746)) - Delta updates received from OM : 1 loops, 0 records
2025-09-11 04:25:13,376 [Recon-SyncOM-2] INFO  impl.OzoneManagerServiceProviderImpl (OzoneManagerServiceProviderImpl.java:lambda$startSyncDataFromOM$2(336)) - Sequence number after sync: 22
Connecting to Recon: http://localhost:15000/api/v1/containers/unhealthy/MISSING ...
2025-09-11 04:25:13,606 [qtp391903823-547] INFO  requests.recon (Slf4jRequestLogWriter.java:write(62)) - 127.0.0.1 - - [11/Sep/2025:04:25:13 +0000] "GET /api/v1/containers/unhealthy/MISSING HTTP/1.1" 200 593 "-" "Java/21.0.8"
2025-09-11 04:25:13,610 [ForkJoinPool-1-worker-1] INFO  recon.TestReconAndAdminContainerCLI (TestReconAndAdminContainerCLI.java:assertReportsMatch(344)) - Reports do not match (yet): expected: <0> but was: <1>
2025-09-11 04:25:13,954 [FixedThreadPoolWithAffinityExecutor-0-0] WARN  events.FixedThreadPoolWithAffinityExecutor (FixedThreadPoolWithAffinityExecutor.java:run(251)) - Event remained in queue for long time 2 millisec, d5ad88c2-6e7a-4660-bab6-a4e8807a575e(localhost/127.0.0.1), {type: FCR, size: 1}
2025-09-11 04:25:13,955 [FixedThreadPoolWithAffinityExecutor-0-0] WARN  events.FixedThreadPoolWithAffinityExecutor (FixedThreadPoolWithAffinityExecutor.java:run(264)) - Event taken long execution time 2 millisec, d5ad88c2-6e7a-4660-bab6-a4e8807a575e(localhost/127.0.0.1), {type: FCR, size: 1}
2025-09-11 04:25:14,238 [ReplicationMonitor] INFO  replication.ReplicationManager (ReplicationManager.java:processAll(384)) - Replication Monitor Thread took 1 milliseconds for processing 2 containers.
2025-09-11 04:25:14,376 [Recon-SyncOM-2] INFO  impl.OzoneManagerServiceProviderImpl (OzoneManagerServiceProviderImpl.java:lambda$startSyncDataFromOM$2(331)) - Last known sequence number before sync: 22
2025-09-11 04:25:14,376 [Recon-SyncOM-2] INFO  impl.OzoneManagerServiceProviderImpl (OzoneManagerServiceProviderImpl.java:syncDataFromOM(630)) - Seq number of Recon's OM DB : 22
2025-09-11 04:25:14,380 [Recon-SyncOM-2] INFO  impl.OzoneManagerServiceProviderImpl (OzoneManagerServiceProviderImpl.java:innerGetAndApplyDeltaUpdatesFromOM(600)) - From Sequence Number:22, Recon DB Sequence Number: 22, Number of updates received from OM : 0, SequenceNumber diff: 0, SequenceNumber Lag from OM 0, isDBUpdateSuccess: true
2025-09-11 04:25:14,383 [Recon-SyncOM-2] INFO  impl.OzoneManagerServiceProviderImpl (OzoneManagerServiceProviderImpl.java:syncDataFromOM(746)) - Delta updates received from OM : 1 loops, 0 records
2025-09-11 04:25:14,383 [Recon-SyncOM-2] INFO  impl.OzoneManagerServiceProviderImpl (OzoneManagerServiceProviderImpl.java:lambda$startSyncDataFromOM$2(336)) - Sequence number after sync: 22
Connecting to Recon: http://localhost:15000/api/v1/containers/unhealthy/MISSING ...
2025-09-11 04:25:14,616 [qtp391903823-548] INFO  requests.recon (Slf4jRequestLogWriter.java:write(62)) - 127.0.0.1 - - [11/Sep/2025:04:25:14 +0000] "GET /api/v1/containers/unhealthy/MISSING HTTP/1.1" 200 593 "-" "Java/21.0.8"
2025-09-11 04:25:14,618 [ForkJoinPool-1-worker-1] INFO  recon.TestReconAndAdminContainerCLI (TestReconAndAdminContainerCLI.java:assertReportsMatch(344)) - Reports do not match (yet): expected: <0> but was: <1>
2025-09-11 04:25:15,238 [ReplicationMonitor] INFO  replication.ReplicationManager (ReplicationManager.java:processAll(384)) - Replication Monitor Thread took 0 milliseconds for processing 2 containers.
2025-09-11 04:25:15,384 [Recon-SyncOM-2] INFO  impl.OzoneManagerServiceProviderImpl (OzoneManagerServiceProviderImpl.java:lambda$startSyncDataFromOM$2(331)) - Last known sequence number before sync: 22
2025-09-11 04:25:15,384 [Recon-SyncOM-2] INFO  impl.OzoneManagerServiceProviderImpl (OzoneManagerServiceProviderImpl.java:syncDataFromOM(630)) - Seq number of Recon's OM DB : 22
2025-09-11 04:25:15,387 [Recon-SyncOM-2] INFO  impl.OzoneManagerServiceProviderImpl (OzoneManagerServiceProviderImpl.java:innerGetAndApplyDeltaUpdatesFromOM(600)) - From Sequence Number:22, Recon DB Sequence Number: 22, Number of updates received from OM : 0, SequenceNumber diff: 0, SequenceNumber Lag from OM 0, isDBUpdateSuccess: true
2025-09-11 04:25:15,390 [Recon-SyncOM-2] INFO  impl.OzoneManagerServiceProviderImpl (OzoneManagerServiceProviderImpl.java:syncDataFromOM(746)) - Delta updates received from OM : 1 loops, 0 records
2025-09-11 04:25:15,390 [Recon-SyncOM-2] INFO  impl.OzoneManagerServiceProviderImpl (OzoneManagerServiceProviderImpl.java:lambda$startSyncDataFromOM$2(336)) - Sequence number after sync: 22
Connecting to Recon: http://localhost:15000/api/v1/containers/unhealthy/MISSING ...
2025-09-11 04:25:15,624 [qtp391903823-547] INFO  requests.recon (Slf4jRequestLogWriter.java:write(62)) - 127.0.0.1 - - [11/Sep/2025:04:25:15 +0000] "GET /api/v1/containers/unhealthy/MISSING HTTP/1.1" 200 593 "-" "Java/21.0.8"
2025-09-11 04:25:15,627 [ForkJoinPool-1-worker-1] INFO  recon.TestReconAndAdminContainerCLI (TestReconAndAdminContainerCLI.java:assertReportsMatch(344)) - Reports do not match (yet): expected: <0> but was: <1>
2025-09-11 04:25:16,239 [ReplicationMonitor] INFO  replication.ReplicationManager (ReplicationManager.java:processAll(384)) - Replication Monitor Thread took 0 milliseconds for processing 2 containers.
2025-09-11 04:25:16,390 [Recon-SyncOM-2] INFO  impl.OzoneManagerServiceProviderImpl (OzoneManagerServiceProviderImpl.java:lambda$startSyncDataFromOM$2(331)) - Last known sequence number before sync: 22
2025-09-11 04:25:16,390 [Recon-SyncOM-2] INFO  impl.OzoneManagerServiceProviderImpl (OzoneManagerServiceProviderImpl.java:syncDataFromOM(630)) - Seq number of Recon's OM DB : 22
2025-09-11 04:25:16,393 [Recon-SyncOM-2] INFO  impl.OzoneManagerServiceProviderImpl (OzoneManagerServiceProviderImpl.java:innerGetAndApplyDeltaUpdatesFromOM(600)) - From Sequence Number:22, Recon DB Sequence Number: 22, Number of updates received from OM : 0, SequenceNumber diff: 0, SequenceNumber Lag from OM 0, isDBUpdateSuccess: true
2025-09-11 04:25:16,396 [Recon-SyncOM-2] INFO  impl.OzoneManagerServiceProviderImpl (OzoneManagerServiceProviderImpl.java:syncDataFromOM(746)) - Delta updates received from OM : 1 loops, 0 records
2025-09-11 04:25:16,396 [Recon-SyncOM-2] INFO  impl.OzoneManagerServiceProviderImpl (OzoneManagerServiceProviderImpl.java:lambda$startSyncDataFromOM$2(336)) - Sequence number after sync: 22
Connecting to Recon: http://localhost:15000/api/v1/containers/unhealthy/MISSING ...
2025-09-11 04:25:16,633 [qtp391903823-548] INFO  requests.recon (Slf4jRequestLogWriter.java:write(62)) - 127.0.0.1 - - [11/Sep/2025:04:25:16 +0000] "GET /api/v1/containers/unhealthy/MISSING HTTP/1.1" 200 593 "-" "Java/21.0.8"
2025-09-11 04:25:16,635 [ForkJoinPool-1-worker-1] INFO  recon.TestReconAndAdminContainerCLI (TestReconAndAdminContainerCLI.java:assertReportsMatch(344)) - Reports do not match (yet): expected: <0> but was: <1>
2025-09-11 04:25:17,239 [ReplicationMonitor] INFO  replication.ReplicationManager (ReplicationManager.java:processAll(384)) - Replication Monitor Thread took 0 milliseconds for processing 2 containers.
2025-09-11 04:25:17,397 [Recon-SyncOM-2] INFO  impl.OzoneManagerServiceProviderImpl (OzoneManagerServiceProviderImpl.java:lambda$startSyncDataFromOM$2(331)) - Last known sequence number before sync: 22
2025-09-11 04:25:17,397 [Recon-SyncOM-2] INFO  impl.OzoneManagerServiceProviderImpl (OzoneManagerServiceProviderImpl.java:syncDataFromOM(630)) - Seq number of Recon's OM DB : 22
2025-09-11 04:25:17,400 [Recon-SyncOM-2] INFO  impl.OzoneManagerServiceProviderImpl (OzoneManagerServiceProviderImpl.java:innerGetAndApplyDeltaUpdatesFromOM(600)) - From Sequence Number:22, Recon DB Sequence Number: 22, Number of updates received from OM : 0, SequenceNumber diff: 0, SequenceNumber Lag from OM 0, isDBUpdateSuccess: true
2025-09-11 04:25:17,402 [Recon-SyncOM-2] INFO  impl.OzoneManagerServiceProviderImpl (OzoneManagerServiceProviderImpl.java:syncDataFromOM(746)) - Delta updates received from OM : 1 loops, 0 records
2025-09-11 04:25:17,402 [Recon-SyncOM-2] INFO  impl.OzoneManagerServiceProviderImpl (OzoneManagerServiceProviderImpl.java:lambda$startSyncDataFromOM$2(336)) - Sequence number after sync: 22
Connecting to Recon: http://localhost:15000/api/v1/containers/unhealthy/MISSING ...
2025-09-11 04:25:17,641 [qtp391903823-547] INFO  requests.recon (Slf4jRequestLogWriter.java:write(62)) - 127.0.0.1 - - [11/Sep/2025:04:25:17 +0000] "GET /api/v1/containers/unhealthy/MISSING HTTP/1.1" 200 593 "-" "Java/21.0.8"
2025-09-11 04:25:17,644 [ForkJoinPool-1-worker-1] INFO  recon.TestReconAndAdminContainerCLI (TestReconAndAdminContainerCLI.java:assertReportsMatch(344)) - Reports do not match (yet): expected: <0> but was: <1>
2025-09-11 04:25:18,240 [ReplicationMonitor] INFO  replication.ReplicationManager (ReplicationManager.java:processAll(384)) - Replication Monitor Thread took 0 milliseconds for processing 2 containers.
2025-09-11 04:25:18,402 [Recon-SyncOM-2] INFO  impl.OzoneManagerServiceProviderImpl (OzoneManagerServiceProviderImpl.java:lambda$startSyncDataFromOM$2(331)) - Last known sequence number before sync: 22
2025-09-11 04:25:18,402 [Recon-SyncOM-2] INFO  impl.OzoneManagerServiceProviderImpl (OzoneManagerServiceProviderImpl.java:syncDataFromOM(630)) - Seq number of Recon's OM DB : 22
2025-09-11 04:25:18,406 [Recon-SyncOM-2] INFO  impl.OzoneManagerServiceProviderImpl (OzoneManagerServiceProviderImpl.java:innerGetAndApplyDeltaUpdatesFromOM(600)) - From Sequence Number:22, Recon DB Sequence Number: 22, Number of updates received from OM : 0, SequenceNumber diff: 0, SequenceNumber Lag from OM 0, isDBUpdateSuccess: true
2025-09-11 04:25:18,408 [Recon-SyncOM-2] INFO  impl.OzoneManagerServiceProviderImpl (OzoneManagerServiceProviderImpl.java:syncDataFromOM(746)) - Delta updates received from OM : 1 loops, 0 records
2025-09-11 04:25:18,408 [Recon-SyncOM-2] INFO  impl.OzoneManagerServiceProviderImpl (OzoneManagerServiceProviderImpl.java:lambda$startSyncDataFromOM$2(336)) - Sequence number after sync: 22
Connecting to Recon: http://localhost:15000/api/v1/containers/unhealthy/MISSING ...
2025-09-11 04:25:18,650 [qtp391903823-548] INFO  requests.recon (Slf4jRequestLogWriter.java:write(62)) - 127.0.0.1 - - [11/Sep/2025:04:25:18 +0000] "GET /api/v1/containers/unhealthy/MISSING HTTP/1.1" 200 593 "-" "Java/21.0.8"
2025-09-11 04:25:18,653 [ForkJoinPool-1-worker-1] INFO  recon.TestReconAndAdminContainerCLI (TestReconAndAdminContainerCLI.java:assertReportsMatch(344)) - Reports do not match (yet): expected: <0> but was: <1>
2025-09-11 04:25:19,241 [ReplicationMonitor] INFO  replication.ReplicationManager (ReplicationManager.java:processAll(384)) - Replication Monitor Thread took 1 milliseconds for processing 2 containers.
2025-09-11 04:25:19,408 [Recon-SyncOM-2] INFO  impl.OzoneManagerServiceProviderImpl (OzoneManagerServiceProviderImpl.java:lambda$startSyncDataFromOM$2(331)) - Last known sequence number before sync: 22
2025-09-11 04:25:19,408 [Recon-SyncOM-2] INFO  impl.OzoneManagerServiceProviderImpl (OzoneManagerServiceProviderImpl.java:syncDataFromOM(630)) - Seq number of Recon's OM DB : 22
2025-09-11 04:25:19,411 [Recon-SyncOM-2] INFO  impl.OzoneManagerServiceProviderImpl (OzoneManagerServiceProviderImpl.java:innerGetAndApplyDeltaUpdatesFromOM(600)) - From Sequence Number:22, Recon DB Sequence Number: 22, Number of updates received from OM : 0, SequenceNumber diff: 0, SequenceNumber Lag from OM 0, isDBUpdateSuccess: true
2025-09-11 04:25:19,414 [Recon-SyncOM-2] INFO  impl.OzoneManagerServiceProviderImpl (OzoneManagerServiceProviderImpl.java:syncDataFromOM(746)) - Delta updates received from OM : 1 loops, 0 records
2025-09-11 04:25:19,414 [Recon-SyncOM-2] INFO  impl.OzoneManagerServiceProviderImpl (OzoneManagerServiceProviderImpl.java:lambda$startSyncDataFromOM$2(336)) - Sequence number after sync: 22
Connecting to Recon: http://localhost:15000/api/v1/containers/unhealthy/MISSING ...
2025-09-11 04:25:19,659 [qtp391903823-547] INFO  requests.recon (Slf4jRequestLogWriter.java:write(62)) - 127.0.0.1 - - [11/Sep/2025:04:25:19 +0000] "GET /api/v1/containers/unhealthy/MISSING HTTP/1.1" 200 593 "-" "Java/21.0.8"
2025-09-11 04:25:19,661 [ForkJoinPool-1-worker-1] INFO  recon.TestReconAndAdminContainerCLI (TestReconAndAdminContainerCLI.java:assertReportsMatch(344)) - Reports do not match (yet): expected: <0> but was: <1>
2025-09-11 04:25:20,241 [ReplicationMonitor] INFO  replication.ReplicationManager (ReplicationManager.java:processAll(384)) - Replication Monitor Thread took 0 milliseconds for processing 2 containers.
2025-09-11 04:25:20,414 [Recon-SyncOM-2] INFO  impl.OzoneManagerServiceProviderImpl (OzoneManagerServiceProviderImpl.java:lambda$startSyncDataFromOM$2(331)) - Last known sequence number before sync: 22
2025-09-11 04:25:20,414 [Recon-SyncOM-2] INFO  impl.OzoneManagerServiceProviderImpl (OzoneManagerServiceProviderImpl.java:syncDataFromOM(630)) - Seq number of Recon's OM DB : 22
2025-09-11 04:25:20,417 [Recon-SyncOM-2] INFO  impl.OzoneManagerServiceProviderImpl (OzoneManagerServiceProviderImpl.java:innerGetAndApplyDeltaUpdatesFromOM(600)) - From Sequence Number:22, Recon DB Sequence Number: 22, Number of updates received from OM : 0, SequenceNumber diff: 0, SequenceNumber Lag from OM 0, isDBUpdateSuccess: true
2025-09-11 04:25:20,420 [Recon-SyncOM-2] INFO  impl.OzoneManagerServiceProviderImpl (OzoneManagerServiceProviderImpl.java:syncDataFromOM(746)) - Delta updates received from OM : 1 loops, 0 records
2025-09-11 04:25:20,420 [Recon-SyncOM-2] INFO  impl.OzoneManagerServiceProviderImpl (OzoneManagerServiceProviderImpl.java:lambda$startSyncDataFromOM$2(336)) - Sequence number after sync: 22
Connecting to Recon: http://localhost:15000/api/v1/containers/unhealthy/MISSING ...
2025-09-11 04:25:20,667 [qtp391903823-548] INFO  requests.recon (Slf4jRequestLogWriter.java:write(62)) - 127.0.0.1 - - [11/Sep/2025:04:25:20 +0000] "GET /api/v1/containers/unhealthy/MISSING HTTP/1.1" 200 593 "-" "Java/21.0.8"
2025-09-11 04:25:20,669 [ForkJoinPool-1-worker-1] INFO  recon.TestReconAndAdminContainerCLI (TestReconAndAdminContainerCLI.java:assertReportsMatch(344)) - Reports do not match (yet): expected: <0> but was: <1>
2025-09-11 04:25:21,242 [ReplicationMonitor] INFO  replication.ReplicationManager (ReplicationManager.java:processAll(384)) - Replication Monitor Thread took 1 milliseconds for processing 2 containers.
2025-09-11 04:25:21,420 [Recon-SyncOM-2] INFO  impl.OzoneManagerServiceProviderImpl (OzoneManagerServiceProviderImpl.java:lambda$startSyncDataFromOM$2(331)) - Last known sequence number before sync: 22
2025-09-11 04:25:21,420 [Recon-SyncOM-2] INFO  impl.OzoneManagerServiceProviderImpl (OzoneManagerServiceProviderImpl.java:syncDataFromOM(630)) - Seq number of Recon's OM DB : 22
2025-09-11 04:25:21,423 [Recon-SyncOM-2] INFO  impl.OzoneManagerServiceProviderImpl (OzoneManagerServiceProviderImpl.java:innerGetAndApplyDeltaUpdatesFromOM(600)) - From Sequence Number:22, Recon DB Sequence Number: 22, Number of updates received from OM : 0, SequenceNumber diff: 0, SequenceNumber Lag from OM 0, isDBUpdateSuccess: true
2025-09-11 04:25:21,426 [Recon-SyncOM-2] INFO  impl.OzoneManagerServiceProviderImpl (OzoneManagerServiceProviderImpl.java:syncDataFromOM(746)) - Delta updates received from OM : 1 loops, 0 records
2025-09-11 04:25:21,426 [Recon-SyncOM-2] INFO  impl.OzoneManagerServiceProviderImpl (OzoneManagerServiceProviderImpl.java:lambda$startSyncDataFromOM$2(336)) - Sequence number after sync: 22
Connecting to Recon: http://localhost:15000/api/v1/containers/unhealthy/MISSING ...
2025-09-11 04:25:21,674 [qtp391903823-547] INFO  requests.recon (Slf4jRequestLogWriter.java:write(62)) - 127.0.0.1 - - [11/Sep/2025:04:25:21 +0000] "GET /api/v1/containers/unhealthy/MISSING HTTP/1.1" 200 593 "-" "Java/21.0.8"
2025-09-11 04:25:21,677 [ForkJoinPool-1-worker-1] INFO  recon.TestReconAndAdminContainerCLI (TestReconAndAdminContainerCLI.java:assertReportsMatch(344)) - Reports do not match (yet): expected: <0> but was: <1>
2025-09-11 04:25:22,242 [ReplicationMonitor] INFO  replication.ReplicationManager (ReplicationManager.java:processAll(384)) - Replication Monitor Thread took 0 milliseconds for processing 2 containers.
2025-09-11 04:25:22,427 [Recon-SyncOM-2] INFO  impl.OzoneManagerServiceProviderImpl (OzoneManagerServiceProviderImpl.java:lambda$startSyncDataFromOM$2(331)) - Last known sequence number before sync: 22
2025-09-11 04:25:22,427 [Recon-SyncOM-2] INFO  impl.OzoneManagerServiceProviderImpl (OzoneManagerServiceProviderImpl.java:syncDataFromOM(630)) - Seq number of Recon's OM DB : 22
2025-09-11 04:25:22,431 [Recon-SyncOM-2] INFO  impl.OzoneManagerServiceProviderImpl (OzoneManagerServiceProviderImpl.java:innerGetAndApplyDeltaUpdatesFromOM(600)) - From Sequence Number:22, Recon DB Sequence Number: 22, Number of updates received from OM : 0, SequenceNumber diff: 0, SequenceNumber Lag from OM 0, isDBUpdateSuccess: true
2025-09-11 04:25:22,434 [Recon-SyncOM-2] INFO  impl.OzoneManagerServiceProviderImpl (OzoneManagerServiceProviderImpl.java:syncDataFromOM(746)) - Delta updates received from OM : 1 loops, 0 records
2025-09-11 04:25:22,434 [Recon-SyncOM-2] INFO  impl.OzoneManagerServiceProviderImpl (OzoneManagerServiceProviderImpl.java:lambda$startSyncDataFromOM$2(336)) - Sequence number after sync: 22
Connecting to Recon: http://localhost:15000/api/v1/containers/unhealthy/MISSING ...
2025-09-11 04:25:22,682 [qtp391903823-548] INFO  requests.recon (Slf4jRequestLogWriter.java:write(62)) - 127.0.0.1 - - [11/Sep/2025:04:25:22 +0000] "GET /api/v1/containers/unhealthy/MISSING HTTP/1.1" 200 593 "-" "Java/21.0.8"
2025-09-11 04:25:22,684 [ForkJoinPool-1-worker-1] INFO  recon.TestReconAndAdminContainerCLI (TestReconAndAdminContainerCLI.java:assertReportsMatch(344)) - Reports do not match (yet): expected: <0> but was: <1>
2025-09-11 04:25:23,243 [ReplicationMonitor] INFO  replication.ReplicationManager (ReplicationManager.java:processAll(384)) - Replication Monitor Thread took 1 milliseconds for processing 2 containers.
2025-09-11 04:25:23,434 [Recon-SyncOM-2] INFO  impl.OzoneManagerServiceProviderImpl (OzoneManagerServiceProviderImpl.java:lambda$startSyncDataFromOM$2(331)) - Last known sequence number before sync: 22
2025-09-11 04:25:23,434 [Recon-SyncOM-2] INFO  impl.OzoneManagerServiceProviderImpl (OzoneManagerServiceProviderImpl.java:syncDataFromOM(630)) - Seq number of Recon's OM DB : 22
2025-09-11 04:25:23,438 [Recon-SyncOM-2] INFO  impl.OzoneManagerServiceProviderImpl (OzoneManagerServiceProviderImpl.java:innerGetAndApplyDeltaUpdatesFromOM(600)) - From Sequence Number:22, Recon DB Sequence Number: 22, Number of updates received from OM : 0, SequenceNumber diff: 0, SequenceNumber Lag from OM 0, isDBUpdateSuccess: true
2025-09-11 04:25:23,441 [Recon-SyncOM-2] INFO  impl.OzoneManagerServiceProviderImpl (OzoneManagerServiceProviderImpl.java:syncDataFromOM(746)) - Delta updates received from OM : 1 loops, 0 records
2025-09-11 04:25:23,441 [Recon-SyncOM-2] INFO  impl.OzoneManagerServiceProviderImpl (OzoneManagerServiceProviderImpl.java:lambda$startSyncDataFromOM$2(336)) - Sequence number after sync: 22
Connecting to Recon: http://localhost:15000/api/v1/containers/unhealthy/MISSING ...
2025-09-11 04:25:23,690 [qtp391903823-547] INFO  requests.recon (Slf4jRequestLogWriter.java:write(62)) - 127.0.0.1 - - [11/Sep/2025:04:25:23 +0000] "GET /api/v1/containers/unhealthy/MISSING HTTP/1.1" 200 593 "-" "Java/21.0.8"
2025-09-11 04:25:23,693 [ForkJoinPool-1-worker-1] INFO  recon.TestReconAndAdminContainerCLI (TestReconAndAdminContainerCLI.java:assertReportsMatch(344)) - Reports do not match (yet): expected: <0> but was: <1>
2025-09-11 04:25:24,243 [ReplicationMonitor] INFO  replication.ReplicationManager (ReplicationManager.java:processAll(384)) - Replication Monitor Thread took 0 milliseconds for processing 2 containers.
2025-09-11 04:25:24,441 [Recon-SyncOM-2] INFO  impl.OzoneManagerServiceProviderImpl (OzoneManagerServiceProviderImpl.java:lambda$startSyncDataFromOM$2(331)) - Last known sequence number before sync: 22
2025-09-11 04:25:24,441 [Recon-SyncOM-2] INFO  impl.OzoneManagerServiceProviderImpl (OzoneManagerServiceProviderImpl.java:syncDataFromOM(630)) - Seq number of Recon's OM DB : 22
2025-09-11 04:25:24,445 [Recon-SyncOM-2] INFO  impl.OzoneManagerServiceProviderImpl (OzoneManagerServiceProviderImpl.java:innerGetAndApplyDeltaUpdatesFromOM(600)) - From Sequence Number:22, Recon DB Sequence Number: 22, Number of updates received from OM : 0, SequenceNumber diff: 0, SequenceNumber Lag from OM 0, isDBUpdateSuccess: true
2025-09-11 04:25:24,447 [Recon-SyncOM-2] INFO  impl.OzoneManagerServiceProviderImpl (OzoneManagerServiceProviderImpl.java:syncDataFromOM(746)) - Delta updates received from OM : 1 loops, 0 records
2025-09-11 04:25:24,447 [Recon-SyncOM-2] INFO  impl.OzoneManagerServiceProviderImpl (OzoneManagerServiceProviderImpl.java:lambda$startSyncDataFromOM$2(336)) - Sequence number after sync: 22
Connecting to Recon: http://localhost:15000/api/v1/containers/unhealthy/MISSING ...
2025-09-11 04:25:24,698 [qtp391903823-548] INFO  requests.recon (Slf4jRequestLogWriter.java:write(62)) - 127.0.0.1 - - [11/Sep/2025:04:25:24 +0000] "GET /api/v1/containers/unhealthy/MISSING HTTP/1.1" 200 593 "-" "Java/21.0.8"
2025-09-11 04:25:24,700 [ForkJoinPool-1-worker-1] INFO  recon.TestReconAndAdminContainerCLI (TestReconAndAdminContainerCLI.java:assertReportsMatch(344)) - Reports do not match (yet): expected: <0> but was: <1>
2025-09-11 04:25:25,244 [ReplicationMonitor] INFO  replication.ReplicationManager (ReplicationManager.java:processAll(384)) - Replication Monitor Thread took 1 milliseconds for processing 2 containers.
2025-09-11 04:25:25,448 [Recon-SyncOM-2] INFO  impl.OzoneManagerServiceProviderImpl (OzoneManagerServiceProviderImpl.java:lambda$startSyncDataFromOM$2(331)) - Last known sequence number before sync: 22
2025-09-11 04:25:25,448 [Recon-SyncOM-2] INFO  impl.OzoneManagerServiceProviderImpl (OzoneManagerServiceProviderImpl.java:syncDataFromOM(630)) - Seq number of Recon's OM DB : 22
2025-09-11 04:25:25,461 [Recon-SyncOM-2] INFO  impl.OzoneManagerServiceProviderImpl (OzoneManagerServiceProviderImpl.java:innerGetAndApplyDeltaUpdatesFromOM(600)) - From Sequence Number:22, Recon DB Sequence Number: 22, Number of updates received from OM : 0, SequenceNumber diff: 0, SequenceNumber Lag from OM 0, isDBUpdateSuccess: true
2025-09-11 04:25:25,464 [Recon-SyncOM-2] INFO  impl.OzoneManagerServiceProviderImpl (OzoneManagerServiceProviderImpl.java:syncDataFromOM(746)) - Delta updates received from OM : 1 loops, 0 records
2025-09-11 04:25:25,465 [Recon-SyncOM-2] INFO  impl.OzoneManagerServiceProviderImpl (OzoneManagerServiceProviderImpl.java:lambda$startSyncDataFromOM$2(336)) - Sequence number after sync: 22
Connecting to Recon: http://localhost:15000/api/v1/containers/unhealthy/MISSING ...
2025-09-11 04:25:25,707 [qtp391903823-547] INFO  requests.recon (Slf4jRequestLogWriter.java:write(62)) - 127.0.0.1 - - [11/Sep/2025:04:25:25 +0000] "GET /api/v1/containers/unhealthy/MISSING HTTP/1.1" 200 593 "-" "Java/21.0.8"
2025-09-11 04:25:25,709 [ForkJoinPool-1-worker-1] INFO  recon.TestReconAndAdminContainerCLI (TestReconAndAdminContainerCLI.java:assertReportsMatch(344)) - Reports do not match (yet): expected: <0> but was: <1>
2025-09-11 04:25:26,244 [ReplicationMonitor] INFO  replication.ReplicationManager (ReplicationManager.java:processAll(384)) - Replication Monitor Thread took 0 milliseconds for processing 2 containers.
2025-09-11 04:25:26,465 [Recon-SyncOM-2] INFO  impl.OzoneManagerServiceProviderImpl (OzoneManagerServiceProviderImpl.java:lambda$startSyncDataFromOM$2(331)) - Last known sequence number before sync: 22
2025-09-11 04:25:26,465 [Recon-SyncOM-2] INFO  impl.OzoneManagerServiceProviderImpl (OzoneManagerServiceProviderImpl.java:syncDataFromOM(630)) - Seq number of Recon's OM DB : 22
2025-09-11 04:25:26,468 [Recon-SyncOM-2] INFO  impl.OzoneManagerServiceProviderImpl (OzoneManagerServiceProviderImpl.java:innerGetAndApplyDeltaUpdatesFromOM(600)) - From Sequence Number:22, Recon DB Sequence Number: 22, Number of updates received from OM : 0, SequenceNumber diff: 0, SequenceNumber Lag from OM 0, isDBUpdateSuccess: true
2025-09-11 04:25:26,471 [Recon-SyncOM-2] INFO  impl.OzoneManagerServiceProviderImpl (OzoneManagerServiceProviderImpl.java:syncDataFromOM(746)) - Delta updates received from OM : 1 loops, 0 records
2025-09-11 04:25:26,472 [Recon-SyncOM-2] INFO  impl.OzoneManagerServiceProviderImpl (OzoneManagerServiceProviderImpl.java:lambda$startSyncDataFromOM$2(336)) - Sequence number after sync: 22
Connecting to Recon: http://localhost:15000/api/v1/containers/unhealthy/MISSING ...
2025-09-11 04:25:26,716 [qtp391903823-548] INFO  requests.recon (Slf4jRequestLogWriter.java:write(62)) - 127.0.0.1 - - [11/Sep/2025:04:25:26 +0000] "GET /api/v1/containers/unhealthy/MISSING HTTP/1.1" 200 593 "-" "Java/21.0.8"
2025-09-11 04:25:26,719 [ForkJoinPool-1-worker-1] INFO  recon.TestReconAndAdminContainerCLI (TestReconAndAdminContainerCLI.java:assertReportsMatch(344)) - Reports do not match (yet): expected: <0> but was: <1>
2025-09-11 04:25:27,245 [ReplicationMonitor] INFO  replication.ReplicationManager (ReplicationManager.java:processAll(384)) - Replication Monitor Thread took 1 milliseconds for processing 2 containers.
2025-09-11 04:25:27,472 [Recon-SyncOM-2] INFO  impl.OzoneManagerServiceProviderImpl (OzoneManagerServiceProviderImpl.java:lambda$startSyncDataFromOM$2(331)) - Last known sequence number before sync: 22
2025-09-11 04:25:27,472 [Recon-SyncOM-2] INFO  impl.OzoneManagerServiceProviderImpl (OzoneManagerServiceProviderImpl.java:syncDataFromOM(630)) - Seq number of Recon's OM DB : 22
2025-09-11 04:25:27,475 [Recon-SyncOM-2] INFO  impl.OzoneManagerServiceProviderImpl (OzoneManagerServiceProviderImpl.java:innerGetAndApplyDeltaUpdatesFromOM(600)) - From Sequence Number:22, Recon DB Sequence Number: 22, Number of updates received from OM : 0, SequenceNumber diff: 0, SequenceNumber Lag from OM 0, isDBUpdateSuccess: true
2025-09-11 04:25:27,478 [Recon-SyncOM-2] INFO  impl.OzoneManagerServiceProviderImpl (OzoneManagerServiceProviderImpl.java:syncDataFromOM(746)) - Delta updates received from OM : 1 loops, 0 records
2025-09-11 04:25:27,478 [Recon-SyncOM-2] INFO  impl.OzoneManagerServiceProviderImpl (OzoneManagerServiceProviderImpl.java:lambda$startSyncDataFromOM$2(336)) - Sequence number after sync: 22
Connecting to Recon: http://localhost:15000/api/v1/containers/unhealthy/MISSING ...
2025-09-11 04:25:27,725 [qtp391903823-547] INFO  requests.recon (Slf4jRequestLogWriter.java:write(62)) - 127.0.0.1 - - [11/Sep/2025:04:25:27 +0000] "GET /api/v1/containers/unhealthy/MISSING HTTP/1.1" 200 593 "-" "Java/21.0.8"
2025-09-11 04:25:27,727 [ForkJoinPool-1-worker-1] INFO  recon.TestReconAndAdminContainerCLI (TestReconAndAdminContainerCLI.java:assertReportsMatch(344)) - Reports do not match (yet): expected: <0> but was: <1>
2025-09-11 04:25:28,245 [ReplicationMonitor] INFO  replication.ReplicationManager (ReplicationManager.java:processAll(384)) - Replication Monitor Thread took 0 milliseconds for processing 2 containers.
2025-09-11 04:25:28,478 [Recon-SyncOM-2] INFO  impl.OzoneManagerServiceProviderImpl (OzoneManagerServiceProviderImpl.java:lambda$startSyncDataFromOM$2(331)) - Last known sequence number before sync: 22
2025-09-11 04:25:28,478 [Recon-SyncOM-2] INFO  impl.OzoneManagerServiceProviderImpl (OzoneManagerServiceProviderImpl.java:syncDataFromOM(630)) - Seq number of Recon's OM DB : 22
2025-09-11 04:25:28,481 [Recon-SyncOM-2] INFO  impl.OzoneManagerServiceProviderImpl (OzoneManagerServiceProviderImpl.java:innerGetAndApplyDeltaUpdatesFromOM(600)) - From Sequence Number:22, Recon DB Sequence Number: 22, Number of updates received from OM : 0, SequenceNumber diff: 0, SequenceNumber Lag from OM 0, isDBUpdateSuccess: true
2025-09-11 04:25:28,483 [Recon-SyncOM-2] INFO  impl.OzoneManagerServiceProviderImpl (OzoneManagerServiceProviderImpl.java:syncDataFromOM(746)) - Delta updates received from OM : 1 loops, 0 records
2025-09-11 04:25:28,483 [Recon-SyncOM-2] INFO  impl.OzoneManagerServiceProviderImpl (OzoneManagerServiceProviderImpl.java:lambda$startSyncDataFromOM$2(336)) - Sequence number after sync: 22
Connecting to Recon: http://localhost:15000/api/v1/containers/unhealthy/MISSING ...
2025-09-11 04:25:28,733 [qtp391903823-548] INFO  requests.recon (Slf4jRequestLogWriter.java:write(62)) - 127.0.0.1 - - [11/Sep/2025:04:25:28 +0000] "GET /api/v1/containers/unhealthy/MISSING HTTP/1.1" 200 593 "-" "Java/21.0.8"
2025-09-11 04:25:28,735 [ForkJoinPool-1-worker-1] INFO  recon.TestReconAndAdminContainerCLI (TestReconAndAdminContainerCLI.java:assertReportsMatch(344)) - Reports do not match (yet): expected: <0> but was: <1>
2025-09-11 04:25:29,246 [ReplicationMonitor] INFO  replication.ReplicationManager (ReplicationManager.java:processAll(384)) - Replication Monitor Thread took 0 milliseconds for processing 2 containers.
2025-09-11 04:25:29,483 [Recon-SyncOM-2] INFO  impl.OzoneManagerServiceProviderImpl (OzoneManagerServiceProviderImpl.java:lambda$startSyncDataFromOM$2(331)) - Last known sequence number before sync: 22
2025-09-11 04:25:29,483 [Recon-SyncOM-2] INFO  impl.OzoneManagerServiceProviderImpl (OzoneManagerServiceProviderImpl.java:syncDataFromOM(630)) - Seq number of Recon's OM DB : 22
2025-09-11 04:25:29,486 [Recon-SyncOM-2] INFO  impl.OzoneManagerServiceProviderImpl (OzoneManagerServiceProviderImpl.java:innerGetAndApplyDeltaUpdatesFromOM(600)) - From Sequence Number:22, Recon DB Sequence Number: 22, Number of updates received from OM : 0, SequenceNumber diff: 0, SequenceNumber Lag from OM 0, isDBUpdateSuccess: true
2025-09-11 04:25:29,489 [Recon-SyncOM-2] INFO  impl.OzoneManagerServiceProviderImpl (OzoneManagerServiceProviderImpl.java:syncDataFromOM(746)) - Delta updates received from OM : 1 loops, 0 records
2025-09-11 04:25:29,489 [Recon-SyncOM-2] INFO  impl.OzoneManagerServiceProviderImpl (OzoneManagerServiceProviderImpl.java:lambda$startSyncDataFromOM$2(336)) - Sequence number after sync: 22
Connecting to Recon: http://localhost:15000/api/v1/containers/unhealthy/MISSING ...
2025-09-11 04:25:29,741 [qtp391903823-547] INFO  requests.recon (Slf4jRequestLogWriter.java:write(62)) - 127.0.0.1 - - [11/Sep/2025:04:25:29 +0000] "GET /api/v1/containers/unhealthy/MISSING HTTP/1.1" 200 593 "-" "Java/21.0.8"
2025-09-11 04:25:29,743 [ForkJoinPool-1-worker-1] INFO  recon.TestReconAndAdminContainerCLI (TestReconAndAdminContainerCLI.java:assertReportsMatch(344)) - Reports do not match (yet): expected: <0> but was: <1>
2025-09-11 04:25:30,247 [ReplicationMonitor] INFO  replication.ReplicationManager (ReplicationManager.java:processAll(384)) - Replication Monitor Thread took 1 milliseconds for processing 2 containers.
2025-09-11 04:25:30,489 [Recon-SyncOM-2] INFO  impl.OzoneManagerServiceProviderImpl (OzoneManagerServiceProviderImpl.java:lambda$startSyncDataFromOM$2(331)) - Last known sequence number before sync: 22
2025-09-11 04:25:30,489 [Recon-SyncOM-2] INFO  impl.OzoneManagerServiceProviderImpl (OzoneManagerServiceProviderImpl.java:syncDataFromOM(630)) - Seq number of Recon's OM DB : 22
2025-09-11 04:25:30,492 [Recon-SyncOM-2] INFO  impl.OzoneManagerServiceProviderImpl (OzoneManagerServiceProviderImpl.java:innerGetAndApplyDeltaUpdatesFromOM(600)) - From Sequence Number:22, Recon DB Sequence Number: 22, Number of updates received from OM : 0, SequenceNumber diff: 0, SequenceNumber Lag from OM 0, isDBUpdateSuccess: true
2025-09-11 04:25:30,494 [Recon-SyncOM-2] INFO  impl.OzoneManagerServiceProviderImpl (OzoneManagerServiceProviderImpl.java:syncDataFromOM(746)) - Delta updates received from OM : 1 loops, 0 records
2025-09-11 04:25:30,494 [Recon-SyncOM-2] INFO  impl.OzoneManagerServiceProviderImpl (OzoneManagerServiceProviderImpl.java:lambda$startSyncDataFromOM$2(336)) - Sequence number after sync: 22
Connecting to Recon: http://localhost:15000/api/v1/containers/unhealthy/MISSING ...
2025-09-11 04:25:30,748 [qtp391903823-548] INFO  requests.recon (Slf4jRequestLogWriter.java:write(62)) - 127.0.0.1 - - [11/Sep/2025:04:25:30 +0000] "GET /api/v1/containers/unhealthy/MISSING HTTP/1.1" 200 593 "-" "Java/21.0.8"
2025-09-11 04:25:30,750 [ForkJoinPool-1-worker-1] INFO  recon.TestReconAndAdminContainerCLI (TestReconAndAdminContainerCLI.java:assertReportsMatch(344)) - Reports do not match (yet): expected: <0> but was: <1>
2025-09-11 04:25:31,247 [ReplicationMonitor] INFO  replication.ReplicationManager (ReplicationManager.java:processAll(384)) - Replication Monitor Thread took 0 milliseconds for processing 2 containers.
2025-09-11 04:25:31,339 [Recon-SyncSCMContainerInfo-0] INFO  scm.ReconStorageContainerManagerFacade (ReconStorageContainerManagerFacade.java:syncWithSCMContainerInfo(554)) - Got list of containers from SCM : 1
2025-09-11 04:25:31,494 [Recon-SyncOM-2] INFO  impl.OzoneManagerServiceProviderImpl (OzoneManagerServiceProviderImpl.java:lambda$startSyncDataFromOM$2(331)) - Last known sequence number before sync: 22
2025-09-11 04:25:31,495 [Recon-SyncOM-2] INFO  impl.OzoneManagerServiceProviderImpl (OzoneManagerServiceProviderImpl.java:syncDataFromOM(630)) - Seq number of Recon's OM DB : 22
2025-09-11 04:25:31,498 [Recon-SyncOM-2] INFO  impl.OzoneManagerServiceProviderImpl (OzoneManagerServiceProviderImpl.java:innerGetAndApplyDeltaUpdatesFromOM(600)) - From Sequence Number:22, Recon DB Sequence Number: 22, Number of updates received from OM : 0, SequenceNumber diff: 0, SequenceNumber Lag from OM 0, isDBUpdateSuccess: true
2025-09-11 04:25:31,501 [Recon-SyncOM-2] INFO  impl.OzoneManagerServiceProviderImpl (OzoneManagerServiceProviderImpl.java:syncDataFromOM(746)) - Delta updates received from OM : 1 loops, 0 records
2025-09-11 04:25:31,501 [Recon-SyncOM-2] INFO  impl.OzoneManagerServiceProviderImpl (OzoneManagerServiceProviderImpl.java:lambda$startSyncDataFromOM$2(336)) - Sequence number after sync: 22
Connecting to Recon: http://localhost:15000/api/v1/containers/unhealthy/MISSING ...
2025-09-11 04:25:31,756 [qtp391903823-547] INFO  requests.recon (Slf4jRequestLogWriter.java:write(62)) - 127.0.0.1 - - [11/Sep/2025:04:25:31 +0000] "GET /api/v1/containers/unhealthy/MISSING HTTP/1.1" 200 593 "-" "Java/21.0.8"
2025-09-11 04:25:31,758 [ForkJoinPool-1-worker-1] INFO  recon.TestReconAndAdminContainerCLI (TestReconAndAdminContainerCLI.java:assertReportsMatch(344)) - Reports do not match (yet): expected: <0> but was: <1>
2025-09-11 04:25:32,247 [ReplicationMonitor] INFO  replication.ReplicationManager (ReplicationManager.java:processAll(384)) - Replication Monitor Thread took 0 milliseconds for processing 2 containers.
2025-09-11 04:25:32,501 [Recon-SyncOM-2] INFO  impl.OzoneManagerServiceProviderImpl (OzoneManagerServiceProviderImpl.java:lambda$startSyncDataFromOM$2(331)) - Last known sequence number before sync: 22
2025-09-11 04:25:32,501 [Recon-SyncOM-2] INFO  impl.OzoneManagerServiceProviderImpl (OzoneManagerServiceProviderImpl.java:syncDataFromOM(630)) - Seq number of Recon's OM DB : 22
2025-09-11 04:25:32,504 [Recon-SyncOM-2] INFO  impl.OzoneManagerServiceProviderImpl (OzoneManagerServiceProviderImpl.java:innerGetAndApplyDeltaUpdatesFromOM(600)) - From Sequence Number:22, Recon DB Sequence Number: 22, Number of updates received from OM : 0, SequenceNumber diff: 0, SequenceNumber Lag from OM 0, isDBUpdateSuccess: true
2025-09-11 04:25:32,507 [Recon-SyncOM-2] INFO  impl.OzoneManagerServiceProviderImpl (OzoneManagerServiceProviderImpl.java:syncDataFromOM(746)) - Delta updates received from OM : 1 loops, 0 records
2025-09-11 04:25:32,507 [Recon-SyncOM-2] INFO  impl.OzoneManagerServiceProviderImpl (OzoneManagerServiceProviderImpl.java:lambda$startSyncDataFromOM$2(336)) - Sequence number after sync: 22
Connecting to Recon: http://localhost:15000/api/v1/containers/unhealthy/MISSING ...
2025-09-11 04:25:32,764 [qtp391903823-548] INFO  requests.recon (Slf4jRequestLogWriter.java:write(62)) - 127.0.0.1 - - [11/Sep/2025:04:25:32 +0000] "GET /api/v1/containers/unhealthy/MISSING HTTP/1.1" 200 593 "-" "Java/21.0.8"
2025-09-11 04:25:32,765 [ForkJoinPool-1-worker-1] INFO  recon.TestReconAndAdminContainerCLI (TestReconAndAdminContainerCLI.java:assertReportsMatch(344)) - Reports do not match (yet): expected: <0> but was: <1>
2025-09-11 04:25:33,248 [ReplicationMonitor] INFO  replication.ReplicationManager (ReplicationManager.java:processAll(384)) - Replication Monitor Thread took 0 milliseconds for processing 2 containers.
2025-09-11 04:25:33,507 [Recon-SyncOM-2] INFO  impl.OzoneManagerServiceProviderImpl (OzoneManagerServiceProviderImpl.java:lambda$startSyncDataFromOM$2(331)) - Last known sequence number before sync: 22
2025-09-11 04:25:33,507 [Recon-SyncOM-2] INFO  impl.OzoneManagerServiceProviderImpl (OzoneManagerServiceProviderImpl.java:syncDataFromOM(630)) - Seq number of Recon's OM DB : 22
2025-09-11 04:25:33,511 [Recon-SyncOM-2] INFO  impl.OzoneManagerServiceProviderImpl (OzoneManagerServiceProviderImpl.java:innerGetAndApplyDeltaUpdatesFromOM(600)) - From Sequence Number:22, Recon DB Sequence Number: 22, Number of updates received from OM : 0, SequenceNumber diff: 0, SequenceNumber Lag from OM 0, isDBUpdateSuccess: true
2025-09-11 04:25:33,514 [Recon-SyncOM-2] INFO  impl.OzoneManagerServiceProviderImpl (OzoneManagerServiceProviderImpl.java:syncDataFromOM(746)) - Delta updates received from OM : 1 loops, 0 records
2025-09-11 04:25:33,514 [Recon-SyncOM-2] INFO  impl.OzoneManagerServiceProviderImpl (OzoneManagerServiceProviderImpl.java:lambda$startSyncDataFromOM$2(336)) - Sequence number after sync: 22
Connecting to Recon: http://localhost:15000/api/v1/containers/unhealthy/MISSING ...
2025-09-11 04:25:33,771 [qtp391903823-547] INFO  requests.recon (Slf4jRequestLogWriter.java:write(62)) - 127.0.0.1 - - [11/Sep/2025:04:25:33 +0000] "GET /api/v1/containers/unhealthy/MISSING HTTP/1.1" 200 593 "-" "Java/21.0.8"
2025-09-11 04:25:33,773 [ForkJoinPool-1-worker-1] INFO  recon.TestReconAndAdminContainerCLI (TestReconAndAdminContainerCLI.java:assertReportsMatch(344)) - Reports do not match (yet): expected: <0> but was: <1>
2025-09-11 04:25:34,248 [ReplicationMonitor] INFO  replication.ReplicationManager (ReplicationManager.java:processAll(384)) - Replication Monitor Thread took 0 milliseconds for processing 2 containers.
2025-09-11 04:25:34,514 [Recon-SyncOM-2] INFO  impl.OzoneManagerServiceProviderImpl (OzoneManagerServiceProviderImpl.java:lambda$startSyncDataFromOM$2(331)) - Last known sequence number before sync: 22
2025-09-11 04:25:34,514 [Recon-SyncOM-2] INFO  impl.OzoneManagerServiceProviderImpl (OzoneManagerServiceProviderImpl.java:syncDataFromOM(630)) - Seq number of Recon's OM DB : 22
2025-09-11 04:25:34,517 [Recon-SyncOM-2] INFO  impl.OzoneManagerServiceProviderImpl (OzoneManagerServiceProviderImpl.java:innerGetAndApplyDeltaUpdatesFromOM(600)) - From Sequence Number:22, Recon DB Sequence Number: 22, Number of updates received from OM : 0, SequenceNumber diff: 0, SequenceNumber Lag from OM 0, isDBUpdateSuccess: true
2025-09-11 04:25:34,520 [Recon-SyncOM-2] INFO  impl.OzoneManagerServiceProviderImpl (OzoneManagerServiceProviderImpl.java:syncDataFromOM(746)) - Delta updates received from OM : 1 loops, 0 records
2025-09-11 04:25:34,520 [Recon-SyncOM-2] INFO  impl.OzoneManagerServiceProviderImpl (OzoneManagerServiceProviderImpl.java:lambda$startSyncDataFromOM$2(336)) - Sequence number after sync: 22
Connecting to Recon: http://localhost:15000/api/v1/containers/unhealthy/MISSING ...
2025-09-11 04:25:34,779 [qtp391903823-548] INFO  requests.recon (Slf4jRequestLogWriter.java:write(62)) - 127.0.0.1 - - [11/Sep/2025:04:25:34 +0000] "GET /api/v1/containers/unhealthy/MISSING HTTP/1.1" 200 593 "-" "Java/21.0.8"
2025-09-11 04:25:34,780 [ForkJoinPool-1-worker-1] INFO  recon.TestReconAndAdminContainerCLI (TestReconAndAdminContainerCLI.java:assertReportsMatch(344)) - Reports do not match (yet): expected: <0> but was: <1>
2025-09-11 04:25:35,249 [ReplicationMonitor] INFO  replication.ReplicationManager (ReplicationManager.java:processAll(384)) - Replication Monitor Thread took 0 milliseconds for processing 2 containers.
2025-09-11 04:25:35,520 [Recon-SyncOM-2] INFO  impl.OzoneManagerServiceProviderImpl (OzoneManagerServiceProviderImpl.java:lambda$startSyncDataFromOM$2(331)) - Last known sequence number before sync: 22
2025-09-11 04:25:35,520 [Recon-SyncOM-2] INFO  impl.OzoneManagerServiceProviderImpl (OzoneManagerServiceProviderImpl.java:syncDataFromOM(630)) - Seq number of Recon's OM DB : 22
2025-09-11 04:25:35,523 [Recon-SyncOM-2] INFO  impl.OzoneManagerServiceProviderImpl (OzoneManagerServiceProviderImpl.java:innerGetAndApplyDeltaUpdatesFromOM(600)) - From Sequence Number:22, Recon DB Sequence Number: 22, Number of updates received from OM : 0, SequenceNumber diff: 0, SequenceNumber Lag from OM 0, isDBUpdateSuccess: true
2025-09-11 04:25:35,525 [Recon-SyncOM-2] INFO  impl.OzoneManagerServiceProviderImpl (OzoneManagerServiceProviderImpl.java:syncDataFromOM(746)) - Delta updates received from OM : 1 loops, 0 records
2025-09-11 04:25:35,525 [Recon-SyncOM-2] INFO  impl.OzoneManagerServiceProviderImpl (OzoneManagerServiceProviderImpl.java:lambda$startSyncDataFromOM$2(336)) - Sequence number after sync: 22
Connecting to Recon: http://localhost:15000/api/v1/containers/unhealthy/MISSING ...
2025-09-11 04:25:35,786 [qtp391903823-547] INFO  requests.recon (Slf4jRequestLogWriter.java:write(62)) - 127.0.0.1 - - [11/Sep/2025:04:25:35 +0000] "GET /api/v1/containers/unhealthy/MISSING HTTP/1.1" 200 593 "-" "Java/21.0.8"
2025-09-11 04:25:35,788 [ForkJoinPool-1-worker-1] INFO  recon.TestReconAndAdminContainerCLI (TestReconAndAdminContainerCLI.java:assertReportsMatch(344)) - Reports do not match (yet): expected: <0> but was: <1>
2025-09-11 04:25:36,250 [ReplicationMonitor] INFO  replication.ReplicationManager (ReplicationManager.java:processAll(384)) - Replication Monitor Thread took 1 milliseconds for processing 2 containers.
2025-09-11 04:25:36,526 [Recon-SyncOM-2] INFO  impl.OzoneManagerServiceProviderImpl (OzoneManagerServiceProviderImpl.java:lambda$startSyncDataFromOM$2(331)) - Last known sequence number before sync: 22
2025-09-11 04:25:36,526 [Recon-SyncOM-2] INFO  impl.OzoneManagerServiceProviderImpl (OzoneManagerServiceProviderImpl.java:syncDataFromOM(630)) - Seq number of Recon's OM DB : 22
2025-09-11 04:25:36,529 [Recon-SyncOM-2] INFO  impl.OzoneManagerServiceProviderImpl (OzoneManagerServiceProviderImpl.java:innerGetAndApplyDeltaUpdatesFromOM(600)) - From Sequence Number:22, Recon DB Sequence Number: 22, Number of updates received from OM : 0, SequenceNumber diff: 0, SequenceNumber Lag from OM 0, isDBUpdateSuccess: true
2025-09-11 04:25:36,531 [Recon-SyncOM-2] INFO  impl.OzoneManagerServiceProviderImpl (OzoneManagerServiceProviderImpl.java:syncDataFromOM(746)) - Delta updates received from OM : 1 loops, 0 records
2025-09-11 04:25:36,531 [Recon-SyncOM-2] INFO  impl.OzoneManagerServiceProviderImpl (OzoneManagerServiceProviderImpl.java:lambda$startSyncDataFromOM$2(336)) - Sequence number after sync: 22
Connecting to Recon: http://localhost:15000/api/v1/containers/unhealthy/MISSING ...
2025-09-11 04:25:36,794 [qtp391903823-548] INFO  requests.recon (Slf4jRequestLogWriter.java:write(62)) - 127.0.0.1 - - [11/Sep/2025:04:25:36 +0000] "GET /api/v1/containers/unhealthy/MISSING HTTP/1.1" 200 593 "-" "Java/21.0.8"
2025-09-11 04:25:36,796 [ForkJoinPool-1-worker-1] INFO  recon.TestReconAndAdminContainerCLI (TestReconAndAdminContainerCLI.java:assertReportsMatch(344)) - Reports do not match (yet): expected: <0> but was: <1>
2025-09-11 04:25:37,250 [ReplicationMonitor] INFO  replication.ReplicationManager (ReplicationManager.java:processAll(384)) - Replication Monitor Thread took 0 milliseconds for processing 2 containers.
2025-09-11 04:25:37,532 [Recon-SyncOM-2] INFO  impl.OzoneManagerServiceProviderImpl (OzoneManagerServiceProviderImpl.java:lambda$startSyncDataFromOM$2(331)) - Last known sequence number before sync: 22
2025-09-11 04:25:37,532 [Recon-SyncOM-2] INFO  impl.OzoneManagerServiceProviderImpl (OzoneManagerServiceProviderImpl.java:syncDataFromOM(630)) - Seq number of Recon's OM DB : 22
2025-09-11 04:25:37,535 [Recon-SyncOM-2] INFO  impl.OzoneManagerServiceProviderImpl (OzoneManagerServiceProviderImpl.java:innerGetAndApplyDeltaUpdatesFromOM(600)) - From Sequence Number:22, Recon DB Sequence Number: 22, Number of updates received from OM : 0, SequenceNumber diff: 0, SequenceNumber Lag from OM 0, isDBUpdateSuccess: true
2025-09-11 04:25:37,537 [Recon-SyncOM-2] INFO  impl.OzoneManagerServiceProviderImpl (OzoneManagerServiceProviderImpl.java:syncDataFromOM(746)) - Delta updates received from OM : 1 loops, 0 records
2025-09-11 04:25:37,537 [Recon-SyncOM-2] INFO  impl.OzoneManagerServiceProviderImpl (OzoneManagerServiceProviderImpl.java:lambda$startSyncDataFromOM$2(336)) - Sequence number after sync: 22
Connecting to Recon: http://localhost:15000/api/v1/containers/unhealthy/MISSING ...
2025-09-11 04:25:37,801 [qtp391903823-547] INFO  requests.recon (Slf4jRequestLogWriter.java:write(62)) - 127.0.0.1 - - [11/Sep/2025:04:25:37 +0000] "GET /api/v1/containers/unhealthy/MISSING HTTP/1.1" 200 593 "-" "Java/21.0.8"
2025-09-11 04:25:37,803 [ForkJoinPool-1-worker-1] INFO  recon.TestReconAndAdminContainerCLI (TestReconAndAdminContainerCLI.java:assertReportsMatch(344)) - Reports do not match (yet): expected: <0> but was: <1>
]]></system-out>
  </testcase>
</testsuite>