<?xml version="1.0" encoding="UTF-8"?>
<testsuite xmlns:xsi="http://www.w3.org/2001/XMLSchema-instance" xsi:noNamespaceSchemaLocation="https://maven.apache.org/surefire/maven-surefire-plugin/xsd/surefire-test-report-3.0.xsd" version="3.0" name="org.apache.hadoop.ozone.om.TestOmSnapshot" time="173.894" tests="51" errors="0" skipped="0" failures="3">
  <properties>
    <property name="awt.toolkit" value="sun.awt.X11.XToolkit"/>
    <property name="file.encoding.pkg" value="sun.io"/>
    <property name="java.specification.version" value="1.8"/>
    <property name="sun.cpu.isalist" value=""/>
    <property name="sun.jnu.encoding" value="UTF-8"/>
    <property name="java.class.path" value="/home/runner/work/ozone/ozone/hadoop-ozone/integration-test/target/test-classes:/home/runner/work/ozone/ozone/hadoop-ozone/integration-test/target/classes:/home/runner/.m2/repository/org/apache/ozone/ozone-common/1.4.0-SNAPSHOT/ozone-common-1.4.0-SNAPSHOT.jar:/home/runner/.m2/repository/io/grpc/grpc-netty/1.51.1/grpc-netty-1.51.1.jar:/home/runner/.m2/repository/io/grpc/grpc-core/1.51.1/grpc-core-1.51.1.jar:/home/runner/.m2/repository/com/google/android/annotations/4.1.1.4/annotations-4.1.1.4.jar:/home/runner/.m2/repository/org/codehaus/mojo/animal-sniffer-annotations/1.21/animal-sniffer-annotations-1.21.jar:/home/runner/.m2/repository/com/google/errorprone/error_prone_annotations/2.2.0/error_prone_annotations-2.2.0.jar:/home/runner/.m2/repository/io/perfmark/perfmark-api/0.25.0/perfmark-api-0.25.0.jar:/home/runner/.m2/repository/io/netty/netty-codec-http2/4.1.86.Final/netty-codec-http2-4.1.86.Final.jar:/home/runner/.m2/repository/io/netty/netty-common/4.1.86.Final/netty-common-4.1.86.Final.jar:/home/runner/.m2/repository/io/netty/netty-buffer/4.1.86.Final/netty-buffer-4.1.86.Final.jar:/home/runner/.m2/repository/io/netty/netty-codec-http/4.1.86.Final/netty-codec-http-4.1.86.Final.jar:/home/runner/.m2/repository/io/netty/netty-handler-proxy/4.1.86.Final/netty-handler-proxy-4.1.86.Final.jar:/home/runner/.m2/repository/io/netty/netty-codec-socks/4.1.86.Final/netty-codec-socks-4.1.86.Final.jar:/home/runner/.m2/repository/io/netty/netty-tcnative-boringssl-static/2.0.54.Final/netty-tcnative-boringssl-static-2.0.54.Final.jar:/home/runner/.m2/repository/io/netty/netty-tcnative-classes/2.0.54.Final/netty-tcnative-classes-2.0.54.Final.jar:/home/runner/.m2/repository/io/netty/netty-tcnative-boringssl-static/2.0.54.Final/netty-tcnative-boringssl-static-2.0.54.Final-linux-x86_64.jar:/home/runner/.m2/repository/io/netty/netty-tcnative-boringssl-static/2.0.54.Final/netty-tcnative-boringssl-static-2.0.54.Final-linux-aarch_64.jar:/home/runner/.m2/repository/io/netty/netty-tcnative-boringssl-static/2.0.54.Final/netty-tcnative-boringssl-static-2.0.54.Final-osx-x86_64.jar:/home/runner/.m2/repository/io/netty/netty-tcnative-boringssl-static/2.0.54.Final/netty-tcnative-boringssl-static-2.0.54.Final-osx-aarch_64.jar:/home/runner/.m2/repository/io/netty/netty-tcnative-boringssl-static/2.0.54.Final/netty-tcnative-boringssl-static-2.0.54.Final-windows-x86_64.jar:/home/runner/.m2/repository/org/apache/commons/commons-compress/1.21/commons-compress-1.21.jar:/home/runner/.m2/repository/org/apache/ozone/hdds-common/1.4.0-SNAPSHOT/hdds-common-1.4.0-SNAPSHOT.jar:/home/runner/.m2/repository/org/apache/ozone/hdds-client/1.4.0-SNAPSHOT/hdds-client-1.4.0-SNAPSHOT.jar:/home/runner/.m2/repository/org/apache/ozone/ozone-interface-client/1.4.0-SNAPSHOT/ozone-interface-client-1.4.0-SNAPSHOT.jar:/home/runner/.m2/repository/org/apache/ozone/hdds-test-utils/1.4.0-SNAPSHOT/hdds-test-utils-1.4.0-SNAPSHOT.jar:/home/runner/.m2/repository/com/google/guava/guava/31.1-jre/guava-31.1-jre.jar:/home/runner/.m2/repository/com/google/guava/failureaccess/1.0.1/failureaccess-1.0.1.jar:/home/runner/.m2/repository/com/google/guava/listenablefuture/9999.0-empty-to-avoid-conflict-with-guava/listenablefuture-9999.0-empty-to-avoid-conflict-with-guava.jar:/home/runner/.m2/repository/com/google/code/findbugs/jsr305/3.0.0/jsr305-3.0.0.jar:/home/runner/.m2/repository/org/checkerframework/checker-qual/3.12.0/checker-qual-3.12.0.jar:/home/runner/.m2/repository/com/google/j2objc/j2objc-annotations/1.3/j2objc-annotations-1.3.jar:/home/runner/.m2/repository/commons-io/commons-io/2.11.0/commons-io-2.11.0.jar:/home/runner/.m2/repository/commons-logging/commons-logging/1.2/commons-logging-1.2.jar:/home/runner/.m2/repository/ch/qos/reload4j/reload4j/1.2.22/reload4j-1.2.22.jar:/home/runner/.m2/repository/org/slf4j/slf4j-api/1.7.36/slf4j-api-1.7.36.jar:/home/runner/.m2/repository/org/apache/ozone/hdds-server-scm/1.4.0-SNAPSHOT/hdds-server-scm-1.4.0-SNAPSHOT.jar:/home/runner/.m2/repository/org/apache/ozone/hdds-container-service/1.4.0-SNAPSHOT/hdds-container-service-1.4.0-SNAPSHOT.jar:/home/runner/.m2/repository/org/apache/ozone/hdds-hadoop-dependency-server/1.4.0-SNAPSHOT/hdds-hadoop-dependency-server-1.4.0-SNAPSHOT.jar:/home/runner/.m2/repository/org/apache/hadoop/hadoop-hdfs/3.3.4/hadoop-hdfs-3.3.4.jar:/home/runner/.m2/repository/org/eclipse/jetty/jetty-util-ajax/9.4.49.v20220914/jetty-util-ajax-9.4.49.v20220914.jar:/home/runner/.m2/repository/commons-daemon/commons-daemon/1.0.13/commons-daemon-1.0.13.jar:/home/runner/.m2/repository/org/apache/ozone/hdds-server-framework/1.4.0-SNAPSHOT/hdds-server-framework-1.4.0-SNAPSHOT.jar:/home/runner/.m2/repository/org/apache/ozone/hdds-interface-server/1.4.0-SNAPSHOT/hdds-interface-server-1.4.0-SNAPSHOT.jar:/home/runner/.m2/repository/org/apache/commons/commons-configuration2/2.1.1/commons-configuration2-2.1.1.jar:/home/runner/.m2/repository/org/apache/logging/log4j/log4j-core/2.17.1/log4j-core-2.17.1.jar:/home/runner/.m2/repository/com/lmax/disruptor/3.4.2/disruptor-3.4.2.jar:/home/runner/.m2/repository/org/eclipse/jetty/jetty-servlet/9.4.49.v20220914/jetty-servlet-9.4.49.v20220914.jar:/home/runner/.m2/repository/org/eclipse/jetty/jetty-security/9.4.49.v20220914/jetty-security-9.4.49.v20220914.jar:/home/runner/.m2/repository/org/rocksdb/rocksdbjni/7.7.3/rocksdbjni-7.7.3.jar:/home/runner/.m2/repository/io/prometheus/simpleclient_dropwizard/0.7.0/simpleclient_dropwizard-0.7.0.jar:/home/runner/.m2/repository/io/prometheus/simpleclient/0.7.0/simpleclient-0.7.0.jar:/home/runner/.m2/repository/io/prometheus/simpleclient_common/0.7.0/simpleclient_common-0.7.0.jar:/home/runner/.m2/repository/com/github/spotbugs/spotbugs-annotations/3.1.12/spotbugs-annotations-3.1.12.jar:/home/runner/.m2/repository/org/awaitility/awaitility/4.2.0/awaitility-4.2.0.jar:/home/runner/.m2/repository/org/hamcrest/hamcrest/2.1/hamcrest-2.1.jar:/home/runner/.m2/repository/io/dropwizard/metrics/metrics-core/3.2.4/metrics-core-3.2.4.jar:/home/runner/.m2/repository/org/apache/commons/commons-text/1.4/commons-text-1.4.jar:/home/runner/.m2/repository/org/apache/hadoop/hadoop-hdfs-client/3.3.4/hadoop-hdfs-client-3.3.4.jar:/home/runner/.m2/repository/com/squareup/okhttp3/okhttp/4.9.3/okhttp-4.9.3.jar:/home/runner/.m2/repository/com/squareup/okio/okio/2.8.0/okio-2.8.0.jar:/home/runner/.m2/repository/org/jetbrains/kotlin/kotlin-stdlib-common/1.6.21/kotlin-stdlib-common-1.6.21.jar:/home/runner/.m2/repository/org/bouncycastle/bcprov-jdk15on/1.67/bcprov-jdk15on-1.67.jar:/home/runner/.m2/repository/com/google/protobuf/protobuf-java/2.5.0/protobuf-java-2.5.0.jar:/home/runner/.m2/repository/org/apache/ozone/ozone-manager/1.4.0-SNAPSHOT/ozone-manager-1.4.0-SNAPSHOT.jar:/home/runner/.m2/repository/org/aspectj/aspectjrt/1.9.7/aspectjrt-1.9.7.jar:/home/runner/.m2/repository/org/aspectj/aspectjweaver/1.9.7/aspectjweaver-1.9.7.jar:/home/runner/.m2/repository/org/apache/ozone/hdds-interface-client/1.4.0-SNAPSHOT/hdds-interface-client-1.4.0-SNAPSHOT.jar:/home/runner/.m2/repository/org/apache/hadoop/thirdparty/hadoop-shaded-protobuf_3_7/1.1.1/hadoop-shaded-protobuf_3_7-1.1.1.jar:/home/runner/.m2/repository/org/apache/ratis/ratis-thirdparty-misc/1.0.3/ratis-thirdparty-misc-1.0.3.jar:/home/runner/.m2/repository/org/apache/ozone/ozone-interface-storage/1.4.0-SNAPSHOT/ozone-interface-storage-1.4.0-SNAPSHOT.jar:/home/runner/.m2/repository/org/apache/ozone/rocksdb-checkpoint-differ/1.4.0-SNAPSHOT/rocksdb-checkpoint-differ-1.4.0-SNAPSHOT.jar:/home/runner/.m2/repository/org/reflections/reflections/0.9.11/reflections-0.9.11.jar:/home/runner/.m2/repository/com/sun/jersey/jersey-client/1.19/jersey-client-1.19.jar:/home/runner/.m2/repository/org/apache/ranger/ranger-intg/2.3.0/ranger-intg-2.3.0.jar:/home/runner/.m2/repository/org/apache/ranger/ranger-plugins-common/2.3.0/ranger-plugins-common-2.3.0.jar:/home/runner/.m2/repository/commons-lang/commons-lang/2.6/commons-lang-2.6.jar:/home/runner/.m2/repository/org/apache/ranger/ranger-plugins-cred/2.3.0/ranger-plugins-cred-2.3.0.jar:/home/runner/.m2/repository/org/apache/ranger/ranger-plugins-audit/2.3.0/ranger-plugins-audit-2.3.0.jar:/home/runner/.m2/repository/org/eclipse/jetty/jetty-client/9.4.49.v20220914/jetty-client-9.4.49.v20220914.jar:/home/runner/.m2/repository/org/apache/httpcomponents/httpmime/4.5.6/httpmime-4.5.6.jar:/home/runner/.m2/repository/org/apache/httpcomponents/httpcore-nio/4.4.13/httpcore-nio-4.4.13.jar:/home/runner/.m2/repository/org/apache/httpcomponents/httpasyncclient/4.1.3/httpasyncclient-4.1.3.jar:/home/runner/.m2/repository/com/carrotsearch/hppc/0.8.0/hppc-0.8.0.jar:/home/runner/.m2/repository/org/apache/orc/orc-core/1.5.8/orc-core-1.5.8.jar:/home/runner/.m2/repository/net/java/dev/jna/jna/5.2.0/jna-5.2.0.jar:/home/runner/.m2/repository/net/java/dev/jna/jna-platform/5.2.0/jna-platform-5.2.0.jar:/home/runner/.m2/repository/com/kstruct/gethostname4j/0.0.2/gethostname4j-0.0.2.jar:/home/runner/.m2/repository/org/apache/ranger/ranger-plugin-classloader/2.3.0/ranger-plugin-classloader-2.3.0.jar:/home/runner/.m2/repository/org/apache/hadoop/hadoop-minikdc/3.3.4/hadoop-minikdc-3.3.4.jar:/home/runner/.m2/repository/org/apache/kerby/kerb-simplekdc/1.0.1/kerb-simplekdc-1.0.1.jar:/home/runner/.m2/repository/org/apache/kerby/kerb-client/1.0.1/kerb-client-1.0.1.jar:/home/runner/.m2/repository/org/apache/kerby/kerby-config/1.0.1/kerby-config-1.0.1.jar:/home/runner/.m2/repository/org/apache/kerby/kerb-common/1.0.1/kerb-common-1.0.1.jar:/home/runner/.m2/repository/org/apache/kerby/kerb-crypto/1.0.1/kerb-crypto-1.0.1.jar:/home/runner/.m2/repository/org/apache/kerby/kerb-util/1.0.1/kerb-util-1.0.1.jar:/home/runner/.m2/repository/org/apache/kerby/token-provider/1.0.1/token-provider-1.0.1.jar:/home/runner/.m2/repository/org/apache/kerby/kerb-admin/1.0.1/kerb-admin-1.0.1.jar:/home/runner/.m2/repository/org/apache/kerby/kerb-server/1.0.1/kerb-server-1.0.1.jar:/home/runner/.m2/repository/org/apache/kerby/kerb-identity/1.0.1/kerb-identity-1.0.1.jar:/home/runner/.m2/repository/org/apache/kerby/kerby-xdr/1.0.1/kerby-xdr-1.0.1.jar:/home/runner/.m2/repository/org/apache/ozone/ozone-s3gateway/1.4.0-SNAPSHOT/ozone-s3gateway-1.4.0-SNAPSHOT.jar:/home/runner/.m2/repository/org/javassist/javassist/3.21.0-GA/javassist-3.21.0-GA.jar:/home/runner/.m2/repository/org/jboss/weld/servlet/weld-servlet-shaded/3.1.9.Final/weld-servlet-shaded-3.1.9.Final.jar:/home/runner/.m2/repository/org/glassfish/jersey/containers/jersey-container-servlet-core/2.34/jersey-container-servlet-core-2.34.jar:/home/runner/.m2/repository/org/glassfish/hk2/external/jakarta.inject/2.6.1/jakarta.inject-2.6.1.jar:/home/runner/.m2/repository/org/glassfish/jersey/core/jersey-common/2.34/jersey-common-2.34.jar:/home/runner/.m2/repository/jakarta/ws/rs/jakarta.ws.rs-api/2.1.6/jakarta.ws.rs-api-2.1.6.jar:/home/runner/.m2/repository/org/glassfish/jersey/ext/cdi/jersey-cdi1x/2.34/jersey-cdi1x-2.34.jar:/home/runner/.m2/repository/org/glassfish/jersey/inject/jersey-hk2/2.34/jersey-hk2-2.34.jar:/home/runner/.m2/repository/org/glassfish/hk2/hk2-locator/2.6.1/hk2-locator-2.6.1.jar:/home/runner/.m2/repository/org/glassfish/jersey/media/jersey-media-jaxb/2.34/jersey-media-jaxb-2.34.jar:/home/runner/.m2/repository/org/glassfish/hk2/osgi-resource-locator/1.0.3/osgi-resource-locator-1.0.3.jar:/home/runner/.m2/repository/org/glassfish/hk2/hk2-api/2.5.0/hk2-api-2.5.0.jar:/home/runner/.m2/repository/org/glassfish/hk2/hk2-utils/2.5.0/hk2-utils-2.5.0.jar:/home/runner/.m2/repository/org/glassfish/hk2/external/aopalliance-repackaged/2.5.0/aopalliance-repackaged-2.5.0.jar:/home/runner/.m2/repository/com/fasterxml/jackson/dataformat/jackson-dataformat-xml/2.13.4/jackson-dataformat-xml-2.13.4.jar:/home/runner/.m2/repository/com/fasterxml/jackson/core/jackson-core/2.13.4/jackson-core-2.13.4.jar:/home/runner/.m2/repository/org/codehaus/woodstox/stax2-api/4.2.1/stax2-api-4.2.1.jar:/home/runner/.m2/repository/com/fasterxml/woodstox/woodstox-core/5.4.0/woodstox-core-5.4.0.jar:/home/runner/.m2/repository/com/fasterxml/jackson/module/jackson-module-jaxb-annotations/2.13.4/jackson-module-jaxb-annotations-2.13.4.jar:/home/runner/.m2/repository/jakarta/xml/bind/jakarta.xml.bind-api/2.3.3/jakarta.xml.bind-api-2.3.3.jar:/home/runner/.m2/repository/jakarta/activation/jakarta.activation-api/1.2.2/jakarta.activation-api-1.2.2.jar:/home/runner/.m2/repository/javax/enterprise/cdi-api/2.0/cdi-api-2.0.jar:/home/runner/.m2/repository/javax/el/javax.el-api/3.0.0/javax.el-api-3.0.0.jar:/home/runner/.m2/repository/javax/interceptor/javax.interceptor-api/1.2/javax.interceptor-api-1.2.jar:/home/runner/.m2/repository/javax/inject/javax.inject/1/javax.inject-1.jar:/home/runner/.m2/repository/javax/xml/bind/jaxb-api/2.3.0/jaxb-api-2.3.0.jar:/home/runner/.m2/repository/org/glassfish/jaxb/jaxb-runtime/2.3.0.1/jaxb-runtime-2.3.0.1.jar:/home/runner/.m2/repository/org/glassfish/jaxb/jaxb-core/2.3.0.1/jaxb-core-2.3.0.1.jar:/home/runner/.m2/repository/org/glassfish/jaxb/txw2/2.3.0.1/txw2-2.3.0.1.jar:/home/runner/.m2/repository/com/sun/istack/istack-commons-runtime/3.0.5/istack-commons-runtime-3.0.5.jar:/home/runner/.m2/repository/org/jvnet/staxex/stax-ex/1.7.8/stax-ex-1.7.8.jar:/home/runner/.m2/repository/com/sun/xml/fastinfoset/FastInfoset/1.2.13/FastInfoset-1.2.13.jar:/home/runner/.m2/repository/javax/activation/activation/1.1.1/activation-1.1.1.jar:/home/runner/.m2/repository/io/grpc/grpc-protobuf/1.51.1/grpc-protobuf-1.51.1.jar:/home/runner/.m2/repository/io/grpc/grpc-api/1.51.1/grpc-api-1.51.1.jar:/home/runner/.m2/repository/io/grpc/grpc-context/1.51.1/grpc-context-1.51.1.jar:/home/runner/.m2/repository/com/google/api/grpc/proto-google-common-protos/2.9.0/proto-google-common-protos-2.9.0.jar:/home/runner/.m2/repository/io/grpc/grpc-protobuf-lite/1.51.1/grpc-protobuf-lite-1.51.1.jar:/home/runner/.m2/repository/io/grpc/grpc-stub/1.51.1/grpc-stub-1.51.1.jar:/home/runner/.m2/repository/io/netty/netty-transport/4.1.86.Final/netty-transport-4.1.86.Final.jar:/home/runner/.m2/repository/io/netty/netty-resolver/4.1.86.Final/netty-resolver-4.1.86.Final.jar:/home/runner/.m2/repository/org/apache/ozone/ozone-csi/1.4.0-SNAPSHOT/ozone-csi-1.4.0-SNAPSHOT.jar:/home/runner/.m2/repository/com/google/protobuf/protobuf-java-util/3.19.6/protobuf-java-util-3.19.6.jar:/home/runner/.m2/repository/com/google/code/gson/gson/2.9.0/gson-2.9.0.jar:/home/runner/.m2/repository/org/apache/ozone/hdds-config/1.4.0-SNAPSHOT/hdds-config-1.4.0-SNAPSHOT.jar:/home/runner/.m2/repository/io/netty/netty-transport-native-epoll/4.1.86.Final/netty-transport-native-epoll-4.1.86.Final-linux-x86_64.jar:/home/runner/.m2/repository/io/netty/netty-transport-classes-epoll/4.1.86.Final/netty-transport-classes-epoll-4.1.86.Final.jar:/home/runner/.m2/repository/io/netty/netty-transport-native-unix-common/4.1.86.Final/netty-transport-native-unix-common-4.1.86.Final.jar:/home/runner/.m2/repository/org/slf4j/slf4j-reload4j/1.7.36/slf4j-reload4j-1.7.36.jar:/home/runner/.m2/repository/org/apache/ozone/ozone-recon/1.4.0-SNAPSHOT/ozone-recon-1.4.0-SNAPSHOT.jar:/home/runner/.m2/repository/org/apache/ozone/ozone-reconcodegen/1.4.0-SNAPSHOT/ozone-reconcodegen-1.4.0-SNAPSHOT.jar:/home/runner/.m2/repository/com/google/inject/extensions/guice-multibindings/4.0/guice-multibindings-4.0.jar:/home/runner/.m2/repository/com/google/inject/guice/4.0/guice-4.0.jar:/home/runner/.m2/repository/aopalliance/aopalliance/1.0/aopalliance-1.0.jar:/home/runner/.m2/repository/com/google/inject/extensions/guice-assistedinject/4.0/guice-assistedinject-4.0.jar:/home/runner/.m2/repository/com/google/inject/extensions/guice-servlet/4.0/guice-servlet-4.0.jar:/home/runner/.m2/repository/org/glassfish/jersey/containers/jersey-container-servlet/2.34/jersey-container-servlet-2.34.jar:/home/runner/.m2/repository/org/glassfish/hk2/guice-bridge/2.5.0/guice-bridge-2.5.0.jar:/home/runner/.m2/repository/org/glassfish/jersey/core/jersey-server/2.34/jersey-server-2.34.jar:/home/runner/.m2/repository/org/glassfish/jersey/core/jersey-client/2.34/jersey-client-2.34.jar:/home/runner/.m2/repository/jakarta/annotation/jakarta.annotation-api/1.3.5/jakarta.annotation-api-1.3.5.jar:/home/runner/.m2/repository/jakarta/validation/jakarta.validation-api/2.0.2/jakarta.validation-api-2.0.2.jar:/home/runner/.m2/repository/org/glassfish/jersey/media/jersey-media-json-jackson/2.34/jersey-media-json-jackson-2.34.jar:/home/runner/.m2/repository/org/glassfish/jersey/ext/jersey-entity-filtering/2.34/jersey-entity-filtering-2.34.jar:/home/runner/.m2/repository/org/jooq/jooq/3.11.10/jooq-3.11.10.jar:/home/runner/.m2/repository/org/jooq/jooq-meta/3.11.10/jooq-meta-3.11.10.jar:/home/runner/.m2/repository/org/jooq/jooq-codegen/3.11.10/jooq-codegen-3.11.10.jar:/home/runner/.m2/repository/com/jolbox/bonecp/0.8.0.RELEASE/bonecp-0.8.0.RELEASE.jar:/home/runner/.m2/repository/org/apache/derby/derby/10.14.2.0/derby-10.14.2.0.jar:/home/runner/.m2/repository/org/xerial/sqlite-jdbc/3.25.2/sqlite-jdbc-3.25.2.jar:/home/runner/.m2/repository/org/springframework/spring-jdbc/5.3.23/spring-jdbc-5.3.23.jar:/home/runner/.m2/repository/org/springframework/spring-beans/5.3.23/spring-beans-5.3.23.jar:/home/runner/.m2/repository/org/springframework/spring-core/5.3.23/spring-core-5.3.23.jar:/home/runner/.m2/repository/org/springframework/spring-jcl/5.3.23/spring-jcl-5.3.23.jar:/home/runner/.m2/repository/org/springframework/spring-tx/5.3.23/spring-tx-5.3.23.jar:/home/runner/.m2/repository/org/apache/ozone/ozone-client/1.4.0-SNAPSHOT/ozone-client-1.4.0-SNAPSHOT.jar:/home/runner/.m2/repository/org/apache/ozone/hdds-erasurecode/1.4.0-SNAPSHOT/hdds-erasurecode-1.4.0-SNAPSHOT.jar:/home/runner/.m2/repository/org/apache/ozone/ozone-filesystem/1.4.0-SNAPSHOT/ozone-filesystem-1.4.0-SNAPSHOT.jar:/home/runner/.m2/repository/org/apache/ozone/ozone-filesystem-common/1.4.0-SNAPSHOT/ozone-filesystem-common-1.4.0-SNAPSHOT.jar:/home/runner/.m2/repository/org/apache/ozone/ozone-tools/1.4.0-SNAPSHOT/ozone-tools-1.4.0-SNAPSHOT.jar:/home/runner/.m2/repository/com/amazonaws/aws-java-sdk-core/1.12.261/aws-java-sdk-core-1.12.261.jar:/home/runner/.m2/repository/org/apache/httpcomponents/httpclient/4.5.13/httpclient-4.5.13.jar:/home/runner/.m2/repository/org/apache/httpcomponents/httpcore/4.4.13/httpcore-4.4.13.jar:/home/runner/.m2/repository/software/amazon/ion/ion-java/1.0.2/ion-java-1.0.2.jar:/home/runner/.m2/repository/com/fasterxml/jackson/dataformat/jackson-dataformat-cbor/2.13.4/jackson-dataformat-cbor-2.13.4.jar:/home/runner/.m2/repository/joda-time/joda-time/2.10.6/joda-time-2.10.6.jar:/home/runner/.m2/repository/com/amazonaws/aws-java-sdk-s3/1.12.261/aws-java-sdk-s3-1.12.261.jar:/home/runner/.m2/repository/com/amazonaws/aws-java-sdk-kms/1.12.261/aws-java-sdk-kms-1.12.261.jar:/home/runner/.m2/repository/com/amazonaws/jmespath-java/1.12.261/jmespath-java-1.12.261.jar:/home/runner/.m2/repository/org/kohsuke/metainf-services/metainf-services/1.8/metainf-services-1.8.jar:/home/runner/.m2/repository/org/apache/ozone/hdds-tools/1.4.0-SNAPSHOT/hdds-tools-1.4.0-SNAPSHOT.jar:/home/runner/.m2/repository/org/apache/ratis/ratis-tools/2.4.2-8b8bdda-SNAPSHOT/ratis-tools-2.4.2-8b8bdda-SNAPSHOT.jar:/home/runner/.m2/repository/org/apache/ratis/ratis-proto/2.4.2-8b8bdda-SNAPSHOT/ratis-proto-2.4.2-8b8bdda-SNAPSHOT.jar:/home/runner/.m2/repository/org/apache/ratis/ratis-common/2.4.2-8b8bdda-SNAPSHOT/ratis-common-2.4.2-8b8bdda-SNAPSHOT.jar:/home/runner/.m2/repository/commons-cli/commons-cli/1.2/commons-cli-1.2.jar:/home/runner/.m2/repository/org/apache/commons/commons-lang3/3.7/commons-lang3-3.7.jar:/home/runner/.m2/repository/org/apache/ozone/ozone-manager/1.4.0-SNAPSHOT/ozone-manager-1.4.0-SNAPSHOT-tests.jar:/home/runner/.m2/repository/org/apache/ozone/hdds-common/1.4.0-SNAPSHOT/hdds-common-1.4.0-SNAPSHOT-tests.jar:/home/runner/.m2/repository/org/apache/ozone/hdds-hadoop-dependency-client/1.4.0-SNAPSHOT/hdds-hadoop-dependency-client-1.4.0-SNAPSHOT.jar:/home/runner/.m2/repository/info/picocli/picocli/4.6.1/picocli-4.6.1.jar:/home/runner/.m2/repository/com/fasterxml/jackson/core/jackson-annotations/2.13.4/jackson-annotations-2.13.4.jar:/home/runner/.m2/repository/com/fasterxml/jackson/datatype/jackson-datatype-jsr310/2.13.4/jackson-datatype-jsr310-2.13.4.jar:/home/runner/.m2/repository/org/apache/ozone/hdds-annotation-processing/1.4.0-SNAPSHOT/hdds-annotation-processing-1.4.0-SNAPSHOT.jar:/home/runner/.m2/repository/javax/annotation/javax.annotation-api/1.2/javax.annotation-api-1.2.jar:/home/runner/.m2/repository/org/apache/ratis/ratis-server/2.4.2-8b8bdda-SNAPSHOT/ratis-server-2.4.2-8b8bdda-SNAPSHOT.jar:/home/runner/.m2/repository/org/apache/ratis/ratis-client/2.4.2-8b8bdda-SNAPSHOT/ratis-client-2.4.2-8b8bdda-SNAPSHOT.jar:/home/runner/.m2/repository/org/apache/ratis/ratis-server-api/2.4.2-8b8bdda-SNAPSHOT/ratis-server-api-2.4.2-8b8bdda-SNAPSHOT.jar:/home/runner/.m2/repository/org/apache/ratis/ratis-metrics/2.4.2-8b8bdda-SNAPSHOT/ratis-metrics-2.4.2-8b8bdda-SNAPSHOT.jar:/home/runner/.m2/repository/org/apache/ratis/ratis-netty/2.4.2-8b8bdda-SNAPSHOT/ratis-netty-2.4.2-8b8bdda-SNAPSHOT.jar:/home/runner/.m2/repository/org/apache/ratis/ratis-grpc/2.4.2-8b8bdda-SNAPSHOT/ratis-grpc-2.4.2-8b8bdda-SNAPSHOT.jar:/home/runner/.m2/repository/org/apache/logging/log4j/log4j-api/2.17.1/log4j-api-2.17.1.jar:/home/runner/.m2/repository/org/apache/commons/commons-pool2/2.6.0/commons-pool2-2.6.0.jar:/home/runner/.m2/repository/org/bouncycastle/bcpkix-jdk15on/1.67/bcpkix-jdk15on-1.67.jar:/home/runner/.m2/repository/commons-validator/commons-validator/1.6/commons-validator-1.6.jar:/home/runner/.m2/repository/commons-beanutils/commons-beanutils/1.9.4/commons-beanutils-1.9.4.jar:/home/runner/.m2/repository/commons-digester/commons-digester/1.8.1/commons-digester-1.8.1.jar:/home/runner/.m2/repository/commons-collections/commons-collections/3.2.2/commons-collections-3.2.2.jar:/home/runner/.m2/repository/io/jaegertracing/jaeger-client/1.6.0/jaeger-client-1.6.0.jar:/home/runner/.m2/repository/io/jaegertracing/jaeger-thrift/1.6.0/jaeger-thrift-1.6.0.jar:/home/runner/.m2/repository/org/apache/thrift/libthrift/0.14.1/libthrift-0.14.1.jar:/home/runner/.m2/repository/io/jaegertracing/jaeger-core/1.6.0/jaeger-core-1.6.0.jar:/home/runner/.m2/repository/io/jaegertracing/jaeger-tracerresolver/1.6.0/jaeger-tracerresolver-1.6.0.jar:/home/runner/.m2/repository/io/opentracing/contrib/opentracing-tracerresolver/0.1.8/opentracing-tracerresolver-0.1.8.jar:/home/runner/.m2/repository/org/jetbrains/kotlin/kotlin-stdlib/1.6.21/kotlin-stdlib-1.6.21.jar:/home/runner/.m2/repository/org/jetbrains/annotations/13.0/annotations-13.0.jar:/home/runner/.m2/repository/io/opentracing/opentracing-util/0.33.0/opentracing-util-0.33.0.jar:/home/runner/.m2/repository/io/opentracing/opentracing-api/0.33.0/opentracing-api-0.33.0.jar:/home/runner/.m2/repository/io/opentracing/opentracing-noop/0.33.0/opentracing-noop-0.33.0.jar:/home/runner/.m2/repository/org/yaml/snakeyaml/1.33/snakeyaml-1.33.jar:/home/runner/.m2/repository/org/apache/ozone/hdds-interface-admin/1.4.0-SNAPSHOT/hdds-interface-admin-1.4.0-SNAPSHOT.jar:/home/runner/.m2/repository/junit/junit/4.13.1/junit-4.13.1.jar:/home/runner/.m2/repository/org/hamcrest/hamcrest-core/1.3/hamcrest-core-1.3.jar:/home/runner/.m2/repository/org/junit/jupiter/junit-jupiter-api/5.8.2/junit-jupiter-api-5.8.2.jar:/home/runner/.m2/repository/org/opentest4j/opentest4j/1.2.0/opentest4j-1.2.0.jar:/home/runner/.m2/repository/org/junit/platform/junit-platform-commons/1.8.2/junit-platform-commons-1.8.2.jar:/home/runner/.m2/repository/org/apiguardian/apiguardian-api/1.1.2/apiguardian-api-1.1.2.jar:/home/runner/.m2/repository/org/junit/jupiter/junit-jupiter-params/5.8.2/junit-jupiter-params-5.8.2.jar:/home/runner/.m2/repository/org/junit/jupiter/junit-jupiter-migrationsupport/5.8.2/junit-jupiter-migrationsupport-5.8.2.jar:/home/runner/.m2/repository/org/junit/jupiter/junit-jupiter-engine/5.8.2/junit-jupiter-engine-5.8.2.jar:/home/runner/.m2/repository/org/junit/platform/junit-platform-engine/1.8.2/junit-platform-engine-1.8.2.jar:/home/runner/.m2/repository/org/junit/vintage/junit-vintage-engine/5.8.2/junit-vintage-engine-5.8.2.jar:/home/runner/.m2/repository/org/junit/platform/junit-platform-launcher/1.8.2/junit-platform-launcher-1.8.2.jar:/home/runner/.m2/repository/org/mockito/mockito-core/2.28.2/mockito-core-2.28.2.jar:/home/runner/.m2/repository/net/bytebuddy/byte-buddy/1.9.10/byte-buddy-1.9.10.jar:/home/runner/.m2/repository/net/bytebuddy/byte-buddy-agent/1.9.10/byte-buddy-agent-1.9.10.jar:/home/runner/.m2/repository/org/objenesis/objenesis/1.0/objenesis-1.0.jar:/home/runner/.m2/repository/org/apache/hadoop/hadoop-kms/3.3.4/hadoop-kms-3.3.4.jar:/home/runner/.m2/repository/org/apache/hadoop/hadoop-auth/3.3.4/hadoop-auth-3.3.4.jar:/home/runner/.m2/repository/com/nimbusds/nimbus-jose-jwt/9.8.1/nimbus-jose-jwt-9.8.1.jar:/home/runner/.m2/repository/com/github/stephenc/jcip/jcip-annotations/1.0-1/jcip-annotations-1.0-1.jar:/home/runner/.m2/repository/net/minidev/json-smart/2.4.7/json-smart-2.4.7.jar:/home/runner/.m2/repository/net/minidev/accessors-smart/2.4.7/accessors-smart-2.4.7.jar:/home/runner/.m2/repository/org/ow2/asm/asm/5.0.4/asm-5.0.4.jar:/home/runner/.m2/repository/org/apache/zookeeper/zookeeper/3.5.6/zookeeper-3.5.6.jar:/home/runner/.m2/repository/org/apache/zookeeper/zookeeper-jute/3.5.6/zookeeper-jute-3.5.6.jar:/home/runner/.m2/repository/org/apache/yetus/audience-annotations/0.5.0/audience-annotations-0.5.0.jar:/home/runner/.m2/repository/org/apache/curator/curator-framework/4.2.0/curator-framework-4.2.0.jar:/home/runner/.m2/repository/org/apache/hadoop/thirdparty/hadoop-shaded-guava/1.1.1/hadoop-shaded-guava-1.1.1.jar:/home/runner/.m2/repository/com/sun/jersey/jersey-core/1.19/jersey-core-1.19.jar:/home/runner/.m2/repository/javax/ws/rs/jsr311-api/1.1.1/jsr311-api-1.1.1.jar:/home/runner/.m2/repository/com/sun/jersey/jersey-server/1.19/jersey-server-1.19.jar:/home/runner/.m2/repository/javax/servlet/javax.servlet-api/3.1.0/javax.servlet-api-3.1.0.jar:/home/runner/.m2/repository/org/eclipse/jetty/jetty-server/9.4.49.v20220914/jetty-server-9.4.49.v20220914.jar:/home/runner/.m2/repository/org/eclipse/jetty/jetty-http/9.4.49.v20220914/jetty-http-9.4.49.v20220914.jar:/home/runner/.m2/repository/org/eclipse/jetty/jetty-io/9.4.49.v20220914/jetty-io-9.4.49.v20220914.jar:/home/runner/.m2/repository/org/eclipse/jetty/jetty-webapp/9.4.49.v20220914/jetty-webapp-9.4.49.v20220914.jar:/home/runner/.m2/repository/org/eclipse/jetty/jetty-xml/9.4.49.v20220914/jetty-xml-9.4.49.v20220914.jar:/home/runner/.m2/repository/org/apache/hadoop/hadoop-common/3.3.4/hadoop-common-3.3.4.jar:/home/runner/.m2/repository/org/apache/commons/commons-math3/3.1.1/commons-math3-3.1.1.jar:/home/runner/.m2/repository/commons-net/commons-net/3.9.0/commons-net-3.9.0.jar:/home/runner/.m2/repository/com/sun/jersey/jersey-servlet/1.19/jersey-servlet-1.19.jar:/home/runner/.m2/repository/com/sun/jersey/jersey-json/1.19/jersey-json-1.19.jar:/home/runner/.m2/repository/org/codehaus/jettison/jettison/1.1/jettison-1.1.jar:/home/runner/.m2/repository/com/sun/xml/bind/jaxb-impl/2.2.3-1/jaxb-impl-2.2.3-1.jar:/home/runner/.m2/repository/org/codehaus/jackson/jackson-jaxrs/1.9.2/jackson-jaxrs-1.9.2.jar:/home/runner/.m2/repository/org/codehaus/jackson/jackson-xc/1.9.2/jackson-xc-1.9.2.jar:/home/runner/.m2/repository/com/google/re2j/re2j/1.1/re2j-1.1.jar:/home/runner/.m2/repository/com/jcraft/jsch/0.1.54/jsch-0.1.54.jar:/home/runner/.m2/repository/org/apache/curator/curator-client/4.2.0/curator-client-4.2.0.jar:/home/runner/.m2/repository/org/apache/curator/curator-recipes/4.2.0/curator-recipes-4.2.0.jar:/home/runner/.m2/repository/org/apache/kerby/kerb-core/1.0.1/kerb-core-1.0.1.jar:/home/runner/.m2/repository/org/apache/kerby/kerby-pkix/1.0.1/kerby-pkix-1.0.1.jar:/home/runner/.m2/repository/org/apache/kerby/kerby-asn1/1.0.1/kerby-asn1-1.0.1.jar:/home/runner/.m2/repository/org/apache/kerby/kerby-util/1.0.1/kerby-util-1.0.1.jar:/home/runner/.m2/repository/dnsjava/dnsjava/2.1.7/dnsjava-2.1.7.jar:/home/runner/.m2/repository/org/xerial/snappy/snappy-java/1.1.8.2/snappy-java-1.1.8.2.jar:/home/runner/.m2/repository/org/eclipse/jetty/jetty-util/9.4.49.v20220914/jetty-util-9.4.49.v20220914.jar:/home/runner/.m2/repository/com/fasterxml/jackson/core/jackson-databind/2.13.4.2/jackson-databind-2.13.4.2.jar:/home/runner/.m2/repository/org/apache/hadoop/hadoop-kms/3.3.4/hadoop-kms-3.3.4-tests.jar:/home/runner/.m2/repository/org/apache/ozone/hdds-server-scm/1.4.0-SNAPSHOT/hdds-server-scm-1.4.0-SNAPSHOT-tests.jar:/home/runner/.m2/repository/org/apache/ozone/hdds-container-service/1.4.0-SNAPSHOT/hdds-container-service-1.4.0-SNAPSHOT-tests.jar:/home/runner/.m2/repository/com/github/luben/zstd-jni/1.5.2-5/zstd-jni-1.5.2-5.jar:/home/runner/.m2/repository/commons-codec/commons-codec/1.15/commons-codec-1.15.jar:/home/runner/.m2/repository/io/netty/netty-codec/4.1.86.Final/netty-codec-4.1.86.Final.jar:/home/runner/.m2/repository/io/netty/netty-handler/4.1.86.Final/netty-handler-4.1.86.Final.jar:/home/runner/.m2/repository/org/apache/ozone/hdds-hadoop-dependency-test/1.4.0-SNAPSHOT/hdds-hadoop-dependency-test-1.4.0-SNAPSHOT.jar:/home/runner/.m2/repository/org/apache/hadoop/hadoop-common/3.3.4/hadoop-common-3.3.4-tests.jar:/home/runner/.m2/repository/org/apache/hadoop/hadoop-hdfs/3.3.4/hadoop-hdfs-3.3.4-tests.jar:/home/runner/.m2/repository/org/assertj/assertj-core/3.12.2/assertj-core-3.12.2.jar:/home/runner/.m2/repository/org/apache/hadoop/hadoop-distcp/3.3.4/hadoop-distcp-3.3.4.jar:/home/runner/.m2/repository/org/apache/hadoop/hadoop-mapreduce-client-jobclient/3.3.4/hadoop-mapreduce-client-jobclient-3.3.4.jar:/home/runner/.m2/repository/org/apache/hadoop/hadoop-mapreduce-client-common/3.3.4/hadoop-mapreduce-client-common-3.3.4.jar:/home/runner/.m2/repository/org/apache/hadoop/hadoop-yarn-common/3.3.4/hadoop-yarn-common-3.3.4.jar:/home/runner/.m2/repository/org/apache/hadoop/hadoop-yarn-api/3.3.4/hadoop-yarn-api-3.3.4.jar:/home/runner/.m2/repository/com/sun/jersey/contribs/jersey-guice/1.19/jersey-guice-1.19.jar:/home/runner/.m2/repository/com/fasterxml/jackson/jaxrs/jackson-jaxrs-json-provider/2.13.4/jackson-jaxrs-json-provider-2.13.4.jar:/home/runner/.m2/repository/com/fasterxml/jackson/jaxrs/jackson-jaxrs-base/2.13.4/jackson-jaxrs-base-2.13.4.jar:/home/runner/.m2/repository/org/apache/hadoop/hadoop-yarn-client/3.3.4/hadoop-yarn-client-3.3.4.jar:/home/runner/.m2/repository/org/eclipse/jetty/websocket/websocket-client/9.4.43.v20210629/websocket-client-9.4.43.v20210629.jar:/home/runner/.m2/repository/org/eclipse/jetty/websocket/websocket-common/9.4.43.v20210629/websocket-common-9.4.43.v20210629.jar:/home/runner/.m2/repository/org/eclipse/jetty/websocket/websocket-api/9.4.43.v20210629/websocket-api-9.4.43.v20210629.jar:/home/runner/.m2/repository/org/jline/jline/3.9.0/jline-3.9.0.jar:/home/runner/.m2/repository/org/apache/hadoop/hadoop-mapreduce-client-core/3.3.4/hadoop-mapreduce-client-core-3.3.4.jar:/home/runner/.m2/repository/org/apache/avro/avro/1.7.7/avro-1.7.7.jar:/home/runner/.m2/repository/org/codehaus/jackson/jackson-core-asl/1.9.13/jackson-core-asl-1.9.13.jar:/home/runner/.m2/repository/org/codehaus/jackson/jackson-mapper-asl/1.9.13/jackson-mapper-asl-1.9.13.jar:/home/runner/.m2/repository/com/thoughtworks/paranamer/paranamer/2.3/paranamer-2.3.jar:/home/runner/.m2/repository/org/apache/hadoop/hadoop-annotations/3.3.4/hadoop-annotations-3.3.4.jar:/usr/lib/jvm/temurin-8-jdk-amd64/jre/../lib/tools.jar:/home/runner/.m2/repository/io/netty/netty/3.10.6.Final/netty-3.10.6.Final.jar:/home/runner/.m2/repository/org/apache/hadoop/hadoop-distcp/3.3.4/hadoop-distcp-3.3.4-tests.jar:/home/runner/.m2/repository/org/slf4j/jul-to-slf4j/1.7.36/jul-to-slf4j-1.7.36.jar:"/>
    <property name="java.vm.vendor" value="Temurin"/>
    <property name="sun.arch.data.model" value="64"/>
    <property name="test.build.dir" value="/home/runner/work/ozone/ozone/hadoop-ozone/integration-test/target/test-dir"/>
    <property name="test.cache.data" value=""/>
    <property name="java.vendor.url" value="https://adoptium.net/"/>
    <property name="user.timezone" value="Etc/UTC"/>
    <property name="java.vm.specification.version" value="1.8"/>
    <property name="os.name" value="Linux"/>
    <property name="test.build.data" value="/home/runner/work/ozone/ozone/hadoop-ozone/integration-test/target/test-dir"/>
    <property name="sun.java.launcher" value="SUN_STANDARD"/>
    <property name="sun.boot.library.path" value="/usr/lib/jvm/temurin-8-jdk-amd64/jre/lib/amd64"/>
    <property name="sun.java.command" value="/home/runner/work/ozone/ozone/hadoop-ozone/integration-test/target/surefire/surefirebooter9045464686321787001.jar /home/runner/work/ozone/ozone/hadoop-ozone/integration-test/target/surefire 2023-02-28T19-50-04_818-jvmRun1 surefire5957737351120381890tmp surefire_206034044037003099212tmp"/>
    <property name="surefire.test.class.path" value="/home/runner/work/ozone/ozone/hadoop-ozone/integration-test/target/test-classes:/home/runner/work/ozone/ozone/hadoop-ozone/integration-test/target/classes:/home/runner/.m2/repository/org/apache/ozone/ozone-common/1.4.0-SNAPSHOT/ozone-common-1.4.0-SNAPSHOT.jar:/home/runner/.m2/repository/io/grpc/grpc-netty/1.51.1/grpc-netty-1.51.1.jar:/home/runner/.m2/repository/io/grpc/grpc-core/1.51.1/grpc-core-1.51.1.jar:/home/runner/.m2/repository/com/google/android/annotations/4.1.1.4/annotations-4.1.1.4.jar:/home/runner/.m2/repository/org/codehaus/mojo/animal-sniffer-annotations/1.21/animal-sniffer-annotations-1.21.jar:/home/runner/.m2/repository/com/google/errorprone/error_prone_annotations/2.2.0/error_prone_annotations-2.2.0.jar:/home/runner/.m2/repository/io/perfmark/perfmark-api/0.25.0/perfmark-api-0.25.0.jar:/home/runner/.m2/repository/io/netty/netty-codec-http2/4.1.86.Final/netty-codec-http2-4.1.86.Final.jar:/home/runner/.m2/repository/io/netty/netty-common/4.1.86.Final/netty-common-4.1.86.Final.jar:/home/runner/.m2/repository/io/netty/netty-buffer/4.1.86.Final/netty-buffer-4.1.86.Final.jar:/home/runner/.m2/repository/io/netty/netty-codec-http/4.1.86.Final/netty-codec-http-4.1.86.Final.jar:/home/runner/.m2/repository/io/netty/netty-handler-proxy/4.1.86.Final/netty-handler-proxy-4.1.86.Final.jar:/home/runner/.m2/repository/io/netty/netty-codec-socks/4.1.86.Final/netty-codec-socks-4.1.86.Final.jar:/home/runner/.m2/repository/io/netty/netty-tcnative-boringssl-static/2.0.54.Final/netty-tcnative-boringssl-static-2.0.54.Final.jar:/home/runner/.m2/repository/io/netty/netty-tcnative-classes/2.0.54.Final/netty-tcnative-classes-2.0.54.Final.jar:/home/runner/.m2/repository/io/netty/netty-tcnative-boringssl-static/2.0.54.Final/netty-tcnative-boringssl-static-2.0.54.Final-linux-x86_64.jar:/home/runner/.m2/repository/io/netty/netty-tcnative-boringssl-static/2.0.54.Final/netty-tcnative-boringssl-static-2.0.54.Final-linux-aarch_64.jar:/home/runner/.m2/repository/io/netty/netty-tcnative-boringssl-static/2.0.54.Final/netty-tcnative-boringssl-static-2.0.54.Final-osx-x86_64.jar:/home/runner/.m2/repository/io/netty/netty-tcnative-boringssl-static/2.0.54.Final/netty-tcnative-boringssl-static-2.0.54.Final-osx-aarch_64.jar:/home/runner/.m2/repository/io/netty/netty-tcnative-boringssl-static/2.0.54.Final/netty-tcnative-boringssl-static-2.0.54.Final-windows-x86_64.jar:/home/runner/.m2/repository/org/apache/commons/commons-compress/1.21/commons-compress-1.21.jar:/home/runner/.m2/repository/org/apache/ozone/hdds-common/1.4.0-SNAPSHOT/hdds-common-1.4.0-SNAPSHOT.jar:/home/runner/.m2/repository/org/apache/ozone/hdds-client/1.4.0-SNAPSHOT/hdds-client-1.4.0-SNAPSHOT.jar:/home/runner/.m2/repository/org/apache/ozone/ozone-interface-client/1.4.0-SNAPSHOT/ozone-interface-client-1.4.0-SNAPSHOT.jar:/home/runner/.m2/repository/org/apache/ozone/hdds-test-utils/1.4.0-SNAPSHOT/hdds-test-utils-1.4.0-SNAPSHOT.jar:/home/runner/.m2/repository/com/google/guava/guava/31.1-jre/guava-31.1-jre.jar:/home/runner/.m2/repository/com/google/guava/failureaccess/1.0.1/failureaccess-1.0.1.jar:/home/runner/.m2/repository/com/google/guava/listenablefuture/9999.0-empty-to-avoid-conflict-with-guava/listenablefuture-9999.0-empty-to-avoid-conflict-with-guava.jar:/home/runner/.m2/repository/com/google/code/findbugs/jsr305/3.0.0/jsr305-3.0.0.jar:/home/runner/.m2/repository/org/checkerframework/checker-qual/3.12.0/checker-qual-3.12.0.jar:/home/runner/.m2/repository/com/google/j2objc/j2objc-annotations/1.3/j2objc-annotations-1.3.jar:/home/runner/.m2/repository/commons-io/commons-io/2.11.0/commons-io-2.11.0.jar:/home/runner/.m2/repository/commons-logging/commons-logging/1.2/commons-logging-1.2.jar:/home/runner/.m2/repository/ch/qos/reload4j/reload4j/1.2.22/reload4j-1.2.22.jar:/home/runner/.m2/repository/org/slf4j/slf4j-api/1.7.36/slf4j-api-1.7.36.jar:/home/runner/.m2/repository/org/apache/ozone/hdds-server-scm/1.4.0-SNAPSHOT/hdds-server-scm-1.4.0-SNAPSHOT.jar:/home/runner/.m2/repository/org/apache/ozone/hdds-container-service/1.4.0-SNAPSHOT/hdds-container-service-1.4.0-SNAPSHOT.jar:/home/runner/.m2/repository/org/apache/ozone/hdds-hadoop-dependency-server/1.4.0-SNAPSHOT/hdds-hadoop-dependency-server-1.4.0-SNAPSHOT.jar:/home/runner/.m2/repository/org/apache/hadoop/hadoop-hdfs/3.3.4/hadoop-hdfs-3.3.4.jar:/home/runner/.m2/repository/org/eclipse/jetty/jetty-util-ajax/9.4.49.v20220914/jetty-util-ajax-9.4.49.v20220914.jar:/home/runner/.m2/repository/commons-daemon/commons-daemon/1.0.13/commons-daemon-1.0.13.jar:/home/runner/.m2/repository/org/apache/ozone/hdds-server-framework/1.4.0-SNAPSHOT/hdds-server-framework-1.4.0-SNAPSHOT.jar:/home/runner/.m2/repository/org/apache/ozone/hdds-interface-server/1.4.0-SNAPSHOT/hdds-interface-server-1.4.0-SNAPSHOT.jar:/home/runner/.m2/repository/org/apache/commons/commons-configuration2/2.1.1/commons-configuration2-2.1.1.jar:/home/runner/.m2/repository/org/apache/logging/log4j/log4j-core/2.17.1/log4j-core-2.17.1.jar:/home/runner/.m2/repository/com/lmax/disruptor/3.4.2/disruptor-3.4.2.jar:/home/runner/.m2/repository/org/eclipse/jetty/jetty-servlet/9.4.49.v20220914/jetty-servlet-9.4.49.v20220914.jar:/home/runner/.m2/repository/org/eclipse/jetty/jetty-security/9.4.49.v20220914/jetty-security-9.4.49.v20220914.jar:/home/runner/.m2/repository/org/rocksdb/rocksdbjni/7.7.3/rocksdbjni-7.7.3.jar:/home/runner/.m2/repository/io/prometheus/simpleclient_dropwizard/0.7.0/simpleclient_dropwizard-0.7.0.jar:/home/runner/.m2/repository/io/prometheus/simpleclient/0.7.0/simpleclient-0.7.0.jar:/home/runner/.m2/repository/io/prometheus/simpleclient_common/0.7.0/simpleclient_common-0.7.0.jar:/home/runner/.m2/repository/com/github/spotbugs/spotbugs-annotations/3.1.12/spotbugs-annotations-3.1.12.jar:/home/runner/.m2/repository/org/awaitility/awaitility/4.2.0/awaitility-4.2.0.jar:/home/runner/.m2/repository/org/hamcrest/hamcrest/2.1/hamcrest-2.1.jar:/home/runner/.m2/repository/io/dropwizard/metrics/metrics-core/3.2.4/metrics-core-3.2.4.jar:/home/runner/.m2/repository/org/apache/commons/commons-text/1.4/commons-text-1.4.jar:/home/runner/.m2/repository/org/apache/hadoop/hadoop-hdfs-client/3.3.4/hadoop-hdfs-client-3.3.4.jar:/home/runner/.m2/repository/com/squareup/okhttp3/okhttp/4.9.3/okhttp-4.9.3.jar:/home/runner/.m2/repository/com/squareup/okio/okio/2.8.0/okio-2.8.0.jar:/home/runner/.m2/repository/org/jetbrains/kotlin/kotlin-stdlib-common/1.6.21/kotlin-stdlib-common-1.6.21.jar:/home/runner/.m2/repository/org/bouncycastle/bcprov-jdk15on/1.67/bcprov-jdk15on-1.67.jar:/home/runner/.m2/repository/com/google/protobuf/protobuf-java/2.5.0/protobuf-java-2.5.0.jar:/home/runner/.m2/repository/org/apache/ozone/ozone-manager/1.4.0-SNAPSHOT/ozone-manager-1.4.0-SNAPSHOT.jar:/home/runner/.m2/repository/org/aspectj/aspectjrt/1.9.7/aspectjrt-1.9.7.jar:/home/runner/.m2/repository/org/aspectj/aspectjweaver/1.9.7/aspectjweaver-1.9.7.jar:/home/runner/.m2/repository/org/apache/ozone/hdds-interface-client/1.4.0-SNAPSHOT/hdds-interface-client-1.4.0-SNAPSHOT.jar:/home/runner/.m2/repository/org/apache/hadoop/thirdparty/hadoop-shaded-protobuf_3_7/1.1.1/hadoop-shaded-protobuf_3_7-1.1.1.jar:/home/runner/.m2/repository/org/apache/ratis/ratis-thirdparty-misc/1.0.3/ratis-thirdparty-misc-1.0.3.jar:/home/runner/.m2/repository/org/apache/ozone/ozone-interface-storage/1.4.0-SNAPSHOT/ozone-interface-storage-1.4.0-SNAPSHOT.jar:/home/runner/.m2/repository/org/apache/ozone/rocksdb-checkpoint-differ/1.4.0-SNAPSHOT/rocksdb-checkpoint-differ-1.4.0-SNAPSHOT.jar:/home/runner/.m2/repository/org/reflections/reflections/0.9.11/reflections-0.9.11.jar:/home/runner/.m2/repository/com/sun/jersey/jersey-client/1.19/jersey-client-1.19.jar:/home/runner/.m2/repository/org/apache/ranger/ranger-intg/2.3.0/ranger-intg-2.3.0.jar:/home/runner/.m2/repository/org/apache/ranger/ranger-plugins-common/2.3.0/ranger-plugins-common-2.3.0.jar:/home/runner/.m2/repository/commons-lang/commons-lang/2.6/commons-lang-2.6.jar:/home/runner/.m2/repository/org/apache/ranger/ranger-plugins-cred/2.3.0/ranger-plugins-cred-2.3.0.jar:/home/runner/.m2/repository/org/apache/ranger/ranger-plugins-audit/2.3.0/ranger-plugins-audit-2.3.0.jar:/home/runner/.m2/repository/org/eclipse/jetty/jetty-client/9.4.49.v20220914/jetty-client-9.4.49.v20220914.jar:/home/runner/.m2/repository/org/apache/httpcomponents/httpmime/4.5.6/httpmime-4.5.6.jar:/home/runner/.m2/repository/org/apache/httpcomponents/httpcore-nio/4.4.13/httpcore-nio-4.4.13.jar:/home/runner/.m2/repository/org/apache/httpcomponents/httpasyncclient/4.1.3/httpasyncclient-4.1.3.jar:/home/runner/.m2/repository/com/carrotsearch/hppc/0.8.0/hppc-0.8.0.jar:/home/runner/.m2/repository/org/apache/orc/orc-core/1.5.8/orc-core-1.5.8.jar:/home/runner/.m2/repository/net/java/dev/jna/jna/5.2.0/jna-5.2.0.jar:/home/runner/.m2/repository/net/java/dev/jna/jna-platform/5.2.0/jna-platform-5.2.0.jar:/home/runner/.m2/repository/com/kstruct/gethostname4j/0.0.2/gethostname4j-0.0.2.jar:/home/runner/.m2/repository/org/apache/ranger/ranger-plugin-classloader/2.3.0/ranger-plugin-classloader-2.3.0.jar:/home/runner/.m2/repository/org/apache/hadoop/hadoop-minikdc/3.3.4/hadoop-minikdc-3.3.4.jar:/home/runner/.m2/repository/org/apache/kerby/kerb-simplekdc/1.0.1/kerb-simplekdc-1.0.1.jar:/home/runner/.m2/repository/org/apache/kerby/kerb-client/1.0.1/kerb-client-1.0.1.jar:/home/runner/.m2/repository/org/apache/kerby/kerby-config/1.0.1/kerby-config-1.0.1.jar:/home/runner/.m2/repository/org/apache/kerby/kerb-common/1.0.1/kerb-common-1.0.1.jar:/home/runner/.m2/repository/org/apache/kerby/kerb-crypto/1.0.1/kerb-crypto-1.0.1.jar:/home/runner/.m2/repository/org/apache/kerby/kerb-util/1.0.1/kerb-util-1.0.1.jar:/home/runner/.m2/repository/org/apache/kerby/token-provider/1.0.1/token-provider-1.0.1.jar:/home/runner/.m2/repository/org/apache/kerby/kerb-admin/1.0.1/kerb-admin-1.0.1.jar:/home/runner/.m2/repository/org/apache/kerby/kerb-server/1.0.1/kerb-server-1.0.1.jar:/home/runner/.m2/repository/org/apache/kerby/kerb-identity/1.0.1/kerb-identity-1.0.1.jar:/home/runner/.m2/repository/org/apache/kerby/kerby-xdr/1.0.1/kerby-xdr-1.0.1.jar:/home/runner/.m2/repository/org/apache/ozone/ozone-s3gateway/1.4.0-SNAPSHOT/ozone-s3gateway-1.4.0-SNAPSHOT.jar:/home/runner/.m2/repository/org/javassist/javassist/3.21.0-GA/javassist-3.21.0-GA.jar:/home/runner/.m2/repository/org/jboss/weld/servlet/weld-servlet-shaded/3.1.9.Final/weld-servlet-shaded-3.1.9.Final.jar:/home/runner/.m2/repository/org/glassfish/jersey/containers/jersey-container-servlet-core/2.34/jersey-container-servlet-core-2.34.jar:/home/runner/.m2/repository/org/glassfish/hk2/external/jakarta.inject/2.6.1/jakarta.inject-2.6.1.jar:/home/runner/.m2/repository/org/glassfish/jersey/core/jersey-common/2.34/jersey-common-2.34.jar:/home/runner/.m2/repository/jakarta/ws/rs/jakarta.ws.rs-api/2.1.6/jakarta.ws.rs-api-2.1.6.jar:/home/runner/.m2/repository/org/glassfish/jersey/ext/cdi/jersey-cdi1x/2.34/jersey-cdi1x-2.34.jar:/home/runner/.m2/repository/org/glassfish/jersey/inject/jersey-hk2/2.34/jersey-hk2-2.34.jar:/home/runner/.m2/repository/org/glassfish/hk2/hk2-locator/2.6.1/hk2-locator-2.6.1.jar:/home/runner/.m2/repository/org/glassfish/jersey/media/jersey-media-jaxb/2.34/jersey-media-jaxb-2.34.jar:/home/runner/.m2/repository/org/glassfish/hk2/osgi-resource-locator/1.0.3/osgi-resource-locator-1.0.3.jar:/home/runner/.m2/repository/org/glassfish/hk2/hk2-api/2.5.0/hk2-api-2.5.0.jar:/home/runner/.m2/repository/org/glassfish/hk2/hk2-utils/2.5.0/hk2-utils-2.5.0.jar:/home/runner/.m2/repository/org/glassfish/hk2/external/aopalliance-repackaged/2.5.0/aopalliance-repackaged-2.5.0.jar:/home/runner/.m2/repository/com/fasterxml/jackson/dataformat/jackson-dataformat-xml/2.13.4/jackson-dataformat-xml-2.13.4.jar:/home/runner/.m2/repository/com/fasterxml/jackson/core/jackson-core/2.13.4/jackson-core-2.13.4.jar:/home/runner/.m2/repository/org/codehaus/woodstox/stax2-api/4.2.1/stax2-api-4.2.1.jar:/home/runner/.m2/repository/com/fasterxml/woodstox/woodstox-core/5.4.0/woodstox-core-5.4.0.jar:/home/runner/.m2/repository/com/fasterxml/jackson/module/jackson-module-jaxb-annotations/2.13.4/jackson-module-jaxb-annotations-2.13.4.jar:/home/runner/.m2/repository/jakarta/xml/bind/jakarta.xml.bind-api/2.3.3/jakarta.xml.bind-api-2.3.3.jar:/home/runner/.m2/repository/jakarta/activation/jakarta.activation-api/1.2.2/jakarta.activation-api-1.2.2.jar:/home/runner/.m2/repository/javax/enterprise/cdi-api/2.0/cdi-api-2.0.jar:/home/runner/.m2/repository/javax/el/javax.el-api/3.0.0/javax.el-api-3.0.0.jar:/home/runner/.m2/repository/javax/interceptor/javax.interceptor-api/1.2/javax.interceptor-api-1.2.jar:/home/runner/.m2/repository/javax/inject/javax.inject/1/javax.inject-1.jar:/home/runner/.m2/repository/javax/xml/bind/jaxb-api/2.3.0/jaxb-api-2.3.0.jar:/home/runner/.m2/repository/org/glassfish/jaxb/jaxb-runtime/2.3.0.1/jaxb-runtime-2.3.0.1.jar:/home/runner/.m2/repository/org/glassfish/jaxb/jaxb-core/2.3.0.1/jaxb-core-2.3.0.1.jar:/home/runner/.m2/repository/org/glassfish/jaxb/txw2/2.3.0.1/txw2-2.3.0.1.jar:/home/runner/.m2/repository/com/sun/istack/istack-commons-runtime/3.0.5/istack-commons-runtime-3.0.5.jar:/home/runner/.m2/repository/org/jvnet/staxex/stax-ex/1.7.8/stax-ex-1.7.8.jar:/home/runner/.m2/repository/com/sun/xml/fastinfoset/FastInfoset/1.2.13/FastInfoset-1.2.13.jar:/home/runner/.m2/repository/javax/activation/activation/1.1.1/activation-1.1.1.jar:/home/runner/.m2/repository/io/grpc/grpc-protobuf/1.51.1/grpc-protobuf-1.51.1.jar:/home/runner/.m2/repository/io/grpc/grpc-api/1.51.1/grpc-api-1.51.1.jar:/home/runner/.m2/repository/io/grpc/grpc-context/1.51.1/grpc-context-1.51.1.jar:/home/runner/.m2/repository/com/google/api/grpc/proto-google-common-protos/2.9.0/proto-google-common-protos-2.9.0.jar:/home/runner/.m2/repository/io/grpc/grpc-protobuf-lite/1.51.1/grpc-protobuf-lite-1.51.1.jar:/home/runner/.m2/repository/io/grpc/grpc-stub/1.51.1/grpc-stub-1.51.1.jar:/home/runner/.m2/repository/io/netty/netty-transport/4.1.86.Final/netty-transport-4.1.86.Final.jar:/home/runner/.m2/repository/io/netty/netty-resolver/4.1.86.Final/netty-resolver-4.1.86.Final.jar:/home/runner/.m2/repository/org/apache/ozone/ozone-csi/1.4.0-SNAPSHOT/ozone-csi-1.4.0-SNAPSHOT.jar:/home/runner/.m2/repository/com/google/protobuf/protobuf-java-util/3.19.6/protobuf-java-util-3.19.6.jar:/home/runner/.m2/repository/com/google/code/gson/gson/2.9.0/gson-2.9.0.jar:/home/runner/.m2/repository/org/apache/ozone/hdds-config/1.4.0-SNAPSHOT/hdds-config-1.4.0-SNAPSHOT.jar:/home/runner/.m2/repository/io/netty/netty-transport-native-epoll/4.1.86.Final/netty-transport-native-epoll-4.1.86.Final-linux-x86_64.jar:/home/runner/.m2/repository/io/netty/netty-transport-classes-epoll/4.1.86.Final/netty-transport-classes-epoll-4.1.86.Final.jar:/home/runner/.m2/repository/io/netty/netty-transport-native-unix-common/4.1.86.Final/netty-transport-native-unix-common-4.1.86.Final.jar:/home/runner/.m2/repository/org/slf4j/slf4j-reload4j/1.7.36/slf4j-reload4j-1.7.36.jar:/home/runner/.m2/repository/org/apache/ozone/ozone-recon/1.4.0-SNAPSHOT/ozone-recon-1.4.0-SNAPSHOT.jar:/home/runner/.m2/repository/org/apache/ozone/ozone-reconcodegen/1.4.0-SNAPSHOT/ozone-reconcodegen-1.4.0-SNAPSHOT.jar:/home/runner/.m2/repository/com/google/inject/extensions/guice-multibindings/4.0/guice-multibindings-4.0.jar:/home/runner/.m2/repository/com/google/inject/guice/4.0/guice-4.0.jar:/home/runner/.m2/repository/aopalliance/aopalliance/1.0/aopalliance-1.0.jar:/home/runner/.m2/repository/com/google/inject/extensions/guice-assistedinject/4.0/guice-assistedinject-4.0.jar:/home/runner/.m2/repository/com/google/inject/extensions/guice-servlet/4.0/guice-servlet-4.0.jar:/home/runner/.m2/repository/org/glassfish/jersey/containers/jersey-container-servlet/2.34/jersey-container-servlet-2.34.jar:/home/runner/.m2/repository/org/glassfish/hk2/guice-bridge/2.5.0/guice-bridge-2.5.0.jar:/home/runner/.m2/repository/org/glassfish/jersey/core/jersey-server/2.34/jersey-server-2.34.jar:/home/runner/.m2/repository/org/glassfish/jersey/core/jersey-client/2.34/jersey-client-2.34.jar:/home/runner/.m2/repository/jakarta/annotation/jakarta.annotation-api/1.3.5/jakarta.annotation-api-1.3.5.jar:/home/runner/.m2/repository/jakarta/validation/jakarta.validation-api/2.0.2/jakarta.validation-api-2.0.2.jar:/home/runner/.m2/repository/org/glassfish/jersey/media/jersey-media-json-jackson/2.34/jersey-media-json-jackson-2.34.jar:/home/runner/.m2/repository/org/glassfish/jersey/ext/jersey-entity-filtering/2.34/jersey-entity-filtering-2.34.jar:/home/runner/.m2/repository/org/jooq/jooq/3.11.10/jooq-3.11.10.jar:/home/runner/.m2/repository/org/jooq/jooq-meta/3.11.10/jooq-meta-3.11.10.jar:/home/runner/.m2/repository/org/jooq/jooq-codegen/3.11.10/jooq-codegen-3.11.10.jar:/home/runner/.m2/repository/com/jolbox/bonecp/0.8.0.RELEASE/bonecp-0.8.0.RELEASE.jar:/home/runner/.m2/repository/org/apache/derby/derby/10.14.2.0/derby-10.14.2.0.jar:/home/runner/.m2/repository/org/xerial/sqlite-jdbc/3.25.2/sqlite-jdbc-3.25.2.jar:/home/runner/.m2/repository/org/springframework/spring-jdbc/5.3.23/spring-jdbc-5.3.23.jar:/home/runner/.m2/repository/org/springframework/spring-beans/5.3.23/spring-beans-5.3.23.jar:/home/runner/.m2/repository/org/springframework/spring-core/5.3.23/spring-core-5.3.23.jar:/home/runner/.m2/repository/org/springframework/spring-jcl/5.3.23/spring-jcl-5.3.23.jar:/home/runner/.m2/repository/org/springframework/spring-tx/5.3.23/spring-tx-5.3.23.jar:/home/runner/.m2/repository/org/apache/ozone/ozone-client/1.4.0-SNAPSHOT/ozone-client-1.4.0-SNAPSHOT.jar:/home/runner/.m2/repository/org/apache/ozone/hdds-erasurecode/1.4.0-SNAPSHOT/hdds-erasurecode-1.4.0-SNAPSHOT.jar:/home/runner/.m2/repository/org/apache/ozone/ozone-filesystem/1.4.0-SNAPSHOT/ozone-filesystem-1.4.0-SNAPSHOT.jar:/home/runner/.m2/repository/org/apache/ozone/ozone-filesystem-common/1.4.0-SNAPSHOT/ozone-filesystem-common-1.4.0-SNAPSHOT.jar:/home/runner/.m2/repository/org/apache/ozone/ozone-tools/1.4.0-SNAPSHOT/ozone-tools-1.4.0-SNAPSHOT.jar:/home/runner/.m2/repository/com/amazonaws/aws-java-sdk-core/1.12.261/aws-java-sdk-core-1.12.261.jar:/home/runner/.m2/repository/org/apache/httpcomponents/httpclient/4.5.13/httpclient-4.5.13.jar:/home/runner/.m2/repository/org/apache/httpcomponents/httpcore/4.4.13/httpcore-4.4.13.jar:/home/runner/.m2/repository/software/amazon/ion/ion-java/1.0.2/ion-java-1.0.2.jar:/home/runner/.m2/repository/com/fasterxml/jackson/dataformat/jackson-dataformat-cbor/2.13.4/jackson-dataformat-cbor-2.13.4.jar:/home/runner/.m2/repository/joda-time/joda-time/2.10.6/joda-time-2.10.6.jar:/home/runner/.m2/repository/com/amazonaws/aws-java-sdk-s3/1.12.261/aws-java-sdk-s3-1.12.261.jar:/home/runner/.m2/repository/com/amazonaws/aws-java-sdk-kms/1.12.261/aws-java-sdk-kms-1.12.261.jar:/home/runner/.m2/repository/com/amazonaws/jmespath-java/1.12.261/jmespath-java-1.12.261.jar:/home/runner/.m2/repository/org/kohsuke/metainf-services/metainf-services/1.8/metainf-services-1.8.jar:/home/runner/.m2/repository/org/apache/ozone/hdds-tools/1.4.0-SNAPSHOT/hdds-tools-1.4.0-SNAPSHOT.jar:/home/runner/.m2/repository/org/apache/ratis/ratis-tools/2.4.2-8b8bdda-SNAPSHOT/ratis-tools-2.4.2-8b8bdda-SNAPSHOT.jar:/home/runner/.m2/repository/org/apache/ratis/ratis-proto/2.4.2-8b8bdda-SNAPSHOT/ratis-proto-2.4.2-8b8bdda-SNAPSHOT.jar:/home/runner/.m2/repository/org/apache/ratis/ratis-common/2.4.2-8b8bdda-SNAPSHOT/ratis-common-2.4.2-8b8bdda-SNAPSHOT.jar:/home/runner/.m2/repository/commons-cli/commons-cli/1.2/commons-cli-1.2.jar:/home/runner/.m2/repository/org/apache/commons/commons-lang3/3.7/commons-lang3-3.7.jar:/home/runner/.m2/repository/org/apache/ozone/ozone-manager/1.4.0-SNAPSHOT/ozone-manager-1.4.0-SNAPSHOT-tests.jar:/home/runner/.m2/repository/org/apache/ozone/hdds-common/1.4.0-SNAPSHOT/hdds-common-1.4.0-SNAPSHOT-tests.jar:/home/runner/.m2/repository/org/apache/ozone/hdds-hadoop-dependency-client/1.4.0-SNAPSHOT/hdds-hadoop-dependency-client-1.4.0-SNAPSHOT.jar:/home/runner/.m2/repository/info/picocli/picocli/4.6.1/picocli-4.6.1.jar:/home/runner/.m2/repository/com/fasterxml/jackson/core/jackson-annotations/2.13.4/jackson-annotations-2.13.4.jar:/home/runner/.m2/repository/com/fasterxml/jackson/datatype/jackson-datatype-jsr310/2.13.4/jackson-datatype-jsr310-2.13.4.jar:/home/runner/.m2/repository/org/apache/ozone/hdds-annotation-processing/1.4.0-SNAPSHOT/hdds-annotation-processing-1.4.0-SNAPSHOT.jar:/home/runner/.m2/repository/javax/annotation/javax.annotation-api/1.2/javax.annotation-api-1.2.jar:/home/runner/.m2/repository/org/apache/ratis/ratis-server/2.4.2-8b8bdda-SNAPSHOT/ratis-server-2.4.2-8b8bdda-SNAPSHOT.jar:/home/runner/.m2/repository/org/apache/ratis/ratis-client/2.4.2-8b8bdda-SNAPSHOT/ratis-client-2.4.2-8b8bdda-SNAPSHOT.jar:/home/runner/.m2/repository/org/apache/ratis/ratis-server-api/2.4.2-8b8bdda-SNAPSHOT/ratis-server-api-2.4.2-8b8bdda-SNAPSHOT.jar:/home/runner/.m2/repository/org/apache/ratis/ratis-metrics/2.4.2-8b8bdda-SNAPSHOT/ratis-metrics-2.4.2-8b8bdda-SNAPSHOT.jar:/home/runner/.m2/repository/org/apache/ratis/ratis-netty/2.4.2-8b8bdda-SNAPSHOT/ratis-netty-2.4.2-8b8bdda-SNAPSHOT.jar:/home/runner/.m2/repository/org/apache/ratis/ratis-grpc/2.4.2-8b8bdda-SNAPSHOT/ratis-grpc-2.4.2-8b8bdda-SNAPSHOT.jar:/home/runner/.m2/repository/org/apache/logging/log4j/log4j-api/2.17.1/log4j-api-2.17.1.jar:/home/runner/.m2/repository/org/apache/commons/commons-pool2/2.6.0/commons-pool2-2.6.0.jar:/home/runner/.m2/repository/org/bouncycastle/bcpkix-jdk15on/1.67/bcpkix-jdk15on-1.67.jar:/home/runner/.m2/repository/commons-validator/commons-validator/1.6/commons-validator-1.6.jar:/home/runner/.m2/repository/commons-beanutils/commons-beanutils/1.9.4/commons-beanutils-1.9.4.jar:/home/runner/.m2/repository/commons-digester/commons-digester/1.8.1/commons-digester-1.8.1.jar:/home/runner/.m2/repository/commons-collections/commons-collections/3.2.2/commons-collections-3.2.2.jar:/home/runner/.m2/repository/io/jaegertracing/jaeger-client/1.6.0/jaeger-client-1.6.0.jar:/home/runner/.m2/repository/io/jaegertracing/jaeger-thrift/1.6.0/jaeger-thrift-1.6.0.jar:/home/runner/.m2/repository/org/apache/thrift/libthrift/0.14.1/libthrift-0.14.1.jar:/home/runner/.m2/repository/io/jaegertracing/jaeger-core/1.6.0/jaeger-core-1.6.0.jar:/home/runner/.m2/repository/io/jaegertracing/jaeger-tracerresolver/1.6.0/jaeger-tracerresolver-1.6.0.jar:/home/runner/.m2/repository/io/opentracing/contrib/opentracing-tracerresolver/0.1.8/opentracing-tracerresolver-0.1.8.jar:/home/runner/.m2/repository/org/jetbrains/kotlin/kotlin-stdlib/1.6.21/kotlin-stdlib-1.6.21.jar:/home/runner/.m2/repository/org/jetbrains/annotations/13.0/annotations-13.0.jar:/home/runner/.m2/repository/io/opentracing/opentracing-util/0.33.0/opentracing-util-0.33.0.jar:/home/runner/.m2/repository/io/opentracing/opentracing-api/0.33.0/opentracing-api-0.33.0.jar:/home/runner/.m2/repository/io/opentracing/opentracing-noop/0.33.0/opentracing-noop-0.33.0.jar:/home/runner/.m2/repository/org/yaml/snakeyaml/1.33/snakeyaml-1.33.jar:/home/runner/.m2/repository/org/apache/ozone/hdds-interface-admin/1.4.0-SNAPSHOT/hdds-interface-admin-1.4.0-SNAPSHOT.jar:/home/runner/.m2/repository/junit/junit/4.13.1/junit-4.13.1.jar:/home/runner/.m2/repository/org/hamcrest/hamcrest-core/1.3/hamcrest-core-1.3.jar:/home/runner/.m2/repository/org/junit/jupiter/junit-jupiter-api/5.8.2/junit-jupiter-api-5.8.2.jar:/home/runner/.m2/repository/org/opentest4j/opentest4j/1.2.0/opentest4j-1.2.0.jar:/home/runner/.m2/repository/org/junit/platform/junit-platform-commons/1.8.2/junit-platform-commons-1.8.2.jar:/home/runner/.m2/repository/org/apiguardian/apiguardian-api/1.1.2/apiguardian-api-1.1.2.jar:/home/runner/.m2/repository/org/junit/jupiter/junit-jupiter-params/5.8.2/junit-jupiter-params-5.8.2.jar:/home/runner/.m2/repository/org/junit/jupiter/junit-jupiter-migrationsupport/5.8.2/junit-jupiter-migrationsupport-5.8.2.jar:/home/runner/.m2/repository/org/junit/jupiter/junit-jupiter-engine/5.8.2/junit-jupiter-engine-5.8.2.jar:/home/runner/.m2/repository/org/junit/platform/junit-platform-engine/1.8.2/junit-platform-engine-1.8.2.jar:/home/runner/.m2/repository/org/junit/vintage/junit-vintage-engine/5.8.2/junit-vintage-engine-5.8.2.jar:/home/runner/.m2/repository/org/junit/platform/junit-platform-launcher/1.8.2/junit-platform-launcher-1.8.2.jar:/home/runner/.m2/repository/org/mockito/mockito-core/2.28.2/mockito-core-2.28.2.jar:/home/runner/.m2/repository/net/bytebuddy/byte-buddy/1.9.10/byte-buddy-1.9.10.jar:/home/runner/.m2/repository/net/bytebuddy/byte-buddy-agent/1.9.10/byte-buddy-agent-1.9.10.jar:/home/runner/.m2/repository/org/objenesis/objenesis/1.0/objenesis-1.0.jar:/home/runner/.m2/repository/org/apache/hadoop/hadoop-kms/3.3.4/hadoop-kms-3.3.4.jar:/home/runner/.m2/repository/org/apache/hadoop/hadoop-auth/3.3.4/hadoop-auth-3.3.4.jar:/home/runner/.m2/repository/com/nimbusds/nimbus-jose-jwt/9.8.1/nimbus-jose-jwt-9.8.1.jar:/home/runner/.m2/repository/com/github/stephenc/jcip/jcip-annotations/1.0-1/jcip-annotations-1.0-1.jar:/home/runner/.m2/repository/net/minidev/json-smart/2.4.7/json-smart-2.4.7.jar:/home/runner/.m2/repository/net/minidev/accessors-smart/2.4.7/accessors-smart-2.4.7.jar:/home/runner/.m2/repository/org/ow2/asm/asm/5.0.4/asm-5.0.4.jar:/home/runner/.m2/repository/org/apache/zookeeper/zookeeper/3.5.6/zookeeper-3.5.6.jar:/home/runner/.m2/repository/org/apache/zookeeper/zookeeper-jute/3.5.6/zookeeper-jute-3.5.6.jar:/home/runner/.m2/repository/org/apache/yetus/audience-annotations/0.5.0/audience-annotations-0.5.0.jar:/home/runner/.m2/repository/org/apache/curator/curator-framework/4.2.0/curator-framework-4.2.0.jar:/home/runner/.m2/repository/org/apache/hadoop/thirdparty/hadoop-shaded-guava/1.1.1/hadoop-shaded-guava-1.1.1.jar:/home/runner/.m2/repository/com/sun/jersey/jersey-core/1.19/jersey-core-1.19.jar:/home/runner/.m2/repository/javax/ws/rs/jsr311-api/1.1.1/jsr311-api-1.1.1.jar:/home/runner/.m2/repository/com/sun/jersey/jersey-server/1.19/jersey-server-1.19.jar:/home/runner/.m2/repository/javax/servlet/javax.servlet-api/3.1.0/javax.servlet-api-3.1.0.jar:/home/runner/.m2/repository/org/eclipse/jetty/jetty-server/9.4.49.v20220914/jetty-server-9.4.49.v20220914.jar:/home/runner/.m2/repository/org/eclipse/jetty/jetty-http/9.4.49.v20220914/jetty-http-9.4.49.v20220914.jar:/home/runner/.m2/repository/org/eclipse/jetty/jetty-io/9.4.49.v20220914/jetty-io-9.4.49.v20220914.jar:/home/runner/.m2/repository/org/eclipse/jetty/jetty-webapp/9.4.49.v20220914/jetty-webapp-9.4.49.v20220914.jar:/home/runner/.m2/repository/org/eclipse/jetty/jetty-xml/9.4.49.v20220914/jetty-xml-9.4.49.v20220914.jar:/home/runner/.m2/repository/org/apache/hadoop/hadoop-common/3.3.4/hadoop-common-3.3.4.jar:/home/runner/.m2/repository/org/apache/commons/commons-math3/3.1.1/commons-math3-3.1.1.jar:/home/runner/.m2/repository/commons-net/commons-net/3.9.0/commons-net-3.9.0.jar:/home/runner/.m2/repository/com/sun/jersey/jersey-servlet/1.19/jersey-servlet-1.19.jar:/home/runner/.m2/repository/com/sun/jersey/jersey-json/1.19/jersey-json-1.19.jar:/home/runner/.m2/repository/org/codehaus/jettison/jettison/1.1/jettison-1.1.jar:/home/runner/.m2/repository/com/sun/xml/bind/jaxb-impl/2.2.3-1/jaxb-impl-2.2.3-1.jar:/home/runner/.m2/repository/org/codehaus/jackson/jackson-jaxrs/1.9.2/jackson-jaxrs-1.9.2.jar:/home/runner/.m2/repository/org/codehaus/jackson/jackson-xc/1.9.2/jackson-xc-1.9.2.jar:/home/runner/.m2/repository/com/google/re2j/re2j/1.1/re2j-1.1.jar:/home/runner/.m2/repository/com/jcraft/jsch/0.1.54/jsch-0.1.54.jar:/home/runner/.m2/repository/org/apache/curator/curator-client/4.2.0/curator-client-4.2.0.jar:/home/runner/.m2/repository/org/apache/curator/curator-recipes/4.2.0/curator-recipes-4.2.0.jar:/home/runner/.m2/repository/org/apache/kerby/kerb-core/1.0.1/kerb-core-1.0.1.jar:/home/runner/.m2/repository/org/apache/kerby/kerby-pkix/1.0.1/kerby-pkix-1.0.1.jar:/home/runner/.m2/repository/org/apache/kerby/kerby-asn1/1.0.1/kerby-asn1-1.0.1.jar:/home/runner/.m2/repository/org/apache/kerby/kerby-util/1.0.1/kerby-util-1.0.1.jar:/home/runner/.m2/repository/dnsjava/dnsjava/2.1.7/dnsjava-2.1.7.jar:/home/runner/.m2/repository/org/xerial/snappy/snappy-java/1.1.8.2/snappy-java-1.1.8.2.jar:/home/runner/.m2/repository/org/eclipse/jetty/jetty-util/9.4.49.v20220914/jetty-util-9.4.49.v20220914.jar:/home/runner/.m2/repository/com/fasterxml/jackson/core/jackson-databind/2.13.4.2/jackson-databind-2.13.4.2.jar:/home/runner/.m2/repository/org/apache/hadoop/hadoop-kms/3.3.4/hadoop-kms-3.3.4-tests.jar:/home/runner/.m2/repository/org/apache/ozone/hdds-server-scm/1.4.0-SNAPSHOT/hdds-server-scm-1.4.0-SNAPSHOT-tests.jar:/home/runner/.m2/repository/org/apache/ozone/hdds-container-service/1.4.0-SNAPSHOT/hdds-container-service-1.4.0-SNAPSHOT-tests.jar:/home/runner/.m2/repository/com/github/luben/zstd-jni/1.5.2-5/zstd-jni-1.5.2-5.jar:/home/runner/.m2/repository/commons-codec/commons-codec/1.15/commons-codec-1.15.jar:/home/runner/.m2/repository/io/netty/netty-codec/4.1.86.Final/netty-codec-4.1.86.Final.jar:/home/runner/.m2/repository/io/netty/netty-handler/4.1.86.Final/netty-handler-4.1.86.Final.jar:/home/runner/.m2/repository/org/apache/ozone/hdds-hadoop-dependency-test/1.4.0-SNAPSHOT/hdds-hadoop-dependency-test-1.4.0-SNAPSHOT.jar:/home/runner/.m2/repository/org/apache/hadoop/hadoop-common/3.3.4/hadoop-common-3.3.4-tests.jar:/home/runner/.m2/repository/org/apache/hadoop/hadoop-hdfs/3.3.4/hadoop-hdfs-3.3.4-tests.jar:/home/runner/.m2/repository/org/assertj/assertj-core/3.12.2/assertj-core-3.12.2.jar:/home/runner/.m2/repository/org/apache/hadoop/hadoop-distcp/3.3.4/hadoop-distcp-3.3.4.jar:/home/runner/.m2/repository/org/apache/hadoop/hadoop-mapreduce-client-jobclient/3.3.4/hadoop-mapreduce-client-jobclient-3.3.4.jar:/home/runner/.m2/repository/org/apache/hadoop/hadoop-mapreduce-client-common/3.3.4/hadoop-mapreduce-client-common-3.3.4.jar:/home/runner/.m2/repository/org/apache/hadoop/hadoop-yarn-common/3.3.4/hadoop-yarn-common-3.3.4.jar:/home/runner/.m2/repository/org/apache/hadoop/hadoop-yarn-api/3.3.4/hadoop-yarn-api-3.3.4.jar:/home/runner/.m2/repository/com/sun/jersey/contribs/jersey-guice/1.19/jersey-guice-1.19.jar:/home/runner/.m2/repository/com/fasterxml/jackson/jaxrs/jackson-jaxrs-json-provider/2.13.4/jackson-jaxrs-json-provider-2.13.4.jar:/home/runner/.m2/repository/com/fasterxml/jackson/jaxrs/jackson-jaxrs-base/2.13.4/jackson-jaxrs-base-2.13.4.jar:/home/runner/.m2/repository/org/apache/hadoop/hadoop-yarn-client/3.3.4/hadoop-yarn-client-3.3.4.jar:/home/runner/.m2/repository/org/eclipse/jetty/websocket/websocket-client/9.4.43.v20210629/websocket-client-9.4.43.v20210629.jar:/home/runner/.m2/repository/org/eclipse/jetty/websocket/websocket-common/9.4.43.v20210629/websocket-common-9.4.43.v20210629.jar:/home/runner/.m2/repository/org/eclipse/jetty/websocket/websocket-api/9.4.43.v20210629/websocket-api-9.4.43.v20210629.jar:/home/runner/.m2/repository/org/jline/jline/3.9.0/jline-3.9.0.jar:/home/runner/.m2/repository/org/apache/hadoop/hadoop-mapreduce-client-core/3.3.4/hadoop-mapreduce-client-core-3.3.4.jar:/home/runner/.m2/repository/org/apache/avro/avro/1.7.7/avro-1.7.7.jar:/home/runner/.m2/repository/org/codehaus/jackson/jackson-core-asl/1.9.13/jackson-core-asl-1.9.13.jar:/home/runner/.m2/repository/org/codehaus/jackson/jackson-mapper-asl/1.9.13/jackson-mapper-asl-1.9.13.jar:/home/runner/.m2/repository/com/thoughtworks/paranamer/paranamer/2.3/paranamer-2.3.jar:/home/runner/.m2/repository/org/apache/hadoop/hadoop-annotations/3.3.4/hadoop-annotations-3.3.4.jar:/usr/lib/jvm/temurin-8-jdk-amd64/jre/../lib/tools.jar:/home/runner/.m2/repository/io/netty/netty/3.10.6.Final/netty-3.10.6.Final.jar:/home/runner/.m2/repository/org/apache/hadoop/hadoop-distcp/3.3.4/hadoop-distcp-3.3.4-tests.jar:/home/runner/.m2/repository/org/slf4j/jul-to-slf4j/1.7.36/jul-to-slf4j-1.7.36.jar:"/>
    <property name="sun.cpu.endian" value="little"/>
    <property name="user.home" value="/home/runner"/>
    <property name="user.language" value="en"/>
    <property name="java.specification.vendor" value="Oracle Corporation"/>
    <property name="java.home" value="/usr/lib/jvm/temurin-8-jdk-amd64/jre"/>
    <property name="java.security.krb5.conf" value="/home/runner/work/ozone/ozone/hadoop-ozone/integration-test/target/test-classes/krb5.conf"/>
    <property name="basedir" value="/home/runner/work/ozone/ozone/hadoop-ozone/integration-test"/>
    <property name="file.separator" value="/"/>
    <property name="line.separator" value="&#10;"/>
    <property name="java.vm.specification.vendor" value="Oracle Corporation"/>
    <property name="java.specification.name" value="Java Platform API Specification"/>
    <property name="java.awt.graphicsenv" value="sun.awt.X11GraphicsEnvironment"/>
    <property name="skip.installnpx" value="true"/>
    <property name="surefire.real.class.path" value="/home/runner/work/ozone/ozone/hadoop-ozone/integration-test/target/surefire/surefirebooter9045464686321787001.jar:/home/runner/.m2/repository/org/jacoco/org.jacoco.agent/0.8.5/org.jacoco.agent-0.8.5-runtime.jar"/>
    <property name="hadoop.log.dir" value="/home/runner/work/ozone/ozone/hadoop-ozone/integration-test/target/log"/>
    <property name="sun.boot.class.path" value="/usr/lib/jvm/temurin-8-jdk-amd64/jre/lib/resources.jar:/usr/lib/jvm/temurin-8-jdk-amd64/jre/lib/rt.jar:/usr/lib/jvm/temurin-8-jdk-amd64/jre/lib/sunrsasign.jar:/usr/lib/jvm/temurin-8-jdk-amd64/jre/lib/jsse.jar:/usr/lib/jvm/temurin-8-jdk-amd64/jre/lib/jce.jar:/usr/lib/jvm/temurin-8-jdk-amd64/jre/lib/charsets.jar:/usr/lib/jvm/temurin-8-jdk-amd64/jre/lib/jfr.jar:/usr/lib/jvm/temurin-8-jdk-amd64/jre/classes"/>
    <property name="sun.management.compiler" value="HotSpot 64-Bit Tiered Compilers"/>
    <property name="skip.npx" value="true"/>
    <property name="java.runtime.version" value="1.8.0_362-b09"/>
    <property name="java.net.preferIPv4Stack" value="true"/>
    <property name="user.name" value="runner"/>
    <property name="path.separator" value=":"/>
    <property name="java.security.egd" value="file:///dev/urandom"/>
    <property name="os.version" value="5.15.0-1033-azure"/>
    <property name="java.endorsed.dirs" value="/usr/lib/jvm/temurin-8-jdk-amd64/jre/lib/endorsed"/>
    <property name="java.runtime.name" value="OpenJDK Runtime Environment"/>
    <property name="file.encoding" value="UTF-8"/>
    <property name="java.vm.name" value="OpenJDK 64-Bit Server VM"/>
    <property name="test.build.webapps" value=""/>
    <property name="localRepository" value="/home/runner/.m2/repository"/>
    <property name="jetty.git.hash" value="4231a3b2e4cb8548a412a789936d640a97b1aa0a"/>
    <property name="java.vendor.url.bug" value="https://github.com/adoptium/adoptium-support/issues"/>
    <property name="java.io.tmpdir" value="/tmp"/>
    <property name="require.test.libhadoop" value=""/>
    <property name="java.version" value="1.8.0_362"/>
    <property name="user.dir" value="/home/runner/work/ozone/ozone/hadoop-ozone/integration-test"/>
    <property name="os.arch" value="amd64"/>
    <property name="java.vm.specification.name" value="Java Virtual Machine Specification"/>
    <property name="test.build.classes" value="/home/runner/work/ozone/ozone/hadoop-ozone/integration-test/target/test-classes"/>
    <property name="java.awt.printerjob" value="sun.print.PSPrinterJob"/>
    <property name="sun.os.patch.level" value="unknown"/>
    <property name="org.apache.ratis.thirdparty.io.netty.allocator.useCacheForAllThreads" value="false"/>
    <property name="hadoop.tmp.dir" value="/home/runner/work/ozone/ozone/hadoop-ozone/integration-test/target/tmp"/>
    <property name="java.library.path" value="/usr/java/packages/lib/amd64:/usr/lib64:/lib64:/lib:/usr/lib"/>
    <property name="java.vm.info" value="mixed mode"/>
    <property name="java.vendor" value="Temurin"/>
    <property name="java.vm.version" value="25.362-b09"/>
    <property name="java.specification.maintenance.version" value="4"/>
    <property name="java.ext.dirs" value="/usr/lib/jvm/temurin-8-jdk-amd64/jre/lib/ext:/usr/java/packages/lib/ext"/>
    <property name="sun.io.unicode.encoding" value="UnicodeLittle"/>
    <property name="java.class.version" value="52.0"/>
  </properties>
  <testcase name="testCreateSnapshotMissingMandatoryParams" classname="TestOmSnapshot" time="25.109">
    <system-out><![CDATA[2023-02-28 20:08:12,678 [main] WARN  server.ServerUtils (ServerUtils.java:getScmDbDir(148)) - ozone.scm.db.dirs is not configured. We recommend adding this setting. Falling back to ozone.metadata.dirs instead.
2023-02-28 20:08:12,765 [main] WARN  server.ServerUtils (ServerUtils.java:getScmDbDir(148)) - ozone.scm.db.dirs is not configured. We recommend adding this setting. Falling back to ozone.metadata.dirs instead.
2023-02-28 20:08:12,768 [main] INFO  ha.SCMHANodeDetails (SCMHANodeDetails.java:loadSCMHAConfig(209)) - ServiceID for StorageContainerManager is null
2023-02-28 20:08:12,778 [main] WARN  ha.SCMHANodeDetails (SCMHANodeDetails.java:validateSCMHAConfig(182)) - Invalid config ozone.scm.ratis.enable. The config was not specified, but the default value true conflicts with the expected config value false. Falling back to the expected value. Current State of SCM: SCM is running in Non-HA without Ratis Ratis SCM -> Non Ratis SCM or Non HA SCM -> HA SCM is not supported
2023-02-28 20:08:12,778 [main] INFO  ha.SCMHANodeDetails (SCMHANodeDetails.java:loadSCMHAConfig(214)) - ozone.scm.default.service.id is not defined, falling back to ozone.scm.service.ids to find serviceID for StorageContainerManager if it is HA enabled cluster
2023-02-28 20:08:13,276 [main] WARN  utils.HAUtils (HAUtils.java:getMetaDir(342)) - ozone.scm.db.dirs is not configured. We recommend adding this setting. Falling back to ozone.metadata.dirs instead.
2023-02-28 20:08:13,480 [main] WARN  db.DBStoreBuilder (DBStoreBuilder.java:applyDBDefinition(172)) - ozone.scm.db.dirs is not configured. We recommend adding this setting. Falling back to ozone.metadata.dirs instead.
2023-02-28 20:08:13,679 [main] INFO  net.NodeSchemaLoader (NodeSchemaLoader.java:loadSchemaFromFile(129)) - Loading schema from [jar:file:/home/runner/.m2/repository/org/apache/ozone/hdds-common/1.4.0-SNAPSHOT/hdds-common-1.4.0-SNAPSHOT.jar!/network-topology-default.xml]
2023-02-28 20:08:13,681 [main] INFO  net.NodeSchemaLoader (NodeSchemaLoader.java:loadSchema(176)) - Loading network topology layer schema file
2023-02-28 20:08:13,727 [main] INFO  metrics.MetricRegistries (MetricRegistriesLoader.java:load(64)) - Loaded MetricRegistries class org.apache.ratis.metrics.impl.MetricRegistriesImpl
2023-02-28 20:08:13,732 [main] INFO  upgrade.AbstractLayoutVersionManager (AbstractLayoutVersionManager.java:init(83)) - Initializing Layout version manager with metadata layout = DATANODE_SCHEMA_V3 (version = 4), software layout = DATANODE_SCHEMA_V3 (version = 4)
2023-02-28 20:08:13,980 [main] INFO  reflections.Reflections (Reflections.java:scan(232)) - Reflections took 163 ms to scan 7 urls, producing 151 keys and 364 values 
2023-02-28 20:08:14,093 [main] INFO  ha.SequenceIdGenerator (SequenceIdGenerator.java:upgradeToSequenceId(349)) - upgrade localId to 111677748019200000
2023-02-28 20:08:14,094 [main] INFO  ha.SequenceIdGenerator (SequenceIdGenerator.java:upgradeToSequenceId(359)) - upgrade delTxnId to 0
2023-02-28 20:08:14,102 [main] INFO  ha.SequenceIdGenerator (SequenceIdGenerator.java:upgradeToSequenceId(376)) - upgrade containerId to 0
2023-02-28 20:08:14,104 [main] INFO  ha.SequenceIdGenerator (SequenceIdGenerator.java:<init>(220)) - Init the HA SequenceIdGenerator.
2023-02-28 20:08:14,153 [main] WARN  server.ServerUtils (ServerUtils.java:sanitizeUserArgs(73)) - ozone.scm.stale.node.interval value = 300000 is larger than max = 100000 based on the key value of ozone.scm.heartbeat.thread.interval, reset to the max value 100000.
2023-02-28 20:08:14,153 [main] WARN  server.ServerUtils (ServerUtils.java:sanitizeUserArgs(73)) - ozone.scm.stale.node.interval value = 300000 is larger than max = 100000 based on the key value of ozone.scm.heartbeat.thread.interval, reset to the max value 100000.
2023-02-28 20:08:14,159 [main] INFO  node.SCMNodeManager (SCMNodeManager.java:<init>(149)) - Entering startup safe mode.
2023-02-28 20:08:14,243 [main] INFO  algorithms.ContainerPlacementPolicyFactory (ContainerPlacementPolicyFactory.java:getPolicyInternal(86)) - Create container placement policy of type org.apache.hadoop.hdds.scm.container.placement.algorithms.SCMContainerPlacementRandom
2023-02-28 20:08:14,246 [main] INFO  algorithms.ContainerPlacementPolicyFactory (ContainerPlacementPolicyFactory.java:getPolicyInternal(86)) - Create container placement policy of type org.apache.hadoop.hdds.scm.container.placement.algorithms.SCMContainerPlacementRackScatter
2023-02-28 20:08:14,254 [main] INFO  pipeline.PipelineStateManagerImpl (PipelineStateManagerImpl.java:initialize(78)) - No pipeline exists in current db
2023-02-28 20:08:14,285 [main] INFO  algorithms.LeaderChoosePolicyFactory (LeaderChoosePolicyFactory.java:getPolicy(57)) - Create leader choose policy of type org.apache.hadoop.hdds.scm.pipeline.leader.choose.algorithms.MinLeaderCountChoosePolicy
2023-02-28 20:08:14,285 [main] INFO  algorithms.ContainerPlacementPolicyFactory (ContainerPlacementPolicyFactory.java:getPolicyInternal(86)) - Create container placement policy of type org.apache.hadoop.hdds.scm.container.placement.algorithms.SCMContainerPlacementRackScatter
2023-02-28 20:08:14,292 [main] INFO  ha.SCMServiceManager (SCMServiceManager.java:register(42)) - Registering service BackgroundPipelineCreator.
2023-02-28 20:08:14,292 [main] INFO  pipeline.BackgroundPipelineCreator (BackgroundPipelineCreator.java:start(124)) - Starting RatisPipelineUtilsThread.
2023-02-28 20:08:14,296 [main] INFO  BackgroundPipelineScrubber (BackgroundSCMService.java:start(68)) - Starting BackgroundPipelineScrubber Service.
2023-02-28 20:08:14,297 [main] INFO  ha.SCMServiceManager (SCMServiceManager.java:register(42)) - Registering service BackgroundPipelineScrubber.
2023-02-28 20:08:14,304 [main] INFO  ExpiredContainerReplicaOpScrubber (BackgroundSCMService.java:start(68)) - Starting ExpiredContainerReplicaOpScrubber Service.
2023-02-28 20:08:14,304 [main] INFO  ha.SCMServiceManager (SCMServiceManager.java:register(42)) - Registering service ExpiredContainerReplicaOpScrubber.
2023-02-28 20:08:14,355 [main] INFO  algorithms.PipelineChoosePolicyFactory (PipelineChoosePolicyFactory.java:createPipelineChoosePolicyFromClass(73)) - Create pipeline choose policy of type org.apache.hadoop.hdds.scm.pipeline.choose.algorithms.RandomPipelineChoosePolicy
2023-02-28 20:08:14,374 [main] INFO  ha.SCMServiceManager (SCMServiceManager.java:register(42)) - Registering service SCMBlockDeletingService.
2023-02-28 20:08:14,429 [main] INFO  replication.ReplicationManager (ReplicationManager.java:start(266)) - Starting Replication Monitor Thread.
2023-02-28 20:08:14,437 [main] INFO  ha.SCMServiceManager (SCMServiceManager.java:register(42)) - Registering service ReplicationManager.
2023-02-28 20:08:14,442 [ReplicationMonitor] INFO  replication.ReplicationManager (ReplicationManager.java:processAll(341)) - Replication Manager is not ready to run until 3000ms after safemode exit
2023-02-28 20:08:14,452 [main] INFO  safemode.ContainerSafeModeRule (ContainerSafeModeRule.java:<init>(89)) - containers with one replica threshold count 0
2023-02-28 20:08:14,457 [main] INFO  safemode.HealthyPipelineSafeModeRule (HealthyPipelineSafeModeRule.java:initializeRule(169)) - Total pipeline count is 0, healthy pipeline threshold count is 1
2023-02-28 20:08:14,459 [main] INFO  safemode.OneReplicaPipelineSafeModeRule (OneReplicaPipelineSafeModeRule.java:initializeRule(180)) - Total pipeline count is 0, pipeline's with at least one datanode reported threshold count is 0
2023-02-28 20:08:14,757 [main] INFO  audit.AuditLogger (AuditLogger.java:refreshDebugCmdSet(126)) - Refresh DebugCmdSet for SCMAudit to [].
2023-02-28 20:08:14,787 [main] INFO  ipc.CallQueueManager (CallQueueManager.java:<init>(90)) - Using callQueue: class java.util.concurrent.LinkedBlockingQueue, queueCapacity: 2000, scheduler: class org.apache.hadoop.ipc.DefaultRpcScheduler, ipcBackoff: false.
2023-02-28 20:08:14,823 [Socket Reader #1 for port 0] INFO  ipc.Server (Server.java:run(1273)) - Starting Socket Reader #1 for port 0
2023-02-28 20:08:14,874 [Listener at 0.0.0.0/42901] INFO  audit.AuditLogger (AuditLogger.java:refreshDebugCmdSet(126)) - Refresh DebugCmdSet for SCMAudit to [].
2023-02-28 20:08:14,880 [Listener at 0.0.0.0/42901] INFO  ipc.CallQueueManager (CallQueueManager.java:<init>(90)) - Using callQueue: class java.util.concurrent.LinkedBlockingQueue, queueCapacity: 2000, scheduler: class org.apache.hadoop.ipc.DefaultRpcScheduler, ipcBackoff: false.
2023-02-28 20:08:14,881 [Socket Reader #1 for port 0] INFO  ipc.Server (Server.java:run(1273)) - Starting Socket Reader #1 for port 0
2023-02-28 20:08:14,920 [Listener at 0.0.0.0/40961] INFO  audit.AuditLogger (AuditLogger.java:refreshDebugCmdSet(126)) - Refresh DebugCmdSet for SCMAudit to [].
2023-02-28 20:08:14,930 [Listener at 0.0.0.0/40961] INFO  ipc.CallQueueManager (CallQueueManager.java:<init>(90)) - Using callQueue: class java.util.concurrent.LinkedBlockingQueue, queueCapacity: 2000, scheduler: class org.apache.hadoop.ipc.DefaultRpcScheduler, ipcBackoff: false.
2023-02-28 20:08:14,935 [Socket Reader #1 for port 0] INFO  ipc.Server (Server.java:run(1273)) - Starting Socket Reader #1 for port 0
2023-02-28 20:08:15,020 [Listener at 0.0.0.0/44205] INFO  ha.SCMServiceManager (SCMServiceManager.java:register(42)) - Registering service ContainerBalancer.
2023-02-28 20:08:15,021 [Listener at 0.0.0.0/44205] INFO  server.StorageContainerManager (StorageContainerManager.java:<init>(402)) - 
Container Balancer status:
Key                            Value
Running                        true
Container Balancer Configuration values:
Key                                                Value
Threshold                                          10
Max Datanodes to Involve per Iteration(percent)    20
Max Size to Move per Iteration                     500GB
Max Size Entering Target per Iteration             26GB
Max Size Leaving Source per Iteration              26GB

2023-02-28 20:08:15,021 [Listener at 0.0.0.0/44205] INFO  ha.SCMContext (SCMContext.java:updateSafeModeStatus(228)) - Update SafeModeStatus from SafeModeStatus{safeModeStatus=true, preCheckPassed=false} to SafeModeStatus{safeModeStatus=true, preCheckPassed=false}.
2023-02-28 20:08:15,034 [Listener at 0.0.0.0/44205] INFO  server.StorageContainerManager (StorageContainerManager.java:start(1436)) - StorageContainerLocationProtocol RPC server is listening at /0.0.0.0:44205
2023-02-28 20:08:15,104 [Listener at 0.0.0.0/44205] WARN  impl.MetricsConfig (MetricsConfig.java:loadFirst(136)) - Cannot locate configuration: tried hadoop-metrics2-storagecontainermanager.properties,hadoop-metrics2.properties
2023-02-28 20:08:15,116 [Listener at 0.0.0.0/44205] INFO  impl.MetricsSystemImpl (MetricsSystemImpl.java:startTimer(378)) - Scheduled Metric snapshot period at 10 second(s).
2023-02-28 20:08:15,117 [Listener at 0.0.0.0/44205] INFO  impl.MetricsSystemImpl (MetricsSystemImpl.java:start(191)) - StorageContainerManager metrics system started
2023-02-28 20:08:15,361 [Listener at 0.0.0.0/44205] INFO  server.SCMClientProtocolServer (SCMClientProtocolServer.java:start(176)) - RPC server for Client  is listening at /0.0.0.0:44205
2023-02-28 20:08:15,361 [IPC Server Responder] INFO  ipc.Server (Server.java:run(1512)) - IPC Server Responder: starting
2023-02-28 20:08:15,362 [IPC Server listener on 0] INFO  ipc.Server (Server.java:run(1352)) - IPC Server listener on 0: starting
2023-02-28 20:08:15,368 [Listener at 0.0.0.0/44205] INFO  server.StorageContainerManager (StorageContainerManager.java:start(1450)) - ScmBlockLocationProtocol RPC server is listening at /0.0.0.0:40961
2023-02-28 20:08:15,368 [Listener at 0.0.0.0/44205] INFO  server.SCMBlockProtocolServer (SCMBlockProtocolServer.java:start(152)) - RPC server for Block Protocol is listening at /0.0.0.0:40961
2023-02-28 20:08:15,369 [IPC Server Responder] INFO  ipc.Server (Server.java:run(1512)) - IPC Server Responder: starting
2023-02-28 20:08:15,369 [IPC Server listener on 0] INFO  ipc.Server (Server.java:run(1352)) - IPC Server listener on 0: starting
2023-02-28 20:08:15,374 [Listener at 0.0.0.0/44205] INFO  server.SCMDatanodeProtocolServer (SCMDatanodeProtocolServer.java:start(193)) - ScmDatanodeProtocol RPC server for DataNodes is listening at /0.0.0.0:42901
2023-02-28 20:08:15,375 [IPC Server Responder] INFO  ipc.Server (Server.java:run(1512)) - IPC Server Responder: starting
2023-02-28 20:08:15,375 [IPC Server listener on 0] INFO  ipc.Server (Server.java:run(1352)) - IPC Server listener on 0: starting
2023-02-28 20:08:15,400 [org.apache.hadoop.util.JvmPauseMonitor$Monitor@1c000c2f] INFO  util.JvmPauseMonitor (JvmPauseMonitor.java:run(188)) - Starting JVM pause monitor
2023-02-28 20:08:15,410 [Listener at 0.0.0.0/44205] INFO  http.BaseHttpServer (BaseHttpServer.java:newHttpServer2BuilderForOzone(213)) - Starting Web-server for scm at: http://0.0.0.0:0
2023-02-28 20:08:15,411 [Listener at 0.0.0.0/44205] INFO  http.BaseHttpServer (BaseHttpServer.java:<init>(108)) - Hadoop Security Enabled: false Ozone Security Enabled: false Ozone HTTP Security Enabled: false 
2023-02-28 20:08:15,439 [Listener at 0.0.0.0/44205] INFO  util.log (Log.java:initialized(170)) - Logging initialized @4123ms to org.eclipse.jetty.util.log.Slf4jLog
2023-02-28 20:08:15,541 [Listener at 0.0.0.0/44205] WARN  server.AuthenticationFilter (AuthenticationFilter.java:constructSecretProvider(240)) - Unable to initialize FileSignerSecretProvider, falling back to use random secrets. Reason: Could not read signature secret file: /home/runner/hadoop-http-auth-signature-secret
2023-02-28 20:08:15,547 [Listener at 0.0.0.0/44205] WARN  http.HttpRequestLog (HttpRequestLog.java:getRequestLog(103)) - Jetty request log can only be enabled using Log4j
2023-02-28 20:08:15,555 [Listener at 0.0.0.0/44205] INFO  http.HttpServer2 (HttpServer2.java:addGlobalFilter(1031)) - Added global filter 'safety' (class=org.apache.hadoop.hdds.server.http.HttpServer2$QuotingInputFilter)
2023-02-28 20:08:15,558 [Listener at 0.0.0.0/44205] INFO  http.HttpServer2 (HttpServer2.java:addFilter(1007)) - Added filter static_user_filter (class=org.apache.hadoop.http.lib.StaticUserWebFilter$StaticUserFilter) to context scm
2023-02-28 20:08:15,559 [Listener at 0.0.0.0/44205] INFO  http.HttpServer2 (HttpServer2.java:addFilter(1015)) - Added filter static_user_filter (class=org.apache.hadoop.http.lib.StaticUserWebFilter$StaticUserFilter) to context logs
2023-02-28 20:08:15,559 [Listener at 0.0.0.0/44205] INFO  http.HttpServer2 (HttpServer2.java:addFilter(1015)) - Added filter static_user_filter (class=org.apache.hadoop.http.lib.StaticUserWebFilter$StaticUserFilter) to context static
2023-02-28 20:08:15,601 [Listener at 0.0.0.0/44205] INFO  http.HttpServer2 (HttpServer2.java:bindListener(1250)) - Jetty bound to port 46641
2023-02-28 20:08:15,602 [Listener at 0.0.0.0/44205] INFO  server.Server (Server.java:doStart(375)) - jetty-9.4.49.v20220914; built: 2022-09-14T01:07:36.601Z; git: 4231a3b2e4cb8548a412a789936d640a97b1aa0a; jvm 1.8.0_362-b09
2023-02-28 20:08:15,661 [Listener at 0.0.0.0/44205] INFO  server.session (DefaultSessionIdManager.java:doStart(334)) - DefaultSessionIdManager workerName=node0
2023-02-28 20:08:15,661 [Listener at 0.0.0.0/44205] INFO  server.session (DefaultSessionIdManager.java:doStart(339)) - No SessionScavenger set, using defaults
2023-02-28 20:08:15,663 [Listener at 0.0.0.0/44205] INFO  server.session (HouseKeeper.java:startScavenging(132)) - node0 Scavenging every 660000ms
2023-02-28 20:08:15,691 [Listener at 0.0.0.0/44205] INFO  handler.ContextHandler (ContextHandler.java:doStart(921)) - Started o.e.j.s.ServletContextHandler@61c42e54{logs,/logs,file:///home/runner/work/ozone/ozone/hadoop-ozone/integration-test/target/log,AVAILABLE}
2023-02-28 20:08:15,692 [Listener at 0.0.0.0/44205] INFO  handler.ContextHandler (ContextHandler.java:doStart(921)) - Started o.e.j.s.ServletContextHandler@7da40bf4{static,/static,file:///home/runner/work/ozone/ozone/hadoop-ozone/integration-test/target/test-classes/webapps/static,AVAILABLE}
2023-02-28 20:08:15,747 [Listener at 0.0.0.0/44205] INFO  handler.ContextHandler (ContextHandler.java:doStart(921)) - Started o.e.j.w.WebAppContext@3d6c7152{scm,/,file:///home/runner/work/ozone/ozone/hadoop-ozone/integration-test/target/test-classes/webapps/scm/,AVAILABLE}{file:/home/runner/work/ozone/ozone/hadoop-ozone/integration-test/target/test-classes/webapps/scm}
2023-02-28 20:08:15,760 [Listener at 0.0.0.0/44205] INFO  server.AbstractConnector (AbstractConnector.java:doStart(333)) - Started ServerConnector@7db63a01{HTTP/1.1, (http/1.1)}{0.0.0.0:46641}
2023-02-28 20:08:15,761 [Listener at 0.0.0.0/44205] INFO  server.Server (Server.java:doStart(415)) - Started @4445ms
2023-02-28 20:08:15,766 [Listener at 0.0.0.0/44205] INFO  impl.MetricsSinkAdapter (MetricsSinkAdapter.java:start(204)) - Sink prometheus started
2023-02-28 20:08:15,766 [Listener at 0.0.0.0/44205] INFO  impl.MetricsSystemImpl (MetricsSystemImpl.java:registerSink(305)) - Registered sink prometheus
2023-02-28 20:08:15,768 [Listener at 0.0.0.0/44205] INFO  http.BaseHttpServer (BaseHttpServer.java:updateConnectorAddress(333)) - HTTP server of scm listening at http://0.0.0.0:46641
2023-02-28 20:08:15,829 [Listener at 0.0.0.0/44205] INFO  audit.AuditLogger (AuditLogger.java:refreshDebugCmdSet(126)) - Refresh DebugCmdSet for OMAudit to [].
2023-02-28 20:08:15,905 [Listener at 0.0.0.0/44205] INFO  ha.OMHANodeDetails (OMHANodeDetails.java:loadOMHAConfig(121)) - ServiceID for OzoneManager is om-service-test1
2023-02-28 20:08:15,912 [Listener at 0.0.0.0/44205] INFO  ha.OMHANodeDetails (OMHANodeDetails.java:loadOMHAConfig(201)) - Found matching OM address with OMServiceId: om-service-test1, OMNodeId: omNode-1, RPC Address: localhost:39621 and Ratis port: 43039
2023-02-28 20:08:15,912 [Listener at 0.0.0.0/44205] INFO  ha.OMHANodeDetails (ConfUtils.java:setNodeSpecificConfigs(97)) - Setting configuration key ozone.om.http-address with value of key ozone.om.http-address.om-service-test1.omNode-1: 127.0.0.1:39733
2023-02-28 20:08:15,913 [Listener at 0.0.0.0/44205] INFO  ha.OMHANodeDetails (ConfUtils.java:setNodeSpecificConfigs(97)) - Setting configuration key ozone.om.https-address with value of key ozone.om.https-address.om-service-test1.omNode-1: 127.0.0.1:36887
2023-02-28 20:08:15,914 [Listener at 0.0.0.0/44205] INFO  ha.OMHANodeDetails (ConfUtils.java:setNodeSpecificConfigs(97)) - Setting configuration key ozone.om.address with value of key ozone.om.address.om-service-test1.omNode-1: 127.0.0.1:39621
2023-02-28 20:08:15,915 [Listener at 0.0.0.0/44205] WARN  server.ServerUtils (ServerUtils.java:getDBPath(225)) - ozone.om.db.dirs is not configured. We recommend adding this setting. Falling back to ozone.metadata.dirs instead.
2023-02-28 20:08:15,928 [Listener at 0.0.0.0/44205] INFO  proxy.SCMBlockLocationFailoverProxyProvider (SCMBlockLocationFailoverProxyProvider.java:<init>(114)) - Created block location fail-over proxy with 1 nodes: [nodeId=scmNodeId,nodeAddress=/0.0.0.0:40961]
OM initialization succeeded.Current cluster id for sd=/home/runner/work/ozone/ozone/hadoop-ozone/integration-test/target/test-dir/MiniOzoneClusterImpl-e7d671b1-06ed-40aa-a52b-2678dd5bab1b/omNode-1/om;cid=e7d671b1-06ed-40aa-a52b-2678dd5bab1b;layoutVersion=3
2023-02-28 20:08:16,159 [Listener at 0.0.0.0/44205] INFO  ha.OMHANodeDetails (OMHANodeDetails.java:loadOMHAConfig(121)) - ServiceID for OzoneManager is om-service-test1
2023-02-28 20:08:16,160 [Listener at 0.0.0.0/44205] INFO  ha.OMHANodeDetails (OMHANodeDetails.java:loadOMHAConfig(201)) - Found matching OM address with OMServiceId: om-service-test1, OMNodeId: omNode-1, RPC Address: localhost:39621 and Ratis port: 43039
2023-02-28 20:08:16,160 [Listener at 0.0.0.0/44205] INFO  ha.OMHANodeDetails (ConfUtils.java:setNodeSpecificConfigs(97)) - Setting configuration key ozone.om.http-address with value of key ozone.om.http-address.om-service-test1.omNode-1: 127.0.0.1:39733
2023-02-28 20:08:16,161 [Listener at 0.0.0.0/44205] INFO  ha.OMHANodeDetails (ConfUtils.java:setNodeSpecificConfigs(97)) - Setting configuration key ozone.om.https-address with value of key ozone.om.https-address.om-service-test1.omNode-1: 127.0.0.1:36887
2023-02-28 20:08:16,161 [Listener at 0.0.0.0/44205] INFO  ha.OMHANodeDetails (ConfUtils.java:setNodeSpecificConfigs(97)) - Setting configuration key ozone.om.address with value of key ozone.om.address.om-service-test1.omNode-1: 127.0.0.1:39621
2023-02-28 20:08:16,161 [Listener at 0.0.0.0/44205] WARN  server.ServerUtils (ServerUtils.java:getDBPath(225)) - ozone.om.db.dirs is not configured. We recommend adding this setting. Falling back to ozone.metadata.dirs instead.
2023-02-28 20:08:16,164 [Listener at 0.0.0.0/44205] INFO  upgrade.AbstractLayoutVersionManager (AbstractLayoutVersionManager.java:init(83)) - Initializing Layout version manager with metadata layout = MULTITENANCY_SCHEMA (version = 3), software layout = MULTITENANCY_SCHEMA (version = 3)
2023-02-28 20:08:16,247 [Listener at 0.0.0.0/44205] INFO  reflections.Reflections (Reflections.java:scan(232)) - Reflections took 79 ms to scan 2 urls, producing 167 keys and 459 values [using 2 cores]
2023-02-28 20:08:16,253 [Listener at 0.0.0.0/44205] INFO  upgrade.OMLayoutVersionManager (OMLayoutVersionManager.java:lambda$0(115)) - Skipping Upgrade Action MockOmUpgradeAction since it has been finalized.
2023-02-28 20:08:16,254 [Listener at 0.0.0.0/44205] WARN  server.ServerUtils (ServerUtils.java:getDBPath(225)) - ozone.om.db.dirs is not configured. We recommend adding this setting. Falling back to ozone.metadata.dirs instead.
2023-02-28 20:08:16,423 [Listener at 0.0.0.0/44205] INFO  proxy.SCMBlockLocationFailoverProxyProvider (SCMBlockLocationFailoverProxyProvider.java:<init>(114)) - Created block location fail-over proxy with 1 nodes: [nodeId=scmNodeId,nodeAddress=/0.0.0.0:40961]
2023-02-28 20:08:16,433 [Listener at 0.0.0.0/44205] INFO  proxy.SCMBlockLocationFailoverProxyProvider (SCMBlockLocationFailoverProxyProvider.java:<init>(114)) - Created block location fail-over proxy with 1 nodes: [nodeId=scmNodeId,nodeAddress=/0.0.0.0:40961]
2023-02-28 20:08:16,455 [Listener at 0.0.0.0/44205] INFO  om.OzoneManager (OzoneManager.java:<init>(618)) - OM start with adminUsers: [runner]
2023-02-28 20:08:16,466 [Listener at 0.0.0.0/44205] WARN  server.ServerUtils (ServerUtils.java:getDBPath(225)) - ozone.om.db.dirs is not configured. We recommend adding this setting. Falling back to ozone.metadata.dirs instead.
2023-02-28 20:08:16,472 [Listener at 0.0.0.0/44205] INFO  codec.OmKeyInfoCodec (OmKeyInfoCodec.java:<init>(49)) - OmKeyInfoCodec ignorePipeline = true
2023-02-28 20:08:16,473 [Listener at 0.0.0.0/44205] INFO  codec.RepeatedOmKeyInfoCodec (RepeatedOmKeyInfoCodec.java:<init>(41)) - RepeatedOmKeyInfoCodec ignorePipeline = true
2023-02-28 20:08:16,670 [Listener at 0.0.0.0/44205] INFO  om.OzoneManager (OzoneManager.java:instantiateServices(748)) - S3 Multi-Tenancy is disabled
2023-02-28 20:08:16,697 [Listener at 0.0.0.0/44205] WARN  server.ServerUtils (ServerUtils.java:getDBPath(225)) - ozone.om.snapshot.diff.db.dir is not configured. We recommend adding this setting. Falling back to ozone.metadata.dirs instead.
2023-02-28 20:08:16,770 [Listener at 0.0.0.0/44205] INFO  om.OzoneManager (OzoneManager.java:addS3GVolumeToDB(4215)) - Created Volume s3v With Owner runner required for S3Gateway operations.
2023-02-28 20:08:16,827 [Listener at 0.0.0.0/44205] WARN  server.ServerUtils (ServerUtils.java:getDefaultRatisDirectory(237)) - Storage directory for Ratis is not configured. It is a good idea to map this to an SSD disk. Falling back to ozone.metadata.dirs
2023-02-28 20:08:16,827 [Listener at 0.0.0.0/44205] WARN  utils.OzoneManagerRatisUtils (OzoneManagerRatisUtils.java:getOMRatisSnapshotDirectory(436)) - ozone.om.ratis.snapshot.dir is not configured. Falling back to ozone.metadata.dirs config
2023-02-28 20:08:16,837 [Listener at 0.0.0.0/44205] INFO  snapshot.OzoneManagerSnapshotProvider (OzoneManagerSnapshotProvider.java:<init>(76)) - Initializing OM Snapshot Provider
2023-02-28 20:08:16,931 [Listener at 0.0.0.0/44205] WARN  server.ServerUtils (ServerUtils.java:getDefaultRatisDirectory(237)) - Storage directory for Ratis is not configured. It is a good idea to map this to an SSD disk. Falling back to ozone.metadata.dirs
2023-02-28 20:08:16,962 [Listener at 0.0.0.0/44205] INFO  ratis.OzoneManagerRatisServer (OzoneManagerRatisServer.java:<init>(164)) - Instantiating OM Ratis server with groupID: om-service-test1 and peers: localhost:43039, localhost:33341, localhost:33233
2023-02-28 20:08:16,971 [Listener at 0.0.0.0/44205] INFO  ratis.OzoneManagerStateMachine (OzoneManagerStateMachine.java:loadSnapshotInfoFromDB(636)) - LastAppliedIndex is set from TransactionInfo from OM DB as (t:0, i:~)
2023-02-28 20:08:17,020 [Listener at 0.0.0.0/44205] INFO  server.RaftServer (ConfUtils.java:logGet(46)) - raft.rpc.type = GRPC (default)
2023-02-28 20:08:17,091 [Listener at 0.0.0.0/44205] INFO  grpc.GrpcConfigKeys (ConfUtils.java:logFallback(53)) - raft.grpc.admin.host = null (fallback to raft.grpc.server.host)
2023-02-28 20:08:17,093 [Listener at 0.0.0.0/44205] INFO  grpc.GrpcConfigKeys (ConfUtils.java:logFallback(53)) - raft.grpc.admin.port = 43039 (fallback to raft.grpc.server.port)
2023-02-28 20:08:17,094 [Listener at 0.0.0.0/44205] INFO  grpc.GrpcConfigKeys (ConfUtils.java:logFallback(53)) - raft.grpc.client.host = null (fallback to raft.grpc.server.host)
2023-02-28 20:08:17,094 [Listener at 0.0.0.0/44205] INFO  grpc.GrpcConfigKeys (ConfUtils.java:logFallback(53)) - raft.grpc.client.port = 43039 (fallback to raft.grpc.server.port)
2023-02-28 20:08:17,094 [Listener at 0.0.0.0/44205] INFO  grpc.GrpcConfigKeys (ConfUtils.java:logGet(46)) - raft.grpc.server.host = null (default)
2023-02-28 20:08:17,095 [Listener at 0.0.0.0/44205] INFO  grpc.GrpcConfigKeys (ConfUtils.java:logGet(46)) - raft.grpc.server.port = 43039 (custom)
2023-02-28 20:08:17,095 [Listener at 0.0.0.0/44205] INFO  server.GrpcService (ConfUtils.java:logGet(46)) - raft.grpc.message.size.max = 33554432 (custom)
2023-02-28 20:08:17,097 [Listener at 0.0.0.0/44205] INFO  server.RaftServerConfigKeys (ConfUtils.java:logGet(46)) - raft.server.log.appender.buffer.byte-limit = 33554432 (custom)
2023-02-28 20:08:17,097 [Listener at 0.0.0.0/44205] INFO  server.GrpcService (ConfUtils.java:logGet(46)) - raft.grpc.flow.control.window = 1MB (=1048576) (default)
2023-02-28 20:08:17,098 [Listener at 0.0.0.0/44205] INFO  server.RaftServerConfigKeys (ConfUtils.java:logGet(46)) - raft.server.rpc.request.timeout = 3000ms (default)
2023-02-28 20:08:17,109 [Listener at 0.0.0.0/44205] INFO  grpc.GrpcConfigKeys (ConfUtils.java:logGet(46)) - raft.grpc.server.heartbeat.channel = true (default)
2023-02-28 20:08:17,112 [Listener at 0.0.0.0/44205] INFO  grpc.GrpcConfigKeys (ConfUtils.java:logGet(46)) - raft.grpc.server.async.request.thread.pool.cached = true (default)
2023-02-28 20:08:17,112 [Listener at 0.0.0.0/44205] INFO  grpc.GrpcConfigKeys (ConfUtils.java:logGet(46)) - raft.grpc.server.async.request.thread.pool.size = 32 (default)
2023-02-28 20:08:17,328 [Listener at 0.0.0.0/44205] INFO  impl.DataStreamServerImpl (ConfUtils.java:logGet(46)) - raft.datastream.type = DISABLED (default)
2023-02-28 20:08:17,331 [Listener at 0.0.0.0/44205] INFO  server.RaftServerConfigKeys (ConfUtils.java:logGet(46)) - raft.server.threadpool.proxy.cached = true (default)
2023-02-28 20:08:17,331 [Listener at 0.0.0.0/44205] INFO  server.RaftServerConfigKeys (ConfUtils.java:logGet(46)) - raft.server.threadpool.proxy.size = 0 (default)
2023-02-28 20:08:17,332 [Listener at 0.0.0.0/44205] INFO  server.RaftServerConfigKeys (ConfUtils.java:logGet(46)) - raft.server.rpc.slowness.timeout = 2s (custom)
2023-02-28 20:08:17,332 [Listener at 0.0.0.0/44205] INFO  server.RaftServerConfigKeys (ConfUtils.java:logGet(46)) - raft.server.leaderelection.leader.step-down.wait-time = 10s (default)
2023-02-28 20:08:17,335 [Listener at 0.0.0.0/44205] INFO  server.RaftServerConfigKeys (ConfUtils.java:logGet(46)) - raft.server.storage.dir = [/home/runner/work/ozone/ozone/hadoop-ozone/integration-test/target/test-dir/MiniOzoneClusterImpl-e7d671b1-06ed-40aa-a52b-2678dd5bab1b/omNode-1/ratis] (custom)
2023-02-28 20:08:17,347 [Listener at 0.0.0.0/44205] INFO  server.RaftServer (RaftServerProxy.java:addNew(96)) - omNode-1: addNew group-523986131536:[omNode-3|rpc:localhost:33341|priority:0|startupRole:FOLLOWER, omNode-1|rpc:localhost:43039|priority:0|startupRole:FOLLOWER, omNode-2|rpc:localhost:33233|priority:0|startupRole:FOLLOWER] returns group-523986131536:java.util.concurrent.CompletableFuture@2c1e4d9e[Not completed]
2023-02-28 20:08:17,347 [Listener at 0.0.0.0/44205] INFO  om.OzoneManager (OzoneManager.java:initializeRatisServer(2094)) - OzoneManager Ratis server initialized at port 43039
2023-02-28 20:08:17,350 [Listener at 0.0.0.0/44205] INFO  om.OzoneManager (OzoneManager.java:getRpcServer(1131)) - Creating RPC Server
2023-02-28 20:08:17,382 [pool-56-thread-1] INFO  server.RaftServer$Division (RaftServerImpl.java:<init>(195)) - omNode-1: new RaftServerImpl for group-523986131536:[omNode-3|rpc:localhost:33341|priority:0|startupRole:FOLLOWER, omNode-1|rpc:localhost:43039|priority:0|startupRole:FOLLOWER, omNode-2|rpc:localhost:33233|priority:0|startupRole:FOLLOWER] with OzoneManagerStateMachine:uninitialized
2023-02-28 20:08:17,384 [pool-56-thread-1] INFO  server.RaftServerConfigKeys (ConfUtils.java:logGet(46)) - raft.server.rpc.timeout.min = 1s (custom)
2023-02-28 20:08:17,387 [pool-56-thread-1] INFO  server.RaftServerConfigKeys (ConfUtils.java:logGet(46)) - raft.server.rpc.timeout.max = 1200ms (custom)
2023-02-28 20:08:17,388 [pool-56-thread-1] INFO  server.RaftServerConfigKeys (ConfUtils.java:logGet(46)) - raft.server.rpc.sleep.time = 25ms (default)
2023-02-28 20:08:17,388 [pool-56-thread-1] INFO  server.RaftServerConfigKeys (ConfUtils.java:logGet(46)) - raft.server.rpc.slowness.timeout = 2s (custom)
2023-02-28 20:08:17,389 [pool-56-thread-1] INFO  server.RaftServerConfigKeys (ConfUtils.java:logGet(46)) - raft.server.leaderelection.leader.step-down.wait-time = 10s (default)
2023-02-28 20:08:17,389 [pool-56-thread-1] INFO  server.RaftServerConfigKeys (ConfUtils.java:logGet(46)) - raft.server.sleep.deviation.threshold = 300ms (default)
2023-02-28 20:08:17,406 [pool-56-thread-1] INFO  server.RaftServer$Division (ServerState.java:<init>(118)) - omNode-1@group-523986131536: ConfigurationManager, init=-1: peers:[omNode-3|rpc:localhost:33341|priority:0|startupRole:FOLLOWER, omNode-1|rpc:localhost:43039|priority:0|startupRole:FOLLOWER, omNode-2|rpc:localhost:33233|priority:0|startupRole:FOLLOWER]|listeners:[], old=null, confs=<EMPTY_MAP>
2023-02-28 20:08:17,406 [pool-56-thread-1] INFO  server.RaftServerConfigKeys (ConfUtils.java:logGet(46)) - raft.server.storage.dir = [/home/runner/work/ozone/ozone/hadoop-ozone/integration-test/target/test-dir/MiniOzoneClusterImpl-e7d671b1-06ed-40aa-a52b-2678dd5bab1b/omNode-1/ratis] (custom)
2023-02-28 20:08:17,420 [pool-56-thread-1] INFO  server.RaftServerConfigKeys (ConfUtils.java:logGet(46)) - raft.server.log.corruption.policy = EXCEPTION (default)
2023-02-28 20:08:17,421 [pool-56-thread-1] INFO  server.RaftServerConfigKeys (ConfUtils.java:logGet(46)) - raft.server.storage.free-space.min = 0MB (=0) (default)
2023-02-28 20:08:17,433 [pool-56-thread-1] INFO  server.RaftServerConfigKeys (ConfUtils.java:logGet(46)) - raft.server.notification.no-leader.timeout = 2s (custom)
2023-02-28 20:08:17,439 [pool-56-thread-1] INFO  server.RaftServerConfigKeys (ConfUtils.java:logGet(46)) - raft.server.retrycache.expirytime = 300s (custom)
2023-02-28 20:08:17,439 [pool-56-thread-1] INFO  server.RaftServerConfigKeys (ConfUtils.java:logGet(46)) - raft.server.retrycache.statistics.expirytime = 100μs (default)
2023-02-28 20:08:17,598 [pool-56-thread-1] INFO  server.RaftServerConfigKeys (ConfUtils.java:logGet(46)) - raft.server.log.appender.install.snapshot.enabled = false (custom)
2023-02-28 20:08:17,612 [pool-56-thread-1] INFO  server.RaftServerConfigKeys (ConfUtils.java:logGet(46)) - raft.server.threadpool.server.cached = true (default)
2023-02-28 20:08:17,612 [pool-56-thread-1] INFO  server.RaftServerConfigKeys (ConfUtils.java:logGet(46)) - raft.server.threadpool.server.size = 0 (default)
2023-02-28 20:08:17,614 [pool-56-thread-1] INFO  server.RaftServerConfigKeys (ConfUtils.java:logGet(46)) - raft.server.threadpool.client.cached = true (default)
2023-02-28 20:08:17,614 [pool-56-thread-1] INFO  server.RaftServerConfigKeys (ConfUtils.java:logGet(46)) - raft.server.threadpool.client.size = 0 (default)
2023-02-28 20:08:18,184 [Listener at 0.0.0.0/44205] INFO  reflections.Reflections (Reflections.java:scan(232)) - Reflections took 736 ms to scan 19 urls, producing 68 keys and 4869 values [using 2 cores]
2023-02-28 20:08:18,521 [Listener at 0.0.0.0/44205] INFO  ipc.CallQueueManager (CallQueueManager.java:<init>(90)) - Using callQueue: class java.util.concurrent.LinkedBlockingQueue, queueCapacity: 2000, scheduler: class org.apache.hadoop.ipc.DefaultRpcScheduler, ipcBackoff: false.
2023-02-28 20:08:18,521 [Socket Reader #1 for port 39621] INFO  ipc.Server (Server.java:run(1273)) - Starting Socket Reader #1 for port 39621
2023-02-28 20:08:18,553 [Listener at 127.0.0.1/39621] INFO  impl.MetricsSystemImpl (MetricsSystemImpl.java:init(158)) - OzoneManager metrics system started (again)
2023-02-28 20:08:18,566 [Listener at 127.0.0.1/39621] INFO  om.OzoneManager (OzoneManager.java:start(1551)) - OzoneManager RPC server is listening at localhost/127.0.0.1:39621
2023-02-28 20:08:18,566 [Listener at 127.0.0.1/39621] INFO  ratis.OzoneManagerRatisServer (OzoneManagerRatisServer.java:start(559)) - Starting OzoneManagerRatisServer omNode-1 at port 43039
2023-02-28 20:08:18,568 [omNode-1-impl-thread1] INFO  storage.RaftStorageDirectory (RaftStorageDirectoryImpl.java:analyzeStorage(137)) - The storage directory /home/runner/work/ozone/ozone/hadoop-ozone/integration-test/target/test-dir/MiniOzoneClusterImpl-e7d671b1-06ed-40aa-a52b-2678dd5bab1b/omNode-1/ratis/c9bc4cf4-3bc3-3c60-a66b-523986131536 does not exist. Creating ...
2023-02-28 20:08:18,572 [omNode-1-impl-thread1] INFO  storage.RaftStorageDirectory (RaftStorageDirectoryImpl.java:tryLock(231)) - Lock on /home/runner/work/ozone/ozone/hadoop-ozone/integration-test/target/test-dir/MiniOzoneClusterImpl-e7d671b1-06ed-40aa-a52b-2678dd5bab1b/omNode-1/ratis/c9bc4cf4-3bc3-3c60-a66b-523986131536/in_use.lock acquired by nodename 61155@fv-az399-334
2023-02-28 20:08:18,577 [omNode-1-impl-thread1] INFO  storage.RaftStorage (RaftStorageImpl.java:format(96)) - Storage directory /home/runner/work/ozone/ozone/hadoop-ozone/integration-test/target/test-dir/MiniOzoneClusterImpl-e7d671b1-06ed-40aa-a52b-2678dd5bab1b/omNode-1/ratis/c9bc4cf4-3bc3-3c60-a66b-523986131536 has been successfully formatted.
2023-02-28 20:08:18,579 [omNode-1-impl-thread1] INFO  server.RaftServerConfigKeys (ConfUtils.java:logGet(46)) - raft.server.log.use.memory = false (default)
2023-02-28 20:08:18,587 [omNode-1-impl-thread1] INFO  server.RaftServerConfigKeys (ConfUtils.java:logGet(46)) - raft.server.log.purge.gap = 1000000 (custom)
2023-02-28 20:08:18,588 [omNode-1-impl-thread1] INFO  server.RaftServerConfigKeys (ConfUtils.java:logGet(46)) - raft.server.log.appender.buffer.byte-limit = 33554432 (custom)
2023-02-28 20:08:18,590 [omNode-1-impl-thread1] INFO  server.RaftServerConfigKeys (ConfUtils.java:logGet(46)) - raft.server.log.statemachine.data.read.timeout = 1000ms (default)
2023-02-28 20:08:18,591 [omNode-1-impl-thread1] INFO  server.RaftServerConfigKeys (ConfUtils.java:logGet(46)) - raft.server.log.purge.preservation.log.num = 0 (default)
2023-02-28 20:08:18,593 [omNode-1-impl-thread1] INFO  server.RaftServerConfigKeys (ConfUtils.java:logGet(46)) - raft.server.log.segment.size.max = 4194304 (custom)
2023-02-28 20:08:18,599 [omNode-1-impl-thread1] INFO  server.RaftServerConfigKeys (ConfUtils.java:logGet(46)) - raft.server.log.segment.cache.num.max = 2 (custom)
2023-02-28 20:08:18,599 [omNode-1-impl-thread1] INFO  server.RaftServerConfigKeys (ConfUtils.java:logGet(46)) - raft.server.log.segment.cache.size.max = 200MB (=209715200) (default)
2023-02-28 20:08:18,605 [omNode-1-impl-thread1] INFO  segmented.SegmentedRaftLogWorker (SegmentedRaftLogWorker.java:<init>(189)) - new omNode-1@group-523986131536-SegmentedRaftLogWorker for RaftStorageImpl:Storage Directory /home/runner/work/ozone/ozone/hadoop-ozone/integration-test/target/test-dir/MiniOzoneClusterImpl-e7d671b1-06ed-40aa-a52b-2678dd5bab1b/omNode-1/ratis/c9bc4cf4-3bc3-3c60-a66b-523986131536
2023-02-28 20:08:18,605 [omNode-1-impl-thread1] INFO  server.RaftServerConfigKeys (ConfUtils.java:logGet(46)) - raft.server.log.queue.byte-limit = 64MB (=67108864) (default)
2023-02-28 20:08:18,606 [omNode-1-impl-thread1] INFO  server.RaftServerConfigKeys (ConfUtils.java:logGet(46)) - raft.server.log.queue.element-limit = 4096 (default)
2023-02-28 20:08:18,608 [omNode-1-impl-thread1] INFO  server.RaftServerConfigKeys (ConfUtils.java:logGet(46)) - raft.server.log.segment.size.max = 4194304 (custom)
2023-02-28 20:08:18,608 [omNode-1-impl-thread1] INFO  server.RaftServerConfigKeys (ConfUtils.java:logGet(46)) - raft.server.log.preallocated.size = 4194304 (custom)
2023-02-28 20:08:18,609 [omNode-1-impl-thread1] INFO  server.RaftServerConfigKeys (ConfUtils.java:logGet(46)) - raft.server.log.force.sync.num = 128 (default)
2023-02-28 20:08:18,610 [omNode-1-impl-thread1] INFO  server.RaftServerConfigKeys (ConfUtils.java:logGet(46)) - raft.server.log.statemachine.data.sync = true (default)
2023-02-28 20:08:18,610 [omNode-1-impl-thread1] INFO  server.RaftServerConfigKeys (ConfUtils.java:logGet(46)) - raft.server.log.statemachine.data.sync.timeout = 10s (default)
2023-02-28 20:08:18,610 [omNode-1-impl-thread1] INFO  server.RaftServerConfigKeys (ConfUtils.java:logGet(46)) - raft.server.log.statemachine.data.sync.timeout.retry = -1 (default)
2023-02-28 20:08:18,619 [omNode-1-impl-thread1] INFO  server.RaftServerConfigKeys (ConfUtils.java:logGet(46)) - raft.server.log.write.buffer.size = 64KB (=65536) (default)
2023-02-28 20:08:18,619 [omNode-1-impl-thread1] INFO  server.RaftServerConfigKeys (ConfUtils.java:logGet(46)) - raft.server.log.appender.buffer.byte-limit = 33554432 (custom)
2023-02-28 20:08:18,625 [omNode-1-impl-thread1] INFO  server.RaftServerConfigKeys (ConfUtils.java:logGet(46)) - raft.server.log.unsafe-flush.enabled = false (default)
2023-02-28 20:08:18,625 [omNode-1-impl-thread1] INFO  server.RaftServerConfigKeys (ConfUtils.java:logGet(46)) - raft.server.log.async-flush.enabled = false (default)
2023-02-28 20:08:18,626 [omNode-1-impl-thread1] INFO  server.RaftServerConfigKeys (ConfUtils.java:logGet(46)) - raft.server.log.statemachine.data.caching.enabled = false (default)
2023-02-28 20:08:18,632 [omNode-1-impl-thread1] INFO  segmented.SegmentedRaftLogWorker (SegmentedRaftLogWorker.java:lambda$new$0(135)) - omNode-1@group-523986131536-SegmentedRaftLogWorker: flushIndex: setUnconditionally 0 -> -1
2023-02-28 20:08:18,632 [omNode-1-impl-thread1] INFO  segmented.SegmentedRaftLogWorker (SegmentedRaftLogWorker.java:lambda$new$0(135)) - omNode-1@group-523986131536-SegmentedRaftLogWorker: safeCacheEvictIndex: setUnconditionally 0 -> -1
2023-02-28 20:08:18,634 [omNode-1-impl-thread1] INFO  server.RaftServer$Division (RaftServerImpl.java:start(334)) - omNode-1@group-523986131536: start as a follower, conf=-1: peers:[omNode-3|rpc:localhost:33341|priority:0|startupRole:FOLLOWER, omNode-1|rpc:localhost:43039|priority:0|startupRole:FOLLOWER, omNode-2|rpc:localhost:33233|priority:0|startupRole:FOLLOWER]|listeners:[], old=null
2023-02-28 20:08:18,634 [omNode-1-impl-thread1] INFO  server.RaftServer$Division (RaftServerImpl.java:setRole(321)) - omNode-1@group-523986131536: changes role from      null to FOLLOWER at term 0 for startAsFollower
2023-02-28 20:08:18,638 [omNode-1-impl-thread1] INFO  impl.RoleInfo (RoleInfo.java:updateAndGet(139)) - omNode-1: start omNode-1@group-523986131536-FollowerState
2023-02-28 20:08:18,644 [omNode-1-impl-thread1] INFO  util.JmxRegister (JmxRegister.java:tryRegister(44)) - Successfully registered JMX Bean with object name Ratis:service=RaftServer,group=group-523986131536,id=omNode-1
2023-02-28 20:08:18,645 [omNode-1-impl-thread1] INFO  server.RaftServerConfigKeys (ConfUtils.java:logGet(46)) - raft.server.snapshot.auto.trigger.enabled = true (custom)
2023-02-28 20:08:18,648 [omNode-1-impl-thread1] INFO  server.RaftServerConfigKeys (ConfUtils.java:logGet(46)) - raft.server.snapshot.auto.trigger.threshold = 400000 (default)
2023-02-28 20:08:18,649 [omNode-1-impl-thread1] INFO  server.RaftServerConfigKeys (ConfUtils.java:logGet(46)) - raft.server.snapshot.retention.file.num = -1 (default)
2023-02-28 20:08:18,649 [omNode-1-impl-thread1] INFO  server.RaftServerConfigKeys (ConfUtils.java:logGet(46)) - raft.server.log.purge.upto.snapshot.index = true (custom)
2023-02-28 20:08:18,652 [omNode-1@group-523986131536-FollowerState] INFO  server.RaftServerConfigKeys (ConfUtils.java:logFallback(53)) - raft.server.rpc.first-election.timeout.min = 1s (fallback to raft.server.rpc.timeout.min)
2023-02-28 20:08:18,652 [omNode-1@group-523986131536-FollowerState] INFO  server.RaftServerConfigKeys (ConfUtils.java:logFallback(53)) - raft.server.rpc.first-election.timeout.max = 1200ms (fallback to raft.server.rpc.timeout.max)
2023-02-28 20:08:18,653 [Listener at 127.0.0.1/39621] INFO  server.RaftServer (RaftServerProxy.java:startImpl(393)) - omNode-1: start RPC server
2023-02-28 20:08:18,699 [Listener at 127.0.0.1/39621] INFO  server.GrpcService (GrpcService.java:startImpl(262)) - omNode-1: GrpcService started, listening on 43039
2023-02-28 20:08:18,701 [Listener at 127.0.0.1/39621] INFO  om.OzoneManager (OzoneManager.java:start(1567)) - Version File has different layout version (3) than OM DB (null). That is expected if this OM has never been finalized to a newer layout version.
2023-02-28 20:08:18,703 [JvmPauseMonitor0] INFO  util.JvmPauseMonitor (JvmPauseMonitor.java:run(105)) - JvmPauseMonitor-omNode-1: Started
2023-02-28 20:08:18,722 [Listener at 127.0.0.1/39621] INFO  http.BaseHttpServer (BaseHttpServer.java:newHttpServer2BuilderForOzone(213)) - Starting Web-server for ozoneManager at: http://0.0.0.0:39733
2023-02-28 20:08:18,722 [Listener at 127.0.0.1/39621] INFO  http.BaseHttpServer (BaseHttpServer.java:<init>(108)) - Hadoop Security Enabled: false Ozone Security Enabled: false Ozone HTTP Security Enabled: false 
2023-02-28 20:08:18,724 [Listener at 127.0.0.1/39621] WARN  server.AuthenticationFilter (AuthenticationFilter.java:constructSecretProvider(240)) - Unable to initialize FileSignerSecretProvider, falling back to use random secrets. Reason: Could not read signature secret file: /home/runner/hadoop-http-auth-signature-secret
2023-02-28 20:08:18,728 [Listener at 127.0.0.1/39621] WARN  http.HttpRequestLog (HttpRequestLog.java:getRequestLog(103)) - Jetty request log can only be enabled using Log4j
2023-02-28 20:08:18,729 [Listener at 127.0.0.1/39621] INFO  http.HttpServer2 (HttpServer2.java:addGlobalFilter(1031)) - Added global filter 'safety' (class=org.apache.hadoop.hdds.server.http.HttpServer2$QuotingInputFilter)
2023-02-28 20:08:18,731 [Listener at 127.0.0.1/39621] INFO  http.HttpServer2 (HttpServer2.java:addFilter(1007)) - Added filter static_user_filter (class=org.apache.hadoop.http.lib.StaticUserWebFilter$StaticUserFilter) to context ozoneManager
2023-02-28 20:08:18,731 [Listener at 127.0.0.1/39621] INFO  http.HttpServer2 (HttpServer2.java:addFilter(1015)) - Added filter static_user_filter (class=org.apache.hadoop.http.lib.StaticUserWebFilter$StaticUserFilter) to context static
2023-02-28 20:08:18,731 [Listener at 127.0.0.1/39621] INFO  http.HttpServer2 (HttpServer2.java:addFilter(1015)) - Added filter static_user_filter (class=org.apache.hadoop.http.lib.StaticUserWebFilter$StaticUserFilter) to context logs
2023-02-28 20:08:18,733 [Listener at 127.0.0.1/39621] INFO  http.HttpServer2 (HttpServer2.java:bindListener(1250)) - Jetty bound to port 39733
2023-02-28 20:08:18,733 [Listener at 127.0.0.1/39621] INFO  server.Server (Server.java:doStart(375)) - jetty-9.4.49.v20220914; built: 2022-09-14T01:07:36.601Z; git: 4231a3b2e4cb8548a412a789936d640a97b1aa0a; jvm 1.8.0_362-b09
2023-02-28 20:08:18,735 [Listener at 127.0.0.1/39621] INFO  server.session (DefaultSessionIdManager.java:doStart(334)) - DefaultSessionIdManager workerName=node0
2023-02-28 20:08:18,735 [Listener at 127.0.0.1/39621] INFO  server.session (DefaultSessionIdManager.java:doStart(339)) - No SessionScavenger set, using defaults
2023-02-28 20:08:18,735 [Listener at 127.0.0.1/39621] INFO  server.session (HouseKeeper.java:startScavenging(132)) - node0 Scavenging every 600000ms
2023-02-28 20:08:18,736 [Listener at 127.0.0.1/39621] INFO  handler.ContextHandler (ContextHandler.java:doStart(921)) - Started o.e.j.s.ServletContextHandler@655966a1{logs,/logs,file:///home/runner/work/ozone/ozone/hadoop-ozone/integration-test/target/log,AVAILABLE}
2023-02-28 20:08:18,737 [Listener at 127.0.0.1/39621] INFO  handler.ContextHandler (ContextHandler.java:doStart(921)) - Started o.e.j.s.ServletContextHandler@6180eb8{static,/static,file:///home/runner/work/ozone/ozone/hadoop-ozone/integration-test/target/test-classes/webapps/static,AVAILABLE}
2023-02-28 20:08:18,740 [Listener at 127.0.0.1/39621] INFO  handler.ContextHandler (ContextHandler.java:doStart(921)) - Started o.e.j.w.WebAppContext@48701496{ozoneManager,/,file:///home/runner/work/ozone/ozone/hadoop-ozone/integration-test/target/test-classes/webapps/ozoneManager/,AVAILABLE}{file:/home/runner/work/ozone/ozone/hadoop-ozone/integration-test/target/test-classes/webapps/ozoneManager}
2023-02-28 20:08:18,746 [Listener at 127.0.0.1/39621] INFO  server.AbstractConnector (AbstractConnector.java:doStart(333)) - Started ServerConnector@4ead0ae1{HTTP/1.1, (http/1.1)}{0.0.0.0:39733}
2023-02-28 20:08:18,746 [Listener at 127.0.0.1/39621] INFO  server.Server (Server.java:doStart(415)) - Started @7430ms
2023-02-28 20:08:18,746 [Listener at 127.0.0.1/39621] WARN  impl.MetricsSystemImpl (MetricsSystemImpl.java:register(279)) - Sink prometheus already exists!
2023-02-28 20:08:18,746 [Listener at 127.0.0.1/39621] INFO  http.BaseHttpServer (BaseHttpServer.java:updateConnectorAddress(333)) - HTTP server of ozoneManager listening at http://0.0.0.0:39733
2023-02-28 20:08:18,747 [IPC Server Responder] INFO  ipc.Server (Server.java:run(1512)) - IPC Server Responder: starting
2023-02-28 20:08:18,747 [IPC Server listener on 39621] INFO  ipc.Server (Server.java:run(1352)) - IPC Server listener on 39621: starting
2023-02-28 20:08:18,749 [Listener at 127.0.0.1/39621] INFO  om.OzoneManager (OzoneManager.java:startTrashEmptier(2038)) - Trash Interval set to 0. Files deleted won't move to trash
2023-02-28 20:08:18,751 [Listener at 127.0.0.1/39621] INFO  ozone.MiniOzoneHAClusterImpl (MiniOzoneHAClusterImpl.java:createOMService(527)) - Started OzoneManager omNode-1 RPC server at localhost/127.0.0.1:39621
2023-02-28 20:08:18,752 [Listener at 127.0.0.1/39621] INFO  ha.OMHANodeDetails (OMHANodeDetails.java:loadOMHAConfig(121)) - ServiceID for OzoneManager is om-service-test1
2023-02-28 20:08:18,754 [Listener at 127.0.0.1/39621] INFO  ha.OMHANodeDetails (OMHANodeDetails.java:loadOMHAConfig(201)) - Found matching OM address with OMServiceId: om-service-test1, OMNodeId: omNode-2, RPC Address: localhost:35263 and Ratis port: 33233
2023-02-28 20:08:18,754 [Listener at 127.0.0.1/39621] INFO  ha.OMHANodeDetails (ConfUtils.java:setNodeSpecificConfigs(97)) - Setting configuration key ozone.om.http-address with value of key ozone.om.http-address.om-service-test1.omNode-2: 127.0.0.1:36881
2023-02-28 20:08:18,755 [Listener at 127.0.0.1/39621] INFO  ha.OMHANodeDetails (ConfUtils.java:setNodeSpecificConfigs(97)) - Setting configuration key ozone.om.https-address with value of key ozone.om.https-address.om-service-test1.omNode-2: 127.0.0.1:46589
2023-02-28 20:08:18,755 [Listener at 127.0.0.1/39621] INFO  ha.OMHANodeDetails (ConfUtils.java:setNodeSpecificConfigs(97)) - Setting configuration key ozone.om.address with value of key ozone.om.address.om-service-test1.omNode-2: 127.0.0.1:35263
2023-02-28 20:08:18,755 [Listener at 127.0.0.1/39621] WARN  server.ServerUtils (ServerUtils.java:getDBPath(225)) - ozone.om.db.dirs is not configured. We recommend adding this setting. Falling back to ozone.metadata.dirs instead.
2023-02-28 20:08:18,756 [Listener at 127.0.0.1/39621] INFO  proxy.SCMBlockLocationFailoverProxyProvider (SCMBlockLocationFailoverProxyProvider.java:<init>(114)) - Created block location fail-over proxy with 1 nodes: [nodeId=scmNodeId,nodeAddress=/0.0.0.0:40961]
2023-02-28 20:08:18,760 [org.apache.hadoop.util.JvmPauseMonitor$Monitor@3ad3a3ef] INFO  util.JvmPauseMonitor (JvmPauseMonitor.java:run(188)) - Starting JVM pause monitor
OM initialization succeeded.Current cluster id for sd=/home/runner/work/ozone/ozone/hadoop-ozone/integration-test/target/test-dir/MiniOzoneClusterImpl-e7d671b1-06ed-40aa-a52b-2678dd5bab1b/omNode-2/om;cid=e7d671b1-06ed-40aa-a52b-2678dd5bab1b;layoutVersion=3
2023-02-28 20:08:18,771 [Listener at 127.0.0.1/39621] INFO  ha.OMHANodeDetails (OMHANodeDetails.java:loadOMHAConfig(121)) - ServiceID for OzoneManager is om-service-test1
2023-02-28 20:08:18,771 [Listener at 127.0.0.1/39621] INFO  ha.OMHANodeDetails (OMHANodeDetails.java:loadOMHAConfig(201)) - Found matching OM address with OMServiceId: om-service-test1, OMNodeId: omNode-2, RPC Address: localhost:35263 and Ratis port: 33233
2023-02-28 20:08:18,771 [Listener at 127.0.0.1/39621] INFO  ha.OMHANodeDetails (ConfUtils.java:setNodeSpecificConfigs(97)) - Setting configuration key ozone.om.http-address with value of key ozone.om.http-address.om-service-test1.omNode-2: 127.0.0.1:36881
2023-02-28 20:08:18,771 [Listener at 127.0.0.1/39621] INFO  ha.OMHANodeDetails (ConfUtils.java:setNodeSpecificConfigs(97)) - Setting configuration key ozone.om.https-address with value of key ozone.om.https-address.om-service-test1.omNode-2: 127.0.0.1:46589
2023-02-28 20:08:18,772 [Listener at 127.0.0.1/39621] INFO  ha.OMHANodeDetails (ConfUtils.java:setNodeSpecificConfigs(97)) - Setting configuration key ozone.om.address with value of key ozone.om.address.om-service-test1.omNode-2: 127.0.0.1:35263
2023-02-28 20:08:18,772 [Listener at 127.0.0.1/39621] WARN  server.ServerUtils (ServerUtils.java:getDBPath(225)) - ozone.om.db.dirs is not configured. We recommend adding this setting. Falling back to ozone.metadata.dirs instead.
2023-02-28 20:08:18,774 [Listener at 127.0.0.1/39621] INFO  upgrade.AbstractLayoutVersionManager (AbstractLayoutVersionManager.java:init(83)) - Initializing Layout version manager with metadata layout = MULTITENANCY_SCHEMA (version = 3), software layout = MULTITENANCY_SCHEMA (version = 3)
2023-02-28 20:08:18,862 [Listener at 127.0.0.1/39621] INFO  reflections.Reflections (Reflections.java:scan(232)) - Reflections took 86 ms to scan 2 urls, producing 167 keys and 459 values [using 2 cores]
2023-02-28 20:08:18,862 [Listener at 127.0.0.1/39621] INFO  upgrade.OMLayoutVersionManager (OMLayoutVersionManager.java:lambda$0(115)) - Skipping Upgrade Action MockOmUpgradeAction since it has been finalized.
2023-02-28 20:08:18,862 [Listener at 127.0.0.1/39621] WARN  server.ServerUtils (ServerUtils.java:getDBPath(225)) - ozone.om.db.dirs is not configured. We recommend adding this setting. Falling back to ozone.metadata.dirs instead.
2023-02-28 20:08:18,863 [Listener at 127.0.0.1/39621] INFO  proxy.SCMBlockLocationFailoverProxyProvider (SCMBlockLocationFailoverProxyProvider.java:<init>(114)) - Created block location fail-over proxy with 1 nodes: [nodeId=scmNodeId,nodeAddress=/0.0.0.0:40961]
2023-02-28 20:08:18,865 [Listener at 127.0.0.1/39621] INFO  proxy.SCMBlockLocationFailoverProxyProvider (SCMBlockLocationFailoverProxyProvider.java:<init>(114)) - Created block location fail-over proxy with 1 nodes: [nodeId=scmNodeId,nodeAddress=/0.0.0.0:40961]
2023-02-28 20:08:18,880 [Listener at 127.0.0.1/39621] INFO  om.OzoneManager (OzoneManager.java:<init>(618)) - OM start with adminUsers: [runner]
2023-02-28 20:08:18,882 [Listener at 127.0.0.1/39621] WARN  server.ServerUtils (ServerUtils.java:getDBPath(225)) - ozone.om.db.dirs is not configured. We recommend adding this setting. Falling back to ozone.metadata.dirs instead.
2023-02-28 20:08:18,884 [Listener at 127.0.0.1/39621] INFO  codec.OmKeyInfoCodec (OmKeyInfoCodec.java:<init>(49)) - OmKeyInfoCodec ignorePipeline = true
2023-02-28 20:08:18,885 [Listener at 127.0.0.1/39621] INFO  codec.RepeatedOmKeyInfoCodec (RepeatedOmKeyInfoCodec.java:<init>(41)) - RepeatedOmKeyInfoCodec ignorePipeline = true
2023-02-28 20:08:19,051 [Listener at 127.0.0.1/39621] INFO  om.OzoneManager (OzoneManager.java:instantiateServices(748)) - S3 Multi-Tenancy is disabled
2023-02-28 20:08:19,052 [Listener at 127.0.0.1/39621] WARN  server.ServerUtils (ServerUtils.java:getDBPath(225)) - ozone.om.snapshot.diff.db.dir is not configured. We recommend adding this setting. Falling back to ozone.metadata.dirs instead.
2023-02-28 20:08:19,065 [Listener at 127.0.0.1/39621] INFO  om.OzoneManager (OzoneManager.java:addS3GVolumeToDB(4215)) - Created Volume s3v With Owner runner required for S3Gateway operations.
2023-02-28 20:08:19,065 [Listener at 127.0.0.1/39621] WARN  server.ServerUtils (ServerUtils.java:getDefaultRatisDirectory(237)) - Storage directory for Ratis is not configured. It is a good idea to map this to an SSD disk. Falling back to ozone.metadata.dirs
2023-02-28 20:08:19,065 [Listener at 127.0.0.1/39621] WARN  utils.OzoneManagerRatisUtils (OzoneManagerRatisUtils.java:getOMRatisSnapshotDirectory(436)) - ozone.om.ratis.snapshot.dir is not configured. Falling back to ozone.metadata.dirs config
2023-02-28 20:08:19,065 [Listener at 127.0.0.1/39621] INFO  snapshot.OzoneManagerSnapshotProvider (OzoneManagerSnapshotProvider.java:<init>(76)) - Initializing OM Snapshot Provider
2023-02-28 20:08:19,068 [Listener at 127.0.0.1/39621] WARN  impl.MetricRegistriesImpl (MetricRegistriesImpl.java:addReporterRegistration(111)) - New reporters are added after registries were created. Some metrics will be missing from the reporter. Please add reporter before adding any new registry.
2023-02-28 20:08:19,069 [Listener at 127.0.0.1/39621] WARN  impl.MetricRegistriesImpl (MetricRegistriesImpl.java:addReporterRegistration(111)) - New reporters are added after registries were created. Some metrics will be missing from the reporter. Please add reporter before adding any new registry.
2023-02-28 20:08:19,069 [Listener at 127.0.0.1/39621] WARN  server.ServerUtils (ServerUtils.java:getDefaultRatisDirectory(237)) - Storage directory for Ratis is not configured. It is a good idea to map this to an SSD disk. Falling back to ozone.metadata.dirs
2023-02-28 20:08:19,070 [Listener at 127.0.0.1/39621] INFO  ratis.OzoneManagerRatisServer (OzoneManagerRatisServer.java:<init>(164)) - Instantiating OM Ratis server with groupID: om-service-test1 and peers: localhost:33233, localhost:33341, localhost:43039
2023-02-28 20:08:19,071 [Listener at 127.0.0.1/39621] INFO  ratis.OzoneManagerStateMachine (OzoneManagerStateMachine.java:loadSnapshotInfoFromDB(636)) - LastAppliedIndex is set from TransactionInfo from OM DB as (t:0, i:~)
2023-02-28 20:08:19,074 [Listener at 127.0.0.1/39621] INFO  server.RaftServer (ConfUtils.java:logGet(46)) - raft.rpc.type = GRPC (default)
2023-02-28 20:08:19,075 [Listener at 127.0.0.1/39621] INFO  grpc.GrpcConfigKeys (ConfUtils.java:logFallback(53)) - raft.grpc.admin.host = null (fallback to raft.grpc.server.host)
2023-02-28 20:08:19,076 [Listener at 127.0.0.1/39621] INFO  grpc.GrpcConfigKeys (ConfUtils.java:logFallback(53)) - raft.grpc.admin.port = 33233 (fallback to raft.grpc.server.port)
2023-02-28 20:08:19,076 [Listener at 127.0.0.1/39621] INFO  grpc.GrpcConfigKeys (ConfUtils.java:logFallback(53)) - raft.grpc.client.host = null (fallback to raft.grpc.server.host)
2023-02-28 20:08:19,076 [Listener at 127.0.0.1/39621] INFO  grpc.GrpcConfigKeys (ConfUtils.java:logFallback(53)) - raft.grpc.client.port = 33233 (fallback to raft.grpc.server.port)
2023-02-28 20:08:19,076 [Listener at 127.0.0.1/39621] INFO  grpc.GrpcConfigKeys (ConfUtils.java:logGet(46)) - raft.grpc.server.host = null (default)
2023-02-28 20:08:19,076 [Listener at 127.0.0.1/39621] INFO  grpc.GrpcConfigKeys (ConfUtils.java:logGet(46)) - raft.grpc.server.port = 33233 (custom)
2023-02-28 20:08:19,077 [Listener at 127.0.0.1/39621] INFO  server.GrpcService (ConfUtils.java:logGet(46)) - raft.grpc.message.size.max = 33554432 (custom)
2023-02-28 20:08:19,077 [Listener at 127.0.0.1/39621] INFO  server.RaftServerConfigKeys (ConfUtils.java:logGet(46)) - raft.server.log.appender.buffer.byte-limit = 33554432 (custom)
2023-02-28 20:08:19,077 [Listener at 127.0.0.1/39621] INFO  server.GrpcService (ConfUtils.java:logGet(46)) - raft.grpc.flow.control.window = 1MB (=1048576) (default)
2023-02-28 20:08:19,077 [Listener at 127.0.0.1/39621] INFO  server.RaftServerConfigKeys (ConfUtils.java:logGet(46)) - raft.server.rpc.request.timeout = 3000ms (default)
2023-02-28 20:08:19,077 [Listener at 127.0.0.1/39621] INFO  grpc.GrpcConfigKeys (ConfUtils.java:logGet(46)) - raft.grpc.server.heartbeat.channel = true (default)
2023-02-28 20:08:19,077 [Listener at 127.0.0.1/39621] INFO  grpc.GrpcConfigKeys (ConfUtils.java:logGet(46)) - raft.grpc.server.async.request.thread.pool.cached = true (default)
2023-02-28 20:08:19,077 [Listener at 127.0.0.1/39621] INFO  grpc.GrpcConfigKeys (ConfUtils.java:logGet(46)) - raft.grpc.server.async.request.thread.pool.size = 32 (default)
2023-02-28 20:08:19,079 [Listener at 127.0.0.1/39621] INFO  impl.DataStreamServerImpl (ConfUtils.java:logGet(46)) - raft.datastream.type = DISABLED (default)
2023-02-28 20:08:19,079 [Listener at 127.0.0.1/39621] INFO  server.RaftServerConfigKeys (ConfUtils.java:logGet(46)) - raft.server.threadpool.proxy.cached = true (default)
2023-02-28 20:08:19,079 [Listener at 127.0.0.1/39621] INFO  server.RaftServerConfigKeys (ConfUtils.java:logGet(46)) - raft.server.threadpool.proxy.size = 0 (default)
2023-02-28 20:08:19,080 [Listener at 127.0.0.1/39621] INFO  server.RaftServerConfigKeys (ConfUtils.java:logGet(46)) - raft.server.rpc.slowness.timeout = 2s (custom)
2023-02-28 20:08:19,080 [Listener at 127.0.0.1/39621] INFO  server.RaftServerConfigKeys (ConfUtils.java:logGet(46)) - raft.server.leaderelection.leader.step-down.wait-time = 10s (default)
2023-02-28 20:08:19,080 [Listener at 127.0.0.1/39621] INFO  server.RaftServerConfigKeys (ConfUtils.java:logGet(46)) - raft.server.storage.dir = [/home/runner/work/ozone/ozone/hadoop-ozone/integration-test/target/test-dir/MiniOzoneClusterImpl-e7d671b1-06ed-40aa-a52b-2678dd5bab1b/omNode-2/ratis] (custom)
2023-02-28 20:08:19,085 [Listener at 127.0.0.1/39621] INFO  server.RaftServer (RaftServerProxy.java:addNew(96)) - omNode-2: addNew group-523986131536:[omNode-3|rpc:localhost:33341|priority:0|startupRole:FOLLOWER, omNode-1|rpc:localhost:43039|priority:0|startupRole:FOLLOWER, omNode-2|rpc:localhost:33233|priority:0|startupRole:FOLLOWER] returns group-523986131536:java.util.concurrent.CompletableFuture@14d4fe82[Not completed]
2023-02-28 20:08:19,085 [Listener at 127.0.0.1/39621] INFO  om.OzoneManager (OzoneManager.java:initializeRatisServer(2094)) - OzoneManager Ratis server initialized at port 33233
2023-02-28 20:08:19,085 [Listener at 127.0.0.1/39621] INFO  om.OzoneManager (OzoneManager.java:getRpcServer(1131)) - Creating RPC Server
2023-02-28 20:08:19,087 [pool-85-thread-1] INFO  server.RaftServer$Division (RaftServerImpl.java:<init>(195)) - omNode-2: new RaftServerImpl for group-523986131536:[omNode-3|rpc:localhost:33341|priority:0|startupRole:FOLLOWER, omNode-1|rpc:localhost:43039|priority:0|startupRole:FOLLOWER, omNode-2|rpc:localhost:33233|priority:0|startupRole:FOLLOWER] with OzoneManagerStateMachine:uninitialized
2023-02-28 20:08:19,087 [pool-85-thread-1] INFO  server.RaftServerConfigKeys (ConfUtils.java:logGet(46)) - raft.server.rpc.timeout.min = 1s (custom)
2023-02-28 20:08:19,087 [pool-85-thread-1] INFO  server.RaftServerConfigKeys (ConfUtils.java:logGet(46)) - raft.server.rpc.timeout.max = 1200ms (custom)
2023-02-28 20:08:19,087 [pool-85-thread-1] INFO  server.RaftServerConfigKeys (ConfUtils.java:logGet(46)) - raft.server.rpc.sleep.time = 25ms (default)
2023-02-28 20:08:19,087 [pool-85-thread-1] INFO  server.RaftServerConfigKeys (ConfUtils.java:logGet(46)) - raft.server.rpc.slowness.timeout = 2s (custom)
2023-02-28 20:08:19,087 [pool-85-thread-1] INFO  server.RaftServerConfigKeys (ConfUtils.java:logGet(46)) - raft.server.leaderelection.leader.step-down.wait-time = 10s (default)
2023-02-28 20:08:19,087 [pool-85-thread-1] INFO  server.RaftServerConfigKeys (ConfUtils.java:logGet(46)) - raft.server.sleep.deviation.threshold = 300ms (default)
2023-02-28 20:08:19,087 [pool-85-thread-1] INFO  server.RaftServer$Division (ServerState.java:<init>(118)) - omNode-2@group-523986131536: ConfigurationManager, init=-1: peers:[omNode-3|rpc:localhost:33341|priority:0|startupRole:FOLLOWER, omNode-1|rpc:localhost:43039|priority:0|startupRole:FOLLOWER, omNode-2|rpc:localhost:33233|priority:0|startupRole:FOLLOWER]|listeners:[], old=null, confs=<EMPTY_MAP>
2023-02-28 20:08:19,087 [pool-85-thread-1] INFO  server.RaftServerConfigKeys (ConfUtils.java:logGet(46)) - raft.server.storage.dir = [/home/runner/work/ozone/ozone/hadoop-ozone/integration-test/target/test-dir/MiniOzoneClusterImpl-e7d671b1-06ed-40aa-a52b-2678dd5bab1b/omNode-2/ratis] (custom)
2023-02-28 20:08:19,088 [pool-85-thread-1] INFO  server.RaftServerConfigKeys (ConfUtils.java:logGet(46)) - raft.server.log.corruption.policy = EXCEPTION (default)
2023-02-28 20:08:19,088 [pool-85-thread-1] INFO  server.RaftServerConfigKeys (ConfUtils.java:logGet(46)) - raft.server.storage.free-space.min = 0MB (=0) (default)
2023-02-28 20:08:19,088 [pool-85-thread-1] INFO  server.RaftServerConfigKeys (ConfUtils.java:logGet(46)) - raft.server.notification.no-leader.timeout = 2s (custom)
2023-02-28 20:08:19,088 [pool-85-thread-1] INFO  server.RaftServerConfigKeys (ConfUtils.java:logGet(46)) - raft.server.retrycache.expirytime = 300s (custom)
2023-02-28 20:08:19,088 [pool-85-thread-1] INFO  server.RaftServerConfigKeys (ConfUtils.java:logGet(46)) - raft.server.retrycache.statistics.expirytime = 100μs (default)
2023-02-28 20:08:19,091 [pool-85-thread-1] INFO  server.RaftServerConfigKeys (ConfUtils.java:logGet(46)) - raft.server.log.appender.install.snapshot.enabled = false (custom)
2023-02-28 20:08:19,091 [pool-85-thread-1] INFO  server.RaftServerConfigKeys (ConfUtils.java:logGet(46)) - raft.server.threadpool.server.cached = true (default)
2023-02-28 20:08:19,091 [pool-85-thread-1] INFO  server.RaftServerConfigKeys (ConfUtils.java:logGet(46)) - raft.server.threadpool.server.size = 0 (default)
2023-02-28 20:08:19,091 [pool-85-thread-1] INFO  server.RaftServerConfigKeys (ConfUtils.java:logGet(46)) - raft.server.threadpool.client.cached = true (default)
2023-02-28 20:08:19,091 [pool-85-thread-1] INFO  server.RaftServerConfigKeys (ConfUtils.java:logGet(46)) - raft.server.threadpool.client.size = 0 (default)
2023-02-28 20:08:19,626 [Listener at 127.0.0.1/39621] INFO  reflections.Reflections (Reflections.java:scan(232)) - Reflections took 540 ms to scan 19 urls, producing 68 keys and 4869 values [using 2 cores]
2023-02-28 20:08:19,628 [Listener at 127.0.0.1/39621] INFO  ipc.CallQueueManager (CallQueueManager.java:<init>(90)) - Using callQueue: class java.util.concurrent.LinkedBlockingQueue, queueCapacity: 2000, scheduler: class org.apache.hadoop.ipc.DefaultRpcScheduler, ipcBackoff: false.
2023-02-28 20:08:19,642 [Socket Reader #1 for port 35263] INFO  ipc.Server (Server.java:run(1273)) - Starting Socket Reader #1 for port 35263
2023-02-28 20:08:19,666 [Listener at 127.0.0.1/35263] INFO  impl.MetricsSystemImpl (MetricsSystemImpl.java:init(158)) - OzoneManager metrics system started (again)
2023-02-28 20:08:19,678 [Listener at 127.0.0.1/35263] INFO  om.OzoneManager (OzoneManager.java:start(1551)) - OzoneManager RPC server is listening at localhost/127.0.0.1:35263
2023-02-28 20:08:19,678 [Listener at 127.0.0.1/35263] INFO  ratis.OzoneManagerRatisServer (OzoneManagerRatisServer.java:start(559)) - Starting OzoneManagerRatisServer omNode-2 at port 33233
2023-02-28 20:08:19,678 [omNode-2-impl-thread1] INFO  storage.RaftStorageDirectory (RaftStorageDirectoryImpl.java:analyzeStorage(137)) - The storage directory /home/runner/work/ozone/ozone/hadoop-ozone/integration-test/target/test-dir/MiniOzoneClusterImpl-e7d671b1-06ed-40aa-a52b-2678dd5bab1b/omNode-2/ratis/c9bc4cf4-3bc3-3c60-a66b-523986131536 does not exist. Creating ...
2023-02-28 20:08:19,680 [omNode-2-impl-thread1] INFO  storage.RaftStorageDirectory (RaftStorageDirectoryImpl.java:tryLock(231)) - Lock on /home/runner/work/ozone/ozone/hadoop-ozone/integration-test/target/test-dir/MiniOzoneClusterImpl-e7d671b1-06ed-40aa-a52b-2678dd5bab1b/omNode-2/ratis/c9bc4cf4-3bc3-3c60-a66b-523986131536/in_use.lock acquired by nodename 61155@fv-az399-334
2023-02-28 20:08:19,681 [omNode-2-impl-thread1] INFO  storage.RaftStorage (RaftStorageImpl.java:format(96)) - Storage directory /home/runner/work/ozone/ozone/hadoop-ozone/integration-test/target/test-dir/MiniOzoneClusterImpl-e7d671b1-06ed-40aa-a52b-2678dd5bab1b/omNode-2/ratis/c9bc4cf4-3bc3-3c60-a66b-523986131536 has been successfully formatted.
2023-02-28 20:08:19,681 [omNode-2-impl-thread1] INFO  server.RaftServerConfigKeys (ConfUtils.java:logGet(46)) - raft.server.log.use.memory = false (default)
2023-02-28 20:08:19,681 [omNode-2-impl-thread1] INFO  server.RaftServerConfigKeys (ConfUtils.java:logGet(46)) - raft.server.log.purge.gap = 1000000 (custom)
2023-02-28 20:08:19,681 [omNode-2-impl-thread1] INFO  server.RaftServerConfigKeys (ConfUtils.java:logGet(46)) - raft.server.log.appender.buffer.byte-limit = 33554432 (custom)
2023-02-28 20:08:19,682 [omNode-2-impl-thread1] INFO  server.RaftServerConfigKeys (ConfUtils.java:logGet(46)) - raft.server.log.statemachine.data.read.timeout = 1000ms (default)
2023-02-28 20:08:19,682 [omNode-2-impl-thread1] INFO  server.RaftServerConfigKeys (ConfUtils.java:logGet(46)) - raft.server.log.purge.preservation.log.num = 0 (default)
2023-02-28 20:08:19,682 [omNode-2-impl-thread1] INFO  server.RaftServerConfigKeys (ConfUtils.java:logGet(46)) - raft.server.log.segment.size.max = 4194304 (custom)
2023-02-28 20:08:19,682 [omNode-2-impl-thread1] INFO  server.RaftServerConfigKeys (ConfUtils.java:logGet(46)) - raft.server.log.segment.cache.num.max = 2 (custom)
2023-02-28 20:08:19,682 [omNode-2-impl-thread1] INFO  server.RaftServerConfigKeys (ConfUtils.java:logGet(46)) - raft.server.log.segment.cache.size.max = 200MB (=209715200) (default)
2023-02-28 20:08:19,682 [omNode-2-impl-thread1] INFO  segmented.SegmentedRaftLogWorker (SegmentedRaftLogWorker.java:<init>(189)) - new omNode-2@group-523986131536-SegmentedRaftLogWorker for RaftStorageImpl:Storage Directory /home/runner/work/ozone/ozone/hadoop-ozone/integration-test/target/test-dir/MiniOzoneClusterImpl-e7d671b1-06ed-40aa-a52b-2678dd5bab1b/omNode-2/ratis/c9bc4cf4-3bc3-3c60-a66b-523986131536
2023-02-28 20:08:19,683 [omNode-2-impl-thread1] INFO  server.RaftServerConfigKeys (ConfUtils.java:logGet(46)) - raft.server.log.queue.byte-limit = 64MB (=67108864) (default)
2023-02-28 20:08:19,683 [omNode-2-impl-thread1] INFO  server.RaftServerConfigKeys (ConfUtils.java:logGet(46)) - raft.server.log.queue.element-limit = 4096 (default)
2023-02-28 20:08:19,683 [omNode-2-impl-thread1] INFO  server.RaftServerConfigKeys (ConfUtils.java:logGet(46)) - raft.server.log.segment.size.max = 4194304 (custom)
2023-02-28 20:08:19,684 [omNode-2-impl-thread1] INFO  server.RaftServerConfigKeys (ConfUtils.java:logGet(46)) - raft.server.log.preallocated.size = 4194304 (custom)
2023-02-28 20:08:19,684 [omNode-2-impl-thread1] INFO  server.RaftServerConfigKeys (ConfUtils.java:logGet(46)) - raft.server.log.force.sync.num = 128 (default)
2023-02-28 20:08:19,684 [omNode-2-impl-thread1] INFO  server.RaftServerConfigKeys (ConfUtils.java:logGet(46)) - raft.server.log.statemachine.data.sync = true (default)
2023-02-28 20:08:19,684 [omNode-2-impl-thread1] INFO  server.RaftServerConfigKeys (ConfUtils.java:logGet(46)) - raft.server.log.statemachine.data.sync.timeout = 10s (default)
2023-02-28 20:08:19,684 [omNode-2-impl-thread1] INFO  server.RaftServerConfigKeys (ConfUtils.java:logGet(46)) - raft.server.log.statemachine.data.sync.timeout.retry = -1 (default)
2023-02-28 20:08:19,685 [omNode-2-impl-thread1] INFO  server.RaftServerConfigKeys (ConfUtils.java:logGet(46)) - raft.server.log.write.buffer.size = 64KB (=65536) (default)
2023-02-28 20:08:19,686 [omNode-2-impl-thread1] INFO  server.RaftServerConfigKeys (ConfUtils.java:logGet(46)) - raft.server.log.appender.buffer.byte-limit = 33554432 (custom)
2023-02-28 20:08:19,691 [omNode-2-impl-thread1] INFO  server.RaftServerConfigKeys (ConfUtils.java:logGet(46)) - raft.server.log.unsafe-flush.enabled = false (default)
2023-02-28 20:08:19,691 [omNode-2-impl-thread1] INFO  server.RaftServerConfigKeys (ConfUtils.java:logGet(46)) - raft.server.log.async-flush.enabled = false (default)
2023-02-28 20:08:19,691 [omNode-2-impl-thread1] INFO  server.RaftServerConfigKeys (ConfUtils.java:logGet(46)) - raft.server.log.statemachine.data.caching.enabled = false (default)
2023-02-28 20:08:19,692 [omNode-2-impl-thread1] INFO  segmented.SegmentedRaftLogWorker (SegmentedRaftLogWorker.java:lambda$new$0(135)) - omNode-2@group-523986131536-SegmentedRaftLogWorker: flushIndex: setUnconditionally 0 -> -1
2023-02-28 20:08:19,692 [omNode-2-impl-thread1] INFO  segmented.SegmentedRaftLogWorker (SegmentedRaftLogWorker.java:lambda$new$0(135)) - omNode-2@group-523986131536-SegmentedRaftLogWorker: safeCacheEvictIndex: setUnconditionally 0 -> -1
2023-02-28 20:08:19,693 [omNode-2-impl-thread1] INFO  server.RaftServer$Division (RaftServerImpl.java:start(334)) - omNode-2@group-523986131536: start as a follower, conf=-1: peers:[omNode-3|rpc:localhost:33341|priority:0|startupRole:FOLLOWER, omNode-1|rpc:localhost:43039|priority:0|startupRole:FOLLOWER, omNode-2|rpc:localhost:33233|priority:0|startupRole:FOLLOWER]|listeners:[], old=null
2023-02-28 20:08:19,693 [omNode-2-impl-thread1] INFO  server.RaftServer$Division (RaftServerImpl.java:setRole(321)) - omNode-2@group-523986131536: changes role from      null to FOLLOWER at term 0 for startAsFollower
2023-02-28 20:08:19,694 [omNode-2-impl-thread1] INFO  impl.RoleInfo (RoleInfo.java:updateAndGet(139)) - omNode-2: start omNode-2@group-523986131536-FollowerState
2023-02-28 20:08:19,695 [omNode-2-impl-thread1] INFO  util.JmxRegister (JmxRegister.java:tryRegister(44)) - Successfully registered JMX Bean with object name Ratis:service=RaftServer,group=group-523986131536,id=omNode-2
2023-02-28 20:08:19,699 [omNode-2-impl-thread1] INFO  server.RaftServerConfigKeys (ConfUtils.java:logGet(46)) - raft.server.snapshot.auto.trigger.enabled = true (custom)
2023-02-28 20:08:19,699 [omNode-2-impl-thread1] INFO  server.RaftServerConfigKeys (ConfUtils.java:logGet(46)) - raft.server.snapshot.auto.trigger.threshold = 400000 (default)
2023-02-28 20:08:19,699 [omNode-2-impl-thread1] INFO  server.RaftServerConfigKeys (ConfUtils.java:logGet(46)) - raft.server.snapshot.retention.file.num = -1 (default)
2023-02-28 20:08:19,700 [omNode-2-impl-thread1] INFO  server.RaftServerConfigKeys (ConfUtils.java:logGet(46)) - raft.server.log.purge.upto.snapshot.index = true (custom)
2023-02-28 20:08:19,701 [Listener at 127.0.0.1/35263] INFO  server.RaftServer (RaftServerProxy.java:startImpl(393)) - omNode-2: start RPC server
2023-02-28 20:08:19,702 [omNode-2@group-523986131536-FollowerState] INFO  server.RaftServerConfigKeys (ConfUtils.java:logFallback(53)) - raft.server.rpc.first-election.timeout.min = 1s (fallback to raft.server.rpc.timeout.min)
2023-02-28 20:08:19,702 [omNode-2@group-523986131536-FollowerState] INFO  server.RaftServerConfigKeys (ConfUtils.java:logFallback(53)) - raft.server.rpc.first-election.timeout.max = 1200ms (fallback to raft.server.rpc.timeout.max)
2023-02-28 20:08:19,703 [Listener at 127.0.0.1/35263] INFO  server.GrpcService (GrpcService.java:startImpl(262)) - omNode-2: GrpcService started, listening on 33233
2023-02-28 20:08:19,703 [Listener at 127.0.0.1/35263] INFO  om.OzoneManager (OzoneManager.java:start(1567)) - Version File has different layout version (3) than OM DB (null). That is expected if this OM has never been finalized to a newer layout version.
2023-02-28 20:08:19,706 [Listener at 127.0.0.1/35263] INFO  http.BaseHttpServer (BaseHttpServer.java:newHttpServer2BuilderForOzone(213)) - Starting Web-server for ozoneManager at: http://0.0.0.0:36881
2023-02-28 20:08:19,706 [Listener at 127.0.0.1/35263] INFO  http.BaseHttpServer (BaseHttpServer.java:<init>(108)) - Hadoop Security Enabled: false Ozone Security Enabled: false Ozone HTTP Security Enabled: false 
2023-02-28 20:08:19,708 [Listener at 127.0.0.1/35263] WARN  server.AuthenticationFilter (AuthenticationFilter.java:constructSecretProvider(240)) - Unable to initialize FileSignerSecretProvider, falling back to use random secrets. Reason: Could not read signature secret file: /home/runner/hadoop-http-auth-signature-secret
2023-02-28 20:08:19,709 [Listener at 127.0.0.1/35263] WARN  http.HttpRequestLog (HttpRequestLog.java:getRequestLog(103)) - Jetty request log can only be enabled using Log4j
2023-02-28 20:08:19,711 [Listener at 127.0.0.1/35263] INFO  http.HttpServer2 (HttpServer2.java:addGlobalFilter(1031)) - Added global filter 'safety' (class=org.apache.hadoop.hdds.server.http.HttpServer2$QuotingInputFilter)
2023-02-28 20:08:19,712 [Listener at 127.0.0.1/35263] INFO  http.HttpServer2 (HttpServer2.java:addFilter(1007)) - Added filter static_user_filter (class=org.apache.hadoop.http.lib.StaticUserWebFilter$StaticUserFilter) to context ozoneManager
2023-02-28 20:08:19,712 [Listener at 127.0.0.1/35263] INFO  http.HttpServer2 (HttpServer2.java:addFilter(1015)) - Added filter static_user_filter (class=org.apache.hadoop.http.lib.StaticUserWebFilter$StaticUserFilter) to context logs
2023-02-28 20:08:19,712 [Listener at 127.0.0.1/35263] INFO  http.HttpServer2 (HttpServer2.java:addFilter(1015)) - Added filter static_user_filter (class=org.apache.hadoop.http.lib.StaticUserWebFilter$StaticUserFilter) to context static
2023-02-28 20:08:19,713 [Listener at 127.0.0.1/35263] INFO  http.HttpServer2 (HttpServer2.java:bindListener(1250)) - Jetty bound to port 36881
2023-02-28 20:08:19,713 [Listener at 127.0.0.1/35263] INFO  server.Server (Server.java:doStart(375)) - jetty-9.4.49.v20220914; built: 2022-09-14T01:07:36.601Z; git: 4231a3b2e4cb8548a412a789936d640a97b1aa0a; jvm 1.8.0_362-b09
2023-02-28 20:08:19,703 [JvmPauseMonitor1] INFO  util.JvmPauseMonitor (JvmPauseMonitor.java:run(105)) - JvmPauseMonitor-omNode-2: Started
2023-02-28 20:08:19,724 [Listener at 127.0.0.1/35263] INFO  server.session (DefaultSessionIdManager.java:doStart(334)) - DefaultSessionIdManager workerName=node0
2023-02-28 20:08:19,724 [Listener at 127.0.0.1/35263] INFO  server.session (DefaultSessionIdManager.java:doStart(339)) - No SessionScavenger set, using defaults
2023-02-28 20:08:19,724 [Listener at 127.0.0.1/35263] INFO  server.session (HouseKeeper.java:startScavenging(132)) - node0 Scavenging every 660000ms
2023-02-28 20:08:19,725 [Listener at 127.0.0.1/35263] INFO  handler.ContextHandler (ContextHandler.java:doStart(921)) - Started o.e.j.s.ServletContextHandler@398956e9{logs,/logs,file:///home/runner/work/ozone/ozone/hadoop-ozone/integration-test/target/log,AVAILABLE}
2023-02-28 20:08:19,726 [Listener at 127.0.0.1/35263] INFO  handler.ContextHandler (ContextHandler.java:doStart(921)) - Started o.e.j.s.ServletContextHandler@a8a1822{static,/static,file:///home/runner/work/ozone/ozone/hadoop-ozone/integration-test/target/test-classes/webapps/static,AVAILABLE}
2023-02-28 20:08:19,730 [Listener at 127.0.0.1/35263] INFO  handler.ContextHandler (ContextHandler.java:doStart(921)) - Started o.e.j.w.WebAppContext@71303d2c{ozoneManager,/,file:///home/runner/work/ozone/ozone/hadoop-ozone/integration-test/target/test-classes/webapps/ozoneManager/,AVAILABLE}{file:/home/runner/work/ozone/ozone/hadoop-ozone/integration-test/target/test-classes/webapps/ozoneManager}
2023-02-28 20:08:19,737 [Listener at 127.0.0.1/35263] INFO  server.AbstractConnector (AbstractConnector.java:doStart(333)) - Started ServerConnector@28faece4{HTTP/1.1, (http/1.1)}{0.0.0.0:36881}
2023-02-28 20:08:19,737 [Listener at 127.0.0.1/35263] INFO  server.Server (Server.java:doStart(415)) - Started @8421ms
2023-02-28 20:08:19,737 [Listener at 127.0.0.1/35263] WARN  impl.MetricsSystemImpl (MetricsSystemImpl.java:register(279)) - Sink prometheus already exists!
2023-02-28 20:08:19,739 [Listener at 127.0.0.1/35263] INFO  http.BaseHttpServer (BaseHttpServer.java:updateConnectorAddress(333)) - HTTP server of ozoneManager listening at http://0.0.0.0:36881
2023-02-28 20:08:19,740 [IPC Server Responder] INFO  ipc.Server (Server.java:run(1512)) - IPC Server Responder: starting
2023-02-28 20:08:19,742 [IPC Server listener on 35263] INFO  ipc.Server (Server.java:run(1352)) - IPC Server listener on 35263: starting
2023-02-28 20:08:19,749 [Listener at 127.0.0.1/35263] INFO  om.OzoneManager (OzoneManager.java:startTrashEmptier(2038)) - Trash Interval set to 0. Files deleted won't move to trash
2023-02-28 20:08:19,749 [Listener at 127.0.0.1/35263] INFO  ozone.MiniOzoneHAClusterImpl (MiniOzoneHAClusterImpl.java:createOMService(527)) - Started OzoneManager omNode-2 RPC server at localhost/127.0.0.1:35263
2023-02-28 20:08:19,750 [Listener at 127.0.0.1/35263] INFO  ha.OMHANodeDetails (OMHANodeDetails.java:loadOMHAConfig(121)) - ServiceID for OzoneManager is om-service-test1
2023-02-28 20:08:19,751 [Listener at 127.0.0.1/35263] INFO  ha.OMHANodeDetails (OMHANodeDetails.java:loadOMHAConfig(201)) - Found matching OM address with OMServiceId: om-service-test1, OMNodeId: omNode-3, RPC Address: localhost:46171 and Ratis port: 33341
2023-02-28 20:08:19,751 [Listener at 127.0.0.1/35263] INFO  ha.OMHANodeDetails (ConfUtils.java:setNodeSpecificConfigs(97)) - Setting configuration key ozone.om.http-address with value of key ozone.om.http-address.om-service-test1.omNode-3: 127.0.0.1:36221
2023-02-28 20:08:19,751 [Listener at 127.0.0.1/35263] INFO  ha.OMHANodeDetails (ConfUtils.java:setNodeSpecificConfigs(97)) - Setting configuration key ozone.om.https-address with value of key ozone.om.https-address.om-service-test1.omNode-3: 127.0.0.1:37419
2023-02-28 20:08:19,751 [Listener at 127.0.0.1/35263] INFO  ha.OMHANodeDetails (ConfUtils.java:setNodeSpecificConfigs(97)) - Setting configuration key ozone.om.address with value of key ozone.om.address.om-service-test1.omNode-3: 127.0.0.1:46171
2023-02-28 20:08:19,751 [Listener at 127.0.0.1/35263] WARN  server.ServerUtils (ServerUtils.java:getDBPath(225)) - ozone.om.db.dirs is not configured. We recommend adding this setting. Falling back to ozone.metadata.dirs instead.
2023-02-28 20:08:19,752 [Listener at 127.0.0.1/35263] INFO  proxy.SCMBlockLocationFailoverProxyProvider (SCMBlockLocationFailoverProxyProvider.java:<init>(114)) - Created block location fail-over proxy with 1 nodes: [nodeId=scmNodeId,nodeAddress=/0.0.0.0:40961]
2023-02-28 20:08:19,759 [org.apache.hadoop.util.JvmPauseMonitor$Monitor@232a0cfd] INFO  util.JvmPauseMonitor (JvmPauseMonitor.java:run(188)) - Starting JVM pause monitor
OM initialization succeeded.Current cluster id for sd=/home/runner/work/ozone/ozone/hadoop-ozone/integration-test/target/test-dir/MiniOzoneClusterImpl-e7d671b1-06ed-40aa-a52b-2678dd5bab1b/omNode-3/om;cid=e7d671b1-06ed-40aa-a52b-2678dd5bab1b;layoutVersion=3
2023-02-28 20:08:19,765 [Listener at 127.0.0.1/35263] INFO  ha.OMHANodeDetails (OMHANodeDetails.java:loadOMHAConfig(121)) - ServiceID for OzoneManager is om-service-test1
2023-02-28 20:08:19,765 [Listener at 127.0.0.1/35263] INFO  ha.OMHANodeDetails (OMHANodeDetails.java:loadOMHAConfig(201)) - Found matching OM address with OMServiceId: om-service-test1, OMNodeId: omNode-3, RPC Address: localhost:46171 and Ratis port: 33341
2023-02-28 20:08:19,765 [Listener at 127.0.0.1/35263] INFO  ha.OMHANodeDetails (ConfUtils.java:setNodeSpecificConfigs(97)) - Setting configuration key ozone.om.http-address with value of key ozone.om.http-address.om-service-test1.omNode-3: 127.0.0.1:36221
2023-02-28 20:08:19,765 [Listener at 127.0.0.1/35263] INFO  ha.OMHANodeDetails (ConfUtils.java:setNodeSpecificConfigs(97)) - Setting configuration key ozone.om.https-address with value of key ozone.om.https-address.om-service-test1.omNode-3: 127.0.0.1:37419
2023-02-28 20:08:19,766 [Listener at 127.0.0.1/35263] INFO  ha.OMHANodeDetails (ConfUtils.java:setNodeSpecificConfigs(97)) - Setting configuration key ozone.om.address with value of key ozone.om.address.om-service-test1.omNode-3: 127.0.0.1:46171
2023-02-28 20:08:19,766 [Listener at 127.0.0.1/35263] WARN  server.ServerUtils (ServerUtils.java:getDBPath(225)) - ozone.om.db.dirs is not configured. We recommend adding this setting. Falling back to ozone.metadata.dirs instead.
2023-02-28 20:08:19,767 [Listener at 127.0.0.1/35263] INFO  upgrade.AbstractLayoutVersionManager (AbstractLayoutVersionManager.java:init(83)) - Initializing Layout version manager with metadata layout = MULTITENANCY_SCHEMA (version = 3), software layout = MULTITENANCY_SCHEMA (version = 3)
2023-02-28 20:08:19,837 [omNode-1@group-523986131536-FollowerState] INFO  impl.FollowerState (FollowerState.java:run(143)) - omNode-1@group-523986131536-FollowerState: change to CANDIDATE, lastRpcElapsedTime:1199280286ns, electionTimeout:1184ms
2023-02-28 20:08:19,838 [omNode-1@group-523986131536-FollowerState] INFO  impl.RoleInfo (RoleInfo.java:shutdownFollowerState(110)) - omNode-1: shutdown omNode-1@group-523986131536-FollowerState
2023-02-28 20:08:19,838 [omNode-1@group-523986131536-FollowerState] INFO  server.RaftServer$Division (RaftServerImpl.java:setRole(321)) - omNode-1@group-523986131536: changes role from  FOLLOWER to CANDIDATE at term 0 for changeToCandidate
2023-02-28 20:08:19,863 [Listener at 127.0.0.1/35263] INFO  reflections.Reflections (Reflections.java:scan(232)) - Reflections took 95 ms to scan 2 urls, producing 167 keys and 459 values [using 2 cores]
2023-02-28 20:08:19,864 [Listener at 127.0.0.1/35263] INFO  upgrade.OMLayoutVersionManager (OMLayoutVersionManager.java:lambda$0(115)) - Skipping Upgrade Action MockOmUpgradeAction since it has been finalized.
2023-02-28 20:08:19,864 [Listener at 127.0.0.1/35263] WARN  server.ServerUtils (ServerUtils.java:getDBPath(225)) - ozone.om.db.dirs is not configured. We recommend adding this setting. Falling back to ozone.metadata.dirs instead.
2023-02-28 20:08:19,865 [Listener at 127.0.0.1/35263] INFO  proxy.SCMBlockLocationFailoverProxyProvider (SCMBlockLocationFailoverProxyProvider.java:<init>(114)) - Created block location fail-over proxy with 1 nodes: [nodeId=scmNodeId,nodeAddress=/0.0.0.0:40961]
2023-02-28 20:08:19,871 [Listener at 127.0.0.1/35263] INFO  proxy.SCMBlockLocationFailoverProxyProvider (SCMBlockLocationFailoverProxyProvider.java:<init>(114)) - Created block location fail-over proxy with 1 nodes: [nodeId=scmNodeId,nodeAddress=/0.0.0.0:40961]
2023-02-28 20:08:19,874 [omNode-1@group-523986131536-FollowerState] INFO  server.RaftServerConfigKeys (ConfUtils.java:logGet(46)) - raft.server.leaderelection.pre-vote = true (default)
2023-02-28 20:08:19,874 [omNode-1@group-523986131536-FollowerState] INFO  impl.RoleInfo (RoleInfo.java:updateAndGet(139)) - omNode-1: start omNode-1@group-523986131536-LeaderElection1
2023-02-28 20:08:19,888 [Listener at 127.0.0.1/35263] INFO  om.OzoneManager (OzoneManager.java:<init>(618)) - OM start with adminUsers: [runner]
2023-02-28 20:08:19,889 [Listener at 127.0.0.1/35263] WARN  server.ServerUtils (ServerUtils.java:getDBPath(225)) - ozone.om.db.dirs is not configured. We recommend adding this setting. Falling back to ozone.metadata.dirs instead.
2023-02-28 20:08:19,889 [Listener at 127.0.0.1/35263] INFO  codec.OmKeyInfoCodec (OmKeyInfoCodec.java:<init>(49)) - OmKeyInfoCodec ignorePipeline = true
2023-02-28 20:08:19,889 [Listener at 127.0.0.1/35263] INFO  codec.RepeatedOmKeyInfoCodec (RepeatedOmKeyInfoCodec.java:<init>(41)) - RepeatedOmKeyInfoCodec ignorePipeline = true
2023-02-28 20:08:19,891 [omNode-1@group-523986131536-LeaderElection1] INFO  impl.LeaderElection (LeaderElection.java:askForVotes(312)) - omNode-1@group-523986131536-LeaderElection1 PRE_VOTE round 0: submit vote requests at term 0 for -1: peers:[omNode-3|rpc:localhost:33341|priority:0|startupRole:FOLLOWER, omNode-1|rpc:localhost:43039|priority:0|startupRole:FOLLOWER, omNode-2|rpc:localhost:33233|priority:0|startupRole:FOLLOWER]|listeners:[], old=null
2023-02-28 20:08:19,923 [omNode-1@group-523986131536-LeaderElection1] INFO  server.RaftServerConfigKeys (ConfUtils.java:logFallback(53)) - raft.server.rpc.first-election.timeout.min = 1s (fallback to raft.server.rpc.timeout.min)
2023-02-28 20:08:19,923 [omNode-1@group-523986131536-LeaderElection1] INFO  server.RaftServerConfigKeys (ConfUtils.java:logFallback(53)) - raft.server.rpc.first-election.timeout.max = 1200ms (fallback to raft.server.rpc.timeout.max)
2023-02-28 20:08:19,925 [omNode-1@group-523986131536-LeaderElection1-1] INFO  server.GrpcServerProtocolClient (GrpcServerProtocolClient.java:<init>(63)) - Build channel for omNode-3
2023-02-28 20:08:19,928 [omNode-1@group-523986131536-LeaderElection1-2] INFO  server.GrpcServerProtocolClient (GrpcServerProtocolClient.java:<init>(63)) - Build channel for omNode-2
2023-02-28 20:08:20,175 [Listener at 127.0.0.1/35263] INFO  om.OzoneManager (OzoneManager.java:instantiateServices(748)) - S3 Multi-Tenancy is disabled
2023-02-28 20:08:20,175 [Listener at 127.0.0.1/35263] WARN  server.ServerUtils (ServerUtils.java:getDBPath(225)) - ozone.om.snapshot.diff.db.dir is not configured. We recommend adding this setting. Falling back to ozone.metadata.dirs instead.
2023-02-28 20:08:20,200 [Listener at 127.0.0.1/35263] INFO  om.OzoneManager (OzoneManager.java:addS3GVolumeToDB(4215)) - Created Volume s3v With Owner runner required for S3Gateway operations.
2023-02-28 20:08:20,200 [Listener at 127.0.0.1/35263] WARN  server.ServerUtils (ServerUtils.java:getDefaultRatisDirectory(237)) - Storage directory for Ratis is not configured. It is a good idea to map this to an SSD disk. Falling back to ozone.metadata.dirs
2023-02-28 20:08:20,200 [Listener at 127.0.0.1/35263] WARN  utils.OzoneManagerRatisUtils (OzoneManagerRatisUtils.java:getOMRatisSnapshotDirectory(436)) - ozone.om.ratis.snapshot.dir is not configured. Falling back to ozone.metadata.dirs config
2023-02-28 20:08:20,200 [Listener at 127.0.0.1/35263] INFO  snapshot.OzoneManagerSnapshotProvider (OzoneManagerSnapshotProvider.java:<init>(76)) - Initializing OM Snapshot Provider
2023-02-28 20:08:20,204 [Listener at 127.0.0.1/35263] WARN  impl.MetricRegistriesImpl (MetricRegistriesImpl.java:addReporterRegistration(111)) - New reporters are added after registries were created. Some metrics will be missing from the reporter. Please add reporter before adding any new registry.
2023-02-28 20:08:20,204 [Listener at 127.0.0.1/35263] WARN  impl.MetricRegistriesImpl (MetricRegistriesImpl.java:addReporterRegistration(111)) - New reporters are added after registries were created. Some metrics will be missing from the reporter. Please add reporter before adding any new registry.
2023-02-28 20:08:20,204 [Listener at 127.0.0.1/35263] WARN  server.ServerUtils (ServerUtils.java:getDefaultRatisDirectory(237)) - Storage directory for Ratis is not configured. It is a good idea to map this to an SSD disk. Falling back to ozone.metadata.dirs
2023-02-28 20:08:20,210 [Listener at 127.0.0.1/35263] INFO  ratis.OzoneManagerRatisServer (OzoneManagerRatisServer.java:<init>(164)) - Instantiating OM Ratis server with groupID: om-service-test1 and peers: localhost:33341, localhost:43039, localhost:33233
2023-02-28 20:08:20,211 [Listener at 127.0.0.1/35263] INFO  ratis.OzoneManagerStateMachine (OzoneManagerStateMachine.java:loadSnapshotInfoFromDB(636)) - LastAppliedIndex is set from TransactionInfo from OM DB as (t:0, i:~)
2023-02-28 20:08:20,214 [Listener at 127.0.0.1/35263] INFO  server.RaftServer (ConfUtils.java:logGet(46)) - raft.rpc.type = GRPC (default)
2023-02-28 20:08:20,214 [Listener at 127.0.0.1/35263] INFO  grpc.GrpcConfigKeys (ConfUtils.java:logFallback(53)) - raft.grpc.admin.host = null (fallback to raft.grpc.server.host)
2023-02-28 20:08:20,215 [Listener at 127.0.0.1/35263] INFO  grpc.GrpcConfigKeys (ConfUtils.java:logFallback(53)) - raft.grpc.admin.port = 33341 (fallback to raft.grpc.server.port)
2023-02-28 20:08:20,215 [Listener at 127.0.0.1/35263] INFO  grpc.GrpcConfigKeys (ConfUtils.java:logFallback(53)) - raft.grpc.client.host = null (fallback to raft.grpc.server.host)
2023-02-28 20:08:20,215 [Listener at 127.0.0.1/35263] INFO  grpc.GrpcConfigKeys (ConfUtils.java:logFallback(53)) - raft.grpc.client.port = 33341 (fallback to raft.grpc.server.port)
2023-02-28 20:08:20,215 [Listener at 127.0.0.1/35263] INFO  grpc.GrpcConfigKeys (ConfUtils.java:logGet(46)) - raft.grpc.server.host = null (default)
2023-02-28 20:08:20,215 [Listener at 127.0.0.1/35263] INFO  grpc.GrpcConfigKeys (ConfUtils.java:logGet(46)) - raft.grpc.server.port = 33341 (custom)
2023-02-28 20:08:20,215 [Listener at 127.0.0.1/35263] INFO  server.GrpcService (ConfUtils.java:logGet(46)) - raft.grpc.message.size.max = 33554432 (custom)
2023-02-28 20:08:20,223 [Listener at 127.0.0.1/35263] INFO  server.RaftServerConfigKeys (ConfUtils.java:logGet(46)) - raft.server.log.appender.buffer.byte-limit = 33554432 (custom)
2023-02-28 20:08:20,223 [Listener at 127.0.0.1/35263] INFO  server.GrpcService (ConfUtils.java:logGet(46)) - raft.grpc.flow.control.window = 1MB (=1048576) (default)
2023-02-28 20:08:20,223 [Listener at 127.0.0.1/35263] INFO  server.RaftServerConfigKeys (ConfUtils.java:logGet(46)) - raft.server.rpc.request.timeout = 3000ms (default)
2023-02-28 20:08:20,224 [Listener at 127.0.0.1/35263] INFO  grpc.GrpcConfigKeys (ConfUtils.java:logGet(46)) - raft.grpc.server.heartbeat.channel = true (default)
2023-02-28 20:08:20,224 [Listener at 127.0.0.1/35263] INFO  grpc.GrpcConfigKeys (ConfUtils.java:logGet(46)) - raft.grpc.server.async.request.thread.pool.cached = true (default)
2023-02-28 20:08:20,224 [Listener at 127.0.0.1/35263] INFO  grpc.GrpcConfigKeys (ConfUtils.java:logGet(46)) - raft.grpc.server.async.request.thread.pool.size = 32 (default)
2023-02-28 20:08:20,225 [Listener at 127.0.0.1/35263] INFO  impl.DataStreamServerImpl (ConfUtils.java:logGet(46)) - raft.datastream.type = DISABLED (default)
2023-02-28 20:08:20,225 [Listener at 127.0.0.1/35263] INFO  server.RaftServerConfigKeys (ConfUtils.java:logGet(46)) - raft.server.threadpool.proxy.cached = true (default)
2023-02-28 20:08:20,225 [Listener at 127.0.0.1/35263] INFO  server.RaftServerConfigKeys (ConfUtils.java:logGet(46)) - raft.server.threadpool.proxy.size = 0 (default)
2023-02-28 20:08:20,225 [Listener at 127.0.0.1/35263] INFO  server.RaftServerConfigKeys (ConfUtils.java:logGet(46)) - raft.server.rpc.slowness.timeout = 2s (custom)
2023-02-28 20:08:20,226 [Listener at 127.0.0.1/35263] INFO  server.RaftServerConfigKeys (ConfUtils.java:logGet(46)) - raft.server.leaderelection.leader.step-down.wait-time = 10s (default)
2023-02-28 20:08:20,226 [Listener at 127.0.0.1/35263] INFO  server.RaftServerConfigKeys (ConfUtils.java:logGet(46)) - raft.server.storage.dir = [/home/runner/work/ozone/ozone/hadoop-ozone/integration-test/target/test-dir/MiniOzoneClusterImpl-e7d671b1-06ed-40aa-a52b-2678dd5bab1b/omNode-3/ratis] (custom)
2023-02-28 20:08:20,234 [Listener at 127.0.0.1/35263] INFO  server.RaftServer (RaftServerProxy.java:addNew(96)) - omNode-3: addNew group-523986131536:[omNode-3|rpc:localhost:33341|priority:0|startupRole:FOLLOWER, omNode-1|rpc:localhost:43039|priority:0|startupRole:FOLLOWER, omNode-2|rpc:localhost:33233|priority:0|startupRole:FOLLOWER] returns group-523986131536:java.util.concurrent.CompletableFuture@4a4cc870[Not completed]
2023-02-28 20:08:20,234 [Listener at 127.0.0.1/35263] INFO  om.OzoneManager (OzoneManager.java:initializeRatisServer(2094)) - OzoneManager Ratis server initialized at port 33341
2023-02-28 20:08:20,235 [Listener at 127.0.0.1/35263] INFO  om.OzoneManager (OzoneManager.java:getRpcServer(1131)) - Creating RPC Server
2023-02-28 20:08:20,236 [pool-112-thread-1] INFO  server.RaftServer$Division (RaftServerImpl.java:<init>(195)) - omNode-3: new RaftServerImpl for group-523986131536:[omNode-3|rpc:localhost:33341|priority:0|startupRole:FOLLOWER, omNode-1|rpc:localhost:43039|priority:0|startupRole:FOLLOWER, omNode-2|rpc:localhost:33233|priority:0|startupRole:FOLLOWER] with OzoneManagerStateMachine:uninitialized
2023-02-28 20:08:20,236 [pool-112-thread-1] INFO  server.RaftServerConfigKeys (ConfUtils.java:logGet(46)) - raft.server.rpc.timeout.min = 1s (custom)
2023-02-28 20:08:20,236 [pool-112-thread-1] INFO  server.RaftServerConfigKeys (ConfUtils.java:logGet(46)) - raft.server.rpc.timeout.max = 1200ms (custom)
2023-02-28 20:08:20,236 [pool-112-thread-1] INFO  server.RaftServerConfigKeys (ConfUtils.java:logGet(46)) - raft.server.rpc.sleep.time = 25ms (default)
2023-02-28 20:08:20,236 [pool-112-thread-1] INFO  server.RaftServerConfigKeys (ConfUtils.java:logGet(46)) - raft.server.rpc.slowness.timeout = 2s (custom)
2023-02-28 20:08:20,236 [pool-112-thread-1] INFO  server.RaftServerConfigKeys (ConfUtils.java:logGet(46)) - raft.server.leaderelection.leader.step-down.wait-time = 10s (default)
2023-02-28 20:08:20,236 [pool-112-thread-1] INFO  server.RaftServerConfigKeys (ConfUtils.java:logGet(46)) - raft.server.sleep.deviation.threshold = 300ms (default)
2023-02-28 20:08:20,236 [pool-112-thread-1] INFO  server.RaftServer$Division (ServerState.java:<init>(118)) - omNode-3@group-523986131536: ConfigurationManager, init=-1: peers:[omNode-3|rpc:localhost:33341|priority:0|startupRole:FOLLOWER, omNode-1|rpc:localhost:43039|priority:0|startupRole:FOLLOWER, omNode-2|rpc:localhost:33233|priority:0|startupRole:FOLLOWER]|listeners:[], old=null, confs=<EMPTY_MAP>
2023-02-28 20:08:20,236 [pool-112-thread-1] INFO  server.RaftServerConfigKeys (ConfUtils.java:logGet(46)) - raft.server.storage.dir = [/home/runner/work/ozone/ozone/hadoop-ozone/integration-test/target/test-dir/MiniOzoneClusterImpl-e7d671b1-06ed-40aa-a52b-2678dd5bab1b/omNode-3/ratis] (custom)
2023-02-28 20:08:20,237 [pool-112-thread-1] INFO  server.RaftServerConfigKeys (ConfUtils.java:logGet(46)) - raft.server.log.corruption.policy = EXCEPTION (default)
2023-02-28 20:08:20,237 [pool-112-thread-1] INFO  server.RaftServerConfigKeys (ConfUtils.java:logGet(46)) - raft.server.storage.free-space.min = 0MB (=0) (default)
2023-02-28 20:08:20,237 [pool-112-thread-1] INFO  server.RaftServerConfigKeys (ConfUtils.java:logGet(46)) - raft.server.notification.no-leader.timeout = 2s (custom)
2023-02-28 20:08:20,237 [pool-112-thread-1] INFO  server.RaftServerConfigKeys (ConfUtils.java:logGet(46)) - raft.server.retrycache.expirytime = 300s (custom)
2023-02-28 20:08:20,237 [pool-112-thread-1] INFO  server.RaftServerConfigKeys (ConfUtils.java:logGet(46)) - raft.server.retrycache.statistics.expirytime = 100μs (default)
2023-02-28 20:08:20,238 [pool-112-thread-1] INFO  server.RaftServerConfigKeys (ConfUtils.java:logGet(46)) - raft.server.log.appender.install.snapshot.enabled = false (custom)
2023-02-28 20:08:20,238 [pool-112-thread-1] INFO  server.RaftServerConfigKeys (ConfUtils.java:logGet(46)) - raft.server.threadpool.server.cached = true (default)
2023-02-28 20:08:20,238 [pool-112-thread-1] INFO  server.RaftServerConfigKeys (ConfUtils.java:logGet(46)) - raft.server.threadpool.server.size = 0 (default)
2023-02-28 20:08:20,238 [pool-112-thread-1] INFO  server.RaftServerConfigKeys (ConfUtils.java:logGet(46)) - raft.server.threadpool.client.cached = true (default)
2023-02-28 20:08:20,238 [pool-112-thread-1] INFO  server.RaftServerConfigKeys (ConfUtils.java:logGet(46)) - raft.server.threadpool.client.size = 0 (default)
2023-02-28 20:08:20,321 [omNode-1@group-523986131536-LeaderElection1] INFO  impl.LeaderElection (LogUtils.java:infoOrTrace(137)) - omNode-1@group-523986131536-LeaderElection1 got exception when requesting votes: java.util.concurrent.ExecutionException: org.apache.ratis.thirdparty.io.grpc.StatusRuntimeException: UNAVAILABLE: io exception
2023-02-28 20:08:20,425 [grpc-default-executor-1] INFO  server.RaftServer$Division (RaftServerImpl.java:requestVote(1218)) - omNode-2@group-523986131536: receive requestVote(PRE_VOTE, omNode-1, group-523986131536, 0, (t:0, i:~))
2023-02-28 20:08:20,430 [grpc-default-executor-1] INFO  impl.VoteContext (VoteContext.java:log(49)) - omNode-2@group-523986131536-FOLLOWER: accept PRE_VOTE from omNode-1: our priority 0 <= candidate's priority 0
2023-02-28 20:08:20,447 [grpc-default-executor-1] INFO  server.RaftServer$Division (RaftServerImpl.java:requestVote(1251)) - omNode-2@group-523986131536 replies to PRE_VOTE vote request: omNode-1<-omNode-2#0:OK-t0. Peer's state: omNode-2@group-523986131536:t0, leader=null, voted=, raftlog=Memoized:omNode-2@group-523986131536-SegmentedRaftLog:OPENED:c-1, conf=-1: peers:[omNode-3|rpc:localhost:33341|priority:0|startupRole:FOLLOWER, omNode-1|rpc:localhost:43039|priority:0|startupRole:FOLLOWER, omNode-2|rpc:localhost:33233|priority:0|startupRole:FOLLOWER]|listeners:[], old=null
2023-02-28 20:08:20,461 [omNode-1@group-523986131536-LeaderElection1] INFO  impl.LeaderElection (LeaderElection.java:logAndReturn(90)) - omNode-1@group-523986131536-LeaderElection1: PRE_VOTE PASSED received 1 response(s) and 1 exception(s):
2023-02-28 20:08:20,461 [omNode-1@group-523986131536-LeaderElection1] INFO  impl.LeaderElection (LeaderElection.java:logAndReturn(94)) -   Response 0: omNode-1<-omNode-2#0:OK-t0
2023-02-28 20:08:20,462 [omNode-1@group-523986131536-LeaderElection1] INFO  impl.LeaderElection (LogUtils.java:infoOrTrace(137)) -   Exception 1: java.util.concurrent.ExecutionException: org.apache.ratis.thirdparty.io.grpc.StatusRuntimeException: UNAVAILABLE: io exception
2023-02-28 20:08:20,462 [omNode-1@group-523986131536-LeaderElection1] INFO  impl.LeaderElection (LeaderElection.java:askForVotes(314)) - omNode-1@group-523986131536-LeaderElection1 PRE_VOTE round 0: result PASSED
2023-02-28 20:08:20,464 [omNode-1@group-523986131536-LeaderElection1] INFO  impl.LeaderElection (LeaderElection.java:askForVotes(312)) - omNode-1@group-523986131536-LeaderElection1 ELECTION round 0: submit vote requests at term 1 for -1: peers:[omNode-3|rpc:localhost:33341|priority:0|startupRole:FOLLOWER, omNode-1|rpc:localhost:43039|priority:0|startupRole:FOLLOWER, omNode-2|rpc:localhost:33233|priority:0|startupRole:FOLLOWER]|listeners:[], old=null
2023-02-28 20:08:20,478 [omNode-1@group-523986131536-LeaderElection1] INFO  server.RaftServerConfigKeys (ConfUtils.java:logFallback(53)) - raft.server.rpc.first-election.timeout.min = 1s (fallback to raft.server.rpc.timeout.min)
2023-02-28 20:08:20,478 [omNode-1@group-523986131536-LeaderElection1] INFO  server.RaftServerConfigKeys (ConfUtils.java:logFallback(53)) - raft.server.rpc.first-election.timeout.max = 1200ms (fallback to raft.server.rpc.timeout.max)
2023-02-28 20:08:20,479 [omNode-1@group-523986131536-LeaderElection1] INFO  impl.LeaderElection (LogUtils.java:infoOrTrace(137)) - omNode-1@group-523986131536-LeaderElection1 got exception when requesting votes: java.util.concurrent.ExecutionException: org.apache.ratis.thirdparty.io.grpc.StatusRuntimeException: UNAVAILABLE: io exception
2023-02-28 20:08:20,511 [grpc-default-executor-0] INFO  server.RaftServer$Division (RaftServerImpl.java:requestVote(1218)) - omNode-2@group-523986131536: receive requestVote(ELECTION, omNode-1, group-523986131536, 1, (t:0, i:~))
2023-02-28 20:08:20,512 [grpc-default-executor-0] INFO  impl.VoteContext (VoteContext.java:log(49)) - omNode-2@group-523986131536-FOLLOWER: accept ELECTION from omNode-1: our priority 0 <= candidate's priority 0
2023-02-28 20:08:20,514 [grpc-default-executor-0] INFO  server.RaftServer$Division (RaftServerImpl.java:setRole(321)) - omNode-2@group-523986131536: changes role from  FOLLOWER to FOLLOWER at term 1 for candidate:omNode-1
2023-02-28 20:08:20,514 [grpc-default-executor-0] INFO  impl.RoleInfo (RoleInfo.java:shutdownFollowerState(110)) - omNode-2: shutdown omNode-2@group-523986131536-FollowerState
2023-02-28 20:08:20,514 [grpc-default-executor-0] INFO  impl.RoleInfo (RoleInfo.java:updateAndGet(139)) - omNode-2: start omNode-2@group-523986131536-FollowerState
2023-02-28 20:08:20,514 [omNode-2@group-523986131536-FollowerState] INFO  impl.FollowerState (FollowerState.java:run(152)) - omNode-2@group-523986131536-FollowerState was interrupted
2023-02-28 20:08:20,516 [grpc-default-executor-0] INFO  server.RaftServer$Division (RaftServerImpl.java:requestVote(1251)) - omNode-2@group-523986131536 replies to ELECTION vote request: omNode-1<-omNode-2#0:OK-t1. Peer's state: omNode-2@group-523986131536:t1, leader=null, voted=omNode-1, raftlog=Memoized:omNode-2@group-523986131536-SegmentedRaftLog:OPENED:c-1, conf=-1: peers:[omNode-3|rpc:localhost:33341|priority:0|startupRole:FOLLOWER, omNode-1|rpc:localhost:43039|priority:0|startupRole:FOLLOWER, omNode-2|rpc:localhost:33233|priority:0|startupRole:FOLLOWER]|listeners:[], old=null
2023-02-28 20:08:20,517 [omNode-2@group-523986131536-FollowerState] INFO  server.RaftServerConfigKeys (ConfUtils.java:logFallback(53)) - raft.server.rpc.first-election.timeout.min = 1s (fallback to raft.server.rpc.timeout.min)
2023-02-28 20:08:20,517 [omNode-2@group-523986131536-FollowerState] INFO  server.RaftServerConfigKeys (ConfUtils.java:logFallback(53)) - raft.server.rpc.first-election.timeout.max = 1200ms (fallback to raft.server.rpc.timeout.max)
2023-02-28 20:08:20,520 [omNode-1@group-523986131536-LeaderElection1] INFO  impl.LeaderElection (LeaderElection.java:logAndReturn(90)) - omNode-1@group-523986131536-LeaderElection1: ELECTION PASSED received 1 response(s) and 1 exception(s):
2023-02-28 20:08:20,526 [omNode-1@group-523986131536-LeaderElection1] INFO  impl.LeaderElection (LeaderElection.java:logAndReturn(94)) -   Response 0: omNode-1<-omNode-2#0:OK-t1
2023-02-28 20:08:20,526 [omNode-1@group-523986131536-LeaderElection1] INFO  impl.LeaderElection (LogUtils.java:infoOrTrace(137)) -   Exception 1: java.util.concurrent.ExecutionException: org.apache.ratis.thirdparty.io.grpc.StatusRuntimeException: UNAVAILABLE: io exception
2023-02-28 20:08:20,526 [omNode-1@group-523986131536-LeaderElection1] INFO  impl.LeaderElection (LeaderElection.java:askForVotes(314)) - omNode-1@group-523986131536-LeaderElection1 ELECTION round 0: result PASSED
2023-02-28 20:08:20,526 [omNode-1@group-523986131536-LeaderElection1] INFO  impl.RoleInfo (RoleInfo.java:shutdownLeaderElection(130)) - omNode-1: shutdown omNode-1@group-523986131536-LeaderElection1
2023-02-28 20:08:20,527 [omNode-1@group-523986131536-LeaderElection1] INFO  server.RaftServer$Division (RaftServerImpl.java:setRole(321)) - omNode-1@group-523986131536: changes role from CANDIDATE to LEADER at term 1 for changeToLeader
2023-02-28 20:08:20,527 [omNode-1@group-523986131536-LeaderElection1] INFO  server.RaftServer$Division (ServerState.java:setLeader(313)) - omNode-1@group-523986131536: change Leader from null to omNode-1 at term 1 for becomeLeader, leader elected after 3093ms
2023-02-28 20:08:20,537 [omNode-1@group-523986131536-LeaderElection1] INFO  server.RaftServerConfigKeys (ConfUtils.java:logGet(46)) - raft.server.staging.catchup.gap = 1000 (default)
2023-02-28 20:08:20,546 [omNode-1@group-523986131536-LeaderElection1] INFO  server.RaftServerConfigKeys (ConfUtils.java:logGet(46)) - raft.server.write.element-limit = 4096 (default)
2023-02-28 20:08:20,548 [omNode-1@group-523986131536-LeaderElection1] INFO  server.RaftServerConfigKeys (ConfUtils.java:logGet(46)) - raft.server.write.byte-limit = 64MB (=67108864) (default)
2023-02-28 20:08:20,730 [omNode-1@group-523986131536-LeaderElection1] INFO  server.RaftServerConfigKeys (ConfUtils.java:logGet(46)) - raft.server.watch.timeout = 10s (default)
2023-02-28 20:08:20,730 [omNode-1@group-523986131536-LeaderElection1] INFO  server.RaftServerConfigKeys (ConfUtils.java:logGet(46)) - raft.server.watch.timeout.denomination = 1s (default)
2023-02-28 20:08:20,746 [omNode-1@group-523986131536-LeaderElection1] INFO  server.RaftServerConfigKeys (ConfUtils.java:logGet(46)) - raft.server.watch.element-limit = 65536 (default)
2023-02-28 20:08:20,765 [omNode-1@group-523986131536-LeaderElection1] INFO  server.RaftServerConfigKeys (ConfUtils.java:logGet(46)) - raft.server.write.element-limit = 4096 (default)
2023-02-28 20:08:20,769 [omNode-1@group-523986131536-LeaderElection1] INFO  server.RaftServerConfigKeys (ConfUtils.java:logGet(46)) - raft.server.write.follower.gap.ratio.max = -1.0 (default)
2023-02-28 20:08:20,792 [omNode-1@group-523986131536-LeaderElection1] INFO  server.RaftServerConfigKeys (ConfUtils.java:logGet(46)) - raft.server.log.appender.snapshot.chunk.size.max = 16MB (=16777216) (default)
2023-02-28 20:08:20,793 [omNode-1@group-523986131536-LeaderElection1] INFO  server.RaftServerConfigKeys (ConfUtils.java:logGet(46)) - raft.server.log.appender.buffer.byte-limit = 33554432 (custom)
2023-02-28 20:08:20,794 [omNode-1@group-523986131536-LeaderElection1] INFO  server.RaftServerConfigKeys (ConfUtils.java:logGet(46)) - raft.server.log.appender.buffer.element-limit = 1024 (custom)
2023-02-28 20:08:20,802 [omNode-1@group-523986131536-LeaderElection1] INFO  grpc.GrpcConfigKeys (ConfUtils.java:logGet(46)) - raft.grpc.server.leader.outstanding.appends.max = 128 (default)
2023-02-28 20:08:20,806 [omNode-1@group-523986131536-LeaderElection1] INFO  server.RaftServerConfigKeys (ConfUtils.java:logGet(46)) - raft.server.rpc.request.timeout = 3000ms (default)
2023-02-28 20:08:20,808 [omNode-1@group-523986131536-LeaderElection1] INFO  server.RaftServerConfigKeys (ConfUtils.java:logGet(46)) - raft.server.log.appender.install.snapshot.enabled = false (custom)
2023-02-28 20:08:20,808 [omNode-1@group-523986131536-LeaderElection1] INFO  grpc.GrpcConfigKeys (ConfUtils.java:logGet(46)) - raft.grpc.server.heartbeat.channel = true (default)
2023-02-28 20:08:20,810 [omNode-1@group-523986131536-LeaderElection1] INFO  server.RaftServerConfigKeys (ConfUtils.java:logGet(46)) - raft.server.log.appender.wait-time.min = 10ms (default)
2023-02-28 20:08:20,820 [omNode-1@group-523986131536-LeaderElection1] INFO  server.RaftServerConfigKeys (ConfUtils.java:logGet(46)) - raft.server.log.appender.snapshot.chunk.size.max = 16MB (=16777216) (default)
2023-02-28 20:08:20,820 [omNode-1@group-523986131536-LeaderElection1] INFO  server.RaftServerConfigKeys (ConfUtils.java:logGet(46)) - raft.server.log.appender.buffer.byte-limit = 33554432 (custom)
2023-02-28 20:08:20,820 [omNode-1@group-523986131536-LeaderElection1] INFO  server.RaftServerConfigKeys (ConfUtils.java:logGet(46)) - raft.server.log.appender.buffer.element-limit = 1024 (custom)
2023-02-28 20:08:20,821 [omNode-1@group-523986131536-LeaderElection1] INFO  grpc.GrpcConfigKeys (ConfUtils.java:logGet(46)) - raft.grpc.server.leader.outstanding.appends.max = 128 (default)
2023-02-28 20:08:20,822 [omNode-1@group-523986131536-LeaderElection1] INFO  server.RaftServerConfigKeys (ConfUtils.java:logGet(46)) - raft.server.rpc.request.timeout = 3000ms (default)
2023-02-28 20:08:20,822 [omNode-1@group-523986131536-LeaderElection1] INFO  server.RaftServerConfigKeys (ConfUtils.java:logGet(46)) - raft.server.log.appender.install.snapshot.enabled = false (custom)
2023-02-28 20:08:20,822 [omNode-1@group-523986131536-LeaderElection1] INFO  grpc.GrpcConfigKeys (ConfUtils.java:logGet(46)) - raft.grpc.server.heartbeat.channel = true (default)
2023-02-28 20:08:20,822 [omNode-1@group-523986131536-LeaderElection1] INFO  server.RaftServerConfigKeys (ConfUtils.java:logGet(46)) - raft.server.log.appender.wait-time.min = 10ms (default)
2023-02-28 20:08:20,829 [omNode-1@group-523986131536-LeaderElection1] INFO  impl.RoleInfo (RoleInfo.java:updateAndGet(139)) - omNode-1: start omNode-1@group-523986131536-LeaderStateImpl
2023-02-28 20:08:20,872 [omNode-1@group-523986131536-LeaderElection1] INFO  segmented.SegmentedRaftLogWorker (SegmentedRaftLogWorker.java:startLogSegment(452)) - omNode-1@group-523986131536-SegmentedRaftLogWorker: Starting segment from index:0
2023-02-28 20:08:20,947 [omNode-1@group-523986131536-LeaderElection1] INFO  server.RaftServer$Division (ServerState.java:setRaftConf(430)) - omNode-1@group-523986131536: set configuration 0: peers:[omNode-3|rpc:localhost:33341|admin:|client:|dataStream:|priority:0|startupRole:FOLLOWER, omNode-1|rpc:localhost:43039|admin:|client:|dataStream:|priority:0|startupRole:FOLLOWER, omNode-2|rpc:localhost:33233|admin:|client:|dataStream:|priority:0|startupRole:FOLLOWER]|listeners:[], old=null
2023-02-28 20:08:21,002 [grpc-default-executor-1] WARN  server.GrpcLogAppender (LogUtils.java:warn(122)) - omNode-1@group-523986131536->omNode-3-AppendLogResponseHandler: Failed appendEntries: org.apache.ratis.thirdparty.io.grpc.StatusRuntimeException: UNAVAILABLE: io exception
2023-02-28 20:08:21,010 [grpc-default-executor-1] WARN  server.GrpcLogAppender (GrpcLogAppender.java:resetClient(131)) - omNode-1@group-523986131536->omNode-3-GrpcLogAppender: Leader has not got in touch with Follower omNode-1@group-523986131536->omNode-3(c-1,m0,n0, attendVote=true, lastRpcSendTime=8, lastRpcResponseTime=1440) yet, just keep nextIndex unchanged and retry.
2023-02-28 20:08:21,038 [omNode-2-server-thread1] INFO  server.RaftServer$Division (ServerState.java:setLeader(313)) - omNode-2@group-523986131536: change Leader from null to omNode-1 at term 1 for appendEntries, leader elected after 1950ms
2023-02-28 20:08:21,053 [grpc-default-executor-5] WARN  server.GrpcLogAppender (LogUtils.java:warn(122)) - omNode-1@group-523986131536->omNode-3-AppendLogResponseHandler: Failed appendEntries: org.apache.ratis.thirdparty.io.grpc.StatusRuntimeException: UNAVAILABLE: io exception
2023-02-28 20:08:21,055 [grpc-default-executor-4] WARN  server.GrpcLogAppender (LogUtils.java:warn(122)) - omNode-1@group-523986131536->omNode-3-AppendLogResponseHandler: Failed appendEntries: org.apache.ratis.thirdparty.io.grpc.StatusRuntimeException: UNAVAILABLE: io exception
2023-02-28 20:08:21,056 [grpc-default-executor-3] WARN  server.GrpcLogAppender (LogUtils.java:warn(122)) - omNode-1@group-523986131536->omNode-3-AppendLogResponseHandler: Failed appendEntries: org.apache.ratis.thirdparty.io.grpc.StatusRuntimeException: UNAVAILABLE: io exception
2023-02-28 20:08:21,059 [grpc-default-executor-4] WARN  server.GrpcLogAppender (GrpcLogAppender.java:resetClient(131)) - omNode-1@group-523986131536->omNode-3-GrpcLogAppender: Leader has not got in touch with Follower omNode-1@group-523986131536->omNode-3(c-1,m0,n1, attendVote=true, lastRpcSendTime=42, lastRpcResponseTime=1489) yet, just keep nextIndex unchanged and retry.
2023-02-28 20:08:21,059 [grpc-default-executor-5] WARN  server.GrpcLogAppender (GrpcLogAppender.java:resetClient(131)) - omNode-1@group-523986131536->omNode-3-GrpcLogAppender: Leader has not got in touch with Follower omNode-1@group-523986131536->omNode-3(c-1,m0,n1, attendVote=true, lastRpcSendTime=42, lastRpcResponseTime=1489) yet, just keep nextIndex unchanged and retry.
2023-02-28 20:08:21,059 [grpc-default-executor-3] WARN  server.GrpcLogAppender (GrpcLogAppender.java:resetClient(131)) - omNode-1@group-523986131536->omNode-3-GrpcLogAppender: Leader has not got in touch with Follower omNode-1@group-523986131536->omNode-3(c-1,m0,n1, attendVote=true, lastRpcSendTime=42, lastRpcResponseTime=1489) yet, just keep nextIndex unchanged and retry.
2023-02-28 20:08:21,074 [omNode-2-server-thread3] INFO  server.RaftServer$Division (ServerState.java:setRaftConf(430)) - omNode-2@group-523986131536: set configuration 0: peers:[omNode-3|rpc:localhost:33341|admin:|client:|dataStream:|priority:0|startupRole:FOLLOWER, omNode-1|rpc:localhost:43039|admin:|client:|dataStream:|priority:0|startupRole:FOLLOWER, omNode-2|rpc:localhost:33233|admin:|client:|dataStream:|priority:0|startupRole:FOLLOWER]|listeners:[], old=null
2023-02-28 20:08:21,074 [omNode-2-server-thread3] INFO  segmented.SegmentedRaftLogWorker (SegmentedRaftLogWorker.java:startLogSegment(452)) - omNode-2@group-523986131536-SegmentedRaftLogWorker: Starting segment from index:0
2023-02-28 20:08:21,138 [omNode-2@group-523986131536-SegmentedRaftLogWorker] INFO  segmented.SegmentedRaftLogWorker (SegmentedRaftLogWorker.java:execute(656)) - omNode-2@group-523986131536-SegmentedRaftLogWorker: created new log segment /home/runner/work/ozone/ozone/hadoop-ozone/integration-test/target/test-dir/MiniOzoneClusterImpl-e7d671b1-06ed-40aa-a52b-2678dd5bab1b/omNode-2/ratis/c9bc4cf4-3bc3-3c60-a66b-523986131536/current/log_inprogress_0
2023-02-28 20:08:21,141 [omNode-1@group-523986131536-SegmentedRaftLogWorker] INFO  segmented.SegmentedRaftLogWorker (SegmentedRaftLogWorker.java:execute(656)) - omNode-1@group-523986131536-SegmentedRaftLogWorker: created new log segment /home/runner/work/ozone/ozone/hadoop-ozone/integration-test/target/test-dir/MiniOzoneClusterImpl-e7d671b1-06ed-40aa-a52b-2678dd5bab1b/omNode-1/ratis/c9bc4cf4-3bc3-3c60-a66b-523986131536/current/log_inprogress_0
2023-02-28 20:08:21,255 [grpc-default-executor-2] WARN  server.GrpcLogAppender (LogUtils.java:warn(122)) - omNode-1@group-523986131536->omNode-3-AppendLogResponseHandler: Failed appendEntries: org.apache.ratis.thirdparty.io.grpc.StatusRuntimeException: UNAVAILABLE: io exception
2023-02-28 20:08:21,256 [grpc-default-executor-0] WARN  server.GrpcLogAppender (LogUtils.java:warn(122)) - omNode-1@group-523986131536->omNode-3-AppendLogResponseHandler: Failed appendEntries: org.apache.ratis.thirdparty.io.grpc.StatusRuntimeException: UNAVAILABLE: io exception
2023-02-28 20:08:21,258 [grpc-default-executor-2] WARN  server.GrpcLogAppender (GrpcLogAppender.java:resetClient(131)) - omNode-1@group-523986131536->omNode-3-GrpcLogAppender: Leader has not got in touch with Follower omNode-1@group-523986131536->omNode-3(c-1,m0,n1, attendVote=true, lastRpcSendTime=241, lastRpcResponseTime=1688) yet, just keep nextIndex unchanged and retry.
2023-02-28 20:08:21,258 [grpc-default-executor-0] WARN  server.GrpcLogAppender (GrpcLogAppender.java:resetClient(131)) - omNode-1@group-523986131536->omNode-3-GrpcLogAppender: Leader has not got in touch with Follower omNode-1@group-523986131536->omNode-3(c-1,m0,n1, attendVote=true, lastRpcSendTime=241, lastRpcResponseTime=1688) yet, just keep nextIndex unchanged and retry.
2023-02-28 20:08:21,284 [Listener at 127.0.0.1/35263] INFO  reflections.Reflections (Reflections.java:scan(232)) - Reflections took 1048 ms to scan 19 urls, producing 68 keys and 4869 values [using 2 cores]
2023-02-28 20:08:21,285 [Listener at 127.0.0.1/35263] INFO  ipc.CallQueueManager (CallQueueManager.java:<init>(90)) - Using callQueue: class java.util.concurrent.LinkedBlockingQueue, queueCapacity: 2000, scheduler: class org.apache.hadoop.ipc.DefaultRpcScheduler, ipcBackoff: false.
2023-02-28 20:08:21,292 [Socket Reader #1 for port 46171] INFO  ipc.Server (Server.java:run(1273)) - Starting Socket Reader #1 for port 46171
2023-02-28 20:08:21,327 [Listener at 127.0.0.1/46171] INFO  impl.MetricsSystemImpl (MetricsSystemImpl.java:init(158)) - OzoneManager metrics system started (again)
2023-02-28 20:08:21,347 [Listener at 127.0.0.1/46171] INFO  om.OzoneManager (OzoneManager.java:start(1551)) - OzoneManager RPC server is listening at localhost/127.0.0.1:46171
2023-02-28 20:08:21,347 [Listener at 127.0.0.1/46171] INFO  ratis.OzoneManagerRatisServer (OzoneManagerRatisServer.java:start(559)) - Starting OzoneManagerRatisServer omNode-3 at port 33341
2023-02-28 20:08:21,347 [omNode-3-impl-thread1] INFO  storage.RaftStorageDirectory (RaftStorageDirectoryImpl.java:analyzeStorage(137)) - The storage directory /home/runner/work/ozone/ozone/hadoop-ozone/integration-test/target/test-dir/MiniOzoneClusterImpl-e7d671b1-06ed-40aa-a52b-2678dd5bab1b/omNode-3/ratis/c9bc4cf4-3bc3-3c60-a66b-523986131536 does not exist. Creating ...
2023-02-28 20:08:21,349 [omNode-3-impl-thread1] INFO  storage.RaftStorageDirectory (RaftStorageDirectoryImpl.java:tryLock(231)) - Lock on /home/runner/work/ozone/ozone/hadoop-ozone/integration-test/target/test-dir/MiniOzoneClusterImpl-e7d671b1-06ed-40aa-a52b-2678dd5bab1b/omNode-3/ratis/c9bc4cf4-3bc3-3c60-a66b-523986131536/in_use.lock acquired by nodename 61155@fv-az399-334
2023-02-28 20:08:21,350 [omNode-3-impl-thread1] INFO  storage.RaftStorage (RaftStorageImpl.java:format(96)) - Storage directory /home/runner/work/ozone/ozone/hadoop-ozone/integration-test/target/test-dir/MiniOzoneClusterImpl-e7d671b1-06ed-40aa-a52b-2678dd5bab1b/omNode-3/ratis/c9bc4cf4-3bc3-3c60-a66b-523986131536 has been successfully formatted.
2023-02-28 20:08:21,351 [omNode-3-impl-thread1] INFO  server.RaftServerConfigKeys (ConfUtils.java:logGet(46)) - raft.server.log.use.memory = false (default)
2023-02-28 20:08:21,351 [omNode-3-impl-thread1] INFO  server.RaftServerConfigKeys (ConfUtils.java:logGet(46)) - raft.server.log.purge.gap = 1000000 (custom)
2023-02-28 20:08:21,351 [omNode-3-impl-thread1] INFO  server.RaftServerConfigKeys (ConfUtils.java:logGet(46)) - raft.server.log.appender.buffer.byte-limit = 33554432 (custom)
2023-02-28 20:08:21,351 [omNode-3-impl-thread1] INFO  server.RaftServerConfigKeys (ConfUtils.java:logGet(46)) - raft.server.log.statemachine.data.read.timeout = 1000ms (default)
2023-02-28 20:08:21,351 [omNode-3-impl-thread1] INFO  server.RaftServerConfigKeys (ConfUtils.java:logGet(46)) - raft.server.log.purge.preservation.log.num = 0 (default)
2023-02-28 20:08:21,351 [omNode-3-impl-thread1] INFO  server.RaftServerConfigKeys (ConfUtils.java:logGet(46)) - raft.server.log.segment.size.max = 4194304 (custom)
2023-02-28 20:08:21,352 [omNode-3-impl-thread1] INFO  server.RaftServerConfigKeys (ConfUtils.java:logGet(46)) - raft.server.log.segment.cache.num.max = 2 (custom)
2023-02-28 20:08:21,352 [omNode-3-impl-thread1] INFO  server.RaftServerConfigKeys (ConfUtils.java:logGet(46)) - raft.server.log.segment.cache.size.max = 200MB (=209715200) (default)
2023-02-28 20:08:21,352 [omNode-3-impl-thread1] INFO  segmented.SegmentedRaftLogWorker (SegmentedRaftLogWorker.java:<init>(189)) - new omNode-3@group-523986131536-SegmentedRaftLogWorker for RaftStorageImpl:Storage Directory /home/runner/work/ozone/ozone/hadoop-ozone/integration-test/target/test-dir/MiniOzoneClusterImpl-e7d671b1-06ed-40aa-a52b-2678dd5bab1b/omNode-3/ratis/c9bc4cf4-3bc3-3c60-a66b-523986131536
2023-02-28 20:08:21,352 [omNode-3-impl-thread1] INFO  server.RaftServerConfigKeys (ConfUtils.java:logGet(46)) - raft.server.log.queue.byte-limit = 64MB (=67108864) (default)
2023-02-28 20:08:21,352 [omNode-3-impl-thread1] INFO  server.RaftServerConfigKeys (ConfUtils.java:logGet(46)) - raft.server.log.queue.element-limit = 4096 (default)
2023-02-28 20:08:21,352 [omNode-3-impl-thread1] INFO  server.RaftServerConfigKeys (ConfUtils.java:logGet(46)) - raft.server.log.segment.size.max = 4194304 (custom)
2023-02-28 20:08:21,352 [omNode-3-impl-thread1] INFO  server.RaftServerConfigKeys (ConfUtils.java:logGet(46)) - raft.server.log.preallocated.size = 4194304 (custom)
2023-02-28 20:08:21,352 [omNode-3-impl-thread1] INFO  server.RaftServerConfigKeys (ConfUtils.java:logGet(46)) - raft.server.log.force.sync.num = 128 (default)
2023-02-28 20:08:21,352 [omNode-3-impl-thread1] INFO  server.RaftServerConfigKeys (ConfUtils.java:logGet(46)) - raft.server.log.statemachine.data.sync = true (default)
2023-02-28 20:08:21,352 [omNode-3-impl-thread1] INFO  server.RaftServerConfigKeys (ConfUtils.java:logGet(46)) - raft.server.log.statemachine.data.sync.timeout = 10s (default)
2023-02-28 20:08:21,352 [omNode-3-impl-thread1] INFO  server.RaftServerConfigKeys (ConfUtils.java:logGet(46)) - raft.server.log.statemachine.data.sync.timeout.retry = -1 (default)
2023-02-28 20:08:21,353 [omNode-3-impl-thread1] INFO  server.RaftServerConfigKeys (ConfUtils.java:logGet(46)) - raft.server.log.write.buffer.size = 64KB (=65536) (default)
2023-02-28 20:08:21,353 [omNode-3-impl-thread1] INFO  server.RaftServerConfigKeys (ConfUtils.java:logGet(46)) - raft.server.log.appender.buffer.byte-limit = 33554432 (custom)
2023-02-28 20:08:21,362 [omNode-3-impl-thread1] INFO  server.RaftServerConfigKeys (ConfUtils.java:logGet(46)) - raft.server.log.unsafe-flush.enabled = false (default)
2023-02-28 20:08:21,362 [omNode-3-impl-thread1] INFO  server.RaftServerConfigKeys (ConfUtils.java:logGet(46)) - raft.server.log.async-flush.enabled = false (default)
2023-02-28 20:08:21,362 [omNode-3-impl-thread1] INFO  server.RaftServerConfigKeys (ConfUtils.java:logGet(46)) - raft.server.log.statemachine.data.caching.enabled = false (default)
2023-02-28 20:08:21,363 [omNode-3-impl-thread1] INFO  segmented.SegmentedRaftLogWorker (SegmentedRaftLogWorker.java:lambda$new$0(135)) - omNode-3@group-523986131536-SegmentedRaftLogWorker: flushIndex: setUnconditionally 0 -> -1
2023-02-28 20:08:21,363 [omNode-3-impl-thread1] INFO  segmented.SegmentedRaftLogWorker (SegmentedRaftLogWorker.java:lambda$new$0(135)) - omNode-3@group-523986131536-SegmentedRaftLogWorker: safeCacheEvictIndex: setUnconditionally 0 -> -1
2023-02-28 20:08:21,363 [omNode-3-impl-thread1] INFO  server.RaftServer$Division (RaftServerImpl.java:start(334)) - omNode-3@group-523986131536: start as a follower, conf=-1: peers:[omNode-3|rpc:localhost:33341|priority:0|startupRole:FOLLOWER, omNode-1|rpc:localhost:43039|priority:0|startupRole:FOLLOWER, omNode-2|rpc:localhost:33233|priority:0|startupRole:FOLLOWER]|listeners:[], old=null
2023-02-28 20:08:21,363 [omNode-3-impl-thread1] INFO  server.RaftServer$Division (RaftServerImpl.java:setRole(321)) - omNode-3@group-523986131536: changes role from      null to FOLLOWER at term 0 for startAsFollower
2023-02-28 20:08:21,357 [omNode-1@group-523986131536-StateMachineUpdater] INFO  ratis.OzoneManagerStateMachine (OzoneManagerStateMachine.java:notifyConfigurationChanged(192)) - Received Configuration change notification from Ratis. New Peer list:
[id: "omNode-3"
address: "localhost:33341"
startupRole: FOLLOWER
, id: "omNode-1"
address: "localhost:43039"
startupRole: FOLLOWER
, id: "omNode-2"
address: "localhost:33233"
startupRole: FOLLOWER
]
2023-02-28 20:08:21,370 [omNode-3-impl-thread1] INFO  impl.RoleInfo (RoleInfo.java:updateAndGet(139)) - omNode-3: start omNode-3@group-523986131536-FollowerState
2023-02-28 20:08:21,375 [omNode-3-impl-thread1] INFO  util.JmxRegister (JmxRegister.java:tryRegister(44)) - Successfully registered JMX Bean with object name Ratis:service=RaftServer,group=group-523986131536,id=omNode-3
2023-02-28 20:08:21,375 [omNode-3-impl-thread1] INFO  server.RaftServerConfigKeys (ConfUtils.java:logGet(46)) - raft.server.snapshot.auto.trigger.enabled = true (custom)
2023-02-28 20:08:21,376 [omNode-3@group-523986131536-FollowerState] INFO  server.RaftServerConfigKeys (ConfUtils.java:logFallback(53)) - raft.server.rpc.first-election.timeout.min = 1s (fallback to raft.server.rpc.timeout.min)
2023-02-28 20:08:21,376 [omNode-3-impl-thread1] INFO  server.RaftServerConfigKeys (ConfUtils.java:logGet(46)) - raft.server.snapshot.auto.trigger.threshold = 400000 (default)
2023-02-28 20:08:21,376 [omNode-3@group-523986131536-FollowerState] INFO  server.RaftServerConfigKeys (ConfUtils.java:logFallback(53)) - raft.server.rpc.first-election.timeout.max = 1200ms (fallback to raft.server.rpc.timeout.max)
2023-02-28 20:08:21,376 [omNode-3-impl-thread1] INFO  server.RaftServerConfigKeys (ConfUtils.java:logGet(46)) - raft.server.snapshot.retention.file.num = -1 (default)
2023-02-28 20:08:21,376 [omNode-3-impl-thread1] INFO  server.RaftServerConfigKeys (ConfUtils.java:logGet(46)) - raft.server.log.purge.upto.snapshot.index = true (custom)
2023-02-28 20:08:21,379 [Listener at 127.0.0.1/46171] INFO  server.RaftServer (RaftServerProxy.java:startImpl(393)) - omNode-3: start RPC server
2023-02-28 20:08:21,387 [Listener at 127.0.0.1/46171] INFO  server.GrpcService (GrpcService.java:startImpl(262)) - omNode-3: GrpcService started, listening on 33341
2023-02-28 20:08:21,391 [Listener at 127.0.0.1/46171] INFO  om.OzoneManager (OzoneManager.java:start(1567)) - Version File has different layout version (3) than OM DB (null). That is expected if this OM has never been finalized to a newer layout version.
2023-02-28 20:08:21,392 [JvmPauseMonitor2] INFO  util.JvmPauseMonitor (JvmPauseMonitor.java:run(105)) - JvmPauseMonitor-omNode-3: Started
2023-02-28 20:08:21,397 [Listener at 127.0.0.1/46171] INFO  http.BaseHttpServer (BaseHttpServer.java:newHttpServer2BuilderForOzone(213)) - Starting Web-server for ozoneManager at: http://0.0.0.0:36221
2023-02-28 20:08:21,397 [Listener at 127.0.0.1/46171] INFO  http.BaseHttpServer (BaseHttpServer.java:<init>(108)) - Hadoop Security Enabled: false Ozone Security Enabled: false Ozone HTTP Security Enabled: false 
2023-02-28 20:08:21,398 [Listener at 127.0.0.1/46171] WARN  server.AuthenticationFilter (AuthenticationFilter.java:constructSecretProvider(240)) - Unable to initialize FileSignerSecretProvider, falling back to use random secrets. Reason: Could not read signature secret file: /home/runner/hadoop-http-auth-signature-secret
2023-02-28 20:08:21,399 [Listener at 127.0.0.1/46171] WARN  http.HttpRequestLog (HttpRequestLog.java:getRequestLog(103)) - Jetty request log can only be enabled using Log4j
2023-02-28 20:08:21,401 [Listener at 127.0.0.1/46171] INFO  http.HttpServer2 (HttpServer2.java:addGlobalFilter(1031)) - Added global filter 'safety' (class=org.apache.hadoop.hdds.server.http.HttpServer2$QuotingInputFilter)
2023-02-28 20:08:21,401 [Listener at 127.0.0.1/46171] INFO  http.HttpServer2 (HttpServer2.java:addFilter(1007)) - Added filter static_user_filter (class=org.apache.hadoop.http.lib.StaticUserWebFilter$StaticUserFilter) to context ozoneManager
2023-02-28 20:08:21,402 [Listener at 127.0.0.1/46171] INFO  http.HttpServer2 (HttpServer2.java:addFilter(1015)) - Added filter static_user_filter (class=org.apache.hadoop.http.lib.StaticUserWebFilter$StaticUserFilter) to context static
2023-02-28 20:08:21,402 [Listener at 127.0.0.1/46171] INFO  http.HttpServer2 (HttpServer2.java:addFilter(1015)) - Added filter static_user_filter (class=org.apache.hadoop.http.lib.StaticUserWebFilter$StaticUserFilter) to context logs
2023-02-28 20:08:21,404 [Listener at 127.0.0.1/46171] INFO  http.HttpServer2 (HttpServer2.java:bindListener(1250)) - Jetty bound to port 36221
2023-02-28 20:08:21,405 [Listener at 127.0.0.1/46171] INFO  server.Server (Server.java:doStart(375)) - jetty-9.4.49.v20220914; built: 2022-09-14T01:07:36.601Z; git: 4231a3b2e4cb8548a412a789936d640a97b1aa0a; jvm 1.8.0_362-b09
2023-02-28 20:08:21,426 [Listener at 127.0.0.1/46171] INFO  server.session (DefaultSessionIdManager.java:doStart(334)) - DefaultSessionIdManager workerName=node0
2023-02-28 20:08:21,427 [Listener at 127.0.0.1/46171] INFO  server.session (DefaultSessionIdManager.java:doStart(339)) - No SessionScavenger set, using defaults
2023-02-28 20:08:21,427 [Listener at 127.0.0.1/46171] INFO  server.session (HouseKeeper.java:startScavenging(132)) - node0 Scavenging every 600000ms
2023-02-28 20:08:21,428 [Listener at 127.0.0.1/46171] INFO  handler.ContextHandler (ContextHandler.java:doStart(921)) - Started o.e.j.s.ServletContextHandler@c4e6b39{logs,/logs,file:///home/runner/work/ozone/ozone/hadoop-ozone/integration-test/target/log,AVAILABLE}
2023-02-28 20:08:21,428 [Listener at 127.0.0.1/46171] INFO  handler.ContextHandler (ContextHandler.java:doStart(921)) - Started o.e.j.s.ServletContextHandler@4fcc730a{static,/static,file:///home/runner/work/ozone/ozone/hadoop-ozone/integration-test/target/test-classes/webapps/static,AVAILABLE}
2023-02-28 20:08:21,432 [Listener at 127.0.0.1/46171] INFO  handler.ContextHandler (ContextHandler.java:doStart(921)) - Started o.e.j.w.WebAppContext@6ec6adcc{ozoneManager,/,file:///home/runner/work/ozone/ozone/hadoop-ozone/integration-test/target/test-classes/webapps/ozoneManager/,AVAILABLE}{file:/home/runner/work/ozone/ozone/hadoop-ozone/integration-test/target/test-classes/webapps/ozoneManager}
2023-02-28 20:08:21,435 [Listener at 127.0.0.1/46171] INFO  server.AbstractConnector (AbstractConnector.java:doStart(333)) - Started ServerConnector@7fe3ee59{HTTP/1.1, (http/1.1)}{0.0.0.0:36221}
2023-02-28 20:08:21,435 [Listener at 127.0.0.1/46171] INFO  server.Server (Server.java:doStart(415)) - Started @10119ms
2023-02-28 20:08:21,435 [Listener at 127.0.0.1/46171] WARN  impl.MetricsSystemImpl (MetricsSystemImpl.java:register(279)) - Sink prometheus already exists!
2023-02-28 20:08:21,436 [Listener at 127.0.0.1/46171] INFO  http.BaseHttpServer (BaseHttpServer.java:updateConnectorAddress(333)) - HTTP server of ozoneManager listening at http://0.0.0.0:36221
2023-02-28 20:08:21,437 [IPC Server Responder] INFO  ipc.Server (Server.java:run(1512)) - IPC Server Responder: starting
2023-02-28 20:08:21,437 [IPC Server listener on 46171] INFO  ipc.Server (Server.java:run(1352)) - IPC Server listener on 46171: starting
2023-02-28 20:08:21,453 [Listener at 127.0.0.1/46171] INFO  om.OzoneManager (OzoneManager.java:startTrashEmptier(2038)) - Trash Interval set to 0. Files deleted won't move to trash
2023-02-28 20:08:21,453 [Listener at 127.0.0.1/46171] INFO  ozone.MiniOzoneHAClusterImpl (MiniOzoneHAClusterImpl.java:createOMService(527)) - Started OzoneManager omNode-3 RPC server at localhost/127.0.0.1:46171
2023-02-28 20:08:21,460 [org.apache.hadoop.util.JvmPauseMonitor$Monitor@1820910f] INFO  util.JvmPauseMonitor (JvmPauseMonitor.java:run(188)) - Starting JVM pause monitor
2023-02-28 20:08:21,519 [grpc-default-executor-0] WARN  server.GrpcLogAppender (LogUtils.java:warn(122)) - omNode-1@group-523986131536->omNode-3-AppendLogResponseHandler: Failed appendEntries: org.apache.ratis.thirdparty.io.grpc.StatusRuntimeException: UNAVAILABLE: io exception
2023-02-28 20:08:21,520 [grpc-default-executor-2] WARN  server.GrpcLogAppender (LogUtils.java:warn(122)) - omNode-1@group-523986131536->omNode-3-AppendLogResponseHandler: Failed appendEntries: org.apache.ratis.thirdparty.io.grpc.StatusRuntimeException: UNAVAILABLE: io exception
2023-02-28 20:08:21,521 [grpc-default-executor-0] WARN  server.GrpcLogAppender (GrpcLogAppender.java:resetClient(131)) - omNode-1@group-523986131536->omNode-3-GrpcLogAppender: Leader has not got in touch with Follower omNode-1@group-523986131536->omNode-3(c-1,m0,n1, attendVote=true, lastRpcSendTime=251, lastRpcResponseTime=1951) yet, just keep nextIndex unchanged and retry.
2023-02-28 20:08:21,522 [grpc-default-executor-2] WARN  server.GrpcLogAppender (GrpcLogAppender.java:resetClient(131)) - omNode-1@group-523986131536->omNode-3-GrpcLogAppender: Leader has not got in touch with Follower omNode-1@group-523986131536->omNode-3(c-1,m0,n1, attendVote=true, lastRpcSendTime=253, lastRpcResponseTime=1952) yet, just keep nextIndex unchanged and retry.
2023-02-28 20:08:21,556 [omNode-3-server-thread1] INFO  server.RaftServer$Division (ServerState.java:setLeader(313)) - omNode-3@group-523986131536: change Leader from null to omNode-1 at term 1 for appendEntries, leader elected after 1319ms
2023-02-28 20:08:21,558 [omNode-3-server-thread1] INFO  server.RaftServer$Division (RaftServerImpl.java:checkInconsistentAppendEntries(1508)) - omNode-3@group-523986131536: Failed appendEntries as previous log entry ((t:1, i:0)) is not found
2023-02-28 20:08:21,558 [omNode-3-server-thread1] INFO  server.RaftServer$Division (RaftServerImpl.java:checkInconsistentAppendEntries(1478)) - omNode-3@group-523986131536: inconsistency entries. Reply:omNode-1<-omNode-3#76910:FAIL-t0,INCONSISTENCY,nextIndex=0,followerCommit=-1,matchIndex=-1
2023-02-28 20:08:21,561 [grpc-default-executor-2] INFO  leader.FollowerInfo (FollowerInfoImpl.java:lambda$new$0(48)) - omNode-1@group-523986131536->omNode-3: nextIndex: updateUnconditionally 1 -> 0
2023-02-28 20:08:21,566 [omNode-3-server-thread1] INFO  server.RaftServer$Division (ServerState.java:setRaftConf(430)) - omNode-3@group-523986131536: set configuration 0: peers:[omNode-3|rpc:localhost:33341|admin:|client:|dataStream:|priority:0|startupRole:FOLLOWER, omNode-1|rpc:localhost:43039|admin:|client:|dataStream:|priority:0|startupRole:FOLLOWER, omNode-2|rpc:localhost:33233|admin:|client:|dataStream:|priority:0|startupRole:FOLLOWER]|listeners:[], old=null
2023-02-28 20:08:21,566 [omNode-3-server-thread1] INFO  segmented.SegmentedRaftLogWorker (SegmentedRaftLogWorker.java:startLogSegment(452)) - omNode-3@group-523986131536-SegmentedRaftLogWorker: Starting segment from index:0
2023-02-28 20:08:21,580 [omNode-3@group-523986131536-SegmentedRaftLogWorker] INFO  segmented.SegmentedRaftLogWorker (SegmentedRaftLogWorker.java:execute(656)) - omNode-3@group-523986131536-SegmentedRaftLogWorker: created new log segment /home/runner/work/ozone/ozone/hadoop-ozone/integration-test/target/test-dir/MiniOzoneClusterImpl-e7d671b1-06ed-40aa-a52b-2678dd5bab1b/omNode-3/ratis/c9bc4cf4-3bc3-3c60-a66b-523986131536/current/log_inprogress_0
2023-02-28 20:08:21,581 [omNode-3@group-523986131536-StateMachineUpdater] INFO  ratis.OzoneManagerStateMachine (OzoneManagerStateMachine.java:notifyConfigurationChanged(192)) - Received Configuration change notification from Ratis. New Peer list:
[id: "omNode-3"
address: "localhost:33341"
startupRole: FOLLOWER
, id: "omNode-1"
address: "localhost:43039"
startupRole: FOLLOWER
, id: "omNode-2"
address: "localhost:33233"
startupRole: FOLLOWER
]
2023-02-28 20:08:21,615 [Listener at 127.0.0.1/46171] WARN  impl.MetricRegistriesImpl (MetricRegistriesImpl.java:addReporterRegistration(111)) - New reporters are added after registries were created. Some metrics will be missing from the reporter. Please add reporter before adding any new registry.
2023-02-28 20:08:21,615 [Listener at 127.0.0.1/46171] WARN  impl.MetricRegistriesImpl (MetricRegistriesImpl.java:addReporterRegistration(111)) - New reporters are added after registries were created. Some metrics will be missing from the reporter. Please add reporter before adding any new registry.
2023-02-28 20:08:21,615 [Listener at 127.0.0.1/46171] INFO  impl.MetricsSystemImpl (MetricsSystemImpl.java:init(158)) - HddsDatanode metrics system started (again)
2023-02-28 20:08:21,631 [Listener at 127.0.0.1/46171] INFO  ozone.HddsDatanodeService (HddsDatanodeService.java:start(228)) - HddsDatanodeService host:fv-az399-334 ip:10.1.1.15
2023-02-28 20:08:21,661 [Listener at 127.0.0.1/46171] INFO  upgrade.AbstractLayoutVersionManager (AbstractLayoutVersionManager.java:init(83)) - Initializing Layout version manager with metadata layout = DATANODE_SCHEMA_V3 (version = 4), software layout = DATANODE_SCHEMA_V3 (version = 4)
2023-02-28 20:08:21,664 [omNode-2@group-523986131536-StateMachineUpdater] INFO  ratis.OzoneManagerStateMachine (OzoneManagerStateMachine.java:notifyConfigurationChanged(192)) - Received Configuration change notification from Ratis. New Peer list:
[id: "omNode-3"
address: "localhost:33341"
startupRole: FOLLOWER
, id: "omNode-1"
address: "localhost:43039"
startupRole: FOLLOWER
, id: "omNode-2"
address: "localhost:33233"
startupRole: FOLLOWER
]
2023-02-28 20:08:21,721 [Listener at 127.0.0.1/46171] INFO  reflections.Reflections (Reflections.java:scan(232)) - Reflections took 58 ms to scan 7 urls, producing 151 keys and 364 values 
2023-02-28 20:08:21,728 [Listener at 127.0.0.1/46171] INFO  statemachine.DatanodeStateMachine (DatanodeStateMachine.java:getEndPointTaskThreadPoolSize(260)) - Datanode State Machine Task Thread Pool size 2
2023-02-28 20:08:21,805 [Listener at 127.0.0.1/46171] INFO  volume.HddsVolume (HddsVolume.java:<init>(122)) - Creating HddsVolume: /home/runner/work/ozone/ozone/hadoop-ozone/integration-test/target/test-dir/MiniOzoneClusterImpl-e7d671b1-06ed-40aa-a52b-2678dd5bab1b/datanode-0/data-0/containers/hdds of storage type : DISK capacity : 9223372036854775807
2023-02-28 20:08:21,808 [Listener at 127.0.0.1/46171] INFO  volume.MutableVolumeSet (MutableVolumeSet.java:initializeVolumeSet(174)) - Added Volume : /home/runner/work/ozone/ozone/hadoop-ozone/integration-test/target/test-dir/MiniOzoneClusterImpl-e7d671b1-06ed-40aa-a52b-2678dd5bab1b/datanode-0/data-0/containers/hdds to VolumeSet
2023-02-28 20:08:21,809 [Listener at 127.0.0.1/46171] INFO  volume.ThrottledAsyncChecker (ThrottledAsyncChecker.java:schedule(141)) - Scheduling a check for /home/runner/work/ozone/ozone/hadoop-ozone/integration-test/target/test-dir/MiniOzoneClusterImpl-e7d671b1-06ed-40aa-a52b-2678dd5bab1b/datanode-0/data-0/containers/hdds
2023-02-28 20:08:21,827 [Listener at 127.0.0.1/46171] INFO  volume.StorageVolumeChecker (StorageVolumeChecker.java:checkAllVolumes(202)) - Scheduled health check for volume /home/runner/work/ozone/ozone/hadoop-ozone/integration-test/target/test-dir/MiniOzoneClusterImpl-e7d671b1-06ed-40aa-a52b-2678dd5bab1b/datanode-0/data-0/containers/hdds
2023-02-28 20:08:21,845 [Listener at 127.0.0.1/46171] INFO  volume.MutableVolumeSet (MutableVolumeSet.java:initializeVolumeSet(174)) - Added Volume : /home/runner/work/ozone/ozone/hadoop-ozone/integration-test/target/test-dir/MiniOzoneClusterImpl-e7d671b1-06ed-40aa-a52b-2678dd5bab1b/datanode-0/data/ratis to VolumeSet
2023-02-28 20:08:21,846 [Listener at 127.0.0.1/46171] INFO  volume.ThrottledAsyncChecker (ThrottledAsyncChecker.java:schedule(141)) - Scheduling a check for /home/runner/work/ozone/ozone/hadoop-ozone/integration-test/target/test-dir/MiniOzoneClusterImpl-e7d671b1-06ed-40aa-a52b-2678dd5bab1b/datanode-0/data/ratis
2023-02-28 20:08:21,847 [Listener at 127.0.0.1/46171] INFO  volume.StorageVolumeChecker (StorageVolumeChecker.java:checkAllVolumes(202)) - Scheduled health check for volume /home/runner/work/ozone/ozone/hadoop-ozone/integration-test/target/test-dir/MiniOzoneClusterImpl-e7d671b1-06ed-40aa-a52b-2678dd5bab1b/datanode-0/data/ratis
2023-02-28 20:08:21,879 [Thread-249] INFO  ozoneimpl.ContainerReader (ContainerReader.java:readVolume(175)) - Finish verifying containers on volume /home/runner/work/ozone/ozone/hadoop-ozone/integration-test/target/test-dir/MiniOzoneClusterImpl-e7d671b1-06ed-40aa-a52b-2678dd5bab1b/datanode-0/data-0/containers/hdds
2023-02-28 20:08:21,879 [Listener at 127.0.0.1/46171] INFO  ozoneimpl.OzoneContainer (OzoneContainer.java:buildContainerSet(304)) - Build ContainerSet costs 0s
2023-02-28 20:08:21,927 [Listener at 127.0.0.1/46171] INFO  audit.AuditLogger (AuditLogger.java:refreshDebugCmdSet(126)) - Refresh DebugCmdSet for DNAudit to [].
2023-02-28 20:08:21,956 [Listener at 127.0.0.1/46171] INFO  server.RaftServer (ConfUtils.java:logGet(46)) - raft.rpc.type = GRPC (default)
2023-02-28 20:08:21,957 [Listener at 127.0.0.1/46171] INFO  grpc.GrpcConfigKeys (ConfUtils.java:logFallback(53)) - raft.grpc.admin.host = null (fallback to raft.grpc.server.host)
2023-02-28 20:08:21,957 [Listener at 127.0.0.1/46171] INFO  grpc.GrpcConfigKeys (ConfUtils.java:logGet(46)) - raft.grpc.admin.port = 0 (custom)
2023-02-28 20:08:21,957 [Listener at 127.0.0.1/46171] INFO  grpc.GrpcConfigKeys (ConfUtils.java:logFallback(53)) - raft.grpc.client.host = null (fallback to raft.grpc.server.host)
2023-02-28 20:08:21,960 [Listener at 127.0.0.1/46171] INFO  grpc.GrpcConfigKeys (ConfUtils.java:logGet(46)) - raft.grpc.client.port = 0 (custom)
2023-02-28 20:08:21,960 [Listener at 127.0.0.1/46171] INFO  grpc.GrpcConfigKeys (ConfUtils.java:logGet(46)) - raft.grpc.server.host = null (default)
2023-02-28 20:08:21,960 [Listener at 127.0.0.1/46171] INFO  grpc.GrpcConfigKeys (ConfUtils.java:logGet(46)) - raft.grpc.server.port = 0 (default)
2023-02-28 20:08:21,961 [Listener at 127.0.0.1/46171] INFO  server.GrpcService (ConfUtils.java:logGet(46)) - raft.grpc.message.size.max = 32MB (=33554432) (custom)
2023-02-28 20:08:21,961 [Listener at 127.0.0.1/46171] INFO  server.RaftServerConfigKeys (ConfUtils.java:logGet(46)) - raft.server.log.appender.buffer.byte-limit = 33554432 (custom)
2023-02-28 20:08:21,961 [Listener at 127.0.0.1/46171] INFO  server.GrpcService (ConfUtils.java:logGet(46)) - raft.grpc.flow.control.window = 5MB (=5242880) (custom)
2023-02-28 20:08:21,961 [Listener at 127.0.0.1/46171] INFO  server.RaftServerConfigKeys (ConfUtils.java:logGet(46)) - raft.server.rpc.request.timeout = 60s (custom)
2023-02-28 20:08:21,961 [Listener at 127.0.0.1/46171] INFO  grpc.GrpcConfigKeys (ConfUtils.java:logGet(46)) - raft.grpc.server.heartbeat.channel = true (default)
2023-02-28 20:08:21,961 [Listener at 127.0.0.1/46171] INFO  grpc.GrpcConfigKeys (ConfUtils.java:logGet(46)) - raft.grpc.server.async.request.thread.pool.cached = true (default)
2023-02-28 20:08:21,961 [Listener at 127.0.0.1/46171] INFO  grpc.GrpcConfigKeys (ConfUtils.java:logGet(46)) - raft.grpc.server.async.request.thread.pool.size = 32 (default)
2023-02-28 20:08:21,963 [Listener at 127.0.0.1/46171] INFO  impl.DataStreamServerImpl (ConfUtils.java:logGet(46)) - raft.datastream.type = NETTY (custom)
2023-02-28 20:08:21,974 [Listener at 127.0.0.1/46171] INFO  server.RaftServerConfigKeys (ConfUtils.java:logGet(46)) - raft.server.data-stream.async.request.thread.pool.cached = false (default)
2023-02-28 20:08:21,974 [Listener at 127.0.0.1/46171] INFO  server.RaftServerConfigKeys (ConfUtils.java:logGet(46)) - raft.server.data-stream.async.request.thread.pool.size = 20 (custom)
2023-02-28 20:08:21,974 [Listener at 127.0.0.1/46171] INFO  server.RaftServerConfigKeys (ConfUtils.java:logGet(46)) - raft.server.data-stream.async.write.thread.pool.size = 16 (default)
2023-02-28 20:08:21,975 [Listener at 127.0.0.1/46171] INFO  server.RaftServerConfigKeys (ConfUtils.java:logGet(46)) - raft.server.data-stream.client.pool.size = 10 (default)
2023-02-28 20:08:21,978 [Listener at 127.0.0.1/46171] INFO  netty.NettyConfigKeys$DataStream (ConfUtils.java:logGet(46)) - raft.netty.dataStream.server.use-epoll = false (default)
2023-02-28 20:08:21,978 [Listener at 127.0.0.1/46171] INFO  netty.NettyConfigKeys$DataStream (ConfUtils.java:logGet(46)) - raft.netty.dataStream.server.boss-group.size = 0 (default)
2023-02-28 20:08:21,984 [Listener at 127.0.0.1/46171] INFO  netty.NettyConfigKeys$DataStream (ConfUtils.java:logGet(46)) - raft.netty.dataStream.server.worker-group.size = 0 (default)
2023-02-28 20:08:21,985 [Listener at 127.0.0.1/46171] INFO  netty.NettyConfigKeys$DataStream (ConfUtils.java:logGet(46)) - raft.netty.dataStream.server.tls.conf = null (default)
2023-02-28 20:08:21,987 [Listener at 127.0.0.1/46171] INFO  netty.NettyConfigKeys$DataStream (ConfUtils.java:logGet(46)) - raft.netty.dataStream.host = null (default)
2023-02-28 20:08:21,987 [Listener at 127.0.0.1/46171] INFO  netty.NettyConfigKeys$DataStream (ConfUtils.java:logGet(46)) - raft.netty.dataStream.port = 0 (default)
2023-02-28 20:08:21,995 [Listener at 127.0.0.1/46171] INFO  server.RaftServerConfigKeys (ConfUtils.java:logGet(46)) - raft.server.threadpool.proxy.cached = true (default)
2023-02-28 20:08:21,995 [Listener at 127.0.0.1/46171] INFO  server.RaftServerConfigKeys (ConfUtils.java:logGet(46)) - raft.server.threadpool.proxy.size = 0 (default)
2023-02-28 20:08:21,995 [Listener at 127.0.0.1/46171] INFO  server.RaftServerConfigKeys (ConfUtils.java:logGet(46)) - raft.server.rpc.slowness.timeout = 300s (custom)
2023-02-28 20:08:21,996 [Listener at 127.0.0.1/46171] INFO  server.RaftServerConfigKeys (ConfUtils.java:logGet(46)) - raft.server.leaderelection.leader.step-down.wait-time = 10s (default)
2023-02-28 20:08:21,996 [Listener at 127.0.0.1/46171] INFO  server.RaftServerConfigKeys (ConfUtils.java:logGet(46)) - raft.server.storage.dir = [/home/runner/work/ozone/ozone/hadoop-ozone/integration-test/target/test-dir/MiniOzoneClusterImpl-e7d671b1-06ed-40aa-a52b-2678dd5bab1b/datanode-0/data/ratis] (custom)
2023-02-28 20:08:22,016 [d4f71ede-bed0-498f-9536-da00fca7d632-NettyServerStreamRpc-bossGroup--thread1] INFO  logging.LoggingHandler (AbstractInternalLogger.java:log(148)) - [id: 0x1b29c601] REGISTERED
2023-02-28 20:08:22,016 [d4f71ede-bed0-498f-9536-da00fca7d632-NettyServerStreamRpc-bossGroup--thread1] INFO  logging.LoggingHandler (AbstractInternalLogger.java:log(148)) - [id: 0x1b29c601] BIND: 0.0.0.0/0.0.0.0:0
2023-02-28 20:08:22,016 [d4f71ede-bed0-498f-9536-da00fca7d632-NettyServerStreamRpc-bossGroup--thread1] INFO  logging.LoggingHandler (AbstractInternalLogger.java:log(148)) - [id: 0x1b29c601, L:/0:0:0:0:0:0:0:0:39647] ACTIVE
2023-02-28 20:08:22,028 [Listener at 127.0.0.1/46171] INFO  server.XceiverServerGrpc (XceiverServerGrpc.java:<init>(132)) - GrpcServer channel type EpollServerSocketChannel
2023-02-28 20:08:22,159 [Listener at 127.0.0.1/46171] INFO  http.BaseHttpServer (BaseHttpServer.java:newHttpServer2BuilderForOzone(213)) - Starting Web-server for hddsDatanode at: http://0.0.0.0:0
2023-02-28 20:08:22,160 [Listener at 127.0.0.1/46171] INFO  http.BaseHttpServer (BaseHttpServer.java:<init>(108)) - Hadoop Security Enabled: false Ozone Security Enabled: false Ozone HTTP Security Enabled: false 
2023-02-28 20:08:22,161 [Listener at 127.0.0.1/46171] WARN  server.AuthenticationFilter (AuthenticationFilter.java:constructSecretProvider(240)) - Unable to initialize FileSignerSecretProvider, falling back to use random secrets. Reason: Could not read signature secret file: /home/runner/hadoop-http-auth-signature-secret
2023-02-28 20:08:22,163 [Listener at 127.0.0.1/46171] WARN  http.HttpRequestLog (HttpRequestLog.java:getRequestLog(103)) - Jetty request log can only be enabled using Log4j
2023-02-28 20:08:22,164 [Listener at 127.0.0.1/46171] INFO  http.HttpServer2 (HttpServer2.java:addGlobalFilter(1031)) - Added global filter 'safety' (class=org.apache.hadoop.hdds.server.http.HttpServer2$QuotingInputFilter)
2023-02-28 20:08:22,165 [Listener at 127.0.0.1/46171] INFO  http.HttpServer2 (HttpServer2.java:addFilter(1007)) - Added filter static_user_filter (class=org.apache.hadoop.http.lib.StaticUserWebFilter$StaticUserFilter) to context hddsDatanode
2023-02-28 20:08:22,165 [Listener at 127.0.0.1/46171] INFO  http.HttpServer2 (HttpServer2.java:addFilter(1015)) - Added filter static_user_filter (class=org.apache.hadoop.http.lib.StaticUserWebFilter$StaticUserFilter) to context static
2023-02-28 20:08:22,165 [Listener at 127.0.0.1/46171] INFO  http.HttpServer2 (HttpServer2.java:addFilter(1015)) - Added filter static_user_filter (class=org.apache.hadoop.http.lib.StaticUserWebFilter$StaticUserFilter) to context logs
2023-02-28 20:08:22,166 [Listener at 127.0.0.1/46171] INFO  http.HttpServer2 (HttpServer2.java:bindListener(1250)) - Jetty bound to port 43903
2023-02-28 20:08:22,166 [Listener at 127.0.0.1/46171] INFO  server.Server (Server.java:doStart(375)) - jetty-9.4.49.v20220914; built: 2022-09-14T01:07:36.601Z; git: 4231a3b2e4cb8548a412a789936d640a97b1aa0a; jvm 1.8.0_362-b09
2023-02-28 20:08:22,174 [Listener at 127.0.0.1/46171] INFO  server.session (DefaultSessionIdManager.java:doStart(334)) - DefaultSessionIdManager workerName=node0
2023-02-28 20:08:22,177 [Listener at 127.0.0.1/46171] INFO  server.session (DefaultSessionIdManager.java:doStart(339)) - No SessionScavenger set, using defaults
2023-02-28 20:08:22,177 [Listener at 127.0.0.1/46171] INFO  server.session (HouseKeeper.java:startScavenging(132)) - node0 Scavenging every 600000ms
2023-02-28 20:08:22,178 [Listener at 127.0.0.1/46171] INFO  handler.ContextHandler (ContextHandler.java:doStart(921)) - Started o.e.j.s.ServletContextHandler@5ef60f95{logs,/logs,file:///home/runner/work/ozone/ozone/hadoop-ozone/integration-test/target/log,AVAILABLE}
2023-02-28 20:08:22,178 [Listener at 127.0.0.1/46171] INFO  handler.ContextHandler (ContextHandler.java:doStart(921)) - Started o.e.j.s.ServletContextHandler@b002c02{static,/static,jar:file:/home/runner/.m2/repository/org/apache/ozone/hdds-container-service/1.4.0-SNAPSHOT/hdds-container-service-1.4.0-SNAPSHOT.jar!/webapps/static,AVAILABLE}
2023-02-28 20:08:22,398 [Listener at 127.0.0.1/46171] INFO  handler.ContextHandler (ContextHandler.java:doStart(921)) - Started o.e.j.w.WebAppContext@9c10e9c{hddsDatanode,/,file:///tmp/jetty-0_0_0_0-43903-hdds-container-service-1_4_0-SNAPSHOT_jar-_-any-6647484588608948791/webapp/,AVAILABLE}{jar:file:/home/runner/.m2/repository/org/apache/ozone/hdds-container-service/1.4.0-SNAPSHOT/hdds-container-service-1.4.0-SNAPSHOT.jar!/webapps/hddsDatanode}
2023-02-28 20:08:22,399 [Listener at 127.0.0.1/46171] INFO  server.AbstractConnector (AbstractConnector.java:doStart(333)) - Started ServerConnector@584706be{HTTP/1.1, (http/1.1)}{0.0.0.0:43903}
2023-02-28 20:08:22,399 [Listener at 127.0.0.1/46171] INFO  server.Server (Server.java:doStart(415)) - Started @11084ms
2023-02-28 20:08:22,399 [Listener at 127.0.0.1/46171] WARN  impl.MetricsSystemImpl (MetricsSystemImpl.java:register(279)) - Sink prometheus already exists!
2023-02-28 20:08:22,400 [Listener at 127.0.0.1/46171] INFO  http.BaseHttpServer (BaseHttpServer.java:updateConnectorAddress(333)) - HTTP server of hddsDatanode listening at http://0.0.0.0:43903
2023-02-28 20:08:22,401 [Datanode State Machine Daemon Thread] INFO  statemachine.DatanodeStateMachine (DatanodeStateMachine.java:lambda$startDaemon$0(516)) - Ozone container server started.
2023-02-28 20:08:22,402 [Listener at 127.0.0.1/46171] WARN  impl.MetricRegistriesImpl (MetricRegistriesImpl.java:addReporterRegistration(111)) - New reporters are added after registries were created. Some metrics will be missing from the reporter. Please add reporter before adding any new registry.
2023-02-28 20:08:22,402 [Listener at 127.0.0.1/46171] WARN  impl.MetricRegistriesImpl (MetricRegistriesImpl.java:addReporterRegistration(111)) - New reporters are added after registries were created. Some metrics will be missing from the reporter. Please add reporter before adding any new registry.
2023-02-28 20:08:22,402 [Listener at 127.0.0.1/46171] INFO  impl.MetricsSystemImpl (MetricsSystemImpl.java:init(158)) - HddsDatanode metrics system started (again)
2023-02-28 20:08:22,419 [Listener at 127.0.0.1/46171] INFO  ozone.HddsDatanodeService (HddsDatanodeService.java:start(228)) - HddsDatanodeService host:fv-az399-334 ip:10.1.1.15
2023-02-28 20:08:22,439 [org.apache.hadoop.util.JvmPauseMonitor$Monitor@75244476] INFO  util.JvmPauseMonitor (JvmPauseMonitor.java:run(188)) - Starting JVM pause monitor
2023-02-28 20:08:22,446 [Listener at 127.0.0.1/46171] INFO  upgrade.AbstractLayoutVersionManager (AbstractLayoutVersionManager.java:init(83)) - Initializing Layout version manager with metadata layout = DATANODE_SCHEMA_V3 (version = 4), software layout = DATANODE_SCHEMA_V3 (version = 4)
2023-02-28 20:08:22,496 [Listener at 127.0.0.1/46171] INFO  reflections.Reflections (Reflections.java:scan(232)) - Reflections took 48 ms to scan 7 urls, producing 151 keys and 364 values 
2023-02-28 20:08:22,497 [Listener at 127.0.0.1/46171] INFO  statemachine.DatanodeStateMachine (DatanodeStateMachine.java:getEndPointTaskThreadPoolSize(260)) - Datanode State Machine Task Thread Pool size 2
2023-02-28 20:08:22,499 [Listener at 127.0.0.1/46171] INFO  volume.HddsVolume (HddsVolume.java:<init>(122)) - Creating HddsVolume: /home/runner/work/ozone/ozone/hadoop-ozone/integration-test/target/test-dir/MiniOzoneClusterImpl-e7d671b1-06ed-40aa-a52b-2678dd5bab1b/datanode-1/data-0/containers/hdds of storage type : DISK capacity : 9223372036854775807
2023-02-28 20:08:22,500 [Listener at 127.0.0.1/46171] INFO  volume.MutableVolumeSet (MutableVolumeSet.java:initializeVolumeSet(174)) - Added Volume : /home/runner/work/ozone/ozone/hadoop-ozone/integration-test/target/test-dir/MiniOzoneClusterImpl-e7d671b1-06ed-40aa-a52b-2678dd5bab1b/datanode-1/data-0/containers/hdds to VolumeSet
2023-02-28 20:08:22,500 [Listener at 127.0.0.1/46171] INFO  volume.ThrottledAsyncChecker (ThrottledAsyncChecker.java:schedule(141)) - Scheduling a check for /home/runner/work/ozone/ozone/hadoop-ozone/integration-test/target/test-dir/MiniOzoneClusterImpl-e7d671b1-06ed-40aa-a52b-2678dd5bab1b/datanode-1/data-0/containers/hdds
2023-02-28 20:08:22,504 [Listener at 127.0.0.1/46171] INFO  volume.StorageVolumeChecker (StorageVolumeChecker.java:checkAllVolumes(202)) - Scheduled health check for volume /home/runner/work/ozone/ozone/hadoop-ozone/integration-test/target/test-dir/MiniOzoneClusterImpl-e7d671b1-06ed-40aa-a52b-2678dd5bab1b/datanode-1/data-0/containers/hdds
2023-02-28 20:08:22,522 [Listener at 127.0.0.1/46171] INFO  volume.MutableVolumeSet (MutableVolumeSet.java:initializeVolumeSet(174)) - Added Volume : /home/runner/work/ozone/ozone/hadoop-ozone/integration-test/target/test-dir/MiniOzoneClusterImpl-e7d671b1-06ed-40aa-a52b-2678dd5bab1b/datanode-1/data/ratis to VolumeSet
2023-02-28 20:08:22,522 [Listener at 127.0.0.1/46171] INFO  volume.ThrottledAsyncChecker (ThrottledAsyncChecker.java:schedule(141)) - Scheduling a check for /home/runner/work/ozone/ozone/hadoop-ozone/integration-test/target/test-dir/MiniOzoneClusterImpl-e7d671b1-06ed-40aa-a52b-2678dd5bab1b/datanode-1/data/ratis
2023-02-28 20:08:22,523 [Listener at 127.0.0.1/46171] INFO  volume.StorageVolumeChecker (StorageVolumeChecker.java:checkAllVolumes(202)) - Scheduled health check for volume /home/runner/work/ozone/ozone/hadoop-ozone/integration-test/target/test-dir/MiniOzoneClusterImpl-e7d671b1-06ed-40aa-a52b-2678dd5bab1b/datanode-1/data/ratis
2023-02-28 20:08:22,561 [Thread-264] INFO  ozoneimpl.ContainerReader (ContainerReader.java:readVolume(175)) - Finish verifying containers on volume /home/runner/work/ozone/ozone/hadoop-ozone/integration-test/target/test-dir/MiniOzoneClusterImpl-e7d671b1-06ed-40aa-a52b-2678dd5bab1b/datanode-1/data-0/containers/hdds
2023-02-28 20:08:22,562 [Listener at 127.0.0.1/46171] INFO  ozoneimpl.OzoneContainer (OzoneContainer.java:buildContainerSet(304)) - Build ContainerSet costs 0s
2023-02-28 20:08:22,565 [Listener at 127.0.0.1/46171] INFO  server.RaftServer (ConfUtils.java:logGet(46)) - raft.rpc.type = GRPC (default)
2023-02-28 20:08:22,566 [Listener at 127.0.0.1/46171] INFO  grpc.GrpcConfigKeys (ConfUtils.java:logFallback(53)) - raft.grpc.admin.host = null (fallback to raft.grpc.server.host)
2023-02-28 20:08:22,566 [Listener at 127.0.0.1/46171] INFO  grpc.GrpcConfigKeys (ConfUtils.java:logGet(46)) - raft.grpc.admin.port = 0 (custom)
2023-02-28 20:08:22,566 [Listener at 127.0.0.1/46171] INFO  grpc.GrpcConfigKeys (ConfUtils.java:logFallback(53)) - raft.grpc.client.host = null (fallback to raft.grpc.server.host)
2023-02-28 20:08:22,566 [Listener at 127.0.0.1/46171] INFO  grpc.GrpcConfigKeys (ConfUtils.java:logGet(46)) - raft.grpc.client.port = 0 (custom)
2023-02-28 20:08:22,566 [Listener at 127.0.0.1/46171] INFO  grpc.GrpcConfigKeys (ConfUtils.java:logGet(46)) - raft.grpc.server.host = null (default)
2023-02-28 20:08:22,566 [Listener at 127.0.0.1/46171] INFO  grpc.GrpcConfigKeys (ConfUtils.java:logGet(46)) - raft.grpc.server.port = 0 (default)
2023-02-28 20:08:22,568 [Listener at 127.0.0.1/46171] INFO  server.GrpcService (ConfUtils.java:logGet(46)) - raft.grpc.message.size.max = 32MB (=33554432) (custom)
2023-02-28 20:08:22,569 [Listener at 127.0.0.1/46171] INFO  server.RaftServerConfigKeys (ConfUtils.java:logGet(46)) - raft.server.log.appender.buffer.byte-limit = 33554432 (custom)
2023-02-28 20:08:22,569 [Listener at 127.0.0.1/46171] INFO  server.GrpcService (ConfUtils.java:logGet(46)) - raft.grpc.flow.control.window = 5MB (=5242880) (custom)
2023-02-28 20:08:22,569 [Listener at 127.0.0.1/46171] INFO  server.RaftServerConfigKeys (ConfUtils.java:logGet(46)) - raft.server.rpc.request.timeout = 60s (custom)
2023-02-28 20:08:22,569 [Listener at 127.0.0.1/46171] INFO  grpc.GrpcConfigKeys (ConfUtils.java:logGet(46)) - raft.grpc.server.heartbeat.channel = true (default)
2023-02-28 20:08:22,569 [Listener at 127.0.0.1/46171] INFO  grpc.GrpcConfigKeys (ConfUtils.java:logGet(46)) - raft.grpc.server.async.request.thread.pool.cached = true (default)
2023-02-28 20:08:22,571 [Listener at 127.0.0.1/46171] INFO  grpc.GrpcConfigKeys (ConfUtils.java:logGet(46)) - raft.grpc.server.async.request.thread.pool.size = 32 (default)
2023-02-28 20:08:22,573 [Listener at 127.0.0.1/46171] INFO  impl.DataStreamServerImpl (ConfUtils.java:logGet(46)) - raft.datastream.type = NETTY (custom)
2023-02-28 20:08:22,575 [Listener at 127.0.0.1/46171] INFO  server.RaftServerConfigKeys (ConfUtils.java:logGet(46)) - raft.server.data-stream.async.request.thread.pool.cached = false (default)
2023-02-28 20:08:22,575 [Listener at 127.0.0.1/46171] INFO  server.RaftServerConfigKeys (ConfUtils.java:logGet(46)) - raft.server.data-stream.async.request.thread.pool.size = 20 (custom)
2023-02-28 20:08:22,575 [Listener at 127.0.0.1/46171] INFO  server.RaftServerConfigKeys (ConfUtils.java:logGet(46)) - raft.server.data-stream.async.write.thread.pool.size = 16 (default)
2023-02-28 20:08:22,575 [Listener at 127.0.0.1/46171] INFO  server.RaftServerConfigKeys (ConfUtils.java:logGet(46)) - raft.server.data-stream.client.pool.size = 10 (default)
2023-02-28 20:08:22,575 [Listener at 127.0.0.1/46171] INFO  netty.NettyConfigKeys$DataStream (ConfUtils.java:logGet(46)) - raft.netty.dataStream.server.use-epoll = false (default)
2023-02-28 20:08:22,575 [Listener at 127.0.0.1/46171] INFO  netty.NettyConfigKeys$DataStream (ConfUtils.java:logGet(46)) - raft.netty.dataStream.server.boss-group.size = 0 (default)
2023-02-28 20:08:22,576 [Listener at 127.0.0.1/46171] INFO  netty.NettyConfigKeys$DataStream (ConfUtils.java:logGet(46)) - raft.netty.dataStream.server.worker-group.size = 0 (default)
2023-02-28 20:08:22,577 [Listener at 127.0.0.1/46171] INFO  netty.NettyConfigKeys$DataStream (ConfUtils.java:logGet(46)) - raft.netty.dataStream.server.tls.conf = null (default)
2023-02-28 20:08:22,577 [Listener at 127.0.0.1/46171] INFO  netty.NettyConfigKeys$DataStream (ConfUtils.java:logGet(46)) - raft.netty.dataStream.host = null (default)
2023-02-28 20:08:22,577 [Listener at 127.0.0.1/46171] INFO  netty.NettyConfigKeys$DataStream (ConfUtils.java:logGet(46)) - raft.netty.dataStream.port = 0 (default)
2023-02-28 20:08:22,590 [Listener at 127.0.0.1/46171] INFO  server.RaftServerConfigKeys (ConfUtils.java:logGet(46)) - raft.server.threadpool.proxy.cached = true (default)
2023-02-28 20:08:22,590 [Listener at 127.0.0.1/46171] INFO  server.RaftServerConfigKeys (ConfUtils.java:logGet(46)) - raft.server.threadpool.proxy.size = 0 (default)
2023-02-28 20:08:22,590 [Listener at 127.0.0.1/46171] INFO  server.RaftServerConfigKeys (ConfUtils.java:logGet(46)) - raft.server.rpc.slowness.timeout = 300s (custom)
2023-02-28 20:08:22,590 [Listener at 127.0.0.1/46171] INFO  server.RaftServerConfigKeys (ConfUtils.java:logGet(46)) - raft.server.leaderelection.leader.step-down.wait-time = 10s (default)
2023-02-28 20:08:22,590 [Listener at 127.0.0.1/46171] INFO  server.RaftServerConfigKeys (ConfUtils.java:logGet(46)) - raft.server.storage.dir = [/home/runner/work/ozone/ozone/hadoop-ozone/integration-test/target/test-dir/MiniOzoneClusterImpl-e7d671b1-06ed-40aa-a52b-2678dd5bab1b/datanode-1/data/ratis] (custom)
2023-02-28 20:08:22,597 [f1fceee1-e839-4390-8ee1-a452674c18b3-NettyServerStreamRpc-bossGroup--thread1] INFO  logging.LoggingHandler (AbstractInternalLogger.java:log(148)) - [id: 0x0dbd12cf] REGISTERED
2023-02-28 20:08:22,597 [f1fceee1-e839-4390-8ee1-a452674c18b3-NettyServerStreamRpc-bossGroup--thread1] INFO  logging.LoggingHandler (AbstractInternalLogger.java:log(148)) - [id: 0x0dbd12cf] BIND: 0.0.0.0/0.0.0.0:0
2023-02-28 20:08:22,597 [f1fceee1-e839-4390-8ee1-a452674c18b3-NettyServerStreamRpc-bossGroup--thread1] INFO  logging.LoggingHandler (AbstractInternalLogger.java:log(148)) - [id: 0x0dbd12cf, L:/0:0:0:0:0:0:0:0:36103] ACTIVE
2023-02-28 20:08:22,599 [Listener at 127.0.0.1/46171] INFO  server.XceiverServerGrpc (XceiverServerGrpc.java:<init>(132)) - GrpcServer channel type EpollServerSocketChannel
2023-02-28 20:08:22,608 [Listener at 127.0.0.1/46171] INFO  http.BaseHttpServer (BaseHttpServer.java:newHttpServer2BuilderForOzone(213)) - Starting Web-server for hddsDatanode at: http://0.0.0.0:0
2023-02-28 20:08:22,609 [Listener at 127.0.0.1/46171] INFO  http.BaseHttpServer (BaseHttpServer.java:<init>(108)) - Hadoop Security Enabled: false Ozone Security Enabled: false Ozone HTTP Security Enabled: false 
2023-02-28 20:08:22,611 [Listener at 127.0.0.1/46171] WARN  server.AuthenticationFilter (AuthenticationFilter.java:constructSecretProvider(240)) - Unable to initialize FileSignerSecretProvider, falling back to use random secrets. Reason: Could not read signature secret file: /home/runner/hadoop-http-auth-signature-secret
2023-02-28 20:08:22,615 [Listener at 127.0.0.1/46171] WARN  http.HttpRequestLog (HttpRequestLog.java:getRequestLog(103)) - Jetty request log can only be enabled using Log4j
2023-02-28 20:08:22,618 [Listener at 127.0.0.1/46171] INFO  http.HttpServer2 (HttpServer2.java:addGlobalFilter(1031)) - Added global filter 'safety' (class=org.apache.hadoop.hdds.server.http.HttpServer2$QuotingInputFilter)
2023-02-28 20:08:22,619 [Listener at 127.0.0.1/46171] INFO  http.HttpServer2 (HttpServer2.java:addFilter(1007)) - Added filter static_user_filter (class=org.apache.hadoop.http.lib.StaticUserWebFilter$StaticUserFilter) to context hddsDatanode
2023-02-28 20:08:22,619 [Listener at 127.0.0.1/46171] INFO  http.HttpServer2 (HttpServer2.java:addFilter(1015)) - Added filter static_user_filter (class=org.apache.hadoop.http.lib.StaticUserWebFilter$StaticUserFilter) to context logs
2023-02-28 20:08:22,619 [Listener at 127.0.0.1/46171] INFO  http.HttpServer2 (HttpServer2.java:addFilter(1015)) - Added filter static_user_filter (class=org.apache.hadoop.http.lib.StaticUserWebFilter$StaticUserFilter) to context static
2023-02-28 20:08:22,619 [Listener at 127.0.0.1/46171] INFO  http.HttpServer2 (HttpServer2.java:bindListener(1250)) - Jetty bound to port 33735
2023-02-28 20:08:22,620 [Listener at 127.0.0.1/46171] INFO  server.Server (Server.java:doStart(375)) - jetty-9.4.49.v20220914; built: 2022-09-14T01:07:36.601Z; git: 4231a3b2e4cb8548a412a789936d640a97b1aa0a; jvm 1.8.0_362-b09
2023-02-28 20:08:22,625 [Listener at 127.0.0.1/46171] INFO  server.session (DefaultSessionIdManager.java:doStart(334)) - DefaultSessionIdManager workerName=node0
2023-02-28 20:08:22,625 [Listener at 127.0.0.1/46171] INFO  server.session (DefaultSessionIdManager.java:doStart(339)) - No SessionScavenger set, using defaults
2023-02-28 20:08:22,625 [Listener at 127.0.0.1/46171] INFO  server.session (HouseKeeper.java:startScavenging(132)) - node0 Scavenging every 600000ms
2023-02-28 20:08:22,626 [Listener at 127.0.0.1/46171] INFO  handler.ContextHandler (ContextHandler.java:doStart(921)) - Started o.e.j.s.ServletContextHandler@1f15cb5a{logs,/logs,file:///home/runner/work/ozone/ozone/hadoop-ozone/integration-test/target/log,AVAILABLE}
2023-02-28 20:08:22,627 [Listener at 127.0.0.1/46171] INFO  handler.ContextHandler (ContextHandler.java:doStart(921)) - Started o.e.j.s.ServletContextHandler@6ee7da38{static,/static,jar:file:/home/runner/.m2/repository/org/apache/ozone/hdds-container-service/1.4.0-SNAPSHOT/hdds-container-service-1.4.0-SNAPSHOT.jar!/webapps/static,AVAILABLE}
2023-02-28 20:08:22,649 [Datanode State Machine Task Thread - 0] INFO  datanode.InitDatanodeState (InitDatanodeState.java:persistContainerDatanodeDetails(138)) - DatanodeDetails is persisted to /home/runner/work/ozone/ozone/hadoop-ozone/integration-test/target/test-dir/MiniOzoneClusterImpl-e7d671b1-06ed-40aa-a52b-2678dd5bab1b/datanode-0/meta/datanode.id
2023-02-28 20:08:22,835 [Listener at 127.0.0.1/46171] INFO  handler.ContextHandler (ContextHandler.java:doStart(921)) - Started o.e.j.w.WebAppContext@7c4a83cb{hddsDatanode,/,file:///tmp/jetty-0_0_0_0-33735-hdds-container-service-1_4_0-SNAPSHOT_jar-_-any-8998343095990907312/webapp/,AVAILABLE}{jar:file:/home/runner/.m2/repository/org/apache/ozone/hdds-container-service/1.4.0-SNAPSHOT/hdds-container-service-1.4.0-SNAPSHOT.jar!/webapps/hddsDatanode}
2023-02-28 20:08:22,836 [Listener at 127.0.0.1/46171] INFO  server.AbstractConnector (AbstractConnector.java:doStart(333)) - Started ServerConnector@3c6d4c15{HTTP/1.1, (http/1.1)}{0.0.0.0:33735}
2023-02-28 20:08:22,837 [Listener at 127.0.0.1/46171] INFO  server.Server (Server.java:doStart(415)) - Started @11521ms
2023-02-28 20:08:22,837 [Listener at 127.0.0.1/46171] WARN  impl.MetricsSystemImpl (MetricsSystemImpl.java:register(279)) - Sink prometheus already exists!
2023-02-28 20:08:22,837 [Listener at 127.0.0.1/46171] INFO  http.BaseHttpServer (BaseHttpServer.java:updateConnectorAddress(333)) - HTTP server of hddsDatanode listening at http://0.0.0.0:33735
2023-02-28 20:08:22,838 [Datanode State Machine Daemon Thread] INFO  statemachine.DatanodeStateMachine (DatanodeStateMachine.java:lambda$startDaemon$0(516)) - Ozone container server started.
2023-02-28 20:08:22,842 [Listener at 127.0.0.1/46171] WARN  impl.MetricRegistriesImpl (MetricRegistriesImpl.java:addReporterRegistration(111)) - New reporters are added after registries were created. Some metrics will be missing from the reporter. Please add reporter before adding any new registry.
2023-02-28 20:08:22,847 [Listener at 127.0.0.1/46171] WARN  impl.MetricRegistriesImpl (MetricRegistriesImpl.java:addReporterRegistration(111)) - New reporters are added after registries were created. Some metrics will be missing from the reporter. Please add reporter before adding any new registry.
2023-02-28 20:08:22,847 [Listener at 127.0.0.1/46171] INFO  impl.MetricsSystemImpl (MetricsSystemImpl.java:init(158)) - HddsDatanode metrics system started (again)
2023-02-28 20:08:22,861 [Listener at 127.0.0.1/46171] INFO  ozone.HddsDatanodeService (HddsDatanodeService.java:start(228)) - HddsDatanodeService host:fv-az399-334 ip:10.1.1.15
2023-02-28 20:08:22,867 [org.apache.hadoop.util.JvmPauseMonitor$Monitor@6f3aed98] INFO  util.JvmPauseMonitor (JvmPauseMonitor.java:run(188)) - Starting JVM pause monitor
2023-02-28 20:08:22,878 [Datanode State Machine Task Thread - 0] INFO  datanode.InitDatanodeState (InitDatanodeState.java:persistContainerDatanodeDetails(138)) - DatanodeDetails is persisted to /home/runner/work/ozone/ozone/hadoop-ozone/integration-test/target/test-dir/MiniOzoneClusterImpl-e7d671b1-06ed-40aa-a52b-2678dd5bab1b/datanode-1/meta/datanode.id
2023-02-28 20:08:22,882 [Listener at 127.0.0.1/46171] INFO  upgrade.AbstractLayoutVersionManager (AbstractLayoutVersionManager.java:init(83)) - Initializing Layout version manager with metadata layout = DATANODE_SCHEMA_V3 (version = 4), software layout = DATANODE_SCHEMA_V3 (version = 4)
2023-02-28 20:08:22,943 [Listener at 127.0.0.1/46171] INFO  reflections.Reflections (Reflections.java:scan(232)) - Reflections took 59 ms to scan 7 urls, producing 151 keys and 364 values 
2023-02-28 20:08:22,946 [Listener at 127.0.0.1/46171] INFO  statemachine.DatanodeStateMachine (DatanodeStateMachine.java:getEndPointTaskThreadPoolSize(260)) - Datanode State Machine Task Thread Pool size 2
2023-02-28 20:08:22,951 [Listener at 127.0.0.1/46171] INFO  volume.HddsVolume (HddsVolume.java:<init>(122)) - Creating HddsVolume: /home/runner/work/ozone/ozone/hadoop-ozone/integration-test/target/test-dir/MiniOzoneClusterImpl-e7d671b1-06ed-40aa-a52b-2678dd5bab1b/datanode-2/data-0/containers/hdds of storage type : DISK capacity : 9223372036854775807
2023-02-28 20:08:22,952 [Listener at 127.0.0.1/46171] INFO  volume.MutableVolumeSet (MutableVolumeSet.java:initializeVolumeSet(174)) - Added Volume : /home/runner/work/ozone/ozone/hadoop-ozone/integration-test/target/test-dir/MiniOzoneClusterImpl-e7d671b1-06ed-40aa-a52b-2678dd5bab1b/datanode-2/data-0/containers/hdds to VolumeSet
2023-02-28 20:08:22,952 [Listener at 127.0.0.1/46171] INFO  volume.ThrottledAsyncChecker (ThrottledAsyncChecker.java:schedule(141)) - Scheduling a check for /home/runner/work/ozone/ozone/hadoop-ozone/integration-test/target/test-dir/MiniOzoneClusterImpl-e7d671b1-06ed-40aa-a52b-2678dd5bab1b/datanode-2/data-0/containers/hdds
2023-02-28 20:08:22,952 [Listener at 127.0.0.1/46171] INFO  volume.StorageVolumeChecker (StorageVolumeChecker.java:checkAllVolumes(202)) - Scheduled health check for volume /home/runner/work/ozone/ozone/hadoop-ozone/integration-test/target/test-dir/MiniOzoneClusterImpl-e7d671b1-06ed-40aa-a52b-2678dd5bab1b/datanode-2/data-0/containers/hdds
2023-02-28 20:08:22,965 [Listener at 127.0.0.1/46171] INFO  volume.MutableVolumeSet (MutableVolumeSet.java:initializeVolumeSet(174)) - Added Volume : /home/runner/work/ozone/ozone/hadoop-ozone/integration-test/target/test-dir/MiniOzoneClusterImpl-e7d671b1-06ed-40aa-a52b-2678dd5bab1b/datanode-2/data/ratis to VolumeSet
2023-02-28 20:08:22,965 [Listener at 127.0.0.1/46171] INFO  volume.ThrottledAsyncChecker (ThrottledAsyncChecker.java:schedule(141)) - Scheduling a check for /home/runner/work/ozone/ozone/hadoop-ozone/integration-test/target/test-dir/MiniOzoneClusterImpl-e7d671b1-06ed-40aa-a52b-2678dd5bab1b/datanode-2/data/ratis
2023-02-28 20:08:22,965 [Listener at 127.0.0.1/46171] INFO  volume.StorageVolumeChecker (StorageVolumeChecker.java:checkAllVolumes(202)) - Scheduled health check for volume /home/runner/work/ozone/ozone/hadoop-ozone/integration-test/target/test-dir/MiniOzoneClusterImpl-e7d671b1-06ed-40aa-a52b-2678dd5bab1b/datanode-2/data/ratis
2023-02-28 20:08:22,977 [Thread-278] INFO  ozoneimpl.ContainerReader (ContainerReader.java:readVolume(175)) - Finish verifying containers on volume /home/runner/work/ozone/ozone/hadoop-ozone/integration-test/target/test-dir/MiniOzoneClusterImpl-e7d671b1-06ed-40aa-a52b-2678dd5bab1b/datanode-2/data-0/containers/hdds
2023-02-28 20:08:22,977 [Listener at 127.0.0.1/46171] INFO  ozoneimpl.OzoneContainer (OzoneContainer.java:buildContainerSet(304)) - Build ContainerSet costs 0s
2023-02-28 20:08:22,980 [Listener at 127.0.0.1/46171] INFO  server.RaftServer (ConfUtils.java:logGet(46)) - raft.rpc.type = GRPC (default)
2023-02-28 20:08:22,981 [Listener at 127.0.0.1/46171] INFO  grpc.GrpcConfigKeys (ConfUtils.java:logFallback(53)) - raft.grpc.admin.host = null (fallback to raft.grpc.server.host)
2023-02-28 20:08:22,981 [Listener at 127.0.0.1/46171] INFO  grpc.GrpcConfigKeys (ConfUtils.java:logGet(46)) - raft.grpc.admin.port = 0 (custom)
2023-02-28 20:08:22,981 [Listener at 127.0.0.1/46171] INFO  grpc.GrpcConfigKeys (ConfUtils.java:logFallback(53)) - raft.grpc.client.host = null (fallback to raft.grpc.server.host)
2023-02-28 20:08:22,981 [Listener at 127.0.0.1/46171] INFO  grpc.GrpcConfigKeys (ConfUtils.java:logGet(46)) - raft.grpc.client.port = 0 (custom)
2023-02-28 20:08:22,981 [Listener at 127.0.0.1/46171] INFO  grpc.GrpcConfigKeys (ConfUtils.java:logGet(46)) - raft.grpc.server.host = null (default)
2023-02-28 20:08:22,981 [Listener at 127.0.0.1/46171] INFO  grpc.GrpcConfigKeys (ConfUtils.java:logGet(46)) - raft.grpc.server.port = 0 (default)
2023-02-28 20:08:22,981 [Listener at 127.0.0.1/46171] INFO  server.GrpcService (ConfUtils.java:logGet(46)) - raft.grpc.message.size.max = 32MB (=33554432) (custom)
2023-02-28 20:08:22,981 [Listener at 127.0.0.1/46171] INFO  server.RaftServerConfigKeys (ConfUtils.java:logGet(46)) - raft.server.log.appender.buffer.byte-limit = 33554432 (custom)
2023-02-28 20:08:22,981 [Listener at 127.0.0.1/46171] INFO  server.GrpcService (ConfUtils.java:logGet(46)) - raft.grpc.flow.control.window = 5MB (=5242880) (custom)
2023-02-28 20:08:22,982 [Listener at 127.0.0.1/46171] INFO  server.RaftServerConfigKeys (ConfUtils.java:logGet(46)) - raft.server.rpc.request.timeout = 60s (custom)
2023-02-28 20:08:22,982 [Listener at 127.0.0.1/46171] INFO  grpc.GrpcConfigKeys (ConfUtils.java:logGet(46)) - raft.grpc.server.heartbeat.channel = true (default)
2023-02-28 20:08:22,982 [Listener at 127.0.0.1/46171] INFO  grpc.GrpcConfigKeys (ConfUtils.java:logGet(46)) - raft.grpc.server.async.request.thread.pool.cached = true (default)
2023-02-28 20:08:22,982 [Listener at 127.0.0.1/46171] INFO  grpc.GrpcConfigKeys (ConfUtils.java:logGet(46)) - raft.grpc.server.async.request.thread.pool.size = 32 (default)
2023-02-28 20:08:22,983 [Listener at 127.0.0.1/46171] INFO  impl.DataStreamServerImpl (ConfUtils.java:logGet(46)) - raft.datastream.type = NETTY (custom)
2023-02-28 20:08:22,983 [Listener at 127.0.0.1/46171] INFO  server.RaftServerConfigKeys (ConfUtils.java:logGet(46)) - raft.server.data-stream.async.request.thread.pool.cached = false (default)
2023-02-28 20:08:22,984 [Listener at 127.0.0.1/46171] INFO  server.RaftServerConfigKeys (ConfUtils.java:logGet(46)) - raft.server.data-stream.async.request.thread.pool.size = 20 (custom)
2023-02-28 20:08:22,984 [Listener at 127.0.0.1/46171] INFO  server.RaftServerConfigKeys (ConfUtils.java:logGet(46)) - raft.server.data-stream.async.write.thread.pool.size = 16 (default)
2023-02-28 20:08:22,984 [Listener at 127.0.0.1/46171] INFO  server.RaftServerConfigKeys (ConfUtils.java:logGet(46)) - raft.server.data-stream.client.pool.size = 10 (default)
2023-02-28 20:08:22,984 [Listener at 127.0.0.1/46171] INFO  netty.NettyConfigKeys$DataStream (ConfUtils.java:logGet(46)) - raft.netty.dataStream.server.use-epoll = false (default)
2023-02-28 20:08:22,984 [Listener at 127.0.0.1/46171] INFO  netty.NettyConfigKeys$DataStream (ConfUtils.java:logGet(46)) - raft.netty.dataStream.server.boss-group.size = 0 (default)
2023-02-28 20:08:22,985 [Listener at 127.0.0.1/46171] INFO  netty.NettyConfigKeys$DataStream (ConfUtils.java:logGet(46)) - raft.netty.dataStream.server.worker-group.size = 0 (default)
2023-02-28 20:08:22,985 [Listener at 127.0.0.1/46171] INFO  netty.NettyConfigKeys$DataStream (ConfUtils.java:logGet(46)) - raft.netty.dataStream.server.tls.conf = null (default)
2023-02-28 20:08:22,985 [Listener at 127.0.0.1/46171] INFO  netty.NettyConfigKeys$DataStream (ConfUtils.java:logGet(46)) - raft.netty.dataStream.host = null (default)
2023-02-28 20:08:22,985 [Listener at 127.0.0.1/46171] INFO  netty.NettyConfigKeys$DataStream (ConfUtils.java:logGet(46)) - raft.netty.dataStream.port = 0 (default)
2023-02-28 20:08:22,989 [Listener at 127.0.0.1/46171] INFO  server.RaftServerConfigKeys (ConfUtils.java:logGet(46)) - raft.server.threadpool.proxy.cached = true (default)
2023-02-28 20:08:22,989 [Listener at 127.0.0.1/46171] INFO  server.RaftServerConfigKeys (ConfUtils.java:logGet(46)) - raft.server.threadpool.proxy.size = 0 (default)
2023-02-28 20:08:22,989 [Listener at 127.0.0.1/46171] INFO  server.RaftServerConfigKeys (ConfUtils.java:logGet(46)) - raft.server.rpc.slowness.timeout = 300s (custom)
2023-02-28 20:08:22,989 [Listener at 127.0.0.1/46171] INFO  server.RaftServerConfigKeys (ConfUtils.java:logGet(46)) - raft.server.leaderelection.leader.step-down.wait-time = 10s (default)
2023-02-28 20:08:22,989 [Listener at 127.0.0.1/46171] INFO  server.RaftServerConfigKeys (ConfUtils.java:logGet(46)) - raft.server.storage.dir = [/home/runner/work/ozone/ozone/hadoop-ozone/integration-test/target/test-dir/MiniOzoneClusterImpl-e7d671b1-06ed-40aa-a52b-2678dd5bab1b/datanode-2/data/ratis] (custom)
2023-02-28 20:08:22,991 [ce14290f-c11f-4031-993d-843363841a3d-NettyServerStreamRpc-bossGroup--thread1] INFO  logging.LoggingHandler (AbstractInternalLogger.java:log(148)) - [id: 0x0d79c104] REGISTERED
2023-02-28 20:08:22,991 [ce14290f-c11f-4031-993d-843363841a3d-NettyServerStreamRpc-bossGroup--thread1] INFO  logging.LoggingHandler (AbstractInternalLogger.java:log(148)) - [id: 0x0d79c104] BIND: 0.0.0.0/0.0.0.0:0
2023-02-28 20:08:22,991 [ce14290f-c11f-4031-993d-843363841a3d-NettyServerStreamRpc-bossGroup--thread1] INFO  logging.LoggingHandler (AbstractInternalLogger.java:log(148)) - [id: 0x0d79c104, L:/0:0:0:0:0:0:0:0:35205] ACTIVE
2023-02-28 20:08:22,992 [Listener at 127.0.0.1/46171] INFO  server.XceiverServerGrpc (XceiverServerGrpc.java:<init>(132)) - GrpcServer channel type EpollServerSocketChannel
2023-02-28 20:08:23,001 [Listener at 127.0.0.1/46171] INFO  http.BaseHttpServer (BaseHttpServer.java:newHttpServer2BuilderForOzone(213)) - Starting Web-server for hddsDatanode at: http://0.0.0.0:0
2023-02-28 20:08:23,001 [Listener at 127.0.0.1/46171] INFO  http.BaseHttpServer (BaseHttpServer.java:<init>(108)) - Hadoop Security Enabled: false Ozone Security Enabled: false Ozone HTTP Security Enabled: false 
2023-02-28 20:08:23,003 [Listener at 127.0.0.1/46171] WARN  server.AuthenticationFilter (AuthenticationFilter.java:constructSecretProvider(240)) - Unable to initialize FileSignerSecretProvider, falling back to use random secrets. Reason: Could not read signature secret file: /home/runner/hadoop-http-auth-signature-secret
2023-02-28 20:08:23,004 [Listener at 127.0.0.1/46171] WARN  http.HttpRequestLog (HttpRequestLog.java:getRequestLog(103)) - Jetty request log can only be enabled using Log4j
2023-02-28 20:08:23,005 [Listener at 127.0.0.1/46171] INFO  http.HttpServer2 (HttpServer2.java:addGlobalFilter(1031)) - Added global filter 'safety' (class=org.apache.hadoop.hdds.server.http.HttpServer2$QuotingInputFilter)
2023-02-28 20:08:23,006 [Listener at 127.0.0.1/46171] INFO  http.HttpServer2 (HttpServer2.java:addFilter(1007)) - Added filter static_user_filter (class=org.apache.hadoop.http.lib.StaticUserWebFilter$StaticUserFilter) to context hddsDatanode
2023-02-28 20:08:23,006 [Listener at 127.0.0.1/46171] INFO  http.HttpServer2 (HttpServer2.java:addFilter(1015)) - Added filter static_user_filter (class=org.apache.hadoop.http.lib.StaticUserWebFilter$StaticUserFilter) to context logs
2023-02-28 20:08:23,007 [Listener at 127.0.0.1/46171] INFO  http.HttpServer2 (HttpServer2.java:addFilter(1015)) - Added filter static_user_filter (class=org.apache.hadoop.http.lib.StaticUserWebFilter$StaticUserFilter) to context static
2023-02-28 20:08:23,007 [Listener at 127.0.0.1/46171] INFO  http.HttpServer2 (HttpServer2.java:bindListener(1250)) - Jetty bound to port 35269
2023-02-28 20:08:23,008 [Listener at 127.0.0.1/46171] INFO  server.Server (Server.java:doStart(375)) - jetty-9.4.49.v20220914; built: 2022-09-14T01:07:36.601Z; git: 4231a3b2e4cb8548a412a789936d640a97b1aa0a; jvm 1.8.0_362-b09
2023-02-28 20:08:23,011 [Listener at 127.0.0.1/46171] INFO  server.session (DefaultSessionIdManager.java:doStart(334)) - DefaultSessionIdManager workerName=node0
2023-02-28 20:08:23,011 [Listener at 127.0.0.1/46171] INFO  server.session (DefaultSessionIdManager.java:doStart(339)) - No SessionScavenger set, using defaults
2023-02-28 20:08:23,011 [Listener at 127.0.0.1/46171] INFO  server.session (HouseKeeper.java:startScavenging(132)) - node0 Scavenging every 600000ms
2023-02-28 20:08:23,012 [Listener at 127.0.0.1/46171] INFO  handler.ContextHandler (ContextHandler.java:doStart(921)) - Started o.e.j.s.ServletContextHandler@64b42529{logs,/logs,file:///home/runner/work/ozone/ozone/hadoop-ozone/integration-test/target/log,AVAILABLE}
2023-02-28 20:08:23,013 [Listener at 127.0.0.1/46171] INFO  handler.ContextHandler (ContextHandler.java:doStart(921)) - Started o.e.j.s.ServletContextHandler@5bc40e3a{static,/static,jar:file:/home/runner/.m2/repository/org/apache/ozone/hdds-container-service/1.4.0-SNAPSHOT/hdds-container-service-1.4.0-SNAPSHOT.jar!/webapps/static,AVAILABLE}
2023-02-28 20:08:23,203 [Listener at 127.0.0.1/46171] INFO  handler.ContextHandler (ContextHandler.java:doStart(921)) - Started o.e.j.w.WebAppContext@79e628c4{hddsDatanode,/,file:///tmp/jetty-0_0_0_0-35269-hdds-container-service-1_4_0-SNAPSHOT_jar-_-any-4215801926995279747/webapp/,AVAILABLE}{jar:file:/home/runner/.m2/repository/org/apache/ozone/hdds-container-service/1.4.0-SNAPSHOT/hdds-container-service-1.4.0-SNAPSHOT.jar!/webapps/hddsDatanode}
2023-02-28 20:08:23,205 [Listener at 127.0.0.1/46171] INFO  server.AbstractConnector (AbstractConnector.java:doStart(333)) - Started ServerConnector@2b883681{HTTP/1.1, (http/1.1)}{0.0.0.0:35269}
2023-02-28 20:08:23,206 [Listener at 127.0.0.1/46171] INFO  server.Server (Server.java:doStart(415)) - Started @11890ms
2023-02-28 20:08:23,206 [Listener at 127.0.0.1/46171] WARN  impl.MetricsSystemImpl (MetricsSystemImpl.java:register(279)) - Sink prometheus already exists!
2023-02-28 20:08:23,209 [Listener at 127.0.0.1/46171] INFO  http.BaseHttpServer (BaseHttpServer.java:updateConnectorAddress(333)) - HTTP server of hddsDatanode listening at http://0.0.0.0:35269
2023-02-28 20:08:23,210 [Datanode State Machine Daemon Thread] INFO  statemachine.DatanodeStateMachine (DatanodeStateMachine.java:lambda$startDaemon$0(516)) - Ozone container server started.
2023-02-28 20:08:23,212 [Listener at 127.0.0.1/46171] INFO  ozone.MiniOzoneClusterImpl (MiniOzoneClusterImpl.java:lambda$waitForClusterToBeReady$0(218)) - Waiting for nodes to be ready. Got 0 of 3 DN Heartbeats.
2023-02-28 20:08:23,212 [Listener at 127.0.0.1/46171] INFO  ozone.MiniOzoneClusterImpl (MiniOzoneClusterImpl.java:lambda$waitForClusterToBeReady$0(221)) - Waiting for cluster to exit safe mode
2023-02-28 20:08:23,212 [Listener at 127.0.0.1/46171] INFO  ozone.MiniOzoneClusterImpl (MiniOzoneClusterImpl.java:lambda$waitForClusterToBeReady$0(223)) - SCM became leader
2023-02-28 20:08:23,218 [org.apache.hadoop.util.JvmPauseMonitor$Monitor@40827889] INFO  util.JvmPauseMonitor (JvmPauseMonitor.java:run(188)) - Starting JVM pause monitor
2023-02-28 20:08:23,221 [Datanode State Machine Task Thread - 0] INFO  datanode.InitDatanodeState (InitDatanodeState.java:persistContainerDatanodeDetails(138)) - DatanodeDetails is persisted to /home/runner/work/ozone/ozone/hadoop-ozone/integration-test/target/test-dir/MiniOzoneClusterImpl-e7d671b1-06ed-40aa-a52b-2678dd5bab1b/datanode-2/meta/datanode.id
2023-02-28 20:08:24,213 [Listener at 127.0.0.1/46171] INFO  ozone.MiniOzoneClusterImpl (MiniOzoneClusterImpl.java:lambda$waitForClusterToBeReady$0(218)) - Waiting for nodes to be ready. Got 0 of 3 DN Heartbeats.
2023-02-28 20:08:24,213 [Listener at 127.0.0.1/46171] INFO  ozone.MiniOzoneClusterImpl (MiniOzoneClusterImpl.java:lambda$waitForClusterToBeReady$0(221)) - Waiting for cluster to exit safe mode
2023-02-28 20:08:24,213 [Listener at 127.0.0.1/46171] INFO  ozone.MiniOzoneClusterImpl (MiniOzoneClusterImpl.java:lambda$waitForClusterToBeReady$0(223)) - SCM became leader
2023-02-28 20:08:24,542 [EndpointStateMachine task thread for /0.0.0.0:42901 - 0 ] INFO  utils.DatanodeStoreCache (DatanodeStoreCache.java:addDB(58)) - Added db /home/runner/work/ozone/ozone/hadoop-ozone/integration-test/target/test-dir/MiniOzoneClusterImpl-e7d671b1-06ed-40aa-a52b-2678dd5bab1b/datanode-0/data-0/containers/hdds/e7d671b1-06ed-40aa-a52b-2678dd5bab1b/DS-06bbb633-d247-4540-beab-35303194ad40/container.db to cache
2023-02-28 20:08:24,542 [EndpointStateMachine task thread for /0.0.0.0:42901 - 0 ] INFO  volume.HddsVolume (HddsVolume.java:createDbStore(331)) - SchemaV3 db is created and loaded at /home/runner/work/ozone/ozone/hadoop-ozone/integration-test/target/test-dir/MiniOzoneClusterImpl-e7d671b1-06ed-40aa-a52b-2678dd5bab1b/datanode-0/data-0/containers/hdds/e7d671b1-06ed-40aa-a52b-2678dd5bab1b/DS-06bbb633-d247-4540-beab-35303194ad40/container.db for volume DS-06bbb633-d247-4540-beab-35303194ad40
2023-02-28 20:08:24,545 [EndpointStateMachine task thread for /0.0.0.0:42901 - 0 ] INFO  ozoneimpl.OzoneContainer (OzoneContainer.java:start(398)) - Attempting to start container services.
2023-02-28 20:08:24,549 [EndpointStateMachine task thread for /0.0.0.0:42901 - 0 ] INFO  ozoneimpl.OzoneContainer (OzoneContainer.java:startContainerScrub(315)) - Scheduled background container scanners and the on-demand container scanner have been disabled.
2023-02-28 20:08:24,551 [EndpointStateMachine task thread for /0.0.0.0:42901 - 0 ] INFO  replication.ReplicationServer (ReplicationServer.java:start(109)) - ReplicationServer is started using port 35653
2023-02-28 20:08:24,553 [EndpointStateMachine task thread for /0.0.0.0:42901 - 0 ] INFO  ratis.XceiverServerRatis (XceiverServerRatis.java:start(518)) - Starting XceiverServerRatis d4f71ede-bed0-498f-9536-da00fca7d632
2023-02-28 20:08:24,554 [EndpointStateMachine task thread for /0.0.0.0:42901 - 0 ] INFO  server.RaftServer (RaftServerProxy.java:startImpl(393)) - d4f71ede-bed0-498f-9536-da00fca7d632: start RPC server
2023-02-28 20:08:24,556 [EndpointStateMachine task thread for /0.0.0.0:42901 - 0 ] INFO  server.GrpcService (GrpcService.java:startImpl(262)) - d4f71ede-bed0-498f-9536-da00fca7d632: GrpcService started, listening on 34357
2023-02-28 20:08:24,556 [EndpointStateMachine task thread for /0.0.0.0:42901 - 0 ] INFO  ratis.XceiverServerRatis (XceiverServerRatis.java:getRealPort(544)) - XceiverServerRatis d4f71ede-bed0-498f-9536-da00fca7d632 is started using port 34357 for RATIS
2023-02-28 20:08:24,556 [JvmPauseMonitor3] INFO  util.JvmPauseMonitor (JvmPauseMonitor.java:run(105)) - JvmPauseMonitor-d4f71ede-bed0-498f-9536-da00fca7d632: Started
2023-02-28 20:08:24,557 [EndpointStateMachine task thread for /0.0.0.0:42901 - 0 ] INFO  ratis.XceiverServerRatis (XceiverServerRatis.java:getRealPort(544)) - XceiverServerRatis d4f71ede-bed0-498f-9536-da00fca7d632 is started using port 34357 for RATIS_ADMIN
2023-02-28 20:08:24,557 [EndpointStateMachine task thread for /0.0.0.0:42901 - 0 ] INFO  ratis.XceiverServerRatis (XceiverServerRatis.java:getRealPort(544)) - XceiverServerRatis d4f71ede-bed0-498f-9536-da00fca7d632 is started using port 34357 for RATIS_SERVER
2023-02-28 20:08:24,557 [EndpointStateMachine task thread for /0.0.0.0:42901 - 0 ] INFO  ratis.XceiverServerRatis (XceiverServerRatis.java:getRealPort(544)) - XceiverServerRatis d4f71ede-bed0-498f-9536-da00fca7d632 is started using port 39647 for RATIS_DATASTREAM
2023-02-28 20:08:24,559 [EndpointStateMachine task thread for /0.0.0.0:42901 - 0 ] INFO  server.XceiverServerGrpc (XceiverServerGrpc.java:start(180)) - XceiverServerGrpc d4f71ede-bed0-498f-9536-da00fca7d632 is started using port 45375
2023-02-28 20:08:24,565 [BlockDeletingService#0] INFO  interfaces.ContainerDeletionChoosingPolicyTemplate (ContainerDeletionChoosingPolicyTemplate.java:chooseContainerForBlockDeletion(83)) - Chosen 0/5000 blocks from 0 candidate containers.
2023-02-28 20:08:24,898 [EndpointStateMachine task thread for /0.0.0.0:42901 - 0 ] INFO  utils.DatanodeStoreCache (DatanodeStoreCache.java:addDB(58)) - Added db /home/runner/work/ozone/ozone/hadoop-ozone/integration-test/target/test-dir/MiniOzoneClusterImpl-e7d671b1-06ed-40aa-a52b-2678dd5bab1b/datanode-1/data-0/containers/hdds/e7d671b1-06ed-40aa-a52b-2678dd5bab1b/DS-1776d0bd-1c37-45f4-90ee-b6f720155579/container.db to cache
2023-02-28 20:08:24,898 [EndpointStateMachine task thread for /0.0.0.0:42901 - 0 ] INFO  volume.HddsVolume (HddsVolume.java:createDbStore(331)) - SchemaV3 db is created and loaded at /home/runner/work/ozone/ozone/hadoop-ozone/integration-test/target/test-dir/MiniOzoneClusterImpl-e7d671b1-06ed-40aa-a52b-2678dd5bab1b/datanode-1/data-0/containers/hdds/e7d671b1-06ed-40aa-a52b-2678dd5bab1b/DS-1776d0bd-1c37-45f4-90ee-b6f720155579/container.db for volume DS-1776d0bd-1c37-45f4-90ee-b6f720155579
2023-02-28 20:08:24,898 [EndpointStateMachine task thread for /0.0.0.0:42901 - 0 ] INFO  ozoneimpl.OzoneContainer (OzoneContainer.java:start(398)) - Attempting to start container services.
2023-02-28 20:08:24,899 [EndpointStateMachine task thread for /0.0.0.0:42901 - 0 ] INFO  ozoneimpl.OzoneContainer (OzoneContainer.java:startContainerScrub(315)) - Scheduled background container scanners and the on-demand container scanner have been disabled.
2023-02-28 20:08:24,901 [EndpointStateMachine task thread for /0.0.0.0:42901 - 0 ] INFO  replication.ReplicationServer (ReplicationServer.java:start(109)) - ReplicationServer is started using port 33087
2023-02-28 20:08:24,901 [EndpointStateMachine task thread for /0.0.0.0:42901 - 0 ] INFO  ratis.XceiverServerRatis (XceiverServerRatis.java:start(518)) - Starting XceiverServerRatis f1fceee1-e839-4390-8ee1-a452674c18b3
2023-02-28 20:08:24,904 [EndpointStateMachine task thread for /0.0.0.0:42901 - 0 ] INFO  server.RaftServer (RaftServerProxy.java:startImpl(393)) - f1fceee1-e839-4390-8ee1-a452674c18b3: start RPC server
2023-02-28 20:08:24,907 [EndpointStateMachine task thread for /0.0.0.0:42901 - 0 ] INFO  server.GrpcService (GrpcService.java:startImpl(262)) - f1fceee1-e839-4390-8ee1-a452674c18b3: GrpcService started, listening on 46149
2023-02-28 20:08:24,907 [EndpointStateMachine task thread for /0.0.0.0:42901 - 0 ] INFO  ratis.XceiverServerRatis (XceiverServerRatis.java:getRealPort(544)) - XceiverServerRatis f1fceee1-e839-4390-8ee1-a452674c18b3 is started using port 46149 for RATIS
2023-02-28 20:08:24,907 [JvmPauseMonitor4] INFO  util.JvmPauseMonitor (JvmPauseMonitor.java:run(105)) - JvmPauseMonitor-f1fceee1-e839-4390-8ee1-a452674c18b3: Started
2023-02-28 20:08:24,907 [EndpointStateMachine task thread for /0.0.0.0:42901 - 0 ] INFO  ratis.XceiverServerRatis (XceiverServerRatis.java:getRealPort(544)) - XceiverServerRatis f1fceee1-e839-4390-8ee1-a452674c18b3 is started using port 46149 for RATIS_ADMIN
2023-02-28 20:08:24,907 [EndpointStateMachine task thread for /0.0.0.0:42901 - 0 ] INFO  ratis.XceiverServerRatis (XceiverServerRatis.java:getRealPort(544)) - XceiverServerRatis f1fceee1-e839-4390-8ee1-a452674c18b3 is started using port 46149 for RATIS_SERVER
2023-02-28 20:08:24,908 [EndpointStateMachine task thread for /0.0.0.0:42901 - 0 ] INFO  ratis.XceiverServerRatis (XceiverServerRatis.java:getRealPort(544)) - XceiverServerRatis f1fceee1-e839-4390-8ee1-a452674c18b3 is started using port 36103 for RATIS_DATASTREAM
2023-02-28 20:08:24,909 [EndpointStateMachine task thread for /0.0.0.0:42901 - 0 ] INFO  server.XceiverServerGrpc (XceiverServerGrpc.java:start(180)) - XceiverServerGrpc f1fceee1-e839-4390-8ee1-a452674c18b3 is started using port 33303
2023-02-28 20:08:24,912 [BlockDeletingService#0] INFO  interfaces.ContainerDeletionChoosingPolicyTemplate (ContainerDeletionChoosingPolicyTemplate.java:chooseContainerForBlockDeletion(83)) - Chosen 0/5000 blocks from 0 candidate containers.
2023-02-28 20:08:25,213 [Listener at 127.0.0.1/46171] INFO  ozone.MiniOzoneClusterImpl (MiniOzoneClusterImpl.java:lambda$waitForClusterToBeReady$0(218)) - Waiting for nodes to be ready. Got 0 of 3 DN Heartbeats.
2023-02-28 20:08:25,214 [Listener at 127.0.0.1/46171] INFO  ozone.MiniOzoneClusterImpl (MiniOzoneClusterImpl.java:lambda$waitForClusterToBeReady$0(221)) - Waiting for cluster to exit safe mode
2023-02-28 20:08:25,214 [Listener at 127.0.0.1/46171] INFO  ozone.MiniOzoneClusterImpl (MiniOzoneClusterImpl.java:lambda$waitForClusterToBeReady$0(223)) - SCM became leader
2023-02-28 20:08:25,259 [EndpointStateMachine task thread for /0.0.0.0:42901 - 0 ] INFO  utils.DatanodeStoreCache (DatanodeStoreCache.java:addDB(58)) - Added db /home/runner/work/ozone/ozone/hadoop-ozone/integration-test/target/test-dir/MiniOzoneClusterImpl-e7d671b1-06ed-40aa-a52b-2678dd5bab1b/datanode-2/data-0/containers/hdds/e7d671b1-06ed-40aa-a52b-2678dd5bab1b/DS-bdb1cfd1-e9fe-45fd-a9c5-bd7a8e7e1292/container.db to cache
2023-02-28 20:08:25,261 [EndpointStateMachine task thread for /0.0.0.0:42901 - 0 ] INFO  volume.HddsVolume (HddsVolume.java:createDbStore(331)) - SchemaV3 db is created and loaded at /home/runner/work/ozone/ozone/hadoop-ozone/integration-test/target/test-dir/MiniOzoneClusterImpl-e7d671b1-06ed-40aa-a52b-2678dd5bab1b/datanode-2/data-0/containers/hdds/e7d671b1-06ed-40aa-a52b-2678dd5bab1b/DS-bdb1cfd1-e9fe-45fd-a9c5-bd7a8e7e1292/container.db for volume DS-bdb1cfd1-e9fe-45fd-a9c5-bd7a8e7e1292
2023-02-28 20:08:25,261 [EndpointStateMachine task thread for /0.0.0.0:42901 - 0 ] INFO  ozoneimpl.OzoneContainer (OzoneContainer.java:start(398)) - Attempting to start container services.
2023-02-28 20:08:25,261 [EndpointStateMachine task thread for /0.0.0.0:42901 - 0 ] INFO  ozoneimpl.OzoneContainer (OzoneContainer.java:startContainerScrub(315)) - Scheduled background container scanners and the on-demand container scanner have been disabled.
2023-02-28 20:08:25,264 [EndpointStateMachine task thread for /0.0.0.0:42901 - 0 ] INFO  replication.ReplicationServer (ReplicationServer.java:start(109)) - ReplicationServer is started using port 39513
2023-02-28 20:08:25,265 [EndpointStateMachine task thread for /0.0.0.0:42901 - 0 ] INFO  ratis.XceiverServerRatis (XceiverServerRatis.java:start(518)) - Starting XceiverServerRatis ce14290f-c11f-4031-993d-843363841a3d
2023-02-28 20:08:25,272 [EndpointStateMachine task thread for /0.0.0.0:42901 - 0 ] INFO  server.RaftServer (RaftServerProxy.java:startImpl(393)) - ce14290f-c11f-4031-993d-843363841a3d: start RPC server
2023-02-28 20:08:25,275 [EndpointStateMachine task thread for /0.0.0.0:42901 - 0 ] INFO  server.GrpcService (GrpcService.java:startImpl(262)) - ce14290f-c11f-4031-993d-843363841a3d: GrpcService started, listening on 36461
2023-02-28 20:08:25,275 [EndpointStateMachine task thread for /0.0.0.0:42901 - 0 ] INFO  ratis.XceiverServerRatis (XceiverServerRatis.java:getRealPort(544)) - XceiverServerRatis ce14290f-c11f-4031-993d-843363841a3d is started using port 36461 for RATIS
2023-02-28 20:08:25,275 [EndpointStateMachine task thread for /0.0.0.0:42901 - 0 ] INFO  ratis.XceiverServerRatis (XceiverServerRatis.java:getRealPort(544)) - XceiverServerRatis ce14290f-c11f-4031-993d-843363841a3d is started using port 36461 for RATIS_ADMIN
2023-02-28 20:08:25,275 [EndpointStateMachine task thread for /0.0.0.0:42901 - 0 ] INFO  ratis.XceiverServerRatis (XceiverServerRatis.java:getRealPort(544)) - XceiverServerRatis ce14290f-c11f-4031-993d-843363841a3d is started using port 36461 for RATIS_SERVER
2023-02-28 20:08:25,275 [EndpointStateMachine task thread for /0.0.0.0:42901 - 0 ] INFO  ratis.XceiverServerRatis (XceiverServerRatis.java:getRealPort(544)) - XceiverServerRatis ce14290f-c11f-4031-993d-843363841a3d is started using port 35205 for RATIS_DATASTREAM
2023-02-28 20:08:25,276 [JvmPauseMonitor5] INFO  util.JvmPauseMonitor (JvmPauseMonitor.java:run(105)) - JvmPauseMonitor-ce14290f-c11f-4031-993d-843363841a3d: Started
2023-02-28 20:08:25,282 [EndpointStateMachine task thread for /0.0.0.0:42901 - 0 ] INFO  server.XceiverServerGrpc (XceiverServerGrpc.java:start(180)) - XceiverServerGrpc ce14290f-c11f-4031-993d-843363841a3d is started using port 34783
2023-02-28 20:08:25,289 [BlockDeletingService#0] INFO  interfaces.ContainerDeletionChoosingPolicyTemplate (ContainerDeletionChoosingPolicyTemplate.java:chooseContainerForBlockDeletion(83)) - Chosen 0/5000 blocks from 0 candidate containers.
2023-02-28 20:08:26,214 [Listener at 127.0.0.1/46171] INFO  ozone.MiniOzoneClusterImpl (MiniOzoneClusterImpl.java:lambda$waitForClusterToBeReady$0(218)) - Waiting for nodes to be ready. Got 0 of 3 DN Heartbeats.
2023-02-28 20:08:26,214 [Listener at 127.0.0.1/46171] INFO  ozone.MiniOzoneClusterImpl (MiniOzoneClusterImpl.java:lambda$waitForClusterToBeReady$0(221)) - Waiting for cluster to exit safe mode
2023-02-28 20:08:26,214 [Listener at 127.0.0.1/46171] INFO  ozone.MiniOzoneClusterImpl (MiniOzoneClusterImpl.java:lambda$waitForClusterToBeReady$0(223)) - SCM became leader
2023-02-28 20:08:26,476 [IPC Server handler 18 on default port 42901] INFO  net.NetworkTopologyImpl (NetworkTopologyImpl.java:add(112)) - Added a new node: /default-rack/d4f71ede-bed0-498f-9536-da00fca7d632
2023-02-28 20:08:26,478 [IPC Server handler 18 on default port 42901] INFO  node.SCMNodeManager (SCMNodeManager.java:register(397)) - Registered Data node : d4f71ede-bed0-498f-9536-da00fca7d632{ip: 10.1.1.15, host: fv-az399-334, ports: [REPLICATION=35653, RATIS=34357, RATIS_ADMIN=34357, RATIS_SERVER=34357, RATIS_DATASTREAM=39647, STANDALONE=45375], networkLocation: /default-rack, certSerialId: null, persistedOpState: null, persistedOpStateExpiryEpochSec: 0}
2023-02-28 20:08:26,483 [EventQueue-NewNodeForNewNodeHandler] INFO  pipeline.BackgroundPipelineCreator (BackgroundPipelineCreator.java:notifyEventTriggered(276)) - trigger a one-shot run on RatisPipelineUtilsThread.
2023-02-28 20:08:26,483 [EventQueue-NodeRegistrationContainerReportForDataNodeSafeModeRule] INFO  safemode.SCMSafeModeManager (DataNodeSafeModeRule.java:process(71)) - SCM in safe mode. 1 DataNodes registered, 3 required.
2023-02-28 20:08:26,490 [RatisPipelineUtilsThread - 0] INFO  pipeline.RatisPipelineProvider (RatisPipelineProvider.java:lambda$create$0(206)) - Sending CreatePipelineCommand for pipeline:PipelineID=e6bd385e-35b1-4a95-820d-82edf0868713 to datanode:d4f71ede-bed0-498f-9536-da00fca7d632
2023-02-28 20:08:26,490 [EventQueue-NodeRegistrationContainerReportForContainerSafeModeRule] INFO  safemode.SCMSafeModeManager (SCMSafeModeManager.java:validateSafeModeExitRules(200)) - ContainerSafeModeRule rule is successfully validated
2023-02-28 20:08:26,494 [EventQueue-PipelineReportForOneReplicaPipelineSafeModeRule] INFO  safemode.SCMSafeModeManager (SCMSafeModeManager.java:validateSafeModeExitRules(200)) - AtleastOneDatanodeReportedRule rule is successfully validated
2023-02-28 20:08:26,505 [RatisPipelineUtilsThread - 0] INFO  pipeline.PipelineStateManagerImpl (PipelineStateManagerImpl.java:addPipeline(103)) - Created pipeline Pipeline[ Id: e6bd385e-35b1-4a95-820d-82edf0868713, Nodes: d4f71ede-bed0-498f-9536-da00fca7d632(fv-az399-334/10.1.1.15), ReplicationConfig: RATIS/ONE, State:ALLOCATED, leaderId:, CreationTimestamp2023-02-28T20:08:26.489Z[Etc/UTC]].
2023-02-28 20:08:26,869 [IPC Server handler 17 on default port 42901] INFO  net.NetworkTopologyImpl (NetworkTopologyImpl.java:add(112)) - Added a new node: /default-rack/f1fceee1-e839-4390-8ee1-a452674c18b3
2023-02-28 20:08:26,869 [IPC Server handler 17 on default port 42901] INFO  node.SCMNodeManager (SCMNodeManager.java:register(397)) - Registered Data node : f1fceee1-e839-4390-8ee1-a452674c18b3{ip: 10.1.1.15, host: fv-az399-334, ports: [REPLICATION=33087, RATIS=46149, RATIS_ADMIN=46149, RATIS_SERVER=46149, RATIS_DATASTREAM=36103, STANDALONE=33303], networkLocation: /default-rack, certSerialId: null, persistedOpState: null, persistedOpStateExpiryEpochSec: 0}
2023-02-28 20:08:26,870 [EventQueue-NodeRegistrationContainerReportForDataNodeSafeModeRule] INFO  safemode.SCMSafeModeManager (DataNodeSafeModeRule.java:process(71)) - SCM in safe mode. 2 DataNodes registered, 3 required.
2023-02-28 20:08:26,870 [EventQueue-NewNodeForNewNodeHandler] INFO  pipeline.BackgroundPipelineCreator (BackgroundPipelineCreator.java:notifyEventTriggered(276)) - trigger a one-shot run on RatisPipelineUtilsThread.
2023-02-28 20:08:26,871 [RatisPipelineUtilsThread - 0] INFO  pipeline.RatisPipelineProvider (RatisPipelineProvider.java:lambda$create$0(206)) - Sending CreatePipelineCommand for pipeline:PipelineID=23247afd-4b51-48a9-b029-edd877c83533 to datanode:f1fceee1-e839-4390-8ee1-a452674c18b3
2023-02-28 20:08:26,872 [RatisPipelineUtilsThread - 0] INFO  pipeline.PipelineStateManagerImpl (PipelineStateManagerImpl.java:addPipeline(103)) - Created pipeline Pipeline[ Id: 23247afd-4b51-48a9-b029-edd877c83533, Nodes: f1fceee1-e839-4390-8ee1-a452674c18b3(fv-az399-334/10.1.1.15), ReplicationConfig: RATIS/ONE, State:ALLOCATED, leaderId:, CreationTimestamp2023-02-28T20:08:26.871Z[Etc/UTC]].
2023-02-28 20:08:27,214 [Listener at 127.0.0.1/46171] INFO  ozone.MiniOzoneClusterImpl (MiniOzoneClusterImpl.java:lambda$waitForClusterToBeReady$0(218)) - Waiting for nodes to be ready. Got 2 of 3 DN Heartbeats.
2023-02-28 20:08:27,215 [Listener at 127.0.0.1/46171] INFO  ozone.MiniOzoneClusterImpl (MiniOzoneClusterImpl.java:lambda$waitForClusterToBeReady$0(221)) - Waiting for cluster to exit safe mode
2023-02-28 20:08:27,215 [Listener at 127.0.0.1/46171] INFO  ozone.MiniOzoneClusterImpl (MiniOzoneClusterImpl.java:lambda$waitForClusterToBeReady$0(223)) - SCM became leader
2023-02-28 20:08:27,220 [IPC Server handler 19 on default port 42901] INFO  net.NetworkTopologyImpl (NetworkTopologyImpl.java:add(112)) - Added a new node: /default-rack/ce14290f-c11f-4031-993d-843363841a3d
2023-02-28 20:08:27,220 [IPC Server handler 19 on default port 42901] INFO  node.SCMNodeManager (SCMNodeManager.java:register(397)) - Registered Data node : ce14290f-c11f-4031-993d-843363841a3d{ip: 10.1.1.15, host: fv-az399-334, ports: [REPLICATION=39513, RATIS=36461, RATIS_ADMIN=36461, RATIS_SERVER=36461, RATIS_DATASTREAM=35205, STANDALONE=34783], networkLocation: /default-rack, certSerialId: null, persistedOpState: null, persistedOpStateExpiryEpochSec: 0}
2023-02-28 20:08:27,220 [EventQueue-NewNodeForNewNodeHandler] INFO  pipeline.BackgroundPipelineCreator (BackgroundPipelineCreator.java:notifyEventTriggered(276)) - trigger a one-shot run on RatisPipelineUtilsThread.
2023-02-28 20:08:27,220 [EventQueue-NodeRegistrationContainerReportForDataNodeSafeModeRule] INFO  safemode.SCMSafeModeManager (DataNodeSafeModeRule.java:process(71)) - SCM in safe mode. 3 DataNodes registered, 3 required.
2023-02-28 20:08:27,220 [EventQueue-NodeRegistrationContainerReportForDataNodeSafeModeRule] INFO  safemode.SCMSafeModeManager (SCMSafeModeManager.java:validateSafeModeExitRules(200)) - DataNodeSafeModeRule rule is successfully validated
2023-02-28 20:08:27,220 [EventQueue-NodeRegistrationContainerReportForDataNodeSafeModeRule] INFO  safemode.SCMSafeModeManager (SCMSafeModeManager.java:completePreCheck(229)) - All SCM safe mode pre check rules have passed
2023-02-28 20:08:27,220 [EventQueue-NodeRegistrationContainerReportForDataNodeSafeModeRule] INFO  ha.SCMContext (SCMContext.java:updateSafeModeStatus(228)) - Update SafeModeStatus from SafeModeStatus{safeModeStatus=true, preCheckPassed=false} to SafeModeStatus{safeModeStatus=true, preCheckPassed=true}.
2023-02-28 20:08:27,220 [EventQueue-NodeRegistrationContainerReportForDataNodeSafeModeRule] INFO  pipeline.BackgroundPipelineCreator (BackgroundPipelineCreator.java:notifyEventTriggered(276)) - trigger a one-shot run on RatisPipelineUtilsThread.
2023-02-28 20:08:27,221 [RatisPipelineUtilsThread - 0] INFO  pipeline.RatisPipelineProvider (RatisPipelineProvider.java:lambda$create$0(206)) - Sending CreatePipelineCommand for pipeline:PipelineID=980610f5-16ac-4eea-ba43-9c23742e0e14 to datanode:ce14290f-c11f-4031-993d-843363841a3d
2023-02-28 20:08:27,222 [RatisPipelineUtilsThread - 0] INFO  pipeline.PipelineStateManagerImpl (PipelineStateManagerImpl.java:addPipeline(103)) - Created pipeline Pipeline[ Id: 980610f5-16ac-4eea-ba43-9c23742e0e14, Nodes: ce14290f-c11f-4031-993d-843363841a3d(fv-az399-334/10.1.1.15), ReplicationConfig: RATIS/ONE, State:ALLOCATED, leaderId:, CreationTimestamp2023-02-28T20:08:27.221Z[Etc/UTC]].
2023-02-28 20:08:27,225 [RatisPipelineUtilsThread - 0] INFO  pipeline.RatisPipelineProvider (RatisPipelineProvider.java:lambda$create$0(206)) - Sending CreatePipelineCommand for pipeline:PipelineID=2f90a01c-2f45-41f9-8817-81c630b2eafb to datanode:d4f71ede-bed0-498f-9536-da00fca7d632
2023-02-28 20:08:27,225 [RatisPipelineUtilsThread - 0] INFO  pipeline.RatisPipelineProvider (RatisPipelineProvider.java:lambda$create$0(206)) - Sending CreatePipelineCommand for pipeline:PipelineID=2f90a01c-2f45-41f9-8817-81c630b2eafb to datanode:ce14290f-c11f-4031-993d-843363841a3d
2023-02-28 20:08:27,225 [RatisPipelineUtilsThread - 0] INFO  pipeline.RatisPipelineProvider (RatisPipelineProvider.java:lambda$create$0(206)) - Sending CreatePipelineCommand for pipeline:PipelineID=2f90a01c-2f45-41f9-8817-81c630b2eafb to datanode:f1fceee1-e839-4390-8ee1-a452674c18b3
2023-02-28 20:08:27,226 [RatisPipelineUtilsThread - 0] INFO  pipeline.PipelineStateManagerImpl (PipelineStateManagerImpl.java:addPipeline(103)) - Created pipeline Pipeline[ Id: 2f90a01c-2f45-41f9-8817-81c630b2eafb, Nodes: d4f71ede-bed0-498f-9536-da00fca7d632(fv-az399-334/10.1.1.15)ce14290f-c11f-4031-993d-843363841a3d(fv-az399-334/10.1.1.15)f1fceee1-e839-4390-8ee1-a452674c18b3(fv-az399-334/10.1.1.15), ReplicationConfig: RATIS/THREE, State:ALLOCATED, leaderId:, CreationTimestamp2023-02-28T20:08:27.225Z[Etc/UTC]].
2023-02-28 20:08:27,227 [RatisPipelineUtilsThread - 0] INFO  pipeline.RatisPipelineProvider (RatisPipelineProvider.java:lambda$create$0(206)) - Sending CreatePipelineCommand for pipeline:PipelineID=94f44e2f-8a5f-4df8-be7b-e3cfd3c613c5 to datanode:ce14290f-c11f-4031-993d-843363841a3d
2023-02-28 20:08:27,228 [RatisPipelineUtilsThread - 0] INFO  pipeline.RatisPipelineProvider (RatisPipelineProvider.java:lambda$create$0(206)) - Sending CreatePipelineCommand for pipeline:PipelineID=94f44e2f-8a5f-4df8-be7b-e3cfd3c613c5 to datanode:f1fceee1-e839-4390-8ee1-a452674c18b3
2023-02-28 20:08:27,228 [RatisPipelineUtilsThread - 0] INFO  pipeline.RatisPipelineProvider (RatisPipelineProvider.java:lambda$create$0(206)) - Sending CreatePipelineCommand for pipeline:PipelineID=94f44e2f-8a5f-4df8-be7b-e3cfd3c613c5 to datanode:d4f71ede-bed0-498f-9536-da00fca7d632
2023-02-28 20:08:27,228 [RatisPipelineUtilsThread - 0] INFO  pipeline.PipelineStateManagerImpl (PipelineStateManagerImpl.java:addPipeline(103)) - Created pipeline Pipeline[ Id: 94f44e2f-8a5f-4df8-be7b-e3cfd3c613c5, Nodes: ce14290f-c11f-4031-993d-843363841a3d(fv-az399-334/10.1.1.15)f1fceee1-e839-4390-8ee1-a452674c18b3(fv-az399-334/10.1.1.15)d4f71ede-bed0-498f-9536-da00fca7d632(fv-az399-334/10.1.1.15), ReplicationConfig: RATIS/THREE, State:ALLOCATED, leaderId:, CreationTimestamp2023-02-28T20:08:27.227Z[Etc/UTC]].
2023-02-28 20:08:27,229 [RatisPipelineUtilsThread - 0] INFO  pipeline.PipelineManagerImpl (PipelineManagerImpl.java:recordMetricsForPipeline(826)) - Pipeline: PipelineID=94f44e2f-8a5f-4df8-be7b-e3cfd3c613c5 contains same datanodes as previous pipelines: PipelineID=2f90a01c-2f45-41f9-8817-81c630b2eafb nodeIds: ce14290f-c11f-4031-993d-843363841a3d, f1fceee1-e839-4390-8ee1-a452674c18b3, d4f71ede-bed0-498f-9536-da00fca7d632
2023-02-28 20:08:27,229 [RatisPipelineUtilsThread - 0] WARN  pipeline.PipelinePlacementPolicy (PipelinePlacementPolicy.java:filterViableNodes(158)) - Pipeline creation failed due to no sufficient healthy datanodes. Required 3. Found 0.
2023-02-28 20:08:28,215 [Listener at 127.0.0.1/46171] INFO  ozone.MiniOzoneClusterImpl (MiniOzoneClusterImpl.java:lambda$waitForClusterToBeReady$0(218)) - Nodes are ready. Got 3 of 3 DN Heartbeats.
2023-02-28 20:08:28,217 [Listener at 127.0.0.1/46171] INFO  ozone.MiniOzoneClusterImpl (MiniOzoneClusterImpl.java:lambda$waitForClusterToBeReady$0(221)) - Waiting for cluster to exit safe mode
2023-02-28 20:08:28,217 [Listener at 127.0.0.1/46171] INFO  ozone.MiniOzoneClusterImpl (MiniOzoneClusterImpl.java:lambda$waitForClusterToBeReady$0(223)) - SCM became leader
2023-02-28 20:08:29,217 [Listener at 127.0.0.1/46171] INFO  ozone.MiniOzoneClusterImpl (MiniOzoneClusterImpl.java:lambda$waitForClusterToBeReady$0(218)) - Nodes are ready. Got 3 of 3 DN Heartbeats.
2023-02-28 20:08:29,217 [Listener at 127.0.0.1/46171] INFO  ozone.MiniOzoneClusterImpl (MiniOzoneClusterImpl.java:lambda$waitForClusterToBeReady$0(221)) - Waiting for cluster to exit safe mode
2023-02-28 20:08:29,217 [Listener at 127.0.0.1/46171] INFO  ozone.MiniOzoneClusterImpl (MiniOzoneClusterImpl.java:lambda$waitForClusterToBeReady$0(223)) - SCM became leader
2023-02-28 20:08:29,463 [Command processor thread] INFO  server.RaftServer (RaftServerProxy.java:addNew(96)) - d4f71ede-bed0-498f-9536-da00fca7d632: addNew group-82EDF0868713:[d4f71ede-bed0-498f-9536-da00fca7d632|rpc:10.1.1.15:34357|dataStream:10.1.1.15:39647|priority:1|startupRole:FOLLOWER] returns group-82EDF0868713:java.util.concurrent.CompletableFuture@3b397108[Not completed]
2023-02-28 20:08:29,491 [pool-127-thread-1] INFO  server.RaftServer$Division (RaftServerImpl.java:<init>(195)) - d4f71ede-bed0-498f-9536-da00fca7d632: new RaftServerImpl for group-82EDF0868713:[d4f71ede-bed0-498f-9536-da00fca7d632|rpc:10.1.1.15:34357|dataStream:10.1.1.15:39647|priority:1|startupRole:FOLLOWER] with ContainerStateMachine:uninitialized
2023-02-28 20:08:29,492 [pool-127-thread-1] INFO  server.RaftServerConfigKeys (ConfUtils.java:logGet(46)) - raft.server.rpc.timeout.min = 5s (custom)
2023-02-28 20:08:29,492 [pool-127-thread-1] INFO  server.RaftServerConfigKeys (ConfUtils.java:logGet(46)) - raft.server.rpc.timeout.max = 5200ms (custom)
2023-02-28 20:08:29,492 [pool-127-thread-1] INFO  server.RaftServerConfigKeys (ConfUtils.java:logGet(46)) - raft.server.rpc.sleep.time = 25ms (default)
2023-02-28 20:08:29,492 [pool-127-thread-1] INFO  server.RaftServerConfigKeys (ConfUtils.java:logGet(46)) - raft.server.rpc.slowness.timeout = 300s (custom)
2023-02-28 20:08:29,492 [pool-127-thread-1] INFO  server.RaftServerConfigKeys (ConfUtils.java:logGet(46)) - raft.server.leaderelection.leader.step-down.wait-time = 10s (default)
2023-02-28 20:08:29,492 [pool-127-thread-1] INFO  server.RaftServerConfigKeys (ConfUtils.java:logGet(46)) - raft.server.sleep.deviation.threshold = 300ms (default)
2023-02-28 20:08:29,492 [pool-127-thread-1] INFO  server.RaftServer$Division (ServerState.java:<init>(118)) - d4f71ede-bed0-498f-9536-da00fca7d632@group-82EDF0868713: ConfigurationManager, init=-1: peers:[d4f71ede-bed0-498f-9536-da00fca7d632|rpc:10.1.1.15:34357|dataStream:10.1.1.15:39647|priority:1|startupRole:FOLLOWER]|listeners:[], old=null, confs=<EMPTY_MAP>
2023-02-28 20:08:29,492 [pool-127-thread-1] INFO  server.RaftServerConfigKeys (ConfUtils.java:logGet(46)) - raft.server.storage.dir = [/home/runner/work/ozone/ozone/hadoop-ozone/integration-test/target/test-dir/MiniOzoneClusterImpl-e7d671b1-06ed-40aa-a52b-2678dd5bab1b/datanode-0/data/ratis] (custom)
2023-02-28 20:08:29,492 [pool-127-thread-1] INFO  server.RaftServerConfigKeys (ConfUtils.java:logGet(46)) - raft.server.log.corruption.policy = EXCEPTION (default)
2023-02-28 20:08:29,492 [pool-127-thread-1] INFO  server.RaftServerConfigKeys (ConfUtils.java:logGet(46)) - raft.server.storage.free-space.min = 0MB (=0) (default)
2023-02-28 20:08:29,493 [pool-127-thread-1] INFO  server.RaftServerConfigKeys (ConfUtils.java:logGet(46)) - raft.server.notification.no-leader.timeout = 300s (custom)
2023-02-28 20:08:29,493 [pool-127-thread-1] INFO  server.RaftServerConfigKeys (ConfUtils.java:logGet(46)) - raft.server.retrycache.expirytime = 600000ms (custom)
2023-02-28 20:08:29,493 [pool-127-thread-1] INFO  server.RaftServerConfigKeys (ConfUtils.java:logGet(46)) - raft.server.retrycache.statistics.expirytime = 100μs (default)
2023-02-28 20:08:29,495 [pool-127-thread-1] INFO  server.RaftServerConfigKeys (ConfUtils.java:logGet(46)) - raft.server.log.appender.install.snapshot.enabled = false (custom)
2023-02-28 20:08:29,495 [pool-127-thread-1] INFO  server.RaftServerConfigKeys (ConfUtils.java:logGet(46)) - raft.server.threadpool.server.cached = true (default)
2023-02-28 20:08:29,495 [pool-127-thread-1] INFO  server.RaftServerConfigKeys (ConfUtils.java:logGet(46)) - raft.server.threadpool.server.size = 0 (default)
2023-02-28 20:08:29,495 [pool-127-thread-1] INFO  server.RaftServerConfigKeys (ConfUtils.java:logGet(46)) - raft.server.threadpool.client.cached = true (default)
2023-02-28 20:08:29,495 [pool-127-thread-1] INFO  server.RaftServerConfigKeys (ConfUtils.java:logGet(46)) - raft.server.threadpool.client.size = 0 (default)
2023-02-28 20:08:29,495 [pool-127-thread-1] INFO  storage.RaftStorageDirectory (RaftStorageDirectoryImpl.java:analyzeStorage(137)) - The storage directory /home/runner/work/ozone/ozone/hadoop-ozone/integration-test/target/test-dir/MiniOzoneClusterImpl-e7d671b1-06ed-40aa-a52b-2678dd5bab1b/datanode-0/data/ratis/e6bd385e-35b1-4a95-820d-82edf0868713 does not exist. Creating ...
2023-02-28 20:08:29,497 [pool-127-thread-1] INFO  storage.RaftStorageDirectory (RaftStorageDirectoryImpl.java:tryLock(231)) - Lock on /home/runner/work/ozone/ozone/hadoop-ozone/integration-test/target/test-dir/MiniOzoneClusterImpl-e7d671b1-06ed-40aa-a52b-2678dd5bab1b/datanode-0/data/ratis/e6bd385e-35b1-4a95-820d-82edf0868713/in_use.lock acquired by nodename 61155@fv-az399-334
2023-02-28 20:08:29,498 [pool-127-thread-1] INFO  storage.RaftStorage (RaftStorageImpl.java:format(96)) - Storage directory /home/runner/work/ozone/ozone/hadoop-ozone/integration-test/target/test-dir/MiniOzoneClusterImpl-e7d671b1-06ed-40aa-a52b-2678dd5bab1b/datanode-0/data/ratis/e6bd385e-35b1-4a95-820d-82edf0868713 has been successfully formatted.
2023-02-28 20:08:29,509 [pool-127-thread-1] INFO  ratis.ContainerStateMachine (ContainerStateMachine.java:loadSnapshot(240)) - group-82EDF0868713: The snapshot info is null. Setting the last applied indexto:(t:0, i:~)
2023-02-28 20:08:29,510 [pool-127-thread-1] INFO  server.RaftServerConfigKeys (ConfUtils.java:logGet(46)) - raft.server.log.use.memory = false (default)
2023-02-28 20:08:29,510 [pool-127-thread-1] INFO  server.RaftServerConfigKeys (ConfUtils.java:logGet(46)) - raft.server.log.purge.gap = 1000000 (custom)
2023-02-28 20:08:29,510 [pool-127-thread-1] INFO  server.RaftServerConfigKeys (ConfUtils.java:logGet(46)) - raft.server.log.appender.buffer.byte-limit = 33554432 (custom)
2023-02-28 20:08:29,510 [pool-127-thread-1] INFO  server.RaftServerConfigKeys (ConfUtils.java:logGet(46)) - raft.server.log.statemachine.data.read.timeout = 1000ms (default)
2023-02-28 20:08:29,510 [pool-127-thread-1] INFO  server.RaftServerConfigKeys (ConfUtils.java:logGet(46)) - raft.server.log.purge.preservation.log.num = 0 (default)
2023-02-28 20:08:29,511 [pool-127-thread-1] INFO  server.RaftServerConfigKeys (ConfUtils.java:logGet(46)) - raft.server.log.segment.size.max = 1048576 (custom)
2023-02-28 20:08:29,512 [pool-127-thread-1] INFO  server.RaftServerConfigKeys (ConfUtils.java:logGet(46)) - raft.server.log.segment.cache.num.max = 2 (custom)
2023-02-28 20:08:29,512 [pool-127-thread-1] INFO  server.RaftServerConfigKeys (ConfUtils.java:logGet(46)) - raft.server.log.segment.cache.size.max = 200MB (=209715200) (default)
2023-02-28 20:08:29,512 [pool-127-thread-1] INFO  segmented.SegmentedRaftLogWorker (SegmentedRaftLogWorker.java:<init>(189)) - new d4f71ede-bed0-498f-9536-da00fca7d632@group-82EDF0868713-SegmentedRaftLogWorker for RaftStorageImpl:Storage Directory /home/runner/work/ozone/ozone/hadoop-ozone/integration-test/target/test-dir/MiniOzoneClusterImpl-e7d671b1-06ed-40aa-a52b-2678dd5bab1b/datanode-0/data/ratis/e6bd385e-35b1-4a95-820d-82edf0868713
2023-02-28 20:08:29,512 [pool-127-thread-1] INFO  server.RaftServerConfigKeys (ConfUtils.java:logGet(46)) - raft.server.log.queue.byte-limit = 4294967296 (custom)
2023-02-28 20:08:29,512 [pool-127-thread-1] INFO  server.RaftServerConfigKeys (ConfUtils.java:logGet(46)) - raft.server.log.queue.element-limit = 1024 (custom)
2023-02-28 20:08:29,512 [pool-127-thread-1] INFO  server.RaftServerConfigKeys (ConfUtils.java:logGet(46)) - raft.server.log.segment.size.max = 1048576 (custom)
2023-02-28 20:08:29,512 [pool-127-thread-1] INFO  server.RaftServerConfigKeys (ConfUtils.java:logGet(46)) - raft.server.log.preallocated.size = 16384 (custom)
2023-02-28 20:08:29,512 [pool-127-thread-1] INFO  server.RaftServerConfigKeys (ConfUtils.java:logGet(46)) - raft.server.log.force.sync.num = 128 (default)
2023-02-28 20:08:29,512 [pool-127-thread-1] INFO  server.RaftServerConfigKeys (ConfUtils.java:logGet(46)) - raft.server.log.statemachine.data.sync = true (default)
2023-02-28 20:08:29,512 [pool-127-thread-1] INFO  server.RaftServerConfigKeys (ConfUtils.java:logGet(46)) - raft.server.log.statemachine.data.sync.timeout = 10s (default)
2023-02-28 20:08:29,512 [pool-127-thread-1] INFO  server.RaftServerConfigKeys (ConfUtils.java:logGet(46)) - raft.server.log.statemachine.data.sync.timeout.retry = -1 (default)
2023-02-28 20:08:29,514 [pool-127-thread-1] INFO  server.RaftServerConfigKeys (ConfUtils.java:logGet(46)) - raft.server.log.write.buffer.size = 1048576 (custom)
2023-02-28 20:08:29,514 [pool-127-thread-1] INFO  server.RaftServerConfigKeys (ConfUtils.java:logGet(46)) - raft.server.log.appender.buffer.byte-limit = 33554432 (custom)
2023-02-28 20:08:29,519 [pool-127-thread-1] INFO  server.RaftServerConfigKeys (ConfUtils.java:logGet(46)) - raft.server.log.unsafe-flush.enabled = false (default)
2023-02-28 20:08:29,519 [pool-127-thread-1] INFO  server.RaftServerConfigKeys (ConfUtils.java:logGet(46)) - raft.server.log.async-flush.enabled = false (default)
2023-02-28 20:08:29,519 [pool-127-thread-1] INFO  server.RaftServerConfigKeys (ConfUtils.java:logGet(46)) - raft.server.log.statemachine.data.caching.enabled = true (custom)
2023-02-28 20:08:29,520 [pool-127-thread-1] INFO  segmented.SegmentedRaftLogWorker (SegmentedRaftLogWorker.java:lambda$new$0(135)) - d4f71ede-bed0-498f-9536-da00fca7d632@group-82EDF0868713-SegmentedRaftLogWorker: flushIndex: setUnconditionally 0 -> -1
2023-02-28 20:08:29,520 [pool-127-thread-1] INFO  segmented.SegmentedRaftLogWorker (SegmentedRaftLogWorker.java:lambda$new$0(135)) - d4f71ede-bed0-498f-9536-da00fca7d632@group-82EDF0868713-SegmentedRaftLogWorker: safeCacheEvictIndex: setUnconditionally 0 -> -1
2023-02-28 20:08:29,520 [pool-127-thread-1] INFO  server.RaftServer$Division (RaftServerImpl.java:start(334)) - d4f71ede-bed0-498f-9536-da00fca7d632@group-82EDF0868713: start as a follower, conf=-1: peers:[d4f71ede-bed0-498f-9536-da00fca7d632|rpc:10.1.1.15:34357|dataStream:10.1.1.15:39647|priority:1|startupRole:FOLLOWER]|listeners:[], old=null
2023-02-28 20:08:29,520 [pool-127-thread-1] INFO  server.RaftServer$Division (RaftServerImpl.java:setRole(321)) - d4f71ede-bed0-498f-9536-da00fca7d632@group-82EDF0868713: changes role from      null to FOLLOWER at term 0 for startAsFollower
2023-02-28 20:08:29,520 [pool-127-thread-1] INFO  impl.RoleInfo (RoleInfo.java:updateAndGet(139)) - d4f71ede-bed0-498f-9536-da00fca7d632: start d4f71ede-bed0-498f-9536-da00fca7d632@group-82EDF0868713-FollowerState
2023-02-28 20:08:29,520 [pool-127-thread-1] INFO  util.JmxRegister (JmxRegister.java:tryRegister(44)) - Successfully registered JMX Bean with object name Ratis:service=RaftServer,group=group-82EDF0868713,id=d4f71ede-bed0-498f-9536-da00fca7d632
2023-02-28 20:08:29,520 [pool-127-thread-1] INFO  server.RaftServerConfigKeys (ConfUtils.java:logGet(46)) - raft.server.snapshot.auto.trigger.enabled = true (custom)
2023-02-28 20:08:29,520 [pool-127-thread-1] INFO  server.RaftServerConfigKeys (ConfUtils.java:logGet(46)) - raft.server.snapshot.auto.trigger.threshold = 10000 (custom)
2023-02-28 20:08:29,521 [pool-127-thread-1] INFO  server.RaftServerConfigKeys (ConfUtils.java:logGet(46)) - raft.server.snapshot.retention.file.num = 5 (custom)
2023-02-28 20:08:29,521 [pool-127-thread-1] INFO  server.RaftServerConfigKeys (ConfUtils.java:logGet(46)) - raft.server.log.purge.upto.snapshot.index = false (default)
2023-02-28 20:08:29,521 [d4f71ede-bed0-498f-9536-da00fca7d632@group-82EDF0868713-FollowerState] INFO  server.RaftServerConfigKeys (ConfUtils.java:logFallback(53)) - raft.server.rpc.first-election.timeout.min = 5s (fallback to raft.server.rpc.timeout.min)
2023-02-28 20:08:29,521 [d4f71ede-bed0-498f-9536-da00fca7d632@group-82EDF0868713-FollowerState] INFO  server.RaftServerConfigKeys (ConfUtils.java:logFallback(53)) - raft.server.rpc.first-election.timeout.max = 5200ms (fallback to raft.server.rpc.timeout.max)
2023-02-28 20:08:29,526 [Command processor thread] INFO  ratis.XceiverServerRatis (XceiverServerRatis.java:addGroup(807)) - Created group PipelineID=e6bd385e-35b1-4a95-820d-82edf0868713
2023-02-28 20:08:29,527 [EventQueue-PipelineReportForPipelineReportHandler] INFO  pipeline.PipelineManagerImpl (PipelineManagerImpl.java:openPipeline(367)) - Pipeline Pipeline[ Id: e6bd385e-35b1-4a95-820d-82edf0868713, Nodes: d4f71ede-bed0-498f-9536-da00fca7d632(fv-az399-334/10.1.1.15), ReplicationConfig: RATIS/ONE, State:ALLOCATED, leaderId:d4f71ede-bed0-498f-9536-da00fca7d632, CreationTimestamp2023-02-28T20:08:26.489Z[Etc/UTC]] moved to OPEN state
2023-02-28 20:08:29,527 [Command processor thread] INFO  commandhandler.CreatePipelineCommandHandler (CreatePipelineCommandHandler.java:handle(113)) - Created Pipeline RATIS ONE PipelineID=e6bd385e-35b1-4a95-820d-82edf0868713.
2023-02-28 20:08:29,527 [Command processor thread] INFO  server.RaftServer (RaftServerProxy.java:addNew(96)) - d4f71ede-bed0-498f-9536-da00fca7d632: addNew group-81C630B2EAFB:[f1fceee1-e839-4390-8ee1-a452674c18b3|rpc:10.1.1.15:46149|dataStream:10.1.1.15:36103|priority:0|startupRole:FOLLOWER, ce14290f-c11f-4031-993d-843363841a3d|rpc:10.1.1.15:36461|dataStream:10.1.1.15:35205|priority:1|startupRole:FOLLOWER, d4f71ede-bed0-498f-9536-da00fca7d632|rpc:10.1.1.15:34357|dataStream:10.1.1.15:39647|priority:0|startupRole:FOLLOWER] returns group-81C630B2EAFB:java.util.concurrent.CompletableFuture@39d2410b[Not completed]
2023-02-28 20:08:29,529 [EventQueue-OpenPipelineForHealthyPipelineSafeModeRule] INFO  safemode.SCMSafeModeManager (HealthyPipelineSafeModeRule.java:process(137)) - SCM in safe mode. Healthy pipelines reported count is 0, required healthy pipeline reported count is 1
2023-02-28 20:08:29,530 [pool-127-thread-1] INFO  server.RaftServer$Division (RaftServerImpl.java:<init>(195)) - d4f71ede-bed0-498f-9536-da00fca7d632: new RaftServerImpl for group-81C630B2EAFB:[f1fceee1-e839-4390-8ee1-a452674c18b3|rpc:10.1.1.15:46149|dataStream:10.1.1.15:36103|priority:0|startupRole:FOLLOWER, ce14290f-c11f-4031-993d-843363841a3d|rpc:10.1.1.15:36461|dataStream:10.1.1.15:35205|priority:1|startupRole:FOLLOWER, d4f71ede-bed0-498f-9536-da00fca7d632|rpc:10.1.1.15:34357|dataStream:10.1.1.15:39647|priority:0|startupRole:FOLLOWER] with ContainerStateMachine:uninitialized
2023-02-28 20:08:29,530 [pool-127-thread-1] INFO  server.RaftServerConfigKeys (ConfUtils.java:logGet(46)) - raft.server.rpc.timeout.min = 5s (custom)
2023-02-28 20:08:29,530 [pool-127-thread-1] INFO  server.RaftServerConfigKeys (ConfUtils.java:logGet(46)) - raft.server.rpc.timeout.max = 5200ms (custom)
2023-02-28 20:08:29,530 [pool-127-thread-1] INFO  server.RaftServerConfigKeys (ConfUtils.java:logGet(46)) - raft.server.rpc.sleep.time = 25ms (default)
2023-02-28 20:08:29,530 [pool-127-thread-1] INFO  server.RaftServerConfigKeys (ConfUtils.java:logGet(46)) - raft.server.rpc.slowness.timeout = 300s (custom)
2023-02-28 20:08:29,531 [pool-127-thread-1] INFO  server.RaftServerConfigKeys (ConfUtils.java:logGet(46)) - raft.server.leaderelection.leader.step-down.wait-time = 10s (default)
2023-02-28 20:08:29,531 [pool-127-thread-1] INFO  server.RaftServerConfigKeys (ConfUtils.java:logGet(46)) - raft.server.sleep.deviation.threshold = 300ms (default)
2023-02-28 20:08:29,531 [pool-127-thread-1] INFO  server.RaftServer$Division (ServerState.java:<init>(118)) - d4f71ede-bed0-498f-9536-da00fca7d632@group-81C630B2EAFB: ConfigurationManager, init=-1: peers:[f1fceee1-e839-4390-8ee1-a452674c18b3|rpc:10.1.1.15:46149|dataStream:10.1.1.15:36103|priority:0|startupRole:FOLLOWER, ce14290f-c11f-4031-993d-843363841a3d|rpc:10.1.1.15:36461|dataStream:10.1.1.15:35205|priority:1|startupRole:FOLLOWER, d4f71ede-bed0-498f-9536-da00fca7d632|rpc:10.1.1.15:34357|dataStream:10.1.1.15:39647|priority:0|startupRole:FOLLOWER]|listeners:[], old=null, confs=<EMPTY_MAP>
2023-02-28 20:08:29,531 [pool-127-thread-1] INFO  server.RaftServerConfigKeys (ConfUtils.java:logGet(46)) - raft.server.storage.dir = [/home/runner/work/ozone/ozone/hadoop-ozone/integration-test/target/test-dir/MiniOzoneClusterImpl-e7d671b1-06ed-40aa-a52b-2678dd5bab1b/datanode-0/data/ratis] (custom)
2023-02-28 20:08:29,531 [pool-127-thread-1] INFO  server.RaftServerConfigKeys (ConfUtils.java:logGet(46)) - raft.server.log.corruption.policy = EXCEPTION (default)
2023-02-28 20:08:29,531 [pool-127-thread-1] INFO  server.RaftServerConfigKeys (ConfUtils.java:logGet(46)) - raft.server.storage.free-space.min = 0MB (=0) (default)
2023-02-28 20:08:29,531 [pool-127-thread-1] INFO  server.RaftServerConfigKeys (ConfUtils.java:logGet(46)) - raft.server.notification.no-leader.timeout = 300s (custom)
2023-02-28 20:08:29,531 [pool-127-thread-1] INFO  server.RaftServerConfigKeys (ConfUtils.java:logGet(46)) - raft.server.retrycache.expirytime = 600000ms (custom)
2023-02-28 20:08:29,531 [pool-127-thread-1] INFO  server.RaftServerConfigKeys (ConfUtils.java:logGet(46)) - raft.server.retrycache.statistics.expirytime = 100μs (default)
2023-02-28 20:08:29,533 [pool-127-thread-1] INFO  server.RaftServerConfigKeys (ConfUtils.java:logGet(46)) - raft.server.log.appender.install.snapshot.enabled = false (custom)
2023-02-28 20:08:29,533 [pool-127-thread-1] INFO  server.RaftServerConfigKeys (ConfUtils.java:logGet(46)) - raft.server.threadpool.server.cached = true (default)
2023-02-28 20:08:29,533 [pool-127-thread-1] INFO  server.RaftServerConfigKeys (ConfUtils.java:logGet(46)) - raft.server.threadpool.server.size = 0 (default)
2023-02-28 20:08:29,533 [pool-127-thread-1] INFO  server.RaftServerConfigKeys (ConfUtils.java:logGet(46)) - raft.server.threadpool.client.cached = true (default)
2023-02-28 20:08:29,533 [pool-127-thread-1] INFO  server.RaftServerConfigKeys (ConfUtils.java:logGet(46)) - raft.server.threadpool.client.size = 0 (default)
2023-02-28 20:08:29,533 [pool-127-thread-1] INFO  storage.RaftStorageDirectory (RaftStorageDirectoryImpl.java:analyzeStorage(137)) - The storage directory /home/runner/work/ozone/ozone/hadoop-ozone/integration-test/target/test-dir/MiniOzoneClusterImpl-e7d671b1-06ed-40aa-a52b-2678dd5bab1b/datanode-0/data/ratis/2f90a01c-2f45-41f9-8817-81c630b2eafb does not exist. Creating ...
2023-02-28 20:08:29,534 [pool-127-thread-1] INFO  storage.RaftStorageDirectory (RaftStorageDirectoryImpl.java:tryLock(231)) - Lock on /home/runner/work/ozone/ozone/hadoop-ozone/integration-test/target/test-dir/MiniOzoneClusterImpl-e7d671b1-06ed-40aa-a52b-2678dd5bab1b/datanode-0/data/ratis/2f90a01c-2f45-41f9-8817-81c630b2eafb/in_use.lock acquired by nodename 61155@fv-az399-334
2023-02-28 20:08:29,537 [pool-127-thread-1] INFO  storage.RaftStorage (RaftStorageImpl.java:format(96)) - Storage directory /home/runner/work/ozone/ozone/hadoop-ozone/integration-test/target/test-dir/MiniOzoneClusterImpl-e7d671b1-06ed-40aa-a52b-2678dd5bab1b/datanode-0/data/ratis/2f90a01c-2f45-41f9-8817-81c630b2eafb has been successfully formatted.
2023-02-28 20:08:29,537 [pool-127-thread-1] INFO  ratis.ContainerStateMachine (ContainerStateMachine.java:loadSnapshot(240)) - group-81C630B2EAFB: The snapshot info is null. Setting the last applied indexto:(t:0, i:~)
2023-02-28 20:08:29,537 [pool-127-thread-1] INFO  server.RaftServerConfigKeys (ConfUtils.java:logGet(46)) - raft.server.log.use.memory = false (default)
2023-02-28 20:08:29,537 [pool-127-thread-1] INFO  server.RaftServerConfigKeys (ConfUtils.java:logGet(46)) - raft.server.log.purge.gap = 1000000 (custom)
2023-02-28 20:08:29,539 [pool-127-thread-1] INFO  server.RaftServerConfigKeys (ConfUtils.java:logGet(46)) - raft.server.log.appender.buffer.byte-limit = 33554432 (custom)
2023-02-28 20:08:29,539 [pool-127-thread-1] INFO  server.RaftServerConfigKeys (ConfUtils.java:logGet(46)) - raft.server.log.statemachine.data.read.timeout = 1000ms (default)
2023-02-28 20:08:29,539 [pool-127-thread-1] INFO  server.RaftServerConfigKeys (ConfUtils.java:logGet(46)) - raft.server.log.purge.preservation.log.num = 0 (default)
2023-02-28 20:08:29,540 [EventQueue-OpenPipelineForHealthyPipelineSafeModeRule] INFO  safemode.SCMSafeModeManager (HealthyPipelineSafeModeRule.java:process(137)) - SCM in safe mode. Healthy pipelines reported count is 0, required healthy pipeline reported count is 1
2023-02-28 20:08:29,541 [pool-127-thread-1] INFO  server.RaftServerConfigKeys (ConfUtils.java:logGet(46)) - raft.server.log.segment.size.max = 1048576 (custom)
2023-02-28 20:08:29,542 [pool-127-thread-1] INFO  server.RaftServerConfigKeys (ConfUtils.java:logGet(46)) - raft.server.log.segment.cache.num.max = 2 (custom)
2023-02-28 20:08:29,542 [pool-127-thread-1] INFO  server.RaftServerConfigKeys (ConfUtils.java:logGet(46)) - raft.server.log.segment.cache.size.max = 200MB (=209715200) (default)
2023-02-28 20:08:29,542 [pool-127-thread-1] INFO  segmented.SegmentedRaftLogWorker (SegmentedRaftLogWorker.java:<init>(189)) - new d4f71ede-bed0-498f-9536-da00fca7d632@group-81C630B2EAFB-SegmentedRaftLogWorker for RaftStorageImpl:Storage Directory /home/runner/work/ozone/ozone/hadoop-ozone/integration-test/target/test-dir/MiniOzoneClusterImpl-e7d671b1-06ed-40aa-a52b-2678dd5bab1b/datanode-0/data/ratis/2f90a01c-2f45-41f9-8817-81c630b2eafb
2023-02-28 20:08:29,542 [pool-127-thread-1] INFO  server.RaftServerConfigKeys (ConfUtils.java:logGet(46)) - raft.server.log.queue.byte-limit = 4294967296 (custom)
2023-02-28 20:08:29,542 [pool-127-thread-1] INFO  server.RaftServerConfigKeys (ConfUtils.java:logGet(46)) - raft.server.log.queue.element-limit = 1024 (custom)
2023-02-28 20:08:29,542 [pool-127-thread-1] INFO  server.RaftServerConfigKeys (ConfUtils.java:logGet(46)) - raft.server.log.segment.size.max = 1048576 (custom)
2023-02-28 20:08:29,542 [pool-127-thread-1] INFO  server.RaftServerConfigKeys (ConfUtils.java:logGet(46)) - raft.server.log.preallocated.size = 16384 (custom)
2023-02-28 20:08:29,542 [pool-127-thread-1] INFO  server.RaftServerConfigKeys (ConfUtils.java:logGet(46)) - raft.server.log.force.sync.num = 128 (default)
2023-02-28 20:08:29,542 [pool-127-thread-1] INFO  server.RaftServerConfigKeys (ConfUtils.java:logGet(46)) - raft.server.log.statemachine.data.sync = true (default)
2023-02-28 20:08:29,542 [pool-127-thread-1] INFO  server.RaftServerConfigKeys (ConfUtils.java:logGet(46)) - raft.server.log.statemachine.data.sync.timeout = 10s (default)
2023-02-28 20:08:29,542 [pool-127-thread-1] INFO  server.RaftServerConfigKeys (ConfUtils.java:logGet(46)) - raft.server.log.statemachine.data.sync.timeout.retry = -1 (default)
2023-02-28 20:08:29,543 [pool-127-thread-1] INFO  server.RaftServerConfigKeys (ConfUtils.java:logGet(46)) - raft.server.log.write.buffer.size = 1048576 (custom)
2023-02-28 20:08:29,543 [pool-127-thread-1] INFO  server.RaftServerConfigKeys (ConfUtils.java:logGet(46)) - raft.server.log.appender.buffer.byte-limit = 33554432 (custom)
2023-02-28 20:08:29,549 [pool-127-thread-1] INFO  server.RaftServerConfigKeys (ConfUtils.java:logGet(46)) - raft.server.log.unsafe-flush.enabled = false (default)
2023-02-28 20:08:29,549 [pool-127-thread-1] INFO  server.RaftServerConfigKeys (ConfUtils.java:logGet(46)) - raft.server.log.async-flush.enabled = false (default)
2023-02-28 20:08:29,549 [pool-127-thread-1] INFO  server.RaftServerConfigKeys (ConfUtils.java:logGet(46)) - raft.server.log.statemachine.data.caching.enabled = true (custom)
2023-02-28 20:08:29,549 [pool-127-thread-1] INFO  segmented.SegmentedRaftLogWorker (SegmentedRaftLogWorker.java:lambda$new$0(135)) - d4f71ede-bed0-498f-9536-da00fca7d632@group-81C630B2EAFB-SegmentedRaftLogWorker: flushIndex: setUnconditionally 0 -> -1
2023-02-28 20:08:29,549 [pool-127-thread-1] INFO  segmented.SegmentedRaftLogWorker (SegmentedRaftLogWorker.java:lambda$new$0(135)) - d4f71ede-bed0-498f-9536-da00fca7d632@group-81C630B2EAFB-SegmentedRaftLogWorker: safeCacheEvictIndex: setUnconditionally 0 -> -1
2023-02-28 20:08:29,549 [pool-127-thread-1] INFO  server.RaftServer$Division (RaftServerImpl.java:start(334)) - d4f71ede-bed0-498f-9536-da00fca7d632@group-81C630B2EAFB: start as a follower, conf=-1: peers:[f1fceee1-e839-4390-8ee1-a452674c18b3|rpc:10.1.1.15:46149|dataStream:10.1.1.15:36103|priority:0|startupRole:FOLLOWER, ce14290f-c11f-4031-993d-843363841a3d|rpc:10.1.1.15:36461|dataStream:10.1.1.15:35205|priority:1|startupRole:FOLLOWER, d4f71ede-bed0-498f-9536-da00fca7d632|rpc:10.1.1.15:34357|dataStream:10.1.1.15:39647|priority:0|startupRole:FOLLOWER]|listeners:[], old=null
2023-02-28 20:08:29,550 [pool-127-thread-1] INFO  server.RaftServer$Division (RaftServerImpl.java:setRole(321)) - d4f71ede-bed0-498f-9536-da00fca7d632@group-81C630B2EAFB: changes role from      null to FOLLOWER at term 0 for startAsFollower
2023-02-28 20:08:29,550 [pool-127-thread-1] INFO  impl.RoleInfo (RoleInfo.java:updateAndGet(139)) - d4f71ede-bed0-498f-9536-da00fca7d632: start d4f71ede-bed0-498f-9536-da00fca7d632@group-81C630B2EAFB-FollowerState
2023-02-28 20:08:29,550 [d4f71ede-bed0-498f-9536-da00fca7d632@group-81C630B2EAFB-FollowerState] INFO  server.RaftServerConfigKeys (ConfUtils.java:logFallback(53)) - raft.server.rpc.first-election.timeout.min = 5s (fallback to raft.server.rpc.timeout.min)
2023-02-28 20:08:29,551 [d4f71ede-bed0-498f-9536-da00fca7d632@group-81C630B2EAFB-FollowerState] INFO  server.RaftServerConfigKeys (ConfUtils.java:logFallback(53)) - raft.server.rpc.first-election.timeout.max = 5200ms (fallback to raft.server.rpc.timeout.max)
2023-02-28 20:08:29,551 [pool-127-thread-1] INFO  util.JmxRegister (JmxRegister.java:tryRegister(44)) - Successfully registered JMX Bean with object name Ratis:service=RaftServer,group=group-81C630B2EAFB,id=d4f71ede-bed0-498f-9536-da00fca7d632
2023-02-28 20:08:29,551 [pool-127-thread-1] INFO  server.RaftServerConfigKeys (ConfUtils.java:logGet(46)) - raft.server.snapshot.auto.trigger.enabled = true (custom)
2023-02-28 20:08:29,551 [pool-127-thread-1] INFO  server.RaftServerConfigKeys (ConfUtils.java:logGet(46)) - raft.server.snapshot.auto.trigger.threshold = 10000 (custom)
2023-02-28 20:08:29,551 [pool-127-thread-1] INFO  server.RaftServerConfigKeys (ConfUtils.java:logGet(46)) - raft.server.snapshot.retention.file.num = 5 (custom)
2023-02-28 20:08:29,551 [pool-127-thread-1] INFO  server.RaftServerConfigKeys (ConfUtils.java:logGet(46)) - raft.server.log.purge.upto.snapshot.index = false (default)
2023-02-28 20:08:29,558 [Command processor thread] INFO  ratis.XceiverServerRatis (XceiverServerRatis.java:addGroup(807)) - Created group PipelineID=2f90a01c-2f45-41f9-8817-81c630b2eafb
2023-02-28 20:08:29,630 [grpc-default-executor-2] INFO  server.RaftServer (RaftServerProxy.java:addNew(96)) - ce14290f-c11f-4031-993d-843363841a3d: addNew group-81C630B2EAFB:[f1fceee1-e839-4390-8ee1-a452674c18b3|rpc:10.1.1.15:46149|dataStream:10.1.1.15:36103|priority:0|startupRole:FOLLOWER, ce14290f-c11f-4031-993d-843363841a3d|rpc:10.1.1.15:36461|dataStream:10.1.1.15:35205|priority:1|startupRole:FOLLOWER, d4f71ede-bed0-498f-9536-da00fca7d632|rpc:10.1.1.15:34357|dataStream:10.1.1.15:39647|priority:0|startupRole:FOLLOWER] returns group-81C630B2EAFB:java.util.concurrent.CompletableFuture@4ead5f0c[Not completed]
2023-02-28 20:08:29,637 [pool-171-thread-1] INFO  server.RaftServer$Division (RaftServerImpl.java:<init>(195)) - ce14290f-c11f-4031-993d-843363841a3d: new RaftServerImpl for group-81C630B2EAFB:[f1fceee1-e839-4390-8ee1-a452674c18b3|rpc:10.1.1.15:46149|dataStream:10.1.1.15:36103|priority:0|startupRole:FOLLOWER, ce14290f-c11f-4031-993d-843363841a3d|rpc:10.1.1.15:36461|dataStream:10.1.1.15:35205|priority:1|startupRole:FOLLOWER, d4f71ede-bed0-498f-9536-da00fca7d632|rpc:10.1.1.15:34357|dataStream:10.1.1.15:39647|priority:0|startupRole:FOLLOWER] with ContainerStateMachine:uninitialized
2023-02-28 20:08:29,637 [pool-171-thread-1] INFO  server.RaftServerConfigKeys (ConfUtils.java:logGet(46)) - raft.server.rpc.timeout.min = 5s (custom)
2023-02-28 20:08:29,637 [pool-171-thread-1] INFO  server.RaftServerConfigKeys (ConfUtils.java:logGet(46)) - raft.server.rpc.timeout.max = 5200ms (custom)
2023-02-28 20:08:29,637 [pool-171-thread-1] INFO  server.RaftServerConfigKeys (ConfUtils.java:logGet(46)) - raft.server.rpc.sleep.time = 25ms (default)
2023-02-28 20:08:29,637 [pool-171-thread-1] INFO  server.RaftServerConfigKeys (ConfUtils.java:logGet(46)) - raft.server.rpc.slowness.timeout = 300s (custom)
2023-02-28 20:08:29,637 [pool-171-thread-1] INFO  server.RaftServerConfigKeys (ConfUtils.java:logGet(46)) - raft.server.leaderelection.leader.step-down.wait-time = 10s (default)
2023-02-28 20:08:29,637 [pool-171-thread-1] INFO  server.RaftServerConfigKeys (ConfUtils.java:logGet(46)) - raft.server.sleep.deviation.threshold = 300ms (default)
2023-02-28 20:08:29,637 [pool-171-thread-1] INFO  server.RaftServer$Division (ServerState.java:<init>(118)) - ce14290f-c11f-4031-993d-843363841a3d@group-81C630B2EAFB: ConfigurationManager, init=-1: peers:[f1fceee1-e839-4390-8ee1-a452674c18b3|rpc:10.1.1.15:46149|dataStream:10.1.1.15:36103|priority:0|startupRole:FOLLOWER, ce14290f-c11f-4031-993d-843363841a3d|rpc:10.1.1.15:36461|dataStream:10.1.1.15:35205|priority:1|startupRole:FOLLOWER, d4f71ede-bed0-498f-9536-da00fca7d632|rpc:10.1.1.15:34357|dataStream:10.1.1.15:39647|priority:0|startupRole:FOLLOWER]|listeners:[], old=null, confs=<EMPTY_MAP>
2023-02-28 20:08:29,637 [pool-171-thread-1] INFO  server.RaftServerConfigKeys (ConfUtils.java:logGet(46)) - raft.server.storage.dir = [/home/runner/work/ozone/ozone/hadoop-ozone/integration-test/target/test-dir/MiniOzoneClusterImpl-e7d671b1-06ed-40aa-a52b-2678dd5bab1b/datanode-2/data/ratis] (custom)
2023-02-28 20:08:29,637 [pool-171-thread-1] INFO  server.RaftServerConfigKeys (ConfUtils.java:logGet(46)) - raft.server.log.corruption.policy = EXCEPTION (default)
2023-02-28 20:08:29,637 [pool-171-thread-1] INFO  server.RaftServerConfigKeys (ConfUtils.java:logGet(46)) - raft.server.storage.free-space.min = 0MB (=0) (default)
2023-02-28 20:08:29,638 [pool-171-thread-1] INFO  server.RaftServerConfigKeys (ConfUtils.java:logGet(46)) - raft.server.notification.no-leader.timeout = 300s (custom)
2023-02-28 20:08:29,638 [pool-171-thread-1] INFO  server.RaftServerConfigKeys (ConfUtils.java:logGet(46)) - raft.server.retrycache.expirytime = 600000ms (custom)
2023-02-28 20:08:29,638 [pool-171-thread-1] INFO  server.RaftServerConfigKeys (ConfUtils.java:logGet(46)) - raft.server.retrycache.statistics.expirytime = 100μs (default)
2023-02-28 20:08:29,641 [pool-171-thread-1] INFO  server.RaftServerConfigKeys (ConfUtils.java:logGet(46)) - raft.server.log.appender.install.snapshot.enabled = false (custom)
2023-02-28 20:08:29,641 [pool-171-thread-1] INFO  server.RaftServerConfigKeys (ConfUtils.java:logGet(46)) - raft.server.threadpool.server.cached = true (default)
2023-02-28 20:08:29,641 [pool-171-thread-1] INFO  server.RaftServerConfigKeys (ConfUtils.java:logGet(46)) - raft.server.threadpool.server.size = 0 (default)
2023-02-28 20:08:29,641 [pool-171-thread-1] INFO  server.RaftServerConfigKeys (ConfUtils.java:logGet(46)) - raft.server.threadpool.client.cached = true (default)
2023-02-28 20:08:29,641 [pool-171-thread-1] INFO  server.RaftServerConfigKeys (ConfUtils.java:logGet(46)) - raft.server.threadpool.client.size = 0 (default)
2023-02-28 20:08:29,641 [pool-171-thread-1] INFO  storage.RaftStorageDirectory (RaftStorageDirectoryImpl.java:analyzeStorage(137)) - The storage directory /home/runner/work/ozone/ozone/hadoop-ozone/integration-test/target/test-dir/MiniOzoneClusterImpl-e7d671b1-06ed-40aa-a52b-2678dd5bab1b/datanode-2/data/ratis/2f90a01c-2f45-41f9-8817-81c630b2eafb does not exist. Creating ...
2023-02-28 20:08:29,643 [pool-171-thread-1] INFO  storage.RaftStorageDirectory (RaftStorageDirectoryImpl.java:tryLock(231)) - Lock on /home/runner/work/ozone/ozone/hadoop-ozone/integration-test/target/test-dir/MiniOzoneClusterImpl-e7d671b1-06ed-40aa-a52b-2678dd5bab1b/datanode-2/data/ratis/2f90a01c-2f45-41f9-8817-81c630b2eafb/in_use.lock acquired by nodename 61155@fv-az399-334
2023-02-28 20:08:29,644 [pool-171-thread-1] INFO  storage.RaftStorage (RaftStorageImpl.java:format(96)) - Storage directory /home/runner/work/ozone/ozone/hadoop-ozone/integration-test/target/test-dir/MiniOzoneClusterImpl-e7d671b1-06ed-40aa-a52b-2678dd5bab1b/datanode-2/data/ratis/2f90a01c-2f45-41f9-8817-81c630b2eafb has been successfully formatted.
2023-02-28 20:08:29,646 [pool-171-thread-1] INFO  ratis.ContainerStateMachine (ContainerStateMachine.java:loadSnapshot(240)) - group-81C630B2EAFB: The snapshot info is null. Setting the last applied indexto:(t:0, i:~)
2023-02-28 20:08:29,654 [pool-171-thread-1] INFO  server.RaftServerConfigKeys (ConfUtils.java:logGet(46)) - raft.server.log.use.memory = false (default)
2023-02-28 20:08:29,654 [pool-171-thread-1] INFO  server.RaftServerConfigKeys (ConfUtils.java:logGet(46)) - raft.server.log.purge.gap = 1000000 (custom)
2023-02-28 20:08:29,654 [pool-171-thread-1] INFO  server.RaftServerConfigKeys (ConfUtils.java:logGet(46)) - raft.server.log.appender.buffer.byte-limit = 33554432 (custom)
2023-02-28 20:08:29,654 [pool-171-thread-1] INFO  server.RaftServerConfigKeys (ConfUtils.java:logGet(46)) - raft.server.log.statemachine.data.read.timeout = 1000ms (default)
2023-02-28 20:08:29,654 [pool-171-thread-1] INFO  server.RaftServerConfigKeys (ConfUtils.java:logGet(46)) - raft.server.log.purge.preservation.log.num = 0 (default)
2023-02-28 20:08:29,654 [pool-171-thread-1] INFO  server.RaftServerConfigKeys (ConfUtils.java:logGet(46)) - raft.server.log.segment.size.max = 1048576 (custom)
2023-02-28 20:08:29,655 [pool-171-thread-1] INFO  server.RaftServerConfigKeys (ConfUtils.java:logGet(46)) - raft.server.log.segment.cache.num.max = 2 (custom)
2023-02-28 20:08:29,655 [pool-171-thread-1] INFO  server.RaftServerConfigKeys (ConfUtils.java:logGet(46)) - raft.server.log.segment.cache.size.max = 200MB (=209715200) (default)
2023-02-28 20:08:29,655 [pool-171-thread-1] INFO  segmented.SegmentedRaftLogWorker (SegmentedRaftLogWorker.java:<init>(189)) - new ce14290f-c11f-4031-993d-843363841a3d@group-81C630B2EAFB-SegmentedRaftLogWorker for RaftStorageImpl:Storage Directory /home/runner/work/ozone/ozone/hadoop-ozone/integration-test/target/test-dir/MiniOzoneClusterImpl-e7d671b1-06ed-40aa-a52b-2678dd5bab1b/datanode-2/data/ratis/2f90a01c-2f45-41f9-8817-81c630b2eafb
2023-02-28 20:08:29,657 [pool-171-thread-1] INFO  server.RaftServerConfigKeys (ConfUtils.java:logGet(46)) - raft.server.log.queue.byte-limit = 4294967296 (custom)
2023-02-28 20:08:29,657 [pool-171-thread-1] INFO  server.RaftServerConfigKeys (ConfUtils.java:logGet(46)) - raft.server.log.queue.element-limit = 1024 (custom)
2023-02-28 20:08:29,657 [pool-171-thread-1] INFO  server.RaftServerConfigKeys (ConfUtils.java:logGet(46)) - raft.server.log.segment.size.max = 1048576 (custom)
2023-02-28 20:08:29,657 [pool-171-thread-1] INFO  server.RaftServerConfigKeys (ConfUtils.java:logGet(46)) - raft.server.log.preallocated.size = 16384 (custom)
2023-02-28 20:08:29,657 [pool-171-thread-1] INFO  server.RaftServerConfigKeys (ConfUtils.java:logGet(46)) - raft.server.log.force.sync.num = 128 (default)
2023-02-28 20:08:29,658 [pool-171-thread-1] INFO  server.RaftServerConfigKeys (ConfUtils.java:logGet(46)) - raft.server.log.statemachine.data.sync = true (default)
2023-02-28 20:08:29,658 [pool-171-thread-1] INFO  server.RaftServerConfigKeys (ConfUtils.java:logGet(46)) - raft.server.log.statemachine.data.sync.timeout = 10s (default)
2023-02-28 20:08:29,658 [pool-171-thread-1] INFO  server.RaftServerConfigKeys (ConfUtils.java:logGet(46)) - raft.server.log.statemachine.data.sync.timeout.retry = -1 (default)
2023-02-28 20:08:29,660 [pool-171-thread-1] INFO  server.RaftServerConfigKeys (ConfUtils.java:logGet(46)) - raft.server.log.write.buffer.size = 1048576 (custom)
2023-02-28 20:08:29,660 [pool-171-thread-1] INFO  server.RaftServerConfigKeys (ConfUtils.java:logGet(46)) - raft.server.log.appender.buffer.byte-limit = 33554432 (custom)
2023-02-28 20:08:29,670 [pool-171-thread-1] INFO  server.RaftServerConfigKeys (ConfUtils.java:logGet(46)) - raft.server.log.unsafe-flush.enabled = false (default)
2023-02-28 20:08:29,670 [pool-171-thread-1] INFO  server.RaftServerConfigKeys (ConfUtils.java:logGet(46)) - raft.server.log.async-flush.enabled = false (default)
2023-02-28 20:08:29,670 [pool-171-thread-1] INFO  server.RaftServerConfigKeys (ConfUtils.java:logGet(46)) - raft.server.log.statemachine.data.caching.enabled = true (custom)
2023-02-28 20:08:29,670 [pool-171-thread-1] INFO  segmented.SegmentedRaftLogWorker (SegmentedRaftLogWorker.java:lambda$new$0(135)) - ce14290f-c11f-4031-993d-843363841a3d@group-81C630B2EAFB-SegmentedRaftLogWorker: flushIndex: setUnconditionally 0 -> -1
2023-02-28 20:08:29,670 [pool-171-thread-1] INFO  segmented.SegmentedRaftLogWorker (SegmentedRaftLogWorker.java:lambda$new$0(135)) - ce14290f-c11f-4031-993d-843363841a3d@group-81C630B2EAFB-SegmentedRaftLogWorker: safeCacheEvictIndex: setUnconditionally 0 -> -1
2023-02-28 20:08:29,671 [pool-171-thread-1] INFO  server.RaftServer$Division (RaftServerImpl.java:start(334)) - ce14290f-c11f-4031-993d-843363841a3d@group-81C630B2EAFB: start as a follower, conf=-1: peers:[f1fceee1-e839-4390-8ee1-a452674c18b3|rpc:10.1.1.15:46149|dataStream:10.1.1.15:36103|priority:0|startupRole:FOLLOWER, ce14290f-c11f-4031-993d-843363841a3d|rpc:10.1.1.15:36461|dataStream:10.1.1.15:35205|priority:1|startupRole:FOLLOWER, d4f71ede-bed0-498f-9536-da00fca7d632|rpc:10.1.1.15:34357|dataStream:10.1.1.15:39647|priority:0|startupRole:FOLLOWER]|listeners:[], old=null
2023-02-28 20:08:29,671 [pool-171-thread-1] INFO  server.RaftServer$Division (RaftServerImpl.java:setRole(321)) - ce14290f-c11f-4031-993d-843363841a3d@group-81C630B2EAFB: changes role from      null to FOLLOWER at term 0 for startAsFollower
2023-02-28 20:08:29,671 [pool-171-thread-1] INFO  impl.RoleInfo (RoleInfo.java:updateAndGet(139)) - ce14290f-c11f-4031-993d-843363841a3d: start ce14290f-c11f-4031-993d-843363841a3d@group-81C630B2EAFB-FollowerState
2023-02-28 20:08:29,671 [pool-171-thread-1] INFO  util.JmxRegister (JmxRegister.java:tryRegister(44)) - Successfully registered JMX Bean with object name Ratis:service=RaftServer,group=group-81C630B2EAFB,id=ce14290f-c11f-4031-993d-843363841a3d
2023-02-28 20:08:29,671 [pool-171-thread-1] INFO  server.RaftServerConfigKeys (ConfUtils.java:logGet(46)) - raft.server.snapshot.auto.trigger.enabled = true (custom)
2023-02-28 20:08:29,671 [pool-171-thread-1] INFO  server.RaftServerConfigKeys (ConfUtils.java:logGet(46)) - raft.server.snapshot.auto.trigger.threshold = 10000 (custom)
2023-02-28 20:08:29,672 [pool-171-thread-1] INFO  server.RaftServerConfigKeys (ConfUtils.java:logGet(46)) - raft.server.snapshot.retention.file.num = 5 (custom)
2023-02-28 20:08:29,672 [pool-171-thread-1] INFO  server.RaftServerConfigKeys (ConfUtils.java:logGet(46)) - raft.server.log.purge.upto.snapshot.index = false (default)
2023-02-28 20:08:29,676 [ce14290f-c11f-4031-993d-843363841a3d@group-81C630B2EAFB-FollowerState] INFO  server.RaftServerConfigKeys (ConfUtils.java:logFallback(53)) - raft.server.rpc.first-election.timeout.min = 5s (fallback to raft.server.rpc.timeout.min)
2023-02-28 20:08:29,679 [ce14290f-c11f-4031-993d-843363841a3d@group-81C630B2EAFB-FollowerState] INFO  server.RaftServerConfigKeys (ConfUtils.java:logFallback(53)) - raft.server.rpc.first-election.timeout.max = 5200ms (fallback to raft.server.rpc.timeout.max)
2023-02-28 20:08:29,732 [grpc-default-executor-2] INFO  server.RaftServer (RaftServerProxy.java:addNew(96)) - f1fceee1-e839-4390-8ee1-a452674c18b3: addNew group-81C630B2EAFB:[f1fceee1-e839-4390-8ee1-a452674c18b3|rpc:10.1.1.15:46149|dataStream:10.1.1.15:36103|priority:0|startupRole:FOLLOWER, ce14290f-c11f-4031-993d-843363841a3d|rpc:10.1.1.15:36461|dataStream:10.1.1.15:35205|priority:1|startupRole:FOLLOWER, d4f71ede-bed0-498f-9536-da00fca7d632|rpc:10.1.1.15:34357|dataStream:10.1.1.15:39647|priority:0|startupRole:FOLLOWER] returns group-81C630B2EAFB:java.util.concurrent.CompletableFuture@3d3fd3da[Not completed]
2023-02-28 20:08:29,733 [pool-149-thread-1] INFO  server.RaftServer$Division (RaftServerImpl.java:<init>(195)) - f1fceee1-e839-4390-8ee1-a452674c18b3: new RaftServerImpl for group-81C630B2EAFB:[f1fceee1-e839-4390-8ee1-a452674c18b3|rpc:10.1.1.15:46149|dataStream:10.1.1.15:36103|priority:0|startupRole:FOLLOWER, ce14290f-c11f-4031-993d-843363841a3d|rpc:10.1.1.15:36461|dataStream:10.1.1.15:35205|priority:1|startupRole:FOLLOWER, d4f71ede-bed0-498f-9536-da00fca7d632|rpc:10.1.1.15:34357|dataStream:10.1.1.15:39647|priority:0|startupRole:FOLLOWER] with ContainerStateMachine:uninitialized
2023-02-28 20:08:29,733 [pool-149-thread-1] INFO  server.RaftServerConfigKeys (ConfUtils.java:logGet(46)) - raft.server.rpc.timeout.min = 5s (custom)
2023-02-28 20:08:29,733 [pool-149-thread-1] INFO  server.RaftServerConfigKeys (ConfUtils.java:logGet(46)) - raft.server.rpc.timeout.max = 5200ms (custom)
2023-02-28 20:08:29,733 [pool-149-thread-1] INFO  server.RaftServerConfigKeys (ConfUtils.java:logGet(46)) - raft.server.rpc.sleep.time = 25ms (default)
2023-02-28 20:08:29,733 [pool-149-thread-1] INFO  server.RaftServerConfigKeys (ConfUtils.java:logGet(46)) - raft.server.rpc.slowness.timeout = 300s (custom)
2023-02-28 20:08:29,733 [pool-149-thread-1] INFO  server.RaftServerConfigKeys (ConfUtils.java:logGet(46)) - raft.server.leaderelection.leader.step-down.wait-time = 10s (default)
2023-02-28 20:08:29,733 [pool-149-thread-1] INFO  server.RaftServerConfigKeys (ConfUtils.java:logGet(46)) - raft.server.sleep.deviation.threshold = 300ms (default)
2023-02-28 20:08:29,733 [pool-149-thread-1] INFO  server.RaftServer$Division (ServerState.java:<init>(118)) - f1fceee1-e839-4390-8ee1-a452674c18b3@group-81C630B2EAFB: ConfigurationManager, init=-1: peers:[f1fceee1-e839-4390-8ee1-a452674c18b3|rpc:10.1.1.15:46149|dataStream:10.1.1.15:36103|priority:0|startupRole:FOLLOWER, ce14290f-c11f-4031-993d-843363841a3d|rpc:10.1.1.15:36461|dataStream:10.1.1.15:35205|priority:1|startupRole:FOLLOWER, d4f71ede-bed0-498f-9536-da00fca7d632|rpc:10.1.1.15:34357|dataStream:10.1.1.15:39647|priority:0|startupRole:FOLLOWER]|listeners:[], old=null, confs=<EMPTY_MAP>
2023-02-28 20:08:29,733 [pool-149-thread-1] INFO  server.RaftServerConfigKeys (ConfUtils.java:logGet(46)) - raft.server.storage.dir = [/home/runner/work/ozone/ozone/hadoop-ozone/integration-test/target/test-dir/MiniOzoneClusterImpl-e7d671b1-06ed-40aa-a52b-2678dd5bab1b/datanode-1/data/ratis] (custom)
2023-02-28 20:08:29,734 [pool-149-thread-1] INFO  server.RaftServerConfigKeys (ConfUtils.java:logGet(46)) - raft.server.log.corruption.policy = EXCEPTION (default)
2023-02-28 20:08:29,734 [pool-149-thread-1] INFO  server.RaftServerConfigKeys (ConfUtils.java:logGet(46)) - raft.server.storage.free-space.min = 0MB (=0) (default)
2023-02-28 20:08:29,734 [pool-149-thread-1] INFO  server.RaftServerConfigKeys (ConfUtils.java:logGet(46)) - raft.server.notification.no-leader.timeout = 300s (custom)
2023-02-28 20:08:29,734 [pool-149-thread-1] INFO  server.RaftServerConfigKeys (ConfUtils.java:logGet(46)) - raft.server.retrycache.expirytime = 600000ms (custom)
2023-02-28 20:08:29,734 [pool-149-thread-1] INFO  server.RaftServerConfigKeys (ConfUtils.java:logGet(46)) - raft.server.retrycache.statistics.expirytime = 100μs (default)
2023-02-28 20:08:29,735 [pool-149-thread-1] INFO  server.RaftServerConfigKeys (ConfUtils.java:logGet(46)) - raft.server.log.appender.install.snapshot.enabled = false (custom)
2023-02-28 20:08:29,735 [pool-149-thread-1] INFO  server.RaftServerConfigKeys (ConfUtils.java:logGet(46)) - raft.server.threadpool.server.cached = true (default)
2023-02-28 20:08:29,735 [pool-149-thread-1] INFO  server.RaftServerConfigKeys (ConfUtils.java:logGet(46)) - raft.server.threadpool.server.size = 0 (default)
2023-02-28 20:08:29,735 [pool-149-thread-1] INFO  server.RaftServerConfigKeys (ConfUtils.java:logGet(46)) - raft.server.threadpool.client.cached = true (default)
2023-02-28 20:08:29,735 [pool-149-thread-1] INFO  server.RaftServerConfigKeys (ConfUtils.java:logGet(46)) - raft.server.threadpool.client.size = 0 (default)
2023-02-28 20:08:29,736 [pool-149-thread-1] INFO  storage.RaftStorageDirectory (RaftStorageDirectoryImpl.java:analyzeStorage(137)) - The storage directory /home/runner/work/ozone/ozone/hadoop-ozone/integration-test/target/test-dir/MiniOzoneClusterImpl-e7d671b1-06ed-40aa-a52b-2678dd5bab1b/datanode-1/data/ratis/2f90a01c-2f45-41f9-8817-81c630b2eafb does not exist. Creating ...
2023-02-28 20:08:29,737 [pool-149-thread-1] INFO  storage.RaftStorageDirectory (RaftStorageDirectoryImpl.java:tryLock(231)) - Lock on /home/runner/work/ozone/ozone/hadoop-ozone/integration-test/target/test-dir/MiniOzoneClusterImpl-e7d671b1-06ed-40aa-a52b-2678dd5bab1b/datanode-1/data/ratis/2f90a01c-2f45-41f9-8817-81c630b2eafb/in_use.lock acquired by nodename 61155@fv-az399-334
2023-02-28 20:08:29,738 [pool-149-thread-1] INFO  storage.RaftStorage (RaftStorageImpl.java:format(96)) - Storage directory /home/runner/work/ozone/ozone/hadoop-ozone/integration-test/target/test-dir/MiniOzoneClusterImpl-e7d671b1-06ed-40aa-a52b-2678dd5bab1b/datanode-1/data/ratis/2f90a01c-2f45-41f9-8817-81c630b2eafb has been successfully formatted.
2023-02-28 20:08:29,739 [pool-149-thread-1] INFO  ratis.ContainerStateMachine (ContainerStateMachine.java:loadSnapshot(240)) - group-81C630B2EAFB: The snapshot info is null. Setting the last applied indexto:(t:0, i:~)
2023-02-28 20:08:29,739 [pool-149-thread-1] INFO  server.RaftServerConfigKeys (ConfUtils.java:logGet(46)) - raft.server.log.use.memory = false (default)
2023-02-28 20:08:29,739 [pool-149-thread-1] INFO  server.RaftServerConfigKeys (ConfUtils.java:logGet(46)) - raft.server.log.purge.gap = 1000000 (custom)
2023-02-28 20:08:29,747 [pool-149-thread-1] INFO  server.RaftServerConfigKeys (ConfUtils.java:logGet(46)) - raft.server.log.appender.buffer.byte-limit = 33554432 (custom)
2023-02-28 20:08:29,747 [pool-149-thread-1] INFO  server.RaftServerConfigKeys (ConfUtils.java:logGet(46)) - raft.server.log.statemachine.data.read.timeout = 1000ms (default)
2023-02-28 20:08:29,747 [pool-149-thread-1] INFO  server.RaftServerConfigKeys (ConfUtils.java:logGet(46)) - raft.server.log.purge.preservation.log.num = 0 (default)
2023-02-28 20:08:29,749 [pool-149-thread-1] INFO  server.RaftServerConfigKeys (ConfUtils.java:logGet(46)) - raft.server.log.segment.size.max = 1048576 (custom)
2023-02-28 20:08:29,749 [pool-149-thread-1] INFO  server.RaftServerConfigKeys (ConfUtils.java:logGet(46)) - raft.server.log.segment.cache.num.max = 2 (custom)
2023-02-28 20:08:29,749 [pool-149-thread-1] INFO  server.RaftServerConfigKeys (ConfUtils.java:logGet(46)) - raft.server.log.segment.cache.size.max = 200MB (=209715200) (default)
2023-02-28 20:08:29,749 [pool-149-thread-1] INFO  segmented.SegmentedRaftLogWorker (SegmentedRaftLogWorker.java:<init>(189)) - new f1fceee1-e839-4390-8ee1-a452674c18b3@group-81C630B2EAFB-SegmentedRaftLogWorker for RaftStorageImpl:Storage Directory /home/runner/work/ozone/ozone/hadoop-ozone/integration-test/target/test-dir/MiniOzoneClusterImpl-e7d671b1-06ed-40aa-a52b-2678dd5bab1b/datanode-1/data/ratis/2f90a01c-2f45-41f9-8817-81c630b2eafb
2023-02-28 20:08:29,750 [pool-149-thread-1] INFO  server.RaftServerConfigKeys (ConfUtils.java:logGet(46)) - raft.server.log.queue.byte-limit = 4294967296 (custom)
2023-02-28 20:08:29,750 [pool-149-thread-1] INFO  server.RaftServerConfigKeys (ConfUtils.java:logGet(46)) - raft.server.log.queue.element-limit = 1024 (custom)
2023-02-28 20:08:29,750 [pool-149-thread-1] INFO  server.RaftServerConfigKeys (ConfUtils.java:logGet(46)) - raft.server.log.segment.size.max = 1048576 (custom)
2023-02-28 20:08:29,750 [pool-149-thread-1] INFO  server.RaftServerConfigKeys (ConfUtils.java:logGet(46)) - raft.server.log.preallocated.size = 16384 (custom)
2023-02-28 20:08:29,750 [pool-149-thread-1] INFO  server.RaftServerConfigKeys (ConfUtils.java:logGet(46)) - raft.server.log.force.sync.num = 128 (default)
2023-02-28 20:08:29,750 [pool-149-thread-1] INFO  server.RaftServerConfigKeys (ConfUtils.java:logGet(46)) - raft.server.log.statemachine.data.sync = true (default)
2023-02-28 20:08:29,750 [pool-149-thread-1] INFO  server.RaftServerConfigKeys (ConfUtils.java:logGet(46)) - raft.server.log.statemachine.data.sync.timeout = 10s (default)
2023-02-28 20:08:29,750 [pool-149-thread-1] INFO  server.RaftServerConfigKeys (ConfUtils.java:logGet(46)) - raft.server.log.statemachine.data.sync.timeout.retry = -1 (default)
2023-02-28 20:08:29,751 [pool-149-thread-1] INFO  server.RaftServerConfigKeys (ConfUtils.java:logGet(46)) - raft.server.log.write.buffer.size = 1048576 (custom)
2023-02-28 20:08:29,751 [pool-149-thread-1] INFO  server.RaftServerConfigKeys (ConfUtils.java:logGet(46)) - raft.server.log.appender.buffer.byte-limit = 33554432 (custom)
2023-02-28 20:08:29,759 [pool-149-thread-1] INFO  server.RaftServerConfigKeys (ConfUtils.java:logGet(46)) - raft.server.log.unsafe-flush.enabled = false (default)
2023-02-28 20:08:29,759 [pool-149-thread-1] INFO  server.RaftServerConfigKeys (ConfUtils.java:logGet(46)) - raft.server.log.async-flush.enabled = false (default)
2023-02-28 20:08:29,759 [pool-149-thread-1] INFO  server.RaftServerConfigKeys (ConfUtils.java:logGet(46)) - raft.server.log.statemachine.data.caching.enabled = true (custom)
2023-02-28 20:08:29,759 [pool-149-thread-1] INFO  segmented.SegmentedRaftLogWorker (SegmentedRaftLogWorker.java:lambda$new$0(135)) - f1fceee1-e839-4390-8ee1-a452674c18b3@group-81C630B2EAFB-SegmentedRaftLogWorker: flushIndex: setUnconditionally 0 -> -1
2023-02-28 20:08:29,759 [pool-149-thread-1] INFO  segmented.SegmentedRaftLogWorker (SegmentedRaftLogWorker.java:lambda$new$0(135)) - f1fceee1-e839-4390-8ee1-a452674c18b3@group-81C630B2EAFB-SegmentedRaftLogWorker: safeCacheEvictIndex: setUnconditionally 0 -> -1
2023-02-28 20:08:29,760 [pool-149-thread-1] INFO  server.RaftServer$Division (RaftServerImpl.java:start(334)) - f1fceee1-e839-4390-8ee1-a452674c18b3@group-81C630B2EAFB: start as a follower, conf=-1: peers:[f1fceee1-e839-4390-8ee1-a452674c18b3|rpc:10.1.1.15:46149|dataStream:10.1.1.15:36103|priority:0|startupRole:FOLLOWER, ce14290f-c11f-4031-993d-843363841a3d|rpc:10.1.1.15:36461|dataStream:10.1.1.15:35205|priority:1|startupRole:FOLLOWER, d4f71ede-bed0-498f-9536-da00fca7d632|rpc:10.1.1.15:34357|dataStream:10.1.1.15:39647|priority:0|startupRole:FOLLOWER]|listeners:[], old=null
2023-02-28 20:08:29,760 [pool-149-thread-1] INFO  server.RaftServer$Division (RaftServerImpl.java:setRole(321)) - f1fceee1-e839-4390-8ee1-a452674c18b3@group-81C630B2EAFB: changes role from      null to FOLLOWER at term 0 for startAsFollower
2023-02-28 20:08:29,760 [pool-149-thread-1] INFO  impl.RoleInfo (RoleInfo.java:updateAndGet(139)) - f1fceee1-e839-4390-8ee1-a452674c18b3: start f1fceee1-e839-4390-8ee1-a452674c18b3@group-81C630B2EAFB-FollowerState
2023-02-28 20:08:29,760 [pool-149-thread-1] INFO  util.JmxRegister (JmxRegister.java:tryRegister(44)) - Successfully registered JMX Bean with object name Ratis:service=RaftServer,group=group-81C630B2EAFB,id=f1fceee1-e839-4390-8ee1-a452674c18b3
2023-02-28 20:08:29,760 [pool-149-thread-1] INFO  server.RaftServerConfigKeys (ConfUtils.java:logGet(46)) - raft.server.snapshot.auto.trigger.enabled = true (custom)
2023-02-28 20:08:29,760 [pool-149-thread-1] INFO  server.RaftServerConfigKeys (ConfUtils.java:logGet(46)) - raft.server.snapshot.auto.trigger.threshold = 10000 (custom)
2023-02-28 20:08:29,760 [pool-149-thread-1] INFO  server.RaftServerConfigKeys (ConfUtils.java:logGet(46)) - raft.server.snapshot.retention.file.num = 5 (custom)
2023-02-28 20:08:29,760 [pool-149-thread-1] INFO  server.RaftServerConfigKeys (ConfUtils.java:logGet(46)) - raft.server.log.purge.upto.snapshot.index = false (default)
2023-02-28 20:08:29,762 [f1fceee1-e839-4390-8ee1-a452674c18b3@group-81C630B2EAFB-FollowerState] INFO  server.RaftServerConfigKeys (ConfUtils.java:logFallback(53)) - raft.server.rpc.first-election.timeout.min = 5s (fallback to raft.server.rpc.timeout.min)
2023-02-28 20:08:29,763 [f1fceee1-e839-4390-8ee1-a452674c18b3@group-81C630B2EAFB-FollowerState] INFO  server.RaftServerConfigKeys (ConfUtils.java:logFallback(53)) - raft.server.rpc.first-election.timeout.max = 5200ms (fallback to raft.server.rpc.timeout.max)
2023-02-28 20:08:29,772 [Command processor thread] INFO  commandhandler.CreatePipelineCommandHandler (CreatePipelineCommandHandler.java:handle(113)) - Created Pipeline RATIS THREE PipelineID=2f90a01c-2f45-41f9-8817-81c630b2eafb.
2023-02-28 20:08:29,772 [Command processor thread] INFO  server.RaftServer (RaftServerProxy.java:addNew(96)) - d4f71ede-bed0-498f-9536-da00fca7d632: addNew group-E3CFD3C613C5:[f1fceee1-e839-4390-8ee1-a452674c18b3|rpc:10.1.1.15:46149|dataStream:10.1.1.15:36103|priority:0|startupRole:FOLLOWER, ce14290f-c11f-4031-993d-843363841a3d|rpc:10.1.1.15:36461|dataStream:10.1.1.15:35205|priority:0|startupRole:FOLLOWER, d4f71ede-bed0-498f-9536-da00fca7d632|rpc:10.1.1.15:34357|dataStream:10.1.1.15:39647|priority:1|startupRole:FOLLOWER] returns group-E3CFD3C613C5:java.util.concurrent.CompletableFuture@7b66b961[Not completed]
2023-02-28 20:08:29,774 [pool-127-thread-1] INFO  server.RaftServer$Division (RaftServerImpl.java:<init>(195)) - d4f71ede-bed0-498f-9536-da00fca7d632: new RaftServerImpl for group-E3CFD3C613C5:[f1fceee1-e839-4390-8ee1-a452674c18b3|rpc:10.1.1.15:46149|dataStream:10.1.1.15:36103|priority:0|startupRole:FOLLOWER, ce14290f-c11f-4031-993d-843363841a3d|rpc:10.1.1.15:36461|dataStream:10.1.1.15:35205|priority:0|startupRole:FOLLOWER, d4f71ede-bed0-498f-9536-da00fca7d632|rpc:10.1.1.15:34357|dataStream:10.1.1.15:39647|priority:1|startupRole:FOLLOWER] with ContainerStateMachine:uninitialized
2023-02-28 20:08:29,774 [pool-127-thread-1] INFO  server.RaftServerConfigKeys (ConfUtils.java:logGet(46)) - raft.server.rpc.timeout.min = 5s (custom)
2023-02-28 20:08:29,774 [pool-127-thread-1] INFO  server.RaftServerConfigKeys (ConfUtils.java:logGet(46)) - raft.server.rpc.timeout.max = 5200ms (custom)
2023-02-28 20:08:29,774 [pool-127-thread-1] INFO  server.RaftServerConfigKeys (ConfUtils.java:logGet(46)) - raft.server.rpc.sleep.time = 25ms (default)
2023-02-28 20:08:29,774 [pool-127-thread-1] INFO  server.RaftServerConfigKeys (ConfUtils.java:logGet(46)) - raft.server.rpc.slowness.timeout = 300s (custom)
2023-02-28 20:08:29,774 [pool-127-thread-1] INFO  server.RaftServerConfigKeys (ConfUtils.java:logGet(46)) - raft.server.leaderelection.leader.step-down.wait-time = 10s (default)
2023-02-28 20:08:29,774 [pool-127-thread-1] INFO  server.RaftServerConfigKeys (ConfUtils.java:logGet(46)) - raft.server.sleep.deviation.threshold = 300ms (default)
2023-02-28 20:08:29,774 [pool-127-thread-1] INFO  server.RaftServer$Division (ServerState.java:<init>(118)) - d4f71ede-bed0-498f-9536-da00fca7d632@group-E3CFD3C613C5: ConfigurationManager, init=-1: peers:[f1fceee1-e839-4390-8ee1-a452674c18b3|rpc:10.1.1.15:46149|dataStream:10.1.1.15:36103|priority:0|startupRole:FOLLOWER, ce14290f-c11f-4031-993d-843363841a3d|rpc:10.1.1.15:36461|dataStream:10.1.1.15:35205|priority:0|startupRole:FOLLOWER, d4f71ede-bed0-498f-9536-da00fca7d632|rpc:10.1.1.15:34357|dataStream:10.1.1.15:39647|priority:1|startupRole:FOLLOWER]|listeners:[], old=null, confs=<EMPTY_MAP>
2023-02-28 20:08:29,774 [pool-127-thread-1] INFO  server.RaftServerConfigKeys (ConfUtils.java:logGet(46)) - raft.server.storage.dir = [/home/runner/work/ozone/ozone/hadoop-ozone/integration-test/target/test-dir/MiniOzoneClusterImpl-e7d671b1-06ed-40aa-a52b-2678dd5bab1b/datanode-0/data/ratis] (custom)
2023-02-28 20:08:29,774 [pool-127-thread-1] INFO  server.RaftServerConfigKeys (ConfUtils.java:logGet(46)) - raft.server.log.corruption.policy = EXCEPTION (default)
2023-02-28 20:08:29,774 [pool-127-thread-1] INFO  server.RaftServerConfigKeys (ConfUtils.java:logGet(46)) - raft.server.storage.free-space.min = 0MB (=0) (default)
2023-02-28 20:08:29,774 [pool-127-thread-1] INFO  server.RaftServerConfigKeys (ConfUtils.java:logGet(46)) - raft.server.notification.no-leader.timeout = 300s (custom)
2023-02-28 20:08:29,774 [pool-127-thread-1] INFO  server.RaftServerConfigKeys (ConfUtils.java:logGet(46)) - raft.server.retrycache.expirytime = 600000ms (custom)
2023-02-28 20:08:29,775 [pool-127-thread-1] INFO  server.RaftServerConfigKeys (ConfUtils.java:logGet(46)) - raft.server.retrycache.statistics.expirytime = 100μs (default)
2023-02-28 20:08:29,775 [pool-127-thread-1] INFO  server.RaftServerConfigKeys (ConfUtils.java:logGet(46)) - raft.server.log.appender.install.snapshot.enabled = false (custom)
2023-02-28 20:08:29,776 [pool-127-thread-1] INFO  server.RaftServerConfigKeys (ConfUtils.java:logGet(46)) - raft.server.threadpool.server.cached = true (default)
2023-02-28 20:08:29,776 [pool-127-thread-1] INFO  server.RaftServerConfigKeys (ConfUtils.java:logGet(46)) - raft.server.threadpool.server.size = 0 (default)
2023-02-28 20:08:29,776 [pool-127-thread-1] INFO  server.RaftServerConfigKeys (ConfUtils.java:logGet(46)) - raft.server.threadpool.client.cached = true (default)
2023-02-28 20:08:29,776 [pool-127-thread-1] INFO  server.RaftServerConfigKeys (ConfUtils.java:logGet(46)) - raft.server.threadpool.client.size = 0 (default)
2023-02-28 20:08:29,776 [pool-127-thread-1] INFO  storage.RaftStorageDirectory (RaftStorageDirectoryImpl.java:analyzeStorage(137)) - The storage directory /home/runner/work/ozone/ozone/hadoop-ozone/integration-test/target/test-dir/MiniOzoneClusterImpl-e7d671b1-06ed-40aa-a52b-2678dd5bab1b/datanode-0/data/ratis/94f44e2f-8a5f-4df8-be7b-e3cfd3c613c5 does not exist. Creating ...
2023-02-28 20:08:29,777 [pool-127-thread-1] INFO  storage.RaftStorageDirectory (RaftStorageDirectoryImpl.java:tryLock(231)) - Lock on /home/runner/work/ozone/ozone/hadoop-ozone/integration-test/target/test-dir/MiniOzoneClusterImpl-e7d671b1-06ed-40aa-a52b-2678dd5bab1b/datanode-0/data/ratis/94f44e2f-8a5f-4df8-be7b-e3cfd3c613c5/in_use.lock acquired by nodename 61155@fv-az399-334
2023-02-28 20:08:29,778 [pool-127-thread-1] INFO  storage.RaftStorage (RaftStorageImpl.java:format(96)) - Storage directory /home/runner/work/ozone/ozone/hadoop-ozone/integration-test/target/test-dir/MiniOzoneClusterImpl-e7d671b1-06ed-40aa-a52b-2678dd5bab1b/datanode-0/data/ratis/94f44e2f-8a5f-4df8-be7b-e3cfd3c613c5 has been successfully formatted.
2023-02-28 20:08:29,779 [pool-127-thread-1] INFO  ratis.ContainerStateMachine (ContainerStateMachine.java:loadSnapshot(240)) - group-E3CFD3C613C5: The snapshot info is null. Setting the last applied indexto:(t:0, i:~)
2023-02-28 20:08:29,779 [pool-127-thread-1] INFO  server.RaftServerConfigKeys (ConfUtils.java:logGet(46)) - raft.server.log.use.memory = false (default)
2023-02-28 20:08:29,779 [pool-127-thread-1] INFO  server.RaftServerConfigKeys (ConfUtils.java:logGet(46)) - raft.server.log.purge.gap = 1000000 (custom)
2023-02-28 20:08:29,779 [pool-127-thread-1] INFO  server.RaftServerConfigKeys (ConfUtils.java:logGet(46)) - raft.server.log.appender.buffer.byte-limit = 33554432 (custom)
2023-02-28 20:08:29,779 [pool-127-thread-1] INFO  server.RaftServerConfigKeys (ConfUtils.java:logGet(46)) - raft.server.log.statemachine.data.read.timeout = 1000ms (default)
2023-02-28 20:08:29,779 [pool-127-thread-1] INFO  server.RaftServerConfigKeys (ConfUtils.java:logGet(46)) - raft.server.log.purge.preservation.log.num = 0 (default)
2023-02-28 20:08:29,779 [pool-127-thread-1] INFO  server.RaftServerConfigKeys (ConfUtils.java:logGet(46)) - raft.server.log.segment.size.max = 1048576 (custom)
2023-02-28 20:08:29,781 [EventQueue-OpenPipelineForHealthyPipelineSafeModeRule] INFO  safemode.SCMSafeModeManager (HealthyPipelineSafeModeRule.java:process(137)) - SCM in safe mode. Healthy pipelines reported count is 0, required healthy pipeline reported count is 1
2023-02-28 20:08:29,782 [pool-127-thread-1] INFO  server.RaftServerConfigKeys (ConfUtils.java:logGet(46)) - raft.server.log.segment.cache.num.max = 2 (custom)
2023-02-28 20:08:29,782 [pool-127-thread-1] INFO  server.RaftServerConfigKeys (ConfUtils.java:logGet(46)) - raft.server.log.segment.cache.size.max = 200MB (=209715200) (default)
2023-02-28 20:08:29,782 [pool-127-thread-1] INFO  segmented.SegmentedRaftLogWorker (SegmentedRaftLogWorker.java:<init>(189)) - new d4f71ede-bed0-498f-9536-da00fca7d632@group-E3CFD3C613C5-SegmentedRaftLogWorker for RaftStorageImpl:Storage Directory /home/runner/work/ozone/ozone/hadoop-ozone/integration-test/target/test-dir/MiniOzoneClusterImpl-e7d671b1-06ed-40aa-a52b-2678dd5bab1b/datanode-0/data/ratis/94f44e2f-8a5f-4df8-be7b-e3cfd3c613c5
2023-02-28 20:08:29,783 [pool-127-thread-1] INFO  server.RaftServerConfigKeys (ConfUtils.java:logGet(46)) - raft.server.log.queue.byte-limit = 4294967296 (custom)
2023-02-28 20:08:29,783 [pool-127-thread-1] INFO  server.RaftServerConfigKeys (ConfUtils.java:logGet(46)) - raft.server.log.queue.element-limit = 1024 (custom)
2023-02-28 20:08:29,783 [pool-127-thread-1] INFO  server.RaftServerConfigKeys (ConfUtils.java:logGet(46)) - raft.server.log.segment.size.max = 1048576 (custom)
2023-02-28 20:08:29,783 [pool-127-thread-1] INFO  server.RaftServerConfigKeys (ConfUtils.java:logGet(46)) - raft.server.log.preallocated.size = 16384 (custom)
2023-02-28 20:08:29,783 [pool-127-thread-1] INFO  server.RaftServerConfigKeys (ConfUtils.java:logGet(46)) - raft.server.log.force.sync.num = 128 (default)
2023-02-28 20:08:29,783 [pool-127-thread-1] INFO  server.RaftServerConfigKeys (ConfUtils.java:logGet(46)) - raft.server.log.statemachine.data.sync = true (default)
2023-02-28 20:08:29,783 [pool-127-thread-1] INFO  server.RaftServerConfigKeys (ConfUtils.java:logGet(46)) - raft.server.log.statemachine.data.sync.timeout = 10s (default)
2023-02-28 20:08:29,783 [pool-127-thread-1] INFO  server.RaftServerConfigKeys (ConfUtils.java:logGet(46)) - raft.server.log.statemachine.data.sync.timeout.retry = -1 (default)
2023-02-28 20:08:29,785 [pool-127-thread-1] INFO  server.RaftServerConfigKeys (ConfUtils.java:logGet(46)) - raft.server.log.write.buffer.size = 1048576 (custom)
2023-02-28 20:08:29,785 [pool-127-thread-1] INFO  server.RaftServerConfigKeys (ConfUtils.java:logGet(46)) - raft.server.log.appender.buffer.byte-limit = 33554432 (custom)
2023-02-28 20:08:29,793 [pool-127-thread-1] INFO  server.RaftServerConfigKeys (ConfUtils.java:logGet(46)) - raft.server.log.unsafe-flush.enabled = false (default)
2023-02-28 20:08:29,793 [pool-127-thread-1] INFO  server.RaftServerConfigKeys (ConfUtils.java:logGet(46)) - raft.server.log.async-flush.enabled = false (default)
2023-02-28 20:08:29,793 [pool-127-thread-1] INFO  server.RaftServerConfigKeys (ConfUtils.java:logGet(46)) - raft.server.log.statemachine.data.caching.enabled = true (custom)
2023-02-28 20:08:29,793 [pool-127-thread-1] INFO  segmented.SegmentedRaftLogWorker (SegmentedRaftLogWorker.java:lambda$new$0(135)) - d4f71ede-bed0-498f-9536-da00fca7d632@group-E3CFD3C613C5-SegmentedRaftLogWorker: flushIndex: setUnconditionally 0 -> -1
2023-02-28 20:08:29,793 [pool-127-thread-1] INFO  segmented.SegmentedRaftLogWorker (SegmentedRaftLogWorker.java:lambda$new$0(135)) - d4f71ede-bed0-498f-9536-da00fca7d632@group-E3CFD3C613C5-SegmentedRaftLogWorker: safeCacheEvictIndex: setUnconditionally 0 -> -1
2023-02-28 20:08:29,794 [pool-127-thread-1] INFO  server.RaftServer$Division (RaftServerImpl.java:start(334)) - d4f71ede-bed0-498f-9536-da00fca7d632@group-E3CFD3C613C5: start as a follower, conf=-1: peers:[f1fceee1-e839-4390-8ee1-a452674c18b3|rpc:10.1.1.15:46149|dataStream:10.1.1.15:36103|priority:0|startupRole:FOLLOWER, ce14290f-c11f-4031-993d-843363841a3d|rpc:10.1.1.15:36461|dataStream:10.1.1.15:35205|priority:0|startupRole:FOLLOWER, d4f71ede-bed0-498f-9536-da00fca7d632|rpc:10.1.1.15:34357|dataStream:10.1.1.15:39647|priority:1|startupRole:FOLLOWER]|listeners:[], old=null
2023-02-28 20:08:29,794 [pool-127-thread-1] INFO  server.RaftServer$Division (RaftServerImpl.java:setRole(321)) - d4f71ede-bed0-498f-9536-da00fca7d632@group-E3CFD3C613C5: changes role from      null to FOLLOWER at term 0 for startAsFollower
2023-02-28 20:08:29,794 [pool-127-thread-1] INFO  impl.RoleInfo (RoleInfo.java:updateAndGet(139)) - d4f71ede-bed0-498f-9536-da00fca7d632: start d4f71ede-bed0-498f-9536-da00fca7d632@group-E3CFD3C613C5-FollowerState
2023-02-28 20:08:29,794 [d4f71ede-bed0-498f-9536-da00fca7d632@group-E3CFD3C613C5-FollowerState] INFO  server.RaftServerConfigKeys (ConfUtils.java:logFallback(53)) - raft.server.rpc.first-election.timeout.min = 5s (fallback to raft.server.rpc.timeout.min)
2023-02-28 20:08:29,795 [pool-127-thread-1] INFO  util.JmxRegister (JmxRegister.java:tryRegister(44)) - Successfully registered JMX Bean with object name Ratis:service=RaftServer,group=group-E3CFD3C613C5,id=d4f71ede-bed0-498f-9536-da00fca7d632
2023-02-28 20:08:29,795 [d4f71ede-bed0-498f-9536-da00fca7d632@group-E3CFD3C613C5-FollowerState] INFO  server.RaftServerConfigKeys (ConfUtils.java:logFallback(53)) - raft.server.rpc.first-election.timeout.max = 5200ms (fallback to raft.server.rpc.timeout.max)
2023-02-28 20:08:29,795 [pool-127-thread-1] INFO  server.RaftServerConfigKeys (ConfUtils.java:logGet(46)) - raft.server.snapshot.auto.trigger.enabled = true (custom)
2023-02-28 20:08:29,795 [pool-127-thread-1] INFO  server.RaftServerConfigKeys (ConfUtils.java:logGet(46)) - raft.server.snapshot.auto.trigger.threshold = 10000 (custom)
2023-02-28 20:08:29,796 [pool-127-thread-1] INFO  server.RaftServerConfigKeys (ConfUtils.java:logGet(46)) - raft.server.snapshot.retention.file.num = 5 (custom)
2023-02-28 20:08:29,796 [pool-127-thread-1] INFO  server.RaftServerConfigKeys (ConfUtils.java:logGet(46)) - raft.server.log.purge.upto.snapshot.index = false (default)
2023-02-28 20:08:29,796 [Command processor thread] INFO  ratis.XceiverServerRatis (XceiverServerRatis.java:addGroup(807)) - Created group PipelineID=94f44e2f-8a5f-4df8-be7b-e3cfd3c613c5
2023-02-28 20:08:29,813 [grpc-default-executor-2] INFO  server.RaftServer (RaftServerProxy.java:addNew(96)) - ce14290f-c11f-4031-993d-843363841a3d: addNew group-E3CFD3C613C5:[f1fceee1-e839-4390-8ee1-a452674c18b3|rpc:10.1.1.15:46149|dataStream:10.1.1.15:36103|priority:0|startupRole:FOLLOWER, ce14290f-c11f-4031-993d-843363841a3d|rpc:10.1.1.15:36461|dataStream:10.1.1.15:35205|priority:0|startupRole:FOLLOWER, d4f71ede-bed0-498f-9536-da00fca7d632|rpc:10.1.1.15:34357|dataStream:10.1.1.15:39647|priority:1|startupRole:FOLLOWER] returns group-E3CFD3C613C5:java.util.concurrent.CompletableFuture@437a89a0[Not completed]
2023-02-28 20:08:29,815 [pool-171-thread-1] INFO  server.RaftServer$Division (RaftServerImpl.java:<init>(195)) - ce14290f-c11f-4031-993d-843363841a3d: new RaftServerImpl for group-E3CFD3C613C5:[f1fceee1-e839-4390-8ee1-a452674c18b3|rpc:10.1.1.15:46149|dataStream:10.1.1.15:36103|priority:0|startupRole:FOLLOWER, ce14290f-c11f-4031-993d-843363841a3d|rpc:10.1.1.15:36461|dataStream:10.1.1.15:35205|priority:0|startupRole:FOLLOWER, d4f71ede-bed0-498f-9536-da00fca7d632|rpc:10.1.1.15:34357|dataStream:10.1.1.15:39647|priority:1|startupRole:FOLLOWER] with ContainerStateMachine:uninitialized
2023-02-28 20:08:29,815 [pool-171-thread-1] INFO  server.RaftServerConfigKeys (ConfUtils.java:logGet(46)) - raft.server.rpc.timeout.min = 5s (custom)
2023-02-28 20:08:29,815 [pool-171-thread-1] INFO  server.RaftServerConfigKeys (ConfUtils.java:logGet(46)) - raft.server.rpc.timeout.max = 5200ms (custom)
2023-02-28 20:08:29,815 [pool-171-thread-1] INFO  server.RaftServerConfigKeys (ConfUtils.java:logGet(46)) - raft.server.rpc.sleep.time = 25ms (default)
2023-02-28 20:08:29,815 [pool-171-thread-1] INFO  server.RaftServerConfigKeys (ConfUtils.java:logGet(46)) - raft.server.rpc.slowness.timeout = 300s (custom)
2023-02-28 20:08:29,815 [pool-171-thread-1] INFO  server.RaftServerConfigKeys (ConfUtils.java:logGet(46)) - raft.server.leaderelection.leader.step-down.wait-time = 10s (default)
2023-02-28 20:08:29,815 [pool-171-thread-1] INFO  server.RaftServerConfigKeys (ConfUtils.java:logGet(46)) - raft.server.sleep.deviation.threshold = 300ms (default)
2023-02-28 20:08:29,815 [pool-171-thread-1] INFO  server.RaftServer$Division (ServerState.java:<init>(118)) - ce14290f-c11f-4031-993d-843363841a3d@group-E3CFD3C613C5: ConfigurationManager, init=-1: peers:[f1fceee1-e839-4390-8ee1-a452674c18b3|rpc:10.1.1.15:46149|dataStream:10.1.1.15:36103|priority:0|startupRole:FOLLOWER, ce14290f-c11f-4031-993d-843363841a3d|rpc:10.1.1.15:36461|dataStream:10.1.1.15:35205|priority:0|startupRole:FOLLOWER, d4f71ede-bed0-498f-9536-da00fca7d632|rpc:10.1.1.15:34357|dataStream:10.1.1.15:39647|priority:1|startupRole:FOLLOWER]|listeners:[], old=null, confs=<EMPTY_MAP>
2023-02-28 20:08:29,815 [pool-171-thread-1] INFO  server.RaftServerConfigKeys (ConfUtils.java:logGet(46)) - raft.server.storage.dir = [/home/runner/work/ozone/ozone/hadoop-ozone/integration-test/target/test-dir/MiniOzoneClusterImpl-e7d671b1-06ed-40aa-a52b-2678dd5bab1b/datanode-2/data/ratis] (custom)
2023-02-28 20:08:29,815 [pool-171-thread-1] INFO  server.RaftServerConfigKeys (ConfUtils.java:logGet(46)) - raft.server.log.corruption.policy = EXCEPTION (default)
2023-02-28 20:08:29,815 [pool-171-thread-1] INFO  server.RaftServerConfigKeys (ConfUtils.java:logGet(46)) - raft.server.storage.free-space.min = 0MB (=0) (default)
2023-02-28 20:08:29,815 [pool-171-thread-1] INFO  server.RaftServerConfigKeys (ConfUtils.java:logGet(46)) - raft.server.notification.no-leader.timeout = 300s (custom)
2023-02-28 20:08:29,815 [pool-171-thread-1] INFO  server.RaftServerConfigKeys (ConfUtils.java:logGet(46)) - raft.server.retrycache.expirytime = 600000ms (custom)
2023-02-28 20:08:29,815 [pool-171-thread-1] INFO  server.RaftServerConfigKeys (ConfUtils.java:logGet(46)) - raft.server.retrycache.statistics.expirytime = 100μs (default)
2023-02-28 20:08:29,816 [pool-171-thread-1] INFO  server.RaftServerConfigKeys (ConfUtils.java:logGet(46)) - raft.server.log.appender.install.snapshot.enabled = false (custom)
2023-02-28 20:08:29,816 [pool-171-thread-1] INFO  server.RaftServerConfigKeys (ConfUtils.java:logGet(46)) - raft.server.threadpool.server.cached = true (default)
2023-02-28 20:08:29,816 [pool-171-thread-1] INFO  server.RaftServerConfigKeys (ConfUtils.java:logGet(46)) - raft.server.threadpool.server.size = 0 (default)
2023-02-28 20:08:29,816 [pool-171-thread-1] INFO  server.RaftServerConfigKeys (ConfUtils.java:logGet(46)) - raft.server.threadpool.client.cached = true (default)
2023-02-28 20:08:29,817 [pool-171-thread-1] INFO  server.RaftServerConfigKeys (ConfUtils.java:logGet(46)) - raft.server.threadpool.client.size = 0 (default)
2023-02-28 20:08:29,817 [pool-171-thread-1] INFO  storage.RaftStorageDirectory (RaftStorageDirectoryImpl.java:analyzeStorage(137)) - The storage directory /home/runner/work/ozone/ozone/hadoop-ozone/integration-test/target/test-dir/MiniOzoneClusterImpl-e7d671b1-06ed-40aa-a52b-2678dd5bab1b/datanode-2/data/ratis/94f44e2f-8a5f-4df8-be7b-e3cfd3c613c5 does not exist. Creating ...
2023-02-28 20:08:29,819 [pool-171-thread-1] INFO  storage.RaftStorageDirectory (RaftStorageDirectoryImpl.java:tryLock(231)) - Lock on /home/runner/work/ozone/ozone/hadoop-ozone/integration-test/target/test-dir/MiniOzoneClusterImpl-e7d671b1-06ed-40aa-a52b-2678dd5bab1b/datanode-2/data/ratis/94f44e2f-8a5f-4df8-be7b-e3cfd3c613c5/in_use.lock acquired by nodename 61155@fv-az399-334
2023-02-28 20:08:29,820 [pool-171-thread-1] INFO  storage.RaftStorage (RaftStorageImpl.java:format(96)) - Storage directory /home/runner/work/ozone/ozone/hadoop-ozone/integration-test/target/test-dir/MiniOzoneClusterImpl-e7d671b1-06ed-40aa-a52b-2678dd5bab1b/datanode-2/data/ratis/94f44e2f-8a5f-4df8-be7b-e3cfd3c613c5 has been successfully formatted.
2023-02-28 20:08:29,821 [pool-171-thread-1] INFO  ratis.ContainerStateMachine (ContainerStateMachine.java:loadSnapshot(240)) - group-E3CFD3C613C5: The snapshot info is null. Setting the last applied indexto:(t:0, i:~)
2023-02-28 20:08:29,821 [pool-171-thread-1] INFO  server.RaftServerConfigKeys (ConfUtils.java:logGet(46)) - raft.server.log.use.memory = false (default)
2023-02-28 20:08:29,822 [pool-171-thread-1] INFO  server.RaftServerConfigKeys (ConfUtils.java:logGet(46)) - raft.server.log.purge.gap = 1000000 (custom)
2023-02-28 20:08:29,822 [pool-171-thread-1] INFO  server.RaftServerConfigKeys (ConfUtils.java:logGet(46)) - raft.server.log.appender.buffer.byte-limit = 33554432 (custom)
2023-02-28 20:08:29,822 [pool-171-thread-1] INFO  server.RaftServerConfigKeys (ConfUtils.java:logGet(46)) - raft.server.log.statemachine.data.read.timeout = 1000ms (default)
2023-02-28 20:08:29,822 [pool-171-thread-1] INFO  server.RaftServerConfigKeys (ConfUtils.java:logGet(46)) - raft.server.log.purge.preservation.log.num = 0 (default)
2023-02-28 20:08:29,824 [pool-171-thread-1] INFO  server.RaftServerConfigKeys (ConfUtils.java:logGet(46)) - raft.server.log.segment.size.max = 1048576 (custom)
2023-02-28 20:08:29,824 [pool-171-thread-1] INFO  server.RaftServerConfigKeys (ConfUtils.java:logGet(46)) - raft.server.log.segment.cache.num.max = 2 (custom)
2023-02-28 20:08:29,824 [pool-171-thread-1] INFO  server.RaftServerConfigKeys (ConfUtils.java:logGet(46)) - raft.server.log.segment.cache.size.max = 200MB (=209715200) (default)
2023-02-28 20:08:29,824 [pool-171-thread-1] INFO  segmented.SegmentedRaftLogWorker (SegmentedRaftLogWorker.java:<init>(189)) - new ce14290f-c11f-4031-993d-843363841a3d@group-E3CFD3C613C5-SegmentedRaftLogWorker for RaftStorageImpl:Storage Directory /home/runner/work/ozone/ozone/hadoop-ozone/integration-test/target/test-dir/MiniOzoneClusterImpl-e7d671b1-06ed-40aa-a52b-2678dd5bab1b/datanode-2/data/ratis/94f44e2f-8a5f-4df8-be7b-e3cfd3c613c5
2023-02-28 20:08:29,824 [pool-171-thread-1] INFO  server.RaftServerConfigKeys (ConfUtils.java:logGet(46)) - raft.server.log.queue.byte-limit = 4294967296 (custom)
2023-02-28 20:08:29,824 [pool-171-thread-1] INFO  server.RaftServerConfigKeys (ConfUtils.java:logGet(46)) - raft.server.log.queue.element-limit = 1024 (custom)
2023-02-28 20:08:29,824 [pool-171-thread-1] INFO  server.RaftServerConfigKeys (ConfUtils.java:logGet(46)) - raft.server.log.segment.size.max = 1048576 (custom)
2023-02-28 20:08:29,824 [pool-171-thread-1] INFO  server.RaftServerConfigKeys (ConfUtils.java:logGet(46)) - raft.server.log.preallocated.size = 16384 (custom)
2023-02-28 20:08:29,825 [pool-171-thread-1] INFO  server.RaftServerConfigKeys (ConfUtils.java:logGet(46)) - raft.server.log.force.sync.num = 128 (default)
2023-02-28 20:08:29,825 [pool-171-thread-1] INFO  server.RaftServerConfigKeys (ConfUtils.java:logGet(46)) - raft.server.log.statemachine.data.sync = true (default)
2023-02-28 20:08:29,825 [pool-171-thread-1] INFO  server.RaftServerConfigKeys (ConfUtils.java:logGet(46)) - raft.server.log.statemachine.data.sync.timeout = 10s (default)
2023-02-28 20:08:29,825 [pool-171-thread-1] INFO  server.RaftServerConfigKeys (ConfUtils.java:logGet(46)) - raft.server.log.statemachine.data.sync.timeout.retry = -1 (default)
2023-02-28 20:08:29,825 [pool-171-thread-1] INFO  server.RaftServerConfigKeys (ConfUtils.java:logGet(46)) - raft.server.log.write.buffer.size = 1048576 (custom)
2023-02-28 20:08:29,826 [pool-171-thread-1] INFO  server.RaftServerConfigKeys (ConfUtils.java:logGet(46)) - raft.server.log.appender.buffer.byte-limit = 33554432 (custom)
2023-02-28 20:08:29,832 [pool-171-thread-1] INFO  server.RaftServerConfigKeys (ConfUtils.java:logGet(46)) - raft.server.log.unsafe-flush.enabled = false (default)
2023-02-28 20:08:29,833 [pool-171-thread-1] INFO  server.RaftServerConfigKeys (ConfUtils.java:logGet(46)) - raft.server.log.async-flush.enabled = false (default)
2023-02-28 20:08:29,833 [pool-171-thread-1] INFO  server.RaftServerConfigKeys (ConfUtils.java:logGet(46)) - raft.server.log.statemachine.data.caching.enabled = true (custom)
2023-02-28 20:08:29,833 [pool-171-thread-1] INFO  segmented.SegmentedRaftLogWorker (SegmentedRaftLogWorker.java:lambda$new$0(135)) - ce14290f-c11f-4031-993d-843363841a3d@group-E3CFD3C613C5-SegmentedRaftLogWorker: flushIndex: setUnconditionally 0 -> -1
2023-02-28 20:08:29,833 [pool-171-thread-1] INFO  segmented.SegmentedRaftLogWorker (SegmentedRaftLogWorker.java:lambda$new$0(135)) - ce14290f-c11f-4031-993d-843363841a3d@group-E3CFD3C613C5-SegmentedRaftLogWorker: safeCacheEvictIndex: setUnconditionally 0 -> -1
2023-02-28 20:08:29,834 [pool-171-thread-1] INFO  server.RaftServer$Division (RaftServerImpl.java:start(334)) - ce14290f-c11f-4031-993d-843363841a3d@group-E3CFD3C613C5: start as a follower, conf=-1: peers:[f1fceee1-e839-4390-8ee1-a452674c18b3|rpc:10.1.1.15:46149|dataStream:10.1.1.15:36103|priority:0|startupRole:FOLLOWER, ce14290f-c11f-4031-993d-843363841a3d|rpc:10.1.1.15:36461|dataStream:10.1.1.15:35205|priority:0|startupRole:FOLLOWER, d4f71ede-bed0-498f-9536-da00fca7d632|rpc:10.1.1.15:34357|dataStream:10.1.1.15:39647|priority:1|startupRole:FOLLOWER]|listeners:[], old=null
2023-02-28 20:08:29,834 [pool-171-thread-1] INFO  server.RaftServer$Division (RaftServerImpl.java:setRole(321)) - ce14290f-c11f-4031-993d-843363841a3d@group-E3CFD3C613C5: changes role from      null to FOLLOWER at term 0 for startAsFollower
2023-02-28 20:08:29,834 [pool-171-thread-1] INFO  impl.RoleInfo (RoleInfo.java:updateAndGet(139)) - ce14290f-c11f-4031-993d-843363841a3d: start ce14290f-c11f-4031-993d-843363841a3d@group-E3CFD3C613C5-FollowerState
2023-02-28 20:08:29,838 [pool-171-thread-1] INFO  util.JmxRegister (JmxRegister.java:tryRegister(44)) - Successfully registered JMX Bean with object name Ratis:service=RaftServer,group=group-E3CFD3C613C5,id=ce14290f-c11f-4031-993d-843363841a3d
2023-02-28 20:08:29,838 [pool-171-thread-1] INFO  server.RaftServerConfigKeys (ConfUtils.java:logGet(46)) - raft.server.snapshot.auto.trigger.enabled = true (custom)
2023-02-28 20:08:29,838 [pool-171-thread-1] INFO  server.RaftServerConfigKeys (ConfUtils.java:logGet(46)) - raft.server.snapshot.auto.trigger.threshold = 10000 (custom)
2023-02-28 20:08:29,838 [pool-171-thread-1] INFO  server.RaftServerConfigKeys (ConfUtils.java:logGet(46)) - raft.server.snapshot.retention.file.num = 5 (custom)
2023-02-28 20:08:29,838 [pool-171-thread-1] INFO  server.RaftServerConfigKeys (ConfUtils.java:logGet(46)) - raft.server.log.purge.upto.snapshot.index = false (default)
2023-02-28 20:08:29,840 [ce14290f-c11f-4031-993d-843363841a3d@group-E3CFD3C613C5-FollowerState] INFO  server.RaftServerConfigKeys (ConfUtils.java:logFallback(53)) - raft.server.rpc.first-election.timeout.min = 5s (fallback to raft.server.rpc.timeout.min)
2023-02-28 20:08:29,843 [ce14290f-c11f-4031-993d-843363841a3d@group-E3CFD3C613C5-FollowerState] INFO  server.RaftServerConfigKeys (ConfUtils.java:logFallback(53)) - raft.server.rpc.first-election.timeout.max = 5200ms (fallback to raft.server.rpc.timeout.max)
2023-02-28 20:08:29,860 [grpc-default-executor-2] INFO  server.RaftServer (RaftServerProxy.java:addNew(96)) - f1fceee1-e839-4390-8ee1-a452674c18b3: addNew group-E3CFD3C613C5:[f1fceee1-e839-4390-8ee1-a452674c18b3|rpc:10.1.1.15:46149|dataStream:10.1.1.15:36103|priority:0|startupRole:FOLLOWER, ce14290f-c11f-4031-993d-843363841a3d|rpc:10.1.1.15:36461|dataStream:10.1.1.15:35205|priority:0|startupRole:FOLLOWER, d4f71ede-bed0-498f-9536-da00fca7d632|rpc:10.1.1.15:34357|dataStream:10.1.1.15:39647|priority:1|startupRole:FOLLOWER] returns group-E3CFD3C613C5:java.util.concurrent.CompletableFuture@283efd5f[Not completed]
2023-02-28 20:08:29,861 [pool-149-thread-1] INFO  server.RaftServer$Division (RaftServerImpl.java:<init>(195)) - f1fceee1-e839-4390-8ee1-a452674c18b3: new RaftServerImpl for group-E3CFD3C613C5:[f1fceee1-e839-4390-8ee1-a452674c18b3|rpc:10.1.1.15:46149|dataStream:10.1.1.15:36103|priority:0|startupRole:FOLLOWER, ce14290f-c11f-4031-993d-843363841a3d|rpc:10.1.1.15:36461|dataStream:10.1.1.15:35205|priority:0|startupRole:FOLLOWER, d4f71ede-bed0-498f-9536-da00fca7d632|rpc:10.1.1.15:34357|dataStream:10.1.1.15:39647|priority:1|startupRole:FOLLOWER] with ContainerStateMachine:uninitialized
2023-02-28 20:08:29,861 [pool-149-thread-1] INFO  server.RaftServerConfigKeys (ConfUtils.java:logGet(46)) - raft.server.rpc.timeout.min = 5s (custom)
2023-02-28 20:08:29,861 [pool-149-thread-1] INFO  server.RaftServerConfigKeys (ConfUtils.java:logGet(46)) - raft.server.rpc.timeout.max = 5200ms (custom)
2023-02-28 20:08:29,861 [pool-149-thread-1] INFO  server.RaftServerConfigKeys (ConfUtils.java:logGet(46)) - raft.server.rpc.sleep.time = 25ms (default)
2023-02-28 20:08:29,862 [pool-149-thread-1] INFO  server.RaftServerConfigKeys (ConfUtils.java:logGet(46)) - raft.server.rpc.slowness.timeout = 300s (custom)
2023-02-28 20:08:29,862 [pool-149-thread-1] INFO  server.RaftServerConfigKeys (ConfUtils.java:logGet(46)) - raft.server.leaderelection.leader.step-down.wait-time = 10s (default)
2023-02-28 20:08:29,862 [pool-149-thread-1] INFO  server.RaftServerConfigKeys (ConfUtils.java:logGet(46)) - raft.server.sleep.deviation.threshold = 300ms (default)
2023-02-28 20:08:29,862 [pool-149-thread-1] INFO  server.RaftServer$Division (ServerState.java:<init>(118)) - f1fceee1-e839-4390-8ee1-a452674c18b3@group-E3CFD3C613C5: ConfigurationManager, init=-1: peers:[f1fceee1-e839-4390-8ee1-a452674c18b3|rpc:10.1.1.15:46149|dataStream:10.1.1.15:36103|priority:0|startupRole:FOLLOWER, ce14290f-c11f-4031-993d-843363841a3d|rpc:10.1.1.15:36461|dataStream:10.1.1.15:35205|priority:0|startupRole:FOLLOWER, d4f71ede-bed0-498f-9536-da00fca7d632|rpc:10.1.1.15:34357|dataStream:10.1.1.15:39647|priority:1|startupRole:FOLLOWER]|listeners:[], old=null, confs=<EMPTY_MAP>
2023-02-28 20:08:29,862 [pool-149-thread-1] INFO  server.RaftServerConfigKeys (ConfUtils.java:logGet(46)) - raft.server.storage.dir = [/home/runner/work/ozone/ozone/hadoop-ozone/integration-test/target/test-dir/MiniOzoneClusterImpl-e7d671b1-06ed-40aa-a52b-2678dd5bab1b/datanode-1/data/ratis] (custom)
2023-02-28 20:08:29,862 [pool-149-thread-1] INFO  server.RaftServerConfigKeys (ConfUtils.java:logGet(46)) - raft.server.log.corruption.policy = EXCEPTION (default)
2023-02-28 20:08:29,862 [pool-149-thread-1] INFO  server.RaftServerConfigKeys (ConfUtils.java:logGet(46)) - raft.server.storage.free-space.min = 0MB (=0) (default)
2023-02-28 20:08:29,862 [pool-149-thread-1] INFO  server.RaftServerConfigKeys (ConfUtils.java:logGet(46)) - raft.server.notification.no-leader.timeout = 300s (custom)
2023-02-28 20:08:29,862 [pool-149-thread-1] INFO  server.RaftServerConfigKeys (ConfUtils.java:logGet(46)) - raft.server.retrycache.expirytime = 600000ms (custom)
2023-02-28 20:08:29,862 [pool-149-thread-1] INFO  server.RaftServerConfigKeys (ConfUtils.java:logGet(46)) - raft.server.retrycache.statistics.expirytime = 100μs (default)
2023-02-28 20:08:29,863 [pool-149-thread-1] INFO  server.RaftServerConfigKeys (ConfUtils.java:logGet(46)) - raft.server.log.appender.install.snapshot.enabled = false (custom)
2023-02-28 20:08:29,863 [pool-149-thread-1] INFO  server.RaftServerConfigKeys (ConfUtils.java:logGet(46)) - raft.server.threadpool.server.cached = true (default)
2023-02-28 20:08:29,863 [pool-149-thread-1] INFO  server.RaftServerConfigKeys (ConfUtils.java:logGet(46)) - raft.server.threadpool.server.size = 0 (default)
2023-02-28 20:08:29,863 [pool-149-thread-1] INFO  server.RaftServerConfigKeys (ConfUtils.java:logGet(46)) - raft.server.threadpool.client.cached = true (default)
2023-02-28 20:08:29,863 [pool-149-thread-1] INFO  server.RaftServerConfigKeys (ConfUtils.java:logGet(46)) - raft.server.threadpool.client.size = 0 (default)
2023-02-28 20:08:29,863 [pool-149-thread-1] INFO  storage.RaftStorageDirectory (RaftStorageDirectoryImpl.java:analyzeStorage(137)) - The storage directory /home/runner/work/ozone/ozone/hadoop-ozone/integration-test/target/test-dir/MiniOzoneClusterImpl-e7d671b1-06ed-40aa-a52b-2678dd5bab1b/datanode-1/data/ratis/94f44e2f-8a5f-4df8-be7b-e3cfd3c613c5 does not exist. Creating ...
2023-02-28 20:08:29,864 [pool-149-thread-1] INFO  storage.RaftStorageDirectory (RaftStorageDirectoryImpl.java:tryLock(231)) - Lock on /home/runner/work/ozone/ozone/hadoop-ozone/integration-test/target/test-dir/MiniOzoneClusterImpl-e7d671b1-06ed-40aa-a52b-2678dd5bab1b/datanode-1/data/ratis/94f44e2f-8a5f-4df8-be7b-e3cfd3c613c5/in_use.lock acquired by nodename 61155@fv-az399-334
2023-02-28 20:08:29,865 [pool-149-thread-1] INFO  storage.RaftStorage (RaftStorageImpl.java:format(96)) - Storage directory /home/runner/work/ozone/ozone/hadoop-ozone/integration-test/target/test-dir/MiniOzoneClusterImpl-e7d671b1-06ed-40aa-a52b-2678dd5bab1b/datanode-1/data/ratis/94f44e2f-8a5f-4df8-be7b-e3cfd3c613c5 has been successfully formatted.
2023-02-28 20:08:29,866 [pool-149-thread-1] INFO  ratis.ContainerStateMachine (ContainerStateMachine.java:loadSnapshot(240)) - group-E3CFD3C613C5: The snapshot info is null. Setting the last applied indexto:(t:0, i:~)
2023-02-28 20:08:29,866 [pool-149-thread-1] INFO  server.RaftServerConfigKeys (ConfUtils.java:logGet(46)) - raft.server.log.use.memory = false (default)
2023-02-28 20:08:29,866 [pool-149-thread-1] INFO  server.RaftServerConfigKeys (ConfUtils.java:logGet(46)) - raft.server.log.purge.gap = 1000000 (custom)
2023-02-28 20:08:29,866 [pool-149-thread-1] INFO  server.RaftServerConfigKeys (ConfUtils.java:logGet(46)) - raft.server.log.appender.buffer.byte-limit = 33554432 (custom)
2023-02-28 20:08:29,866 [pool-149-thread-1] INFO  server.RaftServerConfigKeys (ConfUtils.java:logGet(46)) - raft.server.log.statemachine.data.read.timeout = 1000ms (default)
2023-02-28 20:08:29,866 [pool-149-thread-1] INFO  server.RaftServerConfigKeys (ConfUtils.java:logGet(46)) - raft.server.log.purge.preservation.log.num = 0 (default)
2023-02-28 20:08:29,867 [pool-149-thread-1] INFO  server.RaftServerConfigKeys (ConfUtils.java:logGet(46)) - raft.server.log.segment.size.max = 1048576 (custom)
2023-02-28 20:08:29,868 [Command processor thread] INFO  server.RaftServer (RaftServerProxy.java:addNew(96)) - f1fceee1-e839-4390-8ee1-a452674c18b3: addNew group-EDD877C83533:[f1fceee1-e839-4390-8ee1-a452674c18b3|rpc:10.1.1.15:46149|dataStream:10.1.1.15:36103|priority:1|startupRole:FOLLOWER] returns group-EDD877C83533:java.util.concurrent.CompletableFuture@13bb5836[Not completed]
2023-02-28 20:08:29,870 [pool-149-thread-1] INFO  server.RaftServerConfigKeys (ConfUtils.java:logGet(46)) - raft.server.log.segment.cache.num.max = 2 (custom)
2023-02-28 20:08:29,870 [pool-149-thread-1] INFO  server.RaftServerConfigKeys (ConfUtils.java:logGet(46)) - raft.server.log.segment.cache.size.max = 200MB (=209715200) (default)
2023-02-28 20:08:29,870 [pool-149-thread-1] INFO  segmented.SegmentedRaftLogWorker (SegmentedRaftLogWorker.java:<init>(189)) - new f1fceee1-e839-4390-8ee1-a452674c18b3@group-E3CFD3C613C5-SegmentedRaftLogWorker for RaftStorageImpl:Storage Directory /home/runner/work/ozone/ozone/hadoop-ozone/integration-test/target/test-dir/MiniOzoneClusterImpl-e7d671b1-06ed-40aa-a52b-2678dd5bab1b/datanode-1/data/ratis/94f44e2f-8a5f-4df8-be7b-e3cfd3c613c5
2023-02-28 20:08:29,870 [pool-149-thread-1] INFO  server.RaftServerConfigKeys (ConfUtils.java:logGet(46)) - raft.server.log.queue.byte-limit = 4294967296 (custom)
2023-02-28 20:08:29,870 [pool-149-thread-1] INFO  server.RaftServerConfigKeys (ConfUtils.java:logGet(46)) - raft.server.log.queue.element-limit = 1024 (custom)
2023-02-28 20:08:29,870 [pool-149-thread-1] INFO  server.RaftServerConfigKeys (ConfUtils.java:logGet(46)) - raft.server.log.segment.size.max = 1048576 (custom)
2023-02-28 20:08:29,870 [pool-149-thread-1] INFO  server.RaftServerConfigKeys (ConfUtils.java:logGet(46)) - raft.server.log.preallocated.size = 16384 (custom)
2023-02-28 20:08:29,870 [pool-149-thread-1] INFO  server.RaftServerConfigKeys (ConfUtils.java:logGet(46)) - raft.server.log.force.sync.num = 128 (default)
2023-02-28 20:08:29,870 [pool-149-thread-1] INFO  server.RaftServerConfigKeys (ConfUtils.java:logGet(46)) - raft.server.log.statemachine.data.sync = true (default)
2023-02-28 20:08:29,870 [pool-149-thread-1] INFO  server.RaftServerConfigKeys (ConfUtils.java:logGet(46)) - raft.server.log.statemachine.data.sync.timeout = 10s (default)
2023-02-28 20:08:29,870 [pool-149-thread-1] INFO  server.RaftServerConfigKeys (ConfUtils.java:logGet(46)) - raft.server.log.statemachine.data.sync.timeout.retry = -1 (default)
2023-02-28 20:08:29,871 [pool-149-thread-1] INFO  server.RaftServerConfigKeys (ConfUtils.java:logGet(46)) - raft.server.log.write.buffer.size = 1048576 (custom)
2023-02-28 20:08:29,871 [pool-149-thread-1] INFO  server.RaftServerConfigKeys (ConfUtils.java:logGet(46)) - raft.server.log.appender.buffer.byte-limit = 33554432 (custom)
2023-02-28 20:08:29,876 [pool-149-thread-1] INFO  server.RaftServerConfigKeys (ConfUtils.java:logGet(46)) - raft.server.log.unsafe-flush.enabled = false (default)
2023-02-28 20:08:29,876 [pool-149-thread-1] INFO  server.RaftServerConfigKeys (ConfUtils.java:logGet(46)) - raft.server.log.async-flush.enabled = false (default)
2023-02-28 20:08:29,876 [pool-149-thread-1] INFO  server.RaftServerConfigKeys (ConfUtils.java:logGet(46)) - raft.server.log.statemachine.data.caching.enabled = true (custom)
2023-02-28 20:08:29,877 [pool-149-thread-1] INFO  segmented.SegmentedRaftLogWorker (SegmentedRaftLogWorker.java:lambda$new$0(135)) - f1fceee1-e839-4390-8ee1-a452674c18b3@group-E3CFD3C613C5-SegmentedRaftLogWorker: flushIndex: setUnconditionally 0 -> -1
2023-02-28 20:08:29,877 [pool-149-thread-1] INFO  segmented.SegmentedRaftLogWorker (SegmentedRaftLogWorker.java:lambda$new$0(135)) - f1fceee1-e839-4390-8ee1-a452674c18b3@group-E3CFD3C613C5-SegmentedRaftLogWorker: safeCacheEvictIndex: setUnconditionally 0 -> -1
2023-02-28 20:08:29,877 [pool-149-thread-1] INFO  server.RaftServer$Division (RaftServerImpl.java:start(334)) - f1fceee1-e839-4390-8ee1-a452674c18b3@group-E3CFD3C613C5: start as a follower, conf=-1: peers:[f1fceee1-e839-4390-8ee1-a452674c18b3|rpc:10.1.1.15:46149|dataStream:10.1.1.15:36103|priority:0|startupRole:FOLLOWER, ce14290f-c11f-4031-993d-843363841a3d|rpc:10.1.1.15:36461|dataStream:10.1.1.15:35205|priority:0|startupRole:FOLLOWER, d4f71ede-bed0-498f-9536-da00fca7d632|rpc:10.1.1.15:34357|dataStream:10.1.1.15:39647|priority:1|startupRole:FOLLOWER]|listeners:[], old=null
2023-02-28 20:08:29,877 [pool-149-thread-1] INFO  server.RaftServer$Division (RaftServerImpl.java:setRole(321)) - f1fceee1-e839-4390-8ee1-a452674c18b3@group-E3CFD3C613C5: changes role from      null to FOLLOWER at term 0 for startAsFollower
2023-02-28 20:08:29,877 [pool-149-thread-1] INFO  impl.RoleInfo (RoleInfo.java:updateAndGet(139)) - f1fceee1-e839-4390-8ee1-a452674c18b3: start f1fceee1-e839-4390-8ee1-a452674c18b3@group-E3CFD3C613C5-FollowerState
2023-02-28 20:08:29,878 [pool-149-thread-1] INFO  util.JmxRegister (JmxRegister.java:tryRegister(44)) - Successfully registered JMX Bean with object name Ratis:service=RaftServer,group=group-E3CFD3C613C5,id=f1fceee1-e839-4390-8ee1-a452674c18b3
2023-02-28 20:08:29,878 [pool-149-thread-1] INFO  server.RaftServerConfigKeys (ConfUtils.java:logGet(46)) - raft.server.snapshot.auto.trigger.enabled = true (custom)
2023-02-28 20:08:29,878 [pool-149-thread-1] INFO  server.RaftServerConfigKeys (ConfUtils.java:logGet(46)) - raft.server.snapshot.auto.trigger.threshold = 10000 (custom)
2023-02-28 20:08:29,879 [pool-149-thread-1] INFO  server.RaftServerConfigKeys (ConfUtils.java:logGet(46)) - raft.server.snapshot.retention.file.num = 5 (custom)
2023-02-28 20:08:29,879 [pool-149-thread-1] INFO  server.RaftServerConfigKeys (ConfUtils.java:logGet(46)) - raft.server.log.purge.upto.snapshot.index = false (default)
2023-02-28 20:08:29,879 [f1fceee1-e839-4390-8ee1-a452674c18b3@group-E3CFD3C613C5-FollowerState] INFO  server.RaftServerConfigKeys (ConfUtils.java:logFallback(53)) - raft.server.rpc.first-election.timeout.min = 5s (fallback to raft.server.rpc.timeout.min)
2023-02-28 20:08:29,888 [pool-149-thread-1] INFO  server.RaftServer$Division (RaftServerImpl.java:<init>(195)) - f1fceee1-e839-4390-8ee1-a452674c18b3: new RaftServerImpl for group-EDD877C83533:[f1fceee1-e839-4390-8ee1-a452674c18b3|rpc:10.1.1.15:46149|dataStream:10.1.1.15:36103|priority:1|startupRole:FOLLOWER] with ContainerStateMachine:uninitialized
2023-02-28 20:08:29,889 [pool-149-thread-1] INFO  server.RaftServerConfigKeys (ConfUtils.java:logGet(46)) - raft.server.rpc.timeout.min = 5s (custom)
2023-02-28 20:08:29,889 [pool-149-thread-1] INFO  server.RaftServerConfigKeys (ConfUtils.java:logGet(46)) - raft.server.rpc.timeout.max = 5200ms (custom)
2023-02-28 20:08:29,889 [pool-149-thread-1] INFO  server.RaftServerConfigKeys (ConfUtils.java:logGet(46)) - raft.server.rpc.sleep.time = 25ms (default)
2023-02-28 20:08:29,889 [pool-149-thread-1] INFO  server.RaftServerConfigKeys (ConfUtils.java:logGet(46)) - raft.server.rpc.slowness.timeout = 300s (custom)
2023-02-28 20:08:29,889 [pool-149-thread-1] INFO  server.RaftServerConfigKeys (ConfUtils.java:logGet(46)) - raft.server.leaderelection.leader.step-down.wait-time = 10s (default)
2023-02-28 20:08:29,889 [pool-149-thread-1] INFO  server.RaftServerConfigKeys (ConfUtils.java:logGet(46)) - raft.server.sleep.deviation.threshold = 300ms (default)
2023-02-28 20:08:29,889 [pool-149-thread-1] INFO  server.RaftServer$Division (ServerState.java:<init>(118)) - f1fceee1-e839-4390-8ee1-a452674c18b3@group-EDD877C83533: ConfigurationManager, init=-1: peers:[f1fceee1-e839-4390-8ee1-a452674c18b3|rpc:10.1.1.15:46149|dataStream:10.1.1.15:36103|priority:1|startupRole:FOLLOWER]|listeners:[], old=null, confs=<EMPTY_MAP>
2023-02-28 20:08:29,890 [pool-149-thread-1] INFO  server.RaftServerConfigKeys (ConfUtils.java:logGet(46)) - raft.server.storage.dir = [/home/runner/work/ozone/ozone/hadoop-ozone/integration-test/target/test-dir/MiniOzoneClusterImpl-e7d671b1-06ed-40aa-a52b-2678dd5bab1b/datanode-1/data/ratis] (custom)
2023-02-28 20:08:29,890 [pool-149-thread-1] INFO  server.RaftServerConfigKeys (ConfUtils.java:logGet(46)) - raft.server.log.corruption.policy = EXCEPTION (default)
2023-02-28 20:08:29,890 [pool-149-thread-1] INFO  server.RaftServerConfigKeys (ConfUtils.java:logGet(46)) - raft.server.storage.free-space.min = 0MB (=0) (default)
2023-02-28 20:08:29,891 [pool-149-thread-1] INFO  server.RaftServerConfigKeys (ConfUtils.java:logGet(46)) - raft.server.notification.no-leader.timeout = 300s (custom)
2023-02-28 20:08:29,891 [pool-149-thread-1] INFO  server.RaftServerConfigKeys (ConfUtils.java:logGet(46)) - raft.server.retrycache.expirytime = 600000ms (custom)
2023-02-28 20:08:29,891 [pool-149-thread-1] INFO  server.RaftServerConfigKeys (ConfUtils.java:logGet(46)) - raft.server.retrycache.statistics.expirytime = 100μs (default)
2023-02-28 20:08:29,892 [pool-149-thread-1] INFO  server.RaftServerConfigKeys (ConfUtils.java:logGet(46)) - raft.server.log.appender.install.snapshot.enabled = false (custom)
2023-02-28 20:08:29,892 [pool-149-thread-1] INFO  server.RaftServerConfigKeys (ConfUtils.java:logGet(46)) - raft.server.threadpool.server.cached = true (default)
2023-02-28 20:08:29,892 [pool-149-thread-1] INFO  server.RaftServerConfigKeys (ConfUtils.java:logGet(46)) - raft.server.threadpool.server.size = 0 (default)
2023-02-28 20:08:29,892 [pool-149-thread-1] INFO  server.RaftServerConfigKeys (ConfUtils.java:logGet(46)) - raft.server.threadpool.client.cached = true (default)
2023-02-28 20:08:29,892 [pool-149-thread-1] INFO  server.RaftServerConfigKeys (ConfUtils.java:logGet(46)) - raft.server.threadpool.client.size = 0 (default)
2023-02-28 20:08:29,892 [pool-149-thread-1] INFO  storage.RaftStorageDirectory (RaftStorageDirectoryImpl.java:analyzeStorage(137)) - The storage directory /home/runner/work/ozone/ozone/hadoop-ozone/integration-test/target/test-dir/MiniOzoneClusterImpl-e7d671b1-06ed-40aa-a52b-2678dd5bab1b/datanode-1/data/ratis/23247afd-4b51-48a9-b029-edd877c83533 does not exist. Creating ...
2023-02-28 20:08:29,893 [f1fceee1-e839-4390-8ee1-a452674c18b3@group-E3CFD3C613C5-FollowerState] INFO  server.RaftServerConfigKeys (ConfUtils.java:logFallback(53)) - raft.server.rpc.first-election.timeout.max = 5200ms (fallback to raft.server.rpc.timeout.max)
2023-02-28 20:08:29,894 [pool-149-thread-1] INFO  storage.RaftStorageDirectory (RaftStorageDirectoryImpl.java:tryLock(231)) - Lock on /home/runner/work/ozone/ozone/hadoop-ozone/integration-test/target/test-dir/MiniOzoneClusterImpl-e7d671b1-06ed-40aa-a52b-2678dd5bab1b/datanode-1/data/ratis/23247afd-4b51-48a9-b029-edd877c83533/in_use.lock acquired by nodename 61155@fv-az399-334
2023-02-28 20:08:29,896 [Command processor thread] INFO  commandhandler.CreatePipelineCommandHandler (CreatePipelineCommandHandler.java:handle(113)) - Created Pipeline RATIS THREE PipelineID=94f44e2f-8a5f-4df8-be7b-e3cfd3c613c5.
2023-02-28 20:08:29,896 [pool-149-thread-1] INFO  storage.RaftStorage (RaftStorageImpl.java:format(96)) - Storage directory /home/runner/work/ozone/ozone/hadoop-ozone/integration-test/target/test-dir/MiniOzoneClusterImpl-e7d671b1-06ed-40aa-a52b-2678dd5bab1b/datanode-1/data/ratis/23247afd-4b51-48a9-b029-edd877c83533 has been successfully formatted.
2023-02-28 20:08:29,897 [pool-149-thread-1] INFO  ratis.ContainerStateMachine (ContainerStateMachine.java:loadSnapshot(240)) - group-EDD877C83533: The snapshot info is null. Setting the last applied indexto:(t:0, i:~)
2023-02-28 20:08:29,897 [pool-149-thread-1] INFO  server.RaftServerConfigKeys (ConfUtils.java:logGet(46)) - raft.server.log.use.memory = false (default)
2023-02-28 20:08:29,897 [pool-149-thread-1] INFO  server.RaftServerConfigKeys (ConfUtils.java:logGet(46)) - raft.server.log.purge.gap = 1000000 (custom)
2023-02-28 20:08:29,897 [pool-149-thread-1] INFO  server.RaftServerConfigKeys (ConfUtils.java:logGet(46)) - raft.server.log.appender.buffer.byte-limit = 33554432 (custom)
2023-02-28 20:08:29,897 [pool-149-thread-1] INFO  server.RaftServerConfigKeys (ConfUtils.java:logGet(46)) - raft.server.log.statemachine.data.read.timeout = 1000ms (default)
2023-02-28 20:08:29,897 [pool-149-thread-1] INFO  server.RaftServerConfigKeys (ConfUtils.java:logGet(46)) - raft.server.log.purge.preservation.log.num = 0 (default)
2023-02-28 20:08:29,900 [EventQueue-PipelineReportForPipelineReportHandler] INFO  pipeline.PipelineManagerImpl (PipelineManagerImpl.java:openPipeline(367)) - Pipeline Pipeline[ Id: 23247afd-4b51-48a9-b029-edd877c83533, Nodes: f1fceee1-e839-4390-8ee1-a452674c18b3(fv-az399-334/10.1.1.15), ReplicationConfig: RATIS/ONE, State:ALLOCATED, leaderId:f1fceee1-e839-4390-8ee1-a452674c18b3, CreationTimestamp2023-02-28T20:08:26.871Z[Etc/UTC]] moved to OPEN state
2023-02-28 20:08:29,901 [EventQueue-OpenPipelineForHealthyPipelineSafeModeRule] INFO  safemode.SCMSafeModeManager (HealthyPipelineSafeModeRule.java:process(137)) - SCM in safe mode. Healthy pipelines reported count is 0, required healthy pipeline reported count is 1
2023-02-28 20:08:29,904 [pool-149-thread-1] INFO  server.RaftServerConfigKeys (ConfUtils.java:logGet(46)) - raft.server.log.segment.size.max = 1048576 (custom)
2023-02-28 20:08:29,904 [pool-149-thread-1] INFO  server.RaftServerConfigKeys (ConfUtils.java:logGet(46)) - raft.server.log.segment.cache.num.max = 2 (custom)
2023-02-28 20:08:29,904 [pool-149-thread-1] INFO  server.RaftServerConfigKeys (ConfUtils.java:logGet(46)) - raft.server.log.segment.cache.size.max = 200MB (=209715200) (default)
2023-02-28 20:08:29,904 [pool-149-thread-1] INFO  segmented.SegmentedRaftLogWorker (SegmentedRaftLogWorker.java:<init>(189)) - new f1fceee1-e839-4390-8ee1-a452674c18b3@group-EDD877C83533-SegmentedRaftLogWorker for RaftStorageImpl:Storage Directory /home/runner/work/ozone/ozone/hadoop-ozone/integration-test/target/test-dir/MiniOzoneClusterImpl-e7d671b1-06ed-40aa-a52b-2678dd5bab1b/datanode-1/data/ratis/23247afd-4b51-48a9-b029-edd877c83533
2023-02-28 20:08:29,904 [pool-149-thread-1] INFO  server.RaftServerConfigKeys (ConfUtils.java:logGet(46)) - raft.server.log.queue.byte-limit = 4294967296 (custom)
2023-02-28 20:08:29,904 [pool-149-thread-1] INFO  server.RaftServerConfigKeys (ConfUtils.java:logGet(46)) - raft.server.log.queue.element-limit = 1024 (custom)
2023-02-28 20:08:29,904 [pool-149-thread-1] INFO  server.RaftServerConfigKeys (ConfUtils.java:logGet(46)) - raft.server.log.segment.size.max = 1048576 (custom)
2023-02-28 20:08:29,905 [pool-149-thread-1] INFO  server.RaftServerConfigKeys (ConfUtils.java:logGet(46)) - raft.server.log.preallocated.size = 16384 (custom)
2023-02-28 20:08:29,905 [pool-149-thread-1] INFO  server.RaftServerConfigKeys (ConfUtils.java:logGet(46)) - raft.server.log.force.sync.num = 128 (default)
2023-02-28 20:08:29,905 [pool-149-thread-1] INFO  server.RaftServerConfigKeys (ConfUtils.java:logGet(46)) - raft.server.log.statemachine.data.sync = true (default)
2023-02-28 20:08:29,905 [pool-149-thread-1] INFO  server.RaftServerConfigKeys (ConfUtils.java:logGet(46)) - raft.server.log.statemachine.data.sync.timeout = 10s (default)
2023-02-28 20:08:29,905 [pool-149-thread-1] INFO  server.RaftServerConfigKeys (ConfUtils.java:logGet(46)) - raft.server.log.statemachine.data.sync.timeout.retry = -1 (default)
2023-02-28 20:08:29,907 [pool-149-thread-1] INFO  server.RaftServerConfigKeys (ConfUtils.java:logGet(46)) - raft.server.log.write.buffer.size = 1048576 (custom)
2023-02-28 20:08:29,907 [pool-149-thread-1] INFO  server.RaftServerConfigKeys (ConfUtils.java:logGet(46)) - raft.server.log.appender.buffer.byte-limit = 33554432 (custom)
2023-02-28 20:08:30,195 [JvmPauseMonitor3] WARN  util.JvmPauseMonitor (JvmPauseMonitor.java:detectPause(126)) - JvmPauseMonitor-d4f71ede-bed0-498f-9536-da00fca7d632: Detected pause in JVM or host machine (eg GC): pause of approximately 135909414ns.
GC pool 'PS MarkSweep' had collection(s): count=1 time=210ms
GC pool 'PS Scavenge' had collection(s): count=1 time=76ms
2023-02-28 20:08:30,195 [JvmPauseMonitor4] WARN  util.JvmPauseMonitor (JvmPauseMonitor.java:detectPause(126)) - JvmPauseMonitor-f1fceee1-e839-4390-8ee1-a452674c18b3: Detected pause in JVM or host machine (eg GC): pause of approximately 286308221ns.
GC pool 'PS MarkSweep' had collection(s): count=1 time=210ms
GC pool 'PS Scavenge' had collection(s): count=1 time=76ms
2023-02-28 20:08:30,202 [pool-149-thread-1] INFO  server.RaftServerConfigKeys (ConfUtils.java:logGet(46)) - raft.server.log.unsafe-flush.enabled = false (default)
2023-02-28 20:08:30,207 [pool-149-thread-1] INFO  server.RaftServerConfigKeys (ConfUtils.java:logGet(46)) - raft.server.log.async-flush.enabled = false (default)
2023-02-28 20:08:30,208 [pool-149-thread-1] INFO  server.RaftServerConfigKeys (ConfUtils.java:logGet(46)) - raft.server.log.statemachine.data.caching.enabled = true (custom)
2023-02-28 20:08:30,208 [pool-149-thread-1] INFO  segmented.SegmentedRaftLogWorker (SegmentedRaftLogWorker.java:lambda$new$0(135)) - f1fceee1-e839-4390-8ee1-a452674c18b3@group-EDD877C83533-SegmentedRaftLogWorker: flushIndex: setUnconditionally 0 -> -1
2023-02-28 20:08:30,208 [pool-149-thread-1] INFO  segmented.SegmentedRaftLogWorker (SegmentedRaftLogWorker.java:lambda$new$0(135)) - f1fceee1-e839-4390-8ee1-a452674c18b3@group-EDD877C83533-SegmentedRaftLogWorker: safeCacheEvictIndex: setUnconditionally 0 -> -1
2023-02-28 20:08:30,209 [pool-149-thread-1] INFO  server.RaftServer$Division (RaftServerImpl.java:start(334)) - f1fceee1-e839-4390-8ee1-a452674c18b3@group-EDD877C83533: start as a follower, conf=-1: peers:[f1fceee1-e839-4390-8ee1-a452674c18b3|rpc:10.1.1.15:46149|dataStream:10.1.1.15:36103|priority:1|startupRole:FOLLOWER]|listeners:[], old=null
2023-02-28 20:08:30,209 [pool-149-thread-1] INFO  server.RaftServer$Division (RaftServerImpl.java:setRole(321)) - f1fceee1-e839-4390-8ee1-a452674c18b3@group-EDD877C83533: changes role from      null to FOLLOWER at term 0 for startAsFollower
2023-02-28 20:08:30,209 [pool-149-thread-1] INFO  impl.RoleInfo (RoleInfo.java:updateAndGet(139)) - f1fceee1-e839-4390-8ee1-a452674c18b3: start f1fceee1-e839-4390-8ee1-a452674c18b3@group-EDD877C83533-FollowerState
2023-02-28 20:08:30,210 [f1fceee1-e839-4390-8ee1-a452674c18b3@group-EDD877C83533-FollowerState] INFO  server.RaftServerConfigKeys (ConfUtils.java:logFallback(53)) - raft.server.rpc.first-election.timeout.min = 5s (fallback to raft.server.rpc.timeout.min)
2023-02-28 20:08:30,210 [pool-149-thread-1] INFO  util.JmxRegister (JmxRegister.java:tryRegister(44)) - Successfully registered JMX Bean with object name Ratis:service=RaftServer,group=group-EDD877C83533,id=f1fceee1-e839-4390-8ee1-a452674c18b3
2023-02-28 20:08:30,210 [f1fceee1-e839-4390-8ee1-a452674c18b3@group-EDD877C83533-FollowerState] INFO  server.RaftServerConfigKeys (ConfUtils.java:logFallback(53)) - raft.server.rpc.first-election.timeout.max = 5200ms (fallback to raft.server.rpc.timeout.max)
2023-02-28 20:08:30,210 [pool-149-thread-1] INFO  server.RaftServerConfigKeys (ConfUtils.java:logGet(46)) - raft.server.snapshot.auto.trigger.enabled = true (custom)
2023-02-28 20:08:30,211 [pool-149-thread-1] INFO  server.RaftServerConfigKeys (ConfUtils.java:logGet(46)) - raft.server.snapshot.auto.trigger.threshold = 10000 (custom)
2023-02-28 20:08:30,211 [pool-149-thread-1] INFO  server.RaftServerConfigKeys (ConfUtils.java:logGet(46)) - raft.server.snapshot.retention.file.num = 5 (custom)
2023-02-28 20:08:30,211 [pool-149-thread-1] INFO  server.RaftServerConfigKeys (ConfUtils.java:logGet(46)) - raft.server.log.purge.upto.snapshot.index = false (default)
2023-02-28 20:08:30,213 [Command processor thread] INFO  ratis.XceiverServerRatis (XceiverServerRatis.java:addGroup(807)) - Created group PipelineID=23247afd-4b51-48a9-b029-edd877c83533
2023-02-28 20:08:30,213 [Command processor thread] INFO  commandhandler.CreatePipelineCommandHandler (CreatePipelineCommandHandler.java:handle(113)) - Created Pipeline RATIS ONE PipelineID=23247afd-4b51-48a9-b029-edd877c83533.
2023-02-28 20:08:30,218 [Command processor thread] INFO  server.RaftServer (RaftServerProxy.java:addNew(96)) - ce14290f-c11f-4031-993d-843363841a3d: addNew group-9C23742E0E14:[ce14290f-c11f-4031-993d-843363841a3d|rpc:10.1.1.15:36461|dataStream:10.1.1.15:35205|priority:1|startupRole:FOLLOWER] returns group-9C23742E0E14:java.util.concurrent.CompletableFuture@504b006c[Not completed]
2023-02-28 20:08:30,218 [Listener at 127.0.0.1/46171] INFO  ozone.MiniOzoneClusterImpl (MiniOzoneClusterImpl.java:lambda$waitForClusterToBeReady$0(218)) - Nodes are ready. Got 3 of 3 DN Heartbeats.
2023-02-28 20:08:30,218 [Listener at 127.0.0.1/46171] INFO  ozone.MiniOzoneClusterImpl (MiniOzoneClusterImpl.java:lambda$waitForClusterToBeReady$0(221)) - Waiting for cluster to exit safe mode
2023-02-28 20:08:30,218 [Listener at 127.0.0.1/46171] INFO  ozone.MiniOzoneClusterImpl (MiniOzoneClusterImpl.java:lambda$waitForClusterToBeReady$0(223)) - SCM became leader
2023-02-28 20:08:30,219 [pool-171-thread-1] INFO  server.RaftServer$Division (RaftServerImpl.java:<init>(195)) - ce14290f-c11f-4031-993d-843363841a3d: new RaftServerImpl for group-9C23742E0E14:[ce14290f-c11f-4031-993d-843363841a3d|rpc:10.1.1.15:36461|dataStream:10.1.1.15:35205|priority:1|startupRole:FOLLOWER] with ContainerStateMachine:uninitialized
2023-02-28 20:08:30,219 [pool-171-thread-1] INFO  server.RaftServerConfigKeys (ConfUtils.java:logGet(46)) - raft.server.rpc.timeout.min = 5s (custom)
2023-02-28 20:08:30,219 [pool-171-thread-1] INFO  server.RaftServerConfigKeys (ConfUtils.java:logGet(46)) - raft.server.rpc.timeout.max = 5200ms (custom)
2023-02-28 20:08:30,219 [pool-171-thread-1] INFO  server.RaftServerConfigKeys (ConfUtils.java:logGet(46)) - raft.server.rpc.sleep.time = 25ms (default)
2023-02-28 20:08:30,219 [pool-171-thread-1] INFO  server.RaftServerConfigKeys (ConfUtils.java:logGet(46)) - raft.server.rpc.slowness.timeout = 300s (custom)
2023-02-28 20:08:30,220 [pool-171-thread-1] INFO  server.RaftServerConfigKeys (ConfUtils.java:logGet(46)) - raft.server.leaderelection.leader.step-down.wait-time = 10s (default)
2023-02-28 20:08:30,220 [pool-171-thread-1] INFO  server.RaftServerConfigKeys (ConfUtils.java:logGet(46)) - raft.server.sleep.deviation.threshold = 300ms (default)
2023-02-28 20:08:30,220 [pool-171-thread-1] INFO  server.RaftServer$Division (ServerState.java:<init>(118)) - ce14290f-c11f-4031-993d-843363841a3d@group-9C23742E0E14: ConfigurationManager, init=-1: peers:[ce14290f-c11f-4031-993d-843363841a3d|rpc:10.1.1.15:36461|dataStream:10.1.1.15:35205|priority:1|startupRole:FOLLOWER]|listeners:[], old=null, confs=<EMPTY_MAP>
2023-02-28 20:08:30,220 [pool-171-thread-1] INFO  server.RaftServerConfigKeys (ConfUtils.java:logGet(46)) - raft.server.storage.dir = [/home/runner/work/ozone/ozone/hadoop-ozone/integration-test/target/test-dir/MiniOzoneClusterImpl-e7d671b1-06ed-40aa-a52b-2678dd5bab1b/datanode-2/data/ratis] (custom)
2023-02-28 20:08:30,220 [pool-171-thread-1] INFO  server.RaftServerConfigKeys (ConfUtils.java:logGet(46)) - raft.server.log.corruption.policy = EXCEPTION (default)
2023-02-28 20:08:30,220 [pool-171-thread-1] INFO  server.RaftServerConfigKeys (ConfUtils.java:logGet(46)) - raft.server.storage.free-space.min = 0MB (=0) (default)
2023-02-28 20:08:30,220 [pool-171-thread-1] INFO  server.RaftServerConfigKeys (ConfUtils.java:logGet(46)) - raft.server.notification.no-leader.timeout = 300s (custom)
2023-02-28 20:08:30,220 [pool-171-thread-1] INFO  server.RaftServerConfigKeys (ConfUtils.java:logGet(46)) - raft.server.retrycache.expirytime = 600000ms (custom)
2023-02-28 20:08:30,220 [pool-171-thread-1] INFO  server.RaftServerConfigKeys (ConfUtils.java:logGet(46)) - raft.server.retrycache.statistics.expirytime = 100μs (default)
2023-02-28 20:08:30,223 [pool-171-thread-1] INFO  server.RaftServerConfigKeys (ConfUtils.java:logGet(46)) - raft.server.log.appender.install.snapshot.enabled = false (custom)
2023-02-28 20:08:30,223 [pool-171-thread-1] INFO  server.RaftServerConfigKeys (ConfUtils.java:logGet(46)) - raft.server.threadpool.server.cached = true (default)
2023-02-28 20:08:30,223 [pool-171-thread-1] INFO  server.RaftServerConfigKeys (ConfUtils.java:logGet(46)) - raft.server.threadpool.server.size = 0 (default)
2023-02-28 20:08:30,223 [pool-171-thread-1] INFO  server.RaftServerConfigKeys (ConfUtils.java:logGet(46)) - raft.server.threadpool.client.cached = true (default)
2023-02-28 20:08:30,223 [pool-171-thread-1] INFO  server.RaftServerConfigKeys (ConfUtils.java:logGet(46)) - raft.server.threadpool.client.size = 0 (default)
2023-02-28 20:08:30,223 [pool-171-thread-1] INFO  storage.RaftStorageDirectory (RaftStorageDirectoryImpl.java:analyzeStorage(137)) - The storage directory /home/runner/work/ozone/ozone/hadoop-ozone/integration-test/target/test-dir/MiniOzoneClusterImpl-e7d671b1-06ed-40aa-a52b-2678dd5bab1b/datanode-2/data/ratis/980610f5-16ac-4eea-ba43-9c23742e0e14 does not exist. Creating ...
2023-02-28 20:08:30,224 [pool-171-thread-1] INFO  storage.RaftStorageDirectory (RaftStorageDirectoryImpl.java:tryLock(231)) - Lock on /home/runner/work/ozone/ozone/hadoop-ozone/integration-test/target/test-dir/MiniOzoneClusterImpl-e7d671b1-06ed-40aa-a52b-2678dd5bab1b/datanode-2/data/ratis/980610f5-16ac-4eea-ba43-9c23742e0e14/in_use.lock acquired by nodename 61155@fv-az399-334
2023-02-28 20:08:30,225 [pool-171-thread-1] INFO  storage.RaftStorage (RaftStorageImpl.java:format(96)) - Storage directory /home/runner/work/ozone/ozone/hadoop-ozone/integration-test/target/test-dir/MiniOzoneClusterImpl-e7d671b1-06ed-40aa-a52b-2678dd5bab1b/datanode-2/data/ratis/980610f5-16ac-4eea-ba43-9c23742e0e14 has been successfully formatted.
2023-02-28 20:08:30,226 [pool-171-thread-1] INFO  ratis.ContainerStateMachine (ContainerStateMachine.java:loadSnapshot(240)) - group-9C23742E0E14: The snapshot info is null. Setting the last applied indexto:(t:0, i:~)
2023-02-28 20:08:30,226 [pool-171-thread-1] INFO  server.RaftServerConfigKeys (ConfUtils.java:logGet(46)) - raft.server.log.use.memory = false (default)
2023-02-28 20:08:30,226 [pool-171-thread-1] INFO  server.RaftServerConfigKeys (ConfUtils.java:logGet(46)) - raft.server.log.purge.gap = 1000000 (custom)
2023-02-28 20:08:30,226 [pool-171-thread-1] INFO  server.RaftServerConfigKeys (ConfUtils.java:logGet(46)) - raft.server.log.appender.buffer.byte-limit = 33554432 (custom)
2023-02-28 20:08:30,226 [pool-171-thread-1] INFO  server.RaftServerConfigKeys (ConfUtils.java:logGet(46)) - raft.server.log.statemachine.data.read.timeout = 1000ms (default)
2023-02-28 20:08:30,226 [pool-171-thread-1] INFO  server.RaftServerConfigKeys (ConfUtils.java:logGet(46)) - raft.server.log.purge.preservation.log.num = 0 (default)
2023-02-28 20:08:30,226 [pool-171-thread-1] INFO  server.RaftServerConfigKeys (ConfUtils.java:logGet(46)) - raft.server.log.segment.size.max = 1048576 (custom)
2023-02-28 20:08:30,227 [pool-171-thread-1] INFO  server.RaftServerConfigKeys (ConfUtils.java:logGet(46)) - raft.server.log.segment.cache.num.max = 2 (custom)
2023-02-28 20:08:30,227 [pool-171-thread-1] INFO  server.RaftServerConfigKeys (ConfUtils.java:logGet(46)) - raft.server.log.segment.cache.size.max = 200MB (=209715200) (default)
2023-02-28 20:08:30,227 [pool-171-thread-1] INFO  segmented.SegmentedRaftLogWorker (SegmentedRaftLogWorker.java:<init>(189)) - new ce14290f-c11f-4031-993d-843363841a3d@group-9C23742E0E14-SegmentedRaftLogWorker for RaftStorageImpl:Storage Directory /home/runner/work/ozone/ozone/hadoop-ozone/integration-test/target/test-dir/MiniOzoneClusterImpl-e7d671b1-06ed-40aa-a52b-2678dd5bab1b/datanode-2/data/ratis/980610f5-16ac-4eea-ba43-9c23742e0e14
2023-02-28 20:08:30,227 [pool-171-thread-1] INFO  server.RaftServerConfigKeys (ConfUtils.java:logGet(46)) - raft.server.log.queue.byte-limit = 4294967296 (custom)
2023-02-28 20:08:30,227 [pool-171-thread-1] INFO  server.RaftServerConfigKeys (ConfUtils.java:logGet(46)) - raft.server.log.queue.element-limit = 1024 (custom)
2023-02-28 20:08:30,227 [pool-171-thread-1] INFO  server.RaftServerConfigKeys (ConfUtils.java:logGet(46)) - raft.server.log.segment.size.max = 1048576 (custom)
2023-02-28 20:08:30,227 [pool-171-thread-1] INFO  server.RaftServerConfigKeys (ConfUtils.java:logGet(46)) - raft.server.log.preallocated.size = 16384 (custom)
2023-02-28 20:08:30,227 [pool-171-thread-1] INFO  server.RaftServerConfigKeys (ConfUtils.java:logGet(46)) - raft.server.log.force.sync.num = 128 (default)
2023-02-28 20:08:30,227 [pool-171-thread-1] INFO  server.RaftServerConfigKeys (ConfUtils.java:logGet(46)) - raft.server.log.statemachine.data.sync = true (default)
2023-02-28 20:08:30,227 [pool-171-thread-1] INFO  server.RaftServerConfigKeys (ConfUtils.java:logGet(46)) - raft.server.log.statemachine.data.sync.timeout = 10s (default)
2023-02-28 20:08:30,227 [pool-171-thread-1] INFO  server.RaftServerConfigKeys (ConfUtils.java:logGet(46)) - raft.server.log.statemachine.data.sync.timeout.retry = -1 (default)
2023-02-28 20:08:30,228 [pool-171-thread-1] INFO  server.RaftServerConfigKeys (ConfUtils.java:logGet(46)) - raft.server.log.write.buffer.size = 1048576 (custom)
2023-02-28 20:08:30,229 [pool-171-thread-1] INFO  server.RaftServerConfigKeys (ConfUtils.java:logGet(46)) - raft.server.log.appender.buffer.byte-limit = 33554432 (custom)
2023-02-28 20:08:30,230 [EventQueue-PipelineReportForPipelineReportHandler] INFO  pipeline.PipelineManagerImpl (PipelineManagerImpl.java:openPipeline(367)) - Pipeline Pipeline[ Id: 980610f5-16ac-4eea-ba43-9c23742e0e14, Nodes: ce14290f-c11f-4031-993d-843363841a3d(fv-az399-334/10.1.1.15), ReplicationConfig: RATIS/ONE, State:ALLOCATED, leaderId:ce14290f-c11f-4031-993d-843363841a3d, CreationTimestamp2023-02-28T20:08:27.221Z[Etc/UTC]] moved to OPEN state
2023-02-28 20:08:30,231 [EventQueue-OpenPipelineForHealthyPipelineSafeModeRule] INFO  safemode.SCMSafeModeManager (HealthyPipelineSafeModeRule.java:process(137)) - SCM in safe mode. Healthy pipelines reported count is 0, required healthy pipeline reported count is 1
2023-02-28 20:08:30,234 [pool-171-thread-1] INFO  server.RaftServerConfigKeys (ConfUtils.java:logGet(46)) - raft.server.log.unsafe-flush.enabled = false (default)
2023-02-28 20:08:30,234 [pool-171-thread-1] INFO  server.RaftServerConfigKeys (ConfUtils.java:logGet(46)) - raft.server.log.async-flush.enabled = false (default)
2023-02-28 20:08:30,234 [pool-171-thread-1] INFO  server.RaftServerConfigKeys (ConfUtils.java:logGet(46)) - raft.server.log.statemachine.data.caching.enabled = true (custom)
2023-02-28 20:08:30,234 [pool-171-thread-1] INFO  segmented.SegmentedRaftLogWorker (SegmentedRaftLogWorker.java:lambda$new$0(135)) - ce14290f-c11f-4031-993d-843363841a3d@group-9C23742E0E14-SegmentedRaftLogWorker: flushIndex: setUnconditionally 0 -> -1
2023-02-28 20:08:30,234 [pool-171-thread-1] INFO  segmented.SegmentedRaftLogWorker (SegmentedRaftLogWorker.java:lambda$new$0(135)) - ce14290f-c11f-4031-993d-843363841a3d@group-9C23742E0E14-SegmentedRaftLogWorker: safeCacheEvictIndex: setUnconditionally 0 -> -1
2023-02-28 20:08:30,235 [pool-171-thread-1] INFO  server.RaftServer$Division (RaftServerImpl.java:start(334)) - ce14290f-c11f-4031-993d-843363841a3d@group-9C23742E0E14: start as a follower, conf=-1: peers:[ce14290f-c11f-4031-993d-843363841a3d|rpc:10.1.1.15:36461|dataStream:10.1.1.15:35205|priority:1|startupRole:FOLLOWER]|listeners:[], old=null
2023-02-28 20:08:30,235 [pool-171-thread-1] INFO  server.RaftServer$Division (RaftServerImpl.java:setRole(321)) - ce14290f-c11f-4031-993d-843363841a3d@group-9C23742E0E14: changes role from      null to FOLLOWER at term 0 for startAsFollower
2023-02-28 20:08:30,235 [pool-171-thread-1] INFO  impl.RoleInfo (RoleInfo.java:updateAndGet(139)) - ce14290f-c11f-4031-993d-843363841a3d: start ce14290f-c11f-4031-993d-843363841a3d@group-9C23742E0E14-FollowerState
2023-02-28 20:08:30,238 [pool-171-thread-1] INFO  util.JmxRegister (JmxRegister.java:tryRegister(44)) - Successfully registered JMX Bean with object name Ratis:service=RaftServer,group=group-9C23742E0E14,id=ce14290f-c11f-4031-993d-843363841a3d
2023-02-28 20:08:30,238 [pool-171-thread-1] INFO  server.RaftServerConfigKeys (ConfUtils.java:logGet(46)) - raft.server.snapshot.auto.trigger.enabled = true (custom)
2023-02-28 20:08:30,238 [pool-171-thread-1] INFO  server.RaftServerConfigKeys (ConfUtils.java:logGet(46)) - raft.server.snapshot.auto.trigger.threshold = 10000 (custom)
2023-02-28 20:08:30,238 [pool-171-thread-1] INFO  server.RaftServerConfigKeys (ConfUtils.java:logGet(46)) - raft.server.snapshot.retention.file.num = 5 (custom)
2023-02-28 20:08:30,239 [pool-171-thread-1] INFO  server.RaftServerConfigKeys (ConfUtils.java:logGet(46)) - raft.server.log.purge.upto.snapshot.index = false (default)
2023-02-28 20:08:30,239 [ce14290f-c11f-4031-993d-843363841a3d@group-9C23742E0E14-FollowerState] INFO  server.RaftServerConfigKeys (ConfUtils.java:logFallback(53)) - raft.server.rpc.first-election.timeout.min = 5s (fallback to raft.server.rpc.timeout.min)
2023-02-28 20:08:30,239 [ce14290f-c11f-4031-993d-843363841a3d@group-9C23742E0E14-FollowerState] INFO  server.RaftServerConfigKeys (ConfUtils.java:logFallback(53)) - raft.server.rpc.first-election.timeout.max = 5200ms (fallback to raft.server.rpc.timeout.max)
2023-02-28 20:08:30,242 [Command processor thread] INFO  ratis.XceiverServerRatis (XceiverServerRatis.java:addGroup(807)) - Created group PipelineID=980610f5-16ac-4eea-ba43-9c23742e0e14
2023-02-28 20:08:30,242 [Command processor thread] INFO  commandhandler.CreatePipelineCommandHandler (CreatePipelineCommandHandler.java:handle(113)) - Created Pipeline RATIS ONE PipelineID=980610f5-16ac-4eea-ba43-9c23742e0e14.
2023-02-28 20:08:31,218 [Listener at 127.0.0.1/46171] INFO  ozone.MiniOzoneClusterImpl (MiniOzoneClusterImpl.java:lambda$waitForClusterToBeReady$0(218)) - Nodes are ready. Got 3 of 3 DN Heartbeats.
2023-02-28 20:08:31,218 [Listener at 127.0.0.1/46171] INFO  ozone.MiniOzoneClusterImpl (MiniOzoneClusterImpl.java:lambda$waitForClusterToBeReady$0(221)) - Waiting for cluster to exit safe mode
2023-02-28 20:08:31,219 [Listener at 127.0.0.1/46171] INFO  ozone.MiniOzoneClusterImpl (MiniOzoneClusterImpl.java:lambda$waitForClusterToBeReady$0(223)) - SCM became leader
2023-02-28 20:08:32,219 [Listener at 127.0.0.1/46171] INFO  ozone.MiniOzoneClusterImpl (MiniOzoneClusterImpl.java:lambda$waitForClusterToBeReady$0(218)) - Nodes are ready. Got 3 of 3 DN Heartbeats.
2023-02-28 20:08:32,219 [Listener at 127.0.0.1/46171] INFO  ozone.MiniOzoneClusterImpl (MiniOzoneClusterImpl.java:lambda$waitForClusterToBeReady$0(221)) - Waiting for cluster to exit safe mode
2023-02-28 20:08:32,219 [Listener at 127.0.0.1/46171] INFO  ozone.MiniOzoneClusterImpl (MiniOzoneClusterImpl.java:lambda$waitForClusterToBeReady$0(223)) - SCM became leader
2023-02-28 20:08:33,219 [Listener at 127.0.0.1/46171] INFO  ozone.MiniOzoneClusterImpl (MiniOzoneClusterImpl.java:lambda$waitForClusterToBeReady$0(218)) - Nodes are ready. Got 3 of 3 DN Heartbeats.
2023-02-28 20:08:33,220 [Listener at 127.0.0.1/46171] INFO  ozone.MiniOzoneClusterImpl (MiniOzoneClusterImpl.java:lambda$waitForClusterToBeReady$0(221)) - Waiting for cluster to exit safe mode
2023-02-28 20:08:33,220 [Listener at 127.0.0.1/46171] INFO  ozone.MiniOzoneClusterImpl (MiniOzoneClusterImpl.java:lambda$waitForClusterToBeReady$0(223)) - SCM became leader
2023-02-28 20:08:34,220 [Listener at 127.0.0.1/46171] INFO  ozone.MiniOzoneClusterImpl (MiniOzoneClusterImpl.java:lambda$waitForClusterToBeReady$0(218)) - Nodes are ready. Got 3 of 3 DN Heartbeats.
2023-02-28 20:08:34,220 [Listener at 127.0.0.1/46171] INFO  ozone.MiniOzoneClusterImpl (MiniOzoneClusterImpl.java:lambda$waitForClusterToBeReady$0(221)) - Waiting for cluster to exit safe mode
2023-02-28 20:08:34,220 [Listener at 127.0.0.1/46171] INFO  ozone.MiniOzoneClusterImpl (MiniOzoneClusterImpl.java:lambda$waitForClusterToBeReady$0(223)) - SCM became leader
2023-02-28 20:08:34,604 [d4f71ede-bed0-498f-9536-da00fca7d632@group-82EDF0868713-FollowerState] INFO  impl.FollowerState (FollowerState.java:run(143)) - d4f71ede-bed0-498f-9536-da00fca7d632@group-82EDF0868713-FollowerState: change to CANDIDATE, lastRpcElapsedTime:5083591164ns, electionTimeout:5082ms
2023-02-28 20:08:34,604 [d4f71ede-bed0-498f-9536-da00fca7d632@group-82EDF0868713-FollowerState] INFO  impl.RoleInfo (RoleInfo.java:shutdownFollowerState(110)) - d4f71ede-bed0-498f-9536-da00fca7d632: shutdown d4f71ede-bed0-498f-9536-da00fca7d632@group-82EDF0868713-FollowerState
2023-02-28 20:08:34,604 [d4f71ede-bed0-498f-9536-da00fca7d632@group-82EDF0868713-FollowerState] INFO  server.RaftServer$Division (RaftServerImpl.java:setRole(321)) - d4f71ede-bed0-498f-9536-da00fca7d632@group-82EDF0868713: changes role from  FOLLOWER to CANDIDATE at term 0 for changeToCandidate
2023-02-28 20:08:34,605 [d4f71ede-bed0-498f-9536-da00fca7d632@group-82EDF0868713-FollowerState] INFO  server.RaftServerConfigKeys (ConfUtils.java:logGet(46)) - raft.server.leaderelection.pre-vote = true (default)
2023-02-28 20:08:34,605 [d4f71ede-bed0-498f-9536-da00fca7d632@group-82EDF0868713-FollowerState] INFO  impl.RoleInfo (RoleInfo.java:updateAndGet(139)) - d4f71ede-bed0-498f-9536-da00fca7d632: start d4f71ede-bed0-498f-9536-da00fca7d632@group-82EDF0868713-LeaderElection2
2023-02-28 20:08:34,607 [d4f71ede-bed0-498f-9536-da00fca7d632@group-82EDF0868713-LeaderElection2] INFO  impl.LeaderElection (LeaderElection.java:askForVotes(312)) - d4f71ede-bed0-498f-9536-da00fca7d632@group-82EDF0868713-LeaderElection2 PRE_VOTE round 0: submit vote requests at term 0 for -1: peers:[d4f71ede-bed0-498f-9536-da00fca7d632|rpc:10.1.1.15:34357|dataStream:10.1.1.15:39647|priority:1|startupRole:FOLLOWER]|listeners:[], old=null
2023-02-28 20:08:34,608 [d4f71ede-bed0-498f-9536-da00fca7d632@group-82EDF0868713-LeaderElection2] INFO  impl.LeaderElection (LeaderElection.java:askForVotes(314)) - d4f71ede-bed0-498f-9536-da00fca7d632@group-82EDF0868713-LeaderElection2 PRE_VOTE round 0: result PASSED (term=0)
2023-02-28 20:08:34,609 [d4f71ede-bed0-498f-9536-da00fca7d632@group-82EDF0868713-LeaderElection2] INFO  impl.LeaderElection (LeaderElection.java:askForVotes(312)) - d4f71ede-bed0-498f-9536-da00fca7d632@group-82EDF0868713-LeaderElection2 ELECTION round 0: submit vote requests at term 1 for -1: peers:[d4f71ede-bed0-498f-9536-da00fca7d632|rpc:10.1.1.15:34357|dataStream:10.1.1.15:39647|priority:1|startupRole:FOLLOWER]|listeners:[], old=null
2023-02-28 20:08:34,609 [d4f71ede-bed0-498f-9536-da00fca7d632@group-82EDF0868713-LeaderElection2] INFO  impl.LeaderElection (LeaderElection.java:askForVotes(314)) - d4f71ede-bed0-498f-9536-da00fca7d632@group-82EDF0868713-LeaderElection2 ELECTION round 0: result PASSED (term=1)
2023-02-28 20:08:34,609 [d4f71ede-bed0-498f-9536-da00fca7d632@group-82EDF0868713-LeaderElection2] INFO  impl.RoleInfo (RoleInfo.java:shutdownLeaderElection(130)) - d4f71ede-bed0-498f-9536-da00fca7d632: shutdown d4f71ede-bed0-498f-9536-da00fca7d632@group-82EDF0868713-LeaderElection2
2023-02-28 20:08:34,609 [d4f71ede-bed0-498f-9536-da00fca7d632@group-82EDF0868713-LeaderElection2] INFO  server.RaftServer$Division (RaftServerImpl.java:setRole(321)) - d4f71ede-bed0-498f-9536-da00fca7d632@group-82EDF0868713: changes role from CANDIDATE to LEADER at term 1 for changeToLeader
2023-02-28 20:08:34,610 [d4f71ede-bed0-498f-9536-da00fca7d632@group-82EDF0868713-LeaderElection2] INFO  ratis.XceiverServerRatis (XceiverServerRatis.java:handleLeaderChangedNotification(905)) - Leader change notification received for group: group-82EDF0868713 with new leaderId: d4f71ede-bed0-498f-9536-da00fca7d632
2023-02-28 20:08:34,610 [d4f71ede-bed0-498f-9536-da00fca7d632@group-82EDF0868713-LeaderElection2] INFO  server.RaftServer$Division (ServerState.java:setLeader(313)) - d4f71ede-bed0-498f-9536-da00fca7d632@group-82EDF0868713: change Leader from null to d4f71ede-bed0-498f-9536-da00fca7d632 at term 1 for becomeLeader, leader elected after 5116ms
2023-02-28 20:08:34,610 [d4f71ede-bed0-498f-9536-da00fca7d632@group-82EDF0868713-LeaderElection2] INFO  server.RaftServerConfigKeys (ConfUtils.java:logGet(46)) - raft.server.staging.catchup.gap = 1000 (default)
2023-02-28 20:08:34,610 [d4f71ede-bed0-498f-9536-da00fca7d632@group-82EDF0868713-LeaderElection2] INFO  server.RaftServerConfigKeys (ConfUtils.java:logGet(46)) - raft.server.write.element-limit = 1024 (custom)
2023-02-28 20:08:34,611 [d4f71ede-bed0-498f-9536-da00fca7d632@group-82EDF0868713-LeaderElection2] INFO  server.RaftServerConfigKeys (ConfUtils.java:logGet(46)) - raft.server.write.byte-limit = 1024 M (=1073741824) (custom)
2023-02-28 20:08:34,611 [d4f71ede-bed0-498f-9536-da00fca7d632@group-81C630B2EAFB-FollowerState] INFO  impl.FollowerState (FollowerState.java:run(143)) - d4f71ede-bed0-498f-9536-da00fca7d632@group-81C630B2EAFB-FollowerState: change to CANDIDATE, lastRpcElapsedTime:5061603321ns, electionTimeout:5060ms
2023-02-28 20:08:34,611 [d4f71ede-bed0-498f-9536-da00fca7d632@group-81C630B2EAFB-FollowerState] INFO  impl.RoleInfo (RoleInfo.java:shutdownFollowerState(110)) - d4f71ede-bed0-498f-9536-da00fca7d632: shutdown d4f71ede-bed0-498f-9536-da00fca7d632@group-81C630B2EAFB-FollowerState
2023-02-28 20:08:34,611 [d4f71ede-bed0-498f-9536-da00fca7d632@group-81C630B2EAFB-FollowerState] INFO  server.RaftServer$Division (RaftServerImpl.java:setRole(321)) - d4f71ede-bed0-498f-9536-da00fca7d632@group-81C630B2EAFB: changes role from  FOLLOWER to CANDIDATE at term 0 for changeToCandidate
2023-02-28 20:08:34,613 [d4f71ede-bed0-498f-9536-da00fca7d632@group-81C630B2EAFB-FollowerState] INFO  server.RaftServerConfigKeys (ConfUtils.java:logGet(46)) - raft.server.leaderelection.pre-vote = true (default)
2023-02-28 20:08:34,613 [d4f71ede-bed0-498f-9536-da00fca7d632@group-81C630B2EAFB-FollowerState] INFO  impl.RoleInfo (RoleInfo.java:updateAndGet(139)) - d4f71ede-bed0-498f-9536-da00fca7d632: start d4f71ede-bed0-498f-9536-da00fca7d632@group-81C630B2EAFB-LeaderElection3
2023-02-28 20:08:34,614 [d4f71ede-bed0-498f-9536-da00fca7d632@group-82EDF0868713-LeaderElection2] INFO  server.RaftServerConfigKeys (ConfUtils.java:logGet(46)) - raft.server.watch.timeout = 180s (custom)
2023-02-28 20:08:34,615 [d4f71ede-bed0-498f-9536-da00fca7d632@group-82EDF0868713-LeaderElection2] INFO  server.RaftServerConfigKeys (ConfUtils.java:logGet(46)) - raft.server.watch.timeout.denomination = 1s (default)
2023-02-28 20:08:34,615 [d4f71ede-bed0-498f-9536-da00fca7d632@group-82EDF0868713-LeaderElection2] INFO  server.RaftServerConfigKeys (ConfUtils.java:logGet(46)) - raft.server.watch.element-limit = 65536 (default)
2023-02-28 20:08:34,615 [d4f71ede-bed0-498f-9536-da00fca7d632@group-82EDF0868713-LeaderElection2] INFO  server.RaftServerConfigKeys (ConfUtils.java:logGet(46)) - raft.server.write.element-limit = 1024 (custom)
2023-02-28 20:08:34,615 [d4f71ede-bed0-498f-9536-da00fca7d632@group-82EDF0868713-LeaderElection2] INFO  server.RaftServerConfigKeys (ConfUtils.java:logGet(46)) - raft.server.write.follower.gap.ratio.max = -1.0 (default)
2023-02-28 20:08:34,615 [d4f71ede-bed0-498f-9536-da00fca7d632@group-82EDF0868713-LeaderElection2] INFO  impl.RoleInfo (RoleInfo.java:updateAndGet(139)) - d4f71ede-bed0-498f-9536-da00fca7d632: start d4f71ede-bed0-498f-9536-da00fca7d632@group-82EDF0868713-LeaderStateImpl
2023-02-28 20:08:34,615 [d4f71ede-bed0-498f-9536-da00fca7d632@group-82EDF0868713-LeaderElection2] INFO  segmented.SegmentedRaftLogWorker (SegmentedRaftLogWorker.java:startLogSegment(452)) - d4f71ede-bed0-498f-9536-da00fca7d632@group-82EDF0868713-SegmentedRaftLogWorker: Starting segment from index:0
2023-02-28 20:08:34,619 [d4f71ede-bed0-498f-9536-da00fca7d632@group-82EDF0868713-LeaderElection2] INFO  server.RaftServer$Division (ServerState.java:setRaftConf(430)) - d4f71ede-bed0-498f-9536-da00fca7d632@group-82EDF0868713: set configuration 0: peers:[d4f71ede-bed0-498f-9536-da00fca7d632|rpc:10.1.1.15:34357|dataStream:10.1.1.15:39647|priority:1|startupRole:FOLLOWER]|listeners:[], old=null
2023-02-28 20:08:34,619 [EventQueue-OpenPipelineForHealthyPipelineSafeModeRule] INFO  safemode.SCMSafeModeManager (HealthyPipelineSafeModeRule.java:process(137)) - SCM in safe mode. Healthy pipelines reported count is 0, required healthy pipeline reported count is 1
2023-02-28 20:08:34,621 [d4f71ede-bed0-498f-9536-da00fca7d632@group-82EDF0868713-SegmentedRaftLogWorker] INFO  segmented.SegmentedRaftLogWorker (SegmentedRaftLogWorker.java:execute(656)) - d4f71ede-bed0-498f-9536-da00fca7d632@group-82EDF0868713-SegmentedRaftLogWorker: created new log segment /home/runner/work/ozone/ozone/hadoop-ozone/integration-test/target/test-dir/MiniOzoneClusterImpl-e7d671b1-06ed-40aa-a52b-2678dd5bab1b/datanode-0/data/ratis/e6bd385e-35b1-4a95-820d-82edf0868713/current/log_inprogress_0
2023-02-28 20:08:34,623 [d4f71ede-bed0-498f-9536-da00fca7d632@group-81C630B2EAFB-LeaderElection3] INFO  impl.LeaderElection (LeaderElection.java:askForVotes(312)) - d4f71ede-bed0-498f-9536-da00fca7d632@group-81C630B2EAFB-LeaderElection3 PRE_VOTE round 0: submit vote requests at term 0 for -1: peers:[f1fceee1-e839-4390-8ee1-a452674c18b3|rpc:10.1.1.15:46149|dataStream:10.1.1.15:36103|priority:0|startupRole:FOLLOWER, ce14290f-c11f-4031-993d-843363841a3d|rpc:10.1.1.15:36461|dataStream:10.1.1.15:35205|priority:1|startupRole:FOLLOWER, d4f71ede-bed0-498f-9536-da00fca7d632|rpc:10.1.1.15:34357|dataStream:10.1.1.15:39647|priority:0|startupRole:FOLLOWER]|listeners:[], old=null
2023-02-28 20:08:34,624 [d4f71ede-bed0-498f-9536-da00fca7d632@group-81C630B2EAFB-LeaderElection3-1] INFO  server.GrpcServerProtocolClient (GrpcServerProtocolClient.java:<init>(63)) - Build channel for f1fceee1-e839-4390-8ee1-a452674c18b3
2023-02-28 20:08:34,627 [d4f71ede-bed0-498f-9536-da00fca7d632@group-81C630B2EAFB-LeaderElection3] INFO  server.RaftServerConfigKeys (ConfUtils.java:logFallback(53)) - raft.server.rpc.first-election.timeout.min = 5s (fallback to raft.server.rpc.timeout.min)
2023-02-28 20:08:34,631 [d4f71ede-bed0-498f-9536-da00fca7d632@group-81C630B2EAFB-LeaderElection3] INFO  server.RaftServerConfigKeys (ConfUtils.java:logFallback(53)) - raft.server.rpc.first-election.timeout.max = 5200ms (fallback to raft.server.rpc.timeout.max)
2023-02-28 20:08:34,634 [d4f71ede-bed0-498f-9536-da00fca7d632@group-81C630B2EAFB-LeaderElection3-2] INFO  server.GrpcServerProtocolClient (GrpcServerProtocolClient.java:<init>(63)) - Build channel for ce14290f-c11f-4031-993d-843363841a3d
2023-02-28 20:08:34,643 [grpc-default-executor-2] INFO  server.RaftServer$Division (RaftServerImpl.java:requestVote(1218)) - f1fceee1-e839-4390-8ee1-a452674c18b3@group-81C630B2EAFB: receive requestVote(PRE_VOTE, d4f71ede-bed0-498f-9536-da00fca7d632, group-81C630B2EAFB, 0, (t:0, i:0))
2023-02-28 20:08:34,643 [grpc-default-executor-2] INFO  impl.VoteContext (VoteContext.java:log(49)) - f1fceee1-e839-4390-8ee1-a452674c18b3@group-81C630B2EAFB-FOLLOWER: accept PRE_VOTE from d4f71ede-bed0-498f-9536-da00fca7d632: our priority 0 <= candidate's priority 0
2023-02-28 20:08:34,643 [grpc-default-executor-2] INFO  server.RaftServer$Division (RaftServerImpl.java:requestVote(1251)) - f1fceee1-e839-4390-8ee1-a452674c18b3@group-81C630B2EAFB replies to PRE_VOTE vote request: d4f71ede-bed0-498f-9536-da00fca7d632<-f1fceee1-e839-4390-8ee1-a452674c18b3#0:OK-t0. Peer's state: f1fceee1-e839-4390-8ee1-a452674c18b3@group-81C630B2EAFB:t0, leader=null, voted=, raftlog=Memoized:f1fceee1-e839-4390-8ee1-a452674c18b3@group-81C630B2EAFB-SegmentedRaftLog:OPENED:c-1, conf=-1: peers:[f1fceee1-e839-4390-8ee1-a452674c18b3|rpc:10.1.1.15:46149|dataStream:10.1.1.15:36103|priority:0|startupRole:FOLLOWER, ce14290f-c11f-4031-993d-843363841a3d|rpc:10.1.1.15:36461|dataStream:10.1.1.15:35205|priority:1|startupRole:FOLLOWER, d4f71ede-bed0-498f-9536-da00fca7d632|rpc:10.1.1.15:34357|dataStream:10.1.1.15:39647|priority:0|startupRole:FOLLOWER]|listeners:[], old=null
2023-02-28 20:08:34,646 [grpc-default-executor-2] INFO  server.RaftServer$Division (RaftServerImpl.java:requestVote(1218)) - ce14290f-c11f-4031-993d-843363841a3d@group-81C630B2EAFB: receive requestVote(PRE_VOTE, d4f71ede-bed0-498f-9536-da00fca7d632, group-81C630B2EAFB, 0, (t:0, i:0))
2023-02-28 20:08:34,646 [grpc-default-executor-2] INFO  impl.VoteContext (VoteContext.java:log(49)) - ce14290f-c11f-4031-993d-843363841a3d@group-81C630B2EAFB-FOLLOWER: reject PRE_VOTE from d4f71ede-bed0-498f-9536-da00fca7d632: our priority 1 > candidate's priority 0
2023-02-28 20:08:34,646 [grpc-default-executor-2] INFO  server.RaftServer$Division (RaftServerImpl.java:requestVote(1251)) - ce14290f-c11f-4031-993d-843363841a3d@group-81C630B2EAFB replies to PRE_VOTE vote request: d4f71ede-bed0-498f-9536-da00fca7d632<-ce14290f-c11f-4031-993d-843363841a3d#0:FAIL-t0. Peer's state: ce14290f-c11f-4031-993d-843363841a3d@group-81C630B2EAFB:t0, leader=null, voted=, raftlog=Memoized:ce14290f-c11f-4031-993d-843363841a3d@group-81C630B2EAFB-SegmentedRaftLog:OPENED:c-1, conf=-1: peers:[f1fceee1-e839-4390-8ee1-a452674c18b3|rpc:10.1.1.15:46149|dataStream:10.1.1.15:36103|priority:0|startupRole:FOLLOWER, ce14290f-c11f-4031-993d-843363841a3d|rpc:10.1.1.15:36461|dataStream:10.1.1.15:35205|priority:1|startupRole:FOLLOWER, d4f71ede-bed0-498f-9536-da00fca7d632|rpc:10.1.1.15:34357|dataStream:10.1.1.15:39647|priority:0|startupRole:FOLLOWER]|listeners:[], old=null
2023-02-28 20:08:34,656 [d4f71ede-bed0-498f-9536-da00fca7d632@group-81C630B2EAFB-LeaderElection3] INFO  impl.LeaderElection (LeaderElection.java:logAndReturn(90)) - d4f71ede-bed0-498f-9536-da00fca7d632@group-81C630B2EAFB-LeaderElection3: PRE_VOTE REJECTED received 2 response(s) and 0 exception(s):
2023-02-28 20:08:34,657 [d4f71ede-bed0-498f-9536-da00fca7d632@group-81C630B2EAFB-LeaderElection3] INFO  impl.LeaderElection (LeaderElection.java:logAndReturn(94)) -   Response 0: d4f71ede-bed0-498f-9536-da00fca7d632<-f1fceee1-e839-4390-8ee1-a452674c18b3#0:OK-t0
2023-02-28 20:08:34,657 [d4f71ede-bed0-498f-9536-da00fca7d632@group-81C630B2EAFB-LeaderElection3] INFO  impl.LeaderElection (LeaderElection.java:logAndReturn(94)) -   Response 1: d4f71ede-bed0-498f-9536-da00fca7d632<-ce14290f-c11f-4031-993d-843363841a3d#0:FAIL-t0
2023-02-28 20:08:34,657 [d4f71ede-bed0-498f-9536-da00fca7d632@group-81C630B2EAFB-LeaderElection3] INFO  impl.LeaderElection (LeaderElection.java:askForVotes(314)) - d4f71ede-bed0-498f-9536-da00fca7d632@group-81C630B2EAFB-LeaderElection3 PRE_VOTE round 0: result REJECTED
2023-02-28 20:08:34,657 [d4f71ede-bed0-498f-9536-da00fca7d632@group-81C630B2EAFB-LeaderElection3] INFO  server.RaftServer$Division (RaftServerImpl.java:setRole(321)) - d4f71ede-bed0-498f-9536-da00fca7d632@group-81C630B2EAFB: changes role from CANDIDATE to FOLLOWER at term 0 for REJECTED
2023-02-28 20:08:34,657 [d4f71ede-bed0-498f-9536-da00fca7d632@group-81C630B2EAFB-LeaderElection3] INFO  impl.RoleInfo (RoleInfo.java:shutdownLeaderElection(130)) - d4f71ede-bed0-498f-9536-da00fca7d632: shutdown d4f71ede-bed0-498f-9536-da00fca7d632@group-81C630B2EAFB-LeaderElection3
2023-02-28 20:08:34,657 [d4f71ede-bed0-498f-9536-da00fca7d632@group-81C630B2EAFB-LeaderElection3] INFO  impl.RoleInfo (RoleInfo.java:updateAndGet(139)) - d4f71ede-bed0-498f-9536-da00fca7d632: start d4f71ede-bed0-498f-9536-da00fca7d632@group-81C630B2EAFB-FollowerState
2023-02-28 20:08:34,657 [d4f71ede-bed0-498f-9536-da00fca7d632@group-81C630B2EAFB-FollowerState] INFO  server.RaftServerConfigKeys (ConfUtils.java:logFallback(53)) - raft.server.rpc.first-election.timeout.min = 5s (fallback to raft.server.rpc.timeout.min)
2023-02-28 20:08:34,658 [d4f71ede-bed0-498f-9536-da00fca7d632@group-81C630B2EAFB-FollowerState] INFO  server.RaftServerConfigKeys (ConfUtils.java:logFallback(53)) - raft.server.rpc.first-election.timeout.max = 5200ms (fallback to raft.server.rpc.timeout.max)
2023-02-28 20:08:34,771 [ce14290f-c11f-4031-993d-843363841a3d@group-81C630B2EAFB-FollowerState] INFO  impl.FollowerState (FollowerState.java:run(143)) - ce14290f-c11f-4031-993d-843363841a3d@group-81C630B2EAFB-FollowerState: change to CANDIDATE, lastRpcElapsedTime:5100258404ns, electionTimeout:5091ms
2023-02-28 20:08:34,771 [ce14290f-c11f-4031-993d-843363841a3d@group-81C630B2EAFB-FollowerState] INFO  impl.RoleInfo (RoleInfo.java:shutdownFollowerState(110)) - ce14290f-c11f-4031-993d-843363841a3d: shutdown ce14290f-c11f-4031-993d-843363841a3d@group-81C630B2EAFB-FollowerState
2023-02-28 20:08:34,772 [ce14290f-c11f-4031-993d-843363841a3d@group-81C630B2EAFB-FollowerState] INFO  server.RaftServer$Division (RaftServerImpl.java:setRole(321)) - ce14290f-c11f-4031-993d-843363841a3d@group-81C630B2EAFB: changes role from  FOLLOWER to CANDIDATE at term 0 for changeToCandidate
2023-02-28 20:08:34,772 [ce14290f-c11f-4031-993d-843363841a3d@group-81C630B2EAFB-FollowerState] INFO  server.RaftServerConfigKeys (ConfUtils.java:logGet(46)) - raft.server.leaderelection.pre-vote = true (default)
2023-02-28 20:08:34,772 [ce14290f-c11f-4031-993d-843363841a3d@group-81C630B2EAFB-FollowerState] INFO  impl.RoleInfo (RoleInfo.java:updateAndGet(139)) - ce14290f-c11f-4031-993d-843363841a3d: start ce14290f-c11f-4031-993d-843363841a3d@group-81C630B2EAFB-LeaderElection4
2023-02-28 20:08:34,773 [ce14290f-c11f-4031-993d-843363841a3d@group-81C630B2EAFB-LeaderElection4] INFO  impl.LeaderElection (LeaderElection.java:askForVotes(312)) - ce14290f-c11f-4031-993d-843363841a3d@group-81C630B2EAFB-LeaderElection4 PRE_VOTE round 0: submit vote requests at term 0 for -1: peers:[f1fceee1-e839-4390-8ee1-a452674c18b3|rpc:10.1.1.15:46149|dataStream:10.1.1.15:36103|priority:0|startupRole:FOLLOWER, ce14290f-c11f-4031-993d-843363841a3d|rpc:10.1.1.15:36461|dataStream:10.1.1.15:35205|priority:1|startupRole:FOLLOWER, d4f71ede-bed0-498f-9536-da00fca7d632|rpc:10.1.1.15:34357|dataStream:10.1.1.15:39647|priority:0|startupRole:FOLLOWER]|listeners:[], old=null
2023-02-28 20:08:34,774 [ce14290f-c11f-4031-993d-843363841a3d@group-81C630B2EAFB-LeaderElection4-1] INFO  server.GrpcServerProtocolClient (GrpcServerProtocolClient.java:<init>(63)) - Build channel for f1fceee1-e839-4390-8ee1-a452674c18b3
2023-02-28 20:08:34,777 [ce14290f-c11f-4031-993d-843363841a3d@group-81C630B2EAFB-LeaderElection4] INFO  server.RaftServerConfigKeys (ConfUtils.java:logFallback(53)) - raft.server.rpc.first-election.timeout.min = 5s (fallback to raft.server.rpc.timeout.min)
2023-02-28 20:08:34,778 [ce14290f-c11f-4031-993d-843363841a3d@group-81C630B2EAFB-LeaderElection4] INFO  server.RaftServerConfigKeys (ConfUtils.java:logFallback(53)) - raft.server.rpc.first-election.timeout.max = 5200ms (fallback to raft.server.rpc.timeout.max)
2023-02-28 20:08:34,777 [ce14290f-c11f-4031-993d-843363841a3d@group-81C630B2EAFB-LeaderElection4-2] INFO  server.GrpcServerProtocolClient (GrpcServerProtocolClient.java:<init>(63)) - Build channel for d4f71ede-bed0-498f-9536-da00fca7d632
2023-02-28 20:08:34,787 [grpc-default-executor-2] INFO  server.RaftServer$Division (RaftServerImpl.java:requestVote(1218)) - f1fceee1-e839-4390-8ee1-a452674c18b3@group-81C630B2EAFB: receive requestVote(PRE_VOTE, ce14290f-c11f-4031-993d-843363841a3d, group-81C630B2EAFB, 0, (t:0, i:0))
2023-02-28 20:08:34,787 [grpc-default-executor-2] INFO  impl.VoteContext (VoteContext.java:log(49)) - f1fceee1-e839-4390-8ee1-a452674c18b3@group-81C630B2EAFB-FOLLOWER: accept PRE_VOTE from ce14290f-c11f-4031-993d-843363841a3d: our priority 0 <= candidate's priority 1
2023-02-28 20:08:34,787 [grpc-default-executor-2] INFO  server.RaftServer$Division (RaftServerImpl.java:requestVote(1251)) - f1fceee1-e839-4390-8ee1-a452674c18b3@group-81C630B2EAFB replies to PRE_VOTE vote request: ce14290f-c11f-4031-993d-843363841a3d<-f1fceee1-e839-4390-8ee1-a452674c18b3#0:OK-t0. Peer's state: f1fceee1-e839-4390-8ee1-a452674c18b3@group-81C630B2EAFB:t0, leader=null, voted=, raftlog=Memoized:f1fceee1-e839-4390-8ee1-a452674c18b3@group-81C630B2EAFB-SegmentedRaftLog:OPENED:c-1, conf=-1: peers:[f1fceee1-e839-4390-8ee1-a452674c18b3|rpc:10.1.1.15:46149|dataStream:10.1.1.15:36103|priority:0|startupRole:FOLLOWER, ce14290f-c11f-4031-993d-843363841a3d|rpc:10.1.1.15:36461|dataStream:10.1.1.15:35205|priority:1|startupRole:FOLLOWER, d4f71ede-bed0-498f-9536-da00fca7d632|rpc:10.1.1.15:34357|dataStream:10.1.1.15:39647|priority:0|startupRole:FOLLOWER]|listeners:[], old=null
2023-02-28 20:08:34,789 [ce14290f-c11f-4031-993d-843363841a3d@group-81C630B2EAFB-LeaderElection4] INFO  impl.LeaderElection (LeaderElection.java:logAndReturn(90)) - ce14290f-c11f-4031-993d-843363841a3d@group-81C630B2EAFB-LeaderElection4: PRE_VOTE PASSED received 1 response(s) and 0 exception(s):
2023-02-28 20:08:34,789 [ce14290f-c11f-4031-993d-843363841a3d@group-81C630B2EAFB-LeaderElection4] INFO  impl.LeaderElection (LeaderElection.java:logAndReturn(94)) -   Response 0: ce14290f-c11f-4031-993d-843363841a3d<-f1fceee1-e839-4390-8ee1-a452674c18b3#0:OK-t0
2023-02-28 20:08:34,789 [ce14290f-c11f-4031-993d-843363841a3d@group-81C630B2EAFB-LeaderElection4] INFO  impl.LeaderElection (LeaderElection.java:askForVotes(314)) - ce14290f-c11f-4031-993d-843363841a3d@group-81C630B2EAFB-LeaderElection4 PRE_VOTE round 0: result PASSED
2023-02-28 20:08:34,793 [ce14290f-c11f-4031-993d-843363841a3d@group-81C630B2EAFB-LeaderElection4] INFO  impl.LeaderElection (LeaderElection.java:askForVotes(312)) - ce14290f-c11f-4031-993d-843363841a3d@group-81C630B2EAFB-LeaderElection4 ELECTION round 0: submit vote requests at term 1 for -1: peers:[f1fceee1-e839-4390-8ee1-a452674c18b3|rpc:10.1.1.15:46149|dataStream:10.1.1.15:36103|priority:0|startupRole:FOLLOWER, ce14290f-c11f-4031-993d-843363841a3d|rpc:10.1.1.15:36461|dataStream:10.1.1.15:35205|priority:1|startupRole:FOLLOWER, d4f71ede-bed0-498f-9536-da00fca7d632|rpc:10.1.1.15:34357|dataStream:10.1.1.15:39647|priority:0|startupRole:FOLLOWER]|listeners:[], old=null
2023-02-28 20:08:34,794 [ce14290f-c11f-4031-993d-843363841a3d@group-81C630B2EAFB-LeaderElection4] INFO  server.RaftServerConfigKeys (ConfUtils.java:logFallback(53)) - raft.server.rpc.first-election.timeout.min = 5s (fallback to raft.server.rpc.timeout.min)
2023-02-28 20:08:34,794 [ce14290f-c11f-4031-993d-843363841a3d@group-81C630B2EAFB-LeaderElection4] INFO  server.RaftServerConfigKeys (ConfUtils.java:logFallback(53)) - raft.server.rpc.first-election.timeout.max = 5200ms (fallback to raft.server.rpc.timeout.max)
2023-02-28 20:08:34,797 [grpc-default-executor-2] INFO  server.RaftServer$Division (RaftServerImpl.java:requestVote(1218)) - d4f71ede-bed0-498f-9536-da00fca7d632@group-81C630B2EAFB: receive requestVote(PRE_VOTE, ce14290f-c11f-4031-993d-843363841a3d, group-81C630B2EAFB, 0, (t:0, i:0))
2023-02-28 20:08:34,797 [grpc-default-executor-2] INFO  impl.VoteContext (VoteContext.java:log(49)) - d4f71ede-bed0-498f-9536-da00fca7d632@group-81C630B2EAFB-FOLLOWER: accept PRE_VOTE from ce14290f-c11f-4031-993d-843363841a3d: our priority 0 <= candidate's priority 1
2023-02-28 20:08:34,797 [grpc-default-executor-2] INFO  server.RaftServer$Division (RaftServerImpl.java:requestVote(1251)) - d4f71ede-bed0-498f-9536-da00fca7d632@group-81C630B2EAFB replies to PRE_VOTE vote request: ce14290f-c11f-4031-993d-843363841a3d<-d4f71ede-bed0-498f-9536-da00fca7d632#0:OK-t0. Peer's state: d4f71ede-bed0-498f-9536-da00fca7d632@group-81C630B2EAFB:t0, leader=null, voted=, raftlog=Memoized:d4f71ede-bed0-498f-9536-da00fca7d632@group-81C630B2EAFB-SegmentedRaftLog:OPENED:c-1, conf=-1: peers:[f1fceee1-e839-4390-8ee1-a452674c18b3|rpc:10.1.1.15:46149|dataStream:10.1.1.15:36103|priority:0|startupRole:FOLLOWER, ce14290f-c11f-4031-993d-843363841a3d|rpc:10.1.1.15:36461|dataStream:10.1.1.15:35205|priority:1|startupRole:FOLLOWER, d4f71ede-bed0-498f-9536-da00fca7d632|rpc:10.1.1.15:34357|dataStream:10.1.1.15:39647|priority:0|startupRole:FOLLOWER]|listeners:[], old=null
2023-02-28 20:08:34,803 [grpc-default-executor-3] INFO  server.RaftServer$Division (RaftServerImpl.java:requestVote(1218)) - f1fceee1-e839-4390-8ee1-a452674c18b3@group-81C630B2EAFB: receive requestVote(ELECTION, ce14290f-c11f-4031-993d-843363841a3d, group-81C630B2EAFB, 1, (t:0, i:0))
2023-02-28 20:08:34,803 [grpc-default-executor-3] INFO  impl.VoteContext (VoteContext.java:log(49)) - f1fceee1-e839-4390-8ee1-a452674c18b3@group-81C630B2EAFB-FOLLOWER: accept ELECTION from ce14290f-c11f-4031-993d-843363841a3d: our priority 0 <= candidate's priority 1
2023-02-28 20:08:34,803 [grpc-default-executor-3] INFO  server.RaftServer$Division (RaftServerImpl.java:setRole(321)) - f1fceee1-e839-4390-8ee1-a452674c18b3@group-81C630B2EAFB: changes role from  FOLLOWER to FOLLOWER at term 1 for candidate:ce14290f-c11f-4031-993d-843363841a3d
2023-02-28 20:08:34,803 [grpc-default-executor-3] INFO  impl.RoleInfo (RoleInfo.java:shutdownFollowerState(110)) - f1fceee1-e839-4390-8ee1-a452674c18b3: shutdown f1fceee1-e839-4390-8ee1-a452674c18b3@group-81C630B2EAFB-FollowerState
2023-02-28 20:08:34,804 [grpc-default-executor-3] INFO  impl.RoleInfo (RoleInfo.java:updateAndGet(139)) - f1fceee1-e839-4390-8ee1-a452674c18b3: start f1fceee1-e839-4390-8ee1-a452674c18b3@group-81C630B2EAFB-FollowerState
2023-02-28 20:08:34,805 [f1fceee1-e839-4390-8ee1-a452674c18b3@group-81C630B2EAFB-FollowerState] INFO  server.RaftServerConfigKeys (ConfUtils.java:logFallback(53)) - raft.server.rpc.first-election.timeout.min = 5s (fallback to raft.server.rpc.timeout.min)
2023-02-28 20:08:34,805 [f1fceee1-e839-4390-8ee1-a452674c18b3@group-81C630B2EAFB-FollowerState] INFO  impl.FollowerState (FollowerState.java:run(152)) - f1fceee1-e839-4390-8ee1-a452674c18b3@group-81C630B2EAFB-FollowerState was interrupted
2023-02-28 20:08:34,805 [f1fceee1-e839-4390-8ee1-a452674c18b3@group-81C630B2EAFB-FollowerState] INFO  server.RaftServerConfigKeys (ConfUtils.java:logFallback(53)) - raft.server.rpc.first-election.timeout.max = 5200ms (fallback to raft.server.rpc.timeout.max)
2023-02-28 20:08:34,805 [grpc-default-executor-3] INFO  server.RaftServer$Division (RaftServerImpl.java:requestVote(1251)) - f1fceee1-e839-4390-8ee1-a452674c18b3@group-81C630B2EAFB replies to ELECTION vote request: ce14290f-c11f-4031-993d-843363841a3d<-f1fceee1-e839-4390-8ee1-a452674c18b3#0:OK-t1. Peer's state: f1fceee1-e839-4390-8ee1-a452674c18b3@group-81C630B2EAFB:t1, leader=null, voted=ce14290f-c11f-4031-993d-843363841a3d, raftlog=Memoized:f1fceee1-e839-4390-8ee1-a452674c18b3@group-81C630B2EAFB-SegmentedRaftLog:OPENED:c-1, conf=-1: peers:[f1fceee1-e839-4390-8ee1-a452674c18b3|rpc:10.1.1.15:46149|dataStream:10.1.1.15:36103|priority:0|startupRole:FOLLOWER, ce14290f-c11f-4031-993d-843363841a3d|rpc:10.1.1.15:36461|dataStream:10.1.1.15:35205|priority:1|startupRole:FOLLOWER, d4f71ede-bed0-498f-9536-da00fca7d632|rpc:10.1.1.15:34357|dataStream:10.1.1.15:39647|priority:0|startupRole:FOLLOWER]|listeners:[], old=null
2023-02-28 20:08:34,808 [grpc-default-executor-2] INFO  server.RaftServer$Division (RaftServerImpl.java:requestVote(1218)) - d4f71ede-bed0-498f-9536-da00fca7d632@group-81C630B2EAFB: receive requestVote(ELECTION, ce14290f-c11f-4031-993d-843363841a3d, group-81C630B2EAFB, 1, (t:0, i:0))
2023-02-28 20:08:34,808 [grpc-default-executor-2] INFO  impl.VoteContext (VoteContext.java:log(49)) - d4f71ede-bed0-498f-9536-da00fca7d632@group-81C630B2EAFB-FOLLOWER: accept ELECTION from ce14290f-c11f-4031-993d-843363841a3d: our priority 0 <= candidate's priority 1
2023-02-28 20:08:34,808 [grpc-default-executor-2] INFO  server.RaftServer$Division (RaftServerImpl.java:setRole(321)) - d4f71ede-bed0-498f-9536-da00fca7d632@group-81C630B2EAFB: changes role from  FOLLOWER to FOLLOWER at term 1 for candidate:ce14290f-c11f-4031-993d-843363841a3d
2023-02-28 20:08:34,808 [grpc-default-executor-2] INFO  impl.RoleInfo (RoleInfo.java:shutdownFollowerState(110)) - d4f71ede-bed0-498f-9536-da00fca7d632: shutdown d4f71ede-bed0-498f-9536-da00fca7d632@group-81C630B2EAFB-FollowerState
2023-02-28 20:08:34,808 [grpc-default-executor-2] INFO  impl.RoleInfo (RoleInfo.java:updateAndGet(139)) - d4f71ede-bed0-498f-9536-da00fca7d632: start d4f71ede-bed0-498f-9536-da00fca7d632@group-81C630B2EAFB-FollowerState
2023-02-28 20:08:34,808 [d4f71ede-bed0-498f-9536-da00fca7d632@group-81C630B2EAFB-FollowerState] INFO  impl.FollowerState (FollowerState.java:run(152)) - d4f71ede-bed0-498f-9536-da00fca7d632@group-81C630B2EAFB-FollowerState was interrupted
2023-02-28 20:08:34,814 [grpc-default-executor-2] INFO  server.RaftServer$Division (RaftServerImpl.java:requestVote(1251)) - d4f71ede-bed0-498f-9536-da00fca7d632@group-81C630B2EAFB replies to ELECTION vote request: ce14290f-c11f-4031-993d-843363841a3d<-d4f71ede-bed0-498f-9536-da00fca7d632#0:OK-t1. Peer's state: d4f71ede-bed0-498f-9536-da00fca7d632@group-81C630B2EAFB:t1, leader=null, voted=ce14290f-c11f-4031-993d-843363841a3d, raftlog=Memoized:d4f71ede-bed0-498f-9536-da00fca7d632@group-81C630B2EAFB-SegmentedRaftLog:OPENED:c-1, conf=-1: peers:[f1fceee1-e839-4390-8ee1-a452674c18b3|rpc:10.1.1.15:46149|dataStream:10.1.1.15:36103|priority:0|startupRole:FOLLOWER, ce14290f-c11f-4031-993d-843363841a3d|rpc:10.1.1.15:36461|dataStream:10.1.1.15:35205|priority:1|startupRole:FOLLOWER, d4f71ede-bed0-498f-9536-da00fca7d632|rpc:10.1.1.15:34357|dataStream:10.1.1.15:39647|priority:0|startupRole:FOLLOWER]|listeners:[], old=null
2023-02-28 20:08:34,814 [d4f71ede-bed0-498f-9536-da00fca7d632@group-81C630B2EAFB-FollowerState] INFO  server.RaftServerConfigKeys (ConfUtils.java:logFallback(53)) - raft.server.rpc.first-election.timeout.min = 5s (fallback to raft.server.rpc.timeout.min)
2023-02-28 20:08:34,814 [d4f71ede-bed0-498f-9536-da00fca7d632@group-81C630B2EAFB-FollowerState] INFO  server.RaftServerConfigKeys (ConfUtils.java:logFallback(53)) - raft.server.rpc.first-election.timeout.max = 5200ms (fallback to raft.server.rpc.timeout.max)
2023-02-28 20:08:34,826 [ce14290f-c11f-4031-993d-843363841a3d@group-81C630B2EAFB-LeaderElection4] INFO  impl.LeaderElection (LeaderElection.java:logAndReturn(90)) - ce14290f-c11f-4031-993d-843363841a3d@group-81C630B2EAFB-LeaderElection4: ELECTION PASSED received 1 response(s) and 0 exception(s):
2023-02-28 20:08:34,826 [ce14290f-c11f-4031-993d-843363841a3d@group-81C630B2EAFB-LeaderElection4] INFO  impl.LeaderElection (LeaderElection.java:logAndReturn(94)) -   Response 0: ce14290f-c11f-4031-993d-843363841a3d<-d4f71ede-bed0-498f-9536-da00fca7d632#0:OK-t1
2023-02-28 20:08:34,826 [ce14290f-c11f-4031-993d-843363841a3d@group-81C630B2EAFB-LeaderElection4] INFO  impl.LeaderElection (LeaderElection.java:askForVotes(314)) - ce14290f-c11f-4031-993d-843363841a3d@group-81C630B2EAFB-LeaderElection4 ELECTION round 0: result PASSED
2023-02-28 20:08:34,826 [ce14290f-c11f-4031-993d-843363841a3d@group-81C630B2EAFB-LeaderElection4] INFO  impl.RoleInfo (RoleInfo.java:shutdownLeaderElection(130)) - ce14290f-c11f-4031-993d-843363841a3d: shutdown ce14290f-c11f-4031-993d-843363841a3d@group-81C630B2EAFB-LeaderElection4
2023-02-28 20:08:34,826 [ce14290f-c11f-4031-993d-843363841a3d@group-81C630B2EAFB-LeaderElection4] INFO  server.RaftServer$Division (RaftServerImpl.java:setRole(321)) - ce14290f-c11f-4031-993d-843363841a3d@group-81C630B2EAFB: changes role from CANDIDATE to LEADER at term 1 for changeToLeader
2023-02-28 20:08:34,826 [ce14290f-c11f-4031-993d-843363841a3d@group-81C630B2EAFB-LeaderElection4] INFO  ratis.XceiverServerRatis (XceiverServerRatis.java:handleLeaderChangedNotification(905)) - Leader change notification received for group: group-81C630B2EAFB with new leaderId: ce14290f-c11f-4031-993d-843363841a3d
2023-02-28 20:08:34,827 [ce14290f-c11f-4031-993d-843363841a3d@group-81C630B2EAFB-LeaderElection4] INFO  server.RaftServer$Division (ServerState.java:setLeader(313)) - ce14290f-c11f-4031-993d-843363841a3d@group-81C630B2EAFB: change Leader from null to ce14290f-c11f-4031-993d-843363841a3d at term 1 for becomeLeader, leader elected after 5188ms
2023-02-28 20:08:34,828 [ce14290f-c11f-4031-993d-843363841a3d@group-81C630B2EAFB-LeaderElection4] INFO  server.RaftServerConfigKeys (ConfUtils.java:logGet(46)) - raft.server.staging.catchup.gap = 1000 (default)
2023-02-28 20:08:34,828 [ce14290f-c11f-4031-993d-843363841a3d@group-81C630B2EAFB-LeaderElection4] INFO  server.RaftServerConfigKeys (ConfUtils.java:logGet(46)) - raft.server.write.element-limit = 1024 (custom)
2023-02-28 20:08:34,828 [ce14290f-c11f-4031-993d-843363841a3d@group-81C630B2EAFB-LeaderElection4] INFO  server.RaftServerConfigKeys (ConfUtils.java:logGet(46)) - raft.server.write.byte-limit = 1024 M (=1073741824) (custom)
2023-02-28 20:08:34,828 [ce14290f-c11f-4031-993d-843363841a3d@group-81C630B2EAFB-LeaderElection4] INFO  server.RaftServerConfigKeys (ConfUtils.java:logGet(46)) - raft.server.watch.timeout = 180s (custom)
2023-02-28 20:08:34,828 [ce14290f-c11f-4031-993d-843363841a3d@group-81C630B2EAFB-LeaderElection4] INFO  server.RaftServerConfigKeys (ConfUtils.java:logGet(46)) - raft.server.watch.timeout.denomination = 1s (default)
2023-02-28 20:08:34,828 [ce14290f-c11f-4031-993d-843363841a3d@group-81C630B2EAFB-LeaderElection4] INFO  server.RaftServerConfigKeys (ConfUtils.java:logGet(46)) - raft.server.watch.element-limit = 65536 (default)
2023-02-28 20:08:34,829 [ce14290f-c11f-4031-993d-843363841a3d@group-81C630B2EAFB-LeaderElection4] INFO  server.RaftServerConfigKeys (ConfUtils.java:logGet(46)) - raft.server.write.element-limit = 1024 (custom)
2023-02-28 20:08:34,829 [ce14290f-c11f-4031-993d-843363841a3d@group-81C630B2EAFB-LeaderElection4] INFO  server.RaftServerConfigKeys (ConfUtils.java:logGet(46)) - raft.server.write.follower.gap.ratio.max = -1.0 (default)
2023-02-28 20:08:34,829 [ce14290f-c11f-4031-993d-843363841a3d@group-81C630B2EAFB-LeaderElection4] INFO  server.RaftServerConfigKeys (ConfUtils.java:logGet(46)) - raft.server.log.appender.snapshot.chunk.size.max = 16MB (=16777216) (default)
2023-02-28 20:08:34,829 [ce14290f-c11f-4031-993d-843363841a3d@group-81C630B2EAFB-LeaderElection4] INFO  server.RaftServerConfigKeys (ConfUtils.java:logGet(46)) - raft.server.log.appender.buffer.byte-limit = 33554432 (custom)
2023-02-28 20:08:34,829 [ce14290f-c11f-4031-993d-843363841a3d@group-81C630B2EAFB-LeaderElection4] INFO  server.RaftServerConfigKeys (ConfUtils.java:logGet(46)) - raft.server.log.appender.buffer.element-limit = 1 (custom)
2023-02-28 20:08:34,829 [ce14290f-c11f-4031-993d-843363841a3d@group-81C630B2EAFB-LeaderElection4] INFO  grpc.GrpcConfigKeys (ConfUtils.java:logGet(46)) - raft.grpc.server.leader.outstanding.appends.max = 128 (default)
2023-02-28 20:08:34,829 [ce14290f-c11f-4031-993d-843363841a3d@group-81C630B2EAFB-LeaderElection4] INFO  server.RaftServerConfigKeys (ConfUtils.java:logGet(46)) - raft.server.rpc.request.timeout = 60s (custom)
2023-02-28 20:08:34,829 [ce14290f-c11f-4031-993d-843363841a3d@group-81C630B2EAFB-LeaderElection4] INFO  server.RaftServerConfigKeys (ConfUtils.java:logGet(46)) - raft.server.log.appender.install.snapshot.enabled = false (custom)
2023-02-28 20:08:34,829 [ce14290f-c11f-4031-993d-843363841a3d@group-81C630B2EAFB-LeaderElection4] INFO  grpc.GrpcConfigKeys (ConfUtils.java:logGet(46)) - raft.grpc.server.heartbeat.channel = true (default)
2023-02-28 20:08:34,829 [ce14290f-c11f-4031-993d-843363841a3d@group-81C630B2EAFB-LeaderElection4] INFO  server.RaftServerConfigKeys (ConfUtils.java:logGet(46)) - raft.server.log.appender.wait-time.min = 10ms (default)
2023-02-28 20:08:34,830 [ce14290f-c11f-4031-993d-843363841a3d@group-81C630B2EAFB-LeaderElection4] INFO  server.RaftServerConfigKeys (ConfUtils.java:logGet(46)) - raft.server.log.appender.snapshot.chunk.size.max = 16MB (=16777216) (default)
2023-02-28 20:08:34,830 [ce14290f-c11f-4031-993d-843363841a3d@group-81C630B2EAFB-LeaderElection4] INFO  server.RaftServerConfigKeys (ConfUtils.java:logGet(46)) - raft.server.log.appender.buffer.byte-limit = 33554432 (custom)
2023-02-28 20:08:34,830 [ce14290f-c11f-4031-993d-843363841a3d@group-81C630B2EAFB-LeaderElection4] INFO  server.RaftServerConfigKeys (ConfUtils.java:logGet(46)) - raft.server.log.appender.buffer.element-limit = 1 (custom)
2023-02-28 20:08:34,831 [ce14290f-c11f-4031-993d-843363841a3d@group-81C630B2EAFB-LeaderElection4] INFO  grpc.GrpcConfigKeys (ConfUtils.java:logGet(46)) - raft.grpc.server.leader.outstanding.appends.max = 128 (default)
2023-02-28 20:08:34,831 [ce14290f-c11f-4031-993d-843363841a3d@group-81C630B2EAFB-LeaderElection4] INFO  server.RaftServerConfigKeys (ConfUtils.java:logGet(46)) - raft.server.rpc.request.timeout = 60s (custom)
2023-02-28 20:08:34,831 [ce14290f-c11f-4031-993d-843363841a3d@group-81C630B2EAFB-LeaderElection4] INFO  server.RaftServerConfigKeys (ConfUtils.java:logGet(46)) - raft.server.log.appender.install.snapshot.enabled = false (custom)
2023-02-28 20:08:34,831 [ce14290f-c11f-4031-993d-843363841a3d@group-81C630B2EAFB-LeaderElection4] INFO  grpc.GrpcConfigKeys (ConfUtils.java:logGet(46)) - raft.grpc.server.heartbeat.channel = true (default)
2023-02-28 20:08:34,831 [ce14290f-c11f-4031-993d-843363841a3d@group-81C630B2EAFB-LeaderElection4] INFO  server.RaftServerConfigKeys (ConfUtils.java:logGet(46)) - raft.server.log.appender.wait-time.min = 10ms (default)
2023-02-28 20:08:34,831 [ce14290f-c11f-4031-993d-843363841a3d@group-81C630B2EAFB-LeaderElection4] INFO  impl.RoleInfo (RoleInfo.java:updateAndGet(139)) - ce14290f-c11f-4031-993d-843363841a3d: start ce14290f-c11f-4031-993d-843363841a3d@group-81C630B2EAFB-LeaderStateImpl
2023-02-28 20:08:34,832 [ce14290f-c11f-4031-993d-843363841a3d@group-81C630B2EAFB-LeaderElection4] INFO  segmented.SegmentedRaftLogWorker (SegmentedRaftLogWorker.java:startLogSegment(452)) - ce14290f-c11f-4031-993d-843363841a3d@group-81C630B2EAFB-SegmentedRaftLogWorker: Starting segment from index:0
2023-02-28 20:08:34,833 [ce14290f-c11f-4031-993d-843363841a3d@group-81C630B2EAFB-LeaderElection4] INFO  server.RaftServer$Division (ServerState.java:setRaftConf(430)) - ce14290f-c11f-4031-993d-843363841a3d@group-81C630B2EAFB: set configuration 0: peers:[f1fceee1-e839-4390-8ee1-a452674c18b3|rpc:10.1.1.15:46149|dataStream:10.1.1.15:36103|priority:0|startupRole:FOLLOWER, ce14290f-c11f-4031-993d-843363841a3d|rpc:10.1.1.15:36461|dataStream:10.1.1.15:35205|priority:1|startupRole:FOLLOWER, d4f71ede-bed0-498f-9536-da00fca7d632|rpc:10.1.1.15:34357|dataStream:10.1.1.15:39647|priority:0|startupRole:FOLLOWER]|listeners:[], old=null
2023-02-28 20:08:34,834 [ce14290f-c11f-4031-993d-843363841a3d@group-81C630B2EAFB-SegmentedRaftLogWorker] INFO  segmented.SegmentedRaftLogWorker (SegmentedRaftLogWorker.java:execute(656)) - ce14290f-c11f-4031-993d-843363841a3d@group-81C630B2EAFB-SegmentedRaftLogWorker: created new log segment /home/runner/work/ozone/ozone/hadoop-ozone/integration-test/target/test-dir/MiniOzoneClusterImpl-e7d671b1-06ed-40aa-a52b-2678dd5bab1b/datanode-2/data/ratis/2f90a01c-2f45-41f9-8817-81c630b2eafb/current/log_inprogress_0
2023-02-28 20:08:34,840 [EventQueue-PipelineReportForPipelineReportHandler] INFO  pipeline.PipelineManagerImpl (PipelineManagerImpl.java:openPipeline(367)) - Pipeline Pipeline[ Id: 2f90a01c-2f45-41f9-8817-81c630b2eafb, Nodes: d4f71ede-bed0-498f-9536-da00fca7d632(fv-az399-334/10.1.1.15)ce14290f-c11f-4031-993d-843363841a3d(fv-az399-334/10.1.1.15)f1fceee1-e839-4390-8ee1-a452674c18b3(fv-az399-334/10.1.1.15), ReplicationConfig: RATIS/THREE, State:ALLOCATED, leaderId:ce14290f-c11f-4031-993d-843363841a3d, CreationTimestamp2023-02-28T20:08:27.225Z[Etc/UTC]] moved to OPEN state
2023-02-28 20:08:34,841 [EventQueue-OpenPipelineForHealthyPipelineSafeModeRule] INFO  safemode.SCMSafeModeManager (HealthyPipelineSafeModeRule.java:process(137)) - SCM in safe mode. Healthy pipelines reported count is 1, required healthy pipeline reported count is 1
2023-02-28 20:08:34,841 [EventQueue-OpenPipelineForHealthyPipelineSafeModeRule] INFO  safemode.SCMSafeModeManager (SCMSafeModeManager.java:validateSafeModeExitRules(200)) - HealthyPipelineSafeModeRule rule is successfully validated
2023-02-28 20:08:34,841 [EventQueue-OpenPipelineForHealthyPipelineSafeModeRule] INFO  safemode.SCMSafeModeManager (SCMSafeModeManager.java:validateSafeModeExitRules(215)) - ScmSafeModeManager, all rules are successfully validated
2023-02-28 20:08:34,841 [EventQueue-OpenPipelineForHealthyPipelineSafeModeRule] INFO  safemode.SCMSafeModeManager (SCMSafeModeManager.java:exitSafeMode(244)) - SCM exiting safe mode.
2023-02-28 20:08:34,842 [EventQueue-OpenPipelineForHealthyPipelineSafeModeRule] INFO  ha.SCMContext (SCMContext.java:updateSafeModeStatus(228)) - Update SafeModeStatus from SafeModeStatus{safeModeStatus=true, preCheckPassed=true} to SafeModeStatus{safeModeStatus=false, preCheckPassed=true}.
2023-02-28 20:08:34,842 [EventQueue-OpenPipelineForHealthyPipelineSafeModeRule] INFO  pipeline.BackgroundPipelineCreator (BackgroundPipelineCreator.java:notifyStatusChanged(254)) - Service BackgroundPipelineCreator transitions to RUNNING.
2023-02-28 20:08:34,842 [EventQueue-OpenPipelineForHealthyPipelineSafeModeRule] INFO  BackgroundPipelineScrubber (BackgroundSCMService.java:notifyStatusChanged(82)) - Service BackgroundPipelineScrubber transitions to RUNNING.
2023-02-28 20:08:34,842 [EventQueue-OpenPipelineForHealthyPipelineSafeModeRule] INFO  ExpiredContainerReplicaOpScrubber (BackgroundSCMService.java:notifyStatusChanged(82)) - Service ExpiredContainerReplicaOpScrubber transitions to RUNNING.
2023-02-28 20:08:34,842 [EventQueue-OpenPipelineForHealthyPipelineSafeModeRule] INFO  replication.ReplicationManager (ReplicationManager.java:notifyStatusChanged(1084)) - Service ReplicationManager transitions to RUNNING.
2023-02-28 20:08:34,842 [d4f71ede-bed0-498f-9536-da00fca7d632@group-E3CFD3C613C5-FollowerState] INFO  impl.FollowerState (FollowerState.java:run(143)) - d4f71ede-bed0-498f-9536-da00fca7d632@group-E3CFD3C613C5-FollowerState: change to CANDIDATE, lastRpcElapsedTime:5048442130ns, electionTimeout:5046ms
2023-02-28 20:08:34,843 [d4f71ede-bed0-498f-9536-da00fca7d632@group-E3CFD3C613C5-FollowerState] INFO  impl.RoleInfo (RoleInfo.java:shutdownFollowerState(110)) - d4f71ede-bed0-498f-9536-da00fca7d632: shutdown d4f71ede-bed0-498f-9536-da00fca7d632@group-E3CFD3C613C5-FollowerState
2023-02-28 20:08:34,843 [d4f71ede-bed0-498f-9536-da00fca7d632@group-E3CFD3C613C5-FollowerState] INFO  server.RaftServer$Division (RaftServerImpl.java:setRole(321)) - d4f71ede-bed0-498f-9536-da00fca7d632@group-E3CFD3C613C5: changes role from  FOLLOWER to CANDIDATE at term 0 for changeToCandidate
2023-02-28 20:08:34,845 [d4f71ede-bed0-498f-9536-da00fca7d632@group-E3CFD3C613C5-FollowerState] INFO  server.RaftServerConfigKeys (ConfUtils.java:logGet(46)) - raft.server.leaderelection.pre-vote = true (default)
2023-02-28 20:08:34,845 [d4f71ede-bed0-498f-9536-da00fca7d632@group-E3CFD3C613C5-FollowerState] INFO  impl.RoleInfo (RoleInfo.java:updateAndGet(139)) - d4f71ede-bed0-498f-9536-da00fca7d632: start d4f71ede-bed0-498f-9536-da00fca7d632@group-E3CFD3C613C5-LeaderElection5
2023-02-28 20:08:34,847 [ce14290f-c11f-4031-993d-843363841a3d@group-E3CFD3C613C5-FollowerState] INFO  impl.FollowerState (FollowerState.java:run(143)) - ce14290f-c11f-4031-993d-843363841a3d@group-E3CFD3C613C5-FollowerState: change to CANDIDATE, lastRpcElapsedTime:5012636510ns, electionTimeout:5003ms
2023-02-28 20:08:34,847 [ce14290f-c11f-4031-993d-843363841a3d@group-E3CFD3C613C5-FollowerState] INFO  impl.RoleInfo (RoleInfo.java:shutdownFollowerState(110)) - ce14290f-c11f-4031-993d-843363841a3d: shutdown ce14290f-c11f-4031-993d-843363841a3d@group-E3CFD3C613C5-FollowerState
2023-02-28 20:08:34,847 [ce14290f-c11f-4031-993d-843363841a3d@group-E3CFD3C613C5-FollowerState] INFO  server.RaftServer$Division (RaftServerImpl.java:setRole(321)) - ce14290f-c11f-4031-993d-843363841a3d@group-E3CFD3C613C5: changes role from  FOLLOWER to CANDIDATE at term 0 for changeToCandidate
2023-02-28 20:08:34,851 [ce14290f-c11f-4031-993d-843363841a3d@group-E3CFD3C613C5-FollowerState] INFO  server.RaftServerConfigKeys (ConfUtils.java:logGet(46)) - raft.server.leaderelection.pre-vote = true (default)
2023-02-28 20:08:34,851 [ce14290f-c11f-4031-993d-843363841a3d@group-E3CFD3C613C5-FollowerState] INFO  impl.RoleInfo (RoleInfo.java:updateAndGet(139)) - ce14290f-c11f-4031-993d-843363841a3d: start ce14290f-c11f-4031-993d-843363841a3d@group-E3CFD3C613C5-LeaderElection6
2023-02-28 20:08:34,855 [EventQueue-OpenPipelineForHealthyPipelineSafeModeRule] WARN  balancer.ContainerBalancer (ContainerBalancer.java:shouldRun(131)) - Could not find persisted configuration for ContainerBalancer when checking if ContainerBalancer should run. ContainerBalancer should not run now.
2023-02-28 20:08:34,858 [d4f71ede-bed0-498f-9536-da00fca7d632@group-E3CFD3C613C5-LeaderElection5] INFO  impl.LeaderElection (LeaderElection.java:askForVotes(312)) - d4f71ede-bed0-498f-9536-da00fca7d632@group-E3CFD3C613C5-LeaderElection5 PRE_VOTE round 0: submit vote requests at term 0 for -1: peers:[f1fceee1-e839-4390-8ee1-a452674c18b3|rpc:10.1.1.15:46149|dataStream:10.1.1.15:36103|priority:0|startupRole:FOLLOWER, ce14290f-c11f-4031-993d-843363841a3d|rpc:10.1.1.15:36461|dataStream:10.1.1.15:35205|priority:0|startupRole:FOLLOWER, d4f71ede-bed0-498f-9536-da00fca7d632|rpc:10.1.1.15:34357|dataStream:10.1.1.15:39647|priority:1|startupRole:FOLLOWER]|listeners:[], old=null
2023-02-28 20:08:34,858 [ce14290f-c11f-4031-993d-843363841a3d@group-E3CFD3C613C5-LeaderElection6] INFO  impl.LeaderElection (LeaderElection.java:askForVotes(312)) - ce14290f-c11f-4031-993d-843363841a3d@group-E3CFD3C613C5-LeaderElection6 PRE_VOTE round 0: submit vote requests at term 0 for -1: peers:[f1fceee1-e839-4390-8ee1-a452674c18b3|rpc:10.1.1.15:46149|dataStream:10.1.1.15:36103|priority:0|startupRole:FOLLOWER, ce14290f-c11f-4031-993d-843363841a3d|rpc:10.1.1.15:36461|dataStream:10.1.1.15:35205|priority:0|startupRole:FOLLOWER, d4f71ede-bed0-498f-9536-da00fca7d632|rpc:10.1.1.15:34357|dataStream:10.1.1.15:39647|priority:1|startupRole:FOLLOWER]|listeners:[], old=null
2023-02-28 20:08:34,876 [ce14290f-c11f-4031-993d-843363841a3d@group-E3CFD3C613C5-LeaderElection6] INFO  server.RaftServerConfigKeys (ConfUtils.java:logFallback(53)) - raft.server.rpc.first-election.timeout.min = 5s (fallback to raft.server.rpc.timeout.min)
2023-02-28 20:08:34,876 [ce14290f-c11f-4031-993d-843363841a3d@group-E3CFD3C613C5-LeaderElection6] INFO  server.RaftServerConfigKeys (ConfUtils.java:logFallback(53)) - raft.server.rpc.first-election.timeout.max = 5200ms (fallback to raft.server.rpc.timeout.max)
2023-02-28 20:08:34,878 [grpc-default-executor-2] INFO  server.RaftServer$Division (RaftServerImpl.java:requestVote(1218)) - f1fceee1-e839-4390-8ee1-a452674c18b3@group-E3CFD3C613C5: receive requestVote(PRE_VOTE, ce14290f-c11f-4031-993d-843363841a3d, group-E3CFD3C613C5, 0, (t:0, i:0))
2023-02-28 20:08:34,884 [d4f71ede-bed0-498f-9536-da00fca7d632-server-thread1] INFO  ratis.XceiverServerRatis (XceiverServerRatis.java:handleLeaderChangedNotification(905)) - Leader change notification received for group: group-81C630B2EAFB with new leaderId: ce14290f-c11f-4031-993d-843363841a3d
2023-02-28 20:08:34,883 [f1fceee1-e839-4390-8ee1-a452674c18b3-server-thread2] INFO  ratis.XceiverServerRatis (XceiverServerRatis.java:handleLeaderChangedNotification(905)) - Leader change notification received for group: group-81C630B2EAFB with new leaderId: ce14290f-c11f-4031-993d-843363841a3d
2023-02-28 20:08:34,887 [f1fceee1-e839-4390-8ee1-a452674c18b3-server-thread2] INFO  server.RaftServer$Division (ServerState.java:setLeader(313)) - f1fceee1-e839-4390-8ee1-a452674c18b3@group-81C630B2EAFB: change Leader from null to ce14290f-c11f-4031-993d-843363841a3d at term 1 for appendEntries, leader elected after 5149ms
2023-02-28 20:08:34,881 [d4f71ede-bed0-498f-9536-da00fca7d632@group-E3CFD3C613C5-LeaderElection5] INFO  server.RaftServerConfigKeys (ConfUtils.java:logFallback(53)) - raft.server.rpc.first-election.timeout.min = 5s (fallback to raft.server.rpc.timeout.min)
2023-02-28 20:08:34,888 [d4f71ede-bed0-498f-9536-da00fca7d632@group-E3CFD3C613C5-LeaderElection5] INFO  server.RaftServerConfigKeys (ConfUtils.java:logFallback(53)) - raft.server.rpc.first-election.timeout.max = 5200ms (fallback to raft.server.rpc.timeout.max)
2023-02-28 20:08:34,878 [grpc-default-executor-4] INFO  server.RaftServer$Division (RaftServerImpl.java:requestVote(1218)) - d4f71ede-bed0-498f-9536-da00fca7d632@group-E3CFD3C613C5: receive requestVote(PRE_VOTE, ce14290f-c11f-4031-993d-843363841a3d, group-E3CFD3C613C5, 0, (t:0, i:0))
2023-02-28 20:08:34,887 [d4f71ede-bed0-498f-9536-da00fca7d632-server-thread1] INFO  server.RaftServer$Division (ServerState.java:setLeader(313)) - d4f71ede-bed0-498f-9536-da00fca7d632@group-81C630B2EAFB: change Leader from null to ce14290f-c11f-4031-993d-843363841a3d at term 1 for appendEntries, leader elected after 5353ms
2023-02-28 20:08:34,887 [grpc-default-executor-6] INFO  server.RaftServer$Division (RaftServerImpl.java:requestVote(1218)) - f1fceee1-e839-4390-8ee1-a452674c18b3@group-E3CFD3C613C5: receive requestVote(PRE_VOTE, d4f71ede-bed0-498f-9536-da00fca7d632, group-E3CFD3C613C5, 0, (t:0, i:0))
2023-02-28 20:08:34,887 [grpc-default-executor-2] INFO  impl.VoteContext (VoteContext.java:log(49)) - f1fceee1-e839-4390-8ee1-a452674c18b3@group-E3CFD3C613C5-FOLLOWER: accept PRE_VOTE from ce14290f-c11f-4031-993d-843363841a3d: our priority 0 <= candidate's priority 0
2023-02-28 20:08:34,888 [grpc-default-executor-2] INFO  server.RaftServer$Division (RaftServerImpl.java:requestVote(1251)) - f1fceee1-e839-4390-8ee1-a452674c18b3@group-E3CFD3C613C5 replies to PRE_VOTE vote request: ce14290f-c11f-4031-993d-843363841a3d<-f1fceee1-e839-4390-8ee1-a452674c18b3#0:OK-t0. Peer's state: f1fceee1-e839-4390-8ee1-a452674c18b3@group-E3CFD3C613C5:t0, leader=null, voted=, raftlog=Memoized:f1fceee1-e839-4390-8ee1-a452674c18b3@group-E3CFD3C613C5-SegmentedRaftLog:OPENED:c-1, conf=-1: peers:[f1fceee1-e839-4390-8ee1-a452674c18b3|rpc:10.1.1.15:46149|dataStream:10.1.1.15:36103|priority:0|startupRole:FOLLOWER, ce14290f-c11f-4031-993d-843363841a3d|rpc:10.1.1.15:36461|dataStream:10.1.1.15:35205|priority:0|startupRole:FOLLOWER, d4f71ede-bed0-498f-9536-da00fca7d632|rpc:10.1.1.15:34357|dataStream:10.1.1.15:39647|priority:1|startupRole:FOLLOWER]|listeners:[], old=null
2023-02-28 20:08:34,888 [grpc-default-executor-4] INFO  impl.VoteContext (VoteContext.java:log(49)) - d4f71ede-bed0-498f-9536-da00fca7d632@group-E3CFD3C613C5-CANDIDATE: reject PRE_VOTE from ce14290f-c11f-4031-993d-843363841a3d: our priority 1 > candidate's priority 0
2023-02-28 20:08:34,889 [grpc-default-executor-4] INFO  server.RaftServer$Division (RaftServerImpl.java:requestVote(1251)) - d4f71ede-bed0-498f-9536-da00fca7d632@group-E3CFD3C613C5 replies to PRE_VOTE vote request: ce14290f-c11f-4031-993d-843363841a3d<-d4f71ede-bed0-498f-9536-da00fca7d632#0:FAIL-t0. Peer's state: d4f71ede-bed0-498f-9536-da00fca7d632@group-E3CFD3C613C5:t0, leader=null, voted=, raftlog=Memoized:d4f71ede-bed0-498f-9536-da00fca7d632@group-E3CFD3C613C5-SegmentedRaftLog:OPENED:c-1, conf=-1: peers:[f1fceee1-e839-4390-8ee1-a452674c18b3|rpc:10.1.1.15:46149|dataStream:10.1.1.15:36103|priority:0|startupRole:FOLLOWER, ce14290f-c11f-4031-993d-843363841a3d|rpc:10.1.1.15:36461|dataStream:10.1.1.15:35205|priority:0|startupRole:FOLLOWER, d4f71ede-bed0-498f-9536-da00fca7d632|rpc:10.1.1.15:34357|dataStream:10.1.1.15:39647|priority:1|startupRole:FOLLOWER]|listeners:[], old=null
2023-02-28 20:08:34,897 [f1fceee1-e839-4390-8ee1-a452674c18b3-server-thread1] INFO  server.RaftServer$Division (ServerState.java:setRaftConf(430)) - f1fceee1-e839-4390-8ee1-a452674c18b3@group-81C630B2EAFB: set configuration 0: peers:[f1fceee1-e839-4390-8ee1-a452674c18b3|rpc:10.1.1.15:46149|dataStream:10.1.1.15:36103|priority:0|startupRole:FOLLOWER, ce14290f-c11f-4031-993d-843363841a3d|rpc:10.1.1.15:36461|dataStream:10.1.1.15:35205|priority:1|startupRole:FOLLOWER, d4f71ede-bed0-498f-9536-da00fca7d632|rpc:10.1.1.15:34357|dataStream:10.1.1.15:39647|priority:0|startupRole:FOLLOWER]|listeners:[], old=null
2023-02-28 20:08:34,898 [f1fceee1-e839-4390-8ee1-a452674c18b3-server-thread1] INFO  segmented.SegmentedRaftLogWorker (SegmentedRaftLogWorker.java:startLogSegment(452)) - f1fceee1-e839-4390-8ee1-a452674c18b3@group-81C630B2EAFB-SegmentedRaftLogWorker: Starting segment from index:0
2023-02-28 20:08:34,898 [grpc-default-executor-6] INFO  impl.VoteContext (VoteContext.java:log(49)) - f1fceee1-e839-4390-8ee1-a452674c18b3@group-E3CFD3C613C5-FOLLOWER: accept PRE_VOTE from d4f71ede-bed0-498f-9536-da00fca7d632: our priority 0 <= candidate's priority 1
2023-02-28 20:08:34,898 [ce14290f-c11f-4031-993d-843363841a3d@group-E3CFD3C613C5-LeaderElection6] INFO  impl.LeaderElection (LeaderElection.java:logAndReturn(90)) - ce14290f-c11f-4031-993d-843363841a3d@group-E3CFD3C613C5-LeaderElection6: PRE_VOTE REJECTED received 2 response(s) and 0 exception(s):
2023-02-28 20:08:34,901 [ce14290f-c11f-4031-993d-843363841a3d@group-E3CFD3C613C5-LeaderElection6] INFO  impl.LeaderElection (LeaderElection.java:logAndReturn(94)) -   Response 0: ce14290f-c11f-4031-993d-843363841a3d<-f1fceee1-e839-4390-8ee1-a452674c18b3#0:OK-t0
2023-02-28 20:08:34,902 [ce14290f-c11f-4031-993d-843363841a3d@group-E3CFD3C613C5-LeaderElection6] INFO  impl.LeaderElection (LeaderElection.java:logAndReturn(94)) -   Response 1: ce14290f-c11f-4031-993d-843363841a3d<-d4f71ede-bed0-498f-9536-da00fca7d632#0:FAIL-t0
2023-02-28 20:08:34,902 [f1fceee1-e839-4390-8ee1-a452674c18b3@group-81C630B2EAFB-SegmentedRaftLogWorker] INFO  segmented.SegmentedRaftLogWorker (SegmentedRaftLogWorker.java:execute(656)) - f1fceee1-e839-4390-8ee1-a452674c18b3@group-81C630B2EAFB-SegmentedRaftLogWorker: created new log segment /home/runner/work/ozone/ozone/hadoop-ozone/integration-test/target/test-dir/MiniOzoneClusterImpl-e7d671b1-06ed-40aa-a52b-2678dd5bab1b/datanode-1/data/ratis/2f90a01c-2f45-41f9-8817-81c630b2eafb/current/log_inprogress_0
2023-02-28 20:08:34,898 [d4f71ede-bed0-498f-9536-da00fca7d632-server-thread1] INFO  server.RaftServer$Division (ServerState.java:setRaftConf(430)) - d4f71ede-bed0-498f-9536-da00fca7d632@group-81C630B2EAFB: set configuration 0: peers:[f1fceee1-e839-4390-8ee1-a452674c18b3|rpc:10.1.1.15:46149|dataStream:10.1.1.15:36103|priority:0|startupRole:FOLLOWER, ce14290f-c11f-4031-993d-843363841a3d|rpc:10.1.1.15:36461|dataStream:10.1.1.15:35205|priority:1|startupRole:FOLLOWER, d4f71ede-bed0-498f-9536-da00fca7d632|rpc:10.1.1.15:34357|dataStream:10.1.1.15:39647|priority:0|startupRole:FOLLOWER]|listeners:[], old=null
2023-02-28 20:08:34,902 [d4f71ede-bed0-498f-9536-da00fca7d632-server-thread1] INFO  segmented.SegmentedRaftLogWorker (SegmentedRaftLogWorker.java:startLogSegment(452)) - d4f71ede-bed0-498f-9536-da00fca7d632@group-81C630B2EAFB-SegmentedRaftLogWorker: Starting segment from index:0
2023-02-28 20:08:34,909 [grpc-default-executor-8] INFO  server.RaftServer$Division (RaftServerImpl.java:requestVote(1218)) - ce14290f-c11f-4031-993d-843363841a3d@group-E3CFD3C613C5: receive requestVote(PRE_VOTE, d4f71ede-bed0-498f-9536-da00fca7d632, group-E3CFD3C613C5, 0, (t:0, i:0))
2023-02-28 20:08:34,910 [grpc-default-executor-8] INFO  impl.VoteContext (VoteContext.java:log(49)) - ce14290f-c11f-4031-993d-843363841a3d@group-E3CFD3C613C5-CANDIDATE: accept PRE_VOTE from d4f71ede-bed0-498f-9536-da00fca7d632: our priority 0 <= candidate's priority 1
2023-02-28 20:08:34,910 [grpc-default-executor-8] INFO  server.RaftServer$Division (RaftServerImpl.java:requestVote(1251)) - ce14290f-c11f-4031-993d-843363841a3d@group-E3CFD3C613C5 replies to PRE_VOTE vote request: d4f71ede-bed0-498f-9536-da00fca7d632<-ce14290f-c11f-4031-993d-843363841a3d#0:OK-t0. Peer's state: ce14290f-c11f-4031-993d-843363841a3d@group-E3CFD3C613C5:t0, leader=null, voted=, raftlog=Memoized:ce14290f-c11f-4031-993d-843363841a3d@group-E3CFD3C613C5-SegmentedRaftLog:OPENED:c-1, conf=-1: peers:[f1fceee1-e839-4390-8ee1-a452674c18b3|rpc:10.1.1.15:46149|dataStream:10.1.1.15:36103|priority:0|startupRole:FOLLOWER, ce14290f-c11f-4031-993d-843363841a3d|rpc:10.1.1.15:36461|dataStream:10.1.1.15:35205|priority:0|startupRole:FOLLOWER, d4f71ede-bed0-498f-9536-da00fca7d632|rpc:10.1.1.15:34357|dataStream:10.1.1.15:39647|priority:1|startupRole:FOLLOWER]|listeners:[], old=null
2023-02-28 20:08:34,911 [d4f71ede-bed0-498f-9536-da00fca7d632@group-81C630B2EAFB-SegmentedRaftLogWorker] INFO  segmented.SegmentedRaftLogWorker (SegmentedRaftLogWorker.java:execute(656)) - d4f71ede-bed0-498f-9536-da00fca7d632@group-81C630B2EAFB-SegmentedRaftLogWorker: created new log segment /home/runner/work/ozone/ozone/hadoop-ozone/integration-test/target/test-dir/MiniOzoneClusterImpl-e7d671b1-06ed-40aa-a52b-2678dd5bab1b/datanode-0/data/ratis/2f90a01c-2f45-41f9-8817-81c630b2eafb/current/log_inprogress_0
2023-02-28 20:08:34,914 [ce14290f-c11f-4031-993d-843363841a3d@group-E3CFD3C613C5-LeaderElection6] INFO  impl.LeaderElection (LeaderElection.java:askForVotes(314)) - ce14290f-c11f-4031-993d-843363841a3d@group-E3CFD3C613C5-LeaderElection6 PRE_VOTE round 0: result REJECTED
2023-02-28 20:08:34,914 [grpc-default-executor-6] INFO  server.RaftServer$Division (RaftServerImpl.java:requestVote(1251)) - f1fceee1-e839-4390-8ee1-a452674c18b3@group-E3CFD3C613C5 replies to PRE_VOTE vote request: d4f71ede-bed0-498f-9536-da00fca7d632<-f1fceee1-e839-4390-8ee1-a452674c18b3#0:OK-t0. Peer's state: f1fceee1-e839-4390-8ee1-a452674c18b3@group-E3CFD3C613C5:t0, leader=null, voted=, raftlog=Memoized:f1fceee1-e839-4390-8ee1-a452674c18b3@group-E3CFD3C613C5-SegmentedRaftLog:OPENED:c-1, conf=-1: peers:[f1fceee1-e839-4390-8ee1-a452674c18b3|rpc:10.1.1.15:46149|dataStream:10.1.1.15:36103|priority:0|startupRole:FOLLOWER, ce14290f-c11f-4031-993d-843363841a3d|rpc:10.1.1.15:36461|dataStream:10.1.1.15:35205|priority:0|startupRole:FOLLOWER, d4f71ede-bed0-498f-9536-da00fca7d632|rpc:10.1.1.15:34357|dataStream:10.1.1.15:39647|priority:1|startupRole:FOLLOWER]|listeners:[], old=null
2023-02-28 20:08:34,916 [ce14290f-c11f-4031-993d-843363841a3d@group-E3CFD3C613C5-LeaderElection6] INFO  server.RaftServer$Division (RaftServerImpl.java:setRole(321)) - ce14290f-c11f-4031-993d-843363841a3d@group-E3CFD3C613C5: changes role from CANDIDATE to FOLLOWER at term 0 for REJECTED
2023-02-28 20:08:34,916 [ce14290f-c11f-4031-993d-843363841a3d@group-E3CFD3C613C5-LeaderElection6] INFO  impl.RoleInfo (RoleInfo.java:shutdownLeaderElection(130)) - ce14290f-c11f-4031-993d-843363841a3d: shutdown ce14290f-c11f-4031-993d-843363841a3d@group-E3CFD3C613C5-LeaderElection6
2023-02-28 20:08:34,916 [ce14290f-c11f-4031-993d-843363841a3d@group-E3CFD3C613C5-LeaderElection6] INFO  impl.RoleInfo (RoleInfo.java:updateAndGet(139)) - ce14290f-c11f-4031-993d-843363841a3d: start ce14290f-c11f-4031-993d-843363841a3d@group-E3CFD3C613C5-FollowerState
2023-02-28 20:08:34,920 [d4f71ede-bed0-498f-9536-da00fca7d632@group-E3CFD3C613C5-LeaderElection5] INFO  impl.LeaderElection (LeaderElection.java:logAndReturn(90)) - d4f71ede-bed0-498f-9536-da00fca7d632@group-E3CFD3C613C5-LeaderElection5: PRE_VOTE PASSED received 1 response(s) and 0 exception(s):
2023-02-28 20:08:34,924 [d4f71ede-bed0-498f-9536-da00fca7d632@group-E3CFD3C613C5-LeaderElection5] INFO  impl.LeaderElection (LeaderElection.java:logAndReturn(94)) -   Response 0: d4f71ede-bed0-498f-9536-da00fca7d632<-ce14290f-c11f-4031-993d-843363841a3d#0:OK-t0
2023-02-28 20:08:34,924 [d4f71ede-bed0-498f-9536-da00fca7d632@group-E3CFD3C613C5-LeaderElection5] INFO  impl.LeaderElection (LeaderElection.java:askForVotes(314)) - d4f71ede-bed0-498f-9536-da00fca7d632@group-E3CFD3C613C5-LeaderElection5 PRE_VOTE round 0: result PASSED
2023-02-28 20:08:34,925 [ce14290f-c11f-4031-993d-843363841a3d@group-E3CFD3C613C5-FollowerState] INFO  server.RaftServerConfigKeys (ConfUtils.java:logFallback(53)) - raft.server.rpc.first-election.timeout.min = 5s (fallback to raft.server.rpc.timeout.min)
2023-02-28 20:08:34,925 [ce14290f-c11f-4031-993d-843363841a3d@group-E3CFD3C613C5-FollowerState] INFO  server.RaftServerConfigKeys (ConfUtils.java:logFallback(53)) - raft.server.rpc.first-election.timeout.max = 5200ms (fallback to raft.server.rpc.timeout.max)
2023-02-28 20:08:34,927 [d4f71ede-bed0-498f-9536-da00fca7d632@group-E3CFD3C613C5-LeaderElection5] INFO  impl.LeaderElection (LeaderElection.java:askForVotes(312)) - d4f71ede-bed0-498f-9536-da00fca7d632@group-E3CFD3C613C5-LeaderElection5 ELECTION round 0: submit vote requests at term 1 for -1: peers:[f1fceee1-e839-4390-8ee1-a452674c18b3|rpc:10.1.1.15:46149|dataStream:10.1.1.15:36103|priority:0|startupRole:FOLLOWER, ce14290f-c11f-4031-993d-843363841a3d|rpc:10.1.1.15:36461|dataStream:10.1.1.15:35205|priority:0|startupRole:FOLLOWER, d4f71ede-bed0-498f-9536-da00fca7d632|rpc:10.1.1.15:34357|dataStream:10.1.1.15:39647|priority:1|startupRole:FOLLOWER]|listeners:[], old=null
2023-02-28 20:08:34,934 [d4f71ede-bed0-498f-9536-da00fca7d632@group-E3CFD3C613C5-LeaderElection5] INFO  server.RaftServerConfigKeys (ConfUtils.java:logFallback(53)) - raft.server.rpc.first-election.timeout.min = 5s (fallback to raft.server.rpc.timeout.min)
2023-02-28 20:08:34,934 [d4f71ede-bed0-498f-9536-da00fca7d632@group-E3CFD3C613C5-LeaderElection5] INFO  server.RaftServerConfigKeys (ConfUtils.java:logFallback(53)) - raft.server.rpc.first-election.timeout.max = 5200ms (fallback to raft.server.rpc.timeout.max)
2023-02-28 20:08:34,939 [grpc-default-executor-8] INFO  server.RaftServer$Division (RaftServerImpl.java:requestVote(1218)) - f1fceee1-e839-4390-8ee1-a452674c18b3@group-E3CFD3C613C5: receive requestVote(ELECTION, d4f71ede-bed0-498f-9536-da00fca7d632, group-E3CFD3C613C5, 1, (t:0, i:0))
2023-02-28 20:08:34,943 [grpc-default-executor-8] INFO  impl.VoteContext (VoteContext.java:log(49)) - f1fceee1-e839-4390-8ee1-a452674c18b3@group-E3CFD3C613C5-FOLLOWER: accept ELECTION from d4f71ede-bed0-498f-9536-da00fca7d632: our priority 0 <= candidate's priority 1
2023-02-28 20:08:34,943 [grpc-default-executor-8] INFO  server.RaftServer$Division (RaftServerImpl.java:setRole(321)) - f1fceee1-e839-4390-8ee1-a452674c18b3@group-E3CFD3C613C5: changes role from  FOLLOWER to FOLLOWER at term 1 for candidate:d4f71ede-bed0-498f-9536-da00fca7d632
2023-02-28 20:08:34,943 [grpc-default-executor-8] INFO  impl.RoleInfo (RoleInfo.java:shutdownFollowerState(110)) - f1fceee1-e839-4390-8ee1-a452674c18b3: shutdown f1fceee1-e839-4390-8ee1-a452674c18b3@group-E3CFD3C613C5-FollowerState
2023-02-28 20:08:34,943 [f1fceee1-e839-4390-8ee1-a452674c18b3@group-E3CFD3C613C5-FollowerState] INFO  impl.FollowerState (FollowerState.java:run(152)) - f1fceee1-e839-4390-8ee1-a452674c18b3@group-E3CFD3C613C5-FollowerState was interrupted
2023-02-28 20:08:34,946 [grpc-default-executor-8] INFO  impl.RoleInfo (RoleInfo.java:updateAndGet(139)) - f1fceee1-e839-4390-8ee1-a452674c18b3: start f1fceee1-e839-4390-8ee1-a452674c18b3@group-E3CFD3C613C5-FollowerState
2023-02-28 20:08:34,946 [f1fceee1-e839-4390-8ee1-a452674c18b3@group-E3CFD3C613C5-FollowerState] INFO  server.RaftServerConfigKeys (ConfUtils.java:logFallback(53)) - raft.server.rpc.first-election.timeout.min = 5s (fallback to raft.server.rpc.timeout.min)
2023-02-28 20:08:34,948 [grpc-default-executor-8] INFO  server.RaftServer$Division (RaftServerImpl.java:requestVote(1251)) - f1fceee1-e839-4390-8ee1-a452674c18b3@group-E3CFD3C613C5 replies to ELECTION vote request: d4f71ede-bed0-498f-9536-da00fca7d632<-f1fceee1-e839-4390-8ee1-a452674c18b3#0:OK-t1. Peer's state: f1fceee1-e839-4390-8ee1-a452674c18b3@group-E3CFD3C613C5:t1, leader=null, voted=d4f71ede-bed0-498f-9536-da00fca7d632, raftlog=Memoized:f1fceee1-e839-4390-8ee1-a452674c18b3@group-E3CFD3C613C5-SegmentedRaftLog:OPENED:c-1, conf=-1: peers:[f1fceee1-e839-4390-8ee1-a452674c18b3|rpc:10.1.1.15:46149|dataStream:10.1.1.15:36103|priority:0|startupRole:FOLLOWER, ce14290f-c11f-4031-993d-843363841a3d|rpc:10.1.1.15:36461|dataStream:10.1.1.15:35205|priority:0|startupRole:FOLLOWER, d4f71ede-bed0-498f-9536-da00fca7d632|rpc:10.1.1.15:34357|dataStream:10.1.1.15:39647|priority:1|startupRole:FOLLOWER]|listeners:[], old=null
2023-02-28 20:08:34,953 [f1fceee1-e839-4390-8ee1-a452674c18b3@group-E3CFD3C613C5-FollowerState] INFO  server.RaftServerConfigKeys (ConfUtils.java:logFallback(53)) - raft.server.rpc.first-election.timeout.max = 5200ms (fallback to raft.server.rpc.timeout.max)
2023-02-28 20:08:34,947 [grpc-default-executor-6] INFO  server.RaftServer$Division (RaftServerImpl.java:requestVote(1218)) - ce14290f-c11f-4031-993d-843363841a3d@group-E3CFD3C613C5: receive requestVote(ELECTION, d4f71ede-bed0-498f-9536-da00fca7d632, group-E3CFD3C613C5, 1, (t:0, i:0))
2023-02-28 20:08:34,955 [grpc-default-executor-6] INFO  impl.VoteContext (VoteContext.java:log(49)) - ce14290f-c11f-4031-993d-843363841a3d@group-E3CFD3C613C5-FOLLOWER: accept ELECTION from d4f71ede-bed0-498f-9536-da00fca7d632: our priority 0 <= candidate's priority 1
2023-02-28 20:08:34,955 [grpc-default-executor-6] INFO  server.RaftServer$Division (RaftServerImpl.java:setRole(321)) - ce14290f-c11f-4031-993d-843363841a3d@group-E3CFD3C613C5: changes role from  FOLLOWER to FOLLOWER at term 1 for candidate:d4f71ede-bed0-498f-9536-da00fca7d632
2023-02-28 20:08:34,955 [grpc-default-executor-6] INFO  impl.RoleInfo (RoleInfo.java:shutdownFollowerState(110)) - ce14290f-c11f-4031-993d-843363841a3d: shutdown ce14290f-c11f-4031-993d-843363841a3d@group-E3CFD3C613C5-FollowerState
2023-02-28 20:08:34,955 [grpc-default-executor-6] INFO  impl.RoleInfo (RoleInfo.java:updateAndGet(139)) - ce14290f-c11f-4031-993d-843363841a3d: start ce14290f-c11f-4031-993d-843363841a3d@group-E3CFD3C613C5-FollowerState
2023-02-28 20:08:34,955 [ce14290f-c11f-4031-993d-843363841a3d@group-E3CFD3C613C5-FollowerState] INFO  impl.FollowerState (FollowerState.java:run(152)) - ce14290f-c11f-4031-993d-843363841a3d@group-E3CFD3C613C5-FollowerState was interrupted
2023-02-28 20:08:34,959 [grpc-default-executor-6] INFO  server.RaftServer$Division (RaftServerImpl.java:requestVote(1251)) - ce14290f-c11f-4031-993d-843363841a3d@group-E3CFD3C613C5 replies to ELECTION vote request: d4f71ede-bed0-498f-9536-da00fca7d632<-ce14290f-c11f-4031-993d-843363841a3d#0:OK-t1. Peer's state: ce14290f-c11f-4031-993d-843363841a3d@group-E3CFD3C613C5:t1, leader=null, voted=d4f71ede-bed0-498f-9536-da00fca7d632, raftlog=Memoized:ce14290f-c11f-4031-993d-843363841a3d@group-E3CFD3C613C5-SegmentedRaftLog:OPENED:c-1, conf=-1: peers:[f1fceee1-e839-4390-8ee1-a452674c18b3|rpc:10.1.1.15:46149|dataStream:10.1.1.15:36103|priority:0|startupRole:FOLLOWER, ce14290f-c11f-4031-993d-843363841a3d|rpc:10.1.1.15:36461|dataStream:10.1.1.15:35205|priority:0|startupRole:FOLLOWER, d4f71ede-bed0-498f-9536-da00fca7d632|rpc:10.1.1.15:34357|dataStream:10.1.1.15:39647|priority:1|startupRole:FOLLOWER]|listeners:[], old=null
2023-02-28 20:08:34,960 [d4f71ede-bed0-498f-9536-da00fca7d632@group-E3CFD3C613C5-LeaderElection5] INFO  impl.LeaderElection (LeaderElection.java:logAndReturn(90)) - d4f71ede-bed0-498f-9536-da00fca7d632@group-E3CFD3C613C5-LeaderElection5: ELECTION PASSED received 1 response(s) and 0 exception(s):
2023-02-28 20:08:34,960 [d4f71ede-bed0-498f-9536-da00fca7d632@group-E3CFD3C613C5-LeaderElection5] INFO  impl.LeaderElection (LeaderElection.java:logAndReturn(94)) -   Response 0: d4f71ede-bed0-498f-9536-da00fca7d632<-f1fceee1-e839-4390-8ee1-a452674c18b3#0:OK-t1
2023-02-28 20:08:34,960 [d4f71ede-bed0-498f-9536-da00fca7d632@group-E3CFD3C613C5-LeaderElection5] INFO  impl.LeaderElection (LeaderElection.java:askForVotes(314)) - d4f71ede-bed0-498f-9536-da00fca7d632@group-E3CFD3C613C5-LeaderElection5 ELECTION round 0: result PASSED
2023-02-28 20:08:34,960 [d4f71ede-bed0-498f-9536-da00fca7d632@group-E3CFD3C613C5-LeaderElection5] INFO  impl.RoleInfo (RoleInfo.java:shutdownLeaderElection(130)) - d4f71ede-bed0-498f-9536-da00fca7d632: shutdown d4f71ede-bed0-498f-9536-da00fca7d632@group-E3CFD3C613C5-LeaderElection5
2023-02-28 20:08:34,960 [d4f71ede-bed0-498f-9536-da00fca7d632@group-E3CFD3C613C5-LeaderElection5] INFO  server.RaftServer$Division (RaftServerImpl.java:setRole(321)) - d4f71ede-bed0-498f-9536-da00fca7d632@group-E3CFD3C613C5: changes role from CANDIDATE to LEADER at term 1 for changeToLeader
2023-02-28 20:08:34,960 [d4f71ede-bed0-498f-9536-da00fca7d632@group-E3CFD3C613C5-LeaderElection5] INFO  ratis.XceiverServerRatis (XceiverServerRatis.java:handleLeaderChangedNotification(905)) - Leader change notification received for group: group-E3CFD3C613C5 with new leaderId: d4f71ede-bed0-498f-9536-da00fca7d632
2023-02-28 20:08:34,960 [d4f71ede-bed0-498f-9536-da00fca7d632@group-E3CFD3C613C5-LeaderElection5] INFO  server.RaftServer$Division (ServerState.java:setLeader(313)) - d4f71ede-bed0-498f-9536-da00fca7d632@group-E3CFD3C613C5: change Leader from null to d4f71ede-bed0-498f-9536-da00fca7d632 at term 1 for becomeLeader, leader elected after 5185ms
2023-02-28 20:08:34,960 [d4f71ede-bed0-498f-9536-da00fca7d632@group-E3CFD3C613C5-LeaderElection5] INFO  server.RaftServerConfigKeys (ConfUtils.java:logGet(46)) - raft.server.staging.catchup.gap = 1000 (default)
2023-02-28 20:08:34,960 [d4f71ede-bed0-498f-9536-da00fca7d632@group-E3CFD3C613C5-LeaderElection5] INFO  server.RaftServerConfigKeys (ConfUtils.java:logGet(46)) - raft.server.write.element-limit = 1024 (custom)
2023-02-28 20:08:34,960 [d4f71ede-bed0-498f-9536-da00fca7d632@group-E3CFD3C613C5-LeaderElection5] INFO  server.RaftServerConfigKeys (ConfUtils.java:logGet(46)) - raft.server.write.byte-limit = 1024 M (=1073741824) (custom)
2023-02-28 20:08:34,961 [d4f71ede-bed0-498f-9536-da00fca7d632@group-E3CFD3C613C5-LeaderElection5] INFO  server.RaftServerConfigKeys (ConfUtils.java:logGet(46)) - raft.server.watch.timeout = 180s (custom)
2023-02-28 20:08:34,961 [d4f71ede-bed0-498f-9536-da00fca7d632@group-E3CFD3C613C5-LeaderElection5] INFO  server.RaftServerConfigKeys (ConfUtils.java:logGet(46)) - raft.server.watch.timeout.denomination = 1s (default)
2023-02-28 20:08:34,961 [d4f71ede-bed0-498f-9536-da00fca7d632@group-E3CFD3C613C5-LeaderElection5] INFO  server.RaftServerConfigKeys (ConfUtils.java:logGet(46)) - raft.server.watch.element-limit = 65536 (default)
2023-02-28 20:08:34,961 [d4f71ede-bed0-498f-9536-da00fca7d632@group-E3CFD3C613C5-LeaderElection5] INFO  server.RaftServerConfigKeys (ConfUtils.java:logGet(46)) - raft.server.write.element-limit = 1024 (custom)
2023-02-28 20:08:34,961 [d4f71ede-bed0-498f-9536-da00fca7d632@group-E3CFD3C613C5-LeaderElection5] INFO  server.RaftServerConfigKeys (ConfUtils.java:logGet(46)) - raft.server.write.follower.gap.ratio.max = -1.0 (default)
2023-02-28 20:08:34,961 [ce14290f-c11f-4031-993d-843363841a3d@group-E3CFD3C613C5-FollowerState] INFO  server.RaftServerConfigKeys (ConfUtils.java:logFallback(53)) - raft.server.rpc.first-election.timeout.min = 5s (fallback to raft.server.rpc.timeout.min)
2023-02-28 20:08:34,965 [EventQueue-PipelineReportForPipelineReportHandler] INFO  pipeline.PipelineManagerImpl (PipelineManagerImpl.java:openPipeline(367)) - Pipeline Pipeline[ Id: 94f44e2f-8a5f-4df8-be7b-e3cfd3c613c5, Nodes: ce14290f-c11f-4031-993d-843363841a3d(fv-az399-334/10.1.1.15)f1fceee1-e839-4390-8ee1-a452674c18b3(fv-az399-334/10.1.1.15)d4f71ede-bed0-498f-9536-da00fca7d632(fv-az399-334/10.1.1.15), ReplicationConfig: RATIS/THREE, State:ALLOCATED, leaderId:d4f71ede-bed0-498f-9536-da00fca7d632, CreationTimestamp2023-02-28T20:08:27.227Z[Etc/UTC]] moved to OPEN state
2023-02-28 20:08:34,964 [d4f71ede-bed0-498f-9536-da00fca7d632@group-E3CFD3C613C5-LeaderElection5] INFO  server.RaftServerConfigKeys (ConfUtils.java:logGet(46)) - raft.server.log.appender.snapshot.chunk.size.max = 16MB (=16777216) (default)
2023-02-28 20:08:34,965 [d4f71ede-bed0-498f-9536-da00fca7d632@group-E3CFD3C613C5-LeaderElection5] INFO  server.RaftServerConfigKeys (ConfUtils.java:logGet(46)) - raft.server.log.appender.buffer.byte-limit = 33554432 (custom)
2023-02-28 20:08:34,966 [d4f71ede-bed0-498f-9536-da00fca7d632@group-E3CFD3C613C5-LeaderElection5] INFO  server.RaftServerConfigKeys (ConfUtils.java:logGet(46)) - raft.server.log.appender.buffer.element-limit = 1 (custom)
2023-02-28 20:08:34,966 [d4f71ede-bed0-498f-9536-da00fca7d632@group-E3CFD3C613C5-LeaderElection5] INFO  grpc.GrpcConfigKeys (ConfUtils.java:logGet(46)) - raft.grpc.server.leader.outstanding.appends.max = 128 (default)
2023-02-28 20:08:34,966 [d4f71ede-bed0-498f-9536-da00fca7d632@group-E3CFD3C613C5-LeaderElection5] INFO  server.RaftServerConfigKeys (ConfUtils.java:logGet(46)) - raft.server.rpc.request.timeout = 60s (custom)
2023-02-28 20:08:34,966 [d4f71ede-bed0-498f-9536-da00fca7d632@group-E3CFD3C613C5-LeaderElection5] INFO  server.RaftServerConfigKeys (ConfUtils.java:logGet(46)) - raft.server.log.appender.install.snapshot.enabled = false (custom)
2023-02-28 20:08:34,966 [d4f71ede-bed0-498f-9536-da00fca7d632@group-E3CFD3C613C5-LeaderElection5] INFO  grpc.GrpcConfigKeys (ConfUtils.java:logGet(46)) - raft.grpc.server.heartbeat.channel = true (default)
2023-02-28 20:08:34,966 [d4f71ede-bed0-498f-9536-da00fca7d632@group-E3CFD3C613C5-LeaderElection5] INFO  server.RaftServerConfigKeys (ConfUtils.java:logGet(46)) - raft.server.log.appender.wait-time.min = 10ms (default)
2023-02-28 20:08:34,967 [d4f71ede-bed0-498f-9536-da00fca7d632@group-E3CFD3C613C5-LeaderElection5] INFO  server.RaftServerConfigKeys (ConfUtils.java:logGet(46)) - raft.server.log.appender.snapshot.chunk.size.max = 16MB (=16777216) (default)
2023-02-28 20:08:34,967 [d4f71ede-bed0-498f-9536-da00fca7d632@group-E3CFD3C613C5-LeaderElection5] INFO  server.RaftServerConfigKeys (ConfUtils.java:logGet(46)) - raft.server.log.appender.buffer.byte-limit = 33554432 (custom)
2023-02-28 20:08:34,967 [d4f71ede-bed0-498f-9536-da00fca7d632@group-E3CFD3C613C5-LeaderElection5] INFO  server.RaftServerConfigKeys (ConfUtils.java:logGet(46)) - raft.server.log.appender.buffer.element-limit = 1 (custom)
2023-02-28 20:08:34,967 [d4f71ede-bed0-498f-9536-da00fca7d632@group-E3CFD3C613C5-LeaderElection5] INFO  grpc.GrpcConfigKeys (ConfUtils.java:logGet(46)) - raft.grpc.server.leader.outstanding.appends.max = 128 (default)
2023-02-28 20:08:34,967 [d4f71ede-bed0-498f-9536-da00fca7d632@group-E3CFD3C613C5-LeaderElection5] INFO  server.RaftServerConfigKeys (ConfUtils.java:logGet(46)) - raft.server.rpc.request.timeout = 60s (custom)
2023-02-28 20:08:34,967 [d4f71ede-bed0-498f-9536-da00fca7d632@group-E3CFD3C613C5-LeaderElection5] INFO  server.RaftServerConfigKeys (ConfUtils.java:logGet(46)) - raft.server.log.appender.install.snapshot.enabled = false (custom)
2023-02-28 20:08:34,967 [d4f71ede-bed0-498f-9536-da00fca7d632@group-E3CFD3C613C5-LeaderElection5] INFO  grpc.GrpcConfigKeys (ConfUtils.java:logGet(46)) - raft.grpc.server.heartbeat.channel = true (default)
2023-02-28 20:08:34,967 [d4f71ede-bed0-498f-9536-da00fca7d632@group-E3CFD3C613C5-LeaderElection5] INFO  server.RaftServerConfigKeys (ConfUtils.java:logGet(46)) - raft.server.log.appender.wait-time.min = 10ms (default)
2023-02-28 20:08:34,967 [d4f71ede-bed0-498f-9536-da00fca7d632@group-E3CFD3C613C5-LeaderElection5] INFO  impl.RoleInfo (RoleInfo.java:updateAndGet(139)) - d4f71ede-bed0-498f-9536-da00fca7d632: start d4f71ede-bed0-498f-9536-da00fca7d632@group-E3CFD3C613C5-LeaderStateImpl
2023-02-28 20:08:34,967 [d4f71ede-bed0-498f-9536-da00fca7d632@group-E3CFD3C613C5-LeaderElection5] INFO  segmented.SegmentedRaftLogWorker (SegmentedRaftLogWorker.java:startLogSegment(452)) - d4f71ede-bed0-498f-9536-da00fca7d632@group-E3CFD3C613C5-SegmentedRaftLogWorker: Starting segment from index:0
2023-02-28 20:08:34,966 [ce14290f-c11f-4031-993d-843363841a3d@group-E3CFD3C613C5-FollowerState] INFO  server.RaftServerConfigKeys (ConfUtils.java:logFallback(53)) - raft.server.rpc.first-election.timeout.max = 5200ms (fallback to raft.server.rpc.timeout.max)
2023-02-28 20:08:34,971 [d4f71ede-bed0-498f-9536-da00fca7d632@group-E3CFD3C613C5-SegmentedRaftLogWorker] INFO  segmented.SegmentedRaftLogWorker (SegmentedRaftLogWorker.java:execute(656)) - d4f71ede-bed0-498f-9536-da00fca7d632@group-E3CFD3C613C5-SegmentedRaftLogWorker: created new log segment /home/runner/work/ozone/ozone/hadoop-ozone/integration-test/target/test-dir/MiniOzoneClusterImpl-e7d671b1-06ed-40aa-a52b-2678dd5bab1b/datanode-0/data/ratis/94f44e2f-8a5f-4df8-be7b-e3cfd3c613c5/current/log_inprogress_0
2023-02-28 20:08:34,975 [d4f71ede-bed0-498f-9536-da00fca7d632@group-E3CFD3C613C5-LeaderElection5] INFO  server.RaftServer$Division (ServerState.java:setRaftConf(430)) - d4f71ede-bed0-498f-9536-da00fca7d632@group-E3CFD3C613C5: set configuration 0: peers:[f1fceee1-e839-4390-8ee1-a452674c18b3|rpc:10.1.1.15:46149|dataStream:10.1.1.15:36103|priority:0|startupRole:FOLLOWER, ce14290f-c11f-4031-993d-843363841a3d|rpc:10.1.1.15:36461|dataStream:10.1.1.15:35205|priority:0|startupRole:FOLLOWER, d4f71ede-bed0-498f-9536-da00fca7d632|rpc:10.1.1.15:34357|dataStream:10.1.1.15:39647|priority:1|startupRole:FOLLOWER]|listeners:[], old=null
2023-02-28 20:08:34,987 [ce14290f-c11f-4031-993d-843363841a3d-server-thread1] INFO  ratis.XceiverServerRatis (XceiverServerRatis.java:handleLeaderChangedNotification(905)) - Leader change notification received for group: group-E3CFD3C613C5 with new leaderId: d4f71ede-bed0-498f-9536-da00fca7d632
2023-02-28 20:08:34,987 [ce14290f-c11f-4031-993d-843363841a3d-server-thread1] INFO  server.RaftServer$Division (ServerState.java:setLeader(313)) - ce14290f-c11f-4031-993d-843363841a3d@group-E3CFD3C613C5: change Leader from null to d4f71ede-bed0-498f-9536-da00fca7d632 at term 1 for appendEntries, leader elected after 5171ms
2023-02-28 20:08:34,988 [f1fceee1-e839-4390-8ee1-a452674c18b3-server-thread1] INFO  ratis.XceiverServerRatis (XceiverServerRatis.java:handleLeaderChangedNotification(905)) - Leader change notification received for group: group-E3CFD3C613C5 with new leaderId: d4f71ede-bed0-498f-9536-da00fca7d632
2023-02-28 20:08:34,990 [f1fceee1-e839-4390-8ee1-a452674c18b3-server-thread1] INFO  server.RaftServer$Division (ServerState.java:setLeader(313)) - f1fceee1-e839-4390-8ee1-a452674c18b3@group-E3CFD3C613C5: change Leader from null to d4f71ede-bed0-498f-9536-da00fca7d632 at term 1 for appendEntries, leader elected after 5126ms
2023-02-28 20:08:34,991 [f1fceee1-e839-4390-8ee1-a452674c18b3-server-thread2] INFO  server.RaftServer$Division (ServerState.java:setRaftConf(430)) - f1fceee1-e839-4390-8ee1-a452674c18b3@group-E3CFD3C613C5: set configuration 0: peers:[f1fceee1-e839-4390-8ee1-a452674c18b3|rpc:10.1.1.15:46149|dataStream:10.1.1.15:36103|priority:0|startupRole:FOLLOWER, ce14290f-c11f-4031-993d-843363841a3d|rpc:10.1.1.15:36461|dataStream:10.1.1.15:35205|priority:0|startupRole:FOLLOWER, d4f71ede-bed0-498f-9536-da00fca7d632|rpc:10.1.1.15:34357|dataStream:10.1.1.15:39647|priority:1|startupRole:FOLLOWER]|listeners:[], old=null
2023-02-28 20:08:34,992 [f1fceee1-e839-4390-8ee1-a452674c18b3-server-thread2] INFO  segmented.SegmentedRaftLogWorker (SegmentedRaftLogWorker.java:startLogSegment(452)) - f1fceee1-e839-4390-8ee1-a452674c18b3@group-E3CFD3C613C5-SegmentedRaftLogWorker: Starting segment from index:0
2023-02-28 20:08:34,992 [ce14290f-c11f-4031-993d-843363841a3d-server-thread3] INFO  server.RaftServer$Division (ServerState.java:setRaftConf(430)) - ce14290f-c11f-4031-993d-843363841a3d@group-E3CFD3C613C5: set configuration 0: peers:[f1fceee1-e839-4390-8ee1-a452674c18b3|rpc:10.1.1.15:46149|dataStream:10.1.1.15:36103|priority:0|startupRole:FOLLOWER, ce14290f-c11f-4031-993d-843363841a3d|rpc:10.1.1.15:36461|dataStream:10.1.1.15:35205|priority:0|startupRole:FOLLOWER, d4f71ede-bed0-498f-9536-da00fca7d632|rpc:10.1.1.15:34357|dataStream:10.1.1.15:39647|priority:1|startupRole:FOLLOWER]|listeners:[], old=null
2023-02-28 20:08:34,993 [ce14290f-c11f-4031-993d-843363841a3d-server-thread3] INFO  segmented.SegmentedRaftLogWorker (SegmentedRaftLogWorker.java:startLogSegment(452)) - ce14290f-c11f-4031-993d-843363841a3d@group-E3CFD3C613C5-SegmentedRaftLogWorker: Starting segment from index:0
2023-02-28 20:08:34,994 [ce14290f-c11f-4031-993d-843363841a3d@group-E3CFD3C613C5-SegmentedRaftLogWorker] INFO  segmented.SegmentedRaftLogWorker (SegmentedRaftLogWorker.java:execute(656)) - ce14290f-c11f-4031-993d-843363841a3d@group-E3CFD3C613C5-SegmentedRaftLogWorker: created new log segment /home/runner/work/ozone/ozone/hadoop-ozone/integration-test/target/test-dir/MiniOzoneClusterImpl-e7d671b1-06ed-40aa-a52b-2678dd5bab1b/datanode-2/data/ratis/94f44e2f-8a5f-4df8-be7b-e3cfd3c613c5/current/log_inprogress_0
2023-02-28 20:08:34,999 [f1fceee1-e839-4390-8ee1-a452674c18b3@group-E3CFD3C613C5-SegmentedRaftLogWorker] INFO  segmented.SegmentedRaftLogWorker (SegmentedRaftLogWorker.java:execute(656)) - f1fceee1-e839-4390-8ee1-a452674c18b3@group-E3CFD3C613C5-SegmentedRaftLogWorker: created new log segment /home/runner/work/ozone/ozone/hadoop-ozone/integration-test/target/test-dir/MiniOzoneClusterImpl-e7d671b1-06ed-40aa-a52b-2678dd5bab1b/datanode-1/data/ratis/94f44e2f-8a5f-4df8-be7b-e3cfd3c613c5/current/log_inprogress_0
2023-02-28 20:08:35,221 [Listener at 127.0.0.1/46171] INFO  ozone.MiniOzoneClusterImpl (MiniOzoneClusterImpl.java:lambda$waitForClusterToBeReady$0(218)) - Nodes are ready. Got 3 of 3 DN Heartbeats.
2023-02-28 20:08:35,221 [Listener at 127.0.0.1/46171] INFO  ozone.MiniOzoneClusterImpl (MiniOzoneClusterImpl.java:lambda$waitForClusterToBeReady$0(221)) - Cluster exits safe mode
2023-02-28 20:08:35,221 [Listener at 127.0.0.1/46171] INFO  ozone.MiniOzoneClusterImpl (MiniOzoneClusterImpl.java:lambda$waitForClusterToBeReady$0(223)) - SCM became leader
2023-02-28 20:08:35,296 [f1fceee1-e839-4390-8ee1-a452674c18b3@group-EDD877C83533-FollowerState] INFO  impl.FollowerState (FollowerState.java:run(143)) - f1fceee1-e839-4390-8ee1-a452674c18b3@group-EDD877C83533-FollowerState: change to CANDIDATE, lastRpcElapsedTime:5087379856ns, electionTimeout:5086ms
2023-02-28 20:08:35,297 [f1fceee1-e839-4390-8ee1-a452674c18b3@group-EDD877C83533-FollowerState] INFO  impl.RoleInfo (RoleInfo.java:shutdownFollowerState(110)) - f1fceee1-e839-4390-8ee1-a452674c18b3: shutdown f1fceee1-e839-4390-8ee1-a452674c18b3@group-EDD877C83533-FollowerState
2023-02-28 20:08:35,297 [f1fceee1-e839-4390-8ee1-a452674c18b3@group-EDD877C83533-FollowerState] INFO  server.RaftServer$Division (RaftServerImpl.java:setRole(321)) - f1fceee1-e839-4390-8ee1-a452674c18b3@group-EDD877C83533: changes role from  FOLLOWER to CANDIDATE at term 0 for changeToCandidate
2023-02-28 20:08:35,297 [f1fceee1-e839-4390-8ee1-a452674c18b3@group-EDD877C83533-FollowerState] INFO  server.RaftServerConfigKeys (ConfUtils.java:logGet(46)) - raft.server.leaderelection.pre-vote = true (default)
2023-02-28 20:08:35,297 [f1fceee1-e839-4390-8ee1-a452674c18b3@group-EDD877C83533-FollowerState] INFO  impl.RoleInfo (RoleInfo.java:updateAndGet(139)) - f1fceee1-e839-4390-8ee1-a452674c18b3: start f1fceee1-e839-4390-8ee1-a452674c18b3@group-EDD877C83533-LeaderElection7
2023-02-28 20:08:35,300 [f1fceee1-e839-4390-8ee1-a452674c18b3@group-EDD877C83533-LeaderElection7] INFO  impl.LeaderElection (LeaderElection.java:askForVotes(312)) - f1fceee1-e839-4390-8ee1-a452674c18b3@group-EDD877C83533-LeaderElection7 PRE_VOTE round 0: submit vote requests at term 0 for -1: peers:[f1fceee1-e839-4390-8ee1-a452674c18b3|rpc:10.1.1.15:46149|dataStream:10.1.1.15:36103|priority:1|startupRole:FOLLOWER]|listeners:[], old=null
2023-02-28 20:08:35,306 [f1fceee1-e839-4390-8ee1-a452674c18b3@group-EDD877C83533-LeaderElection7] INFO  impl.LeaderElection (LeaderElection.java:askForVotes(314)) - f1fceee1-e839-4390-8ee1-a452674c18b3@group-EDD877C83533-LeaderElection7 PRE_VOTE round 0: result PASSED (term=0)
2023-02-28 20:08:35,307 [f1fceee1-e839-4390-8ee1-a452674c18b3@group-EDD877C83533-LeaderElection7] INFO  impl.LeaderElection (LeaderElection.java:askForVotes(312)) - f1fceee1-e839-4390-8ee1-a452674c18b3@group-EDD877C83533-LeaderElection7 ELECTION round 0: submit vote requests at term 1 for -1: peers:[f1fceee1-e839-4390-8ee1-a452674c18b3|rpc:10.1.1.15:46149|dataStream:10.1.1.15:36103|priority:1|startupRole:FOLLOWER]|listeners:[], old=null
2023-02-28 20:08:35,307 [f1fceee1-e839-4390-8ee1-a452674c18b3@group-EDD877C83533-LeaderElection7] INFO  impl.LeaderElection (LeaderElection.java:askForVotes(314)) - f1fceee1-e839-4390-8ee1-a452674c18b3@group-EDD877C83533-LeaderElection7 ELECTION round 0: result PASSED (term=1)
2023-02-28 20:08:35,307 [f1fceee1-e839-4390-8ee1-a452674c18b3@group-EDD877C83533-LeaderElection7] INFO  impl.RoleInfo (RoleInfo.java:shutdownLeaderElection(130)) - f1fceee1-e839-4390-8ee1-a452674c18b3: shutdown f1fceee1-e839-4390-8ee1-a452674c18b3@group-EDD877C83533-LeaderElection7
2023-02-28 20:08:35,307 [f1fceee1-e839-4390-8ee1-a452674c18b3@group-EDD877C83533-LeaderElection7] INFO  server.RaftServer$Division (RaftServerImpl.java:setRole(321)) - f1fceee1-e839-4390-8ee1-a452674c18b3@group-EDD877C83533: changes role from CANDIDATE to LEADER at term 1 for changeToLeader
2023-02-28 20:08:35,307 [f1fceee1-e839-4390-8ee1-a452674c18b3@group-EDD877C83533-LeaderElection7] INFO  ratis.XceiverServerRatis (XceiverServerRatis.java:handleLeaderChangedNotification(905)) - Leader change notification received for group: group-EDD877C83533 with new leaderId: f1fceee1-e839-4390-8ee1-a452674c18b3
2023-02-28 20:08:35,310 [f1fceee1-e839-4390-8ee1-a452674c18b3@group-EDD877C83533-LeaderElection7] INFO  server.RaftServer$Division (ServerState.java:setLeader(313)) - f1fceee1-e839-4390-8ee1-a452674c18b3@group-EDD877C83533: change Leader from null to f1fceee1-e839-4390-8ee1-a452674c18b3 at term 1 for becomeLeader, leader elected after 5416ms
2023-02-28 20:08:35,310 [f1fceee1-e839-4390-8ee1-a452674c18b3@group-EDD877C83533-LeaderElection7] INFO  server.RaftServerConfigKeys (ConfUtils.java:logGet(46)) - raft.server.staging.catchup.gap = 1000 (default)
2023-02-28 20:08:35,311 [f1fceee1-e839-4390-8ee1-a452674c18b3@group-EDD877C83533-LeaderElection7] INFO  server.RaftServerConfigKeys (ConfUtils.java:logGet(46)) - raft.server.write.element-limit = 1024 (custom)
2023-02-28 20:08:35,311 [f1fceee1-e839-4390-8ee1-a452674c18b3@group-EDD877C83533-LeaderElection7] INFO  server.RaftServerConfigKeys (ConfUtils.java:logGet(46)) - raft.server.write.byte-limit = 1024 M (=1073741824) (custom)
2023-02-28 20:08:35,311 [f1fceee1-e839-4390-8ee1-a452674c18b3@group-EDD877C83533-LeaderElection7] INFO  server.RaftServerConfigKeys (ConfUtils.java:logGet(46)) - raft.server.watch.timeout = 180s (custom)
2023-02-28 20:08:35,311 [f1fceee1-e839-4390-8ee1-a452674c18b3@group-EDD877C83533-LeaderElection7] INFO  server.RaftServerConfigKeys (ConfUtils.java:logGet(46)) - raft.server.watch.timeout.denomination = 1s (default)
2023-02-28 20:08:35,312 [f1fceee1-e839-4390-8ee1-a452674c18b3@group-EDD877C83533-LeaderElection7] INFO  server.RaftServerConfigKeys (ConfUtils.java:logGet(46)) - raft.server.watch.element-limit = 65536 (default)
2023-02-28 20:08:35,312 [f1fceee1-e839-4390-8ee1-a452674c18b3@group-EDD877C83533-LeaderElection7] INFO  server.RaftServerConfigKeys (ConfUtils.java:logGet(46)) - raft.server.write.element-limit = 1024 (custom)
2023-02-28 20:08:35,312 [f1fceee1-e839-4390-8ee1-a452674c18b3@group-EDD877C83533-LeaderElection7] INFO  server.RaftServerConfigKeys (ConfUtils.java:logGet(46)) - raft.server.write.follower.gap.ratio.max = -1.0 (default)
2023-02-28 20:08:35,312 [f1fceee1-e839-4390-8ee1-a452674c18b3@group-EDD877C83533-LeaderElection7] INFO  impl.RoleInfo (RoleInfo.java:updateAndGet(139)) - f1fceee1-e839-4390-8ee1-a452674c18b3: start f1fceee1-e839-4390-8ee1-a452674c18b3@group-EDD877C83533-LeaderStateImpl
2023-02-28 20:08:35,312 [f1fceee1-e839-4390-8ee1-a452674c18b3@group-EDD877C83533-LeaderElection7] INFO  segmented.SegmentedRaftLogWorker (SegmentedRaftLogWorker.java:startLogSegment(452)) - f1fceee1-e839-4390-8ee1-a452674c18b3@group-EDD877C83533-SegmentedRaftLogWorker: Starting segment from index:0
2023-02-28 20:08:35,319 [f1fceee1-e839-4390-8ee1-a452674c18b3@group-EDD877C83533-LeaderElection7] INFO  server.RaftServer$Division (ServerState.java:setRaftConf(430)) - f1fceee1-e839-4390-8ee1-a452674c18b3@group-EDD877C83533: set configuration 0: peers:[f1fceee1-e839-4390-8ee1-a452674c18b3|rpc:10.1.1.15:46149|dataStream:10.1.1.15:36103|priority:1|startupRole:FOLLOWER]|listeners:[], old=null
2023-02-28 20:08:35,320 [f1fceee1-e839-4390-8ee1-a452674c18b3@group-EDD877C83533-SegmentedRaftLogWorker] INFO  segmented.SegmentedRaftLogWorker (SegmentedRaftLogWorker.java:execute(656)) - f1fceee1-e839-4390-8ee1-a452674c18b3@group-EDD877C83533-SegmentedRaftLogWorker: created new log segment /home/runner/work/ozone/ozone/hadoop-ozone/integration-test/target/test-dir/MiniOzoneClusterImpl-e7d671b1-06ed-40aa-a52b-2678dd5bab1b/datanode-1/data/ratis/23247afd-4b51-48a9-b029-edd877c83533/current/log_inprogress_0
2023-02-28 20:08:35,390 [ce14290f-c11f-4031-993d-843363841a3d@group-9C23742E0E14-FollowerState] INFO  impl.FollowerState (FollowerState.java:run(143)) - ce14290f-c11f-4031-993d-843363841a3d@group-9C23742E0E14-FollowerState: change to CANDIDATE, lastRpcElapsedTime:5155531066ns, electionTimeout:5151ms
2023-02-28 20:08:35,391 [ce14290f-c11f-4031-993d-843363841a3d@group-9C23742E0E14-FollowerState] INFO  impl.RoleInfo (RoleInfo.java:shutdownFollowerState(110)) - ce14290f-c11f-4031-993d-843363841a3d: shutdown ce14290f-c11f-4031-993d-843363841a3d@group-9C23742E0E14-FollowerState
2023-02-28 20:08:35,391 [ce14290f-c11f-4031-993d-843363841a3d@group-9C23742E0E14-FollowerState] INFO  server.RaftServer$Division (RaftServerImpl.java:setRole(321)) - ce14290f-c11f-4031-993d-843363841a3d@group-9C23742E0E14: changes role from  FOLLOWER to CANDIDATE at term 0 for changeToCandidate
2023-02-28 20:08:35,391 [ce14290f-c11f-4031-993d-843363841a3d@group-9C23742E0E14-FollowerState] INFO  server.RaftServerConfigKeys (ConfUtils.java:logGet(46)) - raft.server.leaderelection.pre-vote = true (default)
2023-02-28 20:08:35,391 [ce14290f-c11f-4031-993d-843363841a3d@group-9C23742E0E14-FollowerState] INFO  impl.RoleInfo (RoleInfo.java:updateAndGet(139)) - ce14290f-c11f-4031-993d-843363841a3d: start ce14290f-c11f-4031-993d-843363841a3d@group-9C23742E0E14-LeaderElection8
2023-02-28 20:08:35,407 [ce14290f-c11f-4031-993d-843363841a3d@group-9C23742E0E14-LeaderElection8] INFO  impl.LeaderElection (LeaderElection.java:askForVotes(312)) - ce14290f-c11f-4031-993d-843363841a3d@group-9C23742E0E14-LeaderElection8 PRE_VOTE round 0: submit vote requests at term 0 for -1: peers:[ce14290f-c11f-4031-993d-843363841a3d|rpc:10.1.1.15:36461|dataStream:10.1.1.15:35205|priority:1|startupRole:FOLLOWER]|listeners:[], old=null
2023-02-28 20:08:35,407 [ce14290f-c11f-4031-993d-843363841a3d@group-9C23742E0E14-LeaderElection8] INFO  impl.LeaderElection (LeaderElection.java:askForVotes(314)) - ce14290f-c11f-4031-993d-843363841a3d@group-9C23742E0E14-LeaderElection8 PRE_VOTE round 0: result PASSED (term=0)
2023-02-28 20:08:35,409 [ce14290f-c11f-4031-993d-843363841a3d@group-9C23742E0E14-LeaderElection8] INFO  impl.LeaderElection (LeaderElection.java:askForVotes(312)) - ce14290f-c11f-4031-993d-843363841a3d@group-9C23742E0E14-LeaderElection8 ELECTION round 0: submit vote requests at term 1 for -1: peers:[ce14290f-c11f-4031-993d-843363841a3d|rpc:10.1.1.15:36461|dataStream:10.1.1.15:35205|priority:1|startupRole:FOLLOWER]|listeners:[], old=null
2023-02-28 20:08:35,409 [ce14290f-c11f-4031-993d-843363841a3d@group-9C23742E0E14-LeaderElection8] INFO  impl.LeaderElection (LeaderElection.java:askForVotes(314)) - ce14290f-c11f-4031-993d-843363841a3d@group-9C23742E0E14-LeaderElection8 ELECTION round 0: result PASSED (term=1)
2023-02-28 20:08:35,409 [ce14290f-c11f-4031-993d-843363841a3d@group-9C23742E0E14-LeaderElection8] INFO  impl.RoleInfo (RoleInfo.java:shutdownLeaderElection(130)) - ce14290f-c11f-4031-993d-843363841a3d: shutdown ce14290f-c11f-4031-993d-843363841a3d@group-9C23742E0E14-LeaderElection8
2023-02-28 20:08:35,409 [ce14290f-c11f-4031-993d-843363841a3d@group-9C23742E0E14-LeaderElection8] INFO  server.RaftServer$Division (RaftServerImpl.java:setRole(321)) - ce14290f-c11f-4031-993d-843363841a3d@group-9C23742E0E14: changes role from CANDIDATE to LEADER at term 1 for changeToLeader
2023-02-28 20:08:35,409 [ce14290f-c11f-4031-993d-843363841a3d@group-9C23742E0E14-LeaderElection8] INFO  ratis.XceiverServerRatis (XceiverServerRatis.java:handleLeaderChangedNotification(905)) - Leader change notification received for group: group-9C23742E0E14 with new leaderId: ce14290f-c11f-4031-993d-843363841a3d
2023-02-28 20:08:35,410 [ce14290f-c11f-4031-993d-843363841a3d@group-9C23742E0E14-LeaderElection8] INFO  server.RaftServer$Division (ServerState.java:setLeader(313)) - ce14290f-c11f-4031-993d-843363841a3d@group-9C23742E0E14: change Leader from null to ce14290f-c11f-4031-993d-843363841a3d at term 1 for becomeLeader, leader elected after 5189ms
2023-02-28 20:08:35,411 [ce14290f-c11f-4031-993d-843363841a3d@group-9C23742E0E14-LeaderElection8] INFO  server.RaftServerConfigKeys (ConfUtils.java:logGet(46)) - raft.server.staging.catchup.gap = 1000 (default)
2023-02-28 20:08:35,411 [ce14290f-c11f-4031-993d-843363841a3d@group-9C23742E0E14-LeaderElection8] INFO  server.RaftServerConfigKeys (ConfUtils.java:logGet(46)) - raft.server.write.element-limit = 1024 (custom)
2023-02-28 20:08:35,411 [ce14290f-c11f-4031-993d-843363841a3d@group-9C23742E0E14-LeaderElection8] INFO  server.RaftServerConfigKeys (ConfUtils.java:logGet(46)) - raft.server.write.byte-limit = 1024 M (=1073741824) (custom)
2023-02-28 20:08:35,412 [ce14290f-c11f-4031-993d-843363841a3d@group-9C23742E0E14-LeaderElection8] INFO  server.RaftServerConfigKeys (ConfUtils.java:logGet(46)) - raft.server.watch.timeout = 180s (custom)
2023-02-28 20:08:35,412 [ce14290f-c11f-4031-993d-843363841a3d@group-9C23742E0E14-LeaderElection8] INFO  server.RaftServerConfigKeys (ConfUtils.java:logGet(46)) - raft.server.watch.timeout.denomination = 1s (default)
2023-02-28 20:08:35,412 [ce14290f-c11f-4031-993d-843363841a3d@group-9C23742E0E14-LeaderElection8] INFO  server.RaftServerConfigKeys (ConfUtils.java:logGet(46)) - raft.server.watch.element-limit = 65536 (default)
2023-02-28 20:08:35,412 [ce14290f-c11f-4031-993d-843363841a3d@group-9C23742E0E14-LeaderElection8] INFO  server.RaftServerConfigKeys (ConfUtils.java:logGet(46)) - raft.server.write.element-limit = 1024 (custom)
2023-02-28 20:08:35,412 [ce14290f-c11f-4031-993d-843363841a3d@group-9C23742E0E14-LeaderElection8] INFO  server.RaftServerConfigKeys (ConfUtils.java:logGet(46)) - raft.server.write.follower.gap.ratio.max = -1.0 (default)
2023-02-28 20:08:35,412 [ce14290f-c11f-4031-993d-843363841a3d@group-9C23742E0E14-LeaderElection8] INFO  impl.RoleInfo (RoleInfo.java:updateAndGet(139)) - ce14290f-c11f-4031-993d-843363841a3d: start ce14290f-c11f-4031-993d-843363841a3d@group-9C23742E0E14-LeaderStateImpl
2023-02-28 20:08:35,413 [ce14290f-c11f-4031-993d-843363841a3d@group-9C23742E0E14-LeaderElection8] INFO  segmented.SegmentedRaftLogWorker (SegmentedRaftLogWorker.java:startLogSegment(452)) - ce14290f-c11f-4031-993d-843363841a3d@group-9C23742E0E14-SegmentedRaftLogWorker: Starting segment from index:0
2023-02-28 20:08:35,419 [ce14290f-c11f-4031-993d-843363841a3d@group-9C23742E0E14-LeaderElection8] INFO  server.RaftServer$Division (ServerState.java:setRaftConf(430)) - ce14290f-c11f-4031-993d-843363841a3d@group-9C23742E0E14: set configuration 0: peers:[ce14290f-c11f-4031-993d-843363841a3d|rpc:10.1.1.15:36461|dataStream:10.1.1.15:35205|priority:1|startupRole:FOLLOWER]|listeners:[], old=null
2023-02-28 20:08:35,420 [ce14290f-c11f-4031-993d-843363841a3d@group-9C23742E0E14-SegmentedRaftLogWorker] INFO  segmented.SegmentedRaftLogWorker (SegmentedRaftLogWorker.java:execute(656)) - ce14290f-c11f-4031-993d-843363841a3d@group-9C23742E0E14-SegmentedRaftLogWorker: created new log segment /home/runner/work/ozone/ozone/hadoop-ozone/integration-test/target/test-dir/MiniOzoneClusterImpl-e7d671b1-06ed-40aa-a52b-2678dd5bab1b/datanode-2/data/ratis/980610f5-16ac-4eea-ba43-9c23742e0e14/current/log_inprogress_0
2023-02-28 20:08:35,772 [Listener at 127.0.0.1/46171] INFO  rpc.RpcClient (RpcClient.java:createVolume(476)) - Creating Volume: volume79606, with user62744 as owner and space quota set to -1 bytes, counts quota set to -1
2023-02-28 20:08:35,835 [OM StateMachine ApplyTransaction Thread - 0] INFO  volume.OMVolumeCreateRequest (OMVolumeCreateRequest.java:validateAndUpdateCache(195)) - created volume:volume79606 for user:user62744
2023-02-28 20:08:35,844 [OM StateMachine ApplyTransaction Thread - 0] INFO  volume.OMVolumeCreateRequest (OMVolumeCreateRequest.java:validateAndUpdateCache(195)) - created volume:volume79606 for user:user62744
2023-02-28 20:08:35,837 [OM StateMachine ApplyTransaction Thread - 0] INFO  volume.OMVolumeCreateRequest (OMVolumeCreateRequest.java:validateAndUpdateCache(195)) - created volume:volume79606 for user:user62744
2023-02-28 20:08:35,863 [Listener at 127.0.0.1/46171] INFO  rpc.RpcClient (RpcClient.java:createBucket(698)) - Creating Bucket: volume79606/bucket44206, with bucket layout OBJECT_STORE, runner as owner, Versioning false, Storage Type set to DISK and Encryption set to false, Replication Type set to server-side default replication type, Namespace Quota set to -1, Space Quota set to -1 
2023-02-28 20:08:35,883 [OM StateMachine ApplyTransaction Thread - 0] INFO  bucket.OMBucketCreateRequest (OMBucketCreateRequest.java:validateAndUpdateCache(263)) - created bucket: bucket44206 of layout OBJECT_STORE in volume: volume79606
2023-02-28 20:08:35,888 [OM StateMachine ApplyTransaction Thread - 0] INFO  bucket.OMBucketCreateRequest (OMBucketCreateRequest.java:validateAndUpdateCache(263)) - created bucket: bucket44206 of layout OBJECT_STORE in volume: volume79606
2023-02-28 20:08:35,890 [OM StateMachine ApplyTransaction Thread - 0] INFO  bucket.OMBucketCreateRequest (OMBucketCreateRequest.java:validateAndUpdateCache(263)) - created bucket: bucket44206 of layout OBJECT_STORE in volume: volume79606
2023-02-28 20:08:35,914 [Listener at 127.0.0.1/46171] INFO  utils.BackgroundService (BackgroundService.java:shutdown(141)) - Shutting down service KeyDeletingService
2023-02-28 20:08:35,914 [Listener at 127.0.0.1/46171] INFO  utils.BackgroundService (BackgroundService.java:shutdown(141)) - Shutting down service DirectoryDeletingService
2023-02-28 20:08:35,915 [Listener at 127.0.0.1/46171] INFO  utils.BackgroundService (BackgroundService.java:shutdown(141)) - Shutting down service OpenKeyCleanupService
2023-02-28 20:08:35,915 [Listener at 127.0.0.1/46171] INFO  utils.BackgroundService (BackgroundService.java:shutdown(141)) - Shutting down service SstFilteringService
2023-02-28 20:08:35,915 [Listener at 127.0.0.1/46171] WARN  server.ServerUtils (ServerUtils.java:getDBPath(225)) - ozone.om.db.dirs is not configured. We recommend adding this setting. Falling back to ozone.metadata.dirs instead.
2023-02-28 20:08:35,922 [Time-limited test] INFO  rpc.RpcClient (RpcClient.java:createVolume(476)) - Creating Volume: vol-06427, with runner as owner and space quota set to -1 bytes, counts quota set to -1
2023-02-28 20:08:35,932 [OM StateMachine ApplyTransaction Thread - 0] INFO  volume.OMVolumeCreateRequest (OMVolumeCreateRequest.java:validateAndUpdateCache(195)) - created volume:vol-06427 for user:runner
2023-02-28 20:08:35,937 [OM StateMachine ApplyTransaction Thread - 0] INFO  volume.OMVolumeCreateRequest (OMVolumeCreateRequest.java:validateAndUpdateCache(195)) - created volume:vol-06427 for user:runner
2023-02-28 20:08:35,938 [OM StateMachine ApplyTransaction Thread - 0] INFO  volume.OMVolumeCreateRequest (OMVolumeCreateRequest.java:validateAndUpdateCache(195)) - created volume:vol-06427 for user:runner
2023-02-28 20:08:35,945 [Time-limited test] INFO  rpc.RpcClient (RpcClient.java:createBucket(698)) - Creating Bucket: vol-06427/buck-99204, with server-side default bucket layout, runner as owner, Versioning false, Storage Type set to DISK and Encryption set to false, Replication Type set to server-side default replication type, Namespace Quota set to -1, Space Quota set to -1 
2023-02-28 20:08:35,951 [OM StateMachine ApplyTransaction Thread - 0] INFO  bucket.OMBucketCreateRequest (OMBucketCreateRequest.java:validateAndUpdateCache(263)) - created bucket: buck-99204 of layout OBJECT_STORE in volume: vol-06427
2023-02-28 20:08:35,954 [OM StateMachine ApplyTransaction Thread - 0] INFO  bucket.OMBucketCreateRequest (OMBucketCreateRequest.java:validateAndUpdateCache(263)) - created bucket: buck-99204 of layout OBJECT_STORE in volume: vol-06427
2023-02-28 20:08:35,955 [OM StateMachine ApplyTransaction Thread - 0] INFO  bucket.OMBucketCreateRequest (OMBucketCreateRequest.java:validateAndUpdateCache(263)) - created bucket: buck-99204 of layout OBJECT_STORE in volume: vol-06427
2023-02-28 20:08:36,004 [IPC Server handler 14 on default port 40961] INFO  ha.SequenceIdGenerator (SequenceIdGenerator.java:getNextId(128)) - Allocate a batch for containerId, change lastId from 0 to 1000.
2023-02-28 20:08:36,022 [IPC Server handler 14 on default port 40961] WARN  ha.SequenceIdGenerator (SequenceIdGenerator.java:allocateBatch(237)) - Failed to allocate a batch for localId, expected lastId is 0, actual lastId is 111677748019200000.
2023-02-28 20:08:36,022 [IPC Server handler 14 on default port 40961] INFO  ha.SequenceIdGenerator (SequenceIdGenerator.java:getNextId(128)) - Allocate a batch for localId, change lastId from 111677748019200000 to 111677748019201000.
2023-02-28 20:08:36,116 [Time-limited test] INFO  impl.MetricsSystemImpl (MetricsSystemImpl.java:init(158)) - XceiverClientMetrics metrics system started (again)
2023-02-28 20:08:36,438 [OM StateMachine ApplyTransaction Thread - 0] INFO  snapshot.OMSnapshotCreateRequest (OMSnapshotCreateRequest.java:validateAndUpdateCache(180)) - Created snapshot 'snap25540' under path 'vol-06427/buck-99204'
2023-02-28 20:08:36,438 [OM StateMachine ApplyTransaction Thread - 0] INFO  snapshot.OMSnapshotCreateRequest (OMSnapshotCreateRequest.java:validateAndUpdateCache(180)) - Created snapshot 'snap25540' under path 'vol-06427/buck-99204'
2023-02-28 20:08:36,438 [OM StateMachine ApplyTransaction Thread - 0] INFO  snapshot.OMSnapshotCreateRequest (OMSnapshotCreateRequest.java:validateAndUpdateCache(180)) - Created snapshot 'snap25540' under path 'vol-06427/buck-99204'
2023-02-28 20:08:36,473 [OMDoubleBufferFlushThread] INFO  db.RDBCheckpointManager (RDBCheckpointManager.java:createCheckpoint(96)) - Created checkpoint in rocksDB at /home/runner/work/ozone/ozone/hadoop-ozone/integration-test/target/test-dir/MiniOzoneClusterImpl-e7d671b1-06ed-40aa-a52b-2678dd5bab1b/omNode-1/db.snapshots/om.db-1bf05c4d-c598-4ba0-b599-693af379aa2a in 32 milliseconds
2023-02-28 20:08:36,474 [OMDoubleBufferFlushThread] INFO  db.RDBCheckpointManager (RDBCheckpointManager.java:createCheckpoint(96)) - Created checkpoint in rocksDB at /home/runner/work/ozone/ozone/hadoop-ozone/integration-test/target/test-dir/MiniOzoneClusterImpl-e7d671b1-06ed-40aa-a52b-2678dd5bab1b/omNode-3/db.snapshots/om.db-1bf05c4d-c598-4ba0-b599-693af379aa2a in 34 milliseconds
2023-02-28 20:08:36,492 [OMDoubleBufferFlushThread] INFO  db.RDBCheckpointManager (RDBCheckpointManager.java:createCheckpoint(96)) - Created checkpoint in rocksDB at /home/runner/work/ozone/ozone/hadoop-ozone/integration-test/target/test-dir/MiniOzoneClusterImpl-e7d671b1-06ed-40aa-a52b-2678dd5bab1b/omNode-2/db.snapshots/om.db-1bf05c4d-c598-4ba0-b599-693af379aa2a in 49 milliseconds
2023-02-28 20:08:36,493 [OMDoubleBufferFlushThread] INFO  db.RDBCheckpointManager (RDBCheckpointManager.java:waitForCheckpointDirectoryExist(125)) - Waited for 19 milliseconds for checkpoint directory /home/runner/work/ozone/ozone/hadoop-ozone/integration-test/target/test-dir/MiniOzoneClusterImpl-e7d671b1-06ed-40aa-a52b-2678dd5bab1b/omNode-1/db.snapshots/om.db-1bf05c4d-c598-4ba0-b599-693af379aa2a availability.
2023-02-28 20:08:36,493 [OMDoubleBufferFlushThread] INFO  db.RDBCheckpointManager (RDBCheckpointManager.java:waitForCheckpointDirectoryExist(125)) - Waited for 19 milliseconds for checkpoint directory /home/runner/work/ozone/ozone/hadoop-ozone/integration-test/target/test-dir/MiniOzoneClusterImpl-e7d671b1-06ed-40aa-a52b-2678dd5bab1b/omNode-3/db.snapshots/om.db-1bf05c4d-c598-4ba0-b599-693af379aa2a availability.
2023-02-28 20:08:36,493 [OMDoubleBufferFlushThread] INFO  db.RDBCheckpointManager (RDBCheckpointManager.java:waitForCheckpointDirectoryExist(125)) - Waited for 1 milliseconds for checkpoint directory /home/runner/work/ozone/ozone/hadoop-ozone/integration-test/target/test-dir/MiniOzoneClusterImpl-e7d671b1-06ed-40aa-a52b-2678dd5bab1b/omNode-2/db.snapshots/om.db-1bf05c4d-c598-4ba0-b599-693af379aa2a availability.
2023-02-28 20:08:36,493 [OMDoubleBufferFlushThread] INFO  om.OmSnapshotManager (OmSnapshotManager.java:createOmSnapshotCheckpoint(163)) - Created checkpoint : /home/runner/work/ozone/ozone/hadoop-ozone/integration-test/target/test-dir/MiniOzoneClusterImpl-e7d671b1-06ed-40aa-a52b-2678dd5bab1b/omNode-1/db.snapshots/om.db-1bf05c4d-c598-4ba0-b599-693af379aa2a for snapshot snap25540
2023-02-28 20:08:36,493 [OMDoubleBufferFlushThread] INFO  om.OmSnapshotManager (OmSnapshotManager.java:createOmSnapshotCheckpoint(163)) - Created checkpoint : /home/runner/work/ozone/ozone/hadoop-ozone/integration-test/target/test-dir/MiniOzoneClusterImpl-e7d671b1-06ed-40aa-a52b-2678dd5bab1b/omNode-2/db.snapshots/om.db-1bf05c4d-c598-4ba0-b599-693af379aa2a for snapshot snap25540
2023-02-28 20:08:36,498 [OMDoubleBufferFlushThread] INFO  om.OmSnapshotManager (OmSnapshotManager.java:createOmSnapshotCheckpoint(163)) - Created checkpoint : /home/runner/work/ozone/ozone/hadoop-ozone/integration-test/target/test-dir/MiniOzoneClusterImpl-e7d671b1-06ed-40aa-a52b-2678dd5bab1b/omNode-3/db.snapshots/om.db-1bf05c4d-c598-4ba0-b599-693af379aa2a for snapshot snap25540
]]></system-out>
  </testcase>
  <testcase name="testCreateSnapshotMissingMandatoryParams" classname="TestOmSnapshot" time="22.605">
    <system-out><![CDATA[2023-02-28 20:09:11,027 [Listener at 127.0.0.1/46171] INFO  ozone.MiniOzoneClusterImpl (MiniOzoneClusterImpl.java:shutdown(450)) - Shutting down the Mini Ozone Cluster
2023-02-28 20:09:11,027 [Listener at 127.0.0.1/46171] INFO  ozone.MiniOzoneHAClusterImpl (MiniOzoneHAClusterImpl.java:stop(312)) - Stopping the OzoneManager omNode-3
2023-02-28 20:09:11,028 [Listener at 127.0.0.1/46171] INFO  om.OzoneManager (OzoneManager.java:stop(2153)) - omNode-3[localhost:46171]: Stopping Ozone Manager
2023-02-28 20:09:11,028 [Listener at 127.0.0.1/46171] INFO  ipc.Server (Server.java:stop(3428)) - Stopping server on 46171
2023-02-28 20:09:11,035 [IPC Server Responder] INFO  ipc.Server (Server.java:run(1517)) - Stopping IPC Server Responder
2023-02-28 20:09:11,035 [IPC Server listener on 46171] INFO  ipc.Server (Server.java:run(1384)) - Stopping IPC Server listener on 46171
2023-02-28 20:09:11,037 [Listener at 127.0.0.1/46171] INFO  server.RaftServer (RaftServerProxy.java:lambda$close$6(409)) - omNode-3: close
2023-02-28 20:09:11,038 [omNode-3-impl-thread1] INFO  server.RaftServer$Division (RaftServerImpl.java:lambda$close$4(458)) - omNode-3@group-523986131536: shutdown
2023-02-28 20:09:11,038 [omNode-3-impl-thread1] INFO  util.JmxRegister (JmxRegister.java:unregister(73)) - Successfully un-registered JMX Bean with object name Ratis:service=RaftServer,group=group-523986131536,id=omNode-3
2023-02-28 20:09:11,038 [omNode-3-impl-thread1] INFO  impl.RoleInfo (RoleInfo.java:shutdownFollowerState(110)) - omNode-3: shutdown omNode-3@group-523986131536-FollowerState
2023-02-28 20:09:11,038 [omNode-3-impl-thread1] INFO  impl.StateMachineUpdater (StateMachineUpdater.java:stopAndJoin(153)) - omNode-3@group-523986131536-StateMachineUpdater: set stopIndex = 708
2023-02-28 20:09:11,038 [omNode-3@group-523986131536-FollowerState] INFO  impl.FollowerState (FollowerState.java:run(152)) - omNode-3@group-523986131536-FollowerState was interrupted
2023-02-28 20:09:11,038 [omNode-3@group-523986131536-StateMachineUpdater] INFO  ratis.OzoneManagerStateMachine (OzoneManagerStateMachine.java:takeSnapshot(445)) - Current Snapshot Index (t:1, i:708)
2023-02-28 20:09:11,039 [Listener at 127.0.0.1/46171] INFO  server.GrpcService (GrpcService.java:closeImpl(271)) - omNode-3: shutdown server GrpcServerProtocolService now
2023-02-28 20:09:11,051 [Listener at 127.0.0.1/46171] INFO  server.GrpcService (GrpcService.java:closeImpl(280)) - omNode-3: shutdown server GrpcServerProtocolService successfully
2023-02-28 20:09:11,053 [grpc-default-executor-3] WARN  server.GrpcServerProtocolService (LogUtils.java:warn(122)) - omNode-3: installSnapshot onError, lastRequest: null: org.apache.ratis.thirdparty.io.grpc.StatusRuntimeException: CANCELLED: client cancelled
2023-02-28 20:09:11,055 [grpc-default-executor-7] WARN  server.GrpcLogAppender (LogUtils.java:warn(122)) - omNode-1@group-523986131536->omNode-3-AppendLogResponseHandler: Failed appendEntries: org.apache.ratis.thirdparty.io.grpc.StatusRuntimeException: CANCELLED: RST_STREAM closed stream. HTTP/2 error code: CANCEL
2023-02-28 20:09:11,056 [grpc-default-executor-0] WARN  server.GrpcLogAppender (LogUtils.java:warn(122)) - omNode-1@group-523986131536->omNode-3-AppendLogResponseHandler: Failed appendEntries: org.apache.ratis.thirdparty.io.grpc.StatusRuntimeException: CANCELLED: RST_STREAM closed stream. HTTP/2 error code: CANCEL
2023-02-28 20:09:11,054 [grpc-default-executor-6] WARN  server.GrpcServerProtocolService (LogUtils.java:warn(122)) - omNode-3: installSnapshot onError, lastRequest: omNode-1->omNode-3#80166-t1,previous=(t:1, i:707),leaderCommit=707,initializing? true,entries: size=1, first=(t:1, i:708), METADATAENTRY(c:707): org.apache.ratis.thirdparty.io.grpc.StatusRuntimeException: CANCELLED: client cancelled
2023-02-28 20:09:11,055 [omNode-3@group-523986131536-StateMachineUpdater] INFO  impl.StateMachineUpdater (StateMachineUpdater.java:takeSnapshot(287)) - omNode-3@group-523986131536-StateMachineUpdater: Took a snapshot at index 708
2023-02-28 20:09:11,057 [grpc-default-executor-7] INFO  leader.FollowerInfo (FollowerInfoImpl.java:lambda$new$0(48)) - omNode-1@group-523986131536->omNode-3: nextIndex: updateUnconditionally 709 -> 708
2023-02-28 20:09:11,057 [omNode-3@group-523986131536-StateMachineUpdater] INFO  impl.StateMachineUpdater (StateMachineUpdater.java:lambda$new$0(92)) - omNode-3@group-523986131536-StateMachineUpdater: snapshotIndex: updateIncreasingly -1 -> 708
2023-02-28 20:09:11,058 [grpc-default-executor-0] INFO  leader.FollowerInfo (FollowerInfoImpl.java:lambda$new$0(48)) - omNode-1@group-523986131536->omNode-3: nextIndex: updateUnconditionally 708 -> 707
2023-02-28 20:09:11,058 [omNode-3@group-523986131536-StateMachineUpdater] INFO  ratis.OzoneManagerStateMachine (OzoneManagerStateMachine.java:close(499)) - StateMachine has shutdown. Shutdown OzoneManager if not already shutdown.
2023-02-28 20:09:11,058 [omNode-3@group-523986131536-StateMachineUpdater] INFO  ratis.OzoneManagerDoubleBuffer (OzoneManagerDoubleBuffer.java:stopDaemon(540)) - Stopping OMDoubleBuffer flush thread
2023-02-28 20:09:11,058 [OMDoubleBufferFlushThread] INFO  ratis.OzoneManagerDoubleBuffer (OzoneManagerDoubleBuffer.java:canFlush(625)) - OMDoubleBuffer flush thread OMDoubleBufferFlushThread is interrupted and will exit.
2023-02-28 20:09:11,063 [grpc-default-executor-6] WARN  server.GrpcLogAppender (LogUtils.java:warn(122)) - omNode-1@group-523986131536->omNode-3-AppendLogResponseHandler: Failed appendEntries: org.apache.ratis.thirdparty.io.grpc.StatusRuntimeException: UNAVAILABLE: io exception
2023-02-28 20:09:11,065 [grpc-default-executor-6] INFO  leader.FollowerInfo (FollowerInfoImpl.java:lambda$new$0(48)) - omNode-1@group-523986131536->omNode-3: nextIndex: updateUnconditionally 709 -> 708
2023-02-28 20:09:11,063 [grpc-default-executor-0] WARN  server.GrpcLogAppender (LogUtils.java:warn(122)) - omNode-1@group-523986131536->omNode-3-AppendLogResponseHandler: Failed appendEntries: org.apache.ratis.thirdparty.io.grpc.StatusRuntimeException: UNAVAILABLE: io exception
2023-02-28 20:09:11,065 [grpc-default-executor-0] INFO  leader.FollowerInfo (FollowerInfoImpl.java:lambda$new$0(48)) - omNode-1@group-523986131536->omNode-3: nextIndex: updateUnconditionally 708 -> 707
2023-02-28 20:09:11,064 [omNode-3-impl-thread1] INFO  server.RaftServer$Division (ServerState.java:close(466)) - omNode-3@group-523986131536: closes. applyIndex: 708
2023-02-28 20:09:11,066 [omNode-3@group-523986131536-SegmentedRaftLogWorker] INFO  segmented.SegmentedRaftLogWorker (SegmentedRaftLogWorker.java:run(347)) - omNode-3@group-523986131536-SegmentedRaftLogWorker was interrupted, exiting. There are 0 tasks remaining in the queue.
2023-02-28 20:09:11,068 [omNode-3-impl-thread1] INFO  segmented.SegmentedRaftLogWorker (SegmentedRaftLogWorker.java:close(257)) - omNode-3@group-523986131536-SegmentedRaftLogWorker close()
2023-02-28 20:09:11,069 [JvmPauseMonitor2] INFO  util.JvmPauseMonitor (JvmPauseMonitor.java:run(111)) - JvmPauseMonitor-omNode-3: Stopped
2023-02-28 20:09:11,069 [Listener at 127.0.0.1/46171] INFO  ratis.OzoneManagerStateMachine (OzoneManagerStateMachine.java:close(499)) - StateMachine has shutdown. Shutdown OzoneManager if not already shutdown.
2023-02-28 20:09:11,069 [Listener at 127.0.0.1/46171] INFO  ratis.OzoneManagerDoubleBuffer (OzoneManagerDoubleBuffer.java:stopDaemon(549)) - OMDoubleBuffer flush thread is not running.
2023-02-28 20:09:11,070 [Listener at 127.0.0.1/46171] INFO  utils.BackgroundService (BackgroundService.java:shutdown(141)) - Shutting down service KeyDeletingService
2023-02-28 20:09:11,070 [Listener at 127.0.0.1/46171] INFO  utils.BackgroundService (BackgroundService.java:shutdown(141)) - Shutting down service DirectoryDeletingService
2023-02-28 20:09:11,071 [Listener at 127.0.0.1/46171] INFO  utils.BackgroundService (BackgroundService.java:shutdown(141)) - Shutting down service OpenKeyCleanupService
2023-02-28 20:09:11,071 [Listener at 127.0.0.1/46171] INFO  utils.BackgroundService (BackgroundService.java:shutdown(141)) - Shutting down service SstFilteringService
2023-02-28 20:09:11,073 [Listener at 127.0.0.1/46171] INFO  handler.ContextHandler (ContextHandler.java:doStop(1159)) - Stopped o.e.j.w.WebAppContext@6ec6adcc{ozoneManager,/,null,STOPPED}{file:/home/runner/work/ozone/ozone/hadoop-ozone/integration-test/target/test-classes/webapps/ozoneManager}
2023-02-28 20:09:11,082 [Listener at 127.0.0.1/46171] INFO  server.AbstractConnector (AbstractConnector.java:doStop(383)) - Stopped ServerConnector@7fe3ee59{HTTP/1.1, (http/1.1)}{0.0.0.0:36221}
2023-02-28 20:09:11,083 [Listener at 127.0.0.1/46171] INFO  server.session (HouseKeeper.java:stopScavenging(149)) - node0 Stopped scavenging
2023-02-28 20:09:11,083 [Listener at 127.0.0.1/46171] INFO  handler.ContextHandler (ContextHandler.java:doStop(1159)) - Stopped o.e.j.s.ServletContextHandler@4fcc730a{static,/static,file:///home/runner/work/ozone/ozone/hadoop-ozone/integration-test/target/test-classes/webapps/static,STOPPED}
2023-02-28 20:09:11,083 [Listener at 127.0.0.1/46171] INFO  handler.ContextHandler (ContextHandler.java:doStop(1159)) - Stopped o.e.j.s.ServletContextHandler@c4e6b39{logs,/logs,file:///home/runner/work/ozone/ozone/hadoop-ozone/integration-test/target/log,STOPPED}
2023-02-28 20:09:11,090 [Listener at 127.0.0.1/46171] INFO  ozone.MiniOzoneHAClusterImpl (MiniOzoneHAClusterImpl.java:stop(312)) - Stopping the OzoneManager omNode-1
2023-02-28 20:09:11,090 [Listener at 127.0.0.1/46171] INFO  om.OzoneManager (OzoneManager.java:stop(2153)) - omNode-1[localhost:39621]: Stopping Ozone Manager
2023-02-28 20:09:11,090 [Listener at 127.0.0.1/46171] INFO  ipc.Server (Server.java:stop(3428)) - Stopping server on 39621
2023-02-28 20:09:11,093 [IPC Server listener on 39621] INFO  ipc.Server (Server.java:run(1384)) - Stopping IPC Server listener on 39621
2023-02-28 20:09:11,095 [IPC Server Responder] INFO  ipc.Server (Server.java:run(1517)) - Stopping IPC Server Responder
2023-02-28 20:09:11,096 [Listener at 127.0.0.1/46171] INFO  server.RaftServer (RaftServerProxy.java:lambda$close$6(409)) - omNode-1: close
2023-02-28 20:09:11,096 [omNode-1-impl-thread1] INFO  server.RaftServer$Division (RaftServerImpl.java:lambda$close$4(458)) - omNode-1@group-523986131536: shutdown
2023-02-28 20:09:11,096 [omNode-1-impl-thread1] INFO  util.JmxRegister (JmxRegister.java:unregister(73)) - Successfully un-registered JMX Bean with object name Ratis:service=RaftServer,group=group-523986131536,id=omNode-1
2023-02-28 20:09:11,096 [omNode-1-impl-thread1] INFO  impl.RoleInfo (RoleInfo.java:shutdownLeaderState(93)) - omNode-1: shutdown omNode-1@group-523986131536-LeaderStateImpl
2023-02-28 20:09:11,096 [omNode-1-impl-thread1] INFO  impl.PendingRequests (PendingRequests.java:sendNotLeaderResponses(282)) - omNode-1@group-523986131536-PendingRequests: sendNotLeaderResponses
2023-02-28 20:09:11,097 [omNode-1@group-523986131536->omNode-2-GrpcLogAppender-LogAppenderDaemon] WARN  server.GrpcLogAppender (GrpcLogAppender.java:mayWait(200)) - omNode-1@group-523986131536->omNode-2-GrpcLogAppender: Wait interrupted by java.lang.InterruptedException
2023-02-28 20:09:11,097 [omNode-1@group-523986131536->omNode-3-GrpcLogAppender-LogAppenderDaemon] WARN  server.GrpcLogAppender (GrpcLogAppender.java:mayWait(200)) - omNode-1@group-523986131536->omNode-3-GrpcLogAppender: Wait interrupted by java.lang.InterruptedException
2023-02-28 20:09:11,097 [Listener at 127.0.0.1/46171] INFO  server.GrpcService (GrpcService.java:closeImpl(271)) - omNode-1: shutdown server GrpcServerProtocolService now
2023-02-28 20:09:11,099 [omNode-1-impl-thread1] INFO  impl.StateMachineUpdater (StateMachineUpdater.java:stopAndJoin(153)) - omNode-1@group-523986131536-StateMachineUpdater: set stopIndex = 708
2023-02-28 20:09:11,100 [omNode-1@group-523986131536-StateMachineUpdater] INFO  ratis.OzoneManagerStateMachine (OzoneManagerStateMachine.java:takeSnapshot(445)) - Current Snapshot Index (t:1, i:708)
2023-02-28 20:09:11,100 [grpc-default-executor-6] INFO  server.GrpcServerProtocolService (GrpcServerProtocolService.java:onCompleted(143)) - omNode-2: Completed APPEND_ENTRIES, lastRequest: null
2023-02-28 20:09:11,100 [grpc-default-executor-0] INFO  server.GrpcServerProtocolService (GrpcServerProtocolService.java:onCompleted(143)) - omNode-2: Completed APPEND_ENTRIES, lastRequest: omNode-1->omNode-2#3356-t1,previous=(t:1, i:707),leaderCommit=707,initializing? true,entries: size=1, first=(t:1, i:708), METADATAENTRY(c:707)
2023-02-28 20:09:11,101 [grpc-default-executor-0] INFO  server.GrpcLogAppender (GrpcLogAppender.java:onCompleted(415)) - omNode-1@group-523986131536->omNode-2-AppendLogResponseHandler: follower responses appendEntries COMPLETED
2023-02-28 20:09:11,102 [grpc-default-executor-0] INFO  leader.FollowerInfo (FollowerInfoImpl.java:lambda$new$0(48)) - omNode-1@group-523986131536->omNode-2: nextIndex: updateUnconditionally 709 -> 708
2023-02-28 20:09:11,102 [grpc-default-executor-0] INFO  server.GrpcLogAppender (GrpcLogAppender.java:onCompleted(415)) - omNode-1@group-523986131536->omNode-2-AppendLogResponseHandler: follower responses appendEntries COMPLETED
2023-02-28 20:09:11,102 [grpc-default-executor-0] INFO  leader.FollowerInfo (FollowerInfoImpl.java:lambda$new$0(48)) - omNode-1@group-523986131536->omNode-2: nextIndex: updateUnconditionally 708 -> 707
2023-02-28 20:09:11,104 [ForkJoinPool.commonPool-worker-1] INFO  server.GrpcServerProtocolClient (GrpcServerProtocolClient.java:close(101)) - omNode-3 Close channels
2023-02-28 20:09:11,105 [ForkJoinPool.commonPool-worker-1] INFO  server.GrpcServerProtocolClient (GrpcServerProtocolClient.java:close(101)) - omNode-2 Close channels
2023-02-28 20:09:11,110 [omNode-1@group-523986131536-StateMachineUpdater] INFO  impl.StateMachineUpdater (StateMachineUpdater.java:takeSnapshot(287)) - omNode-1@group-523986131536-StateMachineUpdater: Took a snapshot at index 708
2023-02-28 20:09:11,110 [omNode-1@group-523986131536-StateMachineUpdater] INFO  impl.StateMachineUpdater (StateMachineUpdater.java:lambda$new$0(92)) - omNode-1@group-523986131536-StateMachineUpdater: snapshotIndex: updateIncreasingly -1 -> 708
2023-02-28 20:09:11,110 [omNode-1@group-523986131536-StateMachineUpdater] INFO  ratis.OzoneManagerStateMachine (OzoneManagerStateMachine.java:close(499)) - StateMachine has shutdown. Shutdown OzoneManager if not already shutdown.
2023-02-28 20:09:11,110 [omNode-1@group-523986131536-StateMachineUpdater] INFO  ratis.OzoneManagerDoubleBuffer (OzoneManagerDoubleBuffer.java:stopDaemon(540)) - Stopping OMDoubleBuffer flush thread
2023-02-28 20:09:11,110 [OMDoubleBufferFlushThread] INFO  ratis.OzoneManagerDoubleBuffer (OzoneManagerDoubleBuffer.java:canFlush(625)) - OMDoubleBuffer flush thread OMDoubleBufferFlushThread is interrupted and will exit.
2023-02-28 20:09:11,111 [omNode-1-impl-thread1] INFO  server.RaftServer$Division (ServerState.java:close(466)) - omNode-1@group-523986131536: closes. applyIndex: 708
2023-02-28 20:09:11,111 [omNode-1@group-523986131536-SegmentedRaftLogWorker] INFO  segmented.SegmentedRaftLogWorker (SegmentedRaftLogWorker.java:run(347)) - omNode-1@group-523986131536-SegmentedRaftLogWorker was interrupted, exiting. There are 0 tasks remaining in the queue.
2023-02-28 20:09:11,112 [omNode-1-impl-thread1] INFO  segmented.SegmentedRaftLogWorker (SegmentedRaftLogWorker.java:close(257)) - omNode-1@group-523986131536-SegmentedRaftLogWorker close()
2023-02-28 20:09:11,115 [Listener at 127.0.0.1/46171] INFO  server.GrpcService (GrpcService.java:closeImpl(280)) - omNode-1: shutdown server GrpcServerProtocolService successfully
2023-02-28 20:09:11,115 [JvmPauseMonitor0] INFO  util.JvmPauseMonitor (JvmPauseMonitor.java:run(111)) - JvmPauseMonitor-omNode-1: Stopped
2023-02-28 20:09:11,115 [Listener at 127.0.0.1/46171] INFO  ratis.OzoneManagerStateMachine (OzoneManagerStateMachine.java:close(499)) - StateMachine has shutdown. Shutdown OzoneManager if not already shutdown.
2023-02-28 20:09:11,116 [Listener at 127.0.0.1/46171] INFO  ratis.OzoneManagerDoubleBuffer (OzoneManagerDoubleBuffer.java:stopDaemon(549)) - OMDoubleBuffer flush thread is not running.
2023-02-28 20:09:11,116 [Listener at 127.0.0.1/46171] INFO  handler.ContextHandler (ContextHandler.java:doStop(1159)) - Stopped o.e.j.w.WebAppContext@48701496{ozoneManager,/,null,STOPPED}{file:/home/runner/work/ozone/ozone/hadoop-ozone/integration-test/target/test-classes/webapps/ozoneManager}
2023-02-28 20:09:11,118 [Listener at 127.0.0.1/46171] INFO  server.AbstractConnector (AbstractConnector.java:doStop(383)) - Stopped ServerConnector@4ead0ae1{HTTP/1.1, (http/1.1)}{0.0.0.0:39733}
2023-02-28 20:09:11,118 [Listener at 127.0.0.1/46171] INFO  server.session (HouseKeeper.java:stopScavenging(149)) - node0 Stopped scavenging
2023-02-28 20:09:11,119 [Listener at 127.0.0.1/46171] INFO  handler.ContextHandler (ContextHandler.java:doStop(1159)) - Stopped o.e.j.s.ServletContextHandler@6180eb8{static,/static,file:///home/runner/work/ozone/ozone/hadoop-ozone/integration-test/target/test-classes/webapps/static,STOPPED}
2023-02-28 20:09:11,119 [Listener at 127.0.0.1/46171] INFO  handler.ContextHandler (ContextHandler.java:doStop(1159)) - Stopped o.e.j.s.ServletContextHandler@655966a1{logs,/logs,file:///home/runner/work/ozone/ozone/hadoop-ozone/integration-test/target/log,STOPPED}
2023-02-28 20:09:11,125 [Listener at 127.0.0.1/46171] INFO  ozone.MiniOzoneHAClusterImpl (MiniOzoneHAClusterImpl.java:stop(312)) - Stopping the OzoneManager omNode-2
2023-02-28 20:09:11,125 [Listener at 127.0.0.1/46171] INFO  om.OzoneManager (OzoneManager.java:stop(2153)) - omNode-2[localhost:35263]: Stopping Ozone Manager
2023-02-28 20:09:11,125 [Listener at 127.0.0.1/46171] INFO  ipc.Server (Server.java:stop(3428)) - Stopping server on 35263
2023-02-28 20:09:11,127 [IPC Server listener on 35263] INFO  ipc.Server (Server.java:run(1384)) - Stopping IPC Server listener on 35263
2023-02-28 20:09:11,128 [IPC Server Responder] INFO  ipc.Server (Server.java:run(1517)) - Stopping IPC Server Responder
2023-02-28 20:09:11,128 [Listener at 127.0.0.1/46171] INFO  server.RaftServer (RaftServerProxy.java:lambda$close$6(409)) - omNode-2: close
2023-02-28 20:09:11,128 [Listener at 127.0.0.1/46171] INFO  server.GrpcService (GrpcService.java:closeImpl(271)) - omNode-2: shutdown server GrpcServerProtocolService now
2023-02-28 20:09:11,128 [omNode-2-impl-thread1] INFO  server.RaftServer$Division (RaftServerImpl.java:lambda$close$4(458)) - omNode-2@group-523986131536: shutdown
2023-02-28 20:09:11,129 [omNode-2-impl-thread1] INFO  util.JmxRegister (JmxRegister.java:unregister(73)) - Successfully un-registered JMX Bean with object name Ratis:service=RaftServer,group=group-523986131536,id=omNode-2
2023-02-28 20:09:11,129 [omNode-2-impl-thread1] INFO  impl.RoleInfo (RoleInfo.java:shutdownFollowerState(110)) - omNode-2: shutdown omNode-2@group-523986131536-FollowerState
2023-02-28 20:09:11,129 [omNode-2-impl-thread1] INFO  impl.StateMachineUpdater (StateMachineUpdater.java:stopAndJoin(153)) - omNode-2@group-523986131536-StateMachineUpdater: set stopIndex = 708
2023-02-28 20:09:11,130 [omNode-2@group-523986131536-StateMachineUpdater] INFO  ratis.OzoneManagerStateMachine (OzoneManagerStateMachine.java:takeSnapshot(445)) - Current Snapshot Index (t:1, i:708)
2023-02-28 20:09:11,130 [Listener at 127.0.0.1/46171] INFO  server.GrpcService (GrpcService.java:closeImpl(280)) - omNode-2: shutdown server GrpcServerProtocolService successfully
2023-02-28 20:09:11,130 [omNode-2@group-523986131536-FollowerState] INFO  impl.FollowerState (FollowerState.java:run(152)) - omNode-2@group-523986131536-FollowerState was interrupted
2023-02-28 20:09:11,138 [omNode-2@group-523986131536-StateMachineUpdater] INFO  impl.StateMachineUpdater (StateMachineUpdater.java:takeSnapshot(287)) - omNode-2@group-523986131536-StateMachineUpdater: Took a snapshot at index 708
2023-02-28 20:09:11,138 [omNode-2@group-523986131536-StateMachineUpdater] INFO  impl.StateMachineUpdater (StateMachineUpdater.java:lambda$new$0(92)) - omNode-2@group-523986131536-StateMachineUpdater: snapshotIndex: updateIncreasingly -1 -> 708
2023-02-28 20:09:11,138 [omNode-2@group-523986131536-StateMachineUpdater] INFO  ratis.OzoneManagerStateMachine (OzoneManagerStateMachine.java:close(499)) - StateMachine has shutdown. Shutdown OzoneManager if not already shutdown.
2023-02-28 20:09:11,138 [omNode-2@group-523986131536-StateMachineUpdater] INFO  ratis.OzoneManagerDoubleBuffer (OzoneManagerDoubleBuffer.java:stopDaemon(540)) - Stopping OMDoubleBuffer flush thread
2023-02-28 20:09:11,138 [OMDoubleBufferFlushThread] INFO  ratis.OzoneManagerDoubleBuffer (OzoneManagerDoubleBuffer.java:canFlush(625)) - OMDoubleBuffer flush thread OMDoubleBufferFlushThread is interrupted and will exit.
2023-02-28 20:09:11,139 [omNode-2-impl-thread1] INFO  server.RaftServer$Division (ServerState.java:close(466)) - omNode-2@group-523986131536: closes. applyIndex: 708
2023-02-28 20:09:11,139 [omNode-2@group-523986131536-SegmentedRaftLogWorker] INFO  segmented.SegmentedRaftLogWorker (SegmentedRaftLogWorker.java:run(347)) - omNode-2@group-523986131536-SegmentedRaftLogWorker was interrupted, exiting. There are 0 tasks remaining in the queue.
2023-02-28 20:09:11,140 [omNode-2-impl-thread1] INFO  segmented.SegmentedRaftLogWorker (SegmentedRaftLogWorker.java:close(257)) - omNode-2@group-523986131536-SegmentedRaftLogWorker close()
2023-02-28 20:09:11,140 [JvmPauseMonitor1] INFO  util.JvmPauseMonitor (JvmPauseMonitor.java:run(111)) - JvmPauseMonitor-omNode-2: Stopped
2023-02-28 20:09:11,140 [Listener at 127.0.0.1/46171] INFO  ratis.OzoneManagerStateMachine (OzoneManagerStateMachine.java:close(499)) - StateMachine has shutdown. Shutdown OzoneManager if not already shutdown.
2023-02-28 20:09:11,140 [Listener at 127.0.0.1/46171] INFO  ratis.OzoneManagerDoubleBuffer (OzoneManagerDoubleBuffer.java:stopDaemon(549)) - OMDoubleBuffer flush thread is not running.
2023-02-28 20:09:11,141 [Listener at 127.0.0.1/46171] INFO  utils.BackgroundService (BackgroundService.java:shutdown(141)) - Shutting down service KeyDeletingService
2023-02-28 20:09:11,141 [Listener at 127.0.0.1/46171] INFO  utils.BackgroundService (BackgroundService.java:shutdown(141)) - Shutting down service DirectoryDeletingService
2023-02-28 20:09:11,141 [Listener at 127.0.0.1/46171] INFO  utils.BackgroundService (BackgroundService.java:shutdown(141)) - Shutting down service OpenKeyCleanupService
2023-02-28 20:09:11,141 [Listener at 127.0.0.1/46171] INFO  utils.BackgroundService (BackgroundService.java:shutdown(141)) - Shutting down service SstFilteringService
2023-02-28 20:09:11,142 [Listener at 127.0.0.1/46171] INFO  handler.ContextHandler (ContextHandler.java:doStop(1159)) - Stopped o.e.j.w.WebAppContext@71303d2c{ozoneManager,/,null,STOPPED}{file:/home/runner/work/ozone/ozone/hadoop-ozone/integration-test/target/test-classes/webapps/ozoneManager}
2023-02-28 20:09:11,143 [Listener at 127.0.0.1/46171] INFO  server.AbstractConnector (AbstractConnector.java:doStop(383)) - Stopped ServerConnector@28faece4{HTTP/1.1, (http/1.1)}{0.0.0.0:36881}
2023-02-28 20:09:11,143 [Listener at 127.0.0.1/46171] INFO  server.session (HouseKeeper.java:stopScavenging(149)) - node0 Stopped scavenging
2023-02-28 20:09:11,143 [Listener at 127.0.0.1/46171] INFO  handler.ContextHandler (ContextHandler.java:doStop(1159)) - Stopped o.e.j.s.ServletContextHandler@a8a1822{static,/static,file:///home/runner/work/ozone/ozone/hadoop-ozone/integration-test/target/test-classes/webapps/static,STOPPED}
2023-02-28 20:09:11,143 [Listener at 127.0.0.1/46171] INFO  handler.ContextHandler (ContextHandler.java:doStop(1159)) - Stopped o.e.j.s.ServletContextHandler@398956e9{logs,/logs,file:///home/runner/work/ozone/ozone/hadoop-ozone/integration-test/target/log,STOPPED}
2023-02-28 20:09:11,149 [Listener at 127.0.0.1/46171] INFO  ozone.MiniOzoneHAClusterImpl (MiniOzoneHAClusterImpl.java:stop(320)) - Stopping the StorageContainerManager 1fb7cde3-4c60-440b-805a-ae8e88e7b861
2023-02-28 20:09:11,149 [Listener at 127.0.0.1/46171] INFO  server.StorageContainerManager (StorageContainerManager.java:stop(1531)) - Container Balancer is not running.
2023-02-28 20:09:11,149 [Listener at 127.0.0.1/46171] INFO  server.StorageContainerManager (StorageContainerManager.java:stop(1538)) - Stopping Replication Manager Service.
2023-02-28 20:09:11,149 [Listener at 127.0.0.1/46171] INFO  replication.ReplicationManager (ReplicationManager.java:stop(299)) - Stopping Replication Monitor Thread.
2023-02-28 20:09:11,149 [Under Replicated Processor] WARN  replication.UnhealthyReplicationProcessor (UnhealthyReplicationProcessor.java:run(153)) - Under Replicated Processor interrupted. Exiting...
2023-02-28 20:09:11,149 [Over Replicated Processor] WARN  replication.UnhealthyReplicationProcessor (UnhealthyReplicationProcessor.java:run(153)) - Over Replicated Processor interrupted. Exiting...
2023-02-28 20:09:11,150 [ReplicationMonitor] INFO  replication.ReplicationManager (ReplicationManager.java:run(746)) - Replication Monitor Thread is stopped
2023-02-28 20:09:11,150 [Listener at 127.0.0.1/46171] INFO  server.StorageContainerManager (StorageContainerManager.java:stop(1545)) - Stopping the Datanode Admin Monitor.
2023-02-28 20:09:11,150 [Listener at 127.0.0.1/46171] INFO  server.StorageContainerManager (StorageContainerManager.java:stop(1552)) - Stopping datanode service RPC server
2023-02-28 20:09:11,150 [Listener at 127.0.0.1/46171] INFO  server.SCMDatanodeProtocolServer (SCMDatanodeProtocolServer.java:stop(424)) - Stopping the RPC server for DataNodes
2023-02-28 20:09:11,150 [Listener at 127.0.0.1/46171] INFO  ipc.Server (Server.java:stop(3428)) - Stopping server on 42901
2023-02-28 20:09:11,152 [IPC Server listener on 0] INFO  ipc.Server (Server.java:run(1384)) - Stopping IPC Server listener on 0
2023-02-28 20:09:11,153 [IPC Server Responder] INFO  ipc.Server (Server.java:run(1517)) - Stopping IPC Server Responder
2023-02-28 20:09:11,235 [SCM Heartbeat Processing Thread - 0] WARN  node.NodeStateManager (NodeStateManager.java:scheduleNextHealthCheck(870)) - Current Thread is interrupted, shutting down HB processing thread for Node Manager.
2023-02-28 20:09:11,236 [Listener at 127.0.0.1/46171] INFO  server.StorageContainerManager (StorageContainerManager.java:stop(1560)) - Stopping block service RPC server
2023-02-28 20:09:11,236 [Listener at 127.0.0.1/46171] INFO  server.SCMBlockProtocolServer (SCMBlockProtocolServer.java:stop(161)) - Stopping the RPC server for Block Protocol
2023-02-28 20:09:11,236 [Listener at 127.0.0.1/46171] INFO  ipc.Server (Server.java:stop(3428)) - Stopping server on 40961
2023-02-28 20:09:11,239 [IPC Server listener on 0] INFO  ipc.Server (Server.java:run(1384)) - Stopping IPC Server listener on 0
2023-02-28 20:09:11,239 [IPC Server Responder] INFO  ipc.Server (Server.java:run(1517)) - Stopping IPC Server Responder
2023-02-28 20:09:11,239 [Listener at 127.0.0.1/46171] INFO  server.StorageContainerManager (StorageContainerManager.java:stop(1567)) - Stopping the StorageContainerLocationProtocol RPC server
2023-02-28 20:09:11,240 [Listener at 127.0.0.1/46171] INFO  server.SCMClientProtocolServer (SCMClientProtocolServer.java:stop(185)) - Stopping the RPC server for Client Protocol
2023-02-28 20:09:11,240 [Listener at 127.0.0.1/46171] INFO  ipc.Server (Server.java:stop(3428)) - Stopping server on 44205
2023-02-28 20:09:11,241 [IPC Server listener on 0] INFO  ipc.Server (Server.java:run(1384)) - Stopping IPC Server listener on 0
2023-02-28 20:09:11,242 [IPC Server Responder] INFO  ipc.Server (Server.java:run(1517)) - Stopping IPC Server Responder
2023-02-28 20:09:11,242 [Listener at 127.0.0.1/46171] INFO  server.StorageContainerManager (StorageContainerManager.java:stop(1574)) - Stopping Storage Container Manager HTTP server.
2023-02-28 20:09:11,243 [Listener at 127.0.0.1/46171] INFO  handler.ContextHandler (ContextHandler.java:doStop(1159)) - Stopped o.e.j.w.WebAppContext@3d6c7152{scm,/,null,STOPPED}{file:/home/runner/work/ozone/ozone/hadoop-ozone/integration-test/target/test-classes/webapps/scm}
2023-02-28 20:09:11,243 [Listener at 127.0.0.1/46171] INFO  server.AbstractConnector (AbstractConnector.java:doStop(383)) - Stopped ServerConnector@7db63a01{HTTP/1.1, (http/1.1)}{0.0.0.0:0}
2023-02-28 20:09:11,243 [Listener at 127.0.0.1/46171] INFO  server.session (HouseKeeper.java:stopScavenging(149)) - node0 Stopped scavenging
2023-02-28 20:09:11,244 [Listener at 127.0.0.1/46171] INFO  handler.ContextHandler (ContextHandler.java:doStop(1159)) - Stopped o.e.j.s.ServletContextHandler@7da40bf4{static,/static,file:///home/runner/work/ozone/ozone/hadoop-ozone/integration-test/target/test-classes/webapps/static,STOPPED}
2023-02-28 20:09:11,244 [Listener at 127.0.0.1/46171] INFO  handler.ContextHandler (ContextHandler.java:doStop(1159)) - Stopped o.e.j.s.ServletContextHandler@61c42e54{logs,/logs,file:///home/runner/work/ozone/ozone/hadoop-ozone/integration-test/target/log,STOPPED}
2023-02-28 20:09:11,244 [Listener at 127.0.0.1/46171] INFO  server.StorageContainerManager (StorageContainerManager.java:stop(1582)) - Stopping SCM LayoutVersionManager Service.
2023-02-28 20:09:11,245 [Listener at 127.0.0.1/46171] INFO  server.StorageContainerManager (StorageContainerManager.java:stop(1590)) - Stopping Block Manager Service.
2023-02-28 20:09:11,245 [Listener at 127.0.0.1/46171] INFO  utils.BackgroundService (BackgroundService.java:shutdown(141)) - Shutting down service SCMBlockDeletingService
2023-02-28 20:09:11,245 [Listener at 127.0.0.1/46171] INFO  utils.BackgroundService (BackgroundService.java:shutdown(141)) - Shutting down service SCMBlockDeletingService
2023-02-28 20:09:11,245 [Listener at 127.0.0.1/46171] INFO  server.StorageContainerManager (StorageContainerManager.java:stop(1612)) - Stopping SCM Event Queue.
2023-02-28 20:09:11,247 [Listener at 127.0.0.1/46171] INFO  server.StorageContainerManager (StorageContainerManager.java:stop(1623)) - Stopping SCM HA services.
2023-02-28 20:09:11,247 [Listener at 127.0.0.1/46171] INFO  pipeline.BackgroundPipelineCreator (BackgroundPipelineCreator.java:stop(149)) - Stopping RatisPipelineUtilsThread.
2023-02-28 20:09:11,248 [RatisPipelineUtilsThread - 0] WARN  pipeline.BackgroundPipelineCreator (BackgroundPipelineCreator.java:run(180)) - RatisPipelineUtilsThread is interrupted.
2023-02-28 20:09:11,248 [BackgroundPipelineScrubberThread] WARN  BackgroundPipelineScrubber (BackgroundSCMService.java:run(115)) - BackgroundPipelineScrubber is interrupted, exit
2023-02-28 20:09:11,248 [Listener at 127.0.0.1/46171] INFO  BackgroundPipelineScrubber (BackgroundSCMService.java:stop(131)) - Stopping BackgroundPipelineScrubber Service.
2023-02-28 20:09:11,249 [Listener at 127.0.0.1/46171] INFO  impl.MetricsSystemImpl (MetricsSystemImpl.java:stop(210)) - Stopping XceiverClientMetrics metrics system...
2023-02-28 20:09:11,257 [prometheus] INFO  impl.MetricsSinkAdapter (MetricsSinkAdapter.java:publishMetricsFromQueue(141)) - prometheus thread interrupted.
2023-02-28 20:09:11,257 [Listener at 127.0.0.1/46171] INFO  impl.MetricsSystemImpl (MetricsSystemImpl.java:stop(216)) - XceiverClientMetrics metrics system stopped.
2023-02-28 20:09:11,259 [Listener at 127.0.0.1/46171] WARN  pipeline.BackgroundPipelineCreator (BackgroundPipelineCreator.java:stop(145)) - RatisPipelineUtilsThread is not running, just ignore.
2023-02-28 20:09:11,259 [Listener at 127.0.0.1/46171] INFO  BackgroundPipelineScrubber (BackgroundSCMService.java:stop(126)) - BackgroundPipelineScrubber Service is not running, skip stop.
2023-02-28 20:09:11,259 [ExpiredContainerReplicaOpScrubberThread] WARN  ExpiredContainerReplicaOpScrubber (BackgroundSCMService.java:run(115)) - ExpiredContainerReplicaOpScrubber is interrupted, exit
2023-02-28 20:09:11,259 [Listener at 127.0.0.1/46171] INFO  ExpiredContainerReplicaOpScrubber (BackgroundSCMService.java:stop(131)) - Stopping ExpiredContainerReplicaOpScrubber Service.
2023-02-28 20:09:11,259 [Listener at 127.0.0.1/46171] INFO  utils.BackgroundService (BackgroundService.java:shutdown(141)) - Shutting down service SCMBlockDeletingService
2023-02-28 20:09:11,259 [Listener at 127.0.0.1/46171] INFO  replication.ReplicationManager (ReplicationManager.java:stop(309)) - Replication Monitor Thread is not running.
2023-02-28 20:09:11,259 [Listener at 127.0.0.1/46171] WARN  balancer.ContainerBalancer (ContainerBalancer.java:stop(322)) - Cannot stop Container Balancer because it's not running or stopping
2023-02-28 20:09:11,261 [Listener at 127.0.0.1/46171] INFO  server.StorageContainerManager (StorageContainerManager.java:stop(1641)) - Stopping SCM MetadataStore.
2023-02-28 20:09:11,262 [Listener at 127.0.0.1/46171] INFO  ozone.MiniOzoneClusterImpl (MiniOzoneClusterImpl.java:stop(465)) - Stopping the Mini Ozone Cluster
2023-02-28 20:09:11,262 [Listener at 127.0.0.1/46171] INFO  ozone.MiniOzoneClusterImpl (MiniOzoneClusterImpl.java:stopDatanodes(524)) - Stopping the HddsDatanodes
2023-02-28 20:09:11,267 [ForkJoinPool.commonPool-worker-1] INFO  ozoneimpl.OzoneContainer (OzoneContainer.java:stop(420)) - Attempting to stop container services.
2023-02-28 20:09:11,267 [Listener at 127.0.0.1/46171] INFO  ozoneimpl.OzoneContainer (OzoneContainer.java:stop(420)) - Attempting to stop container services.
2023-02-28 20:09:11,269 [ForkJoinPool.commonPool-worker-1] INFO  server.RaftServer (RaftServerProxy.java:lambda$close$6(409)) - d4f71ede-bed0-498f-9536-da00fca7d632: close
2023-02-28 20:09:11,270 [Listener at 127.0.0.1/46171] INFO  server.RaftServer (RaftServerProxy.java:lambda$close$6(409)) - f1fceee1-e839-4390-8ee1-a452674c18b3: close
2023-02-28 20:09:11,270 [d4f71ede-bed0-498f-9536-da00fca7d632-impl-thread1] INFO  server.RaftServer$Division (RaftServerImpl.java:lambda$close$4(458)) - d4f71ede-bed0-498f-9536-da00fca7d632@group-82EDF0868713: shutdown
2023-02-28 20:09:11,270 [d4f71ede-bed0-498f-9536-da00fca7d632-impl-thread1] INFO  util.JmxRegister (JmxRegister.java:unregister(73)) - Successfully un-registered JMX Bean with object name Ratis:service=RaftServer,group=group-82EDF0868713,id=d4f71ede-bed0-498f-9536-da00fca7d632
2023-02-28 20:09:11,270 [d4f71ede-bed0-498f-9536-da00fca7d632-impl-thread1] INFO  impl.RoleInfo (RoleInfo.java:shutdownLeaderState(93)) - d4f71ede-bed0-498f-9536-da00fca7d632: shutdown d4f71ede-bed0-498f-9536-da00fca7d632@group-82EDF0868713-LeaderStateImpl
2023-02-28 20:09:11,270 [f1fceee1-e839-4390-8ee1-a452674c18b3-impl-thread2] INFO  server.RaftServer$Division (RaftServerImpl.java:lambda$close$4(458)) - f1fceee1-e839-4390-8ee1-a452674c18b3@group-E3CFD3C613C5: shutdown
2023-02-28 20:09:11,270 [f1fceee1-e839-4390-8ee1-a452674c18b3-impl-thread2] INFO  util.JmxRegister (JmxRegister.java:unregister(73)) - Successfully un-registered JMX Bean with object name Ratis:service=RaftServer,group=group-E3CFD3C613C5,id=f1fceee1-e839-4390-8ee1-a452674c18b3
2023-02-28 20:09:11,270 [f1fceee1-e839-4390-8ee1-a452674c18b3-impl-thread1] INFO  server.RaftServer$Division (RaftServerImpl.java:lambda$close$4(458)) - f1fceee1-e839-4390-8ee1-a452674c18b3@group-81C630B2EAFB: shutdown
2023-02-28 20:09:11,270 [Listener at 127.0.0.1/46171] INFO  server.GrpcService (GrpcService.java:closeImpl(271)) - f1fceee1-e839-4390-8ee1-a452674c18b3: shutdown server GrpcServerProtocolService now
2023-02-28 20:09:11,270 [f1fceee1-e839-4390-8ee1-a452674c18b3-impl-thread2] INFO  impl.RoleInfo (RoleInfo.java:shutdownFollowerState(110)) - f1fceee1-e839-4390-8ee1-a452674c18b3: shutdown f1fceee1-e839-4390-8ee1-a452674c18b3@group-E3CFD3C613C5-FollowerState
2023-02-28 20:09:11,271 [f1fceee1-e839-4390-8ee1-a452674c18b3-impl-thread2] INFO  impl.StateMachineUpdater (StateMachineUpdater.java:stopAndJoin(153)) - f1fceee1-e839-4390-8ee1-a452674c18b3@group-E3CFD3C613C5-StateMachineUpdater: set stopIndex = 194
2023-02-28 20:09:11,270 [d4f71ede-bed0-498f-9536-da00fca7d632-impl-thread1] INFO  impl.PendingRequests (PendingRequests.java:sendNotLeaderResponses(282)) - d4f71ede-bed0-498f-9536-da00fca7d632@group-82EDF0868713-PendingRequests: sendNotLeaderResponses
2023-02-28 20:09:11,274 [d4f71ede-bed0-498f-9536-da00fca7d632-impl-thread1] INFO  impl.StateMachineUpdater (StateMachineUpdater.java:stopAndJoin(153)) - d4f71ede-bed0-498f-9536-da00fca7d632@group-82EDF0868713-StateMachineUpdater: set stopIndex = 0
2023-02-28 20:09:11,274 [f1fceee1-e839-4390-8ee1-a452674c18b3@group-E3CFD3C613C5-FollowerState] INFO  impl.FollowerState (FollowerState.java:run(152)) - f1fceee1-e839-4390-8ee1-a452674c18b3@group-E3CFD3C613C5-FollowerState was interrupted
2023-02-28 20:09:11,274 [f1fceee1-e839-4390-8ee1-a452674c18b3@group-E3CFD3C613C5-StateMachineUpdater] INFO  ratis.ContainerStateMachine (ContainerStateMachine.java:takeSnapshot(308)) - group-E3CFD3C613C5: Taking a snapshot at:(t:1, i:194) file /home/runner/work/ozone/ozone/hadoop-ozone/integration-test/target/test-dir/MiniOzoneClusterImpl-e7d671b1-06ed-40aa-a52b-2678dd5bab1b/datanode-1/data/ratis/94f44e2f-8a5f-4df8-be7b-e3cfd3c613c5/sm/snapshot.1_194
2023-02-28 20:09:11,274 [grpc-default-executor-4] WARN  server.GrpcServerProtocolService (LogUtils.java:warn(122)) - f1fceee1-e839-4390-8ee1-a452674c18b3: installSnapshot onError, lastRequest: d4f71ede-bed0-498f-9536-da00fca7d632->f1fceee1-e839-4390-8ee1-a452674c18b3#1820-t1,previous=(t:1, i:194),leaderCommit=194,initializing? true,entries: size=1, first=(t:1, i:195), METADATAENTRY(c:194): org.apache.ratis.thirdparty.io.grpc.StatusRuntimeException: CANCELLED: client cancelled
2023-02-28 20:09:11,270 [f1fceee1-e839-4390-8ee1-a452674c18b3-impl-thread1] INFO  util.JmxRegister (JmxRegister.java:unregister(73)) - Successfully un-registered JMX Bean with object name Ratis:service=RaftServer,group=group-81C630B2EAFB,id=f1fceee1-e839-4390-8ee1-a452674c18b3
2023-02-28 20:09:11,274 [f1fceee1-e839-4390-8ee1-a452674c18b3-impl-thread1] INFO  impl.RoleInfo (RoleInfo.java:shutdownFollowerState(110)) - f1fceee1-e839-4390-8ee1-a452674c18b3: shutdown f1fceee1-e839-4390-8ee1-a452674c18b3@group-81C630B2EAFB-FollowerState
2023-02-28 20:09:11,275 [d4f71ede-bed0-498f-9536-da00fca7d632@group-82EDF0868713-StateMachineUpdater] INFO  ratis.ContainerStateMachine (ContainerStateMachine.java:takeSnapshot(308)) - group-82EDF0868713: Taking a snapshot at:(t:1, i:0) file /home/runner/work/ozone/ozone/hadoop-ozone/integration-test/target/test-dir/MiniOzoneClusterImpl-e7d671b1-06ed-40aa-a52b-2678dd5bab1b/datanode-0/data/ratis/e6bd385e-35b1-4a95-820d-82edf0868713/sm/snapshot.1_0
2023-02-28 20:09:11,275 [grpc-default-executor-6] WARN  server.GrpcServerProtocolService (LogUtils.java:warn(122)) - f1fceee1-e839-4390-8ee1-a452674c18b3: installSnapshot onError, lastRequest: null: org.apache.ratis.thirdparty.io.grpc.StatusRuntimeException: CANCELLED: client cancelled
2023-02-28 20:09:11,276 [grpc-default-executor-3] WARN  server.GrpcServerProtocolService (LogUtils.java:warn(122)) - f1fceee1-e839-4390-8ee1-a452674c18b3: installSnapshot onError, lastRequest: ce14290f-c11f-4031-993d-843363841a3d->f1fceee1-e839-4390-8ee1-a452674c18b3#2713-t1,previous=(t:1, i:190),leaderCommit=189,initializing? true,entries: size=1, first=(t:1, i:191), METADATAENTRY(c:189): org.apache.ratis.thirdparty.io.grpc.StatusRuntimeException: CANCELLED: client cancelled
2023-02-28 20:09:11,282 [d4f71ede-bed0-498f-9536-da00fca7d632-impl-thread2] INFO  server.RaftServer$Division (RaftServerImpl.java:lambda$close$4(458)) - d4f71ede-bed0-498f-9536-da00fca7d632@group-81C630B2EAFB: shutdown
2023-02-28 20:09:11,283 [d4f71ede-bed0-498f-9536-da00fca7d632-impl-thread2] INFO  util.JmxRegister (JmxRegister.java:unregister(73)) - Successfully un-registered JMX Bean with object name Ratis:service=RaftServer,group=group-81C630B2EAFB,id=d4f71ede-bed0-498f-9536-da00fca7d632
2023-02-28 20:09:11,283 [d4f71ede-bed0-498f-9536-da00fca7d632-impl-thread2] INFO  impl.RoleInfo (RoleInfo.java:shutdownFollowerState(110)) - d4f71ede-bed0-498f-9536-da00fca7d632: shutdown d4f71ede-bed0-498f-9536-da00fca7d632@group-81C630B2EAFB-FollowerState
2023-02-28 20:09:11,287 [ForkJoinPool.commonPool-worker-1] INFO  server.GrpcService (GrpcService.java:closeImpl(271)) - d4f71ede-bed0-498f-9536-da00fca7d632: shutdown server GrpcServerProtocolService now
2023-02-28 20:09:11,287 [f1fceee1-e839-4390-8ee1-a452674c18b3-impl-thread3] INFO  server.RaftServer$Division (RaftServerImpl.java:lambda$close$4(458)) - f1fceee1-e839-4390-8ee1-a452674c18b3@group-EDD877C83533: shutdown
2023-02-28 20:09:11,287 [f1fceee1-e839-4390-8ee1-a452674c18b3-impl-thread3] INFO  util.JmxRegister (JmxRegister.java:unregister(73)) - Successfully un-registered JMX Bean with object name Ratis:service=RaftServer,group=group-EDD877C83533,id=f1fceee1-e839-4390-8ee1-a452674c18b3
2023-02-28 20:09:11,288 [f1fceee1-e839-4390-8ee1-a452674c18b3-impl-thread3] INFO  impl.RoleInfo (RoleInfo.java:shutdownLeaderState(93)) - f1fceee1-e839-4390-8ee1-a452674c18b3: shutdown f1fceee1-e839-4390-8ee1-a452674c18b3@group-EDD877C83533-LeaderStateImpl
2023-02-28 20:09:11,288 [f1fceee1-e839-4390-8ee1-a452674c18b3-impl-thread3] INFO  impl.PendingRequests (PendingRequests.java:sendNotLeaderResponses(282)) - f1fceee1-e839-4390-8ee1-a452674c18b3@group-EDD877C83533-PendingRequests: sendNotLeaderResponses
2023-02-28 20:09:11,288 [f1fceee1-e839-4390-8ee1-a452674c18b3-impl-thread3] INFO  impl.StateMachineUpdater (StateMachineUpdater.java:stopAndJoin(153)) - f1fceee1-e839-4390-8ee1-a452674c18b3@group-EDD877C83533-StateMachineUpdater: set stopIndex = 0
2023-02-28 20:09:11,287 [d4f71ede-bed0-498f-9536-da00fca7d632-impl-thread3] INFO  server.RaftServer$Division (RaftServerImpl.java:lambda$close$4(458)) - d4f71ede-bed0-498f-9536-da00fca7d632@group-E3CFD3C613C5: shutdown
2023-02-28 20:09:11,289 [d4f71ede-bed0-498f-9536-da00fca7d632-impl-thread3] INFO  util.JmxRegister (JmxRegister.java:unregister(73)) - Successfully un-registered JMX Bean with object name Ratis:service=RaftServer,group=group-E3CFD3C613C5,id=d4f71ede-bed0-498f-9536-da00fca7d632
2023-02-28 20:09:11,289 [d4f71ede-bed0-498f-9536-da00fca7d632-impl-thread3] INFO  impl.RoleInfo (RoleInfo.java:shutdownLeaderState(93)) - d4f71ede-bed0-498f-9536-da00fca7d632: shutdown d4f71ede-bed0-498f-9536-da00fca7d632@group-E3CFD3C613C5-LeaderStateImpl
2023-02-28 20:09:11,289 [d4f71ede-bed0-498f-9536-da00fca7d632@group-E3CFD3C613C5->f1fceee1-e839-4390-8ee1-a452674c18b3-GrpcLogAppender-LogAppenderDaemon] WARN  server.GrpcLogAppender (GrpcLogAppender.java:mayWait(200)) - d4f71ede-bed0-498f-9536-da00fca7d632@group-E3CFD3C613C5->f1fceee1-e839-4390-8ee1-a452674c18b3-GrpcLogAppender: Wait interrupted by java.lang.InterruptedException
2023-02-28 20:09:11,290 [d4f71ede-bed0-498f-9536-da00fca7d632@group-E3CFD3C613C5->ce14290f-c11f-4031-993d-843363841a3d-GrpcLogAppender-LogAppenderDaemon] WARN  server.GrpcLogAppender (GrpcLogAppender.java:mayWait(200)) - d4f71ede-bed0-498f-9536-da00fca7d632@group-E3CFD3C613C5->ce14290f-c11f-4031-993d-843363841a3d-GrpcLogAppender: Wait interrupted by java.lang.InterruptedException
2023-02-28 20:09:11,290 [d4f71ede-bed0-498f-9536-da00fca7d632-impl-thread3] INFO  impl.PendingRequests (PendingRequests.java:sendNotLeaderResponses(282)) - d4f71ede-bed0-498f-9536-da00fca7d632@group-E3CFD3C613C5-PendingRequests: sendNotLeaderResponses
2023-02-28 20:09:11,290 [f1fceee1-e839-4390-8ee1-a452674c18b3@group-EDD877C83533-StateMachineUpdater] INFO  ratis.ContainerStateMachine (ContainerStateMachine.java:takeSnapshot(308)) - group-EDD877C83533: Taking a snapshot at:(t:1, i:0) file /home/runner/work/ozone/ozone/hadoop-ozone/integration-test/target/test-dir/MiniOzoneClusterImpl-e7d671b1-06ed-40aa-a52b-2678dd5bab1b/datanode-1/data/ratis/23247afd-4b51-48a9-b029-edd877c83533/sm/snapshot.1_0
2023-02-28 20:09:11,292 [d4f71ede-bed0-498f-9536-da00fca7d632@group-81C630B2EAFB-FollowerState] INFO  impl.FollowerState (FollowerState.java:run(152)) - d4f71ede-bed0-498f-9536-da00fca7d632@group-81C630B2EAFB-FollowerState was interrupted
2023-02-28 20:09:11,293 [f1fceee1-e839-4390-8ee1-a452674c18b3-impl-thread1] INFO  impl.StateMachineUpdater (StateMachineUpdater.java:stopAndJoin(153)) - f1fceee1-e839-4390-8ee1-a452674c18b3@group-81C630B2EAFB-StateMachineUpdater: set stopIndex = 191
2023-02-28 20:09:11,296 [d4f71ede-bed0-498f-9536-da00fca7d632-impl-thread2] INFO  impl.StateMachineUpdater (StateMachineUpdater.java:stopAndJoin(153)) - d4f71ede-bed0-498f-9536-da00fca7d632@group-81C630B2EAFB-StateMachineUpdater: set stopIndex = 191
2023-02-28 20:09:11,296 [d4f71ede-bed0-498f-9536-da00fca7d632@group-81C630B2EAFB-StateMachineUpdater] INFO  ratis.ContainerStateMachine (ContainerStateMachine.java:takeSnapshot(308)) - group-81C630B2EAFB: Taking a snapshot at:(t:1, i:191) file /home/runner/work/ozone/ozone/hadoop-ozone/integration-test/target/test-dir/MiniOzoneClusterImpl-e7d671b1-06ed-40aa-a52b-2678dd5bab1b/datanode-0/data/ratis/2f90a01c-2f45-41f9-8817-81c630b2eafb/sm/snapshot.1_191
2023-02-28 20:09:11,296 [f1fceee1-e839-4390-8ee1-a452674c18b3@group-81C630B2EAFB-FollowerState] INFO  impl.FollowerState (FollowerState.java:run(152)) - f1fceee1-e839-4390-8ee1-a452674c18b3@group-81C630B2EAFB-FollowerState was interrupted
2023-02-28 20:09:11,297 [grpc-default-executor-7] WARN  server.GrpcLogAppender (LogUtils.java:warn(122)) - ce14290f-c11f-4031-993d-843363841a3d@group-81C630B2EAFB->f1fceee1-e839-4390-8ee1-a452674c18b3-AppendLogResponseHandler: Failed appendEntries: org.apache.ratis.thirdparty.io.grpc.StatusRuntimeException: CANCELLED: RST_STREAM closed stream. HTTP/2 error code: CANCEL
2023-02-28 20:09:11,298 [Listener at 127.0.0.1/46171] INFO  server.GrpcService (GrpcService.java:closeImpl(280)) - f1fceee1-e839-4390-8ee1-a452674c18b3: shutdown server GrpcServerProtocolService successfully
2023-02-28 20:09:11,298 [grpc-default-executor-2] WARN  server.GrpcServerProtocolService (LogUtils.java:warn(122)) - f1fceee1-e839-4390-8ee1-a452674c18b3: installSnapshot onError, lastRequest: null: org.apache.ratis.thirdparty.io.grpc.StatusRuntimeException: CANCELLED: client cancelled
2023-02-28 20:09:11,298 [ForkJoinPool.commonPool-worker-1] INFO  server.GrpcServerProtocolClient (GrpcServerProtocolClient.java:close(101)) - f1fceee1-e839-4390-8ee1-a452674c18b3 Close channels
2023-02-28 20:09:11,298 [f1fceee1-e839-4390-8ee1-a452674c18b3-NettyServerStreamRpc-bossGroup--thread1] INFO  logging.LoggingHandler (AbstractInternalLogger.java:log(148)) - [id: 0x0dbd12cf, L:/0:0:0:0:0:0:0:0:36103] CLOSE
2023-02-28 20:09:11,299 [f1fceee1-e839-4390-8ee1-a452674c18b3-NettyServerStreamRpc-bossGroup--thread1] INFO  logging.LoggingHandler (AbstractInternalLogger.java:log(148)) - [id: 0x0dbd12cf, L:/0:0:0:0:0:0:0:0:36103] INACTIVE
2023-02-28 20:09:11,299 [f1fceee1-e839-4390-8ee1-a452674c18b3-NettyServerStreamRpc-bossGroup--thread1] INFO  logging.LoggingHandler (AbstractInternalLogger.java:log(148)) - [id: 0x0dbd12cf, L:/0:0:0:0:0:0:0:0:36103] UNREGISTERED
2023-02-28 20:09:11,298 [grpc-default-executor-9] WARN  server.GrpcServerProtocolService (LogUtils.java:warn(122)) - d4f71ede-bed0-498f-9536-da00fca7d632: installSnapshot onError, lastRequest: null: org.apache.ratis.thirdparty.io.grpc.StatusRuntimeException: CANCELLED: client cancelled
2023-02-28 20:09:11,299 [grpc-default-executor-8] INFO  server.GrpcLogAppender (GrpcLogAppender.java:onError(404)) - d4f71ede-bed0-498f-9536-da00fca7d632@group-E3CFD3C613C5->f1fceee1-e839-4390-8ee1-a452674c18b3-GrpcLogAppender is already stopped
2023-02-28 20:09:11,300 [f1fceee1-e839-4390-8ee1-a452674c18b3@group-81C630B2EAFB-StateMachineUpdater] INFO  ratis.ContainerStateMachine (ContainerStateMachine.java:takeSnapshot(308)) - group-81C630B2EAFB: Taking a snapshot at:(t:1, i:191) file /home/runner/work/ozone/ozone/hadoop-ozone/integration-test/target/test-dir/MiniOzoneClusterImpl-e7d671b1-06ed-40aa-a52b-2678dd5bab1b/datanode-1/data/ratis/2f90a01c-2f45-41f9-8817-81c630b2eafb/sm/snapshot.1_191
2023-02-28 20:09:11,300 [grpc-default-executor-7] INFO  leader.FollowerInfo (FollowerInfoImpl.java:lambda$new$0(48)) - ce14290f-c11f-4031-993d-843363841a3d@group-81C630B2EAFB->f1fceee1-e839-4390-8ee1-a452674c18b3: nextIndex: updateUnconditionally 192 -> 191
2023-02-28 20:09:11,301 [grpc-default-executor-3] INFO  server.GrpcLogAppender (GrpcLogAppender.java:onError(404)) - d4f71ede-bed0-498f-9536-da00fca7d632@group-E3CFD3C613C5->f1fceee1-e839-4390-8ee1-a452674c18b3-GrpcLogAppender is already stopped
2023-02-28 20:09:11,301 [grpc-default-executor-0] WARN  server.GrpcServerProtocolService (LogUtils.java:warn(122)) - d4f71ede-bed0-498f-9536-da00fca7d632: installSnapshot onError, lastRequest: ce14290f-c11f-4031-993d-843363841a3d->d4f71ede-bed0-498f-9536-da00fca7d632#2722-t1,previous=(t:1, i:190),leaderCommit=189,initializing? true,entries: size=1, first=(t:1, i:191), METADATAENTRY(c:189): org.apache.ratis.thirdparty.io.grpc.StatusRuntimeException: CANCELLED: client cancelled
2023-02-28 20:09:11,301 [grpc-default-executor-8] WARN  server.GrpcLogAppender (LogUtils.java:warn(122)) - ce14290f-c11f-4031-993d-843363841a3d@group-81C630B2EAFB->f1fceee1-e839-4390-8ee1-a452674c18b3-AppendLogResponseHandler: Failed appendEntries: org.apache.ratis.thirdparty.io.grpc.StatusRuntimeException: CANCELLED: RST_STREAM closed stream. HTTP/2 error code: CANCEL
2023-02-28 20:09:11,301 [grpc-default-executor-8] INFO  leader.FollowerInfo (FollowerInfoImpl.java:lambda$new$0(48)) - ce14290f-c11f-4031-993d-843363841a3d@group-81C630B2EAFB->f1fceee1-e839-4390-8ee1-a452674c18b3: nextIndex: updateUnconditionally 191 -> 190
2023-02-28 20:09:11,309 [grpc-default-executor-0] INFO  server.GrpcServerProtocolService (GrpcServerProtocolService.java:onCompleted(143)) - ce14290f-c11f-4031-993d-843363841a3d: Completed APPEND_ENTRIES, lastRequest: d4f71ede-bed0-498f-9536-da00fca7d632->ce14290f-c11f-4031-993d-843363841a3d#1820-t1,previous=(t:1, i:194),leaderCommit=194,initializing? true,entries: size=1, first=(t:1, i:195), METADATAENTRY(c:194)
2023-02-28 20:09:11,311 [grpc-default-executor-10] WARN  server.GrpcClientProtocolService (LogUtils.java:warn(122)) - 2-OrderedRequestStreamObserver2: onError: org.apache.ratis.thirdparty.io.grpc.StatusRuntimeException: CANCELLED: client cancelled
2023-02-28 20:09:11,311 [d4f71ede-bed0-498f-9536-da00fca7d632-impl-thread3] INFO  impl.StateMachineUpdater (StateMachineUpdater.java:stopAndJoin(153)) - d4f71ede-bed0-498f-9536-da00fca7d632@group-E3CFD3C613C5-StateMachineUpdater: set stopIndex = 195
2023-02-28 20:09:11,311 [grpc-default-executor-8] WARN  server.GrpcClientProtocolService (LogUtils.java:warn(122)) - 3-UnorderedRequestStreamObserver3: onError: org.apache.ratis.thirdparty.io.grpc.StatusRuntimeException: CANCELLED: client cancelled
2023-02-28 20:09:11,315 [ForkJoinPool.commonPool-worker-1] INFO  server.GrpcServerProtocolClient (GrpcServerProtocolClient.java:close(101)) - ce14290f-c11f-4031-993d-843363841a3d Close channels
2023-02-28 20:09:11,315 [grpc-default-executor-8] WARN  server.GrpcLogAppender (LogUtils.java:warn(122)) - ce14290f-c11f-4031-993d-843363841a3d@group-81C630B2EAFB->d4f71ede-bed0-498f-9536-da00fca7d632-AppendLogResponseHandler: Failed appendEntries: org.apache.ratis.thirdparty.io.grpc.StatusRuntimeException: CANCELLED: RST_STREAM closed stream. HTTP/2 error code: CANCEL
2023-02-28 20:09:11,315 [grpc-default-executor-8] INFO  leader.FollowerInfo (FollowerInfoImpl.java:lambda$new$0(48)) - ce14290f-c11f-4031-993d-843363841a3d@group-81C630B2EAFB->d4f71ede-bed0-498f-9536-da00fca7d632: nextIndex: updateUnconditionally 192 -> 191
2023-02-28 20:09:11,315 [grpc-default-executor-7] WARN  server.GrpcLogAppender (LogUtils.java:warn(122)) - ce14290f-c11f-4031-993d-843363841a3d@group-81C630B2EAFB->f1fceee1-e839-4390-8ee1-a452674c18b3-AppendLogResponseHandler: Failed appendEntries: org.apache.ratis.thirdparty.io.grpc.StatusRuntimeException: UNAVAILABLE: io exception
2023-02-28 20:09:11,315 [grpc-default-executor-7] INFO  leader.FollowerInfo (FollowerInfoImpl.java:lambda$new$0(48)) - ce14290f-c11f-4031-993d-843363841a3d@group-81C630B2EAFB->f1fceee1-e839-4390-8ee1-a452674c18b3: nextIndex: updateUnconditionally 191 -> 190
2023-02-28 20:09:11,324 [d4f71ede-bed0-498f-9536-da00fca7d632@group-E3CFD3C613C5-StateMachineUpdater] INFO  ratis.ContainerStateMachine (ContainerStateMachine.java:takeSnapshot(308)) - group-E3CFD3C613C5: Taking a snapshot at:(t:1, i:195) file /home/runner/work/ozone/ozone/hadoop-ozone/integration-test/target/test-dir/MiniOzoneClusterImpl-e7d671b1-06ed-40aa-a52b-2678dd5bab1b/datanode-0/data/ratis/94f44e2f-8a5f-4df8-be7b-e3cfd3c613c5/sm/snapshot.1_195
2023-02-28 20:09:11,326 [grpc-default-executor-0] INFO  server.GrpcServerProtocolService (GrpcServerProtocolService.java:onCompleted(143)) - ce14290f-c11f-4031-993d-843363841a3d: Completed APPEND_ENTRIES, lastRequest: null
2023-02-28 20:09:11,326 [grpc-default-executor-8] WARN  server.GrpcLogAppender (LogUtils.java:warn(122)) - ce14290f-c11f-4031-993d-843363841a3d@group-81C630B2EAFB->d4f71ede-bed0-498f-9536-da00fca7d632-AppendLogResponseHandler: Failed appendEntries: org.apache.ratis.thirdparty.io.grpc.StatusRuntimeException: UNAVAILABLE: io exception
2023-02-28 20:09:11,326 [grpc-default-executor-10] INFO  server.GrpcLogAppender (GrpcLogAppender.java:onCompleted(415)) - d4f71ede-bed0-498f-9536-da00fca7d632@group-E3CFD3C613C5->ce14290f-c11f-4031-993d-843363841a3d-AppendLogResponseHandler: follower responses appendEntries COMPLETED
2023-02-28 20:09:11,326 [grpc-default-executor-10] WARN  server.GrpcLogAppender (GrpcLogAppender.java:resetClient(137)) - d4f71ede-bed0-498f-9536-da00fca7d632@group-E3CFD3C613C5->ce14290f-c11f-4031-993d-843363841a3d-GrpcLogAppender: Failed to getClient for ce14290f-c11f-4031-993d-843363841a3d
org.apache.ratis.protocol.exceptions.AlreadyClosedException: d4f71ede-bed0-498f-9536-da00fca7d632 is already CLOSED
	at org.apache.ratis.util.PeerProxyMap$PeerAndProxy.getProxy(PeerProxyMap.java:61)
	at org.apache.ratis.util.PeerProxyMap.getProxy(PeerProxyMap.java:115)
	at org.apache.ratis.grpc.server.GrpcLogAppender.getClient(GrpcLogAppender.java:116)
	at org.apache.ratis.grpc.server.GrpcLogAppender.resetClient(GrpcLogAppender.java:121)
	at org.apache.ratis.grpc.server.GrpcLogAppender.access$500(GrpcLogAppender.java:58)
	at org.apache.ratis.grpc.server.GrpcLogAppender$AppendLogResponseHandler.onCompleted(GrpcLogAppender.java:416)
	at org.apache.ratis.thirdparty.io.grpc.stub.ClientCalls$StreamObserverToCallListenerAdapter.onClose(ClientCalls.java:485)
	at org.apache.ratis.thirdparty.io.grpc.internal.ClientCallImpl.closeObserver(ClientCallImpl.java:562)
	at org.apache.ratis.thirdparty.io.grpc.internal.ClientCallImpl.access$300(ClientCallImpl.java:70)
	at org.apache.ratis.thirdparty.io.grpc.internal.ClientCallImpl$ClientStreamListenerImpl$1StreamClosed.runInternal(ClientCallImpl.java:743)
	at org.apache.ratis.thirdparty.io.grpc.internal.ClientCallImpl$ClientStreamListenerImpl$1StreamClosed.runInContext(ClientCallImpl.java:722)
	at org.apache.ratis.thirdparty.io.grpc.internal.ContextRunnable.run(ContextRunnable.java:37)
	at org.apache.ratis.thirdparty.io.grpc.internal.SerializingExecutor.run(SerializingExecutor.java:133)
	at java.util.concurrent.ThreadPoolExecutor.runWorker(ThreadPoolExecutor.java:1149)
	at java.util.concurrent.ThreadPoolExecutor$Worker.run(ThreadPoolExecutor.java:624)
	at java.lang.Thread.run(Thread.java:750)
2023-02-28 20:09:11,327 [grpc-default-executor-7] WARN  server.GrpcLogAppender (LogUtils.java:warn(122)) - ce14290f-c11f-4031-993d-843363841a3d@group-81C630B2EAFB->d4f71ede-bed0-498f-9536-da00fca7d632-AppendLogResponseHandler: Failed appendEntries: org.apache.ratis.thirdparty.io.grpc.StatusRuntimeException: UNAVAILABLE: Connection closed after GOAWAY. HTTP/2 error code: NO_ERROR, debug data: app_requested
2023-02-28 20:09:11,327 [grpc-default-executor-1] WARN  server.GrpcLogAppender (LogUtils.java:warn(122)) - ce14290f-c11f-4031-993d-843363841a3d@group-81C630B2EAFB->d4f71ede-bed0-498f-9536-da00fca7d632-AppendLogResponseHandler: Failed appendEntries: org.apache.ratis.thirdparty.io.grpc.StatusRuntimeException: CANCELLED: RST_STREAM closed stream. HTTP/2 error code: CANCEL
2023-02-28 20:09:11,327 [grpc-default-executor-8] INFO  leader.FollowerInfo (FollowerInfoImpl.java:lambda$new$0(48)) - ce14290f-c11f-4031-993d-843363841a3d@group-81C630B2EAFB->d4f71ede-bed0-498f-9536-da00fca7d632: nextIndex: updateUnconditionally 192 -> 191
2023-02-28 20:09:11,327 [grpc-default-executor-7] INFO  leader.FollowerInfo (FollowerInfoImpl.java:lambda$new$0(48)) - ce14290f-c11f-4031-993d-843363841a3d@group-81C630B2EAFB->d4f71ede-bed0-498f-9536-da00fca7d632: nextIndex: updateUnconditionally 191 -> 190
2023-02-28 20:09:11,327 [grpc-default-executor-1] INFO  leader.FollowerInfo (FollowerInfoImpl.java:lambda$new$0(48)) - ce14290f-c11f-4031-993d-843363841a3d@group-81C630B2EAFB->d4f71ede-bed0-498f-9536-da00fca7d632: nextIndex: updateUnconditionally 190 -> 189
2023-02-28 20:09:11,329 [f1fceee1-e839-4390-8ee1-a452674c18b3@group-EDD877C83533-StateMachineUpdater] INFO  ratis.ContainerStateMachine (ContainerStateMachine.java:takeSnapshot(319)) - group-EDD877C83533: Finished taking a snapshot at:(t:1, i:0) file:/home/runner/work/ozone/ozone/hadoop-ozone/integration-test/target/test-dir/MiniOzoneClusterImpl-e7d671b1-06ed-40aa-a52b-2678dd5bab1b/datanode-1/data/ratis/23247afd-4b51-48a9-b029-edd877c83533/sm/snapshot.1_0 took: 38 ms
2023-02-28 20:09:11,330 [f1fceee1-e839-4390-8ee1-a452674c18b3@group-EDD877C83533-StateMachineUpdater] INFO  impl.StateMachineUpdater (StateMachineUpdater.java:takeSnapshot(287)) - f1fceee1-e839-4390-8ee1-a452674c18b3@group-EDD877C83533-StateMachineUpdater: Took a snapshot at index 0
2023-02-28 20:09:11,330 [f1fceee1-e839-4390-8ee1-a452674c18b3@group-EDD877C83533-StateMachineUpdater] INFO  impl.StateMachineUpdater (StateMachineUpdater.java:lambda$new$0(92)) - f1fceee1-e839-4390-8ee1-a452674c18b3@group-EDD877C83533-StateMachineUpdater: snapshotIndex: updateIncreasingly -1 -> 0
2023-02-28 20:09:11,331 [grpc-default-executor-7] INFO  server.GrpcLogAppender (GrpcLogAppender.java:onCompleted(415)) - d4f71ede-bed0-498f-9536-da00fca7d632@group-E3CFD3C613C5->ce14290f-c11f-4031-993d-843363841a3d-AppendLogResponseHandler: follower responses appendEntries COMPLETED
2023-02-28 20:09:11,331 [grpc-default-executor-7] WARN  server.GrpcLogAppender (GrpcLogAppender.java:resetClient(137)) - d4f71ede-bed0-498f-9536-da00fca7d632@group-E3CFD3C613C5->ce14290f-c11f-4031-993d-843363841a3d-GrpcLogAppender: Failed to getClient for ce14290f-c11f-4031-993d-843363841a3d
org.apache.ratis.protocol.exceptions.AlreadyClosedException: d4f71ede-bed0-498f-9536-da00fca7d632 is already CLOSED
	at org.apache.ratis.util.PeerProxyMap$PeerAndProxy.getProxy(PeerProxyMap.java:61)
	at org.apache.ratis.util.PeerProxyMap.getProxy(PeerProxyMap.java:115)
	at org.apache.ratis.grpc.server.GrpcLogAppender.getClient(GrpcLogAppender.java:116)
	at org.apache.ratis.grpc.server.GrpcLogAppender.resetClient(GrpcLogAppender.java:121)
	at org.apache.ratis.grpc.server.GrpcLogAppender.access$500(GrpcLogAppender.java:58)
	at org.apache.ratis.grpc.server.GrpcLogAppender$AppendLogResponseHandler.onCompleted(GrpcLogAppender.java:416)
	at org.apache.ratis.thirdparty.io.grpc.stub.ClientCalls$StreamObserverToCallListenerAdapter.onClose(ClientCalls.java:485)
	at org.apache.ratis.thirdparty.io.grpc.internal.DelayedClientCall$DelayedListener$3.run(DelayedClientCall.java:468)
	at org.apache.ratis.thirdparty.io.grpc.internal.DelayedClientCall$DelayedListener.delayOrExecute(DelayedClientCall.java:432)
	at org.apache.ratis.thirdparty.io.grpc.internal.DelayedClientCall$DelayedListener.onClose(DelayedClientCall.java:465)
	at org.apache.ratis.thirdparty.io.grpc.internal.ClientCallImpl.closeObserver(ClientCallImpl.java:562)
	at org.apache.ratis.thirdparty.io.grpc.internal.ClientCallImpl.access$300(ClientCallImpl.java:70)
	at org.apache.ratis.thirdparty.io.grpc.internal.ClientCallImpl$ClientStreamListenerImpl$1StreamClosed.runInternal(ClientCallImpl.java:743)
	at org.apache.ratis.thirdparty.io.grpc.internal.ClientCallImpl$ClientStreamListenerImpl$1StreamClosed.runInContext(ClientCallImpl.java:722)
	at org.apache.ratis.thirdparty.io.grpc.internal.ContextRunnable.run(ContextRunnable.java:37)
	at org.apache.ratis.thirdparty.io.grpc.internal.SerializingExecutor.run(SerializingExecutor.java:133)
	at java.util.concurrent.ThreadPoolExecutor.runWorker(ThreadPoolExecutor.java:1149)
	at java.util.concurrent.ThreadPoolExecutor$Worker.run(ThreadPoolExecutor.java:624)
	at java.lang.Thread.run(Thread.java:750)
2023-02-28 20:09:11,331 [d4f71ede-bed0-498f-9536-da00fca7d632@group-E3CFD3C613C5-StateMachineUpdater] INFO  ratis.ContainerStateMachine (ContainerStateMachine.java:takeSnapshot(319)) - group-E3CFD3C613C5: Finished taking a snapshot at:(t:1, i:195) file:/home/runner/work/ozone/ozone/hadoop-ozone/integration-test/target/test-dir/MiniOzoneClusterImpl-e7d671b1-06ed-40aa-a52b-2678dd5bab1b/datanode-0/data/ratis/94f44e2f-8a5f-4df8-be7b-e3cfd3c613c5/sm/snapshot.1_195 took: 7 ms
2023-02-28 20:09:11,332 [d4f71ede-bed0-498f-9536-da00fca7d632@group-E3CFD3C613C5-StateMachineUpdater] INFO  impl.StateMachineUpdater (StateMachineUpdater.java:takeSnapshot(287)) - d4f71ede-bed0-498f-9536-da00fca7d632@group-E3CFD3C613C5-StateMachineUpdater: Took a snapshot at index 195
2023-02-28 20:09:11,332 [d4f71ede-bed0-498f-9536-da00fca7d632@group-E3CFD3C613C5-StateMachineUpdater] INFO  impl.StateMachineUpdater (StateMachineUpdater.java:lambda$new$0(92)) - d4f71ede-bed0-498f-9536-da00fca7d632@group-E3CFD3C613C5-StateMachineUpdater: snapshotIndex: updateIncreasingly -1 -> 195
2023-02-28 20:09:11,332 [f1fceee1-e839-4390-8ee1-a452674c18b3@group-E3CFD3C613C5-StateMachineUpdater] INFO  ratis.ContainerStateMachine (ContainerStateMachine.java:takeSnapshot(319)) - group-E3CFD3C613C5: Finished taking a snapshot at:(t:1, i:194) file:/home/runner/work/ozone/ozone/hadoop-ozone/integration-test/target/test-dir/MiniOzoneClusterImpl-e7d671b1-06ed-40aa-a52b-2678dd5bab1b/datanode-1/data/ratis/94f44e2f-8a5f-4df8-be7b-e3cfd3c613c5/sm/snapshot.1_194 took: 58 ms
2023-02-28 20:09:11,332 [f1fceee1-e839-4390-8ee1-a452674c18b3@group-E3CFD3C613C5-StateMachineUpdater] INFO  impl.StateMachineUpdater (StateMachineUpdater.java:takeSnapshot(287)) - f1fceee1-e839-4390-8ee1-a452674c18b3@group-E3CFD3C613C5-StateMachineUpdater: Took a snapshot at index 194
2023-02-28 20:09:11,332 [f1fceee1-e839-4390-8ee1-a452674c18b3@group-E3CFD3C613C5-StateMachineUpdater] INFO  impl.StateMachineUpdater (StateMachineUpdater.java:lambda$new$0(92)) - f1fceee1-e839-4390-8ee1-a452674c18b3@group-E3CFD3C613C5-StateMachineUpdater: snapshotIndex: updateIncreasingly -1 -> 194
2023-02-28 20:09:11,332 [d4f71ede-bed0-498f-9536-da00fca7d632@group-81C630B2EAFB-StateMachineUpdater] INFO  ratis.ContainerStateMachine (ContainerStateMachine.java:takeSnapshot(319)) - group-81C630B2EAFB: Finished taking a snapshot at:(t:1, i:191) file:/home/runner/work/ozone/ozone/hadoop-ozone/integration-test/target/test-dir/MiniOzoneClusterImpl-e7d671b1-06ed-40aa-a52b-2678dd5bab1b/datanode-0/data/ratis/2f90a01c-2f45-41f9-8817-81c630b2eafb/sm/snapshot.1_191 took: 36 ms
2023-02-28 20:09:11,332 [d4f71ede-bed0-498f-9536-da00fca7d632@group-81C630B2EAFB-StateMachineUpdater] INFO  impl.StateMachineUpdater (StateMachineUpdater.java:takeSnapshot(287)) - d4f71ede-bed0-498f-9536-da00fca7d632@group-81C630B2EAFB-StateMachineUpdater: Took a snapshot at index 191
2023-02-28 20:09:11,332 [d4f71ede-bed0-498f-9536-da00fca7d632@group-81C630B2EAFB-StateMachineUpdater] INFO  impl.StateMachineUpdater (StateMachineUpdater.java:lambda$new$0(92)) - d4f71ede-bed0-498f-9536-da00fca7d632@group-81C630B2EAFB-StateMachineUpdater: snapshotIndex: updateIncreasingly -1 -> 191
2023-02-28 20:09:11,335 [grpc-default-executor-7] WARN  server.GrpcLogAppender (LogUtils.java:warn(122)) - ce14290f-c11f-4031-993d-843363841a3d@group-81C630B2EAFB->f1fceee1-e839-4390-8ee1-a452674c18b3-AppendLogResponseHandler: Failed appendEntries: org.apache.ratis.thirdparty.io.grpc.StatusRuntimeException: UNAVAILABLE: io exception
2023-02-28 20:09:11,335 [d4f71ede-bed0-498f-9536-da00fca7d632@group-82EDF0868713-StateMachineUpdater] INFO  ratis.ContainerStateMachine (ContainerStateMachine.java:takeSnapshot(319)) - group-82EDF0868713: Finished taking a snapshot at:(t:1, i:0) file:/home/runner/work/ozone/ozone/hadoop-ozone/integration-test/target/test-dir/MiniOzoneClusterImpl-e7d671b1-06ed-40aa-a52b-2678dd5bab1b/datanode-0/data/ratis/e6bd385e-35b1-4a95-820d-82edf0868713/sm/snapshot.1_0 took: 60 ms
2023-02-28 20:09:11,335 [f1fceee1-e839-4390-8ee1-a452674c18b3@group-81C630B2EAFB-StateMachineUpdater] INFO  ratis.ContainerStateMachine (ContainerStateMachine.java:takeSnapshot(319)) - group-81C630B2EAFB: Finished taking a snapshot at:(t:1, i:191) file:/home/runner/work/ozone/ozone/hadoop-ozone/integration-test/target/test-dir/MiniOzoneClusterImpl-e7d671b1-06ed-40aa-a52b-2678dd5bab1b/datanode-1/data/ratis/2f90a01c-2f45-41f9-8817-81c630b2eafb/sm/snapshot.1_191 took: 36 ms
2023-02-28 20:09:11,335 [grpc-default-executor-7] INFO  leader.FollowerInfo (FollowerInfoImpl.java:lambda$new$0(48)) - ce14290f-c11f-4031-993d-843363841a3d@group-81C630B2EAFB->f1fceee1-e839-4390-8ee1-a452674c18b3: nextIndex: updateUnconditionally 190 -> 189
2023-02-28 20:09:11,336 [f1fceee1-e839-4390-8ee1-a452674c18b3@group-81C630B2EAFB-StateMachineUpdater] INFO  impl.StateMachineUpdater (StateMachineUpdater.java:takeSnapshot(287)) - f1fceee1-e839-4390-8ee1-a452674c18b3@group-81C630B2EAFB-StateMachineUpdater: Took a snapshot at index 191
2023-02-28 20:09:11,337 [f1fceee1-e839-4390-8ee1-a452674c18b3@group-81C630B2EAFB-StateMachineUpdater] INFO  impl.StateMachineUpdater (StateMachineUpdater.java:lambda$new$0(92)) - f1fceee1-e839-4390-8ee1-a452674c18b3@group-81C630B2EAFB-StateMachineUpdater: snapshotIndex: updateIncreasingly -1 -> 191
2023-02-28 20:09:11,337 [ForkJoinPool.commonPool-worker-1] INFO  server.GrpcService (GrpcService.java:closeImpl(280)) - d4f71ede-bed0-498f-9536-da00fca7d632: shutdown server GrpcServerProtocolService successfully
2023-02-28 20:09:11,337 [d4f71ede-bed0-498f-9536-da00fca7d632-NettyServerStreamRpc-bossGroup--thread1] INFO  logging.LoggingHandler (AbstractInternalLogger.java:log(148)) - [id: 0x1b29c601, L:/0:0:0:0:0:0:0:0:39647] CLOSE
2023-02-28 20:09:11,337 [d4f71ede-bed0-498f-9536-da00fca7d632@group-82EDF0868713-StateMachineUpdater] INFO  impl.StateMachineUpdater (StateMachineUpdater.java:takeSnapshot(287)) - d4f71ede-bed0-498f-9536-da00fca7d632@group-82EDF0868713-StateMachineUpdater: Took a snapshot at index 0
2023-02-28 20:09:11,338 [d4f71ede-bed0-498f-9536-da00fca7d632@group-82EDF0868713-StateMachineUpdater] INFO  impl.StateMachineUpdater (StateMachineUpdater.java:lambda$new$0(92)) - d4f71ede-bed0-498f-9536-da00fca7d632@group-82EDF0868713-StateMachineUpdater: snapshotIndex: updateIncreasingly -1 -> 0
2023-02-28 20:09:11,338 [d4f71ede-bed0-498f-9536-da00fca7d632-NettyServerStreamRpc-bossGroup--thread1] INFO  logging.LoggingHandler (AbstractInternalLogger.java:log(148)) - [id: 0x1b29c601, L:/0:0:0:0:0:0:0:0:39647] INACTIVE
2023-02-28 20:09:11,338 [d4f71ede-bed0-498f-9536-da00fca7d632-NettyServerStreamRpc-bossGroup--thread1] INFO  logging.LoggingHandler (AbstractInternalLogger.java:log(148)) - [id: 0x1b29c601, L:/0:0:0:0:0:0:0:0:39647] UNREGISTERED
2023-02-28 20:09:11,345 [f1fceee1-e839-4390-8ee1-a452674c18b3-impl-thread3] INFO  server.RaftServer$Division (ServerState.java:close(466)) - f1fceee1-e839-4390-8ee1-a452674c18b3@group-EDD877C83533: closes. applyIndex: 0
2023-02-28 20:09:11,345 [d4f71ede-bed0-498f-9536-da00fca7d632-impl-thread1] INFO  server.RaftServer$Division (ServerState.java:close(466)) - d4f71ede-bed0-498f-9536-da00fca7d632@group-82EDF0868713: closes. applyIndex: 0
2023-02-28 20:09:11,346 [d4f71ede-bed0-498f-9536-da00fca7d632@group-82EDF0868713-SegmentedRaftLogWorker] INFO  segmented.SegmentedRaftLogWorker (SegmentedRaftLogWorker.java:run(347)) - d4f71ede-bed0-498f-9536-da00fca7d632@group-82EDF0868713-SegmentedRaftLogWorker was interrupted, exiting. There are 0 tasks remaining in the queue.
2023-02-28 20:09:11,347 [d4f71ede-bed0-498f-9536-da00fca7d632-impl-thread1] INFO  segmented.SegmentedRaftLogWorker (SegmentedRaftLogWorker.java:close(257)) - d4f71ede-bed0-498f-9536-da00fca7d632@group-82EDF0868713-SegmentedRaftLogWorker close()
2023-02-28 20:09:11,350 [f1fceee1-e839-4390-8ee1-a452674c18b3@group-EDD877C83533-SegmentedRaftLogWorker] INFO  segmented.SegmentedRaftLogWorker (SegmentedRaftLogWorker.java:run(347)) - f1fceee1-e839-4390-8ee1-a452674c18b3@group-EDD877C83533-SegmentedRaftLogWorker was interrupted, exiting. There are 0 tasks remaining in the queue.
2023-02-28 20:09:11,350 [d4f71ede-bed0-498f-9536-da00fca7d632-impl-thread2] INFO  server.RaftServer$Division (ServerState.java:close(466)) - d4f71ede-bed0-498f-9536-da00fca7d632@group-81C630B2EAFB: closes. applyIndex: 191
2023-02-28 20:09:11,350 [f1fceee1-e839-4390-8ee1-a452674c18b3-impl-thread2] INFO  server.RaftServer$Division (ServerState.java:close(466)) - f1fceee1-e839-4390-8ee1-a452674c18b3@group-E3CFD3C613C5: closes. applyIndex: 194
2023-02-28 20:09:11,350 [d4f71ede-bed0-498f-9536-da00fca7d632@group-81C630B2EAFB-SegmentedRaftLogWorker] INFO  segmented.SegmentedRaftLogWorker (SegmentedRaftLogWorker.java:run(347)) - d4f71ede-bed0-498f-9536-da00fca7d632@group-81C630B2EAFB-SegmentedRaftLogWorker was interrupted, exiting. There are 0 tasks remaining in the queue.
2023-02-28 20:09:11,350 [d4f71ede-bed0-498f-9536-da00fca7d632-impl-thread3] INFO  server.RaftServer$Division (ServerState.java:close(466)) - d4f71ede-bed0-498f-9536-da00fca7d632@group-E3CFD3C613C5: closes. applyIndex: 195
2023-02-28 20:09:11,350 [d4f71ede-bed0-498f-9536-da00fca7d632@group-E3CFD3C613C5-SegmentedRaftLogWorker] INFO  segmented.SegmentedRaftLogWorker (SegmentedRaftLogWorker.java:run(347)) - d4f71ede-bed0-498f-9536-da00fca7d632@group-E3CFD3C613C5-SegmentedRaftLogWorker was interrupted, exiting. There are 0 tasks remaining in the queue.
2023-02-28 20:09:11,350 [f1fceee1-e839-4390-8ee1-a452674c18b3@group-E3CFD3C613C5-SegmentedRaftLogWorker] INFO  segmented.SegmentedRaftLogWorker (SegmentedRaftLogWorker.java:run(347)) - f1fceee1-e839-4390-8ee1-a452674c18b3@group-E3CFD3C613C5-SegmentedRaftLogWorker was interrupted, exiting. There are 0 tasks remaining in the queue.
2023-02-28 20:09:11,351 [f1fceee1-e839-4390-8ee1-a452674c18b3-impl-thread1] INFO  server.RaftServer$Division (ServerState.java:close(466)) - f1fceee1-e839-4390-8ee1-a452674c18b3@group-81C630B2EAFB: closes. applyIndex: 191
2023-02-28 20:09:11,351 [f1fceee1-e839-4390-8ee1-a452674c18b3-impl-thread3] INFO  segmented.SegmentedRaftLogWorker (SegmentedRaftLogWorker.java:close(257)) - f1fceee1-e839-4390-8ee1-a452674c18b3@group-EDD877C83533-SegmentedRaftLogWorker close()
2023-02-28 20:09:11,351 [f1fceee1-e839-4390-8ee1-a452674c18b3@group-81C630B2EAFB-SegmentedRaftLogWorker] INFO  segmented.SegmentedRaftLogWorker (SegmentedRaftLogWorker.java:run(347)) - f1fceee1-e839-4390-8ee1-a452674c18b3@group-81C630B2EAFB-SegmentedRaftLogWorker was interrupted, exiting. There are 0 tasks remaining in the queue.
2023-02-28 20:09:11,351 [d4f71ede-bed0-498f-9536-da00fca7d632-impl-thread3] INFO  segmented.SegmentedRaftLogWorker (SegmentedRaftLogWorker.java:close(257)) - d4f71ede-bed0-498f-9536-da00fca7d632@group-E3CFD3C613C5-SegmentedRaftLogWorker close()
2023-02-28 20:09:11,351 [f1fceee1-e839-4390-8ee1-a452674c18b3-impl-thread2] INFO  segmented.SegmentedRaftLogWorker (SegmentedRaftLogWorker.java:close(257)) - f1fceee1-e839-4390-8ee1-a452674c18b3@group-E3CFD3C613C5-SegmentedRaftLogWorker close()
2023-02-28 20:09:11,351 [d4f71ede-bed0-498f-9536-da00fca7d632-impl-thread2] INFO  segmented.SegmentedRaftLogWorker (SegmentedRaftLogWorker.java:close(257)) - d4f71ede-bed0-498f-9536-da00fca7d632@group-81C630B2EAFB-SegmentedRaftLogWorker close()
2023-02-28 20:09:11,351 [f1fceee1-e839-4390-8ee1-a452674c18b3-impl-thread1] INFO  segmented.SegmentedRaftLogWorker (SegmentedRaftLogWorker.java:close(257)) - f1fceee1-e839-4390-8ee1-a452674c18b3@group-81C630B2EAFB-SegmentedRaftLogWorker close()
2023-02-28 20:09:11,356 [JvmPauseMonitor3] INFO  util.JvmPauseMonitor (JvmPauseMonitor.java:run(111)) - JvmPauseMonitor-d4f71ede-bed0-498f-9536-da00fca7d632: Stopped
2023-02-28 20:09:11,356 [JvmPauseMonitor4] INFO  util.JvmPauseMonitor (JvmPauseMonitor.java:run(111)) - JvmPauseMonitor-f1fceee1-e839-4390-8ee1-a452674c18b3: Stopped
2023-02-28 20:09:11,820 [EndpointStateMachine task thread for /0.0.0.0:42901 - 0 ] WARN  statemachine.EndpointStateMachine (EndpointStateMachine.java:logIfNeeded(242)) - Unable to communicate to SCM server at 0.0.0.0:42901 for past 0 seconds.
java.io.EOFException: End of File Exception between local host is: "fv-az399-334/10.1.1.15"; destination host is: "0.0.0.0":42901; : java.io.EOFException; For more details see:  http://wiki.apache.org/hadoop/EOFException
	at sun.reflect.NativeConstructorAccessorImpl.newInstance0(Native Method)
	at sun.reflect.NativeConstructorAccessorImpl.newInstance(NativeConstructorAccessorImpl.java:62)
	at sun.reflect.DelegatingConstructorAccessorImpl.newInstance(DelegatingConstructorAccessorImpl.java:45)
	at java.lang.reflect.Constructor.newInstance(Constructor.java:423)
	at org.apache.hadoop.net.NetUtils.wrapWithMessage(NetUtils.java:913)
	at org.apache.hadoop.net.NetUtils.wrapException(NetUtils.java:862)
	at org.apache.hadoop.ipc.Client.getRpcResponse(Client.java:1616)
	at org.apache.hadoop.ipc.Client.call(Client.java:1558)
	at org.apache.hadoop.ipc.Client.call(Client.java:1455)
	at org.apache.hadoop.ipc.ProtobufRpcEngine$Invoker.invoke(ProtobufRpcEngine.java:235)
	at org.apache.hadoop.ipc.ProtobufRpcEngine$Invoker.invoke(ProtobufRpcEngine.java:122)
	at com.sun.proxy.$Proxy54.submitRequest(Unknown Source)
	at org.apache.hadoop.ozone.protocolPB.StorageContainerDatanodeProtocolClientSideTranslatorPB.submitRequest(StorageContainerDatanodeProtocolClientSideTranslatorPB.java:117)
	at org.apache.hadoop.ozone.protocolPB.StorageContainerDatanodeProtocolClientSideTranslatorPB.sendHeartbeat(StorageContainerDatanodeProtocolClientSideTranslatorPB.java:149)
	at org.apache.hadoop.ozone.container.common.states.endpoint.HeartbeatEndpointTask.call(HeartbeatEndpointTask.java:185)
	at org.apache.hadoop.ozone.container.common.states.endpoint.HeartbeatEndpointTask.call(HeartbeatEndpointTask.java:87)
	at java.util.concurrent.FutureTask.run(FutureTask.java:266)
	at java.util.concurrent.ThreadPoolExecutor.runWorker(ThreadPoolExecutor.java:1149)
	at java.util.concurrent.ThreadPoolExecutor$Worker.run(ThreadPoolExecutor.java:624)
	at java.lang.Thread.run(Thread.java:750)
Caused by: java.io.EOFException
	at java.io.DataInputStream.readInt(DataInputStream.java:392)
	at org.apache.hadoop.ipc.Client$IpcStreams.readResponse(Client.java:1922)
	at org.apache.hadoop.ipc.Client$Connection.receiveRpcResponse(Client.java:1238)
	at org.apache.hadoop.ipc.Client$Connection.run(Client.java:1134)
2023-02-28 20:09:12,946 [grpc-default-executor-7] WARN  server.GrpcLogAppender (LogUtils.java:warn(122)) - ce14290f-c11f-4031-993d-843363841a3d@group-81C630B2EAFB->f1fceee1-e839-4390-8ee1-a452674c18b3-AppendLogResponseHandler: Failed appendEntries: org.apache.ratis.thirdparty.io.grpc.StatusRuntimeException: UNAVAILABLE: io exception
2023-02-28 20:09:12,947 [grpc-default-executor-9] WARN  server.GrpcLogAppender (LogUtils.java:warn(122)) - ce14290f-c11f-4031-993d-843363841a3d@group-81C630B2EAFB->f1fceee1-e839-4390-8ee1-a452674c18b3-AppendLogResponseHandler: Failed appendEntries: org.apache.ratis.thirdparty.io.grpc.StatusRuntimeException: UNAVAILABLE: io exception
2023-02-28 20:09:12,947 [grpc-default-executor-7] INFO  leader.FollowerInfo (FollowerInfoImpl.java:lambda$new$0(48)) - ce14290f-c11f-4031-993d-843363841a3d@group-81C630B2EAFB->f1fceee1-e839-4390-8ee1-a452674c18b3: nextIndex: updateUnconditionally 189 -> 188
2023-02-28 20:09:12,949 [grpc-default-executor-1] WARN  server.GrpcLogAppender (LogUtils.java:warn(122)) - ce14290f-c11f-4031-993d-843363841a3d@group-81C630B2EAFB->d4f71ede-bed0-498f-9536-da00fca7d632-AppendLogResponseHandler: Failed appendEntries: org.apache.ratis.thirdparty.io.grpc.StatusRuntimeException: UNAVAILABLE: io exception
2023-02-28 20:09:12,949 [grpc-default-executor-1] INFO  leader.FollowerInfo (FollowerInfoImpl.java:lambda$new$0(48)) - ce14290f-c11f-4031-993d-843363841a3d@group-81C630B2EAFB->d4f71ede-bed0-498f-9536-da00fca7d632: nextIndex: updateUnconditionally 189 -> 188
2023-02-28 20:09:12,951 [grpc-default-executor-1] WARN  server.GrpcLogAppender (LogUtils.java:warn(122)) - ce14290f-c11f-4031-993d-843363841a3d@group-81C630B2EAFB->d4f71ede-bed0-498f-9536-da00fca7d632-AppendLogResponseHandler: Failed appendEntries: org.apache.ratis.thirdparty.io.grpc.StatusRuntimeException: UNAVAILABLE: io exception
2023-02-28 20:09:12,951 [grpc-default-executor-1] INFO  leader.FollowerInfo (FollowerInfoImpl.java:lambda$new$0(48)) - ce14290f-c11f-4031-993d-843363841a3d@group-81C630B2EAFB->d4f71ede-bed0-498f-9536-da00fca7d632: nextIndex: updateUnconditionally 188 -> 187
2023-02-28 20:09:12,952 [grpc-default-executor-9] INFO  leader.FollowerInfo (FollowerInfoImpl.java:lambda$new$0(48)) - ce14290f-c11f-4031-993d-843363841a3d@group-81C630B2EAFB->f1fceee1-e839-4390-8ee1-a452674c18b3: nextIndex: updateUnconditionally 188 -> 187
2023-02-28 20:09:12,957 [grpc-default-executor-8] WARN  server.GrpcLogAppender (LogUtils.java:warn(122)) - ce14290f-c11f-4031-993d-843363841a3d@group-81C630B2EAFB->d4f71ede-bed0-498f-9536-da00fca7d632-AppendLogResponseHandler: Failed appendEntries: org.apache.ratis.thirdparty.io.grpc.StatusRuntimeException: UNAVAILABLE: io exception
2023-02-28 20:09:12,958 [grpc-default-executor-8] INFO  leader.FollowerInfo (FollowerInfoImpl.java:lambda$new$0(48)) - ce14290f-c11f-4031-993d-843363841a3d@group-81C630B2EAFB->d4f71ede-bed0-498f-9536-da00fca7d632: nextIndex: updateUnconditionally 188 -> 187
2023-02-28 20:09:12,958 [grpc-default-executor-9] WARN  server.GrpcLogAppender (LogUtils.java:warn(122)) - ce14290f-c11f-4031-993d-843363841a3d@group-81C630B2EAFB->f1fceee1-e839-4390-8ee1-a452674c18b3-AppendLogResponseHandler: Failed appendEntries: org.apache.ratis.thirdparty.io.grpc.StatusRuntimeException: UNAVAILABLE: io exception
2023-02-28 20:09:12,958 [grpc-default-executor-9] INFO  leader.FollowerInfo (FollowerInfoImpl.java:lambda$new$0(48)) - ce14290f-c11f-4031-993d-843363841a3d@group-81C630B2EAFB->f1fceee1-e839-4390-8ee1-a452674c18b3: nextIndex: updateUnconditionally 188 -> 187
2023-02-28 20:09:12,958 [grpc-default-executor-7] WARN  server.GrpcLogAppender (LogUtils.java:warn(122)) - ce14290f-c11f-4031-993d-843363841a3d@group-81C630B2EAFB->d4f71ede-bed0-498f-9536-da00fca7d632-AppendLogResponseHandler: Failed appendEntries: org.apache.ratis.thirdparty.io.grpc.StatusRuntimeException: UNAVAILABLE: io exception
2023-02-28 20:09:12,958 [grpc-default-executor-7] INFO  leader.FollowerInfo (FollowerInfoImpl.java:lambda$new$0(48)) - ce14290f-c11f-4031-993d-843363841a3d@group-81C630B2EAFB->d4f71ede-bed0-498f-9536-da00fca7d632: nextIndex: updateUnconditionally 187 -> 186
2023-02-28 20:09:12,958 [grpc-default-executor-1] WARN  server.GrpcLogAppender (LogUtils.java:warn(122)) - ce14290f-c11f-4031-993d-843363841a3d@group-81C630B2EAFB->f1fceee1-e839-4390-8ee1-a452674c18b3-AppendLogResponseHandler: Failed appendEntries: org.apache.ratis.thirdparty.io.grpc.StatusRuntimeException: UNAVAILABLE: io exception
2023-02-28 20:09:12,960 [grpc-default-executor-1] INFO  leader.FollowerInfo (FollowerInfoImpl.java:lambda$new$0(48)) - ce14290f-c11f-4031-993d-843363841a3d@group-81C630B2EAFB->f1fceee1-e839-4390-8ee1-a452674c18b3: nextIndex: updateUnconditionally 187 -> 186
2023-02-28 20:09:13,383 [ForkJoinPool.commonPool-worker-1] INFO  volume.HddsVolume (HddsVolume.java:closeDbStore(362)) - SchemaV3 db is stopped at /home/runner/work/ozone/ozone/hadoop-ozone/integration-test/target/test-dir/MiniOzoneClusterImpl-e7d671b1-06ed-40aa-a52b-2678dd5bab1b/datanode-0/data-0/containers/hdds/e7d671b1-06ed-40aa-a52b-2678dd5bab1b/DS-06bbb633-d247-4540-beab-35303194ad40/container.db for volume DS-06bbb633-d247-4540-beab-35303194ad40
2023-02-28 20:09:13,383 [Listener at 127.0.0.1/46171] INFO  volume.HddsVolume (HddsVolume.java:closeDbStore(362)) - SchemaV3 db is stopped at /home/runner/work/ozone/ozone/hadoop-ozone/integration-test/target/test-dir/MiniOzoneClusterImpl-e7d671b1-06ed-40aa-a52b-2678dd5bab1b/datanode-1/data-0/containers/hdds/e7d671b1-06ed-40aa-a52b-2678dd5bab1b/DS-1776d0bd-1c37-45f4-90ee-b6f720155579/container.db for volume DS-1776d0bd-1c37-45f4-90ee-b6f720155579
2023-02-28 20:09:13,384 [Listener at 127.0.0.1/46171] INFO  utils.BackgroundService (BackgroundService.java:shutdown(141)) - Shutting down service BlockDeletingService
2023-02-28 20:09:13,384 [ForkJoinPool.commonPool-worker-1] INFO  utils.BackgroundService (BackgroundService.java:shutdown(141)) - Shutting down service BlockDeletingService
2023-02-28 20:09:13,384 [ForkJoinPool.commonPool-worker-1] INFO  utils.BackgroundService (BackgroundService.java:shutdown(141)) - Shutting down service StaleRecoveringContainerScrubbingService
2023-02-28 20:09:13,384 [Listener at 127.0.0.1/46171] INFO  utils.BackgroundService (BackgroundService.java:shutdown(141)) - Shutting down service StaleRecoveringContainerScrubbingService
2023-02-28 20:09:13,386 [ForkJoinPool.commonPool-worker-1] INFO  statemachine.DatanodeStateMachine (DatanodeStateMachine.java:stopDaemon(600)) - Ozone container server stopped.
2023-02-28 20:09:13,387 [Listener at 127.0.0.1/46171] INFO  statemachine.DatanodeStateMachine (DatanodeStateMachine.java:stopDaemon(600)) - Ozone container server stopped.
2023-02-28 20:09:13,402 [Listener at 127.0.0.1/46171] INFO  handler.ContextHandler (ContextHandler.java:doStop(1159)) - Stopped o.e.j.w.WebAppContext@7c4a83cb{hddsDatanode,/,null,STOPPED}{jar:file:/home/runner/.m2/repository/org/apache/ozone/hdds-container-service/1.4.0-SNAPSHOT/hdds-container-service-1.4.0-SNAPSHOT.jar!/webapps/hddsDatanode}
2023-02-28 20:09:13,403 [Listener at 127.0.0.1/46171] INFO  server.AbstractConnector (AbstractConnector.java:doStop(383)) - Stopped ServerConnector@3c6d4c15{HTTP/1.1, (http/1.1)}{0.0.0.0:0}
2023-02-28 20:09:13,403 [Listener at 127.0.0.1/46171] INFO  server.session (HouseKeeper.java:stopScavenging(149)) - node0 Stopped scavenging
2023-02-28 20:09:13,403 [Listener at 127.0.0.1/46171] INFO  handler.ContextHandler (ContextHandler.java:doStop(1159)) - Stopped o.e.j.s.ServletContextHandler@6ee7da38{static,/static,jar:file:/home/runner/.m2/repository/org/apache/ozone/hdds-container-service/1.4.0-SNAPSHOT/hdds-container-service-1.4.0-SNAPSHOT.jar!/webapps/static,STOPPED}
2023-02-28 20:09:13,405 [Listener at 127.0.0.1/46171] INFO  handler.ContextHandler (ContextHandler.java:doStop(1159)) - Stopped o.e.j.s.ServletContextHandler@1f15cb5a{logs,/logs,file:///home/runner/work/ozone/ozone/hadoop-ozone/integration-test/target/log,STOPPED}
2023-02-28 20:09:13,406 [ForkJoinPool.commonPool-worker-1] INFO  handler.ContextHandler (ContextHandler.java:doStop(1159)) - Stopped o.e.j.w.WebAppContext@9c10e9c{hddsDatanode,/,null,STOPPED}{jar:file:/home/runner/.m2/repository/org/apache/ozone/hdds-container-service/1.4.0-SNAPSHOT/hdds-container-service-1.4.0-SNAPSHOT.jar!/webapps/hddsDatanode}
2023-02-28 20:09:13,407 [ForkJoinPool.commonPool-worker-1] INFO  server.AbstractConnector (AbstractConnector.java:doStop(383)) - Stopped ServerConnector@584706be{HTTP/1.1, (http/1.1)}{0.0.0.0:0}
2023-02-28 20:09:13,407 [ForkJoinPool.commonPool-worker-1] INFO  server.session (HouseKeeper.java:stopScavenging(149)) - node0 Stopped scavenging
2023-02-28 20:09:13,408 [ForkJoinPool.commonPool-worker-1] INFO  handler.ContextHandler (ContextHandler.java:doStop(1159)) - Stopped o.e.j.s.ServletContextHandler@b002c02{static,/static,jar:file:/home/runner/.m2/repository/org/apache/ozone/hdds-container-service/1.4.0-SNAPSHOT/hdds-container-service-1.4.0-SNAPSHOT.jar!/webapps/static,STOPPED}
2023-02-28 20:09:13,412 [ForkJoinPool.commonPool-worker-1] INFO  handler.ContextHandler (ContextHandler.java:doStop(1159)) - Stopped o.e.j.s.ServletContextHandler@5ef60f95{logs,/logs,file:///home/runner/work/ozone/ozone/hadoop-ozone/integration-test/target/log,STOPPED}
2023-02-28 20:09:13,827 [Listener at 127.0.0.1/46171] INFO  ozoneimpl.OzoneContainer (OzoneContainer.java:stop(420)) - Attempting to stop container services.
2023-02-28 20:09:13,827 [Listener at 127.0.0.1/46171] INFO  server.RaftServer (RaftServerProxy.java:lambda$close$6(409)) - ce14290f-c11f-4031-993d-843363841a3d: close
2023-02-28 20:09:13,828 [ce14290f-c11f-4031-993d-843363841a3d-impl-thread1] INFO  server.RaftServer$Division (RaftServerImpl.java:lambda$close$4(458)) - ce14290f-c11f-4031-993d-843363841a3d@group-81C630B2EAFB: shutdown
2023-02-28 20:09:13,828 [ce14290f-c11f-4031-993d-843363841a3d-impl-thread1] INFO  util.JmxRegister (JmxRegister.java:unregister(73)) - Successfully un-registered JMX Bean with object name Ratis:service=RaftServer,group=group-81C630B2EAFB,id=ce14290f-c11f-4031-993d-843363841a3d
2023-02-28 20:09:13,828 [ce14290f-c11f-4031-993d-843363841a3d-impl-thread1] INFO  impl.RoleInfo (RoleInfo.java:shutdownLeaderState(93)) - ce14290f-c11f-4031-993d-843363841a3d: shutdown ce14290f-c11f-4031-993d-843363841a3d@group-81C630B2EAFB-LeaderStateImpl
2023-02-28 20:09:13,828 [ce14290f-c11f-4031-993d-843363841a3d-impl-thread2] INFO  server.RaftServer$Division (RaftServerImpl.java:lambda$close$4(458)) - ce14290f-c11f-4031-993d-843363841a3d@group-E3CFD3C613C5: shutdown
2023-02-28 20:09:13,828 [ce14290f-c11f-4031-993d-843363841a3d-impl-thread2] INFO  util.JmxRegister (JmxRegister.java:unregister(73)) - Successfully un-registered JMX Bean with object name Ratis:service=RaftServer,group=group-E3CFD3C613C5,id=ce14290f-c11f-4031-993d-843363841a3d
2023-02-28 20:09:13,828 [ce14290f-c11f-4031-993d-843363841a3d-impl-thread2] INFO  impl.RoleInfo (RoleInfo.java:shutdownFollowerState(110)) - ce14290f-c11f-4031-993d-843363841a3d: shutdown ce14290f-c11f-4031-993d-843363841a3d@group-E3CFD3C613C5-FollowerState
2023-02-28 20:09:13,828 [Listener at 127.0.0.1/46171] INFO  server.GrpcService (GrpcService.java:closeImpl(271)) - ce14290f-c11f-4031-993d-843363841a3d: shutdown server GrpcServerProtocolService now
2023-02-28 20:09:13,829 [ce14290f-c11f-4031-993d-843363841a3d@group-E3CFD3C613C5-FollowerState] INFO  impl.FollowerState (FollowerState.java:run(152)) - ce14290f-c11f-4031-993d-843363841a3d@group-E3CFD3C613C5-FollowerState was interrupted
2023-02-28 20:09:13,829 [grpc-default-executor-7] WARN  server.GrpcClientProtocolService (LogUtils.java:warn(122)) - 3-OrderedRequestStreamObserver3: onError: org.apache.ratis.thirdparty.io.grpc.StatusRuntimeException: CANCELLED: client cancelled
2023-02-28 20:09:13,829 [ce14290f-c11f-4031-993d-843363841a3d-impl-thread2] INFO  impl.StateMachineUpdater (StateMachineUpdater.java:stopAndJoin(153)) - ce14290f-c11f-4031-993d-843363841a3d@group-E3CFD3C613C5-StateMachineUpdater: set stopIndex = 194
2023-02-28 20:09:13,829 [ce14290f-c11f-4031-993d-843363841a3d-impl-thread1] INFO  impl.PendingRequests (PendingRequests.java:sendNotLeaderResponses(282)) - ce14290f-c11f-4031-993d-843363841a3d@group-81C630B2EAFB-PendingRequests: sendNotLeaderResponses
2023-02-28 20:09:13,829 [EndpointStateMachine task thread for /0.0.0.0:42901 - 0 ] INFO  ipc.Client (Client.java:handleConnectionFailure(1010)) - Retrying connect to server: 0.0.0.0/0.0.0.0:42901. Already tried 0 time(s); retry policy is RetryUpToMaximumCountWithFixedSleep(maxRetries=15, sleepTime=1000 MILLISECONDS)
2023-02-28 20:09:13,829 [ce14290f-c11f-4031-993d-843363841a3d@group-E3CFD3C613C5-StateMachineUpdater] INFO  ratis.ContainerStateMachine (ContainerStateMachine.java:takeSnapshot(308)) - group-E3CFD3C613C5: Taking a snapshot at:(t:1, i:194) file /home/runner/work/ozone/ozone/hadoop-ozone/integration-test/target/test-dir/MiniOzoneClusterImpl-e7d671b1-06ed-40aa-a52b-2678dd5bab1b/datanode-2/data/ratis/94f44e2f-8a5f-4df8-be7b-e3cfd3c613c5/sm/snapshot.1_194
2023-02-28 20:09:13,830 [ce14290f-c11f-4031-993d-843363841a3d-impl-thread3] INFO  server.RaftServer$Division (RaftServerImpl.java:lambda$close$4(458)) - ce14290f-c11f-4031-993d-843363841a3d@group-9C23742E0E14: shutdown
2023-02-28 20:09:13,830 [ce14290f-c11f-4031-993d-843363841a3d@group-81C630B2EAFB->d4f71ede-bed0-498f-9536-da00fca7d632-GrpcLogAppender-LogAppenderDaemon] WARN  server.GrpcLogAppender (GrpcLogAppender.java:mayWait(200)) - ce14290f-c11f-4031-993d-843363841a3d@group-81C630B2EAFB->d4f71ede-bed0-498f-9536-da00fca7d632-GrpcLogAppender: Wait interrupted by java.lang.InterruptedException
2023-02-28 20:09:13,830 [ce14290f-c11f-4031-993d-843363841a3d-impl-thread3] INFO  util.JmxRegister (JmxRegister.java:unregister(73)) - Successfully un-registered JMX Bean with object name Ratis:service=RaftServer,group=group-9C23742E0E14,id=ce14290f-c11f-4031-993d-843363841a3d
2023-02-28 20:09:13,830 [ce14290f-c11f-4031-993d-843363841a3d-impl-thread3] INFO  impl.RoleInfo (RoleInfo.java:shutdownLeaderState(93)) - ce14290f-c11f-4031-993d-843363841a3d: shutdown ce14290f-c11f-4031-993d-843363841a3d@group-9C23742E0E14-LeaderStateImpl
2023-02-28 20:09:13,830 [ce14290f-c11f-4031-993d-843363841a3d-impl-thread3] INFO  impl.PendingRequests (PendingRequests.java:sendNotLeaderResponses(282)) - ce14290f-c11f-4031-993d-843363841a3d@group-9C23742E0E14-PendingRequests: sendNotLeaderResponses
2023-02-28 20:09:13,830 [ce14290f-c11f-4031-993d-843363841a3d@group-81C630B2EAFB->f1fceee1-e839-4390-8ee1-a452674c18b3-GrpcLogAppender-LogAppenderDaemon] WARN  server.GrpcLogAppender (GrpcLogAppender.java:mayWait(200)) - ce14290f-c11f-4031-993d-843363841a3d@group-81C630B2EAFB->f1fceee1-e839-4390-8ee1-a452674c18b3-GrpcLogAppender: Wait interrupted by java.lang.InterruptedException
2023-02-28 20:09:13,836 [grpc-default-executor-9] WARN  server.GrpcClientProtocolService (LogUtils.java:warn(122)) - 4-UnorderedRequestStreamObserver4: onError: org.apache.ratis.thirdparty.io.grpc.StatusRuntimeException: CANCELLED: client cancelled
2023-02-28 20:09:13,832 [grpc-default-executor-5] WARN  server.GrpcClientProtocolService (LogUtils.java:warn(122)) - 2-UnorderedRequestStreamObserver2: onError: org.apache.ratis.thirdparty.io.grpc.StatusRuntimeException: CANCELLED: client cancelled
2023-02-28 20:09:13,832 [grpc-default-executor-0] WARN  server.GrpcClientProtocolService (LogUtils.java:warn(122)) - 0-OrderedRequestStreamObserver0: onError: org.apache.ratis.thirdparty.io.grpc.StatusRuntimeException: CANCELLED: client cancelled
2023-02-28 20:09:13,832 [ce14290f-c11f-4031-993d-843363841a3d@group-E3CFD3C613C5-StateMachineUpdater] INFO  ratis.ContainerStateMachine (ContainerStateMachine.java:takeSnapshot(319)) - group-E3CFD3C613C5: Finished taking a snapshot at:(t:1, i:194) file:/home/runner/work/ozone/ozone/hadoop-ozone/integration-test/target/test-dir/MiniOzoneClusterImpl-e7d671b1-06ed-40aa-a52b-2678dd5bab1b/datanode-2/data/ratis/94f44e2f-8a5f-4df8-be7b-e3cfd3c613c5/sm/snapshot.1_194 took: 2 ms
2023-02-28 20:09:13,838 [ce14290f-c11f-4031-993d-843363841a3d@group-9C23742E0E14-StateMachineUpdater] INFO  ratis.ContainerStateMachine (ContainerStateMachine.java:takeSnapshot(308)) - group-9C23742E0E14: Taking a snapshot at:(t:1, i:0) file /home/runner/work/ozone/ozone/hadoop-ozone/integration-test/target/test-dir/MiniOzoneClusterImpl-e7d671b1-06ed-40aa-a52b-2678dd5bab1b/datanode-2/data/ratis/980610f5-16ac-4eea-ba43-9c23742e0e14/sm/snapshot.1_0
2023-02-28 20:09:13,831 [Listener at 127.0.0.1/46171] INFO  server.GrpcServerProtocolClient (GrpcServerProtocolClient.java:close(101)) - f1fceee1-e839-4390-8ee1-a452674c18b3 Close channels
2023-02-28 20:09:13,838 [ce14290f-c11f-4031-993d-843363841a3d@group-9C23742E0E14-StateMachineUpdater] INFO  ratis.ContainerStateMachine (ContainerStateMachine.java:takeSnapshot(319)) - group-9C23742E0E14: Finished taking a snapshot at:(t:1, i:0) file:/home/runner/work/ozone/ozone/hadoop-ozone/integration-test/target/test-dir/MiniOzoneClusterImpl-e7d671b1-06ed-40aa-a52b-2678dd5bab1b/datanode-2/data/ratis/980610f5-16ac-4eea-ba43-9c23742e0e14/sm/snapshot.1_0 took: 1 ms
2023-02-28 20:09:13,838 [ce14290f-c11f-4031-993d-843363841a3d-impl-thread3] INFO  impl.StateMachineUpdater (StateMachineUpdater.java:stopAndJoin(153)) - ce14290f-c11f-4031-993d-843363841a3d@group-9C23742E0E14-StateMachineUpdater: set stopIndex = 0
2023-02-28 20:09:13,837 [ce14290f-c11f-4031-993d-843363841a3d@group-81C630B2EAFB-StateMachineUpdater] INFO  ratis.ContainerStateMachine (ContainerStateMachine.java:takeSnapshot(308)) - group-81C630B2EAFB: Taking a snapshot at:(t:1, i:191) file /home/runner/work/ozone/ozone/hadoop-ozone/integration-test/target/test-dir/MiniOzoneClusterImpl-e7d671b1-06ed-40aa-a52b-2678dd5bab1b/datanode-2/data/ratis/2f90a01c-2f45-41f9-8817-81c630b2eafb/sm/snapshot.1_191
2023-02-28 20:09:13,844 [ce14290f-c11f-4031-993d-843363841a3d@group-81C630B2EAFB-StateMachineUpdater] INFO  ratis.ContainerStateMachine (ContainerStateMachine.java:takeSnapshot(319)) - group-81C630B2EAFB: Finished taking a snapshot at:(t:1, i:191) file:/home/runner/work/ozone/ozone/hadoop-ozone/integration-test/target/test-dir/MiniOzoneClusterImpl-e7d671b1-06ed-40aa-a52b-2678dd5bab1b/datanode-2/data/ratis/2f90a01c-2f45-41f9-8817-81c630b2eafb/sm/snapshot.1_191 took: 7 ms
2023-02-28 20:09:13,844 [ce14290f-c11f-4031-993d-843363841a3d@group-81C630B2EAFB-StateMachineUpdater] INFO  impl.StateMachineUpdater (StateMachineUpdater.java:takeSnapshot(287)) - ce14290f-c11f-4031-993d-843363841a3d@group-81C630B2EAFB-StateMachineUpdater: Took a snapshot at index 191
2023-02-28 20:09:13,844 [ce14290f-c11f-4031-993d-843363841a3d@group-81C630B2EAFB-StateMachineUpdater] INFO  impl.StateMachineUpdater (StateMachineUpdater.java:lambda$new$0(92)) - ce14290f-c11f-4031-993d-843363841a3d@group-81C630B2EAFB-StateMachineUpdater: snapshotIndex: updateIncreasingly -1 -> 191
2023-02-28 20:09:13,837 [ce14290f-c11f-4031-993d-843363841a3d-impl-thread1] INFO  impl.StateMachineUpdater (StateMachineUpdater.java:stopAndJoin(153)) - ce14290f-c11f-4031-993d-843363841a3d@group-81C630B2EAFB-StateMachineUpdater: set stopIndex = 191
2023-02-28 20:09:13,842 [ce14290f-c11f-4031-993d-843363841a3d@group-9C23742E0E14-StateMachineUpdater] INFO  impl.StateMachineUpdater (StateMachineUpdater.java:takeSnapshot(287)) - ce14290f-c11f-4031-993d-843363841a3d@group-9C23742E0E14-StateMachineUpdater: Took a snapshot at index 0
2023-02-28 20:09:13,845 [ce14290f-c11f-4031-993d-843363841a3d@group-9C23742E0E14-StateMachineUpdater] INFO  impl.StateMachineUpdater (StateMachineUpdater.java:lambda$new$0(92)) - ce14290f-c11f-4031-993d-843363841a3d@group-9C23742E0E14-StateMachineUpdater: snapshotIndex: updateIncreasingly -1 -> 0
2023-02-28 20:09:13,845 [ce14290f-c11f-4031-993d-843363841a3d-impl-thread3] INFO  server.RaftServer$Division (ServerState.java:close(466)) - ce14290f-c11f-4031-993d-843363841a3d@group-9C23742E0E14: closes. applyIndex: 0
2023-02-28 20:09:13,845 [ce14290f-c11f-4031-993d-843363841a3d@group-9C23742E0E14-SegmentedRaftLogWorker] INFO  segmented.SegmentedRaftLogWorker (SegmentedRaftLogWorker.java:run(347)) - ce14290f-c11f-4031-993d-843363841a3d@group-9C23742E0E14-SegmentedRaftLogWorker was interrupted, exiting. There are 0 tasks remaining in the queue.
2023-02-28 20:09:13,840 [ce14290f-c11f-4031-993d-843363841a3d@group-E3CFD3C613C5-StateMachineUpdater] INFO  impl.StateMachineUpdater (StateMachineUpdater.java:takeSnapshot(287)) - ce14290f-c11f-4031-993d-843363841a3d@group-E3CFD3C613C5-StateMachineUpdater: Took a snapshot at index 194
2023-02-28 20:09:13,840 [Listener at 127.0.0.1/46171] INFO  server.GrpcServerProtocolClient (GrpcServerProtocolClient.java:close(101)) - d4f71ede-bed0-498f-9536-da00fca7d632 Close channels
2023-02-28 20:09:13,845 [ce14290f-c11f-4031-993d-843363841a3d@group-E3CFD3C613C5-StateMachineUpdater] INFO  impl.StateMachineUpdater (StateMachineUpdater.java:lambda$new$0(92)) - ce14290f-c11f-4031-993d-843363841a3d@group-E3CFD3C613C5-StateMachineUpdater: snapshotIndex: updateIncreasingly -1 -> 194
2023-02-28 20:09:13,846 [Listener at 127.0.0.1/46171] INFO  server.GrpcService (GrpcService.java:closeImpl(280)) - ce14290f-c11f-4031-993d-843363841a3d: shutdown server GrpcServerProtocolService successfully
2023-02-28 20:09:13,846 [ce14290f-c11f-4031-993d-843363841a3d-impl-thread2] INFO  server.RaftServer$Division (ServerState.java:close(466)) - ce14290f-c11f-4031-993d-843363841a3d@group-E3CFD3C613C5: closes. applyIndex: 194
2023-02-28 20:09:13,846 [ce14290f-c11f-4031-993d-843363841a3d@group-E3CFD3C613C5-SegmentedRaftLogWorker] INFO  segmented.SegmentedRaftLogWorker (SegmentedRaftLogWorker.java:run(347)) - ce14290f-c11f-4031-993d-843363841a3d@group-E3CFD3C613C5-SegmentedRaftLogWorker was interrupted, exiting. There are 0 tasks remaining in the queue.
2023-02-28 20:09:13,846 [ce14290f-c11f-4031-993d-843363841a3d-impl-thread2] INFO  segmented.SegmentedRaftLogWorker (SegmentedRaftLogWorker.java:close(257)) - ce14290f-c11f-4031-993d-843363841a3d@group-E3CFD3C613C5-SegmentedRaftLogWorker close()
2023-02-28 20:09:13,845 [ce14290f-c11f-4031-993d-843363841a3d-impl-thread1] INFO  server.RaftServer$Division (ServerState.java:close(466)) - ce14290f-c11f-4031-993d-843363841a3d@group-81C630B2EAFB: closes. applyIndex: 191
2023-02-28 20:09:13,847 [ce14290f-c11f-4031-993d-843363841a3d-NettyServerStreamRpc-bossGroup--thread1] INFO  logging.LoggingHandler (AbstractInternalLogger.java:log(148)) - [id: 0x0d79c104, L:/0:0:0:0:0:0:0:0:35205] CLOSE
2023-02-28 20:09:13,847 [ce14290f-c11f-4031-993d-843363841a3d@group-81C630B2EAFB-SegmentedRaftLogWorker] INFO  segmented.SegmentedRaftLogWorker (SegmentedRaftLogWorker.java:run(347)) - ce14290f-c11f-4031-993d-843363841a3d@group-81C630B2EAFB-SegmentedRaftLogWorker was interrupted, exiting. There are 0 tasks remaining in the queue.
2023-02-28 20:09:13,848 [ce14290f-c11f-4031-993d-843363841a3d-NettyServerStreamRpc-bossGroup--thread1] INFO  logging.LoggingHandler (AbstractInternalLogger.java:log(148)) - [id: 0x0d79c104, L:/0:0:0:0:0:0:0:0:35205] INACTIVE
2023-02-28 20:09:13,848 [ce14290f-c11f-4031-993d-843363841a3d-impl-thread1] INFO  segmented.SegmentedRaftLogWorker (SegmentedRaftLogWorker.java:close(257)) - ce14290f-c11f-4031-993d-843363841a3d@group-81C630B2EAFB-SegmentedRaftLogWorker close()
2023-02-28 20:09:13,848 [ce14290f-c11f-4031-993d-843363841a3d-NettyServerStreamRpc-bossGroup--thread1] INFO  logging.LoggingHandler (AbstractInternalLogger.java:log(148)) - [id: 0x0d79c104, L:/0:0:0:0:0:0:0:0:35205] UNREGISTERED
2023-02-28 20:09:13,854 [ce14290f-c11f-4031-993d-843363841a3d-impl-thread3] INFO  segmented.SegmentedRaftLogWorker (SegmentedRaftLogWorker.java:close(257)) - ce14290f-c11f-4031-993d-843363841a3d@group-9C23742E0E14-SegmentedRaftLogWorker close()
2023-02-28 20:09:13,856 [JvmPauseMonitor5] INFO  util.JvmPauseMonitor (JvmPauseMonitor.java:run(111)) - JvmPauseMonitor-ce14290f-c11f-4031-993d-843363841a3d: Stopped
2023-02-28 20:09:14,830 [EndpointStateMachine task thread for /0.0.0.0:42901 - 0 ] INFO  ipc.Client (Client.java:handleConnectionFailure(1010)) - Retrying connect to server: 0.0.0.0/0.0.0.0:42901. Already tried 1 time(s); retry policy is RetryUpToMaximumCountWithFixedSleep(maxRetries=15, sleepTime=1000 MILLISECONDS)
2023-02-28 20:09:15,831 [EndpointStateMachine task thread for /0.0.0.0:42901 - 0 ] INFO  ipc.Client (Client.java:handleConnectionFailure(1010)) - Retrying connect to server: 0.0.0.0/0.0.0.0:42901. Already tried 2 time(s); retry policy is RetryUpToMaximumCountWithFixedSleep(maxRetries=15, sleepTime=1000 MILLISECONDS)
2023-02-28 20:09:15,864 [Listener at 127.0.0.1/46171] INFO  volume.HddsVolume (HddsVolume.java:closeDbStore(362)) - SchemaV3 db is stopped at /home/runner/work/ozone/ozone/hadoop-ozone/integration-test/target/test-dir/MiniOzoneClusterImpl-e7d671b1-06ed-40aa-a52b-2678dd5bab1b/datanode-2/data-0/containers/hdds/e7d671b1-06ed-40aa-a52b-2678dd5bab1b/DS-bdb1cfd1-e9fe-45fd-a9c5-bd7a8e7e1292/container.db for volume DS-bdb1cfd1-e9fe-45fd-a9c5-bd7a8e7e1292
2023-02-28 20:09:15,865 [Listener at 127.0.0.1/46171] INFO  utils.BackgroundService (BackgroundService.java:shutdown(141)) - Shutting down service BlockDeletingService
2023-02-28 20:09:15,865 [Listener at 127.0.0.1/46171] INFO  utils.BackgroundService (BackgroundService.java:shutdown(141)) - Shutting down service StaleRecoveringContainerScrubbingService
2023-02-28 20:09:15,867 [Listener at 127.0.0.1/46171] INFO  statemachine.DatanodeStateMachine (DatanodeStateMachine.java:stopDaemon(600)) - Ozone container server stopped.
2023-02-28 20:09:15,876 [Listener at 127.0.0.1/46171] INFO  handler.ContextHandler (ContextHandler.java:doStop(1159)) - Stopped o.e.j.w.WebAppContext@79e628c4{hddsDatanode,/,null,STOPPED}{jar:file:/home/runner/.m2/repository/org/apache/ozone/hdds-container-service/1.4.0-SNAPSHOT/hdds-container-service-1.4.0-SNAPSHOT.jar!/webapps/hddsDatanode}
2023-02-28 20:09:15,876 [Listener at 127.0.0.1/46171] INFO  server.AbstractConnector (AbstractConnector.java:doStop(383)) - Stopped ServerConnector@2b883681{HTTP/1.1, (http/1.1)}{0.0.0.0:0}
2023-02-28 20:09:15,876 [Listener at 127.0.0.1/46171] INFO  server.session (HouseKeeper.java:stopScavenging(149)) - node0 Stopped scavenging
2023-02-28 20:09:15,877 [Listener at 127.0.0.1/46171] INFO  handler.ContextHandler (ContextHandler.java:doStop(1159)) - Stopped o.e.j.s.ServletContextHandler@5bc40e3a{static,/static,jar:file:/home/runner/.m2/repository/org/apache/ozone/hdds-container-service/1.4.0-SNAPSHOT/hdds-container-service-1.4.0-SNAPSHOT.jar!/webapps/static,STOPPED}
2023-02-28 20:09:15,877 [Listener at 127.0.0.1/46171] INFO  handler.ContextHandler (ContextHandler.java:doStop(1159)) - Stopped o.e.j.s.ServletContextHandler@64b42529{logs,/logs,file:///home/runner/work/ozone/ozone/hadoop-ozone/integration-test/target/log,STOPPED}
2023-02-28 20:09:16,327 [Listener at 127.0.0.1/46171] WARN  server.ServerUtils (ServerUtils.java:getScmDbDir(148)) - ozone.scm.db.dirs is not configured. We recommend adding this setting. Falling back to ozone.metadata.dirs instead.
2023-02-28 20:09:16,330 [Listener at 127.0.0.1/46171] WARN  server.ServerUtils (ServerUtils.java:getScmDbDir(148)) - ozone.scm.db.dirs is not configured. We recommend adding this setting. Falling back to ozone.metadata.dirs instead.
2023-02-28 20:09:16,330 [Listener at 127.0.0.1/46171] INFO  ha.SCMHANodeDetails (SCMHANodeDetails.java:loadSCMHAConfig(209)) - ServiceID for StorageContainerManager is null
2023-02-28 20:09:16,331 [Listener at 127.0.0.1/46171] INFO  ha.SCMHANodeDetails (SCMHANodeDetails.java:loadSCMHAConfig(214)) - ozone.scm.default.service.id is not defined, falling back to ozone.scm.service.ids to find serviceID for StorageContainerManager if it is HA enabled cluster
2023-02-28 20:09:16,331 [Listener at 127.0.0.1/46171] WARN  utils.HAUtils (HAUtils.java:getMetaDir(342)) - ozone.scm.db.dirs is not configured. We recommend adding this setting. Falling back to ozone.metadata.dirs instead.
2023-02-28 20:09:16,331 [Listener at 127.0.0.1/46171] WARN  db.DBStoreBuilder (DBStoreBuilder.java:applyDBDefinition(172)) - ozone.scm.db.dirs is not configured. We recommend adding this setting. Falling back to ozone.metadata.dirs instead.
2023-02-28 20:09:16,450 [Listener at 127.0.0.1/46171] INFO  net.NodeSchemaLoader (NodeSchemaLoader.java:loadSchemaFromFile(129)) - Loading schema from [jar:file:/home/runner/.m2/repository/org/apache/ozone/hdds-common/1.4.0-SNAPSHOT/hdds-common-1.4.0-SNAPSHOT.jar!/network-topology-default.xml]
2023-02-28 20:09:16,450 [Listener at 127.0.0.1/46171] INFO  net.NodeSchemaLoader (NodeSchemaLoader.java:loadSchema(176)) - Loading network topology layer schema file
2023-02-28 20:09:16,454 [Listener at 127.0.0.1/46171] INFO  upgrade.AbstractLayoutVersionManager (AbstractLayoutVersionManager.java:init(83)) - Initializing Layout version manager with metadata layout = DATANODE_SCHEMA_V3 (version = 4), software layout = DATANODE_SCHEMA_V3 (version = 4)
2023-02-28 20:09:16,505 [Listener at 127.0.0.1/46171] INFO  reflections.Reflections (Reflections.java:scan(232)) - Reflections took 49 ms to scan 7 urls, producing 151 keys and 364 values 
2023-02-28 20:09:16,509 [Listener at 127.0.0.1/46171] INFO  ha.SequenceIdGenerator (SequenceIdGenerator.java:upgradeToSequenceId(349)) - upgrade localId to 111677748019200000
2023-02-28 20:09:16,509 [Listener at 127.0.0.1/46171] INFO  ha.SequenceIdGenerator (SequenceIdGenerator.java:upgradeToSequenceId(359)) - upgrade delTxnId to 0
2023-02-28 20:09:16,509 [Listener at 127.0.0.1/46171] INFO  ha.SequenceIdGenerator (SequenceIdGenerator.java:upgradeToSequenceId(376)) - upgrade containerId to 0
2023-02-28 20:09:16,509 [Listener at 127.0.0.1/46171] INFO  ha.SequenceIdGenerator (SequenceIdGenerator.java:<init>(220)) - Init the HA SequenceIdGenerator.
2023-02-28 20:09:16,509 [Listener at 127.0.0.1/46171] WARN  server.ServerUtils (ServerUtils.java:sanitizeUserArgs(73)) - ozone.scm.stale.node.interval value = 300000 is larger than max = 100000 based on the key value of ozone.scm.heartbeat.thread.interval, reset to the max value 100000.
2023-02-28 20:09:16,510 [Listener at 127.0.0.1/46171] WARN  server.ServerUtils (ServerUtils.java:sanitizeUserArgs(73)) - ozone.scm.stale.node.interval value = 300000 is larger than max = 100000 based on the key value of ozone.scm.heartbeat.thread.interval, reset to the max value 100000.
2023-02-28 20:09:16,518 [Listener at 127.0.0.1/46171] INFO  node.SCMNodeManager (SCMNodeManager.java:<init>(149)) - Entering startup safe mode.
2023-02-28 20:09:16,519 [Listener at 127.0.0.1/46171] INFO  algorithms.ContainerPlacementPolicyFactory (ContainerPlacementPolicyFactory.java:getPolicyInternal(86)) - Create container placement policy of type org.apache.hadoop.hdds.scm.container.placement.algorithms.SCMContainerPlacementRandom
2023-02-28 20:09:16,519 [Listener at 127.0.0.1/46171] INFO  algorithms.ContainerPlacementPolicyFactory (ContainerPlacementPolicyFactory.java:getPolicyInternal(86)) - Create container placement policy of type org.apache.hadoop.hdds.scm.container.placement.algorithms.SCMContainerPlacementRackScatter
2023-02-28 20:09:16,519 [Listener at 127.0.0.1/46171] INFO  pipeline.PipelineStateManagerImpl (PipelineStateManagerImpl.java:initialize(78)) - No pipeline exists in current db
2023-02-28 20:09:16,519 [Listener at 127.0.0.1/46171] INFO  algorithms.LeaderChoosePolicyFactory (LeaderChoosePolicyFactory.java:getPolicy(57)) - Create leader choose policy of type org.apache.hadoop.hdds.scm.pipeline.leader.choose.algorithms.MinLeaderCountChoosePolicy
2023-02-28 20:09:16,519 [Listener at 127.0.0.1/46171] INFO  algorithms.ContainerPlacementPolicyFactory (ContainerPlacementPolicyFactory.java:getPolicyInternal(86)) - Create container placement policy of type org.apache.hadoop.hdds.scm.container.placement.algorithms.SCMContainerPlacementRackScatter
2023-02-28 20:09:16,520 [Listener at 127.0.0.1/46171] INFO  ha.SCMServiceManager (SCMServiceManager.java:register(42)) - Registering service BackgroundPipelineCreator.
2023-02-28 20:09:16,520 [Listener at 127.0.0.1/46171] INFO  pipeline.BackgroundPipelineCreator (BackgroundPipelineCreator.java:start(124)) - Starting RatisPipelineUtilsThread.
2023-02-28 20:09:16,520 [Listener at 127.0.0.1/46171] INFO  BackgroundPipelineScrubber (BackgroundSCMService.java:start(68)) - Starting BackgroundPipelineScrubber Service.
2023-02-28 20:09:16,521 [Listener at 127.0.0.1/46171] INFO  ha.SCMServiceManager (SCMServiceManager.java:register(42)) - Registering service BackgroundPipelineScrubber.
2023-02-28 20:09:16,521 [Listener at 127.0.0.1/46171] INFO  ExpiredContainerReplicaOpScrubber (BackgroundSCMService.java:start(68)) - Starting ExpiredContainerReplicaOpScrubber Service.
2023-02-28 20:09:16,521 [Listener at 127.0.0.1/46171] INFO  ha.SCMServiceManager (SCMServiceManager.java:register(42)) - Registering service ExpiredContainerReplicaOpScrubber.
2023-02-28 20:09:16,522 [Listener at 127.0.0.1/46171] INFO  algorithms.PipelineChoosePolicyFactory (PipelineChoosePolicyFactory.java:createPipelineChoosePolicyFromClass(73)) - Create pipeline choose policy of type org.apache.hadoop.hdds.scm.pipeline.choose.algorithms.RandomPipelineChoosePolicy
2023-02-28 20:09:16,523 [Listener at 127.0.0.1/46171] INFO  ha.SCMServiceManager (SCMServiceManager.java:register(42)) - Registering service SCMBlockDeletingService.
2023-02-28 20:09:16,523 [Listener at 127.0.0.1/46171] INFO  replication.ReplicationManager (ReplicationManager.java:start(266)) - Starting Replication Monitor Thread.
2023-02-28 20:09:16,525 [Listener at 127.0.0.1/46171] INFO  ha.SCMServiceManager (SCMServiceManager.java:register(42)) - Registering service ReplicationManager.
2023-02-28 20:09:16,525 [Listener at 127.0.0.1/46171] INFO  safemode.ContainerSafeModeRule (ContainerSafeModeRule.java:<init>(89)) - containers with one replica threshold count 0
2023-02-28 20:09:16,525 [Listener at 127.0.0.1/46171] INFO  safemode.HealthyPipelineSafeModeRule (HealthyPipelineSafeModeRule.java:initializeRule(169)) - Total pipeline count is 0, healthy pipeline threshold count is 1
2023-02-28 20:09:16,526 [Listener at 127.0.0.1/46171] INFO  safemode.OneReplicaPipelineSafeModeRule (OneReplicaPipelineSafeModeRule.java:initializeRule(180)) - Total pipeline count is 0, pipeline's with at least one datanode reported threshold count is 0
2023-02-28 20:09:16,526 [Listener at 127.0.0.1/46171] INFO  ipc.CallQueueManager (CallQueueManager.java:<init>(90)) - Using callQueue: class java.util.concurrent.LinkedBlockingQueue, queueCapacity: 2000, scheduler: class org.apache.hadoop.ipc.DefaultRpcScheduler, ipcBackoff: false.
2023-02-28 20:09:16,527 [Socket Reader #1 for port 0] INFO  ipc.Server (Server.java:run(1273)) - Starting Socket Reader #1 for port 0
2023-02-28 20:09:16,528 [Listener at 0.0.0.0/46809] INFO  ipc.CallQueueManager (CallQueueManager.java:<init>(90)) - Using callQueue: class java.util.concurrent.LinkedBlockingQueue, queueCapacity: 2000, scheduler: class org.apache.hadoop.ipc.DefaultRpcScheduler, ipcBackoff: false.
2023-02-28 20:09:16,532 [Socket Reader #1 for port 0] INFO  ipc.Server (Server.java:run(1273)) - Starting Socket Reader #1 for port 0
2023-02-28 20:09:16,533 [Listener at 0.0.0.0/33059] INFO  ipc.CallQueueManager (CallQueueManager.java:<init>(90)) - Using callQueue: class java.util.concurrent.LinkedBlockingQueue, queueCapacity: 2000, scheduler: class org.apache.hadoop.ipc.DefaultRpcScheduler, ipcBackoff: false.
2023-02-28 20:09:16,534 [Socket Reader #1 for port 0] INFO  ipc.Server (Server.java:run(1273)) - Starting Socket Reader #1 for port 0
2023-02-28 20:09:16,540 [Listener at 0.0.0.0/37543] INFO  ha.SCMServiceManager (SCMServiceManager.java:register(42)) - Registering service ContainerBalancer.
2023-02-28 20:09:16,540 [Listener at 0.0.0.0/37543] INFO  server.StorageContainerManager (StorageContainerManager.java:<init>(402)) - 
Container Balancer status:
Key                            Value
Running                        true
Container Balancer Configuration values:
Key                                                Value
Threshold                                          10
Max Datanodes to Involve per Iteration(percent)    20
Max Size to Move per Iteration                     500GB
Max Size Entering Target per Iteration             26GB
Max Size Leaving Source per Iteration              26GB

2023-02-28 20:09:16,540 [Listener at 0.0.0.0/37543] INFO  ha.SCMContext (SCMContext.java:updateSafeModeStatus(228)) - Update SafeModeStatus from SafeModeStatus{safeModeStatus=true, preCheckPassed=false} to SafeModeStatus{safeModeStatus=true, preCheckPassed=false}.
2023-02-28 20:09:16,540 [Listener at 0.0.0.0/37543] INFO  server.StorageContainerManager (StorageContainerManager.java:start(1436)) - StorageContainerLocationProtocol RPC server is listening at /0.0.0.0:37543
2023-02-28 20:09:16,542 [Listener at 0.0.0.0/37543] WARN  impl.MetricsConfig (MetricsConfig.java:loadFirst(136)) - Cannot locate configuration: tried hadoop-metrics2-storagecontainermanager.properties,hadoop-metrics2.properties
2023-02-28 20:09:16,542 [ReplicationMonitor] INFO  replication.ReplicationManager (ReplicationManager.java:processAll(341)) - Replication Manager is not ready to run until 3000ms after safemode exit
2023-02-28 20:09:16,548 [Listener at 0.0.0.0/37543] INFO  impl.MetricsSystemImpl (MetricsSystemImpl.java:startTimer(378)) - Scheduled Metric snapshot period at 10 second(s).
2023-02-28 20:09:16,549 [Listener at 0.0.0.0/37543] INFO  impl.MetricsSystemImpl (MetricsSystemImpl.java:start(191)) - StorageContainerManager metrics system started
2023-02-28 20:09:16,577 [Listener at 0.0.0.0/37543] INFO  impl.MetricsSinkAdapter (MetricsSinkAdapter.java:start(204)) - Sink prometheus started
2023-02-28 20:09:16,579 [Listener at 0.0.0.0/37543] INFO  impl.MetricsSystemImpl (MetricsSystemImpl.java:registerSink(305)) - Registered sink prometheus
2023-02-28 20:09:16,591 [Listener at 0.0.0.0/37543] INFO  server.SCMClientProtocolServer (SCMClientProtocolServer.java:start(176)) - RPC server for Client  is listening at /0.0.0.0:37543
2023-02-28 20:09:16,591 [IPC Server Responder] INFO  ipc.Server (Server.java:run(1512)) - IPC Server Responder: starting
2023-02-28 20:09:16,593 [IPC Server listener on 0] INFO  ipc.Server (Server.java:run(1352)) - IPC Server listener on 0: starting
2023-02-28 20:09:16,595 [Listener at 0.0.0.0/37543] INFO  server.StorageContainerManager (StorageContainerManager.java:start(1450)) - ScmBlockLocationProtocol RPC server is listening at /0.0.0.0:33059
2023-02-28 20:09:16,595 [Listener at 0.0.0.0/37543] INFO  server.SCMBlockProtocolServer (SCMBlockProtocolServer.java:start(152)) - RPC server for Block Protocol is listening at /0.0.0.0:33059
2023-02-28 20:09:16,596 [IPC Server Responder] INFO  ipc.Server (Server.java:run(1512)) - IPC Server Responder: starting
2023-02-28 20:09:16,596 [IPC Server listener on 0] INFO  ipc.Server (Server.java:run(1352)) - IPC Server listener on 0: starting
2023-02-28 20:09:16,600 [Listener at 0.0.0.0/37543] INFO  server.SCMDatanodeProtocolServer (SCMDatanodeProtocolServer.java:start(193)) - ScmDatanodeProtocol RPC server for DataNodes is listening at /0.0.0.0:46809
2023-02-28 20:09:16,600 [IPC Server Responder] INFO  ipc.Server (Server.java:run(1512)) - IPC Server Responder: starting
2023-02-28 20:09:16,600 [IPC Server listener on 0] INFO  ipc.Server (Server.java:run(1352)) - IPC Server listener on 0: starting
2023-02-28 20:09:16,609 [org.apache.hadoop.util.JvmPauseMonitor$Monitor@5ceec24] INFO  util.JvmPauseMonitor (JvmPauseMonitor.java:run(188)) - Starting JVM pause monitor
2023-02-28 20:09:16,609 [Listener at 0.0.0.0/37543] INFO  http.BaseHttpServer (BaseHttpServer.java:newHttpServer2BuilderForOzone(213)) - Starting Web-server for scm at: http://0.0.0.0:0
2023-02-28 20:09:16,610 [Listener at 0.0.0.0/37543] INFO  http.BaseHttpServer (BaseHttpServer.java:<init>(108)) - Hadoop Security Enabled: false Ozone Security Enabled: false Ozone HTTP Security Enabled: false 
2023-02-28 20:09:16,611 [Listener at 0.0.0.0/37543] WARN  server.AuthenticationFilter (AuthenticationFilter.java:constructSecretProvider(240)) - Unable to initialize FileSignerSecretProvider, falling back to use random secrets. Reason: Could not read signature secret file: /home/runner/hadoop-http-auth-signature-secret
2023-02-28 20:09:16,612 [Listener at 0.0.0.0/37543] WARN  http.HttpRequestLog (HttpRequestLog.java:getRequestLog(103)) - Jetty request log can only be enabled using Log4j
2023-02-28 20:09:16,616 [Listener at 0.0.0.0/37543] INFO  http.HttpServer2 (HttpServer2.java:addGlobalFilter(1031)) - Added global filter 'safety' (class=org.apache.hadoop.hdds.server.http.HttpServer2$QuotingInputFilter)
2023-02-28 20:09:16,617 [Listener at 0.0.0.0/37543] INFO  http.HttpServer2 (HttpServer2.java:addFilter(1007)) - Added filter static_user_filter (class=org.apache.hadoop.http.lib.StaticUserWebFilter$StaticUserFilter) to context scm
2023-02-28 20:09:16,617 [Listener at 0.0.0.0/37543] INFO  http.HttpServer2 (HttpServer2.java:addFilter(1015)) - Added filter static_user_filter (class=org.apache.hadoop.http.lib.StaticUserWebFilter$StaticUserFilter) to context static
2023-02-28 20:09:16,617 [Listener at 0.0.0.0/37543] INFO  http.HttpServer2 (HttpServer2.java:addFilter(1015)) - Added filter static_user_filter (class=org.apache.hadoop.http.lib.StaticUserWebFilter$StaticUserFilter) to context logs
2023-02-28 20:09:16,620 [Listener at 0.0.0.0/37543] INFO  http.HttpServer2 (HttpServer2.java:bindListener(1250)) - Jetty bound to port 41085
2023-02-28 20:09:16,620 [Listener at 0.0.0.0/37543] INFO  server.Server (Server.java:doStart(375)) - jetty-9.4.49.v20220914; built: 2022-09-14T01:07:36.601Z; git: 4231a3b2e4cb8548a412a789936d640a97b1aa0a; jvm 1.8.0_362-b09
2023-02-28 20:09:16,626 [Listener at 0.0.0.0/37543] INFO  server.session (DefaultSessionIdManager.java:doStart(334)) - DefaultSessionIdManager workerName=node0
2023-02-28 20:09:16,626 [Listener at 0.0.0.0/37543] INFO  server.session (DefaultSessionIdManager.java:doStart(339)) - No SessionScavenger set, using defaults
2023-02-28 20:09:16,626 [Listener at 0.0.0.0/37543] INFO  server.session (HouseKeeper.java:startScavenging(132)) - node0 Scavenging every 660000ms
2023-02-28 20:09:16,627 [Listener at 0.0.0.0/37543] INFO  handler.ContextHandler (ContextHandler.java:doStart(921)) - Started o.e.j.s.ServletContextHandler@5ba0ce1a{logs,/logs,file:///home/runner/work/ozone/ozone/hadoop-ozone/integration-test/target/log,AVAILABLE}
2023-02-28 20:09:16,627 [Listener at 0.0.0.0/37543] INFO  handler.ContextHandler (ContextHandler.java:doStart(921)) - Started o.e.j.s.ServletContextHandler@2f5200f2{static,/static,file:///home/runner/work/ozone/ozone/hadoop-ozone/integration-test/target/test-classes/webapps/static,AVAILABLE}
2023-02-28 20:09:16,632 [Listener at 0.0.0.0/37543] INFO  handler.ContextHandler (ContextHandler.java:doStart(921)) - Started o.e.j.w.WebAppContext@5c2034be{scm,/,file:///home/runner/work/ozone/ozone/hadoop-ozone/integration-test/target/test-classes/webapps/scm/,AVAILABLE}{file:/home/runner/work/ozone/ozone/hadoop-ozone/integration-test/target/test-classes/webapps/scm}
2023-02-28 20:09:16,634 [Listener at 0.0.0.0/37543] INFO  server.AbstractConnector (AbstractConnector.java:doStart(333)) - Started ServerConnector@1ccb535f{HTTP/1.1, (http/1.1)}{0.0.0.0:41085}
2023-02-28 20:09:16,634 [Listener at 0.0.0.0/37543] INFO  server.Server (Server.java:doStart(415)) - Started @65319ms
2023-02-28 20:09:16,635 [Listener at 0.0.0.0/37543] WARN  impl.MetricsSystemImpl (MetricsSystemImpl.java:register(279)) - Sink prometheus already exists!
2023-02-28 20:09:16,638 [Listener at 0.0.0.0/37543] INFO  http.BaseHttpServer (BaseHttpServer.java:updateConnectorAddress(333)) - HTTP server of scm listening at http://0.0.0.0:41085
2023-02-28 20:09:16,639 [Listener at 0.0.0.0/37543] INFO  ha.OMHANodeDetails (OMHANodeDetails.java:loadOMHAConfig(121)) - ServiceID for OzoneManager is om-service-test1
2023-02-28 20:09:16,640 [Listener at 0.0.0.0/37543] INFO  ha.OMHANodeDetails (OMHANodeDetails.java:loadOMHAConfig(201)) - Found matching OM address with OMServiceId: om-service-test1, OMNodeId: omNode-1, RPC Address: localhost:36591 and Ratis port: 41453
2023-02-28 20:09:16,640 [Listener at 0.0.0.0/37543] INFO  ha.OMHANodeDetails (ConfUtils.java:setNodeSpecificConfigs(97)) - Setting configuration key ozone.om.http-address with value of key ozone.om.http-address.om-service-test1.omNode-1: 127.0.0.1:46371
2023-02-28 20:09:16,640 [Listener at 0.0.0.0/37543] INFO  ha.OMHANodeDetails (ConfUtils.java:setNodeSpecificConfigs(97)) - Setting configuration key ozone.om.https-address with value of key ozone.om.https-address.om-service-test1.omNode-1: 127.0.0.1:41713
2023-02-28 20:09:16,640 [Listener at 0.0.0.0/37543] INFO  ha.OMHANodeDetails (ConfUtils.java:setNodeSpecificConfigs(97)) - Setting configuration key ozone.om.address with value of key ozone.om.address.om-service-test1.omNode-1: 127.0.0.1:36591
2023-02-28 20:09:16,640 [Listener at 0.0.0.0/37543] WARN  server.ServerUtils (ServerUtils.java:getDBPath(225)) - ozone.om.db.dirs is not configured. We recommend adding this setting. Falling back to ozone.metadata.dirs instead.
2023-02-28 20:09:16,642 [Listener at 0.0.0.0/37543] INFO  proxy.SCMBlockLocationFailoverProxyProvider (SCMBlockLocationFailoverProxyProvider.java:<init>(114)) - Created block location fail-over proxy with 1 nodes: [nodeId=scmNodeId,nodeAddress=/0.0.0.0:33059]
OM initialization succeeded.Current cluster id for sd=/home/runner/work/ozone/ozone/hadoop-ozone/integration-test/target/test-dir/MiniOzoneClusterImpl-58db5c20-d6df-4fe1-a747-1f1a0fc9447e/omNode-1/om;cid=58db5c20-d6df-4fe1-a747-1f1a0fc9447e;layoutVersion=3
2023-02-28 20:09:16,661 [Listener at 0.0.0.0/37543] INFO  ha.OMHANodeDetails (OMHANodeDetails.java:loadOMHAConfig(121)) - ServiceID for OzoneManager is om-service-test1
2023-02-28 20:09:16,662 [Listener at 0.0.0.0/37543] INFO  ha.OMHANodeDetails (OMHANodeDetails.java:loadOMHAConfig(201)) - Found matching OM address with OMServiceId: om-service-test1, OMNodeId: omNode-1, RPC Address: localhost:36591 and Ratis port: 41453
2023-02-28 20:09:16,662 [Listener at 0.0.0.0/37543] INFO  ha.OMHANodeDetails (ConfUtils.java:setNodeSpecificConfigs(97)) - Setting configuration key ozone.om.http-address with value of key ozone.om.http-address.om-service-test1.omNode-1: 127.0.0.1:46371
2023-02-28 20:09:16,662 [Listener at 0.0.0.0/37543] INFO  ha.OMHANodeDetails (ConfUtils.java:setNodeSpecificConfigs(97)) - Setting configuration key ozone.om.https-address with value of key ozone.om.https-address.om-service-test1.omNode-1: 127.0.0.1:41713
2023-02-28 20:09:16,662 [Listener at 0.0.0.0/37543] INFO  ha.OMHANodeDetails (ConfUtils.java:setNodeSpecificConfigs(97)) - Setting configuration key ozone.om.address with value of key ozone.om.address.om-service-test1.omNode-1: 127.0.0.1:36591
2023-02-28 20:09:16,662 [Listener at 0.0.0.0/37543] WARN  server.ServerUtils (ServerUtils.java:getDBPath(225)) - ozone.om.db.dirs is not configured. We recommend adding this setting. Falling back to ozone.metadata.dirs instead.
2023-02-28 20:09:16,663 [Listener at 0.0.0.0/37543] INFO  upgrade.AbstractLayoutVersionManager (AbstractLayoutVersionManager.java:init(83)) - Initializing Layout version manager with metadata layout = MULTITENANCY_SCHEMA (version = 3), software layout = MULTITENANCY_SCHEMA (version = 3)
2023-02-28 20:09:16,742 [Listener at 0.0.0.0/37543] INFO  reflections.Reflections (Reflections.java:scan(232)) - Reflections took 78 ms to scan 2 urls, producing 167 keys and 459 values [using 2 cores]
2023-02-28 20:09:16,742 [Listener at 0.0.0.0/37543] INFO  upgrade.OMLayoutVersionManager (OMLayoutVersionManager.java:lambda$0(115)) - Skipping Upgrade Action MockOmUpgradeAction since it has been finalized.
2023-02-28 20:09:16,742 [Listener at 0.0.0.0/37543] WARN  server.ServerUtils (ServerUtils.java:getDBPath(225)) - ozone.om.db.dirs is not configured. We recommend adding this setting. Falling back to ozone.metadata.dirs instead.
2023-02-28 20:09:16,743 [Listener at 0.0.0.0/37543] INFO  proxy.SCMBlockLocationFailoverProxyProvider (SCMBlockLocationFailoverProxyProvider.java:<init>(114)) - Created block location fail-over proxy with 1 nodes: [nodeId=scmNodeId,nodeAddress=/0.0.0.0:33059]
2023-02-28 20:09:16,744 [Listener at 0.0.0.0/37543] INFO  proxy.SCMBlockLocationFailoverProxyProvider (SCMBlockLocationFailoverProxyProvider.java:<init>(114)) - Created block location fail-over proxy with 1 nodes: [nodeId=scmNodeId,nodeAddress=/0.0.0.0:33059]
2023-02-28 20:09:16,749 [Listener at 0.0.0.0/37543] INFO  om.OzoneManager (OzoneManager.java:<init>(618)) - OM start with adminUsers: [runner]
2023-02-28 20:09:16,749 [Listener at 0.0.0.0/37543] WARN  server.ServerUtils (ServerUtils.java:getDBPath(225)) - ozone.om.db.dirs is not configured. We recommend adding this setting. Falling back to ozone.metadata.dirs instead.
2023-02-28 20:09:16,750 [Listener at 0.0.0.0/37543] INFO  codec.OmKeyInfoCodec (OmKeyInfoCodec.java:<init>(49)) - OmKeyInfoCodec ignorePipeline = true
2023-02-28 20:09:16,750 [Listener at 0.0.0.0/37543] INFO  codec.RepeatedOmKeyInfoCodec (RepeatedOmKeyInfoCodec.java:<init>(41)) - RepeatedOmKeyInfoCodec ignorePipeline = true
2023-02-28 20:09:16,831 [EndpointStateMachine task thread for /0.0.0.0:42901 - 0 ] INFO  ipc.Client (Client.java:handleConnectionFailure(1010)) - Retrying connect to server: 0.0.0.0/0.0.0.0:42901. Already tried 3 time(s); retry policy is RetryUpToMaximumCountWithFixedSleep(maxRetries=15, sleepTime=1000 MILLISECONDS)
2023-02-28 20:09:16,907 [Listener at 0.0.0.0/37543] INFO  om.OzoneManager (OzoneManager.java:instantiateServices(748)) - S3 Multi-Tenancy is disabled
2023-02-28 20:09:16,908 [Listener at 0.0.0.0/37543] WARN  server.ServerUtils (ServerUtils.java:getDBPath(225)) - ozone.om.snapshot.diff.db.dir is not configured. We recommend adding this setting. Falling back to ozone.metadata.dirs instead.
2023-02-28 20:09:16,922 [Listener at 0.0.0.0/37543] INFO  om.OzoneManager (OzoneManager.java:addS3GVolumeToDB(4215)) - Created Volume s3v With Owner runner required for S3Gateway operations.
2023-02-28 20:09:16,922 [Listener at 0.0.0.0/37543] WARN  server.ServerUtils (ServerUtils.java:getDefaultRatisDirectory(237)) - Storage directory for Ratis is not configured. It is a good idea to map this to an SSD disk. Falling back to ozone.metadata.dirs
2023-02-28 20:09:16,923 [Listener at 0.0.0.0/37543] WARN  utils.OzoneManagerRatisUtils (OzoneManagerRatisUtils.java:getOMRatisSnapshotDirectory(436)) - ozone.om.ratis.snapshot.dir is not configured. Falling back to ozone.metadata.dirs config
2023-02-28 20:09:16,923 [Listener at 0.0.0.0/37543] INFO  snapshot.OzoneManagerSnapshotProvider (OzoneManagerSnapshotProvider.java:<init>(76)) - Initializing OM Snapshot Provider
2023-02-28 20:09:16,924 [Listener at 0.0.0.0/37543] WARN  server.ServerUtils (ServerUtils.java:getDefaultRatisDirectory(237)) - Storage directory for Ratis is not configured. It is a good idea to map this to an SSD disk. Falling back to ozone.metadata.dirs
2023-02-28 20:09:16,930 [Listener at 0.0.0.0/37543] INFO  ratis.OzoneManagerRatisServer (OzoneManagerRatisServer.java:<init>(164)) - Instantiating OM Ratis server with groupID: om-service-test1 and peers: localhost:41453, localhost:41909, localhost:42001
2023-02-28 20:09:16,931 [Listener at 0.0.0.0/37543] INFO  ratis.OzoneManagerStateMachine (OzoneManagerStateMachine.java:loadSnapshotInfoFromDB(636)) - LastAppliedIndex is set from TransactionInfo from OM DB as (t:0, i:~)
2023-02-28 20:09:16,934 [Listener at 0.0.0.0/37543] INFO  server.RaftServer (ConfUtils.java:logGet(46)) - raft.rpc.type = GRPC (default)
2023-02-28 20:09:16,935 [Listener at 0.0.0.0/37543] INFO  grpc.GrpcConfigKeys (ConfUtils.java:logFallback(53)) - raft.grpc.admin.host = null (fallback to raft.grpc.server.host)
2023-02-28 20:09:16,935 [Listener at 0.0.0.0/37543] INFO  grpc.GrpcConfigKeys (ConfUtils.java:logFallback(53)) - raft.grpc.admin.port = 41453 (fallback to raft.grpc.server.port)
2023-02-28 20:09:16,935 [Listener at 0.0.0.0/37543] INFO  grpc.GrpcConfigKeys (ConfUtils.java:logFallback(53)) - raft.grpc.client.host = null (fallback to raft.grpc.server.host)
2023-02-28 20:09:16,935 [Listener at 0.0.0.0/37543] INFO  grpc.GrpcConfigKeys (ConfUtils.java:logFallback(53)) - raft.grpc.client.port = 41453 (fallback to raft.grpc.server.port)
2023-02-28 20:09:16,935 [Listener at 0.0.0.0/37543] INFO  grpc.GrpcConfigKeys (ConfUtils.java:logGet(46)) - raft.grpc.server.host = null (default)
2023-02-28 20:09:16,935 [Listener at 0.0.0.0/37543] INFO  grpc.GrpcConfigKeys (ConfUtils.java:logGet(46)) - raft.grpc.server.port = 41453 (custom)
2023-02-28 20:09:16,936 [Listener at 0.0.0.0/37543] INFO  server.GrpcService (ConfUtils.java:logGet(46)) - raft.grpc.message.size.max = 33554432 (custom)
2023-02-28 20:09:16,936 [Listener at 0.0.0.0/37543] INFO  server.RaftServerConfigKeys (ConfUtils.java:logGet(46)) - raft.server.log.appender.buffer.byte-limit = 33554432 (custom)
2023-02-28 20:09:16,936 [Listener at 0.0.0.0/37543] INFO  server.GrpcService (ConfUtils.java:logGet(46)) - raft.grpc.flow.control.window = 1MB (=1048576) (default)
2023-02-28 20:09:16,936 [Listener at 0.0.0.0/37543] INFO  server.RaftServerConfigKeys (ConfUtils.java:logGet(46)) - raft.server.rpc.request.timeout = 3000ms (default)
2023-02-28 20:09:16,937 [Listener at 0.0.0.0/37543] INFO  grpc.GrpcConfigKeys (ConfUtils.java:logGet(46)) - raft.grpc.server.heartbeat.channel = true (default)
2023-02-28 20:09:16,937 [Listener at 0.0.0.0/37543] INFO  grpc.GrpcConfigKeys (ConfUtils.java:logGet(46)) - raft.grpc.server.async.request.thread.pool.cached = true (default)
2023-02-28 20:09:16,937 [Listener at 0.0.0.0/37543] INFO  grpc.GrpcConfigKeys (ConfUtils.java:logGet(46)) - raft.grpc.server.async.request.thread.pool.size = 32 (default)
2023-02-28 20:09:16,939 [Listener at 0.0.0.0/37543] INFO  impl.DataStreamServerImpl (ConfUtils.java:logGet(46)) - raft.datastream.type = DISABLED (default)
2023-02-28 20:09:16,939 [Listener at 0.0.0.0/37543] INFO  server.RaftServerConfigKeys (ConfUtils.java:logGet(46)) - raft.server.threadpool.proxy.cached = true (default)
2023-02-28 20:09:16,939 [Listener at 0.0.0.0/37543] INFO  server.RaftServerConfigKeys (ConfUtils.java:logGet(46)) - raft.server.threadpool.proxy.size = 0 (default)
2023-02-28 20:09:16,939 [Listener at 0.0.0.0/37543] INFO  server.RaftServerConfigKeys (ConfUtils.java:logGet(46)) - raft.server.rpc.slowness.timeout = 2s (custom)
2023-02-28 20:09:16,939 [Listener at 0.0.0.0/37543] INFO  server.RaftServerConfigKeys (ConfUtils.java:logGet(46)) - raft.server.leaderelection.leader.step-down.wait-time = 10s (default)
2023-02-28 20:09:16,939 [Listener at 0.0.0.0/37543] INFO  server.RaftServerConfigKeys (ConfUtils.java:logGet(46)) - raft.server.storage.dir = [/home/runner/work/ozone/ozone/hadoop-ozone/integration-test/target/test-dir/MiniOzoneClusterImpl-58db5c20-d6df-4fe1-a747-1f1a0fc9447e/omNode-1/ratis] (custom)
2023-02-28 20:09:16,940 [Listener at 0.0.0.0/37543] INFO  server.RaftServer (RaftServerProxy.java:addNew(96)) - omNode-1: addNew group-523986131536:[omNode-3|rpc:localhost:41909|priority:0|startupRole:FOLLOWER, omNode-1|rpc:localhost:41453|priority:0|startupRole:FOLLOWER, omNode-2|rpc:localhost:42001|priority:0|startupRole:FOLLOWER] returns group-523986131536:java.util.concurrent.CompletableFuture@76226519[Not completed]
2023-02-28 20:09:16,940 [Listener at 0.0.0.0/37543] INFO  om.OzoneManager (OzoneManager.java:initializeRatisServer(2094)) - OzoneManager Ratis server initialized at port 41453
2023-02-28 20:09:16,940 [Listener at 0.0.0.0/37543] INFO  om.OzoneManager (OzoneManager.java:getRpcServer(1131)) - Creating RPC Server
2023-02-28 20:09:16,942 [pool-689-thread-1] INFO  server.RaftServer$Division (RaftServerImpl.java:<init>(195)) - omNode-1: new RaftServerImpl for group-523986131536:[omNode-3|rpc:localhost:41909|priority:0|startupRole:FOLLOWER, omNode-1|rpc:localhost:41453|priority:0|startupRole:FOLLOWER, omNode-2|rpc:localhost:42001|priority:0|startupRole:FOLLOWER] with OzoneManagerStateMachine:uninitialized
2023-02-28 20:09:16,942 [pool-689-thread-1] INFO  server.RaftServerConfigKeys (ConfUtils.java:logGet(46)) - raft.server.rpc.timeout.min = 1s (custom)
2023-02-28 20:09:16,942 [pool-689-thread-1] INFO  server.RaftServerConfigKeys (ConfUtils.java:logGet(46)) - raft.server.rpc.timeout.max = 1200ms (custom)
2023-02-28 20:09:16,942 [pool-689-thread-1] INFO  server.RaftServerConfigKeys (ConfUtils.java:logGet(46)) - raft.server.rpc.sleep.time = 25ms (default)
2023-02-28 20:09:16,942 [pool-689-thread-1] INFO  server.RaftServerConfigKeys (ConfUtils.java:logGet(46)) - raft.server.rpc.slowness.timeout = 2s (custom)
2023-02-28 20:09:16,942 [pool-689-thread-1] INFO  server.RaftServerConfigKeys (ConfUtils.java:logGet(46)) - raft.server.leaderelection.leader.step-down.wait-time = 10s (default)
2023-02-28 20:09:16,942 [pool-689-thread-1] INFO  server.RaftServerConfigKeys (ConfUtils.java:logGet(46)) - raft.server.sleep.deviation.threshold = 300ms (default)
2023-02-28 20:09:16,942 [pool-689-thread-1] INFO  server.RaftServer$Division (ServerState.java:<init>(118)) - omNode-1@group-523986131536: ConfigurationManager, init=-1: peers:[omNode-3|rpc:localhost:41909|priority:0|startupRole:FOLLOWER, omNode-1|rpc:localhost:41453|priority:0|startupRole:FOLLOWER, omNode-2|rpc:localhost:42001|priority:0|startupRole:FOLLOWER]|listeners:[], old=null, confs=<EMPTY_MAP>
2023-02-28 20:09:16,942 [pool-689-thread-1] INFO  server.RaftServerConfigKeys (ConfUtils.java:logGet(46)) - raft.server.storage.dir = [/home/runner/work/ozone/ozone/hadoop-ozone/integration-test/target/test-dir/MiniOzoneClusterImpl-58db5c20-d6df-4fe1-a747-1f1a0fc9447e/omNode-1/ratis] (custom)
2023-02-28 20:09:16,942 [pool-689-thread-1] INFO  server.RaftServerConfigKeys (ConfUtils.java:logGet(46)) - raft.server.log.corruption.policy = EXCEPTION (default)
2023-02-28 20:09:16,942 [pool-689-thread-1] INFO  server.RaftServerConfigKeys (ConfUtils.java:logGet(46)) - raft.server.storage.free-space.min = 0MB (=0) (default)
2023-02-28 20:09:16,943 [pool-689-thread-1] INFO  server.RaftServerConfigKeys (ConfUtils.java:logGet(46)) - raft.server.notification.no-leader.timeout = 2s (custom)
2023-02-28 20:09:16,943 [pool-689-thread-1] INFO  server.RaftServerConfigKeys (ConfUtils.java:logGet(46)) - raft.server.retrycache.expirytime = 300s (custom)
2023-02-28 20:09:16,943 [pool-689-thread-1] INFO  server.RaftServerConfigKeys (ConfUtils.java:logGet(46)) - raft.server.retrycache.statistics.expirytime = 100μs (default)
2023-02-28 20:09:16,947 [pool-689-thread-1] INFO  server.RaftServerConfigKeys (ConfUtils.java:logGet(46)) - raft.server.log.appender.install.snapshot.enabled = false (custom)
2023-02-28 20:09:16,947 [pool-689-thread-1] INFO  server.RaftServerConfigKeys (ConfUtils.java:logGet(46)) - raft.server.threadpool.server.cached = true (default)
2023-02-28 20:09:16,947 [pool-689-thread-1] INFO  server.RaftServerConfigKeys (ConfUtils.java:logGet(46)) - raft.server.threadpool.server.size = 0 (default)
2023-02-28 20:09:16,947 [pool-689-thread-1] INFO  server.RaftServerConfigKeys (ConfUtils.java:logGet(46)) - raft.server.threadpool.client.cached = true (default)
2023-02-28 20:09:16,947 [pool-689-thread-1] INFO  server.RaftServerConfigKeys (ConfUtils.java:logGet(46)) - raft.server.threadpool.client.size = 0 (default)
2023-02-28 20:09:17,367 [Listener at 0.0.0.0/37543] INFO  reflections.Reflections (Reflections.java:scan(232)) - Reflections took 426 ms to scan 19 urls, producing 68 keys and 4869 values [using 2 cores]
2023-02-28 20:09:17,368 [Listener at 0.0.0.0/37543] INFO  ipc.CallQueueManager (CallQueueManager.java:<init>(90)) - Using callQueue: class java.util.concurrent.LinkedBlockingQueue, queueCapacity: 2000, scheduler: class org.apache.hadoop.ipc.DefaultRpcScheduler, ipcBackoff: false.
2023-02-28 20:09:17,379 [Socket Reader #1 for port 36591] INFO  ipc.Server (Server.java:run(1273)) - Starting Socket Reader #1 for port 36591
2023-02-28 20:09:17,392 [Listener at 127.0.0.1/36591] INFO  impl.MetricsSystemImpl (MetricsSystemImpl.java:init(158)) - OzoneManager metrics system started (again)
2023-02-28 20:09:17,402 [Listener at 127.0.0.1/36591] INFO  om.OzoneManager (OzoneManager.java:start(1551)) - OzoneManager RPC server is listening at localhost/127.0.0.1:36591
2023-02-28 20:09:17,402 [Listener at 127.0.0.1/36591] INFO  ratis.OzoneManagerRatisServer (OzoneManagerRatisServer.java:start(559)) - Starting OzoneManagerRatisServer omNode-1 at port 41453
2023-02-28 20:09:17,403 [omNode-1-impl-thread1] INFO  storage.RaftStorageDirectory (RaftStorageDirectoryImpl.java:analyzeStorage(137)) - The storage directory /home/runner/work/ozone/ozone/hadoop-ozone/integration-test/target/test-dir/MiniOzoneClusterImpl-58db5c20-d6df-4fe1-a747-1f1a0fc9447e/omNode-1/ratis/c9bc4cf4-3bc3-3c60-a66b-523986131536 does not exist. Creating ...
2023-02-28 20:09:17,404 [omNode-1-impl-thread1] INFO  storage.RaftStorageDirectory (RaftStorageDirectoryImpl.java:tryLock(231)) - Lock on /home/runner/work/ozone/ozone/hadoop-ozone/integration-test/target/test-dir/MiniOzoneClusterImpl-58db5c20-d6df-4fe1-a747-1f1a0fc9447e/omNode-1/ratis/c9bc4cf4-3bc3-3c60-a66b-523986131536/in_use.lock acquired by nodename 61155@fv-az399-334
2023-02-28 20:09:17,405 [omNode-1-impl-thread1] INFO  storage.RaftStorage (RaftStorageImpl.java:format(96)) - Storage directory /home/runner/work/ozone/ozone/hadoop-ozone/integration-test/target/test-dir/MiniOzoneClusterImpl-58db5c20-d6df-4fe1-a747-1f1a0fc9447e/omNode-1/ratis/c9bc4cf4-3bc3-3c60-a66b-523986131536 has been successfully formatted.
2023-02-28 20:09:17,406 [omNode-1-impl-thread1] INFO  server.RaftServerConfigKeys (ConfUtils.java:logGet(46)) - raft.server.log.use.memory = false (default)
2023-02-28 20:09:17,406 [omNode-1-impl-thread1] INFO  server.RaftServerConfigKeys (ConfUtils.java:logGet(46)) - raft.server.log.purge.gap = 1000000 (custom)
2023-02-28 20:09:17,406 [omNode-1-impl-thread1] INFO  server.RaftServerConfigKeys (ConfUtils.java:logGet(46)) - raft.server.log.appender.buffer.byte-limit = 33554432 (custom)
2023-02-28 20:09:17,406 [omNode-1-impl-thread1] INFO  server.RaftServerConfigKeys (ConfUtils.java:logGet(46)) - raft.server.log.statemachine.data.read.timeout = 1000ms (default)
2023-02-28 20:09:17,406 [omNode-1-impl-thread1] INFO  server.RaftServerConfigKeys (ConfUtils.java:logGet(46)) - raft.server.log.purge.preservation.log.num = 0 (default)
2023-02-28 20:09:17,406 [omNode-1-impl-thread1] INFO  server.RaftServerConfigKeys (ConfUtils.java:logGet(46)) - raft.server.log.segment.size.max = 4194304 (custom)
2023-02-28 20:09:17,406 [omNode-1-impl-thread1] INFO  server.RaftServerConfigKeys (ConfUtils.java:logGet(46)) - raft.server.log.segment.cache.num.max = 2 (custom)
2023-02-28 20:09:17,406 [omNode-1-impl-thread1] INFO  server.RaftServerConfigKeys (ConfUtils.java:logGet(46)) - raft.server.log.segment.cache.size.max = 200MB (=209715200) (default)
2023-02-28 20:09:17,406 [omNode-1-impl-thread1] INFO  segmented.SegmentedRaftLogWorker (SegmentedRaftLogWorker.java:<init>(189)) - new omNode-1@group-523986131536-SegmentedRaftLogWorker for RaftStorageImpl:Storage Directory /home/runner/work/ozone/ozone/hadoop-ozone/integration-test/target/test-dir/MiniOzoneClusterImpl-58db5c20-d6df-4fe1-a747-1f1a0fc9447e/omNode-1/ratis/c9bc4cf4-3bc3-3c60-a66b-523986131536
2023-02-28 20:09:17,407 [omNode-1-impl-thread1] INFO  server.RaftServerConfigKeys (ConfUtils.java:logGet(46)) - raft.server.log.queue.byte-limit = 64MB (=67108864) (default)
2023-02-28 20:09:17,407 [omNode-1-impl-thread1] INFO  server.RaftServerConfigKeys (ConfUtils.java:logGet(46)) - raft.server.log.queue.element-limit = 4096 (default)
2023-02-28 20:09:17,407 [omNode-1-impl-thread1] INFO  server.RaftServerConfigKeys (ConfUtils.java:logGet(46)) - raft.server.log.segment.size.max = 4194304 (custom)
2023-02-28 20:09:17,407 [omNode-1-impl-thread1] INFO  server.RaftServerConfigKeys (ConfUtils.java:logGet(46)) - raft.server.log.preallocated.size = 4194304 (custom)
2023-02-28 20:09:17,407 [omNode-1-impl-thread1] INFO  server.RaftServerConfigKeys (ConfUtils.java:logGet(46)) - raft.server.log.force.sync.num = 128 (default)
2023-02-28 20:09:17,407 [omNode-1-impl-thread1] INFO  server.RaftServerConfigKeys (ConfUtils.java:logGet(46)) - raft.server.log.statemachine.data.sync = true (default)
2023-02-28 20:09:17,407 [omNode-1-impl-thread1] INFO  server.RaftServerConfigKeys (ConfUtils.java:logGet(46)) - raft.server.log.statemachine.data.sync.timeout = 10s (default)
2023-02-28 20:09:17,407 [omNode-1-impl-thread1] INFO  server.RaftServerConfigKeys (ConfUtils.java:logGet(46)) - raft.server.log.statemachine.data.sync.timeout.retry = -1 (default)
2023-02-28 20:09:17,407 [omNode-1-impl-thread1] INFO  server.RaftServerConfigKeys (ConfUtils.java:logGet(46)) - raft.server.log.write.buffer.size = 64KB (=65536) (default)
2023-02-28 20:09:17,407 [omNode-1-impl-thread1] INFO  server.RaftServerConfigKeys (ConfUtils.java:logGet(46)) - raft.server.log.appender.buffer.byte-limit = 33554432 (custom)
2023-02-28 20:09:17,412 [omNode-1-impl-thread1] INFO  server.RaftServerConfigKeys (ConfUtils.java:logGet(46)) - raft.server.log.unsafe-flush.enabled = false (default)
2023-02-28 20:09:17,412 [omNode-1-impl-thread1] INFO  server.RaftServerConfigKeys (ConfUtils.java:logGet(46)) - raft.server.log.async-flush.enabled = false (default)
2023-02-28 20:09:17,412 [omNode-1-impl-thread1] INFO  server.RaftServerConfigKeys (ConfUtils.java:logGet(46)) - raft.server.log.statemachine.data.caching.enabled = false (default)
2023-02-28 20:09:17,412 [omNode-1-impl-thread1] INFO  segmented.SegmentedRaftLogWorker (SegmentedRaftLogWorker.java:lambda$new$0(135)) - omNode-1@group-523986131536-SegmentedRaftLogWorker: flushIndex: setUnconditionally 0 -> -1
2023-02-28 20:09:17,412 [omNode-1-impl-thread1] INFO  segmented.SegmentedRaftLogWorker (SegmentedRaftLogWorker.java:lambda$new$0(135)) - omNode-1@group-523986131536-SegmentedRaftLogWorker: safeCacheEvictIndex: setUnconditionally 0 -> -1
2023-02-28 20:09:17,413 [omNode-1-impl-thread1] INFO  server.RaftServer$Division (RaftServerImpl.java:start(334)) - omNode-1@group-523986131536: start as a follower, conf=-1: peers:[omNode-3|rpc:localhost:41909|priority:0|startupRole:FOLLOWER, omNode-1|rpc:localhost:41453|priority:0|startupRole:FOLLOWER, omNode-2|rpc:localhost:42001|priority:0|startupRole:FOLLOWER]|listeners:[], old=null
2023-02-28 20:09:17,413 [omNode-1-impl-thread1] INFO  server.RaftServer$Division (RaftServerImpl.java:setRole(321)) - omNode-1@group-523986131536: changes role from      null to FOLLOWER at term 0 for startAsFollower
2023-02-28 20:09:17,413 [omNode-1-impl-thread1] INFO  impl.RoleInfo (RoleInfo.java:updateAndGet(139)) - omNode-1: start omNode-1@group-523986131536-FollowerState
2023-02-28 20:09:17,414 [omNode-1-impl-thread1] INFO  util.JmxRegister (JmxRegister.java:tryRegister(44)) - Successfully registered JMX Bean with object name Ratis:service=RaftServer,group=group-523986131536,id=omNode-1
2023-02-28 20:09:17,414 [omNode-1-impl-thread1] INFO  server.RaftServerConfigKeys (ConfUtils.java:logGet(46)) - raft.server.snapshot.auto.trigger.enabled = true (custom)
2023-02-28 20:09:17,414 [omNode-1-impl-thread1] INFO  server.RaftServerConfigKeys (ConfUtils.java:logGet(46)) - raft.server.snapshot.auto.trigger.threshold = 400000 (default)
2023-02-28 20:09:17,414 [omNode-1-impl-thread1] INFO  server.RaftServerConfigKeys (ConfUtils.java:logGet(46)) - raft.server.snapshot.retention.file.num = -1 (default)
2023-02-28 20:09:17,415 [omNode-1-impl-thread1] INFO  server.RaftServerConfigKeys (ConfUtils.java:logGet(46)) - raft.server.log.purge.upto.snapshot.index = true (custom)
2023-02-28 20:09:17,416 [omNode-1@group-523986131536-FollowerState] INFO  server.RaftServerConfigKeys (ConfUtils.java:logFallback(53)) - raft.server.rpc.first-election.timeout.min = 1s (fallback to raft.server.rpc.timeout.min)
2023-02-28 20:09:17,416 [omNode-1@group-523986131536-FollowerState] INFO  server.RaftServerConfigKeys (ConfUtils.java:logFallback(53)) - raft.server.rpc.first-election.timeout.max = 1200ms (fallback to raft.server.rpc.timeout.max)
2023-02-28 20:09:17,417 [Listener at 127.0.0.1/36591] INFO  server.RaftServer (RaftServerProxy.java:startImpl(393)) - omNode-1: start RPC server
2023-02-28 20:09:17,422 [Listener at 127.0.0.1/36591] INFO  server.GrpcService (GrpcService.java:startImpl(262)) - omNode-1: GrpcService started, listening on 41453
2023-02-28 20:09:17,426 [Listener at 127.0.0.1/36591] INFO  om.OzoneManager (OzoneManager.java:start(1567)) - Version File has different layout version (3) than OM DB (null). That is expected if this OM has never been finalized to a newer layout version.
2023-02-28 20:09:17,427 [JvmPauseMonitor6] INFO  util.JvmPauseMonitor (JvmPauseMonitor.java:run(105)) - JvmPauseMonitor-omNode-1: Started
2023-02-28 20:09:17,428 [Listener at 127.0.0.1/36591] INFO  http.BaseHttpServer (BaseHttpServer.java:newHttpServer2BuilderForOzone(213)) - Starting Web-server for ozoneManager at: http://0.0.0.0:46371
2023-02-28 20:09:17,428 [Listener at 127.0.0.1/36591] INFO  http.BaseHttpServer (BaseHttpServer.java:<init>(108)) - Hadoop Security Enabled: false Ozone Security Enabled: false Ozone HTTP Security Enabled: false 
2023-02-28 20:09:17,430 [Listener at 127.0.0.1/36591] WARN  server.AuthenticationFilter (AuthenticationFilter.java:constructSecretProvider(240)) - Unable to initialize FileSignerSecretProvider, falling back to use random secrets. Reason: Could not read signature secret file: /home/runner/hadoop-http-auth-signature-secret
2023-02-28 20:09:17,430 [Listener at 127.0.0.1/36591] WARN  http.HttpRequestLog (HttpRequestLog.java:getRequestLog(103)) - Jetty request log can only be enabled using Log4j
2023-02-28 20:09:17,432 [Listener at 127.0.0.1/36591] INFO  http.HttpServer2 (HttpServer2.java:addGlobalFilter(1031)) - Added global filter 'safety' (class=org.apache.hadoop.hdds.server.http.HttpServer2$QuotingInputFilter)
2023-02-28 20:09:17,432 [Listener at 127.0.0.1/36591] INFO  http.HttpServer2 (HttpServer2.java:addFilter(1007)) - Added filter static_user_filter (class=org.apache.hadoop.http.lib.StaticUserWebFilter$StaticUserFilter) to context ozoneManager
2023-02-28 20:09:17,432 [Listener at 127.0.0.1/36591] INFO  http.HttpServer2 (HttpServer2.java:addFilter(1015)) - Added filter static_user_filter (class=org.apache.hadoop.http.lib.StaticUserWebFilter$StaticUserFilter) to context logs
2023-02-28 20:09:17,432 [Listener at 127.0.0.1/36591] INFO  http.HttpServer2 (HttpServer2.java:addFilter(1015)) - Added filter static_user_filter (class=org.apache.hadoop.http.lib.StaticUserWebFilter$StaticUserFilter) to context static
2023-02-28 20:09:17,433 [Listener at 127.0.0.1/36591] INFO  http.HttpServer2 (HttpServer2.java:bindListener(1250)) - Jetty bound to port 46371
2023-02-28 20:09:17,433 [Listener at 127.0.0.1/36591] INFO  server.Server (Server.java:doStart(375)) - jetty-9.4.49.v20220914; built: 2022-09-14T01:07:36.601Z; git: 4231a3b2e4cb8548a412a789936d640a97b1aa0a; jvm 1.8.0_362-b09
2023-02-28 20:09:17,434 [Listener at 127.0.0.1/36591] INFO  server.session (DefaultSessionIdManager.java:doStart(334)) - DefaultSessionIdManager workerName=node0
2023-02-28 20:09:17,434 [Listener at 127.0.0.1/36591] INFO  server.session (DefaultSessionIdManager.java:doStart(339)) - No SessionScavenger set, using defaults
2023-02-28 20:09:17,435 [Listener at 127.0.0.1/36591] INFO  server.session (HouseKeeper.java:startScavenging(132)) - node0 Scavenging every 600000ms
2023-02-28 20:09:17,435 [Listener at 127.0.0.1/36591] INFO  handler.ContextHandler (ContextHandler.java:doStart(921)) - Started o.e.j.s.ServletContextHandler@5f1f24e3{logs,/logs,file:///home/runner/work/ozone/ozone/hadoop-ozone/integration-test/target/log,AVAILABLE}
2023-02-28 20:09:17,436 [Listener at 127.0.0.1/36591] INFO  handler.ContextHandler (ContextHandler.java:doStart(921)) - Started o.e.j.s.ServletContextHandler@5a170a6b{static,/static,file:///home/runner/work/ozone/ozone/hadoop-ozone/integration-test/target/test-classes/webapps/static,AVAILABLE}
2023-02-28 20:09:17,439 [Listener at 127.0.0.1/36591] INFO  handler.ContextHandler (ContextHandler.java:doStart(921)) - Started o.e.j.w.WebAppContext@2d247806{ozoneManager,/,file:///home/runner/work/ozone/ozone/hadoop-ozone/integration-test/target/test-classes/webapps/ozoneManager/,AVAILABLE}{file:/home/runner/work/ozone/ozone/hadoop-ozone/integration-test/target/test-classes/webapps/ozoneManager}
2023-02-28 20:09:17,441 [Listener at 127.0.0.1/36591] INFO  server.AbstractConnector (AbstractConnector.java:doStart(333)) - Started ServerConnector@2794b25f{HTTP/1.1, (http/1.1)}{0.0.0.0:46371}
2023-02-28 20:09:17,441 [Listener at 127.0.0.1/36591] INFO  server.Server (Server.java:doStart(415)) - Started @66125ms
2023-02-28 20:09:17,441 [Listener at 127.0.0.1/36591] WARN  impl.MetricsSystemImpl (MetricsSystemImpl.java:register(279)) - Sink prometheus already exists!
2023-02-28 20:09:17,441 [Listener at 127.0.0.1/36591] INFO  http.BaseHttpServer (BaseHttpServer.java:updateConnectorAddress(333)) - HTTP server of ozoneManager listening at http://0.0.0.0:46371
2023-02-28 20:09:17,442 [IPC Server Responder] INFO  ipc.Server (Server.java:run(1512)) - IPC Server Responder: starting
2023-02-28 20:09:17,443 [IPC Server listener on 36591] INFO  ipc.Server (Server.java:run(1352)) - IPC Server listener on 36591: starting
2023-02-28 20:09:17,447 [Listener at 127.0.0.1/36591] INFO  om.OzoneManager (OzoneManager.java:startTrashEmptier(2038)) - Trash Interval set to 0. Files deleted won't move to trash
2023-02-28 20:09:17,447 [Listener at 127.0.0.1/36591] INFO  ozone.MiniOzoneHAClusterImpl (MiniOzoneHAClusterImpl.java:createOMService(527)) - Started OzoneManager omNode-1 RPC server at localhost/127.0.0.1:36591
2023-02-28 20:09:17,447 [org.apache.hadoop.util.JvmPauseMonitor$Monitor@789999b5] INFO  util.JvmPauseMonitor (JvmPauseMonitor.java:run(188)) - Starting JVM pause monitor
2023-02-28 20:09:17,448 [Listener at 127.0.0.1/36591] INFO  ha.OMHANodeDetails (OMHANodeDetails.java:loadOMHAConfig(121)) - ServiceID for OzoneManager is om-service-test1
2023-02-28 20:09:17,448 [Listener at 127.0.0.1/36591] INFO  ha.OMHANodeDetails (OMHANodeDetails.java:loadOMHAConfig(201)) - Found matching OM address with OMServiceId: om-service-test1, OMNodeId: omNode-2, RPC Address: localhost:41265 and Ratis port: 42001
2023-02-28 20:09:17,448 [Listener at 127.0.0.1/36591] INFO  ha.OMHANodeDetails (ConfUtils.java:setNodeSpecificConfigs(97)) - Setting configuration key ozone.om.http-address with value of key ozone.om.http-address.om-service-test1.omNode-2: 127.0.0.1:36491
2023-02-28 20:09:17,448 [Listener at 127.0.0.1/36591] INFO  ha.OMHANodeDetails (ConfUtils.java:setNodeSpecificConfigs(97)) - Setting configuration key ozone.om.https-address with value of key ozone.om.https-address.om-service-test1.omNode-2: 127.0.0.1:38545
2023-02-28 20:09:17,448 [Listener at 127.0.0.1/36591] INFO  ha.OMHANodeDetails (ConfUtils.java:setNodeSpecificConfigs(97)) - Setting configuration key ozone.om.address with value of key ozone.om.address.om-service-test1.omNode-2: 127.0.0.1:41265
2023-02-28 20:09:17,449 [Listener at 127.0.0.1/36591] WARN  server.ServerUtils (ServerUtils.java:getDBPath(225)) - ozone.om.db.dirs is not configured. We recommend adding this setting. Falling back to ozone.metadata.dirs instead.
2023-02-28 20:09:17,450 [Listener at 127.0.0.1/36591] INFO  proxy.SCMBlockLocationFailoverProxyProvider (SCMBlockLocationFailoverProxyProvider.java:<init>(114)) - Created block location fail-over proxy with 1 nodes: [nodeId=scmNodeId,nodeAddress=/0.0.0.0:33059]
OM initialization succeeded.Current cluster id for sd=/home/runner/work/ozone/ozone/hadoop-ozone/integration-test/target/test-dir/MiniOzoneClusterImpl-58db5c20-d6df-4fe1-a747-1f1a0fc9447e/omNode-2/om;cid=58db5c20-d6df-4fe1-a747-1f1a0fc9447e;layoutVersion=3
2023-02-28 20:09:17,469 [Listener at 127.0.0.1/36591] INFO  ha.OMHANodeDetails (OMHANodeDetails.java:loadOMHAConfig(121)) - ServiceID for OzoneManager is om-service-test1
2023-02-28 20:09:17,470 [Listener at 127.0.0.1/36591] INFO  ha.OMHANodeDetails (OMHANodeDetails.java:loadOMHAConfig(201)) - Found matching OM address with OMServiceId: om-service-test1, OMNodeId: omNode-2, RPC Address: localhost:41265 and Ratis port: 42001
2023-02-28 20:09:17,470 [Listener at 127.0.0.1/36591] INFO  ha.OMHANodeDetails (ConfUtils.java:setNodeSpecificConfigs(97)) - Setting configuration key ozone.om.http-address with value of key ozone.om.http-address.om-service-test1.omNode-2: 127.0.0.1:36491
2023-02-28 20:09:17,470 [Listener at 127.0.0.1/36591] INFO  ha.OMHANodeDetails (ConfUtils.java:setNodeSpecificConfigs(97)) - Setting configuration key ozone.om.https-address with value of key ozone.om.https-address.om-service-test1.omNode-2: 127.0.0.1:38545
2023-02-28 20:09:17,470 [Listener at 127.0.0.1/36591] INFO  ha.OMHANodeDetails (ConfUtils.java:setNodeSpecificConfigs(97)) - Setting configuration key ozone.om.address with value of key ozone.om.address.om-service-test1.omNode-2: 127.0.0.1:41265
2023-02-28 20:09:17,470 [Listener at 127.0.0.1/36591] WARN  server.ServerUtils (ServerUtils.java:getDBPath(225)) - ozone.om.db.dirs is not configured. We recommend adding this setting. Falling back to ozone.metadata.dirs instead.
2023-02-28 20:09:17,473 [Listener at 127.0.0.1/36591] INFO  upgrade.AbstractLayoutVersionManager (AbstractLayoutVersionManager.java:init(83)) - Initializing Layout version manager with metadata layout = MULTITENANCY_SCHEMA (version = 3), software layout = MULTITENANCY_SCHEMA (version = 3)
2023-02-28 20:09:17,537 [Listener at 127.0.0.1/36591] INFO  reflections.Reflections (Reflections.java:scan(232)) - Reflections took 63 ms to scan 2 urls, producing 167 keys and 459 values [using 2 cores]
2023-02-28 20:09:17,537 [Listener at 127.0.0.1/36591] INFO  upgrade.OMLayoutVersionManager (OMLayoutVersionManager.java:lambda$0(115)) - Skipping Upgrade Action MockOmUpgradeAction since it has been finalized.
2023-02-28 20:09:17,537 [Listener at 127.0.0.1/36591] WARN  server.ServerUtils (ServerUtils.java:getDBPath(225)) - ozone.om.db.dirs is not configured. We recommend adding this setting. Falling back to ozone.metadata.dirs instead.
2023-02-28 20:09:17,538 [Listener at 127.0.0.1/36591] INFO  proxy.SCMBlockLocationFailoverProxyProvider (SCMBlockLocationFailoverProxyProvider.java:<init>(114)) - Created block location fail-over proxy with 1 nodes: [nodeId=scmNodeId,nodeAddress=/0.0.0.0:33059]
2023-02-28 20:09:17,540 [Listener at 127.0.0.1/36591] INFO  proxy.SCMBlockLocationFailoverProxyProvider (SCMBlockLocationFailoverProxyProvider.java:<init>(114)) - Created block location fail-over proxy with 1 nodes: [nodeId=scmNodeId,nodeAddress=/0.0.0.0:33059]
2023-02-28 20:09:17,549 [Listener at 127.0.0.1/36591] INFO  om.OzoneManager (OzoneManager.java:<init>(618)) - OM start with adminUsers: [runner]
2023-02-28 20:09:17,550 [Listener at 127.0.0.1/36591] WARN  server.ServerUtils (ServerUtils.java:getDBPath(225)) - ozone.om.db.dirs is not configured. We recommend adding this setting. Falling back to ozone.metadata.dirs instead.
2023-02-28 20:09:17,550 [Listener at 127.0.0.1/36591] INFO  codec.OmKeyInfoCodec (OmKeyInfoCodec.java:<init>(49)) - OmKeyInfoCodec ignorePipeline = true
2023-02-28 20:09:17,550 [Listener at 127.0.0.1/36591] INFO  codec.RepeatedOmKeyInfoCodec (RepeatedOmKeyInfoCodec.java:<init>(41)) - RepeatedOmKeyInfoCodec ignorePipeline = true
2023-02-28 20:09:17,734 [Listener at 127.0.0.1/36591] INFO  om.OzoneManager (OzoneManager.java:instantiateServices(748)) - S3 Multi-Tenancy is disabled
2023-02-28 20:09:17,736 [Listener at 127.0.0.1/36591] WARN  server.ServerUtils (ServerUtils.java:getDBPath(225)) - ozone.om.snapshot.diff.db.dir is not configured. We recommend adding this setting. Falling back to ozone.metadata.dirs instead.
2023-02-28 20:09:17,758 [Listener at 127.0.0.1/36591] INFO  om.OzoneManager (OzoneManager.java:addS3GVolumeToDB(4215)) - Created Volume s3v With Owner runner required for S3Gateway operations.
2023-02-28 20:09:17,758 [Listener at 127.0.0.1/36591] WARN  server.ServerUtils (ServerUtils.java:getDefaultRatisDirectory(237)) - Storage directory for Ratis is not configured. It is a good idea to map this to an SSD disk. Falling back to ozone.metadata.dirs
2023-02-28 20:09:17,758 [Listener at 127.0.0.1/36591] WARN  utils.OzoneManagerRatisUtils (OzoneManagerRatisUtils.java:getOMRatisSnapshotDirectory(436)) - ozone.om.ratis.snapshot.dir is not configured. Falling back to ozone.metadata.dirs config
2023-02-28 20:09:17,759 [Listener at 127.0.0.1/36591] INFO  snapshot.OzoneManagerSnapshotProvider (OzoneManagerSnapshotProvider.java:<init>(76)) - Initializing OM Snapshot Provider
2023-02-28 20:09:17,761 [Listener at 127.0.0.1/36591] WARN  impl.MetricRegistriesImpl (MetricRegistriesImpl.java:addReporterRegistration(111)) - New reporters are added after registries were created. Some metrics will be missing from the reporter. Please add reporter before adding any new registry.
2023-02-28 20:09:17,761 [Listener at 127.0.0.1/36591] WARN  impl.MetricRegistriesImpl (MetricRegistriesImpl.java:addReporterRegistration(111)) - New reporters are added after registries were created. Some metrics will be missing from the reporter. Please add reporter before adding any new registry.
2023-02-28 20:09:17,761 [Listener at 127.0.0.1/36591] WARN  server.ServerUtils (ServerUtils.java:getDefaultRatisDirectory(237)) - Storage directory for Ratis is not configured. It is a good idea to map this to an SSD disk. Falling back to ozone.metadata.dirs
2023-02-28 20:09:17,763 [Listener at 127.0.0.1/36591] INFO  ratis.OzoneManagerRatisServer (OzoneManagerRatisServer.java:<init>(164)) - Instantiating OM Ratis server with groupID: om-service-test1 and peers: localhost:42001, localhost:41909, localhost:41453
2023-02-28 20:09:17,763 [Listener at 127.0.0.1/36591] INFO  ratis.OzoneManagerStateMachine (OzoneManagerStateMachine.java:loadSnapshotInfoFromDB(636)) - LastAppliedIndex is set from TransactionInfo from OM DB as (t:0, i:~)
2023-02-28 20:09:17,764 [Listener at 127.0.0.1/36591] INFO  server.RaftServer (ConfUtils.java:logGet(46)) - raft.rpc.type = GRPC (default)
2023-02-28 20:09:17,764 [Listener at 127.0.0.1/36591] INFO  grpc.GrpcConfigKeys (ConfUtils.java:logFallback(53)) - raft.grpc.admin.host = null (fallback to raft.grpc.server.host)
2023-02-28 20:09:17,765 [Listener at 127.0.0.1/36591] INFO  grpc.GrpcConfigKeys (ConfUtils.java:logFallback(53)) - raft.grpc.admin.port = 42001 (fallback to raft.grpc.server.port)
2023-02-28 20:09:17,765 [Listener at 127.0.0.1/36591] INFO  grpc.GrpcConfigKeys (ConfUtils.java:logFallback(53)) - raft.grpc.client.host = null (fallback to raft.grpc.server.host)
2023-02-28 20:09:17,765 [Listener at 127.0.0.1/36591] INFO  grpc.GrpcConfigKeys (ConfUtils.java:logFallback(53)) - raft.grpc.client.port = 42001 (fallback to raft.grpc.server.port)
2023-02-28 20:09:17,765 [Listener at 127.0.0.1/36591] INFO  grpc.GrpcConfigKeys (ConfUtils.java:logGet(46)) - raft.grpc.server.host = null (default)
2023-02-28 20:09:17,765 [Listener at 127.0.0.1/36591] INFO  grpc.GrpcConfigKeys (ConfUtils.java:logGet(46)) - raft.grpc.server.port = 42001 (custom)
2023-02-28 20:09:17,765 [Listener at 127.0.0.1/36591] INFO  server.GrpcService (ConfUtils.java:logGet(46)) - raft.grpc.message.size.max = 33554432 (custom)
2023-02-28 20:09:17,766 [Listener at 127.0.0.1/36591] INFO  server.RaftServerConfigKeys (ConfUtils.java:logGet(46)) - raft.server.log.appender.buffer.byte-limit = 33554432 (custom)
2023-02-28 20:09:17,766 [Listener at 127.0.0.1/36591] INFO  server.GrpcService (ConfUtils.java:logGet(46)) - raft.grpc.flow.control.window = 1MB (=1048576) (default)
2023-02-28 20:09:17,766 [Listener at 127.0.0.1/36591] INFO  server.RaftServerConfigKeys (ConfUtils.java:logGet(46)) - raft.server.rpc.request.timeout = 3000ms (default)
2023-02-28 20:09:17,766 [Listener at 127.0.0.1/36591] INFO  grpc.GrpcConfigKeys (ConfUtils.java:logGet(46)) - raft.grpc.server.heartbeat.channel = true (default)
2023-02-28 20:09:17,766 [Listener at 127.0.0.1/36591] INFO  grpc.GrpcConfigKeys (ConfUtils.java:logGet(46)) - raft.grpc.server.async.request.thread.pool.cached = true (default)
2023-02-28 20:09:17,766 [Listener at 127.0.0.1/36591] INFO  grpc.GrpcConfigKeys (ConfUtils.java:logGet(46)) - raft.grpc.server.async.request.thread.pool.size = 32 (default)
2023-02-28 20:09:17,769 [Listener at 127.0.0.1/36591] INFO  impl.DataStreamServerImpl (ConfUtils.java:logGet(46)) - raft.datastream.type = DISABLED (default)
2023-02-28 20:09:17,769 [Listener at 127.0.0.1/36591] INFO  server.RaftServerConfigKeys (ConfUtils.java:logGet(46)) - raft.server.threadpool.proxy.cached = true (default)
2023-02-28 20:09:17,769 [Listener at 127.0.0.1/36591] INFO  server.RaftServerConfigKeys (ConfUtils.java:logGet(46)) - raft.server.threadpool.proxy.size = 0 (default)
2023-02-28 20:09:17,769 [Listener at 127.0.0.1/36591] INFO  server.RaftServerConfigKeys (ConfUtils.java:logGet(46)) - raft.server.rpc.slowness.timeout = 2s (custom)
2023-02-28 20:09:17,770 [Listener at 127.0.0.1/36591] INFO  server.RaftServerConfigKeys (ConfUtils.java:logGet(46)) - raft.server.leaderelection.leader.step-down.wait-time = 10s (default)
2023-02-28 20:09:17,770 [Listener at 127.0.0.1/36591] INFO  server.RaftServerConfigKeys (ConfUtils.java:logGet(46)) - raft.server.storage.dir = [/home/runner/work/ozone/ozone/hadoop-ozone/integration-test/target/test-dir/MiniOzoneClusterImpl-58db5c20-d6df-4fe1-a747-1f1a0fc9447e/omNode-2/ratis] (custom)
2023-02-28 20:09:17,774 [Listener at 127.0.0.1/36591] INFO  server.RaftServer (RaftServerProxy.java:addNew(96)) - omNode-2: addNew group-523986131536:[omNode-3|rpc:localhost:41909|priority:0|startupRole:FOLLOWER, omNode-1|rpc:localhost:41453|priority:0|startupRole:FOLLOWER, omNode-2|rpc:localhost:42001|priority:0|startupRole:FOLLOWER] returns group-523986131536:java.util.concurrent.CompletableFuture@124227c1[Not completed]
2023-02-28 20:09:17,774 [Listener at 127.0.0.1/36591] INFO  om.OzoneManager (OzoneManager.java:initializeRatisServer(2094)) - OzoneManager Ratis server initialized at port 42001
2023-02-28 20:09:17,775 [Listener at 127.0.0.1/36591] INFO  om.OzoneManager (OzoneManager.java:getRpcServer(1131)) - Creating RPC Server
2023-02-28 20:09:17,777 [pool-716-thread-1] INFO  server.RaftServer$Division (RaftServerImpl.java:<init>(195)) - omNode-2: new RaftServerImpl for group-523986131536:[omNode-3|rpc:localhost:41909|priority:0|startupRole:FOLLOWER, omNode-1|rpc:localhost:41453|priority:0|startupRole:FOLLOWER, omNode-2|rpc:localhost:42001|priority:0|startupRole:FOLLOWER] with OzoneManagerStateMachine:uninitialized
2023-02-28 20:09:17,777 [pool-716-thread-1] INFO  server.RaftServerConfigKeys (ConfUtils.java:logGet(46)) - raft.server.rpc.timeout.min = 1s (custom)
2023-02-28 20:09:17,777 [pool-716-thread-1] INFO  server.RaftServerConfigKeys (ConfUtils.java:logGet(46)) - raft.server.rpc.timeout.max = 1200ms (custom)
2023-02-28 20:09:17,777 [pool-716-thread-1] INFO  server.RaftServerConfigKeys (ConfUtils.java:logGet(46)) - raft.server.rpc.sleep.time = 25ms (default)
2023-02-28 20:09:17,777 [pool-716-thread-1] INFO  server.RaftServerConfigKeys (ConfUtils.java:logGet(46)) - raft.server.rpc.slowness.timeout = 2s (custom)
2023-02-28 20:09:17,777 [pool-716-thread-1] INFO  server.RaftServerConfigKeys (ConfUtils.java:logGet(46)) - raft.server.leaderelection.leader.step-down.wait-time = 10s (default)
2023-02-28 20:09:17,777 [pool-716-thread-1] INFO  server.RaftServerConfigKeys (ConfUtils.java:logGet(46)) - raft.server.sleep.deviation.threshold = 300ms (default)
2023-02-28 20:09:17,777 [pool-716-thread-1] INFO  server.RaftServer$Division (ServerState.java:<init>(118)) - omNode-2@group-523986131536: ConfigurationManager, init=-1: peers:[omNode-3|rpc:localhost:41909|priority:0|startupRole:FOLLOWER, omNode-1|rpc:localhost:41453|priority:0|startupRole:FOLLOWER, omNode-2|rpc:localhost:42001|priority:0|startupRole:FOLLOWER]|listeners:[], old=null, confs=<EMPTY_MAP>
2023-02-28 20:09:17,777 [pool-716-thread-1] INFO  server.RaftServerConfigKeys (ConfUtils.java:logGet(46)) - raft.server.storage.dir = [/home/runner/work/ozone/ozone/hadoop-ozone/integration-test/target/test-dir/MiniOzoneClusterImpl-58db5c20-d6df-4fe1-a747-1f1a0fc9447e/omNode-2/ratis] (custom)
2023-02-28 20:09:17,777 [pool-716-thread-1] INFO  server.RaftServerConfigKeys (ConfUtils.java:logGet(46)) - raft.server.log.corruption.policy = EXCEPTION (default)
2023-02-28 20:09:17,778 [pool-716-thread-1] INFO  server.RaftServerConfigKeys (ConfUtils.java:logGet(46)) - raft.server.storage.free-space.min = 0MB (=0) (default)
2023-02-28 20:09:17,778 [pool-716-thread-1] INFO  server.RaftServerConfigKeys (ConfUtils.java:logGet(46)) - raft.server.notification.no-leader.timeout = 2s (custom)
2023-02-28 20:09:17,778 [pool-716-thread-1] INFO  server.RaftServerConfigKeys (ConfUtils.java:logGet(46)) - raft.server.retrycache.expirytime = 300s (custom)
2023-02-28 20:09:17,778 [pool-716-thread-1] INFO  server.RaftServerConfigKeys (ConfUtils.java:logGet(46)) - raft.server.retrycache.statistics.expirytime = 100μs (default)
2023-02-28 20:09:17,779 [pool-716-thread-1] INFO  server.RaftServerConfigKeys (ConfUtils.java:logGet(46)) - raft.server.log.appender.install.snapshot.enabled = false (custom)
2023-02-28 20:09:17,779 [pool-716-thread-1] INFO  server.RaftServerConfigKeys (ConfUtils.java:logGet(46)) - raft.server.threadpool.server.cached = true (default)
2023-02-28 20:09:17,779 [pool-716-thread-1] INFO  server.RaftServerConfigKeys (ConfUtils.java:logGet(46)) - raft.server.threadpool.server.size = 0 (default)
2023-02-28 20:09:17,779 [pool-716-thread-1] INFO  server.RaftServerConfigKeys (ConfUtils.java:logGet(46)) - raft.server.threadpool.client.cached = true (default)
2023-02-28 20:09:17,779 [pool-716-thread-1] INFO  server.RaftServerConfigKeys (ConfUtils.java:logGet(46)) - raft.server.threadpool.client.size = 0 (default)
2023-02-28 20:09:17,905 [EndpointStateMachine task thread for /0.0.0.0:42901 - 0 ] INFO  ipc.Client (Client.java:handleConnectionFailure(1010)) - Retrying connect to server: 0.0.0.0/0.0.0.0:42901. Already tried 4 time(s); retry policy is RetryUpToMaximumCountWithFixedSleep(maxRetries=15, sleepTime=1000 MILLISECONDS)
2023-02-28 20:09:18,184 [Listener at 127.0.0.1/36591] INFO  reflections.Reflections (Reflections.java:scan(232)) - Reflections took 408 ms to scan 19 urls, producing 68 keys and 4869 values [using 2 cores]
2023-02-28 20:09:18,186 [Listener at 127.0.0.1/36591] INFO  ipc.CallQueueManager (CallQueueManager.java:<init>(90)) - Using callQueue: class java.util.concurrent.LinkedBlockingQueue, queueCapacity: 2000, scheduler: class org.apache.hadoop.ipc.DefaultRpcScheduler, ipcBackoff: false.
2023-02-28 20:09:18,187 [Socket Reader #1 for port 41265] INFO  ipc.Server (Server.java:run(1273)) - Starting Socket Reader #1 for port 41265
2023-02-28 20:09:18,215 [Listener at 127.0.0.1/41265] INFO  impl.MetricsSystemImpl (MetricsSystemImpl.java:init(158)) - OzoneManager metrics system started (again)
2023-02-28 20:09:18,227 [Listener at 127.0.0.1/41265] INFO  om.OzoneManager (OzoneManager.java:start(1551)) - OzoneManager RPC server is listening at localhost/127.0.0.1:41265
2023-02-28 20:09:18,227 [Listener at 127.0.0.1/41265] INFO  ratis.OzoneManagerRatisServer (OzoneManagerRatisServer.java:start(559)) - Starting OzoneManagerRatisServer omNode-2 at port 42001
2023-02-28 20:09:18,227 [omNode-2-impl-thread1] INFO  storage.RaftStorageDirectory (RaftStorageDirectoryImpl.java:analyzeStorage(137)) - The storage directory /home/runner/work/ozone/ozone/hadoop-ozone/integration-test/target/test-dir/MiniOzoneClusterImpl-58db5c20-d6df-4fe1-a747-1f1a0fc9447e/omNode-2/ratis/c9bc4cf4-3bc3-3c60-a66b-523986131536 does not exist. Creating ...
2023-02-28 20:09:18,228 [omNode-2-impl-thread1] INFO  storage.RaftStorageDirectory (RaftStorageDirectoryImpl.java:tryLock(231)) - Lock on /home/runner/work/ozone/ozone/hadoop-ozone/integration-test/target/test-dir/MiniOzoneClusterImpl-58db5c20-d6df-4fe1-a747-1f1a0fc9447e/omNode-2/ratis/c9bc4cf4-3bc3-3c60-a66b-523986131536/in_use.lock acquired by nodename 61155@fv-az399-334
2023-02-28 20:09:18,230 [omNode-2-impl-thread1] INFO  storage.RaftStorage (RaftStorageImpl.java:format(96)) - Storage directory /home/runner/work/ozone/ozone/hadoop-ozone/integration-test/target/test-dir/MiniOzoneClusterImpl-58db5c20-d6df-4fe1-a747-1f1a0fc9447e/omNode-2/ratis/c9bc4cf4-3bc3-3c60-a66b-523986131536 has been successfully formatted.
2023-02-28 20:09:18,230 [omNode-2-impl-thread1] INFO  server.RaftServerConfigKeys (ConfUtils.java:logGet(46)) - raft.server.log.use.memory = false (default)
2023-02-28 20:09:18,230 [omNode-2-impl-thread1] INFO  server.RaftServerConfigKeys (ConfUtils.java:logGet(46)) - raft.server.log.purge.gap = 1000000 (custom)
2023-02-28 20:09:18,230 [omNode-2-impl-thread1] INFO  server.RaftServerConfigKeys (ConfUtils.java:logGet(46)) - raft.server.log.appender.buffer.byte-limit = 33554432 (custom)
2023-02-28 20:09:18,230 [omNode-2-impl-thread1] INFO  server.RaftServerConfigKeys (ConfUtils.java:logGet(46)) - raft.server.log.statemachine.data.read.timeout = 1000ms (default)
2023-02-28 20:09:18,230 [omNode-2-impl-thread1] INFO  server.RaftServerConfigKeys (ConfUtils.java:logGet(46)) - raft.server.log.purge.preservation.log.num = 0 (default)
2023-02-28 20:09:18,230 [omNode-2-impl-thread1] INFO  server.RaftServerConfigKeys (ConfUtils.java:logGet(46)) - raft.server.log.segment.size.max = 4194304 (custom)
2023-02-28 20:09:18,230 [omNode-2-impl-thread1] INFO  server.RaftServerConfigKeys (ConfUtils.java:logGet(46)) - raft.server.log.segment.cache.num.max = 2 (custom)
2023-02-28 20:09:18,231 [omNode-2-impl-thread1] INFO  server.RaftServerConfigKeys (ConfUtils.java:logGet(46)) - raft.server.log.segment.cache.size.max = 200MB (=209715200) (default)
2023-02-28 20:09:18,231 [omNode-2-impl-thread1] INFO  segmented.SegmentedRaftLogWorker (SegmentedRaftLogWorker.java:<init>(189)) - new omNode-2@group-523986131536-SegmentedRaftLogWorker for RaftStorageImpl:Storage Directory /home/runner/work/ozone/ozone/hadoop-ozone/integration-test/target/test-dir/MiniOzoneClusterImpl-58db5c20-d6df-4fe1-a747-1f1a0fc9447e/omNode-2/ratis/c9bc4cf4-3bc3-3c60-a66b-523986131536
2023-02-28 20:09:18,231 [omNode-2-impl-thread1] INFO  server.RaftServerConfigKeys (ConfUtils.java:logGet(46)) - raft.server.log.queue.byte-limit = 64MB (=67108864) (default)
2023-02-28 20:09:18,231 [omNode-2-impl-thread1] INFO  server.RaftServerConfigKeys (ConfUtils.java:logGet(46)) - raft.server.log.queue.element-limit = 4096 (default)
2023-02-28 20:09:18,231 [omNode-2-impl-thread1] INFO  server.RaftServerConfigKeys (ConfUtils.java:logGet(46)) - raft.server.log.segment.size.max = 4194304 (custom)
2023-02-28 20:09:18,231 [omNode-2-impl-thread1] INFO  server.RaftServerConfigKeys (ConfUtils.java:logGet(46)) - raft.server.log.preallocated.size = 4194304 (custom)
2023-02-28 20:09:18,231 [omNode-2-impl-thread1] INFO  server.RaftServerConfigKeys (ConfUtils.java:logGet(46)) - raft.server.log.force.sync.num = 128 (default)
2023-02-28 20:09:18,231 [omNode-2-impl-thread1] INFO  server.RaftServerConfigKeys (ConfUtils.java:logGet(46)) - raft.server.log.statemachine.data.sync = true (default)
2023-02-28 20:09:18,231 [omNode-2-impl-thread1] INFO  server.RaftServerConfigKeys (ConfUtils.java:logGet(46)) - raft.server.log.statemachine.data.sync.timeout = 10s (default)
2023-02-28 20:09:18,231 [omNode-2-impl-thread1] INFO  server.RaftServerConfigKeys (ConfUtils.java:logGet(46)) - raft.server.log.statemachine.data.sync.timeout.retry = -1 (default)
2023-02-28 20:09:18,231 [omNode-2-impl-thread1] INFO  server.RaftServerConfigKeys (ConfUtils.java:logGet(46)) - raft.server.log.write.buffer.size = 64KB (=65536) (default)
2023-02-28 20:09:18,231 [omNode-2-impl-thread1] INFO  server.RaftServerConfigKeys (ConfUtils.java:logGet(46)) - raft.server.log.appender.buffer.byte-limit = 33554432 (custom)
2023-02-28 20:09:18,236 [omNode-2-impl-thread1] INFO  server.RaftServerConfigKeys (ConfUtils.java:logGet(46)) - raft.server.log.unsafe-flush.enabled = false (default)
2023-02-28 20:09:18,237 [omNode-2-impl-thread1] INFO  server.RaftServerConfigKeys (ConfUtils.java:logGet(46)) - raft.server.log.async-flush.enabled = false (default)
2023-02-28 20:09:18,237 [omNode-2-impl-thread1] INFO  server.RaftServerConfigKeys (ConfUtils.java:logGet(46)) - raft.server.log.statemachine.data.caching.enabled = false (default)
2023-02-28 20:09:18,237 [omNode-2-impl-thread1] INFO  segmented.SegmentedRaftLogWorker (SegmentedRaftLogWorker.java:lambda$new$0(135)) - omNode-2@group-523986131536-SegmentedRaftLogWorker: flushIndex: setUnconditionally 0 -> -1
2023-02-28 20:09:18,237 [omNode-2-impl-thread1] INFO  segmented.SegmentedRaftLogWorker (SegmentedRaftLogWorker.java:lambda$new$0(135)) - omNode-2@group-523986131536-SegmentedRaftLogWorker: safeCacheEvictIndex: setUnconditionally 0 -> -1
2023-02-28 20:09:18,237 [omNode-2-impl-thread1] INFO  server.RaftServer$Division (RaftServerImpl.java:start(334)) - omNode-2@group-523986131536: start as a follower, conf=-1: peers:[omNode-3|rpc:localhost:41909|priority:0|startupRole:FOLLOWER, omNode-1|rpc:localhost:41453|priority:0|startupRole:FOLLOWER, omNode-2|rpc:localhost:42001|priority:0|startupRole:FOLLOWER]|listeners:[], old=null
2023-02-28 20:09:18,237 [omNode-2-impl-thread1] INFO  server.RaftServer$Division (RaftServerImpl.java:setRole(321)) - omNode-2@group-523986131536: changes role from      null to FOLLOWER at term 0 for startAsFollower
2023-02-28 20:09:18,237 [omNode-2-impl-thread1] INFO  impl.RoleInfo (RoleInfo.java:updateAndGet(139)) - omNode-2: start omNode-2@group-523986131536-FollowerState
2023-02-28 20:09:18,238 [omNode-2-impl-thread1] INFO  util.JmxRegister (JmxRegister.java:tryRegister(44)) - Successfully registered JMX Bean with object name Ratis:service=RaftServer,group=group-523986131536,id=omNode-2
2023-02-28 20:09:18,238 [omNode-2@group-523986131536-FollowerState] INFO  server.RaftServerConfigKeys (ConfUtils.java:logFallback(53)) - raft.server.rpc.first-election.timeout.min = 1s (fallback to raft.server.rpc.timeout.min)
2023-02-28 20:09:18,238 [omNode-2-impl-thread1] INFO  server.RaftServerConfigKeys (ConfUtils.java:logGet(46)) - raft.server.snapshot.auto.trigger.enabled = true (custom)
2023-02-28 20:09:18,238 [omNode-2@group-523986131536-FollowerState] INFO  server.RaftServerConfigKeys (ConfUtils.java:logFallback(53)) - raft.server.rpc.first-election.timeout.max = 1200ms (fallback to raft.server.rpc.timeout.max)
2023-02-28 20:09:18,238 [omNode-2-impl-thread1] INFO  server.RaftServerConfigKeys (ConfUtils.java:logGet(46)) - raft.server.snapshot.auto.trigger.threshold = 400000 (default)
2023-02-28 20:09:18,239 [omNode-2-impl-thread1] INFO  server.RaftServerConfigKeys (ConfUtils.java:logGet(46)) - raft.server.snapshot.retention.file.num = -1 (default)
2023-02-28 20:09:18,239 [omNode-2-impl-thread1] INFO  server.RaftServerConfigKeys (ConfUtils.java:logGet(46)) - raft.server.log.purge.upto.snapshot.index = true (custom)
2023-02-28 20:09:18,239 [Listener at 127.0.0.1/41265] INFO  server.RaftServer (RaftServerProxy.java:startImpl(393)) - omNode-2: start RPC server
2023-02-28 20:09:18,244 [Listener at 127.0.0.1/41265] INFO  server.GrpcService (GrpcService.java:startImpl(262)) - omNode-2: GrpcService started, listening on 42001
2023-02-28 20:09:18,244 [Listener at 127.0.0.1/41265] INFO  om.OzoneManager (OzoneManager.java:start(1567)) - Version File has different layout version (3) than OM DB (null). That is expected if this OM has never been finalized to a newer layout version.
2023-02-28 20:09:18,245 [JvmPauseMonitor7] INFO  util.JvmPauseMonitor (JvmPauseMonitor.java:run(105)) - JvmPauseMonitor-omNode-2: Started
2023-02-28 20:09:18,247 [Listener at 127.0.0.1/41265] INFO  http.BaseHttpServer (BaseHttpServer.java:newHttpServer2BuilderForOzone(213)) - Starting Web-server for ozoneManager at: http://0.0.0.0:36491
2023-02-28 20:09:18,247 [Listener at 127.0.0.1/41265] INFO  http.BaseHttpServer (BaseHttpServer.java:<init>(108)) - Hadoop Security Enabled: false Ozone Security Enabled: false Ozone HTTP Security Enabled: false 
2023-02-28 20:09:18,248 [Listener at 127.0.0.1/41265] WARN  server.AuthenticationFilter (AuthenticationFilter.java:constructSecretProvider(240)) - Unable to initialize FileSignerSecretProvider, falling back to use random secrets. Reason: Could not read signature secret file: /home/runner/hadoop-http-auth-signature-secret
2023-02-28 20:09:18,249 [Listener at 127.0.0.1/41265] WARN  http.HttpRequestLog (HttpRequestLog.java:getRequestLog(103)) - Jetty request log can only be enabled using Log4j
2023-02-28 20:09:18,250 [Listener at 127.0.0.1/41265] INFO  http.HttpServer2 (HttpServer2.java:addGlobalFilter(1031)) - Added global filter 'safety' (class=org.apache.hadoop.hdds.server.http.HttpServer2$QuotingInputFilter)
2023-02-28 20:09:18,251 [Listener at 127.0.0.1/41265] INFO  http.HttpServer2 (HttpServer2.java:addFilter(1007)) - Added filter static_user_filter (class=org.apache.hadoop.http.lib.StaticUserWebFilter$StaticUserFilter) to context ozoneManager
2023-02-28 20:09:18,251 [Listener at 127.0.0.1/41265] INFO  http.HttpServer2 (HttpServer2.java:addFilter(1015)) - Added filter static_user_filter (class=org.apache.hadoop.http.lib.StaticUserWebFilter$StaticUserFilter) to context static
2023-02-28 20:09:18,251 [Listener at 127.0.0.1/41265] INFO  http.HttpServer2 (HttpServer2.java:addFilter(1015)) - Added filter static_user_filter (class=org.apache.hadoop.http.lib.StaticUserWebFilter$StaticUserFilter) to context logs
2023-02-28 20:09:18,252 [Listener at 127.0.0.1/41265] INFO  http.HttpServer2 (HttpServer2.java:bindListener(1250)) - Jetty bound to port 36491
2023-02-28 20:09:18,252 [Listener at 127.0.0.1/41265] INFO  server.Server (Server.java:doStart(375)) - jetty-9.4.49.v20220914; built: 2022-09-14T01:07:36.601Z; git: 4231a3b2e4cb8548a412a789936d640a97b1aa0a; jvm 1.8.0_362-b09
2023-02-28 20:09:18,253 [Listener at 127.0.0.1/41265] INFO  server.session (DefaultSessionIdManager.java:doStart(334)) - DefaultSessionIdManager workerName=node0
2023-02-28 20:09:18,254 [Listener at 127.0.0.1/41265] INFO  server.session (DefaultSessionIdManager.java:doStart(339)) - No SessionScavenger set, using defaults
2023-02-28 20:09:18,254 [Listener at 127.0.0.1/41265] INFO  server.session (HouseKeeper.java:startScavenging(132)) - node0 Scavenging every 660000ms
2023-02-28 20:09:18,255 [Listener at 127.0.0.1/41265] INFO  handler.ContextHandler (ContextHandler.java:doStart(921)) - Started o.e.j.s.ServletContextHandler@2319ecc4{logs,/logs,file:///home/runner/work/ozone/ozone/hadoop-ozone/integration-test/target/log,AVAILABLE}
2023-02-28 20:09:18,255 [Listener at 127.0.0.1/41265] INFO  handler.ContextHandler (ContextHandler.java:doStart(921)) - Started o.e.j.s.ServletContextHandler@43cc56e9{static,/static,file:///home/runner/work/ozone/ozone/hadoop-ozone/integration-test/target/test-classes/webapps/static,AVAILABLE}
2023-02-28 20:09:18,259 [Listener at 127.0.0.1/41265] INFO  handler.ContextHandler (ContextHandler.java:doStart(921)) - Started o.e.j.w.WebAppContext@6a4b9305{ozoneManager,/,file:///home/runner/work/ozone/ozone/hadoop-ozone/integration-test/target/test-classes/webapps/ozoneManager/,AVAILABLE}{file:/home/runner/work/ozone/ozone/hadoop-ozone/integration-test/target/test-classes/webapps/ozoneManager}
2023-02-28 20:09:18,260 [Listener at 127.0.0.1/41265] INFO  server.AbstractConnector (AbstractConnector.java:doStart(333)) - Started ServerConnector@36cd6965{HTTP/1.1, (http/1.1)}{0.0.0.0:36491}
2023-02-28 20:09:18,260 [Listener at 127.0.0.1/41265] INFO  server.Server (Server.java:doStart(415)) - Started @66945ms
2023-02-28 20:09:18,260 [Listener at 127.0.0.1/41265] WARN  impl.MetricsSystemImpl (MetricsSystemImpl.java:register(279)) - Sink prometheus already exists!
2023-02-28 20:09:18,261 [Listener at 127.0.0.1/41265] INFO  http.BaseHttpServer (BaseHttpServer.java:updateConnectorAddress(333)) - HTTP server of ozoneManager listening at http://0.0.0.0:36491
2023-02-28 20:09:18,261 [IPC Server Responder] INFO  ipc.Server (Server.java:run(1512)) - IPC Server Responder: starting
2023-02-28 20:09:18,263 [IPC Server listener on 41265] INFO  ipc.Server (Server.java:run(1352)) - IPC Server listener on 41265: starting
2023-02-28 20:09:18,267 [Listener at 127.0.0.1/41265] INFO  om.OzoneManager (OzoneManager.java:startTrashEmptier(2038)) - Trash Interval set to 0. Files deleted won't move to trash
2023-02-28 20:09:18,267 [Listener at 127.0.0.1/41265] INFO  ozone.MiniOzoneHAClusterImpl (MiniOzoneHAClusterImpl.java:createOMService(527)) - Started OzoneManager omNode-2 RPC server at localhost/127.0.0.1:41265
2023-02-28 20:09:18,267 [org.apache.hadoop.util.JvmPauseMonitor$Monitor@2d0b946d] INFO  util.JvmPauseMonitor (JvmPauseMonitor.java:run(188)) - Starting JVM pause monitor
2023-02-28 20:09:18,268 [Listener at 127.0.0.1/41265] INFO  ha.OMHANodeDetails (OMHANodeDetails.java:loadOMHAConfig(121)) - ServiceID for OzoneManager is om-service-test1
2023-02-28 20:09:18,268 [Listener at 127.0.0.1/41265] INFO  ha.OMHANodeDetails (OMHANodeDetails.java:loadOMHAConfig(201)) - Found matching OM address with OMServiceId: om-service-test1, OMNodeId: omNode-3, RPC Address: localhost:37989 and Ratis port: 41909
2023-02-28 20:09:18,268 [Listener at 127.0.0.1/41265] INFO  ha.OMHANodeDetails (ConfUtils.java:setNodeSpecificConfigs(97)) - Setting configuration key ozone.om.http-address with value of key ozone.om.http-address.om-service-test1.omNode-3: 127.0.0.1:41925
2023-02-28 20:09:18,268 [Listener at 127.0.0.1/41265] INFO  ha.OMHANodeDetails (ConfUtils.java:setNodeSpecificConfigs(97)) - Setting configuration key ozone.om.https-address with value of key ozone.om.https-address.om-service-test1.omNode-3: 127.0.0.1:32929
2023-02-28 20:09:18,268 [Listener at 127.0.0.1/41265] INFO  ha.OMHANodeDetails (ConfUtils.java:setNodeSpecificConfigs(97)) - Setting configuration key ozone.om.address with value of key ozone.om.address.om-service-test1.omNode-3: 127.0.0.1:37989
2023-02-28 20:09:18,269 [Listener at 127.0.0.1/41265] WARN  server.ServerUtils (ServerUtils.java:getDBPath(225)) - ozone.om.db.dirs is not configured. We recommend adding this setting. Falling back to ozone.metadata.dirs instead.
2023-02-28 20:09:18,273 [Listener at 127.0.0.1/41265] INFO  proxy.SCMBlockLocationFailoverProxyProvider (SCMBlockLocationFailoverProxyProvider.java:<init>(114)) - Created block location fail-over proxy with 1 nodes: [nodeId=scmNodeId,nodeAddress=/0.0.0.0:33059]
OM initialization succeeded.Current cluster id for sd=/home/runner/work/ozone/ozone/hadoop-ozone/integration-test/target/test-dir/MiniOzoneClusterImpl-58db5c20-d6df-4fe1-a747-1f1a0fc9447e/omNode-3/om;cid=58db5c20-d6df-4fe1-a747-1f1a0fc9447e;layoutVersion=3
2023-02-28 20:09:18,282 [Listener at 127.0.0.1/41265] INFO  ha.OMHANodeDetails (OMHANodeDetails.java:loadOMHAConfig(121)) - ServiceID for OzoneManager is om-service-test1
2023-02-28 20:09:18,282 [Listener at 127.0.0.1/41265] INFO  ha.OMHANodeDetails (OMHANodeDetails.java:loadOMHAConfig(201)) - Found matching OM address with OMServiceId: om-service-test1, OMNodeId: omNode-3, RPC Address: localhost:37989 and Ratis port: 41909
2023-02-28 20:09:18,283 [Listener at 127.0.0.1/41265] INFO  ha.OMHANodeDetails (ConfUtils.java:setNodeSpecificConfigs(97)) - Setting configuration key ozone.om.http-address with value of key ozone.om.http-address.om-service-test1.omNode-3: 127.0.0.1:41925
2023-02-28 20:09:18,283 [Listener at 127.0.0.1/41265] INFO  ha.OMHANodeDetails (ConfUtils.java:setNodeSpecificConfigs(97)) - Setting configuration key ozone.om.https-address with value of key ozone.om.https-address.om-service-test1.omNode-3: 127.0.0.1:32929
2023-02-28 20:09:18,283 [Listener at 127.0.0.1/41265] INFO  ha.OMHANodeDetails (ConfUtils.java:setNodeSpecificConfigs(97)) - Setting configuration key ozone.om.address with value of key ozone.om.address.om-service-test1.omNode-3: 127.0.0.1:37989
2023-02-28 20:09:18,283 [Listener at 127.0.0.1/41265] WARN  server.ServerUtils (ServerUtils.java:getDBPath(225)) - ozone.om.db.dirs is not configured. We recommend adding this setting. Falling back to ozone.metadata.dirs instead.
2023-02-28 20:09:18,284 [Listener at 127.0.0.1/41265] INFO  upgrade.AbstractLayoutVersionManager (AbstractLayoutVersionManager.java:init(83)) - Initializing Layout version manager with metadata layout = MULTITENANCY_SCHEMA (version = 3), software layout = MULTITENANCY_SCHEMA (version = 3)
2023-02-28 20:09:18,362 [Listener at 127.0.0.1/41265] INFO  reflections.Reflections (Reflections.java:scan(232)) - Reflections took 77 ms to scan 2 urls, producing 167 keys and 459 values [using 2 cores]
2023-02-28 20:09:18,362 [Listener at 127.0.0.1/41265] INFO  upgrade.OMLayoutVersionManager (OMLayoutVersionManager.java:lambda$0(115)) - Skipping Upgrade Action MockOmUpgradeAction since it has been finalized.
2023-02-28 20:09:18,363 [Listener at 127.0.0.1/41265] WARN  server.ServerUtils (ServerUtils.java:getDBPath(225)) - ozone.om.db.dirs is not configured. We recommend adding this setting. Falling back to ozone.metadata.dirs instead.
2023-02-28 20:09:18,363 [Listener at 127.0.0.1/41265] INFO  proxy.SCMBlockLocationFailoverProxyProvider (SCMBlockLocationFailoverProxyProvider.java:<init>(114)) - Created block location fail-over proxy with 1 nodes: [nodeId=scmNodeId,nodeAddress=/0.0.0.0:33059]
2023-02-28 20:09:18,365 [Listener at 127.0.0.1/41265] INFO  proxy.SCMBlockLocationFailoverProxyProvider (SCMBlockLocationFailoverProxyProvider.java:<init>(114)) - Created block location fail-over proxy with 1 nodes: [nodeId=scmNodeId,nodeAddress=/0.0.0.0:33059]
2023-02-28 20:09:18,376 [Listener at 127.0.0.1/41265] INFO  om.OzoneManager (OzoneManager.java:<init>(618)) - OM start with adminUsers: [runner]
2023-02-28 20:09:18,377 [Listener at 127.0.0.1/41265] WARN  server.ServerUtils (ServerUtils.java:getDBPath(225)) - ozone.om.db.dirs is not configured. We recommend adding this setting. Falling back to ozone.metadata.dirs instead.
2023-02-28 20:09:18,377 [Listener at 127.0.0.1/41265] INFO  codec.OmKeyInfoCodec (OmKeyInfoCodec.java:<init>(49)) - OmKeyInfoCodec ignorePipeline = true
2023-02-28 20:09:18,377 [Listener at 127.0.0.1/41265] INFO  codec.RepeatedOmKeyInfoCodec (RepeatedOmKeyInfoCodec.java:<init>(41)) - RepeatedOmKeyInfoCodec ignorePipeline = true
2023-02-28 20:09:18,531 [Listener at 127.0.0.1/41265] INFO  om.OzoneManager (OzoneManager.java:instantiateServices(748)) - S3 Multi-Tenancy is disabled
2023-02-28 20:09:18,531 [Listener at 127.0.0.1/41265] WARN  server.ServerUtils (ServerUtils.java:getDBPath(225)) - ozone.om.snapshot.diff.db.dir is not configured. We recommend adding this setting. Falling back to ozone.metadata.dirs instead.
2023-02-28 20:09:18,541 [Listener at 127.0.0.1/41265] INFO  om.OzoneManager (OzoneManager.java:addS3GVolumeToDB(4215)) - Created Volume s3v With Owner runner required for S3Gateway operations.
2023-02-28 20:09:18,542 [Listener at 127.0.0.1/41265] WARN  server.ServerUtils (ServerUtils.java:getDefaultRatisDirectory(237)) - Storage directory for Ratis is not configured. It is a good idea to map this to an SSD disk. Falling back to ozone.metadata.dirs
2023-02-28 20:09:18,542 [Listener at 127.0.0.1/41265] WARN  utils.OzoneManagerRatisUtils (OzoneManagerRatisUtils.java:getOMRatisSnapshotDirectory(436)) - ozone.om.ratis.snapshot.dir is not configured. Falling back to ozone.metadata.dirs config
2023-02-28 20:09:18,542 [Listener at 127.0.0.1/41265] INFO  snapshot.OzoneManagerSnapshotProvider (OzoneManagerSnapshotProvider.java:<init>(76)) - Initializing OM Snapshot Provider
2023-02-28 20:09:18,543 [Listener at 127.0.0.1/41265] WARN  impl.MetricRegistriesImpl (MetricRegistriesImpl.java:addReporterRegistration(111)) - New reporters are added after registries were created. Some metrics will be missing from the reporter. Please add reporter before adding any new registry.
2023-02-28 20:09:18,543 [Listener at 127.0.0.1/41265] WARN  impl.MetricRegistriesImpl (MetricRegistriesImpl.java:addReporterRegistration(111)) - New reporters are added after registries were created. Some metrics will be missing from the reporter. Please add reporter before adding any new registry.
2023-02-28 20:09:18,544 [Listener at 127.0.0.1/41265] WARN  server.ServerUtils (ServerUtils.java:getDefaultRatisDirectory(237)) - Storage directory for Ratis is not configured. It is a good idea to map this to an SSD disk. Falling back to ozone.metadata.dirs
2023-02-28 20:09:18,545 [Listener at 127.0.0.1/41265] INFO  ratis.OzoneManagerRatisServer (OzoneManagerRatisServer.java:<init>(164)) - Instantiating OM Ratis server with groupID: om-service-test1 and peers: localhost:41909, localhost:41453, localhost:42001
2023-02-28 20:09:18,545 [Listener at 127.0.0.1/41265] INFO  ratis.OzoneManagerStateMachine (OzoneManagerStateMachine.java:loadSnapshotInfoFromDB(636)) - LastAppliedIndex is set from TransactionInfo from OM DB as (t:0, i:~)
2023-02-28 20:09:18,545 [Listener at 127.0.0.1/41265] INFO  server.RaftServer (ConfUtils.java:logGet(46)) - raft.rpc.type = GRPC (default)
2023-02-28 20:09:18,545 [Listener at 127.0.0.1/41265] INFO  grpc.GrpcConfigKeys (ConfUtils.java:logFallback(53)) - raft.grpc.admin.host = null (fallback to raft.grpc.server.host)
2023-02-28 20:09:18,545 [Listener at 127.0.0.1/41265] INFO  grpc.GrpcConfigKeys (ConfUtils.java:logFallback(53)) - raft.grpc.admin.port = 41909 (fallback to raft.grpc.server.port)
2023-02-28 20:09:18,546 [Listener at 127.0.0.1/41265] INFO  grpc.GrpcConfigKeys (ConfUtils.java:logFallback(53)) - raft.grpc.client.host = null (fallback to raft.grpc.server.host)
2023-02-28 20:09:18,546 [Listener at 127.0.0.1/41265] INFO  grpc.GrpcConfigKeys (ConfUtils.java:logFallback(53)) - raft.grpc.client.port = 41909 (fallback to raft.grpc.server.port)
2023-02-28 20:09:18,546 [Listener at 127.0.0.1/41265] INFO  grpc.GrpcConfigKeys (ConfUtils.java:logGet(46)) - raft.grpc.server.host = null (default)
2023-02-28 20:09:18,546 [Listener at 127.0.0.1/41265] INFO  grpc.GrpcConfigKeys (ConfUtils.java:logGet(46)) - raft.grpc.server.port = 41909 (custom)
2023-02-28 20:09:18,546 [Listener at 127.0.0.1/41265] INFO  server.GrpcService (ConfUtils.java:logGet(46)) - raft.grpc.message.size.max = 33554432 (custom)
2023-02-28 20:09:18,546 [Listener at 127.0.0.1/41265] INFO  server.RaftServerConfigKeys (ConfUtils.java:logGet(46)) - raft.server.log.appender.buffer.byte-limit = 33554432 (custom)
2023-02-28 20:09:18,546 [Listener at 127.0.0.1/41265] INFO  server.GrpcService (ConfUtils.java:logGet(46)) - raft.grpc.flow.control.window = 1MB (=1048576) (default)
2023-02-28 20:09:18,546 [Listener at 127.0.0.1/41265] INFO  server.RaftServerConfigKeys (ConfUtils.java:logGet(46)) - raft.server.rpc.request.timeout = 3000ms (default)
2023-02-28 20:09:18,546 [Listener at 127.0.0.1/41265] INFO  grpc.GrpcConfigKeys (ConfUtils.java:logGet(46)) - raft.grpc.server.heartbeat.channel = true (default)
2023-02-28 20:09:18,546 [Listener at 127.0.0.1/41265] INFO  grpc.GrpcConfigKeys (ConfUtils.java:logGet(46)) - raft.grpc.server.async.request.thread.pool.cached = true (default)
2023-02-28 20:09:18,546 [Listener at 127.0.0.1/41265] INFO  grpc.GrpcConfigKeys (ConfUtils.java:logGet(46)) - raft.grpc.server.async.request.thread.pool.size = 32 (default)
2023-02-28 20:09:18,548 [Listener at 127.0.0.1/41265] INFO  impl.DataStreamServerImpl (ConfUtils.java:logGet(46)) - raft.datastream.type = DISABLED (default)
2023-02-28 20:09:18,548 [Listener at 127.0.0.1/41265] INFO  server.RaftServerConfigKeys (ConfUtils.java:logGet(46)) - raft.server.threadpool.proxy.cached = true (default)
2023-02-28 20:09:18,548 [Listener at 127.0.0.1/41265] INFO  server.RaftServerConfigKeys (ConfUtils.java:logGet(46)) - raft.server.threadpool.proxy.size = 0 (default)
2023-02-28 20:09:18,548 [Listener at 127.0.0.1/41265] INFO  server.RaftServerConfigKeys (ConfUtils.java:logGet(46)) - raft.server.rpc.slowness.timeout = 2s (custom)
2023-02-28 20:09:18,548 [Listener at 127.0.0.1/41265] INFO  server.RaftServerConfigKeys (ConfUtils.java:logGet(46)) - raft.server.leaderelection.leader.step-down.wait-time = 10s (default)
2023-02-28 20:09:18,548 [Listener at 127.0.0.1/41265] INFO  server.RaftServerConfigKeys (ConfUtils.java:logGet(46)) - raft.server.storage.dir = [/home/runner/work/ozone/ozone/hadoop-ozone/integration-test/target/test-dir/MiniOzoneClusterImpl-58db5c20-d6df-4fe1-a747-1f1a0fc9447e/omNode-3/ratis] (custom)
2023-02-28 20:09:18,549 [Listener at 127.0.0.1/41265] INFO  server.RaftServer (RaftServerProxy.java:addNew(96)) - omNode-3: addNew group-523986131536:[omNode-3|rpc:localhost:41909|priority:0|startupRole:FOLLOWER, omNode-1|rpc:localhost:41453|priority:0|startupRole:FOLLOWER, omNode-2|rpc:localhost:42001|priority:0|startupRole:FOLLOWER] returns group-523986131536:java.util.concurrent.CompletableFuture@24539f75[Not completed]
2023-02-28 20:09:18,549 [pool-743-thread-1] INFO  server.RaftServer$Division (RaftServerImpl.java:<init>(195)) - omNode-3: new RaftServerImpl for group-523986131536:[omNode-3|rpc:localhost:41909|priority:0|startupRole:FOLLOWER, omNode-1|rpc:localhost:41453|priority:0|startupRole:FOLLOWER, omNode-2|rpc:localhost:42001|priority:0|startupRole:FOLLOWER] with OzoneManagerStateMachine:uninitialized
2023-02-28 20:09:18,549 [Listener at 127.0.0.1/41265] INFO  om.OzoneManager (OzoneManager.java:initializeRatisServer(2094)) - OzoneManager Ratis server initialized at port 41909
2023-02-28 20:09:18,549 [pool-743-thread-1] INFO  server.RaftServerConfigKeys (ConfUtils.java:logGet(46)) - raft.server.rpc.timeout.min = 1s (custom)
2023-02-28 20:09:18,549 [Listener at 127.0.0.1/41265] INFO  om.OzoneManager (OzoneManager.java:getRpcServer(1131)) - Creating RPC Server
2023-02-28 20:09:18,549 [pool-743-thread-1] INFO  server.RaftServerConfigKeys (ConfUtils.java:logGet(46)) - raft.server.rpc.timeout.max = 1200ms (custom)
2023-02-28 20:09:18,549 [pool-743-thread-1] INFO  server.RaftServerConfigKeys (ConfUtils.java:logGet(46)) - raft.server.rpc.sleep.time = 25ms (default)
2023-02-28 20:09:18,549 [pool-743-thread-1] INFO  server.RaftServerConfigKeys (ConfUtils.java:logGet(46)) - raft.server.rpc.slowness.timeout = 2s (custom)
2023-02-28 20:09:18,549 [pool-743-thread-1] INFO  server.RaftServerConfigKeys (ConfUtils.java:logGet(46)) - raft.server.leaderelection.leader.step-down.wait-time = 10s (default)
2023-02-28 20:09:18,549 [pool-743-thread-1] INFO  server.RaftServerConfigKeys (ConfUtils.java:logGet(46)) - raft.server.sleep.deviation.threshold = 300ms (default)
2023-02-28 20:09:18,549 [pool-743-thread-1] INFO  server.RaftServer$Division (ServerState.java:<init>(118)) - omNode-3@group-523986131536: ConfigurationManager, init=-1: peers:[omNode-3|rpc:localhost:41909|priority:0|startupRole:FOLLOWER, omNode-1|rpc:localhost:41453|priority:0|startupRole:FOLLOWER, omNode-2|rpc:localhost:42001|priority:0|startupRole:FOLLOWER]|listeners:[], old=null, confs=<EMPTY_MAP>
2023-02-28 20:09:18,550 [pool-743-thread-1] INFO  server.RaftServerConfigKeys (ConfUtils.java:logGet(46)) - raft.server.storage.dir = [/home/runner/work/ozone/ozone/hadoop-ozone/integration-test/target/test-dir/MiniOzoneClusterImpl-58db5c20-d6df-4fe1-a747-1f1a0fc9447e/omNode-3/ratis] (custom)
2023-02-28 20:09:18,550 [pool-743-thread-1] INFO  server.RaftServerConfigKeys (ConfUtils.java:logGet(46)) - raft.server.log.corruption.policy = EXCEPTION (default)
2023-02-28 20:09:18,550 [pool-743-thread-1] INFO  server.RaftServerConfigKeys (ConfUtils.java:logGet(46)) - raft.server.storage.free-space.min = 0MB (=0) (default)
2023-02-28 20:09:18,550 [pool-743-thread-1] INFO  server.RaftServerConfigKeys (ConfUtils.java:logGet(46)) - raft.server.notification.no-leader.timeout = 2s (custom)
2023-02-28 20:09:18,550 [pool-743-thread-1] INFO  server.RaftServerConfigKeys (ConfUtils.java:logGet(46)) - raft.server.retrycache.expirytime = 300s (custom)
2023-02-28 20:09:18,550 [pool-743-thread-1] INFO  server.RaftServerConfigKeys (ConfUtils.java:logGet(46)) - raft.server.retrycache.statistics.expirytime = 100μs (default)
2023-02-28 20:09:18,551 [pool-743-thread-1] INFO  server.RaftServerConfigKeys (ConfUtils.java:logGet(46)) - raft.server.log.appender.install.snapshot.enabled = false (custom)
2023-02-28 20:09:18,551 [pool-743-thread-1] INFO  server.RaftServerConfigKeys (ConfUtils.java:logGet(46)) - raft.server.threadpool.server.cached = true (default)
2023-02-28 20:09:18,551 [pool-743-thread-1] INFO  server.RaftServerConfigKeys (ConfUtils.java:logGet(46)) - raft.server.threadpool.server.size = 0 (default)
2023-02-28 20:09:18,551 [pool-743-thread-1] INFO  server.RaftServerConfigKeys (ConfUtils.java:logGet(46)) - raft.server.threadpool.client.cached = true (default)
2023-02-28 20:09:18,551 [pool-743-thread-1] INFO  server.RaftServerConfigKeys (ConfUtils.java:logGet(46)) - raft.server.threadpool.client.size = 0 (default)
2023-02-28 20:09:18,593 [omNode-1@group-523986131536-FollowerState] INFO  impl.FollowerState (FollowerState.java:run(143)) - omNode-1@group-523986131536-FollowerState: change to CANDIDATE, lastRpcElapsedTime:1180401340ns, electionTimeout:1177ms
2023-02-28 20:09:18,593 [omNode-1@group-523986131536-FollowerState] INFO  impl.RoleInfo (RoleInfo.java:shutdownFollowerState(110)) - omNode-1: shutdown omNode-1@group-523986131536-FollowerState
2023-02-28 20:09:18,593 [omNode-1@group-523986131536-FollowerState] INFO  server.RaftServer$Division (RaftServerImpl.java:setRole(321)) - omNode-1@group-523986131536: changes role from  FOLLOWER to CANDIDATE at term 0 for changeToCandidate
2023-02-28 20:09:18,594 [omNode-1@group-523986131536-FollowerState] INFO  server.RaftServerConfigKeys (ConfUtils.java:logGet(46)) - raft.server.leaderelection.pre-vote = true (default)
2023-02-28 20:09:18,594 [omNode-1@group-523986131536-FollowerState] INFO  impl.RoleInfo (RoleInfo.java:updateAndGet(139)) - omNode-1: start omNode-1@group-523986131536-LeaderElection9
2023-02-28 20:09:18,604 [omNode-1@group-523986131536-LeaderElection9] INFO  impl.LeaderElection (LeaderElection.java:askForVotes(312)) - omNode-1@group-523986131536-LeaderElection9 PRE_VOTE round 0: submit vote requests at term 0 for -1: peers:[omNode-3|rpc:localhost:41909|priority:0|startupRole:FOLLOWER, omNode-1|rpc:localhost:41453|priority:0|startupRole:FOLLOWER, omNode-2|rpc:localhost:42001|priority:0|startupRole:FOLLOWER]|listeners:[], old=null
2023-02-28 20:09:18,605 [omNode-1@group-523986131536-LeaderElection9-1] INFO  server.GrpcServerProtocolClient (GrpcServerProtocolClient.java:<init>(63)) - Build channel for omNode-3
2023-02-28 20:09:18,607 [omNode-1@group-523986131536-LeaderElection9] INFO  server.RaftServerConfigKeys (ConfUtils.java:logFallback(53)) - raft.server.rpc.first-election.timeout.min = 1s (fallback to raft.server.rpc.timeout.min)
2023-02-28 20:09:18,607 [omNode-1@group-523986131536-LeaderElection9] INFO  server.RaftServerConfigKeys (ConfUtils.java:logFallback(53)) - raft.server.rpc.first-election.timeout.max = 1200ms (fallback to raft.server.rpc.timeout.max)
2023-02-28 20:09:18,608 [omNode-1@group-523986131536-LeaderElection9-2] INFO  server.GrpcServerProtocolClient (GrpcServerProtocolClient.java:<init>(63)) - Build channel for omNode-2
2023-02-28 20:09:18,610 [omNode-1@group-523986131536-LeaderElection9] INFO  impl.LeaderElection (LogUtils.java:infoOrTrace(137)) - omNode-1@group-523986131536-LeaderElection9 got exception when requesting votes: java.util.concurrent.ExecutionException: org.apache.ratis.thirdparty.io.grpc.StatusRuntimeException: UNAVAILABLE: io exception
2023-02-28 20:09:18,620 [grpc-default-executor-5] INFO  server.RaftServer$Division (RaftServerImpl.java:requestVote(1218)) - omNode-2@group-523986131536: receive requestVote(PRE_VOTE, omNode-1, group-523986131536, 0, (t:0, i:~))
2023-02-28 20:09:18,620 [grpc-default-executor-5] INFO  impl.VoteContext (VoteContext.java:log(49)) - omNode-2@group-523986131536-FOLLOWER: accept PRE_VOTE from omNode-1: our priority 0 <= candidate's priority 0
2023-02-28 20:09:18,620 [grpc-default-executor-5] INFO  server.RaftServer$Division (RaftServerImpl.java:requestVote(1251)) - omNode-2@group-523986131536 replies to PRE_VOTE vote request: omNode-1<-omNode-2#0:OK-t0. Peer's state: omNode-2@group-523986131536:t0, leader=null, voted=, raftlog=Memoized:omNode-2@group-523986131536-SegmentedRaftLog:OPENED:c-1, conf=-1: peers:[omNode-3|rpc:localhost:41909|priority:0|startupRole:FOLLOWER, omNode-1|rpc:localhost:41453|priority:0|startupRole:FOLLOWER, omNode-2|rpc:localhost:42001|priority:0|startupRole:FOLLOWER]|listeners:[], old=null
2023-02-28 20:09:18,623 [omNode-1@group-523986131536-LeaderElection9] INFO  impl.LeaderElection (LeaderElection.java:logAndReturn(90)) - omNode-1@group-523986131536-LeaderElection9: PRE_VOTE PASSED received 1 response(s) and 1 exception(s):
2023-02-28 20:09:18,623 [omNode-1@group-523986131536-LeaderElection9] INFO  impl.LeaderElection (LeaderElection.java:logAndReturn(94)) -   Response 0: omNode-1<-omNode-2#0:OK-t0
2023-02-28 20:09:18,623 [omNode-1@group-523986131536-LeaderElection9] INFO  impl.LeaderElection (LogUtils.java:infoOrTrace(137)) -   Exception 1: java.util.concurrent.ExecutionException: org.apache.ratis.thirdparty.io.grpc.StatusRuntimeException: UNAVAILABLE: io exception
2023-02-28 20:09:18,623 [omNode-1@group-523986131536-LeaderElection9] INFO  impl.LeaderElection (LeaderElection.java:askForVotes(314)) - omNode-1@group-523986131536-LeaderElection9 PRE_VOTE round 0: result PASSED
2023-02-28 20:09:18,624 [omNode-1@group-523986131536-LeaderElection9] INFO  impl.LeaderElection (LeaderElection.java:askForVotes(312)) - omNode-1@group-523986131536-LeaderElection9 ELECTION round 0: submit vote requests at term 1 for -1: peers:[omNode-3|rpc:localhost:41909|priority:0|startupRole:FOLLOWER, omNode-1|rpc:localhost:41453|priority:0|startupRole:FOLLOWER, omNode-2|rpc:localhost:42001|priority:0|startupRole:FOLLOWER]|listeners:[], old=null
2023-02-28 20:09:18,636 [omNode-1@group-523986131536-LeaderElection9] INFO  server.RaftServerConfigKeys (ConfUtils.java:logFallback(53)) - raft.server.rpc.first-election.timeout.min = 1s (fallback to raft.server.rpc.timeout.min)
2023-02-28 20:09:18,636 [omNode-1@group-523986131536-LeaderElection9] INFO  server.RaftServerConfigKeys (ConfUtils.java:logFallback(53)) - raft.server.rpc.first-election.timeout.max = 1200ms (fallback to raft.server.rpc.timeout.max)
2023-02-28 20:09:18,636 [omNode-1@group-523986131536-LeaderElection9] INFO  impl.LeaderElection (LogUtils.java:infoOrTrace(137)) - omNode-1@group-523986131536-LeaderElection9 got exception when requesting votes: java.util.concurrent.ExecutionException: org.apache.ratis.thirdparty.io.grpc.StatusRuntimeException: UNAVAILABLE: io exception
2023-02-28 20:09:18,647 [grpc-default-executor-5] INFO  server.RaftServer$Division (RaftServerImpl.java:requestVote(1218)) - omNode-2@group-523986131536: receive requestVote(ELECTION, omNode-1, group-523986131536, 1, (t:0, i:~))
2023-02-28 20:09:18,647 [grpc-default-executor-5] INFO  impl.VoteContext (VoteContext.java:log(49)) - omNode-2@group-523986131536-FOLLOWER: accept ELECTION from omNode-1: our priority 0 <= candidate's priority 0
2023-02-28 20:09:18,648 [grpc-default-executor-5] INFO  server.RaftServer$Division (RaftServerImpl.java:setRole(321)) - omNode-2@group-523986131536: changes role from  FOLLOWER to FOLLOWER at term 1 for candidate:omNode-1
2023-02-28 20:09:18,648 [grpc-default-executor-5] INFO  impl.RoleInfo (RoleInfo.java:shutdownFollowerState(110)) - omNode-2: shutdown omNode-2@group-523986131536-FollowerState
2023-02-28 20:09:18,648 [grpc-default-executor-5] INFO  impl.RoleInfo (RoleInfo.java:updateAndGet(139)) - omNode-2: start omNode-2@group-523986131536-FollowerState
2023-02-28 20:09:18,648 [omNode-2@group-523986131536-FollowerState] INFO  impl.FollowerState (FollowerState.java:run(152)) - omNode-2@group-523986131536-FollowerState was interrupted
2023-02-28 20:09:18,652 [omNode-2@group-523986131536-FollowerState] INFO  server.RaftServerConfigKeys (ConfUtils.java:logFallback(53)) - raft.server.rpc.first-election.timeout.min = 1s (fallback to raft.server.rpc.timeout.min)
2023-02-28 20:09:18,652 [omNode-2@group-523986131536-FollowerState] INFO  server.RaftServerConfigKeys (ConfUtils.java:logFallback(53)) - raft.server.rpc.first-election.timeout.max = 1200ms (fallback to raft.server.rpc.timeout.max)
2023-02-28 20:09:18,652 [grpc-default-executor-5] INFO  server.RaftServer$Division (RaftServerImpl.java:requestVote(1251)) - omNode-2@group-523986131536 replies to ELECTION vote request: omNode-1<-omNode-2#0:OK-t1. Peer's state: omNode-2@group-523986131536:t1, leader=null, voted=omNode-1, raftlog=Memoized:omNode-2@group-523986131536-SegmentedRaftLog:OPENED:c-1, conf=-1: peers:[omNode-3|rpc:localhost:41909|priority:0|startupRole:FOLLOWER, omNode-1|rpc:localhost:41453|priority:0|startupRole:FOLLOWER, omNode-2|rpc:localhost:42001|priority:0|startupRole:FOLLOWER]|listeners:[], old=null
2023-02-28 20:09:18,653 [omNode-1@group-523986131536-LeaderElection9] INFO  impl.LeaderElection (LeaderElection.java:logAndReturn(90)) - omNode-1@group-523986131536-LeaderElection9: ELECTION PASSED received 1 response(s) and 1 exception(s):
2023-02-28 20:09:18,653 [omNode-1@group-523986131536-LeaderElection9] INFO  impl.LeaderElection (LeaderElection.java:logAndReturn(94)) -   Response 0: omNode-1<-omNode-2#0:OK-t1
2023-02-28 20:09:18,653 [omNode-1@group-523986131536-LeaderElection9] INFO  impl.LeaderElection (LogUtils.java:infoOrTrace(137)) -   Exception 1: java.util.concurrent.ExecutionException: org.apache.ratis.thirdparty.io.grpc.StatusRuntimeException: UNAVAILABLE: io exception
2023-02-28 20:09:18,653 [omNode-1@group-523986131536-LeaderElection9] INFO  impl.LeaderElection (LeaderElection.java:askForVotes(314)) - omNode-1@group-523986131536-LeaderElection9 ELECTION round 0: result PASSED
2023-02-28 20:09:18,654 [omNode-1@group-523986131536-LeaderElection9] INFO  impl.RoleInfo (RoleInfo.java:shutdownLeaderElection(130)) - omNode-1: shutdown omNode-1@group-523986131536-LeaderElection9
2023-02-28 20:09:18,655 [omNode-1@group-523986131536-LeaderElection9] INFO  server.RaftServer$Division (RaftServerImpl.java:setRole(321)) - omNode-1@group-523986131536: changes role from CANDIDATE to LEADER at term 1 for changeToLeader
2023-02-28 20:09:18,655 [omNode-1@group-523986131536-LeaderElection9] INFO  server.RaftServer$Division (ServerState.java:setLeader(313)) - omNode-1@group-523986131536: change Leader from null to omNode-1 at term 1 for becomeLeader, leader elected after 1712ms
2023-02-28 20:09:18,655 [omNode-1@group-523986131536-LeaderElection9] INFO  server.RaftServerConfigKeys (ConfUtils.java:logGet(46)) - raft.server.staging.catchup.gap = 1000 (default)
2023-02-28 20:09:18,656 [omNode-1@group-523986131536-LeaderElection9] INFO  server.RaftServerConfigKeys (ConfUtils.java:logGet(46)) - raft.server.write.element-limit = 4096 (default)
2023-02-28 20:09:18,656 [omNode-1@group-523986131536-LeaderElection9] INFO  server.RaftServerConfigKeys (ConfUtils.java:logGet(46)) - raft.server.write.byte-limit = 64MB (=67108864) (default)
2023-02-28 20:09:18,656 [omNode-1@group-523986131536-LeaderElection9] INFO  server.RaftServerConfigKeys (ConfUtils.java:logGet(46)) - raft.server.watch.timeout = 10s (default)
2023-02-28 20:09:18,656 [omNode-1@group-523986131536-LeaderElection9] INFO  server.RaftServerConfigKeys (ConfUtils.java:logGet(46)) - raft.server.watch.timeout.denomination = 1s (default)
2023-02-28 20:09:18,656 [omNode-1@group-523986131536-LeaderElection9] INFO  server.RaftServerConfigKeys (ConfUtils.java:logGet(46)) - raft.server.watch.element-limit = 65536 (default)
2023-02-28 20:09:18,656 [omNode-1@group-523986131536-LeaderElection9] INFO  server.RaftServerConfigKeys (ConfUtils.java:logGet(46)) - raft.server.write.element-limit = 4096 (default)
2023-02-28 20:09:18,656 [omNode-1@group-523986131536-LeaderElection9] INFO  server.RaftServerConfigKeys (ConfUtils.java:logGet(46)) - raft.server.write.follower.gap.ratio.max = -1.0 (default)
2023-02-28 20:09:18,656 [omNode-1@group-523986131536-LeaderElection9] INFO  server.RaftServerConfigKeys (ConfUtils.java:logGet(46)) - raft.server.log.appender.snapshot.chunk.size.max = 16MB (=16777216) (default)
2023-02-28 20:09:18,656 [omNode-1@group-523986131536-LeaderElection9] INFO  server.RaftServerConfigKeys (ConfUtils.java:logGet(46)) - raft.server.log.appender.buffer.byte-limit = 33554432 (custom)
2023-02-28 20:09:18,656 [omNode-1@group-523986131536-LeaderElection9] INFO  server.RaftServerConfigKeys (ConfUtils.java:logGet(46)) - raft.server.log.appender.buffer.element-limit = 1024 (custom)
2023-02-28 20:09:18,657 [omNode-1@group-523986131536-LeaderElection9] INFO  grpc.GrpcConfigKeys (ConfUtils.java:logGet(46)) - raft.grpc.server.leader.outstanding.appends.max = 128 (default)
2023-02-28 20:09:18,657 [omNode-1@group-523986131536-LeaderElection9] INFO  server.RaftServerConfigKeys (ConfUtils.java:logGet(46)) - raft.server.rpc.request.timeout = 3000ms (default)
2023-02-28 20:09:18,657 [omNode-1@group-523986131536-LeaderElection9] INFO  server.RaftServerConfigKeys (ConfUtils.java:logGet(46)) - raft.server.log.appender.install.snapshot.enabled = false (custom)
2023-02-28 20:09:18,657 [omNode-1@group-523986131536-LeaderElection9] INFO  grpc.GrpcConfigKeys (ConfUtils.java:logGet(46)) - raft.grpc.server.heartbeat.channel = true (default)
2023-02-28 20:09:18,657 [omNode-1@group-523986131536-LeaderElection9] INFO  server.RaftServerConfigKeys (ConfUtils.java:logGet(46)) - raft.server.log.appender.wait-time.min = 10ms (default)
2023-02-28 20:09:18,657 [omNode-1@group-523986131536-LeaderElection9] INFO  server.RaftServerConfigKeys (ConfUtils.java:logGet(46)) - raft.server.log.appender.snapshot.chunk.size.max = 16MB (=16777216) (default)
2023-02-28 20:09:18,657 [omNode-1@group-523986131536-LeaderElection9] INFO  server.RaftServerConfigKeys (ConfUtils.java:logGet(46)) - raft.server.log.appender.buffer.byte-limit = 33554432 (custom)
2023-02-28 20:09:18,657 [omNode-1@group-523986131536-LeaderElection9] INFO  server.RaftServerConfigKeys (ConfUtils.java:logGet(46)) - raft.server.log.appender.buffer.element-limit = 1024 (custom)
2023-02-28 20:09:18,657 [omNode-1@group-523986131536-LeaderElection9] INFO  grpc.GrpcConfigKeys (ConfUtils.java:logGet(46)) - raft.grpc.server.leader.outstanding.appends.max = 128 (default)
2023-02-28 20:09:18,657 [omNode-1@group-523986131536-LeaderElection9] INFO  server.RaftServerConfigKeys (ConfUtils.java:logGet(46)) - raft.server.rpc.request.timeout = 3000ms (default)
2023-02-28 20:09:18,657 [omNode-1@group-523986131536-LeaderElection9] INFO  server.RaftServerConfigKeys (ConfUtils.java:logGet(46)) - raft.server.log.appender.install.snapshot.enabled = false (custom)
2023-02-28 20:09:18,657 [omNode-1@group-523986131536-LeaderElection9] INFO  grpc.GrpcConfigKeys (ConfUtils.java:logGet(46)) - raft.grpc.server.heartbeat.channel = true (default)
2023-02-28 20:09:18,657 [omNode-1@group-523986131536-LeaderElection9] INFO  server.RaftServerConfigKeys (ConfUtils.java:logGet(46)) - raft.server.log.appender.wait-time.min = 10ms (default)
2023-02-28 20:09:18,658 [omNode-1@group-523986131536-LeaderElection9] INFO  impl.RoleInfo (RoleInfo.java:updateAndGet(139)) - omNode-1: start omNode-1@group-523986131536-LeaderStateImpl
2023-02-28 20:09:18,658 [omNode-1@group-523986131536-LeaderElection9] INFO  segmented.SegmentedRaftLogWorker (SegmentedRaftLogWorker.java:startLogSegment(452)) - omNode-1@group-523986131536-SegmentedRaftLogWorker: Starting segment from index:0
2023-02-28 20:09:18,662 [grpc-default-executor-5] WARN  server.GrpcLogAppender (LogUtils.java:warn(122)) - omNode-1@group-523986131536->omNode-3-AppendLogResponseHandler: Failed appendEntries: org.apache.ratis.thirdparty.io.grpc.StatusRuntimeException: UNAVAILABLE: io exception
2023-02-28 20:09:18,664 [omNode-1@group-523986131536-LeaderElection9] INFO  server.RaftServer$Division (ServerState.java:setRaftConf(430)) - omNode-1@group-523986131536: set configuration 0: peers:[omNode-3|rpc:localhost:41909|admin:|client:|dataStream:|priority:0|startupRole:FOLLOWER, omNode-1|rpc:localhost:41453|admin:|client:|dataStream:|priority:0|startupRole:FOLLOWER, omNode-2|rpc:localhost:42001|admin:|client:|dataStream:|priority:0|startupRole:FOLLOWER]|listeners:[], old=null
2023-02-28 20:09:18,664 [grpc-default-executor-5] WARN  server.GrpcLogAppender (GrpcLogAppender.java:resetClient(131)) - omNode-1@group-523986131536->omNode-3-GrpcLogAppender: Leader has not got in touch with Follower omNode-1@group-523986131536->omNode-3(c-1,m0,n0, attendVote=true, lastRpcSendTime=2, lastRpcResponseTime=1208) yet, just keep nextIndex unchanged and retry.
2023-02-28 20:09:18,670 [omNode-1@group-523986131536-SegmentedRaftLogWorker] INFO  segmented.SegmentedRaftLogWorker (SegmentedRaftLogWorker.java:execute(656)) - omNode-1@group-523986131536-SegmentedRaftLogWorker: created new log segment /home/runner/work/ozone/ozone/hadoop-ozone/integration-test/target/test-dir/MiniOzoneClusterImpl-58db5c20-d6df-4fe1-a747-1f1a0fc9447e/omNode-1/ratis/c9bc4cf4-3bc3-3c60-a66b-523986131536/current/log_inprogress_0
2023-02-28 20:09:18,671 [omNode-1@group-523986131536-StateMachineUpdater] INFO  ratis.OzoneManagerStateMachine (OzoneManagerStateMachine.java:notifyConfigurationChanged(192)) - Received Configuration change notification from Ratis. New Peer list:
[id: "omNode-3"
address: "localhost:41909"
startupRole: FOLLOWER
, id: "omNode-1"
address: "localhost:41453"
startupRole: FOLLOWER
, id: "omNode-2"
address: "localhost:42001"
startupRole: FOLLOWER
]
2023-02-28 20:09:18,673 [grpc-default-executor-0] WARN  server.GrpcLogAppender (LogUtils.java:warn(122)) - omNode-1@group-523986131536->omNode-3-AppendLogResponseHandler: Failed appendEntries: org.apache.ratis.thirdparty.io.grpc.StatusRuntimeException: UNAVAILABLE: io exception
2023-02-28 20:09:18,674 [grpc-default-executor-0] WARN  server.GrpcLogAppender (GrpcLogAppender.java:resetClient(131)) - omNode-1@group-523986131536->omNode-3-GrpcLogAppender: Leader has not got in touch with Follower omNode-1@group-523986131536->omNode-3(c-1,m0,n0, attendVote=true, lastRpcSendTime=11, lastRpcResponseTime=1217) yet, just keep nextIndex unchanged and retry.
2023-02-28 20:09:18,687 [grpc-default-executor-0] WARN  server.GrpcLogAppender (LogUtils.java:warn(122)) - omNode-1@group-523986131536->omNode-3-AppendLogResponseHandler: Failed appendEntries: org.apache.ratis.thirdparty.io.grpc.StatusRuntimeException: UNAVAILABLE: io exception
2023-02-28 20:09:18,687 [grpc-default-executor-0] WARN  server.GrpcLogAppender (GrpcLogAppender.java:resetClient(131)) - omNode-1@group-523986131536->omNode-3-GrpcLogAppender: Leader has not got in touch with Follower omNode-1@group-523986131536->omNode-3(c-1,m0,n1, attendVote=true, lastRpcSendTime=0, lastRpcResponseTime=1231) yet, just keep nextIndex unchanged and retry.
2023-02-28 20:09:18,690 [grpc-default-executor-5] WARN  server.GrpcLogAppender (LogUtils.java:warn(122)) - omNode-1@group-523986131536->omNode-3-AppendLogResponseHandler: Failed appendEntries: org.apache.ratis.thirdparty.io.grpc.StatusRuntimeException: UNAVAILABLE: io exception
2023-02-28 20:09:18,695 [grpc-default-executor-5] WARN  server.GrpcLogAppender (GrpcLogAppender.java:resetClient(131)) - omNode-1@group-523986131536->omNode-3-GrpcLogAppender: Leader has not got in touch with Follower omNode-1@group-523986131536->omNode-3(c-1,m0,n1, attendVote=true, lastRpcSendTime=8, lastRpcResponseTime=1239) yet, just keep nextIndex unchanged and retry.
2023-02-28 20:09:18,719 [omNode-2-server-thread1] INFO  server.RaftServer$Division (ServerState.java:setLeader(313)) - omNode-2@group-523986131536: change Leader from null to omNode-1 at term 1 for appendEntries, leader elected after 941ms
2023-02-28 20:09:18,720 [omNode-2-server-thread1] INFO  server.RaftServer$Division (ServerState.java:setRaftConf(430)) - omNode-2@group-523986131536: set configuration 0: peers:[omNode-3|rpc:localhost:41909|admin:|client:|dataStream:|priority:0|startupRole:FOLLOWER, omNode-1|rpc:localhost:41453|admin:|client:|dataStream:|priority:0|startupRole:FOLLOWER, omNode-2|rpc:localhost:42001|admin:|client:|dataStream:|priority:0|startupRole:FOLLOWER]|listeners:[], old=null
2023-02-28 20:09:18,721 [omNode-2-server-thread1] INFO  segmented.SegmentedRaftLogWorker (SegmentedRaftLogWorker.java:startLogSegment(452)) - omNode-2@group-523986131536-SegmentedRaftLogWorker: Starting segment from index:0
2023-02-28 20:09:18,733 [omNode-2@group-523986131536-SegmentedRaftLogWorker] INFO  segmented.SegmentedRaftLogWorker (SegmentedRaftLogWorker.java:execute(656)) - omNode-2@group-523986131536-SegmentedRaftLogWorker: created new log segment /home/runner/work/ozone/ozone/hadoop-ozone/integration-test/target/test-dir/MiniOzoneClusterImpl-58db5c20-d6df-4fe1-a747-1f1a0fc9447e/omNode-2/ratis/c9bc4cf4-3bc3-3c60-a66b-523986131536/current/log_inprogress_0
2023-02-28 20:09:18,734 [omNode-2@group-523986131536-StateMachineUpdater] INFO  ratis.OzoneManagerStateMachine (OzoneManagerStateMachine.java:notifyConfigurationChanged(192)) - Received Configuration change notification from Ratis. New Peer list:
[id: "omNode-3"
address: "localhost:41909"
startupRole: FOLLOWER
, id: "omNode-1"
address: "localhost:41453"
startupRole: FOLLOWER
, id: "omNode-2"
address: "localhost:42001"
startupRole: FOLLOWER
]
2023-02-28 20:09:18,905 [EndpointStateMachine task thread for /0.0.0.0:42901 - 0 ] INFO  ipc.Client (Client.java:handleConnectionFailure(1010)) - Retrying connect to server: 0.0.0.0/0.0.0.0:42901. Already tried 5 time(s); retry policy is RetryUpToMaximumCountWithFixedSleep(maxRetries=15, sleepTime=1000 MILLISECONDS)
2023-02-28 20:09:18,913 [grpc-default-executor-5] WARN  server.GrpcLogAppender (LogUtils.java:warn(122)) - omNode-1@group-523986131536->omNode-3-AppendLogResponseHandler: Failed appendEntries: org.apache.ratis.thirdparty.io.grpc.StatusRuntimeException: UNAVAILABLE: io exception
2023-02-28 20:09:18,914 [grpc-default-executor-0] WARN  server.GrpcLogAppender (LogUtils.java:warn(122)) - omNode-1@group-523986131536->omNode-3-AppendLogResponseHandler: Failed appendEntries: org.apache.ratis.thirdparty.io.grpc.StatusRuntimeException: UNAVAILABLE: io exception
2023-02-28 20:09:18,915 [grpc-default-executor-5] WARN  server.GrpcLogAppender (GrpcLogAppender.java:resetClient(131)) - omNode-1@group-523986131536->omNode-3-GrpcLogAppender: Leader has not got in touch with Follower omNode-1@group-523986131536->omNode-3(c-1,m0,n1, attendVote=true, lastRpcSendTime=1, lastRpcResponseTime=1459) yet, just keep nextIndex unchanged and retry.
2023-02-28 20:09:18,916 [grpc-default-executor-0] WARN  server.GrpcLogAppender (GrpcLogAppender.java:resetClient(131)) - omNode-1@group-523986131536->omNode-3-GrpcLogAppender: Leader has not got in touch with Follower omNode-1@group-523986131536->omNode-3(c-1,m0,n1, attendVote=true, lastRpcSendTime=2, lastRpcResponseTime=1460) yet, just keep nextIndex unchanged and retry.
2023-02-28 20:09:19,133 [Listener at 127.0.0.1/41265] INFO  reflections.Reflections (Reflections.java:scan(232)) - Reflections took 583 ms to scan 19 urls, producing 68 keys and 4869 values [using 2 cores]
2023-02-28 20:09:19,134 [Listener at 127.0.0.1/41265] INFO  ipc.CallQueueManager (CallQueueManager.java:<init>(90)) - Using callQueue: class java.util.concurrent.LinkedBlockingQueue, queueCapacity: 2000, scheduler: class org.apache.hadoop.ipc.DefaultRpcScheduler, ipcBackoff: false.
2023-02-28 20:09:19,138 [Socket Reader #1 for port 37989] INFO  ipc.Server (Server.java:run(1273)) - Starting Socket Reader #1 for port 37989
2023-02-28 20:09:19,160 [Listener at 127.0.0.1/37989] INFO  impl.MetricsSystemImpl (MetricsSystemImpl.java:init(158)) - OzoneManager metrics system started (again)
2023-02-28 20:09:19,164 [grpc-default-executor-0] WARN  server.GrpcLogAppender (LogUtils.java:warn(122)) - omNode-1@group-523986131536->omNode-3-AppendLogResponseHandler: Failed appendEntries: org.apache.ratis.thirdparty.io.grpc.StatusRuntimeException: UNAVAILABLE: io exception
2023-02-28 20:09:19,164 [grpc-default-executor-5] WARN  server.GrpcLogAppender (LogUtils.java:warn(122)) - omNode-1@group-523986131536->omNode-3-AppendLogResponseHandler: Failed appendEntries: org.apache.ratis.thirdparty.io.grpc.StatusRuntimeException: UNAVAILABLE: io exception
2023-02-28 20:09:19,166 [grpc-default-executor-0] WARN  server.GrpcLogAppender (GrpcLogAppender.java:resetClient(131)) - omNode-1@group-523986131536->omNode-3-GrpcLogAppender: Leader has not got in touch with Follower omNode-1@group-523986131536->omNode-3(c-1,m0,n1, attendVote=true, lastRpcSendTime=0, lastRpcResponseTime=1709) yet, just keep nextIndex unchanged and retry.
2023-02-28 20:09:19,166 [grpc-default-executor-5] WARN  server.GrpcLogAppender (GrpcLogAppender.java:resetClient(131)) - omNode-1@group-523986131536->omNode-3-GrpcLogAppender: Leader has not got in touch with Follower omNode-1@group-523986131536->omNode-3(c-1,m0,n1, attendVote=true, lastRpcSendTime=1, lastRpcResponseTime=1710) yet, just keep nextIndex unchanged and retry.
2023-02-28 20:09:19,174 [Listener at 127.0.0.1/37989] INFO  om.OzoneManager (OzoneManager.java:start(1551)) - OzoneManager RPC server is listening at localhost/127.0.0.1:37989
2023-02-28 20:09:19,174 [Listener at 127.0.0.1/37989] INFO  ratis.OzoneManagerRatisServer (OzoneManagerRatisServer.java:start(559)) - Starting OzoneManagerRatisServer omNode-3 at port 41909
2023-02-28 20:09:19,174 [omNode-3-impl-thread1] INFO  storage.RaftStorageDirectory (RaftStorageDirectoryImpl.java:analyzeStorage(137)) - The storage directory /home/runner/work/ozone/ozone/hadoop-ozone/integration-test/target/test-dir/MiniOzoneClusterImpl-58db5c20-d6df-4fe1-a747-1f1a0fc9447e/omNode-3/ratis/c9bc4cf4-3bc3-3c60-a66b-523986131536 does not exist. Creating ...
2023-02-28 20:09:19,175 [omNode-3-impl-thread1] INFO  storage.RaftStorageDirectory (RaftStorageDirectoryImpl.java:tryLock(231)) - Lock on /home/runner/work/ozone/ozone/hadoop-ozone/integration-test/target/test-dir/MiniOzoneClusterImpl-58db5c20-d6df-4fe1-a747-1f1a0fc9447e/omNode-3/ratis/c9bc4cf4-3bc3-3c60-a66b-523986131536/in_use.lock acquired by nodename 61155@fv-az399-334
2023-02-28 20:09:19,177 [omNode-3-impl-thread1] INFO  storage.RaftStorage (RaftStorageImpl.java:format(96)) - Storage directory /home/runner/work/ozone/ozone/hadoop-ozone/integration-test/target/test-dir/MiniOzoneClusterImpl-58db5c20-d6df-4fe1-a747-1f1a0fc9447e/omNode-3/ratis/c9bc4cf4-3bc3-3c60-a66b-523986131536 has been successfully formatted.
2023-02-28 20:09:19,177 [omNode-3-impl-thread1] INFO  server.RaftServerConfigKeys (ConfUtils.java:logGet(46)) - raft.server.log.use.memory = false (default)
2023-02-28 20:09:19,177 [omNode-3-impl-thread1] INFO  server.RaftServerConfigKeys (ConfUtils.java:logGet(46)) - raft.server.log.purge.gap = 1000000 (custom)
2023-02-28 20:09:19,177 [omNode-3-impl-thread1] INFO  server.RaftServerConfigKeys (ConfUtils.java:logGet(46)) - raft.server.log.appender.buffer.byte-limit = 33554432 (custom)
2023-02-28 20:09:19,177 [omNode-3-impl-thread1] INFO  server.RaftServerConfigKeys (ConfUtils.java:logGet(46)) - raft.server.log.statemachine.data.read.timeout = 1000ms (default)
2023-02-28 20:09:19,177 [omNode-3-impl-thread1] INFO  server.RaftServerConfigKeys (ConfUtils.java:logGet(46)) - raft.server.log.purge.preservation.log.num = 0 (default)
2023-02-28 20:09:19,177 [omNode-3-impl-thread1] INFO  server.RaftServerConfigKeys (ConfUtils.java:logGet(46)) - raft.server.log.segment.size.max = 4194304 (custom)
2023-02-28 20:09:19,177 [omNode-3-impl-thread1] INFO  server.RaftServerConfigKeys (ConfUtils.java:logGet(46)) - raft.server.log.segment.cache.num.max = 2 (custom)
2023-02-28 20:09:19,177 [omNode-3-impl-thread1] INFO  server.RaftServerConfigKeys (ConfUtils.java:logGet(46)) - raft.server.log.segment.cache.size.max = 200MB (=209715200) (default)
2023-02-28 20:09:19,178 [omNode-3-impl-thread1] INFO  segmented.SegmentedRaftLogWorker (SegmentedRaftLogWorker.java:<init>(189)) - new omNode-3@group-523986131536-SegmentedRaftLogWorker for RaftStorageImpl:Storage Directory /home/runner/work/ozone/ozone/hadoop-ozone/integration-test/target/test-dir/MiniOzoneClusterImpl-58db5c20-d6df-4fe1-a747-1f1a0fc9447e/omNode-3/ratis/c9bc4cf4-3bc3-3c60-a66b-523986131536
2023-02-28 20:09:19,178 [omNode-3-impl-thread1] INFO  server.RaftServerConfigKeys (ConfUtils.java:logGet(46)) - raft.server.log.queue.byte-limit = 64MB (=67108864) (default)
2023-02-28 20:09:19,178 [omNode-3-impl-thread1] INFO  server.RaftServerConfigKeys (ConfUtils.java:logGet(46)) - raft.server.log.queue.element-limit = 4096 (default)
2023-02-28 20:09:19,178 [omNode-3-impl-thread1] INFO  server.RaftServerConfigKeys (ConfUtils.java:logGet(46)) - raft.server.log.segment.size.max = 4194304 (custom)
2023-02-28 20:09:19,178 [omNode-3-impl-thread1] INFO  server.RaftServerConfigKeys (ConfUtils.java:logGet(46)) - raft.server.log.preallocated.size = 4194304 (custom)
2023-02-28 20:09:19,178 [omNode-3-impl-thread1] INFO  server.RaftServerConfigKeys (ConfUtils.java:logGet(46)) - raft.server.log.force.sync.num = 128 (default)
2023-02-28 20:09:19,178 [omNode-3-impl-thread1] INFO  server.RaftServerConfigKeys (ConfUtils.java:logGet(46)) - raft.server.log.statemachine.data.sync = true (default)
2023-02-28 20:09:19,178 [omNode-3-impl-thread1] INFO  server.RaftServerConfigKeys (ConfUtils.java:logGet(46)) - raft.server.log.statemachine.data.sync.timeout = 10s (default)
2023-02-28 20:09:19,178 [omNode-3-impl-thread1] INFO  server.RaftServerConfigKeys (ConfUtils.java:logGet(46)) - raft.server.log.statemachine.data.sync.timeout.retry = -1 (default)
2023-02-28 20:09:19,178 [omNode-3-impl-thread1] INFO  server.RaftServerConfigKeys (ConfUtils.java:logGet(46)) - raft.server.log.write.buffer.size = 64KB (=65536) (default)
2023-02-28 20:09:19,178 [omNode-3-impl-thread1] INFO  server.RaftServerConfigKeys (ConfUtils.java:logGet(46)) - raft.server.log.appender.buffer.byte-limit = 33554432 (custom)
2023-02-28 20:09:19,183 [omNode-3-impl-thread1] INFO  server.RaftServerConfigKeys (ConfUtils.java:logGet(46)) - raft.server.log.unsafe-flush.enabled = false (default)
2023-02-28 20:09:19,183 [omNode-3-impl-thread1] INFO  server.RaftServerConfigKeys (ConfUtils.java:logGet(46)) - raft.server.log.async-flush.enabled = false (default)
2023-02-28 20:09:19,183 [omNode-3-impl-thread1] INFO  server.RaftServerConfigKeys (ConfUtils.java:logGet(46)) - raft.server.log.statemachine.data.caching.enabled = false (default)
2023-02-28 20:09:19,183 [omNode-3-impl-thread1] INFO  segmented.SegmentedRaftLogWorker (SegmentedRaftLogWorker.java:lambda$new$0(135)) - omNode-3@group-523986131536-SegmentedRaftLogWorker: flushIndex: setUnconditionally 0 -> -1
2023-02-28 20:09:19,183 [omNode-3-impl-thread1] INFO  segmented.SegmentedRaftLogWorker (SegmentedRaftLogWorker.java:lambda$new$0(135)) - omNode-3@group-523986131536-SegmentedRaftLogWorker: safeCacheEvictIndex: setUnconditionally 0 -> -1
2023-02-28 20:09:19,183 [omNode-3-impl-thread1] INFO  server.RaftServer$Division (RaftServerImpl.java:start(334)) - omNode-3@group-523986131536: start as a follower, conf=-1: peers:[omNode-3|rpc:localhost:41909|priority:0|startupRole:FOLLOWER, omNode-1|rpc:localhost:41453|priority:0|startupRole:FOLLOWER, omNode-2|rpc:localhost:42001|priority:0|startupRole:FOLLOWER]|listeners:[], old=null
2023-02-28 20:09:19,184 [omNode-3-impl-thread1] INFO  server.RaftServer$Division (RaftServerImpl.java:setRole(321)) - omNode-3@group-523986131536: changes role from      null to FOLLOWER at term 0 for startAsFollower
2023-02-28 20:09:19,184 [omNode-3-impl-thread1] INFO  impl.RoleInfo (RoleInfo.java:updateAndGet(139)) - omNode-3: start omNode-3@group-523986131536-FollowerState
2023-02-28 20:09:19,184 [omNode-3-impl-thread1] INFO  util.JmxRegister (JmxRegister.java:tryRegister(44)) - Successfully registered JMX Bean with object name Ratis:service=RaftServer,group=group-523986131536,id=omNode-3
2023-02-28 20:09:19,184 [omNode-3-impl-thread1] INFO  server.RaftServerConfigKeys (ConfUtils.java:logGet(46)) - raft.server.snapshot.auto.trigger.enabled = true (custom)
2023-02-28 20:09:19,184 [omNode-3-impl-thread1] INFO  server.RaftServerConfigKeys (ConfUtils.java:logGet(46)) - raft.server.snapshot.auto.trigger.threshold = 400000 (default)
2023-02-28 20:09:19,184 [omNode-3-impl-thread1] INFO  server.RaftServerConfigKeys (ConfUtils.java:logGet(46)) - raft.server.snapshot.retention.file.num = -1 (default)
2023-02-28 20:09:19,184 [omNode-3-impl-thread1] INFO  server.RaftServerConfigKeys (ConfUtils.java:logGet(46)) - raft.server.log.purge.upto.snapshot.index = true (custom)
2023-02-28 20:09:19,185 [omNode-3@group-523986131536-FollowerState] INFO  server.RaftServerConfigKeys (ConfUtils.java:logFallback(53)) - raft.server.rpc.first-election.timeout.min = 1s (fallback to raft.server.rpc.timeout.min)
2023-02-28 20:09:19,185 [omNode-3@group-523986131536-FollowerState] INFO  server.RaftServerConfigKeys (ConfUtils.java:logFallback(53)) - raft.server.rpc.first-election.timeout.max = 1200ms (fallback to raft.server.rpc.timeout.max)
2023-02-28 20:09:19,185 [Listener at 127.0.0.1/37989] INFO  server.RaftServer (RaftServerProxy.java:startImpl(393)) - omNode-3: start RPC server
2023-02-28 20:09:19,199 [Listener at 127.0.0.1/37989] INFO  server.GrpcService (GrpcService.java:startImpl(262)) - omNode-3: GrpcService started, listening on 41909
2023-02-28 20:09:19,204 [Listener at 127.0.0.1/37989] INFO  om.OzoneManager (OzoneManager.java:start(1567)) - Version File has different layout version (3) than OM DB (null). That is expected if this OM has never been finalized to a newer layout version.
2023-02-28 20:09:19,204 [JvmPauseMonitor8] INFO  util.JvmPauseMonitor (JvmPauseMonitor.java:run(105)) - JvmPauseMonitor-omNode-3: Started
2023-02-28 20:09:19,231 [Listener at 127.0.0.1/37989] INFO  http.BaseHttpServer (BaseHttpServer.java:newHttpServer2BuilderForOzone(213)) - Starting Web-server for ozoneManager at: http://0.0.0.0:41925
2023-02-28 20:09:19,231 [Listener at 127.0.0.1/37989] INFO  http.BaseHttpServer (BaseHttpServer.java:<init>(108)) - Hadoop Security Enabled: false Ozone Security Enabled: false Ozone HTTP Security Enabled: false 
2023-02-28 20:09:19,232 [Listener at 127.0.0.1/37989] WARN  server.AuthenticationFilter (AuthenticationFilter.java:constructSecretProvider(240)) - Unable to initialize FileSignerSecretProvider, falling back to use random secrets. Reason: Could not read signature secret file: /home/runner/hadoop-http-auth-signature-secret
2023-02-28 20:09:19,233 [Listener at 127.0.0.1/37989] WARN  http.HttpRequestLog (HttpRequestLog.java:getRequestLog(103)) - Jetty request log can only be enabled using Log4j
2023-02-28 20:09:19,235 [Listener at 127.0.0.1/37989] INFO  http.HttpServer2 (HttpServer2.java:addGlobalFilter(1031)) - Added global filter 'safety' (class=org.apache.hadoop.hdds.server.http.HttpServer2$QuotingInputFilter)
2023-02-28 20:09:19,235 [Listener at 127.0.0.1/37989] INFO  http.HttpServer2 (HttpServer2.java:addFilter(1007)) - Added filter static_user_filter (class=org.apache.hadoop.http.lib.StaticUserWebFilter$StaticUserFilter) to context ozoneManager
2023-02-28 20:09:19,235 [Listener at 127.0.0.1/37989] INFO  http.HttpServer2 (HttpServer2.java:addFilter(1015)) - Added filter static_user_filter (class=org.apache.hadoop.http.lib.StaticUserWebFilter$StaticUserFilter) to context logs
2023-02-28 20:09:19,235 [Listener at 127.0.0.1/37989] INFO  http.HttpServer2 (HttpServer2.java:addFilter(1015)) - Added filter static_user_filter (class=org.apache.hadoop.http.lib.StaticUserWebFilter$StaticUserFilter) to context static
2023-02-28 20:09:19,236 [Listener at 127.0.0.1/37989] INFO  http.HttpServer2 (HttpServer2.java:bindListener(1250)) - Jetty bound to port 41925
2023-02-28 20:09:19,236 [Listener at 127.0.0.1/37989] INFO  server.Server (Server.java:doStart(375)) - jetty-9.4.49.v20220914; built: 2022-09-14T01:07:36.601Z; git: 4231a3b2e4cb8548a412a789936d640a97b1aa0a; jvm 1.8.0_362-b09
2023-02-28 20:09:19,278 [Listener at 127.0.0.1/37989] INFO  server.session (DefaultSessionIdManager.java:doStart(334)) - DefaultSessionIdManager workerName=node0
2023-02-28 20:09:19,278 [Listener at 127.0.0.1/37989] INFO  server.session (DefaultSessionIdManager.java:doStart(339)) - No SessionScavenger set, using defaults
2023-02-28 20:09:19,278 [Listener at 127.0.0.1/37989] INFO  server.session (HouseKeeper.java:startScavenging(132)) - node0 Scavenging every 660000ms
2023-02-28 20:09:19,286 [Listener at 127.0.0.1/37989] INFO  handler.ContextHandler (ContextHandler.java:doStart(921)) - Started o.e.j.s.ServletContextHandler@7b31035d{logs,/logs,file:///home/runner/work/ozone/ozone/hadoop-ozone/integration-test/target/log,AVAILABLE}
2023-02-28 20:09:19,287 [Listener at 127.0.0.1/37989] INFO  handler.ContextHandler (ContextHandler.java:doStart(921)) - Started o.e.j.s.ServletContextHandler@5aa0771d{static,/static,file:///home/runner/work/ozone/ozone/hadoop-ozone/integration-test/target/test-classes/webapps/static,AVAILABLE}
2023-02-28 20:09:19,290 [Listener at 127.0.0.1/37989] INFO  handler.ContextHandler (ContextHandler.java:doStart(921)) - Started o.e.j.w.WebAppContext@4cc394c0{ozoneManager,/,file:///home/runner/work/ozone/ozone/hadoop-ozone/integration-test/target/test-classes/webapps/ozoneManager/,AVAILABLE}{file:/home/runner/work/ozone/ozone/hadoop-ozone/integration-test/target/test-classes/webapps/ozoneManager}
2023-02-28 20:09:19,295 [Listener at 127.0.0.1/37989] INFO  server.AbstractConnector (AbstractConnector.java:doStart(333)) - Started ServerConnector@7cb70671{HTTP/1.1, (http/1.1)}{0.0.0.0:41925}
2023-02-28 20:09:19,295 [Listener at 127.0.0.1/37989] INFO  server.Server (Server.java:doStart(415)) - Started @67980ms
2023-02-28 20:09:19,295 [Listener at 127.0.0.1/37989] WARN  impl.MetricsSystemImpl (MetricsSystemImpl.java:register(279)) - Sink prometheus already exists!
2023-02-28 20:09:19,296 [Listener at 127.0.0.1/37989] INFO  http.BaseHttpServer (BaseHttpServer.java:updateConnectorAddress(333)) - HTTP server of ozoneManager listening at http://0.0.0.0:41925
2023-02-28 20:09:19,296 [IPC Server Responder] INFO  ipc.Server (Server.java:run(1512)) - IPC Server Responder: starting
2023-02-28 20:09:19,296 [IPC Server listener on 37989] INFO  ipc.Server (Server.java:run(1352)) - IPC Server listener on 37989: starting
2023-02-28 20:09:19,310 [Listener at 127.0.0.1/37989] INFO  om.OzoneManager (OzoneManager.java:startTrashEmptier(2038)) - Trash Interval set to 0. Files deleted won't move to trash
2023-02-28 20:09:19,319 [Listener at 127.0.0.1/37989] INFO  ozone.MiniOzoneHAClusterImpl (MiniOzoneHAClusterImpl.java:createOMService(527)) - Started OzoneManager omNode-3 RPC server at localhost/127.0.0.1:37989
2023-02-28 20:09:19,331 [org.apache.hadoop.util.JvmPauseMonitor$Monitor@ff7d154] INFO  util.JvmPauseMonitor (JvmPauseMonitor.java:run(188)) - Starting JVM pause monitor
2023-02-28 20:09:19,338 [Listener at 127.0.0.1/37989] WARN  impl.MetricRegistriesImpl (MetricRegistriesImpl.java:addReporterRegistration(111)) - New reporters are added after registries were created. Some metrics will be missing from the reporter. Please add reporter before adding any new registry.
2023-02-28 20:09:19,338 [Listener at 127.0.0.1/37989] WARN  impl.MetricRegistriesImpl (MetricRegistriesImpl.java:addReporterRegistration(111)) - New reporters are added after registries were created. Some metrics will be missing from the reporter. Please add reporter before adding any new registry.
2023-02-28 20:09:19,338 [Listener at 127.0.0.1/37989] INFO  impl.MetricsSystemImpl (MetricsSystemImpl.java:init(158)) - HddsDatanode metrics system started (again)
2023-02-28 20:09:19,367 [Listener at 127.0.0.1/37989] INFO  ozone.HddsDatanodeService (HddsDatanodeService.java:start(228)) - HddsDatanodeService host:fv-az399-334 ip:10.1.1.15
2023-02-28 20:09:19,391 [Listener at 127.0.0.1/37989] INFO  upgrade.AbstractLayoutVersionManager (AbstractLayoutVersionManager.java:init(83)) - Initializing Layout version manager with metadata layout = DATANODE_SCHEMA_V3 (version = 4), software layout = DATANODE_SCHEMA_V3 (version = 4)
2023-02-28 20:09:19,415 [grpc-default-executor-5] WARN  server.GrpcLogAppender (LogUtils.java:warn(122)) - omNode-1@group-523986131536->omNode-3-AppendLogResponseHandler: Failed appendEntries: org.apache.ratis.thirdparty.io.grpc.StatusRuntimeException: UNAVAILABLE: io exception
2023-02-28 20:09:19,416 [grpc-default-executor-0] WARN  server.GrpcLogAppender (LogUtils.java:warn(122)) - omNode-1@group-523986131536->omNode-3-AppendLogResponseHandler: Failed appendEntries: org.apache.ratis.thirdparty.io.grpc.StatusRuntimeException: UNAVAILABLE: io exception
2023-02-28 20:09:19,417 [grpc-default-executor-5] WARN  server.GrpcLogAppender (GrpcLogAppender.java:resetClient(131)) - omNode-1@group-523986131536->omNode-3-GrpcLogAppender: Leader has not got in touch with Follower omNode-1@group-523986131536->omNode-3(c-1,m0,n1, attendVote=true, lastRpcSendTime=0, lastRpcResponseTime=1960) yet, just keep nextIndex unchanged and retry.
2023-02-28 20:09:19,418 [grpc-default-executor-0] WARN  server.GrpcLogAppender (GrpcLogAppender.java:resetClient(131)) - omNode-1@group-523986131536->omNode-3-GrpcLogAppender: Leader has not got in touch with Follower omNode-1@group-523986131536->omNode-3(c-1,m0,n1, attendVote=true, lastRpcSendTime=2, lastRpcResponseTime=1961) yet, just keep nextIndex unchanged and retry.
2023-02-28 20:09:19,452 [Listener at 127.0.0.1/37989] INFO  reflections.Reflections (Reflections.java:scan(232)) - Reflections took 59 ms to scan 7 urls, producing 151 keys and 364 values 
2023-02-28 20:09:19,453 [Listener at 127.0.0.1/37989] INFO  statemachine.DatanodeStateMachine (DatanodeStateMachine.java:getEndPointTaskThreadPoolSize(260)) - Datanode State Machine Task Thread Pool size 2
2023-02-28 20:09:19,455 [Listener at 127.0.0.1/37989] INFO  volume.HddsVolume (HddsVolume.java:<init>(122)) - Creating HddsVolume: /home/runner/work/ozone/ozone/hadoop-ozone/integration-test/target/test-dir/MiniOzoneClusterImpl-58db5c20-d6df-4fe1-a747-1f1a0fc9447e/datanode-0/data-0/containers/hdds of storage type : DISK capacity : 9223372036854775807
2023-02-28 20:09:19,455 [Listener at 127.0.0.1/37989] INFO  volume.MutableVolumeSet (MutableVolumeSet.java:initializeVolumeSet(174)) - Added Volume : /home/runner/work/ozone/ozone/hadoop-ozone/integration-test/target/test-dir/MiniOzoneClusterImpl-58db5c20-d6df-4fe1-a747-1f1a0fc9447e/datanode-0/data-0/containers/hdds to VolumeSet
2023-02-28 20:09:19,455 [Listener at 127.0.0.1/37989] INFO  volume.ThrottledAsyncChecker (ThrottledAsyncChecker.java:schedule(141)) - Scheduling a check for /home/runner/work/ozone/ozone/hadoop-ozone/integration-test/target/test-dir/MiniOzoneClusterImpl-58db5c20-d6df-4fe1-a747-1f1a0fc9447e/datanode-0/data-0/containers/hdds
2023-02-28 20:09:19,456 [Listener at 127.0.0.1/37989] INFO  volume.StorageVolumeChecker (StorageVolumeChecker.java:checkAllVolumes(202)) - Scheduled health check for volume /home/runner/work/ozone/ozone/hadoop-ozone/integration-test/target/test-dir/MiniOzoneClusterImpl-58db5c20-d6df-4fe1-a747-1f1a0fc9447e/datanode-0/data-0/containers/hdds
2023-02-28 20:09:19,467 [Listener at 127.0.0.1/37989] INFO  volume.MutableVolumeSet (MutableVolumeSet.java:initializeVolumeSet(174)) - Added Volume : /home/runner/work/ozone/ozone/hadoop-ozone/integration-test/target/test-dir/MiniOzoneClusterImpl-58db5c20-d6df-4fe1-a747-1f1a0fc9447e/datanode-0/data/ratis to VolumeSet
2023-02-28 20:09:19,468 [Listener at 127.0.0.1/37989] INFO  volume.ThrottledAsyncChecker (ThrottledAsyncChecker.java:schedule(141)) - Scheduling a check for /home/runner/work/ozone/ozone/hadoop-ozone/integration-test/target/test-dir/MiniOzoneClusterImpl-58db5c20-d6df-4fe1-a747-1f1a0fc9447e/datanode-0/data/ratis
2023-02-28 20:09:19,468 [Listener at 127.0.0.1/37989] INFO  volume.StorageVolumeChecker (StorageVolumeChecker.java:checkAllVolumes(202)) - Scheduled health check for volume /home/runner/work/ozone/ozone/hadoop-ozone/integration-test/target/test-dir/MiniOzoneClusterImpl-58db5c20-d6df-4fe1-a747-1f1a0fc9447e/datanode-0/data/ratis
2023-02-28 20:09:19,479 [Thread-8735] INFO  ozoneimpl.ContainerReader (ContainerReader.java:readVolume(175)) - Finish verifying containers on volume /home/runner/work/ozone/ozone/hadoop-ozone/integration-test/target/test-dir/MiniOzoneClusterImpl-58db5c20-d6df-4fe1-a747-1f1a0fc9447e/datanode-0/data-0/containers/hdds
2023-02-28 20:09:19,479 [Listener at 127.0.0.1/37989] INFO  ozoneimpl.OzoneContainer (OzoneContainer.java:buildContainerSet(304)) - Build ContainerSet costs 0s
2023-02-28 20:09:19,481 [Listener at 127.0.0.1/37989] INFO  server.RaftServer (ConfUtils.java:logGet(46)) - raft.rpc.type = GRPC (default)
2023-02-28 20:09:19,481 [Listener at 127.0.0.1/37989] INFO  grpc.GrpcConfigKeys (ConfUtils.java:logFallback(53)) - raft.grpc.admin.host = null (fallback to raft.grpc.server.host)
2023-02-28 20:09:19,481 [Listener at 127.0.0.1/37989] INFO  grpc.GrpcConfigKeys (ConfUtils.java:logGet(46)) - raft.grpc.admin.port = 0 (custom)
2023-02-28 20:09:19,482 [Listener at 127.0.0.1/37989] INFO  grpc.GrpcConfigKeys (ConfUtils.java:logFallback(53)) - raft.grpc.client.host = null (fallback to raft.grpc.server.host)
2023-02-28 20:09:19,482 [Listener at 127.0.0.1/37989] INFO  grpc.GrpcConfigKeys (ConfUtils.java:logGet(46)) - raft.grpc.client.port = 0 (custom)
2023-02-28 20:09:19,482 [Listener at 127.0.0.1/37989] INFO  grpc.GrpcConfigKeys (ConfUtils.java:logGet(46)) - raft.grpc.server.host = null (default)
2023-02-28 20:09:19,482 [Listener at 127.0.0.1/37989] INFO  grpc.GrpcConfigKeys (ConfUtils.java:logGet(46)) - raft.grpc.server.port = 0 (default)
2023-02-28 20:09:19,482 [Listener at 127.0.0.1/37989] INFO  server.GrpcService (ConfUtils.java:logGet(46)) - raft.grpc.message.size.max = 32MB (=33554432) (custom)
2023-02-28 20:09:19,482 [Listener at 127.0.0.1/37989] INFO  server.RaftServerConfigKeys (ConfUtils.java:logGet(46)) - raft.server.log.appender.buffer.byte-limit = 33554432 (custom)
2023-02-28 20:09:19,482 [Listener at 127.0.0.1/37989] INFO  server.GrpcService (ConfUtils.java:logGet(46)) - raft.grpc.flow.control.window = 5MB (=5242880) (custom)
2023-02-28 20:09:19,482 [Listener at 127.0.0.1/37989] INFO  server.RaftServerConfigKeys (ConfUtils.java:logGet(46)) - raft.server.rpc.request.timeout = 60s (custom)
2023-02-28 20:09:19,482 [Listener at 127.0.0.1/37989] INFO  grpc.GrpcConfigKeys (ConfUtils.java:logGet(46)) - raft.grpc.server.heartbeat.channel = true (default)
2023-02-28 20:09:19,483 [Listener at 127.0.0.1/37989] INFO  grpc.GrpcConfigKeys (ConfUtils.java:logGet(46)) - raft.grpc.server.async.request.thread.pool.cached = true (default)
2023-02-28 20:09:19,483 [Listener at 127.0.0.1/37989] INFO  grpc.GrpcConfigKeys (ConfUtils.java:logGet(46)) - raft.grpc.server.async.request.thread.pool.size = 32 (default)
2023-02-28 20:09:19,484 [Listener at 127.0.0.1/37989] INFO  impl.DataStreamServerImpl (ConfUtils.java:logGet(46)) - raft.datastream.type = NETTY (custom)
2023-02-28 20:09:19,484 [Listener at 127.0.0.1/37989] INFO  server.RaftServerConfigKeys (ConfUtils.java:logGet(46)) - raft.server.data-stream.async.request.thread.pool.cached = false (default)
2023-02-28 20:09:19,484 [Listener at 127.0.0.1/37989] INFO  server.RaftServerConfigKeys (ConfUtils.java:logGet(46)) - raft.server.data-stream.async.request.thread.pool.size = 20 (custom)
2023-02-28 20:09:19,484 [Listener at 127.0.0.1/37989] INFO  server.RaftServerConfigKeys (ConfUtils.java:logGet(46)) - raft.server.data-stream.async.write.thread.pool.size = 16 (default)
2023-02-28 20:09:19,484 [Listener at 127.0.0.1/37989] INFO  server.RaftServerConfigKeys (ConfUtils.java:logGet(46)) - raft.server.data-stream.client.pool.size = 10 (default)
2023-02-28 20:09:19,484 [Listener at 127.0.0.1/37989] INFO  netty.NettyConfigKeys$DataStream (ConfUtils.java:logGet(46)) - raft.netty.dataStream.server.use-epoll = false (default)
2023-02-28 20:09:19,485 [Listener at 127.0.0.1/37989] INFO  netty.NettyConfigKeys$DataStream (ConfUtils.java:logGet(46)) - raft.netty.dataStream.server.boss-group.size = 0 (default)
2023-02-28 20:09:19,485 [Listener at 127.0.0.1/37989] INFO  netty.NettyConfigKeys$DataStream (ConfUtils.java:logGet(46)) - raft.netty.dataStream.server.worker-group.size = 0 (default)
2023-02-28 20:09:19,485 [Listener at 127.0.0.1/37989] INFO  netty.NettyConfigKeys$DataStream (ConfUtils.java:logGet(46)) - raft.netty.dataStream.server.tls.conf = null (default)
2023-02-28 20:09:19,485 [Listener at 127.0.0.1/37989] INFO  netty.NettyConfigKeys$DataStream (ConfUtils.java:logGet(46)) - raft.netty.dataStream.host = null (default)
2023-02-28 20:09:19,485 [Listener at 127.0.0.1/37989] INFO  netty.NettyConfigKeys$DataStream (ConfUtils.java:logGet(46)) - raft.netty.dataStream.port = 0 (default)
2023-02-28 20:09:19,486 [Listener at 127.0.0.1/37989] INFO  server.RaftServerConfigKeys (ConfUtils.java:logGet(46)) - raft.server.threadpool.proxy.cached = true (default)
2023-02-28 20:09:19,486 [Listener at 127.0.0.1/37989] INFO  server.RaftServerConfigKeys (ConfUtils.java:logGet(46)) - raft.server.threadpool.proxy.size = 0 (default)
2023-02-28 20:09:19,486 [Listener at 127.0.0.1/37989] INFO  server.RaftServerConfigKeys (ConfUtils.java:logGet(46)) - raft.server.rpc.slowness.timeout = 300s (custom)
2023-02-28 20:09:19,486 [Listener at 127.0.0.1/37989] INFO  server.RaftServerConfigKeys (ConfUtils.java:logGet(46)) - raft.server.leaderelection.leader.step-down.wait-time = 10s (default)
2023-02-28 20:09:19,486 [Listener at 127.0.0.1/37989] INFO  server.RaftServerConfigKeys (ConfUtils.java:logGet(46)) - raft.server.storage.dir = [/home/runner/work/ozone/ozone/hadoop-ozone/integration-test/target/test-dir/MiniOzoneClusterImpl-58db5c20-d6df-4fe1-a747-1f1a0fc9447e/datanode-0/data/ratis] (custom)
2023-02-28 20:09:19,487 [937551b9-64e7-48ec-8838-f5047df98f27-NettyServerStreamRpc-bossGroup--thread1] INFO  logging.LoggingHandler (AbstractInternalLogger.java:log(148)) - [id: 0x85669fdd] REGISTERED
2023-02-28 20:09:19,487 [937551b9-64e7-48ec-8838-f5047df98f27-NettyServerStreamRpc-bossGroup--thread1] INFO  logging.LoggingHandler (AbstractInternalLogger.java:log(148)) - [id: 0x85669fdd] BIND: 0.0.0.0/0.0.0.0:0
2023-02-28 20:09:19,487 [937551b9-64e7-48ec-8838-f5047df98f27-NettyServerStreamRpc-bossGroup--thread1] INFO  logging.LoggingHandler (AbstractInternalLogger.java:log(148)) - [id: 0x85669fdd, L:/0:0:0:0:0:0:0:0:35681] ACTIVE
2023-02-28 20:09:19,489 [Listener at 127.0.0.1/37989] INFO  server.XceiverServerGrpc (XceiverServerGrpc.java:<init>(132)) - GrpcServer channel type EpollServerSocketChannel
2023-02-28 20:09:19,492 [Listener at 127.0.0.1/37989] INFO  http.BaseHttpServer (BaseHttpServer.java:newHttpServer2BuilderForOzone(213)) - Starting Web-server for hddsDatanode at: http://0.0.0.0:0
2023-02-28 20:09:19,492 [Listener at 127.0.0.1/37989] INFO  http.BaseHttpServer (BaseHttpServer.java:<init>(108)) - Hadoop Security Enabled: false Ozone Security Enabled: false Ozone HTTP Security Enabled: false 
2023-02-28 20:09:19,493 [Listener at 127.0.0.1/37989] WARN  server.AuthenticationFilter (AuthenticationFilter.java:constructSecretProvider(240)) - Unable to initialize FileSignerSecretProvider, falling back to use random secrets. Reason: Could not read signature secret file: /home/runner/hadoop-http-auth-signature-secret
2023-02-28 20:09:19,493 [Listener at 127.0.0.1/37989] WARN  http.HttpRequestLog (HttpRequestLog.java:getRequestLog(103)) - Jetty request log can only be enabled using Log4j
2023-02-28 20:09:19,495 [Listener at 127.0.0.1/37989] INFO  http.HttpServer2 (HttpServer2.java:addGlobalFilter(1031)) - Added global filter 'safety' (class=org.apache.hadoop.hdds.server.http.HttpServer2$QuotingInputFilter)
2023-02-28 20:09:19,495 [Listener at 127.0.0.1/37989] INFO  http.HttpServer2 (HttpServer2.java:addFilter(1007)) - Added filter static_user_filter (class=org.apache.hadoop.http.lib.StaticUserWebFilter$StaticUserFilter) to context hddsDatanode
2023-02-28 20:09:19,495 [Listener at 127.0.0.1/37989] INFO  http.HttpServer2 (HttpServer2.java:addFilter(1015)) - Added filter static_user_filter (class=org.apache.hadoop.http.lib.StaticUserWebFilter$StaticUserFilter) to context static
2023-02-28 20:09:19,495 [Listener at 127.0.0.1/37989] INFO  http.HttpServer2 (HttpServer2.java:addFilter(1015)) - Added filter static_user_filter (class=org.apache.hadoop.http.lib.StaticUserWebFilter$StaticUserFilter) to context logs
2023-02-28 20:09:19,496 [Listener at 127.0.0.1/37989] INFO  http.HttpServer2 (HttpServer2.java:bindListener(1250)) - Jetty bound to port 36353
2023-02-28 20:09:19,496 [Listener at 127.0.0.1/37989] INFO  server.Server (Server.java:doStart(375)) - jetty-9.4.49.v20220914; built: 2022-09-14T01:07:36.601Z; git: 4231a3b2e4cb8548a412a789936d640a97b1aa0a; jvm 1.8.0_362-b09
2023-02-28 20:09:19,498 [Listener at 127.0.0.1/37989] INFO  server.session (DefaultSessionIdManager.java:doStart(334)) - DefaultSessionIdManager workerName=node0
2023-02-28 20:09:19,498 [Listener at 127.0.0.1/37989] INFO  server.session (DefaultSessionIdManager.java:doStart(339)) - No SessionScavenger set, using defaults
2023-02-28 20:09:19,498 [Listener at 127.0.0.1/37989] INFO  server.session (HouseKeeper.java:startScavenging(132)) - node0 Scavenging every 660000ms
2023-02-28 20:09:19,499 [Listener at 127.0.0.1/37989] INFO  handler.ContextHandler (ContextHandler.java:doStart(921)) - Started o.e.j.s.ServletContextHandler@269b9847{logs,/logs,file:///home/runner/work/ozone/ozone/hadoop-ozone/integration-test/target/log,AVAILABLE}
2023-02-28 20:09:19,499 [Listener at 127.0.0.1/37989] INFO  handler.ContextHandler (ContextHandler.java:doStart(921)) - Started o.e.j.s.ServletContextHandler@3138f7b9{static,/static,jar:file:/home/runner/.m2/repository/org/apache/ozone/hdds-container-service/1.4.0-SNAPSHOT/hdds-container-service-1.4.0-SNAPSHOT.jar!/webapps/static,AVAILABLE}
2023-02-28 20:09:19,673 [omNode-3-server-thread1] INFO  server.RaftServer$Division (ServerState.java:setLeader(313)) - omNode-3@group-523986131536: change Leader from null to omNode-1 at term 1 for appendEntries, leader elected after 1123ms
2023-02-28 20:09:19,673 [omNode-3-server-thread1] INFO  server.RaftServer$Division (RaftServerImpl.java:checkInconsistentAppendEntries(1508)) - omNode-3@group-523986131536: Failed appendEntries as previous log entry ((t:1, i:0)) is not found
2023-02-28 20:09:19,673 [omNode-3-server-thread1] INFO  server.RaftServer$Division (RaftServerImpl.java:checkInconsistentAppendEntries(1478)) - omNode-3@group-523986131536: inconsistency entries. Reply:omNode-1<-omNode-3#501379:FAIL-t0,INCONSISTENCY,nextIndex=0,followerCommit=-1,matchIndex=-1
2023-02-28 20:09:19,674 [grpc-default-executor-1] INFO  leader.FollowerInfo (FollowerInfoImpl.java:lambda$new$0(48)) - omNode-1@group-523986131536->omNode-3: nextIndex: updateUnconditionally 1 -> 0
2023-02-28 20:09:19,678 [omNode-3-server-thread1] INFO  server.RaftServer$Division (ServerState.java:setRaftConf(430)) - omNode-3@group-523986131536: set configuration 0: peers:[omNode-3|rpc:localhost:41909|admin:|client:|dataStream:|priority:0|startupRole:FOLLOWER, omNode-1|rpc:localhost:41453|admin:|client:|dataStream:|priority:0|startupRole:FOLLOWER, omNode-2|rpc:localhost:42001|admin:|client:|dataStream:|priority:0|startupRole:FOLLOWER]|listeners:[], old=null
2023-02-28 20:09:19,678 [omNode-3-server-thread1] INFO  segmented.SegmentedRaftLogWorker (SegmentedRaftLogWorker.java:startLogSegment(452)) - omNode-3@group-523986131536-SegmentedRaftLogWorker: Starting segment from index:0
2023-02-28 20:09:19,688 [omNode-3@group-523986131536-SegmentedRaftLogWorker] INFO  segmented.SegmentedRaftLogWorker (SegmentedRaftLogWorker.java:execute(656)) - omNode-3@group-523986131536-SegmentedRaftLogWorker: created new log segment /home/runner/work/ozone/ozone/hadoop-ozone/integration-test/target/test-dir/MiniOzoneClusterImpl-58db5c20-d6df-4fe1-a747-1f1a0fc9447e/omNode-3/ratis/c9bc4cf4-3bc3-3c60-a66b-523986131536/current/log_inprogress_0
2023-02-28 20:09:19,690 [omNode-3@group-523986131536-StateMachineUpdater] INFO  ratis.OzoneManagerStateMachine (OzoneManagerStateMachine.java:notifyConfigurationChanged(192)) - Received Configuration change notification from Ratis. New Peer list:
[id: "omNode-3"
address: "localhost:41909"
startupRole: FOLLOWER
, id: "omNode-1"
address: "localhost:41453"
startupRole: FOLLOWER
, id: "omNode-2"
address: "localhost:42001"
startupRole: FOLLOWER
]
2023-02-28 20:09:19,722 [Listener at 127.0.0.1/37989] INFO  handler.ContextHandler (ContextHandler.java:doStart(921)) - Started o.e.j.w.WebAppContext@2e85c7c4{hddsDatanode,/,file:///tmp/jetty-0_0_0_0-36353-hdds-container-service-1_4_0-SNAPSHOT_jar-_-any-139941240271425743/webapp/,AVAILABLE}{jar:file:/home/runner/.m2/repository/org/apache/ozone/hdds-container-service/1.4.0-SNAPSHOT/hdds-container-service-1.4.0-SNAPSHOT.jar!/webapps/hddsDatanode}
2023-02-28 20:09:19,724 [Listener at 127.0.0.1/37989] INFO  server.AbstractConnector (AbstractConnector.java:doStart(333)) - Started ServerConnector@409140b2{HTTP/1.1, (http/1.1)}{0.0.0.0:36353}
2023-02-28 20:09:19,724 [Listener at 127.0.0.1/37989] INFO  server.Server (Server.java:doStart(415)) - Started @68409ms
2023-02-28 20:09:19,724 [Listener at 127.0.0.1/37989] WARN  impl.MetricsSystemImpl (MetricsSystemImpl.java:register(279)) - Sink prometheus already exists!
2023-02-28 20:09:19,725 [Listener at 127.0.0.1/37989] INFO  http.BaseHttpServer (BaseHttpServer.java:updateConnectorAddress(333)) - HTTP server of hddsDatanode listening at http://0.0.0.0:36353
2023-02-28 20:09:19,725 [Listener at 127.0.0.1/37989] WARN  impl.MetricRegistriesImpl (MetricRegistriesImpl.java:addReporterRegistration(111)) - New reporters are added after registries were created. Some metrics will be missing from the reporter. Please add reporter before adding any new registry.
2023-02-28 20:09:19,726 [Listener at 127.0.0.1/37989] WARN  impl.MetricRegistriesImpl (MetricRegistriesImpl.java:addReporterRegistration(111)) - New reporters are added after registries were created. Some metrics will be missing from the reporter. Please add reporter before adding any new registry.
2023-02-28 20:09:19,726 [Listener at 127.0.0.1/37989] INFO  impl.MetricsSystemImpl (MetricsSystemImpl.java:init(158)) - HddsDatanode metrics system started (again)
2023-02-28 20:09:19,728 [Datanode State Machine Daemon Thread] INFO  statemachine.DatanodeStateMachine (DatanodeStateMachine.java:lambda$startDaemon$0(516)) - Ozone container server started.
2023-02-28 20:09:19,738 [Listener at 127.0.0.1/37989] INFO  ozone.HddsDatanodeService (HddsDatanodeService.java:start(228)) - HddsDatanodeService host:fv-az399-334 ip:10.1.1.15
2023-02-28 20:09:19,746 [org.apache.hadoop.util.JvmPauseMonitor$Monitor@5b7a8540] INFO  util.JvmPauseMonitor (JvmPauseMonitor.java:run(188)) - Starting JVM pause monitor
2023-02-28 20:09:19,748 [Datanode State Machine Task Thread - 0] INFO  datanode.InitDatanodeState (InitDatanodeState.java:persistContainerDatanodeDetails(138)) - DatanodeDetails is persisted to /home/runner/work/ozone/ozone/hadoop-ozone/integration-test/target/test-dir/MiniOzoneClusterImpl-58db5c20-d6df-4fe1-a747-1f1a0fc9447e/datanode-0/meta/datanode.id
2023-02-28 20:09:19,759 [Listener at 127.0.0.1/37989] INFO  upgrade.AbstractLayoutVersionManager (AbstractLayoutVersionManager.java:init(83)) - Initializing Layout version manager with metadata layout = DATANODE_SCHEMA_V3 (version = 4), software layout = DATANODE_SCHEMA_V3 (version = 4)
2023-02-28 20:09:19,806 [Listener at 127.0.0.1/37989] INFO  reflections.Reflections (Reflections.java:scan(232)) - Reflections took 45 ms to scan 7 urls, producing 151 keys and 364 values 
2023-02-28 20:09:19,807 [Listener at 127.0.0.1/37989] INFO  statemachine.DatanodeStateMachine (DatanodeStateMachine.java:getEndPointTaskThreadPoolSize(260)) - Datanode State Machine Task Thread Pool size 2
2023-02-28 20:09:19,809 [Listener at 127.0.0.1/37989] INFO  volume.HddsVolume (HddsVolume.java:<init>(122)) - Creating HddsVolume: /home/runner/work/ozone/ozone/hadoop-ozone/integration-test/target/test-dir/MiniOzoneClusterImpl-58db5c20-d6df-4fe1-a747-1f1a0fc9447e/datanode-1/data-0/containers/hdds of storage type : DISK capacity : 9223372036854775807
2023-02-28 20:09:19,809 [Listener at 127.0.0.1/37989] INFO  volume.MutableVolumeSet (MutableVolumeSet.java:initializeVolumeSet(174)) - Added Volume : /home/runner/work/ozone/ozone/hadoop-ozone/integration-test/target/test-dir/MiniOzoneClusterImpl-58db5c20-d6df-4fe1-a747-1f1a0fc9447e/datanode-1/data-0/containers/hdds to VolumeSet
2023-02-28 20:09:19,809 [Listener at 127.0.0.1/37989] INFO  volume.ThrottledAsyncChecker (ThrottledAsyncChecker.java:schedule(141)) - Scheduling a check for /home/runner/work/ozone/ozone/hadoop-ozone/integration-test/target/test-dir/MiniOzoneClusterImpl-58db5c20-d6df-4fe1-a747-1f1a0fc9447e/datanode-1/data-0/containers/hdds
2023-02-28 20:09:19,810 [Listener at 127.0.0.1/37989] INFO  volume.StorageVolumeChecker (StorageVolumeChecker.java:checkAllVolumes(202)) - Scheduled health check for volume /home/runner/work/ozone/ozone/hadoop-ozone/integration-test/target/test-dir/MiniOzoneClusterImpl-58db5c20-d6df-4fe1-a747-1f1a0fc9447e/datanode-1/data-0/containers/hdds
2023-02-28 20:09:19,820 [Listener at 127.0.0.1/37989] INFO  volume.MutableVolumeSet (MutableVolumeSet.java:initializeVolumeSet(174)) - Added Volume : /home/runner/work/ozone/ozone/hadoop-ozone/integration-test/target/test-dir/MiniOzoneClusterImpl-58db5c20-d6df-4fe1-a747-1f1a0fc9447e/datanode-1/data/ratis to VolumeSet
2023-02-28 20:09:19,821 [Listener at 127.0.0.1/37989] INFO  volume.ThrottledAsyncChecker (ThrottledAsyncChecker.java:schedule(141)) - Scheduling a check for /home/runner/work/ozone/ozone/hadoop-ozone/integration-test/target/test-dir/MiniOzoneClusterImpl-58db5c20-d6df-4fe1-a747-1f1a0fc9447e/datanode-1/data/ratis
2023-02-28 20:09:19,821 [Listener at 127.0.0.1/37989] INFO  volume.StorageVolumeChecker (StorageVolumeChecker.java:checkAllVolumes(202)) - Scheduled health check for volume /home/runner/work/ozone/ozone/hadoop-ozone/integration-test/target/test-dir/MiniOzoneClusterImpl-58db5c20-d6df-4fe1-a747-1f1a0fc9447e/datanode-1/data/ratis
2023-02-28 20:09:19,831 [Thread-8750] INFO  ozoneimpl.ContainerReader (ContainerReader.java:readVolume(175)) - Finish verifying containers on volume /home/runner/work/ozone/ozone/hadoop-ozone/integration-test/target/test-dir/MiniOzoneClusterImpl-58db5c20-d6df-4fe1-a747-1f1a0fc9447e/datanode-1/data-0/containers/hdds
2023-02-28 20:09:19,831 [Listener at 127.0.0.1/37989] INFO  ozoneimpl.OzoneContainer (OzoneContainer.java:buildContainerSet(304)) - Build ContainerSet costs 0s
2023-02-28 20:09:19,833 [Listener at 127.0.0.1/37989] INFO  server.RaftServer (ConfUtils.java:logGet(46)) - raft.rpc.type = GRPC (default)
2023-02-28 20:09:19,834 [Listener at 127.0.0.1/37989] INFO  grpc.GrpcConfigKeys (ConfUtils.java:logFallback(53)) - raft.grpc.admin.host = null (fallback to raft.grpc.server.host)
2023-02-28 20:09:19,834 [Listener at 127.0.0.1/37989] INFO  grpc.GrpcConfigKeys (ConfUtils.java:logGet(46)) - raft.grpc.admin.port = 0 (custom)
2023-02-28 20:09:19,834 [Listener at 127.0.0.1/37989] INFO  grpc.GrpcConfigKeys (ConfUtils.java:logFallback(53)) - raft.grpc.client.host = null (fallback to raft.grpc.server.host)
2023-02-28 20:09:19,834 [Listener at 127.0.0.1/37989] INFO  grpc.GrpcConfigKeys (ConfUtils.java:logGet(46)) - raft.grpc.client.port = 0 (custom)
2023-02-28 20:09:19,834 [Listener at 127.0.0.1/37989] INFO  grpc.GrpcConfigKeys (ConfUtils.java:logGet(46)) - raft.grpc.server.host = null (default)
2023-02-28 20:09:19,834 [Listener at 127.0.0.1/37989] INFO  grpc.GrpcConfigKeys (ConfUtils.java:logGet(46)) - raft.grpc.server.port = 0 (default)
2023-02-28 20:09:19,834 [Listener at 127.0.0.1/37989] INFO  server.GrpcService (ConfUtils.java:logGet(46)) - raft.grpc.message.size.max = 32MB (=33554432) (custom)
2023-02-28 20:09:19,834 [Listener at 127.0.0.1/37989] INFO  server.RaftServerConfigKeys (ConfUtils.java:logGet(46)) - raft.server.log.appender.buffer.byte-limit = 33554432 (custom)
2023-02-28 20:09:19,834 [Listener at 127.0.0.1/37989] INFO  server.GrpcService (ConfUtils.java:logGet(46)) - raft.grpc.flow.control.window = 5MB (=5242880) (custom)
2023-02-28 20:09:19,835 [Listener at 127.0.0.1/37989] INFO  server.RaftServerConfigKeys (ConfUtils.java:logGet(46)) - raft.server.rpc.request.timeout = 60s (custom)
2023-02-28 20:09:19,835 [Listener at 127.0.0.1/37989] INFO  grpc.GrpcConfigKeys (ConfUtils.java:logGet(46)) - raft.grpc.server.heartbeat.channel = true (default)
2023-02-28 20:09:19,835 [Listener at 127.0.0.1/37989] INFO  grpc.GrpcConfigKeys (ConfUtils.java:logGet(46)) - raft.grpc.server.async.request.thread.pool.cached = true (default)
2023-02-28 20:09:19,835 [Listener at 127.0.0.1/37989] INFO  grpc.GrpcConfigKeys (ConfUtils.java:logGet(46)) - raft.grpc.server.async.request.thread.pool.size = 32 (default)
2023-02-28 20:09:19,836 [Listener at 127.0.0.1/37989] INFO  impl.DataStreamServerImpl (ConfUtils.java:logGet(46)) - raft.datastream.type = NETTY (custom)
2023-02-28 20:09:19,836 [Listener at 127.0.0.1/37989] INFO  server.RaftServerConfigKeys (ConfUtils.java:logGet(46)) - raft.server.data-stream.async.request.thread.pool.cached = false (default)
2023-02-28 20:09:19,836 [Listener at 127.0.0.1/37989] INFO  server.RaftServerConfigKeys (ConfUtils.java:logGet(46)) - raft.server.data-stream.async.request.thread.pool.size = 20 (custom)
2023-02-28 20:09:19,836 [Listener at 127.0.0.1/37989] INFO  server.RaftServerConfigKeys (ConfUtils.java:logGet(46)) - raft.server.data-stream.async.write.thread.pool.size = 16 (default)
2023-02-28 20:09:19,836 [Listener at 127.0.0.1/37989] INFO  server.RaftServerConfigKeys (ConfUtils.java:logGet(46)) - raft.server.data-stream.client.pool.size = 10 (default)
2023-02-28 20:09:19,837 [Listener at 127.0.0.1/37989] INFO  netty.NettyConfigKeys$DataStream (ConfUtils.java:logGet(46)) - raft.netty.dataStream.server.use-epoll = false (default)
2023-02-28 20:09:19,837 [Listener at 127.0.0.1/37989] INFO  netty.NettyConfigKeys$DataStream (ConfUtils.java:logGet(46)) - raft.netty.dataStream.server.boss-group.size = 0 (default)
2023-02-28 20:09:19,837 [Listener at 127.0.0.1/37989] INFO  netty.NettyConfigKeys$DataStream (ConfUtils.java:logGet(46)) - raft.netty.dataStream.server.worker-group.size = 0 (default)
2023-02-28 20:09:19,837 [Listener at 127.0.0.1/37989] INFO  netty.NettyConfigKeys$DataStream (ConfUtils.java:logGet(46)) - raft.netty.dataStream.server.tls.conf = null (default)
2023-02-28 20:09:19,837 [Listener at 127.0.0.1/37989] INFO  netty.NettyConfigKeys$DataStream (ConfUtils.java:logGet(46)) - raft.netty.dataStream.host = null (default)
2023-02-28 20:09:19,837 [Listener at 127.0.0.1/37989] INFO  netty.NettyConfigKeys$DataStream (ConfUtils.java:logGet(46)) - raft.netty.dataStream.port = 0 (default)
2023-02-28 20:09:19,838 [Listener at 127.0.0.1/37989] INFO  server.RaftServerConfigKeys (ConfUtils.java:logGet(46)) - raft.server.threadpool.proxy.cached = true (default)
2023-02-28 20:09:19,838 [Listener at 127.0.0.1/37989] INFO  server.RaftServerConfigKeys (ConfUtils.java:logGet(46)) - raft.server.threadpool.proxy.size = 0 (default)
2023-02-28 20:09:19,838 [Listener at 127.0.0.1/37989] INFO  server.RaftServerConfigKeys (ConfUtils.java:logGet(46)) - raft.server.rpc.slowness.timeout = 300s (custom)
2023-02-28 20:09:19,838 [Listener at 127.0.0.1/37989] INFO  server.RaftServerConfigKeys (ConfUtils.java:logGet(46)) - raft.server.leaderelection.leader.step-down.wait-time = 10s (default)
2023-02-28 20:09:19,838 [Listener at 127.0.0.1/37989] INFO  server.RaftServerConfigKeys (ConfUtils.java:logGet(46)) - raft.server.storage.dir = [/home/runner/work/ozone/ozone/hadoop-ozone/integration-test/target/test-dir/MiniOzoneClusterImpl-58db5c20-d6df-4fe1-a747-1f1a0fc9447e/datanode-1/data/ratis] (custom)
2023-02-28 20:09:19,840 [Listener at 127.0.0.1/37989] INFO  server.XceiverServerGrpc (XceiverServerGrpc.java:<init>(132)) - GrpcServer channel type EpollServerSocketChannel
2023-02-28 20:09:19,842 [5ca82d80-1088-40df-b8b2-c16ff7ffaa84-NettyServerStreamRpc-bossGroup--thread1] INFO  logging.LoggingHandler (AbstractInternalLogger.java:log(148)) - [id: 0xc4c69ba5] REGISTERED
2023-02-28 20:09:19,842 [5ca82d80-1088-40df-b8b2-c16ff7ffaa84-NettyServerStreamRpc-bossGroup--thread1] INFO  logging.LoggingHandler (AbstractInternalLogger.java:log(148)) - [id: 0xc4c69ba5] BIND: 0.0.0.0/0.0.0.0:0
2023-02-28 20:09:19,842 [5ca82d80-1088-40df-b8b2-c16ff7ffaa84-NettyServerStreamRpc-bossGroup--thread1] INFO  logging.LoggingHandler (AbstractInternalLogger.java:log(148)) - [id: 0xc4c69ba5, L:/0:0:0:0:0:0:0:0:35983] ACTIVE
2023-02-28 20:09:19,847 [Listener at 127.0.0.1/37989] INFO  http.BaseHttpServer (BaseHttpServer.java:newHttpServer2BuilderForOzone(213)) - Starting Web-server for hddsDatanode at: http://0.0.0.0:0
2023-02-28 20:09:19,847 [Listener at 127.0.0.1/37989] INFO  http.BaseHttpServer (BaseHttpServer.java:<init>(108)) - Hadoop Security Enabled: false Ozone Security Enabled: false Ozone HTTP Security Enabled: false 
2023-02-28 20:09:19,848 [Listener at 127.0.0.1/37989] WARN  server.AuthenticationFilter (AuthenticationFilter.java:constructSecretProvider(240)) - Unable to initialize FileSignerSecretProvider, falling back to use random secrets. Reason: Could not read signature secret file: /home/runner/hadoop-http-auth-signature-secret
2023-02-28 20:09:19,849 [Listener at 127.0.0.1/37989] WARN  http.HttpRequestLog (HttpRequestLog.java:getRequestLog(103)) - Jetty request log can only be enabled using Log4j
2023-02-28 20:09:19,850 [Listener at 127.0.0.1/37989] INFO  http.HttpServer2 (HttpServer2.java:addGlobalFilter(1031)) - Added global filter 'safety' (class=org.apache.hadoop.hdds.server.http.HttpServer2$QuotingInputFilter)
2023-02-28 20:09:19,851 [Listener at 127.0.0.1/37989] INFO  http.HttpServer2 (HttpServer2.java:addFilter(1007)) - Added filter static_user_filter (class=org.apache.hadoop.http.lib.StaticUserWebFilter$StaticUserFilter) to context hddsDatanode
2023-02-28 20:09:19,851 [Listener at 127.0.0.1/37989] INFO  http.HttpServer2 (HttpServer2.java:addFilter(1015)) - Added filter static_user_filter (class=org.apache.hadoop.http.lib.StaticUserWebFilter$StaticUserFilter) to context logs
2023-02-28 20:09:19,851 [Listener at 127.0.0.1/37989] INFO  http.HttpServer2 (HttpServer2.java:addFilter(1015)) - Added filter static_user_filter (class=org.apache.hadoop.http.lib.StaticUserWebFilter$StaticUserFilter) to context static
2023-02-28 20:09:19,851 [Listener at 127.0.0.1/37989] INFO  http.HttpServer2 (HttpServer2.java:bindListener(1250)) - Jetty bound to port 43485
2023-02-28 20:09:19,852 [Listener at 127.0.0.1/37989] INFO  server.Server (Server.java:doStart(375)) - jetty-9.4.49.v20220914; built: 2022-09-14T01:07:36.601Z; git: 4231a3b2e4cb8548a412a789936d640a97b1aa0a; jvm 1.8.0_362-b09
2023-02-28 20:09:19,854 [Listener at 127.0.0.1/37989] INFO  server.session (DefaultSessionIdManager.java:doStart(334)) - DefaultSessionIdManager workerName=node0
2023-02-28 20:09:19,854 [Listener at 127.0.0.1/37989] INFO  server.session (DefaultSessionIdManager.java:doStart(339)) - No SessionScavenger set, using defaults
2023-02-28 20:09:19,854 [Listener at 127.0.0.1/37989] INFO  server.session (HouseKeeper.java:startScavenging(132)) - node0 Scavenging every 660000ms
2023-02-28 20:09:19,856 [Listener at 127.0.0.1/37989] INFO  handler.ContextHandler (ContextHandler.java:doStart(921)) - Started o.e.j.s.ServletContextHandler@7f72f7cb{logs,/logs,file:///home/runner/work/ozone/ozone/hadoop-ozone/integration-test/target/log,AVAILABLE}
2023-02-28 20:09:19,856 [Listener at 127.0.0.1/37989] INFO  handler.ContextHandler (ContextHandler.java:doStart(921)) - Started o.e.j.s.ServletContextHandler@758a41b0{static,/static,jar:file:/home/runner/.m2/repository/org/apache/ozone/hdds-container-service/1.4.0-SNAPSHOT/hdds-container-service-1.4.0-SNAPSHOT.jar!/webapps/static,AVAILABLE}
2023-02-28 20:09:19,906 [EndpointStateMachine task thread for /0.0.0.0:42901 - 0 ] INFO  ipc.Client (Client.java:handleConnectionFailure(1010)) - Retrying connect to server: 0.0.0.0/0.0.0.0:42901. Already tried 6 time(s); retry policy is RetryUpToMaximumCountWithFixedSleep(maxRetries=15, sleepTime=1000 MILLISECONDS)
2023-02-28 20:09:20,050 [Listener at 127.0.0.1/37989] INFO  handler.ContextHandler (ContextHandler.java:doStart(921)) - Started o.e.j.w.WebAppContext@5c3e3f7b{hddsDatanode,/,file:///tmp/jetty-0_0_0_0-43485-hdds-container-service-1_4_0-SNAPSHOT_jar-_-any-3786076559679985303/webapp/,AVAILABLE}{jar:file:/home/runner/.m2/repository/org/apache/ozone/hdds-container-service/1.4.0-SNAPSHOT/hdds-container-service-1.4.0-SNAPSHOT.jar!/webapps/hddsDatanode}
2023-02-28 20:09:20,052 [Listener at 127.0.0.1/37989] INFO  server.AbstractConnector (AbstractConnector.java:doStart(333)) - Started ServerConnector@c9761c5{HTTP/1.1, (http/1.1)}{0.0.0.0:43485}
2023-02-28 20:09:20,052 [Listener at 127.0.0.1/37989] INFO  server.Server (Server.java:doStart(415)) - Started @68736ms
2023-02-28 20:09:20,052 [Listener at 127.0.0.1/37989] WARN  impl.MetricsSystemImpl (MetricsSystemImpl.java:register(279)) - Sink prometheus already exists!
2023-02-28 20:09:20,053 [Listener at 127.0.0.1/37989] INFO  http.BaseHttpServer (BaseHttpServer.java:updateConnectorAddress(333)) - HTTP server of hddsDatanode listening at http://0.0.0.0:43485
2023-02-28 20:09:20,053 [Datanode State Machine Daemon Thread] INFO  statemachine.DatanodeStateMachine (DatanodeStateMachine.java:lambda$startDaemon$0(516)) - Ozone container server started.
2023-02-28 20:09:20,053 [Listener at 127.0.0.1/37989] WARN  impl.MetricRegistriesImpl (MetricRegistriesImpl.java:addReporterRegistration(111)) - New reporters are added after registries were created. Some metrics will be missing from the reporter. Please add reporter before adding any new registry.
2023-02-28 20:09:20,055 [Listener at 127.0.0.1/37989] WARN  impl.MetricRegistriesImpl (MetricRegistriesImpl.java:addReporterRegistration(111)) - New reporters are added after registries were created. Some metrics will be missing from the reporter. Please add reporter before adding any new registry.
2023-02-28 20:09:20,055 [Listener at 127.0.0.1/37989] INFO  impl.MetricsSystemImpl (MetricsSystemImpl.java:init(158)) - HddsDatanode metrics system started (again)
2023-02-28 20:09:20,067 [Listener at 127.0.0.1/37989] INFO  ozone.HddsDatanodeService (HddsDatanodeService.java:start(228)) - HddsDatanodeService host:fv-az399-334 ip:10.1.1.15
2023-02-28 20:09:20,082 [org.apache.hadoop.util.JvmPauseMonitor$Monitor@4487b1fe] INFO  util.JvmPauseMonitor (JvmPauseMonitor.java:run(188)) - Starting JVM pause monitor
2023-02-28 20:09:20,087 [Datanode State Machine Task Thread - 0] INFO  datanode.InitDatanodeState (InitDatanodeState.java:persistContainerDatanodeDetails(138)) - DatanodeDetails is persisted to /home/runner/work/ozone/ozone/hadoop-ozone/integration-test/target/test-dir/MiniOzoneClusterImpl-58db5c20-d6df-4fe1-a747-1f1a0fc9447e/datanode-1/meta/datanode.id
2023-02-28 20:09:20,089 [Listener at 127.0.0.1/37989] INFO  upgrade.AbstractLayoutVersionManager (AbstractLayoutVersionManager.java:init(83)) - Initializing Layout version manager with metadata layout = DATANODE_SCHEMA_V3 (version = 4), software layout = DATANODE_SCHEMA_V3 (version = 4)
2023-02-28 20:09:20,135 [Listener at 127.0.0.1/37989] INFO  reflections.Reflections (Reflections.java:scan(232)) - Reflections took 45 ms to scan 7 urls, producing 151 keys and 364 values 
2023-02-28 20:09:20,137 [Listener at 127.0.0.1/37989] INFO  statemachine.DatanodeStateMachine (DatanodeStateMachine.java:getEndPointTaskThreadPoolSize(260)) - Datanode State Machine Task Thread Pool size 2
2023-02-28 20:09:20,139 [Listener at 127.0.0.1/37989] INFO  volume.HddsVolume (HddsVolume.java:<init>(122)) - Creating HddsVolume: /home/runner/work/ozone/ozone/hadoop-ozone/integration-test/target/test-dir/MiniOzoneClusterImpl-58db5c20-d6df-4fe1-a747-1f1a0fc9447e/datanode-2/data-0/containers/hdds of storage type : DISK capacity : 9223372036854775807
2023-02-28 20:09:20,139 [Listener at 127.0.0.1/37989] INFO  volume.MutableVolumeSet (MutableVolumeSet.java:initializeVolumeSet(174)) - Added Volume : /home/runner/work/ozone/ozone/hadoop-ozone/integration-test/target/test-dir/MiniOzoneClusterImpl-58db5c20-d6df-4fe1-a747-1f1a0fc9447e/datanode-2/data-0/containers/hdds to VolumeSet
2023-02-28 20:09:20,139 [Listener at 127.0.0.1/37989] INFO  volume.ThrottledAsyncChecker (ThrottledAsyncChecker.java:schedule(141)) - Scheduling a check for /home/runner/work/ozone/ozone/hadoop-ozone/integration-test/target/test-dir/MiniOzoneClusterImpl-58db5c20-d6df-4fe1-a747-1f1a0fc9447e/datanode-2/data-0/containers/hdds
2023-02-28 20:09:20,139 [Listener at 127.0.0.1/37989] INFO  volume.StorageVolumeChecker (StorageVolumeChecker.java:checkAllVolumes(202)) - Scheduled health check for volume /home/runner/work/ozone/ozone/hadoop-ozone/integration-test/target/test-dir/MiniOzoneClusterImpl-58db5c20-d6df-4fe1-a747-1f1a0fc9447e/datanode-2/data-0/containers/hdds
2023-02-28 20:09:20,150 [Listener at 127.0.0.1/37989] INFO  volume.MutableVolumeSet (MutableVolumeSet.java:initializeVolumeSet(174)) - Added Volume : /home/runner/work/ozone/ozone/hadoop-ozone/integration-test/target/test-dir/MiniOzoneClusterImpl-58db5c20-d6df-4fe1-a747-1f1a0fc9447e/datanode-2/data/ratis to VolumeSet
2023-02-28 20:09:20,150 [Listener at 127.0.0.1/37989] INFO  volume.ThrottledAsyncChecker (ThrottledAsyncChecker.java:schedule(141)) - Scheduling a check for /home/runner/work/ozone/ozone/hadoop-ozone/integration-test/target/test-dir/MiniOzoneClusterImpl-58db5c20-d6df-4fe1-a747-1f1a0fc9447e/datanode-2/data/ratis
2023-02-28 20:09:20,150 [Listener at 127.0.0.1/37989] INFO  volume.StorageVolumeChecker (StorageVolumeChecker.java:checkAllVolumes(202)) - Scheduled health check for volume /home/runner/work/ozone/ozone/hadoop-ozone/integration-test/target/test-dir/MiniOzoneClusterImpl-58db5c20-d6df-4fe1-a747-1f1a0fc9447e/datanode-2/data/ratis
2023-02-28 20:09:20,160 [Thread-8764] INFO  ozoneimpl.ContainerReader (ContainerReader.java:readVolume(175)) - Finish verifying containers on volume /home/runner/work/ozone/ozone/hadoop-ozone/integration-test/target/test-dir/MiniOzoneClusterImpl-58db5c20-d6df-4fe1-a747-1f1a0fc9447e/datanode-2/data-0/containers/hdds
2023-02-28 20:09:20,160 [Listener at 127.0.0.1/37989] INFO  ozoneimpl.OzoneContainer (OzoneContainer.java:buildContainerSet(304)) - Build ContainerSet costs 0s
2023-02-28 20:09:20,163 [Listener at 127.0.0.1/37989] INFO  server.RaftServer (ConfUtils.java:logGet(46)) - raft.rpc.type = GRPC (default)
2023-02-28 20:09:20,163 [Listener at 127.0.0.1/37989] INFO  grpc.GrpcConfigKeys (ConfUtils.java:logFallback(53)) - raft.grpc.admin.host = null (fallback to raft.grpc.server.host)
2023-02-28 20:09:20,163 [Listener at 127.0.0.1/37989] INFO  grpc.GrpcConfigKeys (ConfUtils.java:logGet(46)) - raft.grpc.admin.port = 0 (custom)
2023-02-28 20:09:20,163 [Listener at 127.0.0.1/37989] INFO  grpc.GrpcConfigKeys (ConfUtils.java:logFallback(53)) - raft.grpc.client.host = null (fallback to raft.grpc.server.host)
2023-02-28 20:09:20,163 [Listener at 127.0.0.1/37989] INFO  grpc.GrpcConfigKeys (ConfUtils.java:logGet(46)) - raft.grpc.client.port = 0 (custom)
2023-02-28 20:09:20,163 [Listener at 127.0.0.1/37989] INFO  grpc.GrpcConfigKeys (ConfUtils.java:logGet(46)) - raft.grpc.server.host = null (default)
2023-02-28 20:09:20,164 [Listener at 127.0.0.1/37989] INFO  grpc.GrpcConfigKeys (ConfUtils.java:logGet(46)) - raft.grpc.server.port = 0 (default)
2023-02-28 20:09:20,164 [Listener at 127.0.0.1/37989] INFO  server.GrpcService (ConfUtils.java:logGet(46)) - raft.grpc.message.size.max = 32MB (=33554432) (custom)
2023-02-28 20:09:20,164 [Listener at 127.0.0.1/37989] INFO  server.RaftServerConfigKeys (ConfUtils.java:logGet(46)) - raft.server.log.appender.buffer.byte-limit = 33554432 (custom)
2023-02-28 20:09:20,164 [Listener at 127.0.0.1/37989] INFO  server.GrpcService (ConfUtils.java:logGet(46)) - raft.grpc.flow.control.window = 5MB (=5242880) (custom)
2023-02-28 20:09:20,164 [Listener at 127.0.0.1/37989] INFO  server.RaftServerConfigKeys (ConfUtils.java:logGet(46)) - raft.server.rpc.request.timeout = 60s (custom)
2023-02-28 20:09:20,164 [Listener at 127.0.0.1/37989] INFO  grpc.GrpcConfigKeys (ConfUtils.java:logGet(46)) - raft.grpc.server.heartbeat.channel = true (default)
2023-02-28 20:09:20,164 [Listener at 127.0.0.1/37989] INFO  grpc.GrpcConfigKeys (ConfUtils.java:logGet(46)) - raft.grpc.server.async.request.thread.pool.cached = true (default)
2023-02-28 20:09:20,164 [Listener at 127.0.0.1/37989] INFO  grpc.GrpcConfigKeys (ConfUtils.java:logGet(46)) - raft.grpc.server.async.request.thread.pool.size = 32 (default)
2023-02-28 20:09:20,165 [Listener at 127.0.0.1/37989] INFO  impl.DataStreamServerImpl (ConfUtils.java:logGet(46)) - raft.datastream.type = NETTY (custom)
2023-02-28 20:09:20,165 [Listener at 127.0.0.1/37989] INFO  server.RaftServerConfigKeys (ConfUtils.java:logGet(46)) - raft.server.data-stream.async.request.thread.pool.cached = false (default)
2023-02-28 20:09:20,166 [Listener at 127.0.0.1/37989] INFO  server.RaftServerConfigKeys (ConfUtils.java:logGet(46)) - raft.server.data-stream.async.request.thread.pool.size = 20 (custom)
2023-02-28 20:09:20,166 [Listener at 127.0.0.1/37989] INFO  server.RaftServerConfigKeys (ConfUtils.java:logGet(46)) - raft.server.data-stream.async.write.thread.pool.size = 16 (default)
2023-02-28 20:09:20,166 [Listener at 127.0.0.1/37989] INFO  server.RaftServerConfigKeys (ConfUtils.java:logGet(46)) - raft.server.data-stream.client.pool.size = 10 (default)
2023-02-28 20:09:20,166 [Listener at 127.0.0.1/37989] INFO  netty.NettyConfigKeys$DataStream (ConfUtils.java:logGet(46)) - raft.netty.dataStream.server.use-epoll = false (default)
2023-02-28 20:09:20,166 [Listener at 127.0.0.1/37989] INFO  netty.NettyConfigKeys$DataStream (ConfUtils.java:logGet(46)) - raft.netty.dataStream.server.boss-group.size = 0 (default)
2023-02-28 20:09:20,170 [Listener at 127.0.0.1/37989] INFO  netty.NettyConfigKeys$DataStream (ConfUtils.java:logGet(46)) - raft.netty.dataStream.server.worker-group.size = 0 (default)
2023-02-28 20:09:20,170 [Listener at 127.0.0.1/37989] INFO  netty.NettyConfigKeys$DataStream (ConfUtils.java:logGet(46)) - raft.netty.dataStream.server.tls.conf = null (default)
2023-02-28 20:09:20,171 [Listener at 127.0.0.1/37989] INFO  netty.NettyConfigKeys$DataStream (ConfUtils.java:logGet(46)) - raft.netty.dataStream.host = null (default)
2023-02-28 20:09:20,171 [Listener at 127.0.0.1/37989] INFO  netty.NettyConfigKeys$DataStream (ConfUtils.java:logGet(46)) - raft.netty.dataStream.port = 0 (default)
2023-02-28 20:09:20,172 [Listener at 127.0.0.1/37989] INFO  server.RaftServerConfigKeys (ConfUtils.java:logGet(46)) - raft.server.threadpool.proxy.cached = true (default)
2023-02-28 20:09:20,173 [Listener at 127.0.0.1/37989] INFO  server.RaftServerConfigKeys (ConfUtils.java:logGet(46)) - raft.server.threadpool.proxy.size = 0 (default)
2023-02-28 20:09:20,173 [Listener at 127.0.0.1/37989] INFO  server.RaftServerConfigKeys (ConfUtils.java:logGet(46)) - raft.server.rpc.slowness.timeout = 300s (custom)
2023-02-28 20:09:20,173 [Listener at 127.0.0.1/37989] INFO  server.RaftServerConfigKeys (ConfUtils.java:logGet(46)) - raft.server.leaderelection.leader.step-down.wait-time = 10s (default)
2023-02-28 20:09:20,173 [9fb7a251-87f9-4a5e-bbf3-14e1e3694fcd-NettyServerStreamRpc-bossGroup--thread1] INFO  logging.LoggingHandler (AbstractInternalLogger.java:log(148)) - [id: 0x8dbee03e] REGISTERED
2023-02-28 20:09:20,173 [Listener at 127.0.0.1/37989] INFO  server.RaftServerConfigKeys (ConfUtils.java:logGet(46)) - raft.server.storage.dir = [/home/runner/work/ozone/ozone/hadoop-ozone/integration-test/target/test-dir/MiniOzoneClusterImpl-58db5c20-d6df-4fe1-a747-1f1a0fc9447e/datanode-2/data/ratis] (custom)
2023-02-28 20:09:20,173 [9fb7a251-87f9-4a5e-bbf3-14e1e3694fcd-NettyServerStreamRpc-bossGroup--thread1] INFO  logging.LoggingHandler (AbstractInternalLogger.java:log(148)) - [id: 0x8dbee03e] BIND: 0.0.0.0/0.0.0.0:0
2023-02-28 20:09:20,173 [9fb7a251-87f9-4a5e-bbf3-14e1e3694fcd-NettyServerStreamRpc-bossGroup--thread1] INFO  logging.LoggingHandler (AbstractInternalLogger.java:log(148)) - [id: 0x8dbee03e, L:/0:0:0:0:0:0:0:0:40139] ACTIVE
2023-02-28 20:09:20,175 [Listener at 127.0.0.1/37989] INFO  server.XceiverServerGrpc (XceiverServerGrpc.java:<init>(132)) - GrpcServer channel type EpollServerSocketChannel
2023-02-28 20:09:20,178 [Listener at 127.0.0.1/37989] INFO  http.BaseHttpServer (BaseHttpServer.java:newHttpServer2BuilderForOzone(213)) - Starting Web-server for hddsDatanode at: http://0.0.0.0:0
2023-02-28 20:09:20,178 [Listener at 127.0.0.1/37989] INFO  http.BaseHttpServer (BaseHttpServer.java:<init>(108)) - Hadoop Security Enabled: false Ozone Security Enabled: false Ozone HTTP Security Enabled: false 
2023-02-28 20:09:20,179 [Listener at 127.0.0.1/37989] WARN  server.AuthenticationFilter (AuthenticationFilter.java:constructSecretProvider(240)) - Unable to initialize FileSignerSecretProvider, falling back to use random secrets. Reason: Could not read signature secret file: /home/runner/hadoop-http-auth-signature-secret
2023-02-28 20:09:20,180 [Listener at 127.0.0.1/37989] WARN  http.HttpRequestLog (HttpRequestLog.java:getRequestLog(103)) - Jetty request log can only be enabled using Log4j
2023-02-28 20:09:20,181 [Listener at 127.0.0.1/37989] INFO  http.HttpServer2 (HttpServer2.java:addGlobalFilter(1031)) - Added global filter 'safety' (class=org.apache.hadoop.hdds.server.http.HttpServer2$QuotingInputFilter)
2023-02-28 20:09:20,181 [Listener at 127.0.0.1/37989] INFO  http.HttpServer2 (HttpServer2.java:addFilter(1007)) - Added filter static_user_filter (class=org.apache.hadoop.http.lib.StaticUserWebFilter$StaticUserFilter) to context hddsDatanode
2023-02-28 20:09:20,182 [Listener at 127.0.0.1/37989] INFO  http.HttpServer2 (HttpServer2.java:addFilter(1015)) - Added filter static_user_filter (class=org.apache.hadoop.http.lib.StaticUserWebFilter$StaticUserFilter) to context static
2023-02-28 20:09:20,182 [Listener at 127.0.0.1/37989] INFO  http.HttpServer2 (HttpServer2.java:addFilter(1015)) - Added filter static_user_filter (class=org.apache.hadoop.http.lib.StaticUserWebFilter$StaticUserFilter) to context logs
2023-02-28 20:09:20,182 [Listener at 127.0.0.1/37989] INFO  http.HttpServer2 (HttpServer2.java:bindListener(1250)) - Jetty bound to port 41989
2023-02-28 20:09:20,182 [Listener at 127.0.0.1/37989] INFO  server.Server (Server.java:doStart(375)) - jetty-9.4.49.v20220914; built: 2022-09-14T01:07:36.601Z; git: 4231a3b2e4cb8548a412a789936d640a97b1aa0a; jvm 1.8.0_362-b09
2023-02-28 20:09:20,184 [Listener at 127.0.0.1/37989] INFO  server.session (DefaultSessionIdManager.java:doStart(334)) - DefaultSessionIdManager workerName=node0
2023-02-28 20:09:20,184 [Listener at 127.0.0.1/37989] INFO  server.session (DefaultSessionIdManager.java:doStart(339)) - No SessionScavenger set, using defaults
2023-02-28 20:09:20,184 [Listener at 127.0.0.1/37989] INFO  server.session (HouseKeeper.java:startScavenging(132)) - node0 Scavenging every 660000ms
2023-02-28 20:09:20,184 [Listener at 127.0.0.1/37989] INFO  handler.ContextHandler (ContextHandler.java:doStart(921)) - Started o.e.j.s.ServletContextHandler@578e4723{logs,/logs,file:///home/runner/work/ozone/ozone/hadoop-ozone/integration-test/target/log,AVAILABLE}
2023-02-28 20:09:20,185 [Listener at 127.0.0.1/37989] INFO  handler.ContextHandler (ContextHandler.java:doStart(921)) - Started o.e.j.s.ServletContextHandler@498785eb{static,/static,jar:file:/home/runner/.m2/repository/org/apache/ozone/hdds-container-service/1.4.0-SNAPSHOT/hdds-container-service-1.4.0-SNAPSHOT.jar!/webapps/static,AVAILABLE}
2023-02-28 20:09:20,378 [Listener at 127.0.0.1/37989] INFO  handler.ContextHandler (ContextHandler.java:doStart(921)) - Started o.e.j.w.WebAppContext@2718a85{hddsDatanode,/,file:///tmp/jetty-0_0_0_0-41989-hdds-container-service-1_4_0-SNAPSHOT_jar-_-any-5207088313808479773/webapp/,AVAILABLE}{jar:file:/home/runner/.m2/repository/org/apache/ozone/hdds-container-service/1.4.0-SNAPSHOT/hdds-container-service-1.4.0-SNAPSHOT.jar!/webapps/hddsDatanode}
2023-02-28 20:09:20,380 [Listener at 127.0.0.1/37989] INFO  server.AbstractConnector (AbstractConnector.java:doStart(333)) - Started ServerConnector@4058fff2{HTTP/1.1, (http/1.1)}{0.0.0.0:41989}
2023-02-28 20:09:20,380 [Listener at 127.0.0.1/37989] INFO  server.Server (Server.java:doStart(415)) - Started @69064ms
2023-02-28 20:09:20,380 [Listener at 127.0.0.1/37989] WARN  impl.MetricsSystemImpl (MetricsSystemImpl.java:register(279)) - Sink prometheus already exists!
2023-02-28 20:09:20,381 [Listener at 127.0.0.1/37989] INFO  http.BaseHttpServer (BaseHttpServer.java:updateConnectorAddress(333)) - HTTP server of hddsDatanode listening at http://0.0.0.0:41989
2023-02-28 20:09:20,382 [Datanode State Machine Daemon Thread] INFO  statemachine.DatanodeStateMachine (DatanodeStateMachine.java:lambda$startDaemon$0(516)) - Ozone container server started.
2023-02-28 20:09:20,388 [Listener at 127.0.0.1/37989] INFO  ozone.MiniOzoneClusterImpl (MiniOzoneClusterImpl.java:lambda$waitForClusterToBeReady$0(218)) - Waiting for nodes to be ready. Got 0 of 3 DN Heartbeats.
2023-02-28 20:09:20,388 [Listener at 127.0.0.1/37989] INFO  ozone.MiniOzoneClusterImpl (MiniOzoneClusterImpl.java:lambda$waitForClusterToBeReady$0(221)) - Waiting for cluster to exit safe mode
2023-02-28 20:09:20,389 [Listener at 127.0.0.1/37989] INFO  ozone.MiniOzoneClusterImpl (MiniOzoneClusterImpl.java:lambda$waitForClusterToBeReady$0(223)) - SCM became leader
2023-02-28 20:09:20,398 [org.apache.hadoop.util.JvmPauseMonitor$Monitor@59cb9e63] INFO  util.JvmPauseMonitor (JvmPauseMonitor.java:run(188)) - Starting JVM pause monitor
2023-02-28 20:09:20,406 [Datanode State Machine Task Thread - 0] INFO  datanode.InitDatanodeState (InitDatanodeState.java:persistContainerDatanodeDetails(138)) - DatanodeDetails is persisted to /home/runner/work/ozone/ozone/hadoop-ozone/integration-test/target/test-dir/MiniOzoneClusterImpl-58db5c20-d6df-4fe1-a747-1f1a0fc9447e/datanode-2/meta/datanode.id
2023-02-28 20:09:20,907 [EndpointStateMachine task thread for /0.0.0.0:42901 - 0 ] INFO  ipc.Client (Client.java:handleConnectionFailure(1010)) - Retrying connect to server: 0.0.0.0/0.0.0.0:42901. Already tried 7 time(s); retry policy is RetryUpToMaximumCountWithFixedSleep(maxRetries=15, sleepTime=1000 MILLISECONDS)
2023-02-28 20:09:21,389 [Listener at 127.0.0.1/37989] INFO  ozone.MiniOzoneClusterImpl (MiniOzoneClusterImpl.java:lambda$waitForClusterToBeReady$0(218)) - Waiting for nodes to be ready. Got 0 of 3 DN Heartbeats.
2023-02-28 20:09:21,389 [Listener at 127.0.0.1/37989] INFO  ozone.MiniOzoneClusterImpl (MiniOzoneClusterImpl.java:lambda$waitForClusterToBeReady$0(221)) - Waiting for cluster to exit safe mode
2023-02-28 20:09:21,389 [Listener at 127.0.0.1/37989] INFO  ozone.MiniOzoneClusterImpl (MiniOzoneClusterImpl.java:lambda$waitForClusterToBeReady$0(223)) - SCM became leader
2023-02-28 20:09:21,781 [EndpointStateMachine task thread for /0.0.0.0:46809 - 0 ] INFO  utils.DatanodeStoreCache (DatanodeStoreCache.java:addDB(58)) - Added db /home/runner/work/ozone/ozone/hadoop-ozone/integration-test/target/test-dir/MiniOzoneClusterImpl-58db5c20-d6df-4fe1-a747-1f1a0fc9447e/datanode-0/data-0/containers/hdds/58db5c20-d6df-4fe1-a747-1f1a0fc9447e/DS-1a62c95d-6543-4e64-a7a9-0488b633fbfe/container.db to cache
2023-02-28 20:09:21,781 [EndpointStateMachine task thread for /0.0.0.0:46809 - 0 ] INFO  volume.HddsVolume (HddsVolume.java:createDbStore(331)) - SchemaV3 db is created and loaded at /home/runner/work/ozone/ozone/hadoop-ozone/integration-test/target/test-dir/MiniOzoneClusterImpl-58db5c20-d6df-4fe1-a747-1f1a0fc9447e/datanode-0/data-0/containers/hdds/58db5c20-d6df-4fe1-a747-1f1a0fc9447e/DS-1a62c95d-6543-4e64-a7a9-0488b633fbfe/container.db for volume DS-1a62c95d-6543-4e64-a7a9-0488b633fbfe
2023-02-28 20:09:21,781 [EndpointStateMachine task thread for /0.0.0.0:46809 - 0 ] INFO  ozoneimpl.OzoneContainer (OzoneContainer.java:start(398)) - Attempting to start container services.
2023-02-28 20:09:21,781 [EndpointStateMachine task thread for /0.0.0.0:46809 - 0 ] INFO  ozoneimpl.OzoneContainer (OzoneContainer.java:startContainerScrub(315)) - Scheduled background container scanners and the on-demand container scanner have been disabled.
2023-02-28 20:09:21,784 [EndpointStateMachine task thread for /0.0.0.0:46809 - 0 ] INFO  replication.ReplicationServer (ReplicationServer.java:start(109)) - ReplicationServer is started using port 33103
2023-02-28 20:09:21,785 [EndpointStateMachine task thread for /0.0.0.0:46809 - 0 ] INFO  ratis.XceiverServerRatis (XceiverServerRatis.java:start(518)) - Starting XceiverServerRatis 937551b9-64e7-48ec-8838-f5047df98f27
2023-02-28 20:09:21,786 [EndpointStateMachine task thread for /0.0.0.0:46809 - 0 ] INFO  server.RaftServer (RaftServerProxy.java:startImpl(393)) - 937551b9-64e7-48ec-8838-f5047df98f27: start RPC server
2023-02-28 20:09:21,792 [EndpointStateMachine task thread for /0.0.0.0:46809 - 0 ] INFO  server.GrpcService (GrpcService.java:startImpl(262)) - 937551b9-64e7-48ec-8838-f5047df98f27: GrpcService started, listening on 39817
2023-02-28 20:09:21,794 [EndpointStateMachine task thread for /0.0.0.0:46809 - 0 ] INFO  ratis.XceiverServerRatis (XceiverServerRatis.java:getRealPort(544)) - XceiverServerRatis 937551b9-64e7-48ec-8838-f5047df98f27 is started using port 39817 for RATIS
2023-02-28 20:09:21,794 [JvmPauseMonitor9] INFO  util.JvmPauseMonitor (JvmPauseMonitor.java:run(105)) - JvmPauseMonitor-937551b9-64e7-48ec-8838-f5047df98f27: Started
2023-02-28 20:09:21,794 [EndpointStateMachine task thread for /0.0.0.0:46809 - 0 ] INFO  ratis.XceiverServerRatis (XceiverServerRatis.java:getRealPort(544)) - XceiverServerRatis 937551b9-64e7-48ec-8838-f5047df98f27 is started using port 39817 for RATIS_ADMIN
2023-02-28 20:09:21,794 [EndpointStateMachine task thread for /0.0.0.0:46809 - 0 ] INFO  ratis.XceiverServerRatis (XceiverServerRatis.java:getRealPort(544)) - XceiverServerRatis 937551b9-64e7-48ec-8838-f5047df98f27 is started using port 39817 for RATIS_SERVER
2023-02-28 20:09:21,794 [EndpointStateMachine task thread for /0.0.0.0:46809 - 0 ] INFO  ratis.XceiverServerRatis (XceiverServerRatis.java:getRealPort(544)) - XceiverServerRatis 937551b9-64e7-48ec-8838-f5047df98f27 is started using port 35681 for RATIS_DATASTREAM
2023-02-28 20:09:21,800 [EndpointStateMachine task thread for /0.0.0.0:46809 - 0 ] INFO  server.XceiverServerGrpc (XceiverServerGrpc.java:start(180)) - XceiverServerGrpc 937551b9-64e7-48ec-8838-f5047df98f27 is started using port 45909
2023-02-28 20:09:21,802 [BlockDeletingService#0] INFO  interfaces.ContainerDeletionChoosingPolicyTemplate (ContainerDeletionChoosingPolicyTemplate.java:chooseContainerForBlockDeletion(83)) - Chosen 0/5000 blocks from 0 candidate containers.
2023-02-28 20:09:21,907 [EndpointStateMachine task thread for /0.0.0.0:42901 - 0 ] INFO  ipc.Client (Client.java:handleConnectionFailure(1010)) - Retrying connect to server: 0.0.0.0/0.0.0.0:42901. Already tried 8 time(s); retry policy is RetryUpToMaximumCountWithFixedSleep(maxRetries=15, sleepTime=1000 MILLISECONDS)
2023-02-28 20:09:22,113 [EndpointStateMachine task thread for /0.0.0.0:46809 - 0 ] INFO  utils.DatanodeStoreCache (DatanodeStoreCache.java:addDB(58)) - Added db /home/runner/work/ozone/ozone/hadoop-ozone/integration-test/target/test-dir/MiniOzoneClusterImpl-58db5c20-d6df-4fe1-a747-1f1a0fc9447e/datanode-1/data-0/containers/hdds/58db5c20-d6df-4fe1-a747-1f1a0fc9447e/DS-c268a0a9-befb-4cb6-9095-8846d319da54/container.db to cache
2023-02-28 20:09:22,113 [EndpointStateMachine task thread for /0.0.0.0:46809 - 0 ] INFO  volume.HddsVolume (HddsVolume.java:createDbStore(331)) - SchemaV3 db is created and loaded at /home/runner/work/ozone/ozone/hadoop-ozone/integration-test/target/test-dir/MiniOzoneClusterImpl-58db5c20-d6df-4fe1-a747-1f1a0fc9447e/datanode-1/data-0/containers/hdds/58db5c20-d6df-4fe1-a747-1f1a0fc9447e/DS-c268a0a9-befb-4cb6-9095-8846d319da54/container.db for volume DS-c268a0a9-befb-4cb6-9095-8846d319da54
2023-02-28 20:09:22,113 [EndpointStateMachine task thread for /0.0.0.0:46809 - 0 ] INFO  ozoneimpl.OzoneContainer (OzoneContainer.java:start(398)) - Attempting to start container services.
2023-02-28 20:09:22,113 [EndpointStateMachine task thread for /0.0.0.0:46809 - 0 ] INFO  ozoneimpl.OzoneContainer (OzoneContainer.java:startContainerScrub(315)) - Scheduled background container scanners and the on-demand container scanner have been disabled.
2023-02-28 20:09:22,116 [EndpointStateMachine task thread for /0.0.0.0:46809 - 0 ] INFO  replication.ReplicationServer (ReplicationServer.java:start(109)) - ReplicationServer is started using port 41059
2023-02-28 20:09:22,117 [EndpointStateMachine task thread for /0.0.0.0:46809 - 0 ] INFO  ratis.XceiverServerRatis (XceiverServerRatis.java:start(518)) - Starting XceiverServerRatis 5ca82d80-1088-40df-b8b2-c16ff7ffaa84
2023-02-28 20:09:22,117 [EndpointStateMachine task thread for /0.0.0.0:46809 - 0 ] INFO  server.RaftServer (RaftServerProxy.java:startImpl(393)) - 5ca82d80-1088-40df-b8b2-c16ff7ffaa84: start RPC server
2023-02-28 20:09:22,121 [EndpointStateMachine task thread for /0.0.0.0:46809 - 0 ] INFO  server.GrpcService (GrpcService.java:startImpl(262)) - 5ca82d80-1088-40df-b8b2-c16ff7ffaa84: GrpcService started, listening on 35731
2023-02-28 20:09:22,121 [EndpointStateMachine task thread for /0.0.0.0:46809 - 0 ] INFO  ratis.XceiverServerRatis (XceiverServerRatis.java:getRealPort(544)) - XceiverServerRatis 5ca82d80-1088-40df-b8b2-c16ff7ffaa84 is started using port 35731 for RATIS
2023-02-28 20:09:22,121 [JvmPauseMonitor10] INFO  util.JvmPauseMonitor (JvmPauseMonitor.java:run(105)) - JvmPauseMonitor-5ca82d80-1088-40df-b8b2-c16ff7ffaa84: Started
2023-02-28 20:09:22,121 [EndpointStateMachine task thread for /0.0.0.0:46809 - 0 ] INFO  ratis.XceiverServerRatis (XceiverServerRatis.java:getRealPort(544)) - XceiverServerRatis 5ca82d80-1088-40df-b8b2-c16ff7ffaa84 is started using port 35731 for RATIS_ADMIN
2023-02-28 20:09:22,121 [EndpointStateMachine task thread for /0.0.0.0:46809 - 0 ] INFO  ratis.XceiverServerRatis (XceiverServerRatis.java:getRealPort(544)) - XceiverServerRatis 5ca82d80-1088-40df-b8b2-c16ff7ffaa84 is started using port 35731 for RATIS_SERVER
2023-02-28 20:09:22,121 [EndpointStateMachine task thread for /0.0.0.0:46809 - 0 ] INFO  ratis.XceiverServerRatis (XceiverServerRatis.java:getRealPort(544)) - XceiverServerRatis 5ca82d80-1088-40df-b8b2-c16ff7ffaa84 is started using port 35983 for RATIS_DATASTREAM
2023-02-28 20:09:22,126 [EndpointStateMachine task thread for /0.0.0.0:46809 - 0 ] INFO  server.XceiverServerGrpc (XceiverServerGrpc.java:start(180)) - XceiverServerGrpc 5ca82d80-1088-40df-b8b2-c16ff7ffaa84 is started using port 33073
2023-02-28 20:09:22,127 [BlockDeletingService#0] INFO  interfaces.ContainerDeletionChoosingPolicyTemplate (ContainerDeletionChoosingPolicyTemplate.java:chooseContainerForBlockDeletion(83)) - Chosen 0/5000 blocks from 0 candidate containers.
2023-02-28 20:09:22,389 [Listener at 127.0.0.1/37989] INFO  ozone.MiniOzoneClusterImpl (MiniOzoneClusterImpl.java:lambda$waitForClusterToBeReady$0(218)) - Waiting for nodes to be ready. Got 0 of 3 DN Heartbeats.
2023-02-28 20:09:22,390 [Listener at 127.0.0.1/37989] INFO  ozone.MiniOzoneClusterImpl (MiniOzoneClusterImpl.java:lambda$waitForClusterToBeReady$0(221)) - Waiting for cluster to exit safe mode
2023-02-28 20:09:22,390 [Listener at 127.0.0.1/37989] INFO  ozone.MiniOzoneClusterImpl (MiniOzoneClusterImpl.java:lambda$waitForClusterToBeReady$0(223)) - SCM became leader
2023-02-28 20:09:22,429 [EndpointStateMachine task thread for /0.0.0.0:46809 - 0 ] INFO  utils.DatanodeStoreCache (DatanodeStoreCache.java:addDB(58)) - Added db /home/runner/work/ozone/ozone/hadoop-ozone/integration-test/target/test-dir/MiniOzoneClusterImpl-58db5c20-d6df-4fe1-a747-1f1a0fc9447e/datanode-2/data-0/containers/hdds/58db5c20-d6df-4fe1-a747-1f1a0fc9447e/DS-fe16221a-4b66-45ce-8a78-25fad8c9914f/container.db to cache
2023-02-28 20:09:22,429 [EndpointStateMachine task thread for /0.0.0.0:46809 - 0 ] INFO  volume.HddsVolume (HddsVolume.java:createDbStore(331)) - SchemaV3 db is created and loaded at /home/runner/work/ozone/ozone/hadoop-ozone/integration-test/target/test-dir/MiniOzoneClusterImpl-58db5c20-d6df-4fe1-a747-1f1a0fc9447e/datanode-2/data-0/containers/hdds/58db5c20-d6df-4fe1-a747-1f1a0fc9447e/DS-fe16221a-4b66-45ce-8a78-25fad8c9914f/container.db for volume DS-fe16221a-4b66-45ce-8a78-25fad8c9914f
2023-02-28 20:09:22,429 [EndpointStateMachine task thread for /0.0.0.0:46809 - 0 ] INFO  ozoneimpl.OzoneContainer (OzoneContainer.java:start(398)) - Attempting to start container services.
2023-02-28 20:09:22,429 [EndpointStateMachine task thread for /0.0.0.0:46809 - 0 ] INFO  ozoneimpl.OzoneContainer (OzoneContainer.java:startContainerScrub(315)) - Scheduled background container scanners and the on-demand container scanner have been disabled.
2023-02-28 20:09:22,439 [EndpointStateMachine task thread for /0.0.0.0:46809 - 0 ] INFO  replication.ReplicationServer (ReplicationServer.java:start(109)) - ReplicationServer is started using port 34239
2023-02-28 20:09:22,440 [EndpointStateMachine task thread for /0.0.0.0:46809 - 0 ] INFO  ratis.XceiverServerRatis (XceiverServerRatis.java:start(518)) - Starting XceiverServerRatis 9fb7a251-87f9-4a5e-bbf3-14e1e3694fcd
2023-02-28 20:09:22,441 [EndpointStateMachine task thread for /0.0.0.0:46809 - 0 ] INFO  server.RaftServer (RaftServerProxy.java:startImpl(393)) - 9fb7a251-87f9-4a5e-bbf3-14e1e3694fcd: start RPC server
2023-02-28 20:09:22,445 [EndpointStateMachine task thread for /0.0.0.0:46809 - 0 ] INFO  server.GrpcService (GrpcService.java:startImpl(262)) - 9fb7a251-87f9-4a5e-bbf3-14e1e3694fcd: GrpcService started, listening on 38965
2023-02-28 20:09:22,446 [EndpointStateMachine task thread for /0.0.0.0:46809 - 0 ] INFO  ratis.XceiverServerRatis (XceiverServerRatis.java:getRealPort(544)) - XceiverServerRatis 9fb7a251-87f9-4a5e-bbf3-14e1e3694fcd is started using port 38965 for RATIS
2023-02-28 20:09:22,446 [EndpointStateMachine task thread for /0.0.0.0:46809 - 0 ] INFO  ratis.XceiverServerRatis (XceiverServerRatis.java:getRealPort(544)) - XceiverServerRatis 9fb7a251-87f9-4a5e-bbf3-14e1e3694fcd is started using port 38965 for RATIS_ADMIN
2023-02-28 20:09:22,446 [EndpointStateMachine task thread for /0.0.0.0:46809 - 0 ] INFO  ratis.XceiverServerRatis (XceiverServerRatis.java:getRealPort(544)) - XceiverServerRatis 9fb7a251-87f9-4a5e-bbf3-14e1e3694fcd is started using port 38965 for RATIS_SERVER
2023-02-28 20:09:22,446 [EndpointStateMachine task thread for /0.0.0.0:46809 - 0 ] INFO  ratis.XceiverServerRatis (XceiverServerRatis.java:getRealPort(544)) - XceiverServerRatis 9fb7a251-87f9-4a5e-bbf3-14e1e3694fcd is started using port 40139 for RATIS_DATASTREAM
2023-02-28 20:09:22,446 [JvmPauseMonitor11] INFO  util.JvmPauseMonitor (JvmPauseMonitor.java:run(105)) - JvmPauseMonitor-9fb7a251-87f9-4a5e-bbf3-14e1e3694fcd: Started
2023-02-28 20:09:22,448 [EndpointStateMachine task thread for /0.0.0.0:46809 - 0 ] INFO  server.XceiverServerGrpc (XceiverServerGrpc.java:start(180)) - XceiverServerGrpc 9fb7a251-87f9-4a5e-bbf3-14e1e3694fcd is started using port 37723
2023-02-28 20:09:22,449 [BlockDeletingService#0] INFO  interfaces.ContainerDeletionChoosingPolicyTemplate (ContainerDeletionChoosingPolicyTemplate.java:chooseContainerForBlockDeletion(83)) - Chosen 0/5000 blocks from 0 candidate containers.
2023-02-28 20:09:22,908 [EndpointStateMachine task thread for /0.0.0.0:42901 - 0 ] INFO  ipc.Client (Client.java:handleConnectionFailure(1010)) - Retrying connect to server: 0.0.0.0/0.0.0.0:42901. Already tried 9 time(s); retry policy is RetryUpToMaximumCountWithFixedSleep(maxRetries=15, sleepTime=1000 MILLISECONDS)
2023-02-28 20:09:23,390 [Listener at 127.0.0.1/37989] INFO  ozone.MiniOzoneClusterImpl (MiniOzoneClusterImpl.java:lambda$waitForClusterToBeReady$0(218)) - Waiting for nodes to be ready. Got 0 of 3 DN Heartbeats.
2023-02-28 20:09:23,390 [Listener at 127.0.0.1/37989] INFO  ozone.MiniOzoneClusterImpl (MiniOzoneClusterImpl.java:lambda$waitForClusterToBeReady$0(221)) - Waiting for cluster to exit safe mode
2023-02-28 20:09:23,390 [Listener at 127.0.0.1/37989] INFO  ozone.MiniOzoneClusterImpl (MiniOzoneClusterImpl.java:lambda$waitForClusterToBeReady$0(223)) - SCM became leader
2023-02-28 20:09:23,748 [IPC Server handler 1 on default port 46809] INFO  net.NetworkTopologyImpl (NetworkTopologyImpl.java:add(112)) - Added a new node: /default-rack/937551b9-64e7-48ec-8838-f5047df98f27
2023-02-28 20:09:23,749 [IPC Server handler 1 on default port 46809] INFO  node.SCMNodeManager (SCMNodeManager.java:register(397)) - Registered Data node : 937551b9-64e7-48ec-8838-f5047df98f27{ip: 10.1.1.15, host: fv-az399-334, ports: [REPLICATION=33103, RATIS=39817, RATIS_ADMIN=39817, RATIS_SERVER=39817, RATIS_DATASTREAM=35681, STANDALONE=45909], networkLocation: /default-rack, certSerialId: null, persistedOpState: null, persistedOpStateExpiryEpochSec: 0}
2023-02-28 20:09:23,752 [EventQueue-NodeRegistrationContainerReportForContainerSafeModeRule] INFO  safemode.SCMSafeModeManager (SCMSafeModeManager.java:validateSafeModeExitRules(200)) - ContainerSafeModeRule rule is successfully validated
2023-02-28 20:09:23,752 [EventQueue-NodeRegistrationContainerReportForDataNodeSafeModeRule] INFO  safemode.SCMSafeModeManager (DataNodeSafeModeRule.java:process(71)) - SCM in safe mode. 1 DataNodes registered, 3 required.
2023-02-28 20:09:23,754 [EventQueue-NewNodeForNewNodeHandler] INFO  pipeline.BackgroundPipelineCreator (BackgroundPipelineCreator.java:notifyEventTriggered(276)) - trigger a one-shot run on RatisPipelineUtilsThread.
2023-02-28 20:09:23,754 [RatisPipelineUtilsThread - 0] INFO  pipeline.RatisPipelineProvider (RatisPipelineProvider.java:lambda$create$0(206)) - Sending CreatePipelineCommand for pipeline:PipelineID=ea2abc40-fbef-49f0-8a3e-9fb9335f01de to datanode:937551b9-64e7-48ec-8838-f5047df98f27
2023-02-28 20:09:23,755 [RatisPipelineUtilsThread - 0] INFO  pipeline.PipelineStateManagerImpl (PipelineStateManagerImpl.java:addPipeline(103)) - Created pipeline Pipeline[ Id: ea2abc40-fbef-49f0-8a3e-9fb9335f01de, Nodes: 937551b9-64e7-48ec-8838-f5047df98f27(fv-az399-334/10.1.1.15), ReplicationConfig: RATIS/ONE, State:ALLOCATED, leaderId:, CreationTimestamp2023-02-28T20:09:23.754Z[Etc/UTC]].
2023-02-28 20:09:23,756 [EventQueue-PipelineReportForOneReplicaPipelineSafeModeRule] INFO  safemode.SCMSafeModeManager (SCMSafeModeManager.java:validateSafeModeExitRules(200)) - AtleastOneDatanodeReportedRule rule is successfully validated
2023-02-28 20:09:23,909 [EndpointStateMachine task thread for /0.0.0.0:42901 - 0 ] INFO  ipc.Client (Client.java:handleConnectionFailure(1010)) - Retrying connect to server: 0.0.0.0/0.0.0.0:42901. Already tried 10 time(s); retry policy is RetryUpToMaximumCountWithFixedSleep(maxRetries=15, sleepTime=1000 MILLISECONDS)
2023-02-28 20:09:24,085 [IPC Server handler 2 on default port 46809] INFO  net.NetworkTopologyImpl (NetworkTopologyImpl.java:add(112)) - Added a new node: /default-rack/5ca82d80-1088-40df-b8b2-c16ff7ffaa84
2023-02-28 20:09:24,085 [IPC Server handler 2 on default port 46809] INFO  node.SCMNodeManager (SCMNodeManager.java:register(397)) - Registered Data node : 5ca82d80-1088-40df-b8b2-c16ff7ffaa84{ip: 10.1.1.15, host: fv-az399-334, ports: [REPLICATION=41059, RATIS=35731, RATIS_ADMIN=35731, RATIS_SERVER=35731, RATIS_DATASTREAM=35983, STANDALONE=33073], networkLocation: /default-rack, certSerialId: null, persistedOpState: null, persistedOpStateExpiryEpochSec: 0}
2023-02-28 20:09:24,085 [EventQueue-NewNodeForNewNodeHandler] INFO  pipeline.BackgroundPipelineCreator (BackgroundPipelineCreator.java:notifyEventTriggered(276)) - trigger a one-shot run on RatisPipelineUtilsThread.
2023-02-28 20:09:24,085 [EventQueue-NodeRegistrationContainerReportForDataNodeSafeModeRule] INFO  safemode.SCMSafeModeManager (DataNodeSafeModeRule.java:process(71)) - SCM in safe mode. 2 DataNodes registered, 3 required.
2023-02-28 20:09:24,086 [RatisPipelineUtilsThread - 0] INFO  pipeline.RatisPipelineProvider (RatisPipelineProvider.java:lambda$create$0(206)) - Sending CreatePipelineCommand for pipeline:PipelineID=5c90f5cf-4b7f-4d87-a97c-01b27e31000a to datanode:5ca82d80-1088-40df-b8b2-c16ff7ffaa84
2023-02-28 20:09:24,086 [RatisPipelineUtilsThread - 0] INFO  pipeline.PipelineStateManagerImpl (PipelineStateManagerImpl.java:addPipeline(103)) - Created pipeline Pipeline[ Id: 5c90f5cf-4b7f-4d87-a97c-01b27e31000a, Nodes: 5ca82d80-1088-40df-b8b2-c16ff7ffaa84(fv-az399-334/10.1.1.15), ReplicationConfig: RATIS/ONE, State:ALLOCATED, leaderId:, CreationTimestamp2023-02-28T20:09:24.086Z[Etc/UTC]].
2023-02-28 20:09:24,391 [Listener at 127.0.0.1/37989] INFO  ozone.MiniOzoneClusterImpl (MiniOzoneClusterImpl.java:lambda$waitForClusterToBeReady$0(218)) - Waiting for nodes to be ready. Got 2 of 3 DN Heartbeats.
2023-02-28 20:09:24,391 [Listener at 127.0.0.1/37989] INFO  ozone.MiniOzoneClusterImpl (MiniOzoneClusterImpl.java:lambda$waitForClusterToBeReady$0(221)) - Waiting for cluster to exit safe mode
2023-02-28 20:09:24,391 [Listener at 127.0.0.1/37989] INFO  ozone.MiniOzoneClusterImpl (MiniOzoneClusterImpl.java:lambda$waitForClusterToBeReady$0(223)) - SCM became leader
2023-02-28 20:09:24,400 [IPC Server handler 3 on default port 46809] INFO  net.NetworkTopologyImpl (NetworkTopologyImpl.java:add(112)) - Added a new node: /default-rack/9fb7a251-87f9-4a5e-bbf3-14e1e3694fcd
2023-02-28 20:09:24,400 [IPC Server handler 3 on default port 46809] INFO  node.SCMNodeManager (SCMNodeManager.java:register(397)) - Registered Data node : 9fb7a251-87f9-4a5e-bbf3-14e1e3694fcd{ip: 10.1.1.15, host: fv-az399-334, ports: [REPLICATION=34239, RATIS=38965, RATIS_ADMIN=38965, RATIS_SERVER=38965, RATIS_DATASTREAM=40139, STANDALONE=37723], networkLocation: /default-rack, certSerialId: null, persistedOpState: null, persistedOpStateExpiryEpochSec: 0}
2023-02-28 20:09:24,401 [EventQueue-NewNodeForNewNodeHandler] INFO  pipeline.BackgroundPipelineCreator (BackgroundPipelineCreator.java:notifyEventTriggered(276)) - trigger a one-shot run on RatisPipelineUtilsThread.
2023-02-28 20:09:24,402 [EventQueue-NodeRegistrationContainerReportForDataNodeSafeModeRule] INFO  safemode.SCMSafeModeManager (DataNodeSafeModeRule.java:process(71)) - SCM in safe mode. 3 DataNodes registered, 3 required.
2023-02-28 20:09:24,402 [EventQueue-NodeRegistrationContainerReportForDataNodeSafeModeRule] INFO  safemode.SCMSafeModeManager (SCMSafeModeManager.java:validateSafeModeExitRules(200)) - DataNodeSafeModeRule rule is successfully validated
2023-02-28 20:09:24,402 [EventQueue-NodeRegistrationContainerReportForDataNodeSafeModeRule] INFO  safemode.SCMSafeModeManager (SCMSafeModeManager.java:completePreCheck(229)) - All SCM safe mode pre check rules have passed
2023-02-28 20:09:24,402 [EventQueue-NodeRegistrationContainerReportForDataNodeSafeModeRule] INFO  ha.SCMContext (SCMContext.java:updateSafeModeStatus(228)) - Update SafeModeStatus from SafeModeStatus{safeModeStatus=true, preCheckPassed=false} to SafeModeStatus{safeModeStatus=true, preCheckPassed=true}.
2023-02-28 20:09:24,402 [EventQueue-NodeRegistrationContainerReportForDataNodeSafeModeRule] INFO  pipeline.BackgroundPipelineCreator (BackgroundPipelineCreator.java:notifyEventTriggered(276)) - trigger a one-shot run on RatisPipelineUtilsThread.
2023-02-28 20:09:24,402 [RatisPipelineUtilsThread - 0] INFO  pipeline.RatisPipelineProvider (RatisPipelineProvider.java:lambda$create$0(206)) - Sending CreatePipelineCommand for pipeline:PipelineID=120eb1b3-7256-4864-ba04-6cf1dc92d9fe to datanode:9fb7a251-87f9-4a5e-bbf3-14e1e3694fcd
2023-02-28 20:09:24,403 [RatisPipelineUtilsThread - 0] INFO  pipeline.PipelineStateManagerImpl (PipelineStateManagerImpl.java:addPipeline(103)) - Created pipeline Pipeline[ Id: 120eb1b3-7256-4864-ba04-6cf1dc92d9fe, Nodes: 9fb7a251-87f9-4a5e-bbf3-14e1e3694fcd(fv-az399-334/10.1.1.15), ReplicationConfig: RATIS/ONE, State:ALLOCATED, leaderId:, CreationTimestamp2023-02-28T20:09:24.402Z[Etc/UTC]].
2023-02-28 20:09:24,404 [RatisPipelineUtilsThread - 0] INFO  pipeline.RatisPipelineProvider (RatisPipelineProvider.java:lambda$create$0(206)) - Sending CreatePipelineCommand for pipeline:PipelineID=07d8ca01-e976-42f2-8503-947d6fc2ad75 to datanode:9fb7a251-87f9-4a5e-bbf3-14e1e3694fcd
2023-02-28 20:09:24,404 [RatisPipelineUtilsThread - 0] INFO  pipeline.RatisPipelineProvider (RatisPipelineProvider.java:lambda$create$0(206)) - Sending CreatePipelineCommand for pipeline:PipelineID=07d8ca01-e976-42f2-8503-947d6fc2ad75 to datanode:937551b9-64e7-48ec-8838-f5047df98f27
2023-02-28 20:09:24,404 [RatisPipelineUtilsThread - 0] INFO  pipeline.RatisPipelineProvider (RatisPipelineProvider.java:lambda$create$0(206)) - Sending CreatePipelineCommand for pipeline:PipelineID=07d8ca01-e976-42f2-8503-947d6fc2ad75 to datanode:5ca82d80-1088-40df-b8b2-c16ff7ffaa84
2023-02-28 20:09:24,404 [RatisPipelineUtilsThread - 0] INFO  pipeline.PipelineStateManagerImpl (PipelineStateManagerImpl.java:addPipeline(103)) - Created pipeline Pipeline[ Id: 07d8ca01-e976-42f2-8503-947d6fc2ad75, Nodes: 9fb7a251-87f9-4a5e-bbf3-14e1e3694fcd(fv-az399-334/10.1.1.15)937551b9-64e7-48ec-8838-f5047df98f27(fv-az399-334/10.1.1.15)5ca82d80-1088-40df-b8b2-c16ff7ffaa84(fv-az399-334/10.1.1.15), ReplicationConfig: RATIS/THREE, State:ALLOCATED, leaderId:, CreationTimestamp2023-02-28T20:09:24.404Z[Etc/UTC]].
2023-02-28 20:09:24,405 [RatisPipelineUtilsThread - 0] INFO  pipeline.RatisPipelineProvider (RatisPipelineProvider.java:lambda$create$0(206)) - Sending CreatePipelineCommand for pipeline:PipelineID=d6155cd7-9825-4f89-9110-24cd471ffb8a to datanode:5ca82d80-1088-40df-b8b2-c16ff7ffaa84
2023-02-28 20:09:24,405 [RatisPipelineUtilsThread - 0] INFO  pipeline.RatisPipelineProvider (RatisPipelineProvider.java:lambda$create$0(206)) - Sending CreatePipelineCommand for pipeline:PipelineID=d6155cd7-9825-4f89-9110-24cd471ffb8a to datanode:9fb7a251-87f9-4a5e-bbf3-14e1e3694fcd
2023-02-28 20:09:24,405 [RatisPipelineUtilsThread - 0] INFO  pipeline.RatisPipelineProvider (RatisPipelineProvider.java:lambda$create$0(206)) - Sending CreatePipelineCommand for pipeline:PipelineID=d6155cd7-9825-4f89-9110-24cd471ffb8a to datanode:937551b9-64e7-48ec-8838-f5047df98f27
2023-02-28 20:09:24,405 [RatisPipelineUtilsThread - 0] INFO  pipeline.PipelineStateManagerImpl (PipelineStateManagerImpl.java:addPipeline(103)) - Created pipeline Pipeline[ Id: d6155cd7-9825-4f89-9110-24cd471ffb8a, Nodes: 5ca82d80-1088-40df-b8b2-c16ff7ffaa84(fv-az399-334/10.1.1.15)9fb7a251-87f9-4a5e-bbf3-14e1e3694fcd(fv-az399-334/10.1.1.15)937551b9-64e7-48ec-8838-f5047df98f27(fv-az399-334/10.1.1.15), ReplicationConfig: RATIS/THREE, State:ALLOCATED, leaderId:, CreationTimestamp2023-02-28T20:09:24.405Z[Etc/UTC]].
2023-02-28 20:09:24,406 [RatisPipelineUtilsThread - 0] INFO  pipeline.PipelineManagerImpl (PipelineManagerImpl.java:recordMetricsForPipeline(826)) - Pipeline: PipelineID=d6155cd7-9825-4f89-9110-24cd471ffb8a contains same datanodes as previous pipelines: PipelineID=07d8ca01-e976-42f2-8503-947d6fc2ad75 nodeIds: 5ca82d80-1088-40df-b8b2-c16ff7ffaa84, 9fb7a251-87f9-4a5e-bbf3-14e1e3694fcd, 937551b9-64e7-48ec-8838-f5047df98f27
2023-02-28 20:09:24,406 [RatisPipelineUtilsThread - 0] WARN  pipeline.PipelinePlacementPolicy (PipelinePlacementPolicy.java:filterViableNodes(158)) - Pipeline creation failed due to no sufficient healthy datanodes. Required 3. Found 0.
2023-02-28 20:09:24,406 [RatisPipelineUtilsThread - 0] WARN  pipeline.PipelinePlacementPolicy (PipelinePlacementPolicy.java:filterViableNodes(158)) - Pipeline creation failed due to no sufficient healthy datanodes. Required 3. Found 0.
2023-02-28 20:09:24,910 [EndpointStateMachine task thread for /0.0.0.0:42901 - 0 ] INFO  ipc.Client (Client.java:handleConnectionFailure(1010)) - Retrying connect to server: 0.0.0.0/0.0.0.0:42901. Already tried 11 time(s); retry policy is RetryUpToMaximumCountWithFixedSleep(maxRetries=15, sleepTime=1000 MILLISECONDS)
2023-02-28 20:09:25,391 [Listener at 127.0.0.1/37989] INFO  ozone.MiniOzoneClusterImpl (MiniOzoneClusterImpl.java:lambda$waitForClusterToBeReady$0(218)) - Nodes are ready. Got 3 of 3 DN Heartbeats.
2023-02-28 20:09:25,392 [Listener at 127.0.0.1/37989] INFO  ozone.MiniOzoneClusterImpl (MiniOzoneClusterImpl.java:lambda$waitForClusterToBeReady$0(221)) - Waiting for cluster to exit safe mode
2023-02-28 20:09:25,392 [Listener at 127.0.0.1/37989] INFO  ozone.MiniOzoneClusterImpl (MiniOzoneClusterImpl.java:lambda$waitForClusterToBeReady$0(223)) - SCM became leader
2023-02-28 20:09:25,911 [EndpointStateMachine task thread for /0.0.0.0:42901 - 0 ] INFO  ipc.Client (Client.java:handleConnectionFailure(1010)) - Retrying connect to server: 0.0.0.0/0.0.0.0:42901. Already tried 12 time(s); retry policy is RetryUpToMaximumCountWithFixedSleep(maxRetries=15, sleepTime=1000 MILLISECONDS)
2023-02-28 20:09:26,392 [Listener at 127.0.0.1/37989] INFO  ozone.MiniOzoneClusterImpl (MiniOzoneClusterImpl.java:lambda$waitForClusterToBeReady$0(218)) - Nodes are ready. Got 3 of 3 DN Heartbeats.
2023-02-28 20:09:26,393 [Listener at 127.0.0.1/37989] INFO  ozone.MiniOzoneClusterImpl (MiniOzoneClusterImpl.java:lambda$waitForClusterToBeReady$0(221)) - Waiting for cluster to exit safe mode
2023-02-28 20:09:26,393 [Listener at 127.0.0.1/37989] INFO  ozone.MiniOzoneClusterImpl (MiniOzoneClusterImpl.java:lambda$waitForClusterToBeReady$0(223)) - SCM became leader
2023-02-28 20:09:26,749 [Command processor thread] INFO  server.RaftServer (RaftServerProxy.java:addNew(96)) - 937551b9-64e7-48ec-8838-f5047df98f27: addNew group-9FB9335F01DE:[937551b9-64e7-48ec-8838-f5047df98f27|rpc:10.1.1.15:39817|dataStream:10.1.1.15:35681|priority:1|startupRole:FOLLOWER] returns group-9FB9335F01DE:java.util.concurrent.CompletableFuture@a73d037[Not completed]
2023-02-28 20:09:26,752 [pool-757-thread-1] INFO  server.RaftServer$Division (RaftServerImpl.java:<init>(195)) - 937551b9-64e7-48ec-8838-f5047df98f27: new RaftServerImpl for group-9FB9335F01DE:[937551b9-64e7-48ec-8838-f5047df98f27|rpc:10.1.1.15:39817|dataStream:10.1.1.15:35681|priority:1|startupRole:FOLLOWER] with ContainerStateMachine:uninitialized
2023-02-28 20:09:26,752 [pool-757-thread-1] INFO  server.RaftServerConfigKeys (ConfUtils.java:logGet(46)) - raft.server.rpc.timeout.min = 5s (custom)
2023-02-28 20:09:26,752 [pool-757-thread-1] INFO  server.RaftServerConfigKeys (ConfUtils.java:logGet(46)) - raft.server.rpc.timeout.max = 5200ms (custom)
2023-02-28 20:09:26,753 [pool-757-thread-1] INFO  server.RaftServerConfigKeys (ConfUtils.java:logGet(46)) - raft.server.rpc.sleep.time = 25ms (default)
2023-02-28 20:09:26,753 [pool-757-thread-1] INFO  server.RaftServerConfigKeys (ConfUtils.java:logGet(46)) - raft.server.rpc.slowness.timeout = 300s (custom)
2023-02-28 20:09:26,753 [pool-757-thread-1] INFO  server.RaftServerConfigKeys (ConfUtils.java:logGet(46)) - raft.server.leaderelection.leader.step-down.wait-time = 10s (default)
2023-02-28 20:09:26,753 [pool-757-thread-1] INFO  server.RaftServerConfigKeys (ConfUtils.java:logGet(46)) - raft.server.sleep.deviation.threshold = 300ms (default)
2023-02-28 20:09:26,753 [pool-757-thread-1] INFO  server.RaftServer$Division (ServerState.java:<init>(118)) - 937551b9-64e7-48ec-8838-f5047df98f27@group-9FB9335F01DE: ConfigurationManager, init=-1: peers:[937551b9-64e7-48ec-8838-f5047df98f27|rpc:10.1.1.15:39817|dataStream:10.1.1.15:35681|priority:1|startupRole:FOLLOWER]|listeners:[], old=null, confs=<EMPTY_MAP>
2023-02-28 20:09:26,753 [pool-757-thread-1] INFO  server.RaftServerConfigKeys (ConfUtils.java:logGet(46)) - raft.server.storage.dir = [/home/runner/work/ozone/ozone/hadoop-ozone/integration-test/target/test-dir/MiniOzoneClusterImpl-58db5c20-d6df-4fe1-a747-1f1a0fc9447e/datanode-0/data/ratis] (custom)
2023-02-28 20:09:26,753 [pool-757-thread-1] INFO  server.RaftServerConfigKeys (ConfUtils.java:logGet(46)) - raft.server.log.corruption.policy = EXCEPTION (default)
2023-02-28 20:09:26,753 [pool-757-thread-1] INFO  server.RaftServerConfigKeys (ConfUtils.java:logGet(46)) - raft.server.storage.free-space.min = 0MB (=0) (default)
2023-02-28 20:09:26,754 [pool-757-thread-1] INFO  server.RaftServerConfigKeys (ConfUtils.java:logGet(46)) - raft.server.notification.no-leader.timeout = 300s (custom)
2023-02-28 20:09:26,754 [pool-757-thread-1] INFO  server.RaftServerConfigKeys (ConfUtils.java:logGet(46)) - raft.server.retrycache.expirytime = 600000ms (custom)
2023-02-28 20:09:26,754 [pool-757-thread-1] INFO  server.RaftServerConfigKeys (ConfUtils.java:logGet(46)) - raft.server.retrycache.statistics.expirytime = 100μs (default)
2023-02-28 20:09:26,755 [pool-757-thread-1] INFO  server.RaftServerConfigKeys (ConfUtils.java:logGet(46)) - raft.server.log.appender.install.snapshot.enabled = false (custom)
2023-02-28 20:09:26,756 [pool-757-thread-1] INFO  server.RaftServerConfigKeys (ConfUtils.java:logGet(46)) - raft.server.threadpool.server.cached = true (default)
2023-02-28 20:09:26,756 [pool-757-thread-1] INFO  server.RaftServerConfigKeys (ConfUtils.java:logGet(46)) - raft.server.threadpool.server.size = 0 (default)
2023-02-28 20:09:26,756 [pool-757-thread-1] INFO  server.RaftServerConfigKeys (ConfUtils.java:logGet(46)) - raft.server.threadpool.client.cached = true (default)
2023-02-28 20:09:26,756 [pool-757-thread-1] INFO  server.RaftServerConfigKeys (ConfUtils.java:logGet(46)) - raft.server.threadpool.client.size = 0 (default)
2023-02-28 20:09:26,756 [pool-757-thread-1] INFO  storage.RaftStorageDirectory (RaftStorageDirectoryImpl.java:analyzeStorage(137)) - The storage directory /home/runner/work/ozone/ozone/hadoop-ozone/integration-test/target/test-dir/MiniOzoneClusterImpl-58db5c20-d6df-4fe1-a747-1f1a0fc9447e/datanode-0/data/ratis/ea2abc40-fbef-49f0-8a3e-9fb9335f01de does not exist. Creating ...
2023-02-28 20:09:26,757 [pool-757-thread-1] INFO  storage.RaftStorageDirectory (RaftStorageDirectoryImpl.java:tryLock(231)) - Lock on /home/runner/work/ozone/ozone/hadoop-ozone/integration-test/target/test-dir/MiniOzoneClusterImpl-58db5c20-d6df-4fe1-a747-1f1a0fc9447e/datanode-0/data/ratis/ea2abc40-fbef-49f0-8a3e-9fb9335f01de/in_use.lock acquired by nodename 61155@fv-az399-334
2023-02-28 20:09:26,758 [pool-757-thread-1] INFO  storage.RaftStorage (RaftStorageImpl.java:format(96)) - Storage directory /home/runner/work/ozone/ozone/hadoop-ozone/integration-test/target/test-dir/MiniOzoneClusterImpl-58db5c20-d6df-4fe1-a747-1f1a0fc9447e/datanode-0/data/ratis/ea2abc40-fbef-49f0-8a3e-9fb9335f01de has been successfully formatted.
2023-02-28 20:09:26,760 [pool-757-thread-1] INFO  ratis.ContainerStateMachine (ContainerStateMachine.java:loadSnapshot(240)) - group-9FB9335F01DE: The snapshot info is null. Setting the last applied indexto:(t:0, i:~)
2023-02-28 20:09:26,760 [pool-757-thread-1] INFO  server.RaftServerConfigKeys (ConfUtils.java:logGet(46)) - raft.server.log.use.memory = false (default)
2023-02-28 20:09:26,760 [pool-757-thread-1] INFO  server.RaftServerConfigKeys (ConfUtils.java:logGet(46)) - raft.server.log.purge.gap = 1000000 (custom)
2023-02-28 20:09:26,760 [pool-757-thread-1] INFO  server.RaftServerConfigKeys (ConfUtils.java:logGet(46)) - raft.server.log.appender.buffer.byte-limit = 33554432 (custom)
2023-02-28 20:09:26,760 [pool-757-thread-1] INFO  server.RaftServerConfigKeys (ConfUtils.java:logGet(46)) - raft.server.log.statemachine.data.read.timeout = 1000ms (default)
2023-02-28 20:09:26,760 [pool-757-thread-1] INFO  server.RaftServerConfigKeys (ConfUtils.java:logGet(46)) - raft.server.log.purge.preservation.log.num = 0 (default)
2023-02-28 20:09:26,761 [EventQueue-PipelineReportForPipelineReportHandler] INFO  pipeline.PipelineManagerImpl (PipelineManagerImpl.java:openPipeline(367)) - Pipeline Pipeline[ Id: ea2abc40-fbef-49f0-8a3e-9fb9335f01de, Nodes: 937551b9-64e7-48ec-8838-f5047df98f27(fv-az399-334/10.1.1.15), ReplicationConfig: RATIS/ONE, State:ALLOCATED, leaderId:937551b9-64e7-48ec-8838-f5047df98f27, CreationTimestamp2023-02-28T20:09:23.754Z[Etc/UTC]] moved to OPEN state
2023-02-28 20:09:26,761 [pool-757-thread-1] INFO  server.RaftServerConfigKeys (ConfUtils.java:logGet(46)) - raft.server.log.segment.size.max = 1048576 (custom)
2023-02-28 20:09:26,763 [pool-757-thread-1] INFO  server.RaftServerConfigKeys (ConfUtils.java:logGet(46)) - raft.server.log.segment.cache.num.max = 2 (custom)
2023-02-28 20:09:26,763 [pool-757-thread-1] INFO  server.RaftServerConfigKeys (ConfUtils.java:logGet(46)) - raft.server.log.segment.cache.size.max = 200MB (=209715200) (default)
2023-02-28 20:09:26,763 [pool-757-thread-1] INFO  segmented.SegmentedRaftLogWorker (SegmentedRaftLogWorker.java:<init>(189)) - new 937551b9-64e7-48ec-8838-f5047df98f27@group-9FB9335F01DE-SegmentedRaftLogWorker for RaftStorageImpl:Storage Directory /home/runner/work/ozone/ozone/hadoop-ozone/integration-test/target/test-dir/MiniOzoneClusterImpl-58db5c20-d6df-4fe1-a747-1f1a0fc9447e/datanode-0/data/ratis/ea2abc40-fbef-49f0-8a3e-9fb9335f01de
2023-02-28 20:09:26,763 [pool-757-thread-1] INFO  server.RaftServerConfigKeys (ConfUtils.java:logGet(46)) - raft.server.log.queue.byte-limit = 4294967296 (custom)
2023-02-28 20:09:26,763 [pool-757-thread-1] INFO  server.RaftServerConfigKeys (ConfUtils.java:logGet(46)) - raft.server.log.queue.element-limit = 1024 (custom)
2023-02-28 20:09:26,763 [pool-757-thread-1] INFO  server.RaftServerConfigKeys (ConfUtils.java:logGet(46)) - raft.server.log.segment.size.max = 1048576 (custom)
2023-02-28 20:09:26,763 [pool-757-thread-1] INFO  server.RaftServerConfigKeys (ConfUtils.java:logGet(46)) - raft.server.log.preallocated.size = 16384 (custom)
2023-02-28 20:09:26,763 [pool-757-thread-1] INFO  server.RaftServerConfigKeys (ConfUtils.java:logGet(46)) - raft.server.log.force.sync.num = 128 (default)
2023-02-28 20:09:26,763 [pool-757-thread-1] INFO  server.RaftServerConfigKeys (ConfUtils.java:logGet(46)) - raft.server.log.statemachine.data.sync = true (default)
2023-02-28 20:09:26,763 [pool-757-thread-1] INFO  server.RaftServerConfigKeys (ConfUtils.java:logGet(46)) - raft.server.log.statemachine.data.sync.timeout = 10s (default)
2023-02-28 20:09:26,763 [pool-757-thread-1] INFO  server.RaftServerConfigKeys (ConfUtils.java:logGet(46)) - raft.server.log.statemachine.data.sync.timeout.retry = -1 (default)
2023-02-28 20:09:26,767 [EventQueue-OpenPipelineForHealthyPipelineSafeModeRule] INFO  safemode.SCMSafeModeManager (HealthyPipelineSafeModeRule.java:process(137)) - SCM in safe mode. Healthy pipelines reported count is 0, required healthy pipeline reported count is 1
2023-02-28 20:09:26,768 [pool-757-thread-1] INFO  server.RaftServerConfigKeys (ConfUtils.java:logGet(46)) - raft.server.log.write.buffer.size = 1048576 (custom)
2023-02-28 20:09:26,768 [pool-757-thread-1] INFO  server.RaftServerConfigKeys (ConfUtils.java:logGet(46)) - raft.server.log.appender.buffer.byte-limit = 33554432 (custom)
2023-02-28 20:09:26,776 [pool-757-thread-1] INFO  server.RaftServerConfigKeys (ConfUtils.java:logGet(46)) - raft.server.log.unsafe-flush.enabled = false (default)
2023-02-28 20:09:26,777 [pool-757-thread-1] INFO  server.RaftServerConfigKeys (ConfUtils.java:logGet(46)) - raft.server.log.async-flush.enabled = false (default)
2023-02-28 20:09:26,777 [pool-757-thread-1] INFO  server.RaftServerConfigKeys (ConfUtils.java:logGet(46)) - raft.server.log.statemachine.data.caching.enabled = true (custom)
2023-02-28 20:09:26,777 [pool-757-thread-1] INFO  segmented.SegmentedRaftLogWorker (SegmentedRaftLogWorker.java:lambda$new$0(135)) - 937551b9-64e7-48ec-8838-f5047df98f27@group-9FB9335F01DE-SegmentedRaftLogWorker: flushIndex: setUnconditionally 0 -> -1
2023-02-28 20:09:26,777 [pool-757-thread-1] INFO  segmented.SegmentedRaftLogWorker (SegmentedRaftLogWorker.java:lambda$new$0(135)) - 937551b9-64e7-48ec-8838-f5047df98f27@group-9FB9335F01DE-SegmentedRaftLogWorker: safeCacheEvictIndex: setUnconditionally 0 -> -1
2023-02-28 20:09:26,777 [pool-757-thread-1] INFO  server.RaftServer$Division (RaftServerImpl.java:start(334)) - 937551b9-64e7-48ec-8838-f5047df98f27@group-9FB9335F01DE: start as a follower, conf=-1: peers:[937551b9-64e7-48ec-8838-f5047df98f27|rpc:10.1.1.15:39817|dataStream:10.1.1.15:35681|priority:1|startupRole:FOLLOWER]|listeners:[], old=null
2023-02-28 20:09:26,777 [pool-757-thread-1] INFO  server.RaftServer$Division (RaftServerImpl.java:setRole(321)) - 937551b9-64e7-48ec-8838-f5047df98f27@group-9FB9335F01DE: changes role from      null to FOLLOWER at term 0 for startAsFollower
2023-02-28 20:09:26,777 [pool-757-thread-1] INFO  impl.RoleInfo (RoleInfo.java:updateAndGet(139)) - 937551b9-64e7-48ec-8838-f5047df98f27: start 937551b9-64e7-48ec-8838-f5047df98f27@group-9FB9335F01DE-FollowerState
2023-02-28 20:09:26,778 [pool-757-thread-1] INFO  util.JmxRegister (JmxRegister.java:tryRegister(44)) - Successfully registered JMX Bean with object name Ratis:service=RaftServer,group=group-9FB9335F01DE,id=937551b9-64e7-48ec-8838-f5047df98f27
2023-02-28 20:09:26,778 [pool-757-thread-1] INFO  server.RaftServerConfigKeys (ConfUtils.java:logGet(46)) - raft.server.snapshot.auto.trigger.enabled = true (custom)
2023-02-28 20:09:26,778 [pool-757-thread-1] INFO  server.RaftServerConfigKeys (ConfUtils.java:logGet(46)) - raft.server.snapshot.auto.trigger.threshold = 10000 (custom)
2023-02-28 20:09:26,778 [pool-757-thread-1] INFO  server.RaftServerConfigKeys (ConfUtils.java:logGet(46)) - raft.server.snapshot.retention.file.num = 5 (custom)
2023-02-28 20:09:26,778 [pool-757-thread-1] INFO  server.RaftServerConfigKeys (ConfUtils.java:logGet(46)) - raft.server.log.purge.upto.snapshot.index = false (default)
2023-02-28 20:09:26,778 [937551b9-64e7-48ec-8838-f5047df98f27@group-9FB9335F01DE-FollowerState] INFO  server.RaftServerConfigKeys (ConfUtils.java:logFallback(53)) - raft.server.rpc.first-election.timeout.min = 5s (fallback to raft.server.rpc.timeout.min)
2023-02-28 20:09:26,778 [937551b9-64e7-48ec-8838-f5047df98f27@group-9FB9335F01DE-FollowerState] INFO  server.RaftServerConfigKeys (ConfUtils.java:logFallback(53)) - raft.server.rpc.first-election.timeout.max = 5200ms (fallback to raft.server.rpc.timeout.max)
2023-02-28 20:09:26,779 [Command processor thread] INFO  ratis.XceiverServerRatis (XceiverServerRatis.java:addGroup(807)) - Created group PipelineID=ea2abc40-fbef-49f0-8a3e-9fb9335f01de
2023-02-28 20:09:26,779 [Command processor thread] INFO  commandhandler.CreatePipelineCommandHandler (CreatePipelineCommandHandler.java:handle(113)) - Created Pipeline RATIS ONE PipelineID=ea2abc40-fbef-49f0-8a3e-9fb9335f01de.
2023-02-28 20:09:26,779 [Command processor thread] INFO  server.RaftServer (RaftServerProxy.java:addNew(96)) - 937551b9-64e7-48ec-8838-f5047df98f27: addNew group-947D6FC2AD75:[5ca82d80-1088-40df-b8b2-c16ff7ffaa84|rpc:10.1.1.15:35731|dataStream:10.1.1.15:35983|priority:0|startupRole:FOLLOWER, 9fb7a251-87f9-4a5e-bbf3-14e1e3694fcd|rpc:10.1.1.15:38965|dataStream:10.1.1.15:40139|priority:0|startupRole:FOLLOWER, 937551b9-64e7-48ec-8838-f5047df98f27|rpc:10.1.1.15:39817|dataStream:10.1.1.15:35681|priority:1|startupRole:FOLLOWER] returns group-947D6FC2AD75:java.util.concurrent.CompletableFuture@e4c55a1[Not completed]
2023-02-28 20:09:26,780 [pool-757-thread-1] INFO  server.RaftServer$Division (RaftServerImpl.java:<init>(195)) - 937551b9-64e7-48ec-8838-f5047df98f27: new RaftServerImpl for group-947D6FC2AD75:[5ca82d80-1088-40df-b8b2-c16ff7ffaa84|rpc:10.1.1.15:35731|dataStream:10.1.1.15:35983|priority:0|startupRole:FOLLOWER, 9fb7a251-87f9-4a5e-bbf3-14e1e3694fcd|rpc:10.1.1.15:38965|dataStream:10.1.1.15:40139|priority:0|startupRole:FOLLOWER, 937551b9-64e7-48ec-8838-f5047df98f27|rpc:10.1.1.15:39817|dataStream:10.1.1.15:35681|priority:1|startupRole:FOLLOWER] with ContainerStateMachine:uninitialized
2023-02-28 20:09:26,780 [pool-757-thread-1] INFO  server.RaftServerConfigKeys (ConfUtils.java:logGet(46)) - raft.server.rpc.timeout.min = 5s (custom)
2023-02-28 20:09:26,780 [pool-757-thread-1] INFO  server.RaftServerConfigKeys (ConfUtils.java:logGet(46)) - raft.server.rpc.timeout.max = 5200ms (custom)
2023-02-28 20:09:26,780 [pool-757-thread-1] INFO  server.RaftServerConfigKeys (ConfUtils.java:logGet(46)) - raft.server.rpc.sleep.time = 25ms (default)
2023-02-28 20:09:26,780 [pool-757-thread-1] INFO  server.RaftServerConfigKeys (ConfUtils.java:logGet(46)) - raft.server.rpc.slowness.timeout = 300s (custom)
2023-02-28 20:09:26,780 [pool-757-thread-1] INFO  server.RaftServerConfigKeys (ConfUtils.java:logGet(46)) - raft.server.leaderelection.leader.step-down.wait-time = 10s (default)
2023-02-28 20:09:26,780 [pool-757-thread-1] INFO  server.RaftServerConfigKeys (ConfUtils.java:logGet(46)) - raft.server.sleep.deviation.threshold = 300ms (default)
2023-02-28 20:09:26,781 [pool-757-thread-1] INFO  server.RaftServer$Division (ServerState.java:<init>(118)) - 937551b9-64e7-48ec-8838-f5047df98f27@group-947D6FC2AD75: ConfigurationManager, init=-1: peers:[5ca82d80-1088-40df-b8b2-c16ff7ffaa84|rpc:10.1.1.15:35731|dataStream:10.1.1.15:35983|priority:0|startupRole:FOLLOWER, 9fb7a251-87f9-4a5e-bbf3-14e1e3694fcd|rpc:10.1.1.15:38965|dataStream:10.1.1.15:40139|priority:0|startupRole:FOLLOWER, 937551b9-64e7-48ec-8838-f5047df98f27|rpc:10.1.1.15:39817|dataStream:10.1.1.15:35681|priority:1|startupRole:FOLLOWER]|listeners:[], old=null, confs=<EMPTY_MAP>
2023-02-28 20:09:26,781 [pool-757-thread-1] INFO  server.RaftServerConfigKeys (ConfUtils.java:logGet(46)) - raft.server.storage.dir = [/home/runner/work/ozone/ozone/hadoop-ozone/integration-test/target/test-dir/MiniOzoneClusterImpl-58db5c20-d6df-4fe1-a747-1f1a0fc9447e/datanode-0/data/ratis] (custom)
2023-02-28 20:09:26,781 [pool-757-thread-1] INFO  server.RaftServerConfigKeys (ConfUtils.java:logGet(46)) - raft.server.log.corruption.policy = EXCEPTION (default)
2023-02-28 20:09:26,781 [pool-757-thread-1] INFO  server.RaftServerConfigKeys (ConfUtils.java:logGet(46)) - raft.server.storage.free-space.min = 0MB (=0) (default)
2023-02-28 20:09:26,781 [pool-757-thread-1] INFO  server.RaftServerConfigKeys (ConfUtils.java:logGet(46)) - raft.server.notification.no-leader.timeout = 300s (custom)
2023-02-28 20:09:26,781 [pool-757-thread-1] INFO  server.RaftServerConfigKeys (ConfUtils.java:logGet(46)) - raft.server.retrycache.expirytime = 600000ms (custom)
2023-02-28 20:09:26,781 [pool-757-thread-1] INFO  server.RaftServerConfigKeys (ConfUtils.java:logGet(46)) - raft.server.retrycache.statistics.expirytime = 100μs (default)
2023-02-28 20:09:26,782 [pool-757-thread-1] INFO  server.RaftServerConfigKeys (ConfUtils.java:logGet(46)) - raft.server.log.appender.install.snapshot.enabled = false (custom)
2023-02-28 20:09:26,782 [pool-757-thread-1] INFO  server.RaftServerConfigKeys (ConfUtils.java:logGet(46)) - raft.server.threadpool.server.cached = true (default)
2023-02-28 20:09:26,782 [pool-757-thread-1] INFO  server.RaftServerConfigKeys (ConfUtils.java:logGet(46)) - raft.server.threadpool.server.size = 0 (default)
2023-02-28 20:09:26,782 [pool-757-thread-1] INFO  server.RaftServerConfigKeys (ConfUtils.java:logGet(46)) - raft.server.threadpool.client.cached = true (default)
2023-02-28 20:09:26,782 [pool-757-thread-1] INFO  server.RaftServerConfigKeys (ConfUtils.java:logGet(46)) - raft.server.threadpool.client.size = 0 (default)
2023-02-28 20:09:26,783 [pool-757-thread-1] INFO  storage.RaftStorageDirectory (RaftStorageDirectoryImpl.java:analyzeStorage(137)) - The storage directory /home/runner/work/ozone/ozone/hadoop-ozone/integration-test/target/test-dir/MiniOzoneClusterImpl-58db5c20-d6df-4fe1-a747-1f1a0fc9447e/datanode-0/data/ratis/07d8ca01-e976-42f2-8503-947d6fc2ad75 does not exist. Creating ...
2023-02-28 20:09:26,785 [pool-757-thread-1] INFO  storage.RaftStorageDirectory (RaftStorageDirectoryImpl.java:tryLock(231)) - Lock on /home/runner/work/ozone/ozone/hadoop-ozone/integration-test/target/test-dir/MiniOzoneClusterImpl-58db5c20-d6df-4fe1-a747-1f1a0fc9447e/datanode-0/data/ratis/07d8ca01-e976-42f2-8503-947d6fc2ad75/in_use.lock acquired by nodename 61155@fv-az399-334
2023-02-28 20:09:26,787 [pool-757-thread-1] INFO  storage.RaftStorage (RaftStorageImpl.java:format(96)) - Storage directory /home/runner/work/ozone/ozone/hadoop-ozone/integration-test/target/test-dir/MiniOzoneClusterImpl-58db5c20-d6df-4fe1-a747-1f1a0fc9447e/datanode-0/data/ratis/07d8ca01-e976-42f2-8503-947d6fc2ad75 has been successfully formatted.
2023-02-28 20:09:26,788 [EventQueue-OpenPipelineForHealthyPipelineSafeModeRule] INFO  safemode.SCMSafeModeManager (HealthyPipelineSafeModeRule.java:process(137)) - SCM in safe mode. Healthy pipelines reported count is 0, required healthy pipeline reported count is 1
2023-02-28 20:09:26,794 [pool-757-thread-1] INFO  ratis.ContainerStateMachine (ContainerStateMachine.java:loadSnapshot(240)) - group-947D6FC2AD75: The snapshot info is null. Setting the last applied indexto:(t:0, i:~)
2023-02-28 20:09:26,794 [pool-757-thread-1] INFO  server.RaftServerConfigKeys (ConfUtils.java:logGet(46)) - raft.server.log.use.memory = false (default)
2023-02-28 20:09:26,794 [pool-757-thread-1] INFO  server.RaftServerConfigKeys (ConfUtils.java:logGet(46)) - raft.server.log.purge.gap = 1000000 (custom)
2023-02-28 20:09:26,794 [pool-757-thread-1] INFO  server.RaftServerConfigKeys (ConfUtils.java:logGet(46)) - raft.server.log.appender.buffer.byte-limit = 33554432 (custom)
2023-02-28 20:09:26,794 [pool-757-thread-1] INFO  server.RaftServerConfigKeys (ConfUtils.java:logGet(46)) - raft.server.log.statemachine.data.read.timeout = 1000ms (default)
2023-02-28 20:09:26,794 [pool-757-thread-1] INFO  server.RaftServerConfigKeys (ConfUtils.java:logGet(46)) - raft.server.log.purge.preservation.log.num = 0 (default)
2023-02-28 20:09:26,794 [pool-757-thread-1] INFO  server.RaftServerConfigKeys (ConfUtils.java:logGet(46)) - raft.server.log.segment.size.max = 1048576 (custom)
2023-02-28 20:09:26,794 [pool-757-thread-1] INFO  server.RaftServerConfigKeys (ConfUtils.java:logGet(46)) - raft.server.log.segment.cache.num.max = 2 (custom)
2023-02-28 20:09:26,794 [pool-757-thread-1] INFO  server.RaftServerConfigKeys (ConfUtils.java:logGet(46)) - raft.server.log.segment.cache.size.max = 200MB (=209715200) (default)
2023-02-28 20:09:26,794 [pool-757-thread-1] INFO  segmented.SegmentedRaftLogWorker (SegmentedRaftLogWorker.java:<init>(189)) - new 937551b9-64e7-48ec-8838-f5047df98f27@group-947D6FC2AD75-SegmentedRaftLogWorker for RaftStorageImpl:Storage Directory /home/runner/work/ozone/ozone/hadoop-ozone/integration-test/target/test-dir/MiniOzoneClusterImpl-58db5c20-d6df-4fe1-a747-1f1a0fc9447e/datanode-0/data/ratis/07d8ca01-e976-42f2-8503-947d6fc2ad75
2023-02-28 20:09:26,795 [pool-757-thread-1] INFO  server.RaftServerConfigKeys (ConfUtils.java:logGet(46)) - raft.server.log.queue.byte-limit = 4294967296 (custom)
2023-02-28 20:09:26,795 [pool-757-thread-1] INFO  server.RaftServerConfigKeys (ConfUtils.java:logGet(46)) - raft.server.log.queue.element-limit = 1024 (custom)
2023-02-28 20:09:26,795 [pool-757-thread-1] INFO  server.RaftServerConfigKeys (ConfUtils.java:logGet(46)) - raft.server.log.segment.size.max = 1048576 (custom)
2023-02-28 20:09:26,795 [pool-757-thread-1] INFO  server.RaftServerConfigKeys (ConfUtils.java:logGet(46)) - raft.server.log.preallocated.size = 16384 (custom)
2023-02-28 20:09:26,795 [pool-757-thread-1] INFO  server.RaftServerConfigKeys (ConfUtils.java:logGet(46)) - raft.server.log.force.sync.num = 128 (default)
2023-02-28 20:09:26,795 [pool-757-thread-1] INFO  server.RaftServerConfigKeys (ConfUtils.java:logGet(46)) - raft.server.log.statemachine.data.sync = true (default)
2023-02-28 20:09:26,795 [pool-757-thread-1] INFO  server.RaftServerConfigKeys (ConfUtils.java:logGet(46)) - raft.server.log.statemachine.data.sync.timeout = 10s (default)
2023-02-28 20:09:26,795 [pool-757-thread-1] INFO  server.RaftServerConfigKeys (ConfUtils.java:logGet(46)) - raft.server.log.statemachine.data.sync.timeout.retry = -1 (default)
2023-02-28 20:09:26,795 [pool-757-thread-1] INFO  server.RaftServerConfigKeys (ConfUtils.java:logGet(46)) - raft.server.log.write.buffer.size = 1048576 (custom)
2023-02-28 20:09:26,796 [pool-757-thread-1] INFO  server.RaftServerConfigKeys (ConfUtils.java:logGet(46)) - raft.server.log.appender.buffer.byte-limit = 33554432 (custom)
2023-02-28 20:09:26,802 [pool-757-thread-1] INFO  server.RaftServerConfigKeys (ConfUtils.java:logGet(46)) - raft.server.log.unsafe-flush.enabled = false (default)
2023-02-28 20:09:26,804 [pool-757-thread-1] INFO  server.RaftServerConfigKeys (ConfUtils.java:logGet(46)) - raft.server.log.async-flush.enabled = false (default)
2023-02-28 20:09:26,804 [pool-757-thread-1] INFO  server.RaftServerConfigKeys (ConfUtils.java:logGet(46)) - raft.server.log.statemachine.data.caching.enabled = true (custom)
2023-02-28 20:09:26,804 [pool-757-thread-1] INFO  segmented.SegmentedRaftLogWorker (SegmentedRaftLogWorker.java:lambda$new$0(135)) - 937551b9-64e7-48ec-8838-f5047df98f27@group-947D6FC2AD75-SegmentedRaftLogWorker: flushIndex: setUnconditionally 0 -> -1
2023-02-28 20:09:26,804 [pool-757-thread-1] INFO  segmented.SegmentedRaftLogWorker (SegmentedRaftLogWorker.java:lambda$new$0(135)) - 937551b9-64e7-48ec-8838-f5047df98f27@group-947D6FC2AD75-SegmentedRaftLogWorker: safeCacheEvictIndex: setUnconditionally 0 -> -1
2023-02-28 20:09:26,808 [pool-757-thread-1] INFO  server.RaftServer$Division (RaftServerImpl.java:start(334)) - 937551b9-64e7-48ec-8838-f5047df98f27@group-947D6FC2AD75: start as a follower, conf=-1: peers:[5ca82d80-1088-40df-b8b2-c16ff7ffaa84|rpc:10.1.1.15:35731|dataStream:10.1.1.15:35983|priority:0|startupRole:FOLLOWER, 9fb7a251-87f9-4a5e-bbf3-14e1e3694fcd|rpc:10.1.1.15:38965|dataStream:10.1.1.15:40139|priority:0|startupRole:FOLLOWER, 937551b9-64e7-48ec-8838-f5047df98f27|rpc:10.1.1.15:39817|dataStream:10.1.1.15:35681|priority:1|startupRole:FOLLOWER]|listeners:[], old=null
2023-02-28 20:09:26,808 [pool-757-thread-1] INFO  server.RaftServer$Division (RaftServerImpl.java:setRole(321)) - 937551b9-64e7-48ec-8838-f5047df98f27@group-947D6FC2AD75: changes role from      null to FOLLOWER at term 0 for startAsFollower
2023-02-28 20:09:26,808 [pool-757-thread-1] INFO  impl.RoleInfo (RoleInfo.java:updateAndGet(139)) - 937551b9-64e7-48ec-8838-f5047df98f27: start 937551b9-64e7-48ec-8838-f5047df98f27@group-947D6FC2AD75-FollowerState
2023-02-28 20:09:26,808 [pool-757-thread-1] INFO  util.JmxRegister (JmxRegister.java:tryRegister(44)) - Successfully registered JMX Bean with object name Ratis:service=RaftServer,group=group-947D6FC2AD75,id=937551b9-64e7-48ec-8838-f5047df98f27
2023-02-28 20:09:26,808 [pool-757-thread-1] INFO  server.RaftServerConfigKeys (ConfUtils.java:logGet(46)) - raft.server.snapshot.auto.trigger.enabled = true (custom)
2023-02-28 20:09:26,808 [pool-757-thread-1] INFO  server.RaftServerConfigKeys (ConfUtils.java:logGet(46)) - raft.server.snapshot.auto.trigger.threshold = 10000 (custom)
2023-02-28 20:09:26,808 [pool-757-thread-1] INFO  server.RaftServerConfigKeys (ConfUtils.java:logGet(46)) - raft.server.snapshot.retention.file.num = 5 (custom)
2023-02-28 20:09:26,809 [pool-757-thread-1] INFO  server.RaftServerConfigKeys (ConfUtils.java:logGet(46)) - raft.server.log.purge.upto.snapshot.index = false (default)
2023-02-28 20:09:26,811 [937551b9-64e7-48ec-8838-f5047df98f27@group-947D6FC2AD75-FollowerState] INFO  server.RaftServerConfigKeys (ConfUtils.java:logFallback(53)) - raft.server.rpc.first-election.timeout.min = 5s (fallback to raft.server.rpc.timeout.min)
2023-02-28 20:09:26,815 [Command processor thread] INFO  ratis.XceiverServerRatis (XceiverServerRatis.java:addGroup(807)) - Created group PipelineID=07d8ca01-e976-42f2-8503-947d6fc2ad75
2023-02-28 20:09:26,815 [937551b9-64e7-48ec-8838-f5047df98f27@group-947D6FC2AD75-FollowerState] INFO  server.RaftServerConfigKeys (ConfUtils.java:logFallback(53)) - raft.server.rpc.first-election.timeout.max = 5200ms (fallback to raft.server.rpc.timeout.max)
2023-02-28 20:09:26,825 [grpc-default-executor-1] INFO  server.RaftServer (RaftServerProxy.java:addNew(96)) - 9fb7a251-87f9-4a5e-bbf3-14e1e3694fcd: addNew group-947D6FC2AD75:[5ca82d80-1088-40df-b8b2-c16ff7ffaa84|rpc:10.1.1.15:35731|dataStream:10.1.1.15:35983|priority:0|startupRole:FOLLOWER, 9fb7a251-87f9-4a5e-bbf3-14e1e3694fcd|rpc:10.1.1.15:38965|dataStream:10.1.1.15:40139|priority:0|startupRole:FOLLOWER, 937551b9-64e7-48ec-8838-f5047df98f27|rpc:10.1.1.15:39817|dataStream:10.1.1.15:35681|priority:1|startupRole:FOLLOWER] returns group-947D6FC2AD75:java.util.concurrent.CompletableFuture@27da0a0[Not completed]
2023-02-28 20:09:26,826 [pool-801-thread-1] INFO  server.RaftServer$Division (RaftServerImpl.java:<init>(195)) - 9fb7a251-87f9-4a5e-bbf3-14e1e3694fcd: new RaftServerImpl for group-947D6FC2AD75:[5ca82d80-1088-40df-b8b2-c16ff7ffaa84|rpc:10.1.1.15:35731|dataStream:10.1.1.15:35983|priority:0|startupRole:FOLLOWER, 9fb7a251-87f9-4a5e-bbf3-14e1e3694fcd|rpc:10.1.1.15:38965|dataStream:10.1.1.15:40139|priority:0|startupRole:FOLLOWER, 937551b9-64e7-48ec-8838-f5047df98f27|rpc:10.1.1.15:39817|dataStream:10.1.1.15:35681|priority:1|startupRole:FOLLOWER] with ContainerStateMachine:uninitialized
2023-02-28 20:09:26,826 [pool-801-thread-1] INFO  server.RaftServerConfigKeys (ConfUtils.java:logGet(46)) - raft.server.rpc.timeout.min = 5s (custom)
2023-02-28 20:09:26,826 [pool-801-thread-1] INFO  server.RaftServerConfigKeys (ConfUtils.java:logGet(46)) - raft.server.rpc.timeout.max = 5200ms (custom)
2023-02-28 20:09:26,826 [pool-801-thread-1] INFO  server.RaftServerConfigKeys (ConfUtils.java:logGet(46)) - raft.server.rpc.sleep.time = 25ms (default)
2023-02-28 20:09:26,826 [pool-801-thread-1] INFO  server.RaftServerConfigKeys (ConfUtils.java:logGet(46)) - raft.server.rpc.slowness.timeout = 300s (custom)
2023-02-28 20:09:26,826 [pool-801-thread-1] INFO  server.RaftServerConfigKeys (ConfUtils.java:logGet(46)) - raft.server.leaderelection.leader.step-down.wait-time = 10s (default)
2023-02-28 20:09:26,826 [pool-801-thread-1] INFO  server.RaftServerConfigKeys (ConfUtils.java:logGet(46)) - raft.server.sleep.deviation.threshold = 300ms (default)
2023-02-28 20:09:26,826 [pool-801-thread-1] INFO  server.RaftServer$Division (ServerState.java:<init>(118)) - 9fb7a251-87f9-4a5e-bbf3-14e1e3694fcd@group-947D6FC2AD75: ConfigurationManager, init=-1: peers:[5ca82d80-1088-40df-b8b2-c16ff7ffaa84|rpc:10.1.1.15:35731|dataStream:10.1.1.15:35983|priority:0|startupRole:FOLLOWER, 9fb7a251-87f9-4a5e-bbf3-14e1e3694fcd|rpc:10.1.1.15:38965|dataStream:10.1.1.15:40139|priority:0|startupRole:FOLLOWER, 937551b9-64e7-48ec-8838-f5047df98f27|rpc:10.1.1.15:39817|dataStream:10.1.1.15:35681|priority:1|startupRole:FOLLOWER]|listeners:[], old=null, confs=<EMPTY_MAP>
2023-02-28 20:09:26,826 [pool-801-thread-1] INFO  server.RaftServerConfigKeys (ConfUtils.java:logGet(46)) - raft.server.storage.dir = [/home/runner/work/ozone/ozone/hadoop-ozone/integration-test/target/test-dir/MiniOzoneClusterImpl-58db5c20-d6df-4fe1-a747-1f1a0fc9447e/datanode-2/data/ratis] (custom)
2023-02-28 20:09:26,826 [pool-801-thread-1] INFO  server.RaftServerConfigKeys (ConfUtils.java:logGet(46)) - raft.server.log.corruption.policy = EXCEPTION (default)
2023-02-28 20:09:26,826 [pool-801-thread-1] INFO  server.RaftServerConfigKeys (ConfUtils.java:logGet(46)) - raft.server.storage.free-space.min = 0MB (=0) (default)
2023-02-28 20:09:26,826 [pool-801-thread-1] INFO  server.RaftServerConfigKeys (ConfUtils.java:logGet(46)) - raft.server.notification.no-leader.timeout = 300s (custom)
2023-02-28 20:09:26,826 [pool-801-thread-1] INFO  server.RaftServerConfigKeys (ConfUtils.java:logGet(46)) - raft.server.retrycache.expirytime = 600000ms (custom)
2023-02-28 20:09:26,827 [pool-801-thread-1] INFO  server.RaftServerConfigKeys (ConfUtils.java:logGet(46)) - raft.server.retrycache.statistics.expirytime = 100μs (default)
2023-02-28 20:09:26,827 [pool-801-thread-1] INFO  server.RaftServerConfigKeys (ConfUtils.java:logGet(46)) - raft.server.log.appender.install.snapshot.enabled = false (custom)
2023-02-28 20:09:26,827 [pool-801-thread-1] INFO  server.RaftServerConfigKeys (ConfUtils.java:logGet(46)) - raft.server.threadpool.server.cached = true (default)
2023-02-28 20:09:26,827 [pool-801-thread-1] INFO  server.RaftServerConfigKeys (ConfUtils.java:logGet(46)) - raft.server.threadpool.server.size = 0 (default)
2023-02-28 20:09:26,827 [pool-801-thread-1] INFO  server.RaftServerConfigKeys (ConfUtils.java:logGet(46)) - raft.server.threadpool.client.cached = true (default)
2023-02-28 20:09:26,827 [pool-801-thread-1] INFO  server.RaftServerConfigKeys (ConfUtils.java:logGet(46)) - raft.server.threadpool.client.size = 0 (default)
2023-02-28 20:09:26,828 [pool-801-thread-1] INFO  storage.RaftStorageDirectory (RaftStorageDirectoryImpl.java:analyzeStorage(137)) - The storage directory /home/runner/work/ozone/ozone/hadoop-ozone/integration-test/target/test-dir/MiniOzoneClusterImpl-58db5c20-d6df-4fe1-a747-1f1a0fc9447e/datanode-2/data/ratis/07d8ca01-e976-42f2-8503-947d6fc2ad75 does not exist. Creating ...
2023-02-28 20:09:26,828 [pool-801-thread-1] INFO  storage.RaftStorageDirectory (RaftStorageDirectoryImpl.java:tryLock(231)) - Lock on /home/runner/work/ozone/ozone/hadoop-ozone/integration-test/target/test-dir/MiniOzoneClusterImpl-58db5c20-d6df-4fe1-a747-1f1a0fc9447e/datanode-2/data/ratis/07d8ca01-e976-42f2-8503-947d6fc2ad75/in_use.lock acquired by nodename 61155@fv-az399-334
2023-02-28 20:09:26,829 [pool-801-thread-1] INFO  storage.RaftStorage (RaftStorageImpl.java:format(96)) - Storage directory /home/runner/work/ozone/ozone/hadoop-ozone/integration-test/target/test-dir/MiniOzoneClusterImpl-58db5c20-d6df-4fe1-a747-1f1a0fc9447e/datanode-2/data/ratis/07d8ca01-e976-42f2-8503-947d6fc2ad75 has been successfully formatted.
2023-02-28 20:09:26,830 [pool-801-thread-1] INFO  ratis.ContainerStateMachine (ContainerStateMachine.java:loadSnapshot(240)) - group-947D6FC2AD75: The snapshot info is null. Setting the last applied indexto:(t:0, i:~)
2023-02-28 20:09:26,830 [pool-801-thread-1] INFO  server.RaftServerConfigKeys (ConfUtils.java:logGet(46)) - raft.server.log.use.memory = false (default)
2023-02-28 20:09:26,830 [pool-801-thread-1] INFO  server.RaftServerConfigKeys (ConfUtils.java:logGet(46)) - raft.server.log.purge.gap = 1000000 (custom)
2023-02-28 20:09:26,831 [pool-801-thread-1] INFO  server.RaftServerConfigKeys (ConfUtils.java:logGet(46)) - raft.server.log.appender.buffer.byte-limit = 33554432 (custom)
2023-02-28 20:09:26,831 [pool-801-thread-1] INFO  server.RaftServerConfigKeys (ConfUtils.java:logGet(46)) - raft.server.log.statemachine.data.read.timeout = 1000ms (default)
2023-02-28 20:09:26,831 [pool-801-thread-1] INFO  server.RaftServerConfigKeys (ConfUtils.java:logGet(46)) - raft.server.log.purge.preservation.log.num = 0 (default)
2023-02-28 20:09:26,831 [pool-801-thread-1] INFO  server.RaftServerConfigKeys (ConfUtils.java:logGet(46)) - raft.server.log.segment.size.max = 1048576 (custom)
2023-02-28 20:09:26,832 [pool-801-thread-1] INFO  server.RaftServerConfigKeys (ConfUtils.java:logGet(46)) - raft.server.log.segment.cache.num.max = 2 (custom)
2023-02-28 20:09:26,832 [pool-801-thread-1] INFO  server.RaftServerConfigKeys (ConfUtils.java:logGet(46)) - raft.server.log.segment.cache.size.max = 200MB (=209715200) (default)
2023-02-28 20:09:26,832 [pool-801-thread-1] INFO  segmented.SegmentedRaftLogWorker (SegmentedRaftLogWorker.java:<init>(189)) - new 9fb7a251-87f9-4a5e-bbf3-14e1e3694fcd@group-947D6FC2AD75-SegmentedRaftLogWorker for RaftStorageImpl:Storage Directory /home/runner/work/ozone/ozone/hadoop-ozone/integration-test/target/test-dir/MiniOzoneClusterImpl-58db5c20-d6df-4fe1-a747-1f1a0fc9447e/datanode-2/data/ratis/07d8ca01-e976-42f2-8503-947d6fc2ad75
2023-02-28 20:09:26,832 [pool-801-thread-1] INFO  server.RaftServerConfigKeys (ConfUtils.java:logGet(46)) - raft.server.log.queue.byte-limit = 4294967296 (custom)
2023-02-28 20:09:26,832 [pool-801-thread-1] INFO  server.RaftServerConfigKeys (ConfUtils.java:logGet(46)) - raft.server.log.queue.element-limit = 1024 (custom)
2023-02-28 20:09:26,832 [pool-801-thread-1] INFO  server.RaftServerConfigKeys (ConfUtils.java:logGet(46)) - raft.server.log.segment.size.max = 1048576 (custom)
2023-02-28 20:09:26,832 [pool-801-thread-1] INFO  server.RaftServerConfigKeys (ConfUtils.java:logGet(46)) - raft.server.log.preallocated.size = 16384 (custom)
2023-02-28 20:09:26,832 [pool-801-thread-1] INFO  server.RaftServerConfigKeys (ConfUtils.java:logGet(46)) - raft.server.log.force.sync.num = 128 (default)
2023-02-28 20:09:26,832 [pool-801-thread-1] INFO  server.RaftServerConfigKeys (ConfUtils.java:logGet(46)) - raft.server.log.statemachine.data.sync = true (default)
2023-02-28 20:09:26,832 [pool-801-thread-1] INFO  server.RaftServerConfigKeys (ConfUtils.java:logGet(46)) - raft.server.log.statemachine.data.sync.timeout = 10s (default)
2023-02-28 20:09:26,832 [pool-801-thread-1] INFO  server.RaftServerConfigKeys (ConfUtils.java:logGet(46)) - raft.server.log.statemachine.data.sync.timeout.retry = -1 (default)
2023-02-28 20:09:26,833 [pool-801-thread-1] INFO  server.RaftServerConfigKeys (ConfUtils.java:logGet(46)) - raft.server.log.write.buffer.size = 1048576 (custom)
2023-02-28 20:09:26,833 [pool-801-thread-1] INFO  server.RaftServerConfigKeys (ConfUtils.java:logGet(46)) - raft.server.log.appender.buffer.byte-limit = 33554432 (custom)
2023-02-28 20:09:26,838 [pool-801-thread-1] INFO  server.RaftServerConfigKeys (ConfUtils.java:logGet(46)) - raft.server.log.unsafe-flush.enabled = false (default)
2023-02-28 20:09:26,838 [pool-801-thread-1] INFO  server.RaftServerConfigKeys (ConfUtils.java:logGet(46)) - raft.server.log.async-flush.enabled = false (default)
2023-02-28 20:09:26,838 [pool-801-thread-1] INFO  server.RaftServerConfigKeys (ConfUtils.java:logGet(46)) - raft.server.log.statemachine.data.caching.enabled = true (custom)
2023-02-28 20:09:26,838 [pool-801-thread-1] INFO  segmented.SegmentedRaftLogWorker (SegmentedRaftLogWorker.java:lambda$new$0(135)) - 9fb7a251-87f9-4a5e-bbf3-14e1e3694fcd@group-947D6FC2AD75-SegmentedRaftLogWorker: flushIndex: setUnconditionally 0 -> -1
2023-02-28 20:09:26,838 [pool-801-thread-1] INFO  segmented.SegmentedRaftLogWorker (SegmentedRaftLogWorker.java:lambda$new$0(135)) - 9fb7a251-87f9-4a5e-bbf3-14e1e3694fcd@group-947D6FC2AD75-SegmentedRaftLogWorker: safeCacheEvictIndex: setUnconditionally 0 -> -1
2023-02-28 20:09:26,839 [pool-801-thread-1] INFO  server.RaftServer$Division (RaftServerImpl.java:start(334)) - 9fb7a251-87f9-4a5e-bbf3-14e1e3694fcd@group-947D6FC2AD75: start as a follower, conf=-1: peers:[5ca82d80-1088-40df-b8b2-c16ff7ffaa84|rpc:10.1.1.15:35731|dataStream:10.1.1.15:35983|priority:0|startupRole:FOLLOWER, 9fb7a251-87f9-4a5e-bbf3-14e1e3694fcd|rpc:10.1.1.15:38965|dataStream:10.1.1.15:40139|priority:0|startupRole:FOLLOWER, 937551b9-64e7-48ec-8838-f5047df98f27|rpc:10.1.1.15:39817|dataStream:10.1.1.15:35681|priority:1|startupRole:FOLLOWER]|listeners:[], old=null
2023-02-28 20:09:26,839 [pool-801-thread-1] INFO  server.RaftServer$Division (RaftServerImpl.java:setRole(321)) - 9fb7a251-87f9-4a5e-bbf3-14e1e3694fcd@group-947D6FC2AD75: changes role from      null to FOLLOWER at term 0 for startAsFollower
2023-02-28 20:09:26,839 [pool-801-thread-1] INFO  impl.RoleInfo (RoleInfo.java:updateAndGet(139)) - 9fb7a251-87f9-4a5e-bbf3-14e1e3694fcd: start 9fb7a251-87f9-4a5e-bbf3-14e1e3694fcd@group-947D6FC2AD75-FollowerState
2023-02-28 20:09:26,839 [pool-801-thread-1] INFO  util.JmxRegister (JmxRegister.java:tryRegister(44)) - Successfully registered JMX Bean with object name Ratis:service=RaftServer,group=group-947D6FC2AD75,id=9fb7a251-87f9-4a5e-bbf3-14e1e3694fcd
2023-02-28 20:09:26,839 [pool-801-thread-1] INFO  server.RaftServerConfigKeys (ConfUtils.java:logGet(46)) - raft.server.snapshot.auto.trigger.enabled = true (custom)
2023-02-28 20:09:26,839 [pool-801-thread-1] INFO  server.RaftServerConfigKeys (ConfUtils.java:logGet(46)) - raft.server.snapshot.auto.trigger.threshold = 10000 (custom)
2023-02-28 20:09:26,839 [pool-801-thread-1] INFO  server.RaftServerConfigKeys (ConfUtils.java:logGet(46)) - raft.server.snapshot.retention.file.num = 5 (custom)
2023-02-28 20:09:26,839 [pool-801-thread-1] INFO  server.RaftServerConfigKeys (ConfUtils.java:logGet(46)) - raft.server.log.purge.upto.snapshot.index = false (default)
2023-02-28 20:09:26,840 [9fb7a251-87f9-4a5e-bbf3-14e1e3694fcd@group-947D6FC2AD75-FollowerState] INFO  server.RaftServerConfigKeys (ConfUtils.java:logFallback(53)) - raft.server.rpc.first-election.timeout.min = 5s (fallback to raft.server.rpc.timeout.min)
2023-02-28 20:09:26,841 [9fb7a251-87f9-4a5e-bbf3-14e1e3694fcd@group-947D6FC2AD75-FollowerState] INFO  server.RaftServerConfigKeys (ConfUtils.java:logFallback(53)) - raft.server.rpc.first-election.timeout.max = 5200ms (fallback to raft.server.rpc.timeout.max)
2023-02-28 20:09:26,855 [grpc-default-executor-1] INFO  server.RaftServer (RaftServerProxy.java:addNew(96)) - 5ca82d80-1088-40df-b8b2-c16ff7ffaa84: addNew group-947D6FC2AD75:[5ca82d80-1088-40df-b8b2-c16ff7ffaa84|rpc:10.1.1.15:35731|dataStream:10.1.1.15:35983|priority:0|startupRole:FOLLOWER, 9fb7a251-87f9-4a5e-bbf3-14e1e3694fcd|rpc:10.1.1.15:38965|dataStream:10.1.1.15:40139|priority:0|startupRole:FOLLOWER, 937551b9-64e7-48ec-8838-f5047df98f27|rpc:10.1.1.15:39817|dataStream:10.1.1.15:35681|priority:1|startupRole:FOLLOWER] returns group-947D6FC2AD75:java.util.concurrent.CompletableFuture@64f24c6[Not completed]
2023-02-28 20:09:26,857 [pool-779-thread-1] INFO  server.RaftServer$Division (RaftServerImpl.java:<init>(195)) - 5ca82d80-1088-40df-b8b2-c16ff7ffaa84: new RaftServerImpl for group-947D6FC2AD75:[5ca82d80-1088-40df-b8b2-c16ff7ffaa84|rpc:10.1.1.15:35731|dataStream:10.1.1.15:35983|priority:0|startupRole:FOLLOWER, 9fb7a251-87f9-4a5e-bbf3-14e1e3694fcd|rpc:10.1.1.15:38965|dataStream:10.1.1.15:40139|priority:0|startupRole:FOLLOWER, 937551b9-64e7-48ec-8838-f5047df98f27|rpc:10.1.1.15:39817|dataStream:10.1.1.15:35681|priority:1|startupRole:FOLLOWER] with ContainerStateMachine:uninitialized
2023-02-28 20:09:26,857 [pool-779-thread-1] INFO  server.RaftServerConfigKeys (ConfUtils.java:logGet(46)) - raft.server.rpc.timeout.min = 5s (custom)
2023-02-28 20:09:26,857 [pool-779-thread-1] INFO  server.RaftServerConfigKeys (ConfUtils.java:logGet(46)) - raft.server.rpc.timeout.max = 5200ms (custom)
2023-02-28 20:09:26,857 [pool-779-thread-1] INFO  server.RaftServerConfigKeys (ConfUtils.java:logGet(46)) - raft.server.rpc.sleep.time = 25ms (default)
2023-02-28 20:09:26,857 [pool-779-thread-1] INFO  server.RaftServerConfigKeys (ConfUtils.java:logGet(46)) - raft.server.rpc.slowness.timeout = 300s (custom)
2023-02-28 20:09:26,857 [pool-779-thread-1] INFO  server.RaftServerConfigKeys (ConfUtils.java:logGet(46)) - raft.server.leaderelection.leader.step-down.wait-time = 10s (default)
2023-02-28 20:09:26,857 [pool-779-thread-1] INFO  server.RaftServerConfigKeys (ConfUtils.java:logGet(46)) - raft.server.sleep.deviation.threshold = 300ms (default)
2023-02-28 20:09:26,858 [pool-779-thread-1] INFO  server.RaftServer$Division (ServerState.java:<init>(118)) - 5ca82d80-1088-40df-b8b2-c16ff7ffaa84@group-947D6FC2AD75: ConfigurationManager, init=-1: peers:[5ca82d80-1088-40df-b8b2-c16ff7ffaa84|rpc:10.1.1.15:35731|dataStream:10.1.1.15:35983|priority:0|startupRole:FOLLOWER, 9fb7a251-87f9-4a5e-bbf3-14e1e3694fcd|rpc:10.1.1.15:38965|dataStream:10.1.1.15:40139|priority:0|startupRole:FOLLOWER, 937551b9-64e7-48ec-8838-f5047df98f27|rpc:10.1.1.15:39817|dataStream:10.1.1.15:35681|priority:1|startupRole:FOLLOWER]|listeners:[], old=null, confs=<EMPTY_MAP>
2023-02-28 20:09:26,858 [pool-779-thread-1] INFO  server.RaftServerConfigKeys (ConfUtils.java:logGet(46)) - raft.server.storage.dir = [/home/runner/work/ozone/ozone/hadoop-ozone/integration-test/target/test-dir/MiniOzoneClusterImpl-58db5c20-d6df-4fe1-a747-1f1a0fc9447e/datanode-1/data/ratis] (custom)
2023-02-28 20:09:26,858 [pool-779-thread-1] INFO  server.RaftServerConfigKeys (ConfUtils.java:logGet(46)) - raft.server.log.corruption.policy = EXCEPTION (default)
2023-02-28 20:09:26,858 [pool-779-thread-1] INFO  server.RaftServerConfigKeys (ConfUtils.java:logGet(46)) - raft.server.storage.free-space.min = 0MB (=0) (default)
2023-02-28 20:09:26,858 [pool-779-thread-1] INFO  server.RaftServerConfigKeys (ConfUtils.java:logGet(46)) - raft.server.notification.no-leader.timeout = 300s (custom)
2023-02-28 20:09:26,859 [pool-779-thread-1] INFO  server.RaftServerConfigKeys (ConfUtils.java:logGet(46)) - raft.server.retrycache.expirytime = 600000ms (custom)
2023-02-28 20:09:26,859 [pool-779-thread-1] INFO  server.RaftServerConfigKeys (ConfUtils.java:logGet(46)) - raft.server.retrycache.statistics.expirytime = 100μs (default)
2023-02-28 20:09:26,864 [pool-779-thread-1] INFO  server.RaftServerConfigKeys (ConfUtils.java:logGet(46)) - raft.server.log.appender.install.snapshot.enabled = false (custom)
2023-02-28 20:09:26,864 [pool-779-thread-1] INFO  server.RaftServerConfigKeys (ConfUtils.java:logGet(46)) - raft.server.threadpool.server.cached = true (default)
2023-02-28 20:09:26,864 [pool-779-thread-1] INFO  server.RaftServerConfigKeys (ConfUtils.java:logGet(46)) - raft.server.threadpool.server.size = 0 (default)
2023-02-28 20:09:26,864 [pool-779-thread-1] INFO  server.RaftServerConfigKeys (ConfUtils.java:logGet(46)) - raft.server.threadpool.client.cached = true (default)
2023-02-28 20:09:26,864 [pool-779-thread-1] INFO  server.RaftServerConfigKeys (ConfUtils.java:logGet(46)) - raft.server.threadpool.client.size = 0 (default)
2023-02-28 20:09:26,868 [pool-779-thread-1] INFO  storage.RaftStorageDirectory (RaftStorageDirectoryImpl.java:analyzeStorage(137)) - The storage directory /home/runner/work/ozone/ozone/hadoop-ozone/integration-test/target/test-dir/MiniOzoneClusterImpl-58db5c20-d6df-4fe1-a747-1f1a0fc9447e/datanode-1/data/ratis/07d8ca01-e976-42f2-8503-947d6fc2ad75 does not exist. Creating ...
2023-02-28 20:09:26,869 [pool-779-thread-1] INFO  storage.RaftStorageDirectory (RaftStorageDirectoryImpl.java:tryLock(231)) - Lock on /home/runner/work/ozone/ozone/hadoop-ozone/integration-test/target/test-dir/MiniOzoneClusterImpl-58db5c20-d6df-4fe1-a747-1f1a0fc9447e/datanode-1/data/ratis/07d8ca01-e976-42f2-8503-947d6fc2ad75/in_use.lock acquired by nodename 61155@fv-az399-334
2023-02-28 20:09:26,870 [pool-779-thread-1] INFO  storage.RaftStorage (RaftStorageImpl.java:format(96)) - Storage directory /home/runner/work/ozone/ozone/hadoop-ozone/integration-test/target/test-dir/MiniOzoneClusterImpl-58db5c20-d6df-4fe1-a747-1f1a0fc9447e/datanode-1/data/ratis/07d8ca01-e976-42f2-8503-947d6fc2ad75 has been successfully formatted.
2023-02-28 20:09:26,872 [pool-779-thread-1] INFO  ratis.ContainerStateMachine (ContainerStateMachine.java:loadSnapshot(240)) - group-947D6FC2AD75: The snapshot info is null. Setting the last applied indexto:(t:0, i:~)
2023-02-28 20:09:26,872 [pool-779-thread-1] INFO  server.RaftServerConfigKeys (ConfUtils.java:logGet(46)) - raft.server.log.use.memory = false (default)
2023-02-28 20:09:26,872 [pool-779-thread-1] INFO  server.RaftServerConfigKeys (ConfUtils.java:logGet(46)) - raft.server.log.purge.gap = 1000000 (custom)
2023-02-28 20:09:26,872 [pool-779-thread-1] INFO  server.RaftServerConfigKeys (ConfUtils.java:logGet(46)) - raft.server.log.appender.buffer.byte-limit = 33554432 (custom)
2023-02-28 20:09:26,872 [pool-779-thread-1] INFO  server.RaftServerConfigKeys (ConfUtils.java:logGet(46)) - raft.server.log.statemachine.data.read.timeout = 1000ms (default)
2023-02-28 20:09:26,872 [pool-779-thread-1] INFO  server.RaftServerConfigKeys (ConfUtils.java:logGet(46)) - raft.server.log.purge.preservation.log.num = 0 (default)
2023-02-28 20:09:26,873 [pool-779-thread-1] INFO  server.RaftServerConfigKeys (ConfUtils.java:logGet(46)) - raft.server.log.segment.size.max = 1048576 (custom)
2023-02-28 20:09:26,874 [pool-779-thread-1] INFO  server.RaftServerConfigKeys (ConfUtils.java:logGet(46)) - raft.server.log.segment.cache.num.max = 2 (custom)
2023-02-28 20:09:26,874 [pool-779-thread-1] INFO  server.RaftServerConfigKeys (ConfUtils.java:logGet(46)) - raft.server.log.segment.cache.size.max = 200MB (=209715200) (default)
2023-02-28 20:09:26,874 [pool-779-thread-1] INFO  segmented.SegmentedRaftLogWorker (SegmentedRaftLogWorker.java:<init>(189)) - new 5ca82d80-1088-40df-b8b2-c16ff7ffaa84@group-947D6FC2AD75-SegmentedRaftLogWorker for RaftStorageImpl:Storage Directory /home/runner/work/ozone/ozone/hadoop-ozone/integration-test/target/test-dir/MiniOzoneClusterImpl-58db5c20-d6df-4fe1-a747-1f1a0fc9447e/datanode-1/data/ratis/07d8ca01-e976-42f2-8503-947d6fc2ad75
2023-02-28 20:09:26,874 [pool-779-thread-1] INFO  server.RaftServerConfigKeys (ConfUtils.java:logGet(46)) - raft.server.log.queue.byte-limit = 4294967296 (custom)
2023-02-28 20:09:26,874 [pool-779-thread-1] INFO  server.RaftServerConfigKeys (ConfUtils.java:logGet(46)) - raft.server.log.queue.element-limit = 1024 (custom)
2023-02-28 20:09:26,874 [pool-779-thread-1] INFO  server.RaftServerConfigKeys (ConfUtils.java:logGet(46)) - raft.server.log.segment.size.max = 1048576 (custom)
2023-02-28 20:09:26,874 [pool-779-thread-1] INFO  server.RaftServerConfigKeys (ConfUtils.java:logGet(46)) - raft.server.log.preallocated.size = 16384 (custom)
2023-02-28 20:09:26,877 [pool-779-thread-1] INFO  server.RaftServerConfigKeys (ConfUtils.java:logGet(46)) - raft.server.log.force.sync.num = 128 (default)
2023-02-28 20:09:26,877 [pool-779-thread-1] INFO  server.RaftServerConfigKeys (ConfUtils.java:logGet(46)) - raft.server.log.statemachine.data.sync = true (default)
2023-02-28 20:09:26,877 [pool-779-thread-1] INFO  server.RaftServerConfigKeys (ConfUtils.java:logGet(46)) - raft.server.log.statemachine.data.sync.timeout = 10s (default)
2023-02-28 20:09:26,877 [pool-779-thread-1] INFO  server.RaftServerConfigKeys (ConfUtils.java:logGet(46)) - raft.server.log.statemachine.data.sync.timeout.retry = -1 (default)
2023-02-28 20:09:26,878 [pool-779-thread-1] INFO  server.RaftServerConfigKeys (ConfUtils.java:logGet(46)) - raft.server.log.write.buffer.size = 1048576 (custom)
2023-02-28 20:09:26,878 [pool-779-thread-1] INFO  server.RaftServerConfigKeys (ConfUtils.java:logGet(46)) - raft.server.log.appender.buffer.byte-limit = 33554432 (custom)
2023-02-28 20:09:26,884 [pool-779-thread-1] INFO  server.RaftServerConfigKeys (ConfUtils.java:logGet(46)) - raft.server.log.unsafe-flush.enabled = false (default)
2023-02-28 20:09:26,884 [pool-779-thread-1] INFO  server.RaftServerConfigKeys (ConfUtils.java:logGet(46)) - raft.server.log.async-flush.enabled = false (default)
2023-02-28 20:09:26,884 [pool-779-thread-1] INFO  server.RaftServerConfigKeys (ConfUtils.java:logGet(46)) - raft.server.log.statemachine.data.caching.enabled = true (custom)
2023-02-28 20:09:26,885 [pool-779-thread-1] INFO  segmented.SegmentedRaftLogWorker (SegmentedRaftLogWorker.java:lambda$new$0(135)) - 5ca82d80-1088-40df-b8b2-c16ff7ffaa84@group-947D6FC2AD75-SegmentedRaftLogWorker: flushIndex: setUnconditionally 0 -> -1
2023-02-28 20:09:26,885 [pool-779-thread-1] INFO  segmented.SegmentedRaftLogWorker (SegmentedRaftLogWorker.java:lambda$new$0(135)) - 5ca82d80-1088-40df-b8b2-c16ff7ffaa84@group-947D6FC2AD75-SegmentedRaftLogWorker: safeCacheEvictIndex: setUnconditionally 0 -> -1
2023-02-28 20:09:26,889 [pool-779-thread-1] INFO  server.RaftServer$Division (RaftServerImpl.java:start(334)) - 5ca82d80-1088-40df-b8b2-c16ff7ffaa84@group-947D6FC2AD75: start as a follower, conf=-1: peers:[5ca82d80-1088-40df-b8b2-c16ff7ffaa84|rpc:10.1.1.15:35731|dataStream:10.1.1.15:35983|priority:0|startupRole:FOLLOWER, 9fb7a251-87f9-4a5e-bbf3-14e1e3694fcd|rpc:10.1.1.15:38965|dataStream:10.1.1.15:40139|priority:0|startupRole:FOLLOWER, 937551b9-64e7-48ec-8838-f5047df98f27|rpc:10.1.1.15:39817|dataStream:10.1.1.15:35681|priority:1|startupRole:FOLLOWER]|listeners:[], old=null
2023-02-28 20:09:26,889 [pool-779-thread-1] INFO  server.RaftServer$Division (RaftServerImpl.java:setRole(321)) - 5ca82d80-1088-40df-b8b2-c16ff7ffaa84@group-947D6FC2AD75: changes role from      null to FOLLOWER at term 0 for startAsFollower
2023-02-28 20:09:26,889 [pool-779-thread-1] INFO  impl.RoleInfo (RoleInfo.java:updateAndGet(139)) - 5ca82d80-1088-40df-b8b2-c16ff7ffaa84: start 5ca82d80-1088-40df-b8b2-c16ff7ffaa84@group-947D6FC2AD75-FollowerState
2023-02-28 20:09:26,889 [pool-779-thread-1] INFO  util.JmxRegister (JmxRegister.java:tryRegister(44)) - Successfully registered JMX Bean with object name Ratis:service=RaftServer,group=group-947D6FC2AD75,id=5ca82d80-1088-40df-b8b2-c16ff7ffaa84
2023-02-28 20:09:26,889 [5ca82d80-1088-40df-b8b2-c16ff7ffaa84@group-947D6FC2AD75-FollowerState] INFO  server.RaftServerConfigKeys (ConfUtils.java:logFallback(53)) - raft.server.rpc.first-election.timeout.min = 5s (fallback to raft.server.rpc.timeout.min)
2023-02-28 20:09:26,889 [pool-779-thread-1] INFO  server.RaftServerConfigKeys (ConfUtils.java:logGet(46)) - raft.server.snapshot.auto.trigger.enabled = true (custom)
2023-02-28 20:09:26,890 [5ca82d80-1088-40df-b8b2-c16ff7ffaa84@group-947D6FC2AD75-FollowerState] INFO  server.RaftServerConfigKeys (ConfUtils.java:logFallback(53)) - raft.server.rpc.first-election.timeout.max = 5200ms (fallback to raft.server.rpc.timeout.max)
2023-02-28 20:09:26,890 [pool-779-thread-1] INFO  server.RaftServerConfigKeys (ConfUtils.java:logGet(46)) - raft.server.snapshot.auto.trigger.threshold = 10000 (custom)
2023-02-28 20:09:26,891 [pool-779-thread-1] INFO  server.RaftServerConfigKeys (ConfUtils.java:logGet(46)) - raft.server.snapshot.retention.file.num = 5 (custom)
2023-02-28 20:09:26,891 [pool-779-thread-1] INFO  server.RaftServerConfigKeys (ConfUtils.java:logGet(46)) - raft.server.log.purge.upto.snapshot.index = false (default)
2023-02-28 20:09:26,897 [Command processor thread] INFO  commandhandler.CreatePipelineCommandHandler (CreatePipelineCommandHandler.java:handle(113)) - Created Pipeline RATIS THREE PipelineID=07d8ca01-e976-42f2-8503-947d6fc2ad75.
2023-02-28 20:09:26,898 [Command processor thread] INFO  server.RaftServer (RaftServerProxy.java:addNew(96)) - 937551b9-64e7-48ec-8838-f5047df98f27: addNew group-24CD471FFB8A:[5ca82d80-1088-40df-b8b2-c16ff7ffaa84|rpc:10.1.1.15:35731|dataStream:10.1.1.15:35983|priority:0|startupRole:FOLLOWER, 9fb7a251-87f9-4a5e-bbf3-14e1e3694fcd|rpc:10.1.1.15:38965|dataStream:10.1.1.15:40139|priority:1|startupRole:FOLLOWER, 937551b9-64e7-48ec-8838-f5047df98f27|rpc:10.1.1.15:39817|dataStream:10.1.1.15:35681|priority:0|startupRole:FOLLOWER] returns group-24CD471FFB8A:java.util.concurrent.CompletableFuture@12dcaece[Not completed]
2023-02-28 20:09:26,899 [pool-757-thread-1] INFO  server.RaftServer$Division (RaftServerImpl.java:<init>(195)) - 937551b9-64e7-48ec-8838-f5047df98f27: new RaftServerImpl for group-24CD471FFB8A:[5ca82d80-1088-40df-b8b2-c16ff7ffaa84|rpc:10.1.1.15:35731|dataStream:10.1.1.15:35983|priority:0|startupRole:FOLLOWER, 9fb7a251-87f9-4a5e-bbf3-14e1e3694fcd|rpc:10.1.1.15:38965|dataStream:10.1.1.15:40139|priority:1|startupRole:FOLLOWER, 937551b9-64e7-48ec-8838-f5047df98f27|rpc:10.1.1.15:39817|dataStream:10.1.1.15:35681|priority:0|startupRole:FOLLOWER] with ContainerStateMachine:uninitialized
2023-02-28 20:09:26,899 [pool-757-thread-1] INFO  server.RaftServerConfigKeys (ConfUtils.java:logGet(46)) - raft.server.rpc.timeout.min = 5s (custom)
2023-02-28 20:09:26,899 [pool-757-thread-1] INFO  server.RaftServerConfigKeys (ConfUtils.java:logGet(46)) - raft.server.rpc.timeout.max = 5200ms (custom)
2023-02-28 20:09:26,899 [pool-757-thread-1] INFO  server.RaftServerConfigKeys (ConfUtils.java:logGet(46)) - raft.server.rpc.sleep.time = 25ms (default)
2023-02-28 20:09:26,899 [pool-757-thread-1] INFO  server.RaftServerConfigKeys (ConfUtils.java:logGet(46)) - raft.server.rpc.slowness.timeout = 300s (custom)
2023-02-28 20:09:26,899 [pool-757-thread-1] INFO  server.RaftServerConfigKeys (ConfUtils.java:logGet(46)) - raft.server.leaderelection.leader.step-down.wait-time = 10s (default)
2023-02-28 20:09:26,899 [pool-757-thread-1] INFO  server.RaftServerConfigKeys (ConfUtils.java:logGet(46)) - raft.server.sleep.deviation.threshold = 300ms (default)
2023-02-28 20:09:26,899 [pool-757-thread-1] INFO  server.RaftServer$Division (ServerState.java:<init>(118)) - 937551b9-64e7-48ec-8838-f5047df98f27@group-24CD471FFB8A: ConfigurationManager, init=-1: peers:[5ca82d80-1088-40df-b8b2-c16ff7ffaa84|rpc:10.1.1.15:35731|dataStream:10.1.1.15:35983|priority:0|startupRole:FOLLOWER, 9fb7a251-87f9-4a5e-bbf3-14e1e3694fcd|rpc:10.1.1.15:38965|dataStream:10.1.1.15:40139|priority:1|startupRole:FOLLOWER, 937551b9-64e7-48ec-8838-f5047df98f27|rpc:10.1.1.15:39817|dataStream:10.1.1.15:35681|priority:0|startupRole:FOLLOWER]|listeners:[], old=null, confs=<EMPTY_MAP>
2023-02-28 20:09:26,899 [pool-757-thread-1] INFO  server.RaftServerConfigKeys (ConfUtils.java:logGet(46)) - raft.server.storage.dir = [/home/runner/work/ozone/ozone/hadoop-ozone/integration-test/target/test-dir/MiniOzoneClusterImpl-58db5c20-d6df-4fe1-a747-1f1a0fc9447e/datanode-0/data/ratis] (custom)
2023-02-28 20:09:26,899 [pool-757-thread-1] INFO  server.RaftServerConfigKeys (ConfUtils.java:logGet(46)) - raft.server.log.corruption.policy = EXCEPTION (default)
2023-02-28 20:09:26,899 [pool-757-thread-1] INFO  server.RaftServerConfigKeys (ConfUtils.java:logGet(46)) - raft.server.storage.free-space.min = 0MB (=0) (default)
2023-02-28 20:09:26,899 [pool-757-thread-1] INFO  server.RaftServerConfigKeys (ConfUtils.java:logGet(46)) - raft.server.notification.no-leader.timeout = 300s (custom)
2023-02-28 20:09:26,899 [pool-757-thread-1] INFO  server.RaftServerConfigKeys (ConfUtils.java:logGet(46)) - raft.server.retrycache.expirytime = 600000ms (custom)
2023-02-28 20:09:26,899 [pool-757-thread-1] INFO  server.RaftServerConfigKeys (ConfUtils.java:logGet(46)) - raft.server.retrycache.statistics.expirytime = 100μs (default)
2023-02-28 20:09:26,901 [pool-757-thread-1] INFO  server.RaftServerConfigKeys (ConfUtils.java:logGet(46)) - raft.server.log.appender.install.snapshot.enabled = false (custom)
2023-02-28 20:09:26,901 [pool-757-thread-1] INFO  server.RaftServerConfigKeys (ConfUtils.java:logGet(46)) - raft.server.threadpool.server.cached = true (default)
2023-02-28 20:09:26,901 [pool-757-thread-1] INFO  server.RaftServerConfigKeys (ConfUtils.java:logGet(46)) - raft.server.threadpool.server.size = 0 (default)
2023-02-28 20:09:26,901 [pool-757-thread-1] INFO  server.RaftServerConfigKeys (ConfUtils.java:logGet(46)) - raft.server.threadpool.client.cached = true (default)
2023-02-28 20:09:26,901 [pool-757-thread-1] INFO  server.RaftServerConfigKeys (ConfUtils.java:logGet(46)) - raft.server.threadpool.client.size = 0 (default)
2023-02-28 20:09:26,901 [pool-757-thread-1] INFO  storage.RaftStorageDirectory (RaftStorageDirectoryImpl.java:analyzeStorage(137)) - The storage directory /home/runner/work/ozone/ozone/hadoop-ozone/integration-test/target/test-dir/MiniOzoneClusterImpl-58db5c20-d6df-4fe1-a747-1f1a0fc9447e/datanode-0/data/ratis/d6155cd7-9825-4f89-9110-24cd471ffb8a does not exist. Creating ...
2023-02-28 20:09:26,902 [pool-757-thread-1] INFO  storage.RaftStorageDirectory (RaftStorageDirectoryImpl.java:tryLock(231)) - Lock on /home/runner/work/ozone/ozone/hadoop-ozone/integration-test/target/test-dir/MiniOzoneClusterImpl-58db5c20-d6df-4fe1-a747-1f1a0fc9447e/datanode-0/data/ratis/d6155cd7-9825-4f89-9110-24cd471ffb8a/in_use.lock acquired by nodename 61155@fv-az399-334
2023-02-28 20:09:26,906 [pool-757-thread-1] INFO  storage.RaftStorage (RaftStorageImpl.java:format(96)) - Storage directory /home/runner/work/ozone/ozone/hadoop-ozone/integration-test/target/test-dir/MiniOzoneClusterImpl-58db5c20-d6df-4fe1-a747-1f1a0fc9447e/datanode-0/data/ratis/d6155cd7-9825-4f89-9110-24cd471ffb8a has been successfully formatted.
2023-02-28 20:09:26,908 [EventQueue-OpenPipelineForHealthyPipelineSafeModeRule] INFO  safemode.SCMSafeModeManager (HealthyPipelineSafeModeRule.java:process(137)) - SCM in safe mode. Healthy pipelines reported count is 0, required healthy pipeline reported count is 1
2023-02-28 20:09:26,909 [pool-757-thread-1] INFO  ratis.ContainerStateMachine (ContainerStateMachine.java:loadSnapshot(240)) - group-24CD471FFB8A: The snapshot info is null. Setting the last applied indexto:(t:0, i:~)
2023-02-28 20:09:26,909 [pool-757-thread-1] INFO  server.RaftServerConfigKeys (ConfUtils.java:logGet(46)) - raft.server.log.use.memory = false (default)
2023-02-28 20:09:26,909 [pool-757-thread-1] INFO  server.RaftServerConfigKeys (ConfUtils.java:logGet(46)) - raft.server.log.purge.gap = 1000000 (custom)
2023-02-28 20:09:26,909 [pool-757-thread-1] INFO  server.RaftServerConfigKeys (ConfUtils.java:logGet(46)) - raft.server.log.appender.buffer.byte-limit = 33554432 (custom)
2023-02-28 20:09:26,909 [pool-757-thread-1] INFO  server.RaftServerConfigKeys (ConfUtils.java:logGet(46)) - raft.server.log.statemachine.data.read.timeout = 1000ms (default)
2023-02-28 20:09:26,909 [pool-757-thread-1] INFO  server.RaftServerConfigKeys (ConfUtils.java:logGet(46)) - raft.server.log.purge.preservation.log.num = 0 (default)
2023-02-28 20:09:26,910 [pool-757-thread-1] INFO  server.RaftServerConfigKeys (ConfUtils.java:logGet(46)) - raft.server.log.segment.size.max = 1048576 (custom)
2023-02-28 20:09:26,910 [pool-757-thread-1] INFO  server.RaftServerConfigKeys (ConfUtils.java:logGet(46)) - raft.server.log.segment.cache.num.max = 2 (custom)
2023-02-28 20:09:26,910 [pool-757-thread-1] INFO  server.RaftServerConfigKeys (ConfUtils.java:logGet(46)) - raft.server.log.segment.cache.size.max = 200MB (=209715200) (default)
2023-02-28 20:09:26,910 [pool-757-thread-1] INFO  segmented.SegmentedRaftLogWorker (SegmentedRaftLogWorker.java:<init>(189)) - new 937551b9-64e7-48ec-8838-f5047df98f27@group-24CD471FFB8A-SegmentedRaftLogWorker for RaftStorageImpl:Storage Directory /home/runner/work/ozone/ozone/hadoop-ozone/integration-test/target/test-dir/MiniOzoneClusterImpl-58db5c20-d6df-4fe1-a747-1f1a0fc9447e/datanode-0/data/ratis/d6155cd7-9825-4f89-9110-24cd471ffb8a
2023-02-28 20:09:26,910 [pool-757-thread-1] INFO  server.RaftServerConfigKeys (ConfUtils.java:logGet(46)) - raft.server.log.queue.byte-limit = 4294967296 (custom)
2023-02-28 20:09:26,910 [pool-757-thread-1] INFO  server.RaftServerConfigKeys (ConfUtils.java:logGet(46)) - raft.server.log.queue.element-limit = 1024 (custom)
2023-02-28 20:09:26,910 [pool-757-thread-1] INFO  server.RaftServerConfigKeys (ConfUtils.java:logGet(46)) - raft.server.log.segment.size.max = 1048576 (custom)
2023-02-28 20:09:26,910 [pool-757-thread-1] INFO  server.RaftServerConfigKeys (ConfUtils.java:logGet(46)) - raft.server.log.preallocated.size = 16384 (custom)
2023-02-28 20:09:26,910 [pool-757-thread-1] INFO  server.RaftServerConfigKeys (ConfUtils.java:logGet(46)) - raft.server.log.force.sync.num = 128 (default)
2023-02-28 20:09:26,910 [pool-757-thread-1] INFO  server.RaftServerConfigKeys (ConfUtils.java:logGet(46)) - raft.server.log.statemachine.data.sync = true (default)
2023-02-28 20:09:26,910 [pool-757-thread-1] INFO  server.RaftServerConfigKeys (ConfUtils.java:logGet(46)) - raft.server.log.statemachine.data.sync.timeout = 10s (default)
2023-02-28 20:09:26,910 [pool-757-thread-1] INFO  server.RaftServerConfigKeys (ConfUtils.java:logGet(46)) - raft.server.log.statemachine.data.sync.timeout.retry = -1 (default)
2023-02-28 20:09:26,911 [pool-757-thread-1] INFO  server.RaftServerConfigKeys (ConfUtils.java:logGet(46)) - raft.server.log.write.buffer.size = 1048576 (custom)
2023-02-28 20:09:26,911 [pool-757-thread-1] INFO  server.RaftServerConfigKeys (ConfUtils.java:logGet(46)) - raft.server.log.appender.buffer.byte-limit = 33554432 (custom)
2023-02-28 20:09:26,913 [EndpointStateMachine task thread for /0.0.0.0:42901 - 0 ] INFO  ipc.Client (Client.java:handleConnectionFailure(1010)) - Retrying connect to server: 0.0.0.0/0.0.0.0:42901. Already tried 13 time(s); retry policy is RetryUpToMaximumCountWithFixedSleep(maxRetries=15, sleepTime=1000 MILLISECONDS)
2023-02-28 20:09:26,919 [pool-757-thread-1] INFO  server.RaftServerConfigKeys (ConfUtils.java:logGet(46)) - raft.server.log.unsafe-flush.enabled = false (default)
2023-02-28 20:09:26,920 [pool-757-thread-1] INFO  server.RaftServerConfigKeys (ConfUtils.java:logGet(46)) - raft.server.log.async-flush.enabled = false (default)
2023-02-28 20:09:26,920 [pool-757-thread-1] INFO  server.RaftServerConfigKeys (ConfUtils.java:logGet(46)) - raft.server.log.statemachine.data.caching.enabled = true (custom)
2023-02-28 20:09:26,920 [pool-757-thread-1] INFO  segmented.SegmentedRaftLogWorker (SegmentedRaftLogWorker.java:lambda$new$0(135)) - 937551b9-64e7-48ec-8838-f5047df98f27@group-24CD471FFB8A-SegmentedRaftLogWorker: flushIndex: setUnconditionally 0 -> -1
2023-02-28 20:09:26,921 [pool-757-thread-1] INFO  segmented.SegmentedRaftLogWorker (SegmentedRaftLogWorker.java:lambda$new$0(135)) - 937551b9-64e7-48ec-8838-f5047df98f27@group-24CD471FFB8A-SegmentedRaftLogWorker: safeCacheEvictIndex: setUnconditionally 0 -> -1
2023-02-28 20:09:26,921 [pool-757-thread-1] INFO  server.RaftServer$Division (RaftServerImpl.java:start(334)) - 937551b9-64e7-48ec-8838-f5047df98f27@group-24CD471FFB8A: start as a follower, conf=-1: peers:[5ca82d80-1088-40df-b8b2-c16ff7ffaa84|rpc:10.1.1.15:35731|dataStream:10.1.1.15:35983|priority:0|startupRole:FOLLOWER, 9fb7a251-87f9-4a5e-bbf3-14e1e3694fcd|rpc:10.1.1.15:38965|dataStream:10.1.1.15:40139|priority:1|startupRole:FOLLOWER, 937551b9-64e7-48ec-8838-f5047df98f27|rpc:10.1.1.15:39817|dataStream:10.1.1.15:35681|priority:0|startupRole:FOLLOWER]|listeners:[], old=null
2023-02-28 20:09:26,921 [pool-757-thread-1] INFO  server.RaftServer$Division (RaftServerImpl.java:setRole(321)) - 937551b9-64e7-48ec-8838-f5047df98f27@group-24CD471FFB8A: changes role from      null to FOLLOWER at term 0 for startAsFollower
2023-02-28 20:09:26,921 [pool-757-thread-1] INFO  impl.RoleInfo (RoleInfo.java:updateAndGet(139)) - 937551b9-64e7-48ec-8838-f5047df98f27: start 937551b9-64e7-48ec-8838-f5047df98f27@group-24CD471FFB8A-FollowerState
2023-02-28 20:09:26,924 [pool-757-thread-1] INFO  util.JmxRegister (JmxRegister.java:tryRegister(44)) - Successfully registered JMX Bean with object name Ratis:service=RaftServer,group=group-24CD471FFB8A,id=937551b9-64e7-48ec-8838-f5047df98f27
2023-02-28 20:09:26,924 [pool-757-thread-1] INFO  server.RaftServerConfigKeys (ConfUtils.java:logGet(46)) - raft.server.snapshot.auto.trigger.enabled = true (custom)
2023-02-28 20:09:26,924 [pool-757-thread-1] INFO  server.RaftServerConfigKeys (ConfUtils.java:logGet(46)) - raft.server.snapshot.auto.trigger.threshold = 10000 (custom)
2023-02-28 20:09:26,924 [pool-757-thread-1] INFO  server.RaftServerConfigKeys (ConfUtils.java:logGet(46)) - raft.server.snapshot.retention.file.num = 5 (custom)
2023-02-28 20:09:26,924 [pool-757-thread-1] INFO  server.RaftServerConfigKeys (ConfUtils.java:logGet(46)) - raft.server.log.purge.upto.snapshot.index = false (default)
2023-02-28 20:09:26,925 [Command processor thread] INFO  ratis.XceiverServerRatis (XceiverServerRatis.java:addGroup(807)) - Created group PipelineID=d6155cd7-9825-4f89-9110-24cd471ffb8a
2023-02-28 20:09:26,927 [937551b9-64e7-48ec-8838-f5047df98f27@group-24CD471FFB8A-FollowerState] INFO  server.RaftServerConfigKeys (ConfUtils.java:logFallback(53)) - raft.server.rpc.first-election.timeout.min = 5s (fallback to raft.server.rpc.timeout.min)
2023-02-28 20:09:26,927 [937551b9-64e7-48ec-8838-f5047df98f27@group-24CD471FFB8A-FollowerState] INFO  server.RaftServerConfigKeys (ConfUtils.java:logFallback(53)) - raft.server.rpc.first-election.timeout.max = 5200ms (fallback to raft.server.rpc.timeout.max)
2023-02-28 20:09:26,934 [grpc-default-executor-1] INFO  server.RaftServer (RaftServerProxy.java:addNew(96)) - 5ca82d80-1088-40df-b8b2-c16ff7ffaa84: addNew group-24CD471FFB8A:[5ca82d80-1088-40df-b8b2-c16ff7ffaa84|rpc:10.1.1.15:35731|dataStream:10.1.1.15:35983|priority:0|startupRole:FOLLOWER, 9fb7a251-87f9-4a5e-bbf3-14e1e3694fcd|rpc:10.1.1.15:38965|dataStream:10.1.1.15:40139|priority:1|startupRole:FOLLOWER, 937551b9-64e7-48ec-8838-f5047df98f27|rpc:10.1.1.15:39817|dataStream:10.1.1.15:35681|priority:0|startupRole:FOLLOWER] returns group-24CD471FFB8A:java.util.concurrent.CompletableFuture@58b4a7bc[Not completed]
2023-02-28 20:09:26,935 [pool-779-thread-1] INFO  server.RaftServer$Division (RaftServerImpl.java:<init>(195)) - 5ca82d80-1088-40df-b8b2-c16ff7ffaa84: new RaftServerImpl for group-24CD471FFB8A:[5ca82d80-1088-40df-b8b2-c16ff7ffaa84|rpc:10.1.1.15:35731|dataStream:10.1.1.15:35983|priority:0|startupRole:FOLLOWER, 9fb7a251-87f9-4a5e-bbf3-14e1e3694fcd|rpc:10.1.1.15:38965|dataStream:10.1.1.15:40139|priority:1|startupRole:FOLLOWER, 937551b9-64e7-48ec-8838-f5047df98f27|rpc:10.1.1.15:39817|dataStream:10.1.1.15:35681|priority:0|startupRole:FOLLOWER] with ContainerStateMachine:uninitialized
2023-02-28 20:09:26,936 [pool-779-thread-1] INFO  server.RaftServerConfigKeys (ConfUtils.java:logGet(46)) - raft.server.rpc.timeout.min = 5s (custom)
2023-02-28 20:09:26,936 [pool-779-thread-1] INFO  server.RaftServerConfigKeys (ConfUtils.java:logGet(46)) - raft.server.rpc.timeout.max = 5200ms (custom)
2023-02-28 20:09:26,936 [pool-779-thread-1] INFO  server.RaftServerConfigKeys (ConfUtils.java:logGet(46)) - raft.server.rpc.sleep.time = 25ms (default)
2023-02-28 20:09:26,936 [pool-779-thread-1] INFO  server.RaftServerConfigKeys (ConfUtils.java:logGet(46)) - raft.server.rpc.slowness.timeout = 300s (custom)
2023-02-28 20:09:26,936 [pool-779-thread-1] INFO  server.RaftServerConfigKeys (ConfUtils.java:logGet(46)) - raft.server.leaderelection.leader.step-down.wait-time = 10s (default)
2023-02-28 20:09:26,936 [pool-779-thread-1] INFO  server.RaftServerConfigKeys (ConfUtils.java:logGet(46)) - raft.server.sleep.deviation.threshold = 300ms (default)
2023-02-28 20:09:26,936 [pool-779-thread-1] INFO  server.RaftServer$Division (ServerState.java:<init>(118)) - 5ca82d80-1088-40df-b8b2-c16ff7ffaa84@group-24CD471FFB8A: ConfigurationManager, init=-1: peers:[5ca82d80-1088-40df-b8b2-c16ff7ffaa84|rpc:10.1.1.15:35731|dataStream:10.1.1.15:35983|priority:0|startupRole:FOLLOWER, 9fb7a251-87f9-4a5e-bbf3-14e1e3694fcd|rpc:10.1.1.15:38965|dataStream:10.1.1.15:40139|priority:1|startupRole:FOLLOWER, 937551b9-64e7-48ec-8838-f5047df98f27|rpc:10.1.1.15:39817|dataStream:10.1.1.15:35681|priority:0|startupRole:FOLLOWER]|listeners:[], old=null, confs=<EMPTY_MAP>
2023-02-28 20:09:26,936 [pool-779-thread-1] INFO  server.RaftServerConfigKeys (ConfUtils.java:logGet(46)) - raft.server.storage.dir = [/home/runner/work/ozone/ozone/hadoop-ozone/integration-test/target/test-dir/MiniOzoneClusterImpl-58db5c20-d6df-4fe1-a747-1f1a0fc9447e/datanode-1/data/ratis] (custom)
2023-02-28 20:09:26,936 [pool-779-thread-1] INFO  server.RaftServerConfigKeys (ConfUtils.java:logGet(46)) - raft.server.log.corruption.policy = EXCEPTION (default)
2023-02-28 20:09:26,936 [pool-779-thread-1] INFO  server.RaftServerConfigKeys (ConfUtils.java:logGet(46)) - raft.server.storage.free-space.min = 0MB (=0) (default)
2023-02-28 20:09:26,936 [pool-779-thread-1] INFO  server.RaftServerConfigKeys (ConfUtils.java:logGet(46)) - raft.server.notification.no-leader.timeout = 300s (custom)
2023-02-28 20:09:26,936 [pool-779-thread-1] INFO  server.RaftServerConfigKeys (ConfUtils.java:logGet(46)) - raft.server.retrycache.expirytime = 600000ms (custom)
2023-02-28 20:09:26,936 [pool-779-thread-1] INFO  server.RaftServerConfigKeys (ConfUtils.java:logGet(46)) - raft.server.retrycache.statistics.expirytime = 100μs (default)
2023-02-28 20:09:26,937 [pool-779-thread-1] INFO  server.RaftServerConfigKeys (ConfUtils.java:logGet(46)) - raft.server.log.appender.install.snapshot.enabled = false (custom)
2023-02-28 20:09:26,937 [pool-779-thread-1] INFO  server.RaftServerConfigKeys (ConfUtils.java:logGet(46)) - raft.server.threadpool.server.cached = true (default)
2023-02-28 20:09:26,937 [pool-779-thread-1] INFO  server.RaftServerConfigKeys (ConfUtils.java:logGet(46)) - raft.server.threadpool.server.size = 0 (default)
2023-02-28 20:09:26,937 [pool-779-thread-1] INFO  server.RaftServerConfigKeys (ConfUtils.java:logGet(46)) - raft.server.threadpool.client.cached = true (default)
2023-02-28 20:09:26,937 [pool-779-thread-1] INFO  server.RaftServerConfigKeys (ConfUtils.java:logGet(46)) - raft.server.threadpool.client.size = 0 (default)
2023-02-28 20:09:26,937 [pool-779-thread-1] INFO  storage.RaftStorageDirectory (RaftStorageDirectoryImpl.java:analyzeStorage(137)) - The storage directory /home/runner/work/ozone/ozone/hadoop-ozone/integration-test/target/test-dir/MiniOzoneClusterImpl-58db5c20-d6df-4fe1-a747-1f1a0fc9447e/datanode-1/data/ratis/d6155cd7-9825-4f89-9110-24cd471ffb8a does not exist. Creating ...
2023-02-28 20:09:26,938 [pool-779-thread-1] INFO  storage.RaftStorageDirectory (RaftStorageDirectoryImpl.java:tryLock(231)) - Lock on /home/runner/work/ozone/ozone/hadoop-ozone/integration-test/target/test-dir/MiniOzoneClusterImpl-58db5c20-d6df-4fe1-a747-1f1a0fc9447e/datanode-1/data/ratis/d6155cd7-9825-4f89-9110-24cd471ffb8a/in_use.lock acquired by nodename 61155@fv-az399-334
2023-02-28 20:09:26,939 [pool-779-thread-1] INFO  storage.RaftStorage (RaftStorageImpl.java:format(96)) - Storage directory /home/runner/work/ozone/ozone/hadoop-ozone/integration-test/target/test-dir/MiniOzoneClusterImpl-58db5c20-d6df-4fe1-a747-1f1a0fc9447e/datanode-1/data/ratis/d6155cd7-9825-4f89-9110-24cd471ffb8a has been successfully formatted.
2023-02-28 20:09:26,941 [pool-779-thread-1] INFO  ratis.ContainerStateMachine (ContainerStateMachine.java:loadSnapshot(240)) - group-24CD471FFB8A: The snapshot info is null. Setting the last applied indexto:(t:0, i:~)
2023-02-28 20:09:26,941 [pool-779-thread-1] INFO  server.RaftServerConfigKeys (ConfUtils.java:logGet(46)) - raft.server.log.use.memory = false (default)
2023-02-28 20:09:26,941 [pool-779-thread-1] INFO  server.RaftServerConfigKeys (ConfUtils.java:logGet(46)) - raft.server.log.purge.gap = 1000000 (custom)
2023-02-28 20:09:26,942 [pool-779-thread-1] INFO  server.RaftServerConfigKeys (ConfUtils.java:logGet(46)) - raft.server.log.appender.buffer.byte-limit = 33554432 (custom)
2023-02-28 20:09:26,942 [pool-779-thread-1] INFO  server.RaftServerConfigKeys (ConfUtils.java:logGet(46)) - raft.server.log.statemachine.data.read.timeout = 1000ms (default)
2023-02-28 20:09:26,942 [pool-779-thread-1] INFO  server.RaftServerConfigKeys (ConfUtils.java:logGet(46)) - raft.server.log.purge.preservation.log.num = 0 (default)
2023-02-28 20:09:26,942 [pool-779-thread-1] INFO  server.RaftServerConfigKeys (ConfUtils.java:logGet(46)) - raft.server.log.segment.size.max = 1048576 (custom)
2023-02-28 20:09:26,942 [pool-779-thread-1] INFO  server.RaftServerConfigKeys (ConfUtils.java:logGet(46)) - raft.server.log.segment.cache.num.max = 2 (custom)
2023-02-28 20:09:26,942 [pool-779-thread-1] INFO  server.RaftServerConfigKeys (ConfUtils.java:logGet(46)) - raft.server.log.segment.cache.size.max = 200MB (=209715200) (default)
2023-02-28 20:09:26,942 [pool-779-thread-1] INFO  segmented.SegmentedRaftLogWorker (SegmentedRaftLogWorker.java:<init>(189)) - new 5ca82d80-1088-40df-b8b2-c16ff7ffaa84@group-24CD471FFB8A-SegmentedRaftLogWorker for RaftStorageImpl:Storage Directory /home/runner/work/ozone/ozone/hadoop-ozone/integration-test/target/test-dir/MiniOzoneClusterImpl-58db5c20-d6df-4fe1-a747-1f1a0fc9447e/datanode-1/data/ratis/d6155cd7-9825-4f89-9110-24cd471ffb8a
2023-02-28 20:09:26,942 [pool-779-thread-1] INFO  server.RaftServerConfigKeys (ConfUtils.java:logGet(46)) - raft.server.log.queue.byte-limit = 4294967296 (custom)
2023-02-28 20:09:26,942 [pool-779-thread-1] INFO  server.RaftServerConfigKeys (ConfUtils.java:logGet(46)) - raft.server.log.queue.element-limit = 1024 (custom)
2023-02-28 20:09:26,942 [pool-779-thread-1] INFO  server.RaftServerConfigKeys (ConfUtils.java:logGet(46)) - raft.server.log.segment.size.max = 1048576 (custom)
2023-02-28 20:09:26,942 [pool-779-thread-1] INFO  server.RaftServerConfigKeys (ConfUtils.java:logGet(46)) - raft.server.log.preallocated.size = 16384 (custom)
2023-02-28 20:09:26,942 [pool-779-thread-1] INFO  server.RaftServerConfigKeys (ConfUtils.java:logGet(46)) - raft.server.log.force.sync.num = 128 (default)
2023-02-28 20:09:26,942 [pool-779-thread-1] INFO  server.RaftServerConfigKeys (ConfUtils.java:logGet(46)) - raft.server.log.statemachine.data.sync = true (default)
2023-02-28 20:09:26,942 [pool-779-thread-1] INFO  server.RaftServerConfigKeys (ConfUtils.java:logGet(46)) - raft.server.log.statemachine.data.sync.timeout = 10s (default)
2023-02-28 20:09:26,942 [pool-779-thread-1] INFO  server.RaftServerConfigKeys (ConfUtils.java:logGet(46)) - raft.server.log.statemachine.data.sync.timeout.retry = -1 (default)
2023-02-28 20:09:26,943 [pool-779-thread-1] INFO  server.RaftServerConfigKeys (ConfUtils.java:logGet(46)) - raft.server.log.write.buffer.size = 1048576 (custom)
2023-02-28 20:09:26,944 [pool-779-thread-1] INFO  server.RaftServerConfigKeys (ConfUtils.java:logGet(46)) - raft.server.log.appender.buffer.byte-limit = 33554432 (custom)
2023-02-28 20:09:26,949 [pool-779-thread-1] INFO  server.RaftServerConfigKeys (ConfUtils.java:logGet(46)) - raft.server.log.unsafe-flush.enabled = false (default)
2023-02-28 20:09:26,949 [pool-779-thread-1] INFO  server.RaftServerConfigKeys (ConfUtils.java:logGet(46)) - raft.server.log.async-flush.enabled = false (default)
2023-02-28 20:09:26,949 [pool-779-thread-1] INFO  server.RaftServerConfigKeys (ConfUtils.java:logGet(46)) - raft.server.log.statemachine.data.caching.enabled = true (custom)
2023-02-28 20:09:26,949 [pool-779-thread-1] INFO  segmented.SegmentedRaftLogWorker (SegmentedRaftLogWorker.java:lambda$new$0(135)) - 5ca82d80-1088-40df-b8b2-c16ff7ffaa84@group-24CD471FFB8A-SegmentedRaftLogWorker: flushIndex: setUnconditionally 0 -> -1
2023-02-28 20:09:26,949 [pool-779-thread-1] INFO  segmented.SegmentedRaftLogWorker (SegmentedRaftLogWorker.java:lambda$new$0(135)) - 5ca82d80-1088-40df-b8b2-c16ff7ffaa84@group-24CD471FFB8A-SegmentedRaftLogWorker: safeCacheEvictIndex: setUnconditionally 0 -> -1
2023-02-28 20:09:26,949 [pool-779-thread-1] INFO  server.RaftServer$Division (RaftServerImpl.java:start(334)) - 5ca82d80-1088-40df-b8b2-c16ff7ffaa84@group-24CD471FFB8A: start as a follower, conf=-1: peers:[5ca82d80-1088-40df-b8b2-c16ff7ffaa84|rpc:10.1.1.15:35731|dataStream:10.1.1.15:35983|priority:0|startupRole:FOLLOWER, 9fb7a251-87f9-4a5e-bbf3-14e1e3694fcd|rpc:10.1.1.15:38965|dataStream:10.1.1.15:40139|priority:1|startupRole:FOLLOWER, 937551b9-64e7-48ec-8838-f5047df98f27|rpc:10.1.1.15:39817|dataStream:10.1.1.15:35681|priority:0|startupRole:FOLLOWER]|listeners:[], old=null
2023-02-28 20:09:26,949 [pool-779-thread-1] INFO  server.RaftServer$Division (RaftServerImpl.java:setRole(321)) - 5ca82d80-1088-40df-b8b2-c16ff7ffaa84@group-24CD471FFB8A: changes role from      null to FOLLOWER at term 0 for startAsFollower
2023-02-28 20:09:26,949 [pool-779-thread-1] INFO  impl.RoleInfo (RoleInfo.java:updateAndGet(139)) - 5ca82d80-1088-40df-b8b2-c16ff7ffaa84: start 5ca82d80-1088-40df-b8b2-c16ff7ffaa84@group-24CD471FFB8A-FollowerState
2023-02-28 20:09:26,950 [pool-779-thread-1] INFO  util.JmxRegister (JmxRegister.java:tryRegister(44)) - Successfully registered JMX Bean with object name Ratis:service=RaftServer,group=group-24CD471FFB8A,id=5ca82d80-1088-40df-b8b2-c16ff7ffaa84
2023-02-28 20:09:26,950 [pool-779-thread-1] INFO  server.RaftServerConfigKeys (ConfUtils.java:logGet(46)) - raft.server.snapshot.auto.trigger.enabled = true (custom)
2023-02-28 20:09:26,950 [pool-779-thread-1] INFO  server.RaftServerConfigKeys (ConfUtils.java:logGet(46)) - raft.server.snapshot.auto.trigger.threshold = 10000 (custom)
2023-02-28 20:09:26,950 [pool-779-thread-1] INFO  server.RaftServerConfigKeys (ConfUtils.java:logGet(46)) - raft.server.snapshot.retention.file.num = 5 (custom)
2023-02-28 20:09:26,950 [pool-779-thread-1] INFO  server.RaftServerConfigKeys (ConfUtils.java:logGet(46)) - raft.server.log.purge.upto.snapshot.index = false (default)
2023-02-28 20:09:26,950 [5ca82d80-1088-40df-b8b2-c16ff7ffaa84@group-24CD471FFB8A-FollowerState] INFO  server.RaftServerConfigKeys (ConfUtils.java:logFallback(53)) - raft.server.rpc.first-election.timeout.min = 5s (fallback to raft.server.rpc.timeout.min)
2023-02-28 20:09:26,955 [5ca82d80-1088-40df-b8b2-c16ff7ffaa84@group-24CD471FFB8A-FollowerState] INFO  server.RaftServerConfigKeys (ConfUtils.java:logFallback(53)) - raft.server.rpc.first-election.timeout.max = 5200ms (fallback to raft.server.rpc.timeout.max)
2023-02-28 20:09:26,973 [grpc-default-executor-1] INFO  server.RaftServer (RaftServerProxy.java:addNew(96)) - 9fb7a251-87f9-4a5e-bbf3-14e1e3694fcd: addNew group-24CD471FFB8A:[5ca82d80-1088-40df-b8b2-c16ff7ffaa84|rpc:10.1.1.15:35731|dataStream:10.1.1.15:35983|priority:0|startupRole:FOLLOWER, 9fb7a251-87f9-4a5e-bbf3-14e1e3694fcd|rpc:10.1.1.15:38965|dataStream:10.1.1.15:40139|priority:1|startupRole:FOLLOWER, 937551b9-64e7-48ec-8838-f5047df98f27|rpc:10.1.1.15:39817|dataStream:10.1.1.15:35681|priority:0|startupRole:FOLLOWER] returns group-24CD471FFB8A:java.util.concurrent.CompletableFuture@45ca075a[Not completed]
2023-02-28 20:09:26,974 [pool-801-thread-1] INFO  server.RaftServer$Division (RaftServerImpl.java:<init>(195)) - 9fb7a251-87f9-4a5e-bbf3-14e1e3694fcd: new RaftServerImpl for group-24CD471FFB8A:[5ca82d80-1088-40df-b8b2-c16ff7ffaa84|rpc:10.1.1.15:35731|dataStream:10.1.1.15:35983|priority:0|startupRole:FOLLOWER, 9fb7a251-87f9-4a5e-bbf3-14e1e3694fcd|rpc:10.1.1.15:38965|dataStream:10.1.1.15:40139|priority:1|startupRole:FOLLOWER, 937551b9-64e7-48ec-8838-f5047df98f27|rpc:10.1.1.15:39817|dataStream:10.1.1.15:35681|priority:0|startupRole:FOLLOWER] with ContainerStateMachine:uninitialized
2023-02-28 20:09:26,974 [pool-801-thread-1] INFO  server.RaftServerConfigKeys (ConfUtils.java:logGet(46)) - raft.server.rpc.timeout.min = 5s (custom)
2023-02-28 20:09:26,974 [pool-801-thread-1] INFO  server.RaftServerConfigKeys (ConfUtils.java:logGet(46)) - raft.server.rpc.timeout.max = 5200ms (custom)
2023-02-28 20:09:26,974 [pool-801-thread-1] INFO  server.RaftServerConfigKeys (ConfUtils.java:logGet(46)) - raft.server.rpc.sleep.time = 25ms (default)
2023-02-28 20:09:26,974 [pool-801-thread-1] INFO  server.RaftServerConfigKeys (ConfUtils.java:logGet(46)) - raft.server.rpc.slowness.timeout = 300s (custom)
2023-02-28 20:09:26,974 [pool-801-thread-1] INFO  server.RaftServerConfigKeys (ConfUtils.java:logGet(46)) - raft.server.leaderelection.leader.step-down.wait-time = 10s (default)
2023-02-28 20:09:26,974 [pool-801-thread-1] INFO  server.RaftServerConfigKeys (ConfUtils.java:logGet(46)) - raft.server.sleep.deviation.threshold = 300ms (default)
2023-02-28 20:09:26,974 [pool-801-thread-1] INFO  server.RaftServer$Division (ServerState.java:<init>(118)) - 9fb7a251-87f9-4a5e-bbf3-14e1e3694fcd@group-24CD471FFB8A: ConfigurationManager, init=-1: peers:[5ca82d80-1088-40df-b8b2-c16ff7ffaa84|rpc:10.1.1.15:35731|dataStream:10.1.1.15:35983|priority:0|startupRole:FOLLOWER, 9fb7a251-87f9-4a5e-bbf3-14e1e3694fcd|rpc:10.1.1.15:38965|dataStream:10.1.1.15:40139|priority:1|startupRole:FOLLOWER, 937551b9-64e7-48ec-8838-f5047df98f27|rpc:10.1.1.15:39817|dataStream:10.1.1.15:35681|priority:0|startupRole:FOLLOWER]|listeners:[], old=null, confs=<EMPTY_MAP>
2023-02-28 20:09:26,975 [pool-801-thread-1] INFO  server.RaftServerConfigKeys (ConfUtils.java:logGet(46)) - raft.server.storage.dir = [/home/runner/work/ozone/ozone/hadoop-ozone/integration-test/target/test-dir/MiniOzoneClusterImpl-58db5c20-d6df-4fe1-a747-1f1a0fc9447e/datanode-2/data/ratis] (custom)
2023-02-28 20:09:26,975 [pool-801-thread-1] INFO  server.RaftServerConfigKeys (ConfUtils.java:logGet(46)) - raft.server.log.corruption.policy = EXCEPTION (default)
2023-02-28 20:09:26,975 [pool-801-thread-1] INFO  server.RaftServerConfigKeys (ConfUtils.java:logGet(46)) - raft.server.storage.free-space.min = 0MB (=0) (default)
2023-02-28 20:09:26,975 [pool-801-thread-1] INFO  server.RaftServerConfigKeys (ConfUtils.java:logGet(46)) - raft.server.notification.no-leader.timeout = 300s (custom)
2023-02-28 20:09:26,975 [pool-801-thread-1] INFO  server.RaftServerConfigKeys (ConfUtils.java:logGet(46)) - raft.server.retrycache.expirytime = 600000ms (custom)
2023-02-28 20:09:26,975 [pool-801-thread-1] INFO  server.RaftServerConfigKeys (ConfUtils.java:logGet(46)) - raft.server.retrycache.statistics.expirytime = 100μs (default)
2023-02-28 20:09:26,976 [pool-801-thread-1] INFO  server.RaftServerConfigKeys (ConfUtils.java:logGet(46)) - raft.server.log.appender.install.snapshot.enabled = false (custom)
2023-02-28 20:09:26,976 [pool-801-thread-1] INFO  server.RaftServerConfigKeys (ConfUtils.java:logGet(46)) - raft.server.threadpool.server.cached = true (default)
2023-02-28 20:09:26,976 [pool-801-thread-1] INFO  server.RaftServerConfigKeys (ConfUtils.java:logGet(46)) - raft.server.threadpool.server.size = 0 (default)
2023-02-28 20:09:26,976 [pool-801-thread-1] INFO  server.RaftServerConfigKeys (ConfUtils.java:logGet(46)) - raft.server.threadpool.client.cached = true (default)
2023-02-28 20:09:26,976 [pool-801-thread-1] INFO  server.RaftServerConfigKeys (ConfUtils.java:logGet(46)) - raft.server.threadpool.client.size = 0 (default)
2023-02-28 20:09:26,976 [pool-801-thread-1] INFO  storage.RaftStorageDirectory (RaftStorageDirectoryImpl.java:analyzeStorage(137)) - The storage directory /home/runner/work/ozone/ozone/hadoop-ozone/integration-test/target/test-dir/MiniOzoneClusterImpl-58db5c20-d6df-4fe1-a747-1f1a0fc9447e/datanode-2/data/ratis/d6155cd7-9825-4f89-9110-24cd471ffb8a does not exist. Creating ...
2023-02-28 20:09:26,977 [pool-801-thread-1] INFO  storage.RaftStorageDirectory (RaftStorageDirectoryImpl.java:tryLock(231)) - Lock on /home/runner/work/ozone/ozone/hadoop-ozone/integration-test/target/test-dir/MiniOzoneClusterImpl-58db5c20-d6df-4fe1-a747-1f1a0fc9447e/datanode-2/data/ratis/d6155cd7-9825-4f89-9110-24cd471ffb8a/in_use.lock acquired by nodename 61155@fv-az399-334
2023-02-28 20:09:26,978 [pool-801-thread-1] INFO  storage.RaftStorage (RaftStorageImpl.java:format(96)) - Storage directory /home/runner/work/ozone/ozone/hadoop-ozone/integration-test/target/test-dir/MiniOzoneClusterImpl-58db5c20-d6df-4fe1-a747-1f1a0fc9447e/datanode-2/data/ratis/d6155cd7-9825-4f89-9110-24cd471ffb8a has been successfully formatted.
2023-02-28 20:09:26,978 [pool-801-thread-1] INFO  ratis.ContainerStateMachine (ContainerStateMachine.java:loadSnapshot(240)) - group-24CD471FFB8A: The snapshot info is null. Setting the last applied indexto:(t:0, i:~)
2023-02-28 20:09:26,978 [pool-801-thread-1] INFO  server.RaftServerConfigKeys (ConfUtils.java:logGet(46)) - raft.server.log.use.memory = false (default)
2023-02-28 20:09:26,978 [pool-801-thread-1] INFO  server.RaftServerConfigKeys (ConfUtils.java:logGet(46)) - raft.server.log.purge.gap = 1000000 (custom)
2023-02-28 20:09:26,978 [pool-801-thread-1] INFO  server.RaftServerConfigKeys (ConfUtils.java:logGet(46)) - raft.server.log.appender.buffer.byte-limit = 33554432 (custom)
2023-02-28 20:09:26,978 [pool-801-thread-1] INFO  server.RaftServerConfigKeys (ConfUtils.java:logGet(46)) - raft.server.log.statemachine.data.read.timeout = 1000ms (default)
2023-02-28 20:09:26,978 [pool-801-thread-1] INFO  server.RaftServerConfigKeys (ConfUtils.java:logGet(46)) - raft.server.log.purge.preservation.log.num = 0 (default)
2023-02-28 20:09:26,978 [pool-801-thread-1] INFO  server.RaftServerConfigKeys (ConfUtils.java:logGet(46)) - raft.server.log.segment.size.max = 1048576 (custom)
2023-02-28 20:09:26,979 [pool-801-thread-1] INFO  server.RaftServerConfigKeys (ConfUtils.java:logGet(46)) - raft.server.log.segment.cache.num.max = 2 (custom)
2023-02-28 20:09:26,979 [pool-801-thread-1] INFO  server.RaftServerConfigKeys (ConfUtils.java:logGet(46)) - raft.server.log.segment.cache.size.max = 200MB (=209715200) (default)
2023-02-28 20:09:26,979 [pool-801-thread-1] INFO  segmented.SegmentedRaftLogWorker (SegmentedRaftLogWorker.java:<init>(189)) - new 9fb7a251-87f9-4a5e-bbf3-14e1e3694fcd@group-24CD471FFB8A-SegmentedRaftLogWorker for RaftStorageImpl:Storage Directory /home/runner/work/ozone/ozone/hadoop-ozone/integration-test/target/test-dir/MiniOzoneClusterImpl-58db5c20-d6df-4fe1-a747-1f1a0fc9447e/datanode-2/data/ratis/d6155cd7-9825-4f89-9110-24cd471ffb8a
2023-02-28 20:09:26,979 [pool-801-thread-1] INFO  server.RaftServerConfigKeys (ConfUtils.java:logGet(46)) - raft.server.log.queue.byte-limit = 4294967296 (custom)
2023-02-28 20:09:26,979 [pool-801-thread-1] INFO  server.RaftServerConfigKeys (ConfUtils.java:logGet(46)) - raft.server.log.queue.element-limit = 1024 (custom)
2023-02-28 20:09:26,979 [pool-801-thread-1] INFO  server.RaftServerConfigKeys (ConfUtils.java:logGet(46)) - raft.server.log.segment.size.max = 1048576 (custom)
2023-02-28 20:09:26,979 [pool-801-thread-1] INFO  server.RaftServerConfigKeys (ConfUtils.java:logGet(46)) - raft.server.log.preallocated.size = 16384 (custom)
2023-02-28 20:09:26,979 [pool-801-thread-1] INFO  server.RaftServerConfigKeys (ConfUtils.java:logGet(46)) - raft.server.log.force.sync.num = 128 (default)
2023-02-28 20:09:26,979 [pool-801-thread-1] INFO  server.RaftServerConfigKeys (ConfUtils.java:logGet(46)) - raft.server.log.statemachine.data.sync = true (default)
2023-02-28 20:09:26,979 [pool-801-thread-1] INFO  server.RaftServerConfigKeys (ConfUtils.java:logGet(46)) - raft.server.log.statemachine.data.sync.timeout = 10s (default)
2023-02-28 20:09:26,979 [pool-801-thread-1] INFO  server.RaftServerConfigKeys (ConfUtils.java:logGet(46)) - raft.server.log.statemachine.data.sync.timeout.retry = -1 (default)
2023-02-28 20:09:26,980 [pool-801-thread-1] INFO  server.RaftServerConfigKeys (ConfUtils.java:logGet(46)) - raft.server.log.write.buffer.size = 1048576 (custom)
2023-02-28 20:09:26,981 [pool-801-thread-1] INFO  server.RaftServerConfigKeys (ConfUtils.java:logGet(46)) - raft.server.log.appender.buffer.byte-limit = 33554432 (custom)
2023-02-28 20:09:26,987 [pool-801-thread-1] INFO  server.RaftServerConfigKeys (ConfUtils.java:logGet(46)) - raft.server.log.unsafe-flush.enabled = false (default)
2023-02-28 20:09:26,987 [pool-801-thread-1] INFO  server.RaftServerConfigKeys (ConfUtils.java:logGet(46)) - raft.server.log.async-flush.enabled = false (default)
2023-02-28 20:09:26,987 [pool-801-thread-1] INFO  server.RaftServerConfigKeys (ConfUtils.java:logGet(46)) - raft.server.log.statemachine.data.caching.enabled = true (custom)
2023-02-28 20:09:26,987 [pool-801-thread-1] INFO  segmented.SegmentedRaftLogWorker (SegmentedRaftLogWorker.java:lambda$new$0(135)) - 9fb7a251-87f9-4a5e-bbf3-14e1e3694fcd@group-24CD471FFB8A-SegmentedRaftLogWorker: flushIndex: setUnconditionally 0 -> -1
2023-02-28 20:09:26,987 [pool-801-thread-1] INFO  segmented.SegmentedRaftLogWorker (SegmentedRaftLogWorker.java:lambda$new$0(135)) - 9fb7a251-87f9-4a5e-bbf3-14e1e3694fcd@group-24CD471FFB8A-SegmentedRaftLogWorker: safeCacheEvictIndex: setUnconditionally 0 -> -1
2023-02-28 20:09:26,990 [pool-801-thread-1] INFO  server.RaftServer$Division (RaftServerImpl.java:start(334)) - 9fb7a251-87f9-4a5e-bbf3-14e1e3694fcd@group-24CD471FFB8A: start as a follower, conf=-1: peers:[5ca82d80-1088-40df-b8b2-c16ff7ffaa84|rpc:10.1.1.15:35731|dataStream:10.1.1.15:35983|priority:0|startupRole:FOLLOWER, 9fb7a251-87f9-4a5e-bbf3-14e1e3694fcd|rpc:10.1.1.15:38965|dataStream:10.1.1.15:40139|priority:1|startupRole:FOLLOWER, 937551b9-64e7-48ec-8838-f5047df98f27|rpc:10.1.1.15:39817|dataStream:10.1.1.15:35681|priority:0|startupRole:FOLLOWER]|listeners:[], old=null
2023-02-28 20:09:26,990 [pool-801-thread-1] INFO  server.RaftServer$Division (RaftServerImpl.java:setRole(321)) - 9fb7a251-87f9-4a5e-bbf3-14e1e3694fcd@group-24CD471FFB8A: changes role from      null to FOLLOWER at term 0 for startAsFollower
2023-02-28 20:09:26,990 [pool-801-thread-1] INFO  impl.RoleInfo (RoleInfo.java:updateAndGet(139)) - 9fb7a251-87f9-4a5e-bbf3-14e1e3694fcd: start 9fb7a251-87f9-4a5e-bbf3-14e1e3694fcd@group-24CD471FFB8A-FollowerState
2023-02-28 20:09:26,991 [pool-801-thread-1] INFO  util.JmxRegister (JmxRegister.java:tryRegister(44)) - Successfully registered JMX Bean with object name Ratis:service=RaftServer,group=group-24CD471FFB8A,id=9fb7a251-87f9-4a5e-bbf3-14e1e3694fcd
2023-02-28 20:09:26,991 [pool-801-thread-1] INFO  server.RaftServerConfigKeys (ConfUtils.java:logGet(46)) - raft.server.snapshot.auto.trigger.enabled = true (custom)
2023-02-28 20:09:26,991 [pool-801-thread-1] INFO  server.RaftServerConfigKeys (ConfUtils.java:logGet(46)) - raft.server.snapshot.auto.trigger.threshold = 10000 (custom)
2023-02-28 20:09:26,991 [pool-801-thread-1] INFO  server.RaftServerConfigKeys (ConfUtils.java:logGet(46)) - raft.server.snapshot.retention.file.num = 5 (custom)
2023-02-28 20:09:26,991 [pool-801-thread-1] INFO  server.RaftServerConfigKeys (ConfUtils.java:logGet(46)) - raft.server.log.purge.upto.snapshot.index = false (default)
2023-02-28 20:09:26,991 [9fb7a251-87f9-4a5e-bbf3-14e1e3694fcd@group-24CD471FFB8A-FollowerState] INFO  server.RaftServerConfigKeys (ConfUtils.java:logFallback(53)) - raft.server.rpc.first-election.timeout.min = 5s (fallback to raft.server.rpc.timeout.min)
2023-02-28 20:09:26,992 [9fb7a251-87f9-4a5e-bbf3-14e1e3694fcd@group-24CD471FFB8A-FollowerState] INFO  server.RaftServerConfigKeys (ConfUtils.java:logFallback(53)) - raft.server.rpc.first-election.timeout.max = 5200ms (fallback to raft.server.rpc.timeout.max)
2023-02-28 20:09:26,998 [Command processor thread] INFO  commandhandler.CreatePipelineCommandHandler (CreatePipelineCommandHandler.java:handle(113)) - Created Pipeline RATIS THREE PipelineID=d6155cd7-9825-4f89-9110-24cd471ffb8a.
2023-02-28 20:09:27,083 [Command processor thread] INFO  server.RaftServer (RaftServerProxy.java:addNew(96)) - 5ca82d80-1088-40df-b8b2-c16ff7ffaa84: addNew group-01B27E31000A:[5ca82d80-1088-40df-b8b2-c16ff7ffaa84|rpc:10.1.1.15:35731|dataStream:10.1.1.15:35983|priority:1|startupRole:FOLLOWER] returns group-01B27E31000A:java.util.concurrent.CompletableFuture@4284c36a[Not completed]
2023-02-28 20:09:27,084 [pool-779-thread-1] INFO  server.RaftServer$Division (RaftServerImpl.java:<init>(195)) - 5ca82d80-1088-40df-b8b2-c16ff7ffaa84: new RaftServerImpl for group-01B27E31000A:[5ca82d80-1088-40df-b8b2-c16ff7ffaa84|rpc:10.1.1.15:35731|dataStream:10.1.1.15:35983|priority:1|startupRole:FOLLOWER] with ContainerStateMachine:uninitialized
2023-02-28 20:09:27,084 [pool-779-thread-1] INFO  server.RaftServerConfigKeys (ConfUtils.java:logGet(46)) - raft.server.rpc.timeout.min = 5s (custom)
2023-02-28 20:09:27,084 [pool-779-thread-1] INFO  server.RaftServerConfigKeys (ConfUtils.java:logGet(46)) - raft.server.rpc.timeout.max = 5200ms (custom)
2023-02-28 20:09:27,084 [pool-779-thread-1] INFO  server.RaftServerConfigKeys (ConfUtils.java:logGet(46)) - raft.server.rpc.sleep.time = 25ms (default)
2023-02-28 20:09:27,084 [pool-779-thread-1] INFO  server.RaftServerConfigKeys (ConfUtils.java:logGet(46)) - raft.server.rpc.slowness.timeout = 300s (custom)
2023-02-28 20:09:27,084 [pool-779-thread-1] INFO  server.RaftServerConfigKeys (ConfUtils.java:logGet(46)) - raft.server.leaderelection.leader.step-down.wait-time = 10s (default)
2023-02-28 20:09:27,084 [pool-779-thread-1] INFO  server.RaftServerConfigKeys (ConfUtils.java:logGet(46)) - raft.server.sleep.deviation.threshold = 300ms (default)
2023-02-28 20:09:27,084 [pool-779-thread-1] INFO  server.RaftServer$Division (ServerState.java:<init>(118)) - 5ca82d80-1088-40df-b8b2-c16ff7ffaa84@group-01B27E31000A: ConfigurationManager, init=-1: peers:[5ca82d80-1088-40df-b8b2-c16ff7ffaa84|rpc:10.1.1.15:35731|dataStream:10.1.1.15:35983|priority:1|startupRole:FOLLOWER]|listeners:[], old=null, confs=<EMPTY_MAP>
2023-02-28 20:09:27,084 [pool-779-thread-1] INFO  server.RaftServerConfigKeys (ConfUtils.java:logGet(46)) - raft.server.storage.dir = [/home/runner/work/ozone/ozone/hadoop-ozone/integration-test/target/test-dir/MiniOzoneClusterImpl-58db5c20-d6df-4fe1-a747-1f1a0fc9447e/datanode-1/data/ratis] (custom)
2023-02-28 20:09:27,084 [pool-779-thread-1] INFO  server.RaftServerConfigKeys (ConfUtils.java:logGet(46)) - raft.server.log.corruption.policy = EXCEPTION (default)
2023-02-28 20:09:27,085 [pool-779-thread-1] INFO  server.RaftServerConfigKeys (ConfUtils.java:logGet(46)) - raft.server.storage.free-space.min = 0MB (=0) (default)
2023-02-28 20:09:27,085 [pool-779-thread-1] INFO  server.RaftServerConfigKeys (ConfUtils.java:logGet(46)) - raft.server.notification.no-leader.timeout = 300s (custom)
2023-02-28 20:09:27,085 [pool-779-thread-1] INFO  server.RaftServerConfigKeys (ConfUtils.java:logGet(46)) - raft.server.retrycache.expirytime = 600000ms (custom)
2023-02-28 20:09:27,085 [pool-779-thread-1] INFO  server.RaftServerConfigKeys (ConfUtils.java:logGet(46)) - raft.server.retrycache.statistics.expirytime = 100μs (default)
2023-02-28 20:09:27,086 [pool-779-thread-1] INFO  server.RaftServerConfigKeys (ConfUtils.java:logGet(46)) - raft.server.log.appender.install.snapshot.enabled = false (custom)
2023-02-28 20:09:27,086 [pool-779-thread-1] INFO  server.RaftServerConfigKeys (ConfUtils.java:logGet(46)) - raft.server.threadpool.server.cached = true (default)
2023-02-28 20:09:27,086 [pool-779-thread-1] INFO  server.RaftServerConfigKeys (ConfUtils.java:logGet(46)) - raft.server.threadpool.server.size = 0 (default)
2023-02-28 20:09:27,086 [pool-779-thread-1] INFO  server.RaftServerConfigKeys (ConfUtils.java:logGet(46)) - raft.server.threadpool.client.cached = true (default)
2023-02-28 20:09:27,086 [pool-779-thread-1] INFO  server.RaftServerConfigKeys (ConfUtils.java:logGet(46)) - raft.server.threadpool.client.size = 0 (default)
2023-02-28 20:09:27,086 [pool-779-thread-1] INFO  storage.RaftStorageDirectory (RaftStorageDirectoryImpl.java:analyzeStorage(137)) - The storage directory /home/runner/work/ozone/ozone/hadoop-ozone/integration-test/target/test-dir/MiniOzoneClusterImpl-58db5c20-d6df-4fe1-a747-1f1a0fc9447e/datanode-1/data/ratis/5c90f5cf-4b7f-4d87-a97c-01b27e31000a does not exist. Creating ...
2023-02-28 20:09:27,087 [pool-779-thread-1] INFO  storage.RaftStorageDirectory (RaftStorageDirectoryImpl.java:tryLock(231)) - Lock on /home/runner/work/ozone/ozone/hadoop-ozone/integration-test/target/test-dir/MiniOzoneClusterImpl-58db5c20-d6df-4fe1-a747-1f1a0fc9447e/datanode-1/data/ratis/5c90f5cf-4b7f-4d87-a97c-01b27e31000a/in_use.lock acquired by nodename 61155@fv-az399-334
2023-02-28 20:09:27,088 [pool-779-thread-1] INFO  storage.RaftStorage (RaftStorageImpl.java:format(96)) - Storage directory /home/runner/work/ozone/ozone/hadoop-ozone/integration-test/target/test-dir/MiniOzoneClusterImpl-58db5c20-d6df-4fe1-a747-1f1a0fc9447e/datanode-1/data/ratis/5c90f5cf-4b7f-4d87-a97c-01b27e31000a has been successfully formatted.
2023-02-28 20:09:27,089 [pool-779-thread-1] INFO  ratis.ContainerStateMachine (ContainerStateMachine.java:loadSnapshot(240)) - group-01B27E31000A: The snapshot info is null. Setting the last applied indexto:(t:0, i:~)
2023-02-28 20:09:27,089 [pool-779-thread-1] INFO  server.RaftServerConfigKeys (ConfUtils.java:logGet(46)) - raft.server.log.use.memory = false (default)
2023-02-28 20:09:27,090 [pool-779-thread-1] INFO  server.RaftServerConfigKeys (ConfUtils.java:logGet(46)) - raft.server.log.purge.gap = 1000000 (custom)
2023-02-28 20:09:27,090 [pool-779-thread-1] INFO  server.RaftServerConfigKeys (ConfUtils.java:logGet(46)) - raft.server.log.appender.buffer.byte-limit = 33554432 (custom)
2023-02-28 20:09:27,090 [pool-779-thread-1] INFO  server.RaftServerConfigKeys (ConfUtils.java:logGet(46)) - raft.server.log.statemachine.data.read.timeout = 1000ms (default)
2023-02-28 20:09:27,090 [EventQueue-PipelineReportForPipelineReportHandler] INFO  pipeline.PipelineManagerImpl (PipelineManagerImpl.java:openPipeline(367)) - Pipeline Pipeline[ Id: 5c90f5cf-4b7f-4d87-a97c-01b27e31000a, Nodes: 5ca82d80-1088-40df-b8b2-c16ff7ffaa84(fv-az399-334/10.1.1.15), ReplicationConfig: RATIS/ONE, State:ALLOCATED, leaderId:5ca82d80-1088-40df-b8b2-c16ff7ffaa84, CreationTimestamp2023-02-28T20:09:24.086Z[Etc/UTC]] moved to OPEN state
2023-02-28 20:09:27,090 [EventQueue-OpenPipelineForHealthyPipelineSafeModeRule] INFO  safemode.SCMSafeModeManager (HealthyPipelineSafeModeRule.java:process(137)) - SCM in safe mode. Healthy pipelines reported count is 0, required healthy pipeline reported count is 1
2023-02-28 20:09:27,091 [pool-779-thread-1] INFO  server.RaftServerConfigKeys (ConfUtils.java:logGet(46)) - raft.server.log.purge.preservation.log.num = 0 (default)
2023-02-28 20:09:27,091 [pool-779-thread-1] INFO  server.RaftServerConfigKeys (ConfUtils.java:logGet(46)) - raft.server.log.segment.size.max = 1048576 (custom)
2023-02-28 20:09:27,091 [pool-779-thread-1] INFO  server.RaftServerConfigKeys (ConfUtils.java:logGet(46)) - raft.server.log.segment.cache.num.max = 2 (custom)
2023-02-28 20:09:27,091 [pool-779-thread-1] INFO  server.RaftServerConfigKeys (ConfUtils.java:logGet(46)) - raft.server.log.segment.cache.size.max = 200MB (=209715200) (default)
2023-02-28 20:09:27,091 [pool-779-thread-1] INFO  segmented.SegmentedRaftLogWorker (SegmentedRaftLogWorker.java:<init>(189)) - new 5ca82d80-1088-40df-b8b2-c16ff7ffaa84@group-01B27E31000A-SegmentedRaftLogWorker for RaftStorageImpl:Storage Directory /home/runner/work/ozone/ozone/hadoop-ozone/integration-test/target/test-dir/MiniOzoneClusterImpl-58db5c20-d6df-4fe1-a747-1f1a0fc9447e/datanode-1/data/ratis/5c90f5cf-4b7f-4d87-a97c-01b27e31000a
2023-02-28 20:09:27,093 [pool-779-thread-1] INFO  server.RaftServerConfigKeys (ConfUtils.java:logGet(46)) - raft.server.log.queue.byte-limit = 4294967296 (custom)
2023-02-28 20:09:27,093 [pool-779-thread-1] INFO  server.RaftServerConfigKeys (ConfUtils.java:logGet(46)) - raft.server.log.queue.element-limit = 1024 (custom)
2023-02-28 20:09:27,093 [pool-779-thread-1] INFO  server.RaftServerConfigKeys (ConfUtils.java:logGet(46)) - raft.server.log.segment.size.max = 1048576 (custom)
2023-02-28 20:09:27,093 [pool-779-thread-1] INFO  server.RaftServerConfigKeys (ConfUtils.java:logGet(46)) - raft.server.log.preallocated.size = 16384 (custom)
2023-02-28 20:09:27,093 [pool-779-thread-1] INFO  server.RaftServerConfigKeys (ConfUtils.java:logGet(46)) - raft.server.log.force.sync.num = 128 (default)
2023-02-28 20:09:27,093 [pool-779-thread-1] INFO  server.RaftServerConfigKeys (ConfUtils.java:logGet(46)) - raft.server.log.statemachine.data.sync = true (default)
2023-02-28 20:09:27,093 [pool-779-thread-1] INFO  server.RaftServerConfigKeys (ConfUtils.java:logGet(46)) - raft.server.log.statemachine.data.sync.timeout = 10s (default)
2023-02-28 20:09:27,093 [pool-779-thread-1] INFO  server.RaftServerConfigKeys (ConfUtils.java:logGet(46)) - raft.server.log.statemachine.data.sync.timeout.retry = -1 (default)
2023-02-28 20:09:27,094 [pool-779-thread-1] INFO  server.RaftServerConfigKeys (ConfUtils.java:logGet(46)) - raft.server.log.write.buffer.size = 1048576 (custom)
2023-02-28 20:09:27,094 [pool-779-thread-1] INFO  server.RaftServerConfigKeys (ConfUtils.java:logGet(46)) - raft.server.log.appender.buffer.byte-limit = 33554432 (custom)
2023-02-28 20:09:27,099 [pool-779-thread-1] INFO  server.RaftServerConfigKeys (ConfUtils.java:logGet(46)) - raft.server.log.unsafe-flush.enabled = false (default)
2023-02-28 20:09:27,099 [pool-779-thread-1] INFO  server.RaftServerConfigKeys (ConfUtils.java:logGet(46)) - raft.server.log.async-flush.enabled = false (default)
2023-02-28 20:09:27,099 [pool-779-thread-1] INFO  server.RaftServerConfigKeys (ConfUtils.java:logGet(46)) - raft.server.log.statemachine.data.caching.enabled = true (custom)
2023-02-28 20:09:27,099 [pool-779-thread-1] INFO  segmented.SegmentedRaftLogWorker (SegmentedRaftLogWorker.java:lambda$new$0(135)) - 5ca82d80-1088-40df-b8b2-c16ff7ffaa84@group-01B27E31000A-SegmentedRaftLogWorker: flushIndex: setUnconditionally 0 -> -1
2023-02-28 20:09:27,099 [pool-779-thread-1] INFO  segmented.SegmentedRaftLogWorker (SegmentedRaftLogWorker.java:lambda$new$0(135)) - 5ca82d80-1088-40df-b8b2-c16ff7ffaa84@group-01B27E31000A-SegmentedRaftLogWorker: safeCacheEvictIndex: setUnconditionally 0 -> -1
2023-02-28 20:09:27,102 [pool-779-thread-1] INFO  server.RaftServer$Division (RaftServerImpl.java:start(334)) - 5ca82d80-1088-40df-b8b2-c16ff7ffaa84@group-01B27E31000A: start as a follower, conf=-1: peers:[5ca82d80-1088-40df-b8b2-c16ff7ffaa84|rpc:10.1.1.15:35731|dataStream:10.1.1.15:35983|priority:1|startupRole:FOLLOWER]|listeners:[], old=null
2023-02-28 20:09:27,102 [pool-779-thread-1] INFO  server.RaftServer$Division (RaftServerImpl.java:setRole(321)) - 5ca82d80-1088-40df-b8b2-c16ff7ffaa84@group-01B27E31000A: changes role from      null to FOLLOWER at term 0 for startAsFollower
2023-02-28 20:09:27,102 [pool-779-thread-1] INFO  impl.RoleInfo (RoleInfo.java:updateAndGet(139)) - 5ca82d80-1088-40df-b8b2-c16ff7ffaa84: start 5ca82d80-1088-40df-b8b2-c16ff7ffaa84@group-01B27E31000A-FollowerState
2023-02-28 20:09:27,105 [5ca82d80-1088-40df-b8b2-c16ff7ffaa84@group-01B27E31000A-FollowerState] INFO  server.RaftServerConfigKeys (ConfUtils.java:logFallback(53)) - raft.server.rpc.first-election.timeout.min = 5s (fallback to raft.server.rpc.timeout.min)
2023-02-28 20:09:27,105 [pool-779-thread-1] INFO  util.JmxRegister (JmxRegister.java:tryRegister(44)) - Successfully registered JMX Bean with object name Ratis:service=RaftServer,group=group-01B27E31000A,id=5ca82d80-1088-40df-b8b2-c16ff7ffaa84
2023-02-28 20:09:27,105 [5ca82d80-1088-40df-b8b2-c16ff7ffaa84@group-01B27E31000A-FollowerState] INFO  server.RaftServerConfigKeys (ConfUtils.java:logFallback(53)) - raft.server.rpc.first-election.timeout.max = 5200ms (fallback to raft.server.rpc.timeout.max)
2023-02-28 20:09:27,105 [pool-779-thread-1] INFO  server.RaftServerConfigKeys (ConfUtils.java:logGet(46)) - raft.server.snapshot.auto.trigger.enabled = true (custom)
2023-02-28 20:09:27,105 [pool-779-thread-1] INFO  server.RaftServerConfigKeys (ConfUtils.java:logGet(46)) - raft.server.snapshot.auto.trigger.threshold = 10000 (custom)
2023-02-28 20:09:27,105 [pool-779-thread-1] INFO  server.RaftServerConfigKeys (ConfUtils.java:logGet(46)) - raft.server.snapshot.retention.file.num = 5 (custom)
2023-02-28 20:09:27,105 [pool-779-thread-1] INFO  server.RaftServerConfigKeys (ConfUtils.java:logGet(46)) - raft.server.log.purge.upto.snapshot.index = false (default)
2023-02-28 20:09:27,106 [Command processor thread] INFO  ratis.XceiverServerRatis (XceiverServerRatis.java:addGroup(807)) - Created group PipelineID=5c90f5cf-4b7f-4d87-a97c-01b27e31000a
2023-02-28 20:09:27,106 [Command processor thread] INFO  commandhandler.CreatePipelineCommandHandler (CreatePipelineCommandHandler.java:handle(113)) - Created Pipeline RATIS ONE PipelineID=5c90f5cf-4b7f-4d87-a97c-01b27e31000a.
2023-02-28 20:09:27,393 [Listener at 127.0.0.1/37989] INFO  ozone.MiniOzoneClusterImpl (MiniOzoneClusterImpl.java:lambda$waitForClusterToBeReady$0(218)) - Nodes are ready. Got 3 of 3 DN Heartbeats.
2023-02-28 20:09:27,393 [Listener at 127.0.0.1/37989] INFO  ozone.MiniOzoneClusterImpl (MiniOzoneClusterImpl.java:lambda$waitForClusterToBeReady$0(221)) - Waiting for cluster to exit safe mode
2023-02-28 20:09:27,393 [Listener at 127.0.0.1/37989] INFO  ozone.MiniOzoneClusterImpl (MiniOzoneClusterImpl.java:lambda$waitForClusterToBeReady$0(223)) - SCM became leader
2023-02-28 20:09:27,399 [Command processor thread] INFO  server.RaftServer (RaftServerProxy.java:addNew(96)) - 9fb7a251-87f9-4a5e-bbf3-14e1e3694fcd: addNew group-6CF1DC92D9FE:[9fb7a251-87f9-4a5e-bbf3-14e1e3694fcd|rpc:10.1.1.15:38965|dataStream:10.1.1.15:40139|priority:1|startupRole:FOLLOWER] returns group-6CF1DC92D9FE:java.util.concurrent.CompletableFuture@499dc6ac[Not completed]
2023-02-28 20:09:27,401 [pool-801-thread-1] INFO  server.RaftServer$Division (RaftServerImpl.java:<init>(195)) - 9fb7a251-87f9-4a5e-bbf3-14e1e3694fcd: new RaftServerImpl for group-6CF1DC92D9FE:[9fb7a251-87f9-4a5e-bbf3-14e1e3694fcd|rpc:10.1.1.15:38965|dataStream:10.1.1.15:40139|priority:1|startupRole:FOLLOWER] with ContainerStateMachine:uninitialized
2023-02-28 20:09:27,402 [pool-801-thread-1] INFO  server.RaftServerConfigKeys (ConfUtils.java:logGet(46)) - raft.server.rpc.timeout.min = 5s (custom)
2023-02-28 20:09:27,402 [pool-801-thread-1] INFO  server.RaftServerConfigKeys (ConfUtils.java:logGet(46)) - raft.server.rpc.timeout.max = 5200ms (custom)
2023-02-28 20:09:27,402 [pool-801-thread-1] INFO  server.RaftServerConfigKeys (ConfUtils.java:logGet(46)) - raft.server.rpc.sleep.time = 25ms (default)
2023-02-28 20:09:27,402 [pool-801-thread-1] INFO  server.RaftServerConfigKeys (ConfUtils.java:logGet(46)) - raft.server.rpc.slowness.timeout = 300s (custom)
2023-02-28 20:09:27,402 [pool-801-thread-1] INFO  server.RaftServerConfigKeys (ConfUtils.java:logGet(46)) - raft.server.leaderelection.leader.step-down.wait-time = 10s (default)
2023-02-28 20:09:27,402 [pool-801-thread-1] INFO  server.RaftServerConfigKeys (ConfUtils.java:logGet(46)) - raft.server.sleep.deviation.threshold = 300ms (default)
2023-02-28 20:09:27,402 [pool-801-thread-1] INFO  server.RaftServer$Division (ServerState.java:<init>(118)) - 9fb7a251-87f9-4a5e-bbf3-14e1e3694fcd@group-6CF1DC92D9FE: ConfigurationManager, init=-1: peers:[9fb7a251-87f9-4a5e-bbf3-14e1e3694fcd|rpc:10.1.1.15:38965|dataStream:10.1.1.15:40139|priority:1|startupRole:FOLLOWER]|listeners:[], old=null, confs=<EMPTY_MAP>
2023-02-28 20:09:27,402 [pool-801-thread-1] INFO  server.RaftServerConfigKeys (ConfUtils.java:logGet(46)) - raft.server.storage.dir = [/home/runner/work/ozone/ozone/hadoop-ozone/integration-test/target/test-dir/MiniOzoneClusterImpl-58db5c20-d6df-4fe1-a747-1f1a0fc9447e/datanode-2/data/ratis] (custom)
2023-02-28 20:09:27,402 [pool-801-thread-1] INFO  server.RaftServerConfigKeys (ConfUtils.java:logGet(46)) - raft.server.log.corruption.policy = EXCEPTION (default)
2023-02-28 20:09:27,402 [pool-801-thread-1] INFO  server.RaftServerConfigKeys (ConfUtils.java:logGet(46)) - raft.server.storage.free-space.min = 0MB (=0) (default)
2023-02-28 20:09:27,402 [pool-801-thread-1] INFO  server.RaftServerConfigKeys (ConfUtils.java:logGet(46)) - raft.server.notification.no-leader.timeout = 300s (custom)
2023-02-28 20:09:27,402 [pool-801-thread-1] INFO  server.RaftServerConfigKeys (ConfUtils.java:logGet(46)) - raft.server.retrycache.expirytime = 600000ms (custom)
2023-02-28 20:09:27,402 [pool-801-thread-1] INFO  server.RaftServerConfigKeys (ConfUtils.java:logGet(46)) - raft.server.retrycache.statistics.expirytime = 100μs (default)
2023-02-28 20:09:27,403 [pool-801-thread-1] INFO  server.RaftServerConfigKeys (ConfUtils.java:logGet(46)) - raft.server.log.appender.install.snapshot.enabled = false (custom)
2023-02-28 20:09:27,403 [pool-801-thread-1] INFO  server.RaftServerConfigKeys (ConfUtils.java:logGet(46)) - raft.server.threadpool.server.cached = true (default)
2023-02-28 20:09:27,403 [pool-801-thread-1] INFO  server.RaftServerConfigKeys (ConfUtils.java:logGet(46)) - raft.server.threadpool.server.size = 0 (default)
2023-02-28 20:09:27,403 [pool-801-thread-1] INFO  server.RaftServerConfigKeys (ConfUtils.java:logGet(46)) - raft.server.threadpool.client.cached = true (default)
2023-02-28 20:09:27,403 [pool-801-thread-1] INFO  server.RaftServerConfigKeys (ConfUtils.java:logGet(46)) - raft.server.threadpool.client.size = 0 (default)
2023-02-28 20:09:27,403 [pool-801-thread-1] INFO  storage.RaftStorageDirectory (RaftStorageDirectoryImpl.java:analyzeStorage(137)) - The storage directory /home/runner/work/ozone/ozone/hadoop-ozone/integration-test/target/test-dir/MiniOzoneClusterImpl-58db5c20-d6df-4fe1-a747-1f1a0fc9447e/datanode-2/data/ratis/120eb1b3-7256-4864-ba04-6cf1dc92d9fe does not exist. Creating ...
2023-02-28 20:09:27,404 [pool-801-thread-1] INFO  storage.RaftStorageDirectory (RaftStorageDirectoryImpl.java:tryLock(231)) - Lock on /home/runner/work/ozone/ozone/hadoop-ozone/integration-test/target/test-dir/MiniOzoneClusterImpl-58db5c20-d6df-4fe1-a747-1f1a0fc9447e/datanode-2/data/ratis/120eb1b3-7256-4864-ba04-6cf1dc92d9fe/in_use.lock acquired by nodename 61155@fv-az399-334
2023-02-28 20:09:27,405 [pool-801-thread-1] INFO  storage.RaftStorage (RaftStorageImpl.java:format(96)) - Storage directory /home/runner/work/ozone/ozone/hadoop-ozone/integration-test/target/test-dir/MiniOzoneClusterImpl-58db5c20-d6df-4fe1-a747-1f1a0fc9447e/datanode-2/data/ratis/120eb1b3-7256-4864-ba04-6cf1dc92d9fe has been successfully formatted.
2023-02-28 20:09:27,406 [pool-801-thread-1] INFO  ratis.ContainerStateMachine (ContainerStateMachine.java:loadSnapshot(240)) - group-6CF1DC92D9FE: The snapshot info is null. Setting the last applied indexto:(t:0, i:~)
2023-02-28 20:09:27,407 [pool-801-thread-1] INFO  server.RaftServerConfigKeys (ConfUtils.java:logGet(46)) - raft.server.log.use.memory = false (default)
2023-02-28 20:09:27,407 [pool-801-thread-1] INFO  server.RaftServerConfigKeys (ConfUtils.java:logGet(46)) - raft.server.log.purge.gap = 1000000 (custom)
2023-02-28 20:09:27,407 [pool-801-thread-1] INFO  server.RaftServerConfigKeys (ConfUtils.java:logGet(46)) - raft.server.log.appender.buffer.byte-limit = 33554432 (custom)
2023-02-28 20:09:27,407 [pool-801-thread-1] INFO  server.RaftServerConfigKeys (ConfUtils.java:logGet(46)) - raft.server.log.statemachine.data.read.timeout = 1000ms (default)
2023-02-28 20:09:27,407 [pool-801-thread-1] INFO  server.RaftServerConfigKeys (ConfUtils.java:logGet(46)) - raft.server.log.purge.preservation.log.num = 0 (default)
2023-02-28 20:09:27,407 [pool-801-thread-1] INFO  server.RaftServerConfigKeys (ConfUtils.java:logGet(46)) - raft.server.log.segment.size.max = 1048576 (custom)
2023-02-28 20:09:27,408 [pool-801-thread-1] INFO  server.RaftServerConfigKeys (ConfUtils.java:logGet(46)) - raft.server.log.segment.cache.num.max = 2 (custom)
2023-02-28 20:09:27,408 [pool-801-thread-1] INFO  server.RaftServerConfigKeys (ConfUtils.java:logGet(46)) - raft.server.log.segment.cache.size.max = 200MB (=209715200) (default)
2023-02-28 20:09:27,408 [pool-801-thread-1] INFO  segmented.SegmentedRaftLogWorker (SegmentedRaftLogWorker.java:<init>(189)) - new 9fb7a251-87f9-4a5e-bbf3-14e1e3694fcd@group-6CF1DC92D9FE-SegmentedRaftLogWorker for RaftStorageImpl:Storage Directory /home/runner/work/ozone/ozone/hadoop-ozone/integration-test/target/test-dir/MiniOzoneClusterImpl-58db5c20-d6df-4fe1-a747-1f1a0fc9447e/datanode-2/data/ratis/120eb1b3-7256-4864-ba04-6cf1dc92d9fe
2023-02-28 20:09:27,408 [pool-801-thread-1] INFO  server.RaftServerConfigKeys (ConfUtils.java:logGet(46)) - raft.server.log.queue.byte-limit = 4294967296 (custom)
2023-02-28 20:09:27,408 [pool-801-thread-1] INFO  server.RaftServerConfigKeys (ConfUtils.java:logGet(46)) - raft.server.log.queue.element-limit = 1024 (custom)
2023-02-28 20:09:27,408 [pool-801-thread-1] INFO  server.RaftServerConfigKeys (ConfUtils.java:logGet(46)) - raft.server.log.segment.size.max = 1048576 (custom)
2023-02-28 20:09:27,408 [pool-801-thread-1] INFO  server.RaftServerConfigKeys (ConfUtils.java:logGet(46)) - raft.server.log.preallocated.size = 16384 (custom)
2023-02-28 20:09:27,408 [pool-801-thread-1] INFO  server.RaftServerConfigKeys (ConfUtils.java:logGet(46)) - raft.server.log.force.sync.num = 128 (default)
2023-02-28 20:09:27,408 [pool-801-thread-1] INFO  server.RaftServerConfigKeys (ConfUtils.java:logGet(46)) - raft.server.log.statemachine.data.sync = true (default)
2023-02-28 20:09:27,408 [pool-801-thread-1] INFO  server.RaftServerConfigKeys (ConfUtils.java:logGet(46)) - raft.server.log.statemachine.data.sync.timeout = 10s (default)
2023-02-28 20:09:27,408 [pool-801-thread-1] INFO  server.RaftServerConfigKeys (ConfUtils.java:logGet(46)) - raft.server.log.statemachine.data.sync.timeout.retry = -1 (default)
2023-02-28 20:09:27,409 [pool-801-thread-1] INFO  server.RaftServerConfigKeys (ConfUtils.java:logGet(46)) - raft.server.log.write.buffer.size = 1048576 (custom)
2023-02-28 20:09:27,409 [EventQueue-PipelineReportForPipelineReportHandler] INFO  pipeline.PipelineManagerImpl (PipelineManagerImpl.java:openPipeline(367)) - Pipeline Pipeline[ Id: 120eb1b3-7256-4864-ba04-6cf1dc92d9fe, Nodes: 9fb7a251-87f9-4a5e-bbf3-14e1e3694fcd(fv-az399-334/10.1.1.15), ReplicationConfig: RATIS/ONE, State:ALLOCATED, leaderId:9fb7a251-87f9-4a5e-bbf3-14e1e3694fcd, CreationTimestamp2023-02-28T20:09:24.402Z[Etc/UTC]] moved to OPEN state
2023-02-28 20:09:27,409 [pool-801-thread-1] INFO  server.RaftServerConfigKeys (ConfUtils.java:logGet(46)) - raft.server.log.appender.buffer.byte-limit = 33554432 (custom)
2023-02-28 20:09:27,409 [EventQueue-OpenPipelineForHealthyPipelineSafeModeRule] INFO  safemode.SCMSafeModeManager (HealthyPipelineSafeModeRule.java:process(137)) - SCM in safe mode. Healthy pipelines reported count is 0, required healthy pipeline reported count is 1
2023-02-28 20:09:27,414 [pool-801-thread-1] INFO  server.RaftServerConfigKeys (ConfUtils.java:logGet(46)) - raft.server.log.unsafe-flush.enabled = false (default)
2023-02-28 20:09:27,414 [pool-801-thread-1] INFO  server.RaftServerConfigKeys (ConfUtils.java:logGet(46)) - raft.server.log.async-flush.enabled = false (default)
2023-02-28 20:09:27,414 [pool-801-thread-1] INFO  server.RaftServerConfigKeys (ConfUtils.java:logGet(46)) - raft.server.log.statemachine.data.caching.enabled = true (custom)
2023-02-28 20:09:27,414 [pool-801-thread-1] INFO  segmented.SegmentedRaftLogWorker (SegmentedRaftLogWorker.java:lambda$new$0(135)) - 9fb7a251-87f9-4a5e-bbf3-14e1e3694fcd@group-6CF1DC92D9FE-SegmentedRaftLogWorker: flushIndex: setUnconditionally 0 -> -1
2023-02-28 20:09:27,414 [pool-801-thread-1] INFO  segmented.SegmentedRaftLogWorker (SegmentedRaftLogWorker.java:lambda$new$0(135)) - 9fb7a251-87f9-4a5e-bbf3-14e1e3694fcd@group-6CF1DC92D9FE-SegmentedRaftLogWorker: safeCacheEvictIndex: setUnconditionally 0 -> -1
2023-02-28 20:09:27,415 [pool-801-thread-1] INFO  server.RaftServer$Division (RaftServerImpl.java:start(334)) - 9fb7a251-87f9-4a5e-bbf3-14e1e3694fcd@group-6CF1DC92D9FE: start as a follower, conf=-1: peers:[9fb7a251-87f9-4a5e-bbf3-14e1e3694fcd|rpc:10.1.1.15:38965|dataStream:10.1.1.15:40139|priority:1|startupRole:FOLLOWER]|listeners:[], old=null
2023-02-28 20:09:27,415 [pool-801-thread-1] INFO  server.RaftServer$Division (RaftServerImpl.java:setRole(321)) - 9fb7a251-87f9-4a5e-bbf3-14e1e3694fcd@group-6CF1DC92D9FE: changes role from      null to FOLLOWER at term 0 for startAsFollower
2023-02-28 20:09:27,415 [pool-801-thread-1] INFO  impl.RoleInfo (RoleInfo.java:updateAndGet(139)) - 9fb7a251-87f9-4a5e-bbf3-14e1e3694fcd: start 9fb7a251-87f9-4a5e-bbf3-14e1e3694fcd@group-6CF1DC92D9FE-FollowerState
2023-02-28 20:09:27,415 [pool-801-thread-1] INFO  util.JmxRegister (JmxRegister.java:tryRegister(44)) - Successfully registered JMX Bean with object name Ratis:service=RaftServer,group=group-6CF1DC92D9FE,id=9fb7a251-87f9-4a5e-bbf3-14e1e3694fcd
2023-02-28 20:09:27,415 [pool-801-thread-1] INFO  server.RaftServerConfigKeys (ConfUtils.java:logGet(46)) - raft.server.snapshot.auto.trigger.enabled = true (custom)
2023-02-28 20:09:27,415 [pool-801-thread-1] INFO  server.RaftServerConfigKeys (ConfUtils.java:logGet(46)) - raft.server.snapshot.auto.trigger.threshold = 10000 (custom)
2023-02-28 20:09:27,415 [pool-801-thread-1] INFO  server.RaftServerConfigKeys (ConfUtils.java:logGet(46)) - raft.server.snapshot.retention.file.num = 5 (custom)
2023-02-28 20:09:27,415 [pool-801-thread-1] INFO  server.RaftServerConfigKeys (ConfUtils.java:logGet(46)) - raft.server.log.purge.upto.snapshot.index = false (default)
2023-02-28 20:09:27,416 [9fb7a251-87f9-4a5e-bbf3-14e1e3694fcd@group-6CF1DC92D9FE-FollowerState] INFO  server.RaftServerConfigKeys (ConfUtils.java:logFallback(53)) - raft.server.rpc.first-election.timeout.min = 5s (fallback to raft.server.rpc.timeout.min)
2023-02-28 20:09:27,416 [9fb7a251-87f9-4a5e-bbf3-14e1e3694fcd@group-6CF1DC92D9FE-FollowerState] INFO  server.RaftServerConfigKeys (ConfUtils.java:logFallback(53)) - raft.server.rpc.first-election.timeout.max = 5200ms (fallback to raft.server.rpc.timeout.max)
2023-02-28 20:09:27,416 [Command processor thread] INFO  ratis.XceiverServerRatis (XceiverServerRatis.java:addGroup(807)) - Created group PipelineID=120eb1b3-7256-4864-ba04-6cf1dc92d9fe
2023-02-28 20:09:27,416 [Command processor thread] INFO  commandhandler.CreatePipelineCommandHandler (CreatePipelineCommandHandler.java:handle(113)) - Created Pipeline RATIS ONE PipelineID=120eb1b3-7256-4864-ba04-6cf1dc92d9fe.
2023-02-28 20:09:27,913 [EndpointStateMachine task thread for /0.0.0.0:42901 - 0 ] INFO  ipc.Client (Client.java:handleConnectionFailure(1010)) - Retrying connect to server: 0.0.0.0/0.0.0.0:42901. Already tried 14 time(s); retry policy is RetryUpToMaximumCountWithFixedSleep(maxRetries=15, sleepTime=1000 MILLISECONDS)
2023-02-28 20:09:28,393 [Listener at 127.0.0.1/37989] INFO  ozone.MiniOzoneClusterImpl (MiniOzoneClusterImpl.java:lambda$waitForClusterToBeReady$0(218)) - Nodes are ready. Got 3 of 3 DN Heartbeats.
2023-02-28 20:09:28,394 [Listener at 127.0.0.1/37989] INFO  ozone.MiniOzoneClusterImpl (MiniOzoneClusterImpl.java:lambda$waitForClusterToBeReady$0(221)) - Waiting for cluster to exit safe mode
2023-02-28 20:09:28,394 [Listener at 127.0.0.1/37989] INFO  ozone.MiniOzoneClusterImpl (MiniOzoneClusterImpl.java:lambda$waitForClusterToBeReady$0(223)) - SCM became leader
2023-02-28 20:09:29,394 [Listener at 127.0.0.1/37989] INFO  ozone.MiniOzoneClusterImpl (MiniOzoneClusterImpl.java:lambda$waitForClusterToBeReady$0(218)) - Nodes are ready. Got 3 of 3 DN Heartbeats.
2023-02-28 20:09:29,394 [Listener at 127.0.0.1/37989] INFO  ozone.MiniOzoneClusterImpl (MiniOzoneClusterImpl.java:lambda$waitForClusterToBeReady$0(221)) - Waiting for cluster to exit safe mode
2023-02-28 20:09:29,394 [Listener at 127.0.0.1/37989] INFO  ozone.MiniOzoneClusterImpl (MiniOzoneClusterImpl.java:lambda$waitForClusterToBeReady$0(223)) - SCM became leader
2023-02-28 20:09:30,395 [Listener at 127.0.0.1/37989] INFO  ozone.MiniOzoneClusterImpl (MiniOzoneClusterImpl.java:lambda$waitForClusterToBeReady$0(218)) - Nodes are ready. Got 3 of 3 DN Heartbeats.
2023-02-28 20:09:30,395 [Listener at 127.0.0.1/37989] INFO  ozone.MiniOzoneClusterImpl (MiniOzoneClusterImpl.java:lambda$waitForClusterToBeReady$0(221)) - Waiting for cluster to exit safe mode
2023-02-28 20:09:30,395 [Listener at 127.0.0.1/37989] INFO  ozone.MiniOzoneClusterImpl (MiniOzoneClusterImpl.java:lambda$waitForClusterToBeReady$0(223)) - SCM became leader
2023-02-28 20:09:31,395 [Listener at 127.0.0.1/37989] INFO  ozone.MiniOzoneClusterImpl (MiniOzoneClusterImpl.java:lambda$waitForClusterToBeReady$0(218)) - Nodes are ready. Got 3 of 3 DN Heartbeats.
2023-02-28 20:09:31,395 [Listener at 127.0.0.1/37989] INFO  ozone.MiniOzoneClusterImpl (MiniOzoneClusterImpl.java:lambda$waitForClusterToBeReady$0(221)) - Waiting for cluster to exit safe mode
2023-02-28 20:09:31,396 [Listener at 127.0.0.1/37989] INFO  ozone.MiniOzoneClusterImpl (MiniOzoneClusterImpl.java:lambda$waitForClusterToBeReady$0(223)) - SCM became leader
2023-02-28 20:09:31,867 [937551b9-64e7-48ec-8838-f5047df98f27@group-9FB9335F01DE-FollowerState] INFO  impl.FollowerState (FollowerState.java:run(143)) - 937551b9-64e7-48ec-8838-f5047df98f27@group-9FB9335F01DE-FollowerState: change to CANDIDATE, lastRpcElapsedTime:5089312176ns, electionTimeout:5088ms
2023-02-28 20:09:31,867 [937551b9-64e7-48ec-8838-f5047df98f27@group-9FB9335F01DE-FollowerState] INFO  impl.RoleInfo (RoleInfo.java:shutdownFollowerState(110)) - 937551b9-64e7-48ec-8838-f5047df98f27: shutdown 937551b9-64e7-48ec-8838-f5047df98f27@group-9FB9335F01DE-FollowerState
2023-02-28 20:09:31,867 [937551b9-64e7-48ec-8838-f5047df98f27@group-9FB9335F01DE-FollowerState] INFO  server.RaftServer$Division (RaftServerImpl.java:setRole(321)) - 937551b9-64e7-48ec-8838-f5047df98f27@group-9FB9335F01DE: changes role from  FOLLOWER to CANDIDATE at term 0 for changeToCandidate
2023-02-28 20:09:31,867 [937551b9-64e7-48ec-8838-f5047df98f27@group-9FB9335F01DE-FollowerState] INFO  server.RaftServerConfigKeys (ConfUtils.java:logGet(46)) - raft.server.leaderelection.pre-vote = true (default)
2023-02-28 20:09:31,867 [937551b9-64e7-48ec-8838-f5047df98f27@group-9FB9335F01DE-FollowerState] INFO  impl.RoleInfo (RoleInfo.java:updateAndGet(139)) - 937551b9-64e7-48ec-8838-f5047df98f27: start 937551b9-64e7-48ec-8838-f5047df98f27@group-9FB9335F01DE-LeaderElection10
2023-02-28 20:09:31,870 [937551b9-64e7-48ec-8838-f5047df98f27@group-9FB9335F01DE-LeaderElection10] INFO  impl.LeaderElection (LeaderElection.java:askForVotes(312)) - 937551b9-64e7-48ec-8838-f5047df98f27@group-9FB9335F01DE-LeaderElection10 PRE_VOTE round 0: submit vote requests at term 0 for -1: peers:[937551b9-64e7-48ec-8838-f5047df98f27|rpc:10.1.1.15:39817|dataStream:10.1.1.15:35681|priority:1|startupRole:FOLLOWER]|listeners:[], old=null
2023-02-28 20:09:31,870 [937551b9-64e7-48ec-8838-f5047df98f27@group-9FB9335F01DE-LeaderElection10] INFO  impl.LeaderElection (LeaderElection.java:askForVotes(314)) - 937551b9-64e7-48ec-8838-f5047df98f27@group-9FB9335F01DE-LeaderElection10 PRE_VOTE round 0: result PASSED (term=0)
2023-02-28 20:09:31,871 [937551b9-64e7-48ec-8838-f5047df98f27@group-9FB9335F01DE-LeaderElection10] INFO  impl.LeaderElection (LeaderElection.java:askForVotes(312)) - 937551b9-64e7-48ec-8838-f5047df98f27@group-9FB9335F01DE-LeaderElection10 ELECTION round 0: submit vote requests at term 1 for -1: peers:[937551b9-64e7-48ec-8838-f5047df98f27|rpc:10.1.1.15:39817|dataStream:10.1.1.15:35681|priority:1|startupRole:FOLLOWER]|listeners:[], old=null
2023-02-28 20:09:31,871 [937551b9-64e7-48ec-8838-f5047df98f27@group-9FB9335F01DE-LeaderElection10] INFO  impl.LeaderElection (LeaderElection.java:askForVotes(314)) - 937551b9-64e7-48ec-8838-f5047df98f27@group-9FB9335F01DE-LeaderElection10 ELECTION round 0: result PASSED (term=1)
2023-02-28 20:09:31,871 [937551b9-64e7-48ec-8838-f5047df98f27@group-9FB9335F01DE-LeaderElection10] INFO  impl.RoleInfo (RoleInfo.java:shutdownLeaderElection(130)) - 937551b9-64e7-48ec-8838-f5047df98f27: shutdown 937551b9-64e7-48ec-8838-f5047df98f27@group-9FB9335F01DE-LeaderElection10
2023-02-28 20:09:31,872 [937551b9-64e7-48ec-8838-f5047df98f27@group-9FB9335F01DE-LeaderElection10] INFO  server.RaftServer$Division (RaftServerImpl.java:setRole(321)) - 937551b9-64e7-48ec-8838-f5047df98f27@group-9FB9335F01DE: changes role from CANDIDATE to LEADER at term 1 for changeToLeader
2023-02-28 20:09:31,872 [937551b9-64e7-48ec-8838-f5047df98f27@group-9FB9335F01DE-LeaderElection10] INFO  ratis.XceiverServerRatis (XceiverServerRatis.java:handleLeaderChangedNotification(905)) - Leader change notification received for group: group-9FB9335F01DE with new leaderId: 937551b9-64e7-48ec-8838-f5047df98f27
2023-02-28 20:09:31,872 [937551b9-64e7-48ec-8838-f5047df98f27@group-9FB9335F01DE-LeaderElection10] INFO  server.RaftServer$Division (ServerState.java:setLeader(313)) - 937551b9-64e7-48ec-8838-f5047df98f27@group-9FB9335F01DE: change Leader from null to 937551b9-64e7-48ec-8838-f5047df98f27 at term 1 for becomeLeader, leader elected after 5117ms
2023-02-28 20:09:31,872 [937551b9-64e7-48ec-8838-f5047df98f27@group-9FB9335F01DE-LeaderElection10] INFO  server.RaftServerConfigKeys (ConfUtils.java:logGet(46)) - raft.server.staging.catchup.gap = 1000 (default)
2023-02-28 20:09:31,872 [937551b9-64e7-48ec-8838-f5047df98f27@group-9FB9335F01DE-LeaderElection10] INFO  server.RaftServerConfigKeys (ConfUtils.java:logGet(46)) - raft.server.write.element-limit = 1024 (custom)
2023-02-28 20:09:31,872 [937551b9-64e7-48ec-8838-f5047df98f27@group-9FB9335F01DE-LeaderElection10] INFO  server.RaftServerConfigKeys (ConfUtils.java:logGet(46)) - raft.server.write.byte-limit = 1024 M (=1073741824) (custom)
2023-02-28 20:09:31,872 [937551b9-64e7-48ec-8838-f5047df98f27@group-9FB9335F01DE-LeaderElection10] INFO  server.RaftServerConfigKeys (ConfUtils.java:logGet(46)) - raft.server.watch.timeout = 180s (custom)
2023-02-28 20:09:31,872 [937551b9-64e7-48ec-8838-f5047df98f27@group-9FB9335F01DE-LeaderElection10] INFO  server.RaftServerConfigKeys (ConfUtils.java:logGet(46)) - raft.server.watch.timeout.denomination = 1s (default)
2023-02-28 20:09:31,873 [937551b9-64e7-48ec-8838-f5047df98f27@group-9FB9335F01DE-LeaderElection10] INFO  server.RaftServerConfigKeys (ConfUtils.java:logGet(46)) - raft.server.watch.element-limit = 65536 (default)
2023-02-28 20:09:31,873 [937551b9-64e7-48ec-8838-f5047df98f27@group-9FB9335F01DE-LeaderElection10] INFO  server.RaftServerConfigKeys (ConfUtils.java:logGet(46)) - raft.server.write.element-limit = 1024 (custom)
2023-02-28 20:09:31,873 [937551b9-64e7-48ec-8838-f5047df98f27@group-9FB9335F01DE-LeaderElection10] INFO  server.RaftServerConfigKeys (ConfUtils.java:logGet(46)) - raft.server.write.follower.gap.ratio.max = -1.0 (default)
2023-02-28 20:09:31,873 [937551b9-64e7-48ec-8838-f5047df98f27@group-9FB9335F01DE-LeaderElection10] INFO  impl.RoleInfo (RoleInfo.java:updateAndGet(139)) - 937551b9-64e7-48ec-8838-f5047df98f27: start 937551b9-64e7-48ec-8838-f5047df98f27@group-9FB9335F01DE-LeaderStateImpl
2023-02-28 20:09:31,873 [937551b9-64e7-48ec-8838-f5047df98f27@group-9FB9335F01DE-LeaderElection10] INFO  segmented.SegmentedRaftLogWorker (SegmentedRaftLogWorker.java:startLogSegment(452)) - 937551b9-64e7-48ec-8838-f5047df98f27@group-9FB9335F01DE-SegmentedRaftLogWorker: Starting segment from index:0
2023-02-28 20:09:31,879 [937551b9-64e7-48ec-8838-f5047df98f27@group-9FB9335F01DE-SegmentedRaftLogWorker] INFO  segmented.SegmentedRaftLogWorker (SegmentedRaftLogWorker.java:execute(656)) - 937551b9-64e7-48ec-8838-f5047df98f27@group-9FB9335F01DE-SegmentedRaftLogWorker: created new log segment /home/runner/work/ozone/ozone/hadoop-ozone/integration-test/target/test-dir/MiniOzoneClusterImpl-58db5c20-d6df-4fe1-a747-1f1a0fc9447e/datanode-0/data/ratis/ea2abc40-fbef-49f0-8a3e-9fb9335f01de/current/log_inprogress_0
2023-02-28 20:09:31,879 [937551b9-64e7-48ec-8838-f5047df98f27@group-9FB9335F01DE-LeaderElection10] INFO  server.RaftServer$Division (ServerState.java:setRaftConf(430)) - 937551b9-64e7-48ec-8838-f5047df98f27@group-9FB9335F01DE: set configuration 0: peers:[937551b9-64e7-48ec-8838-f5047df98f27|rpc:10.1.1.15:39817|dataStream:10.1.1.15:35681|priority:1|startupRole:FOLLOWER]|listeners:[], old=null
2023-02-28 20:09:31,880 [EventQueue-OpenPipelineForHealthyPipelineSafeModeRule] INFO  safemode.SCMSafeModeManager (HealthyPipelineSafeModeRule.java:process(137)) - SCM in safe mode. Healthy pipelines reported count is 0, required healthy pipeline reported count is 1
2023-02-28 20:09:31,910 [937551b9-64e7-48ec-8838-f5047df98f27@group-947D6FC2AD75-FollowerState] INFO  impl.FollowerState (FollowerState.java:run(143)) - 937551b9-64e7-48ec-8838-f5047df98f27@group-947D6FC2AD75-FollowerState: change to CANDIDATE, lastRpcElapsedTime:5102358903ns, electionTimeout:5095ms
2023-02-28 20:09:31,911 [937551b9-64e7-48ec-8838-f5047df98f27@group-947D6FC2AD75-FollowerState] INFO  impl.RoleInfo (RoleInfo.java:shutdownFollowerState(110)) - 937551b9-64e7-48ec-8838-f5047df98f27: shutdown 937551b9-64e7-48ec-8838-f5047df98f27@group-947D6FC2AD75-FollowerState
2023-02-28 20:09:31,911 [937551b9-64e7-48ec-8838-f5047df98f27@group-947D6FC2AD75-FollowerState] INFO  server.RaftServer$Division (RaftServerImpl.java:setRole(321)) - 937551b9-64e7-48ec-8838-f5047df98f27@group-947D6FC2AD75: changes role from  FOLLOWER to CANDIDATE at term 0 for changeToCandidate
2023-02-28 20:09:31,911 [937551b9-64e7-48ec-8838-f5047df98f27@group-947D6FC2AD75-FollowerState] INFO  server.RaftServerConfigKeys (ConfUtils.java:logGet(46)) - raft.server.leaderelection.pre-vote = true (default)
2023-02-28 20:09:31,911 [937551b9-64e7-48ec-8838-f5047df98f27@group-947D6FC2AD75-FollowerState] INFO  impl.RoleInfo (RoleInfo.java:updateAndGet(139)) - 937551b9-64e7-48ec-8838-f5047df98f27: start 937551b9-64e7-48ec-8838-f5047df98f27@group-947D6FC2AD75-LeaderElection11
2023-02-28 20:09:31,914 [937551b9-64e7-48ec-8838-f5047df98f27@group-947D6FC2AD75-LeaderElection11] INFO  impl.LeaderElection (LeaderElection.java:askForVotes(312)) - 937551b9-64e7-48ec-8838-f5047df98f27@group-947D6FC2AD75-LeaderElection11 PRE_VOTE round 0: submit vote requests at term 0 for -1: peers:[5ca82d80-1088-40df-b8b2-c16ff7ffaa84|rpc:10.1.1.15:35731|dataStream:10.1.1.15:35983|priority:0|startupRole:FOLLOWER, 9fb7a251-87f9-4a5e-bbf3-14e1e3694fcd|rpc:10.1.1.15:38965|dataStream:10.1.1.15:40139|priority:0|startupRole:FOLLOWER, 937551b9-64e7-48ec-8838-f5047df98f27|rpc:10.1.1.15:39817|dataStream:10.1.1.15:35681|priority:1|startupRole:FOLLOWER]|listeners:[], old=null
2023-02-28 20:09:31,914 [937551b9-64e7-48ec-8838-f5047df98f27@group-947D6FC2AD75-LeaderElection11-1] INFO  server.GrpcServerProtocolClient (GrpcServerProtocolClient.java:<init>(63)) - Build channel for 5ca82d80-1088-40df-b8b2-c16ff7ffaa84
2023-02-28 20:09:31,919 [937551b9-64e7-48ec-8838-f5047df98f27@group-947D6FC2AD75-LeaderElection11] INFO  server.RaftServerConfigKeys (ConfUtils.java:logFallback(53)) - raft.server.rpc.first-election.timeout.min = 5s (fallback to raft.server.rpc.timeout.min)
2023-02-28 20:09:31,922 [937551b9-64e7-48ec-8838-f5047df98f27@group-947D6FC2AD75-LeaderElection11] INFO  server.RaftServerConfigKeys (ConfUtils.java:logFallback(53)) - raft.server.rpc.first-election.timeout.max = 5200ms (fallback to raft.server.rpc.timeout.max)
2023-02-28 20:09:31,924 [937551b9-64e7-48ec-8838-f5047df98f27@group-947D6FC2AD75-LeaderElection11-2] INFO  server.GrpcServerProtocolClient (GrpcServerProtocolClient.java:<init>(63)) - Build channel for 9fb7a251-87f9-4a5e-bbf3-14e1e3694fcd
2023-02-28 20:09:31,930 [grpc-default-executor-1] INFO  server.RaftServer$Division (RaftServerImpl.java:requestVote(1218)) - 9fb7a251-87f9-4a5e-bbf3-14e1e3694fcd@group-947D6FC2AD75: receive requestVote(PRE_VOTE, 937551b9-64e7-48ec-8838-f5047df98f27, group-947D6FC2AD75, 0, (t:0, i:0))
2023-02-28 20:09:31,930 [grpc-default-executor-1] INFO  impl.VoteContext (VoteContext.java:log(49)) - 9fb7a251-87f9-4a5e-bbf3-14e1e3694fcd@group-947D6FC2AD75-FOLLOWER: accept PRE_VOTE from 937551b9-64e7-48ec-8838-f5047df98f27: our priority 0 <= candidate's priority 1
2023-02-28 20:09:31,930 [grpc-default-executor-1] INFO  server.RaftServer$Division (RaftServerImpl.java:requestVote(1251)) - 9fb7a251-87f9-4a5e-bbf3-14e1e3694fcd@group-947D6FC2AD75 replies to PRE_VOTE vote request: 937551b9-64e7-48ec-8838-f5047df98f27<-9fb7a251-87f9-4a5e-bbf3-14e1e3694fcd#0:OK-t0. Peer's state: 9fb7a251-87f9-4a5e-bbf3-14e1e3694fcd@group-947D6FC2AD75:t0, leader=null, voted=, raftlog=Memoized:9fb7a251-87f9-4a5e-bbf3-14e1e3694fcd@group-947D6FC2AD75-SegmentedRaftLog:OPENED:c-1, conf=-1: peers:[5ca82d80-1088-40df-b8b2-c16ff7ffaa84|rpc:10.1.1.15:35731|dataStream:10.1.1.15:35983|priority:0|startupRole:FOLLOWER, 9fb7a251-87f9-4a5e-bbf3-14e1e3694fcd|rpc:10.1.1.15:38965|dataStream:10.1.1.15:40139|priority:0|startupRole:FOLLOWER, 937551b9-64e7-48ec-8838-f5047df98f27|rpc:10.1.1.15:39817|dataStream:10.1.1.15:35681|priority:1|startupRole:FOLLOWER]|listeners:[], old=null
2023-02-28 20:09:31,932 [grpc-default-executor-9] INFO  server.RaftServer$Division (RaftServerImpl.java:requestVote(1218)) - 5ca82d80-1088-40df-b8b2-c16ff7ffaa84@group-947D6FC2AD75: receive requestVote(PRE_VOTE, 937551b9-64e7-48ec-8838-f5047df98f27, group-947D6FC2AD75, 0, (t:0, i:0))
2023-02-28 20:09:31,932 [grpc-default-executor-9] INFO  impl.VoteContext (VoteContext.java:log(49)) - 5ca82d80-1088-40df-b8b2-c16ff7ffaa84@group-947D6FC2AD75-FOLLOWER: accept PRE_VOTE from 937551b9-64e7-48ec-8838-f5047df98f27: our priority 0 <= candidate's priority 1
2023-02-28 20:09:31,932 [grpc-default-executor-9] INFO  server.RaftServer$Division (RaftServerImpl.java:requestVote(1251)) - 5ca82d80-1088-40df-b8b2-c16ff7ffaa84@group-947D6FC2AD75 replies to PRE_VOTE vote request: 937551b9-64e7-48ec-8838-f5047df98f27<-5ca82d80-1088-40df-b8b2-c16ff7ffaa84#0:OK-t0. Peer's state: 5ca82d80-1088-40df-b8b2-c16ff7ffaa84@group-947D6FC2AD75:t0, leader=null, voted=, raftlog=Memoized:5ca82d80-1088-40df-b8b2-c16ff7ffaa84@group-947D6FC2AD75-SegmentedRaftLog:OPENED:c-1, conf=-1: peers:[5ca82d80-1088-40df-b8b2-c16ff7ffaa84|rpc:10.1.1.15:35731|dataStream:10.1.1.15:35983|priority:0|startupRole:FOLLOWER, 9fb7a251-87f9-4a5e-bbf3-14e1e3694fcd|rpc:10.1.1.15:38965|dataStream:10.1.1.15:40139|priority:0|startupRole:FOLLOWER, 937551b9-64e7-48ec-8838-f5047df98f27|rpc:10.1.1.15:39817|dataStream:10.1.1.15:35681|priority:1|startupRole:FOLLOWER]|listeners:[], old=null
2023-02-28 20:09:31,935 [937551b9-64e7-48ec-8838-f5047df98f27@group-947D6FC2AD75-LeaderElection11] INFO  impl.LeaderElection (LeaderElection.java:logAndReturn(90)) - 937551b9-64e7-48ec-8838-f5047df98f27@group-947D6FC2AD75-LeaderElection11: PRE_VOTE PASSED received 1 response(s) and 0 exception(s):
2023-02-28 20:09:31,936 [937551b9-64e7-48ec-8838-f5047df98f27@group-947D6FC2AD75-LeaderElection11] INFO  impl.LeaderElection (LeaderElection.java:logAndReturn(94)) -   Response 0: 937551b9-64e7-48ec-8838-f5047df98f27<-5ca82d80-1088-40df-b8b2-c16ff7ffaa84#0:OK-t0
2023-02-28 20:09:31,936 [937551b9-64e7-48ec-8838-f5047df98f27@group-947D6FC2AD75-LeaderElection11] INFO  impl.LeaderElection (LeaderElection.java:askForVotes(314)) - 937551b9-64e7-48ec-8838-f5047df98f27@group-947D6FC2AD75-LeaderElection11 PRE_VOTE round 0: result PASSED
2023-02-28 20:09:31,938 [937551b9-64e7-48ec-8838-f5047df98f27@group-947D6FC2AD75-LeaderElection11] INFO  impl.LeaderElection (LeaderElection.java:askForVotes(312)) - 937551b9-64e7-48ec-8838-f5047df98f27@group-947D6FC2AD75-LeaderElection11 ELECTION round 0: submit vote requests at term 1 for -1: peers:[5ca82d80-1088-40df-b8b2-c16ff7ffaa84|rpc:10.1.1.15:35731|dataStream:10.1.1.15:35983|priority:0|startupRole:FOLLOWER, 9fb7a251-87f9-4a5e-bbf3-14e1e3694fcd|rpc:10.1.1.15:38965|dataStream:10.1.1.15:40139|priority:0|startupRole:FOLLOWER, 937551b9-64e7-48ec-8838-f5047df98f27|rpc:10.1.1.15:39817|dataStream:10.1.1.15:35681|priority:1|startupRole:FOLLOWER]|listeners:[], old=null
2023-02-28 20:09:31,938 [937551b9-64e7-48ec-8838-f5047df98f27@group-947D6FC2AD75-LeaderElection11] INFO  server.RaftServerConfigKeys (ConfUtils.java:logFallback(53)) - raft.server.rpc.first-election.timeout.min = 5s (fallback to raft.server.rpc.timeout.min)
2023-02-28 20:09:31,939 [937551b9-64e7-48ec-8838-f5047df98f27@group-947D6FC2AD75-LeaderElection11] INFO  server.RaftServerConfigKeys (ConfUtils.java:logFallback(53)) - raft.server.rpc.first-election.timeout.max = 5200ms (fallback to raft.server.rpc.timeout.max)
2023-02-28 20:09:31,939 [grpc-default-executor-9] INFO  server.RaftServer$Division (RaftServerImpl.java:requestVote(1218)) - 5ca82d80-1088-40df-b8b2-c16ff7ffaa84@group-947D6FC2AD75: receive requestVote(ELECTION, 937551b9-64e7-48ec-8838-f5047df98f27, group-947D6FC2AD75, 1, (t:0, i:0))
2023-02-28 20:09:31,943 [grpc-default-executor-9] INFO  impl.VoteContext (VoteContext.java:log(49)) - 5ca82d80-1088-40df-b8b2-c16ff7ffaa84@group-947D6FC2AD75-FOLLOWER: accept ELECTION from 937551b9-64e7-48ec-8838-f5047df98f27: our priority 0 <= candidate's priority 1
2023-02-28 20:09:31,943 [grpc-default-executor-9] INFO  server.RaftServer$Division (RaftServerImpl.java:setRole(321)) - 5ca82d80-1088-40df-b8b2-c16ff7ffaa84@group-947D6FC2AD75: changes role from  FOLLOWER to FOLLOWER at term 1 for candidate:937551b9-64e7-48ec-8838-f5047df98f27
2023-02-28 20:09:31,943 [grpc-default-executor-9] INFO  impl.RoleInfo (RoleInfo.java:shutdownFollowerState(110)) - 5ca82d80-1088-40df-b8b2-c16ff7ffaa84: shutdown 5ca82d80-1088-40df-b8b2-c16ff7ffaa84@group-947D6FC2AD75-FollowerState
2023-02-28 20:09:31,943 [grpc-default-executor-9] INFO  impl.RoleInfo (RoleInfo.java:updateAndGet(139)) - 5ca82d80-1088-40df-b8b2-c16ff7ffaa84: start 5ca82d80-1088-40df-b8b2-c16ff7ffaa84@group-947D6FC2AD75-FollowerState
2023-02-28 20:09:31,943 [5ca82d80-1088-40df-b8b2-c16ff7ffaa84@group-947D6FC2AD75-FollowerState] INFO  impl.FollowerState (FollowerState.java:run(152)) - 5ca82d80-1088-40df-b8b2-c16ff7ffaa84@group-947D6FC2AD75-FollowerState was interrupted
2023-02-28 20:09:31,947 [grpc-default-executor-9] INFO  server.RaftServer$Division (RaftServerImpl.java:requestVote(1251)) - 5ca82d80-1088-40df-b8b2-c16ff7ffaa84@group-947D6FC2AD75 replies to ELECTION vote request: 937551b9-64e7-48ec-8838-f5047df98f27<-5ca82d80-1088-40df-b8b2-c16ff7ffaa84#0:OK-t1. Peer's state: 5ca82d80-1088-40df-b8b2-c16ff7ffaa84@group-947D6FC2AD75:t1, leader=null, voted=937551b9-64e7-48ec-8838-f5047df98f27, raftlog=Memoized:5ca82d80-1088-40df-b8b2-c16ff7ffaa84@group-947D6FC2AD75-SegmentedRaftLog:OPENED:c-1, conf=-1: peers:[5ca82d80-1088-40df-b8b2-c16ff7ffaa84|rpc:10.1.1.15:35731|dataStream:10.1.1.15:35983|priority:0|startupRole:FOLLOWER, 9fb7a251-87f9-4a5e-bbf3-14e1e3694fcd|rpc:10.1.1.15:38965|dataStream:10.1.1.15:40139|priority:0|startupRole:FOLLOWER, 937551b9-64e7-48ec-8838-f5047df98f27|rpc:10.1.1.15:39817|dataStream:10.1.1.15:35681|priority:1|startupRole:FOLLOWER]|listeners:[], old=null
2023-02-28 20:09:31,948 [5ca82d80-1088-40df-b8b2-c16ff7ffaa84@group-947D6FC2AD75-FollowerState] INFO  server.RaftServerConfigKeys (ConfUtils.java:logFallback(53)) - raft.server.rpc.first-election.timeout.min = 5s (fallback to raft.server.rpc.timeout.min)
2023-02-28 20:09:31,948 [5ca82d80-1088-40df-b8b2-c16ff7ffaa84@group-947D6FC2AD75-FollowerState] INFO  server.RaftServerConfigKeys (ConfUtils.java:logFallback(53)) - raft.server.rpc.first-election.timeout.max = 5200ms (fallback to raft.server.rpc.timeout.max)
2023-02-28 20:09:31,948 [937551b9-64e7-48ec-8838-f5047df98f27@group-947D6FC2AD75-LeaderElection11] INFO  impl.LeaderElection (LeaderElection.java:logAndReturn(90)) - 937551b9-64e7-48ec-8838-f5047df98f27@group-947D6FC2AD75-LeaderElection11: ELECTION PASSED received 1 response(s) and 0 exception(s):
2023-02-28 20:09:31,949 [937551b9-64e7-48ec-8838-f5047df98f27@group-947D6FC2AD75-LeaderElection11] INFO  impl.LeaderElection (LeaderElection.java:logAndReturn(94)) -   Response 0: 937551b9-64e7-48ec-8838-f5047df98f27<-5ca82d80-1088-40df-b8b2-c16ff7ffaa84#0:OK-t1
2023-02-28 20:09:31,949 [937551b9-64e7-48ec-8838-f5047df98f27@group-947D6FC2AD75-LeaderElection11] INFO  impl.LeaderElection (LeaderElection.java:askForVotes(314)) - 937551b9-64e7-48ec-8838-f5047df98f27@group-947D6FC2AD75-LeaderElection11 ELECTION round 0: result PASSED
2023-02-28 20:09:31,949 [937551b9-64e7-48ec-8838-f5047df98f27@group-947D6FC2AD75-LeaderElection11] INFO  impl.RoleInfo (RoleInfo.java:shutdownLeaderElection(130)) - 937551b9-64e7-48ec-8838-f5047df98f27: shutdown 937551b9-64e7-48ec-8838-f5047df98f27@group-947D6FC2AD75-LeaderElection11
2023-02-28 20:09:31,949 [937551b9-64e7-48ec-8838-f5047df98f27@group-947D6FC2AD75-LeaderElection11] INFO  server.RaftServer$Division (RaftServerImpl.java:setRole(321)) - 937551b9-64e7-48ec-8838-f5047df98f27@group-947D6FC2AD75: changes role from CANDIDATE to LEADER at term 1 for changeToLeader
2023-02-28 20:09:31,949 [937551b9-64e7-48ec-8838-f5047df98f27@group-947D6FC2AD75-LeaderElection11] INFO  ratis.XceiverServerRatis (XceiverServerRatis.java:handleLeaderChangedNotification(905)) - Leader change notification received for group: group-947D6FC2AD75 with new leaderId: 937551b9-64e7-48ec-8838-f5047df98f27
2023-02-28 20:09:31,949 [937551b9-64e7-48ec-8838-f5047df98f27@group-947D6FC2AD75-LeaderElection11] INFO  server.RaftServer$Division (ServerState.java:setLeader(313)) - 937551b9-64e7-48ec-8838-f5047df98f27@group-947D6FC2AD75: change Leader from null to 937551b9-64e7-48ec-8838-f5047df98f27 at term 1 for becomeLeader, leader elected after 5168ms
2023-02-28 20:09:31,949 [937551b9-64e7-48ec-8838-f5047df98f27@group-947D6FC2AD75-LeaderElection11] INFO  server.RaftServerConfigKeys (ConfUtils.java:logGet(46)) - raft.server.staging.catchup.gap = 1000 (default)
2023-02-28 20:09:31,949 [937551b9-64e7-48ec-8838-f5047df98f27@group-947D6FC2AD75-LeaderElection11] INFO  server.RaftServerConfigKeys (ConfUtils.java:logGet(46)) - raft.server.write.element-limit = 1024 (custom)
2023-02-28 20:09:31,950 [937551b9-64e7-48ec-8838-f5047df98f27@group-947D6FC2AD75-LeaderElection11] INFO  server.RaftServerConfigKeys (ConfUtils.java:logGet(46)) - raft.server.write.byte-limit = 1024 M (=1073741824) (custom)
2023-02-28 20:09:31,950 [937551b9-64e7-48ec-8838-f5047df98f27@group-947D6FC2AD75-LeaderElection11] INFO  server.RaftServerConfigKeys (ConfUtils.java:logGet(46)) - raft.server.watch.timeout = 180s (custom)
2023-02-28 20:09:31,950 [937551b9-64e7-48ec-8838-f5047df98f27@group-947D6FC2AD75-LeaderElection11] INFO  server.RaftServerConfigKeys (ConfUtils.java:logGet(46)) - raft.server.watch.timeout.denomination = 1s (default)
2023-02-28 20:09:31,950 [937551b9-64e7-48ec-8838-f5047df98f27@group-947D6FC2AD75-LeaderElection11] INFO  server.RaftServerConfigKeys (ConfUtils.java:logGet(46)) - raft.server.watch.element-limit = 65536 (default)
2023-02-28 20:09:31,950 [937551b9-64e7-48ec-8838-f5047df98f27@group-947D6FC2AD75-LeaderElection11] INFO  server.RaftServerConfigKeys (ConfUtils.java:logGet(46)) - raft.server.write.element-limit = 1024 (custom)
2023-02-28 20:09:31,950 [937551b9-64e7-48ec-8838-f5047df98f27@group-947D6FC2AD75-LeaderElection11] INFO  server.RaftServerConfigKeys (ConfUtils.java:logGet(46)) - raft.server.write.follower.gap.ratio.max = -1.0 (default)
2023-02-28 20:09:31,950 [937551b9-64e7-48ec-8838-f5047df98f27@group-947D6FC2AD75-LeaderElection11] INFO  server.RaftServerConfigKeys (ConfUtils.java:logGet(46)) - raft.server.log.appender.snapshot.chunk.size.max = 16MB (=16777216) (default)
2023-02-28 20:09:31,950 [937551b9-64e7-48ec-8838-f5047df98f27@group-947D6FC2AD75-LeaderElection11] INFO  server.RaftServerConfigKeys (ConfUtils.java:logGet(46)) - raft.server.log.appender.buffer.byte-limit = 33554432 (custom)
2023-02-28 20:09:31,950 [937551b9-64e7-48ec-8838-f5047df98f27@group-947D6FC2AD75-LeaderElection11] INFO  server.RaftServerConfigKeys (ConfUtils.java:logGet(46)) - raft.server.log.appender.buffer.element-limit = 1 (custom)
2023-02-28 20:09:31,951 [937551b9-64e7-48ec-8838-f5047df98f27@group-947D6FC2AD75-LeaderElection11] INFO  grpc.GrpcConfigKeys (ConfUtils.java:logGet(46)) - raft.grpc.server.leader.outstanding.appends.max = 128 (default)
2023-02-28 20:09:31,951 [937551b9-64e7-48ec-8838-f5047df98f27@group-947D6FC2AD75-LeaderElection11] INFO  server.RaftServerConfigKeys (ConfUtils.java:logGet(46)) - raft.server.rpc.request.timeout = 60s (custom)
2023-02-28 20:09:31,951 [937551b9-64e7-48ec-8838-f5047df98f27@group-947D6FC2AD75-LeaderElection11] INFO  server.RaftServerConfigKeys (ConfUtils.java:logGet(46)) - raft.server.log.appender.install.snapshot.enabled = false (custom)
2023-02-28 20:09:31,951 [937551b9-64e7-48ec-8838-f5047df98f27@group-947D6FC2AD75-LeaderElection11] INFO  grpc.GrpcConfigKeys (ConfUtils.java:logGet(46)) - raft.grpc.server.heartbeat.channel = true (default)
2023-02-28 20:09:31,951 [937551b9-64e7-48ec-8838-f5047df98f27@group-947D6FC2AD75-LeaderElection11] INFO  server.RaftServerConfigKeys (ConfUtils.java:logGet(46)) - raft.server.log.appender.wait-time.min = 10ms (default)
2023-02-28 20:09:31,951 [grpc-default-executor-9] INFO  server.RaftServer$Division (RaftServerImpl.java:requestVote(1218)) - 9fb7a251-87f9-4a5e-bbf3-14e1e3694fcd@group-947D6FC2AD75: receive requestVote(ELECTION, 937551b9-64e7-48ec-8838-f5047df98f27, group-947D6FC2AD75, 1, (t:0, i:0))
2023-02-28 20:09:31,951 [937551b9-64e7-48ec-8838-f5047df98f27@group-947D6FC2AD75-LeaderElection11] INFO  server.RaftServerConfigKeys (ConfUtils.java:logGet(46)) - raft.server.log.appender.snapshot.chunk.size.max = 16MB (=16777216) (default)
2023-02-28 20:09:31,954 [grpc-default-executor-9] INFO  impl.VoteContext (VoteContext.java:log(49)) - 9fb7a251-87f9-4a5e-bbf3-14e1e3694fcd@group-947D6FC2AD75-FOLLOWER: accept ELECTION from 937551b9-64e7-48ec-8838-f5047df98f27: our priority 0 <= candidate's priority 1
2023-02-28 20:09:31,954 [937551b9-64e7-48ec-8838-f5047df98f27@group-947D6FC2AD75-LeaderElection11] INFO  server.RaftServerConfigKeys (ConfUtils.java:logGet(46)) - raft.server.log.appender.buffer.byte-limit = 33554432 (custom)
2023-02-28 20:09:31,955 [EventQueue-OpenPipelineForHealthyPipelineSafeModeRule] INFO  safemode.SCMSafeModeManager (HealthyPipelineSafeModeRule.java:process(137)) - SCM in safe mode. Healthy pipelines reported count is 0, required healthy pipeline reported count is 1
2023-02-28 20:09:31,955 [937551b9-64e7-48ec-8838-f5047df98f27@group-947D6FC2AD75-LeaderElection11] INFO  server.RaftServerConfigKeys (ConfUtils.java:logGet(46)) - raft.server.log.appender.buffer.element-limit = 1 (custom)
2023-02-28 20:09:31,955 [EventQueue-PipelineReportForPipelineReportHandler] INFO  pipeline.PipelineManagerImpl (PipelineManagerImpl.java:openPipeline(367)) - Pipeline Pipeline[ Id: 07d8ca01-e976-42f2-8503-947d6fc2ad75, Nodes: 9fb7a251-87f9-4a5e-bbf3-14e1e3694fcd(fv-az399-334/10.1.1.15)937551b9-64e7-48ec-8838-f5047df98f27(fv-az399-334/10.1.1.15)5ca82d80-1088-40df-b8b2-c16ff7ffaa84(fv-az399-334/10.1.1.15), ReplicationConfig: RATIS/THREE, State:ALLOCATED, leaderId:937551b9-64e7-48ec-8838-f5047df98f27, CreationTimestamp2023-02-28T20:09:24.404Z[Etc/UTC]] moved to OPEN state
2023-02-28 20:09:31,955 [937551b9-64e7-48ec-8838-f5047df98f27@group-947D6FC2AD75-LeaderElection11] INFO  grpc.GrpcConfigKeys (ConfUtils.java:logGet(46)) - raft.grpc.server.leader.outstanding.appends.max = 128 (default)
2023-02-28 20:09:31,955 [937551b9-64e7-48ec-8838-f5047df98f27@group-947D6FC2AD75-LeaderElection11] INFO  server.RaftServerConfigKeys (ConfUtils.java:logGet(46)) - raft.server.rpc.request.timeout = 60s (custom)
2023-02-28 20:09:31,954 [grpc-default-executor-9] INFO  server.RaftServer$Division (RaftServerImpl.java:setRole(321)) - 9fb7a251-87f9-4a5e-bbf3-14e1e3694fcd@group-947D6FC2AD75: changes role from  FOLLOWER to FOLLOWER at term 1 for candidate:937551b9-64e7-48ec-8838-f5047df98f27
2023-02-28 20:09:31,955 [937551b9-64e7-48ec-8838-f5047df98f27@group-947D6FC2AD75-LeaderElection11] INFO  server.RaftServerConfigKeys (ConfUtils.java:logGet(46)) - raft.server.log.appender.install.snapshot.enabled = false (custom)
2023-02-28 20:09:31,956 [937551b9-64e7-48ec-8838-f5047df98f27@group-947D6FC2AD75-LeaderElection11] INFO  grpc.GrpcConfigKeys (ConfUtils.java:logGet(46)) - raft.grpc.server.heartbeat.channel = true (default)
2023-02-28 20:09:31,956 [937551b9-64e7-48ec-8838-f5047df98f27@group-947D6FC2AD75-LeaderElection11] INFO  server.RaftServerConfigKeys (ConfUtils.java:logGet(46)) - raft.server.log.appender.wait-time.min = 10ms (default)
2023-02-28 20:09:31,956 [EventQueue-OpenPipelineForHealthyPipelineSafeModeRule] INFO  safemode.SCMSafeModeManager (HealthyPipelineSafeModeRule.java:process(137)) - SCM in safe mode. Healthy pipelines reported count is 1, required healthy pipeline reported count is 1
2023-02-28 20:09:31,956 [EventQueue-OpenPipelineForHealthyPipelineSafeModeRule] INFO  safemode.SCMSafeModeManager (SCMSafeModeManager.java:validateSafeModeExitRules(200)) - HealthyPipelineSafeModeRule rule is successfully validated
2023-02-28 20:09:31,956 [EventQueue-OpenPipelineForHealthyPipelineSafeModeRule] INFO  safemode.SCMSafeModeManager (SCMSafeModeManager.java:validateSafeModeExitRules(215)) - ScmSafeModeManager, all rules are successfully validated
2023-02-28 20:09:31,956 [EventQueue-OpenPipelineForHealthyPipelineSafeModeRule] INFO  safemode.SCMSafeModeManager (SCMSafeModeManager.java:exitSafeMode(244)) - SCM exiting safe mode.
2023-02-28 20:09:31,956 [EventQueue-OpenPipelineForHealthyPipelineSafeModeRule] INFO  ha.SCMContext (SCMContext.java:updateSafeModeStatus(228)) - Update SafeModeStatus from SafeModeStatus{safeModeStatus=true, preCheckPassed=true} to SafeModeStatus{safeModeStatus=false, preCheckPassed=true}.
2023-02-28 20:09:31,956 [EventQueue-OpenPipelineForHealthyPipelineSafeModeRule] INFO  pipeline.BackgroundPipelineCreator (BackgroundPipelineCreator.java:notifyStatusChanged(254)) - Service BackgroundPipelineCreator transitions to RUNNING.
2023-02-28 20:09:31,957 [EventQueue-OpenPipelineForHealthyPipelineSafeModeRule] INFO  BackgroundPipelineScrubber (BackgroundSCMService.java:notifyStatusChanged(82)) - Service BackgroundPipelineScrubber transitions to RUNNING.
2023-02-28 20:09:31,957 [EventQueue-OpenPipelineForHealthyPipelineSafeModeRule] INFO  ExpiredContainerReplicaOpScrubber (BackgroundSCMService.java:notifyStatusChanged(82)) - Service ExpiredContainerReplicaOpScrubber transitions to RUNNING.
2023-02-28 20:09:31,957 [EventQueue-OpenPipelineForHealthyPipelineSafeModeRule] INFO  replication.ReplicationManager (ReplicationManager.java:notifyStatusChanged(1084)) - Service ReplicationManager transitions to RUNNING.
2023-02-28 20:09:31,957 [EventQueue-OpenPipelineForHealthyPipelineSafeModeRule] WARN  balancer.ContainerBalancer (ContainerBalancer.java:shouldRun(131)) - Could not find persisted configuration for ContainerBalancer when checking if ContainerBalancer should run. ContainerBalancer should not run now.
2023-02-28 20:09:31,956 [grpc-default-executor-9] INFO  impl.RoleInfo (RoleInfo.java:shutdownFollowerState(110)) - 9fb7a251-87f9-4a5e-bbf3-14e1e3694fcd: shutdown 9fb7a251-87f9-4a5e-bbf3-14e1e3694fcd@group-947D6FC2AD75-FollowerState
2023-02-28 20:09:31,957 [grpc-default-executor-9] INFO  impl.RoleInfo (RoleInfo.java:updateAndGet(139)) - 9fb7a251-87f9-4a5e-bbf3-14e1e3694fcd: start 9fb7a251-87f9-4a5e-bbf3-14e1e3694fcd@group-947D6FC2AD75-FollowerState
2023-02-28 20:09:31,957 [9fb7a251-87f9-4a5e-bbf3-14e1e3694fcd@group-947D6FC2AD75-FollowerState] INFO  impl.FollowerState (FollowerState.java:run(152)) - 9fb7a251-87f9-4a5e-bbf3-14e1e3694fcd@group-947D6FC2AD75-FollowerState was interrupted
2023-02-28 20:09:31,958 [937551b9-64e7-48ec-8838-f5047df98f27@group-947D6FC2AD75-LeaderElection11] INFO  impl.RoleInfo (RoleInfo.java:updateAndGet(139)) - 937551b9-64e7-48ec-8838-f5047df98f27: start 937551b9-64e7-48ec-8838-f5047df98f27@group-947D6FC2AD75-LeaderStateImpl
2023-02-28 20:09:31,958 [937551b9-64e7-48ec-8838-f5047df98f27@group-947D6FC2AD75-LeaderElection11] INFO  segmented.SegmentedRaftLogWorker (SegmentedRaftLogWorker.java:startLogSegment(452)) - 937551b9-64e7-48ec-8838-f5047df98f27@group-947D6FC2AD75-SegmentedRaftLogWorker: Starting segment from index:0
2023-02-28 20:09:31,960 [937551b9-64e7-48ec-8838-f5047df98f27@group-24CD471FFB8A-FollowerState] INFO  impl.FollowerState (FollowerState.java:run(143)) - 937551b9-64e7-48ec-8838-f5047df98f27@group-24CD471FFB8A-FollowerState: change to CANDIDATE, lastRpcElapsedTime:5039105140ns, electionTimeout:5033ms
2023-02-28 20:09:31,960 [937551b9-64e7-48ec-8838-f5047df98f27@group-24CD471FFB8A-FollowerState] INFO  impl.RoleInfo (RoleInfo.java:shutdownFollowerState(110)) - 937551b9-64e7-48ec-8838-f5047df98f27: shutdown 937551b9-64e7-48ec-8838-f5047df98f27@group-24CD471FFB8A-FollowerState
2023-02-28 20:09:31,960 [937551b9-64e7-48ec-8838-f5047df98f27@group-24CD471FFB8A-FollowerState] INFO  server.RaftServer$Division (RaftServerImpl.java:setRole(321)) - 937551b9-64e7-48ec-8838-f5047df98f27@group-24CD471FFB8A: changes role from  FOLLOWER to CANDIDATE at term 0 for changeToCandidate
2023-02-28 20:09:31,962 [937551b9-64e7-48ec-8838-f5047df98f27@group-24CD471FFB8A-FollowerState] INFO  server.RaftServerConfigKeys (ConfUtils.java:logGet(46)) - raft.server.leaderelection.pre-vote = true (default)
2023-02-28 20:09:31,962 [937551b9-64e7-48ec-8838-f5047df98f27@group-24CD471FFB8A-FollowerState] INFO  impl.RoleInfo (RoleInfo.java:updateAndGet(139)) - 937551b9-64e7-48ec-8838-f5047df98f27: start 937551b9-64e7-48ec-8838-f5047df98f27@group-24CD471FFB8A-LeaderElection12
2023-02-28 20:09:31,967 [9fb7a251-87f9-4a5e-bbf3-14e1e3694fcd@group-947D6FC2AD75-FollowerState] INFO  server.RaftServerConfigKeys (ConfUtils.java:logFallback(53)) - raft.server.rpc.first-election.timeout.min = 5s (fallback to raft.server.rpc.timeout.min)
2023-02-28 20:09:31,967 [9fb7a251-87f9-4a5e-bbf3-14e1e3694fcd@group-947D6FC2AD75-FollowerState] INFO  server.RaftServerConfigKeys (ConfUtils.java:logFallback(53)) - raft.server.rpc.first-election.timeout.max = 5200ms (fallback to raft.server.rpc.timeout.max)
2023-02-28 20:09:31,967 [937551b9-64e7-48ec-8838-f5047df98f27@group-947D6FC2AD75-SegmentedRaftLogWorker] INFO  segmented.SegmentedRaftLogWorker (SegmentedRaftLogWorker.java:execute(656)) - 937551b9-64e7-48ec-8838-f5047df98f27@group-947D6FC2AD75-SegmentedRaftLogWorker: created new log segment /home/runner/work/ozone/ozone/hadoop-ozone/integration-test/target/test-dir/MiniOzoneClusterImpl-58db5c20-d6df-4fe1-a747-1f1a0fc9447e/datanode-0/data/ratis/07d8ca01-e976-42f2-8503-947d6fc2ad75/current/log_inprogress_0
2023-02-28 20:09:31,968 [grpc-default-executor-9] INFO  server.RaftServer$Division (RaftServerImpl.java:requestVote(1251)) - 9fb7a251-87f9-4a5e-bbf3-14e1e3694fcd@group-947D6FC2AD75 replies to ELECTION vote request: 937551b9-64e7-48ec-8838-f5047df98f27<-9fb7a251-87f9-4a5e-bbf3-14e1e3694fcd#0:OK-t1. Peer's state: 9fb7a251-87f9-4a5e-bbf3-14e1e3694fcd@group-947D6FC2AD75:t1, leader=null, voted=937551b9-64e7-48ec-8838-f5047df98f27, raftlog=Memoized:9fb7a251-87f9-4a5e-bbf3-14e1e3694fcd@group-947D6FC2AD75-SegmentedRaftLog:OPENED:c-1, conf=-1: peers:[5ca82d80-1088-40df-b8b2-c16ff7ffaa84|rpc:10.1.1.15:35731|dataStream:10.1.1.15:35983|priority:0|startupRole:FOLLOWER, 9fb7a251-87f9-4a5e-bbf3-14e1e3694fcd|rpc:10.1.1.15:38965|dataStream:10.1.1.15:40139|priority:0|startupRole:FOLLOWER, 937551b9-64e7-48ec-8838-f5047df98f27|rpc:10.1.1.15:39817|dataStream:10.1.1.15:35681|priority:1|startupRole:FOLLOWER]|listeners:[], old=null
2023-02-28 20:09:31,982 [937551b9-64e7-48ec-8838-f5047df98f27@group-24CD471FFB8A-LeaderElection12] INFO  impl.LeaderElection (LeaderElection.java:askForVotes(312)) - 937551b9-64e7-48ec-8838-f5047df98f27@group-24CD471FFB8A-LeaderElection12 PRE_VOTE round 0: submit vote requests at term 0 for -1: peers:[5ca82d80-1088-40df-b8b2-c16ff7ffaa84|rpc:10.1.1.15:35731|dataStream:10.1.1.15:35983|priority:0|startupRole:FOLLOWER, 9fb7a251-87f9-4a5e-bbf3-14e1e3694fcd|rpc:10.1.1.15:38965|dataStream:10.1.1.15:40139|priority:1|startupRole:FOLLOWER, 937551b9-64e7-48ec-8838-f5047df98f27|rpc:10.1.1.15:39817|dataStream:10.1.1.15:35681|priority:0|startupRole:FOLLOWER]|listeners:[], old=null
2023-02-28 20:09:31,982 [937551b9-64e7-48ec-8838-f5047df98f27@group-947D6FC2AD75-LeaderElection11] INFO  server.RaftServer$Division (ServerState.java:setRaftConf(430)) - 937551b9-64e7-48ec-8838-f5047df98f27@group-947D6FC2AD75: set configuration 0: peers:[5ca82d80-1088-40df-b8b2-c16ff7ffaa84|rpc:10.1.1.15:35731|dataStream:10.1.1.15:35983|priority:0|startupRole:FOLLOWER, 9fb7a251-87f9-4a5e-bbf3-14e1e3694fcd|rpc:10.1.1.15:38965|dataStream:10.1.1.15:40139|priority:0|startupRole:FOLLOWER, 937551b9-64e7-48ec-8838-f5047df98f27|rpc:10.1.1.15:39817|dataStream:10.1.1.15:35681|priority:1|startupRole:FOLLOWER]|listeners:[], old=null
2023-02-28 20:09:31,983 [grpc-default-executor-1] INFO  server.RaftServer$Division (RaftServerImpl.java:requestVote(1218)) - 5ca82d80-1088-40df-b8b2-c16ff7ffaa84@group-24CD471FFB8A: receive requestVote(PRE_VOTE, 937551b9-64e7-48ec-8838-f5047df98f27, group-24CD471FFB8A, 0, (t:0, i:0))
2023-02-28 20:09:31,982 [937551b9-64e7-48ec-8838-f5047df98f27@group-24CD471FFB8A-LeaderElection12] INFO  server.RaftServerConfigKeys (ConfUtils.java:logFallback(53)) - raft.server.rpc.first-election.timeout.min = 5s (fallback to raft.server.rpc.timeout.min)
2023-02-28 20:09:31,993 [937551b9-64e7-48ec-8838-f5047df98f27@group-24CD471FFB8A-LeaderElection12] INFO  server.RaftServerConfigKeys (ConfUtils.java:logFallback(53)) - raft.server.rpc.first-election.timeout.max = 5200ms (fallback to raft.server.rpc.timeout.max)
2023-02-28 20:09:31,993 [grpc-default-executor-1] INFO  impl.VoteContext (VoteContext.java:log(49)) - 5ca82d80-1088-40df-b8b2-c16ff7ffaa84@group-24CD471FFB8A-FOLLOWER: accept PRE_VOTE from 937551b9-64e7-48ec-8838-f5047df98f27: our priority 0 <= candidate's priority 0
2023-02-28 20:09:31,994 [grpc-default-executor-1] INFO  server.RaftServer$Division (RaftServerImpl.java:requestVote(1251)) - 5ca82d80-1088-40df-b8b2-c16ff7ffaa84@group-24CD471FFB8A replies to PRE_VOTE vote request: 937551b9-64e7-48ec-8838-f5047df98f27<-5ca82d80-1088-40df-b8b2-c16ff7ffaa84#0:OK-t0. Peer's state: 5ca82d80-1088-40df-b8b2-c16ff7ffaa84@group-24CD471FFB8A:t0, leader=null, voted=, raftlog=Memoized:5ca82d80-1088-40df-b8b2-c16ff7ffaa84@group-24CD471FFB8A-SegmentedRaftLog:OPENED:c-1, conf=-1: peers:[5ca82d80-1088-40df-b8b2-c16ff7ffaa84|rpc:10.1.1.15:35731|dataStream:10.1.1.15:35983|priority:0|startupRole:FOLLOWER, 9fb7a251-87f9-4a5e-bbf3-14e1e3694fcd|rpc:10.1.1.15:38965|dataStream:10.1.1.15:40139|priority:1|startupRole:FOLLOWER, 937551b9-64e7-48ec-8838-f5047df98f27|rpc:10.1.1.15:39817|dataStream:10.1.1.15:35681|priority:0|startupRole:FOLLOWER]|listeners:[], old=null
2023-02-28 20:09:31,989 [5ca82d80-1088-40df-b8b2-c16ff7ffaa84-server-thread1] INFO  ratis.XceiverServerRatis (XceiverServerRatis.java:handleLeaderChangedNotification(905)) - Leader change notification received for group: group-947D6FC2AD75 with new leaderId: 937551b9-64e7-48ec-8838-f5047df98f27
2023-02-28 20:09:31,994 [5ca82d80-1088-40df-b8b2-c16ff7ffaa84-server-thread1] INFO  server.RaftServer$Division (ServerState.java:setLeader(313)) - 5ca82d80-1088-40df-b8b2-c16ff7ffaa84@group-947D6FC2AD75: change Leader from null to 937551b9-64e7-48ec-8838-f5047df98f27 at term 1 for appendEntries, leader elected after 5130ms
2023-02-28 20:09:32,005 [grpc-default-executor-7] INFO  server.RaftServer$Division (RaftServerImpl.java:requestVote(1218)) - 9fb7a251-87f9-4a5e-bbf3-14e1e3694fcd@group-24CD471FFB8A: receive requestVote(PRE_VOTE, 937551b9-64e7-48ec-8838-f5047df98f27, group-24CD471FFB8A, 0, (t:0, i:0))
2023-02-28 20:09:32,011 [grpc-default-executor-7] INFO  impl.VoteContext (VoteContext.java:log(49)) - 9fb7a251-87f9-4a5e-bbf3-14e1e3694fcd@group-24CD471FFB8A-FOLLOWER: reject PRE_VOTE from 937551b9-64e7-48ec-8838-f5047df98f27: our priority 1 > candidate's priority 0
2023-02-28 20:09:32,011 [grpc-default-executor-7] INFO  server.RaftServer$Division (RaftServerImpl.java:requestVote(1251)) - 9fb7a251-87f9-4a5e-bbf3-14e1e3694fcd@group-24CD471FFB8A replies to PRE_VOTE vote request: 937551b9-64e7-48ec-8838-f5047df98f27<-9fb7a251-87f9-4a5e-bbf3-14e1e3694fcd#0:FAIL-t0. Peer's state: 9fb7a251-87f9-4a5e-bbf3-14e1e3694fcd@group-24CD471FFB8A:t0, leader=null, voted=, raftlog=Memoized:9fb7a251-87f9-4a5e-bbf3-14e1e3694fcd@group-24CD471FFB8A-SegmentedRaftLog:OPENED:c-1, conf=-1: peers:[5ca82d80-1088-40df-b8b2-c16ff7ffaa84|rpc:10.1.1.15:35731|dataStream:10.1.1.15:35983|priority:0|startupRole:FOLLOWER, 9fb7a251-87f9-4a5e-bbf3-14e1e3694fcd|rpc:10.1.1.15:38965|dataStream:10.1.1.15:40139|priority:1|startupRole:FOLLOWER, 937551b9-64e7-48ec-8838-f5047df98f27|rpc:10.1.1.15:39817|dataStream:10.1.1.15:35681|priority:0|startupRole:FOLLOWER]|listeners:[], old=null
2023-02-28 20:09:32,013 [937551b9-64e7-48ec-8838-f5047df98f27@group-24CD471FFB8A-LeaderElection12] INFO  impl.LeaderElection (LeaderElection.java:logAndReturn(90)) - 937551b9-64e7-48ec-8838-f5047df98f27@group-24CD471FFB8A-LeaderElection12: PRE_VOTE REJECTED received 2 response(s) and 0 exception(s):
2023-02-28 20:09:32,013 [937551b9-64e7-48ec-8838-f5047df98f27@group-24CD471FFB8A-LeaderElection12] INFO  impl.LeaderElection (LeaderElection.java:logAndReturn(94)) -   Response 0: 937551b9-64e7-48ec-8838-f5047df98f27<-5ca82d80-1088-40df-b8b2-c16ff7ffaa84#0:OK-t0
2023-02-28 20:09:32,013 [937551b9-64e7-48ec-8838-f5047df98f27@group-24CD471FFB8A-LeaderElection12] INFO  impl.LeaderElection (LeaderElection.java:logAndReturn(94)) -   Response 1: 937551b9-64e7-48ec-8838-f5047df98f27<-9fb7a251-87f9-4a5e-bbf3-14e1e3694fcd#0:FAIL-t0
2023-02-28 20:09:32,013 [937551b9-64e7-48ec-8838-f5047df98f27@group-24CD471FFB8A-LeaderElection12] INFO  impl.LeaderElection (LeaderElection.java:askForVotes(314)) - 937551b9-64e7-48ec-8838-f5047df98f27@group-24CD471FFB8A-LeaderElection12 PRE_VOTE round 0: result REJECTED
2023-02-28 20:09:32,013 [937551b9-64e7-48ec-8838-f5047df98f27@group-24CD471FFB8A-LeaderElection12] INFO  server.RaftServer$Division (RaftServerImpl.java:setRole(321)) - 937551b9-64e7-48ec-8838-f5047df98f27@group-24CD471FFB8A: changes role from CANDIDATE to FOLLOWER at term 0 for REJECTED
2023-02-28 20:09:32,013 [937551b9-64e7-48ec-8838-f5047df98f27@group-24CD471FFB8A-LeaderElection12] INFO  impl.RoleInfo (RoleInfo.java:shutdownLeaderElection(130)) - 937551b9-64e7-48ec-8838-f5047df98f27: shutdown 937551b9-64e7-48ec-8838-f5047df98f27@group-24CD471FFB8A-LeaderElection12
2023-02-28 20:09:32,013 [937551b9-64e7-48ec-8838-f5047df98f27@group-24CD471FFB8A-LeaderElection12] INFO  impl.RoleInfo (RoleInfo.java:updateAndGet(139)) - 937551b9-64e7-48ec-8838-f5047df98f27: start 937551b9-64e7-48ec-8838-f5047df98f27@group-24CD471FFB8A-FollowerState
2023-02-28 20:09:32,013 [9fb7a251-87f9-4a5e-bbf3-14e1e3694fcd-server-thread2] INFO  ratis.XceiverServerRatis (XceiverServerRatis.java:handleLeaderChangedNotification(905)) - Leader change notification received for group: group-947D6FC2AD75 with new leaderId: 937551b9-64e7-48ec-8838-f5047df98f27
2023-02-28 20:09:32,025 [9fb7a251-87f9-4a5e-bbf3-14e1e3694fcd-server-thread2] INFO  server.RaftServer$Division (ServerState.java:setLeader(313)) - 9fb7a251-87f9-4a5e-bbf3-14e1e3694fcd@group-947D6FC2AD75: change Leader from null to 937551b9-64e7-48ec-8838-f5047df98f27 at term 1 for appendEntries, leader elected after 5186ms
2023-02-28 20:09:32,024 [5ca82d80-1088-40df-b8b2-c16ff7ffaa84-server-thread2] INFO  server.RaftServer$Division (ServerState.java:setRaftConf(430)) - 5ca82d80-1088-40df-b8b2-c16ff7ffaa84@group-947D6FC2AD75: set configuration 0: peers:[5ca82d80-1088-40df-b8b2-c16ff7ffaa84|rpc:10.1.1.15:35731|dataStream:10.1.1.15:35983|priority:0|startupRole:FOLLOWER, 9fb7a251-87f9-4a5e-bbf3-14e1e3694fcd|rpc:10.1.1.15:38965|dataStream:10.1.1.15:40139|priority:0|startupRole:FOLLOWER, 937551b9-64e7-48ec-8838-f5047df98f27|rpc:10.1.1.15:39817|dataStream:10.1.1.15:35681|priority:1|startupRole:FOLLOWER]|listeners:[], old=null
2023-02-28 20:09:32,023 [937551b9-64e7-48ec-8838-f5047df98f27@group-24CD471FFB8A-FollowerState] INFO  server.RaftServerConfigKeys (ConfUtils.java:logFallback(53)) - raft.server.rpc.first-election.timeout.min = 5s (fallback to raft.server.rpc.timeout.min)
2023-02-28 20:09:32,025 [5ca82d80-1088-40df-b8b2-c16ff7ffaa84-server-thread2] INFO  segmented.SegmentedRaftLogWorker (SegmentedRaftLogWorker.java:startLogSegment(452)) - 5ca82d80-1088-40df-b8b2-c16ff7ffaa84@group-947D6FC2AD75-SegmentedRaftLogWorker: Starting segment from index:0
2023-02-28 20:09:32,026 [9fb7a251-87f9-4a5e-bbf3-14e1e3694fcd-server-thread1] INFO  server.RaftServer$Division (ServerState.java:setRaftConf(430)) - 9fb7a251-87f9-4a5e-bbf3-14e1e3694fcd@group-947D6FC2AD75: set configuration 0: peers:[5ca82d80-1088-40df-b8b2-c16ff7ffaa84|rpc:10.1.1.15:35731|dataStream:10.1.1.15:35983|priority:0|startupRole:FOLLOWER, 9fb7a251-87f9-4a5e-bbf3-14e1e3694fcd|rpc:10.1.1.15:38965|dataStream:10.1.1.15:40139|priority:0|startupRole:FOLLOWER, 937551b9-64e7-48ec-8838-f5047df98f27|rpc:10.1.1.15:39817|dataStream:10.1.1.15:35681|priority:1|startupRole:FOLLOWER]|listeners:[], old=null
2023-02-28 20:09:32,025 [937551b9-64e7-48ec-8838-f5047df98f27@group-24CD471FFB8A-FollowerState] INFO  server.RaftServerConfigKeys (ConfUtils.java:logFallback(53)) - raft.server.rpc.first-election.timeout.max = 5200ms (fallback to raft.server.rpc.timeout.max)
2023-02-28 20:09:32,033 [9fb7a251-87f9-4a5e-bbf3-14e1e3694fcd-server-thread1] INFO  segmented.SegmentedRaftLogWorker (SegmentedRaftLogWorker.java:startLogSegment(452)) - 9fb7a251-87f9-4a5e-bbf3-14e1e3694fcd@group-947D6FC2AD75-SegmentedRaftLogWorker: Starting segment from index:0
2023-02-28 20:09:32,035 [5ca82d80-1088-40df-b8b2-c16ff7ffaa84@group-947D6FC2AD75-SegmentedRaftLogWorker] INFO  segmented.SegmentedRaftLogWorker (SegmentedRaftLogWorker.java:execute(656)) - 5ca82d80-1088-40df-b8b2-c16ff7ffaa84@group-947D6FC2AD75-SegmentedRaftLogWorker: created new log segment /home/runner/work/ozone/ozone/hadoop-ozone/integration-test/target/test-dir/MiniOzoneClusterImpl-58db5c20-d6df-4fe1-a747-1f1a0fc9447e/datanode-1/data/ratis/07d8ca01-e976-42f2-8503-947d6fc2ad75/current/log_inprogress_0
2023-02-28 20:09:32,036 [9fb7a251-87f9-4a5e-bbf3-14e1e3694fcd@group-947D6FC2AD75-SegmentedRaftLogWorker] INFO  segmented.SegmentedRaftLogWorker (SegmentedRaftLogWorker.java:execute(656)) - 9fb7a251-87f9-4a5e-bbf3-14e1e3694fcd@group-947D6FC2AD75-SegmentedRaftLogWorker: created new log segment /home/runner/work/ozone/ozone/hadoop-ozone/integration-test/target/test-dir/MiniOzoneClusterImpl-58db5c20-d6df-4fe1-a747-1f1a0fc9447e/datanode-2/data/ratis/07d8ca01-e976-42f2-8503-947d6fc2ad75/current/log_inprogress_0
2023-02-28 20:09:32,056 [9fb7a251-87f9-4a5e-bbf3-14e1e3694fcd@group-24CD471FFB8A-FollowerState] INFO  impl.FollowerState (FollowerState.java:run(143)) - 9fb7a251-87f9-4a5e-bbf3-14e1e3694fcd@group-24CD471FFB8A-FollowerState: change to CANDIDATE, lastRpcElapsedTime:5066255010ns, electionTimeout:5063ms
2023-02-28 20:09:32,057 [9fb7a251-87f9-4a5e-bbf3-14e1e3694fcd@group-24CD471FFB8A-FollowerState] INFO  impl.RoleInfo (RoleInfo.java:shutdownFollowerState(110)) - 9fb7a251-87f9-4a5e-bbf3-14e1e3694fcd: shutdown 9fb7a251-87f9-4a5e-bbf3-14e1e3694fcd@group-24CD471FFB8A-FollowerState
2023-02-28 20:09:32,057 [9fb7a251-87f9-4a5e-bbf3-14e1e3694fcd@group-24CD471FFB8A-FollowerState] INFO  server.RaftServer$Division (RaftServerImpl.java:setRole(321)) - 9fb7a251-87f9-4a5e-bbf3-14e1e3694fcd@group-24CD471FFB8A: changes role from  FOLLOWER to CANDIDATE at term 0 for changeToCandidate
2023-02-28 20:09:32,057 [9fb7a251-87f9-4a5e-bbf3-14e1e3694fcd@group-24CD471FFB8A-FollowerState] INFO  server.RaftServerConfigKeys (ConfUtils.java:logGet(46)) - raft.server.leaderelection.pre-vote = true (default)
2023-02-28 20:09:32,057 [9fb7a251-87f9-4a5e-bbf3-14e1e3694fcd@group-24CD471FFB8A-FollowerState] INFO  impl.RoleInfo (RoleInfo.java:updateAndGet(139)) - 9fb7a251-87f9-4a5e-bbf3-14e1e3694fcd: start 9fb7a251-87f9-4a5e-bbf3-14e1e3694fcd@group-24CD471FFB8A-LeaderElection13
2023-02-28 20:09:32,059 [9fb7a251-87f9-4a5e-bbf3-14e1e3694fcd@group-24CD471FFB8A-LeaderElection13] INFO  impl.LeaderElection (LeaderElection.java:askForVotes(312)) - 9fb7a251-87f9-4a5e-bbf3-14e1e3694fcd@group-24CD471FFB8A-LeaderElection13 PRE_VOTE round 0: submit vote requests at term 0 for -1: peers:[5ca82d80-1088-40df-b8b2-c16ff7ffaa84|rpc:10.1.1.15:35731|dataStream:10.1.1.15:35983|priority:0|startupRole:FOLLOWER, 9fb7a251-87f9-4a5e-bbf3-14e1e3694fcd|rpc:10.1.1.15:38965|dataStream:10.1.1.15:40139|priority:1|startupRole:FOLLOWER, 937551b9-64e7-48ec-8838-f5047df98f27|rpc:10.1.1.15:39817|dataStream:10.1.1.15:35681|priority:0|startupRole:FOLLOWER]|listeners:[], old=null
2023-02-28 20:09:32,059 [9fb7a251-87f9-4a5e-bbf3-14e1e3694fcd@group-24CD471FFB8A-LeaderElection13-1] INFO  server.GrpcServerProtocolClient (GrpcServerProtocolClient.java:<init>(63)) - Build channel for 5ca82d80-1088-40df-b8b2-c16ff7ffaa84
2023-02-28 20:09:32,062 [9fb7a251-87f9-4a5e-bbf3-14e1e3694fcd@group-24CD471FFB8A-LeaderElection13] INFO  server.RaftServerConfigKeys (ConfUtils.java:logFallback(53)) - raft.server.rpc.first-election.timeout.min = 5s (fallback to raft.server.rpc.timeout.min)
2023-02-28 20:09:32,063 [9fb7a251-87f9-4a5e-bbf3-14e1e3694fcd@group-24CD471FFB8A-LeaderElection13] INFO  server.RaftServerConfigKeys (ConfUtils.java:logFallback(53)) - raft.server.rpc.first-election.timeout.max = 5200ms (fallback to raft.server.rpc.timeout.max)
2023-02-28 20:09:32,063 [9fb7a251-87f9-4a5e-bbf3-14e1e3694fcd@group-24CD471FFB8A-LeaderElection13-2] INFO  server.GrpcServerProtocolClient (GrpcServerProtocolClient.java:<init>(63)) - Build channel for 937551b9-64e7-48ec-8838-f5047df98f27
2023-02-28 20:09:32,067 [grpc-default-executor-9] INFO  server.RaftServer$Division (RaftServerImpl.java:requestVote(1218)) - 5ca82d80-1088-40df-b8b2-c16ff7ffaa84@group-24CD471FFB8A: receive requestVote(PRE_VOTE, 9fb7a251-87f9-4a5e-bbf3-14e1e3694fcd, group-24CD471FFB8A, 0, (t:0, i:0))
2023-02-28 20:09:32,068 [grpc-default-executor-9] INFO  impl.VoteContext (VoteContext.java:log(49)) - 5ca82d80-1088-40df-b8b2-c16ff7ffaa84@group-24CD471FFB8A-FOLLOWER: accept PRE_VOTE from 9fb7a251-87f9-4a5e-bbf3-14e1e3694fcd: our priority 0 <= candidate's priority 1
2023-02-28 20:09:32,068 [grpc-default-executor-9] INFO  server.RaftServer$Division (RaftServerImpl.java:requestVote(1251)) - 5ca82d80-1088-40df-b8b2-c16ff7ffaa84@group-24CD471FFB8A replies to PRE_VOTE vote request: 9fb7a251-87f9-4a5e-bbf3-14e1e3694fcd<-5ca82d80-1088-40df-b8b2-c16ff7ffaa84#0:OK-t0. Peer's state: 5ca82d80-1088-40df-b8b2-c16ff7ffaa84@group-24CD471FFB8A:t0, leader=null, voted=, raftlog=Memoized:5ca82d80-1088-40df-b8b2-c16ff7ffaa84@group-24CD471FFB8A-SegmentedRaftLog:OPENED:c-1, conf=-1: peers:[5ca82d80-1088-40df-b8b2-c16ff7ffaa84|rpc:10.1.1.15:35731|dataStream:10.1.1.15:35983|priority:0|startupRole:FOLLOWER, 9fb7a251-87f9-4a5e-bbf3-14e1e3694fcd|rpc:10.1.1.15:38965|dataStream:10.1.1.15:40139|priority:1|startupRole:FOLLOWER, 937551b9-64e7-48ec-8838-f5047df98f27|rpc:10.1.1.15:39817|dataStream:10.1.1.15:35681|priority:0|startupRole:FOLLOWER]|listeners:[], old=null
2023-02-28 20:09:32,074 [9fb7a251-87f9-4a5e-bbf3-14e1e3694fcd@group-24CD471FFB8A-LeaderElection13] INFO  impl.LeaderElection (LeaderElection.java:logAndReturn(90)) - 9fb7a251-87f9-4a5e-bbf3-14e1e3694fcd@group-24CD471FFB8A-LeaderElection13: PRE_VOTE PASSED received 1 response(s) and 0 exception(s):
2023-02-28 20:09:32,074 [9fb7a251-87f9-4a5e-bbf3-14e1e3694fcd@group-24CD471FFB8A-LeaderElection13] INFO  impl.LeaderElection (LeaderElection.java:logAndReturn(94)) -   Response 0: 9fb7a251-87f9-4a5e-bbf3-14e1e3694fcd<-5ca82d80-1088-40df-b8b2-c16ff7ffaa84#0:OK-t0
2023-02-28 20:09:32,074 [9fb7a251-87f9-4a5e-bbf3-14e1e3694fcd@group-24CD471FFB8A-LeaderElection13] INFO  impl.LeaderElection (LeaderElection.java:askForVotes(314)) - 9fb7a251-87f9-4a5e-bbf3-14e1e3694fcd@group-24CD471FFB8A-LeaderElection13 PRE_VOTE round 0: result PASSED
2023-02-28 20:09:32,077 [9fb7a251-87f9-4a5e-bbf3-14e1e3694fcd@group-24CD471FFB8A-LeaderElection13] INFO  impl.LeaderElection (LeaderElection.java:askForVotes(312)) - 9fb7a251-87f9-4a5e-bbf3-14e1e3694fcd@group-24CD471FFB8A-LeaderElection13 ELECTION round 0: submit vote requests at term 1 for -1: peers:[5ca82d80-1088-40df-b8b2-c16ff7ffaa84|rpc:10.1.1.15:35731|dataStream:10.1.1.15:35983|priority:0|startupRole:FOLLOWER, 9fb7a251-87f9-4a5e-bbf3-14e1e3694fcd|rpc:10.1.1.15:38965|dataStream:10.1.1.15:40139|priority:1|startupRole:FOLLOWER, 937551b9-64e7-48ec-8838-f5047df98f27|rpc:10.1.1.15:39817|dataStream:10.1.1.15:35681|priority:0|startupRole:FOLLOWER]|listeners:[], old=null
2023-02-28 20:09:32,078 [9fb7a251-87f9-4a5e-bbf3-14e1e3694fcd@group-24CD471FFB8A-LeaderElection13] INFO  server.RaftServerConfigKeys (ConfUtils.java:logFallback(53)) - raft.server.rpc.first-election.timeout.min = 5s (fallback to raft.server.rpc.timeout.min)
2023-02-28 20:09:32,079 [9fb7a251-87f9-4a5e-bbf3-14e1e3694fcd@group-24CD471FFB8A-LeaderElection13] INFO  server.RaftServerConfigKeys (ConfUtils.java:logFallback(53)) - raft.server.rpc.first-election.timeout.max = 5200ms (fallback to raft.server.rpc.timeout.max)
2023-02-28 20:09:32,079 [grpc-default-executor-9] INFO  server.RaftServer$Division (RaftServerImpl.java:requestVote(1218)) - 5ca82d80-1088-40df-b8b2-c16ff7ffaa84@group-24CD471FFB8A: receive requestVote(ELECTION, 9fb7a251-87f9-4a5e-bbf3-14e1e3694fcd, group-24CD471FFB8A, 1, (t:0, i:0))
2023-02-28 20:09:32,080 [grpc-default-executor-9] INFO  impl.VoteContext (VoteContext.java:log(49)) - 5ca82d80-1088-40df-b8b2-c16ff7ffaa84@group-24CD471FFB8A-FOLLOWER: accept ELECTION from 9fb7a251-87f9-4a5e-bbf3-14e1e3694fcd: our priority 0 <= candidate's priority 1
2023-02-28 20:09:32,080 [grpc-default-executor-9] INFO  server.RaftServer$Division (RaftServerImpl.java:setRole(321)) - 5ca82d80-1088-40df-b8b2-c16ff7ffaa84@group-24CD471FFB8A: changes role from  FOLLOWER to FOLLOWER at term 1 for candidate:9fb7a251-87f9-4a5e-bbf3-14e1e3694fcd
2023-02-28 20:09:32,080 [grpc-default-executor-9] INFO  impl.RoleInfo (RoleInfo.java:shutdownFollowerState(110)) - 5ca82d80-1088-40df-b8b2-c16ff7ffaa84: shutdown 5ca82d80-1088-40df-b8b2-c16ff7ffaa84@group-24CD471FFB8A-FollowerState
2023-02-28 20:09:32,080 [grpc-default-executor-9] INFO  impl.RoleInfo (RoleInfo.java:updateAndGet(139)) - 5ca82d80-1088-40df-b8b2-c16ff7ffaa84: start 5ca82d80-1088-40df-b8b2-c16ff7ffaa84@group-24CD471FFB8A-FollowerState
2023-02-28 20:09:32,080 [5ca82d80-1088-40df-b8b2-c16ff7ffaa84@group-24CD471FFB8A-FollowerState] INFO  impl.FollowerState (FollowerState.java:run(152)) - 5ca82d80-1088-40df-b8b2-c16ff7ffaa84@group-24CD471FFB8A-FollowerState was interrupted
2023-02-28 20:09:32,082 [5ca82d80-1088-40df-b8b2-c16ff7ffaa84@group-24CD471FFB8A-FollowerState] INFO  server.RaftServerConfigKeys (ConfUtils.java:logFallback(53)) - raft.server.rpc.first-election.timeout.min = 5s (fallback to raft.server.rpc.timeout.min)
2023-02-28 20:09:32,082 [5ca82d80-1088-40df-b8b2-c16ff7ffaa84@group-24CD471FFB8A-FollowerState] INFO  server.RaftServerConfigKeys (ConfUtils.java:logFallback(53)) - raft.server.rpc.first-election.timeout.max = 5200ms (fallback to raft.server.rpc.timeout.max)
2023-02-28 20:09:32,082 [grpc-default-executor-9] INFO  server.RaftServer$Division (RaftServerImpl.java:requestVote(1251)) - 5ca82d80-1088-40df-b8b2-c16ff7ffaa84@group-24CD471FFB8A replies to ELECTION vote request: 9fb7a251-87f9-4a5e-bbf3-14e1e3694fcd<-5ca82d80-1088-40df-b8b2-c16ff7ffaa84#0:OK-t1. Peer's state: 5ca82d80-1088-40df-b8b2-c16ff7ffaa84@group-24CD471FFB8A:t1, leader=null, voted=9fb7a251-87f9-4a5e-bbf3-14e1e3694fcd, raftlog=Memoized:5ca82d80-1088-40df-b8b2-c16ff7ffaa84@group-24CD471FFB8A-SegmentedRaftLog:OPENED:c-1, conf=-1: peers:[5ca82d80-1088-40df-b8b2-c16ff7ffaa84|rpc:10.1.1.15:35731|dataStream:10.1.1.15:35983|priority:0|startupRole:FOLLOWER, 9fb7a251-87f9-4a5e-bbf3-14e1e3694fcd|rpc:10.1.1.15:38965|dataStream:10.1.1.15:40139|priority:1|startupRole:FOLLOWER, 937551b9-64e7-48ec-8838-f5047df98f27|rpc:10.1.1.15:39817|dataStream:10.1.1.15:35681|priority:0|startupRole:FOLLOWER]|listeners:[], old=null
2023-02-28 20:09:32,083 [9fb7a251-87f9-4a5e-bbf3-14e1e3694fcd@group-24CD471FFB8A-LeaderElection13] INFO  impl.LeaderElection (LeaderElection.java:logAndReturn(90)) - 9fb7a251-87f9-4a5e-bbf3-14e1e3694fcd@group-24CD471FFB8A-LeaderElection13: ELECTION PASSED received 1 response(s) and 0 exception(s):
2023-02-28 20:09:32,083 [9fb7a251-87f9-4a5e-bbf3-14e1e3694fcd@group-24CD471FFB8A-LeaderElection13] INFO  impl.LeaderElection (LeaderElection.java:logAndReturn(94)) -   Response 0: 9fb7a251-87f9-4a5e-bbf3-14e1e3694fcd<-5ca82d80-1088-40df-b8b2-c16ff7ffaa84#0:OK-t1
2023-02-28 20:09:32,083 [9fb7a251-87f9-4a5e-bbf3-14e1e3694fcd@group-24CD471FFB8A-LeaderElection13] INFO  impl.LeaderElection (LeaderElection.java:askForVotes(314)) - 9fb7a251-87f9-4a5e-bbf3-14e1e3694fcd@group-24CD471FFB8A-LeaderElection13 ELECTION round 0: result PASSED
2023-02-28 20:09:32,083 [9fb7a251-87f9-4a5e-bbf3-14e1e3694fcd@group-24CD471FFB8A-LeaderElection13] INFO  impl.RoleInfo (RoleInfo.java:shutdownLeaderElection(130)) - 9fb7a251-87f9-4a5e-bbf3-14e1e3694fcd: shutdown 9fb7a251-87f9-4a5e-bbf3-14e1e3694fcd@group-24CD471FFB8A-LeaderElection13
2023-02-28 20:09:32,083 [9fb7a251-87f9-4a5e-bbf3-14e1e3694fcd@group-24CD471FFB8A-LeaderElection13] INFO  server.RaftServer$Division (RaftServerImpl.java:setRole(321)) - 9fb7a251-87f9-4a5e-bbf3-14e1e3694fcd@group-24CD471FFB8A: changes role from CANDIDATE to LEADER at term 1 for changeToLeader
2023-02-28 20:09:32,083 [9fb7a251-87f9-4a5e-bbf3-14e1e3694fcd@group-24CD471FFB8A-LeaderElection13] INFO  ratis.XceiverServerRatis (XceiverServerRatis.java:handleLeaderChangedNotification(905)) - Leader change notification received for group: group-24CD471FFB8A with new leaderId: 9fb7a251-87f9-4a5e-bbf3-14e1e3694fcd
2023-02-28 20:09:32,083 [9fb7a251-87f9-4a5e-bbf3-14e1e3694fcd@group-24CD471FFB8A-LeaderElection13] INFO  server.RaftServer$Division (ServerState.java:setLeader(313)) - 9fb7a251-87f9-4a5e-bbf3-14e1e3694fcd@group-24CD471FFB8A: change Leader from null to 9fb7a251-87f9-4a5e-bbf3-14e1e3694fcd at term 1 for becomeLeader, leader elected after 5108ms
2023-02-28 20:09:32,083 [9fb7a251-87f9-4a5e-bbf3-14e1e3694fcd@group-24CD471FFB8A-LeaderElection13] INFO  server.RaftServerConfigKeys (ConfUtils.java:logGet(46)) - raft.server.staging.catchup.gap = 1000 (default)
2023-02-28 20:09:32,083 [9fb7a251-87f9-4a5e-bbf3-14e1e3694fcd@group-24CD471FFB8A-LeaderElection13] INFO  server.RaftServerConfigKeys (ConfUtils.java:logGet(46)) - raft.server.write.element-limit = 1024 (custom)
2023-02-28 20:09:32,084 [9fb7a251-87f9-4a5e-bbf3-14e1e3694fcd@group-24CD471FFB8A-LeaderElection13] INFO  server.RaftServerConfigKeys (ConfUtils.java:logGet(46)) - raft.server.write.byte-limit = 1024 M (=1073741824) (custom)
2023-02-28 20:09:32,084 [9fb7a251-87f9-4a5e-bbf3-14e1e3694fcd@group-24CD471FFB8A-LeaderElection13] INFO  server.RaftServerConfigKeys (ConfUtils.java:logGet(46)) - raft.server.watch.timeout = 180s (custom)
2023-02-28 20:09:32,084 [9fb7a251-87f9-4a5e-bbf3-14e1e3694fcd@group-24CD471FFB8A-LeaderElection13] INFO  server.RaftServerConfigKeys (ConfUtils.java:logGet(46)) - raft.server.watch.timeout.denomination = 1s (default)
2023-02-28 20:09:32,084 [9fb7a251-87f9-4a5e-bbf3-14e1e3694fcd@group-24CD471FFB8A-LeaderElection13] INFO  server.RaftServerConfigKeys (ConfUtils.java:logGet(46)) - raft.server.watch.element-limit = 65536 (default)
2023-02-28 20:09:32,084 [9fb7a251-87f9-4a5e-bbf3-14e1e3694fcd@group-24CD471FFB8A-LeaderElection13] INFO  server.RaftServerConfigKeys (ConfUtils.java:logGet(46)) - raft.server.write.element-limit = 1024 (custom)
2023-02-28 20:09:32,084 [9fb7a251-87f9-4a5e-bbf3-14e1e3694fcd@group-24CD471FFB8A-LeaderElection13] INFO  server.RaftServerConfigKeys (ConfUtils.java:logGet(46)) - raft.server.write.follower.gap.ratio.max = -1.0 (default)
2023-02-28 20:09:32,084 [9fb7a251-87f9-4a5e-bbf3-14e1e3694fcd@group-24CD471FFB8A-LeaderElection13] INFO  server.RaftServerConfigKeys (ConfUtils.java:logGet(46)) - raft.server.log.appender.snapshot.chunk.size.max = 16MB (=16777216) (default)
2023-02-28 20:09:32,084 [9fb7a251-87f9-4a5e-bbf3-14e1e3694fcd@group-24CD471FFB8A-LeaderElection13] INFO  server.RaftServerConfigKeys (ConfUtils.java:logGet(46)) - raft.server.log.appender.buffer.byte-limit = 33554432 (custom)
2023-02-28 20:09:32,084 [9fb7a251-87f9-4a5e-bbf3-14e1e3694fcd@group-24CD471FFB8A-LeaderElection13] INFO  server.RaftServerConfigKeys (ConfUtils.java:logGet(46)) - raft.server.log.appender.buffer.element-limit = 1 (custom)
2023-02-28 20:09:32,084 [9fb7a251-87f9-4a5e-bbf3-14e1e3694fcd@group-24CD471FFB8A-LeaderElection13] INFO  grpc.GrpcConfigKeys (ConfUtils.java:logGet(46)) - raft.grpc.server.leader.outstanding.appends.max = 128 (default)
2023-02-28 20:09:32,085 [9fb7a251-87f9-4a5e-bbf3-14e1e3694fcd@group-24CD471FFB8A-LeaderElection13] INFO  server.RaftServerConfigKeys (ConfUtils.java:logGet(46)) - raft.server.rpc.request.timeout = 60s (custom)
2023-02-28 20:09:32,085 [9fb7a251-87f9-4a5e-bbf3-14e1e3694fcd@group-24CD471FFB8A-LeaderElection13] INFO  server.RaftServerConfigKeys (ConfUtils.java:logGet(46)) - raft.server.log.appender.install.snapshot.enabled = false (custom)
2023-02-28 20:09:32,085 [9fb7a251-87f9-4a5e-bbf3-14e1e3694fcd@group-24CD471FFB8A-LeaderElection13] INFO  grpc.GrpcConfigKeys (ConfUtils.java:logGet(46)) - raft.grpc.server.heartbeat.channel = true (default)
2023-02-28 20:09:32,085 [9fb7a251-87f9-4a5e-bbf3-14e1e3694fcd@group-24CD471FFB8A-LeaderElection13] INFO  server.RaftServerConfigKeys (ConfUtils.java:logGet(46)) - raft.server.log.appender.wait-time.min = 10ms (default)
2023-02-28 20:09:32,085 [9fb7a251-87f9-4a5e-bbf3-14e1e3694fcd@group-24CD471FFB8A-LeaderElection13] INFO  server.RaftServerConfigKeys (ConfUtils.java:logGet(46)) - raft.server.log.appender.snapshot.chunk.size.max = 16MB (=16777216) (default)
2023-02-28 20:09:32,085 [9fb7a251-87f9-4a5e-bbf3-14e1e3694fcd@group-24CD471FFB8A-LeaderElection13] INFO  server.RaftServerConfigKeys (ConfUtils.java:logGet(46)) - raft.server.log.appender.buffer.byte-limit = 33554432 (custom)
2023-02-28 20:09:32,085 [9fb7a251-87f9-4a5e-bbf3-14e1e3694fcd@group-24CD471FFB8A-LeaderElection13] INFO  server.RaftServerConfigKeys (ConfUtils.java:logGet(46)) - raft.server.log.appender.buffer.element-limit = 1 (custom)
2023-02-28 20:09:32,085 [9fb7a251-87f9-4a5e-bbf3-14e1e3694fcd@group-24CD471FFB8A-LeaderElection13] INFO  grpc.GrpcConfigKeys (ConfUtils.java:logGet(46)) - raft.grpc.server.leader.outstanding.appends.max = 128 (default)
2023-02-28 20:09:32,085 [9fb7a251-87f9-4a5e-bbf3-14e1e3694fcd@group-24CD471FFB8A-LeaderElection13] INFO  server.RaftServerConfigKeys (ConfUtils.java:logGet(46)) - raft.server.rpc.request.timeout = 60s (custom)
2023-02-28 20:09:32,085 [9fb7a251-87f9-4a5e-bbf3-14e1e3694fcd@group-24CD471FFB8A-LeaderElection13] INFO  server.RaftServerConfigKeys (ConfUtils.java:logGet(46)) - raft.server.log.appender.install.snapshot.enabled = false (custom)
2023-02-28 20:09:32,085 [9fb7a251-87f9-4a5e-bbf3-14e1e3694fcd@group-24CD471FFB8A-LeaderElection13] INFO  grpc.GrpcConfigKeys (ConfUtils.java:logGet(46)) - raft.grpc.server.heartbeat.channel = true (default)
2023-02-28 20:09:32,085 [9fb7a251-87f9-4a5e-bbf3-14e1e3694fcd@group-24CD471FFB8A-LeaderElection13] INFO  server.RaftServerConfigKeys (ConfUtils.java:logGet(46)) - raft.server.log.appender.wait-time.min = 10ms (default)
2023-02-28 20:09:32,086 [9fb7a251-87f9-4a5e-bbf3-14e1e3694fcd@group-24CD471FFB8A-LeaderElection13] INFO  impl.RoleInfo (RoleInfo.java:updateAndGet(139)) - 9fb7a251-87f9-4a5e-bbf3-14e1e3694fcd: start 9fb7a251-87f9-4a5e-bbf3-14e1e3694fcd@group-24CD471FFB8A-LeaderStateImpl
2023-02-28 20:09:32,086 [9fb7a251-87f9-4a5e-bbf3-14e1e3694fcd@group-24CD471FFB8A-LeaderElection13] INFO  segmented.SegmentedRaftLogWorker (SegmentedRaftLogWorker.java:startLogSegment(452)) - 9fb7a251-87f9-4a5e-bbf3-14e1e3694fcd@group-24CD471FFB8A-SegmentedRaftLogWorker: Starting segment from index:0
2023-02-28 20:09:32,088 [EventQueue-PipelineReportForPipelineReportHandler] INFO  pipeline.PipelineManagerImpl (PipelineManagerImpl.java:openPipeline(367)) - Pipeline Pipeline[ Id: d6155cd7-9825-4f89-9110-24cd471ffb8a, Nodes: 5ca82d80-1088-40df-b8b2-c16ff7ffaa84(fv-az399-334/10.1.1.15)9fb7a251-87f9-4a5e-bbf3-14e1e3694fcd(fv-az399-334/10.1.1.15)937551b9-64e7-48ec-8838-f5047df98f27(fv-az399-334/10.1.1.15), ReplicationConfig: RATIS/THREE, State:ALLOCATED, leaderId:9fb7a251-87f9-4a5e-bbf3-14e1e3694fcd, CreationTimestamp2023-02-28T20:09:24.405Z[Etc/UTC]] moved to OPEN state
2023-02-28 20:09:32,087 [grpc-default-executor-9] INFO  server.RaftServer$Division (RaftServerImpl.java:requestVote(1218)) - 937551b9-64e7-48ec-8838-f5047df98f27@group-24CD471FFB8A: receive requestVote(PRE_VOTE, 9fb7a251-87f9-4a5e-bbf3-14e1e3694fcd, group-24CD471FFB8A, 0, (t:0, i:0))
2023-02-28 20:09:32,090 [grpc-default-executor-9] INFO  impl.VoteContext (VoteContext.java:log(49)) - 937551b9-64e7-48ec-8838-f5047df98f27@group-24CD471FFB8A-FOLLOWER: accept PRE_VOTE from 9fb7a251-87f9-4a5e-bbf3-14e1e3694fcd: our priority 0 <= candidate's priority 1
2023-02-28 20:09:32,090 [grpc-default-executor-9] INFO  server.RaftServer$Division (RaftServerImpl.java:requestVote(1251)) - 937551b9-64e7-48ec-8838-f5047df98f27@group-24CD471FFB8A replies to PRE_VOTE vote request: 9fb7a251-87f9-4a5e-bbf3-14e1e3694fcd<-937551b9-64e7-48ec-8838-f5047df98f27#0:OK-t0. Peer's state: 937551b9-64e7-48ec-8838-f5047df98f27@group-24CD471FFB8A:t0, leader=null, voted=, raftlog=Memoized:937551b9-64e7-48ec-8838-f5047df98f27@group-24CD471FFB8A-SegmentedRaftLog:OPENED:c-1, conf=-1: peers:[5ca82d80-1088-40df-b8b2-c16ff7ffaa84|rpc:10.1.1.15:35731|dataStream:10.1.1.15:35983|priority:0|startupRole:FOLLOWER, 9fb7a251-87f9-4a5e-bbf3-14e1e3694fcd|rpc:10.1.1.15:38965|dataStream:10.1.1.15:40139|priority:1|startupRole:FOLLOWER, 937551b9-64e7-48ec-8838-f5047df98f27|rpc:10.1.1.15:39817|dataStream:10.1.1.15:35681|priority:0|startupRole:FOLLOWER]|listeners:[], old=null
2023-02-28 20:09:32,087 [grpc-default-executor-0] INFO  server.RaftServer$Division (RaftServerImpl.java:requestVote(1218)) - 937551b9-64e7-48ec-8838-f5047df98f27@group-24CD471FFB8A: receive requestVote(ELECTION, 9fb7a251-87f9-4a5e-bbf3-14e1e3694fcd, group-24CD471FFB8A, 1, (t:0, i:0))
2023-02-28 20:09:32,095 [grpc-default-executor-0] INFO  impl.VoteContext (VoteContext.java:log(49)) - 937551b9-64e7-48ec-8838-f5047df98f27@group-24CD471FFB8A-FOLLOWER: accept ELECTION from 9fb7a251-87f9-4a5e-bbf3-14e1e3694fcd: our priority 0 <= candidate's priority 1
2023-02-28 20:09:32,095 [grpc-default-executor-0] INFO  server.RaftServer$Division (RaftServerImpl.java:setRole(321)) - 937551b9-64e7-48ec-8838-f5047df98f27@group-24CD471FFB8A: changes role from  FOLLOWER to FOLLOWER at term 1 for candidate:9fb7a251-87f9-4a5e-bbf3-14e1e3694fcd
2023-02-28 20:09:32,095 [grpc-default-executor-0] INFO  impl.RoleInfo (RoleInfo.java:shutdownFollowerState(110)) - 937551b9-64e7-48ec-8838-f5047df98f27: shutdown 937551b9-64e7-48ec-8838-f5047df98f27@group-24CD471FFB8A-FollowerState
2023-02-28 20:09:32,095 [grpc-default-executor-0] INFO  impl.RoleInfo (RoleInfo.java:updateAndGet(139)) - 937551b9-64e7-48ec-8838-f5047df98f27: start 937551b9-64e7-48ec-8838-f5047df98f27@group-24CD471FFB8A-FollowerState
2023-02-28 20:09:32,095 [937551b9-64e7-48ec-8838-f5047df98f27@group-24CD471FFB8A-FollowerState] INFO  impl.FollowerState (FollowerState.java:run(152)) - 937551b9-64e7-48ec-8838-f5047df98f27@group-24CD471FFB8A-FollowerState was interrupted
2023-02-28 20:09:32,110 [9fb7a251-87f9-4a5e-bbf3-14e1e3694fcd@group-24CD471FFB8A-LeaderElection13] INFO  server.RaftServer$Division (ServerState.java:setRaftConf(430)) - 9fb7a251-87f9-4a5e-bbf3-14e1e3694fcd@group-24CD471FFB8A: set configuration 0: peers:[5ca82d80-1088-40df-b8b2-c16ff7ffaa84|rpc:10.1.1.15:35731|dataStream:10.1.1.15:35983|priority:0|startupRole:FOLLOWER, 9fb7a251-87f9-4a5e-bbf3-14e1e3694fcd|rpc:10.1.1.15:38965|dataStream:10.1.1.15:40139|priority:1|startupRole:FOLLOWER, 937551b9-64e7-48ec-8838-f5047df98f27|rpc:10.1.1.15:39817|dataStream:10.1.1.15:35681|priority:0|startupRole:FOLLOWER]|listeners:[], old=null
2023-02-28 20:09:32,107 [5ca82d80-1088-40df-b8b2-c16ff7ffaa84-server-thread1] INFO  ratis.XceiverServerRatis (XceiverServerRatis.java:handleLeaderChangedNotification(905)) - Leader change notification received for group: group-24CD471FFB8A with new leaderId: 9fb7a251-87f9-4a5e-bbf3-14e1e3694fcd
2023-02-28 20:09:32,103 [9fb7a251-87f9-4a5e-bbf3-14e1e3694fcd@group-24CD471FFB8A-SegmentedRaftLogWorker] INFO  segmented.SegmentedRaftLogWorker (SegmentedRaftLogWorker.java:execute(656)) - 9fb7a251-87f9-4a5e-bbf3-14e1e3694fcd@group-24CD471FFB8A-SegmentedRaftLogWorker: created new log segment /home/runner/work/ozone/ozone/hadoop-ozone/integration-test/target/test-dir/MiniOzoneClusterImpl-58db5c20-d6df-4fe1-a747-1f1a0fc9447e/datanode-2/data/ratis/d6155cd7-9825-4f89-9110-24cd471ffb8a/current/log_inprogress_0
2023-02-28 20:09:32,115 [5ca82d80-1088-40df-b8b2-c16ff7ffaa84-server-thread1] INFO  server.RaftServer$Division (ServerState.java:setLeader(313)) - 5ca82d80-1088-40df-b8b2-c16ff7ffaa84@group-24CD471FFB8A: change Leader from null to 9fb7a251-87f9-4a5e-bbf3-14e1e3694fcd at term 1 for appendEntries, leader elected after 5170ms
2023-02-28 20:09:32,096 [grpc-default-executor-0] INFO  server.RaftServer$Division (RaftServerImpl.java:requestVote(1251)) - 937551b9-64e7-48ec-8838-f5047df98f27@group-24CD471FFB8A replies to ELECTION vote request: 9fb7a251-87f9-4a5e-bbf3-14e1e3694fcd<-937551b9-64e7-48ec-8838-f5047df98f27#0:OK-t1. Peer's state: 937551b9-64e7-48ec-8838-f5047df98f27@group-24CD471FFB8A:t1, leader=null, voted=9fb7a251-87f9-4a5e-bbf3-14e1e3694fcd, raftlog=Memoized:937551b9-64e7-48ec-8838-f5047df98f27@group-24CD471FFB8A-SegmentedRaftLog:OPENED:c-1, conf=-1: peers:[5ca82d80-1088-40df-b8b2-c16ff7ffaa84|rpc:10.1.1.15:35731|dataStream:10.1.1.15:35983|priority:0|startupRole:FOLLOWER, 9fb7a251-87f9-4a5e-bbf3-14e1e3694fcd|rpc:10.1.1.15:38965|dataStream:10.1.1.15:40139|priority:1|startupRole:FOLLOWER, 937551b9-64e7-48ec-8838-f5047df98f27|rpc:10.1.1.15:39817|dataStream:10.1.1.15:35681|priority:0|startupRole:FOLLOWER]|listeners:[], old=null
2023-02-28 20:09:32,096 [937551b9-64e7-48ec-8838-f5047df98f27@group-24CD471FFB8A-FollowerState] INFO  server.RaftServerConfigKeys (ConfUtils.java:logFallback(53)) - raft.server.rpc.first-election.timeout.min = 5s (fallback to raft.server.rpc.timeout.min)
2023-02-28 20:09:32,115 [937551b9-64e7-48ec-8838-f5047df98f27@group-24CD471FFB8A-FollowerState] INFO  server.RaftServerConfigKeys (ConfUtils.java:logFallback(53)) - raft.server.rpc.first-election.timeout.max = 5200ms (fallback to raft.server.rpc.timeout.max)
2023-02-28 20:09:32,117 [5ca82d80-1088-40df-b8b2-c16ff7ffaa84-server-thread2] INFO  server.RaftServer$Division (ServerState.java:setRaftConf(430)) - 5ca82d80-1088-40df-b8b2-c16ff7ffaa84@group-24CD471FFB8A: set configuration 0: peers:[5ca82d80-1088-40df-b8b2-c16ff7ffaa84|rpc:10.1.1.15:35731|dataStream:10.1.1.15:35983|priority:0|startupRole:FOLLOWER, 9fb7a251-87f9-4a5e-bbf3-14e1e3694fcd|rpc:10.1.1.15:38965|dataStream:10.1.1.15:40139|priority:1|startupRole:FOLLOWER, 937551b9-64e7-48ec-8838-f5047df98f27|rpc:10.1.1.15:39817|dataStream:10.1.1.15:35681|priority:0|startupRole:FOLLOWER]|listeners:[], old=null
2023-02-28 20:09:32,124 [5ca82d80-1088-40df-b8b2-c16ff7ffaa84@group-01B27E31000A-FollowerState] INFO  impl.FollowerState (FollowerState.java:run(143)) - 5ca82d80-1088-40df-b8b2-c16ff7ffaa84@group-01B27E31000A-FollowerState: change to CANDIDATE, lastRpcElapsedTime:5021597881ns, electionTimeout:5019ms
2023-02-28 20:09:32,124 [5ca82d80-1088-40df-b8b2-c16ff7ffaa84@group-01B27E31000A-FollowerState] INFO  impl.RoleInfo (RoleInfo.java:shutdownFollowerState(110)) - 5ca82d80-1088-40df-b8b2-c16ff7ffaa84: shutdown 5ca82d80-1088-40df-b8b2-c16ff7ffaa84@group-01B27E31000A-FollowerState
2023-02-28 20:09:32,124 [5ca82d80-1088-40df-b8b2-c16ff7ffaa84@group-01B27E31000A-FollowerState] INFO  server.RaftServer$Division (RaftServerImpl.java:setRole(321)) - 5ca82d80-1088-40df-b8b2-c16ff7ffaa84@group-01B27E31000A: changes role from  FOLLOWER to CANDIDATE at term 0 for changeToCandidate
2023-02-28 20:09:32,124 [5ca82d80-1088-40df-b8b2-c16ff7ffaa84@group-01B27E31000A-FollowerState] INFO  server.RaftServerConfigKeys (ConfUtils.java:logGet(46)) - raft.server.leaderelection.pre-vote = true (default)
2023-02-28 20:09:32,124 [5ca82d80-1088-40df-b8b2-c16ff7ffaa84@group-01B27E31000A-FollowerState] INFO  impl.RoleInfo (RoleInfo.java:updateAndGet(139)) - 5ca82d80-1088-40df-b8b2-c16ff7ffaa84: start 5ca82d80-1088-40df-b8b2-c16ff7ffaa84@group-01B27E31000A-LeaderElection14
2023-02-28 20:09:32,124 [5ca82d80-1088-40df-b8b2-c16ff7ffaa84-server-thread2] INFO  segmented.SegmentedRaftLogWorker (SegmentedRaftLogWorker.java:startLogSegment(452)) - 5ca82d80-1088-40df-b8b2-c16ff7ffaa84@group-24CD471FFB8A-SegmentedRaftLogWorker: Starting segment from index:0
2023-02-28 20:09:32,131 [5ca82d80-1088-40df-b8b2-c16ff7ffaa84@group-01B27E31000A-LeaderElection14] INFO  impl.LeaderElection (LeaderElection.java:askForVotes(312)) - 5ca82d80-1088-40df-b8b2-c16ff7ffaa84@group-01B27E31000A-LeaderElection14 PRE_VOTE round 0: submit vote requests at term 0 for -1: peers:[5ca82d80-1088-40df-b8b2-c16ff7ffaa84|rpc:10.1.1.15:35731|dataStream:10.1.1.15:35983|priority:1|startupRole:FOLLOWER]|listeners:[], old=null
2023-02-28 20:09:32,131 [5ca82d80-1088-40df-b8b2-c16ff7ffaa84@group-01B27E31000A-LeaderElection14] INFO  impl.LeaderElection (LeaderElection.java:askForVotes(314)) - 5ca82d80-1088-40df-b8b2-c16ff7ffaa84@group-01B27E31000A-LeaderElection14 PRE_VOTE round 0: result PASSED (term=0)
2023-02-28 20:09:32,132 [5ca82d80-1088-40df-b8b2-c16ff7ffaa84@group-24CD471FFB8A-SegmentedRaftLogWorker] INFO  segmented.SegmentedRaftLogWorker (SegmentedRaftLogWorker.java:execute(656)) - 5ca82d80-1088-40df-b8b2-c16ff7ffaa84@group-24CD471FFB8A-SegmentedRaftLogWorker: created new log segment /home/runner/work/ozone/ozone/hadoop-ozone/integration-test/target/test-dir/MiniOzoneClusterImpl-58db5c20-d6df-4fe1-a747-1f1a0fc9447e/datanode-1/data/ratis/d6155cd7-9825-4f89-9110-24cd471ffb8a/current/log_inprogress_0
2023-02-28 20:09:32,133 [937551b9-64e7-48ec-8838-f5047df98f27-server-thread1] INFO  ratis.XceiverServerRatis (XceiverServerRatis.java:handleLeaderChangedNotification(905)) - Leader change notification received for group: group-24CD471FFB8A with new leaderId: 9fb7a251-87f9-4a5e-bbf3-14e1e3694fcd
2023-02-28 20:09:32,134 [937551b9-64e7-48ec-8838-f5047df98f27-server-thread1] INFO  server.RaftServer$Division (ServerState.java:setLeader(313)) - 937551b9-64e7-48ec-8838-f5047df98f27@group-24CD471FFB8A: change Leader from null to 9fb7a251-87f9-4a5e-bbf3-14e1e3694fcd at term 1 for appendEntries, leader elected after 5233ms
2023-02-28 20:09:32,134 [937551b9-64e7-48ec-8838-f5047df98f27-server-thread1] INFO  server.RaftServer$Division (ServerState.java:setRaftConf(430)) - 937551b9-64e7-48ec-8838-f5047df98f27@group-24CD471FFB8A: set configuration 0: peers:[5ca82d80-1088-40df-b8b2-c16ff7ffaa84|rpc:10.1.1.15:35731|dataStream:10.1.1.15:35983|priority:0|startupRole:FOLLOWER, 9fb7a251-87f9-4a5e-bbf3-14e1e3694fcd|rpc:10.1.1.15:38965|dataStream:10.1.1.15:40139|priority:1|startupRole:FOLLOWER, 937551b9-64e7-48ec-8838-f5047df98f27|rpc:10.1.1.15:39817|dataStream:10.1.1.15:35681|priority:0|startupRole:FOLLOWER]|listeners:[], old=null
2023-02-28 20:09:32,134 [5ca82d80-1088-40df-b8b2-c16ff7ffaa84@group-01B27E31000A-LeaderElection14] INFO  impl.LeaderElection (LeaderElection.java:askForVotes(312)) - 5ca82d80-1088-40df-b8b2-c16ff7ffaa84@group-01B27E31000A-LeaderElection14 ELECTION round 0: submit vote requests at term 1 for -1: peers:[5ca82d80-1088-40df-b8b2-c16ff7ffaa84|rpc:10.1.1.15:35731|dataStream:10.1.1.15:35983|priority:1|startupRole:FOLLOWER]|listeners:[], old=null
2023-02-28 20:09:32,134 [5ca82d80-1088-40df-b8b2-c16ff7ffaa84@group-01B27E31000A-LeaderElection14] INFO  impl.LeaderElection (LeaderElection.java:askForVotes(314)) - 5ca82d80-1088-40df-b8b2-c16ff7ffaa84@group-01B27E31000A-LeaderElection14 ELECTION round 0: result PASSED (term=1)
2023-02-28 20:09:32,134 [5ca82d80-1088-40df-b8b2-c16ff7ffaa84@group-01B27E31000A-LeaderElection14] INFO  impl.RoleInfo (RoleInfo.java:shutdownLeaderElection(130)) - 5ca82d80-1088-40df-b8b2-c16ff7ffaa84: shutdown 5ca82d80-1088-40df-b8b2-c16ff7ffaa84@group-01B27E31000A-LeaderElection14
2023-02-28 20:09:32,134 [5ca82d80-1088-40df-b8b2-c16ff7ffaa84@group-01B27E31000A-LeaderElection14] INFO  server.RaftServer$Division (RaftServerImpl.java:setRole(321)) - 5ca82d80-1088-40df-b8b2-c16ff7ffaa84@group-01B27E31000A: changes role from CANDIDATE to LEADER at term 1 for changeToLeader
2023-02-28 20:09:32,134 [5ca82d80-1088-40df-b8b2-c16ff7ffaa84@group-01B27E31000A-LeaderElection14] INFO  ratis.XceiverServerRatis (XceiverServerRatis.java:handleLeaderChangedNotification(905)) - Leader change notification received for group: group-01B27E31000A with new leaderId: 5ca82d80-1088-40df-b8b2-c16ff7ffaa84
2023-02-28 20:09:32,134 [937551b9-64e7-48ec-8838-f5047df98f27-server-thread1] INFO  segmented.SegmentedRaftLogWorker (SegmentedRaftLogWorker.java:startLogSegment(452)) - 937551b9-64e7-48ec-8838-f5047df98f27@group-24CD471FFB8A-SegmentedRaftLogWorker: Starting segment from index:0
2023-02-28 20:09:32,139 [5ca82d80-1088-40df-b8b2-c16ff7ffaa84@group-01B27E31000A-LeaderElection14] INFO  server.RaftServer$Division (ServerState.java:setLeader(313)) - 5ca82d80-1088-40df-b8b2-c16ff7ffaa84@group-01B27E31000A: change Leader from null to 5ca82d80-1088-40df-b8b2-c16ff7ffaa84 at term 1 for becomeLeader, leader elected after 5049ms
2023-02-28 20:09:32,140 [5ca82d80-1088-40df-b8b2-c16ff7ffaa84@group-01B27E31000A-LeaderElection14] INFO  server.RaftServerConfigKeys (ConfUtils.java:logGet(46)) - raft.server.staging.catchup.gap = 1000 (default)
2023-02-28 20:09:32,140 [5ca82d80-1088-40df-b8b2-c16ff7ffaa84@group-01B27E31000A-LeaderElection14] INFO  server.RaftServerConfigKeys (ConfUtils.java:logGet(46)) - raft.server.write.element-limit = 1024 (custom)
2023-02-28 20:09:32,140 [5ca82d80-1088-40df-b8b2-c16ff7ffaa84@group-01B27E31000A-LeaderElection14] INFO  server.RaftServerConfigKeys (ConfUtils.java:logGet(46)) - raft.server.write.byte-limit = 1024 M (=1073741824) (custom)
2023-02-28 20:09:32,140 [5ca82d80-1088-40df-b8b2-c16ff7ffaa84@group-01B27E31000A-LeaderElection14] INFO  server.RaftServerConfigKeys (ConfUtils.java:logGet(46)) - raft.server.watch.timeout = 180s (custom)
2023-02-28 20:09:32,140 [5ca82d80-1088-40df-b8b2-c16ff7ffaa84@group-01B27E31000A-LeaderElection14] INFO  server.RaftServerConfigKeys (ConfUtils.java:logGet(46)) - raft.server.watch.timeout.denomination = 1s (default)
2023-02-28 20:09:32,140 [5ca82d80-1088-40df-b8b2-c16ff7ffaa84@group-01B27E31000A-LeaderElection14] INFO  server.RaftServerConfigKeys (ConfUtils.java:logGet(46)) - raft.server.watch.element-limit = 65536 (default)
2023-02-28 20:09:32,140 [5ca82d80-1088-40df-b8b2-c16ff7ffaa84@group-01B27E31000A-LeaderElection14] INFO  server.RaftServerConfigKeys (ConfUtils.java:logGet(46)) - raft.server.write.element-limit = 1024 (custom)
2023-02-28 20:09:32,140 [5ca82d80-1088-40df-b8b2-c16ff7ffaa84@group-01B27E31000A-LeaderElection14] INFO  server.RaftServerConfigKeys (ConfUtils.java:logGet(46)) - raft.server.write.follower.gap.ratio.max = -1.0 (default)
2023-02-28 20:09:32,141 [5ca82d80-1088-40df-b8b2-c16ff7ffaa84@group-01B27E31000A-LeaderElection14] INFO  impl.RoleInfo (RoleInfo.java:updateAndGet(139)) - 5ca82d80-1088-40df-b8b2-c16ff7ffaa84: start 5ca82d80-1088-40df-b8b2-c16ff7ffaa84@group-01B27E31000A-LeaderStateImpl
2023-02-28 20:09:32,141 [5ca82d80-1088-40df-b8b2-c16ff7ffaa84@group-01B27E31000A-LeaderElection14] INFO  segmented.SegmentedRaftLogWorker (SegmentedRaftLogWorker.java:startLogSegment(452)) - 5ca82d80-1088-40df-b8b2-c16ff7ffaa84@group-01B27E31000A-SegmentedRaftLogWorker: Starting segment from index:0
2023-02-28 20:09:32,142 [5ca82d80-1088-40df-b8b2-c16ff7ffaa84@group-01B27E31000A-SegmentedRaftLogWorker] INFO  segmented.SegmentedRaftLogWorker (SegmentedRaftLogWorker.java:execute(656)) - 5ca82d80-1088-40df-b8b2-c16ff7ffaa84@group-01B27E31000A-SegmentedRaftLogWorker: created new log segment /home/runner/work/ozone/ozone/hadoop-ozone/integration-test/target/test-dir/MiniOzoneClusterImpl-58db5c20-d6df-4fe1-a747-1f1a0fc9447e/datanode-1/data/ratis/5c90f5cf-4b7f-4d87-a97c-01b27e31000a/current/log_inprogress_0
2023-02-28 20:09:32,142 [937551b9-64e7-48ec-8838-f5047df98f27@group-24CD471FFB8A-SegmentedRaftLogWorker] INFO  segmented.SegmentedRaftLogWorker (SegmentedRaftLogWorker.java:execute(656)) - 937551b9-64e7-48ec-8838-f5047df98f27@group-24CD471FFB8A-SegmentedRaftLogWorker: created new log segment /home/runner/work/ozone/ozone/hadoop-ozone/integration-test/target/test-dir/MiniOzoneClusterImpl-58db5c20-d6df-4fe1-a747-1f1a0fc9447e/datanode-0/data/ratis/d6155cd7-9825-4f89-9110-24cd471ffb8a/current/log_inprogress_0
2023-02-28 20:09:32,144 [5ca82d80-1088-40df-b8b2-c16ff7ffaa84@group-01B27E31000A-LeaderElection14] INFO  server.RaftServer$Division (ServerState.java:setRaftConf(430)) - 5ca82d80-1088-40df-b8b2-c16ff7ffaa84@group-01B27E31000A: set configuration 0: peers:[5ca82d80-1088-40df-b8b2-c16ff7ffaa84|rpc:10.1.1.15:35731|dataStream:10.1.1.15:35983|priority:1|startupRole:FOLLOWER]|listeners:[], old=null
2023-02-28 20:09:32,396 [Listener at 127.0.0.1/37989] INFO  ozone.MiniOzoneClusterImpl (MiniOzoneClusterImpl.java:lambda$waitForClusterToBeReady$0(218)) - Nodes are ready. Got 3 of 3 DN Heartbeats.
2023-02-28 20:09:32,396 [Listener at 127.0.0.1/37989] INFO  ozone.MiniOzoneClusterImpl (MiniOzoneClusterImpl.java:lambda$waitForClusterToBeReady$0(221)) - Cluster exits safe mode
2023-02-28 20:09:32,396 [Listener at 127.0.0.1/37989] INFO  ozone.MiniOzoneClusterImpl (MiniOzoneClusterImpl.java:lambda$waitForClusterToBeReady$0(223)) - SCM became leader
2023-02-28 20:09:32,421 [Listener at 127.0.0.1/37989] INFO  rpc.RpcClient (RpcClient.java:createVolume(476)) - Creating Volume: volume84216, with user55026 as owner and space quota set to -1 bytes, counts quota set to -1
2023-02-28 20:09:32,430 [OM StateMachine ApplyTransaction Thread - 0] INFO  volume.OMVolumeCreateRequest (OMVolumeCreateRequest.java:validateAndUpdateCache(195)) - created volume:volume84216 for user:user55026
2023-02-28 20:09:32,451 [OM StateMachine ApplyTransaction Thread - 0] INFO  volume.OMVolumeCreateRequest (OMVolumeCreateRequest.java:validateAndUpdateCache(195)) - created volume:volume84216 for user:user55026
2023-02-28 20:09:32,454 [Listener at 127.0.0.1/37989] INFO  rpc.RpcClient (RpcClient.java:createBucket(698)) - Creating Bucket: volume84216/bucket29211, with bucket layout FILE_SYSTEM_OPTIMIZED, runner as owner, Versioning false, Storage Type set to DISK and Encryption set to false, Replication Type set to server-side default replication type, Namespace Quota set to -1, Space Quota set to -1 
2023-02-28 20:09:32,460 [OM StateMachine ApplyTransaction Thread - 0] INFO  bucket.OMBucketCreateRequest (OMBucketCreateRequest.java:validateAndUpdateCache(263)) - created bucket: bucket29211 of layout FILE_SYSTEM_OPTIMIZED in volume: volume84216
2023-02-28 20:09:32,461 [OM StateMachine ApplyTransaction Thread - 0] INFO  volume.OMVolumeCreateRequest (OMVolumeCreateRequest.java:validateAndUpdateCache(195)) - created volume:volume84216 for user:user55026
2023-02-28 20:09:32,462 [OM StateMachine ApplyTransaction Thread - 0] INFO  bucket.OMBucketCreateRequest (OMBucketCreateRequest.java:validateAndUpdateCache(263)) - created bucket: bucket29211 of layout FILE_SYSTEM_OPTIMIZED in volume: volume84216
2023-02-28 20:09:32,475 [OM StateMachine ApplyTransaction Thread - 0] INFO  bucket.OMBucketCreateRequest (OMBucketCreateRequest.java:validateAndUpdateCache(263)) - created bucket: bucket29211 of layout FILE_SYSTEM_OPTIMIZED in volume: volume84216
2023-02-28 20:09:32,479 [Listener at 127.0.0.1/37989] INFO  utils.BackgroundService (BackgroundService.java:shutdown(141)) - Shutting down service KeyDeletingService
2023-02-28 20:09:32,479 [Listener at 127.0.0.1/37989] INFO  utils.BackgroundService (BackgroundService.java:shutdown(141)) - Shutting down service DirectoryDeletingService
2023-02-28 20:09:32,479 [Listener at 127.0.0.1/37989] INFO  utils.BackgroundService (BackgroundService.java:shutdown(141)) - Shutting down service OpenKeyCleanupService
2023-02-28 20:09:32,479 [Listener at 127.0.0.1/37989] INFO  utils.BackgroundService (BackgroundService.java:shutdown(141)) - Shutting down service SstFilteringService
2023-02-28 20:09:32,480 [Listener at 127.0.0.1/37989] WARN  server.ServerUtils (ServerUtils.java:getDBPath(225)) - ozone.om.db.dirs is not configured. We recommend adding this setting. Falling back to ozone.metadata.dirs instead.
2023-02-28 20:09:32,482 [9fb7a251-87f9-4a5e-bbf3-14e1e3694fcd@group-6CF1DC92D9FE-FollowerState] INFO  impl.FollowerState (FollowerState.java:run(143)) - 9fb7a251-87f9-4a5e-bbf3-14e1e3694fcd@group-6CF1DC92D9FE-FollowerState: change to CANDIDATE, lastRpcElapsedTime:5067433026ns, electionTimeout:5057ms
2023-02-28 20:09:32,482 [9fb7a251-87f9-4a5e-bbf3-14e1e3694fcd@group-6CF1DC92D9FE-FollowerState] INFO  impl.RoleInfo (RoleInfo.java:shutdownFollowerState(110)) - 9fb7a251-87f9-4a5e-bbf3-14e1e3694fcd: shutdown 9fb7a251-87f9-4a5e-bbf3-14e1e3694fcd@group-6CF1DC92D9FE-FollowerState
2023-02-28 20:09:32,482 [9fb7a251-87f9-4a5e-bbf3-14e1e3694fcd@group-6CF1DC92D9FE-FollowerState] INFO  server.RaftServer$Division (RaftServerImpl.java:setRole(321)) - 9fb7a251-87f9-4a5e-bbf3-14e1e3694fcd@group-6CF1DC92D9FE: changes role from  FOLLOWER to CANDIDATE at term 0 for changeToCandidate
2023-02-28 20:09:32,482 [Time-limited test] INFO  rpc.RpcClient (RpcClient.java:createVolume(476)) - Creating Volume: vol-33783, with runner as owner and space quota set to -1 bytes, counts quota set to -1
2023-02-28 20:09:32,482 [9fb7a251-87f9-4a5e-bbf3-14e1e3694fcd@group-6CF1DC92D9FE-FollowerState] INFO  server.RaftServerConfigKeys (ConfUtils.java:logGet(46)) - raft.server.leaderelection.pre-vote = true (default)
2023-02-28 20:09:32,483 [9fb7a251-87f9-4a5e-bbf3-14e1e3694fcd@group-6CF1DC92D9FE-FollowerState] INFO  impl.RoleInfo (RoleInfo.java:updateAndGet(139)) - 9fb7a251-87f9-4a5e-bbf3-14e1e3694fcd: start 9fb7a251-87f9-4a5e-bbf3-14e1e3694fcd@group-6CF1DC92D9FE-LeaderElection15
2023-02-28 20:09:32,485 [9fb7a251-87f9-4a5e-bbf3-14e1e3694fcd@group-6CF1DC92D9FE-LeaderElection15] INFO  impl.LeaderElection (LeaderElection.java:askForVotes(312)) - 9fb7a251-87f9-4a5e-bbf3-14e1e3694fcd@group-6CF1DC92D9FE-LeaderElection15 PRE_VOTE round 0: submit vote requests at term 0 for -1: peers:[9fb7a251-87f9-4a5e-bbf3-14e1e3694fcd|rpc:10.1.1.15:38965|dataStream:10.1.1.15:40139|priority:1|startupRole:FOLLOWER]|listeners:[], old=null
2023-02-28 20:09:32,488 [9fb7a251-87f9-4a5e-bbf3-14e1e3694fcd@group-6CF1DC92D9FE-LeaderElection15] INFO  impl.LeaderElection (LeaderElection.java:askForVotes(314)) - 9fb7a251-87f9-4a5e-bbf3-14e1e3694fcd@group-6CF1DC92D9FE-LeaderElection15 PRE_VOTE round 0: result PASSED (term=0)
2023-02-28 20:09:32,489 [OM StateMachine ApplyTransaction Thread - 0] INFO  volume.OMVolumeCreateRequest (OMVolumeCreateRequest.java:validateAndUpdateCache(195)) - created volume:vol-33783 for user:runner
2023-02-28 20:09:32,490 [OM StateMachine ApplyTransaction Thread - 0] INFO  volume.OMVolumeCreateRequest (OMVolumeCreateRequest.java:validateAndUpdateCache(195)) - created volume:vol-33783 for user:runner
2023-02-28 20:09:32,490 [OM StateMachine ApplyTransaction Thread - 0] INFO  volume.OMVolumeCreateRequest (OMVolumeCreateRequest.java:validateAndUpdateCache(195)) - created volume:vol-33783 for user:runner
2023-02-28 20:09:32,495 [9fb7a251-87f9-4a5e-bbf3-14e1e3694fcd@group-6CF1DC92D9FE-LeaderElection15] INFO  impl.LeaderElection (LeaderElection.java:askForVotes(312)) - 9fb7a251-87f9-4a5e-bbf3-14e1e3694fcd@group-6CF1DC92D9FE-LeaderElection15 ELECTION round 0: submit vote requests at term 1 for -1: peers:[9fb7a251-87f9-4a5e-bbf3-14e1e3694fcd|rpc:10.1.1.15:38965|dataStream:10.1.1.15:40139|priority:1|startupRole:FOLLOWER]|listeners:[], old=null
2023-02-28 20:09:32,495 [9fb7a251-87f9-4a5e-bbf3-14e1e3694fcd@group-6CF1DC92D9FE-LeaderElection15] INFO  impl.LeaderElection (LeaderElection.java:askForVotes(314)) - 9fb7a251-87f9-4a5e-bbf3-14e1e3694fcd@group-6CF1DC92D9FE-LeaderElection15 ELECTION round 0: result PASSED (term=1)
2023-02-28 20:09:32,495 [9fb7a251-87f9-4a5e-bbf3-14e1e3694fcd@group-6CF1DC92D9FE-LeaderElection15] INFO  impl.RoleInfo (RoleInfo.java:shutdownLeaderElection(130)) - 9fb7a251-87f9-4a5e-bbf3-14e1e3694fcd: shutdown 9fb7a251-87f9-4a5e-bbf3-14e1e3694fcd@group-6CF1DC92D9FE-LeaderElection15
2023-02-28 20:09:32,495 [9fb7a251-87f9-4a5e-bbf3-14e1e3694fcd@group-6CF1DC92D9FE-LeaderElection15] INFO  server.RaftServer$Division (RaftServerImpl.java:setRole(321)) - 9fb7a251-87f9-4a5e-bbf3-14e1e3694fcd@group-6CF1DC92D9FE: changes role from CANDIDATE to LEADER at term 1 for changeToLeader
2023-02-28 20:09:32,495 [9fb7a251-87f9-4a5e-bbf3-14e1e3694fcd@group-6CF1DC92D9FE-LeaderElection15] INFO  ratis.XceiverServerRatis (XceiverServerRatis.java:handleLeaderChangedNotification(905)) - Leader change notification received for group: group-6CF1DC92D9FE with new leaderId: 9fb7a251-87f9-4a5e-bbf3-14e1e3694fcd
2023-02-28 20:09:32,495 [9fb7a251-87f9-4a5e-bbf3-14e1e3694fcd@group-6CF1DC92D9FE-LeaderElection15] INFO  server.RaftServer$Division (ServerState.java:setLeader(313)) - 9fb7a251-87f9-4a5e-bbf3-14e1e3694fcd@group-6CF1DC92D9FE: change Leader from null to 9fb7a251-87f9-4a5e-bbf3-14e1e3694fcd at term 1 for becomeLeader, leader elected after 5092ms
2023-02-28 20:09:32,495 [9fb7a251-87f9-4a5e-bbf3-14e1e3694fcd@group-6CF1DC92D9FE-LeaderElection15] INFO  server.RaftServerConfigKeys (ConfUtils.java:logGet(46)) - raft.server.staging.catchup.gap = 1000 (default)
2023-02-28 20:09:32,496 [9fb7a251-87f9-4a5e-bbf3-14e1e3694fcd@group-6CF1DC92D9FE-LeaderElection15] INFO  server.RaftServerConfigKeys (ConfUtils.java:logGet(46)) - raft.server.write.element-limit = 1024 (custom)
2023-02-28 20:09:32,496 [9fb7a251-87f9-4a5e-bbf3-14e1e3694fcd@group-6CF1DC92D9FE-LeaderElection15] INFO  server.RaftServerConfigKeys (ConfUtils.java:logGet(46)) - raft.server.write.byte-limit = 1024 M (=1073741824) (custom)
2023-02-28 20:09:32,497 [9fb7a251-87f9-4a5e-bbf3-14e1e3694fcd@group-6CF1DC92D9FE-LeaderElection15] INFO  server.RaftServerConfigKeys (ConfUtils.java:logGet(46)) - raft.server.watch.timeout = 180s (custom)
2023-02-28 20:09:32,497 [Time-limited test] INFO  rpc.RpcClient (RpcClient.java:createBucket(698)) - Creating Bucket: vol-33783/buck-06421, with server-side default bucket layout, runner as owner, Versioning false, Storage Type set to DISK and Encryption set to false, Replication Type set to server-side default replication type, Namespace Quota set to -1, Space Quota set to -1 
2023-02-28 20:09:32,497 [9fb7a251-87f9-4a5e-bbf3-14e1e3694fcd@group-6CF1DC92D9FE-LeaderElection15] INFO  server.RaftServerConfigKeys (ConfUtils.java:logGet(46)) - raft.server.watch.timeout.denomination = 1s (default)
2023-02-28 20:09:32,497 [9fb7a251-87f9-4a5e-bbf3-14e1e3694fcd@group-6CF1DC92D9FE-LeaderElection15] INFO  server.RaftServerConfigKeys (ConfUtils.java:logGet(46)) - raft.server.watch.element-limit = 65536 (default)
2023-02-28 20:09:32,497 [9fb7a251-87f9-4a5e-bbf3-14e1e3694fcd@group-6CF1DC92D9FE-LeaderElection15] INFO  server.RaftServerConfigKeys (ConfUtils.java:logGet(46)) - raft.server.write.element-limit = 1024 (custom)
2023-02-28 20:09:32,497 [9fb7a251-87f9-4a5e-bbf3-14e1e3694fcd@group-6CF1DC92D9FE-LeaderElection15] INFO  server.RaftServerConfigKeys (ConfUtils.java:logGet(46)) - raft.server.write.follower.gap.ratio.max = -1.0 (default)
2023-02-28 20:09:32,497 [9fb7a251-87f9-4a5e-bbf3-14e1e3694fcd@group-6CF1DC92D9FE-LeaderElection15] INFO  impl.RoleInfo (RoleInfo.java:updateAndGet(139)) - 9fb7a251-87f9-4a5e-bbf3-14e1e3694fcd: start 9fb7a251-87f9-4a5e-bbf3-14e1e3694fcd@group-6CF1DC92D9FE-LeaderStateImpl
2023-02-28 20:09:32,497 [9fb7a251-87f9-4a5e-bbf3-14e1e3694fcd@group-6CF1DC92D9FE-LeaderElection15] INFO  segmented.SegmentedRaftLogWorker (SegmentedRaftLogWorker.java:startLogSegment(452)) - 9fb7a251-87f9-4a5e-bbf3-14e1e3694fcd@group-6CF1DC92D9FE-SegmentedRaftLogWorker: Starting segment from index:0
2023-02-28 20:09:32,498 [9fb7a251-87f9-4a5e-bbf3-14e1e3694fcd@group-6CF1DC92D9FE-LeaderElection15] INFO  server.RaftServer$Division (ServerState.java:setRaftConf(430)) - 9fb7a251-87f9-4a5e-bbf3-14e1e3694fcd@group-6CF1DC92D9FE: set configuration 0: peers:[9fb7a251-87f9-4a5e-bbf3-14e1e3694fcd|rpc:10.1.1.15:38965|dataStream:10.1.1.15:40139|priority:1|startupRole:FOLLOWER]|listeners:[], old=null
2023-02-28 20:09:32,510 [9fb7a251-87f9-4a5e-bbf3-14e1e3694fcd@group-6CF1DC92D9FE-SegmentedRaftLogWorker] INFO  segmented.SegmentedRaftLogWorker (SegmentedRaftLogWorker.java:execute(656)) - 9fb7a251-87f9-4a5e-bbf3-14e1e3694fcd@group-6CF1DC92D9FE-SegmentedRaftLogWorker: created new log segment /home/runner/work/ozone/ozone/hadoop-ozone/integration-test/target/test-dir/MiniOzoneClusterImpl-58db5c20-d6df-4fe1-a747-1f1a0fc9447e/datanode-2/data/ratis/120eb1b3-7256-4864-ba04-6cf1dc92d9fe/current/log_inprogress_0
2023-02-28 20:09:32,512 [OM StateMachine ApplyTransaction Thread - 0] INFO  bucket.OMBucketCreateRequest (OMBucketCreateRequest.java:validateAndUpdateCache(263)) - created bucket: buck-06421 of layout FILE_SYSTEM_OPTIMIZED in volume: vol-33783
2023-02-28 20:09:32,514 [OM StateMachine ApplyTransaction Thread - 0] INFO  bucket.OMBucketCreateRequest (OMBucketCreateRequest.java:validateAndUpdateCache(263)) - created bucket: buck-06421 of layout FILE_SYSTEM_OPTIMIZED in volume: vol-33783
2023-02-28 20:09:32,515 [OM StateMachine ApplyTransaction Thread - 0] INFO  bucket.OMBucketCreateRequest (OMBucketCreateRequest.java:validateAndUpdateCache(263)) - created bucket: buck-06421 of layout FILE_SYSTEM_OPTIMIZED in volume: vol-33783
2023-02-28 20:09:32,527 [IPC Server handler 16 on default port 33059] INFO  ha.SequenceIdGenerator (SequenceIdGenerator.java:getNextId(128)) - Allocate a batch for containerId, change lastId from 0 to 1000.
2023-02-28 20:09:32,527 [IPC Server handler 16 on default port 33059] WARN  ha.SequenceIdGenerator (SequenceIdGenerator.java:allocateBatch(237)) - Failed to allocate a batch for localId, expected lastId is 0, actual lastId is 111677748019200000.
2023-02-28 20:09:32,528 [IPC Server handler 16 on default port 33059] INFO  ha.SequenceIdGenerator (SequenceIdGenerator.java:getNextId(128)) - Allocate a batch for localId, change lastId from 111677748019200000 to 111677748019201000.
2023-02-28 20:09:32,631 [OM StateMachine ApplyTransaction Thread - 0] INFO  snapshot.OMSnapshotCreateRequest (OMSnapshotCreateRequest.java:validateAndUpdateCache(180)) - Created snapshot 'snap76103' under path 'vol-33783/buck-06421'
2023-02-28 20:09:32,632 [OM StateMachine ApplyTransaction Thread - 0] INFO  snapshot.OMSnapshotCreateRequest (OMSnapshotCreateRequest.java:validateAndUpdateCache(180)) - Created snapshot 'snap76103' under path 'vol-33783/buck-06421'
2023-02-28 20:09:32,632 [OM StateMachine ApplyTransaction Thread - 0] INFO  snapshot.OMSnapshotCreateRequest (OMSnapshotCreateRequest.java:validateAndUpdateCache(180)) - Created snapshot 'snap76103' under path 'vol-33783/buck-06421'
2023-02-28 20:09:32,658 [OMDoubleBufferFlushThread] INFO  db.RDBCheckpointManager (RDBCheckpointManager.java:createCheckpoint(96)) - Created checkpoint in rocksDB at /home/runner/work/ozone/ozone/hadoop-ozone/integration-test/target/test-dir/MiniOzoneClusterImpl-58db5c20-d6df-4fe1-a747-1f1a0fc9447e/omNode-3/db.snapshots/om.db-56bb837c-b061-49f0-b81b-7d108e64f45d in 21 milliseconds
2023-02-28 20:09:32,663 [OMDoubleBufferFlushThread] INFO  db.RDBCheckpointManager (RDBCheckpointManager.java:waitForCheckpointDirectoryExist(125)) - Waited for 5 milliseconds for checkpoint directory /home/runner/work/ozone/ozone/hadoop-ozone/integration-test/target/test-dir/MiniOzoneClusterImpl-58db5c20-d6df-4fe1-a747-1f1a0fc9447e/omNode-3/db.snapshots/om.db-56bb837c-b061-49f0-b81b-7d108e64f45d availability.
2023-02-28 20:09:32,664 [OMDoubleBufferFlushThread] INFO  om.OmSnapshotManager (OmSnapshotManager.java:createOmSnapshotCheckpoint(163)) - Created checkpoint : /home/runner/work/ozone/ozone/hadoop-ozone/integration-test/target/test-dir/MiniOzoneClusterImpl-58db5c20-d6df-4fe1-a747-1f1a0fc9447e/omNode-3/db.snapshots/om.db-56bb837c-b061-49f0-b81b-7d108e64f45d for snapshot snap76103
2023-02-28 20:09:32,666 [OMDoubleBufferFlushThread] INFO  db.RDBCheckpointManager (RDBCheckpointManager.java:createCheckpoint(96)) - Created checkpoint in rocksDB at /home/runner/work/ozone/ozone/hadoop-ozone/integration-test/target/test-dir/MiniOzoneClusterImpl-58db5c20-d6df-4fe1-a747-1f1a0fc9447e/omNode-1/db.snapshots/om.db-56bb837c-b061-49f0-b81b-7d108e64f45d in 33 milliseconds
2023-02-28 20:09:32,667 [OMDoubleBufferFlushThread] INFO  db.RDBCheckpointManager (RDBCheckpointManager.java:waitForCheckpointDirectoryExist(125)) - Waited for 1 milliseconds for checkpoint directory /home/runner/work/ozone/ozone/hadoop-ozone/integration-test/target/test-dir/MiniOzoneClusterImpl-58db5c20-d6df-4fe1-a747-1f1a0fc9447e/omNode-1/db.snapshots/om.db-56bb837c-b061-49f0-b81b-7d108e64f45d availability.
2023-02-28 20:09:32,667 [OMDoubleBufferFlushThread] INFO  om.OmSnapshotManager (OmSnapshotManager.java:createOmSnapshotCheckpoint(163)) - Created checkpoint : /home/runner/work/ozone/ozone/hadoop-ozone/integration-test/target/test-dir/MiniOzoneClusterImpl-58db5c20-d6df-4fe1-a747-1f1a0fc9447e/omNode-1/db.snapshots/om.db-56bb837c-b061-49f0-b81b-7d108e64f45d for snapshot snap76103
2023-02-28 20:09:32,668 [OMDoubleBufferFlushThread] INFO  db.RDBCheckpointManager (RDBCheckpointManager.java:createCheckpoint(96)) - Created checkpoint in rocksDB at /home/runner/work/ozone/ozone/hadoop-ozone/integration-test/target/test-dir/MiniOzoneClusterImpl-58db5c20-d6df-4fe1-a747-1f1a0fc9447e/omNode-2/db.snapshots/om.db-56bb837c-b061-49f0-b81b-7d108e64f45d in 30 milliseconds
2023-02-28 20:09:32,670 [OMDoubleBufferFlushThread] INFO  db.RDBCheckpointManager (RDBCheckpointManager.java:waitForCheckpointDirectoryExist(125)) - Waited for 2 milliseconds for checkpoint directory /home/runner/work/ozone/ozone/hadoop-ozone/integration-test/target/test-dir/MiniOzoneClusterImpl-58db5c20-d6df-4fe1-a747-1f1a0fc9447e/omNode-2/db.snapshots/om.db-56bb837c-b061-49f0-b81b-7d108e64f45d availability.
2023-02-28 20:09:32,670 [OMDoubleBufferFlushThread] INFO  om.OmSnapshotManager (OmSnapshotManager.java:createOmSnapshotCheckpoint(163)) - Created checkpoint : /home/runner/work/ozone/ozone/hadoop-ozone/integration-test/target/test-dir/MiniOzoneClusterImpl-58db5c20-d6df-4fe1-a747-1f1a0fc9447e/omNode-2/db.snapshots/om.db-56bb837c-b061-49f0-b81b-7d108e64f45d for snapshot snap76103
]]></system-out>
  </testcase>
  <testcase name="testCreateSnapshotMissingMandatoryParams" classname="TestOmSnapshot" time="22.173">
    <system-out><![CDATA[2023-02-28 20:10:05,179 [Listener at 127.0.0.1/37989] INFO  ozone.MiniOzoneClusterImpl (MiniOzoneClusterImpl.java:shutdown(450)) - Shutting down the Mini Ozone Cluster
2023-02-28 20:10:05,179 [Listener at 127.0.0.1/37989] INFO  ozone.MiniOzoneHAClusterImpl (MiniOzoneHAClusterImpl.java:stop(312)) - Stopping the OzoneManager omNode-3
2023-02-28 20:10:05,179 [Listener at 127.0.0.1/37989] INFO  om.OzoneManager (OzoneManager.java:stop(2153)) - omNode-3[localhost:37989]: Stopping Ozone Manager
2023-02-28 20:10:05,179 [Listener at 127.0.0.1/37989] INFO  ipc.Server (Server.java:stop(3428)) - Stopping server on 37989
2023-02-28 20:10:05,186 [IPC Server listener on 37989] INFO  ipc.Server (Server.java:run(1384)) - Stopping IPC Server listener on 37989
2023-02-28 20:10:05,188 [IPC Server Responder] INFO  ipc.Server (Server.java:run(1517)) - Stopping IPC Server Responder
2023-02-28 20:10:05,189 [Listener at 127.0.0.1/37989] INFO  server.RaftServer (RaftServerProxy.java:lambda$close$6(409)) - omNode-3: close
2023-02-28 20:10:05,189 [Listener at 127.0.0.1/37989] INFO  server.GrpcService (GrpcService.java:closeImpl(271)) - omNode-3: shutdown server GrpcServerProtocolService now
2023-02-28 20:10:05,189 [omNode-3-impl-thread1] INFO  server.RaftServer$Division (RaftServerImpl.java:lambda$close$4(458)) - omNode-3@group-523986131536: shutdown
2023-02-28 20:10:05,189 [omNode-3-impl-thread1] INFO  util.JmxRegister (JmxRegister.java:unregister(73)) - Successfully un-registered JMX Bean with object name Ratis:service=RaftServer,group=group-523986131536,id=omNode-3
2023-02-28 20:10:05,189 [omNode-3-impl-thread1] INFO  impl.RoleInfo (RoleInfo.java:shutdownFollowerState(110)) - omNode-3: shutdown omNode-3@group-523986131536-FollowerState
2023-02-28 20:10:05,189 [omNode-3-impl-thread1] INFO  impl.StateMachineUpdater (StateMachineUpdater.java:stopAndJoin(153)) - omNode-3@group-523986131536-StateMachineUpdater: set stopIndex = 708
2023-02-28 20:10:05,189 [omNode-3@group-523986131536-StateMachineUpdater] INFO  ratis.OzoneManagerStateMachine (OzoneManagerStateMachine.java:takeSnapshot(445)) - Current Snapshot Index (t:1, i:708)
2023-02-28 20:10:05,190 [omNode-3@group-523986131536-FollowerState] INFO  impl.FollowerState (FollowerState.java:run(152)) - omNode-3@group-523986131536-FollowerState was interrupted
2023-02-28 20:10:05,191 [grpc-default-executor-10] WARN  server.GrpcLogAppender (LogUtils.java:warn(122)) - omNode-1@group-523986131536->omNode-3-AppendLogResponseHandler: Failed appendEntries: org.apache.ratis.thirdparty.io.grpc.StatusRuntimeException: CANCELLED: RST_STREAM closed stream. HTTP/2 error code: CANCEL
2023-02-28 20:10:05,191 [grpc-default-executor-10] INFO  leader.FollowerInfo (FollowerInfoImpl.java:lambda$new$0(48)) - omNode-1@group-523986131536->omNode-3: nextIndex: updateUnconditionally 709 -> 708
2023-02-28 20:10:05,191 [grpc-default-executor-9] WARN  server.GrpcServerProtocolService (LogUtils.java:warn(122)) - omNode-3: installSnapshot onError, lastRequest: omNode-1->omNode-3#504414-t1,previous=(t:1, i:707),leaderCommit=707,initializing? true,entries: size=1, first=(t:1, i:708), METADATAENTRY(c:707): org.apache.ratis.thirdparty.io.grpc.StatusRuntimeException: CANCELLED: client cancelled
2023-02-28 20:10:05,192 [grpc-default-executor-0] WARN  server.GrpcLogAppender (LogUtils.java:warn(122)) - omNode-1@group-523986131536->omNode-3-AppendLogResponseHandler: Failed appendEntries: org.apache.ratis.thirdparty.io.grpc.StatusRuntimeException: CANCELLED: RST_STREAM closed stream. HTTP/2 error code: CANCEL
2023-02-28 20:10:05,192 [grpc-default-executor-0] INFO  leader.FollowerInfo (FollowerInfoImpl.java:lambda$new$0(48)) - omNode-1@group-523986131536->omNode-3: nextIndex: updateUnconditionally 708 -> 707
2023-02-28 20:10:05,192 [grpc-default-executor-10] WARN  server.GrpcServerProtocolService (LogUtils.java:warn(122)) - omNode-3: installSnapshot onError, lastRequest: null: org.apache.ratis.thirdparty.io.grpc.StatusRuntimeException: CANCELLED: client cancelled
2023-02-28 20:10:05,192 [Listener at 127.0.0.1/37989] INFO  server.GrpcService (GrpcService.java:closeImpl(280)) - omNode-3: shutdown server GrpcServerProtocolService successfully
2023-02-28 20:10:05,202 [grpc-default-executor-10] WARN  server.GrpcLogAppender (LogUtils.java:warn(122)) - omNode-1@group-523986131536->omNode-3-AppendLogResponseHandler: Failed appendEntries: org.apache.ratis.thirdparty.io.grpc.StatusRuntimeException: UNAVAILABLE: io exception
2023-02-28 20:10:05,202 [grpc-default-executor-5] WARN  server.GrpcLogAppender (LogUtils.java:warn(122)) - omNode-1@group-523986131536->omNode-3-AppendLogResponseHandler: Failed appendEntries: org.apache.ratis.thirdparty.io.grpc.StatusRuntimeException: UNAVAILABLE: io exception
2023-02-28 20:10:05,202 [grpc-default-executor-10] INFO  leader.FollowerInfo (FollowerInfoImpl.java:lambda$new$0(48)) - omNode-1@group-523986131536->omNode-3: nextIndex: updateUnconditionally 709 -> 708
2023-02-28 20:10:05,203 [grpc-default-executor-5] INFO  leader.FollowerInfo (FollowerInfoImpl.java:lambda$new$0(48)) - omNode-1@group-523986131536->omNode-3: nextIndex: updateUnconditionally 708 -> 707
2023-02-28 20:10:05,204 [omNode-3@group-523986131536-StateMachineUpdater] INFO  impl.StateMachineUpdater (StateMachineUpdater.java:takeSnapshot(287)) - omNode-3@group-523986131536-StateMachineUpdater: Took a snapshot at index 708
2023-02-28 20:10:05,204 [omNode-3@group-523986131536-StateMachineUpdater] INFO  impl.StateMachineUpdater (StateMachineUpdater.java:lambda$new$0(92)) - omNode-3@group-523986131536-StateMachineUpdater: snapshotIndex: updateIncreasingly -1 -> 708
2023-02-28 20:10:05,204 [omNode-3@group-523986131536-StateMachineUpdater] INFO  ratis.OzoneManagerStateMachine (OzoneManagerStateMachine.java:close(499)) - StateMachine has shutdown. Shutdown OzoneManager if not already shutdown.
2023-02-28 20:10:05,204 [omNode-3@group-523986131536-StateMachineUpdater] INFO  ratis.OzoneManagerDoubleBuffer (OzoneManagerDoubleBuffer.java:stopDaemon(540)) - Stopping OMDoubleBuffer flush thread
2023-02-28 20:10:05,204 [OMDoubleBufferFlushThread] INFO  ratis.OzoneManagerDoubleBuffer (OzoneManagerDoubleBuffer.java:canFlush(625)) - OMDoubleBuffer flush thread OMDoubleBufferFlushThread is interrupted and will exit.
2023-02-28 20:10:05,206 [omNode-3-impl-thread1] INFO  server.RaftServer$Division (ServerState.java:close(466)) - omNode-3@group-523986131536: closes. applyIndex: 708
2023-02-28 20:10:05,206 [omNode-3@group-523986131536-SegmentedRaftLogWorker] INFO  segmented.SegmentedRaftLogWorker (SegmentedRaftLogWorker.java:run(347)) - omNode-3@group-523986131536-SegmentedRaftLogWorker was interrupted, exiting. There are 0 tasks remaining in the queue.
2023-02-28 20:10:05,207 [omNode-3-impl-thread1] INFO  segmented.SegmentedRaftLogWorker (SegmentedRaftLogWorker.java:close(257)) - omNode-3@group-523986131536-SegmentedRaftLogWorker close()
2023-02-28 20:10:05,207 [JvmPauseMonitor8] INFO  util.JvmPauseMonitor (JvmPauseMonitor.java:run(111)) - JvmPauseMonitor-omNode-3: Stopped
2023-02-28 20:10:05,207 [Listener at 127.0.0.1/37989] INFO  ratis.OzoneManagerStateMachine (OzoneManagerStateMachine.java:close(499)) - StateMachine has shutdown. Shutdown OzoneManager if not already shutdown.
2023-02-28 20:10:05,207 [Listener at 127.0.0.1/37989] INFO  ratis.OzoneManagerDoubleBuffer (OzoneManagerDoubleBuffer.java:stopDaemon(549)) - OMDoubleBuffer flush thread is not running.
2023-02-28 20:10:05,209 [Listener at 127.0.0.1/37989] INFO  utils.BackgroundService (BackgroundService.java:shutdown(141)) - Shutting down service KeyDeletingService
2023-02-28 20:10:05,209 [Listener at 127.0.0.1/37989] INFO  utils.BackgroundService (BackgroundService.java:shutdown(141)) - Shutting down service DirectoryDeletingService
2023-02-28 20:10:05,209 [Listener at 127.0.0.1/37989] INFO  utils.BackgroundService (BackgroundService.java:shutdown(141)) - Shutting down service OpenKeyCleanupService
2023-02-28 20:10:05,209 [Listener at 127.0.0.1/37989] INFO  utils.BackgroundService (BackgroundService.java:shutdown(141)) - Shutting down service SstFilteringService
2023-02-28 20:10:05,210 [Listener at 127.0.0.1/37989] INFO  handler.ContextHandler (ContextHandler.java:doStop(1159)) - Stopped o.e.j.w.WebAppContext@4cc394c0{ozoneManager,/,null,STOPPED}{file:/home/runner/work/ozone/ozone/hadoop-ozone/integration-test/target/test-classes/webapps/ozoneManager}
2023-02-28 20:10:05,211 [Listener at 127.0.0.1/37989] INFO  server.AbstractConnector (AbstractConnector.java:doStop(383)) - Stopped ServerConnector@7cb70671{HTTP/1.1, (http/1.1)}{0.0.0.0:41925}
2023-02-28 20:10:05,211 [Listener at 127.0.0.1/37989] INFO  server.session (HouseKeeper.java:stopScavenging(149)) - node0 Stopped scavenging
2023-02-28 20:10:05,211 [Listener at 127.0.0.1/37989] INFO  handler.ContextHandler (ContextHandler.java:doStop(1159)) - Stopped o.e.j.s.ServletContextHandler@5aa0771d{static,/static,file:///home/runner/work/ozone/ozone/hadoop-ozone/integration-test/target/test-classes/webapps/static,STOPPED}
2023-02-28 20:10:05,211 [Listener at 127.0.0.1/37989] INFO  handler.ContextHandler (ContextHandler.java:doStop(1159)) - Stopped o.e.j.s.ServletContextHandler@7b31035d{logs,/logs,file:///home/runner/work/ozone/ozone/hadoop-ozone/integration-test/target/log,STOPPED}
2023-02-28 20:10:05,222 [Listener at 127.0.0.1/37989] INFO  ozone.MiniOzoneHAClusterImpl (MiniOzoneHAClusterImpl.java:stop(312)) - Stopping the OzoneManager omNode-1
2023-02-28 20:10:05,222 [Listener at 127.0.0.1/37989] INFO  om.OzoneManager (OzoneManager.java:stop(2153)) - omNode-1[localhost:36591]: Stopping Ozone Manager
2023-02-28 20:10:05,222 [Listener at 127.0.0.1/37989] INFO  ipc.Server (Server.java:stop(3428)) - Stopping server on 36591
2023-02-28 20:10:05,223 [IPC Server listener on 36591] INFO  ipc.Server (Server.java:run(1384)) - Stopping IPC Server listener on 36591
2023-02-28 20:10:05,226 [IPC Server Responder] INFO  ipc.Server (Server.java:run(1517)) - Stopping IPC Server Responder
2023-02-28 20:10:05,226 [Listener at 127.0.0.1/37989] INFO  server.RaftServer (RaftServerProxy.java:lambda$close$6(409)) - omNode-1: close
2023-02-28 20:10:05,226 [Listener at 127.0.0.1/37989] INFO  server.GrpcService (GrpcService.java:closeImpl(271)) - omNode-1: shutdown server GrpcServerProtocolService now
2023-02-28 20:10:05,226 [omNode-1-impl-thread1] INFO  server.RaftServer$Division (RaftServerImpl.java:lambda$close$4(458)) - omNode-1@group-523986131536: shutdown
2023-02-28 20:10:05,226 [omNode-1-impl-thread1] INFO  util.JmxRegister (JmxRegister.java:unregister(73)) - Successfully un-registered JMX Bean with object name Ratis:service=RaftServer,group=group-523986131536,id=omNode-1
2023-02-28 20:10:05,227 [omNode-1-impl-thread1] INFO  impl.RoleInfo (RoleInfo.java:shutdownLeaderState(93)) - omNode-1: shutdown omNode-1@group-523986131536-LeaderStateImpl
2023-02-28 20:10:05,227 [omNode-1-impl-thread1] INFO  impl.PendingRequests (PendingRequests.java:sendNotLeaderResponses(282)) - omNode-1@group-523986131536-PendingRequests: sendNotLeaderResponses
2023-02-28 20:10:05,227 [omNode-1@group-523986131536->omNode-2-GrpcLogAppender-LogAppenderDaemon] WARN  server.GrpcLogAppender (GrpcLogAppender.java:mayWait(200)) - omNode-1@group-523986131536->omNode-2-GrpcLogAppender: Wait interrupted by java.lang.InterruptedException
2023-02-28 20:10:05,227 [omNode-1@group-523986131536->omNode-3-GrpcLogAppender-LogAppenderDaemon] WARN  server.GrpcLogAppender (GrpcLogAppender.java:mayWait(200)) - omNode-1@group-523986131536->omNode-3-GrpcLogAppender: Wait interrupted by java.lang.InterruptedException
2023-02-28 20:10:05,227 [grpc-default-executor-5] INFO  server.GrpcServerProtocolService (GrpcServerProtocolService.java:onCompleted(143)) - omNode-2: Completed APPEND_ENTRIES, lastRequest: omNode-1->omNode-2#3154-t1,previous=(t:1, i:707),leaderCommit=707,initializing? true,entries: size=1, first=(t:1, i:708), METADATAENTRY(c:707)
2023-02-28 20:10:05,227 [grpc-default-executor-5] INFO  server.GrpcServerProtocolService (GrpcServerProtocolService.java:onCompleted(143)) - omNode-2: Completed APPEND_ENTRIES, lastRequest: null
2023-02-28 20:10:05,228 [grpc-default-executor-10] INFO  server.GrpcLogAppender (GrpcLogAppender.java:onCompleted(415)) - omNode-1@group-523986131536->omNode-2-AppendLogResponseHandler: follower responses appendEntries COMPLETED
2023-02-28 20:10:05,228 [grpc-default-executor-10] INFO  leader.FollowerInfo (FollowerInfoImpl.java:lambda$new$0(48)) - omNode-1@group-523986131536->omNode-2: nextIndex: updateUnconditionally 709 -> 708
2023-02-28 20:10:05,228 [grpc-default-executor-9] INFO  server.GrpcLogAppender (GrpcLogAppender.java:onCompleted(415)) - omNode-1@group-523986131536->omNode-2-AppendLogResponseHandler: follower responses appendEntries COMPLETED
2023-02-28 20:10:05,228 [grpc-default-executor-9] INFO  leader.FollowerInfo (FollowerInfoImpl.java:lambda$new$0(48)) - omNode-1@group-523986131536->omNode-2: nextIndex: updateUnconditionally 708 -> 707
2023-02-28 20:10:05,230 [ForkJoinPool.commonPool-worker-0] INFO  server.GrpcServerProtocolClient (GrpcServerProtocolClient.java:close(101)) - omNode-3 Close channels
2023-02-28 20:10:05,232 [ForkJoinPool.commonPool-worker-0] INFO  server.GrpcServerProtocolClient (GrpcServerProtocolClient.java:close(101)) - omNode-2 Close channels
2023-02-28 20:10:05,232 [omNode-1-impl-thread1] INFO  impl.StateMachineUpdater (StateMachineUpdater.java:stopAndJoin(153)) - omNode-1@group-523986131536-StateMachineUpdater: set stopIndex = 708
2023-02-28 20:10:05,232 [omNode-1@group-523986131536-StateMachineUpdater] INFO  ratis.OzoneManagerStateMachine (OzoneManagerStateMachine.java:takeSnapshot(445)) - Current Snapshot Index (t:1, i:708)
2023-02-28 20:10:05,234 [Listener at 127.0.0.1/37989] INFO  server.GrpcService (GrpcService.java:closeImpl(280)) - omNode-1: shutdown server GrpcServerProtocolService successfully
2023-02-28 20:10:05,240 [omNode-1@group-523986131536-StateMachineUpdater] INFO  impl.StateMachineUpdater (StateMachineUpdater.java:takeSnapshot(287)) - omNode-1@group-523986131536-StateMachineUpdater: Took a snapshot at index 708
2023-02-28 20:10:05,240 [omNode-1@group-523986131536-StateMachineUpdater] INFO  impl.StateMachineUpdater (StateMachineUpdater.java:lambda$new$0(92)) - omNode-1@group-523986131536-StateMachineUpdater: snapshotIndex: updateIncreasingly -1 -> 708
2023-02-28 20:10:05,240 [omNode-1@group-523986131536-StateMachineUpdater] INFO  ratis.OzoneManagerStateMachine (OzoneManagerStateMachine.java:close(499)) - StateMachine has shutdown. Shutdown OzoneManager if not already shutdown.
2023-02-28 20:10:05,240 [omNode-1@group-523986131536-StateMachineUpdater] INFO  ratis.OzoneManagerDoubleBuffer (OzoneManagerDoubleBuffer.java:stopDaemon(540)) - Stopping OMDoubleBuffer flush thread
2023-02-28 20:10:05,240 [OMDoubleBufferFlushThread] INFO  ratis.OzoneManagerDoubleBuffer (OzoneManagerDoubleBuffer.java:canFlush(625)) - OMDoubleBuffer flush thread OMDoubleBufferFlushThread is interrupted and will exit.
2023-02-28 20:10:05,240 [omNode-1-impl-thread1] INFO  server.RaftServer$Division (ServerState.java:close(466)) - omNode-1@group-523986131536: closes. applyIndex: 708
2023-02-28 20:10:05,241 [omNode-1@group-523986131536-SegmentedRaftLogWorker] INFO  segmented.SegmentedRaftLogWorker (SegmentedRaftLogWorker.java:run(347)) - omNode-1@group-523986131536-SegmentedRaftLogWorker was interrupted, exiting. There are 0 tasks remaining in the queue.
2023-02-28 20:10:05,241 [omNode-1-impl-thread1] INFO  segmented.SegmentedRaftLogWorker (SegmentedRaftLogWorker.java:close(257)) - omNode-1@group-523986131536-SegmentedRaftLogWorker close()
2023-02-28 20:10:05,241 [JvmPauseMonitor6] INFO  util.JvmPauseMonitor (JvmPauseMonitor.java:run(111)) - JvmPauseMonitor-omNode-1: Stopped
2023-02-28 20:10:05,242 [Listener at 127.0.0.1/37989] INFO  ratis.OzoneManagerStateMachine (OzoneManagerStateMachine.java:close(499)) - StateMachine has shutdown. Shutdown OzoneManager if not already shutdown.
2023-02-28 20:10:05,242 [Listener at 127.0.0.1/37989] INFO  ratis.OzoneManagerDoubleBuffer (OzoneManagerDoubleBuffer.java:stopDaemon(549)) - OMDoubleBuffer flush thread is not running.
2023-02-28 20:10:05,243 [Listener at 127.0.0.1/37989] INFO  handler.ContextHandler (ContextHandler.java:doStop(1159)) - Stopped o.e.j.w.WebAppContext@2d247806{ozoneManager,/,null,STOPPED}{file:/home/runner/work/ozone/ozone/hadoop-ozone/integration-test/target/test-classes/webapps/ozoneManager}
2023-02-28 20:10:05,243 [Listener at 127.0.0.1/37989] INFO  server.AbstractConnector (AbstractConnector.java:doStop(383)) - Stopped ServerConnector@2794b25f{HTTP/1.1, (http/1.1)}{0.0.0.0:46371}
2023-02-28 20:10:05,243 [Listener at 127.0.0.1/37989] INFO  server.session (HouseKeeper.java:stopScavenging(149)) - node0 Stopped scavenging
2023-02-28 20:10:05,243 [Listener at 127.0.0.1/37989] INFO  handler.ContextHandler (ContextHandler.java:doStop(1159)) - Stopped o.e.j.s.ServletContextHandler@5a170a6b{static,/static,file:///home/runner/work/ozone/ozone/hadoop-ozone/integration-test/target/test-classes/webapps/static,STOPPED}
2023-02-28 20:10:05,244 [Listener at 127.0.0.1/37989] INFO  handler.ContextHandler (ContextHandler.java:doStop(1159)) - Stopped o.e.j.s.ServletContextHandler@5f1f24e3{logs,/logs,file:///home/runner/work/ozone/ozone/hadoop-ozone/integration-test/target/log,STOPPED}
2023-02-28 20:10:05,249 [Listener at 127.0.0.1/37989] INFO  ozone.MiniOzoneHAClusterImpl (MiniOzoneHAClusterImpl.java:stop(312)) - Stopping the OzoneManager omNode-2
2023-02-28 20:10:05,249 [Listener at 127.0.0.1/37989] INFO  om.OzoneManager (OzoneManager.java:stop(2153)) - omNode-2[localhost:41265]: Stopping Ozone Manager
2023-02-28 20:10:05,249 [Listener at 127.0.0.1/37989] INFO  ipc.Server (Server.java:stop(3428)) - Stopping server on 41265
2023-02-28 20:10:05,251 [IPC Server listener on 41265] INFO  ipc.Server (Server.java:run(1384)) - Stopping IPC Server listener on 41265
2023-02-28 20:10:05,254 [IPC Server Responder] INFO  ipc.Server (Server.java:run(1517)) - Stopping IPC Server Responder
2023-02-28 20:10:05,255 [Listener at 127.0.0.1/37989] INFO  server.RaftServer (RaftServerProxy.java:lambda$close$6(409)) - omNode-2: close
2023-02-28 20:10:05,255 [omNode-2-impl-thread1] INFO  server.RaftServer$Division (RaftServerImpl.java:lambda$close$4(458)) - omNode-2@group-523986131536: shutdown
2023-02-28 20:10:05,255 [omNode-2-impl-thread1] INFO  util.JmxRegister (JmxRegister.java:unregister(73)) - Successfully un-registered JMX Bean with object name Ratis:service=RaftServer,group=group-523986131536,id=omNode-2
2023-02-28 20:10:05,255 [omNode-2-impl-thread1] INFO  impl.RoleInfo (RoleInfo.java:shutdownFollowerState(110)) - omNode-2: shutdown omNode-2@group-523986131536-FollowerState
2023-02-28 20:10:05,255 [omNode-2-impl-thread1] INFO  impl.StateMachineUpdater (StateMachineUpdater.java:stopAndJoin(153)) - omNode-2@group-523986131536-StateMachineUpdater: set stopIndex = 708
2023-02-28 20:10:05,255 [omNode-2@group-523986131536-FollowerState] INFO  impl.FollowerState (FollowerState.java:run(152)) - omNode-2@group-523986131536-FollowerState was interrupted
2023-02-28 20:10:05,256 [Listener at 127.0.0.1/37989] INFO  server.GrpcService (GrpcService.java:closeImpl(271)) - omNode-2: shutdown server GrpcServerProtocolService now
2023-02-28 20:10:05,256 [omNode-2@group-523986131536-StateMachineUpdater] INFO  ratis.OzoneManagerStateMachine (OzoneManagerStateMachine.java:takeSnapshot(445)) - Current Snapshot Index (t:1, i:708)
2023-02-28 20:10:05,256 [Listener at 127.0.0.1/37989] INFO  server.GrpcService (GrpcService.java:closeImpl(280)) - omNode-2: shutdown server GrpcServerProtocolService successfully
2023-02-28 20:10:05,264 [omNode-2@group-523986131536-StateMachineUpdater] INFO  impl.StateMachineUpdater (StateMachineUpdater.java:takeSnapshot(287)) - omNode-2@group-523986131536-StateMachineUpdater: Took a snapshot at index 708
2023-02-28 20:10:05,264 [omNode-2@group-523986131536-StateMachineUpdater] INFO  impl.StateMachineUpdater (StateMachineUpdater.java:lambda$new$0(92)) - omNode-2@group-523986131536-StateMachineUpdater: snapshotIndex: updateIncreasingly -1 -> 708
2023-02-28 20:10:05,264 [omNode-2@group-523986131536-StateMachineUpdater] INFO  ratis.OzoneManagerStateMachine (OzoneManagerStateMachine.java:close(499)) - StateMachine has shutdown. Shutdown OzoneManager if not already shutdown.
2023-02-28 20:10:05,264 [omNode-2@group-523986131536-StateMachineUpdater] INFO  ratis.OzoneManagerDoubleBuffer (OzoneManagerDoubleBuffer.java:stopDaemon(540)) - Stopping OMDoubleBuffer flush thread
2023-02-28 20:10:05,264 [OMDoubleBufferFlushThread] INFO  ratis.OzoneManagerDoubleBuffer (OzoneManagerDoubleBuffer.java:canFlush(625)) - OMDoubleBuffer flush thread OMDoubleBufferFlushThread is interrupted and will exit.
2023-02-28 20:10:05,265 [omNode-2-impl-thread1] INFO  server.RaftServer$Division (ServerState.java:close(466)) - omNode-2@group-523986131536: closes. applyIndex: 708
2023-02-28 20:10:05,265 [omNode-2@group-523986131536-SegmentedRaftLogWorker] INFO  segmented.SegmentedRaftLogWorker (SegmentedRaftLogWorker.java:run(347)) - omNode-2@group-523986131536-SegmentedRaftLogWorker was interrupted, exiting. There are 0 tasks remaining in the queue.
2023-02-28 20:10:05,265 [omNode-2-impl-thread1] INFO  segmented.SegmentedRaftLogWorker (SegmentedRaftLogWorker.java:close(257)) - omNode-2@group-523986131536-SegmentedRaftLogWorker close()
2023-02-28 20:10:05,266 [JvmPauseMonitor7] INFO  util.JvmPauseMonitor (JvmPauseMonitor.java:run(111)) - JvmPauseMonitor-omNode-2: Stopped
2023-02-28 20:10:05,266 [Listener at 127.0.0.1/37989] INFO  ratis.OzoneManagerStateMachine (OzoneManagerStateMachine.java:close(499)) - StateMachine has shutdown. Shutdown OzoneManager if not already shutdown.
2023-02-28 20:10:05,266 [Listener at 127.0.0.1/37989] INFO  ratis.OzoneManagerDoubleBuffer (OzoneManagerDoubleBuffer.java:stopDaemon(549)) - OMDoubleBuffer flush thread is not running.
2023-02-28 20:10:05,266 [Listener at 127.0.0.1/37989] INFO  utils.BackgroundService (BackgroundService.java:shutdown(141)) - Shutting down service KeyDeletingService
2023-02-28 20:10:05,266 [Listener at 127.0.0.1/37989] INFO  utils.BackgroundService (BackgroundService.java:shutdown(141)) - Shutting down service DirectoryDeletingService
2023-02-28 20:10:05,267 [Listener at 127.0.0.1/37989] INFO  utils.BackgroundService (BackgroundService.java:shutdown(141)) - Shutting down service OpenKeyCleanupService
2023-02-28 20:10:05,267 [Listener at 127.0.0.1/37989] INFO  utils.BackgroundService (BackgroundService.java:shutdown(141)) - Shutting down service SstFilteringService
2023-02-28 20:10:05,268 [Listener at 127.0.0.1/37989] INFO  handler.ContextHandler (ContextHandler.java:doStop(1159)) - Stopped o.e.j.w.WebAppContext@6a4b9305{ozoneManager,/,null,STOPPED}{file:/home/runner/work/ozone/ozone/hadoop-ozone/integration-test/target/test-classes/webapps/ozoneManager}
2023-02-28 20:10:05,268 [Listener at 127.0.0.1/37989] INFO  server.AbstractConnector (AbstractConnector.java:doStop(383)) - Stopped ServerConnector@36cd6965{HTTP/1.1, (http/1.1)}{0.0.0.0:36491}
2023-02-28 20:10:05,268 [Listener at 127.0.0.1/37989] INFO  server.session (HouseKeeper.java:stopScavenging(149)) - node0 Stopped scavenging
2023-02-28 20:10:05,269 [Listener at 127.0.0.1/37989] INFO  handler.ContextHandler (ContextHandler.java:doStop(1159)) - Stopped o.e.j.s.ServletContextHandler@43cc56e9{static,/static,file:///home/runner/work/ozone/ozone/hadoop-ozone/integration-test/target/test-classes/webapps/static,STOPPED}
2023-02-28 20:10:05,269 [Listener at 127.0.0.1/37989] INFO  handler.ContextHandler (ContextHandler.java:doStop(1159)) - Stopped o.e.j.s.ServletContextHandler@2319ecc4{logs,/logs,file:///home/runner/work/ozone/ozone/hadoop-ozone/integration-test/target/log,STOPPED}
2023-02-28 20:10:05,273 [Listener at 127.0.0.1/37989] INFO  ozone.MiniOzoneHAClusterImpl (MiniOzoneHAClusterImpl.java:stop(320)) - Stopping the StorageContainerManager 6d45f09f-e5ec-4764-b120-c31c6fa9c09a
2023-02-28 20:10:05,273 [Listener at 127.0.0.1/37989] INFO  server.StorageContainerManager (StorageContainerManager.java:stop(1531)) - Container Balancer is not running.
2023-02-28 20:10:05,273 [Listener at 127.0.0.1/37989] INFO  server.StorageContainerManager (StorageContainerManager.java:stop(1538)) - Stopping Replication Manager Service.
2023-02-28 20:10:05,273 [Listener at 127.0.0.1/37989] INFO  replication.ReplicationManager (ReplicationManager.java:stop(299)) - Stopping Replication Monitor Thread.
2023-02-28 20:10:05,274 [Under Replicated Processor] WARN  replication.UnhealthyReplicationProcessor (UnhealthyReplicationProcessor.java:run(153)) - Under Replicated Processor interrupted. Exiting...
2023-02-28 20:10:05,274 [Over Replicated Processor] WARN  replication.UnhealthyReplicationProcessor (UnhealthyReplicationProcessor.java:run(153)) - Over Replicated Processor interrupted. Exiting...
2023-02-28 20:10:05,274 [Listener at 127.0.0.1/37989] INFO  server.StorageContainerManager (StorageContainerManager.java:stop(1545)) - Stopping the Datanode Admin Monitor.
2023-02-28 20:10:05,274 [ReplicationMonitor] INFO  replication.ReplicationManager (ReplicationManager.java:run(746)) - Replication Monitor Thread is stopped
2023-02-28 20:10:05,274 [Listener at 127.0.0.1/37989] INFO  server.StorageContainerManager (StorageContainerManager.java:stop(1552)) - Stopping datanode service RPC server
2023-02-28 20:10:05,275 [Listener at 127.0.0.1/37989] INFO  server.SCMDatanodeProtocolServer (SCMDatanodeProtocolServer.java:stop(424)) - Stopping the RPC server for DataNodes
2023-02-28 20:10:05,275 [Listener at 127.0.0.1/37989] INFO  ipc.Server (Server.java:stop(3428)) - Stopping server on 46809
2023-02-28 20:10:05,276 [IPC Server listener on 0] INFO  ipc.Server (Server.java:run(1384)) - Stopping IPC Server listener on 0
2023-02-28 20:10:05,278 [IPC Server Responder] INFO  ipc.Server (Server.java:run(1517)) - Stopping IPC Server Responder
2023-02-28 20:10:05,368 [SCM Heartbeat Processing Thread - 0] WARN  node.NodeStateManager (NodeStateManager.java:scheduleNextHealthCheck(870)) - Current Thread is interrupted, shutting down HB processing thread for Node Manager.
2023-02-28 20:10:05,368 [Listener at 127.0.0.1/37989] INFO  server.StorageContainerManager (StorageContainerManager.java:stop(1560)) - Stopping block service RPC server
2023-02-28 20:10:05,368 [Listener at 127.0.0.1/37989] INFO  server.SCMBlockProtocolServer (SCMBlockProtocolServer.java:stop(161)) - Stopping the RPC server for Block Protocol
2023-02-28 20:10:05,368 [Listener at 127.0.0.1/37989] INFO  ipc.Server (Server.java:stop(3428)) - Stopping server on 33059
2023-02-28 20:10:05,372 [IPC Server listener on 0] INFO  ipc.Server (Server.java:run(1384)) - Stopping IPC Server listener on 0
2023-02-28 20:10:05,372 [Listener at 127.0.0.1/37989] INFO  server.StorageContainerManager (StorageContainerManager.java:stop(1567)) - Stopping the StorageContainerLocationProtocol RPC server
2023-02-28 20:10:05,372 [IPC Server Responder] INFO  ipc.Server (Server.java:run(1517)) - Stopping IPC Server Responder
2023-02-28 20:10:05,373 [Listener at 127.0.0.1/37989] INFO  server.SCMClientProtocolServer (SCMClientProtocolServer.java:stop(185)) - Stopping the RPC server for Client Protocol
2023-02-28 20:10:05,373 [Listener at 127.0.0.1/37989] INFO  ipc.Server (Server.java:stop(3428)) - Stopping server on 37543
2023-02-28 20:10:05,375 [IPC Server listener on 0] INFO  ipc.Server (Server.java:run(1384)) - Stopping IPC Server listener on 0
2023-02-28 20:10:05,377 [IPC Server Responder] INFO  ipc.Server (Server.java:run(1517)) - Stopping IPC Server Responder
2023-02-28 20:10:05,377 [Listener at 127.0.0.1/37989] INFO  server.StorageContainerManager (StorageContainerManager.java:stop(1574)) - Stopping Storage Container Manager HTTP server.
2023-02-28 20:10:05,378 [Listener at 127.0.0.1/37989] INFO  handler.ContextHandler (ContextHandler.java:doStop(1159)) - Stopped o.e.j.w.WebAppContext@5c2034be{scm,/,null,STOPPED}{file:/home/runner/work/ozone/ozone/hadoop-ozone/integration-test/target/test-classes/webapps/scm}
2023-02-28 20:10:05,378 [Listener at 127.0.0.1/37989] INFO  server.AbstractConnector (AbstractConnector.java:doStop(383)) - Stopped ServerConnector@1ccb535f{HTTP/1.1, (http/1.1)}{0.0.0.0:0}
2023-02-28 20:10:05,378 [Listener at 127.0.0.1/37989] INFO  server.session (HouseKeeper.java:stopScavenging(149)) - node0 Stopped scavenging
2023-02-28 20:10:05,379 [Listener at 127.0.0.1/37989] INFO  handler.ContextHandler (ContextHandler.java:doStop(1159)) - Stopped o.e.j.s.ServletContextHandler@2f5200f2{static,/static,file:///home/runner/work/ozone/ozone/hadoop-ozone/integration-test/target/test-classes/webapps/static,STOPPED}
2023-02-28 20:10:05,379 [Listener at 127.0.0.1/37989] INFO  handler.ContextHandler (ContextHandler.java:doStop(1159)) - Stopped o.e.j.s.ServletContextHandler@5ba0ce1a{logs,/logs,file:///home/runner/work/ozone/ozone/hadoop-ozone/integration-test/target/log,STOPPED}
2023-02-28 20:10:05,385 [Listener at 127.0.0.1/37989] INFO  server.StorageContainerManager (StorageContainerManager.java:stop(1582)) - Stopping SCM LayoutVersionManager Service.
2023-02-28 20:10:05,385 [Listener at 127.0.0.1/37989] INFO  server.StorageContainerManager (StorageContainerManager.java:stop(1590)) - Stopping Block Manager Service.
2023-02-28 20:10:05,385 [Listener at 127.0.0.1/37989] INFO  utils.BackgroundService (BackgroundService.java:shutdown(141)) - Shutting down service SCMBlockDeletingService
2023-02-28 20:10:05,385 [Listener at 127.0.0.1/37989] INFO  utils.BackgroundService (BackgroundService.java:shutdown(141)) - Shutting down service SCMBlockDeletingService
2023-02-28 20:10:05,385 [Listener at 127.0.0.1/37989] INFO  server.StorageContainerManager (StorageContainerManager.java:stop(1612)) - Stopping SCM Event Queue.
2023-02-28 20:10:05,386 [Listener at 127.0.0.1/37989] INFO  server.StorageContainerManager (StorageContainerManager.java:stop(1623)) - Stopping SCM HA services.
2023-02-28 20:10:05,386 [Listener at 127.0.0.1/37989] INFO  pipeline.BackgroundPipelineCreator (BackgroundPipelineCreator.java:stop(149)) - Stopping RatisPipelineUtilsThread.
2023-02-28 20:10:05,387 [RatisPipelineUtilsThread - 0] WARN  pipeline.BackgroundPipelineCreator (BackgroundPipelineCreator.java:run(180)) - RatisPipelineUtilsThread is interrupted.
2023-02-28 20:10:05,387 [Listener at 127.0.0.1/37989] INFO  BackgroundPipelineScrubber (BackgroundSCMService.java:stop(131)) - Stopping BackgroundPipelineScrubber Service.
2023-02-28 20:10:05,387 [BackgroundPipelineScrubberThread] WARN  BackgroundPipelineScrubber (BackgroundSCMService.java:run(115)) - BackgroundPipelineScrubber is interrupted, exit
2023-02-28 20:10:05,388 [Listener at 127.0.0.1/37989] INFO  impl.MetricsSystemImpl (MetricsSystemImpl.java:stop(210)) - Stopping HddsDatanode metrics system...
2023-02-28 20:10:05,403 [prometheus] INFO  impl.MetricsSinkAdapter (MetricsSinkAdapter.java:publishMetricsFromQueue(141)) - prometheus thread interrupted.
2023-02-28 20:10:05,405 [Listener at 127.0.0.1/37989] INFO  impl.MetricsSystemImpl (MetricsSystemImpl.java:stop(216)) - HddsDatanode metrics system stopped.
2023-02-28 20:10:05,406 [Listener at 127.0.0.1/37989] WARN  pipeline.BackgroundPipelineCreator (BackgroundPipelineCreator.java:stop(145)) - RatisPipelineUtilsThread is not running, just ignore.
2023-02-28 20:10:05,406 [Listener at 127.0.0.1/37989] INFO  BackgroundPipelineScrubber (BackgroundSCMService.java:stop(126)) - BackgroundPipelineScrubber Service is not running, skip stop.
2023-02-28 20:10:05,406 [Listener at 127.0.0.1/37989] INFO  ExpiredContainerReplicaOpScrubber (BackgroundSCMService.java:stop(131)) - Stopping ExpiredContainerReplicaOpScrubber Service.
2023-02-28 20:10:05,406 [ExpiredContainerReplicaOpScrubberThread] WARN  ExpiredContainerReplicaOpScrubber (BackgroundSCMService.java:run(115)) - ExpiredContainerReplicaOpScrubber is interrupted, exit
2023-02-28 20:10:05,406 [Listener at 127.0.0.1/37989] INFO  utils.BackgroundService (BackgroundService.java:shutdown(141)) - Shutting down service SCMBlockDeletingService
2023-02-28 20:10:05,406 [Listener at 127.0.0.1/37989] INFO  replication.ReplicationManager (ReplicationManager.java:stop(309)) - Replication Monitor Thread is not running.
2023-02-28 20:10:05,406 [Listener at 127.0.0.1/37989] WARN  balancer.ContainerBalancer (ContainerBalancer.java:stop(322)) - Cannot stop Container Balancer because it's not running or stopping
2023-02-28 20:10:05,406 [Listener at 127.0.0.1/37989] INFO  server.StorageContainerManager (StorageContainerManager.java:stop(1641)) - Stopping SCM MetadataStore.
2023-02-28 20:10:05,408 [Listener at 127.0.0.1/37989] INFO  ozone.MiniOzoneClusterImpl (MiniOzoneClusterImpl.java:stop(465)) - Stopping the Mini Ozone Cluster
2023-02-28 20:10:05,408 [Listener at 127.0.0.1/37989] INFO  ozone.MiniOzoneClusterImpl (MiniOzoneClusterImpl.java:stopDatanodes(524)) - Stopping the HddsDatanodes
2023-02-28 20:10:05,410 [ForkJoinPool.commonPool-worker-0] INFO  ozoneimpl.OzoneContainer (OzoneContainer.java:stop(420)) - Attempting to stop container services.
2023-02-28 20:10:05,410 [ForkJoinPool.commonPool-worker-0] INFO  server.RaftServer (RaftServerProxy.java:lambda$close$6(409)) - 937551b9-64e7-48ec-8838-f5047df98f27: close
2023-02-28 20:10:05,410 [937551b9-64e7-48ec-8838-f5047df98f27-impl-thread1] INFO  server.RaftServer$Division (RaftServerImpl.java:lambda$close$4(458)) - 937551b9-64e7-48ec-8838-f5047df98f27@group-9FB9335F01DE: shutdown
2023-02-28 20:10:05,411 [937551b9-64e7-48ec-8838-f5047df98f27-impl-thread1] INFO  util.JmxRegister (JmxRegister.java:unregister(73)) - Successfully un-registered JMX Bean with object name Ratis:service=RaftServer,group=group-9FB9335F01DE,id=937551b9-64e7-48ec-8838-f5047df98f27
2023-02-28 20:10:05,411 [937551b9-64e7-48ec-8838-f5047df98f27-impl-thread1] INFO  impl.RoleInfo (RoleInfo.java:shutdownLeaderState(93)) - 937551b9-64e7-48ec-8838-f5047df98f27: shutdown 937551b9-64e7-48ec-8838-f5047df98f27@group-9FB9335F01DE-LeaderStateImpl
2023-02-28 20:10:05,411 [937551b9-64e7-48ec-8838-f5047df98f27-impl-thread1] INFO  impl.PendingRequests (PendingRequests.java:sendNotLeaderResponses(282)) - 937551b9-64e7-48ec-8838-f5047df98f27@group-9FB9335F01DE-PendingRequests: sendNotLeaderResponses
2023-02-28 20:10:05,411 [937551b9-64e7-48ec-8838-f5047df98f27-impl-thread1] INFO  impl.StateMachineUpdater (StateMachineUpdater.java:stopAndJoin(153)) - 937551b9-64e7-48ec-8838-f5047df98f27@group-9FB9335F01DE-StateMachineUpdater: set stopIndex = 0
2023-02-28 20:10:05,411 [937551b9-64e7-48ec-8838-f5047df98f27@group-9FB9335F01DE-StateMachineUpdater] INFO  ratis.ContainerStateMachine (ContainerStateMachine.java:takeSnapshot(308)) - group-9FB9335F01DE: Taking a snapshot at:(t:1, i:0) file /home/runner/work/ozone/ozone/hadoop-ozone/integration-test/target/test-dir/MiniOzoneClusterImpl-58db5c20-d6df-4fe1-a747-1f1a0fc9447e/datanode-0/data/ratis/ea2abc40-fbef-49f0-8a3e-9fb9335f01de/sm/snapshot.1_0
2023-02-28 20:10:05,412 [937551b9-64e7-48ec-8838-f5047df98f27@group-9FB9335F01DE-StateMachineUpdater] INFO  ratis.ContainerStateMachine (ContainerStateMachine.java:takeSnapshot(319)) - group-9FB9335F01DE: Finished taking a snapshot at:(t:1, i:0) file:/home/runner/work/ozone/ozone/hadoop-ozone/integration-test/target/test-dir/MiniOzoneClusterImpl-58db5c20-d6df-4fe1-a747-1f1a0fc9447e/datanode-0/data/ratis/ea2abc40-fbef-49f0-8a3e-9fb9335f01de/sm/snapshot.1_0 took: 1 ms
2023-02-28 20:10:05,412 [937551b9-64e7-48ec-8838-f5047df98f27@group-9FB9335F01DE-StateMachineUpdater] INFO  impl.StateMachineUpdater (StateMachineUpdater.java:takeSnapshot(287)) - 937551b9-64e7-48ec-8838-f5047df98f27@group-9FB9335F01DE-StateMachineUpdater: Took a snapshot at index 0
2023-02-28 20:10:05,412 [937551b9-64e7-48ec-8838-f5047df98f27@group-9FB9335F01DE-StateMachineUpdater] INFO  impl.StateMachineUpdater (StateMachineUpdater.java:lambda$new$0(92)) - 937551b9-64e7-48ec-8838-f5047df98f27@group-9FB9335F01DE-StateMachineUpdater: snapshotIndex: updateIncreasingly -1 -> 0
2023-02-28 20:10:05,414 [937551b9-64e7-48ec-8838-f5047df98f27-impl-thread2] INFO  server.RaftServer$Division (RaftServerImpl.java:lambda$close$4(458)) - 937551b9-64e7-48ec-8838-f5047df98f27@group-947D6FC2AD75: shutdown
2023-02-28 20:10:05,414 [937551b9-64e7-48ec-8838-f5047df98f27-impl-thread2] INFO  util.JmxRegister (JmxRegister.java:unregister(73)) - Successfully un-registered JMX Bean with object name Ratis:service=RaftServer,group=group-947D6FC2AD75,id=937551b9-64e7-48ec-8838-f5047df98f27
2023-02-28 20:10:05,415 [937551b9-64e7-48ec-8838-f5047df98f27-impl-thread2] INFO  impl.RoleInfo (RoleInfo.java:shutdownLeaderState(93)) - 937551b9-64e7-48ec-8838-f5047df98f27: shutdown 937551b9-64e7-48ec-8838-f5047df98f27@group-947D6FC2AD75-LeaderStateImpl
2023-02-28 20:10:05,416 [grpc-default-executor-9] INFO  server.GrpcServerProtocolService (GrpcServerProtocolService.java:onCompleted(143)) - 5ca82d80-1088-40df-b8b2-c16ff7ffaa84: Completed APPEND_ENTRIES, lastRequest: 937551b9-64e7-48ec-8838-f5047df98f27->5ca82d80-1088-40df-b8b2-c16ff7ffaa84#2118-t1,previous=(t:1, i:195),leaderCommit=195,initializing? true,entries: size=1, first=(t:1, i:196), METADATAENTRY(c:194)
2023-02-28 20:10:05,416 [grpc-default-executor-5] INFO  server.GrpcServerProtocolService (GrpcServerProtocolService.java:onCompleted(143)) - 5ca82d80-1088-40df-b8b2-c16ff7ffaa84: Completed APPEND_ENTRIES, lastRequest: null
2023-02-28 20:10:05,417 [grpc-default-executor-10] INFO  server.GrpcLogAppender (GrpcLogAppender.java:onCompleted(415)) - 937551b9-64e7-48ec-8838-f5047df98f27@group-947D6FC2AD75->5ca82d80-1088-40df-b8b2-c16ff7ffaa84-AppendLogResponseHandler: follower responses appendEntries COMPLETED
2023-02-28 20:10:05,417 [grpc-default-executor-10] INFO  leader.FollowerInfo (FollowerInfoImpl.java:lambda$new$0(48)) - 937551b9-64e7-48ec-8838-f5047df98f27@group-947D6FC2AD75->5ca82d80-1088-40df-b8b2-c16ff7ffaa84: nextIndex: updateUnconditionally 197 -> 196
2023-02-28 20:10:05,421 [ForkJoinPool.commonPool-worker-0] INFO  server.GrpcService (GrpcService.java:closeImpl(271)) - 937551b9-64e7-48ec-8838-f5047df98f27: shutdown server GrpcServerProtocolService now
2023-02-28 20:10:05,427 [Listener at 127.0.0.1/37989] INFO  ozoneimpl.OzoneContainer (OzoneContainer.java:stop(420)) - Attempting to stop container services.
2023-02-28 20:10:05,428 [937551b9-64e7-48ec-8838-f5047df98f27@group-947D6FC2AD75->9fb7a251-87f9-4a5e-bbf3-14e1e3694fcd-GrpcLogAppender-LogAppenderDaemon] WARN  server.GrpcLogAppender (GrpcLogAppender.java:mayWait(200)) - 937551b9-64e7-48ec-8838-f5047df98f27@group-947D6FC2AD75->9fb7a251-87f9-4a5e-bbf3-14e1e3694fcd-GrpcLogAppender: Wait interrupted by java.lang.InterruptedException
2023-02-28 20:10:05,428 [grpc-default-executor-9] INFO  server.GrpcServerProtocolService (GrpcServerProtocolService.java:onCompleted(143)) - 9fb7a251-87f9-4a5e-bbf3-14e1e3694fcd: Completed APPEND_ENTRIES, lastRequest: null
2023-02-28 20:10:05,429 [grpc-default-executor-1] WARN  server.GrpcServerProtocolService (LogUtils.java:warn(122)) - 937551b9-64e7-48ec-8838-f5047df98f27: installSnapshot onError, lastRequest: null: org.apache.ratis.thirdparty.io.grpc.StatusRuntimeException: CANCELLED: client cancelled
2023-02-28 20:10:05,429 [Listener at 127.0.0.1/37989] INFO  server.RaftServer (RaftServerProxy.java:lambda$close$6(409)) - 5ca82d80-1088-40df-b8b2-c16ff7ffaa84: close
2023-02-28 20:10:05,429 [5ca82d80-1088-40df-b8b2-c16ff7ffaa84-impl-thread1] INFO  server.RaftServer$Division (RaftServerImpl.java:lambda$close$4(458)) - 5ca82d80-1088-40df-b8b2-c16ff7ffaa84@group-01B27E31000A: shutdown
2023-02-28 20:10:05,429 [5ca82d80-1088-40df-b8b2-c16ff7ffaa84-impl-thread1] INFO  util.JmxRegister (JmxRegister.java:unregister(73)) - Successfully un-registered JMX Bean with object name Ratis:service=RaftServer,group=group-01B27E31000A,id=5ca82d80-1088-40df-b8b2-c16ff7ffaa84
2023-02-28 20:10:05,429 [5ca82d80-1088-40df-b8b2-c16ff7ffaa84-impl-thread1] INFO  impl.RoleInfo (RoleInfo.java:shutdownLeaderState(93)) - 5ca82d80-1088-40df-b8b2-c16ff7ffaa84: shutdown 5ca82d80-1088-40df-b8b2-c16ff7ffaa84@group-01B27E31000A-LeaderStateImpl
2023-02-28 20:10:05,429 [937551b9-64e7-48ec-8838-f5047df98f27-impl-thread2] INFO  impl.PendingRequests (PendingRequests.java:sendNotLeaderResponses(282)) - 937551b9-64e7-48ec-8838-f5047df98f27@group-947D6FC2AD75-PendingRequests: sendNotLeaderResponses
2023-02-28 20:10:05,429 [5ca82d80-1088-40df-b8b2-c16ff7ffaa84-impl-thread1] INFO  impl.PendingRequests (PendingRequests.java:sendNotLeaderResponses(282)) - 5ca82d80-1088-40df-b8b2-c16ff7ffaa84@group-01B27E31000A-PendingRequests: sendNotLeaderResponses
2023-02-28 20:10:05,430 [937551b9-64e7-48ec-8838-f5047df98f27-impl-thread3] INFO  server.RaftServer$Division (RaftServerImpl.java:lambda$close$4(458)) - 937551b9-64e7-48ec-8838-f5047df98f27@group-24CD471FFB8A: shutdown
2023-02-28 20:10:05,430 [937551b9-64e7-48ec-8838-f5047df98f27-impl-thread3] INFO  util.JmxRegister (JmxRegister.java:unregister(73)) - Successfully un-registered JMX Bean with object name Ratis:service=RaftServer,group=group-24CD471FFB8A,id=937551b9-64e7-48ec-8838-f5047df98f27
2023-02-28 20:10:05,430 [937551b9-64e7-48ec-8838-f5047df98f27-impl-thread3] INFO  impl.RoleInfo (RoleInfo.java:shutdownFollowerState(110)) - 937551b9-64e7-48ec-8838-f5047df98f27: shutdown 937551b9-64e7-48ec-8838-f5047df98f27@group-24CD471FFB8A-FollowerState
2023-02-28 20:10:05,430 [5ca82d80-1088-40df-b8b2-c16ff7ffaa84-impl-thread1] INFO  impl.StateMachineUpdater (StateMachineUpdater.java:stopAndJoin(153)) - 5ca82d80-1088-40df-b8b2-c16ff7ffaa84@group-01B27E31000A-StateMachineUpdater: set stopIndex = 0
2023-02-28 20:10:05,430 [5ca82d80-1088-40df-b8b2-c16ff7ffaa84@group-01B27E31000A-StateMachineUpdater] INFO  ratis.ContainerStateMachine (ContainerStateMachine.java:takeSnapshot(308)) - group-01B27E31000A: Taking a snapshot at:(t:1, i:0) file /home/runner/work/ozone/ozone/hadoop-ozone/integration-test/target/test-dir/MiniOzoneClusterImpl-58db5c20-d6df-4fe1-a747-1f1a0fc9447e/datanode-1/data/ratis/5c90f5cf-4b7f-4d87-a97c-01b27e31000a/sm/snapshot.1_0
2023-02-28 20:10:05,430 [grpc-default-executor-10] INFO  server.GrpcLogAppender (GrpcLogAppender.java:onCompleted(415)) - 937551b9-64e7-48ec-8838-f5047df98f27@group-947D6FC2AD75->5ca82d80-1088-40df-b8b2-c16ff7ffaa84-AppendLogResponseHandler: follower responses appendEntries COMPLETED
2023-02-28 20:10:05,430 [grpc-default-executor-10] INFO  leader.FollowerInfo (FollowerInfoImpl.java:lambda$new$0(48)) - 937551b9-64e7-48ec-8838-f5047df98f27@group-947D6FC2AD75->5ca82d80-1088-40df-b8b2-c16ff7ffaa84: nextIndex: updateUnconditionally 196 -> 195
2023-02-28 20:10:05,430 [937551b9-64e7-48ec-8838-f5047df98f27-impl-thread1] INFO  server.RaftServer$Division (ServerState.java:close(466)) - 937551b9-64e7-48ec-8838-f5047df98f27@group-9FB9335F01DE: closes. applyIndex: 0
2023-02-28 20:10:05,431 [5ca82d80-1088-40df-b8b2-c16ff7ffaa84@group-01B27E31000A-StateMachineUpdater] INFO  ratis.ContainerStateMachine (ContainerStateMachine.java:takeSnapshot(319)) - group-01B27E31000A: Finished taking a snapshot at:(t:1, i:0) file:/home/runner/work/ozone/ozone/hadoop-ozone/integration-test/target/test-dir/MiniOzoneClusterImpl-58db5c20-d6df-4fe1-a747-1f1a0fc9447e/datanode-1/data/ratis/5c90f5cf-4b7f-4d87-a97c-01b27e31000a/sm/snapshot.1_0 took: 1 ms
2023-02-28 20:10:05,431 [5ca82d80-1088-40df-b8b2-c16ff7ffaa84@group-01B27E31000A-StateMachineUpdater] INFO  impl.StateMachineUpdater (StateMachineUpdater.java:takeSnapshot(287)) - 5ca82d80-1088-40df-b8b2-c16ff7ffaa84@group-01B27E31000A-StateMachineUpdater: Took a snapshot at index 0
2023-02-28 20:10:05,431 [5ca82d80-1088-40df-b8b2-c16ff7ffaa84@group-01B27E31000A-StateMachineUpdater] INFO  impl.StateMachineUpdater (StateMachineUpdater.java:lambda$new$0(92)) - 5ca82d80-1088-40df-b8b2-c16ff7ffaa84@group-01B27E31000A-StateMachineUpdater: snapshotIndex: updateIncreasingly -1 -> 0
2023-02-28 20:10:05,434 [937551b9-64e7-48ec-8838-f5047df98f27@group-9FB9335F01DE-SegmentedRaftLogWorker] INFO  segmented.SegmentedRaftLogWorker (SegmentedRaftLogWorker.java:run(347)) - 937551b9-64e7-48ec-8838-f5047df98f27@group-9FB9335F01DE-SegmentedRaftLogWorker was interrupted, exiting. There are 0 tasks remaining in the queue.
2023-02-28 20:10:05,434 [5ca82d80-1088-40df-b8b2-c16ff7ffaa84-impl-thread2] INFO  server.RaftServer$Division (RaftServerImpl.java:lambda$close$4(458)) - 5ca82d80-1088-40df-b8b2-c16ff7ffaa84@group-947D6FC2AD75: shutdown
2023-02-28 20:10:05,434 [937551b9-64e7-48ec-8838-f5047df98f27-impl-thread1] INFO  segmented.SegmentedRaftLogWorker (SegmentedRaftLogWorker.java:close(257)) - 937551b9-64e7-48ec-8838-f5047df98f27@group-9FB9335F01DE-SegmentedRaftLogWorker close()
2023-02-28 20:10:05,434 [5ca82d80-1088-40df-b8b2-c16ff7ffaa84-impl-thread2] INFO  util.JmxRegister (JmxRegister.java:unregister(73)) - Successfully un-registered JMX Bean with object name Ratis:service=RaftServer,group=group-947D6FC2AD75,id=5ca82d80-1088-40df-b8b2-c16ff7ffaa84
2023-02-28 20:10:05,435 [5ca82d80-1088-40df-b8b2-c16ff7ffaa84-impl-thread2] INFO  impl.RoleInfo (RoleInfo.java:shutdownFollowerState(110)) - 5ca82d80-1088-40df-b8b2-c16ff7ffaa84: shutdown 5ca82d80-1088-40df-b8b2-c16ff7ffaa84@group-947D6FC2AD75-FollowerState
2023-02-28 20:10:05,435 [Listener at 127.0.0.1/37989] INFO  server.GrpcService (GrpcService.java:closeImpl(271)) - 5ca82d80-1088-40df-b8b2-c16ff7ffaa84: shutdown server GrpcServerProtocolService now
2023-02-28 20:10:05,435 [937551b9-64e7-48ec-8838-f5047df98f27-impl-thread3] INFO  impl.StateMachineUpdater (StateMachineUpdater.java:stopAndJoin(153)) - 937551b9-64e7-48ec-8838-f5047df98f27@group-24CD471FFB8A-StateMachineUpdater: set stopIndex = 189
2023-02-28 20:10:05,442 [937551b9-64e7-48ec-8838-f5047df98f27@group-24CD471FFB8A-FollowerState] INFO  impl.FollowerState (FollowerState.java:run(152)) - 937551b9-64e7-48ec-8838-f5047df98f27@group-24CD471FFB8A-FollowerState was interrupted
2023-02-28 20:10:05,443 [937551b9-64e7-48ec-8838-f5047df98f27@group-24CD471FFB8A-StateMachineUpdater] INFO  ratis.ContainerStateMachine (ContainerStateMachine.java:takeSnapshot(308)) - group-24CD471FFB8A: Taking a snapshot at:(t:1, i:189) file /home/runner/work/ozone/ozone/hadoop-ozone/integration-test/target/test-dir/MiniOzoneClusterImpl-58db5c20-d6df-4fe1-a747-1f1a0fc9447e/datanode-0/data/ratis/d6155cd7-9825-4f89-9110-24cd471ffb8a/sm/snapshot.1_189
2023-02-28 20:10:05,443 [grpc-default-executor-5] WARN  server.GrpcClientProtocolService (LogUtils.java:warn(122)) - 0-OrderedRequestStreamObserver0: onError: org.apache.ratis.thirdparty.io.grpc.StatusRuntimeException: CANCELLED: client cancelled
2023-02-28 20:10:05,443 [ForkJoinPool.commonPool-worker-0] INFO  server.GrpcServerProtocolClient (GrpcServerProtocolClient.java:close(101)) - 5ca82d80-1088-40df-b8b2-c16ff7ffaa84 Close channels
2023-02-28 20:10:05,443 [grpc-default-executor-1] INFO  server.GrpcLogAppender (GrpcLogAppender.java:onCompleted(415)) - 937551b9-64e7-48ec-8838-f5047df98f27@group-947D6FC2AD75->9fb7a251-87f9-4a5e-bbf3-14e1e3694fcd-AppendLogResponseHandler: follower responses appendEntries COMPLETED
2023-02-28 20:10:05,443 [grpc-default-executor-1] INFO  leader.FollowerInfo (FollowerInfoImpl.java:lambda$new$0(48)) - 937551b9-64e7-48ec-8838-f5047df98f27@group-947D6FC2AD75->9fb7a251-87f9-4a5e-bbf3-14e1e3694fcd: nextIndex: updateUnconditionally 197 -> 196
2023-02-28 20:10:05,443 [937551b9-64e7-48ec-8838-f5047df98f27@group-24CD471FFB8A-StateMachineUpdater] INFO  ratis.ContainerStateMachine (ContainerStateMachine.java:takeSnapshot(319)) - group-24CD471FFB8A: Finished taking a snapshot at:(t:1, i:189) file:/home/runner/work/ozone/ozone/hadoop-ozone/integration-test/target/test-dir/MiniOzoneClusterImpl-58db5c20-d6df-4fe1-a747-1f1a0fc9447e/datanode-0/data/ratis/d6155cd7-9825-4f89-9110-24cd471ffb8a/sm/snapshot.1_189 took: 1 ms
2023-02-28 20:10:05,444 [grpc-default-executor-7] WARN  server.GrpcClientProtocolService (LogUtils.java:warn(122)) - 2-UnorderedRequestStreamObserver2: onError: org.apache.ratis.thirdparty.io.grpc.StatusRuntimeException: CANCELLED: client cancelled
2023-02-28 20:10:05,444 [937551b9-64e7-48ec-8838-f5047df98f27@group-24CD471FFB8A-StateMachineUpdater] INFO  impl.StateMachineUpdater (StateMachineUpdater.java:takeSnapshot(287)) - 937551b9-64e7-48ec-8838-f5047df98f27@group-24CD471FFB8A-StateMachineUpdater: Took a snapshot at index 189
2023-02-28 20:10:05,444 [937551b9-64e7-48ec-8838-f5047df98f27@group-24CD471FFB8A-StateMachineUpdater] INFO  impl.StateMachineUpdater (StateMachineUpdater.java:lambda$new$0(92)) - 937551b9-64e7-48ec-8838-f5047df98f27@group-24CD471FFB8A-StateMachineUpdater: snapshotIndex: updateIncreasingly -1 -> 189
2023-02-28 20:10:05,444 [5ca82d80-1088-40df-b8b2-c16ff7ffaa84-impl-thread1] INFO  server.RaftServer$Division (ServerState.java:close(466)) - 5ca82d80-1088-40df-b8b2-c16ff7ffaa84@group-01B27E31000A: closes. applyIndex: 0
2023-02-28 20:10:05,445 [5ca82d80-1088-40df-b8b2-c16ff7ffaa84@group-01B27E31000A-SegmentedRaftLogWorker] INFO  segmented.SegmentedRaftLogWorker (SegmentedRaftLogWorker.java:run(347)) - 5ca82d80-1088-40df-b8b2-c16ff7ffaa84@group-01B27E31000A-SegmentedRaftLogWorker was interrupted, exiting. There are 0 tasks remaining in the queue.
2023-02-28 20:10:05,445 [grpc-default-executor-9] WARN  server.GrpcLogAppender (LogUtils.java:warn(122)) - 9fb7a251-87f9-4a5e-bbf3-14e1e3694fcd@group-24CD471FFB8A->937551b9-64e7-48ec-8838-f5047df98f27-AppendLogResponseHandler: Failed appendEntries: org.apache.ratis.thirdparty.io.grpc.StatusRuntimeException: CANCELLED: RST_STREAM closed stream. HTTP/2 error code: CANCEL
2023-02-28 20:10:05,445 [grpc-default-executor-9] INFO  leader.FollowerInfo (FollowerInfoImpl.java:lambda$new$0(48)) - 9fb7a251-87f9-4a5e-bbf3-14e1e3694fcd@group-24CD471FFB8A->937551b9-64e7-48ec-8838-f5047df98f27: nextIndex: updateUnconditionally 192 -> 191
2023-02-28 20:10:05,445 [937551b9-64e7-48ec-8838-f5047df98f27-impl-thread3] INFO  server.RaftServer$Division (ServerState.java:close(466)) - 937551b9-64e7-48ec-8838-f5047df98f27@group-24CD471FFB8A: closes. applyIndex: 189
2023-02-28 20:10:05,445 [5ca82d80-1088-40df-b8b2-c16ff7ffaa84-impl-thread1] INFO  segmented.SegmentedRaftLogWorker (SegmentedRaftLogWorker.java:close(257)) - 5ca82d80-1088-40df-b8b2-c16ff7ffaa84@group-01B27E31000A-SegmentedRaftLogWorker close()
2023-02-28 20:10:05,445 [grpc-default-executor-0] WARN  server.GrpcServerProtocolService (LogUtils.java:warn(122)) - 937551b9-64e7-48ec-8838-f5047df98f27: installSnapshot onError, lastRequest: 9fb7a251-87f9-4a5e-bbf3-14e1e3694fcd->937551b9-64e7-48ec-8838-f5047df98f27#2068-t1,previous=(t:1, i:190),leaderCommit=189,initializing? true,entries: size=1, first=(t:1, i:191), METADATAENTRY(c:189): org.apache.ratis.thirdparty.io.grpc.StatusRuntimeException: CANCELLED: client cancelled
2023-02-28 20:10:05,445 [937551b9-64e7-48ec-8838-f5047df98f27@group-24CD471FFB8A-SegmentedRaftLogWorker] INFO  segmented.SegmentedRaftLogWorker (SegmentedRaftLogWorker.java:run(347)) - 937551b9-64e7-48ec-8838-f5047df98f27@group-24CD471FFB8A-SegmentedRaftLogWorker was interrupted, exiting. There are 0 tasks remaining in the queue.
2023-02-28 20:10:05,445 [937551b9-64e7-48ec-8838-f5047df98f27-impl-thread3] INFO  segmented.SegmentedRaftLogWorker (SegmentedRaftLogWorker.java:close(257)) - 937551b9-64e7-48ec-8838-f5047df98f27@group-24CD471FFB8A-SegmentedRaftLogWorker close()
2023-02-28 20:10:05,446 [5ca82d80-1088-40df-b8b2-c16ff7ffaa84-impl-thread2] INFO  impl.StateMachineUpdater (StateMachineUpdater.java:stopAndJoin(153)) - 5ca82d80-1088-40df-b8b2-c16ff7ffaa84@group-947D6FC2AD75-StateMachineUpdater: set stopIndex = 196
2023-02-28 20:10:05,446 [5ca82d80-1088-40df-b8b2-c16ff7ffaa84@group-947D6FC2AD75-StateMachineUpdater] INFO  ratis.ContainerStateMachine (ContainerStateMachine.java:takeSnapshot(308)) - group-947D6FC2AD75: Taking a snapshot at:(t:1, i:196) file /home/runner/work/ozone/ozone/hadoop-ozone/integration-test/target/test-dir/MiniOzoneClusterImpl-58db5c20-d6df-4fe1-a747-1f1a0fc9447e/datanode-1/data/ratis/07d8ca01-e976-42f2-8503-947d6fc2ad75/sm/snapshot.1_196
2023-02-28 20:10:05,446 [5ca82d80-1088-40df-b8b2-c16ff7ffaa84@group-947D6FC2AD75-FollowerState] INFO  impl.FollowerState (FollowerState.java:run(152)) - 5ca82d80-1088-40df-b8b2-c16ff7ffaa84@group-947D6FC2AD75-FollowerState was interrupted
2023-02-28 20:10:05,447 [5ca82d80-1088-40df-b8b2-c16ff7ffaa84@group-947D6FC2AD75-StateMachineUpdater] INFO  ratis.ContainerStateMachine (ContainerStateMachine.java:takeSnapshot(319)) - group-947D6FC2AD75: Finished taking a snapshot at:(t:1, i:196) file:/home/runner/work/ozone/ozone/hadoop-ozone/integration-test/target/test-dir/MiniOzoneClusterImpl-58db5c20-d6df-4fe1-a747-1f1a0fc9447e/datanode-1/data/ratis/07d8ca01-e976-42f2-8503-947d6fc2ad75/sm/snapshot.1_196 took: 1 ms
2023-02-28 20:10:05,447 [grpc-default-executor-10] WARN  server.GrpcServerProtocolService (LogUtils.java:warn(122)) - 5ca82d80-1088-40df-b8b2-c16ff7ffaa84: installSnapshot onError, lastRequest: null: org.apache.ratis.thirdparty.io.grpc.StatusRuntimeException: CANCELLED: client cancelled
2023-02-28 20:10:05,448 [grpc-default-executor-0] WARN  server.GrpcServerProtocolService (LogUtils.java:warn(122)) - 5ca82d80-1088-40df-b8b2-c16ff7ffaa84: installSnapshot onError, lastRequest: 9fb7a251-87f9-4a5e-bbf3-14e1e3694fcd->5ca82d80-1088-40df-b8b2-c16ff7ffaa84#2197-t1,previous=(t:1, i:190),leaderCommit=189,initializing? true,entries: size=1, first=(t:1, i:191), METADATAENTRY(c:189): org.apache.ratis.thirdparty.io.grpc.StatusRuntimeException: CANCELLED: client cancelled
2023-02-28 20:10:05,448 [5ca82d80-1088-40df-b8b2-c16ff7ffaa84@group-947D6FC2AD75-StateMachineUpdater] INFO  impl.StateMachineUpdater (StateMachineUpdater.java:takeSnapshot(287)) - 5ca82d80-1088-40df-b8b2-c16ff7ffaa84@group-947D6FC2AD75-StateMachineUpdater: Took a snapshot at index 196
2023-02-28 20:10:05,448 [5ca82d80-1088-40df-b8b2-c16ff7ffaa84@group-947D6FC2AD75-StateMachineUpdater] INFO  impl.StateMachineUpdater (StateMachineUpdater.java:lambda$new$0(92)) - 5ca82d80-1088-40df-b8b2-c16ff7ffaa84@group-947D6FC2AD75-StateMachineUpdater: snapshotIndex: updateIncreasingly -1 -> 196
2023-02-28 20:10:05,450 [5ca82d80-1088-40df-b8b2-c16ff7ffaa84-impl-thread3] INFO  server.RaftServer$Division (RaftServerImpl.java:lambda$close$4(458)) - 5ca82d80-1088-40df-b8b2-c16ff7ffaa84@group-24CD471FFB8A: shutdown
2023-02-28 20:10:05,450 [5ca82d80-1088-40df-b8b2-c16ff7ffaa84-impl-thread3] INFO  util.JmxRegister (JmxRegister.java:unregister(73)) - Successfully un-registered JMX Bean with object name Ratis:service=RaftServer,group=group-24CD471FFB8A,id=5ca82d80-1088-40df-b8b2-c16ff7ffaa84
2023-02-28 20:10:05,450 [5ca82d80-1088-40df-b8b2-c16ff7ffaa84-impl-thread3] INFO  impl.RoleInfo (RoleInfo.java:shutdownFollowerState(110)) - 5ca82d80-1088-40df-b8b2-c16ff7ffaa84: shutdown 5ca82d80-1088-40df-b8b2-c16ff7ffaa84@group-24CD471FFB8A-FollowerState
2023-02-28 20:10:05,450 [5ca82d80-1088-40df-b8b2-c16ff7ffaa84@group-24CD471FFB8A-FollowerState] INFO  impl.FollowerState (FollowerState.java:run(152)) - 5ca82d80-1088-40df-b8b2-c16ff7ffaa84@group-24CD471FFB8A-FollowerState was interrupted
2023-02-28 20:10:05,450 [5ca82d80-1088-40df-b8b2-c16ff7ffaa84@group-24CD471FFB8A-StateMachineUpdater] INFO  ratis.ContainerStateMachine (ContainerStateMachine.java:takeSnapshot(308)) - group-24CD471FFB8A: Taking a snapshot at:(t:1, i:189) file /home/runner/work/ozone/ozone/hadoop-ozone/integration-test/target/test-dir/MiniOzoneClusterImpl-58db5c20-d6df-4fe1-a747-1f1a0fc9447e/datanode-1/data/ratis/d6155cd7-9825-4f89-9110-24cd471ffb8a/sm/snapshot.1_189
2023-02-28 20:10:05,450 [5ca82d80-1088-40df-b8b2-c16ff7ffaa84-impl-thread3] INFO  impl.StateMachineUpdater (StateMachineUpdater.java:stopAndJoin(153)) - 5ca82d80-1088-40df-b8b2-c16ff7ffaa84@group-24CD471FFB8A-StateMachineUpdater: set stopIndex = 189
2023-02-28 20:10:05,451 [5ca82d80-1088-40df-b8b2-c16ff7ffaa84@group-24CD471FFB8A-StateMachineUpdater] INFO  ratis.ContainerStateMachine (ContainerStateMachine.java:takeSnapshot(319)) - group-24CD471FFB8A: Finished taking a snapshot at:(t:1, i:189) file:/home/runner/work/ozone/ozone/hadoop-ozone/integration-test/target/test-dir/MiniOzoneClusterImpl-58db5c20-d6df-4fe1-a747-1f1a0fc9447e/datanode-1/data/ratis/d6155cd7-9825-4f89-9110-24cd471ffb8a/sm/snapshot.1_189 took: 1 ms
2023-02-28 20:10:05,451 [5ca82d80-1088-40df-b8b2-c16ff7ffaa84@group-24CD471FFB8A-StateMachineUpdater] INFO  impl.StateMachineUpdater (StateMachineUpdater.java:takeSnapshot(287)) - 5ca82d80-1088-40df-b8b2-c16ff7ffaa84@group-24CD471FFB8A-StateMachineUpdater: Took a snapshot at index 189
2023-02-28 20:10:05,451 [5ca82d80-1088-40df-b8b2-c16ff7ffaa84@group-24CD471FFB8A-StateMachineUpdater] INFO  impl.StateMachineUpdater (StateMachineUpdater.java:lambda$new$0(92)) - 5ca82d80-1088-40df-b8b2-c16ff7ffaa84@group-24CD471FFB8A-StateMachineUpdater: snapshotIndex: updateIncreasingly -1 -> 189
2023-02-28 20:10:05,452 [937551b9-64e7-48ec-8838-f5047df98f27-impl-thread2] INFO  impl.StateMachineUpdater (StateMachineUpdater.java:stopAndJoin(153)) - 937551b9-64e7-48ec-8838-f5047df98f27@group-947D6FC2AD75-StateMachineUpdater: set stopIndex = 196
2023-02-28 20:10:05,452 [937551b9-64e7-48ec-8838-f5047df98f27@group-947D6FC2AD75-StateMachineUpdater] INFO  ratis.ContainerStateMachine (ContainerStateMachine.java:takeSnapshot(308)) - group-947D6FC2AD75: Taking a snapshot at:(t:1, i:196) file /home/runner/work/ozone/ozone/hadoop-ozone/integration-test/target/test-dir/MiniOzoneClusterImpl-58db5c20-d6df-4fe1-a747-1f1a0fc9447e/datanode-0/data/ratis/07d8ca01-e976-42f2-8503-947d6fc2ad75/sm/snapshot.1_196
2023-02-28 20:10:05,453 [937551b9-64e7-48ec-8838-f5047df98f27@group-947D6FC2AD75-StateMachineUpdater] INFO  ratis.ContainerStateMachine (ContainerStateMachine.java:takeSnapshot(319)) - group-947D6FC2AD75: Finished taking a snapshot at:(t:1, i:196) file:/home/runner/work/ozone/ozone/hadoop-ozone/integration-test/target/test-dir/MiniOzoneClusterImpl-58db5c20-d6df-4fe1-a747-1f1a0fc9447e/datanode-0/data/ratis/07d8ca01-e976-42f2-8503-947d6fc2ad75/sm/snapshot.1_196 took: 0 ms
2023-02-28 20:10:05,453 [937551b9-64e7-48ec-8838-f5047df98f27@group-947D6FC2AD75-StateMachineUpdater] INFO  impl.StateMachineUpdater (StateMachineUpdater.java:takeSnapshot(287)) - 937551b9-64e7-48ec-8838-f5047df98f27@group-947D6FC2AD75-StateMachineUpdater: Took a snapshot at index 196
2023-02-28 20:10:05,453 [937551b9-64e7-48ec-8838-f5047df98f27@group-947D6FC2AD75-StateMachineUpdater] INFO  impl.StateMachineUpdater (StateMachineUpdater.java:lambda$new$0(92)) - 937551b9-64e7-48ec-8838-f5047df98f27@group-947D6FC2AD75-StateMachineUpdater: snapshotIndex: updateIncreasingly -1 -> 196
2023-02-28 20:10:05,455 [5ca82d80-1088-40df-b8b2-c16ff7ffaa84-impl-thread2] INFO  server.RaftServer$Division (ServerState.java:close(466)) - 5ca82d80-1088-40df-b8b2-c16ff7ffaa84@group-947D6FC2AD75: closes. applyIndex: 196
2023-02-28 20:10:05,455 [5ca82d80-1088-40df-b8b2-c16ff7ffaa84@group-947D6FC2AD75-SegmentedRaftLogWorker] INFO  segmented.SegmentedRaftLogWorker (SegmentedRaftLogWorker.java:run(347)) - 5ca82d80-1088-40df-b8b2-c16ff7ffaa84@group-947D6FC2AD75-SegmentedRaftLogWorker was interrupted, exiting. There are 0 tasks remaining in the queue.
2023-02-28 20:10:05,455 [5ca82d80-1088-40df-b8b2-c16ff7ffaa84-impl-thread2] INFO  segmented.SegmentedRaftLogWorker (SegmentedRaftLogWorker.java:close(257)) - 5ca82d80-1088-40df-b8b2-c16ff7ffaa84@group-947D6FC2AD75-SegmentedRaftLogWorker close()
2023-02-28 20:10:05,456 [5ca82d80-1088-40df-b8b2-c16ff7ffaa84-impl-thread3] INFO  server.RaftServer$Division (ServerState.java:close(466)) - 5ca82d80-1088-40df-b8b2-c16ff7ffaa84@group-24CD471FFB8A: closes. applyIndex: 189
2023-02-28 20:10:05,458 [5ca82d80-1088-40df-b8b2-c16ff7ffaa84@group-24CD471FFB8A-SegmentedRaftLogWorker] INFO  segmented.SegmentedRaftLogWorker (SegmentedRaftLogWorker.java:run(347)) - 5ca82d80-1088-40df-b8b2-c16ff7ffaa84@group-24CD471FFB8A-SegmentedRaftLogWorker was interrupted, exiting. There are 0 tasks remaining in the queue.
2023-02-28 20:10:05,459 [Listener at 127.0.0.1/37989] INFO  server.GrpcService (GrpcService.java:closeImpl(280)) - 5ca82d80-1088-40df-b8b2-c16ff7ffaa84: shutdown server GrpcServerProtocolService successfully
2023-02-28 20:10:05,460 [grpc-default-executor-10] WARN  server.GrpcLogAppender (LogUtils.java:warn(122)) - 9fb7a251-87f9-4a5e-bbf3-14e1e3694fcd@group-24CD471FFB8A->937551b9-64e7-48ec-8838-f5047df98f27-AppendLogResponseHandler: Failed appendEntries: org.apache.ratis.thirdparty.io.grpc.StatusRuntimeException: CANCELLED: RST_STREAM closed stream. HTTP/2 error code: CANCEL
2023-02-28 20:10:05,460 [grpc-default-executor-10] INFO  leader.FollowerInfo (FollowerInfoImpl.java:lambda$new$0(48)) - 9fb7a251-87f9-4a5e-bbf3-14e1e3694fcd@group-24CD471FFB8A->937551b9-64e7-48ec-8838-f5047df98f27: nextIndex: updateUnconditionally 192 -> 191
2023-02-28 20:10:05,460 [grpc-default-executor-7] INFO  server.GrpcServerProtocolService (GrpcServerProtocolService.java:onCompleted(143)) - 9fb7a251-87f9-4a5e-bbf3-14e1e3694fcd: Completed APPEND_ENTRIES, lastRequest: 937551b9-64e7-48ec-8838-f5047df98f27->9fb7a251-87f9-4a5e-bbf3-14e1e3694fcd#2074-t1,previous=(t:1, i:195),leaderCommit=194,initializing? true,entries: size=1, first=(t:1, i:196), METADATAENTRY(c:194)
2023-02-28 20:10:05,460 [5ca82d80-1088-40df-b8b2-c16ff7ffaa84-NettyServerStreamRpc-bossGroup--thread1] INFO  logging.LoggingHandler (AbstractInternalLogger.java:log(148)) - [id: 0xc4c69ba5, L:/0:0:0:0:0:0:0:0:35983] CLOSE
2023-02-28 20:10:05,460 [5ca82d80-1088-40df-b8b2-c16ff7ffaa84-NettyServerStreamRpc-bossGroup--thread1] INFO  logging.LoggingHandler (AbstractInternalLogger.java:log(148)) - [id: 0xc4c69ba5, L:/0:0:0:0:0:0:0:0:35983] INACTIVE
2023-02-28 20:10:05,460 [5ca82d80-1088-40df-b8b2-c16ff7ffaa84-NettyServerStreamRpc-bossGroup--thread1] INFO  logging.LoggingHandler (AbstractInternalLogger.java:log(148)) - [id: 0xc4c69ba5, L:/0:0:0:0:0:0:0:0:35983] UNREGISTERED
2023-02-28 20:10:05,460 [937551b9-64e7-48ec-8838-f5047df98f27-impl-thread2] INFO  server.RaftServer$Division (ServerState.java:close(466)) - 937551b9-64e7-48ec-8838-f5047df98f27@group-947D6FC2AD75: closes. applyIndex: 196
2023-02-28 20:10:05,461 [5ca82d80-1088-40df-b8b2-c16ff7ffaa84-impl-thread3] INFO  segmented.SegmentedRaftLogWorker (SegmentedRaftLogWorker.java:close(257)) - 5ca82d80-1088-40df-b8b2-c16ff7ffaa84@group-24CD471FFB8A-SegmentedRaftLogWorker close()
2023-02-28 20:10:05,461 [937551b9-64e7-48ec-8838-f5047df98f27@group-947D6FC2AD75-SegmentedRaftLogWorker] INFO  segmented.SegmentedRaftLogWorker (SegmentedRaftLogWorker.java:run(347)) - 937551b9-64e7-48ec-8838-f5047df98f27@group-947D6FC2AD75-SegmentedRaftLogWorker was interrupted, exiting. There are 0 tasks remaining in the queue.
2023-02-28 20:10:05,462 [grpc-default-executor-0] WARN  server.GrpcLogAppender (LogUtils.java:warn(122)) - 9fb7a251-87f9-4a5e-bbf3-14e1e3694fcd@group-24CD471FFB8A->937551b9-64e7-48ec-8838-f5047df98f27-AppendLogResponseHandler: Failed appendEntries: org.apache.ratis.thirdparty.io.grpc.StatusRuntimeException: UNAVAILABLE: Connection closed after GOAWAY. HTTP/2 error code: NO_ERROR, debug data: app_requested
2023-02-28 20:10:05,462 [grpc-default-executor-0] INFO  leader.FollowerInfo (FollowerInfoImpl.java:lambda$new$0(48)) - 9fb7a251-87f9-4a5e-bbf3-14e1e3694fcd@group-24CD471FFB8A->937551b9-64e7-48ec-8838-f5047df98f27: nextIndex: updateUnconditionally 191 -> 190
2023-02-28 20:10:05,463 [grpc-default-executor-9] INFO  server.GrpcLogAppender (GrpcLogAppender.java:onCompleted(415)) - 937551b9-64e7-48ec-8838-f5047df98f27@group-947D6FC2AD75->9fb7a251-87f9-4a5e-bbf3-14e1e3694fcd-AppendLogResponseHandler: follower responses appendEntries COMPLETED
2023-02-28 20:10:05,463 [grpc-default-executor-9] INFO  leader.FollowerInfo (FollowerInfoImpl.java:lambda$new$0(48)) - 937551b9-64e7-48ec-8838-f5047df98f27@group-947D6FC2AD75->9fb7a251-87f9-4a5e-bbf3-14e1e3694fcd: nextIndex: updateUnconditionally 196 -> 195
2023-02-28 20:10:05,463 [937551b9-64e7-48ec-8838-f5047df98f27-impl-thread2] INFO  segmented.SegmentedRaftLogWorker (SegmentedRaftLogWorker.java:close(257)) - 937551b9-64e7-48ec-8838-f5047df98f27@group-947D6FC2AD75-SegmentedRaftLogWorker close()
2023-02-28 20:10:05,468 [ForkJoinPool.commonPool-worker-0] INFO  server.GrpcServerProtocolClient (GrpcServerProtocolClient.java:close(101)) - 9fb7a251-87f9-4a5e-bbf3-14e1e3694fcd Close channels
2023-02-28 20:10:05,468 [grpc-default-executor-10] WARN  server.GrpcLogAppender (LogUtils.java:warn(122)) - 9fb7a251-87f9-4a5e-bbf3-14e1e3694fcd@group-24CD471FFB8A->5ca82d80-1088-40df-b8b2-c16ff7ffaa84-AppendLogResponseHandler: Failed appendEntries: org.apache.ratis.thirdparty.io.grpc.StatusRuntimeException: CANCELLED: RST_STREAM closed stream. HTTP/2 error code: CANCEL
2023-02-28 20:10:05,468 [grpc-default-executor-10] INFO  leader.FollowerInfo (FollowerInfoImpl.java:lambda$new$0(48)) - 9fb7a251-87f9-4a5e-bbf3-14e1e3694fcd@group-24CD471FFB8A->5ca82d80-1088-40df-b8b2-c16ff7ffaa84: nextIndex: updateUnconditionally 192 -> 191
2023-02-28 20:10:05,480 [grpc-default-executor-9] WARN  server.GrpcLogAppender (LogUtils.java:warn(122)) - 9fb7a251-87f9-4a5e-bbf3-14e1e3694fcd@group-24CD471FFB8A->5ca82d80-1088-40df-b8b2-c16ff7ffaa84-AppendLogResponseHandler: Failed appendEntries: org.apache.ratis.thirdparty.io.grpc.StatusRuntimeException: CANCELLED: RST_STREAM closed stream. HTTP/2 error code: CANCEL
2023-02-28 20:10:05,480 [grpc-default-executor-9] INFO  leader.FollowerInfo (FollowerInfoImpl.java:lambda$new$0(48)) - 9fb7a251-87f9-4a5e-bbf3-14e1e3694fcd@group-24CD471FFB8A->5ca82d80-1088-40df-b8b2-c16ff7ffaa84: nextIndex: updateUnconditionally 192 -> 191
2023-02-28 20:10:05,480 [grpc-default-executor-7] WARN  server.GrpcLogAppender (LogUtils.java:warn(122)) - 9fb7a251-87f9-4a5e-bbf3-14e1e3694fcd@group-24CD471FFB8A->5ca82d80-1088-40df-b8b2-c16ff7ffaa84-AppendLogResponseHandler: Failed appendEntries: org.apache.ratis.thirdparty.io.grpc.StatusRuntimeException: UNAVAILABLE: io exception
2023-02-28 20:10:05,480 [grpc-default-executor-7] INFO  leader.FollowerInfo (FollowerInfoImpl.java:lambda$new$0(48)) - 9fb7a251-87f9-4a5e-bbf3-14e1e3694fcd@group-24CD471FFB8A->5ca82d80-1088-40df-b8b2-c16ff7ffaa84: nextIndex: updateUnconditionally 191 -> 190
2023-02-28 20:10:05,481 [grpc-default-executor-9] WARN  server.GrpcLogAppender (LogUtils.java:warn(122)) - 9fb7a251-87f9-4a5e-bbf3-14e1e3694fcd@group-24CD471FFB8A->937551b9-64e7-48ec-8838-f5047df98f27-AppendLogResponseHandler: Failed appendEntries: org.apache.ratis.thirdparty.io.grpc.StatusRuntimeException: UNAVAILABLE: io exception
2023-02-28 20:10:05,482 [grpc-default-executor-9] INFO  leader.FollowerInfo (FollowerInfoImpl.java:lambda$new$0(48)) - 9fb7a251-87f9-4a5e-bbf3-14e1e3694fcd@group-24CD471FFB8A->937551b9-64e7-48ec-8838-f5047df98f27: nextIndex: updateUnconditionally 190 -> 189
2023-02-28 20:10:05,482 [grpc-default-executor-10] WARN  server.GrpcLogAppender (LogUtils.java:warn(122)) - 9fb7a251-87f9-4a5e-bbf3-14e1e3694fcd@group-24CD471FFB8A->5ca82d80-1088-40df-b8b2-c16ff7ffaa84-AppendLogResponseHandler: Failed appendEntries: org.apache.ratis.thirdparty.io.grpc.StatusRuntimeException: UNAVAILABLE: io exception
2023-02-28 20:10:05,483 [grpc-default-executor-10] INFO  leader.FollowerInfo (FollowerInfoImpl.java:lambda$new$0(48)) - 9fb7a251-87f9-4a5e-bbf3-14e1e3694fcd@group-24CD471FFB8A->5ca82d80-1088-40df-b8b2-c16ff7ffaa84: nextIndex: updateUnconditionally 190 -> 189
2023-02-28 20:10:05,483 [ForkJoinPool.commonPool-worker-0] INFO  server.GrpcService (GrpcService.java:closeImpl(280)) - 937551b9-64e7-48ec-8838-f5047df98f27: shutdown server GrpcServerProtocolService successfully
2023-02-28 20:10:05,484 [937551b9-64e7-48ec-8838-f5047df98f27-NettyServerStreamRpc-bossGroup--thread1] INFO  logging.LoggingHandler (AbstractInternalLogger.java:log(148)) - [id: 0x85669fdd, L:/0:0:0:0:0:0:0:0:35681] CLOSE
2023-02-28 20:10:05,486 [937551b9-64e7-48ec-8838-f5047df98f27-NettyServerStreamRpc-bossGroup--thread1] INFO  logging.LoggingHandler (AbstractInternalLogger.java:log(148)) - [id: 0x85669fdd, L:/0:0:0:0:0:0:0:0:35681] INACTIVE
2023-02-28 20:10:05,486 [937551b9-64e7-48ec-8838-f5047df98f27-NettyServerStreamRpc-bossGroup--thread1] INFO  logging.LoggingHandler (AbstractInternalLogger.java:log(148)) - [id: 0x85669fdd, L:/0:0:0:0:0:0:0:0:35681] UNREGISTERED
2023-02-28 20:10:05,486 [JvmPauseMonitor10] INFO  util.JvmPauseMonitor (JvmPauseMonitor.java:run(111)) - JvmPauseMonitor-5ca82d80-1088-40df-b8b2-c16ff7ffaa84: Stopped
2023-02-28 20:10:05,492 [JvmPauseMonitor9] INFO  util.JvmPauseMonitor (JvmPauseMonitor.java:run(111)) - JvmPauseMonitor-937551b9-64e7-48ec-8838-f5047df98f27: Stopped
2023-02-28 20:10:05,660 [grpc-default-executor-9] WARN  server.GrpcLogAppender (LogUtils.java:warn(122)) - 9fb7a251-87f9-4a5e-bbf3-14e1e3694fcd@group-24CD471FFB8A->5ca82d80-1088-40df-b8b2-c16ff7ffaa84-AppendLogResponseHandler: Failed appendEntries: org.apache.ratis.thirdparty.io.grpc.StatusRuntimeException: UNAVAILABLE: io exception
2023-02-28 20:10:05,660 [grpc-default-executor-10] WARN  server.GrpcLogAppender (LogUtils.java:warn(122)) - 9fb7a251-87f9-4a5e-bbf3-14e1e3694fcd@group-24CD471FFB8A->5ca82d80-1088-40df-b8b2-c16ff7ffaa84-AppendLogResponseHandler: Failed appendEntries: org.apache.ratis.thirdparty.io.grpc.StatusRuntimeException: UNAVAILABLE: io exception
2023-02-28 20:10:05,661 [grpc-default-executor-9] INFO  leader.FollowerInfo (FollowerInfoImpl.java:lambda$new$0(48)) - 9fb7a251-87f9-4a5e-bbf3-14e1e3694fcd@group-24CD471FFB8A->5ca82d80-1088-40df-b8b2-c16ff7ffaa84: nextIndex: updateUnconditionally 189 -> 188
2023-02-28 20:10:05,662 [grpc-default-executor-10] INFO  leader.FollowerInfo (FollowerInfoImpl.java:lambda$new$0(48)) - 9fb7a251-87f9-4a5e-bbf3-14e1e3694fcd@group-24CD471FFB8A->5ca82d80-1088-40df-b8b2-c16ff7ffaa84: nextIndex: updateUnconditionally 188 -> 187
2023-02-28 20:10:05,662 [grpc-default-executor-9] WARN  server.GrpcLogAppender (LogUtils.java:warn(122)) - 9fb7a251-87f9-4a5e-bbf3-14e1e3694fcd@group-24CD471FFB8A->937551b9-64e7-48ec-8838-f5047df98f27-AppendLogResponseHandler: Failed appendEntries: org.apache.ratis.thirdparty.io.grpc.StatusRuntimeException: UNAVAILABLE: io exception
2023-02-28 20:10:05,662 [grpc-default-executor-9] INFO  leader.FollowerInfo (FollowerInfoImpl.java:lambda$new$0(48)) - 9fb7a251-87f9-4a5e-bbf3-14e1e3694fcd@group-24CD471FFB8A->937551b9-64e7-48ec-8838-f5047df98f27: nextIndex: updateUnconditionally 189 -> 188
2023-02-28 20:10:05,664 [grpc-default-executor-10] WARN  server.GrpcLogAppender (LogUtils.java:warn(122)) - 9fb7a251-87f9-4a5e-bbf3-14e1e3694fcd@group-24CD471FFB8A->937551b9-64e7-48ec-8838-f5047df98f27-AppendLogResponseHandler: Failed appendEntries: org.apache.ratis.thirdparty.io.grpc.StatusRuntimeException: UNAVAILABLE: io exception
2023-02-28 20:10:05,665 [grpc-default-executor-10] INFO  leader.FollowerInfo (FollowerInfoImpl.java:lambda$new$0(48)) - 9fb7a251-87f9-4a5e-bbf3-14e1e3694fcd@group-24CD471FFB8A->937551b9-64e7-48ec-8838-f5047df98f27: nextIndex: updateUnconditionally 188 -> 187
2023-02-28 20:10:05,670 [grpc-default-executor-10] WARN  server.GrpcLogAppender (LogUtils.java:warn(122)) - 9fb7a251-87f9-4a5e-bbf3-14e1e3694fcd@group-24CD471FFB8A->5ca82d80-1088-40df-b8b2-c16ff7ffaa84-AppendLogResponseHandler: Failed appendEntries: org.apache.ratis.thirdparty.io.grpc.StatusRuntimeException: UNAVAILABLE: io exception
2023-02-28 20:10:05,671 [grpc-default-executor-10] INFO  leader.FollowerInfo (FollowerInfoImpl.java:lambda$new$0(48)) - 9fb7a251-87f9-4a5e-bbf3-14e1e3694fcd@group-24CD471FFB8A->5ca82d80-1088-40df-b8b2-c16ff7ffaa84: nextIndex: updateUnconditionally 188 -> 187
2023-02-28 20:10:05,671 [grpc-default-executor-9] WARN  server.GrpcLogAppender (LogUtils.java:warn(122)) - 9fb7a251-87f9-4a5e-bbf3-14e1e3694fcd@group-24CD471FFB8A->5ca82d80-1088-40df-b8b2-c16ff7ffaa84-AppendLogResponseHandler: Failed appendEntries: org.apache.ratis.thirdparty.io.grpc.StatusRuntimeException: UNAVAILABLE: io exception
2023-02-28 20:10:05,672 [grpc-default-executor-7] WARN  server.GrpcLogAppender (LogUtils.java:warn(122)) - 9fb7a251-87f9-4a5e-bbf3-14e1e3694fcd@group-24CD471FFB8A->937551b9-64e7-48ec-8838-f5047df98f27-AppendLogResponseHandler: Failed appendEntries: org.apache.ratis.thirdparty.io.grpc.StatusRuntimeException: UNAVAILABLE: io exception
2023-02-28 20:10:05,672 [grpc-default-executor-9] INFO  leader.FollowerInfo (FollowerInfoImpl.java:lambda$new$0(48)) - 9fb7a251-87f9-4a5e-bbf3-14e1e3694fcd@group-24CD471FFB8A->5ca82d80-1088-40df-b8b2-c16ff7ffaa84: nextIndex: updateUnconditionally 187 -> 186
2023-02-28 20:10:05,672 [grpc-default-executor-7] INFO  leader.FollowerInfo (FollowerInfoImpl.java:lambda$new$0(48)) - 9fb7a251-87f9-4a5e-bbf3-14e1e3694fcd@group-24CD471FFB8A->937551b9-64e7-48ec-8838-f5047df98f27: nextIndex: updateUnconditionally 188 -> 187
2023-02-28 20:10:05,673 [grpc-default-executor-10] WARN  server.GrpcLogAppender (LogUtils.java:warn(122)) - 9fb7a251-87f9-4a5e-bbf3-14e1e3694fcd@group-24CD471FFB8A->937551b9-64e7-48ec-8838-f5047df98f27-AppendLogResponseHandler: Failed appendEntries: org.apache.ratis.thirdparty.io.grpc.StatusRuntimeException: UNAVAILABLE: io exception
2023-02-28 20:10:05,673 [grpc-default-executor-10] INFO  leader.FollowerInfo (FollowerInfoImpl.java:lambda$new$0(48)) - 9fb7a251-87f9-4a5e-bbf3-14e1e3694fcd@group-24CD471FFB8A->937551b9-64e7-48ec-8838-f5047df98f27: nextIndex: updateUnconditionally 187 -> 186
2023-02-28 20:10:05,986 [EndpointStateMachine task thread for /0.0.0.0:46809 - 0 ] WARN  statemachine.EndpointStateMachine (EndpointStateMachine.java:logIfNeeded(242)) - Unable to communicate to SCM server at 0.0.0.0:46809 for past 0 seconds.
java.io.EOFException: End of File Exception between local host is: "fv-az399-334/10.1.1.15"; destination host is: "0.0.0.0":46809; : java.io.EOFException; For more details see:  http://wiki.apache.org/hadoop/EOFException
	at sun.reflect.NativeConstructorAccessorImpl.newInstance0(Native Method)
	at sun.reflect.NativeConstructorAccessorImpl.newInstance(NativeConstructorAccessorImpl.java:62)
	at sun.reflect.DelegatingConstructorAccessorImpl.newInstance(DelegatingConstructorAccessorImpl.java:45)
	at java.lang.reflect.Constructor.newInstance(Constructor.java:423)
	at org.apache.hadoop.net.NetUtils.wrapWithMessage(NetUtils.java:913)
	at org.apache.hadoop.net.NetUtils.wrapException(NetUtils.java:862)
	at org.apache.hadoop.ipc.Client.getRpcResponse(Client.java:1616)
	at org.apache.hadoop.ipc.Client.call(Client.java:1558)
	at org.apache.hadoop.ipc.Client.call(Client.java:1455)
	at org.apache.hadoop.ipc.ProtobufRpcEngine$Invoker.invoke(ProtobufRpcEngine.java:235)
	at org.apache.hadoop.ipc.ProtobufRpcEngine$Invoker.invoke(ProtobufRpcEngine.java:122)
	at com.sun.proxy.$Proxy54.submitRequest(Unknown Source)
	at org.apache.hadoop.ozone.protocolPB.StorageContainerDatanodeProtocolClientSideTranslatorPB.submitRequest(StorageContainerDatanodeProtocolClientSideTranslatorPB.java:117)
	at org.apache.hadoop.ozone.protocolPB.StorageContainerDatanodeProtocolClientSideTranslatorPB.sendHeartbeat(StorageContainerDatanodeProtocolClientSideTranslatorPB.java:149)
	at org.apache.hadoop.ozone.container.common.states.endpoint.HeartbeatEndpointTask.call(HeartbeatEndpointTask.java:185)
	at org.apache.hadoop.ozone.container.common.states.endpoint.HeartbeatEndpointTask.call(HeartbeatEndpointTask.java:87)
	at java.util.concurrent.FutureTask.run(FutureTask.java:266)
	at java.util.concurrent.ThreadPoolExecutor.runWorker(ThreadPoolExecutor.java:1149)
	at java.util.concurrent.ThreadPoolExecutor$Worker.run(ThreadPoolExecutor.java:624)
	at java.lang.Thread.run(Thread.java:750)
Caused by: java.io.EOFException
	at java.io.DataInputStream.readInt(DataInputStream.java:392)
	at org.apache.hadoop.ipc.Client$IpcStreams.readResponse(Client.java:1922)
	at org.apache.hadoop.ipc.Client$Connection.receiveRpcResponse(Client.java:1238)
	at org.apache.hadoop.ipc.Client$Connection.run(Client.java:1134)
2023-02-28 20:10:06,911 [grpc-default-executor-10] WARN  server.GrpcLogAppender (LogUtils.java:warn(122)) - 9fb7a251-87f9-4a5e-bbf3-14e1e3694fcd@group-24CD471FFB8A->5ca82d80-1088-40df-b8b2-c16ff7ffaa84-AppendLogResponseHandler: Failed appendEntries: org.apache.ratis.thirdparty.io.grpc.StatusRuntimeException: UNAVAILABLE: io exception
2023-02-28 20:10:06,911 [grpc-default-executor-7] WARN  server.GrpcLogAppender (LogUtils.java:warn(122)) - 9fb7a251-87f9-4a5e-bbf3-14e1e3694fcd@group-24CD471FFB8A->5ca82d80-1088-40df-b8b2-c16ff7ffaa84-AppendLogResponseHandler: Failed appendEntries: org.apache.ratis.thirdparty.io.grpc.StatusRuntimeException: UNAVAILABLE: io exception
2023-02-28 20:10:06,912 [grpc-default-executor-10] INFO  leader.FollowerInfo (FollowerInfoImpl.java:lambda$new$0(48)) - 9fb7a251-87f9-4a5e-bbf3-14e1e3694fcd@group-24CD471FFB8A->5ca82d80-1088-40df-b8b2-c16ff7ffaa84: nextIndex: updateUnconditionally 186 -> 185
2023-02-28 20:10:06,913 [grpc-default-executor-10] WARN  server.GrpcLogAppender (LogUtils.java:warn(122)) - 9fb7a251-87f9-4a5e-bbf3-14e1e3694fcd@group-24CD471FFB8A->937551b9-64e7-48ec-8838-f5047df98f27-AppendLogResponseHandler: Failed appendEntries: org.apache.ratis.thirdparty.io.grpc.StatusRuntimeException: UNAVAILABLE: io exception
2023-02-28 20:10:06,913 [grpc-default-executor-7] INFO  leader.FollowerInfo (FollowerInfoImpl.java:lambda$new$0(48)) - 9fb7a251-87f9-4a5e-bbf3-14e1e3694fcd@group-24CD471FFB8A->5ca82d80-1088-40df-b8b2-c16ff7ffaa84: nextIndex: updateUnconditionally 185 -> 184
2023-02-28 20:10:06,913 [grpc-default-executor-9] WARN  server.GrpcLogAppender (LogUtils.java:warn(122)) - 9fb7a251-87f9-4a5e-bbf3-14e1e3694fcd@group-24CD471FFB8A->937551b9-64e7-48ec-8838-f5047df98f27-AppendLogResponseHandler: Failed appendEntries: org.apache.ratis.thirdparty.io.grpc.StatusRuntimeException: UNAVAILABLE: io exception
2023-02-28 20:10:06,913 [grpc-default-executor-10] INFO  leader.FollowerInfo (FollowerInfoImpl.java:lambda$new$0(48)) - 9fb7a251-87f9-4a5e-bbf3-14e1e3694fcd@group-24CD471FFB8A->937551b9-64e7-48ec-8838-f5047df98f27: nextIndex: updateUnconditionally 186 -> 185
2023-02-28 20:10:06,913 [grpc-default-executor-9] INFO  leader.FollowerInfo (FollowerInfoImpl.java:lambda$new$0(48)) - 9fb7a251-87f9-4a5e-bbf3-14e1e3694fcd@group-24CD471FFB8A->937551b9-64e7-48ec-8838-f5047df98f27: nextIndex: updateUnconditionally 185 -> 184
2023-02-28 20:10:06,922 [grpc-default-executor-9] WARN  server.GrpcLogAppender (LogUtils.java:warn(122)) - 9fb7a251-87f9-4a5e-bbf3-14e1e3694fcd@group-24CD471FFB8A->5ca82d80-1088-40df-b8b2-c16ff7ffaa84-AppendLogResponseHandler: Failed appendEntries: org.apache.ratis.thirdparty.io.grpc.StatusRuntimeException: UNAVAILABLE: io exception
2023-02-28 20:10:06,922 [grpc-default-executor-10] WARN  server.GrpcLogAppender (LogUtils.java:warn(122)) - 9fb7a251-87f9-4a5e-bbf3-14e1e3694fcd@group-24CD471FFB8A->5ca82d80-1088-40df-b8b2-c16ff7ffaa84-AppendLogResponseHandler: Failed appendEntries: org.apache.ratis.thirdparty.io.grpc.StatusRuntimeException: UNAVAILABLE: io exception
2023-02-28 20:10:06,923 [grpc-default-executor-9] INFO  leader.FollowerInfo (FollowerInfoImpl.java:lambda$new$0(48)) - 9fb7a251-87f9-4a5e-bbf3-14e1e3694fcd@group-24CD471FFB8A->5ca82d80-1088-40df-b8b2-c16ff7ffaa84: nextIndex: updateUnconditionally 185 -> 184
2023-02-28 20:10:06,923 [grpc-default-executor-7] WARN  server.GrpcLogAppender (LogUtils.java:warn(122)) - 9fb7a251-87f9-4a5e-bbf3-14e1e3694fcd@group-24CD471FFB8A->937551b9-64e7-48ec-8838-f5047df98f27-AppendLogResponseHandler: Failed appendEntries: org.apache.ratis.thirdparty.io.grpc.StatusRuntimeException: UNAVAILABLE: io exception
2023-02-28 20:10:06,923 [grpc-default-executor-9] WARN  server.GrpcLogAppender (LogUtils.java:warn(122)) - 9fb7a251-87f9-4a5e-bbf3-14e1e3694fcd@group-24CD471FFB8A->937551b9-64e7-48ec-8838-f5047df98f27-AppendLogResponseHandler: Failed appendEntries: org.apache.ratis.thirdparty.io.grpc.StatusRuntimeException: UNAVAILABLE: io exception
2023-02-28 20:10:06,924 [grpc-default-executor-7] INFO  leader.FollowerInfo (FollowerInfoImpl.java:lambda$new$0(48)) - 9fb7a251-87f9-4a5e-bbf3-14e1e3694fcd@group-24CD471FFB8A->937551b9-64e7-48ec-8838-f5047df98f27: nextIndex: updateUnconditionally 185 -> 184
2023-02-28 20:10:06,924 [grpc-default-executor-9] INFO  leader.FollowerInfo (FollowerInfoImpl.java:lambda$new$0(48)) - 9fb7a251-87f9-4a5e-bbf3-14e1e3694fcd@group-24CD471FFB8A->937551b9-64e7-48ec-8838-f5047df98f27: nextIndex: updateUnconditionally 184 -> 183
2023-02-28 20:10:06,925 [grpc-default-executor-10] INFO  leader.FollowerInfo (FollowerInfoImpl.java:lambda$new$0(48)) - 9fb7a251-87f9-4a5e-bbf3-14e1e3694fcd@group-24CD471FFB8A->5ca82d80-1088-40df-b8b2-c16ff7ffaa84: nextIndex: updateUnconditionally 184 -> 183
2023-02-28 20:10:07,505 [Listener at 127.0.0.1/37989] INFO  volume.HddsVolume (HddsVolume.java:closeDbStore(362)) - SchemaV3 db is stopped at /home/runner/work/ozone/ozone/hadoop-ozone/integration-test/target/test-dir/MiniOzoneClusterImpl-58db5c20-d6df-4fe1-a747-1f1a0fc9447e/datanode-1/data-0/containers/hdds/58db5c20-d6df-4fe1-a747-1f1a0fc9447e/DS-c268a0a9-befb-4cb6-9095-8846d319da54/container.db for volume DS-c268a0a9-befb-4cb6-9095-8846d319da54
2023-02-28 20:10:07,505 [ForkJoinPool.commonPool-worker-0] INFO  volume.HddsVolume (HddsVolume.java:closeDbStore(362)) - SchemaV3 db is stopped at /home/runner/work/ozone/ozone/hadoop-ozone/integration-test/target/test-dir/MiniOzoneClusterImpl-58db5c20-d6df-4fe1-a747-1f1a0fc9447e/datanode-0/data-0/containers/hdds/58db5c20-d6df-4fe1-a747-1f1a0fc9447e/DS-1a62c95d-6543-4e64-a7a9-0488b633fbfe/container.db for volume DS-1a62c95d-6543-4e64-a7a9-0488b633fbfe
2023-02-28 20:10:07,506 [Listener at 127.0.0.1/37989] INFO  utils.BackgroundService (BackgroundService.java:shutdown(141)) - Shutting down service BlockDeletingService
2023-02-28 20:10:07,506 [ForkJoinPool.commonPool-worker-0] INFO  utils.BackgroundService (BackgroundService.java:shutdown(141)) - Shutting down service BlockDeletingService
2023-02-28 20:10:07,506 [Listener at 127.0.0.1/37989] INFO  utils.BackgroundService (BackgroundService.java:shutdown(141)) - Shutting down service StaleRecoveringContainerScrubbingService
2023-02-28 20:10:07,507 [ForkJoinPool.commonPool-worker-0] INFO  utils.BackgroundService (BackgroundService.java:shutdown(141)) - Shutting down service StaleRecoveringContainerScrubbingService
2023-02-28 20:10:07,511 [Listener at 127.0.0.1/37989] INFO  statemachine.DatanodeStateMachine (DatanodeStateMachine.java:stopDaemon(600)) - Ozone container server stopped.
2023-02-28 20:10:07,511 [ForkJoinPool.commonPool-worker-0] INFO  statemachine.DatanodeStateMachine (DatanodeStateMachine.java:stopDaemon(600)) - Ozone container server stopped.
2023-02-28 20:10:07,522 [ForkJoinPool.commonPool-worker-0] INFO  handler.ContextHandler (ContextHandler.java:doStop(1159)) - Stopped o.e.j.w.WebAppContext@2e85c7c4{hddsDatanode,/,null,STOPPED}{jar:file:/home/runner/.m2/repository/org/apache/ozone/hdds-container-service/1.4.0-SNAPSHOT/hdds-container-service-1.4.0-SNAPSHOT.jar!/webapps/hddsDatanode}
2023-02-28 20:10:07,522 [ForkJoinPool.commonPool-worker-0] INFO  server.AbstractConnector (AbstractConnector.java:doStop(383)) - Stopped ServerConnector@409140b2{HTTP/1.1, (http/1.1)}{0.0.0.0:0}
2023-02-28 20:10:07,523 [ForkJoinPool.commonPool-worker-0] INFO  server.session (HouseKeeper.java:stopScavenging(149)) - node0 Stopped scavenging
2023-02-28 20:10:07,523 [Listener at 127.0.0.1/37989] INFO  handler.ContextHandler (ContextHandler.java:doStop(1159)) - Stopped o.e.j.w.WebAppContext@5c3e3f7b{hddsDatanode,/,null,STOPPED}{jar:file:/home/runner/.m2/repository/org/apache/ozone/hdds-container-service/1.4.0-SNAPSHOT/hdds-container-service-1.4.0-SNAPSHOT.jar!/webapps/hddsDatanode}
2023-02-28 20:10:07,525 [Listener at 127.0.0.1/37989] INFO  server.AbstractConnector (AbstractConnector.java:doStop(383)) - Stopped ServerConnector@c9761c5{HTTP/1.1, (http/1.1)}{0.0.0.0:0}
2023-02-28 20:10:07,525 [Listener at 127.0.0.1/37989] INFO  server.session (HouseKeeper.java:stopScavenging(149)) - node0 Stopped scavenging
2023-02-28 20:10:07,523 [ForkJoinPool.commonPool-worker-0] INFO  handler.ContextHandler (ContextHandler.java:doStop(1159)) - Stopped o.e.j.s.ServletContextHandler@3138f7b9{static,/static,jar:file:/home/runner/.m2/repository/org/apache/ozone/hdds-container-service/1.4.0-SNAPSHOT/hdds-container-service-1.4.0-SNAPSHOT.jar!/webapps/static,STOPPED}
2023-02-28 20:10:07,525 [Listener at 127.0.0.1/37989] INFO  handler.ContextHandler (ContextHandler.java:doStop(1159)) - Stopped o.e.j.s.ServletContextHandler@758a41b0{static,/static,jar:file:/home/runner/.m2/repository/org/apache/ozone/hdds-container-service/1.4.0-SNAPSHOT/hdds-container-service-1.4.0-SNAPSHOT.jar!/webapps/static,STOPPED}
2023-02-28 20:10:07,526 [ForkJoinPool.commonPool-worker-0] INFO  handler.ContextHandler (ContextHandler.java:doStop(1159)) - Stopped o.e.j.s.ServletContextHandler@269b9847{logs,/logs,file:///home/runner/work/ozone/ozone/hadoop-ozone/integration-test/target/log,STOPPED}
2023-02-28 20:10:07,527 [Listener at 127.0.0.1/37989] INFO  handler.ContextHandler (ContextHandler.java:doStop(1159)) - Stopped o.e.j.s.ServletContextHandler@7f72f7cb{logs,/logs,file:///home/runner/work/ozone/ozone/hadoop-ozone/integration-test/target/log,STOPPED}
2023-02-28 20:10:07,985 [ForkJoinPool.commonPool-worker-0] INFO  ozoneimpl.OzoneContainer (OzoneContainer.java:stop(420)) - Attempting to stop container services.
2023-02-28 20:10:07,986 [ForkJoinPool.commonPool-worker-0] INFO  server.RaftServer (RaftServerProxy.java:lambda$close$6(409)) - 9fb7a251-87f9-4a5e-bbf3-14e1e3694fcd: close
2023-02-28 20:10:07,986 [9fb7a251-87f9-4a5e-bbf3-14e1e3694fcd-impl-thread1] INFO  server.RaftServer$Division (RaftServerImpl.java:lambda$close$4(458)) - 9fb7a251-87f9-4a5e-bbf3-14e1e3694fcd@group-947D6FC2AD75: shutdown
2023-02-28 20:10:07,986 [9fb7a251-87f9-4a5e-bbf3-14e1e3694fcd-impl-thread1] INFO  util.JmxRegister (JmxRegister.java:unregister(73)) - Successfully un-registered JMX Bean with object name Ratis:service=RaftServer,group=group-947D6FC2AD75,id=9fb7a251-87f9-4a5e-bbf3-14e1e3694fcd
2023-02-28 20:10:07,986 [9fb7a251-87f9-4a5e-bbf3-14e1e3694fcd-impl-thread1] INFO  impl.RoleInfo (RoleInfo.java:shutdownFollowerState(110)) - 9fb7a251-87f9-4a5e-bbf3-14e1e3694fcd: shutdown 9fb7a251-87f9-4a5e-bbf3-14e1e3694fcd@group-947D6FC2AD75-FollowerState
2023-02-28 20:10:07,986 [9fb7a251-87f9-4a5e-bbf3-14e1e3694fcd-impl-thread2] INFO  server.RaftServer$Division (RaftServerImpl.java:lambda$close$4(458)) - 9fb7a251-87f9-4a5e-bbf3-14e1e3694fcd@group-24CD471FFB8A: shutdown
2023-02-28 20:10:07,987 [9fb7a251-87f9-4a5e-bbf3-14e1e3694fcd-impl-thread2] INFO  util.JmxRegister (JmxRegister.java:unregister(73)) - Successfully un-registered JMX Bean with object name Ratis:service=RaftServer,group=group-24CD471FFB8A,id=9fb7a251-87f9-4a5e-bbf3-14e1e3694fcd
2023-02-28 20:10:07,987 [9fb7a251-87f9-4a5e-bbf3-14e1e3694fcd-impl-thread2] INFO  impl.RoleInfo (RoleInfo.java:shutdownLeaderState(93)) - 9fb7a251-87f9-4a5e-bbf3-14e1e3694fcd: shutdown 9fb7a251-87f9-4a5e-bbf3-14e1e3694fcd@group-24CD471FFB8A-LeaderStateImpl
2023-02-28 20:10:07,987 [ForkJoinPool.commonPool-worker-0] INFO  server.GrpcService (GrpcService.java:closeImpl(271)) - 9fb7a251-87f9-4a5e-bbf3-14e1e3694fcd: shutdown server GrpcServerProtocolService now
2023-02-28 20:10:07,986 [EndpointStateMachine task thread for /0.0.0.0:46809 - 0 ] INFO  ipc.Client (Client.java:handleConnectionFailure(1010)) - Retrying connect to server: 0.0.0.0/0.0.0.0:46809. Already tried 0 time(s); retry policy is RetryUpToMaximumCountWithFixedSleep(maxRetries=15, sleepTime=1000 MILLISECONDS)
2023-02-28 20:10:07,991 [ForkJoinPool.commonPool-worker-0] INFO  server.GrpcServerProtocolClient (GrpcServerProtocolClient.java:close(101)) - 5ca82d80-1088-40df-b8b2-c16ff7ffaa84 Close channels
2023-02-28 20:10:07,991 [9fb7a251-87f9-4a5e-bbf3-14e1e3694fcd-impl-thread1] INFO  impl.StateMachineUpdater (StateMachineUpdater.java:stopAndJoin(153)) - 9fb7a251-87f9-4a5e-bbf3-14e1e3694fcd@group-947D6FC2AD75-StateMachineUpdater: set stopIndex = 196
2023-02-28 20:10:07,991 [9fb7a251-87f9-4a5e-bbf3-14e1e3694fcd@group-947D6FC2AD75-FollowerState] INFO  impl.FollowerState (FollowerState.java:run(152)) - 9fb7a251-87f9-4a5e-bbf3-14e1e3694fcd@group-947D6FC2AD75-FollowerState was interrupted
2023-02-28 20:10:07,991 [9fb7a251-87f9-4a5e-bbf3-14e1e3694fcd@group-24CD471FFB8A->5ca82d80-1088-40df-b8b2-c16ff7ffaa84-GrpcLogAppender-LogAppenderDaemon] WARN  server.GrpcLogAppender (GrpcLogAppender.java:mayWait(200)) - 9fb7a251-87f9-4a5e-bbf3-14e1e3694fcd@group-24CD471FFB8A->5ca82d80-1088-40df-b8b2-c16ff7ffaa84-GrpcLogAppender: Wait interrupted by java.lang.InterruptedException
2023-02-28 20:10:07,995 [9fb7a251-87f9-4a5e-bbf3-14e1e3694fcd@group-947D6FC2AD75-StateMachineUpdater] INFO  ratis.ContainerStateMachine (ContainerStateMachine.java:takeSnapshot(308)) - group-947D6FC2AD75: Taking a snapshot at:(t:1, i:196) file /home/runner/work/ozone/ozone/hadoop-ozone/integration-test/target/test-dir/MiniOzoneClusterImpl-58db5c20-d6df-4fe1-a747-1f1a0fc9447e/datanode-2/data/ratis/07d8ca01-e976-42f2-8503-947d6fc2ad75/sm/snapshot.1_196
2023-02-28 20:10:07,994 [grpc-default-executor-7] WARN  server.GrpcClientProtocolService (LogUtils.java:warn(122)) - 4-OrderedRequestStreamObserver4: onError: org.apache.ratis.thirdparty.io.grpc.StatusRuntimeException: CANCELLED: client cancelled
2023-02-28 20:10:07,994 [grpc-default-executor-5] WARN  server.GrpcClientProtocolService (LogUtils.java:warn(122)) - 5-UnorderedRequestStreamObserver5: onError: org.apache.ratis.thirdparty.io.grpc.StatusRuntimeException: CANCELLED: client cancelled
2023-02-28 20:10:07,993 [grpc-default-executor-0] WARN  server.GrpcClientProtocolService (LogUtils.java:warn(122)) - 3-UnorderedRequestStreamObserver3: onError: org.apache.ratis.thirdparty.io.grpc.StatusRuntimeException: CANCELLED: client cancelled
2023-02-28 20:10:07,993 [grpc-default-executor-9] WARN  server.GrpcClientProtocolService (LogUtils.java:warn(122)) - 2-OrderedRequestStreamObserver2: onError: org.apache.ratis.thirdparty.io.grpc.StatusRuntimeException: CANCELLED: client cancelled
2023-02-28 20:10:07,996 [9fb7a251-87f9-4a5e-bbf3-14e1e3694fcd@group-24CD471FFB8A->937551b9-64e7-48ec-8838-f5047df98f27-GrpcLogAppender-LogAppenderDaemon] WARN  server.GrpcLogAppender (GrpcLogAppender.java:mayWait(200)) - 9fb7a251-87f9-4a5e-bbf3-14e1e3694fcd@group-24CD471FFB8A->937551b9-64e7-48ec-8838-f5047df98f27-GrpcLogAppender: Wait interrupted by java.lang.InterruptedException
2023-02-28 20:10:07,996 [9fb7a251-87f9-4a5e-bbf3-14e1e3694fcd-impl-thread2] INFO  impl.PendingRequests (PendingRequests.java:sendNotLeaderResponses(282)) - 9fb7a251-87f9-4a5e-bbf3-14e1e3694fcd@group-24CD471FFB8A-PendingRequests: sendNotLeaderResponses
2023-02-28 20:10:07,997 [ForkJoinPool.commonPool-worker-0] INFO  server.GrpcServerProtocolClient (GrpcServerProtocolClient.java:close(101)) - 937551b9-64e7-48ec-8838-f5047df98f27 Close channels
2023-02-28 20:10:07,997 [9fb7a251-87f9-4a5e-bbf3-14e1e3694fcd@group-947D6FC2AD75-StateMachineUpdater] INFO  ratis.ContainerStateMachine (ContainerStateMachine.java:takeSnapshot(319)) - group-947D6FC2AD75: Finished taking a snapshot at:(t:1, i:196) file:/home/runner/work/ozone/ozone/hadoop-ozone/integration-test/target/test-dir/MiniOzoneClusterImpl-58db5c20-d6df-4fe1-a747-1f1a0fc9447e/datanode-2/data/ratis/07d8ca01-e976-42f2-8503-947d6fc2ad75/sm/snapshot.1_196 took: 3 ms
2023-02-28 20:10:07,997 [ForkJoinPool.commonPool-worker-0] INFO  server.GrpcService (GrpcService.java:closeImpl(280)) - 9fb7a251-87f9-4a5e-bbf3-14e1e3694fcd: shutdown server GrpcServerProtocolService successfully
2023-02-28 20:10:07,998 [9fb7a251-87f9-4a5e-bbf3-14e1e3694fcd@group-947D6FC2AD75-StateMachineUpdater] INFO  impl.StateMachineUpdater (StateMachineUpdater.java:takeSnapshot(287)) - 9fb7a251-87f9-4a5e-bbf3-14e1e3694fcd@group-947D6FC2AD75-StateMachineUpdater: Took a snapshot at index 196
2023-02-28 20:10:07,998 [9fb7a251-87f9-4a5e-bbf3-14e1e3694fcd@group-947D6FC2AD75-StateMachineUpdater] INFO  impl.StateMachineUpdater (StateMachineUpdater.java:lambda$new$0(92)) - 9fb7a251-87f9-4a5e-bbf3-14e1e3694fcd@group-947D6FC2AD75-StateMachineUpdater: snapshotIndex: updateIncreasingly -1 -> 196
2023-02-28 20:10:07,998 [9fb7a251-87f9-4a5e-bbf3-14e1e3694fcd-NettyServerStreamRpc-bossGroup--thread1] INFO  logging.LoggingHandler (AbstractInternalLogger.java:log(148)) - [id: 0x8dbee03e, L:/0:0:0:0:0:0:0:0:40139] CLOSE
2023-02-28 20:10:07,998 [9fb7a251-87f9-4a5e-bbf3-14e1e3694fcd-NettyServerStreamRpc-bossGroup--thread1] INFO  logging.LoggingHandler (AbstractInternalLogger.java:log(148)) - [id: 0x8dbee03e, L:/0:0:0:0:0:0:0:0:40139] INACTIVE
2023-02-28 20:10:07,998 [9fb7a251-87f9-4a5e-bbf3-14e1e3694fcd-NettyServerStreamRpc-bossGroup--thread1] INFO  logging.LoggingHandler (AbstractInternalLogger.java:log(148)) - [id: 0x8dbee03e, L:/0:0:0:0:0:0:0:0:40139] UNREGISTERED
2023-02-28 20:10:08,006 [9fb7a251-87f9-4a5e-bbf3-14e1e3694fcd-impl-thread3] INFO  server.RaftServer$Division (RaftServerImpl.java:lambda$close$4(458)) - 9fb7a251-87f9-4a5e-bbf3-14e1e3694fcd@group-6CF1DC92D9FE: shutdown
2023-02-28 20:10:08,006 [9fb7a251-87f9-4a5e-bbf3-14e1e3694fcd-impl-thread3] INFO  util.JmxRegister (JmxRegister.java:unregister(73)) - Successfully un-registered JMX Bean with object name Ratis:service=RaftServer,group=group-6CF1DC92D9FE,id=9fb7a251-87f9-4a5e-bbf3-14e1e3694fcd
2023-02-28 20:10:08,006 [9fb7a251-87f9-4a5e-bbf3-14e1e3694fcd-impl-thread3] INFO  impl.RoleInfo (RoleInfo.java:shutdownLeaderState(93)) - 9fb7a251-87f9-4a5e-bbf3-14e1e3694fcd: shutdown 9fb7a251-87f9-4a5e-bbf3-14e1e3694fcd@group-6CF1DC92D9FE-LeaderStateImpl
2023-02-28 20:10:08,007 [9fb7a251-87f9-4a5e-bbf3-14e1e3694fcd-impl-thread3] INFO  impl.PendingRequests (PendingRequests.java:sendNotLeaderResponses(282)) - 9fb7a251-87f9-4a5e-bbf3-14e1e3694fcd@group-6CF1DC92D9FE-PendingRequests: sendNotLeaderResponses
2023-02-28 20:10:08,007 [9fb7a251-87f9-4a5e-bbf3-14e1e3694fcd@group-6CF1DC92D9FE-StateMachineUpdater] INFO  ratis.ContainerStateMachine (ContainerStateMachine.java:takeSnapshot(308)) - group-6CF1DC92D9FE: Taking a snapshot at:(t:1, i:0) file /home/runner/work/ozone/ozone/hadoop-ozone/integration-test/target/test-dir/MiniOzoneClusterImpl-58db5c20-d6df-4fe1-a747-1f1a0fc9447e/datanode-2/data/ratis/120eb1b3-7256-4864-ba04-6cf1dc92d9fe/sm/snapshot.1_0
2023-02-28 20:10:08,007 [9fb7a251-87f9-4a5e-bbf3-14e1e3694fcd-impl-thread3] INFO  impl.StateMachineUpdater (StateMachineUpdater.java:stopAndJoin(153)) - 9fb7a251-87f9-4a5e-bbf3-14e1e3694fcd@group-6CF1DC92D9FE-StateMachineUpdater: set stopIndex = 0
2023-02-28 20:10:08,008 [9fb7a251-87f9-4a5e-bbf3-14e1e3694fcd@group-6CF1DC92D9FE-StateMachineUpdater] INFO  ratis.ContainerStateMachine (ContainerStateMachine.java:takeSnapshot(319)) - group-6CF1DC92D9FE: Finished taking a snapshot at:(t:1, i:0) file:/home/runner/work/ozone/ozone/hadoop-ozone/integration-test/target/test-dir/MiniOzoneClusterImpl-58db5c20-d6df-4fe1-a747-1f1a0fc9447e/datanode-2/data/ratis/120eb1b3-7256-4864-ba04-6cf1dc92d9fe/sm/snapshot.1_0 took: 1 ms
2023-02-28 20:10:08,008 [9fb7a251-87f9-4a5e-bbf3-14e1e3694fcd@group-6CF1DC92D9FE-StateMachineUpdater] INFO  impl.StateMachineUpdater (StateMachineUpdater.java:takeSnapshot(287)) - 9fb7a251-87f9-4a5e-bbf3-14e1e3694fcd@group-6CF1DC92D9FE-StateMachineUpdater: Took a snapshot at index 0
2023-02-28 20:10:08,008 [9fb7a251-87f9-4a5e-bbf3-14e1e3694fcd@group-6CF1DC92D9FE-StateMachineUpdater] INFO  impl.StateMachineUpdater (StateMachineUpdater.java:lambda$new$0(92)) - 9fb7a251-87f9-4a5e-bbf3-14e1e3694fcd@group-6CF1DC92D9FE-StateMachineUpdater: snapshotIndex: updateIncreasingly -1 -> 0
2023-02-28 20:10:08,008 [9fb7a251-87f9-4a5e-bbf3-14e1e3694fcd-impl-thread3] INFO  server.RaftServer$Division (ServerState.java:close(466)) - 9fb7a251-87f9-4a5e-bbf3-14e1e3694fcd@group-6CF1DC92D9FE: closes. applyIndex: 0
2023-02-28 20:10:08,014 [9fb7a251-87f9-4a5e-bbf3-14e1e3694fcd@group-6CF1DC92D9FE-SegmentedRaftLogWorker] INFO  segmented.SegmentedRaftLogWorker (SegmentedRaftLogWorker.java:run(347)) - 9fb7a251-87f9-4a5e-bbf3-14e1e3694fcd@group-6CF1DC92D9FE-SegmentedRaftLogWorker was interrupted, exiting. There are 0 tasks remaining in the queue.
2023-02-28 20:10:08,014 [9fb7a251-87f9-4a5e-bbf3-14e1e3694fcd-impl-thread3] INFO  segmented.SegmentedRaftLogWorker (SegmentedRaftLogWorker.java:close(257)) - 9fb7a251-87f9-4a5e-bbf3-14e1e3694fcd@group-6CF1DC92D9FE-SegmentedRaftLogWorker close()
2023-02-28 20:10:08,019 [9fb7a251-87f9-4a5e-bbf3-14e1e3694fcd-impl-thread2] INFO  impl.StateMachineUpdater (StateMachineUpdater.java:stopAndJoin(153)) - 9fb7a251-87f9-4a5e-bbf3-14e1e3694fcd@group-24CD471FFB8A-StateMachineUpdater: set stopIndex = 191
2023-02-28 20:10:08,019 [9fb7a251-87f9-4a5e-bbf3-14e1e3694fcd@group-24CD471FFB8A-StateMachineUpdater] INFO  ratis.ContainerStateMachine (ContainerStateMachine.java:takeSnapshot(308)) - group-24CD471FFB8A: Taking a snapshot at:(t:1, i:191) file /home/runner/work/ozone/ozone/hadoop-ozone/integration-test/target/test-dir/MiniOzoneClusterImpl-58db5c20-d6df-4fe1-a747-1f1a0fc9447e/datanode-2/data/ratis/d6155cd7-9825-4f89-9110-24cd471ffb8a/sm/snapshot.1_191
2023-02-28 20:10:08,019 [9fb7a251-87f9-4a5e-bbf3-14e1e3694fcd-impl-thread1] INFO  server.RaftServer$Division (ServerState.java:close(466)) - 9fb7a251-87f9-4a5e-bbf3-14e1e3694fcd@group-947D6FC2AD75: closes. applyIndex: 196
2023-02-28 20:10:08,019 [9fb7a251-87f9-4a5e-bbf3-14e1e3694fcd@group-947D6FC2AD75-SegmentedRaftLogWorker] INFO  segmented.SegmentedRaftLogWorker (SegmentedRaftLogWorker.java:run(347)) - 9fb7a251-87f9-4a5e-bbf3-14e1e3694fcd@group-947D6FC2AD75-SegmentedRaftLogWorker was interrupted, exiting. There are 0 tasks remaining in the queue.
2023-02-28 20:10:08,020 [9fb7a251-87f9-4a5e-bbf3-14e1e3694fcd-impl-thread1] INFO  segmented.SegmentedRaftLogWorker (SegmentedRaftLogWorker.java:close(257)) - 9fb7a251-87f9-4a5e-bbf3-14e1e3694fcd@group-947D6FC2AD75-SegmentedRaftLogWorker close()
2023-02-28 20:10:08,020 [9fb7a251-87f9-4a5e-bbf3-14e1e3694fcd@group-24CD471FFB8A-StateMachineUpdater] INFO  ratis.ContainerStateMachine (ContainerStateMachine.java:takeSnapshot(319)) - group-24CD471FFB8A: Finished taking a snapshot at:(t:1, i:191) file:/home/runner/work/ozone/ozone/hadoop-ozone/integration-test/target/test-dir/MiniOzoneClusterImpl-58db5c20-d6df-4fe1-a747-1f1a0fc9447e/datanode-2/data/ratis/d6155cd7-9825-4f89-9110-24cd471ffb8a/sm/snapshot.1_191 took: 1 ms
2023-02-28 20:10:08,020 [9fb7a251-87f9-4a5e-bbf3-14e1e3694fcd@group-24CD471FFB8A-StateMachineUpdater] INFO  impl.StateMachineUpdater (StateMachineUpdater.java:takeSnapshot(287)) - 9fb7a251-87f9-4a5e-bbf3-14e1e3694fcd@group-24CD471FFB8A-StateMachineUpdater: Took a snapshot at index 191
2023-02-28 20:10:08,023 [9fb7a251-87f9-4a5e-bbf3-14e1e3694fcd@group-24CD471FFB8A-StateMachineUpdater] INFO  impl.StateMachineUpdater (StateMachineUpdater.java:lambda$new$0(92)) - 9fb7a251-87f9-4a5e-bbf3-14e1e3694fcd@group-24CD471FFB8A-StateMachineUpdater: snapshotIndex: updateIncreasingly -1 -> 191
2023-02-28 20:10:08,023 [9fb7a251-87f9-4a5e-bbf3-14e1e3694fcd-impl-thread2] INFO  server.RaftServer$Division (ServerState.java:close(466)) - 9fb7a251-87f9-4a5e-bbf3-14e1e3694fcd@group-24CD471FFB8A: closes. applyIndex: 191
2023-02-28 20:10:08,024 [9fb7a251-87f9-4a5e-bbf3-14e1e3694fcd@group-24CD471FFB8A-SegmentedRaftLogWorker] INFO  segmented.SegmentedRaftLogWorker (SegmentedRaftLogWorker.java:run(347)) - 9fb7a251-87f9-4a5e-bbf3-14e1e3694fcd@group-24CD471FFB8A-SegmentedRaftLogWorker was interrupted, exiting. There are 0 tasks remaining in the queue.
2023-02-28 20:10:08,026 [9fb7a251-87f9-4a5e-bbf3-14e1e3694fcd-impl-thread2] INFO  segmented.SegmentedRaftLogWorker (SegmentedRaftLogWorker.java:close(257)) - 9fb7a251-87f9-4a5e-bbf3-14e1e3694fcd@group-24CD471FFB8A-SegmentedRaftLogWorker close()
2023-02-28 20:10:08,026 [JvmPauseMonitor11] INFO  util.JvmPauseMonitor (JvmPauseMonitor.java:run(111)) - JvmPauseMonitor-9fb7a251-87f9-4a5e-bbf3-14e1e3694fcd: Stopped
2023-02-28 20:10:08,991 [EndpointStateMachine task thread for /0.0.0.0:46809 - 0 ] INFO  ipc.Client (Client.java:handleConnectionFailure(1010)) - Retrying connect to server: 0.0.0.0/0.0.0.0:46809. Already tried 1 time(s); retry policy is RetryUpToMaximumCountWithFixedSleep(maxRetries=15, sleepTime=1000 MILLISECONDS)
2023-02-28 20:10:09,991 [EndpointStateMachine task thread for /0.0.0.0:46809 - 0 ] INFO  ipc.Client (Client.java:handleConnectionFailure(1010)) - Retrying connect to server: 0.0.0.0/0.0.0.0:46809. Already tried 2 time(s); retry policy is RetryUpToMaximumCountWithFixedSleep(maxRetries=15, sleepTime=1000 MILLISECONDS)
2023-02-28 20:10:10,034 [ForkJoinPool.commonPool-worker-0] INFO  volume.HddsVolume (HddsVolume.java:closeDbStore(362)) - SchemaV3 db is stopped at /home/runner/work/ozone/ozone/hadoop-ozone/integration-test/target/test-dir/MiniOzoneClusterImpl-58db5c20-d6df-4fe1-a747-1f1a0fc9447e/datanode-2/data-0/containers/hdds/58db5c20-d6df-4fe1-a747-1f1a0fc9447e/DS-fe16221a-4b66-45ce-8a78-25fad8c9914f/container.db for volume DS-fe16221a-4b66-45ce-8a78-25fad8c9914f
2023-02-28 20:10:10,034 [ForkJoinPool.commonPool-worker-0] INFO  utils.BackgroundService (BackgroundService.java:shutdown(141)) - Shutting down service BlockDeletingService
2023-02-28 20:10:10,035 [ForkJoinPool.commonPool-worker-0] INFO  utils.BackgroundService (BackgroundService.java:shutdown(141)) - Shutting down service StaleRecoveringContainerScrubbingService
2023-02-28 20:10:10,036 [ForkJoinPool.commonPool-worker-0] INFO  statemachine.DatanodeStateMachine (DatanodeStateMachine.java:stopDaemon(600)) - Ozone container server stopped.
2023-02-28 20:10:10,046 [ForkJoinPool.commonPool-worker-0] INFO  handler.ContextHandler (ContextHandler.java:doStop(1159)) - Stopped o.e.j.w.WebAppContext@2718a85{hddsDatanode,/,null,STOPPED}{jar:file:/home/runner/.m2/repository/org/apache/ozone/hdds-container-service/1.4.0-SNAPSHOT/hdds-container-service-1.4.0-SNAPSHOT.jar!/webapps/hddsDatanode}
2023-02-28 20:10:10,047 [ForkJoinPool.commonPool-worker-0] INFO  server.AbstractConnector (AbstractConnector.java:doStop(383)) - Stopped ServerConnector@4058fff2{HTTP/1.1, (http/1.1)}{0.0.0.0:0}
2023-02-28 20:10:10,047 [ForkJoinPool.commonPool-worker-0] INFO  server.session (HouseKeeper.java:stopScavenging(149)) - node0 Stopped scavenging
2023-02-28 20:10:10,048 [ForkJoinPool.commonPool-worker-0] INFO  handler.ContextHandler (ContextHandler.java:doStop(1159)) - Stopped o.e.j.s.ServletContextHandler@498785eb{static,/static,jar:file:/home/runner/.m2/repository/org/apache/ozone/hdds-container-service/1.4.0-SNAPSHOT/hdds-container-service-1.4.0-SNAPSHOT.jar!/webapps/static,STOPPED}
2023-02-28 20:10:10,049 [ForkJoinPool.commonPool-worker-0] INFO  handler.ContextHandler (ContextHandler.java:doStop(1159)) - Stopped o.e.j.s.ServletContextHandler@578e4723{logs,/logs,file:///home/runner/work/ozone/ozone/hadoop-ozone/integration-test/target/log,STOPPED}
2023-02-28 20:10:10,448 [Listener at 127.0.0.1/37989] WARN  server.ServerUtils (ServerUtils.java:getScmDbDir(148)) - ozone.scm.db.dirs is not configured. We recommend adding this setting. Falling back to ozone.metadata.dirs instead.
2023-02-28 20:10:10,452 [Listener at 127.0.0.1/37989] WARN  server.ServerUtils (ServerUtils.java:getScmDbDir(148)) - ozone.scm.db.dirs is not configured. We recommend adding this setting. Falling back to ozone.metadata.dirs instead.
2023-02-28 20:10:10,452 [Listener at 127.0.0.1/37989] INFO  ha.SCMHANodeDetails (SCMHANodeDetails.java:loadSCMHAConfig(209)) - ServiceID for StorageContainerManager is null
2023-02-28 20:10:10,452 [Listener at 127.0.0.1/37989] INFO  ha.SCMHANodeDetails (SCMHANodeDetails.java:loadSCMHAConfig(214)) - ozone.scm.default.service.id is not defined, falling back to ozone.scm.service.ids to find serviceID for StorageContainerManager if it is HA enabled cluster
2023-02-28 20:10:10,453 [Listener at 127.0.0.1/37989] WARN  utils.HAUtils (HAUtils.java:getMetaDir(342)) - ozone.scm.db.dirs is not configured. We recommend adding this setting. Falling back to ozone.metadata.dirs instead.
2023-02-28 20:10:10,453 [Listener at 127.0.0.1/37989] WARN  db.DBStoreBuilder (DBStoreBuilder.java:applyDBDefinition(172)) - ozone.scm.db.dirs is not configured. We recommend adding this setting. Falling back to ozone.metadata.dirs instead.
2023-02-28 20:10:10,548 [Listener at 127.0.0.1/37989] INFO  net.NodeSchemaLoader (NodeSchemaLoader.java:loadSchemaFromFile(129)) - Loading schema from [jar:file:/home/runner/.m2/repository/org/apache/ozone/hdds-common/1.4.0-SNAPSHOT/hdds-common-1.4.0-SNAPSHOT.jar!/network-topology-default.xml]
2023-02-28 20:10:10,548 [Listener at 127.0.0.1/37989] INFO  net.NodeSchemaLoader (NodeSchemaLoader.java:loadSchema(176)) - Loading network topology layer schema file
2023-02-28 20:10:10,551 [Listener at 127.0.0.1/37989] INFO  upgrade.AbstractLayoutVersionManager (AbstractLayoutVersionManager.java:init(83)) - Initializing Layout version manager with metadata layout = DATANODE_SCHEMA_V3 (version = 4), software layout = DATANODE_SCHEMA_V3 (version = 4)
2023-02-28 20:10:10,595 [Listener at 127.0.0.1/37989] INFO  reflections.Reflections (Reflections.java:scan(232)) - Reflections took 43 ms to scan 7 urls, producing 151 keys and 364 values 
2023-02-28 20:10:10,596 [Listener at 127.0.0.1/37989] INFO  ha.SequenceIdGenerator (SequenceIdGenerator.java:upgradeToSequenceId(349)) - upgrade localId to 111677748019200000
2023-02-28 20:10:10,597 [Listener at 127.0.0.1/37989] INFO  ha.SequenceIdGenerator (SequenceIdGenerator.java:upgradeToSequenceId(359)) - upgrade delTxnId to 0
2023-02-28 20:10:10,597 [Listener at 127.0.0.1/37989] INFO  ha.SequenceIdGenerator (SequenceIdGenerator.java:upgradeToSequenceId(376)) - upgrade containerId to 0
2023-02-28 20:10:10,597 [Listener at 127.0.0.1/37989] INFO  ha.SequenceIdGenerator (SequenceIdGenerator.java:<init>(220)) - Init the HA SequenceIdGenerator.
2023-02-28 20:10:10,597 [Listener at 127.0.0.1/37989] WARN  server.ServerUtils (ServerUtils.java:sanitizeUserArgs(73)) - ozone.scm.stale.node.interval value = 300000 is larger than max = 100000 based on the key value of ozone.scm.heartbeat.thread.interval, reset to the max value 100000.
2023-02-28 20:10:10,597 [Listener at 127.0.0.1/37989] WARN  server.ServerUtils (ServerUtils.java:sanitizeUserArgs(73)) - ozone.scm.stale.node.interval value = 300000 is larger than max = 100000 based on the key value of ozone.scm.heartbeat.thread.interval, reset to the max value 100000.
2023-02-28 20:10:10,600 [Listener at 127.0.0.1/37989] INFO  node.SCMNodeManager (SCMNodeManager.java:<init>(149)) - Entering startup safe mode.
2023-02-28 20:10:10,600 [Listener at 127.0.0.1/37989] INFO  algorithms.ContainerPlacementPolicyFactory (ContainerPlacementPolicyFactory.java:getPolicyInternal(86)) - Create container placement policy of type org.apache.hadoop.hdds.scm.container.placement.algorithms.SCMContainerPlacementRandom
2023-02-28 20:10:10,600 [Listener at 127.0.0.1/37989] INFO  algorithms.ContainerPlacementPolicyFactory (ContainerPlacementPolicyFactory.java:getPolicyInternal(86)) - Create container placement policy of type org.apache.hadoop.hdds.scm.container.placement.algorithms.SCMContainerPlacementRackScatter
2023-02-28 20:10:10,600 [Listener at 127.0.0.1/37989] INFO  pipeline.PipelineStateManagerImpl (PipelineStateManagerImpl.java:initialize(78)) - No pipeline exists in current db
2023-02-28 20:10:10,601 [Listener at 127.0.0.1/37989] INFO  algorithms.LeaderChoosePolicyFactory (LeaderChoosePolicyFactory.java:getPolicy(57)) - Create leader choose policy of type org.apache.hadoop.hdds.scm.pipeline.leader.choose.algorithms.MinLeaderCountChoosePolicy
2023-02-28 20:10:10,601 [Listener at 127.0.0.1/37989] INFO  algorithms.ContainerPlacementPolicyFactory (ContainerPlacementPolicyFactory.java:getPolicyInternal(86)) - Create container placement policy of type org.apache.hadoop.hdds.scm.container.placement.algorithms.SCMContainerPlacementRackScatter
2023-02-28 20:10:10,601 [Listener at 127.0.0.1/37989] INFO  ha.SCMServiceManager (SCMServiceManager.java:register(42)) - Registering service BackgroundPipelineCreator.
2023-02-28 20:10:10,601 [Listener at 127.0.0.1/37989] INFO  pipeline.BackgroundPipelineCreator (BackgroundPipelineCreator.java:start(124)) - Starting RatisPipelineUtilsThread.
2023-02-28 20:10:10,601 [Listener at 127.0.0.1/37989] INFO  BackgroundPipelineScrubber (BackgroundSCMService.java:start(68)) - Starting BackgroundPipelineScrubber Service.
2023-02-28 20:10:10,602 [Listener at 127.0.0.1/37989] INFO  ha.SCMServiceManager (SCMServiceManager.java:register(42)) - Registering service BackgroundPipelineScrubber.
2023-02-28 20:10:10,602 [Listener at 127.0.0.1/37989] INFO  ExpiredContainerReplicaOpScrubber (BackgroundSCMService.java:start(68)) - Starting ExpiredContainerReplicaOpScrubber Service.
2023-02-28 20:10:10,602 [Listener at 127.0.0.1/37989] INFO  ha.SCMServiceManager (SCMServiceManager.java:register(42)) - Registering service ExpiredContainerReplicaOpScrubber.
2023-02-28 20:10:10,603 [Listener at 127.0.0.1/37989] INFO  algorithms.PipelineChoosePolicyFactory (PipelineChoosePolicyFactory.java:createPipelineChoosePolicyFromClass(73)) - Create pipeline choose policy of type org.apache.hadoop.hdds.scm.pipeline.choose.algorithms.RandomPipelineChoosePolicy
2023-02-28 20:10:10,604 [Listener at 127.0.0.1/37989] INFO  ha.SCMServiceManager (SCMServiceManager.java:register(42)) - Registering service SCMBlockDeletingService.
2023-02-28 20:10:10,604 [Listener at 127.0.0.1/37989] INFO  replication.ReplicationManager (ReplicationManager.java:start(266)) - Starting Replication Monitor Thread.
2023-02-28 20:10:10,606 [Listener at 127.0.0.1/37989] INFO  ha.SCMServiceManager (SCMServiceManager.java:register(42)) - Registering service ReplicationManager.
2023-02-28 20:10:10,607 [Listener at 127.0.0.1/37989] INFO  safemode.ContainerSafeModeRule (ContainerSafeModeRule.java:<init>(89)) - containers with one replica threshold count 0
2023-02-28 20:10:10,607 [Listener at 127.0.0.1/37989] INFO  safemode.HealthyPipelineSafeModeRule (HealthyPipelineSafeModeRule.java:initializeRule(169)) - Total pipeline count is 0, healthy pipeline threshold count is 1
2023-02-28 20:10:10,607 [Listener at 127.0.0.1/37989] INFO  safemode.OneReplicaPipelineSafeModeRule (OneReplicaPipelineSafeModeRule.java:initializeRule(180)) - Total pipeline count is 0, pipeline's with at least one datanode reported threshold count is 0
2023-02-28 20:10:10,608 [ReplicationMonitor] INFO  replication.ReplicationManager (ReplicationManager.java:processAll(341)) - Replication Manager is not ready to run until 3000ms after safemode exit
2023-02-28 20:10:10,608 [Listener at 127.0.0.1/37989] INFO  ipc.CallQueueManager (CallQueueManager.java:<init>(90)) - Using callQueue: class java.util.concurrent.LinkedBlockingQueue, queueCapacity: 2000, scheduler: class org.apache.hadoop.ipc.DefaultRpcScheduler, ipcBackoff: false.
2023-02-28 20:10:10,609 [Socket Reader #1 for port 0] INFO  ipc.Server (Server.java:run(1273)) - Starting Socket Reader #1 for port 0
2023-02-28 20:10:10,611 [Listener at 0.0.0.0/45597] INFO  ipc.CallQueueManager (CallQueueManager.java:<init>(90)) - Using callQueue: class java.util.concurrent.LinkedBlockingQueue, queueCapacity: 2000, scheduler: class org.apache.hadoop.ipc.DefaultRpcScheduler, ipcBackoff: false.
2023-02-28 20:10:10,612 [Socket Reader #1 for port 0] INFO  ipc.Server (Server.java:run(1273)) - Starting Socket Reader #1 for port 0
2023-02-28 20:10:10,615 [Listener at 0.0.0.0/32933] INFO  ipc.CallQueueManager (CallQueueManager.java:<init>(90)) - Using callQueue: class java.util.concurrent.LinkedBlockingQueue, queueCapacity: 2000, scheduler: class org.apache.hadoop.ipc.DefaultRpcScheduler, ipcBackoff: false.
2023-02-28 20:10:10,616 [Socket Reader #1 for port 0] INFO  ipc.Server (Server.java:run(1273)) - Starting Socket Reader #1 for port 0
2023-02-28 20:10:10,628 [Listener at 0.0.0.0/43337] INFO  ha.SCMServiceManager (SCMServiceManager.java:register(42)) - Registering service ContainerBalancer.
2023-02-28 20:10:10,628 [Listener at 0.0.0.0/43337] INFO  server.StorageContainerManager (StorageContainerManager.java:<init>(402)) - 
Container Balancer status:
Key                            Value
Running                        true
Container Balancer Configuration values:
Key                                                Value
Threshold                                          10
Max Datanodes to Involve per Iteration(percent)    20
Max Size to Move per Iteration                     500GB
Max Size Entering Target per Iteration             26GB
Max Size Leaving Source per Iteration              26GB

2023-02-28 20:10:10,628 [Listener at 0.0.0.0/43337] INFO  ha.SCMContext (SCMContext.java:updateSafeModeStatus(228)) - Update SafeModeStatus from SafeModeStatus{safeModeStatus=true, preCheckPassed=false} to SafeModeStatus{safeModeStatus=true, preCheckPassed=false}.
2023-02-28 20:10:10,629 [Listener at 0.0.0.0/43337] INFO  server.StorageContainerManager (StorageContainerManager.java:start(1436)) - StorageContainerLocationProtocol RPC server is listening at /0.0.0.0:43337
2023-02-28 20:10:10,631 [Listener at 0.0.0.0/43337] WARN  impl.MetricsConfig (MetricsConfig.java:loadFirst(136)) - Cannot locate configuration: tried hadoop-metrics2-storagecontainermanager.properties,hadoop-metrics2.properties
2023-02-28 20:10:10,631 [Listener at 0.0.0.0/43337] INFO  impl.MetricsSystemImpl (MetricsSystemImpl.java:startTimer(378)) - Scheduled Metric snapshot period at 10 second(s).
2023-02-28 20:10:10,631 [Listener at 0.0.0.0/43337] INFO  impl.MetricsSystemImpl (MetricsSystemImpl.java:start(191)) - StorageContainerManager metrics system started
2023-02-28 20:10:10,641 [Listener at 0.0.0.0/43337] INFO  impl.MetricsSinkAdapter (MetricsSinkAdapter.java:start(204)) - Sink prometheus started
2023-02-28 20:10:10,641 [Listener at 0.0.0.0/43337] INFO  impl.MetricsSystemImpl (MetricsSystemImpl.java:registerSink(305)) - Registered sink prometheus
2023-02-28 20:10:10,685 [Listener at 0.0.0.0/43337] INFO  server.SCMClientProtocolServer (SCMClientProtocolServer.java:start(176)) - RPC server for Client  is listening at /0.0.0.0:43337
2023-02-28 20:10:10,685 [IPC Server Responder] INFO  ipc.Server (Server.java:run(1512)) - IPC Server Responder: starting
2023-02-28 20:10:10,689 [IPC Server listener on 0] INFO  ipc.Server (Server.java:run(1352)) - IPC Server listener on 0: starting
2023-02-28 20:10:10,691 [Listener at 0.0.0.0/43337] INFO  server.StorageContainerManager (StorageContainerManager.java:start(1450)) - ScmBlockLocationProtocol RPC server is listening at /0.0.0.0:32933
2023-02-28 20:10:10,691 [Listener at 0.0.0.0/43337] INFO  server.SCMBlockProtocolServer (SCMBlockProtocolServer.java:start(152)) - RPC server for Block Protocol is listening at /0.0.0.0:32933
2023-02-28 20:10:10,692 [IPC Server Responder] INFO  ipc.Server (Server.java:run(1512)) - IPC Server Responder: starting
2023-02-28 20:10:10,692 [IPC Server listener on 0] INFO  ipc.Server (Server.java:run(1352)) - IPC Server listener on 0: starting
2023-02-28 20:10:10,707 [Listener at 0.0.0.0/43337] INFO  server.SCMDatanodeProtocolServer (SCMDatanodeProtocolServer.java:start(193)) - ScmDatanodeProtocol RPC server for DataNodes is listening at /0.0.0.0:45597
2023-02-28 20:10:10,707 [IPC Server Responder] INFO  ipc.Server (Server.java:run(1512)) - IPC Server Responder: starting
2023-02-28 20:10:10,707 [IPC Server listener on 0] INFO  ipc.Server (Server.java:run(1352)) - IPC Server listener on 0: starting
2023-02-28 20:10:10,709 [org.apache.hadoop.util.JvmPauseMonitor$Monitor@5731697b] INFO  util.JvmPauseMonitor (JvmPauseMonitor.java:run(188)) - Starting JVM pause monitor
2023-02-28 20:10:10,710 [Listener at 0.0.0.0/43337] INFO  http.BaseHttpServer (BaseHttpServer.java:newHttpServer2BuilderForOzone(213)) - Starting Web-server for scm at: http://0.0.0.0:0
2023-02-28 20:10:10,710 [Listener at 0.0.0.0/43337] INFO  http.BaseHttpServer (BaseHttpServer.java:<init>(108)) - Hadoop Security Enabled: false Ozone Security Enabled: false Ozone HTTP Security Enabled: false 
2023-02-28 20:10:10,712 [Listener at 0.0.0.0/43337] WARN  server.AuthenticationFilter (AuthenticationFilter.java:constructSecretProvider(240)) - Unable to initialize FileSignerSecretProvider, falling back to use random secrets. Reason: Could not read signature secret file: /home/runner/hadoop-http-auth-signature-secret
2023-02-28 20:10:10,712 [Listener at 0.0.0.0/43337] WARN  http.HttpRequestLog (HttpRequestLog.java:getRequestLog(103)) - Jetty request log can only be enabled using Log4j
2023-02-28 20:10:10,713 [Listener at 0.0.0.0/43337] INFO  http.HttpServer2 (HttpServer2.java:addGlobalFilter(1031)) - Added global filter 'safety' (class=org.apache.hadoop.hdds.server.http.HttpServer2$QuotingInputFilter)
2023-02-28 20:10:10,714 [Listener at 0.0.0.0/43337] INFO  http.HttpServer2 (HttpServer2.java:addFilter(1007)) - Added filter static_user_filter (class=org.apache.hadoop.http.lib.StaticUserWebFilter$StaticUserFilter) to context scm
2023-02-28 20:10:10,714 [Listener at 0.0.0.0/43337] INFO  http.HttpServer2 (HttpServer2.java:addFilter(1015)) - Added filter static_user_filter (class=org.apache.hadoop.http.lib.StaticUserWebFilter$StaticUserFilter) to context logs
2023-02-28 20:10:10,714 [Listener at 0.0.0.0/43337] INFO  http.HttpServer2 (HttpServer2.java:addFilter(1015)) - Added filter static_user_filter (class=org.apache.hadoop.http.lib.StaticUserWebFilter$StaticUserFilter) to context static
2023-02-28 20:10:10,715 [Listener at 0.0.0.0/43337] INFO  http.HttpServer2 (HttpServer2.java:bindListener(1250)) - Jetty bound to port 36415
2023-02-28 20:10:10,715 [Listener at 0.0.0.0/43337] INFO  server.Server (Server.java:doStart(375)) - jetty-9.4.49.v20220914; built: 2022-09-14T01:07:36.601Z; git: 4231a3b2e4cb8548a412a789936d640a97b1aa0a; jvm 1.8.0_362-b09
2023-02-28 20:10:10,716 [Listener at 0.0.0.0/43337] INFO  server.session (DefaultSessionIdManager.java:doStart(334)) - DefaultSessionIdManager workerName=node0
2023-02-28 20:10:10,716 [Listener at 0.0.0.0/43337] INFO  server.session (DefaultSessionIdManager.java:doStart(339)) - No SessionScavenger set, using defaults
2023-02-28 20:10:10,716 [Listener at 0.0.0.0/43337] INFO  server.session (HouseKeeper.java:startScavenging(132)) - node0 Scavenging every 660000ms
2023-02-28 20:10:10,717 [Listener at 0.0.0.0/43337] INFO  handler.ContextHandler (ContextHandler.java:doStart(921)) - Started o.e.j.s.ServletContextHandler@8116154{logs,/logs,file:///home/runner/work/ozone/ozone/hadoop-ozone/integration-test/target/log,AVAILABLE}
2023-02-28 20:10:10,717 [Listener at 0.0.0.0/43337] INFO  handler.ContextHandler (ContextHandler.java:doStart(921)) - Started o.e.j.s.ServletContextHandler@4b4ff495{static,/static,file:///home/runner/work/ozone/ozone/hadoop-ozone/integration-test/target/test-classes/webapps/static,AVAILABLE}
2023-02-28 20:10:10,726 [Listener at 0.0.0.0/43337] INFO  handler.ContextHandler (ContextHandler.java:doStart(921)) - Started o.e.j.w.WebAppContext@1b6d1168{scm,/,file:///home/runner/work/ozone/ozone/hadoop-ozone/integration-test/target/test-classes/webapps/scm/,AVAILABLE}{file:/home/runner/work/ozone/ozone/hadoop-ozone/integration-test/target/test-classes/webapps/scm}
2023-02-28 20:10:10,727 [Listener at 0.0.0.0/43337] INFO  server.AbstractConnector (AbstractConnector.java:doStart(333)) - Started ServerConnector@3ead589f{HTTP/1.1, (http/1.1)}{0.0.0.0:36415}
2023-02-28 20:10:10,727 [Listener at 0.0.0.0/43337] INFO  server.Server (Server.java:doStart(415)) - Started @119411ms
2023-02-28 20:10:10,727 [Listener at 0.0.0.0/43337] WARN  impl.MetricsSystemImpl (MetricsSystemImpl.java:register(279)) - Sink prometheus already exists!
2023-02-28 20:10:10,730 [Listener at 0.0.0.0/43337] INFO  http.BaseHttpServer (BaseHttpServer.java:updateConnectorAddress(333)) - HTTP server of scm listening at http://0.0.0.0:36415
2023-02-28 20:10:10,731 [Listener at 0.0.0.0/43337] INFO  ha.OMHANodeDetails (OMHANodeDetails.java:loadOMHAConfig(121)) - ServiceID for OzoneManager is om-service-test1
2023-02-28 20:10:10,732 [Listener at 0.0.0.0/43337] INFO  ha.OMHANodeDetails (OMHANodeDetails.java:loadOMHAConfig(201)) - Found matching OM address with OMServiceId: om-service-test1, OMNodeId: omNode-1, RPC Address: localhost:38823 and Ratis port: 45543
2023-02-28 20:10:10,732 [Listener at 0.0.0.0/43337] INFO  ha.OMHANodeDetails (ConfUtils.java:setNodeSpecificConfigs(97)) - Setting configuration key ozone.om.http-address with value of key ozone.om.http-address.om-service-test1.omNode-1: 127.0.0.1:32771
2023-02-28 20:10:10,732 [Listener at 0.0.0.0/43337] INFO  ha.OMHANodeDetails (ConfUtils.java:setNodeSpecificConfigs(97)) - Setting configuration key ozone.om.https-address with value of key ozone.om.https-address.om-service-test1.omNode-1: 127.0.0.1:41715
2023-02-28 20:10:10,732 [Listener at 0.0.0.0/43337] INFO  ha.OMHANodeDetails (ConfUtils.java:setNodeSpecificConfigs(97)) - Setting configuration key ozone.om.address with value of key ozone.om.address.om-service-test1.omNode-1: 127.0.0.1:38823
2023-02-28 20:10:10,732 [Listener at 0.0.0.0/43337] WARN  server.ServerUtils (ServerUtils.java:getDBPath(225)) - ozone.om.db.dirs is not configured. We recommend adding this setting. Falling back to ozone.metadata.dirs instead.
2023-02-28 20:10:10,733 [Listener at 0.0.0.0/43337] INFO  proxy.SCMBlockLocationFailoverProxyProvider (SCMBlockLocationFailoverProxyProvider.java:<init>(114)) - Created block location fail-over proxy with 1 nodes: [nodeId=scmNodeId,nodeAddress=/0.0.0.0:32933]
OM initialization succeeded.Current cluster id for sd=/home/runner/work/ozone/ozone/hadoop-ozone/integration-test/target/test-dir/MiniOzoneClusterImpl-9e11fa7e-4972-4825-87e7-ebdcd03a38ce/omNode-1/om;cid=9e11fa7e-4972-4825-87e7-ebdcd03a38ce;layoutVersion=3
2023-02-28 20:10:10,745 [Listener at 0.0.0.0/43337] INFO  ha.OMHANodeDetails (OMHANodeDetails.java:loadOMHAConfig(121)) - ServiceID for OzoneManager is om-service-test1
2023-02-28 20:10:10,746 [Listener at 0.0.0.0/43337] INFO  ha.OMHANodeDetails (OMHANodeDetails.java:loadOMHAConfig(201)) - Found matching OM address with OMServiceId: om-service-test1, OMNodeId: omNode-1, RPC Address: localhost:38823 and Ratis port: 45543
2023-02-28 20:10:10,746 [Listener at 0.0.0.0/43337] INFO  ha.OMHANodeDetails (ConfUtils.java:setNodeSpecificConfigs(97)) - Setting configuration key ozone.om.http-address with value of key ozone.om.http-address.om-service-test1.omNode-1: 127.0.0.1:32771
2023-02-28 20:10:10,746 [Listener at 0.0.0.0/43337] INFO  ha.OMHANodeDetails (ConfUtils.java:setNodeSpecificConfigs(97)) - Setting configuration key ozone.om.https-address with value of key ozone.om.https-address.om-service-test1.omNode-1: 127.0.0.1:41715
2023-02-28 20:10:10,746 [Listener at 0.0.0.0/43337] INFO  ha.OMHANodeDetails (ConfUtils.java:setNodeSpecificConfigs(97)) - Setting configuration key ozone.om.address with value of key ozone.om.address.om-service-test1.omNode-1: 127.0.0.1:38823
2023-02-28 20:10:10,746 [Listener at 0.0.0.0/43337] WARN  server.ServerUtils (ServerUtils.java:getDBPath(225)) - ozone.om.db.dirs is not configured. We recommend adding this setting. Falling back to ozone.metadata.dirs instead.
2023-02-28 20:10:10,747 [Listener at 0.0.0.0/43337] INFO  upgrade.AbstractLayoutVersionManager (AbstractLayoutVersionManager.java:init(83)) - Initializing Layout version manager with metadata layout = MULTITENANCY_SCHEMA (version = 3), software layout = MULTITENANCY_SCHEMA (version = 3)
2023-02-28 20:10:10,810 [Listener at 0.0.0.0/43337] INFO  reflections.Reflections (Reflections.java:scan(232)) - Reflections took 62 ms to scan 2 urls, producing 167 keys and 459 values [using 2 cores]
2023-02-28 20:10:10,810 [Listener at 0.0.0.0/43337] INFO  upgrade.OMLayoutVersionManager (OMLayoutVersionManager.java:lambda$0(115)) - Skipping Upgrade Action MockOmUpgradeAction since it has been finalized.
2023-02-28 20:10:10,811 [Listener at 0.0.0.0/43337] WARN  server.ServerUtils (ServerUtils.java:getDBPath(225)) - ozone.om.db.dirs is not configured. We recommend adding this setting. Falling back to ozone.metadata.dirs instead.
2023-02-28 20:10:10,811 [Listener at 0.0.0.0/43337] INFO  proxy.SCMBlockLocationFailoverProxyProvider (SCMBlockLocationFailoverProxyProvider.java:<init>(114)) - Created block location fail-over proxy with 1 nodes: [nodeId=scmNodeId,nodeAddress=/0.0.0.0:32933]
2023-02-28 20:10:10,812 [Listener at 0.0.0.0/43337] INFO  proxy.SCMBlockLocationFailoverProxyProvider (SCMBlockLocationFailoverProxyProvider.java:<init>(114)) - Created block location fail-over proxy with 1 nodes: [nodeId=scmNodeId,nodeAddress=/0.0.0.0:32933]
2023-02-28 20:10:10,818 [Listener at 0.0.0.0/43337] INFO  om.OzoneManager (OzoneManager.java:<init>(618)) - OM start with adminUsers: [runner]
2023-02-28 20:10:10,819 [Listener at 0.0.0.0/43337] WARN  server.ServerUtils (ServerUtils.java:getDBPath(225)) - ozone.om.db.dirs is not configured. We recommend adding this setting. Falling back to ozone.metadata.dirs instead.
2023-02-28 20:10:10,820 [Listener at 0.0.0.0/43337] INFO  codec.OmKeyInfoCodec (OmKeyInfoCodec.java:<init>(49)) - OmKeyInfoCodec ignorePipeline = true
2023-02-28 20:10:10,820 [Listener at 0.0.0.0/43337] INFO  codec.RepeatedOmKeyInfoCodec (RepeatedOmKeyInfoCodec.java:<init>(41)) - RepeatedOmKeyInfoCodec ignorePipeline = true
2023-02-28 20:10:10,971 [Listener at 0.0.0.0/43337] INFO  om.OzoneManager (OzoneManager.java:instantiateServices(748)) - S3 Multi-Tenancy is disabled
2023-02-28 20:10:10,971 [Listener at 0.0.0.0/43337] WARN  server.ServerUtils (ServerUtils.java:getDBPath(225)) - ozone.om.snapshot.diff.db.dir is not configured. We recommend adding this setting. Falling back to ozone.metadata.dirs instead.
2023-02-28 20:10:10,980 [Listener at 0.0.0.0/43337] INFO  om.OzoneManager (OzoneManager.java:addS3GVolumeToDB(4215)) - Created Volume s3v With Owner runner required for S3Gateway operations.
2023-02-28 20:10:10,980 [Listener at 0.0.0.0/43337] WARN  server.ServerUtils (ServerUtils.java:getDefaultRatisDirectory(237)) - Storage directory for Ratis is not configured. It is a good idea to map this to an SSD disk. Falling back to ozone.metadata.dirs
2023-02-28 20:10:10,980 [Listener at 0.0.0.0/43337] WARN  utils.OzoneManagerRatisUtils (OzoneManagerRatisUtils.java:getOMRatisSnapshotDirectory(436)) - ozone.om.ratis.snapshot.dir is not configured. Falling back to ozone.metadata.dirs config
2023-02-28 20:10:10,981 [Listener at 0.0.0.0/43337] INFO  snapshot.OzoneManagerSnapshotProvider (OzoneManagerSnapshotProvider.java:<init>(76)) - Initializing OM Snapshot Provider
2023-02-28 20:10:10,982 [Listener at 0.0.0.0/43337] WARN  server.ServerUtils (ServerUtils.java:getDefaultRatisDirectory(237)) - Storage directory for Ratis is not configured. It is a good idea to map this to an SSD disk. Falling back to ozone.metadata.dirs
2023-02-28 20:10:10,987 [Listener at 0.0.0.0/43337] INFO  ratis.OzoneManagerRatisServer (OzoneManagerRatisServer.java:<init>(164)) - Instantiating OM Ratis server with groupID: om-service-test1 and peers: localhost:45543, localhost:36961, localhost:42807
2023-02-28 20:10:10,988 [Listener at 0.0.0.0/43337] INFO  ratis.OzoneManagerStateMachine (OzoneManagerStateMachine.java:loadSnapshotInfoFromDB(636)) - LastAppliedIndex is set from TransactionInfo from OM DB as (t:0, i:~)
2023-02-28 20:10:10,989 [Listener at 0.0.0.0/43337] INFO  server.RaftServer (ConfUtils.java:logGet(46)) - raft.rpc.type = GRPC (default)
2023-02-28 20:10:10,989 [Listener at 0.0.0.0/43337] INFO  grpc.GrpcConfigKeys (ConfUtils.java:logFallback(53)) - raft.grpc.admin.host = null (fallback to raft.grpc.server.host)
2023-02-28 20:10:10,989 [Listener at 0.0.0.0/43337] INFO  grpc.GrpcConfigKeys (ConfUtils.java:logFallback(53)) - raft.grpc.admin.port = 45543 (fallback to raft.grpc.server.port)
2023-02-28 20:10:10,989 [Listener at 0.0.0.0/43337] INFO  grpc.GrpcConfigKeys (ConfUtils.java:logFallback(53)) - raft.grpc.client.host = null (fallback to raft.grpc.server.host)
2023-02-28 20:10:10,990 [Listener at 0.0.0.0/43337] INFO  grpc.GrpcConfigKeys (ConfUtils.java:logFallback(53)) - raft.grpc.client.port = 45543 (fallback to raft.grpc.server.port)
2023-02-28 20:10:10,990 [Listener at 0.0.0.0/43337] INFO  grpc.GrpcConfigKeys (ConfUtils.java:logGet(46)) - raft.grpc.server.host = null (default)
2023-02-28 20:10:10,990 [Listener at 0.0.0.0/43337] INFO  grpc.GrpcConfigKeys (ConfUtils.java:logGet(46)) - raft.grpc.server.port = 45543 (custom)
2023-02-28 20:10:10,990 [Listener at 0.0.0.0/43337] INFO  server.GrpcService (ConfUtils.java:logGet(46)) - raft.grpc.message.size.max = 33554432 (custom)
2023-02-28 20:10:10,990 [Listener at 0.0.0.0/43337] INFO  server.RaftServerConfigKeys (ConfUtils.java:logGet(46)) - raft.server.log.appender.buffer.byte-limit = 33554432 (custom)
2023-02-28 20:10:10,990 [Listener at 0.0.0.0/43337] INFO  server.GrpcService (ConfUtils.java:logGet(46)) - raft.grpc.flow.control.window = 1MB (=1048576) (default)
2023-02-28 20:10:10,990 [Listener at 0.0.0.0/43337] INFO  server.RaftServerConfigKeys (ConfUtils.java:logGet(46)) - raft.server.rpc.request.timeout = 3000ms (default)
2023-02-28 20:10:10,990 [Listener at 0.0.0.0/43337] INFO  grpc.GrpcConfigKeys (ConfUtils.java:logGet(46)) - raft.grpc.server.heartbeat.channel = true (default)
2023-02-28 20:10:10,990 [Listener at 0.0.0.0/43337] INFO  grpc.GrpcConfigKeys (ConfUtils.java:logGet(46)) - raft.grpc.server.async.request.thread.pool.cached = true (default)
2023-02-28 20:10:10,990 [Listener at 0.0.0.0/43337] INFO  grpc.GrpcConfigKeys (ConfUtils.java:logGet(46)) - raft.grpc.server.async.request.thread.pool.size = 32 (default)
2023-02-28 20:10:10,992 [EndpointStateMachine task thread for /0.0.0.0:46809 - 0 ] INFO  ipc.Client (Client.java:handleConnectionFailure(1010)) - Retrying connect to server: 0.0.0.0/0.0.0.0:46809. Already tried 3 time(s); retry policy is RetryUpToMaximumCountWithFixedSleep(maxRetries=15, sleepTime=1000 MILLISECONDS)
2023-02-28 20:10:10,993 [Listener at 0.0.0.0/43337] INFO  impl.DataStreamServerImpl (ConfUtils.java:logGet(46)) - raft.datastream.type = DISABLED (default)
2023-02-28 20:10:10,993 [Listener at 0.0.0.0/43337] INFO  server.RaftServerConfigKeys (ConfUtils.java:logGet(46)) - raft.server.threadpool.proxy.cached = true (default)
2023-02-28 20:10:10,993 [Listener at 0.0.0.0/43337] INFO  server.RaftServerConfigKeys (ConfUtils.java:logGet(46)) - raft.server.threadpool.proxy.size = 0 (default)
2023-02-28 20:10:10,993 [Listener at 0.0.0.0/43337] INFO  server.RaftServerConfigKeys (ConfUtils.java:logGet(46)) - raft.server.rpc.slowness.timeout = 2s (custom)
2023-02-28 20:10:10,993 [Listener at 0.0.0.0/43337] INFO  server.RaftServerConfigKeys (ConfUtils.java:logGet(46)) - raft.server.leaderelection.leader.step-down.wait-time = 10s (default)
2023-02-28 20:10:10,994 [Listener at 0.0.0.0/43337] INFO  server.RaftServerConfigKeys (ConfUtils.java:logGet(46)) - raft.server.storage.dir = [/home/runner/work/ozone/ozone/hadoop-ozone/integration-test/target/test-dir/MiniOzoneClusterImpl-9e11fa7e-4972-4825-87e7-ebdcd03a38ce/omNode-1/ratis] (custom)
2023-02-28 20:10:10,994 [Listener at 0.0.0.0/43337] INFO  server.RaftServer (RaftServerProxy.java:addNew(96)) - omNode-1: addNew group-523986131536:[omNode-3|rpc:localhost:36961|priority:0|startupRole:FOLLOWER, omNode-1|rpc:localhost:45543|priority:0|startupRole:FOLLOWER, omNode-2|rpc:localhost:42807|priority:0|startupRole:FOLLOWER] returns group-523986131536:java.util.concurrent.CompletableFuture@4ad879ba[Not completed]
2023-02-28 20:10:10,994 [Listener at 0.0.0.0/43337] INFO  om.OzoneManager (OzoneManager.java:initializeRatisServer(2094)) - OzoneManager Ratis server initialized at port 45543
2023-02-28 20:10:10,994 [pool-1318-thread-1] INFO  server.RaftServer$Division (RaftServerImpl.java:<init>(195)) - omNode-1: new RaftServerImpl for group-523986131536:[omNode-3|rpc:localhost:36961|priority:0|startupRole:FOLLOWER, omNode-1|rpc:localhost:45543|priority:0|startupRole:FOLLOWER, omNode-2|rpc:localhost:42807|priority:0|startupRole:FOLLOWER] with OzoneManagerStateMachine:uninitialized
2023-02-28 20:10:10,994 [Listener at 0.0.0.0/43337] INFO  om.OzoneManager (OzoneManager.java:getRpcServer(1131)) - Creating RPC Server
2023-02-28 20:10:10,995 [pool-1318-thread-1] INFO  server.RaftServerConfigKeys (ConfUtils.java:logGet(46)) - raft.server.rpc.timeout.min = 1s (custom)
2023-02-28 20:10:10,995 [pool-1318-thread-1] INFO  server.RaftServerConfigKeys (ConfUtils.java:logGet(46)) - raft.server.rpc.timeout.max = 1200ms (custom)
2023-02-28 20:10:10,995 [pool-1318-thread-1] INFO  server.RaftServerConfigKeys (ConfUtils.java:logGet(46)) - raft.server.rpc.sleep.time = 25ms (default)
2023-02-28 20:10:10,995 [pool-1318-thread-1] INFO  server.RaftServerConfigKeys (ConfUtils.java:logGet(46)) - raft.server.rpc.slowness.timeout = 2s (custom)
2023-02-28 20:10:10,995 [pool-1318-thread-1] INFO  server.RaftServerConfigKeys (ConfUtils.java:logGet(46)) - raft.server.leaderelection.leader.step-down.wait-time = 10s (default)
2023-02-28 20:10:10,995 [pool-1318-thread-1] INFO  server.RaftServerConfigKeys (ConfUtils.java:logGet(46)) - raft.server.sleep.deviation.threshold = 300ms (default)
2023-02-28 20:10:10,995 [pool-1318-thread-1] INFO  server.RaftServer$Division (ServerState.java:<init>(118)) - omNode-1@group-523986131536: ConfigurationManager, init=-1: peers:[omNode-3|rpc:localhost:36961|priority:0|startupRole:FOLLOWER, omNode-1|rpc:localhost:45543|priority:0|startupRole:FOLLOWER, omNode-2|rpc:localhost:42807|priority:0|startupRole:FOLLOWER]|listeners:[], old=null, confs=<EMPTY_MAP>
2023-02-28 20:10:10,995 [pool-1318-thread-1] INFO  server.RaftServerConfigKeys (ConfUtils.java:logGet(46)) - raft.server.storage.dir = [/home/runner/work/ozone/ozone/hadoop-ozone/integration-test/target/test-dir/MiniOzoneClusterImpl-9e11fa7e-4972-4825-87e7-ebdcd03a38ce/omNode-1/ratis] (custom)
2023-02-28 20:10:10,995 [pool-1318-thread-1] INFO  server.RaftServerConfigKeys (ConfUtils.java:logGet(46)) - raft.server.log.corruption.policy = EXCEPTION (default)
2023-02-28 20:10:10,995 [pool-1318-thread-1] INFO  server.RaftServerConfigKeys (ConfUtils.java:logGet(46)) - raft.server.storage.free-space.min = 0MB (=0) (default)
2023-02-28 20:10:10,995 [pool-1318-thread-1] INFO  server.RaftServerConfigKeys (ConfUtils.java:logGet(46)) - raft.server.notification.no-leader.timeout = 2s (custom)
2023-02-28 20:10:10,995 [pool-1318-thread-1] INFO  server.RaftServerConfigKeys (ConfUtils.java:logGet(46)) - raft.server.retrycache.expirytime = 300s (custom)
2023-02-28 20:10:10,995 [pool-1318-thread-1] INFO  server.RaftServerConfigKeys (ConfUtils.java:logGet(46)) - raft.server.retrycache.statistics.expirytime = 100μs (default)
2023-02-28 20:10:11,003 [pool-1318-thread-1] INFO  server.RaftServerConfigKeys (ConfUtils.java:logGet(46)) - raft.server.log.appender.install.snapshot.enabled = false (custom)
2023-02-28 20:10:11,003 [pool-1318-thread-1] INFO  server.RaftServerConfigKeys (ConfUtils.java:logGet(46)) - raft.server.threadpool.server.cached = true (default)
2023-02-28 20:10:11,004 [pool-1318-thread-1] INFO  server.RaftServerConfigKeys (ConfUtils.java:logGet(46)) - raft.server.threadpool.server.size = 0 (default)
2023-02-28 20:10:11,004 [pool-1318-thread-1] INFO  server.RaftServerConfigKeys (ConfUtils.java:logGet(46)) - raft.server.threadpool.client.cached = true (default)
2023-02-28 20:10:11,004 [pool-1318-thread-1] INFO  server.RaftServerConfigKeys (ConfUtils.java:logGet(46)) - raft.server.threadpool.client.size = 0 (default)
2023-02-28 20:10:11,309 [Listener at 0.0.0.0/43337] INFO  reflections.Reflections (Reflections.java:scan(232)) - Reflections took 312 ms to scan 19 urls, producing 68 keys and 4869 values [using 2 cores]
2023-02-28 20:10:11,311 [Listener at 0.0.0.0/43337] INFO  ipc.CallQueueManager (CallQueueManager.java:<init>(90)) - Using callQueue: class java.util.concurrent.LinkedBlockingQueue, queueCapacity: 2000, scheduler: class org.apache.hadoop.ipc.DefaultRpcScheduler, ipcBackoff: false.
2023-02-28 20:10:11,311 [Socket Reader #1 for port 38823] INFO  ipc.Server (Server.java:run(1273)) - Starting Socket Reader #1 for port 38823
2023-02-28 20:10:11,331 [Listener at 127.0.0.1/38823] INFO  impl.MetricsSystemImpl (MetricsSystemImpl.java:init(158)) - OzoneManager metrics system started (again)
2023-02-28 20:10:11,342 [Listener at 127.0.0.1/38823] INFO  om.OzoneManager (OzoneManager.java:start(1551)) - OzoneManager RPC server is listening at localhost/127.0.0.1:38823
2023-02-28 20:10:11,342 [Listener at 127.0.0.1/38823] INFO  ratis.OzoneManagerRatisServer (OzoneManagerRatisServer.java:start(559)) - Starting OzoneManagerRatisServer omNode-1 at port 45543
2023-02-28 20:10:11,343 [omNode-1-impl-thread1] INFO  storage.RaftStorageDirectory (RaftStorageDirectoryImpl.java:analyzeStorage(137)) - The storage directory /home/runner/work/ozone/ozone/hadoop-ozone/integration-test/target/test-dir/MiniOzoneClusterImpl-9e11fa7e-4972-4825-87e7-ebdcd03a38ce/omNode-1/ratis/c9bc4cf4-3bc3-3c60-a66b-523986131536 does not exist. Creating ...
2023-02-28 20:10:11,344 [omNode-1-impl-thread1] INFO  storage.RaftStorageDirectory (RaftStorageDirectoryImpl.java:tryLock(231)) - Lock on /home/runner/work/ozone/ozone/hadoop-ozone/integration-test/target/test-dir/MiniOzoneClusterImpl-9e11fa7e-4972-4825-87e7-ebdcd03a38ce/omNode-1/ratis/c9bc4cf4-3bc3-3c60-a66b-523986131536/in_use.lock acquired by nodename 61155@fv-az399-334
2023-02-28 20:10:11,345 [omNode-1-impl-thread1] INFO  storage.RaftStorage (RaftStorageImpl.java:format(96)) - Storage directory /home/runner/work/ozone/ozone/hadoop-ozone/integration-test/target/test-dir/MiniOzoneClusterImpl-9e11fa7e-4972-4825-87e7-ebdcd03a38ce/omNode-1/ratis/c9bc4cf4-3bc3-3c60-a66b-523986131536 has been successfully formatted.
2023-02-28 20:10:11,345 [omNode-1-impl-thread1] INFO  server.RaftServerConfigKeys (ConfUtils.java:logGet(46)) - raft.server.log.use.memory = false (default)
2023-02-28 20:10:11,345 [omNode-1-impl-thread1] INFO  server.RaftServerConfigKeys (ConfUtils.java:logGet(46)) - raft.server.log.purge.gap = 1000000 (custom)
2023-02-28 20:10:11,345 [omNode-1-impl-thread1] INFO  server.RaftServerConfigKeys (ConfUtils.java:logGet(46)) - raft.server.log.appender.buffer.byte-limit = 33554432 (custom)
2023-02-28 20:10:11,345 [omNode-1-impl-thread1] INFO  server.RaftServerConfigKeys (ConfUtils.java:logGet(46)) - raft.server.log.statemachine.data.read.timeout = 1000ms (default)
2023-02-28 20:10:11,345 [omNode-1-impl-thread1] INFO  server.RaftServerConfigKeys (ConfUtils.java:logGet(46)) - raft.server.log.purge.preservation.log.num = 0 (default)
2023-02-28 20:10:11,346 [omNode-1-impl-thread1] INFO  server.RaftServerConfigKeys (ConfUtils.java:logGet(46)) - raft.server.log.segment.size.max = 4194304 (custom)
2023-02-28 20:10:11,346 [omNode-1-impl-thread1] INFO  server.RaftServerConfigKeys (ConfUtils.java:logGet(46)) - raft.server.log.segment.cache.num.max = 2 (custom)
2023-02-28 20:10:11,346 [omNode-1-impl-thread1] INFO  server.RaftServerConfigKeys (ConfUtils.java:logGet(46)) - raft.server.log.segment.cache.size.max = 200MB (=209715200) (default)
2023-02-28 20:10:11,346 [omNode-1-impl-thread1] INFO  segmented.SegmentedRaftLogWorker (SegmentedRaftLogWorker.java:<init>(189)) - new omNode-1@group-523986131536-SegmentedRaftLogWorker for RaftStorageImpl:Storage Directory /home/runner/work/ozone/ozone/hadoop-ozone/integration-test/target/test-dir/MiniOzoneClusterImpl-9e11fa7e-4972-4825-87e7-ebdcd03a38ce/omNode-1/ratis/c9bc4cf4-3bc3-3c60-a66b-523986131536
2023-02-28 20:10:11,346 [omNode-1-impl-thread1] INFO  server.RaftServerConfigKeys (ConfUtils.java:logGet(46)) - raft.server.log.queue.byte-limit = 64MB (=67108864) (default)
2023-02-28 20:10:11,346 [omNode-1-impl-thread1] INFO  server.RaftServerConfigKeys (ConfUtils.java:logGet(46)) - raft.server.log.queue.element-limit = 4096 (default)
2023-02-28 20:10:11,346 [omNode-1-impl-thread1] INFO  server.RaftServerConfigKeys (ConfUtils.java:logGet(46)) - raft.server.log.segment.size.max = 4194304 (custom)
2023-02-28 20:10:11,346 [omNode-1-impl-thread1] INFO  server.RaftServerConfigKeys (ConfUtils.java:logGet(46)) - raft.server.log.preallocated.size = 4194304 (custom)
2023-02-28 20:10:11,346 [omNode-1-impl-thread1] INFO  server.RaftServerConfigKeys (ConfUtils.java:logGet(46)) - raft.server.log.force.sync.num = 128 (default)
2023-02-28 20:10:11,346 [omNode-1-impl-thread1] INFO  server.RaftServerConfigKeys (ConfUtils.java:logGet(46)) - raft.server.log.statemachine.data.sync = true (default)
2023-02-28 20:10:11,346 [omNode-1-impl-thread1] INFO  server.RaftServerConfigKeys (ConfUtils.java:logGet(46)) - raft.server.log.statemachine.data.sync.timeout = 10s (default)
2023-02-28 20:10:11,346 [omNode-1-impl-thread1] INFO  server.RaftServerConfigKeys (ConfUtils.java:logGet(46)) - raft.server.log.statemachine.data.sync.timeout.retry = -1 (default)
2023-02-28 20:10:11,346 [omNode-1-impl-thread1] INFO  server.RaftServerConfigKeys (ConfUtils.java:logGet(46)) - raft.server.log.write.buffer.size = 64KB (=65536) (default)
2023-02-28 20:10:11,346 [omNode-1-impl-thread1] INFO  server.RaftServerConfigKeys (ConfUtils.java:logGet(46)) - raft.server.log.appender.buffer.byte-limit = 33554432 (custom)
2023-02-28 20:10:11,351 [omNode-1-impl-thread1] INFO  server.RaftServerConfigKeys (ConfUtils.java:logGet(46)) - raft.server.log.unsafe-flush.enabled = false (default)
2023-02-28 20:10:11,351 [omNode-1-impl-thread1] INFO  server.RaftServerConfigKeys (ConfUtils.java:logGet(46)) - raft.server.log.async-flush.enabled = false (default)
2023-02-28 20:10:11,351 [omNode-1-impl-thread1] INFO  server.RaftServerConfigKeys (ConfUtils.java:logGet(46)) - raft.server.log.statemachine.data.caching.enabled = false (default)
2023-02-28 20:10:11,352 [omNode-1-impl-thread1] INFO  segmented.SegmentedRaftLogWorker (SegmentedRaftLogWorker.java:lambda$new$0(135)) - omNode-1@group-523986131536-SegmentedRaftLogWorker: flushIndex: setUnconditionally 0 -> -1
2023-02-28 20:10:11,352 [omNode-1-impl-thread1] INFO  segmented.SegmentedRaftLogWorker (SegmentedRaftLogWorker.java:lambda$new$0(135)) - omNode-1@group-523986131536-SegmentedRaftLogWorker: safeCacheEvictIndex: setUnconditionally 0 -> -1
2023-02-28 20:10:11,352 [omNode-1-impl-thread1] INFO  server.RaftServer$Division (RaftServerImpl.java:start(334)) - omNode-1@group-523986131536: start as a follower, conf=-1: peers:[omNode-3|rpc:localhost:36961|priority:0|startupRole:FOLLOWER, omNode-1|rpc:localhost:45543|priority:0|startupRole:FOLLOWER, omNode-2|rpc:localhost:42807|priority:0|startupRole:FOLLOWER]|listeners:[], old=null
2023-02-28 20:10:11,352 [omNode-1-impl-thread1] INFO  server.RaftServer$Division (RaftServerImpl.java:setRole(321)) - omNode-1@group-523986131536: changes role from      null to FOLLOWER at term 0 for startAsFollower
2023-02-28 20:10:11,352 [omNode-1-impl-thread1] INFO  impl.RoleInfo (RoleInfo.java:updateAndGet(139)) - omNode-1: start omNode-1@group-523986131536-FollowerState
2023-02-28 20:10:11,352 [omNode-1@group-523986131536-FollowerState] INFO  server.RaftServerConfigKeys (ConfUtils.java:logFallback(53)) - raft.server.rpc.first-election.timeout.min = 1s (fallback to raft.server.rpc.timeout.min)
2023-02-28 20:10:11,352 [omNode-1-impl-thread1] INFO  util.JmxRegister (JmxRegister.java:tryRegister(44)) - Successfully registered JMX Bean with object name Ratis:service=RaftServer,group=group-523986131536,id=omNode-1
2023-02-28 20:10:11,352 [omNode-1@group-523986131536-FollowerState] INFO  server.RaftServerConfigKeys (ConfUtils.java:logFallback(53)) - raft.server.rpc.first-election.timeout.max = 1200ms (fallback to raft.server.rpc.timeout.max)
2023-02-28 20:10:11,352 [omNode-1-impl-thread1] INFO  server.RaftServerConfigKeys (ConfUtils.java:logGet(46)) - raft.server.snapshot.auto.trigger.enabled = true (custom)
2023-02-28 20:10:11,352 [omNode-1-impl-thread1] INFO  server.RaftServerConfigKeys (ConfUtils.java:logGet(46)) - raft.server.snapshot.auto.trigger.threshold = 400000 (default)
2023-02-28 20:10:11,352 [omNode-1-impl-thread1] INFO  server.RaftServerConfigKeys (ConfUtils.java:logGet(46)) - raft.server.snapshot.retention.file.num = -1 (default)
2023-02-28 20:10:11,352 [omNode-1-impl-thread1] INFO  server.RaftServerConfigKeys (ConfUtils.java:logGet(46)) - raft.server.log.purge.upto.snapshot.index = true (custom)
2023-02-28 20:10:11,353 [Listener at 127.0.0.1/38823] INFO  server.RaftServer (RaftServerProxy.java:startImpl(393)) - omNode-1: start RPC server
2023-02-28 20:10:11,355 [Listener at 127.0.0.1/38823] INFO  server.GrpcService (GrpcService.java:startImpl(262)) - omNode-1: GrpcService started, listening on 45543
2023-02-28 20:10:11,356 [Listener at 127.0.0.1/38823] INFO  om.OzoneManager (OzoneManager.java:start(1567)) - Version File has different layout version (3) than OM DB (null). That is expected if this OM has never been finalized to a newer layout version.
2023-02-28 20:10:11,356 [JvmPauseMonitor12] INFO  util.JvmPauseMonitor (JvmPauseMonitor.java:run(105)) - JvmPauseMonitor-omNode-1: Started
2023-02-28 20:10:11,357 [Listener at 127.0.0.1/38823] INFO  http.BaseHttpServer (BaseHttpServer.java:newHttpServer2BuilderForOzone(213)) - Starting Web-server for ozoneManager at: http://0.0.0.0:32771
2023-02-28 20:10:11,357 [Listener at 127.0.0.1/38823] INFO  http.BaseHttpServer (BaseHttpServer.java:<init>(108)) - Hadoop Security Enabled: false Ozone Security Enabled: false Ozone HTTP Security Enabled: false 
2023-02-28 20:10:11,359 [Listener at 127.0.0.1/38823] WARN  server.AuthenticationFilter (AuthenticationFilter.java:constructSecretProvider(240)) - Unable to initialize FileSignerSecretProvider, falling back to use random secrets. Reason: Could not read signature secret file: /home/runner/hadoop-http-auth-signature-secret
2023-02-28 20:10:11,359 [Listener at 127.0.0.1/38823] WARN  http.HttpRequestLog (HttpRequestLog.java:getRequestLog(103)) - Jetty request log can only be enabled using Log4j
2023-02-28 20:10:11,361 [Listener at 127.0.0.1/38823] INFO  http.HttpServer2 (HttpServer2.java:addGlobalFilter(1031)) - Added global filter 'safety' (class=org.apache.hadoop.hdds.server.http.HttpServer2$QuotingInputFilter)
2023-02-28 20:10:11,361 [Listener at 127.0.0.1/38823] INFO  http.HttpServer2 (HttpServer2.java:addFilter(1007)) - Added filter static_user_filter (class=org.apache.hadoop.http.lib.StaticUserWebFilter$StaticUserFilter) to context ozoneManager
2023-02-28 20:10:11,362 [Listener at 127.0.0.1/38823] INFO  http.HttpServer2 (HttpServer2.java:addFilter(1015)) - Added filter static_user_filter (class=org.apache.hadoop.http.lib.StaticUserWebFilter$StaticUserFilter) to context static
2023-02-28 20:10:11,362 [Listener at 127.0.0.1/38823] INFO  http.HttpServer2 (HttpServer2.java:addFilter(1015)) - Added filter static_user_filter (class=org.apache.hadoop.http.lib.StaticUserWebFilter$StaticUserFilter) to context logs
2023-02-28 20:10:11,362 [Listener at 127.0.0.1/38823] INFO  http.HttpServer2 (HttpServer2.java:bindListener(1250)) - Jetty bound to port 32771
2023-02-28 20:10:11,363 [Listener at 127.0.0.1/38823] INFO  server.Server (Server.java:doStart(375)) - jetty-9.4.49.v20220914; built: 2022-09-14T01:07:36.601Z; git: 4231a3b2e4cb8548a412a789936d640a97b1aa0a; jvm 1.8.0_362-b09
2023-02-28 20:10:11,364 [Listener at 127.0.0.1/38823] INFO  server.session (DefaultSessionIdManager.java:doStart(334)) - DefaultSessionIdManager workerName=node0
2023-02-28 20:10:11,364 [Listener at 127.0.0.1/38823] INFO  server.session (DefaultSessionIdManager.java:doStart(339)) - No SessionScavenger set, using defaults
2023-02-28 20:10:11,364 [Listener at 127.0.0.1/38823] INFO  server.session (HouseKeeper.java:startScavenging(132)) - node0 Scavenging every 660000ms
2023-02-28 20:10:11,365 [Listener at 127.0.0.1/38823] INFO  handler.ContextHandler (ContextHandler.java:doStart(921)) - Started o.e.j.s.ServletContextHandler@39eb9bad{logs,/logs,file:///home/runner/work/ozone/ozone/hadoop-ozone/integration-test/target/log,AVAILABLE}
2023-02-28 20:10:11,365 [Listener at 127.0.0.1/38823] INFO  handler.ContextHandler (ContextHandler.java:doStart(921)) - Started o.e.j.s.ServletContextHandler@1b9f41df{static,/static,file:///home/runner/work/ozone/ozone/hadoop-ozone/integration-test/target/test-classes/webapps/static,AVAILABLE}
2023-02-28 20:10:11,370 [Listener at 127.0.0.1/38823] INFO  handler.ContextHandler (ContextHandler.java:doStart(921)) - Started o.e.j.w.WebAppContext@19c2296a{ozoneManager,/,file:///home/runner/work/ozone/ozone/hadoop-ozone/integration-test/target/test-classes/webapps/ozoneManager/,AVAILABLE}{file:/home/runner/work/ozone/ozone/hadoop-ozone/integration-test/target/test-classes/webapps/ozoneManager}
2023-02-28 20:10:11,371 [Listener at 127.0.0.1/38823] INFO  server.AbstractConnector (AbstractConnector.java:doStart(333)) - Started ServerConnector@67058ebe{HTTP/1.1, (http/1.1)}{0.0.0.0:32771}
2023-02-28 20:10:11,371 [Listener at 127.0.0.1/38823] INFO  server.Server (Server.java:doStart(415)) - Started @120055ms
2023-02-28 20:10:11,371 [Listener at 127.0.0.1/38823] WARN  impl.MetricsSystemImpl (MetricsSystemImpl.java:register(279)) - Sink prometheus already exists!
2023-02-28 20:10:11,372 [Listener at 127.0.0.1/38823] INFO  http.BaseHttpServer (BaseHttpServer.java:updateConnectorAddress(333)) - HTTP server of ozoneManager listening at http://0.0.0.0:32771
2023-02-28 20:10:11,372 [IPC Server Responder] INFO  ipc.Server (Server.java:run(1512)) - IPC Server Responder: starting
2023-02-28 20:10:11,375 [IPC Server listener on 38823] INFO  ipc.Server (Server.java:run(1352)) - IPC Server listener on 38823: starting
2023-02-28 20:10:11,376 [Listener at 127.0.0.1/38823] INFO  om.OzoneManager (OzoneManager.java:startTrashEmptier(2038)) - Trash Interval set to 0. Files deleted won't move to trash
2023-02-28 20:10:11,376 [Listener at 127.0.0.1/38823] INFO  ozone.MiniOzoneHAClusterImpl (MiniOzoneHAClusterImpl.java:createOMService(527)) - Started OzoneManager omNode-1 RPC server at localhost/127.0.0.1:38823
2023-02-28 20:10:11,377 [org.apache.hadoop.util.JvmPauseMonitor$Monitor@101923c3] INFO  util.JvmPauseMonitor (JvmPauseMonitor.java:run(188)) - Starting JVM pause monitor
2023-02-28 20:10:11,377 [Listener at 127.0.0.1/38823] INFO  ha.OMHANodeDetails (OMHANodeDetails.java:loadOMHAConfig(121)) - ServiceID for OzoneManager is om-service-test1
2023-02-28 20:10:11,377 [Listener at 127.0.0.1/38823] INFO  ha.OMHANodeDetails (OMHANodeDetails.java:loadOMHAConfig(201)) - Found matching OM address with OMServiceId: om-service-test1, OMNodeId: omNode-2, RPC Address: localhost:34541 and Ratis port: 42807
2023-02-28 20:10:11,377 [Listener at 127.0.0.1/38823] INFO  ha.OMHANodeDetails (ConfUtils.java:setNodeSpecificConfigs(97)) - Setting configuration key ozone.om.http-address with value of key ozone.om.http-address.om-service-test1.omNode-2: 127.0.0.1:35243
2023-02-28 20:10:11,377 [Listener at 127.0.0.1/38823] INFO  ha.OMHANodeDetails (ConfUtils.java:setNodeSpecificConfigs(97)) - Setting configuration key ozone.om.https-address with value of key ozone.om.https-address.om-service-test1.omNode-2: 127.0.0.1:37709
2023-02-28 20:10:11,378 [Listener at 127.0.0.1/38823] INFO  ha.OMHANodeDetails (ConfUtils.java:setNodeSpecificConfigs(97)) - Setting configuration key ozone.om.address with value of key ozone.om.address.om-service-test1.omNode-2: 127.0.0.1:34541
2023-02-28 20:10:11,378 [Listener at 127.0.0.1/38823] WARN  server.ServerUtils (ServerUtils.java:getDBPath(225)) - ozone.om.db.dirs is not configured. We recommend adding this setting. Falling back to ozone.metadata.dirs instead.
2023-02-28 20:10:11,378 [Listener at 127.0.0.1/38823] INFO  proxy.SCMBlockLocationFailoverProxyProvider (SCMBlockLocationFailoverProxyProvider.java:<init>(114)) - Created block location fail-over proxy with 1 nodes: [nodeId=scmNodeId,nodeAddress=/0.0.0.0:32933]
OM initialization succeeded.Current cluster id for sd=/home/runner/work/ozone/ozone/hadoop-ozone/integration-test/target/test-dir/MiniOzoneClusterImpl-9e11fa7e-4972-4825-87e7-ebdcd03a38ce/omNode-2/om;cid=9e11fa7e-4972-4825-87e7-ebdcd03a38ce;layoutVersion=3
2023-02-28 20:10:11,389 [Listener at 127.0.0.1/38823] INFO  ha.OMHANodeDetails (OMHANodeDetails.java:loadOMHAConfig(121)) - ServiceID for OzoneManager is om-service-test1
2023-02-28 20:10:11,390 [Listener at 127.0.0.1/38823] INFO  ha.OMHANodeDetails (OMHANodeDetails.java:loadOMHAConfig(201)) - Found matching OM address with OMServiceId: om-service-test1, OMNodeId: omNode-2, RPC Address: localhost:34541 and Ratis port: 42807
2023-02-28 20:10:11,390 [Listener at 127.0.0.1/38823] INFO  ha.OMHANodeDetails (ConfUtils.java:setNodeSpecificConfigs(97)) - Setting configuration key ozone.om.http-address with value of key ozone.om.http-address.om-service-test1.omNode-2: 127.0.0.1:35243
2023-02-28 20:10:11,390 [Listener at 127.0.0.1/38823] INFO  ha.OMHANodeDetails (ConfUtils.java:setNodeSpecificConfigs(97)) - Setting configuration key ozone.om.https-address with value of key ozone.om.https-address.om-service-test1.omNode-2: 127.0.0.1:37709
2023-02-28 20:10:11,390 [Listener at 127.0.0.1/38823] INFO  ha.OMHANodeDetails (ConfUtils.java:setNodeSpecificConfigs(97)) - Setting configuration key ozone.om.address with value of key ozone.om.address.om-service-test1.omNode-2: 127.0.0.1:34541
2023-02-28 20:10:11,390 [Listener at 127.0.0.1/38823] WARN  server.ServerUtils (ServerUtils.java:getDBPath(225)) - ozone.om.db.dirs is not configured. We recommend adding this setting. Falling back to ozone.metadata.dirs instead.
2023-02-28 20:10:11,391 [Listener at 127.0.0.1/38823] INFO  upgrade.AbstractLayoutVersionManager (AbstractLayoutVersionManager.java:init(83)) - Initializing Layout version manager with metadata layout = MULTITENANCY_SCHEMA (version = 3), software layout = MULTITENANCY_SCHEMA (version = 3)
2023-02-28 20:10:11,453 [Listener at 127.0.0.1/38823] INFO  reflections.Reflections (Reflections.java:scan(232)) - Reflections took 61 ms to scan 2 urls, producing 167 keys and 459 values [using 2 cores]
2023-02-28 20:10:11,453 [Listener at 127.0.0.1/38823] INFO  upgrade.OMLayoutVersionManager (OMLayoutVersionManager.java:lambda$0(115)) - Skipping Upgrade Action MockOmUpgradeAction since it has been finalized.
2023-02-28 20:10:11,453 [Listener at 127.0.0.1/38823] WARN  server.ServerUtils (ServerUtils.java:getDBPath(225)) - ozone.om.db.dirs is not configured. We recommend adding this setting. Falling back to ozone.metadata.dirs instead.
2023-02-28 20:10:11,455 [Listener at 127.0.0.1/38823] INFO  proxy.SCMBlockLocationFailoverProxyProvider (SCMBlockLocationFailoverProxyProvider.java:<init>(114)) - Created block location fail-over proxy with 1 nodes: [nodeId=scmNodeId,nodeAddress=/0.0.0.0:32933]
2023-02-28 20:10:11,456 [Listener at 127.0.0.1/38823] INFO  proxy.SCMBlockLocationFailoverProxyProvider (SCMBlockLocationFailoverProxyProvider.java:<init>(114)) - Created block location fail-over proxy with 1 nodes: [nodeId=scmNodeId,nodeAddress=/0.0.0.0:32933]
2023-02-28 20:10:11,465 [Listener at 127.0.0.1/38823] INFO  om.OzoneManager (OzoneManager.java:<init>(618)) - OM start with adminUsers: [runner]
2023-02-28 20:10:11,466 [Listener at 127.0.0.1/38823] WARN  server.ServerUtils (ServerUtils.java:getDBPath(225)) - ozone.om.db.dirs is not configured. We recommend adding this setting. Falling back to ozone.metadata.dirs instead.
2023-02-28 20:10:11,466 [Listener at 127.0.0.1/38823] INFO  codec.OmKeyInfoCodec (OmKeyInfoCodec.java:<init>(49)) - OmKeyInfoCodec ignorePipeline = true
2023-02-28 20:10:11,466 [Listener at 127.0.0.1/38823] INFO  codec.RepeatedOmKeyInfoCodec (RepeatedOmKeyInfoCodec.java:<init>(41)) - RepeatedOmKeyInfoCodec ignorePipeline = true
2023-02-28 20:10:11,619 [Listener at 127.0.0.1/38823] INFO  om.OzoneManager (OzoneManager.java:instantiateServices(748)) - S3 Multi-Tenancy is disabled
2023-02-28 20:10:11,619 [Listener at 127.0.0.1/38823] WARN  server.ServerUtils (ServerUtils.java:getDBPath(225)) - ozone.om.snapshot.diff.db.dir is not configured. We recommend adding this setting. Falling back to ozone.metadata.dirs instead.
2023-02-28 20:10:11,633 [Listener at 127.0.0.1/38823] INFO  om.OzoneManager (OzoneManager.java:addS3GVolumeToDB(4215)) - Created Volume s3v With Owner runner required for S3Gateway operations.
2023-02-28 20:10:11,633 [Listener at 127.0.0.1/38823] WARN  server.ServerUtils (ServerUtils.java:getDefaultRatisDirectory(237)) - Storage directory for Ratis is not configured. It is a good idea to map this to an SSD disk. Falling back to ozone.metadata.dirs
2023-02-28 20:10:11,633 [Listener at 127.0.0.1/38823] WARN  utils.OzoneManagerRatisUtils (OzoneManagerRatisUtils.java:getOMRatisSnapshotDirectory(436)) - ozone.om.ratis.snapshot.dir is not configured. Falling back to ozone.metadata.dirs config
2023-02-28 20:10:11,633 [Listener at 127.0.0.1/38823] INFO  snapshot.OzoneManagerSnapshotProvider (OzoneManagerSnapshotProvider.java:<init>(76)) - Initializing OM Snapshot Provider
2023-02-28 20:10:11,638 [Listener at 127.0.0.1/38823] WARN  impl.MetricRegistriesImpl (MetricRegistriesImpl.java:addReporterRegistration(111)) - New reporters are added after registries were created. Some metrics will be missing from the reporter. Please add reporter before adding any new registry.
2023-02-28 20:10:11,639 [Listener at 127.0.0.1/38823] WARN  impl.MetricRegistriesImpl (MetricRegistriesImpl.java:addReporterRegistration(111)) - New reporters are added after registries were created. Some metrics will be missing from the reporter. Please add reporter before adding any new registry.
2023-02-28 20:10:11,639 [Listener at 127.0.0.1/38823] WARN  server.ServerUtils (ServerUtils.java:getDefaultRatisDirectory(237)) - Storage directory for Ratis is not configured. It is a good idea to map this to an SSD disk. Falling back to ozone.metadata.dirs
2023-02-28 20:10:11,641 [Listener at 127.0.0.1/38823] INFO  ratis.OzoneManagerRatisServer (OzoneManagerRatisServer.java:<init>(164)) - Instantiating OM Ratis server with groupID: om-service-test1 and peers: localhost:42807, localhost:36961, localhost:45543
2023-02-28 20:10:11,641 [Listener at 127.0.0.1/38823] INFO  ratis.OzoneManagerStateMachine (OzoneManagerStateMachine.java:loadSnapshotInfoFromDB(636)) - LastAppliedIndex is set from TransactionInfo from OM DB as (t:0, i:~)
2023-02-28 20:10:11,644 [Listener at 127.0.0.1/38823] INFO  server.RaftServer (ConfUtils.java:logGet(46)) - raft.rpc.type = GRPC (default)
2023-02-28 20:10:11,644 [Listener at 127.0.0.1/38823] INFO  grpc.GrpcConfigKeys (ConfUtils.java:logFallback(53)) - raft.grpc.admin.host = null (fallback to raft.grpc.server.host)
2023-02-28 20:10:11,644 [Listener at 127.0.0.1/38823] INFO  grpc.GrpcConfigKeys (ConfUtils.java:logFallback(53)) - raft.grpc.admin.port = 42807 (fallback to raft.grpc.server.port)
2023-02-28 20:10:11,644 [Listener at 127.0.0.1/38823] INFO  grpc.GrpcConfigKeys (ConfUtils.java:logFallback(53)) - raft.grpc.client.host = null (fallback to raft.grpc.server.host)
2023-02-28 20:10:11,644 [Listener at 127.0.0.1/38823] INFO  grpc.GrpcConfigKeys (ConfUtils.java:logFallback(53)) - raft.grpc.client.port = 42807 (fallback to raft.grpc.server.port)
2023-02-28 20:10:11,644 [Listener at 127.0.0.1/38823] INFO  grpc.GrpcConfigKeys (ConfUtils.java:logGet(46)) - raft.grpc.server.host = null (default)
2023-02-28 20:10:11,644 [Listener at 127.0.0.1/38823] INFO  grpc.GrpcConfigKeys (ConfUtils.java:logGet(46)) - raft.grpc.server.port = 42807 (custom)
2023-02-28 20:10:11,646 [Listener at 127.0.0.1/38823] INFO  server.GrpcService (ConfUtils.java:logGet(46)) - raft.grpc.message.size.max = 33554432 (custom)
2023-02-28 20:10:11,646 [Listener at 127.0.0.1/38823] INFO  server.RaftServerConfigKeys (ConfUtils.java:logGet(46)) - raft.server.log.appender.buffer.byte-limit = 33554432 (custom)
2023-02-28 20:10:11,646 [Listener at 127.0.0.1/38823] INFO  server.GrpcService (ConfUtils.java:logGet(46)) - raft.grpc.flow.control.window = 1MB (=1048576) (default)
2023-02-28 20:10:11,646 [Listener at 127.0.0.1/38823] INFO  server.RaftServerConfigKeys (ConfUtils.java:logGet(46)) - raft.server.rpc.request.timeout = 3000ms (default)
2023-02-28 20:10:11,646 [Listener at 127.0.0.1/38823] INFO  grpc.GrpcConfigKeys (ConfUtils.java:logGet(46)) - raft.grpc.server.heartbeat.channel = true (default)
2023-02-28 20:10:11,646 [Listener at 127.0.0.1/38823] INFO  grpc.GrpcConfigKeys (ConfUtils.java:logGet(46)) - raft.grpc.server.async.request.thread.pool.cached = true (default)
2023-02-28 20:10:11,647 [Listener at 127.0.0.1/38823] INFO  grpc.GrpcConfigKeys (ConfUtils.java:logGet(46)) - raft.grpc.server.async.request.thread.pool.size = 32 (default)
2023-02-28 20:10:11,648 [Listener at 127.0.0.1/38823] INFO  impl.DataStreamServerImpl (ConfUtils.java:logGet(46)) - raft.datastream.type = DISABLED (default)
2023-02-28 20:10:11,648 [Listener at 127.0.0.1/38823] INFO  server.RaftServerConfigKeys (ConfUtils.java:logGet(46)) - raft.server.threadpool.proxy.cached = true (default)
2023-02-28 20:10:11,648 [Listener at 127.0.0.1/38823] INFO  server.RaftServerConfigKeys (ConfUtils.java:logGet(46)) - raft.server.threadpool.proxy.size = 0 (default)
2023-02-28 20:10:11,648 [Listener at 127.0.0.1/38823] INFO  server.RaftServerConfigKeys (ConfUtils.java:logGet(46)) - raft.server.rpc.slowness.timeout = 2s (custom)
2023-02-28 20:10:11,649 [Listener at 127.0.0.1/38823] INFO  server.RaftServerConfigKeys (ConfUtils.java:logGet(46)) - raft.server.leaderelection.leader.step-down.wait-time = 10s (default)
2023-02-28 20:10:11,649 [Listener at 127.0.0.1/38823] INFO  server.RaftServerConfigKeys (ConfUtils.java:logGet(46)) - raft.server.storage.dir = [/home/runner/work/ozone/ozone/hadoop-ozone/integration-test/target/test-dir/MiniOzoneClusterImpl-9e11fa7e-4972-4825-87e7-ebdcd03a38ce/omNode-2/ratis] (custom)
2023-02-28 20:10:11,649 [Listener at 127.0.0.1/38823] INFO  server.RaftServer (RaftServerProxy.java:addNew(96)) - omNode-2: addNew group-523986131536:[omNode-3|rpc:localhost:36961|priority:0|startupRole:FOLLOWER, omNode-1|rpc:localhost:45543|priority:0|startupRole:FOLLOWER, omNode-2|rpc:localhost:42807|priority:0|startupRole:FOLLOWER] returns group-523986131536:java.util.concurrent.CompletableFuture@58be6170[Not completed]
2023-02-28 20:10:11,649 [pool-1345-thread-1] INFO  server.RaftServer$Division (RaftServerImpl.java:<init>(195)) - omNode-2: new RaftServerImpl for group-523986131536:[omNode-3|rpc:localhost:36961|priority:0|startupRole:FOLLOWER, omNode-1|rpc:localhost:45543|priority:0|startupRole:FOLLOWER, omNode-2|rpc:localhost:42807|priority:0|startupRole:FOLLOWER] with OzoneManagerStateMachine:uninitialized
2023-02-28 20:10:11,651 [Listener at 127.0.0.1/38823] INFO  om.OzoneManager (OzoneManager.java:initializeRatisServer(2094)) - OzoneManager Ratis server initialized at port 42807
2023-02-28 20:10:11,651 [pool-1345-thread-1] INFO  server.RaftServerConfigKeys (ConfUtils.java:logGet(46)) - raft.server.rpc.timeout.min = 1s (custom)
2023-02-28 20:10:11,651 [Listener at 127.0.0.1/38823] INFO  om.OzoneManager (OzoneManager.java:getRpcServer(1131)) - Creating RPC Server
2023-02-28 20:10:11,651 [pool-1345-thread-1] INFO  server.RaftServerConfigKeys (ConfUtils.java:logGet(46)) - raft.server.rpc.timeout.max = 1200ms (custom)
2023-02-28 20:10:11,651 [pool-1345-thread-1] INFO  server.RaftServerConfigKeys (ConfUtils.java:logGet(46)) - raft.server.rpc.sleep.time = 25ms (default)
2023-02-28 20:10:11,651 [pool-1345-thread-1] INFO  server.RaftServerConfigKeys (ConfUtils.java:logGet(46)) - raft.server.rpc.slowness.timeout = 2s (custom)
2023-02-28 20:10:11,651 [pool-1345-thread-1] INFO  server.RaftServerConfigKeys (ConfUtils.java:logGet(46)) - raft.server.leaderelection.leader.step-down.wait-time = 10s (default)
2023-02-28 20:10:11,651 [pool-1345-thread-1] INFO  server.RaftServerConfigKeys (ConfUtils.java:logGet(46)) - raft.server.sleep.deviation.threshold = 300ms (default)
2023-02-28 20:10:11,652 [pool-1345-thread-1] INFO  server.RaftServer$Division (ServerState.java:<init>(118)) - omNode-2@group-523986131536: ConfigurationManager, init=-1: peers:[omNode-3|rpc:localhost:36961|priority:0|startupRole:FOLLOWER, omNode-1|rpc:localhost:45543|priority:0|startupRole:FOLLOWER, omNode-2|rpc:localhost:42807|priority:0|startupRole:FOLLOWER]|listeners:[], old=null, confs=<EMPTY_MAP>
2023-02-28 20:10:11,652 [pool-1345-thread-1] INFO  server.RaftServerConfigKeys (ConfUtils.java:logGet(46)) - raft.server.storage.dir = [/home/runner/work/ozone/ozone/hadoop-ozone/integration-test/target/test-dir/MiniOzoneClusterImpl-9e11fa7e-4972-4825-87e7-ebdcd03a38ce/omNode-2/ratis] (custom)
2023-02-28 20:10:11,652 [pool-1345-thread-1] INFO  server.RaftServerConfigKeys (ConfUtils.java:logGet(46)) - raft.server.log.corruption.policy = EXCEPTION (default)
2023-02-28 20:10:11,652 [pool-1345-thread-1] INFO  server.RaftServerConfigKeys (ConfUtils.java:logGet(46)) - raft.server.storage.free-space.min = 0MB (=0) (default)
2023-02-28 20:10:11,652 [pool-1345-thread-1] INFO  server.RaftServerConfigKeys (ConfUtils.java:logGet(46)) - raft.server.notification.no-leader.timeout = 2s (custom)
2023-02-28 20:10:11,652 [pool-1345-thread-1] INFO  server.RaftServerConfigKeys (ConfUtils.java:logGet(46)) - raft.server.retrycache.expirytime = 300s (custom)
2023-02-28 20:10:11,652 [pool-1345-thread-1] INFO  server.RaftServerConfigKeys (ConfUtils.java:logGet(46)) - raft.server.retrycache.statistics.expirytime = 100μs (default)
2023-02-28 20:10:11,652 [pool-1345-thread-1] INFO  server.RaftServerConfigKeys (ConfUtils.java:logGet(46)) - raft.server.log.appender.install.snapshot.enabled = false (custom)
2023-02-28 20:10:11,652 [pool-1345-thread-1] INFO  server.RaftServerConfigKeys (ConfUtils.java:logGet(46)) - raft.server.threadpool.server.cached = true (default)
2023-02-28 20:10:11,652 [pool-1345-thread-1] INFO  server.RaftServerConfigKeys (ConfUtils.java:logGet(46)) - raft.server.threadpool.server.size = 0 (default)
2023-02-28 20:10:11,653 [pool-1345-thread-1] INFO  server.RaftServerConfigKeys (ConfUtils.java:logGet(46)) - raft.server.threadpool.client.cached = true (default)
2023-02-28 20:10:11,653 [pool-1345-thread-1] INFO  server.RaftServerConfigKeys (ConfUtils.java:logGet(46)) - raft.server.threadpool.client.size = 0 (default)
2023-02-28 20:10:11,993 [EndpointStateMachine task thread for /0.0.0.0:46809 - 0 ] INFO  ipc.Client (Client.java:handleConnectionFailure(1010)) - Retrying connect to server: 0.0.0.0/0.0.0.0:46809. Already tried 4 time(s); retry policy is RetryUpToMaximumCountWithFixedSleep(maxRetries=15, sleepTime=1000 MILLISECONDS)
2023-02-28 20:10:12,001 [Listener at 127.0.0.1/38823] INFO  reflections.Reflections (Reflections.java:scan(232)) - Reflections took 346 ms to scan 19 urls, producing 68 keys and 4869 values [using 2 cores]
2023-02-28 20:10:12,003 [Listener at 127.0.0.1/38823] INFO  ipc.CallQueueManager (CallQueueManager.java:<init>(90)) - Using callQueue: class java.util.concurrent.LinkedBlockingQueue, queueCapacity: 2000, scheduler: class org.apache.hadoop.ipc.DefaultRpcScheduler, ipcBackoff: false.
2023-02-28 20:10:12,003 [Socket Reader #1 for port 34541] INFO  ipc.Server (Server.java:run(1273)) - Starting Socket Reader #1 for port 34541
2023-02-28 20:10:12,021 [Listener at 127.0.0.1/34541] INFO  impl.MetricsSystemImpl (MetricsSystemImpl.java:init(158)) - OzoneManager metrics system started (again)
2023-02-28 20:10:12,031 [Listener at 127.0.0.1/34541] INFO  om.OzoneManager (OzoneManager.java:start(1551)) - OzoneManager RPC server is listening at localhost/127.0.0.1:34541
2023-02-28 20:10:12,031 [Listener at 127.0.0.1/34541] INFO  ratis.OzoneManagerRatisServer (OzoneManagerRatisServer.java:start(559)) - Starting OzoneManagerRatisServer omNode-2 at port 42807
2023-02-28 20:10:12,031 [omNode-2-impl-thread1] INFO  storage.RaftStorageDirectory (RaftStorageDirectoryImpl.java:analyzeStorage(137)) - The storage directory /home/runner/work/ozone/ozone/hadoop-ozone/integration-test/target/test-dir/MiniOzoneClusterImpl-9e11fa7e-4972-4825-87e7-ebdcd03a38ce/omNode-2/ratis/c9bc4cf4-3bc3-3c60-a66b-523986131536 does not exist. Creating ...
2023-02-28 20:10:12,032 [omNode-2-impl-thread1] INFO  storage.RaftStorageDirectory (RaftStorageDirectoryImpl.java:tryLock(231)) - Lock on /home/runner/work/ozone/ozone/hadoop-ozone/integration-test/target/test-dir/MiniOzoneClusterImpl-9e11fa7e-4972-4825-87e7-ebdcd03a38ce/omNode-2/ratis/c9bc4cf4-3bc3-3c60-a66b-523986131536/in_use.lock acquired by nodename 61155@fv-az399-334
2023-02-28 20:10:12,033 [omNode-2-impl-thread1] INFO  storage.RaftStorage (RaftStorageImpl.java:format(96)) - Storage directory /home/runner/work/ozone/ozone/hadoop-ozone/integration-test/target/test-dir/MiniOzoneClusterImpl-9e11fa7e-4972-4825-87e7-ebdcd03a38ce/omNode-2/ratis/c9bc4cf4-3bc3-3c60-a66b-523986131536 has been successfully formatted.
2023-02-28 20:10:12,033 [omNode-2-impl-thread1] INFO  server.RaftServerConfigKeys (ConfUtils.java:logGet(46)) - raft.server.log.use.memory = false (default)
2023-02-28 20:10:12,033 [omNode-2-impl-thread1] INFO  server.RaftServerConfigKeys (ConfUtils.java:logGet(46)) - raft.server.log.purge.gap = 1000000 (custom)
2023-02-28 20:10:12,033 [omNode-2-impl-thread1] INFO  server.RaftServerConfigKeys (ConfUtils.java:logGet(46)) - raft.server.log.appender.buffer.byte-limit = 33554432 (custom)
2023-02-28 20:10:12,034 [omNode-2-impl-thread1] INFO  server.RaftServerConfigKeys (ConfUtils.java:logGet(46)) - raft.server.log.statemachine.data.read.timeout = 1000ms (default)
2023-02-28 20:10:12,034 [omNode-2-impl-thread1] INFO  server.RaftServerConfigKeys (ConfUtils.java:logGet(46)) - raft.server.log.purge.preservation.log.num = 0 (default)
2023-02-28 20:10:12,034 [omNode-2-impl-thread1] INFO  server.RaftServerConfigKeys (ConfUtils.java:logGet(46)) - raft.server.log.segment.size.max = 4194304 (custom)
2023-02-28 20:10:12,034 [omNode-2-impl-thread1] INFO  server.RaftServerConfigKeys (ConfUtils.java:logGet(46)) - raft.server.log.segment.cache.num.max = 2 (custom)
2023-02-28 20:10:12,034 [omNode-2-impl-thread1] INFO  server.RaftServerConfigKeys (ConfUtils.java:logGet(46)) - raft.server.log.segment.cache.size.max = 200MB (=209715200) (default)
2023-02-28 20:10:12,034 [omNode-2-impl-thread1] INFO  segmented.SegmentedRaftLogWorker (SegmentedRaftLogWorker.java:<init>(189)) - new omNode-2@group-523986131536-SegmentedRaftLogWorker for RaftStorageImpl:Storage Directory /home/runner/work/ozone/ozone/hadoop-ozone/integration-test/target/test-dir/MiniOzoneClusterImpl-9e11fa7e-4972-4825-87e7-ebdcd03a38ce/omNode-2/ratis/c9bc4cf4-3bc3-3c60-a66b-523986131536
2023-02-28 20:10:12,034 [omNode-2-impl-thread1] INFO  server.RaftServerConfigKeys (ConfUtils.java:logGet(46)) - raft.server.log.queue.byte-limit = 64MB (=67108864) (default)
2023-02-28 20:10:12,034 [omNode-2-impl-thread1] INFO  server.RaftServerConfigKeys (ConfUtils.java:logGet(46)) - raft.server.log.queue.element-limit = 4096 (default)
2023-02-28 20:10:12,034 [omNode-2-impl-thread1] INFO  server.RaftServerConfigKeys (ConfUtils.java:logGet(46)) - raft.server.log.segment.size.max = 4194304 (custom)
2023-02-28 20:10:12,034 [omNode-2-impl-thread1] INFO  server.RaftServerConfigKeys (ConfUtils.java:logGet(46)) - raft.server.log.preallocated.size = 4194304 (custom)
2023-02-28 20:10:12,034 [omNode-2-impl-thread1] INFO  server.RaftServerConfigKeys (ConfUtils.java:logGet(46)) - raft.server.log.force.sync.num = 128 (default)
2023-02-28 20:10:12,034 [omNode-2-impl-thread1] INFO  server.RaftServerConfigKeys (ConfUtils.java:logGet(46)) - raft.server.log.statemachine.data.sync = true (default)
2023-02-28 20:10:12,034 [omNode-2-impl-thread1] INFO  server.RaftServerConfigKeys (ConfUtils.java:logGet(46)) - raft.server.log.statemachine.data.sync.timeout = 10s (default)
2023-02-28 20:10:12,034 [omNode-2-impl-thread1] INFO  server.RaftServerConfigKeys (ConfUtils.java:logGet(46)) - raft.server.log.statemachine.data.sync.timeout.retry = -1 (default)
2023-02-28 20:10:12,034 [omNode-2-impl-thread1] INFO  server.RaftServerConfigKeys (ConfUtils.java:logGet(46)) - raft.server.log.write.buffer.size = 64KB (=65536) (default)
2023-02-28 20:10:12,034 [omNode-2-impl-thread1] INFO  server.RaftServerConfigKeys (ConfUtils.java:logGet(46)) - raft.server.log.appender.buffer.byte-limit = 33554432 (custom)
2023-02-28 20:10:12,039 [omNode-2-impl-thread1] INFO  server.RaftServerConfigKeys (ConfUtils.java:logGet(46)) - raft.server.log.unsafe-flush.enabled = false (default)
2023-02-28 20:10:12,039 [omNode-2-impl-thread1] INFO  server.RaftServerConfigKeys (ConfUtils.java:logGet(46)) - raft.server.log.async-flush.enabled = false (default)
2023-02-28 20:10:12,039 [omNode-2-impl-thread1] INFO  server.RaftServerConfigKeys (ConfUtils.java:logGet(46)) - raft.server.log.statemachine.data.caching.enabled = false (default)
2023-02-28 20:10:12,040 [omNode-2-impl-thread1] INFO  segmented.SegmentedRaftLogWorker (SegmentedRaftLogWorker.java:lambda$new$0(135)) - omNode-2@group-523986131536-SegmentedRaftLogWorker: flushIndex: setUnconditionally 0 -> -1
2023-02-28 20:10:12,040 [omNode-2-impl-thread1] INFO  segmented.SegmentedRaftLogWorker (SegmentedRaftLogWorker.java:lambda$new$0(135)) - omNode-2@group-523986131536-SegmentedRaftLogWorker: safeCacheEvictIndex: setUnconditionally 0 -> -1
2023-02-28 20:10:12,040 [omNode-2-impl-thread1] INFO  server.RaftServer$Division (RaftServerImpl.java:start(334)) - omNode-2@group-523986131536: start as a follower, conf=-1: peers:[omNode-3|rpc:localhost:36961|priority:0|startupRole:FOLLOWER, omNode-1|rpc:localhost:45543|priority:0|startupRole:FOLLOWER, omNode-2|rpc:localhost:42807|priority:0|startupRole:FOLLOWER]|listeners:[], old=null
2023-02-28 20:10:12,040 [omNode-2-impl-thread1] INFO  server.RaftServer$Division (RaftServerImpl.java:setRole(321)) - omNode-2@group-523986131536: changes role from      null to FOLLOWER at term 0 for startAsFollower
2023-02-28 20:10:12,040 [omNode-2-impl-thread1] INFO  impl.RoleInfo (RoleInfo.java:updateAndGet(139)) - omNode-2: start omNode-2@group-523986131536-FollowerState
2023-02-28 20:10:12,040 [omNode-2-impl-thread1] INFO  util.JmxRegister (JmxRegister.java:tryRegister(44)) - Successfully registered JMX Bean with object name Ratis:service=RaftServer,group=group-523986131536,id=omNode-2
2023-02-28 20:10:12,040 [omNode-2@group-523986131536-FollowerState] INFO  server.RaftServerConfigKeys (ConfUtils.java:logFallback(53)) - raft.server.rpc.first-election.timeout.min = 1s (fallback to raft.server.rpc.timeout.min)
2023-02-28 20:10:12,040 [omNode-2-impl-thread1] INFO  server.RaftServerConfigKeys (ConfUtils.java:logGet(46)) - raft.server.snapshot.auto.trigger.enabled = true (custom)
2023-02-28 20:10:12,040 [omNode-2-impl-thread1] INFO  server.RaftServerConfigKeys (ConfUtils.java:logGet(46)) - raft.server.snapshot.auto.trigger.threshold = 400000 (default)
2023-02-28 20:10:12,040 [omNode-2-impl-thread1] INFO  server.RaftServerConfigKeys (ConfUtils.java:logGet(46)) - raft.server.snapshot.retention.file.num = -1 (default)
2023-02-28 20:10:12,040 [omNode-2-impl-thread1] INFO  server.RaftServerConfigKeys (ConfUtils.java:logGet(46)) - raft.server.log.purge.upto.snapshot.index = true (custom)
2023-02-28 20:10:12,041 [Listener at 127.0.0.1/34541] INFO  server.RaftServer (RaftServerProxy.java:startImpl(393)) - omNode-2: start RPC server
2023-02-28 20:10:12,042 [omNode-2@group-523986131536-FollowerState] INFO  server.RaftServerConfigKeys (ConfUtils.java:logFallback(53)) - raft.server.rpc.first-election.timeout.max = 1200ms (fallback to raft.server.rpc.timeout.max)
2023-02-28 20:10:12,044 [Listener at 127.0.0.1/34541] INFO  server.GrpcService (GrpcService.java:startImpl(262)) - omNode-2: GrpcService started, listening on 42807
2023-02-28 20:10:12,044 [Listener at 127.0.0.1/34541] INFO  om.OzoneManager (OzoneManager.java:start(1567)) - Version File has different layout version (3) than OM DB (null). That is expected if this OM has never been finalized to a newer layout version.
2023-02-28 20:10:12,044 [JvmPauseMonitor13] INFO  util.JvmPauseMonitor (JvmPauseMonitor.java:run(105)) - JvmPauseMonitor-omNode-2: Started
2023-02-28 20:10:12,050 [Listener at 127.0.0.1/34541] INFO  http.BaseHttpServer (BaseHttpServer.java:newHttpServer2BuilderForOzone(213)) - Starting Web-server for ozoneManager at: http://0.0.0.0:35243
2023-02-28 20:10:12,050 [Listener at 127.0.0.1/34541] INFO  http.BaseHttpServer (BaseHttpServer.java:<init>(108)) - Hadoop Security Enabled: false Ozone Security Enabled: false Ozone HTTP Security Enabled: false 
2023-02-28 20:10:12,051 [Listener at 127.0.0.1/34541] WARN  server.AuthenticationFilter (AuthenticationFilter.java:constructSecretProvider(240)) - Unable to initialize FileSignerSecretProvider, falling back to use random secrets. Reason: Could not read signature secret file: /home/runner/hadoop-http-auth-signature-secret
2023-02-28 20:10:12,052 [Listener at 127.0.0.1/34541] WARN  http.HttpRequestLog (HttpRequestLog.java:getRequestLog(103)) - Jetty request log can only be enabled using Log4j
2023-02-28 20:10:12,059 [Listener at 127.0.0.1/34541] INFO  http.HttpServer2 (HttpServer2.java:addGlobalFilter(1031)) - Added global filter 'safety' (class=org.apache.hadoop.hdds.server.http.HttpServer2$QuotingInputFilter)
2023-02-28 20:10:12,060 [Listener at 127.0.0.1/34541] INFO  http.HttpServer2 (HttpServer2.java:addFilter(1007)) - Added filter static_user_filter (class=org.apache.hadoop.http.lib.StaticUserWebFilter$StaticUserFilter) to context ozoneManager
2023-02-28 20:10:12,060 [Listener at 127.0.0.1/34541] INFO  http.HttpServer2 (HttpServer2.java:addFilter(1015)) - Added filter static_user_filter (class=org.apache.hadoop.http.lib.StaticUserWebFilter$StaticUserFilter) to context logs
2023-02-28 20:10:12,060 [Listener at 127.0.0.1/34541] INFO  http.HttpServer2 (HttpServer2.java:addFilter(1015)) - Added filter static_user_filter (class=org.apache.hadoop.http.lib.StaticUserWebFilter$StaticUserFilter) to context static
2023-02-28 20:10:12,060 [Listener at 127.0.0.1/34541] INFO  http.HttpServer2 (HttpServer2.java:bindListener(1250)) - Jetty bound to port 35243
2023-02-28 20:10:12,061 [Listener at 127.0.0.1/34541] INFO  server.Server (Server.java:doStart(375)) - jetty-9.4.49.v20220914; built: 2022-09-14T01:07:36.601Z; git: 4231a3b2e4cb8548a412a789936d640a97b1aa0a; jvm 1.8.0_362-b09
2023-02-28 20:10:12,062 [Listener at 127.0.0.1/34541] INFO  server.session (DefaultSessionIdManager.java:doStart(334)) - DefaultSessionIdManager workerName=node0
2023-02-28 20:10:12,062 [Listener at 127.0.0.1/34541] INFO  server.session (DefaultSessionIdManager.java:doStart(339)) - No SessionScavenger set, using defaults
2023-02-28 20:10:12,063 [Listener at 127.0.0.1/34541] INFO  server.session (HouseKeeper.java:startScavenging(132)) - node0 Scavenging every 600000ms
2023-02-28 20:10:12,064 [Listener at 127.0.0.1/34541] INFO  handler.ContextHandler (ContextHandler.java:doStart(921)) - Started o.e.j.s.ServletContextHandler@73c74b67{logs,/logs,file:///home/runner/work/ozone/ozone/hadoop-ozone/integration-test/target/log,AVAILABLE}
2023-02-28 20:10:12,064 [Listener at 127.0.0.1/34541] INFO  handler.ContextHandler (ContextHandler.java:doStart(921)) - Started o.e.j.s.ServletContextHandler@100f2694{static,/static,file:///home/runner/work/ozone/ozone/hadoop-ozone/integration-test/target/test-classes/webapps/static,AVAILABLE}
2023-02-28 20:10:12,067 [Listener at 127.0.0.1/34541] INFO  handler.ContextHandler (ContextHandler.java:doStart(921)) - Started o.e.j.w.WebAppContext@340d7d7d{ozoneManager,/,file:///home/runner/work/ozone/ozone/hadoop-ozone/integration-test/target/test-classes/webapps/ozoneManager/,AVAILABLE}{file:/home/runner/work/ozone/ozone/hadoop-ozone/integration-test/target/test-classes/webapps/ozoneManager}
2023-02-28 20:10:12,068 [Listener at 127.0.0.1/34541] INFO  server.AbstractConnector (AbstractConnector.java:doStart(333)) - Started ServerConnector@5acd7897{HTTP/1.1, (http/1.1)}{0.0.0.0:35243}
2023-02-28 20:10:12,068 [Listener at 127.0.0.1/34541] INFO  server.Server (Server.java:doStart(415)) - Started @120753ms
2023-02-28 20:10:12,068 [Listener at 127.0.0.1/34541] WARN  impl.MetricsSystemImpl (MetricsSystemImpl.java:register(279)) - Sink prometheus already exists!
2023-02-28 20:10:12,069 [Listener at 127.0.0.1/34541] INFO  http.BaseHttpServer (BaseHttpServer.java:updateConnectorAddress(333)) - HTTP server of ozoneManager listening at http://0.0.0.0:35243
2023-02-28 20:10:12,070 [IPC Server Responder] INFO  ipc.Server (Server.java:run(1512)) - IPC Server Responder: starting
2023-02-28 20:10:12,072 [IPC Server listener on 34541] INFO  ipc.Server (Server.java:run(1352)) - IPC Server listener on 34541: starting
2023-02-28 20:10:12,073 [Listener at 127.0.0.1/34541] INFO  om.OzoneManager (OzoneManager.java:startTrashEmptier(2038)) - Trash Interval set to 0. Files deleted won't move to trash
2023-02-28 20:10:12,074 [Listener at 127.0.0.1/34541] INFO  ozone.MiniOzoneHAClusterImpl (MiniOzoneHAClusterImpl.java:createOMService(527)) - Started OzoneManager omNode-2 RPC server at localhost/127.0.0.1:34541
2023-02-28 20:10:12,079 [org.apache.hadoop.util.JvmPauseMonitor$Monitor@1c5fe9b7] INFO  util.JvmPauseMonitor (JvmPauseMonitor.java:run(188)) - Starting JVM pause monitor
2023-02-28 20:10:12,080 [Listener at 127.0.0.1/34541] INFO  ha.OMHANodeDetails (OMHANodeDetails.java:loadOMHAConfig(121)) - ServiceID for OzoneManager is om-service-test1
2023-02-28 20:10:12,080 [Listener at 127.0.0.1/34541] INFO  ha.OMHANodeDetails (OMHANodeDetails.java:loadOMHAConfig(201)) - Found matching OM address with OMServiceId: om-service-test1, OMNodeId: omNode-3, RPC Address: localhost:35937 and Ratis port: 36961
2023-02-28 20:10:12,080 [Listener at 127.0.0.1/34541] INFO  ha.OMHANodeDetails (ConfUtils.java:setNodeSpecificConfigs(97)) - Setting configuration key ozone.om.http-address with value of key ozone.om.http-address.om-service-test1.omNode-3: 127.0.0.1:39857
2023-02-28 20:10:12,082 [Listener at 127.0.0.1/34541] INFO  ha.OMHANodeDetails (ConfUtils.java:setNodeSpecificConfigs(97)) - Setting configuration key ozone.om.https-address with value of key ozone.om.https-address.om-service-test1.omNode-3: 127.0.0.1:37995
2023-02-28 20:10:12,082 [Listener at 127.0.0.1/34541] INFO  ha.OMHANodeDetails (ConfUtils.java:setNodeSpecificConfigs(97)) - Setting configuration key ozone.om.address with value of key ozone.om.address.om-service-test1.omNode-3: 127.0.0.1:35937
2023-02-28 20:10:12,082 [Listener at 127.0.0.1/34541] WARN  server.ServerUtils (ServerUtils.java:getDBPath(225)) - ozone.om.db.dirs is not configured. We recommend adding this setting. Falling back to ozone.metadata.dirs instead.
2023-02-28 20:10:12,083 [Listener at 127.0.0.1/34541] INFO  proxy.SCMBlockLocationFailoverProxyProvider (SCMBlockLocationFailoverProxyProvider.java:<init>(114)) - Created block location fail-over proxy with 1 nodes: [nodeId=scmNodeId,nodeAddress=/0.0.0.0:32933]
OM initialization succeeded.Current cluster id for sd=/home/runner/work/ozone/ozone/hadoop-ozone/integration-test/target/test-dir/MiniOzoneClusterImpl-9e11fa7e-4972-4825-87e7-ebdcd03a38ce/omNode-3/om;cid=9e11fa7e-4972-4825-87e7-ebdcd03a38ce;layoutVersion=3
2023-02-28 20:10:12,094 [Listener at 127.0.0.1/34541] INFO  ha.OMHANodeDetails (OMHANodeDetails.java:loadOMHAConfig(121)) - ServiceID for OzoneManager is om-service-test1
2023-02-28 20:10:12,094 [Listener at 127.0.0.1/34541] INFO  ha.OMHANodeDetails (OMHANodeDetails.java:loadOMHAConfig(201)) - Found matching OM address with OMServiceId: om-service-test1, OMNodeId: omNode-3, RPC Address: localhost:35937 and Ratis port: 36961
2023-02-28 20:10:12,094 [Listener at 127.0.0.1/34541] INFO  ha.OMHANodeDetails (ConfUtils.java:setNodeSpecificConfigs(97)) - Setting configuration key ozone.om.http-address with value of key ozone.om.http-address.om-service-test1.omNode-3: 127.0.0.1:39857
2023-02-28 20:10:12,094 [Listener at 127.0.0.1/34541] INFO  ha.OMHANodeDetails (ConfUtils.java:setNodeSpecificConfigs(97)) - Setting configuration key ozone.om.https-address with value of key ozone.om.https-address.om-service-test1.omNode-3: 127.0.0.1:37995
2023-02-28 20:10:12,094 [Listener at 127.0.0.1/34541] INFO  ha.OMHANodeDetails (ConfUtils.java:setNodeSpecificConfigs(97)) - Setting configuration key ozone.om.address with value of key ozone.om.address.om-service-test1.omNode-3: 127.0.0.1:35937
2023-02-28 20:10:12,094 [Listener at 127.0.0.1/34541] WARN  server.ServerUtils (ServerUtils.java:getDBPath(225)) - ozone.om.db.dirs is not configured. We recommend adding this setting. Falling back to ozone.metadata.dirs instead.
2023-02-28 20:10:12,096 [Listener at 127.0.0.1/34541] INFO  upgrade.AbstractLayoutVersionManager (AbstractLayoutVersionManager.java:init(83)) - Initializing Layout version manager with metadata layout = MULTITENANCY_SCHEMA (version = 3), software layout = MULTITENANCY_SCHEMA (version = 3)
2023-02-28 20:10:12,159 [Listener at 127.0.0.1/34541] INFO  reflections.Reflections (Reflections.java:scan(232)) - Reflections took 62 ms to scan 2 urls, producing 167 keys and 459 values [using 2 cores]
2023-02-28 20:10:12,159 [Listener at 127.0.0.1/34541] INFO  upgrade.OMLayoutVersionManager (OMLayoutVersionManager.java:lambda$0(115)) - Skipping Upgrade Action MockOmUpgradeAction since it has been finalized.
2023-02-28 20:10:12,159 [Listener at 127.0.0.1/34541] WARN  server.ServerUtils (ServerUtils.java:getDBPath(225)) - ozone.om.db.dirs is not configured. We recommend adding this setting. Falling back to ozone.metadata.dirs instead.
2023-02-28 20:10:12,160 [Listener at 127.0.0.1/34541] INFO  proxy.SCMBlockLocationFailoverProxyProvider (SCMBlockLocationFailoverProxyProvider.java:<init>(114)) - Created block location fail-over proxy with 1 nodes: [nodeId=scmNodeId,nodeAddress=/0.0.0.0:32933]
2023-02-28 20:10:12,161 [Listener at 127.0.0.1/34541] INFO  proxy.SCMBlockLocationFailoverProxyProvider (SCMBlockLocationFailoverProxyProvider.java:<init>(114)) - Created block location fail-over proxy with 1 nodes: [nodeId=scmNodeId,nodeAddress=/0.0.0.0:32933]
2023-02-28 20:10:12,166 [Listener at 127.0.0.1/34541] INFO  om.OzoneManager (OzoneManager.java:<init>(618)) - OM start with adminUsers: [runner]
2023-02-28 20:10:12,169 [Listener at 127.0.0.1/34541] WARN  server.ServerUtils (ServerUtils.java:getDBPath(225)) - ozone.om.db.dirs is not configured. We recommend adding this setting. Falling back to ozone.metadata.dirs instead.
2023-02-28 20:10:12,170 [Listener at 127.0.0.1/34541] INFO  codec.OmKeyInfoCodec (OmKeyInfoCodec.java:<init>(49)) - OmKeyInfoCodec ignorePipeline = true
2023-02-28 20:10:12,170 [Listener at 127.0.0.1/34541] INFO  codec.RepeatedOmKeyInfoCodec (RepeatedOmKeyInfoCodec.java:<init>(41)) - RepeatedOmKeyInfoCodec ignorePipeline = true
2023-02-28 20:10:12,320 [Listener at 127.0.0.1/34541] INFO  om.OzoneManager (OzoneManager.java:instantiateServices(748)) - S3 Multi-Tenancy is disabled
2023-02-28 20:10:12,320 [Listener at 127.0.0.1/34541] WARN  server.ServerUtils (ServerUtils.java:getDBPath(225)) - ozone.om.snapshot.diff.db.dir is not configured. We recommend adding this setting. Falling back to ozone.metadata.dirs instead.
2023-02-28 20:10:12,337 [Listener at 127.0.0.1/34541] INFO  om.OzoneManager (OzoneManager.java:addS3GVolumeToDB(4215)) - Created Volume s3v With Owner runner required for S3Gateway operations.
2023-02-28 20:10:12,338 [Listener at 127.0.0.1/34541] WARN  server.ServerUtils (ServerUtils.java:getDefaultRatisDirectory(237)) - Storage directory for Ratis is not configured. It is a good idea to map this to an SSD disk. Falling back to ozone.metadata.dirs
2023-02-28 20:10:12,338 [Listener at 127.0.0.1/34541] WARN  utils.OzoneManagerRatisUtils (OzoneManagerRatisUtils.java:getOMRatisSnapshotDirectory(436)) - ozone.om.ratis.snapshot.dir is not configured. Falling back to ozone.metadata.dirs config
2023-02-28 20:10:12,338 [Listener at 127.0.0.1/34541] INFO  snapshot.OzoneManagerSnapshotProvider (OzoneManagerSnapshotProvider.java:<init>(76)) - Initializing OM Snapshot Provider
2023-02-28 20:10:12,339 [Listener at 127.0.0.1/34541] WARN  impl.MetricRegistriesImpl (MetricRegistriesImpl.java:addReporterRegistration(111)) - New reporters are added after registries were created. Some metrics will be missing from the reporter. Please add reporter before adding any new registry.
2023-02-28 20:10:12,339 [Listener at 127.0.0.1/34541] WARN  impl.MetricRegistriesImpl (MetricRegistriesImpl.java:addReporterRegistration(111)) - New reporters are added after registries were created. Some metrics will be missing from the reporter. Please add reporter before adding any new registry.
2023-02-28 20:10:12,340 [Listener at 127.0.0.1/34541] WARN  server.ServerUtils (ServerUtils.java:getDefaultRatisDirectory(237)) - Storage directory for Ratis is not configured. It is a good idea to map this to an SSD disk. Falling back to ozone.metadata.dirs
2023-02-28 20:10:12,341 [Listener at 127.0.0.1/34541] INFO  ratis.OzoneManagerRatisServer (OzoneManagerRatisServer.java:<init>(164)) - Instantiating OM Ratis server with groupID: om-service-test1 and peers: localhost:36961, localhost:45543, localhost:42807
2023-02-28 20:10:12,341 [Listener at 127.0.0.1/34541] INFO  ratis.OzoneManagerStateMachine (OzoneManagerStateMachine.java:loadSnapshotInfoFromDB(636)) - LastAppliedIndex is set from TransactionInfo from OM DB as (t:0, i:~)
2023-02-28 20:10:12,343 [Listener at 127.0.0.1/34541] INFO  server.RaftServer (ConfUtils.java:logGet(46)) - raft.rpc.type = GRPC (default)
2023-02-28 20:10:12,343 [Listener at 127.0.0.1/34541] INFO  grpc.GrpcConfigKeys (ConfUtils.java:logFallback(53)) - raft.grpc.admin.host = null (fallback to raft.grpc.server.host)
2023-02-28 20:10:12,343 [Listener at 127.0.0.1/34541] INFO  grpc.GrpcConfigKeys (ConfUtils.java:logFallback(53)) - raft.grpc.admin.port = 36961 (fallback to raft.grpc.server.port)
2023-02-28 20:10:12,343 [Listener at 127.0.0.1/34541] INFO  grpc.GrpcConfigKeys (ConfUtils.java:logFallback(53)) - raft.grpc.client.host = null (fallback to raft.grpc.server.host)
2023-02-28 20:10:12,344 [Listener at 127.0.0.1/34541] INFO  grpc.GrpcConfigKeys (ConfUtils.java:logFallback(53)) - raft.grpc.client.port = 36961 (fallback to raft.grpc.server.port)
2023-02-28 20:10:12,344 [Listener at 127.0.0.1/34541] INFO  grpc.GrpcConfigKeys (ConfUtils.java:logGet(46)) - raft.grpc.server.host = null (default)
2023-02-28 20:10:12,344 [Listener at 127.0.0.1/34541] INFO  grpc.GrpcConfigKeys (ConfUtils.java:logGet(46)) - raft.grpc.server.port = 36961 (custom)
2023-02-28 20:10:12,344 [Listener at 127.0.0.1/34541] INFO  server.GrpcService (ConfUtils.java:logGet(46)) - raft.grpc.message.size.max = 33554432 (custom)
2023-02-28 20:10:12,344 [Listener at 127.0.0.1/34541] INFO  server.RaftServerConfigKeys (ConfUtils.java:logGet(46)) - raft.server.log.appender.buffer.byte-limit = 33554432 (custom)
2023-02-28 20:10:12,344 [Listener at 127.0.0.1/34541] INFO  server.GrpcService (ConfUtils.java:logGet(46)) - raft.grpc.flow.control.window = 1MB (=1048576) (default)
2023-02-28 20:10:12,344 [Listener at 127.0.0.1/34541] INFO  server.RaftServerConfigKeys (ConfUtils.java:logGet(46)) - raft.server.rpc.request.timeout = 3000ms (default)
2023-02-28 20:10:12,345 [Listener at 127.0.0.1/34541] INFO  grpc.GrpcConfigKeys (ConfUtils.java:logGet(46)) - raft.grpc.server.heartbeat.channel = true (default)
2023-02-28 20:10:12,345 [Listener at 127.0.0.1/34541] INFO  grpc.GrpcConfigKeys (ConfUtils.java:logGet(46)) - raft.grpc.server.async.request.thread.pool.cached = true (default)
2023-02-28 20:10:12,345 [Listener at 127.0.0.1/34541] INFO  grpc.GrpcConfigKeys (ConfUtils.java:logGet(46)) - raft.grpc.server.async.request.thread.pool.size = 32 (default)
2023-02-28 20:10:12,346 [Listener at 127.0.0.1/34541] INFO  impl.DataStreamServerImpl (ConfUtils.java:logGet(46)) - raft.datastream.type = DISABLED (default)
2023-02-28 20:10:12,346 [Listener at 127.0.0.1/34541] INFO  server.RaftServerConfigKeys (ConfUtils.java:logGet(46)) - raft.server.threadpool.proxy.cached = true (default)
2023-02-28 20:10:12,346 [Listener at 127.0.0.1/34541] INFO  server.RaftServerConfigKeys (ConfUtils.java:logGet(46)) - raft.server.threadpool.proxy.size = 0 (default)
2023-02-28 20:10:12,346 [Listener at 127.0.0.1/34541] INFO  server.RaftServerConfigKeys (ConfUtils.java:logGet(46)) - raft.server.rpc.slowness.timeout = 2s (custom)
2023-02-28 20:10:12,347 [Listener at 127.0.0.1/34541] INFO  server.RaftServerConfigKeys (ConfUtils.java:logGet(46)) - raft.server.leaderelection.leader.step-down.wait-time = 10s (default)
2023-02-28 20:10:12,347 [Listener at 127.0.0.1/34541] INFO  server.RaftServerConfigKeys (ConfUtils.java:logGet(46)) - raft.server.storage.dir = [/home/runner/work/ozone/ozone/hadoop-ozone/integration-test/target/test-dir/MiniOzoneClusterImpl-9e11fa7e-4972-4825-87e7-ebdcd03a38ce/omNode-3/ratis] (custom)
2023-02-28 20:10:12,349 [Listener at 127.0.0.1/34541] INFO  server.RaftServer (RaftServerProxy.java:addNew(96)) - omNode-3: addNew group-523986131536:[omNode-3|rpc:localhost:36961|priority:0|startupRole:FOLLOWER, omNode-1|rpc:localhost:45543|priority:0|startupRole:FOLLOWER, omNode-2|rpc:localhost:42807|priority:0|startupRole:FOLLOWER] returns group-523986131536:java.util.concurrent.CompletableFuture@3994d744[Not completed]
2023-02-28 20:10:12,349 [Listener at 127.0.0.1/34541] INFO  om.OzoneManager (OzoneManager.java:initializeRatisServer(2094)) - OzoneManager Ratis server initialized at port 36961
2023-02-28 20:10:12,349 [pool-1372-thread-1] INFO  server.RaftServer$Division (RaftServerImpl.java:<init>(195)) - omNode-3: new RaftServerImpl for group-523986131536:[omNode-3|rpc:localhost:36961|priority:0|startupRole:FOLLOWER, omNode-1|rpc:localhost:45543|priority:0|startupRole:FOLLOWER, omNode-2|rpc:localhost:42807|priority:0|startupRole:FOLLOWER] with OzoneManagerStateMachine:uninitialized
2023-02-28 20:10:12,349 [Listener at 127.0.0.1/34541] INFO  om.OzoneManager (OzoneManager.java:getRpcServer(1131)) - Creating RPC Server
2023-02-28 20:10:12,349 [pool-1372-thread-1] INFO  server.RaftServerConfigKeys (ConfUtils.java:logGet(46)) - raft.server.rpc.timeout.min = 1s (custom)
2023-02-28 20:10:12,350 [pool-1372-thread-1] INFO  server.RaftServerConfigKeys (ConfUtils.java:logGet(46)) - raft.server.rpc.timeout.max = 1200ms (custom)
2023-02-28 20:10:12,350 [pool-1372-thread-1] INFO  server.RaftServerConfigKeys (ConfUtils.java:logGet(46)) - raft.server.rpc.sleep.time = 25ms (default)
2023-02-28 20:10:12,350 [pool-1372-thread-1] INFO  server.RaftServerConfigKeys (ConfUtils.java:logGet(46)) - raft.server.rpc.slowness.timeout = 2s (custom)
2023-02-28 20:10:12,350 [pool-1372-thread-1] INFO  server.RaftServerConfigKeys (ConfUtils.java:logGet(46)) - raft.server.leaderelection.leader.step-down.wait-time = 10s (default)
2023-02-28 20:10:12,350 [pool-1372-thread-1] INFO  server.RaftServerConfigKeys (ConfUtils.java:logGet(46)) - raft.server.sleep.deviation.threshold = 300ms (default)
2023-02-28 20:10:12,350 [pool-1372-thread-1] INFO  server.RaftServer$Division (ServerState.java:<init>(118)) - omNode-3@group-523986131536: ConfigurationManager, init=-1: peers:[omNode-3|rpc:localhost:36961|priority:0|startupRole:FOLLOWER, omNode-1|rpc:localhost:45543|priority:0|startupRole:FOLLOWER, omNode-2|rpc:localhost:42807|priority:0|startupRole:FOLLOWER]|listeners:[], old=null, confs=<EMPTY_MAP>
2023-02-28 20:10:12,350 [pool-1372-thread-1] INFO  server.RaftServerConfigKeys (ConfUtils.java:logGet(46)) - raft.server.storage.dir = [/home/runner/work/ozone/ozone/hadoop-ozone/integration-test/target/test-dir/MiniOzoneClusterImpl-9e11fa7e-4972-4825-87e7-ebdcd03a38ce/omNode-3/ratis] (custom)
2023-02-28 20:10:12,350 [pool-1372-thread-1] INFO  server.RaftServerConfigKeys (ConfUtils.java:logGet(46)) - raft.server.log.corruption.policy = EXCEPTION (default)
2023-02-28 20:10:12,350 [pool-1372-thread-1] INFO  server.RaftServerConfigKeys (ConfUtils.java:logGet(46)) - raft.server.storage.free-space.min = 0MB (=0) (default)
2023-02-28 20:10:12,350 [pool-1372-thread-1] INFO  server.RaftServerConfigKeys (ConfUtils.java:logGet(46)) - raft.server.notification.no-leader.timeout = 2s (custom)
2023-02-28 20:10:12,350 [pool-1372-thread-1] INFO  server.RaftServerConfigKeys (ConfUtils.java:logGet(46)) - raft.server.retrycache.expirytime = 300s (custom)
2023-02-28 20:10:12,350 [pool-1372-thread-1] INFO  server.RaftServerConfigKeys (ConfUtils.java:logGet(46)) - raft.server.retrycache.statistics.expirytime = 100μs (default)
2023-02-28 20:10:12,351 [pool-1372-thread-1] INFO  server.RaftServerConfigKeys (ConfUtils.java:logGet(46)) - raft.server.log.appender.install.snapshot.enabled = false (custom)
2023-02-28 20:10:12,351 [pool-1372-thread-1] INFO  server.RaftServerConfigKeys (ConfUtils.java:logGet(46)) - raft.server.threadpool.server.cached = true (default)
2023-02-28 20:10:12,351 [pool-1372-thread-1] INFO  server.RaftServerConfigKeys (ConfUtils.java:logGet(46)) - raft.server.threadpool.server.size = 0 (default)
2023-02-28 20:10:12,351 [pool-1372-thread-1] INFO  server.RaftServerConfigKeys (ConfUtils.java:logGet(46)) - raft.server.threadpool.client.cached = true (default)
2023-02-28 20:10:12,351 [pool-1372-thread-1] INFO  server.RaftServerConfigKeys (ConfUtils.java:logGet(46)) - raft.server.threadpool.client.size = 0 (default)
2023-02-28 20:10:12,447 [omNode-1@group-523986131536-FollowerState] INFO  impl.FollowerState (FollowerState.java:run(143)) - omNode-1@group-523986131536-FollowerState: change to CANDIDATE, lastRpcElapsedTime:1095560838ns, electionTimeout:1095ms
2023-02-28 20:10:12,448 [omNode-1@group-523986131536-FollowerState] INFO  impl.RoleInfo (RoleInfo.java:shutdownFollowerState(110)) - omNode-1: shutdown omNode-1@group-523986131536-FollowerState
2023-02-28 20:10:12,448 [omNode-1@group-523986131536-FollowerState] INFO  server.RaftServer$Division (RaftServerImpl.java:setRole(321)) - omNode-1@group-523986131536: changes role from  FOLLOWER to CANDIDATE at term 0 for changeToCandidate
2023-02-28 20:10:12,448 [omNode-1@group-523986131536-FollowerState] INFO  server.RaftServerConfigKeys (ConfUtils.java:logGet(46)) - raft.server.leaderelection.pre-vote = true (default)
2023-02-28 20:10:12,448 [omNode-1@group-523986131536-FollowerState] INFO  impl.RoleInfo (RoleInfo.java:updateAndGet(139)) - omNode-1: start omNode-1@group-523986131536-LeaderElection16
2023-02-28 20:10:12,459 [omNode-1@group-523986131536-LeaderElection16] INFO  impl.LeaderElection (LeaderElection.java:askForVotes(312)) - omNode-1@group-523986131536-LeaderElection16 PRE_VOTE round 0: submit vote requests at term 0 for -1: peers:[omNode-3|rpc:localhost:36961|priority:0|startupRole:FOLLOWER, omNode-1|rpc:localhost:45543|priority:0|startupRole:FOLLOWER, omNode-2|rpc:localhost:42807|priority:0|startupRole:FOLLOWER]|listeners:[], old=null
2023-02-28 20:10:12,468 [omNode-1@group-523986131536-LeaderElection16-1] INFO  server.GrpcServerProtocolClient (GrpcServerProtocolClient.java:<init>(63)) - Build channel for omNode-3
2023-02-28 20:10:12,471 [omNode-1@group-523986131536-LeaderElection16] INFO  server.RaftServerConfigKeys (ConfUtils.java:logFallback(53)) - raft.server.rpc.first-election.timeout.min = 1s (fallback to raft.server.rpc.timeout.min)
2023-02-28 20:10:12,471 [omNode-1@group-523986131536-LeaderElection16] INFO  server.RaftServerConfigKeys (ConfUtils.java:logFallback(53)) - raft.server.rpc.first-election.timeout.max = 1200ms (fallback to raft.server.rpc.timeout.max)
2023-02-28 20:10:12,472 [omNode-1@group-523986131536-LeaderElection16-2] INFO  server.GrpcServerProtocolClient (GrpcServerProtocolClient.java:<init>(63)) - Build channel for omNode-2
2023-02-28 20:10:12,478 [omNode-1@group-523986131536-LeaderElection16] INFO  impl.LeaderElection (LogUtils.java:infoOrTrace(137)) - omNode-1@group-523986131536-LeaderElection16 got exception when requesting votes: java.util.concurrent.ExecutionException: org.apache.ratis.thirdparty.io.grpc.StatusRuntimeException: UNAVAILABLE: io exception
2023-02-28 20:10:12,480 [grpc-default-executor-3] INFO  server.RaftServer$Division (RaftServerImpl.java:requestVote(1218)) - omNode-2@group-523986131536: receive requestVote(PRE_VOTE, omNode-1, group-523986131536, 0, (t:0, i:~))
2023-02-28 20:10:12,481 [grpc-default-executor-3] INFO  impl.VoteContext (VoteContext.java:log(49)) - omNode-2@group-523986131536-FOLLOWER: accept PRE_VOTE from omNode-1: our priority 0 <= candidate's priority 0
2023-02-28 20:10:12,481 [grpc-default-executor-3] INFO  server.RaftServer$Division (RaftServerImpl.java:requestVote(1251)) - omNode-2@group-523986131536 replies to PRE_VOTE vote request: omNode-1<-omNode-2#0:OK-t0. Peer's state: omNode-2@group-523986131536:t0, leader=null, voted=, raftlog=Memoized:omNode-2@group-523986131536-SegmentedRaftLog:OPENED:c-1, conf=-1: peers:[omNode-3|rpc:localhost:36961|priority:0|startupRole:FOLLOWER, omNode-1|rpc:localhost:45543|priority:0|startupRole:FOLLOWER, omNode-2|rpc:localhost:42807|priority:0|startupRole:FOLLOWER]|listeners:[], old=null
2023-02-28 20:10:12,482 [omNode-1@group-523986131536-LeaderElection16] INFO  impl.LeaderElection (LeaderElection.java:logAndReturn(90)) - omNode-1@group-523986131536-LeaderElection16: PRE_VOTE PASSED received 1 response(s) and 1 exception(s):
2023-02-28 20:10:12,482 [omNode-1@group-523986131536-LeaderElection16] INFO  impl.LeaderElection (LeaderElection.java:logAndReturn(94)) -   Response 0: omNode-1<-omNode-2#0:OK-t0
2023-02-28 20:10:12,482 [omNode-1@group-523986131536-LeaderElection16] INFO  impl.LeaderElection (LogUtils.java:infoOrTrace(137)) -   Exception 1: java.util.concurrent.ExecutionException: org.apache.ratis.thirdparty.io.grpc.StatusRuntimeException: UNAVAILABLE: io exception
2023-02-28 20:10:12,482 [omNode-1@group-523986131536-LeaderElection16] INFO  impl.LeaderElection (LeaderElection.java:askForVotes(314)) - omNode-1@group-523986131536-LeaderElection16 PRE_VOTE round 0: result PASSED
2023-02-28 20:10:12,492 [omNode-1@group-523986131536-LeaderElection16] INFO  impl.LeaderElection (LeaderElection.java:askForVotes(312)) - omNode-1@group-523986131536-LeaderElection16 ELECTION round 0: submit vote requests at term 1 for -1: peers:[omNode-3|rpc:localhost:36961|priority:0|startupRole:FOLLOWER, omNode-1|rpc:localhost:45543|priority:0|startupRole:FOLLOWER, omNode-2|rpc:localhost:42807|priority:0|startupRole:FOLLOWER]|listeners:[], old=null
2023-02-28 20:10:12,493 [omNode-1@group-523986131536-LeaderElection16] INFO  server.RaftServerConfigKeys (ConfUtils.java:logFallback(53)) - raft.server.rpc.first-election.timeout.min = 1s (fallback to raft.server.rpc.timeout.min)
2023-02-28 20:10:12,493 [omNode-1@group-523986131536-LeaderElection16] INFO  server.RaftServerConfigKeys (ConfUtils.java:logFallback(53)) - raft.server.rpc.first-election.timeout.max = 1200ms (fallback to raft.server.rpc.timeout.max)
2023-02-28 20:10:12,493 [omNode-1@group-523986131536-LeaderElection16] INFO  impl.LeaderElection (LogUtils.java:infoOrTrace(137)) - omNode-1@group-523986131536-LeaderElection16 got exception when requesting votes: java.util.concurrent.ExecutionException: org.apache.ratis.thirdparty.io.grpc.StatusRuntimeException: UNAVAILABLE: io exception
2023-02-28 20:10:12,501 [grpc-default-executor-3] INFO  server.RaftServer$Division (RaftServerImpl.java:requestVote(1218)) - omNode-2@group-523986131536: receive requestVote(ELECTION, omNode-1, group-523986131536, 1, (t:0, i:~))
2023-02-28 20:10:12,502 [grpc-default-executor-3] INFO  impl.VoteContext (VoteContext.java:log(49)) - omNode-2@group-523986131536-FOLLOWER: accept ELECTION from omNode-1: our priority 0 <= candidate's priority 0
2023-02-28 20:10:12,502 [grpc-default-executor-3] INFO  server.RaftServer$Division (RaftServerImpl.java:setRole(321)) - omNode-2@group-523986131536: changes role from  FOLLOWER to FOLLOWER at term 1 for candidate:omNode-1
2023-02-28 20:10:12,502 [grpc-default-executor-3] INFO  impl.RoleInfo (RoleInfo.java:shutdownFollowerState(110)) - omNode-2: shutdown omNode-2@group-523986131536-FollowerState
2023-02-28 20:10:12,502 [grpc-default-executor-3] INFO  impl.RoleInfo (RoleInfo.java:updateAndGet(139)) - omNode-2: start omNode-2@group-523986131536-FollowerState
2023-02-28 20:10:12,502 [omNode-2@group-523986131536-FollowerState] INFO  impl.FollowerState (FollowerState.java:run(152)) - omNode-2@group-523986131536-FollowerState was interrupted
2023-02-28 20:10:12,503 [omNode-2@group-523986131536-FollowerState] INFO  server.RaftServerConfigKeys (ConfUtils.java:logFallback(53)) - raft.server.rpc.first-election.timeout.min = 1s (fallback to raft.server.rpc.timeout.min)
2023-02-28 20:10:12,503 [omNode-2@group-523986131536-FollowerState] INFO  server.RaftServerConfigKeys (ConfUtils.java:logFallback(53)) - raft.server.rpc.first-election.timeout.max = 1200ms (fallback to raft.server.rpc.timeout.max)
2023-02-28 20:10:12,504 [grpc-default-executor-3] INFO  server.RaftServer$Division (RaftServerImpl.java:requestVote(1251)) - omNode-2@group-523986131536 replies to ELECTION vote request: omNode-1<-omNode-2#0:OK-t1. Peer's state: omNode-2@group-523986131536:t1, leader=null, voted=omNode-1, raftlog=Memoized:omNode-2@group-523986131536-SegmentedRaftLog:OPENED:c-1, conf=-1: peers:[omNode-3|rpc:localhost:36961|priority:0|startupRole:FOLLOWER, omNode-1|rpc:localhost:45543|priority:0|startupRole:FOLLOWER, omNode-2|rpc:localhost:42807|priority:0|startupRole:FOLLOWER]|listeners:[], old=null
2023-02-28 20:10:12,510 [omNode-1@group-523986131536-LeaderElection16] INFO  impl.LeaderElection (LeaderElection.java:logAndReturn(90)) - omNode-1@group-523986131536-LeaderElection16: ELECTION PASSED received 1 response(s) and 1 exception(s):
2023-02-28 20:10:12,510 [omNode-1@group-523986131536-LeaderElection16] INFO  impl.LeaderElection (LeaderElection.java:logAndReturn(94)) -   Response 0: omNode-1<-omNode-2#0:OK-t1
2023-02-28 20:10:12,510 [omNode-1@group-523986131536-LeaderElection16] INFO  impl.LeaderElection (LogUtils.java:infoOrTrace(137)) -   Exception 1: java.util.concurrent.ExecutionException: org.apache.ratis.thirdparty.io.grpc.StatusRuntimeException: UNAVAILABLE: io exception
2023-02-28 20:10:12,510 [omNode-1@group-523986131536-LeaderElection16] INFO  impl.LeaderElection (LeaderElection.java:askForVotes(314)) - omNode-1@group-523986131536-LeaderElection16 ELECTION round 0: result PASSED
2023-02-28 20:10:12,510 [omNode-1@group-523986131536-LeaderElection16] INFO  impl.RoleInfo (RoleInfo.java:shutdownLeaderElection(130)) - omNode-1: shutdown omNode-1@group-523986131536-LeaderElection16
2023-02-28 20:10:12,510 [omNode-1@group-523986131536-LeaderElection16] INFO  server.RaftServer$Division (RaftServerImpl.java:setRole(321)) - omNode-1@group-523986131536: changes role from CANDIDATE to LEADER at term 1 for changeToLeader
2023-02-28 20:10:12,510 [omNode-1@group-523986131536-LeaderElection16] INFO  server.RaftServer$Division (ServerState.java:setLeader(313)) - omNode-1@group-523986131536: change Leader from null to omNode-1 at term 1 for becomeLeader, leader elected after 1515ms
2023-02-28 20:10:12,510 [omNode-1@group-523986131536-LeaderElection16] INFO  server.RaftServerConfigKeys (ConfUtils.java:logGet(46)) - raft.server.staging.catchup.gap = 1000 (default)
2023-02-28 20:10:12,511 [omNode-1@group-523986131536-LeaderElection16] INFO  server.RaftServerConfigKeys (ConfUtils.java:logGet(46)) - raft.server.write.element-limit = 4096 (default)
2023-02-28 20:10:12,511 [omNode-1@group-523986131536-LeaderElection16] INFO  server.RaftServerConfigKeys (ConfUtils.java:logGet(46)) - raft.server.write.byte-limit = 64MB (=67108864) (default)
2023-02-28 20:10:12,511 [omNode-1@group-523986131536-LeaderElection16] INFO  server.RaftServerConfigKeys (ConfUtils.java:logGet(46)) - raft.server.watch.timeout = 10s (default)
2023-02-28 20:10:12,511 [omNode-1@group-523986131536-LeaderElection16] INFO  server.RaftServerConfigKeys (ConfUtils.java:logGet(46)) - raft.server.watch.timeout.denomination = 1s (default)
2023-02-28 20:10:12,511 [omNode-1@group-523986131536-LeaderElection16] INFO  server.RaftServerConfigKeys (ConfUtils.java:logGet(46)) - raft.server.watch.element-limit = 65536 (default)
2023-02-28 20:10:12,511 [omNode-1@group-523986131536-LeaderElection16] INFO  server.RaftServerConfigKeys (ConfUtils.java:logGet(46)) - raft.server.write.element-limit = 4096 (default)
2023-02-28 20:10:12,511 [omNode-1@group-523986131536-LeaderElection16] INFO  server.RaftServerConfigKeys (ConfUtils.java:logGet(46)) - raft.server.write.follower.gap.ratio.max = -1.0 (default)
2023-02-28 20:10:12,511 [omNode-1@group-523986131536-LeaderElection16] INFO  server.RaftServerConfigKeys (ConfUtils.java:logGet(46)) - raft.server.log.appender.snapshot.chunk.size.max = 16MB (=16777216) (default)
2023-02-28 20:10:12,511 [omNode-1@group-523986131536-LeaderElection16] INFO  server.RaftServerConfigKeys (ConfUtils.java:logGet(46)) - raft.server.log.appender.buffer.byte-limit = 33554432 (custom)
2023-02-28 20:10:12,511 [omNode-1@group-523986131536-LeaderElection16] INFO  server.RaftServerConfigKeys (ConfUtils.java:logGet(46)) - raft.server.log.appender.buffer.element-limit = 1024 (custom)
2023-02-28 20:10:12,511 [omNode-1@group-523986131536-LeaderElection16] INFO  grpc.GrpcConfigKeys (ConfUtils.java:logGet(46)) - raft.grpc.server.leader.outstanding.appends.max = 128 (default)
2023-02-28 20:10:12,511 [omNode-1@group-523986131536-LeaderElection16] INFO  server.RaftServerConfigKeys (ConfUtils.java:logGet(46)) - raft.server.rpc.request.timeout = 3000ms (default)
2023-02-28 20:10:12,511 [omNode-1@group-523986131536-LeaderElection16] INFO  server.RaftServerConfigKeys (ConfUtils.java:logGet(46)) - raft.server.log.appender.install.snapshot.enabled = false (custom)
2023-02-28 20:10:12,512 [omNode-1@group-523986131536-LeaderElection16] INFO  grpc.GrpcConfigKeys (ConfUtils.java:logGet(46)) - raft.grpc.server.heartbeat.channel = true (default)
2023-02-28 20:10:12,512 [omNode-1@group-523986131536-LeaderElection16] INFO  server.RaftServerConfigKeys (ConfUtils.java:logGet(46)) - raft.server.log.appender.wait-time.min = 10ms (default)
2023-02-28 20:10:12,512 [omNode-1@group-523986131536-LeaderElection16] INFO  server.RaftServerConfigKeys (ConfUtils.java:logGet(46)) - raft.server.log.appender.snapshot.chunk.size.max = 16MB (=16777216) (default)
2023-02-28 20:10:12,512 [omNode-1@group-523986131536-LeaderElection16] INFO  server.RaftServerConfigKeys (ConfUtils.java:logGet(46)) - raft.server.log.appender.buffer.byte-limit = 33554432 (custom)
2023-02-28 20:10:12,512 [omNode-1@group-523986131536-LeaderElection16] INFO  server.RaftServerConfigKeys (ConfUtils.java:logGet(46)) - raft.server.log.appender.buffer.element-limit = 1024 (custom)
2023-02-28 20:10:12,512 [omNode-1@group-523986131536-LeaderElection16] INFO  grpc.GrpcConfigKeys (ConfUtils.java:logGet(46)) - raft.grpc.server.leader.outstanding.appends.max = 128 (default)
2023-02-28 20:10:12,512 [omNode-1@group-523986131536-LeaderElection16] INFO  server.RaftServerConfigKeys (ConfUtils.java:logGet(46)) - raft.server.rpc.request.timeout = 3000ms (default)
2023-02-28 20:10:12,512 [omNode-1@group-523986131536-LeaderElection16] INFO  server.RaftServerConfigKeys (ConfUtils.java:logGet(46)) - raft.server.log.appender.install.snapshot.enabled = false (custom)
2023-02-28 20:10:12,512 [omNode-1@group-523986131536-LeaderElection16] INFO  grpc.GrpcConfigKeys (ConfUtils.java:logGet(46)) - raft.grpc.server.heartbeat.channel = true (default)
2023-02-28 20:10:12,512 [omNode-1@group-523986131536-LeaderElection16] INFO  server.RaftServerConfigKeys (ConfUtils.java:logGet(46)) - raft.server.log.appender.wait-time.min = 10ms (default)
2023-02-28 20:10:12,512 [omNode-1@group-523986131536-LeaderElection16] INFO  impl.RoleInfo (RoleInfo.java:updateAndGet(139)) - omNode-1: start omNode-1@group-523986131536-LeaderStateImpl
2023-02-28 20:10:12,512 [omNode-1@group-523986131536-LeaderElection16] INFO  segmented.SegmentedRaftLogWorker (SegmentedRaftLogWorker.java:startLogSegment(452)) - omNode-1@group-523986131536-SegmentedRaftLogWorker: Starting segment from index:0
2023-02-28 20:10:12,519 [grpc-default-executor-3] WARN  server.GrpcLogAppender (LogUtils.java:warn(122)) - omNode-1@group-523986131536->omNode-3-AppendLogResponseHandler: Failed appendEntries: org.apache.ratis.thirdparty.io.grpc.StatusRuntimeException: UNAVAILABLE: io exception
2023-02-28 20:10:12,527 [omNode-1@group-523986131536-LeaderElection16] INFO  server.RaftServer$Division (ServerState.java:setRaftConf(430)) - omNode-1@group-523986131536: set configuration 0: peers:[omNode-3|rpc:localhost:36961|admin:|client:|dataStream:|priority:0|startupRole:FOLLOWER, omNode-1|rpc:localhost:45543|admin:|client:|dataStream:|priority:0|startupRole:FOLLOWER, omNode-2|rpc:localhost:42807|admin:|client:|dataStream:|priority:0|startupRole:FOLLOWER]|listeners:[], old=null
2023-02-28 20:10:12,531 [grpc-default-executor-3] WARN  server.GrpcLogAppender (GrpcLogAppender.java:resetClient(131)) - omNode-1@group-523986131536->omNode-3-GrpcLogAppender: Leader has not got in touch with Follower omNode-1@group-523986131536->omNode-3(c-1,m0,n0, attendVote=true, lastRpcSendTime=12, lastRpcResponseTime=1220) yet, just keep nextIndex unchanged and retry.
2023-02-28 20:10:12,532 [omNode-1@group-523986131536-SegmentedRaftLogWorker] INFO  segmented.SegmentedRaftLogWorker (SegmentedRaftLogWorker.java:execute(656)) - omNode-1@group-523986131536-SegmentedRaftLogWorker: created new log segment /home/runner/work/ozone/ozone/hadoop-ozone/integration-test/target/test-dir/MiniOzoneClusterImpl-9e11fa7e-4972-4825-87e7-ebdcd03a38ce/omNode-1/ratis/c9bc4cf4-3bc3-3c60-a66b-523986131536/current/log_inprogress_0
2023-02-28 20:10:12,533 [grpc-default-executor-2] WARN  server.GrpcLogAppender (LogUtils.java:warn(122)) - omNode-1@group-523986131536->omNode-3-AppendLogResponseHandler: Failed appendEntries: org.apache.ratis.thirdparty.io.grpc.StatusRuntimeException: UNAVAILABLE: io exception
2023-02-28 20:10:12,533 [omNode-1@group-523986131536-StateMachineUpdater] INFO  ratis.OzoneManagerStateMachine (OzoneManagerStateMachine.java:notifyConfigurationChanged(192)) - Received Configuration change notification from Ratis. New Peer list:
[id: "omNode-3"
address: "localhost:36961"
startupRole: FOLLOWER
, id: "omNode-1"
address: "localhost:45543"
startupRole: FOLLOWER
, id: "omNode-2"
address: "localhost:42807"
startupRole: FOLLOWER
]
2023-02-28 20:10:12,533 [grpc-default-executor-2] WARN  server.GrpcLogAppender (GrpcLogAppender.java:resetClient(131)) - omNode-1@group-523986131536->omNode-3-GrpcLogAppender: Leader has not got in touch with Follower omNode-1@group-523986131536->omNode-3(c-1,m0,n1, attendVote=true, lastRpcSendTime=0, lastRpcResponseTime=1222) yet, just keep nextIndex unchanged and retry.
2023-02-28 20:10:12,535 [grpc-default-executor-9] WARN  server.GrpcLogAppender (LogUtils.java:warn(122)) - omNode-1@group-523986131536->omNode-3-AppendLogResponseHandler: Failed appendEntries: org.apache.ratis.thirdparty.io.grpc.StatusRuntimeException: UNAVAILABLE: io exception
2023-02-28 20:10:12,535 [grpc-default-executor-9] WARN  server.GrpcLogAppender (GrpcLogAppender.java:resetClient(131)) - omNode-1@group-523986131536->omNode-3-GrpcLogAppender: Leader has not got in touch with Follower omNode-1@group-523986131536->omNode-3(c-1,m0,n1, attendVote=true, lastRpcSendTime=2, lastRpcResponseTime=1223) yet, just keep nextIndex unchanged and retry.
2023-02-28 20:10:12,539 [grpc-default-executor-9] WARN  server.GrpcLogAppender (LogUtils.java:warn(122)) - omNode-1@group-523986131536->omNode-3-AppendLogResponseHandler: Failed appendEntries: org.apache.ratis.thirdparty.io.grpc.StatusRuntimeException: UNAVAILABLE: io exception
2023-02-28 20:10:12,539 [grpc-default-executor-9] WARN  server.GrpcLogAppender (GrpcLogAppender.java:resetClient(131)) - omNode-1@group-523986131536->omNode-3-GrpcLogAppender: Leader has not got in touch with Follower omNode-1@group-523986131536->omNode-3(c-1,m0,n1, attendVote=true, lastRpcSendTime=6, lastRpcResponseTime=1227) yet, just keep nextIndex unchanged and retry.
2023-02-28 20:10:12,575 [omNode-2-server-thread1] INFO  server.RaftServer$Division (ServerState.java:setLeader(313)) - omNode-2@group-523986131536: change Leader from null to omNode-1 at term 1 for appendEntries, leader elected after 923ms
2023-02-28 20:10:12,576 [omNode-2-server-thread2] INFO  server.RaftServer$Division (ServerState.java:setRaftConf(430)) - omNode-2@group-523986131536: set configuration 0: peers:[omNode-3|rpc:localhost:36961|admin:|client:|dataStream:|priority:0|startupRole:FOLLOWER, omNode-1|rpc:localhost:45543|admin:|client:|dataStream:|priority:0|startupRole:FOLLOWER, omNode-2|rpc:localhost:42807|admin:|client:|dataStream:|priority:0|startupRole:FOLLOWER]|listeners:[], old=null
2023-02-28 20:10:12,576 [omNode-2-server-thread2] INFO  segmented.SegmentedRaftLogWorker (SegmentedRaftLogWorker.java:startLogSegment(452)) - omNode-2@group-523986131536-SegmentedRaftLogWorker: Starting segment from index:0
2023-02-28 20:10:12,591 [omNode-2@group-523986131536-SegmentedRaftLogWorker] INFO  segmented.SegmentedRaftLogWorker (SegmentedRaftLogWorker.java:execute(656)) - omNode-2@group-523986131536-SegmentedRaftLogWorker: created new log segment /home/runner/work/ozone/ozone/hadoop-ozone/integration-test/target/test-dir/MiniOzoneClusterImpl-9e11fa7e-4972-4825-87e7-ebdcd03a38ce/omNode-2/ratis/c9bc4cf4-3bc3-3c60-a66b-523986131536/current/log_inprogress_0
2023-02-28 20:10:12,595 [omNode-2@group-523986131536-StateMachineUpdater] INFO  ratis.OzoneManagerStateMachine (OzoneManagerStateMachine.java:notifyConfigurationChanged(192)) - Received Configuration change notification from Ratis. New Peer list:
[id: "omNode-3"
address: "localhost:36961"
startupRole: FOLLOWER
, id: "omNode-1"
address: "localhost:45543"
startupRole: FOLLOWER
, id: "omNode-2"
address: "localhost:42807"
startupRole: FOLLOWER
]
2023-02-28 20:10:12,817 [grpc-default-executor-3] WARN  server.GrpcLogAppender (LogUtils.java:warn(122)) - omNode-1@group-523986131536->omNode-3-AppendLogResponseHandler: Failed appendEntries: org.apache.ratis.thirdparty.io.grpc.StatusRuntimeException: UNAVAILABLE: io exception
2023-02-28 20:10:12,817 [grpc-default-executor-3] WARN  server.GrpcLogAppender (GrpcLogAppender.java:resetClient(131)) - omNode-1@group-523986131536->omNode-3-GrpcLogAppender: Leader has not got in touch with Follower omNode-1@group-523986131536->omNode-3(c-1,m0,n1, attendVote=true, lastRpcSendTime=0, lastRpcResponseTime=1506) yet, just keep nextIndex unchanged and retry.
2023-02-28 20:10:12,818 [grpc-default-executor-2] WARN  server.GrpcLogAppender (LogUtils.java:warn(122)) - omNode-1@group-523986131536->omNode-3-AppendLogResponseHandler: Failed appendEntries: org.apache.ratis.thirdparty.io.grpc.StatusRuntimeException: UNAVAILABLE: io exception
2023-02-28 20:10:12,818 [grpc-default-executor-2] WARN  server.GrpcLogAppender (GrpcLogAppender.java:resetClient(131)) - omNode-1@group-523986131536->omNode-3-GrpcLogAppender: Leader has not got in touch with Follower omNode-1@group-523986131536->omNode-3(c-1,m0,n1, attendVote=true, lastRpcSendTime=1, lastRpcResponseTime=1506) yet, just keep nextIndex unchanged and retry.
2023-02-28 20:10:12,874 [Listener at 127.0.0.1/34541] INFO  reflections.Reflections (Reflections.java:scan(232)) - Reflections took 523 ms to scan 19 urls, producing 68 keys and 4869 values [using 2 cores]
2023-02-28 20:10:12,875 [Listener at 127.0.0.1/34541] INFO  ipc.CallQueueManager (CallQueueManager.java:<init>(90)) - Using callQueue: class java.util.concurrent.LinkedBlockingQueue, queueCapacity: 2000, scheduler: class org.apache.hadoop.ipc.DefaultRpcScheduler, ipcBackoff: false.
2023-02-28 20:10:12,876 [Socket Reader #1 for port 35937] INFO  ipc.Server (Server.java:run(1273)) - Starting Socket Reader #1 for port 35937
2023-02-28 20:10:12,898 [Listener at 127.0.0.1/35937] INFO  impl.MetricsSystemImpl (MetricsSystemImpl.java:init(158)) - OzoneManager metrics system started (again)
2023-02-28 20:10:12,910 [Listener at 127.0.0.1/35937] INFO  om.OzoneManager (OzoneManager.java:start(1551)) - OzoneManager RPC server is listening at localhost/127.0.0.1:35937
2023-02-28 20:10:12,910 [Listener at 127.0.0.1/35937] INFO  ratis.OzoneManagerRatisServer (OzoneManagerRatisServer.java:start(559)) - Starting OzoneManagerRatisServer omNode-3 at port 36961
2023-02-28 20:10:12,911 [omNode-3-impl-thread1] INFO  storage.RaftStorageDirectory (RaftStorageDirectoryImpl.java:analyzeStorage(137)) - The storage directory /home/runner/work/ozone/ozone/hadoop-ozone/integration-test/target/test-dir/MiniOzoneClusterImpl-9e11fa7e-4972-4825-87e7-ebdcd03a38ce/omNode-3/ratis/c9bc4cf4-3bc3-3c60-a66b-523986131536 does not exist. Creating ...
2023-02-28 20:10:12,911 [omNode-3-impl-thread1] INFO  storage.RaftStorageDirectory (RaftStorageDirectoryImpl.java:tryLock(231)) - Lock on /home/runner/work/ozone/ozone/hadoop-ozone/integration-test/target/test-dir/MiniOzoneClusterImpl-9e11fa7e-4972-4825-87e7-ebdcd03a38ce/omNode-3/ratis/c9bc4cf4-3bc3-3c60-a66b-523986131536/in_use.lock acquired by nodename 61155@fv-az399-334
2023-02-28 20:10:12,912 [omNode-3-impl-thread1] INFO  storage.RaftStorage (RaftStorageImpl.java:format(96)) - Storage directory /home/runner/work/ozone/ozone/hadoop-ozone/integration-test/target/test-dir/MiniOzoneClusterImpl-9e11fa7e-4972-4825-87e7-ebdcd03a38ce/omNode-3/ratis/c9bc4cf4-3bc3-3c60-a66b-523986131536 has been successfully formatted.
2023-02-28 20:10:12,913 [omNode-3-impl-thread1] INFO  server.RaftServerConfigKeys (ConfUtils.java:logGet(46)) - raft.server.log.use.memory = false (default)
2023-02-28 20:10:12,913 [omNode-3-impl-thread1] INFO  server.RaftServerConfigKeys (ConfUtils.java:logGet(46)) - raft.server.log.purge.gap = 1000000 (custom)
2023-02-28 20:10:12,913 [omNode-3-impl-thread1] INFO  server.RaftServerConfigKeys (ConfUtils.java:logGet(46)) - raft.server.log.appender.buffer.byte-limit = 33554432 (custom)
2023-02-28 20:10:12,913 [omNode-3-impl-thread1] INFO  server.RaftServerConfigKeys (ConfUtils.java:logGet(46)) - raft.server.log.statemachine.data.read.timeout = 1000ms (default)
2023-02-28 20:10:12,913 [omNode-3-impl-thread1] INFO  server.RaftServerConfigKeys (ConfUtils.java:logGet(46)) - raft.server.log.purge.preservation.log.num = 0 (default)
2023-02-28 20:10:12,913 [omNode-3-impl-thread1] INFO  server.RaftServerConfigKeys (ConfUtils.java:logGet(46)) - raft.server.log.segment.size.max = 4194304 (custom)
2023-02-28 20:10:12,913 [omNode-3-impl-thread1] INFO  server.RaftServerConfigKeys (ConfUtils.java:logGet(46)) - raft.server.log.segment.cache.num.max = 2 (custom)
2023-02-28 20:10:12,913 [omNode-3-impl-thread1] INFO  server.RaftServerConfigKeys (ConfUtils.java:logGet(46)) - raft.server.log.segment.cache.size.max = 200MB (=209715200) (default)
2023-02-28 20:10:12,913 [omNode-3-impl-thread1] INFO  segmented.SegmentedRaftLogWorker (SegmentedRaftLogWorker.java:<init>(189)) - new omNode-3@group-523986131536-SegmentedRaftLogWorker for RaftStorageImpl:Storage Directory /home/runner/work/ozone/ozone/hadoop-ozone/integration-test/target/test-dir/MiniOzoneClusterImpl-9e11fa7e-4972-4825-87e7-ebdcd03a38ce/omNode-3/ratis/c9bc4cf4-3bc3-3c60-a66b-523986131536
2023-02-28 20:10:12,913 [omNode-3-impl-thread1] INFO  server.RaftServerConfigKeys (ConfUtils.java:logGet(46)) - raft.server.log.queue.byte-limit = 64MB (=67108864) (default)
2023-02-28 20:10:12,913 [omNode-3-impl-thread1] INFO  server.RaftServerConfigKeys (ConfUtils.java:logGet(46)) - raft.server.log.queue.element-limit = 4096 (default)
2023-02-28 20:10:12,913 [omNode-3-impl-thread1] INFO  server.RaftServerConfigKeys (ConfUtils.java:logGet(46)) - raft.server.log.segment.size.max = 4194304 (custom)
2023-02-28 20:10:12,913 [omNode-3-impl-thread1] INFO  server.RaftServerConfigKeys (ConfUtils.java:logGet(46)) - raft.server.log.preallocated.size = 4194304 (custom)
2023-02-28 20:10:12,913 [omNode-3-impl-thread1] INFO  server.RaftServerConfigKeys (ConfUtils.java:logGet(46)) - raft.server.log.force.sync.num = 128 (default)
2023-02-28 20:10:12,913 [omNode-3-impl-thread1] INFO  server.RaftServerConfigKeys (ConfUtils.java:logGet(46)) - raft.server.log.statemachine.data.sync = true (default)
2023-02-28 20:10:12,913 [omNode-3-impl-thread1] INFO  server.RaftServerConfigKeys (ConfUtils.java:logGet(46)) - raft.server.log.statemachine.data.sync.timeout = 10s (default)
2023-02-28 20:10:12,914 [omNode-3-impl-thread1] INFO  server.RaftServerConfigKeys (ConfUtils.java:logGet(46)) - raft.server.log.statemachine.data.sync.timeout.retry = -1 (default)
2023-02-28 20:10:12,914 [omNode-3-impl-thread1] INFO  server.RaftServerConfigKeys (ConfUtils.java:logGet(46)) - raft.server.log.write.buffer.size = 64KB (=65536) (default)
2023-02-28 20:10:12,914 [omNode-3-impl-thread1] INFO  server.RaftServerConfigKeys (ConfUtils.java:logGet(46)) - raft.server.log.appender.buffer.byte-limit = 33554432 (custom)
2023-02-28 20:10:12,921 [omNode-3-impl-thread1] INFO  server.RaftServerConfigKeys (ConfUtils.java:logGet(46)) - raft.server.log.unsafe-flush.enabled = false (default)
2023-02-28 20:10:12,921 [omNode-3-impl-thread1] INFO  server.RaftServerConfigKeys (ConfUtils.java:logGet(46)) - raft.server.log.async-flush.enabled = false (default)
2023-02-28 20:10:12,921 [omNode-3-impl-thread1] INFO  server.RaftServerConfigKeys (ConfUtils.java:logGet(46)) - raft.server.log.statemachine.data.caching.enabled = false (default)
2023-02-28 20:10:12,921 [omNode-3-impl-thread1] INFO  segmented.SegmentedRaftLogWorker (SegmentedRaftLogWorker.java:lambda$new$0(135)) - omNode-3@group-523986131536-SegmentedRaftLogWorker: flushIndex: setUnconditionally 0 -> -1
2023-02-28 20:10:12,921 [omNode-3-impl-thread1] INFO  segmented.SegmentedRaftLogWorker (SegmentedRaftLogWorker.java:lambda$new$0(135)) - omNode-3@group-523986131536-SegmentedRaftLogWorker: safeCacheEvictIndex: setUnconditionally 0 -> -1
2023-02-28 20:10:12,922 [omNode-3-impl-thread1] INFO  server.RaftServer$Division (RaftServerImpl.java:start(334)) - omNode-3@group-523986131536: start as a follower, conf=-1: peers:[omNode-3|rpc:localhost:36961|priority:0|startupRole:FOLLOWER, omNode-1|rpc:localhost:45543|priority:0|startupRole:FOLLOWER, omNode-2|rpc:localhost:42807|priority:0|startupRole:FOLLOWER]|listeners:[], old=null
2023-02-28 20:10:12,922 [omNode-3-impl-thread1] INFO  server.RaftServer$Division (RaftServerImpl.java:setRole(321)) - omNode-3@group-523986131536: changes role from      null to FOLLOWER at term 0 for startAsFollower
2023-02-28 20:10:12,922 [omNode-3-impl-thread1] INFO  impl.RoleInfo (RoleInfo.java:updateAndGet(139)) - omNode-3: start omNode-3@group-523986131536-FollowerState
2023-02-28 20:10:12,925 [omNode-3-impl-thread1] INFO  util.JmxRegister (JmxRegister.java:tryRegister(44)) - Successfully registered JMX Bean with object name Ratis:service=RaftServer,group=group-523986131536,id=omNode-3
2023-02-28 20:10:12,925 [omNode-3-impl-thread1] INFO  server.RaftServerConfigKeys (ConfUtils.java:logGet(46)) - raft.server.snapshot.auto.trigger.enabled = true (custom)
2023-02-28 20:10:12,925 [omNode-3-impl-thread1] INFO  server.RaftServerConfigKeys (ConfUtils.java:logGet(46)) - raft.server.snapshot.auto.trigger.threshold = 400000 (default)
2023-02-28 20:10:12,925 [omNode-3-impl-thread1] INFO  server.RaftServerConfigKeys (ConfUtils.java:logGet(46)) - raft.server.snapshot.retention.file.num = -1 (default)
2023-02-28 20:10:12,925 [omNode-3-impl-thread1] INFO  server.RaftServerConfigKeys (ConfUtils.java:logGet(46)) - raft.server.log.purge.upto.snapshot.index = true (custom)
2023-02-28 20:10:12,929 [Listener at 127.0.0.1/35937] INFO  server.RaftServer (RaftServerProxy.java:startImpl(393)) - omNode-3: start RPC server
2023-02-28 20:10:12,936 [Listener at 127.0.0.1/35937] INFO  server.GrpcService (GrpcService.java:startImpl(262)) - omNode-3: GrpcService started, listening on 36961
2023-02-28 20:10:12,937 [Listener at 127.0.0.1/35937] INFO  om.OzoneManager (OzoneManager.java:start(1567)) - Version File has different layout version (3) than OM DB (null). That is expected if this OM has never been finalized to a newer layout version.
2023-02-28 20:10:12,937 [JvmPauseMonitor14] INFO  util.JvmPauseMonitor (JvmPauseMonitor.java:run(105)) - JvmPauseMonitor-omNode-3: Started
2023-02-28 20:10:12,942 [omNode-3@group-523986131536-FollowerState] INFO  server.RaftServerConfigKeys (ConfUtils.java:logFallback(53)) - raft.server.rpc.first-election.timeout.min = 1s (fallback to raft.server.rpc.timeout.min)
2023-02-28 20:10:12,942 [omNode-3@group-523986131536-FollowerState] INFO  server.RaftServerConfigKeys (ConfUtils.java:logFallback(53)) - raft.server.rpc.first-election.timeout.max = 1200ms (fallback to raft.server.rpc.timeout.max)
2023-02-28 20:10:12,942 [Listener at 127.0.0.1/35937] INFO  http.BaseHttpServer (BaseHttpServer.java:newHttpServer2BuilderForOzone(213)) - Starting Web-server for ozoneManager at: http://0.0.0.0:39857
2023-02-28 20:10:12,943 [Listener at 127.0.0.1/35937] INFO  http.BaseHttpServer (BaseHttpServer.java:<init>(108)) - Hadoop Security Enabled: false Ozone Security Enabled: false Ozone HTTP Security Enabled: false 
2023-02-28 20:10:12,944 [Listener at 127.0.0.1/35937] WARN  server.AuthenticationFilter (AuthenticationFilter.java:constructSecretProvider(240)) - Unable to initialize FileSignerSecretProvider, falling back to use random secrets. Reason: Could not read signature secret file: /home/runner/hadoop-http-auth-signature-secret
2023-02-28 20:10:12,951 [Listener at 127.0.0.1/35937] WARN  http.HttpRequestLog (HttpRequestLog.java:getRequestLog(103)) - Jetty request log can only be enabled using Log4j
2023-02-28 20:10:12,952 [Listener at 127.0.0.1/35937] INFO  http.HttpServer2 (HttpServer2.java:addGlobalFilter(1031)) - Added global filter 'safety' (class=org.apache.hadoop.hdds.server.http.HttpServer2$QuotingInputFilter)
2023-02-28 20:10:12,953 [Listener at 127.0.0.1/35937] INFO  http.HttpServer2 (HttpServer2.java:addFilter(1007)) - Added filter static_user_filter (class=org.apache.hadoop.http.lib.StaticUserWebFilter$StaticUserFilter) to context ozoneManager
2023-02-28 20:10:12,953 [Listener at 127.0.0.1/35937] INFO  http.HttpServer2 (HttpServer2.java:addFilter(1015)) - Added filter static_user_filter (class=org.apache.hadoop.http.lib.StaticUserWebFilter$StaticUserFilter) to context logs
2023-02-28 20:10:12,953 [Listener at 127.0.0.1/35937] INFO  http.HttpServer2 (HttpServer2.java:addFilter(1015)) - Added filter static_user_filter (class=org.apache.hadoop.http.lib.StaticUserWebFilter$StaticUserFilter) to context static
2023-02-28 20:10:12,955 [Listener at 127.0.0.1/35937] INFO  http.HttpServer2 (HttpServer2.java:bindListener(1250)) - Jetty bound to port 39857
2023-02-28 20:10:12,955 [Listener at 127.0.0.1/35937] INFO  server.Server (Server.java:doStart(375)) - jetty-9.4.49.v20220914; built: 2022-09-14T01:07:36.601Z; git: 4231a3b2e4cb8548a412a789936d640a97b1aa0a; jvm 1.8.0_362-b09
2023-02-28 20:10:12,988 [Listener at 127.0.0.1/35937] INFO  server.session (DefaultSessionIdManager.java:doStart(334)) - DefaultSessionIdManager workerName=node0
2023-02-28 20:10:12,988 [Listener at 127.0.0.1/35937] INFO  server.session (DefaultSessionIdManager.java:doStart(339)) - No SessionScavenger set, using defaults
2023-02-28 20:10:12,988 [Listener at 127.0.0.1/35937] INFO  server.session (HouseKeeper.java:startScavenging(132)) - node0 Scavenging every 660000ms
2023-02-28 20:10:12,992 [Listener at 127.0.0.1/35937] INFO  handler.ContextHandler (ContextHandler.java:doStart(921)) - Started o.e.j.s.ServletContextHandler@2eaf7e77{logs,/logs,file:///home/runner/work/ozone/ozone/hadoop-ozone/integration-test/target/log,AVAILABLE}
2023-02-28 20:10:12,993 [Listener at 127.0.0.1/35937] INFO  handler.ContextHandler (ContextHandler.java:doStart(921)) - Started o.e.j.s.ServletContextHandler@7d287140{static,/static,file:///home/runner/work/ozone/ozone/hadoop-ozone/integration-test/target/test-classes/webapps/static,AVAILABLE}
2023-02-28 20:10:12,995 [EndpointStateMachine task thread for /0.0.0.0:46809 - 0 ] INFO  ipc.Client (Client.java:handleConnectionFailure(1010)) - Retrying connect to server: 0.0.0.0/0.0.0.0:46809. Already tried 5 time(s); retry policy is RetryUpToMaximumCountWithFixedSleep(maxRetries=15, sleepTime=1000 MILLISECONDS)
2023-02-28 20:10:12,998 [Listener at 127.0.0.1/35937] INFO  handler.ContextHandler (ContextHandler.java:doStart(921)) - Started o.e.j.w.WebAppContext@550a209c{ozoneManager,/,file:///home/runner/work/ozone/ozone/hadoop-ozone/integration-test/target/test-classes/webapps/ozoneManager/,AVAILABLE}{file:/home/runner/work/ozone/ozone/hadoop-ozone/integration-test/target/test-classes/webapps/ozoneManager}
2023-02-28 20:10:13,005 [Listener at 127.0.0.1/35937] INFO  server.AbstractConnector (AbstractConnector.java:doStart(333)) - Started ServerConnector@37caa1a{HTTP/1.1, (http/1.1)}{0.0.0.0:39857}
2023-02-28 20:10:13,006 [Listener at 127.0.0.1/35937] INFO  server.Server (Server.java:doStart(415)) - Started @121690ms
2023-02-28 20:10:13,006 [Listener at 127.0.0.1/35937] WARN  impl.MetricsSystemImpl (MetricsSystemImpl.java:register(279)) - Sink prometheus already exists!
2023-02-28 20:10:13,006 [Listener at 127.0.0.1/35937] INFO  http.BaseHttpServer (BaseHttpServer.java:updateConnectorAddress(333)) - HTTP server of ozoneManager listening at http://0.0.0.0:39857
2023-02-28 20:10:13,011 [IPC Server Responder] INFO  ipc.Server (Server.java:run(1512)) - IPC Server Responder: starting
2023-02-28 20:10:13,022 [IPC Server listener on 35937] INFO  ipc.Server (Server.java:run(1352)) - IPC Server listener on 35937: starting
2023-02-28 20:10:13,044 [Listener at 127.0.0.1/35937] INFO  om.OzoneManager (OzoneManager.java:startTrashEmptier(2038)) - Trash Interval set to 0. Files deleted won't move to trash
2023-02-28 20:10:13,045 [Listener at 127.0.0.1/35937] INFO  ozone.MiniOzoneHAClusterImpl (MiniOzoneHAClusterImpl.java:createOMService(527)) - Started OzoneManager omNode-3 RPC server at localhost/127.0.0.1:35937
2023-02-28 20:10:13,055 [org.apache.hadoop.util.JvmPauseMonitor$Monitor@18bdf2cc] INFO  util.JvmPauseMonitor (JvmPauseMonitor.java:run(188)) - Starting JVM pause monitor
2023-02-28 20:10:13,066 [Listener at 127.0.0.1/35937] WARN  impl.MetricRegistriesImpl (MetricRegistriesImpl.java:addReporterRegistration(111)) - New reporters are added after registries were created. Some metrics will be missing from the reporter. Please add reporter before adding any new registry.
2023-02-28 20:10:13,066 [Listener at 127.0.0.1/35937] WARN  impl.MetricRegistriesImpl (MetricRegistriesImpl.java:addReporterRegistration(111)) - New reporters are added after registries were created. Some metrics will be missing from the reporter. Please add reporter before adding any new registry.
2023-02-28 20:10:13,066 [Listener at 127.0.0.1/35937] INFO  impl.MetricsSystemImpl (MetricsSystemImpl.java:init(158)) - HddsDatanode metrics system started (again)
2023-02-28 20:10:13,069 [grpc-default-executor-2] WARN  server.GrpcLogAppender (LogUtils.java:warn(122)) - omNode-1@group-523986131536->omNode-3-AppendLogResponseHandler: Failed appendEntries: org.apache.ratis.thirdparty.io.grpc.StatusRuntimeException: UNAVAILABLE: io exception
2023-02-28 20:10:13,069 [grpc-default-executor-3] WARN  server.GrpcLogAppender (LogUtils.java:warn(122)) - omNode-1@group-523986131536->omNode-3-AppendLogResponseHandler: Failed appendEntries: org.apache.ratis.thirdparty.io.grpc.StatusRuntimeException: UNAVAILABLE: io exception
2023-02-28 20:10:13,069 [grpc-default-executor-2] WARN  server.GrpcLogAppender (GrpcLogAppender.java:resetClient(131)) - omNode-1@group-523986131536->omNode-3-GrpcLogAppender: Leader has not got in touch with Follower omNode-1@group-523986131536->omNode-3(c-1,m0,n1, attendVote=true, lastRpcSendTime=0, lastRpcResponseTime=1758) yet, just keep nextIndex unchanged and retry.
2023-02-28 20:10:13,069 [grpc-default-executor-3] WARN  server.GrpcLogAppender (GrpcLogAppender.java:resetClient(131)) - omNode-1@group-523986131536->omNode-3-GrpcLogAppender: Leader has not got in touch with Follower omNode-1@group-523986131536->omNode-3(c-1,m0,n1, attendVote=true, lastRpcSendTime=0, lastRpcResponseTime=1758) yet, just keep nextIndex unchanged and retry.
2023-02-28 20:10:13,081 [Listener at 127.0.0.1/35937] INFO  ozone.HddsDatanodeService (HddsDatanodeService.java:start(228)) - HddsDatanodeService host:fv-az399-334 ip:10.1.1.15
2023-02-28 20:10:13,103 [Listener at 127.0.0.1/35937] INFO  upgrade.AbstractLayoutVersionManager (AbstractLayoutVersionManager.java:init(83)) - Initializing Layout version manager with metadata layout = DATANODE_SCHEMA_V3 (version = 4), software layout = DATANODE_SCHEMA_V3 (version = 4)
2023-02-28 20:10:13,194 [Listener at 127.0.0.1/35937] INFO  reflections.Reflections (Reflections.java:scan(232)) - Reflections took 90 ms to scan 7 urls, producing 151 keys and 364 values 
2023-02-28 20:10:13,197 [Listener at 127.0.0.1/35937] INFO  statemachine.DatanodeStateMachine (DatanodeStateMachine.java:getEndPointTaskThreadPoolSize(260)) - Datanode State Machine Task Thread Pool size 2
2023-02-28 20:10:13,204 [Listener at 127.0.0.1/35937] INFO  volume.HddsVolume (HddsVolume.java:<init>(122)) - Creating HddsVolume: /home/runner/work/ozone/ozone/hadoop-ozone/integration-test/target/test-dir/MiniOzoneClusterImpl-9e11fa7e-4972-4825-87e7-ebdcd03a38ce/datanode-0/data-0/containers/hdds of storage type : DISK capacity : 9223372036854775807
2023-02-28 20:10:13,206 [Listener at 127.0.0.1/35937] INFO  volume.MutableVolumeSet (MutableVolumeSet.java:initializeVolumeSet(174)) - Added Volume : /home/runner/work/ozone/ozone/hadoop-ozone/integration-test/target/test-dir/MiniOzoneClusterImpl-9e11fa7e-4972-4825-87e7-ebdcd03a38ce/datanode-0/data-0/containers/hdds to VolumeSet
2023-02-28 20:10:13,206 [Listener at 127.0.0.1/35937] INFO  volume.ThrottledAsyncChecker (ThrottledAsyncChecker.java:schedule(141)) - Scheduling a check for /home/runner/work/ozone/ozone/hadoop-ozone/integration-test/target/test-dir/MiniOzoneClusterImpl-9e11fa7e-4972-4825-87e7-ebdcd03a38ce/datanode-0/data-0/containers/hdds
2023-02-28 20:10:13,212 [Listener at 127.0.0.1/35937] INFO  volume.StorageVolumeChecker (StorageVolumeChecker.java:checkAllVolumes(202)) - Scheduled health check for volume /home/runner/work/ozone/ozone/hadoop-ozone/integration-test/target/test-dir/MiniOzoneClusterImpl-9e11fa7e-4972-4825-87e7-ebdcd03a38ce/datanode-0/data-0/containers/hdds
2023-02-28 20:10:13,235 [Listener at 127.0.0.1/35937] INFO  volume.MutableVolumeSet (MutableVolumeSet.java:initializeVolumeSet(174)) - Added Volume : /home/runner/work/ozone/ozone/hadoop-ozone/integration-test/target/test-dir/MiniOzoneClusterImpl-9e11fa7e-4972-4825-87e7-ebdcd03a38ce/datanode-0/data/ratis to VolumeSet
2023-02-28 20:10:13,235 [Listener at 127.0.0.1/35937] INFO  volume.ThrottledAsyncChecker (ThrottledAsyncChecker.java:schedule(141)) - Scheduling a check for /home/runner/work/ozone/ozone/hadoop-ozone/integration-test/target/test-dir/MiniOzoneClusterImpl-9e11fa7e-4972-4825-87e7-ebdcd03a38ce/datanode-0/data/ratis
2023-02-28 20:10:13,235 [Listener at 127.0.0.1/35937] INFO  volume.StorageVolumeChecker (StorageVolumeChecker.java:checkAllVolumes(202)) - Scheduled health check for volume /home/runner/work/ozone/ozone/hadoop-ozone/integration-test/target/test-dir/MiniOzoneClusterImpl-9e11fa7e-4972-4825-87e7-ebdcd03a38ce/datanode-0/data/ratis
2023-02-28 20:10:13,258 [Thread-16967] INFO  ozoneimpl.ContainerReader (ContainerReader.java:readVolume(175)) - Finish verifying containers on volume /home/runner/work/ozone/ozone/hadoop-ozone/integration-test/target/test-dir/MiniOzoneClusterImpl-9e11fa7e-4972-4825-87e7-ebdcd03a38ce/datanode-0/data-0/containers/hdds
2023-02-28 20:10:13,258 [Listener at 127.0.0.1/35937] INFO  ozoneimpl.OzoneContainer (OzoneContainer.java:buildContainerSet(304)) - Build ContainerSet costs 0s
2023-02-28 20:10:13,260 [Listener at 127.0.0.1/35937] INFO  server.RaftServer (ConfUtils.java:logGet(46)) - raft.rpc.type = GRPC (default)
2023-02-28 20:10:13,260 [Listener at 127.0.0.1/35937] INFO  grpc.GrpcConfigKeys (ConfUtils.java:logFallback(53)) - raft.grpc.admin.host = null (fallback to raft.grpc.server.host)
2023-02-28 20:10:13,260 [Listener at 127.0.0.1/35937] INFO  grpc.GrpcConfigKeys (ConfUtils.java:logGet(46)) - raft.grpc.admin.port = 0 (custom)
2023-02-28 20:10:13,260 [Listener at 127.0.0.1/35937] INFO  grpc.GrpcConfigKeys (ConfUtils.java:logFallback(53)) - raft.grpc.client.host = null (fallback to raft.grpc.server.host)
2023-02-28 20:10:13,260 [Listener at 127.0.0.1/35937] INFO  grpc.GrpcConfigKeys (ConfUtils.java:logGet(46)) - raft.grpc.client.port = 0 (custom)
2023-02-28 20:10:13,261 [Listener at 127.0.0.1/35937] INFO  grpc.GrpcConfigKeys (ConfUtils.java:logGet(46)) - raft.grpc.server.host = null (default)
2023-02-28 20:10:13,261 [Listener at 127.0.0.1/35937] INFO  grpc.GrpcConfigKeys (ConfUtils.java:logGet(46)) - raft.grpc.server.port = 0 (default)
2023-02-28 20:10:13,261 [Listener at 127.0.0.1/35937] INFO  server.GrpcService (ConfUtils.java:logGet(46)) - raft.grpc.message.size.max = 32MB (=33554432) (custom)
2023-02-28 20:10:13,261 [Listener at 127.0.0.1/35937] INFO  server.RaftServerConfigKeys (ConfUtils.java:logGet(46)) - raft.server.log.appender.buffer.byte-limit = 33554432 (custom)
2023-02-28 20:10:13,261 [Listener at 127.0.0.1/35937] INFO  server.GrpcService (ConfUtils.java:logGet(46)) - raft.grpc.flow.control.window = 5MB (=5242880) (custom)
2023-02-28 20:10:13,261 [Listener at 127.0.0.1/35937] INFO  server.RaftServerConfigKeys (ConfUtils.java:logGet(46)) - raft.server.rpc.request.timeout = 60s (custom)
2023-02-28 20:10:13,261 [Listener at 127.0.0.1/35937] INFO  grpc.GrpcConfigKeys (ConfUtils.java:logGet(46)) - raft.grpc.server.heartbeat.channel = true (default)
2023-02-28 20:10:13,261 [Listener at 127.0.0.1/35937] INFO  grpc.GrpcConfigKeys (ConfUtils.java:logGet(46)) - raft.grpc.server.async.request.thread.pool.cached = true (default)
2023-02-28 20:10:13,261 [Listener at 127.0.0.1/35937] INFO  grpc.GrpcConfigKeys (ConfUtils.java:logGet(46)) - raft.grpc.server.async.request.thread.pool.size = 32 (default)
2023-02-28 20:10:13,264 [Listener at 127.0.0.1/35937] INFO  impl.DataStreamServerImpl (ConfUtils.java:logGet(46)) - raft.datastream.type = NETTY (custom)
2023-02-28 20:10:13,264 [Listener at 127.0.0.1/35937] INFO  server.RaftServerConfigKeys (ConfUtils.java:logGet(46)) - raft.server.data-stream.async.request.thread.pool.cached = false (default)
2023-02-28 20:10:13,265 [Listener at 127.0.0.1/35937] INFO  server.RaftServerConfigKeys (ConfUtils.java:logGet(46)) - raft.server.data-stream.async.request.thread.pool.size = 20 (custom)
2023-02-28 20:10:13,265 [Listener at 127.0.0.1/35937] INFO  server.RaftServerConfigKeys (ConfUtils.java:logGet(46)) - raft.server.data-stream.async.write.thread.pool.size = 16 (default)
2023-02-28 20:10:13,265 [Listener at 127.0.0.1/35937] INFO  server.RaftServerConfigKeys (ConfUtils.java:logGet(46)) - raft.server.data-stream.client.pool.size = 10 (default)
2023-02-28 20:10:13,265 [Listener at 127.0.0.1/35937] INFO  netty.NettyConfigKeys$DataStream (ConfUtils.java:logGet(46)) - raft.netty.dataStream.server.use-epoll = false (default)
2023-02-28 20:10:13,265 [Listener at 127.0.0.1/35937] INFO  netty.NettyConfigKeys$DataStream (ConfUtils.java:logGet(46)) - raft.netty.dataStream.server.boss-group.size = 0 (default)
2023-02-28 20:10:13,265 [Listener at 127.0.0.1/35937] INFO  netty.NettyConfigKeys$DataStream (ConfUtils.java:logGet(46)) - raft.netty.dataStream.server.worker-group.size = 0 (default)
2023-02-28 20:10:13,266 [Listener at 127.0.0.1/35937] INFO  netty.NettyConfigKeys$DataStream (ConfUtils.java:logGet(46)) - raft.netty.dataStream.server.tls.conf = null (default)
2023-02-28 20:10:13,266 [Listener at 127.0.0.1/35937] INFO  netty.NettyConfigKeys$DataStream (ConfUtils.java:logGet(46)) - raft.netty.dataStream.host = null (default)
2023-02-28 20:10:13,266 [Listener at 127.0.0.1/35937] INFO  netty.NettyConfigKeys$DataStream (ConfUtils.java:logGet(46)) - raft.netty.dataStream.port = 0 (default)
2023-02-28 20:10:13,267 [Listener at 127.0.0.1/35937] INFO  server.RaftServerConfigKeys (ConfUtils.java:logGet(46)) - raft.server.threadpool.proxy.cached = true (default)
2023-02-28 20:10:13,267 [Listener at 127.0.0.1/35937] INFO  server.RaftServerConfigKeys (ConfUtils.java:logGet(46)) - raft.server.threadpool.proxy.size = 0 (default)
2023-02-28 20:10:13,268 [Listener at 127.0.0.1/35937] INFO  server.RaftServerConfigKeys (ConfUtils.java:logGet(46)) - raft.server.rpc.slowness.timeout = 300s (custom)
2023-02-28 20:10:13,268 [Listener at 127.0.0.1/35937] INFO  server.RaftServerConfigKeys (ConfUtils.java:logGet(46)) - raft.server.leaderelection.leader.step-down.wait-time = 10s (default)
2023-02-28 20:10:13,268 [Listener at 127.0.0.1/35937] INFO  server.RaftServerConfigKeys (ConfUtils.java:logGet(46)) - raft.server.storage.dir = [/home/runner/work/ozone/ozone/hadoop-ozone/integration-test/target/test-dir/MiniOzoneClusterImpl-9e11fa7e-4972-4825-87e7-ebdcd03a38ce/datanode-0/data/ratis] (custom)
2023-02-28 20:10:13,269 [5934c68d-b896-470a-9875-633bc32aae4b-NettyServerStreamRpc-bossGroup--thread1] INFO  logging.LoggingHandler (AbstractInternalLogger.java:log(148)) - [id: 0xb062f183] REGISTERED
2023-02-28 20:10:13,269 [5934c68d-b896-470a-9875-633bc32aae4b-NettyServerStreamRpc-bossGroup--thread1] INFO  logging.LoggingHandler (AbstractInternalLogger.java:log(148)) - [id: 0xb062f183] BIND: 0.0.0.0/0.0.0.0:0
2023-02-28 20:10:13,269 [5934c68d-b896-470a-9875-633bc32aae4b-NettyServerStreamRpc-bossGroup--thread1] INFO  logging.LoggingHandler (AbstractInternalLogger.java:log(148)) - [id: 0xb062f183, L:/0:0:0:0:0:0:0:0:34149] ACTIVE
2023-02-28 20:10:13,270 [Listener at 127.0.0.1/35937] INFO  server.XceiverServerGrpc (XceiverServerGrpc.java:<init>(132)) - GrpcServer channel type EpollServerSocketChannel
2023-02-28 20:10:13,276 [Listener at 127.0.0.1/35937] INFO  http.BaseHttpServer (BaseHttpServer.java:newHttpServer2BuilderForOzone(213)) - Starting Web-server for hddsDatanode at: http://0.0.0.0:0
2023-02-28 20:10:13,276 [Listener at 127.0.0.1/35937] INFO  http.BaseHttpServer (BaseHttpServer.java:<init>(108)) - Hadoop Security Enabled: false Ozone Security Enabled: false Ozone HTTP Security Enabled: false 
2023-02-28 20:10:13,278 [Listener at 127.0.0.1/35937] WARN  server.AuthenticationFilter (AuthenticationFilter.java:constructSecretProvider(240)) - Unable to initialize FileSignerSecretProvider, falling back to use random secrets. Reason: Could not read signature secret file: /home/runner/hadoop-http-auth-signature-secret
2023-02-28 20:10:13,279 [Listener at 127.0.0.1/35937] WARN  http.HttpRequestLog (HttpRequestLog.java:getRequestLog(103)) - Jetty request log can only be enabled using Log4j
2023-02-28 20:10:13,280 [Listener at 127.0.0.1/35937] INFO  http.HttpServer2 (HttpServer2.java:addGlobalFilter(1031)) - Added global filter 'safety' (class=org.apache.hadoop.hdds.server.http.HttpServer2$QuotingInputFilter)
2023-02-28 20:10:13,280 [Listener at 127.0.0.1/35937] INFO  http.HttpServer2 (HttpServer2.java:addFilter(1007)) - Added filter static_user_filter (class=org.apache.hadoop.http.lib.StaticUserWebFilter$StaticUserFilter) to context hddsDatanode
2023-02-28 20:10:13,280 [Listener at 127.0.0.1/35937] INFO  http.HttpServer2 (HttpServer2.java:addFilter(1015)) - Added filter static_user_filter (class=org.apache.hadoop.http.lib.StaticUserWebFilter$StaticUserFilter) to context logs
2023-02-28 20:10:13,280 [Listener at 127.0.0.1/35937] INFO  http.HttpServer2 (HttpServer2.java:addFilter(1015)) - Added filter static_user_filter (class=org.apache.hadoop.http.lib.StaticUserWebFilter$StaticUserFilter) to context static
2023-02-28 20:10:13,281 [Listener at 127.0.0.1/35937] INFO  http.HttpServer2 (HttpServer2.java:bindListener(1250)) - Jetty bound to port 37667
2023-02-28 20:10:13,281 [Listener at 127.0.0.1/35937] INFO  server.Server (Server.java:doStart(375)) - jetty-9.4.49.v20220914; built: 2022-09-14T01:07:36.601Z; git: 4231a3b2e4cb8548a412a789936d640a97b1aa0a; jvm 1.8.0_362-b09
2023-02-28 20:10:13,285 [Listener at 127.0.0.1/35937] INFO  server.session (DefaultSessionIdManager.java:doStart(334)) - DefaultSessionIdManager workerName=node0
2023-02-28 20:10:13,285 [Listener at 127.0.0.1/35937] INFO  server.session (DefaultSessionIdManager.java:doStart(339)) - No SessionScavenger set, using defaults
2023-02-28 20:10:13,285 [Listener at 127.0.0.1/35937] INFO  server.session (HouseKeeper.java:startScavenging(132)) - node0 Scavenging every 600000ms
2023-02-28 20:10:13,285 [Listener at 127.0.0.1/35937] INFO  handler.ContextHandler (ContextHandler.java:doStart(921)) - Started o.e.j.s.ServletContextHandler@61b9d55c{logs,/logs,file:///home/runner/work/ozone/ozone/hadoop-ozone/integration-test/target/log,AVAILABLE}
2023-02-28 20:10:13,286 [Listener at 127.0.0.1/35937] INFO  handler.ContextHandler (ContextHandler.java:doStart(921)) - Started o.e.j.s.ServletContextHandler@64f1ba94{static,/static,jar:file:/home/runner/.m2/repository/org/apache/ozone/hdds-container-service/1.4.0-SNAPSHOT/hdds-container-service-1.4.0-SNAPSHOT.jar!/webapps/static,AVAILABLE}
2023-02-28 20:10:13,329 [omNode-3-server-thread1] INFO  server.RaftServer$Division (ServerState.java:setLeader(313)) - omNode-3@group-523986131536: change Leader from null to omNode-1 at term 1 for appendEntries, leader elected after 979ms
2023-02-28 20:10:13,329 [omNode-3-server-thread1] INFO  server.RaftServer$Division (RaftServerImpl.java:checkInconsistentAppendEntries(1508)) - omNode-3@group-523986131536: Failed appendEntries as previous log entry ((t:1, i:0)) is not found
2023-02-28 20:10:13,329 [omNode-3-server-thread1] INFO  server.RaftServer$Division (RaftServerImpl.java:checkInconsistentAppendEntries(1478)) - omNode-3@group-523986131536: inconsistency entries. Reply:omNode-1<-omNode-3#821180:FAIL-t0,INCONSISTENCY,nextIndex=0,followerCommit=-1,matchIndex=-1
2023-02-28 20:10:13,330 [grpc-default-executor-3] INFO  leader.FollowerInfo (FollowerInfoImpl.java:lambda$new$0(48)) - omNode-1@group-523986131536->omNode-3: nextIndex: updateUnconditionally 1 -> 0
2023-02-28 20:10:13,332 [omNode-3-server-thread1] INFO  server.RaftServer$Division (ServerState.java:setRaftConf(430)) - omNode-3@group-523986131536: set configuration 0: peers:[omNode-3|rpc:localhost:36961|admin:|client:|dataStream:|priority:0|startupRole:FOLLOWER, omNode-1|rpc:localhost:45543|admin:|client:|dataStream:|priority:0|startupRole:FOLLOWER, omNode-2|rpc:localhost:42807|admin:|client:|dataStream:|priority:0|startupRole:FOLLOWER]|listeners:[], old=null
2023-02-28 20:10:13,332 [omNode-3-server-thread1] INFO  segmented.SegmentedRaftLogWorker (SegmentedRaftLogWorker.java:startLogSegment(452)) - omNode-3@group-523986131536-SegmentedRaftLogWorker: Starting segment from index:0
2023-02-28 20:10:13,342 [omNode-3@group-523986131536-SegmentedRaftLogWorker] INFO  segmented.SegmentedRaftLogWorker (SegmentedRaftLogWorker.java:execute(656)) - omNode-3@group-523986131536-SegmentedRaftLogWorker: created new log segment /home/runner/work/ozone/ozone/hadoop-ozone/integration-test/target/test-dir/MiniOzoneClusterImpl-9e11fa7e-4972-4825-87e7-ebdcd03a38ce/omNode-3/ratis/c9bc4cf4-3bc3-3c60-a66b-523986131536/current/log_inprogress_0
2023-02-28 20:10:13,343 [omNode-3@group-523986131536-StateMachineUpdater] INFO  ratis.OzoneManagerStateMachine (OzoneManagerStateMachine.java:notifyConfigurationChanged(192)) - Received Configuration change notification from Ratis. New Peer list:
[id: "omNode-3"
address: "localhost:36961"
startupRole: FOLLOWER
, id: "omNode-1"
address: "localhost:45543"
startupRole: FOLLOWER
, id: "omNode-2"
address: "localhost:42807"
startupRole: FOLLOWER
]
2023-02-28 20:10:13,489 [Listener at 127.0.0.1/35937] INFO  handler.ContextHandler (ContextHandler.java:doStart(921)) - Started o.e.j.w.WebAppContext@5c19d513{hddsDatanode,/,file:///tmp/jetty-0_0_0_0-37667-hdds-container-service-1_4_0-SNAPSHOT_jar-_-any-3359224561725395076/webapp/,AVAILABLE}{jar:file:/home/runner/.m2/repository/org/apache/ozone/hdds-container-service/1.4.0-SNAPSHOT/hdds-container-service-1.4.0-SNAPSHOT.jar!/webapps/hddsDatanode}
2023-02-28 20:10:13,490 [Listener at 127.0.0.1/35937] INFO  server.AbstractConnector (AbstractConnector.java:doStart(333)) - Started ServerConnector@10635355{HTTP/1.1, (http/1.1)}{0.0.0.0:37667}
2023-02-28 20:10:13,491 [Listener at 127.0.0.1/35937] INFO  server.Server (Server.java:doStart(415)) - Started @122175ms
2023-02-28 20:10:13,491 [Listener at 127.0.0.1/35937] WARN  impl.MetricsSystemImpl (MetricsSystemImpl.java:register(279)) - Sink prometheus already exists!
2023-02-28 20:10:13,491 [Listener at 127.0.0.1/35937] INFO  http.BaseHttpServer (BaseHttpServer.java:updateConnectorAddress(333)) - HTTP server of hddsDatanode listening at http://0.0.0.0:37667
2023-02-28 20:10:13,492 [Datanode State Machine Daemon Thread] INFO  statemachine.DatanodeStateMachine (DatanodeStateMachine.java:lambda$startDaemon$0(516)) - Ozone container server started.
2023-02-28 20:10:13,492 [Listener at 127.0.0.1/35937] WARN  impl.MetricRegistriesImpl (MetricRegistriesImpl.java:addReporterRegistration(111)) - New reporters are added after registries were created. Some metrics will be missing from the reporter. Please add reporter before adding any new registry.
2023-02-28 20:10:13,493 [Listener at 127.0.0.1/35937] WARN  impl.MetricRegistriesImpl (MetricRegistriesImpl.java:addReporterRegistration(111)) - New reporters are added after registries were created. Some metrics will be missing from the reporter. Please add reporter before adding any new registry.
2023-02-28 20:10:13,493 [Listener at 127.0.0.1/35937] INFO  impl.MetricsSystemImpl (MetricsSystemImpl.java:init(158)) - HddsDatanode metrics system started (again)
2023-02-28 20:10:13,504 [org.apache.hadoop.util.JvmPauseMonitor$Monitor@39176c2b] INFO  util.JvmPauseMonitor (JvmPauseMonitor.java:run(188)) - Starting JVM pause monitor
2023-02-28 20:10:13,505 [Listener at 127.0.0.1/35937] INFO  ozone.HddsDatanodeService (HddsDatanodeService.java:start(228)) - HddsDatanodeService host:fv-az399-334 ip:10.1.1.15
2023-02-28 20:10:13,510 [Datanode State Machine Task Thread - 0] INFO  datanode.InitDatanodeState (InitDatanodeState.java:persistContainerDatanodeDetails(138)) - DatanodeDetails is persisted to /home/runner/work/ozone/ozone/hadoop-ozone/integration-test/target/test-dir/MiniOzoneClusterImpl-9e11fa7e-4972-4825-87e7-ebdcd03a38ce/datanode-0/meta/datanode.id
2023-02-28 20:10:13,522 [Listener at 127.0.0.1/35937] INFO  upgrade.AbstractLayoutVersionManager (AbstractLayoutVersionManager.java:init(83)) - Initializing Layout version manager with metadata layout = DATANODE_SCHEMA_V3 (version = 4), software layout = DATANODE_SCHEMA_V3 (version = 4)
2023-02-28 20:10:13,567 [Listener at 127.0.0.1/35937] INFO  reflections.Reflections (Reflections.java:scan(232)) - Reflections took 44 ms to scan 7 urls, producing 151 keys and 364 values 
2023-02-28 20:10:13,568 [Listener at 127.0.0.1/35937] INFO  statemachine.DatanodeStateMachine (DatanodeStateMachine.java:getEndPointTaskThreadPoolSize(260)) - Datanode State Machine Task Thread Pool size 2
2023-02-28 20:10:13,570 [Listener at 127.0.0.1/35937] INFO  volume.HddsVolume (HddsVolume.java:<init>(122)) - Creating HddsVolume: /home/runner/work/ozone/ozone/hadoop-ozone/integration-test/target/test-dir/MiniOzoneClusterImpl-9e11fa7e-4972-4825-87e7-ebdcd03a38ce/datanode-1/data-0/containers/hdds of storage type : DISK capacity : 9223372036854775807
2023-02-28 20:10:13,570 [Listener at 127.0.0.1/35937] INFO  volume.MutableVolumeSet (MutableVolumeSet.java:initializeVolumeSet(174)) - Added Volume : /home/runner/work/ozone/ozone/hadoop-ozone/integration-test/target/test-dir/MiniOzoneClusterImpl-9e11fa7e-4972-4825-87e7-ebdcd03a38ce/datanode-1/data-0/containers/hdds to VolumeSet
2023-02-28 20:10:13,570 [Listener at 127.0.0.1/35937] INFO  volume.ThrottledAsyncChecker (ThrottledAsyncChecker.java:schedule(141)) - Scheduling a check for /home/runner/work/ozone/ozone/hadoop-ozone/integration-test/target/test-dir/MiniOzoneClusterImpl-9e11fa7e-4972-4825-87e7-ebdcd03a38ce/datanode-1/data-0/containers/hdds
2023-02-28 20:10:13,573 [Listener at 127.0.0.1/35937] INFO  volume.StorageVolumeChecker (StorageVolumeChecker.java:checkAllVolumes(202)) - Scheduled health check for volume /home/runner/work/ozone/ozone/hadoop-ozone/integration-test/target/test-dir/MiniOzoneClusterImpl-9e11fa7e-4972-4825-87e7-ebdcd03a38ce/datanode-1/data-0/containers/hdds
2023-02-28 20:10:13,584 [Listener at 127.0.0.1/35937] INFO  volume.MutableVolumeSet (MutableVolumeSet.java:initializeVolumeSet(174)) - Added Volume : /home/runner/work/ozone/ozone/hadoop-ozone/integration-test/target/test-dir/MiniOzoneClusterImpl-9e11fa7e-4972-4825-87e7-ebdcd03a38ce/datanode-1/data/ratis to VolumeSet
2023-02-28 20:10:13,584 [Listener at 127.0.0.1/35937] INFO  volume.ThrottledAsyncChecker (ThrottledAsyncChecker.java:schedule(141)) - Scheduling a check for /home/runner/work/ozone/ozone/hadoop-ozone/integration-test/target/test-dir/MiniOzoneClusterImpl-9e11fa7e-4972-4825-87e7-ebdcd03a38ce/datanode-1/data/ratis
2023-02-28 20:10:13,584 [Listener at 127.0.0.1/35937] INFO  volume.StorageVolumeChecker (StorageVolumeChecker.java:checkAllVolumes(202)) - Scheduled health check for volume /home/runner/work/ozone/ozone/hadoop-ozone/integration-test/target/test-dir/MiniOzoneClusterImpl-9e11fa7e-4972-4825-87e7-ebdcd03a38ce/datanode-1/data/ratis
2023-02-28 20:10:13,598 [Thread-16982] INFO  ozoneimpl.ContainerReader (ContainerReader.java:readVolume(175)) - Finish verifying containers on volume /home/runner/work/ozone/ozone/hadoop-ozone/integration-test/target/test-dir/MiniOzoneClusterImpl-9e11fa7e-4972-4825-87e7-ebdcd03a38ce/datanode-1/data-0/containers/hdds
2023-02-28 20:10:13,598 [Listener at 127.0.0.1/35937] INFO  ozoneimpl.OzoneContainer (OzoneContainer.java:buildContainerSet(304)) - Build ContainerSet costs 0s
2023-02-28 20:10:13,600 [Listener at 127.0.0.1/35937] INFO  server.RaftServer (ConfUtils.java:logGet(46)) - raft.rpc.type = GRPC (default)
2023-02-28 20:10:13,600 [Listener at 127.0.0.1/35937] INFO  grpc.GrpcConfigKeys (ConfUtils.java:logFallback(53)) - raft.grpc.admin.host = null (fallback to raft.grpc.server.host)
2023-02-28 20:10:13,600 [Listener at 127.0.0.1/35937] INFO  grpc.GrpcConfigKeys (ConfUtils.java:logGet(46)) - raft.grpc.admin.port = 0 (custom)
2023-02-28 20:10:13,601 [Listener at 127.0.0.1/35937] INFO  grpc.GrpcConfigKeys (ConfUtils.java:logFallback(53)) - raft.grpc.client.host = null (fallback to raft.grpc.server.host)
2023-02-28 20:10:13,601 [Listener at 127.0.0.1/35937] INFO  grpc.GrpcConfigKeys (ConfUtils.java:logGet(46)) - raft.grpc.client.port = 0 (custom)
2023-02-28 20:10:13,601 [Listener at 127.0.0.1/35937] INFO  grpc.GrpcConfigKeys (ConfUtils.java:logGet(46)) - raft.grpc.server.host = null (default)
2023-02-28 20:10:13,601 [Listener at 127.0.0.1/35937] INFO  grpc.GrpcConfigKeys (ConfUtils.java:logGet(46)) - raft.grpc.server.port = 0 (default)
2023-02-28 20:10:13,601 [Listener at 127.0.0.1/35937] INFO  server.GrpcService (ConfUtils.java:logGet(46)) - raft.grpc.message.size.max = 32MB (=33554432) (custom)
2023-02-28 20:10:13,601 [Listener at 127.0.0.1/35937] INFO  server.RaftServerConfigKeys (ConfUtils.java:logGet(46)) - raft.server.log.appender.buffer.byte-limit = 33554432 (custom)
2023-02-28 20:10:13,601 [Listener at 127.0.0.1/35937] INFO  server.GrpcService (ConfUtils.java:logGet(46)) - raft.grpc.flow.control.window = 5MB (=5242880) (custom)
2023-02-28 20:10:13,601 [Listener at 127.0.0.1/35937] INFO  server.RaftServerConfigKeys (ConfUtils.java:logGet(46)) - raft.server.rpc.request.timeout = 60s (custom)
2023-02-28 20:10:13,601 [Listener at 127.0.0.1/35937] INFO  grpc.GrpcConfigKeys (ConfUtils.java:logGet(46)) - raft.grpc.server.heartbeat.channel = true (default)
2023-02-28 20:10:13,601 [Listener at 127.0.0.1/35937] INFO  grpc.GrpcConfigKeys (ConfUtils.java:logGet(46)) - raft.grpc.server.async.request.thread.pool.cached = true (default)
2023-02-28 20:10:13,601 [Listener at 127.0.0.1/35937] INFO  grpc.GrpcConfigKeys (ConfUtils.java:logGet(46)) - raft.grpc.server.async.request.thread.pool.size = 32 (default)
2023-02-28 20:10:13,603 [Listener at 127.0.0.1/35937] INFO  impl.DataStreamServerImpl (ConfUtils.java:logGet(46)) - raft.datastream.type = NETTY (custom)
2023-02-28 20:10:13,603 [Listener at 127.0.0.1/35937] INFO  server.RaftServerConfigKeys (ConfUtils.java:logGet(46)) - raft.server.data-stream.async.request.thread.pool.cached = false (default)
2023-02-28 20:10:13,603 [Listener at 127.0.0.1/35937] INFO  server.RaftServerConfigKeys (ConfUtils.java:logGet(46)) - raft.server.data-stream.async.request.thread.pool.size = 20 (custom)
2023-02-28 20:10:13,603 [Listener at 127.0.0.1/35937] INFO  server.RaftServerConfigKeys (ConfUtils.java:logGet(46)) - raft.server.data-stream.async.write.thread.pool.size = 16 (default)
2023-02-28 20:10:13,603 [Listener at 127.0.0.1/35937] INFO  server.RaftServerConfigKeys (ConfUtils.java:logGet(46)) - raft.server.data-stream.client.pool.size = 10 (default)
2023-02-28 20:10:13,603 [Listener at 127.0.0.1/35937] INFO  netty.NettyConfigKeys$DataStream (ConfUtils.java:logGet(46)) - raft.netty.dataStream.server.use-epoll = false (default)
2023-02-28 20:10:13,603 [Listener at 127.0.0.1/35937] INFO  netty.NettyConfigKeys$DataStream (ConfUtils.java:logGet(46)) - raft.netty.dataStream.server.boss-group.size = 0 (default)
2023-02-28 20:10:13,604 [Listener at 127.0.0.1/35937] INFO  netty.NettyConfigKeys$DataStream (ConfUtils.java:logGet(46)) - raft.netty.dataStream.server.worker-group.size = 0 (default)
2023-02-28 20:10:13,604 [Listener at 127.0.0.1/35937] INFO  netty.NettyConfigKeys$DataStream (ConfUtils.java:logGet(46)) - raft.netty.dataStream.server.tls.conf = null (default)
2023-02-28 20:10:13,604 [Listener at 127.0.0.1/35937] INFO  netty.NettyConfigKeys$DataStream (ConfUtils.java:logGet(46)) - raft.netty.dataStream.host = null (default)
2023-02-28 20:10:13,604 [Listener at 127.0.0.1/35937] INFO  netty.NettyConfigKeys$DataStream (ConfUtils.java:logGet(46)) - raft.netty.dataStream.port = 0 (default)
2023-02-28 20:10:13,605 [Listener at 127.0.0.1/35937] INFO  server.RaftServerConfigKeys (ConfUtils.java:logGet(46)) - raft.server.threadpool.proxy.cached = true (default)
2023-02-28 20:10:13,605 [Listener at 127.0.0.1/35937] INFO  server.RaftServerConfigKeys (ConfUtils.java:logGet(46)) - raft.server.threadpool.proxy.size = 0 (default)
2023-02-28 20:10:13,605 [Listener at 127.0.0.1/35937] INFO  server.RaftServerConfigKeys (ConfUtils.java:logGet(46)) - raft.server.rpc.slowness.timeout = 300s (custom)
2023-02-28 20:10:13,605 [Listener at 127.0.0.1/35937] INFO  server.RaftServerConfigKeys (ConfUtils.java:logGet(46)) - raft.server.leaderelection.leader.step-down.wait-time = 10s (default)
2023-02-28 20:10:13,605 [Listener at 127.0.0.1/35937] INFO  server.RaftServerConfigKeys (ConfUtils.java:logGet(46)) - raft.server.storage.dir = [/home/runner/work/ozone/ozone/hadoop-ozone/integration-test/target/test-dir/MiniOzoneClusterImpl-9e11fa7e-4972-4825-87e7-ebdcd03a38ce/datanode-1/data/ratis] (custom)
2023-02-28 20:10:13,607 [Listener at 127.0.0.1/35937] INFO  server.XceiverServerGrpc (XceiverServerGrpc.java:<init>(132)) - GrpcServer channel type EpollServerSocketChannel
2023-02-28 20:10:13,609 [3f3cc37b-1bfe-4d0c-a49a-ec76f450a0b5-NettyServerStreamRpc-bossGroup--thread1] INFO  logging.LoggingHandler (AbstractInternalLogger.java:log(148)) - [id: 0x650140b8] REGISTERED
2023-02-28 20:10:13,609 [3f3cc37b-1bfe-4d0c-a49a-ec76f450a0b5-NettyServerStreamRpc-bossGroup--thread1] INFO  logging.LoggingHandler (AbstractInternalLogger.java:log(148)) - [id: 0x650140b8] BIND: 0.0.0.0/0.0.0.0:0
2023-02-28 20:10:13,609 [3f3cc37b-1bfe-4d0c-a49a-ec76f450a0b5-NettyServerStreamRpc-bossGroup--thread1] INFO  logging.LoggingHandler (AbstractInternalLogger.java:log(148)) - [id: 0x650140b8, L:/0:0:0:0:0:0:0:0:43275] ACTIVE
2023-02-28 20:10:13,610 [Listener at 127.0.0.1/35937] INFO  http.BaseHttpServer (BaseHttpServer.java:newHttpServer2BuilderForOzone(213)) - Starting Web-server for hddsDatanode at: http://0.0.0.0:0
2023-02-28 20:10:13,610 [Listener at 127.0.0.1/35937] INFO  http.BaseHttpServer (BaseHttpServer.java:<init>(108)) - Hadoop Security Enabled: false Ozone Security Enabled: false Ozone HTTP Security Enabled: false 
2023-02-28 20:10:13,611 [Listener at 127.0.0.1/35937] WARN  server.AuthenticationFilter (AuthenticationFilter.java:constructSecretProvider(240)) - Unable to initialize FileSignerSecretProvider, falling back to use random secrets. Reason: Could not read signature secret file: /home/runner/hadoop-http-auth-signature-secret
2023-02-28 20:10:13,612 [Listener at 127.0.0.1/35937] WARN  http.HttpRequestLog (HttpRequestLog.java:getRequestLog(103)) - Jetty request log can only be enabled using Log4j
2023-02-28 20:10:13,613 [Listener at 127.0.0.1/35937] INFO  http.HttpServer2 (HttpServer2.java:addGlobalFilter(1031)) - Added global filter 'safety' (class=org.apache.hadoop.hdds.server.http.HttpServer2$QuotingInputFilter)
2023-02-28 20:10:13,613 [Listener at 127.0.0.1/35937] INFO  http.HttpServer2 (HttpServer2.java:addFilter(1007)) - Added filter static_user_filter (class=org.apache.hadoop.http.lib.StaticUserWebFilter$StaticUserFilter) to context hddsDatanode
2023-02-28 20:10:13,613 [Listener at 127.0.0.1/35937] INFO  http.HttpServer2 (HttpServer2.java:addFilter(1015)) - Added filter static_user_filter (class=org.apache.hadoop.http.lib.StaticUserWebFilter$StaticUserFilter) to context logs
2023-02-28 20:10:13,613 [Listener at 127.0.0.1/35937] INFO  http.HttpServer2 (HttpServer2.java:addFilter(1015)) - Added filter static_user_filter (class=org.apache.hadoop.http.lib.StaticUserWebFilter$StaticUserFilter) to context static
2023-02-28 20:10:13,614 [Listener at 127.0.0.1/35937] INFO  http.HttpServer2 (HttpServer2.java:bindListener(1250)) - Jetty bound to port 32945
2023-02-28 20:10:13,614 [Listener at 127.0.0.1/35937] INFO  server.Server (Server.java:doStart(375)) - jetty-9.4.49.v20220914; built: 2022-09-14T01:07:36.601Z; git: 4231a3b2e4cb8548a412a789936d640a97b1aa0a; jvm 1.8.0_362-b09
2023-02-28 20:10:13,617 [Listener at 127.0.0.1/35937] INFO  server.session (DefaultSessionIdManager.java:doStart(334)) - DefaultSessionIdManager workerName=node0
2023-02-28 20:10:13,618 [Listener at 127.0.0.1/35937] INFO  server.session (DefaultSessionIdManager.java:doStart(339)) - No SessionScavenger set, using defaults
2023-02-28 20:10:13,618 [Listener at 127.0.0.1/35937] INFO  server.session (HouseKeeper.java:startScavenging(132)) - node0 Scavenging every 660000ms
2023-02-28 20:10:13,618 [Listener at 127.0.0.1/35937] INFO  handler.ContextHandler (ContextHandler.java:doStart(921)) - Started o.e.j.s.ServletContextHandler@3ba684ba{logs,/logs,file:///home/runner/work/ozone/ozone/hadoop-ozone/integration-test/target/log,AVAILABLE}
2023-02-28 20:10:13,619 [Listener at 127.0.0.1/35937] INFO  handler.ContextHandler (ContextHandler.java:doStart(921)) - Started o.e.j.s.ServletContextHandler@1454fb8{static,/static,jar:file:/home/runner/.m2/repository/org/apache/ozone/hdds-container-service/1.4.0-SNAPSHOT/hdds-container-service-1.4.0-SNAPSHOT.jar!/webapps/static,AVAILABLE}
2023-02-28 20:10:13,807 [Listener at 127.0.0.1/35937] INFO  handler.ContextHandler (ContextHandler.java:doStart(921)) - Started o.e.j.w.WebAppContext@7d001f48{hddsDatanode,/,file:///tmp/jetty-0_0_0_0-32945-hdds-container-service-1_4_0-SNAPSHOT_jar-_-any-987336414755690130/webapp/,AVAILABLE}{jar:file:/home/runner/.m2/repository/org/apache/ozone/hdds-container-service/1.4.0-SNAPSHOT/hdds-container-service-1.4.0-SNAPSHOT.jar!/webapps/hddsDatanode}
2023-02-28 20:10:13,814 [Listener at 127.0.0.1/35937] INFO  server.AbstractConnector (AbstractConnector.java:doStart(333)) - Started ServerConnector@2db39e62{HTTP/1.1, (http/1.1)}{0.0.0.0:32945}
2023-02-28 20:10:13,814 [Listener at 127.0.0.1/35937] INFO  server.Server (Server.java:doStart(415)) - Started @122499ms
2023-02-28 20:10:13,815 [Listener at 127.0.0.1/35937] WARN  impl.MetricsSystemImpl (MetricsSystemImpl.java:register(279)) - Sink prometheus already exists!
2023-02-28 20:10:13,815 [Listener at 127.0.0.1/35937] INFO  http.BaseHttpServer (BaseHttpServer.java:updateConnectorAddress(333)) - HTTP server of hddsDatanode listening at http://0.0.0.0:32945
2023-02-28 20:10:13,818 [Listener at 127.0.0.1/35937] WARN  impl.MetricRegistriesImpl (MetricRegistriesImpl.java:addReporterRegistration(111)) - New reporters are added after registries were created. Some metrics will be missing from the reporter. Please add reporter before adding any new registry.
2023-02-28 20:10:13,818 [Listener at 127.0.0.1/35937] WARN  impl.MetricRegistriesImpl (MetricRegistriesImpl.java:addReporterRegistration(111)) - New reporters are added after registries were created. Some metrics will be missing from the reporter. Please add reporter before adding any new registry.
2023-02-28 20:10:13,818 [Listener at 127.0.0.1/35937] INFO  impl.MetricsSystemImpl (MetricsSystemImpl.java:init(158)) - HddsDatanode metrics system started (again)
2023-02-28 20:10:13,822 [Datanode State Machine Daemon Thread] INFO  statemachine.DatanodeStateMachine (DatanodeStateMachine.java:lambda$startDaemon$0(516)) - Ozone container server started.
2023-02-28 20:10:13,830 [org.apache.hadoop.util.JvmPauseMonitor$Monitor@336db8f0] INFO  util.JvmPauseMonitor (JvmPauseMonitor.java:run(188)) - Starting JVM pause monitor
2023-02-28 20:10:13,831 [Datanode State Machine Task Thread - 0] INFO  datanode.InitDatanodeState (InitDatanodeState.java:persistContainerDatanodeDetails(138)) - DatanodeDetails is persisted to /home/runner/work/ozone/ozone/hadoop-ozone/integration-test/target/test-dir/MiniOzoneClusterImpl-9e11fa7e-4972-4825-87e7-ebdcd03a38ce/datanode-1/meta/datanode.id
2023-02-28 20:10:13,841 [Listener at 127.0.0.1/35937] INFO  ozone.HddsDatanodeService (HddsDatanodeService.java:start(228)) - HddsDatanodeService host:fv-az399-334 ip:10.1.1.15
2023-02-28 20:10:13,860 [Listener at 127.0.0.1/35937] INFO  upgrade.AbstractLayoutVersionManager (AbstractLayoutVersionManager.java:init(83)) - Initializing Layout version manager with metadata layout = DATANODE_SCHEMA_V3 (version = 4), software layout = DATANODE_SCHEMA_V3 (version = 4)
2023-02-28 20:10:13,907 [Listener at 127.0.0.1/35937] INFO  reflections.Reflections (Reflections.java:scan(232)) - Reflections took 44 ms to scan 7 urls, producing 151 keys and 364 values 
2023-02-28 20:10:13,909 [Listener at 127.0.0.1/35937] INFO  statemachine.DatanodeStateMachine (DatanodeStateMachine.java:getEndPointTaskThreadPoolSize(260)) - Datanode State Machine Task Thread Pool size 2
2023-02-28 20:10:13,911 [Listener at 127.0.0.1/35937] INFO  volume.HddsVolume (HddsVolume.java:<init>(122)) - Creating HddsVolume: /home/runner/work/ozone/ozone/hadoop-ozone/integration-test/target/test-dir/MiniOzoneClusterImpl-9e11fa7e-4972-4825-87e7-ebdcd03a38ce/datanode-2/data-0/containers/hdds of storage type : DISK capacity : 9223372036854775807
2023-02-28 20:10:13,912 [Listener at 127.0.0.1/35937] INFO  volume.MutableVolumeSet (MutableVolumeSet.java:initializeVolumeSet(174)) - Added Volume : /home/runner/work/ozone/ozone/hadoop-ozone/integration-test/target/test-dir/MiniOzoneClusterImpl-9e11fa7e-4972-4825-87e7-ebdcd03a38ce/datanode-2/data-0/containers/hdds to VolumeSet
2023-02-28 20:10:13,912 [Listener at 127.0.0.1/35937] INFO  volume.ThrottledAsyncChecker (ThrottledAsyncChecker.java:schedule(141)) - Scheduling a check for /home/runner/work/ozone/ozone/hadoop-ozone/integration-test/target/test-dir/MiniOzoneClusterImpl-9e11fa7e-4972-4825-87e7-ebdcd03a38ce/datanode-2/data-0/containers/hdds
2023-02-28 20:10:13,918 [Listener at 127.0.0.1/35937] INFO  volume.StorageVolumeChecker (StorageVolumeChecker.java:checkAllVolumes(202)) - Scheduled health check for volume /home/runner/work/ozone/ozone/hadoop-ozone/integration-test/target/test-dir/MiniOzoneClusterImpl-9e11fa7e-4972-4825-87e7-ebdcd03a38ce/datanode-2/data-0/containers/hdds
2023-02-28 20:10:13,929 [Listener at 127.0.0.1/35937] INFO  volume.MutableVolumeSet (MutableVolumeSet.java:initializeVolumeSet(174)) - Added Volume : /home/runner/work/ozone/ozone/hadoop-ozone/integration-test/target/test-dir/MiniOzoneClusterImpl-9e11fa7e-4972-4825-87e7-ebdcd03a38ce/datanode-2/data/ratis to VolumeSet
2023-02-28 20:10:13,929 [Listener at 127.0.0.1/35937] INFO  volume.ThrottledAsyncChecker (ThrottledAsyncChecker.java:schedule(141)) - Scheduling a check for /home/runner/work/ozone/ozone/hadoop-ozone/integration-test/target/test-dir/MiniOzoneClusterImpl-9e11fa7e-4972-4825-87e7-ebdcd03a38ce/datanode-2/data/ratis
2023-02-28 20:10:13,929 [Listener at 127.0.0.1/35937] INFO  volume.StorageVolumeChecker (StorageVolumeChecker.java:checkAllVolumes(202)) - Scheduled health check for volume /home/runner/work/ozone/ozone/hadoop-ozone/integration-test/target/test-dir/MiniOzoneClusterImpl-9e11fa7e-4972-4825-87e7-ebdcd03a38ce/datanode-2/data/ratis
2023-02-28 20:10:13,941 [Thread-16997] INFO  ozoneimpl.ContainerReader (ContainerReader.java:readVolume(175)) - Finish verifying containers on volume /home/runner/work/ozone/ozone/hadoop-ozone/integration-test/target/test-dir/MiniOzoneClusterImpl-9e11fa7e-4972-4825-87e7-ebdcd03a38ce/datanode-2/data-0/containers/hdds
2023-02-28 20:10:13,941 [Listener at 127.0.0.1/35937] INFO  ozoneimpl.OzoneContainer (OzoneContainer.java:buildContainerSet(304)) - Build ContainerSet costs 0s
2023-02-28 20:10:13,943 [Listener at 127.0.0.1/35937] INFO  server.RaftServer (ConfUtils.java:logGet(46)) - raft.rpc.type = GRPC (default)
2023-02-28 20:10:13,943 [Listener at 127.0.0.1/35937] INFO  grpc.GrpcConfigKeys (ConfUtils.java:logFallback(53)) - raft.grpc.admin.host = null (fallback to raft.grpc.server.host)
2023-02-28 20:10:13,943 [Listener at 127.0.0.1/35937] INFO  grpc.GrpcConfigKeys (ConfUtils.java:logGet(46)) - raft.grpc.admin.port = 0 (custom)
2023-02-28 20:10:13,943 [Listener at 127.0.0.1/35937] INFO  grpc.GrpcConfigKeys (ConfUtils.java:logFallback(53)) - raft.grpc.client.host = null (fallback to raft.grpc.server.host)
2023-02-28 20:10:13,943 [Listener at 127.0.0.1/35937] INFO  grpc.GrpcConfigKeys (ConfUtils.java:logGet(46)) - raft.grpc.client.port = 0 (custom)
2023-02-28 20:10:13,943 [Listener at 127.0.0.1/35937] INFO  grpc.GrpcConfigKeys (ConfUtils.java:logGet(46)) - raft.grpc.server.host = null (default)
2023-02-28 20:10:13,943 [Listener at 127.0.0.1/35937] INFO  grpc.GrpcConfigKeys (ConfUtils.java:logGet(46)) - raft.grpc.server.port = 0 (default)
2023-02-28 20:10:13,943 [Listener at 127.0.0.1/35937] INFO  server.GrpcService (ConfUtils.java:logGet(46)) - raft.grpc.message.size.max = 32MB (=33554432) (custom)
2023-02-28 20:10:13,943 [Listener at 127.0.0.1/35937] INFO  server.RaftServerConfigKeys (ConfUtils.java:logGet(46)) - raft.server.log.appender.buffer.byte-limit = 33554432 (custom)
2023-02-28 20:10:13,944 [Listener at 127.0.0.1/35937] INFO  server.GrpcService (ConfUtils.java:logGet(46)) - raft.grpc.flow.control.window = 5MB (=5242880) (custom)
2023-02-28 20:10:13,944 [Listener at 127.0.0.1/35937] INFO  server.RaftServerConfigKeys (ConfUtils.java:logGet(46)) - raft.server.rpc.request.timeout = 60s (custom)
2023-02-28 20:10:13,944 [Listener at 127.0.0.1/35937] INFO  grpc.GrpcConfigKeys (ConfUtils.java:logGet(46)) - raft.grpc.server.heartbeat.channel = true (default)
2023-02-28 20:10:13,944 [Listener at 127.0.0.1/35937] INFO  grpc.GrpcConfigKeys (ConfUtils.java:logGet(46)) - raft.grpc.server.async.request.thread.pool.cached = true (default)
2023-02-28 20:10:13,944 [Listener at 127.0.0.1/35937] INFO  grpc.GrpcConfigKeys (ConfUtils.java:logGet(46)) - raft.grpc.server.async.request.thread.pool.size = 32 (default)
2023-02-28 20:10:13,945 [Listener at 127.0.0.1/35937] INFO  impl.DataStreamServerImpl (ConfUtils.java:logGet(46)) - raft.datastream.type = NETTY (custom)
2023-02-28 20:10:13,945 [Listener at 127.0.0.1/35937] INFO  server.RaftServerConfigKeys (ConfUtils.java:logGet(46)) - raft.server.data-stream.async.request.thread.pool.cached = false (default)
2023-02-28 20:10:13,945 [Listener at 127.0.0.1/35937] INFO  server.RaftServerConfigKeys (ConfUtils.java:logGet(46)) - raft.server.data-stream.async.request.thread.pool.size = 20 (custom)
2023-02-28 20:10:13,945 [Listener at 127.0.0.1/35937] INFO  server.RaftServerConfigKeys (ConfUtils.java:logGet(46)) - raft.server.data-stream.async.write.thread.pool.size = 16 (default)
2023-02-28 20:10:13,946 [Listener at 127.0.0.1/35937] INFO  server.RaftServerConfigKeys (ConfUtils.java:logGet(46)) - raft.server.data-stream.client.pool.size = 10 (default)
2023-02-28 20:10:13,946 [Listener at 127.0.0.1/35937] INFO  netty.NettyConfigKeys$DataStream (ConfUtils.java:logGet(46)) - raft.netty.dataStream.server.use-epoll = false (default)
2023-02-28 20:10:13,946 [Listener at 127.0.0.1/35937] INFO  netty.NettyConfigKeys$DataStream (ConfUtils.java:logGet(46)) - raft.netty.dataStream.server.boss-group.size = 0 (default)
2023-02-28 20:10:13,946 [Listener at 127.0.0.1/35937] INFO  netty.NettyConfigKeys$DataStream (ConfUtils.java:logGet(46)) - raft.netty.dataStream.server.worker-group.size = 0 (default)
2023-02-28 20:10:13,946 [Listener at 127.0.0.1/35937] INFO  netty.NettyConfigKeys$DataStream (ConfUtils.java:logGet(46)) - raft.netty.dataStream.server.tls.conf = null (default)
2023-02-28 20:10:13,947 [Listener at 127.0.0.1/35937] INFO  netty.NettyConfigKeys$DataStream (ConfUtils.java:logGet(46)) - raft.netty.dataStream.host = null (default)
2023-02-28 20:10:13,947 [Listener at 127.0.0.1/35937] INFO  netty.NettyConfigKeys$DataStream (ConfUtils.java:logGet(46)) - raft.netty.dataStream.port = 0 (default)
2023-02-28 20:10:13,947 [Listener at 127.0.0.1/35937] INFO  server.RaftServerConfigKeys (ConfUtils.java:logGet(46)) - raft.server.threadpool.proxy.cached = true (default)
2023-02-28 20:10:13,947 [Listener at 127.0.0.1/35937] INFO  server.RaftServerConfigKeys (ConfUtils.java:logGet(46)) - raft.server.threadpool.proxy.size = 0 (default)
2023-02-28 20:10:13,947 [Listener at 127.0.0.1/35937] INFO  server.RaftServerConfigKeys (ConfUtils.java:logGet(46)) - raft.server.rpc.slowness.timeout = 300s (custom)
2023-02-28 20:10:13,947 [eae64dd3-82ca-4abe-8982-cc6124070574-NettyServerStreamRpc-bossGroup--thread1] INFO  logging.LoggingHandler (AbstractInternalLogger.java:log(148)) - [id: 0x038c111b] REGISTERED
2023-02-28 20:10:13,947 [Listener at 127.0.0.1/35937] INFO  server.RaftServerConfigKeys (ConfUtils.java:logGet(46)) - raft.server.leaderelection.leader.step-down.wait-time = 10s (default)
2023-02-28 20:10:13,948 [eae64dd3-82ca-4abe-8982-cc6124070574-NettyServerStreamRpc-bossGroup--thread1] INFO  logging.LoggingHandler (AbstractInternalLogger.java:log(148)) - [id: 0x038c111b] BIND: 0.0.0.0/0.0.0.0:0
2023-02-28 20:10:13,948 [Listener at 127.0.0.1/35937] INFO  server.RaftServerConfigKeys (ConfUtils.java:logGet(46)) - raft.server.storage.dir = [/home/runner/work/ozone/ozone/hadoop-ozone/integration-test/target/test-dir/MiniOzoneClusterImpl-9e11fa7e-4972-4825-87e7-ebdcd03a38ce/datanode-2/data/ratis] (custom)
2023-02-28 20:10:13,948 [eae64dd3-82ca-4abe-8982-cc6124070574-NettyServerStreamRpc-bossGroup--thread1] INFO  logging.LoggingHandler (AbstractInternalLogger.java:log(148)) - [id: 0x038c111b, L:/0:0:0:0:0:0:0:0:37921] ACTIVE
2023-02-28 20:10:13,949 [Listener at 127.0.0.1/35937] INFO  server.XceiverServerGrpc (XceiverServerGrpc.java:<init>(132)) - GrpcServer channel type EpollServerSocketChannel
2023-02-28 20:10:13,952 [Listener at 127.0.0.1/35937] INFO  http.BaseHttpServer (BaseHttpServer.java:newHttpServer2BuilderForOzone(213)) - Starting Web-server for hddsDatanode at: http://0.0.0.0:0
2023-02-28 20:10:13,953 [Listener at 127.0.0.1/35937] INFO  http.BaseHttpServer (BaseHttpServer.java:<init>(108)) - Hadoop Security Enabled: false Ozone Security Enabled: false Ozone HTTP Security Enabled: false 
2023-02-28 20:10:13,956 [Listener at 127.0.0.1/35937] WARN  server.AuthenticationFilter (AuthenticationFilter.java:constructSecretProvider(240)) - Unable to initialize FileSignerSecretProvider, falling back to use random secrets. Reason: Could not read signature secret file: /home/runner/hadoop-http-auth-signature-secret
2023-02-28 20:10:13,957 [Listener at 127.0.0.1/35937] WARN  http.HttpRequestLog (HttpRequestLog.java:getRequestLog(103)) - Jetty request log can only be enabled using Log4j
2023-02-28 20:10:13,958 [Listener at 127.0.0.1/35937] INFO  http.HttpServer2 (HttpServer2.java:addGlobalFilter(1031)) - Added global filter 'safety' (class=org.apache.hadoop.hdds.server.http.HttpServer2$QuotingInputFilter)
2023-02-28 20:10:13,958 [Listener at 127.0.0.1/35937] INFO  http.HttpServer2 (HttpServer2.java:addFilter(1007)) - Added filter static_user_filter (class=org.apache.hadoop.http.lib.StaticUserWebFilter$StaticUserFilter) to context hddsDatanode
2023-02-28 20:10:13,958 [Listener at 127.0.0.1/35937] INFO  http.HttpServer2 (HttpServer2.java:addFilter(1015)) - Added filter static_user_filter (class=org.apache.hadoop.http.lib.StaticUserWebFilter$StaticUserFilter) to context static
2023-02-28 20:10:13,958 [Listener at 127.0.0.1/35937] INFO  http.HttpServer2 (HttpServer2.java:addFilter(1015)) - Added filter static_user_filter (class=org.apache.hadoop.http.lib.StaticUserWebFilter$StaticUserFilter) to context logs
2023-02-28 20:10:13,959 [Listener at 127.0.0.1/35937] INFO  http.HttpServer2 (HttpServer2.java:bindListener(1250)) - Jetty bound to port 39941
2023-02-28 20:10:13,959 [Listener at 127.0.0.1/35937] INFO  server.Server (Server.java:doStart(375)) - jetty-9.4.49.v20220914; built: 2022-09-14T01:07:36.601Z; git: 4231a3b2e4cb8548a412a789936d640a97b1aa0a; jvm 1.8.0_362-b09
2023-02-28 20:10:13,960 [Listener at 127.0.0.1/35937] INFO  server.session (DefaultSessionIdManager.java:doStart(334)) - DefaultSessionIdManager workerName=node0
2023-02-28 20:10:13,960 [Listener at 127.0.0.1/35937] INFO  server.session (DefaultSessionIdManager.java:doStart(339)) - No SessionScavenger set, using defaults
2023-02-28 20:10:13,962 [Listener at 127.0.0.1/35937] INFO  server.session (HouseKeeper.java:startScavenging(132)) - node0 Scavenging every 660000ms
2023-02-28 20:10:13,963 [Listener at 127.0.0.1/35937] INFO  handler.ContextHandler (ContextHandler.java:doStart(921)) - Started o.e.j.s.ServletContextHandler@32be84f5{logs,/logs,file:///home/runner/work/ozone/ozone/hadoop-ozone/integration-test/target/log,AVAILABLE}
2023-02-28 20:10:13,963 [Listener at 127.0.0.1/35937] INFO  handler.ContextHandler (ContextHandler.java:doStart(921)) - Started o.e.j.s.ServletContextHandler@1096c2b0{static,/static,jar:file:/home/runner/.m2/repository/org/apache/ozone/hdds-container-service/1.4.0-SNAPSHOT/hdds-container-service-1.4.0-SNAPSHOT.jar!/webapps/static,AVAILABLE}
2023-02-28 20:10:13,996 [EndpointStateMachine task thread for /0.0.0.0:46809 - 0 ] INFO  ipc.Client (Client.java:handleConnectionFailure(1010)) - Retrying connect to server: 0.0.0.0/0.0.0.0:46809. Already tried 6 time(s); retry policy is RetryUpToMaximumCountWithFixedSleep(maxRetries=15, sleepTime=1000 MILLISECONDS)
2023-02-28 20:10:14,157 [Listener at 127.0.0.1/35937] INFO  handler.ContextHandler (ContextHandler.java:doStart(921)) - Started o.e.j.w.WebAppContext@3de6d205{hddsDatanode,/,file:///tmp/jetty-0_0_0_0-39941-hdds-container-service-1_4_0-SNAPSHOT_jar-_-any-9040681551840706614/webapp/,AVAILABLE}{jar:file:/home/runner/.m2/repository/org/apache/ozone/hdds-container-service/1.4.0-SNAPSHOT/hdds-container-service-1.4.0-SNAPSHOT.jar!/webapps/hddsDatanode}
2023-02-28 20:10:14,159 [Listener at 127.0.0.1/35937] INFO  server.AbstractConnector (AbstractConnector.java:doStart(333)) - Started ServerConnector@5e951e{HTTP/1.1, (http/1.1)}{0.0.0.0:39941}
2023-02-28 20:10:14,159 [Listener at 127.0.0.1/35937] INFO  server.Server (Server.java:doStart(415)) - Started @122843ms
2023-02-28 20:10:14,159 [Listener at 127.0.0.1/35937] WARN  impl.MetricsSystemImpl (MetricsSystemImpl.java:register(279)) - Sink prometheus already exists!
2023-02-28 20:10:14,160 [Listener at 127.0.0.1/35937] INFO  http.BaseHttpServer (BaseHttpServer.java:updateConnectorAddress(333)) - HTTP server of hddsDatanode listening at http://0.0.0.0:39941
2023-02-28 20:10:14,160 [Datanode State Machine Daemon Thread] INFO  statemachine.DatanodeStateMachine (DatanodeStateMachine.java:lambda$startDaemon$0(516)) - Ozone container server started.
2023-02-28 20:10:14,160 [Listener at 127.0.0.1/35937] INFO  ozone.MiniOzoneClusterImpl (MiniOzoneClusterImpl.java:lambda$waitForClusterToBeReady$0(218)) - Waiting for nodes to be ready. Got 0 of 3 DN Heartbeats.
2023-02-28 20:10:14,162 [Listener at 127.0.0.1/35937] INFO  ozone.MiniOzoneClusterImpl (MiniOzoneClusterImpl.java:lambda$waitForClusterToBeReady$0(221)) - Waiting for cluster to exit safe mode
2023-02-28 20:10:14,162 [Listener at 127.0.0.1/35937] INFO  ozone.MiniOzoneClusterImpl (MiniOzoneClusterImpl.java:lambda$waitForClusterToBeReady$0(223)) - SCM became leader
2023-02-28 20:10:14,168 [org.apache.hadoop.util.JvmPauseMonitor$Monitor@ee24a3e] INFO  util.JvmPauseMonitor (JvmPauseMonitor.java:run(188)) - Starting JVM pause monitor
2023-02-28 20:10:14,169 [Datanode State Machine Task Thread - 0] INFO  datanode.InitDatanodeState (InitDatanodeState.java:persistContainerDatanodeDetails(138)) - DatanodeDetails is persisted to /home/runner/work/ozone/ozone/hadoop-ozone/integration-test/target/test-dir/MiniOzoneClusterImpl-9e11fa7e-4972-4825-87e7-ebdcd03a38ce/datanode-2/meta/datanode.id
2023-02-28 20:10:14,997 [EndpointStateMachine task thread for /0.0.0.0:46809 - 0 ] INFO  ipc.Client (Client.java:handleConnectionFailure(1010)) - Retrying connect to server: 0.0.0.0/0.0.0.0:46809. Already tried 7 time(s); retry policy is RetryUpToMaximumCountWithFixedSleep(maxRetries=15, sleepTime=1000 MILLISECONDS)
2023-02-28 20:10:15,162 [Listener at 127.0.0.1/35937] INFO  ozone.MiniOzoneClusterImpl (MiniOzoneClusterImpl.java:lambda$waitForClusterToBeReady$0(218)) - Waiting for nodes to be ready. Got 0 of 3 DN Heartbeats.
2023-02-28 20:10:15,162 [Listener at 127.0.0.1/35937] INFO  ozone.MiniOzoneClusterImpl (MiniOzoneClusterImpl.java:lambda$waitForClusterToBeReady$0(221)) - Waiting for cluster to exit safe mode
2023-02-28 20:10:15,163 [Listener at 127.0.0.1/35937] INFO  ozone.MiniOzoneClusterImpl (MiniOzoneClusterImpl.java:lambda$waitForClusterToBeReady$0(223)) - SCM became leader
2023-02-28 20:10:15,539 [EndpointStateMachine task thread for /0.0.0.0:45597 - 0 ] INFO  utils.DatanodeStoreCache (DatanodeStoreCache.java:addDB(58)) - Added db /home/runner/work/ozone/ozone/hadoop-ozone/integration-test/target/test-dir/MiniOzoneClusterImpl-9e11fa7e-4972-4825-87e7-ebdcd03a38ce/datanode-0/data-0/containers/hdds/9e11fa7e-4972-4825-87e7-ebdcd03a38ce/DS-e2225950-6efc-410c-8123-90e938ada7ba/container.db to cache
2023-02-28 20:10:15,540 [EndpointStateMachine task thread for /0.0.0.0:45597 - 0 ] INFO  volume.HddsVolume (HddsVolume.java:createDbStore(331)) - SchemaV3 db is created and loaded at /home/runner/work/ozone/ozone/hadoop-ozone/integration-test/target/test-dir/MiniOzoneClusterImpl-9e11fa7e-4972-4825-87e7-ebdcd03a38ce/datanode-0/data-0/containers/hdds/9e11fa7e-4972-4825-87e7-ebdcd03a38ce/DS-e2225950-6efc-410c-8123-90e938ada7ba/container.db for volume DS-e2225950-6efc-410c-8123-90e938ada7ba
2023-02-28 20:10:15,540 [EndpointStateMachine task thread for /0.0.0.0:45597 - 0 ] INFO  ozoneimpl.OzoneContainer (OzoneContainer.java:start(398)) - Attempting to start container services.
2023-02-28 20:10:15,540 [EndpointStateMachine task thread for /0.0.0.0:45597 - 0 ] INFO  ozoneimpl.OzoneContainer (OzoneContainer.java:startContainerScrub(315)) - Scheduled background container scanners and the on-demand container scanner have been disabled.
2023-02-28 20:10:15,543 [EndpointStateMachine task thread for /0.0.0.0:45597 - 0 ] INFO  replication.ReplicationServer (ReplicationServer.java:start(109)) - ReplicationServer is started using port 46079
2023-02-28 20:10:15,543 [EndpointStateMachine task thread for /0.0.0.0:45597 - 0 ] INFO  ratis.XceiverServerRatis (XceiverServerRatis.java:start(518)) - Starting XceiverServerRatis 5934c68d-b896-470a-9875-633bc32aae4b
2023-02-28 20:10:15,544 [EndpointStateMachine task thread for /0.0.0.0:45597 - 0 ] INFO  server.RaftServer (RaftServerProxy.java:startImpl(393)) - 5934c68d-b896-470a-9875-633bc32aae4b: start RPC server
2023-02-28 20:10:15,548 [EndpointStateMachine task thread for /0.0.0.0:45597 - 0 ] INFO  server.GrpcService (GrpcService.java:startImpl(262)) - 5934c68d-b896-470a-9875-633bc32aae4b: GrpcService started, listening on 42749
2023-02-28 20:10:15,548 [EndpointStateMachine task thread for /0.0.0.0:45597 - 0 ] INFO  ratis.XceiverServerRatis (XceiverServerRatis.java:getRealPort(544)) - XceiverServerRatis 5934c68d-b896-470a-9875-633bc32aae4b is started using port 42749 for RATIS
2023-02-28 20:10:15,548 [JvmPauseMonitor15] INFO  util.JvmPauseMonitor (JvmPauseMonitor.java:run(105)) - JvmPauseMonitor-5934c68d-b896-470a-9875-633bc32aae4b: Started
2023-02-28 20:10:15,548 [EndpointStateMachine task thread for /0.0.0.0:45597 - 0 ] INFO  ratis.XceiverServerRatis (XceiverServerRatis.java:getRealPort(544)) - XceiverServerRatis 5934c68d-b896-470a-9875-633bc32aae4b is started using port 42749 for RATIS_ADMIN
2023-02-28 20:10:15,548 [EndpointStateMachine task thread for /0.0.0.0:45597 - 0 ] INFO  ratis.XceiverServerRatis (XceiverServerRatis.java:getRealPort(544)) - XceiverServerRatis 5934c68d-b896-470a-9875-633bc32aae4b is started using port 42749 for RATIS_SERVER
2023-02-28 20:10:15,548 [EndpointStateMachine task thread for /0.0.0.0:45597 - 0 ] INFO  ratis.XceiverServerRatis (XceiverServerRatis.java:getRealPort(544)) - XceiverServerRatis 5934c68d-b896-470a-9875-633bc32aae4b is started using port 34149 for RATIS_DATASTREAM
2023-02-28 20:10:15,551 [EndpointStateMachine task thread for /0.0.0.0:45597 - 0 ] INFO  server.XceiverServerGrpc (XceiverServerGrpc.java:start(180)) - XceiverServerGrpc 5934c68d-b896-470a-9875-633bc32aae4b is started using port 39435
2023-02-28 20:10:15,551 [BlockDeletingService#0] INFO  interfaces.ContainerDeletionChoosingPolicyTemplate (ContainerDeletionChoosingPolicyTemplate.java:chooseContainerForBlockDeletion(83)) - Chosen 0/5000 blocks from 0 candidate containers.
2023-02-28 20:10:15,858 [EndpointStateMachine task thread for /0.0.0.0:45597 - 0 ] INFO  utils.DatanodeStoreCache (DatanodeStoreCache.java:addDB(58)) - Added db /home/runner/work/ozone/ozone/hadoop-ozone/integration-test/target/test-dir/MiniOzoneClusterImpl-9e11fa7e-4972-4825-87e7-ebdcd03a38ce/datanode-1/data-0/containers/hdds/9e11fa7e-4972-4825-87e7-ebdcd03a38ce/DS-84e9ea28-feda-4116-a2b5-5241ec965271/container.db to cache
2023-02-28 20:10:15,858 [EndpointStateMachine task thread for /0.0.0.0:45597 - 0 ] INFO  volume.HddsVolume (HddsVolume.java:createDbStore(331)) - SchemaV3 db is created and loaded at /home/runner/work/ozone/ozone/hadoop-ozone/integration-test/target/test-dir/MiniOzoneClusterImpl-9e11fa7e-4972-4825-87e7-ebdcd03a38ce/datanode-1/data-0/containers/hdds/9e11fa7e-4972-4825-87e7-ebdcd03a38ce/DS-84e9ea28-feda-4116-a2b5-5241ec965271/container.db for volume DS-84e9ea28-feda-4116-a2b5-5241ec965271
2023-02-28 20:10:15,859 [EndpointStateMachine task thread for /0.0.0.0:45597 - 0 ] INFO  ozoneimpl.OzoneContainer (OzoneContainer.java:start(398)) - Attempting to start container services.
2023-02-28 20:10:15,859 [EndpointStateMachine task thread for /0.0.0.0:45597 - 0 ] INFO  ozoneimpl.OzoneContainer (OzoneContainer.java:startContainerScrub(315)) - Scheduled background container scanners and the on-demand container scanner have been disabled.
2023-02-28 20:10:15,862 [EndpointStateMachine task thread for /0.0.0.0:45597 - 0 ] INFO  replication.ReplicationServer (ReplicationServer.java:start(109)) - ReplicationServer is started using port 36385
2023-02-28 20:10:15,862 [EndpointStateMachine task thread for /0.0.0.0:45597 - 0 ] INFO  ratis.XceiverServerRatis (XceiverServerRatis.java:start(518)) - Starting XceiverServerRatis 3f3cc37b-1bfe-4d0c-a49a-ec76f450a0b5
2023-02-28 20:10:15,863 [EndpointStateMachine task thread for /0.0.0.0:45597 - 0 ] INFO  server.RaftServer (RaftServerProxy.java:startImpl(393)) - 3f3cc37b-1bfe-4d0c-a49a-ec76f450a0b5: start RPC server
2023-02-28 20:10:15,866 [EndpointStateMachine task thread for /0.0.0.0:45597 - 0 ] INFO  server.GrpcService (GrpcService.java:startImpl(262)) - 3f3cc37b-1bfe-4d0c-a49a-ec76f450a0b5: GrpcService started, listening on 44541
2023-02-28 20:10:15,867 [EndpointStateMachine task thread for /0.0.0.0:45597 - 0 ] INFO  ratis.XceiverServerRatis (XceiverServerRatis.java:getRealPort(544)) - XceiverServerRatis 3f3cc37b-1bfe-4d0c-a49a-ec76f450a0b5 is started using port 44541 for RATIS
2023-02-28 20:10:15,867 [EndpointStateMachine task thread for /0.0.0.0:45597 - 0 ] INFO  ratis.XceiverServerRatis (XceiverServerRatis.java:getRealPort(544)) - XceiverServerRatis 3f3cc37b-1bfe-4d0c-a49a-ec76f450a0b5 is started using port 44541 for RATIS_ADMIN
2023-02-28 20:10:15,867 [JvmPauseMonitor16] INFO  util.JvmPauseMonitor (JvmPauseMonitor.java:run(105)) - JvmPauseMonitor-3f3cc37b-1bfe-4d0c-a49a-ec76f450a0b5: Started
2023-02-28 20:10:15,867 [EndpointStateMachine task thread for /0.0.0.0:45597 - 0 ] INFO  ratis.XceiverServerRatis (XceiverServerRatis.java:getRealPort(544)) - XceiverServerRatis 3f3cc37b-1bfe-4d0c-a49a-ec76f450a0b5 is started using port 44541 for RATIS_SERVER
2023-02-28 20:10:15,867 [EndpointStateMachine task thread for /0.0.0.0:45597 - 0 ] INFO  ratis.XceiverServerRatis (XceiverServerRatis.java:getRealPort(544)) - XceiverServerRatis 3f3cc37b-1bfe-4d0c-a49a-ec76f450a0b5 is started using port 43275 for RATIS_DATASTREAM
2023-02-28 20:10:15,870 [EndpointStateMachine task thread for /0.0.0.0:45597 - 0 ] INFO  server.XceiverServerGrpc (XceiverServerGrpc.java:start(180)) - XceiverServerGrpc 3f3cc37b-1bfe-4d0c-a49a-ec76f450a0b5 is started using port 39011
2023-02-28 20:10:15,870 [BlockDeletingService#0] INFO  interfaces.ContainerDeletionChoosingPolicyTemplate (ContainerDeletionChoosingPolicyTemplate.java:chooseContainerForBlockDeletion(83)) - Chosen 0/5000 blocks from 0 candidate containers.
2023-02-28 20:10:15,997 [EndpointStateMachine task thread for /0.0.0.0:46809 - 0 ] INFO  ipc.Client (Client.java:handleConnectionFailure(1010)) - Retrying connect to server: 0.0.0.0/0.0.0.0:46809. Already tried 8 time(s); retry policy is RetryUpToMaximumCountWithFixedSleep(maxRetries=15, sleepTime=1000 MILLISECONDS)
2023-02-28 20:10:16,163 [Listener at 127.0.0.1/35937] INFO  ozone.MiniOzoneClusterImpl (MiniOzoneClusterImpl.java:lambda$waitForClusterToBeReady$0(218)) - Waiting for nodes to be ready. Got 0 of 3 DN Heartbeats.
2023-02-28 20:10:16,163 [Listener at 127.0.0.1/35937] INFO  ozone.MiniOzoneClusterImpl (MiniOzoneClusterImpl.java:lambda$waitForClusterToBeReady$0(221)) - Waiting for cluster to exit safe mode
2023-02-28 20:10:16,163 [Listener at 127.0.0.1/35937] INFO  ozone.MiniOzoneClusterImpl (MiniOzoneClusterImpl.java:lambda$waitForClusterToBeReady$0(223)) - SCM became leader
2023-02-28 20:10:16,195 [EndpointStateMachine task thread for /0.0.0.0:45597 - 0 ] INFO  utils.DatanodeStoreCache (DatanodeStoreCache.java:addDB(58)) - Added db /home/runner/work/ozone/ozone/hadoop-ozone/integration-test/target/test-dir/MiniOzoneClusterImpl-9e11fa7e-4972-4825-87e7-ebdcd03a38ce/datanode-2/data-0/containers/hdds/9e11fa7e-4972-4825-87e7-ebdcd03a38ce/DS-59edc980-1394-48b0-80bc-18fa64011643/container.db to cache
2023-02-28 20:10:16,195 [EndpointStateMachine task thread for /0.0.0.0:45597 - 0 ] INFO  volume.HddsVolume (HddsVolume.java:createDbStore(331)) - SchemaV3 db is created and loaded at /home/runner/work/ozone/ozone/hadoop-ozone/integration-test/target/test-dir/MiniOzoneClusterImpl-9e11fa7e-4972-4825-87e7-ebdcd03a38ce/datanode-2/data-0/containers/hdds/9e11fa7e-4972-4825-87e7-ebdcd03a38ce/DS-59edc980-1394-48b0-80bc-18fa64011643/container.db for volume DS-59edc980-1394-48b0-80bc-18fa64011643
2023-02-28 20:10:16,196 [EndpointStateMachine task thread for /0.0.0.0:45597 - 0 ] INFO  ozoneimpl.OzoneContainer (OzoneContainer.java:start(398)) - Attempting to start container services.
2023-02-28 20:10:16,196 [EndpointStateMachine task thread for /0.0.0.0:45597 - 0 ] INFO  ozoneimpl.OzoneContainer (OzoneContainer.java:startContainerScrub(315)) - Scheduled background container scanners and the on-demand container scanner have been disabled.
2023-02-28 20:10:16,206 [EndpointStateMachine task thread for /0.0.0.0:45597 - 0 ] INFO  replication.ReplicationServer (ReplicationServer.java:start(109)) - ReplicationServer is started using port 41049
2023-02-28 20:10:16,206 [EndpointStateMachine task thread for /0.0.0.0:45597 - 0 ] INFO  ratis.XceiverServerRatis (XceiverServerRatis.java:start(518)) - Starting XceiverServerRatis eae64dd3-82ca-4abe-8982-cc6124070574
2023-02-28 20:10:16,207 [EndpointStateMachine task thread for /0.0.0.0:45597 - 0 ] INFO  server.RaftServer (RaftServerProxy.java:startImpl(393)) - eae64dd3-82ca-4abe-8982-cc6124070574: start RPC server
2023-02-28 20:10:16,209 [EndpointStateMachine task thread for /0.0.0.0:45597 - 0 ] INFO  server.GrpcService (GrpcService.java:startImpl(262)) - eae64dd3-82ca-4abe-8982-cc6124070574: GrpcService started, listening on 37275
2023-02-28 20:10:16,209 [EndpointStateMachine task thread for /0.0.0.0:45597 - 0 ] INFO  ratis.XceiverServerRatis (XceiverServerRatis.java:getRealPort(544)) - XceiverServerRatis eae64dd3-82ca-4abe-8982-cc6124070574 is started using port 37275 for RATIS
2023-02-28 20:10:16,209 [EndpointStateMachine task thread for /0.0.0.0:45597 - 0 ] INFO  ratis.XceiverServerRatis (XceiverServerRatis.java:getRealPort(544)) - XceiverServerRatis eae64dd3-82ca-4abe-8982-cc6124070574 is started using port 37275 for RATIS_ADMIN
2023-02-28 20:10:16,209 [JvmPauseMonitor17] INFO  util.JvmPauseMonitor (JvmPauseMonitor.java:run(105)) - JvmPauseMonitor-eae64dd3-82ca-4abe-8982-cc6124070574: Started
2023-02-28 20:10:16,209 [EndpointStateMachine task thread for /0.0.0.0:45597 - 0 ] INFO  ratis.XceiverServerRatis (XceiverServerRatis.java:getRealPort(544)) - XceiverServerRatis eae64dd3-82ca-4abe-8982-cc6124070574 is started using port 37275 for RATIS_SERVER
2023-02-28 20:10:16,209 [EndpointStateMachine task thread for /0.0.0.0:45597 - 0 ] INFO  ratis.XceiverServerRatis (XceiverServerRatis.java:getRealPort(544)) - XceiverServerRatis eae64dd3-82ca-4abe-8982-cc6124070574 is started using port 37921 for RATIS_DATASTREAM
2023-02-28 20:10:16,214 [EndpointStateMachine task thread for /0.0.0.0:45597 - 0 ] INFO  server.XceiverServerGrpc (XceiverServerGrpc.java:start(180)) - XceiverServerGrpc eae64dd3-82ca-4abe-8982-cc6124070574 is started using port 38487
2023-02-28 20:10:16,215 [BlockDeletingService#0] INFO  interfaces.ContainerDeletionChoosingPolicyTemplate (ContainerDeletionChoosingPolicyTemplate.java:chooseContainerForBlockDeletion(83)) - Chosen 0/5000 blocks from 0 candidate containers.
2023-02-28 20:10:16,998 [EndpointStateMachine task thread for /0.0.0.0:46809 - 0 ] INFO  ipc.Client (Client.java:handleConnectionFailure(1010)) - Retrying connect to server: 0.0.0.0/0.0.0.0:46809. Already tried 9 time(s); retry policy is RetryUpToMaximumCountWithFixedSleep(maxRetries=15, sleepTime=1000 MILLISECONDS)
2023-02-28 20:10:17,163 [Listener at 127.0.0.1/35937] INFO  ozone.MiniOzoneClusterImpl (MiniOzoneClusterImpl.java:lambda$waitForClusterToBeReady$0(218)) - Waiting for nodes to be ready. Got 0 of 3 DN Heartbeats.
2023-02-28 20:10:17,164 [Listener at 127.0.0.1/35937] INFO  ozone.MiniOzoneClusterImpl (MiniOzoneClusterImpl.java:lambda$waitForClusterToBeReady$0(221)) - Waiting for cluster to exit safe mode
2023-02-28 20:10:17,164 [Listener at 127.0.0.1/35937] INFO  ozone.MiniOzoneClusterImpl (MiniOzoneClusterImpl.java:lambda$waitForClusterToBeReady$0(223)) - SCM became leader
2023-02-28 20:10:17,505 [IPC Server handler 2 on default port 45597] INFO  net.NetworkTopologyImpl (NetworkTopologyImpl.java:add(112)) - Added a new node: /default-rack/5934c68d-b896-470a-9875-633bc32aae4b
2023-02-28 20:10:17,506 [IPC Server handler 2 on default port 45597] INFO  node.SCMNodeManager (SCMNodeManager.java:register(397)) - Registered Data node : 5934c68d-b896-470a-9875-633bc32aae4b{ip: 10.1.1.15, host: fv-az399-334, ports: [REPLICATION=46079, RATIS=42749, RATIS_ADMIN=42749, RATIS_SERVER=42749, RATIS_DATASTREAM=34149, STANDALONE=39435], networkLocation: /default-rack, certSerialId: null, persistedOpState: null, persistedOpStateExpiryEpochSec: 0}
2023-02-28 20:10:17,511 [EventQueue-NewNodeForNewNodeHandler] INFO  pipeline.BackgroundPipelineCreator (BackgroundPipelineCreator.java:notifyEventTriggered(276)) - trigger a one-shot run on RatisPipelineUtilsThread.
2023-02-28 20:10:17,511 [EventQueue-PipelineReportForOneReplicaPipelineSafeModeRule] INFO  safemode.SCMSafeModeManager (SCMSafeModeManager.java:validateSafeModeExitRules(200)) - AtleastOneDatanodeReportedRule rule is successfully validated
2023-02-28 20:10:17,511 [RatisPipelineUtilsThread - 0] INFO  pipeline.RatisPipelineProvider (RatisPipelineProvider.java:lambda$create$0(206)) - Sending CreatePipelineCommand for pipeline:PipelineID=e2c08526-eea7-4499-be30-8e1ce4a1dbb8 to datanode:5934c68d-b896-470a-9875-633bc32aae4b
2023-02-28 20:10:17,513 [EventQueue-NodeRegistrationContainerReportForDataNodeSafeModeRule] INFO  safemode.SCMSafeModeManager (DataNodeSafeModeRule.java:process(71)) - SCM in safe mode. 1 DataNodes registered, 3 required.
2023-02-28 20:10:17,514 [EventQueue-NodeRegistrationContainerReportForContainerSafeModeRule] INFO  safemode.SCMSafeModeManager (SCMSafeModeManager.java:validateSafeModeExitRules(200)) - ContainerSafeModeRule rule is successfully validated
2023-02-28 20:10:17,514 [RatisPipelineUtilsThread - 0] INFO  pipeline.PipelineStateManagerImpl (PipelineStateManagerImpl.java:addPipeline(103)) - Created pipeline Pipeline[ Id: e2c08526-eea7-4499-be30-8e1ce4a1dbb8, Nodes: 5934c68d-b896-470a-9875-633bc32aae4b(fv-az399-334/10.1.1.15), ReplicationConfig: RATIS/ONE, State:ALLOCATED, leaderId:, CreationTimestamp2023-02-28T20:10:17.511Z[Etc/UTC]].
2023-02-28 20:10:17,831 [IPC Server handler 0 on default port 45597] INFO  net.NetworkTopologyImpl (NetworkTopologyImpl.java:add(112)) - Added a new node: /default-rack/3f3cc37b-1bfe-4d0c-a49a-ec76f450a0b5
2023-02-28 20:10:17,832 [IPC Server handler 0 on default port 45597] INFO  node.SCMNodeManager (SCMNodeManager.java:register(397)) - Registered Data node : 3f3cc37b-1bfe-4d0c-a49a-ec76f450a0b5{ip: 10.1.1.15, host: fv-az399-334, ports: [REPLICATION=36385, RATIS=44541, RATIS_ADMIN=44541, RATIS_SERVER=44541, RATIS_DATASTREAM=43275, STANDALONE=39011], networkLocation: /default-rack, certSerialId: null, persistedOpState: null, persistedOpStateExpiryEpochSec: 0}
2023-02-28 20:10:17,832 [EventQueue-NewNodeForNewNodeHandler] INFO  pipeline.BackgroundPipelineCreator (BackgroundPipelineCreator.java:notifyEventTriggered(276)) - trigger a one-shot run on RatisPipelineUtilsThread.
2023-02-28 20:10:17,833 [EventQueue-NodeRegistrationContainerReportForDataNodeSafeModeRule] INFO  safemode.SCMSafeModeManager (DataNodeSafeModeRule.java:process(71)) - SCM in safe mode. 2 DataNodes registered, 3 required.
2023-02-28 20:10:17,834 [RatisPipelineUtilsThread - 0] INFO  pipeline.RatisPipelineProvider (RatisPipelineProvider.java:lambda$create$0(206)) - Sending CreatePipelineCommand for pipeline:PipelineID=b66454de-0118-4dfb-aca9-f15dabe9cf81 to datanode:3f3cc37b-1bfe-4d0c-a49a-ec76f450a0b5
2023-02-28 20:10:17,835 [RatisPipelineUtilsThread - 0] INFO  pipeline.PipelineStateManagerImpl (PipelineStateManagerImpl.java:addPipeline(103)) - Created pipeline Pipeline[ Id: b66454de-0118-4dfb-aca9-f15dabe9cf81, Nodes: 3f3cc37b-1bfe-4d0c-a49a-ec76f450a0b5(fv-az399-334/10.1.1.15), ReplicationConfig: RATIS/ONE, State:ALLOCATED, leaderId:, CreationTimestamp2023-02-28T20:10:17.834Z[Etc/UTC]].
2023-02-28 20:10:17,999 [EndpointStateMachine task thread for /0.0.0.0:46809 - 0 ] INFO  ipc.Client (Client.java:handleConnectionFailure(1010)) - Retrying connect to server: 0.0.0.0/0.0.0.0:46809. Already tried 10 time(s); retry policy is RetryUpToMaximumCountWithFixedSleep(maxRetries=15, sleepTime=1000 MILLISECONDS)
2023-02-28 20:10:18,164 [Listener at 127.0.0.1/35937] INFO  ozone.MiniOzoneClusterImpl (MiniOzoneClusterImpl.java:lambda$waitForClusterToBeReady$0(218)) - Waiting for nodes to be ready. Got 2 of 3 DN Heartbeats.
2023-02-28 20:10:18,164 [Listener at 127.0.0.1/35937] INFO  ozone.MiniOzoneClusterImpl (MiniOzoneClusterImpl.java:lambda$waitForClusterToBeReady$0(221)) - Waiting for cluster to exit safe mode
2023-02-28 20:10:18,164 [Listener at 127.0.0.1/35937] INFO  ozone.MiniOzoneClusterImpl (MiniOzoneClusterImpl.java:lambda$waitForClusterToBeReady$0(223)) - SCM became leader
2023-02-28 20:10:18,169 [IPC Server handler 1 on default port 45597] INFO  net.NetworkTopologyImpl (NetworkTopologyImpl.java:add(112)) - Added a new node: /default-rack/eae64dd3-82ca-4abe-8982-cc6124070574
2023-02-28 20:10:18,169 [IPC Server handler 1 on default port 45597] INFO  node.SCMNodeManager (SCMNodeManager.java:register(397)) - Registered Data node : eae64dd3-82ca-4abe-8982-cc6124070574{ip: 10.1.1.15, host: fv-az399-334, ports: [REPLICATION=41049, RATIS=37275, RATIS_ADMIN=37275, RATIS_SERVER=37275, RATIS_DATASTREAM=37921, STANDALONE=38487], networkLocation: /default-rack, certSerialId: null, persistedOpState: null, persistedOpStateExpiryEpochSec: 0}
2023-02-28 20:10:18,169 [EventQueue-NewNodeForNewNodeHandler] INFO  pipeline.BackgroundPipelineCreator (BackgroundPipelineCreator.java:notifyEventTriggered(276)) - trigger a one-shot run on RatisPipelineUtilsThread.
2023-02-28 20:10:18,171 [EventQueue-NodeRegistrationContainerReportForDataNodeSafeModeRule] INFO  safemode.SCMSafeModeManager (DataNodeSafeModeRule.java:process(71)) - SCM in safe mode. 3 DataNodes registered, 3 required.
2023-02-28 20:10:18,171 [EventQueue-NodeRegistrationContainerReportForDataNodeSafeModeRule] INFO  safemode.SCMSafeModeManager (SCMSafeModeManager.java:validateSafeModeExitRules(200)) - DataNodeSafeModeRule rule is successfully validated
2023-02-28 20:10:18,171 [EventQueue-NodeRegistrationContainerReportForDataNodeSafeModeRule] INFO  safemode.SCMSafeModeManager (SCMSafeModeManager.java:completePreCheck(229)) - All SCM safe mode pre check rules have passed
2023-02-28 20:10:18,171 [EventQueue-NodeRegistrationContainerReportForDataNodeSafeModeRule] INFO  ha.SCMContext (SCMContext.java:updateSafeModeStatus(228)) - Update SafeModeStatus from SafeModeStatus{safeModeStatus=true, preCheckPassed=false} to SafeModeStatus{safeModeStatus=true, preCheckPassed=true}.
2023-02-28 20:10:18,171 [EventQueue-NodeRegistrationContainerReportForDataNodeSafeModeRule] INFO  pipeline.BackgroundPipelineCreator (BackgroundPipelineCreator.java:notifyEventTriggered(276)) - trigger a one-shot run on RatisPipelineUtilsThread.
2023-02-28 20:10:18,174 [RatisPipelineUtilsThread - 0] INFO  pipeline.RatisPipelineProvider (RatisPipelineProvider.java:lambda$create$0(206)) - Sending CreatePipelineCommand for pipeline:PipelineID=1fd7382f-f8eb-4084-8f2f-fabd5d8f3597 to datanode:eae64dd3-82ca-4abe-8982-cc6124070574
2023-02-28 20:10:18,175 [RatisPipelineUtilsThread - 0] INFO  pipeline.PipelineStateManagerImpl (PipelineStateManagerImpl.java:addPipeline(103)) - Created pipeline Pipeline[ Id: 1fd7382f-f8eb-4084-8f2f-fabd5d8f3597, Nodes: eae64dd3-82ca-4abe-8982-cc6124070574(fv-az399-334/10.1.1.15), ReplicationConfig: RATIS/ONE, State:ALLOCATED, leaderId:, CreationTimestamp2023-02-28T20:10:18.174Z[Etc/UTC]].
2023-02-28 20:10:18,175 [RatisPipelineUtilsThread - 0] INFO  pipeline.RatisPipelineProvider (RatisPipelineProvider.java:lambda$create$0(206)) - Sending CreatePipelineCommand for pipeline:PipelineID=0030b2ce-d580-460f-9c3b-e64569b96e86 to datanode:eae64dd3-82ca-4abe-8982-cc6124070574
2023-02-28 20:10:18,175 [RatisPipelineUtilsThread - 0] INFO  pipeline.RatisPipelineProvider (RatisPipelineProvider.java:lambda$create$0(206)) - Sending CreatePipelineCommand for pipeline:PipelineID=0030b2ce-d580-460f-9c3b-e64569b96e86 to datanode:5934c68d-b896-470a-9875-633bc32aae4b
2023-02-28 20:10:18,175 [RatisPipelineUtilsThread - 0] INFO  pipeline.RatisPipelineProvider (RatisPipelineProvider.java:lambda$create$0(206)) - Sending CreatePipelineCommand for pipeline:PipelineID=0030b2ce-d580-460f-9c3b-e64569b96e86 to datanode:3f3cc37b-1bfe-4d0c-a49a-ec76f450a0b5
2023-02-28 20:10:18,176 [RatisPipelineUtilsThread - 0] INFO  pipeline.PipelineStateManagerImpl (PipelineStateManagerImpl.java:addPipeline(103)) - Created pipeline Pipeline[ Id: 0030b2ce-d580-460f-9c3b-e64569b96e86, Nodes: eae64dd3-82ca-4abe-8982-cc6124070574(fv-az399-334/10.1.1.15)5934c68d-b896-470a-9875-633bc32aae4b(fv-az399-334/10.1.1.15)3f3cc37b-1bfe-4d0c-a49a-ec76f450a0b5(fv-az399-334/10.1.1.15), ReplicationConfig: RATIS/THREE, State:ALLOCATED, leaderId:, CreationTimestamp2023-02-28T20:10:18.175Z[Etc/UTC]].
2023-02-28 20:10:18,176 [RatisPipelineUtilsThread - 0] INFO  pipeline.RatisPipelineProvider (RatisPipelineProvider.java:lambda$create$0(206)) - Sending CreatePipelineCommand for pipeline:PipelineID=6fb12ad6-f074-439f-b469-62bee00c4baa to datanode:5934c68d-b896-470a-9875-633bc32aae4b
2023-02-28 20:10:18,176 [RatisPipelineUtilsThread - 0] INFO  pipeline.RatisPipelineProvider (RatisPipelineProvider.java:lambda$create$0(206)) - Sending CreatePipelineCommand for pipeline:PipelineID=6fb12ad6-f074-439f-b469-62bee00c4baa to datanode:3f3cc37b-1bfe-4d0c-a49a-ec76f450a0b5
2023-02-28 20:10:18,176 [RatisPipelineUtilsThread - 0] INFO  pipeline.RatisPipelineProvider (RatisPipelineProvider.java:lambda$create$0(206)) - Sending CreatePipelineCommand for pipeline:PipelineID=6fb12ad6-f074-439f-b469-62bee00c4baa to datanode:eae64dd3-82ca-4abe-8982-cc6124070574
2023-02-28 20:10:18,176 [RatisPipelineUtilsThread - 0] INFO  pipeline.PipelineStateManagerImpl (PipelineStateManagerImpl.java:addPipeline(103)) - Created pipeline Pipeline[ Id: 6fb12ad6-f074-439f-b469-62bee00c4baa, Nodes: 5934c68d-b896-470a-9875-633bc32aae4b(fv-az399-334/10.1.1.15)3f3cc37b-1bfe-4d0c-a49a-ec76f450a0b5(fv-az399-334/10.1.1.15)eae64dd3-82ca-4abe-8982-cc6124070574(fv-az399-334/10.1.1.15), ReplicationConfig: RATIS/THREE, State:ALLOCATED, leaderId:, CreationTimestamp2023-02-28T20:10:18.176Z[Etc/UTC]].
2023-02-28 20:10:18,176 [RatisPipelineUtilsThread - 0] INFO  pipeline.PipelineManagerImpl (PipelineManagerImpl.java:recordMetricsForPipeline(826)) - Pipeline: PipelineID=6fb12ad6-f074-439f-b469-62bee00c4baa contains same datanodes as previous pipelines: PipelineID=0030b2ce-d580-460f-9c3b-e64569b96e86 nodeIds: 5934c68d-b896-470a-9875-633bc32aae4b, 3f3cc37b-1bfe-4d0c-a49a-ec76f450a0b5, eae64dd3-82ca-4abe-8982-cc6124070574
2023-02-28 20:10:18,177 [RatisPipelineUtilsThread - 0] WARN  pipeline.PipelinePlacementPolicy (PipelinePlacementPolicy.java:filterViableNodes(158)) - Pipeline creation failed due to no sufficient healthy datanodes. Required 3. Found 0.
2023-02-28 20:10:18,999 [EndpointStateMachine task thread for /0.0.0.0:46809 - 0 ] INFO  ipc.Client (Client.java:handleConnectionFailure(1010)) - Retrying connect to server: 0.0.0.0/0.0.0.0:46809. Already tried 11 time(s); retry policy is RetryUpToMaximumCountWithFixedSleep(maxRetries=15, sleepTime=1000 MILLISECONDS)
2023-02-28 20:10:19,164 [Listener at 127.0.0.1/35937] INFO  ozone.MiniOzoneClusterImpl (MiniOzoneClusterImpl.java:lambda$waitForClusterToBeReady$0(218)) - Nodes are ready. Got 3 of 3 DN Heartbeats.
2023-02-28 20:10:19,165 [Listener at 127.0.0.1/35937] INFO  ozone.MiniOzoneClusterImpl (MiniOzoneClusterImpl.java:lambda$waitForClusterToBeReady$0(221)) - Waiting for cluster to exit safe mode
2023-02-28 20:10:19,165 [Listener at 127.0.0.1/35937] INFO  ozone.MiniOzoneClusterImpl (MiniOzoneClusterImpl.java:lambda$waitForClusterToBeReady$0(223)) - SCM became leader
2023-02-28 20:10:20,001 [EndpointStateMachine task thread for /0.0.0.0:46809 - 0 ] INFO  ipc.Client (Client.java:handleConnectionFailure(1010)) - Retrying connect to server: 0.0.0.0/0.0.0.0:46809. Already tried 12 time(s); retry policy is RetryUpToMaximumCountWithFixedSleep(maxRetries=15, sleepTime=1000 MILLISECONDS)
2023-02-28 20:10:20,165 [Listener at 127.0.0.1/35937] INFO  ozone.MiniOzoneClusterImpl (MiniOzoneClusterImpl.java:lambda$waitForClusterToBeReady$0(218)) - Nodes are ready. Got 3 of 3 DN Heartbeats.
2023-02-28 20:10:20,165 [Listener at 127.0.0.1/35937] INFO  ozone.MiniOzoneClusterImpl (MiniOzoneClusterImpl.java:lambda$waitForClusterToBeReady$0(221)) - Waiting for cluster to exit safe mode
2023-02-28 20:10:20,165 [Listener at 127.0.0.1/35937] INFO  ozone.MiniOzoneClusterImpl (MiniOzoneClusterImpl.java:lambda$waitForClusterToBeReady$0(223)) - SCM became leader
2023-02-28 20:10:20,507 [Command processor thread] INFO  server.RaftServer (RaftServerProxy.java:addNew(96)) - 5934c68d-b896-470a-9875-633bc32aae4b: addNew group-8E1CE4A1DBB8:[5934c68d-b896-470a-9875-633bc32aae4b|rpc:10.1.1.15:42749|dataStream:10.1.1.15:34149|priority:1|startupRole:FOLLOWER] returns group-8E1CE4A1DBB8:java.util.concurrent.CompletableFuture@542b9824[Not completed]
2023-02-28 20:10:20,508 [pool-1386-thread-1] INFO  server.RaftServer$Division (RaftServerImpl.java:<init>(195)) - 5934c68d-b896-470a-9875-633bc32aae4b: new RaftServerImpl for group-8E1CE4A1DBB8:[5934c68d-b896-470a-9875-633bc32aae4b|rpc:10.1.1.15:42749|dataStream:10.1.1.15:34149|priority:1|startupRole:FOLLOWER] with ContainerStateMachine:uninitialized
2023-02-28 20:10:20,508 [pool-1386-thread-1] INFO  server.RaftServerConfigKeys (ConfUtils.java:logGet(46)) - raft.server.rpc.timeout.min = 5s (custom)
2023-02-28 20:10:20,508 [pool-1386-thread-1] INFO  server.RaftServerConfigKeys (ConfUtils.java:logGet(46)) - raft.server.rpc.timeout.max = 5200ms (custom)
2023-02-28 20:10:20,508 [pool-1386-thread-1] INFO  server.RaftServerConfigKeys (ConfUtils.java:logGet(46)) - raft.server.rpc.sleep.time = 25ms (default)
2023-02-28 20:10:20,508 [pool-1386-thread-1] INFO  server.RaftServerConfigKeys (ConfUtils.java:logGet(46)) - raft.server.rpc.slowness.timeout = 300s (custom)
2023-02-28 20:10:20,508 [pool-1386-thread-1] INFO  server.RaftServerConfigKeys (ConfUtils.java:logGet(46)) - raft.server.leaderelection.leader.step-down.wait-time = 10s (default)
2023-02-28 20:10:20,508 [pool-1386-thread-1] INFO  server.RaftServerConfigKeys (ConfUtils.java:logGet(46)) - raft.server.sleep.deviation.threshold = 300ms (default)
2023-02-28 20:10:20,508 [pool-1386-thread-1] INFO  server.RaftServer$Division (ServerState.java:<init>(118)) - 5934c68d-b896-470a-9875-633bc32aae4b@group-8E1CE4A1DBB8: ConfigurationManager, init=-1: peers:[5934c68d-b896-470a-9875-633bc32aae4b|rpc:10.1.1.15:42749|dataStream:10.1.1.15:34149|priority:1|startupRole:FOLLOWER]|listeners:[], old=null, confs=<EMPTY_MAP>
2023-02-28 20:10:20,508 [pool-1386-thread-1] INFO  server.RaftServerConfigKeys (ConfUtils.java:logGet(46)) - raft.server.storage.dir = [/home/runner/work/ozone/ozone/hadoop-ozone/integration-test/target/test-dir/MiniOzoneClusterImpl-9e11fa7e-4972-4825-87e7-ebdcd03a38ce/datanode-0/data/ratis] (custom)
2023-02-28 20:10:20,509 [pool-1386-thread-1] INFO  server.RaftServerConfigKeys (ConfUtils.java:logGet(46)) - raft.server.log.corruption.policy = EXCEPTION (default)
2023-02-28 20:10:20,509 [pool-1386-thread-1] INFO  server.RaftServerConfigKeys (ConfUtils.java:logGet(46)) - raft.server.storage.free-space.min = 0MB (=0) (default)
2023-02-28 20:10:20,509 [pool-1386-thread-1] INFO  server.RaftServerConfigKeys (ConfUtils.java:logGet(46)) - raft.server.notification.no-leader.timeout = 300s (custom)
2023-02-28 20:10:20,509 [pool-1386-thread-1] INFO  server.RaftServerConfigKeys (ConfUtils.java:logGet(46)) - raft.server.retrycache.expirytime = 600000ms (custom)
2023-02-28 20:10:20,509 [pool-1386-thread-1] INFO  server.RaftServerConfigKeys (ConfUtils.java:logGet(46)) - raft.server.retrycache.statistics.expirytime = 100μs (default)
2023-02-28 20:10:20,510 [pool-1386-thread-1] INFO  server.RaftServerConfigKeys (ConfUtils.java:logGet(46)) - raft.server.log.appender.install.snapshot.enabled = false (custom)
2023-02-28 20:10:20,510 [pool-1386-thread-1] INFO  server.RaftServerConfigKeys (ConfUtils.java:logGet(46)) - raft.server.threadpool.server.cached = true (default)
2023-02-28 20:10:20,510 [pool-1386-thread-1] INFO  server.RaftServerConfigKeys (ConfUtils.java:logGet(46)) - raft.server.threadpool.server.size = 0 (default)
2023-02-28 20:10:20,510 [pool-1386-thread-1] INFO  server.RaftServerConfigKeys (ConfUtils.java:logGet(46)) - raft.server.threadpool.client.cached = true (default)
2023-02-28 20:10:20,510 [pool-1386-thread-1] INFO  server.RaftServerConfigKeys (ConfUtils.java:logGet(46)) - raft.server.threadpool.client.size = 0 (default)
2023-02-28 20:10:20,510 [pool-1386-thread-1] INFO  storage.RaftStorageDirectory (RaftStorageDirectoryImpl.java:analyzeStorage(137)) - The storage directory /home/runner/work/ozone/ozone/hadoop-ozone/integration-test/target/test-dir/MiniOzoneClusterImpl-9e11fa7e-4972-4825-87e7-ebdcd03a38ce/datanode-0/data/ratis/e2c08526-eea7-4499-be30-8e1ce4a1dbb8 does not exist. Creating ...
2023-02-28 20:10:20,511 [pool-1386-thread-1] INFO  storage.RaftStorageDirectory (RaftStorageDirectoryImpl.java:tryLock(231)) - Lock on /home/runner/work/ozone/ozone/hadoop-ozone/integration-test/target/test-dir/MiniOzoneClusterImpl-9e11fa7e-4972-4825-87e7-ebdcd03a38ce/datanode-0/data/ratis/e2c08526-eea7-4499-be30-8e1ce4a1dbb8/in_use.lock acquired by nodename 61155@fv-az399-334
2023-02-28 20:10:20,512 [pool-1386-thread-1] INFO  storage.RaftStorage (RaftStorageImpl.java:format(96)) - Storage directory /home/runner/work/ozone/ozone/hadoop-ozone/integration-test/target/test-dir/MiniOzoneClusterImpl-9e11fa7e-4972-4825-87e7-ebdcd03a38ce/datanode-0/data/ratis/e2c08526-eea7-4499-be30-8e1ce4a1dbb8 has been successfully formatted.
2023-02-28 20:10:20,513 [pool-1386-thread-1] INFO  ratis.ContainerStateMachine (ContainerStateMachine.java:loadSnapshot(240)) - group-8E1CE4A1DBB8: The snapshot info is null. Setting the last applied indexto:(t:0, i:~)
2023-02-28 20:10:20,514 [pool-1386-thread-1] INFO  server.RaftServerConfigKeys (ConfUtils.java:logGet(46)) - raft.server.log.use.memory = false (default)
2023-02-28 20:10:20,514 [pool-1386-thread-1] INFO  server.RaftServerConfigKeys (ConfUtils.java:logGet(46)) - raft.server.log.purge.gap = 1000000 (custom)
2023-02-28 20:10:20,514 [pool-1386-thread-1] INFO  server.RaftServerConfigKeys (ConfUtils.java:logGet(46)) - raft.server.log.appender.buffer.byte-limit = 33554432 (custom)
2023-02-28 20:10:20,514 [EventQueue-PipelineReportForPipelineReportHandler] INFO  pipeline.PipelineManagerImpl (PipelineManagerImpl.java:openPipeline(367)) - Pipeline Pipeline[ Id: e2c08526-eea7-4499-be30-8e1ce4a1dbb8, Nodes: 5934c68d-b896-470a-9875-633bc32aae4b(fv-az399-334/10.1.1.15), ReplicationConfig: RATIS/ONE, State:ALLOCATED, leaderId:5934c68d-b896-470a-9875-633bc32aae4b, CreationTimestamp2023-02-28T20:10:17.511Z[Etc/UTC]] moved to OPEN state
2023-02-28 20:10:20,519 [pool-1386-thread-1] INFO  server.RaftServerConfigKeys (ConfUtils.java:logGet(46)) - raft.server.log.statemachine.data.read.timeout = 1000ms (default)
2023-02-28 20:10:20,519 [pool-1386-thread-1] INFO  server.RaftServerConfigKeys (ConfUtils.java:logGet(46)) - raft.server.log.purge.preservation.log.num = 0 (default)
2023-02-28 20:10:20,519 [pool-1386-thread-1] INFO  server.RaftServerConfigKeys (ConfUtils.java:logGet(46)) - raft.server.log.segment.size.max = 1048576 (custom)
2023-02-28 20:10:20,521 [pool-1386-thread-1] INFO  server.RaftServerConfigKeys (ConfUtils.java:logGet(46)) - raft.server.log.segment.cache.num.max = 2 (custom)
2023-02-28 20:10:20,521 [pool-1386-thread-1] INFO  server.RaftServerConfigKeys (ConfUtils.java:logGet(46)) - raft.server.log.segment.cache.size.max = 200MB (=209715200) (default)
2023-02-28 20:10:20,522 [pool-1386-thread-1] INFO  segmented.SegmentedRaftLogWorker (SegmentedRaftLogWorker.java:<init>(189)) - new 5934c68d-b896-470a-9875-633bc32aae4b@group-8E1CE4A1DBB8-SegmentedRaftLogWorker for RaftStorageImpl:Storage Directory /home/runner/work/ozone/ozone/hadoop-ozone/integration-test/target/test-dir/MiniOzoneClusterImpl-9e11fa7e-4972-4825-87e7-ebdcd03a38ce/datanode-0/data/ratis/e2c08526-eea7-4499-be30-8e1ce4a1dbb8
2023-02-28 20:10:20,522 [pool-1386-thread-1] INFO  server.RaftServerConfigKeys (ConfUtils.java:logGet(46)) - raft.server.log.queue.byte-limit = 4294967296 (custom)
2023-02-28 20:10:20,522 [pool-1386-thread-1] INFO  server.RaftServerConfigKeys (ConfUtils.java:logGet(46)) - raft.server.log.queue.element-limit = 1024 (custom)
2023-02-28 20:10:20,522 [pool-1386-thread-1] INFO  server.RaftServerConfigKeys (ConfUtils.java:logGet(46)) - raft.server.log.segment.size.max = 1048576 (custom)
2023-02-28 20:10:20,522 [pool-1386-thread-1] INFO  server.RaftServerConfigKeys (ConfUtils.java:logGet(46)) - raft.server.log.preallocated.size = 16384 (custom)
2023-02-28 20:10:20,522 [pool-1386-thread-1] INFO  server.RaftServerConfigKeys (ConfUtils.java:logGet(46)) - raft.server.log.force.sync.num = 128 (default)
2023-02-28 20:10:20,522 [pool-1386-thread-1] INFO  server.RaftServerConfigKeys (ConfUtils.java:logGet(46)) - raft.server.log.statemachine.data.sync = true (default)
2023-02-28 20:10:20,522 [pool-1386-thread-1] INFO  server.RaftServerConfigKeys (ConfUtils.java:logGet(46)) - raft.server.log.statemachine.data.sync.timeout = 10s (default)
2023-02-28 20:10:20,522 [pool-1386-thread-1] INFO  server.RaftServerConfigKeys (ConfUtils.java:logGet(46)) - raft.server.log.statemachine.data.sync.timeout.retry = -1 (default)
2023-02-28 20:10:20,521 [EventQueue-OpenPipelineForHealthyPipelineSafeModeRule] INFO  safemode.SCMSafeModeManager (HealthyPipelineSafeModeRule.java:process(137)) - SCM in safe mode. Healthy pipelines reported count is 0, required healthy pipeline reported count is 1
2023-02-28 20:10:20,522 [pool-1386-thread-1] INFO  server.RaftServerConfigKeys (ConfUtils.java:logGet(46)) - raft.server.log.write.buffer.size = 1048576 (custom)
2023-02-28 20:10:20,523 [pool-1386-thread-1] INFO  server.RaftServerConfigKeys (ConfUtils.java:logGet(46)) - raft.server.log.appender.buffer.byte-limit = 33554432 (custom)
2023-02-28 20:10:20,527 [pool-1386-thread-1] INFO  server.RaftServerConfigKeys (ConfUtils.java:logGet(46)) - raft.server.log.unsafe-flush.enabled = false (default)
2023-02-28 20:10:20,528 [pool-1386-thread-1] INFO  server.RaftServerConfigKeys (ConfUtils.java:logGet(46)) - raft.server.log.async-flush.enabled = false (default)
2023-02-28 20:10:20,528 [pool-1386-thread-1] INFO  server.RaftServerConfigKeys (ConfUtils.java:logGet(46)) - raft.server.log.statemachine.data.caching.enabled = true (custom)
2023-02-28 20:10:20,528 [pool-1386-thread-1] INFO  segmented.SegmentedRaftLogWorker (SegmentedRaftLogWorker.java:lambda$new$0(135)) - 5934c68d-b896-470a-9875-633bc32aae4b@group-8E1CE4A1DBB8-SegmentedRaftLogWorker: flushIndex: setUnconditionally 0 -> -1
2023-02-28 20:10:20,528 [pool-1386-thread-1] INFO  segmented.SegmentedRaftLogWorker (SegmentedRaftLogWorker.java:lambda$new$0(135)) - 5934c68d-b896-470a-9875-633bc32aae4b@group-8E1CE4A1DBB8-SegmentedRaftLogWorker: safeCacheEvictIndex: setUnconditionally 0 -> -1
2023-02-28 20:10:20,528 [pool-1386-thread-1] INFO  server.RaftServer$Division (RaftServerImpl.java:start(334)) - 5934c68d-b896-470a-9875-633bc32aae4b@group-8E1CE4A1DBB8: start as a follower, conf=-1: peers:[5934c68d-b896-470a-9875-633bc32aae4b|rpc:10.1.1.15:42749|dataStream:10.1.1.15:34149|priority:1|startupRole:FOLLOWER]|listeners:[], old=null
2023-02-28 20:10:20,528 [pool-1386-thread-1] INFO  server.RaftServer$Division (RaftServerImpl.java:setRole(321)) - 5934c68d-b896-470a-9875-633bc32aae4b@group-8E1CE4A1DBB8: changes role from      null to FOLLOWER at term 0 for startAsFollower
2023-02-28 20:10:20,528 [pool-1386-thread-1] INFO  impl.RoleInfo (RoleInfo.java:updateAndGet(139)) - 5934c68d-b896-470a-9875-633bc32aae4b: start 5934c68d-b896-470a-9875-633bc32aae4b@group-8E1CE4A1DBB8-FollowerState
2023-02-28 20:10:20,528 [5934c68d-b896-470a-9875-633bc32aae4b@group-8E1CE4A1DBB8-FollowerState] INFO  server.RaftServerConfigKeys (ConfUtils.java:logFallback(53)) - raft.server.rpc.first-election.timeout.min = 5s (fallback to raft.server.rpc.timeout.min)
2023-02-28 20:10:20,528 [pool-1386-thread-1] INFO  util.JmxRegister (JmxRegister.java:tryRegister(44)) - Successfully registered JMX Bean with object name Ratis:service=RaftServer,group=group-8E1CE4A1DBB8,id=5934c68d-b896-470a-9875-633bc32aae4b
2023-02-28 20:10:20,529 [pool-1386-thread-1] INFO  server.RaftServerConfigKeys (ConfUtils.java:logGet(46)) - raft.server.snapshot.auto.trigger.enabled = true (custom)
2023-02-28 20:10:20,529 [pool-1386-thread-1] INFO  server.RaftServerConfigKeys (ConfUtils.java:logGet(46)) - raft.server.snapshot.auto.trigger.threshold = 10000 (custom)
2023-02-28 20:10:20,529 [pool-1386-thread-1] INFO  server.RaftServerConfigKeys (ConfUtils.java:logGet(46)) - raft.server.snapshot.retention.file.num = 5 (custom)
2023-02-28 20:10:20,529 [pool-1386-thread-1] INFO  server.RaftServerConfigKeys (ConfUtils.java:logGet(46)) - raft.server.log.purge.upto.snapshot.index = false (default)
2023-02-28 20:10:20,529 [5934c68d-b896-470a-9875-633bc32aae4b@group-8E1CE4A1DBB8-FollowerState] INFO  server.RaftServerConfigKeys (ConfUtils.java:logFallback(53)) - raft.server.rpc.first-election.timeout.max = 5200ms (fallback to raft.server.rpc.timeout.max)
2023-02-28 20:10:20,529 [Command processor thread] INFO  ratis.XceiverServerRatis (XceiverServerRatis.java:addGroup(807)) - Created group PipelineID=e2c08526-eea7-4499-be30-8e1ce4a1dbb8
2023-02-28 20:10:20,529 [Command processor thread] INFO  commandhandler.CreatePipelineCommandHandler (CreatePipelineCommandHandler.java:handle(113)) - Created Pipeline RATIS ONE PipelineID=e2c08526-eea7-4499-be30-8e1ce4a1dbb8.
2023-02-28 20:10:20,530 [Command processor thread] INFO  server.RaftServer (RaftServerProxy.java:addNew(96)) - 5934c68d-b896-470a-9875-633bc32aae4b: addNew group-E64569B96E86:[5934c68d-b896-470a-9875-633bc32aae4b|rpc:10.1.1.15:42749|dataStream:10.1.1.15:34149|priority:0|startupRole:FOLLOWER, eae64dd3-82ca-4abe-8982-cc6124070574|rpc:10.1.1.15:37275|dataStream:10.1.1.15:37921|priority:1|startupRole:FOLLOWER, 3f3cc37b-1bfe-4d0c-a49a-ec76f450a0b5|rpc:10.1.1.15:44541|dataStream:10.1.1.15:43275|priority:0|startupRole:FOLLOWER] returns group-E64569B96E86:java.util.concurrent.CompletableFuture@50141679[Not completed]
2023-02-28 20:10:20,530 [pool-1386-thread-1] INFO  server.RaftServer$Division (RaftServerImpl.java:<init>(195)) - 5934c68d-b896-470a-9875-633bc32aae4b: new RaftServerImpl for group-E64569B96E86:[5934c68d-b896-470a-9875-633bc32aae4b|rpc:10.1.1.15:42749|dataStream:10.1.1.15:34149|priority:0|startupRole:FOLLOWER, eae64dd3-82ca-4abe-8982-cc6124070574|rpc:10.1.1.15:37275|dataStream:10.1.1.15:37921|priority:1|startupRole:FOLLOWER, 3f3cc37b-1bfe-4d0c-a49a-ec76f450a0b5|rpc:10.1.1.15:44541|dataStream:10.1.1.15:43275|priority:0|startupRole:FOLLOWER] with ContainerStateMachine:uninitialized
2023-02-28 20:10:20,531 [pool-1386-thread-1] INFO  server.RaftServerConfigKeys (ConfUtils.java:logGet(46)) - raft.server.rpc.timeout.min = 5s (custom)
2023-02-28 20:10:20,531 [pool-1386-thread-1] INFO  server.RaftServerConfigKeys (ConfUtils.java:logGet(46)) - raft.server.rpc.timeout.max = 5200ms (custom)
2023-02-28 20:10:20,531 [pool-1386-thread-1] INFO  server.RaftServerConfigKeys (ConfUtils.java:logGet(46)) - raft.server.rpc.sleep.time = 25ms (default)
2023-02-28 20:10:20,531 [pool-1386-thread-1] INFO  server.RaftServerConfigKeys (ConfUtils.java:logGet(46)) - raft.server.rpc.slowness.timeout = 300s (custom)
2023-02-28 20:10:20,531 [pool-1386-thread-1] INFO  server.RaftServerConfigKeys (ConfUtils.java:logGet(46)) - raft.server.leaderelection.leader.step-down.wait-time = 10s (default)
2023-02-28 20:10:20,531 [pool-1386-thread-1] INFO  server.RaftServerConfigKeys (ConfUtils.java:logGet(46)) - raft.server.sleep.deviation.threshold = 300ms (default)
2023-02-28 20:10:20,531 [pool-1386-thread-1] INFO  server.RaftServer$Division (ServerState.java:<init>(118)) - 5934c68d-b896-470a-9875-633bc32aae4b@group-E64569B96E86: ConfigurationManager, init=-1: peers:[5934c68d-b896-470a-9875-633bc32aae4b|rpc:10.1.1.15:42749|dataStream:10.1.1.15:34149|priority:0|startupRole:FOLLOWER, eae64dd3-82ca-4abe-8982-cc6124070574|rpc:10.1.1.15:37275|dataStream:10.1.1.15:37921|priority:1|startupRole:FOLLOWER, 3f3cc37b-1bfe-4d0c-a49a-ec76f450a0b5|rpc:10.1.1.15:44541|dataStream:10.1.1.15:43275|priority:0|startupRole:FOLLOWER]|listeners:[], old=null, confs=<EMPTY_MAP>
2023-02-28 20:10:20,531 [pool-1386-thread-1] INFO  server.RaftServerConfigKeys (ConfUtils.java:logGet(46)) - raft.server.storage.dir = [/home/runner/work/ozone/ozone/hadoop-ozone/integration-test/target/test-dir/MiniOzoneClusterImpl-9e11fa7e-4972-4825-87e7-ebdcd03a38ce/datanode-0/data/ratis] (custom)
2023-02-28 20:10:20,531 [pool-1386-thread-1] INFO  server.RaftServerConfigKeys (ConfUtils.java:logGet(46)) - raft.server.log.corruption.policy = EXCEPTION (default)
2023-02-28 20:10:20,531 [pool-1386-thread-1] INFO  server.RaftServerConfigKeys (ConfUtils.java:logGet(46)) - raft.server.storage.free-space.min = 0MB (=0) (default)
2023-02-28 20:10:20,531 [pool-1386-thread-1] INFO  server.RaftServerConfigKeys (ConfUtils.java:logGet(46)) - raft.server.notification.no-leader.timeout = 300s (custom)
2023-02-28 20:10:20,531 [pool-1386-thread-1] INFO  server.RaftServerConfigKeys (ConfUtils.java:logGet(46)) - raft.server.retrycache.expirytime = 600000ms (custom)
2023-02-28 20:10:20,531 [pool-1386-thread-1] INFO  server.RaftServerConfigKeys (ConfUtils.java:logGet(46)) - raft.server.retrycache.statistics.expirytime = 100μs (default)
2023-02-28 20:10:20,532 [pool-1386-thread-1] INFO  server.RaftServerConfigKeys (ConfUtils.java:logGet(46)) - raft.server.log.appender.install.snapshot.enabled = false (custom)
2023-02-28 20:10:20,532 [pool-1386-thread-1] INFO  server.RaftServerConfigKeys (ConfUtils.java:logGet(46)) - raft.server.threadpool.server.cached = true (default)
2023-02-28 20:10:20,532 [pool-1386-thread-1] INFO  server.RaftServerConfigKeys (ConfUtils.java:logGet(46)) - raft.server.threadpool.server.size = 0 (default)
2023-02-28 20:10:20,532 [pool-1386-thread-1] INFO  server.RaftServerConfigKeys (ConfUtils.java:logGet(46)) - raft.server.threadpool.client.cached = true (default)
2023-02-28 20:10:20,532 [pool-1386-thread-1] INFO  server.RaftServerConfigKeys (ConfUtils.java:logGet(46)) - raft.server.threadpool.client.size = 0 (default)
2023-02-28 20:10:20,532 [pool-1386-thread-1] INFO  storage.RaftStorageDirectory (RaftStorageDirectoryImpl.java:analyzeStorage(137)) - The storage directory /home/runner/work/ozone/ozone/hadoop-ozone/integration-test/target/test-dir/MiniOzoneClusterImpl-9e11fa7e-4972-4825-87e7-ebdcd03a38ce/datanode-0/data/ratis/0030b2ce-d580-460f-9c3b-e64569b96e86 does not exist. Creating ...
2023-02-28 20:10:20,533 [pool-1386-thread-1] INFO  storage.RaftStorageDirectory (RaftStorageDirectoryImpl.java:tryLock(231)) - Lock on /home/runner/work/ozone/ozone/hadoop-ozone/integration-test/target/test-dir/MiniOzoneClusterImpl-9e11fa7e-4972-4825-87e7-ebdcd03a38ce/datanode-0/data/ratis/0030b2ce-d580-460f-9c3b-e64569b96e86/in_use.lock acquired by nodename 61155@fv-az399-334
2023-02-28 20:10:20,535 [pool-1386-thread-1] INFO  storage.RaftStorage (RaftStorageImpl.java:format(96)) - Storage directory /home/runner/work/ozone/ozone/hadoop-ozone/integration-test/target/test-dir/MiniOzoneClusterImpl-9e11fa7e-4972-4825-87e7-ebdcd03a38ce/datanode-0/data/ratis/0030b2ce-d580-460f-9c3b-e64569b96e86 has been successfully formatted.
2023-02-28 20:10:20,536 [pool-1386-thread-1] INFO  ratis.ContainerStateMachine (ContainerStateMachine.java:loadSnapshot(240)) - group-E64569B96E86: The snapshot info is null. Setting the last applied indexto:(t:0, i:~)
2023-02-28 20:10:20,536 [pool-1386-thread-1] INFO  server.RaftServerConfigKeys (ConfUtils.java:logGet(46)) - raft.server.log.use.memory = false (default)
2023-02-28 20:10:20,536 [pool-1386-thread-1] INFO  server.RaftServerConfigKeys (ConfUtils.java:logGet(46)) - raft.server.log.purge.gap = 1000000 (custom)
2023-02-28 20:10:20,536 [pool-1386-thread-1] INFO  server.RaftServerConfigKeys (ConfUtils.java:logGet(46)) - raft.server.log.appender.buffer.byte-limit = 33554432 (custom)
2023-02-28 20:10:20,536 [pool-1386-thread-1] INFO  server.RaftServerConfigKeys (ConfUtils.java:logGet(46)) - raft.server.log.statemachine.data.read.timeout = 1000ms (default)
2023-02-28 20:10:20,536 [pool-1386-thread-1] INFO  server.RaftServerConfigKeys (ConfUtils.java:logGet(46)) - raft.server.log.purge.preservation.log.num = 0 (default)
2023-02-28 20:10:20,536 [pool-1386-thread-1] INFO  server.RaftServerConfigKeys (ConfUtils.java:logGet(46)) - raft.server.log.segment.size.max = 1048576 (custom)
2023-02-28 20:10:20,536 [EventQueue-OpenPipelineForHealthyPipelineSafeModeRule] INFO  safemode.SCMSafeModeManager (HealthyPipelineSafeModeRule.java:process(137)) - SCM in safe mode. Healthy pipelines reported count is 0, required healthy pipeline reported count is 1
2023-02-28 20:10:20,538 [pool-1386-thread-1] INFO  server.RaftServerConfigKeys (ConfUtils.java:logGet(46)) - raft.server.log.segment.cache.num.max = 2 (custom)
2023-02-28 20:10:20,538 [pool-1386-thread-1] INFO  server.RaftServerConfigKeys (ConfUtils.java:logGet(46)) - raft.server.log.segment.cache.size.max = 200MB (=209715200) (default)
2023-02-28 20:10:20,538 [pool-1386-thread-1] INFO  segmented.SegmentedRaftLogWorker (SegmentedRaftLogWorker.java:<init>(189)) - new 5934c68d-b896-470a-9875-633bc32aae4b@group-E64569B96E86-SegmentedRaftLogWorker for RaftStorageImpl:Storage Directory /home/runner/work/ozone/ozone/hadoop-ozone/integration-test/target/test-dir/MiniOzoneClusterImpl-9e11fa7e-4972-4825-87e7-ebdcd03a38ce/datanode-0/data/ratis/0030b2ce-d580-460f-9c3b-e64569b96e86
2023-02-28 20:10:20,538 [pool-1386-thread-1] INFO  server.RaftServerConfigKeys (ConfUtils.java:logGet(46)) - raft.server.log.queue.byte-limit = 4294967296 (custom)
2023-02-28 20:10:20,538 [pool-1386-thread-1] INFO  server.RaftServerConfigKeys (ConfUtils.java:logGet(46)) - raft.server.log.queue.element-limit = 1024 (custom)
2023-02-28 20:10:20,538 [pool-1386-thread-1] INFO  server.RaftServerConfigKeys (ConfUtils.java:logGet(46)) - raft.server.log.segment.size.max = 1048576 (custom)
2023-02-28 20:10:20,538 [pool-1386-thread-1] INFO  server.RaftServerConfigKeys (ConfUtils.java:logGet(46)) - raft.server.log.preallocated.size = 16384 (custom)
2023-02-28 20:10:20,538 [pool-1386-thread-1] INFO  server.RaftServerConfigKeys (ConfUtils.java:logGet(46)) - raft.server.log.force.sync.num = 128 (default)
2023-02-28 20:10:20,538 [pool-1386-thread-1] INFO  server.RaftServerConfigKeys (ConfUtils.java:logGet(46)) - raft.server.log.statemachine.data.sync = true (default)
2023-02-28 20:10:20,538 [pool-1386-thread-1] INFO  server.RaftServerConfigKeys (ConfUtils.java:logGet(46)) - raft.server.log.statemachine.data.sync.timeout = 10s (default)
2023-02-28 20:10:20,538 [pool-1386-thread-1] INFO  server.RaftServerConfigKeys (ConfUtils.java:logGet(46)) - raft.server.log.statemachine.data.sync.timeout.retry = -1 (default)
2023-02-28 20:10:20,539 [pool-1386-thread-1] INFO  server.RaftServerConfigKeys (ConfUtils.java:logGet(46)) - raft.server.log.write.buffer.size = 1048576 (custom)
2023-02-28 20:10:20,539 [pool-1386-thread-1] INFO  server.RaftServerConfigKeys (ConfUtils.java:logGet(46)) - raft.server.log.appender.buffer.byte-limit = 33554432 (custom)
2023-02-28 20:10:20,544 [pool-1386-thread-1] INFO  server.RaftServerConfigKeys (ConfUtils.java:logGet(46)) - raft.server.log.unsafe-flush.enabled = false (default)
2023-02-28 20:10:20,544 [pool-1386-thread-1] INFO  server.RaftServerConfigKeys (ConfUtils.java:logGet(46)) - raft.server.log.async-flush.enabled = false (default)
2023-02-28 20:10:20,544 [pool-1386-thread-1] INFO  server.RaftServerConfigKeys (ConfUtils.java:logGet(46)) - raft.server.log.statemachine.data.caching.enabled = true (custom)
2023-02-28 20:10:20,544 [pool-1386-thread-1] INFO  segmented.SegmentedRaftLogWorker (SegmentedRaftLogWorker.java:lambda$new$0(135)) - 5934c68d-b896-470a-9875-633bc32aae4b@group-E64569B96E86-SegmentedRaftLogWorker: flushIndex: setUnconditionally 0 -> -1
2023-02-28 20:10:20,544 [pool-1386-thread-1] INFO  segmented.SegmentedRaftLogWorker (SegmentedRaftLogWorker.java:lambda$new$0(135)) - 5934c68d-b896-470a-9875-633bc32aae4b@group-E64569B96E86-SegmentedRaftLogWorker: safeCacheEvictIndex: setUnconditionally 0 -> -1
2023-02-28 20:10:20,544 [pool-1386-thread-1] INFO  server.RaftServer$Division (RaftServerImpl.java:start(334)) - 5934c68d-b896-470a-9875-633bc32aae4b@group-E64569B96E86: start as a follower, conf=-1: peers:[5934c68d-b896-470a-9875-633bc32aae4b|rpc:10.1.1.15:42749|dataStream:10.1.1.15:34149|priority:0|startupRole:FOLLOWER, eae64dd3-82ca-4abe-8982-cc6124070574|rpc:10.1.1.15:37275|dataStream:10.1.1.15:37921|priority:1|startupRole:FOLLOWER, 3f3cc37b-1bfe-4d0c-a49a-ec76f450a0b5|rpc:10.1.1.15:44541|dataStream:10.1.1.15:43275|priority:0|startupRole:FOLLOWER]|listeners:[], old=null
2023-02-28 20:10:20,544 [pool-1386-thread-1] INFO  server.RaftServer$Division (RaftServerImpl.java:setRole(321)) - 5934c68d-b896-470a-9875-633bc32aae4b@group-E64569B96E86: changes role from      null to FOLLOWER at term 0 for startAsFollower
2023-02-28 20:10:20,544 [pool-1386-thread-1] INFO  impl.RoleInfo (RoleInfo.java:updateAndGet(139)) - 5934c68d-b896-470a-9875-633bc32aae4b: start 5934c68d-b896-470a-9875-633bc32aae4b@group-E64569B96E86-FollowerState
2023-02-28 20:10:20,545 [pool-1386-thread-1] INFO  util.JmxRegister (JmxRegister.java:tryRegister(44)) - Successfully registered JMX Bean with object name Ratis:service=RaftServer,group=group-E64569B96E86,id=5934c68d-b896-470a-9875-633bc32aae4b
2023-02-28 20:10:20,545 [pool-1386-thread-1] INFO  server.RaftServerConfigKeys (ConfUtils.java:logGet(46)) - raft.server.snapshot.auto.trigger.enabled = true (custom)
2023-02-28 20:10:20,545 [pool-1386-thread-1] INFO  server.RaftServerConfigKeys (ConfUtils.java:logGet(46)) - raft.server.snapshot.auto.trigger.threshold = 10000 (custom)
2023-02-28 20:10:20,545 [pool-1386-thread-1] INFO  server.RaftServerConfigKeys (ConfUtils.java:logGet(46)) - raft.server.snapshot.retention.file.num = 5 (custom)
2023-02-28 20:10:20,545 [pool-1386-thread-1] INFO  server.RaftServerConfigKeys (ConfUtils.java:logGet(46)) - raft.server.log.purge.upto.snapshot.index = false (default)
2023-02-28 20:10:20,545 [5934c68d-b896-470a-9875-633bc32aae4b@group-E64569B96E86-FollowerState] INFO  server.RaftServerConfigKeys (ConfUtils.java:logFallback(53)) - raft.server.rpc.first-election.timeout.min = 5s (fallback to raft.server.rpc.timeout.min)
2023-02-28 20:10:20,549 [Command processor thread] INFO  ratis.XceiverServerRatis (XceiverServerRatis.java:addGroup(807)) - Created group PipelineID=0030b2ce-d580-460f-9c3b-e64569b96e86
2023-02-28 20:10:20,549 [5934c68d-b896-470a-9875-633bc32aae4b@group-E64569B96E86-FollowerState] INFO  server.RaftServerConfigKeys (ConfUtils.java:logFallback(53)) - raft.server.rpc.first-election.timeout.max = 5200ms (fallback to raft.server.rpc.timeout.max)
2023-02-28 20:10:20,558 [grpc-default-executor-3] INFO  server.RaftServer (RaftServerProxy.java:addNew(96)) - eae64dd3-82ca-4abe-8982-cc6124070574: addNew group-E64569B96E86:[5934c68d-b896-470a-9875-633bc32aae4b|rpc:10.1.1.15:42749|dataStream:10.1.1.15:34149|priority:0|startupRole:FOLLOWER, eae64dd3-82ca-4abe-8982-cc6124070574|rpc:10.1.1.15:37275|dataStream:10.1.1.15:37921|priority:1|startupRole:FOLLOWER, 3f3cc37b-1bfe-4d0c-a49a-ec76f450a0b5|rpc:10.1.1.15:44541|dataStream:10.1.1.15:43275|priority:0|startupRole:FOLLOWER] returns group-E64569B96E86:java.util.concurrent.CompletableFuture@30209701[Not completed]
2023-02-28 20:10:20,561 [pool-1430-thread-1] INFO  server.RaftServer$Division (RaftServerImpl.java:<init>(195)) - eae64dd3-82ca-4abe-8982-cc6124070574: new RaftServerImpl for group-E64569B96E86:[5934c68d-b896-470a-9875-633bc32aae4b|rpc:10.1.1.15:42749|dataStream:10.1.1.15:34149|priority:0|startupRole:FOLLOWER, eae64dd3-82ca-4abe-8982-cc6124070574|rpc:10.1.1.15:37275|dataStream:10.1.1.15:37921|priority:1|startupRole:FOLLOWER, 3f3cc37b-1bfe-4d0c-a49a-ec76f450a0b5|rpc:10.1.1.15:44541|dataStream:10.1.1.15:43275|priority:0|startupRole:FOLLOWER] with ContainerStateMachine:uninitialized
2023-02-28 20:10:20,561 [pool-1430-thread-1] INFO  server.RaftServerConfigKeys (ConfUtils.java:logGet(46)) - raft.server.rpc.timeout.min = 5s (custom)
2023-02-28 20:10:20,561 [pool-1430-thread-1] INFO  server.RaftServerConfigKeys (ConfUtils.java:logGet(46)) - raft.server.rpc.timeout.max = 5200ms (custom)
2023-02-28 20:10:20,561 [pool-1430-thread-1] INFO  server.RaftServerConfigKeys (ConfUtils.java:logGet(46)) - raft.server.rpc.sleep.time = 25ms (default)
2023-02-28 20:10:20,561 [pool-1430-thread-1] INFO  server.RaftServerConfigKeys (ConfUtils.java:logGet(46)) - raft.server.rpc.slowness.timeout = 300s (custom)
2023-02-28 20:10:20,561 [pool-1430-thread-1] INFO  server.RaftServerConfigKeys (ConfUtils.java:logGet(46)) - raft.server.leaderelection.leader.step-down.wait-time = 10s (default)
2023-02-28 20:10:20,561 [pool-1430-thread-1] INFO  server.RaftServerConfigKeys (ConfUtils.java:logGet(46)) - raft.server.sleep.deviation.threshold = 300ms (default)
2023-02-28 20:10:20,561 [pool-1430-thread-1] INFO  server.RaftServer$Division (ServerState.java:<init>(118)) - eae64dd3-82ca-4abe-8982-cc6124070574@group-E64569B96E86: ConfigurationManager, init=-1: peers:[5934c68d-b896-470a-9875-633bc32aae4b|rpc:10.1.1.15:42749|dataStream:10.1.1.15:34149|priority:0|startupRole:FOLLOWER, eae64dd3-82ca-4abe-8982-cc6124070574|rpc:10.1.1.15:37275|dataStream:10.1.1.15:37921|priority:1|startupRole:FOLLOWER, 3f3cc37b-1bfe-4d0c-a49a-ec76f450a0b5|rpc:10.1.1.15:44541|dataStream:10.1.1.15:43275|priority:0|startupRole:FOLLOWER]|listeners:[], old=null, confs=<EMPTY_MAP>
2023-02-28 20:10:20,561 [pool-1430-thread-1] INFO  server.RaftServerConfigKeys (ConfUtils.java:logGet(46)) - raft.server.storage.dir = [/home/runner/work/ozone/ozone/hadoop-ozone/integration-test/target/test-dir/MiniOzoneClusterImpl-9e11fa7e-4972-4825-87e7-ebdcd03a38ce/datanode-2/data/ratis] (custom)
2023-02-28 20:10:20,561 [pool-1430-thread-1] INFO  server.RaftServerConfigKeys (ConfUtils.java:logGet(46)) - raft.server.log.corruption.policy = EXCEPTION (default)
2023-02-28 20:10:20,561 [pool-1430-thread-1] INFO  server.RaftServerConfigKeys (ConfUtils.java:logGet(46)) - raft.server.storage.free-space.min = 0MB (=0) (default)
2023-02-28 20:10:20,561 [pool-1430-thread-1] INFO  server.RaftServerConfigKeys (ConfUtils.java:logGet(46)) - raft.server.notification.no-leader.timeout = 300s (custom)
2023-02-28 20:10:20,561 [pool-1430-thread-1] INFO  server.RaftServerConfigKeys (ConfUtils.java:logGet(46)) - raft.server.retrycache.expirytime = 600000ms (custom)
2023-02-28 20:10:20,561 [pool-1430-thread-1] INFO  server.RaftServerConfigKeys (ConfUtils.java:logGet(46)) - raft.server.retrycache.statistics.expirytime = 100μs (default)
2023-02-28 20:10:20,563 [pool-1430-thread-1] INFO  server.RaftServerConfigKeys (ConfUtils.java:logGet(46)) - raft.server.log.appender.install.snapshot.enabled = false (custom)
2023-02-28 20:10:20,563 [pool-1430-thread-1] INFO  server.RaftServerConfigKeys (ConfUtils.java:logGet(46)) - raft.server.threadpool.server.cached = true (default)
2023-02-28 20:10:20,563 [pool-1430-thread-1] INFO  server.RaftServerConfigKeys (ConfUtils.java:logGet(46)) - raft.server.threadpool.server.size = 0 (default)
2023-02-28 20:10:20,563 [pool-1430-thread-1] INFO  server.RaftServerConfigKeys (ConfUtils.java:logGet(46)) - raft.server.threadpool.client.cached = true (default)
2023-02-28 20:10:20,563 [pool-1430-thread-1] INFO  server.RaftServerConfigKeys (ConfUtils.java:logGet(46)) - raft.server.threadpool.client.size = 0 (default)
2023-02-28 20:10:20,563 [pool-1430-thread-1] INFO  storage.RaftStorageDirectory (RaftStorageDirectoryImpl.java:analyzeStorage(137)) - The storage directory /home/runner/work/ozone/ozone/hadoop-ozone/integration-test/target/test-dir/MiniOzoneClusterImpl-9e11fa7e-4972-4825-87e7-ebdcd03a38ce/datanode-2/data/ratis/0030b2ce-d580-460f-9c3b-e64569b96e86 does not exist. Creating ...
2023-02-28 20:10:20,564 [pool-1430-thread-1] INFO  storage.RaftStorageDirectory (RaftStorageDirectoryImpl.java:tryLock(231)) - Lock on /home/runner/work/ozone/ozone/hadoop-ozone/integration-test/target/test-dir/MiniOzoneClusterImpl-9e11fa7e-4972-4825-87e7-ebdcd03a38ce/datanode-2/data/ratis/0030b2ce-d580-460f-9c3b-e64569b96e86/in_use.lock acquired by nodename 61155@fv-az399-334
2023-02-28 20:10:20,565 [pool-1430-thread-1] INFO  storage.RaftStorage (RaftStorageImpl.java:format(96)) - Storage directory /home/runner/work/ozone/ozone/hadoop-ozone/integration-test/target/test-dir/MiniOzoneClusterImpl-9e11fa7e-4972-4825-87e7-ebdcd03a38ce/datanode-2/data/ratis/0030b2ce-d580-460f-9c3b-e64569b96e86 has been successfully formatted.
2023-02-28 20:10:20,566 [pool-1430-thread-1] INFO  ratis.ContainerStateMachine (ContainerStateMachine.java:loadSnapshot(240)) - group-E64569B96E86: The snapshot info is null. Setting the last applied indexto:(t:0, i:~)
2023-02-28 20:10:20,566 [pool-1430-thread-1] INFO  server.RaftServerConfigKeys (ConfUtils.java:logGet(46)) - raft.server.log.use.memory = false (default)
2023-02-28 20:10:20,566 [pool-1430-thread-1] INFO  server.RaftServerConfigKeys (ConfUtils.java:logGet(46)) - raft.server.log.purge.gap = 1000000 (custom)
2023-02-28 20:10:20,566 [pool-1430-thread-1] INFO  server.RaftServerConfigKeys (ConfUtils.java:logGet(46)) - raft.server.log.appender.buffer.byte-limit = 33554432 (custom)
2023-02-28 20:10:20,566 [pool-1430-thread-1] INFO  server.RaftServerConfigKeys (ConfUtils.java:logGet(46)) - raft.server.log.statemachine.data.read.timeout = 1000ms (default)
2023-02-28 20:10:20,566 [pool-1430-thread-1] INFO  server.RaftServerConfigKeys (ConfUtils.java:logGet(46)) - raft.server.log.purge.preservation.log.num = 0 (default)
2023-02-28 20:10:20,567 [pool-1430-thread-1] INFO  server.RaftServerConfigKeys (ConfUtils.java:logGet(46)) - raft.server.log.segment.size.max = 1048576 (custom)
2023-02-28 20:10:20,567 [pool-1430-thread-1] INFO  server.RaftServerConfigKeys (ConfUtils.java:logGet(46)) - raft.server.log.segment.cache.num.max = 2 (custom)
2023-02-28 20:10:20,567 [pool-1430-thread-1] INFO  server.RaftServerConfigKeys (ConfUtils.java:logGet(46)) - raft.server.log.segment.cache.size.max = 200MB (=209715200) (default)
2023-02-28 20:10:20,567 [pool-1430-thread-1] INFO  segmented.SegmentedRaftLogWorker (SegmentedRaftLogWorker.java:<init>(189)) - new eae64dd3-82ca-4abe-8982-cc6124070574@group-E64569B96E86-SegmentedRaftLogWorker for RaftStorageImpl:Storage Directory /home/runner/work/ozone/ozone/hadoop-ozone/integration-test/target/test-dir/MiniOzoneClusterImpl-9e11fa7e-4972-4825-87e7-ebdcd03a38ce/datanode-2/data/ratis/0030b2ce-d580-460f-9c3b-e64569b96e86
2023-02-28 20:10:20,567 [pool-1430-thread-1] INFO  server.RaftServerConfigKeys (ConfUtils.java:logGet(46)) - raft.server.log.queue.byte-limit = 4294967296 (custom)
2023-02-28 20:10:20,567 [pool-1430-thread-1] INFO  server.RaftServerConfigKeys (ConfUtils.java:logGet(46)) - raft.server.log.queue.element-limit = 1024 (custom)
2023-02-28 20:10:20,567 [pool-1430-thread-1] INFO  server.RaftServerConfigKeys (ConfUtils.java:logGet(46)) - raft.server.log.segment.size.max = 1048576 (custom)
2023-02-28 20:10:20,567 [pool-1430-thread-1] INFO  server.RaftServerConfigKeys (ConfUtils.java:logGet(46)) - raft.server.log.preallocated.size = 16384 (custom)
2023-02-28 20:10:20,567 [pool-1430-thread-1] INFO  server.RaftServerConfigKeys (ConfUtils.java:logGet(46)) - raft.server.log.force.sync.num = 128 (default)
2023-02-28 20:10:20,567 [pool-1430-thread-1] INFO  server.RaftServerConfigKeys (ConfUtils.java:logGet(46)) - raft.server.log.statemachine.data.sync = true (default)
2023-02-28 20:10:20,567 [pool-1430-thread-1] INFO  server.RaftServerConfigKeys (ConfUtils.java:logGet(46)) - raft.server.log.statemachine.data.sync.timeout = 10s (default)
2023-02-28 20:10:20,567 [pool-1430-thread-1] INFO  server.RaftServerConfigKeys (ConfUtils.java:logGet(46)) - raft.server.log.statemachine.data.sync.timeout.retry = -1 (default)
2023-02-28 20:10:20,568 [pool-1430-thread-1] INFO  server.RaftServerConfigKeys (ConfUtils.java:logGet(46)) - raft.server.log.write.buffer.size = 1048576 (custom)
2023-02-28 20:10:20,568 [pool-1430-thread-1] INFO  server.RaftServerConfigKeys (ConfUtils.java:logGet(46)) - raft.server.log.appender.buffer.byte-limit = 33554432 (custom)
2023-02-28 20:10:20,617 [pool-1430-thread-1] INFO  server.RaftServerConfigKeys (ConfUtils.java:logGet(46)) - raft.server.log.unsafe-flush.enabled = false (default)
2023-02-28 20:10:20,617 [pool-1430-thread-1] INFO  server.RaftServerConfigKeys (ConfUtils.java:logGet(46)) - raft.server.log.async-flush.enabled = false (default)
2023-02-28 20:10:20,617 [pool-1430-thread-1] INFO  server.RaftServerConfigKeys (ConfUtils.java:logGet(46)) - raft.server.log.statemachine.data.caching.enabled = true (custom)
2023-02-28 20:10:20,617 [pool-1430-thread-1] INFO  segmented.SegmentedRaftLogWorker (SegmentedRaftLogWorker.java:lambda$new$0(135)) - eae64dd3-82ca-4abe-8982-cc6124070574@group-E64569B96E86-SegmentedRaftLogWorker: flushIndex: setUnconditionally 0 -> -1
2023-02-28 20:10:20,617 [pool-1430-thread-1] INFO  segmented.SegmentedRaftLogWorker (SegmentedRaftLogWorker.java:lambda$new$0(135)) - eae64dd3-82ca-4abe-8982-cc6124070574@group-E64569B96E86-SegmentedRaftLogWorker: safeCacheEvictIndex: setUnconditionally 0 -> -1
2023-02-28 20:10:20,617 [pool-1430-thread-1] INFO  server.RaftServer$Division (RaftServerImpl.java:start(334)) - eae64dd3-82ca-4abe-8982-cc6124070574@group-E64569B96E86: start as a follower, conf=-1: peers:[5934c68d-b896-470a-9875-633bc32aae4b|rpc:10.1.1.15:42749|dataStream:10.1.1.15:34149|priority:0|startupRole:FOLLOWER, eae64dd3-82ca-4abe-8982-cc6124070574|rpc:10.1.1.15:37275|dataStream:10.1.1.15:37921|priority:1|startupRole:FOLLOWER, 3f3cc37b-1bfe-4d0c-a49a-ec76f450a0b5|rpc:10.1.1.15:44541|dataStream:10.1.1.15:43275|priority:0|startupRole:FOLLOWER]|listeners:[], old=null
2023-02-28 20:10:20,617 [pool-1430-thread-1] INFO  server.RaftServer$Division (RaftServerImpl.java:setRole(321)) - eae64dd3-82ca-4abe-8982-cc6124070574@group-E64569B96E86: changes role from      null to FOLLOWER at term 0 for startAsFollower
2023-02-28 20:10:20,618 [pool-1430-thread-1] INFO  impl.RoleInfo (RoleInfo.java:updateAndGet(139)) - eae64dd3-82ca-4abe-8982-cc6124070574: start eae64dd3-82ca-4abe-8982-cc6124070574@group-E64569B96E86-FollowerState
2023-02-28 20:10:20,618 [pool-1430-thread-1] INFO  util.JmxRegister (JmxRegister.java:tryRegister(44)) - Successfully registered JMX Bean with object name Ratis:service=RaftServer,group=group-E64569B96E86,id=eae64dd3-82ca-4abe-8982-cc6124070574
2023-02-28 20:10:20,618 [pool-1430-thread-1] INFO  server.RaftServerConfigKeys (ConfUtils.java:logGet(46)) - raft.server.snapshot.auto.trigger.enabled = true (custom)
2023-02-28 20:10:20,618 [pool-1430-thread-1] INFO  server.RaftServerConfigKeys (ConfUtils.java:logGet(46)) - raft.server.snapshot.auto.trigger.threshold = 10000 (custom)
2023-02-28 20:10:20,618 [pool-1430-thread-1] INFO  server.RaftServerConfigKeys (ConfUtils.java:logGet(46)) - raft.server.snapshot.retention.file.num = 5 (custom)
2023-02-28 20:10:20,626 [pool-1430-thread-1] INFO  server.RaftServerConfigKeys (ConfUtils.java:logGet(46)) - raft.server.log.purge.upto.snapshot.index = false (default)
2023-02-28 20:10:20,627 [eae64dd3-82ca-4abe-8982-cc6124070574@group-E64569B96E86-FollowerState] INFO  server.RaftServerConfigKeys (ConfUtils.java:logFallback(53)) - raft.server.rpc.first-election.timeout.min = 5s (fallback to raft.server.rpc.timeout.min)
2023-02-28 20:10:20,632 [eae64dd3-82ca-4abe-8982-cc6124070574@group-E64569B96E86-FollowerState] INFO  server.RaftServerConfigKeys (ConfUtils.java:logFallback(53)) - raft.server.rpc.first-election.timeout.max = 5200ms (fallback to raft.server.rpc.timeout.max)
2023-02-28 20:10:20,669 [grpc-default-executor-3] INFO  server.RaftServer (RaftServerProxy.java:addNew(96)) - 3f3cc37b-1bfe-4d0c-a49a-ec76f450a0b5: addNew group-E64569B96E86:[5934c68d-b896-470a-9875-633bc32aae4b|rpc:10.1.1.15:42749|dataStream:10.1.1.15:34149|priority:0|startupRole:FOLLOWER, eae64dd3-82ca-4abe-8982-cc6124070574|rpc:10.1.1.15:37275|dataStream:10.1.1.15:37921|priority:1|startupRole:FOLLOWER, 3f3cc37b-1bfe-4d0c-a49a-ec76f450a0b5|rpc:10.1.1.15:44541|dataStream:10.1.1.15:43275|priority:0|startupRole:FOLLOWER] returns group-E64569B96E86:java.util.concurrent.CompletableFuture@22c58331[Not completed]
2023-02-28 20:10:20,683 [pool-1408-thread-1] INFO  server.RaftServer$Division (RaftServerImpl.java:<init>(195)) - 3f3cc37b-1bfe-4d0c-a49a-ec76f450a0b5: new RaftServerImpl for group-E64569B96E86:[5934c68d-b896-470a-9875-633bc32aae4b|rpc:10.1.1.15:42749|dataStream:10.1.1.15:34149|priority:0|startupRole:FOLLOWER, eae64dd3-82ca-4abe-8982-cc6124070574|rpc:10.1.1.15:37275|dataStream:10.1.1.15:37921|priority:1|startupRole:FOLLOWER, 3f3cc37b-1bfe-4d0c-a49a-ec76f450a0b5|rpc:10.1.1.15:44541|dataStream:10.1.1.15:43275|priority:0|startupRole:FOLLOWER] with ContainerStateMachine:uninitialized
2023-02-28 20:10:20,684 [pool-1408-thread-1] INFO  server.RaftServerConfigKeys (ConfUtils.java:logGet(46)) - raft.server.rpc.timeout.min = 5s (custom)
2023-02-28 20:10:20,684 [pool-1408-thread-1] INFO  server.RaftServerConfigKeys (ConfUtils.java:logGet(46)) - raft.server.rpc.timeout.max = 5200ms (custom)
2023-02-28 20:10:20,684 [pool-1408-thread-1] INFO  server.RaftServerConfigKeys (ConfUtils.java:logGet(46)) - raft.server.rpc.sleep.time = 25ms (default)
2023-02-28 20:10:20,684 [pool-1408-thread-1] INFO  server.RaftServerConfigKeys (ConfUtils.java:logGet(46)) - raft.server.rpc.slowness.timeout = 300s (custom)
2023-02-28 20:10:20,684 [pool-1408-thread-1] INFO  server.RaftServerConfigKeys (ConfUtils.java:logGet(46)) - raft.server.leaderelection.leader.step-down.wait-time = 10s (default)
2023-02-28 20:10:20,684 [pool-1408-thread-1] INFO  server.RaftServerConfigKeys (ConfUtils.java:logGet(46)) - raft.server.sleep.deviation.threshold = 300ms (default)
2023-02-28 20:10:20,684 [pool-1408-thread-1] INFO  server.RaftServer$Division (ServerState.java:<init>(118)) - 3f3cc37b-1bfe-4d0c-a49a-ec76f450a0b5@group-E64569B96E86: ConfigurationManager, init=-1: peers:[5934c68d-b896-470a-9875-633bc32aae4b|rpc:10.1.1.15:42749|dataStream:10.1.1.15:34149|priority:0|startupRole:FOLLOWER, eae64dd3-82ca-4abe-8982-cc6124070574|rpc:10.1.1.15:37275|dataStream:10.1.1.15:37921|priority:1|startupRole:FOLLOWER, 3f3cc37b-1bfe-4d0c-a49a-ec76f450a0b5|rpc:10.1.1.15:44541|dataStream:10.1.1.15:43275|priority:0|startupRole:FOLLOWER]|listeners:[], old=null, confs=<EMPTY_MAP>
2023-02-28 20:10:20,684 [pool-1408-thread-1] INFO  server.RaftServerConfigKeys (ConfUtils.java:logGet(46)) - raft.server.storage.dir = [/home/runner/work/ozone/ozone/hadoop-ozone/integration-test/target/test-dir/MiniOzoneClusterImpl-9e11fa7e-4972-4825-87e7-ebdcd03a38ce/datanode-1/data/ratis] (custom)
2023-02-28 20:10:20,684 [pool-1408-thread-1] INFO  server.RaftServerConfigKeys (ConfUtils.java:logGet(46)) - raft.server.log.corruption.policy = EXCEPTION (default)
2023-02-28 20:10:20,684 [pool-1408-thread-1] INFO  server.RaftServerConfigKeys (ConfUtils.java:logGet(46)) - raft.server.storage.free-space.min = 0MB (=0) (default)
2023-02-28 20:10:20,684 [pool-1408-thread-1] INFO  server.RaftServerConfigKeys (ConfUtils.java:logGet(46)) - raft.server.notification.no-leader.timeout = 300s (custom)
2023-02-28 20:10:20,684 [pool-1408-thread-1] INFO  server.RaftServerConfigKeys (ConfUtils.java:logGet(46)) - raft.server.retrycache.expirytime = 600000ms (custom)
2023-02-28 20:10:20,684 [pool-1408-thread-1] INFO  server.RaftServerConfigKeys (ConfUtils.java:logGet(46)) - raft.server.retrycache.statistics.expirytime = 100μs (default)
2023-02-28 20:10:20,685 [pool-1408-thread-1] INFO  server.RaftServerConfigKeys (ConfUtils.java:logGet(46)) - raft.server.log.appender.install.snapshot.enabled = false (custom)
2023-02-28 20:10:20,685 [pool-1408-thread-1] INFO  server.RaftServerConfigKeys (ConfUtils.java:logGet(46)) - raft.server.threadpool.server.cached = true (default)
2023-02-28 20:10:20,685 [pool-1408-thread-1] INFO  server.RaftServerConfigKeys (ConfUtils.java:logGet(46)) - raft.server.threadpool.server.size = 0 (default)
2023-02-28 20:10:20,685 [pool-1408-thread-1] INFO  server.RaftServerConfigKeys (ConfUtils.java:logGet(46)) - raft.server.threadpool.client.cached = true (default)
2023-02-28 20:10:20,685 [pool-1408-thread-1] INFO  server.RaftServerConfigKeys (ConfUtils.java:logGet(46)) - raft.server.threadpool.client.size = 0 (default)
2023-02-28 20:10:20,685 [pool-1408-thread-1] INFO  storage.RaftStorageDirectory (RaftStorageDirectoryImpl.java:analyzeStorage(137)) - The storage directory /home/runner/work/ozone/ozone/hadoop-ozone/integration-test/target/test-dir/MiniOzoneClusterImpl-9e11fa7e-4972-4825-87e7-ebdcd03a38ce/datanode-1/data/ratis/0030b2ce-d580-460f-9c3b-e64569b96e86 does not exist. Creating ...
2023-02-28 20:10:20,686 [pool-1408-thread-1] INFO  storage.RaftStorageDirectory (RaftStorageDirectoryImpl.java:tryLock(231)) - Lock on /home/runner/work/ozone/ozone/hadoop-ozone/integration-test/target/test-dir/MiniOzoneClusterImpl-9e11fa7e-4972-4825-87e7-ebdcd03a38ce/datanode-1/data/ratis/0030b2ce-d580-460f-9c3b-e64569b96e86/in_use.lock acquired by nodename 61155@fv-az399-334
2023-02-28 20:10:20,687 [pool-1408-thread-1] INFO  storage.RaftStorage (RaftStorageImpl.java:format(96)) - Storage directory /home/runner/work/ozone/ozone/hadoop-ozone/integration-test/target/test-dir/MiniOzoneClusterImpl-9e11fa7e-4972-4825-87e7-ebdcd03a38ce/datanode-1/data/ratis/0030b2ce-d580-460f-9c3b-e64569b96e86 has been successfully formatted.
2023-02-28 20:10:20,699 [pool-1408-thread-1] INFO  ratis.ContainerStateMachine (ContainerStateMachine.java:loadSnapshot(240)) - group-E64569B96E86: The snapshot info is null. Setting the last applied indexto:(t:0, i:~)
2023-02-28 20:10:20,699 [pool-1408-thread-1] INFO  server.RaftServerConfigKeys (ConfUtils.java:logGet(46)) - raft.server.log.use.memory = false (default)
2023-02-28 20:10:20,699 [pool-1408-thread-1] INFO  server.RaftServerConfigKeys (ConfUtils.java:logGet(46)) - raft.server.log.purge.gap = 1000000 (custom)
2023-02-28 20:10:20,699 [pool-1408-thread-1] INFO  server.RaftServerConfigKeys (ConfUtils.java:logGet(46)) - raft.server.log.appender.buffer.byte-limit = 33554432 (custom)
2023-02-28 20:10:20,699 [pool-1408-thread-1] INFO  server.RaftServerConfigKeys (ConfUtils.java:logGet(46)) - raft.server.log.statemachine.data.read.timeout = 1000ms (default)
2023-02-28 20:10:20,699 [pool-1408-thread-1] INFO  server.RaftServerConfigKeys (ConfUtils.java:logGet(46)) - raft.server.log.purge.preservation.log.num = 0 (default)
2023-02-28 20:10:20,699 [pool-1408-thread-1] INFO  server.RaftServerConfigKeys (ConfUtils.java:logGet(46)) - raft.server.log.segment.size.max = 1048576 (custom)
2023-02-28 20:10:20,699 [pool-1408-thread-1] INFO  server.RaftServerConfigKeys (ConfUtils.java:logGet(46)) - raft.server.log.segment.cache.num.max = 2 (custom)
2023-02-28 20:10:20,699 [pool-1408-thread-1] INFO  server.RaftServerConfigKeys (ConfUtils.java:logGet(46)) - raft.server.log.segment.cache.size.max = 200MB (=209715200) (default)
2023-02-28 20:10:20,699 [pool-1408-thread-1] INFO  segmented.SegmentedRaftLogWorker (SegmentedRaftLogWorker.java:<init>(189)) - new 3f3cc37b-1bfe-4d0c-a49a-ec76f450a0b5@group-E64569B96E86-SegmentedRaftLogWorker for RaftStorageImpl:Storage Directory /home/runner/work/ozone/ozone/hadoop-ozone/integration-test/target/test-dir/MiniOzoneClusterImpl-9e11fa7e-4972-4825-87e7-ebdcd03a38ce/datanode-1/data/ratis/0030b2ce-d580-460f-9c3b-e64569b96e86
2023-02-28 20:10:20,699 [pool-1408-thread-1] INFO  server.RaftServerConfigKeys (ConfUtils.java:logGet(46)) - raft.server.log.queue.byte-limit = 4294967296 (custom)
2023-02-28 20:10:20,700 [pool-1408-thread-1] INFO  server.RaftServerConfigKeys (ConfUtils.java:logGet(46)) - raft.server.log.queue.element-limit = 1024 (custom)
2023-02-28 20:10:20,700 [pool-1408-thread-1] INFO  server.RaftServerConfigKeys (ConfUtils.java:logGet(46)) - raft.server.log.segment.size.max = 1048576 (custom)
2023-02-28 20:10:20,700 [pool-1408-thread-1] INFO  server.RaftServerConfigKeys (ConfUtils.java:logGet(46)) - raft.server.log.preallocated.size = 16384 (custom)
2023-02-28 20:10:20,700 [pool-1408-thread-1] INFO  server.RaftServerConfigKeys (ConfUtils.java:logGet(46)) - raft.server.log.force.sync.num = 128 (default)
2023-02-28 20:10:20,700 [pool-1408-thread-1] INFO  server.RaftServerConfigKeys (ConfUtils.java:logGet(46)) - raft.server.log.statemachine.data.sync = true (default)
2023-02-28 20:10:20,700 [pool-1408-thread-1] INFO  server.RaftServerConfigKeys (ConfUtils.java:logGet(46)) - raft.server.log.statemachine.data.sync.timeout = 10s (default)
2023-02-28 20:10:20,700 [pool-1408-thread-1] INFO  server.RaftServerConfigKeys (ConfUtils.java:logGet(46)) - raft.server.log.statemachine.data.sync.timeout.retry = -1 (default)
2023-02-28 20:10:20,700 [pool-1408-thread-1] INFO  server.RaftServerConfigKeys (ConfUtils.java:logGet(46)) - raft.server.log.write.buffer.size = 1048576 (custom)
2023-02-28 20:10:20,701 [pool-1408-thread-1] INFO  server.RaftServerConfigKeys (ConfUtils.java:logGet(46)) - raft.server.log.appender.buffer.byte-limit = 33554432 (custom)
2023-02-28 20:10:20,706 [pool-1408-thread-1] INFO  server.RaftServerConfigKeys (ConfUtils.java:logGet(46)) - raft.server.log.unsafe-flush.enabled = false (default)
2023-02-28 20:10:20,706 [pool-1408-thread-1] INFO  server.RaftServerConfigKeys (ConfUtils.java:logGet(46)) - raft.server.log.async-flush.enabled = false (default)
2023-02-28 20:10:20,706 [pool-1408-thread-1] INFO  server.RaftServerConfigKeys (ConfUtils.java:logGet(46)) - raft.server.log.statemachine.data.caching.enabled = true (custom)
2023-02-28 20:10:20,706 [pool-1408-thread-1] INFO  segmented.SegmentedRaftLogWorker (SegmentedRaftLogWorker.java:lambda$new$0(135)) - 3f3cc37b-1bfe-4d0c-a49a-ec76f450a0b5@group-E64569B96E86-SegmentedRaftLogWorker: flushIndex: setUnconditionally 0 -> -1
2023-02-28 20:10:20,706 [pool-1408-thread-1] INFO  segmented.SegmentedRaftLogWorker (SegmentedRaftLogWorker.java:lambda$new$0(135)) - 3f3cc37b-1bfe-4d0c-a49a-ec76f450a0b5@group-E64569B96E86-SegmentedRaftLogWorker: safeCacheEvictIndex: setUnconditionally 0 -> -1
2023-02-28 20:10:20,708 [pool-1408-thread-1] INFO  server.RaftServer$Division (RaftServerImpl.java:start(334)) - 3f3cc37b-1bfe-4d0c-a49a-ec76f450a0b5@group-E64569B96E86: start as a follower, conf=-1: peers:[5934c68d-b896-470a-9875-633bc32aae4b|rpc:10.1.1.15:42749|dataStream:10.1.1.15:34149|priority:0|startupRole:FOLLOWER, eae64dd3-82ca-4abe-8982-cc6124070574|rpc:10.1.1.15:37275|dataStream:10.1.1.15:37921|priority:1|startupRole:FOLLOWER, 3f3cc37b-1bfe-4d0c-a49a-ec76f450a0b5|rpc:10.1.1.15:44541|dataStream:10.1.1.15:43275|priority:0|startupRole:FOLLOWER]|listeners:[], old=null
2023-02-28 20:10:20,708 [pool-1408-thread-1] INFO  server.RaftServer$Division (RaftServerImpl.java:setRole(321)) - 3f3cc37b-1bfe-4d0c-a49a-ec76f450a0b5@group-E64569B96E86: changes role from      null to FOLLOWER at term 0 for startAsFollower
2023-02-28 20:10:20,708 [pool-1408-thread-1] INFO  impl.RoleInfo (RoleInfo.java:updateAndGet(139)) - 3f3cc37b-1bfe-4d0c-a49a-ec76f450a0b5: start 3f3cc37b-1bfe-4d0c-a49a-ec76f450a0b5@group-E64569B96E86-FollowerState
2023-02-28 20:10:20,708 [pool-1408-thread-1] INFO  util.JmxRegister (JmxRegister.java:tryRegister(44)) - Successfully registered JMX Bean with object name Ratis:service=RaftServer,group=group-E64569B96E86,id=3f3cc37b-1bfe-4d0c-a49a-ec76f450a0b5
2023-02-28 20:10:20,708 [pool-1408-thread-1] INFO  server.RaftServerConfigKeys (ConfUtils.java:logGet(46)) - raft.server.snapshot.auto.trigger.enabled = true (custom)
2023-02-28 20:10:20,708 [pool-1408-thread-1] INFO  server.RaftServerConfigKeys (ConfUtils.java:logGet(46)) - raft.server.snapshot.auto.trigger.threshold = 10000 (custom)
2023-02-28 20:10:20,708 [pool-1408-thread-1] INFO  server.RaftServerConfigKeys (ConfUtils.java:logGet(46)) - raft.server.snapshot.retention.file.num = 5 (custom)
2023-02-28 20:10:20,708 [pool-1408-thread-1] INFO  server.RaftServerConfigKeys (ConfUtils.java:logGet(46)) - raft.server.log.purge.upto.snapshot.index = false (default)
2023-02-28 20:10:20,709 [3f3cc37b-1bfe-4d0c-a49a-ec76f450a0b5@group-E64569B96E86-FollowerState] INFO  server.RaftServerConfigKeys (ConfUtils.java:logFallback(53)) - raft.server.rpc.first-election.timeout.min = 5s (fallback to raft.server.rpc.timeout.min)
2023-02-28 20:10:20,719 [3f3cc37b-1bfe-4d0c-a49a-ec76f450a0b5@group-E64569B96E86-FollowerState] INFO  server.RaftServerConfigKeys (ConfUtils.java:logFallback(53)) - raft.server.rpc.first-election.timeout.max = 5200ms (fallback to raft.server.rpc.timeout.max)
2023-02-28 20:10:20,722 [Command processor thread] INFO  commandhandler.CreatePipelineCommandHandler (CreatePipelineCommandHandler.java:handle(113)) - Created Pipeline RATIS THREE PipelineID=0030b2ce-d580-460f-9c3b-e64569b96e86.
2023-02-28 20:10:20,722 [Command processor thread] INFO  server.RaftServer (RaftServerProxy.java:addNew(96)) - 5934c68d-b896-470a-9875-633bc32aae4b: addNew group-62BEE00C4BAA:[5934c68d-b896-470a-9875-633bc32aae4b|rpc:10.1.1.15:42749|dataStream:10.1.1.15:34149|priority:1|startupRole:FOLLOWER, eae64dd3-82ca-4abe-8982-cc6124070574|rpc:10.1.1.15:37275|dataStream:10.1.1.15:37921|priority:0|startupRole:FOLLOWER, 3f3cc37b-1bfe-4d0c-a49a-ec76f450a0b5|rpc:10.1.1.15:44541|dataStream:10.1.1.15:43275|priority:0|startupRole:FOLLOWER] returns group-62BEE00C4BAA:java.util.concurrent.CompletableFuture@6b7cc932[Not completed]
2023-02-28 20:10:20,723 [pool-1386-thread-1] INFO  server.RaftServer$Division (RaftServerImpl.java:<init>(195)) - 5934c68d-b896-470a-9875-633bc32aae4b: new RaftServerImpl for group-62BEE00C4BAA:[5934c68d-b896-470a-9875-633bc32aae4b|rpc:10.1.1.15:42749|dataStream:10.1.1.15:34149|priority:1|startupRole:FOLLOWER, eae64dd3-82ca-4abe-8982-cc6124070574|rpc:10.1.1.15:37275|dataStream:10.1.1.15:37921|priority:0|startupRole:FOLLOWER, 3f3cc37b-1bfe-4d0c-a49a-ec76f450a0b5|rpc:10.1.1.15:44541|dataStream:10.1.1.15:43275|priority:0|startupRole:FOLLOWER] with ContainerStateMachine:uninitialized
2023-02-28 20:10:20,723 [pool-1386-thread-1] INFO  server.RaftServerConfigKeys (ConfUtils.java:logGet(46)) - raft.server.rpc.timeout.min = 5s (custom)
2023-02-28 20:10:20,723 [pool-1386-thread-1] INFO  server.RaftServerConfigKeys (ConfUtils.java:logGet(46)) - raft.server.rpc.timeout.max = 5200ms (custom)
2023-02-28 20:10:20,723 [pool-1386-thread-1] INFO  server.RaftServerConfigKeys (ConfUtils.java:logGet(46)) - raft.server.rpc.sleep.time = 25ms (default)
2023-02-28 20:10:20,723 [pool-1386-thread-1] INFO  server.RaftServerConfigKeys (ConfUtils.java:logGet(46)) - raft.server.rpc.slowness.timeout = 300s (custom)
2023-02-28 20:10:20,723 [pool-1386-thread-1] INFO  server.RaftServerConfigKeys (ConfUtils.java:logGet(46)) - raft.server.leaderelection.leader.step-down.wait-time = 10s (default)
2023-02-28 20:10:20,723 [pool-1386-thread-1] INFO  server.RaftServerConfigKeys (ConfUtils.java:logGet(46)) - raft.server.sleep.deviation.threshold = 300ms (default)
2023-02-28 20:10:20,723 [pool-1386-thread-1] INFO  server.RaftServer$Division (ServerState.java:<init>(118)) - 5934c68d-b896-470a-9875-633bc32aae4b@group-62BEE00C4BAA: ConfigurationManager, init=-1: peers:[5934c68d-b896-470a-9875-633bc32aae4b|rpc:10.1.1.15:42749|dataStream:10.1.1.15:34149|priority:1|startupRole:FOLLOWER, eae64dd3-82ca-4abe-8982-cc6124070574|rpc:10.1.1.15:37275|dataStream:10.1.1.15:37921|priority:0|startupRole:FOLLOWER, 3f3cc37b-1bfe-4d0c-a49a-ec76f450a0b5|rpc:10.1.1.15:44541|dataStream:10.1.1.15:43275|priority:0|startupRole:FOLLOWER]|listeners:[], old=null, confs=<EMPTY_MAP>
2023-02-28 20:10:20,723 [pool-1386-thread-1] INFO  server.RaftServerConfigKeys (ConfUtils.java:logGet(46)) - raft.server.storage.dir = [/home/runner/work/ozone/ozone/hadoop-ozone/integration-test/target/test-dir/MiniOzoneClusterImpl-9e11fa7e-4972-4825-87e7-ebdcd03a38ce/datanode-0/data/ratis] (custom)
2023-02-28 20:10:20,723 [pool-1386-thread-1] INFO  server.RaftServerConfigKeys (ConfUtils.java:logGet(46)) - raft.server.log.corruption.policy = EXCEPTION (default)
2023-02-28 20:10:20,723 [pool-1386-thread-1] INFO  server.RaftServerConfigKeys (ConfUtils.java:logGet(46)) - raft.server.storage.free-space.min = 0MB (=0) (default)
2023-02-28 20:10:20,723 [pool-1386-thread-1] INFO  server.RaftServerConfigKeys (ConfUtils.java:logGet(46)) - raft.server.notification.no-leader.timeout = 300s (custom)
2023-02-28 20:10:20,723 [pool-1386-thread-1] INFO  server.RaftServerConfigKeys (ConfUtils.java:logGet(46)) - raft.server.retrycache.expirytime = 600000ms (custom)
2023-02-28 20:10:20,723 [pool-1386-thread-1] INFO  server.RaftServerConfigKeys (ConfUtils.java:logGet(46)) - raft.server.retrycache.statistics.expirytime = 100μs (default)
2023-02-28 20:10:20,724 [pool-1386-thread-1] INFO  server.RaftServerConfigKeys (ConfUtils.java:logGet(46)) - raft.server.log.appender.install.snapshot.enabled = false (custom)
2023-02-28 20:10:20,724 [pool-1386-thread-1] INFO  server.RaftServerConfigKeys (ConfUtils.java:logGet(46)) - raft.server.threadpool.server.cached = true (default)
2023-02-28 20:10:20,724 [pool-1386-thread-1] INFO  server.RaftServerConfigKeys (ConfUtils.java:logGet(46)) - raft.server.threadpool.server.size = 0 (default)
2023-02-28 20:10:20,724 [pool-1386-thread-1] INFO  server.RaftServerConfigKeys (ConfUtils.java:logGet(46)) - raft.server.threadpool.client.cached = true (default)
2023-02-28 20:10:20,724 [pool-1386-thread-1] INFO  server.RaftServerConfigKeys (ConfUtils.java:logGet(46)) - raft.server.threadpool.client.size = 0 (default)
2023-02-28 20:10:20,724 [pool-1386-thread-1] INFO  storage.RaftStorageDirectory (RaftStorageDirectoryImpl.java:analyzeStorage(137)) - The storage directory /home/runner/work/ozone/ozone/hadoop-ozone/integration-test/target/test-dir/MiniOzoneClusterImpl-9e11fa7e-4972-4825-87e7-ebdcd03a38ce/datanode-0/data/ratis/6fb12ad6-f074-439f-b469-62bee00c4baa does not exist. Creating ...
2023-02-28 20:10:20,725 [pool-1386-thread-1] INFO  storage.RaftStorageDirectory (RaftStorageDirectoryImpl.java:tryLock(231)) - Lock on /home/runner/work/ozone/ozone/hadoop-ozone/integration-test/target/test-dir/MiniOzoneClusterImpl-9e11fa7e-4972-4825-87e7-ebdcd03a38ce/datanode-0/data/ratis/6fb12ad6-f074-439f-b469-62bee00c4baa/in_use.lock acquired by nodename 61155@fv-az399-334
2023-02-28 20:10:20,726 [pool-1386-thread-1] INFO  storage.RaftStorage (RaftStorageImpl.java:format(96)) - Storage directory /home/runner/work/ozone/ozone/hadoop-ozone/integration-test/target/test-dir/MiniOzoneClusterImpl-9e11fa7e-4972-4825-87e7-ebdcd03a38ce/datanode-0/data/ratis/6fb12ad6-f074-439f-b469-62bee00c4baa has been successfully formatted.
2023-02-28 20:10:20,727 [pool-1386-thread-1] INFO  ratis.ContainerStateMachine (ContainerStateMachine.java:loadSnapshot(240)) - group-62BEE00C4BAA: The snapshot info is null. Setting the last applied indexto:(t:0, i:~)
2023-02-28 20:10:20,727 [pool-1386-thread-1] INFO  server.RaftServerConfigKeys (ConfUtils.java:logGet(46)) - raft.server.log.use.memory = false (default)
2023-02-28 20:10:20,727 [pool-1386-thread-1] INFO  server.RaftServerConfigKeys (ConfUtils.java:logGet(46)) - raft.server.log.purge.gap = 1000000 (custom)
2023-02-28 20:10:20,727 [pool-1386-thread-1] INFO  server.RaftServerConfigKeys (ConfUtils.java:logGet(46)) - raft.server.log.appender.buffer.byte-limit = 33554432 (custom)
2023-02-28 20:10:20,728 [pool-1386-thread-1] INFO  server.RaftServerConfigKeys (ConfUtils.java:logGet(46)) - raft.server.log.statemachine.data.read.timeout = 1000ms (default)
2023-02-28 20:10:20,728 [pool-1386-thread-1] INFO  server.RaftServerConfigKeys (ConfUtils.java:logGet(46)) - raft.server.log.purge.preservation.log.num = 0 (default)
2023-02-28 20:10:20,729 [pool-1386-thread-1] INFO  server.RaftServerConfigKeys (ConfUtils.java:logGet(46)) - raft.server.log.segment.size.max = 1048576 (custom)
2023-02-28 20:10:20,729 [pool-1386-thread-1] INFO  server.RaftServerConfigKeys (ConfUtils.java:logGet(46)) - raft.server.log.segment.cache.num.max = 2 (custom)
2023-02-28 20:10:20,729 [pool-1386-thread-1] INFO  server.RaftServerConfigKeys (ConfUtils.java:logGet(46)) - raft.server.log.segment.cache.size.max = 200MB (=209715200) (default)
2023-02-28 20:10:20,729 [pool-1386-thread-1] INFO  segmented.SegmentedRaftLogWorker (SegmentedRaftLogWorker.java:<init>(189)) - new 5934c68d-b896-470a-9875-633bc32aae4b@group-62BEE00C4BAA-SegmentedRaftLogWorker for RaftStorageImpl:Storage Directory /home/runner/work/ozone/ozone/hadoop-ozone/integration-test/target/test-dir/MiniOzoneClusterImpl-9e11fa7e-4972-4825-87e7-ebdcd03a38ce/datanode-0/data/ratis/6fb12ad6-f074-439f-b469-62bee00c4baa
2023-02-28 20:10:20,729 [pool-1386-thread-1] INFO  server.RaftServerConfigKeys (ConfUtils.java:logGet(46)) - raft.server.log.queue.byte-limit = 4294967296 (custom)
2023-02-28 20:10:20,729 [pool-1386-thread-1] INFO  server.RaftServerConfigKeys (ConfUtils.java:logGet(46)) - raft.server.log.queue.element-limit = 1024 (custom)
2023-02-28 20:10:20,729 [pool-1386-thread-1] INFO  server.RaftServerConfigKeys (ConfUtils.java:logGet(46)) - raft.server.log.segment.size.max = 1048576 (custom)
2023-02-28 20:10:20,729 [pool-1386-thread-1] INFO  server.RaftServerConfigKeys (ConfUtils.java:logGet(46)) - raft.server.log.preallocated.size = 16384 (custom)
2023-02-28 20:10:20,729 [pool-1386-thread-1] INFO  server.RaftServerConfigKeys (ConfUtils.java:logGet(46)) - raft.server.log.force.sync.num = 128 (default)
2023-02-28 20:10:20,729 [pool-1386-thread-1] INFO  server.RaftServerConfigKeys (ConfUtils.java:logGet(46)) - raft.server.log.statemachine.data.sync = true (default)
2023-02-28 20:10:20,729 [pool-1386-thread-1] INFO  server.RaftServerConfigKeys (ConfUtils.java:logGet(46)) - raft.server.log.statemachine.data.sync.timeout = 10s (default)
2023-02-28 20:10:20,729 [pool-1386-thread-1] INFO  server.RaftServerConfigKeys (ConfUtils.java:logGet(46)) - raft.server.log.statemachine.data.sync.timeout.retry = -1 (default)
2023-02-28 20:10:20,730 [EventQueue-OpenPipelineForHealthyPipelineSafeModeRule] INFO  safemode.SCMSafeModeManager (HealthyPipelineSafeModeRule.java:process(137)) - SCM in safe mode. Healthy pipelines reported count is 0, required healthy pipeline reported count is 1
2023-02-28 20:10:20,731 [pool-1386-thread-1] INFO  server.RaftServerConfigKeys (ConfUtils.java:logGet(46)) - raft.server.log.write.buffer.size = 1048576 (custom)
2023-02-28 20:10:20,731 [pool-1386-thread-1] INFO  server.RaftServerConfigKeys (ConfUtils.java:logGet(46)) - raft.server.log.appender.buffer.byte-limit = 33554432 (custom)
2023-02-28 20:10:20,740 [pool-1386-thread-1] INFO  server.RaftServerConfigKeys (ConfUtils.java:logGet(46)) - raft.server.log.unsafe-flush.enabled = false (default)
2023-02-28 20:10:20,740 [pool-1386-thread-1] INFO  server.RaftServerConfigKeys (ConfUtils.java:logGet(46)) - raft.server.log.async-flush.enabled = false (default)
2023-02-28 20:10:20,740 [pool-1386-thread-1] INFO  server.RaftServerConfigKeys (ConfUtils.java:logGet(46)) - raft.server.log.statemachine.data.caching.enabled = true (custom)
2023-02-28 20:10:20,740 [pool-1386-thread-1] INFO  segmented.SegmentedRaftLogWorker (SegmentedRaftLogWorker.java:lambda$new$0(135)) - 5934c68d-b896-470a-9875-633bc32aae4b@group-62BEE00C4BAA-SegmentedRaftLogWorker: flushIndex: setUnconditionally 0 -> -1
2023-02-28 20:10:20,740 [pool-1386-thread-1] INFO  segmented.SegmentedRaftLogWorker (SegmentedRaftLogWorker.java:lambda$new$0(135)) - 5934c68d-b896-470a-9875-633bc32aae4b@group-62BEE00C4BAA-SegmentedRaftLogWorker: safeCacheEvictIndex: setUnconditionally 0 -> -1
2023-02-28 20:10:20,750 [pool-1386-thread-1] INFO  server.RaftServer$Division (RaftServerImpl.java:start(334)) - 5934c68d-b896-470a-9875-633bc32aae4b@group-62BEE00C4BAA: start as a follower, conf=-1: peers:[5934c68d-b896-470a-9875-633bc32aae4b|rpc:10.1.1.15:42749|dataStream:10.1.1.15:34149|priority:1|startupRole:FOLLOWER, eae64dd3-82ca-4abe-8982-cc6124070574|rpc:10.1.1.15:37275|dataStream:10.1.1.15:37921|priority:0|startupRole:FOLLOWER, 3f3cc37b-1bfe-4d0c-a49a-ec76f450a0b5|rpc:10.1.1.15:44541|dataStream:10.1.1.15:43275|priority:0|startupRole:FOLLOWER]|listeners:[], old=null
2023-02-28 20:10:20,750 [pool-1386-thread-1] INFO  server.RaftServer$Division (RaftServerImpl.java:setRole(321)) - 5934c68d-b896-470a-9875-633bc32aae4b@group-62BEE00C4BAA: changes role from      null to FOLLOWER at term 0 for startAsFollower
2023-02-28 20:10:20,750 [pool-1386-thread-1] INFO  impl.RoleInfo (RoleInfo.java:updateAndGet(139)) - 5934c68d-b896-470a-9875-633bc32aae4b: start 5934c68d-b896-470a-9875-633bc32aae4b@group-62BEE00C4BAA-FollowerState
2023-02-28 20:10:20,753 [pool-1386-thread-1] INFO  util.JmxRegister (JmxRegister.java:tryRegister(44)) - Successfully registered JMX Bean with object name Ratis:service=RaftServer,group=group-62BEE00C4BAA,id=5934c68d-b896-470a-9875-633bc32aae4b
2023-02-28 20:10:20,754 [pool-1386-thread-1] INFO  server.RaftServerConfigKeys (ConfUtils.java:logGet(46)) - raft.server.snapshot.auto.trigger.enabled = true (custom)
2023-02-28 20:10:20,754 [pool-1386-thread-1] INFO  server.RaftServerConfigKeys (ConfUtils.java:logGet(46)) - raft.server.snapshot.auto.trigger.threshold = 10000 (custom)
2023-02-28 20:10:20,754 [pool-1386-thread-1] INFO  server.RaftServerConfigKeys (ConfUtils.java:logGet(46)) - raft.server.snapshot.retention.file.num = 5 (custom)
2023-02-28 20:10:20,754 [pool-1386-thread-1] INFO  server.RaftServerConfigKeys (ConfUtils.java:logGet(46)) - raft.server.log.purge.upto.snapshot.index = false (default)
2023-02-28 20:10:20,754 [5934c68d-b896-470a-9875-633bc32aae4b@group-62BEE00C4BAA-FollowerState] INFO  server.RaftServerConfigKeys (ConfUtils.java:logFallback(53)) - raft.server.rpc.first-election.timeout.min = 5s (fallback to raft.server.rpc.timeout.min)
2023-02-28 20:10:20,763 [5934c68d-b896-470a-9875-633bc32aae4b@group-62BEE00C4BAA-FollowerState] INFO  server.RaftServerConfigKeys (ConfUtils.java:logFallback(53)) - raft.server.rpc.first-election.timeout.max = 5200ms (fallback to raft.server.rpc.timeout.max)
2023-02-28 20:10:20,764 [Command processor thread] INFO  ratis.XceiverServerRatis (XceiverServerRatis.java:addGroup(807)) - Created group PipelineID=6fb12ad6-f074-439f-b469-62bee00c4baa
2023-02-28 20:10:20,771 [grpc-default-executor-3] INFO  server.RaftServer (RaftServerProxy.java:addNew(96)) - 3f3cc37b-1bfe-4d0c-a49a-ec76f450a0b5: addNew group-62BEE00C4BAA:[5934c68d-b896-470a-9875-633bc32aae4b|rpc:10.1.1.15:42749|dataStream:10.1.1.15:34149|priority:1|startupRole:FOLLOWER, eae64dd3-82ca-4abe-8982-cc6124070574|rpc:10.1.1.15:37275|dataStream:10.1.1.15:37921|priority:0|startupRole:FOLLOWER, 3f3cc37b-1bfe-4d0c-a49a-ec76f450a0b5|rpc:10.1.1.15:44541|dataStream:10.1.1.15:43275|priority:0|startupRole:FOLLOWER] returns group-62BEE00C4BAA:java.util.concurrent.CompletableFuture@51899633[Not completed]
2023-02-28 20:10:20,772 [pool-1408-thread-1] INFO  server.RaftServer$Division (RaftServerImpl.java:<init>(195)) - 3f3cc37b-1bfe-4d0c-a49a-ec76f450a0b5: new RaftServerImpl for group-62BEE00C4BAA:[5934c68d-b896-470a-9875-633bc32aae4b|rpc:10.1.1.15:42749|dataStream:10.1.1.15:34149|priority:1|startupRole:FOLLOWER, eae64dd3-82ca-4abe-8982-cc6124070574|rpc:10.1.1.15:37275|dataStream:10.1.1.15:37921|priority:0|startupRole:FOLLOWER, 3f3cc37b-1bfe-4d0c-a49a-ec76f450a0b5|rpc:10.1.1.15:44541|dataStream:10.1.1.15:43275|priority:0|startupRole:FOLLOWER] with ContainerStateMachine:uninitialized
2023-02-28 20:10:20,772 [pool-1408-thread-1] INFO  server.RaftServerConfigKeys (ConfUtils.java:logGet(46)) - raft.server.rpc.timeout.min = 5s (custom)
2023-02-28 20:10:20,772 [pool-1408-thread-1] INFO  server.RaftServerConfigKeys (ConfUtils.java:logGet(46)) - raft.server.rpc.timeout.max = 5200ms (custom)
2023-02-28 20:10:20,772 [pool-1408-thread-1] INFO  server.RaftServerConfigKeys (ConfUtils.java:logGet(46)) - raft.server.rpc.sleep.time = 25ms (default)
2023-02-28 20:10:20,772 [pool-1408-thread-1] INFO  server.RaftServerConfigKeys (ConfUtils.java:logGet(46)) - raft.server.rpc.slowness.timeout = 300s (custom)
2023-02-28 20:10:20,772 [pool-1408-thread-1] INFO  server.RaftServerConfigKeys (ConfUtils.java:logGet(46)) - raft.server.leaderelection.leader.step-down.wait-time = 10s (default)
2023-02-28 20:10:20,772 [pool-1408-thread-1] INFO  server.RaftServerConfigKeys (ConfUtils.java:logGet(46)) - raft.server.sleep.deviation.threshold = 300ms (default)
2023-02-28 20:10:20,772 [pool-1408-thread-1] INFO  server.RaftServer$Division (ServerState.java:<init>(118)) - 3f3cc37b-1bfe-4d0c-a49a-ec76f450a0b5@group-62BEE00C4BAA: ConfigurationManager, init=-1: peers:[5934c68d-b896-470a-9875-633bc32aae4b|rpc:10.1.1.15:42749|dataStream:10.1.1.15:34149|priority:1|startupRole:FOLLOWER, eae64dd3-82ca-4abe-8982-cc6124070574|rpc:10.1.1.15:37275|dataStream:10.1.1.15:37921|priority:0|startupRole:FOLLOWER, 3f3cc37b-1bfe-4d0c-a49a-ec76f450a0b5|rpc:10.1.1.15:44541|dataStream:10.1.1.15:43275|priority:0|startupRole:FOLLOWER]|listeners:[], old=null, confs=<EMPTY_MAP>
2023-02-28 20:10:20,772 [pool-1408-thread-1] INFO  server.RaftServerConfigKeys (ConfUtils.java:logGet(46)) - raft.server.storage.dir = [/home/runner/work/ozone/ozone/hadoop-ozone/integration-test/target/test-dir/MiniOzoneClusterImpl-9e11fa7e-4972-4825-87e7-ebdcd03a38ce/datanode-1/data/ratis] (custom)
2023-02-28 20:10:20,772 [pool-1408-thread-1] INFO  server.RaftServerConfigKeys (ConfUtils.java:logGet(46)) - raft.server.log.corruption.policy = EXCEPTION (default)
2023-02-28 20:10:20,772 [pool-1408-thread-1] INFO  server.RaftServerConfigKeys (ConfUtils.java:logGet(46)) - raft.server.storage.free-space.min = 0MB (=0) (default)
2023-02-28 20:10:20,772 [pool-1408-thread-1] INFO  server.RaftServerConfigKeys (ConfUtils.java:logGet(46)) - raft.server.notification.no-leader.timeout = 300s (custom)
2023-02-28 20:10:20,772 [pool-1408-thread-1] INFO  server.RaftServerConfigKeys (ConfUtils.java:logGet(46)) - raft.server.retrycache.expirytime = 600000ms (custom)
2023-02-28 20:10:20,772 [pool-1408-thread-1] INFO  server.RaftServerConfigKeys (ConfUtils.java:logGet(46)) - raft.server.retrycache.statistics.expirytime = 100μs (default)
2023-02-28 20:10:20,773 [pool-1408-thread-1] INFO  server.RaftServerConfigKeys (ConfUtils.java:logGet(46)) - raft.server.log.appender.install.snapshot.enabled = false (custom)
2023-02-28 20:10:20,773 [pool-1408-thread-1] INFO  server.RaftServerConfigKeys (ConfUtils.java:logGet(46)) - raft.server.threadpool.server.cached = true (default)
2023-02-28 20:10:20,773 [pool-1408-thread-1] INFO  server.RaftServerConfigKeys (ConfUtils.java:logGet(46)) - raft.server.threadpool.server.size = 0 (default)
2023-02-28 20:10:20,773 [pool-1408-thread-1] INFO  server.RaftServerConfigKeys (ConfUtils.java:logGet(46)) - raft.server.threadpool.client.cached = true (default)
2023-02-28 20:10:20,773 [pool-1408-thread-1] INFO  server.RaftServerConfigKeys (ConfUtils.java:logGet(46)) - raft.server.threadpool.client.size = 0 (default)
2023-02-28 20:10:20,773 [pool-1408-thread-1] INFO  storage.RaftStorageDirectory (RaftStorageDirectoryImpl.java:analyzeStorage(137)) - The storage directory /home/runner/work/ozone/ozone/hadoop-ozone/integration-test/target/test-dir/MiniOzoneClusterImpl-9e11fa7e-4972-4825-87e7-ebdcd03a38ce/datanode-1/data/ratis/6fb12ad6-f074-439f-b469-62bee00c4baa does not exist. Creating ...
2023-02-28 20:10:20,774 [pool-1408-thread-1] INFO  storage.RaftStorageDirectory (RaftStorageDirectoryImpl.java:tryLock(231)) - Lock on /home/runner/work/ozone/ozone/hadoop-ozone/integration-test/target/test-dir/MiniOzoneClusterImpl-9e11fa7e-4972-4825-87e7-ebdcd03a38ce/datanode-1/data/ratis/6fb12ad6-f074-439f-b469-62bee00c4baa/in_use.lock acquired by nodename 61155@fv-az399-334
2023-02-28 20:10:20,775 [pool-1408-thread-1] INFO  storage.RaftStorage (RaftStorageImpl.java:format(96)) - Storage directory /home/runner/work/ozone/ozone/hadoop-ozone/integration-test/target/test-dir/MiniOzoneClusterImpl-9e11fa7e-4972-4825-87e7-ebdcd03a38ce/datanode-1/data/ratis/6fb12ad6-f074-439f-b469-62bee00c4baa has been successfully formatted.
2023-02-28 20:10:20,775 [pool-1408-thread-1] INFO  ratis.ContainerStateMachine (ContainerStateMachine.java:loadSnapshot(240)) - group-62BEE00C4BAA: The snapshot info is null. Setting the last applied indexto:(t:0, i:~)
2023-02-28 20:10:20,775 [pool-1408-thread-1] INFO  server.RaftServerConfigKeys (ConfUtils.java:logGet(46)) - raft.server.log.use.memory = false (default)
2023-02-28 20:10:20,776 [pool-1408-thread-1] INFO  server.RaftServerConfigKeys (ConfUtils.java:logGet(46)) - raft.server.log.purge.gap = 1000000 (custom)
2023-02-28 20:10:20,776 [pool-1408-thread-1] INFO  server.RaftServerConfigKeys (ConfUtils.java:logGet(46)) - raft.server.log.appender.buffer.byte-limit = 33554432 (custom)
2023-02-28 20:10:20,776 [pool-1408-thread-1] INFO  server.RaftServerConfigKeys (ConfUtils.java:logGet(46)) - raft.server.log.statemachine.data.read.timeout = 1000ms (default)
2023-02-28 20:10:20,776 [pool-1408-thread-1] INFO  server.RaftServerConfigKeys (ConfUtils.java:logGet(46)) - raft.server.log.purge.preservation.log.num = 0 (default)
2023-02-28 20:10:20,776 [pool-1408-thread-1] INFO  server.RaftServerConfigKeys (ConfUtils.java:logGet(46)) - raft.server.log.segment.size.max = 1048576 (custom)
2023-02-28 20:10:20,776 [pool-1408-thread-1] INFO  server.RaftServerConfigKeys (ConfUtils.java:logGet(46)) - raft.server.log.segment.cache.num.max = 2 (custom)
2023-02-28 20:10:20,776 [pool-1408-thread-1] INFO  server.RaftServerConfigKeys (ConfUtils.java:logGet(46)) - raft.server.log.segment.cache.size.max = 200MB (=209715200) (default)
2023-02-28 20:10:20,776 [pool-1408-thread-1] INFO  segmented.SegmentedRaftLogWorker (SegmentedRaftLogWorker.java:<init>(189)) - new 3f3cc37b-1bfe-4d0c-a49a-ec76f450a0b5@group-62BEE00C4BAA-SegmentedRaftLogWorker for RaftStorageImpl:Storage Directory /home/runner/work/ozone/ozone/hadoop-ozone/integration-test/target/test-dir/MiniOzoneClusterImpl-9e11fa7e-4972-4825-87e7-ebdcd03a38ce/datanode-1/data/ratis/6fb12ad6-f074-439f-b469-62bee00c4baa
2023-02-28 20:10:20,776 [pool-1408-thread-1] INFO  server.RaftServerConfigKeys (ConfUtils.java:logGet(46)) - raft.server.log.queue.byte-limit = 4294967296 (custom)
2023-02-28 20:10:20,776 [pool-1408-thread-1] INFO  server.RaftServerConfigKeys (ConfUtils.java:logGet(46)) - raft.server.log.queue.element-limit = 1024 (custom)
2023-02-28 20:10:20,776 [pool-1408-thread-1] INFO  server.RaftServerConfigKeys (ConfUtils.java:logGet(46)) - raft.server.log.segment.size.max = 1048576 (custom)
2023-02-28 20:10:20,776 [pool-1408-thread-1] INFO  server.RaftServerConfigKeys (ConfUtils.java:logGet(46)) - raft.server.log.preallocated.size = 16384 (custom)
2023-02-28 20:10:20,776 [pool-1408-thread-1] INFO  server.RaftServerConfigKeys (ConfUtils.java:logGet(46)) - raft.server.log.force.sync.num = 128 (default)
2023-02-28 20:10:20,776 [pool-1408-thread-1] INFO  server.RaftServerConfigKeys (ConfUtils.java:logGet(46)) - raft.server.log.statemachine.data.sync = true (default)
2023-02-28 20:10:20,776 [pool-1408-thread-1] INFO  server.RaftServerConfigKeys (ConfUtils.java:logGet(46)) - raft.server.log.statemachine.data.sync.timeout = 10s (default)
2023-02-28 20:10:20,776 [pool-1408-thread-1] INFO  server.RaftServerConfigKeys (ConfUtils.java:logGet(46)) - raft.server.log.statemachine.data.sync.timeout.retry = -1 (default)
2023-02-28 20:10:20,777 [pool-1408-thread-1] INFO  server.RaftServerConfigKeys (ConfUtils.java:logGet(46)) - raft.server.log.write.buffer.size = 1048576 (custom)
2023-02-28 20:10:20,777 [pool-1408-thread-1] INFO  server.RaftServerConfigKeys (ConfUtils.java:logGet(46)) - raft.server.log.appender.buffer.byte-limit = 33554432 (custom)
2023-02-28 20:10:20,782 [pool-1408-thread-1] INFO  server.RaftServerConfigKeys (ConfUtils.java:logGet(46)) - raft.server.log.unsafe-flush.enabled = false (default)
2023-02-28 20:10:20,782 [pool-1408-thread-1] INFO  server.RaftServerConfigKeys (ConfUtils.java:logGet(46)) - raft.server.log.async-flush.enabled = false (default)
2023-02-28 20:10:20,782 [pool-1408-thread-1] INFO  server.RaftServerConfigKeys (ConfUtils.java:logGet(46)) - raft.server.log.statemachine.data.caching.enabled = true (custom)
2023-02-28 20:10:20,782 [pool-1408-thread-1] INFO  segmented.SegmentedRaftLogWorker (SegmentedRaftLogWorker.java:lambda$new$0(135)) - 3f3cc37b-1bfe-4d0c-a49a-ec76f450a0b5@group-62BEE00C4BAA-SegmentedRaftLogWorker: flushIndex: setUnconditionally 0 -> -1
2023-02-28 20:10:20,783 [pool-1408-thread-1] INFO  segmented.SegmentedRaftLogWorker (SegmentedRaftLogWorker.java:lambda$new$0(135)) - 3f3cc37b-1bfe-4d0c-a49a-ec76f450a0b5@group-62BEE00C4BAA-SegmentedRaftLogWorker: safeCacheEvictIndex: setUnconditionally 0 -> -1
2023-02-28 20:10:20,793 [pool-1408-thread-1] INFO  server.RaftServer$Division (RaftServerImpl.java:start(334)) - 3f3cc37b-1bfe-4d0c-a49a-ec76f450a0b5@group-62BEE00C4BAA: start as a follower, conf=-1: peers:[5934c68d-b896-470a-9875-633bc32aae4b|rpc:10.1.1.15:42749|dataStream:10.1.1.15:34149|priority:1|startupRole:FOLLOWER, eae64dd3-82ca-4abe-8982-cc6124070574|rpc:10.1.1.15:37275|dataStream:10.1.1.15:37921|priority:0|startupRole:FOLLOWER, 3f3cc37b-1bfe-4d0c-a49a-ec76f450a0b5|rpc:10.1.1.15:44541|dataStream:10.1.1.15:43275|priority:0|startupRole:FOLLOWER]|listeners:[], old=null
2023-02-28 20:10:20,793 [pool-1408-thread-1] INFO  server.RaftServer$Division (RaftServerImpl.java:setRole(321)) - 3f3cc37b-1bfe-4d0c-a49a-ec76f450a0b5@group-62BEE00C4BAA: changes role from      null to FOLLOWER at term 0 for startAsFollower
2023-02-28 20:10:20,793 [pool-1408-thread-1] INFO  impl.RoleInfo (RoleInfo.java:updateAndGet(139)) - 3f3cc37b-1bfe-4d0c-a49a-ec76f450a0b5: start 3f3cc37b-1bfe-4d0c-a49a-ec76f450a0b5@group-62BEE00C4BAA-FollowerState
2023-02-28 20:10:20,793 [pool-1408-thread-1] INFO  util.JmxRegister (JmxRegister.java:tryRegister(44)) - Successfully registered JMX Bean with object name Ratis:service=RaftServer,group=group-62BEE00C4BAA,id=3f3cc37b-1bfe-4d0c-a49a-ec76f450a0b5
2023-02-28 20:10:20,793 [pool-1408-thread-1] INFO  server.RaftServerConfigKeys (ConfUtils.java:logGet(46)) - raft.server.snapshot.auto.trigger.enabled = true (custom)
2023-02-28 20:10:20,793 [pool-1408-thread-1] INFO  server.RaftServerConfigKeys (ConfUtils.java:logGet(46)) - raft.server.snapshot.auto.trigger.threshold = 10000 (custom)
2023-02-28 20:10:20,793 [pool-1408-thread-1] INFO  server.RaftServerConfigKeys (ConfUtils.java:logGet(46)) - raft.server.snapshot.retention.file.num = 5 (custom)
2023-02-28 20:10:20,793 [pool-1408-thread-1] INFO  server.RaftServerConfigKeys (ConfUtils.java:logGet(46)) - raft.server.log.purge.upto.snapshot.index = false (default)
2023-02-28 20:10:20,794 [3f3cc37b-1bfe-4d0c-a49a-ec76f450a0b5@group-62BEE00C4BAA-FollowerState] INFO  server.RaftServerConfigKeys (ConfUtils.java:logFallback(53)) - raft.server.rpc.first-election.timeout.min = 5s (fallback to raft.server.rpc.timeout.min)
2023-02-28 20:10:20,795 [3f3cc37b-1bfe-4d0c-a49a-ec76f450a0b5@group-62BEE00C4BAA-FollowerState] INFO  server.RaftServerConfigKeys (ConfUtils.java:logFallback(53)) - raft.server.rpc.first-election.timeout.max = 5200ms (fallback to raft.server.rpc.timeout.max)
2023-02-28 20:10:20,807 [grpc-default-executor-3] INFO  server.RaftServer (RaftServerProxy.java:addNew(96)) - eae64dd3-82ca-4abe-8982-cc6124070574: addNew group-62BEE00C4BAA:[5934c68d-b896-470a-9875-633bc32aae4b|rpc:10.1.1.15:42749|dataStream:10.1.1.15:34149|priority:1|startupRole:FOLLOWER, eae64dd3-82ca-4abe-8982-cc6124070574|rpc:10.1.1.15:37275|dataStream:10.1.1.15:37921|priority:0|startupRole:FOLLOWER, 3f3cc37b-1bfe-4d0c-a49a-ec76f450a0b5|rpc:10.1.1.15:44541|dataStream:10.1.1.15:43275|priority:0|startupRole:FOLLOWER] returns group-62BEE00C4BAA:java.util.concurrent.CompletableFuture@2edee716[Not completed]
2023-02-28 20:10:20,808 [pool-1430-thread-1] INFO  server.RaftServer$Division (RaftServerImpl.java:<init>(195)) - eae64dd3-82ca-4abe-8982-cc6124070574: new RaftServerImpl for group-62BEE00C4BAA:[5934c68d-b896-470a-9875-633bc32aae4b|rpc:10.1.1.15:42749|dataStream:10.1.1.15:34149|priority:1|startupRole:FOLLOWER, eae64dd3-82ca-4abe-8982-cc6124070574|rpc:10.1.1.15:37275|dataStream:10.1.1.15:37921|priority:0|startupRole:FOLLOWER, 3f3cc37b-1bfe-4d0c-a49a-ec76f450a0b5|rpc:10.1.1.15:44541|dataStream:10.1.1.15:43275|priority:0|startupRole:FOLLOWER] with ContainerStateMachine:uninitialized
2023-02-28 20:10:20,808 [pool-1430-thread-1] INFO  server.RaftServerConfigKeys (ConfUtils.java:logGet(46)) - raft.server.rpc.timeout.min = 5s (custom)
2023-02-28 20:10:20,808 [pool-1430-thread-1] INFO  server.RaftServerConfigKeys (ConfUtils.java:logGet(46)) - raft.server.rpc.timeout.max = 5200ms (custom)
2023-02-28 20:10:20,808 [pool-1430-thread-1] INFO  server.RaftServerConfigKeys (ConfUtils.java:logGet(46)) - raft.server.rpc.sleep.time = 25ms (default)
2023-02-28 20:10:20,808 [pool-1430-thread-1] INFO  server.RaftServerConfigKeys (ConfUtils.java:logGet(46)) - raft.server.rpc.slowness.timeout = 300s (custom)
2023-02-28 20:10:20,808 [pool-1430-thread-1] INFO  server.RaftServerConfigKeys (ConfUtils.java:logGet(46)) - raft.server.leaderelection.leader.step-down.wait-time = 10s (default)
2023-02-28 20:10:20,808 [pool-1430-thread-1] INFO  server.RaftServerConfigKeys (ConfUtils.java:logGet(46)) - raft.server.sleep.deviation.threshold = 300ms (default)
2023-02-28 20:10:20,808 [pool-1430-thread-1] INFO  server.RaftServer$Division (ServerState.java:<init>(118)) - eae64dd3-82ca-4abe-8982-cc6124070574@group-62BEE00C4BAA: ConfigurationManager, init=-1: peers:[5934c68d-b896-470a-9875-633bc32aae4b|rpc:10.1.1.15:42749|dataStream:10.1.1.15:34149|priority:1|startupRole:FOLLOWER, eae64dd3-82ca-4abe-8982-cc6124070574|rpc:10.1.1.15:37275|dataStream:10.1.1.15:37921|priority:0|startupRole:FOLLOWER, 3f3cc37b-1bfe-4d0c-a49a-ec76f450a0b5|rpc:10.1.1.15:44541|dataStream:10.1.1.15:43275|priority:0|startupRole:FOLLOWER]|listeners:[], old=null, confs=<EMPTY_MAP>
2023-02-28 20:10:20,808 [pool-1430-thread-1] INFO  server.RaftServerConfigKeys (ConfUtils.java:logGet(46)) - raft.server.storage.dir = [/home/runner/work/ozone/ozone/hadoop-ozone/integration-test/target/test-dir/MiniOzoneClusterImpl-9e11fa7e-4972-4825-87e7-ebdcd03a38ce/datanode-2/data/ratis] (custom)
2023-02-28 20:10:20,808 [pool-1430-thread-1] INFO  server.RaftServerConfigKeys (ConfUtils.java:logGet(46)) - raft.server.log.corruption.policy = EXCEPTION (default)
2023-02-28 20:10:20,809 [pool-1430-thread-1] INFO  server.RaftServerConfigKeys (ConfUtils.java:logGet(46)) - raft.server.storage.free-space.min = 0MB (=0) (default)
2023-02-28 20:10:20,809 [pool-1430-thread-1] INFO  server.RaftServerConfigKeys (ConfUtils.java:logGet(46)) - raft.server.notification.no-leader.timeout = 300s (custom)
2023-02-28 20:10:20,809 [pool-1430-thread-1] INFO  server.RaftServerConfigKeys (ConfUtils.java:logGet(46)) - raft.server.retrycache.expirytime = 600000ms (custom)
2023-02-28 20:10:20,809 [pool-1430-thread-1] INFO  server.RaftServerConfigKeys (ConfUtils.java:logGet(46)) - raft.server.retrycache.statistics.expirytime = 100μs (default)
2023-02-28 20:10:20,809 [pool-1430-thread-1] INFO  server.RaftServerConfigKeys (ConfUtils.java:logGet(46)) - raft.server.log.appender.install.snapshot.enabled = false (custom)
2023-02-28 20:10:20,809 [pool-1430-thread-1] INFO  server.RaftServerConfigKeys (ConfUtils.java:logGet(46)) - raft.server.threadpool.server.cached = true (default)
2023-02-28 20:10:20,809 [pool-1430-thread-1] INFO  server.RaftServerConfigKeys (ConfUtils.java:logGet(46)) - raft.server.threadpool.server.size = 0 (default)
2023-02-28 20:10:20,809 [pool-1430-thread-1] INFO  server.RaftServerConfigKeys (ConfUtils.java:logGet(46)) - raft.server.threadpool.client.cached = true (default)
2023-02-28 20:10:20,809 [pool-1430-thread-1] INFO  server.RaftServerConfigKeys (ConfUtils.java:logGet(46)) - raft.server.threadpool.client.size = 0 (default)
2023-02-28 20:10:20,810 [pool-1430-thread-1] INFO  storage.RaftStorageDirectory (RaftStorageDirectoryImpl.java:analyzeStorage(137)) - The storage directory /home/runner/work/ozone/ozone/hadoop-ozone/integration-test/target/test-dir/MiniOzoneClusterImpl-9e11fa7e-4972-4825-87e7-ebdcd03a38ce/datanode-2/data/ratis/6fb12ad6-f074-439f-b469-62bee00c4baa does not exist. Creating ...
2023-02-28 20:10:20,811 [pool-1430-thread-1] INFO  storage.RaftStorageDirectory (RaftStorageDirectoryImpl.java:tryLock(231)) - Lock on /home/runner/work/ozone/ozone/hadoop-ozone/integration-test/target/test-dir/MiniOzoneClusterImpl-9e11fa7e-4972-4825-87e7-ebdcd03a38ce/datanode-2/data/ratis/6fb12ad6-f074-439f-b469-62bee00c4baa/in_use.lock acquired by nodename 61155@fv-az399-334
2023-02-28 20:10:20,812 [pool-1430-thread-1] INFO  storage.RaftStorage (RaftStorageImpl.java:format(96)) - Storage directory /home/runner/work/ozone/ozone/hadoop-ozone/integration-test/target/test-dir/MiniOzoneClusterImpl-9e11fa7e-4972-4825-87e7-ebdcd03a38ce/datanode-2/data/ratis/6fb12ad6-f074-439f-b469-62bee00c4baa has been successfully formatted.
2023-02-28 20:10:20,812 [pool-1430-thread-1] INFO  ratis.ContainerStateMachine (ContainerStateMachine.java:loadSnapshot(240)) - group-62BEE00C4BAA: The snapshot info is null. Setting the last applied indexto:(t:0, i:~)
2023-02-28 20:10:20,812 [pool-1430-thread-1] INFO  server.RaftServerConfigKeys (ConfUtils.java:logGet(46)) - raft.server.log.use.memory = false (default)
2023-02-28 20:10:20,813 [pool-1430-thread-1] INFO  server.RaftServerConfigKeys (ConfUtils.java:logGet(46)) - raft.server.log.purge.gap = 1000000 (custom)
2023-02-28 20:10:20,813 [pool-1430-thread-1] INFO  server.RaftServerConfigKeys (ConfUtils.java:logGet(46)) - raft.server.log.appender.buffer.byte-limit = 33554432 (custom)
2023-02-28 20:10:20,813 [pool-1430-thread-1] INFO  server.RaftServerConfigKeys (ConfUtils.java:logGet(46)) - raft.server.log.statemachine.data.read.timeout = 1000ms (default)
2023-02-28 20:10:20,813 [pool-1430-thread-1] INFO  server.RaftServerConfigKeys (ConfUtils.java:logGet(46)) - raft.server.log.purge.preservation.log.num = 0 (default)
2023-02-28 20:10:20,813 [pool-1430-thread-1] INFO  server.RaftServerConfigKeys (ConfUtils.java:logGet(46)) - raft.server.log.segment.size.max = 1048576 (custom)
2023-02-28 20:10:20,813 [pool-1430-thread-1] INFO  server.RaftServerConfigKeys (ConfUtils.java:logGet(46)) - raft.server.log.segment.cache.num.max = 2 (custom)
2023-02-28 20:10:20,813 [pool-1430-thread-1] INFO  server.RaftServerConfigKeys (ConfUtils.java:logGet(46)) - raft.server.log.segment.cache.size.max = 200MB (=209715200) (default)
2023-02-28 20:10:20,813 [pool-1430-thread-1] INFO  segmented.SegmentedRaftLogWorker (SegmentedRaftLogWorker.java:<init>(189)) - new eae64dd3-82ca-4abe-8982-cc6124070574@group-62BEE00C4BAA-SegmentedRaftLogWorker for RaftStorageImpl:Storage Directory /home/runner/work/ozone/ozone/hadoop-ozone/integration-test/target/test-dir/MiniOzoneClusterImpl-9e11fa7e-4972-4825-87e7-ebdcd03a38ce/datanode-2/data/ratis/6fb12ad6-f074-439f-b469-62bee00c4baa
2023-02-28 20:10:20,814 [pool-1430-thread-1] INFO  server.RaftServerConfigKeys (ConfUtils.java:logGet(46)) - raft.server.log.queue.byte-limit = 4294967296 (custom)
2023-02-28 20:10:20,814 [pool-1430-thread-1] INFO  server.RaftServerConfigKeys (ConfUtils.java:logGet(46)) - raft.server.log.queue.element-limit = 1024 (custom)
2023-02-28 20:10:20,814 [pool-1430-thread-1] INFO  server.RaftServerConfigKeys (ConfUtils.java:logGet(46)) - raft.server.log.segment.size.max = 1048576 (custom)
2023-02-28 20:10:20,814 [pool-1430-thread-1] INFO  server.RaftServerConfigKeys (ConfUtils.java:logGet(46)) - raft.server.log.preallocated.size = 16384 (custom)
2023-02-28 20:10:20,814 [pool-1430-thread-1] INFO  server.RaftServerConfigKeys (ConfUtils.java:logGet(46)) - raft.server.log.force.sync.num = 128 (default)
2023-02-28 20:10:20,814 [pool-1430-thread-1] INFO  server.RaftServerConfigKeys (ConfUtils.java:logGet(46)) - raft.server.log.statemachine.data.sync = true (default)
2023-02-28 20:10:20,814 [pool-1430-thread-1] INFO  server.RaftServerConfigKeys (ConfUtils.java:logGet(46)) - raft.server.log.statemachine.data.sync.timeout = 10s (default)
2023-02-28 20:10:20,814 [pool-1430-thread-1] INFO  server.RaftServerConfigKeys (ConfUtils.java:logGet(46)) - raft.server.log.statemachine.data.sync.timeout.retry = -1 (default)
2023-02-28 20:10:20,814 [pool-1430-thread-1] INFO  server.RaftServerConfigKeys (ConfUtils.java:logGet(46)) - raft.server.log.write.buffer.size = 1048576 (custom)
2023-02-28 20:10:20,814 [pool-1430-thread-1] INFO  server.RaftServerConfigKeys (ConfUtils.java:logGet(46)) - raft.server.log.appender.buffer.byte-limit = 33554432 (custom)
2023-02-28 20:10:20,820 [pool-1430-thread-1] INFO  server.RaftServerConfigKeys (ConfUtils.java:logGet(46)) - raft.server.log.unsafe-flush.enabled = false (default)
2023-02-28 20:10:20,820 [pool-1430-thread-1] INFO  server.RaftServerConfigKeys (ConfUtils.java:logGet(46)) - raft.server.log.async-flush.enabled = false (default)
2023-02-28 20:10:20,820 [pool-1430-thread-1] INFO  server.RaftServerConfigKeys (ConfUtils.java:logGet(46)) - raft.server.log.statemachine.data.caching.enabled = true (custom)
2023-02-28 20:10:20,820 [pool-1430-thread-1] INFO  segmented.SegmentedRaftLogWorker (SegmentedRaftLogWorker.java:lambda$new$0(135)) - eae64dd3-82ca-4abe-8982-cc6124070574@group-62BEE00C4BAA-SegmentedRaftLogWorker: flushIndex: setUnconditionally 0 -> -1
2023-02-28 20:10:20,820 [pool-1430-thread-1] INFO  segmented.SegmentedRaftLogWorker (SegmentedRaftLogWorker.java:lambda$new$0(135)) - eae64dd3-82ca-4abe-8982-cc6124070574@group-62BEE00C4BAA-SegmentedRaftLogWorker: safeCacheEvictIndex: setUnconditionally 0 -> -1
2023-02-28 20:10:20,820 [pool-1430-thread-1] INFO  server.RaftServer$Division (RaftServerImpl.java:start(334)) - eae64dd3-82ca-4abe-8982-cc6124070574@group-62BEE00C4BAA: start as a follower, conf=-1: peers:[5934c68d-b896-470a-9875-633bc32aae4b|rpc:10.1.1.15:42749|dataStream:10.1.1.15:34149|priority:1|startupRole:FOLLOWER, eae64dd3-82ca-4abe-8982-cc6124070574|rpc:10.1.1.15:37275|dataStream:10.1.1.15:37921|priority:0|startupRole:FOLLOWER, 3f3cc37b-1bfe-4d0c-a49a-ec76f450a0b5|rpc:10.1.1.15:44541|dataStream:10.1.1.15:43275|priority:0|startupRole:FOLLOWER]|listeners:[], old=null
2023-02-28 20:10:20,820 [pool-1430-thread-1] INFO  server.RaftServer$Division (RaftServerImpl.java:setRole(321)) - eae64dd3-82ca-4abe-8982-cc6124070574@group-62BEE00C4BAA: changes role from      null to FOLLOWER at term 0 for startAsFollower
2023-02-28 20:10:20,820 [pool-1430-thread-1] INFO  impl.RoleInfo (RoleInfo.java:updateAndGet(139)) - eae64dd3-82ca-4abe-8982-cc6124070574: start eae64dd3-82ca-4abe-8982-cc6124070574@group-62BEE00C4BAA-FollowerState
2023-02-28 20:10:20,824 [pool-1430-thread-1] INFO  util.JmxRegister (JmxRegister.java:tryRegister(44)) - Successfully registered JMX Bean with object name Ratis:service=RaftServer,group=group-62BEE00C4BAA,id=eae64dd3-82ca-4abe-8982-cc6124070574
2023-02-28 20:10:20,824 [pool-1430-thread-1] INFO  server.RaftServerConfigKeys (ConfUtils.java:logGet(46)) - raft.server.snapshot.auto.trigger.enabled = true (custom)
2023-02-28 20:10:20,825 [pool-1430-thread-1] INFO  server.RaftServerConfigKeys (ConfUtils.java:logGet(46)) - raft.server.snapshot.auto.trigger.threshold = 10000 (custom)
2023-02-28 20:10:20,825 [pool-1430-thread-1] INFO  server.RaftServerConfigKeys (ConfUtils.java:logGet(46)) - raft.server.snapshot.retention.file.num = 5 (custom)
2023-02-28 20:10:20,825 [pool-1430-thread-1] INFO  server.RaftServerConfigKeys (ConfUtils.java:logGet(46)) - raft.server.log.purge.upto.snapshot.index = false (default)
2023-02-28 20:10:20,825 [eae64dd3-82ca-4abe-8982-cc6124070574@group-62BEE00C4BAA-FollowerState] INFO  server.RaftServerConfigKeys (ConfUtils.java:logFallback(53)) - raft.server.rpc.first-election.timeout.min = 5s (fallback to raft.server.rpc.timeout.min)
2023-02-28 20:10:20,836 [eae64dd3-82ca-4abe-8982-cc6124070574@group-62BEE00C4BAA-FollowerState] INFO  server.RaftServerConfigKeys (ConfUtils.java:logFallback(53)) - raft.server.rpc.first-election.timeout.max = 5200ms (fallback to raft.server.rpc.timeout.max)
2023-02-28 20:10:20,833 [pool-1408-thread-1] INFO  server.RaftServer$Division (RaftServerImpl.java:<init>(195)) - 3f3cc37b-1bfe-4d0c-a49a-ec76f450a0b5: new RaftServerImpl for group-F15DABE9CF81:[3f3cc37b-1bfe-4d0c-a49a-ec76f450a0b5|rpc:10.1.1.15:44541|dataStream:10.1.1.15:43275|priority:1|startupRole:FOLLOWER] with ContainerStateMachine:uninitialized
2023-02-28 20:10:20,833 [Command processor thread] INFO  server.RaftServer (RaftServerProxy.java:addNew(96)) - 3f3cc37b-1bfe-4d0c-a49a-ec76f450a0b5: addNew group-F15DABE9CF81:[3f3cc37b-1bfe-4d0c-a49a-ec76f450a0b5|rpc:10.1.1.15:44541|dataStream:10.1.1.15:43275|priority:1|startupRole:FOLLOWER] returns group-F15DABE9CF81:java.util.concurrent.CompletableFuture@201e463a[Not completed]
2023-02-28 20:10:20,836 [pool-1408-thread-1] INFO  server.RaftServerConfigKeys (ConfUtils.java:logGet(46)) - raft.server.rpc.timeout.min = 5s (custom)
2023-02-28 20:10:20,838 [pool-1408-thread-1] INFO  server.RaftServerConfigKeys (ConfUtils.java:logGet(46)) - raft.server.rpc.timeout.max = 5200ms (custom)
2023-02-28 20:10:20,838 [pool-1408-thread-1] INFO  server.RaftServerConfigKeys (ConfUtils.java:logGet(46)) - raft.server.rpc.sleep.time = 25ms (default)
2023-02-28 20:10:20,838 [pool-1408-thread-1] INFO  server.RaftServerConfigKeys (ConfUtils.java:logGet(46)) - raft.server.rpc.slowness.timeout = 300s (custom)
2023-02-28 20:10:20,838 [pool-1408-thread-1] INFO  server.RaftServerConfigKeys (ConfUtils.java:logGet(46)) - raft.server.leaderelection.leader.step-down.wait-time = 10s (default)
2023-02-28 20:10:20,838 [pool-1408-thread-1] INFO  server.RaftServerConfigKeys (ConfUtils.java:logGet(46)) - raft.server.sleep.deviation.threshold = 300ms (default)
2023-02-28 20:10:20,838 [pool-1408-thread-1] INFO  server.RaftServer$Division (ServerState.java:<init>(118)) - 3f3cc37b-1bfe-4d0c-a49a-ec76f450a0b5@group-F15DABE9CF81: ConfigurationManager, init=-1: peers:[3f3cc37b-1bfe-4d0c-a49a-ec76f450a0b5|rpc:10.1.1.15:44541|dataStream:10.1.1.15:43275|priority:1|startupRole:FOLLOWER]|listeners:[], old=null, confs=<EMPTY_MAP>
2023-02-28 20:10:20,838 [pool-1408-thread-1] INFO  server.RaftServerConfigKeys (ConfUtils.java:logGet(46)) - raft.server.storage.dir = [/home/runner/work/ozone/ozone/hadoop-ozone/integration-test/target/test-dir/MiniOzoneClusterImpl-9e11fa7e-4972-4825-87e7-ebdcd03a38ce/datanode-1/data/ratis] (custom)
2023-02-28 20:10:20,838 [pool-1408-thread-1] INFO  server.RaftServerConfigKeys (ConfUtils.java:logGet(46)) - raft.server.log.corruption.policy = EXCEPTION (default)
2023-02-28 20:10:20,838 [pool-1408-thread-1] INFO  server.RaftServerConfigKeys (ConfUtils.java:logGet(46)) - raft.server.storage.free-space.min = 0MB (=0) (default)
2023-02-28 20:10:20,838 [pool-1408-thread-1] INFO  server.RaftServerConfigKeys (ConfUtils.java:logGet(46)) - raft.server.notification.no-leader.timeout = 300s (custom)
2023-02-28 20:10:20,838 [pool-1408-thread-1] INFO  server.RaftServerConfigKeys (ConfUtils.java:logGet(46)) - raft.server.retrycache.expirytime = 600000ms (custom)
2023-02-28 20:10:20,838 [pool-1408-thread-1] INFO  server.RaftServerConfigKeys (ConfUtils.java:logGet(46)) - raft.server.retrycache.statistics.expirytime = 100μs (default)
2023-02-28 20:10:20,839 [pool-1408-thread-1] INFO  server.RaftServerConfigKeys (ConfUtils.java:logGet(46)) - raft.server.log.appender.install.snapshot.enabled = false (custom)
2023-02-28 20:10:20,839 [pool-1408-thread-1] INFO  server.RaftServerConfigKeys (ConfUtils.java:logGet(46)) - raft.server.threadpool.server.cached = true (default)
2023-02-28 20:10:20,839 [pool-1408-thread-1] INFO  server.RaftServerConfigKeys (ConfUtils.java:logGet(46)) - raft.server.threadpool.server.size = 0 (default)
2023-02-28 20:10:20,839 [pool-1408-thread-1] INFO  server.RaftServerConfigKeys (ConfUtils.java:logGet(46)) - raft.server.threadpool.client.cached = true (default)
2023-02-28 20:10:20,839 [pool-1408-thread-1] INFO  server.RaftServerConfigKeys (ConfUtils.java:logGet(46)) - raft.server.threadpool.client.size = 0 (default)
2023-02-28 20:10:20,839 [pool-1408-thread-1] INFO  storage.RaftStorageDirectory (RaftStorageDirectoryImpl.java:analyzeStorage(137)) - The storage directory /home/runner/work/ozone/ozone/hadoop-ozone/integration-test/target/test-dir/MiniOzoneClusterImpl-9e11fa7e-4972-4825-87e7-ebdcd03a38ce/datanode-1/data/ratis/b66454de-0118-4dfb-aca9-f15dabe9cf81 does not exist. Creating ...
2023-02-28 20:10:20,841 [pool-1408-thread-1] INFO  storage.RaftStorageDirectory (RaftStorageDirectoryImpl.java:tryLock(231)) - Lock on /home/runner/work/ozone/ozone/hadoop-ozone/integration-test/target/test-dir/MiniOzoneClusterImpl-9e11fa7e-4972-4825-87e7-ebdcd03a38ce/datanode-1/data/ratis/b66454de-0118-4dfb-aca9-f15dabe9cf81/in_use.lock acquired by nodename 61155@fv-az399-334
2023-02-28 20:10:20,842 [Command processor thread] INFO  commandhandler.CreatePipelineCommandHandler (CreatePipelineCommandHandler.java:handle(113)) - Created Pipeline RATIS THREE PipelineID=6fb12ad6-f074-439f-b469-62bee00c4baa.
2023-02-28 20:10:20,842 [pool-1408-thread-1] INFO  storage.RaftStorage (RaftStorageImpl.java:format(96)) - Storage directory /home/runner/work/ozone/ozone/hadoop-ozone/integration-test/target/test-dir/MiniOzoneClusterImpl-9e11fa7e-4972-4825-87e7-ebdcd03a38ce/datanode-1/data/ratis/b66454de-0118-4dfb-aca9-f15dabe9cf81 has been successfully formatted.
2023-02-28 20:10:20,843 [pool-1408-thread-1] INFO  ratis.ContainerStateMachine (ContainerStateMachine.java:loadSnapshot(240)) - group-F15DABE9CF81: The snapshot info is null. Setting the last applied indexto:(t:0, i:~)
2023-02-28 20:10:20,843 [pool-1408-thread-1] INFO  server.RaftServerConfigKeys (ConfUtils.java:logGet(46)) - raft.server.log.use.memory = false (default)
2023-02-28 20:10:20,843 [pool-1408-thread-1] INFO  server.RaftServerConfigKeys (ConfUtils.java:logGet(46)) - raft.server.log.purge.gap = 1000000 (custom)
2023-02-28 20:10:20,843 [pool-1408-thread-1] INFO  server.RaftServerConfigKeys (ConfUtils.java:logGet(46)) - raft.server.log.appender.buffer.byte-limit = 33554432 (custom)
2023-02-28 20:10:20,843 [pool-1408-thread-1] INFO  server.RaftServerConfigKeys (ConfUtils.java:logGet(46)) - raft.server.log.statemachine.data.read.timeout = 1000ms (default)
2023-02-28 20:10:20,843 [pool-1408-thread-1] INFO  server.RaftServerConfigKeys (ConfUtils.java:logGet(46)) - raft.server.log.purge.preservation.log.num = 0 (default)
2023-02-28 20:10:20,843 [pool-1408-thread-1] INFO  server.RaftServerConfigKeys (ConfUtils.java:logGet(46)) - raft.server.log.segment.size.max = 1048576 (custom)
2023-02-28 20:10:20,844 [EventQueue-PipelineReportForPipelineReportHandler] INFO  pipeline.PipelineManagerImpl (PipelineManagerImpl.java:openPipeline(367)) - Pipeline Pipeline[ Id: b66454de-0118-4dfb-aca9-f15dabe9cf81, Nodes: 3f3cc37b-1bfe-4d0c-a49a-ec76f450a0b5(fv-az399-334/10.1.1.15), ReplicationConfig: RATIS/ONE, State:ALLOCATED, leaderId:3f3cc37b-1bfe-4d0c-a49a-ec76f450a0b5, CreationTimestamp2023-02-28T20:10:17.834Z[Etc/UTC]] moved to OPEN state
2023-02-28 20:10:20,845 [EventQueue-OpenPipelineForHealthyPipelineSafeModeRule] INFO  safemode.SCMSafeModeManager (HealthyPipelineSafeModeRule.java:process(137)) - SCM in safe mode. Healthy pipelines reported count is 0, required healthy pipeline reported count is 1
2023-02-28 20:10:20,845 [pool-1408-thread-1] INFO  server.RaftServerConfigKeys (ConfUtils.java:logGet(46)) - raft.server.log.segment.cache.num.max = 2 (custom)
2023-02-28 20:10:20,848 [pool-1408-thread-1] INFO  server.RaftServerConfigKeys (ConfUtils.java:logGet(46)) - raft.server.log.segment.cache.size.max = 200MB (=209715200) (default)
2023-02-28 20:10:20,848 [pool-1408-thread-1] INFO  segmented.SegmentedRaftLogWorker (SegmentedRaftLogWorker.java:<init>(189)) - new 3f3cc37b-1bfe-4d0c-a49a-ec76f450a0b5@group-F15DABE9CF81-SegmentedRaftLogWorker for RaftStorageImpl:Storage Directory /home/runner/work/ozone/ozone/hadoop-ozone/integration-test/target/test-dir/MiniOzoneClusterImpl-9e11fa7e-4972-4825-87e7-ebdcd03a38ce/datanode-1/data/ratis/b66454de-0118-4dfb-aca9-f15dabe9cf81
2023-02-28 20:10:20,848 [pool-1408-thread-1] INFO  server.RaftServerConfigKeys (ConfUtils.java:logGet(46)) - raft.server.log.queue.byte-limit = 4294967296 (custom)
2023-02-28 20:10:20,848 [pool-1408-thread-1] INFO  server.RaftServerConfigKeys (ConfUtils.java:logGet(46)) - raft.server.log.queue.element-limit = 1024 (custom)
2023-02-28 20:10:20,848 [pool-1408-thread-1] INFO  server.RaftServerConfigKeys (ConfUtils.java:logGet(46)) - raft.server.log.segment.size.max = 1048576 (custom)
2023-02-28 20:10:20,848 [pool-1408-thread-1] INFO  server.RaftServerConfigKeys (ConfUtils.java:logGet(46)) - raft.server.log.preallocated.size = 16384 (custom)
2023-02-28 20:10:20,848 [pool-1408-thread-1] INFO  server.RaftServerConfigKeys (ConfUtils.java:logGet(46)) - raft.server.log.force.sync.num = 128 (default)
2023-02-28 20:10:20,848 [pool-1408-thread-1] INFO  server.RaftServerConfigKeys (ConfUtils.java:logGet(46)) - raft.server.log.statemachine.data.sync = true (default)
2023-02-28 20:10:20,848 [pool-1408-thread-1] INFO  server.RaftServerConfigKeys (ConfUtils.java:logGet(46)) - raft.server.log.statemachine.data.sync.timeout = 10s (default)
2023-02-28 20:10:20,848 [pool-1408-thread-1] INFO  server.RaftServerConfigKeys (ConfUtils.java:logGet(46)) - raft.server.log.statemachine.data.sync.timeout.retry = -1 (default)
2023-02-28 20:10:20,848 [pool-1408-thread-1] INFO  server.RaftServerConfigKeys (ConfUtils.java:logGet(46)) - raft.server.log.write.buffer.size = 1048576 (custom)
2023-02-28 20:10:20,849 [pool-1408-thread-1] INFO  server.RaftServerConfigKeys (ConfUtils.java:logGet(46)) - raft.server.log.appender.buffer.byte-limit = 33554432 (custom)
2023-02-28 20:10:20,854 [pool-1408-thread-1] INFO  server.RaftServerConfigKeys (ConfUtils.java:logGet(46)) - raft.server.log.unsafe-flush.enabled = false (default)
2023-02-28 20:10:20,854 [pool-1408-thread-1] INFO  server.RaftServerConfigKeys (ConfUtils.java:logGet(46)) - raft.server.log.async-flush.enabled = false (default)
2023-02-28 20:10:20,854 [pool-1408-thread-1] INFO  server.RaftServerConfigKeys (ConfUtils.java:logGet(46)) - raft.server.log.statemachine.data.caching.enabled = true (custom)
2023-02-28 20:10:20,854 [pool-1408-thread-1] INFO  segmented.SegmentedRaftLogWorker (SegmentedRaftLogWorker.java:lambda$new$0(135)) - 3f3cc37b-1bfe-4d0c-a49a-ec76f450a0b5@group-F15DABE9CF81-SegmentedRaftLogWorker: flushIndex: setUnconditionally 0 -> -1
2023-02-28 20:10:20,854 [pool-1408-thread-1] INFO  segmented.SegmentedRaftLogWorker (SegmentedRaftLogWorker.java:lambda$new$0(135)) - 3f3cc37b-1bfe-4d0c-a49a-ec76f450a0b5@group-F15DABE9CF81-SegmentedRaftLogWorker: safeCacheEvictIndex: setUnconditionally 0 -> -1
2023-02-28 20:10:20,858 [pool-1408-thread-1] INFO  server.RaftServer$Division (RaftServerImpl.java:start(334)) - 3f3cc37b-1bfe-4d0c-a49a-ec76f450a0b5@group-F15DABE9CF81: start as a follower, conf=-1: peers:[3f3cc37b-1bfe-4d0c-a49a-ec76f450a0b5|rpc:10.1.1.15:44541|dataStream:10.1.1.15:43275|priority:1|startupRole:FOLLOWER]|listeners:[], old=null
2023-02-28 20:10:20,858 [pool-1408-thread-1] INFO  server.RaftServer$Division (RaftServerImpl.java:setRole(321)) - 3f3cc37b-1bfe-4d0c-a49a-ec76f450a0b5@group-F15DABE9CF81: changes role from      null to FOLLOWER at term 0 for startAsFollower
2023-02-28 20:10:20,858 [pool-1408-thread-1] INFO  impl.RoleInfo (RoleInfo.java:updateAndGet(139)) - 3f3cc37b-1bfe-4d0c-a49a-ec76f450a0b5: start 3f3cc37b-1bfe-4d0c-a49a-ec76f450a0b5@group-F15DABE9CF81-FollowerState
2023-02-28 20:10:20,858 [pool-1408-thread-1] INFO  util.JmxRegister (JmxRegister.java:tryRegister(44)) - Successfully registered JMX Bean with object name Ratis:service=RaftServer,group=group-F15DABE9CF81,id=3f3cc37b-1bfe-4d0c-a49a-ec76f450a0b5
2023-02-28 20:10:20,858 [pool-1408-thread-1] INFO  server.RaftServerConfigKeys (ConfUtils.java:logGet(46)) - raft.server.snapshot.auto.trigger.enabled = true (custom)
2023-02-28 20:10:20,859 [pool-1408-thread-1] INFO  server.RaftServerConfigKeys (ConfUtils.java:logGet(46)) - raft.server.snapshot.auto.trigger.threshold = 10000 (custom)
2023-02-28 20:10:20,859 [pool-1408-thread-1] INFO  server.RaftServerConfigKeys (ConfUtils.java:logGet(46)) - raft.server.snapshot.retention.file.num = 5 (custom)
2023-02-28 20:10:20,859 [pool-1408-thread-1] INFO  server.RaftServerConfigKeys (ConfUtils.java:logGet(46)) - raft.server.log.purge.upto.snapshot.index = false (default)
2023-02-28 20:10:20,859 [3f3cc37b-1bfe-4d0c-a49a-ec76f450a0b5@group-F15DABE9CF81-FollowerState] INFO  server.RaftServerConfigKeys (ConfUtils.java:logFallback(53)) - raft.server.rpc.first-election.timeout.min = 5s (fallback to raft.server.rpc.timeout.min)
2023-02-28 20:10:20,859 [3f3cc37b-1bfe-4d0c-a49a-ec76f450a0b5@group-F15DABE9CF81-FollowerState] INFO  server.RaftServerConfigKeys (ConfUtils.java:logFallback(53)) - raft.server.rpc.first-election.timeout.max = 5200ms (fallback to raft.server.rpc.timeout.max)
2023-02-28 20:10:20,859 [Command processor thread] INFO  ratis.XceiverServerRatis (XceiverServerRatis.java:addGroup(807)) - Created group PipelineID=b66454de-0118-4dfb-aca9-f15dabe9cf81
2023-02-28 20:10:20,859 [Command processor thread] INFO  commandhandler.CreatePipelineCommandHandler (CreatePipelineCommandHandler.java:handle(113)) - Created Pipeline RATIS ONE PipelineID=b66454de-0118-4dfb-aca9-f15dabe9cf81.
2023-02-28 20:10:21,002 [EndpointStateMachine task thread for /0.0.0.0:46809 - 0 ] INFO  ipc.Client (Client.java:handleConnectionFailure(1010)) - Retrying connect to server: 0.0.0.0/0.0.0.0:46809. Already tried 13 time(s); retry policy is RetryUpToMaximumCountWithFixedSleep(maxRetries=15, sleepTime=1000 MILLISECONDS)
2023-02-28 20:10:21,165 [Listener at 127.0.0.1/35937] INFO  ozone.MiniOzoneClusterImpl (MiniOzoneClusterImpl.java:lambda$waitForClusterToBeReady$0(218)) - Nodes are ready. Got 3 of 3 DN Heartbeats.
2023-02-28 20:10:21,166 [Listener at 127.0.0.1/35937] INFO  ozone.MiniOzoneClusterImpl (MiniOzoneClusterImpl.java:lambda$waitForClusterToBeReady$0(221)) - Waiting for cluster to exit safe mode
2023-02-28 20:10:21,166 [Listener at 127.0.0.1/35937] INFO  ozone.MiniOzoneClusterImpl (MiniOzoneClusterImpl.java:lambda$waitForClusterToBeReady$0(223)) - SCM became leader
2023-02-28 20:10:21,168 [Command processor thread] INFO  server.RaftServer (RaftServerProxy.java:addNew(96)) - eae64dd3-82ca-4abe-8982-cc6124070574: addNew group-FABD5D8F3597:[eae64dd3-82ca-4abe-8982-cc6124070574|rpc:10.1.1.15:37275|dataStream:10.1.1.15:37921|priority:1|startupRole:FOLLOWER] returns group-FABD5D8F3597:java.util.concurrent.CompletableFuture@51503f29[Not completed]
2023-02-28 20:10:21,169 [pool-1430-thread-1] INFO  server.RaftServer$Division (RaftServerImpl.java:<init>(195)) - eae64dd3-82ca-4abe-8982-cc6124070574: new RaftServerImpl for group-FABD5D8F3597:[eae64dd3-82ca-4abe-8982-cc6124070574|rpc:10.1.1.15:37275|dataStream:10.1.1.15:37921|priority:1|startupRole:FOLLOWER] with ContainerStateMachine:uninitialized
2023-02-28 20:10:21,169 [pool-1430-thread-1] INFO  server.RaftServerConfigKeys (ConfUtils.java:logGet(46)) - raft.server.rpc.timeout.min = 5s (custom)
2023-02-28 20:10:21,169 [pool-1430-thread-1] INFO  server.RaftServerConfigKeys (ConfUtils.java:logGet(46)) - raft.server.rpc.timeout.max = 5200ms (custom)
2023-02-28 20:10:21,169 [pool-1430-thread-1] INFO  server.RaftServerConfigKeys (ConfUtils.java:logGet(46)) - raft.server.rpc.sleep.time = 25ms (default)
2023-02-28 20:10:21,169 [pool-1430-thread-1] INFO  server.RaftServerConfigKeys (ConfUtils.java:logGet(46)) - raft.server.rpc.slowness.timeout = 300s (custom)
2023-02-28 20:10:21,169 [pool-1430-thread-1] INFO  server.RaftServerConfigKeys (ConfUtils.java:logGet(46)) - raft.server.leaderelection.leader.step-down.wait-time = 10s (default)
2023-02-28 20:10:21,169 [pool-1430-thread-1] INFO  server.RaftServerConfigKeys (ConfUtils.java:logGet(46)) - raft.server.sleep.deviation.threshold = 300ms (default)
2023-02-28 20:10:21,169 [pool-1430-thread-1] INFO  server.RaftServer$Division (ServerState.java:<init>(118)) - eae64dd3-82ca-4abe-8982-cc6124070574@group-FABD5D8F3597: ConfigurationManager, init=-1: peers:[eae64dd3-82ca-4abe-8982-cc6124070574|rpc:10.1.1.15:37275|dataStream:10.1.1.15:37921|priority:1|startupRole:FOLLOWER]|listeners:[], old=null, confs=<EMPTY_MAP>
2023-02-28 20:10:21,169 [pool-1430-thread-1] INFO  server.RaftServerConfigKeys (ConfUtils.java:logGet(46)) - raft.server.storage.dir = [/home/runner/work/ozone/ozone/hadoop-ozone/integration-test/target/test-dir/MiniOzoneClusterImpl-9e11fa7e-4972-4825-87e7-ebdcd03a38ce/datanode-2/data/ratis] (custom)
2023-02-28 20:10:21,170 [pool-1430-thread-1] INFO  server.RaftServerConfigKeys (ConfUtils.java:logGet(46)) - raft.server.log.corruption.policy = EXCEPTION (default)
2023-02-28 20:10:21,170 [pool-1430-thread-1] INFO  server.RaftServerConfigKeys (ConfUtils.java:logGet(46)) - raft.server.storage.free-space.min = 0MB (=0) (default)
2023-02-28 20:10:21,170 [pool-1430-thread-1] INFO  server.RaftServerConfigKeys (ConfUtils.java:logGet(46)) - raft.server.notification.no-leader.timeout = 300s (custom)
2023-02-28 20:10:21,170 [pool-1430-thread-1] INFO  server.RaftServerConfigKeys (ConfUtils.java:logGet(46)) - raft.server.retrycache.expirytime = 600000ms (custom)
2023-02-28 20:10:21,170 [pool-1430-thread-1] INFO  server.RaftServerConfigKeys (ConfUtils.java:logGet(46)) - raft.server.retrycache.statistics.expirytime = 100μs (default)
2023-02-28 20:10:21,170 [pool-1430-thread-1] INFO  server.RaftServerConfigKeys (ConfUtils.java:logGet(46)) - raft.server.log.appender.install.snapshot.enabled = false (custom)
2023-02-28 20:10:21,171 [pool-1430-thread-1] INFO  server.RaftServerConfigKeys (ConfUtils.java:logGet(46)) - raft.server.threadpool.server.cached = true (default)
2023-02-28 20:10:21,171 [pool-1430-thread-1] INFO  server.RaftServerConfigKeys (ConfUtils.java:logGet(46)) - raft.server.threadpool.server.size = 0 (default)
2023-02-28 20:10:21,171 [pool-1430-thread-1] INFO  server.RaftServerConfigKeys (ConfUtils.java:logGet(46)) - raft.server.threadpool.client.cached = true (default)
2023-02-28 20:10:21,171 [pool-1430-thread-1] INFO  server.RaftServerConfigKeys (ConfUtils.java:logGet(46)) - raft.server.threadpool.client.size = 0 (default)
2023-02-28 20:10:21,171 [pool-1430-thread-1] INFO  storage.RaftStorageDirectory (RaftStorageDirectoryImpl.java:analyzeStorage(137)) - The storage directory /home/runner/work/ozone/ozone/hadoop-ozone/integration-test/target/test-dir/MiniOzoneClusterImpl-9e11fa7e-4972-4825-87e7-ebdcd03a38ce/datanode-2/data/ratis/1fd7382f-f8eb-4084-8f2f-fabd5d8f3597 does not exist. Creating ...
2023-02-28 20:10:21,172 [pool-1430-thread-1] INFO  storage.RaftStorageDirectory (RaftStorageDirectoryImpl.java:tryLock(231)) - Lock on /home/runner/work/ozone/ozone/hadoop-ozone/integration-test/target/test-dir/MiniOzoneClusterImpl-9e11fa7e-4972-4825-87e7-ebdcd03a38ce/datanode-2/data/ratis/1fd7382f-f8eb-4084-8f2f-fabd5d8f3597/in_use.lock acquired by nodename 61155@fv-az399-334
2023-02-28 20:10:21,173 [pool-1430-thread-1] INFO  storage.RaftStorage (RaftStorageImpl.java:format(96)) - Storage directory /home/runner/work/ozone/ozone/hadoop-ozone/integration-test/target/test-dir/MiniOzoneClusterImpl-9e11fa7e-4972-4825-87e7-ebdcd03a38ce/datanode-2/data/ratis/1fd7382f-f8eb-4084-8f2f-fabd5d8f3597 has been successfully formatted.
2023-02-28 20:10:21,173 [pool-1430-thread-1] INFO  ratis.ContainerStateMachine (ContainerStateMachine.java:loadSnapshot(240)) - group-FABD5D8F3597: The snapshot info is null. Setting the last applied indexto:(t:0, i:~)
2023-02-28 20:10:21,173 [pool-1430-thread-1] INFO  server.RaftServerConfigKeys (ConfUtils.java:logGet(46)) - raft.server.log.use.memory = false (default)
2023-02-28 20:10:21,174 [pool-1430-thread-1] INFO  server.RaftServerConfigKeys (ConfUtils.java:logGet(46)) - raft.server.log.purge.gap = 1000000 (custom)
2023-02-28 20:10:21,174 [pool-1430-thread-1] INFO  server.RaftServerConfigKeys (ConfUtils.java:logGet(46)) - raft.server.log.appender.buffer.byte-limit = 33554432 (custom)
2023-02-28 20:10:21,174 [pool-1430-thread-1] INFO  server.RaftServerConfigKeys (ConfUtils.java:logGet(46)) - raft.server.log.statemachine.data.read.timeout = 1000ms (default)
2023-02-28 20:10:21,174 [pool-1430-thread-1] INFO  server.RaftServerConfigKeys (ConfUtils.java:logGet(46)) - raft.server.log.purge.preservation.log.num = 0 (default)
2023-02-28 20:10:21,174 [pool-1430-thread-1] INFO  server.RaftServerConfigKeys (ConfUtils.java:logGet(46)) - raft.server.log.segment.size.max = 1048576 (custom)
2023-02-28 20:10:21,174 [pool-1430-thread-1] INFO  server.RaftServerConfigKeys (ConfUtils.java:logGet(46)) - raft.server.log.segment.cache.num.max = 2 (custom)
2023-02-28 20:10:21,174 [pool-1430-thread-1] INFO  server.RaftServerConfigKeys (ConfUtils.java:logGet(46)) - raft.server.log.segment.cache.size.max = 200MB (=209715200) (default)
2023-02-28 20:10:21,174 [pool-1430-thread-1] INFO  segmented.SegmentedRaftLogWorker (SegmentedRaftLogWorker.java:<init>(189)) - new eae64dd3-82ca-4abe-8982-cc6124070574@group-FABD5D8F3597-SegmentedRaftLogWorker for RaftStorageImpl:Storage Directory /home/runner/work/ozone/ozone/hadoop-ozone/integration-test/target/test-dir/MiniOzoneClusterImpl-9e11fa7e-4972-4825-87e7-ebdcd03a38ce/datanode-2/data/ratis/1fd7382f-f8eb-4084-8f2f-fabd5d8f3597
2023-02-28 20:10:21,174 [EventQueue-PipelineReportForPipelineReportHandler] INFO  pipeline.PipelineManagerImpl (PipelineManagerImpl.java:openPipeline(367)) - Pipeline Pipeline[ Id: 1fd7382f-f8eb-4084-8f2f-fabd5d8f3597, Nodes: eae64dd3-82ca-4abe-8982-cc6124070574(fv-az399-334/10.1.1.15), ReplicationConfig: RATIS/ONE, State:ALLOCATED, leaderId:eae64dd3-82ca-4abe-8982-cc6124070574, CreationTimestamp2023-02-28T20:10:18.174Z[Etc/UTC]] moved to OPEN state
2023-02-28 20:10:21,174 [pool-1430-thread-1] INFO  server.RaftServerConfigKeys (ConfUtils.java:logGet(46)) - raft.server.log.queue.byte-limit = 4294967296 (custom)
2023-02-28 20:10:21,175 [pool-1430-thread-1] INFO  server.RaftServerConfigKeys (ConfUtils.java:logGet(46)) - raft.server.log.queue.element-limit = 1024 (custom)
2023-02-28 20:10:21,175 [pool-1430-thread-1] INFO  server.RaftServerConfigKeys (ConfUtils.java:logGet(46)) - raft.server.log.segment.size.max = 1048576 (custom)
2023-02-28 20:10:21,175 [pool-1430-thread-1] INFO  server.RaftServerConfigKeys (ConfUtils.java:logGet(46)) - raft.server.log.preallocated.size = 16384 (custom)
2023-02-28 20:10:21,175 [pool-1430-thread-1] INFO  server.RaftServerConfigKeys (ConfUtils.java:logGet(46)) - raft.server.log.force.sync.num = 128 (default)
2023-02-28 20:10:21,175 [pool-1430-thread-1] INFO  server.RaftServerConfigKeys (ConfUtils.java:logGet(46)) - raft.server.log.statemachine.data.sync = true (default)
2023-02-28 20:10:21,175 [EventQueue-OpenPipelineForHealthyPipelineSafeModeRule] INFO  safemode.SCMSafeModeManager (HealthyPipelineSafeModeRule.java:process(137)) - SCM in safe mode. Healthy pipelines reported count is 0, required healthy pipeline reported count is 1
2023-02-28 20:10:21,175 [pool-1430-thread-1] INFO  server.RaftServerConfigKeys (ConfUtils.java:logGet(46)) - raft.server.log.statemachine.data.sync.timeout = 10s (default)
2023-02-28 20:10:21,175 [pool-1430-thread-1] INFO  server.RaftServerConfigKeys (ConfUtils.java:logGet(46)) - raft.server.log.statemachine.data.sync.timeout.retry = -1 (default)
2023-02-28 20:10:21,175 [pool-1430-thread-1] INFO  server.RaftServerConfigKeys (ConfUtils.java:logGet(46)) - raft.server.log.write.buffer.size = 1048576 (custom)
2023-02-28 20:10:21,175 [pool-1430-thread-1] INFO  server.RaftServerConfigKeys (ConfUtils.java:logGet(46)) - raft.server.log.appender.buffer.byte-limit = 33554432 (custom)
2023-02-28 20:10:21,180 [pool-1430-thread-1] INFO  server.RaftServerConfigKeys (ConfUtils.java:logGet(46)) - raft.server.log.unsafe-flush.enabled = false (default)
2023-02-28 20:10:21,180 [pool-1430-thread-1] INFO  server.RaftServerConfigKeys (ConfUtils.java:logGet(46)) - raft.server.log.async-flush.enabled = false (default)
2023-02-28 20:10:21,180 [pool-1430-thread-1] INFO  server.RaftServerConfigKeys (ConfUtils.java:logGet(46)) - raft.server.log.statemachine.data.caching.enabled = true (custom)
2023-02-28 20:10:21,181 [pool-1430-thread-1] INFO  segmented.SegmentedRaftLogWorker (SegmentedRaftLogWorker.java:lambda$new$0(135)) - eae64dd3-82ca-4abe-8982-cc6124070574@group-FABD5D8F3597-SegmentedRaftLogWorker: flushIndex: setUnconditionally 0 -> -1
2023-02-28 20:10:21,181 [pool-1430-thread-1] INFO  segmented.SegmentedRaftLogWorker (SegmentedRaftLogWorker.java:lambda$new$0(135)) - eae64dd3-82ca-4abe-8982-cc6124070574@group-FABD5D8F3597-SegmentedRaftLogWorker: safeCacheEvictIndex: setUnconditionally 0 -> -1
2023-02-28 20:10:21,181 [pool-1430-thread-1] INFO  server.RaftServer$Division (RaftServerImpl.java:start(334)) - eae64dd3-82ca-4abe-8982-cc6124070574@group-FABD5D8F3597: start as a follower, conf=-1: peers:[eae64dd3-82ca-4abe-8982-cc6124070574|rpc:10.1.1.15:37275|dataStream:10.1.1.15:37921|priority:1|startupRole:FOLLOWER]|listeners:[], old=null
2023-02-28 20:10:21,181 [pool-1430-thread-1] INFO  server.RaftServer$Division (RaftServerImpl.java:setRole(321)) - eae64dd3-82ca-4abe-8982-cc6124070574@group-FABD5D8F3597: changes role from      null to FOLLOWER at term 0 for startAsFollower
2023-02-28 20:10:21,181 [pool-1430-thread-1] INFO  impl.RoleInfo (RoleInfo.java:updateAndGet(139)) - eae64dd3-82ca-4abe-8982-cc6124070574: start eae64dd3-82ca-4abe-8982-cc6124070574@group-FABD5D8F3597-FollowerState
2023-02-28 20:10:21,181 [pool-1430-thread-1] INFO  util.JmxRegister (JmxRegister.java:tryRegister(44)) - Successfully registered JMX Bean with object name Ratis:service=RaftServer,group=group-FABD5D8F3597,id=eae64dd3-82ca-4abe-8982-cc6124070574
2023-02-28 20:10:21,181 [pool-1430-thread-1] INFO  server.RaftServerConfigKeys (ConfUtils.java:logGet(46)) - raft.server.snapshot.auto.trigger.enabled = true (custom)
2023-02-28 20:10:21,181 [pool-1430-thread-1] INFO  server.RaftServerConfigKeys (ConfUtils.java:logGet(46)) - raft.server.snapshot.auto.trigger.threshold = 10000 (custom)
2023-02-28 20:10:21,181 [pool-1430-thread-1] INFO  server.RaftServerConfigKeys (ConfUtils.java:logGet(46)) - raft.server.snapshot.retention.file.num = 5 (custom)
2023-02-28 20:10:21,181 [pool-1430-thread-1] INFO  server.RaftServerConfigKeys (ConfUtils.java:logGet(46)) - raft.server.log.purge.upto.snapshot.index = false (default)
2023-02-28 20:10:21,182 [Command processor thread] INFO  ratis.XceiverServerRatis (XceiverServerRatis.java:addGroup(807)) - Created group PipelineID=1fd7382f-f8eb-4084-8f2f-fabd5d8f3597
2023-02-28 20:10:21,182 [Command processor thread] INFO  commandhandler.CreatePipelineCommandHandler (CreatePipelineCommandHandler.java:handle(113)) - Created Pipeline RATIS ONE PipelineID=1fd7382f-f8eb-4084-8f2f-fabd5d8f3597.
2023-02-28 20:10:21,182 [eae64dd3-82ca-4abe-8982-cc6124070574@group-FABD5D8F3597-FollowerState] INFO  server.RaftServerConfigKeys (ConfUtils.java:logFallback(53)) - raft.server.rpc.first-election.timeout.min = 5s (fallback to raft.server.rpc.timeout.min)
2023-02-28 20:10:21,182 [eae64dd3-82ca-4abe-8982-cc6124070574@group-FABD5D8F3597-FollowerState] INFO  server.RaftServerConfigKeys (ConfUtils.java:logFallback(53)) - raft.server.rpc.first-election.timeout.max = 5200ms (fallback to raft.server.rpc.timeout.max)
2023-02-28 20:10:22,003 [EndpointStateMachine task thread for /0.0.0.0:46809 - 0 ] INFO  ipc.Client (Client.java:handleConnectionFailure(1010)) - Retrying connect to server: 0.0.0.0/0.0.0.0:46809. Already tried 14 time(s); retry policy is RetryUpToMaximumCountWithFixedSleep(maxRetries=15, sleepTime=1000 MILLISECONDS)
2023-02-28 20:10:22,166 [Listener at 127.0.0.1/35937] INFO  ozone.MiniOzoneClusterImpl (MiniOzoneClusterImpl.java:lambda$waitForClusterToBeReady$0(218)) - Nodes are ready. Got 3 of 3 DN Heartbeats.
2023-02-28 20:10:22,166 [Listener at 127.0.0.1/35937] INFO  ozone.MiniOzoneClusterImpl (MiniOzoneClusterImpl.java:lambda$waitForClusterToBeReady$0(221)) - Waiting for cluster to exit safe mode
2023-02-28 20:10:22,166 [Listener at 127.0.0.1/35937] INFO  ozone.MiniOzoneClusterImpl (MiniOzoneClusterImpl.java:lambda$waitForClusterToBeReady$0(223)) - SCM became leader
2023-02-28 20:10:23,166 [Listener at 127.0.0.1/35937] INFO  ozone.MiniOzoneClusterImpl (MiniOzoneClusterImpl.java:lambda$waitForClusterToBeReady$0(218)) - Nodes are ready. Got 3 of 3 DN Heartbeats.
2023-02-28 20:10:23,167 [Listener at 127.0.0.1/35937] INFO  ozone.MiniOzoneClusterImpl (MiniOzoneClusterImpl.java:lambda$waitForClusterToBeReady$0(221)) - Waiting for cluster to exit safe mode
2023-02-28 20:10:23,167 [Listener at 127.0.0.1/35937] INFO  ozone.MiniOzoneClusterImpl (MiniOzoneClusterImpl.java:lambda$waitForClusterToBeReady$0(223)) - SCM became leader
2023-02-28 20:10:24,167 [Listener at 127.0.0.1/35937] INFO  ozone.MiniOzoneClusterImpl (MiniOzoneClusterImpl.java:lambda$waitForClusterToBeReady$0(218)) - Nodes are ready. Got 3 of 3 DN Heartbeats.
2023-02-28 20:10:24,167 [Listener at 127.0.0.1/35937] INFO  ozone.MiniOzoneClusterImpl (MiniOzoneClusterImpl.java:lambda$waitForClusterToBeReady$0(221)) - Waiting for cluster to exit safe mode
2023-02-28 20:10:24,167 [Listener at 127.0.0.1/35937] INFO  ozone.MiniOzoneClusterImpl (MiniOzoneClusterImpl.java:lambda$waitForClusterToBeReady$0(223)) - SCM became leader
2023-02-28 20:10:25,167 [Listener at 127.0.0.1/35937] INFO  ozone.MiniOzoneClusterImpl (MiniOzoneClusterImpl.java:lambda$waitForClusterToBeReady$0(218)) - Nodes are ready. Got 3 of 3 DN Heartbeats.
2023-02-28 20:10:25,168 [Listener at 127.0.0.1/35937] INFO  ozone.MiniOzoneClusterImpl (MiniOzoneClusterImpl.java:lambda$waitForClusterToBeReady$0(221)) - Waiting for cluster to exit safe mode
2023-02-28 20:10:25,168 [Listener at 127.0.0.1/35937] INFO  ozone.MiniOzoneClusterImpl (MiniOzoneClusterImpl.java:lambda$waitForClusterToBeReady$0(223)) - SCM became leader
2023-02-28 20:10:25,591 [5934c68d-b896-470a-9875-633bc32aae4b@group-E64569B96E86-FollowerState] INFO  impl.FollowerState (FollowerState.java:run(143)) - 5934c68d-b896-470a-9875-633bc32aae4b@group-E64569B96E86-FollowerState: change to CANDIDATE, lastRpcElapsedTime:5047037350ns, electionTimeout:5042ms
2023-02-28 20:10:25,592 [5934c68d-b896-470a-9875-633bc32aae4b@group-E64569B96E86-FollowerState] INFO  impl.RoleInfo (RoleInfo.java:shutdownFollowerState(110)) - 5934c68d-b896-470a-9875-633bc32aae4b: shutdown 5934c68d-b896-470a-9875-633bc32aae4b@group-E64569B96E86-FollowerState
2023-02-28 20:10:25,592 [5934c68d-b896-470a-9875-633bc32aae4b@group-E64569B96E86-FollowerState] INFO  server.RaftServer$Division (RaftServerImpl.java:setRole(321)) - 5934c68d-b896-470a-9875-633bc32aae4b@group-E64569B96E86: changes role from  FOLLOWER to CANDIDATE at term 0 for changeToCandidate
2023-02-28 20:10:25,592 [5934c68d-b896-470a-9875-633bc32aae4b@group-E64569B96E86-FollowerState] INFO  server.RaftServerConfigKeys (ConfUtils.java:logGet(46)) - raft.server.leaderelection.pre-vote = true (default)
2023-02-28 20:10:25,592 [5934c68d-b896-470a-9875-633bc32aae4b@group-E64569B96E86-FollowerState] INFO  impl.RoleInfo (RoleInfo.java:updateAndGet(139)) - 5934c68d-b896-470a-9875-633bc32aae4b: start 5934c68d-b896-470a-9875-633bc32aae4b@group-E64569B96E86-LeaderElection17
2023-02-28 20:10:25,595 [5934c68d-b896-470a-9875-633bc32aae4b@group-E64569B96E86-LeaderElection17] INFO  impl.LeaderElection (LeaderElection.java:askForVotes(312)) - 5934c68d-b896-470a-9875-633bc32aae4b@group-E64569B96E86-LeaderElection17 PRE_VOTE round 0: submit vote requests at term 0 for -1: peers:[5934c68d-b896-470a-9875-633bc32aae4b|rpc:10.1.1.15:42749|dataStream:10.1.1.15:34149|priority:0|startupRole:FOLLOWER, eae64dd3-82ca-4abe-8982-cc6124070574|rpc:10.1.1.15:37275|dataStream:10.1.1.15:37921|priority:1|startupRole:FOLLOWER, 3f3cc37b-1bfe-4d0c-a49a-ec76f450a0b5|rpc:10.1.1.15:44541|dataStream:10.1.1.15:43275|priority:0|startupRole:FOLLOWER]|listeners:[], old=null
2023-02-28 20:10:25,595 [5934c68d-b896-470a-9875-633bc32aae4b@group-E64569B96E86-LeaderElection17] INFO  server.RaftServerConfigKeys (ConfUtils.java:logFallback(53)) - raft.server.rpc.first-election.timeout.min = 5s (fallback to raft.server.rpc.timeout.min)
2023-02-28 20:10:25,595 [5934c68d-b896-470a-9875-633bc32aae4b@group-E64569B96E86-LeaderElection17-1] INFO  server.GrpcServerProtocolClient (GrpcServerProtocolClient.java:<init>(63)) - Build channel for eae64dd3-82ca-4abe-8982-cc6124070574
2023-02-28 20:10:25,595 [5934c68d-b896-470a-9875-633bc32aae4b@group-E64569B96E86-LeaderElection17] INFO  server.RaftServerConfigKeys (ConfUtils.java:logFallback(53)) - raft.server.rpc.first-election.timeout.max = 5200ms (fallback to raft.server.rpc.timeout.max)
2023-02-28 20:10:25,605 [grpc-default-executor-3] INFO  server.RaftServer$Division (RaftServerImpl.java:requestVote(1218)) - eae64dd3-82ca-4abe-8982-cc6124070574@group-E64569B96E86: receive requestVote(PRE_VOTE, 5934c68d-b896-470a-9875-633bc32aae4b, group-E64569B96E86, 0, (t:0, i:0))
2023-02-28 20:10:25,606 [grpc-default-executor-3] INFO  impl.VoteContext (VoteContext.java:log(49)) - eae64dd3-82ca-4abe-8982-cc6124070574@group-E64569B96E86-FOLLOWER: reject PRE_VOTE from 5934c68d-b896-470a-9875-633bc32aae4b: our priority 1 > candidate's priority 0
2023-02-28 20:10:25,606 [grpc-default-executor-3] INFO  server.RaftServer$Division (RaftServerImpl.java:requestVote(1251)) - eae64dd3-82ca-4abe-8982-cc6124070574@group-E64569B96E86 replies to PRE_VOTE vote request: 5934c68d-b896-470a-9875-633bc32aae4b<-eae64dd3-82ca-4abe-8982-cc6124070574#0:FAIL-t0. Peer's state: eae64dd3-82ca-4abe-8982-cc6124070574@group-E64569B96E86:t0, leader=null, voted=, raftlog=Memoized:eae64dd3-82ca-4abe-8982-cc6124070574@group-E64569B96E86-SegmentedRaftLog:OPENED:c-1, conf=-1: peers:[5934c68d-b896-470a-9875-633bc32aae4b|rpc:10.1.1.15:42749|dataStream:10.1.1.15:34149|priority:0|startupRole:FOLLOWER, eae64dd3-82ca-4abe-8982-cc6124070574|rpc:10.1.1.15:37275|dataStream:10.1.1.15:37921|priority:1|startupRole:FOLLOWER, 3f3cc37b-1bfe-4d0c-a49a-ec76f450a0b5|rpc:10.1.1.15:44541|dataStream:10.1.1.15:43275|priority:0|startupRole:FOLLOWER]|listeners:[], old=null
2023-02-28 20:10:25,602 [5934c68d-b896-470a-9875-633bc32aae4b@group-E64569B96E86-LeaderElection17-2] INFO  server.GrpcServerProtocolClient (GrpcServerProtocolClient.java:<init>(63)) - Build channel for 3f3cc37b-1bfe-4d0c-a49a-ec76f450a0b5
2023-02-28 20:10:25,607 [5934c68d-b896-470a-9875-633bc32aae4b@group-E64569B96E86-LeaderElection17] INFO  impl.LeaderElection (LeaderElection.java:logAndReturn(90)) - 5934c68d-b896-470a-9875-633bc32aae4b@group-E64569B96E86-LeaderElection17: PRE_VOTE REJECTED received 1 response(s) and 0 exception(s):
2023-02-28 20:10:25,615 [5934c68d-b896-470a-9875-633bc32aae4b@group-E64569B96E86-LeaderElection17] INFO  impl.LeaderElection (LeaderElection.java:logAndReturn(94)) -   Response 0: 5934c68d-b896-470a-9875-633bc32aae4b<-eae64dd3-82ca-4abe-8982-cc6124070574#0:FAIL-t0
2023-02-28 20:10:25,615 [5934c68d-b896-470a-9875-633bc32aae4b@group-E64569B96E86-LeaderElection17] INFO  impl.LeaderElection (LeaderElection.java:askForVotes(314)) - 5934c68d-b896-470a-9875-633bc32aae4b@group-E64569B96E86-LeaderElection17 PRE_VOTE round 0: result REJECTED
2023-02-28 20:10:25,615 [5934c68d-b896-470a-9875-633bc32aae4b@group-E64569B96E86-LeaderElection17] INFO  server.RaftServer$Division (RaftServerImpl.java:setRole(321)) - 5934c68d-b896-470a-9875-633bc32aae4b@group-E64569B96E86: changes role from CANDIDATE to FOLLOWER at term 0 for REJECTED
2023-02-28 20:10:25,615 [5934c68d-b896-470a-9875-633bc32aae4b@group-E64569B96E86-LeaderElection17] INFO  impl.RoleInfo (RoleInfo.java:shutdownLeaderElection(130)) - 5934c68d-b896-470a-9875-633bc32aae4b: shutdown 5934c68d-b896-470a-9875-633bc32aae4b@group-E64569B96E86-LeaderElection17
2023-02-28 20:10:25,615 [5934c68d-b896-470a-9875-633bc32aae4b@group-E64569B96E86-LeaderElection17] INFO  impl.RoleInfo (RoleInfo.java:updateAndGet(139)) - 5934c68d-b896-470a-9875-633bc32aae4b: start 5934c68d-b896-470a-9875-633bc32aae4b@group-E64569B96E86-FollowerState
2023-02-28 20:10:25,618 [5934c68d-b896-470a-9875-633bc32aae4b@group-E64569B96E86-FollowerState] INFO  server.RaftServerConfigKeys (ConfUtils.java:logFallback(53)) - raft.server.rpc.first-election.timeout.min = 5s (fallback to raft.server.rpc.timeout.min)
2023-02-28 20:10:25,621 [5934c68d-b896-470a-9875-633bc32aae4b@group-E64569B96E86-FollowerState] INFO  server.RaftServerConfigKeys (ConfUtils.java:logFallback(53)) - raft.server.rpc.first-election.timeout.max = 5200ms (fallback to raft.server.rpc.timeout.max)
2023-02-28 20:10:25,622 [grpc-default-executor-3] INFO  server.RaftServer$Division (RaftServerImpl.java:requestVote(1218)) - 3f3cc37b-1bfe-4d0c-a49a-ec76f450a0b5@group-E64569B96E86: receive requestVote(PRE_VOTE, 5934c68d-b896-470a-9875-633bc32aae4b, group-E64569B96E86, 0, (t:0, i:0))
2023-02-28 20:10:25,622 [grpc-default-executor-3] INFO  impl.VoteContext (VoteContext.java:log(49)) - 3f3cc37b-1bfe-4d0c-a49a-ec76f450a0b5@group-E64569B96E86-FOLLOWER: accept PRE_VOTE from 5934c68d-b896-470a-9875-633bc32aae4b: our priority 0 <= candidate's priority 0
2023-02-28 20:10:25,622 [grpc-default-executor-3] INFO  server.RaftServer$Division (RaftServerImpl.java:requestVote(1251)) - 3f3cc37b-1bfe-4d0c-a49a-ec76f450a0b5@group-E64569B96E86 replies to PRE_VOTE vote request: 5934c68d-b896-470a-9875-633bc32aae4b<-3f3cc37b-1bfe-4d0c-a49a-ec76f450a0b5#0:OK-t0. Peer's state: 3f3cc37b-1bfe-4d0c-a49a-ec76f450a0b5@group-E64569B96E86:t0, leader=null, voted=, raftlog=Memoized:3f3cc37b-1bfe-4d0c-a49a-ec76f450a0b5@group-E64569B96E86-SegmentedRaftLog:OPENED:c-1, conf=-1: peers:[5934c68d-b896-470a-9875-633bc32aae4b|rpc:10.1.1.15:42749|dataStream:10.1.1.15:34149|priority:0|startupRole:FOLLOWER, eae64dd3-82ca-4abe-8982-cc6124070574|rpc:10.1.1.15:37275|dataStream:10.1.1.15:37921|priority:1|startupRole:FOLLOWER, 3f3cc37b-1bfe-4d0c-a49a-ec76f450a0b5|rpc:10.1.1.15:44541|dataStream:10.1.1.15:43275|priority:0|startupRole:FOLLOWER]|listeners:[], old=null
2023-02-28 20:10:25,631 [5934c68d-b896-470a-9875-633bc32aae4b@group-8E1CE4A1DBB8-FollowerState] INFO  impl.FollowerState (FollowerState.java:run(143)) - 5934c68d-b896-470a-9875-633bc32aae4b@group-8E1CE4A1DBB8-FollowerState: change to CANDIDATE, lastRpcElapsedTime:5103014578ns, electionTimeout:5102ms
2023-02-28 20:10:25,631 [5934c68d-b896-470a-9875-633bc32aae4b@group-8E1CE4A1DBB8-FollowerState] INFO  impl.RoleInfo (RoleInfo.java:shutdownFollowerState(110)) - 5934c68d-b896-470a-9875-633bc32aae4b: shutdown 5934c68d-b896-470a-9875-633bc32aae4b@group-8E1CE4A1DBB8-FollowerState
2023-02-28 20:10:25,631 [5934c68d-b896-470a-9875-633bc32aae4b@group-8E1CE4A1DBB8-FollowerState] INFO  server.RaftServer$Division (RaftServerImpl.java:setRole(321)) - 5934c68d-b896-470a-9875-633bc32aae4b@group-8E1CE4A1DBB8: changes role from  FOLLOWER to CANDIDATE at term 0 for changeToCandidate
2023-02-28 20:10:25,631 [5934c68d-b896-470a-9875-633bc32aae4b@group-8E1CE4A1DBB8-FollowerState] INFO  server.RaftServerConfigKeys (ConfUtils.java:logGet(46)) - raft.server.leaderelection.pre-vote = true (default)
2023-02-28 20:10:25,631 [5934c68d-b896-470a-9875-633bc32aae4b@group-8E1CE4A1DBB8-FollowerState] INFO  impl.RoleInfo (RoleInfo.java:updateAndGet(139)) - 5934c68d-b896-470a-9875-633bc32aae4b: start 5934c68d-b896-470a-9875-633bc32aae4b@group-8E1CE4A1DBB8-LeaderElection18
2023-02-28 20:10:25,643 [5934c68d-b896-470a-9875-633bc32aae4b@group-8E1CE4A1DBB8-LeaderElection18] INFO  impl.LeaderElection (LeaderElection.java:askForVotes(312)) - 5934c68d-b896-470a-9875-633bc32aae4b@group-8E1CE4A1DBB8-LeaderElection18 PRE_VOTE round 0: submit vote requests at term 0 for -1: peers:[5934c68d-b896-470a-9875-633bc32aae4b|rpc:10.1.1.15:42749|dataStream:10.1.1.15:34149|priority:1|startupRole:FOLLOWER]|listeners:[], old=null
2023-02-28 20:10:25,644 [5934c68d-b896-470a-9875-633bc32aae4b@group-8E1CE4A1DBB8-LeaderElection18] INFO  impl.LeaderElection (LeaderElection.java:askForVotes(314)) - 5934c68d-b896-470a-9875-633bc32aae4b@group-8E1CE4A1DBB8-LeaderElection18 PRE_VOTE round 0: result PASSED (term=0)
2023-02-28 20:10:25,645 [5934c68d-b896-470a-9875-633bc32aae4b@group-8E1CE4A1DBB8-LeaderElection18] INFO  impl.LeaderElection (LeaderElection.java:askForVotes(312)) - 5934c68d-b896-470a-9875-633bc32aae4b@group-8E1CE4A1DBB8-LeaderElection18 ELECTION round 0: submit vote requests at term 1 for -1: peers:[5934c68d-b896-470a-9875-633bc32aae4b|rpc:10.1.1.15:42749|dataStream:10.1.1.15:34149|priority:1|startupRole:FOLLOWER]|listeners:[], old=null
2023-02-28 20:10:25,645 [5934c68d-b896-470a-9875-633bc32aae4b@group-8E1CE4A1DBB8-LeaderElection18] INFO  impl.LeaderElection (LeaderElection.java:askForVotes(314)) - 5934c68d-b896-470a-9875-633bc32aae4b@group-8E1CE4A1DBB8-LeaderElection18 ELECTION round 0: result PASSED (term=1)
2023-02-28 20:10:25,645 [5934c68d-b896-470a-9875-633bc32aae4b@group-8E1CE4A1DBB8-LeaderElection18] INFO  impl.RoleInfo (RoleInfo.java:shutdownLeaderElection(130)) - 5934c68d-b896-470a-9875-633bc32aae4b: shutdown 5934c68d-b896-470a-9875-633bc32aae4b@group-8E1CE4A1DBB8-LeaderElection18
2023-02-28 20:10:25,645 [5934c68d-b896-470a-9875-633bc32aae4b@group-8E1CE4A1DBB8-LeaderElection18] INFO  server.RaftServer$Division (RaftServerImpl.java:setRole(321)) - 5934c68d-b896-470a-9875-633bc32aae4b@group-8E1CE4A1DBB8: changes role from CANDIDATE to LEADER at term 1 for changeToLeader
2023-02-28 20:10:25,645 [5934c68d-b896-470a-9875-633bc32aae4b@group-8E1CE4A1DBB8-LeaderElection18] INFO  ratis.XceiverServerRatis (XceiverServerRatis.java:handleLeaderChangedNotification(905)) - Leader change notification received for group: group-8E1CE4A1DBB8 with new leaderId: 5934c68d-b896-470a-9875-633bc32aae4b
2023-02-28 20:10:25,645 [5934c68d-b896-470a-9875-633bc32aae4b@group-8E1CE4A1DBB8-LeaderElection18] INFO  server.RaftServer$Division (ServerState.java:setLeader(313)) - 5934c68d-b896-470a-9875-633bc32aae4b@group-8E1CE4A1DBB8: change Leader from null to 5934c68d-b896-470a-9875-633bc32aae4b at term 1 for becomeLeader, leader elected after 5136ms
2023-02-28 20:10:25,645 [5934c68d-b896-470a-9875-633bc32aae4b@group-8E1CE4A1DBB8-LeaderElection18] INFO  server.RaftServerConfigKeys (ConfUtils.java:logGet(46)) - raft.server.staging.catchup.gap = 1000 (default)
2023-02-28 20:10:25,646 [5934c68d-b896-470a-9875-633bc32aae4b@group-8E1CE4A1DBB8-LeaderElection18] INFO  server.RaftServerConfigKeys (ConfUtils.java:logGet(46)) - raft.server.write.element-limit = 1024 (custom)
2023-02-28 20:10:25,646 [5934c68d-b896-470a-9875-633bc32aae4b@group-8E1CE4A1DBB8-LeaderElection18] INFO  server.RaftServerConfigKeys (ConfUtils.java:logGet(46)) - raft.server.write.byte-limit = 1024 M (=1073741824) (custom)
2023-02-28 20:10:25,646 [5934c68d-b896-470a-9875-633bc32aae4b@group-8E1CE4A1DBB8-LeaderElection18] INFO  server.RaftServerConfigKeys (ConfUtils.java:logGet(46)) - raft.server.watch.timeout = 180s (custom)
2023-02-28 20:10:25,646 [5934c68d-b896-470a-9875-633bc32aae4b@group-8E1CE4A1DBB8-LeaderElection18] INFO  server.RaftServerConfigKeys (ConfUtils.java:logGet(46)) - raft.server.watch.timeout.denomination = 1s (default)
2023-02-28 20:10:25,646 [5934c68d-b896-470a-9875-633bc32aae4b@group-8E1CE4A1DBB8-LeaderElection18] INFO  server.RaftServerConfigKeys (ConfUtils.java:logGet(46)) - raft.server.watch.element-limit = 65536 (default)
2023-02-28 20:10:25,646 [5934c68d-b896-470a-9875-633bc32aae4b@group-8E1CE4A1DBB8-LeaderElection18] INFO  server.RaftServerConfigKeys (ConfUtils.java:logGet(46)) - raft.server.write.element-limit = 1024 (custom)
2023-02-28 20:10:25,646 [5934c68d-b896-470a-9875-633bc32aae4b@group-8E1CE4A1DBB8-LeaderElection18] INFO  server.RaftServerConfigKeys (ConfUtils.java:logGet(46)) - raft.server.write.follower.gap.ratio.max = -1.0 (default)
2023-02-28 20:10:25,646 [5934c68d-b896-470a-9875-633bc32aae4b@group-8E1CE4A1DBB8-LeaderElection18] INFO  impl.RoleInfo (RoleInfo.java:updateAndGet(139)) - 5934c68d-b896-470a-9875-633bc32aae4b: start 5934c68d-b896-470a-9875-633bc32aae4b@group-8E1CE4A1DBB8-LeaderStateImpl
2023-02-28 20:10:25,646 [5934c68d-b896-470a-9875-633bc32aae4b@group-8E1CE4A1DBB8-LeaderElection18] INFO  segmented.SegmentedRaftLogWorker (SegmentedRaftLogWorker.java:startLogSegment(452)) - 5934c68d-b896-470a-9875-633bc32aae4b@group-8E1CE4A1DBB8-SegmentedRaftLogWorker: Starting segment from index:0
2023-02-28 20:10:25,648 [EventQueue-OpenPipelineForHealthyPipelineSafeModeRule] INFO  safemode.SCMSafeModeManager (HealthyPipelineSafeModeRule.java:process(137)) - SCM in safe mode. Healthy pipelines reported count is 0, required healthy pipeline reported count is 1
2023-02-28 20:10:25,648 [5934c68d-b896-470a-9875-633bc32aae4b@group-8E1CE4A1DBB8-SegmentedRaftLogWorker] INFO  segmented.SegmentedRaftLogWorker (SegmentedRaftLogWorker.java:execute(656)) - 5934c68d-b896-470a-9875-633bc32aae4b@group-8E1CE4A1DBB8-SegmentedRaftLogWorker: created new log segment /home/runner/work/ozone/ozone/hadoop-ozone/integration-test/target/test-dir/MiniOzoneClusterImpl-9e11fa7e-4972-4825-87e7-ebdcd03a38ce/datanode-0/data/ratis/e2c08526-eea7-4499-be30-8e1ce4a1dbb8/current/log_inprogress_0
2023-02-28 20:10:25,650 [5934c68d-b896-470a-9875-633bc32aae4b@group-8E1CE4A1DBB8-LeaderElection18] INFO  server.RaftServer$Division (ServerState.java:setRaftConf(430)) - 5934c68d-b896-470a-9875-633bc32aae4b@group-8E1CE4A1DBB8: set configuration 0: peers:[5934c68d-b896-470a-9875-633bc32aae4b|rpc:10.1.1.15:42749|dataStream:10.1.1.15:34149|priority:1|startupRole:FOLLOWER]|listeners:[], old=null
2023-02-28 20:10:25,747 [eae64dd3-82ca-4abe-8982-cc6124070574@group-E64569B96E86-FollowerState] INFO  impl.FollowerState (FollowerState.java:run(143)) - eae64dd3-82ca-4abe-8982-cc6124070574@group-E64569B96E86-FollowerState: change to CANDIDATE, lastRpcElapsedTime:5129240354ns, electionTimeout:5113ms
2023-02-28 20:10:25,747 [eae64dd3-82ca-4abe-8982-cc6124070574@group-E64569B96E86-FollowerState] INFO  impl.RoleInfo (RoleInfo.java:shutdownFollowerState(110)) - eae64dd3-82ca-4abe-8982-cc6124070574: shutdown eae64dd3-82ca-4abe-8982-cc6124070574@group-E64569B96E86-FollowerState
2023-02-28 20:10:25,747 [eae64dd3-82ca-4abe-8982-cc6124070574@group-E64569B96E86-FollowerState] INFO  server.RaftServer$Division (RaftServerImpl.java:setRole(321)) - eae64dd3-82ca-4abe-8982-cc6124070574@group-E64569B96E86: changes role from  FOLLOWER to CANDIDATE at term 0 for changeToCandidate
2023-02-28 20:10:25,747 [eae64dd3-82ca-4abe-8982-cc6124070574@group-E64569B96E86-FollowerState] INFO  server.RaftServerConfigKeys (ConfUtils.java:logGet(46)) - raft.server.leaderelection.pre-vote = true (default)
2023-02-28 20:10:25,747 [eae64dd3-82ca-4abe-8982-cc6124070574@group-E64569B96E86-FollowerState] INFO  impl.RoleInfo (RoleInfo.java:updateAndGet(139)) - eae64dd3-82ca-4abe-8982-cc6124070574: start eae64dd3-82ca-4abe-8982-cc6124070574@group-E64569B96E86-LeaderElection19
2023-02-28 20:10:25,749 [eae64dd3-82ca-4abe-8982-cc6124070574@group-E64569B96E86-LeaderElection19] INFO  impl.LeaderElection (LeaderElection.java:askForVotes(312)) - eae64dd3-82ca-4abe-8982-cc6124070574@group-E64569B96E86-LeaderElection19 PRE_VOTE round 0: submit vote requests at term 0 for -1: peers:[5934c68d-b896-470a-9875-633bc32aae4b|rpc:10.1.1.15:42749|dataStream:10.1.1.15:34149|priority:0|startupRole:FOLLOWER, eae64dd3-82ca-4abe-8982-cc6124070574|rpc:10.1.1.15:37275|dataStream:10.1.1.15:37921|priority:1|startupRole:FOLLOWER, 3f3cc37b-1bfe-4d0c-a49a-ec76f450a0b5|rpc:10.1.1.15:44541|dataStream:10.1.1.15:43275|priority:0|startupRole:FOLLOWER]|listeners:[], old=null
2023-02-28 20:10:25,749 [eae64dd3-82ca-4abe-8982-cc6124070574@group-E64569B96E86-LeaderElection19-1] INFO  server.GrpcServerProtocolClient (GrpcServerProtocolClient.java:<init>(63)) - Build channel for 5934c68d-b896-470a-9875-633bc32aae4b
2023-02-28 20:10:25,749 [eae64dd3-82ca-4abe-8982-cc6124070574@group-E64569B96E86-LeaderElection19] INFO  server.RaftServerConfigKeys (ConfUtils.java:logFallback(53)) - raft.server.rpc.first-election.timeout.min = 5s (fallback to raft.server.rpc.timeout.min)
2023-02-28 20:10:25,751 [eae64dd3-82ca-4abe-8982-cc6124070574@group-E64569B96E86-LeaderElection19] INFO  server.RaftServerConfigKeys (ConfUtils.java:logFallback(53)) - raft.server.rpc.first-election.timeout.max = 5200ms (fallback to raft.server.rpc.timeout.max)
2023-02-28 20:10:25,751 [eae64dd3-82ca-4abe-8982-cc6124070574@group-E64569B96E86-LeaderElection19-2] INFO  server.GrpcServerProtocolClient (GrpcServerProtocolClient.java:<init>(63)) - Build channel for 3f3cc37b-1bfe-4d0c-a49a-ec76f450a0b5
2023-02-28 20:10:25,758 [grpc-default-executor-3] INFO  server.RaftServer$Division (RaftServerImpl.java:requestVote(1218)) - 3f3cc37b-1bfe-4d0c-a49a-ec76f450a0b5@group-E64569B96E86: receive requestVote(PRE_VOTE, eae64dd3-82ca-4abe-8982-cc6124070574, group-E64569B96E86, 0, (t:0, i:0))
2023-02-28 20:10:25,758 [grpc-default-executor-3] INFO  impl.VoteContext (VoteContext.java:log(49)) - 3f3cc37b-1bfe-4d0c-a49a-ec76f450a0b5@group-E64569B96E86-FOLLOWER: accept PRE_VOTE from eae64dd3-82ca-4abe-8982-cc6124070574: our priority 0 <= candidate's priority 1
2023-02-28 20:10:25,759 [grpc-default-executor-3] INFO  server.RaftServer$Division (RaftServerImpl.java:requestVote(1251)) - 3f3cc37b-1bfe-4d0c-a49a-ec76f450a0b5@group-E64569B96E86 replies to PRE_VOTE vote request: eae64dd3-82ca-4abe-8982-cc6124070574<-3f3cc37b-1bfe-4d0c-a49a-ec76f450a0b5#0:OK-t0. Peer's state: 3f3cc37b-1bfe-4d0c-a49a-ec76f450a0b5@group-E64569B96E86:t0, leader=null, voted=, raftlog=Memoized:3f3cc37b-1bfe-4d0c-a49a-ec76f450a0b5@group-E64569B96E86-SegmentedRaftLog:OPENED:c-1, conf=-1: peers:[5934c68d-b896-470a-9875-633bc32aae4b|rpc:10.1.1.15:42749|dataStream:10.1.1.15:34149|priority:0|startupRole:FOLLOWER, eae64dd3-82ca-4abe-8982-cc6124070574|rpc:10.1.1.15:37275|dataStream:10.1.1.15:37921|priority:1|startupRole:FOLLOWER, 3f3cc37b-1bfe-4d0c-a49a-ec76f450a0b5|rpc:10.1.1.15:44541|dataStream:10.1.1.15:43275|priority:0|startupRole:FOLLOWER]|listeners:[], old=null
2023-02-28 20:10:25,762 [eae64dd3-82ca-4abe-8982-cc6124070574@group-E64569B96E86-LeaderElection19] INFO  impl.LeaderElection (LeaderElection.java:logAndReturn(90)) - eae64dd3-82ca-4abe-8982-cc6124070574@group-E64569B96E86-LeaderElection19: PRE_VOTE PASSED received 1 response(s) and 0 exception(s):
2023-02-28 20:10:25,762 [eae64dd3-82ca-4abe-8982-cc6124070574@group-E64569B96E86-LeaderElection19] INFO  impl.LeaderElection (LeaderElection.java:logAndReturn(94)) -   Response 0: eae64dd3-82ca-4abe-8982-cc6124070574<-3f3cc37b-1bfe-4d0c-a49a-ec76f450a0b5#0:OK-t0
2023-02-28 20:10:25,762 [eae64dd3-82ca-4abe-8982-cc6124070574@group-E64569B96E86-LeaderElection19] INFO  impl.LeaderElection (LeaderElection.java:askForVotes(314)) - eae64dd3-82ca-4abe-8982-cc6124070574@group-E64569B96E86-LeaderElection19 PRE_VOTE round 0: result PASSED
2023-02-28 20:10:25,763 [eae64dd3-82ca-4abe-8982-cc6124070574@group-E64569B96E86-LeaderElection19] INFO  impl.LeaderElection (LeaderElection.java:askForVotes(312)) - eae64dd3-82ca-4abe-8982-cc6124070574@group-E64569B96E86-LeaderElection19 ELECTION round 0: submit vote requests at term 1 for -1: peers:[5934c68d-b896-470a-9875-633bc32aae4b|rpc:10.1.1.15:42749|dataStream:10.1.1.15:34149|priority:0|startupRole:FOLLOWER, eae64dd3-82ca-4abe-8982-cc6124070574|rpc:10.1.1.15:37275|dataStream:10.1.1.15:37921|priority:1|startupRole:FOLLOWER, 3f3cc37b-1bfe-4d0c-a49a-ec76f450a0b5|rpc:10.1.1.15:44541|dataStream:10.1.1.15:43275|priority:0|startupRole:FOLLOWER]|listeners:[], old=null
2023-02-28 20:10:25,764 [eae64dd3-82ca-4abe-8982-cc6124070574@group-E64569B96E86-LeaderElection19] INFO  server.RaftServerConfigKeys (ConfUtils.java:logFallback(53)) - raft.server.rpc.first-election.timeout.min = 5s (fallback to raft.server.rpc.timeout.min)
2023-02-28 20:10:25,764 [eae64dd3-82ca-4abe-8982-cc6124070574@group-E64569B96E86-LeaderElection19] INFO  server.RaftServerConfigKeys (ConfUtils.java:logFallback(53)) - raft.server.rpc.first-election.timeout.max = 5200ms (fallback to raft.server.rpc.timeout.max)
2023-02-28 20:10:25,766 [grpc-default-executor-3] INFO  server.RaftServer$Division (RaftServerImpl.java:requestVote(1218)) - 5934c68d-b896-470a-9875-633bc32aae4b@group-E64569B96E86: receive requestVote(ELECTION, eae64dd3-82ca-4abe-8982-cc6124070574, group-E64569B96E86, 1, (t:0, i:0))
2023-02-28 20:10:25,766 [grpc-default-executor-3] INFO  impl.VoteContext (VoteContext.java:log(49)) - 5934c68d-b896-470a-9875-633bc32aae4b@group-E64569B96E86-FOLLOWER: accept ELECTION from eae64dd3-82ca-4abe-8982-cc6124070574: our priority 0 <= candidate's priority 1
2023-02-28 20:10:25,766 [grpc-default-executor-3] INFO  server.RaftServer$Division (RaftServerImpl.java:setRole(321)) - 5934c68d-b896-470a-9875-633bc32aae4b@group-E64569B96E86: changes role from  FOLLOWER to FOLLOWER at term 1 for candidate:eae64dd3-82ca-4abe-8982-cc6124070574
2023-02-28 20:10:25,767 [grpc-default-executor-3] INFO  impl.RoleInfo (RoleInfo.java:shutdownFollowerState(110)) - 5934c68d-b896-470a-9875-633bc32aae4b: shutdown 5934c68d-b896-470a-9875-633bc32aae4b@group-E64569B96E86-FollowerState
2023-02-28 20:10:25,767 [grpc-default-executor-3] INFO  impl.RoleInfo (RoleInfo.java:updateAndGet(139)) - 5934c68d-b896-470a-9875-633bc32aae4b: start 5934c68d-b896-470a-9875-633bc32aae4b@group-E64569B96E86-FollowerState
2023-02-28 20:10:25,767 [5934c68d-b896-470a-9875-633bc32aae4b@group-E64569B96E86-FollowerState] INFO  impl.FollowerState (FollowerState.java:run(152)) - 5934c68d-b896-470a-9875-633bc32aae4b@group-E64569B96E86-FollowerState was interrupted
2023-02-28 20:10:25,767 [5934c68d-b896-470a-9875-633bc32aae4b@group-E64569B96E86-FollowerState] INFO  server.RaftServerConfigKeys (ConfUtils.java:logFallback(53)) - raft.server.rpc.first-election.timeout.min = 5s (fallback to raft.server.rpc.timeout.min)
2023-02-28 20:10:25,767 [5934c68d-b896-470a-9875-633bc32aae4b@group-E64569B96E86-FollowerState] INFO  server.RaftServerConfigKeys (ConfUtils.java:logFallback(53)) - raft.server.rpc.first-election.timeout.max = 5200ms (fallback to raft.server.rpc.timeout.max)
2023-02-28 20:10:25,768 [grpc-default-executor-3] INFO  server.RaftServer$Division (RaftServerImpl.java:requestVote(1251)) - 5934c68d-b896-470a-9875-633bc32aae4b@group-E64569B96E86 replies to ELECTION vote request: eae64dd3-82ca-4abe-8982-cc6124070574<-5934c68d-b896-470a-9875-633bc32aae4b#0:OK-t1. Peer's state: 5934c68d-b896-470a-9875-633bc32aae4b@group-E64569B96E86:t1, leader=null, voted=eae64dd3-82ca-4abe-8982-cc6124070574, raftlog=Memoized:5934c68d-b896-470a-9875-633bc32aae4b@group-E64569B96E86-SegmentedRaftLog:OPENED:c-1, conf=-1: peers:[5934c68d-b896-470a-9875-633bc32aae4b|rpc:10.1.1.15:42749|dataStream:10.1.1.15:34149|priority:0|startupRole:FOLLOWER, eae64dd3-82ca-4abe-8982-cc6124070574|rpc:10.1.1.15:37275|dataStream:10.1.1.15:37921|priority:1|startupRole:FOLLOWER, 3f3cc37b-1bfe-4d0c-a49a-ec76f450a0b5|rpc:10.1.1.15:44541|dataStream:10.1.1.15:43275|priority:0|startupRole:FOLLOWER]|listeners:[], old=null
2023-02-28 20:10:25,770 [eae64dd3-82ca-4abe-8982-cc6124070574@group-E64569B96E86-LeaderElection19] INFO  impl.LeaderElection (LeaderElection.java:logAndReturn(90)) - eae64dd3-82ca-4abe-8982-cc6124070574@group-E64569B96E86-LeaderElection19: ELECTION PASSED received 1 response(s) and 0 exception(s):
2023-02-28 20:10:25,770 [eae64dd3-82ca-4abe-8982-cc6124070574@group-E64569B96E86-LeaderElection19] INFO  impl.LeaderElection (LeaderElection.java:logAndReturn(94)) -   Response 0: eae64dd3-82ca-4abe-8982-cc6124070574<-5934c68d-b896-470a-9875-633bc32aae4b#0:OK-t1
2023-02-28 20:10:25,770 [eae64dd3-82ca-4abe-8982-cc6124070574@group-E64569B96E86-LeaderElection19] INFO  impl.LeaderElection (LeaderElection.java:askForVotes(314)) - eae64dd3-82ca-4abe-8982-cc6124070574@group-E64569B96E86-LeaderElection19 ELECTION round 0: result PASSED
2023-02-28 20:10:25,770 [eae64dd3-82ca-4abe-8982-cc6124070574@group-E64569B96E86-LeaderElection19] INFO  impl.RoleInfo (RoleInfo.java:shutdownLeaderElection(130)) - eae64dd3-82ca-4abe-8982-cc6124070574: shutdown eae64dd3-82ca-4abe-8982-cc6124070574@group-E64569B96E86-LeaderElection19
2023-02-28 20:10:25,771 [eae64dd3-82ca-4abe-8982-cc6124070574@group-E64569B96E86-LeaderElection19] INFO  server.RaftServer$Division (RaftServerImpl.java:setRole(321)) - eae64dd3-82ca-4abe-8982-cc6124070574@group-E64569B96E86: changes role from CANDIDATE to LEADER at term 1 for changeToLeader
2023-02-28 20:10:25,771 [eae64dd3-82ca-4abe-8982-cc6124070574@group-E64569B96E86-LeaderElection19] INFO  ratis.XceiverServerRatis (XceiverServerRatis.java:handleLeaderChangedNotification(905)) - Leader change notification received for group: group-E64569B96E86 with new leaderId: eae64dd3-82ca-4abe-8982-cc6124070574
2023-02-28 20:10:25,771 [eae64dd3-82ca-4abe-8982-cc6124070574@group-E64569B96E86-LeaderElection19] INFO  server.RaftServer$Division (ServerState.java:setLeader(313)) - eae64dd3-82ca-4abe-8982-cc6124070574@group-E64569B96E86: change Leader from null to eae64dd3-82ca-4abe-8982-cc6124070574 at term 1 for becomeLeader, leader elected after 5209ms
2023-02-28 20:10:25,771 [eae64dd3-82ca-4abe-8982-cc6124070574@group-E64569B96E86-LeaderElection19] INFO  server.RaftServerConfigKeys (ConfUtils.java:logGet(46)) - raft.server.staging.catchup.gap = 1000 (default)
2023-02-28 20:10:25,771 [eae64dd3-82ca-4abe-8982-cc6124070574@group-E64569B96E86-LeaderElection19] INFO  server.RaftServerConfigKeys (ConfUtils.java:logGet(46)) - raft.server.write.element-limit = 1024 (custom)
2023-02-28 20:10:25,771 [eae64dd3-82ca-4abe-8982-cc6124070574@group-E64569B96E86-LeaderElection19] INFO  server.RaftServerConfigKeys (ConfUtils.java:logGet(46)) - raft.server.write.byte-limit = 1024 M (=1073741824) (custom)
2023-02-28 20:10:25,771 [eae64dd3-82ca-4abe-8982-cc6124070574@group-E64569B96E86-LeaderElection19] INFO  server.RaftServerConfigKeys (ConfUtils.java:logGet(46)) - raft.server.watch.timeout = 180s (custom)
2023-02-28 20:10:25,771 [eae64dd3-82ca-4abe-8982-cc6124070574@group-E64569B96E86-LeaderElection19] INFO  server.RaftServerConfigKeys (ConfUtils.java:logGet(46)) - raft.server.watch.timeout.denomination = 1s (default)
2023-02-28 20:10:25,771 [eae64dd3-82ca-4abe-8982-cc6124070574@group-E64569B96E86-LeaderElection19] INFO  server.RaftServerConfigKeys (ConfUtils.java:logGet(46)) - raft.server.watch.element-limit = 65536 (default)
2023-02-28 20:10:25,772 [eae64dd3-82ca-4abe-8982-cc6124070574@group-E64569B96E86-LeaderElection19] INFO  server.RaftServerConfigKeys (ConfUtils.java:logGet(46)) - raft.server.write.element-limit = 1024 (custom)
2023-02-28 20:10:25,772 [eae64dd3-82ca-4abe-8982-cc6124070574@group-E64569B96E86-LeaderElection19] INFO  server.RaftServerConfigKeys (ConfUtils.java:logGet(46)) - raft.server.write.follower.gap.ratio.max = -1.0 (default)
2023-02-28 20:10:25,773 [eae64dd3-82ca-4abe-8982-cc6124070574@group-E64569B96E86-LeaderElection19] INFO  server.RaftServerConfigKeys (ConfUtils.java:logGet(46)) - raft.server.log.appender.snapshot.chunk.size.max = 16MB (=16777216) (default)
2023-02-28 20:10:25,773 [eae64dd3-82ca-4abe-8982-cc6124070574@group-E64569B96E86-LeaderElection19] INFO  server.RaftServerConfigKeys (ConfUtils.java:logGet(46)) - raft.server.log.appender.buffer.byte-limit = 33554432 (custom)
2023-02-28 20:10:25,773 [eae64dd3-82ca-4abe-8982-cc6124070574@group-E64569B96E86-LeaderElection19] INFO  server.RaftServerConfigKeys (ConfUtils.java:logGet(46)) - raft.server.log.appender.buffer.element-limit = 1 (custom)
2023-02-28 20:10:25,773 [eae64dd3-82ca-4abe-8982-cc6124070574@group-E64569B96E86-LeaderElection19] INFO  grpc.GrpcConfigKeys (ConfUtils.java:logGet(46)) - raft.grpc.server.leader.outstanding.appends.max = 128 (default)
2023-02-28 20:10:25,773 [eae64dd3-82ca-4abe-8982-cc6124070574@group-E64569B96E86-LeaderElection19] INFO  server.RaftServerConfigKeys (ConfUtils.java:logGet(46)) - raft.server.rpc.request.timeout = 60s (custom)
2023-02-28 20:10:25,773 [eae64dd3-82ca-4abe-8982-cc6124070574@group-E64569B96E86-LeaderElection19] INFO  server.RaftServerConfigKeys (ConfUtils.java:logGet(46)) - raft.server.log.appender.install.snapshot.enabled = false (custom)
2023-02-28 20:10:25,773 [eae64dd3-82ca-4abe-8982-cc6124070574@group-E64569B96E86-LeaderElection19] INFO  grpc.GrpcConfigKeys (ConfUtils.java:logGet(46)) - raft.grpc.server.heartbeat.channel = true (default)
2023-02-28 20:10:25,773 [eae64dd3-82ca-4abe-8982-cc6124070574@group-E64569B96E86-LeaderElection19] INFO  server.RaftServerConfigKeys (ConfUtils.java:logGet(46)) - raft.server.log.appender.wait-time.min = 10ms (default)
2023-02-28 20:10:25,773 [eae64dd3-82ca-4abe-8982-cc6124070574@group-E64569B96E86-LeaderElection19] INFO  server.RaftServerConfigKeys (ConfUtils.java:logGet(46)) - raft.server.log.appender.snapshot.chunk.size.max = 16MB (=16777216) (default)
2023-02-28 20:10:25,773 [eae64dd3-82ca-4abe-8982-cc6124070574@group-E64569B96E86-LeaderElection19] INFO  server.RaftServerConfigKeys (ConfUtils.java:logGet(46)) - raft.server.log.appender.buffer.byte-limit = 33554432 (custom)
2023-02-28 20:10:25,773 [eae64dd3-82ca-4abe-8982-cc6124070574@group-E64569B96E86-LeaderElection19] INFO  server.RaftServerConfigKeys (ConfUtils.java:logGet(46)) - raft.server.log.appender.buffer.element-limit = 1 (custom)
2023-02-28 20:10:25,774 [eae64dd3-82ca-4abe-8982-cc6124070574@group-E64569B96E86-LeaderElection19] INFO  grpc.GrpcConfigKeys (ConfUtils.java:logGet(46)) - raft.grpc.server.leader.outstanding.appends.max = 128 (default)
2023-02-28 20:10:25,774 [eae64dd3-82ca-4abe-8982-cc6124070574@group-E64569B96E86-LeaderElection19] INFO  server.RaftServerConfigKeys (ConfUtils.java:logGet(46)) - raft.server.rpc.request.timeout = 60s (custom)
2023-02-28 20:10:25,774 [eae64dd3-82ca-4abe-8982-cc6124070574@group-E64569B96E86-LeaderElection19] INFO  server.RaftServerConfigKeys (ConfUtils.java:logGet(46)) - raft.server.log.appender.install.snapshot.enabled = false (custom)
2023-02-28 20:10:25,774 [eae64dd3-82ca-4abe-8982-cc6124070574@group-E64569B96E86-LeaderElection19] INFO  grpc.GrpcConfigKeys (ConfUtils.java:logGet(46)) - raft.grpc.server.heartbeat.channel = true (default)
2023-02-28 20:10:25,774 [eae64dd3-82ca-4abe-8982-cc6124070574@group-E64569B96E86-LeaderElection19] INFO  server.RaftServerConfigKeys (ConfUtils.java:logGet(46)) - raft.server.log.appender.wait-time.min = 10ms (default)
2023-02-28 20:10:25,774 [eae64dd3-82ca-4abe-8982-cc6124070574@group-E64569B96E86-LeaderElection19] INFO  impl.RoleInfo (RoleInfo.java:updateAndGet(139)) - eae64dd3-82ca-4abe-8982-cc6124070574: start eae64dd3-82ca-4abe-8982-cc6124070574@group-E64569B96E86-LeaderStateImpl
2023-02-28 20:10:25,774 [eae64dd3-82ca-4abe-8982-cc6124070574@group-E64569B96E86-LeaderElection19] INFO  segmented.SegmentedRaftLogWorker (SegmentedRaftLogWorker.java:startLogSegment(452)) - eae64dd3-82ca-4abe-8982-cc6124070574@group-E64569B96E86-SegmentedRaftLogWorker: Starting segment from index:0
2023-02-28 20:10:25,774 [grpc-default-executor-2] INFO  server.RaftServer$Division (RaftServerImpl.java:requestVote(1218)) - 5934c68d-b896-470a-9875-633bc32aae4b@group-E64569B96E86: receive requestVote(PRE_VOTE, eae64dd3-82ca-4abe-8982-cc6124070574, group-E64569B96E86, 0, (t:0, i:0))
2023-02-28 20:10:25,779 [grpc-default-executor-2] INFO  impl.VoteContext (VoteContext.java:log(49)) - 5934c68d-b896-470a-9875-633bc32aae4b@group-E64569B96E86-FOLLOWER: accept PRE_VOTE from eae64dd3-82ca-4abe-8982-cc6124070574: our priority 0 <= candidate's priority 1
2023-02-28 20:10:25,779 [grpc-default-executor-2] INFO  server.RaftServer$Division (RaftServerImpl.java:requestVote(1251)) - 5934c68d-b896-470a-9875-633bc32aae4b@group-E64569B96E86 replies to PRE_VOTE vote request: eae64dd3-82ca-4abe-8982-cc6124070574<-5934c68d-b896-470a-9875-633bc32aae4b#0:OK-t1. Peer's state: 5934c68d-b896-470a-9875-633bc32aae4b@group-E64569B96E86:t1, leader=null, voted=eae64dd3-82ca-4abe-8982-cc6124070574, raftlog=Memoized:5934c68d-b896-470a-9875-633bc32aae4b@group-E64569B96E86-SegmentedRaftLog:OPENED:c-1, conf=-1: peers:[5934c68d-b896-470a-9875-633bc32aae4b|rpc:10.1.1.15:42749|dataStream:10.1.1.15:34149|priority:0|startupRole:FOLLOWER, eae64dd3-82ca-4abe-8982-cc6124070574|rpc:10.1.1.15:37275|dataStream:10.1.1.15:37921|priority:1|startupRole:FOLLOWER, 3f3cc37b-1bfe-4d0c-a49a-ec76f450a0b5|rpc:10.1.1.15:44541|dataStream:10.1.1.15:43275|priority:0|startupRole:FOLLOWER]|listeners:[], old=null
2023-02-28 20:10:25,775 [eae64dd3-82ca-4abe-8982-cc6124070574@group-E64569B96E86-SegmentedRaftLogWorker] INFO  segmented.SegmentedRaftLogWorker (SegmentedRaftLogWorker.java:execute(656)) - eae64dd3-82ca-4abe-8982-cc6124070574@group-E64569B96E86-SegmentedRaftLogWorker: created new log segment /home/runner/work/ozone/ozone/hadoop-ozone/integration-test/target/test-dir/MiniOzoneClusterImpl-9e11fa7e-4972-4825-87e7-ebdcd03a38ce/datanode-2/data/ratis/0030b2ce-d580-460f-9c3b-e64569b96e86/current/log_inprogress_0
2023-02-28 20:10:25,774 [grpc-default-executor-3] INFO  server.RaftServer$Division (RaftServerImpl.java:requestVote(1218)) - 3f3cc37b-1bfe-4d0c-a49a-ec76f450a0b5@group-E64569B96E86: receive requestVote(ELECTION, eae64dd3-82ca-4abe-8982-cc6124070574, group-E64569B96E86, 1, (t:0, i:0))
2023-02-28 20:10:25,791 [grpc-default-executor-3] INFO  impl.VoteContext (VoteContext.java:log(49)) - 3f3cc37b-1bfe-4d0c-a49a-ec76f450a0b5@group-E64569B96E86-FOLLOWER: accept ELECTION from eae64dd3-82ca-4abe-8982-cc6124070574: our priority 0 <= candidate's priority 1
2023-02-28 20:10:25,791 [grpc-default-executor-3] INFO  server.RaftServer$Division (RaftServerImpl.java:setRole(321)) - 3f3cc37b-1bfe-4d0c-a49a-ec76f450a0b5@group-E64569B96E86: changes role from  FOLLOWER to FOLLOWER at term 1 for candidate:eae64dd3-82ca-4abe-8982-cc6124070574
2023-02-28 20:10:25,791 [grpc-default-executor-3] INFO  impl.RoleInfo (RoleInfo.java:shutdownFollowerState(110)) - 3f3cc37b-1bfe-4d0c-a49a-ec76f450a0b5: shutdown 3f3cc37b-1bfe-4d0c-a49a-ec76f450a0b5@group-E64569B96E86-FollowerState
2023-02-28 20:10:25,791 [grpc-default-executor-3] INFO  impl.RoleInfo (RoleInfo.java:updateAndGet(139)) - 3f3cc37b-1bfe-4d0c-a49a-ec76f450a0b5: start 3f3cc37b-1bfe-4d0c-a49a-ec76f450a0b5@group-E64569B96E86-FollowerState
2023-02-28 20:10:25,780 [EventQueue-PipelineReportForPipelineReportHandler] INFO  pipeline.PipelineManagerImpl (PipelineManagerImpl.java:openPipeline(367)) - Pipeline Pipeline[ Id: 0030b2ce-d580-460f-9c3b-e64569b96e86, Nodes: eae64dd3-82ca-4abe-8982-cc6124070574(fv-az399-334/10.1.1.15)5934c68d-b896-470a-9875-633bc32aae4b(fv-az399-334/10.1.1.15)3f3cc37b-1bfe-4d0c-a49a-ec76f450a0b5(fv-az399-334/10.1.1.15), ReplicationConfig: RATIS/THREE, State:ALLOCATED, leaderId:eae64dd3-82ca-4abe-8982-cc6124070574, CreationTimestamp2023-02-28T20:10:18.175Z[Etc/UTC]] moved to OPEN state
2023-02-28 20:10:25,791 [EventQueue-OpenPipelineForHealthyPipelineSafeModeRule] INFO  safemode.SCMSafeModeManager (HealthyPipelineSafeModeRule.java:process(137)) - SCM in safe mode. Healthy pipelines reported count is 1, required healthy pipeline reported count is 1
2023-02-28 20:10:25,791 [EventQueue-OpenPipelineForHealthyPipelineSafeModeRule] INFO  safemode.SCMSafeModeManager (SCMSafeModeManager.java:validateSafeModeExitRules(200)) - HealthyPipelineSafeModeRule rule is successfully validated
2023-02-28 20:10:25,791 [EventQueue-OpenPipelineForHealthyPipelineSafeModeRule] INFO  safemode.SCMSafeModeManager (SCMSafeModeManager.java:validateSafeModeExitRules(215)) - ScmSafeModeManager, all rules are successfully validated
2023-02-28 20:10:25,791 [EventQueue-OpenPipelineForHealthyPipelineSafeModeRule] INFO  safemode.SCMSafeModeManager (SCMSafeModeManager.java:exitSafeMode(244)) - SCM exiting safe mode.
2023-02-28 20:10:25,791 [EventQueue-OpenPipelineForHealthyPipelineSafeModeRule] INFO  ha.SCMContext (SCMContext.java:updateSafeModeStatus(228)) - Update SafeModeStatus from SafeModeStatus{safeModeStatus=true, preCheckPassed=true} to SafeModeStatus{safeModeStatus=false, preCheckPassed=true}.
2023-02-28 20:10:25,791 [EventQueue-OpenPipelineForHealthyPipelineSafeModeRule] INFO  pipeline.BackgroundPipelineCreator (BackgroundPipelineCreator.java:notifyStatusChanged(254)) - Service BackgroundPipelineCreator transitions to RUNNING.
2023-02-28 20:10:25,791 [EventQueue-OpenPipelineForHealthyPipelineSafeModeRule] INFO  BackgroundPipelineScrubber (BackgroundSCMService.java:notifyStatusChanged(82)) - Service BackgroundPipelineScrubber transitions to RUNNING.
2023-02-28 20:10:25,791 [EventQueue-OpenPipelineForHealthyPipelineSafeModeRule] INFO  ExpiredContainerReplicaOpScrubber (BackgroundSCMService.java:notifyStatusChanged(82)) - Service ExpiredContainerReplicaOpScrubber transitions to RUNNING.
2023-02-28 20:10:25,791 [EventQueue-OpenPipelineForHealthyPipelineSafeModeRule] INFO  replication.ReplicationManager (ReplicationManager.java:notifyStatusChanged(1084)) - Service ReplicationManager transitions to RUNNING.
2023-02-28 20:10:25,792 [EventQueue-OpenPipelineForHealthyPipelineSafeModeRule] WARN  balancer.ContainerBalancer (ContainerBalancer.java:shouldRun(131)) - Could not find persisted configuration for ContainerBalancer when checking if ContainerBalancer should run. ContainerBalancer should not run now.
2023-02-28 20:10:25,792 [3f3cc37b-1bfe-4d0c-a49a-ec76f450a0b5@group-E64569B96E86-FollowerState] INFO  impl.FollowerState (FollowerState.java:run(152)) - 3f3cc37b-1bfe-4d0c-a49a-ec76f450a0b5@group-E64569B96E86-FollowerState was interrupted
2023-02-28 20:10:25,799 [5934c68d-b896-470a-9875-633bc32aae4b-server-thread1] INFO  ratis.XceiverServerRatis (XceiverServerRatis.java:handleLeaderChangedNotification(905)) - Leader change notification received for group: group-E64569B96E86 with new leaderId: eae64dd3-82ca-4abe-8982-cc6124070574
2023-02-28 20:10:25,799 [3f3cc37b-1bfe-4d0c-a49a-ec76f450a0b5@group-E64569B96E86-FollowerState] INFO  server.RaftServerConfigKeys (ConfUtils.java:logFallback(53)) - raft.server.rpc.first-election.timeout.min = 5s (fallback to raft.server.rpc.timeout.min)
2023-02-28 20:10:25,807 [3f3cc37b-1bfe-4d0c-a49a-ec76f450a0b5@group-E64569B96E86-FollowerState] INFO  server.RaftServerConfigKeys (ConfUtils.java:logFallback(53)) - raft.server.rpc.first-election.timeout.max = 5200ms (fallback to raft.server.rpc.timeout.max)
2023-02-28 20:10:25,792 [eae64dd3-82ca-4abe-8982-cc6124070574@group-E64569B96E86-LeaderElection19] INFO  server.RaftServer$Division (ServerState.java:setRaftConf(430)) - eae64dd3-82ca-4abe-8982-cc6124070574@group-E64569B96E86: set configuration 0: peers:[5934c68d-b896-470a-9875-633bc32aae4b|rpc:10.1.1.15:42749|dataStream:10.1.1.15:34149|priority:0|startupRole:FOLLOWER, eae64dd3-82ca-4abe-8982-cc6124070574|rpc:10.1.1.15:37275|dataStream:10.1.1.15:37921|priority:1|startupRole:FOLLOWER, 3f3cc37b-1bfe-4d0c-a49a-ec76f450a0b5|rpc:10.1.1.15:44541|dataStream:10.1.1.15:43275|priority:0|startupRole:FOLLOWER]|listeners:[], old=null
2023-02-28 20:10:25,807 [5934c68d-b896-470a-9875-633bc32aae4b-server-thread1] INFO  server.RaftServer$Division (ServerState.java:setLeader(313)) - 5934c68d-b896-470a-9875-633bc32aae4b@group-E64569B96E86: change Leader from null to eae64dd3-82ca-4abe-8982-cc6124070574 at term 1 for appendEntries, leader elected after 5267ms
2023-02-28 20:10:25,807 [grpc-default-executor-3] INFO  server.RaftServer$Division (RaftServerImpl.java:requestVote(1251)) - 3f3cc37b-1bfe-4d0c-a49a-ec76f450a0b5@group-E64569B96E86 replies to ELECTION vote request: eae64dd3-82ca-4abe-8982-cc6124070574<-3f3cc37b-1bfe-4d0c-a49a-ec76f450a0b5#0:OK-t1. Peer's state: 3f3cc37b-1bfe-4d0c-a49a-ec76f450a0b5@group-E64569B96E86:t1, leader=null, voted=eae64dd3-82ca-4abe-8982-cc6124070574, raftlog=Memoized:3f3cc37b-1bfe-4d0c-a49a-ec76f450a0b5@group-E64569B96E86-SegmentedRaftLog:OPENED:c-1, conf=-1: peers:[5934c68d-b896-470a-9875-633bc32aae4b|rpc:10.1.1.15:42749|dataStream:10.1.1.15:34149|priority:0|startupRole:FOLLOWER, eae64dd3-82ca-4abe-8982-cc6124070574|rpc:10.1.1.15:37275|dataStream:10.1.1.15:37921|priority:1|startupRole:FOLLOWER, 3f3cc37b-1bfe-4d0c-a49a-ec76f450a0b5|rpc:10.1.1.15:44541|dataStream:10.1.1.15:43275|priority:0|startupRole:FOLLOWER]|listeners:[], old=null
2023-02-28 20:10:25,815 [5934c68d-b896-470a-9875-633bc32aae4b@group-62BEE00C4BAA-FollowerState] INFO  impl.FollowerState (FollowerState.java:run(143)) - 5934c68d-b896-470a-9875-633bc32aae4b@group-62BEE00C4BAA-FollowerState: change to CANDIDATE, lastRpcElapsedTime:5064156605ns, electionTimeout:5051ms
2023-02-28 20:10:25,815 [3f3cc37b-1bfe-4d0c-a49a-ec76f450a0b5-server-thread1] INFO  ratis.XceiverServerRatis (XceiverServerRatis.java:handleLeaderChangedNotification(905)) - Leader change notification received for group: group-E64569B96E86 with new leaderId: eae64dd3-82ca-4abe-8982-cc6124070574
2023-02-28 20:10:25,819 [5934c68d-b896-470a-9875-633bc32aae4b-server-thread2] INFO  server.RaftServer$Division (ServerState.java:setRaftConf(430)) - 5934c68d-b896-470a-9875-633bc32aae4b@group-E64569B96E86: set configuration 0: peers:[5934c68d-b896-470a-9875-633bc32aae4b|rpc:10.1.1.15:42749|dataStream:10.1.1.15:34149|priority:0|startupRole:FOLLOWER, eae64dd3-82ca-4abe-8982-cc6124070574|rpc:10.1.1.15:37275|dataStream:10.1.1.15:37921|priority:1|startupRole:FOLLOWER, 3f3cc37b-1bfe-4d0c-a49a-ec76f450a0b5|rpc:10.1.1.15:44541|dataStream:10.1.1.15:43275|priority:0|startupRole:FOLLOWER]|listeners:[], old=null
2023-02-28 20:10:25,815 [5934c68d-b896-470a-9875-633bc32aae4b@group-62BEE00C4BAA-FollowerState] INFO  impl.RoleInfo (RoleInfo.java:shutdownFollowerState(110)) - 5934c68d-b896-470a-9875-633bc32aae4b: shutdown 5934c68d-b896-470a-9875-633bc32aae4b@group-62BEE00C4BAA-FollowerState
2023-02-28 20:10:25,820 [3f3cc37b-1bfe-4d0c-a49a-ec76f450a0b5-server-thread1] INFO  server.RaftServer$Division (ServerState.java:setLeader(313)) - 3f3cc37b-1bfe-4d0c-a49a-ec76f450a0b5@group-E64569B96E86: change Leader from null to eae64dd3-82ca-4abe-8982-cc6124070574 at term 1 for appendEntries, leader elected after 5130ms
2023-02-28 20:10:25,820 [5934c68d-b896-470a-9875-633bc32aae4b-server-thread2] INFO  segmented.SegmentedRaftLogWorker (SegmentedRaftLogWorker.java:startLogSegment(452)) - 5934c68d-b896-470a-9875-633bc32aae4b@group-E64569B96E86-SegmentedRaftLogWorker: Starting segment from index:0
2023-02-28 20:10:25,820 [5934c68d-b896-470a-9875-633bc32aae4b@group-62BEE00C4BAA-FollowerState] INFO  server.RaftServer$Division (RaftServerImpl.java:setRole(321)) - 5934c68d-b896-470a-9875-633bc32aae4b@group-62BEE00C4BAA: changes role from  FOLLOWER to CANDIDATE at term 0 for changeToCandidate
2023-02-28 20:10:25,823 [5934c68d-b896-470a-9875-633bc32aae4b@group-62BEE00C4BAA-FollowerState] INFO  server.RaftServerConfigKeys (ConfUtils.java:logGet(46)) - raft.server.leaderelection.pre-vote = true (default)
2023-02-28 20:10:25,823 [5934c68d-b896-470a-9875-633bc32aae4b@group-62BEE00C4BAA-FollowerState] INFO  impl.RoleInfo (RoleInfo.java:updateAndGet(139)) - 5934c68d-b896-470a-9875-633bc32aae4b: start 5934c68d-b896-470a-9875-633bc32aae4b@group-62BEE00C4BAA-LeaderElection20
2023-02-28 20:10:25,826 [5934c68d-b896-470a-9875-633bc32aae4b@group-E64569B96E86-SegmentedRaftLogWorker] INFO  segmented.SegmentedRaftLogWorker (SegmentedRaftLogWorker.java:execute(656)) - 5934c68d-b896-470a-9875-633bc32aae4b@group-E64569B96E86-SegmentedRaftLogWorker: created new log segment /home/runner/work/ozone/ozone/hadoop-ozone/integration-test/target/test-dir/MiniOzoneClusterImpl-9e11fa7e-4972-4825-87e7-ebdcd03a38ce/datanode-0/data/ratis/0030b2ce-d580-460f-9c3b-e64569b96e86/current/log_inprogress_0
2023-02-28 20:10:25,827 [3f3cc37b-1bfe-4d0c-a49a-ec76f450a0b5-server-thread2] INFO  server.RaftServer$Division (ServerState.java:setRaftConf(430)) - 3f3cc37b-1bfe-4d0c-a49a-ec76f450a0b5@group-E64569B96E86: set configuration 0: peers:[5934c68d-b896-470a-9875-633bc32aae4b|rpc:10.1.1.15:42749|dataStream:10.1.1.15:34149|priority:0|startupRole:FOLLOWER, eae64dd3-82ca-4abe-8982-cc6124070574|rpc:10.1.1.15:37275|dataStream:10.1.1.15:37921|priority:1|startupRole:FOLLOWER, 3f3cc37b-1bfe-4d0c-a49a-ec76f450a0b5|rpc:10.1.1.15:44541|dataStream:10.1.1.15:43275|priority:0|startupRole:FOLLOWER]|listeners:[], old=null
2023-02-28 20:10:25,827 [5934c68d-b896-470a-9875-633bc32aae4b@group-62BEE00C4BAA-LeaderElection20] INFO  impl.LeaderElection (LeaderElection.java:askForVotes(312)) - 5934c68d-b896-470a-9875-633bc32aae4b@group-62BEE00C4BAA-LeaderElection20 PRE_VOTE round 0: submit vote requests at term 0 for -1: peers:[5934c68d-b896-470a-9875-633bc32aae4b|rpc:10.1.1.15:42749|dataStream:10.1.1.15:34149|priority:1|startupRole:FOLLOWER, eae64dd3-82ca-4abe-8982-cc6124070574|rpc:10.1.1.15:37275|dataStream:10.1.1.15:37921|priority:0|startupRole:FOLLOWER, 3f3cc37b-1bfe-4d0c-a49a-ec76f450a0b5|rpc:10.1.1.15:44541|dataStream:10.1.1.15:43275|priority:0|startupRole:FOLLOWER]|listeners:[], old=null
2023-02-28 20:10:25,828 [3f3cc37b-1bfe-4d0c-a49a-ec76f450a0b5-server-thread2] INFO  segmented.SegmentedRaftLogWorker (SegmentedRaftLogWorker.java:startLogSegment(452)) - 3f3cc37b-1bfe-4d0c-a49a-ec76f450a0b5@group-E64569B96E86-SegmentedRaftLogWorker: Starting segment from index:0
2023-02-28 20:10:25,831 [5934c68d-b896-470a-9875-633bc32aae4b@group-62BEE00C4BAA-LeaderElection20] INFO  server.RaftServerConfigKeys (ConfUtils.java:logFallback(53)) - raft.server.rpc.first-election.timeout.min = 5s (fallback to raft.server.rpc.timeout.min)
2023-02-28 20:10:25,840 [5934c68d-b896-470a-9875-633bc32aae4b@group-62BEE00C4BAA-LeaderElection20] INFO  server.RaftServerConfigKeys (ConfUtils.java:logFallback(53)) - raft.server.rpc.first-election.timeout.max = 5200ms (fallback to raft.server.rpc.timeout.max)
2023-02-28 20:10:25,841 [grpc-default-executor-3] INFO  server.RaftServer$Division (RaftServerImpl.java:requestVote(1218)) - eae64dd3-82ca-4abe-8982-cc6124070574@group-62BEE00C4BAA: receive requestVote(PRE_VOTE, 5934c68d-b896-470a-9875-633bc32aae4b, group-62BEE00C4BAA, 0, (t:0, i:0))
2023-02-28 20:10:25,842 [3f3cc37b-1bfe-4d0c-a49a-ec76f450a0b5@group-E64569B96E86-SegmentedRaftLogWorker] INFO  segmented.SegmentedRaftLogWorker (SegmentedRaftLogWorker.java:execute(656)) - 3f3cc37b-1bfe-4d0c-a49a-ec76f450a0b5@group-E64569B96E86-SegmentedRaftLogWorker: created new log segment /home/runner/work/ozone/ozone/hadoop-ozone/integration-test/target/test-dir/MiniOzoneClusterImpl-9e11fa7e-4972-4825-87e7-ebdcd03a38ce/datanode-1/data/ratis/0030b2ce-d580-460f-9c3b-e64569b96e86/current/log_inprogress_0
2023-02-28 20:10:25,842 [grpc-default-executor-3] INFO  impl.VoteContext (VoteContext.java:log(49)) - eae64dd3-82ca-4abe-8982-cc6124070574@group-62BEE00C4BAA-FOLLOWER: accept PRE_VOTE from 5934c68d-b896-470a-9875-633bc32aae4b: our priority 0 <= candidate's priority 1
2023-02-28 20:10:25,842 [grpc-default-executor-3] INFO  server.RaftServer$Division (RaftServerImpl.java:requestVote(1251)) - eae64dd3-82ca-4abe-8982-cc6124070574@group-62BEE00C4BAA replies to PRE_VOTE vote request: 5934c68d-b896-470a-9875-633bc32aae4b<-eae64dd3-82ca-4abe-8982-cc6124070574#0:OK-t0. Peer's state: eae64dd3-82ca-4abe-8982-cc6124070574@group-62BEE00C4BAA:t0, leader=null, voted=, raftlog=Memoized:eae64dd3-82ca-4abe-8982-cc6124070574@group-62BEE00C4BAA-SegmentedRaftLog:OPENED:c-1, conf=-1: peers:[5934c68d-b896-470a-9875-633bc32aae4b|rpc:10.1.1.15:42749|dataStream:10.1.1.15:34149|priority:1|startupRole:FOLLOWER, eae64dd3-82ca-4abe-8982-cc6124070574|rpc:10.1.1.15:37275|dataStream:10.1.1.15:37921|priority:0|startupRole:FOLLOWER, 3f3cc37b-1bfe-4d0c-a49a-ec76f450a0b5|rpc:10.1.1.15:44541|dataStream:10.1.1.15:43275|priority:0|startupRole:FOLLOWER]|listeners:[], old=null
2023-02-28 20:10:25,849 [5934c68d-b896-470a-9875-633bc32aae4b@group-62BEE00C4BAA-LeaderElection20] INFO  impl.LeaderElection (LeaderElection.java:logAndReturn(90)) - 5934c68d-b896-470a-9875-633bc32aae4b@group-62BEE00C4BAA-LeaderElection20: PRE_VOTE PASSED received 1 response(s) and 0 exception(s):
2023-02-28 20:10:25,849 [5934c68d-b896-470a-9875-633bc32aae4b@group-62BEE00C4BAA-LeaderElection20] INFO  impl.LeaderElection (LeaderElection.java:logAndReturn(94)) -   Response 0: 5934c68d-b896-470a-9875-633bc32aae4b<-eae64dd3-82ca-4abe-8982-cc6124070574#0:OK-t0
2023-02-28 20:10:25,849 [5934c68d-b896-470a-9875-633bc32aae4b@group-62BEE00C4BAA-LeaderElection20] INFO  impl.LeaderElection (LeaderElection.java:askForVotes(314)) - 5934c68d-b896-470a-9875-633bc32aae4b@group-62BEE00C4BAA-LeaderElection20 PRE_VOTE round 0: result PASSED
2023-02-28 20:10:25,849 [grpc-default-executor-3] INFO  server.RaftServer$Division (RaftServerImpl.java:requestVote(1218)) - 3f3cc37b-1bfe-4d0c-a49a-ec76f450a0b5@group-62BEE00C4BAA: receive requestVote(PRE_VOTE, 5934c68d-b896-470a-9875-633bc32aae4b, group-62BEE00C4BAA, 0, (t:0, i:0))
2023-02-28 20:10:25,851 [5934c68d-b896-470a-9875-633bc32aae4b@group-62BEE00C4BAA-LeaderElection20] INFO  impl.LeaderElection (LeaderElection.java:askForVotes(312)) - 5934c68d-b896-470a-9875-633bc32aae4b@group-62BEE00C4BAA-LeaderElection20 ELECTION round 0: submit vote requests at term 1 for -1: peers:[5934c68d-b896-470a-9875-633bc32aae4b|rpc:10.1.1.15:42749|dataStream:10.1.1.15:34149|priority:1|startupRole:FOLLOWER, eae64dd3-82ca-4abe-8982-cc6124070574|rpc:10.1.1.15:37275|dataStream:10.1.1.15:37921|priority:0|startupRole:FOLLOWER, 3f3cc37b-1bfe-4d0c-a49a-ec76f450a0b5|rpc:10.1.1.15:44541|dataStream:10.1.1.15:43275|priority:0|startupRole:FOLLOWER]|listeners:[], old=null
2023-02-28 20:10:25,851 [grpc-default-executor-3] INFO  impl.VoteContext (VoteContext.java:log(49)) - 3f3cc37b-1bfe-4d0c-a49a-ec76f450a0b5@group-62BEE00C4BAA-FOLLOWER: accept PRE_VOTE from 5934c68d-b896-470a-9875-633bc32aae4b: our priority 0 <= candidate's priority 1
2023-02-28 20:10:25,851 [grpc-default-executor-3] INFO  server.RaftServer$Division (RaftServerImpl.java:requestVote(1251)) - 3f3cc37b-1bfe-4d0c-a49a-ec76f450a0b5@group-62BEE00C4BAA replies to PRE_VOTE vote request: 5934c68d-b896-470a-9875-633bc32aae4b<-3f3cc37b-1bfe-4d0c-a49a-ec76f450a0b5#0:OK-t0. Peer's state: 3f3cc37b-1bfe-4d0c-a49a-ec76f450a0b5@group-62BEE00C4BAA:t0, leader=null, voted=, raftlog=Memoized:3f3cc37b-1bfe-4d0c-a49a-ec76f450a0b5@group-62BEE00C4BAA-SegmentedRaftLog:OPENED:c-1, conf=-1: peers:[5934c68d-b896-470a-9875-633bc32aae4b|rpc:10.1.1.15:42749|dataStream:10.1.1.15:34149|priority:1|startupRole:FOLLOWER, eae64dd3-82ca-4abe-8982-cc6124070574|rpc:10.1.1.15:37275|dataStream:10.1.1.15:37921|priority:0|startupRole:FOLLOWER, 3f3cc37b-1bfe-4d0c-a49a-ec76f450a0b5|rpc:10.1.1.15:44541|dataStream:10.1.1.15:43275|priority:0|startupRole:FOLLOWER]|listeners:[], old=null
2023-02-28 20:10:25,851 [5934c68d-b896-470a-9875-633bc32aae4b@group-62BEE00C4BAA-LeaderElection20] INFO  server.RaftServerConfigKeys (ConfUtils.java:logFallback(53)) - raft.server.rpc.first-election.timeout.min = 5s (fallback to raft.server.rpc.timeout.min)
2023-02-28 20:10:25,855 [5934c68d-b896-470a-9875-633bc32aae4b@group-62BEE00C4BAA-LeaderElection20] INFO  server.RaftServerConfigKeys (ConfUtils.java:logFallback(53)) - raft.server.rpc.first-election.timeout.max = 5200ms (fallback to raft.server.rpc.timeout.max)
2023-02-28 20:10:25,861 [grpc-default-executor-2] INFO  server.RaftServer$Division (RaftServerImpl.java:requestVote(1218)) - eae64dd3-82ca-4abe-8982-cc6124070574@group-62BEE00C4BAA: receive requestVote(ELECTION, 5934c68d-b896-470a-9875-633bc32aae4b, group-62BEE00C4BAA, 1, (t:0, i:0))
2023-02-28 20:10:25,861 [grpc-default-executor-3] INFO  server.RaftServer$Division (RaftServerImpl.java:requestVote(1218)) - 3f3cc37b-1bfe-4d0c-a49a-ec76f450a0b5@group-62BEE00C4BAA: receive requestVote(ELECTION, 5934c68d-b896-470a-9875-633bc32aae4b, group-62BEE00C4BAA, 1, (t:0, i:0))
2023-02-28 20:10:25,862 [grpc-default-executor-3] INFO  impl.VoteContext (VoteContext.java:log(49)) - 3f3cc37b-1bfe-4d0c-a49a-ec76f450a0b5@group-62BEE00C4BAA-FOLLOWER: accept ELECTION from 5934c68d-b896-470a-9875-633bc32aae4b: our priority 0 <= candidate's priority 1
2023-02-28 20:10:25,862 [grpc-default-executor-3] INFO  server.RaftServer$Division (RaftServerImpl.java:setRole(321)) - 3f3cc37b-1bfe-4d0c-a49a-ec76f450a0b5@group-62BEE00C4BAA: changes role from  FOLLOWER to FOLLOWER at term 1 for candidate:5934c68d-b896-470a-9875-633bc32aae4b
2023-02-28 20:10:25,862 [grpc-default-executor-3] INFO  impl.RoleInfo (RoleInfo.java:shutdownFollowerState(110)) - 3f3cc37b-1bfe-4d0c-a49a-ec76f450a0b5: shutdown 3f3cc37b-1bfe-4d0c-a49a-ec76f450a0b5@group-62BEE00C4BAA-FollowerState
2023-02-28 20:10:25,862 [grpc-default-executor-3] INFO  impl.RoleInfo (RoleInfo.java:updateAndGet(139)) - 3f3cc37b-1bfe-4d0c-a49a-ec76f450a0b5: start 3f3cc37b-1bfe-4d0c-a49a-ec76f450a0b5@group-62BEE00C4BAA-FollowerState
2023-02-28 20:10:25,862 [3f3cc37b-1bfe-4d0c-a49a-ec76f450a0b5@group-62BEE00C4BAA-FollowerState] INFO  impl.FollowerState (FollowerState.java:run(152)) - 3f3cc37b-1bfe-4d0c-a49a-ec76f450a0b5@group-62BEE00C4BAA-FollowerState was interrupted
2023-02-28 20:10:25,867 [grpc-default-executor-2] INFO  impl.VoteContext (VoteContext.java:log(49)) - eae64dd3-82ca-4abe-8982-cc6124070574@group-62BEE00C4BAA-FOLLOWER: accept ELECTION from 5934c68d-b896-470a-9875-633bc32aae4b: our priority 0 <= candidate's priority 1
2023-02-28 20:10:25,867 [grpc-default-executor-2] INFO  server.RaftServer$Division (RaftServerImpl.java:setRole(321)) - eae64dd3-82ca-4abe-8982-cc6124070574@group-62BEE00C4BAA: changes role from  FOLLOWER to FOLLOWER at term 1 for candidate:5934c68d-b896-470a-9875-633bc32aae4b
2023-02-28 20:10:25,867 [grpc-default-executor-2] INFO  impl.RoleInfo (RoleInfo.java:shutdownFollowerState(110)) - eae64dd3-82ca-4abe-8982-cc6124070574: shutdown eae64dd3-82ca-4abe-8982-cc6124070574@group-62BEE00C4BAA-FollowerState
2023-02-28 20:10:25,867 [grpc-default-executor-2] INFO  impl.RoleInfo (RoleInfo.java:updateAndGet(139)) - eae64dd3-82ca-4abe-8982-cc6124070574: start eae64dd3-82ca-4abe-8982-cc6124070574@group-62BEE00C4BAA-FollowerState
2023-02-28 20:10:25,867 [eae64dd3-82ca-4abe-8982-cc6124070574@group-62BEE00C4BAA-FollowerState] INFO  impl.FollowerState (FollowerState.java:run(152)) - eae64dd3-82ca-4abe-8982-cc6124070574@group-62BEE00C4BAA-FollowerState was interrupted
2023-02-28 20:10:25,867 [grpc-default-executor-3] INFO  server.RaftServer$Division (RaftServerImpl.java:requestVote(1251)) - 3f3cc37b-1bfe-4d0c-a49a-ec76f450a0b5@group-62BEE00C4BAA replies to ELECTION vote request: 5934c68d-b896-470a-9875-633bc32aae4b<-3f3cc37b-1bfe-4d0c-a49a-ec76f450a0b5#0:OK-t1. Peer's state: 3f3cc37b-1bfe-4d0c-a49a-ec76f450a0b5@group-62BEE00C4BAA:t1, leader=null, voted=5934c68d-b896-470a-9875-633bc32aae4b, raftlog=Memoized:3f3cc37b-1bfe-4d0c-a49a-ec76f450a0b5@group-62BEE00C4BAA-SegmentedRaftLog:OPENED:c-1, conf=-1: peers:[5934c68d-b896-470a-9875-633bc32aae4b|rpc:10.1.1.15:42749|dataStream:10.1.1.15:34149|priority:1|startupRole:FOLLOWER, eae64dd3-82ca-4abe-8982-cc6124070574|rpc:10.1.1.15:37275|dataStream:10.1.1.15:37921|priority:0|startupRole:FOLLOWER, 3f3cc37b-1bfe-4d0c-a49a-ec76f450a0b5|rpc:10.1.1.15:44541|dataStream:10.1.1.15:43275|priority:0|startupRole:FOLLOWER]|listeners:[], old=null
2023-02-28 20:10:25,868 [eae64dd3-82ca-4abe-8982-cc6124070574@group-62BEE00C4BAA-FollowerState] INFO  server.RaftServerConfigKeys (ConfUtils.java:logFallback(53)) - raft.server.rpc.first-election.timeout.min = 5s (fallback to raft.server.rpc.timeout.min)
2023-02-28 20:10:25,868 [eae64dd3-82ca-4abe-8982-cc6124070574@group-62BEE00C4BAA-FollowerState] INFO  server.RaftServerConfigKeys (ConfUtils.java:logFallback(53)) - raft.server.rpc.first-election.timeout.max = 5200ms (fallback to raft.server.rpc.timeout.max)
2023-02-28 20:10:25,868 [grpc-default-executor-2] INFO  server.RaftServer$Division (RaftServerImpl.java:requestVote(1251)) - eae64dd3-82ca-4abe-8982-cc6124070574@group-62BEE00C4BAA replies to ELECTION vote request: 5934c68d-b896-470a-9875-633bc32aae4b<-eae64dd3-82ca-4abe-8982-cc6124070574#0:OK-t1. Peer's state: eae64dd3-82ca-4abe-8982-cc6124070574@group-62BEE00C4BAA:t1, leader=null, voted=5934c68d-b896-470a-9875-633bc32aae4b, raftlog=Memoized:eae64dd3-82ca-4abe-8982-cc6124070574@group-62BEE00C4BAA-SegmentedRaftLog:OPENED:c-1, conf=-1: peers:[5934c68d-b896-470a-9875-633bc32aae4b|rpc:10.1.1.15:42749|dataStream:10.1.1.15:34149|priority:1|startupRole:FOLLOWER, eae64dd3-82ca-4abe-8982-cc6124070574|rpc:10.1.1.15:37275|dataStream:10.1.1.15:37921|priority:0|startupRole:FOLLOWER, 3f3cc37b-1bfe-4d0c-a49a-ec76f450a0b5|rpc:10.1.1.15:44541|dataStream:10.1.1.15:43275|priority:0|startupRole:FOLLOWER]|listeners:[], old=null
2023-02-28 20:10:25,874 [5934c68d-b896-470a-9875-633bc32aae4b@group-62BEE00C4BAA-LeaderElection20] INFO  impl.LeaderElection (LeaderElection.java:logAndReturn(90)) - 5934c68d-b896-470a-9875-633bc32aae4b@group-62BEE00C4BAA-LeaderElection20: ELECTION PASSED received 1 response(s) and 0 exception(s):
2023-02-28 20:10:25,876 [5934c68d-b896-470a-9875-633bc32aae4b@group-62BEE00C4BAA-LeaderElection20] INFO  impl.LeaderElection (LeaderElection.java:logAndReturn(94)) -   Response 0: 5934c68d-b896-470a-9875-633bc32aae4b<-3f3cc37b-1bfe-4d0c-a49a-ec76f450a0b5#0:OK-t1
2023-02-28 20:10:25,876 [5934c68d-b896-470a-9875-633bc32aae4b@group-62BEE00C4BAA-LeaderElection20] INFO  impl.LeaderElection (LeaderElection.java:askForVotes(314)) - 5934c68d-b896-470a-9875-633bc32aae4b@group-62BEE00C4BAA-LeaderElection20 ELECTION round 0: result PASSED
2023-02-28 20:10:25,876 [5934c68d-b896-470a-9875-633bc32aae4b@group-62BEE00C4BAA-LeaderElection20] INFO  impl.RoleInfo (RoleInfo.java:shutdownLeaderElection(130)) - 5934c68d-b896-470a-9875-633bc32aae4b: shutdown 5934c68d-b896-470a-9875-633bc32aae4b@group-62BEE00C4BAA-LeaderElection20
2023-02-28 20:10:25,876 [5934c68d-b896-470a-9875-633bc32aae4b@group-62BEE00C4BAA-LeaderElection20] INFO  server.RaftServer$Division (RaftServerImpl.java:setRole(321)) - 5934c68d-b896-470a-9875-633bc32aae4b@group-62BEE00C4BAA: changes role from CANDIDATE to LEADER at term 1 for changeToLeader
2023-02-28 20:10:25,876 [5934c68d-b896-470a-9875-633bc32aae4b@group-62BEE00C4BAA-LeaderElection20] INFO  ratis.XceiverServerRatis (XceiverServerRatis.java:handleLeaderChangedNotification(905)) - Leader change notification received for group: group-62BEE00C4BAA with new leaderId: 5934c68d-b896-470a-9875-633bc32aae4b
2023-02-28 20:10:25,876 [5934c68d-b896-470a-9875-633bc32aae4b@group-62BEE00C4BAA-LeaderElection20] INFO  server.RaftServer$Division (ServerState.java:setLeader(313)) - 5934c68d-b896-470a-9875-633bc32aae4b@group-62BEE00C4BAA: change Leader from null to 5934c68d-b896-470a-9875-633bc32aae4b at term 1 for becomeLeader, leader elected after 5152ms
2023-02-28 20:10:25,876 [5934c68d-b896-470a-9875-633bc32aae4b@group-62BEE00C4BAA-LeaderElection20] INFO  server.RaftServerConfigKeys (ConfUtils.java:logGet(46)) - raft.server.staging.catchup.gap = 1000 (default)
2023-02-28 20:10:25,876 [5934c68d-b896-470a-9875-633bc32aae4b@group-62BEE00C4BAA-LeaderElection20] INFO  server.RaftServerConfigKeys (ConfUtils.java:logGet(46)) - raft.server.write.element-limit = 1024 (custom)
2023-02-28 20:10:25,876 [5934c68d-b896-470a-9875-633bc32aae4b@group-62BEE00C4BAA-LeaderElection20] INFO  server.RaftServerConfigKeys (ConfUtils.java:logGet(46)) - raft.server.write.byte-limit = 1024 M (=1073741824) (custom)
2023-02-28 20:10:25,870 [3f3cc37b-1bfe-4d0c-a49a-ec76f450a0b5@group-62BEE00C4BAA-FollowerState] INFO  server.RaftServerConfigKeys (ConfUtils.java:logFallback(53)) - raft.server.rpc.first-election.timeout.min = 5s (fallback to raft.server.rpc.timeout.min)
2023-02-28 20:10:25,878 [EventQueue-PipelineReportForPipelineReportHandler] INFO  pipeline.PipelineManagerImpl (PipelineManagerImpl.java:openPipeline(367)) - Pipeline Pipeline[ Id: 6fb12ad6-f074-439f-b469-62bee00c4baa, Nodes: 5934c68d-b896-470a-9875-633bc32aae4b(fv-az399-334/10.1.1.15)3f3cc37b-1bfe-4d0c-a49a-ec76f450a0b5(fv-az399-334/10.1.1.15)eae64dd3-82ca-4abe-8982-cc6124070574(fv-az399-334/10.1.1.15), ReplicationConfig: RATIS/THREE, State:ALLOCATED, leaderId:5934c68d-b896-470a-9875-633bc32aae4b, CreationTimestamp2023-02-28T20:10:18.176Z[Etc/UTC]] moved to OPEN state
2023-02-28 20:10:25,876 [5934c68d-b896-470a-9875-633bc32aae4b@group-62BEE00C4BAA-LeaderElection20] INFO  server.RaftServerConfigKeys (ConfUtils.java:logGet(46)) - raft.server.watch.timeout = 180s (custom)
2023-02-28 20:10:25,878 [5934c68d-b896-470a-9875-633bc32aae4b@group-62BEE00C4BAA-LeaderElection20] INFO  server.RaftServerConfigKeys (ConfUtils.java:logGet(46)) - raft.server.watch.timeout.denomination = 1s (default)
2023-02-28 20:10:25,879 [5934c68d-b896-470a-9875-633bc32aae4b@group-62BEE00C4BAA-LeaderElection20] INFO  server.RaftServerConfigKeys (ConfUtils.java:logGet(46)) - raft.server.watch.element-limit = 65536 (default)
2023-02-28 20:10:25,879 [5934c68d-b896-470a-9875-633bc32aae4b@group-62BEE00C4BAA-LeaderElection20] INFO  server.RaftServerConfigKeys (ConfUtils.java:logGet(46)) - raft.server.write.element-limit = 1024 (custom)
2023-02-28 20:10:25,879 [5934c68d-b896-470a-9875-633bc32aae4b@group-62BEE00C4BAA-LeaderElection20] INFO  server.RaftServerConfigKeys (ConfUtils.java:logGet(46)) - raft.server.write.follower.gap.ratio.max = -1.0 (default)
2023-02-28 20:10:25,879 [5934c68d-b896-470a-9875-633bc32aae4b@group-62BEE00C4BAA-LeaderElection20] INFO  server.RaftServerConfigKeys (ConfUtils.java:logGet(46)) - raft.server.log.appender.snapshot.chunk.size.max = 16MB (=16777216) (default)
2023-02-28 20:10:25,879 [5934c68d-b896-470a-9875-633bc32aae4b@group-62BEE00C4BAA-LeaderElection20] INFO  server.RaftServerConfigKeys (ConfUtils.java:logGet(46)) - raft.server.log.appender.buffer.byte-limit = 33554432 (custom)
2023-02-28 20:10:25,879 [5934c68d-b896-470a-9875-633bc32aae4b@group-62BEE00C4BAA-LeaderElection20] INFO  server.RaftServerConfigKeys (ConfUtils.java:logGet(46)) - raft.server.log.appender.buffer.element-limit = 1 (custom)
2023-02-28 20:10:25,879 [5934c68d-b896-470a-9875-633bc32aae4b@group-62BEE00C4BAA-LeaderElection20] INFO  grpc.GrpcConfigKeys (ConfUtils.java:logGet(46)) - raft.grpc.server.leader.outstanding.appends.max = 128 (default)
2023-02-28 20:10:25,879 [5934c68d-b896-470a-9875-633bc32aae4b@group-62BEE00C4BAA-LeaderElection20] INFO  server.RaftServerConfigKeys (ConfUtils.java:logGet(46)) - raft.server.rpc.request.timeout = 60s (custom)
2023-02-28 20:10:25,879 [5934c68d-b896-470a-9875-633bc32aae4b@group-62BEE00C4BAA-LeaderElection20] INFO  server.RaftServerConfigKeys (ConfUtils.java:logGet(46)) - raft.server.log.appender.install.snapshot.enabled = false (custom)
2023-02-28 20:10:25,879 [5934c68d-b896-470a-9875-633bc32aae4b@group-62BEE00C4BAA-LeaderElection20] INFO  grpc.GrpcConfigKeys (ConfUtils.java:logGet(46)) - raft.grpc.server.heartbeat.channel = true (default)
2023-02-28 20:10:25,879 [5934c68d-b896-470a-9875-633bc32aae4b@group-62BEE00C4BAA-LeaderElection20] INFO  server.RaftServerConfigKeys (ConfUtils.java:logGet(46)) - raft.server.log.appender.wait-time.min = 10ms (default)
2023-02-28 20:10:25,880 [5934c68d-b896-470a-9875-633bc32aae4b@group-62BEE00C4BAA-LeaderElection20] INFO  server.RaftServerConfigKeys (ConfUtils.java:logGet(46)) - raft.server.log.appender.snapshot.chunk.size.max = 16MB (=16777216) (default)
2023-02-28 20:10:25,880 [5934c68d-b896-470a-9875-633bc32aae4b@group-62BEE00C4BAA-LeaderElection20] INFO  server.RaftServerConfigKeys (ConfUtils.java:logGet(46)) - raft.server.log.appender.buffer.byte-limit = 33554432 (custom)
2023-02-28 20:10:25,880 [5934c68d-b896-470a-9875-633bc32aae4b@group-62BEE00C4BAA-LeaderElection20] INFO  server.RaftServerConfigKeys (ConfUtils.java:logGet(46)) - raft.server.log.appender.buffer.element-limit = 1 (custom)
2023-02-28 20:10:25,880 [5934c68d-b896-470a-9875-633bc32aae4b@group-62BEE00C4BAA-LeaderElection20] INFO  grpc.GrpcConfigKeys (ConfUtils.java:logGet(46)) - raft.grpc.server.leader.outstanding.appends.max = 128 (default)
2023-02-28 20:10:25,880 [5934c68d-b896-470a-9875-633bc32aae4b@group-62BEE00C4BAA-LeaderElection20] INFO  server.RaftServerConfigKeys (ConfUtils.java:logGet(46)) - raft.server.rpc.request.timeout = 60s (custom)
2023-02-28 20:10:25,880 [5934c68d-b896-470a-9875-633bc32aae4b@group-62BEE00C4BAA-LeaderElection20] INFO  server.RaftServerConfigKeys (ConfUtils.java:logGet(46)) - raft.server.log.appender.install.snapshot.enabled = false (custom)
2023-02-28 20:10:25,880 [5934c68d-b896-470a-9875-633bc32aae4b@group-62BEE00C4BAA-LeaderElection20] INFO  grpc.GrpcConfigKeys (ConfUtils.java:logGet(46)) - raft.grpc.server.heartbeat.channel = true (default)
2023-02-28 20:10:25,880 [5934c68d-b896-470a-9875-633bc32aae4b@group-62BEE00C4BAA-LeaderElection20] INFO  server.RaftServerConfigKeys (ConfUtils.java:logGet(46)) - raft.server.log.appender.wait-time.min = 10ms (default)
2023-02-28 20:10:25,880 [3f3cc37b-1bfe-4d0c-a49a-ec76f450a0b5@group-62BEE00C4BAA-FollowerState] INFO  server.RaftServerConfigKeys (ConfUtils.java:logFallback(53)) - raft.server.rpc.first-election.timeout.max = 5200ms (fallback to raft.server.rpc.timeout.max)
2023-02-28 20:10:25,880 [5934c68d-b896-470a-9875-633bc32aae4b@group-62BEE00C4BAA-LeaderElection20] INFO  impl.RoleInfo (RoleInfo.java:updateAndGet(139)) - 5934c68d-b896-470a-9875-633bc32aae4b: start 5934c68d-b896-470a-9875-633bc32aae4b@group-62BEE00C4BAA-LeaderStateImpl
2023-02-28 20:10:25,888 [5934c68d-b896-470a-9875-633bc32aae4b@group-62BEE00C4BAA-LeaderElection20] INFO  segmented.SegmentedRaftLogWorker (SegmentedRaftLogWorker.java:startLogSegment(452)) - 5934c68d-b896-470a-9875-633bc32aae4b@group-62BEE00C4BAA-SegmentedRaftLogWorker: Starting segment from index:0
2023-02-28 20:10:25,895 [5934c68d-b896-470a-9875-633bc32aae4b@group-62BEE00C4BAA-LeaderElection20] INFO  server.RaftServer$Division (ServerState.java:setRaftConf(430)) - 5934c68d-b896-470a-9875-633bc32aae4b@group-62BEE00C4BAA: set configuration 0: peers:[5934c68d-b896-470a-9875-633bc32aae4b|rpc:10.1.1.15:42749|dataStream:10.1.1.15:34149|priority:1|startupRole:FOLLOWER, eae64dd3-82ca-4abe-8982-cc6124070574|rpc:10.1.1.15:37275|dataStream:10.1.1.15:37921|priority:0|startupRole:FOLLOWER, 3f3cc37b-1bfe-4d0c-a49a-ec76f450a0b5|rpc:10.1.1.15:44541|dataStream:10.1.1.15:43275|priority:0|startupRole:FOLLOWER]|listeners:[], old=null
2023-02-28 20:10:25,895 [5934c68d-b896-470a-9875-633bc32aae4b@group-62BEE00C4BAA-SegmentedRaftLogWorker] INFO  segmented.SegmentedRaftLogWorker (SegmentedRaftLogWorker.java:execute(656)) - 5934c68d-b896-470a-9875-633bc32aae4b@group-62BEE00C4BAA-SegmentedRaftLogWorker: created new log segment /home/runner/work/ozone/ozone/hadoop-ozone/integration-test/target/test-dir/MiniOzoneClusterImpl-9e11fa7e-4972-4825-87e7-ebdcd03a38ce/datanode-0/data/ratis/6fb12ad6-f074-439f-b469-62bee00c4baa/current/log_inprogress_0
2023-02-28 20:10:25,902 [eae64dd3-82ca-4abe-8982-cc6124070574-server-thread1] INFO  ratis.XceiverServerRatis (XceiverServerRatis.java:handleLeaderChangedNotification(905)) - Leader change notification received for group: group-62BEE00C4BAA with new leaderId: 5934c68d-b896-470a-9875-633bc32aae4b
2023-02-28 20:10:25,906 [3f3cc37b-1bfe-4d0c-a49a-ec76f450a0b5-server-thread1] INFO  ratis.XceiverServerRatis (XceiverServerRatis.java:handleLeaderChangedNotification(905)) - Leader change notification received for group: group-62BEE00C4BAA with new leaderId: 5934c68d-b896-470a-9875-633bc32aae4b
2023-02-28 20:10:25,906 [eae64dd3-82ca-4abe-8982-cc6124070574-server-thread1] INFO  server.RaftServer$Division (ServerState.java:setLeader(313)) - eae64dd3-82ca-4abe-8982-cc6124070574@group-62BEE00C4BAA: change Leader from null to 5934c68d-b896-470a-9875-633bc32aae4b at term 1 for appendEntries, leader elected after 5093ms
2023-02-28 20:10:25,906 [3f3cc37b-1bfe-4d0c-a49a-ec76f450a0b5-server-thread1] INFO  server.RaftServer$Division (ServerState.java:setLeader(313)) - 3f3cc37b-1bfe-4d0c-a49a-ec76f450a0b5@group-62BEE00C4BAA: change Leader from null to 5934c68d-b896-470a-9875-633bc32aae4b at term 1 for appendEntries, leader elected after 5133ms
2023-02-28 20:10:25,907 [eae64dd3-82ca-4abe-8982-cc6124070574-server-thread1] INFO  server.RaftServer$Division (ServerState.java:setRaftConf(430)) - eae64dd3-82ca-4abe-8982-cc6124070574@group-62BEE00C4BAA: set configuration 0: peers:[5934c68d-b896-470a-9875-633bc32aae4b|rpc:10.1.1.15:42749|dataStream:10.1.1.15:34149|priority:1|startupRole:FOLLOWER, eae64dd3-82ca-4abe-8982-cc6124070574|rpc:10.1.1.15:37275|dataStream:10.1.1.15:37921|priority:0|startupRole:FOLLOWER, 3f3cc37b-1bfe-4d0c-a49a-ec76f450a0b5|rpc:10.1.1.15:44541|dataStream:10.1.1.15:43275|priority:0|startupRole:FOLLOWER]|listeners:[], old=null
2023-02-28 20:10:25,908 [eae64dd3-82ca-4abe-8982-cc6124070574-server-thread1] INFO  segmented.SegmentedRaftLogWorker (SegmentedRaftLogWorker.java:startLogSegment(452)) - eae64dd3-82ca-4abe-8982-cc6124070574@group-62BEE00C4BAA-SegmentedRaftLogWorker: Starting segment from index:0
2023-02-28 20:10:25,911 [eae64dd3-82ca-4abe-8982-cc6124070574@group-62BEE00C4BAA-SegmentedRaftLogWorker] INFO  segmented.SegmentedRaftLogWorker (SegmentedRaftLogWorker.java:execute(656)) - eae64dd3-82ca-4abe-8982-cc6124070574@group-62BEE00C4BAA-SegmentedRaftLogWorker: created new log segment /home/runner/work/ozone/ozone/hadoop-ozone/integration-test/target/test-dir/MiniOzoneClusterImpl-9e11fa7e-4972-4825-87e7-ebdcd03a38ce/datanode-2/data/ratis/6fb12ad6-f074-439f-b469-62bee00c4baa/current/log_inprogress_0
2023-02-28 20:10:25,913 [3f3cc37b-1bfe-4d0c-a49a-ec76f450a0b5-server-thread2] INFO  server.RaftServer$Division (ServerState.java:setRaftConf(430)) - 3f3cc37b-1bfe-4d0c-a49a-ec76f450a0b5@group-62BEE00C4BAA: set configuration 0: peers:[5934c68d-b896-470a-9875-633bc32aae4b|rpc:10.1.1.15:42749|dataStream:10.1.1.15:34149|priority:1|startupRole:FOLLOWER, eae64dd3-82ca-4abe-8982-cc6124070574|rpc:10.1.1.15:37275|dataStream:10.1.1.15:37921|priority:0|startupRole:FOLLOWER, 3f3cc37b-1bfe-4d0c-a49a-ec76f450a0b5|rpc:10.1.1.15:44541|dataStream:10.1.1.15:43275|priority:0|startupRole:FOLLOWER]|listeners:[], old=null
2023-02-28 20:10:25,913 [3f3cc37b-1bfe-4d0c-a49a-ec76f450a0b5-server-thread2] INFO  segmented.SegmentedRaftLogWorker (SegmentedRaftLogWorker.java:startLogSegment(452)) - 3f3cc37b-1bfe-4d0c-a49a-ec76f450a0b5@group-62BEE00C4BAA-SegmentedRaftLogWorker: Starting segment from index:0
2023-02-28 20:10:25,914 [3f3cc37b-1bfe-4d0c-a49a-ec76f450a0b5@group-62BEE00C4BAA-SegmentedRaftLogWorker] INFO  segmented.SegmentedRaftLogWorker (SegmentedRaftLogWorker.java:execute(656)) - 3f3cc37b-1bfe-4d0c-a49a-ec76f450a0b5@group-62BEE00C4BAA-SegmentedRaftLogWorker: created new log segment /home/runner/work/ozone/ozone/hadoop-ozone/integration-test/target/test-dir/MiniOzoneClusterImpl-9e11fa7e-4972-4825-87e7-ebdcd03a38ce/datanode-1/data/ratis/6fb12ad6-f074-439f-b469-62bee00c4baa/current/log_inprogress_0
2023-02-28 20:10:26,014 [3f3cc37b-1bfe-4d0c-a49a-ec76f450a0b5@group-F15DABE9CF81-FollowerState] INFO  impl.FollowerState (FollowerState.java:run(143)) - 3f3cc37b-1bfe-4d0c-a49a-ec76f450a0b5@group-F15DABE9CF81-FollowerState: change to CANDIDATE, lastRpcElapsedTime:5156145249ns, electionTimeout:5155ms
2023-02-28 20:10:26,014 [3f3cc37b-1bfe-4d0c-a49a-ec76f450a0b5@group-F15DABE9CF81-FollowerState] INFO  impl.RoleInfo (RoleInfo.java:shutdownFollowerState(110)) - 3f3cc37b-1bfe-4d0c-a49a-ec76f450a0b5: shutdown 3f3cc37b-1bfe-4d0c-a49a-ec76f450a0b5@group-F15DABE9CF81-FollowerState
2023-02-28 20:10:26,014 [3f3cc37b-1bfe-4d0c-a49a-ec76f450a0b5@group-F15DABE9CF81-FollowerState] INFO  server.RaftServer$Division (RaftServerImpl.java:setRole(321)) - 3f3cc37b-1bfe-4d0c-a49a-ec76f450a0b5@group-F15DABE9CF81: changes role from  FOLLOWER to CANDIDATE at term 0 for changeToCandidate
2023-02-28 20:10:26,015 [3f3cc37b-1bfe-4d0c-a49a-ec76f450a0b5@group-F15DABE9CF81-FollowerState] INFO  server.RaftServerConfigKeys (ConfUtils.java:logGet(46)) - raft.server.leaderelection.pre-vote = true (default)
2023-02-28 20:10:26,015 [3f3cc37b-1bfe-4d0c-a49a-ec76f450a0b5@group-F15DABE9CF81-FollowerState] INFO  impl.RoleInfo (RoleInfo.java:updateAndGet(139)) - 3f3cc37b-1bfe-4d0c-a49a-ec76f450a0b5: start 3f3cc37b-1bfe-4d0c-a49a-ec76f450a0b5@group-F15DABE9CF81-LeaderElection21
2023-02-28 20:10:26,019 [3f3cc37b-1bfe-4d0c-a49a-ec76f450a0b5@group-F15DABE9CF81-LeaderElection21] INFO  impl.LeaderElection (LeaderElection.java:askForVotes(312)) - 3f3cc37b-1bfe-4d0c-a49a-ec76f450a0b5@group-F15DABE9CF81-LeaderElection21 PRE_VOTE round 0: submit vote requests at term 0 for -1: peers:[3f3cc37b-1bfe-4d0c-a49a-ec76f450a0b5|rpc:10.1.1.15:44541|dataStream:10.1.1.15:43275|priority:1|startupRole:FOLLOWER]|listeners:[], old=null
2023-02-28 20:10:26,019 [3f3cc37b-1bfe-4d0c-a49a-ec76f450a0b5@group-F15DABE9CF81-LeaderElection21] INFO  impl.LeaderElection (LeaderElection.java:askForVotes(314)) - 3f3cc37b-1bfe-4d0c-a49a-ec76f450a0b5@group-F15DABE9CF81-LeaderElection21 PRE_VOTE round 0: result PASSED (term=0)
2023-02-28 20:10:26,020 [3f3cc37b-1bfe-4d0c-a49a-ec76f450a0b5@group-F15DABE9CF81-LeaderElection21] INFO  impl.LeaderElection (LeaderElection.java:askForVotes(312)) - 3f3cc37b-1bfe-4d0c-a49a-ec76f450a0b5@group-F15DABE9CF81-LeaderElection21 ELECTION round 0: submit vote requests at term 1 for -1: peers:[3f3cc37b-1bfe-4d0c-a49a-ec76f450a0b5|rpc:10.1.1.15:44541|dataStream:10.1.1.15:43275|priority:1|startupRole:FOLLOWER]|listeners:[], old=null
2023-02-28 20:10:26,020 [3f3cc37b-1bfe-4d0c-a49a-ec76f450a0b5@group-F15DABE9CF81-LeaderElection21] INFO  impl.LeaderElection (LeaderElection.java:askForVotes(314)) - 3f3cc37b-1bfe-4d0c-a49a-ec76f450a0b5@group-F15DABE9CF81-LeaderElection21 ELECTION round 0: result PASSED (term=1)
2023-02-28 20:10:26,020 [3f3cc37b-1bfe-4d0c-a49a-ec76f450a0b5@group-F15DABE9CF81-LeaderElection21] INFO  impl.RoleInfo (RoleInfo.java:shutdownLeaderElection(130)) - 3f3cc37b-1bfe-4d0c-a49a-ec76f450a0b5: shutdown 3f3cc37b-1bfe-4d0c-a49a-ec76f450a0b5@group-F15DABE9CF81-LeaderElection21
2023-02-28 20:10:26,020 [3f3cc37b-1bfe-4d0c-a49a-ec76f450a0b5@group-F15DABE9CF81-LeaderElection21] INFO  server.RaftServer$Division (RaftServerImpl.java:setRole(321)) - 3f3cc37b-1bfe-4d0c-a49a-ec76f450a0b5@group-F15DABE9CF81: changes role from CANDIDATE to LEADER at term 1 for changeToLeader
2023-02-28 20:10:26,020 [3f3cc37b-1bfe-4d0c-a49a-ec76f450a0b5@group-F15DABE9CF81-LeaderElection21] INFO  ratis.XceiverServerRatis (XceiverServerRatis.java:handleLeaderChangedNotification(905)) - Leader change notification received for group: group-F15DABE9CF81 with new leaderId: 3f3cc37b-1bfe-4d0c-a49a-ec76f450a0b5
2023-02-28 20:10:26,020 [3f3cc37b-1bfe-4d0c-a49a-ec76f450a0b5@group-F15DABE9CF81-LeaderElection21] INFO  server.RaftServer$Division (ServerState.java:setLeader(313)) - 3f3cc37b-1bfe-4d0c-a49a-ec76f450a0b5@group-F15DABE9CF81: change Leader from null to 3f3cc37b-1bfe-4d0c-a49a-ec76f450a0b5 at term 1 for becomeLeader, leader elected after 5181ms
2023-02-28 20:10:26,020 [3f3cc37b-1bfe-4d0c-a49a-ec76f450a0b5@group-F15DABE9CF81-LeaderElection21] INFO  server.RaftServerConfigKeys (ConfUtils.java:logGet(46)) - raft.server.staging.catchup.gap = 1000 (default)
2023-02-28 20:10:26,021 [3f3cc37b-1bfe-4d0c-a49a-ec76f450a0b5@group-F15DABE9CF81-LeaderElection21] INFO  server.RaftServerConfigKeys (ConfUtils.java:logGet(46)) - raft.server.write.element-limit = 1024 (custom)
2023-02-28 20:10:26,021 [3f3cc37b-1bfe-4d0c-a49a-ec76f450a0b5@group-F15DABE9CF81-LeaderElection21] INFO  server.RaftServerConfigKeys (ConfUtils.java:logGet(46)) - raft.server.write.byte-limit = 1024 M (=1073741824) (custom)
2023-02-28 20:10:26,021 [3f3cc37b-1bfe-4d0c-a49a-ec76f450a0b5@group-F15DABE9CF81-LeaderElection21] INFO  server.RaftServerConfigKeys (ConfUtils.java:logGet(46)) - raft.server.watch.timeout = 180s (custom)
2023-02-28 20:10:26,021 [3f3cc37b-1bfe-4d0c-a49a-ec76f450a0b5@group-F15DABE9CF81-LeaderElection21] INFO  server.RaftServerConfigKeys (ConfUtils.java:logGet(46)) - raft.server.watch.timeout.denomination = 1s (default)
2023-02-28 20:10:26,021 [3f3cc37b-1bfe-4d0c-a49a-ec76f450a0b5@group-F15DABE9CF81-LeaderElection21] INFO  server.RaftServerConfigKeys (ConfUtils.java:logGet(46)) - raft.server.watch.element-limit = 65536 (default)
2023-02-28 20:10:26,022 [3f3cc37b-1bfe-4d0c-a49a-ec76f450a0b5@group-F15DABE9CF81-LeaderElection21] INFO  server.RaftServerConfigKeys (ConfUtils.java:logGet(46)) - raft.server.write.element-limit = 1024 (custom)
2023-02-28 20:10:26,022 [3f3cc37b-1bfe-4d0c-a49a-ec76f450a0b5@group-F15DABE9CF81-LeaderElection21] INFO  server.RaftServerConfigKeys (ConfUtils.java:logGet(46)) - raft.server.write.follower.gap.ratio.max = -1.0 (default)
2023-02-28 20:10:26,022 [3f3cc37b-1bfe-4d0c-a49a-ec76f450a0b5@group-F15DABE9CF81-LeaderElection21] INFO  impl.RoleInfo (RoleInfo.java:updateAndGet(139)) - 3f3cc37b-1bfe-4d0c-a49a-ec76f450a0b5: start 3f3cc37b-1bfe-4d0c-a49a-ec76f450a0b5@group-F15DABE9CF81-LeaderStateImpl
2023-02-28 20:10:26,022 [3f3cc37b-1bfe-4d0c-a49a-ec76f450a0b5@group-F15DABE9CF81-LeaderElection21] INFO  segmented.SegmentedRaftLogWorker (SegmentedRaftLogWorker.java:startLogSegment(452)) - 3f3cc37b-1bfe-4d0c-a49a-ec76f450a0b5@group-F15DABE9CF81-SegmentedRaftLogWorker: Starting segment from index:0
2023-02-28 20:10:26,024 [3f3cc37b-1bfe-4d0c-a49a-ec76f450a0b5@group-F15DABE9CF81-SegmentedRaftLogWorker] INFO  segmented.SegmentedRaftLogWorker (SegmentedRaftLogWorker.java:execute(656)) - 3f3cc37b-1bfe-4d0c-a49a-ec76f450a0b5@group-F15DABE9CF81-SegmentedRaftLogWorker: created new log segment /home/runner/work/ozone/ozone/hadoop-ozone/integration-test/target/test-dir/MiniOzoneClusterImpl-9e11fa7e-4972-4825-87e7-ebdcd03a38ce/datanode-1/data/ratis/b66454de-0118-4dfb-aca9-f15dabe9cf81/current/log_inprogress_0
2023-02-28 20:10:26,025 [3f3cc37b-1bfe-4d0c-a49a-ec76f450a0b5@group-F15DABE9CF81-LeaderElection21] INFO  server.RaftServer$Division (ServerState.java:setRaftConf(430)) - 3f3cc37b-1bfe-4d0c-a49a-ec76f450a0b5@group-F15DABE9CF81: set configuration 0: peers:[3f3cc37b-1bfe-4d0c-a49a-ec76f450a0b5|rpc:10.1.1.15:44541|dataStream:10.1.1.15:43275|priority:1|startupRole:FOLLOWER]|listeners:[], old=null
2023-02-28 20:10:26,168 [Listener at 127.0.0.1/35937] INFO  ozone.MiniOzoneClusterImpl (MiniOzoneClusterImpl.java:lambda$waitForClusterToBeReady$0(218)) - Nodes are ready. Got 3 of 3 DN Heartbeats.
2023-02-28 20:10:26,168 [Listener at 127.0.0.1/35937] INFO  ozone.MiniOzoneClusterImpl (MiniOzoneClusterImpl.java:lambda$waitForClusterToBeReady$0(221)) - Cluster exits safe mode
2023-02-28 20:10:26,168 [Listener at 127.0.0.1/35937] INFO  ozone.MiniOzoneClusterImpl (MiniOzoneClusterImpl.java:lambda$waitForClusterToBeReady$0(223)) - SCM became leader
2023-02-28 20:10:26,196 [Listener at 127.0.0.1/35937] INFO  rpc.RpcClient (RpcClient.java:createVolume(476)) - Creating Volume: volume84954, with user27341 as owner and space quota set to -1 bytes, counts quota set to -1
2023-02-28 20:10:26,202 [OM StateMachine ApplyTransaction Thread - 0] INFO  volume.OMVolumeCreateRequest (OMVolumeCreateRequest.java:validateAndUpdateCache(195)) - created volume:volume84954 for user:user27341
2023-02-28 20:10:26,203 [OM StateMachine ApplyTransaction Thread - 0] INFO  volume.OMVolumeCreateRequest (OMVolumeCreateRequest.java:validateAndUpdateCache(195)) - created volume:volume84954 for user:user27341
2023-02-28 20:10:26,204 [OM StateMachine ApplyTransaction Thread - 0] INFO  volume.OMVolumeCreateRequest (OMVolumeCreateRequest.java:validateAndUpdateCache(195)) - created volume:volume84954 for user:user27341
2023-02-28 20:10:26,219 [Listener at 127.0.0.1/35937] INFO  rpc.RpcClient (RpcClient.java:createBucket(698)) - Creating Bucket: volume84954/bucket39873, with bucket layout LEGACY, runner as owner, Versioning false, Storage Type set to DISK and Encryption set to false, Replication Type set to server-side default replication type, Namespace Quota set to -1, Space Quota set to -1 
2023-02-28 20:10:26,222 [OM StateMachine ApplyTransaction Thread - 0] INFO  bucket.OMBucketCreateRequest (OMBucketCreateRequest.java:validateAndUpdateCache(263)) - created bucket: bucket39873 of layout LEGACY in volume: volume84954
2023-02-28 20:10:26,226 [OM StateMachine ApplyTransaction Thread - 0] INFO  bucket.OMBucketCreateRequest (OMBucketCreateRequest.java:validateAndUpdateCache(263)) - created bucket: bucket39873 of layout LEGACY in volume: volume84954
2023-02-28 20:10:26,226 [OM StateMachine ApplyTransaction Thread - 0] INFO  bucket.OMBucketCreateRequest (OMBucketCreateRequest.java:validateAndUpdateCache(263)) - created bucket: bucket39873 of layout LEGACY in volume: volume84954
2023-02-28 20:10:26,235 [Listener at 127.0.0.1/35937] INFO  utils.BackgroundService (BackgroundService.java:shutdown(141)) - Shutting down service KeyDeletingService
2023-02-28 20:10:26,235 [Listener at 127.0.0.1/35937] INFO  utils.BackgroundService (BackgroundService.java:shutdown(141)) - Shutting down service DirectoryDeletingService
2023-02-28 20:10:26,235 [Listener at 127.0.0.1/35937] INFO  utils.BackgroundService (BackgroundService.java:shutdown(141)) - Shutting down service OpenKeyCleanupService
2023-02-28 20:10:26,235 [Listener at 127.0.0.1/35937] INFO  utils.BackgroundService (BackgroundService.java:shutdown(141)) - Shutting down service SstFilteringService
2023-02-28 20:10:26,238 [Listener at 127.0.0.1/35937] WARN  server.ServerUtils (ServerUtils.java:getDBPath(225)) - ozone.om.db.dirs is not configured. We recommend adding this setting. Falling back to ozone.metadata.dirs instead.
2023-02-28 20:10:26,238 [Time-limited test] INFO  rpc.RpcClient (RpcClient.java:createVolume(476)) - Creating Volume: vol-36605, with runner as owner and space quota set to -1 bytes, counts quota set to -1
2023-02-28 20:10:26,242 [eae64dd3-82ca-4abe-8982-cc6124070574@group-FABD5D8F3597-FollowerState] INFO  impl.FollowerState (FollowerState.java:run(143)) - eae64dd3-82ca-4abe-8982-cc6124070574@group-FABD5D8F3597-FollowerState: change to CANDIDATE, lastRpcElapsedTime:5061359297ns, electionTimeout:5060ms
2023-02-28 20:10:26,242 [eae64dd3-82ca-4abe-8982-cc6124070574@group-FABD5D8F3597-FollowerState] INFO  impl.RoleInfo (RoleInfo.java:shutdownFollowerState(110)) - eae64dd3-82ca-4abe-8982-cc6124070574: shutdown eae64dd3-82ca-4abe-8982-cc6124070574@group-FABD5D8F3597-FollowerState
2023-02-28 20:10:26,242 [eae64dd3-82ca-4abe-8982-cc6124070574@group-FABD5D8F3597-FollowerState] INFO  server.RaftServer$Division (RaftServerImpl.java:setRole(321)) - eae64dd3-82ca-4abe-8982-cc6124070574@group-FABD5D8F3597: changes role from  FOLLOWER to CANDIDATE at term 0 for changeToCandidate
2023-02-28 20:10:26,243 [eae64dd3-82ca-4abe-8982-cc6124070574@group-FABD5D8F3597-FollowerState] INFO  server.RaftServerConfigKeys (ConfUtils.java:logGet(46)) - raft.server.leaderelection.pre-vote = true (default)
2023-02-28 20:10:26,243 [eae64dd3-82ca-4abe-8982-cc6124070574@group-FABD5D8F3597-FollowerState] INFO  impl.RoleInfo (RoleInfo.java:updateAndGet(139)) - eae64dd3-82ca-4abe-8982-cc6124070574: start eae64dd3-82ca-4abe-8982-cc6124070574@group-FABD5D8F3597-LeaderElection22
2023-02-28 20:10:26,245 [OM StateMachine ApplyTransaction Thread - 0] INFO  volume.OMVolumeCreateRequest (OMVolumeCreateRequest.java:validateAndUpdateCache(195)) - created volume:vol-36605 for user:runner
2023-02-28 20:10:26,245 [OM StateMachine ApplyTransaction Thread - 0] INFO  volume.OMVolumeCreateRequest (OMVolumeCreateRequest.java:validateAndUpdateCache(195)) - created volume:vol-36605 for user:runner
2023-02-28 20:10:26,248 [OM StateMachine ApplyTransaction Thread - 0] INFO  volume.OMVolumeCreateRequest (OMVolumeCreateRequest.java:validateAndUpdateCache(195)) - created volume:vol-36605 for user:runner
2023-02-28 20:10:26,249 [eae64dd3-82ca-4abe-8982-cc6124070574@group-FABD5D8F3597-LeaderElection22] INFO  impl.LeaderElection (LeaderElection.java:askForVotes(312)) - eae64dd3-82ca-4abe-8982-cc6124070574@group-FABD5D8F3597-LeaderElection22 PRE_VOTE round 0: submit vote requests at term 0 for -1: peers:[eae64dd3-82ca-4abe-8982-cc6124070574|rpc:10.1.1.15:37275|dataStream:10.1.1.15:37921|priority:1|startupRole:FOLLOWER]|listeners:[], old=null
2023-02-28 20:10:26,249 [eae64dd3-82ca-4abe-8982-cc6124070574@group-FABD5D8F3597-LeaderElection22] INFO  impl.LeaderElection (LeaderElection.java:askForVotes(314)) - eae64dd3-82ca-4abe-8982-cc6124070574@group-FABD5D8F3597-LeaderElection22 PRE_VOTE round 0: result PASSED (term=0)
2023-02-28 20:10:26,250 [eae64dd3-82ca-4abe-8982-cc6124070574@group-FABD5D8F3597-LeaderElection22] INFO  impl.LeaderElection (LeaderElection.java:askForVotes(312)) - eae64dd3-82ca-4abe-8982-cc6124070574@group-FABD5D8F3597-LeaderElection22 ELECTION round 0: submit vote requests at term 1 for -1: peers:[eae64dd3-82ca-4abe-8982-cc6124070574|rpc:10.1.1.15:37275|dataStream:10.1.1.15:37921|priority:1|startupRole:FOLLOWER]|listeners:[], old=null
2023-02-28 20:10:26,250 [eae64dd3-82ca-4abe-8982-cc6124070574@group-FABD5D8F3597-LeaderElection22] INFO  impl.LeaderElection (LeaderElection.java:askForVotes(314)) - eae64dd3-82ca-4abe-8982-cc6124070574@group-FABD5D8F3597-LeaderElection22 ELECTION round 0: result PASSED (term=1)
2023-02-28 20:10:26,250 [eae64dd3-82ca-4abe-8982-cc6124070574@group-FABD5D8F3597-LeaderElection22] INFO  impl.RoleInfo (RoleInfo.java:shutdownLeaderElection(130)) - eae64dd3-82ca-4abe-8982-cc6124070574: shutdown eae64dd3-82ca-4abe-8982-cc6124070574@group-FABD5D8F3597-LeaderElection22
2023-02-28 20:10:26,250 [eae64dd3-82ca-4abe-8982-cc6124070574@group-FABD5D8F3597-LeaderElection22] INFO  server.RaftServer$Division (RaftServerImpl.java:setRole(321)) - eae64dd3-82ca-4abe-8982-cc6124070574@group-FABD5D8F3597: changes role from CANDIDATE to LEADER at term 1 for changeToLeader
2023-02-28 20:10:26,250 [eae64dd3-82ca-4abe-8982-cc6124070574@group-FABD5D8F3597-LeaderElection22] INFO  ratis.XceiverServerRatis (XceiverServerRatis.java:handleLeaderChangedNotification(905)) - Leader change notification received for group: group-FABD5D8F3597 with new leaderId: eae64dd3-82ca-4abe-8982-cc6124070574
2023-02-28 20:10:26,250 [eae64dd3-82ca-4abe-8982-cc6124070574@group-FABD5D8F3597-LeaderElection22] INFO  server.RaftServer$Division (ServerState.java:setLeader(313)) - eae64dd3-82ca-4abe-8982-cc6124070574@group-FABD5D8F3597: change Leader from null to eae64dd3-82ca-4abe-8982-cc6124070574 at term 1 for becomeLeader, leader elected after 5080ms
2023-02-28 20:10:26,250 [eae64dd3-82ca-4abe-8982-cc6124070574@group-FABD5D8F3597-LeaderElection22] INFO  server.RaftServerConfigKeys (ConfUtils.java:logGet(46)) - raft.server.staging.catchup.gap = 1000 (default)
2023-02-28 20:10:26,252 [eae64dd3-82ca-4abe-8982-cc6124070574@group-FABD5D8F3597-LeaderElection22] INFO  server.RaftServerConfigKeys (ConfUtils.java:logGet(46)) - raft.server.write.element-limit = 1024 (custom)
2023-02-28 20:10:26,252 [eae64dd3-82ca-4abe-8982-cc6124070574@group-FABD5D8F3597-LeaderElection22] INFO  server.RaftServerConfigKeys (ConfUtils.java:logGet(46)) - raft.server.write.byte-limit = 1024 M (=1073741824) (custom)
2023-02-28 20:10:26,252 [eae64dd3-82ca-4abe-8982-cc6124070574@group-FABD5D8F3597-LeaderElection22] INFO  server.RaftServerConfigKeys (ConfUtils.java:logGet(46)) - raft.server.watch.timeout = 180s (custom)
2023-02-28 20:10:26,253 [Time-limited test] INFO  rpc.RpcClient (RpcClient.java:createBucket(698)) - Creating Bucket: vol-36605/buck-11635, with server-side default bucket layout, runner as owner, Versioning false, Storage Type set to DISK and Encryption set to false, Replication Type set to server-side default replication type, Namespace Quota set to -1, Space Quota set to -1 
2023-02-28 20:10:26,254 [eae64dd3-82ca-4abe-8982-cc6124070574@group-FABD5D8F3597-LeaderElection22] INFO  server.RaftServerConfigKeys (ConfUtils.java:logGet(46)) - raft.server.watch.timeout.denomination = 1s (default)
2023-02-28 20:10:26,254 [eae64dd3-82ca-4abe-8982-cc6124070574@group-FABD5D8F3597-LeaderElection22] INFO  server.RaftServerConfigKeys (ConfUtils.java:logGet(46)) - raft.server.watch.element-limit = 65536 (default)
2023-02-28 20:10:26,254 [eae64dd3-82ca-4abe-8982-cc6124070574@group-FABD5D8F3597-LeaderElection22] INFO  server.RaftServerConfigKeys (ConfUtils.java:logGet(46)) - raft.server.write.element-limit = 1024 (custom)
2023-02-28 20:10:26,254 [eae64dd3-82ca-4abe-8982-cc6124070574@group-FABD5D8F3597-LeaderElection22] INFO  server.RaftServerConfigKeys (ConfUtils.java:logGet(46)) - raft.server.write.follower.gap.ratio.max = -1.0 (default)
2023-02-28 20:10:26,255 [eae64dd3-82ca-4abe-8982-cc6124070574@group-FABD5D8F3597-LeaderElection22] INFO  impl.RoleInfo (RoleInfo.java:updateAndGet(139)) - eae64dd3-82ca-4abe-8982-cc6124070574: start eae64dd3-82ca-4abe-8982-cc6124070574@group-FABD5D8F3597-LeaderStateImpl
2023-02-28 20:10:26,255 [eae64dd3-82ca-4abe-8982-cc6124070574@group-FABD5D8F3597-LeaderElection22] INFO  segmented.SegmentedRaftLogWorker (SegmentedRaftLogWorker.java:startLogSegment(452)) - eae64dd3-82ca-4abe-8982-cc6124070574@group-FABD5D8F3597-SegmentedRaftLogWorker: Starting segment from index:0
2023-02-28 20:10:26,256 [OM StateMachine ApplyTransaction Thread - 0] INFO  bucket.OMBucketCreateRequest (OMBucketCreateRequest.java:validateAndUpdateCache(263)) - created bucket: buck-11635 of layout LEGACY in volume: vol-36605
2023-02-28 20:10:26,256 [eae64dd3-82ca-4abe-8982-cc6124070574@group-FABD5D8F3597-SegmentedRaftLogWorker] INFO  segmented.SegmentedRaftLogWorker (SegmentedRaftLogWorker.java:execute(656)) - eae64dd3-82ca-4abe-8982-cc6124070574@group-FABD5D8F3597-SegmentedRaftLogWorker: created new log segment /home/runner/work/ozone/ozone/hadoop-ozone/integration-test/target/test-dir/MiniOzoneClusterImpl-9e11fa7e-4972-4825-87e7-ebdcd03a38ce/datanode-2/data/ratis/1fd7382f-f8eb-4084-8f2f-fabd5d8f3597/current/log_inprogress_0
2023-02-28 20:10:26,257 [OM StateMachine ApplyTransaction Thread - 0] INFO  bucket.OMBucketCreateRequest (OMBucketCreateRequest.java:validateAndUpdateCache(263)) - created bucket: buck-11635 of layout LEGACY in volume: vol-36605
2023-02-28 20:10:26,258 [OM StateMachine ApplyTransaction Thread - 0] INFO  bucket.OMBucketCreateRequest (OMBucketCreateRequest.java:validateAndUpdateCache(263)) - created bucket: buck-11635 of layout LEGACY in volume: vol-36605
2023-02-28 20:10:26,266 [eae64dd3-82ca-4abe-8982-cc6124070574@group-FABD5D8F3597-LeaderElection22] INFO  server.RaftServer$Division (ServerState.java:setRaftConf(430)) - eae64dd3-82ca-4abe-8982-cc6124070574@group-FABD5D8F3597: set configuration 0: peers:[eae64dd3-82ca-4abe-8982-cc6124070574|rpc:10.1.1.15:37275|dataStream:10.1.1.15:37921|priority:1|startupRole:FOLLOWER]|listeners:[], old=null
2023-02-28 20:10:26,276 [IPC Server handler 8 on default port 32933] INFO  ha.SequenceIdGenerator (SequenceIdGenerator.java:getNextId(128)) - Allocate a batch for containerId, change lastId from 0 to 1000.
2023-02-28 20:10:26,276 [IPC Server handler 8 on default port 32933] WARN  ha.SequenceIdGenerator (SequenceIdGenerator.java:allocateBatch(237)) - Failed to allocate a batch for localId, expected lastId is 0, actual lastId is 111677748019200000.
2023-02-28 20:10:26,277 [IPC Server handler 8 on default port 32933] INFO  ha.SequenceIdGenerator (SequenceIdGenerator.java:getNextId(128)) - Allocate a batch for localId, change lastId from 111677748019200000 to 111677748019201000.
2023-02-28 20:10:26,349 [OM StateMachine ApplyTransaction Thread - 0] INFO  snapshot.OMSnapshotCreateRequest (OMSnapshotCreateRequest.java:validateAndUpdateCache(180)) - Created snapshot 'snap85830' under path 'vol-36605/buck-11635'
2023-02-28 20:10:26,350 [OM StateMachine ApplyTransaction Thread - 0] INFO  snapshot.OMSnapshotCreateRequest (OMSnapshotCreateRequest.java:validateAndUpdateCache(180)) - Created snapshot 'snap85830' under path 'vol-36605/buck-11635'
2023-02-28 20:10:26,352 [OM StateMachine ApplyTransaction Thread - 0] INFO  snapshot.OMSnapshotCreateRequest (OMSnapshotCreateRequest.java:validateAndUpdateCache(180)) - Created snapshot 'snap85830' under path 'vol-36605/buck-11635'
2023-02-28 20:10:26,376 [OMDoubleBufferFlushThread] INFO  db.RDBCheckpointManager (RDBCheckpointManager.java:createCheckpoint(96)) - Created checkpoint in rocksDB at /home/runner/work/ozone/ozone/hadoop-ozone/integration-test/target/test-dir/MiniOzoneClusterImpl-9e11fa7e-4972-4825-87e7-ebdcd03a38ce/omNode-3/db.snapshots/om.db-f1d057db-dc3a-4966-8804-f5e2455a5c4c in 23 milliseconds
2023-02-28 20:10:26,379 [OMDoubleBufferFlushThread] INFO  db.RDBCheckpointManager (RDBCheckpointManager.java:waitForCheckpointDirectoryExist(125)) - Waited for 3 milliseconds for checkpoint directory /home/runner/work/ozone/ozone/hadoop-ozone/integration-test/target/test-dir/MiniOzoneClusterImpl-9e11fa7e-4972-4825-87e7-ebdcd03a38ce/omNode-3/db.snapshots/om.db-f1d057db-dc3a-4966-8804-f5e2455a5c4c availability.
2023-02-28 20:10:26,379 [OMDoubleBufferFlushThread] INFO  om.OmSnapshotManager (OmSnapshotManager.java:createOmSnapshotCheckpoint(163)) - Created checkpoint : /home/runner/work/ozone/ozone/hadoop-ozone/integration-test/target/test-dir/MiniOzoneClusterImpl-9e11fa7e-4972-4825-87e7-ebdcd03a38ce/omNode-3/db.snapshots/om.db-f1d057db-dc3a-4966-8804-f5e2455a5c4c for snapshot snap85830
2023-02-28 20:10:26,382 [OMDoubleBufferFlushThread] INFO  db.RDBCheckpointManager (RDBCheckpointManager.java:createCheckpoint(96)) - Created checkpoint in rocksDB at /home/runner/work/ozone/ozone/hadoop-ozone/integration-test/target/test-dir/MiniOzoneClusterImpl-9e11fa7e-4972-4825-87e7-ebdcd03a38ce/omNode-1/db.snapshots/om.db-f1d057db-dc3a-4966-8804-f5e2455a5c4c in 31 milliseconds
2023-02-28 20:10:26,386 [OMDoubleBufferFlushThread] INFO  db.RDBCheckpointManager (RDBCheckpointManager.java:createCheckpoint(96)) - Created checkpoint in rocksDB at /home/runner/work/ozone/ozone/hadoop-ozone/integration-test/target/test-dir/MiniOzoneClusterImpl-9e11fa7e-4972-4825-87e7-ebdcd03a38ce/omNode-2/db.snapshots/om.db-f1d057db-dc3a-4966-8804-f5e2455a5c4c in 33 milliseconds
2023-02-28 20:10:26,387 [OMDoubleBufferFlushThread] INFO  db.RDBCheckpointManager (RDBCheckpointManager.java:waitForCheckpointDirectoryExist(125)) - Waited for 5 milliseconds for checkpoint directory /home/runner/work/ozone/ozone/hadoop-ozone/integration-test/target/test-dir/MiniOzoneClusterImpl-9e11fa7e-4972-4825-87e7-ebdcd03a38ce/omNode-1/db.snapshots/om.db-f1d057db-dc3a-4966-8804-f5e2455a5c4c availability.
2023-02-28 20:10:26,387 [OMDoubleBufferFlushThread] INFO  om.OmSnapshotManager (OmSnapshotManager.java:createOmSnapshotCheckpoint(163)) - Created checkpoint : /home/runner/work/ozone/ozone/hadoop-ozone/integration-test/target/test-dir/MiniOzoneClusterImpl-9e11fa7e-4972-4825-87e7-ebdcd03a38ce/omNode-1/db.snapshots/om.db-f1d057db-dc3a-4966-8804-f5e2455a5c4c for snapshot snap85830
2023-02-28 20:10:26,391 [OMDoubleBufferFlushThread] INFO  db.RDBCheckpointManager (RDBCheckpointManager.java:waitForCheckpointDirectoryExist(125)) - Waited for 5 milliseconds for checkpoint directory /home/runner/work/ozone/ozone/hadoop-ozone/integration-test/target/test-dir/MiniOzoneClusterImpl-9e11fa7e-4972-4825-87e7-ebdcd03a38ce/omNode-2/db.snapshots/om.db-f1d057db-dc3a-4966-8804-f5e2455a5c4c availability.
2023-02-28 20:10:26,392 [OMDoubleBufferFlushThread] INFO  om.OmSnapshotManager (OmSnapshotManager.java:createOmSnapshotCheckpoint(163)) - Created checkpoint : /home/runner/work/ozone/ozone/hadoop-ozone/integration-test/target/test-dir/MiniOzoneClusterImpl-9e11fa7e-4972-4825-87e7-ebdcd03a38ce/omNode-2/db.snapshots/om.db-f1d057db-dc3a-4966-8804-f5e2455a5c4c for snapshot snap85830
]]></system-out>
  </testcase>
  <testcase name="testNonExistentBucket" classname="TestOmSnapshot" time="0.017">
    <system-out><![CDATA[2023-02-28 20:08:37,458 [Time-limited test] INFO  rpc.RpcClient (RpcClient.java:createVolume(476)) - Creating Volume: vol-14537, with runner as owner and space quota set to -1 bytes, counts quota set to -1
2023-02-28 20:08:37,463 [OM StateMachine ApplyTransaction Thread - 0] INFO  volume.OMVolumeCreateRequest (OMVolumeCreateRequest.java:validateAndUpdateCache(195)) - created volume:vol-14537 for user:runner
2023-02-28 20:08:37,466 [OM StateMachine ApplyTransaction Thread - 0] INFO  volume.OMVolumeCreateRequest (OMVolumeCreateRequest.java:validateAndUpdateCache(195)) - created volume:vol-14537 for user:runner
2023-02-28 20:08:37,466 [OM StateMachine ApplyTransaction Thread - 0] INFO  volume.OMVolumeCreateRequest (OMVolumeCreateRequest.java:validateAndUpdateCache(195)) - created volume:vol-14537 for user:runner
]]></system-out>
  </testcase>
  <testcase name="testNonExistentBucket" classname="TestOmSnapshot" time="0.009">
    <system-out><![CDATA[2023-02-28 20:09:33,635 [Time-limited test] INFO  rpc.RpcClient (RpcClient.java:createVolume(476)) - Creating Volume: vol-93329, with runner as owner and space quota set to -1 bytes, counts quota set to -1
2023-02-28 20:09:33,639 [OM StateMachine ApplyTransaction Thread - 0] INFO  volume.OMVolumeCreateRequest (OMVolumeCreateRequest.java:validateAndUpdateCache(195)) - created volume:vol-93329 for user:runner
2023-02-28 20:09:33,640 [OM StateMachine ApplyTransaction Thread - 0] INFO  volume.OMVolumeCreateRequest (OMVolumeCreateRequest.java:validateAndUpdateCache(195)) - created volume:vol-93329 for user:runner
]]></system-out>
  </testcase>
  <testcase name="testNonExistentBucket" classname="TestOmSnapshot" time="0.019">
    <system-out><![CDATA[2023-02-28 20:10:27,355 [Time-limited test] INFO  rpc.RpcClient (RpcClient.java:createVolume(476)) - Creating Volume: vol-92710, with runner as owner and space quota set to -1 bytes, counts quota set to -1
2023-02-28 20:10:27,359 [OM StateMachine ApplyTransaction Thread - 0] INFO  volume.OMVolumeCreateRequest (OMVolumeCreateRequest.java:validateAndUpdateCache(195)) - created volume:vol-92710 for user:runner
2023-02-28 20:10:27,360 [OM StateMachine ApplyTransaction Thread - 0] INFO  volume.OMVolumeCreateRequest (OMVolumeCreateRequest.java:validateAndUpdateCache(195)) - created volume:vol-92710 for user:runner
2023-02-28 20:10:27,369 [OM StateMachine ApplyTransaction Thread - 0] INFO  volume.OMVolumeCreateRequest (OMVolumeCreateRequest.java:validateAndUpdateCache(195)) - created volume:vol-92710 for user:runner
]]></system-out>
  </testcase>
  <testcase name="testSnapDiffWithMultipleSSTs" classname="TestOmSnapshot" time="1.139">
    <failure type="java.lang.AssertionError"><![CDATA[java.lang.AssertionError: expected:<1> but was:<2>
	at org.junit.Assert.fail(Assert.java:89)
	at org.junit.Assert.failNotEquals(Assert.java:835)
	at org.junit.Assert.assertEquals(Assert.java:647)
	at org.junit.Assert.assertEquals(Assert.java:633)
	at org.apache.hadoop.ozone.om.TestOmSnapshot.testSnapDiffWithMultipleSSTs(TestOmSnapshot.java:641)
	at sun.reflect.NativeMethodAccessorImpl.invoke0(Native Method)
	at sun.reflect.NativeMethodAccessorImpl.invoke(NativeMethodAccessorImpl.java:62)
	at sun.reflect.DelegatingMethodAccessorImpl.invoke(DelegatingMethodAccessorImpl.java:43)
	at java.lang.reflect.Method.invoke(Method.java:498)
	at org.junit.runners.model.FrameworkMethod$1.runReflectiveCall(FrameworkMethod.java:59)
	at org.junit.internal.runners.model.ReflectiveCallable.run(ReflectiveCallable.java:12)
	at org.junit.runners.model.FrameworkMethod.invokeExplosively(FrameworkMethod.java:56)
	at org.junit.internal.runners.statements.InvokeMethod.evaluate(InvokeMethod.java:17)
	at org.junit.internal.runners.statements.FailOnTimeout$CallableStatement.call(FailOnTimeout.java:288)
	at org.junit.internal.runners.statements.FailOnTimeout$CallableStatement.call(FailOnTimeout.java:282)
	at java.util.concurrent.FutureTask.run(FutureTask.java:266)
	at java.lang.Thread.run(Thread.java:750)
]]></failure>
    <system-out><![CDATA[2023-02-28 20:08:37,474 [Time-limited test] INFO  rpc.RpcClient (RpcClient.java:createVolume(476)) - Creating Volume: vol-92807, with runner as owner and space quota set to -1 bytes, counts quota set to -1
2023-02-28 20:08:37,480 [OM StateMachine ApplyTransaction Thread - 0] INFO  volume.OMVolumeCreateRequest (OMVolumeCreateRequest.java:validateAndUpdateCache(195)) - created volume:vol-92807 for user:runner
2023-02-28 20:08:37,483 [OM StateMachine ApplyTransaction Thread - 0] INFO  volume.OMVolumeCreateRequest (OMVolumeCreateRequest.java:validateAndUpdateCache(195)) - created volume:vol-92807 for user:runner
2023-02-28 20:08:37,484 [Time-limited test] INFO  rpc.RpcClient (RpcClient.java:createBucket(698)) - Creating Bucket: vol-92807/buck1, with server-side default bucket layout, runner as owner, Versioning false, Storage Type set to DISK and Encryption set to false, Replication Type set to server-side default replication type, Namespace Quota set to -1, Space Quota set to -1 
2023-02-28 20:08:37,485 [OM StateMachine ApplyTransaction Thread - 0] INFO  volume.OMVolumeCreateRequest (OMVolumeCreateRequest.java:validateAndUpdateCache(195)) - created volume:vol-92807 for user:runner
2023-02-28 20:08:37,489 [OM StateMachine ApplyTransaction Thread - 0] INFO  bucket.OMBucketCreateRequest (OMBucketCreateRequest.java:validateAndUpdateCache(263)) - created bucket: buck1 of layout OBJECT_STORE in volume: vol-92807
2023-02-28 20:08:37,491 [Time-limited test] INFO  rpc.RpcClient (RpcClient.java:createBucket(698)) - Creating Bucket: vol-92807/buck2, with server-side default bucket layout, runner as owner, Versioning false, Storage Type set to DISK and Encryption set to false, Replication Type set to server-side default replication type, Namespace Quota set to -1, Space Quota set to -1 
2023-02-28 20:08:37,492 [OM StateMachine ApplyTransaction Thread - 0] INFO  bucket.OMBucketCreateRequest (OMBucketCreateRequest.java:validateAndUpdateCache(263)) - created bucket: buck1 of layout OBJECT_STORE in volume: vol-92807
2023-02-28 20:08:37,495 [OM StateMachine ApplyTransaction Thread - 0] INFO  bucket.OMBucketCreateRequest (OMBucketCreateRequest.java:validateAndUpdateCache(263)) - created bucket: buck1 of layout OBJECT_STORE in volume: vol-92807
2023-02-28 20:08:37,497 [OM StateMachine ApplyTransaction Thread - 0] INFO  bucket.OMBucketCreateRequest (OMBucketCreateRequest.java:validateAndUpdateCache(263)) - created bucket: buck2 of layout OBJECT_STORE in volume: vol-92807
2023-02-28 20:08:37,499 [OM StateMachine ApplyTransaction Thread - 0] INFO  bucket.OMBucketCreateRequest (OMBucketCreateRequest.java:validateAndUpdateCache(263)) - created bucket: buck2 of layout OBJECT_STORE in volume: vol-92807
2023-02-28 20:08:37,501 [OM StateMachine ApplyTransaction Thread - 0] INFO  bucket.OMBucketCreateRequest (OMBucketCreateRequest.java:validateAndUpdateCache(263)) - created bucket: buck2 of layout OBJECT_STORE in volume: vol-92807
2023-02-28 20:08:37,608 [OM StateMachine ApplyTransaction Thread - 0] INFO  snapshot.OMSnapshotCreateRequest (OMSnapshotCreateRequest.java:validateAndUpdateCache(180)) - Created snapshot 'snap18903' under path 'vol-92807/buck1'
2023-02-28 20:08:37,609 [OM StateMachine ApplyTransaction Thread - 0] INFO  snapshot.OMSnapshotCreateRequest (OMSnapshotCreateRequest.java:validateAndUpdateCache(180)) - Created snapshot 'snap18903' under path 'vol-92807/buck1'
2023-02-28 20:08:37,611 [OM StateMachine ApplyTransaction Thread - 0] INFO  snapshot.OMSnapshotCreateRequest (OMSnapshotCreateRequest.java:validateAndUpdateCache(180)) - Created snapshot 'snap18903' under path 'vol-92807/buck1'
2023-02-28 20:08:37,638 [OMDoubleBufferFlushThread] INFO  db.RDBCheckpointManager (RDBCheckpointManager.java:createCheckpoint(96)) - Created checkpoint in rocksDB at /home/runner/work/ozone/ozone/hadoop-ozone/integration-test/target/test-dir/MiniOzoneClusterImpl-e7d671b1-06ed-40aa-a52b-2678dd5bab1b/omNode-2/db.snapshots/om.db-fd74824b-c3e2-45e3-a500-59c6fdab1c68 in 27 milliseconds
2023-02-28 20:08:37,639 [OMDoubleBufferFlushThread] INFO  db.RDBCheckpointManager (RDBCheckpointManager.java:waitForCheckpointDirectoryExist(125)) - Waited for 0 milliseconds for checkpoint directory /home/runner/work/ozone/ozone/hadoop-ozone/integration-test/target/test-dir/MiniOzoneClusterImpl-e7d671b1-06ed-40aa-a52b-2678dd5bab1b/omNode-2/db.snapshots/om.db-fd74824b-c3e2-45e3-a500-59c6fdab1c68 availability.
2023-02-28 20:08:37,639 [OMDoubleBufferFlushThread] INFO  om.OmSnapshotManager (OmSnapshotManager.java:createOmSnapshotCheckpoint(163)) - Created checkpoint : /home/runner/work/ozone/ozone/hadoop-ozone/integration-test/target/test-dir/MiniOzoneClusterImpl-e7d671b1-06ed-40aa-a52b-2678dd5bab1b/omNode-2/db.snapshots/om.db-fd74824b-c3e2-45e3-a500-59c6fdab1c68 for snapshot snap18903
2023-02-28 20:08:37,641 [OMDoubleBufferFlushThread] INFO  db.RDBCheckpointManager (RDBCheckpointManager.java:createCheckpoint(96)) - Created checkpoint in rocksDB at /home/runner/work/ozone/ozone/hadoop-ozone/integration-test/target/test-dir/MiniOzoneClusterImpl-e7d671b1-06ed-40aa-a52b-2678dd5bab1b/omNode-1/db.snapshots/om.db-fd74824b-c3e2-45e3-a500-59c6fdab1c68 in 31 milliseconds
2023-02-28 20:08:37,641 [OMDoubleBufferFlushThread] INFO  db.RDBCheckpointManager (RDBCheckpointManager.java:waitForCheckpointDirectoryExist(125)) - Waited for 0 milliseconds for checkpoint directory /home/runner/work/ozone/ozone/hadoop-ozone/integration-test/target/test-dir/MiniOzoneClusterImpl-e7d671b1-06ed-40aa-a52b-2678dd5bab1b/omNode-1/db.snapshots/om.db-fd74824b-c3e2-45e3-a500-59c6fdab1c68 availability.
2023-02-28 20:08:37,641 [OMDoubleBufferFlushThread] INFO  om.OmSnapshotManager (OmSnapshotManager.java:createOmSnapshotCheckpoint(163)) - Created checkpoint : /home/runner/work/ozone/ozone/hadoop-ozone/integration-test/target/test-dir/MiniOzoneClusterImpl-e7d671b1-06ed-40aa-a52b-2678dd5bab1b/omNode-1/db.snapshots/om.db-fd74824b-c3e2-45e3-a500-59c6fdab1c68 for snapshot snap18903
2023-02-28 20:08:37,643 [OMDoubleBufferFlushThread] INFO  db.RDBCheckpointManager (RDBCheckpointManager.java:createCheckpoint(96)) - Created checkpoint in rocksDB at /home/runner/work/ozone/ozone/hadoop-ozone/integration-test/target/test-dir/MiniOzoneClusterImpl-e7d671b1-06ed-40aa-a52b-2678dd5bab1b/omNode-3/db.snapshots/om.db-fd74824b-c3e2-45e3-a500-59c6fdab1c68 in 30 milliseconds
2023-02-28 20:08:37,643 [OMDoubleBufferFlushThread] INFO  db.RDBCheckpointManager (RDBCheckpointManager.java:waitForCheckpointDirectoryExist(125)) - Waited for 0 milliseconds for checkpoint directory /home/runner/work/ozone/ozone/hadoop-ozone/integration-test/target/test-dir/MiniOzoneClusterImpl-e7d671b1-06ed-40aa-a52b-2678dd5bab1b/omNode-3/db.snapshots/om.db-fd74824b-c3e2-45e3-a500-59c6fdab1c68 availability.
2023-02-28 20:08:37,643 [OMDoubleBufferFlushThread] INFO  om.OmSnapshotManager (OmSnapshotManager.java:createOmSnapshotCheckpoint(163)) - Created checkpoint : /home/runner/work/ozone/ozone/hadoop-ozone/integration-test/target/test-dir/MiniOzoneClusterImpl-e7d671b1-06ed-40aa-a52b-2678dd5bab1b/omNode-3/db.snapshots/om.db-fd74824b-c3e2-45e3-a500-59c6fdab1c68 for snapshot snap18903
]]></system-out>
  </testcase>
  <testcase name="testSnapDiffWithMultipleSSTs" classname="TestOmSnapshot" time="1.076">
    <failure type="java.lang.AssertionError"><![CDATA[java.lang.AssertionError: expected:<1> but was:<2>
	at org.junit.Assert.fail(Assert.java:89)
	at org.junit.Assert.failNotEquals(Assert.java:835)
	at org.junit.Assert.assertEquals(Assert.java:647)
	at org.junit.Assert.assertEquals(Assert.java:633)
	at org.apache.hadoop.ozone.om.TestOmSnapshot.testSnapDiffWithMultipleSSTs(TestOmSnapshot.java:641)
	at sun.reflect.NativeMethodAccessorImpl.invoke0(Native Method)
	at sun.reflect.NativeMethodAccessorImpl.invoke(NativeMethodAccessorImpl.java:62)
	at sun.reflect.DelegatingMethodAccessorImpl.invoke(DelegatingMethodAccessorImpl.java:43)
	at java.lang.reflect.Method.invoke(Method.java:498)
	at org.junit.runners.model.FrameworkMethod$1.runReflectiveCall(FrameworkMethod.java:59)
	at org.junit.internal.runners.model.ReflectiveCallable.run(ReflectiveCallable.java:12)
	at org.junit.runners.model.FrameworkMethod.invokeExplosively(FrameworkMethod.java:56)
	at org.junit.internal.runners.statements.InvokeMethod.evaluate(InvokeMethod.java:17)
	at org.junit.internal.runners.statements.FailOnTimeout$CallableStatement.call(FailOnTimeout.java:288)
	at org.junit.internal.runners.statements.FailOnTimeout$CallableStatement.call(FailOnTimeout.java:282)
	at java.util.concurrent.FutureTask.run(FutureTask.java:266)
	at java.lang.Thread.run(Thread.java:750)
]]></failure>
    <system-out><![CDATA[2023-02-28 20:09:33,642 [OM StateMachine ApplyTransaction Thread - 0] INFO  volume.OMVolumeCreateRequest (OMVolumeCreateRequest.java:validateAndUpdateCache(195)) - created volume:vol-93329 for user:runner
2023-02-28 20:09:33,642 [Time-limited test] INFO  rpc.RpcClient (RpcClient.java:createVolume(476)) - Creating Volume: vol-97190, with runner as owner and space quota set to -1 bytes, counts quota set to -1
2023-02-28 20:09:33,646 [OM StateMachine ApplyTransaction Thread - 0] INFO  volume.OMVolumeCreateRequest (OMVolumeCreateRequest.java:validateAndUpdateCache(195)) - created volume:vol-97190 for user:runner
2023-02-28 20:09:33,646 [OM StateMachine ApplyTransaction Thread - 0] INFO  volume.OMVolumeCreateRequest (OMVolumeCreateRequest.java:validateAndUpdateCache(195)) - created volume:vol-97190 for user:runner
2023-02-28 20:09:33,647 [OM StateMachine ApplyTransaction Thread - 0] INFO  volume.OMVolumeCreateRequest (OMVolumeCreateRequest.java:validateAndUpdateCache(195)) - created volume:vol-97190 for user:runner
2023-02-28 20:09:33,648 [Time-limited test] INFO  rpc.RpcClient (RpcClient.java:createBucket(698)) - Creating Bucket: vol-97190/buck1, with server-side default bucket layout, runner as owner, Versioning false, Storage Type set to DISK and Encryption set to false, Replication Type set to server-side default replication type, Namespace Quota set to -1, Space Quota set to -1 
2023-02-28 20:09:33,652 [OM StateMachine ApplyTransaction Thread - 0] INFO  bucket.OMBucketCreateRequest (OMBucketCreateRequest.java:validateAndUpdateCache(263)) - created bucket: buck1 of layout FILE_SYSTEM_OPTIMIZED in volume: vol-97190
2023-02-28 20:09:33,653 [Time-limited test] INFO  rpc.RpcClient (RpcClient.java:createBucket(698)) - Creating Bucket: vol-97190/buck2, with server-side default bucket layout, runner as owner, Versioning false, Storage Type set to DISK and Encryption set to false, Replication Type set to server-side default replication type, Namespace Quota set to -1, Space Quota set to -1 
2023-02-28 20:09:33,653 [OM StateMachine ApplyTransaction Thread - 0] INFO  bucket.OMBucketCreateRequest (OMBucketCreateRequest.java:validateAndUpdateCache(263)) - created bucket: buck1 of layout FILE_SYSTEM_OPTIMIZED in volume: vol-97190
2023-02-28 20:09:33,653 [OM StateMachine ApplyTransaction Thread - 0] INFO  bucket.OMBucketCreateRequest (OMBucketCreateRequest.java:validateAndUpdateCache(263)) - created bucket: buck1 of layout FILE_SYSTEM_OPTIMIZED in volume: vol-97190
2023-02-28 20:09:33,657 [OM StateMachine ApplyTransaction Thread - 0] INFO  bucket.OMBucketCreateRequest (OMBucketCreateRequest.java:validateAndUpdateCache(263)) - created bucket: buck2 of layout FILE_SYSTEM_OPTIMIZED in volume: vol-97190
2023-02-28 20:09:33,658 [OM StateMachine ApplyTransaction Thread - 0] INFO  bucket.OMBucketCreateRequest (OMBucketCreateRequest.java:validateAndUpdateCache(263)) - created bucket: buck2 of layout FILE_SYSTEM_OPTIMIZED in volume: vol-97190
2023-02-28 20:09:33,658 [OM StateMachine ApplyTransaction Thread - 0] INFO  bucket.OMBucketCreateRequest (OMBucketCreateRequest.java:validateAndUpdateCache(263)) - created bucket: buck2 of layout FILE_SYSTEM_OPTIMIZED in volume: vol-97190
2023-02-28 20:09:33,714 [OM StateMachine ApplyTransaction Thread - 0] INFO  snapshot.OMSnapshotCreateRequest (OMSnapshotCreateRequest.java:validateAndUpdateCache(180)) - Created snapshot 'snap84958' under path 'vol-97190/buck1'
2023-02-28 20:09:33,716 [OM StateMachine ApplyTransaction Thread - 0] INFO  snapshot.OMSnapshotCreateRequest (OMSnapshotCreateRequest.java:validateAndUpdateCache(180)) - Created snapshot 'snap84958' under path 'vol-97190/buck1'
2023-02-28 20:09:33,716 [OM StateMachine ApplyTransaction Thread - 0] INFO  snapshot.OMSnapshotCreateRequest (OMSnapshotCreateRequest.java:validateAndUpdateCache(180)) - Created snapshot 'snap84958' under path 'vol-97190/buck1'
2023-02-28 20:09:34,128 [JvmPauseMonitor11] WARN  util.JvmPauseMonitor (JvmPauseMonitor.java:detectPause(126)) - JvmPauseMonitor-9fb7a251-87f9-4a5e-bbf3-14e1e3694fcd: Detected pause in JVM or host machine (eg GC): pause of approximately 174366800ns.
GC pool 'PS MarkSweep' had collection(s): count=1 time=262ms
GC pool 'PS Scavenge' had collection(s): count=1 time=129ms
2023-02-28 20:09:34,131 [JvmPauseMonitor7] WARN  util.JvmPauseMonitor (JvmPauseMonitor.java:detectPause(126)) - JvmPauseMonitor-omNode-2: Detected pause in JVM or host machine (eg GC): pause of approximately 381017408ns.
GC pool 'PS MarkSweep' had collection(s): count=1 time=262ms
GC pool 'PS Scavenge' had collection(s): count=1 time=129ms
2023-02-28 20:09:34,130 [JvmPauseMonitor9] WARN  util.JvmPauseMonitor (JvmPauseMonitor.java:detectPause(126)) - JvmPauseMonitor-937551b9-64e7-48ec-8838-f5047df98f27: Detected pause in JVM or host machine (eg GC): pause of approximately 333424054ns.
GC pool 'PS MarkSweep' had collection(s): count=1 time=262ms
GC pool 'PS Scavenge' had collection(s): count=1 time=129ms
2023-02-28 20:09:34,129 [JvmPauseMonitor6] WARN  util.JvmPauseMonitor (JvmPauseMonitor.java:detectPause(126)) - JvmPauseMonitor-omNode-1: Detected pause in JVM or host machine (eg GC): pause of approximately 198877441ns.
GC pool 'PS MarkSweep' had collection(s): count=1 time=262ms
GC pool 'PS Scavenge' had collection(s): count=1 time=129ms
2023-02-28 20:09:34,145 [OMDoubleBufferFlushThread] INFO  db.RDBCheckpointManager (RDBCheckpointManager.java:createCheckpoint(96)) - Created checkpoint in rocksDB at /home/runner/work/ozone/ozone/hadoop-ozone/integration-test/target/test-dir/MiniOzoneClusterImpl-58db5c20-d6df-4fe1-a747-1f1a0fc9447e/omNode-1/db.snapshots/om.db-6a84e871-8e4a-4c18-832d-ee09b44b578a in 429 milliseconds
2023-02-28 20:09:34,145 [OMDoubleBufferFlushThread] INFO  db.RDBCheckpointManager (RDBCheckpointManager.java:waitForCheckpointDirectoryExist(125)) - Waited for 0 milliseconds for checkpoint directory /home/runner/work/ozone/ozone/hadoop-ozone/integration-test/target/test-dir/MiniOzoneClusterImpl-58db5c20-d6df-4fe1-a747-1f1a0fc9447e/omNode-1/db.snapshots/om.db-6a84e871-8e4a-4c18-832d-ee09b44b578a availability.
2023-02-28 20:09:34,145 [OMDoubleBufferFlushThread] INFO  om.OmSnapshotManager (OmSnapshotManager.java:createOmSnapshotCheckpoint(163)) - Created checkpoint : /home/runner/work/ozone/ozone/hadoop-ozone/integration-test/target/test-dir/MiniOzoneClusterImpl-58db5c20-d6df-4fe1-a747-1f1a0fc9447e/omNode-1/db.snapshots/om.db-6a84e871-8e4a-4c18-832d-ee09b44b578a for snapshot snap84958
2023-02-28 20:09:34,160 [OMDoubleBufferFlushThread] INFO  db.RDBCheckpointManager (RDBCheckpointManager.java:createCheckpoint(96)) - Created checkpoint in rocksDB at /home/runner/work/ozone/ozone/hadoop-ozone/integration-test/target/test-dir/MiniOzoneClusterImpl-58db5c20-d6df-4fe1-a747-1f1a0fc9447e/omNode-2/db.snapshots/om.db-6a84e871-8e4a-4c18-832d-ee09b44b578a in 442 milliseconds
2023-02-28 20:09:34,166 [OMDoubleBufferFlushThread] INFO  db.RDBCheckpointManager (RDBCheckpointManager.java:waitForCheckpointDirectoryExist(125)) - Waited for 6 milliseconds for checkpoint directory /home/runner/work/ozone/ozone/hadoop-ozone/integration-test/target/test-dir/MiniOzoneClusterImpl-58db5c20-d6df-4fe1-a747-1f1a0fc9447e/omNode-2/db.snapshots/om.db-6a84e871-8e4a-4c18-832d-ee09b44b578a availability.
2023-02-28 20:09:34,166 [OMDoubleBufferFlushThread] INFO  om.OmSnapshotManager (OmSnapshotManager.java:createOmSnapshotCheckpoint(163)) - Created checkpoint : /home/runner/work/ozone/ozone/hadoop-ozone/integration-test/target/test-dir/MiniOzoneClusterImpl-58db5c20-d6df-4fe1-a747-1f1a0fc9447e/omNode-2/db.snapshots/om.db-6a84e871-8e4a-4c18-832d-ee09b44b578a for snapshot snap84958
2023-02-28 20:09:34,172 [OMDoubleBufferFlushThread] INFO  db.RDBCheckpointManager (RDBCheckpointManager.java:createCheckpoint(96)) - Created checkpoint in rocksDB at /home/runner/work/ozone/ozone/hadoop-ozone/integration-test/target/test-dir/MiniOzoneClusterImpl-58db5c20-d6df-4fe1-a747-1f1a0fc9447e/omNode-3/db.snapshots/om.db-6a84e871-8e4a-4c18-832d-ee09b44b578a in 453 milliseconds
2023-02-28 20:09:34,174 [OMDoubleBufferFlushThread] INFO  db.RDBCheckpointManager (RDBCheckpointManager.java:waitForCheckpointDirectoryExist(125)) - Waited for 2 milliseconds for checkpoint directory /home/runner/work/ozone/ozone/hadoop-ozone/integration-test/target/test-dir/MiniOzoneClusterImpl-58db5c20-d6df-4fe1-a747-1f1a0fc9447e/omNode-3/db.snapshots/om.db-6a84e871-8e4a-4c18-832d-ee09b44b578a availability.
2023-02-28 20:09:34,174 [OMDoubleBufferFlushThread] INFO  om.OmSnapshotManager (OmSnapshotManager.java:createOmSnapshotCheckpoint(163)) - Created checkpoint : /home/runner/work/ozone/ozone/hadoop-ozone/integration-test/target/test-dir/MiniOzoneClusterImpl-58db5c20-d6df-4fe1-a747-1f1a0fc9447e/omNode-3/db.snapshots/om.db-6a84e871-8e4a-4c18-832d-ee09b44b578a for snapshot snap84958
]]></system-out>
  </testcase>
  <testcase name="testSnapDiffWithMultipleSSTs" classname="TestOmSnapshot" time="1.07">
    <failure type="java.lang.AssertionError"><![CDATA[java.lang.AssertionError: expected:<1> but was:<2>
	at org.junit.Assert.fail(Assert.java:89)
	at org.junit.Assert.failNotEquals(Assert.java:835)
	at org.junit.Assert.assertEquals(Assert.java:647)
	at org.junit.Assert.assertEquals(Assert.java:633)
	at org.apache.hadoop.ozone.om.TestOmSnapshot.testSnapDiffWithMultipleSSTs(TestOmSnapshot.java:641)
	at sun.reflect.NativeMethodAccessorImpl.invoke0(Native Method)
	at sun.reflect.NativeMethodAccessorImpl.invoke(NativeMethodAccessorImpl.java:62)
	at sun.reflect.DelegatingMethodAccessorImpl.invoke(DelegatingMethodAccessorImpl.java:43)
	at java.lang.reflect.Method.invoke(Method.java:498)
	at org.junit.runners.model.FrameworkMethod$1.runReflectiveCall(FrameworkMethod.java:59)
	at org.junit.internal.runners.model.ReflectiveCallable.run(ReflectiveCallable.java:12)
	at org.junit.runners.model.FrameworkMethod.invokeExplosively(FrameworkMethod.java:56)
	at org.junit.internal.runners.statements.InvokeMethod.evaluate(InvokeMethod.java:17)
	at org.junit.internal.runners.statements.FailOnTimeout$CallableStatement.call(FailOnTimeout.java:288)
	at org.junit.internal.runners.statements.FailOnTimeout$CallableStatement.call(FailOnTimeout.java:282)
	at java.util.concurrent.FutureTask.run(FutureTask.java:266)
	at java.lang.Thread.run(Thread.java:750)
]]></failure>
    <system-out><![CDATA[2023-02-28 20:10:27,377 [Time-limited test] INFO  rpc.RpcClient (RpcClient.java:createVolume(476)) - Creating Volume: vol-17208, with runner as owner and space quota set to -1 bytes, counts quota set to -1
2023-02-28 20:10:27,379 [OM StateMachine ApplyTransaction Thread - 0] INFO  volume.OMVolumeCreateRequest (OMVolumeCreateRequest.java:validateAndUpdateCache(195)) - created volume:vol-17208 for user:runner
2023-02-28 20:10:27,380 [OM StateMachine ApplyTransaction Thread - 0] INFO  volume.OMVolumeCreateRequest (OMVolumeCreateRequest.java:validateAndUpdateCache(195)) - created volume:vol-17208 for user:runner
2023-02-28 20:10:27,381 [OM StateMachine ApplyTransaction Thread - 0] INFO  volume.OMVolumeCreateRequest (OMVolumeCreateRequest.java:validateAndUpdateCache(195)) - created volume:vol-17208 for user:runner
2023-02-28 20:10:27,382 [Time-limited test] INFO  rpc.RpcClient (RpcClient.java:createBucket(698)) - Creating Bucket: vol-17208/buck1, with server-side default bucket layout, runner as owner, Versioning false, Storage Type set to DISK and Encryption set to false, Replication Type set to server-side default replication type, Namespace Quota set to -1, Space Quota set to -1 
2023-02-28 20:10:27,386 [OM StateMachine ApplyTransaction Thread - 0] INFO  bucket.OMBucketCreateRequest (OMBucketCreateRequest.java:validateAndUpdateCache(263)) - created bucket: buck1 of layout LEGACY in volume: vol-17208
2023-02-28 20:10:27,386 [OM StateMachine ApplyTransaction Thread - 0] INFO  bucket.OMBucketCreateRequest (OMBucketCreateRequest.java:validateAndUpdateCache(263)) - created bucket: buck1 of layout LEGACY in volume: vol-17208
2023-02-28 20:10:27,387 [Time-limited test] INFO  rpc.RpcClient (RpcClient.java:createBucket(698)) - Creating Bucket: vol-17208/buck2, with server-side default bucket layout, runner as owner, Versioning false, Storage Type set to DISK and Encryption set to false, Replication Type set to server-side default replication type, Namespace Quota set to -1, Space Quota set to -1 
2023-02-28 20:10:27,388 [OM StateMachine ApplyTransaction Thread - 0] INFO  bucket.OMBucketCreateRequest (OMBucketCreateRequest.java:validateAndUpdateCache(263)) - created bucket: buck1 of layout LEGACY in volume: vol-17208
2023-02-28 20:10:27,390 [OM StateMachine ApplyTransaction Thread - 0] INFO  bucket.OMBucketCreateRequest (OMBucketCreateRequest.java:validateAndUpdateCache(263)) - created bucket: buck2 of layout LEGACY in volume: vol-17208
2023-02-28 20:10:27,390 [OM StateMachine ApplyTransaction Thread - 0] INFO  bucket.OMBucketCreateRequest (OMBucketCreateRequest.java:validateAndUpdateCache(263)) - created bucket: buck2 of layout LEGACY in volume: vol-17208
2023-02-28 20:10:27,391 [OM StateMachine ApplyTransaction Thread - 0] INFO  bucket.OMBucketCreateRequest (OMBucketCreateRequest.java:validateAndUpdateCache(263)) - created bucket: buck2 of layout LEGACY in volume: vol-17208
2023-02-28 20:10:27,439 [OM StateMachine ApplyTransaction Thread - 0] INFO  snapshot.OMSnapshotCreateRequest (OMSnapshotCreateRequest.java:validateAndUpdateCache(180)) - Created snapshot 'snap61564' under path 'vol-17208/buck1'
2023-02-28 20:10:27,440 [OM StateMachine ApplyTransaction Thread - 0] INFO  snapshot.OMSnapshotCreateRequest (OMSnapshotCreateRequest.java:validateAndUpdateCache(180)) - Created snapshot 'snap61564' under path 'vol-17208/buck1'
2023-02-28 20:10:27,440 [OM StateMachine ApplyTransaction Thread - 0] INFO  snapshot.OMSnapshotCreateRequest (OMSnapshotCreateRequest.java:validateAndUpdateCache(180)) - Created snapshot 'snap61564' under path 'vol-17208/buck1'
2023-02-28 20:10:27,467 [OMDoubleBufferFlushThread] INFO  db.RDBCheckpointManager (RDBCheckpointManager.java:createCheckpoint(96)) - Created checkpoint in rocksDB at /home/runner/work/ozone/ozone/hadoop-ozone/integration-test/target/test-dir/MiniOzoneClusterImpl-9e11fa7e-4972-4825-87e7-ebdcd03a38ce/omNode-3/db.snapshots/om.db-9dff7851-35f2-46cd-a968-231ca5c1cd4b in 24 milliseconds
2023-02-28 20:10:27,471 [OMDoubleBufferFlushThread] INFO  db.RDBCheckpointManager (RDBCheckpointManager.java:waitForCheckpointDirectoryExist(125)) - Waited for 3 milliseconds for checkpoint directory /home/runner/work/ozone/ozone/hadoop-ozone/integration-test/target/test-dir/MiniOzoneClusterImpl-9e11fa7e-4972-4825-87e7-ebdcd03a38ce/omNode-3/db.snapshots/om.db-9dff7851-35f2-46cd-a968-231ca5c1cd4b availability.
2023-02-28 20:10:27,471 [OMDoubleBufferFlushThread] INFO  om.OmSnapshotManager (OmSnapshotManager.java:createOmSnapshotCheckpoint(163)) - Created checkpoint : /home/runner/work/ozone/ozone/hadoop-ozone/integration-test/target/test-dir/MiniOzoneClusterImpl-9e11fa7e-4972-4825-87e7-ebdcd03a38ce/omNode-3/db.snapshots/om.db-9dff7851-35f2-46cd-a968-231ca5c1cd4b for snapshot snap61564
2023-02-28 20:10:27,477 [OMDoubleBufferFlushThread] INFO  db.RDBCheckpointManager (RDBCheckpointManager.java:createCheckpoint(96)) - Created checkpoint in rocksDB at /home/runner/work/ozone/ozone/hadoop-ozone/integration-test/target/test-dir/MiniOzoneClusterImpl-9e11fa7e-4972-4825-87e7-ebdcd03a38ce/omNode-1/db.snapshots/om.db-9dff7851-35f2-46cd-a968-231ca5c1cd4b in 33 milliseconds
2023-02-28 20:10:27,478 [OMDoubleBufferFlushThread] INFO  db.RDBCheckpointManager (RDBCheckpointManager.java:waitForCheckpointDirectoryExist(125)) - Waited for 0 milliseconds for checkpoint directory /home/runner/work/ozone/ozone/hadoop-ozone/integration-test/target/test-dir/MiniOzoneClusterImpl-9e11fa7e-4972-4825-87e7-ebdcd03a38ce/omNode-1/db.snapshots/om.db-9dff7851-35f2-46cd-a968-231ca5c1cd4b availability.
2023-02-28 20:10:27,478 [OMDoubleBufferFlushThread] INFO  om.OmSnapshotManager (OmSnapshotManager.java:createOmSnapshotCheckpoint(163)) - Created checkpoint : /home/runner/work/ozone/ozone/hadoop-ozone/integration-test/target/test-dir/MiniOzoneClusterImpl-9e11fa7e-4972-4825-87e7-ebdcd03a38ce/omNode-1/db.snapshots/om.db-9dff7851-35f2-46cd-a968-231ca5c1cd4b for snapshot snap61564
2023-02-28 20:10:27,480 [OMDoubleBufferFlushThread] INFO  db.RDBCheckpointManager (RDBCheckpointManager.java:createCheckpoint(96)) - Created checkpoint in rocksDB at /home/runner/work/ozone/ozone/hadoop-ozone/integration-test/target/test-dir/MiniOzoneClusterImpl-9e11fa7e-4972-4825-87e7-ebdcd03a38ce/omNode-2/db.snapshots/om.db-9dff7851-35f2-46cd-a968-231ca5c1cd4b in 36 milliseconds
2023-02-28 20:10:27,480 [OMDoubleBufferFlushThread] INFO  db.RDBCheckpointManager (RDBCheckpointManager.java:waitForCheckpointDirectoryExist(125)) - Waited for 0 milliseconds for checkpoint directory /home/runner/work/ozone/ozone/hadoop-ozone/integration-test/target/test-dir/MiniOzoneClusterImpl-9e11fa7e-4972-4825-87e7-ebdcd03a38ce/omNode-2/db.snapshots/om.db-9dff7851-35f2-46cd-a968-231ca5c1cd4b availability.
2023-02-28 20:10:27,480 [OMDoubleBufferFlushThread] INFO  om.OmSnapshotManager (OmSnapshotManager.java:createOmSnapshotCheckpoint(163)) - Created checkpoint : /home/runner/work/ozone/ozone/hadoop-ozone/integration-test/target/test-dir/MiniOzoneClusterImpl-9e11fa7e-4972-4825-87e7-ebdcd03a38ce/omNode-2/db.snapshots/om.db-9dff7851-35f2-46cd-a968-231ca5c1cd4b for snapshot snap61564
]]></system-out>
  </testcase>
  <testcase name="testDeleteSnapshotFailure" classname="TestOmSnapshot" time="1.13">
    <system-out><![CDATA[2023-02-28 20:08:38,621 [Time-limited test] INFO  rpc.RpcClient (RpcClient.java:createVolume(476)) - Creating Volume: vol-24223, with runner as owner and space quota set to -1 bytes, counts quota set to -1
2023-02-28 20:08:38,627 [OM StateMachine ApplyTransaction Thread - 0] INFO  volume.OMVolumeCreateRequest (OMVolumeCreateRequest.java:validateAndUpdateCache(195)) - created volume:vol-24223 for user:runner
2023-02-28 20:08:38,629 [OM StateMachine ApplyTransaction Thread - 0] INFO  volume.OMVolumeCreateRequest (OMVolumeCreateRequest.java:validateAndUpdateCache(195)) - created volume:vol-24223 for user:runner
2023-02-28 20:08:38,631 [OM StateMachine ApplyTransaction Thread - 0] INFO  volume.OMVolumeCreateRequest (OMVolumeCreateRequest.java:validateAndUpdateCache(195)) - created volume:vol-24223 for user:runner
2023-02-28 20:08:38,632 [Time-limited test] INFO  rpc.RpcClient (RpcClient.java:createBucket(698)) - Creating Bucket: vol-24223/buck-22994, with server-side default bucket layout, runner as owner, Versioning false, Storage Type set to DISK and Encryption set to false, Replication Type set to server-side default replication type, Namespace Quota set to -1, Space Quota set to -1 
2023-02-28 20:08:38,637 [OM StateMachine ApplyTransaction Thread - 0] INFO  bucket.OMBucketCreateRequest (OMBucketCreateRequest.java:validateAndUpdateCache(263)) - created bucket: buck-22994 of layout OBJECT_STORE in volume: vol-24223
2023-02-28 20:08:38,638 [OM StateMachine ApplyTransaction Thread - 0] INFO  bucket.OMBucketCreateRequest (OMBucketCreateRequest.java:validateAndUpdateCache(263)) - created bucket: buck-22994 of layout OBJECT_STORE in volume: vol-24223
2023-02-28 20:08:38,639 [OM StateMachine ApplyTransaction Thread - 0] INFO  bucket.OMBucketCreateRequest (OMBucketCreateRequest.java:validateAndUpdateCache(263)) - created bucket: buck-22994 of layout OBJECT_STORE in volume: vol-24223
2023-02-28 20:08:38,714 [OM StateMachine ApplyTransaction Thread - 0] INFO  snapshot.OMSnapshotCreateRequest (OMSnapshotCreateRequest.java:validateAndUpdateCache(180)) - Created snapshot 'snap35176' under path 'vol-24223/buck-22994'
2023-02-28 20:08:38,717 [OM StateMachine ApplyTransaction Thread - 0] INFO  snapshot.OMSnapshotCreateRequest (OMSnapshotCreateRequest.java:validateAndUpdateCache(180)) - Created snapshot 'snap35176' under path 'vol-24223/buck-22994'
2023-02-28 20:08:38,718 [OM StateMachine ApplyTransaction Thread - 0] INFO  snapshot.OMSnapshotCreateRequest (OMSnapshotCreateRequest.java:validateAndUpdateCache(180)) - Created snapshot 'snap35176' under path 'vol-24223/buck-22994'
2023-02-28 20:08:38,754 [OMDoubleBufferFlushThread] INFO  db.RDBCheckpointManager (RDBCheckpointManager.java:createCheckpoint(96)) - Created checkpoint in rocksDB at /home/runner/work/ozone/ozone/hadoop-ozone/integration-test/target/test-dir/MiniOzoneClusterImpl-e7d671b1-06ed-40aa-a52b-2678dd5bab1b/omNode-2/db.snapshots/om.db-c6922747-9ee4-4480-8616-61b58e850617 in 35 milliseconds
2023-02-28 20:08:38,754 [OMDoubleBufferFlushThread] INFO  db.RDBCheckpointManager (RDBCheckpointManager.java:waitForCheckpointDirectoryExist(125)) - Waited for 0 milliseconds for checkpoint directory /home/runner/work/ozone/ozone/hadoop-ozone/integration-test/target/test-dir/MiniOzoneClusterImpl-e7d671b1-06ed-40aa-a52b-2678dd5bab1b/omNode-2/db.snapshots/om.db-c6922747-9ee4-4480-8616-61b58e850617 availability.
2023-02-28 20:08:38,755 [OMDoubleBufferFlushThread] INFO  om.OmSnapshotManager (OmSnapshotManager.java:createOmSnapshotCheckpoint(163)) - Created checkpoint : /home/runner/work/ozone/ozone/hadoop-ozone/integration-test/target/test-dir/MiniOzoneClusterImpl-e7d671b1-06ed-40aa-a52b-2678dd5bab1b/omNode-2/db.snapshots/om.db-c6922747-9ee4-4480-8616-61b58e850617 for snapshot snap35176
2023-02-28 20:08:38,758 [OMDoubleBufferFlushThread] INFO  db.RDBCheckpointManager (RDBCheckpointManager.java:createCheckpoint(96)) - Created checkpoint in rocksDB at /home/runner/work/ozone/ozone/hadoop-ozone/integration-test/target/test-dir/MiniOzoneClusterImpl-e7d671b1-06ed-40aa-a52b-2678dd5bab1b/omNode-3/db.snapshots/om.db-c6922747-9ee4-4480-8616-61b58e850617 in 39 milliseconds
2023-02-28 20:08:38,758 [OMDoubleBufferFlushThread] INFO  db.RDBCheckpointManager (RDBCheckpointManager.java:createCheckpoint(96)) - Created checkpoint in rocksDB at /home/runner/work/ozone/ozone/hadoop-ozone/integration-test/target/test-dir/MiniOzoneClusterImpl-e7d671b1-06ed-40aa-a52b-2678dd5bab1b/omNode-1/db.snapshots/om.db-c6922747-9ee4-4480-8616-61b58e850617 in 43 milliseconds
2023-02-28 20:08:38,759 [OMDoubleBufferFlushThread] INFO  db.RDBCheckpointManager (RDBCheckpointManager.java:waitForCheckpointDirectoryExist(125)) - Waited for 1 milliseconds for checkpoint directory /home/runner/work/ozone/ozone/hadoop-ozone/integration-test/target/test-dir/MiniOzoneClusterImpl-e7d671b1-06ed-40aa-a52b-2678dd5bab1b/omNode-3/db.snapshots/om.db-c6922747-9ee4-4480-8616-61b58e850617 availability.
2023-02-28 20:08:38,759 [OMDoubleBufferFlushThread] INFO  db.RDBCheckpointManager (RDBCheckpointManager.java:waitForCheckpointDirectoryExist(125)) - Waited for 1 milliseconds for checkpoint directory /home/runner/work/ozone/ozone/hadoop-ozone/integration-test/target/test-dir/MiniOzoneClusterImpl-e7d671b1-06ed-40aa-a52b-2678dd5bab1b/omNode-1/db.snapshots/om.db-c6922747-9ee4-4480-8616-61b58e850617 availability.
2023-02-28 20:08:38,759 [OMDoubleBufferFlushThread] INFO  om.OmSnapshotManager (OmSnapshotManager.java:createOmSnapshotCheckpoint(163)) - Created checkpoint : /home/runner/work/ozone/ozone/hadoop-ozone/integration-test/target/test-dir/MiniOzoneClusterImpl-e7d671b1-06ed-40aa-a52b-2678dd5bab1b/omNode-1/db.snapshots/om.db-c6922747-9ee4-4480-8616-61b58e850617 for snapshot snap35176
2023-02-28 20:08:38,759 [OMDoubleBufferFlushThread] INFO  om.OmSnapshotManager (OmSnapshotManager.java:createOmSnapshotCheckpoint(163)) - Created checkpoint : /home/runner/work/ozone/ozone/hadoop-ozone/integration-test/target/test-dir/MiniOzoneClusterImpl-e7d671b1-06ed-40aa-a52b-2678dd5bab1b/omNode-3/db.snapshots/om.db-c6922747-9ee4-4480-8616-61b58e850617 for snapshot snap35176
20:08:39.734 [OM StateMachine ApplyTransaction Thread - 0] ERROR OMAudit - user=runner | ip=127.0.0.1 | op=DELETE_SNAPSHOT {volume=vol-24223, bucket=buck-22994, snapshotName=snapnonexistent} | ret=FAILURE
org.apache.hadoop.ozone.om.exceptions.OMException: Snapshot does not exist
	at org.apache.hadoop.ozone.om.request.snapshot.OMSnapshotDeleteRequest.validateAndUpdateCache(OMSnapshotDeleteRequest.java:153) ~[ozone-manager-1.4.0-SNAPSHOT.jar:?]
	at org.apache.hadoop.ozone.protocolPB.OzoneManagerRequestHandler.handleWriteRequest(OzoneManagerRequestHandler.java:337) ~[ozone-manager-1.4.0-SNAPSHOT.jar:?]
	at org.apache.hadoop.ozone.om.ratis.OzoneManagerStateMachine.runCommand(OzoneManagerStateMachine.java:533) ~[ozone-manager-1.4.0-SNAPSHOT.jar:?]
	at org.apache.hadoop.ozone.om.ratis.OzoneManagerStateMachine.lambda$1(OzoneManagerStateMachine.java:324) ~[ozone-manager-1.4.0-SNAPSHOT.jar:?]
	at java.util.concurrent.CompletableFuture$AsyncSupply.run(CompletableFuture.java:1604) [?:1.8.0_362]
	at java.util.concurrent.ThreadPoolExecutor.runWorker(ThreadPoolExecutor.java:1149) [?:1.8.0_362]
	at java.util.concurrent.ThreadPoolExecutor$Worker.run(ThreadPoolExecutor.java:624) [?:1.8.0_362]
	at java.lang.Thread.run(Thread.java:750) [?:1.8.0_362]
20:08:39.742 [OM StateMachine ApplyTransaction Thread - 0] ERROR OMAudit - user=runner | ip=127.0.0.1 | op=DELETE_SNAPSHOT {volume=vol-24223, bucket=buck-22994, snapshotName=snapnonexistent} | ret=FAILURE
org.apache.hadoop.ozone.om.exceptions.OMException: Snapshot does not exist
	at org.apache.hadoop.ozone.om.request.snapshot.OMSnapshotDeleteRequest.validateAndUpdateCache(OMSnapshotDeleteRequest.java:153) ~[ozone-manager-1.4.0-SNAPSHOT.jar:?]
	at org.apache.hadoop.ozone.protocolPB.OzoneManagerRequestHandler.handleWriteRequest(OzoneManagerRequestHandler.java:337) ~[ozone-manager-1.4.0-SNAPSHOT.jar:?]
	at org.apache.hadoop.ozone.om.ratis.OzoneManagerStateMachine.runCommand(OzoneManagerStateMachine.java:533) ~[ozone-manager-1.4.0-SNAPSHOT.jar:?]
	at org.apache.hadoop.ozone.om.ratis.OzoneManagerStateMachine.lambda$1(OzoneManagerStateMachine.java:324) ~[ozone-manager-1.4.0-SNAPSHOT.jar:?]
	at java.util.concurrent.CompletableFuture$AsyncSupply.run(CompletableFuture.java:1604) [?:1.8.0_362]
	at java.util.concurrent.ThreadPoolExecutor.runWorker(ThreadPoolExecutor.java:1149) [?:1.8.0_362]
	at java.util.concurrent.ThreadPoolExecutor$Worker.run(ThreadPoolExecutor.java:624) [?:1.8.0_362]
	at java.lang.Thread.run(Thread.java:750) [?:1.8.0_362]
20:08:39.731 [OM StateMachine ApplyTransaction Thread - 0] ERROR OMAudit - user=runner | ip=127.0.0.1 | op=DELETE_SNAPSHOT {volume=vol-24223, bucket=buck-22994, snapshotName=snapnonexistent} | ret=FAILURE
org.apache.hadoop.ozone.om.exceptions.OMException: Snapshot does not exist
	at org.apache.hadoop.ozone.om.request.snapshot.OMSnapshotDeleteRequest.validateAndUpdateCache(OMSnapshotDeleteRequest.java:153) ~[ozone-manager-1.4.0-SNAPSHOT.jar:?]
	at org.apache.hadoop.ozone.protocolPB.OzoneManagerRequestHandler.handleWriteRequest(OzoneManagerRequestHandler.java:337) ~[ozone-manager-1.4.0-SNAPSHOT.jar:?]
	at org.apache.hadoop.ozone.om.ratis.OzoneManagerStateMachine.runCommand(OzoneManagerStateMachine.java:533) ~[ozone-manager-1.4.0-SNAPSHOT.jar:?]
	at org.apache.hadoop.ozone.om.ratis.OzoneManagerStateMachine.lambda$1(OzoneManagerStateMachine.java:324) ~[ozone-manager-1.4.0-SNAPSHOT.jar:?]
	at java.util.concurrent.CompletableFuture$AsyncSupply.run(CompletableFuture.java:1604) [?:1.8.0_362]
	at java.util.concurrent.ThreadPoolExecutor.runWorker(ThreadPoolExecutor.java:1149) [?:1.8.0_362]
	at java.util.concurrent.ThreadPoolExecutor$Worker.run(ThreadPoolExecutor.java:624) [?:1.8.0_362]
	at java.lang.Thread.run(Thread.java:750) [?:1.8.0_362]
2023-02-28 20:08:39,744 [OM StateMachine ApplyTransaction Thread - 0] ERROR snapshot.OMSnapshotDeleteRequest (OMSnapshotDeleteRequest.java:validateAndUpdateCache(221)) - Failed to delete snapshot 'snapnonexistent' under path 'vol-24223/buck-22994'
2023-02-28 20:08:39,745 [OM StateMachine ApplyTransaction Thread - 0] ERROR snapshot.OMSnapshotDeleteRequest (OMSnapshotDeleteRequest.java:validateAndUpdateCache(221)) - Failed to delete snapshot 'snapnonexistent' under path 'vol-24223/buck-22994'
2023-02-28 20:08:39,745 [OM StateMachine ApplyTransaction Thread - 0] ERROR snapshot.OMSnapshotDeleteRequest (OMSnapshotDeleteRequest.java:validateAndUpdateCache(221)) - Failed to delete snapshot 'snapnonexistent' under path 'vol-24223/buck-22994'
]]></system-out>
  </testcase>
  <testcase name="testDeleteSnapshotFailure" classname="TestOmSnapshot" time="1.114">
    <system-out><![CDATA[2023-02-28 20:09:34,721 [Time-limited test] INFO  rpc.RpcClient (RpcClient.java:createVolume(476)) - Creating Volume: vol-38499, with runner as owner and space quota set to -1 bytes, counts quota set to -1
2023-02-28 20:09:34,724 [OM StateMachine ApplyTransaction Thread - 0] INFO  volume.OMVolumeCreateRequest (OMVolumeCreateRequest.java:validateAndUpdateCache(195)) - created volume:vol-38499 for user:runner
2023-02-28 20:09:34,725 [OM StateMachine ApplyTransaction Thread - 0] INFO  volume.OMVolumeCreateRequest (OMVolumeCreateRequest.java:validateAndUpdateCache(195)) - created volume:vol-38499 for user:runner
2023-02-28 20:09:34,725 [OM StateMachine ApplyTransaction Thread - 0] INFO  volume.OMVolumeCreateRequest (OMVolumeCreateRequest.java:validateAndUpdateCache(195)) - created volume:vol-38499 for user:runner
2023-02-28 20:09:34,727 [Time-limited test] INFO  rpc.RpcClient (RpcClient.java:createBucket(698)) - Creating Bucket: vol-38499/buck-88890, with server-side default bucket layout, runner as owner, Versioning false, Storage Type set to DISK and Encryption set to false, Replication Type set to server-side default replication type, Namespace Quota set to -1, Space Quota set to -1 
2023-02-28 20:09:34,729 [OM StateMachine ApplyTransaction Thread - 0] INFO  bucket.OMBucketCreateRequest (OMBucketCreateRequest.java:validateAndUpdateCache(263)) - created bucket: buck-88890 of layout FILE_SYSTEM_OPTIMIZED in volume: vol-38499
2023-02-28 20:09:34,730 [OM StateMachine ApplyTransaction Thread - 0] INFO  bucket.OMBucketCreateRequest (OMBucketCreateRequest.java:validateAndUpdateCache(263)) - created bucket: buck-88890 of layout FILE_SYSTEM_OPTIMIZED in volume: vol-38499
2023-02-28 20:09:34,731 [OM StateMachine ApplyTransaction Thread - 0] INFO  bucket.OMBucketCreateRequest (OMBucketCreateRequest.java:validateAndUpdateCache(263)) - created bucket: buck-88890 of layout FILE_SYSTEM_OPTIMIZED in volume: vol-38499
2023-02-28 20:09:34,823 [OM StateMachine ApplyTransaction Thread - 0] INFO  snapshot.OMSnapshotCreateRequest (OMSnapshotCreateRequest.java:validateAndUpdateCache(180)) - Created snapshot 'snap86917' under path 'vol-38499/buck-88890'
2023-02-28 20:09:34,825 [OM StateMachine ApplyTransaction Thread - 0] INFO  snapshot.OMSnapshotCreateRequest (OMSnapshotCreateRequest.java:validateAndUpdateCache(180)) - Created snapshot 'snap86917' under path 'vol-38499/buck-88890'
2023-02-28 20:09:34,826 [OM StateMachine ApplyTransaction Thread - 0] INFO  snapshot.OMSnapshotCreateRequest (OMSnapshotCreateRequest.java:validateAndUpdateCache(180)) - Created snapshot 'snap86917' under path 'vol-38499/buck-88890'
2023-02-28 20:09:34,853 [OMDoubleBufferFlushThread] INFO  db.RDBCheckpointManager (RDBCheckpointManager.java:createCheckpoint(96)) - Created checkpoint in rocksDB at /home/runner/work/ozone/ozone/hadoop-ozone/integration-test/target/test-dir/MiniOzoneClusterImpl-58db5c20-d6df-4fe1-a747-1f1a0fc9447e/omNode-2/db.snapshots/om.db-ce21f2cf-6d09-4cc6-a2a0-f23b742db3e8 in 28 milliseconds
2023-02-28 20:09:34,854 [OMDoubleBufferFlushThread] INFO  db.RDBCheckpointManager (RDBCheckpointManager.java:waitForCheckpointDirectoryExist(125)) - Waited for 1 milliseconds for checkpoint directory /home/runner/work/ozone/ozone/hadoop-ozone/integration-test/target/test-dir/MiniOzoneClusterImpl-58db5c20-d6df-4fe1-a747-1f1a0fc9447e/omNode-2/db.snapshots/om.db-ce21f2cf-6d09-4cc6-a2a0-f23b742db3e8 availability.
2023-02-28 20:09:34,854 [OMDoubleBufferFlushThread] INFO  om.OmSnapshotManager (OmSnapshotManager.java:createOmSnapshotCheckpoint(163)) - Created checkpoint : /home/runner/work/ozone/ozone/hadoop-ozone/integration-test/target/test-dir/MiniOzoneClusterImpl-58db5c20-d6df-4fe1-a747-1f1a0fc9447e/omNode-2/db.snapshots/om.db-ce21f2cf-6d09-4cc6-a2a0-f23b742db3e8 for snapshot snap86917
2023-02-28 20:09:34,857 [OMDoubleBufferFlushThread] INFO  db.RDBCheckpointManager (RDBCheckpointManager.java:createCheckpoint(96)) - Created checkpoint in rocksDB at /home/runner/work/ozone/ozone/hadoop-ozone/integration-test/target/test-dir/MiniOzoneClusterImpl-58db5c20-d6df-4fe1-a747-1f1a0fc9447e/omNode-3/db.snapshots/om.db-ce21f2cf-6d09-4cc6-a2a0-f23b742db3e8 in 31 milliseconds
2023-02-28 20:09:34,858 [OMDoubleBufferFlushThread] INFO  db.RDBCheckpointManager (RDBCheckpointManager.java:createCheckpoint(96)) - Created checkpoint in rocksDB at /home/runner/work/ozone/ozone/hadoop-ozone/integration-test/target/test-dir/MiniOzoneClusterImpl-58db5c20-d6df-4fe1-a747-1f1a0fc9447e/omNode-1/db.snapshots/om.db-ce21f2cf-6d09-4cc6-a2a0-f23b742db3e8 in 32 milliseconds
2023-02-28 20:09:34,858 [OMDoubleBufferFlushThread] INFO  db.RDBCheckpointManager (RDBCheckpointManager.java:waitForCheckpointDirectoryExist(125)) - Waited for 1 milliseconds for checkpoint directory /home/runner/work/ozone/ozone/hadoop-ozone/integration-test/target/test-dir/MiniOzoneClusterImpl-58db5c20-d6df-4fe1-a747-1f1a0fc9447e/omNode-3/db.snapshots/om.db-ce21f2cf-6d09-4cc6-a2a0-f23b742db3e8 availability.
2023-02-28 20:09:34,858 [OMDoubleBufferFlushThread] INFO  om.OmSnapshotManager (OmSnapshotManager.java:createOmSnapshotCheckpoint(163)) - Created checkpoint : /home/runner/work/ozone/ozone/hadoop-ozone/integration-test/target/test-dir/MiniOzoneClusterImpl-58db5c20-d6df-4fe1-a747-1f1a0fc9447e/omNode-3/db.snapshots/om.db-ce21f2cf-6d09-4cc6-a2a0-f23b742db3e8 for snapshot snap86917
2023-02-28 20:09:34,858 [OMDoubleBufferFlushThread] INFO  db.RDBCheckpointManager (RDBCheckpointManager.java:waitForCheckpointDirectoryExist(125)) - Waited for 0 milliseconds for checkpoint directory /home/runner/work/ozone/ozone/hadoop-ozone/integration-test/target/test-dir/MiniOzoneClusterImpl-58db5c20-d6df-4fe1-a747-1f1a0fc9447e/omNode-1/db.snapshots/om.db-ce21f2cf-6d09-4cc6-a2a0-f23b742db3e8 availability.
2023-02-28 20:09:34,859 [OMDoubleBufferFlushThread] INFO  om.OmSnapshotManager (OmSnapshotManager.java:createOmSnapshotCheckpoint(163)) - Created checkpoint : /home/runner/work/ozone/ozone/hadoop-ozone/integration-test/target/test-dir/MiniOzoneClusterImpl-58db5c20-d6df-4fe1-a747-1f1a0fc9447e/omNode-1/db.snapshots/om.db-ce21f2cf-6d09-4cc6-a2a0-f23b742db3e8 for snapshot snap86917
20:09:35.828 [OM StateMachine ApplyTransaction Thread - 0] ERROR OMAudit - user=runner | ip=127.0.0.1 | op=DELETE_SNAPSHOT {volume=vol-38499, bucket=buck-88890, snapshotName=snapnonexistent} | ret=FAILURE
org.apache.hadoop.ozone.om.exceptions.OMException: Snapshot does not exist
	at org.apache.hadoop.ozone.om.request.snapshot.OMSnapshotDeleteRequest.validateAndUpdateCache(OMSnapshotDeleteRequest.java:153) ~[ozone-manager-1.4.0-SNAPSHOT.jar:?]
	at org.apache.hadoop.ozone.protocolPB.OzoneManagerRequestHandler.handleWriteRequest(OzoneManagerRequestHandler.java:337) ~[ozone-manager-1.4.0-SNAPSHOT.jar:?]
	at org.apache.hadoop.ozone.om.ratis.OzoneManagerStateMachine.runCommand(OzoneManagerStateMachine.java:533) ~[ozone-manager-1.4.0-SNAPSHOT.jar:?]
	at org.apache.hadoop.ozone.om.ratis.OzoneManagerStateMachine.lambda$1(OzoneManagerStateMachine.java:324) ~[ozone-manager-1.4.0-SNAPSHOT.jar:?]
	at java.util.concurrent.CompletableFuture$AsyncSupply.run(CompletableFuture.java:1604) [?:1.8.0_362]
	at java.util.concurrent.ThreadPoolExecutor.runWorker(ThreadPoolExecutor.java:1149) [?:1.8.0_362]
	at java.util.concurrent.ThreadPoolExecutor$Worker.run(ThreadPoolExecutor.java:624) [?:1.8.0_362]
	at java.lang.Thread.run(Thread.java:750) [?:1.8.0_362]
2023-02-28 20:09:35,828 [OM StateMachine ApplyTransaction Thread - 0] ERROR snapshot.OMSnapshotDeleteRequest (OMSnapshotDeleteRequest.java:validateAndUpdateCache(221)) - Failed to delete snapshot 'snapnonexistent' under path 'vol-38499/buck-88890'
20:09:35.830 [OM StateMachine ApplyTransaction Thread - 0] ERROR OMAudit - user=runner | ip=127.0.0.1 | op=DELETE_SNAPSHOT {volume=vol-38499, bucket=buck-88890, snapshotName=snapnonexistent} | ret=FAILURE
org.apache.hadoop.ozone.om.exceptions.OMException: Snapshot does not exist
	at org.apache.hadoop.ozone.om.request.snapshot.OMSnapshotDeleteRequest.validateAndUpdateCache(OMSnapshotDeleteRequest.java:153) ~[ozone-manager-1.4.0-SNAPSHOT.jar:?]
	at org.apache.hadoop.ozone.protocolPB.OzoneManagerRequestHandler.handleWriteRequest(OzoneManagerRequestHandler.java:337) ~[ozone-manager-1.4.0-SNAPSHOT.jar:?]
	at org.apache.hadoop.ozone.om.ratis.OzoneManagerStateMachine.runCommand(OzoneManagerStateMachine.java:533) ~[ozone-manager-1.4.0-SNAPSHOT.jar:?]
	at org.apache.hadoop.ozone.om.ratis.OzoneManagerStateMachine.lambda$1(OzoneManagerStateMachine.java:324) ~[ozone-manager-1.4.0-SNAPSHOT.jar:?]
	at java.util.concurrent.CompletableFuture$AsyncSupply.run(CompletableFuture.java:1604) [?:1.8.0_362]
	at java.util.concurrent.ThreadPoolExecutor.runWorker(ThreadPoolExecutor.java:1149) [?:1.8.0_362]
	at java.util.concurrent.ThreadPoolExecutor$Worker.run(ThreadPoolExecutor.java:624) [?:1.8.0_362]
	at java.lang.Thread.run(Thread.java:750) [?:1.8.0_362]
2023-02-28 20:09:35,830 [OM StateMachine ApplyTransaction Thread - 0] ERROR snapshot.OMSnapshotDeleteRequest (OMSnapshotDeleteRequest.java:validateAndUpdateCache(221)) - Failed to delete snapshot 'snapnonexistent' under path 'vol-38499/buck-88890'
20:09:35.831 [OM StateMachine ApplyTransaction Thread - 0] ERROR OMAudit - user=runner | ip=127.0.0.1 | op=DELETE_SNAPSHOT {volume=vol-38499, bucket=buck-88890, snapshotName=snapnonexistent} | ret=FAILURE
org.apache.hadoop.ozone.om.exceptions.OMException: Snapshot does not exist
	at org.apache.hadoop.ozone.om.request.snapshot.OMSnapshotDeleteRequest.validateAndUpdateCache(OMSnapshotDeleteRequest.java:153) ~[ozone-manager-1.4.0-SNAPSHOT.jar:?]
	at org.apache.hadoop.ozone.protocolPB.OzoneManagerRequestHandler.handleWriteRequest(OzoneManagerRequestHandler.java:337) ~[ozone-manager-1.4.0-SNAPSHOT.jar:?]
	at org.apache.hadoop.ozone.om.ratis.OzoneManagerStateMachine.runCommand(OzoneManagerStateMachine.java:533) ~[ozone-manager-1.4.0-SNAPSHOT.jar:?]
	at org.apache.hadoop.ozone.om.ratis.OzoneManagerStateMachine.lambda$1(OzoneManagerStateMachine.java:324) ~[ozone-manager-1.4.0-SNAPSHOT.jar:?]
	at java.util.concurrent.CompletableFuture$AsyncSupply.run(CompletableFuture.java:1604) [?:1.8.0_362]
	at java.util.concurrent.ThreadPoolExecutor.runWorker(ThreadPoolExecutor.java:1149) [?:1.8.0_362]
	at java.util.concurrent.ThreadPoolExecutor$Worker.run(ThreadPoolExecutor.java:624) [?:1.8.0_362]
	at java.lang.Thread.run(Thread.java:750) [?:1.8.0_362]
2023-02-28 20:09:35,832 [OM StateMachine ApplyTransaction Thread - 0] ERROR snapshot.OMSnapshotDeleteRequest (OMSnapshotDeleteRequest.java:validateAndUpdateCache(221)) - Failed to delete snapshot 'snapnonexistent' under path 'vol-38499/buck-88890'
]]></system-out>
  </testcase>
  <testcase name="testDeleteSnapshotFailure" classname="TestOmSnapshot" time="1.106">
    <system-out><![CDATA[2023-02-28 20:10:28,446 [Time-limited test] INFO  rpc.RpcClient (RpcClient.java:createVolume(476)) - Creating Volume: vol-23821, with runner as owner and space quota set to -1 bytes, counts quota set to -1
2023-02-28 20:10:28,448 [OM StateMachine ApplyTransaction Thread - 0] INFO  volume.OMVolumeCreateRequest (OMVolumeCreateRequest.java:validateAndUpdateCache(195)) - created volume:vol-23821 for user:runner
2023-02-28 20:10:28,449 [OM StateMachine ApplyTransaction Thread - 0] INFO  volume.OMVolumeCreateRequest (OMVolumeCreateRequest.java:validateAndUpdateCache(195)) - created volume:vol-23821 for user:runner
2023-02-28 20:10:28,449 [OM StateMachine ApplyTransaction Thread - 0] INFO  volume.OMVolumeCreateRequest (OMVolumeCreateRequest.java:validateAndUpdateCache(195)) - created volume:vol-23821 for user:runner
2023-02-28 20:10:28,450 [Time-limited test] INFO  rpc.RpcClient (RpcClient.java:createBucket(698)) - Creating Bucket: vol-23821/buck-48403, with server-side default bucket layout, runner as owner, Versioning false, Storage Type set to DISK and Encryption set to false, Replication Type set to server-side default replication type, Namespace Quota set to -1, Space Quota set to -1 
2023-02-28 20:10:28,453 [OM StateMachine ApplyTransaction Thread - 0] INFO  bucket.OMBucketCreateRequest (OMBucketCreateRequest.java:validateAndUpdateCache(263)) - created bucket: buck-48403 of layout LEGACY in volume: vol-23821
2023-02-28 20:10:28,454 [OM StateMachine ApplyTransaction Thread - 0] INFO  bucket.OMBucketCreateRequest (OMBucketCreateRequest.java:validateAndUpdateCache(263)) - created bucket: buck-48403 of layout LEGACY in volume: vol-23821
2023-02-28 20:10:28,457 [OM StateMachine ApplyTransaction Thread - 0] INFO  bucket.OMBucketCreateRequest (OMBucketCreateRequest.java:validateAndUpdateCache(263)) - created bucket: buck-48403 of layout LEGACY in volume: vol-23821
2023-02-28 20:10:28,542 [OM StateMachine ApplyTransaction Thread - 0] INFO  snapshot.OMSnapshotCreateRequest (OMSnapshotCreateRequest.java:validateAndUpdateCache(180)) - Created snapshot 'snap48063' under path 'vol-23821/buck-48403'
2023-02-28 20:10:28,543 [OM StateMachine ApplyTransaction Thread - 0] INFO  snapshot.OMSnapshotCreateRequest (OMSnapshotCreateRequest.java:validateAndUpdateCache(180)) - Created snapshot 'snap48063' under path 'vol-23821/buck-48403'
2023-02-28 20:10:28,544 [OM StateMachine ApplyTransaction Thread - 0] INFO  snapshot.OMSnapshotCreateRequest (OMSnapshotCreateRequest.java:validateAndUpdateCache(180)) - Created snapshot 'snap48063' under path 'vol-23821/buck-48403'
2023-02-28 20:10:28,574 [OMDoubleBufferFlushThread] INFO  db.RDBCheckpointManager (RDBCheckpointManager.java:createCheckpoint(96)) - Created checkpoint in rocksDB at /home/runner/work/ozone/ozone/hadoop-ozone/integration-test/target/test-dir/MiniOzoneClusterImpl-9e11fa7e-4972-4825-87e7-ebdcd03a38ce/omNode-1/db.snapshots/om.db-acf64bed-08df-411d-8fb0-bca3f5d979e9 in 30 milliseconds
2023-02-28 20:10:28,579 [OMDoubleBufferFlushThread] INFO  db.RDBCheckpointManager (RDBCheckpointManager.java:waitForCheckpointDirectoryExist(125)) - Waited for 5 milliseconds for checkpoint directory /home/runner/work/ozone/ozone/hadoop-ozone/integration-test/target/test-dir/MiniOzoneClusterImpl-9e11fa7e-4972-4825-87e7-ebdcd03a38ce/omNode-1/db.snapshots/om.db-acf64bed-08df-411d-8fb0-bca3f5d979e9 availability.
2023-02-28 20:10:28,579 [OMDoubleBufferFlushThread] INFO  om.OmSnapshotManager (OmSnapshotManager.java:createOmSnapshotCheckpoint(163)) - Created checkpoint : /home/runner/work/ozone/ozone/hadoop-ozone/integration-test/target/test-dir/MiniOzoneClusterImpl-9e11fa7e-4972-4825-87e7-ebdcd03a38ce/omNode-1/db.snapshots/om.db-acf64bed-08df-411d-8fb0-bca3f5d979e9 for snapshot snap48063
2023-02-28 20:10:28,580 [OMDoubleBufferFlushThread] INFO  db.RDBCheckpointManager (RDBCheckpointManager.java:createCheckpoint(96)) - Created checkpoint in rocksDB at /home/runner/work/ozone/ozone/hadoop-ozone/integration-test/target/test-dir/MiniOzoneClusterImpl-9e11fa7e-4972-4825-87e7-ebdcd03a38ce/omNode-3/db.snapshots/om.db-acf64bed-08df-411d-8fb0-bca3f5d979e9 in 36 milliseconds
2023-02-28 20:10:28,583 [OMDoubleBufferFlushThread] INFO  db.RDBCheckpointManager (RDBCheckpointManager.java:waitForCheckpointDirectoryExist(125)) - Waited for 2 milliseconds for checkpoint directory /home/runner/work/ozone/ozone/hadoop-ozone/integration-test/target/test-dir/MiniOzoneClusterImpl-9e11fa7e-4972-4825-87e7-ebdcd03a38ce/omNode-3/db.snapshots/om.db-acf64bed-08df-411d-8fb0-bca3f5d979e9 availability.
2023-02-28 20:10:28,583 [OMDoubleBufferFlushThread] INFO  om.OmSnapshotManager (OmSnapshotManager.java:createOmSnapshotCheckpoint(163)) - Created checkpoint : /home/runner/work/ozone/ozone/hadoop-ozone/integration-test/target/test-dir/MiniOzoneClusterImpl-9e11fa7e-4972-4825-87e7-ebdcd03a38ce/omNode-3/db.snapshots/om.db-acf64bed-08df-411d-8fb0-bca3f5d979e9 for snapshot snap48063
2023-02-28 20:10:28,587 [OMDoubleBufferFlushThread] INFO  db.RDBCheckpointManager (RDBCheckpointManager.java:createCheckpoint(96)) - Created checkpoint in rocksDB at /home/runner/work/ozone/ozone/hadoop-ozone/integration-test/target/test-dir/MiniOzoneClusterImpl-9e11fa7e-4972-4825-87e7-ebdcd03a38ce/omNode-2/db.snapshots/om.db-acf64bed-08df-411d-8fb0-bca3f5d979e9 in 42 milliseconds
2023-02-28 20:10:28,587 [OMDoubleBufferFlushThread] INFO  db.RDBCheckpointManager (RDBCheckpointManager.java:waitForCheckpointDirectoryExist(125)) - Waited for 0 milliseconds for checkpoint directory /home/runner/work/ozone/ozone/hadoop-ozone/integration-test/target/test-dir/MiniOzoneClusterImpl-9e11fa7e-4972-4825-87e7-ebdcd03a38ce/omNode-2/db.snapshots/om.db-acf64bed-08df-411d-8fb0-bca3f5d979e9 availability.
2023-02-28 20:10:28,587 [OMDoubleBufferFlushThread] INFO  om.OmSnapshotManager (OmSnapshotManager.java:createOmSnapshotCheckpoint(163)) - Created checkpoint : /home/runner/work/ozone/ozone/hadoop-ozone/integration-test/target/test-dir/MiniOzoneClusterImpl-9e11fa7e-4972-4825-87e7-ebdcd03a38ce/omNode-2/db.snapshots/om.db-acf64bed-08df-411d-8fb0-bca3f5d979e9 for snapshot snap48063
20:10:29.547 [OM StateMachine ApplyTransaction Thread - 0] ERROR OMAudit - user=runner | ip=127.0.0.1 | op=DELETE_SNAPSHOT {volume=vol-23821, bucket=buck-48403, snapshotName=snapnonexistent} | ret=FAILURE
org.apache.hadoop.ozone.om.exceptions.OMException: Snapshot does not exist
	at org.apache.hadoop.ozone.om.request.snapshot.OMSnapshotDeleteRequest.validateAndUpdateCache(OMSnapshotDeleteRequest.java:153) ~[ozone-manager-1.4.0-SNAPSHOT.jar:?]
	at org.apache.hadoop.ozone.protocolPB.OzoneManagerRequestHandler.handleWriteRequest(OzoneManagerRequestHandler.java:337) ~[ozone-manager-1.4.0-SNAPSHOT.jar:?]
	at org.apache.hadoop.ozone.om.ratis.OzoneManagerStateMachine.runCommand(OzoneManagerStateMachine.java:533) ~[ozone-manager-1.4.0-SNAPSHOT.jar:?]
	at org.apache.hadoop.ozone.om.ratis.OzoneManagerStateMachine.lambda$1(OzoneManagerStateMachine.java:324) ~[ozone-manager-1.4.0-SNAPSHOT.jar:?]
	at java.util.concurrent.CompletableFuture$AsyncSupply.run(CompletableFuture.java:1604) [?:1.8.0_362]
	at java.util.concurrent.ThreadPoolExecutor.runWorker(ThreadPoolExecutor.java:1149) [?:1.8.0_362]
	at java.util.concurrent.ThreadPoolExecutor$Worker.run(ThreadPoolExecutor.java:624) [?:1.8.0_362]
	at java.lang.Thread.run(Thread.java:750) [?:1.8.0_362]
2023-02-28 20:10:29,547 [OM StateMachine ApplyTransaction Thread - 0] ERROR snapshot.OMSnapshotDeleteRequest (OMSnapshotDeleteRequest.java:validateAndUpdateCache(221)) - Failed to delete snapshot 'snapnonexistent' under path 'vol-23821/buck-48403'
20:10:29.548 [OM StateMachine ApplyTransaction Thread - 0] ERROR OMAudit - user=runner | ip=127.0.0.1 | op=DELETE_SNAPSHOT {volume=vol-23821, bucket=buck-48403, snapshotName=snapnonexistent} | ret=FAILURE
org.apache.hadoop.ozone.om.exceptions.OMException: Snapshot does not exist
	at org.apache.hadoop.ozone.om.request.snapshot.OMSnapshotDeleteRequest.validateAndUpdateCache(OMSnapshotDeleteRequest.java:153) ~[ozone-manager-1.4.0-SNAPSHOT.jar:?]
	at org.apache.hadoop.ozone.protocolPB.OzoneManagerRequestHandler.handleWriteRequest(OzoneManagerRequestHandler.java:337) ~[ozone-manager-1.4.0-SNAPSHOT.jar:?]
	at org.apache.hadoop.ozone.om.ratis.OzoneManagerStateMachine.runCommand(OzoneManagerStateMachine.java:533) ~[ozone-manager-1.4.0-SNAPSHOT.jar:?]
	at org.apache.hadoop.ozone.om.ratis.OzoneManagerStateMachine.lambda$1(OzoneManagerStateMachine.java:324) ~[ozone-manager-1.4.0-SNAPSHOT.jar:?]
	at java.util.concurrent.CompletableFuture$AsyncSupply.run(CompletableFuture.java:1604) [?:1.8.0_362]
	at java.util.concurrent.ThreadPoolExecutor.runWorker(ThreadPoolExecutor.java:1149) [?:1.8.0_362]
	at java.util.concurrent.ThreadPoolExecutor$Worker.run(ThreadPoolExecutor.java:624) [?:1.8.0_362]
	at java.lang.Thread.run(Thread.java:750) [?:1.8.0_362]
2023-02-28 20:10:29,548 [OM StateMachine ApplyTransaction Thread - 0] ERROR snapshot.OMSnapshotDeleteRequest (OMSnapshotDeleteRequest.java:validateAndUpdateCache(221)) - Failed to delete snapshot 'snapnonexistent' under path 'vol-23821/buck-48403'
20:10:29.548 [OM StateMachine ApplyTransaction Thread - 0] ERROR OMAudit - user=runner | ip=127.0.0.1 | op=DELETE_SNAPSHOT {volume=vol-23821, bucket=buck-48403, snapshotName=snapnonexistent} | ret=FAILURE
org.apache.hadoop.ozone.om.exceptions.OMException: Snapshot does not exist
	at org.apache.hadoop.ozone.om.request.snapshot.OMSnapshotDeleteRequest.validateAndUpdateCache(OMSnapshotDeleteRequest.java:153) ~[ozone-manager-1.4.0-SNAPSHOT.jar:?]
	at org.apache.hadoop.ozone.protocolPB.OzoneManagerRequestHandler.handleWriteRequest(OzoneManagerRequestHandler.java:337) ~[ozone-manager-1.4.0-SNAPSHOT.jar:?]
	at org.apache.hadoop.ozone.om.ratis.OzoneManagerStateMachine.runCommand(OzoneManagerStateMachine.java:533) ~[ozone-manager-1.4.0-SNAPSHOT.jar:?]
	at org.apache.hadoop.ozone.om.ratis.OzoneManagerStateMachine.lambda$1(OzoneManagerStateMachine.java:324) ~[ozone-manager-1.4.0-SNAPSHOT.jar:?]
	at java.util.concurrent.CompletableFuture$AsyncSupply.run(CompletableFuture.java:1604) [?:1.8.0_362]
	at java.util.concurrent.ThreadPoolExecutor.runWorker(ThreadPoolExecutor.java:1149) [?:1.8.0_362]
	at java.util.concurrent.ThreadPoolExecutor$Worker.run(ThreadPoolExecutor.java:624) [?:1.8.0_362]
	at java.lang.Thread.run(Thread.java:750) [?:1.8.0_362]
2023-02-28 20:10:29,548 [OM StateMachine ApplyTransaction Thread - 0] ERROR snapshot.OMSnapshotDeleteRequest (OMSnapshotDeleteRequest.java:validateAndUpdateCache(221)) - Failed to delete snapshot 'snapnonexistent' under path 'vol-23821/buck-48403'
]]></system-out>
  </testcase>
  <testcase name="testDeleteSnapshotTwice" classname="TestOmSnapshot" time="1.134">
    <system-out><![CDATA[2023-02-28 20:08:39,751 [Time-limited test] INFO  rpc.RpcClient (RpcClient.java:createVolume(476)) - Creating Volume: vol-72980, with runner as owner and space quota set to -1 bytes, counts quota set to -1
2023-02-28 20:08:39,759 [OM StateMachine ApplyTransaction Thread - 0] INFO  volume.OMVolumeCreateRequest (OMVolumeCreateRequest.java:validateAndUpdateCache(195)) - created volume:vol-72980 for user:runner
2023-02-28 20:08:39,761 [OM StateMachine ApplyTransaction Thread - 0] INFO  volume.OMVolumeCreateRequest (OMVolumeCreateRequest.java:validateAndUpdateCache(195)) - created volume:vol-72980 for user:runner
2023-02-28 20:08:39,762 [OM StateMachine ApplyTransaction Thread - 0] INFO  volume.OMVolumeCreateRequest (OMVolumeCreateRequest.java:validateAndUpdateCache(195)) - created volume:vol-72980 for user:runner
2023-02-28 20:08:39,764 [Time-limited test] INFO  rpc.RpcClient (RpcClient.java:createBucket(698)) - Creating Bucket: vol-72980/buck-00726, with server-side default bucket layout, runner as owner, Versioning false, Storage Type set to DISK and Encryption set to false, Replication Type set to server-side default replication type, Namespace Quota set to -1, Space Quota set to -1 
2023-02-28 20:08:39,769 [OM StateMachine ApplyTransaction Thread - 0] INFO  bucket.OMBucketCreateRequest (OMBucketCreateRequest.java:validateAndUpdateCache(263)) - created bucket: buck-00726 of layout OBJECT_STORE in volume: vol-72980
2023-02-28 20:08:39,771 [OM StateMachine ApplyTransaction Thread - 0] INFO  bucket.OMBucketCreateRequest (OMBucketCreateRequest.java:validateAndUpdateCache(263)) - created bucket: buck-00726 of layout OBJECT_STORE in volume: vol-72980
2023-02-28 20:08:39,773 [OM StateMachine ApplyTransaction Thread - 0] INFO  bucket.OMBucketCreateRequest (OMBucketCreateRequest.java:validateAndUpdateCache(263)) - created bucket: buck-00726 of layout OBJECT_STORE in volume: vol-72980
2023-02-28 20:08:39,860 [OM StateMachine ApplyTransaction Thread - 0] INFO  snapshot.OMSnapshotCreateRequest (OMSnapshotCreateRequest.java:validateAndUpdateCache(180)) - Created snapshot 'snap45327' under path 'vol-72980/buck-00726'
2023-02-28 20:08:39,861 [OM StateMachine ApplyTransaction Thread - 0] INFO  snapshot.OMSnapshotCreateRequest (OMSnapshotCreateRequest.java:validateAndUpdateCache(180)) - Created snapshot 'snap45327' under path 'vol-72980/buck-00726'
2023-02-28 20:08:39,863 [OM StateMachine ApplyTransaction Thread - 0] INFO  snapshot.OMSnapshotCreateRequest (OMSnapshotCreateRequest.java:validateAndUpdateCache(180)) - Created snapshot 'snap45327' under path 'vol-72980/buck-00726'
2023-02-28 20:08:39,888 [OMDoubleBufferFlushThread] INFO  db.RDBCheckpointManager (RDBCheckpointManager.java:createCheckpoint(96)) - Created checkpoint in rocksDB at /home/runner/work/ozone/ozone/hadoop-ozone/integration-test/target/test-dir/MiniOzoneClusterImpl-e7d671b1-06ed-40aa-a52b-2678dd5bab1b/omNode-1/db.snapshots/om.db-650a5678-6d49-417c-9886-b2548af62383 in 26 milliseconds
2023-02-28 20:08:39,890 [OMDoubleBufferFlushThread] INFO  db.RDBCheckpointManager (RDBCheckpointManager.java:waitForCheckpointDirectoryExist(125)) - Waited for 2 milliseconds for checkpoint directory /home/runner/work/ozone/ozone/hadoop-ozone/integration-test/target/test-dir/MiniOzoneClusterImpl-e7d671b1-06ed-40aa-a52b-2678dd5bab1b/omNode-1/db.snapshots/om.db-650a5678-6d49-417c-9886-b2548af62383 availability.
2023-02-28 20:08:39,890 [OMDoubleBufferFlushThread] INFO  om.OmSnapshotManager (OmSnapshotManager.java:createOmSnapshotCheckpoint(163)) - Created checkpoint : /home/runner/work/ozone/ozone/hadoop-ozone/integration-test/target/test-dir/MiniOzoneClusterImpl-e7d671b1-06ed-40aa-a52b-2678dd5bab1b/omNode-1/db.snapshots/om.db-650a5678-6d49-417c-9886-b2548af62383 for snapshot snap45327
2023-02-28 20:08:39,892 [OMDoubleBufferFlushThread] INFO  db.RDBCheckpointManager (RDBCheckpointManager.java:createCheckpoint(96)) - Created checkpoint in rocksDB at /home/runner/work/ozone/ozone/hadoop-ozone/integration-test/target/test-dir/MiniOzoneClusterImpl-e7d671b1-06ed-40aa-a52b-2678dd5bab1b/omNode-2/db.snapshots/om.db-650a5678-6d49-417c-9886-b2548af62383 in 30 milliseconds
2023-02-28 20:08:39,892 [OMDoubleBufferFlushThread] INFO  db.RDBCheckpointManager (RDBCheckpointManager.java:createCheckpoint(96)) - Created checkpoint in rocksDB at /home/runner/work/ozone/ozone/hadoop-ozone/integration-test/target/test-dir/MiniOzoneClusterImpl-e7d671b1-06ed-40aa-a52b-2678dd5bab1b/omNode-3/db.snapshots/om.db-650a5678-6d49-417c-9886-b2548af62383 in 27 milliseconds
2023-02-28 20:08:39,893 [OMDoubleBufferFlushThread] INFO  db.RDBCheckpointManager (RDBCheckpointManager.java:waitForCheckpointDirectoryExist(125)) - Waited for 1 milliseconds for checkpoint directory /home/runner/work/ozone/ozone/hadoop-ozone/integration-test/target/test-dir/MiniOzoneClusterImpl-e7d671b1-06ed-40aa-a52b-2678dd5bab1b/omNode-2/db.snapshots/om.db-650a5678-6d49-417c-9886-b2548af62383 availability.
2023-02-28 20:08:39,893 [OMDoubleBufferFlushThread] INFO  om.OmSnapshotManager (OmSnapshotManager.java:createOmSnapshotCheckpoint(163)) - Created checkpoint : /home/runner/work/ozone/ozone/hadoop-ozone/integration-test/target/test-dir/MiniOzoneClusterImpl-e7d671b1-06ed-40aa-a52b-2678dd5bab1b/omNode-2/db.snapshots/om.db-650a5678-6d49-417c-9886-b2548af62383 for snapshot snap45327
2023-02-28 20:08:39,893 [OMDoubleBufferFlushThread] INFO  db.RDBCheckpointManager (RDBCheckpointManager.java:waitForCheckpointDirectoryExist(125)) - Waited for 1 milliseconds for checkpoint directory /home/runner/work/ozone/ozone/hadoop-ozone/integration-test/target/test-dir/MiniOzoneClusterImpl-e7d671b1-06ed-40aa-a52b-2678dd5bab1b/omNode-3/db.snapshots/om.db-650a5678-6d49-417c-9886-b2548af62383 availability.
2023-02-28 20:08:39,893 [OMDoubleBufferFlushThread] INFO  om.OmSnapshotManager (OmSnapshotManager.java:createOmSnapshotCheckpoint(163)) - Created checkpoint : /home/runner/work/ozone/ozone/hadoop-ozone/integration-test/target/test-dir/MiniOzoneClusterImpl-e7d671b1-06ed-40aa-a52b-2678dd5bab1b/omNode-3/db.snapshots/om.db-650a5678-6d49-417c-9886-b2548af62383 for snapshot snap45327
2023-02-28 20:08:40,875 [OM StateMachine ApplyTransaction Thread - 0] INFO  snapshot.OMSnapshotDeleteRequest (OMSnapshotDeleteRequest.java:validateAndUpdateCache(217)) - Deleted snapshot 'snap45327' under path 'vol-72980/buck-00726'
2023-02-28 20:08:40,876 [OM StateMachine ApplyTransaction Thread - 0] INFO  snapshot.OMSnapshotDeleteRequest (OMSnapshotDeleteRequest.java:validateAndUpdateCache(217)) - Deleted snapshot 'snap45327' under path 'vol-72980/buck-00726'
2023-02-28 20:08:40,876 [OM StateMachine ApplyTransaction Thread - 0] INFO  snapshot.OMSnapshotDeleteRequest (OMSnapshotDeleteRequest.java:validateAndUpdateCache(217)) - Deleted snapshot 'snap45327' under path 'vol-72980/buck-00726'
20:08:40.884 [OM StateMachine ApplyTransaction Thread - 0] ERROR OMAudit - user=runner | ip=127.0.0.1 | op=DELETE_SNAPSHOT {volume=vol-72980, bucket=buck-00726, snapshotName=snap45327} | ret=FAILURE
org.apache.hadoop.ozone.om.exceptions.OMException: Snapshot is already deleted. Pending reclamation.
	at org.apache.hadoop.ozone.om.request.snapshot.OMSnapshotDeleteRequest.validateAndUpdateCache(OMSnapshotDeleteRequest.java:161) ~[ozone-manager-1.4.0-SNAPSHOT.jar:?]
	at org.apache.hadoop.ozone.protocolPB.OzoneManagerRequestHandler.handleWriteRequest(OzoneManagerRequestHandler.java:337) ~[ozone-manager-1.4.0-SNAPSHOT.jar:?]
	at org.apache.hadoop.ozone.om.ratis.OzoneManagerStateMachine.runCommand(OzoneManagerStateMachine.java:533) ~[ozone-manager-1.4.0-SNAPSHOT.jar:?]
	at org.apache.hadoop.ozone.om.ratis.OzoneManagerStateMachine.lambda$1(OzoneManagerStateMachine.java:324) ~[ozone-manager-1.4.0-SNAPSHOT.jar:?]
	at java.util.concurrent.CompletableFuture$AsyncSupply.run(CompletableFuture.java:1604) [?:1.8.0_362]
	at java.util.concurrent.ThreadPoolExecutor.runWorker(ThreadPoolExecutor.java:1149) [?:1.8.0_362]
	at java.util.concurrent.ThreadPoolExecutor$Worker.run(ThreadPoolExecutor.java:624) [?:1.8.0_362]
	at java.lang.Thread.run(Thread.java:750) [?:1.8.0_362]
2023-02-28 20:08:40,884 [OM StateMachine ApplyTransaction Thread - 0] ERROR snapshot.OMSnapshotDeleteRequest (OMSnapshotDeleteRequest.java:validateAndUpdateCache(221)) - Failed to delete snapshot 'snap45327' under path 'vol-72980/buck-00726'
]]></system-out>
  </testcase>
  <testcase name="testDeleteSnapshotTwice" classname="TestOmSnapshot" time="1.064">
    <system-out><![CDATA[2023-02-28 20:09:35,837 [Time-limited test] INFO  rpc.RpcClient (RpcClient.java:createVolume(476)) - Creating Volume: vol-41312, with runner as owner and space quota set to -1 bytes, counts quota set to -1
2023-02-28 20:09:35,840 [OM StateMachine ApplyTransaction Thread - 0] INFO  volume.OMVolumeCreateRequest (OMVolumeCreateRequest.java:validateAndUpdateCache(195)) - created volume:vol-41312 for user:runner
2023-02-28 20:09:35,842 [Time-limited test] INFO  rpc.RpcClient (RpcClient.java:createBucket(698)) - Creating Bucket: vol-41312/buck-22770, with server-side default bucket layout, runner as owner, Versioning false, Storage Type set to DISK and Encryption set to false, Replication Type set to server-side default replication type, Namespace Quota set to -1, Space Quota set to -1 
2023-02-28 20:09:35,842 [OM StateMachine ApplyTransaction Thread - 0] INFO  volume.OMVolumeCreateRequest (OMVolumeCreateRequest.java:validateAndUpdateCache(195)) - created volume:vol-41312 for user:runner
2023-02-28 20:09:35,842 [OM StateMachine ApplyTransaction Thread - 0] INFO  volume.OMVolumeCreateRequest (OMVolumeCreateRequest.java:validateAndUpdateCache(195)) - created volume:vol-41312 for user:runner
2023-02-28 20:09:35,845 [OM StateMachine ApplyTransaction Thread - 0] INFO  bucket.OMBucketCreateRequest (OMBucketCreateRequest.java:validateAndUpdateCache(263)) - created bucket: buck-22770 of layout FILE_SYSTEM_OPTIMIZED in volume: vol-41312
2023-02-28 20:09:35,846 [OM StateMachine ApplyTransaction Thread - 0] INFO  bucket.OMBucketCreateRequest (OMBucketCreateRequest.java:validateAndUpdateCache(263)) - created bucket: buck-22770 of layout FILE_SYSTEM_OPTIMIZED in volume: vol-41312
2023-02-28 20:09:35,847 [OM StateMachine ApplyTransaction Thread - 0] INFO  bucket.OMBucketCreateRequest (OMBucketCreateRequest.java:validateAndUpdateCache(263)) - created bucket: buck-22770 of layout FILE_SYSTEM_OPTIMIZED in volume: vol-41312
2023-02-28 20:09:35,887 [OM StateMachine ApplyTransaction Thread - 0] INFO  snapshot.OMSnapshotCreateRequest (OMSnapshotCreateRequest.java:validateAndUpdateCache(180)) - Created snapshot 'snap03363' under path 'vol-41312/buck-22770'
2023-02-28 20:09:35,888 [OM StateMachine ApplyTransaction Thread - 0] INFO  snapshot.OMSnapshotCreateRequest (OMSnapshotCreateRequest.java:validateAndUpdateCache(180)) - Created snapshot 'snap03363' under path 'vol-41312/buck-22770'
2023-02-28 20:09:35,888 [OM StateMachine ApplyTransaction Thread - 0] INFO  snapshot.OMSnapshotCreateRequest (OMSnapshotCreateRequest.java:validateAndUpdateCache(180)) - Created snapshot 'snap03363' under path 'vol-41312/buck-22770'
2023-02-28 20:09:35,924 [OMDoubleBufferFlushThread] INFO  db.RDBCheckpointManager (RDBCheckpointManager.java:createCheckpoint(96)) - Created checkpoint in rocksDB at /home/runner/work/ozone/ozone/hadoop-ozone/integration-test/target/test-dir/MiniOzoneClusterImpl-58db5c20-d6df-4fe1-a747-1f1a0fc9447e/omNode-2/db.snapshots/om.db-f3c4a363-eb25-4851-b324-aa12033ef914 in 35 milliseconds
2023-02-28 20:09:35,925 [OMDoubleBufferFlushThread] INFO  db.RDBCheckpointManager (RDBCheckpointManager.java:waitForCheckpointDirectoryExist(125)) - Waited for 1 milliseconds for checkpoint directory /home/runner/work/ozone/ozone/hadoop-ozone/integration-test/target/test-dir/MiniOzoneClusterImpl-58db5c20-d6df-4fe1-a747-1f1a0fc9447e/omNode-2/db.snapshots/om.db-f3c4a363-eb25-4851-b324-aa12033ef914 availability.
2023-02-28 20:09:35,925 [OMDoubleBufferFlushThread] INFO  om.OmSnapshotManager (OmSnapshotManager.java:createOmSnapshotCheckpoint(163)) - Created checkpoint : /home/runner/work/ozone/ozone/hadoop-ozone/integration-test/target/test-dir/MiniOzoneClusterImpl-58db5c20-d6df-4fe1-a747-1f1a0fc9447e/omNode-2/db.snapshots/om.db-f3c4a363-eb25-4851-b324-aa12033ef914 for snapshot snap03363
2023-02-28 20:09:35,930 [OMDoubleBufferFlushThread] INFO  db.RDBCheckpointManager (RDBCheckpointManager.java:createCheckpoint(96)) - Created checkpoint in rocksDB at /home/runner/work/ozone/ozone/hadoop-ozone/integration-test/target/test-dir/MiniOzoneClusterImpl-58db5c20-d6df-4fe1-a747-1f1a0fc9447e/omNode-1/db.snapshots/om.db-f3c4a363-eb25-4851-b324-aa12033ef914 in 41 milliseconds
2023-02-28 20:09:35,931 [OMDoubleBufferFlushThread] INFO  db.RDBCheckpointManager (RDBCheckpointManager.java:waitForCheckpointDirectoryExist(125)) - Waited for 1 milliseconds for checkpoint directory /home/runner/work/ozone/ozone/hadoop-ozone/integration-test/target/test-dir/MiniOzoneClusterImpl-58db5c20-d6df-4fe1-a747-1f1a0fc9447e/omNode-1/db.snapshots/om.db-f3c4a363-eb25-4851-b324-aa12033ef914 availability.
2023-02-28 20:09:35,931 [OMDoubleBufferFlushThread] INFO  om.OmSnapshotManager (OmSnapshotManager.java:createOmSnapshotCheckpoint(163)) - Created checkpoint : /home/runner/work/ozone/ozone/hadoop-ozone/integration-test/target/test-dir/MiniOzoneClusterImpl-58db5c20-d6df-4fe1-a747-1f1a0fc9447e/omNode-1/db.snapshots/om.db-f3c4a363-eb25-4851-b324-aa12033ef914 for snapshot snap03363
2023-02-28 20:09:35,934 [OMDoubleBufferFlushThread] INFO  db.RDBCheckpointManager (RDBCheckpointManager.java:createCheckpoint(96)) - Created checkpoint in rocksDB at /home/runner/work/ozone/ozone/hadoop-ozone/integration-test/target/test-dir/MiniOzoneClusterImpl-58db5c20-d6df-4fe1-a747-1f1a0fc9447e/omNode-3/db.snapshots/om.db-f3c4a363-eb25-4851-b324-aa12033ef914 in 45 milliseconds
2023-02-28 20:09:35,934 [OMDoubleBufferFlushThread] INFO  db.RDBCheckpointManager (RDBCheckpointManager.java:waitForCheckpointDirectoryExist(125)) - Waited for 0 milliseconds for checkpoint directory /home/runner/work/ozone/ozone/hadoop-ozone/integration-test/target/test-dir/MiniOzoneClusterImpl-58db5c20-d6df-4fe1-a747-1f1a0fc9447e/omNode-3/db.snapshots/om.db-f3c4a363-eb25-4851-b324-aa12033ef914 availability.
2023-02-28 20:09:35,934 [OMDoubleBufferFlushThread] INFO  om.OmSnapshotManager (OmSnapshotManager.java:createOmSnapshotCheckpoint(163)) - Created checkpoint : /home/runner/work/ozone/ozone/hadoop-ozone/integration-test/target/test-dir/MiniOzoneClusterImpl-58db5c20-d6df-4fe1-a747-1f1a0fc9447e/omNode-3/db.snapshots/om.db-f3c4a363-eb25-4851-b324-aa12033ef914 for snapshot snap03363
2023-02-28 20:09:36,892 [OM StateMachine ApplyTransaction Thread - 0] INFO  snapshot.OMSnapshotDeleteRequest (OMSnapshotDeleteRequest.java:validateAndUpdateCache(217)) - Deleted snapshot 'snap03363' under path 'vol-41312/buck-22770'
2023-02-28 20:09:36,894 [OM StateMachine ApplyTransaction Thread - 0] INFO  snapshot.OMSnapshotDeleteRequest (OMSnapshotDeleteRequest.java:validateAndUpdateCache(217)) - Deleted snapshot 'snap03363' under path 'vol-41312/buck-22770'
2023-02-28 20:09:36,894 [OM StateMachine ApplyTransaction Thread - 0] INFO  snapshot.OMSnapshotDeleteRequest (OMSnapshotDeleteRequest.java:validateAndUpdateCache(217)) - Deleted snapshot 'snap03363' under path 'vol-41312/buck-22770'
20:09:36.896 [OM StateMachine ApplyTransaction Thread - 0] ERROR OMAudit - user=runner | ip=127.0.0.1 | op=DELETE_SNAPSHOT {volume=vol-41312, bucket=buck-22770, snapshotName=snap03363} | ret=FAILURE
org.apache.hadoop.ozone.om.exceptions.OMException: Snapshot is already deleted. Pending reclamation.
	at org.apache.hadoop.ozone.om.request.snapshot.OMSnapshotDeleteRequest.validateAndUpdateCache(OMSnapshotDeleteRequest.java:161) ~[ozone-manager-1.4.0-SNAPSHOT.jar:?]
	at org.apache.hadoop.ozone.protocolPB.OzoneManagerRequestHandler.handleWriteRequest(OzoneManagerRequestHandler.java:337) ~[ozone-manager-1.4.0-SNAPSHOT.jar:?]
	at org.apache.hadoop.ozone.om.ratis.OzoneManagerStateMachine.runCommand(OzoneManagerStateMachine.java:533) ~[ozone-manager-1.4.0-SNAPSHOT.jar:?]
	at org.apache.hadoop.ozone.om.ratis.OzoneManagerStateMachine.lambda$1(OzoneManagerStateMachine.java:324) ~[ozone-manager-1.4.0-SNAPSHOT.jar:?]
	at java.util.concurrent.CompletableFuture$AsyncSupply.run(CompletableFuture.java:1604) [?:1.8.0_362]
	at java.util.concurrent.ThreadPoolExecutor.runWorker(ThreadPoolExecutor.java:1149) [?:1.8.0_362]
	at java.util.concurrent.ThreadPoolExecutor$Worker.run(ThreadPoolExecutor.java:624) [?:1.8.0_362]
	at java.lang.Thread.run(Thread.java:750) [?:1.8.0_362]
2023-02-28 20:09:36,896 [OM StateMachine ApplyTransaction Thread - 0] ERROR snapshot.OMSnapshotDeleteRequest (OMSnapshotDeleteRequest.java:validateAndUpdateCache(221)) - Failed to delete snapshot 'snap03363' under path 'vol-41312/buck-22770'
]]></system-out>
  </testcase>
  <testcase name="testDeleteSnapshotTwice" classname="TestOmSnapshot" time="1.056">
    <system-out><![CDATA[2023-02-28 20:10:29,554 [Time-limited test] INFO  rpc.RpcClient (RpcClient.java:createVolume(476)) - Creating Volume: vol-35855, with runner as owner and space quota set to -1 bytes, counts quota set to -1
2023-02-28 20:10:29,556 [OM StateMachine ApplyTransaction Thread - 0] INFO  volume.OMVolumeCreateRequest (OMVolumeCreateRequest.java:validateAndUpdateCache(195)) - created volume:vol-35855 for user:runner
2023-02-28 20:10:29,557 [OM StateMachine ApplyTransaction Thread - 0] INFO  volume.OMVolumeCreateRequest (OMVolumeCreateRequest.java:validateAndUpdateCache(195)) - created volume:vol-35855 for user:runner
2023-02-28 20:10:29,558 [OM StateMachine ApplyTransaction Thread - 0] INFO  volume.OMVolumeCreateRequest (OMVolumeCreateRequest.java:validateAndUpdateCache(195)) - created volume:vol-35855 for user:runner
2023-02-28 20:10:29,559 [Time-limited test] INFO  rpc.RpcClient (RpcClient.java:createBucket(698)) - Creating Bucket: vol-35855/buck-50877, with server-side default bucket layout, runner as owner, Versioning false, Storage Type set to DISK and Encryption set to false, Replication Type set to server-side default replication type, Namespace Quota set to -1, Space Quota set to -1 
2023-02-28 20:10:29,561 [OM StateMachine ApplyTransaction Thread - 0] INFO  bucket.OMBucketCreateRequest (OMBucketCreateRequest.java:validateAndUpdateCache(263)) - created bucket: buck-50877 of layout LEGACY in volume: vol-35855
2023-02-28 20:10:29,562 [OM StateMachine ApplyTransaction Thread - 0] INFO  bucket.OMBucketCreateRequest (OMBucketCreateRequest.java:validateAndUpdateCache(263)) - created bucket: buck-50877 of layout LEGACY in volume: vol-35855
2023-02-28 20:10:29,562 [OM StateMachine ApplyTransaction Thread - 0] INFO  bucket.OMBucketCreateRequest (OMBucketCreateRequest.java:validateAndUpdateCache(263)) - created bucket: buck-50877 of layout LEGACY in volume: vol-35855
2023-02-28 20:10:29,596 [OM StateMachine ApplyTransaction Thread - 0] INFO  snapshot.OMSnapshotCreateRequest (OMSnapshotCreateRequest.java:validateAndUpdateCache(180)) - Created snapshot 'snap14492' under path 'vol-35855/buck-50877'
2023-02-28 20:10:29,597 [OM StateMachine ApplyTransaction Thread - 0] INFO  snapshot.OMSnapshotCreateRequest (OMSnapshotCreateRequest.java:validateAndUpdateCache(180)) - Created snapshot 'snap14492' under path 'vol-35855/buck-50877'
2023-02-28 20:10:29,599 [OM StateMachine ApplyTransaction Thread - 0] INFO  snapshot.OMSnapshotCreateRequest (OMSnapshotCreateRequest.java:validateAndUpdateCache(180)) - Created snapshot 'snap14492' under path 'vol-35855/buck-50877'
2023-02-28 20:10:29,627 [OMDoubleBufferFlushThread] INFO  db.RDBCheckpointManager (RDBCheckpointManager.java:createCheckpoint(96)) - Created checkpoint in rocksDB at /home/runner/work/ozone/ozone/hadoop-ozone/integration-test/target/test-dir/MiniOzoneClusterImpl-9e11fa7e-4972-4825-87e7-ebdcd03a38ce/omNode-2/db.snapshots/om.db-bdb79de0-8a8a-4459-8d68-467a0f2247cb in 29 milliseconds
2023-02-28 20:10:29,628 [OMDoubleBufferFlushThread] INFO  db.RDBCheckpointManager (RDBCheckpointManager.java:waitForCheckpointDirectoryExist(125)) - Waited for 1 milliseconds for checkpoint directory /home/runner/work/ozone/ozone/hadoop-ozone/integration-test/target/test-dir/MiniOzoneClusterImpl-9e11fa7e-4972-4825-87e7-ebdcd03a38ce/omNode-2/db.snapshots/om.db-bdb79de0-8a8a-4459-8d68-467a0f2247cb availability.
2023-02-28 20:10:29,628 [OMDoubleBufferFlushThread] INFO  om.OmSnapshotManager (OmSnapshotManager.java:createOmSnapshotCheckpoint(163)) - Created checkpoint : /home/runner/work/ozone/ozone/hadoop-ozone/integration-test/target/test-dir/MiniOzoneClusterImpl-9e11fa7e-4972-4825-87e7-ebdcd03a38ce/omNode-2/db.snapshots/om.db-bdb79de0-8a8a-4459-8d68-467a0f2247cb for snapshot snap14492
2023-02-28 20:10:29,634 [OMDoubleBufferFlushThread] INFO  db.RDBCheckpointManager (RDBCheckpointManager.java:createCheckpoint(96)) - Created checkpoint in rocksDB at /home/runner/work/ozone/ozone/hadoop-ozone/integration-test/target/test-dir/MiniOzoneClusterImpl-9e11fa7e-4972-4825-87e7-ebdcd03a38ce/omNode-1/db.snapshots/om.db-bdb79de0-8a8a-4459-8d68-467a0f2247cb in 37 milliseconds
2023-02-28 20:10:29,635 [OMDoubleBufferFlushThread] INFO  db.RDBCheckpointManager (RDBCheckpointManager.java:waitForCheckpointDirectoryExist(125)) - Waited for 1 milliseconds for checkpoint directory /home/runner/work/ozone/ozone/hadoop-ozone/integration-test/target/test-dir/MiniOzoneClusterImpl-9e11fa7e-4972-4825-87e7-ebdcd03a38ce/omNode-1/db.snapshots/om.db-bdb79de0-8a8a-4459-8d68-467a0f2247cb availability.
2023-02-28 20:10:29,635 [OMDoubleBufferFlushThread] INFO  om.OmSnapshotManager (OmSnapshotManager.java:createOmSnapshotCheckpoint(163)) - Created checkpoint : /home/runner/work/ozone/ozone/hadoop-ozone/integration-test/target/test-dir/MiniOzoneClusterImpl-9e11fa7e-4972-4825-87e7-ebdcd03a38ce/omNode-1/db.snapshots/om.db-bdb79de0-8a8a-4459-8d68-467a0f2247cb for snapshot snap14492
2023-02-28 20:10:29,636 [OMDoubleBufferFlushThread] INFO  db.RDBCheckpointManager (RDBCheckpointManager.java:createCheckpoint(96)) - Created checkpoint in rocksDB at /home/runner/work/ozone/ozone/hadoop-ozone/integration-test/target/test-dir/MiniOzoneClusterImpl-9e11fa7e-4972-4825-87e7-ebdcd03a38ce/omNode-3/db.snapshots/om.db-bdb79de0-8a8a-4459-8d68-467a0f2247cb in 36 milliseconds
2023-02-28 20:10:29,636 [OMDoubleBufferFlushThread] INFO  db.RDBCheckpointManager (RDBCheckpointManager.java:waitForCheckpointDirectoryExist(125)) - Waited for 0 milliseconds for checkpoint directory /home/runner/work/ozone/ozone/hadoop-ozone/integration-test/target/test-dir/MiniOzoneClusterImpl-9e11fa7e-4972-4825-87e7-ebdcd03a38ce/omNode-3/db.snapshots/om.db-bdb79de0-8a8a-4459-8d68-467a0f2247cb availability.
2023-02-28 20:10:29,636 [OMDoubleBufferFlushThread] INFO  om.OmSnapshotManager (OmSnapshotManager.java:createOmSnapshotCheckpoint(163)) - Created checkpoint : /home/runner/work/ozone/ozone/hadoop-ozone/integration-test/target/test-dir/MiniOzoneClusterImpl-9e11fa7e-4972-4825-87e7-ebdcd03a38ce/omNode-3/db.snapshots/om.db-bdb79de0-8a8a-4459-8d68-467a0f2247cb for snapshot snap14492
2023-02-28 20:10:30,600 [OM StateMachine ApplyTransaction Thread - 0] INFO  snapshot.OMSnapshotDeleteRequest (OMSnapshotDeleteRequest.java:validateAndUpdateCache(217)) - Deleted snapshot 'snap14492' under path 'vol-35855/buck-50877'
2023-02-28 20:10:30,603 [OM StateMachine ApplyTransaction Thread - 0] INFO  snapshot.OMSnapshotDeleteRequest (OMSnapshotDeleteRequest.java:validateAndUpdateCache(217)) - Deleted snapshot 'snap14492' under path 'vol-35855/buck-50877'
2023-02-28 20:10:30,603 [OM StateMachine ApplyTransaction Thread - 0] INFO  snapshot.OMSnapshotDeleteRequest (OMSnapshotDeleteRequest.java:validateAndUpdateCache(217)) - Deleted snapshot 'snap14492' under path 'vol-35855/buck-50877'
20:10:30.604 [OM StateMachine ApplyTransaction Thread - 0] ERROR OMAudit - user=runner | ip=127.0.0.1 | op=DELETE_SNAPSHOT {volume=vol-35855, bucket=buck-50877, snapshotName=snap14492} | ret=FAILURE
org.apache.hadoop.ozone.om.exceptions.OMException: Snapshot is already deleted. Pending reclamation.
	at org.apache.hadoop.ozone.om.request.snapshot.OMSnapshotDeleteRequest.validateAndUpdateCache(OMSnapshotDeleteRequest.java:161) ~[ozone-manager-1.4.0-SNAPSHOT.jar:?]
	at org.apache.hadoop.ozone.protocolPB.OzoneManagerRequestHandler.handleWriteRequest(OzoneManagerRequestHandler.java:337) ~[ozone-manager-1.4.0-SNAPSHOT.jar:?]
	at org.apache.hadoop.ozone.om.ratis.OzoneManagerStateMachine.runCommand(OzoneManagerStateMachine.java:533) ~[ozone-manager-1.4.0-SNAPSHOT.jar:?]
	at org.apache.hadoop.ozone.om.ratis.OzoneManagerStateMachine.lambda$1(OzoneManagerStateMachine.java:324) ~[ozone-manager-1.4.0-SNAPSHOT.jar:?]
	at java.util.concurrent.CompletableFuture$AsyncSupply.run(CompletableFuture.java:1604) [?:1.8.0_362]
	at java.util.concurrent.ThreadPoolExecutor.runWorker(ThreadPoolExecutor.java:1149) [?:1.8.0_362]
	at java.util.concurrent.ThreadPoolExecutor$Worker.run(ThreadPoolExecutor.java:624) [?:1.8.0_362]
	at java.lang.Thread.run(Thread.java:750) [?:1.8.0_362]
2023-02-28 20:10:30,605 [OM StateMachine ApplyTransaction Thread - 0] ERROR snapshot.OMSnapshotDeleteRequest (OMSnapshotDeleteRequest.java:validateAndUpdateCache(221)) - Failed to delete snapshot 'snap14492' under path 'vol-35855/buck-50877'
20:10:30.605 [OM StateMachine ApplyTransaction Thread - 0] ERROR OMAudit - user=runner | ip=127.0.0.1 | op=DELETE_SNAPSHOT {volume=vol-35855, bucket=buck-50877, snapshotName=snap14492} | ret=FAILURE
org.apache.hadoop.ozone.om.exceptions.OMException: Snapshot is already deleted. Pending reclamation.
	at org.apache.hadoop.ozone.om.request.snapshot.OMSnapshotDeleteRequest.validateAndUpdateCache(OMSnapshotDeleteRequest.java:161) ~[ozone-manager-1.4.0-SNAPSHOT.jar:?]
	at org.apache.hadoop.ozone.protocolPB.OzoneManagerRequestHandler.handleWriteRequest(OzoneManagerRequestHandler.java:337) ~[ozone-manager-1.4.0-SNAPSHOT.jar:?]
	at org.apache.hadoop.ozone.om.ratis.OzoneManagerStateMachine.runCommand(OzoneManagerStateMachine.java:533) ~[ozone-manager-1.4.0-SNAPSHOT.jar:?]
	at org.apache.hadoop.ozone.om.ratis.OzoneManagerStateMachine.lambda$1(OzoneManagerStateMachine.java:324) ~[ozone-manager-1.4.0-SNAPSHOT.jar:?]
	at java.util.concurrent.CompletableFuture$AsyncSupply.run(CompletableFuture.java:1604) [?:1.8.0_362]
	at java.util.concurrent.ThreadPoolExecutor.runWorker(ThreadPoolExecutor.java:1149) [?:1.8.0_362]
	at java.util.concurrent.ThreadPoolExecutor$Worker.run(ThreadPoolExecutor.java:624) [?:1.8.0_362]
	at java.lang.Thread.run(Thread.java:750) [?:1.8.0_362]
2023-02-28 20:10:30,606 [OM StateMachine ApplyTransaction Thread - 0] ERROR snapshot.OMSnapshotDeleteRequest (OMSnapshotDeleteRequest.java:validateAndUpdateCache(221)) - Failed to delete snapshot 'snap14492' under path 'vol-35855/buck-50877'
]]></system-out>
  </testcase>
  <testcase name="testUniqueSnapshotId" classname="TestOmSnapshot" time="1.104">
    <system-out><![CDATA[20:08:40.887 [OM StateMachine ApplyTransaction Thread - 0] ERROR OMAudit - user=runner | ip=127.0.0.1 | op=DELETE_SNAPSHOT {volume=vol-72980, bucket=buck-00726, snapshotName=snap45327} | ret=FAILURE
org.apache.hadoop.ozone.om.exceptions.OMException: Snapshot is already deleted. Pending reclamation.
	at org.apache.hadoop.ozone.om.request.snapshot.OMSnapshotDeleteRequest.validateAndUpdateCache(OMSnapshotDeleteRequest.java:161) ~[ozone-manager-1.4.0-SNAPSHOT.jar:?]
	at org.apache.hadoop.ozone.protocolPB.OzoneManagerRequestHandler.handleWriteRequest(OzoneManagerRequestHandler.java:337) ~[ozone-manager-1.4.0-SNAPSHOT.jar:?]
	at org.apache.hadoop.ozone.om.ratis.OzoneManagerStateMachine.runCommand(OzoneManagerStateMachine.java:533) ~[ozone-manager-1.4.0-SNAPSHOT.jar:?]
	at org.apache.hadoop.ozone.om.ratis.OzoneManagerStateMachine.lambda$1(OzoneManagerStateMachine.java:324) ~[ozone-manager-1.4.0-SNAPSHOT.jar:?]
	at java.util.concurrent.CompletableFuture$AsyncSupply.run(CompletableFuture.java:1604) [?:1.8.0_362]
	at java.util.concurrent.ThreadPoolExecutor.runWorker(ThreadPoolExecutor.java:1149) [?:1.8.0_362]
	at java.util.concurrent.ThreadPoolExecutor$Worker.run(ThreadPoolExecutor.java:624) [?:1.8.0_362]
	at java.lang.Thread.run(Thread.java:750) [?:1.8.0_362]
2023-02-28 20:08:40,887 [OM StateMachine ApplyTransaction Thread - 0] ERROR snapshot.OMSnapshotDeleteRequest (OMSnapshotDeleteRequest.java:validateAndUpdateCache(221)) - Failed to delete snapshot 'snap45327' under path 'vol-72980/buck-00726'
20:08:40.888 [OM StateMachine ApplyTransaction Thread - 0] ERROR OMAudit - user=runner | ip=127.0.0.1 | op=DELETE_SNAPSHOT {volume=vol-72980, bucket=buck-00726, snapshotName=snap45327} | ret=FAILURE
org.apache.hadoop.ozone.om.exceptions.OMException: Snapshot is already deleted. Pending reclamation.
	at org.apache.hadoop.ozone.om.request.snapshot.OMSnapshotDeleteRequest.validateAndUpdateCache(OMSnapshotDeleteRequest.java:161) ~[ozone-manager-1.4.0-SNAPSHOT.jar:?]
	at org.apache.hadoop.ozone.protocolPB.OzoneManagerRequestHandler.handleWriteRequest(OzoneManagerRequestHandler.java:337) ~[ozone-manager-1.4.0-SNAPSHOT.jar:?]
	at org.apache.hadoop.ozone.om.ratis.OzoneManagerStateMachine.runCommand(OzoneManagerStateMachine.java:533) ~[ozone-manager-1.4.0-SNAPSHOT.jar:?]
	at org.apache.hadoop.ozone.om.ratis.OzoneManagerStateMachine.lambda$1(OzoneManagerStateMachine.java:324) ~[ozone-manager-1.4.0-SNAPSHOT.jar:?]
	at java.util.concurrent.CompletableFuture$AsyncSupply.run(CompletableFuture.java:1604) [?:1.8.0_362]
	at java.util.concurrent.ThreadPoolExecutor.runWorker(ThreadPoolExecutor.java:1149) [?:1.8.0_362]
	at java.util.concurrent.ThreadPoolExecutor$Worker.run(ThreadPoolExecutor.java:624) [?:1.8.0_362]
	at java.lang.Thread.run(Thread.java:750) [?:1.8.0_362]
2023-02-28 20:08:40,891 [OM StateMachine ApplyTransaction Thread - 0] ERROR snapshot.OMSnapshotDeleteRequest (OMSnapshotDeleteRequest.java:validateAndUpdateCache(221)) - Failed to delete snapshot 'snap45327' under path 'vol-72980/buck-00726'
2023-02-28 20:08:40,986 [OM StateMachine ApplyTransaction Thread - 0] INFO  snapshot.OMSnapshotCreateRequest (OMSnapshotCreateRequest.java:validateAndUpdateCache(180)) - Created snapshot '5dd17f43-04fe-4b20-a3f1-8ec43021950c' under path 'volume79606/bucket44206'
2023-02-28 20:08:40,992 [OM StateMachine ApplyTransaction Thread - 0] INFO  snapshot.OMSnapshotCreateRequest (OMSnapshotCreateRequest.java:validateAndUpdateCache(180)) - Created snapshot '5dd17f43-04fe-4b20-a3f1-8ec43021950c' under path 'volume79606/bucket44206'
2023-02-28 20:08:40,993 [OM StateMachine ApplyTransaction Thread - 0] INFO  snapshot.OMSnapshotCreateRequest (OMSnapshotCreateRequest.java:validateAndUpdateCache(180)) - Created snapshot '5dd17f43-04fe-4b20-a3f1-8ec43021950c' under path 'volume79606/bucket44206'
2023-02-28 20:08:41,013 [OMDoubleBufferFlushThread] INFO  db.RDBCheckpointManager (RDBCheckpointManager.java:createCheckpoint(96)) - Created checkpoint in rocksDB at /home/runner/work/ozone/ozone/hadoop-ozone/integration-test/target/test-dir/MiniOzoneClusterImpl-e7d671b1-06ed-40aa-a52b-2678dd5bab1b/omNode-1/db.snapshots/om.db-83315754-9843-4dd2-bee8-56e2d9dcd4d6 in 26 milliseconds
2023-02-28 20:08:41,017 [OMDoubleBufferFlushThread] INFO  db.RDBCheckpointManager (RDBCheckpointManager.java:waitForCheckpointDirectoryExist(125)) - Waited for 4 milliseconds for checkpoint directory /home/runner/work/ozone/ozone/hadoop-ozone/integration-test/target/test-dir/MiniOzoneClusterImpl-e7d671b1-06ed-40aa-a52b-2678dd5bab1b/omNode-1/db.snapshots/om.db-83315754-9843-4dd2-bee8-56e2d9dcd4d6 availability.
2023-02-28 20:08:41,017 [OMDoubleBufferFlushThread] INFO  om.OmSnapshotManager (OmSnapshotManager.java:createOmSnapshotCheckpoint(163)) - Created checkpoint : /home/runner/work/ozone/ozone/hadoop-ozone/integration-test/target/test-dir/MiniOzoneClusterImpl-e7d671b1-06ed-40aa-a52b-2678dd5bab1b/omNode-1/db.snapshots/om.db-83315754-9843-4dd2-bee8-56e2d9dcd4d6 for snapshot 5dd17f43-04fe-4b20-a3f1-8ec43021950c
2023-02-28 20:08:41,020 [OMDoubleBufferFlushThread] INFO  db.RDBCheckpointManager (RDBCheckpointManager.java:createCheckpoint(96)) - Created checkpoint in rocksDB at /home/runner/work/ozone/ozone/hadoop-ozone/integration-test/target/test-dir/MiniOzoneClusterImpl-e7d671b1-06ed-40aa-a52b-2678dd5bab1b/omNode-3/db.snapshots/om.db-83315754-9843-4dd2-bee8-56e2d9dcd4d6 in 26 milliseconds
2023-02-28 20:08:41,023 [OMDoubleBufferFlushThread] INFO  db.RDBCheckpointManager (RDBCheckpointManager.java:waitForCheckpointDirectoryExist(125)) - Waited for 2 milliseconds for checkpoint directory /home/runner/work/ozone/ozone/hadoop-ozone/integration-test/target/test-dir/MiniOzoneClusterImpl-e7d671b1-06ed-40aa-a52b-2678dd5bab1b/omNode-3/db.snapshots/om.db-83315754-9843-4dd2-bee8-56e2d9dcd4d6 availability.
2023-02-28 20:08:41,023 [OMDoubleBufferFlushThread] INFO  om.OmSnapshotManager (OmSnapshotManager.java:createOmSnapshotCheckpoint(163)) - Created checkpoint : /home/runner/work/ozone/ozone/hadoop-ozone/integration-test/target/test-dir/MiniOzoneClusterImpl-e7d671b1-06ed-40aa-a52b-2678dd5bab1b/omNode-3/db.snapshots/om.db-83315754-9843-4dd2-bee8-56e2d9dcd4d6 for snapshot 5dd17f43-04fe-4b20-a3f1-8ec43021950c
2023-02-28 20:08:41,025 [OMDoubleBufferFlushThread] INFO  db.RDBCheckpointManager (RDBCheckpointManager.java:createCheckpoint(96)) - Created checkpoint in rocksDB at /home/runner/work/ozone/ozone/hadoop-ozone/integration-test/target/test-dir/MiniOzoneClusterImpl-e7d671b1-06ed-40aa-a52b-2678dd5bab1b/omNode-2/db.snapshots/om.db-83315754-9843-4dd2-bee8-56e2d9dcd4d6 in 32 milliseconds
2023-02-28 20:08:41,026 [OMDoubleBufferFlushThread] INFO  db.RDBCheckpointManager (RDBCheckpointManager.java:waitForCheckpointDirectoryExist(125)) - Waited for 1 milliseconds for checkpoint directory /home/runner/work/ozone/ozone/hadoop-ozone/integration-test/target/test-dir/MiniOzoneClusterImpl-e7d671b1-06ed-40aa-a52b-2678dd5bab1b/omNode-2/db.snapshots/om.db-83315754-9843-4dd2-bee8-56e2d9dcd4d6 availability.
2023-02-28 20:08:41,026 [OMDoubleBufferFlushThread] INFO  om.OmSnapshotManager (OmSnapshotManager.java:createOmSnapshotCheckpoint(163)) - Created checkpoint : /home/runner/work/ozone/ozone/hadoop-ozone/integration-test/target/test-dir/MiniOzoneClusterImpl-e7d671b1-06ed-40aa-a52b-2678dd5bab1b/omNode-2/db.snapshots/om.db-83315754-9843-4dd2-bee8-56e2d9dcd4d6 for snapshot 5dd17f43-04fe-4b20-a3f1-8ec43021950c
]]></system-out>
  </testcase>
  <testcase name="testUniqueSnapshotId" classname="TestOmSnapshot" time="1.054">
    <system-out><![CDATA[20:09:36.898 [OM StateMachine ApplyTransaction Thread - 0] ERROR OMAudit - user=runner | ip=127.0.0.1 | op=DELETE_SNAPSHOT {volume=vol-41312, bucket=buck-22770, snapshotName=snap03363} | ret=FAILURE
org.apache.hadoop.ozone.om.exceptions.OMException: Snapshot is already deleted. Pending reclamation.
	at org.apache.hadoop.ozone.om.request.snapshot.OMSnapshotDeleteRequest.validateAndUpdateCache(OMSnapshotDeleteRequest.java:161) ~[ozone-manager-1.4.0-SNAPSHOT.jar:?]
	at org.apache.hadoop.ozone.protocolPB.OzoneManagerRequestHandler.handleWriteRequest(OzoneManagerRequestHandler.java:337) ~[ozone-manager-1.4.0-SNAPSHOT.jar:?]
	at org.apache.hadoop.ozone.om.ratis.OzoneManagerStateMachine.runCommand(OzoneManagerStateMachine.java:533) ~[ozone-manager-1.4.0-SNAPSHOT.jar:?]
	at org.apache.hadoop.ozone.om.ratis.OzoneManagerStateMachine.lambda$1(OzoneManagerStateMachine.java:324) ~[ozone-manager-1.4.0-SNAPSHOT.jar:?]
	at java.util.concurrent.CompletableFuture$AsyncSupply.run(CompletableFuture.java:1604) [?:1.8.0_362]
	at java.util.concurrent.ThreadPoolExecutor.runWorker(ThreadPoolExecutor.java:1149) [?:1.8.0_362]
	at java.util.concurrent.ThreadPoolExecutor$Worker.run(ThreadPoolExecutor.java:624) [?:1.8.0_362]
	at java.lang.Thread.run(Thread.java:750) [?:1.8.0_362]
2023-02-28 20:09:36,899 [OM StateMachine ApplyTransaction Thread - 0] ERROR snapshot.OMSnapshotDeleteRequest (OMSnapshotDeleteRequest.java:validateAndUpdateCache(221)) - Failed to delete snapshot 'snap03363' under path 'vol-41312/buck-22770'
20:09:36.898 [OM StateMachine ApplyTransaction Thread - 0] ERROR OMAudit - user=runner | ip=127.0.0.1 | op=DELETE_SNAPSHOT {volume=vol-41312, bucket=buck-22770, snapshotName=snap03363} | ret=FAILURE
org.apache.hadoop.ozone.om.exceptions.OMException: Snapshot is already deleted. Pending reclamation.
	at org.apache.hadoop.ozone.om.request.snapshot.OMSnapshotDeleteRequest.validateAndUpdateCache(OMSnapshotDeleteRequest.java:161) ~[ozone-manager-1.4.0-SNAPSHOT.jar:?]
	at org.apache.hadoop.ozone.protocolPB.OzoneManagerRequestHandler.handleWriteRequest(OzoneManagerRequestHandler.java:337) ~[ozone-manager-1.4.0-SNAPSHOT.jar:?]
	at org.apache.hadoop.ozone.om.ratis.OzoneManagerStateMachine.runCommand(OzoneManagerStateMachine.java:533) ~[ozone-manager-1.4.0-SNAPSHOT.jar:?]
	at org.apache.hadoop.ozone.om.ratis.OzoneManagerStateMachine.lambda$1(OzoneManagerStateMachine.java:324) ~[ozone-manager-1.4.0-SNAPSHOT.jar:?]
	at java.util.concurrent.CompletableFuture$AsyncSupply.run(CompletableFuture.java:1604) [?:1.8.0_362]
	at java.util.concurrent.ThreadPoolExecutor.runWorker(ThreadPoolExecutor.java:1149) [?:1.8.0_362]
	at java.util.concurrent.ThreadPoolExecutor$Worker.run(ThreadPoolExecutor.java:624) [?:1.8.0_362]
	at java.lang.Thread.run(Thread.java:750) [?:1.8.0_362]
2023-02-28 20:09:36,899 [OM StateMachine ApplyTransaction Thread - 0] ERROR snapshot.OMSnapshotDeleteRequest (OMSnapshotDeleteRequest.java:validateAndUpdateCache(221)) - Failed to delete snapshot 'snap03363' under path 'vol-41312/buck-22770'
2023-02-28 20:09:36,949 [OM StateMachine ApplyTransaction Thread - 0] INFO  snapshot.OMSnapshotCreateRequest (OMSnapshotCreateRequest.java:validateAndUpdateCache(180)) - Created snapshot '9d94677d-8e7b-40ce-b3e8-53c56b1d6daf' under path 'volume84216/bucket29211'
2023-02-28 20:09:36,950 [OM StateMachine ApplyTransaction Thread - 0] INFO  snapshot.OMSnapshotCreateRequest (OMSnapshotCreateRequest.java:validateAndUpdateCache(180)) - Created snapshot '9d94677d-8e7b-40ce-b3e8-53c56b1d6daf' under path 'volume84216/bucket29211'
2023-02-28 20:09:36,952 [OM StateMachine ApplyTransaction Thread - 0] INFO  snapshot.OMSnapshotCreateRequest (OMSnapshotCreateRequest.java:validateAndUpdateCache(180)) - Created snapshot '9d94677d-8e7b-40ce-b3e8-53c56b1d6daf' under path 'volume84216/bucket29211'
2023-02-28 20:09:36,974 [OMDoubleBufferFlushThread] INFO  db.RDBCheckpointManager (RDBCheckpointManager.java:createCheckpoint(96)) - Created checkpoint in rocksDB at /home/runner/work/ozone/ozone/hadoop-ozone/integration-test/target/test-dir/MiniOzoneClusterImpl-58db5c20-d6df-4fe1-a747-1f1a0fc9447e/omNode-2/db.snapshots/om.db-ecabd704-2225-45f7-a260-60db6a895825 in 23 milliseconds
2023-02-28 20:09:36,975 [OMDoubleBufferFlushThread] INFO  db.RDBCheckpointManager (RDBCheckpointManager.java:waitForCheckpointDirectoryExist(125)) - Waited for 1 milliseconds for checkpoint directory /home/runner/work/ozone/ozone/hadoop-ozone/integration-test/target/test-dir/MiniOzoneClusterImpl-58db5c20-d6df-4fe1-a747-1f1a0fc9447e/omNode-2/db.snapshots/om.db-ecabd704-2225-45f7-a260-60db6a895825 availability.
2023-02-28 20:09:36,976 [OMDoubleBufferFlushThread] INFO  om.OmSnapshotManager (OmSnapshotManager.java:createOmSnapshotCheckpoint(163)) - Created checkpoint : /home/runner/work/ozone/ozone/hadoop-ozone/integration-test/target/test-dir/MiniOzoneClusterImpl-58db5c20-d6df-4fe1-a747-1f1a0fc9447e/omNode-2/db.snapshots/om.db-ecabd704-2225-45f7-a260-60db6a895825 for snapshot 9d94677d-8e7b-40ce-b3e8-53c56b1d6daf
2023-02-28 20:09:36,976 [OMDoubleBufferFlushThread] INFO  db.RDBCheckpointManager (RDBCheckpointManager.java:createCheckpoint(96)) - Created checkpoint in rocksDB at /home/runner/work/ozone/ozone/hadoop-ozone/integration-test/target/test-dir/MiniOzoneClusterImpl-58db5c20-d6df-4fe1-a747-1f1a0fc9447e/omNode-1/db.snapshots/om.db-ecabd704-2225-45f7-a260-60db6a895825 in 25 milliseconds
2023-02-28 20:09:36,977 [OMDoubleBufferFlushThread] INFO  db.RDBCheckpointManager (RDBCheckpointManager.java:createCheckpoint(96)) - Created checkpoint in rocksDB at /home/runner/work/ozone/ozone/hadoop-ozone/integration-test/target/test-dir/MiniOzoneClusterImpl-58db5c20-d6df-4fe1-a747-1f1a0fc9447e/omNode-3/db.snapshots/om.db-ecabd704-2225-45f7-a260-60db6a895825 in 24 milliseconds
2023-02-28 20:09:36,977 [OMDoubleBufferFlushThread] INFO  db.RDBCheckpointManager (RDBCheckpointManager.java:waitForCheckpointDirectoryExist(125)) - Waited for 1 milliseconds for checkpoint directory /home/runner/work/ozone/ozone/hadoop-ozone/integration-test/target/test-dir/MiniOzoneClusterImpl-58db5c20-d6df-4fe1-a747-1f1a0fc9447e/omNode-1/db.snapshots/om.db-ecabd704-2225-45f7-a260-60db6a895825 availability.
2023-02-28 20:09:36,977 [OMDoubleBufferFlushThread] INFO  om.OmSnapshotManager (OmSnapshotManager.java:createOmSnapshotCheckpoint(163)) - Created checkpoint : /home/runner/work/ozone/ozone/hadoop-ozone/integration-test/target/test-dir/MiniOzoneClusterImpl-58db5c20-d6df-4fe1-a747-1f1a0fc9447e/omNode-1/db.snapshots/om.db-ecabd704-2225-45f7-a260-60db6a895825 for snapshot 9d94677d-8e7b-40ce-b3e8-53c56b1d6daf
2023-02-28 20:09:36,978 [OMDoubleBufferFlushThread] INFO  db.RDBCheckpointManager (RDBCheckpointManager.java:waitForCheckpointDirectoryExist(125)) - Waited for 1 milliseconds for checkpoint directory /home/runner/work/ozone/ozone/hadoop-ozone/integration-test/target/test-dir/MiniOzoneClusterImpl-58db5c20-d6df-4fe1-a747-1f1a0fc9447e/omNode-3/db.snapshots/om.db-ecabd704-2225-45f7-a260-60db6a895825 availability.
2023-02-28 20:09:36,978 [OMDoubleBufferFlushThread] INFO  om.OmSnapshotManager (OmSnapshotManager.java:createOmSnapshotCheckpoint(163)) - Created checkpoint : /home/runner/work/ozone/ozone/hadoop-ozone/integration-test/target/test-dir/MiniOzoneClusterImpl-58db5c20-d6df-4fe1-a747-1f1a0fc9447e/omNode-3/db.snapshots/om.db-ecabd704-2225-45f7-a260-60db6a895825 for snapshot 9d94677d-8e7b-40ce-b3e8-53c56b1d6daf
]]></system-out>
  </testcase>
  <testcase name="testUniqueSnapshotId" classname="TestOmSnapshot" time="1.077">
    <system-out><![CDATA[20:10:30.608 [OM StateMachine ApplyTransaction Thread - 0] ERROR OMAudit - user=runner | ip=127.0.0.1 | op=DELETE_SNAPSHOT {volume=vol-35855, bucket=buck-50877, snapshotName=snap14492} | ret=FAILURE
org.apache.hadoop.ozone.om.exceptions.OMException: Snapshot is already deleted. Pending reclamation.
	at org.apache.hadoop.ozone.om.request.snapshot.OMSnapshotDeleteRequest.validateAndUpdateCache(OMSnapshotDeleteRequest.java:161) ~[ozone-manager-1.4.0-SNAPSHOT.jar:?]
	at org.apache.hadoop.ozone.protocolPB.OzoneManagerRequestHandler.handleWriteRequest(OzoneManagerRequestHandler.java:337) ~[ozone-manager-1.4.0-SNAPSHOT.jar:?]
	at org.apache.hadoop.ozone.om.ratis.OzoneManagerStateMachine.runCommand(OzoneManagerStateMachine.java:533) ~[ozone-manager-1.4.0-SNAPSHOT.jar:?]
	at org.apache.hadoop.ozone.om.ratis.OzoneManagerStateMachine.lambda$1(OzoneManagerStateMachine.java:324) ~[ozone-manager-1.4.0-SNAPSHOT.jar:?]
	at java.util.concurrent.CompletableFuture$AsyncSupply.run(CompletableFuture.java:1604) [?:1.8.0_362]
	at java.util.concurrent.ThreadPoolExecutor.runWorker(ThreadPoolExecutor.java:1149) [?:1.8.0_362]
	at java.util.concurrent.ThreadPoolExecutor$Worker.run(ThreadPoolExecutor.java:624) [?:1.8.0_362]
	at java.lang.Thread.run(Thread.java:750) [?:1.8.0_362]
2023-02-28 20:10:30,610 [OM StateMachine ApplyTransaction Thread - 0] ERROR snapshot.OMSnapshotDeleteRequest (OMSnapshotDeleteRequest.java:validateAndUpdateCache(221)) - Failed to delete snapshot 'snap14492' under path 'vol-35855/buck-50877'
2023-02-28 20:10:30,681 [OM StateMachine ApplyTransaction Thread - 0] INFO  snapshot.OMSnapshotCreateRequest (OMSnapshotCreateRequest.java:validateAndUpdateCache(180)) - Created snapshot '2057d092-618a-4ac9-9e0b-0f6fa1b96102' under path 'volume84954/bucket39873'
2023-02-28 20:10:30,683 [OM StateMachine ApplyTransaction Thread - 0] INFO  snapshot.OMSnapshotCreateRequest (OMSnapshotCreateRequest.java:validateAndUpdateCache(180)) - Created snapshot '2057d092-618a-4ac9-9e0b-0f6fa1b96102' under path 'volume84954/bucket39873'
2023-02-28 20:10:30,683 [OM StateMachine ApplyTransaction Thread - 0] INFO  snapshot.OMSnapshotCreateRequest (OMSnapshotCreateRequest.java:validateAndUpdateCache(180)) - Created snapshot '2057d092-618a-4ac9-9e0b-0f6fa1b96102' under path 'volume84954/bucket39873'
2023-02-28 20:10:30,711 [OMDoubleBufferFlushThread] INFO  db.RDBCheckpointManager (RDBCheckpointManager.java:createCheckpoint(96)) - Created checkpoint in rocksDB at /home/runner/work/ozone/ozone/hadoop-ozone/integration-test/target/test-dir/MiniOzoneClusterImpl-9e11fa7e-4972-4825-87e7-ebdcd03a38ce/omNode-2/db.snapshots/om.db-8b26cbf5-f318-42d2-8fe8-cdf58dbaebd8 in 26 milliseconds
2023-02-28 20:10:30,711 [OMDoubleBufferFlushThread] INFO  db.RDBCheckpointManager (RDBCheckpointManager.java:createCheckpoint(96)) - Created checkpoint in rocksDB at /home/runner/work/ozone/ozone/hadoop-ozone/integration-test/target/test-dir/MiniOzoneClusterImpl-9e11fa7e-4972-4825-87e7-ebdcd03a38ce/omNode-1/db.snapshots/om.db-8b26cbf5-f318-42d2-8fe8-cdf58dbaebd8 in 28 milliseconds
2023-02-28 20:10:30,720 [OMDoubleBufferFlushThread] INFO  db.RDBCheckpointManager (RDBCheckpointManager.java:waitForCheckpointDirectoryExist(125)) - Waited for 9 milliseconds for checkpoint directory /home/runner/work/ozone/ozone/hadoop-ozone/integration-test/target/test-dir/MiniOzoneClusterImpl-9e11fa7e-4972-4825-87e7-ebdcd03a38ce/omNode-2/db.snapshots/om.db-8b26cbf5-f318-42d2-8fe8-cdf58dbaebd8 availability.
2023-02-28 20:10:30,720 [OMDoubleBufferFlushThread] INFO  om.OmSnapshotManager (OmSnapshotManager.java:createOmSnapshotCheckpoint(163)) - Created checkpoint : /home/runner/work/ozone/ozone/hadoop-ozone/integration-test/target/test-dir/MiniOzoneClusterImpl-9e11fa7e-4972-4825-87e7-ebdcd03a38ce/omNode-2/db.snapshots/om.db-8b26cbf5-f318-42d2-8fe8-cdf58dbaebd8 for snapshot 2057d092-618a-4ac9-9e0b-0f6fa1b96102
2023-02-28 20:10:30,721 [OMDoubleBufferFlushThread] INFO  db.RDBCheckpointManager (RDBCheckpointManager.java:waitForCheckpointDirectoryExist(125)) - Waited for 10 milliseconds for checkpoint directory /home/runner/work/ozone/ozone/hadoop-ozone/integration-test/target/test-dir/MiniOzoneClusterImpl-9e11fa7e-4972-4825-87e7-ebdcd03a38ce/omNode-1/db.snapshots/om.db-8b26cbf5-f318-42d2-8fe8-cdf58dbaebd8 availability.
2023-02-28 20:10:30,721 [OMDoubleBufferFlushThread] INFO  om.OmSnapshotManager (OmSnapshotManager.java:createOmSnapshotCheckpoint(163)) - Created checkpoint : /home/runner/work/ozone/ozone/hadoop-ozone/integration-test/target/test-dir/MiniOzoneClusterImpl-9e11fa7e-4972-4825-87e7-ebdcd03a38ce/omNode-1/db.snapshots/om.db-8b26cbf5-f318-42d2-8fe8-cdf58dbaebd8 for snapshot 2057d092-618a-4ac9-9e0b-0f6fa1b96102
2023-02-28 20:10:30,722 [OMDoubleBufferFlushThread] INFO  db.RDBCheckpointManager (RDBCheckpointManager.java:createCheckpoint(96)) - Created checkpoint in rocksDB at /home/runner/work/ozone/ozone/hadoop-ozone/integration-test/target/test-dir/MiniOzoneClusterImpl-9e11fa7e-4972-4825-87e7-ebdcd03a38ce/omNode-3/db.snapshots/om.db-8b26cbf5-f318-42d2-8fe8-cdf58dbaebd8 in 37 milliseconds
2023-02-28 20:10:30,725 [OMDoubleBufferFlushThread] INFO  db.RDBCheckpointManager (RDBCheckpointManager.java:waitForCheckpointDirectoryExist(125)) - Waited for 3 milliseconds for checkpoint directory /home/runner/work/ozone/ozone/hadoop-ozone/integration-test/target/test-dir/MiniOzoneClusterImpl-9e11fa7e-4972-4825-87e7-ebdcd03a38ce/omNode-3/db.snapshots/om.db-8b26cbf5-f318-42d2-8fe8-cdf58dbaebd8 availability.
2023-02-28 20:10:30,725 [OMDoubleBufferFlushThread] INFO  om.OmSnapshotManager (OmSnapshotManager.java:createOmSnapshotCheckpoint(163)) - Created checkpoint : /home/runner/work/ozone/ozone/hadoop-ozone/integration-test/target/test-dir/MiniOzoneClusterImpl-9e11fa7e-4972-4825-87e7-ebdcd03a38ce/omNode-3/db.snapshots/om.db-8b26cbf5-f318-42d2-8fe8-cdf58dbaebd8 for snapshot 2057d092-618a-4ac9-9e0b-0f6fa1b96102
]]></system-out>
  </testcase>
  <testcase name="testSnapDiffNonExistentUrl" classname="TestOmSnapshot" time="2.111">
    <system-out><![CDATA[2023-02-28 20:08:41,992 [Time-limited test] INFO  rpc.RpcClient (RpcClient.java:createVolume(476)) - Creating Volume: vol-09543, with runner as owner and space quota set to -1 bytes, counts quota set to -1
2023-02-28 20:08:41,998 [OM StateMachine ApplyTransaction Thread - 0] INFO  volume.OMVolumeCreateRequest (OMVolumeCreateRequest.java:validateAndUpdateCache(195)) - created volume:vol-09543 for user:runner
2023-02-28 20:08:42,000 [OM StateMachine ApplyTransaction Thread - 0] INFO  volume.OMVolumeCreateRequest (OMVolumeCreateRequest.java:validateAndUpdateCache(195)) - created volume:vol-09543 for user:runner
2023-02-28 20:08:42,001 [OM StateMachine ApplyTransaction Thread - 0] INFO  volume.OMVolumeCreateRequest (OMVolumeCreateRequest.java:validateAndUpdateCache(195)) - created volume:vol-09543 for user:runner
2023-02-28 20:08:42,004 [Time-limited test] INFO  rpc.RpcClient (RpcClient.java:createBucket(698)) - Creating Bucket: vol-09543/buck-91112, with server-side default bucket layout, runner as owner, Versioning false, Storage Type set to DISK and Encryption set to false, Replication Type set to server-side default replication type, Namespace Quota set to -1, Space Quota set to -1 
2023-02-28 20:08:42,009 [OM StateMachine ApplyTransaction Thread - 0] INFO  bucket.OMBucketCreateRequest (OMBucketCreateRequest.java:validateAndUpdateCache(263)) - created bucket: buck-91112 of layout OBJECT_STORE in volume: vol-09543
2023-02-28 20:08:42,011 [OM StateMachine ApplyTransaction Thread - 0] INFO  bucket.OMBucketCreateRequest (OMBucketCreateRequest.java:validateAndUpdateCache(263)) - created bucket: buck-91112 of layout OBJECT_STORE in volume: vol-09543
2023-02-28 20:08:42,011 [OM StateMachine ApplyTransaction Thread - 0] INFO  bucket.OMBucketCreateRequest (OMBucketCreateRequest.java:validateAndUpdateCache(263)) - created bucket: buck-91112 of layout OBJECT_STORE in volume: vol-09543
2023-02-28 20:08:42,079 [OM StateMachine ApplyTransaction Thread - 0] INFO  snapshot.OMSnapshotCreateRequest (OMSnapshotCreateRequest.java:validateAndUpdateCache(180)) - Created snapshot 'snap98911' under path 'vol-09543/buck-91112'
2023-02-28 20:08:42,080 [OM StateMachine ApplyTransaction Thread - 0] INFO  snapshot.OMSnapshotCreateRequest (OMSnapshotCreateRequest.java:validateAndUpdateCache(180)) - Created snapshot 'snap98911' under path 'vol-09543/buck-91112'
2023-02-28 20:08:42,081 [OM StateMachine ApplyTransaction Thread - 0] INFO  snapshot.OMSnapshotCreateRequest (OMSnapshotCreateRequest.java:validateAndUpdateCache(180)) - Created snapshot 'snap98911' under path 'vol-09543/buck-91112'
2023-02-28 20:08:42,114 [OMDoubleBufferFlushThread] INFO  db.RDBCheckpointManager (RDBCheckpointManager.java:createCheckpoint(96)) - Created checkpoint in rocksDB at /home/runner/work/ozone/ozone/hadoop-ozone/integration-test/target/test-dir/MiniOzoneClusterImpl-e7d671b1-06ed-40aa-a52b-2678dd5bab1b/omNode-1/db.snapshots/om.db-cd2bfdf2-9a39-46a9-82f7-83e58f70889e in 34 milliseconds
2023-02-28 20:08:42,115 [OMDoubleBufferFlushThread] INFO  db.RDBCheckpointManager (RDBCheckpointManager.java:waitForCheckpointDirectoryExist(125)) - Waited for 1 milliseconds for checkpoint directory /home/runner/work/ozone/ozone/hadoop-ozone/integration-test/target/test-dir/MiniOzoneClusterImpl-e7d671b1-06ed-40aa-a52b-2678dd5bab1b/omNode-1/db.snapshots/om.db-cd2bfdf2-9a39-46a9-82f7-83e58f70889e availability.
2023-02-28 20:08:42,115 [OMDoubleBufferFlushThread] INFO  om.OmSnapshotManager (OmSnapshotManager.java:createOmSnapshotCheckpoint(163)) - Created checkpoint : /home/runner/work/ozone/ozone/hadoop-ozone/integration-test/target/test-dir/MiniOzoneClusterImpl-e7d671b1-06ed-40aa-a52b-2678dd5bab1b/omNode-1/db.snapshots/om.db-cd2bfdf2-9a39-46a9-82f7-83e58f70889e for snapshot snap98911
2023-02-28 20:08:42,120 [OMDoubleBufferFlushThread] INFO  db.RDBCheckpointManager (RDBCheckpointManager.java:createCheckpoint(96)) - Created checkpoint in rocksDB at /home/runner/work/ozone/ozone/hadoop-ozone/integration-test/target/test-dir/MiniOzoneClusterImpl-e7d671b1-06ed-40aa-a52b-2678dd5bab1b/omNode-3/db.snapshots/om.db-cd2bfdf2-9a39-46a9-82f7-83e58f70889e in 38 milliseconds
2023-02-28 20:08:42,121 [OMDoubleBufferFlushThread] INFO  db.RDBCheckpointManager (RDBCheckpointManager.java:createCheckpoint(96)) - Created checkpoint in rocksDB at /home/runner/work/ozone/ozone/hadoop-ozone/integration-test/target/test-dir/MiniOzoneClusterImpl-e7d671b1-06ed-40aa-a52b-2678dd5bab1b/omNode-2/db.snapshots/om.db-cd2bfdf2-9a39-46a9-82f7-83e58f70889e in 38 milliseconds
2023-02-28 20:08:42,121 [OMDoubleBufferFlushThread] INFO  db.RDBCheckpointManager (RDBCheckpointManager.java:waitForCheckpointDirectoryExist(125)) - Waited for 1 milliseconds for checkpoint directory /home/runner/work/ozone/ozone/hadoop-ozone/integration-test/target/test-dir/MiniOzoneClusterImpl-e7d671b1-06ed-40aa-a52b-2678dd5bab1b/omNode-3/db.snapshots/om.db-cd2bfdf2-9a39-46a9-82f7-83e58f70889e availability.
2023-02-28 20:08:42,121 [OMDoubleBufferFlushThread] INFO  om.OmSnapshotManager (OmSnapshotManager.java:createOmSnapshotCheckpoint(163)) - Created checkpoint : /home/runner/work/ozone/ozone/hadoop-ozone/integration-test/target/test-dir/MiniOzoneClusterImpl-e7d671b1-06ed-40aa-a52b-2678dd5bab1b/omNode-3/db.snapshots/om.db-cd2bfdf2-9a39-46a9-82f7-83e58f70889e for snapshot snap98911
2023-02-28 20:08:42,122 [OMDoubleBufferFlushThread] INFO  db.RDBCheckpointManager (RDBCheckpointManager.java:waitForCheckpointDirectoryExist(125)) - Waited for 1 milliseconds for checkpoint directory /home/runner/work/ozone/ozone/hadoop-ozone/integration-test/target/test-dir/MiniOzoneClusterImpl-e7d671b1-06ed-40aa-a52b-2678dd5bab1b/omNode-2/db.snapshots/om.db-cd2bfdf2-9a39-46a9-82f7-83e58f70889e availability.
2023-02-28 20:08:42,122 [OMDoubleBufferFlushThread] INFO  om.OmSnapshotManager (OmSnapshotManager.java:createOmSnapshotCheckpoint(163)) - Created checkpoint : /home/runner/work/ozone/ozone/hadoop-ozone/integration-test/target/test-dir/MiniOzoneClusterImpl-e7d671b1-06ed-40aa-a52b-2678dd5bab1b/omNode-2/db.snapshots/om.db-cd2bfdf2-9a39-46a9-82f7-83e58f70889e for snapshot snap98911
2023-02-28 20:08:43,087 [OM StateMachine ApplyTransaction Thread - 0] INFO  snapshot.OMSnapshotCreateRequest (OMSnapshotCreateRequest.java:validateAndUpdateCache(180)) - Created snapshot 'snap22150' under path 'vol-09543/buck-91112'
2023-02-28 20:08:43,090 [OM StateMachine ApplyTransaction Thread - 0] INFO  snapshot.OMSnapshotCreateRequest (OMSnapshotCreateRequest.java:validateAndUpdateCache(180)) - Created snapshot 'snap22150' under path 'vol-09543/buck-91112'
2023-02-28 20:08:43,093 [OM StateMachine ApplyTransaction Thread - 0] INFO  snapshot.OMSnapshotCreateRequest (OMSnapshotCreateRequest.java:validateAndUpdateCache(180)) - Created snapshot 'snap22150' under path 'vol-09543/buck-91112'
2023-02-28 20:08:43,104 [OMDoubleBufferFlushThread] INFO  db.RDBCheckpointManager (RDBCheckpointManager.java:createCheckpoint(96)) - Created checkpoint in rocksDB at /home/runner/work/ozone/ozone/hadoop-ozone/integration-test/target/test-dir/MiniOzoneClusterImpl-e7d671b1-06ed-40aa-a52b-2678dd5bab1b/omNode-1/db.snapshots/om.db-6bb21428-2855-4ce3-9ca1-8e1db6ee1008 in 15 milliseconds
2023-02-28 20:08:43,104 [OMDoubleBufferFlushThread] INFO  db.RDBCheckpointManager (RDBCheckpointManager.java:waitForCheckpointDirectoryExist(125)) - Waited for 0 milliseconds for checkpoint directory /home/runner/work/ozone/ozone/hadoop-ozone/integration-test/target/test-dir/MiniOzoneClusterImpl-e7d671b1-06ed-40aa-a52b-2678dd5bab1b/omNode-1/db.snapshots/om.db-6bb21428-2855-4ce3-9ca1-8e1db6ee1008 availability.
2023-02-28 20:08:43,105 [OMDoubleBufferFlushThread] INFO  om.OmSnapshotManager (OmSnapshotManager.java:createOmSnapshotCheckpoint(163)) - Created checkpoint : /home/runner/work/ozone/ozone/hadoop-ozone/integration-test/target/test-dir/MiniOzoneClusterImpl-e7d671b1-06ed-40aa-a52b-2678dd5bab1b/omNode-1/db.snapshots/om.db-6bb21428-2855-4ce3-9ca1-8e1db6ee1008 for snapshot snap22150
2023-02-28 20:08:43,106 [OMDoubleBufferFlushThread] INFO  db.RDBCheckpointManager (RDBCheckpointManager.java:createCheckpoint(96)) - Created checkpoint in rocksDB at /home/runner/work/ozone/ozone/hadoop-ozone/integration-test/target/test-dir/MiniOzoneClusterImpl-e7d671b1-06ed-40aa-a52b-2678dd5bab1b/omNode-3/db.snapshots/om.db-6bb21428-2855-4ce3-9ca1-8e1db6ee1008 in 13 milliseconds
2023-02-28 20:08:43,107 [OMDoubleBufferFlushThread] INFO  db.RDBCheckpointManager (RDBCheckpointManager.java:waitForCheckpointDirectoryExist(125)) - Waited for 1 milliseconds for checkpoint directory /home/runner/work/ozone/ozone/hadoop-ozone/integration-test/target/test-dir/MiniOzoneClusterImpl-e7d671b1-06ed-40aa-a52b-2678dd5bab1b/omNode-3/db.snapshots/om.db-6bb21428-2855-4ce3-9ca1-8e1db6ee1008 availability.
2023-02-28 20:08:43,108 [OMDoubleBufferFlushThread] INFO  om.OmSnapshotManager (OmSnapshotManager.java:createOmSnapshotCheckpoint(163)) - Created checkpoint : /home/runner/work/ozone/ozone/hadoop-ozone/integration-test/target/test-dir/MiniOzoneClusterImpl-e7d671b1-06ed-40aa-a52b-2678dd5bab1b/omNode-3/db.snapshots/om.db-6bb21428-2855-4ce3-9ca1-8e1db6ee1008 for snapshot snap22150
2023-02-28 20:08:43,109 [OMDoubleBufferFlushThread] INFO  db.RDBCheckpointManager (RDBCheckpointManager.java:createCheckpoint(96)) - Created checkpoint in rocksDB at /home/runner/work/ozone/ozone/hadoop-ozone/integration-test/target/test-dir/MiniOzoneClusterImpl-e7d671b1-06ed-40aa-a52b-2678dd5bab1b/omNode-2/db.snapshots/om.db-6bb21428-2855-4ce3-9ca1-8e1db6ee1008 in 15 milliseconds
2023-02-28 20:08:43,109 [OMDoubleBufferFlushThread] INFO  db.RDBCheckpointManager (RDBCheckpointManager.java:waitForCheckpointDirectoryExist(125)) - Waited for 0 milliseconds for checkpoint directory /home/runner/work/ozone/ozone/hadoop-ozone/integration-test/target/test-dir/MiniOzoneClusterImpl-e7d671b1-06ed-40aa-a52b-2678dd5bab1b/omNode-2/db.snapshots/om.db-6bb21428-2855-4ce3-9ca1-8e1db6ee1008 availability.
2023-02-28 20:08:43,110 [OMDoubleBufferFlushThread] INFO  om.OmSnapshotManager (OmSnapshotManager.java:createOmSnapshotCheckpoint(163)) - Created checkpoint : /home/runner/work/ozone/ozone/hadoop-ozone/integration-test/target/test-dir/MiniOzoneClusterImpl-e7d671b1-06ed-40aa-a52b-2678dd5bab1b/omNode-2/db.snapshots/om.db-6bb21428-2855-4ce3-9ca1-8e1db6ee1008 for snapshot snap22150
]]></system-out>
  </testcase>
  <testcase name="testSnapDiffNonExistentUrl" classname="TestOmSnapshot" time="2.084">
    <system-out><![CDATA[2023-02-28 20:09:37,954 [Time-limited test] INFO  rpc.RpcClient (RpcClient.java:createVolume(476)) - Creating Volume: vol-85816, with runner as owner and space quota set to -1 bytes, counts quota set to -1
2023-02-28 20:09:37,958 [OM StateMachine ApplyTransaction Thread - 0] INFO  volume.OMVolumeCreateRequest (OMVolumeCreateRequest.java:validateAndUpdateCache(195)) - created volume:vol-85816 for user:runner
2023-02-28 20:09:37,959 [OM StateMachine ApplyTransaction Thread - 0] INFO  volume.OMVolumeCreateRequest (OMVolumeCreateRequest.java:validateAndUpdateCache(195)) - created volume:vol-85816 for user:runner
2023-02-28 20:09:37,960 [OM StateMachine ApplyTransaction Thread - 0] INFO  volume.OMVolumeCreateRequest (OMVolumeCreateRequest.java:validateAndUpdateCache(195)) - created volume:vol-85816 for user:runner
2023-02-28 20:09:37,960 [Time-limited test] INFO  rpc.RpcClient (RpcClient.java:createBucket(698)) - Creating Bucket: vol-85816/buck-71881, with server-side default bucket layout, runner as owner, Versioning false, Storage Type set to DISK and Encryption set to false, Replication Type set to server-side default replication type, Namespace Quota set to -1, Space Quota set to -1 
2023-02-28 20:09:37,962 [OM StateMachine ApplyTransaction Thread - 0] INFO  bucket.OMBucketCreateRequest (OMBucketCreateRequest.java:validateAndUpdateCache(263)) - created bucket: buck-71881 of layout FILE_SYSTEM_OPTIMIZED in volume: vol-85816
2023-02-28 20:09:37,963 [OM StateMachine ApplyTransaction Thread - 0] INFO  bucket.OMBucketCreateRequest (OMBucketCreateRequest.java:validateAndUpdateCache(263)) - created bucket: buck-71881 of layout FILE_SYSTEM_OPTIMIZED in volume: vol-85816
2023-02-28 20:09:37,964 [OM StateMachine ApplyTransaction Thread - 0] INFO  bucket.OMBucketCreateRequest (OMBucketCreateRequest.java:validateAndUpdateCache(263)) - created bucket: buck-71881 of layout FILE_SYSTEM_OPTIMIZED in volume: vol-85816
2023-02-28 20:09:38,018 [OM StateMachine ApplyTransaction Thread - 0] INFO  snapshot.OMSnapshotCreateRequest (OMSnapshotCreateRequest.java:validateAndUpdateCache(180)) - Created snapshot 'snap20203' under path 'vol-85816/buck-71881'
2023-02-28 20:09:38,019 [OM StateMachine ApplyTransaction Thread - 0] INFO  snapshot.OMSnapshotCreateRequest (OMSnapshotCreateRequest.java:validateAndUpdateCache(180)) - Created snapshot 'snap20203' under path 'vol-85816/buck-71881'
2023-02-28 20:09:38,019 [OM StateMachine ApplyTransaction Thread - 0] INFO  snapshot.OMSnapshotCreateRequest (OMSnapshotCreateRequest.java:validateAndUpdateCache(180)) - Created snapshot 'snap20203' under path 'vol-85816/buck-71881'
2023-02-28 20:09:38,053 [OMDoubleBufferFlushThread] INFO  db.RDBCheckpointManager (RDBCheckpointManager.java:createCheckpoint(96)) - Created checkpoint in rocksDB at /home/runner/work/ozone/ozone/hadoop-ozone/integration-test/target/test-dir/MiniOzoneClusterImpl-58db5c20-d6df-4fe1-a747-1f1a0fc9447e/omNode-2/db.snapshots/om.db-0aa3d33d-3b09-44f9-ab1b-70bcbf8536f4 in 33 milliseconds
2023-02-28 20:09:38,053 [OMDoubleBufferFlushThread] INFO  db.RDBCheckpointManager (RDBCheckpointManager.java:createCheckpoint(96)) - Created checkpoint in rocksDB at /home/runner/work/ozone/ozone/hadoop-ozone/integration-test/target/test-dir/MiniOzoneClusterImpl-58db5c20-d6df-4fe1-a747-1f1a0fc9447e/omNode-1/db.snapshots/om.db-0aa3d33d-3b09-44f9-ab1b-70bcbf8536f4 in 34 milliseconds
2023-02-28 20:09:38,062 [OMDoubleBufferFlushThread] INFO  db.RDBCheckpointManager (RDBCheckpointManager.java:waitForCheckpointDirectoryExist(125)) - Waited for 9 milliseconds for checkpoint directory /home/runner/work/ozone/ozone/hadoop-ozone/integration-test/target/test-dir/MiniOzoneClusterImpl-58db5c20-d6df-4fe1-a747-1f1a0fc9447e/omNode-2/db.snapshots/om.db-0aa3d33d-3b09-44f9-ab1b-70bcbf8536f4 availability.
2023-02-28 20:09:38,062 [OMDoubleBufferFlushThread] INFO  om.OmSnapshotManager (OmSnapshotManager.java:createOmSnapshotCheckpoint(163)) - Created checkpoint : /home/runner/work/ozone/ozone/hadoop-ozone/integration-test/target/test-dir/MiniOzoneClusterImpl-58db5c20-d6df-4fe1-a747-1f1a0fc9447e/omNode-2/db.snapshots/om.db-0aa3d33d-3b09-44f9-ab1b-70bcbf8536f4 for snapshot snap20203
2023-02-28 20:09:38,063 [OMDoubleBufferFlushThread] INFO  db.RDBCheckpointManager (RDBCheckpointManager.java:waitForCheckpointDirectoryExist(125)) - Waited for 9 milliseconds for checkpoint directory /home/runner/work/ozone/ozone/hadoop-ozone/integration-test/target/test-dir/MiniOzoneClusterImpl-58db5c20-d6df-4fe1-a747-1f1a0fc9447e/omNode-1/db.snapshots/om.db-0aa3d33d-3b09-44f9-ab1b-70bcbf8536f4 availability.
2023-02-28 20:09:38,063 [OMDoubleBufferFlushThread] INFO  om.OmSnapshotManager (OmSnapshotManager.java:createOmSnapshotCheckpoint(163)) - Created checkpoint : /home/runner/work/ozone/ozone/hadoop-ozone/integration-test/target/test-dir/MiniOzoneClusterImpl-58db5c20-d6df-4fe1-a747-1f1a0fc9447e/omNode-1/db.snapshots/om.db-0aa3d33d-3b09-44f9-ab1b-70bcbf8536f4 for snapshot snap20203
2023-02-28 20:09:38,064 [OMDoubleBufferFlushThread] INFO  db.RDBCheckpointManager (RDBCheckpointManager.java:createCheckpoint(96)) - Created checkpoint in rocksDB at /home/runner/work/ozone/ozone/hadoop-ozone/integration-test/target/test-dir/MiniOzoneClusterImpl-58db5c20-d6df-4fe1-a747-1f1a0fc9447e/omNode-3/db.snapshots/om.db-0aa3d33d-3b09-44f9-ab1b-70bcbf8536f4 in 44 milliseconds
2023-02-28 20:09:38,066 [OMDoubleBufferFlushThread] INFO  db.RDBCheckpointManager (RDBCheckpointManager.java:waitForCheckpointDirectoryExist(125)) - Waited for 1 milliseconds for checkpoint directory /home/runner/work/ozone/ozone/hadoop-ozone/integration-test/target/test-dir/MiniOzoneClusterImpl-58db5c20-d6df-4fe1-a747-1f1a0fc9447e/omNode-3/db.snapshots/om.db-0aa3d33d-3b09-44f9-ab1b-70bcbf8536f4 availability.
2023-02-28 20:09:38,066 [OMDoubleBufferFlushThread] INFO  om.OmSnapshotManager (OmSnapshotManager.java:createOmSnapshotCheckpoint(163)) - Created checkpoint : /home/runner/work/ozone/ozone/hadoop-ozone/integration-test/target/test-dir/MiniOzoneClusterImpl-58db5c20-d6df-4fe1-a747-1f1a0fc9447e/omNode-3/db.snapshots/om.db-0aa3d33d-3b09-44f9-ab1b-70bcbf8536f4 for snapshot snap20203
2023-02-28 20:09:39,024 [OM StateMachine ApplyTransaction Thread - 0] INFO  snapshot.OMSnapshotCreateRequest (OMSnapshotCreateRequest.java:validateAndUpdateCache(180)) - Created snapshot 'snap85646' under path 'vol-85816/buck-71881'
2023-02-28 20:09:39,027 [OM StateMachine ApplyTransaction Thread - 0] INFO  snapshot.OMSnapshotCreateRequest (OMSnapshotCreateRequest.java:validateAndUpdateCache(180)) - Created snapshot 'snap85646' under path 'vol-85816/buck-71881'
2023-02-28 20:09:39,027 [OM StateMachine ApplyTransaction Thread - 0] INFO  snapshot.OMSnapshotCreateRequest (OMSnapshotCreateRequest.java:validateAndUpdateCache(180)) - Created snapshot 'snap85646' under path 'vol-85816/buck-71881'
2023-02-28 20:09:39,036 [OMDoubleBufferFlushThread] INFO  db.RDBCheckpointManager (RDBCheckpointManager.java:createCheckpoint(96)) - Created checkpoint in rocksDB at /home/runner/work/ozone/ozone/hadoop-ozone/integration-test/target/test-dir/MiniOzoneClusterImpl-58db5c20-d6df-4fe1-a747-1f1a0fc9447e/omNode-1/db.snapshots/om.db-4ab714a8-4677-4322-92fb-278e90685c28 in 11 milliseconds
2023-02-28 20:09:39,037 [OMDoubleBufferFlushThread] INFO  db.RDBCheckpointManager (RDBCheckpointManager.java:waitForCheckpointDirectoryExist(125)) - Waited for 1 milliseconds for checkpoint directory /home/runner/work/ozone/ozone/hadoop-ozone/integration-test/target/test-dir/MiniOzoneClusterImpl-58db5c20-d6df-4fe1-a747-1f1a0fc9447e/omNode-1/db.snapshots/om.db-4ab714a8-4677-4322-92fb-278e90685c28 availability.
2023-02-28 20:09:39,037 [OMDoubleBufferFlushThread] INFO  om.OmSnapshotManager (OmSnapshotManager.java:createOmSnapshotCheckpoint(163)) - Created checkpoint : /home/runner/work/ozone/ozone/hadoop-ozone/integration-test/target/test-dir/MiniOzoneClusterImpl-58db5c20-d6df-4fe1-a747-1f1a0fc9447e/omNode-1/db.snapshots/om.db-4ab714a8-4677-4322-92fb-278e90685c28 for snapshot snap85646
2023-02-28 20:09:39,038 [OMDoubleBufferFlushThread] INFO  db.RDBCheckpointManager (RDBCheckpointManager.java:createCheckpoint(96)) - Created checkpoint in rocksDB at /home/runner/work/ozone/ozone/hadoop-ozone/integration-test/target/test-dir/MiniOzoneClusterImpl-58db5c20-d6df-4fe1-a747-1f1a0fc9447e/omNode-3/db.snapshots/om.db-4ab714a8-4677-4322-92fb-278e90685c28 in 10 milliseconds
2023-02-28 20:09:39,039 [OMDoubleBufferFlushThread] INFO  db.RDBCheckpointManager (RDBCheckpointManager.java:waitForCheckpointDirectoryExist(125)) - Waited for 1 milliseconds for checkpoint directory /home/runner/work/ozone/ozone/hadoop-ozone/integration-test/target/test-dir/MiniOzoneClusterImpl-58db5c20-d6df-4fe1-a747-1f1a0fc9447e/omNode-3/db.snapshots/om.db-4ab714a8-4677-4322-92fb-278e90685c28 availability.
2023-02-28 20:09:39,039 [OMDoubleBufferFlushThread] INFO  om.OmSnapshotManager (OmSnapshotManager.java:createOmSnapshotCheckpoint(163)) - Created checkpoint : /home/runner/work/ozone/ozone/hadoop-ozone/integration-test/target/test-dir/MiniOzoneClusterImpl-58db5c20-d6df-4fe1-a747-1f1a0fc9447e/omNode-3/db.snapshots/om.db-4ab714a8-4677-4322-92fb-278e90685c28 for snapshot snap85646
2023-02-28 20:09:39,041 [OMDoubleBufferFlushThread] INFO  db.RDBCheckpointManager (RDBCheckpointManager.java:createCheckpoint(96)) - Created checkpoint in rocksDB at /home/runner/work/ozone/ozone/hadoop-ozone/integration-test/target/test-dir/MiniOzoneClusterImpl-58db5c20-d6df-4fe1-a747-1f1a0fc9447e/omNode-2/db.snapshots/om.db-4ab714a8-4677-4322-92fb-278e90685c28 in 12 milliseconds
2023-02-28 20:09:39,041 [OMDoubleBufferFlushThread] INFO  db.RDBCheckpointManager (RDBCheckpointManager.java:waitForCheckpointDirectoryExist(125)) - Waited for 0 milliseconds for checkpoint directory /home/runner/work/ozone/ozone/hadoop-ozone/integration-test/target/test-dir/MiniOzoneClusterImpl-58db5c20-d6df-4fe1-a747-1f1a0fc9447e/omNode-2/db.snapshots/om.db-4ab714a8-4677-4322-92fb-278e90685c28 availability.
2023-02-28 20:09:39,041 [OMDoubleBufferFlushThread] INFO  om.OmSnapshotManager (OmSnapshotManager.java:createOmSnapshotCheckpoint(163)) - Created checkpoint : /home/runner/work/ozone/ozone/hadoop-ozone/integration-test/target/test-dir/MiniOzoneClusterImpl-58db5c20-d6df-4fe1-a747-1f1a0fc9447e/omNode-2/db.snapshots/om.db-4ab714a8-4677-4322-92fb-278e90685c28 for snapshot snap85646
]]></system-out>
  </testcase>
  <testcase name="testSnapDiffNonExistentUrl" classname="TestOmSnapshot" time="2.053">
    <system-out><![CDATA[2023-02-28 20:10:31,683 [Time-limited test] INFO  rpc.RpcClient (RpcClient.java:createVolume(476)) - Creating Volume: vol-77927, with runner as owner and space quota set to -1 bytes, counts quota set to -1
2023-02-28 20:10:31,686 [OM StateMachine ApplyTransaction Thread - 0] INFO  volume.OMVolumeCreateRequest (OMVolumeCreateRequest.java:validateAndUpdateCache(195)) - created volume:vol-77927 for user:runner
2023-02-28 20:10:31,688 [OM StateMachine ApplyTransaction Thread - 0] INFO  volume.OMVolumeCreateRequest (OMVolumeCreateRequest.java:validateAndUpdateCache(195)) - created volume:vol-77927 for user:runner
2023-02-28 20:10:31,688 [OM StateMachine ApplyTransaction Thread - 0] INFO  volume.OMVolumeCreateRequest (OMVolumeCreateRequest.java:validateAndUpdateCache(195)) - created volume:vol-77927 for user:runner
2023-02-28 20:10:31,690 [Time-limited test] INFO  rpc.RpcClient (RpcClient.java:createBucket(698)) - Creating Bucket: vol-77927/buck-61457, with server-side default bucket layout, runner as owner, Versioning false, Storage Type set to DISK and Encryption set to false, Replication Type set to server-side default replication type, Namespace Quota set to -1, Space Quota set to -1 
2023-02-28 20:10:31,692 [OM StateMachine ApplyTransaction Thread - 0] INFO  bucket.OMBucketCreateRequest (OMBucketCreateRequest.java:validateAndUpdateCache(263)) - created bucket: buck-61457 of layout LEGACY in volume: vol-77927
2023-02-28 20:10:31,693 [OM StateMachine ApplyTransaction Thread - 0] INFO  bucket.OMBucketCreateRequest (OMBucketCreateRequest.java:validateAndUpdateCache(263)) - created bucket: buck-61457 of layout LEGACY in volume: vol-77927
2023-02-28 20:10:31,696 [OM StateMachine ApplyTransaction Thread - 0] INFO  bucket.OMBucketCreateRequest (OMBucketCreateRequest.java:validateAndUpdateCache(263)) - created bucket: buck-61457 of layout LEGACY in volume: vol-77927
2023-02-28 20:10:31,726 [OM StateMachine ApplyTransaction Thread - 0] INFO  snapshot.OMSnapshotCreateRequest (OMSnapshotCreateRequest.java:validateAndUpdateCache(180)) - Created snapshot 'snap25281' under path 'vol-77927/buck-61457'
2023-02-28 20:10:31,727 [OM StateMachine ApplyTransaction Thread - 0] INFO  snapshot.OMSnapshotCreateRequest (OMSnapshotCreateRequest.java:validateAndUpdateCache(180)) - Created snapshot 'snap25281' under path 'vol-77927/buck-61457'
2023-02-28 20:10:31,727 [OM StateMachine ApplyTransaction Thread - 0] INFO  snapshot.OMSnapshotCreateRequest (OMSnapshotCreateRequest.java:validateAndUpdateCache(180)) - Created snapshot 'snap25281' under path 'vol-77927/buck-61457'
2023-02-28 20:10:31,762 [OMDoubleBufferFlushThread] INFO  db.RDBCheckpointManager (RDBCheckpointManager.java:createCheckpoint(96)) - Created checkpoint in rocksDB at /home/runner/work/ozone/ozone/hadoop-ozone/integration-test/target/test-dir/MiniOzoneClusterImpl-9e11fa7e-4972-4825-87e7-ebdcd03a38ce/omNode-3/db.snapshots/om.db-5f5e9e2b-9cd9-4e37-ae3f-945c48a4bcf6 in 32 milliseconds
2023-02-28 20:10:31,763 [OMDoubleBufferFlushThread] INFO  db.RDBCheckpointManager (RDBCheckpointManager.java:createCheckpoint(96)) - Created checkpoint in rocksDB at /home/runner/work/ozone/ozone/hadoop-ozone/integration-test/target/test-dir/MiniOzoneClusterImpl-9e11fa7e-4972-4825-87e7-ebdcd03a38ce/omNode-2/db.snapshots/om.db-5f5e9e2b-9cd9-4e37-ae3f-945c48a4bcf6 in 35 milliseconds
2023-02-28 20:10:31,763 [OMDoubleBufferFlushThread] INFO  db.RDBCheckpointManager (RDBCheckpointManager.java:waitForCheckpointDirectoryExist(125)) - Waited for 1 milliseconds for checkpoint directory /home/runner/work/ozone/ozone/hadoop-ozone/integration-test/target/test-dir/MiniOzoneClusterImpl-9e11fa7e-4972-4825-87e7-ebdcd03a38ce/omNode-3/db.snapshots/om.db-5f5e9e2b-9cd9-4e37-ae3f-945c48a4bcf6 availability.
2023-02-28 20:10:31,763 [OMDoubleBufferFlushThread] INFO  om.OmSnapshotManager (OmSnapshotManager.java:createOmSnapshotCheckpoint(163)) - Created checkpoint : /home/runner/work/ozone/ozone/hadoop-ozone/integration-test/target/test-dir/MiniOzoneClusterImpl-9e11fa7e-4972-4825-87e7-ebdcd03a38ce/omNode-3/db.snapshots/om.db-5f5e9e2b-9cd9-4e37-ae3f-945c48a4bcf6 for snapshot snap25281
2023-02-28 20:10:31,764 [OMDoubleBufferFlushThread] INFO  db.RDBCheckpointManager (RDBCheckpointManager.java:waitForCheckpointDirectoryExist(125)) - Waited for 1 milliseconds for checkpoint directory /home/runner/work/ozone/ozone/hadoop-ozone/integration-test/target/test-dir/MiniOzoneClusterImpl-9e11fa7e-4972-4825-87e7-ebdcd03a38ce/omNode-2/db.snapshots/om.db-5f5e9e2b-9cd9-4e37-ae3f-945c48a4bcf6 availability.
2023-02-28 20:10:31,764 [OMDoubleBufferFlushThread] INFO  om.OmSnapshotManager (OmSnapshotManager.java:createOmSnapshotCheckpoint(163)) - Created checkpoint : /home/runner/work/ozone/ozone/hadoop-ozone/integration-test/target/test-dir/MiniOzoneClusterImpl-9e11fa7e-4972-4825-87e7-ebdcd03a38ce/omNode-2/db.snapshots/om.db-5f5e9e2b-9cd9-4e37-ae3f-945c48a4bcf6 for snapshot snap25281
2023-02-28 20:10:31,767 [OMDoubleBufferFlushThread] INFO  db.RDBCheckpointManager (RDBCheckpointManager.java:createCheckpoint(96)) - Created checkpoint in rocksDB at /home/runner/work/ozone/ozone/hadoop-ozone/integration-test/target/test-dir/MiniOzoneClusterImpl-9e11fa7e-4972-4825-87e7-ebdcd03a38ce/omNode-1/db.snapshots/om.db-5f5e9e2b-9cd9-4e37-ae3f-945c48a4bcf6 in 39 milliseconds
2023-02-28 20:10:31,768 [OMDoubleBufferFlushThread] INFO  db.RDBCheckpointManager (RDBCheckpointManager.java:waitForCheckpointDirectoryExist(125)) - Waited for 1 milliseconds for checkpoint directory /home/runner/work/ozone/ozone/hadoop-ozone/integration-test/target/test-dir/MiniOzoneClusterImpl-9e11fa7e-4972-4825-87e7-ebdcd03a38ce/omNode-1/db.snapshots/om.db-5f5e9e2b-9cd9-4e37-ae3f-945c48a4bcf6 availability.
2023-02-28 20:10:31,768 [OMDoubleBufferFlushThread] INFO  om.OmSnapshotManager (OmSnapshotManager.java:createOmSnapshotCheckpoint(163)) - Created checkpoint : /home/runner/work/ozone/ozone/hadoop-ozone/integration-test/target/test-dir/MiniOzoneClusterImpl-9e11fa7e-4972-4825-87e7-ebdcd03a38ce/omNode-1/db.snapshots/om.db-5f5e9e2b-9cd9-4e37-ae3f-945c48a4bcf6 for snapshot snap25281
2023-02-28 20:10:32,730 [OM StateMachine ApplyTransaction Thread - 0] INFO  snapshot.OMSnapshotCreateRequest (OMSnapshotCreateRequest.java:validateAndUpdateCache(180)) - Created snapshot 'snap53534' under path 'vol-77927/buck-61457'
2023-02-28 20:10:32,732 [OM StateMachine ApplyTransaction Thread - 0] INFO  snapshot.OMSnapshotCreateRequest (OMSnapshotCreateRequest.java:validateAndUpdateCache(180)) - Created snapshot 'snap53534' under path 'vol-77927/buck-61457'
2023-02-28 20:10:32,733 [OM StateMachine ApplyTransaction Thread - 0] INFO  snapshot.OMSnapshotCreateRequest (OMSnapshotCreateRequest.java:validateAndUpdateCache(180)) - Created snapshot 'snap53534' under path 'vol-77927/buck-61457'
2023-02-28 20:10:32,742 [OMDoubleBufferFlushThread] INFO  db.RDBCheckpointManager (RDBCheckpointManager.java:createCheckpoint(96)) - Created checkpoint in rocksDB at /home/runner/work/ozone/ozone/hadoop-ozone/integration-test/target/test-dir/MiniOzoneClusterImpl-9e11fa7e-4972-4825-87e7-ebdcd03a38ce/omNode-3/db.snapshots/om.db-8c5af720-5ac6-4ec8-9ded-288629739649 in 10 milliseconds
2023-02-28 20:10:32,744 [OMDoubleBufferFlushThread] INFO  db.RDBCheckpointManager (RDBCheckpointManager.java:waitForCheckpointDirectoryExist(125)) - Waited for 2 milliseconds for checkpoint directory /home/runner/work/ozone/ozone/hadoop-ozone/integration-test/target/test-dir/MiniOzoneClusterImpl-9e11fa7e-4972-4825-87e7-ebdcd03a38ce/omNode-3/db.snapshots/om.db-8c5af720-5ac6-4ec8-9ded-288629739649 availability.
2023-02-28 20:10:32,744 [OMDoubleBufferFlushThread] INFO  om.OmSnapshotManager (OmSnapshotManager.java:createOmSnapshotCheckpoint(163)) - Created checkpoint : /home/runner/work/ozone/ozone/hadoop-ozone/integration-test/target/test-dir/MiniOzoneClusterImpl-9e11fa7e-4972-4825-87e7-ebdcd03a38ce/omNode-3/db.snapshots/om.db-8c5af720-5ac6-4ec8-9ded-288629739649 for snapshot snap53534
2023-02-28 20:10:32,744 [OMDoubleBufferFlushThread] INFO  db.RDBCheckpointManager (RDBCheckpointManager.java:createCheckpoint(96)) - Created checkpoint in rocksDB at /home/runner/work/ozone/ozone/hadoop-ozone/integration-test/target/test-dir/MiniOzoneClusterImpl-9e11fa7e-4972-4825-87e7-ebdcd03a38ce/omNode-1/db.snapshots/om.db-8c5af720-5ac6-4ec8-9ded-288629739649 in 13 milliseconds
2023-02-28 20:10:32,745 [OMDoubleBufferFlushThread] INFO  db.RDBCheckpointManager (RDBCheckpointManager.java:waitForCheckpointDirectoryExist(125)) - Waited for 1 milliseconds for checkpoint directory /home/runner/work/ozone/ozone/hadoop-ozone/integration-test/target/test-dir/MiniOzoneClusterImpl-9e11fa7e-4972-4825-87e7-ebdcd03a38ce/omNode-1/db.snapshots/om.db-8c5af720-5ac6-4ec8-9ded-288629739649 availability.
2023-02-28 20:10:32,745 [OMDoubleBufferFlushThread] INFO  om.OmSnapshotManager (OmSnapshotManager.java:createOmSnapshotCheckpoint(163)) - Created checkpoint : /home/runner/work/ozone/ozone/hadoop-ozone/integration-test/target/test-dir/MiniOzoneClusterImpl-9e11fa7e-4972-4825-87e7-ebdcd03a38ce/omNode-1/db.snapshots/om.db-8c5af720-5ac6-4ec8-9ded-288629739649 for snapshot snap53534
2023-02-28 20:10:32,746 [OMDoubleBufferFlushThread] INFO  db.RDBCheckpointManager (RDBCheckpointManager.java:createCheckpoint(96)) - Created checkpoint in rocksDB at /home/runner/work/ozone/ozone/hadoop-ozone/integration-test/target/test-dir/MiniOzoneClusterImpl-9e11fa7e-4972-4825-87e7-ebdcd03a38ce/omNode-2/db.snapshots/om.db-8c5af720-5ac6-4ec8-9ded-288629739649 in 13 milliseconds
2023-02-28 20:10:32,747 [OMDoubleBufferFlushThread] INFO  db.RDBCheckpointManager (RDBCheckpointManager.java:waitForCheckpointDirectoryExist(125)) - Waited for 1 milliseconds for checkpoint directory /home/runner/work/ozone/ozone/hadoop-ozone/integration-test/target/test-dir/MiniOzoneClusterImpl-9e11fa7e-4972-4825-87e7-ebdcd03a38ce/omNode-2/db.snapshots/om.db-8c5af720-5ac6-4ec8-9ded-288629739649 availability.
2023-02-28 20:10:32,747 [OMDoubleBufferFlushThread] INFO  om.OmSnapshotManager (OmSnapshotManager.java:createOmSnapshotCheckpoint(163)) - Created checkpoint : /home/runner/work/ozone/ozone/hadoop-ozone/integration-test/target/test-dir/MiniOzoneClusterImpl-9e11fa7e-4972-4825-87e7-ebdcd03a38ce/omNode-2/db.snapshots/om.db-8c5af720-5ac6-4ec8-9ded-288629739649 for snapshot snap53534
]]></system-out>
  </testcase>
  <testcase name="testListKey" classname="TestOmSnapshot" time="9.055">
    <system-out><![CDATA[2023-02-28 20:08:44,107 [Time-limited test] INFO  rpc.RpcClient (RpcClient.java:createVolume(476)) - Creating Volume: vol-a-86637, with runner as owner and space quota set to -1 bytes, counts quota set to -1
2023-02-28 20:08:44,114 [OM StateMachine ApplyTransaction Thread - 0] INFO  volume.OMVolumeCreateRequest (OMVolumeCreateRequest.java:validateAndUpdateCache(195)) - created volume:vol-a-86637 for user:runner
2023-02-28 20:08:44,115 [Time-limited test] INFO  rpc.RpcClient (RpcClient.java:createVolume(476)) - Creating Volume: vol-b-54214, with runner as owner and space quota set to -1 bytes, counts quota set to -1
2023-02-28 20:08:44,117 [OM StateMachine ApplyTransaction Thread - 0] INFO  volume.OMVolumeCreateRequest (OMVolumeCreateRequest.java:validateAndUpdateCache(195)) - created volume:vol-a-86637 for user:runner
2023-02-28 20:08:44,123 [OM StateMachine ApplyTransaction Thread - 0] INFO  volume.OMVolumeCreateRequest (OMVolumeCreateRequest.java:validateAndUpdateCache(195)) - created volume:vol-a-86637 for user:runner
2023-02-28 20:08:44,124 [OM StateMachine ApplyTransaction Thread - 0] INFO  volume.OMVolumeCreateRequest (OMVolumeCreateRequest.java:validateAndUpdateCache(195)) - created volume:vol-b-54214 for user:runner
2023-02-28 20:08:44,128 [OM StateMachine ApplyTransaction Thread - 0] INFO  volume.OMVolumeCreateRequest (OMVolumeCreateRequest.java:validateAndUpdateCache(195)) - created volume:vol-b-54214 for user:runner
2023-02-28 20:08:44,128 [Time-limited test] INFO  rpc.RpcClient (RpcClient.java:createBucket(698)) - Creating Bucket: vol-a-86637/buc-a-64626, with server-side default bucket layout, runner as owner, Versioning false, Storage Type set to DISK and Encryption set to false, Replication Type set to server-side default replication type, Namespace Quota set to -1, Space Quota set to -1 
2023-02-28 20:08:44,131 [OM StateMachine ApplyTransaction Thread - 0] INFO  volume.OMVolumeCreateRequest (OMVolumeCreateRequest.java:validateAndUpdateCache(195)) - created volume:vol-b-54214 for user:runner
2023-02-28 20:08:44,134 [OM StateMachine ApplyTransaction Thread - 0] INFO  bucket.OMBucketCreateRequest (OMBucketCreateRequest.java:validateAndUpdateCache(263)) - created bucket: buc-a-64626 of layout OBJECT_STORE in volume: vol-a-86637
2023-02-28 20:08:44,135 [Time-limited test] INFO  rpc.RpcClient (RpcClient.java:createBucket(698)) - Creating Bucket: vol-a-86637/buc-b-54641, with server-side default bucket layout, runner as owner, Versioning false, Storage Type set to DISK and Encryption set to false, Replication Type set to server-side default replication type, Namespace Quota set to -1, Space Quota set to -1 
2023-02-28 20:08:44,139 [OM StateMachine ApplyTransaction Thread - 0] INFO  bucket.OMBucketCreateRequest (OMBucketCreateRequest.java:validateAndUpdateCache(263)) - created bucket: buc-a-64626 of layout OBJECT_STORE in volume: vol-a-86637
2023-02-28 20:08:44,140 [OM StateMachine ApplyTransaction Thread - 0] INFO  bucket.OMBucketCreateRequest (OMBucketCreateRequest.java:validateAndUpdateCache(263)) - created bucket: buc-b-54641 of layout OBJECT_STORE in volume: vol-a-86637
2023-02-28 20:08:44,141 [Time-limited test] INFO  rpc.RpcClient (RpcClient.java:createBucket(698)) - Creating Bucket: vol-b-54214/buc-a-64626, with server-side default bucket layout, runner as owner, Versioning false, Storage Type set to DISK and Encryption set to false, Replication Type set to server-side default replication type, Namespace Quota set to -1, Space Quota set to -1 
2023-02-28 20:08:44,141 [OM StateMachine ApplyTransaction Thread - 0] INFO  bucket.OMBucketCreateRequest (OMBucketCreateRequest.java:validateAndUpdateCache(263)) - created bucket: buc-a-64626 of layout OBJECT_STORE in volume: vol-a-86637
2023-02-28 20:08:44,144 [OM StateMachine ApplyTransaction Thread - 0] INFO  bucket.OMBucketCreateRequest (OMBucketCreateRequest.java:validateAndUpdateCache(263)) - created bucket: buc-b-54641 of layout OBJECT_STORE in volume: vol-a-86637
2023-02-28 20:08:44,147 [OM StateMachine ApplyTransaction Thread - 0] INFO  bucket.OMBucketCreateRequest (OMBucketCreateRequest.java:validateAndUpdateCache(263)) - created bucket: buc-b-54641 of layout OBJECT_STORE in volume: vol-a-86637
2023-02-28 20:08:44,149 [OM StateMachine ApplyTransaction Thread - 0] INFO  bucket.OMBucketCreateRequest (OMBucketCreateRequest.java:validateAndUpdateCache(263)) - created bucket: buc-a-64626 of layout OBJECT_STORE in volume: vol-b-54214
2023-02-28 20:08:44,150 [OM StateMachine ApplyTransaction Thread - 0] INFO  bucket.OMBucketCreateRequest (OMBucketCreateRequest.java:validateAndUpdateCache(263)) - created bucket: buc-a-64626 of layout OBJECT_STORE in volume: vol-b-54214
2023-02-28 20:08:44,151 [OM StateMachine ApplyTransaction Thread - 0] INFO  bucket.OMBucketCreateRequest (OMBucketCreateRequest.java:validateAndUpdateCache(263)) - created bucket: buc-a-64626 of layout OBJECT_STORE in volume: vol-b-54214
2023-02-28 20:08:44,152 [Time-limited test] INFO  rpc.RpcClient (RpcClient.java:createBucket(698)) - Creating Bucket: vol-b-54214/buc-b-54641, with server-side default bucket layout, runner as owner, Versioning false, Storage Type set to DISK and Encryption set to false, Replication Type set to server-side default replication type, Namespace Quota set to -1, Space Quota set to -1 
2023-02-28 20:08:44,155 [OM StateMachine ApplyTransaction Thread - 0] INFO  bucket.OMBucketCreateRequest (OMBucketCreateRequest.java:validateAndUpdateCache(263)) - created bucket: buc-b-54641 of layout OBJECT_STORE in volume: vol-b-54214
2023-02-28 20:08:44,159 [OM StateMachine ApplyTransaction Thread - 0] INFO  bucket.OMBucketCreateRequest (OMBucketCreateRequest.java:validateAndUpdateCache(263)) - created bucket: buc-b-54641 of layout OBJECT_STORE in volume: vol-b-54214
2023-02-28 20:08:44,163 [OM StateMachine ApplyTransaction Thread - 0] INFO  bucket.OMBucketCreateRequest (OMBucketCreateRequest.java:validateAndUpdateCache(263)) - created bucket: buc-b-54641 of layout OBJECT_STORE in volume: vol-b-54214
2023-02-28 20:08:44,438 [Under Replicated Processor] INFO  replication.UnhealthyReplicationProcessor (UnhealthyReplicationProcessor.java:processAll(113)) - Processed 0 containers with health state counts {},failed processing 0
2023-02-28 20:08:44,442 [Over Replicated Processor] INFO  replication.UnhealthyReplicationProcessor (UnhealthyReplicationProcessor.java:processAll(113)) - Processed 0 containers with health state counts {},failed processing 0
2023-02-28 20:08:47,338 [OM StateMachine ApplyTransaction Thread - 0] INFO  snapshot.OMSnapshotCreateRequest (OMSnapshotCreateRequest.java:validateAndUpdateCache(180)) - Created snapshot '0468aaa1-8431-4a3d-8dc7-f3eeec8294d9' under path 'vol-a-86637/buc-a-64626'
2023-02-28 20:08:47,340 [OM StateMachine ApplyTransaction Thread - 0] INFO  snapshot.OMSnapshotCreateRequest (OMSnapshotCreateRequest.java:validateAndUpdateCache(180)) - Created snapshot '0468aaa1-8431-4a3d-8dc7-f3eeec8294d9' under path 'vol-a-86637/buc-a-64626'
2023-02-28 20:08:47,340 [OM StateMachine ApplyTransaction Thread - 0] INFO  snapshot.OMSnapshotCreateRequest (OMSnapshotCreateRequest.java:validateAndUpdateCache(180)) - Created snapshot '0468aaa1-8431-4a3d-8dc7-f3eeec8294d9' under path 'vol-a-86637/buc-a-64626'
2023-02-28 20:08:47,372 [OMDoubleBufferFlushThread] INFO  db.RDBCheckpointManager (RDBCheckpointManager.java:createCheckpoint(96)) - Created checkpoint in rocksDB at /home/runner/work/ozone/ozone/hadoop-ozone/integration-test/target/test-dir/MiniOzoneClusterImpl-e7d671b1-06ed-40aa-a52b-2678dd5bab1b/omNode-1/db.snapshots/om.db-5ad4e5cd-f714-4066-b580-55dbc395dac7 in 32 milliseconds
2023-02-28 20:08:47,373 [OMDoubleBufferFlushThread] INFO  db.RDBCheckpointManager (RDBCheckpointManager.java:waitForCheckpointDirectoryExist(125)) - Waited for 0 milliseconds for checkpoint directory /home/runner/work/ozone/ozone/hadoop-ozone/integration-test/target/test-dir/MiniOzoneClusterImpl-e7d671b1-06ed-40aa-a52b-2678dd5bab1b/omNode-1/db.snapshots/om.db-5ad4e5cd-f714-4066-b580-55dbc395dac7 availability.
2023-02-28 20:08:47,374 [OMDoubleBufferFlushThread] INFO  om.OmSnapshotManager (OmSnapshotManager.java:createOmSnapshotCheckpoint(163)) - Created checkpoint : /home/runner/work/ozone/ozone/hadoop-ozone/integration-test/target/test-dir/MiniOzoneClusterImpl-e7d671b1-06ed-40aa-a52b-2678dd5bab1b/omNode-1/db.snapshots/om.db-5ad4e5cd-f714-4066-b580-55dbc395dac7 for snapshot 0468aaa1-8431-4a3d-8dc7-f3eeec8294d9
2023-02-28 20:08:47,378 [OMDoubleBufferFlushThread] INFO  db.RDBCheckpointManager (RDBCheckpointManager.java:createCheckpoint(96)) - Created checkpoint in rocksDB at /home/runner/work/ozone/ozone/hadoop-ozone/integration-test/target/test-dir/MiniOzoneClusterImpl-e7d671b1-06ed-40aa-a52b-2678dd5bab1b/omNode-3/db.snapshots/om.db-5ad4e5cd-f714-4066-b580-55dbc395dac7 in 37 milliseconds
2023-02-28 20:08:47,382 [OMDoubleBufferFlushThread] INFO  db.RDBCheckpointManager (RDBCheckpointManager.java:createCheckpoint(96)) - Created checkpoint in rocksDB at /home/runner/work/ozone/ozone/hadoop-ozone/integration-test/target/test-dir/MiniOzoneClusterImpl-e7d671b1-06ed-40aa-a52b-2678dd5bab1b/omNode-2/db.snapshots/om.db-5ad4e5cd-f714-4066-b580-55dbc395dac7 in 40 milliseconds
2023-02-28 20:08:47,383 [OMDoubleBufferFlushThread] INFO  db.RDBCheckpointManager (RDBCheckpointManager.java:waitForCheckpointDirectoryExist(125)) - Waited for 4 milliseconds for checkpoint directory /home/runner/work/ozone/ozone/hadoop-ozone/integration-test/target/test-dir/MiniOzoneClusterImpl-e7d671b1-06ed-40aa-a52b-2678dd5bab1b/omNode-3/db.snapshots/om.db-5ad4e5cd-f714-4066-b580-55dbc395dac7 availability.
2023-02-28 20:08:47,383 [OMDoubleBufferFlushThread] INFO  om.OmSnapshotManager (OmSnapshotManager.java:createOmSnapshotCheckpoint(163)) - Created checkpoint : /home/runner/work/ozone/ozone/hadoop-ozone/integration-test/target/test-dir/MiniOzoneClusterImpl-e7d671b1-06ed-40aa-a52b-2678dd5bab1b/omNode-3/db.snapshots/om.db-5ad4e5cd-f714-4066-b580-55dbc395dac7 for snapshot 0468aaa1-8431-4a3d-8dc7-f3eeec8294d9
2023-02-28 20:08:47,386 [OMDoubleBufferFlushThread] INFO  db.RDBCheckpointManager (RDBCheckpointManager.java:waitForCheckpointDirectoryExist(125)) - Waited for 3 milliseconds for checkpoint directory /home/runner/work/ozone/ozone/hadoop-ozone/integration-test/target/test-dir/MiniOzoneClusterImpl-e7d671b1-06ed-40aa-a52b-2678dd5bab1b/omNode-2/db.snapshots/om.db-5ad4e5cd-f714-4066-b580-55dbc395dac7 availability.
2023-02-28 20:08:47,386 [OMDoubleBufferFlushThread] INFO  om.OmSnapshotManager (OmSnapshotManager.java:createOmSnapshotCheckpoint(163)) - Created checkpoint : /home/runner/work/ozone/ozone/hadoop-ozone/integration-test/target/test-dir/MiniOzoneClusterImpl-e7d671b1-06ed-40aa-a52b-2678dd5bab1b/omNode-2/db.snapshots/om.db-5ad4e5cd-f714-4066-b580-55dbc395dac7 for snapshot 0468aaa1-8431-4a3d-8dc7-f3eeec8294d9
2023-02-28 20:08:48,352 [IPC Server handler 8 on default port 39621] WARN  server.ServerUtils (ServerUtils.java:getDBPath(225)) - ozone.om.db.dirs is not configured. We recommend adding this setting. Falling back to ozone.metadata.dirs instead.
2023-02-28 20:08:48,352 [IPC Server handler 8 on default port 39621] INFO  codec.OmKeyInfoCodec (OmKeyInfoCodec.java:<init>(49)) - OmKeyInfoCodec ignorePipeline = true
2023-02-28 20:08:48,352 [IPC Server handler 8 on default port 39621] INFO  codec.RepeatedOmKeyInfoCodec (RepeatedOmKeyInfoCodec.java:<init>(41)) - RepeatedOmKeyInfoCodec ignorePipeline = true
2023-02-28 20:08:48,419 [IPC Server handler 8 on default port 39621] INFO  audit.AuditLogger (AuditLogger.java:refreshDebugCmdSet(126)) - Refresh DebugCmdSet for OMAudit to [].
2023-02-28 20:08:48,434 [OM StateMachine ApplyTransaction Thread - 0] INFO  snapshot.OMSnapshotCreateRequest (OMSnapshotCreateRequest.java:validateAndUpdateCache(180)) - Created snapshot '8382d1e1-0255-4ebe-b01a-ed1237c4c069' under path 'vol-a-86637/buc-b-54641'
2023-02-28 20:08:48,435 [OM StateMachine ApplyTransaction Thread - 0] INFO  snapshot.OMSnapshotCreateRequest (OMSnapshotCreateRequest.java:validateAndUpdateCache(180)) - Created snapshot '8382d1e1-0255-4ebe-b01a-ed1237c4c069' under path 'vol-a-86637/buc-b-54641'
2023-02-28 20:08:48,437 [OM StateMachine ApplyTransaction Thread - 0] INFO  snapshot.OMSnapshotCreateRequest (OMSnapshotCreateRequest.java:validateAndUpdateCache(180)) - Created snapshot '8382d1e1-0255-4ebe-b01a-ed1237c4c069' under path 'vol-a-86637/buc-b-54641'
2023-02-28 20:08:48,446 [OMDoubleBufferFlushThread] INFO  db.RDBCheckpointManager (RDBCheckpointManager.java:createCheckpoint(96)) - Created checkpoint in rocksDB at /home/runner/work/ozone/ozone/hadoop-ozone/integration-test/target/test-dir/MiniOzoneClusterImpl-e7d671b1-06ed-40aa-a52b-2678dd5bab1b/omNode-1/db.snapshots/om.db-d6d2155f-e77b-4acf-8004-e1f1fb3694ba in 11 milliseconds
2023-02-28 20:08:48,447 [OMDoubleBufferFlushThread] INFO  db.RDBCheckpointManager (RDBCheckpointManager.java:createCheckpoint(96)) - Created checkpoint in rocksDB at /home/runner/work/ozone/ozone/hadoop-ozone/integration-test/target/test-dir/MiniOzoneClusterImpl-e7d671b1-06ed-40aa-a52b-2678dd5bab1b/omNode-2/db.snapshots/om.db-d6d2155f-e77b-4acf-8004-e1f1fb3694ba in 10 milliseconds
2023-02-28 20:08:48,450 [OMDoubleBufferFlushThread] INFO  db.RDBCheckpointManager (RDBCheckpointManager.java:waitForCheckpointDirectoryExist(125)) - Waited for 4 milliseconds for checkpoint directory /home/runner/work/ozone/ozone/hadoop-ozone/integration-test/target/test-dir/MiniOzoneClusterImpl-e7d671b1-06ed-40aa-a52b-2678dd5bab1b/omNode-1/db.snapshots/om.db-d6d2155f-e77b-4acf-8004-e1f1fb3694ba availability.
2023-02-28 20:08:48,450 [OMDoubleBufferFlushThread] INFO  om.OmSnapshotManager (OmSnapshotManager.java:createOmSnapshotCheckpoint(163)) - Created checkpoint : /home/runner/work/ozone/ozone/hadoop-ozone/integration-test/target/test-dir/MiniOzoneClusterImpl-e7d671b1-06ed-40aa-a52b-2678dd5bab1b/omNode-1/db.snapshots/om.db-d6d2155f-e77b-4acf-8004-e1f1fb3694ba for snapshot 8382d1e1-0255-4ebe-b01a-ed1237c4c069
2023-02-28 20:08:48,450 [OMDoubleBufferFlushThread] INFO  db.RDBCheckpointManager (RDBCheckpointManager.java:waitForCheckpointDirectoryExist(125)) - Waited for 2 milliseconds for checkpoint directory /home/runner/work/ozone/ozone/hadoop-ozone/integration-test/target/test-dir/MiniOzoneClusterImpl-e7d671b1-06ed-40aa-a52b-2678dd5bab1b/omNode-2/db.snapshots/om.db-d6d2155f-e77b-4acf-8004-e1f1fb3694ba availability.
2023-02-28 20:08:48,450 [OMDoubleBufferFlushThread] INFO  om.OmSnapshotManager (OmSnapshotManager.java:createOmSnapshotCheckpoint(163)) - Created checkpoint : /home/runner/work/ozone/ozone/hadoop-ozone/integration-test/target/test-dir/MiniOzoneClusterImpl-e7d671b1-06ed-40aa-a52b-2678dd5bab1b/omNode-2/db.snapshots/om.db-d6d2155f-e77b-4acf-8004-e1f1fb3694ba for snapshot 8382d1e1-0255-4ebe-b01a-ed1237c4c069
2023-02-28 20:08:48,454 [OMDoubleBufferFlushThread] INFO  db.RDBCheckpointManager (RDBCheckpointManager.java:createCheckpoint(96)) - Created checkpoint in rocksDB at /home/runner/work/ozone/ozone/hadoop-ozone/integration-test/target/test-dir/MiniOzoneClusterImpl-e7d671b1-06ed-40aa-a52b-2678dd5bab1b/omNode-3/db.snapshots/om.db-d6d2155f-e77b-4acf-8004-e1f1fb3694ba in 16 milliseconds
2023-02-28 20:08:48,455 [OMDoubleBufferFlushThread] INFO  db.RDBCheckpointManager (RDBCheckpointManager.java:waitForCheckpointDirectoryExist(125)) - Waited for 1 milliseconds for checkpoint directory /home/runner/work/ozone/ozone/hadoop-ozone/integration-test/target/test-dir/MiniOzoneClusterImpl-e7d671b1-06ed-40aa-a52b-2678dd5bab1b/omNode-3/db.snapshots/om.db-d6d2155f-e77b-4acf-8004-e1f1fb3694ba availability.
2023-02-28 20:08:48,455 [OMDoubleBufferFlushThread] INFO  om.OmSnapshotManager (OmSnapshotManager.java:createOmSnapshotCheckpoint(163)) - Created checkpoint : /home/runner/work/ozone/ozone/hadoop-ozone/integration-test/target/test-dir/MiniOzoneClusterImpl-e7d671b1-06ed-40aa-a52b-2678dd5bab1b/omNode-3/db.snapshots/om.db-d6d2155f-e77b-4acf-8004-e1f1fb3694ba for snapshot 8382d1e1-0255-4ebe-b01a-ed1237c4c069
2023-02-28 20:08:49,585 [IPC Server handler 11 on default port 39621] WARN  server.ServerUtils (ServerUtils.java:getDBPath(225)) - ozone.om.db.dirs is not configured. We recommend adding this setting. Falling back to ozone.metadata.dirs instead.
2023-02-28 20:08:49,585 [IPC Server handler 11 on default port 39621] INFO  codec.OmKeyInfoCodec (OmKeyInfoCodec.java:<init>(49)) - OmKeyInfoCodec ignorePipeline = true
2023-02-28 20:08:49,587 [IPC Server handler 11 on default port 39621] INFO  codec.RepeatedOmKeyInfoCodec (RepeatedOmKeyInfoCodec.java:<init>(41)) - RepeatedOmKeyInfoCodec ignorePipeline = true
2023-02-28 20:08:49,682 [OM StateMachine ApplyTransaction Thread - 0] INFO  snapshot.OMSnapshotCreateRequest (OMSnapshotCreateRequest.java:validateAndUpdateCache(180)) - Created snapshot 'daabb493-941d-46ba-91d8-3233be5b94b5' under path 'vol-b-54214/buc-a-64626'
2023-02-28 20:08:49,684 [OM StateMachine ApplyTransaction Thread - 0] INFO  snapshot.OMSnapshotCreateRequest (OMSnapshotCreateRequest.java:validateAndUpdateCache(180)) - Created snapshot 'daabb493-941d-46ba-91d8-3233be5b94b5' under path 'vol-b-54214/buc-a-64626'
2023-02-28 20:08:49,685 [OM StateMachine ApplyTransaction Thread - 0] INFO  snapshot.OMSnapshotCreateRequest (OMSnapshotCreateRequest.java:validateAndUpdateCache(180)) - Created snapshot 'daabb493-941d-46ba-91d8-3233be5b94b5' under path 'vol-b-54214/buc-a-64626'
2023-02-28 20:08:49,707 [OMDoubleBufferFlushThread] INFO  db.RDBCheckpointManager (RDBCheckpointManager.java:createCheckpoint(96)) - Created checkpoint in rocksDB at /home/runner/work/ozone/ozone/hadoop-ozone/integration-test/target/test-dir/MiniOzoneClusterImpl-e7d671b1-06ed-40aa-a52b-2678dd5bab1b/omNode-1/db.snapshots/om.db-53a85a09-691a-41a4-a0b4-317649ff2d53 in 23 milliseconds
2023-02-28 20:08:49,712 [OMDoubleBufferFlushThread] INFO  db.RDBCheckpointManager (RDBCheckpointManager.java:waitForCheckpointDirectoryExist(125)) - Waited for 5 milliseconds for checkpoint directory /home/runner/work/ozone/ozone/hadoop-ozone/integration-test/target/test-dir/MiniOzoneClusterImpl-e7d671b1-06ed-40aa-a52b-2678dd5bab1b/omNode-1/db.snapshots/om.db-53a85a09-691a-41a4-a0b4-317649ff2d53 availability.
2023-02-28 20:08:49,712 [OMDoubleBufferFlushThread] INFO  om.OmSnapshotManager (OmSnapshotManager.java:createOmSnapshotCheckpoint(163)) - Created checkpoint : /home/runner/work/ozone/ozone/hadoop-ozone/integration-test/target/test-dir/MiniOzoneClusterImpl-e7d671b1-06ed-40aa-a52b-2678dd5bab1b/omNode-1/db.snapshots/om.db-53a85a09-691a-41a4-a0b4-317649ff2d53 for snapshot daabb493-941d-46ba-91d8-3233be5b94b5
2023-02-28 20:08:49,716 [OMDoubleBufferFlushThread] INFO  db.RDBCheckpointManager (RDBCheckpointManager.java:createCheckpoint(96)) - Created checkpoint in rocksDB at /home/runner/work/ozone/ozone/hadoop-ozone/integration-test/target/test-dir/MiniOzoneClusterImpl-e7d671b1-06ed-40aa-a52b-2678dd5bab1b/omNode-3/db.snapshots/om.db-53a85a09-691a-41a4-a0b4-317649ff2d53 in 31 milliseconds
2023-02-28 20:08:49,720 [OMDoubleBufferFlushThread] INFO  db.RDBCheckpointManager (RDBCheckpointManager.java:waitForCheckpointDirectoryExist(125)) - Waited for 4 milliseconds for checkpoint directory /home/runner/work/ozone/ozone/hadoop-ozone/integration-test/target/test-dir/MiniOzoneClusterImpl-e7d671b1-06ed-40aa-a52b-2678dd5bab1b/omNode-3/db.snapshots/om.db-53a85a09-691a-41a4-a0b4-317649ff2d53 availability.
2023-02-28 20:08:49,720 [OMDoubleBufferFlushThread] INFO  om.OmSnapshotManager (OmSnapshotManager.java:createOmSnapshotCheckpoint(163)) - Created checkpoint : /home/runner/work/ozone/ozone/hadoop-ozone/integration-test/target/test-dir/MiniOzoneClusterImpl-e7d671b1-06ed-40aa-a52b-2678dd5bab1b/omNode-3/db.snapshots/om.db-53a85a09-691a-41a4-a0b4-317649ff2d53 for snapshot daabb493-941d-46ba-91d8-3233be5b94b5
2023-02-28 20:08:49,722 [OMDoubleBufferFlushThread] INFO  db.RDBCheckpointManager (RDBCheckpointManager.java:createCheckpoint(96)) - Created checkpoint in rocksDB at /home/runner/work/ozone/ozone/hadoop-ozone/integration-test/target/test-dir/MiniOzoneClusterImpl-e7d671b1-06ed-40aa-a52b-2678dd5bab1b/omNode-2/db.snapshots/om.db-53a85a09-691a-41a4-a0b4-317649ff2d53 in 36 milliseconds
2023-02-28 20:08:49,730 [OMDoubleBufferFlushThread] INFO  db.RDBCheckpointManager (RDBCheckpointManager.java:waitForCheckpointDirectoryExist(125)) - Waited for 8 milliseconds for checkpoint directory /home/runner/work/ozone/ozone/hadoop-ozone/integration-test/target/test-dir/MiniOzoneClusterImpl-e7d671b1-06ed-40aa-a52b-2678dd5bab1b/omNode-2/db.snapshots/om.db-53a85a09-691a-41a4-a0b4-317649ff2d53 availability.
2023-02-28 20:08:49,731 [OMDoubleBufferFlushThread] INFO  om.OmSnapshotManager (OmSnapshotManager.java:createOmSnapshotCheckpoint(163)) - Created checkpoint : /home/runner/work/ozone/ozone/hadoop-ozone/integration-test/target/test-dir/MiniOzoneClusterImpl-e7d671b1-06ed-40aa-a52b-2678dd5bab1b/omNode-2/db.snapshots/om.db-53a85a09-691a-41a4-a0b4-317649ff2d53 for snapshot daabb493-941d-46ba-91d8-3233be5b94b5
2023-02-28 20:08:50,802 [IPC Server handler 17 on default port 39621] WARN  server.ServerUtils (ServerUtils.java:getDBPath(225)) - ozone.om.db.dirs is not configured. We recommend adding this setting. Falling back to ozone.metadata.dirs instead.
2023-02-28 20:08:50,803 [IPC Server handler 17 on default port 39621] INFO  codec.OmKeyInfoCodec (OmKeyInfoCodec.java:<init>(49)) - OmKeyInfoCodec ignorePipeline = true
2023-02-28 20:08:50,803 [IPC Server handler 17 on default port 39621] INFO  codec.RepeatedOmKeyInfoCodec (RepeatedOmKeyInfoCodec.java:<init>(41)) - RepeatedOmKeyInfoCodec ignorePipeline = true
2023-02-28 20:08:50,867 [OM StateMachine ApplyTransaction Thread - 0] INFO  snapshot.OMSnapshotCreateRequest (OMSnapshotCreateRequest.java:validateAndUpdateCache(180)) - Created snapshot '71a6f2f9-a4ae-4b31-b593-123896e518ab' under path 'vol-b-54214/buc-b-54641'
2023-02-28 20:08:50,869 [OM StateMachine ApplyTransaction Thread - 0] INFO  snapshot.OMSnapshotCreateRequest (OMSnapshotCreateRequest.java:validateAndUpdateCache(180)) - Created snapshot '71a6f2f9-a4ae-4b31-b593-123896e518ab' under path 'vol-b-54214/buc-b-54641'
2023-02-28 20:08:50,871 [OM StateMachine ApplyTransaction Thread - 0] INFO  snapshot.OMSnapshotCreateRequest (OMSnapshotCreateRequest.java:validateAndUpdateCache(180)) - Created snapshot '71a6f2f9-a4ae-4b31-b593-123896e518ab' under path 'vol-b-54214/buc-b-54641'
2023-02-28 20:08:50,897 [OMDoubleBufferFlushThread] INFO  db.RDBCheckpointManager (RDBCheckpointManager.java:createCheckpoint(96)) - Created checkpoint in rocksDB at /home/runner/work/ozone/ozone/hadoop-ozone/integration-test/target/test-dir/MiniOzoneClusterImpl-e7d671b1-06ed-40aa-a52b-2678dd5bab1b/omNode-2/db.snapshots/om.db-d5a38af6-cf47-4932-a999-3180bfb948ae in 26 milliseconds
2023-02-28 20:08:50,898 [OMDoubleBufferFlushThread] INFO  db.RDBCheckpointManager (RDBCheckpointManager.java:createCheckpoint(96)) - Created checkpoint in rocksDB at /home/runner/work/ozone/ozone/hadoop-ozone/integration-test/target/test-dir/MiniOzoneClusterImpl-e7d671b1-06ed-40aa-a52b-2678dd5bab1b/omNode-1/db.snapshots/om.db-d5a38af6-cf47-4932-a999-3180bfb948ae in 29 milliseconds
2023-02-28 20:08:50,900 [OMDoubleBufferFlushThread] INFO  db.RDBCheckpointManager (RDBCheckpointManager.java:waitForCheckpointDirectoryExist(125)) - Waited for 2 milliseconds for checkpoint directory /home/runner/work/ozone/ozone/hadoop-ozone/integration-test/target/test-dir/MiniOzoneClusterImpl-e7d671b1-06ed-40aa-a52b-2678dd5bab1b/omNode-1/db.snapshots/om.db-d5a38af6-cf47-4932-a999-3180bfb948ae availability.
2023-02-28 20:08:50,900 [OMDoubleBufferFlushThread] INFO  om.OmSnapshotManager (OmSnapshotManager.java:createOmSnapshotCheckpoint(163)) - Created checkpoint : /home/runner/work/ozone/ozone/hadoop-ozone/integration-test/target/test-dir/MiniOzoneClusterImpl-e7d671b1-06ed-40aa-a52b-2678dd5bab1b/omNode-1/db.snapshots/om.db-d5a38af6-cf47-4932-a999-3180bfb948ae for snapshot 71a6f2f9-a4ae-4b31-b593-123896e518ab
2023-02-28 20:08:50,903 [OMDoubleBufferFlushThread] INFO  db.RDBCheckpointManager (RDBCheckpointManager.java:waitForCheckpointDirectoryExist(125)) - Waited for 5 milliseconds for checkpoint directory /home/runner/work/ozone/ozone/hadoop-ozone/integration-test/target/test-dir/MiniOzoneClusterImpl-e7d671b1-06ed-40aa-a52b-2678dd5bab1b/omNode-2/db.snapshots/om.db-d5a38af6-cf47-4932-a999-3180bfb948ae availability.
2023-02-28 20:08:50,903 [OMDoubleBufferFlushThread] INFO  om.OmSnapshotManager (OmSnapshotManager.java:createOmSnapshotCheckpoint(163)) - Created checkpoint : /home/runner/work/ozone/ozone/hadoop-ozone/integration-test/target/test-dir/MiniOzoneClusterImpl-e7d671b1-06ed-40aa-a52b-2678dd5bab1b/omNode-2/db.snapshots/om.db-d5a38af6-cf47-4932-a999-3180bfb948ae for snapshot 71a6f2f9-a4ae-4b31-b593-123896e518ab
2023-02-28 20:08:50,905 [OMDoubleBufferFlushThread] INFO  db.RDBCheckpointManager (RDBCheckpointManager.java:createCheckpoint(96)) - Created checkpoint in rocksDB at /home/runner/work/ozone/ozone/hadoop-ozone/integration-test/target/test-dir/MiniOzoneClusterImpl-e7d671b1-06ed-40aa-a52b-2678dd5bab1b/omNode-3/db.snapshots/om.db-d5a38af6-cf47-4932-a999-3180bfb948ae in 33 milliseconds
2023-02-28 20:08:50,905 [OMDoubleBufferFlushThread] INFO  db.RDBCheckpointManager (RDBCheckpointManager.java:waitForCheckpointDirectoryExist(125)) - Waited for 0 milliseconds for checkpoint directory /home/runner/work/ozone/ozone/hadoop-ozone/integration-test/target/test-dir/MiniOzoneClusterImpl-e7d671b1-06ed-40aa-a52b-2678dd5bab1b/omNode-3/db.snapshots/om.db-d5a38af6-cf47-4932-a999-3180bfb948ae availability.
2023-02-28 20:08:50,905 [OMDoubleBufferFlushThread] INFO  om.OmSnapshotManager (OmSnapshotManager.java:createOmSnapshotCheckpoint(163)) - Created checkpoint : /home/runner/work/ozone/ozone/hadoop-ozone/integration-test/target/test-dir/MiniOzoneClusterImpl-e7d671b1-06ed-40aa-a52b-2678dd5bab1b/omNode-3/db.snapshots/om.db-d5a38af6-cf47-4932-a999-3180bfb948ae for snapshot 71a6f2f9-a4ae-4b31-b593-123896e518ab
2023-02-28 20:08:51,970 [IPC Server handler 1 on default port 39621] WARN  server.ServerUtils (ServerUtils.java:getDBPath(225)) - ozone.om.db.dirs is not configured. We recommend adding this setting. Falling back to ozone.metadata.dirs instead.
2023-02-28 20:08:51,970 [IPC Server handler 1 on default port 39621] INFO  codec.OmKeyInfoCodec (OmKeyInfoCodec.java:<init>(49)) - OmKeyInfoCodec ignorePipeline = true
2023-02-28 20:08:51,970 [IPC Server handler 1 on default port 39621] INFO  codec.RepeatedOmKeyInfoCodec (RepeatedOmKeyInfoCodec.java:<init>(41)) - RepeatedOmKeyInfoCodec ignorePipeline = true
2023-02-28 20:08:52,011 [OM StateMachine ApplyTransaction Thread - 0] INFO  snapshot.OMSnapshotCreateRequest (OMSnapshotCreateRequest.java:validateAndUpdateCache(180)) - Created snapshot '347664d7-ae2d-444e-aa7b-3338bb08ab9d' under path 'vol-a-86637/buc-a-64626'
2023-02-28 20:08:52,012 [OM StateMachine ApplyTransaction Thread - 0] INFO  snapshot.OMSnapshotCreateRequest (OMSnapshotCreateRequest.java:validateAndUpdateCache(180)) - Created snapshot '347664d7-ae2d-444e-aa7b-3338bb08ab9d' under path 'vol-a-86637/buc-a-64626'
2023-02-28 20:08:52,013 [OM StateMachine ApplyTransaction Thread - 0] INFO  snapshot.OMSnapshotCreateRequest (OMSnapshotCreateRequest.java:validateAndUpdateCache(180)) - Created snapshot '347664d7-ae2d-444e-aa7b-3338bb08ab9d' under path 'vol-a-86637/buc-a-64626'
2023-02-28 20:08:52,040 [OMDoubleBufferFlushThread] INFO  db.RDBCheckpointManager (RDBCheckpointManager.java:createCheckpoint(96)) - Created checkpoint in rocksDB at /home/runner/work/ozone/ozone/hadoop-ozone/integration-test/target/test-dir/MiniOzoneClusterImpl-e7d671b1-06ed-40aa-a52b-2678dd5bab1b/omNode-1/db.snapshots/om.db-0e94fb5d-4766-41b5-8b53-da6dce65819e in 27 milliseconds
2023-02-28 20:08:52,040 [OMDoubleBufferFlushThread] INFO  db.RDBCheckpointManager (RDBCheckpointManager.java:createCheckpoint(96)) - Created checkpoint in rocksDB at /home/runner/work/ozone/ozone/hadoop-ozone/integration-test/target/test-dir/MiniOzoneClusterImpl-e7d671b1-06ed-40aa-a52b-2678dd5bab1b/omNode-3/db.snapshots/om.db-0e94fb5d-4766-41b5-8b53-da6dce65819e in 26 milliseconds
2023-02-28 20:08:52,046 [OMDoubleBufferFlushThread] INFO  db.RDBCheckpointManager (RDBCheckpointManager.java:waitForCheckpointDirectoryExist(125)) - Waited for 6 milliseconds for checkpoint directory /home/runner/work/ozone/ozone/hadoop-ozone/integration-test/target/test-dir/MiniOzoneClusterImpl-e7d671b1-06ed-40aa-a52b-2678dd5bab1b/omNode-1/db.snapshots/om.db-0e94fb5d-4766-41b5-8b53-da6dce65819e availability.
2023-02-28 20:08:52,046 [OMDoubleBufferFlushThread] INFO  om.OmSnapshotManager (OmSnapshotManager.java:createOmSnapshotCheckpoint(163)) - Created checkpoint : /home/runner/work/ozone/ozone/hadoop-ozone/integration-test/target/test-dir/MiniOzoneClusterImpl-e7d671b1-06ed-40aa-a52b-2678dd5bab1b/omNode-1/db.snapshots/om.db-0e94fb5d-4766-41b5-8b53-da6dce65819e for snapshot 347664d7-ae2d-444e-aa7b-3338bb08ab9d
2023-02-28 20:08:52,047 [OMDoubleBufferFlushThread] INFO  db.RDBCheckpointManager (RDBCheckpointManager.java:waitForCheckpointDirectoryExist(125)) - Waited for 7 milliseconds for checkpoint directory /home/runner/work/ozone/ozone/hadoop-ozone/integration-test/target/test-dir/MiniOzoneClusterImpl-e7d671b1-06ed-40aa-a52b-2678dd5bab1b/omNode-3/db.snapshots/om.db-0e94fb5d-4766-41b5-8b53-da6dce65819e availability.
2023-02-28 20:08:52,047 [OMDoubleBufferFlushThread] INFO  om.OmSnapshotManager (OmSnapshotManager.java:createOmSnapshotCheckpoint(163)) - Created checkpoint : /home/runner/work/ozone/ozone/hadoop-ozone/integration-test/target/test-dir/MiniOzoneClusterImpl-e7d671b1-06ed-40aa-a52b-2678dd5bab1b/omNode-3/db.snapshots/om.db-0e94fb5d-4766-41b5-8b53-da6dce65819e for snapshot 347664d7-ae2d-444e-aa7b-3338bb08ab9d
2023-02-28 20:08:52,051 [OMDoubleBufferFlushThread] INFO  db.RDBCheckpointManager (RDBCheckpointManager.java:createCheckpoint(96)) - Created checkpoint in rocksDB at /home/runner/work/ozone/ozone/hadoop-ozone/integration-test/target/test-dir/MiniOzoneClusterImpl-e7d671b1-06ed-40aa-a52b-2678dd5bab1b/omNode-2/db.snapshots/om.db-0e94fb5d-4766-41b5-8b53-da6dce65819e in 38 milliseconds
2023-02-28 20:08:52,051 [OMDoubleBufferFlushThread] INFO  db.RDBCheckpointManager (RDBCheckpointManager.java:waitForCheckpointDirectoryExist(125)) - Waited for 0 milliseconds for checkpoint directory /home/runner/work/ozone/ozone/hadoop-ozone/integration-test/target/test-dir/MiniOzoneClusterImpl-e7d671b1-06ed-40aa-a52b-2678dd5bab1b/omNode-2/db.snapshots/om.db-0e94fb5d-4766-41b5-8b53-da6dce65819e availability.
2023-02-28 20:08:52,051 [OMDoubleBufferFlushThread] INFO  om.OmSnapshotManager (OmSnapshotManager.java:createOmSnapshotCheckpoint(163)) - Created checkpoint : /home/runner/work/ozone/ozone/hadoop-ozone/integration-test/target/test-dir/MiniOzoneClusterImpl-e7d671b1-06ed-40aa-a52b-2678dd5bab1b/omNode-2/db.snapshots/om.db-0e94fb5d-4766-41b5-8b53-da6dce65819e for snapshot 347664d7-ae2d-444e-aa7b-3338bb08ab9d
2023-02-28 20:08:53,106 [IPC Server handler 12 on default port 39621] WARN  server.ServerUtils (ServerUtils.java:getDBPath(225)) - ozone.om.db.dirs is not configured. We recommend adding this setting. Falling back to ozone.metadata.dirs instead.
2023-02-28 20:08:53,107 [IPC Server handler 12 on default port 39621] INFO  codec.OmKeyInfoCodec (OmKeyInfoCodec.java:<init>(49)) - OmKeyInfoCodec ignorePipeline = true
2023-02-28 20:08:53,107 [IPC Server handler 12 on default port 39621] INFO  codec.RepeatedOmKeyInfoCodec (RepeatedOmKeyInfoCodec.java:<init>(41)) - RepeatedOmKeyInfoCodec ignorePipeline = true
]]></system-out>
  </testcase>
  <testcase name="testListKey" classname="TestOmSnapshot" time="7.639">
    <system-out><![CDATA[2023-02-28 20:09:40,036 [Time-limited test] INFO  rpc.RpcClient (RpcClient.java:createVolume(476)) - Creating Volume: vol-a-36085, with runner as owner and space quota set to -1 bytes, counts quota set to -1
2023-02-28 20:09:40,039 [OM StateMachine ApplyTransaction Thread - 0] INFO  volume.OMVolumeCreateRequest (OMVolumeCreateRequest.java:validateAndUpdateCache(195)) - created volume:vol-a-36085 for user:runner
2023-02-28 20:09:40,040 [OM StateMachine ApplyTransaction Thread - 0] INFO  volume.OMVolumeCreateRequest (OMVolumeCreateRequest.java:validateAndUpdateCache(195)) - created volume:vol-a-36085 for user:runner
2023-02-28 20:09:40,041 [OM StateMachine ApplyTransaction Thread - 0] INFO  volume.OMVolumeCreateRequest (OMVolumeCreateRequest.java:validateAndUpdateCache(195)) - created volume:vol-a-36085 for user:runner
2023-02-28 20:09:40,042 [Time-limited test] INFO  rpc.RpcClient (RpcClient.java:createVolume(476)) - Creating Volume: vol-b-01228, with runner as owner and space quota set to -1 bytes, counts quota set to -1
2023-02-28 20:09:40,045 [OM StateMachine ApplyTransaction Thread - 0] INFO  volume.OMVolumeCreateRequest (OMVolumeCreateRequest.java:validateAndUpdateCache(195)) - created volume:vol-b-01228 for user:runner
2023-02-28 20:09:40,045 [OM StateMachine ApplyTransaction Thread - 0] INFO  volume.OMVolumeCreateRequest (OMVolumeCreateRequest.java:validateAndUpdateCache(195)) - created volume:vol-b-01228 for user:runner
2023-02-28 20:09:40,046 [OM StateMachine ApplyTransaction Thread - 0] INFO  volume.OMVolumeCreateRequest (OMVolumeCreateRequest.java:validateAndUpdateCache(195)) - created volume:vol-b-01228 for user:runner
2023-02-28 20:09:40,051 [Time-limited test] INFO  rpc.RpcClient (RpcClient.java:createBucket(698)) - Creating Bucket: vol-a-36085/buc-a-73803, with server-side default bucket layout, runner as owner, Versioning false, Storage Type set to DISK and Encryption set to false, Replication Type set to server-side default replication type, Namespace Quota set to -1, Space Quota set to -1 
2023-02-28 20:09:40,055 [OM StateMachine ApplyTransaction Thread - 0] INFO  bucket.OMBucketCreateRequest (OMBucketCreateRequest.java:validateAndUpdateCache(263)) - created bucket: buc-a-73803 of layout FILE_SYSTEM_OPTIMIZED in volume: vol-a-36085
2023-02-28 20:09:40,056 [OM StateMachine ApplyTransaction Thread - 0] INFO  bucket.OMBucketCreateRequest (OMBucketCreateRequest.java:validateAndUpdateCache(263)) - created bucket: buc-a-73803 of layout FILE_SYSTEM_OPTIMIZED in volume: vol-a-36085
2023-02-28 20:09:40,057 [OM StateMachine ApplyTransaction Thread - 0] INFO  bucket.OMBucketCreateRequest (OMBucketCreateRequest.java:validateAndUpdateCache(263)) - created bucket: buc-a-73803 of layout FILE_SYSTEM_OPTIMIZED in volume: vol-a-36085
2023-02-28 20:09:40,058 [Time-limited test] INFO  rpc.RpcClient (RpcClient.java:createBucket(698)) - Creating Bucket: vol-a-36085/buc-b-06460, with server-side default bucket layout, runner as owner, Versioning false, Storage Type set to DISK and Encryption set to false, Replication Type set to server-side default replication type, Namespace Quota set to -1, Space Quota set to -1 
2023-02-28 20:09:40,061 [OM StateMachine ApplyTransaction Thread - 0] INFO  bucket.OMBucketCreateRequest (OMBucketCreateRequest.java:validateAndUpdateCache(263)) - created bucket: buc-b-06460 of layout FILE_SYSTEM_OPTIMIZED in volume: vol-a-36085
2023-02-28 20:09:40,062 [Time-limited test] INFO  rpc.RpcClient (RpcClient.java:createBucket(698)) - Creating Bucket: vol-b-01228/buc-a-73803, with server-side default bucket layout, runner as owner, Versioning false, Storage Type set to DISK and Encryption set to false, Replication Type set to server-side default replication type, Namespace Quota set to -1, Space Quota set to -1 
2023-02-28 20:09:40,063 [OM StateMachine ApplyTransaction Thread - 0] INFO  bucket.OMBucketCreateRequest (OMBucketCreateRequest.java:validateAndUpdateCache(263)) - created bucket: buc-b-06460 of layout FILE_SYSTEM_OPTIMIZED in volume: vol-a-36085
2023-02-28 20:09:40,063 [OM StateMachine ApplyTransaction Thread - 0] INFO  bucket.OMBucketCreateRequest (OMBucketCreateRequest.java:validateAndUpdateCache(263)) - created bucket: buc-b-06460 of layout FILE_SYSTEM_OPTIMIZED in volume: vol-a-36085
2023-02-28 20:09:40,066 [OM StateMachine ApplyTransaction Thread - 0] INFO  bucket.OMBucketCreateRequest (OMBucketCreateRequest.java:validateAndUpdateCache(263)) - created bucket: buc-a-73803 of layout FILE_SYSTEM_OPTIMIZED in volume: vol-b-01228
2023-02-28 20:09:40,066 [OM StateMachine ApplyTransaction Thread - 0] INFO  bucket.OMBucketCreateRequest (OMBucketCreateRequest.java:validateAndUpdateCache(263)) - created bucket: buc-a-73803 of layout FILE_SYSTEM_OPTIMIZED in volume: vol-b-01228
2023-02-28 20:09:40,067 [Time-limited test] INFO  rpc.RpcClient (RpcClient.java:createBucket(698)) - Creating Bucket: vol-b-01228/buc-b-06460, with server-side default bucket layout, runner as owner, Versioning false, Storage Type set to DISK and Encryption set to false, Replication Type set to server-side default replication type, Namespace Quota set to -1, Space Quota set to -1 
2023-02-28 20:09:40,068 [OM StateMachine ApplyTransaction Thread - 0] INFO  bucket.OMBucketCreateRequest (OMBucketCreateRequest.java:validateAndUpdateCache(263)) - created bucket: buc-a-73803 of layout FILE_SYSTEM_OPTIMIZED in volume: vol-b-01228
2023-02-28 20:09:40,069 [OM StateMachine ApplyTransaction Thread - 0] INFO  bucket.OMBucketCreateRequest (OMBucketCreateRequest.java:validateAndUpdateCache(263)) - created bucket: buc-b-06460 of layout FILE_SYSTEM_OPTIMIZED in volume: vol-b-01228
2023-02-28 20:09:40,070 [OM StateMachine ApplyTransaction Thread - 0] INFO  bucket.OMBucketCreateRequest (OMBucketCreateRequest.java:validateAndUpdateCache(263)) - created bucket: buc-b-06460 of layout FILE_SYSTEM_OPTIMIZED in volume: vol-b-01228
2023-02-28 20:09:40,070 [OM StateMachine ApplyTransaction Thread - 0] INFO  bucket.OMBucketCreateRequest (OMBucketCreateRequest.java:validateAndUpdateCache(263)) - created bucket: buc-b-06460 of layout FILE_SYSTEM_OPTIMIZED in volume: vol-b-01228
2023-02-28 20:09:41,923 [OM StateMachine ApplyTransaction Thread - 0] INFO  snapshot.OMSnapshotCreateRequest (OMSnapshotCreateRequest.java:validateAndUpdateCache(180)) - Created snapshot '8f5c323f-5426-4baf-8ccb-51e4d207bfc7' under path 'vol-a-36085/buc-a-73803'
2023-02-28 20:09:41,925 [OM StateMachine ApplyTransaction Thread - 0] INFO  snapshot.OMSnapshotCreateRequest (OMSnapshotCreateRequest.java:validateAndUpdateCache(180)) - Created snapshot '8f5c323f-5426-4baf-8ccb-51e4d207bfc7' under path 'vol-a-36085/buc-a-73803'
2023-02-28 20:09:41,926 [OM StateMachine ApplyTransaction Thread - 0] INFO  snapshot.OMSnapshotCreateRequest (OMSnapshotCreateRequest.java:validateAndUpdateCache(180)) - Created snapshot '8f5c323f-5426-4baf-8ccb-51e4d207bfc7' under path 'vol-a-36085/buc-a-73803'
2023-02-28 20:09:41,962 [OMDoubleBufferFlushThread] INFO  db.RDBCheckpointManager (RDBCheckpointManager.java:createCheckpoint(96)) - Created checkpoint in rocksDB at /home/runner/work/ozone/ozone/hadoop-ozone/integration-test/target/test-dir/MiniOzoneClusterImpl-58db5c20-d6df-4fe1-a747-1f1a0fc9447e/omNode-2/db.snapshots/om.db-04e9334a-7d8d-4de5-b07f-57420c6639aa in 36 milliseconds
2023-02-28 20:09:41,963 [OMDoubleBufferFlushThread] INFO  db.RDBCheckpointManager (RDBCheckpointManager.java:createCheckpoint(96)) - Created checkpoint in rocksDB at /home/runner/work/ozone/ozone/hadoop-ozone/integration-test/target/test-dir/MiniOzoneClusterImpl-58db5c20-d6df-4fe1-a747-1f1a0fc9447e/omNode-3/db.snapshots/om.db-04e9334a-7d8d-4de5-b07f-57420c6639aa in 36 milliseconds
2023-02-28 20:09:41,969 [OMDoubleBufferFlushThread] INFO  db.RDBCheckpointManager (RDBCheckpointManager.java:waitForCheckpointDirectoryExist(125)) - Waited for 7 milliseconds for checkpoint directory /home/runner/work/ozone/ozone/hadoop-ozone/integration-test/target/test-dir/MiniOzoneClusterImpl-58db5c20-d6df-4fe1-a747-1f1a0fc9447e/omNode-2/db.snapshots/om.db-04e9334a-7d8d-4de5-b07f-57420c6639aa availability.
2023-02-28 20:09:41,969 [OMDoubleBufferFlushThread] INFO  om.OmSnapshotManager (OmSnapshotManager.java:createOmSnapshotCheckpoint(163)) - Created checkpoint : /home/runner/work/ozone/ozone/hadoop-ozone/integration-test/target/test-dir/MiniOzoneClusterImpl-58db5c20-d6df-4fe1-a747-1f1a0fc9447e/omNode-2/db.snapshots/om.db-04e9334a-7d8d-4de5-b07f-57420c6639aa for snapshot 8f5c323f-5426-4baf-8ccb-51e4d207bfc7
2023-02-28 20:09:41,970 [OMDoubleBufferFlushThread] INFO  db.RDBCheckpointManager (RDBCheckpointManager.java:waitForCheckpointDirectoryExist(125)) - Waited for 7 milliseconds for checkpoint directory /home/runner/work/ozone/ozone/hadoop-ozone/integration-test/target/test-dir/MiniOzoneClusterImpl-58db5c20-d6df-4fe1-a747-1f1a0fc9447e/omNode-3/db.snapshots/om.db-04e9334a-7d8d-4de5-b07f-57420c6639aa availability.
2023-02-28 20:09:41,970 [OMDoubleBufferFlushThread] INFO  om.OmSnapshotManager (OmSnapshotManager.java:createOmSnapshotCheckpoint(163)) - Created checkpoint : /home/runner/work/ozone/ozone/hadoop-ozone/integration-test/target/test-dir/MiniOzoneClusterImpl-58db5c20-d6df-4fe1-a747-1f1a0fc9447e/omNode-3/db.snapshots/om.db-04e9334a-7d8d-4de5-b07f-57420c6639aa for snapshot 8f5c323f-5426-4baf-8ccb-51e4d207bfc7
2023-02-28 20:09:41,973 [OMDoubleBufferFlushThread] INFO  db.RDBCheckpointManager (RDBCheckpointManager.java:createCheckpoint(96)) - Created checkpoint in rocksDB at /home/runner/work/ozone/ozone/hadoop-ozone/integration-test/target/test-dir/MiniOzoneClusterImpl-58db5c20-d6df-4fe1-a747-1f1a0fc9447e/omNode-1/db.snapshots/om.db-04e9334a-7d8d-4de5-b07f-57420c6639aa in 48 milliseconds
2023-02-28 20:09:41,974 [OMDoubleBufferFlushThread] INFO  db.RDBCheckpointManager (RDBCheckpointManager.java:waitForCheckpointDirectoryExist(125)) - Waited for 0 milliseconds for checkpoint directory /home/runner/work/ozone/ozone/hadoop-ozone/integration-test/target/test-dir/MiniOzoneClusterImpl-58db5c20-d6df-4fe1-a747-1f1a0fc9447e/omNode-1/db.snapshots/om.db-04e9334a-7d8d-4de5-b07f-57420c6639aa availability.
2023-02-28 20:09:41,974 [OMDoubleBufferFlushThread] INFO  om.OmSnapshotManager (OmSnapshotManager.java:createOmSnapshotCheckpoint(163)) - Created checkpoint : /home/runner/work/ozone/ozone/hadoop-ozone/integration-test/target/test-dir/MiniOzoneClusterImpl-58db5c20-d6df-4fe1-a747-1f1a0fc9447e/omNode-1/db.snapshots/om.db-04e9334a-7d8d-4de5-b07f-57420c6639aa for snapshot 8f5c323f-5426-4baf-8ccb-51e4d207bfc7
2023-02-28 20:09:42,929 [IPC Server handler 7 on default port 36591] WARN  server.ServerUtils (ServerUtils.java:getDBPath(225)) - ozone.om.db.dirs is not configured. We recommend adding this setting. Falling back to ozone.metadata.dirs instead.
2023-02-28 20:09:42,929 [IPC Server handler 7 on default port 36591] INFO  codec.OmKeyInfoCodec (OmKeyInfoCodec.java:<init>(49)) - OmKeyInfoCodec ignorePipeline = true
2023-02-28 20:09:42,929 [IPC Server handler 7 on default port 36591] INFO  codec.RepeatedOmKeyInfoCodec (RepeatedOmKeyInfoCodec.java:<init>(41)) - RepeatedOmKeyInfoCodec ignorePipeline = true
20:09:42.988 [IPC Server handler 8 on default port 36591] ERROR OMAudit - user=runner | ip=127.0.0.1 | op=GET_FILE_STATUS {volume=vol-a-36085, bucket=buc-a-73803, key=key-, dataSize=0, replicationConfig=null} | ret=FAILURE
org.apache.hadoop.ozone.om.exceptions.OMException: Unable to get file status: volume: vol-a-36085 bucket: buc-a-73803 key: key-
	at org.apache.hadoop.ozone.om.KeyManagerImpl.getOzoneFileStatusFSO(KeyManagerImpl.java:1285) ~[ozone-manager-1.4.0-SNAPSHOT.jar:?]
	at org.apache.hadoop.ozone.om.KeyManagerImpl.getFileStatus(KeyManagerImpl.java:1077) ~[ozone-manager-1.4.0-SNAPSHOT.jar:?]
	at org.apache.hadoop.ozone.om.OmMetadataReader.getFileStatus(OmMetadataReader.java:288) ~[ozone-manager-1.4.0-SNAPSHOT.jar:?]
	at org.apache.hadoop.ozone.om.OmSnapshot.getFileStatus(OmSnapshot.java:118) ~[ozone-manager-1.4.0-SNAPSHOT.jar:?]
	at org.apache.hadoop.ozone.om.OzoneManager.getFileStatus(OzoneManager.java:3481) ~[ozone-manager-1.4.0-SNAPSHOT.jar:?]
	at org.apache.hadoop.ozone.protocolPB.OzoneManagerRequestHandler.getOzoneFileStatus(OzoneManagerRequestHandler.java:933) ~[ozone-manager-1.4.0-SNAPSHOT.jar:?]
	at org.apache.hadoop.ozone.protocolPB.OzoneManagerRequestHandler.handleReadRequest(OzoneManagerRequestHandler.java:238) ~[ozone-manager-1.4.0-SNAPSHOT.jar:?]
	at org.apache.hadoop.ozone.protocolPB.OzoneManagerProtocolServerSideTranslatorPB.submitReadRequestToOM(OzoneManagerProtocolServerSideTranslatorPB.java:223) ~[ozone-manager-1.4.0-SNAPSHOT.jar:?]
	at org.apache.hadoop.ozone.protocolPB.OzoneManagerProtocolServerSideTranslatorPB.processRequest(OzoneManagerProtocolServerSideTranslatorPB.java:177) ~[ozone-manager-1.4.0-SNAPSHOT.jar:?]
	at org.apache.hadoop.hdds.server.OzoneProtocolMessageDispatcher.processRequest(OzoneProtocolMessageDispatcher.java:87) [hdds-server-framework-1.4.0-SNAPSHOT.jar:?]
	at org.apache.hadoop.ozone.protocolPB.OzoneManagerProtocolServerSideTranslatorPB.submitRequest(OzoneManagerProtocolServerSideTranslatorPB.java:147) [ozone-manager-1.4.0-SNAPSHOT.jar:?]
	at org.apache.hadoop.ozone.protocol.proto.OzoneManagerProtocolProtos$OzoneManagerService$2.callBlockingMethod(OzoneManagerProtocolProtos.java) [ozone-interface-client-1.4.0-SNAPSHOT.jar:?]
	at org.apache.hadoop.ipc.ProtobufRpcEngine$Server.processCall(ProtobufRpcEngine.java:465) [hadoop-common-3.3.4.jar:?]
	at org.apache.hadoop.ipc.ProtobufRpcEngine2$Server$ProtoBufRpcInvoker.call(ProtobufRpcEngine2.java:578) [hadoop-common-3.3.4.jar:?]
	at org.apache.hadoop.ipc.ProtobufRpcEngine2$Server$ProtoBufRpcInvoker.call(ProtobufRpcEngine2.java:556) [hadoop-common-3.3.4.jar:?]
	at org.apache.hadoop.ipc.RPC$Server.call(RPC.java:1093) [hadoop-common-3.3.4.jar:?]
	at org.apache.hadoop.ipc.Server$RpcCall.run(Server.java:1043) [hadoop-common-3.3.4.jar:?]
	at org.apache.hadoop.ipc.Server$RpcCall.run(Server.java:971) [hadoop-common-3.3.4.jar:?]
	at java.security.AccessController.doPrivileged(Native Method) ~[?:1.8.0_362]
	at javax.security.auth.Subject.doAs(Subject.java:422) [?:1.8.0_362]
	at org.apache.hadoop.security.UserGroupInformation.doAs(UserGroupInformation.java:1878) [hadoop-common-3.3.4.jar:?]
	at org.apache.hadoop.ipc.Server$Handler.run(Server.java:2976) [hadoop-common-3.3.4.jar:?]
2023-02-28 20:09:42,998 [OM StateMachine ApplyTransaction Thread - 0] INFO  snapshot.OMSnapshotCreateRequest (OMSnapshotCreateRequest.java:validateAndUpdateCache(180)) - Created snapshot 'c75438a2-97e6-4ecd-a4e7-b448c3846d39' under path 'vol-a-36085/buc-b-06460'
2023-02-28 20:09:42,999 [OM StateMachine ApplyTransaction Thread - 0] INFO  snapshot.OMSnapshotCreateRequest (OMSnapshotCreateRequest.java:validateAndUpdateCache(180)) - Created snapshot 'c75438a2-97e6-4ecd-a4e7-b448c3846d39' under path 'vol-a-36085/buc-b-06460'
2023-02-28 20:09:43,000 [OM StateMachine ApplyTransaction Thread - 0] INFO  snapshot.OMSnapshotCreateRequest (OMSnapshotCreateRequest.java:validateAndUpdateCache(180)) - Created snapshot 'c75438a2-97e6-4ecd-a4e7-b448c3846d39' under path 'vol-a-36085/buc-b-06460'
2023-02-28 20:09:43,011 [OMDoubleBufferFlushThread] INFO  db.RDBCheckpointManager (RDBCheckpointManager.java:createCheckpoint(96)) - Created checkpoint in rocksDB at /home/runner/work/ozone/ozone/hadoop-ozone/integration-test/target/test-dir/MiniOzoneClusterImpl-58db5c20-d6df-4fe1-a747-1f1a0fc9447e/omNode-3/db.snapshots/om.db-69ac2fee-d5b4-4337-9d5c-2aabc9a0815d in 11 milliseconds
2023-02-28 20:09:43,016 [OMDoubleBufferFlushThread] INFO  db.RDBCheckpointManager (RDBCheckpointManager.java:waitForCheckpointDirectoryExist(125)) - Waited for 5 milliseconds for checkpoint directory /home/runner/work/ozone/ozone/hadoop-ozone/integration-test/target/test-dir/MiniOzoneClusterImpl-58db5c20-d6df-4fe1-a747-1f1a0fc9447e/omNode-3/db.snapshots/om.db-69ac2fee-d5b4-4337-9d5c-2aabc9a0815d availability.
2023-02-28 20:09:43,016 [OMDoubleBufferFlushThread] INFO  om.OmSnapshotManager (OmSnapshotManager.java:createOmSnapshotCheckpoint(163)) - Created checkpoint : /home/runner/work/ozone/ozone/hadoop-ozone/integration-test/target/test-dir/MiniOzoneClusterImpl-58db5c20-d6df-4fe1-a747-1f1a0fc9447e/omNode-3/db.snapshots/om.db-69ac2fee-d5b4-4337-9d5c-2aabc9a0815d for snapshot c75438a2-97e6-4ecd-a4e7-b448c3846d39
2023-02-28 20:09:43,017 [OMDoubleBufferFlushThread] INFO  db.RDBCheckpointManager (RDBCheckpointManager.java:createCheckpoint(96)) - Created checkpoint in rocksDB at /home/runner/work/ozone/ozone/hadoop-ozone/integration-test/target/test-dir/MiniOzoneClusterImpl-58db5c20-d6df-4fe1-a747-1f1a0fc9447e/omNode-2/db.snapshots/om.db-69ac2fee-d5b4-4337-9d5c-2aabc9a0815d in 17 milliseconds
2023-02-28 20:09:43,022 [OMDoubleBufferFlushThread] INFO  db.RDBCheckpointManager (RDBCheckpointManager.java:waitForCheckpointDirectoryExist(125)) - Waited for 5 milliseconds for checkpoint directory /home/runner/work/ozone/ozone/hadoop-ozone/integration-test/target/test-dir/MiniOzoneClusterImpl-58db5c20-d6df-4fe1-a747-1f1a0fc9447e/omNode-2/db.snapshots/om.db-69ac2fee-d5b4-4337-9d5c-2aabc9a0815d availability.
2023-02-28 20:09:43,022 [OMDoubleBufferFlushThread] INFO  om.OmSnapshotManager (OmSnapshotManager.java:createOmSnapshotCheckpoint(163)) - Created checkpoint : /home/runner/work/ozone/ozone/hadoop-ozone/integration-test/target/test-dir/MiniOzoneClusterImpl-58db5c20-d6df-4fe1-a747-1f1a0fc9447e/omNode-2/db.snapshots/om.db-69ac2fee-d5b4-4337-9d5c-2aabc9a0815d for snapshot c75438a2-97e6-4ecd-a4e7-b448c3846d39
2023-02-28 20:09:43,023 [OMDoubleBufferFlushThread] INFO  db.RDBCheckpointManager (RDBCheckpointManager.java:createCheckpoint(96)) - Created checkpoint in rocksDB at /home/runner/work/ozone/ozone/hadoop-ozone/integration-test/target/test-dir/MiniOzoneClusterImpl-58db5c20-d6df-4fe1-a747-1f1a0fc9447e/omNode-1/db.snapshots/om.db-69ac2fee-d5b4-4337-9d5c-2aabc9a0815d in 23 milliseconds
2023-02-28 20:09:43,023 [OMDoubleBufferFlushThread] INFO  db.RDBCheckpointManager (RDBCheckpointManager.java:waitForCheckpointDirectoryExist(125)) - Waited for 0 milliseconds for checkpoint directory /home/runner/work/ozone/ozone/hadoop-ozone/integration-test/target/test-dir/MiniOzoneClusterImpl-58db5c20-d6df-4fe1-a747-1f1a0fc9447e/omNode-1/db.snapshots/om.db-69ac2fee-d5b4-4337-9d5c-2aabc9a0815d availability.
2023-02-28 20:09:43,023 [OMDoubleBufferFlushThread] INFO  om.OmSnapshotManager (OmSnapshotManager.java:createOmSnapshotCheckpoint(163)) - Created checkpoint : /home/runner/work/ozone/ozone/hadoop-ozone/integration-test/target/test-dir/MiniOzoneClusterImpl-58db5c20-d6df-4fe1-a747-1f1a0fc9447e/omNode-1/db.snapshots/om.db-69ac2fee-d5b4-4337-9d5c-2aabc9a0815d for snapshot c75438a2-97e6-4ecd-a4e7-b448c3846d39
2023-02-28 20:09:44,093 [IPC Server handler 18 on default port 36591] WARN  server.ServerUtils (ServerUtils.java:getDBPath(225)) - ozone.om.db.dirs is not configured. We recommend adding this setting. Falling back to ozone.metadata.dirs instead.
2023-02-28 20:09:44,093 [IPC Server handler 18 on default port 36591] INFO  codec.OmKeyInfoCodec (OmKeyInfoCodec.java:<init>(49)) - OmKeyInfoCodec ignorePipeline = true
2023-02-28 20:09:44,093 [IPC Server handler 18 on default port 36591] INFO  codec.RepeatedOmKeyInfoCodec (RepeatedOmKeyInfoCodec.java:<init>(41)) - RepeatedOmKeyInfoCodec ignorePipeline = true
20:09:44.139 [IPC Server handler 12 on default port 36591] ERROR OMAudit - user=runner | ip=127.0.0.1 | op=GET_FILE_STATUS {volume=vol-a-36085, bucket=buc-b-06460, key=key-, dataSize=0, replicationConfig=null} | ret=FAILURE
org.apache.hadoop.ozone.om.exceptions.OMException: Unable to get file status: volume: vol-a-36085 bucket: buc-b-06460 key: key-
	at org.apache.hadoop.ozone.om.KeyManagerImpl.getOzoneFileStatusFSO(KeyManagerImpl.java:1285) ~[ozone-manager-1.4.0-SNAPSHOT.jar:?]
	at org.apache.hadoop.ozone.om.KeyManagerImpl.getFileStatus(KeyManagerImpl.java:1077) ~[ozone-manager-1.4.0-SNAPSHOT.jar:?]
	at org.apache.hadoop.ozone.om.OmMetadataReader.getFileStatus(OmMetadataReader.java:288) ~[ozone-manager-1.4.0-SNAPSHOT.jar:?]
	at org.apache.hadoop.ozone.om.OmSnapshot.getFileStatus(OmSnapshot.java:118) ~[ozone-manager-1.4.0-SNAPSHOT.jar:?]
	at org.apache.hadoop.ozone.om.OzoneManager.getFileStatus(OzoneManager.java:3481) ~[ozone-manager-1.4.0-SNAPSHOT.jar:?]
	at org.apache.hadoop.ozone.protocolPB.OzoneManagerRequestHandler.getOzoneFileStatus(OzoneManagerRequestHandler.java:933) ~[ozone-manager-1.4.0-SNAPSHOT.jar:?]
	at org.apache.hadoop.ozone.protocolPB.OzoneManagerRequestHandler.handleReadRequest(OzoneManagerRequestHandler.java:238) ~[ozone-manager-1.4.0-SNAPSHOT.jar:?]
	at org.apache.hadoop.ozone.protocolPB.OzoneManagerProtocolServerSideTranslatorPB.submitReadRequestToOM(OzoneManagerProtocolServerSideTranslatorPB.java:223) ~[ozone-manager-1.4.0-SNAPSHOT.jar:?]
	at org.apache.hadoop.ozone.protocolPB.OzoneManagerProtocolServerSideTranslatorPB.processRequest(OzoneManagerProtocolServerSideTranslatorPB.java:177) ~[ozone-manager-1.4.0-SNAPSHOT.jar:?]
	at org.apache.hadoop.hdds.server.OzoneProtocolMessageDispatcher.processRequest(OzoneProtocolMessageDispatcher.java:87) [hdds-server-framework-1.4.0-SNAPSHOT.jar:?]
	at org.apache.hadoop.ozone.protocolPB.OzoneManagerProtocolServerSideTranslatorPB.submitRequest(OzoneManagerProtocolServerSideTranslatorPB.java:147) [ozone-manager-1.4.0-SNAPSHOT.jar:?]
	at org.apache.hadoop.ozone.protocol.proto.OzoneManagerProtocolProtos$OzoneManagerService$2.callBlockingMethod(OzoneManagerProtocolProtos.java) [ozone-interface-client-1.4.0-SNAPSHOT.jar:?]
	at org.apache.hadoop.ipc.ProtobufRpcEngine$Server.processCall(ProtobufRpcEngine.java:465) [hadoop-common-3.3.4.jar:?]
	at org.apache.hadoop.ipc.ProtobufRpcEngine2$Server$ProtoBufRpcInvoker.call(ProtobufRpcEngine2.java:578) [hadoop-common-3.3.4.jar:?]
	at org.apache.hadoop.ipc.ProtobufRpcEngine2$Server$ProtoBufRpcInvoker.call(ProtobufRpcEngine2.java:556) [hadoop-common-3.3.4.jar:?]
	at org.apache.hadoop.ipc.RPC$Server.call(RPC.java:1093) [hadoop-common-3.3.4.jar:?]
	at org.apache.hadoop.ipc.Server$RpcCall.run(Server.java:1043) [hadoop-common-3.3.4.jar:?]
	at org.apache.hadoop.ipc.Server$RpcCall.run(Server.java:971) [hadoop-common-3.3.4.jar:?]
	at java.security.AccessController.doPrivileged(Native Method) ~[?:1.8.0_362]
	at javax.security.auth.Subject.doAs(Subject.java:422) [?:1.8.0_362]
	at org.apache.hadoop.security.UserGroupInformation.doAs(UserGroupInformation.java:1878) [hadoop-common-3.3.4.jar:?]
	at org.apache.hadoop.ipc.Server$Handler.run(Server.java:2976) [hadoop-common-3.3.4.jar:?]
2023-02-28 20:09:44,145 [OM StateMachine ApplyTransaction Thread - 0] INFO  snapshot.OMSnapshotCreateRequest (OMSnapshotCreateRequest.java:validateAndUpdateCache(180)) - Created snapshot '256b20b3-03ed-4eb1-a270-d0cc50ae01fd' under path 'vol-b-01228/buc-a-73803'
2023-02-28 20:09:44,146 [OM StateMachine ApplyTransaction Thread - 0] INFO  snapshot.OMSnapshotCreateRequest (OMSnapshotCreateRequest.java:validateAndUpdateCache(180)) - Created snapshot '256b20b3-03ed-4eb1-a270-d0cc50ae01fd' under path 'vol-b-01228/buc-a-73803'
2023-02-28 20:09:44,147 [OM StateMachine ApplyTransaction Thread - 0] INFO  snapshot.OMSnapshotCreateRequest (OMSnapshotCreateRequest.java:validateAndUpdateCache(180)) - Created snapshot '256b20b3-03ed-4eb1-a270-d0cc50ae01fd' under path 'vol-b-01228/buc-a-73803'
2023-02-28 20:09:44,170 [OMDoubleBufferFlushThread] INFO  db.RDBCheckpointManager (RDBCheckpointManager.java:createCheckpoint(96)) - Created checkpoint in rocksDB at /home/runner/work/ozone/ozone/hadoop-ozone/integration-test/target/test-dir/MiniOzoneClusterImpl-58db5c20-d6df-4fe1-a747-1f1a0fc9447e/omNode-1/db.snapshots/om.db-9218bb69-6bcd-4a38-a634-2565bc456536 in 23 milliseconds
2023-02-28 20:09:44,171 [OMDoubleBufferFlushThread] INFO  db.RDBCheckpointManager (RDBCheckpointManager.java:waitForCheckpointDirectoryExist(125)) - Waited for 1 milliseconds for checkpoint directory /home/runner/work/ozone/ozone/hadoop-ozone/integration-test/target/test-dir/MiniOzoneClusterImpl-58db5c20-d6df-4fe1-a747-1f1a0fc9447e/omNode-1/db.snapshots/om.db-9218bb69-6bcd-4a38-a634-2565bc456536 availability.
2023-02-28 20:09:44,171 [OMDoubleBufferFlushThread] INFO  om.OmSnapshotManager (OmSnapshotManager.java:createOmSnapshotCheckpoint(163)) - Created checkpoint : /home/runner/work/ozone/ozone/hadoop-ozone/integration-test/target/test-dir/MiniOzoneClusterImpl-58db5c20-d6df-4fe1-a747-1f1a0fc9447e/omNode-1/db.snapshots/om.db-9218bb69-6bcd-4a38-a634-2565bc456536 for snapshot 256b20b3-03ed-4eb1-a270-d0cc50ae01fd
2023-02-28 20:09:44,175 [OMDoubleBufferFlushThread] INFO  db.RDBCheckpointManager (RDBCheckpointManager.java:createCheckpoint(96)) - Created checkpoint in rocksDB at /home/runner/work/ozone/ozone/hadoop-ozone/integration-test/target/test-dir/MiniOzoneClusterImpl-58db5c20-d6df-4fe1-a747-1f1a0fc9447e/omNode-3/db.snapshots/om.db-9218bb69-6bcd-4a38-a634-2565bc456536 in 27 milliseconds
2023-02-28 20:09:44,178 [OMDoubleBufferFlushThread] INFO  db.RDBCheckpointManager (RDBCheckpointManager.java:waitForCheckpointDirectoryExist(125)) - Waited for 3 milliseconds for checkpoint directory /home/runner/work/ozone/ozone/hadoop-ozone/integration-test/target/test-dir/MiniOzoneClusterImpl-58db5c20-d6df-4fe1-a747-1f1a0fc9447e/omNode-3/db.snapshots/om.db-9218bb69-6bcd-4a38-a634-2565bc456536 availability.
2023-02-28 20:09:44,179 [OMDoubleBufferFlushThread] INFO  om.OmSnapshotManager (OmSnapshotManager.java:createOmSnapshotCheckpoint(163)) - Created checkpoint : /home/runner/work/ozone/ozone/hadoop-ozone/integration-test/target/test-dir/MiniOzoneClusterImpl-58db5c20-d6df-4fe1-a747-1f1a0fc9447e/omNode-3/db.snapshots/om.db-9218bb69-6bcd-4a38-a634-2565bc456536 for snapshot 256b20b3-03ed-4eb1-a270-d0cc50ae01fd
2023-02-28 20:09:44,182 [OMDoubleBufferFlushThread] INFO  db.RDBCheckpointManager (RDBCheckpointManager.java:createCheckpoint(96)) - Created checkpoint in rocksDB at /home/runner/work/ozone/ozone/hadoop-ozone/integration-test/target/test-dir/MiniOzoneClusterImpl-58db5c20-d6df-4fe1-a747-1f1a0fc9447e/omNode-2/db.snapshots/om.db-9218bb69-6bcd-4a38-a634-2565bc456536 in 34 milliseconds
2023-02-28 20:09:44,186 [OMDoubleBufferFlushThread] INFO  db.RDBCheckpointManager (RDBCheckpointManager.java:waitForCheckpointDirectoryExist(125)) - Waited for 4 milliseconds for checkpoint directory /home/runner/work/ozone/ozone/hadoop-ozone/integration-test/target/test-dir/MiniOzoneClusterImpl-58db5c20-d6df-4fe1-a747-1f1a0fc9447e/omNode-2/db.snapshots/om.db-9218bb69-6bcd-4a38-a634-2565bc456536 availability.
2023-02-28 20:09:44,186 [OMDoubleBufferFlushThread] INFO  om.OmSnapshotManager (OmSnapshotManager.java:createOmSnapshotCheckpoint(163)) - Created checkpoint : /home/runner/work/ozone/ozone/hadoop-ozone/integration-test/target/test-dir/MiniOzoneClusterImpl-58db5c20-d6df-4fe1-a747-1f1a0fc9447e/omNode-2/db.snapshots/om.db-9218bb69-6bcd-4a38-a634-2565bc456536 for snapshot 256b20b3-03ed-4eb1-a270-d0cc50ae01fd
2023-02-28 20:09:45,228 [IPC Server handler 10 on default port 36591] WARN  server.ServerUtils (ServerUtils.java:getDBPath(225)) - ozone.om.db.dirs is not configured. We recommend adding this setting. Falling back to ozone.metadata.dirs instead.
2023-02-28 20:09:45,228 [IPC Server handler 10 on default port 36591] INFO  codec.OmKeyInfoCodec (OmKeyInfoCodec.java:<init>(49)) - OmKeyInfoCodec ignorePipeline = true
2023-02-28 20:09:45,228 [IPC Server handler 10 on default port 36591] INFO  codec.RepeatedOmKeyInfoCodec (RepeatedOmKeyInfoCodec.java:<init>(41)) - RepeatedOmKeyInfoCodec ignorePipeline = true
20:09:45.278 [IPC Server handler 17 on default port 36591] ERROR OMAudit - user=runner | ip=127.0.0.1 | op=GET_FILE_STATUS {volume=vol-b-01228, bucket=buc-a-73803, key=key-, dataSize=0, replicationConfig=null} | ret=FAILURE
org.apache.hadoop.ozone.om.exceptions.OMException: Unable to get file status: volume: vol-b-01228 bucket: buc-a-73803 key: key-
	at org.apache.hadoop.ozone.om.KeyManagerImpl.getOzoneFileStatusFSO(KeyManagerImpl.java:1285) ~[ozone-manager-1.4.0-SNAPSHOT.jar:?]
	at org.apache.hadoop.ozone.om.KeyManagerImpl.getFileStatus(KeyManagerImpl.java:1077) ~[ozone-manager-1.4.0-SNAPSHOT.jar:?]
	at org.apache.hadoop.ozone.om.OmMetadataReader.getFileStatus(OmMetadataReader.java:288) ~[ozone-manager-1.4.0-SNAPSHOT.jar:?]
	at org.apache.hadoop.ozone.om.OmSnapshot.getFileStatus(OmSnapshot.java:118) ~[ozone-manager-1.4.0-SNAPSHOT.jar:?]
	at org.apache.hadoop.ozone.om.OzoneManager.getFileStatus(OzoneManager.java:3481) ~[ozone-manager-1.4.0-SNAPSHOT.jar:?]
	at org.apache.hadoop.ozone.protocolPB.OzoneManagerRequestHandler.getOzoneFileStatus(OzoneManagerRequestHandler.java:933) ~[ozone-manager-1.4.0-SNAPSHOT.jar:?]
	at org.apache.hadoop.ozone.protocolPB.OzoneManagerRequestHandler.handleReadRequest(OzoneManagerRequestHandler.java:238) ~[ozone-manager-1.4.0-SNAPSHOT.jar:?]
	at org.apache.hadoop.ozone.protocolPB.OzoneManagerProtocolServerSideTranslatorPB.submitReadRequestToOM(OzoneManagerProtocolServerSideTranslatorPB.java:223) ~[ozone-manager-1.4.0-SNAPSHOT.jar:?]
	at org.apache.hadoop.ozone.protocolPB.OzoneManagerProtocolServerSideTranslatorPB.processRequest(OzoneManagerProtocolServerSideTranslatorPB.java:177) ~[ozone-manager-1.4.0-SNAPSHOT.jar:?]
	at org.apache.hadoop.hdds.server.OzoneProtocolMessageDispatcher.processRequest(OzoneProtocolMessageDispatcher.java:87) [hdds-server-framework-1.4.0-SNAPSHOT.jar:?]
	at org.apache.hadoop.ozone.protocolPB.OzoneManagerProtocolServerSideTranslatorPB.submitRequest(OzoneManagerProtocolServerSideTranslatorPB.java:147) [ozone-manager-1.4.0-SNAPSHOT.jar:?]
	at org.apache.hadoop.ozone.protocol.proto.OzoneManagerProtocolProtos$OzoneManagerService$2.callBlockingMethod(OzoneManagerProtocolProtos.java) [ozone-interface-client-1.4.0-SNAPSHOT.jar:?]
	at org.apache.hadoop.ipc.ProtobufRpcEngine$Server.processCall(ProtobufRpcEngine.java:465) [hadoop-common-3.3.4.jar:?]
	at org.apache.hadoop.ipc.ProtobufRpcEngine2$Server$ProtoBufRpcInvoker.call(ProtobufRpcEngine2.java:578) [hadoop-common-3.3.4.jar:?]
	at org.apache.hadoop.ipc.ProtobufRpcEngine2$Server$ProtoBufRpcInvoker.call(ProtobufRpcEngine2.java:556) [hadoop-common-3.3.4.jar:?]
	at org.apache.hadoop.ipc.RPC$Server.call(RPC.java:1093) [hadoop-common-3.3.4.jar:?]
	at org.apache.hadoop.ipc.Server$RpcCall.run(Server.java:1043) [hadoop-common-3.3.4.jar:?]
	at org.apache.hadoop.ipc.Server$RpcCall.run(Server.java:971) [hadoop-common-3.3.4.jar:?]
	at java.security.AccessController.doPrivileged(Native Method) ~[?:1.8.0_362]
	at javax.security.auth.Subject.doAs(Subject.java:422) [?:1.8.0_362]
	at org.apache.hadoop.security.UserGroupInformation.doAs(UserGroupInformation.java:1878) [hadoop-common-3.3.4.jar:?]
	at org.apache.hadoop.ipc.Server$Handler.run(Server.java:2976) [hadoop-common-3.3.4.jar:?]
2023-02-28 20:09:45,284 [OM StateMachine ApplyTransaction Thread - 0] INFO  snapshot.OMSnapshotCreateRequest (OMSnapshotCreateRequest.java:validateAndUpdateCache(180)) - Created snapshot 'c7d3d368-d346-469c-b669-d2e986905f20' under path 'vol-b-01228/buc-b-06460'
2023-02-28 20:09:45,286 [OM StateMachine ApplyTransaction Thread - 0] INFO  snapshot.OMSnapshotCreateRequest (OMSnapshotCreateRequest.java:validateAndUpdateCache(180)) - Created snapshot 'c7d3d368-d346-469c-b669-d2e986905f20' under path 'vol-b-01228/buc-b-06460'
2023-02-28 20:09:45,286 [OM StateMachine ApplyTransaction Thread - 0] INFO  snapshot.OMSnapshotCreateRequest (OMSnapshotCreateRequest.java:validateAndUpdateCache(180)) - Created snapshot 'c7d3d368-d346-469c-b669-d2e986905f20' under path 'vol-b-01228/buc-b-06460'
2023-02-28 20:09:45,309 [OMDoubleBufferFlushThread] INFO  db.RDBCheckpointManager (RDBCheckpointManager.java:createCheckpoint(96)) - Created checkpoint in rocksDB at /home/runner/work/ozone/ozone/hadoop-ozone/integration-test/target/test-dir/MiniOzoneClusterImpl-58db5c20-d6df-4fe1-a747-1f1a0fc9447e/omNode-3/db.snapshots/om.db-320f6bee-afe0-41c2-8552-803bb9faa080 in 22 milliseconds
2023-02-28 20:09:45,310 [OMDoubleBufferFlushThread] INFO  db.RDBCheckpointManager (RDBCheckpointManager.java:waitForCheckpointDirectoryExist(125)) - Waited for 1 milliseconds for checkpoint directory /home/runner/work/ozone/ozone/hadoop-ozone/integration-test/target/test-dir/MiniOzoneClusterImpl-58db5c20-d6df-4fe1-a747-1f1a0fc9447e/omNode-3/db.snapshots/om.db-320f6bee-afe0-41c2-8552-803bb9faa080 availability.
2023-02-28 20:09:45,310 [OMDoubleBufferFlushThread] INFO  om.OmSnapshotManager (OmSnapshotManager.java:createOmSnapshotCheckpoint(163)) - Created checkpoint : /home/runner/work/ozone/ozone/hadoop-ozone/integration-test/target/test-dir/MiniOzoneClusterImpl-58db5c20-d6df-4fe1-a747-1f1a0fc9447e/omNode-3/db.snapshots/om.db-320f6bee-afe0-41c2-8552-803bb9faa080 for snapshot c7d3d368-d346-469c-b669-d2e986905f20
2023-02-28 20:09:45,314 [OMDoubleBufferFlushThread] INFO  db.RDBCheckpointManager (RDBCheckpointManager.java:createCheckpoint(96)) - Created checkpoint in rocksDB at /home/runner/work/ozone/ozone/hadoop-ozone/integration-test/target/test-dir/MiniOzoneClusterImpl-58db5c20-d6df-4fe1-a747-1f1a0fc9447e/omNode-1/db.snapshots/om.db-320f6bee-afe0-41c2-8552-803bb9faa080 in 28 milliseconds
2023-02-28 20:09:45,315 [OMDoubleBufferFlushThread] INFO  db.RDBCheckpointManager (RDBCheckpointManager.java:waitForCheckpointDirectoryExist(125)) - Waited for 1 milliseconds for checkpoint directory /home/runner/work/ozone/ozone/hadoop-ozone/integration-test/target/test-dir/MiniOzoneClusterImpl-58db5c20-d6df-4fe1-a747-1f1a0fc9447e/omNode-1/db.snapshots/om.db-320f6bee-afe0-41c2-8552-803bb9faa080 availability.
2023-02-28 20:09:45,315 [OMDoubleBufferFlushThread] INFO  om.OmSnapshotManager (OmSnapshotManager.java:createOmSnapshotCheckpoint(163)) - Created checkpoint : /home/runner/work/ozone/ozone/hadoop-ozone/integration-test/target/test-dir/MiniOzoneClusterImpl-58db5c20-d6df-4fe1-a747-1f1a0fc9447e/omNode-1/db.snapshots/om.db-320f6bee-afe0-41c2-8552-803bb9faa080 for snapshot c7d3d368-d346-469c-b669-d2e986905f20
2023-02-28 20:09:45,316 [OMDoubleBufferFlushThread] INFO  db.RDBCheckpointManager (RDBCheckpointManager.java:createCheckpoint(96)) - Created checkpoint in rocksDB at /home/runner/work/ozone/ozone/hadoop-ozone/integration-test/target/test-dir/MiniOzoneClusterImpl-58db5c20-d6df-4fe1-a747-1f1a0fc9447e/omNode-2/db.snapshots/om.db-320f6bee-afe0-41c2-8552-803bb9faa080 in 29 milliseconds
2023-02-28 20:09:45,317 [OMDoubleBufferFlushThread] INFO  db.RDBCheckpointManager (RDBCheckpointManager.java:waitForCheckpointDirectoryExist(125)) - Waited for 1 milliseconds for checkpoint directory /home/runner/work/ozone/ozone/hadoop-ozone/integration-test/target/test-dir/MiniOzoneClusterImpl-58db5c20-d6df-4fe1-a747-1f1a0fc9447e/omNode-2/db.snapshots/om.db-320f6bee-afe0-41c2-8552-803bb9faa080 availability.
2023-02-28 20:09:45,317 [OMDoubleBufferFlushThread] INFO  om.OmSnapshotManager (OmSnapshotManager.java:createOmSnapshotCheckpoint(163)) - Created checkpoint : /home/runner/work/ozone/ozone/hadoop-ozone/integration-test/target/test-dir/MiniOzoneClusterImpl-58db5c20-d6df-4fe1-a747-1f1a0fc9447e/omNode-2/db.snapshots/om.db-320f6bee-afe0-41c2-8552-803bb9faa080 for snapshot c7d3d368-d346-469c-b669-d2e986905f20
2023-02-28 20:09:46,380 [IPC Server handler 2 on default port 36591] WARN  server.ServerUtils (ServerUtils.java:getDBPath(225)) - ozone.om.db.dirs is not configured. We recommend adding this setting. Falling back to ozone.metadata.dirs instead.
2023-02-28 20:09:46,380 [IPC Server handler 2 on default port 36591] INFO  codec.OmKeyInfoCodec (OmKeyInfoCodec.java:<init>(49)) - OmKeyInfoCodec ignorePipeline = true
2023-02-28 20:09:46,380 [IPC Server handler 2 on default port 36591] INFO  codec.RepeatedOmKeyInfoCodec (RepeatedOmKeyInfoCodec.java:<init>(41)) - RepeatedOmKeyInfoCodec ignorePipeline = true
20:09:46.476 [IPC Server handler 6 on default port 36591] ERROR OMAudit - user=runner | ip=127.0.0.1 | op=GET_FILE_STATUS {volume=vol-b-01228, bucket=buc-b-06460, key=key-, dataSize=0, replicationConfig=null} | ret=FAILURE
org.apache.hadoop.ozone.om.exceptions.OMException: Unable to get file status: volume: vol-b-01228 bucket: buc-b-06460 key: key-
	at org.apache.hadoop.ozone.om.KeyManagerImpl.getOzoneFileStatusFSO(KeyManagerImpl.java:1285) ~[ozone-manager-1.4.0-SNAPSHOT.jar:?]
	at org.apache.hadoop.ozone.om.KeyManagerImpl.getFileStatus(KeyManagerImpl.java:1077) ~[ozone-manager-1.4.0-SNAPSHOT.jar:?]
	at org.apache.hadoop.ozone.om.OmMetadataReader.getFileStatus(OmMetadataReader.java:288) ~[ozone-manager-1.4.0-SNAPSHOT.jar:?]
	at org.apache.hadoop.ozone.om.OmSnapshot.getFileStatus(OmSnapshot.java:118) ~[ozone-manager-1.4.0-SNAPSHOT.jar:?]
	at org.apache.hadoop.ozone.om.OzoneManager.getFileStatus(OzoneManager.java:3481) ~[ozone-manager-1.4.0-SNAPSHOT.jar:?]
	at org.apache.hadoop.ozone.protocolPB.OzoneManagerRequestHandler.getOzoneFileStatus(OzoneManagerRequestHandler.java:933) ~[ozone-manager-1.4.0-SNAPSHOT.jar:?]
	at org.apache.hadoop.ozone.protocolPB.OzoneManagerRequestHandler.handleReadRequest(OzoneManagerRequestHandler.java:238) ~[ozone-manager-1.4.0-SNAPSHOT.jar:?]
	at org.apache.hadoop.ozone.protocolPB.OzoneManagerProtocolServerSideTranslatorPB.submitReadRequestToOM(OzoneManagerProtocolServerSideTranslatorPB.java:223) ~[ozone-manager-1.4.0-SNAPSHOT.jar:?]
	at org.apache.hadoop.ozone.protocolPB.OzoneManagerProtocolServerSideTranslatorPB.processRequest(OzoneManagerProtocolServerSideTranslatorPB.java:177) ~[ozone-manager-1.4.0-SNAPSHOT.jar:?]
	at org.apache.hadoop.hdds.server.OzoneProtocolMessageDispatcher.processRequest(OzoneProtocolMessageDispatcher.java:87) [hdds-server-framework-1.4.0-SNAPSHOT.jar:?]
	at org.apache.hadoop.ozone.protocolPB.OzoneManagerProtocolServerSideTranslatorPB.submitRequest(OzoneManagerProtocolServerSideTranslatorPB.java:147) [ozone-manager-1.4.0-SNAPSHOT.jar:?]
	at org.apache.hadoop.ozone.protocol.proto.OzoneManagerProtocolProtos$OzoneManagerService$2.callBlockingMethod(OzoneManagerProtocolProtos.java) [ozone-interface-client-1.4.0-SNAPSHOT.jar:?]
	at org.apache.hadoop.ipc.ProtobufRpcEngine$Server.processCall(ProtobufRpcEngine.java:465) [hadoop-common-3.3.4.jar:?]
	at org.apache.hadoop.ipc.ProtobufRpcEngine2$Server$ProtoBufRpcInvoker.call(ProtobufRpcEngine2.java:578) [hadoop-common-3.3.4.jar:?]
	at org.apache.hadoop.ipc.ProtobufRpcEngine2$Server$ProtoBufRpcInvoker.call(ProtobufRpcEngine2.java:556) [hadoop-common-3.3.4.jar:?]
	at org.apache.hadoop.ipc.RPC$Server.call(RPC.java:1093) [hadoop-common-3.3.4.jar:?]
	at org.apache.hadoop.ipc.Server$RpcCall.run(Server.java:1043) [hadoop-common-3.3.4.jar:?]
	at org.apache.hadoop.ipc.Server$RpcCall.run(Server.java:971) [hadoop-common-3.3.4.jar:?]
	at java.security.AccessController.doPrivileged(Native Method) ~[?:1.8.0_362]
	at javax.security.auth.Subject.doAs(Subject.java:422) [?:1.8.0_362]
	at org.apache.hadoop.security.UserGroupInformation.doAs(UserGroupInformation.java:1878) [hadoop-common-3.3.4.jar:?]
	at org.apache.hadoop.ipc.Server$Handler.run(Server.java:2976) [hadoop-common-3.3.4.jar:?]
2023-02-28 20:09:46,483 [OM StateMachine ApplyTransaction Thread - 0] INFO  snapshot.OMSnapshotCreateRequest (OMSnapshotCreateRequest.java:validateAndUpdateCache(180)) - Created snapshot '9775f75d-21a7-402e-8a8b-c4c56daa2251' under path 'vol-a-36085/buc-a-73803'
2023-02-28 20:09:46,484 [OM StateMachine ApplyTransaction Thread - 0] INFO  snapshot.OMSnapshotCreateRequest (OMSnapshotCreateRequest.java:validateAndUpdateCache(180)) - Created snapshot '9775f75d-21a7-402e-8a8b-c4c56daa2251' under path 'vol-a-36085/buc-a-73803'
2023-02-28 20:09:46,485 [OM StateMachine ApplyTransaction Thread - 0] INFO  snapshot.OMSnapshotCreateRequest (OMSnapshotCreateRequest.java:validateAndUpdateCache(180)) - Created snapshot '9775f75d-21a7-402e-8a8b-c4c56daa2251' under path 'vol-a-36085/buc-a-73803'
2023-02-28 20:09:46,507 [OMDoubleBufferFlushThread] INFO  db.RDBCheckpointManager (RDBCheckpointManager.java:createCheckpoint(96)) - Created checkpoint in rocksDB at /home/runner/work/ozone/ozone/hadoop-ozone/integration-test/target/test-dir/MiniOzoneClusterImpl-58db5c20-d6df-4fe1-a747-1f1a0fc9447e/omNode-1/db.snapshots/om.db-2fdee2e7-f6d9-4ce0-a81c-654a9e9b6cec in 22 milliseconds
2023-02-28 20:09:46,508 [OMDoubleBufferFlushThread] INFO  db.RDBCheckpointManager (RDBCheckpointManager.java:waitForCheckpointDirectoryExist(125)) - Waited for 1 milliseconds for checkpoint directory /home/runner/work/ozone/ozone/hadoop-ozone/integration-test/target/test-dir/MiniOzoneClusterImpl-58db5c20-d6df-4fe1-a747-1f1a0fc9447e/omNode-1/db.snapshots/om.db-2fdee2e7-f6d9-4ce0-a81c-654a9e9b6cec availability.
2023-02-28 20:09:46,508 [OMDoubleBufferFlushThread] INFO  om.OmSnapshotManager (OmSnapshotManager.java:createOmSnapshotCheckpoint(163)) - Created checkpoint : /home/runner/work/ozone/ozone/hadoop-ozone/integration-test/target/test-dir/MiniOzoneClusterImpl-58db5c20-d6df-4fe1-a747-1f1a0fc9447e/omNode-1/db.snapshots/om.db-2fdee2e7-f6d9-4ce0-a81c-654a9e9b6cec for snapshot 9775f75d-21a7-402e-8a8b-c4c56daa2251
2023-02-28 20:09:46,512 [OMDoubleBufferFlushThread] INFO  db.RDBCheckpointManager (RDBCheckpointManager.java:createCheckpoint(96)) - Created checkpoint in rocksDB at /home/runner/work/ozone/ozone/hadoop-ozone/integration-test/target/test-dir/MiniOzoneClusterImpl-58db5c20-d6df-4fe1-a747-1f1a0fc9447e/omNode-3/db.snapshots/om.db-2fdee2e7-f6d9-4ce0-a81c-654a9e9b6cec in 27 milliseconds
2023-02-28 20:09:46,513 [OMDoubleBufferFlushThread] INFO  db.RDBCheckpointManager (RDBCheckpointManager.java:waitForCheckpointDirectoryExist(125)) - Waited for 1 milliseconds for checkpoint directory /home/runner/work/ozone/ozone/hadoop-ozone/integration-test/target/test-dir/MiniOzoneClusterImpl-58db5c20-d6df-4fe1-a747-1f1a0fc9447e/omNode-3/db.snapshots/om.db-2fdee2e7-f6d9-4ce0-a81c-654a9e9b6cec availability.
2023-02-28 20:09:46,513 [OMDoubleBufferFlushThread] INFO  om.OmSnapshotManager (OmSnapshotManager.java:createOmSnapshotCheckpoint(163)) - Created checkpoint : /home/runner/work/ozone/ozone/hadoop-ozone/integration-test/target/test-dir/MiniOzoneClusterImpl-58db5c20-d6df-4fe1-a747-1f1a0fc9447e/omNode-3/db.snapshots/om.db-2fdee2e7-f6d9-4ce0-a81c-654a9e9b6cec for snapshot 9775f75d-21a7-402e-8a8b-c4c56daa2251
2023-02-28 20:09:46,514 [OMDoubleBufferFlushThread] INFO  db.RDBCheckpointManager (RDBCheckpointManager.java:createCheckpoint(96)) - Created checkpoint in rocksDB at /home/runner/work/ozone/ozone/hadoop-ozone/integration-test/target/test-dir/MiniOzoneClusterImpl-58db5c20-d6df-4fe1-a747-1f1a0fc9447e/omNode-2/db.snapshots/om.db-2fdee2e7-f6d9-4ce0-a81c-654a9e9b6cec in 28 milliseconds
2023-02-28 20:09:46,519 [OMDoubleBufferFlushThread] INFO  db.RDBCheckpointManager (RDBCheckpointManager.java:waitForCheckpointDirectoryExist(125)) - Waited for 5 milliseconds for checkpoint directory /home/runner/work/ozone/ozone/hadoop-ozone/integration-test/target/test-dir/MiniOzoneClusterImpl-58db5c20-d6df-4fe1-a747-1f1a0fc9447e/omNode-2/db.snapshots/om.db-2fdee2e7-f6d9-4ce0-a81c-654a9e9b6cec availability.
2023-02-28 20:09:46,519 [OMDoubleBufferFlushThread] INFO  om.OmSnapshotManager (OmSnapshotManager.java:createOmSnapshotCheckpoint(163)) - Created checkpoint : /home/runner/work/ozone/ozone/hadoop-ozone/integration-test/target/test-dir/MiniOzoneClusterImpl-58db5c20-d6df-4fe1-a747-1f1a0fc9447e/omNode-2/db.snapshots/om.db-2fdee2e7-f6d9-4ce0-a81c-654a9e9b6cec for snapshot 9775f75d-21a7-402e-8a8b-c4c56daa2251
2023-02-28 20:09:46,525 [Under Replicated Processor] INFO  replication.UnhealthyReplicationProcessor (UnhealthyReplicationProcessor.java:processAll(113)) - Processed 0 containers with health state counts {},failed processing 0
2023-02-28 20:09:46,527 [Over Replicated Processor] INFO  replication.UnhealthyReplicationProcessor (UnhealthyReplicationProcessor.java:processAll(113)) - Processed 0 containers with health state counts {},failed processing 0
2023-02-28 20:09:47,570 [IPC Server handler 14 on default port 36591] WARN  server.ServerUtils (ServerUtils.java:getDBPath(225)) - ozone.om.db.dirs is not configured. We recommend adding this setting. Falling back to ozone.metadata.dirs instead.
2023-02-28 20:09:47,570 [IPC Server handler 14 on default port 36591] INFO  codec.OmKeyInfoCodec (OmKeyInfoCodec.java:<init>(49)) - OmKeyInfoCodec ignorePipeline = true
2023-02-28 20:09:47,571 [IPC Server handler 14 on default port 36591] INFO  codec.RepeatedOmKeyInfoCodec (RepeatedOmKeyInfoCodec.java:<init>(41)) - RepeatedOmKeyInfoCodec ignorePipeline = true
20:09:47.661 [IPC Server handler 11 on default port 36591] ERROR OMAudit - user=runner | ip=127.0.0.1 | op=GET_FILE_STATUS {volume=vol-a-36085, bucket=buc-a-73803, key=key-a-, dataSize=0, replicationConfig=null} | ret=FAILURE
org.apache.hadoop.ozone.om.exceptions.OMException: Unable to get file status: volume: vol-a-36085 bucket: buc-a-73803 key: key-a-
	at org.apache.hadoop.ozone.om.KeyManagerImpl.getOzoneFileStatusFSO(KeyManagerImpl.java:1285) ~[ozone-manager-1.4.0-SNAPSHOT.jar:?]
	at org.apache.hadoop.ozone.om.KeyManagerImpl.getFileStatus(KeyManagerImpl.java:1077) ~[ozone-manager-1.4.0-SNAPSHOT.jar:?]
	at org.apache.hadoop.ozone.om.OmMetadataReader.getFileStatus(OmMetadataReader.java:288) ~[ozone-manager-1.4.0-SNAPSHOT.jar:?]
	at org.apache.hadoop.ozone.om.OmSnapshot.getFileStatus(OmSnapshot.java:118) ~[ozone-manager-1.4.0-SNAPSHOT.jar:?]
	at org.apache.hadoop.ozone.om.OzoneManager.getFileStatus(OzoneManager.java:3481) ~[ozone-manager-1.4.0-SNAPSHOT.jar:?]
	at org.apache.hadoop.ozone.protocolPB.OzoneManagerRequestHandler.getOzoneFileStatus(OzoneManagerRequestHandler.java:933) ~[ozone-manager-1.4.0-SNAPSHOT.jar:?]
	at org.apache.hadoop.ozone.protocolPB.OzoneManagerRequestHandler.handleReadRequest(OzoneManagerRequestHandler.java:238) ~[ozone-manager-1.4.0-SNAPSHOT.jar:?]
	at org.apache.hadoop.ozone.protocolPB.OzoneManagerProtocolServerSideTranslatorPB.submitReadRequestToOM(OzoneManagerProtocolServerSideTranslatorPB.java:223) ~[ozone-manager-1.4.0-SNAPSHOT.jar:?]
	at org.apache.hadoop.ozone.protocolPB.OzoneManagerProtocolServerSideTranslatorPB.processRequest(OzoneManagerProtocolServerSideTranslatorPB.java:177) ~[ozone-manager-1.4.0-SNAPSHOT.jar:?]
	at org.apache.hadoop.hdds.server.OzoneProtocolMessageDispatcher.processRequest(OzoneProtocolMessageDispatcher.java:87) [hdds-server-framework-1.4.0-SNAPSHOT.jar:?]
	at org.apache.hadoop.ozone.protocolPB.OzoneManagerProtocolServerSideTranslatorPB.submitRequest(OzoneManagerProtocolServerSideTranslatorPB.java:147) [ozone-manager-1.4.0-SNAPSHOT.jar:?]
	at org.apache.hadoop.ozone.protocol.proto.OzoneManagerProtocolProtos$OzoneManagerService$2.callBlockingMethod(OzoneManagerProtocolProtos.java) [ozone-interface-client-1.4.0-SNAPSHOT.jar:?]
	at org.apache.hadoop.ipc.ProtobufRpcEngine$Server.processCall(ProtobufRpcEngine.java:465) [hadoop-common-3.3.4.jar:?]
	at org.apache.hadoop.ipc.ProtobufRpcEngine2$Server$ProtoBufRpcInvoker.call(ProtobufRpcEngine2.java:578) [hadoop-common-3.3.4.jar:?]
	at org.apache.hadoop.ipc.ProtobufRpcEngine2$Server$ProtoBufRpcInvoker.call(ProtobufRpcEngine2.java:556) [hadoop-common-3.3.4.jar:?]
	at org.apache.hadoop.ipc.RPC$Server.call(RPC.java:1093) [hadoop-common-3.3.4.jar:?]
	at org.apache.hadoop.ipc.Server$RpcCall.run(Server.java:1043) [hadoop-common-3.3.4.jar:?]
	at org.apache.hadoop.ipc.Server$RpcCall.run(Server.java:971) [hadoop-common-3.3.4.jar:?]
	at java.security.AccessController.doPrivileged(Native Method) ~[?:1.8.0_362]
	at javax.security.auth.Subject.doAs(Subject.java:422) [?:1.8.0_362]
	at org.apache.hadoop.security.UserGroupInformation.doAs(UserGroupInformation.java:1878) [hadoop-common-3.3.4.jar:?]
	at org.apache.hadoop.ipc.Server$Handler.run(Server.java:2976) [hadoop-common-3.3.4.jar:?]
20:09:47.671 [IPC Server handler 15 on default port 36591] ERROR OMAudit - user=runner | ip=127.0.0.1 | op=GET_FILE_STATUS {volume=vol-a-36085, bucket=buc-a-73803, key=key-b-, dataSize=0, replicationConfig=null} | ret=FAILURE
org.apache.hadoop.ozone.om.exceptions.OMException: Unable to get file status: volume: vol-a-36085 bucket: buc-a-73803 key: key-b-
	at org.apache.hadoop.ozone.om.KeyManagerImpl.getOzoneFileStatusFSO(KeyManagerImpl.java:1285) ~[ozone-manager-1.4.0-SNAPSHOT.jar:?]
	at org.apache.hadoop.ozone.om.KeyManagerImpl.getFileStatus(KeyManagerImpl.java:1077) ~[ozone-manager-1.4.0-SNAPSHOT.jar:?]
	at org.apache.hadoop.ozone.om.OmMetadataReader.getFileStatus(OmMetadataReader.java:288) ~[ozone-manager-1.4.0-SNAPSHOT.jar:?]
	at org.apache.hadoop.ozone.om.OmSnapshot.getFileStatus(OmSnapshot.java:118) ~[ozone-manager-1.4.0-SNAPSHOT.jar:?]
	at org.apache.hadoop.ozone.om.OzoneManager.getFileStatus(OzoneManager.java:3481) ~[ozone-manager-1.4.0-SNAPSHOT.jar:?]
	at org.apache.hadoop.ozone.protocolPB.OzoneManagerRequestHandler.getOzoneFileStatus(OzoneManagerRequestHandler.java:933) ~[ozone-manager-1.4.0-SNAPSHOT.jar:?]
	at org.apache.hadoop.ozone.protocolPB.OzoneManagerRequestHandler.handleReadRequest(OzoneManagerRequestHandler.java:238) ~[ozone-manager-1.4.0-SNAPSHOT.jar:?]
	at org.apache.hadoop.ozone.protocolPB.OzoneManagerProtocolServerSideTranslatorPB.submitReadRequestToOM(OzoneManagerProtocolServerSideTranslatorPB.java:223) ~[ozone-manager-1.4.0-SNAPSHOT.jar:?]
	at org.apache.hadoop.ozone.protocolPB.OzoneManagerProtocolServerSideTranslatorPB.processRequest(OzoneManagerProtocolServerSideTranslatorPB.java:177) ~[ozone-manager-1.4.0-SNAPSHOT.jar:?]
	at org.apache.hadoop.hdds.server.OzoneProtocolMessageDispatcher.processRequest(OzoneProtocolMessageDispatcher.java:87) [hdds-server-framework-1.4.0-SNAPSHOT.jar:?]
	at org.apache.hadoop.ozone.protocolPB.OzoneManagerProtocolServerSideTranslatorPB.submitRequest(OzoneManagerProtocolServerSideTranslatorPB.java:147) [ozone-manager-1.4.0-SNAPSHOT.jar:?]
	at org.apache.hadoop.ozone.protocol.proto.OzoneManagerProtocolProtos$OzoneManagerService$2.callBlockingMethod(OzoneManagerProtocolProtos.java) [ozone-interface-client-1.4.0-SNAPSHOT.jar:?]
	at org.apache.hadoop.ipc.ProtobufRpcEngine$Server.processCall(ProtobufRpcEngine.java:465) [hadoop-common-3.3.4.jar:?]
	at org.apache.hadoop.ipc.ProtobufRpcEngine2$Server$ProtoBufRpcInvoker.call(ProtobufRpcEngine2.java:578) [hadoop-common-3.3.4.jar:?]
	at org.apache.hadoop.ipc.ProtobufRpcEngine2$Server$ProtoBufRpcInvoker.call(ProtobufRpcEngine2.java:556) [hadoop-common-3.3.4.jar:?]
	at org.apache.hadoop.ipc.RPC$Server.call(RPC.java:1093) [hadoop-common-3.3.4.jar:?]
	at org.apache.hadoop.ipc.Server$RpcCall.run(Server.java:1043) [hadoop-common-3.3.4.jar:?]
	at org.apache.hadoop.ipc.Server$RpcCall.run(Server.java:971) [hadoop-common-3.3.4.jar:?]
	at java.security.AccessController.doPrivileged(Native Method) ~[?:1.8.0_362]
	at javax.security.auth.Subject.doAs(Subject.java:422) [?:1.8.0_362]
	at org.apache.hadoop.security.UserGroupInformation.doAs(UserGroupInformation.java:1878) [hadoop-common-3.3.4.jar:?]
	at org.apache.hadoop.ipc.Server$Handler.run(Server.java:2976) [hadoop-common-3.3.4.jar:?]
]]></system-out>
  </testcase>
  <testcase name="testListKey" classname="TestOmSnapshot" time="10.069">
    <system-out><![CDATA[2023-02-28 20:10:33,738 [Time-limited test] INFO  rpc.RpcClient (RpcClient.java:createVolume(476)) - Creating Volume: vol-a-92794, with runner as owner and space quota set to -1 bytes, counts quota set to -1
2023-02-28 20:10:33,740 [OM StateMachine ApplyTransaction Thread - 0] INFO  volume.OMVolumeCreateRequest (OMVolumeCreateRequest.java:validateAndUpdateCache(195)) - created volume:vol-a-92794 for user:runner
2023-02-28 20:10:33,741 [Time-limited test] INFO  rpc.RpcClient (RpcClient.java:createVolume(476)) - Creating Volume: vol-b-93092, with runner as owner and space quota set to -1 bytes, counts quota set to -1
2023-02-28 20:10:33,741 [OM StateMachine ApplyTransaction Thread - 0] INFO  volume.OMVolumeCreateRequest (OMVolumeCreateRequest.java:validateAndUpdateCache(195)) - created volume:vol-a-92794 for user:runner
2023-02-28 20:10:33,742 [OM StateMachine ApplyTransaction Thread - 0] INFO  volume.OMVolumeCreateRequest (OMVolumeCreateRequest.java:validateAndUpdateCache(195)) - created volume:vol-a-92794 for user:runner
2023-02-28 20:10:33,743 [OM StateMachine ApplyTransaction Thread - 0] INFO  volume.OMVolumeCreateRequest (OMVolumeCreateRequest.java:validateAndUpdateCache(195)) - created volume:vol-b-93092 for user:runner
2023-02-28 20:10:33,744 [OM StateMachine ApplyTransaction Thread - 0] INFO  volume.OMVolumeCreateRequest (OMVolumeCreateRequest.java:validateAndUpdateCache(195)) - created volume:vol-b-93092 for user:runner
2023-02-28 20:10:33,745 [OM StateMachine ApplyTransaction Thread - 0] INFO  volume.OMVolumeCreateRequest (OMVolumeCreateRequest.java:validateAndUpdateCache(195)) - created volume:vol-b-93092 for user:runner
2023-02-28 20:10:33,746 [Time-limited test] INFO  rpc.RpcClient (RpcClient.java:createBucket(698)) - Creating Bucket: vol-a-92794/buc-a-57441, with server-side default bucket layout, runner as owner, Versioning false, Storage Type set to DISK and Encryption set to false, Replication Type set to server-side default replication type, Namespace Quota set to -1, Space Quota set to -1 
2023-02-28 20:10:33,748 [OM StateMachine ApplyTransaction Thread - 0] INFO  bucket.OMBucketCreateRequest (OMBucketCreateRequest.java:validateAndUpdateCache(263)) - created bucket: buc-a-57441 of layout LEGACY in volume: vol-a-92794
2023-02-28 20:10:33,749 [Time-limited test] INFO  rpc.RpcClient (RpcClient.java:createBucket(698)) - Creating Bucket: vol-a-92794/buc-b-12161, with server-side default bucket layout, runner as owner, Versioning false, Storage Type set to DISK and Encryption set to false, Replication Type set to server-side default replication type, Namespace Quota set to -1, Space Quota set to -1 
2023-02-28 20:10:33,749 [OM StateMachine ApplyTransaction Thread - 0] INFO  bucket.OMBucketCreateRequest (OMBucketCreateRequest.java:validateAndUpdateCache(263)) - created bucket: buc-a-57441 of layout LEGACY in volume: vol-a-92794
2023-02-28 20:10:33,750 [OM StateMachine ApplyTransaction Thread - 0] INFO  bucket.OMBucketCreateRequest (OMBucketCreateRequest.java:validateAndUpdateCache(263)) - created bucket: buc-a-57441 of layout LEGACY in volume: vol-a-92794
2023-02-28 20:10:33,751 [OM StateMachine ApplyTransaction Thread - 0] INFO  bucket.OMBucketCreateRequest (OMBucketCreateRequest.java:validateAndUpdateCache(263)) - created bucket: buc-b-12161 of layout LEGACY in volume: vol-a-92794
2023-02-28 20:10:33,752 [OM StateMachine ApplyTransaction Thread - 0] INFO  bucket.OMBucketCreateRequest (OMBucketCreateRequest.java:validateAndUpdateCache(263)) - created bucket: buc-b-12161 of layout LEGACY in volume: vol-a-92794
2023-02-28 20:10:33,753 [OM StateMachine ApplyTransaction Thread - 0] INFO  bucket.OMBucketCreateRequest (OMBucketCreateRequest.java:validateAndUpdateCache(263)) - created bucket: buc-b-12161 of layout LEGACY in volume: vol-a-92794
2023-02-28 20:10:33,756 [Time-limited test] INFO  rpc.RpcClient (RpcClient.java:createBucket(698)) - Creating Bucket: vol-b-93092/buc-a-57441, with server-side default bucket layout, runner as owner, Versioning false, Storage Type set to DISK and Encryption set to false, Replication Type set to server-side default replication type, Namespace Quota set to -1, Space Quota set to -1 
2023-02-28 20:10:33,758 [OM StateMachine ApplyTransaction Thread - 0] INFO  bucket.OMBucketCreateRequest (OMBucketCreateRequest.java:validateAndUpdateCache(263)) - created bucket: buc-a-57441 of layout LEGACY in volume: vol-b-93092
2023-02-28 20:10:33,758 [OM StateMachine ApplyTransaction Thread - 0] INFO  bucket.OMBucketCreateRequest (OMBucketCreateRequest.java:validateAndUpdateCache(263)) - created bucket: buc-a-57441 of layout LEGACY in volume: vol-b-93092
2023-02-28 20:10:33,759 [OM StateMachine ApplyTransaction Thread - 0] INFO  bucket.OMBucketCreateRequest (OMBucketCreateRequest.java:validateAndUpdateCache(263)) - created bucket: buc-a-57441 of layout LEGACY in volume: vol-b-93092
2023-02-28 20:10:33,763 [Time-limited test] INFO  rpc.RpcClient (RpcClient.java:createBucket(698)) - Creating Bucket: vol-b-93092/buc-b-12161, with server-side default bucket layout, runner as owner, Versioning false, Storage Type set to DISK and Encryption set to false, Replication Type set to server-side default replication type, Namespace Quota set to -1, Space Quota set to -1 
2023-02-28 20:10:33,765 [OM StateMachine ApplyTransaction Thread - 0] INFO  bucket.OMBucketCreateRequest (OMBucketCreateRequest.java:validateAndUpdateCache(263)) - created bucket: buc-b-12161 of layout LEGACY in volume: vol-b-93092
2023-02-28 20:10:33,766 [OM StateMachine ApplyTransaction Thread - 0] INFO  bucket.OMBucketCreateRequest (OMBucketCreateRequest.java:validateAndUpdateCache(263)) - created bucket: buc-b-12161 of layout LEGACY in volume: vol-b-93092
2023-02-28 20:10:33,767 [OM StateMachine ApplyTransaction Thread - 0] INFO  bucket.OMBucketCreateRequest (OMBucketCreateRequest.java:validateAndUpdateCache(263)) - created bucket: buc-b-12161 of layout LEGACY in volume: vol-b-93092
2023-02-28 20:10:37,952 [OM StateMachine ApplyTransaction Thread - 0] INFO  snapshot.OMSnapshotCreateRequest (OMSnapshotCreateRequest.java:validateAndUpdateCache(180)) - Created snapshot 'cc47f95d-7871-4165-bf73-e63f64598539' under path 'vol-a-92794/buc-a-57441'
2023-02-28 20:10:37,954 [OM StateMachine ApplyTransaction Thread - 0] INFO  snapshot.OMSnapshotCreateRequest (OMSnapshotCreateRequest.java:validateAndUpdateCache(180)) - Created snapshot 'cc47f95d-7871-4165-bf73-e63f64598539' under path 'vol-a-92794/buc-a-57441'
2023-02-28 20:10:37,954 [OM StateMachine ApplyTransaction Thread - 0] INFO  snapshot.OMSnapshotCreateRequest (OMSnapshotCreateRequest.java:validateAndUpdateCache(180)) - Created snapshot 'cc47f95d-7871-4165-bf73-e63f64598539' under path 'vol-a-92794/buc-a-57441'
2023-02-28 20:10:37,986 [OMDoubleBufferFlushThread] INFO  db.RDBCheckpointManager (RDBCheckpointManager.java:createCheckpoint(96)) - Created checkpoint in rocksDB at /home/runner/work/ozone/ozone/hadoop-ozone/integration-test/target/test-dir/MiniOzoneClusterImpl-9e11fa7e-4972-4825-87e7-ebdcd03a38ce/omNode-2/db.snapshots/om.db-012e9d8f-6733-488e-bd23-a35ea44af6e6 in 32 milliseconds
2023-02-28 20:10:37,987 [OMDoubleBufferFlushThread] INFO  db.RDBCheckpointManager (RDBCheckpointManager.java:waitForCheckpointDirectoryExist(125)) - Waited for 1 milliseconds for checkpoint directory /home/runner/work/ozone/ozone/hadoop-ozone/integration-test/target/test-dir/MiniOzoneClusterImpl-9e11fa7e-4972-4825-87e7-ebdcd03a38ce/omNode-2/db.snapshots/om.db-012e9d8f-6733-488e-bd23-a35ea44af6e6 availability.
2023-02-28 20:10:37,987 [OMDoubleBufferFlushThread] INFO  om.OmSnapshotManager (OmSnapshotManager.java:createOmSnapshotCheckpoint(163)) - Created checkpoint : /home/runner/work/ozone/ozone/hadoop-ozone/integration-test/target/test-dir/MiniOzoneClusterImpl-9e11fa7e-4972-4825-87e7-ebdcd03a38ce/omNode-2/db.snapshots/om.db-012e9d8f-6733-488e-bd23-a35ea44af6e6 for snapshot cc47f95d-7871-4165-bf73-e63f64598539
2023-02-28 20:10:37,989 [OMDoubleBufferFlushThread] INFO  db.RDBCheckpointManager (RDBCheckpointManager.java:createCheckpoint(96)) - Created checkpoint in rocksDB at /home/runner/work/ozone/ozone/hadoop-ozone/integration-test/target/test-dir/MiniOzoneClusterImpl-9e11fa7e-4972-4825-87e7-ebdcd03a38ce/omNode-1/db.snapshots/om.db-012e9d8f-6733-488e-bd23-a35ea44af6e6 in 35 milliseconds
2023-02-28 20:10:37,991 [OMDoubleBufferFlushThread] INFO  db.RDBCheckpointManager (RDBCheckpointManager.java:waitForCheckpointDirectoryExist(125)) - Waited for 2 milliseconds for checkpoint directory /home/runner/work/ozone/ozone/hadoop-ozone/integration-test/target/test-dir/MiniOzoneClusterImpl-9e11fa7e-4972-4825-87e7-ebdcd03a38ce/omNode-1/db.snapshots/om.db-012e9d8f-6733-488e-bd23-a35ea44af6e6 availability.
2023-02-28 20:10:37,991 [OMDoubleBufferFlushThread] INFO  om.OmSnapshotManager (OmSnapshotManager.java:createOmSnapshotCheckpoint(163)) - Created checkpoint : /home/runner/work/ozone/ozone/hadoop-ozone/integration-test/target/test-dir/MiniOzoneClusterImpl-9e11fa7e-4972-4825-87e7-ebdcd03a38ce/omNode-1/db.snapshots/om.db-012e9d8f-6733-488e-bd23-a35ea44af6e6 for snapshot cc47f95d-7871-4165-bf73-e63f64598539
2023-02-28 20:10:37,994 [OMDoubleBufferFlushThread] INFO  db.RDBCheckpointManager (RDBCheckpointManager.java:createCheckpoint(96)) - Created checkpoint in rocksDB at /home/runner/work/ozone/ozone/hadoop-ozone/integration-test/target/test-dir/MiniOzoneClusterImpl-9e11fa7e-4972-4825-87e7-ebdcd03a38ce/omNode-3/db.snapshots/om.db-012e9d8f-6733-488e-bd23-a35ea44af6e6 in 39 milliseconds
2023-02-28 20:10:37,995 [OMDoubleBufferFlushThread] INFO  db.RDBCheckpointManager (RDBCheckpointManager.java:waitForCheckpointDirectoryExist(125)) - Waited for 1 milliseconds for checkpoint directory /home/runner/work/ozone/ozone/hadoop-ozone/integration-test/target/test-dir/MiniOzoneClusterImpl-9e11fa7e-4972-4825-87e7-ebdcd03a38ce/omNode-3/db.snapshots/om.db-012e9d8f-6733-488e-bd23-a35ea44af6e6 availability.
2023-02-28 20:10:37,995 [OMDoubleBufferFlushThread] INFO  om.OmSnapshotManager (OmSnapshotManager.java:createOmSnapshotCheckpoint(163)) - Created checkpoint : /home/runner/work/ozone/ozone/hadoop-ozone/integration-test/target/test-dir/MiniOzoneClusterImpl-9e11fa7e-4972-4825-87e7-ebdcd03a38ce/omNode-3/db.snapshots/om.db-012e9d8f-6733-488e-bd23-a35ea44af6e6 for snapshot cc47f95d-7871-4165-bf73-e63f64598539
2023-02-28 20:10:38,954 [IPC Server handler 13 on default port 38823] WARN  server.ServerUtils (ServerUtils.java:getDBPath(225)) - ozone.om.db.dirs is not configured. We recommend adding this setting. Falling back to ozone.metadata.dirs instead.
2023-02-28 20:10:38,954 [IPC Server handler 13 on default port 38823] INFO  codec.OmKeyInfoCodec (OmKeyInfoCodec.java:<init>(49)) - OmKeyInfoCodec ignorePipeline = true
2023-02-28 20:10:38,954 [IPC Server handler 13 on default port 38823] INFO  codec.RepeatedOmKeyInfoCodec (RepeatedOmKeyInfoCodec.java:<init>(41)) - RepeatedOmKeyInfoCodec ignorePipeline = true
2023-02-28 20:10:38,991 [OM StateMachine ApplyTransaction Thread - 0] INFO  snapshot.OMSnapshotCreateRequest (OMSnapshotCreateRequest.java:validateAndUpdateCache(180)) - Created snapshot '315c1644-3eac-41a9-8a9c-c9b26a0c7ace' under path 'vol-a-92794/buc-b-12161'
2023-02-28 20:10:38,992 [OM StateMachine ApplyTransaction Thread - 0] INFO  snapshot.OMSnapshotCreateRequest (OMSnapshotCreateRequest.java:validateAndUpdateCache(180)) - Created snapshot '315c1644-3eac-41a9-8a9c-c9b26a0c7ace' under path 'vol-a-92794/buc-b-12161'
2023-02-28 20:10:38,993 [OM StateMachine ApplyTransaction Thread - 0] INFO  snapshot.OMSnapshotCreateRequest (OMSnapshotCreateRequest.java:validateAndUpdateCache(180)) - Created snapshot '315c1644-3eac-41a9-8a9c-c9b26a0c7ace' under path 'vol-a-92794/buc-b-12161'
2023-02-28 20:10:39,004 [OMDoubleBufferFlushThread] INFO  db.RDBCheckpointManager (RDBCheckpointManager.java:createCheckpoint(96)) - Created checkpoint in rocksDB at /home/runner/work/ozone/ozone/hadoop-ozone/integration-test/target/test-dir/MiniOzoneClusterImpl-9e11fa7e-4972-4825-87e7-ebdcd03a38ce/omNode-2/db.snapshots/om.db-47bfde6a-4486-4941-8ed7-d873c45568e2 in 10 milliseconds
2023-02-28 20:10:39,005 [OMDoubleBufferFlushThread] INFO  db.RDBCheckpointManager (RDBCheckpointManager.java:waitForCheckpointDirectoryExist(125)) - Waited for 1 milliseconds for checkpoint directory /home/runner/work/ozone/ozone/hadoop-ozone/integration-test/target/test-dir/MiniOzoneClusterImpl-9e11fa7e-4972-4825-87e7-ebdcd03a38ce/omNode-2/db.snapshots/om.db-47bfde6a-4486-4941-8ed7-d873c45568e2 availability.
2023-02-28 20:10:39,005 [OMDoubleBufferFlushThread] INFO  om.OmSnapshotManager (OmSnapshotManager.java:createOmSnapshotCheckpoint(163)) - Created checkpoint : /home/runner/work/ozone/ozone/hadoop-ozone/integration-test/target/test-dir/MiniOzoneClusterImpl-9e11fa7e-4972-4825-87e7-ebdcd03a38ce/omNode-2/db.snapshots/om.db-47bfde6a-4486-4941-8ed7-d873c45568e2 for snapshot 315c1644-3eac-41a9-8a9c-c9b26a0c7ace
2023-02-28 20:10:39,007 [OMDoubleBufferFlushThread] INFO  db.RDBCheckpointManager (RDBCheckpointManager.java:createCheckpoint(96)) - Created checkpoint in rocksDB at /home/runner/work/ozone/ozone/hadoop-ozone/integration-test/target/test-dir/MiniOzoneClusterImpl-9e11fa7e-4972-4825-87e7-ebdcd03a38ce/omNode-1/db.snapshots/om.db-47bfde6a-4486-4941-8ed7-d873c45568e2 in 14 milliseconds
2023-02-28 20:10:39,007 [OMDoubleBufferFlushThread] INFO  db.RDBCheckpointManager (RDBCheckpointManager.java:waitForCheckpointDirectoryExist(125)) - Waited for 0 milliseconds for checkpoint directory /home/runner/work/ozone/ozone/hadoop-ozone/integration-test/target/test-dir/MiniOzoneClusterImpl-9e11fa7e-4972-4825-87e7-ebdcd03a38ce/omNode-1/db.snapshots/om.db-47bfde6a-4486-4941-8ed7-d873c45568e2 availability.
2023-02-28 20:10:39,008 [OMDoubleBufferFlushThread] INFO  om.OmSnapshotManager (OmSnapshotManager.java:createOmSnapshotCheckpoint(163)) - Created checkpoint : /home/runner/work/ozone/ozone/hadoop-ozone/integration-test/target/test-dir/MiniOzoneClusterImpl-9e11fa7e-4972-4825-87e7-ebdcd03a38ce/omNode-1/db.snapshots/om.db-47bfde6a-4486-4941-8ed7-d873c45568e2 for snapshot 315c1644-3eac-41a9-8a9c-c9b26a0c7ace
2023-02-28 20:10:39,008 [OMDoubleBufferFlushThread] INFO  db.RDBCheckpointManager (RDBCheckpointManager.java:createCheckpoint(96)) - Created checkpoint in rocksDB at /home/runner/work/ozone/ozone/hadoop-ozone/integration-test/target/test-dir/MiniOzoneClusterImpl-9e11fa7e-4972-4825-87e7-ebdcd03a38ce/omNode-3/db.snapshots/om.db-47bfde6a-4486-4941-8ed7-d873c45568e2 in 14 milliseconds
2023-02-28 20:10:39,008 [OMDoubleBufferFlushThread] INFO  db.RDBCheckpointManager (RDBCheckpointManager.java:waitForCheckpointDirectoryExist(125)) - Waited for 0 milliseconds for checkpoint directory /home/runner/work/ozone/ozone/hadoop-ozone/integration-test/target/test-dir/MiniOzoneClusterImpl-9e11fa7e-4972-4825-87e7-ebdcd03a38ce/omNode-3/db.snapshots/om.db-47bfde6a-4486-4941-8ed7-d873c45568e2 availability.
2023-02-28 20:10:39,009 [OMDoubleBufferFlushThread] INFO  om.OmSnapshotManager (OmSnapshotManager.java:createOmSnapshotCheckpoint(163)) - Created checkpoint : /home/runner/work/ozone/ozone/hadoop-ozone/integration-test/target/test-dir/MiniOzoneClusterImpl-9e11fa7e-4972-4825-87e7-ebdcd03a38ce/omNode-3/db.snapshots/om.db-47bfde6a-4486-4941-8ed7-d873c45568e2 for snapshot 315c1644-3eac-41a9-8a9c-c9b26a0c7ace
2023-02-28 20:10:40,049 [IPC Server handler 18 on default port 38823] WARN  server.ServerUtils (ServerUtils.java:getDBPath(225)) - ozone.om.db.dirs is not configured. We recommend adding this setting. Falling back to ozone.metadata.dirs instead.
2023-02-28 20:10:40,049 [IPC Server handler 18 on default port 38823] INFO  codec.OmKeyInfoCodec (OmKeyInfoCodec.java:<init>(49)) - OmKeyInfoCodec ignorePipeline = true
2023-02-28 20:10:40,050 [IPC Server handler 18 on default port 38823] INFO  codec.RepeatedOmKeyInfoCodec (RepeatedOmKeyInfoCodec.java:<init>(41)) - RepeatedOmKeyInfoCodec ignorePipeline = true
2023-02-28 20:10:40,119 [OM StateMachine ApplyTransaction Thread - 0] INFO  snapshot.OMSnapshotCreateRequest (OMSnapshotCreateRequest.java:validateAndUpdateCache(180)) - Created snapshot '1749d70c-b9c7-409a-bc5a-128104ed4bb3' under path 'vol-b-93092/buc-a-57441'
2023-02-28 20:10:40,122 [OM StateMachine ApplyTransaction Thread - 0] INFO  snapshot.OMSnapshotCreateRequest (OMSnapshotCreateRequest.java:validateAndUpdateCache(180)) - Created snapshot '1749d70c-b9c7-409a-bc5a-128104ed4bb3' under path 'vol-b-93092/buc-a-57441'
2023-02-28 20:10:40,122 [OM StateMachine ApplyTransaction Thread - 0] INFO  snapshot.OMSnapshotCreateRequest (OMSnapshotCreateRequest.java:validateAndUpdateCache(180)) - Created snapshot '1749d70c-b9c7-409a-bc5a-128104ed4bb3' under path 'vol-b-93092/buc-a-57441'
2023-02-28 20:10:40,147 [OMDoubleBufferFlushThread] INFO  db.RDBCheckpointManager (RDBCheckpointManager.java:createCheckpoint(96)) - Created checkpoint in rocksDB at /home/runner/work/ozone/ozone/hadoop-ozone/integration-test/target/test-dir/MiniOzoneClusterImpl-9e11fa7e-4972-4825-87e7-ebdcd03a38ce/omNode-3/db.snapshots/om.db-83e5b61e-ca80-4f45-8452-bc6e9e0ff5b4 in 24 milliseconds
2023-02-28 20:10:40,148 [OMDoubleBufferFlushThread] INFO  db.RDBCheckpointManager (RDBCheckpointManager.java:waitForCheckpointDirectoryExist(125)) - Waited for 0 milliseconds for checkpoint directory /home/runner/work/ozone/ozone/hadoop-ozone/integration-test/target/test-dir/MiniOzoneClusterImpl-9e11fa7e-4972-4825-87e7-ebdcd03a38ce/omNode-3/db.snapshots/om.db-83e5b61e-ca80-4f45-8452-bc6e9e0ff5b4 availability.
2023-02-28 20:10:40,148 [OMDoubleBufferFlushThread] INFO  om.OmSnapshotManager (OmSnapshotManager.java:createOmSnapshotCheckpoint(163)) - Created checkpoint : /home/runner/work/ozone/ozone/hadoop-ozone/integration-test/target/test-dir/MiniOzoneClusterImpl-9e11fa7e-4972-4825-87e7-ebdcd03a38ce/omNode-3/db.snapshots/om.db-83e5b61e-ca80-4f45-8452-bc6e9e0ff5b4 for snapshot 1749d70c-b9c7-409a-bc5a-128104ed4bb3
2023-02-28 20:10:40,151 [OMDoubleBufferFlushThread] INFO  db.RDBCheckpointManager (RDBCheckpointManager.java:createCheckpoint(96)) - Created checkpoint in rocksDB at /home/runner/work/ozone/ozone/hadoop-ozone/integration-test/target/test-dir/MiniOzoneClusterImpl-9e11fa7e-4972-4825-87e7-ebdcd03a38ce/omNode-1/db.snapshots/om.db-83e5b61e-ca80-4f45-8452-bc6e9e0ff5b4 in 28 milliseconds
2023-02-28 20:10:40,152 [OMDoubleBufferFlushThread] INFO  db.RDBCheckpointManager (RDBCheckpointManager.java:waitForCheckpointDirectoryExist(125)) - Waited for 1 milliseconds for checkpoint directory /home/runner/work/ozone/ozone/hadoop-ozone/integration-test/target/test-dir/MiniOzoneClusterImpl-9e11fa7e-4972-4825-87e7-ebdcd03a38ce/omNode-1/db.snapshots/om.db-83e5b61e-ca80-4f45-8452-bc6e9e0ff5b4 availability.
2023-02-28 20:10:40,152 [OMDoubleBufferFlushThread] INFO  om.OmSnapshotManager (OmSnapshotManager.java:createOmSnapshotCheckpoint(163)) - Created checkpoint : /home/runner/work/ozone/ozone/hadoop-ozone/integration-test/target/test-dir/MiniOzoneClusterImpl-9e11fa7e-4972-4825-87e7-ebdcd03a38ce/omNode-1/db.snapshots/om.db-83e5b61e-ca80-4f45-8452-bc6e9e0ff5b4 for snapshot 1749d70c-b9c7-409a-bc5a-128104ed4bb3
2023-02-28 20:10:40,152 [OMDoubleBufferFlushThread] INFO  db.RDBCheckpointManager (RDBCheckpointManager.java:createCheckpoint(96)) - Created checkpoint in rocksDB at /home/runner/work/ozone/ozone/hadoop-ozone/integration-test/target/test-dir/MiniOzoneClusterImpl-9e11fa7e-4972-4825-87e7-ebdcd03a38ce/omNode-2/db.snapshots/om.db-83e5b61e-ca80-4f45-8452-bc6e9e0ff5b4 in 28 milliseconds
2023-02-28 20:10:40,152 [OMDoubleBufferFlushThread] INFO  db.RDBCheckpointManager (RDBCheckpointManager.java:waitForCheckpointDirectoryExist(125)) - Waited for 0 milliseconds for checkpoint directory /home/runner/work/ozone/ozone/hadoop-ozone/integration-test/target/test-dir/MiniOzoneClusterImpl-9e11fa7e-4972-4825-87e7-ebdcd03a38ce/omNode-2/db.snapshots/om.db-83e5b61e-ca80-4f45-8452-bc6e9e0ff5b4 availability.
2023-02-28 20:10:40,153 [OMDoubleBufferFlushThread] INFO  om.OmSnapshotManager (OmSnapshotManager.java:createOmSnapshotCheckpoint(163)) - Created checkpoint : /home/runner/work/ozone/ozone/hadoop-ozone/integration-test/target/test-dir/MiniOzoneClusterImpl-9e11fa7e-4972-4825-87e7-ebdcd03a38ce/omNode-2/db.snapshots/om.db-83e5b61e-ca80-4f45-8452-bc6e9e0ff5b4 for snapshot 1749d70c-b9c7-409a-bc5a-128104ed4bb3
2023-02-28 20:10:40,606 [Under Replicated Processor] INFO  replication.UnhealthyReplicationProcessor (UnhealthyReplicationProcessor.java:processAll(113)) - Processed 0 containers with health state counts {},failed processing 0
2023-02-28 20:10:40,608 [Over Replicated Processor] INFO  replication.UnhealthyReplicationProcessor (UnhealthyReplicationProcessor.java:processAll(113)) - Processed 0 containers with health state counts {},failed processing 0
2023-02-28 20:10:41,503 [JvmPauseMonitor12] WARN  util.JvmPauseMonitor (JvmPauseMonitor.java:detectPause(126)) - JvmPauseMonitor-omNode-1: Detected pause in JVM or host machine (eg GC): pause of approximately 134564115ns.
GC pool 'PS MarkSweep' had collection(s): count=1 time=278ms
GC pool 'PS Scavenge' had collection(s): count=1 time=63ms
2023-02-28 20:10:41,503 [JvmPauseMonitor16] WARN  util.JvmPauseMonitor (JvmPauseMonitor.java:detectPause(126)) - JvmPauseMonitor-3f3cc37b-1bfe-4d0c-a49a-ec76f450a0b5: Detected pause in JVM or host machine (eg GC): pause of approximately 130606950ns.
GC pool 'PS MarkSweep' had collection(s): count=1 time=278ms
GC pool 'PS Scavenge' had collection(s): count=1 time=63ms
2023-02-28 20:10:41,503 [JvmPauseMonitor17] WARN  util.JvmPauseMonitor (JvmPauseMonitor.java:detectPause(126)) - JvmPauseMonitor-eae64dd3-82ca-4abe-8982-cc6124070574: Detected pause in JVM or host machine (eg GC): pause of approximately 287780230ns.
GC pool 'PS MarkSweep' had collection(s): count=1 time=278ms
GC pool 'PS Scavenge' had collection(s): count=1 time=63ms
2023-02-28 20:10:41,503 [omNode-2@group-523986131536-FollowerState] WARN  impl.FollowerState (FollowerState.java:run(130)) - Unexpected long sleep: sleep 1085ms but took extra 336860037ns (> threshold = 300ms)
2023-02-28 20:10:41,534 [IPC Server handler 4 on default port 38823] WARN  server.ServerUtils (ServerUtils.java:getDBPath(225)) - ozone.om.db.dirs is not configured. We recommend adding this setting. Falling back to ozone.metadata.dirs instead.
2023-02-28 20:10:41,535 [IPC Server handler 4 on default port 38823] INFO  codec.OmKeyInfoCodec (OmKeyInfoCodec.java:<init>(49)) - OmKeyInfoCodec ignorePipeline = true
2023-02-28 20:10:41,535 [IPC Server handler 4 on default port 38823] INFO  codec.RepeatedOmKeyInfoCodec (RepeatedOmKeyInfoCodec.java:<init>(41)) - RepeatedOmKeyInfoCodec ignorePipeline = true
2023-02-28 20:10:41,579 [OM StateMachine ApplyTransaction Thread - 0] INFO  snapshot.OMSnapshotCreateRequest (OMSnapshotCreateRequest.java:validateAndUpdateCache(180)) - Created snapshot '4c19d9da-f7f9-4a08-a70a-42909689f4be' under path 'vol-b-93092/buc-b-12161'
2023-02-28 20:10:41,581 [OM StateMachine ApplyTransaction Thread - 0] INFO  snapshot.OMSnapshotCreateRequest (OMSnapshotCreateRequest.java:validateAndUpdateCache(180)) - Created snapshot '4c19d9da-f7f9-4a08-a70a-42909689f4be' under path 'vol-b-93092/buc-b-12161'
2023-02-28 20:10:41,581 [OM StateMachine ApplyTransaction Thread - 0] INFO  snapshot.OMSnapshotCreateRequest (OMSnapshotCreateRequest.java:validateAndUpdateCache(180)) - Created snapshot '4c19d9da-f7f9-4a08-a70a-42909689f4be' under path 'vol-b-93092/buc-b-12161'
2023-02-28 20:10:41,600 [OMDoubleBufferFlushThread] INFO  db.RDBCheckpointManager (RDBCheckpointManager.java:createCheckpoint(96)) - Created checkpoint in rocksDB at /home/runner/work/ozone/ozone/hadoop-ozone/integration-test/target/test-dir/MiniOzoneClusterImpl-9e11fa7e-4972-4825-87e7-ebdcd03a38ce/omNode-1/db.snapshots/om.db-c7a8e3a7-070d-4d7a-b90f-c5a6e55b1724 in 20 milliseconds
2023-02-28 20:10:41,602 [OMDoubleBufferFlushThread] INFO  db.RDBCheckpointManager (RDBCheckpointManager.java:waitForCheckpointDirectoryExist(125)) - Waited for 1 milliseconds for checkpoint directory /home/runner/work/ozone/ozone/hadoop-ozone/integration-test/target/test-dir/MiniOzoneClusterImpl-9e11fa7e-4972-4825-87e7-ebdcd03a38ce/omNode-1/db.snapshots/om.db-c7a8e3a7-070d-4d7a-b90f-c5a6e55b1724 availability.
2023-02-28 20:10:41,602 [OMDoubleBufferFlushThread] INFO  om.OmSnapshotManager (OmSnapshotManager.java:createOmSnapshotCheckpoint(163)) - Created checkpoint : /home/runner/work/ozone/ozone/hadoop-ozone/integration-test/target/test-dir/MiniOzoneClusterImpl-9e11fa7e-4972-4825-87e7-ebdcd03a38ce/omNode-1/db.snapshots/om.db-c7a8e3a7-070d-4d7a-b90f-c5a6e55b1724 for snapshot 4c19d9da-f7f9-4a08-a70a-42909689f4be
2023-02-28 20:10:41,603 [OMDoubleBufferFlushThread] INFO  db.RDBCheckpointManager (RDBCheckpointManager.java:createCheckpoint(96)) - Created checkpoint in rocksDB at /home/runner/work/ozone/ozone/hadoop-ozone/integration-test/target/test-dir/MiniOzoneClusterImpl-9e11fa7e-4972-4825-87e7-ebdcd03a38ce/omNode-2/db.snapshots/om.db-c7a8e3a7-070d-4d7a-b90f-c5a6e55b1724 in 21 milliseconds
2023-02-28 20:10:41,604 [OMDoubleBufferFlushThread] INFO  db.RDBCheckpointManager (RDBCheckpointManager.java:waitForCheckpointDirectoryExist(125)) - Waited for 1 milliseconds for checkpoint directory /home/runner/work/ozone/ozone/hadoop-ozone/integration-test/target/test-dir/MiniOzoneClusterImpl-9e11fa7e-4972-4825-87e7-ebdcd03a38ce/omNode-2/db.snapshots/om.db-c7a8e3a7-070d-4d7a-b90f-c5a6e55b1724 availability.
2023-02-28 20:10:41,604 [OMDoubleBufferFlushThread] INFO  om.OmSnapshotManager (OmSnapshotManager.java:createOmSnapshotCheckpoint(163)) - Created checkpoint : /home/runner/work/ozone/ozone/hadoop-ozone/integration-test/target/test-dir/MiniOzoneClusterImpl-9e11fa7e-4972-4825-87e7-ebdcd03a38ce/omNode-2/db.snapshots/om.db-c7a8e3a7-070d-4d7a-b90f-c5a6e55b1724 for snapshot 4c19d9da-f7f9-4a08-a70a-42909689f4be
2023-02-28 20:10:41,605 [OMDoubleBufferFlushThread] INFO  db.RDBCheckpointManager (RDBCheckpointManager.java:createCheckpoint(96)) - Created checkpoint in rocksDB at /home/runner/work/ozone/ozone/hadoop-ozone/integration-test/target/test-dir/MiniOzoneClusterImpl-9e11fa7e-4972-4825-87e7-ebdcd03a38ce/omNode-3/db.snapshots/om.db-c7a8e3a7-070d-4d7a-b90f-c5a6e55b1724 in 23 milliseconds
2023-02-28 20:10:41,606 [OMDoubleBufferFlushThread] INFO  db.RDBCheckpointManager (RDBCheckpointManager.java:waitForCheckpointDirectoryExist(125)) - Waited for 1 milliseconds for checkpoint directory /home/runner/work/ozone/ozone/hadoop-ozone/integration-test/target/test-dir/MiniOzoneClusterImpl-9e11fa7e-4972-4825-87e7-ebdcd03a38ce/omNode-3/db.snapshots/om.db-c7a8e3a7-070d-4d7a-b90f-c5a6e55b1724 availability.
2023-02-28 20:10:41,606 [OMDoubleBufferFlushThread] INFO  om.OmSnapshotManager (OmSnapshotManager.java:createOmSnapshotCheckpoint(163)) - Created checkpoint : /home/runner/work/ozone/ozone/hadoop-ozone/integration-test/target/test-dir/MiniOzoneClusterImpl-9e11fa7e-4972-4825-87e7-ebdcd03a38ce/omNode-3/db.snapshots/om.db-c7a8e3a7-070d-4d7a-b90f-c5a6e55b1724 for snapshot 4c19d9da-f7f9-4a08-a70a-42909689f4be
2023-02-28 20:10:42,649 [IPC Server handler 9 on default port 38823] WARN  server.ServerUtils (ServerUtils.java:getDBPath(225)) - ozone.om.db.dirs is not configured. We recommend adding this setting. Falling back to ozone.metadata.dirs instead.
2023-02-28 20:10:42,650 [IPC Server handler 9 on default port 38823] INFO  codec.OmKeyInfoCodec (OmKeyInfoCodec.java:<init>(49)) - OmKeyInfoCodec ignorePipeline = true
2023-02-28 20:10:42,650 [IPC Server handler 9 on default port 38823] INFO  codec.RepeatedOmKeyInfoCodec (RepeatedOmKeyInfoCodec.java:<init>(41)) - RepeatedOmKeyInfoCodec ignorePipeline = true
2023-02-28 20:10:42,691 [OM StateMachine ApplyTransaction Thread - 0] INFO  snapshot.OMSnapshotCreateRequest (OMSnapshotCreateRequest.java:validateAndUpdateCache(180)) - Created snapshot '9331dd54-ab55-4003-bc79-b8caed6f776f' under path 'vol-a-92794/buc-a-57441'
2023-02-28 20:10:42,691 [OM StateMachine ApplyTransaction Thread - 0] INFO  snapshot.OMSnapshotCreateRequest (OMSnapshotCreateRequest.java:validateAndUpdateCache(180)) - Created snapshot '9331dd54-ab55-4003-bc79-b8caed6f776f' under path 'vol-a-92794/buc-a-57441'
2023-02-28 20:10:42,692 [OM StateMachine ApplyTransaction Thread - 0] INFO  snapshot.OMSnapshotCreateRequest (OMSnapshotCreateRequest.java:validateAndUpdateCache(180)) - Created snapshot '9331dd54-ab55-4003-bc79-b8caed6f776f' under path 'vol-a-92794/buc-a-57441'
2023-02-28 20:10:42,713 [OMDoubleBufferFlushThread] INFO  db.RDBCheckpointManager (RDBCheckpointManager.java:createCheckpoint(96)) - Created checkpoint in rocksDB at /home/runner/work/ozone/ozone/hadoop-ozone/integration-test/target/test-dir/MiniOzoneClusterImpl-9e11fa7e-4972-4825-87e7-ebdcd03a38ce/omNode-1/db.snapshots/om.db-66832563-be68-4861-9986-6d7853ba266e in 20 milliseconds
2023-02-28 20:10:42,714 [OMDoubleBufferFlushThread] INFO  db.RDBCheckpointManager (RDBCheckpointManager.java:waitForCheckpointDirectoryExist(125)) - Waited for 1 milliseconds for checkpoint directory /home/runner/work/ozone/ozone/hadoop-ozone/integration-test/target/test-dir/MiniOzoneClusterImpl-9e11fa7e-4972-4825-87e7-ebdcd03a38ce/omNode-1/db.snapshots/om.db-66832563-be68-4861-9986-6d7853ba266e availability.
2023-02-28 20:10:42,715 [OMDoubleBufferFlushThread] INFO  om.OmSnapshotManager (OmSnapshotManager.java:createOmSnapshotCheckpoint(163)) - Created checkpoint : /home/runner/work/ozone/ozone/hadoop-ozone/integration-test/target/test-dir/MiniOzoneClusterImpl-9e11fa7e-4972-4825-87e7-ebdcd03a38ce/omNode-1/db.snapshots/om.db-66832563-be68-4861-9986-6d7853ba266e for snapshot 9331dd54-ab55-4003-bc79-b8caed6f776f
2023-02-28 20:10:42,716 [OMDoubleBufferFlushThread] INFO  db.RDBCheckpointManager (RDBCheckpointManager.java:createCheckpoint(96)) - Created checkpoint in rocksDB at /home/runner/work/ozone/ozone/hadoop-ozone/integration-test/target/test-dir/MiniOzoneClusterImpl-9e11fa7e-4972-4825-87e7-ebdcd03a38ce/omNode-2/db.snapshots/om.db-66832563-be68-4861-9986-6d7853ba266e in 24 milliseconds
2023-02-28 20:10:42,716 [OMDoubleBufferFlushThread] INFO  db.RDBCheckpointManager (RDBCheckpointManager.java:waitForCheckpointDirectoryExist(125)) - Waited for 0 milliseconds for checkpoint directory /home/runner/work/ozone/ozone/hadoop-ozone/integration-test/target/test-dir/MiniOzoneClusterImpl-9e11fa7e-4972-4825-87e7-ebdcd03a38ce/omNode-2/db.snapshots/om.db-66832563-be68-4861-9986-6d7853ba266e availability.
2023-02-28 20:10:42,716 [OMDoubleBufferFlushThread] INFO  om.OmSnapshotManager (OmSnapshotManager.java:createOmSnapshotCheckpoint(163)) - Created checkpoint : /home/runner/work/ozone/ozone/hadoop-ozone/integration-test/target/test-dir/MiniOzoneClusterImpl-9e11fa7e-4972-4825-87e7-ebdcd03a38ce/omNode-2/db.snapshots/om.db-66832563-be68-4861-9986-6d7853ba266e for snapshot 9331dd54-ab55-4003-bc79-b8caed6f776f
2023-02-28 20:10:42,718 [OMDoubleBufferFlushThread] INFO  db.RDBCheckpointManager (RDBCheckpointManager.java:createCheckpoint(96)) - Created checkpoint in rocksDB at /home/runner/work/ozone/ozone/hadoop-ozone/integration-test/target/test-dir/MiniOzoneClusterImpl-9e11fa7e-4972-4825-87e7-ebdcd03a38ce/omNode-3/db.snapshots/om.db-66832563-be68-4861-9986-6d7853ba266e in 25 milliseconds
2023-02-28 20:10:42,719 [OMDoubleBufferFlushThread] INFO  db.RDBCheckpointManager (RDBCheckpointManager.java:waitForCheckpointDirectoryExist(125)) - Waited for 1 milliseconds for checkpoint directory /home/runner/work/ozone/ozone/hadoop-ozone/integration-test/target/test-dir/MiniOzoneClusterImpl-9e11fa7e-4972-4825-87e7-ebdcd03a38ce/omNode-3/db.snapshots/om.db-66832563-be68-4861-9986-6d7853ba266e availability.
2023-02-28 20:10:42,719 [OMDoubleBufferFlushThread] INFO  om.OmSnapshotManager (OmSnapshotManager.java:createOmSnapshotCheckpoint(163)) - Created checkpoint : /home/runner/work/ozone/ozone/hadoop-ozone/integration-test/target/test-dir/MiniOzoneClusterImpl-9e11fa7e-4972-4825-87e7-ebdcd03a38ce/omNode-3/db.snapshots/om.db-66832563-be68-4861-9986-6d7853ba266e for snapshot 9331dd54-ab55-4003-bc79-b8caed6f776f
2023-02-28 20:10:43,760 [IPC Server handler 13 on default port 38823] WARN  server.ServerUtils (ServerUtils.java:getDBPath(225)) - ozone.om.db.dirs is not configured. We recommend adding this setting. Falling back to ozone.metadata.dirs instead.
2023-02-28 20:10:43,760 [IPC Server handler 13 on default port 38823] INFO  codec.OmKeyInfoCodec (OmKeyInfoCodec.java:<init>(49)) - OmKeyInfoCodec ignorePipeline = true
2023-02-28 20:10:43,761 [IPC Server handler 13 on default port 38823] INFO  codec.RepeatedOmKeyInfoCodec (RepeatedOmKeyInfoCodec.java:<init>(41)) - RepeatedOmKeyInfoCodec ignorePipeline = true
]]></system-out>
  </testcase>
  <testcase name="testBucketDeleteIfSnapshotExists" classname="TestOmSnapshot" time="1.123">
    <system-out><![CDATA[2023-02-28 20:08:53,159 [Time-limited test] INFO  rpc.RpcClient (RpcClient.java:createVolume(476)) - Creating Volume: vol-48824, with runner as owner and space quota set to -1 bytes, counts quota set to -1
2023-02-28 20:08:53,163 [OM StateMachine ApplyTransaction Thread - 0] INFO  volume.OMVolumeCreateRequest (OMVolumeCreateRequest.java:validateAndUpdateCache(195)) - created volume:vol-48824 for user:runner
2023-02-28 20:08:53,164 [OM StateMachine ApplyTransaction Thread - 0] INFO  volume.OMVolumeCreateRequest (OMVolumeCreateRequest.java:validateAndUpdateCache(195)) - created volume:vol-48824 for user:runner
2023-02-28 20:08:53,165 [OM StateMachine ApplyTransaction Thread - 0] INFO  volume.OMVolumeCreateRequest (OMVolumeCreateRequest.java:validateAndUpdateCache(195)) - created volume:vol-48824 for user:runner
2023-02-28 20:08:53,167 [Time-limited test] INFO  rpc.RpcClient (RpcClient.java:createBucket(698)) - Creating Bucket: vol-48824/buc-69956, with server-side default bucket layout, runner as owner, Versioning false, Storage Type set to DISK and Encryption set to false, Replication Type set to server-side default replication type, Namespace Quota set to -1, Space Quota set to -1 
2023-02-28 20:08:53,169 [OM StateMachine ApplyTransaction Thread - 0] INFO  bucket.OMBucketCreateRequest (OMBucketCreateRequest.java:validateAndUpdateCache(263)) - created bucket: buc-69956 of layout OBJECT_STORE in volume: vol-48824
2023-02-28 20:08:53,170 [OM StateMachine ApplyTransaction Thread - 0] INFO  bucket.OMBucketCreateRequest (OMBucketCreateRequest.java:validateAndUpdateCache(263)) - created bucket: buc-69956 of layout OBJECT_STORE in volume: vol-48824
2023-02-28 20:08:53,171 [OM StateMachine ApplyTransaction Thread - 0] INFO  bucket.OMBucketCreateRequest (OMBucketCreateRequest.java:validateAndUpdateCache(263)) - created bucket: buc-69956 of layout OBJECT_STORE in volume: vol-48824
2023-02-28 20:08:53,172 [Time-limited test] INFO  rpc.RpcClient (RpcClient.java:createBucket(698)) - Creating Bucket: vol-48824/buc-75984, with server-side default bucket layout, runner as owner, Versioning false, Storage Type set to DISK and Encryption set to false, Replication Type set to server-side default replication type, Namespace Quota set to -1, Space Quota set to -1 
2023-02-28 20:08:53,174 [OM StateMachine ApplyTransaction Thread - 0] INFO  bucket.OMBucketCreateRequest (OMBucketCreateRequest.java:validateAndUpdateCache(263)) - created bucket: buc-75984 of layout OBJECT_STORE in volume: vol-48824
2023-02-28 20:08:53,175 [OM StateMachine ApplyTransaction Thread - 0] INFO  bucket.OMBucketCreateRequest (OMBucketCreateRequest.java:validateAndUpdateCache(263)) - created bucket: buc-75984 of layout OBJECT_STORE in volume: vol-48824
2023-02-28 20:08:53,176 [OM StateMachine ApplyTransaction Thread - 0] INFO  bucket.OMBucketCreateRequest (OMBucketCreateRequest.java:validateAndUpdateCache(263)) - created bucket: buc-75984 of layout OBJECT_STORE in volume: vol-48824
2023-02-28 20:08:53,229 [OM StateMachine ApplyTransaction Thread - 0] INFO  snapshot.OMSnapshotCreateRequest (OMSnapshotCreateRequest.java:validateAndUpdateCache(180)) - Created snapshot '83ecc9bf-98e9-479c-a016-2d14253f9bc0' under path 'vol-48824/buc-69956'
2023-02-28 20:08:53,229 [OM StateMachine ApplyTransaction Thread - 0] INFO  snapshot.OMSnapshotCreateRequest (OMSnapshotCreateRequest.java:validateAndUpdateCache(180)) - Created snapshot '83ecc9bf-98e9-479c-a016-2d14253f9bc0' under path 'vol-48824/buc-69956'
2023-02-28 20:08:53,232 [OM StateMachine ApplyTransaction Thread - 0] INFO  snapshot.OMSnapshotCreateRequest (OMSnapshotCreateRequest.java:validateAndUpdateCache(180)) - Created snapshot '83ecc9bf-98e9-479c-a016-2d14253f9bc0' under path 'vol-48824/buc-69956'
2023-02-28 20:08:53,262 [OMDoubleBufferFlushThread] INFO  db.RDBCheckpointManager (RDBCheckpointManager.java:createCheckpoint(96)) - Created checkpoint in rocksDB at /home/runner/work/ozone/ozone/hadoop-ozone/integration-test/target/test-dir/MiniOzoneClusterImpl-e7d671b1-06ed-40aa-a52b-2678dd5bab1b/omNode-2/db.snapshots/om.db-f1d6e92f-1789-4595-a8cd-897eeb708c8c in 29 milliseconds
2023-02-28 20:08:53,263 [OMDoubleBufferFlushThread] INFO  db.RDBCheckpointManager (RDBCheckpointManager.java:waitForCheckpointDirectoryExist(125)) - Waited for 1 milliseconds for checkpoint directory /home/runner/work/ozone/ozone/hadoop-ozone/integration-test/target/test-dir/MiniOzoneClusterImpl-e7d671b1-06ed-40aa-a52b-2678dd5bab1b/omNode-2/db.snapshots/om.db-f1d6e92f-1789-4595-a8cd-897eeb708c8c availability.
2023-02-28 20:08:53,263 [OMDoubleBufferFlushThread] INFO  om.OmSnapshotManager (OmSnapshotManager.java:createOmSnapshotCheckpoint(163)) - Created checkpoint : /home/runner/work/ozone/ozone/hadoop-ozone/integration-test/target/test-dir/MiniOzoneClusterImpl-e7d671b1-06ed-40aa-a52b-2678dd5bab1b/omNode-2/db.snapshots/om.db-f1d6e92f-1789-4595-a8cd-897eeb708c8c for snapshot 83ecc9bf-98e9-479c-a016-2d14253f9bc0
2023-02-28 20:08:53,271 [OMDoubleBufferFlushThread] INFO  db.RDBCheckpointManager (RDBCheckpointManager.java:createCheckpoint(96)) - Created checkpoint in rocksDB at /home/runner/work/ozone/ozone/hadoop-ozone/integration-test/target/test-dir/MiniOzoneClusterImpl-e7d671b1-06ed-40aa-a52b-2678dd5bab1b/omNode-1/db.snapshots/om.db-f1d6e92f-1789-4595-a8cd-897eeb708c8c in 41 milliseconds
2023-02-28 20:08:53,272 [OMDoubleBufferFlushThread] INFO  db.RDBCheckpointManager (RDBCheckpointManager.java:createCheckpoint(96)) - Created checkpoint in rocksDB at /home/runner/work/ozone/ozone/hadoop-ozone/integration-test/target/test-dir/MiniOzoneClusterImpl-e7d671b1-06ed-40aa-a52b-2678dd5bab1b/omNode-3/db.snapshots/om.db-f1d6e92f-1789-4595-a8cd-897eeb708c8c in 42 milliseconds
2023-02-28 20:08:53,274 [OMDoubleBufferFlushThread] INFO  db.RDBCheckpointManager (RDBCheckpointManager.java:waitForCheckpointDirectoryExist(125)) - Waited for 2 milliseconds for checkpoint directory /home/runner/work/ozone/ozone/hadoop-ozone/integration-test/target/test-dir/MiniOzoneClusterImpl-e7d671b1-06ed-40aa-a52b-2678dd5bab1b/omNode-3/db.snapshots/om.db-f1d6e92f-1789-4595-a8cd-897eeb708c8c availability.
2023-02-28 20:08:53,274 [OMDoubleBufferFlushThread] INFO  om.OmSnapshotManager (OmSnapshotManager.java:createOmSnapshotCheckpoint(163)) - Created checkpoint : /home/runner/work/ozone/ozone/hadoop-ozone/integration-test/target/test-dir/MiniOzoneClusterImpl-e7d671b1-06ed-40aa-a52b-2678dd5bab1b/omNode-3/db.snapshots/om.db-f1d6e92f-1789-4595-a8cd-897eeb708c8c for snapshot 83ecc9bf-98e9-479c-a016-2d14253f9bc0
2023-02-28 20:08:53,274 [OMDoubleBufferFlushThread] INFO  db.RDBCheckpointManager (RDBCheckpointManager.java:waitForCheckpointDirectoryExist(125)) - Waited for 3 milliseconds for checkpoint directory /home/runner/work/ozone/ozone/hadoop-ozone/integration-test/target/test-dir/MiniOzoneClusterImpl-e7d671b1-06ed-40aa-a52b-2678dd5bab1b/omNode-1/db.snapshots/om.db-f1d6e92f-1789-4595-a8cd-897eeb708c8c availability.
2023-02-28 20:08:53,274 [OMDoubleBufferFlushThread] INFO  om.OmSnapshotManager (OmSnapshotManager.java:createOmSnapshotCheckpoint(163)) - Created checkpoint : /home/runner/work/ozone/ozone/hadoop-ozone/integration-test/target/test-dir/MiniOzoneClusterImpl-e7d671b1-06ed-40aa-a52b-2678dd5bab1b/omNode-1/db.snapshots/om.db-f1d6e92f-1789-4595-a8cd-897eeb708c8c for snapshot 83ecc9bf-98e9-479c-a016-2d14253f9bc0
20:08:54.264 [OM StateMachine ApplyTransaction Thread - 0] ERROR OMAudit - user=runner | ip=127.0.0.1 | op=DELETE_BUCKET {volume=vol-48824, bucket=buc-69956} | ret=FAILURE
org.apache.hadoop.ozone.om.exceptions.OMException: Bucket buc-69956 can't be deleted when it has snapshots
	at org.apache.hadoop.ozone.om.request.bucket.OMBucketDeleteRequest.validateAndUpdateCache(OMBucketDeleteRequest.java:151) ~[ozone-manager-1.4.0-SNAPSHOT.jar:?]
	at org.apache.hadoop.ozone.protocolPB.OzoneManagerRequestHandler.handleWriteRequest(OzoneManagerRequestHandler.java:337) ~[ozone-manager-1.4.0-SNAPSHOT.jar:?]
	at org.apache.hadoop.ozone.om.ratis.OzoneManagerStateMachine.runCommand(OzoneManagerStateMachine.java:533) ~[ozone-manager-1.4.0-SNAPSHOT.jar:?]
	at org.apache.hadoop.ozone.om.ratis.OzoneManagerStateMachine.lambda$1(OzoneManagerStateMachine.java:324) ~[ozone-manager-1.4.0-SNAPSHOT.jar:?]
	at java.util.concurrent.CompletableFuture$AsyncSupply.run(CompletableFuture.java:1604) [?:1.8.0_362]
	at java.util.concurrent.ThreadPoolExecutor.runWorker(ThreadPoolExecutor.java:1149) [?:1.8.0_362]
	at java.util.concurrent.ThreadPoolExecutor$Worker.run(ThreadPoolExecutor.java:624) [?:1.8.0_362]
	at java.lang.Thread.run(Thread.java:750) [?:1.8.0_362]
20:08:54.265 [OM StateMachine ApplyTransaction Thread - 0] ERROR OMAudit - user=runner | ip=127.0.0.1 | op=DELETE_BUCKET {volume=vol-48824, bucket=buc-69956} | ret=FAILURE
org.apache.hadoop.ozone.om.exceptions.OMException: Bucket buc-69956 can't be deleted when it has snapshots
	at org.apache.hadoop.ozone.om.request.bucket.OMBucketDeleteRequest.validateAndUpdateCache(OMBucketDeleteRequest.java:151) ~[ozone-manager-1.4.0-SNAPSHOT.jar:?]
	at org.apache.hadoop.ozone.protocolPB.OzoneManagerRequestHandler.handleWriteRequest(OzoneManagerRequestHandler.java:337) ~[ozone-manager-1.4.0-SNAPSHOT.jar:?]
	at org.apache.hadoop.ozone.om.ratis.OzoneManagerStateMachine.runCommand(OzoneManagerStateMachine.java:533) ~[ozone-manager-1.4.0-SNAPSHOT.jar:?]
	at org.apache.hadoop.ozone.om.ratis.OzoneManagerStateMachine.lambda$1(OzoneManagerStateMachine.java:324) ~[ozone-manager-1.4.0-SNAPSHOT.jar:?]
	at java.util.concurrent.CompletableFuture$AsyncSupply.run(CompletableFuture.java:1604) [?:1.8.0_362]
	at java.util.concurrent.ThreadPoolExecutor.runWorker(ThreadPoolExecutor.java:1149) [?:1.8.0_362]
	at java.util.concurrent.ThreadPoolExecutor$Worker.run(ThreadPoolExecutor.java:624) [?:1.8.0_362]
	at java.lang.Thread.run(Thread.java:750) [?:1.8.0_362]
2023-02-28 20:08:54,265 [OM StateMachine ApplyTransaction Thread - 0] ERROR bucket.OMBucketDeleteRequest (OMBucketDeleteRequest.java:validateAndUpdateCache(213)) - Delete bucket failed for bucket:buc-69956 in volume:vol-48824
CONTAINS_SNAPSHOT org.apache.hadoop.ozone.om.exceptions.OMException: Bucket buc-69956 can't be deleted when it has snapshots
	at org.apache.hadoop.ozone.om.request.bucket.OMBucketDeleteRequest.validateAndUpdateCache(OMBucketDeleteRequest.java:151)
	at org.apache.hadoop.ozone.protocolPB.OzoneManagerRequestHandler.handleWriteRequest(OzoneManagerRequestHandler.java:337)
	at org.apache.hadoop.ozone.om.ratis.OzoneManagerStateMachine.runCommand(OzoneManagerStateMachine.java:533)
	at org.apache.hadoop.ozone.om.ratis.OzoneManagerStateMachine.lambda$1(OzoneManagerStateMachine.java:324)
	at java.util.concurrent.CompletableFuture$AsyncSupply.run(CompletableFuture.java:1604)
	at java.util.concurrent.ThreadPoolExecutor.runWorker(ThreadPoolExecutor.java:1149)
	at java.util.concurrent.ThreadPoolExecutor$Worker.run(ThreadPoolExecutor.java:624)
	at java.lang.Thread.run(Thread.java:750)
2023-02-28 20:08:54,265 [OM StateMachine ApplyTransaction Thread - 0] ERROR bucket.OMBucketDeleteRequest (OMBucketDeleteRequest.java:validateAndUpdateCache(213)) - Delete bucket failed for bucket:buc-69956 in volume:vol-48824
CONTAINS_SNAPSHOT org.apache.hadoop.ozone.om.exceptions.OMException: Bucket buc-69956 can't be deleted when it has snapshots
	at org.apache.hadoop.ozone.om.request.bucket.OMBucketDeleteRequest.validateAndUpdateCache(OMBucketDeleteRequest.java:151)
	at org.apache.hadoop.ozone.protocolPB.OzoneManagerRequestHandler.handleWriteRequest(OzoneManagerRequestHandler.java:337)
	at org.apache.hadoop.ozone.om.ratis.OzoneManagerStateMachine.runCommand(OzoneManagerStateMachine.java:533)
	at org.apache.hadoop.ozone.om.ratis.OzoneManagerStateMachine.lambda$1(OzoneManagerStateMachine.java:324)
	at java.util.concurrent.CompletableFuture$AsyncSupply.run(CompletableFuture.java:1604)
	at java.util.concurrent.ThreadPoolExecutor.runWorker(ThreadPoolExecutor.java:1149)
	at java.util.concurrent.ThreadPoolExecutor$Worker.run(ThreadPoolExecutor.java:624)
	at java.lang.Thread.run(Thread.java:750)
20:08:54.269 [OM StateMachine ApplyTransaction Thread - 0] ERROR OMAudit - user=runner | ip=127.0.0.1 | op=DELETE_BUCKET {volume=vol-48824, bucket=buc-69956} | ret=FAILURE
org.apache.hadoop.ozone.om.exceptions.OMException: Bucket buc-69956 can't be deleted when it has snapshots
	at org.apache.hadoop.ozone.om.request.bucket.OMBucketDeleteRequest.validateAndUpdateCache(OMBucketDeleteRequest.java:151) ~[ozone-manager-1.4.0-SNAPSHOT.jar:?]
	at org.apache.hadoop.ozone.protocolPB.OzoneManagerRequestHandler.handleWriteRequest(OzoneManagerRequestHandler.java:337) ~[ozone-manager-1.4.0-SNAPSHOT.jar:?]
	at org.apache.hadoop.ozone.om.ratis.OzoneManagerStateMachine.runCommand(OzoneManagerStateMachine.java:533) ~[ozone-manager-1.4.0-SNAPSHOT.jar:?]
	at org.apache.hadoop.ozone.om.ratis.OzoneManagerStateMachine.lambda$1(OzoneManagerStateMachine.java:324) ~[ozone-manager-1.4.0-SNAPSHOT.jar:?]
	at java.util.concurrent.CompletableFuture$AsyncSupply.run(CompletableFuture.java:1604) [?:1.8.0_362]
	at java.util.concurrent.ThreadPoolExecutor.runWorker(ThreadPoolExecutor.java:1149) [?:1.8.0_362]
	at java.util.concurrent.ThreadPoolExecutor$Worker.run(ThreadPoolExecutor.java:624) [?:1.8.0_362]
	at java.lang.Thread.run(Thread.java:750) [?:1.8.0_362]
2023-02-28 20:08:54,269 [OM StateMachine ApplyTransaction Thread - 0] ERROR bucket.OMBucketDeleteRequest (OMBucketDeleteRequest.java:validateAndUpdateCache(213)) - Delete bucket failed for bucket:buc-69956 in volume:vol-48824
CONTAINS_SNAPSHOT org.apache.hadoop.ozone.om.exceptions.OMException: Bucket buc-69956 can't be deleted when it has snapshots
	at org.apache.hadoop.ozone.om.request.bucket.OMBucketDeleteRequest.validateAndUpdateCache(OMBucketDeleteRequest.java:151)
	at org.apache.hadoop.ozone.protocolPB.OzoneManagerRequestHandler.handleWriteRequest(OzoneManagerRequestHandler.java:337)
	at org.apache.hadoop.ozone.om.ratis.OzoneManagerStateMachine.runCommand(OzoneManagerStateMachine.java:533)
	at org.apache.hadoop.ozone.om.ratis.OzoneManagerStateMachine.lambda$1(OzoneManagerStateMachine.java:324)
	at java.util.concurrent.CompletableFuture$AsyncSupply.run(CompletableFuture.java:1604)
	at java.util.concurrent.ThreadPoolExecutor.runWorker(ThreadPoolExecutor.java:1149)
	at java.util.concurrent.ThreadPoolExecutor$Worker.run(ThreadPoolExecutor.java:624)
	at java.lang.Thread.run(Thread.java:750)
]]></system-out>
  </testcase>
  <testcase name="testBucketDeleteIfSnapshotExists" classname="TestOmSnapshot" time="1.097">
    <system-out><![CDATA[2023-02-28 20:09:47,675 [Time-limited test] INFO  rpc.RpcClient (RpcClient.java:createVolume(476)) - Creating Volume: vol-91476, with runner as owner and space quota set to -1 bytes, counts quota set to -1
2023-02-28 20:09:47,678 [OM StateMachine ApplyTransaction Thread - 0] INFO  volume.OMVolumeCreateRequest (OMVolumeCreateRequest.java:validateAndUpdateCache(195)) - created volume:vol-91476 for user:runner
2023-02-28 20:09:47,680 [OM StateMachine ApplyTransaction Thread - 0] INFO  volume.OMVolumeCreateRequest (OMVolumeCreateRequest.java:validateAndUpdateCache(195)) - created volume:vol-91476 for user:runner
2023-02-28 20:09:47,681 [OM StateMachine ApplyTransaction Thread - 0] INFO  volume.OMVolumeCreateRequest (OMVolumeCreateRequest.java:validateAndUpdateCache(195)) - created volume:vol-91476 for user:runner
2023-02-28 20:09:47,682 [Time-limited test] INFO  rpc.RpcClient (RpcClient.java:createBucket(698)) - Creating Bucket: vol-91476/buc-26633, with server-side default bucket layout, runner as owner, Versioning false, Storage Type set to DISK and Encryption set to false, Replication Type set to server-side default replication type, Namespace Quota set to -1, Space Quota set to -1 
2023-02-28 20:09:47,684 [OM StateMachine ApplyTransaction Thread - 0] INFO  bucket.OMBucketCreateRequest (OMBucketCreateRequest.java:validateAndUpdateCache(263)) - created bucket: buc-26633 of layout FILE_SYSTEM_OPTIMIZED in volume: vol-91476
2023-02-28 20:09:47,687 [OM StateMachine ApplyTransaction Thread - 0] INFO  bucket.OMBucketCreateRequest (OMBucketCreateRequest.java:validateAndUpdateCache(263)) - created bucket: buc-26633 of layout FILE_SYSTEM_OPTIMIZED in volume: vol-91476
2023-02-28 20:09:47,687 [OM StateMachine ApplyTransaction Thread - 0] INFO  bucket.OMBucketCreateRequest (OMBucketCreateRequest.java:validateAndUpdateCache(263)) - created bucket: buc-26633 of layout FILE_SYSTEM_OPTIMIZED in volume: vol-91476
2023-02-28 20:09:47,688 [Time-limited test] INFO  rpc.RpcClient (RpcClient.java:createBucket(698)) - Creating Bucket: vol-91476/buc-24218, with server-side default bucket layout, runner as owner, Versioning false, Storage Type set to DISK and Encryption set to false, Replication Type set to server-side default replication type, Namespace Quota set to -1, Space Quota set to -1 
2023-02-28 20:09:47,691 [OM StateMachine ApplyTransaction Thread - 0] INFO  bucket.OMBucketCreateRequest (OMBucketCreateRequest.java:validateAndUpdateCache(263)) - created bucket: buc-24218 of layout FILE_SYSTEM_OPTIMIZED in volume: vol-91476
2023-02-28 20:09:47,692 [OM StateMachine ApplyTransaction Thread - 0] INFO  bucket.OMBucketCreateRequest (OMBucketCreateRequest.java:validateAndUpdateCache(263)) - created bucket: buc-24218 of layout FILE_SYSTEM_OPTIMIZED in volume: vol-91476
2023-02-28 20:09:47,693 [OM StateMachine ApplyTransaction Thread - 0] INFO  bucket.OMBucketCreateRequest (OMBucketCreateRequest.java:validateAndUpdateCache(263)) - created bucket: buc-24218 of layout FILE_SYSTEM_OPTIMIZED in volume: vol-91476
2023-02-28 20:09:47,743 [OM StateMachine ApplyTransaction Thread - 0] INFO  snapshot.OMSnapshotCreateRequest (OMSnapshotCreateRequest.java:validateAndUpdateCache(180)) - Created snapshot '235c553f-dc0a-4a40-8321-e98cbce069ba' under path 'vol-91476/buc-26633'
2023-02-28 20:09:47,745 [OM StateMachine ApplyTransaction Thread - 0] INFO  snapshot.OMSnapshotCreateRequest (OMSnapshotCreateRequest.java:validateAndUpdateCache(180)) - Created snapshot '235c553f-dc0a-4a40-8321-e98cbce069ba' under path 'vol-91476/buc-26633'
2023-02-28 20:09:47,745 [OM StateMachine ApplyTransaction Thread - 0] INFO  snapshot.OMSnapshotCreateRequest (OMSnapshotCreateRequest.java:validateAndUpdateCache(180)) - Created snapshot '235c553f-dc0a-4a40-8321-e98cbce069ba' under path 'vol-91476/buc-26633'
2023-02-28 20:09:47,790 [OMDoubleBufferFlushThread] INFO  db.RDBCheckpointManager (RDBCheckpointManager.java:createCheckpoint(96)) - Created checkpoint in rocksDB at /home/runner/work/ozone/ozone/hadoop-ozone/integration-test/target/test-dir/MiniOzoneClusterImpl-58db5c20-d6df-4fe1-a747-1f1a0fc9447e/omNode-1/db.snapshots/om.db-1a18bfe3-c7fc-4ac8-bff4-6c0d9c097446 in 45 milliseconds
2023-02-28 20:09:47,791 [OMDoubleBufferFlushThread] INFO  db.RDBCheckpointManager (RDBCheckpointManager.java:createCheckpoint(96)) - Created checkpoint in rocksDB at /home/runner/work/ozone/ozone/hadoop-ozone/integration-test/target/test-dir/MiniOzoneClusterImpl-58db5c20-d6df-4fe1-a747-1f1a0fc9447e/omNode-2/db.snapshots/om.db-1a18bfe3-c7fc-4ac8-bff4-6c0d9c097446 in 44 milliseconds
2023-02-28 20:09:47,792 [OMDoubleBufferFlushThread] INFO  db.RDBCheckpointManager (RDBCheckpointManager.java:waitForCheckpointDirectoryExist(125)) - Waited for 1 milliseconds for checkpoint directory /home/runner/work/ozone/ozone/hadoop-ozone/integration-test/target/test-dir/MiniOzoneClusterImpl-58db5c20-d6df-4fe1-a747-1f1a0fc9447e/omNode-2/db.snapshots/om.db-1a18bfe3-c7fc-4ac8-bff4-6c0d9c097446 availability.
2023-02-28 20:09:47,792 [OMDoubleBufferFlushThread] INFO  om.OmSnapshotManager (OmSnapshotManager.java:createOmSnapshotCheckpoint(163)) - Created checkpoint : /home/runner/work/ozone/ozone/hadoop-ozone/integration-test/target/test-dir/MiniOzoneClusterImpl-58db5c20-d6df-4fe1-a747-1f1a0fc9447e/omNode-2/db.snapshots/om.db-1a18bfe3-c7fc-4ac8-bff4-6c0d9c097446 for snapshot 235c553f-dc0a-4a40-8321-e98cbce069ba
2023-02-28 20:09:47,793 [OMDoubleBufferFlushThread] INFO  db.RDBCheckpointManager (RDBCheckpointManager.java:createCheckpoint(96)) - Created checkpoint in rocksDB at /home/runner/work/ozone/ozone/hadoop-ozone/integration-test/target/test-dir/MiniOzoneClusterImpl-58db5c20-d6df-4fe1-a747-1f1a0fc9447e/omNode-3/db.snapshots/om.db-1a18bfe3-c7fc-4ac8-bff4-6c0d9c097446 in 46 milliseconds
2023-02-28 20:09:47,793 [OMDoubleBufferFlushThread] INFO  db.RDBCheckpointManager (RDBCheckpointManager.java:waitForCheckpointDirectoryExist(125)) - Waited for 2 milliseconds for checkpoint directory /home/runner/work/ozone/ozone/hadoop-ozone/integration-test/target/test-dir/MiniOzoneClusterImpl-58db5c20-d6df-4fe1-a747-1f1a0fc9447e/omNode-1/db.snapshots/om.db-1a18bfe3-c7fc-4ac8-bff4-6c0d9c097446 availability.
2023-02-28 20:09:47,793 [OMDoubleBufferFlushThread] INFO  om.OmSnapshotManager (OmSnapshotManager.java:createOmSnapshotCheckpoint(163)) - Created checkpoint : /home/runner/work/ozone/ozone/hadoop-ozone/integration-test/target/test-dir/MiniOzoneClusterImpl-58db5c20-d6df-4fe1-a747-1f1a0fc9447e/omNode-1/db.snapshots/om.db-1a18bfe3-c7fc-4ac8-bff4-6c0d9c097446 for snapshot 235c553f-dc0a-4a40-8321-e98cbce069ba
2023-02-28 20:09:47,794 [OMDoubleBufferFlushThread] INFO  db.RDBCheckpointManager (RDBCheckpointManager.java:waitForCheckpointDirectoryExist(125)) - Waited for 1 milliseconds for checkpoint directory /home/runner/work/ozone/ozone/hadoop-ozone/integration-test/target/test-dir/MiniOzoneClusterImpl-58db5c20-d6df-4fe1-a747-1f1a0fc9447e/omNode-3/db.snapshots/om.db-1a18bfe3-c7fc-4ac8-bff4-6c0d9c097446 availability.
2023-02-28 20:09:47,794 [OMDoubleBufferFlushThread] INFO  om.OmSnapshotManager (OmSnapshotManager.java:createOmSnapshotCheckpoint(163)) - Created checkpoint : /home/runner/work/ozone/ozone/hadoop-ozone/integration-test/target/test-dir/MiniOzoneClusterImpl-58db5c20-d6df-4fe1-a747-1f1a0fc9447e/omNode-3/db.snapshots/om.db-1a18bfe3-c7fc-4ac8-bff4-6c0d9c097446 for snapshot 235c553f-dc0a-4a40-8321-e98cbce069ba
20:09:48.765 [OM StateMachine ApplyTransaction Thread - 0] ERROR OMAudit - user=runner | ip=127.0.0.1 | op=DELETE_BUCKET {volume=vol-91476, bucket=buc-26633} | ret=FAILURE
org.apache.hadoop.ozone.om.exceptions.OMException: Bucket buc-26633 can't be deleted when it has snapshots
	at org.apache.hadoop.ozone.om.request.bucket.OMBucketDeleteRequest.validateAndUpdateCache(OMBucketDeleteRequest.java:151) ~[ozone-manager-1.4.0-SNAPSHOT.jar:?]
	at org.apache.hadoop.ozone.protocolPB.OzoneManagerRequestHandler.handleWriteRequest(OzoneManagerRequestHandler.java:337) ~[ozone-manager-1.4.0-SNAPSHOT.jar:?]
	at org.apache.hadoop.ozone.om.ratis.OzoneManagerStateMachine.runCommand(OzoneManagerStateMachine.java:533) ~[ozone-manager-1.4.0-SNAPSHOT.jar:?]
	at org.apache.hadoop.ozone.om.ratis.OzoneManagerStateMachine.lambda$1(OzoneManagerStateMachine.java:324) ~[ozone-manager-1.4.0-SNAPSHOT.jar:?]
	at java.util.concurrent.CompletableFuture$AsyncSupply.run(CompletableFuture.java:1604) [?:1.8.0_362]
	at java.util.concurrent.ThreadPoolExecutor.runWorker(ThreadPoolExecutor.java:1149) [?:1.8.0_362]
	at java.util.concurrent.ThreadPoolExecutor$Worker.run(ThreadPoolExecutor.java:624) [?:1.8.0_362]
	at java.lang.Thread.run(Thread.java:750) [?:1.8.0_362]
2023-02-28 20:09:48,765 [OM StateMachine ApplyTransaction Thread - 0] ERROR bucket.OMBucketDeleteRequest (OMBucketDeleteRequest.java:validateAndUpdateCache(213)) - Delete bucket failed for bucket:buc-26633 in volume:vol-91476
CONTAINS_SNAPSHOT org.apache.hadoop.ozone.om.exceptions.OMException: Bucket buc-26633 can't be deleted when it has snapshots
	at org.apache.hadoop.ozone.om.request.bucket.OMBucketDeleteRequest.validateAndUpdateCache(OMBucketDeleteRequest.java:151)
	at org.apache.hadoop.ozone.protocolPB.OzoneManagerRequestHandler.handleWriteRequest(OzoneManagerRequestHandler.java:337)
	at org.apache.hadoop.ozone.om.ratis.OzoneManagerStateMachine.runCommand(OzoneManagerStateMachine.java:533)
	at org.apache.hadoop.ozone.om.ratis.OzoneManagerStateMachine.lambda$1(OzoneManagerStateMachine.java:324)
	at java.util.concurrent.CompletableFuture$AsyncSupply.run(CompletableFuture.java:1604)
	at java.util.concurrent.ThreadPoolExecutor.runWorker(ThreadPoolExecutor.java:1149)
	at java.util.concurrent.ThreadPoolExecutor$Worker.run(ThreadPoolExecutor.java:624)
	at java.lang.Thread.run(Thread.java:750)
20:09:48.767 [OM StateMachine ApplyTransaction Thread - 0] ERROR OMAudit - user=runner | ip=127.0.0.1 | op=DELETE_BUCKET {volume=vol-91476, bucket=buc-26633} | ret=FAILURE
org.apache.hadoop.ozone.om.exceptions.OMException: Bucket buc-26633 can't be deleted when it has snapshots
	at org.apache.hadoop.ozone.om.request.bucket.OMBucketDeleteRequest.validateAndUpdateCache(OMBucketDeleteRequest.java:151) ~[ozone-manager-1.4.0-SNAPSHOT.jar:?]
	at org.apache.hadoop.ozone.protocolPB.OzoneManagerRequestHandler.handleWriteRequest(OzoneManagerRequestHandler.java:337) ~[ozone-manager-1.4.0-SNAPSHOT.jar:?]
	at org.apache.hadoop.ozone.om.ratis.OzoneManagerStateMachine.runCommand(OzoneManagerStateMachine.java:533) ~[ozone-manager-1.4.0-SNAPSHOT.jar:?]
	at org.apache.hadoop.ozone.om.ratis.OzoneManagerStateMachine.lambda$1(OzoneManagerStateMachine.java:324) ~[ozone-manager-1.4.0-SNAPSHOT.jar:?]
	at java.util.concurrent.CompletableFuture$AsyncSupply.run(CompletableFuture.java:1604) [?:1.8.0_362]
	at java.util.concurrent.ThreadPoolExecutor.runWorker(ThreadPoolExecutor.java:1149) [?:1.8.0_362]
	at java.util.concurrent.ThreadPoolExecutor$Worker.run(ThreadPoolExecutor.java:624) [?:1.8.0_362]
	at java.lang.Thread.run(Thread.java:750) [?:1.8.0_362]
2023-02-28 20:09:48,767 [OM StateMachine ApplyTransaction Thread - 0] ERROR bucket.OMBucketDeleteRequest (OMBucketDeleteRequest.java:validateAndUpdateCache(213)) - Delete bucket failed for bucket:buc-26633 in volume:vol-91476
CONTAINS_SNAPSHOT org.apache.hadoop.ozone.om.exceptions.OMException: Bucket buc-26633 can't be deleted when it has snapshots
	at org.apache.hadoop.ozone.om.request.bucket.OMBucketDeleteRequest.validateAndUpdateCache(OMBucketDeleteRequest.java:151)
	at org.apache.hadoop.ozone.protocolPB.OzoneManagerRequestHandler.handleWriteRequest(OzoneManagerRequestHandler.java:337)
	at org.apache.hadoop.ozone.om.ratis.OzoneManagerStateMachine.runCommand(OzoneManagerStateMachine.java:533)
	at org.apache.hadoop.ozone.om.ratis.OzoneManagerStateMachine.lambda$1(OzoneManagerStateMachine.java:324)
	at java.util.concurrent.CompletableFuture$AsyncSupply.run(CompletableFuture.java:1604)
	at java.util.concurrent.ThreadPoolExecutor.runWorker(ThreadPoolExecutor.java:1149)
	at java.util.concurrent.ThreadPoolExecutor$Worker.run(ThreadPoolExecutor.java:624)
	at java.lang.Thread.run(Thread.java:750)
20:09:48.769 [OM StateMachine ApplyTransaction Thread - 0] ERROR OMAudit - user=runner | ip=127.0.0.1 | op=DELETE_BUCKET {volume=vol-91476, bucket=buc-26633} | ret=FAILURE
org.apache.hadoop.ozone.om.exceptions.OMException: Bucket buc-26633 can't be deleted when it has snapshots
	at org.apache.hadoop.ozone.om.request.bucket.OMBucketDeleteRequest.validateAndUpdateCache(OMBucketDeleteRequest.java:151) ~[ozone-manager-1.4.0-SNAPSHOT.jar:?]
	at org.apache.hadoop.ozone.protocolPB.OzoneManagerRequestHandler.handleWriteRequest(OzoneManagerRequestHandler.java:337) ~[ozone-manager-1.4.0-SNAPSHOT.jar:?]
	at org.apache.hadoop.ozone.om.ratis.OzoneManagerStateMachine.runCommand(OzoneManagerStateMachine.java:533) ~[ozone-manager-1.4.0-SNAPSHOT.jar:?]
	at org.apache.hadoop.ozone.om.ratis.OzoneManagerStateMachine.lambda$1(OzoneManagerStateMachine.java:324) ~[ozone-manager-1.4.0-SNAPSHOT.jar:?]
	at java.util.concurrent.CompletableFuture$AsyncSupply.run(CompletableFuture.java:1604) [?:1.8.0_362]
	at java.util.concurrent.ThreadPoolExecutor.runWorker(ThreadPoolExecutor.java:1149) [?:1.8.0_362]
	at java.util.concurrent.ThreadPoolExecutor$Worker.run(ThreadPoolExecutor.java:624) [?:1.8.0_362]
	at java.lang.Thread.run(Thread.java:750) [?:1.8.0_362]
2023-02-28 20:09:48,769 [OM StateMachine ApplyTransaction Thread - 0] ERROR bucket.OMBucketDeleteRequest (OMBucketDeleteRequest.java:validateAndUpdateCache(213)) - Delete bucket failed for bucket:buc-26633 in volume:vol-91476
CONTAINS_SNAPSHOT org.apache.hadoop.ozone.om.exceptions.OMException: Bucket buc-26633 can't be deleted when it has snapshots
	at org.apache.hadoop.ozone.om.request.bucket.OMBucketDeleteRequest.validateAndUpdateCache(OMBucketDeleteRequest.java:151)
	at org.apache.hadoop.ozone.protocolPB.OzoneManagerRequestHandler.handleWriteRequest(OzoneManagerRequestHandler.java:337)
	at org.apache.hadoop.ozone.om.ratis.OzoneManagerStateMachine.runCommand(OzoneManagerStateMachine.java:533)
	at org.apache.hadoop.ozone.om.ratis.OzoneManagerStateMachine.lambda$1(OzoneManagerStateMachine.java:324)
	at java.util.concurrent.CompletableFuture$AsyncSupply.run(CompletableFuture.java:1604)
	at java.util.concurrent.ThreadPoolExecutor.runWorker(ThreadPoolExecutor.java:1149)
	at java.util.concurrent.ThreadPoolExecutor$Worker.run(ThreadPoolExecutor.java:624)
	at java.lang.Thread.run(Thread.java:750)
]]></system-out>
  </testcase>
  <testcase name="testBucketDeleteIfSnapshotExists" classname="TestOmSnapshot" time="1.092">
    <system-out><![CDATA[2023-02-28 20:10:43,810 [Time-limited test] INFO  rpc.RpcClient (RpcClient.java:createVolume(476)) - Creating Volume: vol-56616, with runner as owner and space quota set to -1 bytes, counts quota set to -1
2023-02-28 20:10:43,813 [OM StateMachine ApplyTransaction Thread - 0] INFO  volume.OMVolumeCreateRequest (OMVolumeCreateRequest.java:validateAndUpdateCache(195)) - created volume:vol-56616 for user:runner
2023-02-28 20:10:43,815 [OM StateMachine ApplyTransaction Thread - 0] INFO  volume.OMVolumeCreateRequest (OMVolumeCreateRequest.java:validateAndUpdateCache(195)) - created volume:vol-56616 for user:runner
2023-02-28 20:10:43,815 [OM StateMachine ApplyTransaction Thread - 0] INFO  volume.OMVolumeCreateRequest (OMVolumeCreateRequest.java:validateAndUpdateCache(195)) - created volume:vol-56616 for user:runner
2023-02-28 20:10:43,819 [Time-limited test] INFO  rpc.RpcClient (RpcClient.java:createBucket(698)) - Creating Bucket: vol-56616/buc-43015, with server-side default bucket layout, runner as owner, Versioning false, Storage Type set to DISK and Encryption set to false, Replication Type set to server-side default replication type, Namespace Quota set to -1, Space Quota set to -1 
2023-02-28 20:10:43,821 [OM StateMachine ApplyTransaction Thread - 0] INFO  bucket.OMBucketCreateRequest (OMBucketCreateRequest.java:validateAndUpdateCache(263)) - created bucket: buc-43015 of layout LEGACY in volume: vol-56616
2023-02-28 20:10:43,822 [OM StateMachine ApplyTransaction Thread - 0] INFO  bucket.OMBucketCreateRequest (OMBucketCreateRequest.java:validateAndUpdateCache(263)) - created bucket: buc-43015 of layout LEGACY in volume: vol-56616
2023-02-28 20:10:43,823 [OM StateMachine ApplyTransaction Thread - 0] INFO  bucket.OMBucketCreateRequest (OMBucketCreateRequest.java:validateAndUpdateCache(263)) - created bucket: buc-43015 of layout LEGACY in volume: vol-56616
2023-02-28 20:10:43,824 [Time-limited test] INFO  rpc.RpcClient (RpcClient.java:createBucket(698)) - Creating Bucket: vol-56616/buc-86652, with server-side default bucket layout, runner as owner, Versioning false, Storage Type set to DISK and Encryption set to false, Replication Type set to server-side default replication type, Namespace Quota set to -1, Space Quota set to -1 
2023-02-28 20:10:43,828 [OM StateMachine ApplyTransaction Thread - 0] INFO  bucket.OMBucketCreateRequest (OMBucketCreateRequest.java:validateAndUpdateCache(263)) - created bucket: buc-86652 of layout LEGACY in volume: vol-56616
2023-02-28 20:10:43,829 [OM StateMachine ApplyTransaction Thread - 0] INFO  bucket.OMBucketCreateRequest (OMBucketCreateRequest.java:validateAndUpdateCache(263)) - created bucket: buc-86652 of layout LEGACY in volume: vol-56616
2023-02-28 20:10:43,829 [OM StateMachine ApplyTransaction Thread - 0] INFO  bucket.OMBucketCreateRequest (OMBucketCreateRequest.java:validateAndUpdateCache(263)) - created bucket: buc-86652 of layout LEGACY in volume: vol-56616
2023-02-28 20:10:43,877 [OM StateMachine ApplyTransaction Thread - 0] INFO  snapshot.OMSnapshotCreateRequest (OMSnapshotCreateRequest.java:validateAndUpdateCache(180)) - Created snapshot '9bb22aa3-eab4-49a3-9262-8eb7e0179e0f' under path 'vol-56616/buc-43015'
2023-02-28 20:10:43,878 [OM StateMachine ApplyTransaction Thread - 0] INFO  snapshot.OMSnapshotCreateRequest (OMSnapshotCreateRequest.java:validateAndUpdateCache(180)) - Created snapshot '9bb22aa3-eab4-49a3-9262-8eb7e0179e0f' under path 'vol-56616/buc-43015'
2023-02-28 20:10:43,879 [OM StateMachine ApplyTransaction Thread - 0] INFO  snapshot.OMSnapshotCreateRequest (OMSnapshotCreateRequest.java:validateAndUpdateCache(180)) - Created snapshot '9bb22aa3-eab4-49a3-9262-8eb7e0179e0f' under path 'vol-56616/buc-43015'
2023-02-28 20:10:43,912 [OMDoubleBufferFlushThread] INFO  db.RDBCheckpointManager (RDBCheckpointManager.java:createCheckpoint(96)) - Created checkpoint in rocksDB at /home/runner/work/ozone/ozone/hadoop-ozone/integration-test/target/test-dir/MiniOzoneClusterImpl-9e11fa7e-4972-4825-87e7-ebdcd03a38ce/omNode-1/db.snapshots/om.db-a895994d-5a04-4ed1-9d03-62290f595857 in 33 milliseconds
2023-02-28 20:10:43,913 [OMDoubleBufferFlushThread] INFO  db.RDBCheckpointManager (RDBCheckpointManager.java:createCheckpoint(96)) - Created checkpoint in rocksDB at /home/runner/work/ozone/ozone/hadoop-ozone/integration-test/target/test-dir/MiniOzoneClusterImpl-9e11fa7e-4972-4825-87e7-ebdcd03a38ce/omNode-2/db.snapshots/om.db-a895994d-5a04-4ed1-9d03-62290f595857 in 33 milliseconds
2023-02-28 20:10:43,918 [OMDoubleBufferFlushThread] INFO  db.RDBCheckpointManager (RDBCheckpointManager.java:waitForCheckpointDirectoryExist(125)) - Waited for 5 milliseconds for checkpoint directory /home/runner/work/ozone/ozone/hadoop-ozone/integration-test/target/test-dir/MiniOzoneClusterImpl-9e11fa7e-4972-4825-87e7-ebdcd03a38ce/omNode-1/db.snapshots/om.db-a895994d-5a04-4ed1-9d03-62290f595857 availability.
2023-02-28 20:10:43,918 [OMDoubleBufferFlushThread] INFO  om.OmSnapshotManager (OmSnapshotManager.java:createOmSnapshotCheckpoint(163)) - Created checkpoint : /home/runner/work/ozone/ozone/hadoop-ozone/integration-test/target/test-dir/MiniOzoneClusterImpl-9e11fa7e-4972-4825-87e7-ebdcd03a38ce/omNode-1/db.snapshots/om.db-a895994d-5a04-4ed1-9d03-62290f595857 for snapshot 9bb22aa3-eab4-49a3-9262-8eb7e0179e0f
2023-02-28 20:10:43,919 [OMDoubleBufferFlushThread] INFO  db.RDBCheckpointManager (RDBCheckpointManager.java:waitForCheckpointDirectoryExist(125)) - Waited for 6 milliseconds for checkpoint directory /home/runner/work/ozone/ozone/hadoop-ozone/integration-test/target/test-dir/MiniOzoneClusterImpl-9e11fa7e-4972-4825-87e7-ebdcd03a38ce/omNode-2/db.snapshots/om.db-a895994d-5a04-4ed1-9d03-62290f595857 availability.
2023-02-28 20:10:43,919 [OMDoubleBufferFlushThread] INFO  om.OmSnapshotManager (OmSnapshotManager.java:createOmSnapshotCheckpoint(163)) - Created checkpoint : /home/runner/work/ozone/ozone/hadoop-ozone/integration-test/target/test-dir/MiniOzoneClusterImpl-9e11fa7e-4972-4825-87e7-ebdcd03a38ce/omNode-2/db.snapshots/om.db-a895994d-5a04-4ed1-9d03-62290f595857 for snapshot 9bb22aa3-eab4-49a3-9262-8eb7e0179e0f
2023-02-28 20:10:43,922 [OMDoubleBufferFlushThread] INFO  db.RDBCheckpointManager (RDBCheckpointManager.java:createCheckpoint(96)) - Created checkpoint in rocksDB at /home/runner/work/ozone/ozone/hadoop-ozone/integration-test/target/test-dir/MiniOzoneClusterImpl-9e11fa7e-4972-4825-87e7-ebdcd03a38ce/omNode-3/db.snapshots/om.db-a895994d-5a04-4ed1-9d03-62290f595857 in 41 milliseconds
2023-02-28 20:10:43,922 [OMDoubleBufferFlushThread] INFO  db.RDBCheckpointManager (RDBCheckpointManager.java:waitForCheckpointDirectoryExist(125)) - Waited for 0 milliseconds for checkpoint directory /home/runner/work/ozone/ozone/hadoop-ozone/integration-test/target/test-dir/MiniOzoneClusterImpl-9e11fa7e-4972-4825-87e7-ebdcd03a38ce/omNode-3/db.snapshots/om.db-a895994d-5a04-4ed1-9d03-62290f595857 availability.
2023-02-28 20:10:43,922 [OMDoubleBufferFlushThread] INFO  om.OmSnapshotManager (OmSnapshotManager.java:createOmSnapshotCheckpoint(163)) - Created checkpoint : /home/runner/work/ozone/ozone/hadoop-ozone/integration-test/target/test-dir/MiniOzoneClusterImpl-9e11fa7e-4972-4825-87e7-ebdcd03a38ce/omNode-3/db.snapshots/om.db-a895994d-5a04-4ed1-9d03-62290f595857 for snapshot 9bb22aa3-eab4-49a3-9262-8eb7e0179e0f
20:10:44.893 [OM StateMachine ApplyTransaction Thread - 0] ERROR OMAudit - user=runner | ip=127.0.0.1 | op=DELETE_BUCKET {volume=vol-56616, bucket=buc-43015} | ret=FAILURE
org.apache.hadoop.ozone.om.exceptions.OMException: Bucket buc-43015 can't be deleted when it has snapshots
	at org.apache.hadoop.ozone.om.request.bucket.OMBucketDeleteRequest.validateAndUpdateCache(OMBucketDeleteRequest.java:151) ~[ozone-manager-1.4.0-SNAPSHOT.jar:?]
	at org.apache.hadoop.ozone.protocolPB.OzoneManagerRequestHandler.handleWriteRequest(OzoneManagerRequestHandler.java:337) ~[ozone-manager-1.4.0-SNAPSHOT.jar:?]
	at org.apache.hadoop.ozone.om.ratis.OzoneManagerStateMachine.runCommand(OzoneManagerStateMachine.java:533) ~[ozone-manager-1.4.0-SNAPSHOT.jar:?]
	at org.apache.hadoop.ozone.om.ratis.OzoneManagerStateMachine.lambda$1(OzoneManagerStateMachine.java:324) ~[ozone-manager-1.4.0-SNAPSHOT.jar:?]
	at java.util.concurrent.CompletableFuture$AsyncSupply.run(CompletableFuture.java:1604) [?:1.8.0_362]
	at java.util.concurrent.ThreadPoolExecutor.runWorker(ThreadPoolExecutor.java:1149) [?:1.8.0_362]
	at java.util.concurrent.ThreadPoolExecutor$Worker.run(ThreadPoolExecutor.java:624) [?:1.8.0_362]
	at java.lang.Thread.run(Thread.java:750) [?:1.8.0_362]
2023-02-28 20:10:44,893 [OM StateMachine ApplyTransaction Thread - 0] ERROR bucket.OMBucketDeleteRequest (OMBucketDeleteRequest.java:validateAndUpdateCache(213)) - Delete bucket failed for bucket:buc-43015 in volume:vol-56616
CONTAINS_SNAPSHOT org.apache.hadoop.ozone.om.exceptions.OMException: Bucket buc-43015 can't be deleted when it has snapshots
	at org.apache.hadoop.ozone.om.request.bucket.OMBucketDeleteRequest.validateAndUpdateCache(OMBucketDeleteRequest.java:151)
	at org.apache.hadoop.ozone.protocolPB.OzoneManagerRequestHandler.handleWriteRequest(OzoneManagerRequestHandler.java:337)
	at org.apache.hadoop.ozone.om.ratis.OzoneManagerStateMachine.runCommand(OzoneManagerStateMachine.java:533)
	at org.apache.hadoop.ozone.om.ratis.OzoneManagerStateMachine.lambda$1(OzoneManagerStateMachine.java:324)
	at java.util.concurrent.CompletableFuture$AsyncSupply.run(CompletableFuture.java:1604)
	at java.util.concurrent.ThreadPoolExecutor.runWorker(ThreadPoolExecutor.java:1149)
	at java.util.concurrent.ThreadPoolExecutor$Worker.run(ThreadPoolExecutor.java:624)
	at java.lang.Thread.run(Thread.java:750)
20:10:44.894 [OM StateMachine ApplyTransaction Thread - 0] ERROR OMAudit - user=runner | ip=127.0.0.1 | op=DELETE_BUCKET {volume=vol-56616, bucket=buc-43015} | ret=FAILURE
org.apache.hadoop.ozone.om.exceptions.OMException: Bucket buc-43015 can't be deleted when it has snapshots
	at org.apache.hadoop.ozone.om.request.bucket.OMBucketDeleteRequest.validateAndUpdateCache(OMBucketDeleteRequest.java:151) ~[ozone-manager-1.4.0-SNAPSHOT.jar:?]
	at org.apache.hadoop.ozone.protocolPB.OzoneManagerRequestHandler.handleWriteRequest(OzoneManagerRequestHandler.java:337) ~[ozone-manager-1.4.0-SNAPSHOT.jar:?]
	at org.apache.hadoop.ozone.om.ratis.OzoneManagerStateMachine.runCommand(OzoneManagerStateMachine.java:533) ~[ozone-manager-1.4.0-SNAPSHOT.jar:?]
	at org.apache.hadoop.ozone.om.ratis.OzoneManagerStateMachine.lambda$1(OzoneManagerStateMachine.java:324) ~[ozone-manager-1.4.0-SNAPSHOT.jar:?]
	at java.util.concurrent.CompletableFuture$AsyncSupply.run(CompletableFuture.java:1604) [?:1.8.0_362]
	at java.util.concurrent.ThreadPoolExecutor.runWorker(ThreadPoolExecutor.java:1149) [?:1.8.0_362]
	at java.util.concurrent.ThreadPoolExecutor$Worker.run(ThreadPoolExecutor.java:624) [?:1.8.0_362]
	at java.lang.Thread.run(Thread.java:750) [?:1.8.0_362]
2023-02-28 20:10:44,895 [OM StateMachine ApplyTransaction Thread - 0] ERROR bucket.OMBucketDeleteRequest (OMBucketDeleteRequest.java:validateAndUpdateCache(213)) - Delete bucket failed for bucket:buc-43015 in volume:vol-56616
CONTAINS_SNAPSHOT org.apache.hadoop.ozone.om.exceptions.OMException: Bucket buc-43015 can't be deleted when it has snapshots
	at org.apache.hadoop.ozone.om.request.bucket.OMBucketDeleteRequest.validateAndUpdateCache(OMBucketDeleteRequest.java:151)
	at org.apache.hadoop.ozone.protocolPB.OzoneManagerRequestHandler.handleWriteRequest(OzoneManagerRequestHandler.java:337)
	at org.apache.hadoop.ozone.om.ratis.OzoneManagerStateMachine.runCommand(OzoneManagerStateMachine.java:533)
	at org.apache.hadoop.ozone.om.ratis.OzoneManagerStateMachine.lambda$1(OzoneManagerStateMachine.java:324)
	at java.util.concurrent.CompletableFuture$AsyncSupply.run(CompletableFuture.java:1604)
	at java.util.concurrent.ThreadPoolExecutor.runWorker(ThreadPoolExecutor.java:1149)
	at java.util.concurrent.ThreadPoolExecutor$Worker.run(ThreadPoolExecutor.java:624)
	at java.lang.Thread.run(Thread.java:750)
20:10:44.895 [OM StateMachine ApplyTransaction Thread - 0] ERROR OMAudit - user=runner | ip=127.0.0.1 | op=DELETE_BUCKET {volume=vol-56616, bucket=buc-43015} | ret=FAILURE
org.apache.hadoop.ozone.om.exceptions.OMException: Bucket buc-43015 can't be deleted when it has snapshots
	at org.apache.hadoop.ozone.om.request.bucket.OMBucketDeleteRequest.validateAndUpdateCache(OMBucketDeleteRequest.java:151) ~[ozone-manager-1.4.0-SNAPSHOT.jar:?]
	at org.apache.hadoop.ozone.protocolPB.OzoneManagerRequestHandler.handleWriteRequest(OzoneManagerRequestHandler.java:337) ~[ozone-manager-1.4.0-SNAPSHOT.jar:?]
	at org.apache.hadoop.ozone.om.ratis.OzoneManagerStateMachine.runCommand(OzoneManagerStateMachine.java:533) ~[ozone-manager-1.4.0-SNAPSHOT.jar:?]
	at org.apache.hadoop.ozone.om.ratis.OzoneManagerStateMachine.lambda$1(OzoneManagerStateMachine.java:324) ~[ozone-manager-1.4.0-SNAPSHOT.jar:?]
	at java.util.concurrent.CompletableFuture$AsyncSupply.run(CompletableFuture.java:1604) [?:1.8.0_362]
	at java.util.concurrent.ThreadPoolExecutor.runWorker(ThreadPoolExecutor.java:1149) [?:1.8.0_362]
	at java.util.concurrent.ThreadPoolExecutor$Worker.run(ThreadPoolExecutor.java:624) [?:1.8.0_362]
	at java.lang.Thread.run(Thread.java:750) [?:1.8.0_362]
2023-02-28 20:10:44,896 [OM StateMachine ApplyTransaction Thread - 0] ERROR bucket.OMBucketDeleteRequest (OMBucketDeleteRequest.java:validateAndUpdateCache(213)) - Delete bucket failed for bucket:buc-43015 in volume:vol-56616
CONTAINS_SNAPSHOT org.apache.hadoop.ozone.om.exceptions.OMException: Bucket buc-43015 can't be deleted when it has snapshots
	at org.apache.hadoop.ozone.om.request.bucket.OMBucketDeleteRequest.validateAndUpdateCache(OMBucketDeleteRequest.java:151)
	at org.apache.hadoop.ozone.protocolPB.OzoneManagerRequestHandler.handleWriteRequest(OzoneManagerRequestHandler.java:337)
	at org.apache.hadoop.ozone.om.ratis.OzoneManagerStateMachine.runCommand(OzoneManagerStateMachine.java:533)
	at org.apache.hadoop.ozone.om.ratis.OzoneManagerStateMachine.lambda$1(OzoneManagerStateMachine.java:324)
	at java.util.concurrent.CompletableFuture$AsyncSupply.run(CompletableFuture.java:1604)
	at java.util.concurrent.ThreadPoolExecutor.runWorker(ThreadPoolExecutor.java:1149)
	at java.util.concurrent.ThreadPoolExecutor$Worker.run(ThreadPoolExecutor.java:624)
	at java.lang.Thread.run(Thread.java:750)
]]></system-out>
  </testcase>
  <testcase name="testListDeleteKey" classname="TestOmSnapshot" time="2.155">
    <system-out><![CDATA[2023-02-28 20:08:54,283 [Time-limited test] INFO  rpc.RpcClient (RpcClient.java:createVolume(476)) - Creating Volume: vol-03216, with runner as owner and space quota set to -1 bytes, counts quota set to -1
2023-02-28 20:08:54,286 [OM StateMachine ApplyTransaction Thread - 0] INFO  volume.OMVolumeCreateRequest (OMVolumeCreateRequest.java:validateAndUpdateCache(195)) - created volume:vol-03216 for user:runner
2023-02-28 20:08:54,287 [OM StateMachine ApplyTransaction Thread - 0] INFO  volume.OMVolumeCreateRequest (OMVolumeCreateRequest.java:validateAndUpdateCache(195)) - created volume:vol-03216 for user:runner
2023-02-28 20:08:54,287 [OM StateMachine ApplyTransaction Thread - 0] INFO  volume.OMVolumeCreateRequest (OMVolumeCreateRequest.java:validateAndUpdateCache(195)) - created volume:vol-03216 for user:runner
2023-02-28 20:08:54,289 [Time-limited test] INFO  rpc.RpcClient (RpcClient.java:createBucket(698)) - Creating Bucket: vol-03216/buc-61463, with server-side default bucket layout, runner as owner, Versioning false, Storage Type set to DISK and Encryption set to false, Replication Type set to server-side default replication type, Namespace Quota set to -1, Space Quota set to -1 
2023-02-28 20:08:54,292 [OM StateMachine ApplyTransaction Thread - 0] INFO  bucket.OMBucketCreateRequest (OMBucketCreateRequest.java:validateAndUpdateCache(263)) - created bucket: buc-61463 of layout OBJECT_STORE in volume: vol-03216
2023-02-28 20:08:54,293 [OM StateMachine ApplyTransaction Thread - 0] INFO  bucket.OMBucketCreateRequest (OMBucketCreateRequest.java:validateAndUpdateCache(263)) - created bucket: buc-61463 of layout OBJECT_STORE in volume: vol-03216
2023-02-28 20:08:54,294 [OM StateMachine ApplyTransaction Thread - 0] INFO  bucket.OMBucketCreateRequest (OMBucketCreateRequest.java:validateAndUpdateCache(263)) - created bucket: buc-61463 of layout OBJECT_STORE in volume: vol-03216
2023-02-28 20:08:54,331 [OM StateMachine ApplyTransaction Thread - 0] INFO  snapshot.OMSnapshotCreateRequest (OMSnapshotCreateRequest.java:validateAndUpdateCache(180)) - Created snapshot '6991cba3-9558-435d-be1b-6f4560b6c235' under path 'vol-03216/buc-61463'
2023-02-28 20:08:54,332 [OM StateMachine ApplyTransaction Thread - 0] INFO  snapshot.OMSnapshotCreateRequest (OMSnapshotCreateRequest.java:validateAndUpdateCache(180)) - Created snapshot '6991cba3-9558-435d-be1b-6f4560b6c235' under path 'vol-03216/buc-61463'
2023-02-28 20:08:54,332 [OM StateMachine ApplyTransaction Thread - 0] INFO  snapshot.OMSnapshotCreateRequest (OMSnapshotCreateRequest.java:validateAndUpdateCache(180)) - Created snapshot '6991cba3-9558-435d-be1b-6f4560b6c235' under path 'vol-03216/buc-61463'
2023-02-28 20:08:54,370 [OMDoubleBufferFlushThread] INFO  db.RDBCheckpointManager (RDBCheckpointManager.java:createCheckpoint(96)) - Created checkpoint in rocksDB at /home/runner/work/ozone/ozone/hadoop-ozone/integration-test/target/test-dir/MiniOzoneClusterImpl-e7d671b1-06ed-40aa-a52b-2678dd5bab1b/omNode-1/db.snapshots/om.db-db10d084-7494-4947-ba01-3810faa77f36 in 37 milliseconds
2023-02-28 20:08:54,371 [OMDoubleBufferFlushThread] INFO  db.RDBCheckpointManager (RDBCheckpointManager.java:createCheckpoint(96)) - Created checkpoint in rocksDB at /home/runner/work/ozone/ozone/hadoop-ozone/integration-test/target/test-dir/MiniOzoneClusterImpl-e7d671b1-06ed-40aa-a52b-2678dd5bab1b/omNode-2/db.snapshots/om.db-db10d084-7494-4947-ba01-3810faa77f36 in 36 milliseconds
2023-02-28 20:08:54,371 [OMDoubleBufferFlushThread] INFO  db.RDBCheckpointManager (RDBCheckpointManager.java:waitForCheckpointDirectoryExist(125)) - Waited for 0 milliseconds for checkpoint directory /home/runner/work/ozone/ozone/hadoop-ozone/integration-test/target/test-dir/MiniOzoneClusterImpl-e7d671b1-06ed-40aa-a52b-2678dd5bab1b/omNode-2/db.snapshots/om.db-db10d084-7494-4947-ba01-3810faa77f36 availability.
2023-02-28 20:08:54,371 [OMDoubleBufferFlushThread] INFO  om.OmSnapshotManager (OmSnapshotManager.java:createOmSnapshotCheckpoint(163)) - Created checkpoint : /home/runner/work/ozone/ozone/hadoop-ozone/integration-test/target/test-dir/MiniOzoneClusterImpl-e7d671b1-06ed-40aa-a52b-2678dd5bab1b/omNode-2/db.snapshots/om.db-db10d084-7494-4947-ba01-3810faa77f36 for snapshot 6991cba3-9558-435d-be1b-6f4560b6c235
2023-02-28 20:08:54,372 [OMDoubleBufferFlushThread] INFO  db.RDBCheckpointManager (RDBCheckpointManager.java:waitForCheckpointDirectoryExist(125)) - Waited for 2 milliseconds for checkpoint directory /home/runner/work/ozone/ozone/hadoop-ozone/integration-test/target/test-dir/MiniOzoneClusterImpl-e7d671b1-06ed-40aa-a52b-2678dd5bab1b/omNode-1/db.snapshots/om.db-db10d084-7494-4947-ba01-3810faa77f36 availability.
2023-02-28 20:08:54,372 [OMDoubleBufferFlushThread] INFO  om.OmSnapshotManager (OmSnapshotManager.java:createOmSnapshotCheckpoint(163)) - Created checkpoint : /home/runner/work/ozone/ozone/hadoop-ozone/integration-test/target/test-dir/MiniOzoneClusterImpl-e7d671b1-06ed-40aa-a52b-2678dd5bab1b/omNode-1/db.snapshots/om.db-db10d084-7494-4947-ba01-3810faa77f36 for snapshot 6991cba3-9558-435d-be1b-6f4560b6c235
2023-02-28 20:08:54,377 [OMDoubleBufferFlushThread] INFO  db.RDBCheckpointManager (RDBCheckpointManager.java:createCheckpoint(96)) - Created checkpoint in rocksDB at /home/runner/work/ozone/ozone/hadoop-ozone/integration-test/target/test-dir/MiniOzoneClusterImpl-e7d671b1-06ed-40aa-a52b-2678dd5bab1b/omNode-3/db.snapshots/om.db-db10d084-7494-4947-ba01-3810faa77f36 in 43 milliseconds
2023-02-28 20:08:54,378 [OMDoubleBufferFlushThread] INFO  db.RDBCheckpointManager (RDBCheckpointManager.java:waitForCheckpointDirectoryExist(125)) - Waited for 1 milliseconds for checkpoint directory /home/runner/work/ozone/ozone/hadoop-ozone/integration-test/target/test-dir/MiniOzoneClusterImpl-e7d671b1-06ed-40aa-a52b-2678dd5bab1b/omNode-3/db.snapshots/om.db-db10d084-7494-4947-ba01-3810faa77f36 availability.
2023-02-28 20:08:54,378 [OMDoubleBufferFlushThread] INFO  om.OmSnapshotManager (OmSnapshotManager.java:createOmSnapshotCheckpoint(163)) - Created checkpoint : /home/runner/work/ozone/ozone/hadoop-ozone/integration-test/target/test-dir/MiniOzoneClusterImpl-e7d671b1-06ed-40aa-a52b-2678dd5bab1b/omNode-3/db.snapshots/om.db-db10d084-7494-4947-ba01-3810faa77f36 for snapshot 6991cba3-9558-435d-be1b-6f4560b6c235
2023-02-28 20:08:55,343 [IPC Server handler 0 on default port 39621] WARN  server.ServerUtils (ServerUtils.java:getDBPath(225)) - ozone.om.db.dirs is not configured. We recommend adding this setting. Falling back to ozone.metadata.dirs instead.
2023-02-28 20:08:55,343 [IPC Server handler 0 on default port 39621] INFO  codec.OmKeyInfoCodec (OmKeyInfoCodec.java:<init>(49)) - OmKeyInfoCodec ignorePipeline = true
2023-02-28 20:08:55,343 [IPC Server handler 0 on default port 39621] INFO  codec.RepeatedOmKeyInfoCodec (RepeatedOmKeyInfoCodec.java:<init>(41)) - RepeatedOmKeyInfoCodec ignorePipeline = true
2023-02-28 20:08:55,393 [OM StateMachine ApplyTransaction Thread - 0] INFO  snapshot.OMSnapshotCreateRequest (OMSnapshotCreateRequest.java:validateAndUpdateCache(180)) - Created snapshot '3c99475e-efb8-4399-9c43-8d541d77662f' under path 'vol-03216/buc-61463'
2023-02-28 20:08:55,395 [OM StateMachine ApplyTransaction Thread - 0] INFO  snapshot.OMSnapshotCreateRequest (OMSnapshotCreateRequest.java:validateAndUpdateCache(180)) - Created snapshot '3c99475e-efb8-4399-9c43-8d541d77662f' under path 'vol-03216/buc-61463'
2023-02-28 20:08:55,397 [OM StateMachine ApplyTransaction Thread - 0] INFO  snapshot.OMSnapshotCreateRequest (OMSnapshotCreateRequest.java:validateAndUpdateCache(180)) - Created snapshot '3c99475e-efb8-4399-9c43-8d541d77662f' under path 'vol-03216/buc-61463'
2023-02-28 20:08:55,419 [OMDoubleBufferFlushThread] INFO  db.RDBCheckpointManager (RDBCheckpointManager.java:createCheckpoint(96)) - Created checkpoint in rocksDB at /home/runner/work/ozone/ozone/hadoop-ozone/integration-test/target/test-dir/MiniOzoneClusterImpl-e7d671b1-06ed-40aa-a52b-2678dd5bab1b/omNode-3/db.snapshots/om.db-e81c3874-20f3-4320-a37d-9b27556dba8f in 23 milliseconds
2023-02-28 20:08:55,423 [OMDoubleBufferFlushThread] INFO  db.RDBCheckpointManager (RDBCheckpointManager.java:waitForCheckpointDirectoryExist(125)) - Waited for 4 milliseconds for checkpoint directory /home/runner/work/ozone/ozone/hadoop-ozone/integration-test/target/test-dir/MiniOzoneClusterImpl-e7d671b1-06ed-40aa-a52b-2678dd5bab1b/omNode-3/db.snapshots/om.db-e81c3874-20f3-4320-a37d-9b27556dba8f availability.
2023-02-28 20:08:55,423 [OMDoubleBufferFlushThread] INFO  om.OmSnapshotManager (OmSnapshotManager.java:createOmSnapshotCheckpoint(163)) - Created checkpoint : /home/runner/work/ozone/ozone/hadoop-ozone/integration-test/target/test-dir/MiniOzoneClusterImpl-e7d671b1-06ed-40aa-a52b-2678dd5bab1b/omNode-3/db.snapshots/om.db-e81c3874-20f3-4320-a37d-9b27556dba8f for snapshot 3c99475e-efb8-4399-9c43-8d541d77662f
2023-02-28 20:08:55,425 [OMDoubleBufferFlushThread] INFO  db.RDBCheckpointManager (RDBCheckpointManager.java:createCheckpoint(96)) - Created checkpoint in rocksDB at /home/runner/work/ozone/ozone/hadoop-ozone/integration-test/target/test-dir/MiniOzoneClusterImpl-e7d671b1-06ed-40aa-a52b-2678dd5bab1b/omNode-2/db.snapshots/om.db-e81c3874-20f3-4320-a37d-9b27556dba8f in 27 milliseconds
2023-02-28 20:08:55,432 [OMDoubleBufferFlushThread] INFO  db.RDBCheckpointManager (RDBCheckpointManager.java:waitForCheckpointDirectoryExist(125)) - Waited for 7 milliseconds for checkpoint directory /home/runner/work/ozone/ozone/hadoop-ozone/integration-test/target/test-dir/MiniOzoneClusterImpl-e7d671b1-06ed-40aa-a52b-2678dd5bab1b/omNode-2/db.snapshots/om.db-e81c3874-20f3-4320-a37d-9b27556dba8f availability.
2023-02-28 20:08:55,432 [OMDoubleBufferFlushThread] INFO  om.OmSnapshotManager (OmSnapshotManager.java:createOmSnapshotCheckpoint(163)) - Created checkpoint : /home/runner/work/ozone/ozone/hadoop-ozone/integration-test/target/test-dir/MiniOzoneClusterImpl-e7d671b1-06ed-40aa-a52b-2678dd5bab1b/omNode-2/db.snapshots/om.db-e81c3874-20f3-4320-a37d-9b27556dba8f for snapshot 3c99475e-efb8-4399-9c43-8d541d77662f
2023-02-28 20:08:55,434 [OMDoubleBufferFlushThread] INFO  db.RDBCheckpointManager (RDBCheckpointManager.java:createCheckpoint(96)) - Created checkpoint in rocksDB at /home/runner/work/ozone/ozone/hadoop-ozone/integration-test/target/test-dir/MiniOzoneClusterImpl-e7d671b1-06ed-40aa-a52b-2678dd5bab1b/omNode-1/db.snapshots/om.db-e81c3874-20f3-4320-a37d-9b27556dba8f in 39 milliseconds
2023-02-28 20:08:55,434 [OMDoubleBufferFlushThread] INFO  db.RDBCheckpointManager (RDBCheckpointManager.java:waitForCheckpointDirectoryExist(125)) - Waited for 0 milliseconds for checkpoint directory /home/runner/work/ozone/ozone/hadoop-ozone/integration-test/target/test-dir/MiniOzoneClusterImpl-e7d671b1-06ed-40aa-a52b-2678dd5bab1b/omNode-1/db.snapshots/om.db-e81c3874-20f3-4320-a37d-9b27556dba8f availability.
2023-02-28 20:08:55,434 [OMDoubleBufferFlushThread] INFO  om.OmSnapshotManager (OmSnapshotManager.java:createOmSnapshotCheckpoint(163)) - Created checkpoint : /home/runner/work/ozone/ozone/hadoop-ozone/integration-test/target/test-dir/MiniOzoneClusterImpl-e7d671b1-06ed-40aa-a52b-2678dd5bab1b/omNode-1/db.snapshots/om.db-e81c3874-20f3-4320-a37d-9b27556dba8f for snapshot 3c99475e-efb8-4399-9c43-8d541d77662f
2023-02-28 20:08:56,395 [IPC Server handler 1 on default port 39621] WARN  server.ServerUtils (ServerUtils.java:getDBPath(225)) - ozone.om.db.dirs is not configured. We recommend adding this setting. Falling back to ozone.metadata.dirs instead.
2023-02-28 20:08:56,395 [IPC Server handler 1 on default port 39621] INFO  codec.OmKeyInfoCodec (OmKeyInfoCodec.java:<init>(49)) - OmKeyInfoCodec ignorePipeline = true
2023-02-28 20:08:56,396 [IPC Server handler 1 on default port 39621] INFO  codec.RepeatedOmKeyInfoCodec (RepeatedOmKeyInfoCodec.java:<init>(41)) - RepeatedOmKeyInfoCodec ignorePipeline = true
]]></system-out>
  </testcase>
  <testcase name="testListDeleteKey" classname="TestOmSnapshot" time="2.146">
    <system-out><![CDATA[2023-02-28 20:09:48,774 [Time-limited test] INFO  rpc.RpcClient (RpcClient.java:createVolume(476)) - Creating Volume: vol-14089, with runner as owner and space quota set to -1 bytes, counts quota set to -1
2023-02-28 20:09:48,778 [OM StateMachine ApplyTransaction Thread - 0] INFO  volume.OMVolumeCreateRequest (OMVolumeCreateRequest.java:validateAndUpdateCache(195)) - created volume:vol-14089 for user:runner
2023-02-28 20:09:48,778 [OM StateMachine ApplyTransaction Thread - 0] INFO  volume.OMVolumeCreateRequest (OMVolumeCreateRequest.java:validateAndUpdateCache(195)) - created volume:vol-14089 for user:runner
2023-02-28 20:09:48,778 [OM StateMachine ApplyTransaction Thread - 0] INFO  volume.OMVolumeCreateRequest (OMVolumeCreateRequest.java:validateAndUpdateCache(195)) - created volume:vol-14089 for user:runner
2023-02-28 20:09:48,780 [Time-limited test] INFO  rpc.RpcClient (RpcClient.java:createBucket(698)) - Creating Bucket: vol-14089/buc-62536, with server-side default bucket layout, runner as owner, Versioning false, Storage Type set to DISK and Encryption set to false, Replication Type set to server-side default replication type, Namespace Quota set to -1, Space Quota set to -1 
2023-02-28 20:09:48,782 [OM StateMachine ApplyTransaction Thread - 0] INFO  bucket.OMBucketCreateRequest (OMBucketCreateRequest.java:validateAndUpdateCache(263)) - created bucket: buc-62536 of layout FILE_SYSTEM_OPTIMIZED in volume: vol-14089
2023-02-28 20:09:48,783 [OM StateMachine ApplyTransaction Thread - 0] INFO  bucket.OMBucketCreateRequest (OMBucketCreateRequest.java:validateAndUpdateCache(263)) - created bucket: buc-62536 of layout FILE_SYSTEM_OPTIMIZED in volume: vol-14089
2023-02-28 20:09:48,784 [OM StateMachine ApplyTransaction Thread - 0] INFO  bucket.OMBucketCreateRequest (OMBucketCreateRequest.java:validateAndUpdateCache(263)) - created bucket: buc-62536 of layout FILE_SYSTEM_OPTIMIZED in volume: vol-14089
2023-02-28 20:09:48,813 [OM StateMachine ApplyTransaction Thread - 0] INFO  snapshot.OMSnapshotCreateRequest (OMSnapshotCreateRequest.java:validateAndUpdateCache(180)) - Created snapshot '9d9ca484-a13e-4785-a119-ac3a12222171' under path 'vol-14089/buc-62536'
2023-02-28 20:09:48,814 [OM StateMachine ApplyTransaction Thread - 0] INFO  snapshot.OMSnapshotCreateRequest (OMSnapshotCreateRequest.java:validateAndUpdateCache(180)) - Created snapshot '9d9ca484-a13e-4785-a119-ac3a12222171' under path 'vol-14089/buc-62536'
2023-02-28 20:09:48,815 [OM StateMachine ApplyTransaction Thread - 0] INFO  snapshot.OMSnapshotCreateRequest (OMSnapshotCreateRequest.java:validateAndUpdateCache(180)) - Created snapshot '9d9ca484-a13e-4785-a119-ac3a12222171' under path 'vol-14089/buc-62536'
2023-02-28 20:09:48,849 [OMDoubleBufferFlushThread] INFO  db.RDBCheckpointManager (RDBCheckpointManager.java:createCheckpoint(96)) - Created checkpoint in rocksDB at /home/runner/work/ozone/ozone/hadoop-ozone/integration-test/target/test-dir/MiniOzoneClusterImpl-58db5c20-d6df-4fe1-a747-1f1a0fc9447e/omNode-2/db.snapshots/om.db-c379d070-78ff-4786-b950-72f6c737f86f in 33 milliseconds
2023-02-28 20:09:48,851 [OMDoubleBufferFlushThread] INFO  db.RDBCheckpointManager (RDBCheckpointManager.java:waitForCheckpointDirectoryExist(125)) - Waited for 2 milliseconds for checkpoint directory /home/runner/work/ozone/ozone/hadoop-ozone/integration-test/target/test-dir/MiniOzoneClusterImpl-58db5c20-d6df-4fe1-a747-1f1a0fc9447e/omNode-2/db.snapshots/om.db-c379d070-78ff-4786-b950-72f6c737f86f availability.
2023-02-28 20:09:48,851 [OMDoubleBufferFlushThread] INFO  om.OmSnapshotManager (OmSnapshotManager.java:createOmSnapshotCheckpoint(163)) - Created checkpoint : /home/runner/work/ozone/ozone/hadoop-ozone/integration-test/target/test-dir/MiniOzoneClusterImpl-58db5c20-d6df-4fe1-a747-1f1a0fc9447e/omNode-2/db.snapshots/om.db-c379d070-78ff-4786-b950-72f6c737f86f for snapshot 9d9ca484-a13e-4785-a119-ac3a12222171
2023-02-28 20:09:48,858 [OMDoubleBufferFlushThread] INFO  db.RDBCheckpointManager (RDBCheckpointManager.java:createCheckpoint(96)) - Created checkpoint in rocksDB at /home/runner/work/ozone/ozone/hadoop-ozone/integration-test/target/test-dir/MiniOzoneClusterImpl-58db5c20-d6df-4fe1-a747-1f1a0fc9447e/omNode-3/db.snapshots/om.db-c379d070-78ff-4786-b950-72f6c737f86f in 43 milliseconds
2023-02-28 20:09:48,859 [OMDoubleBufferFlushThread] INFO  db.RDBCheckpointManager (RDBCheckpointManager.java:createCheckpoint(96)) - Created checkpoint in rocksDB at /home/runner/work/ozone/ozone/hadoop-ozone/integration-test/target/test-dir/MiniOzoneClusterImpl-58db5c20-d6df-4fe1-a747-1f1a0fc9447e/omNode-1/db.snapshots/om.db-c379d070-78ff-4786-b950-72f6c737f86f in 44 milliseconds
2023-02-28 20:09:48,859 [OMDoubleBufferFlushThread] INFO  db.RDBCheckpointManager (RDBCheckpointManager.java:waitForCheckpointDirectoryExist(125)) - Waited for 1 milliseconds for checkpoint directory /home/runner/work/ozone/ozone/hadoop-ozone/integration-test/target/test-dir/MiniOzoneClusterImpl-58db5c20-d6df-4fe1-a747-1f1a0fc9447e/omNode-3/db.snapshots/om.db-c379d070-78ff-4786-b950-72f6c737f86f availability.
2023-02-28 20:09:48,859 [OMDoubleBufferFlushThread] INFO  om.OmSnapshotManager (OmSnapshotManager.java:createOmSnapshotCheckpoint(163)) - Created checkpoint : /home/runner/work/ozone/ozone/hadoop-ozone/integration-test/target/test-dir/MiniOzoneClusterImpl-58db5c20-d6df-4fe1-a747-1f1a0fc9447e/omNode-3/db.snapshots/om.db-c379d070-78ff-4786-b950-72f6c737f86f for snapshot 9d9ca484-a13e-4785-a119-ac3a12222171
2023-02-28 20:09:48,860 [OMDoubleBufferFlushThread] INFO  db.RDBCheckpointManager (RDBCheckpointManager.java:waitForCheckpointDirectoryExist(125)) - Waited for 1 milliseconds for checkpoint directory /home/runner/work/ozone/ozone/hadoop-ozone/integration-test/target/test-dir/MiniOzoneClusterImpl-58db5c20-d6df-4fe1-a747-1f1a0fc9447e/omNode-1/db.snapshots/om.db-c379d070-78ff-4786-b950-72f6c737f86f availability.
2023-02-28 20:09:48,860 [OMDoubleBufferFlushThread] INFO  om.OmSnapshotManager (OmSnapshotManager.java:createOmSnapshotCheckpoint(163)) - Created checkpoint : /home/runner/work/ozone/ozone/hadoop-ozone/integration-test/target/test-dir/MiniOzoneClusterImpl-58db5c20-d6df-4fe1-a747-1f1a0fc9447e/omNode-1/db.snapshots/om.db-c379d070-78ff-4786-b950-72f6c737f86f for snapshot 9d9ca484-a13e-4785-a119-ac3a12222171
2023-02-28 20:09:49,824 [IPC Server handler 6 on default port 36591] WARN  server.ServerUtils (ServerUtils.java:getDBPath(225)) - ozone.om.db.dirs is not configured. We recommend adding this setting. Falling back to ozone.metadata.dirs instead.
2023-02-28 20:09:49,825 [IPC Server handler 6 on default port 36591] INFO  codec.OmKeyInfoCodec (OmKeyInfoCodec.java:<init>(49)) - OmKeyInfoCodec ignorePipeline = true
2023-02-28 20:09:49,825 [IPC Server handler 6 on default port 36591] INFO  codec.RepeatedOmKeyInfoCodec (RepeatedOmKeyInfoCodec.java:<init>(41)) - RepeatedOmKeyInfoCodec ignorePipeline = true
20:09:49.868 [IPC Server handler 7 on default port 36591] ERROR OMAudit - user=runner | ip=127.0.0.1 | op=GET_FILE_STATUS {volume=vol-14089, bucket=buc-62536, key=key-, dataSize=0, replicationConfig=null} | ret=FAILURE
org.apache.hadoop.ozone.om.exceptions.OMException: Unable to get file status: volume: vol-14089 bucket: buc-62536 key: key-
	at org.apache.hadoop.ozone.om.KeyManagerImpl.getOzoneFileStatusFSO(KeyManagerImpl.java:1285) ~[ozone-manager-1.4.0-SNAPSHOT.jar:?]
	at org.apache.hadoop.ozone.om.KeyManagerImpl.getFileStatus(KeyManagerImpl.java:1077) ~[ozone-manager-1.4.0-SNAPSHOT.jar:?]
	at org.apache.hadoop.ozone.om.OmMetadataReader.getFileStatus(OmMetadataReader.java:288) ~[ozone-manager-1.4.0-SNAPSHOT.jar:?]
	at org.apache.hadoop.ozone.om.OmSnapshot.getFileStatus(OmSnapshot.java:118) ~[ozone-manager-1.4.0-SNAPSHOT.jar:?]
	at org.apache.hadoop.ozone.om.OzoneManager.getFileStatus(OzoneManager.java:3481) ~[ozone-manager-1.4.0-SNAPSHOT.jar:?]
	at org.apache.hadoop.ozone.protocolPB.OzoneManagerRequestHandler.getOzoneFileStatus(OzoneManagerRequestHandler.java:933) ~[ozone-manager-1.4.0-SNAPSHOT.jar:?]
	at org.apache.hadoop.ozone.protocolPB.OzoneManagerRequestHandler.handleReadRequest(OzoneManagerRequestHandler.java:238) ~[ozone-manager-1.4.0-SNAPSHOT.jar:?]
	at org.apache.hadoop.ozone.protocolPB.OzoneManagerProtocolServerSideTranslatorPB.submitReadRequestToOM(OzoneManagerProtocolServerSideTranslatorPB.java:223) ~[ozone-manager-1.4.0-SNAPSHOT.jar:?]
	at org.apache.hadoop.ozone.protocolPB.OzoneManagerProtocolServerSideTranslatorPB.processRequest(OzoneManagerProtocolServerSideTranslatorPB.java:177) ~[ozone-manager-1.4.0-SNAPSHOT.jar:?]
	at org.apache.hadoop.hdds.server.OzoneProtocolMessageDispatcher.processRequest(OzoneProtocolMessageDispatcher.java:87) [hdds-server-framework-1.4.0-SNAPSHOT.jar:?]
	at org.apache.hadoop.ozone.protocolPB.OzoneManagerProtocolServerSideTranslatorPB.submitRequest(OzoneManagerProtocolServerSideTranslatorPB.java:147) [ozone-manager-1.4.0-SNAPSHOT.jar:?]
	at org.apache.hadoop.ozone.protocol.proto.OzoneManagerProtocolProtos$OzoneManagerService$2.callBlockingMethod(OzoneManagerProtocolProtos.java) [ozone-interface-client-1.4.0-SNAPSHOT.jar:?]
	at org.apache.hadoop.ipc.ProtobufRpcEngine$Server.processCall(ProtobufRpcEngine.java:465) [hadoop-common-3.3.4.jar:?]
	at org.apache.hadoop.ipc.ProtobufRpcEngine2$Server$ProtoBufRpcInvoker.call(ProtobufRpcEngine2.java:578) [hadoop-common-3.3.4.jar:?]
	at org.apache.hadoop.ipc.ProtobufRpcEngine2$Server$ProtoBufRpcInvoker.call(ProtobufRpcEngine2.java:556) [hadoop-common-3.3.4.jar:?]
	at org.apache.hadoop.ipc.RPC$Server.call(RPC.java:1093) [hadoop-common-3.3.4.jar:?]
	at org.apache.hadoop.ipc.Server$RpcCall.run(Server.java:1043) [hadoop-common-3.3.4.jar:?]
	at org.apache.hadoop.ipc.Server$RpcCall.run(Server.java:971) [hadoop-common-3.3.4.jar:?]
	at java.security.AccessController.doPrivileged(Native Method) ~[?:1.8.0_362]
	at javax.security.auth.Subject.doAs(Subject.java:422) [?:1.8.0_362]
	at org.apache.hadoop.security.UserGroupInformation.doAs(UserGroupInformation.java:1878) [hadoop-common-3.3.4.jar:?]
	at org.apache.hadoop.ipc.Server$Handler.run(Server.java:2976) [hadoop-common-3.3.4.jar:?]
2023-02-28 20:09:49,873 [OM StateMachine ApplyTransaction Thread - 0] INFO  snapshot.OMSnapshotCreateRequest (OMSnapshotCreateRequest.java:validateAndUpdateCache(180)) - Created snapshot 'aae1a362-1993-453d-8ace-5e64a58bd922' under path 'vol-14089/buc-62536'
2023-02-28 20:09:49,875 [OM StateMachine ApplyTransaction Thread - 0] INFO  snapshot.OMSnapshotCreateRequest (OMSnapshotCreateRequest.java:validateAndUpdateCache(180)) - Created snapshot 'aae1a362-1993-453d-8ace-5e64a58bd922' under path 'vol-14089/buc-62536'
2023-02-28 20:09:49,875 [OM StateMachine ApplyTransaction Thread - 0] INFO  snapshot.OMSnapshotCreateRequest (OMSnapshotCreateRequest.java:validateAndUpdateCache(180)) - Created snapshot 'aae1a362-1993-453d-8ace-5e64a58bd922' under path 'vol-14089/buc-62536'
2023-02-28 20:09:49,897 [OMDoubleBufferFlushThread] INFO  db.RDBCheckpointManager (RDBCheckpointManager.java:createCheckpoint(96)) - Created checkpoint in rocksDB at /home/runner/work/ozone/ozone/hadoop-ozone/integration-test/target/test-dir/MiniOzoneClusterImpl-58db5c20-d6df-4fe1-a747-1f1a0fc9447e/omNode-1/db.snapshots/om.db-1d4d1e2f-f8dc-4844-b263-536b7285edf4 in 21 milliseconds
2023-02-28 20:09:49,901 [OMDoubleBufferFlushThread] INFO  db.RDBCheckpointManager (RDBCheckpointManager.java:waitForCheckpointDirectoryExist(125)) - Waited for 4 milliseconds for checkpoint directory /home/runner/work/ozone/ozone/hadoop-ozone/integration-test/target/test-dir/MiniOzoneClusterImpl-58db5c20-d6df-4fe1-a747-1f1a0fc9447e/omNode-1/db.snapshots/om.db-1d4d1e2f-f8dc-4844-b263-536b7285edf4 availability.
2023-02-28 20:09:49,901 [OMDoubleBufferFlushThread] INFO  om.OmSnapshotManager (OmSnapshotManager.java:createOmSnapshotCheckpoint(163)) - Created checkpoint : /home/runner/work/ozone/ozone/hadoop-ozone/integration-test/target/test-dir/MiniOzoneClusterImpl-58db5c20-d6df-4fe1-a747-1f1a0fc9447e/omNode-1/db.snapshots/om.db-1d4d1e2f-f8dc-4844-b263-536b7285edf4 for snapshot aae1a362-1993-453d-8ace-5e64a58bd922
2023-02-28 20:09:49,903 [OMDoubleBufferFlushThread] INFO  db.RDBCheckpointManager (RDBCheckpointManager.java:createCheckpoint(96)) - Created checkpoint in rocksDB at /home/runner/work/ozone/ozone/hadoop-ozone/integration-test/target/test-dir/MiniOzoneClusterImpl-58db5c20-d6df-4fe1-a747-1f1a0fc9447e/omNode-3/db.snapshots/om.db-1d4d1e2f-f8dc-4844-b263-536b7285edf4 in 27 milliseconds
2023-02-28 20:09:49,907 [OMDoubleBufferFlushThread] INFO  db.RDBCheckpointManager (RDBCheckpointManager.java:waitForCheckpointDirectoryExist(125)) - Waited for 4 milliseconds for checkpoint directory /home/runner/work/ozone/ozone/hadoop-ozone/integration-test/target/test-dir/MiniOzoneClusterImpl-58db5c20-d6df-4fe1-a747-1f1a0fc9447e/omNode-3/db.snapshots/om.db-1d4d1e2f-f8dc-4844-b263-536b7285edf4 availability.
2023-02-28 20:09:49,907 [OMDoubleBufferFlushThread] INFO  om.OmSnapshotManager (OmSnapshotManager.java:createOmSnapshotCheckpoint(163)) - Created checkpoint : /home/runner/work/ozone/ozone/hadoop-ozone/integration-test/target/test-dir/MiniOzoneClusterImpl-58db5c20-d6df-4fe1-a747-1f1a0fc9447e/omNode-3/db.snapshots/om.db-1d4d1e2f-f8dc-4844-b263-536b7285edf4 for snapshot aae1a362-1993-453d-8ace-5e64a58bd922
2023-02-28 20:09:49,914 [OMDoubleBufferFlushThread] INFO  db.RDBCheckpointManager (RDBCheckpointManager.java:createCheckpoint(96)) - Created checkpoint in rocksDB at /home/runner/work/ozone/ozone/hadoop-ozone/integration-test/target/test-dir/MiniOzoneClusterImpl-58db5c20-d6df-4fe1-a747-1f1a0fc9447e/omNode-2/db.snapshots/om.db-1d4d1e2f-f8dc-4844-b263-536b7285edf4 in 37 milliseconds
2023-02-28 20:09:49,914 [OMDoubleBufferFlushThread] INFO  db.RDBCheckpointManager (RDBCheckpointManager.java:waitForCheckpointDirectoryExist(125)) - Waited for 0 milliseconds for checkpoint directory /home/runner/work/ozone/ozone/hadoop-ozone/integration-test/target/test-dir/MiniOzoneClusterImpl-58db5c20-d6df-4fe1-a747-1f1a0fc9447e/omNode-2/db.snapshots/om.db-1d4d1e2f-f8dc-4844-b263-536b7285edf4 availability.
2023-02-28 20:09:49,914 [OMDoubleBufferFlushThread] INFO  om.OmSnapshotManager (OmSnapshotManager.java:createOmSnapshotCheckpoint(163)) - Created checkpoint : /home/runner/work/ozone/ozone/hadoop-ozone/integration-test/target/test-dir/MiniOzoneClusterImpl-58db5c20-d6df-4fe1-a747-1f1a0fc9447e/omNode-2/db.snapshots/om.db-1d4d1e2f-f8dc-4844-b263-536b7285edf4 for snapshot aae1a362-1993-453d-8ace-5e64a58bd922
2023-02-28 20:09:50,878 [IPC Server handler 16 on default port 36591] WARN  server.ServerUtils (ServerUtils.java:getDBPath(225)) - ozone.om.db.dirs is not configured. We recommend adding this setting. Falling back to ozone.metadata.dirs instead.
2023-02-28 20:09:50,879 [IPC Server handler 16 on default port 36591] INFO  codec.OmKeyInfoCodec (OmKeyInfoCodec.java:<init>(49)) - OmKeyInfoCodec ignorePipeline = true
2023-02-28 20:09:50,879 [IPC Server handler 16 on default port 36591] INFO  codec.RepeatedOmKeyInfoCodec (RepeatedOmKeyInfoCodec.java:<init>(41)) - RepeatedOmKeyInfoCodec ignorePipeline = true
]]></system-out>
  </testcase>
  <testcase name="testListDeleteKey" classname="TestOmSnapshot" time="2.109">
    <system-out><![CDATA[2023-02-28 20:10:44,900 [Time-limited test] INFO  rpc.RpcClient (RpcClient.java:createVolume(476)) - Creating Volume: vol-41726, with runner as owner and space quota set to -1 bytes, counts quota set to -1
2023-02-28 20:10:44,902 [OM StateMachine ApplyTransaction Thread - 0] INFO  volume.OMVolumeCreateRequest (OMVolumeCreateRequest.java:validateAndUpdateCache(195)) - created volume:vol-41726 for user:runner
2023-02-28 20:10:44,903 [OM StateMachine ApplyTransaction Thread - 0] INFO  volume.OMVolumeCreateRequest (OMVolumeCreateRequest.java:validateAndUpdateCache(195)) - created volume:vol-41726 for user:runner
2023-02-28 20:10:44,903 [OM StateMachine ApplyTransaction Thread - 0] INFO  volume.OMVolumeCreateRequest (OMVolumeCreateRequest.java:validateAndUpdateCache(195)) - created volume:vol-41726 for user:runner
2023-02-28 20:10:44,904 [Time-limited test] INFO  rpc.RpcClient (RpcClient.java:createBucket(698)) - Creating Bucket: vol-41726/buc-01863, with server-side default bucket layout, runner as owner, Versioning false, Storage Type set to DISK and Encryption set to false, Replication Type set to server-side default replication type, Namespace Quota set to -1, Space Quota set to -1 
2023-02-28 20:10:44,906 [OM StateMachine ApplyTransaction Thread - 0] INFO  bucket.OMBucketCreateRequest (OMBucketCreateRequest.java:validateAndUpdateCache(263)) - created bucket: buc-01863 of layout LEGACY in volume: vol-41726
2023-02-28 20:10:44,907 [OM StateMachine ApplyTransaction Thread - 0] INFO  bucket.OMBucketCreateRequest (OMBucketCreateRequest.java:validateAndUpdateCache(263)) - created bucket: buc-01863 of layout LEGACY in volume: vol-41726
2023-02-28 20:10:44,907 [OM StateMachine ApplyTransaction Thread - 0] INFO  bucket.OMBucketCreateRequest (OMBucketCreateRequest.java:validateAndUpdateCache(263)) - created bucket: buc-01863 of layout LEGACY in volume: vol-41726
2023-02-28 20:10:44,927 [OM StateMachine ApplyTransaction Thread - 0] INFO  snapshot.OMSnapshotCreateRequest (OMSnapshotCreateRequest.java:validateAndUpdateCache(180)) - Created snapshot 'd9bc7f72-60d0-40a8-a4df-22cfdea74d40' under path 'vol-41726/buc-01863'
2023-02-28 20:10:44,928 [OM StateMachine ApplyTransaction Thread - 0] INFO  snapshot.OMSnapshotCreateRequest (OMSnapshotCreateRequest.java:validateAndUpdateCache(180)) - Created snapshot 'd9bc7f72-60d0-40a8-a4df-22cfdea74d40' under path 'vol-41726/buc-01863'
2023-02-28 20:10:44,929 [OM StateMachine ApplyTransaction Thread - 0] INFO  snapshot.OMSnapshotCreateRequest (OMSnapshotCreateRequest.java:validateAndUpdateCache(180)) - Created snapshot 'd9bc7f72-60d0-40a8-a4df-22cfdea74d40' under path 'vol-41726/buc-01863'
2023-02-28 20:10:44,962 [OMDoubleBufferFlushThread] INFO  db.RDBCheckpointManager (RDBCheckpointManager.java:createCheckpoint(96)) - Created checkpoint in rocksDB at /home/runner/work/ozone/ozone/hadoop-ozone/integration-test/target/test-dir/MiniOzoneClusterImpl-9e11fa7e-4972-4825-87e7-ebdcd03a38ce/omNode-1/db.snapshots/om.db-cc6b9940-044d-4b61-923f-0231e9224271 in 33 milliseconds
2023-02-28 20:10:44,966 [OMDoubleBufferFlushThread] INFO  db.RDBCheckpointManager (RDBCheckpointManager.java:waitForCheckpointDirectoryExist(125)) - Waited for 4 milliseconds for checkpoint directory /home/runner/work/ozone/ozone/hadoop-ozone/integration-test/target/test-dir/MiniOzoneClusterImpl-9e11fa7e-4972-4825-87e7-ebdcd03a38ce/omNode-1/db.snapshots/om.db-cc6b9940-044d-4b61-923f-0231e9224271 availability.
2023-02-28 20:10:44,966 [OMDoubleBufferFlushThread] INFO  om.OmSnapshotManager (OmSnapshotManager.java:createOmSnapshotCheckpoint(163)) - Created checkpoint : /home/runner/work/ozone/ozone/hadoop-ozone/integration-test/target/test-dir/MiniOzoneClusterImpl-9e11fa7e-4972-4825-87e7-ebdcd03a38ce/omNode-1/db.snapshots/om.db-cc6b9940-044d-4b61-923f-0231e9224271 for snapshot d9bc7f72-60d0-40a8-a4df-22cfdea74d40
2023-02-28 20:10:44,970 [OMDoubleBufferFlushThread] INFO  db.RDBCheckpointManager (RDBCheckpointManager.java:createCheckpoint(96)) - Created checkpoint in rocksDB at /home/runner/work/ozone/ozone/hadoop-ozone/integration-test/target/test-dir/MiniOzoneClusterImpl-9e11fa7e-4972-4825-87e7-ebdcd03a38ce/omNode-3/db.snapshots/om.db-cc6b9940-044d-4b61-923f-0231e9224271 in 40 milliseconds
2023-02-28 20:10:44,971 [OMDoubleBufferFlushThread] INFO  db.RDBCheckpointManager (RDBCheckpointManager.java:waitForCheckpointDirectoryExist(125)) - Waited for 1 milliseconds for checkpoint directory /home/runner/work/ozone/ozone/hadoop-ozone/integration-test/target/test-dir/MiniOzoneClusterImpl-9e11fa7e-4972-4825-87e7-ebdcd03a38ce/omNode-3/db.snapshots/om.db-cc6b9940-044d-4b61-923f-0231e9224271 availability.
2023-02-28 20:10:44,971 [OMDoubleBufferFlushThread] INFO  om.OmSnapshotManager (OmSnapshotManager.java:createOmSnapshotCheckpoint(163)) - Created checkpoint : /home/runner/work/ozone/ozone/hadoop-ozone/integration-test/target/test-dir/MiniOzoneClusterImpl-9e11fa7e-4972-4825-87e7-ebdcd03a38ce/omNode-3/db.snapshots/om.db-cc6b9940-044d-4b61-923f-0231e9224271 for snapshot d9bc7f72-60d0-40a8-a4df-22cfdea74d40
2023-02-28 20:10:44,976 [OMDoubleBufferFlushThread] INFO  db.RDBCheckpointManager (RDBCheckpointManager.java:createCheckpoint(96)) - Created checkpoint in rocksDB at /home/runner/work/ozone/ozone/hadoop-ozone/integration-test/target/test-dir/MiniOzoneClusterImpl-9e11fa7e-4972-4825-87e7-ebdcd03a38ce/omNode-2/db.snapshots/om.db-cc6b9940-044d-4b61-923f-0231e9224271 in 45 milliseconds
2023-02-28 20:10:44,976 [OMDoubleBufferFlushThread] INFO  db.RDBCheckpointManager (RDBCheckpointManager.java:waitForCheckpointDirectoryExist(125)) - Waited for 0 milliseconds for checkpoint directory /home/runner/work/ozone/ozone/hadoop-ozone/integration-test/target/test-dir/MiniOzoneClusterImpl-9e11fa7e-4972-4825-87e7-ebdcd03a38ce/omNode-2/db.snapshots/om.db-cc6b9940-044d-4b61-923f-0231e9224271 availability.
2023-02-28 20:10:44,976 [OMDoubleBufferFlushThread] INFO  om.OmSnapshotManager (OmSnapshotManager.java:createOmSnapshotCheckpoint(163)) - Created checkpoint : /home/runner/work/ozone/ozone/hadoop-ozone/integration-test/target/test-dir/MiniOzoneClusterImpl-9e11fa7e-4972-4825-87e7-ebdcd03a38ce/omNode-2/db.snapshots/om.db-cc6b9940-044d-4b61-923f-0231e9224271 for snapshot d9bc7f72-60d0-40a8-a4df-22cfdea74d40
2023-02-28 20:10:45,936 [IPC Server handler 6 on default port 38823] WARN  server.ServerUtils (ServerUtils.java:getDBPath(225)) - ozone.om.db.dirs is not configured. We recommend adding this setting. Falling back to ozone.metadata.dirs instead.
2023-02-28 20:10:45,936 [IPC Server handler 6 on default port 38823] INFO  codec.OmKeyInfoCodec (OmKeyInfoCodec.java:<init>(49)) - OmKeyInfoCodec ignorePipeline = true
2023-02-28 20:10:45,936 [IPC Server handler 6 on default port 38823] INFO  codec.RepeatedOmKeyInfoCodec (RepeatedOmKeyInfoCodec.java:<init>(41)) - RepeatedOmKeyInfoCodec ignorePipeline = true
2023-02-28 20:10:45,973 [OM StateMachine ApplyTransaction Thread - 0] INFO  snapshot.OMSnapshotCreateRequest (OMSnapshotCreateRequest.java:validateAndUpdateCache(180)) - Created snapshot '32ca8c99-c8a1-4bf9-b9df-cb57d64dca6f' under path 'vol-41726/buc-01863'
2023-02-28 20:10:45,974 [OM StateMachine ApplyTransaction Thread - 0] INFO  snapshot.OMSnapshotCreateRequest (OMSnapshotCreateRequest.java:validateAndUpdateCache(180)) - Created snapshot '32ca8c99-c8a1-4bf9-b9df-cb57d64dca6f' under path 'vol-41726/buc-01863'
2023-02-28 20:10:45,975 [OM StateMachine ApplyTransaction Thread - 0] INFO  snapshot.OMSnapshotCreateRequest (OMSnapshotCreateRequest.java:validateAndUpdateCache(180)) - Created snapshot '32ca8c99-c8a1-4bf9-b9df-cb57d64dca6f' under path 'vol-41726/buc-01863'
2023-02-28 20:10:45,995 [OMDoubleBufferFlushThread] INFO  db.RDBCheckpointManager (RDBCheckpointManager.java:createCheckpoint(96)) - Created checkpoint in rocksDB at /home/runner/work/ozone/ozone/hadoop-ozone/integration-test/target/test-dir/MiniOzoneClusterImpl-9e11fa7e-4972-4825-87e7-ebdcd03a38ce/omNode-3/db.snapshots/om.db-c0077e78-dac3-46c1-a211-dcedfcca379d in 20 milliseconds
2023-02-28 20:10:45,997 [OMDoubleBufferFlushThread] INFO  db.RDBCheckpointManager (RDBCheckpointManager.java:waitForCheckpointDirectoryExist(125)) - Waited for 2 milliseconds for checkpoint directory /home/runner/work/ozone/ozone/hadoop-ozone/integration-test/target/test-dir/MiniOzoneClusterImpl-9e11fa7e-4972-4825-87e7-ebdcd03a38ce/omNode-3/db.snapshots/om.db-c0077e78-dac3-46c1-a211-dcedfcca379d availability.
2023-02-28 20:10:45,998 [OMDoubleBufferFlushThread] INFO  om.OmSnapshotManager (OmSnapshotManager.java:createOmSnapshotCheckpoint(163)) - Created checkpoint : /home/runner/work/ozone/ozone/hadoop-ozone/integration-test/target/test-dir/MiniOzoneClusterImpl-9e11fa7e-4972-4825-87e7-ebdcd03a38ce/omNode-3/db.snapshots/om.db-c0077e78-dac3-46c1-a211-dcedfcca379d for snapshot 32ca8c99-c8a1-4bf9-b9df-cb57d64dca6f
2023-02-28 20:10:45,999 [OMDoubleBufferFlushThread] INFO  db.RDBCheckpointManager (RDBCheckpointManager.java:createCheckpoint(96)) - Created checkpoint in rocksDB at /home/runner/work/ozone/ozone/hadoop-ozone/integration-test/target/test-dir/MiniOzoneClusterImpl-9e11fa7e-4972-4825-87e7-ebdcd03a38ce/omNode-1/db.snapshots/om.db-c0077e78-dac3-46c1-a211-dcedfcca379d in 25 milliseconds
2023-02-28 20:10:45,999 [OMDoubleBufferFlushThread] INFO  db.RDBCheckpointManager (RDBCheckpointManager.java:createCheckpoint(96)) - Created checkpoint in rocksDB at /home/runner/work/ozone/ozone/hadoop-ozone/integration-test/target/test-dir/MiniOzoneClusterImpl-9e11fa7e-4972-4825-87e7-ebdcd03a38ce/omNode-2/db.snapshots/om.db-c0077e78-dac3-46c1-a211-dcedfcca379d in 23 milliseconds
2023-02-28 20:10:46,000 [OMDoubleBufferFlushThread] INFO  db.RDBCheckpointManager (RDBCheckpointManager.java:waitForCheckpointDirectoryExist(125)) - Waited for 1 milliseconds for checkpoint directory /home/runner/work/ozone/ozone/hadoop-ozone/integration-test/target/test-dir/MiniOzoneClusterImpl-9e11fa7e-4972-4825-87e7-ebdcd03a38ce/omNode-2/db.snapshots/om.db-c0077e78-dac3-46c1-a211-dcedfcca379d availability.
2023-02-28 20:10:46,000 [OMDoubleBufferFlushThread] INFO  om.OmSnapshotManager (OmSnapshotManager.java:createOmSnapshotCheckpoint(163)) - Created checkpoint : /home/runner/work/ozone/ozone/hadoop-ozone/integration-test/target/test-dir/MiniOzoneClusterImpl-9e11fa7e-4972-4825-87e7-ebdcd03a38ce/omNode-2/db.snapshots/om.db-c0077e78-dac3-46c1-a211-dcedfcca379d for snapshot 32ca8c99-c8a1-4bf9-b9df-cb57d64dca6f
2023-02-28 20:10:46,000 [OMDoubleBufferFlushThread] INFO  db.RDBCheckpointManager (RDBCheckpointManager.java:waitForCheckpointDirectoryExist(125)) - Waited for 1 milliseconds for checkpoint directory /home/runner/work/ozone/ozone/hadoop-ozone/integration-test/target/test-dir/MiniOzoneClusterImpl-9e11fa7e-4972-4825-87e7-ebdcd03a38ce/omNode-1/db.snapshots/om.db-c0077e78-dac3-46c1-a211-dcedfcca379d availability.
2023-02-28 20:10:46,000 [OMDoubleBufferFlushThread] INFO  om.OmSnapshotManager (OmSnapshotManager.java:createOmSnapshotCheckpoint(163)) - Created checkpoint : /home/runner/work/ozone/ozone/hadoop-ozone/integration-test/target/test-dir/MiniOzoneClusterImpl-9e11fa7e-4972-4825-87e7-ebdcd03a38ce/omNode-1/db.snapshots/om.db-c0077e78-dac3-46c1-a211-dcedfcca379d for snapshot 32ca8c99-c8a1-4bf9-b9df-cb57d64dca6f
2023-02-28 20:10:46,975 [IPC Server handler 10 on default port 38823] WARN  server.ServerUtils (ServerUtils.java:getDBPath(225)) - ozone.om.db.dirs is not configured. We recommend adding this setting. Falling back to ozone.metadata.dirs instead.
2023-02-28 20:10:46,975 [IPC Server handler 10 on default port 38823] INFO  codec.OmKeyInfoCodec (OmKeyInfoCodec.java:<init>(49)) - OmKeyInfoCodec ignorePipeline = true
2023-02-28 20:10:46,975 [IPC Server handler 10 on default port 38823] INFO  codec.RepeatedOmKeyInfoCodec (RepeatedOmKeyInfoCodec.java:<init>(41)) - RepeatedOmKeyInfoCodec ignorePipeline = true
]]></system-out>
  </testcase>
  <testcase name="testListAddNewKey" classname="TestOmSnapshot" time="2.19">
    <system-out><![CDATA[2023-02-28 20:08:56,438 [Time-limited test] INFO  rpc.RpcClient (RpcClient.java:createVolume(476)) - Creating Volume: vol-92847, with runner as owner and space quota set to -1 bytes, counts quota set to -1
2023-02-28 20:08:56,441 [OM StateMachine ApplyTransaction Thread - 0] INFO  volume.OMVolumeCreateRequest (OMVolumeCreateRequest.java:validateAndUpdateCache(195)) - created volume:vol-92847 for user:runner
2023-02-28 20:08:56,443 [OM StateMachine ApplyTransaction Thread - 0] INFO  volume.OMVolumeCreateRequest (OMVolumeCreateRequest.java:validateAndUpdateCache(195)) - created volume:vol-92847 for user:runner
2023-02-28 20:08:56,443 [Time-limited test] INFO  rpc.RpcClient (RpcClient.java:createBucket(698)) - Creating Bucket: vol-92847/buc-39568, with server-side default bucket layout, runner as owner, Versioning false, Storage Type set to DISK and Encryption set to false, Replication Type set to server-side default replication type, Namespace Quota set to -1, Space Quota set to -1 
2023-02-28 20:08:56,444 [OM StateMachine ApplyTransaction Thread - 0] INFO  volume.OMVolumeCreateRequest (OMVolumeCreateRequest.java:validateAndUpdateCache(195)) - created volume:vol-92847 for user:runner
2023-02-28 20:08:56,448 [OM StateMachine ApplyTransaction Thread - 0] INFO  bucket.OMBucketCreateRequest (OMBucketCreateRequest.java:validateAndUpdateCache(263)) - created bucket: buc-39568 of layout OBJECT_STORE in volume: vol-92847
2023-02-28 20:08:56,449 [OM StateMachine ApplyTransaction Thread - 0] INFO  bucket.OMBucketCreateRequest (OMBucketCreateRequest.java:validateAndUpdateCache(263)) - created bucket: buc-39568 of layout OBJECT_STORE in volume: vol-92847
2023-02-28 20:08:56,449 [OM StateMachine ApplyTransaction Thread - 0] INFO  bucket.OMBucketCreateRequest (OMBucketCreateRequest.java:validateAndUpdateCache(263)) - created bucket: buc-39568 of layout OBJECT_STORE in volume: vol-92847
2023-02-28 20:08:56,486 [OM StateMachine ApplyTransaction Thread - 0] INFO  snapshot.OMSnapshotCreateRequest (OMSnapshotCreateRequest.java:validateAndUpdateCache(180)) - Created snapshot 'ec8b6aa7-22e2-42d7-875c-103016319614' under path 'vol-92847/buc-39568'
2023-02-28 20:08:56,488 [OM StateMachine ApplyTransaction Thread - 0] INFO  snapshot.OMSnapshotCreateRequest (OMSnapshotCreateRequest.java:validateAndUpdateCache(180)) - Created snapshot 'ec8b6aa7-22e2-42d7-875c-103016319614' under path 'vol-92847/buc-39568'
2023-02-28 20:08:56,488 [OM StateMachine ApplyTransaction Thread - 0] INFO  snapshot.OMSnapshotCreateRequest (OMSnapshotCreateRequest.java:validateAndUpdateCache(180)) - Created snapshot 'ec8b6aa7-22e2-42d7-875c-103016319614' under path 'vol-92847/buc-39568'
2023-02-28 20:08:56,516 [OMDoubleBufferFlushThread] INFO  db.RDBCheckpointManager (RDBCheckpointManager.java:createCheckpoint(96)) - Created checkpoint in rocksDB at /home/runner/work/ozone/ozone/hadoop-ozone/integration-test/target/test-dir/MiniOzoneClusterImpl-e7d671b1-06ed-40aa-a52b-2678dd5bab1b/omNode-3/db.snapshots/om.db-13f120b5-0002-4cee-972b-be0124ea4f53 in 27 milliseconds
2023-02-28 20:08:56,518 [OMDoubleBufferFlushThread] INFO  db.RDBCheckpointManager (RDBCheckpointManager.java:waitForCheckpointDirectoryExist(125)) - Waited for 1 milliseconds for checkpoint directory /home/runner/work/ozone/ozone/hadoop-ozone/integration-test/target/test-dir/MiniOzoneClusterImpl-e7d671b1-06ed-40aa-a52b-2678dd5bab1b/omNode-3/db.snapshots/om.db-13f120b5-0002-4cee-972b-be0124ea4f53 availability.
2023-02-28 20:08:56,518 [OMDoubleBufferFlushThread] INFO  om.OmSnapshotManager (OmSnapshotManager.java:createOmSnapshotCheckpoint(163)) - Created checkpoint : /home/runner/work/ozone/ozone/hadoop-ozone/integration-test/target/test-dir/MiniOzoneClusterImpl-e7d671b1-06ed-40aa-a52b-2678dd5bab1b/omNode-3/db.snapshots/om.db-13f120b5-0002-4cee-972b-be0124ea4f53 for snapshot ec8b6aa7-22e2-42d7-875c-103016319614
2023-02-28 20:08:56,523 [OMDoubleBufferFlushThread] INFO  db.RDBCheckpointManager (RDBCheckpointManager.java:createCheckpoint(96)) - Created checkpoint in rocksDB at /home/runner/work/ozone/ozone/hadoop-ozone/integration-test/target/test-dir/MiniOzoneClusterImpl-e7d671b1-06ed-40aa-a52b-2678dd5bab1b/omNode-1/db.snapshots/om.db-13f120b5-0002-4cee-972b-be0124ea4f53 in 34 milliseconds
2023-02-28 20:08:56,524 [OMDoubleBufferFlushThread] INFO  db.RDBCheckpointManager (RDBCheckpointManager.java:waitForCheckpointDirectoryExist(125)) - Waited for 0 milliseconds for checkpoint directory /home/runner/work/ozone/ozone/hadoop-ozone/integration-test/target/test-dir/MiniOzoneClusterImpl-e7d671b1-06ed-40aa-a52b-2678dd5bab1b/omNode-1/db.snapshots/om.db-13f120b5-0002-4cee-972b-be0124ea4f53 availability.
2023-02-28 20:08:56,524 [OMDoubleBufferFlushThread] INFO  om.OmSnapshotManager (OmSnapshotManager.java:createOmSnapshotCheckpoint(163)) - Created checkpoint : /home/runner/work/ozone/ozone/hadoop-ozone/integration-test/target/test-dir/MiniOzoneClusterImpl-e7d671b1-06ed-40aa-a52b-2678dd5bab1b/omNode-1/db.snapshots/om.db-13f120b5-0002-4cee-972b-be0124ea4f53 for snapshot ec8b6aa7-22e2-42d7-875c-103016319614
2023-02-28 20:08:56,530 [OMDoubleBufferFlushThread] INFO  db.RDBCheckpointManager (RDBCheckpointManager.java:createCheckpoint(96)) - Created checkpoint in rocksDB at /home/runner/work/ozone/ozone/hadoop-ozone/integration-test/target/test-dir/MiniOzoneClusterImpl-e7d671b1-06ed-40aa-a52b-2678dd5bab1b/omNode-2/db.snapshots/om.db-13f120b5-0002-4cee-972b-be0124ea4f53 in 41 milliseconds
2023-02-28 20:08:56,531 [OMDoubleBufferFlushThread] INFO  db.RDBCheckpointManager (RDBCheckpointManager.java:waitForCheckpointDirectoryExist(125)) - Waited for 0 milliseconds for checkpoint directory /home/runner/work/ozone/ozone/hadoop-ozone/integration-test/target/test-dir/MiniOzoneClusterImpl-e7d671b1-06ed-40aa-a52b-2678dd5bab1b/omNode-2/db.snapshots/om.db-13f120b5-0002-4cee-972b-be0124ea4f53 availability.
2023-02-28 20:08:56,531 [OMDoubleBufferFlushThread] INFO  om.OmSnapshotManager (OmSnapshotManager.java:createOmSnapshotCheckpoint(163)) - Created checkpoint : /home/runner/work/ozone/ozone/hadoop-ozone/integration-test/target/test-dir/MiniOzoneClusterImpl-e7d671b1-06ed-40aa-a52b-2678dd5bab1b/omNode-2/db.snapshots/om.db-13f120b5-0002-4cee-972b-be0124ea4f53 for snapshot ec8b6aa7-22e2-42d7-875c-103016319614
2023-02-28 20:08:57,522 [OM StateMachine ApplyTransaction Thread - 0] INFO  snapshot.OMSnapshotCreateRequest (OMSnapshotCreateRequest.java:validateAndUpdateCache(180)) - Created snapshot 'e811e1d5-e19f-47e8-91f0-5e4e25be7f5d' under path 'vol-92847/buc-39568'
2023-02-28 20:08:57,523 [OM StateMachine ApplyTransaction Thread - 0] INFO  snapshot.OMSnapshotCreateRequest (OMSnapshotCreateRequest.java:validateAndUpdateCache(180)) - Created snapshot 'e811e1d5-e19f-47e8-91f0-5e4e25be7f5d' under path 'vol-92847/buc-39568'
2023-02-28 20:08:57,524 [OM StateMachine ApplyTransaction Thread - 0] INFO  snapshot.OMSnapshotCreateRequest (OMSnapshotCreateRequest.java:validateAndUpdateCache(180)) - Created snapshot 'e811e1d5-e19f-47e8-91f0-5e4e25be7f5d' under path 'vol-92847/buc-39568'
2023-02-28 20:08:57,547 [OMDoubleBufferFlushThread] INFO  db.RDBCheckpointManager (RDBCheckpointManager.java:createCheckpoint(96)) - Created checkpoint in rocksDB at /home/runner/work/ozone/ozone/hadoop-ozone/integration-test/target/test-dir/MiniOzoneClusterImpl-e7d671b1-06ed-40aa-a52b-2678dd5bab1b/omNode-3/db.snapshots/om.db-4171f46b-0bc1-460e-b153-f4fb33bcd050 in 21 milliseconds
2023-02-28 20:08:57,550 [OMDoubleBufferFlushThread] INFO  db.RDBCheckpointManager (RDBCheckpointManager.java:waitForCheckpointDirectoryExist(125)) - Waited for 3 milliseconds for checkpoint directory /home/runner/work/ozone/ozone/hadoop-ozone/integration-test/target/test-dir/MiniOzoneClusterImpl-e7d671b1-06ed-40aa-a52b-2678dd5bab1b/omNode-3/db.snapshots/om.db-4171f46b-0bc1-460e-b153-f4fb33bcd050 availability.
2023-02-28 20:08:57,551 [OMDoubleBufferFlushThread] INFO  om.OmSnapshotManager (OmSnapshotManager.java:createOmSnapshotCheckpoint(163)) - Created checkpoint : /home/runner/work/ozone/ozone/hadoop-ozone/integration-test/target/test-dir/MiniOzoneClusterImpl-e7d671b1-06ed-40aa-a52b-2678dd5bab1b/omNode-3/db.snapshots/om.db-4171f46b-0bc1-460e-b153-f4fb33bcd050 for snapshot e811e1d5-e19f-47e8-91f0-5e4e25be7f5d
2023-02-28 20:08:57,554 [OMDoubleBufferFlushThread] INFO  db.RDBCheckpointManager (RDBCheckpointManager.java:createCheckpoint(96)) - Created checkpoint in rocksDB at /home/runner/work/ozone/ozone/hadoop-ozone/integration-test/target/test-dir/MiniOzoneClusterImpl-e7d671b1-06ed-40aa-a52b-2678dd5bab1b/omNode-1/db.snapshots/om.db-4171f46b-0bc1-460e-b153-f4fb33bcd050 in 29 milliseconds
2023-02-28 20:08:57,554 [OMDoubleBufferFlushThread] INFO  db.RDBCheckpointManager (RDBCheckpointManager.java:waitForCheckpointDirectoryExist(125)) - Waited for 0 milliseconds for checkpoint directory /home/runner/work/ozone/ozone/hadoop-ozone/integration-test/target/test-dir/MiniOzoneClusterImpl-e7d671b1-06ed-40aa-a52b-2678dd5bab1b/omNode-1/db.snapshots/om.db-4171f46b-0bc1-460e-b153-f4fb33bcd050 availability.
2023-02-28 20:08:57,554 [OMDoubleBufferFlushThread] INFO  om.OmSnapshotManager (OmSnapshotManager.java:createOmSnapshotCheckpoint(163)) - Created checkpoint : /home/runner/work/ozone/ozone/hadoop-ozone/integration-test/target/test-dir/MiniOzoneClusterImpl-e7d671b1-06ed-40aa-a52b-2678dd5bab1b/omNode-1/db.snapshots/om.db-4171f46b-0bc1-460e-b153-f4fb33bcd050 for snapshot e811e1d5-e19f-47e8-91f0-5e4e25be7f5d
2023-02-28 20:08:57,558 [OMDoubleBufferFlushThread] INFO  db.RDBCheckpointManager (RDBCheckpointManager.java:createCheckpoint(96)) - Created checkpoint in rocksDB at /home/runner/work/ozone/ozone/hadoop-ozone/integration-test/target/test-dir/MiniOzoneClusterImpl-e7d671b1-06ed-40aa-a52b-2678dd5bab1b/omNode-2/db.snapshots/om.db-4171f46b-0bc1-460e-b153-f4fb33bcd050 in 31 milliseconds
2023-02-28 20:08:57,559 [OMDoubleBufferFlushThread] INFO  db.RDBCheckpointManager (RDBCheckpointManager.java:waitForCheckpointDirectoryExist(125)) - Waited for 1 milliseconds for checkpoint directory /home/runner/work/ozone/ozone/hadoop-ozone/integration-test/target/test-dir/MiniOzoneClusterImpl-e7d671b1-06ed-40aa-a52b-2678dd5bab1b/omNode-2/db.snapshots/om.db-4171f46b-0bc1-460e-b153-f4fb33bcd050 availability.
2023-02-28 20:08:57,559 [OMDoubleBufferFlushThread] INFO  om.OmSnapshotManager (OmSnapshotManager.java:createOmSnapshotCheckpoint(163)) - Created checkpoint : /home/runner/work/ozone/ozone/hadoop-ozone/integration-test/target/test-dir/MiniOzoneClusterImpl-e7d671b1-06ed-40aa-a52b-2678dd5bab1b/omNode-2/db.snapshots/om.db-4171f46b-0bc1-460e-b153-f4fb33bcd050 for snapshot e811e1d5-e19f-47e8-91f0-5e4e25be7f5d
2023-02-28 20:08:58,525 [IPC Server handler 14 on default port 39621] WARN  server.ServerUtils (ServerUtils.java:getDBPath(225)) - ozone.om.db.dirs is not configured. We recommend adding this setting. Falling back to ozone.metadata.dirs instead.
2023-02-28 20:08:58,526 [IPC Server handler 14 on default port 39621] INFO  codec.OmKeyInfoCodec (OmKeyInfoCodec.java:<init>(49)) - OmKeyInfoCodec ignorePipeline = true
2023-02-28 20:08:58,526 [IPC Server handler 14 on default port 39621] INFO  codec.RepeatedOmKeyInfoCodec (RepeatedOmKeyInfoCodec.java:<init>(41)) - RepeatedOmKeyInfoCodec ignorePipeline = true
2023-02-28 20:08:58,575 [IPC Server handler 19 on default port 39621] WARN  server.ServerUtils (ServerUtils.java:getDBPath(225)) - ozone.om.db.dirs is not configured. We recommend adding this setting. Falling back to ozone.metadata.dirs instead.
2023-02-28 20:08:58,576 [IPC Server handler 19 on default port 39621] INFO  codec.OmKeyInfoCodec (OmKeyInfoCodec.java:<init>(49)) - OmKeyInfoCodec ignorePipeline = true
2023-02-28 20:08:58,576 [IPC Server handler 19 on default port 39621] INFO  codec.RepeatedOmKeyInfoCodec (RepeatedOmKeyInfoCodec.java:<init>(41)) - RepeatedOmKeyInfoCodec ignorePipeline = true
]]></system-out>
  </testcase>
  <testcase name="testListAddNewKey" classname="TestOmSnapshot" time="2.175">
    <system-out><![CDATA[2023-02-28 20:09:50,918 [Time-limited test] INFO  rpc.RpcClient (RpcClient.java:createVolume(476)) - Creating Volume: vol-36771, with runner as owner and space quota set to -1 bytes, counts quota set to -1
2023-02-28 20:09:50,921 [OM StateMachine ApplyTransaction Thread - 0] INFO  volume.OMVolumeCreateRequest (OMVolumeCreateRequest.java:validateAndUpdateCache(195)) - created volume:vol-36771 for user:runner
2023-02-28 20:09:50,923 [OM StateMachine ApplyTransaction Thread - 0] INFO  volume.OMVolumeCreateRequest (OMVolumeCreateRequest.java:validateAndUpdateCache(195)) - created volume:vol-36771 for user:runner
2023-02-28 20:09:50,923 [OM StateMachine ApplyTransaction Thread - 0] INFO  volume.OMVolumeCreateRequest (OMVolumeCreateRequest.java:validateAndUpdateCache(195)) - created volume:vol-36771 for user:runner
2023-02-28 20:09:50,923 [Time-limited test] INFO  rpc.RpcClient (RpcClient.java:createBucket(698)) - Creating Bucket: vol-36771/buc-34330, with server-side default bucket layout, runner as owner, Versioning false, Storage Type set to DISK and Encryption set to false, Replication Type set to server-side default replication type, Namespace Quota set to -1, Space Quota set to -1 
2023-02-28 20:09:50,928 [OM StateMachine ApplyTransaction Thread - 0] INFO  bucket.OMBucketCreateRequest (OMBucketCreateRequest.java:validateAndUpdateCache(263)) - created bucket: buc-34330 of layout FILE_SYSTEM_OPTIMIZED in volume: vol-36771
2023-02-28 20:09:50,930 [OM StateMachine ApplyTransaction Thread - 0] INFO  bucket.OMBucketCreateRequest (OMBucketCreateRequest.java:validateAndUpdateCache(263)) - created bucket: buc-34330 of layout FILE_SYSTEM_OPTIMIZED in volume: vol-36771
2023-02-28 20:09:50,930 [OM StateMachine ApplyTransaction Thread - 0] INFO  bucket.OMBucketCreateRequest (OMBucketCreateRequest.java:validateAndUpdateCache(263)) - created bucket: buc-34330 of layout FILE_SYSTEM_OPTIMIZED in volume: vol-36771
2023-02-28 20:09:50,961 [OM StateMachine ApplyTransaction Thread - 0] INFO  snapshot.OMSnapshotCreateRequest (OMSnapshotCreateRequest.java:validateAndUpdateCache(180)) - Created snapshot '36ec908d-eff2-4a68-aa24-7387ac18a2d2' under path 'vol-36771/buc-34330'
2023-02-28 20:09:50,962 [OM StateMachine ApplyTransaction Thread - 0] INFO  snapshot.OMSnapshotCreateRequest (OMSnapshotCreateRequest.java:validateAndUpdateCache(180)) - Created snapshot '36ec908d-eff2-4a68-aa24-7387ac18a2d2' under path 'vol-36771/buc-34330'
2023-02-28 20:09:50,962 [OM StateMachine ApplyTransaction Thread - 0] INFO  snapshot.OMSnapshotCreateRequest (OMSnapshotCreateRequest.java:validateAndUpdateCache(180)) - Created snapshot '36ec908d-eff2-4a68-aa24-7387ac18a2d2' under path 'vol-36771/buc-34330'
2023-02-28 20:09:50,996 [OMDoubleBufferFlushThread] INFO  db.RDBCheckpointManager (RDBCheckpointManager.java:createCheckpoint(96)) - Created checkpoint in rocksDB at /home/runner/work/ozone/ozone/hadoop-ozone/integration-test/target/test-dir/MiniOzoneClusterImpl-58db5c20-d6df-4fe1-a747-1f1a0fc9447e/omNode-1/db.snapshots/om.db-aadc4513-5598-4a37-9e2d-5aaf61a324d3 in 33 milliseconds
2023-02-28 20:09:50,997 [OMDoubleBufferFlushThread] INFO  db.RDBCheckpointManager (RDBCheckpointManager.java:waitForCheckpointDirectoryExist(125)) - Waited for 1 milliseconds for checkpoint directory /home/runner/work/ozone/ozone/hadoop-ozone/integration-test/target/test-dir/MiniOzoneClusterImpl-58db5c20-d6df-4fe1-a747-1f1a0fc9447e/omNode-1/db.snapshots/om.db-aadc4513-5598-4a37-9e2d-5aaf61a324d3 availability.
2023-02-28 20:09:50,997 [OMDoubleBufferFlushThread] INFO  om.OmSnapshotManager (OmSnapshotManager.java:createOmSnapshotCheckpoint(163)) - Created checkpoint : /home/runner/work/ozone/ozone/hadoop-ozone/integration-test/target/test-dir/MiniOzoneClusterImpl-58db5c20-d6df-4fe1-a747-1f1a0fc9447e/omNode-1/db.snapshots/om.db-aadc4513-5598-4a37-9e2d-5aaf61a324d3 for snapshot 36ec908d-eff2-4a68-aa24-7387ac18a2d2
2023-02-28 20:09:51,006 [OMDoubleBufferFlushThread] INFO  db.RDBCheckpointManager (RDBCheckpointManager.java:createCheckpoint(96)) - Created checkpoint in rocksDB at /home/runner/work/ozone/ozone/hadoop-ozone/integration-test/target/test-dir/MiniOzoneClusterImpl-58db5c20-d6df-4fe1-a747-1f1a0fc9447e/omNode-3/db.snapshots/om.db-aadc4513-5598-4a37-9e2d-5aaf61a324d3 in 41 milliseconds
2023-02-28 20:09:51,007 [OMDoubleBufferFlushThread] INFO  db.RDBCheckpointManager (RDBCheckpointManager.java:waitForCheckpointDirectoryExist(125)) - Waited for 1 milliseconds for checkpoint directory /home/runner/work/ozone/ozone/hadoop-ozone/integration-test/target/test-dir/MiniOzoneClusterImpl-58db5c20-d6df-4fe1-a747-1f1a0fc9447e/omNode-3/db.snapshots/om.db-aadc4513-5598-4a37-9e2d-5aaf61a324d3 availability.
2023-02-28 20:09:51,007 [OMDoubleBufferFlushThread] INFO  om.OmSnapshotManager (OmSnapshotManager.java:createOmSnapshotCheckpoint(163)) - Created checkpoint : /home/runner/work/ozone/ozone/hadoop-ozone/integration-test/target/test-dir/MiniOzoneClusterImpl-58db5c20-d6df-4fe1-a747-1f1a0fc9447e/omNode-3/db.snapshots/om.db-aadc4513-5598-4a37-9e2d-5aaf61a324d3 for snapshot 36ec908d-eff2-4a68-aa24-7387ac18a2d2
2023-02-28 20:09:51,008 [OMDoubleBufferFlushThread] INFO  db.RDBCheckpointManager (RDBCheckpointManager.java:createCheckpoint(96)) - Created checkpoint in rocksDB at /home/runner/work/ozone/ozone/hadoop-ozone/integration-test/target/test-dir/MiniOzoneClusterImpl-58db5c20-d6df-4fe1-a747-1f1a0fc9447e/omNode-2/db.snapshots/om.db-aadc4513-5598-4a37-9e2d-5aaf61a324d3 in 45 milliseconds
2023-02-28 20:09:51,009 [OMDoubleBufferFlushThread] INFO  db.RDBCheckpointManager (RDBCheckpointManager.java:waitForCheckpointDirectoryExist(125)) - Waited for 1 milliseconds for checkpoint directory /home/runner/work/ozone/ozone/hadoop-ozone/integration-test/target/test-dir/MiniOzoneClusterImpl-58db5c20-d6df-4fe1-a747-1f1a0fc9447e/omNode-2/db.snapshots/om.db-aadc4513-5598-4a37-9e2d-5aaf61a324d3 availability.
2023-02-28 20:09:51,009 [OMDoubleBufferFlushThread] INFO  om.OmSnapshotManager (OmSnapshotManager.java:createOmSnapshotCheckpoint(163)) - Created checkpoint : /home/runner/work/ozone/ozone/hadoop-ozone/integration-test/target/test-dir/MiniOzoneClusterImpl-58db5c20-d6df-4fe1-a747-1f1a0fc9447e/omNode-2/db.snapshots/om.db-aadc4513-5598-4a37-9e2d-5aaf61a324d3 for snapshot 36ec908d-eff2-4a68-aa24-7387ac18a2d2
2023-02-28 20:09:51,987 [OM StateMachine ApplyTransaction Thread - 0] INFO  snapshot.OMSnapshotCreateRequest (OMSnapshotCreateRequest.java:validateAndUpdateCache(180)) - Created snapshot 'b6cbf2d2-bd01-4db7-af4d-f5ff5c0f7d03' under path 'vol-36771/buc-34330'
2023-02-28 20:09:51,988 [OM StateMachine ApplyTransaction Thread - 0] INFO  snapshot.OMSnapshotCreateRequest (OMSnapshotCreateRequest.java:validateAndUpdateCache(180)) - Created snapshot 'b6cbf2d2-bd01-4db7-af4d-f5ff5c0f7d03' under path 'vol-36771/buc-34330'
2023-02-28 20:09:51,988 [OM StateMachine ApplyTransaction Thread - 0] INFO  snapshot.OMSnapshotCreateRequest (OMSnapshotCreateRequest.java:validateAndUpdateCache(180)) - Created snapshot 'b6cbf2d2-bd01-4db7-af4d-f5ff5c0f7d03' under path 'vol-36771/buc-34330'
2023-02-28 20:09:52,018 [OMDoubleBufferFlushThread] INFO  db.RDBCheckpointManager (RDBCheckpointManager.java:createCheckpoint(96)) - Created checkpoint in rocksDB at /home/runner/work/ozone/ozone/hadoop-ozone/integration-test/target/test-dir/MiniOzoneClusterImpl-58db5c20-d6df-4fe1-a747-1f1a0fc9447e/omNode-3/db.snapshots/om.db-502d0fa8-b6ca-4cc8-aa71-5ac6c3be0581 in 28 milliseconds
2023-02-28 20:09:52,018 [OMDoubleBufferFlushThread] INFO  db.RDBCheckpointManager (RDBCheckpointManager.java:createCheckpoint(96)) - Created checkpoint in rocksDB at /home/runner/work/ozone/ozone/hadoop-ozone/integration-test/target/test-dir/MiniOzoneClusterImpl-58db5c20-d6df-4fe1-a747-1f1a0fc9447e/omNode-2/db.snapshots/om.db-502d0fa8-b6ca-4cc8-aa71-5ac6c3be0581 in 28 milliseconds
2023-02-28 20:09:52,019 [OMDoubleBufferFlushThread] INFO  db.RDBCheckpointManager (RDBCheckpointManager.java:waitForCheckpointDirectoryExist(125)) - Waited for 1 milliseconds for checkpoint directory /home/runner/work/ozone/ozone/hadoop-ozone/integration-test/target/test-dir/MiniOzoneClusterImpl-58db5c20-d6df-4fe1-a747-1f1a0fc9447e/omNode-3/db.snapshots/om.db-502d0fa8-b6ca-4cc8-aa71-5ac6c3be0581 availability.
2023-02-28 20:09:52,019 [OMDoubleBufferFlushThread] INFO  om.OmSnapshotManager (OmSnapshotManager.java:createOmSnapshotCheckpoint(163)) - Created checkpoint : /home/runner/work/ozone/ozone/hadoop-ozone/integration-test/target/test-dir/MiniOzoneClusterImpl-58db5c20-d6df-4fe1-a747-1f1a0fc9447e/omNode-3/db.snapshots/om.db-502d0fa8-b6ca-4cc8-aa71-5ac6c3be0581 for snapshot b6cbf2d2-bd01-4db7-af4d-f5ff5c0f7d03
2023-02-28 20:09:52,020 [OMDoubleBufferFlushThread] INFO  db.RDBCheckpointManager (RDBCheckpointManager.java:waitForCheckpointDirectoryExist(125)) - Waited for 2 milliseconds for checkpoint directory /home/runner/work/ozone/ozone/hadoop-ozone/integration-test/target/test-dir/MiniOzoneClusterImpl-58db5c20-d6df-4fe1-a747-1f1a0fc9447e/omNode-2/db.snapshots/om.db-502d0fa8-b6ca-4cc8-aa71-5ac6c3be0581 availability.
2023-02-28 20:09:52,020 [OMDoubleBufferFlushThread] INFO  om.OmSnapshotManager (OmSnapshotManager.java:createOmSnapshotCheckpoint(163)) - Created checkpoint : /home/runner/work/ozone/ozone/hadoop-ozone/integration-test/target/test-dir/MiniOzoneClusterImpl-58db5c20-d6df-4fe1-a747-1f1a0fc9447e/omNode-2/db.snapshots/om.db-502d0fa8-b6ca-4cc8-aa71-5ac6c3be0581 for snapshot b6cbf2d2-bd01-4db7-af4d-f5ff5c0f7d03
2023-02-28 20:09:52,021 [OMDoubleBufferFlushThread] INFO  db.RDBCheckpointManager (RDBCheckpointManager.java:createCheckpoint(96)) - Created checkpoint in rocksDB at /home/runner/work/ozone/ozone/hadoop-ozone/integration-test/target/test-dir/MiniOzoneClusterImpl-58db5c20-d6df-4fe1-a747-1f1a0fc9447e/omNode-1/db.snapshots/om.db-502d0fa8-b6ca-4cc8-aa71-5ac6c3be0581 in 33 milliseconds
2023-02-28 20:09:52,022 [OMDoubleBufferFlushThread] INFO  db.RDBCheckpointManager (RDBCheckpointManager.java:waitForCheckpointDirectoryExist(125)) - Waited for 1 milliseconds for checkpoint directory /home/runner/work/ozone/ozone/hadoop-ozone/integration-test/target/test-dir/MiniOzoneClusterImpl-58db5c20-d6df-4fe1-a747-1f1a0fc9447e/omNode-1/db.snapshots/om.db-502d0fa8-b6ca-4cc8-aa71-5ac6c3be0581 availability.
2023-02-28 20:09:52,022 [OMDoubleBufferFlushThread] INFO  om.OmSnapshotManager (OmSnapshotManager.java:createOmSnapshotCheckpoint(163)) - Created checkpoint : /home/runner/work/ozone/ozone/hadoop-ozone/integration-test/target/test-dir/MiniOzoneClusterImpl-58db5c20-d6df-4fe1-a747-1f1a0fc9447e/omNode-1/db.snapshots/om.db-502d0fa8-b6ca-4cc8-aa71-5ac6c3be0581 for snapshot b6cbf2d2-bd01-4db7-af4d-f5ff5c0f7d03
2023-02-28 20:09:52,988 [IPC Server handler 1 on default port 36591] WARN  server.ServerUtils (ServerUtils.java:getDBPath(225)) - ozone.om.db.dirs is not configured. We recommend adding this setting. Falling back to ozone.metadata.dirs instead.
2023-02-28 20:09:52,989 [IPC Server handler 1 on default port 36591] INFO  codec.OmKeyInfoCodec (OmKeyInfoCodec.java:<init>(49)) - OmKeyInfoCodec ignorePipeline = true
2023-02-28 20:09:52,989 [IPC Server handler 1 on default port 36591] INFO  codec.RepeatedOmKeyInfoCodec (RepeatedOmKeyInfoCodec.java:<init>(41)) - RepeatedOmKeyInfoCodec ignorePipeline = true
20:09:53.030 [IPC Server handler 3 on default port 36591] ERROR OMAudit - user=runner | ip=127.0.0.1 | op=GET_FILE_STATUS {volume=vol-36771, bucket=buc-34330, key=key-, dataSize=0, replicationConfig=null} | ret=FAILURE
org.apache.hadoop.ozone.om.exceptions.OMException: Unable to get file status: volume: vol-36771 bucket: buc-34330 key: key-
	at org.apache.hadoop.ozone.om.KeyManagerImpl.getOzoneFileStatusFSO(KeyManagerImpl.java:1285) ~[ozone-manager-1.4.0-SNAPSHOT.jar:?]
	at org.apache.hadoop.ozone.om.KeyManagerImpl.getFileStatus(KeyManagerImpl.java:1077) ~[ozone-manager-1.4.0-SNAPSHOT.jar:?]
	at org.apache.hadoop.ozone.om.OmMetadataReader.getFileStatus(OmMetadataReader.java:288) ~[ozone-manager-1.4.0-SNAPSHOT.jar:?]
	at org.apache.hadoop.ozone.om.OmSnapshot.getFileStatus(OmSnapshot.java:118) ~[ozone-manager-1.4.0-SNAPSHOT.jar:?]
	at org.apache.hadoop.ozone.om.OzoneManager.getFileStatus(OzoneManager.java:3481) ~[ozone-manager-1.4.0-SNAPSHOT.jar:?]
	at org.apache.hadoop.ozone.protocolPB.OzoneManagerRequestHandler.getOzoneFileStatus(OzoneManagerRequestHandler.java:933) ~[ozone-manager-1.4.0-SNAPSHOT.jar:?]
	at org.apache.hadoop.ozone.protocolPB.OzoneManagerRequestHandler.handleReadRequest(OzoneManagerRequestHandler.java:238) ~[ozone-manager-1.4.0-SNAPSHOT.jar:?]
	at org.apache.hadoop.ozone.protocolPB.OzoneManagerProtocolServerSideTranslatorPB.submitReadRequestToOM(OzoneManagerProtocolServerSideTranslatorPB.java:223) ~[ozone-manager-1.4.0-SNAPSHOT.jar:?]
	at org.apache.hadoop.ozone.protocolPB.OzoneManagerProtocolServerSideTranslatorPB.processRequest(OzoneManagerProtocolServerSideTranslatorPB.java:177) ~[ozone-manager-1.4.0-SNAPSHOT.jar:?]
	at org.apache.hadoop.hdds.server.OzoneProtocolMessageDispatcher.processRequest(OzoneProtocolMessageDispatcher.java:87) [hdds-server-framework-1.4.0-SNAPSHOT.jar:?]
	at org.apache.hadoop.ozone.protocolPB.OzoneManagerProtocolServerSideTranslatorPB.submitRequest(OzoneManagerProtocolServerSideTranslatorPB.java:147) [ozone-manager-1.4.0-SNAPSHOT.jar:?]
	at org.apache.hadoop.ozone.protocol.proto.OzoneManagerProtocolProtos$OzoneManagerService$2.callBlockingMethod(OzoneManagerProtocolProtos.java) [ozone-interface-client-1.4.0-SNAPSHOT.jar:?]
	at org.apache.hadoop.ipc.ProtobufRpcEngine$Server.processCall(ProtobufRpcEngine.java:465) [hadoop-common-3.3.4.jar:?]
	at org.apache.hadoop.ipc.ProtobufRpcEngine2$Server$ProtoBufRpcInvoker.call(ProtobufRpcEngine2.java:578) [hadoop-common-3.3.4.jar:?]
	at org.apache.hadoop.ipc.ProtobufRpcEngine2$Server$ProtoBufRpcInvoker.call(ProtobufRpcEngine2.java:556) [hadoop-common-3.3.4.jar:?]
	at org.apache.hadoop.ipc.RPC$Server.call(RPC.java:1093) [hadoop-common-3.3.4.jar:?]
	at org.apache.hadoop.ipc.Server$RpcCall.run(Server.java:1043) [hadoop-common-3.3.4.jar:?]
	at org.apache.hadoop.ipc.Server$RpcCall.run(Server.java:971) [hadoop-common-3.3.4.jar:?]
	at java.security.AccessController.doPrivileged(Native Method) ~[?:1.8.0_362]
	at javax.security.auth.Subject.doAs(Subject.java:422) [?:1.8.0_362]
	at org.apache.hadoop.security.UserGroupInformation.doAs(UserGroupInformation.java:1878) [hadoop-common-3.3.4.jar:?]
	at org.apache.hadoop.ipc.Server$Handler.run(Server.java:2976) [hadoop-common-3.3.4.jar:?]
2023-02-28 20:09:53,035 [IPC Server handler 5 on default port 36591] WARN  server.ServerUtils (ServerUtils.java:getDBPath(225)) - ozone.om.db.dirs is not configured. We recommend adding this setting. Falling back to ozone.metadata.dirs instead.
2023-02-28 20:09:53,035 [IPC Server handler 5 on default port 36591] INFO  codec.OmKeyInfoCodec (OmKeyInfoCodec.java:<init>(49)) - OmKeyInfoCodec ignorePipeline = true
2023-02-28 20:09:53,035 [IPC Server handler 5 on default port 36591] INFO  codec.RepeatedOmKeyInfoCodec (RepeatedOmKeyInfoCodec.java:<init>(41)) - RepeatedOmKeyInfoCodec ignorePipeline = true
20:09:53.072 [IPC Server handler 2 on default port 36591] ERROR OMAudit - user=runner | ip=127.0.0.1 | op=GET_FILE_STATUS {volume=vol-36771, bucket=buc-34330, key=key-, dataSize=0, replicationConfig=null} | ret=FAILURE
org.apache.hadoop.ozone.om.exceptions.OMException: Unable to get file status: volume: vol-36771 bucket: buc-34330 key: key-
	at org.apache.hadoop.ozone.om.KeyManagerImpl.getOzoneFileStatusFSO(KeyManagerImpl.java:1285) ~[ozone-manager-1.4.0-SNAPSHOT.jar:?]
	at org.apache.hadoop.ozone.om.KeyManagerImpl.getFileStatus(KeyManagerImpl.java:1077) ~[ozone-manager-1.4.0-SNAPSHOT.jar:?]
	at org.apache.hadoop.ozone.om.OmMetadataReader.getFileStatus(OmMetadataReader.java:288) ~[ozone-manager-1.4.0-SNAPSHOT.jar:?]
	at org.apache.hadoop.ozone.om.OmSnapshot.getFileStatus(OmSnapshot.java:118) ~[ozone-manager-1.4.0-SNAPSHOT.jar:?]
	at org.apache.hadoop.ozone.om.OzoneManager.getFileStatus(OzoneManager.java:3481) ~[ozone-manager-1.4.0-SNAPSHOT.jar:?]
	at org.apache.hadoop.ozone.protocolPB.OzoneManagerRequestHandler.getOzoneFileStatus(OzoneManagerRequestHandler.java:933) ~[ozone-manager-1.4.0-SNAPSHOT.jar:?]
	at org.apache.hadoop.ozone.protocolPB.OzoneManagerRequestHandler.handleReadRequest(OzoneManagerRequestHandler.java:238) ~[ozone-manager-1.4.0-SNAPSHOT.jar:?]
	at org.apache.hadoop.ozone.protocolPB.OzoneManagerProtocolServerSideTranslatorPB.submitReadRequestToOM(OzoneManagerProtocolServerSideTranslatorPB.java:223) ~[ozone-manager-1.4.0-SNAPSHOT.jar:?]
	at org.apache.hadoop.ozone.protocolPB.OzoneManagerProtocolServerSideTranslatorPB.processRequest(OzoneManagerProtocolServerSideTranslatorPB.java:177) ~[ozone-manager-1.4.0-SNAPSHOT.jar:?]
	at org.apache.hadoop.hdds.server.OzoneProtocolMessageDispatcher.processRequest(OzoneProtocolMessageDispatcher.java:87) [hdds-server-framework-1.4.0-SNAPSHOT.jar:?]
	at org.apache.hadoop.ozone.protocolPB.OzoneManagerProtocolServerSideTranslatorPB.submitRequest(OzoneManagerProtocolServerSideTranslatorPB.java:147) [ozone-manager-1.4.0-SNAPSHOT.jar:?]
	at org.apache.hadoop.ozone.protocol.proto.OzoneManagerProtocolProtos$OzoneManagerService$2.callBlockingMethod(OzoneManagerProtocolProtos.java) [ozone-interface-client-1.4.0-SNAPSHOT.jar:?]
	at org.apache.hadoop.ipc.ProtobufRpcEngine$Server.processCall(ProtobufRpcEngine.java:465) [hadoop-common-3.3.4.jar:?]
	at org.apache.hadoop.ipc.ProtobufRpcEngine2$Server$ProtoBufRpcInvoker.call(ProtobufRpcEngine2.java:578) [hadoop-common-3.3.4.jar:?]
	at org.apache.hadoop.ipc.ProtobufRpcEngine2$Server$ProtoBufRpcInvoker.call(ProtobufRpcEngine2.java:556) [hadoop-common-3.3.4.jar:?]
	at org.apache.hadoop.ipc.RPC$Server.call(RPC.java:1093) [hadoop-common-3.3.4.jar:?]
	at org.apache.hadoop.ipc.Server$RpcCall.run(Server.java:1043) [hadoop-common-3.3.4.jar:?]
	at org.apache.hadoop.ipc.Server$RpcCall.run(Server.java:971) [hadoop-common-3.3.4.jar:?]
	at java.security.AccessController.doPrivileged(Native Method) ~[?:1.8.0_362]
	at javax.security.auth.Subject.doAs(Subject.java:422) [?:1.8.0_362]
	at org.apache.hadoop.security.UserGroupInformation.doAs(UserGroupInformation.java:1878) [hadoop-common-3.3.4.jar:?]
	at org.apache.hadoop.ipc.Server$Handler.run(Server.java:2976) [hadoop-common-3.3.4.jar:?]
]]></system-out>
  </testcase>
  <testcase name="testListAddNewKey" classname="TestOmSnapshot" time="2.15">
    <system-out><![CDATA[2023-02-28 20:10:47,009 [Time-limited test] INFO  rpc.RpcClient (RpcClient.java:createVolume(476)) - Creating Volume: vol-00506, with runner as owner and space quota set to -1 bytes, counts quota set to -1
2023-02-28 20:10:47,012 [OM StateMachine ApplyTransaction Thread - 0] INFO  volume.OMVolumeCreateRequest (OMVolumeCreateRequest.java:validateAndUpdateCache(195)) - created volume:vol-00506 for user:runner
2023-02-28 20:10:47,013 [OM StateMachine ApplyTransaction Thread - 0] INFO  volume.OMVolumeCreateRequest (OMVolumeCreateRequest.java:validateAndUpdateCache(195)) - created volume:vol-00506 for user:runner
2023-02-28 20:10:47,014 [OM StateMachine ApplyTransaction Thread - 0] INFO  volume.OMVolumeCreateRequest (OMVolumeCreateRequest.java:validateAndUpdateCache(195)) - created volume:vol-00506 for user:runner
2023-02-28 20:10:47,015 [Time-limited test] INFO  rpc.RpcClient (RpcClient.java:createBucket(698)) - Creating Bucket: vol-00506/buc-01325, with server-side default bucket layout, runner as owner, Versioning false, Storage Type set to DISK and Encryption set to false, Replication Type set to server-side default replication type, Namespace Quota set to -1, Space Quota set to -1 
2023-02-28 20:10:47,017 [OM StateMachine ApplyTransaction Thread - 0] INFO  bucket.OMBucketCreateRequest (OMBucketCreateRequest.java:validateAndUpdateCache(263)) - created bucket: buc-01325 of layout LEGACY in volume: vol-00506
2023-02-28 20:10:47,018 [OM StateMachine ApplyTransaction Thread - 0] INFO  bucket.OMBucketCreateRequest (OMBucketCreateRequest.java:validateAndUpdateCache(263)) - created bucket: buc-01325 of layout LEGACY in volume: vol-00506
2023-02-28 20:10:47,019 [OM StateMachine ApplyTransaction Thread - 0] INFO  bucket.OMBucketCreateRequest (OMBucketCreateRequest.java:validateAndUpdateCache(263)) - created bucket: buc-01325 of layout LEGACY in volume: vol-00506
2023-02-28 20:10:47,051 [OM StateMachine ApplyTransaction Thread - 0] INFO  snapshot.OMSnapshotCreateRequest (OMSnapshotCreateRequest.java:validateAndUpdateCache(180)) - Created snapshot '2f84278b-ca82-481e-a666-faf0df4c65b7' under path 'vol-00506/buc-01325'
2023-02-28 20:10:47,052 [OM StateMachine ApplyTransaction Thread - 0] INFO  snapshot.OMSnapshotCreateRequest (OMSnapshotCreateRequest.java:validateAndUpdateCache(180)) - Created snapshot '2f84278b-ca82-481e-a666-faf0df4c65b7' under path 'vol-00506/buc-01325'
2023-02-28 20:10:47,052 [OM StateMachine ApplyTransaction Thread - 0] INFO  snapshot.OMSnapshotCreateRequest (OMSnapshotCreateRequest.java:validateAndUpdateCache(180)) - Created snapshot '2f84278b-ca82-481e-a666-faf0df4c65b7' under path 'vol-00506/buc-01325'
2023-02-28 20:10:47,082 [OMDoubleBufferFlushThread] INFO  db.RDBCheckpointManager (RDBCheckpointManager.java:createCheckpoint(96)) - Created checkpoint in rocksDB at /home/runner/work/ozone/ozone/hadoop-ozone/integration-test/target/test-dir/MiniOzoneClusterImpl-9e11fa7e-4972-4825-87e7-ebdcd03a38ce/omNode-2/db.snapshots/om.db-a09cd5c0-e668-431e-bd86-451919bd1d2a in 28 milliseconds
2023-02-28 20:10:47,084 [OMDoubleBufferFlushThread] INFO  db.RDBCheckpointManager (RDBCheckpointManager.java:waitForCheckpointDirectoryExist(125)) - Waited for 2 milliseconds for checkpoint directory /home/runner/work/ozone/ozone/hadoop-ozone/integration-test/target/test-dir/MiniOzoneClusterImpl-9e11fa7e-4972-4825-87e7-ebdcd03a38ce/omNode-2/db.snapshots/om.db-a09cd5c0-e668-431e-bd86-451919bd1d2a availability.
2023-02-28 20:10:47,084 [OMDoubleBufferFlushThread] INFO  om.OmSnapshotManager (OmSnapshotManager.java:createOmSnapshotCheckpoint(163)) - Created checkpoint : /home/runner/work/ozone/ozone/hadoop-ozone/integration-test/target/test-dir/MiniOzoneClusterImpl-9e11fa7e-4972-4825-87e7-ebdcd03a38ce/omNode-2/db.snapshots/om.db-a09cd5c0-e668-431e-bd86-451919bd1d2a for snapshot 2f84278b-ca82-481e-a666-faf0df4c65b7
2023-02-28 20:10:47,088 [OMDoubleBufferFlushThread] INFO  db.RDBCheckpointManager (RDBCheckpointManager.java:createCheckpoint(96)) - Created checkpoint in rocksDB at /home/runner/work/ozone/ozone/hadoop-ozone/integration-test/target/test-dir/MiniOzoneClusterImpl-9e11fa7e-4972-4825-87e7-ebdcd03a38ce/omNode-3/db.snapshots/om.db-a09cd5c0-e668-431e-bd86-451919bd1d2a in 34 milliseconds
2023-02-28 20:10:47,089 [OMDoubleBufferFlushThread] INFO  db.RDBCheckpointManager (RDBCheckpointManager.java:createCheckpoint(96)) - Created checkpoint in rocksDB at /home/runner/work/ozone/ozone/hadoop-ozone/integration-test/target/test-dir/MiniOzoneClusterImpl-9e11fa7e-4972-4825-87e7-ebdcd03a38ce/omNode-1/db.snapshots/om.db-a09cd5c0-e668-431e-bd86-451919bd1d2a in 37 milliseconds
2023-02-28 20:10:47,094 [OMDoubleBufferFlushThread] INFO  db.RDBCheckpointManager (RDBCheckpointManager.java:waitForCheckpointDirectoryExist(125)) - Waited for 6 milliseconds for checkpoint directory /home/runner/work/ozone/ozone/hadoop-ozone/integration-test/target/test-dir/MiniOzoneClusterImpl-9e11fa7e-4972-4825-87e7-ebdcd03a38ce/omNode-3/db.snapshots/om.db-a09cd5c0-e668-431e-bd86-451919bd1d2a availability.
2023-02-28 20:10:47,094 [OMDoubleBufferFlushThread] INFO  om.OmSnapshotManager (OmSnapshotManager.java:createOmSnapshotCheckpoint(163)) - Created checkpoint : /home/runner/work/ozone/ozone/hadoop-ozone/integration-test/target/test-dir/MiniOzoneClusterImpl-9e11fa7e-4972-4825-87e7-ebdcd03a38ce/omNode-3/db.snapshots/om.db-a09cd5c0-e668-431e-bd86-451919bd1d2a for snapshot 2f84278b-ca82-481e-a666-faf0df4c65b7
2023-02-28 20:10:47,095 [OMDoubleBufferFlushThread] INFO  db.RDBCheckpointManager (RDBCheckpointManager.java:waitForCheckpointDirectoryExist(125)) - Waited for 6 milliseconds for checkpoint directory /home/runner/work/ozone/ozone/hadoop-ozone/integration-test/target/test-dir/MiniOzoneClusterImpl-9e11fa7e-4972-4825-87e7-ebdcd03a38ce/omNode-1/db.snapshots/om.db-a09cd5c0-e668-431e-bd86-451919bd1d2a availability.
2023-02-28 20:10:47,095 [OMDoubleBufferFlushThread] INFO  om.OmSnapshotManager (OmSnapshotManager.java:createOmSnapshotCheckpoint(163)) - Created checkpoint : /home/runner/work/ozone/ozone/hadoop-ozone/integration-test/target/test-dir/MiniOzoneClusterImpl-9e11fa7e-4972-4825-87e7-ebdcd03a38ce/omNode-1/db.snapshots/om.db-a09cd5c0-e668-431e-bd86-451919bd1d2a for snapshot 2f84278b-ca82-481e-a666-faf0df4c65b7
2023-02-28 20:10:48,078 [OM StateMachine ApplyTransaction Thread - 0] INFO  snapshot.OMSnapshotCreateRequest (OMSnapshotCreateRequest.java:validateAndUpdateCache(180)) - Created snapshot 'bd518e4c-851f-438c-ae65-a3c17b952d8b' under path 'vol-00506/buc-01325'
2023-02-28 20:10:48,079 [OM StateMachine ApplyTransaction Thread - 0] INFO  snapshot.OMSnapshotCreateRequest (OMSnapshotCreateRequest.java:validateAndUpdateCache(180)) - Created snapshot 'bd518e4c-851f-438c-ae65-a3c17b952d8b' under path 'vol-00506/buc-01325'
2023-02-28 20:10:48,080 [OM StateMachine ApplyTransaction Thread - 0] INFO  snapshot.OMSnapshotCreateRequest (OMSnapshotCreateRequest.java:validateAndUpdateCache(180)) - Created snapshot 'bd518e4c-851f-438c-ae65-a3c17b952d8b' under path 'vol-00506/buc-01325'
2023-02-28 20:10:48,100 [OMDoubleBufferFlushThread] INFO  db.RDBCheckpointManager (RDBCheckpointManager.java:createCheckpoint(96)) - Created checkpoint in rocksDB at /home/runner/work/ozone/ozone/hadoop-ozone/integration-test/target/test-dir/MiniOzoneClusterImpl-9e11fa7e-4972-4825-87e7-ebdcd03a38ce/omNode-1/db.snapshots/om.db-e0d0358a-8d2d-4b8a-8618-1598f0784814 in 21 milliseconds
2023-02-28 20:10:48,101 [OMDoubleBufferFlushThread] INFO  db.RDBCheckpointManager (RDBCheckpointManager.java:waitForCheckpointDirectoryExist(125)) - Waited for 1 milliseconds for checkpoint directory /home/runner/work/ozone/ozone/hadoop-ozone/integration-test/target/test-dir/MiniOzoneClusterImpl-9e11fa7e-4972-4825-87e7-ebdcd03a38ce/omNode-1/db.snapshots/om.db-e0d0358a-8d2d-4b8a-8618-1598f0784814 availability.
2023-02-28 20:10:48,101 [OMDoubleBufferFlushThread] INFO  om.OmSnapshotManager (OmSnapshotManager.java:createOmSnapshotCheckpoint(163)) - Created checkpoint : /home/runner/work/ozone/ozone/hadoop-ozone/integration-test/target/test-dir/MiniOzoneClusterImpl-9e11fa7e-4972-4825-87e7-ebdcd03a38ce/omNode-1/db.snapshots/om.db-e0d0358a-8d2d-4b8a-8618-1598f0784814 for snapshot bd518e4c-851f-438c-ae65-a3c17b952d8b
2023-02-28 20:10:48,104 [OMDoubleBufferFlushThread] INFO  db.RDBCheckpointManager (RDBCheckpointManager.java:createCheckpoint(96)) - Created checkpoint in rocksDB at /home/runner/work/ozone/ozone/hadoop-ozone/integration-test/target/test-dir/MiniOzoneClusterImpl-9e11fa7e-4972-4825-87e7-ebdcd03a38ce/omNode-3/db.snapshots/om.db-e0d0358a-8d2d-4b8a-8618-1598f0784814 in 23 milliseconds
2023-02-28 20:10:48,104 [OMDoubleBufferFlushThread] INFO  db.RDBCheckpointManager (RDBCheckpointManager.java:waitForCheckpointDirectoryExist(125)) - Waited for 0 milliseconds for checkpoint directory /home/runner/work/ozone/ozone/hadoop-ozone/integration-test/target/test-dir/MiniOzoneClusterImpl-9e11fa7e-4972-4825-87e7-ebdcd03a38ce/omNode-3/db.snapshots/om.db-e0d0358a-8d2d-4b8a-8618-1598f0784814 availability.
2023-02-28 20:10:48,104 [OMDoubleBufferFlushThread] INFO  om.OmSnapshotManager (OmSnapshotManager.java:createOmSnapshotCheckpoint(163)) - Created checkpoint : /home/runner/work/ozone/ozone/hadoop-ozone/integration-test/target/test-dir/MiniOzoneClusterImpl-9e11fa7e-4972-4825-87e7-ebdcd03a38ce/omNode-3/db.snapshots/om.db-e0d0358a-8d2d-4b8a-8618-1598f0784814 for snapshot bd518e4c-851f-438c-ae65-a3c17b952d8b
2023-02-28 20:10:48,107 [OMDoubleBufferFlushThread] INFO  db.RDBCheckpointManager (RDBCheckpointManager.java:createCheckpoint(96)) - Created checkpoint in rocksDB at /home/runner/work/ozone/ozone/hadoop-ozone/integration-test/target/test-dir/MiniOzoneClusterImpl-9e11fa7e-4972-4825-87e7-ebdcd03a38ce/omNode-2/db.snapshots/om.db-e0d0358a-8d2d-4b8a-8618-1598f0784814 in 27 milliseconds
2023-02-28 20:10:48,107 [OMDoubleBufferFlushThread] INFO  db.RDBCheckpointManager (RDBCheckpointManager.java:waitForCheckpointDirectoryExist(125)) - Waited for 0 milliseconds for checkpoint directory /home/runner/work/ozone/ozone/hadoop-ozone/integration-test/target/test-dir/MiniOzoneClusterImpl-9e11fa7e-4972-4825-87e7-ebdcd03a38ce/omNode-2/db.snapshots/om.db-e0d0358a-8d2d-4b8a-8618-1598f0784814 availability.
2023-02-28 20:10:48,108 [OMDoubleBufferFlushThread] INFO  om.OmSnapshotManager (OmSnapshotManager.java:createOmSnapshotCheckpoint(163)) - Created checkpoint : /home/runner/work/ozone/ozone/hadoop-ozone/integration-test/target/test-dir/MiniOzoneClusterImpl-9e11fa7e-4972-4825-87e7-ebdcd03a38ce/omNode-2/db.snapshots/om.db-e0d0358a-8d2d-4b8a-8618-1598f0784814 for snapshot bd518e4c-851f-438c-ae65-a3c17b952d8b
2023-02-28 20:10:49,081 [IPC Server handler 3 on default port 38823] WARN  server.ServerUtils (ServerUtils.java:getDBPath(225)) - ozone.om.db.dirs is not configured. We recommend adding this setting. Falling back to ozone.metadata.dirs instead.
2023-02-28 20:10:49,081 [IPC Server handler 3 on default port 38823] INFO  codec.OmKeyInfoCodec (OmKeyInfoCodec.java:<init>(49)) - OmKeyInfoCodec ignorePipeline = true
2023-02-28 20:10:49,081 [IPC Server handler 3 on default port 38823] INFO  codec.RepeatedOmKeyInfoCodec (RepeatedOmKeyInfoCodec.java:<init>(41)) - RepeatedOmKeyInfoCodec ignorePipeline = true
2023-02-28 20:10:49,117 [IPC Server handler 0 on default port 38823] WARN  server.ServerUtils (ServerUtils.java:getDBPath(225)) - ozone.om.db.dirs is not configured. We recommend adding this setting. Falling back to ozone.metadata.dirs instead.
2023-02-28 20:10:49,117 [IPC Server handler 0 on default port 38823] INFO  codec.OmKeyInfoCodec (OmKeyInfoCodec.java:<init>(49)) - OmKeyInfoCodec ignorePipeline = true
2023-02-28 20:10:49,117 [IPC Server handler 0 on default port 38823] INFO  codec.RepeatedOmKeyInfoCodec (RepeatedOmKeyInfoCodec.java:<init>(41)) - RepeatedOmKeyInfoCodec ignorePipeline = true
]]></system-out>
  </testcase>
  <testcase name="testSnapDiff" classname="TestOmSnapshot" time="5.77">
    <system-out><![CDATA[2023-02-28 20:08:58,627 [Time-limited test] INFO  rpc.RpcClient (RpcClient.java:createVolume(476)) - Creating Volume: vol-85633, with runner as owner and space quota set to -1 bytes, counts quota set to -1
2023-02-28 20:08:58,630 [OM StateMachine ApplyTransaction Thread - 0] INFO  volume.OMVolumeCreateRequest (OMVolumeCreateRequest.java:validateAndUpdateCache(195)) - created volume:vol-85633 for user:runner
2023-02-28 20:08:58,631 [OM StateMachine ApplyTransaction Thread - 0] INFO  volume.OMVolumeCreateRequest (OMVolumeCreateRequest.java:validateAndUpdateCache(195)) - created volume:vol-85633 for user:runner
2023-02-28 20:08:58,632 [OM StateMachine ApplyTransaction Thread - 0] INFO  volume.OMVolumeCreateRequest (OMVolumeCreateRequest.java:validateAndUpdateCache(195)) - created volume:vol-85633 for user:runner
2023-02-28 20:08:58,639 [Time-limited test] INFO  rpc.RpcClient (RpcClient.java:createBucket(698)) - Creating Bucket: vol-85633/buck-88516, with server-side default bucket layout, runner as owner, Versioning false, Storage Type set to DISK and Encryption set to false, Replication Type set to server-side default replication type, Namespace Quota set to -1, Space Quota set to -1 
2023-02-28 20:08:58,642 [OM StateMachine ApplyTransaction Thread - 0] INFO  bucket.OMBucketCreateRequest (OMBucketCreateRequest.java:validateAndUpdateCache(263)) - created bucket: buck-88516 of layout OBJECT_STORE in volume: vol-85633
2023-02-28 20:08:58,644 [OM StateMachine ApplyTransaction Thread - 0] INFO  bucket.OMBucketCreateRequest (OMBucketCreateRequest.java:validateAndUpdateCache(263)) - created bucket: buck-88516 of layout OBJECT_STORE in volume: vol-85633
2023-02-28 20:08:58,644 [OM StateMachine ApplyTransaction Thread - 0] INFO  bucket.OMBucketCreateRequest (OMBucketCreateRequest.java:validateAndUpdateCache(263)) - created bucket: buck-88516 of layout OBJECT_STORE in volume: vol-85633
2023-02-28 20:08:58,675 [OM StateMachine ApplyTransaction Thread - 0] INFO  snapshot.OMSnapshotCreateRequest (OMSnapshotCreateRequest.java:validateAndUpdateCache(180)) - Created snapshot 'snap95959' under path 'vol-85633/buck-88516'
2023-02-28 20:08:58,676 [OM StateMachine ApplyTransaction Thread - 0] INFO  snapshot.OMSnapshotCreateRequest (OMSnapshotCreateRequest.java:validateAndUpdateCache(180)) - Created snapshot 'snap95959' under path 'vol-85633/buck-88516'
2023-02-28 20:08:58,676 [OM StateMachine ApplyTransaction Thread - 0] INFO  snapshot.OMSnapshotCreateRequest (OMSnapshotCreateRequest.java:validateAndUpdateCache(180)) - Created snapshot 'snap95959' under path 'vol-85633/buck-88516'
2023-02-28 20:08:58,708 [OMDoubleBufferFlushThread] INFO  db.RDBCheckpointManager (RDBCheckpointManager.java:createCheckpoint(96)) - Created checkpoint in rocksDB at /home/runner/work/ozone/ozone/hadoop-ozone/integration-test/target/test-dir/MiniOzoneClusterImpl-e7d671b1-06ed-40aa-a52b-2678dd5bab1b/omNode-1/db.snapshots/om.db-40dfe175-44de-4a67-9dc0-118eae7905ae in 32 milliseconds
2023-02-28 20:08:58,712 [OMDoubleBufferFlushThread] INFO  db.RDBCheckpointManager (RDBCheckpointManager.java:waitForCheckpointDirectoryExist(125)) - Waited for 4 milliseconds for checkpoint directory /home/runner/work/ozone/ozone/hadoop-ozone/integration-test/target/test-dir/MiniOzoneClusterImpl-e7d671b1-06ed-40aa-a52b-2678dd5bab1b/omNode-1/db.snapshots/om.db-40dfe175-44de-4a67-9dc0-118eae7905ae availability.
2023-02-28 20:08:58,712 [OMDoubleBufferFlushThread] INFO  om.OmSnapshotManager (OmSnapshotManager.java:createOmSnapshotCheckpoint(163)) - Created checkpoint : /home/runner/work/ozone/ozone/hadoop-ozone/integration-test/target/test-dir/MiniOzoneClusterImpl-e7d671b1-06ed-40aa-a52b-2678dd5bab1b/omNode-1/db.snapshots/om.db-40dfe175-44de-4a67-9dc0-118eae7905ae for snapshot snap95959
2023-02-28 20:08:58,717 [OMDoubleBufferFlushThread] INFO  db.RDBCheckpointManager (RDBCheckpointManager.java:createCheckpoint(96)) - Created checkpoint in rocksDB at /home/runner/work/ozone/ozone/hadoop-ozone/integration-test/target/test-dir/MiniOzoneClusterImpl-e7d671b1-06ed-40aa-a52b-2678dd5bab1b/omNode-2/db.snapshots/om.db-40dfe175-44de-4a67-9dc0-118eae7905ae in 39 milliseconds
2023-02-28 20:08:58,718 [OMDoubleBufferFlushThread] INFO  db.RDBCheckpointManager (RDBCheckpointManager.java:waitForCheckpointDirectoryExist(125)) - Waited for 1 milliseconds for checkpoint directory /home/runner/work/ozone/ozone/hadoop-ozone/integration-test/target/test-dir/MiniOzoneClusterImpl-e7d671b1-06ed-40aa-a52b-2678dd5bab1b/omNode-2/db.snapshots/om.db-40dfe175-44de-4a67-9dc0-118eae7905ae availability.
2023-02-28 20:08:58,718 [OMDoubleBufferFlushThread] INFO  om.OmSnapshotManager (OmSnapshotManager.java:createOmSnapshotCheckpoint(163)) - Created checkpoint : /home/runner/work/ozone/ozone/hadoop-ozone/integration-test/target/test-dir/MiniOzoneClusterImpl-e7d671b1-06ed-40aa-a52b-2678dd5bab1b/omNode-2/db.snapshots/om.db-40dfe175-44de-4a67-9dc0-118eae7905ae for snapshot snap95959
2023-02-28 20:08:58,721 [OMDoubleBufferFlushThread] INFO  db.RDBCheckpointManager (RDBCheckpointManager.java:createCheckpoint(96)) - Created checkpoint in rocksDB at /home/runner/work/ozone/ozone/hadoop-ozone/integration-test/target/test-dir/MiniOzoneClusterImpl-e7d671b1-06ed-40aa-a52b-2678dd5bab1b/omNode-3/db.snapshots/om.db-40dfe175-44de-4a67-9dc0-118eae7905ae in 43 milliseconds
2023-02-28 20:08:58,721 [OMDoubleBufferFlushThread] INFO  db.RDBCheckpointManager (RDBCheckpointManager.java:waitForCheckpointDirectoryExist(125)) - Waited for 0 milliseconds for checkpoint directory /home/runner/work/ozone/ozone/hadoop-ozone/integration-test/target/test-dir/MiniOzoneClusterImpl-e7d671b1-06ed-40aa-a52b-2678dd5bab1b/omNode-3/db.snapshots/om.db-40dfe175-44de-4a67-9dc0-118eae7905ae availability.
2023-02-28 20:08:58,721 [OMDoubleBufferFlushThread] INFO  om.OmSnapshotManager (OmSnapshotManager.java:createOmSnapshotCheckpoint(163)) - Created checkpoint : /home/runner/work/ozone/ozone/hadoop-ozone/integration-test/target/test-dir/MiniOzoneClusterImpl-e7d671b1-06ed-40aa-a52b-2678dd5bab1b/omNode-3/db.snapshots/om.db-40dfe175-44de-4a67-9dc0-118eae7905ae for snapshot snap95959
2023-02-28 20:08:59,679 [OM StateMachine ApplyTransaction Thread - 0] INFO  snapshot.OMSnapshotCreateRequest (OMSnapshotCreateRequest.java:validateAndUpdateCache(180)) - Created snapshot 'snap44383' under path 'vol-85633/buck-88516'
2023-02-28 20:08:59,681 [OM StateMachine ApplyTransaction Thread - 0] INFO  snapshot.OMSnapshotCreateRequest (OMSnapshotCreateRequest.java:validateAndUpdateCache(180)) - Created snapshot 'snap44383' under path 'vol-85633/buck-88516'
2023-02-28 20:08:59,681 [OM StateMachine ApplyTransaction Thread - 0] INFO  snapshot.OMSnapshotCreateRequest (OMSnapshotCreateRequest.java:validateAndUpdateCache(180)) - Created snapshot 'snap44383' under path 'vol-85633/buck-88516'
2023-02-28 20:08:59,699 [OMDoubleBufferFlushThread] INFO  db.RDBCheckpointManager (RDBCheckpointManager.java:createCheckpoint(96)) - Created checkpoint in rocksDB at /home/runner/work/ozone/ozone/hadoop-ozone/integration-test/target/test-dir/MiniOzoneClusterImpl-e7d671b1-06ed-40aa-a52b-2678dd5bab1b/omNode-2/db.snapshots/om.db-b58962c6-39cb-46d4-8f1c-e3f3421d0b7f in 13 milliseconds
2023-02-28 20:08:59,700 [OMDoubleBufferFlushThread] INFO  db.RDBCheckpointManager (RDBCheckpointManager.java:createCheckpoint(96)) - Created checkpoint in rocksDB at /home/runner/work/ozone/ozone/hadoop-ozone/integration-test/target/test-dir/MiniOzoneClusterImpl-e7d671b1-06ed-40aa-a52b-2678dd5bab1b/omNode-1/db.snapshots/om.db-b58962c6-39cb-46d4-8f1c-e3f3421d0b7f in 19 milliseconds
2023-02-28 20:08:59,701 [OMDoubleBufferFlushThread] INFO  db.RDBCheckpointManager (RDBCheckpointManager.java:createCheckpoint(96)) - Created checkpoint in rocksDB at /home/runner/work/ozone/ozone/hadoop-ozone/integration-test/target/test-dir/MiniOzoneClusterImpl-e7d671b1-06ed-40aa-a52b-2678dd5bab1b/omNode-3/db.snapshots/om.db-b58962c6-39cb-46d4-8f1c-e3f3421d0b7f in 15 milliseconds
2023-02-28 20:08:59,701 [OMDoubleBufferFlushThread] INFO  db.RDBCheckpointManager (RDBCheckpointManager.java:waitForCheckpointDirectoryExist(125)) - Waited for 1 milliseconds for checkpoint directory /home/runner/work/ozone/ozone/hadoop-ozone/integration-test/target/test-dir/MiniOzoneClusterImpl-e7d671b1-06ed-40aa-a52b-2678dd5bab1b/omNode-1/db.snapshots/om.db-b58962c6-39cb-46d4-8f1c-e3f3421d0b7f availability.
2023-02-28 20:08:59,701 [OMDoubleBufferFlushThread] INFO  om.OmSnapshotManager (OmSnapshotManager.java:createOmSnapshotCheckpoint(163)) - Created checkpoint : /home/runner/work/ozone/ozone/hadoop-ozone/integration-test/target/test-dir/MiniOzoneClusterImpl-e7d671b1-06ed-40aa-a52b-2678dd5bab1b/omNode-1/db.snapshots/om.db-b58962c6-39cb-46d4-8f1c-e3f3421d0b7f for snapshot snap44383
2023-02-28 20:08:59,701 [OMDoubleBufferFlushThread] INFO  db.RDBCheckpointManager (RDBCheckpointManager.java:waitForCheckpointDirectoryExist(125)) - Waited for 2 milliseconds for checkpoint directory /home/runner/work/ozone/ozone/hadoop-ozone/integration-test/target/test-dir/MiniOzoneClusterImpl-e7d671b1-06ed-40aa-a52b-2678dd5bab1b/omNode-2/db.snapshots/om.db-b58962c6-39cb-46d4-8f1c-e3f3421d0b7f availability.
2023-02-28 20:08:59,701 [OMDoubleBufferFlushThread] INFO  om.OmSnapshotManager (OmSnapshotManager.java:createOmSnapshotCheckpoint(163)) - Created checkpoint : /home/runner/work/ozone/ozone/hadoop-ozone/integration-test/target/test-dir/MiniOzoneClusterImpl-e7d671b1-06ed-40aa-a52b-2678dd5bab1b/omNode-2/db.snapshots/om.db-b58962c6-39cb-46d4-8f1c-e3f3421d0b7f for snapshot snap44383
2023-02-28 20:08:59,702 [OMDoubleBufferFlushThread] INFO  db.RDBCheckpointManager (RDBCheckpointManager.java:waitForCheckpointDirectoryExist(125)) - Waited for 1 milliseconds for checkpoint directory /home/runner/work/ozone/ozone/hadoop-ozone/integration-test/target/test-dir/MiniOzoneClusterImpl-e7d671b1-06ed-40aa-a52b-2678dd5bab1b/omNode-3/db.snapshots/om.db-b58962c6-39cb-46d4-8f1c-e3f3421d0b7f availability.
2023-02-28 20:08:59,702 [OMDoubleBufferFlushThread] INFO  om.OmSnapshotManager (OmSnapshotManager.java:createOmSnapshotCheckpoint(163)) - Created checkpoint : /home/runner/work/ozone/ozone/hadoop-ozone/integration-test/target/test-dir/MiniOzoneClusterImpl-e7d671b1-06ed-40aa-a52b-2678dd5bab1b/omNode-3/db.snapshots/om.db-b58962c6-39cb-46d4-8f1c-e3f3421d0b7f for snapshot snap44383
2023-02-28 20:09:00,681 [IPC Server handler 10 on default port 39621] WARN  server.ServerUtils (ServerUtils.java:getDBPath(225)) - ozone.om.db.dirs is not configured. We recommend adding this setting. Falling back to ozone.metadata.dirs instead.
2023-02-28 20:09:00,682 [IPC Server handler 10 on default port 39621] INFO  codec.OmKeyInfoCodec (OmKeyInfoCodec.java:<init>(49)) - OmKeyInfoCodec ignorePipeline = true
2023-02-28 20:09:00,682 [IPC Server handler 10 on default port 39621] INFO  codec.RepeatedOmKeyInfoCodec (RepeatedOmKeyInfoCodec.java:<init>(41)) - RepeatedOmKeyInfoCodec ignorePipeline = true
2023-02-28 20:09:00,722 [IPC Server handler 10 on default port 39621] WARN  server.ServerUtils (ServerUtils.java:getDBPath(225)) - ozone.om.db.dirs is not configured. We recommend adding this setting. Falling back to ozone.metadata.dirs instead.
2023-02-28 20:09:00,723 [IPC Server handler 10 on default port 39621] INFO  codec.OmKeyInfoCodec (OmKeyInfoCodec.java:<init>(49)) - OmKeyInfoCodec ignorePipeline = true
2023-02-28 20:09:00,723 [IPC Server handler 10 on default port 39621] INFO  codec.RepeatedOmKeyInfoCodec (RepeatedOmKeyInfoCodec.java:<init>(41)) - RepeatedOmKeyInfoCodec ignorePipeline = true
2023-02-28 20:09:00,798 [IPC Server handler 10 on default port 39621] WARN  snapshot.SnapshotDiffManager (SnapshotDiffManager.java:getDeltaFiles(372)) - RocksDBCheckpointDiffer is not available, falling back to slow path
2023-02-28 20:09:00,918 [OM StateMachine ApplyTransaction Thread - 0] INFO  snapshot.OMSnapshotCreateRequest (OMSnapshotCreateRequest.java:validateAndUpdateCache(180)) - Created snapshot 'snap23619' under path 'vol-85633/buck-88516'
2023-02-28 20:09:00,920 [OM StateMachine ApplyTransaction Thread - 0] INFO  snapshot.OMSnapshotCreateRequest (OMSnapshotCreateRequest.java:validateAndUpdateCache(180)) - Created snapshot 'snap23619' under path 'vol-85633/buck-88516'
2023-02-28 20:09:00,920 [OM StateMachine ApplyTransaction Thread - 0] INFO  snapshot.OMSnapshotCreateRequest (OMSnapshotCreateRequest.java:validateAndUpdateCache(180)) - Created snapshot 'snap23619' under path 'vol-85633/buck-88516'
2023-02-28 20:09:00,952 [OMDoubleBufferFlushThread] INFO  db.RDBCheckpointManager (RDBCheckpointManager.java:createCheckpoint(96)) - Created checkpoint in rocksDB at /home/runner/work/ozone/ozone/hadoop-ozone/integration-test/target/test-dir/MiniOzoneClusterImpl-e7d671b1-06ed-40aa-a52b-2678dd5bab1b/omNode-2/db.snapshots/om.db-942f1a48-6003-4c37-adf8-3ca8d4b6244c in 31 milliseconds
2023-02-28 20:09:00,953 [OMDoubleBufferFlushThread] INFO  db.RDBCheckpointManager (RDBCheckpointManager.java:waitForCheckpointDirectoryExist(125)) - Waited for 0 milliseconds for checkpoint directory /home/runner/work/ozone/ozone/hadoop-ozone/integration-test/target/test-dir/MiniOzoneClusterImpl-e7d671b1-06ed-40aa-a52b-2678dd5bab1b/omNode-2/db.snapshots/om.db-942f1a48-6003-4c37-adf8-3ca8d4b6244c availability.
2023-02-28 20:09:00,953 [OMDoubleBufferFlushThread] INFO  om.OmSnapshotManager (OmSnapshotManager.java:createOmSnapshotCheckpoint(163)) - Created checkpoint : /home/runner/work/ozone/ozone/hadoop-ozone/integration-test/target/test-dir/MiniOzoneClusterImpl-e7d671b1-06ed-40aa-a52b-2678dd5bab1b/omNode-2/db.snapshots/om.db-942f1a48-6003-4c37-adf8-3ca8d4b6244c for snapshot snap23619
2023-02-28 20:09:00,954 [OMDoubleBufferFlushThread] INFO  db.RDBCheckpointManager (RDBCheckpointManager.java:createCheckpoint(96)) - Created checkpoint in rocksDB at /home/runner/work/ozone/ozone/hadoop-ozone/integration-test/target/test-dir/MiniOzoneClusterImpl-e7d671b1-06ed-40aa-a52b-2678dd5bab1b/omNode-3/db.snapshots/om.db-942f1a48-6003-4c37-adf8-3ca8d4b6244c in 31 milliseconds
2023-02-28 20:09:00,955 [OMDoubleBufferFlushThread] INFO  db.RDBCheckpointManager (RDBCheckpointManager.java:createCheckpoint(96)) - Created checkpoint in rocksDB at /home/runner/work/ozone/ozone/hadoop-ozone/integration-test/target/test-dir/MiniOzoneClusterImpl-e7d671b1-06ed-40aa-a52b-2678dd5bab1b/omNode-1/db.snapshots/om.db-942f1a48-6003-4c37-adf8-3ca8d4b6244c in 35 milliseconds
2023-02-28 20:09:00,955 [OMDoubleBufferFlushThread] INFO  db.RDBCheckpointManager (RDBCheckpointManager.java:waitForCheckpointDirectoryExist(125)) - Waited for 1 milliseconds for checkpoint directory /home/runner/work/ozone/ozone/hadoop-ozone/integration-test/target/test-dir/MiniOzoneClusterImpl-e7d671b1-06ed-40aa-a52b-2678dd5bab1b/omNode-3/db.snapshots/om.db-942f1a48-6003-4c37-adf8-3ca8d4b6244c availability.
2023-02-28 20:09:00,955 [OMDoubleBufferFlushThread] INFO  om.OmSnapshotManager (OmSnapshotManager.java:createOmSnapshotCheckpoint(163)) - Created checkpoint : /home/runner/work/ozone/ozone/hadoop-ozone/integration-test/target/test-dir/MiniOzoneClusterImpl-e7d671b1-06ed-40aa-a52b-2678dd5bab1b/omNode-3/db.snapshots/om.db-942f1a48-6003-4c37-adf8-3ca8d4b6244c for snapshot snap23619
2023-02-28 20:09:00,956 [OMDoubleBufferFlushThread] INFO  db.RDBCheckpointManager (RDBCheckpointManager.java:waitForCheckpointDirectoryExist(125)) - Waited for 1 milliseconds for checkpoint directory /home/runner/work/ozone/ozone/hadoop-ozone/integration-test/target/test-dir/MiniOzoneClusterImpl-e7d671b1-06ed-40aa-a52b-2678dd5bab1b/omNode-1/db.snapshots/om.db-942f1a48-6003-4c37-adf8-3ca8d4b6244c availability.
2023-02-28 20:09:00,956 [OMDoubleBufferFlushThread] INFO  om.OmSnapshotManager (OmSnapshotManager.java:createOmSnapshotCheckpoint(163)) - Created checkpoint : /home/runner/work/ozone/ozone/hadoop-ozone/integration-test/target/test-dir/MiniOzoneClusterImpl-e7d671b1-06ed-40aa-a52b-2678dd5bab1b/omNode-1/db.snapshots/om.db-942f1a48-6003-4c37-adf8-3ca8d4b6244c for snapshot snap23619
2023-02-28 20:09:01,921 [IPC Server handler 18 on default port 39621] WARN  server.ServerUtils (ServerUtils.java:getDBPath(225)) - ozone.om.db.dirs is not configured. We recommend adding this setting. Falling back to ozone.metadata.dirs instead.
2023-02-28 20:09:01,921 [IPC Server handler 18 on default port 39621] INFO  codec.OmKeyInfoCodec (OmKeyInfoCodec.java:<init>(49)) - OmKeyInfoCodec ignorePipeline = true
2023-02-28 20:09:01,921 [IPC Server handler 18 on default port 39621] INFO  codec.RepeatedOmKeyInfoCodec (RepeatedOmKeyInfoCodec.java:<init>(41)) - RepeatedOmKeyInfoCodec ignorePipeline = true
2023-02-28 20:09:02,095 [OM StateMachine ApplyTransaction Thread - 0] INFO  snapshot.OMSnapshotCreateRequest (OMSnapshotCreateRequest.java:validateAndUpdateCache(180)) - Created snapshot 'snap42209' under path 'vol-85633/buck-88516'
2023-02-28 20:09:02,096 [OM StateMachine ApplyTransaction Thread - 0] INFO  snapshot.OMSnapshotCreateRequest (OMSnapshotCreateRequest.java:validateAndUpdateCache(180)) - Created snapshot 'snap42209' under path 'vol-85633/buck-88516'
2023-02-28 20:09:02,097 [OM StateMachine ApplyTransaction Thread - 0] INFO  snapshot.OMSnapshotCreateRequest (OMSnapshotCreateRequest.java:validateAndUpdateCache(180)) - Created snapshot 'snap42209' under path 'vol-85633/buck-88516'
2023-02-28 20:09:02,111 [OMDoubleBufferFlushThread] INFO  db.RDBCheckpointManager (RDBCheckpointManager.java:createCheckpoint(96)) - Created checkpoint in rocksDB at /home/runner/work/ozone/ozone/hadoop-ozone/integration-test/target/test-dir/MiniOzoneClusterImpl-e7d671b1-06ed-40aa-a52b-2678dd5bab1b/omNode-1/db.snapshots/om.db-2f774e41-0f75-4ce8-89f3-6a9c3facca85 in 13 milliseconds
2023-02-28 20:09:02,116 [OMDoubleBufferFlushThread] INFO  db.RDBCheckpointManager (RDBCheckpointManager.java:waitForCheckpointDirectoryExist(125)) - Waited for 5 milliseconds for checkpoint directory /home/runner/work/ozone/ozone/hadoop-ozone/integration-test/target/test-dir/MiniOzoneClusterImpl-e7d671b1-06ed-40aa-a52b-2678dd5bab1b/omNode-1/db.snapshots/om.db-2f774e41-0f75-4ce8-89f3-6a9c3facca85 availability.
2023-02-28 20:09:02,116 [OMDoubleBufferFlushThread] INFO  om.OmSnapshotManager (OmSnapshotManager.java:createOmSnapshotCheckpoint(163)) - Created checkpoint : /home/runner/work/ozone/ozone/hadoop-ozone/integration-test/target/test-dir/MiniOzoneClusterImpl-e7d671b1-06ed-40aa-a52b-2678dd5bab1b/omNode-1/db.snapshots/om.db-2f774e41-0f75-4ce8-89f3-6a9c3facca85 for snapshot snap42209
2023-02-28 20:09:02,118 [OMDoubleBufferFlushThread] INFO  db.RDBCheckpointManager (RDBCheckpointManager.java:createCheckpoint(96)) - Created checkpoint in rocksDB at /home/runner/work/ozone/ozone/hadoop-ozone/integration-test/target/test-dir/MiniOzoneClusterImpl-e7d671b1-06ed-40aa-a52b-2678dd5bab1b/omNode-3/db.snapshots/om.db-2f774e41-0f75-4ce8-89f3-6a9c3facca85 in 21 milliseconds
2023-02-28 20:09:02,120 [OMDoubleBufferFlushThread] INFO  db.RDBCheckpointManager (RDBCheckpointManager.java:waitForCheckpointDirectoryExist(125)) - Waited for 2 milliseconds for checkpoint directory /home/runner/work/ozone/ozone/hadoop-ozone/integration-test/target/test-dir/MiniOzoneClusterImpl-e7d671b1-06ed-40aa-a52b-2678dd5bab1b/omNode-3/db.snapshots/om.db-2f774e41-0f75-4ce8-89f3-6a9c3facca85 availability.
2023-02-28 20:09:02,120 [OMDoubleBufferFlushThread] INFO  om.OmSnapshotManager (OmSnapshotManager.java:createOmSnapshotCheckpoint(163)) - Created checkpoint : /home/runner/work/ozone/ozone/hadoop-ozone/integration-test/target/test-dir/MiniOzoneClusterImpl-e7d671b1-06ed-40aa-a52b-2678dd5bab1b/omNode-3/db.snapshots/om.db-2f774e41-0f75-4ce8-89f3-6a9c3facca85 for snapshot snap42209
2023-02-28 20:09:02,123 [OMDoubleBufferFlushThread] INFO  db.RDBCheckpointManager (RDBCheckpointManager.java:createCheckpoint(96)) - Created checkpoint in rocksDB at /home/runner/work/ozone/ozone/hadoop-ozone/integration-test/target/test-dir/MiniOzoneClusterImpl-e7d671b1-06ed-40aa-a52b-2678dd5bab1b/omNode-2/db.snapshots/om.db-2f774e41-0f75-4ce8-89f3-6a9c3facca85 in 25 milliseconds
2023-02-28 20:09:02,123 [OMDoubleBufferFlushThread] INFO  db.RDBCheckpointManager (RDBCheckpointManager.java:waitForCheckpointDirectoryExist(125)) - Waited for 0 milliseconds for checkpoint directory /home/runner/work/ozone/ozone/hadoop-ozone/integration-test/target/test-dir/MiniOzoneClusterImpl-e7d671b1-06ed-40aa-a52b-2678dd5bab1b/omNode-2/db.snapshots/om.db-2f774e41-0f75-4ce8-89f3-6a9c3facca85 availability.
2023-02-28 20:09:02,123 [OMDoubleBufferFlushThread] INFO  om.OmSnapshotManager (OmSnapshotManager.java:createOmSnapshotCheckpoint(163)) - Created checkpoint : /home/runner/work/ozone/ozone/hadoop-ozone/integration-test/target/test-dir/MiniOzoneClusterImpl-e7d671b1-06ed-40aa-a52b-2678dd5bab1b/omNode-2/db.snapshots/om.db-2f774e41-0f75-4ce8-89f3-6a9c3facca85 for snapshot snap42209
2023-02-28 20:09:03,100 [IPC Server handler 16 on default port 39621] WARN  server.ServerUtils (ServerUtils.java:getDBPath(225)) - ozone.om.db.dirs is not configured. We recommend adding this setting. Falling back to ozone.metadata.dirs instead.
2023-02-28 20:09:03,100 [IPC Server handler 16 on default port 39621] INFO  codec.OmKeyInfoCodec (OmKeyInfoCodec.java:<init>(49)) - OmKeyInfoCodec ignorePipeline = true
2023-02-28 20:09:03,100 [IPC Server handler 16 on default port 39621] INFO  codec.RepeatedOmKeyInfoCodec (RepeatedOmKeyInfoCodec.java:<init>(41)) - RepeatedOmKeyInfoCodec ignorePipeline = true
2023-02-28 20:09:03,246 [OM StateMachine ApplyTransaction Thread - 0] INFO  snapshot.OMSnapshotCreateRequest (OMSnapshotCreateRequest.java:validateAndUpdateCache(180)) - Created snapshot 'snap00386' under path 'vol-85633/buck-88516'
2023-02-28 20:09:03,246 [OM StateMachine ApplyTransaction Thread - 0] INFO  snapshot.OMSnapshotCreateRequest (OMSnapshotCreateRequest.java:validateAndUpdateCache(180)) - Created snapshot 'snap00386' under path 'vol-85633/buck-88516'
2023-02-28 20:09:03,247 [OM StateMachine ApplyTransaction Thread - 0] INFO  snapshot.OMSnapshotCreateRequest (OMSnapshotCreateRequest.java:validateAndUpdateCache(180)) - Created snapshot 'snap00386' under path 'vol-85633/buck-88516'
2023-02-28 20:09:03,266 [OMDoubleBufferFlushThread] INFO  db.RDBCheckpointManager (RDBCheckpointManager.java:createCheckpoint(96)) - Created checkpoint in rocksDB at /home/runner/work/ozone/ozone/hadoop-ozone/integration-test/target/test-dir/MiniOzoneClusterImpl-e7d671b1-06ed-40aa-a52b-2678dd5bab1b/omNode-2/db.snapshots/om.db-bf0f0c47-f96f-454a-a590-0c33915f3a4d in 19 milliseconds
2023-02-28 20:09:03,268 [OMDoubleBufferFlushThread] INFO  db.RDBCheckpointManager (RDBCheckpointManager.java:createCheckpoint(96)) - Created checkpoint in rocksDB at /home/runner/work/ozone/ozone/hadoop-ozone/integration-test/target/test-dir/MiniOzoneClusterImpl-e7d671b1-06ed-40aa-a52b-2678dd5bab1b/omNode-3/db.snapshots/om.db-bf0f0c47-f96f-454a-a590-0c33915f3a4d in 21 milliseconds
2023-02-28 20:09:03,273 [OMDoubleBufferFlushThread] INFO  db.RDBCheckpointManager (RDBCheckpointManager.java:waitForCheckpointDirectoryExist(125)) - Waited for 7 milliseconds for checkpoint directory /home/runner/work/ozone/ozone/hadoop-ozone/integration-test/target/test-dir/MiniOzoneClusterImpl-e7d671b1-06ed-40aa-a52b-2678dd5bab1b/omNode-2/db.snapshots/om.db-bf0f0c47-f96f-454a-a590-0c33915f3a4d availability.
2023-02-28 20:09:03,273 [OMDoubleBufferFlushThread] INFO  om.OmSnapshotManager (OmSnapshotManager.java:createOmSnapshotCheckpoint(163)) - Created checkpoint : /home/runner/work/ozone/ozone/hadoop-ozone/integration-test/target/test-dir/MiniOzoneClusterImpl-e7d671b1-06ed-40aa-a52b-2678dd5bab1b/omNode-2/db.snapshots/om.db-bf0f0c47-f96f-454a-a590-0c33915f3a4d for snapshot snap00386
2023-02-28 20:09:03,274 [OMDoubleBufferFlushThread] INFO  db.RDBCheckpointManager (RDBCheckpointManager.java:waitForCheckpointDirectoryExist(125)) - Waited for 6 milliseconds for checkpoint directory /home/runner/work/ozone/ozone/hadoop-ozone/integration-test/target/test-dir/MiniOzoneClusterImpl-e7d671b1-06ed-40aa-a52b-2678dd5bab1b/omNode-3/db.snapshots/om.db-bf0f0c47-f96f-454a-a590-0c33915f3a4d availability.
2023-02-28 20:09:03,274 [OMDoubleBufferFlushThread] INFO  om.OmSnapshotManager (OmSnapshotManager.java:createOmSnapshotCheckpoint(163)) - Created checkpoint : /home/runner/work/ozone/ozone/hadoop-ozone/integration-test/target/test-dir/MiniOzoneClusterImpl-e7d671b1-06ed-40aa-a52b-2678dd5bab1b/omNode-3/db.snapshots/om.db-bf0f0c47-f96f-454a-a590-0c33915f3a4d for snapshot snap00386
2023-02-28 20:09:03,275 [OMDoubleBufferFlushThread] INFO  db.RDBCheckpointManager (RDBCheckpointManager.java:createCheckpoint(96)) - Created checkpoint in rocksDB at /home/runner/work/ozone/ozone/hadoop-ozone/integration-test/target/test-dir/MiniOzoneClusterImpl-e7d671b1-06ed-40aa-a52b-2678dd5bab1b/omNode-1/db.snapshots/om.db-bf0f0c47-f96f-454a-a590-0c33915f3a4d in 27 milliseconds
2023-02-28 20:09:03,275 [OMDoubleBufferFlushThread] INFO  db.RDBCheckpointManager (RDBCheckpointManager.java:waitForCheckpointDirectoryExist(125)) - Waited for 0 milliseconds for checkpoint directory /home/runner/work/ozone/ozone/hadoop-ozone/integration-test/target/test-dir/MiniOzoneClusterImpl-e7d671b1-06ed-40aa-a52b-2678dd5bab1b/omNode-1/db.snapshots/om.db-bf0f0c47-f96f-454a-a590-0c33915f3a4d availability.
2023-02-28 20:09:03,275 [OMDoubleBufferFlushThread] INFO  om.OmSnapshotManager (OmSnapshotManager.java:createOmSnapshotCheckpoint(163)) - Created checkpoint : /home/runner/work/ozone/ozone/hadoop-ozone/integration-test/target/test-dir/MiniOzoneClusterImpl-e7d671b1-06ed-40aa-a52b-2678dd5bab1b/omNode-1/db.snapshots/om.db-bf0f0c47-f96f-454a-a590-0c33915f3a4d for snapshot snap00386
2023-02-28 20:09:04,249 [IPC Server handler 6 on default port 39621] WARN  server.ServerUtils (ServerUtils.java:getDBPath(225)) - ozone.om.db.dirs is not configured. We recommend adding this setting. Falling back to ozone.metadata.dirs instead.
2023-02-28 20:09:04,250 [IPC Server handler 6 on default port 39621] INFO  codec.OmKeyInfoCodec (OmKeyInfoCodec.java:<init>(49)) - OmKeyInfoCodec ignorePipeline = true
2023-02-28 20:09:04,250 [IPC Server handler 6 on default port 39621] INFO  codec.RepeatedOmKeyInfoCodec (RepeatedOmKeyInfoCodec.java:<init>(41)) - RepeatedOmKeyInfoCodec ignorePipeline = true
]]></system-out>
  </testcase>
  <testcase name="testSnapDiff" classname="TestOmSnapshot" time="5.7">
    <system-out><![CDATA[2023-02-28 20:09:53,094 [Time-limited test] INFO  rpc.RpcClient (RpcClient.java:createVolume(476)) - Creating Volume: vol-00391, with runner as owner and space quota set to -1 bytes, counts quota set to -1
2023-02-28 20:09:53,096 [OM StateMachine ApplyTransaction Thread - 0] INFO  volume.OMVolumeCreateRequest (OMVolumeCreateRequest.java:validateAndUpdateCache(195)) - created volume:vol-00391 for user:runner
2023-02-28 20:09:53,098 [OM StateMachine ApplyTransaction Thread - 0] INFO  volume.OMVolumeCreateRequest (OMVolumeCreateRequest.java:validateAndUpdateCache(195)) - created volume:vol-00391 for user:runner
2023-02-28 20:09:53,099 [OM StateMachine ApplyTransaction Thread - 0] INFO  volume.OMVolumeCreateRequest (OMVolumeCreateRequest.java:validateAndUpdateCache(195)) - created volume:vol-00391 for user:runner
2023-02-28 20:09:53,099 [Time-limited test] INFO  rpc.RpcClient (RpcClient.java:createBucket(698)) - Creating Bucket: vol-00391/buck-07243, with server-side default bucket layout, runner as owner, Versioning false, Storage Type set to DISK and Encryption set to false, Replication Type set to server-side default replication type, Namespace Quota set to -1, Space Quota set to -1 
2023-02-28 20:09:53,101 [OM StateMachine ApplyTransaction Thread - 0] INFO  bucket.OMBucketCreateRequest (OMBucketCreateRequest.java:validateAndUpdateCache(263)) - created bucket: buck-07243 of layout FILE_SYSTEM_OPTIMIZED in volume: vol-00391
2023-02-28 20:09:53,103 [OM StateMachine ApplyTransaction Thread - 0] INFO  bucket.OMBucketCreateRequest (OMBucketCreateRequest.java:validateAndUpdateCache(263)) - created bucket: buck-07243 of layout FILE_SYSTEM_OPTIMIZED in volume: vol-00391
2023-02-28 20:09:53,104 [OM StateMachine ApplyTransaction Thread - 0] INFO  bucket.OMBucketCreateRequest (OMBucketCreateRequest.java:validateAndUpdateCache(263)) - created bucket: buck-07243 of layout FILE_SYSTEM_OPTIMIZED in volume: vol-00391
2023-02-28 20:09:53,126 [OM StateMachine ApplyTransaction Thread - 0] INFO  snapshot.OMSnapshotCreateRequest (OMSnapshotCreateRequest.java:validateAndUpdateCache(180)) - Created snapshot 'snap60986' under path 'vol-00391/buck-07243'
2023-02-28 20:09:53,129 [OM StateMachine ApplyTransaction Thread - 0] INFO  snapshot.OMSnapshotCreateRequest (OMSnapshotCreateRequest.java:validateAndUpdateCache(180)) - Created snapshot 'snap60986' under path 'vol-00391/buck-07243'
2023-02-28 20:09:53,129 [OM StateMachine ApplyTransaction Thread - 0] INFO  snapshot.OMSnapshotCreateRequest (OMSnapshotCreateRequest.java:validateAndUpdateCache(180)) - Created snapshot 'snap60986' under path 'vol-00391/buck-07243'
2023-02-28 20:09:53,170 [OMDoubleBufferFlushThread] INFO  db.RDBCheckpointManager (RDBCheckpointManager.java:createCheckpoint(96)) - Created checkpoint in rocksDB at /home/runner/work/ozone/ozone/hadoop-ozone/integration-test/target/test-dir/MiniOzoneClusterImpl-58db5c20-d6df-4fe1-a747-1f1a0fc9447e/omNode-1/db.snapshots/om.db-9b97092f-3b04-4e31-a9e7-d6c3a0333ce2 in 42 milliseconds
2023-02-28 20:09:53,177 [OMDoubleBufferFlushThread] INFO  db.RDBCheckpointManager (RDBCheckpointManager.java:waitForCheckpointDirectoryExist(125)) - Waited for 7 milliseconds for checkpoint directory /home/runner/work/ozone/ozone/hadoop-ozone/integration-test/target/test-dir/MiniOzoneClusterImpl-58db5c20-d6df-4fe1-a747-1f1a0fc9447e/omNode-1/db.snapshots/om.db-9b97092f-3b04-4e31-a9e7-d6c3a0333ce2 availability.
2023-02-28 20:09:53,177 [OMDoubleBufferFlushThread] INFO  om.OmSnapshotManager (OmSnapshotManager.java:createOmSnapshotCheckpoint(163)) - Created checkpoint : /home/runner/work/ozone/ozone/hadoop-ozone/integration-test/target/test-dir/MiniOzoneClusterImpl-58db5c20-d6df-4fe1-a747-1f1a0fc9447e/omNode-1/db.snapshots/om.db-9b97092f-3b04-4e31-a9e7-d6c3a0333ce2 for snapshot snap60986
2023-02-28 20:09:53,179 [OMDoubleBufferFlushThread] INFO  db.RDBCheckpointManager (RDBCheckpointManager.java:createCheckpoint(96)) - Created checkpoint in rocksDB at /home/runner/work/ozone/ozone/hadoop-ozone/integration-test/target/test-dir/MiniOzoneClusterImpl-58db5c20-d6df-4fe1-a747-1f1a0fc9447e/omNode-2/db.snapshots/om.db-9b97092f-3b04-4e31-a9e7-d6c3a0333ce2 in 48 milliseconds
2023-02-28 20:09:53,179 [OMDoubleBufferFlushThread] INFO  db.RDBCheckpointManager (RDBCheckpointManager.java:waitForCheckpointDirectoryExist(125)) - Waited for 0 milliseconds for checkpoint directory /home/runner/work/ozone/ozone/hadoop-ozone/integration-test/target/test-dir/MiniOzoneClusterImpl-58db5c20-d6df-4fe1-a747-1f1a0fc9447e/omNode-2/db.snapshots/om.db-9b97092f-3b04-4e31-a9e7-d6c3a0333ce2 availability.
2023-02-28 20:09:53,179 [OMDoubleBufferFlushThread] INFO  om.OmSnapshotManager (OmSnapshotManager.java:createOmSnapshotCheckpoint(163)) - Created checkpoint : /home/runner/work/ozone/ozone/hadoop-ozone/integration-test/target/test-dir/MiniOzoneClusterImpl-58db5c20-d6df-4fe1-a747-1f1a0fc9447e/omNode-2/db.snapshots/om.db-9b97092f-3b04-4e31-a9e7-d6c3a0333ce2 for snapshot snap60986
2023-02-28 20:09:53,182 [OMDoubleBufferFlushThread] INFO  db.RDBCheckpointManager (RDBCheckpointManager.java:createCheckpoint(96)) - Created checkpoint in rocksDB at /home/runner/work/ozone/ozone/hadoop-ozone/integration-test/target/test-dir/MiniOzoneClusterImpl-58db5c20-d6df-4fe1-a747-1f1a0fc9447e/omNode-3/db.snapshots/om.db-9b97092f-3b04-4e31-a9e7-d6c3a0333ce2 in 52 milliseconds
2023-02-28 20:09:53,182 [OMDoubleBufferFlushThread] INFO  db.RDBCheckpointManager (RDBCheckpointManager.java:waitForCheckpointDirectoryExist(125)) - Waited for 0 milliseconds for checkpoint directory /home/runner/work/ozone/ozone/hadoop-ozone/integration-test/target/test-dir/MiniOzoneClusterImpl-58db5c20-d6df-4fe1-a747-1f1a0fc9447e/omNode-3/db.snapshots/om.db-9b97092f-3b04-4e31-a9e7-d6c3a0333ce2 availability.
2023-02-28 20:09:53,182 [OMDoubleBufferFlushThread] INFO  om.OmSnapshotManager (OmSnapshotManager.java:createOmSnapshotCheckpoint(163)) - Created checkpoint : /home/runner/work/ozone/ozone/hadoop-ozone/integration-test/target/test-dir/MiniOzoneClusterImpl-58db5c20-d6df-4fe1-a747-1f1a0fc9447e/omNode-3/db.snapshots/om.db-9b97092f-3b04-4e31-a9e7-d6c3a0333ce2 for snapshot snap60986
2023-02-28 20:09:54,130 [OM StateMachine ApplyTransaction Thread - 0] INFO  snapshot.OMSnapshotCreateRequest (OMSnapshotCreateRequest.java:validateAndUpdateCache(180)) - Created snapshot 'snap75078' under path 'vol-00391/buck-07243'
2023-02-28 20:09:54,132 [OM StateMachine ApplyTransaction Thread - 0] INFO  snapshot.OMSnapshotCreateRequest (OMSnapshotCreateRequest.java:validateAndUpdateCache(180)) - Created snapshot 'snap75078' under path 'vol-00391/buck-07243'
2023-02-28 20:09:54,133 [OM StateMachine ApplyTransaction Thread - 0] INFO  snapshot.OMSnapshotCreateRequest (OMSnapshotCreateRequest.java:validateAndUpdateCache(180)) - Created snapshot 'snap75078' under path 'vol-00391/buck-07243'
2023-02-28 20:09:54,145 [OMDoubleBufferFlushThread] INFO  db.RDBCheckpointManager (RDBCheckpointManager.java:createCheckpoint(96)) - Created checkpoint in rocksDB at /home/runner/work/ozone/ozone/hadoop-ozone/integration-test/target/test-dir/MiniOzoneClusterImpl-58db5c20-d6df-4fe1-a747-1f1a0fc9447e/omNode-3/db.snapshots/om.db-153a5c63-fc41-4376-84d7-32454ad80ce1 in 12 milliseconds
2023-02-28 20:09:54,148 [OMDoubleBufferFlushThread] INFO  db.RDBCheckpointManager (RDBCheckpointManager.java:waitForCheckpointDirectoryExist(125)) - Waited for 3 milliseconds for checkpoint directory /home/runner/work/ozone/ozone/hadoop-ozone/integration-test/target/test-dir/MiniOzoneClusterImpl-58db5c20-d6df-4fe1-a747-1f1a0fc9447e/omNode-3/db.snapshots/om.db-153a5c63-fc41-4376-84d7-32454ad80ce1 availability.
2023-02-28 20:09:54,150 [OMDoubleBufferFlushThread] INFO  om.OmSnapshotManager (OmSnapshotManager.java:createOmSnapshotCheckpoint(163)) - Created checkpoint : /home/runner/work/ozone/ozone/hadoop-ozone/integration-test/target/test-dir/MiniOzoneClusterImpl-58db5c20-d6df-4fe1-a747-1f1a0fc9447e/omNode-3/db.snapshots/om.db-153a5c63-fc41-4376-84d7-32454ad80ce1 for snapshot snap75078
2023-02-28 20:09:54,152 [OMDoubleBufferFlushThread] INFO  db.RDBCheckpointManager (RDBCheckpointManager.java:createCheckpoint(96)) - Created checkpoint in rocksDB at /home/runner/work/ozone/ozone/hadoop-ozone/integration-test/target/test-dir/MiniOzoneClusterImpl-58db5c20-d6df-4fe1-a747-1f1a0fc9447e/omNode-1/db.snapshots/om.db-153a5c63-fc41-4376-84d7-32454ad80ce1 in 19 milliseconds
2023-02-28 20:09:54,155 [OMDoubleBufferFlushThread] INFO  db.RDBCheckpointManager (RDBCheckpointManager.java:waitForCheckpointDirectoryExist(125)) - Waited for 3 milliseconds for checkpoint directory /home/runner/work/ozone/ozone/hadoop-ozone/integration-test/target/test-dir/MiniOzoneClusterImpl-58db5c20-d6df-4fe1-a747-1f1a0fc9447e/omNode-1/db.snapshots/om.db-153a5c63-fc41-4376-84d7-32454ad80ce1 availability.
2023-02-28 20:09:54,155 [OMDoubleBufferFlushThread] INFO  om.OmSnapshotManager (OmSnapshotManager.java:createOmSnapshotCheckpoint(163)) - Created checkpoint : /home/runner/work/ozone/ozone/hadoop-ozone/integration-test/target/test-dir/MiniOzoneClusterImpl-58db5c20-d6df-4fe1-a747-1f1a0fc9447e/omNode-1/db.snapshots/om.db-153a5c63-fc41-4376-84d7-32454ad80ce1 for snapshot snap75078
2023-02-28 20:09:54,159 [OMDoubleBufferFlushThread] INFO  db.RDBCheckpointManager (RDBCheckpointManager.java:createCheckpoint(96)) - Created checkpoint in rocksDB at /home/runner/work/ozone/ozone/hadoop-ozone/integration-test/target/test-dir/MiniOzoneClusterImpl-58db5c20-d6df-4fe1-a747-1f1a0fc9447e/omNode-2/db.snapshots/om.db-153a5c63-fc41-4376-84d7-32454ad80ce1 in 23 milliseconds
2023-02-28 20:09:54,162 [OMDoubleBufferFlushThread] INFO  db.RDBCheckpointManager (RDBCheckpointManager.java:waitForCheckpointDirectoryExist(125)) - Waited for 3 milliseconds for checkpoint directory /home/runner/work/ozone/ozone/hadoop-ozone/integration-test/target/test-dir/MiniOzoneClusterImpl-58db5c20-d6df-4fe1-a747-1f1a0fc9447e/omNode-2/db.snapshots/om.db-153a5c63-fc41-4376-84d7-32454ad80ce1 availability.
2023-02-28 20:09:54,162 [OMDoubleBufferFlushThread] INFO  om.OmSnapshotManager (OmSnapshotManager.java:createOmSnapshotCheckpoint(163)) - Created checkpoint : /home/runner/work/ozone/ozone/hadoop-ozone/integration-test/target/test-dir/MiniOzoneClusterImpl-58db5c20-d6df-4fe1-a747-1f1a0fc9447e/omNode-2/db.snapshots/om.db-153a5c63-fc41-4376-84d7-32454ad80ce1 for snapshot snap75078
2023-02-28 20:09:55,132 [IPC Server handler 10 on default port 36591] WARN  server.ServerUtils (ServerUtils.java:getDBPath(225)) - ozone.om.db.dirs is not configured. We recommend adding this setting. Falling back to ozone.metadata.dirs instead.
2023-02-28 20:09:55,133 [IPC Server handler 10 on default port 36591] INFO  codec.OmKeyInfoCodec (OmKeyInfoCodec.java:<init>(49)) - OmKeyInfoCodec ignorePipeline = true
2023-02-28 20:09:55,133 [IPC Server handler 10 on default port 36591] INFO  codec.RepeatedOmKeyInfoCodec (RepeatedOmKeyInfoCodec.java:<init>(41)) - RepeatedOmKeyInfoCodec ignorePipeline = true
2023-02-28 20:09:55,166 [IPC Server handler 10 on default port 36591] WARN  server.ServerUtils (ServerUtils.java:getDBPath(225)) - ozone.om.db.dirs is not configured. We recommend adding this setting. Falling back to ozone.metadata.dirs instead.
2023-02-28 20:09:55,166 [IPC Server handler 10 on default port 36591] INFO  codec.OmKeyInfoCodec (OmKeyInfoCodec.java:<init>(49)) - OmKeyInfoCodec ignorePipeline = true
2023-02-28 20:09:55,166 [IPC Server handler 10 on default port 36591] INFO  codec.RepeatedOmKeyInfoCodec (RepeatedOmKeyInfoCodec.java:<init>(41)) - RepeatedOmKeyInfoCodec ignorePipeline = true
2023-02-28 20:09:55,225 [IPC Server handler 10 on default port 36591] WARN  snapshot.SnapshotDiffManager (SnapshotDiffManager.java:getDeltaFiles(372)) - RocksDBCheckpointDiffer is not available, falling back to slow path
2023-02-28 20:09:55,248 [IPC Server handler 10 on default port 36591] WARN  snapshot.SnapshotDiffManager (SnapshotDiffManager.java:getDeltaFiles(372)) - RocksDBCheckpointDiffer is not available, falling back to slow path
2023-02-28 20:09:55,335 [OM StateMachine ApplyTransaction Thread - 0] INFO  snapshot.OMSnapshotCreateRequest (OMSnapshotCreateRequest.java:validateAndUpdateCache(180)) - Created snapshot 'snap88035' under path 'vol-00391/buck-07243'
2023-02-28 20:09:55,336 [OM StateMachine ApplyTransaction Thread - 0] INFO  snapshot.OMSnapshotCreateRequest (OMSnapshotCreateRequest.java:validateAndUpdateCache(180)) - Created snapshot 'snap88035' under path 'vol-00391/buck-07243'
2023-02-28 20:09:55,337 [OM StateMachine ApplyTransaction Thread - 0] INFO  snapshot.OMSnapshotCreateRequest (OMSnapshotCreateRequest.java:validateAndUpdateCache(180)) - Created snapshot 'snap88035' under path 'vol-00391/buck-07243'
2023-02-28 20:09:55,367 [OMDoubleBufferFlushThread] INFO  db.RDBCheckpointManager (RDBCheckpointManager.java:createCheckpoint(96)) - Created checkpoint in rocksDB at /home/runner/work/ozone/ozone/hadoop-ozone/integration-test/target/test-dir/MiniOzoneClusterImpl-58db5c20-d6df-4fe1-a747-1f1a0fc9447e/omNode-1/db.snapshots/om.db-6284a1f9-fdfc-4563-ad45-94eb719b6a4f in 31 milliseconds
2023-02-28 20:09:55,368 [OMDoubleBufferFlushThread] INFO  db.RDBCheckpointManager (RDBCheckpointManager.java:waitForCheckpointDirectoryExist(125)) - Waited for 1 milliseconds for checkpoint directory /home/runner/work/ozone/ozone/hadoop-ozone/integration-test/target/test-dir/MiniOzoneClusterImpl-58db5c20-d6df-4fe1-a747-1f1a0fc9447e/omNode-1/db.snapshots/om.db-6284a1f9-fdfc-4563-ad45-94eb719b6a4f availability.
2023-02-28 20:09:55,368 [OMDoubleBufferFlushThread] INFO  om.OmSnapshotManager (OmSnapshotManager.java:createOmSnapshotCheckpoint(163)) - Created checkpoint : /home/runner/work/ozone/ozone/hadoop-ozone/integration-test/target/test-dir/MiniOzoneClusterImpl-58db5c20-d6df-4fe1-a747-1f1a0fc9447e/omNode-1/db.snapshots/om.db-6284a1f9-fdfc-4563-ad45-94eb719b6a4f for snapshot snap88035
2023-02-28 20:09:55,369 [OMDoubleBufferFlushThread] INFO  db.RDBCheckpointManager (RDBCheckpointManager.java:createCheckpoint(96)) - Created checkpoint in rocksDB at /home/runner/work/ozone/ozone/hadoop-ozone/integration-test/target/test-dir/MiniOzoneClusterImpl-58db5c20-d6df-4fe1-a747-1f1a0fc9447e/omNode-3/db.snapshots/om.db-6284a1f9-fdfc-4563-ad45-94eb719b6a4f in 32 milliseconds
2023-02-28 20:09:55,370 [OMDoubleBufferFlushThread] INFO  db.RDBCheckpointManager (RDBCheckpointManager.java:waitForCheckpointDirectoryExist(125)) - Waited for 1 milliseconds for checkpoint directory /home/runner/work/ozone/ozone/hadoop-ozone/integration-test/target/test-dir/MiniOzoneClusterImpl-58db5c20-d6df-4fe1-a747-1f1a0fc9447e/omNode-3/db.snapshots/om.db-6284a1f9-fdfc-4563-ad45-94eb719b6a4f availability.
2023-02-28 20:09:55,370 [OMDoubleBufferFlushThread] INFO  om.OmSnapshotManager (OmSnapshotManager.java:createOmSnapshotCheckpoint(163)) - Created checkpoint : /home/runner/work/ozone/ozone/hadoop-ozone/integration-test/target/test-dir/MiniOzoneClusterImpl-58db5c20-d6df-4fe1-a747-1f1a0fc9447e/omNode-3/db.snapshots/om.db-6284a1f9-fdfc-4563-ad45-94eb719b6a4f for snapshot snap88035
2023-02-28 20:09:55,373 [OMDoubleBufferFlushThread] INFO  db.RDBCheckpointManager (RDBCheckpointManager.java:createCheckpoint(96)) - Created checkpoint in rocksDB at /home/runner/work/ozone/ozone/hadoop-ozone/integration-test/target/test-dir/MiniOzoneClusterImpl-58db5c20-d6df-4fe1-a747-1f1a0fc9447e/omNode-2/db.snapshots/om.db-6284a1f9-fdfc-4563-ad45-94eb719b6a4f in 36 milliseconds
2023-02-28 20:09:55,374 [OMDoubleBufferFlushThread] INFO  db.RDBCheckpointManager (RDBCheckpointManager.java:waitForCheckpointDirectoryExist(125)) - Waited for 1 milliseconds for checkpoint directory /home/runner/work/ozone/ozone/hadoop-ozone/integration-test/target/test-dir/MiniOzoneClusterImpl-58db5c20-d6df-4fe1-a747-1f1a0fc9447e/omNode-2/db.snapshots/om.db-6284a1f9-fdfc-4563-ad45-94eb719b6a4f availability.
2023-02-28 20:09:55,374 [OMDoubleBufferFlushThread] INFO  om.OmSnapshotManager (OmSnapshotManager.java:createOmSnapshotCheckpoint(163)) - Created checkpoint : /home/runner/work/ozone/ozone/hadoop-ozone/integration-test/target/test-dir/MiniOzoneClusterImpl-58db5c20-d6df-4fe1-a747-1f1a0fc9447e/omNode-2/db.snapshots/om.db-6284a1f9-fdfc-4563-ad45-94eb719b6a4f for snapshot snap88035
2023-02-28 20:09:56,337 [IPC Server handler 5 on default port 36591] WARN  server.ServerUtils (ServerUtils.java:getDBPath(225)) - ozone.om.db.dirs is not configured. We recommend adding this setting. Falling back to ozone.metadata.dirs instead.
2023-02-28 20:09:56,338 [IPC Server handler 5 on default port 36591] INFO  codec.OmKeyInfoCodec (OmKeyInfoCodec.java:<init>(49)) - OmKeyInfoCodec ignorePipeline = true
2023-02-28 20:09:56,338 [IPC Server handler 5 on default port 36591] INFO  codec.RepeatedOmKeyInfoCodec (RepeatedOmKeyInfoCodec.java:<init>(41)) - RepeatedOmKeyInfoCodec ignorePipeline = true
2023-02-28 20:09:56,477 [OM StateMachine ApplyTransaction Thread - 0] INFO  snapshot.OMSnapshotCreateRequest (OMSnapshotCreateRequest.java:validateAndUpdateCache(180)) - Created snapshot 'snap82597' under path 'vol-00391/buck-07243'
2023-02-28 20:09:56,477 [OM StateMachine ApplyTransaction Thread - 0] INFO  snapshot.OMSnapshotCreateRequest (OMSnapshotCreateRequest.java:validateAndUpdateCache(180)) - Created snapshot 'snap82597' under path 'vol-00391/buck-07243'
2023-02-28 20:09:56,478 [OM StateMachine ApplyTransaction Thread - 0] INFO  snapshot.OMSnapshotCreateRequest (OMSnapshotCreateRequest.java:validateAndUpdateCache(180)) - Created snapshot 'snap82597' under path 'vol-00391/buck-07243'
2023-02-28 20:09:56,499 [OMDoubleBufferFlushThread] INFO  db.RDBCheckpointManager (RDBCheckpointManager.java:createCheckpoint(96)) - Created checkpoint in rocksDB at /home/runner/work/ozone/ozone/hadoop-ozone/integration-test/target/test-dir/MiniOzoneClusterImpl-58db5c20-d6df-4fe1-a747-1f1a0fc9447e/omNode-3/db.snapshots/om.db-6db80c99-0287-4beb-8b3d-09478eba61c8 in 20 milliseconds
2023-02-28 20:09:56,499 [OMDoubleBufferFlushThread] INFO  db.RDBCheckpointManager (RDBCheckpointManager.java:waitForCheckpointDirectoryExist(125)) - Waited for 0 milliseconds for checkpoint directory /home/runner/work/ozone/ozone/hadoop-ozone/integration-test/target/test-dir/MiniOzoneClusterImpl-58db5c20-d6df-4fe1-a747-1f1a0fc9447e/omNode-3/db.snapshots/om.db-6db80c99-0287-4beb-8b3d-09478eba61c8 availability.
2023-02-28 20:09:56,500 [OMDoubleBufferFlushThread] INFO  om.OmSnapshotManager (OmSnapshotManager.java:createOmSnapshotCheckpoint(163)) - Created checkpoint : /home/runner/work/ozone/ozone/hadoop-ozone/integration-test/target/test-dir/MiniOzoneClusterImpl-58db5c20-d6df-4fe1-a747-1f1a0fc9447e/omNode-3/db.snapshots/om.db-6db80c99-0287-4beb-8b3d-09478eba61c8 for snapshot snap82597
2023-02-28 20:09:56,505 [OMDoubleBufferFlushThread] INFO  db.RDBCheckpointManager (RDBCheckpointManager.java:createCheckpoint(96)) - Created checkpoint in rocksDB at /home/runner/work/ozone/ozone/hadoop-ozone/integration-test/target/test-dir/MiniOzoneClusterImpl-58db5c20-d6df-4fe1-a747-1f1a0fc9447e/omNode-2/db.snapshots/om.db-6db80c99-0287-4beb-8b3d-09478eba61c8 in 27 milliseconds
2023-02-28 20:09:56,506 [OMDoubleBufferFlushThread] INFO  db.RDBCheckpointManager (RDBCheckpointManager.java:waitForCheckpointDirectoryExist(125)) - Waited for 1 milliseconds for checkpoint directory /home/runner/work/ozone/ozone/hadoop-ozone/integration-test/target/test-dir/MiniOzoneClusterImpl-58db5c20-d6df-4fe1-a747-1f1a0fc9447e/omNode-2/db.snapshots/om.db-6db80c99-0287-4beb-8b3d-09478eba61c8 availability.
2023-02-28 20:09:56,506 [OMDoubleBufferFlushThread] INFO  om.OmSnapshotManager (OmSnapshotManager.java:createOmSnapshotCheckpoint(163)) - Created checkpoint : /home/runner/work/ozone/ozone/hadoop-ozone/integration-test/target/test-dir/MiniOzoneClusterImpl-58db5c20-d6df-4fe1-a747-1f1a0fc9447e/omNode-2/db.snapshots/om.db-6db80c99-0287-4beb-8b3d-09478eba61c8 for snapshot snap82597
2023-02-28 20:09:56,508 [OMDoubleBufferFlushThread] INFO  db.RDBCheckpointManager (RDBCheckpointManager.java:createCheckpoint(96)) - Created checkpoint in rocksDB at /home/runner/work/ozone/ozone/hadoop-ozone/integration-test/target/test-dir/MiniOzoneClusterImpl-58db5c20-d6df-4fe1-a747-1f1a0fc9447e/omNode-1/db.snapshots/om.db-6db80c99-0287-4beb-8b3d-09478eba61c8 in 28 milliseconds
2023-02-28 20:09:56,508 [OMDoubleBufferFlushThread] INFO  db.RDBCheckpointManager (RDBCheckpointManager.java:waitForCheckpointDirectoryExist(125)) - Waited for 0 milliseconds for checkpoint directory /home/runner/work/ozone/ozone/hadoop-ozone/integration-test/target/test-dir/MiniOzoneClusterImpl-58db5c20-d6df-4fe1-a747-1f1a0fc9447e/omNode-1/db.snapshots/om.db-6db80c99-0287-4beb-8b3d-09478eba61c8 availability.
2023-02-28 20:09:56,508 [OMDoubleBufferFlushThread] INFO  om.OmSnapshotManager (OmSnapshotManager.java:createOmSnapshotCheckpoint(163)) - Created checkpoint : /home/runner/work/ozone/ozone/hadoop-ozone/integration-test/target/test-dir/MiniOzoneClusterImpl-58db5c20-d6df-4fe1-a747-1f1a0fc9447e/omNode-1/db.snapshots/om.db-6db80c99-0287-4beb-8b3d-09478eba61c8 for snapshot snap82597
2023-02-28 20:09:57,482 [IPC Server handler 2 on default port 36591] WARN  server.ServerUtils (ServerUtils.java:getDBPath(225)) - ozone.om.db.dirs is not configured. We recommend adding this setting. Falling back to ozone.metadata.dirs instead.
2023-02-28 20:09:57,482 [IPC Server handler 2 on default port 36591] INFO  codec.OmKeyInfoCodec (OmKeyInfoCodec.java:<init>(49)) - OmKeyInfoCodec ignorePipeline = true
2023-02-28 20:09:57,483 [IPC Server handler 2 on default port 36591] INFO  codec.RepeatedOmKeyInfoCodec (RepeatedOmKeyInfoCodec.java:<init>(41)) - RepeatedOmKeyInfoCodec ignorePipeline = true
2023-02-28 20:09:57,637 [OM StateMachine ApplyTransaction Thread - 0] INFO  snapshot.OMSnapshotCreateRequest (OMSnapshotCreateRequest.java:validateAndUpdateCache(180)) - Created snapshot 'snap11645' under path 'vol-00391/buck-07243'
2023-02-28 20:09:57,638 [OM StateMachine ApplyTransaction Thread - 0] INFO  snapshot.OMSnapshotCreateRequest (OMSnapshotCreateRequest.java:validateAndUpdateCache(180)) - Created snapshot 'snap11645' under path 'vol-00391/buck-07243'
2023-02-28 20:09:57,638 [OM StateMachine ApplyTransaction Thread - 0] INFO  snapshot.OMSnapshotCreateRequest (OMSnapshotCreateRequest.java:validateAndUpdateCache(180)) - Created snapshot 'snap11645' under path 'vol-00391/buck-07243'
2023-02-28 20:09:57,657 [OMDoubleBufferFlushThread] INFO  db.RDBCheckpointManager (RDBCheckpointManager.java:createCheckpoint(96)) - Created checkpoint in rocksDB at /home/runner/work/ozone/ozone/hadoop-ozone/integration-test/target/test-dir/MiniOzoneClusterImpl-58db5c20-d6df-4fe1-a747-1f1a0fc9447e/omNode-2/db.snapshots/om.db-54339ebb-f45f-4809-a9d7-0dfdc8b541da in 17 milliseconds
2023-02-28 20:09:57,658 [OMDoubleBufferFlushThread] INFO  db.RDBCheckpointManager (RDBCheckpointManager.java:waitForCheckpointDirectoryExist(125)) - Waited for 0 milliseconds for checkpoint directory /home/runner/work/ozone/ozone/hadoop-ozone/integration-test/target/test-dir/MiniOzoneClusterImpl-58db5c20-d6df-4fe1-a747-1f1a0fc9447e/omNode-2/db.snapshots/om.db-54339ebb-f45f-4809-a9d7-0dfdc8b541da availability.
2023-02-28 20:09:57,658 [OMDoubleBufferFlushThread] INFO  om.OmSnapshotManager (OmSnapshotManager.java:createOmSnapshotCheckpoint(163)) - Created checkpoint : /home/runner/work/ozone/ozone/hadoop-ozone/integration-test/target/test-dir/MiniOzoneClusterImpl-58db5c20-d6df-4fe1-a747-1f1a0fc9447e/omNode-2/db.snapshots/om.db-54339ebb-f45f-4809-a9d7-0dfdc8b541da for snapshot snap11645
2023-02-28 20:09:57,665 [OMDoubleBufferFlushThread] INFO  db.RDBCheckpointManager (RDBCheckpointManager.java:createCheckpoint(96)) - Created checkpoint in rocksDB at /home/runner/work/ozone/ozone/hadoop-ozone/integration-test/target/test-dir/MiniOzoneClusterImpl-58db5c20-d6df-4fe1-a747-1f1a0fc9447e/omNode-3/db.snapshots/om.db-54339ebb-f45f-4809-a9d7-0dfdc8b541da in 24 milliseconds
2023-02-28 20:09:57,666 [OMDoubleBufferFlushThread] INFO  db.RDBCheckpointManager (RDBCheckpointManager.java:waitForCheckpointDirectoryExist(125)) - Waited for 1 milliseconds for checkpoint directory /home/runner/work/ozone/ozone/hadoop-ozone/integration-test/target/test-dir/MiniOzoneClusterImpl-58db5c20-d6df-4fe1-a747-1f1a0fc9447e/omNode-3/db.snapshots/om.db-54339ebb-f45f-4809-a9d7-0dfdc8b541da availability.
2023-02-28 20:09:57,666 [OMDoubleBufferFlushThread] INFO  om.OmSnapshotManager (OmSnapshotManager.java:createOmSnapshotCheckpoint(163)) - Created checkpoint : /home/runner/work/ozone/ozone/hadoop-ozone/integration-test/target/test-dir/MiniOzoneClusterImpl-58db5c20-d6df-4fe1-a747-1f1a0fc9447e/omNode-3/db.snapshots/om.db-54339ebb-f45f-4809-a9d7-0dfdc8b541da for snapshot snap11645
2023-02-28 20:09:57,666 [OMDoubleBufferFlushThread] INFO  db.RDBCheckpointManager (RDBCheckpointManager.java:createCheckpoint(96)) - Created checkpoint in rocksDB at /home/runner/work/ozone/ozone/hadoop-ozone/integration-test/target/test-dir/MiniOzoneClusterImpl-58db5c20-d6df-4fe1-a747-1f1a0fc9447e/omNode-1/db.snapshots/om.db-54339ebb-f45f-4809-a9d7-0dfdc8b541da in 25 milliseconds
2023-02-28 20:09:57,667 [OMDoubleBufferFlushThread] INFO  db.RDBCheckpointManager (RDBCheckpointManager.java:waitForCheckpointDirectoryExist(125)) - Waited for 1 milliseconds for checkpoint directory /home/runner/work/ozone/ozone/hadoop-ozone/integration-test/target/test-dir/MiniOzoneClusterImpl-58db5c20-d6df-4fe1-a747-1f1a0fc9447e/omNode-1/db.snapshots/om.db-54339ebb-f45f-4809-a9d7-0dfdc8b541da availability.
2023-02-28 20:09:57,667 [OMDoubleBufferFlushThread] INFO  om.OmSnapshotManager (OmSnapshotManager.java:createOmSnapshotCheckpoint(163)) - Created checkpoint : /home/runner/work/ozone/ozone/hadoop-ozone/integration-test/target/test-dir/MiniOzoneClusterImpl-58db5c20-d6df-4fe1-a747-1f1a0fc9447e/omNode-1/db.snapshots/om.db-54339ebb-f45f-4809-a9d7-0dfdc8b541da for snapshot snap11645
2023-02-28 20:09:58,639 [IPC Server handler 8 on default port 36591] WARN  server.ServerUtils (ServerUtils.java:getDBPath(225)) - ozone.om.db.dirs is not configured. We recommend adding this setting. Falling back to ozone.metadata.dirs instead.
2023-02-28 20:09:58,639 [IPC Server handler 8 on default port 36591] INFO  codec.OmKeyInfoCodec (OmKeyInfoCodec.java:<init>(49)) - OmKeyInfoCodec ignorePipeline = true
2023-02-28 20:09:58,639 [IPC Server handler 8 on default port 36591] INFO  codec.RepeatedOmKeyInfoCodec (RepeatedOmKeyInfoCodec.java:<init>(41)) - RepeatedOmKeyInfoCodec ignorePipeline = true
]]></system-out>
  </testcase>
  <testcase name="testSnapDiff" classname="TestOmSnapshot" time="5.629">
    <system-out><![CDATA[2023-02-28 20:10:49,162 [Time-limited test] INFO  rpc.RpcClient (RpcClient.java:createVolume(476)) - Creating Volume: vol-74421, with runner as owner and space quota set to -1 bytes, counts quota set to -1
2023-02-28 20:10:49,166 [OM StateMachine ApplyTransaction Thread - 0] INFO  volume.OMVolumeCreateRequest (OMVolumeCreateRequest.java:validateAndUpdateCache(195)) - created volume:vol-74421 for user:runner
2023-02-28 20:10:49,167 [OM StateMachine ApplyTransaction Thread - 0] INFO  volume.OMVolumeCreateRequest (OMVolumeCreateRequest.java:validateAndUpdateCache(195)) - created volume:vol-74421 for user:runner
2023-02-28 20:10:49,167 [OM StateMachine ApplyTransaction Thread - 0] INFO  volume.OMVolumeCreateRequest (OMVolumeCreateRequest.java:validateAndUpdateCache(195)) - created volume:vol-74421 for user:runner
2023-02-28 20:10:49,168 [Time-limited test] INFO  rpc.RpcClient (RpcClient.java:createBucket(698)) - Creating Bucket: vol-74421/buck-62766, with server-side default bucket layout, runner as owner, Versioning false, Storage Type set to DISK and Encryption set to false, Replication Type set to server-side default replication type, Namespace Quota set to -1, Space Quota set to -1 
2023-02-28 20:10:49,170 [OM StateMachine ApplyTransaction Thread - 0] INFO  bucket.OMBucketCreateRequest (OMBucketCreateRequest.java:validateAndUpdateCache(263)) - created bucket: buck-62766 of layout LEGACY in volume: vol-74421
2023-02-28 20:10:49,171 [OM StateMachine ApplyTransaction Thread - 0] INFO  bucket.OMBucketCreateRequest (OMBucketCreateRequest.java:validateAndUpdateCache(263)) - created bucket: buck-62766 of layout LEGACY in volume: vol-74421
2023-02-28 20:10:49,171 [OM StateMachine ApplyTransaction Thread - 0] INFO  bucket.OMBucketCreateRequest (OMBucketCreateRequest.java:validateAndUpdateCache(263)) - created bucket: buck-62766 of layout LEGACY in volume: vol-74421
2023-02-28 20:10:49,205 [OM StateMachine ApplyTransaction Thread - 0] INFO  snapshot.OMSnapshotCreateRequest (OMSnapshotCreateRequest.java:validateAndUpdateCache(180)) - Created snapshot 'snap92035' under path 'vol-74421/buck-62766'
2023-02-28 20:10:49,206 [OM StateMachine ApplyTransaction Thread - 0] INFO  snapshot.OMSnapshotCreateRequest (OMSnapshotCreateRequest.java:validateAndUpdateCache(180)) - Created snapshot 'snap92035' under path 'vol-74421/buck-62766'
2023-02-28 20:10:49,207 [OM StateMachine ApplyTransaction Thread - 0] INFO  snapshot.OMSnapshotCreateRequest (OMSnapshotCreateRequest.java:validateAndUpdateCache(180)) - Created snapshot 'snap92035' under path 'vol-74421/buck-62766'
2023-02-28 20:10:49,241 [OMDoubleBufferFlushThread] INFO  db.RDBCheckpointManager (RDBCheckpointManager.java:createCheckpoint(96)) - Created checkpoint in rocksDB at /home/runner/work/ozone/ozone/hadoop-ozone/integration-test/target/test-dir/MiniOzoneClusterImpl-9e11fa7e-4972-4825-87e7-ebdcd03a38ce/omNode-1/db.snapshots/om.db-9d103bc6-cca2-4a23-8730-debfff719152 in 34 milliseconds
2023-02-28 20:10:49,243 [OMDoubleBufferFlushThread] INFO  db.RDBCheckpointManager (RDBCheckpointManager.java:waitForCheckpointDirectoryExist(125)) - Waited for 2 milliseconds for checkpoint directory /home/runner/work/ozone/ozone/hadoop-ozone/integration-test/target/test-dir/MiniOzoneClusterImpl-9e11fa7e-4972-4825-87e7-ebdcd03a38ce/omNode-1/db.snapshots/om.db-9d103bc6-cca2-4a23-8730-debfff719152 availability.
2023-02-28 20:10:49,243 [OMDoubleBufferFlushThread] INFO  om.OmSnapshotManager (OmSnapshotManager.java:createOmSnapshotCheckpoint(163)) - Created checkpoint : /home/runner/work/ozone/ozone/hadoop-ozone/integration-test/target/test-dir/MiniOzoneClusterImpl-9e11fa7e-4972-4825-87e7-ebdcd03a38ce/omNode-1/db.snapshots/om.db-9d103bc6-cca2-4a23-8730-debfff719152 for snapshot snap92035
2023-02-28 20:10:49,244 [OMDoubleBufferFlushThread] INFO  db.RDBCheckpointManager (RDBCheckpointManager.java:createCheckpoint(96)) - Created checkpoint in rocksDB at /home/runner/work/ozone/ozone/hadoop-ozone/integration-test/target/test-dir/MiniOzoneClusterImpl-9e11fa7e-4972-4825-87e7-ebdcd03a38ce/omNode-3/db.snapshots/om.db-9d103bc6-cca2-4a23-8730-debfff719152 in 36 milliseconds
2023-02-28 20:10:49,248 [OMDoubleBufferFlushThread] INFO  db.RDBCheckpointManager (RDBCheckpointManager.java:createCheckpoint(96)) - Created checkpoint in rocksDB at /home/runner/work/ozone/ozone/hadoop-ozone/integration-test/target/test-dir/MiniOzoneClusterImpl-9e11fa7e-4972-4825-87e7-ebdcd03a38ce/omNode-2/db.snapshots/om.db-9d103bc6-cca2-4a23-8730-debfff719152 in 39 milliseconds
2023-02-28 20:10:49,250 [OMDoubleBufferFlushThread] INFO  db.RDBCheckpointManager (RDBCheckpointManager.java:waitForCheckpointDirectoryExist(125)) - Waited for 6 milliseconds for checkpoint directory /home/runner/work/ozone/ozone/hadoop-ozone/integration-test/target/test-dir/MiniOzoneClusterImpl-9e11fa7e-4972-4825-87e7-ebdcd03a38ce/omNode-3/db.snapshots/om.db-9d103bc6-cca2-4a23-8730-debfff719152 availability.
2023-02-28 20:10:49,250 [OMDoubleBufferFlushThread] INFO  om.OmSnapshotManager (OmSnapshotManager.java:createOmSnapshotCheckpoint(163)) - Created checkpoint : /home/runner/work/ozone/ozone/hadoop-ozone/integration-test/target/test-dir/MiniOzoneClusterImpl-9e11fa7e-4972-4825-87e7-ebdcd03a38ce/omNode-3/db.snapshots/om.db-9d103bc6-cca2-4a23-8730-debfff719152 for snapshot snap92035
2023-02-28 20:10:49,250 [OMDoubleBufferFlushThread] INFO  db.RDBCheckpointManager (RDBCheckpointManager.java:waitForCheckpointDirectoryExist(125)) - Waited for 2 milliseconds for checkpoint directory /home/runner/work/ozone/ozone/hadoop-ozone/integration-test/target/test-dir/MiniOzoneClusterImpl-9e11fa7e-4972-4825-87e7-ebdcd03a38ce/omNode-2/db.snapshots/om.db-9d103bc6-cca2-4a23-8730-debfff719152 availability.
2023-02-28 20:10:49,251 [OMDoubleBufferFlushThread] INFO  om.OmSnapshotManager (OmSnapshotManager.java:createOmSnapshotCheckpoint(163)) - Created checkpoint : /home/runner/work/ozone/ozone/hadoop-ozone/integration-test/target/test-dir/MiniOzoneClusterImpl-9e11fa7e-4972-4825-87e7-ebdcd03a38ce/omNode-2/db.snapshots/om.db-9d103bc6-cca2-4a23-8730-debfff719152 for snapshot snap92035
2023-02-28 20:10:50,210 [OM StateMachine ApplyTransaction Thread - 0] INFO  snapshot.OMSnapshotCreateRequest (OMSnapshotCreateRequest.java:validateAndUpdateCache(180)) - Created snapshot 'snap89944' under path 'vol-74421/buck-62766'
2023-02-28 20:10:50,211 [OM StateMachine ApplyTransaction Thread - 0] INFO  snapshot.OMSnapshotCreateRequest (OMSnapshotCreateRequest.java:validateAndUpdateCache(180)) - Created snapshot 'snap89944' under path 'vol-74421/buck-62766'
2023-02-28 20:10:50,211 [OM StateMachine ApplyTransaction Thread - 0] INFO  snapshot.OMSnapshotCreateRequest (OMSnapshotCreateRequest.java:validateAndUpdateCache(180)) - Created snapshot 'snap89944' under path 'vol-74421/buck-62766'
2023-02-28 20:10:50,234 [OMDoubleBufferFlushThread] INFO  db.RDBCheckpointManager (RDBCheckpointManager.java:createCheckpoint(96)) - Created checkpoint in rocksDB at /home/runner/work/ozone/ozone/hadoop-ozone/integration-test/target/test-dir/MiniOzoneClusterImpl-9e11fa7e-4972-4825-87e7-ebdcd03a38ce/omNode-1/db.snapshots/om.db-63c5f6c2-8adc-4fd3-860d-0e4feccc3340 in 20 milliseconds
2023-02-28 20:10:50,234 [OMDoubleBufferFlushThread] INFO  db.RDBCheckpointManager (RDBCheckpointManager.java:waitForCheckpointDirectoryExist(125)) - Waited for 0 milliseconds for checkpoint directory /home/runner/work/ozone/ozone/hadoop-ozone/integration-test/target/test-dir/MiniOzoneClusterImpl-9e11fa7e-4972-4825-87e7-ebdcd03a38ce/omNode-1/db.snapshots/om.db-63c5f6c2-8adc-4fd3-860d-0e4feccc3340 availability.
2023-02-28 20:10:50,235 [OMDoubleBufferFlushThread] INFO  om.OmSnapshotManager (OmSnapshotManager.java:createOmSnapshotCheckpoint(163)) - Created checkpoint : /home/runner/work/ozone/ozone/hadoop-ozone/integration-test/target/test-dir/MiniOzoneClusterImpl-9e11fa7e-4972-4825-87e7-ebdcd03a38ce/omNode-1/db.snapshots/om.db-63c5f6c2-8adc-4fd3-860d-0e4feccc3340 for snapshot snap89944
2023-02-28 20:10:50,235 [OMDoubleBufferFlushThread] INFO  db.RDBCheckpointManager (RDBCheckpointManager.java:createCheckpoint(96)) - Created checkpoint in rocksDB at /home/runner/work/ozone/ozone/hadoop-ozone/integration-test/target/test-dir/MiniOzoneClusterImpl-9e11fa7e-4972-4825-87e7-ebdcd03a38ce/omNode-3/db.snapshots/om.db-63c5f6c2-8adc-4fd3-860d-0e4feccc3340 in 22 milliseconds
2023-02-28 20:10:50,235 [OMDoubleBufferFlushThread] INFO  db.RDBCheckpointManager (RDBCheckpointManager.java:waitForCheckpointDirectoryExist(125)) - Waited for 0 milliseconds for checkpoint directory /home/runner/work/ozone/ozone/hadoop-ozone/integration-test/target/test-dir/MiniOzoneClusterImpl-9e11fa7e-4972-4825-87e7-ebdcd03a38ce/omNode-3/db.snapshots/om.db-63c5f6c2-8adc-4fd3-860d-0e4feccc3340 availability.
2023-02-28 20:10:50,236 [OMDoubleBufferFlushThread] INFO  om.OmSnapshotManager (OmSnapshotManager.java:createOmSnapshotCheckpoint(163)) - Created checkpoint : /home/runner/work/ozone/ozone/hadoop-ozone/integration-test/target/test-dir/MiniOzoneClusterImpl-9e11fa7e-4972-4825-87e7-ebdcd03a38ce/omNode-3/db.snapshots/om.db-63c5f6c2-8adc-4fd3-860d-0e4feccc3340 for snapshot snap89944
2023-02-28 20:10:50,236 [OMDoubleBufferFlushThread] INFO  db.RDBCheckpointManager (RDBCheckpointManager.java:createCheckpoint(96)) - Created checkpoint in rocksDB at /home/runner/work/ozone/ozone/hadoop-ozone/integration-test/target/test-dir/MiniOzoneClusterImpl-9e11fa7e-4972-4825-87e7-ebdcd03a38ce/omNode-2/db.snapshots/om.db-63c5f6c2-8adc-4fd3-860d-0e4feccc3340 in 22 milliseconds
2023-02-28 20:10:50,237 [OMDoubleBufferFlushThread] INFO  db.RDBCheckpointManager (RDBCheckpointManager.java:waitForCheckpointDirectoryExist(125)) - Waited for 1 milliseconds for checkpoint directory /home/runner/work/ozone/ozone/hadoop-ozone/integration-test/target/test-dir/MiniOzoneClusterImpl-9e11fa7e-4972-4825-87e7-ebdcd03a38ce/omNode-2/db.snapshots/om.db-63c5f6c2-8adc-4fd3-860d-0e4feccc3340 availability.
2023-02-28 20:10:50,237 [OMDoubleBufferFlushThread] INFO  om.OmSnapshotManager (OmSnapshotManager.java:createOmSnapshotCheckpoint(163)) - Created checkpoint : /home/runner/work/ozone/ozone/hadoop-ozone/integration-test/target/test-dir/MiniOzoneClusterImpl-9e11fa7e-4972-4825-87e7-ebdcd03a38ce/omNode-2/db.snapshots/om.db-63c5f6c2-8adc-4fd3-860d-0e4feccc3340 for snapshot snap89944
2023-02-28 20:10:51,213 [IPC Server handler 17 on default port 38823] WARN  server.ServerUtils (ServerUtils.java:getDBPath(225)) - ozone.om.db.dirs is not configured. We recommend adding this setting. Falling back to ozone.metadata.dirs instead.
2023-02-28 20:10:51,213 [IPC Server handler 17 on default port 38823] INFO  codec.OmKeyInfoCodec (OmKeyInfoCodec.java:<init>(49)) - OmKeyInfoCodec ignorePipeline = true
2023-02-28 20:10:51,213 [IPC Server handler 17 on default port 38823] INFO  codec.RepeatedOmKeyInfoCodec (RepeatedOmKeyInfoCodec.java:<init>(41)) - RepeatedOmKeyInfoCodec ignorePipeline = true
2023-02-28 20:10:51,250 [IPC Server handler 17 on default port 38823] WARN  server.ServerUtils (ServerUtils.java:getDBPath(225)) - ozone.om.db.dirs is not configured. We recommend adding this setting. Falling back to ozone.metadata.dirs instead.
2023-02-28 20:10:51,251 [IPC Server handler 17 on default port 38823] INFO  codec.OmKeyInfoCodec (OmKeyInfoCodec.java:<init>(49)) - OmKeyInfoCodec ignorePipeline = true
2023-02-28 20:10:51,251 [IPC Server handler 17 on default port 38823] INFO  codec.RepeatedOmKeyInfoCodec (RepeatedOmKeyInfoCodec.java:<init>(41)) - RepeatedOmKeyInfoCodec ignorePipeline = true
2023-02-28 20:10:51,301 [IPC Server handler 17 on default port 38823] WARN  snapshot.SnapshotDiffManager (SnapshotDiffManager.java:getDeltaFiles(372)) - RocksDBCheckpointDiffer is not available, falling back to slow path
2023-02-28 20:10:51,392 [OM StateMachine ApplyTransaction Thread - 0] INFO  snapshot.OMSnapshotCreateRequest (OMSnapshotCreateRequest.java:validateAndUpdateCache(180)) - Created snapshot 'snap00296' under path 'vol-74421/buck-62766'
2023-02-28 20:10:51,392 [OM StateMachine ApplyTransaction Thread - 0] INFO  snapshot.OMSnapshotCreateRequest (OMSnapshotCreateRequest.java:validateAndUpdateCache(180)) - Created snapshot 'snap00296' under path 'vol-74421/buck-62766'
2023-02-28 20:10:51,393 [OM StateMachine ApplyTransaction Thread - 0] INFO  snapshot.OMSnapshotCreateRequest (OMSnapshotCreateRequest.java:validateAndUpdateCache(180)) - Created snapshot 'snap00296' under path 'vol-74421/buck-62766'
2023-02-28 20:10:51,420 [OMDoubleBufferFlushThread] INFO  db.RDBCheckpointManager (RDBCheckpointManager.java:createCheckpoint(96)) - Created checkpoint in rocksDB at /home/runner/work/ozone/ozone/hadoop-ozone/integration-test/target/test-dir/MiniOzoneClusterImpl-9e11fa7e-4972-4825-87e7-ebdcd03a38ce/omNode-3/db.snapshots/om.db-80f09788-f6a2-4008-9171-e11610be03f0 in 26 milliseconds
2023-02-28 20:10:51,420 [OMDoubleBufferFlushThread] INFO  db.RDBCheckpointManager (RDBCheckpointManager.java:createCheckpoint(96)) - Created checkpoint in rocksDB at /home/runner/work/ozone/ozone/hadoop-ozone/integration-test/target/test-dir/MiniOzoneClusterImpl-9e11fa7e-4972-4825-87e7-ebdcd03a38ce/omNode-2/db.snapshots/om.db-80f09788-f6a2-4008-9171-e11610be03f0 in 26 milliseconds
2023-02-28 20:10:51,421 [OMDoubleBufferFlushThread] INFO  db.RDBCheckpointManager (RDBCheckpointManager.java:waitForCheckpointDirectoryExist(125)) - Waited for 1 milliseconds for checkpoint directory /home/runner/work/ozone/ozone/hadoop-ozone/integration-test/target/test-dir/MiniOzoneClusterImpl-9e11fa7e-4972-4825-87e7-ebdcd03a38ce/omNode-3/db.snapshots/om.db-80f09788-f6a2-4008-9171-e11610be03f0 availability.
2023-02-28 20:10:51,421 [OMDoubleBufferFlushThread] INFO  om.OmSnapshotManager (OmSnapshotManager.java:createOmSnapshotCheckpoint(163)) - Created checkpoint : /home/runner/work/ozone/ozone/hadoop-ozone/integration-test/target/test-dir/MiniOzoneClusterImpl-9e11fa7e-4972-4825-87e7-ebdcd03a38ce/omNode-3/db.snapshots/om.db-80f09788-f6a2-4008-9171-e11610be03f0 for snapshot snap00296
2023-02-28 20:10:51,421 [OMDoubleBufferFlushThread] INFO  db.RDBCheckpointManager (RDBCheckpointManager.java:waitForCheckpointDirectoryExist(125)) - Waited for 1 milliseconds for checkpoint directory /home/runner/work/ozone/ozone/hadoop-ozone/integration-test/target/test-dir/MiniOzoneClusterImpl-9e11fa7e-4972-4825-87e7-ebdcd03a38ce/omNode-2/db.snapshots/om.db-80f09788-f6a2-4008-9171-e11610be03f0 availability.
2023-02-28 20:10:51,421 [OMDoubleBufferFlushThread] INFO  om.OmSnapshotManager (OmSnapshotManager.java:createOmSnapshotCheckpoint(163)) - Created checkpoint : /home/runner/work/ozone/ozone/hadoop-ozone/integration-test/target/test-dir/MiniOzoneClusterImpl-9e11fa7e-4972-4825-87e7-ebdcd03a38ce/omNode-2/db.snapshots/om.db-80f09788-f6a2-4008-9171-e11610be03f0 for snapshot snap00296
2023-02-28 20:10:51,425 [OMDoubleBufferFlushThread] INFO  db.RDBCheckpointManager (RDBCheckpointManager.java:createCheckpoint(96)) - Created checkpoint in rocksDB at /home/runner/work/ozone/ozone/hadoop-ozone/integration-test/target/test-dir/MiniOzoneClusterImpl-9e11fa7e-4972-4825-87e7-ebdcd03a38ce/omNode-1/db.snapshots/om.db-80f09788-f6a2-4008-9171-e11610be03f0 in 31 milliseconds
2023-02-28 20:10:51,426 [OMDoubleBufferFlushThread] INFO  db.RDBCheckpointManager (RDBCheckpointManager.java:waitForCheckpointDirectoryExist(125)) - Waited for 1 milliseconds for checkpoint directory /home/runner/work/ozone/ozone/hadoop-ozone/integration-test/target/test-dir/MiniOzoneClusterImpl-9e11fa7e-4972-4825-87e7-ebdcd03a38ce/omNode-1/db.snapshots/om.db-80f09788-f6a2-4008-9171-e11610be03f0 availability.
2023-02-28 20:10:51,426 [OMDoubleBufferFlushThread] INFO  om.OmSnapshotManager (OmSnapshotManager.java:createOmSnapshotCheckpoint(163)) - Created checkpoint : /home/runner/work/ozone/ozone/hadoop-ozone/integration-test/target/test-dir/MiniOzoneClusterImpl-9e11fa7e-4972-4825-87e7-ebdcd03a38ce/omNode-1/db.snapshots/om.db-80f09788-f6a2-4008-9171-e11610be03f0 for snapshot snap00296
2023-02-28 20:10:52,394 [IPC Server handler 1 on default port 38823] WARN  server.ServerUtils (ServerUtils.java:getDBPath(225)) - ozone.om.db.dirs is not configured. We recommend adding this setting. Falling back to ozone.metadata.dirs instead.
2023-02-28 20:10:52,395 [IPC Server handler 1 on default port 38823] INFO  codec.OmKeyInfoCodec (OmKeyInfoCodec.java:<init>(49)) - OmKeyInfoCodec ignorePipeline = true
2023-02-28 20:10:52,395 [IPC Server handler 1 on default port 38823] INFO  codec.RepeatedOmKeyInfoCodec (RepeatedOmKeyInfoCodec.java:<init>(41)) - RepeatedOmKeyInfoCodec ignorePipeline = true
2023-02-28 20:10:52,505 [OM StateMachine ApplyTransaction Thread - 0] INFO  snapshot.OMSnapshotCreateRequest (OMSnapshotCreateRequest.java:validateAndUpdateCache(180)) - Created snapshot 'snap81286' under path 'vol-74421/buck-62766'
2023-02-28 20:10:52,508 [OM StateMachine ApplyTransaction Thread - 0] INFO  snapshot.OMSnapshotCreateRequest (OMSnapshotCreateRequest.java:validateAndUpdateCache(180)) - Created snapshot 'snap81286' under path 'vol-74421/buck-62766'
2023-02-28 20:10:52,508 [OM StateMachine ApplyTransaction Thread - 0] INFO  snapshot.OMSnapshotCreateRequest (OMSnapshotCreateRequest.java:validateAndUpdateCache(180)) - Created snapshot 'snap81286' under path 'vol-74421/buck-62766'
2023-02-28 20:10:52,525 [OMDoubleBufferFlushThread] INFO  db.RDBCheckpointManager (RDBCheckpointManager.java:createCheckpoint(96)) - Created checkpoint in rocksDB at /home/runner/work/ozone/ozone/hadoop-ozone/integration-test/target/test-dir/MiniOzoneClusterImpl-9e11fa7e-4972-4825-87e7-ebdcd03a38ce/omNode-1/db.snapshots/om.db-5885043a-d136-4dfb-a4e6-0543adf627e2 in 18 milliseconds
2023-02-28 20:10:52,526 [OMDoubleBufferFlushThread] INFO  db.RDBCheckpointManager (RDBCheckpointManager.java:waitForCheckpointDirectoryExist(125)) - Waited for 0 milliseconds for checkpoint directory /home/runner/work/ozone/ozone/hadoop-ozone/integration-test/target/test-dir/MiniOzoneClusterImpl-9e11fa7e-4972-4825-87e7-ebdcd03a38ce/omNode-1/db.snapshots/om.db-5885043a-d136-4dfb-a4e6-0543adf627e2 availability.
2023-02-28 20:10:52,526 [OMDoubleBufferFlushThread] INFO  om.OmSnapshotManager (OmSnapshotManager.java:createOmSnapshotCheckpoint(163)) - Created checkpoint : /home/runner/work/ozone/ozone/hadoop-ozone/integration-test/target/test-dir/MiniOzoneClusterImpl-9e11fa7e-4972-4825-87e7-ebdcd03a38ce/omNode-1/db.snapshots/om.db-5885043a-d136-4dfb-a4e6-0543adf627e2 for snapshot snap81286
2023-02-28 20:10:52,527 [OMDoubleBufferFlushThread] INFO  db.RDBCheckpointManager (RDBCheckpointManager.java:createCheckpoint(96)) - Created checkpoint in rocksDB at /home/runner/work/ozone/ozone/hadoop-ozone/integration-test/target/test-dir/MiniOzoneClusterImpl-9e11fa7e-4972-4825-87e7-ebdcd03a38ce/omNode-3/db.snapshots/om.db-5885043a-d136-4dfb-a4e6-0543adf627e2 in 18 milliseconds
2023-02-28 20:10:52,527 [OMDoubleBufferFlushThread] INFO  db.RDBCheckpointManager (RDBCheckpointManager.java:waitForCheckpointDirectoryExist(125)) - Waited for 0 milliseconds for checkpoint directory /home/runner/work/ozone/ozone/hadoop-ozone/integration-test/target/test-dir/MiniOzoneClusterImpl-9e11fa7e-4972-4825-87e7-ebdcd03a38ce/omNode-3/db.snapshots/om.db-5885043a-d136-4dfb-a4e6-0543adf627e2 availability.
2023-02-28 20:10:52,527 [OMDoubleBufferFlushThread] INFO  om.OmSnapshotManager (OmSnapshotManager.java:createOmSnapshotCheckpoint(163)) - Created checkpoint : /home/runner/work/ozone/ozone/hadoop-ozone/integration-test/target/test-dir/MiniOzoneClusterImpl-9e11fa7e-4972-4825-87e7-ebdcd03a38ce/omNode-3/db.snapshots/om.db-5885043a-d136-4dfb-a4e6-0543adf627e2 for snapshot snap81286
2023-02-28 20:10:52,528 [OMDoubleBufferFlushThread] INFO  db.RDBCheckpointManager (RDBCheckpointManager.java:createCheckpoint(96)) - Created checkpoint in rocksDB at /home/runner/work/ozone/ozone/hadoop-ozone/integration-test/target/test-dir/MiniOzoneClusterImpl-9e11fa7e-4972-4825-87e7-ebdcd03a38ce/omNode-2/db.snapshots/om.db-5885043a-d136-4dfb-a4e6-0543adf627e2 in 17 milliseconds
2023-02-28 20:10:52,529 [OMDoubleBufferFlushThread] INFO  db.RDBCheckpointManager (RDBCheckpointManager.java:waitForCheckpointDirectoryExist(125)) - Waited for 1 milliseconds for checkpoint directory /home/runner/work/ozone/ozone/hadoop-ozone/integration-test/target/test-dir/MiniOzoneClusterImpl-9e11fa7e-4972-4825-87e7-ebdcd03a38ce/omNode-2/db.snapshots/om.db-5885043a-d136-4dfb-a4e6-0543adf627e2 availability.
2023-02-28 20:10:52,529 [OMDoubleBufferFlushThread] INFO  om.OmSnapshotManager (OmSnapshotManager.java:createOmSnapshotCheckpoint(163)) - Created checkpoint : /home/runner/work/ozone/ozone/hadoop-ozone/integration-test/target/test-dir/MiniOzoneClusterImpl-9e11fa7e-4972-4825-87e7-ebdcd03a38ce/omNode-2/db.snapshots/om.db-5885043a-d136-4dfb-a4e6-0543adf627e2 for snapshot snap81286
2023-02-28 20:10:53,508 [IPC Server handler 4 on default port 38823] WARN  server.ServerUtils (ServerUtils.java:getDBPath(225)) - ozone.om.db.dirs is not configured. We recommend adding this setting. Falling back to ozone.metadata.dirs instead.
2023-02-28 20:10:53,509 [IPC Server handler 4 on default port 38823] INFO  codec.OmKeyInfoCodec (OmKeyInfoCodec.java:<init>(49)) - OmKeyInfoCodec ignorePipeline = true
2023-02-28 20:10:53,509 [IPC Server handler 4 on default port 38823] INFO  codec.RepeatedOmKeyInfoCodec (RepeatedOmKeyInfoCodec.java:<init>(41)) - RepeatedOmKeyInfoCodec ignorePipeline = true
2023-02-28 20:10:53,639 [OM StateMachine ApplyTransaction Thread - 0] INFO  snapshot.OMSnapshotCreateRequest (OMSnapshotCreateRequest.java:validateAndUpdateCache(180)) - Created snapshot 'snap85246' under path 'vol-74421/buck-62766'
2023-02-28 20:10:53,639 [OM StateMachine ApplyTransaction Thread - 0] INFO  snapshot.OMSnapshotCreateRequest (OMSnapshotCreateRequest.java:validateAndUpdateCache(180)) - Created snapshot 'snap85246' under path 'vol-74421/buck-62766'
2023-02-28 20:10:53,640 [OM StateMachine ApplyTransaction Thread - 0] INFO  snapshot.OMSnapshotCreateRequest (OMSnapshotCreateRequest.java:validateAndUpdateCache(180)) - Created snapshot 'snap85246' under path 'vol-74421/buck-62766'
2023-02-28 20:10:53,665 [OMDoubleBufferFlushThread] INFO  db.RDBCheckpointManager (RDBCheckpointManager.java:createCheckpoint(96)) - Created checkpoint in rocksDB at /home/runner/work/ozone/ozone/hadoop-ozone/integration-test/target/test-dir/MiniOzoneClusterImpl-9e11fa7e-4972-4825-87e7-ebdcd03a38ce/omNode-2/db.snapshots/om.db-6442456c-6c83-4c50-be05-3c6742970781 in 24 milliseconds
2023-02-28 20:10:53,665 [OMDoubleBufferFlushThread] INFO  db.RDBCheckpointManager (RDBCheckpointManager.java:createCheckpoint(96)) - Created checkpoint in rocksDB at /home/runner/work/ozone/ozone/hadoop-ozone/integration-test/target/test-dir/MiniOzoneClusterImpl-9e11fa7e-4972-4825-87e7-ebdcd03a38ce/omNode-1/db.snapshots/om.db-6442456c-6c83-4c50-be05-3c6742970781 in 25 milliseconds
2023-02-28 20:10:53,666 [OMDoubleBufferFlushThread] INFO  db.RDBCheckpointManager (RDBCheckpointManager.java:waitForCheckpointDirectoryExist(125)) - Waited for 1 milliseconds for checkpoint directory /home/runner/work/ozone/ozone/hadoop-ozone/integration-test/target/test-dir/MiniOzoneClusterImpl-9e11fa7e-4972-4825-87e7-ebdcd03a38ce/omNode-2/db.snapshots/om.db-6442456c-6c83-4c50-be05-3c6742970781 availability.
2023-02-28 20:10:53,666 [OMDoubleBufferFlushThread] INFO  om.OmSnapshotManager (OmSnapshotManager.java:createOmSnapshotCheckpoint(163)) - Created checkpoint : /home/runner/work/ozone/ozone/hadoop-ozone/integration-test/target/test-dir/MiniOzoneClusterImpl-9e11fa7e-4972-4825-87e7-ebdcd03a38ce/omNode-2/db.snapshots/om.db-6442456c-6c83-4c50-be05-3c6742970781 for snapshot snap85246
2023-02-28 20:10:53,666 [OMDoubleBufferFlushThread] INFO  db.RDBCheckpointManager (RDBCheckpointManager.java:waitForCheckpointDirectoryExist(125)) - Waited for 1 milliseconds for checkpoint directory /home/runner/work/ozone/ozone/hadoop-ozone/integration-test/target/test-dir/MiniOzoneClusterImpl-9e11fa7e-4972-4825-87e7-ebdcd03a38ce/omNode-1/db.snapshots/om.db-6442456c-6c83-4c50-be05-3c6742970781 availability.
2023-02-28 20:10:53,667 [OMDoubleBufferFlushThread] INFO  om.OmSnapshotManager (OmSnapshotManager.java:createOmSnapshotCheckpoint(163)) - Created checkpoint : /home/runner/work/ozone/ozone/hadoop-ozone/integration-test/target/test-dir/MiniOzoneClusterImpl-9e11fa7e-4972-4825-87e7-ebdcd03a38ce/omNode-1/db.snapshots/om.db-6442456c-6c83-4c50-be05-3c6742970781 for snapshot snap85246
2023-02-28 20:10:53,667 [OMDoubleBufferFlushThread] INFO  db.RDBCheckpointManager (RDBCheckpointManager.java:createCheckpoint(96)) - Created checkpoint in rocksDB at /home/runner/work/ozone/ozone/hadoop-ozone/integration-test/target/test-dir/MiniOzoneClusterImpl-9e11fa7e-4972-4825-87e7-ebdcd03a38ce/omNode-3/db.snapshots/om.db-6442456c-6c83-4c50-be05-3c6742970781 in 26 milliseconds
2023-02-28 20:10:53,668 [OMDoubleBufferFlushThread] INFO  db.RDBCheckpointManager (RDBCheckpointManager.java:waitForCheckpointDirectoryExist(125)) - Waited for 1 milliseconds for checkpoint directory /home/runner/work/ozone/ozone/hadoop-ozone/integration-test/target/test-dir/MiniOzoneClusterImpl-9e11fa7e-4972-4825-87e7-ebdcd03a38ce/omNode-3/db.snapshots/om.db-6442456c-6c83-4c50-be05-3c6742970781 availability.
2023-02-28 20:10:53,668 [OMDoubleBufferFlushThread] INFO  om.OmSnapshotManager (OmSnapshotManager.java:createOmSnapshotCheckpoint(163)) - Created checkpoint : /home/runner/work/ozone/ozone/hadoop-ozone/integration-test/target/test-dir/MiniOzoneClusterImpl-9e11fa7e-4972-4825-87e7-ebdcd03a38ce/omNode-3/db.snapshots/om.db-6442456c-6c83-4c50-be05-3c6742970781 for snapshot snap85246
2023-02-28 20:10:54,641 [IPC Server handler 7 on default port 38823] WARN  server.ServerUtils (ServerUtils.java:getDBPath(225)) - ozone.om.db.dirs is not configured. We recommend adding this setting. Falling back to ozone.metadata.dirs instead.
2023-02-28 20:10:54,641 [IPC Server handler 7 on default port 38823] INFO  codec.OmKeyInfoCodec (OmKeyInfoCodec.java:<init>(49)) - OmKeyInfoCodec ignorePipeline = true
2023-02-28 20:10:54,641 [IPC Server handler 7 on default port 38823] INFO  codec.RepeatedOmKeyInfoCodec (RepeatedOmKeyInfoCodec.java:<init>(41)) - RepeatedOmKeyInfoCodec ignorePipeline = true
]]></system-out>
  </testcase>
  <testcase name="testListKeyOnEmptyBucket" classname="TestOmSnapshot" time="1.082">
    <system-out><![CDATA[2023-02-28 20:09:04,401 [Time-limited test] INFO  rpc.RpcClient (RpcClient.java:createVolume(476)) - Creating Volume: vol-23876, with runner as owner and space quota set to -1 bytes, counts quota set to -1
2023-02-28 20:09:04,406 [OM StateMachine ApplyTransaction Thread - 0] INFO  volume.OMVolumeCreateRequest (OMVolumeCreateRequest.java:validateAndUpdateCache(195)) - created volume:vol-23876 for user:runner
2023-02-28 20:09:04,407 [OM StateMachine ApplyTransaction Thread - 0] INFO  volume.OMVolumeCreateRequest (OMVolumeCreateRequest.java:validateAndUpdateCache(195)) - created volume:vol-23876 for user:runner
2023-02-28 20:09:04,407 [OM StateMachine ApplyTransaction Thread - 0] INFO  volume.OMVolumeCreateRequest (OMVolumeCreateRequest.java:validateAndUpdateCache(195)) - created volume:vol-23876 for user:runner
2023-02-28 20:09:04,409 [Time-limited test] INFO  rpc.RpcClient (RpcClient.java:createBucket(698)) - Creating Bucket: vol-23876/buc-80172, with server-side default bucket layout, runner as owner, Versioning false, Storage Type set to DISK and Encryption set to false, Replication Type set to server-side default replication type, Namespace Quota set to -1, Space Quota set to -1 
2023-02-28 20:09:04,411 [OM StateMachine ApplyTransaction Thread - 0] INFO  bucket.OMBucketCreateRequest (OMBucketCreateRequest.java:validateAndUpdateCache(263)) - created bucket: buc-80172 of layout OBJECT_STORE in volume: vol-23876
2023-02-28 20:09:04,412 [OM StateMachine ApplyTransaction Thread - 0] INFO  bucket.OMBucketCreateRequest (OMBucketCreateRequest.java:validateAndUpdateCache(263)) - created bucket: buc-80172 of layout OBJECT_STORE in volume: vol-23876
2023-02-28 20:09:04,414 [OM StateMachine ApplyTransaction Thread - 0] INFO  bucket.OMBucketCreateRequest (OMBucketCreateRequest.java:validateAndUpdateCache(263)) - created bucket: buc-80172 of layout OBJECT_STORE in volume: vol-23876
2023-02-28 20:09:04,415 [OM StateMachine ApplyTransaction Thread - 0] INFO  snapshot.OMSnapshotCreateRequest (OMSnapshotCreateRequest.java:validateAndUpdateCache(180)) - Created snapshot '560543ff-1696-43bd-8e6f-573351c774e3' under path 'vol-23876/buc-80172'
2023-02-28 20:09:04,416 [OM StateMachine ApplyTransaction Thread - 0] INFO  snapshot.OMSnapshotCreateRequest (OMSnapshotCreateRequest.java:validateAndUpdateCache(180)) - Created snapshot '560543ff-1696-43bd-8e6f-573351c774e3' under path 'vol-23876/buc-80172'
2023-02-28 20:09:04,417 [OM StateMachine ApplyTransaction Thread - 0] INFO  snapshot.OMSnapshotCreateRequest (OMSnapshotCreateRequest.java:validateAndUpdateCache(180)) - Created snapshot '560543ff-1696-43bd-8e6f-573351c774e3' under path 'vol-23876/buc-80172'
2023-02-28 20:09:04,445 [OMDoubleBufferFlushThread] INFO  db.RDBCheckpointManager (RDBCheckpointManager.java:createCheckpoint(96)) - Created checkpoint in rocksDB at /home/runner/work/ozone/ozone/hadoop-ozone/integration-test/target/test-dir/MiniOzoneClusterImpl-e7d671b1-06ed-40aa-a52b-2678dd5bab1b/omNode-3/db.snapshots/om.db-501406a0-e204-4dc2-8328-82111fba4548 in 27 milliseconds
2023-02-28 20:09:04,457 [OMDoubleBufferFlushThread] INFO  db.RDBCheckpointManager (RDBCheckpointManager.java:waitForCheckpointDirectoryExist(125)) - Waited for 12 milliseconds for checkpoint directory /home/runner/work/ozone/ozone/hadoop-ozone/integration-test/target/test-dir/MiniOzoneClusterImpl-e7d671b1-06ed-40aa-a52b-2678dd5bab1b/omNode-3/db.snapshots/om.db-501406a0-e204-4dc2-8328-82111fba4548 availability.
2023-02-28 20:09:04,457 [OMDoubleBufferFlushThread] INFO  om.OmSnapshotManager (OmSnapshotManager.java:createOmSnapshotCheckpoint(163)) - Created checkpoint : /home/runner/work/ozone/ozone/hadoop-ozone/integration-test/target/test-dir/MiniOzoneClusterImpl-e7d671b1-06ed-40aa-a52b-2678dd5bab1b/omNode-3/db.snapshots/om.db-501406a0-e204-4dc2-8328-82111fba4548 for snapshot 560543ff-1696-43bd-8e6f-573351c774e3
2023-02-28 20:09:04,458 [OMDoubleBufferFlushThread] INFO  db.RDBCheckpointManager (RDBCheckpointManager.java:createCheckpoint(96)) - Created checkpoint in rocksDB at /home/runner/work/ozone/ozone/hadoop-ozone/integration-test/target/test-dir/MiniOzoneClusterImpl-e7d671b1-06ed-40aa-a52b-2678dd5bab1b/omNode-1/db.snapshots/om.db-501406a0-e204-4dc2-8328-82111fba4548 in 42 milliseconds
2023-02-28 20:09:04,459 [OMDoubleBufferFlushThread] INFO  db.RDBCheckpointManager (RDBCheckpointManager.java:waitForCheckpointDirectoryExist(125)) - Waited for 1 milliseconds for checkpoint directory /home/runner/work/ozone/ozone/hadoop-ozone/integration-test/target/test-dir/MiniOzoneClusterImpl-e7d671b1-06ed-40aa-a52b-2678dd5bab1b/omNode-1/db.snapshots/om.db-501406a0-e204-4dc2-8328-82111fba4548 availability.
2023-02-28 20:09:04,459 [OMDoubleBufferFlushThread] INFO  om.OmSnapshotManager (OmSnapshotManager.java:createOmSnapshotCheckpoint(163)) - Created checkpoint : /home/runner/work/ozone/ozone/hadoop-ozone/integration-test/target/test-dir/MiniOzoneClusterImpl-e7d671b1-06ed-40aa-a52b-2678dd5bab1b/omNode-1/db.snapshots/om.db-501406a0-e204-4dc2-8328-82111fba4548 for snapshot 560543ff-1696-43bd-8e6f-573351c774e3
2023-02-28 20:09:04,459 [OMDoubleBufferFlushThread] INFO  db.RDBCheckpointManager (RDBCheckpointManager.java:createCheckpoint(96)) - Created checkpoint in rocksDB at /home/runner/work/ozone/ozone/hadoop-ozone/integration-test/target/test-dir/MiniOzoneClusterImpl-e7d671b1-06ed-40aa-a52b-2678dd5bab1b/omNode-2/db.snapshots/om.db-501406a0-e204-4dc2-8328-82111fba4548 in 41 milliseconds
2023-02-28 20:09:04,467 [OMDoubleBufferFlushThread] INFO  db.RDBCheckpointManager (RDBCheckpointManager.java:waitForCheckpointDirectoryExist(125)) - Waited for 8 milliseconds for checkpoint directory /home/runner/work/ozone/ozone/hadoop-ozone/integration-test/target/test-dir/MiniOzoneClusterImpl-e7d671b1-06ed-40aa-a52b-2678dd5bab1b/omNode-2/db.snapshots/om.db-501406a0-e204-4dc2-8328-82111fba4548 availability.
2023-02-28 20:09:04,467 [OMDoubleBufferFlushThread] INFO  om.OmSnapshotManager (OmSnapshotManager.java:createOmSnapshotCheckpoint(163)) - Created checkpoint : /home/runner/work/ozone/ozone/hadoop-ozone/integration-test/target/test-dir/MiniOzoneClusterImpl-e7d671b1-06ed-40aa-a52b-2678dd5bab1b/omNode-2/db.snapshots/om.db-501406a0-e204-4dc2-8328-82111fba4548 for snapshot 560543ff-1696-43bd-8e6f-573351c774e3
2023-02-28 20:09:05,425 [IPC Server handler 8 on default port 39621] WARN  server.ServerUtils (ServerUtils.java:getDBPath(225)) - ozone.om.db.dirs is not configured. We recommend adding this setting. Falling back to ozone.metadata.dirs instead.
2023-02-28 20:09:05,425 [IPC Server handler 8 on default port 39621] INFO  codec.OmKeyInfoCodec (OmKeyInfoCodec.java:<init>(49)) - OmKeyInfoCodec ignorePipeline = true
2023-02-28 20:09:05,425 [IPC Server handler 8 on default port 39621] INFO  codec.RepeatedOmKeyInfoCodec (RepeatedOmKeyInfoCodec.java:<init>(41)) - RepeatedOmKeyInfoCodec ignorePipeline = true
]]></system-out>
  </testcase>
  <testcase name="testListKeyOnEmptyBucket" classname="TestOmSnapshot" time="1.058">
    <system-out><![CDATA[2023-02-28 20:09:58,793 [Time-limited test] INFO  rpc.RpcClient (RpcClient.java:createVolume(476)) - Creating Volume: vol-52979, with runner as owner and space quota set to -1 bytes, counts quota set to -1
2023-02-28 20:09:58,796 [OM StateMachine ApplyTransaction Thread - 0] INFO  volume.OMVolumeCreateRequest (OMVolumeCreateRequest.java:validateAndUpdateCache(195)) - created volume:vol-52979 for user:runner
2023-02-28 20:09:58,798 [OM StateMachine ApplyTransaction Thread - 0] INFO  volume.OMVolumeCreateRequest (OMVolumeCreateRequest.java:validateAndUpdateCache(195)) - created volume:vol-52979 for user:runner
2023-02-28 20:09:58,798 [OM StateMachine ApplyTransaction Thread - 0] INFO  volume.OMVolumeCreateRequest (OMVolumeCreateRequest.java:validateAndUpdateCache(195)) - created volume:vol-52979 for user:runner
2023-02-28 20:09:58,799 [Time-limited test] INFO  rpc.RpcClient (RpcClient.java:createBucket(698)) - Creating Bucket: vol-52979/buc-01988, with server-side default bucket layout, runner as owner, Versioning false, Storage Type set to DISK and Encryption set to false, Replication Type set to server-side default replication type, Namespace Quota set to -1, Space Quota set to -1 
2023-02-28 20:09:58,802 [OM StateMachine ApplyTransaction Thread - 0] INFO  bucket.OMBucketCreateRequest (OMBucketCreateRequest.java:validateAndUpdateCache(263)) - created bucket: buc-01988 of layout FILE_SYSTEM_OPTIMIZED in volume: vol-52979
2023-02-28 20:09:58,802 [OM StateMachine ApplyTransaction Thread - 0] INFO  bucket.OMBucketCreateRequest (OMBucketCreateRequest.java:validateAndUpdateCache(263)) - created bucket: buc-01988 of layout FILE_SYSTEM_OPTIMIZED in volume: vol-52979
2023-02-28 20:09:58,802 [OM StateMachine ApplyTransaction Thread - 0] INFO  bucket.OMBucketCreateRequest (OMBucketCreateRequest.java:validateAndUpdateCache(263)) - created bucket: buc-01988 of layout FILE_SYSTEM_OPTIMIZED in volume: vol-52979
2023-02-28 20:09:58,805 [OM StateMachine ApplyTransaction Thread - 0] INFO  snapshot.OMSnapshotCreateRequest (OMSnapshotCreateRequest.java:validateAndUpdateCache(180)) - Created snapshot '30b8ba18-b48a-409b-9480-a42c98d54f74' under path 'vol-52979/buc-01988'
2023-02-28 20:09:58,806 [OM StateMachine ApplyTransaction Thread - 0] INFO  snapshot.OMSnapshotCreateRequest (OMSnapshotCreateRequest.java:validateAndUpdateCache(180)) - Created snapshot '30b8ba18-b48a-409b-9480-a42c98d54f74' under path 'vol-52979/buc-01988'
2023-02-28 20:09:58,807 [OM StateMachine ApplyTransaction Thread - 0] INFO  snapshot.OMSnapshotCreateRequest (OMSnapshotCreateRequest.java:validateAndUpdateCache(180)) - Created snapshot '30b8ba18-b48a-409b-9480-a42c98d54f74' under path 'vol-52979/buc-01988'
2023-02-28 20:09:58,829 [OMDoubleBufferFlushThread] INFO  db.RDBCheckpointManager (RDBCheckpointManager.java:createCheckpoint(96)) - Created checkpoint in rocksDB at /home/runner/work/ozone/ozone/hadoop-ozone/integration-test/target/test-dir/MiniOzoneClusterImpl-58db5c20-d6df-4fe1-a747-1f1a0fc9447e/omNode-1/db.snapshots/om.db-50741779-cae4-402b-a2ae-fc715ec77db7 in 23 milliseconds
2023-02-28 20:09:58,830 [OMDoubleBufferFlushThread] INFO  db.RDBCheckpointManager (RDBCheckpointManager.java:waitForCheckpointDirectoryExist(125)) - Waited for 1 milliseconds for checkpoint directory /home/runner/work/ozone/ozone/hadoop-ozone/integration-test/target/test-dir/MiniOzoneClusterImpl-58db5c20-d6df-4fe1-a747-1f1a0fc9447e/omNode-1/db.snapshots/om.db-50741779-cae4-402b-a2ae-fc715ec77db7 availability.
2023-02-28 20:09:58,830 [OMDoubleBufferFlushThread] INFO  om.OmSnapshotManager (OmSnapshotManager.java:createOmSnapshotCheckpoint(163)) - Created checkpoint : /home/runner/work/ozone/ozone/hadoop-ozone/integration-test/target/test-dir/MiniOzoneClusterImpl-58db5c20-d6df-4fe1-a747-1f1a0fc9447e/omNode-1/db.snapshots/om.db-50741779-cae4-402b-a2ae-fc715ec77db7 for snapshot 30b8ba18-b48a-409b-9480-a42c98d54f74
2023-02-28 20:09:58,836 [OMDoubleBufferFlushThread] INFO  db.RDBCheckpointManager (RDBCheckpointManager.java:createCheckpoint(96)) - Created checkpoint in rocksDB at /home/runner/work/ozone/ozone/hadoop-ozone/integration-test/target/test-dir/MiniOzoneClusterImpl-58db5c20-d6df-4fe1-a747-1f1a0fc9447e/omNode-2/db.snapshots/om.db-50741779-cae4-402b-a2ae-fc715ec77db7 in 28 milliseconds
2023-02-28 20:09:58,839 [OMDoubleBufferFlushThread] INFO  db.RDBCheckpointManager (RDBCheckpointManager.java:waitForCheckpointDirectoryExist(125)) - Waited for 2 milliseconds for checkpoint directory /home/runner/work/ozone/ozone/hadoop-ozone/integration-test/target/test-dir/MiniOzoneClusterImpl-58db5c20-d6df-4fe1-a747-1f1a0fc9447e/omNode-2/db.snapshots/om.db-50741779-cae4-402b-a2ae-fc715ec77db7 availability.
2023-02-28 20:09:58,839 [OMDoubleBufferFlushThread] INFO  om.OmSnapshotManager (OmSnapshotManager.java:createOmSnapshotCheckpoint(163)) - Created checkpoint : /home/runner/work/ozone/ozone/hadoop-ozone/integration-test/target/test-dir/MiniOzoneClusterImpl-58db5c20-d6df-4fe1-a747-1f1a0fc9447e/omNode-2/db.snapshots/om.db-50741779-cae4-402b-a2ae-fc715ec77db7 for snapshot 30b8ba18-b48a-409b-9480-a42c98d54f74
2023-02-28 20:09:58,841 [OMDoubleBufferFlushThread] INFO  db.RDBCheckpointManager (RDBCheckpointManager.java:createCheckpoint(96)) - Created checkpoint in rocksDB at /home/runner/work/ozone/ozone/hadoop-ozone/integration-test/target/test-dir/MiniOzoneClusterImpl-58db5c20-d6df-4fe1-a747-1f1a0fc9447e/omNode-3/db.snapshots/om.db-50741779-cae4-402b-a2ae-fc715ec77db7 in 32 milliseconds
2023-02-28 20:09:58,841 [OMDoubleBufferFlushThread] INFO  db.RDBCheckpointManager (RDBCheckpointManager.java:waitForCheckpointDirectoryExist(125)) - Waited for 0 milliseconds for checkpoint directory /home/runner/work/ozone/ozone/hadoop-ozone/integration-test/target/test-dir/MiniOzoneClusterImpl-58db5c20-d6df-4fe1-a747-1f1a0fc9447e/omNode-3/db.snapshots/om.db-50741779-cae4-402b-a2ae-fc715ec77db7 availability.
2023-02-28 20:09:58,841 [OMDoubleBufferFlushThread] INFO  om.OmSnapshotManager (OmSnapshotManager.java:createOmSnapshotCheckpoint(163)) - Created checkpoint : /home/runner/work/ozone/ozone/hadoop-ozone/integration-test/target/test-dir/MiniOzoneClusterImpl-58db5c20-d6df-4fe1-a747-1f1a0fc9447e/omNode-3/db.snapshots/om.db-50741779-cae4-402b-a2ae-fc715ec77db7 for snapshot 30b8ba18-b48a-409b-9480-a42c98d54f74
2023-02-28 20:09:59,810 [IPC Server handler 12 on default port 36591] WARN  server.ServerUtils (ServerUtils.java:getDBPath(225)) - ozone.om.db.dirs is not configured. We recommend adding this setting. Falling back to ozone.metadata.dirs instead.
2023-02-28 20:09:59,811 [IPC Server handler 12 on default port 36591] INFO  codec.OmKeyInfoCodec (OmKeyInfoCodec.java:<init>(49)) - OmKeyInfoCodec ignorePipeline = true
2023-02-28 20:09:59,811 [IPC Server handler 12 on default port 36591] INFO  codec.RepeatedOmKeyInfoCodec (RepeatedOmKeyInfoCodec.java:<init>(41)) - RepeatedOmKeyInfoCodec ignorePipeline = true
]]></system-out>
  </testcase>
  <testcase name="testListKeyOnEmptyBucket" classname="TestOmSnapshot" time="1.056">
    <system-out><![CDATA[2023-02-28 20:10:54,790 [Time-limited test] INFO  rpc.RpcClient (RpcClient.java:createVolume(476)) - Creating Volume: vol-28336, with runner as owner and space quota set to -1 bytes, counts quota set to -1
2023-02-28 20:10:54,793 [OM StateMachine ApplyTransaction Thread - 0] INFO  volume.OMVolumeCreateRequest (OMVolumeCreateRequest.java:validateAndUpdateCache(195)) - created volume:vol-28336 for user:runner
2023-02-28 20:10:54,794 [OM StateMachine ApplyTransaction Thread - 0] INFO  volume.OMVolumeCreateRequest (OMVolumeCreateRequest.java:validateAndUpdateCache(195)) - created volume:vol-28336 for user:runner
2023-02-28 20:10:54,795 [OM StateMachine ApplyTransaction Thread - 0] INFO  volume.OMVolumeCreateRequest (OMVolumeCreateRequest.java:validateAndUpdateCache(195)) - created volume:vol-28336 for user:runner
2023-02-28 20:10:54,796 [Time-limited test] INFO  rpc.RpcClient (RpcClient.java:createBucket(698)) - Creating Bucket: vol-28336/buc-07881, with server-side default bucket layout, runner as owner, Versioning false, Storage Type set to DISK and Encryption set to false, Replication Type set to server-side default replication type, Namespace Quota set to -1, Space Quota set to -1 
2023-02-28 20:10:54,798 [OM StateMachine ApplyTransaction Thread - 0] INFO  bucket.OMBucketCreateRequest (OMBucketCreateRequest.java:validateAndUpdateCache(263)) - created bucket: buc-07881 of layout LEGACY in volume: vol-28336
2023-02-28 20:10:54,799 [OM StateMachine ApplyTransaction Thread - 0] INFO  bucket.OMBucketCreateRequest (OMBucketCreateRequest.java:validateAndUpdateCache(263)) - created bucket: buc-07881 of layout LEGACY in volume: vol-28336
2023-02-28 20:10:54,799 [OM StateMachine ApplyTransaction Thread - 0] INFO  bucket.OMBucketCreateRequest (OMBucketCreateRequest.java:validateAndUpdateCache(263)) - created bucket: buc-07881 of layout LEGACY in volume: vol-28336
2023-02-28 20:10:54,801 [OM StateMachine ApplyTransaction Thread - 0] INFO  snapshot.OMSnapshotCreateRequest (OMSnapshotCreateRequest.java:validateAndUpdateCache(180)) - Created snapshot '6895daa1-d7c7-48b6-adf1-873bfc8ade18' under path 'vol-28336/buc-07881'
2023-02-28 20:10:54,803 [OM StateMachine ApplyTransaction Thread - 0] INFO  snapshot.OMSnapshotCreateRequest (OMSnapshotCreateRequest.java:validateAndUpdateCache(180)) - Created snapshot '6895daa1-d7c7-48b6-adf1-873bfc8ade18' under path 'vol-28336/buc-07881'
2023-02-28 20:10:54,803 [OM StateMachine ApplyTransaction Thread - 0] INFO  snapshot.OMSnapshotCreateRequest (OMSnapshotCreateRequest.java:validateAndUpdateCache(180)) - Created snapshot '6895daa1-d7c7-48b6-adf1-873bfc8ade18' under path 'vol-28336/buc-07881'
2023-02-28 20:10:54,826 [OMDoubleBufferFlushThread] INFO  db.RDBCheckpointManager (RDBCheckpointManager.java:createCheckpoint(96)) - Created checkpoint in rocksDB at /home/runner/work/ozone/ozone/hadoop-ozone/integration-test/target/test-dir/MiniOzoneClusterImpl-9e11fa7e-4972-4825-87e7-ebdcd03a38ce/omNode-1/db.snapshots/om.db-5272bef7-112f-45f3-9400-214ba9bad002 in 24 milliseconds
2023-02-28 20:10:54,827 [OMDoubleBufferFlushThread] INFO  db.RDBCheckpointManager (RDBCheckpointManager.java:waitForCheckpointDirectoryExist(125)) - Waited for 0 milliseconds for checkpoint directory /home/runner/work/ozone/ozone/hadoop-ozone/integration-test/target/test-dir/MiniOzoneClusterImpl-9e11fa7e-4972-4825-87e7-ebdcd03a38ce/omNode-1/db.snapshots/om.db-5272bef7-112f-45f3-9400-214ba9bad002 availability.
2023-02-28 20:10:54,827 [OMDoubleBufferFlushThread] INFO  om.OmSnapshotManager (OmSnapshotManager.java:createOmSnapshotCheckpoint(163)) - Created checkpoint : /home/runner/work/ozone/ozone/hadoop-ozone/integration-test/target/test-dir/MiniOzoneClusterImpl-9e11fa7e-4972-4825-87e7-ebdcd03a38ce/omNode-1/db.snapshots/om.db-5272bef7-112f-45f3-9400-214ba9bad002 for snapshot 6895daa1-d7c7-48b6-adf1-873bfc8ade18
2023-02-28 20:10:54,832 [OMDoubleBufferFlushThread] INFO  db.RDBCheckpointManager (RDBCheckpointManager.java:createCheckpoint(96)) - Created checkpoint in rocksDB at /home/runner/work/ozone/ozone/hadoop-ozone/integration-test/target/test-dir/MiniOzoneClusterImpl-9e11fa7e-4972-4825-87e7-ebdcd03a38ce/omNode-2/db.snapshots/om.db-5272bef7-112f-45f3-9400-214ba9bad002 in 27 milliseconds
2023-02-28 20:10:54,832 [OMDoubleBufferFlushThread] INFO  db.RDBCheckpointManager (RDBCheckpointManager.java:createCheckpoint(96)) - Created checkpoint in rocksDB at /home/runner/work/ozone/ozone/hadoop-ozone/integration-test/target/test-dir/MiniOzoneClusterImpl-9e11fa7e-4972-4825-87e7-ebdcd03a38ce/omNode-3/db.snapshots/om.db-5272bef7-112f-45f3-9400-214ba9bad002 in 28 milliseconds
2023-02-28 20:10:54,837 [OMDoubleBufferFlushThread] INFO  db.RDBCheckpointManager (RDBCheckpointManager.java:waitForCheckpointDirectoryExist(125)) - Waited for 5 milliseconds for checkpoint directory /home/runner/work/ozone/ozone/hadoop-ozone/integration-test/target/test-dir/MiniOzoneClusterImpl-9e11fa7e-4972-4825-87e7-ebdcd03a38ce/omNode-2/db.snapshots/om.db-5272bef7-112f-45f3-9400-214ba9bad002 availability.
2023-02-28 20:10:54,837 [OMDoubleBufferFlushThread] INFO  om.OmSnapshotManager (OmSnapshotManager.java:createOmSnapshotCheckpoint(163)) - Created checkpoint : /home/runner/work/ozone/ozone/hadoop-ozone/integration-test/target/test-dir/MiniOzoneClusterImpl-9e11fa7e-4972-4825-87e7-ebdcd03a38ce/omNode-2/db.snapshots/om.db-5272bef7-112f-45f3-9400-214ba9bad002 for snapshot 6895daa1-d7c7-48b6-adf1-873bfc8ade18
2023-02-28 20:10:54,838 [OMDoubleBufferFlushThread] INFO  db.RDBCheckpointManager (RDBCheckpointManager.java:waitForCheckpointDirectoryExist(125)) - Waited for 5 milliseconds for checkpoint directory /home/runner/work/ozone/ozone/hadoop-ozone/integration-test/target/test-dir/MiniOzoneClusterImpl-9e11fa7e-4972-4825-87e7-ebdcd03a38ce/omNode-3/db.snapshots/om.db-5272bef7-112f-45f3-9400-214ba9bad002 availability.
2023-02-28 20:10:54,838 [OMDoubleBufferFlushThread] INFO  om.OmSnapshotManager (OmSnapshotManager.java:createOmSnapshotCheckpoint(163)) - Created checkpoint : /home/runner/work/ozone/ozone/hadoop-ozone/integration-test/target/test-dir/MiniOzoneClusterImpl-9e11fa7e-4972-4825-87e7-ebdcd03a38ce/omNode-3/db.snapshots/om.db-5272bef7-112f-45f3-9400-214ba9bad002 for snapshot 6895daa1-d7c7-48b6-adf1-873bfc8ade18
2023-02-28 20:10:55,808 [IPC Server handler 13 on default port 38823] WARN  server.ServerUtils (ServerUtils.java:getDBPath(225)) - ozone.om.db.dirs is not configured. We recommend adding this setting. Falling back to ozone.metadata.dirs instead.
2023-02-28 20:10:55,808 [IPC Server handler 13 on default port 38823] INFO  codec.OmKeyInfoCodec (OmKeyInfoCodec.java:<init>(49)) - OmKeyInfoCodec ignorePipeline = true
2023-02-28 20:10:55,809 [IPC Server handler 13 on default port 38823] INFO  codec.RepeatedOmKeyInfoCodec (RepeatedOmKeyInfoCodec.java:<init>(41)) - RepeatedOmKeyInfoCodec ignorePipeline = true
]]></system-out>
  </testcase>
  <testcase name="checkKey" classname="TestOmSnapshot" time="1.32">
    <system-out><![CDATA[2023-02-28 20:09:05,566 [OM StateMachine ApplyTransaction Thread - 0] INFO  snapshot.OMSnapshotCreateRequest (OMSnapshotCreateRequest.java:validateAndUpdateCache(180)) - Created snapshot 'd9eb29ab-534b-4bb9-aff9-bd5475aea27a' under path 'volume79606/bucket44206'
2023-02-28 20:09:05,566 [OM StateMachine ApplyTransaction Thread - 0] INFO  snapshot.OMSnapshotCreateRequest (OMSnapshotCreateRequest.java:validateAndUpdateCache(180)) - Created snapshot 'd9eb29ab-534b-4bb9-aff9-bd5475aea27a' under path 'volume79606/bucket44206'
2023-02-28 20:09:05,568 [OM StateMachine ApplyTransaction Thread - 0] INFO  snapshot.OMSnapshotCreateRequest (OMSnapshotCreateRequest.java:validateAndUpdateCache(180)) - Created snapshot 'd9eb29ab-534b-4bb9-aff9-bd5475aea27a' under path 'volume79606/bucket44206'
2023-02-28 20:09:05,592 [OMDoubleBufferFlushThread] INFO  db.RDBCheckpointManager (RDBCheckpointManager.java:createCheckpoint(96)) - Created checkpoint in rocksDB at /home/runner/work/ozone/ozone/hadoop-ozone/integration-test/target/test-dir/MiniOzoneClusterImpl-e7d671b1-06ed-40aa-a52b-2678dd5bab1b/omNode-1/db.snapshots/om.db-ea5bd1d4-02fc-4b8c-9788-23ec832556ac in 24 milliseconds
2023-02-28 20:09:05,592 [OMDoubleBufferFlushThread] INFO  db.RDBCheckpointManager (RDBCheckpointManager.java:createCheckpoint(96)) - Created checkpoint in rocksDB at /home/runner/work/ozone/ozone/hadoop-ozone/integration-test/target/test-dir/MiniOzoneClusterImpl-e7d671b1-06ed-40aa-a52b-2678dd5bab1b/omNode-3/db.snapshots/om.db-ea5bd1d4-02fc-4b8c-9788-23ec832556ac in 24 milliseconds
2023-02-28 20:09:05,593 [OMDoubleBufferFlushThread] INFO  db.RDBCheckpointManager (RDBCheckpointManager.java:waitForCheckpointDirectoryExist(125)) - Waited for 1 milliseconds for checkpoint directory /home/runner/work/ozone/ozone/hadoop-ozone/integration-test/target/test-dir/MiniOzoneClusterImpl-e7d671b1-06ed-40aa-a52b-2678dd5bab1b/omNode-1/db.snapshots/om.db-ea5bd1d4-02fc-4b8c-9788-23ec832556ac availability.
2023-02-28 20:09:05,593 [OMDoubleBufferFlushThread] INFO  om.OmSnapshotManager (OmSnapshotManager.java:createOmSnapshotCheckpoint(163)) - Created checkpoint : /home/runner/work/ozone/ozone/hadoop-ozone/integration-test/target/test-dir/MiniOzoneClusterImpl-e7d671b1-06ed-40aa-a52b-2678dd5bab1b/omNode-1/db.snapshots/om.db-ea5bd1d4-02fc-4b8c-9788-23ec832556ac for snapshot d9eb29ab-534b-4bb9-aff9-bd5475aea27a
2023-02-28 20:09:05,594 [OMDoubleBufferFlushThread] INFO  db.RDBCheckpointManager (RDBCheckpointManager.java:waitForCheckpointDirectoryExist(125)) - Waited for 2 milliseconds for checkpoint directory /home/runner/work/ozone/ozone/hadoop-ozone/integration-test/target/test-dir/MiniOzoneClusterImpl-e7d671b1-06ed-40aa-a52b-2678dd5bab1b/omNode-3/db.snapshots/om.db-ea5bd1d4-02fc-4b8c-9788-23ec832556ac availability.
2023-02-28 20:09:05,594 [OMDoubleBufferFlushThread] INFO  om.OmSnapshotManager (OmSnapshotManager.java:createOmSnapshotCheckpoint(163)) - Created checkpoint : /home/runner/work/ozone/ozone/hadoop-ozone/integration-test/target/test-dir/MiniOzoneClusterImpl-e7d671b1-06ed-40aa-a52b-2678dd5bab1b/omNode-3/db.snapshots/om.db-ea5bd1d4-02fc-4b8c-9788-23ec832556ac for snapshot d9eb29ab-534b-4bb9-aff9-bd5475aea27a
2023-02-28 20:09:05,599 [OMDoubleBufferFlushThread] INFO  db.RDBCheckpointManager (RDBCheckpointManager.java:createCheckpoint(96)) - Created checkpoint in rocksDB at /home/runner/work/ozone/ozone/hadoop-ozone/integration-test/target/test-dir/MiniOzoneClusterImpl-e7d671b1-06ed-40aa-a52b-2678dd5bab1b/omNode-2/db.snapshots/om.db-ea5bd1d4-02fc-4b8c-9788-23ec832556ac in 30 milliseconds
2023-02-28 20:09:05,599 [OMDoubleBufferFlushThread] INFO  db.RDBCheckpointManager (RDBCheckpointManager.java:waitForCheckpointDirectoryExist(125)) - Waited for 0 milliseconds for checkpoint directory /home/runner/work/ozone/ozone/hadoop-ozone/integration-test/target/test-dir/MiniOzoneClusterImpl-e7d671b1-06ed-40aa-a52b-2678dd5bab1b/omNode-2/db.snapshots/om.db-ea5bd1d4-02fc-4b8c-9788-23ec832556ac availability.
2023-02-28 20:09:05,599 [OMDoubleBufferFlushThread] INFO  om.OmSnapshotManager (OmSnapshotManager.java:createOmSnapshotCheckpoint(163)) - Created checkpoint : /home/runner/work/ozone/ozone/hadoop-ozone/integration-test/target/test-dir/MiniOzoneClusterImpl-e7d671b1-06ed-40aa-a52b-2678dd5bab1b/omNode-2/db.snapshots/om.db-ea5bd1d4-02fc-4b8c-9788-23ec832556ac for snapshot d9eb29ab-534b-4bb9-aff9-bd5475aea27a
20:09:06.574 [OM StateMachine ApplyTransaction Thread - 0] ERROR OMAudit - user=runner | ip=127.0.0.1 | op=DELETE_KEY {volume=volume79606, bucket=bucket44206, key=dir1, dataSize=0, replicationType=NONE, replicationFactor=ZERO} | ret=FAILURE
org.apache.hadoop.ozone.om.exceptions.OMException: Key not found
	at org.apache.hadoop.ozone.om.request.key.OMKeyDeleteRequest.validateAndUpdateCache(OMKeyDeleteRequest.java:152) ~[ozone-manager-1.4.0-SNAPSHOT.jar:?]
	at org.apache.hadoop.ozone.om.request.key.OMKeyDeleteRequest.validateAndUpdateCache(OMKeyDeleteRequest.java:98) ~[ozone-manager-1.4.0-SNAPSHOT.jar:?]
	at org.apache.hadoop.ozone.protocolPB.OzoneManagerRequestHandler.handleWriteRequest(OzoneManagerRequestHandler.java:337) ~[ozone-manager-1.4.0-SNAPSHOT.jar:?]
	at org.apache.hadoop.ozone.om.ratis.OzoneManagerStateMachine.runCommand(OzoneManagerStateMachine.java:533) ~[ozone-manager-1.4.0-SNAPSHOT.jar:?]
	at org.apache.hadoop.ozone.om.ratis.OzoneManagerStateMachine.lambda$1(OzoneManagerStateMachine.java:324) ~[ozone-manager-1.4.0-SNAPSHOT.jar:?]
	at java.util.concurrent.CompletableFuture$AsyncSupply.run(CompletableFuture.java:1604) [?:1.8.0_362]
	at java.util.concurrent.ThreadPoolExecutor.runWorker(ThreadPoolExecutor.java:1149) [?:1.8.0_362]
	at java.util.concurrent.ThreadPoolExecutor$Worker.run(ThreadPoolExecutor.java:624) [?:1.8.0_362]
	at java.lang.Thread.run(Thread.java:750) [?:1.8.0_362]
2023-02-28 20:09:06,575 [OM StateMachine ApplyTransaction Thread - 0] ERROR key.OMKeyDeleteRequest (OMKeyDeleteRequest.java:validateAndUpdateCache(208)) - Key delete failed. Volume:volume79606, Bucket:bucket44206, Key:dir1.
KEY_NOT_FOUND org.apache.hadoop.ozone.om.exceptions.OMException: Key not found
	at org.apache.hadoop.ozone.om.request.key.OMKeyDeleteRequest.validateAndUpdateCache(OMKeyDeleteRequest.java:152)
	at org.apache.hadoop.ozone.om.request.key.OMKeyDeleteRequest.validateAndUpdateCache(OMKeyDeleteRequest.java:98)
	at org.apache.hadoop.ozone.protocolPB.OzoneManagerRequestHandler.handleWriteRequest(OzoneManagerRequestHandler.java:337)
	at org.apache.hadoop.ozone.om.ratis.OzoneManagerStateMachine.runCommand(OzoneManagerStateMachine.java:533)
	at org.apache.hadoop.ozone.om.ratis.OzoneManagerStateMachine.lambda$1(OzoneManagerStateMachine.java:324)
	at java.util.concurrent.CompletableFuture$AsyncSupply.run(CompletableFuture.java:1604)
	at java.util.concurrent.ThreadPoolExecutor.runWorker(ThreadPoolExecutor.java:1149)
	at java.util.concurrent.ThreadPoolExecutor$Worker.run(ThreadPoolExecutor.java:624)
	at java.lang.Thread.run(Thread.java:750)
20:09:06.576 [OM StateMachine ApplyTransaction Thread - 0] ERROR OMAudit - user=runner | ip=127.0.0.1 | op=DELETE_KEY {volume=volume79606, bucket=bucket44206, key=dir1, dataSize=0, replicationType=NONE, replicationFactor=ZERO} | ret=FAILURE
org.apache.hadoop.ozone.om.exceptions.OMException: Key not found
	at org.apache.hadoop.ozone.om.request.key.OMKeyDeleteRequest.validateAndUpdateCache(OMKeyDeleteRequest.java:152) ~[ozone-manager-1.4.0-SNAPSHOT.jar:?]
	at org.apache.hadoop.ozone.om.request.key.OMKeyDeleteRequest.validateAndUpdateCache(OMKeyDeleteRequest.java:98) ~[ozone-manager-1.4.0-SNAPSHOT.jar:?]
	at org.apache.hadoop.ozone.protocolPB.OzoneManagerRequestHandler.handleWriteRequest(OzoneManagerRequestHandler.java:337) ~[ozone-manager-1.4.0-SNAPSHOT.jar:?]
	at org.apache.hadoop.ozone.om.ratis.OzoneManagerStateMachine.runCommand(OzoneManagerStateMachine.java:533) ~[ozone-manager-1.4.0-SNAPSHOT.jar:?]
	at org.apache.hadoop.ozone.om.ratis.OzoneManagerStateMachine.lambda$1(OzoneManagerStateMachine.java:324) ~[ozone-manager-1.4.0-SNAPSHOT.jar:?]
	at java.util.concurrent.CompletableFuture$AsyncSupply.run(CompletableFuture.java:1604) [?:1.8.0_362]
	at java.util.concurrent.ThreadPoolExecutor.runWorker(ThreadPoolExecutor.java:1149) [?:1.8.0_362]
	at java.util.concurrent.ThreadPoolExecutor$Worker.run(ThreadPoolExecutor.java:624) [?:1.8.0_362]
	at java.lang.Thread.run(Thread.java:750) [?:1.8.0_362]
20:09:06.575 [OM StateMachine ApplyTransaction Thread - 0] ERROR OMAudit - user=runner | ip=127.0.0.1 | op=DELETE_KEY {volume=volume79606, bucket=bucket44206, key=dir1, dataSize=0, replicationType=NONE, replicationFactor=ZERO} | ret=FAILURE
org.apache.hadoop.ozone.om.exceptions.OMException: Key not found
	at org.apache.hadoop.ozone.om.request.key.OMKeyDeleteRequest.validateAndUpdateCache(OMKeyDeleteRequest.java:152) ~[ozone-manager-1.4.0-SNAPSHOT.jar:?]
	at org.apache.hadoop.ozone.om.request.key.OMKeyDeleteRequest.validateAndUpdateCache(OMKeyDeleteRequest.java:98) ~[ozone-manager-1.4.0-SNAPSHOT.jar:?]
	at org.apache.hadoop.ozone.protocolPB.OzoneManagerRequestHandler.handleWriteRequest(OzoneManagerRequestHandler.java:337) ~[ozone-manager-1.4.0-SNAPSHOT.jar:?]
	at org.apache.hadoop.ozone.om.ratis.OzoneManagerStateMachine.runCommand(OzoneManagerStateMachine.java:533) ~[ozone-manager-1.4.0-SNAPSHOT.jar:?]
	at org.apache.hadoop.ozone.om.ratis.OzoneManagerStateMachine.lambda$1(OzoneManagerStateMachine.java:324) ~[ozone-manager-1.4.0-SNAPSHOT.jar:?]
	at java.util.concurrent.CompletableFuture$AsyncSupply.run(CompletableFuture.java:1604) [?:1.8.0_362]
	at java.util.concurrent.ThreadPoolExecutor.runWorker(ThreadPoolExecutor.java:1149) [?:1.8.0_362]
	at java.util.concurrent.ThreadPoolExecutor$Worker.run(ThreadPoolExecutor.java:624) [?:1.8.0_362]
	at java.lang.Thread.run(Thread.java:750) [?:1.8.0_362]
2023-02-28 20:09:06,576 [OM StateMachine ApplyTransaction Thread - 0] ERROR key.OMKeyDeleteRequest (OMKeyDeleteRequest.java:validateAndUpdateCache(208)) - Key delete failed. Volume:volume79606, Bucket:bucket44206, Key:dir1.
KEY_NOT_FOUND org.apache.hadoop.ozone.om.exceptions.OMException: Key not found
	at org.apache.hadoop.ozone.om.request.key.OMKeyDeleteRequest.validateAndUpdateCache(OMKeyDeleteRequest.java:152)
	at org.apache.hadoop.ozone.om.request.key.OMKeyDeleteRequest.validateAndUpdateCache(OMKeyDeleteRequest.java:98)
	at org.apache.hadoop.ozone.protocolPB.OzoneManagerRequestHandler.handleWriteRequest(OzoneManagerRequestHandler.java:337)
	at org.apache.hadoop.ozone.om.ratis.OzoneManagerStateMachine.runCommand(OzoneManagerStateMachine.java:533)
	at org.apache.hadoop.ozone.om.ratis.OzoneManagerStateMachine.lambda$1(OzoneManagerStateMachine.java:324)
	at java.util.concurrent.CompletableFuture$AsyncSupply.run(CompletableFuture.java:1604)
	at java.util.concurrent.ThreadPoolExecutor.runWorker(ThreadPoolExecutor.java:1149)
	at java.util.concurrent.ThreadPoolExecutor$Worker.run(ThreadPoolExecutor.java:624)
	at java.lang.Thread.run(Thread.java:750)
2023-02-28 20:09:06,576 [OM StateMachine ApplyTransaction Thread - 0] ERROR key.OMKeyDeleteRequest (OMKeyDeleteRequest.java:validateAndUpdateCache(208)) - Key delete failed. Volume:volume79606, Bucket:bucket44206, Key:dir1.
KEY_NOT_FOUND org.apache.hadoop.ozone.om.exceptions.OMException: Key not found
	at org.apache.hadoop.ozone.om.request.key.OMKeyDeleteRequest.validateAndUpdateCache(OMKeyDeleteRequest.java:152)
	at org.apache.hadoop.ozone.om.request.key.OMKeyDeleteRequest.validateAndUpdateCache(OMKeyDeleteRequest.java:98)
	at org.apache.hadoop.ozone.protocolPB.OzoneManagerRequestHandler.handleWriteRequest(OzoneManagerRequestHandler.java:337)
	at org.apache.hadoop.ozone.om.ratis.OzoneManagerStateMachine.runCommand(OzoneManagerStateMachine.java:533)
	at org.apache.hadoop.ozone.om.ratis.OzoneManagerStateMachine.lambda$1(OzoneManagerStateMachine.java:324)
	at java.util.concurrent.CompletableFuture$AsyncSupply.run(CompletableFuture.java:1604)
	at java.util.concurrent.ThreadPoolExecutor.runWorker(ThreadPoolExecutor.java:1149)
	at java.util.concurrent.ThreadPoolExecutor$Worker.run(ThreadPoolExecutor.java:624)
	at java.lang.Thread.run(Thread.java:750)
2023-02-28 20:09:06,584 [IPC Server handler 13 on default port 39621] WARN  server.ServerUtils (ServerUtils.java:getDBPath(225)) - ozone.om.db.dirs is not configured. We recommend adding this setting. Falling back to ozone.metadata.dirs instead.
2023-02-28 20:09:06,585 [IPC Server handler 13 on default port 39621] INFO  codec.OmKeyInfoCodec (OmKeyInfoCodec.java:<init>(49)) - OmKeyInfoCodec ignorePipeline = true
2023-02-28 20:09:06,585 [IPC Server handler 13 on default port 39621] INFO  codec.RepeatedOmKeyInfoCodec (RepeatedOmKeyInfoCodec.java:<init>(41)) - RepeatedOmKeyInfoCodec ignorePipeline = true
]]></system-out>
  </testcase>
  <testcase name="checkKey" classname="TestOmSnapshot" time="1.159">
    <system-out><![CDATA[2023-02-28 20:09:59,902 [OM StateMachine ApplyTransaction Thread - 0] INFO  snapshot.OMSnapshotCreateRequest (OMSnapshotCreateRequest.java:validateAndUpdateCache(180)) - Created snapshot '9ce1a1a4-53a2-4710-bca0-77cbee495488' under path 'volume84216/bucket29211'
2023-02-28 20:09:59,902 [OM StateMachine ApplyTransaction Thread - 0] INFO  snapshot.OMSnapshotCreateRequest (OMSnapshotCreateRequest.java:validateAndUpdateCache(180)) - Created snapshot '9ce1a1a4-53a2-4710-bca0-77cbee495488' under path 'volume84216/bucket29211'
2023-02-28 20:09:59,903 [OM StateMachine ApplyTransaction Thread - 0] INFO  snapshot.OMSnapshotCreateRequest (OMSnapshotCreateRequest.java:validateAndUpdateCache(180)) - Created snapshot '9ce1a1a4-53a2-4710-bca0-77cbee495488' under path 'volume84216/bucket29211'
2023-02-28 20:09:59,929 [OMDoubleBufferFlushThread] INFO  db.RDBCheckpointManager (RDBCheckpointManager.java:createCheckpoint(96)) - Created checkpoint in rocksDB at /home/runner/work/ozone/ozone/hadoop-ozone/integration-test/target/test-dir/MiniOzoneClusterImpl-58db5c20-d6df-4fe1-a747-1f1a0fc9447e/omNode-3/db.snapshots/om.db-b45075cc-3a53-4101-88a1-d896544471cb in 25 milliseconds
2023-02-28 20:09:59,930 [OMDoubleBufferFlushThread] INFO  db.RDBCheckpointManager (RDBCheckpointManager.java:waitForCheckpointDirectoryExist(125)) - Waited for 1 milliseconds for checkpoint directory /home/runner/work/ozone/ozone/hadoop-ozone/integration-test/target/test-dir/MiniOzoneClusterImpl-58db5c20-d6df-4fe1-a747-1f1a0fc9447e/omNode-3/db.snapshots/om.db-b45075cc-3a53-4101-88a1-d896544471cb availability.
2023-02-28 20:09:59,930 [OMDoubleBufferFlushThread] INFO  om.OmSnapshotManager (OmSnapshotManager.java:createOmSnapshotCheckpoint(163)) - Created checkpoint : /home/runner/work/ozone/ozone/hadoop-ozone/integration-test/target/test-dir/MiniOzoneClusterImpl-58db5c20-d6df-4fe1-a747-1f1a0fc9447e/omNode-3/db.snapshots/om.db-b45075cc-3a53-4101-88a1-d896544471cb for snapshot 9ce1a1a4-53a2-4710-bca0-77cbee495488
2023-02-28 20:09:59,931 [OMDoubleBufferFlushThread] INFO  db.RDBCheckpointManager (RDBCheckpointManager.java:createCheckpoint(96)) - Created checkpoint in rocksDB at /home/runner/work/ozone/ozone/hadoop-ozone/integration-test/target/test-dir/MiniOzoneClusterImpl-58db5c20-d6df-4fe1-a747-1f1a0fc9447e/omNode-1/db.snapshots/om.db-b45075cc-3a53-4101-88a1-d896544471cb in 27 milliseconds
2023-02-28 20:09:59,931 [OMDoubleBufferFlushThread] INFO  db.RDBCheckpointManager (RDBCheckpointManager.java:waitForCheckpointDirectoryExist(125)) - Waited for 0 milliseconds for checkpoint directory /home/runner/work/ozone/ozone/hadoop-ozone/integration-test/target/test-dir/MiniOzoneClusterImpl-58db5c20-d6df-4fe1-a747-1f1a0fc9447e/omNode-1/db.snapshots/om.db-b45075cc-3a53-4101-88a1-d896544471cb availability.
2023-02-28 20:09:59,931 [OMDoubleBufferFlushThread] INFO  om.OmSnapshotManager (OmSnapshotManager.java:createOmSnapshotCheckpoint(163)) - Created checkpoint : /home/runner/work/ozone/ozone/hadoop-ozone/integration-test/target/test-dir/MiniOzoneClusterImpl-58db5c20-d6df-4fe1-a747-1f1a0fc9447e/omNode-1/db.snapshots/om.db-b45075cc-3a53-4101-88a1-d896544471cb for snapshot 9ce1a1a4-53a2-4710-bca0-77cbee495488
2023-02-28 20:09:59,935 [OMDoubleBufferFlushThread] INFO  db.RDBCheckpointManager (RDBCheckpointManager.java:createCheckpoint(96)) - Created checkpoint in rocksDB at /home/runner/work/ozone/ozone/hadoop-ozone/integration-test/target/test-dir/MiniOzoneClusterImpl-58db5c20-d6df-4fe1-a747-1f1a0fc9447e/omNode-2/db.snapshots/om.db-b45075cc-3a53-4101-88a1-d896544471cb in 31 milliseconds
2023-02-28 20:09:59,936 [OMDoubleBufferFlushThread] INFO  db.RDBCheckpointManager (RDBCheckpointManager.java:waitForCheckpointDirectoryExist(125)) - Waited for 0 milliseconds for checkpoint directory /home/runner/work/ozone/ozone/hadoop-ozone/integration-test/target/test-dir/MiniOzoneClusterImpl-58db5c20-d6df-4fe1-a747-1f1a0fc9447e/omNode-2/db.snapshots/om.db-b45075cc-3a53-4101-88a1-d896544471cb availability.
2023-02-28 20:09:59,936 [OMDoubleBufferFlushThread] INFO  om.OmSnapshotManager (OmSnapshotManager.java:createOmSnapshotCheckpoint(163)) - Created checkpoint : /home/runner/work/ozone/ozone/hadoop-ozone/integration-test/target/test-dir/MiniOzoneClusterImpl-58db5c20-d6df-4fe1-a747-1f1a0fc9447e/omNode-2/db.snapshots/om.db-b45075cc-3a53-4101-88a1-d896544471cb for snapshot 9ce1a1a4-53a2-4710-bca0-77cbee495488
2023-02-28 20:10:00,923 [IPC Server handler 17 on default port 36591] WARN  server.ServerUtils (ServerUtils.java:getDBPath(225)) - ozone.om.db.dirs is not configured. We recommend adding this setting. Falling back to ozone.metadata.dirs instead.
2023-02-28 20:10:00,923 [IPC Server handler 17 on default port 36591] INFO  codec.OmKeyInfoCodec (OmKeyInfoCodec.java:<init>(49)) - OmKeyInfoCodec ignorePipeline = true
2023-02-28 20:10:00,924 [IPC Server handler 17 on default port 36591] INFO  codec.RepeatedOmKeyInfoCodec (RepeatedOmKeyInfoCodec.java:<init>(41)) - RepeatedOmKeyInfoCodec ignorePipeline = true
2023-02-28 20:10:00,986 [Finalizer] WARN  managed.ManagedRocksObjectUtils (ManagedRocksObjectUtils.java:assertClosed(54)) - RocksIterator is not closed properly
2023-02-28 20:10:00,986 [Finalizer] WARN  managed.ManagedRocksObjectUtils (ManagedRocksObjectUtils.java:assertClosed(54)) - RocksIterator is not closed properly
2023-02-28 20:10:00,986 [Finalizer] WARN  managed.ManagedRocksObjectUtils (ManagedRocksObjectUtils.java:assertClosed(54)) - RocksIterator is not closed properly
2023-02-28 20:10:00,986 [Finalizer] WARN  managed.ManagedRocksObjectUtils (ManagedRocksObjectUtils.java:assertClosed(54)) - RocksIterator is not closed properly
2023-02-28 20:10:00,986 [Finalizer] WARN  managed.ManagedRocksObjectUtils (ManagedRocksObjectUtils.java:assertClosed(54)) - RocksIterator is not closed properly
2023-02-28 20:10:00,986 [Finalizer] WARN  managed.ManagedRocksObjectUtils (ManagedRocksObjectUtils.java:assertClosed(54)) - RocksIterator is not closed properly
2023-02-28 20:10:00,986 [Finalizer] WARN  managed.ManagedRocksObjectUtils (ManagedRocksObjectUtils.java:assertClosed(54)) - ManagedColumnFamilyOptions is not closed properly
2023-02-28 20:10:00,986 [Finalizer] WARN  managed.ManagedRocksObjectUtils (ManagedRocksObjectUtils.java:assertClosed(54)) - ManagedColumnFamilyOptions is not closed properly
2023-02-28 20:10:00,986 [Finalizer] WARN  managed.ManagedRocksObjectUtils (ManagedRocksObjectUtils.java:assertClosed(54)) - ManagedColumnFamilyOptions is not closed properly
2023-02-28 20:10:00,986 [Finalizer] WARN  managed.ManagedRocksObjectUtils (ManagedRocksObjectUtils.java:assertClosed(54)) - ManagedColumnFamilyOptions is not closed properly
2023-02-28 20:10:00,986 [Finalizer] WARN  managed.ManagedRocksObjectUtils (ManagedRocksObjectUtils.java:assertClosed(54)) - ManagedColumnFamilyOptions is not closed properly
2023-02-28 20:10:00,986 [Finalizer] WARN  managed.ManagedRocksObjectUtils (ManagedRocksObjectUtils.java:assertClosed(54)) - ManagedColumnFamilyOptions is not closed properly
2023-02-28 20:10:00,986 [Finalizer] WARN  managed.ManagedRocksObjectUtils (ManagedRocksObjectUtils.java:assertClosed(54)) - ManagedColumnFamilyOptions is not closed properly
2023-02-28 20:10:00,986 [Finalizer] WARN  managed.ManagedRocksObjectUtils (ManagedRocksObjectUtils.java:assertClosed(54)) - ManagedColumnFamilyOptions is not closed properly
2023-02-28 20:10:00,986 [Finalizer] WARN  managed.ManagedRocksObjectUtils (ManagedRocksObjectUtils.java:assertClosed(54)) - RocksIterator is not closed properly
2023-02-28 20:10:00,986 [Finalizer] WARN  managed.ManagedRocksObjectUtils (ManagedRocksObjectUtils.java:assertClosed(54)) - RocksIterator is not closed properly
2023-02-28 20:10:00,986 [Finalizer] WARN  managed.ManagedRocksObjectUtils (ManagedRocksObjectUtils.java:assertClosed(54)) - RocksIterator is not closed properly
2023-02-28 20:10:00,986 [Finalizer] WARN  managed.ManagedRocksObjectUtils (ManagedRocksObjectUtils.java:assertClosed(54)) - RocksIterator is not closed properly
2023-02-28 20:10:00,986 [Finalizer] WARN  managed.ManagedRocksObjectUtils (ManagedRocksObjectUtils.java:assertClosed(54)) - RocksIterator is not closed properly
2023-02-28 20:10:00,986 [Finalizer] WARN  managed.ManagedRocksObjectUtils (ManagedRocksObjectUtils.java:assertClosed(54)) - RocksIterator is not closed properly
2023-02-28 20:10:00,986 [Finalizer] WARN  managed.ManagedRocksObjectUtils (ManagedRocksObjectUtils.java:assertClosed(54)) - ManagedColumnFamilyOptions is not closed properly
2023-02-28 20:10:00,986 [Finalizer] WARN  managed.ManagedRocksObjectUtils (ManagedRocksObjectUtils.java:assertClosed(54)) - ManagedColumnFamilyOptions is not closed properly
2023-02-28 20:10:00,986 [Finalizer] WARN  managed.ManagedRocksObjectUtils (ManagedRocksObjectUtils.java:assertClosed(54)) - ManagedColumnFamilyOptions is not closed properly
2023-02-28 20:10:00,986 [Finalizer] WARN  managed.ManagedRocksObjectUtils (ManagedRocksObjectUtils.java:assertClosed(54)) - ManagedColumnFamilyOptions is not closed properly
2023-02-28 20:10:00,986 [Finalizer] WARN  managed.ManagedRocksObjectUtils (ManagedRocksObjectUtils.java:assertClosed(54)) - ManagedColumnFamilyOptions is not closed properly
2023-02-28 20:10:00,986 [Finalizer] WARN  managed.ManagedRocksObjectUtils (ManagedRocksObjectUtils.java:assertClosed(54)) - ManagedColumnFamilyOptions is not closed properly
2023-02-28 20:10:00,986 [Finalizer] WARN  managed.ManagedRocksObjectUtils (ManagedRocksObjectUtils.java:assertClosed(54)) - ManagedColumnFamilyOptions is not closed properly
2023-02-28 20:10:00,986 [Finalizer] WARN  managed.ManagedRocksObjectUtils (ManagedRocksObjectUtils.java:assertClosed(54)) - ManagedColumnFamilyOptions is not closed properly
2023-02-28 20:10:00,986 [Finalizer] WARN  managed.ManagedRocksObjectUtils (ManagedRocksObjectUtils.java:assertClosed(54)) - RocksIterator is not closed properly
2023-02-28 20:10:00,986 [Finalizer] WARN  managed.ManagedRocksObjectUtils (ManagedRocksObjectUtils.java:assertClosed(54)) - RocksIterator is not closed properly
2023-02-28 20:10:00,987 [Finalizer] WARN  managed.ManagedRocksObjectUtils (ManagedRocksObjectUtils.java:assertClosed(54)) - RocksIterator is not closed properly
2023-02-28 20:10:00,987 [Finalizer] WARN  managed.ManagedRocksObjectUtils (ManagedRocksObjectUtils.java:assertClosed(54)) - RocksIterator is not closed properly
2023-02-28 20:10:00,987 [Finalizer] WARN  managed.ManagedRocksObjectUtils (ManagedRocksObjectUtils.java:assertClosed(54)) - RocksIterator is not closed properly
2023-02-28 20:10:00,987 [Finalizer] WARN  managed.ManagedRocksObjectUtils (ManagedRocksObjectUtils.java:assertClosed(54)) - RocksIterator is not closed properly
2023-02-28 20:10:00,987 [Finalizer] WARN  managed.ManagedRocksObjectUtils (ManagedRocksObjectUtils.java:assertClosed(54)) - ManagedColumnFamilyOptions is not closed properly
2023-02-28 20:10:00,987 [Finalizer] WARN  managed.ManagedRocksObjectUtils (ManagedRocksObjectUtils.java:assertClosed(54)) - ManagedColumnFamilyOptions is not closed properly
2023-02-28 20:10:00,987 [Finalizer] WARN  managed.ManagedRocksObjectUtils (ManagedRocksObjectUtils.java:assertClosed(54)) - ManagedColumnFamilyOptions is not closed properly
2023-02-28 20:10:00,987 [Finalizer] WARN  managed.ManagedRocksObjectUtils (ManagedRocksObjectUtils.java:assertClosed(54)) - ManagedColumnFamilyOptions is not closed properly
2023-02-28 20:10:00,987 [Finalizer] WARN  managed.ManagedRocksObjectUtils (ManagedRocksObjectUtils.java:assertClosed(54)) - ManagedColumnFamilyOptions is not closed properly
2023-02-28 20:10:00,987 [Finalizer] WARN  managed.ManagedRocksObjectUtils (ManagedRocksObjectUtils.java:assertClosed(54)) - ManagedColumnFamilyOptions is not closed properly
2023-02-28 20:10:00,987 [Finalizer] WARN  managed.ManagedRocksObjectUtils (ManagedRocksObjectUtils.java:assertClosed(54)) - ManagedColumnFamilyOptions is not closed properly
2023-02-28 20:10:00,987 [Finalizer] WARN  managed.ManagedRocksObjectUtils (ManagedRocksObjectUtils.java:assertClosed(54)) - ManagedColumnFamilyOptions is not closed properly
2023-02-28 20:10:00,987 [Finalizer] WARN  managed.ManagedRocksObjectUtils (ManagedRocksObjectUtils.java:assertClosed(54)) - RocksIterator is not closed properly
2023-02-28 20:10:00,987 [Finalizer] WARN  managed.ManagedRocksObjectUtils (ManagedRocksObjectUtils.java:assertClosed(54)) - RocksIterator is not closed properly
2023-02-28 20:10:00,987 [Finalizer] WARN  managed.ManagedRocksObjectUtils (ManagedRocksObjectUtils.java:assertClosed(54)) - RocksIterator is not closed properly
2023-02-28 20:10:00,987 [Finalizer] WARN  managed.ManagedRocksObjectUtils (ManagedRocksObjectUtils.java:assertClosed(54)) - RocksIterator is not closed properly
2023-02-28 20:10:00,987 [Finalizer] WARN  managed.ManagedRocksObjectUtils (ManagedRocksObjectUtils.java:assertClosed(54)) - RocksIterator is not closed properly
2023-02-28 20:10:00,987 [Finalizer] WARN  managed.ManagedRocksObjectUtils (ManagedRocksObjectUtils.java:assertClosed(54)) - RocksIterator is not closed properly
2023-02-28 20:10:00,987 [Finalizer] WARN  managed.ManagedRocksObjectUtils (ManagedRocksObjectUtils.java:assertClosed(54)) - ManagedColumnFamilyOptions is not closed properly
2023-02-28 20:10:00,987 [Finalizer] WARN  managed.ManagedRocksObjectUtils (ManagedRocksObjectUtils.java:assertClosed(54)) - ManagedColumnFamilyOptions is not closed properly
2023-02-28 20:10:00,987 [Finalizer] WARN  managed.ManagedRocksObjectUtils (ManagedRocksObjectUtils.java:assertClosed(54)) - ManagedColumnFamilyOptions is not closed properly
2023-02-28 20:10:00,987 [Finalizer] WARN  managed.ManagedRocksObjectUtils (ManagedRocksObjectUtils.java:assertClosed(54)) - ManagedColumnFamilyOptions is not closed properly
2023-02-28 20:10:00,987 [Finalizer] WARN  managed.ManagedRocksObjectUtils (ManagedRocksObjectUtils.java:assertClosed(54)) - ManagedColumnFamilyOptions is not closed properly
2023-02-28 20:10:00,987 [Finalizer] WARN  managed.ManagedRocksObjectUtils (ManagedRocksObjectUtils.java:assertClosed(54)) - ManagedColumnFamilyOptions is not closed properly
2023-02-28 20:10:00,987 [Finalizer] WARN  managed.ManagedRocksObjectUtils (ManagedRocksObjectUtils.java:assertClosed(54)) - ManagedColumnFamilyOptions is not closed properly
2023-02-28 20:10:00,987 [Finalizer] WARN  managed.ManagedRocksObjectUtils (ManagedRocksObjectUtils.java:assertClosed(54)) - ManagedColumnFamilyOptions is not closed properly
]]></system-out>
  </testcase>
  <testcase name="checkKey" classname="TestOmSnapshot" time="1.145">
    <system-out><![CDATA[2023-02-28 20:10:55,907 [OM StateMachine ApplyTransaction Thread - 0] INFO  snapshot.OMSnapshotCreateRequest (OMSnapshotCreateRequest.java:validateAndUpdateCache(180)) - Created snapshot '4674bd9b-bccc-40b4-8163-c4216ccf5ec4' under path 'volume84954/bucket39873'
2023-02-28 20:10:55,908 [OM StateMachine ApplyTransaction Thread - 0] INFO  snapshot.OMSnapshotCreateRequest (OMSnapshotCreateRequest.java:validateAndUpdateCache(180)) - Created snapshot '4674bd9b-bccc-40b4-8163-c4216ccf5ec4' under path 'volume84954/bucket39873'
2023-02-28 20:10:55,908 [OM StateMachine ApplyTransaction Thread - 0] INFO  snapshot.OMSnapshotCreateRequest (OMSnapshotCreateRequest.java:validateAndUpdateCache(180)) - Created snapshot '4674bd9b-bccc-40b4-8163-c4216ccf5ec4' under path 'volume84954/bucket39873'
2023-02-28 20:10:55,930 [OMDoubleBufferFlushThread] INFO  db.RDBCheckpointManager (RDBCheckpointManager.java:createCheckpoint(96)) - Created checkpoint in rocksDB at /home/runner/work/ozone/ozone/hadoop-ozone/integration-test/target/test-dir/MiniOzoneClusterImpl-9e11fa7e-4972-4825-87e7-ebdcd03a38ce/omNode-1/db.snapshots/om.db-8c3ff4bd-0d20-435e-982a-5eaf9f0ac9e5 in 21 milliseconds
2023-02-28 20:10:55,931 [OMDoubleBufferFlushThread] INFO  db.RDBCheckpointManager (RDBCheckpointManager.java:waitForCheckpointDirectoryExist(125)) - Waited for 1 milliseconds for checkpoint directory /home/runner/work/ozone/ozone/hadoop-ozone/integration-test/target/test-dir/MiniOzoneClusterImpl-9e11fa7e-4972-4825-87e7-ebdcd03a38ce/omNode-1/db.snapshots/om.db-8c3ff4bd-0d20-435e-982a-5eaf9f0ac9e5 availability.
2023-02-28 20:10:55,932 [OMDoubleBufferFlushThread] INFO  om.OmSnapshotManager (OmSnapshotManager.java:createOmSnapshotCheckpoint(163)) - Created checkpoint : /home/runner/work/ozone/ozone/hadoop-ozone/integration-test/target/test-dir/MiniOzoneClusterImpl-9e11fa7e-4972-4825-87e7-ebdcd03a38ce/omNode-1/db.snapshots/om.db-8c3ff4bd-0d20-435e-982a-5eaf9f0ac9e5 for snapshot 4674bd9b-bccc-40b4-8163-c4216ccf5ec4
2023-02-28 20:10:55,938 [OMDoubleBufferFlushThread] INFO  db.RDBCheckpointManager (RDBCheckpointManager.java:createCheckpoint(96)) - Created checkpoint in rocksDB at /home/runner/work/ozone/ozone/hadoop-ozone/integration-test/target/test-dir/MiniOzoneClusterImpl-9e11fa7e-4972-4825-87e7-ebdcd03a38ce/omNode-2/db.snapshots/om.db-8c3ff4bd-0d20-435e-982a-5eaf9f0ac9e5 in 28 milliseconds
2023-02-28 20:10:55,939 [OMDoubleBufferFlushThread] INFO  db.RDBCheckpointManager (RDBCheckpointManager.java:createCheckpoint(96)) - Created checkpoint in rocksDB at /home/runner/work/ozone/ozone/hadoop-ozone/integration-test/target/test-dir/MiniOzoneClusterImpl-9e11fa7e-4972-4825-87e7-ebdcd03a38ce/omNode-3/db.snapshots/om.db-8c3ff4bd-0d20-435e-982a-5eaf9f0ac9e5 in 29 milliseconds
2023-02-28 20:10:55,939 [OMDoubleBufferFlushThread] INFO  db.RDBCheckpointManager (RDBCheckpointManager.java:waitForCheckpointDirectoryExist(125)) - Waited for 1 milliseconds for checkpoint directory /home/runner/work/ozone/ozone/hadoop-ozone/integration-test/target/test-dir/MiniOzoneClusterImpl-9e11fa7e-4972-4825-87e7-ebdcd03a38ce/omNode-2/db.snapshots/om.db-8c3ff4bd-0d20-435e-982a-5eaf9f0ac9e5 availability.
2023-02-28 20:10:55,939 [OMDoubleBufferFlushThread] INFO  om.OmSnapshotManager (OmSnapshotManager.java:createOmSnapshotCheckpoint(163)) - Created checkpoint : /home/runner/work/ozone/ozone/hadoop-ozone/integration-test/target/test-dir/MiniOzoneClusterImpl-9e11fa7e-4972-4825-87e7-ebdcd03a38ce/omNode-2/db.snapshots/om.db-8c3ff4bd-0d20-435e-982a-5eaf9f0ac9e5 for snapshot 4674bd9b-bccc-40b4-8163-c4216ccf5ec4
2023-02-28 20:10:55,942 [OMDoubleBufferFlushThread] INFO  db.RDBCheckpointManager (RDBCheckpointManager.java:waitForCheckpointDirectoryExist(125)) - Waited for 3 milliseconds for checkpoint directory /home/runner/work/ozone/ozone/hadoop-ozone/integration-test/target/test-dir/MiniOzoneClusterImpl-9e11fa7e-4972-4825-87e7-ebdcd03a38ce/omNode-3/db.snapshots/om.db-8c3ff4bd-0d20-435e-982a-5eaf9f0ac9e5 availability.
2023-02-28 20:10:55,942 [OMDoubleBufferFlushThread] INFO  om.OmSnapshotManager (OmSnapshotManager.java:createOmSnapshotCheckpoint(163)) - Created checkpoint : /home/runner/work/ozone/ozone/hadoop-ozone/integration-test/target/test-dir/MiniOzoneClusterImpl-9e11fa7e-4972-4825-87e7-ebdcd03a38ce/omNode-3/db.snapshots/om.db-8c3ff4bd-0d20-435e-982a-5eaf9f0ac9e5 for snapshot 4674bd9b-bccc-40b4-8163-c4216ccf5ec4
20:10:56.915 [OM StateMachine ApplyTransaction Thread - 0] ERROR OMAudit - user=runner | ip=127.0.0.1 | op=DELETE_KEY {volume=volume84954, bucket=bucket39873, key=dir1, dataSize=0, replicationType=NONE, replicationFactor=ZERO} | ret=FAILURE
org.apache.hadoop.ozone.om.exceptions.OMException: Key not found
	at org.apache.hadoop.ozone.om.request.key.OMKeyDeleteRequest.validateAndUpdateCache(OMKeyDeleteRequest.java:152) ~[ozone-manager-1.4.0-SNAPSHOT.jar:?]
	at org.apache.hadoop.ozone.om.request.key.OMKeyDeleteRequest.validateAndUpdateCache(OMKeyDeleteRequest.java:98) ~[ozone-manager-1.4.0-SNAPSHOT.jar:?]
	at org.apache.hadoop.ozone.protocolPB.OzoneManagerRequestHandler.handleWriteRequest(OzoneManagerRequestHandler.java:337) ~[ozone-manager-1.4.0-SNAPSHOT.jar:?]
	at org.apache.hadoop.ozone.om.ratis.OzoneManagerStateMachine.runCommand(OzoneManagerStateMachine.java:533) ~[ozone-manager-1.4.0-SNAPSHOT.jar:?]
	at org.apache.hadoop.ozone.om.ratis.OzoneManagerStateMachine.lambda$1(OzoneManagerStateMachine.java:324) ~[ozone-manager-1.4.0-SNAPSHOT.jar:?]
	at java.util.concurrent.CompletableFuture$AsyncSupply.run(CompletableFuture.java:1604) [?:1.8.0_362]
	at java.util.concurrent.ThreadPoolExecutor.runWorker(ThreadPoolExecutor.java:1149) [?:1.8.0_362]
	at java.util.concurrent.ThreadPoolExecutor$Worker.run(ThreadPoolExecutor.java:624) [?:1.8.0_362]
	at java.lang.Thread.run(Thread.java:750) [?:1.8.0_362]
2023-02-28 20:10:56,916 [OM StateMachine ApplyTransaction Thread - 0] ERROR key.OMKeyDeleteRequest (OMKeyDeleteRequest.java:validateAndUpdateCache(208)) - Key delete failed. Volume:volume84954, Bucket:bucket39873, Key:dir1.
KEY_NOT_FOUND org.apache.hadoop.ozone.om.exceptions.OMException: Key not found
	at org.apache.hadoop.ozone.om.request.key.OMKeyDeleteRequest.validateAndUpdateCache(OMKeyDeleteRequest.java:152)
	at org.apache.hadoop.ozone.om.request.key.OMKeyDeleteRequest.validateAndUpdateCache(OMKeyDeleteRequest.java:98)
	at org.apache.hadoop.ozone.protocolPB.OzoneManagerRequestHandler.handleWriteRequest(OzoneManagerRequestHandler.java:337)
	at org.apache.hadoop.ozone.om.ratis.OzoneManagerStateMachine.runCommand(OzoneManagerStateMachine.java:533)
	at org.apache.hadoop.ozone.om.ratis.OzoneManagerStateMachine.lambda$1(OzoneManagerStateMachine.java:324)
	at java.util.concurrent.CompletableFuture$AsyncSupply.run(CompletableFuture.java:1604)
	at java.util.concurrent.ThreadPoolExecutor.runWorker(ThreadPoolExecutor.java:1149)
	at java.util.concurrent.ThreadPoolExecutor$Worker.run(ThreadPoolExecutor.java:624)
	at java.lang.Thread.run(Thread.java:750)
2023-02-28 20:10:56,917 [IPC Server handler 2 on default port 38823] WARN  server.ServerUtils (ServerUtils.java:getDBPath(225)) - ozone.om.db.dirs is not configured. We recommend adding this setting. Falling back to ozone.metadata.dirs instead.
2023-02-28 20:10:56,917 [IPC Server handler 2 on default port 38823] INFO  codec.OmKeyInfoCodec (OmKeyInfoCodec.java:<init>(49)) - OmKeyInfoCodec ignorePipeline = true
2023-02-28 20:10:56,917 [IPC Server handler 2 on default port 38823] INFO  codec.RepeatedOmKeyInfoCodec (RepeatedOmKeyInfoCodec.java:<init>(41)) - RepeatedOmKeyInfoCodec ignorePipeline = true
20:10:56.922 [OM StateMachine ApplyTransaction Thread - 0] ERROR OMAudit - user=runner | ip=127.0.0.1 | op=DELETE_KEY {volume=volume84954, bucket=bucket39873, key=dir1, dataSize=0, replicationType=NONE, replicationFactor=ZERO} | ret=FAILURE
org.apache.hadoop.ozone.om.exceptions.OMException: Key not found
	at org.apache.hadoop.ozone.om.request.key.OMKeyDeleteRequest.validateAndUpdateCache(OMKeyDeleteRequest.java:152) ~[ozone-manager-1.4.0-SNAPSHOT.jar:?]
	at org.apache.hadoop.ozone.om.request.key.OMKeyDeleteRequest.validateAndUpdateCache(OMKeyDeleteRequest.java:98) ~[ozone-manager-1.4.0-SNAPSHOT.jar:?]
	at org.apache.hadoop.ozone.protocolPB.OzoneManagerRequestHandler.handleWriteRequest(OzoneManagerRequestHandler.java:337) ~[ozone-manager-1.4.0-SNAPSHOT.jar:?]
	at org.apache.hadoop.ozone.om.ratis.OzoneManagerStateMachine.runCommand(OzoneManagerStateMachine.java:533) ~[ozone-manager-1.4.0-SNAPSHOT.jar:?]
	at org.apache.hadoop.ozone.om.ratis.OzoneManagerStateMachine.lambda$1(OzoneManagerStateMachine.java:324) ~[ozone-manager-1.4.0-SNAPSHOT.jar:?]
	at java.util.concurrent.CompletableFuture$AsyncSupply.run(CompletableFuture.java:1604) [?:1.8.0_362]
	at java.util.concurrent.ThreadPoolExecutor.runWorker(ThreadPoolExecutor.java:1149) [?:1.8.0_362]
	at java.util.concurrent.ThreadPoolExecutor$Worker.run(ThreadPoolExecutor.java:624) [?:1.8.0_362]
	at java.lang.Thread.run(Thread.java:750) [?:1.8.0_362]
20:10:56.923 [OM StateMachine ApplyTransaction Thread - 0] ERROR OMAudit - user=runner | ip=127.0.0.1 | op=DELETE_KEY {volume=volume84954, bucket=bucket39873, key=dir1, dataSize=0, replicationType=NONE, replicationFactor=ZERO} | ret=FAILURE
org.apache.hadoop.ozone.om.exceptions.OMException: Key not found
	at org.apache.hadoop.ozone.om.request.key.OMKeyDeleteRequest.validateAndUpdateCache(OMKeyDeleteRequest.java:152) ~[ozone-manager-1.4.0-SNAPSHOT.jar:?]
	at org.apache.hadoop.ozone.om.request.key.OMKeyDeleteRequest.validateAndUpdateCache(OMKeyDeleteRequest.java:98) ~[ozone-manager-1.4.0-SNAPSHOT.jar:?]
	at org.apache.hadoop.ozone.protocolPB.OzoneManagerRequestHandler.handleWriteRequest(OzoneManagerRequestHandler.java:337) ~[ozone-manager-1.4.0-SNAPSHOT.jar:?]
	at org.apache.hadoop.ozone.om.ratis.OzoneManagerStateMachine.runCommand(OzoneManagerStateMachine.java:533) ~[ozone-manager-1.4.0-SNAPSHOT.jar:?]
	at org.apache.hadoop.ozone.om.ratis.OzoneManagerStateMachine.lambda$1(OzoneManagerStateMachine.java:324) ~[ozone-manager-1.4.0-SNAPSHOT.jar:?]
	at java.util.concurrent.CompletableFuture$AsyncSupply.run(CompletableFuture.java:1604) [?:1.8.0_362]
	at java.util.concurrent.ThreadPoolExecutor.runWorker(ThreadPoolExecutor.java:1149) [?:1.8.0_362]
	at java.util.concurrent.ThreadPoolExecutor$Worker.run(ThreadPoolExecutor.java:624) [?:1.8.0_362]
	at java.lang.Thread.run(Thread.java:750) [?:1.8.0_362]
2023-02-28 20:10:56,923 [OM StateMachine ApplyTransaction Thread - 0] ERROR key.OMKeyDeleteRequest (OMKeyDeleteRequest.java:validateAndUpdateCache(208)) - Key delete failed. Volume:volume84954, Bucket:bucket39873, Key:dir1.
KEY_NOT_FOUND org.apache.hadoop.ozone.om.exceptions.OMException: Key not found
	at org.apache.hadoop.ozone.om.request.key.OMKeyDeleteRequest.validateAndUpdateCache(OMKeyDeleteRequest.java:152)
	at org.apache.hadoop.ozone.om.request.key.OMKeyDeleteRequest.validateAndUpdateCache(OMKeyDeleteRequest.java:98)
	at org.apache.hadoop.ozone.protocolPB.OzoneManagerRequestHandler.handleWriteRequest(OzoneManagerRequestHandler.java:337)
	at org.apache.hadoop.ozone.om.ratis.OzoneManagerStateMachine.runCommand(OzoneManagerStateMachine.java:533)
	at org.apache.hadoop.ozone.om.ratis.OzoneManagerStateMachine.lambda$1(OzoneManagerStateMachine.java:324)
	at java.util.concurrent.CompletableFuture$AsyncSupply.run(CompletableFuture.java:1604)
	at java.util.concurrent.ThreadPoolExecutor.runWorker(ThreadPoolExecutor.java:1149)
	at java.util.concurrent.ThreadPoolExecutor$Worker.run(ThreadPoolExecutor.java:624)
	at java.lang.Thread.run(Thread.java:750)
2023-02-28 20:10:56,923 [OM StateMachine ApplyTransaction Thread - 0] ERROR key.OMKeyDeleteRequest (OMKeyDeleteRequest.java:validateAndUpdateCache(208)) - Key delete failed. Volume:volume84954, Bucket:bucket39873, Key:dir1.
KEY_NOT_FOUND org.apache.hadoop.ozone.om.exceptions.OMException: Key not found
	at org.apache.hadoop.ozone.om.request.key.OMKeyDeleteRequest.validateAndUpdateCache(OMKeyDeleteRequest.java:152)
	at org.apache.hadoop.ozone.om.request.key.OMKeyDeleteRequest.validateAndUpdateCache(OMKeyDeleteRequest.java:98)
	at org.apache.hadoop.ozone.protocolPB.OzoneManagerRequestHandler.handleWriteRequest(OzoneManagerRequestHandler.java:337)
	at org.apache.hadoop.ozone.om.ratis.OzoneManagerStateMachine.runCommand(OzoneManagerStateMachine.java:533)
	at org.apache.hadoop.ozone.om.ratis.OzoneManagerStateMachine.lambda$1(OzoneManagerStateMachine.java:324)
	at java.util.concurrent.CompletableFuture$AsyncSupply.run(CompletableFuture.java:1604)
	at java.util.concurrent.ThreadPoolExecutor.runWorker(ThreadPoolExecutor.java:1149)
	at java.util.concurrent.ThreadPoolExecutor$Worker.run(ThreadPoolExecutor.java:624)
	at java.lang.Thread.run(Thread.java:750)
]]></system-out>
  </testcase>
  <testcase name="testSnapDiffNoSnapshot" classname="TestOmSnapshot" time="1.094">
    <system-out><![CDATA[2023-02-28 20:09:06,802 [Time-limited test] INFO  rpc.RpcClient (RpcClient.java:createVolume(476)) - Creating Volume: vol-78147, with runner as owner and space quota set to -1 bytes, counts quota set to -1
2023-02-28 20:09:06,806 [OM StateMachine ApplyTransaction Thread - 0] INFO  volume.OMVolumeCreateRequest (OMVolumeCreateRequest.java:validateAndUpdateCache(195)) - created volume:vol-78147 for user:runner
2023-02-28 20:09:06,806 [OM StateMachine ApplyTransaction Thread - 0] INFO  volume.OMVolumeCreateRequest (OMVolumeCreateRequest.java:validateAndUpdateCache(195)) - created volume:vol-78147 for user:runner
2023-02-28 20:09:06,807 [Time-limited test] INFO  rpc.RpcClient (RpcClient.java:createBucket(698)) - Creating Bucket: vol-78147/buck-77356, with server-side default bucket layout, runner as owner, Versioning false, Storage Type set to DISK and Encryption set to false, Replication Type set to server-side default replication type, Namespace Quota set to -1, Space Quota set to -1 
2023-02-28 20:09:06,809 [OM StateMachine ApplyTransaction Thread - 0] INFO  volume.OMVolumeCreateRequest (OMVolumeCreateRequest.java:validateAndUpdateCache(195)) - created volume:vol-78147 for user:runner
2023-02-28 20:09:06,810 [OM StateMachine ApplyTransaction Thread - 0] INFO  bucket.OMBucketCreateRequest (OMBucketCreateRequest.java:validateAndUpdateCache(263)) - created bucket: buck-77356 of layout OBJECT_STORE in volume: vol-78147
2023-02-28 20:09:06,812 [OM StateMachine ApplyTransaction Thread - 0] INFO  bucket.OMBucketCreateRequest (OMBucketCreateRequest.java:validateAndUpdateCache(263)) - created bucket: buck-77356 of layout OBJECT_STORE in volume: vol-78147
2023-02-28 20:09:06,819 [OM StateMachine ApplyTransaction Thread - 0] INFO  bucket.OMBucketCreateRequest (OMBucketCreateRequest.java:validateAndUpdateCache(263)) - created bucket: buck-77356 of layout OBJECT_STORE in volume: vol-78147
2023-02-28 20:09:06,889 [OM StateMachine ApplyTransaction Thread - 0] INFO  snapshot.OMSnapshotCreateRequest (OMSnapshotCreateRequest.java:validateAndUpdateCache(180)) - Created snapshot 'snap83929' under path 'vol-78147/buck-77356'
2023-02-28 20:09:06,890 [OM StateMachine ApplyTransaction Thread - 0] INFO  snapshot.OMSnapshotCreateRequest (OMSnapshotCreateRequest.java:validateAndUpdateCache(180)) - Created snapshot 'snap83929' under path 'vol-78147/buck-77356'
2023-02-28 20:09:06,892 [OM StateMachine ApplyTransaction Thread - 0] INFO  snapshot.OMSnapshotCreateRequest (OMSnapshotCreateRequest.java:validateAndUpdateCache(180)) - Created snapshot 'snap83929' under path 'vol-78147/buck-77356'
2023-02-28 20:09:06,934 [OMDoubleBufferFlushThread] INFO  db.RDBCheckpointManager (RDBCheckpointManager.java:createCheckpoint(96)) - Created checkpoint in rocksDB at /home/runner/work/ozone/ozone/hadoop-ozone/integration-test/target/test-dir/MiniOzoneClusterImpl-e7d671b1-06ed-40aa-a52b-2678dd5bab1b/omNode-1/db.snapshots/om.db-f4a045d0-4acb-4e62-b0ab-8842ff4760ff in 43 milliseconds
2023-02-28 20:09:06,934 [OMDoubleBufferFlushThread] INFO  db.RDBCheckpointManager (RDBCheckpointManager.java:createCheckpoint(96)) - Created checkpoint in rocksDB at /home/runner/work/ozone/ozone/hadoop-ozone/integration-test/target/test-dir/MiniOzoneClusterImpl-e7d671b1-06ed-40aa-a52b-2678dd5bab1b/omNode-3/db.snapshots/om.db-f4a045d0-4acb-4e62-b0ab-8842ff4760ff in 43 milliseconds
2023-02-28 20:09:06,940 [OMDoubleBufferFlushThread] INFO  db.RDBCheckpointManager (RDBCheckpointManager.java:waitForCheckpointDirectoryExist(125)) - Waited for 6 milliseconds for checkpoint directory /home/runner/work/ozone/ozone/hadoop-ozone/integration-test/target/test-dir/MiniOzoneClusterImpl-e7d671b1-06ed-40aa-a52b-2678dd5bab1b/omNode-1/db.snapshots/om.db-f4a045d0-4acb-4e62-b0ab-8842ff4760ff availability.
2023-02-28 20:09:06,940 [OMDoubleBufferFlushThread] INFO  om.OmSnapshotManager (OmSnapshotManager.java:createOmSnapshotCheckpoint(163)) - Created checkpoint : /home/runner/work/ozone/ozone/hadoop-ozone/integration-test/target/test-dir/MiniOzoneClusterImpl-e7d671b1-06ed-40aa-a52b-2678dd5bab1b/omNode-1/db.snapshots/om.db-f4a045d0-4acb-4e62-b0ab-8842ff4760ff for snapshot snap83929
2023-02-28 20:09:06,941 [OMDoubleBufferFlushThread] INFO  db.RDBCheckpointManager (RDBCheckpointManager.java:waitForCheckpointDirectoryExist(125)) - Waited for 7 milliseconds for checkpoint directory /home/runner/work/ozone/ozone/hadoop-ozone/integration-test/target/test-dir/MiniOzoneClusterImpl-e7d671b1-06ed-40aa-a52b-2678dd5bab1b/omNode-3/db.snapshots/om.db-f4a045d0-4acb-4e62-b0ab-8842ff4760ff availability.
2023-02-28 20:09:06,942 [OMDoubleBufferFlushThread] INFO  om.OmSnapshotManager (OmSnapshotManager.java:createOmSnapshotCheckpoint(163)) - Created checkpoint : /home/runner/work/ozone/ozone/hadoop-ozone/integration-test/target/test-dir/MiniOzoneClusterImpl-e7d671b1-06ed-40aa-a52b-2678dd5bab1b/omNode-3/db.snapshots/om.db-f4a045d0-4acb-4e62-b0ab-8842ff4760ff for snapshot snap83929
2023-02-28 20:09:06,949 [OMDoubleBufferFlushThread] INFO  db.RDBCheckpointManager (RDBCheckpointManager.java:createCheckpoint(96)) - Created checkpoint in rocksDB at /home/runner/work/ozone/ozone/hadoop-ozone/integration-test/target/test-dir/MiniOzoneClusterImpl-e7d671b1-06ed-40aa-a52b-2678dd5bab1b/omNode-2/db.snapshots/om.db-f4a045d0-4acb-4e62-b0ab-8842ff4760ff in 55 milliseconds
2023-02-28 20:09:06,952 [OMDoubleBufferFlushThread] INFO  db.RDBCheckpointManager (RDBCheckpointManager.java:waitForCheckpointDirectoryExist(125)) - Waited for 3 milliseconds for checkpoint directory /home/runner/work/ozone/ozone/hadoop-ozone/integration-test/target/test-dir/MiniOzoneClusterImpl-e7d671b1-06ed-40aa-a52b-2678dd5bab1b/omNode-2/db.snapshots/om.db-f4a045d0-4acb-4e62-b0ab-8842ff4760ff availability.
2023-02-28 20:09:06,952 [OMDoubleBufferFlushThread] INFO  om.OmSnapshotManager (OmSnapshotManager.java:createOmSnapshotCheckpoint(163)) - Created checkpoint : /home/runner/work/ozone/ozone/hadoop-ozone/integration-test/target/test-dir/MiniOzoneClusterImpl-e7d671b1-06ed-40aa-a52b-2678dd5bab1b/omNode-2/db.snapshots/om.db-f4a045d0-4acb-4e62-b0ab-8842ff4760ff for snapshot snap83929
]]></system-out>
  </testcase>
  <testcase name="testSnapDiffNoSnapshot" classname="TestOmSnapshot" time="1.048">
    <system-out><![CDATA[2023-02-28 20:10:01,011 [Time-limited test] INFO  rpc.RpcClient (RpcClient.java:createVolume(476)) - Creating Volume: vol-24485, with runner as owner and space quota set to -1 bytes, counts quota set to -1
2023-02-28 20:10:01,015 [OM StateMachine ApplyTransaction Thread - 0] INFO  volume.OMVolumeCreateRequest (OMVolumeCreateRequest.java:validateAndUpdateCache(195)) - created volume:vol-24485 for user:runner
2023-02-28 20:10:01,016 [OM StateMachine ApplyTransaction Thread - 0] INFO  volume.OMVolumeCreateRequest (OMVolumeCreateRequest.java:validateAndUpdateCache(195)) - created volume:vol-24485 for user:runner
2023-02-28 20:10:01,016 [OM StateMachine ApplyTransaction Thread - 0] INFO  volume.OMVolumeCreateRequest (OMVolumeCreateRequest.java:validateAndUpdateCache(195)) - created volume:vol-24485 for user:runner
2023-02-28 20:10:01,017 [Time-limited test] INFO  rpc.RpcClient (RpcClient.java:createBucket(698)) - Creating Bucket: vol-24485/buck-83568, with server-side default bucket layout, runner as owner, Versioning false, Storage Type set to DISK and Encryption set to false, Replication Type set to server-side default replication type, Namespace Quota set to -1, Space Quota set to -1 
2023-02-28 20:10:01,019 [OM StateMachine ApplyTransaction Thread - 0] INFO  bucket.OMBucketCreateRequest (OMBucketCreateRequest.java:validateAndUpdateCache(263)) - created bucket: buck-83568 of layout FILE_SYSTEM_OPTIMIZED in volume: vol-24485
2023-02-28 20:10:01,021 [OM StateMachine ApplyTransaction Thread - 0] INFO  bucket.OMBucketCreateRequest (OMBucketCreateRequest.java:validateAndUpdateCache(263)) - created bucket: buck-83568 of layout FILE_SYSTEM_OPTIMIZED in volume: vol-24485
2023-02-28 20:10:01,021 [OM StateMachine ApplyTransaction Thread - 0] INFO  bucket.OMBucketCreateRequest (OMBucketCreateRequest.java:validateAndUpdateCache(263)) - created bucket: buck-83568 of layout FILE_SYSTEM_OPTIMIZED in volume: vol-24485
2023-02-28 20:10:01,054 [OM StateMachine ApplyTransaction Thread - 0] INFO  snapshot.OMSnapshotCreateRequest (OMSnapshotCreateRequest.java:validateAndUpdateCache(180)) - Created snapshot 'snap68781' under path 'vol-24485/buck-83568'
2023-02-28 20:10:01,056 [OM StateMachine ApplyTransaction Thread - 0] INFO  snapshot.OMSnapshotCreateRequest (OMSnapshotCreateRequest.java:validateAndUpdateCache(180)) - Created snapshot 'snap68781' under path 'vol-24485/buck-83568'
2023-02-28 20:10:01,056 [OM StateMachine ApplyTransaction Thread - 0] INFO  snapshot.OMSnapshotCreateRequest (OMSnapshotCreateRequest.java:validateAndUpdateCache(180)) - Created snapshot 'snap68781' under path 'vol-24485/buck-83568'
2023-02-28 20:10:01,102 [OMDoubleBufferFlushThread] INFO  db.RDBCheckpointManager (RDBCheckpointManager.java:createCheckpoint(96)) - Created checkpoint in rocksDB at /home/runner/work/ozone/ozone/hadoop-ozone/integration-test/target/test-dir/MiniOzoneClusterImpl-58db5c20-d6df-4fe1-a747-1f1a0fc9447e/omNode-2/db.snapshots/om.db-bc5883de-feb5-4e40-9c09-a2271ba41732 in 45 milliseconds
2023-02-28 20:10:01,103 [OMDoubleBufferFlushThread] INFO  db.RDBCheckpointManager (RDBCheckpointManager.java:waitForCheckpointDirectoryExist(125)) - Waited for 1 milliseconds for checkpoint directory /home/runner/work/ozone/ozone/hadoop-ozone/integration-test/target/test-dir/MiniOzoneClusterImpl-58db5c20-d6df-4fe1-a747-1f1a0fc9447e/omNode-2/db.snapshots/om.db-bc5883de-feb5-4e40-9c09-a2271ba41732 availability.
2023-02-28 20:10:01,103 [OMDoubleBufferFlushThread] INFO  om.OmSnapshotManager (OmSnapshotManager.java:createOmSnapshotCheckpoint(163)) - Created checkpoint : /home/runner/work/ozone/ozone/hadoop-ozone/integration-test/target/test-dir/MiniOzoneClusterImpl-58db5c20-d6df-4fe1-a747-1f1a0fc9447e/omNode-2/db.snapshots/om.db-bc5883de-feb5-4e40-9c09-a2271ba41732 for snapshot snap68781
2023-02-28 20:10:01,109 [OMDoubleBufferFlushThread] INFO  db.RDBCheckpointManager (RDBCheckpointManager.java:createCheckpoint(96)) - Created checkpoint in rocksDB at /home/runner/work/ozone/ozone/hadoop-ozone/integration-test/target/test-dir/MiniOzoneClusterImpl-58db5c20-d6df-4fe1-a747-1f1a0fc9447e/omNode-3/db.snapshots/om.db-bc5883de-feb5-4e40-9c09-a2271ba41732 in 52 milliseconds
2023-02-28 20:10:01,113 [OMDoubleBufferFlushThread] INFO  db.RDBCheckpointManager (RDBCheckpointManager.java:waitForCheckpointDirectoryExist(125)) - Waited for 4 milliseconds for checkpoint directory /home/runner/work/ozone/ozone/hadoop-ozone/integration-test/target/test-dir/MiniOzoneClusterImpl-58db5c20-d6df-4fe1-a747-1f1a0fc9447e/omNode-3/db.snapshots/om.db-bc5883de-feb5-4e40-9c09-a2271ba41732 availability.
2023-02-28 20:10:01,113 [OMDoubleBufferFlushThread] INFO  om.OmSnapshotManager (OmSnapshotManager.java:createOmSnapshotCheckpoint(163)) - Created checkpoint : /home/runner/work/ozone/ozone/hadoop-ozone/integration-test/target/test-dir/MiniOzoneClusterImpl-58db5c20-d6df-4fe1-a747-1f1a0fc9447e/omNode-3/db.snapshots/om.db-bc5883de-feb5-4e40-9c09-a2271ba41732 for snapshot snap68781
2023-02-28 20:10:01,115 [OMDoubleBufferFlushThread] INFO  db.RDBCheckpointManager (RDBCheckpointManager.java:createCheckpoint(96)) - Created checkpoint in rocksDB at /home/runner/work/ozone/ozone/hadoop-ozone/integration-test/target/test-dir/MiniOzoneClusterImpl-58db5c20-d6df-4fe1-a747-1f1a0fc9447e/omNode-1/db.snapshots/om.db-bc5883de-feb5-4e40-9c09-a2271ba41732 in 58 milliseconds
2023-02-28 20:10:01,116 [OMDoubleBufferFlushThread] INFO  db.RDBCheckpointManager (RDBCheckpointManager.java:waitForCheckpointDirectoryExist(125)) - Waited for 1 milliseconds for checkpoint directory /home/runner/work/ozone/ozone/hadoop-ozone/integration-test/target/test-dir/MiniOzoneClusterImpl-58db5c20-d6df-4fe1-a747-1f1a0fc9447e/omNode-1/db.snapshots/om.db-bc5883de-feb5-4e40-9c09-a2271ba41732 availability.
2023-02-28 20:10:01,116 [OMDoubleBufferFlushThread] INFO  om.OmSnapshotManager (OmSnapshotManager.java:createOmSnapshotCheckpoint(163)) - Created checkpoint : /home/runner/work/ozone/ozone/hadoop-ozone/integration-test/target/test-dir/MiniOzoneClusterImpl-58db5c20-d6df-4fe1-a747-1f1a0fc9447e/omNode-1/db.snapshots/om.db-bc5883de-feb5-4e40-9c09-a2271ba41732 for snapshot snap68781
]]></system-out>
  </testcase>
  <testcase name="testSnapDiffNoSnapshot" classname="TestOmSnapshot" time="1.041">
    <system-out><![CDATA[2023-02-28 20:10:56,992 [Time-limited test] INFO  rpc.RpcClient (RpcClient.java:createVolume(476)) - Creating Volume: vol-26130, with runner as owner and space quota set to -1 bytes, counts quota set to -1
2023-02-28 20:10:56,994 [OM StateMachine ApplyTransaction Thread - 0] INFO  volume.OMVolumeCreateRequest (OMVolumeCreateRequest.java:validateAndUpdateCache(195)) - created volume:vol-26130 for user:runner
2023-02-28 20:10:56,995 [OM StateMachine ApplyTransaction Thread - 0] INFO  volume.OMVolumeCreateRequest (OMVolumeCreateRequest.java:validateAndUpdateCache(195)) - created volume:vol-26130 for user:runner
2023-02-28 20:10:56,995 [OM StateMachine ApplyTransaction Thread - 0] INFO  volume.OMVolumeCreateRequest (OMVolumeCreateRequest.java:validateAndUpdateCache(195)) - created volume:vol-26130 for user:runner
2023-02-28 20:10:56,996 [Time-limited test] INFO  rpc.RpcClient (RpcClient.java:createBucket(698)) - Creating Bucket: vol-26130/buck-52719, with server-side default bucket layout, runner as owner, Versioning false, Storage Type set to DISK and Encryption set to false, Replication Type set to server-side default replication type, Namespace Quota set to -1, Space Quota set to -1 
2023-02-28 20:10:56,998 [OM StateMachine ApplyTransaction Thread - 0] INFO  bucket.OMBucketCreateRequest (OMBucketCreateRequest.java:validateAndUpdateCache(263)) - created bucket: buck-52719 of layout LEGACY in volume: vol-26130
2023-02-28 20:10:56,998 [OM StateMachine ApplyTransaction Thread - 0] INFO  bucket.OMBucketCreateRequest (OMBucketCreateRequest.java:validateAndUpdateCache(263)) - created bucket: buck-52719 of layout LEGACY in volume: vol-26130
2023-02-28 20:10:56,999 [OM StateMachine ApplyTransaction Thread - 0] INFO  bucket.OMBucketCreateRequest (OMBucketCreateRequest.java:validateAndUpdateCache(263)) - created bucket: buck-52719 of layout LEGACY in volume: vol-26130
2023-02-28 20:10:57,027 [OM StateMachine ApplyTransaction Thread - 0] INFO  snapshot.OMSnapshotCreateRequest (OMSnapshotCreateRequest.java:validateAndUpdateCache(180)) - Created snapshot 'snap05061' under path 'vol-26130/buck-52719'
2023-02-28 20:10:57,028 [OM StateMachine ApplyTransaction Thread - 0] INFO  snapshot.OMSnapshotCreateRequest (OMSnapshotCreateRequest.java:validateAndUpdateCache(180)) - Created snapshot 'snap05061' under path 'vol-26130/buck-52719'
2023-02-28 20:10:57,028 [OM StateMachine ApplyTransaction Thread - 0] INFO  snapshot.OMSnapshotCreateRequest (OMSnapshotCreateRequest.java:validateAndUpdateCache(180)) - Created snapshot 'snap05061' under path 'vol-26130/buck-52719'
2023-02-28 20:10:57,065 [OMDoubleBufferFlushThread] INFO  db.RDBCheckpointManager (RDBCheckpointManager.java:createCheckpoint(96)) - Created checkpoint in rocksDB at /home/runner/work/ozone/ozone/hadoop-ozone/integration-test/target/test-dir/MiniOzoneClusterImpl-9e11fa7e-4972-4825-87e7-ebdcd03a38ce/omNode-2/db.snapshots/om.db-060effe5-56af-4de6-b80b-320babdc0d29 in 36 milliseconds
2023-02-28 20:10:57,070 [OMDoubleBufferFlushThread] INFO  db.RDBCheckpointManager (RDBCheckpointManager.java:waitForCheckpointDirectoryExist(125)) - Waited for 5 milliseconds for checkpoint directory /home/runner/work/ozone/ozone/hadoop-ozone/integration-test/target/test-dir/MiniOzoneClusterImpl-9e11fa7e-4972-4825-87e7-ebdcd03a38ce/omNode-2/db.snapshots/om.db-060effe5-56af-4de6-b80b-320babdc0d29 availability.
2023-02-28 20:10:57,071 [OMDoubleBufferFlushThread] INFO  om.OmSnapshotManager (OmSnapshotManager.java:createOmSnapshotCheckpoint(163)) - Created checkpoint : /home/runner/work/ozone/ozone/hadoop-ozone/integration-test/target/test-dir/MiniOzoneClusterImpl-9e11fa7e-4972-4825-87e7-ebdcd03a38ce/omNode-2/db.snapshots/om.db-060effe5-56af-4de6-b80b-320babdc0d29 for snapshot snap05061
2023-02-28 20:10:57,072 [OMDoubleBufferFlushThread] INFO  db.RDBCheckpointManager (RDBCheckpointManager.java:createCheckpoint(96)) - Created checkpoint in rocksDB at /home/runner/work/ozone/ozone/hadoop-ozone/integration-test/target/test-dir/MiniOzoneClusterImpl-9e11fa7e-4972-4825-87e7-ebdcd03a38ce/omNode-1/db.snapshots/om.db-060effe5-56af-4de6-b80b-320babdc0d29 in 43 milliseconds
2023-02-28 20:10:57,075 [OMDoubleBufferFlushThread] INFO  db.RDBCheckpointManager (RDBCheckpointManager.java:waitForCheckpointDirectoryExist(125)) - Waited for 3 milliseconds for checkpoint directory /home/runner/work/ozone/ozone/hadoop-ozone/integration-test/target/test-dir/MiniOzoneClusterImpl-9e11fa7e-4972-4825-87e7-ebdcd03a38ce/omNode-1/db.snapshots/om.db-060effe5-56af-4de6-b80b-320babdc0d29 availability.
2023-02-28 20:10:57,075 [OMDoubleBufferFlushThread] INFO  om.OmSnapshotManager (OmSnapshotManager.java:createOmSnapshotCheckpoint(163)) - Created checkpoint : /home/runner/work/ozone/ozone/hadoop-ozone/integration-test/target/test-dir/MiniOzoneClusterImpl-9e11fa7e-4972-4825-87e7-ebdcd03a38ce/omNode-1/db.snapshots/om.db-060effe5-56af-4de6-b80b-320babdc0d29 for snapshot snap05061
2023-02-28 20:10:57,081 [OMDoubleBufferFlushThread] INFO  db.RDBCheckpointManager (RDBCheckpointManager.java:createCheckpoint(96)) - Created checkpoint in rocksDB at /home/runner/work/ozone/ozone/hadoop-ozone/integration-test/target/test-dir/MiniOzoneClusterImpl-9e11fa7e-4972-4825-87e7-ebdcd03a38ce/omNode-3/db.snapshots/om.db-060effe5-56af-4de6-b80b-320babdc0d29 in 51 milliseconds
2023-02-28 20:10:57,081 [OMDoubleBufferFlushThread] INFO  db.RDBCheckpointManager (RDBCheckpointManager.java:waitForCheckpointDirectoryExist(125)) - Waited for 0 milliseconds for checkpoint directory /home/runner/work/ozone/ozone/hadoop-ozone/integration-test/target/test-dir/MiniOzoneClusterImpl-9e11fa7e-4972-4825-87e7-ebdcd03a38ce/omNode-3/db.snapshots/om.db-060effe5-56af-4de6-b80b-320babdc0d29 availability.
2023-02-28 20:10:57,081 [OMDoubleBufferFlushThread] INFO  om.OmSnapshotManager (OmSnapshotManager.java:createOmSnapshotCheckpoint(163)) - Created checkpoint : /home/runner/work/ozone/ozone/hadoop-ozone/integration-test/target/test-dir/MiniOzoneClusterImpl-9e11fa7e-4972-4825-87e7-ebdcd03a38ce/omNode-3/db.snapshots/om.db-060effe5-56af-4de6-b80b-320babdc0d29 for snapshot snap05061
]]></system-out>
  </testcase>
  <testcase name="testDeleteSnapshotMissingMandatoryParams" classname="TestOmSnapshot" time="1.078">
    <system-out><![CDATA[2023-02-28 20:09:07,895 [Time-limited test] INFO  rpc.RpcClient (RpcClient.java:createVolume(476)) - Creating Volume: vol-60633, with runner as owner and space quota set to -1 bytes, counts quota set to -1
2023-02-28 20:09:07,902 [OM StateMachine ApplyTransaction Thread - 0] INFO  volume.OMVolumeCreateRequest (OMVolumeCreateRequest.java:validateAndUpdateCache(195)) - created volume:vol-60633 for user:runner
2023-02-28 20:09:07,904 [OM StateMachine ApplyTransaction Thread - 0] INFO  volume.OMVolumeCreateRequest (OMVolumeCreateRequest.java:validateAndUpdateCache(195)) - created volume:vol-60633 for user:runner
2023-02-28 20:09:07,905 [OM StateMachine ApplyTransaction Thread - 0] INFO  volume.OMVolumeCreateRequest (OMVolumeCreateRequest.java:validateAndUpdateCache(195)) - created volume:vol-60633 for user:runner
2023-02-28 20:09:07,909 [Time-limited test] INFO  rpc.RpcClient (RpcClient.java:createBucket(698)) - Creating Bucket: vol-60633/buck-39612, with server-side default bucket layout, runner as owner, Versioning false, Storage Type set to DISK and Encryption set to false, Replication Type set to server-side default replication type, Namespace Quota set to -1, Space Quota set to -1 
2023-02-28 20:09:07,912 [OM StateMachine ApplyTransaction Thread - 0] INFO  bucket.OMBucketCreateRequest (OMBucketCreateRequest.java:validateAndUpdateCache(263)) - created bucket: buck-39612 of layout OBJECT_STORE in volume: vol-60633
2023-02-28 20:09:07,914 [OM StateMachine ApplyTransaction Thread - 0] INFO  bucket.OMBucketCreateRequest (OMBucketCreateRequest.java:validateAndUpdateCache(263)) - created bucket: buck-39612 of layout OBJECT_STORE in volume: vol-60633
2023-02-28 20:09:07,915 [OM StateMachine ApplyTransaction Thread - 0] INFO  bucket.OMBucketCreateRequest (OMBucketCreateRequest.java:validateAndUpdateCache(263)) - created bucket: buck-39612 of layout OBJECT_STORE in volume: vol-60633
2023-02-28 20:09:07,967 [OM StateMachine ApplyTransaction Thread - 0] INFO  snapshot.OMSnapshotCreateRequest (OMSnapshotCreateRequest.java:validateAndUpdateCache(180)) - Created snapshot 'snap59982' under path 'vol-60633/buck-39612'
2023-02-28 20:09:07,969 [OM StateMachine ApplyTransaction Thread - 0] INFO  snapshot.OMSnapshotCreateRequest (OMSnapshotCreateRequest.java:validateAndUpdateCache(180)) - Created snapshot 'snap59982' under path 'vol-60633/buck-39612'
2023-02-28 20:09:07,969 [OM StateMachine ApplyTransaction Thread - 0] INFO  snapshot.OMSnapshotCreateRequest (OMSnapshotCreateRequest.java:validateAndUpdateCache(180)) - Created snapshot 'snap59982' under path 'vol-60633/buck-39612'
2023-02-28 20:09:08,238 [Finalizer] WARN  managed.ManagedRocksObjectUtils (ManagedRocksObjectUtils.java:assertClosed(54)) - ManagedColumnFamilyOptions is not closed properly
2023-02-28 20:09:08,238 [Finalizer] WARN  managed.ManagedRocksObjectUtils (ManagedRocksObjectUtils.java:assertClosed(54)) - ManagedColumnFamilyOptions is not closed properly
2023-02-28 20:09:08,238 [Finalizer] WARN  managed.ManagedRocksObjectUtils (ManagedRocksObjectUtils.java:assertClosed(54)) - ManagedColumnFamilyOptions is not closed properly
2023-02-28 20:09:08,238 [Finalizer] WARN  managed.ManagedRocksObjectUtils (ManagedRocksObjectUtils.java:assertClosed(54)) - ManagedColumnFamilyOptions is not closed properly
2023-02-28 20:09:08,238 [Finalizer] WARN  managed.ManagedRocksObjectUtils (ManagedRocksObjectUtils.java:assertClosed(54)) - ManagedColumnFamilyOptions is not closed properly
2023-02-28 20:09:08,238 [Finalizer] WARN  managed.ManagedRocksObjectUtils (ManagedRocksObjectUtils.java:assertClosed(54)) - ManagedColumnFamilyOptions is not closed properly
2023-02-28 20:09:08,238 [Finalizer] WARN  managed.ManagedRocksObjectUtils (ManagedRocksObjectUtils.java:assertClosed(54)) - ManagedColumnFamilyOptions is not closed properly
2023-02-28 20:09:08,238 [Finalizer] WARN  managed.ManagedRocksObjectUtils (ManagedRocksObjectUtils.java:assertClosed(54)) - ManagedColumnFamilyOptions is not closed properly
2023-02-28 20:09:08,238 [Finalizer] WARN  managed.ManagedRocksObjectUtils (ManagedRocksObjectUtils.java:assertClosed(54)) - RocksIterator is not closed properly
2023-02-28 20:09:08,238 [Finalizer] WARN  managed.ManagedRocksObjectUtils (ManagedRocksObjectUtils.java:assertClosed(54)) - RocksIterator is not closed properly
2023-02-28 20:09:08,239 [Finalizer] WARN  managed.ManagedRocksObjectUtils (ManagedRocksObjectUtils.java:assertClosed(54)) - RocksIterator is not closed properly
2023-02-28 20:09:08,239 [Finalizer] WARN  managed.ManagedRocksObjectUtils (ManagedRocksObjectUtils.java:assertClosed(54)) - RocksIterator is not closed properly
2023-02-28 20:09:08,239 [Finalizer] WARN  managed.ManagedRocksObjectUtils (ManagedRocksObjectUtils.java:assertClosed(54)) - RocksIterator is not closed properly
2023-02-28 20:09:08,239 [Finalizer] WARN  managed.ManagedRocksObjectUtils (ManagedRocksObjectUtils.java:assertClosed(54)) - RocksIterator is not closed properly
2023-02-28 20:09:08,239 [Finalizer] WARN  managed.ManagedRocksObjectUtils (ManagedRocksObjectUtils.java:assertClosed(54)) - ManagedColumnFamilyOptions is not closed properly
2023-02-28 20:09:08,239 [Finalizer] WARN  managed.ManagedRocksObjectUtils (ManagedRocksObjectUtils.java:assertClosed(54)) - ManagedColumnFamilyOptions is not closed properly
2023-02-28 20:09:08,239 [Finalizer] WARN  managed.ManagedRocksObjectUtils (ManagedRocksObjectUtils.java:assertClosed(54)) - ManagedColumnFamilyOptions is not closed properly
2023-02-28 20:09:08,239 [Finalizer] WARN  managed.ManagedRocksObjectUtils (ManagedRocksObjectUtils.java:assertClosed(54)) - ManagedColumnFamilyOptions is not closed properly
2023-02-28 20:09:08,239 [Finalizer] WARN  managed.ManagedRocksObjectUtils (ManagedRocksObjectUtils.java:assertClosed(54)) - ManagedColumnFamilyOptions is not closed properly
2023-02-28 20:09:08,239 [Finalizer] WARN  managed.ManagedRocksObjectUtils (ManagedRocksObjectUtils.java:assertClosed(54)) - ManagedColumnFamilyOptions is not closed properly
2023-02-28 20:09:08,239 [Finalizer] WARN  managed.ManagedRocksObjectUtils (ManagedRocksObjectUtils.java:assertClosed(54)) - ManagedColumnFamilyOptions is not closed properly
2023-02-28 20:09:08,239 [Finalizer] WARN  managed.ManagedRocksObjectUtils (ManagedRocksObjectUtils.java:assertClosed(54)) - ManagedColumnFamilyOptions is not closed properly
2023-02-28 20:09:08,239 [Finalizer] WARN  managed.ManagedRocksObjectUtils (ManagedRocksObjectUtils.java:assertClosed(54)) - RocksIterator is not closed properly
2023-02-28 20:09:08,239 [Finalizer] WARN  managed.ManagedRocksObjectUtils (ManagedRocksObjectUtils.java:assertClosed(54)) - RocksIterator is not closed properly
2023-02-28 20:09:08,240 [Finalizer] WARN  managed.ManagedRocksObjectUtils (ManagedRocksObjectUtils.java:assertClosed(54)) - RocksIterator is not closed properly
2023-02-28 20:09:08,240 [Finalizer] WARN  managed.ManagedRocksObjectUtils (ManagedRocksObjectUtils.java:assertClosed(54)) - RocksIterator is not closed properly
2023-02-28 20:09:08,240 [Finalizer] WARN  managed.ManagedRocksObjectUtils (ManagedRocksObjectUtils.java:assertClosed(54)) - RocksIterator is not closed properly
2023-02-28 20:09:08,240 [Finalizer] WARN  managed.ManagedRocksObjectUtils (ManagedRocksObjectUtils.java:assertClosed(54)) - RocksIterator is not closed properly
2023-02-28 20:09:08,240 [Finalizer] WARN  managed.ManagedRocksObjectUtils (ManagedRocksObjectUtils.java:assertClosed(54)) - ManagedColumnFamilyOptions is not closed properly
2023-02-28 20:09:08,240 [Finalizer] WARN  managed.ManagedRocksObjectUtils (ManagedRocksObjectUtils.java:assertClosed(54)) - ManagedColumnFamilyOptions is not closed properly
2023-02-28 20:09:08,240 [Finalizer] WARN  managed.ManagedRocksObjectUtils (ManagedRocksObjectUtils.java:assertClosed(54)) - ManagedColumnFamilyOptions is not closed properly
2023-02-28 20:09:08,240 [Finalizer] WARN  managed.ManagedRocksObjectUtils (ManagedRocksObjectUtils.java:assertClosed(54)) - ManagedColumnFamilyOptions is not closed properly
2023-02-28 20:09:08,240 [Finalizer] WARN  managed.ManagedRocksObjectUtils (ManagedRocksObjectUtils.java:assertClosed(54)) - ManagedColumnFamilyOptions is not closed properly
2023-02-28 20:09:08,240 [Finalizer] WARN  managed.ManagedRocksObjectUtils (ManagedRocksObjectUtils.java:assertClosed(54)) - ManagedColumnFamilyOptions is not closed properly
2023-02-28 20:09:08,240 [Finalizer] WARN  managed.ManagedRocksObjectUtils (ManagedRocksObjectUtils.java:assertClosed(54)) - ManagedColumnFamilyOptions is not closed properly
2023-02-28 20:09:08,240 [Finalizer] WARN  managed.ManagedRocksObjectUtils (ManagedRocksObjectUtils.java:assertClosed(54)) - ManagedColumnFamilyOptions is not closed properly
2023-02-28 20:09:08,240 [Finalizer] WARN  managed.ManagedRocksObjectUtils (ManagedRocksObjectUtils.java:assertClosed(54)) - RocksIterator is not closed properly
2023-02-28 20:09:08,240 [Finalizer] WARN  managed.ManagedRocksObjectUtils (ManagedRocksObjectUtils.java:assertClosed(54)) - RocksIterator is not closed properly
2023-02-28 20:09:08,240 [Finalizer] WARN  managed.ManagedRocksObjectUtils (ManagedRocksObjectUtils.java:assertClosed(54)) - RocksIterator is not closed properly
2023-02-28 20:09:08,240 [Finalizer] WARN  managed.ManagedRocksObjectUtils (ManagedRocksObjectUtils.java:assertClosed(54)) - RocksIterator is not closed properly
2023-02-28 20:09:08,240 [Finalizer] WARN  managed.ManagedRocksObjectUtils (ManagedRocksObjectUtils.java:assertClosed(54)) - RocksIterator is not closed properly
2023-02-28 20:09:08,240 [Finalizer] WARN  managed.ManagedRocksObjectUtils (ManagedRocksObjectUtils.java:assertClosed(54)) - RocksIterator is not closed properly
2023-02-28 20:09:08,240 [Finalizer] WARN  managed.ManagedRocksObjectUtils (ManagedRocksObjectUtils.java:assertClosed(54)) - ManagedColumnFamilyOptions is not closed properly
2023-02-28 20:09:08,240 [Finalizer] WARN  managed.ManagedRocksObjectUtils (ManagedRocksObjectUtils.java:assertClosed(54)) - ManagedColumnFamilyOptions is not closed properly
2023-02-28 20:09:08,240 [Finalizer] WARN  managed.ManagedRocksObjectUtils (ManagedRocksObjectUtils.java:assertClosed(54)) - ManagedColumnFamilyOptions is not closed properly
2023-02-28 20:09:08,240 [Finalizer] WARN  managed.ManagedRocksObjectUtils (ManagedRocksObjectUtils.java:assertClosed(54)) - ManagedColumnFamilyOptions is not closed properly
2023-02-28 20:09:08,240 [Finalizer] WARN  managed.ManagedRocksObjectUtils (ManagedRocksObjectUtils.java:assertClosed(54)) - ManagedColumnFamilyOptions is not closed properly
2023-02-28 20:09:08,240 [Finalizer] WARN  managed.ManagedRocksObjectUtils (ManagedRocksObjectUtils.java:assertClosed(54)) - ManagedColumnFamilyOptions is not closed properly
2023-02-28 20:09:08,240 [Finalizer] WARN  managed.ManagedRocksObjectUtils (ManagedRocksObjectUtils.java:assertClosed(54)) - ManagedColumnFamilyOptions is not closed properly
2023-02-28 20:09:08,240 [Finalizer] WARN  managed.ManagedRocksObjectUtils (ManagedRocksObjectUtils.java:assertClosed(54)) - ManagedColumnFamilyOptions is not closed properly
2023-02-28 20:09:08,240 [Finalizer] WARN  managed.ManagedRocksObjectUtils (ManagedRocksObjectUtils.java:assertClosed(54)) - RocksIterator is not closed properly
2023-02-28 20:09:08,240 [Finalizer] WARN  managed.ManagedRocksObjectUtils (ManagedRocksObjectUtils.java:assertClosed(54)) - RocksIterator is not closed properly
2023-02-28 20:09:08,240 [Finalizer] WARN  managed.ManagedRocksObjectUtils (ManagedRocksObjectUtils.java:assertClosed(54)) - RocksIterator is not closed properly
2023-02-28 20:09:08,240 [Finalizer] WARN  managed.ManagedRocksObjectUtils (ManagedRocksObjectUtils.java:assertClosed(54)) - RocksIterator is not closed properly
2023-02-28 20:09:08,240 [Finalizer] WARN  managed.ManagedRocksObjectUtils (ManagedRocksObjectUtils.java:assertClosed(54)) - RocksIterator is not closed properly
2023-02-28 20:09:08,240 [Finalizer] WARN  managed.ManagedRocksObjectUtils (ManagedRocksObjectUtils.java:assertClosed(54)) - RocksIterator is not closed properly
2023-02-28 20:09:08,256 [OMDoubleBufferFlushThread] INFO  db.RDBCheckpointManager (RDBCheckpointManager.java:createCheckpoint(96)) - Created checkpoint in rocksDB at /home/runner/work/ozone/ozone/hadoop-ozone/integration-test/target/test-dir/MiniOzoneClusterImpl-e7d671b1-06ed-40aa-a52b-2678dd5bab1b/omNode-1/db.snapshots/om.db-606ca936-fe0e-4093-9438-43b68560c4c9 in 287 milliseconds
2023-02-28 20:09:08,257 [OMDoubleBufferFlushThread] INFO  db.RDBCheckpointManager (RDBCheckpointManager.java:waitForCheckpointDirectoryExist(125)) - Waited for 1 milliseconds for checkpoint directory /home/runner/work/ozone/ozone/hadoop-ozone/integration-test/target/test-dir/MiniOzoneClusterImpl-e7d671b1-06ed-40aa-a52b-2678dd5bab1b/omNode-1/db.snapshots/om.db-606ca936-fe0e-4093-9438-43b68560c4c9 availability.
2023-02-28 20:09:08,257 [OMDoubleBufferFlushThread] INFO  om.OmSnapshotManager (OmSnapshotManager.java:createOmSnapshotCheckpoint(163)) - Created checkpoint : /home/runner/work/ozone/ozone/hadoop-ozone/integration-test/target/test-dir/MiniOzoneClusterImpl-e7d671b1-06ed-40aa-a52b-2678dd5bab1b/omNode-1/db.snapshots/om.db-606ca936-fe0e-4093-9438-43b68560c4c9 for snapshot snap59982
2023-02-28 20:09:08,264 [OMDoubleBufferFlushThread] INFO  db.RDBCheckpointManager (RDBCheckpointManager.java:createCheckpoint(96)) - Created checkpoint in rocksDB at /home/runner/work/ozone/ozone/hadoop-ozone/integration-test/target/test-dir/MiniOzoneClusterImpl-e7d671b1-06ed-40aa-a52b-2678dd5bab1b/omNode-3/db.snapshots/om.db-606ca936-fe0e-4093-9438-43b68560c4c9 in 294 milliseconds
2023-02-28 20:09:08,265 [OMDoubleBufferFlushThread] INFO  db.RDBCheckpointManager (RDBCheckpointManager.java:waitForCheckpointDirectoryExist(125)) - Waited for 1 milliseconds for checkpoint directory /home/runner/work/ozone/ozone/hadoop-ozone/integration-test/target/test-dir/MiniOzoneClusterImpl-e7d671b1-06ed-40aa-a52b-2678dd5bab1b/omNode-3/db.snapshots/om.db-606ca936-fe0e-4093-9438-43b68560c4c9 availability.
2023-02-28 20:09:08,265 [OMDoubleBufferFlushThread] INFO  om.OmSnapshotManager (OmSnapshotManager.java:createOmSnapshotCheckpoint(163)) - Created checkpoint : /home/runner/work/ozone/ozone/hadoop-ozone/integration-test/target/test-dir/MiniOzoneClusterImpl-e7d671b1-06ed-40aa-a52b-2678dd5bab1b/omNode-3/db.snapshots/om.db-606ca936-fe0e-4093-9438-43b68560c4c9 for snapshot snap59982
2023-02-28 20:09:08,265 [OMDoubleBufferFlushThread] INFO  db.RDBCheckpointManager (RDBCheckpointManager.java:createCheckpoint(96)) - Created checkpoint in rocksDB at /home/runner/work/ozone/ozone/hadoop-ozone/integration-test/target/test-dir/MiniOzoneClusterImpl-e7d671b1-06ed-40aa-a52b-2678dd5bab1b/omNode-2/db.snapshots/om.db-606ca936-fe0e-4093-9438-43b68560c4c9 in 294 milliseconds
2023-02-28 20:09:08,266 [OMDoubleBufferFlushThread] INFO  db.RDBCheckpointManager (RDBCheckpointManager.java:waitForCheckpointDirectoryExist(125)) - Waited for 1 milliseconds for checkpoint directory /home/runner/work/ozone/ozone/hadoop-ozone/integration-test/target/test-dir/MiniOzoneClusterImpl-e7d671b1-06ed-40aa-a52b-2678dd5bab1b/omNode-2/db.snapshots/om.db-606ca936-fe0e-4093-9438-43b68560c4c9 availability.
2023-02-28 20:09:08,266 [OMDoubleBufferFlushThread] INFO  om.OmSnapshotManager (OmSnapshotManager.java:createOmSnapshotCheckpoint(163)) - Created checkpoint : /home/runner/work/ozone/ozone/hadoop-ozone/integration-test/target/test-dir/MiniOzoneClusterImpl-e7d671b1-06ed-40aa-a52b-2678dd5bab1b/omNode-2/db.snapshots/om.db-606ca936-fe0e-4093-9438-43b68560c4c9 for snapshot snap59982
]]></system-out>
  </testcase>
  <testcase name="testDeleteSnapshotMissingMandatoryParams" classname="TestOmSnapshot" time="1.043">
    <system-out><![CDATA[2023-02-28 20:10:02,058 [Time-limited test] INFO  rpc.RpcClient (RpcClient.java:createVolume(476)) - Creating Volume: vol-30982, with runner as owner and space quota set to -1 bytes, counts quota set to -1
2023-02-28 20:10:02,061 [OM StateMachine ApplyTransaction Thread - 0] INFO  volume.OMVolumeCreateRequest (OMVolumeCreateRequest.java:validateAndUpdateCache(195)) - created volume:vol-30982 for user:runner
2023-02-28 20:10:02,062 [Time-limited test] INFO  rpc.RpcClient (RpcClient.java:createBucket(698)) - Creating Bucket: vol-30982/buck-29001, with server-side default bucket layout, runner as owner, Versioning false, Storage Type set to DISK and Encryption set to false, Replication Type set to server-side default replication type, Namespace Quota set to -1, Space Quota set to -1 
2023-02-28 20:10:02,063 [OM StateMachine ApplyTransaction Thread - 0] INFO  volume.OMVolumeCreateRequest (OMVolumeCreateRequest.java:validateAndUpdateCache(195)) - created volume:vol-30982 for user:runner
2023-02-28 20:10:02,065 [OM StateMachine ApplyTransaction Thread - 0] INFO  bucket.OMBucketCreateRequest (OMBucketCreateRequest.java:validateAndUpdateCache(263)) - created bucket: buck-29001 of layout FILE_SYSTEM_OPTIMIZED in volume: vol-30982
2023-02-28 20:10:02,066 [OM StateMachine ApplyTransaction Thread - 0] INFO  volume.OMVolumeCreateRequest (OMVolumeCreateRequest.java:validateAndUpdateCache(195)) - created volume:vol-30982 for user:runner
2023-02-28 20:10:02,066 [OM StateMachine ApplyTransaction Thread - 0] INFO  bucket.OMBucketCreateRequest (OMBucketCreateRequest.java:validateAndUpdateCache(263)) - created bucket: buck-29001 of layout FILE_SYSTEM_OPTIMIZED in volume: vol-30982
2023-02-28 20:10:02,066 [OM StateMachine ApplyTransaction Thread - 0] INFO  bucket.OMBucketCreateRequest (OMBucketCreateRequest.java:validateAndUpdateCache(263)) - created bucket: buck-29001 of layout FILE_SYSTEM_OPTIMIZED in volume: vol-30982
2023-02-28 20:10:02,098 [OM StateMachine ApplyTransaction Thread - 0] INFO  snapshot.OMSnapshotCreateRequest (OMSnapshotCreateRequest.java:validateAndUpdateCache(180)) - Created snapshot 'snap00010' under path 'vol-30982/buck-29001'
2023-02-28 20:10:02,098 [OM StateMachine ApplyTransaction Thread - 0] INFO  snapshot.OMSnapshotCreateRequest (OMSnapshotCreateRequest.java:validateAndUpdateCache(180)) - Created snapshot 'snap00010' under path 'vol-30982/buck-29001'
2023-02-28 20:10:02,098 [OM StateMachine ApplyTransaction Thread - 0] INFO  snapshot.OMSnapshotCreateRequest (OMSnapshotCreateRequest.java:validateAndUpdateCache(180)) - Created snapshot 'snap00010' under path 'vol-30982/buck-29001'
2023-02-28 20:10:02,137 [OMDoubleBufferFlushThread] INFO  db.RDBCheckpointManager (RDBCheckpointManager.java:createCheckpoint(96)) - Created checkpoint in rocksDB at /home/runner/work/ozone/ozone/hadoop-ozone/integration-test/target/test-dir/MiniOzoneClusterImpl-58db5c20-d6df-4fe1-a747-1f1a0fc9447e/omNode-2/db.snapshots/om.db-df4ac51f-ec25-4805-a5f6-3d5d4f5be206 in 38 milliseconds
2023-02-28 20:10:02,138 [OMDoubleBufferFlushThread] INFO  db.RDBCheckpointManager (RDBCheckpointManager.java:waitForCheckpointDirectoryExist(125)) - Waited for 1 milliseconds for checkpoint directory /home/runner/work/ozone/ozone/hadoop-ozone/integration-test/target/test-dir/MiniOzoneClusterImpl-58db5c20-d6df-4fe1-a747-1f1a0fc9447e/omNode-2/db.snapshots/om.db-df4ac51f-ec25-4805-a5f6-3d5d4f5be206 availability.
2023-02-28 20:10:02,138 [OMDoubleBufferFlushThread] INFO  db.RDBCheckpointManager (RDBCheckpointManager.java:createCheckpoint(96)) - Created checkpoint in rocksDB at /home/runner/work/ozone/ozone/hadoop-ozone/integration-test/target/test-dir/MiniOzoneClusterImpl-58db5c20-d6df-4fe1-a747-1f1a0fc9447e/omNode-1/db.snapshots/om.db-df4ac51f-ec25-4805-a5f6-3d5d4f5be206 in 39 milliseconds
2023-02-28 20:10:02,138 [OMDoubleBufferFlushThread] INFO  om.OmSnapshotManager (OmSnapshotManager.java:createOmSnapshotCheckpoint(163)) - Created checkpoint : /home/runner/work/ozone/ozone/hadoop-ozone/integration-test/target/test-dir/MiniOzoneClusterImpl-58db5c20-d6df-4fe1-a747-1f1a0fc9447e/omNode-2/db.snapshots/om.db-df4ac51f-ec25-4805-a5f6-3d5d4f5be206 for snapshot snap00010
2023-02-28 20:10:02,139 [OMDoubleBufferFlushThread] INFO  db.RDBCheckpointManager (RDBCheckpointManager.java:waitForCheckpointDirectoryExist(125)) - Waited for 1 milliseconds for checkpoint directory /home/runner/work/ozone/ozone/hadoop-ozone/integration-test/target/test-dir/MiniOzoneClusterImpl-58db5c20-d6df-4fe1-a747-1f1a0fc9447e/omNode-1/db.snapshots/om.db-df4ac51f-ec25-4805-a5f6-3d5d4f5be206 availability.
2023-02-28 20:10:02,139 [OMDoubleBufferFlushThread] INFO  om.OmSnapshotManager (OmSnapshotManager.java:createOmSnapshotCheckpoint(163)) - Created checkpoint : /home/runner/work/ozone/ozone/hadoop-ozone/integration-test/target/test-dir/MiniOzoneClusterImpl-58db5c20-d6df-4fe1-a747-1f1a0fc9447e/omNode-1/db.snapshots/om.db-df4ac51f-ec25-4805-a5f6-3d5d4f5be206 for snapshot snap00010
2023-02-28 20:10:02,144 [OMDoubleBufferFlushThread] INFO  db.RDBCheckpointManager (RDBCheckpointManager.java:createCheckpoint(96)) - Created checkpoint in rocksDB at /home/runner/work/ozone/ozone/hadoop-ozone/integration-test/target/test-dir/MiniOzoneClusterImpl-58db5c20-d6df-4fe1-a747-1f1a0fc9447e/omNode-3/db.snapshots/om.db-df4ac51f-ec25-4805-a5f6-3d5d4f5be206 in 45 milliseconds
2023-02-28 20:10:02,144 [OMDoubleBufferFlushThread] INFO  db.RDBCheckpointManager (RDBCheckpointManager.java:waitForCheckpointDirectoryExist(125)) - Waited for 0 milliseconds for checkpoint directory /home/runner/work/ozone/ozone/hadoop-ozone/integration-test/target/test-dir/MiniOzoneClusterImpl-58db5c20-d6df-4fe1-a747-1f1a0fc9447e/omNode-3/db.snapshots/om.db-df4ac51f-ec25-4805-a5f6-3d5d4f5be206 availability.
2023-02-28 20:10:02,144 [OMDoubleBufferFlushThread] INFO  om.OmSnapshotManager (OmSnapshotManager.java:createOmSnapshotCheckpoint(163)) - Created checkpoint : /home/runner/work/ozone/ozone/hadoop-ozone/integration-test/target/test-dir/MiniOzoneClusterImpl-58db5c20-d6df-4fe1-a747-1f1a0fc9447e/omNode-3/db.snapshots/om.db-df4ac51f-ec25-4805-a5f6-3d5d4f5be206 for snapshot snap00010
]]></system-out>
  </testcase>
  <testcase name="testDeleteSnapshotMissingMandatoryParams" classname="TestOmSnapshot" time="1.038">
    <system-out><![CDATA[2023-02-28 20:10:58,033 [Time-limited test] INFO  rpc.RpcClient (RpcClient.java:createVolume(476)) - Creating Volume: vol-05368, with runner as owner and space quota set to -1 bytes, counts quota set to -1
2023-02-28 20:10:58,037 [OM StateMachine ApplyTransaction Thread - 0] INFO  volume.OMVolumeCreateRequest (OMVolumeCreateRequest.java:validateAndUpdateCache(195)) - created volume:vol-05368 for user:runner
2023-02-28 20:10:58,037 [OM StateMachine ApplyTransaction Thread - 0] INFO  volume.OMVolumeCreateRequest (OMVolumeCreateRequest.java:validateAndUpdateCache(195)) - created volume:vol-05368 for user:runner
2023-02-28 20:10:58,038 [OM StateMachine ApplyTransaction Thread - 0] INFO  volume.OMVolumeCreateRequest (OMVolumeCreateRequest.java:validateAndUpdateCache(195)) - created volume:vol-05368 for user:runner
2023-02-28 20:10:58,039 [Time-limited test] INFO  rpc.RpcClient (RpcClient.java:createBucket(698)) - Creating Bucket: vol-05368/buck-15207, with server-side default bucket layout, runner as owner, Versioning false, Storage Type set to DISK and Encryption set to false, Replication Type set to server-side default replication type, Namespace Quota set to -1, Space Quota set to -1 
2023-02-28 20:10:58,041 [OM StateMachine ApplyTransaction Thread - 0] INFO  bucket.OMBucketCreateRequest (OMBucketCreateRequest.java:validateAndUpdateCache(263)) - created bucket: buck-15207 of layout LEGACY in volume: vol-05368
2023-02-28 20:10:58,042 [OM StateMachine ApplyTransaction Thread - 0] INFO  bucket.OMBucketCreateRequest (OMBucketCreateRequest.java:validateAndUpdateCache(263)) - created bucket: buck-15207 of layout LEGACY in volume: vol-05368
2023-02-28 20:10:58,043 [OM StateMachine ApplyTransaction Thread - 0] INFO  bucket.OMBucketCreateRequest (OMBucketCreateRequest.java:validateAndUpdateCache(263)) - created bucket: buck-15207 of layout LEGACY in volume: vol-05368
2023-02-28 20:10:58,069 [OM StateMachine ApplyTransaction Thread - 0] INFO  snapshot.OMSnapshotCreateRequest (OMSnapshotCreateRequest.java:validateAndUpdateCache(180)) - Created snapshot 'snap33300' under path 'vol-05368/buck-15207'
2023-02-28 20:10:58,070 [OM StateMachine ApplyTransaction Thread - 0] INFO  snapshot.OMSnapshotCreateRequest (OMSnapshotCreateRequest.java:validateAndUpdateCache(180)) - Created snapshot 'snap33300' under path 'vol-05368/buck-15207'
2023-02-28 20:10:58,070 [OM StateMachine ApplyTransaction Thread - 0] INFO  snapshot.OMSnapshotCreateRequest (OMSnapshotCreateRequest.java:validateAndUpdateCache(180)) - Created snapshot 'snap33300' under path 'vol-05368/buck-15207'
2023-02-28 20:10:58,106 [OMDoubleBufferFlushThread] INFO  db.RDBCheckpointManager (RDBCheckpointManager.java:createCheckpoint(96)) - Created checkpoint in rocksDB at /home/runner/work/ozone/ozone/hadoop-ozone/integration-test/target/test-dir/MiniOzoneClusterImpl-9e11fa7e-4972-4825-87e7-ebdcd03a38ce/omNode-2/db.snapshots/om.db-6f90ad29-0f90-4082-af2d-6212087c9cce in 35 milliseconds
2023-02-28 20:10:58,107 [OMDoubleBufferFlushThread] INFO  db.RDBCheckpointManager (RDBCheckpointManager.java:createCheckpoint(96)) - Created checkpoint in rocksDB at /home/runner/work/ozone/ozone/hadoop-ozone/integration-test/target/test-dir/MiniOzoneClusterImpl-9e11fa7e-4972-4825-87e7-ebdcd03a38ce/omNode-1/db.snapshots/om.db-6f90ad29-0f90-4082-af2d-6212087c9cce in 37 milliseconds
2023-02-28 20:10:58,110 [OMDoubleBufferFlushThread] INFO  db.RDBCheckpointManager (RDBCheckpointManager.java:createCheckpoint(96)) - Created checkpoint in rocksDB at /home/runner/work/ozone/ozone/hadoop-ozone/integration-test/target/test-dir/MiniOzoneClusterImpl-9e11fa7e-4972-4825-87e7-ebdcd03a38ce/omNode-3/db.snapshots/om.db-6f90ad29-0f90-4082-af2d-6212087c9cce in 39 milliseconds
2023-02-28 20:10:58,115 [OMDoubleBufferFlushThread] INFO  db.RDBCheckpointManager (RDBCheckpointManager.java:waitForCheckpointDirectoryExist(125)) - Waited for 9 milliseconds for checkpoint directory /home/runner/work/ozone/ozone/hadoop-ozone/integration-test/target/test-dir/MiniOzoneClusterImpl-9e11fa7e-4972-4825-87e7-ebdcd03a38ce/omNode-2/db.snapshots/om.db-6f90ad29-0f90-4082-af2d-6212087c9cce availability.
2023-02-28 20:10:58,116 [OMDoubleBufferFlushThread] INFO  om.OmSnapshotManager (OmSnapshotManager.java:createOmSnapshotCheckpoint(163)) - Created checkpoint : /home/runner/work/ozone/ozone/hadoop-ozone/integration-test/target/test-dir/MiniOzoneClusterImpl-9e11fa7e-4972-4825-87e7-ebdcd03a38ce/omNode-2/db.snapshots/om.db-6f90ad29-0f90-4082-af2d-6212087c9cce for snapshot snap33300
2023-02-28 20:10:58,116 [OMDoubleBufferFlushThread] INFO  db.RDBCheckpointManager (RDBCheckpointManager.java:waitForCheckpointDirectoryExist(125)) - Waited for 6 milliseconds for checkpoint directory /home/runner/work/ozone/ozone/hadoop-ozone/integration-test/target/test-dir/MiniOzoneClusterImpl-9e11fa7e-4972-4825-87e7-ebdcd03a38ce/omNode-3/db.snapshots/om.db-6f90ad29-0f90-4082-af2d-6212087c9cce availability.
2023-02-28 20:10:58,116 [OMDoubleBufferFlushThread] INFO  om.OmSnapshotManager (OmSnapshotManager.java:createOmSnapshotCheckpoint(163)) - Created checkpoint : /home/runner/work/ozone/ozone/hadoop-ozone/integration-test/target/test-dir/MiniOzoneClusterImpl-9e11fa7e-4972-4825-87e7-ebdcd03a38ce/omNode-3/db.snapshots/om.db-6f90ad29-0f90-4082-af2d-6212087c9cce for snapshot snap33300
2023-02-28 20:10:58,116 [OMDoubleBufferFlushThread] INFO  db.RDBCheckpointManager (RDBCheckpointManager.java:waitForCheckpointDirectoryExist(125)) - Waited for 9 milliseconds for checkpoint directory /home/runner/work/ozone/ozone/hadoop-ozone/integration-test/target/test-dir/MiniOzoneClusterImpl-9e11fa7e-4972-4825-87e7-ebdcd03a38ce/omNode-1/db.snapshots/om.db-6f90ad29-0f90-4082-af2d-6212087c9cce availability.
2023-02-28 20:10:58,116 [OMDoubleBufferFlushThread] INFO  om.OmSnapshotManager (OmSnapshotManager.java:createOmSnapshotCheckpoint(163)) - Created checkpoint : /home/runner/work/ozone/ozone/hadoop-ozone/integration-test/target/test-dir/MiniOzoneClusterImpl-9e11fa7e-4972-4825-87e7-ebdcd03a38ce/omNode-1/db.snapshots/om.db-6f90ad29-0f90-4082-af2d-6212087c9cce for snapshot snap33300
]]></system-out>
  </testcase>
  <testcase name="testSnapDiffMissingMandatoryParams" classname="TestOmSnapshot" time="2.054">
    <system-out><![CDATA[2023-02-28 20:09:08,974 [Time-limited test] INFO  rpc.RpcClient (RpcClient.java:createVolume(476)) - Creating Volume: vol-28154, with runner as owner and space quota set to -1 bytes, counts quota set to -1
2023-02-28 20:09:08,980 [OM StateMachine ApplyTransaction Thread - 0] INFO  volume.OMVolumeCreateRequest (OMVolumeCreateRequest.java:validateAndUpdateCache(195)) - created volume:vol-28154 for user:runner
2023-02-28 20:09:08,981 [OM StateMachine ApplyTransaction Thread - 0] INFO  volume.OMVolumeCreateRequest (OMVolumeCreateRequest.java:validateAndUpdateCache(195)) - created volume:vol-28154 for user:runner
2023-02-28 20:09:08,982 [OM StateMachine ApplyTransaction Thread - 0] INFO  volume.OMVolumeCreateRequest (OMVolumeCreateRequest.java:validateAndUpdateCache(195)) - created volume:vol-28154 for user:runner
2023-02-28 20:09:08,985 [Time-limited test] INFO  rpc.RpcClient (RpcClient.java:createBucket(698)) - Creating Bucket: vol-28154/buck-11745, with server-side default bucket layout, runner as owner, Versioning false, Storage Type set to DISK and Encryption set to false, Replication Type set to server-side default replication type, Namespace Quota set to -1, Space Quota set to -1 
2023-02-28 20:09:08,988 [OM StateMachine ApplyTransaction Thread - 0] INFO  bucket.OMBucketCreateRequest (OMBucketCreateRequest.java:validateAndUpdateCache(263)) - created bucket: buck-11745 of layout OBJECT_STORE in volume: vol-28154
2023-02-28 20:09:08,990 [OM StateMachine ApplyTransaction Thread - 0] INFO  bucket.OMBucketCreateRequest (OMBucketCreateRequest.java:validateAndUpdateCache(263)) - created bucket: buck-11745 of layout OBJECT_STORE in volume: vol-28154
2023-02-28 20:09:08,990 [OM StateMachine ApplyTransaction Thread - 0] INFO  bucket.OMBucketCreateRequest (OMBucketCreateRequest.java:validateAndUpdateCache(263)) - created bucket: buck-11745 of layout OBJECT_STORE in volume: vol-28154
2023-02-28 20:09:09,016 [OM StateMachine ApplyTransaction Thread - 0] INFO  snapshot.OMSnapshotCreateRequest (OMSnapshotCreateRequest.java:validateAndUpdateCache(180)) - Created snapshot 'snap28432' under path 'vol-28154/buck-11745'
2023-02-28 20:09:09,017 [OM StateMachine ApplyTransaction Thread - 0] INFO  snapshot.OMSnapshotCreateRequest (OMSnapshotCreateRequest.java:validateAndUpdateCache(180)) - Created snapshot 'snap28432' under path 'vol-28154/buck-11745'
2023-02-28 20:09:09,018 [OM StateMachine ApplyTransaction Thread - 0] INFO  snapshot.OMSnapshotCreateRequest (OMSnapshotCreateRequest.java:validateAndUpdateCache(180)) - Created snapshot 'snap28432' under path 'vol-28154/buck-11745'
2023-02-28 20:09:09,051 [OMDoubleBufferFlushThread] INFO  db.RDBCheckpointManager (RDBCheckpointManager.java:createCheckpoint(96)) - Created checkpoint in rocksDB at /home/runner/work/ozone/ozone/hadoop-ozone/integration-test/target/test-dir/MiniOzoneClusterImpl-e7d671b1-06ed-40aa-a52b-2678dd5bab1b/omNode-3/db.snapshots/om.db-c5f533bd-2f11-4ed9-b897-6b894e85b7c1 in 32 milliseconds
2023-02-28 20:09:09,052 [OMDoubleBufferFlushThread] INFO  db.RDBCheckpointManager (RDBCheckpointManager.java:waitForCheckpointDirectoryExist(125)) - Waited for 1 milliseconds for checkpoint directory /home/runner/work/ozone/ozone/hadoop-ozone/integration-test/target/test-dir/MiniOzoneClusterImpl-e7d671b1-06ed-40aa-a52b-2678dd5bab1b/omNode-3/db.snapshots/om.db-c5f533bd-2f11-4ed9-b897-6b894e85b7c1 availability.
2023-02-28 20:09:09,052 [OMDoubleBufferFlushThread] INFO  om.OmSnapshotManager (OmSnapshotManager.java:createOmSnapshotCheckpoint(163)) - Created checkpoint : /home/runner/work/ozone/ozone/hadoop-ozone/integration-test/target/test-dir/MiniOzoneClusterImpl-e7d671b1-06ed-40aa-a52b-2678dd5bab1b/omNode-3/db.snapshots/om.db-c5f533bd-2f11-4ed9-b897-6b894e85b7c1 for snapshot snap28432
2023-02-28 20:09:09,058 [OMDoubleBufferFlushThread] INFO  db.RDBCheckpointManager (RDBCheckpointManager.java:createCheckpoint(96)) - Created checkpoint in rocksDB at /home/runner/work/ozone/ozone/hadoop-ozone/integration-test/target/test-dir/MiniOzoneClusterImpl-e7d671b1-06ed-40aa-a52b-2678dd5bab1b/omNode-2/db.snapshots/om.db-c5f533bd-2f11-4ed9-b897-6b894e85b7c1 in 39 milliseconds
2023-02-28 20:09:09,059 [OMDoubleBufferFlushThread] INFO  db.RDBCheckpointManager (RDBCheckpointManager.java:waitForCheckpointDirectoryExist(125)) - Waited for 1 milliseconds for checkpoint directory /home/runner/work/ozone/ozone/hadoop-ozone/integration-test/target/test-dir/MiniOzoneClusterImpl-e7d671b1-06ed-40aa-a52b-2678dd5bab1b/omNode-2/db.snapshots/om.db-c5f533bd-2f11-4ed9-b897-6b894e85b7c1 availability.
2023-02-28 20:09:09,059 [OMDoubleBufferFlushThread] INFO  om.OmSnapshotManager (OmSnapshotManager.java:createOmSnapshotCheckpoint(163)) - Created checkpoint : /home/runner/work/ozone/ozone/hadoop-ozone/integration-test/target/test-dir/MiniOzoneClusterImpl-e7d671b1-06ed-40aa-a52b-2678dd5bab1b/omNode-2/db.snapshots/om.db-c5f533bd-2f11-4ed9-b897-6b894e85b7c1 for snapshot snap28432
2023-02-28 20:09:09,064 [OMDoubleBufferFlushThread] INFO  db.RDBCheckpointManager (RDBCheckpointManager.java:createCheckpoint(96)) - Created checkpoint in rocksDB at /home/runner/work/ozone/ozone/hadoop-ozone/integration-test/target/test-dir/MiniOzoneClusterImpl-e7d671b1-06ed-40aa-a52b-2678dd5bab1b/omNode-1/db.snapshots/om.db-c5f533bd-2f11-4ed9-b897-6b894e85b7c1 in 46 milliseconds
2023-02-28 20:09:09,065 [OMDoubleBufferFlushThread] INFO  db.RDBCheckpointManager (RDBCheckpointManager.java:waitForCheckpointDirectoryExist(125)) - Waited for 1 milliseconds for checkpoint directory /home/runner/work/ozone/ozone/hadoop-ozone/integration-test/target/test-dir/MiniOzoneClusterImpl-e7d671b1-06ed-40aa-a52b-2678dd5bab1b/omNode-1/db.snapshots/om.db-c5f533bd-2f11-4ed9-b897-6b894e85b7c1 availability.
2023-02-28 20:09:09,065 [OMDoubleBufferFlushThread] INFO  om.OmSnapshotManager (OmSnapshotManager.java:createOmSnapshotCheckpoint(163)) - Created checkpoint : /home/runner/work/ozone/ozone/hadoop-ozone/integration-test/target/test-dir/MiniOzoneClusterImpl-e7d671b1-06ed-40aa-a52b-2678dd5bab1b/omNode-1/db.snapshots/om.db-c5f533bd-2f11-4ed9-b897-6b894e85b7c1 for snapshot snap28432
2023-02-28 20:09:10,020 [OM StateMachine ApplyTransaction Thread - 0] INFO  snapshot.OMSnapshotCreateRequest (OMSnapshotCreateRequest.java:validateAndUpdateCache(180)) - Created snapshot 'snap37455' under path 'vol-28154/buck-11745'
2023-02-28 20:09:10,022 [OM StateMachine ApplyTransaction Thread - 0] INFO  snapshot.OMSnapshotCreateRequest (OMSnapshotCreateRequest.java:validateAndUpdateCache(180)) - Created snapshot 'snap37455' under path 'vol-28154/buck-11745'
2023-02-28 20:09:10,023 [OM StateMachine ApplyTransaction Thread - 0] INFO  snapshot.OMSnapshotCreateRequest (OMSnapshotCreateRequest.java:validateAndUpdateCache(180)) - Created snapshot 'snap37455' under path 'vol-28154/buck-11745'
2023-02-28 20:09:10,037 [OMDoubleBufferFlushThread] INFO  db.RDBCheckpointManager (RDBCheckpointManager.java:createCheckpoint(96)) - Created checkpoint in rocksDB at /home/runner/work/ozone/ozone/hadoop-ozone/integration-test/target/test-dir/MiniOzoneClusterImpl-e7d671b1-06ed-40aa-a52b-2678dd5bab1b/omNode-1/db.snapshots/om.db-d197e498-6cb7-46af-a071-4625e6ff1630 in 15 milliseconds
2023-02-28 20:09:10,037 [OMDoubleBufferFlushThread] INFO  db.RDBCheckpointManager (RDBCheckpointManager.java:createCheckpoint(96)) - Created checkpoint in rocksDB at /home/runner/work/ozone/ozone/hadoop-ozone/integration-test/target/test-dir/MiniOzoneClusterImpl-e7d671b1-06ed-40aa-a52b-2678dd5bab1b/omNode-3/db.snapshots/om.db-d197e498-6cb7-46af-a071-4625e6ff1630 in 13 milliseconds
2023-02-28 20:09:10,042 [OMDoubleBufferFlushThread] INFO  db.RDBCheckpointManager (RDBCheckpointManager.java:waitForCheckpointDirectoryExist(125)) - Waited for 5 milliseconds for checkpoint directory /home/runner/work/ozone/ozone/hadoop-ozone/integration-test/target/test-dir/MiniOzoneClusterImpl-e7d671b1-06ed-40aa-a52b-2678dd5bab1b/omNode-1/db.snapshots/om.db-d197e498-6cb7-46af-a071-4625e6ff1630 availability.
2023-02-28 20:09:10,042 [OMDoubleBufferFlushThread] INFO  om.OmSnapshotManager (OmSnapshotManager.java:createOmSnapshotCheckpoint(163)) - Created checkpoint : /home/runner/work/ozone/ozone/hadoop-ozone/integration-test/target/test-dir/MiniOzoneClusterImpl-e7d671b1-06ed-40aa-a52b-2678dd5bab1b/omNode-1/db.snapshots/om.db-d197e498-6cb7-46af-a071-4625e6ff1630 for snapshot snap37455
2023-02-28 20:09:10,042 [OMDoubleBufferFlushThread] INFO  db.RDBCheckpointManager (RDBCheckpointManager.java:waitForCheckpointDirectoryExist(125)) - Waited for 5 milliseconds for checkpoint directory /home/runner/work/ozone/ozone/hadoop-ozone/integration-test/target/test-dir/MiniOzoneClusterImpl-e7d671b1-06ed-40aa-a52b-2678dd5bab1b/omNode-3/db.snapshots/om.db-d197e498-6cb7-46af-a071-4625e6ff1630 availability.
2023-02-28 20:09:10,043 [OMDoubleBufferFlushThread] INFO  om.OmSnapshotManager (OmSnapshotManager.java:createOmSnapshotCheckpoint(163)) - Created checkpoint : /home/runner/work/ozone/ozone/hadoop-ozone/integration-test/target/test-dir/MiniOzoneClusterImpl-e7d671b1-06ed-40aa-a52b-2678dd5bab1b/omNode-3/db.snapshots/om.db-d197e498-6cb7-46af-a071-4625e6ff1630 for snapshot snap37455
2023-02-28 20:09:10,047 [OMDoubleBufferFlushThread] INFO  db.RDBCheckpointManager (RDBCheckpointManager.java:createCheckpoint(96)) - Created checkpoint in rocksDB at /home/runner/work/ozone/ozone/hadoop-ozone/integration-test/target/test-dir/MiniOzoneClusterImpl-e7d671b1-06ed-40aa-a52b-2678dd5bab1b/omNode-2/db.snapshots/om.db-d197e498-6cb7-46af-a071-4625e6ff1630 in 23 milliseconds
2023-02-28 20:09:10,048 [OMDoubleBufferFlushThread] INFO  db.RDBCheckpointManager (RDBCheckpointManager.java:waitForCheckpointDirectoryExist(125)) - Waited for 1 milliseconds for checkpoint directory /home/runner/work/ozone/ozone/hadoop-ozone/integration-test/target/test-dir/MiniOzoneClusterImpl-e7d671b1-06ed-40aa-a52b-2678dd5bab1b/omNode-2/db.snapshots/om.db-d197e498-6cb7-46af-a071-4625e6ff1630 availability.
2023-02-28 20:09:10,048 [OMDoubleBufferFlushThread] INFO  om.OmSnapshotManager (OmSnapshotManager.java:createOmSnapshotCheckpoint(163)) - Created checkpoint : /home/runner/work/ozone/ozone/hadoop-ozone/integration-test/target/test-dir/MiniOzoneClusterImpl-e7d671b1-06ed-40aa-a52b-2678dd5bab1b/omNode-2/db.snapshots/om.db-d197e498-6cb7-46af-a071-4625e6ff1630 for snapshot snap37455
]]></system-out>
  </testcase>
  <testcase name="testSnapDiffMissingMandatoryParams" classname="TestOmSnapshot" time="2.078">
    <system-out><![CDATA[2023-02-28 20:10:03,104 [Time-limited test] INFO  rpc.RpcClient (RpcClient.java:createVolume(476)) - Creating Volume: vol-05074, with runner as owner and space quota set to -1 bytes, counts quota set to -1
2023-02-28 20:10:03,107 [OM StateMachine ApplyTransaction Thread - 0] INFO  volume.OMVolumeCreateRequest (OMVolumeCreateRequest.java:validateAndUpdateCache(195)) - created volume:vol-05074 for user:runner
2023-02-28 20:10:03,108 [OM StateMachine ApplyTransaction Thread - 0] INFO  volume.OMVolumeCreateRequest (OMVolumeCreateRequest.java:validateAndUpdateCache(195)) - created volume:vol-05074 for user:runner
2023-02-28 20:10:03,109 [OM StateMachine ApplyTransaction Thread - 0] INFO  volume.OMVolumeCreateRequest (OMVolumeCreateRequest.java:validateAndUpdateCache(195)) - created volume:vol-05074 for user:runner
2023-02-28 20:10:03,110 [Time-limited test] INFO  rpc.RpcClient (RpcClient.java:createBucket(698)) - Creating Bucket: vol-05074/buck-44787, with server-side default bucket layout, runner as owner, Versioning false, Storage Type set to DISK and Encryption set to false, Replication Type set to server-side default replication type, Namespace Quota set to -1, Space Quota set to -1 
2023-02-28 20:10:03,112 [OM StateMachine ApplyTransaction Thread - 0] INFO  bucket.OMBucketCreateRequest (OMBucketCreateRequest.java:validateAndUpdateCache(263)) - created bucket: buck-44787 of layout FILE_SYSTEM_OPTIMIZED in volume: vol-05074
2023-02-28 20:10:03,113 [OM StateMachine ApplyTransaction Thread - 0] INFO  bucket.OMBucketCreateRequest (OMBucketCreateRequest.java:validateAndUpdateCache(263)) - created bucket: buck-44787 of layout FILE_SYSTEM_OPTIMIZED in volume: vol-05074
2023-02-28 20:10:03,113 [OM StateMachine ApplyTransaction Thread - 0] INFO  bucket.OMBucketCreateRequest (OMBucketCreateRequest.java:validateAndUpdateCache(263)) - created bucket: buck-44787 of layout FILE_SYSTEM_OPTIMIZED in volume: vol-05074
2023-02-28 20:10:03,169 [OM StateMachine ApplyTransaction Thread - 0] INFO  snapshot.OMSnapshotCreateRequest (OMSnapshotCreateRequest.java:validateAndUpdateCache(180)) - Created snapshot 'snap26638' under path 'vol-05074/buck-44787'
2023-02-28 20:10:03,171 [OM StateMachine ApplyTransaction Thread - 0] INFO  snapshot.OMSnapshotCreateRequest (OMSnapshotCreateRequest.java:validateAndUpdateCache(180)) - Created snapshot 'snap26638' under path 'vol-05074/buck-44787'
2023-02-28 20:10:03,171 [OM StateMachine ApplyTransaction Thread - 0] INFO  snapshot.OMSnapshotCreateRequest (OMSnapshotCreateRequest.java:validateAndUpdateCache(180)) - Created snapshot 'snap26638' under path 'vol-05074/buck-44787'
2023-02-28 20:10:03,206 [OMDoubleBufferFlushThread] INFO  db.RDBCheckpointManager (RDBCheckpointManager.java:createCheckpoint(96)) - Created checkpoint in rocksDB at /home/runner/work/ozone/ozone/hadoop-ozone/integration-test/target/test-dir/MiniOzoneClusterImpl-58db5c20-d6df-4fe1-a747-1f1a0fc9447e/omNode-3/db.snapshots/om.db-699c54bf-cff5-43f5-aa7e-2b30c3c570d9 in 34 milliseconds
2023-02-28 20:10:03,207 [OMDoubleBufferFlushThread] INFO  db.RDBCheckpointManager (RDBCheckpointManager.java:waitForCheckpointDirectoryExist(125)) - Waited for 0 milliseconds for checkpoint directory /home/runner/work/ozone/ozone/hadoop-ozone/integration-test/target/test-dir/MiniOzoneClusterImpl-58db5c20-d6df-4fe1-a747-1f1a0fc9447e/omNode-3/db.snapshots/om.db-699c54bf-cff5-43f5-aa7e-2b30c3c570d9 availability.
2023-02-28 20:10:03,207 [OMDoubleBufferFlushThread] INFO  om.OmSnapshotManager (OmSnapshotManager.java:createOmSnapshotCheckpoint(163)) - Created checkpoint : /home/runner/work/ozone/ozone/hadoop-ozone/integration-test/target/test-dir/MiniOzoneClusterImpl-58db5c20-d6df-4fe1-a747-1f1a0fc9447e/omNode-3/db.snapshots/om.db-699c54bf-cff5-43f5-aa7e-2b30c3c570d9 for snapshot snap26638
2023-02-28 20:10:03,212 [OMDoubleBufferFlushThread] INFO  db.RDBCheckpointManager (RDBCheckpointManager.java:createCheckpoint(96)) - Created checkpoint in rocksDB at /home/runner/work/ozone/ozone/hadoop-ozone/integration-test/target/test-dir/MiniOzoneClusterImpl-58db5c20-d6df-4fe1-a747-1f1a0fc9447e/omNode-1/db.snapshots/om.db-699c54bf-cff5-43f5-aa7e-2b30c3c570d9 in 41 milliseconds
2023-02-28 20:10:03,213 [OMDoubleBufferFlushThread] INFO  db.RDBCheckpointManager (RDBCheckpointManager.java:waitForCheckpointDirectoryExist(125)) - Waited for 0 milliseconds for checkpoint directory /home/runner/work/ozone/ozone/hadoop-ozone/integration-test/target/test-dir/MiniOzoneClusterImpl-58db5c20-d6df-4fe1-a747-1f1a0fc9447e/omNode-1/db.snapshots/om.db-699c54bf-cff5-43f5-aa7e-2b30c3c570d9 availability.
2023-02-28 20:10:03,213 [OMDoubleBufferFlushThread] INFO  om.OmSnapshotManager (OmSnapshotManager.java:createOmSnapshotCheckpoint(163)) - Created checkpoint : /home/runner/work/ozone/ozone/hadoop-ozone/integration-test/target/test-dir/MiniOzoneClusterImpl-58db5c20-d6df-4fe1-a747-1f1a0fc9447e/omNode-1/db.snapshots/om.db-699c54bf-cff5-43f5-aa7e-2b30c3c570d9 for snapshot snap26638
2023-02-28 20:10:03,218 [OMDoubleBufferFlushThread] INFO  db.RDBCheckpointManager (RDBCheckpointManager.java:createCheckpoint(96)) - Created checkpoint in rocksDB at /home/runner/work/ozone/ozone/hadoop-ozone/integration-test/target/test-dir/MiniOzoneClusterImpl-58db5c20-d6df-4fe1-a747-1f1a0fc9447e/omNode-2/db.snapshots/om.db-699c54bf-cff5-43f5-aa7e-2b30c3c570d9 in 44 milliseconds
2023-02-28 20:10:03,218 [OMDoubleBufferFlushThread] INFO  db.RDBCheckpointManager (RDBCheckpointManager.java:waitForCheckpointDirectoryExist(125)) - Waited for 0 milliseconds for checkpoint directory /home/runner/work/ozone/ozone/hadoop-ozone/integration-test/target/test-dir/MiniOzoneClusterImpl-58db5c20-d6df-4fe1-a747-1f1a0fc9447e/omNode-2/db.snapshots/om.db-699c54bf-cff5-43f5-aa7e-2b30c3c570d9 availability.
2023-02-28 20:10:03,219 [OMDoubleBufferFlushThread] INFO  om.OmSnapshotManager (OmSnapshotManager.java:createOmSnapshotCheckpoint(163)) - Created checkpoint : /home/runner/work/ozone/ozone/hadoop-ozone/integration-test/target/test-dir/MiniOzoneClusterImpl-58db5c20-d6df-4fe1-a747-1f1a0fc9447e/omNode-2/db.snapshots/om.db-699c54bf-cff5-43f5-aa7e-2b30c3c570d9 for snapshot snap26638
2023-02-28 20:10:04,174 [OM StateMachine ApplyTransaction Thread - 0] INFO  snapshot.OMSnapshotCreateRequest (OMSnapshotCreateRequest.java:validateAndUpdateCache(180)) - Created snapshot 'snap40134' under path 'vol-05074/buck-44787'
2023-02-28 20:10:04,176 [OM StateMachine ApplyTransaction Thread - 0] INFO  snapshot.OMSnapshotCreateRequest (OMSnapshotCreateRequest.java:validateAndUpdateCache(180)) - Created snapshot 'snap40134' under path 'vol-05074/buck-44787'
2023-02-28 20:10:04,182 [OM StateMachine ApplyTransaction Thread - 0] INFO  snapshot.OMSnapshotCreateRequest (OMSnapshotCreateRequest.java:validateAndUpdateCache(180)) - Created snapshot 'snap40134' under path 'vol-05074/buck-44787'
2023-02-28 20:10:04,191 [OMDoubleBufferFlushThread] INFO  db.RDBCheckpointManager (RDBCheckpointManager.java:createCheckpoint(96)) - Created checkpoint in rocksDB at /home/runner/work/ozone/ozone/hadoop-ozone/integration-test/target/test-dir/MiniOzoneClusterImpl-58db5c20-d6df-4fe1-a747-1f1a0fc9447e/omNode-1/db.snapshots/om.db-862a34e7-e46a-43c8-b7d4-1b250f2951e8 in 15 milliseconds
2023-02-28 20:10:04,192 [OMDoubleBufferFlushThread] INFO  db.RDBCheckpointManager (RDBCheckpointManager.java:waitForCheckpointDirectoryExist(125)) - Waited for 0 milliseconds for checkpoint directory /home/runner/work/ozone/ozone/hadoop-ozone/integration-test/target/test-dir/MiniOzoneClusterImpl-58db5c20-d6df-4fe1-a747-1f1a0fc9447e/omNode-1/db.snapshots/om.db-862a34e7-e46a-43c8-b7d4-1b250f2951e8 availability.
2023-02-28 20:10:04,192 [OMDoubleBufferFlushThread] INFO  om.OmSnapshotManager (OmSnapshotManager.java:createOmSnapshotCheckpoint(163)) - Created checkpoint : /home/runner/work/ozone/ozone/hadoop-ozone/integration-test/target/test-dir/MiniOzoneClusterImpl-58db5c20-d6df-4fe1-a747-1f1a0fc9447e/omNode-1/db.snapshots/om.db-862a34e7-e46a-43c8-b7d4-1b250f2951e8 for snapshot snap40134
2023-02-28 20:10:04,199 [OMDoubleBufferFlushThread] INFO  db.RDBCheckpointManager (RDBCheckpointManager.java:createCheckpoint(96)) - Created checkpoint in rocksDB at /home/runner/work/ozone/ozone/hadoop-ozone/integration-test/target/test-dir/MiniOzoneClusterImpl-58db5c20-d6df-4fe1-a747-1f1a0fc9447e/omNode-3/db.snapshots/om.db-862a34e7-e46a-43c8-b7d4-1b250f2951e8 in 22 milliseconds
2023-02-28 20:10:04,200 [OMDoubleBufferFlushThread] INFO  db.RDBCheckpointManager (RDBCheckpointManager.java:waitForCheckpointDirectoryExist(125)) - Waited for 0 milliseconds for checkpoint directory /home/runner/work/ozone/ozone/hadoop-ozone/integration-test/target/test-dir/MiniOzoneClusterImpl-58db5c20-d6df-4fe1-a747-1f1a0fc9447e/omNode-3/db.snapshots/om.db-862a34e7-e46a-43c8-b7d4-1b250f2951e8 availability.
2023-02-28 20:10:04,200 [OMDoubleBufferFlushThread] INFO  om.OmSnapshotManager (OmSnapshotManager.java:createOmSnapshotCheckpoint(163)) - Created checkpoint : /home/runner/work/ozone/ozone/hadoop-ozone/integration-test/target/test-dir/MiniOzoneClusterImpl-58db5c20-d6df-4fe1-a747-1f1a0fc9447e/omNode-3/db.snapshots/om.db-862a34e7-e46a-43c8-b7d4-1b250f2951e8 for snapshot snap40134
2023-02-28 20:10:04,201 [OMDoubleBufferFlushThread] INFO  db.RDBCheckpointManager (RDBCheckpointManager.java:createCheckpoint(96)) - Created checkpoint in rocksDB at /home/runner/work/ozone/ozone/hadoop-ozone/integration-test/target/test-dir/MiniOzoneClusterImpl-58db5c20-d6df-4fe1-a747-1f1a0fc9447e/omNode-2/db.snapshots/om.db-862a34e7-e46a-43c8-b7d4-1b250f2951e8 in 17 milliseconds
2023-02-28 20:10:04,201 [OMDoubleBufferFlushThread] INFO  db.RDBCheckpointManager (RDBCheckpointManager.java:waitForCheckpointDirectoryExist(125)) - Waited for 0 milliseconds for checkpoint directory /home/runner/work/ozone/ozone/hadoop-ozone/integration-test/target/test-dir/MiniOzoneClusterImpl-58db5c20-d6df-4fe1-a747-1f1a0fc9447e/omNode-2/db.snapshots/om.db-862a34e7-e46a-43c8-b7d4-1b250f2951e8 availability.
2023-02-28 20:10:04,201 [OMDoubleBufferFlushThread] INFO  om.OmSnapshotManager (OmSnapshotManager.java:createOmSnapshotCheckpoint(163)) - Created checkpoint : /home/runner/work/ozone/ozone/hadoop-ozone/integration-test/target/test-dir/MiniOzoneClusterImpl-58db5c20-d6df-4fe1-a747-1f1a0fc9447e/omNode-2/db.snapshots/om.db-862a34e7-e46a-43c8-b7d4-1b250f2951e8 for snapshot snap40134
]]></system-out>
  </testcase>
  <testcase name="testSnapDiffMissingMandatoryParams" classname="TestOmSnapshot" time="2.045">
    <system-out><![CDATA[2023-02-28 20:10:59,071 [Time-limited test] INFO  rpc.RpcClient (RpcClient.java:createVolume(476)) - Creating Volume: vol-93841, with runner as owner and space quota set to -1 bytes, counts quota set to -1
2023-02-28 20:10:59,074 [OM StateMachine ApplyTransaction Thread - 0] INFO  volume.OMVolumeCreateRequest (OMVolumeCreateRequest.java:validateAndUpdateCache(195)) - created volume:vol-93841 for user:runner
2023-02-28 20:10:59,075 [OM StateMachine ApplyTransaction Thread - 0] INFO  volume.OMVolumeCreateRequest (OMVolumeCreateRequest.java:validateAndUpdateCache(195)) - created volume:vol-93841 for user:runner
2023-02-28 20:10:59,076 [Time-limited test] INFO  rpc.RpcClient (RpcClient.java:createBucket(698)) - Creating Bucket: vol-93841/buck-98193, with server-side default bucket layout, runner as owner, Versioning false, Storage Type set to DISK and Encryption set to false, Replication Type set to server-side default replication type, Namespace Quota set to -1, Space Quota set to -1 
2023-02-28 20:10:59,076 [OM StateMachine ApplyTransaction Thread - 0] INFO  volume.OMVolumeCreateRequest (OMVolumeCreateRequest.java:validateAndUpdateCache(195)) - created volume:vol-93841 for user:runner
2023-02-28 20:10:59,078 [OM StateMachine ApplyTransaction Thread - 0] INFO  bucket.OMBucketCreateRequest (OMBucketCreateRequest.java:validateAndUpdateCache(263)) - created bucket: buck-98193 of layout LEGACY in volume: vol-93841
2023-02-28 20:10:59,079 [OM StateMachine ApplyTransaction Thread - 0] INFO  bucket.OMBucketCreateRequest (OMBucketCreateRequest.java:validateAndUpdateCache(263)) - created bucket: buck-98193 of layout LEGACY in volume: vol-93841
2023-02-28 20:10:59,079 [OM StateMachine ApplyTransaction Thread - 0] INFO  bucket.OMBucketCreateRequest (OMBucketCreateRequest.java:validateAndUpdateCache(263)) - created bucket: buck-98193 of layout LEGACY in volume: vol-93841
2023-02-28 20:10:59,104 [OM StateMachine ApplyTransaction Thread - 0] INFO  snapshot.OMSnapshotCreateRequest (OMSnapshotCreateRequest.java:validateAndUpdateCache(180)) - Created snapshot 'snap47560' under path 'vol-93841/buck-98193'
2023-02-28 20:10:59,104 [OM StateMachine ApplyTransaction Thread - 0] INFO  snapshot.OMSnapshotCreateRequest (OMSnapshotCreateRequest.java:validateAndUpdateCache(180)) - Created snapshot 'snap47560' under path 'vol-93841/buck-98193'
2023-02-28 20:10:59,106 [OM StateMachine ApplyTransaction Thread - 0] INFO  snapshot.OMSnapshotCreateRequest (OMSnapshotCreateRequest.java:validateAndUpdateCache(180)) - Created snapshot 'snap47560' under path 'vol-93841/buck-98193'
2023-02-28 20:10:59,140 [OMDoubleBufferFlushThread] INFO  db.RDBCheckpointManager (RDBCheckpointManager.java:createCheckpoint(96)) - Created checkpoint in rocksDB at /home/runner/work/ozone/ozone/hadoop-ozone/integration-test/target/test-dir/MiniOzoneClusterImpl-9e11fa7e-4972-4825-87e7-ebdcd03a38ce/omNode-3/db.snapshots/om.db-6fae9d95-a6da-47ec-8123-2cf60cc66d3d in 35 milliseconds
2023-02-28 20:10:59,140 [OMDoubleBufferFlushThread] INFO  db.RDBCheckpointManager (RDBCheckpointManager.java:waitForCheckpointDirectoryExist(125)) - Waited for 0 milliseconds for checkpoint directory /home/runner/work/ozone/ozone/hadoop-ozone/integration-test/target/test-dir/MiniOzoneClusterImpl-9e11fa7e-4972-4825-87e7-ebdcd03a38ce/omNode-3/db.snapshots/om.db-6fae9d95-a6da-47ec-8123-2cf60cc66d3d availability.
2023-02-28 20:10:59,140 [OMDoubleBufferFlushThread] INFO  om.OmSnapshotManager (OmSnapshotManager.java:createOmSnapshotCheckpoint(163)) - Created checkpoint : /home/runner/work/ozone/ozone/hadoop-ozone/integration-test/target/test-dir/MiniOzoneClusterImpl-9e11fa7e-4972-4825-87e7-ebdcd03a38ce/omNode-3/db.snapshots/om.db-6fae9d95-a6da-47ec-8123-2cf60cc66d3d for snapshot snap47560
2023-02-28 20:10:59,147 [OMDoubleBufferFlushThread] INFO  db.RDBCheckpointManager (RDBCheckpointManager.java:createCheckpoint(96)) - Created checkpoint in rocksDB at /home/runner/work/ozone/ozone/hadoop-ozone/integration-test/target/test-dir/MiniOzoneClusterImpl-9e11fa7e-4972-4825-87e7-ebdcd03a38ce/omNode-2/db.snapshots/om.db-6fae9d95-a6da-47ec-8123-2cf60cc66d3d in 40 milliseconds
2023-02-28 20:10:59,147 [OMDoubleBufferFlushThread] INFO  db.RDBCheckpointManager (RDBCheckpointManager.java:createCheckpoint(96)) - Created checkpoint in rocksDB at /home/runner/work/ozone/ozone/hadoop-ozone/integration-test/target/test-dir/MiniOzoneClusterImpl-9e11fa7e-4972-4825-87e7-ebdcd03a38ce/omNode-1/db.snapshots/om.db-6fae9d95-a6da-47ec-8123-2cf60cc66d3d in 41 milliseconds
2023-02-28 20:10:59,147 [OMDoubleBufferFlushThread] INFO  db.RDBCheckpointManager (RDBCheckpointManager.java:waitForCheckpointDirectoryExist(125)) - Waited for 0 milliseconds for checkpoint directory /home/runner/work/ozone/ozone/hadoop-ozone/integration-test/target/test-dir/MiniOzoneClusterImpl-9e11fa7e-4972-4825-87e7-ebdcd03a38ce/omNode-1/db.snapshots/om.db-6fae9d95-a6da-47ec-8123-2cf60cc66d3d availability.
2023-02-28 20:10:59,147 [OMDoubleBufferFlushThread] INFO  om.OmSnapshotManager (OmSnapshotManager.java:createOmSnapshotCheckpoint(163)) - Created checkpoint : /home/runner/work/ozone/ozone/hadoop-ozone/integration-test/target/test-dir/MiniOzoneClusterImpl-9e11fa7e-4972-4825-87e7-ebdcd03a38ce/omNode-1/db.snapshots/om.db-6fae9d95-a6da-47ec-8123-2cf60cc66d3d for snapshot snap47560
2023-02-28 20:10:59,148 [OMDoubleBufferFlushThread] INFO  db.RDBCheckpointManager (RDBCheckpointManager.java:waitForCheckpointDirectoryExist(125)) - Waited for 1 milliseconds for checkpoint directory /home/runner/work/ozone/ozone/hadoop-ozone/integration-test/target/test-dir/MiniOzoneClusterImpl-9e11fa7e-4972-4825-87e7-ebdcd03a38ce/omNode-2/db.snapshots/om.db-6fae9d95-a6da-47ec-8123-2cf60cc66d3d availability.
2023-02-28 20:10:59,148 [OMDoubleBufferFlushThread] INFO  om.OmSnapshotManager (OmSnapshotManager.java:createOmSnapshotCheckpoint(163)) - Created checkpoint : /home/runner/work/ozone/ozone/hadoop-ozone/integration-test/target/test-dir/MiniOzoneClusterImpl-9e11fa7e-4972-4825-87e7-ebdcd03a38ce/omNode-2/db.snapshots/om.db-6fae9d95-a6da-47ec-8123-2cf60cc66d3d for snapshot snap47560
2023-02-28 20:11:00,111 [OM StateMachine ApplyTransaction Thread - 0] INFO  snapshot.OMSnapshotCreateRequest (OMSnapshotCreateRequest.java:validateAndUpdateCache(180)) - Created snapshot 'snap43367' under path 'vol-93841/buck-98193'
2023-02-28 20:11:00,113 [OM StateMachine ApplyTransaction Thread - 0] INFO  snapshot.OMSnapshotCreateRequest (OMSnapshotCreateRequest.java:validateAndUpdateCache(180)) - Created snapshot 'snap43367' under path 'vol-93841/buck-98193'
2023-02-28 20:11:00,114 [OM StateMachine ApplyTransaction Thread - 0] INFO  snapshot.OMSnapshotCreateRequest (OMSnapshotCreateRequest.java:validateAndUpdateCache(180)) - Created snapshot 'snap43367' under path 'vol-93841/buck-98193'
2023-02-28 20:11:00,129 [OMDoubleBufferFlushThread] INFO  db.RDBCheckpointManager (RDBCheckpointManager.java:createCheckpoint(96)) - Created checkpoint in rocksDB at /home/runner/work/ozone/ozone/hadoop-ozone/integration-test/target/test-dir/MiniOzoneClusterImpl-9e11fa7e-4972-4825-87e7-ebdcd03a38ce/omNode-2/db.snapshots/om.db-64783536-a942-4598-bbe2-3c407918f87e in 15 milliseconds
2023-02-28 20:11:00,133 [OMDoubleBufferFlushThread] INFO  db.RDBCheckpointManager (RDBCheckpointManager.java:createCheckpoint(96)) - Created checkpoint in rocksDB at /home/runner/work/ozone/ozone/hadoop-ozone/integration-test/target/test-dir/MiniOzoneClusterImpl-9e11fa7e-4972-4825-87e7-ebdcd03a38ce/omNode-1/db.snapshots/om.db-64783536-a942-4598-bbe2-3c407918f87e in 20 milliseconds
2023-02-28 20:11:00,143 [OMDoubleBufferFlushThread] INFO  db.RDBCheckpointManager (RDBCheckpointManager.java:waitForCheckpointDirectoryExist(125)) - Waited for 14 milliseconds for checkpoint directory /home/runner/work/ozone/ozone/hadoop-ozone/integration-test/target/test-dir/MiniOzoneClusterImpl-9e11fa7e-4972-4825-87e7-ebdcd03a38ce/omNode-2/db.snapshots/om.db-64783536-a942-4598-bbe2-3c407918f87e availability.
2023-02-28 20:11:00,143 [OMDoubleBufferFlushThread] INFO  om.OmSnapshotManager (OmSnapshotManager.java:createOmSnapshotCheckpoint(163)) - Created checkpoint : /home/runner/work/ozone/ozone/hadoop-ozone/integration-test/target/test-dir/MiniOzoneClusterImpl-9e11fa7e-4972-4825-87e7-ebdcd03a38ce/omNode-2/db.snapshots/om.db-64783536-a942-4598-bbe2-3c407918f87e for snapshot snap43367
2023-02-28 20:11:00,144 [OMDoubleBufferFlushThread] INFO  db.RDBCheckpointManager (RDBCheckpointManager.java:waitForCheckpointDirectoryExist(125)) - Waited for 11 milliseconds for checkpoint directory /home/runner/work/ozone/ozone/hadoop-ozone/integration-test/target/test-dir/MiniOzoneClusterImpl-9e11fa7e-4972-4825-87e7-ebdcd03a38ce/omNode-1/db.snapshots/om.db-64783536-a942-4598-bbe2-3c407918f87e availability.
2023-02-28 20:11:00,144 [OMDoubleBufferFlushThread] INFO  om.OmSnapshotManager (OmSnapshotManager.java:createOmSnapshotCheckpoint(163)) - Created checkpoint : /home/runner/work/ozone/ozone/hadoop-ozone/integration-test/target/test-dir/MiniOzoneClusterImpl-9e11fa7e-4972-4825-87e7-ebdcd03a38ce/omNode-1/db.snapshots/om.db-64783536-a942-4598-bbe2-3c407918f87e for snapshot snap43367
2023-02-28 20:11:00,150 [OMDoubleBufferFlushThread] INFO  db.RDBCheckpointManager (RDBCheckpointManager.java:createCheckpoint(96)) - Created checkpoint in rocksDB at /home/runner/work/ozone/ozone/hadoop-ozone/integration-test/target/test-dir/MiniOzoneClusterImpl-9e11fa7e-4972-4825-87e7-ebdcd03a38ce/omNode-3/db.snapshots/om.db-64783536-a942-4598-bbe2-3c407918f87e in 36 milliseconds
2023-02-28 20:11:00,150 [OMDoubleBufferFlushThread] INFO  db.RDBCheckpointManager (RDBCheckpointManager.java:waitForCheckpointDirectoryExist(125)) - Waited for 0 milliseconds for checkpoint directory /home/runner/work/ozone/ozone/hadoop-ozone/integration-test/target/test-dir/MiniOzoneClusterImpl-9e11fa7e-4972-4825-87e7-ebdcd03a38ce/omNode-3/db.snapshots/om.db-64783536-a942-4598-bbe2-3c407918f87e availability.
2023-02-28 20:11:00,150 [OMDoubleBufferFlushThread] INFO  om.OmSnapshotManager (OmSnapshotManager.java:createOmSnapshotCheckpoint(163)) - Created checkpoint : /home/runner/work/ozone/ozone/hadoop-ozone/integration-test/target/test-dir/MiniOzoneClusterImpl-9e11fa7e-4972-4825-87e7-ebdcd03a38ce/omNode-3/db.snapshots/om.db-64783536-a942-4598-bbe2-3c407918f87e for snapshot snap43367
]]></system-out>
  </testcase>
</testsuite>