<?xml version="1.0" encoding="UTF-8"?>
<testsuite xmlns:xsi="http://www.w3.org/2001/XMLSchema-instance" xsi:noNamespaceSchemaLocation="https://maven.apache.org/surefire/maven-surefire-plugin/xsd/surefire-test-report-3.0.xsd" version="3.0" name="org.apache.hadoop.ozone.client.rpc.TestDeleteWithInAdequateDN" time="48.935" tests="1" errors="0" skipped="0" failures="1">
  <properties>
    <property name="awt.toolkit" value="sun.awt.X11.XToolkit"/>
    <property name="file.encoding.pkg" value="sun.io"/>
    <property name="java.specification.version" value="1.8"/>
    <property name="sun.cpu.isalist" value=""/>
    <property name="sun.jnu.encoding" value="UTF-8"/>
    <property name="gradle.enterprise.listener.surefire.forkId" value="1"/>
    <property name="java.class.path" value="/home/runner/work/ozone/ozone/hadoop-ozone/integration-test/target/test-classes:/home/runner/work/ozone/ozone/hadoop-ozone/integration-test/target/classes:/home/runner/.m2/repository/org/apache/ozone/ozone-common/1.5.0-SNAPSHOT/ozone-common-1.5.0-SNAPSHOT.jar:/home/runner/.m2/repository/io/grpc/grpc-netty/1.58.0/grpc-netty-1.58.0.jar:/home/runner/.m2/repository/io/grpc/grpc-core/1.58.0/grpc-core-1.58.0.jar:/home/runner/.m2/repository/com/google/android/annotations/4.1.1.4/annotations-4.1.1.4.jar:/home/runner/.m2/repository/org/codehaus/mojo/animal-sniffer-annotations/1.23/animal-sniffer-annotations-1.23.jar:/home/runner/.m2/repository/io/grpc/grpc-context/1.58.0/grpc-context-1.58.0.jar:/home/runner/.m2/repository/io/grpc/grpc-util/1.58.0/grpc-util-1.58.0.jar:/home/runner/.m2/repository/com/google/errorprone/error_prone_annotations/2.2.0/error_prone_annotations-2.2.0.jar:/home/runner/.m2/repository/io/perfmark/perfmark-api/0.26.0/perfmark-api-0.26.0.jar:/home/runner/.m2/repository/io/netty/netty-codec-http2/4.1.100.Final/netty-codec-http2-4.1.100.Final.jar:/home/runner/.m2/repository/io/netty/netty-common/4.1.100.Final/netty-common-4.1.100.Final.jar:/home/runner/.m2/repository/io/netty/netty-buffer/4.1.100.Final/netty-buffer-4.1.100.Final.jar:/home/runner/.m2/repository/io/netty/netty-codec-http/4.1.100.Final/netty-codec-http-4.1.100.Final.jar:/home/runner/.m2/repository/io/netty/netty-handler-proxy/4.1.100.Final/netty-handler-proxy-4.1.100.Final.jar:/home/runner/.m2/repository/io/netty/netty-codec-socks/4.1.100.Final/netty-codec-socks-4.1.100.Final.jar:/home/runner/.m2/repository/io/netty/netty-tcnative-boringssl-static/2.0.61.Final/netty-tcnative-boringssl-static-2.0.61.Final.jar:/home/runner/.m2/repository/io/netty/netty-tcnative-classes/2.0.61.Final/netty-tcnative-classes-2.0.61.Final.jar:/home/runner/.m2/repository/io/netty/netty-tcnative-boringssl-static/2.0.61.Final/netty-tcnative-boringssl-static-2.0.61.Final-linux-x86_64.jar:/home/runner/.m2/repository/io/netty/netty-tcnative-boringssl-static/2.0.61.Final/netty-tcnative-boringssl-static-2.0.61.Final-linux-aarch_64.jar:/home/runner/.m2/repository/io/netty/netty-tcnative-boringssl-static/2.0.61.Final/netty-tcnative-boringssl-static-2.0.61.Final-osx-x86_64.jar:/home/runner/.m2/repository/io/netty/netty-tcnative-boringssl-static/2.0.61.Final/netty-tcnative-boringssl-static-2.0.61.Final-osx-aarch_64.jar:/home/runner/.m2/repository/io/netty/netty-tcnative-boringssl-static/2.0.61.Final/netty-tcnative-boringssl-static-2.0.61.Final-windows-x86_64.jar:/home/runner/.m2/repository/org/apache/commons/commons-compress/1.21/commons-compress-1.21.jar:/home/runner/.m2/repository/org/apache/ozone/hdds-common/1.5.0-SNAPSHOT/hdds-common-1.5.0-SNAPSHOT.jar:/home/runner/.m2/repository/org/apache/ozone/hdds-client/1.5.0-SNAPSHOT/hdds-client-1.5.0-SNAPSHOT.jar:/home/runner/.m2/repository/org/apache/ozone/ozone-interface-client/1.5.0-SNAPSHOT/ozone-interface-client-1.5.0-SNAPSHOT.jar:/home/runner/.m2/repository/org/apache/hadoop/hadoop-hdfs-client/3.3.6/hadoop-hdfs-client-3.3.6.jar:/home/runner/.m2/repository/com/squareup/okhttp3/okhttp/4.12.0/okhttp-4.12.0.jar:/home/runner/.m2/repository/com/squareup/okio/okio/3.6.0/okio-3.6.0.jar:/home/runner/.m2/repository/com/squareup/okio/okio-jvm/3.6.0/okio-jvm-3.6.0.jar:/home/runner/.m2/repository/org/jetbrains/kotlin/kotlin-stdlib-jdk8/1.9.21/kotlin-stdlib-jdk8-1.9.21.jar:/home/runner/.m2/repository/org/jetbrains/kotlin/kotlin-stdlib-jdk7/1.9.21/kotlin-stdlib-jdk7-1.9.21.jar:/home/runner/.m2/repository/org/jetbrains/kotlin/kotlin-stdlib-common/1.9.21/kotlin-stdlib-common-1.9.21.jar:/home/runner/.m2/repository/org/apache/ozone/hdds-test-utils/1.5.0-SNAPSHOT/hdds-test-utils-1.5.0-SNAPSHOT.jar:/home/runner/.m2/repository/com/google/guava/guava/32.0.0-jre/guava-32.0.0-jre.jar:/home/runner/.m2/repository/com/google/guava/failureaccess/1.0.1/failureaccess-1.0.1.jar:/home/runner/.m2/repository/com/google/guava/listenablefuture/9999.0-empty-to-avoid-conflict-with-guava/listenablefuture-9999.0-empty-to-avoid-conflict-with-guava.jar:/home/runner/.m2/repository/com/google/code/findbugs/jsr305/3.0.0/jsr305-3.0.0.jar:/home/runner/.m2/repository/org/checkerframework/checker-qual/3.33.0/checker-qual-3.33.0.jar:/home/runner/.m2/repository/com/google/j2objc/j2objc-annotations/2.8/j2objc-annotations-2.8.jar:/home/runner/.m2/repository/commons-io/commons-io/2.11.0/commons-io-2.11.0.jar:/home/runner/.m2/repository/commons-logging/commons-logging/1.2/commons-logging-1.2.jar:/home/runner/.m2/repository/ch/qos/reload4j/reload4j/1.2.22/reload4j-1.2.22.jar:/home/runner/.m2/repository/org/slf4j/slf4j-api/1.7.36/slf4j-api-1.7.36.jar:/home/runner/.m2/repository/org/apache/logging/log4j/log4j-api/2.17.1/log4j-api-2.17.1.jar:/home/runner/.m2/repository/org/apache/ozone/hdds-server-scm/1.5.0-SNAPSHOT/hdds-server-scm-1.5.0-SNAPSHOT.jar:/home/runner/.m2/repository/org/apache/ozone/hdds-container-service/1.5.0-SNAPSHOT/hdds-container-service-1.5.0-SNAPSHOT.jar:/home/runner/.m2/repository/org/apache/ozone/hdds-hadoop-dependency-server/1.5.0-SNAPSHOT/hdds-hadoop-dependency-server-1.5.0-SNAPSHOT.jar:/home/runner/.m2/repository/org/apache/hadoop/hadoop-hdfs/3.3.6/hadoop-hdfs-3.3.6.jar:/home/runner/.m2/repository/commons-daemon/commons-daemon/1.0.13/commons-daemon-1.0.13.jar:/home/runner/.m2/repository/org/apache/ozone/hdds-server-framework/1.5.0-SNAPSHOT/hdds-server-framework-1.5.0-SNAPSHOT.jar:/home/runner/.m2/repository/io/dropwizard/metrics/metrics-core/3.2.4/metrics-core-3.2.4.jar:/home/runner/.m2/repository/org/apache/commons/commons-text/1.10.0/commons-text-1.10.0.jar:/home/runner/.m2/repository/org/bouncycastle/bcprov-jdk15on/1.67/bcprov-jdk15on-1.67.jar:/home/runner/.m2/repository/com/google/protobuf/protobuf-java/2.5.0/protobuf-java-2.5.0.jar:/home/runner/.m2/repository/org/apache/ozone/hdds-server-framework/1.5.0-SNAPSHOT/hdds-server-framework-1.5.0-SNAPSHOT-tests.jar:/home/runner/.m2/repository/org/apache/ozone/hdds-interface-server/1.5.0-SNAPSHOT/hdds-interface-server-1.5.0-SNAPSHOT.jar:/home/runner/.m2/repository/org/apache/ozone/hdds-interface-admin/1.5.0-SNAPSHOT/hdds-interface-admin-1.5.0-SNAPSHOT.jar:/home/runner/.m2/repository/org/apache/ozone/hdds-managed-rocksdb/1.5.0-SNAPSHOT/hdds-managed-rocksdb-1.5.0-SNAPSHOT.jar:/home/runner/.m2/repository/org/rocksdb/rocksdbjni/7.7.3/rocksdbjni-7.7.3.jar:/home/runner/.m2/repository/org/slf4j/slf4j-reload4j/1.7.36/slf4j-reload4j-1.7.36.jar:/home/runner/.m2/repository/org/apache/commons/commons-configuration2/2.1.1/commons-configuration2-2.1.1.jar:/home/runner/.m2/repository/commons-fileupload/commons-fileupload/1.5/commons-fileupload-1.5.jar:/home/runner/.m2/repository/org/apache/logging/log4j/log4j-core/2.17.1/log4j-core-2.17.1.jar:/home/runner/.m2/repository/com/lmax/disruptor/3.4.2/disruptor-3.4.2.jar:/home/runner/.m2/repository/org/eclipse/jetty/jetty-util/9.4.53.v20231009/jetty-util-9.4.53.v20231009.jar:/home/runner/.m2/repository/org/eclipse/jetty/jetty-server/9.4.53.v20231009/jetty-server-9.4.53.v20231009.jar:/home/runner/.m2/repository/org/eclipse/jetty/jetty-http/9.4.53.v20231009/jetty-http-9.4.53.v20231009.jar:/home/runner/.m2/repository/org/eclipse/jetty/jetty-io/9.4.53.v20231009/jetty-io-9.4.53.v20231009.jar:/home/runner/.m2/repository/org/eclipse/jetty/jetty-servlet/9.4.53.v20231009/jetty-servlet-9.4.53.v20231009.jar:/home/runner/.m2/repository/org/eclipse/jetty/jetty-security/9.4.53.v20231009/jetty-security-9.4.53.v20231009.jar:/home/runner/.m2/repository/org/eclipse/jetty/jetty-util-ajax/9.4.53.v20231009/jetty-util-ajax-9.4.53.v20231009.jar:/home/runner/.m2/repository/org/eclipse/jetty/jetty-webapp/9.4.53.v20231009/jetty-webapp-9.4.53.v20231009.jar:/home/runner/.m2/repository/org/eclipse/jetty/jetty-xml/9.4.53.v20231009/jetty-xml-9.4.53.v20231009.jar:/home/runner/.m2/repository/org/apache/ratis/ratis-server/3.0.0/ratis-server-3.0.0.jar:/home/runner/.m2/repository/org/apache/ratis/ratis-thirdparty-misc/1.0.5/ratis-thirdparty-misc-1.0.5.jar:/home/runner/.m2/repository/org/apache/ratis/ratis-proto/3.0.0/ratis-proto-3.0.0.jar:/home/runner/.m2/repository/org/apache/ratis/ratis-common/3.0.0/ratis-common-3.0.0.jar:/home/runner/.m2/repository/org/apache/ratis/ratis-client/3.0.0/ratis-client-3.0.0.jar:/home/runner/.m2/repository/org/apache/ratis/ratis-server-api/3.0.0/ratis-server-api-3.0.0.jar:/home/runner/.m2/repository/org/apache/ratis/ratis-metrics-api/3.0.0/ratis-metrics-api-3.0.0.jar:/home/runner/.m2/repository/org/apache/ratis/ratis-metrics-dropwizard3/3.0.0/ratis-metrics-dropwizard3-3.0.0.jar:/home/runner/.m2/repository/io/prometheus/simpleclient_dropwizard/0.7.0/simpleclient_dropwizard-0.7.0.jar:/home/runner/.m2/repository/io/prometheus/simpleclient/0.7.0/simpleclient-0.7.0.jar:/home/runner/.m2/repository/io/prometheus/simpleclient_common/0.7.0/simpleclient_common-0.7.0.jar:/home/runner/.m2/repository/com/fasterxml/jackson/datatype/jackson-datatype-jsr310/2.13.4/jackson-datatype-jsr310-2.13.4.jar:/home/runner/.m2/repository/com/fasterxml/jackson/core/jackson-core/2.13.4/jackson-core-2.13.4.jar:/home/runner/.m2/repository/org/apache/ozone/rocksdb-checkpoint-differ/1.5.0-SNAPSHOT/rocksdb-checkpoint-differ-1.5.0-SNAPSHOT.jar:/home/runner/.m2/repository/org/jgrapht/jgrapht-core/1.0.1/jgrapht-core-1.0.1.jar:/home/runner/.m2/repository/org/jgrapht/jgrapht-ext/1.0.1/jgrapht-ext-1.0.1.jar:/home/runner/.m2/repository/org/tinyjee/jgraphx/jgraphx/2.0.0.1/jgraphx-2.0.0.1.jar:/home/runner/.m2/repository/jgraph/jgraph/5.13.0.0/jgraph-5.13.0.0.jar:/home/runner/.m2/repository/org/antlr/antlr4-runtime/4.5.3/antlr4-runtime-4.5.3.jar:/home/runner/.m2/repository/org/awaitility/awaitility/4.2.0/awaitility-4.2.0.jar:/home/runner/.m2/repository/org/hamcrest/hamcrest/2.1/hamcrest-2.1.jar:/home/runner/.m2/repository/org/apache/ozone/ozone-manager/1.5.0-SNAPSHOT/ozone-manager-1.5.0-SNAPSHOT.jar:/home/runner/.m2/repository/org/aspectj/aspectjrt/1.9.7/aspectjrt-1.9.7.jar:/home/runner/.m2/repository/org/aspectj/aspectjweaver/1.9.7/aspectjweaver-1.9.7.jar:/home/runner/.m2/repository/org/apache/ozone/hdds-interface-client/1.5.0-SNAPSHOT/hdds-interface-client-1.5.0-SNAPSHOT.jar:/home/runner/.m2/repository/org/apache/hadoop/thirdparty/hadoop-shaded-protobuf_3_7/1.1.1/hadoop-shaded-protobuf_3_7-1.1.1.jar:/home/runner/.m2/repository/org/apache/ozone/ozone-interface-storage/1.5.0-SNAPSHOT/ozone-interface-storage-1.5.0-SNAPSHOT.jar:/home/runner/.m2/repository/org/reflections/reflections/0.9.11/reflections-0.9.11.jar:/home/runner/.m2/repository/com/sun/jersey/jersey-client/1.19.4/jersey-client-1.19.4.jar:/home/runner/.m2/repository/org/codehaus/jackson/jackson-core-asl/1.9.13/jackson-core-asl-1.9.13.jar:/home/runner/.m2/repository/org/codehaus/jackson/jackson-mapper-asl/1.9.13/jackson-mapper-asl-1.9.13.jar:/home/runner/.m2/repository/org/codehaus/jackson/jackson-jaxrs/1.9.13/jackson-jaxrs-1.9.13.jar:/home/runner/.m2/repository/org/apache/ranger/ranger-intg/2.3.0/ranger-intg-2.3.0.jar:/home/runner/.m2/repository/org/apache/ranger/ranger-plugins-common/2.3.0/ranger-plugins-common-2.3.0.jar:/home/runner/.m2/repository/commons-lang/commons-lang/2.6/commons-lang-2.6.jar:/home/runner/.m2/repository/org/apache/ranger/ranger-plugins-cred/2.3.0/ranger-plugins-cred-2.3.0.jar:/home/runner/.m2/repository/org/apache/ranger/ranger-plugins-audit/2.3.0/ranger-plugins-audit-2.3.0.jar:/home/runner/.m2/repository/org/eclipse/jetty/jetty-client/9.4.53.v20231009/jetty-client-9.4.53.v20231009.jar:/home/runner/.m2/repository/org/apache/httpcomponents/httpmime/4.5.6/httpmime-4.5.6.jar:/home/runner/.m2/repository/org/apache/httpcomponents/httpcore-nio/4.4.16/httpcore-nio-4.4.16.jar:/home/runner/.m2/repository/org/apache/httpcomponents/httpasyncclient/4.1.3/httpasyncclient-4.1.3.jar:/home/runner/.m2/repository/com/carrotsearch/hppc/0.8.0/hppc-0.8.0.jar:/home/runner/.m2/repository/org/apache/orc/orc-core/1.5.8/orc-core-1.5.8.jar:/home/runner/.m2/repository/net/java/dev/jna/jna/5.2.0/jna-5.2.0.jar:/home/runner/.m2/repository/net/java/dev/jna/jna-platform/5.2.0/jna-platform-5.2.0.jar:/home/runner/.m2/repository/com/kstruct/gethostname4j/0.0.2/gethostname4j-0.0.2.jar:/home/runner/.m2/repository/org/apache/ranger/ranger-plugin-classloader/2.3.0/ranger-plugin-classloader-2.3.0.jar:/home/runner/.m2/repository/org/apache/ozone/hdds-rocks-native/1.5.0-SNAPSHOT/hdds-rocks-native-1.5.0-SNAPSHOT.jar:/home/runner/.m2/repository/org/apache/hadoop/hadoop-minikdc/3.3.6/hadoop-minikdc-3.3.6.jar:/home/runner/.m2/repository/org/apache/kerby/kerb-simplekdc/1.0.1/kerb-simplekdc-1.0.1.jar:/home/runner/.m2/repository/org/apache/kerby/kerb-client/1.0.1/kerb-client-1.0.1.jar:/home/runner/.m2/repository/org/apache/kerby/kerby-config/1.0.1/kerby-config-1.0.1.jar:/home/runner/.m2/repository/org/apache/kerby/kerb-common/1.0.1/kerb-common-1.0.1.jar:/home/runner/.m2/repository/org/apache/kerby/kerb-crypto/1.0.1/kerb-crypto-1.0.1.jar:/home/runner/.m2/repository/org/apache/kerby/kerb-util/1.0.1/kerb-util-1.0.1.jar:/home/runner/.m2/repository/org/apache/kerby/token-provider/1.0.1/token-provider-1.0.1.jar:/home/runner/.m2/repository/org/apache/kerby/kerb-admin/1.0.1/kerb-admin-1.0.1.jar:/home/runner/.m2/repository/org/apache/kerby/kerb-server/1.0.1/kerb-server-1.0.1.jar:/home/runner/.m2/repository/org/apache/kerby/kerb-identity/1.0.1/kerb-identity-1.0.1.jar:/home/runner/.m2/repository/org/apache/kerby/kerby-xdr/1.0.1/kerby-xdr-1.0.1.jar:/home/runner/.m2/repository/org/apache/ozone/ozone-s3gateway/1.5.0-SNAPSHOT/ozone-s3gateway-1.5.0-SNAPSHOT.jar:/home/runner/.m2/repository/org/javassist/javassist/3.21.0-GA/javassist-3.21.0-GA.jar:/home/runner/.m2/repository/org/jboss/weld/servlet/weld-servlet-shaded/3.1.9.Final/weld-servlet-shaded-3.1.9.Final.jar:/home/runner/.m2/repository/org/glassfish/jersey/containers/jersey-container-servlet-core/2.41/jersey-container-servlet-core-2.41.jar:/home/runner/.m2/repository/org/glassfish/hk2/external/jakarta.inject/2.6.1/jakarta.inject-2.6.1.jar:/home/runner/.m2/repository/org/glassfish/jersey/core/jersey-common/2.41/jersey-common-2.41.jar:/home/runner/.m2/repository/jakarta/ws/rs/jakarta.ws.rs-api/2.1.6/jakarta.ws.rs-api-2.1.6.jar:/home/runner/.m2/repository/org/glassfish/jersey/ext/cdi/jersey-cdi1x/2.41/jersey-cdi1x-2.41.jar:/home/runner/.m2/repository/org/glassfish/jersey/inject/jersey-hk2/2.41/jersey-hk2-2.41.jar:/home/runner/.m2/repository/org/glassfish/hk2/hk2-locator/2.6.1/hk2-locator-2.6.1.jar:/home/runner/.m2/repository/org/glassfish/jersey/media/jersey-media-jaxb/2.41/jersey-media-jaxb-2.41.jar:/home/runner/.m2/repository/org/glassfish/hk2/osgi-resource-locator/1.0.3/osgi-resource-locator-1.0.3.jar:/home/runner/.m2/repository/org/glassfish/hk2/hk2-api/2.5.0/hk2-api-2.5.0.jar:/home/runner/.m2/repository/org/glassfish/hk2/hk2-utils/2.5.0/hk2-utils-2.5.0.jar:/home/runner/.m2/repository/org/glassfish/hk2/external/aopalliance-repackaged/2.5.0/aopalliance-repackaged-2.5.0.jar:/home/runner/.m2/repository/com/fasterxml/jackson/dataformat/jackson-dataformat-xml/2.13.4/jackson-dataformat-xml-2.13.4.jar:/home/runner/.m2/repository/org/codehaus/woodstox/stax2-api/4.2.2/stax2-api-4.2.2.jar:/home/runner/.m2/repository/com/fasterxml/woodstox/woodstox-core/5.4.0/woodstox-core-5.4.0.jar:/home/runner/.m2/repository/com/fasterxml/jackson/module/jackson-module-jaxb-annotations/2.13.4/jackson-module-jaxb-annotations-2.13.4.jar:/home/runner/.m2/repository/jakarta/xml/bind/jakarta.xml.bind-api/2.3.3/jakarta.xml.bind-api-2.3.3.jar:/home/runner/.m2/repository/jakarta/activation/jakarta.activation-api/1.2.2/jakarta.activation-api-1.2.2.jar:/home/runner/.m2/repository/javax/enterprise/cdi-api/2.0/cdi-api-2.0.jar:/home/runner/.m2/repository/javax/el/javax.el-api/3.0.0/javax.el-api-3.0.0.jar:/home/runner/.m2/repository/javax/interceptor/javax.interceptor-api/1.2/javax.interceptor-api-1.2.jar:/home/runner/.m2/repository/javax/inject/javax.inject/1/javax.inject-1.jar:/home/runner/.m2/repository/javax/xml/bind/jaxb-api/2.3.0/jaxb-api-2.3.0.jar:/home/runner/.m2/repository/org/glassfish/jaxb/jaxb-runtime/2.3.0.1/jaxb-runtime-2.3.0.1.jar:/home/runner/.m2/repository/org/glassfish/jaxb/jaxb-core/2.3.0.1/jaxb-core-2.3.0.1.jar:/home/runner/.m2/repository/org/glassfish/jaxb/txw2/2.3.0.1/txw2-2.3.0.1.jar:/home/runner/.m2/repository/com/sun/istack/istack-commons-runtime/3.0.5/istack-commons-runtime-3.0.5.jar:/home/runner/.m2/repository/org/jvnet/staxex/stax-ex/1.7.8/stax-ex-1.7.8.jar:/home/runner/.m2/repository/com/sun/xml/fastinfoset/FastInfoset/1.2.13/FastInfoset-1.2.13.jar:/home/runner/.m2/repository/javax/activation/activation/1.1.1/activation-1.1.1.jar:/home/runner/.m2/repository/io/grpc/grpc-protobuf/1.58.0/grpc-protobuf-1.58.0.jar:/home/runner/.m2/repository/com/google/api/grpc/proto-google-common-protos/2.22.0/proto-google-common-protos-2.22.0.jar:/home/runner/.m2/repository/io/grpc/grpc-protobuf-lite/1.58.0/grpc-protobuf-lite-1.58.0.jar:/home/runner/.m2/repository/io/grpc/grpc-stub/1.58.0/grpc-stub-1.58.0.jar:/home/runner/.m2/repository/io/netty/netty-transport/4.1.100.Final/netty-transport-4.1.100.Final.jar:/home/runner/.m2/repository/io/netty/netty-resolver/4.1.100.Final/netty-resolver-4.1.100.Final.jar:/home/runner/.m2/repository/org/apache/ozone/ozone-csi/1.5.0-SNAPSHOT/ozone-csi-1.5.0-SNAPSHOT.jar:/home/runner/.m2/repository/com/google/protobuf/protobuf-java-util/3.19.6/protobuf-java-util-3.19.6.jar:/home/runner/.m2/repository/com/google/code/gson/gson/2.9.0/gson-2.9.0.jar:/home/runner/.m2/repository/org/apache/ozone/hdds-config/1.5.0-SNAPSHOT/hdds-config-1.5.0-SNAPSHOT.jar:/home/runner/.m2/repository/io/netty/netty-transport-native-epoll/4.1.100.Final/netty-transport-native-epoll-4.1.100.Final-linux-x86_64.jar:/home/runner/.m2/repository/io/netty/netty-transport-classes-epoll/4.1.100.Final/netty-transport-classes-epoll-4.1.100.Final.jar:/home/runner/.m2/repository/io/netty/netty-transport-native-unix-common/4.1.100.Final/netty-transport-native-unix-common-4.1.100.Final.jar:/home/runner/.m2/repository/org/apache/ozone/ozone-recon/1.5.0-SNAPSHOT/ozone-recon-1.5.0-SNAPSHOT.jar:/home/runner/.m2/repository/org/apache/ozone/ozone-reconcodegen/1.5.0-SNAPSHOT/ozone-reconcodegen-1.5.0-SNAPSHOT.jar:/home/runner/.m2/repository/com/google/inject/guice/5.1.0/guice-5.1.0.jar:/home/runner/.m2/repository/aopalliance/aopalliance/1.0/aopalliance-1.0.jar:/home/runner/.m2/repository/com/google/inject/extensions/guice-assistedinject/5.1.0/guice-assistedinject-5.1.0.jar:/home/runner/.m2/repository/com/google/inject/extensions/guice-servlet/5.1.0/guice-servlet-5.1.0.jar:/home/runner/.m2/repository/org/glassfish/jersey/containers/jersey-container-servlet/2.41/jersey-container-servlet-2.41.jar:/home/runner/.m2/repository/org/glassfish/hk2/guice-bridge/2.5.0/guice-bridge-2.5.0.jar:/home/runner/.m2/repository/org/glassfish/jersey/core/jersey-server/2.41/jersey-server-2.41.jar:/home/runner/.m2/repository/org/glassfish/jersey/core/jersey-client/2.41/jersey-client-2.41.jar:/home/runner/.m2/repository/jakarta/annotation/jakarta.annotation-api/1.3.5/jakarta.annotation-api-1.3.5.jar:/home/runner/.m2/repository/jakarta/validation/jakarta.validation-api/2.0.2/jakarta.validation-api-2.0.2.jar:/home/runner/.m2/repository/org/glassfish/jersey/media/jersey-media-json-jackson/2.41/jersey-media-json-jackson-2.41.jar:/home/runner/.m2/repository/org/glassfish/jersey/ext/jersey-entity-filtering/2.41/jersey-entity-filtering-2.41.jar:/home/runner/.m2/repository/org/jooq/jooq/3.11.10/jooq-3.11.10.jar:/home/runner/.m2/repository/org/jooq/jooq-meta/3.11.10/jooq-meta-3.11.10.jar:/home/runner/.m2/repository/org/jooq/jooq-codegen/3.11.10/jooq-codegen-3.11.10.jar:/home/runner/.m2/repository/com/jolbox/bonecp/0.8.0.RELEASE/bonecp-0.8.0.RELEASE.jar:/home/runner/.m2/repository/org/apache/derby/derby/10.14.2.0/derby-10.14.2.0.jar:/home/runner/.m2/repository/org/xerial/sqlite-jdbc/3.44.1.0/sqlite-jdbc-3.44.1.0.jar:/home/runner/.m2/repository/org/springframework/spring-jdbc/5.3.27/spring-jdbc-5.3.27.jar:/home/runner/.m2/repository/org/springframework/spring-beans/5.3.27/spring-beans-5.3.27.jar:/home/runner/.m2/repository/org/springframework/spring-core/5.3.27/spring-core-5.3.27.jar:/home/runner/.m2/repository/org/springframework/spring-tx/5.3.27/spring-tx-5.3.27.jar:/home/runner/.m2/repository/org/apache/ozone/ozone-client/1.5.0-SNAPSHOT/ozone-client-1.5.0-SNAPSHOT.jar:/home/runner/.m2/repository/org/apache/ozone/hdds-erasurecode/1.5.0-SNAPSHOT/hdds-erasurecode-1.5.0-SNAPSHOT.jar:/home/runner/.m2/repository/org/apache/ozone/ozone-filesystem/1.5.0-SNAPSHOT/ozone-filesystem-1.5.0-SNAPSHOT.jar:/home/runner/.m2/repository/org/apache/ozone/ozone-filesystem-common/1.5.0-SNAPSHOT/ozone-filesystem-common-1.5.0-SNAPSHOT.jar:/home/runner/.m2/repository/org/apache/ozone/ozone-tools/1.5.0-SNAPSHOT/ozone-tools-1.5.0-SNAPSHOT.jar:/home/runner/.m2/repository/com/amazonaws/aws-java-sdk-core/1.12.261/aws-java-sdk-core-1.12.261.jar:/home/runner/.m2/repository/org/apache/httpcomponents/httpclient/4.5.13/httpclient-4.5.13.jar:/home/runner/.m2/repository/org/apache/httpcomponents/httpcore/4.4.16/httpcore-4.4.16.jar:/home/runner/.m2/repository/software/amazon/ion/ion-java/1.0.2/ion-java-1.0.2.jar:/home/runner/.m2/repository/com/fasterxml/jackson/dataformat/jackson-dataformat-cbor/2.13.4/jackson-dataformat-cbor-2.13.4.jar:/home/runner/.m2/repository/joda-time/joda-time/2.12.5/joda-time-2.12.5.jar:/home/runner/.m2/repository/com/amazonaws/aws-java-sdk-s3/1.12.261/aws-java-sdk-s3-1.12.261.jar:/home/runner/.m2/repository/com/amazonaws/aws-java-sdk-kms/1.12.261/aws-java-sdk-kms-1.12.261.jar:/home/runner/.m2/repository/com/amazonaws/jmespath-java/1.12.261/jmespath-java-1.12.261.jar:/home/runner/.m2/repository/org/kohsuke/metainf-services/metainf-services/1.8/metainf-services-1.8.jar:/home/runner/.m2/repository/org/apache/ozone/hdds-tools/1.5.0-SNAPSHOT/hdds-tools-1.5.0-SNAPSHOT.jar:/home/runner/.m2/repository/org/apache/ratis/ratis-tools/3.0.0/ratis-tools-3.0.0.jar:/home/runner/.m2/repository/commons-cli/commons-cli/1.6.0/commons-cli-1.6.0.jar:/home/runner/.m2/repository/org/apache/commons/commons-lang3/3.7/commons-lang3-3.7.jar:/home/runner/.m2/repository/org/apache/ozone/ozone-manager/1.5.0-SNAPSHOT/ozone-manager-1.5.0-SNAPSHOT-tests.jar:/home/runner/.m2/repository/org/apache/ozone/hdds-common/1.5.0-SNAPSHOT/hdds-common-1.5.0-SNAPSHOT-tests.jar:/home/runner/.m2/repository/org/apache/ozone/hdds-hadoop-dependency-client/1.5.0-SNAPSHOT/hdds-hadoop-dependency-client-1.5.0-SNAPSHOT.jar:/home/runner/.m2/repository/info/picocli/picocli/4.7.5/picocli-4.7.5.jar:/home/runner/.m2/repository/com/fasterxml/jackson/core/jackson-annotations/2.13.4/jackson-annotations-2.13.4.jar:/home/runner/.m2/repository/org/apache/ozone/hdds-annotation-processing/1.5.0-SNAPSHOT/hdds-annotation-processing-1.5.0-SNAPSHOT.jar:/home/runner/.m2/repository/javax/annotation/javax.annotation-api/1.3.2/javax.annotation-api-1.3.2.jar:/home/runner/.m2/repository/org/apache/ratis/ratis-netty/3.0.0/ratis-netty-3.0.0.jar:/home/runner/.m2/repository/org/apache/ratis/ratis-grpc/3.0.0/ratis-grpc-3.0.0.jar:/home/runner/.m2/repository/org/apache/commons/commons-pool2/2.6.0/commons-pool2-2.6.0.jar:/home/runner/.m2/repository/org/bouncycastle/bcpkix-jdk15on/1.67/bcpkix-jdk15on-1.67.jar:/home/runner/.m2/repository/commons-validator/commons-validator/1.6/commons-validator-1.6.jar:/home/runner/.m2/repository/commons-beanutils/commons-beanutils/1.9.4/commons-beanutils-1.9.4.jar:/home/runner/.m2/repository/commons-digester/commons-digester/1.8.1/commons-digester-1.8.1.jar:/home/runner/.m2/repository/commons-collections/commons-collections/3.2.2/commons-collections-3.2.2.jar:/home/runner/.m2/repository/io/jaegertracing/jaeger-client/1.6.0/jaeger-client-1.6.0.jar:/home/runner/.m2/repository/io/jaegertracing/jaeger-thrift/1.6.0/jaeger-thrift-1.6.0.jar:/home/runner/.m2/repository/org/apache/thrift/libthrift/0.14.1/libthrift-0.14.1.jar:/home/runner/.m2/repository/io/jaegertracing/jaeger-core/1.6.0/jaeger-core-1.6.0.jar:/home/runner/.m2/repository/io/jaegertracing/jaeger-tracerresolver/1.6.0/jaeger-tracerresolver-1.6.0.jar:/home/runner/.m2/repository/io/opentracing/contrib/opentracing-tracerresolver/0.1.8/opentracing-tracerresolver-0.1.8.jar:/home/runner/.m2/repository/org/jetbrains/kotlin/kotlin-stdlib/1.9.21/kotlin-stdlib-1.9.21.jar:/home/runner/.m2/repository/org/jetbrains/annotations/13.0/annotations-13.0.jar:/home/runner/.m2/repository/io/opentracing/opentracing-util/0.33.0/opentracing-util-0.33.0.jar:/home/runner/.m2/repository/io/opentracing/opentracing-api/0.33.0/opentracing-api-0.33.0.jar:/home/runner/.m2/repository/io/opentracing/opentracing-noop/0.33.0/opentracing-noop-0.33.0.jar:/home/runner/.m2/repository/org/yaml/snakeyaml/2.0/snakeyaml-2.0.jar:/home/runner/.m2/repository/io/grpc/grpc-api/1.58.0/grpc-api-1.58.0.jar:/home/runner/.m2/repository/junit/junit/4.13.1/junit-4.13.1.jar:/home/runner/.m2/repository/org/hamcrest/hamcrest-core/1.3/hamcrest-core-1.3.jar:/home/runner/.m2/repository/org/junit/jupiter/junit-jupiter-api/5.10.1/junit-jupiter-api-5.10.1.jar:/home/runner/.m2/repository/org/opentest4j/opentest4j/1.3.0/opentest4j-1.3.0.jar:/home/runner/.m2/repository/org/junit/platform/junit-platform-commons/1.10.1/junit-platform-commons-1.10.1.jar:/home/runner/.m2/repository/org/apiguardian/apiguardian-api/1.1.2/apiguardian-api-1.1.2.jar:/home/runner/.m2/repository/org/junit/jupiter/junit-jupiter-params/5.10.1/junit-jupiter-params-5.10.1.jar:/home/runner/.m2/repository/org/junit/jupiter/junit-jupiter-migrationsupport/5.10.1/junit-jupiter-migrationsupport-5.10.1.jar:/home/runner/.m2/repository/org/junit/jupiter/junit-jupiter-engine/5.10.1/junit-jupiter-engine-5.10.1.jar:/home/runner/.m2/repository/org/junit/platform/junit-platform-engine/1.10.1/junit-platform-engine-1.10.1.jar:/home/runner/.m2/repository/org/junit/vintage/junit-vintage-engine/5.10.1/junit-vintage-engine-5.10.1.jar:/home/runner/.m2/repository/org/junit/platform/junit-platform-launcher/1.10.1/junit-platform-launcher-1.10.1.jar:/home/runner/.m2/repository/org/mockito/mockito-core/3.5.9/mockito-core-3.5.9.jar:/home/runner/.m2/repository/net/bytebuddy/byte-buddy/1.10.13/byte-buddy-1.10.13.jar:/home/runner/.m2/repository/net/bytebuddy/byte-buddy-agent/1.10.13/byte-buddy-agent-1.10.13.jar:/home/runner/.m2/repository/org/objenesis/objenesis/1.0/objenesis-1.0.jar:/home/runner/.m2/repository/org/apache/hadoop/hadoop-kms/3.3.6/hadoop-kms-3.3.6.jar:/home/runner/.m2/repository/org/apache/hadoop/hadoop-auth/3.3.6/hadoop-auth-3.3.6.jar:/home/runner/.m2/repository/com/nimbusds/nimbus-jose-jwt/9.8.1/nimbus-jose-jwt-9.8.1.jar:/home/runner/.m2/repository/com/github/stephenc/jcip/jcip-annotations/1.0-1/jcip-annotations-1.0-1.jar:/home/runner/.m2/repository/org/apache/zookeeper/zookeeper/3.7.2/zookeeper-3.7.2.jar:/home/runner/.m2/repository/org/apache/zookeeper/zookeeper-jute/3.7.2/zookeeper-jute-3.7.2.jar:/home/runner/.m2/repository/org/apache/yetus/audience-annotations/0.12.0/audience-annotations-0.12.0.jar:/home/runner/.m2/repository/org/apache/curator/curator-framework/4.2.0/curator-framework-4.2.0.jar:/home/runner/.m2/repository/org/apache/hadoop/thirdparty/hadoop-shaded-guava/1.1.1/hadoop-shaded-guava-1.1.1.jar:/home/runner/.m2/repository/com/sun/jersey/jersey-core/1.19.4/jersey-core-1.19.4.jar:/home/runner/.m2/repository/javax/ws/rs/jsr311-api/1.1.1/jsr311-api-1.1.1.jar:/home/runner/.m2/repository/com/sun/jersey/jersey-server/1.19.4/jersey-server-1.19.4.jar:/home/runner/.m2/repository/javax/servlet/javax.servlet-api/3.1.0/javax.servlet-api-3.1.0.jar:/home/runner/.m2/repository/org/apache/hadoop/hadoop-common/3.3.6/hadoop-common-3.3.6.jar:/home/runner/.m2/repository/org/apache/commons/commons-math3/3.1.1/commons-math3-3.1.1.jar:/home/runner/.m2/repository/commons-net/commons-net/3.10.0/commons-net-3.10.0.jar:/home/runner/.m2/repository/com/sun/jersey/jersey-servlet/1.19.4/jersey-servlet-1.19.4.jar:/home/runner/.m2/repository/com/github/pjfanning/jersey-json/1.20/jersey-json-1.20.jar:/home/runner/.m2/repository/org/codehaus/jettison/jettison/1.1/jettison-1.1.jar:/home/runner/.m2/repository/com/sun/xml/bind/jaxb-impl/2.2.3-1/jaxb-impl-2.2.3-1.jar:/home/runner/.m2/repository/com/google/re2j/re2j/1.1/re2j-1.1.jar:/home/runner/.m2/repository/com/jcraft/jsch/0.1.54/jsch-0.1.54.jar:/home/runner/.m2/repository/org/apache/curator/curator-client/4.2.0/curator-client-4.2.0.jar:/home/runner/.m2/repository/org/apache/curator/curator-recipes/5.2.0/curator-recipes-5.2.0.jar:/home/runner/.m2/repository/org/apache/kerby/kerb-core/1.0.1/kerb-core-1.0.1.jar:/home/runner/.m2/repository/org/apache/kerby/kerby-pkix/1.0.1/kerby-pkix-1.0.1.jar:/home/runner/.m2/repository/org/apache/kerby/kerby-asn1/1.0.1/kerby-asn1-1.0.1.jar:/home/runner/.m2/repository/org/apache/kerby/kerby-util/1.0.1/kerby-util-1.0.1.jar:/home/runner/.m2/repository/dnsjava/dnsjava/2.1.7/dnsjava-2.1.7.jar:/home/runner/.m2/repository/org/xerial/snappy/snappy-java/1.1.8.2/snappy-java-1.1.8.2.jar:/home/runner/.m2/repository/com/fasterxml/jackson/core/jackson-databind/2.13.4.2/jackson-databind-2.13.4.2.jar:/home/runner/.m2/repository/org/apache/hadoop/hadoop-kms/3.3.6/hadoop-kms-3.3.6-tests.jar:/home/runner/.m2/repository/org/apache/ozone/hdds-server-scm/1.5.0-SNAPSHOT/hdds-server-scm-1.5.0-SNAPSHOT-tests.jar:/home/runner/.m2/repository/org/apache/ozone/hdds-container-service/1.5.0-SNAPSHOT/hdds-container-service-1.5.0-SNAPSHOT-tests.jar:/home/runner/.m2/repository/com/github/luben/zstd-jni/1.5.2-5/zstd-jni-1.5.2-5.jar:/home/runner/.m2/repository/commons-codec/commons-codec/1.15/commons-codec-1.15.jar:/home/runner/.m2/repository/io/netty/netty-codec/4.1.100.Final/netty-codec-4.1.100.Final.jar:/home/runner/.m2/repository/io/netty/netty-handler/4.1.100.Final/netty-handler-4.1.100.Final.jar:/home/runner/.m2/repository/org/apache/ozone/hdds-hadoop-dependency-test/1.5.0-SNAPSHOT/hdds-hadoop-dependency-test-1.5.0-SNAPSHOT.jar:/home/runner/.m2/repository/org/apache/hadoop/hadoop-common/3.3.6/hadoop-common-3.3.6-tests.jar:/home/runner/.m2/repository/org/apache/hadoop/hadoop-hdfs/3.3.6/hadoop-hdfs-3.3.6-tests.jar:/home/runner/.m2/repository/org/assertj/assertj-core/3.12.2/assertj-core-3.12.2.jar:/home/runner/.m2/repository/org/apache/hadoop/hadoop-distcp/3.3.6/hadoop-distcp-3.3.6.jar:/home/runner/.m2/repository/org/apache/hadoop/hadoop-mapreduce-client-jobclient/3.3.6/hadoop-mapreduce-client-jobclient-3.3.6.jar:/home/runner/.m2/repository/org/apache/hadoop/hadoop-mapreduce-client-common/3.3.6/hadoop-mapreduce-client-common-3.3.6.jar:/home/runner/.m2/repository/org/apache/hadoop/hadoop-yarn-common/3.3.6/hadoop-yarn-common-3.3.6.jar:/home/runner/.m2/repository/org/apache/hadoop/hadoop-yarn-api/3.3.6/hadoop-yarn-api-3.3.6.jar:/home/runner/.m2/repository/com/sun/jersey/contribs/jersey-guice/1.19.4/jersey-guice-1.19.4.jar:/home/runner/.m2/repository/com/fasterxml/jackson/jaxrs/jackson-jaxrs-json-provider/2.13.4/jackson-jaxrs-json-provider-2.13.4.jar:/home/runner/.m2/repository/com/fasterxml/jackson/jaxrs/jackson-jaxrs-base/2.13.4/jackson-jaxrs-base-2.13.4.jar:/home/runner/.m2/repository/org/apache/hadoop/hadoop-yarn-client/3.3.6/hadoop-yarn-client-3.3.6.jar:/home/runner/.m2/repository/org/eclipse/jetty/websocket/websocket-client/9.4.51.v20230217/websocket-client-9.4.51.v20230217.jar:/home/runner/.m2/repository/org/eclipse/jetty/websocket/websocket-common/9.4.51.v20230217/websocket-common-9.4.51.v20230217.jar:/home/runner/.m2/repository/org/eclipse/jetty/websocket/websocket-api/9.4.51.v20230217/websocket-api-9.4.51.v20230217.jar:/home/runner/.m2/repository/org/jline/jline/3.9.0/jline-3.9.0.jar:/home/runner/.m2/repository/org/apache/hadoop/hadoop-mapreduce-client-core/3.3.6/hadoop-mapreduce-client-core-3.3.6.jar:/home/runner/.m2/repository/org/apache/avro/avro/1.7.7/avro-1.7.7.jar:/home/runner/.m2/repository/com/thoughtworks/paranamer/paranamer/2.3/paranamer-2.3.jar:/home/runner/.m2/repository/org/apache/hadoop/hadoop-annotations/3.3.6/hadoop-annotations-3.3.6.jar:/usr/lib/jvm/temurin-8-jdk-amd64/jre/../lib/tools.jar:/home/runner/.m2/repository/io/netty/netty/3.10.6.Final/netty-3.10.6.Final.jar:/home/runner/.m2/repository/org/apache/hadoop/hadoop-distcp/3.3.6/hadoop-distcp-3.3.6-tests.jar:/home/runner/.m2/repository/org/slf4j/jul-to-slf4j/1.7.36/jul-to-slf4j-1.7.36.jar:/home/runner/work/ozone/ozone/hadoop-ozone/integration-test/target/gradle-enterprise/test-listeners.jar:"/>
    <property name="java.vm.vendor" value="Temurin"/>
    <property name="sun.arch.data.model" value="64"/>
    <property name="test.build.dir" value="/home/runner/work/ozone/ozone/hadoop-ozone/integration-test/target/test-dir"/>
    <property name="test.cache.data" value=""/>
    <property name="java.vendor.url" value="https://adoptium.net/"/>
    <property name="user.timezone" value="Etc/UTC"/>
    <property name="os.name" value="Linux"/>
    <property name="java.vm.specification.version" value="1.8"/>
    <property name="test.build.data" value="/home/runner/work/ozone/ozone/hadoop-ozone/integration-test/target/test-dir"/>
    <property name="sun.java.launcher" value="SUN_STANDARD"/>
    <property name="sun.boot.library.path" value="/usr/lib/jvm/temurin-8-jdk-amd64/jre/lib/amd64"/>
    <property name="sun.java.command" value="/home/runner/work/ozone/ozone/hadoop-ozone/integration-test/target/surefire/surefirebooter-20231218185312531_506.jar /home/runner/work/ozone/ozone/hadoop-ozone/integration-test/target/surefire 2023-12-18T18-53-10_988-jvmRun1 surefire-20231218185312531_504tmp surefire_19-20231218185312531_505tmp"/>
    <property name="native.lib.tmp.dir" value="/tmp"/>
    <property name="surefire.test.class.path" value="/home/runner/work/ozone/ozone/hadoop-ozone/integration-test/target/test-classes:/home/runner/work/ozone/ozone/hadoop-ozone/integration-test/target/classes:/home/runner/.m2/repository/org/apache/ozone/ozone-common/1.5.0-SNAPSHOT/ozone-common-1.5.0-SNAPSHOT.jar:/home/runner/.m2/repository/io/grpc/grpc-netty/1.58.0/grpc-netty-1.58.0.jar:/home/runner/.m2/repository/io/grpc/grpc-core/1.58.0/grpc-core-1.58.0.jar:/home/runner/.m2/repository/com/google/android/annotations/4.1.1.4/annotations-4.1.1.4.jar:/home/runner/.m2/repository/org/codehaus/mojo/animal-sniffer-annotations/1.23/animal-sniffer-annotations-1.23.jar:/home/runner/.m2/repository/io/grpc/grpc-context/1.58.0/grpc-context-1.58.0.jar:/home/runner/.m2/repository/io/grpc/grpc-util/1.58.0/grpc-util-1.58.0.jar:/home/runner/.m2/repository/com/google/errorprone/error_prone_annotations/2.2.0/error_prone_annotations-2.2.0.jar:/home/runner/.m2/repository/io/perfmark/perfmark-api/0.26.0/perfmark-api-0.26.0.jar:/home/runner/.m2/repository/io/netty/netty-codec-http2/4.1.100.Final/netty-codec-http2-4.1.100.Final.jar:/home/runner/.m2/repository/io/netty/netty-common/4.1.100.Final/netty-common-4.1.100.Final.jar:/home/runner/.m2/repository/io/netty/netty-buffer/4.1.100.Final/netty-buffer-4.1.100.Final.jar:/home/runner/.m2/repository/io/netty/netty-codec-http/4.1.100.Final/netty-codec-http-4.1.100.Final.jar:/home/runner/.m2/repository/io/netty/netty-handler-proxy/4.1.100.Final/netty-handler-proxy-4.1.100.Final.jar:/home/runner/.m2/repository/io/netty/netty-codec-socks/4.1.100.Final/netty-codec-socks-4.1.100.Final.jar:/home/runner/.m2/repository/io/netty/netty-tcnative-boringssl-static/2.0.61.Final/netty-tcnative-boringssl-static-2.0.61.Final.jar:/home/runner/.m2/repository/io/netty/netty-tcnative-classes/2.0.61.Final/netty-tcnative-classes-2.0.61.Final.jar:/home/runner/.m2/repository/io/netty/netty-tcnative-boringssl-static/2.0.61.Final/netty-tcnative-boringssl-static-2.0.61.Final-linux-x86_64.jar:/home/runner/.m2/repository/io/netty/netty-tcnative-boringssl-static/2.0.61.Final/netty-tcnative-boringssl-static-2.0.61.Final-linux-aarch_64.jar:/home/runner/.m2/repository/io/netty/netty-tcnative-boringssl-static/2.0.61.Final/netty-tcnative-boringssl-static-2.0.61.Final-osx-x86_64.jar:/home/runner/.m2/repository/io/netty/netty-tcnative-boringssl-static/2.0.61.Final/netty-tcnative-boringssl-static-2.0.61.Final-osx-aarch_64.jar:/home/runner/.m2/repository/io/netty/netty-tcnative-boringssl-static/2.0.61.Final/netty-tcnative-boringssl-static-2.0.61.Final-windows-x86_64.jar:/home/runner/.m2/repository/org/apache/commons/commons-compress/1.21/commons-compress-1.21.jar:/home/runner/.m2/repository/org/apache/ozone/hdds-common/1.5.0-SNAPSHOT/hdds-common-1.5.0-SNAPSHOT.jar:/home/runner/.m2/repository/org/apache/ozone/hdds-client/1.5.0-SNAPSHOT/hdds-client-1.5.0-SNAPSHOT.jar:/home/runner/.m2/repository/org/apache/ozone/ozone-interface-client/1.5.0-SNAPSHOT/ozone-interface-client-1.5.0-SNAPSHOT.jar:/home/runner/.m2/repository/org/apache/hadoop/hadoop-hdfs-client/3.3.6/hadoop-hdfs-client-3.3.6.jar:/home/runner/.m2/repository/com/squareup/okhttp3/okhttp/4.12.0/okhttp-4.12.0.jar:/home/runner/.m2/repository/com/squareup/okio/okio/3.6.0/okio-3.6.0.jar:/home/runner/.m2/repository/com/squareup/okio/okio-jvm/3.6.0/okio-jvm-3.6.0.jar:/home/runner/.m2/repository/org/jetbrains/kotlin/kotlin-stdlib-jdk8/1.9.21/kotlin-stdlib-jdk8-1.9.21.jar:/home/runner/.m2/repository/org/jetbrains/kotlin/kotlin-stdlib-jdk7/1.9.21/kotlin-stdlib-jdk7-1.9.21.jar:/home/runner/.m2/repository/org/jetbrains/kotlin/kotlin-stdlib-common/1.9.21/kotlin-stdlib-common-1.9.21.jar:/home/runner/.m2/repository/org/apache/ozone/hdds-test-utils/1.5.0-SNAPSHOT/hdds-test-utils-1.5.0-SNAPSHOT.jar:/home/runner/.m2/repository/com/google/guava/guava/32.0.0-jre/guava-32.0.0-jre.jar:/home/runner/.m2/repository/com/google/guava/failureaccess/1.0.1/failureaccess-1.0.1.jar:/home/runner/.m2/repository/com/google/guava/listenablefuture/9999.0-empty-to-avoid-conflict-with-guava/listenablefuture-9999.0-empty-to-avoid-conflict-with-guava.jar:/home/runner/.m2/repository/com/google/code/findbugs/jsr305/3.0.0/jsr305-3.0.0.jar:/home/runner/.m2/repository/org/checkerframework/checker-qual/3.33.0/checker-qual-3.33.0.jar:/home/runner/.m2/repository/com/google/j2objc/j2objc-annotations/2.8/j2objc-annotations-2.8.jar:/home/runner/.m2/repository/commons-io/commons-io/2.11.0/commons-io-2.11.0.jar:/home/runner/.m2/repository/commons-logging/commons-logging/1.2/commons-logging-1.2.jar:/home/runner/.m2/repository/ch/qos/reload4j/reload4j/1.2.22/reload4j-1.2.22.jar:/home/runner/.m2/repository/org/slf4j/slf4j-api/1.7.36/slf4j-api-1.7.36.jar:/home/runner/.m2/repository/org/apache/logging/log4j/log4j-api/2.17.1/log4j-api-2.17.1.jar:/home/runner/.m2/repository/org/apache/ozone/hdds-server-scm/1.5.0-SNAPSHOT/hdds-server-scm-1.5.0-SNAPSHOT.jar:/home/runner/.m2/repository/org/apache/ozone/hdds-container-service/1.5.0-SNAPSHOT/hdds-container-service-1.5.0-SNAPSHOT.jar:/home/runner/.m2/repository/org/apache/ozone/hdds-hadoop-dependency-server/1.5.0-SNAPSHOT/hdds-hadoop-dependency-server-1.5.0-SNAPSHOT.jar:/home/runner/.m2/repository/org/apache/hadoop/hadoop-hdfs/3.3.6/hadoop-hdfs-3.3.6.jar:/home/runner/.m2/repository/commons-daemon/commons-daemon/1.0.13/commons-daemon-1.0.13.jar:/home/runner/.m2/repository/org/apache/ozone/hdds-server-framework/1.5.0-SNAPSHOT/hdds-server-framework-1.5.0-SNAPSHOT.jar:/home/runner/.m2/repository/io/dropwizard/metrics/metrics-core/3.2.4/metrics-core-3.2.4.jar:/home/runner/.m2/repository/org/apache/commons/commons-text/1.10.0/commons-text-1.10.0.jar:/home/runner/.m2/repository/org/bouncycastle/bcprov-jdk15on/1.67/bcprov-jdk15on-1.67.jar:/home/runner/.m2/repository/com/google/protobuf/protobuf-java/2.5.0/protobuf-java-2.5.0.jar:/home/runner/.m2/repository/org/apache/ozone/hdds-server-framework/1.5.0-SNAPSHOT/hdds-server-framework-1.5.0-SNAPSHOT-tests.jar:/home/runner/.m2/repository/org/apache/ozone/hdds-interface-server/1.5.0-SNAPSHOT/hdds-interface-server-1.5.0-SNAPSHOT.jar:/home/runner/.m2/repository/org/apache/ozone/hdds-interface-admin/1.5.0-SNAPSHOT/hdds-interface-admin-1.5.0-SNAPSHOT.jar:/home/runner/.m2/repository/org/apache/ozone/hdds-managed-rocksdb/1.5.0-SNAPSHOT/hdds-managed-rocksdb-1.5.0-SNAPSHOT.jar:/home/runner/.m2/repository/org/rocksdb/rocksdbjni/7.7.3/rocksdbjni-7.7.3.jar:/home/runner/.m2/repository/org/slf4j/slf4j-reload4j/1.7.36/slf4j-reload4j-1.7.36.jar:/home/runner/.m2/repository/org/apache/commons/commons-configuration2/2.1.1/commons-configuration2-2.1.1.jar:/home/runner/.m2/repository/commons-fileupload/commons-fileupload/1.5/commons-fileupload-1.5.jar:/home/runner/.m2/repository/org/apache/logging/log4j/log4j-core/2.17.1/log4j-core-2.17.1.jar:/home/runner/.m2/repository/com/lmax/disruptor/3.4.2/disruptor-3.4.2.jar:/home/runner/.m2/repository/org/eclipse/jetty/jetty-util/9.4.53.v20231009/jetty-util-9.4.53.v20231009.jar:/home/runner/.m2/repository/org/eclipse/jetty/jetty-server/9.4.53.v20231009/jetty-server-9.4.53.v20231009.jar:/home/runner/.m2/repository/org/eclipse/jetty/jetty-http/9.4.53.v20231009/jetty-http-9.4.53.v20231009.jar:/home/runner/.m2/repository/org/eclipse/jetty/jetty-io/9.4.53.v20231009/jetty-io-9.4.53.v20231009.jar:/home/runner/.m2/repository/org/eclipse/jetty/jetty-servlet/9.4.53.v20231009/jetty-servlet-9.4.53.v20231009.jar:/home/runner/.m2/repository/org/eclipse/jetty/jetty-security/9.4.53.v20231009/jetty-security-9.4.53.v20231009.jar:/home/runner/.m2/repository/org/eclipse/jetty/jetty-util-ajax/9.4.53.v20231009/jetty-util-ajax-9.4.53.v20231009.jar:/home/runner/.m2/repository/org/eclipse/jetty/jetty-webapp/9.4.53.v20231009/jetty-webapp-9.4.53.v20231009.jar:/home/runner/.m2/repository/org/eclipse/jetty/jetty-xml/9.4.53.v20231009/jetty-xml-9.4.53.v20231009.jar:/home/runner/.m2/repository/org/apache/ratis/ratis-server/3.0.0/ratis-server-3.0.0.jar:/home/runner/.m2/repository/org/apache/ratis/ratis-thirdparty-misc/1.0.5/ratis-thirdparty-misc-1.0.5.jar:/home/runner/.m2/repository/org/apache/ratis/ratis-proto/3.0.0/ratis-proto-3.0.0.jar:/home/runner/.m2/repository/org/apache/ratis/ratis-common/3.0.0/ratis-common-3.0.0.jar:/home/runner/.m2/repository/org/apache/ratis/ratis-client/3.0.0/ratis-client-3.0.0.jar:/home/runner/.m2/repository/org/apache/ratis/ratis-server-api/3.0.0/ratis-server-api-3.0.0.jar:/home/runner/.m2/repository/org/apache/ratis/ratis-metrics-api/3.0.0/ratis-metrics-api-3.0.0.jar:/home/runner/.m2/repository/org/apache/ratis/ratis-metrics-dropwizard3/3.0.0/ratis-metrics-dropwizard3-3.0.0.jar:/home/runner/.m2/repository/io/prometheus/simpleclient_dropwizard/0.7.0/simpleclient_dropwizard-0.7.0.jar:/home/runner/.m2/repository/io/prometheus/simpleclient/0.7.0/simpleclient-0.7.0.jar:/home/runner/.m2/repository/io/prometheus/simpleclient_common/0.7.0/simpleclient_common-0.7.0.jar:/home/runner/.m2/repository/com/fasterxml/jackson/datatype/jackson-datatype-jsr310/2.13.4/jackson-datatype-jsr310-2.13.4.jar:/home/runner/.m2/repository/com/fasterxml/jackson/core/jackson-core/2.13.4/jackson-core-2.13.4.jar:/home/runner/.m2/repository/org/apache/ozone/rocksdb-checkpoint-differ/1.5.0-SNAPSHOT/rocksdb-checkpoint-differ-1.5.0-SNAPSHOT.jar:/home/runner/.m2/repository/org/jgrapht/jgrapht-core/1.0.1/jgrapht-core-1.0.1.jar:/home/runner/.m2/repository/org/jgrapht/jgrapht-ext/1.0.1/jgrapht-ext-1.0.1.jar:/home/runner/.m2/repository/org/tinyjee/jgraphx/jgraphx/2.0.0.1/jgraphx-2.0.0.1.jar:/home/runner/.m2/repository/jgraph/jgraph/5.13.0.0/jgraph-5.13.0.0.jar:/home/runner/.m2/repository/org/antlr/antlr4-runtime/4.5.3/antlr4-runtime-4.5.3.jar:/home/runner/.m2/repository/org/awaitility/awaitility/4.2.0/awaitility-4.2.0.jar:/home/runner/.m2/repository/org/hamcrest/hamcrest/2.1/hamcrest-2.1.jar:/home/runner/.m2/repository/org/apache/ozone/ozone-manager/1.5.0-SNAPSHOT/ozone-manager-1.5.0-SNAPSHOT.jar:/home/runner/.m2/repository/org/aspectj/aspectjrt/1.9.7/aspectjrt-1.9.7.jar:/home/runner/.m2/repository/org/aspectj/aspectjweaver/1.9.7/aspectjweaver-1.9.7.jar:/home/runner/.m2/repository/org/apache/ozone/hdds-interface-client/1.5.0-SNAPSHOT/hdds-interface-client-1.5.0-SNAPSHOT.jar:/home/runner/.m2/repository/org/apache/hadoop/thirdparty/hadoop-shaded-protobuf_3_7/1.1.1/hadoop-shaded-protobuf_3_7-1.1.1.jar:/home/runner/.m2/repository/org/apache/ozone/ozone-interface-storage/1.5.0-SNAPSHOT/ozone-interface-storage-1.5.0-SNAPSHOT.jar:/home/runner/.m2/repository/org/reflections/reflections/0.9.11/reflections-0.9.11.jar:/home/runner/.m2/repository/com/sun/jersey/jersey-client/1.19.4/jersey-client-1.19.4.jar:/home/runner/.m2/repository/org/codehaus/jackson/jackson-core-asl/1.9.13/jackson-core-asl-1.9.13.jar:/home/runner/.m2/repository/org/codehaus/jackson/jackson-mapper-asl/1.9.13/jackson-mapper-asl-1.9.13.jar:/home/runner/.m2/repository/org/codehaus/jackson/jackson-jaxrs/1.9.13/jackson-jaxrs-1.9.13.jar:/home/runner/.m2/repository/org/apache/ranger/ranger-intg/2.3.0/ranger-intg-2.3.0.jar:/home/runner/.m2/repository/org/apache/ranger/ranger-plugins-common/2.3.0/ranger-plugins-common-2.3.0.jar:/home/runner/.m2/repository/commons-lang/commons-lang/2.6/commons-lang-2.6.jar:/home/runner/.m2/repository/org/apache/ranger/ranger-plugins-cred/2.3.0/ranger-plugins-cred-2.3.0.jar:/home/runner/.m2/repository/org/apache/ranger/ranger-plugins-audit/2.3.0/ranger-plugins-audit-2.3.0.jar:/home/runner/.m2/repository/org/eclipse/jetty/jetty-client/9.4.53.v20231009/jetty-client-9.4.53.v20231009.jar:/home/runner/.m2/repository/org/apache/httpcomponents/httpmime/4.5.6/httpmime-4.5.6.jar:/home/runner/.m2/repository/org/apache/httpcomponents/httpcore-nio/4.4.16/httpcore-nio-4.4.16.jar:/home/runner/.m2/repository/org/apache/httpcomponents/httpasyncclient/4.1.3/httpasyncclient-4.1.3.jar:/home/runner/.m2/repository/com/carrotsearch/hppc/0.8.0/hppc-0.8.0.jar:/home/runner/.m2/repository/org/apache/orc/orc-core/1.5.8/orc-core-1.5.8.jar:/home/runner/.m2/repository/net/java/dev/jna/jna/5.2.0/jna-5.2.0.jar:/home/runner/.m2/repository/net/java/dev/jna/jna-platform/5.2.0/jna-platform-5.2.0.jar:/home/runner/.m2/repository/com/kstruct/gethostname4j/0.0.2/gethostname4j-0.0.2.jar:/home/runner/.m2/repository/org/apache/ranger/ranger-plugin-classloader/2.3.0/ranger-plugin-classloader-2.3.0.jar:/home/runner/.m2/repository/org/apache/ozone/hdds-rocks-native/1.5.0-SNAPSHOT/hdds-rocks-native-1.5.0-SNAPSHOT.jar:/home/runner/.m2/repository/org/apache/hadoop/hadoop-minikdc/3.3.6/hadoop-minikdc-3.3.6.jar:/home/runner/.m2/repository/org/apache/kerby/kerb-simplekdc/1.0.1/kerb-simplekdc-1.0.1.jar:/home/runner/.m2/repository/org/apache/kerby/kerb-client/1.0.1/kerb-client-1.0.1.jar:/home/runner/.m2/repository/org/apache/kerby/kerby-config/1.0.1/kerby-config-1.0.1.jar:/home/runner/.m2/repository/org/apache/kerby/kerb-common/1.0.1/kerb-common-1.0.1.jar:/home/runner/.m2/repository/org/apache/kerby/kerb-crypto/1.0.1/kerb-crypto-1.0.1.jar:/home/runner/.m2/repository/org/apache/kerby/kerb-util/1.0.1/kerb-util-1.0.1.jar:/home/runner/.m2/repository/org/apache/kerby/token-provider/1.0.1/token-provider-1.0.1.jar:/home/runner/.m2/repository/org/apache/kerby/kerb-admin/1.0.1/kerb-admin-1.0.1.jar:/home/runner/.m2/repository/org/apache/kerby/kerb-server/1.0.1/kerb-server-1.0.1.jar:/home/runner/.m2/repository/org/apache/kerby/kerb-identity/1.0.1/kerb-identity-1.0.1.jar:/home/runner/.m2/repository/org/apache/kerby/kerby-xdr/1.0.1/kerby-xdr-1.0.1.jar:/home/runner/.m2/repository/org/apache/ozone/ozone-s3gateway/1.5.0-SNAPSHOT/ozone-s3gateway-1.5.0-SNAPSHOT.jar:/home/runner/.m2/repository/org/javassist/javassist/3.21.0-GA/javassist-3.21.0-GA.jar:/home/runner/.m2/repository/org/jboss/weld/servlet/weld-servlet-shaded/3.1.9.Final/weld-servlet-shaded-3.1.9.Final.jar:/home/runner/.m2/repository/org/glassfish/jersey/containers/jersey-container-servlet-core/2.41/jersey-container-servlet-core-2.41.jar:/home/runner/.m2/repository/org/glassfish/hk2/external/jakarta.inject/2.6.1/jakarta.inject-2.6.1.jar:/home/runner/.m2/repository/org/glassfish/jersey/core/jersey-common/2.41/jersey-common-2.41.jar:/home/runner/.m2/repository/jakarta/ws/rs/jakarta.ws.rs-api/2.1.6/jakarta.ws.rs-api-2.1.6.jar:/home/runner/.m2/repository/org/glassfish/jersey/ext/cdi/jersey-cdi1x/2.41/jersey-cdi1x-2.41.jar:/home/runner/.m2/repository/org/glassfish/jersey/inject/jersey-hk2/2.41/jersey-hk2-2.41.jar:/home/runner/.m2/repository/org/glassfish/hk2/hk2-locator/2.6.1/hk2-locator-2.6.1.jar:/home/runner/.m2/repository/org/glassfish/jersey/media/jersey-media-jaxb/2.41/jersey-media-jaxb-2.41.jar:/home/runner/.m2/repository/org/glassfish/hk2/osgi-resource-locator/1.0.3/osgi-resource-locator-1.0.3.jar:/home/runner/.m2/repository/org/glassfish/hk2/hk2-api/2.5.0/hk2-api-2.5.0.jar:/home/runner/.m2/repository/org/glassfish/hk2/hk2-utils/2.5.0/hk2-utils-2.5.0.jar:/home/runner/.m2/repository/org/glassfish/hk2/external/aopalliance-repackaged/2.5.0/aopalliance-repackaged-2.5.0.jar:/home/runner/.m2/repository/com/fasterxml/jackson/dataformat/jackson-dataformat-xml/2.13.4/jackson-dataformat-xml-2.13.4.jar:/home/runner/.m2/repository/org/codehaus/woodstox/stax2-api/4.2.2/stax2-api-4.2.2.jar:/home/runner/.m2/repository/com/fasterxml/woodstox/woodstox-core/5.4.0/woodstox-core-5.4.0.jar:/home/runner/.m2/repository/com/fasterxml/jackson/module/jackson-module-jaxb-annotations/2.13.4/jackson-module-jaxb-annotations-2.13.4.jar:/home/runner/.m2/repository/jakarta/xml/bind/jakarta.xml.bind-api/2.3.3/jakarta.xml.bind-api-2.3.3.jar:/home/runner/.m2/repository/jakarta/activation/jakarta.activation-api/1.2.2/jakarta.activation-api-1.2.2.jar:/home/runner/.m2/repository/javax/enterprise/cdi-api/2.0/cdi-api-2.0.jar:/home/runner/.m2/repository/javax/el/javax.el-api/3.0.0/javax.el-api-3.0.0.jar:/home/runner/.m2/repository/javax/interceptor/javax.interceptor-api/1.2/javax.interceptor-api-1.2.jar:/home/runner/.m2/repository/javax/inject/javax.inject/1/javax.inject-1.jar:/home/runner/.m2/repository/javax/xml/bind/jaxb-api/2.3.0/jaxb-api-2.3.0.jar:/home/runner/.m2/repository/org/glassfish/jaxb/jaxb-runtime/2.3.0.1/jaxb-runtime-2.3.0.1.jar:/home/runner/.m2/repository/org/glassfish/jaxb/jaxb-core/2.3.0.1/jaxb-core-2.3.0.1.jar:/home/runner/.m2/repository/org/glassfish/jaxb/txw2/2.3.0.1/txw2-2.3.0.1.jar:/home/runner/.m2/repository/com/sun/istack/istack-commons-runtime/3.0.5/istack-commons-runtime-3.0.5.jar:/home/runner/.m2/repository/org/jvnet/staxex/stax-ex/1.7.8/stax-ex-1.7.8.jar:/home/runner/.m2/repository/com/sun/xml/fastinfoset/FastInfoset/1.2.13/FastInfoset-1.2.13.jar:/home/runner/.m2/repository/javax/activation/activation/1.1.1/activation-1.1.1.jar:/home/runner/.m2/repository/io/grpc/grpc-protobuf/1.58.0/grpc-protobuf-1.58.0.jar:/home/runner/.m2/repository/com/google/api/grpc/proto-google-common-protos/2.22.0/proto-google-common-protos-2.22.0.jar:/home/runner/.m2/repository/io/grpc/grpc-protobuf-lite/1.58.0/grpc-protobuf-lite-1.58.0.jar:/home/runner/.m2/repository/io/grpc/grpc-stub/1.58.0/grpc-stub-1.58.0.jar:/home/runner/.m2/repository/io/netty/netty-transport/4.1.100.Final/netty-transport-4.1.100.Final.jar:/home/runner/.m2/repository/io/netty/netty-resolver/4.1.100.Final/netty-resolver-4.1.100.Final.jar:/home/runner/.m2/repository/org/apache/ozone/ozone-csi/1.5.0-SNAPSHOT/ozone-csi-1.5.0-SNAPSHOT.jar:/home/runner/.m2/repository/com/google/protobuf/protobuf-java-util/3.19.6/protobuf-java-util-3.19.6.jar:/home/runner/.m2/repository/com/google/code/gson/gson/2.9.0/gson-2.9.0.jar:/home/runner/.m2/repository/org/apache/ozone/hdds-config/1.5.0-SNAPSHOT/hdds-config-1.5.0-SNAPSHOT.jar:/home/runner/.m2/repository/io/netty/netty-transport-native-epoll/4.1.100.Final/netty-transport-native-epoll-4.1.100.Final-linux-x86_64.jar:/home/runner/.m2/repository/io/netty/netty-transport-classes-epoll/4.1.100.Final/netty-transport-classes-epoll-4.1.100.Final.jar:/home/runner/.m2/repository/io/netty/netty-transport-native-unix-common/4.1.100.Final/netty-transport-native-unix-common-4.1.100.Final.jar:/home/runner/.m2/repository/org/apache/ozone/ozone-recon/1.5.0-SNAPSHOT/ozone-recon-1.5.0-SNAPSHOT.jar:/home/runner/.m2/repository/org/apache/ozone/ozone-reconcodegen/1.5.0-SNAPSHOT/ozone-reconcodegen-1.5.0-SNAPSHOT.jar:/home/runner/.m2/repository/com/google/inject/guice/5.1.0/guice-5.1.0.jar:/home/runner/.m2/repository/aopalliance/aopalliance/1.0/aopalliance-1.0.jar:/home/runner/.m2/repository/com/google/inject/extensions/guice-assistedinject/5.1.0/guice-assistedinject-5.1.0.jar:/home/runner/.m2/repository/com/google/inject/extensions/guice-servlet/5.1.0/guice-servlet-5.1.0.jar:/home/runner/.m2/repository/org/glassfish/jersey/containers/jersey-container-servlet/2.41/jersey-container-servlet-2.41.jar:/home/runner/.m2/repository/org/glassfish/hk2/guice-bridge/2.5.0/guice-bridge-2.5.0.jar:/home/runner/.m2/repository/org/glassfish/jersey/core/jersey-server/2.41/jersey-server-2.41.jar:/home/runner/.m2/repository/org/glassfish/jersey/core/jersey-client/2.41/jersey-client-2.41.jar:/home/runner/.m2/repository/jakarta/annotation/jakarta.annotation-api/1.3.5/jakarta.annotation-api-1.3.5.jar:/home/runner/.m2/repository/jakarta/validation/jakarta.validation-api/2.0.2/jakarta.validation-api-2.0.2.jar:/home/runner/.m2/repository/org/glassfish/jersey/media/jersey-media-json-jackson/2.41/jersey-media-json-jackson-2.41.jar:/home/runner/.m2/repository/org/glassfish/jersey/ext/jersey-entity-filtering/2.41/jersey-entity-filtering-2.41.jar:/home/runner/.m2/repository/org/jooq/jooq/3.11.10/jooq-3.11.10.jar:/home/runner/.m2/repository/org/jooq/jooq-meta/3.11.10/jooq-meta-3.11.10.jar:/home/runner/.m2/repository/org/jooq/jooq-codegen/3.11.10/jooq-codegen-3.11.10.jar:/home/runner/.m2/repository/com/jolbox/bonecp/0.8.0.RELEASE/bonecp-0.8.0.RELEASE.jar:/home/runner/.m2/repository/org/apache/derby/derby/10.14.2.0/derby-10.14.2.0.jar:/home/runner/.m2/repository/org/xerial/sqlite-jdbc/3.44.1.0/sqlite-jdbc-3.44.1.0.jar:/home/runner/.m2/repository/org/springframework/spring-jdbc/5.3.27/spring-jdbc-5.3.27.jar:/home/runner/.m2/repository/org/springframework/spring-beans/5.3.27/spring-beans-5.3.27.jar:/home/runner/.m2/repository/org/springframework/spring-core/5.3.27/spring-core-5.3.27.jar:/home/runner/.m2/repository/org/springframework/spring-tx/5.3.27/spring-tx-5.3.27.jar:/home/runner/.m2/repository/org/apache/ozone/ozone-client/1.5.0-SNAPSHOT/ozone-client-1.5.0-SNAPSHOT.jar:/home/runner/.m2/repository/org/apache/ozone/hdds-erasurecode/1.5.0-SNAPSHOT/hdds-erasurecode-1.5.0-SNAPSHOT.jar:/home/runner/.m2/repository/org/apache/ozone/ozone-filesystem/1.5.0-SNAPSHOT/ozone-filesystem-1.5.0-SNAPSHOT.jar:/home/runner/.m2/repository/org/apache/ozone/ozone-filesystem-common/1.5.0-SNAPSHOT/ozone-filesystem-common-1.5.0-SNAPSHOT.jar:/home/runner/.m2/repository/org/apache/ozone/ozone-tools/1.5.0-SNAPSHOT/ozone-tools-1.5.0-SNAPSHOT.jar:/home/runner/.m2/repository/com/amazonaws/aws-java-sdk-core/1.12.261/aws-java-sdk-core-1.12.261.jar:/home/runner/.m2/repository/org/apache/httpcomponents/httpclient/4.5.13/httpclient-4.5.13.jar:/home/runner/.m2/repository/org/apache/httpcomponents/httpcore/4.4.16/httpcore-4.4.16.jar:/home/runner/.m2/repository/software/amazon/ion/ion-java/1.0.2/ion-java-1.0.2.jar:/home/runner/.m2/repository/com/fasterxml/jackson/dataformat/jackson-dataformat-cbor/2.13.4/jackson-dataformat-cbor-2.13.4.jar:/home/runner/.m2/repository/joda-time/joda-time/2.12.5/joda-time-2.12.5.jar:/home/runner/.m2/repository/com/amazonaws/aws-java-sdk-s3/1.12.261/aws-java-sdk-s3-1.12.261.jar:/home/runner/.m2/repository/com/amazonaws/aws-java-sdk-kms/1.12.261/aws-java-sdk-kms-1.12.261.jar:/home/runner/.m2/repository/com/amazonaws/jmespath-java/1.12.261/jmespath-java-1.12.261.jar:/home/runner/.m2/repository/org/kohsuke/metainf-services/metainf-services/1.8/metainf-services-1.8.jar:/home/runner/.m2/repository/org/apache/ozone/hdds-tools/1.5.0-SNAPSHOT/hdds-tools-1.5.0-SNAPSHOT.jar:/home/runner/.m2/repository/org/apache/ratis/ratis-tools/3.0.0/ratis-tools-3.0.0.jar:/home/runner/.m2/repository/commons-cli/commons-cli/1.6.0/commons-cli-1.6.0.jar:/home/runner/.m2/repository/org/apache/commons/commons-lang3/3.7/commons-lang3-3.7.jar:/home/runner/.m2/repository/org/apache/ozone/ozone-manager/1.5.0-SNAPSHOT/ozone-manager-1.5.0-SNAPSHOT-tests.jar:/home/runner/.m2/repository/org/apache/ozone/hdds-common/1.5.0-SNAPSHOT/hdds-common-1.5.0-SNAPSHOT-tests.jar:/home/runner/.m2/repository/org/apache/ozone/hdds-hadoop-dependency-client/1.5.0-SNAPSHOT/hdds-hadoop-dependency-client-1.5.0-SNAPSHOT.jar:/home/runner/.m2/repository/info/picocli/picocli/4.7.5/picocli-4.7.5.jar:/home/runner/.m2/repository/com/fasterxml/jackson/core/jackson-annotations/2.13.4/jackson-annotations-2.13.4.jar:/home/runner/.m2/repository/org/apache/ozone/hdds-annotation-processing/1.5.0-SNAPSHOT/hdds-annotation-processing-1.5.0-SNAPSHOT.jar:/home/runner/.m2/repository/javax/annotation/javax.annotation-api/1.3.2/javax.annotation-api-1.3.2.jar:/home/runner/.m2/repository/org/apache/ratis/ratis-netty/3.0.0/ratis-netty-3.0.0.jar:/home/runner/.m2/repository/org/apache/ratis/ratis-grpc/3.0.0/ratis-grpc-3.0.0.jar:/home/runner/.m2/repository/org/apache/commons/commons-pool2/2.6.0/commons-pool2-2.6.0.jar:/home/runner/.m2/repository/org/bouncycastle/bcpkix-jdk15on/1.67/bcpkix-jdk15on-1.67.jar:/home/runner/.m2/repository/commons-validator/commons-validator/1.6/commons-validator-1.6.jar:/home/runner/.m2/repository/commons-beanutils/commons-beanutils/1.9.4/commons-beanutils-1.9.4.jar:/home/runner/.m2/repository/commons-digester/commons-digester/1.8.1/commons-digester-1.8.1.jar:/home/runner/.m2/repository/commons-collections/commons-collections/3.2.2/commons-collections-3.2.2.jar:/home/runner/.m2/repository/io/jaegertracing/jaeger-client/1.6.0/jaeger-client-1.6.0.jar:/home/runner/.m2/repository/io/jaegertracing/jaeger-thrift/1.6.0/jaeger-thrift-1.6.0.jar:/home/runner/.m2/repository/org/apache/thrift/libthrift/0.14.1/libthrift-0.14.1.jar:/home/runner/.m2/repository/io/jaegertracing/jaeger-core/1.6.0/jaeger-core-1.6.0.jar:/home/runner/.m2/repository/io/jaegertracing/jaeger-tracerresolver/1.6.0/jaeger-tracerresolver-1.6.0.jar:/home/runner/.m2/repository/io/opentracing/contrib/opentracing-tracerresolver/0.1.8/opentracing-tracerresolver-0.1.8.jar:/home/runner/.m2/repository/org/jetbrains/kotlin/kotlin-stdlib/1.9.21/kotlin-stdlib-1.9.21.jar:/home/runner/.m2/repository/org/jetbrains/annotations/13.0/annotations-13.0.jar:/home/runner/.m2/repository/io/opentracing/opentracing-util/0.33.0/opentracing-util-0.33.0.jar:/home/runner/.m2/repository/io/opentracing/opentracing-api/0.33.0/opentracing-api-0.33.0.jar:/home/runner/.m2/repository/io/opentracing/opentracing-noop/0.33.0/opentracing-noop-0.33.0.jar:/home/runner/.m2/repository/org/yaml/snakeyaml/2.0/snakeyaml-2.0.jar:/home/runner/.m2/repository/io/grpc/grpc-api/1.58.0/grpc-api-1.58.0.jar:/home/runner/.m2/repository/junit/junit/4.13.1/junit-4.13.1.jar:/home/runner/.m2/repository/org/hamcrest/hamcrest-core/1.3/hamcrest-core-1.3.jar:/home/runner/.m2/repository/org/junit/jupiter/junit-jupiter-api/5.10.1/junit-jupiter-api-5.10.1.jar:/home/runner/.m2/repository/org/opentest4j/opentest4j/1.3.0/opentest4j-1.3.0.jar:/home/runner/.m2/repository/org/junit/platform/junit-platform-commons/1.10.1/junit-platform-commons-1.10.1.jar:/home/runner/.m2/repository/org/apiguardian/apiguardian-api/1.1.2/apiguardian-api-1.1.2.jar:/home/runner/.m2/repository/org/junit/jupiter/junit-jupiter-params/5.10.1/junit-jupiter-params-5.10.1.jar:/home/runner/.m2/repository/org/junit/jupiter/junit-jupiter-migrationsupport/5.10.1/junit-jupiter-migrationsupport-5.10.1.jar:/home/runner/.m2/repository/org/junit/jupiter/junit-jupiter-engine/5.10.1/junit-jupiter-engine-5.10.1.jar:/home/runner/.m2/repository/org/junit/platform/junit-platform-engine/1.10.1/junit-platform-engine-1.10.1.jar:/home/runner/.m2/repository/org/junit/vintage/junit-vintage-engine/5.10.1/junit-vintage-engine-5.10.1.jar:/home/runner/.m2/repository/org/junit/platform/junit-platform-launcher/1.10.1/junit-platform-launcher-1.10.1.jar:/home/runner/.m2/repository/org/mockito/mockito-core/3.5.9/mockito-core-3.5.9.jar:/home/runner/.m2/repository/net/bytebuddy/byte-buddy/1.10.13/byte-buddy-1.10.13.jar:/home/runner/.m2/repository/net/bytebuddy/byte-buddy-agent/1.10.13/byte-buddy-agent-1.10.13.jar:/home/runner/.m2/repository/org/objenesis/objenesis/1.0/objenesis-1.0.jar:/home/runner/.m2/repository/org/apache/hadoop/hadoop-kms/3.3.6/hadoop-kms-3.3.6.jar:/home/runner/.m2/repository/org/apache/hadoop/hadoop-auth/3.3.6/hadoop-auth-3.3.6.jar:/home/runner/.m2/repository/com/nimbusds/nimbus-jose-jwt/9.8.1/nimbus-jose-jwt-9.8.1.jar:/home/runner/.m2/repository/com/github/stephenc/jcip/jcip-annotations/1.0-1/jcip-annotations-1.0-1.jar:/home/runner/.m2/repository/org/apache/zookeeper/zookeeper/3.7.2/zookeeper-3.7.2.jar:/home/runner/.m2/repository/org/apache/zookeeper/zookeeper-jute/3.7.2/zookeeper-jute-3.7.2.jar:/home/runner/.m2/repository/org/apache/yetus/audience-annotations/0.12.0/audience-annotations-0.12.0.jar:/home/runner/.m2/repository/org/apache/curator/curator-framework/4.2.0/curator-framework-4.2.0.jar:/home/runner/.m2/repository/org/apache/hadoop/thirdparty/hadoop-shaded-guava/1.1.1/hadoop-shaded-guava-1.1.1.jar:/home/runner/.m2/repository/com/sun/jersey/jersey-core/1.19.4/jersey-core-1.19.4.jar:/home/runner/.m2/repository/javax/ws/rs/jsr311-api/1.1.1/jsr311-api-1.1.1.jar:/home/runner/.m2/repository/com/sun/jersey/jersey-server/1.19.4/jersey-server-1.19.4.jar:/home/runner/.m2/repository/javax/servlet/javax.servlet-api/3.1.0/javax.servlet-api-3.1.0.jar:/home/runner/.m2/repository/org/apache/hadoop/hadoop-common/3.3.6/hadoop-common-3.3.6.jar:/home/runner/.m2/repository/org/apache/commons/commons-math3/3.1.1/commons-math3-3.1.1.jar:/home/runner/.m2/repository/commons-net/commons-net/3.10.0/commons-net-3.10.0.jar:/home/runner/.m2/repository/com/sun/jersey/jersey-servlet/1.19.4/jersey-servlet-1.19.4.jar:/home/runner/.m2/repository/com/github/pjfanning/jersey-json/1.20/jersey-json-1.20.jar:/home/runner/.m2/repository/org/codehaus/jettison/jettison/1.1/jettison-1.1.jar:/home/runner/.m2/repository/com/sun/xml/bind/jaxb-impl/2.2.3-1/jaxb-impl-2.2.3-1.jar:/home/runner/.m2/repository/com/google/re2j/re2j/1.1/re2j-1.1.jar:/home/runner/.m2/repository/com/jcraft/jsch/0.1.54/jsch-0.1.54.jar:/home/runner/.m2/repository/org/apache/curator/curator-client/4.2.0/curator-client-4.2.0.jar:/home/runner/.m2/repository/org/apache/curator/curator-recipes/5.2.0/curator-recipes-5.2.0.jar:/home/runner/.m2/repository/org/apache/kerby/kerb-core/1.0.1/kerb-core-1.0.1.jar:/home/runner/.m2/repository/org/apache/kerby/kerby-pkix/1.0.1/kerby-pkix-1.0.1.jar:/home/runner/.m2/repository/org/apache/kerby/kerby-asn1/1.0.1/kerby-asn1-1.0.1.jar:/home/runner/.m2/repository/org/apache/kerby/kerby-util/1.0.1/kerby-util-1.0.1.jar:/home/runner/.m2/repository/dnsjava/dnsjava/2.1.7/dnsjava-2.1.7.jar:/home/runner/.m2/repository/org/xerial/snappy/snappy-java/1.1.8.2/snappy-java-1.1.8.2.jar:/home/runner/.m2/repository/com/fasterxml/jackson/core/jackson-databind/2.13.4.2/jackson-databind-2.13.4.2.jar:/home/runner/.m2/repository/org/apache/hadoop/hadoop-kms/3.3.6/hadoop-kms-3.3.6-tests.jar:/home/runner/.m2/repository/org/apache/ozone/hdds-server-scm/1.5.0-SNAPSHOT/hdds-server-scm-1.5.0-SNAPSHOT-tests.jar:/home/runner/.m2/repository/org/apache/ozone/hdds-container-service/1.5.0-SNAPSHOT/hdds-container-service-1.5.0-SNAPSHOT-tests.jar:/home/runner/.m2/repository/com/github/luben/zstd-jni/1.5.2-5/zstd-jni-1.5.2-5.jar:/home/runner/.m2/repository/commons-codec/commons-codec/1.15/commons-codec-1.15.jar:/home/runner/.m2/repository/io/netty/netty-codec/4.1.100.Final/netty-codec-4.1.100.Final.jar:/home/runner/.m2/repository/io/netty/netty-handler/4.1.100.Final/netty-handler-4.1.100.Final.jar:/home/runner/.m2/repository/org/apache/ozone/hdds-hadoop-dependency-test/1.5.0-SNAPSHOT/hdds-hadoop-dependency-test-1.5.0-SNAPSHOT.jar:/home/runner/.m2/repository/org/apache/hadoop/hadoop-common/3.3.6/hadoop-common-3.3.6-tests.jar:/home/runner/.m2/repository/org/apache/hadoop/hadoop-hdfs/3.3.6/hadoop-hdfs-3.3.6-tests.jar:/home/runner/.m2/repository/org/assertj/assertj-core/3.12.2/assertj-core-3.12.2.jar:/home/runner/.m2/repository/org/apache/hadoop/hadoop-distcp/3.3.6/hadoop-distcp-3.3.6.jar:/home/runner/.m2/repository/org/apache/hadoop/hadoop-mapreduce-client-jobclient/3.3.6/hadoop-mapreduce-client-jobclient-3.3.6.jar:/home/runner/.m2/repository/org/apache/hadoop/hadoop-mapreduce-client-common/3.3.6/hadoop-mapreduce-client-common-3.3.6.jar:/home/runner/.m2/repository/org/apache/hadoop/hadoop-yarn-common/3.3.6/hadoop-yarn-common-3.3.6.jar:/home/runner/.m2/repository/org/apache/hadoop/hadoop-yarn-api/3.3.6/hadoop-yarn-api-3.3.6.jar:/home/runner/.m2/repository/com/sun/jersey/contribs/jersey-guice/1.19.4/jersey-guice-1.19.4.jar:/home/runner/.m2/repository/com/fasterxml/jackson/jaxrs/jackson-jaxrs-json-provider/2.13.4/jackson-jaxrs-json-provider-2.13.4.jar:/home/runner/.m2/repository/com/fasterxml/jackson/jaxrs/jackson-jaxrs-base/2.13.4/jackson-jaxrs-base-2.13.4.jar:/home/runner/.m2/repository/org/apache/hadoop/hadoop-yarn-client/3.3.6/hadoop-yarn-client-3.3.6.jar:/home/runner/.m2/repository/org/eclipse/jetty/websocket/websocket-client/9.4.51.v20230217/websocket-client-9.4.51.v20230217.jar:/home/runner/.m2/repository/org/eclipse/jetty/websocket/websocket-common/9.4.51.v20230217/websocket-common-9.4.51.v20230217.jar:/home/runner/.m2/repository/org/eclipse/jetty/websocket/websocket-api/9.4.51.v20230217/websocket-api-9.4.51.v20230217.jar:/home/runner/.m2/repository/org/jline/jline/3.9.0/jline-3.9.0.jar:/home/runner/.m2/repository/org/apache/hadoop/hadoop-mapreduce-client-core/3.3.6/hadoop-mapreduce-client-core-3.3.6.jar:/home/runner/.m2/repository/org/apache/avro/avro/1.7.7/avro-1.7.7.jar:/home/runner/.m2/repository/com/thoughtworks/paranamer/paranamer/2.3/paranamer-2.3.jar:/home/runner/.m2/repository/org/apache/hadoop/hadoop-annotations/3.3.6/hadoop-annotations-3.3.6.jar:/usr/lib/jvm/temurin-8-jdk-amd64/jre/../lib/tools.jar:/home/runner/.m2/repository/io/netty/netty/3.10.6.Final/netty-3.10.6.Final.jar:/home/runner/.m2/repository/org/apache/hadoop/hadoop-distcp/3.3.6/hadoop-distcp-3.3.6-tests.jar:/home/runner/.m2/repository/org/slf4j/jul-to-slf4j/1.7.36/jul-to-slf4j-1.7.36.jar:/home/runner/work/ozone/ozone/hadoop-ozone/integration-test/target/gradle-enterprise/test-listeners.jar:"/>
    <property name="sun.cpu.endian" value="little"/>
    <property name="user.home" value="/home/runner"/>
    <property name="user.language" value="en"/>
    <property name="java.specification.vendor" value="Oracle Corporation"/>
    <property name="java.home" value="/usr/lib/jvm/temurin-8-jdk-amd64/jre"/>
    <property name="java.security.krb5.conf" value="/home/runner/work/ozone/ozone/hadoop-ozone/integration-test/target/test-classes/krb5.conf"/>
    <property name="file.separator" value="/"/>
    <property name="basedir" value="/home/runner/work/ozone/ozone/hadoop-ozone/integration-test"/>
    <property name="line.separator" value="&#10;"/>
    <property name="java.vm.specification.vendor" value="Oracle Corporation"/>
    <property name="java.specification.name" value="Java Platform API Specification"/>
    <property name="skip.installnpx" value="true"/>
    <property name="java.awt.graphicsenv" value="sun.awt.X11GraphicsEnvironment"/>
    <property name="surefire.real.class.path" value="/home/runner/work/ozone/ozone/hadoop-ozone/integration-test/target/surefire/surefirebooter-20231218185312531_506.jar:/home/runner/.m2/repository/org/jacoco/org.jacoco.agent/0.8.5/org.jacoco.agent-0.8.5-runtime.jar"/>
    <property name="sun.boot.class.path" value="/usr/lib/jvm/temurin-8-jdk-amd64/jre/lib/resources.jar:/usr/lib/jvm/temurin-8-jdk-amd64/jre/lib/rt.jar:/usr/lib/jvm/temurin-8-jdk-amd64/jre/lib/sunrsasign.jar:/usr/lib/jvm/temurin-8-jdk-amd64/jre/lib/jsse.jar:/usr/lib/jvm/temurin-8-jdk-amd64/jre/lib/jce.jar:/usr/lib/jvm/temurin-8-jdk-amd64/jre/lib/charsets.jar:/usr/lib/jvm/temurin-8-jdk-amd64/jre/lib/jfr.jar:/usr/lib/jvm/temurin-8-jdk-amd64/jre/classes"/>
    <property name="hadoop.log.dir" value="/home/runner/work/ozone/ozone/hadoop-ozone/integration-test/target/log"/>
    <property name="sun.management.compiler" value="HotSpot 64-Bit Tiered Compilers"/>
    <property name="java.runtime.version" value="1.8.0_392-b08"/>
    <property name="skip.npx" value="true"/>
    <property name="user.name" value="runner"/>
    <property name="java.net.preferIPv4Stack" value="true"/>
    <property name="path.separator" value=":"/>
    <property name="java.security.egd" value="file:///dev/urandom"/>
    <property name="os.version" value="5.15.0-1053-azure"/>
    <property name="java.endorsed.dirs" value="/usr/lib/jvm/temurin-8-jdk-amd64/jre/lib/endorsed"/>
    <property name="java.runtime.name" value="OpenJDK Runtime Environment"/>
    <property name="com.gradle.maven.scan.extension.test.listener.junitplatform.NestedExecutionSafeDelegatingTestExecutionListener" value="a2431d0"/>
    <property name="file.encoding" value="UTF-8"/>
    <property name="java.vm.name" value="OpenJDK 64-Bit Server VM"/>
    <property name="test.build.webapps" value=""/>
    <property name="localRepository" value="/home/runner/.m2/repository"/>
    <property name="gradle.enterprise.listener.port" value="43401"/>
    <property name="jetty.git.hash" value="27bde00a0b95a1d5bbee0eae7984f891d2d0f8c9"/>
    <property name="java.vendor.url.bug" value="https://github.com/adoptium/adoptium-support/issues"/>
    <property name="require.test.libhadoop" value=""/>
    <property name="java.io.tmpdir" value="/tmp"/>
    <property name="java.version" value="1.8.0_392"/>
    <property name="user.dir" value="/home/runner/work/ozone/ozone/hadoop-ozone/integration-test"/>
    <property name="os.arch" value="amd64"/>
    <property name="test.build.classes" value="/home/runner/work/ozone/ozone/hadoop-ozone/integration-test/target/test-classes"/>
    <property name="java.vm.specification.name" value="Java Virtual Machine Specification"/>
    <property name="java.awt.printerjob" value="sun.print.PSPrinterJob"/>
    <property name="sun.os.patch.level" value="unknown"/>
    <property name="org.apache.ratis.thirdparty.io.netty.allocator.useCacheForAllThreads" value="false"/>
    <property name="hadoop.tmp.dir" value="/home/runner/work/ozone/ozone/hadoop-ozone/integration-test/target/tmp"/>
    <property name="java.library.path" value="/usr/java/packages/lib/amd64:/usr/lib64:/lib64:/lib:/usr/lib"/>
    <property name="java.vendor" value="Temurin"/>
    <property name="java.vm.info" value="mixed mode"/>
    <property name="java.vm.version" value="25.392-b08"/>
    <property name="java.specification.maintenance.version" value="5"/>
    <property name="sun.io.unicode.encoding" value="UnicodeLittle"/>
    <property name="java.ext.dirs" value="/usr/lib/jvm/temurin-8-jdk-amd64/jre/lib/ext:/usr/java/packages/lib/ext"/>
    <property name="java.class.version" value="52.0"/>
  </properties>
  <testcase name="testDeleteKeyWithInAdequateDN" classname="org.apache.hadoop.ozone.client.rpc.TestDeleteWithInAdequateDN" time="26.708">
    <failure message="Expected exception is not thrown" type="java.lang.AssertionError"><![CDATA[java.lang.AssertionError: Expected exception is not thrown
	at org.junit.Assert.fail(Assert.java:89)
	at org.apache.hadoop.ozone.client.rpc.TestDeleteWithInAdequateDN.testDeleteKeyWithInAdequateDN(TestDeleteWithInAdequateDN.java:320)
	at java.lang.reflect.Method.invoke(Method.java:498)
]]></failure>
    <system-out><![CDATA[2023-12-18 19:16:54,534 [main] WARN  server.ServerUtils (ServerUtils.java:getScmDbDir(155)) - ozone.scm.db.dirs is not configured. We recommend adding this setting. Falling back to ozone.metadata.dirs instead.
2023-12-18 19:16:54,688 [main] INFO  reflections.Reflections (Reflections.java:scan(232)) - Reflections took 115 ms to scan 7 urls, producing 168 keys and 376 values 
2023-12-18 19:16:54,796 [main] WARN  server.ServerUtils (ServerUtils.java:getScmDbDir(155)) - ozone.scm.db.dirs is not configured. We recommend adding this setting. Falling back to ozone.metadata.dirs instead.
2023-12-18 19:16:54,799 [main] INFO  ha.SCMHANodeDetails (SCMHANodeDetails.java:loadSCMHAConfig(210)) - ServiceID for StorageContainerManager is null
2023-12-18 19:16:54,804 [main] WARN  ha.SCMHANodeDetails (SCMHANodeDetails.java:validateSCMHAConfig(183)) - Invalid config ozone.scm.ratis.enable. The config was not specified, but the default value true conflicts with the expected config value false. Falling back to the expected value. Current State of SCM: SCM is running in Non-HA without Ratis Ratis SCM -> Non Ratis SCM or Non HA SCM -> HA SCM is not supported
2023-12-18 19:16:54,804 [main] INFO  ha.SCMHANodeDetails (SCMHANodeDetails.java:loadSCMHAConfig(215)) - ozone.scm.default.service.id is not defined, falling back to ozone.scm.service.ids to find serviceID for StorageContainerManager if it is HA enabled cluster
2023-12-18 19:16:55,324 [main] WARN  utils.HAUtils (HAUtils.java:getMetaDir(339)) - ozone.scm.db.dirs is not configured. We recommend adding this setting. Falling back to ozone.metadata.dirs instead.
2023-12-18 19:16:55,444 [main] WARN  db.DBStoreBuilder (DBStoreBuilder.java:applyDBDefinition(167)) - ozone.scm.db.dirs is not configured. We recommend adding this setting. Falling back to ozone.metadata.dirs instead.
2023-12-18 19:16:55,630 [main] INFO  net.NodeSchemaLoader (NodeSchemaLoader.java:loadSchemaFromFile(129)) - Loading schema from [jar:file:/home/runner/.m2/repository/org/apache/ozone/hdds-common/1.5.0-SNAPSHOT/hdds-common-1.5.0-SNAPSHOT.jar!/network-topology-default.xml]
2023-12-18 19:16:55,632 [main] INFO  net.NodeSchemaLoader (NodeSchemaLoader.java:loadSchema(176)) - Loading network topology layer schema file
2023-12-18 19:16:55,673 [main] INFO  metrics.MetricRegistries (MetricRegistriesLoader.java:load(64)) - Loaded MetricRegistries class org.apache.ratis.metrics.dropwizard3.Dm3MetricRegistriesImpl
2023-12-18 19:16:55,686 [main] INFO  upgrade.AbstractLayoutVersionManager (AbstractLayoutVersionManager.java:init(83)) - Initializing Layout version manager with metadata layout = HADOOP_PRC_PORTS_IN_DATANODEDETAILS (version = 7), software layout = HADOOP_PRC_PORTS_IN_DATANODEDETAILS (version = 7)
2023-12-18 19:16:55,848 [main] INFO  ha.SequenceIdGenerator (SequenceIdGenerator.java:upgradeToSequenceId(370)) - upgrade localId to 111677748019200000
2023-12-18 19:16:55,849 [main] INFO  ha.SequenceIdGenerator (SequenceIdGenerator.java:upgradeToSequenceId(380)) - upgrade delTxnId to 0
2023-12-18 19:16:55,855 [main] INFO  ha.SequenceIdGenerator (SequenceIdGenerator.java:upgradeToSequenceId(397)) - upgrade containerId to 0
2023-12-18 19:16:55,859 [main] INFO  ha.SequenceIdGenerator (SequenceIdGenerator.java:upgradeToCertificateSequenceId(444)) - upgrade CertificateId to 2
2023-12-18 19:16:55,861 [main] INFO  ha.SequenceIdGenerator (SequenceIdGenerator.java:<init>(241)) - Init the HA SequenceIdGenerator.
2023-12-18 19:16:55,910 [main] WARN  server.ServerUtils (ServerUtils.java:sanitizeUserArgs(80)) - ozone.scm.stale.node.interval value = 1000000 is larger than max = 100000 based on the key value of ozone.scm.heartbeat.thread.interval, reset to the max value 100000.
2023-12-18 19:16:55,910 [main] WARN  server.ServerUtils (ServerUtils.java:sanitizeUserArgs(80)) - ozone.scm.stale.node.interval value = 1000000 is larger than max = 100000 based on the key value of ozone.scm.heartbeat.thread.interval, reset to the max value 100000.
2023-12-18 19:16:55,915 [main] INFO  node.SCMNodeManager (SCMNodeManager.java:<init>(173)) - Entering startup safe mode.
2023-12-18 19:16:55,927 [main] INFO  algorithms.ContainerPlacementPolicyFactory (ContainerPlacementPolicyFactory.java:getPolicyInternal(86)) - Create container placement policy of type org.apache.hadoop.hdds.scm.container.placement.algorithms.SCMContainerPlacementRackAware
2023-12-18 19:16:55,930 [main] INFO  algorithms.ContainerPlacementPolicyFactory (ContainerPlacementPolicyFactory.java:getPolicyInternal(86)) - Create container placement policy of type org.apache.hadoop.hdds.scm.container.placement.algorithms.SCMContainerPlacementRackScatter
2023-12-18 19:16:55,939 [main] INFO  pipeline.PipelineStateManagerImpl (PipelineStateManagerImpl.java:initialize(78)) - No pipeline exists in current db
2023-12-18 19:16:55,952 [main] INFO  algorithms.LeaderChoosePolicyFactory (LeaderChoosePolicyFactory.java:getPolicy(57)) - Create leader choose policy of type org.apache.hadoop.hdds.scm.pipeline.leader.choose.algorithms.MinLeaderCountChoosePolicy
2023-12-18 19:16:55,952 [main] INFO  algorithms.ContainerPlacementPolicyFactory (ContainerPlacementPolicyFactory.java:getPolicyInternal(86)) - Create container placement policy of type org.apache.hadoop.hdds.scm.container.placement.algorithms.SCMContainerPlacementRackScatter
2023-12-18 19:16:55,958 [main] INFO  ha.SCMServiceManager (SCMServiceManager.java:register(42)) - Registering service BackgroundPipelineCreator.
2023-12-18 19:16:55,958 [main] INFO  pipeline.BackgroundPipelineCreator (BackgroundPipelineCreator.java:start(127)) - Starting RatisPipelineUtilsThread.
2023-12-18 19:16:55,964 [main] INFO  BackgroundPipelineScrubber (BackgroundSCMService.java:start(68)) - Starting BackgroundPipelineScrubber Service.
2023-12-18 19:16:55,964 [main] INFO  ha.SCMServiceManager (SCMServiceManager.java:register(42)) - Registering service BackgroundPipelineScrubber.
2023-12-18 19:16:55,973 [main] INFO  ExpiredContainerReplicaOpScrubber (BackgroundSCMService.java:start(68)) - Starting ExpiredContainerReplicaOpScrubber Service.
2023-12-18 19:16:55,973 [main] INFO  ha.SCMServiceManager (SCMServiceManager.java:register(42)) - Registering service ExpiredContainerReplicaOpScrubber.
2023-12-18 19:16:55,995 [main] INFO  algorithms.PipelineChoosePolicyFactory (PipelineChoosePolicyFactory.java:createPipelineChoosePolicyFromClass(78)) - Create pipeline choose policy of type org.apache.hadoop.hdds.scm.pipeline.choose.algorithms.RandomPipelineChoosePolicy
2023-12-18 19:16:55,996 [main] INFO  algorithms.PipelineChoosePolicyFactory (PipelineChoosePolicyFactory.java:createPipelineChoosePolicyFromClass(78)) - Create pipeline choose policy of type org.apache.hadoop.hdds.scm.pipeline.choose.algorithms.RandomPipelineChoosePolicy
2023-12-18 19:16:56,015 [main] INFO  ha.SCMServiceManager (SCMServiceManager.java:register(42)) - Registering service SCMBlockDeletingService.
2023-12-18 19:16:56,077 [main] INFO  replication.ReplicationManager (ReplicationManager.java:start(292)) - Starting Replication Monitor Thread.
2023-12-18 19:16:56,078 [ReplicationMonitor] INFO  replication.ReplicationManager (ReplicationManager.java:processAll(367)) - Replication Manager is not ready to run until 3000ms after safemode exit
2023-12-18 19:16:56,078 [main] INFO  ha.SCMServiceManager (SCMServiceManager.java:register(42)) - Registering service ReplicationManager.
2023-12-18 19:16:56,089 [main] INFO  safemode.ContainerSafeModeRule (ContainerSafeModeRule.java:<init>(91)) - containers with one replica threshold count 0
2023-12-18 19:16:56,092 [main] INFO  safemode.HealthyPipelineSafeModeRule (HealthyPipelineSafeModeRule.java:initializeRule(176)) - Total pipeline count is 0, healthy pipeline threshold count is 1
2023-12-18 19:16:56,094 [main] INFO  safemode.OneReplicaPipelineSafeModeRule (OneReplicaPipelineSafeModeRule.java:initializeRule(193)) - Total pipeline count is 0, pipeline's with at least one datanode reported threshold count is 0
2023-12-18 19:16:56,133 [main] INFO  server.StorageContainerManager (StorageContainerManager.java:<init>(438)) - SCM start with adminUsers: [runner]
2023-12-18 19:16:56,362 [main] INFO  audit.AuditLogger (AuditLogger.java:refreshDebugCmdSet(130)) - Refresh DebugCmdSet for SCMAudit to [].
2023-12-18 19:16:56,383 [main] INFO  ipc.CallQueueManager (CallQueueManager.java:<init>(90)) - Using callQueue: class java.util.concurrent.LinkedBlockingQueue, queueCapacity: 2000, scheduler: class org.apache.hadoop.ipc.DefaultRpcScheduler, ipcBackoff: false.
2023-12-18 19:16:56,405 [main] INFO  ipc.Server (Server.java:<init>(1287)) - Listener at 0.0.0.0:15002
2023-12-18 19:16:56,407 [Socket Reader #1 for port 15002] INFO  ipc.Server (Server.java:run(1323)) - Starting Socket Reader #1 for port 15002
2023-12-18 19:16:56,449 [main] INFO  audit.AuditLogger (AuditLogger.java:refreshDebugCmdSet(130)) - Refresh DebugCmdSet for SCMAudit to [].
2023-12-18 19:16:56,454 [main] INFO  ipc.CallQueueManager (CallQueueManager.java:<init>(90)) - Using callQueue: class java.util.concurrent.LinkedBlockingQueue, queueCapacity: 2000, scheduler: class org.apache.hadoop.ipc.DefaultRpcScheduler, ipcBackoff: false.
2023-12-18 19:16:56,454 [main] INFO  ipc.Server (Server.java:<init>(1287)) - Listener at 0.0.0.0:15001
2023-12-18 19:16:56,455 [Socket Reader #1 for port 15001] INFO  ipc.Server (Server.java:run(1323)) - Starting Socket Reader #1 for port 15001
2023-12-18 19:16:56,482 [main] INFO  audit.AuditLogger (AuditLogger.java:refreshDebugCmdSet(130)) - Refresh DebugCmdSet for SCMAudit to [].
2023-12-18 19:16:56,493 [main] INFO  ipc.CallQueueManager (CallQueueManager.java:<init>(90)) - Using callQueue: class java.util.concurrent.LinkedBlockingQueue, queueCapacity: 2000, scheduler: class org.apache.hadoop.ipc.DefaultRpcScheduler, ipcBackoff: false.
2023-12-18 19:16:56,493 [main] INFO  ipc.Server (Server.java:<init>(1287)) - Listener at 0.0.0.0:15000
2023-12-18 19:16:56,495 [Socket Reader #1 for port 15000] INFO  ipc.Server (Server.java:run(1323)) - Starting Socket Reader #1 for port 15000
2023-12-18 19:16:56,541 [main] INFO  ha.SCMServiceManager (SCMServiceManager.java:register(42)) - Registering service ContainerBalancer.
2023-12-18 19:16:56,543 [main] INFO  server.StorageContainerManager (StorageContainerManager.java:<init>(451)) - 
Container Balancer status:
Key                            Value
Running                        false
Container Balancer Configuration values:
Key                                                Value
Threshold                                          10
Max Datanodes to Involve per Iteration(percent)    20
Max Size to Move per Iteration                     500GB
Max Size Entering Target per Iteration             26GB
Max Size Leaving Source per Iteration              26GB
Number of Iterations                               10
Time Limit for Single Container's Movement         65min
Time Limit for Single Container's Replication      50min
Interval between each Iteration                    70min
Whether to Enable Network Topology                 false
Whether to Trigger Refresh Datanode Usage Info     false
Container IDs to Exclude from Balancing            None
Datanodes Specified to be Balanced                 None
Datanodes Excluded from Balancing                  None

2023-12-18 19:16:56,544 [main] INFO  ha.SCMContext (SCMContext.java:updateSafeModeStatus(230)) - Update SafeModeStatus from SafeModeStatus{safeModeStatus=true, preCheckPassed=false} to SafeModeStatus{safeModeStatus=true, preCheckPassed=false}.
2023-12-18 19:16:56,547 [main] INFO  server.StorageContainerManager (StorageContainerManager.java:start(1519)) - StorageContainerLocationProtocol RPC server is listening at /0.0.0.0:15000
2023-12-18 19:16:56,592 [main] WARN  impl.MetricsConfig (MetricsConfig.java:loadFirst(136)) - Cannot locate configuration: tried hadoop-metrics2-storagecontainermanager.properties,hadoop-metrics2.properties
2023-12-18 19:16:56,601 [main] INFO  impl.MetricsSystemImpl (MetricsSystemImpl.java:startTimer(378)) - Scheduled Metric snapshot period at 10 second(s).
2023-12-18 19:16:56,602 [main] INFO  impl.MetricsSystemImpl (MetricsSystemImpl.java:start(191)) - StorageContainerManager metrics system started
2023-12-18 19:16:56,772 [main] INFO  server.SCMClientProtocolServer (SCMClientProtocolServer.java:start(201)) - RPC server for Client  is listening at /0.0.0.0:15000
2023-12-18 19:16:56,773 [IPC Server Responder] INFO  ipc.Server (Server.java:run(1562)) - IPC Server Responder: starting
2023-12-18 19:16:56,774 [IPC Server listener on 15000] INFO  ipc.Server (Server.java:run(1402)) - IPC Server listener on 15000: starting
2023-12-18 19:16:56,780 [main] INFO  server.StorageContainerManager (StorageContainerManager.java:start(1532)) - ScmBlockLocationProtocol RPC server is listening at /0.0.0.0:15001
2023-12-18 19:16:56,781 [main] INFO  server.SCMBlockProtocolServer (SCMBlockProtocolServer.java:start(158)) - RPC server for Block Protocol is listening at /0.0.0.0:15001
2023-12-18 19:16:56,785 [IPC Server Responder] INFO  ipc.Server (Server.java:run(1562)) - IPC Server Responder: starting
2023-12-18 19:16:56,785 [IPC Server listener on 15001] INFO  ipc.Server (Server.java:run(1402)) - IPC Server listener on 15001: starting
2023-12-18 19:16:56,789 [main] INFO  server.SCMDatanodeProtocolServer (SCMDatanodeProtocolServer.java:start(193)) - ScmDatanodeProtocol RPC server for DataNodes is listening at /0.0.0.0:15002
2023-12-18 19:16:56,789 [IPC Server Responder] INFO  ipc.Server (Server.java:run(1562)) - IPC Server Responder: starting
2023-12-18 19:16:56,790 [IPC Server listener on 15002] INFO  ipc.Server (Server.java:run(1402)) - IPC Server listener on 15002: starting
2023-12-18 19:16:56,802 [JvmPauseMonitor0] INFO  util.JvmPauseMonitor (JvmPauseMonitor.java:run(146)) - JvmPauseMonitor-d4f63936-2919-4994-b773-0822884e628b: Started
2023-12-18 19:16:56,810 [main] INFO  http.BaseHttpServer (BaseHttpServer.java:newHttpServer2BuilderForOzone(223)) - Starting Web-server for scm at: http://0.0.0.0:15003
2023-12-18 19:16:56,811 [main] INFO  http.BaseHttpServer (BaseHttpServer.java:<init>(110)) - Hadoop Security Enabled: false Ozone Security Enabled: false Ozone HTTP Security Enabled: false 
2023-12-18 19:16:56,829 [main] INFO  util.log (Log.java:initialized(170)) - Logging initialized @3477ms to org.eclipse.jetty.util.log.Slf4jLog
2023-12-18 19:16:56,889 [main] WARN  server.AuthenticationFilter (AuthenticationFilter.java:constructSecretProvider(240)) - Unable to initialize FileSignerSecretProvider, falling back to use random secrets. Reason: Could not read signature secret file: /home/runner/hadoop-http-auth-signature-secret
2023-12-18 19:16:56,893 [main] INFO  http.HttpRequestLog (HttpRequestLog.java:getRequestLog(86)) - Http request log for http.requests.scm is not defined
2023-12-18 19:16:56,899 [main] INFO  http.HttpServer2 (HttpServer2.java:addGlobalFilter(1036)) - Added global filter 'safety' (class=org.apache.hadoop.hdds.server.http.HttpServer2$QuotingInputFilter)
2023-12-18 19:16:56,901 [main] INFO  http.HttpServer2 (HttpServer2.java:addFilter(1012)) - Added filter static_user_filter (class=org.apache.hadoop.http.lib.StaticUserWebFilter$StaticUserFilter) to context scm
2023-12-18 19:16:56,901 [main] INFO  http.HttpServer2 (HttpServer2.java:addFilter(1020)) - Added filter static_user_filter (class=org.apache.hadoop.http.lib.StaticUserWebFilter$StaticUserFilter) to context logs
2023-12-18 19:16:56,901 [main] INFO  http.HttpServer2 (HttpServer2.java:addFilter(1020)) - Added filter static_user_filter (class=org.apache.hadoop.http.lib.StaticUserWebFilter$StaticUserFilter) to context static
2023-12-18 19:16:56,924 [main] INFO  http.BaseHttpServer (BaseHttpServer.java:<init>(189)) - HTTP server of scm uses base directory /home/runner/work/ozone/ozone/hadoop-ozone/integration-test/target/test-dir/MiniOzoneClusterImpl-15bbe3be-e687-4529-b164-2adc82dffbd7/ozone-meta/webserver
2023-12-18 19:16:56,925 [main] INFO  http.HttpServer2 (HttpServer2.java:bindListener(1236)) - Jetty bound to port 15003
2023-12-18 19:16:56,926 [main] INFO  server.Server (Server.java:doStart(375)) - jetty-9.4.53.v20231009; built: 2023-10-09T12:29:09.265Z; git: 27bde00a0b95a1d5bbee0eae7984f891d2d0f8c9; jvm 1.8.0_392-b08
2023-12-18 19:16:56,950 [main] INFO  server.session (DefaultSessionIdManager.java:doStart(334)) - DefaultSessionIdManager workerName=node0
2023-12-18 19:16:56,950 [main] INFO  server.session (DefaultSessionIdManager.java:doStart(339)) - No SessionScavenger set, using defaults
2023-12-18 19:16:56,951 [main] INFO  server.session (HouseKeeper.java:startScavenging(132)) - node0 Scavenging every 660000ms
2023-12-18 19:16:56,959 [main] INFO  handler.ContextHandler (ContextHandler.java:doStart(921)) - Started o.e.j.s.ServletContextHandler@8947a4b{logs,/logs,file:///home/runner/work/ozone/ozone/hadoop-ozone/integration-test/target/log,AVAILABLE}
2023-12-18 19:16:56,960 [main] INFO  handler.ContextHandler (ContextHandler.java:doStart(921)) - Started o.e.j.s.ServletContextHandler@7f514dfe{static,/static,file:///home/runner/work/ozone/ozone/hadoop-ozone/integration-test/target/test-classes/webapps/static,AVAILABLE}
2023-12-18 19:16:56,988 [main] INFO  handler.ContextHandler (ContextHandler.java:doStart(921)) - Started o.e.j.w.WebAppContext@1e11d73c{scm,/,file:///home/runner/work/ozone/ozone/hadoop-ozone/integration-test/target/test-classes/webapps/scm/,AVAILABLE}{file:/home/runner/work/ozone/ozone/hadoop-ozone/integration-test/target/test-classes/webapps/scm}
2023-12-18 19:16:56,993 [main] INFO  server.AbstractConnector (AbstractConnector.java:doStart(333)) - Started ServerConnector@352bea0e{HTTP/1.1, (http/1.1)}{0.0.0.0:15003}
2023-12-18 19:16:56,993 [main] INFO  server.Server (Server.java:doStart(415)) - Started @3641ms
2023-12-18 19:16:56,994 [main] INFO  impl.MetricsSinkAdapter (MetricsSinkAdapter.java:start(204)) - Sink prometheus started
2023-12-18 19:16:56,995 [main] INFO  impl.MetricsSystemImpl (MetricsSystemImpl.java:registerSink(305)) - Registered sink prometheus
2023-12-18 19:16:56,996 [main] INFO  http.BaseHttpServer (BaseHttpServer.java:updateConnectorAddress(354)) - HTTP server of scm listening at http://0.0.0.0:15003
2023-12-18 19:16:56,998 [main] WARN  server.ServerUtils (ServerUtils.java:getDBPath(311)) - ozone.om.db.dirs is not configured. We recommend adding this setting. Falling back to ozone.metadata.dirs instead.
2023-12-18 19:16:57,045 [main] INFO  audit.AuditLogger (AuditLogger.java:refreshDebugCmdSet(130)) - Refresh DebugCmdSet for OMAudit to [].
2023-12-18 19:16:57,108 [main] INFO  ha.OMHANodeDetails (OMHANodeDetails.java:loadOMHAConfig(115)) - ozone.om.internal.service.id is not defined, falling back to ozone.om.service.ids to find serviceID for OzoneManager if it is HA enabled cluster
2023-12-18 19:16:57,112 [main] INFO  ha.OMHANodeDetails (OMHANodeDetails.java:loadOMHAConfig(226)) - Configuration does not have ozone.om.address set. Falling back to the default OM address /127.0.0.1:15004
2023-12-18 19:16:57,112 [main] INFO  ha.OMHANodeDetails (OMHANodeDetails.java:getOMNodeDetailsForNonHA(254)) - OM Service ID is not set. Setting it to the default ID: omServiceIdDefault
2023-12-18 19:16:57,112 [main] INFO  ha.OMHANodeDetails (OMHANodeDetails.java:getOMNodeDetailsForNonHA(261)) - OM Node ID is not set. Setting it to the default ID: om1
2023-12-18 19:16:57,115 [main] WARN  server.ServerUtils (ServerUtils.java:getDBPath(311)) - ozone.om.db.dirs is not configured. We recommend adding this setting. Falling back to ozone.metadata.dirs instead.
2023-12-18 19:16:57,118 [main] INFO  upgrade.AbstractLayoutVersionManager (AbstractLayoutVersionManager.java:init(83)) - Initializing Layout version manager with metadata layout = QUOTA (version = 6), software layout = QUOTA (version = 6)
2023-12-18 19:16:57,185 [main] INFO  reflections.Reflections (Reflections.java:scan(232)) - Reflections took 64 ms to scan 2 urls, producing 189 keys and 525 values [using 4 cores]
2023-12-18 19:16:57,190 [main] INFO  upgrade.OMLayoutVersionManager (OMLayoutVersionManager.java:lambda$0(115)) - Skipping Upgrade Action MockOmUpgradeAction since it has been finalized.
2023-12-18 19:16:57,190 [main] INFO  upgrade.OMLayoutVersionManager (OMLayoutVersionManager.java:lambda$0(115)) - Skipping Upgrade Action QuotaRepairUpgradeAction since it has been finalized.
2023-12-18 19:16:57,192 [main] WARN  server.ServerUtils (ServerUtils.java:getDBPath(311)) - ozone.om.db.dirs is not configured. We recommend adding this setting. Falling back to ozone.metadata.dirs instead.
2023-12-18 19:16:57,332 [main] INFO  proxy.SCMBlockLocationFailoverProxyProvider (SCMBlockLocationFailoverProxyProvider.java:<init>(115)) - Created block location fail-over proxy with 1 nodes: [nodeId=scmNodeId,nodeAddress=/0.0.0.0:15001]
2023-12-18 19:16:57,364 [main] INFO  proxy.SCMBlockLocationFailoverProxyProvider (SCMBlockLocationFailoverProxyProvider.java:<init>(115)) - Created block location fail-over proxy with 1 nodes: [nodeId=scmNodeId,nodeAddress=/0.0.0.0:15001]
2023-12-18 19:16:57,517 [main] INFO  om.OzoneManager (OzoneManager.java:<init>(674)) - OM start with adminUsers: [runner]
2023-12-18 19:16:57,530 [main] WARN  server.ServerUtils (ServerUtils.java:getDBPath(311)) - ozone.om.db.dirs is not configured. We recommend adding this setting. Falling back to ozone.metadata.dirs instead.
2023-12-18 19:16:57,549 [main] INFO  helpers.OmKeyInfo (OmKeyInfo.java:getCodec(71)) - OmKeyInfo.getCodec ignorePipeline = true
2023-12-18 19:16:57,747 [main] INFO  om.OzoneManager (OzoneManager.java:instantiateServices(808)) - S3 Multi-Tenancy is disabled
2023-12-18 19:16:57,769 [main] INFO  om.OmSnapshotManager (OmSnapshotManager.java:<init>(176)) - Ozone filesystem snapshot feature is enabled.
2023-12-18 19:16:57,776 [main] WARN  server.ServerUtils (ServerUtils.java:getDBPath(311)) - ozone.om.snapshot.diff.db.dir is not configured. We recommend adding this setting. Falling back to ozone.metadata.dirs instead.
2023-12-18 19:16:57,813 [main] INFO  utils.NativeLibraryLoader (NativeLibraryLoader.java:loadLibrary(108)) - Loading Library: ozone_rocksdb_tools
2023-12-18 19:16:57,814 [main] INFO  snapshot.SnapshotDiffManager (SnapshotDiffManager.java:closeExecutorService(1688)) - Shutting down executorService: 'SstDumpToolExecutor'
2023-12-18 19:16:57,855 [main] INFO  om.OzoneManager (OzoneManager.java:addS3GVolumeToDB(4453)) - Created Volume s3v With Owner runner required for S3Gateway operations.
2023-12-18 19:16:57,897 [main] WARN  server.ServerUtils (ServerUtils.java:getDefaultRatisDirectory(323)) - Storage directory for Ratis is not configured. It is a good idea to map this to an SSD disk. Falling back to ozone.metadata.dirs
2023-12-18 19:16:57,898 [main] WARN  utils.OzoneManagerRatisUtils (OzoneManagerRatisUtils.java:getOMRatisSnapshotDirectory(473)) - ozone.om.ratis.snapshot.dir is not configured. Falling back to ozone.metadata.dirs config
2023-12-18 19:16:57,908 [main] WARN  server.ServerUtils (ServerUtils.java:getDefaultRatisDirectory(323)) - Storage directory for Ratis is not configured. It is a good idea to map this to an SSD disk. Falling back to ozone.metadata.dirs
2023-12-18 19:16:57,927 [main] INFO  ratis.OzoneManagerRatisServer (OzoneManagerRatisServer.java:<init>(168)) - Instantiating OM Ratis server with groupID: omServiceIdDefault and peers: localhost:15007
2023-12-18 19:16:57,935 [main] INFO  ratis.OzoneManagerStateMachine (OzoneManagerStateMachine.java:loadSnapshotInfoFromDB(708)) - LastAppliedIndex is set from TransactionInfo from OM DB as (t:0, i:~)
2023-12-18 19:16:57,985 [main] INFO  server.RaftServer (ConfUtils.java:logGet(46)) - raft.rpc.type = GRPC (default)
2023-12-18 19:16:57,991 [main] INFO  grpc.GrpcConfigKeys (ConfUtils.java:logFallback(53)) - raft.grpc.admin.host = null (fallback to raft.grpc.server.host)
2023-12-18 19:16:57,992 [main] INFO  grpc.GrpcConfigKeys (ConfUtils.java:logFallback(53)) - raft.grpc.admin.port = 15007 (fallback to raft.grpc.server.port)
2023-12-18 19:16:57,993 [main] INFO  grpc.GrpcConfigKeys (ConfUtils.java:logFallback(53)) - raft.grpc.client.host = null (fallback to raft.grpc.server.host)
2023-12-18 19:16:57,993 [main] INFO  grpc.GrpcConfigKeys (ConfUtils.java:logFallback(53)) - raft.grpc.client.port = 15007 (fallback to raft.grpc.server.port)
2023-12-18 19:16:57,993 [main] INFO  grpc.GrpcConfigKeys (ConfUtils.java:logGet(46)) - raft.grpc.server.host = null (default)
2023-12-18 19:16:57,994 [main] INFO  grpc.GrpcConfigKeys (ConfUtils.java:logGet(46)) - raft.grpc.server.port = 15007 (custom)
2023-12-18 19:16:57,994 [main] INFO  server.GrpcService (ConfUtils.java:logGet(46)) - raft.grpc.message.size.max = 4194304 (custom)
2023-12-18 19:16:57,995 [main] INFO  server.RaftServerConfigKeys (ConfUtils.java:logGet(46)) - raft.server.log.appender.buffer.byte-limit = 4194304 (custom)
2023-12-18 19:16:57,996 [main] INFO  server.GrpcService (ConfUtils.java:logGet(46)) - raft.grpc.flow.control.window = 1MB (=1048576) (default)
2023-12-18 19:16:57,996 [main] INFO  server.RaftServerConfigKeys (ConfUtils.java:logGet(46)) - raft.server.rpc.request.timeout = 3000ms (default)
2023-12-18 19:16:58,003 [main] INFO  grpc.GrpcConfigKeys (ConfUtils.java:logGet(46)) - raft.grpc.server.heartbeat.channel = true (default)
2023-12-18 19:16:58,005 [main] INFO  grpc.GrpcConfigKeys (ConfUtils.java:logGet(46)) - raft.grpc.server.async.request.thread.pool.cached = true (default)
2023-12-18 19:16:58,005 [main] INFO  grpc.GrpcConfigKeys (ConfUtils.java:logGet(46)) - raft.grpc.server.async.request.thread.pool.size = 32 (default)
2023-12-18 19:16:58,246 [main] INFO  impl.DataStreamServerImpl (ConfUtils.java:logGet(46)) - raft.datastream.type = DISABLED (default)
2023-12-18 19:16:58,248 [main] INFO  server.RaftServerConfigKeys (ConfUtils.java:logGet(46)) - raft.server.sleep.deviation.threshold = 300ms (default)
2023-12-18 19:16:58,248 [main] INFO  server.RaftServerConfigKeys (ConfUtils.java:logGet(46)) - raft.server.close.threshold = 60s (default)
2023-12-18 19:16:58,248 [main] INFO  server.RaftServerConfigKeys (ConfUtils.java:logGet(46)) - raft.server.leaderelection.leader.step-down.wait-time = 10s (default)
2023-12-18 19:16:58,249 [main] INFO  server.RaftServerConfigKeys (ConfUtils.java:logGet(46)) - raft.server.storage.dir = [/home/runner/work/ozone/ozone/hadoop-ozone/integration-test/target/test-dir/MiniOzoneClusterImpl-15bbe3be-e687-4529-b164-2adc82dffbd7/ozone-meta/ratis] (custom)
2023-12-18 19:16:58,251 [main] INFO  server.RaftServerConfigKeys (ConfUtils.java:logGet(46)) - raft.server.threadpool.proxy.cached = true (default)
2023-12-18 19:16:58,251 [main] INFO  server.RaftServerConfigKeys (ConfUtils.java:logGet(46)) - raft.server.threadpool.proxy.size = 0 (default)
2023-12-18 19:16:58,257 [main] INFO  server.RaftServer (RaftServerProxy.java:addNew(100)) - om1: addNew group-C5BA1605619E:[om1|localhost:15007] returns group-C5BA1605619E:java.util.concurrent.CompletableFuture@39e05056[Not completed]
2023-12-18 19:16:58,257 [main] INFO  om.OzoneManager (OzoneManager.java:initializeRatisServer(2144)) - OzoneManager Ratis server initialized at port 15007
2023-12-18 19:16:58,260 [main] INFO  om.OzoneManager (OzoneManager.java:getRpcServer(1210)) - Creating RPC Server
2023-12-18 19:16:58,268 [om1-groupManagement] INFO  server.RaftServer$Division (RaftServerImpl.java:<init>(256)) - om1: new RaftServerImpl for group-C5BA1605619E:[om1|localhost:15007] with OzoneManagerStateMachine:uninitialized
2023-12-18 19:16:58,270 [om1-groupManagement] INFO  server.RaftServerConfigKeys (ConfUtils.java:logGet(46)) - raft.server.rpc.timeout.min = 1s (custom)
2023-12-18 19:16:58,270 [om1-groupManagement] INFO  server.RaftServerConfigKeys (ConfUtils.java:logGet(46)) - raft.server.rpc.timeout.max = 1200ms (custom)
2023-12-18 19:16:58,271 [om1-groupManagement] INFO  server.RaftServerConfigKeys (ConfUtils.java:logGet(46)) - raft.server.rpc.sleep.time = 25ms (default)
2023-12-18 19:16:58,271 [om1-groupManagement] INFO  server.RaftServerConfigKeys (ConfUtils.java:logGet(46)) - raft.server.rpc.slowness.timeout = 120s (custom)
2023-12-18 19:16:58,272 [om1-groupManagement] INFO  server.RaftServerConfigKeys (ConfUtils.java:logGet(46)) - raft.server.leaderelection.leader.step-down.wait-time = 10s (default)
2023-12-18 19:16:58,273 [om1-groupManagement] INFO  server.RaftServerConfigKeys (ConfUtils.java:logGet(46)) - raft.server.leaderelection.member.majority-add = false (default)
2023-12-18 19:16:58,273 [om1-groupManagement] INFO  server.RaftServerConfigKeys (ConfUtils.java:logGet(46)) - raft.server.sleep.deviation.threshold = 300ms (default)
2023-12-18 19:16:58,279 [om1-groupManagement] INFO  server.RaftServer$Division (ServerState.java:<init>(113)) - om1@group-C5BA1605619E: ConfigurationManager, init=-1: peers:[om1|localhost:15007]|listeners:[], old=null, confs=<EMPTY_MAP>
2023-12-18 19:16:58,284 [om1-groupManagement] INFO  server.RaftServerConfigKeys (ConfUtils.java:logGet(46)) - raft.server.notification.no-leader.timeout = 120s (custom)
2023-12-18 19:16:58,288 [om1-groupManagement] INFO  server.RaftServerConfigKeys (ConfUtils.java:logGet(46)) - raft.server.read.timeout = 10s (default)
2023-12-18 19:16:58,291 [om1-groupManagement] INFO  server.RaftServerConfigKeys (ConfUtils.java:logGet(46)) - raft.server.retrycache.expirytime = 300s (custom)
2023-12-18 19:16:58,291 [om1-groupManagement] INFO  server.RaftServerConfigKeys (ConfUtils.java:logGet(46)) - raft.server.retrycache.statistics.expirytime = 100ms (default)
2023-12-18 19:16:58,295 [om1-groupManagement] INFO  server.RaftServerConfigKeys (ConfUtils.java:logGet(46)) - raft.server.read.option = DEFAULT (default)
2023-12-18 19:16:58,296 [om1-groupManagement] INFO  server.RaftServerConfigKeys (ConfUtils.java:logGet(46)) - raft.server.read.read-after-write-consistent.write-index-cache.expiry-time = 60s (default)
2023-12-18 19:16:58,364 [om1-groupManagement] INFO  server.RaftServerConfigKeys (ConfUtils.java:logGet(46)) - raft.server.rpc.request.timeout = 3000ms (default)
2023-12-18 19:16:58,367 [om1-groupManagement] INFO  server.RaftServerConfigKeys (ConfUtils.java:logGet(46)) - raft.server.log.appender.install.snapshot.enabled = false (custom)
2023-12-18 19:16:58,368 [om1-groupManagement] INFO  server.RaftServerConfigKeys (ConfUtils.java:logGet(46)) - raft.server.threadpool.server.cached = true (default)
2023-12-18 19:16:58,369 [om1-groupManagement] INFO  server.RaftServerConfigKeys (ConfUtils.java:logGet(46)) - raft.server.threadpool.server.size = 0 (default)
2023-12-18 19:16:58,369 [om1-groupManagement] INFO  server.RaftServerConfigKeys (ConfUtils.java:logGet(46)) - raft.server.threadpool.client.cached = true (default)
2023-12-18 19:16:58,370 [om1-groupManagement] INFO  server.RaftServerConfigKeys (ConfUtils.java:logGet(46)) - raft.server.threadpool.client.size = 0 (default)
2023-12-18 19:16:58,742 [main] INFO  reflections.Reflections (Reflections.java:scan(232)) - Reflections took 438 ms to scan 20 urls, producing 71 keys and 6239 values [using 4 cores]
2023-12-18 19:16:58,897 [main] INFO  ipc.CallQueueManager (CallQueueManager.java:<init>(90)) - Using callQueue: class java.util.concurrent.LinkedBlockingQueue, queueCapacity: 2000, scheduler: class org.apache.hadoop.ipc.DefaultRpcScheduler, ipcBackoff: false.
2023-12-18 19:16:58,898 [main] INFO  ipc.Server (Server.java:<init>(1287)) - Listener at 127.0.0.1:15004
2023-12-18 19:16:58,899 [Socket Reader #1 for port 15004] INFO  ipc.Server (Server.java:run(1323)) - Starting Socket Reader #1 for port 15004
2023-12-18 19:16:58,927 [main] INFO  impl.MetricsSystemImpl (MetricsSystemImpl.java:init(158)) - OzoneManager metrics system started (again)
2023-12-18 19:16:58,936 [main] INFO  om.OzoneManager (OzoneManager.java:start(1632)) - OzoneManager RPC server is listening at localhost/127.0.0.1:15004
2023-12-18 19:16:58,936 [main] INFO  ratis.OzoneManagerRatisServer (OzoneManagerRatisServer.java:start(585)) - Starting OzoneManagerRatisServer om1 at port 15007
2023-12-18 19:16:58,939 [om1-impl-thread1] INFO  server.RaftServerConfigKeys (ConfUtils.java:logGet(46)) - raft.server.storage.free-space.min = 0MB (=0) (default)
2023-12-18 19:16:58,939 [om1-impl-thread1] INFO  server.RaftServerConfigKeys (ConfUtils.java:logGet(46)) - raft.server.log.corruption.policy = EXCEPTION (default)
2023-12-18 19:16:58,939 [om1-impl-thread1] INFO  server.RaftServerConfigKeys (ConfUtils.java:logGet(46)) - raft.server.storage.dir = [/home/runner/work/ozone/ozone/hadoop-ozone/integration-test/target/test-dir/MiniOzoneClusterImpl-15bbe3be-e687-4529-b164-2adc82dffbd7/ozone-meta/ratis] (custom)
2023-12-18 19:16:58,942 [om1-impl-thread1] INFO  storage.RaftStorageDirectory (RaftStorageDirectoryImpl.java:analyzeStorage(138)) - The storage directory /home/runner/work/ozone/ozone/hadoop-ozone/integration-test/target/test-dir/MiniOzoneClusterImpl-15bbe3be-e687-4529-b164-2adc82dffbd7/ozone-meta/ratis/bf265839-605b-3f16-9796-c5ba1605619e does not exist. Creating ...
2023-12-18 19:16:58,945 [om1-impl-thread1] INFO  storage.RaftStorageDirectory (RaftStorageDirectoryImpl.java:tryLock(232)) - Lock on /home/runner/work/ozone/ozone/hadoop-ozone/integration-test/target/test-dir/MiniOzoneClusterImpl-15bbe3be-e687-4529-b164-2adc82dffbd7/ozone-meta/ratis/bf265839-605b-3f16-9796-c5ba1605619e/in_use.lock acquired by nodename 54039@fv-az655-333
2023-12-18 19:16:58,950 [om1-impl-thread1] INFO  storage.RaftStorage (RaftStorageImpl.java:format(97)) - Storage directory /home/runner/work/ozone/ozone/hadoop-ozone/integration-test/target/test-dir/MiniOzoneClusterImpl-15bbe3be-e687-4529-b164-2adc82dffbd7/ozone-meta/ratis/bf265839-605b-3f16-9796-c5ba1605619e has been successfully formatted.
2023-12-18 19:16:58,953 [om1-impl-thread1] INFO  server.RaftServerConfigKeys (ConfUtils.java:logGet(46)) - raft.server.log.use.memory = false (default)
2023-12-18 19:16:58,959 [om1-impl-thread1] INFO  server.RaftServerConfigKeys (ConfUtils.java:logGet(46)) - raft.server.log.purge.gap = 1000000 (custom)
2023-12-18 19:16:58,959 [om1-impl-thread1] INFO  server.RaftServerConfigKeys (ConfUtils.java:logGet(46)) - raft.server.log.appender.buffer.byte-limit = 4194304 (custom)
2023-12-18 19:16:58,960 [om1-impl-thread1] INFO  server.RaftServerConfigKeys (ConfUtils.java:logGet(46)) - raft.server.log.statemachine.data.read.timeout = 1000ms (default)
2023-12-18 19:16:58,961 [om1-impl-thread1] INFO  server.RaftServerConfigKeys (ConfUtils.java:logGet(46)) - raft.server.log.purge.preservation.log.num = 0 (default)
2023-12-18 19:16:58,965 [om1-impl-thread1] INFO  server.RaftServerConfigKeys (ConfUtils.java:logGet(46)) - raft.server.log.segment.size.max = 4194304 (custom)
2023-12-18 19:16:58,969 [om1-impl-thread1] INFO  server.RaftServerConfigKeys (ConfUtils.java:logGet(46)) - raft.server.log.segment.cache.num.max = 2 (custom)
2023-12-18 19:16:58,970 [om1-impl-thread1] INFO  server.RaftServerConfigKeys (ConfUtils.java:logGet(46)) - raft.server.log.segment.cache.size.max = 200MB (=209715200) (default)
2023-12-18 19:16:58,970 [om1-impl-thread1] INFO  server.RaftServerConfigKeys (ConfUtils.java:logGet(46)) - raft.server.log.appender.buffer.byte-limit = 4194304 (custom)
2023-12-18 19:16:58,972 [om1-impl-thread1] INFO  util.AwaitToRun (AwaitToRun.java:start(81)) - Thread[om1@group-C5BA1605619E-cacheEviction-AwaitToRun,5,main] started
2023-12-18 19:16:58,975 [om1-impl-thread1] INFO  segmented.SegmentedRaftLogWorker (SegmentedRaftLogWorker.java:<init>(184)) - new om1@group-C5BA1605619E-SegmentedRaftLogWorker for RaftStorageImpl:Storage Directory /home/runner/work/ozone/ozone/hadoop-ozone/integration-test/target/test-dir/MiniOzoneClusterImpl-15bbe3be-e687-4529-b164-2adc82dffbd7/ozone-meta/ratis/bf265839-605b-3f16-9796-c5ba1605619e
2023-12-18 19:16:58,976 [om1-impl-thread1] INFO  server.RaftServerConfigKeys (ConfUtils.java:logGet(46)) - raft.server.log.queue.byte-limit = 64MB (=67108864) (default)
2023-12-18 19:16:58,976 [om1-impl-thread1] INFO  server.RaftServerConfigKeys (ConfUtils.java:logGet(46)) - raft.server.log.queue.element-limit = 4096 (default)
2023-12-18 19:16:58,977 [om1-impl-thread1] INFO  server.RaftServerConfigKeys (ConfUtils.java:logGet(46)) - raft.server.log.segment.size.max = 4194304 (custom)
2023-12-18 19:16:58,978 [om1-impl-thread1] INFO  server.RaftServerConfigKeys (ConfUtils.java:logGet(46)) - raft.server.log.preallocated.size = 4194304 (custom)
2023-12-18 19:16:58,978 [om1-impl-thread1] INFO  server.RaftServerConfigKeys (ConfUtils.java:logGet(46)) - raft.server.log.force.sync.num = 128 (default)
2023-12-18 19:16:58,979 [om1-impl-thread1] INFO  server.RaftServerConfigKeys (ConfUtils.java:logGet(46)) - raft.server.log.statemachine.data.sync = true (default)
2023-12-18 19:16:58,979 [om1-impl-thread1] INFO  server.RaftServerConfigKeys (ConfUtils.java:logGet(46)) - raft.server.log.statemachine.data.sync.timeout = 10s (default)
2023-12-18 19:16:58,979 [om1-impl-thread1] INFO  server.RaftServerConfigKeys (ConfUtils.java:logGet(46)) - raft.server.log.statemachine.data.sync.timeout.retry = -1 (default)
2023-12-18 19:16:58,981 [om1-impl-thread1] INFO  server.RaftServerConfigKeys (ConfUtils.java:logGet(46)) - raft.server.log.write.buffer.size = 4194312 (custom)
2023-12-18 19:16:58,981 [om1-impl-thread1] INFO  server.RaftServerConfigKeys (ConfUtils.java:logGet(46)) - raft.server.log.appender.buffer.byte-limit = 4194304 (custom)
2023-12-18 19:16:58,982 [om1-impl-thread1] INFO  server.RaftServerConfigKeys (ConfUtils.java:logGet(46)) - raft.server.log.unsafe-flush.enabled = false (default)
2023-12-18 19:16:58,982 [om1-impl-thread1] INFO  server.RaftServerConfigKeys (ConfUtils.java:logGet(46)) - raft.server.log.async-flush.enabled = false (default)
2023-12-18 19:16:58,983 [om1-impl-thread1] INFO  server.RaftServerConfigKeys (ConfUtils.java:logGet(46)) - raft.server.log.statemachine.data.caching.enabled = false (default)
2023-12-18 19:16:58,986 [om1-impl-thread1] INFO  segmented.SegmentedRaftLogWorker (SegmentedRaftLogWorker.java:lambda$new$0(135)) - om1@group-C5BA1605619E-SegmentedRaftLogWorker: flushIndex: setUnconditionally 0 -> -1
2023-12-18 19:16:58,986 [om1-impl-thread1] INFO  segmented.SegmentedRaftLogWorker (SegmentedRaftLogWorker.java:lambda$new$0(135)) - om1@group-C5BA1605619E-SegmentedRaftLogWorker: safeCacheEvictIndex: setUnconditionally 0 -> -1
2023-12-18 19:16:58,987 [om1-impl-thread1] INFO  server.RaftServer$Division (RaftServerImpl.java:start(392)) - om1@group-C5BA1605619E: start as a follower, conf=-1: peers:[om1|localhost:15007]|listeners:[], old=null
2023-12-18 19:16:58,988 [om1-impl-thread1] INFO  server.RaftServer$Division (RaftServerImpl.java:setRole(379)) - om1@group-C5BA1605619E: changes role from      null to FOLLOWER at term 0 for startAsFollower
2023-12-18 19:16:58,989 [om1-impl-thread1] INFO  impl.RoleInfo (RoleInfo.java:updateAndGet(139)) - om1: start om1@group-C5BA1605619E-FollowerState
2023-12-18 19:16:58,989 [om1@group-C5BA1605619E-FollowerState] INFO  server.RaftServerConfigKeys (ConfUtils.java:logFallback(53)) - raft.server.rpc.first-election.timeout.min = 1s (fallback to raft.server.rpc.timeout.min)
2023-12-18 19:16:58,990 [om1-impl-thread1] INFO  util.JmxRegister (JmxRegister.java:tryRegister(44)) - Successfully registered JMX Bean with object name Ratis:service=RaftServer,group=group-C5BA1605619E,id=om1
2023-12-18 19:16:58,992 [om1-impl-thread1] INFO  server.RaftServerConfigKeys (ConfUtils.java:logGet(46)) - raft.server.snapshot.trigger-when-stop.enabled = true (default)
2023-12-18 19:16:58,992 [om1-impl-thread1] INFO  server.RaftServerConfigKeys (ConfUtils.java:logGet(46)) - raft.server.snapshot.auto.trigger.enabled = true (custom)
2023-12-18 19:16:58,993 [om1-impl-thread1] INFO  server.RaftServerConfigKeys (ConfUtils.java:logGet(46)) - raft.server.snapshot.auto.trigger.threshold = 400000 (default)
2023-12-18 19:16:58,993 [om1-impl-thread1] INFO  server.RaftServerConfigKeys (ConfUtils.java:logGet(46)) - raft.server.snapshot.retention.file.num = -1 (default)
2023-12-18 19:16:58,994 [om1-impl-thread1] INFO  server.RaftServerConfigKeys (ConfUtils.java:logGet(46)) - raft.server.log.purge.upto.snapshot.index = true (custom)
2023-12-18 19:16:58,996 [om1@group-C5BA1605619E-FollowerState] INFO  server.RaftServerConfigKeys (ConfUtils.java:logFallback(53)) - raft.server.rpc.first-election.timeout.max = 1200ms (fallback to raft.server.rpc.timeout.max)
2023-12-18 19:16:58,997 [main] INFO  server.RaftServer (RaftServerProxy.java:startImpl(406)) - om1: start RPC server
2023-12-18 19:16:59,028 [main] INFO  server.GrpcService (GrpcService.java:startImpl(302)) - om1: GrpcService started, listening on 15007
2023-12-18 19:16:59,028 [JvmPauseMonitor1] INFO  util.JvmPauseMonitor (JvmPauseMonitor.java:run(146)) - JvmPauseMonitor-om1: Started
2023-12-18 19:16:59,029 [main] INFO  om.OzoneManager (OzoneManager.java:start(1648)) - Version File has different layout version (6) than OM DB (null). That is expected if this OM has never been finalized to a newer layout version.
2023-12-18 19:16:59,045 [main] INFO  http.BaseHttpServer (BaseHttpServer.java:newHttpServer2BuilderForOzone(223)) - Starting Web-server for ozoneManager at: http://0.0.0.0:15005
2023-12-18 19:16:59,045 [main] INFO  http.BaseHttpServer (BaseHttpServer.java:<init>(110)) - Hadoop Security Enabled: false Ozone Security Enabled: false Ozone HTTP Security Enabled: false 
2023-12-18 19:16:59,047 [main] WARN  server.AuthenticationFilter (AuthenticationFilter.java:constructSecretProvider(240)) - Unable to initialize FileSignerSecretProvider, falling back to use random secrets. Reason: Could not read signature secret file: /home/runner/hadoop-http-auth-signature-secret
2023-12-18 19:16:59,048 [main] INFO  http.HttpRequestLog (HttpRequestLog.java:getRequestLog(86)) - Http request log for http.requests.ozoneManager is not defined
2023-12-18 19:16:59,050 [main] INFO  http.HttpServer2 (HttpServer2.java:addGlobalFilter(1036)) - Added global filter 'safety' (class=org.apache.hadoop.hdds.server.http.HttpServer2$QuotingInputFilter)
2023-12-18 19:16:59,051 [main] INFO  http.HttpServer2 (HttpServer2.java:addFilter(1012)) - Added filter static_user_filter (class=org.apache.hadoop.http.lib.StaticUserWebFilter$StaticUserFilter) to context ozoneManager
2023-12-18 19:16:59,051 [main] INFO  http.HttpServer2 (HttpServer2.java:addFilter(1020)) - Added filter static_user_filter (class=org.apache.hadoop.http.lib.StaticUserWebFilter$StaticUserFilter) to context logs
2023-12-18 19:16:59,051 [main] INFO  http.HttpServer2 (HttpServer2.java:addFilter(1020)) - Added filter static_user_filter (class=org.apache.hadoop.http.lib.StaticUserWebFilter$StaticUserFilter) to context static
2023-12-18 19:16:59,052 [main] INFO  http.BaseHttpServer (BaseHttpServer.java:<init>(189)) - HTTP server of ozoneManager uses base directory /home/runner/work/ozone/ozone/hadoop-ozone/integration-test/target/test-dir/MiniOzoneClusterImpl-15bbe3be-e687-4529-b164-2adc82dffbd7/ozone-meta/webserver
2023-12-18 19:16:59,055 [main] INFO  http.HttpServer2 (HttpServer2.java:bindListener(1236)) - Jetty bound to port 15005
2023-12-18 19:16:59,056 [main] INFO  server.Server (Server.java:doStart(375)) - jetty-9.4.53.v20231009; built: 2023-10-09T12:29:09.265Z; git: 27bde00a0b95a1d5bbee0eae7984f891d2d0f8c9; jvm 1.8.0_392-b08
2023-12-18 19:16:59,057 [main] INFO  server.session (DefaultSessionIdManager.java:doStart(334)) - DefaultSessionIdManager workerName=node0
2023-12-18 19:16:59,057 [main] INFO  server.session (DefaultSessionIdManager.java:doStart(339)) - No SessionScavenger set, using defaults
2023-12-18 19:16:59,057 [main] INFO  server.session (HouseKeeper.java:startScavenging(132)) - node0 Scavenging every 600000ms
2023-12-18 19:16:59,058 [main] INFO  handler.ContextHandler (ContextHandler.java:doStart(921)) - Started o.e.j.s.ServletContextHandler@bf2677f{logs,/logs,file:///home/runner/work/ozone/ozone/hadoop-ozone/integration-test/target/log,AVAILABLE}
2023-12-18 19:16:59,059 [main] INFO  handler.ContextHandler (ContextHandler.java:doStart(921)) - Started o.e.j.s.ServletContextHandler@3360b45f{static,/static,file:///home/runner/work/ozone/ozone/hadoop-ozone/integration-test/target/test-classes/webapps/static,AVAILABLE}
2023-12-18 19:16:59,064 [main] INFO  handler.ContextHandler (ContextHandler.java:doStart(921)) - Started o.e.j.w.WebAppContext@331e52ed{ozoneManager,/,file:///home/runner/work/ozone/ozone/hadoop-ozone/integration-test/target/test-classes/webapps/ozoneManager/,AVAILABLE}{file:/home/runner/work/ozone/ozone/hadoop-ozone/integration-test/target/test-classes/webapps/ozoneManager}
2023-12-18 19:16:59,065 [main] INFO  server.AbstractConnector (AbstractConnector.java:doStart(333)) - Started ServerConnector@2c2cf63d{HTTP/1.1, (http/1.1)}{0.0.0.0:15005}
2023-12-18 19:16:59,066 [main] INFO  server.Server (Server.java:doStart(415)) - Started @5715ms
2023-12-18 19:16:59,066 [main] WARN  impl.MetricsSystemImpl (MetricsSystemImpl.java:register(279)) - Sink prometheus already exists!
2023-12-18 19:16:59,067 [main] INFO  http.BaseHttpServer (BaseHttpServer.java:updateConnectorAddress(354)) - HTTP server of ozoneManager listening at http://0.0.0.0:15005
2023-12-18 19:16:59,067 [IPC Server Responder] INFO  ipc.Server (Server.java:run(1562)) - IPC Server Responder: starting
2023-12-18 19:16:59,067 [IPC Server listener on 15004] INFO  ipc.Server (Server.java:run(1402)) - IPC Server listener on 15004: starting
2023-12-18 19:16:59,074 [main] INFO  om.OzoneManager (OzoneManager.java:startTrashEmptier(2097)) - Trash Interval set to 0. Files deleted won't move to trash
2023-12-18 19:16:59,179 [main] INFO  db.CodecBuffer (CodecBuffer.java:set(62)) - Successfully set constructor to org.apache.hadoop.hdds.utils.db.CodecBuffer$$Lambda$881/345079352@4d9aaed2
2023-12-18 19:16:59,180 [main] WARN  dropwizard3.Dm3MetricRegistriesImpl (Dm3MetricRegistriesImpl.java:addReporterRegistration(113)) - New reporters are added after registries were created. Some metrics will be missing from the reporter. Please add reporter before adding any new registry.
2023-12-18 19:16:59,180 [main] WARN  dropwizard3.Dm3MetricRegistriesImpl (Dm3MetricRegistriesImpl.java:addReporterRegistration(113)) - New reporters are added after registries were created. Some metrics will be missing from the reporter. Please add reporter before adding any new registry.
2023-12-18 19:16:59,181 [main] INFO  impl.MetricsSystemImpl (MetricsSystemImpl.java:init(158)) - HddsDatanode metrics system started (again)
2023-12-18 19:16:59,196 [main] INFO  ozone.HddsDatanodeService (HddsDatanodeService.java:start(239)) - HddsDatanodeService host:fv-az655-333.rwhixiuqxtrevikhj0gcvuhxed.ex.internal.cloudapp.net ip:10.1.0.24
2023-12-18 19:16:59,216 [main] INFO  upgrade.AbstractLayoutVersionManager (AbstractLayoutVersionManager.java:init(83)) - Initializing Layout version manager with metadata layout = HADOOP_PRC_PORTS_IN_DATANODEDETAILS (version = 7), software layout = HADOOP_PRC_PORTS_IN_DATANODEDETAILS (version = 7)
2023-12-18 19:16:59,218 [main] INFO  statemachine.DatanodeStateMachine (DatanodeStateMachine.java:getEndPointTaskThreadPoolSize(299)) - Datanode State Machine Task Thread Pool size 2
2023-12-18 19:16:59,269 [main] INFO  volume.HddsVolume (HddsVolume.java:<init>(126)) - Creating HddsVolume: /home/runner/work/ozone/ozone/hadoop-ozone/integration-test/target/test-dir/MiniOzoneClusterImpl-15bbe3be-e687-4529-b164-2adc82dffbd7/datanode-0/data-0/containers/hdds of storage type : DISK capacity : 9223372036854775807
2023-12-18 19:16:59,271 [main] INFO  volume.MutableVolumeSet (MutableVolumeSet.java:initializeVolumeSet(173)) - Added Volume : /home/runner/work/ozone/ozone/hadoop-ozone/integration-test/target/test-dir/MiniOzoneClusterImpl-15bbe3be-e687-4529-b164-2adc82dffbd7/datanode-0/data-0/containers/hdds to VolumeSet
2023-12-18 19:16:59,275 [main] INFO  volume.MutableVolumeSet (MutableVolumeSet.java:initializeVolumeSet(173)) - Added Volume : /home/runner/work/ozone/ozone/hadoop-ozone/integration-test/target/test-dir/MiniOzoneClusterImpl-15bbe3be-e687-4529-b164-2adc82dffbd7/datanode-0/data/ratis to VolumeSet
2023-12-18 19:16:59,278 [main] INFO  ozoneimpl.OzoneContainer (HddsVolumeUtil.java:loadAllHddsVolumeDbStore(103)) - Load 1 volumes DbStore cost: 1ms
2023-12-18 19:16:59,285 [ded5b85a-ec0d-4a71-9db9-83b101b9c9ad-ContainerReader-0] INFO  ozoneimpl.ContainerReader (ContainerReader.java:readVolume(177)) - Finish verifying containers on volume /home/runner/work/ozone/ozone/hadoop-ozone/integration-test/target/test-dir/MiniOzoneClusterImpl-15bbe3be-e687-4529-b164-2adc82dffbd7/datanode-0/data-0/containers/hdds
2023-12-18 19:16:59,286 [main] INFO  ozoneimpl.OzoneContainer (OzoneContainer.java:buildContainerSet(326)) - Build ContainerSet costs 0s
2023-12-18 19:16:59,321 [main] INFO  audit.AuditLogger (AuditLogger.java:refreshDebugCmdSet(130)) - Refresh DebugCmdSet for DNAudit to [].
2023-12-18 19:16:59,342 [main] INFO  server.RaftServer (ConfUtils.java:logGet(46)) - raft.rpc.type = GRPC (default)
2023-12-18 19:16:59,342 [main] INFO  grpc.GrpcConfigKeys (ConfUtils.java:logFallback(53)) - raft.grpc.admin.host = null (fallback to raft.grpc.server.host)
2023-12-18 19:16:59,342 [main] INFO  grpc.GrpcConfigKeys (ConfUtils.java:logGet(46)) - raft.grpc.admin.port = 15013 (custom)
2023-12-18 19:16:59,343 [main] INFO  grpc.GrpcConfigKeys (ConfUtils.java:logFallback(53)) - raft.grpc.client.host = null (fallback to raft.grpc.server.host)
2023-12-18 19:16:59,343 [main] INFO  grpc.GrpcConfigKeys (ConfUtils.java:logGet(46)) - raft.grpc.client.port = 15012 (custom)
2023-12-18 19:16:59,343 [main] INFO  grpc.GrpcConfigKeys (ConfUtils.java:logGet(46)) - raft.grpc.server.host = null (default)
2023-12-18 19:16:59,343 [main] INFO  grpc.GrpcConfigKeys (ConfUtils.java:logGet(46)) - raft.grpc.server.port = 15014 (custom)
2023-12-18 19:16:59,343 [main] INFO  server.GrpcService (ConfUtils.java:logGet(46)) - raft.grpc.message.size.max = 32MB (=33554432) (custom)
2023-12-18 19:16:59,343 [main] INFO  server.RaftServerConfigKeys (ConfUtils.java:logGet(46)) - raft.server.log.appender.buffer.byte-limit = 8388608 (custom)
2023-12-18 19:16:59,344 [main] INFO  server.GrpcService (ConfUtils.java:logGet(46)) - raft.grpc.flow.control.window = 5MB (=5242880) (custom)
2023-12-18 19:16:59,344 [main] INFO  server.RaftServerConfigKeys (ConfUtils.java:logGet(46)) - raft.server.rpc.request.timeout = 3000ms (default)
2023-12-18 19:16:59,344 [main] INFO  grpc.GrpcConfigKeys (ConfUtils.java:logGet(46)) - raft.grpc.server.heartbeat.channel = true (default)
2023-12-18 19:16:59,344 [main] INFO  grpc.GrpcConfigKeys (ConfUtils.java:logGet(46)) - raft.grpc.server.async.request.thread.pool.cached = true (default)
2023-12-18 19:16:59,344 [main] INFO  grpc.GrpcConfigKeys (ConfUtils.java:logGet(46)) - raft.grpc.server.async.request.thread.pool.size = 32 (default)
2023-12-18 19:16:59,346 [main] INFO  impl.DataStreamServerImpl (ConfUtils.java:logGet(46)) - raft.datastream.type = NETTY (custom)
2023-12-18 19:16:59,357 [main] INFO  server.RaftServerConfigKeys (ConfUtils.java:logGet(46)) - raft.server.data-stream.async.request.thread.pool.cached = false (default)
2023-12-18 19:16:59,357 [main] INFO  server.RaftServerConfigKeys (ConfUtils.java:logGet(46)) - raft.server.data-stream.async.request.thread.pool.size = 20 (custom)
2023-12-18 19:16:59,357 [main] INFO  server.RaftServerConfigKeys (ConfUtils.java:logGet(46)) - raft.server.data-stream.async.write.thread.pool.size = 16 (default)
2023-12-18 19:16:59,358 [main] INFO  netty.NettyConfigKeys$DataStream (ConfUtils.java:logGet(46)) - raft.netty.dataStream.server.channel.inactive.grace-period = 10min (default)
2023-12-18 19:16:59,359 [main] INFO  server.RaftServerConfigKeys (ConfUtils.java:logGet(46)) - raft.server.data-stream.client.pool.size = 10 (default)
2023-12-18 19:16:59,360 [main] INFO  netty.NettyConfigKeys$DataStream (ConfUtils.java:logGet(46)) - raft.netty.dataStream.server.use-epoll = true (default)
2023-12-18 19:16:59,360 [main] INFO  netty.NettyConfigKeys$DataStream (ConfUtils.java:logGet(46)) - raft.netty.dataStream.server.boss-group.size = 0 (default)
2023-12-18 19:16:59,361 [main] INFO  netty.NettyUtils (NettyUtils.java:newEventLoopGroup(69)) - Create EpollEventLoopGroup for ded5b85a-ec0d-4a71-9db9-83b101b9c9ad-NettyServerStreamRpc-bossGroup; Thread size is 0.
2023-12-18 19:16:59,391 [main] INFO  netty.NettyConfigKeys$DataStream (ConfUtils.java:logGet(46)) - raft.netty.dataStream.server.worker-group.size = 0 (default)
2023-12-18 19:16:59,391 [main] INFO  netty.NettyUtils (NettyUtils.java:newEventLoopGroup(69)) - Create EpollEventLoopGroup for ded5b85a-ec0d-4a71-9db9-83b101b9c9ad-NettyServerStreamRpc-workerGroup; Thread size is 0.
2023-12-18 19:16:59,392 [main] INFO  netty.NettyConfigKeys$DataStream (ConfUtils.java:logGet(46)) - raft.netty.dataStream.server.tls.conf = null (default)
2023-12-18 19:16:59,393 [main] INFO  netty.NettyConfigKeys$DataStream (ConfUtils.java:logGet(46)) - raft.netty.dataStream.host = null (default)
2023-12-18 19:16:59,393 [main] INFO  netty.NettyConfigKeys$DataStream (ConfUtils.java:logGet(46)) - raft.netty.dataStream.port = 15015 (custom)
2023-12-18 19:16:59,397 [main] INFO  server.RaftServerConfigKeys (ConfUtils.java:logGet(46)) - raft.server.sleep.deviation.threshold = 300ms (default)
2023-12-18 19:16:59,397 [main] INFO  server.RaftServerConfigKeys (ConfUtils.java:logGet(46)) - raft.server.close.threshold = 60s (default)
2023-12-18 19:16:59,397 [main] INFO  server.RaftServerConfigKeys (ConfUtils.java:logGet(46)) - raft.server.leaderelection.leader.step-down.wait-time = 10s (default)
2023-12-18 19:16:59,398 [main] INFO  server.RaftServerConfigKeys (ConfUtils.java:logGet(46)) - raft.server.storage.dir = [/home/runner/work/ozone/ozone/hadoop-ozone/integration-test/target/test-dir/MiniOzoneClusterImpl-15bbe3be-e687-4529-b164-2adc82dffbd7/datanode-0/data/ratis] (custom)
2023-12-18 19:16:59,398 [main] INFO  server.RaftServerConfigKeys (ConfUtils.java:logGet(46)) - raft.server.threadpool.proxy.cached = true (default)
2023-12-18 19:16:59,398 [main] INFO  server.RaftServerConfigKeys (ConfUtils.java:logGet(46)) - raft.server.threadpool.proxy.size = 0 (default)
2023-12-18 19:16:59,399 [ded5b85a-ec0d-4a71-9db9-83b101b9c9ad-impl-thread1] INFO  server.RaftServer (RaftServerProxy.java:initGroupDir(264)) - ded5b85a-ec0d-4a71-9db9-83b101b9c9ad: found a subdirectory /home/runner/work/ozone/ozone/hadoop-ozone/integration-test/target/test-dir/MiniOzoneClusterImpl-15bbe3be-e687-4529-b164-2adc82dffbd7/datanode-0/data/ratis/tmp
2023-12-18 19:16:59,399 [ded5b85a-ec0d-4a71-9db9-83b101b9c9ad-impl-thread1] INFO  server.RaftServer (RaftServerProxy.java:initGroupDir(269)) - ded5b85a-ec0d-4a71-9db9-83b101b9c9ad: The directory /home/runner/work/ozone/ozone/hadoop-ozone/integration-test/target/test-dir/MiniOzoneClusterImpl-15bbe3be-e687-4529-b164-2adc82dffbd7/datanode-0/data/ratis/tmp is not a group directory; ignoring it. 
2023-12-18 19:16:59,402 [main] INFO  replication.ReplicationServer (ReplicationServer.java:<init>(85)) - Initializing replication server with thread count = 10 queue length = 4096
2023-12-18 19:16:59,407 [ded5b85a-ec0d-4a71-9db9-83b101b9c9ad-NettyServerStreamRpc-bossGroup--thread1] INFO  logging.LoggingHandler (AbstractInternalLogger.java:log(148)) - [id: 0x92e03338] REGISTERED
2023-12-18 19:16:59,407 [ded5b85a-ec0d-4a71-9db9-83b101b9c9ad-NettyServerStreamRpc-bossGroup--thread1] INFO  logging.LoggingHandler (AbstractInternalLogger.java:log(148)) - [id: 0x92e03338] BIND: 0.0.0.0/0.0.0.0:15015
2023-12-18 19:16:59,408 [ded5b85a-ec0d-4a71-9db9-83b101b9c9ad-NettyServerStreamRpc-bossGroup--thread1] INFO  logging.LoggingHandler (AbstractInternalLogger.java:log(148)) - [id: 0x92e03338, L:/0.0.0.0:15015] ACTIVE
2023-12-18 19:16:59,417 [main] INFO  server.XceiverServerGrpc (XceiverServerGrpc.java:<init>(141)) - GrpcServer channel type EpollServerSocketChannel
2023-12-18 19:16:59,449 [main] INFO  replication.ReplicationSupervisor (ReplicationSupervisor.java:build(163)) - Initializing replication supervisor with thread count = 10
2023-12-18 19:16:59,450 [main] INFO  replication.ReplicationSupervisor (ReplicationSupervisor.java:nodeStateUpdated(317)) - Node state updated to IN_SERVICE, scaling executor pool size to 10
2023-12-18 19:16:59,484 [main] INFO  http.BaseHttpServer (BaseHttpServer.java:newHttpServer2BuilderForOzone(223)) - Starting Web-server for hddsDatanode at: http://0.0.0.0:15009
2023-12-18 19:16:59,484 [main] INFO  http.BaseHttpServer (BaseHttpServer.java:<init>(110)) - Hadoop Security Enabled: false Ozone Security Enabled: false Ozone HTTP Security Enabled: false 
2023-12-18 19:16:59,486 [main] WARN  server.AuthenticationFilter (AuthenticationFilter.java:constructSecretProvider(240)) - Unable to initialize FileSignerSecretProvider, falling back to use random secrets. Reason: Could not read signature secret file: /home/runner/hadoop-http-auth-signature-secret
2023-12-18 19:16:59,487 [main] INFO  http.HttpRequestLog (HttpRequestLog.java:getRequestLog(86)) - Http request log for http.requests.hddsDatanode is not defined
2023-12-18 19:16:59,488 [main] INFO  http.HttpServer2 (HttpServer2.java:addGlobalFilter(1036)) - Added global filter 'safety' (class=org.apache.hadoop.hdds.server.http.HttpServer2$QuotingInputFilter)
2023-12-18 19:16:59,489 [main] INFO  http.HttpServer2 (HttpServer2.java:addFilter(1012)) - Added filter static_user_filter (class=org.apache.hadoop.http.lib.StaticUserWebFilter$StaticUserFilter) to context hddsDatanode
2023-12-18 19:16:59,489 [main] INFO  http.HttpServer2 (HttpServer2.java:addFilter(1020)) - Added filter static_user_filter (class=org.apache.hadoop.http.lib.StaticUserWebFilter$StaticUserFilter) to context static
2023-12-18 19:16:59,490 [main] INFO  http.HttpServer2 (HttpServer2.java:addFilter(1020)) - Added filter static_user_filter (class=org.apache.hadoop.http.lib.StaticUserWebFilter$StaticUserFilter) to context logs
2023-12-18 19:16:59,491 [main] INFO  http.BaseHttpServer (BaseHttpServer.java:<init>(189)) - HTTP server of hddsDatanode uses base directory /home/runner/work/ozone/ozone/hadoop-ozone/integration-test/target/test-dir/MiniOzoneClusterImpl-15bbe3be-e687-4529-b164-2adc82dffbd7/datanode-0/meta/webserver
2023-12-18 19:16:59,491 [main] INFO  http.HttpServer2 (HttpServer2.java:bindListener(1236)) - Jetty bound to port 15009
2023-12-18 19:16:59,491 [main] INFO  server.Server (Server.java:doStart(375)) - jetty-9.4.53.v20231009; built: 2023-10-09T12:29:09.265Z; git: 27bde00a0b95a1d5bbee0eae7984f891d2d0f8c9; jvm 1.8.0_392-b08
2023-12-18 19:16:59,496 [main] INFO  server.session (DefaultSessionIdManager.java:doStart(334)) - DefaultSessionIdManager workerName=node0
2023-12-18 19:16:59,496 [main] INFO  server.session (DefaultSessionIdManager.java:doStart(339)) - No SessionScavenger set, using defaults
2023-12-18 19:16:59,496 [main] INFO  server.session (HouseKeeper.java:startScavenging(132)) - node0 Scavenging every 660000ms
2023-12-18 19:16:59,497 [main] INFO  handler.ContextHandler (ContextHandler.java:doStart(921)) - Started o.e.j.s.ServletContextHandler@73128b78{logs,/logs,file:///home/runner/work/ozone/ozone/hadoop-ozone/integration-test/target/log,AVAILABLE}
2023-12-18 19:16:59,497 [main] INFO  handler.ContextHandler (ContextHandler.java:doStart(921)) - Started o.e.j.s.ServletContextHandler@5233a315{static,/static,jar:file:/home/runner/.m2/repository/org/apache/ozone/hdds-container-service/1.5.0-SNAPSHOT/hdds-container-service-1.5.0-SNAPSHOT.jar!/webapps/static,AVAILABLE}
2023-12-18 19:16:59,545 [main] INFO  handler.ContextHandler (ContextHandler.java:doStart(921)) - Started o.e.j.w.WebAppContext@91c2400{hddsDatanode,/,file:///home/runner/work/ozone/ozone/hadoop-ozone/integration-test/target/test-dir/MiniOzoneClusterImpl-15bbe3be-e687-4529-b164-2adc82dffbd7/datanode-0/meta/webserver/jetty-0_0_0_0-15009-hdds-container-service-1_5_0-SNAPSHOT_jar-_-any-2956534527855514634/webapp/,AVAILABLE}{jar:file:/home/runner/.m2/repository/org/apache/ozone/hdds-container-service/1.5.0-SNAPSHOT/hdds-container-service-1.5.0-SNAPSHOT.jar!/webapps/hddsDatanode}
2023-12-18 19:16:59,546 [main] INFO  server.AbstractConnector (AbstractConnector.java:doStart(333)) - Started ServerConnector@228655ff{HTTP/1.1, (http/1.1)}{0.0.0.0:15009}
2023-12-18 19:16:59,546 [main] INFO  server.Server (Server.java:doStart(415)) - Started @6194ms
2023-12-18 19:16:59,546 [main] WARN  impl.MetricsSystemImpl (MetricsSystemImpl.java:register(279)) - Sink prometheus already exists!
2023-12-18 19:16:59,547 [main] INFO  http.BaseHttpServer (BaseHttpServer.java:updateConnectorAddress(354)) - HTTP server of hddsDatanode listening at http://0.0.0.0:15009
2023-12-18 19:16:59,549 [main] INFO  ipc.CallQueueManager (CallQueueManager.java:<init>(90)) - Using callQueue: class java.util.concurrent.LinkedBlockingQueue, queueCapacity: 100, scheduler: class org.apache.hadoop.ipc.DefaultRpcScheduler, ipcBackoff: false.
2023-12-18 19:16:59,550 [main] INFO  ipc.Server (Server.java:<init>(1287)) - Listener at 0.0.0.0:15010
2023-12-18 19:16:59,550 [Socket Reader #1 for port 15010] INFO  ipc.Server (Server.java:run(1323)) - Starting Socket Reader #1 for port 15010
2023-12-18 19:16:59,552 [main] INFO  ozone.HddsDatanodeService (HddsDatanodeService.java:start(324)) - Datanode start with admins: [runner]
2023-12-18 19:16:59,552 [main] INFO  ozone.HddsDatanodeClientProtocolServer (HddsDatanodeClientProtocolServer.java:start(72)) - RPC server for Client /0.0.0.0:15010
2023-12-18 19:16:59,552 [IPC Server Responder] INFO  ipc.Server (Server.java:run(1562)) - IPC Server Responder: starting
2023-12-18 19:16:59,553 [IPC Server listener on 15010] INFO  ipc.Server (Server.java:run(1402)) - IPC Server listener on 15010: starting
2023-12-18 19:16:59,554 [ded5b85a-ec0d-4a71-9db9-83b101b9c9ad-DatanodeStateMachineDaemonThread] INFO  statemachine.DatanodeStateMachine (DatanodeStateMachine.java:lambda$startDaemon$1(555)) - Ozone container server started.
2023-12-18 19:16:59,561 [main] WARN  dropwizard3.Dm3MetricRegistriesImpl (Dm3MetricRegistriesImpl.java:addReporterRegistration(113)) - New reporters are added after registries were created. Some metrics will be missing from the reporter. Please add reporter before adding any new registry.
2023-12-18 19:16:59,561 [main] WARN  dropwizard3.Dm3MetricRegistriesImpl (Dm3MetricRegistriesImpl.java:addReporterRegistration(113)) - New reporters are added after registries were created. Some metrics will be missing from the reporter. Please add reporter before adding any new registry.
2023-12-18 19:16:59,561 [main] INFO  impl.MetricsSystemImpl (MetricsSystemImpl.java:init(158)) - HddsDatanode metrics system started (again)
2023-12-18 19:16:59,572 [main] INFO  ozone.HddsDatanodeService (HddsDatanodeService.java:start(239)) - HddsDatanodeService host:fv-az655-333.rwhixiuqxtrevikhj0gcvuhxed.ex.internal.cloudapp.net ip:10.1.0.24
2023-12-18 19:16:59,588 [main] INFO  upgrade.AbstractLayoutVersionManager (AbstractLayoutVersionManager.java:init(83)) - Initializing Layout version manager with metadata layout = HADOOP_PRC_PORTS_IN_DATANODEDETAILS (version = 7), software layout = HADOOP_PRC_PORTS_IN_DATANODEDETAILS (version = 7)
2023-12-18 19:16:59,589 [main] INFO  statemachine.DatanodeStateMachine (DatanodeStateMachine.java:getEndPointTaskThreadPoolSize(299)) - Datanode State Machine Task Thread Pool size 2
2023-12-18 19:16:59,595 [main] INFO  volume.HddsVolume (HddsVolume.java:<init>(126)) - Creating HddsVolume: /home/runner/work/ozone/ozone/hadoop-ozone/integration-test/target/test-dir/MiniOzoneClusterImpl-15bbe3be-e687-4529-b164-2adc82dffbd7/datanode-1/data-0/containers/hdds of storage type : DISK capacity : 9223372036854775807
2023-12-18 19:16:59,595 [main] INFO  volume.MutableVolumeSet (MutableVolumeSet.java:initializeVolumeSet(173)) - Added Volume : /home/runner/work/ozone/ozone/hadoop-ozone/integration-test/target/test-dir/MiniOzoneClusterImpl-15bbe3be-e687-4529-b164-2adc82dffbd7/datanode-1/data-0/containers/hdds to VolumeSet
2023-12-18 19:16:59,596 [main] INFO  volume.MutableVolumeSet (MutableVolumeSet.java:initializeVolumeSet(173)) - Added Volume : /home/runner/work/ozone/ozone/hadoop-ozone/integration-test/target/test-dir/MiniOzoneClusterImpl-15bbe3be-e687-4529-b164-2adc82dffbd7/datanode-1/data/ratis to VolumeSet
2023-12-18 19:16:59,597 [main] INFO  ozoneimpl.OzoneContainer (HddsVolumeUtil.java:loadAllHddsVolumeDbStore(103)) - Load 1 volumes DbStore cost: 0ms
2023-12-18 19:16:59,598 [089733a5-f6c3-45b8-9d3f-1c158e6a3dcf-ContainerReader-0] INFO  ozoneimpl.ContainerReader (ContainerReader.java:readVolume(177)) - Finish verifying containers on volume /home/runner/work/ozone/ozone/hadoop-ozone/integration-test/target/test-dir/MiniOzoneClusterImpl-15bbe3be-e687-4529-b164-2adc82dffbd7/datanode-1/data-0/containers/hdds
2023-12-18 19:16:59,599 [main] INFO  ozoneimpl.OzoneContainer (OzoneContainer.java:buildContainerSet(326)) - Build ContainerSet costs 0s
2023-12-18 19:16:59,603 [main] INFO  server.RaftServer (ConfUtils.java:logGet(46)) - raft.rpc.type = GRPC (default)
2023-12-18 19:16:59,603 [main] INFO  grpc.GrpcConfigKeys (ConfUtils.java:logFallback(53)) - raft.grpc.admin.host = null (fallback to raft.grpc.server.host)
2023-12-18 19:16:59,603 [main] INFO  grpc.GrpcConfigKeys (ConfUtils.java:logGet(46)) - raft.grpc.admin.port = 15022 (custom)
2023-12-18 19:16:59,603 [main] INFO  grpc.GrpcConfigKeys (ConfUtils.java:logFallback(53)) - raft.grpc.client.host = null (fallback to raft.grpc.server.host)
2023-12-18 19:16:59,604 [main] INFO  grpc.GrpcConfigKeys (ConfUtils.java:logGet(46)) - raft.grpc.client.port = 15021 (custom)
2023-12-18 19:16:59,604 [main] INFO  grpc.GrpcConfigKeys (ConfUtils.java:logGet(46)) - raft.grpc.server.host = null (default)
2023-12-18 19:16:59,604 [main] INFO  grpc.GrpcConfigKeys (ConfUtils.java:logGet(46)) - raft.grpc.server.port = 15023 (custom)
2023-12-18 19:16:59,604 [main] INFO  server.GrpcService (ConfUtils.java:logGet(46)) - raft.grpc.message.size.max = 32MB (=33554432) (custom)
2023-12-18 19:16:59,605 [main] INFO  server.RaftServerConfigKeys (ConfUtils.java:logGet(46)) - raft.server.log.appender.buffer.byte-limit = 8388608 (custom)
2023-12-18 19:16:59,605 [main] INFO  server.GrpcService (ConfUtils.java:logGet(46)) - raft.grpc.flow.control.window = 5MB (=5242880) (custom)
2023-12-18 19:16:59,605 [main] INFO  server.RaftServerConfigKeys (ConfUtils.java:logGet(46)) - raft.server.rpc.request.timeout = 3000ms (default)
2023-12-18 19:16:59,605 [main] INFO  grpc.GrpcConfigKeys (ConfUtils.java:logGet(46)) - raft.grpc.server.heartbeat.channel = true (default)
2023-12-18 19:16:59,606 [main] INFO  grpc.GrpcConfigKeys (ConfUtils.java:logGet(46)) - raft.grpc.server.async.request.thread.pool.cached = true (default)
2023-12-18 19:16:59,606 [main] INFO  grpc.GrpcConfigKeys (ConfUtils.java:logGet(46)) - raft.grpc.server.async.request.thread.pool.size = 32 (default)
2023-12-18 19:16:59,608 [main] INFO  impl.DataStreamServerImpl (ConfUtils.java:logGet(46)) - raft.datastream.type = NETTY (custom)
2023-12-18 19:16:59,609 [main] INFO  server.RaftServerConfigKeys (ConfUtils.java:logGet(46)) - raft.server.data-stream.async.request.thread.pool.cached = false (default)
2023-12-18 19:16:59,609 [main] INFO  server.RaftServerConfigKeys (ConfUtils.java:logGet(46)) - raft.server.data-stream.async.request.thread.pool.size = 20 (custom)
2023-12-18 19:16:59,609 [main] INFO  server.RaftServerConfigKeys (ConfUtils.java:logGet(46)) - raft.server.data-stream.async.write.thread.pool.size = 16 (default)
2023-12-18 19:16:59,609 [main] INFO  netty.NettyConfigKeys$DataStream (ConfUtils.java:logGet(46)) - raft.netty.dataStream.server.channel.inactive.grace-period = 10min (default)
2023-12-18 19:16:59,610 [main] INFO  server.RaftServerConfigKeys (ConfUtils.java:logGet(46)) - raft.server.data-stream.client.pool.size = 10 (default)
2023-12-18 19:16:59,610 [main] INFO  netty.NettyConfigKeys$DataStream (ConfUtils.java:logGet(46)) - raft.netty.dataStream.server.use-epoll = true (default)
2023-12-18 19:16:59,610 [main] INFO  netty.NettyConfigKeys$DataStream (ConfUtils.java:logGet(46)) - raft.netty.dataStream.server.boss-group.size = 0 (default)
2023-12-18 19:16:59,610 [main] INFO  netty.NettyUtils (NettyUtils.java:newEventLoopGroup(69)) - Create EpollEventLoopGroup for 089733a5-f6c3-45b8-9d3f-1c158e6a3dcf-NettyServerStreamRpc-bossGroup; Thread size is 0.
2023-12-18 19:16:59,611 [main] INFO  netty.NettyConfigKeys$DataStream (ConfUtils.java:logGet(46)) - raft.netty.dataStream.server.worker-group.size = 0 (default)
2023-12-18 19:16:59,611 [main] INFO  netty.NettyUtils (NettyUtils.java:newEventLoopGroup(69)) - Create EpollEventLoopGroup for 089733a5-f6c3-45b8-9d3f-1c158e6a3dcf-NettyServerStreamRpc-workerGroup; Thread size is 0.
2023-12-18 19:16:59,612 [main] INFO  netty.NettyConfigKeys$DataStream (ConfUtils.java:logGet(46)) - raft.netty.dataStream.server.tls.conf = null (default)
2023-12-18 19:16:59,612 [main] INFO  netty.NettyConfigKeys$DataStream (ConfUtils.java:logGet(46)) - raft.netty.dataStream.host = null (default)
2023-12-18 19:16:59,612 [main] INFO  netty.NettyConfigKeys$DataStream (ConfUtils.java:logGet(46)) - raft.netty.dataStream.port = 15024 (custom)
2023-12-18 19:16:59,614 [main] INFO  server.RaftServerConfigKeys (ConfUtils.java:logGet(46)) - raft.server.sleep.deviation.threshold = 300ms (default)
2023-12-18 19:16:59,615 [main] INFO  server.RaftServerConfigKeys (ConfUtils.java:logGet(46)) - raft.server.close.threshold = 60s (default)
2023-12-18 19:16:59,615 [main] INFO  server.RaftServerConfigKeys (ConfUtils.java:logGet(46)) - raft.server.leaderelection.leader.step-down.wait-time = 10s (default)
2023-12-18 19:16:59,615 [main] INFO  server.RaftServerConfigKeys (ConfUtils.java:logGet(46)) - raft.server.storage.dir = [/home/runner/work/ozone/ozone/hadoop-ozone/integration-test/target/test-dir/MiniOzoneClusterImpl-15bbe3be-e687-4529-b164-2adc82dffbd7/datanode-1/data/ratis] (custom)
2023-12-18 19:16:59,616 [main] INFO  server.RaftServerConfigKeys (ConfUtils.java:logGet(46)) - raft.server.threadpool.proxy.cached = true (default)
2023-12-18 19:16:59,616 [main] INFO  server.RaftServerConfigKeys (ConfUtils.java:logGet(46)) - raft.server.threadpool.proxy.size = 0 (default)
2023-12-18 19:16:59,616 [089733a5-f6c3-45b8-9d3f-1c158e6a3dcf-impl-thread1] INFO  server.RaftServer (RaftServerProxy.java:initGroupDir(264)) - 089733a5-f6c3-45b8-9d3f-1c158e6a3dcf: found a subdirectory /home/runner/work/ozone/ozone/hadoop-ozone/integration-test/target/test-dir/MiniOzoneClusterImpl-15bbe3be-e687-4529-b164-2adc82dffbd7/datanode-1/data/ratis/tmp
2023-12-18 19:16:59,617 [089733a5-f6c3-45b8-9d3f-1c158e6a3dcf-NettyServerStreamRpc-bossGroup--thread1] INFO  logging.LoggingHandler (AbstractInternalLogger.java:log(148)) - [id: 0x0be88654] REGISTERED
2023-12-18 19:16:59,618 [089733a5-f6c3-45b8-9d3f-1c158e6a3dcf-NettyServerStreamRpc-bossGroup--thread1] INFO  logging.LoggingHandler (AbstractInternalLogger.java:log(148)) - [id: 0x0be88654] BIND: 0.0.0.0/0.0.0.0:15024
2023-12-18 19:16:59,618 [089733a5-f6c3-45b8-9d3f-1c158e6a3dcf-NettyServerStreamRpc-bossGroup--thread1] INFO  logging.LoggingHandler (AbstractInternalLogger.java:log(148)) - [id: 0x0be88654, L:/0.0.0.0:15024] ACTIVE
2023-12-18 19:16:59,618 [089733a5-f6c3-45b8-9d3f-1c158e6a3dcf-impl-thread1] INFO  server.RaftServer (RaftServerProxy.java:initGroupDir(269)) - 089733a5-f6c3-45b8-9d3f-1c158e6a3dcf: The directory /home/runner/work/ozone/ozone/hadoop-ozone/integration-test/target/test-dir/MiniOzoneClusterImpl-15bbe3be-e687-4529-b164-2adc82dffbd7/datanode-1/data/ratis/tmp is not a group directory; ignoring it. 
2023-12-18 19:16:59,623 [main] INFO  replication.ReplicationServer (ReplicationServer.java:<init>(85)) - Initializing replication server with thread count = 10 queue length = 4096
2023-12-18 19:16:59,624 [main] INFO  server.XceiverServerGrpc (XceiverServerGrpc.java:<init>(141)) - GrpcServer channel type EpollServerSocketChannel
2023-12-18 19:16:59,627 [main] INFO  replication.ReplicationSupervisor (ReplicationSupervisor.java:build(163)) - Initializing replication supervisor with thread count = 10
2023-12-18 19:16:59,627 [main] INFO  replication.ReplicationSupervisor (ReplicationSupervisor.java:nodeStateUpdated(317)) - Node state updated to IN_SERVICE, scaling executor pool size to 10
2023-12-18 19:16:59,634 [main] INFO  http.BaseHttpServer (BaseHttpServer.java:newHttpServer2BuilderForOzone(223)) - Starting Web-server for hddsDatanode at: http://0.0.0.0:15018
2023-12-18 19:16:59,634 [main] INFO  http.BaseHttpServer (BaseHttpServer.java:<init>(110)) - Hadoop Security Enabled: false Ozone Security Enabled: false Ozone HTTP Security Enabled: false 
2023-12-18 19:16:59,636 [main] WARN  server.AuthenticationFilter (AuthenticationFilter.java:constructSecretProvider(240)) - Unable to initialize FileSignerSecretProvider, falling back to use random secrets. Reason: Could not read signature secret file: /home/runner/hadoop-http-auth-signature-secret
2023-12-18 19:16:59,637 [main] INFO  http.HttpRequestLog (HttpRequestLog.java:getRequestLog(86)) - Http request log for http.requests.hddsDatanode is not defined
2023-12-18 19:16:59,638 [main] INFO  http.HttpServer2 (HttpServer2.java:addGlobalFilter(1036)) - Added global filter 'safety' (class=org.apache.hadoop.hdds.server.http.HttpServer2$QuotingInputFilter)
2023-12-18 19:16:59,639 [main] INFO  http.HttpServer2 (HttpServer2.java:addFilter(1012)) - Added filter static_user_filter (class=org.apache.hadoop.http.lib.StaticUserWebFilter$StaticUserFilter) to context hddsDatanode
2023-12-18 19:16:59,639 [main] INFO  http.HttpServer2 (HttpServer2.java:addFilter(1020)) - Added filter static_user_filter (class=org.apache.hadoop.http.lib.StaticUserWebFilter$StaticUserFilter) to context logs
2023-12-18 19:16:59,640 [main] INFO  http.HttpServer2 (HttpServer2.java:addFilter(1020)) - Added filter static_user_filter (class=org.apache.hadoop.http.lib.StaticUserWebFilter$StaticUserFilter) to context static
2023-12-18 19:16:59,640 [main] INFO  http.BaseHttpServer (BaseHttpServer.java:<init>(189)) - HTTP server of hddsDatanode uses base directory /home/runner/work/ozone/ozone/hadoop-ozone/integration-test/target/test-dir/MiniOzoneClusterImpl-15bbe3be-e687-4529-b164-2adc82dffbd7/datanode-1/meta/webserver
2023-12-18 19:16:59,641 [main] INFO  http.HttpServer2 (HttpServer2.java:bindListener(1236)) - Jetty bound to port 15018
2023-12-18 19:16:59,641 [main] INFO  server.Server (Server.java:doStart(375)) - jetty-9.4.53.v20231009; built: 2023-10-09T12:29:09.265Z; git: 27bde00a0b95a1d5bbee0eae7984f891d2d0f8c9; jvm 1.8.0_392-b08
2023-12-18 19:16:59,646 [main] INFO  server.session (DefaultSessionIdManager.java:doStart(334)) - DefaultSessionIdManager workerName=node0
2023-12-18 19:16:59,646 [main] INFO  server.session (DefaultSessionIdManager.java:doStart(339)) - No SessionScavenger set, using defaults
2023-12-18 19:16:59,647 [main] INFO  server.session (HouseKeeper.java:startScavenging(132)) - node0 Scavenging every 600000ms
2023-12-18 19:16:59,647 [main] INFO  handler.ContextHandler (ContextHandler.java:doStart(921)) - Started o.e.j.s.ServletContextHandler@6af2cbd5{logs,/logs,file:///home/runner/work/ozone/ozone/hadoop-ozone/integration-test/target/log,AVAILABLE}
2023-12-18 19:16:59,648 [main] INFO  handler.ContextHandler (ContextHandler.java:doStart(921)) - Started o.e.j.s.ServletContextHandler@15463b2b{static,/static,jar:file:/home/runner/.m2/repository/org/apache/ozone/hdds-container-service/1.5.0-SNAPSHOT/hdds-container-service-1.5.0-SNAPSHOT.jar!/webapps/static,AVAILABLE}
2023-12-18 19:16:59,662 [ded5b85a-ec0d-4a71-9db9-83b101b9c9ad-DatanodeStateMachineTaskThread-0] INFO  datanode.InitDatanodeState (InitDatanodeState.java:persistContainerDatanodeDetails(139)) - DatanodeDetails is persisted to /home/runner/work/ozone/ozone/hadoop-ozone/integration-test/target/test-dir/MiniOzoneClusterImpl-15bbe3be-e687-4529-b164-2adc82dffbd7/datanode-0/meta/datanode.id
2023-12-18 19:16:59,686 [main] INFO  handler.ContextHandler (ContextHandler.java:doStart(921)) - Started o.e.j.w.WebAppContext@53a3f470{hddsDatanode,/,file:///home/runner/work/ozone/ozone/hadoop-ozone/integration-test/target/test-dir/MiniOzoneClusterImpl-15bbe3be-e687-4529-b164-2adc82dffbd7/datanode-1/meta/webserver/jetty-0_0_0_0-15018-hdds-container-service-1_5_0-SNAPSHOT_jar-_-any-9190738855815750956/webapp/,AVAILABLE}{jar:file:/home/runner/.m2/repository/org/apache/ozone/hdds-container-service/1.5.0-SNAPSHOT/hdds-container-service-1.5.0-SNAPSHOT.jar!/webapps/hddsDatanode}
2023-12-18 19:16:59,687 [main] INFO  server.AbstractConnector (AbstractConnector.java:doStart(333)) - Started ServerConnector@47f0d8db{HTTP/1.1, (http/1.1)}{0.0.0.0:15018}
2023-12-18 19:16:59,687 [main] INFO  server.Server (Server.java:doStart(415)) - Started @6336ms
2023-12-18 19:16:59,688 [main] WARN  impl.MetricsSystemImpl (MetricsSystemImpl.java:register(279)) - Sink prometheus already exists!
2023-12-18 19:16:59,688 [main] INFO  http.BaseHttpServer (BaseHttpServer.java:updateConnectorAddress(354)) - HTTP server of hddsDatanode listening at http://0.0.0.0:15018
2023-12-18 19:16:59,688 [main] INFO  ipc.CallQueueManager (CallQueueManager.java:<init>(90)) - Using callQueue: class java.util.concurrent.LinkedBlockingQueue, queueCapacity: 100, scheduler: class org.apache.hadoop.ipc.DefaultRpcScheduler, ipcBackoff: false.
2023-12-18 19:16:59,689 [main] INFO  ipc.Server (Server.java:<init>(1287)) - Listener at 0.0.0.0:15019
2023-12-18 19:16:59,689 [Socket Reader #1 for port 15019] INFO  ipc.Server (Server.java:run(1323)) - Starting Socket Reader #1 for port 15019
2023-12-18 19:16:59,691 [main] INFO  ozone.HddsDatanodeService (HddsDatanodeService.java:start(324)) - Datanode start with admins: [runner]
2023-12-18 19:16:59,691 [main] INFO  ozone.HddsDatanodeClientProtocolServer (HddsDatanodeClientProtocolServer.java:start(72)) - RPC server for Client /0.0.0.0:15019
2023-12-18 19:16:59,692 [IPC Server Responder] INFO  ipc.Server (Server.java:run(1562)) - IPC Server Responder: starting
2023-12-18 19:16:59,692 [IPC Server listener on 15019] INFO  ipc.Server (Server.java:run(1402)) - IPC Server listener on 15019: starting
2023-12-18 19:16:59,697 [089733a5-f6c3-45b8-9d3f-1c158e6a3dcf-DatanodeStateMachineDaemonThread] INFO  statemachine.DatanodeStateMachine (DatanodeStateMachine.java:lambda$startDaemon$1(555)) - Ozone container server started.
2023-12-18 19:16:59,698 [main] WARN  dropwizard3.Dm3MetricRegistriesImpl (Dm3MetricRegistriesImpl.java:addReporterRegistration(113)) - New reporters are added after registries were created. Some metrics will be missing from the reporter. Please add reporter before adding any new registry.
2023-12-18 19:16:59,698 [main] WARN  dropwizard3.Dm3MetricRegistriesImpl (Dm3MetricRegistriesImpl.java:addReporterRegistration(113)) - New reporters are added after registries were created. Some metrics will be missing from the reporter. Please add reporter before adding any new registry.
2023-12-18 19:16:59,698 [main] INFO  impl.MetricsSystemImpl (MetricsSystemImpl.java:init(158)) - HddsDatanode metrics system started (again)
2023-12-18 19:16:59,708 [089733a5-f6c3-45b8-9d3f-1c158e6a3dcf-DatanodeStateMachineTaskThread-0] INFO  datanode.InitDatanodeState (InitDatanodeState.java:persistContainerDatanodeDetails(139)) - DatanodeDetails is persisted to /home/runner/work/ozone/ozone/hadoop-ozone/integration-test/target/test-dir/MiniOzoneClusterImpl-15bbe3be-e687-4529-b164-2adc82dffbd7/datanode-1/meta/datanode.id
2023-12-18 19:16:59,709 [main] INFO  ozone.HddsDatanodeService (HddsDatanodeService.java:start(239)) - HddsDatanodeService host:fv-az655-333.rwhixiuqxtrevikhj0gcvuhxed.ex.internal.cloudapp.net ip:10.1.0.24
2023-12-18 19:16:59,723 [main] INFO  upgrade.AbstractLayoutVersionManager (AbstractLayoutVersionManager.java:init(83)) - Initializing Layout version manager with metadata layout = HADOOP_PRC_PORTS_IN_DATANODEDETAILS (version = 7), software layout = HADOOP_PRC_PORTS_IN_DATANODEDETAILS (version = 7)
2023-12-18 19:16:59,724 [main] INFO  statemachine.DatanodeStateMachine (DatanodeStateMachine.java:getEndPointTaskThreadPoolSize(299)) - Datanode State Machine Task Thread Pool size 2
2023-12-18 19:16:59,726 [main] INFO  volume.HddsVolume (HddsVolume.java:<init>(126)) - Creating HddsVolume: /home/runner/work/ozone/ozone/hadoop-ozone/integration-test/target/test-dir/MiniOzoneClusterImpl-15bbe3be-e687-4529-b164-2adc82dffbd7/datanode-2/data-0/containers/hdds of storage type : DISK capacity : 9223372036854775807
2023-12-18 19:16:59,727 [main] INFO  volume.MutableVolumeSet (MutableVolumeSet.java:initializeVolumeSet(173)) - Added Volume : /home/runner/work/ozone/ozone/hadoop-ozone/integration-test/target/test-dir/MiniOzoneClusterImpl-15bbe3be-e687-4529-b164-2adc82dffbd7/datanode-2/data-0/containers/hdds to VolumeSet
2023-12-18 19:16:59,728 [main] INFO  volume.MutableVolumeSet (MutableVolumeSet.java:initializeVolumeSet(173)) - Added Volume : /home/runner/work/ozone/ozone/hadoop-ozone/integration-test/target/test-dir/MiniOzoneClusterImpl-15bbe3be-e687-4529-b164-2adc82dffbd7/datanode-2/data/ratis to VolumeSet
2023-12-18 19:16:59,729 [main] INFO  ozoneimpl.OzoneContainer (HddsVolumeUtil.java:loadAllHddsVolumeDbStore(103)) - Load 1 volumes DbStore cost: 1ms
2023-12-18 19:16:59,729 [93699071-0d52-4ef3-adad-6b5a83f48fc5-ContainerReader-0] INFO  ozoneimpl.ContainerReader (ContainerReader.java:readVolume(177)) - Finish verifying containers on volume /home/runner/work/ozone/ozone/hadoop-ozone/integration-test/target/test-dir/MiniOzoneClusterImpl-15bbe3be-e687-4529-b164-2adc82dffbd7/datanode-2/data-0/containers/hdds
2023-12-18 19:16:59,730 [main] INFO  ozoneimpl.OzoneContainer (OzoneContainer.java:buildContainerSet(326)) - Build ContainerSet costs 0s
2023-12-18 19:16:59,733 [main] INFO  server.RaftServer (ConfUtils.java:logGet(46)) - raft.rpc.type = GRPC (default)
2023-12-18 19:16:59,733 [main] INFO  grpc.GrpcConfigKeys (ConfUtils.java:logFallback(53)) - raft.grpc.admin.host = null (fallback to raft.grpc.server.host)
2023-12-18 19:16:59,733 [main] INFO  grpc.GrpcConfigKeys (ConfUtils.java:logGet(46)) - raft.grpc.admin.port = 15031 (custom)
2023-12-18 19:16:59,733 [main] INFO  grpc.GrpcConfigKeys (ConfUtils.java:logFallback(53)) - raft.grpc.client.host = null (fallback to raft.grpc.server.host)
2023-12-18 19:16:59,733 [main] INFO  grpc.GrpcConfigKeys (ConfUtils.java:logGet(46)) - raft.grpc.client.port = 15030 (custom)
2023-12-18 19:16:59,733 [main] INFO  grpc.GrpcConfigKeys (ConfUtils.java:logGet(46)) - raft.grpc.server.host = null (default)
2023-12-18 19:16:59,733 [main] INFO  grpc.GrpcConfigKeys (ConfUtils.java:logGet(46)) - raft.grpc.server.port = 15032 (custom)
2023-12-18 19:16:59,733 [main] INFO  server.GrpcService (ConfUtils.java:logGet(46)) - raft.grpc.message.size.max = 32MB (=33554432) (custom)
2023-12-18 19:16:59,734 [main] INFO  server.RaftServerConfigKeys (ConfUtils.java:logGet(46)) - raft.server.log.appender.buffer.byte-limit = 8388608 (custom)
2023-12-18 19:16:59,734 [main] INFO  server.GrpcService (ConfUtils.java:logGet(46)) - raft.grpc.flow.control.window = 5MB (=5242880) (custom)
2023-12-18 19:16:59,734 [main] INFO  server.RaftServerConfigKeys (ConfUtils.java:logGet(46)) - raft.server.rpc.request.timeout = 3000ms (default)
2023-12-18 19:16:59,734 [main] INFO  grpc.GrpcConfigKeys (ConfUtils.java:logGet(46)) - raft.grpc.server.heartbeat.channel = true (default)
2023-12-18 19:16:59,734 [main] INFO  grpc.GrpcConfigKeys (ConfUtils.java:logGet(46)) - raft.grpc.server.async.request.thread.pool.cached = true (default)
2023-12-18 19:16:59,734 [main] INFO  grpc.GrpcConfigKeys (ConfUtils.java:logGet(46)) - raft.grpc.server.async.request.thread.pool.size = 32 (default)
2023-12-18 19:16:59,736 [main] INFO  impl.DataStreamServerImpl (ConfUtils.java:logGet(46)) - raft.datastream.type = NETTY (custom)
2023-12-18 19:16:59,736 [main] INFO  server.RaftServerConfigKeys (ConfUtils.java:logGet(46)) - raft.server.data-stream.async.request.thread.pool.cached = false (default)
2023-12-18 19:16:59,736 [main] INFO  server.RaftServerConfigKeys (ConfUtils.java:logGet(46)) - raft.server.data-stream.async.request.thread.pool.size = 20 (custom)
2023-12-18 19:16:59,736 [main] INFO  server.RaftServerConfigKeys (ConfUtils.java:logGet(46)) - raft.server.data-stream.async.write.thread.pool.size = 16 (default)
2023-12-18 19:16:59,736 [main] INFO  netty.NettyConfigKeys$DataStream (ConfUtils.java:logGet(46)) - raft.netty.dataStream.server.channel.inactive.grace-period = 10min (default)
2023-12-18 19:16:59,737 [main] INFO  server.RaftServerConfigKeys (ConfUtils.java:logGet(46)) - raft.server.data-stream.client.pool.size = 10 (default)
2023-12-18 19:16:59,737 [main] INFO  netty.NettyConfigKeys$DataStream (ConfUtils.java:logGet(46)) - raft.netty.dataStream.server.use-epoll = true (default)
2023-12-18 19:16:59,737 [main] INFO  netty.NettyConfigKeys$DataStream (ConfUtils.java:logGet(46)) - raft.netty.dataStream.server.boss-group.size = 0 (default)
2023-12-18 19:16:59,737 [main] INFO  netty.NettyUtils (NettyUtils.java:newEventLoopGroup(69)) - Create EpollEventLoopGroup for 93699071-0d52-4ef3-adad-6b5a83f48fc5-NettyServerStreamRpc-bossGroup; Thread size is 0.
2023-12-18 19:16:59,737 [main] INFO  netty.NettyConfigKeys$DataStream (ConfUtils.java:logGet(46)) - raft.netty.dataStream.server.worker-group.size = 0 (default)
2023-12-18 19:16:59,738 [main] INFO  netty.NettyUtils (NettyUtils.java:newEventLoopGroup(69)) - Create EpollEventLoopGroup for 93699071-0d52-4ef3-adad-6b5a83f48fc5-NettyServerStreamRpc-workerGroup; Thread size is 0.
2023-12-18 19:16:59,738 [main] INFO  netty.NettyConfigKeys$DataStream (ConfUtils.java:logGet(46)) - raft.netty.dataStream.server.tls.conf = null (default)
2023-12-18 19:16:59,739 [main] INFO  netty.NettyConfigKeys$DataStream (ConfUtils.java:logGet(46)) - raft.netty.dataStream.host = null (default)
2023-12-18 19:16:59,739 [main] INFO  netty.NettyConfigKeys$DataStream (ConfUtils.java:logGet(46)) - raft.netty.dataStream.port = 15033 (custom)
2023-12-18 19:16:59,739 [main] INFO  server.RaftServerConfigKeys (ConfUtils.java:logGet(46)) - raft.server.sleep.deviation.threshold = 300ms (default)
2023-12-18 19:16:59,740 [main] INFO  server.RaftServerConfigKeys (ConfUtils.java:logGet(46)) - raft.server.close.threshold = 60s (default)
2023-12-18 19:16:59,740 [93699071-0d52-4ef3-adad-6b5a83f48fc5-NettyServerStreamRpc-bossGroup--thread1] INFO  logging.LoggingHandler (AbstractInternalLogger.java:log(148)) - [id: 0xdd99d753] REGISTERED
2023-12-18 19:16:59,740 [main] INFO  server.RaftServerConfigKeys (ConfUtils.java:logGet(46)) - raft.server.leaderelection.leader.step-down.wait-time = 10s (default)
2023-12-18 19:16:59,740 [93699071-0d52-4ef3-adad-6b5a83f48fc5-NettyServerStreamRpc-bossGroup--thread1] INFO  logging.LoggingHandler (AbstractInternalLogger.java:log(148)) - [id: 0xdd99d753] BIND: 0.0.0.0/0.0.0.0:15033
2023-12-18 19:16:59,741 [main] INFO  server.RaftServerConfigKeys (ConfUtils.java:logGet(46)) - raft.server.storage.dir = [/home/runner/work/ozone/ozone/hadoop-ozone/integration-test/target/test-dir/MiniOzoneClusterImpl-15bbe3be-e687-4529-b164-2adc82dffbd7/datanode-2/data/ratis] (custom)
2023-12-18 19:16:59,741 [93699071-0d52-4ef3-adad-6b5a83f48fc5-NettyServerStreamRpc-bossGroup--thread1] INFO  logging.LoggingHandler (AbstractInternalLogger.java:log(148)) - [id: 0xdd99d753, L:/0.0.0.0:15033] ACTIVE
2023-12-18 19:16:59,741 [main] INFO  server.RaftServerConfigKeys (ConfUtils.java:logGet(46)) - raft.server.threadpool.proxy.cached = true (default)
2023-12-18 19:16:59,741 [main] INFO  server.RaftServerConfigKeys (ConfUtils.java:logGet(46)) - raft.server.threadpool.proxy.size = 0 (default)
2023-12-18 19:16:59,741 [93699071-0d52-4ef3-adad-6b5a83f48fc5-impl-thread1] INFO  server.RaftServer (RaftServerProxy.java:initGroupDir(264)) - 93699071-0d52-4ef3-adad-6b5a83f48fc5: found a subdirectory /home/runner/work/ozone/ozone/hadoop-ozone/integration-test/target/test-dir/MiniOzoneClusterImpl-15bbe3be-e687-4529-b164-2adc82dffbd7/datanode-2/data/ratis/tmp
2023-12-18 19:16:59,742 [93699071-0d52-4ef3-adad-6b5a83f48fc5-impl-thread1] INFO  server.RaftServer (RaftServerProxy.java:initGroupDir(269)) - 93699071-0d52-4ef3-adad-6b5a83f48fc5: The directory /home/runner/work/ozone/ozone/hadoop-ozone/integration-test/target/test-dir/MiniOzoneClusterImpl-15bbe3be-e687-4529-b164-2adc82dffbd7/datanode-2/data/ratis/tmp is not a group directory; ignoring it. 
2023-12-18 19:16:59,742 [main] INFO  replication.ReplicationServer (ReplicationServer.java:<init>(85)) - Initializing replication server with thread count = 10 queue length = 4096
2023-12-18 19:16:59,746 [main] INFO  server.XceiverServerGrpc (XceiverServerGrpc.java:<init>(141)) - GrpcServer channel type EpollServerSocketChannel
2023-12-18 19:16:59,748 [main] INFO  replication.ReplicationSupervisor (ReplicationSupervisor.java:build(163)) - Initializing replication supervisor with thread count = 10
2023-12-18 19:16:59,748 [main] INFO  replication.ReplicationSupervisor (ReplicationSupervisor.java:nodeStateUpdated(317)) - Node state updated to IN_SERVICE, scaling executor pool size to 10
2023-12-18 19:16:59,751 [main] INFO  http.BaseHttpServer (BaseHttpServer.java:newHttpServer2BuilderForOzone(223)) - Starting Web-server for hddsDatanode at: http://0.0.0.0:15027
2023-12-18 19:16:59,751 [main] INFO  http.BaseHttpServer (BaseHttpServer.java:<init>(110)) - Hadoop Security Enabled: false Ozone Security Enabled: false Ozone HTTP Security Enabled: false 
2023-12-18 19:16:59,752 [main] WARN  server.AuthenticationFilter (AuthenticationFilter.java:constructSecretProvider(240)) - Unable to initialize FileSignerSecretProvider, falling back to use random secrets. Reason: Could not read signature secret file: /home/runner/hadoop-http-auth-signature-secret
2023-12-18 19:16:59,752 [main] INFO  http.HttpRequestLog (HttpRequestLog.java:getRequestLog(86)) - Http request log for http.requests.hddsDatanode is not defined
2023-12-18 19:16:59,754 [main] INFO  http.HttpServer2 (HttpServer2.java:addGlobalFilter(1036)) - Added global filter 'safety' (class=org.apache.hadoop.hdds.server.http.HttpServer2$QuotingInputFilter)
2023-12-18 19:16:59,754 [main] INFO  http.HttpServer2 (HttpServer2.java:addFilter(1012)) - Added filter static_user_filter (class=org.apache.hadoop.http.lib.StaticUserWebFilter$StaticUserFilter) to context hddsDatanode
2023-12-18 19:16:59,754 [main] INFO  http.HttpServer2 (HttpServer2.java:addFilter(1020)) - Added filter static_user_filter (class=org.apache.hadoop.http.lib.StaticUserWebFilter$StaticUserFilter) to context static
2023-12-18 19:16:59,755 [main] INFO  http.HttpServer2 (HttpServer2.java:addFilter(1020)) - Added filter static_user_filter (class=org.apache.hadoop.http.lib.StaticUserWebFilter$StaticUserFilter) to context logs
2023-12-18 19:16:59,755 [main] INFO  http.BaseHttpServer (BaseHttpServer.java:<init>(189)) - HTTP server of hddsDatanode uses base directory /home/runner/work/ozone/ozone/hadoop-ozone/integration-test/target/test-dir/MiniOzoneClusterImpl-15bbe3be-e687-4529-b164-2adc82dffbd7/datanode-2/meta/webserver
2023-12-18 19:16:59,755 [main] INFO  http.HttpServer2 (HttpServer2.java:bindListener(1236)) - Jetty bound to port 15027
2023-12-18 19:16:59,755 [main] INFO  server.Server (Server.java:doStart(375)) - jetty-9.4.53.v20231009; built: 2023-10-09T12:29:09.265Z; git: 27bde00a0b95a1d5bbee0eae7984f891d2d0f8c9; jvm 1.8.0_392-b08
2023-12-18 19:16:59,757 [main] INFO  server.session (DefaultSessionIdManager.java:doStart(334)) - DefaultSessionIdManager workerName=node0
2023-12-18 19:16:59,757 [main] INFO  server.session (DefaultSessionIdManager.java:doStart(339)) - No SessionScavenger set, using defaults
2023-12-18 19:16:59,757 [main] INFO  server.session (HouseKeeper.java:startScavenging(132)) - node0 Scavenging every 600000ms
2023-12-18 19:16:59,758 [main] INFO  handler.ContextHandler (ContextHandler.java:doStart(921)) - Started o.e.j.s.ServletContextHandler@37aaa8b1{logs,/logs,file:///home/runner/work/ozone/ozone/hadoop-ozone/integration-test/target/log,AVAILABLE}
2023-12-18 19:16:59,758 [main] INFO  handler.ContextHandler (ContextHandler.java:doStart(921)) - Started o.e.j.s.ServletContextHandler@59783332{static,/static,jar:file:/home/runner/.m2/repository/org/apache/ozone/hdds-container-service/1.5.0-SNAPSHOT/hdds-container-service-1.5.0-SNAPSHOT.jar!/webapps/static,AVAILABLE}
2023-12-18 19:16:59,792 [main] INFO  handler.ContextHandler (ContextHandler.java:doStart(921)) - Started o.e.j.w.WebAppContext@5c803ec4{hddsDatanode,/,file:///home/runner/work/ozone/ozone/hadoop-ozone/integration-test/target/test-dir/MiniOzoneClusterImpl-15bbe3be-e687-4529-b164-2adc82dffbd7/datanode-2/meta/webserver/jetty-0_0_0_0-15027-hdds-container-service-1_5_0-SNAPSHOT_jar-_-any-5732820786848000013/webapp/,AVAILABLE}{jar:file:/home/runner/.m2/repository/org/apache/ozone/hdds-container-service/1.5.0-SNAPSHOT/hdds-container-service-1.5.0-SNAPSHOT.jar!/webapps/hddsDatanode}
2023-12-18 19:16:59,793 [main] INFO  server.AbstractConnector (AbstractConnector.java:doStart(333)) - Started ServerConnector@7c26b384{HTTP/1.1, (http/1.1)}{0.0.0.0:15027}
2023-12-18 19:16:59,794 [main] INFO  server.Server (Server.java:doStart(415)) - Started @6442ms
2023-12-18 19:16:59,794 [main] WARN  impl.MetricsSystemImpl (MetricsSystemImpl.java:register(279)) - Sink prometheus already exists!
2023-12-18 19:16:59,795 [main] INFO  http.BaseHttpServer (BaseHttpServer.java:updateConnectorAddress(354)) - HTTP server of hddsDatanode listening at http://0.0.0.0:15027
2023-12-18 19:16:59,795 [main] INFO  ipc.CallQueueManager (CallQueueManager.java:<init>(90)) - Using callQueue: class java.util.concurrent.LinkedBlockingQueue, queueCapacity: 100, scheduler: class org.apache.hadoop.ipc.DefaultRpcScheduler, ipcBackoff: false.
2023-12-18 19:16:59,795 [main] INFO  ipc.Server (Server.java:<init>(1287)) - Listener at 0.0.0.0:15028
2023-12-18 19:16:59,795 [Socket Reader #1 for port 15028] INFO  ipc.Server (Server.java:run(1323)) - Starting Socket Reader #1 for port 15028
2023-12-18 19:16:59,803 [main] INFO  ozone.HddsDatanodeService (HddsDatanodeService.java:start(324)) - Datanode start with admins: [runner]
2023-12-18 19:16:59,803 [main] INFO  ozone.HddsDatanodeClientProtocolServer (HddsDatanodeClientProtocolServer.java:start(72)) - RPC server for Client /0.0.0.0:15028
2023-12-18 19:16:59,803 [IPC Server Responder] INFO  ipc.Server (Server.java:run(1562)) - IPC Server Responder: starting
2023-12-18 19:16:59,803 [IPC Server listener on 15028] INFO  ipc.Server (Server.java:run(1402)) - IPC Server listener on 15028: starting
2023-12-18 19:16:59,804 [93699071-0d52-4ef3-adad-6b5a83f48fc5-DatanodeStateMachineDaemonThread] INFO  statemachine.DatanodeStateMachine (DatanodeStateMachine.java:lambda$startDaemon$1(555)) - Ozone container server started.
2023-12-18 19:16:59,805 [main] INFO  ozone.MiniOzoneClusterImpl (MiniOzoneClusterImpl.java:lambda$waitForClusterToBeReady$0(230)) - Waiting for nodes to be ready. Got 0 of 3 DN Heartbeats.
2023-12-18 19:16:59,805 [main] INFO  ozone.MiniOzoneClusterImpl (MiniOzoneClusterImpl.java:lambda$waitForClusterToBeReady$0(233)) - Waiting for cluster to exit safe mode
2023-12-18 19:16:59,806 [main] INFO  ozone.MiniOzoneClusterImpl (MiniOzoneClusterImpl.java:lambda$waitForClusterToBeReady$0(235)) - SCM became leader
2023-12-18 19:16:59,808 [93699071-0d52-4ef3-adad-6b5a83f48fc5-DatanodeStateMachineTaskThread-0] INFO  datanode.InitDatanodeState (InitDatanodeState.java:persistContainerDatanodeDetails(139)) - DatanodeDetails is persisted to /home/runner/work/ozone/ozone/hadoop-ozone/integration-test/target/test-dir/MiniOzoneClusterImpl-15bbe3be-e687-4529-b164-2adc82dffbd7/datanode-2/meta/datanode.id
2023-12-18 19:17:00,099 [om1@group-C5BA1605619E-FollowerState] INFO  impl.FollowerState (FollowerState.java:run(143)) - om1@group-C5BA1605619E-FollowerState: change to CANDIDATE, lastRpcElapsedTime:1110653772ns, electionTimeout:1102ms
2023-12-18 19:17:00,099 [om1@group-C5BA1605619E-FollowerState] INFO  impl.RoleInfo (RoleInfo.java:shutdownFollowerState(110)) - om1: shutdown om1@group-C5BA1605619E-FollowerState
2023-12-18 19:17:00,100 [om1@group-C5BA1605619E-FollowerState] INFO  server.RaftServer$Division (RaftServerImpl.java:setRole(379)) - om1@group-C5BA1605619E: changes role from  FOLLOWER to CANDIDATE at term 0 for changeToCandidate
2023-12-18 19:17:00,102 [om1@group-C5BA1605619E-FollowerState] INFO  server.RaftServerConfigKeys (ConfUtils.java:logGet(46)) - raft.server.leaderelection.pre-vote = true (default)
2023-12-18 19:17:00,102 [om1@group-C5BA1605619E-FollowerState] INFO  impl.RoleInfo (RoleInfo.java:updateAndGet(139)) - om1: start om1@group-C5BA1605619E-LeaderElection1
2023-12-18 19:17:00,106 [om1@group-C5BA1605619E-LeaderElection1] INFO  impl.LeaderElection (LeaderElection.java:askForVotes(323)) - om1@group-C5BA1605619E-LeaderElection1 PRE_VOTE round 0: submit vote requests at term 0 for -1: peers:[om1|localhost:15007]|listeners:[], old=null
2023-12-18 19:17:00,107 [om1@group-C5BA1605619E-LeaderElection1] INFO  impl.LeaderElection (LeaderElection.java:askForVotes(325)) - om1@group-C5BA1605619E-LeaderElection1 PRE_VOTE round 0: result PASSED (term=0)
2023-12-18 19:17:00,109 [om1@group-C5BA1605619E-LeaderElection1] INFO  impl.LeaderElection (LeaderElection.java:askForVotes(323)) - om1@group-C5BA1605619E-LeaderElection1 ELECTION round 0: submit vote requests at term 1 for -1: peers:[om1|localhost:15007]|listeners:[], old=null
2023-12-18 19:17:00,109 [om1@group-C5BA1605619E-LeaderElection1] INFO  impl.LeaderElection (LeaderElection.java:askForVotes(325)) - om1@group-C5BA1605619E-LeaderElection1 ELECTION round 0: result PASSED (term=1)
2023-12-18 19:17:00,109 [om1@group-C5BA1605619E-LeaderElection1] INFO  impl.RoleInfo (RoleInfo.java:shutdownLeaderElection(130)) - om1: shutdown om1@group-C5BA1605619E-LeaderElection1
2023-12-18 19:17:00,109 [om1@group-C5BA1605619E-LeaderElection1] INFO  server.RaftServer$Division (RaftServerImpl.java:setRole(379)) - om1@group-C5BA1605619E: changes role from CANDIDATE to LEADER at term 1 for changeToLeader
2023-12-18 19:17:00,114 [om1@group-C5BA1605619E-LeaderElection1] INFO  server.RaftServerConfigKeys (ConfUtils.java:logGet(46)) - raft.server.staging.catchup.gap = 1000 (default)
2023-12-18 19:17:00,118 [om1@group-C5BA1605619E-LeaderElection1] INFO  server.RaftServerConfigKeys (ConfUtils.java:logGet(46)) - raft.server.write.element-limit = 4096 (default)
2023-12-18 19:17:00,118 [om1@group-C5BA1605619E-LeaderElection1] INFO  server.RaftServerConfigKeys (ConfUtils.java:logGet(46)) - raft.server.write.byte-limit = 64MB (=67108864) (default)
2023-12-18 19:17:00,121 [om1@group-C5BA1605619E-LeaderElection1] INFO  server.RaftServerConfigKeys (ConfUtils.java:logGet(46)) - raft.server.watch.timeout = 10s (default)
2023-12-18 19:17:00,121 [om1@group-C5BA1605619E-LeaderElection1] INFO  server.RaftServerConfigKeys (ConfUtils.java:logGet(46)) - raft.server.watch.timeout.denomination = 1s (default)
2023-12-18 19:17:00,121 [om1@group-C5BA1605619E-LeaderElection1] INFO  server.RaftServerConfigKeys (ConfUtils.java:logGet(46)) - raft.server.watch.element-limit = 65536 (default)
2023-12-18 19:17:00,125 [om1@group-C5BA1605619E-LeaderElection1] INFO  server.RaftServerConfigKeys (ConfUtils.java:logGet(46)) - raft.server.read.leader.lease.enabled = false (default)
2023-12-18 19:17:00,127 [om1@group-C5BA1605619E-LeaderElection1] INFO  server.RaftServerConfigKeys (ConfUtils.java:logGet(46)) - raft.server.read.leader.lease.timeout.ratio = 0.9 (default)
2023-12-18 19:17:00,127 [om1@group-C5BA1605619E-LeaderElection1] INFO  server.RaftServerConfigKeys (ConfUtils.java:logGet(46)) - raft.server.rpc.timeout.min = 1s (custom)
2023-12-18 19:17:00,127 [om1@group-C5BA1605619E-LeaderElection1] INFO  server.RaftServerConfigKeys (ConfUtils.java:logGet(46)) - raft.server.write.element-limit = 4096 (default)
2023-12-18 19:17:00,127 [om1@group-C5BA1605619E-LeaderElection1] INFO  server.RaftServerConfigKeys (ConfUtils.java:logGet(46)) - raft.server.write.follower.gap.ratio.max = -1.0 (default)
2023-12-18 19:17:00,128 [om1@group-C5BA1605619E-LeaderElection1] INFO  impl.RoleInfo (RoleInfo.java:updateAndGet(139)) - om1: start om1@group-C5BA1605619E-LeaderStateImpl
2023-12-18 19:17:00,129 [om1@group-C5BA1605619E-LeaderElection1] INFO  server.RaftServer$Division (RaftServerImpl.java:setFirstElection(564)) - om1@group-C5BA1605619E: set firstElectionSinceStartup to false for becomeLeader
2023-12-18 19:17:00,130 [om1@group-C5BA1605619E-LeaderElection1] INFO  server.RaftServer$Division (ServerState.java:setLeader(265)) - om1@group-C5BA1605619E: change Leader from null to om1 at term 1 for becomeLeader, leader elected after 1844ms
2023-12-18 19:17:00,147 [om1@group-C5BA1605619E-LeaderElection1] INFO  segmented.SegmentedRaftLogWorker (SegmentedRaftLogWorker.java:startLogSegment(428)) - om1@group-C5BA1605619E-SegmentedRaftLogWorker: Starting segment from index:0
2023-12-18 19:17:00,165 [om1@group-C5BA1605619E-LeaderElection1] INFO  server.RaftServer$Division (ServerState.java:setRaftConf(382)) - om1@group-C5BA1605619E: set configuration 0: peers:[om1|localhost:15007]|listeners:[], old=null
2023-12-18 19:17:00,223 [om1@group-C5BA1605619E-SegmentedRaftLogWorker] INFO  segmented.SegmentedRaftLogWorker (SegmentedRaftLogWorker.java:execute(632)) - om1@group-C5BA1605619E-SegmentedRaftLogWorker: created new log segment /home/runner/work/ozone/ozone/hadoop-ozone/integration-test/target/test-dir/MiniOzoneClusterImpl-15bbe3be-e687-4529-b164-2adc82dffbd7/ozone-meta/ratis/bf265839-605b-3f16-9796-c5ba1605619e/current/log_inprogress_0
2023-12-18 19:17:00,295 [om1@group-C5BA1605619E-StateMachineUpdater] INFO  ratis.OzoneManagerStateMachine (OzoneManagerStateMachine.java:notifyConfigurationChanged(210)) - Received Configuration change notification from Ratis. New Peer list:
[id: "om1"
address: "localhost:15007"
startupRole: FOLLOWER
]
2023-12-18 19:17:00,296 [om1@group-C5BA1605619E-StateMachineUpdater] INFO  server.RaftServer$Division (LeaderStateImpl.java:isApplied(316)) - leader is ready since appliedIndex == 0 >= startIndex == 0
2023-12-18 19:17:00,806 [main] INFO  ozone.MiniOzoneClusterImpl (MiniOzoneClusterImpl.java:lambda$waitForClusterToBeReady$0(230)) - Waiting for nodes to be ready. Got 0 of 3 DN Heartbeats.
2023-12-18 19:17:00,806 [main] INFO  ozone.MiniOzoneClusterImpl (MiniOzoneClusterImpl.java:lambda$waitForClusterToBeReady$0(233)) - Waiting for cluster to exit safe mode
2023-12-18 19:17:00,806 [main] INFO  ozone.MiniOzoneClusterImpl (MiniOzoneClusterImpl.java:lambda$waitForClusterToBeReady$0(235)) - SCM became leader
2023-12-18 19:17:01,644 [ded5b85a-ec0d-4a71-9db9-83b101b9c9ad-EndpointStateMachineTaskThread-/0.0.0.0:15002-0 ] INFO  utils.DatanodeStoreCache (DatanodeStoreCache.java:addDB(66)) - Added db /home/runner/work/ozone/ozone/hadoop-ozone/integration-test/target/test-dir/MiniOzoneClusterImpl-15bbe3be-e687-4529-b164-2adc82dffbd7/datanode-0/data-0/containers/hdds/15bbe3be-e687-4529-b164-2adc82dffbd7/DS-8e8d9abe-0cd8-4d06-95ee-4ecfbeec54a9/container.db to cache
2023-12-18 19:17:01,645 [ded5b85a-ec0d-4a71-9db9-83b101b9c9ad-EndpointStateMachineTaskThread-/0.0.0.0:15002-0 ] INFO  volume.HddsVolume (HddsVolume.java:createDbStore(422)) - SchemaV3 db is created and loaded at /home/runner/work/ozone/ozone/hadoop-ozone/integration-test/target/test-dir/MiniOzoneClusterImpl-15bbe3be-e687-4529-b164-2adc82dffbd7/datanode-0/data-0/containers/hdds/15bbe3be-e687-4529-b164-2adc82dffbd7/DS-8e8d9abe-0cd8-4d06-95ee-4ecfbeec54a9/container.db for volume DS-8e8d9abe-0cd8-4d06-95ee-4ecfbeec54a9
2023-12-18 19:17:01,647 [ded5b85a-ec0d-4a71-9db9-83b101b9c9ad-EndpointStateMachineTaskThread-/0.0.0.0:15002-0 ] INFO  volume.ThrottledAsyncChecker (ThrottledAsyncChecker.java:schedule(141)) - Scheduling a check for /home/runner/work/ozone/ozone/hadoop-ozone/integration-test/target/test-dir/MiniOzoneClusterImpl-15bbe3be-e687-4529-b164-2adc82dffbd7/datanode-0/data-0/containers/hdds
2023-12-18 19:17:01,658 [ded5b85a-ec0d-4a71-9db9-83b101b9c9ad-EndpointStateMachineTaskThread-/0.0.0.0:15002-0 ] INFO  volume.StorageVolumeChecker (StorageVolumeChecker.java:checkAllVolumes(218)) - Scheduled health check for volume /home/runner/work/ozone/ozone/hadoop-ozone/integration-test/target/test-dir/MiniOzoneClusterImpl-15bbe3be-e687-4529-b164-2adc82dffbd7/datanode-0/data-0/containers/hdds
2023-12-18 19:17:01,659 [ded5b85a-ec0d-4a71-9db9-83b101b9c9ad-EndpointStateMachineTaskThread-/0.0.0.0:15002-0 ] INFO  volume.ThrottledAsyncChecker (ThrottledAsyncChecker.java:schedule(141)) - Scheduling a check for /home/runner/work/ozone/ozone/hadoop-ozone/integration-test/target/test-dir/MiniOzoneClusterImpl-15bbe3be-e687-4529-b164-2adc82dffbd7/datanode-0/data/ratis
2023-12-18 19:17:01,659 [ded5b85a-ec0d-4a71-9db9-83b101b9c9ad-EndpointStateMachineTaskThread-/0.0.0.0:15002-0 ] INFO  volume.StorageVolumeChecker (StorageVolumeChecker.java:checkAllVolumes(218)) - Scheduled health check for volume /home/runner/work/ozone/ozone/hadoop-ozone/integration-test/target/test-dir/MiniOzoneClusterImpl-15bbe3be-e687-4529-b164-2adc82dffbd7/datanode-0/data/ratis
2023-12-18 19:17:01,660 [ded5b85a-ec0d-4a71-9db9-83b101b9c9ad-EndpointStateMachineTaskThread-/0.0.0.0:15002-0 ] INFO  ozoneimpl.OzoneContainer (OzoneContainer.java:start(441)) - Attempting to start container services.
2023-12-18 19:17:01,662 [ded5b85a-ec0d-4a71-9db9-83b101b9c9ad-EndpointStateMachineTaskThread-/0.0.0.0:15002-0 ] INFO  ozoneimpl.OzoneContainer (OzoneContainer.java:startContainerScrub(337)) - Scheduled background container scanners and the on-demand container scanner have been disabled.
2023-12-18 19:17:01,663 [ded5b85a-ec0d-4a71-9db9-83b101b9c9ad-EndpointStateMachineTaskThread-/0.0.0.0:15002-0 ] INFO  replication.ReplicationServer (ReplicationServer.java:start(139)) - ReplicationServer is started using port 15016
2023-12-18 19:17:01,663 [ded5b85a-ec0d-4a71-9db9-83b101b9c9ad-EndpointStateMachineTaskThread-/0.0.0.0:15002-0 ] INFO  ratis.XceiverServerRatis (XceiverServerRatis.java:start(548)) - Starting XceiverServerRatis ded5b85a-ec0d-4a71-9db9-83b101b9c9ad
2023-12-18 19:17:01,664 [ded5b85a-ec0d-4a71-9db9-83b101b9c9ad-EndpointStateMachineTaskThread-/0.0.0.0:15002-0 ] INFO  server.RaftServer (RaftServerProxy.java:startImpl(406)) - ded5b85a-ec0d-4a71-9db9-83b101b9c9ad: start RPC server
2023-12-18 19:17:01,679 [ded5b85a-ec0d-4a71-9db9-83b101b9c9ad-EndpointStateMachineTaskThread-/0.0.0.0:15002-0 ] INFO  server.GrpcService (GrpcService.java:startImpl(302)) - ded5b85a-ec0d-4a71-9db9-83b101b9c9ad: GrpcService started, listening on 15012
2023-12-18 19:17:01,681 [ded5b85a-ec0d-4a71-9db9-83b101b9c9ad-EndpointStateMachineTaskThread-/0.0.0.0:15002-0 ] INFO  server.GrpcService (GrpcService.java:startImpl(302)) - ded5b85a-ec0d-4a71-9db9-83b101b9c9ad: GrpcService started, listening on 15014
2023-12-18 19:17:01,682 [ded5b85a-ec0d-4a71-9db9-83b101b9c9ad-EndpointStateMachineTaskThread-/0.0.0.0:15002-0 ] INFO  server.GrpcService (GrpcService.java:startImpl(302)) - ded5b85a-ec0d-4a71-9db9-83b101b9c9ad: GrpcService started, listening on 15013
2023-12-18 19:17:01,683 [JvmPauseMonitor2] INFO  util.JvmPauseMonitor (JvmPauseMonitor.java:run(146)) - JvmPauseMonitor-ded5b85a-ec0d-4a71-9db9-83b101b9c9ad: Started
2023-12-18 19:17:01,683 [ded5b85a-ec0d-4a71-9db9-83b101b9c9ad-EndpointStateMachineTaskThread-/0.0.0.0:15002-0 ] INFO  ratis.XceiverServerRatis (XceiverServerRatis.java:getRealPort(574)) - XceiverServerRatis ded5b85a-ec0d-4a71-9db9-83b101b9c9ad is started using port 15012 for RATIS
2023-12-18 19:17:01,683 [ded5b85a-ec0d-4a71-9db9-83b101b9c9ad-EndpointStateMachineTaskThread-/0.0.0.0:15002-0 ] INFO  ratis.XceiverServerRatis (XceiverServerRatis.java:getRealPort(574)) - XceiverServerRatis ded5b85a-ec0d-4a71-9db9-83b101b9c9ad is started using port 15013 for RATIS_ADMIN
2023-12-18 19:17:01,683 [ded5b85a-ec0d-4a71-9db9-83b101b9c9ad-EndpointStateMachineTaskThread-/0.0.0.0:15002-0 ] INFO  ratis.XceiverServerRatis (XceiverServerRatis.java:getRealPort(574)) - XceiverServerRatis ded5b85a-ec0d-4a71-9db9-83b101b9c9ad is started using port 15014 for RATIS_SERVER
2023-12-18 19:17:01,683 [ded5b85a-ec0d-4a71-9db9-83b101b9c9ad-EndpointStateMachineTaskThread-/0.0.0.0:15002-0 ] INFO  ratis.XceiverServerRatis (XceiverServerRatis.java:getRealPort(574)) - XceiverServerRatis ded5b85a-ec0d-4a71-9db9-83b101b9c9ad is started using port 15015 for RATIS_DATASTREAM
2023-12-18 19:17:01,689 [ded5b85a-ec0d-4a71-9db9-83b101b9c9ad-BlockDeletingService#0] INFO  interfaces.ContainerDeletionChoosingPolicyTemplate (ContainerDeletionChoosingPolicyTemplate.java:chooseContainerForBlockDeletion(85)) - Chosen 0/5000 blocks from 0 candidate containers.
2023-12-18 19:17:01,724 [089733a5-f6c3-45b8-9d3f-1c158e6a3dcf-EndpointStateMachineTaskThread-/0.0.0.0:15002-0 ] INFO  utils.DatanodeStoreCache (DatanodeStoreCache.java:addDB(66)) - Added db /home/runner/work/ozone/ozone/hadoop-ozone/integration-test/target/test-dir/MiniOzoneClusterImpl-15bbe3be-e687-4529-b164-2adc82dffbd7/datanode-1/data-0/containers/hdds/15bbe3be-e687-4529-b164-2adc82dffbd7/DS-8e0932cd-c76b-496b-895a-006c60e76da7/container.db to cache
2023-12-18 19:17:01,724 [089733a5-f6c3-45b8-9d3f-1c158e6a3dcf-EndpointStateMachineTaskThread-/0.0.0.0:15002-0 ] INFO  volume.HddsVolume (HddsVolume.java:createDbStore(422)) - SchemaV3 db is created and loaded at /home/runner/work/ozone/ozone/hadoop-ozone/integration-test/target/test-dir/MiniOzoneClusterImpl-15bbe3be-e687-4529-b164-2adc82dffbd7/datanode-1/data-0/containers/hdds/15bbe3be-e687-4529-b164-2adc82dffbd7/DS-8e0932cd-c76b-496b-895a-006c60e76da7/container.db for volume DS-8e0932cd-c76b-496b-895a-006c60e76da7
2023-12-18 19:17:01,726 [089733a5-f6c3-45b8-9d3f-1c158e6a3dcf-EndpointStateMachineTaskThread-/0.0.0.0:15002-0 ] INFO  volume.ThrottledAsyncChecker (ThrottledAsyncChecker.java:schedule(141)) - Scheduling a check for /home/runner/work/ozone/ozone/hadoop-ozone/integration-test/target/test-dir/MiniOzoneClusterImpl-15bbe3be-e687-4529-b164-2adc82dffbd7/datanode-1/data-0/containers/hdds
2023-12-18 19:17:01,726 [089733a5-f6c3-45b8-9d3f-1c158e6a3dcf-EndpointStateMachineTaskThread-/0.0.0.0:15002-0 ] INFO  volume.StorageVolumeChecker (StorageVolumeChecker.java:checkAllVolumes(218)) - Scheduled health check for volume /home/runner/work/ozone/ozone/hadoop-ozone/integration-test/target/test-dir/MiniOzoneClusterImpl-15bbe3be-e687-4529-b164-2adc82dffbd7/datanode-1/data-0/containers/hdds
2023-12-18 19:17:01,728 [089733a5-f6c3-45b8-9d3f-1c158e6a3dcf-EndpointStateMachineTaskThread-/0.0.0.0:15002-0 ] INFO  volume.ThrottledAsyncChecker (ThrottledAsyncChecker.java:schedule(141)) - Scheduling a check for /home/runner/work/ozone/ozone/hadoop-ozone/integration-test/target/test-dir/MiniOzoneClusterImpl-15bbe3be-e687-4529-b164-2adc82dffbd7/datanode-1/data/ratis
2023-12-18 19:17:01,728 [089733a5-f6c3-45b8-9d3f-1c158e6a3dcf-EndpointStateMachineTaskThread-/0.0.0.0:15002-0 ] INFO  volume.StorageVolumeChecker (StorageVolumeChecker.java:checkAllVolumes(218)) - Scheduled health check for volume /home/runner/work/ozone/ozone/hadoop-ozone/integration-test/target/test-dir/MiniOzoneClusterImpl-15bbe3be-e687-4529-b164-2adc82dffbd7/datanode-1/data/ratis
2023-12-18 19:17:01,729 [089733a5-f6c3-45b8-9d3f-1c158e6a3dcf-EndpointStateMachineTaskThread-/0.0.0.0:15002-0 ] INFO  ozoneimpl.OzoneContainer (OzoneContainer.java:start(441)) - Attempting to start container services.
2023-12-18 19:17:01,729 [089733a5-f6c3-45b8-9d3f-1c158e6a3dcf-EndpointStateMachineTaskThread-/0.0.0.0:15002-0 ] INFO  ozoneimpl.OzoneContainer (OzoneContainer.java:startContainerScrub(337)) - Scheduled background container scanners and the on-demand container scanner have been disabled.
2023-12-18 19:17:01,735 [089733a5-f6c3-45b8-9d3f-1c158e6a3dcf-EndpointStateMachineTaskThread-/0.0.0.0:15002-0 ] INFO  replication.ReplicationServer (ReplicationServer.java:start(139)) - ReplicationServer is started using port 15025
2023-12-18 19:17:01,735 [089733a5-f6c3-45b8-9d3f-1c158e6a3dcf-EndpointStateMachineTaskThread-/0.0.0.0:15002-0 ] INFO  ratis.XceiverServerRatis (XceiverServerRatis.java:start(548)) - Starting XceiverServerRatis 089733a5-f6c3-45b8-9d3f-1c158e6a3dcf
2023-12-18 19:17:01,736 [089733a5-f6c3-45b8-9d3f-1c158e6a3dcf-EndpointStateMachineTaskThread-/0.0.0.0:15002-0 ] INFO  server.RaftServer (RaftServerProxy.java:startImpl(406)) - 089733a5-f6c3-45b8-9d3f-1c158e6a3dcf: start RPC server
2023-12-18 19:17:01,737 [089733a5-f6c3-45b8-9d3f-1c158e6a3dcf-EndpointStateMachineTaskThread-/0.0.0.0:15002-0 ] INFO  server.GrpcService (GrpcService.java:startImpl(302)) - 089733a5-f6c3-45b8-9d3f-1c158e6a3dcf: GrpcService started, listening on 15021
2023-12-18 19:17:01,737 [089733a5-f6c3-45b8-9d3f-1c158e6a3dcf-EndpointStateMachineTaskThread-/0.0.0.0:15002-0 ] INFO  server.GrpcService (GrpcService.java:startImpl(302)) - 089733a5-f6c3-45b8-9d3f-1c158e6a3dcf: GrpcService started, listening on 15023
2023-12-18 19:17:01,739 [089733a5-f6c3-45b8-9d3f-1c158e6a3dcf-EndpointStateMachineTaskThread-/0.0.0.0:15002-0 ] INFO  server.GrpcService (GrpcService.java:startImpl(302)) - 089733a5-f6c3-45b8-9d3f-1c158e6a3dcf: GrpcService started, listening on 15022
2023-12-18 19:17:01,739 [089733a5-f6c3-45b8-9d3f-1c158e6a3dcf-EndpointStateMachineTaskThread-/0.0.0.0:15002-0 ] INFO  ratis.XceiverServerRatis (XceiverServerRatis.java:getRealPort(574)) - XceiverServerRatis 089733a5-f6c3-45b8-9d3f-1c158e6a3dcf is started using port 15021 for RATIS
2023-12-18 19:17:01,739 [JvmPauseMonitor3] INFO  util.JvmPauseMonitor (JvmPauseMonitor.java:run(146)) - JvmPauseMonitor-089733a5-f6c3-45b8-9d3f-1c158e6a3dcf: Started
2023-12-18 19:17:01,743 [089733a5-f6c3-45b8-9d3f-1c158e6a3dcf-EndpointStateMachineTaskThread-/0.0.0.0:15002-0 ] INFO  ratis.XceiverServerRatis (XceiverServerRatis.java:getRealPort(574)) - XceiverServerRatis 089733a5-f6c3-45b8-9d3f-1c158e6a3dcf is started using port 15022 for RATIS_ADMIN
2023-12-18 19:17:01,743 [089733a5-f6c3-45b8-9d3f-1c158e6a3dcf-EndpointStateMachineTaskThread-/0.0.0.0:15002-0 ] INFO  ratis.XceiverServerRatis (XceiverServerRatis.java:getRealPort(574)) - XceiverServerRatis 089733a5-f6c3-45b8-9d3f-1c158e6a3dcf is started using port 15023 for RATIS_SERVER
2023-12-18 19:17:01,743 [089733a5-f6c3-45b8-9d3f-1c158e6a3dcf-EndpointStateMachineTaskThread-/0.0.0.0:15002-0 ] INFO  ratis.XceiverServerRatis (XceiverServerRatis.java:getRealPort(574)) - XceiverServerRatis 089733a5-f6c3-45b8-9d3f-1c158e6a3dcf is started using port 15024 for RATIS_DATASTREAM
2023-12-18 19:17:01,745 [089733a5-f6c3-45b8-9d3f-1c158e6a3dcf-BlockDeletingService#0] INFO  interfaces.ContainerDeletionChoosingPolicyTemplate (ContainerDeletionChoosingPolicyTemplate.java:chooseContainerForBlockDeletion(85)) - Chosen 0/5000 blocks from 0 candidate containers.
2023-12-18 19:17:01,790 [ded5b85a-ec0d-4a71-9db9-83b101b9c9ad-BlockDeletingService#0] INFO  interfaces.ContainerDeletionChoosingPolicyTemplate (ContainerDeletionChoosingPolicyTemplate.java:chooseContainerForBlockDeletion(85)) - Chosen 0/5000 blocks from 0 candidate containers.
2023-12-18 19:17:01,806 [main] INFO  ozone.MiniOzoneClusterImpl (MiniOzoneClusterImpl.java:lambda$waitForClusterToBeReady$0(230)) - Waiting for nodes to be ready. Got 0 of 3 DN Heartbeats.
2023-12-18 19:17:01,807 [main] INFO  ozone.MiniOzoneClusterImpl (MiniOzoneClusterImpl.java:lambda$waitForClusterToBeReady$0(233)) - Waiting for cluster to exit safe mode
2023-12-18 19:17:01,807 [main] INFO  ozone.MiniOzoneClusterImpl (MiniOzoneClusterImpl.java:lambda$waitForClusterToBeReady$0(235)) - SCM became leader
2023-12-18 19:17:01,827 [93699071-0d52-4ef3-adad-6b5a83f48fc5-EndpointStateMachineTaskThread-/0.0.0.0:15002-0 ] INFO  utils.DatanodeStoreCache (DatanodeStoreCache.java:addDB(66)) - Added db /home/runner/work/ozone/ozone/hadoop-ozone/integration-test/target/test-dir/MiniOzoneClusterImpl-15bbe3be-e687-4529-b164-2adc82dffbd7/datanode-2/data-0/containers/hdds/15bbe3be-e687-4529-b164-2adc82dffbd7/DS-c1abc522-2b83-4dcb-9a3c-c5f41f15e4f6/container.db to cache
2023-12-18 19:17:01,827 [93699071-0d52-4ef3-adad-6b5a83f48fc5-EndpointStateMachineTaskThread-/0.0.0.0:15002-0 ] INFO  volume.HddsVolume (HddsVolume.java:createDbStore(422)) - SchemaV3 db is created and loaded at /home/runner/work/ozone/ozone/hadoop-ozone/integration-test/target/test-dir/MiniOzoneClusterImpl-15bbe3be-e687-4529-b164-2adc82dffbd7/datanode-2/data-0/containers/hdds/15bbe3be-e687-4529-b164-2adc82dffbd7/DS-c1abc522-2b83-4dcb-9a3c-c5f41f15e4f6/container.db for volume DS-c1abc522-2b83-4dcb-9a3c-c5f41f15e4f6
2023-12-18 19:17:01,829 [93699071-0d52-4ef3-adad-6b5a83f48fc5-EndpointStateMachineTaskThread-/0.0.0.0:15002-0 ] INFO  volume.ThrottledAsyncChecker (ThrottledAsyncChecker.java:schedule(141)) - Scheduling a check for /home/runner/work/ozone/ozone/hadoop-ozone/integration-test/target/test-dir/MiniOzoneClusterImpl-15bbe3be-e687-4529-b164-2adc82dffbd7/datanode-2/data-0/containers/hdds
2023-12-18 19:17:01,829 [93699071-0d52-4ef3-adad-6b5a83f48fc5-EndpointStateMachineTaskThread-/0.0.0.0:15002-0 ] INFO  volume.StorageVolumeChecker (StorageVolumeChecker.java:checkAllVolumes(218)) - Scheduled health check for volume /home/runner/work/ozone/ozone/hadoop-ozone/integration-test/target/test-dir/MiniOzoneClusterImpl-15bbe3be-e687-4529-b164-2adc82dffbd7/datanode-2/data-0/containers/hdds
2023-12-18 19:17:01,830 [93699071-0d52-4ef3-adad-6b5a83f48fc5-EndpointStateMachineTaskThread-/0.0.0.0:15002-0 ] INFO  volume.ThrottledAsyncChecker (ThrottledAsyncChecker.java:schedule(141)) - Scheduling a check for /home/runner/work/ozone/ozone/hadoop-ozone/integration-test/target/test-dir/MiniOzoneClusterImpl-15bbe3be-e687-4529-b164-2adc82dffbd7/datanode-2/data/ratis
2023-12-18 19:17:01,830 [93699071-0d52-4ef3-adad-6b5a83f48fc5-EndpointStateMachineTaskThread-/0.0.0.0:15002-0 ] INFO  volume.StorageVolumeChecker (StorageVolumeChecker.java:checkAllVolumes(218)) - Scheduled health check for volume /home/runner/work/ozone/ozone/hadoop-ozone/integration-test/target/test-dir/MiniOzoneClusterImpl-15bbe3be-e687-4529-b164-2adc82dffbd7/datanode-2/data/ratis
2023-12-18 19:17:01,831 [93699071-0d52-4ef3-adad-6b5a83f48fc5-EndpointStateMachineTaskThread-/0.0.0.0:15002-0 ] INFO  ozoneimpl.OzoneContainer (OzoneContainer.java:start(441)) - Attempting to start container services.
2023-12-18 19:17:01,831 [93699071-0d52-4ef3-adad-6b5a83f48fc5-EndpointStateMachineTaskThread-/0.0.0.0:15002-0 ] INFO  ozoneimpl.OzoneContainer (OzoneContainer.java:startContainerScrub(337)) - Scheduled background container scanners and the on-demand container scanner have been disabled.
2023-12-18 19:17:01,832 [93699071-0d52-4ef3-adad-6b5a83f48fc5-EndpointStateMachineTaskThread-/0.0.0.0:15002-0 ] INFO  replication.ReplicationServer (ReplicationServer.java:start(139)) - ReplicationServer is started using port 15034
2023-12-18 19:17:01,832 [93699071-0d52-4ef3-adad-6b5a83f48fc5-EndpointStateMachineTaskThread-/0.0.0.0:15002-0 ] INFO  ratis.XceiverServerRatis (XceiverServerRatis.java:start(548)) - Starting XceiverServerRatis 93699071-0d52-4ef3-adad-6b5a83f48fc5
2023-12-18 19:17:01,833 [93699071-0d52-4ef3-adad-6b5a83f48fc5-EndpointStateMachineTaskThread-/0.0.0.0:15002-0 ] INFO  server.RaftServer (RaftServerProxy.java:startImpl(406)) - 93699071-0d52-4ef3-adad-6b5a83f48fc5: start RPC server
2023-12-18 19:17:01,834 [93699071-0d52-4ef3-adad-6b5a83f48fc5-EndpointStateMachineTaskThread-/0.0.0.0:15002-0 ] INFO  server.GrpcService (GrpcService.java:startImpl(302)) - 93699071-0d52-4ef3-adad-6b5a83f48fc5: GrpcService started, listening on 15030
2023-12-18 19:17:01,835 [93699071-0d52-4ef3-adad-6b5a83f48fc5-EndpointStateMachineTaskThread-/0.0.0.0:15002-0 ] INFO  server.GrpcService (GrpcService.java:startImpl(302)) - 93699071-0d52-4ef3-adad-6b5a83f48fc5: GrpcService started, listening on 15032
2023-12-18 19:17:01,836 [93699071-0d52-4ef3-adad-6b5a83f48fc5-EndpointStateMachineTaskThread-/0.0.0.0:15002-0 ] INFO  server.GrpcService (GrpcService.java:startImpl(302)) - 93699071-0d52-4ef3-adad-6b5a83f48fc5: GrpcService started, listening on 15031
2023-12-18 19:17:01,836 [93699071-0d52-4ef3-adad-6b5a83f48fc5-EndpointStateMachineTaskThread-/0.0.0.0:15002-0 ] INFO  ratis.XceiverServerRatis (XceiverServerRatis.java:getRealPort(574)) - XceiverServerRatis 93699071-0d52-4ef3-adad-6b5a83f48fc5 is started using port 15030 for RATIS
2023-12-18 19:17:01,836 [JvmPauseMonitor4] INFO  util.JvmPauseMonitor (JvmPauseMonitor.java:run(146)) - JvmPauseMonitor-93699071-0d52-4ef3-adad-6b5a83f48fc5: Started
2023-12-18 19:17:01,836 [93699071-0d52-4ef3-adad-6b5a83f48fc5-EndpointStateMachineTaskThread-/0.0.0.0:15002-0 ] INFO  ratis.XceiverServerRatis (XceiverServerRatis.java:getRealPort(574)) - XceiverServerRatis 93699071-0d52-4ef3-adad-6b5a83f48fc5 is started using port 15031 for RATIS_ADMIN
2023-12-18 19:17:01,837 [93699071-0d52-4ef3-adad-6b5a83f48fc5-EndpointStateMachineTaskThread-/0.0.0.0:15002-0 ] INFO  ratis.XceiverServerRatis (XceiverServerRatis.java:getRealPort(574)) - XceiverServerRatis 93699071-0d52-4ef3-adad-6b5a83f48fc5 is started using port 15032 for RATIS_SERVER
2023-12-18 19:17:01,837 [93699071-0d52-4ef3-adad-6b5a83f48fc5-EndpointStateMachineTaskThread-/0.0.0.0:15002-0 ] INFO  ratis.XceiverServerRatis (XceiverServerRatis.java:getRealPort(574)) - XceiverServerRatis 93699071-0d52-4ef3-adad-6b5a83f48fc5 is started using port 15033 for RATIS_DATASTREAM
2023-12-18 19:17:01,839 [93699071-0d52-4ef3-adad-6b5a83f48fc5-BlockDeletingService#0] INFO  interfaces.ContainerDeletionChoosingPolicyTemplate (ContainerDeletionChoosingPolicyTemplate.java:chooseContainerForBlockDeletion(85)) - Chosen 0/5000 blocks from 0 candidate containers.
2023-12-18 19:17:01,848 [089733a5-f6c3-45b8-9d3f-1c158e6a3dcf-BlockDeletingService#0] INFO  interfaces.ContainerDeletionChoosingPolicyTemplate (ContainerDeletionChoosingPolicyTemplate.java:chooseContainerForBlockDeletion(85)) - Chosen 0/5000 blocks from 0 candidate containers.
2023-12-18 19:17:01,890 [ded5b85a-ec0d-4a71-9db9-83b101b9c9ad-BlockDeletingService#1] INFO  interfaces.ContainerDeletionChoosingPolicyTemplate (ContainerDeletionChoosingPolicyTemplate.java:chooseContainerForBlockDeletion(85)) - Chosen 0/5000 blocks from 0 candidate containers.
2023-12-18 19:17:01,939 [93699071-0d52-4ef3-adad-6b5a83f48fc5-BlockDeletingService#0] INFO  interfaces.ContainerDeletionChoosingPolicyTemplate (ContainerDeletionChoosingPolicyTemplate.java:chooseContainerForBlockDeletion(85)) - Chosen 0/5000 blocks from 0 candidate containers.
2023-12-18 19:17:01,948 [089733a5-f6c3-45b8-9d3f-1c158e6a3dcf-BlockDeletingService#1] INFO  interfaces.ContainerDeletionChoosingPolicyTemplate (ContainerDeletionChoosingPolicyTemplate.java:chooseContainerForBlockDeletion(85)) - Chosen 0/5000 blocks from 0 candidate containers.
2023-12-18 19:17:01,990 [ded5b85a-ec0d-4a71-9db9-83b101b9c9ad-BlockDeletingService#0] INFO  interfaces.ContainerDeletionChoosingPolicyTemplate (ContainerDeletionChoosingPolicyTemplate.java:chooseContainerForBlockDeletion(85)) - Chosen 0/5000 blocks from 0 candidate containers.
2023-12-18 19:17:02,040 [93699071-0d52-4ef3-adad-6b5a83f48fc5-BlockDeletingService#1] INFO  interfaces.ContainerDeletionChoosingPolicyTemplate (ContainerDeletionChoosingPolicyTemplate.java:chooseContainerForBlockDeletion(85)) - Chosen 0/5000 blocks from 0 candidate containers.
2023-12-18 19:17:02,048 [089733a5-f6c3-45b8-9d3f-1c158e6a3dcf-BlockDeletingService#0] INFO  interfaces.ContainerDeletionChoosingPolicyTemplate (ContainerDeletionChoosingPolicyTemplate.java:chooseContainerForBlockDeletion(85)) - Chosen 0/5000 blocks from 0 candidate containers.
2023-12-18 19:17:02,091 [ded5b85a-ec0d-4a71-9db9-83b101b9c9ad-BlockDeletingService#2] INFO  interfaces.ContainerDeletionChoosingPolicyTemplate (ContainerDeletionChoosingPolicyTemplate.java:chooseContainerForBlockDeletion(85)) - Chosen 0/5000 blocks from 0 candidate containers.
2023-12-18 19:17:02,140 [93699071-0d52-4ef3-adad-6b5a83f48fc5-BlockDeletingService#0] INFO  interfaces.ContainerDeletionChoosingPolicyTemplate (ContainerDeletionChoosingPolicyTemplate.java:chooseContainerForBlockDeletion(85)) - Chosen 0/5000 blocks from 0 candidate containers.
2023-12-18 19:17:02,149 [089733a5-f6c3-45b8-9d3f-1c158e6a3dcf-BlockDeletingService#2] INFO  interfaces.ContainerDeletionChoosingPolicyTemplate (ContainerDeletionChoosingPolicyTemplate.java:chooseContainerForBlockDeletion(85)) - Chosen 0/5000 blocks from 0 candidate containers.
2023-12-18 19:17:02,191 [ded5b85a-ec0d-4a71-9db9-83b101b9c9ad-BlockDeletingService#1] INFO  interfaces.ContainerDeletionChoosingPolicyTemplate (ContainerDeletionChoosingPolicyTemplate.java:chooseContainerForBlockDeletion(85)) - Chosen 0/5000 blocks from 0 candidate containers.
2023-12-18 19:17:02,240 [93699071-0d52-4ef3-adad-6b5a83f48fc5-BlockDeletingService#2] INFO  interfaces.ContainerDeletionChoosingPolicyTemplate (ContainerDeletionChoosingPolicyTemplate.java:chooseContainerForBlockDeletion(85)) - Chosen 0/5000 blocks from 0 candidate containers.
2023-12-18 19:17:02,249 [089733a5-f6c3-45b8-9d3f-1c158e6a3dcf-BlockDeletingService#1] INFO  interfaces.ContainerDeletionChoosingPolicyTemplate (ContainerDeletionChoosingPolicyTemplate.java:chooseContainerForBlockDeletion(85)) - Chosen 0/5000 blocks from 0 candidate containers.
2023-12-18 19:17:02,291 [ded5b85a-ec0d-4a71-9db9-83b101b9c9ad-BlockDeletingService#3] INFO  interfaces.ContainerDeletionChoosingPolicyTemplate (ContainerDeletionChoosingPolicyTemplate.java:chooseContainerForBlockDeletion(85)) - Chosen 0/5000 blocks from 0 candidate containers.
2023-12-18 19:17:02,341 [93699071-0d52-4ef3-adad-6b5a83f48fc5-BlockDeletingService#1] INFO  interfaces.ContainerDeletionChoosingPolicyTemplate (ContainerDeletionChoosingPolicyTemplate.java:chooseContainerForBlockDeletion(85)) - Chosen 0/5000 blocks from 0 candidate containers.
2023-12-18 19:17:02,349 [089733a5-f6c3-45b8-9d3f-1c158e6a3dcf-BlockDeletingService#3] INFO  interfaces.ContainerDeletionChoosingPolicyTemplate (ContainerDeletionChoosingPolicyTemplate.java:chooseContainerForBlockDeletion(85)) - Chosen 0/5000 blocks from 0 candidate containers.
2023-12-18 19:17:02,391 [ded5b85a-ec0d-4a71-9db9-83b101b9c9ad-BlockDeletingService#0] INFO  interfaces.ContainerDeletionChoosingPolicyTemplate (ContainerDeletionChoosingPolicyTemplate.java:chooseContainerForBlockDeletion(85)) - Chosen 0/5000 blocks from 0 candidate containers.
2023-12-18 19:17:02,441 [93699071-0d52-4ef3-adad-6b5a83f48fc5-BlockDeletingService#3] INFO  interfaces.ContainerDeletionChoosingPolicyTemplate (ContainerDeletionChoosingPolicyTemplate.java:chooseContainerForBlockDeletion(85)) - Chosen 0/5000 blocks from 0 candidate containers.
2023-12-18 19:17:02,449 [089733a5-f6c3-45b8-9d3f-1c158e6a3dcf-BlockDeletingService#0] INFO  interfaces.ContainerDeletionChoosingPolicyTemplate (ContainerDeletionChoosingPolicyTemplate.java:chooseContainerForBlockDeletion(85)) - Chosen 0/5000 blocks from 0 candidate containers.
2023-12-18 19:17:02,492 [ded5b85a-ec0d-4a71-9db9-83b101b9c9ad-BlockDeletingService#4] INFO  interfaces.ContainerDeletionChoosingPolicyTemplate (ContainerDeletionChoosingPolicyTemplate.java:chooseContainerForBlockDeletion(85)) - Chosen 0/5000 blocks from 0 candidate containers.
2023-12-18 19:17:02,541 [93699071-0d52-4ef3-adad-6b5a83f48fc5-BlockDeletingService#0] INFO  interfaces.ContainerDeletionChoosingPolicyTemplate (ContainerDeletionChoosingPolicyTemplate.java:chooseContainerForBlockDeletion(85)) - Chosen 0/5000 blocks from 0 candidate containers.
2023-12-18 19:17:02,550 [089733a5-f6c3-45b8-9d3f-1c158e6a3dcf-BlockDeletingService#4] INFO  interfaces.ContainerDeletionChoosingPolicyTemplate (ContainerDeletionChoosingPolicyTemplate.java:chooseContainerForBlockDeletion(85)) - Chosen 0/5000 blocks from 0 candidate containers.
2023-12-18 19:17:02,592 [ded5b85a-ec0d-4a71-9db9-83b101b9c9ad-BlockDeletingService#2] INFO  interfaces.ContainerDeletionChoosingPolicyTemplate (ContainerDeletionChoosingPolicyTemplate.java:chooseContainerForBlockDeletion(85)) - Chosen 0/5000 blocks from 0 candidate containers.
2023-12-18 19:17:02,641 [93699071-0d52-4ef3-adad-6b5a83f48fc5-BlockDeletingService#4] INFO  interfaces.ContainerDeletionChoosingPolicyTemplate (ContainerDeletionChoosingPolicyTemplate.java:chooseContainerForBlockDeletion(85)) - Chosen 0/5000 blocks from 0 candidate containers.
2023-12-18 19:17:02,650 [089733a5-f6c3-45b8-9d3f-1c158e6a3dcf-BlockDeletingService#2] INFO  interfaces.ContainerDeletionChoosingPolicyTemplate (ContainerDeletionChoosingPolicyTemplate.java:chooseContainerForBlockDeletion(85)) - Chosen 0/5000 blocks from 0 candidate containers.
2023-12-18 19:17:02,692 [ded5b85a-ec0d-4a71-9db9-83b101b9c9ad-BlockDeletingService#2] INFO  interfaces.ContainerDeletionChoosingPolicyTemplate (ContainerDeletionChoosingPolicyTemplate.java:chooseContainerForBlockDeletion(85)) - Chosen 0/5000 blocks from 0 candidate containers.
2023-12-18 19:17:02,742 [93699071-0d52-4ef3-adad-6b5a83f48fc5-BlockDeletingService#2] INFO  interfaces.ContainerDeletionChoosingPolicyTemplate (ContainerDeletionChoosingPolicyTemplate.java:chooseContainerForBlockDeletion(85)) - Chosen 0/5000 blocks from 0 candidate containers.
2023-12-18 19:17:02,750 [089733a5-f6c3-45b8-9d3f-1c158e6a3dcf-BlockDeletingService#2] INFO  interfaces.ContainerDeletionChoosingPolicyTemplate (ContainerDeletionChoosingPolicyTemplate.java:chooseContainerForBlockDeletion(85)) - Chosen 0/5000 blocks from 0 candidate containers.
2023-12-18 19:17:02,792 [ded5b85a-ec0d-4a71-9db9-83b101b9c9ad-BlockDeletingService#2] INFO  interfaces.ContainerDeletionChoosingPolicyTemplate (ContainerDeletionChoosingPolicyTemplate.java:chooseContainerForBlockDeletion(85)) - Chosen 0/5000 blocks from 0 candidate containers.
2023-12-18 19:17:02,807 [main] INFO  ozone.MiniOzoneClusterImpl (MiniOzoneClusterImpl.java:lambda$waitForClusterToBeReady$0(230)) - Waiting for nodes to be ready. Got 0 of 3 DN Heartbeats.
2023-12-18 19:17:02,807 [main] INFO  ozone.MiniOzoneClusterImpl (MiniOzoneClusterImpl.java:lambda$waitForClusterToBeReady$0(233)) - Waiting for cluster to exit safe mode
2023-12-18 19:17:02,807 [main] INFO  ozone.MiniOzoneClusterImpl (MiniOzoneClusterImpl.java:lambda$waitForClusterToBeReady$0(235)) - SCM became leader
2023-12-18 19:17:02,842 [93699071-0d52-4ef3-adad-6b5a83f48fc5-BlockDeletingService#2] INFO  interfaces.ContainerDeletionChoosingPolicyTemplate (ContainerDeletionChoosingPolicyTemplate.java:chooseContainerForBlockDeletion(85)) - Chosen 0/5000 blocks from 0 candidate containers.
2023-12-18 19:17:02,850 [089733a5-f6c3-45b8-9d3f-1c158e6a3dcf-BlockDeletingService#2] INFO  interfaces.ContainerDeletionChoosingPolicyTemplate (ContainerDeletionChoosingPolicyTemplate.java:chooseContainerForBlockDeletion(85)) - Chosen 0/5000 blocks from 0 candidate containers.
2023-12-18 19:17:02,892 [ded5b85a-ec0d-4a71-9db9-83b101b9c9ad-BlockDeletingService#2] INFO  interfaces.ContainerDeletionChoosingPolicyTemplate (ContainerDeletionChoosingPolicyTemplate.java:chooseContainerForBlockDeletion(85)) - Chosen 0/5000 blocks from 0 candidate containers.
2023-12-18 19:17:02,942 [93699071-0d52-4ef3-adad-6b5a83f48fc5-BlockDeletingService#2] INFO  interfaces.ContainerDeletionChoosingPolicyTemplate (ContainerDeletionChoosingPolicyTemplate.java:chooseContainerForBlockDeletion(85)) - Chosen 0/5000 blocks from 0 candidate containers.
2023-12-18 19:17:02,950 [089733a5-f6c3-45b8-9d3f-1c158e6a3dcf-BlockDeletingService#2] INFO  interfaces.ContainerDeletionChoosingPolicyTemplate (ContainerDeletionChoosingPolicyTemplate.java:chooseContainerForBlockDeletion(85)) - Chosen 0/5000 blocks from 0 candidate containers.
2023-12-18 19:17:02,993 [ded5b85a-ec0d-4a71-9db9-83b101b9c9ad-BlockDeletingService#2] INFO  interfaces.ContainerDeletionChoosingPolicyTemplate (ContainerDeletionChoosingPolicyTemplate.java:chooseContainerForBlockDeletion(85)) - Chosen 0/5000 blocks from 0 candidate containers.
2023-12-18 19:17:03,042 [93699071-0d52-4ef3-adad-6b5a83f48fc5-BlockDeletingService#2] INFO  interfaces.ContainerDeletionChoosingPolicyTemplate (ContainerDeletionChoosingPolicyTemplate.java:chooseContainerForBlockDeletion(85)) - Chosen 0/5000 blocks from 0 candidate containers.
2023-12-18 19:17:03,050 [089733a5-f6c3-45b8-9d3f-1c158e6a3dcf-BlockDeletingService#2] INFO  interfaces.ContainerDeletionChoosingPolicyTemplate (ContainerDeletionChoosingPolicyTemplate.java:chooseContainerForBlockDeletion(85)) - Chosen 0/5000 blocks from 0 candidate containers.
2023-12-18 19:17:03,093 [ded5b85a-ec0d-4a71-9db9-83b101b9c9ad-BlockDeletingService#2] INFO  interfaces.ContainerDeletionChoosingPolicyTemplate (ContainerDeletionChoosingPolicyTemplate.java:chooseContainerForBlockDeletion(85)) - Chosen 0/5000 blocks from 0 candidate containers.
2023-12-18 19:17:03,142 [93699071-0d52-4ef3-adad-6b5a83f48fc5-BlockDeletingService#2] INFO  interfaces.ContainerDeletionChoosingPolicyTemplate (ContainerDeletionChoosingPolicyTemplate.java:chooseContainerForBlockDeletion(85)) - Chosen 0/5000 blocks from 0 candidate containers.
2023-12-18 19:17:03,151 [089733a5-f6c3-45b8-9d3f-1c158e6a3dcf-BlockDeletingService#2] INFO  interfaces.ContainerDeletionChoosingPolicyTemplate (ContainerDeletionChoosingPolicyTemplate.java:chooseContainerForBlockDeletion(85)) - Chosen 0/5000 blocks from 0 candidate containers.
2023-12-18 19:17:03,193 [ded5b85a-ec0d-4a71-9db9-83b101b9c9ad-BlockDeletingService#2] INFO  interfaces.ContainerDeletionChoosingPolicyTemplate (ContainerDeletionChoosingPolicyTemplate.java:chooseContainerForBlockDeletion(85)) - Chosen 0/5000 blocks from 0 candidate containers.
2023-12-18 19:17:03,243 [93699071-0d52-4ef3-adad-6b5a83f48fc5-BlockDeletingService#2] INFO  interfaces.ContainerDeletionChoosingPolicyTemplate (ContainerDeletionChoosingPolicyTemplate.java:chooseContainerForBlockDeletion(85)) - Chosen 0/5000 blocks from 0 candidate containers.
2023-12-18 19:17:03,251 [089733a5-f6c3-45b8-9d3f-1c158e6a3dcf-BlockDeletingService#2] INFO  interfaces.ContainerDeletionChoosingPolicyTemplate (ContainerDeletionChoosingPolicyTemplate.java:chooseContainerForBlockDeletion(85)) - Chosen 0/5000 blocks from 0 candidate containers.
2023-12-18 19:17:03,293 [ded5b85a-ec0d-4a71-9db9-83b101b9c9ad-BlockDeletingService#2] INFO  interfaces.ContainerDeletionChoosingPolicyTemplate (ContainerDeletionChoosingPolicyTemplate.java:chooseContainerForBlockDeletion(85)) - Chosen 0/5000 blocks from 0 candidate containers.
2023-12-18 19:17:03,343 [93699071-0d52-4ef3-adad-6b5a83f48fc5-BlockDeletingService#2] INFO  interfaces.ContainerDeletionChoosingPolicyTemplate (ContainerDeletionChoosingPolicyTemplate.java:chooseContainerForBlockDeletion(85)) - Chosen 0/5000 blocks from 0 candidate containers.
2023-12-18 19:17:03,351 [089733a5-f6c3-45b8-9d3f-1c158e6a3dcf-BlockDeletingService#2] INFO  interfaces.ContainerDeletionChoosingPolicyTemplate (ContainerDeletionChoosingPolicyTemplate.java:chooseContainerForBlockDeletion(85)) - Chosen 0/5000 blocks from 0 candidate containers.
2023-12-18 19:17:03,393 [ded5b85a-ec0d-4a71-9db9-83b101b9c9ad-BlockDeletingService#2] INFO  interfaces.ContainerDeletionChoosingPolicyTemplate (ContainerDeletionChoosingPolicyTemplate.java:chooseContainerForBlockDeletion(85)) - Chosen 0/5000 blocks from 0 candidate containers.
2023-12-18 19:17:03,443 [93699071-0d52-4ef3-adad-6b5a83f48fc5-BlockDeletingService#2] INFO  interfaces.ContainerDeletionChoosingPolicyTemplate (ContainerDeletionChoosingPolicyTemplate.java:chooseContainerForBlockDeletion(85)) - Chosen 0/5000 blocks from 0 candidate containers.
2023-12-18 19:17:03,451 [089733a5-f6c3-45b8-9d3f-1c158e6a3dcf-BlockDeletingService#2] INFO  interfaces.ContainerDeletionChoosingPolicyTemplate (ContainerDeletionChoosingPolicyTemplate.java:chooseContainerForBlockDeletion(85)) - Chosen 0/5000 blocks from 0 candidate containers.
2023-12-18 19:17:03,493 [ded5b85a-ec0d-4a71-9db9-83b101b9c9ad-BlockDeletingService#2] INFO  interfaces.ContainerDeletionChoosingPolicyTemplate (ContainerDeletionChoosingPolicyTemplate.java:chooseContainerForBlockDeletion(85)) - Chosen 0/5000 blocks from 0 candidate containers.
2023-12-18 19:17:03,543 [93699071-0d52-4ef3-adad-6b5a83f48fc5-BlockDeletingService#2] INFO  interfaces.ContainerDeletionChoosingPolicyTemplate (ContainerDeletionChoosingPolicyTemplate.java:chooseContainerForBlockDeletion(85)) - Chosen 0/5000 blocks from 0 candidate containers.
2023-12-18 19:17:03,551 [089733a5-f6c3-45b8-9d3f-1c158e6a3dcf-BlockDeletingService#2] INFO  interfaces.ContainerDeletionChoosingPolicyTemplate (ContainerDeletionChoosingPolicyTemplate.java:chooseContainerForBlockDeletion(85)) - Chosen 0/5000 blocks from 0 candidate containers.
2023-12-18 19:17:03,584 [IPC Server handler 17 on default port 15002] INFO  net.NetworkTopologyImpl (NetworkTopologyImpl.java:add(124)) - Added a new node: /default-rack/ded5b85a-ec0d-4a71-9db9-83b101b9c9ad
2023-12-18 19:17:03,588 [IPC Server handler 17 on default port 15002] INFO  node.SCMNodeManager (SCMNodeManager.java:register(417)) - Registered datanode: ded5b85a-ec0d-4a71-9db9-83b101b9c9ad{ip: 10.1.0.24, host: fv-az655-333.rwhixiuqxtrevikhj0gcvuhxed.ex.internal.cloudapp.net, ports: [HTTP=15009, CLIENT_RPC=15010, REPLICATION=15016, RATIS=15012, RATIS_ADMIN=15013, RATIS_SERVER=15014, RATIS_DATASTREAM=15015, STANDALONE=15011], networkLocation: /default-rack, certSerialId: null, persistedOpState: null, persistedOpStateExpiryEpochSec: 0}
2023-12-18 19:17:03,590 [EventQueue-NewNodeForNewNodeHandler] INFO  pipeline.BackgroundPipelineCreator (BackgroundPipelineCreator.java:notifyEventTriggered(280)) - trigger a one-shot run on RatisPipelineUtilsThread.
2023-12-18 19:17:03,590 [EventQueue-NodeRegistrationContainerReportForDataNodeSafeModeRule] INFO  safemode.SCMSafeModeManager (DataNodeSafeModeRule.java:process(71)) - SCM in safe mode. 1 DataNodes registered, 3 required.
2023-12-18 19:17:03,594 [ded5b85a-ec0d-4a71-9db9-83b101b9c9ad-BlockDeletingService#2] INFO  interfaces.ContainerDeletionChoosingPolicyTemplate (ContainerDeletionChoosingPolicyTemplate.java:chooseContainerForBlockDeletion(85)) - Chosen 0/5000 blocks from 0 candidate containers.
2023-12-18 19:17:03,591 [EventQueue-NodeRegistrationContainerReportForContainerSafeModeRule] INFO  safemode.SCMSafeModeManager (SCMSafeModeManager.java:validateSafeModeExitRules(200)) - ContainerSafeModeRule rule is successfully validated
2023-12-18 19:17:03,595 [EventQueue-PipelineReportForOneReplicaPipelineSafeModeRule] INFO  safemode.SCMSafeModeManager (SCMSafeModeManager.java:validateSafeModeExitRules(200)) - AtleastOneDatanodeReportedRule rule is successfully validated
2023-12-18 19:17:03,596 [RatisPipelineUtilsThread-0] INFO  pipeline.RatisPipelineProvider (RatisPipelineProvider.java:lambda$create$0(206)) - Sending CreatePipelineCommand for pipeline:PipelineID=c9eefd44-24be-414c-a29f-13fb7affb456 to datanode:ded5b85a-ec0d-4a71-9db9-83b101b9c9ad
2023-12-18 19:17:03,604 [RatisPipelineUtilsThread-0] INFO  pipeline.BackgroundPipelineCreator (BackgroundPipelineCreator.java:createPipelines(236)) - Created new pipeline Pipeline[ Id: c9eefd44-24be-414c-a29f-13fb7affb456, Nodes: ded5b85a-ec0d-4a71-9db9-83b101b9c9ad(fv-az655-333.rwhixiuqxtrevikhj0gcvuhxed.ex.internal.cloudapp.net/10.1.0.24), ReplicationConfig: RATIS/ONE, State:ALLOCATED, leaderId:, CreationTimestamp2023-12-18T19:17:03.595Z[Etc/UTC]]
2023-12-18 19:17:03,643 [93699071-0d52-4ef3-adad-6b5a83f48fc5-BlockDeletingService#2] INFO  interfaces.ContainerDeletionChoosingPolicyTemplate (ContainerDeletionChoosingPolicyTemplate.java:chooseContainerForBlockDeletion(85)) - Chosen 0/5000 blocks from 0 candidate containers.
2023-12-18 19:17:03,651 [089733a5-f6c3-45b8-9d3f-1c158e6a3dcf-BlockDeletingService#2] INFO  interfaces.ContainerDeletionChoosingPolicyTemplate (ContainerDeletionChoosingPolicyTemplate.java:chooseContainerForBlockDeletion(85)) - Chosen 0/5000 blocks from 0 candidate containers.
2023-12-18 19:17:03,694 [ded5b85a-ec0d-4a71-9db9-83b101b9c9ad-BlockDeletingService#2] INFO  interfaces.ContainerDeletionChoosingPolicyTemplate (ContainerDeletionChoosingPolicyTemplate.java:chooseContainerForBlockDeletion(85)) - Chosen 0/5000 blocks from 0 candidate containers.
2023-12-18 19:17:03,700 [IPC Server handler 11 on default port 15002] INFO  net.NetworkTopologyImpl (NetworkTopologyImpl.java:add(124)) - Added a new node: /default-rack/089733a5-f6c3-45b8-9d3f-1c158e6a3dcf
2023-12-18 19:17:03,701 [IPC Server handler 11 on default port 15002] INFO  node.SCMNodeManager (SCMNodeManager.java:register(417)) - Registered datanode: 089733a5-f6c3-45b8-9d3f-1c158e6a3dcf{ip: 10.1.0.24, host: fv-az655-333.rwhixiuqxtrevikhj0gcvuhxed.ex.internal.cloudapp.net, ports: [HTTP=15018, CLIENT_RPC=15019, REPLICATION=15025, RATIS=15021, RATIS_ADMIN=15022, RATIS_SERVER=15023, RATIS_DATASTREAM=15024, STANDALONE=15020], networkLocation: /default-rack, certSerialId: null, persistedOpState: null, persistedOpStateExpiryEpochSec: 0}
2023-12-18 19:17:03,701 [EventQueue-NodeRegistrationContainerReportForDataNodeSafeModeRule] INFO  safemode.SCMSafeModeManager (DataNodeSafeModeRule.java:process(71)) - SCM in safe mode. 2 DataNodes registered, 3 required.
2023-12-18 19:17:03,701 [EventQueue-NewNodeForNewNodeHandler] INFO  pipeline.BackgroundPipelineCreator (BackgroundPipelineCreator.java:notifyEventTriggered(280)) - trigger a one-shot run on RatisPipelineUtilsThread.
2023-12-18 19:17:03,702 [RatisPipelineUtilsThread-0] INFO  pipeline.RatisPipelineProvider (RatisPipelineProvider.java:lambda$create$0(206)) - Sending CreatePipelineCommand for pipeline:PipelineID=2dc5e537-a3cf-4f99-956d-f61556258a95 to datanode:089733a5-f6c3-45b8-9d3f-1c158e6a3dcf
2023-12-18 19:17:03,704 [RatisPipelineUtilsThread-0] INFO  pipeline.BackgroundPipelineCreator (BackgroundPipelineCreator.java:createPipelines(236)) - Created new pipeline Pipeline[ Id: 2dc5e537-a3cf-4f99-956d-f61556258a95, Nodes: 089733a5-f6c3-45b8-9d3f-1c158e6a3dcf(fv-az655-333.rwhixiuqxtrevikhj0gcvuhxed.ex.internal.cloudapp.net/10.1.0.24), ReplicationConfig: RATIS/ONE, State:ALLOCATED, leaderId:, CreationTimestamp2023-12-18T19:17:03.702Z[Etc/UTC]]
2023-12-18 19:17:03,743 [93699071-0d52-4ef3-adad-6b5a83f48fc5-BlockDeletingService#2] INFO  interfaces.ContainerDeletionChoosingPolicyTemplate (ContainerDeletionChoosingPolicyTemplate.java:chooseContainerForBlockDeletion(85)) - Chosen 0/5000 blocks from 0 candidate containers.
2023-12-18 19:17:03,752 [089733a5-f6c3-45b8-9d3f-1c158e6a3dcf-BlockDeletingService#2] INFO  interfaces.ContainerDeletionChoosingPolicyTemplate (ContainerDeletionChoosingPolicyTemplate.java:chooseContainerForBlockDeletion(85)) - Chosen 0/5000 blocks from 0 candidate containers.
2023-12-18 19:17:03,794 [ded5b85a-ec0d-4a71-9db9-83b101b9c9ad-BlockDeletingService#2] INFO  interfaces.ContainerDeletionChoosingPolicyTemplate (ContainerDeletionChoosingPolicyTemplate.java:chooseContainerForBlockDeletion(85)) - Chosen 0/5000 blocks from 0 candidate containers.
2023-12-18 19:17:03,807 [main] INFO  ozone.MiniOzoneClusterImpl (MiniOzoneClusterImpl.java:lambda$waitForClusterToBeReady$0(230)) - Waiting for nodes to be ready. Got 2 of 3 DN Heartbeats.
2023-12-18 19:17:03,808 [main] INFO  ozone.MiniOzoneClusterImpl (MiniOzoneClusterImpl.java:lambda$waitForClusterToBeReady$0(233)) - Waiting for cluster to exit safe mode
2023-12-18 19:17:03,808 [main] INFO  ozone.MiniOzoneClusterImpl (MiniOzoneClusterImpl.java:lambda$waitForClusterToBeReady$0(235)) - SCM became leader
2023-12-18 19:17:03,808 [IPC Server handler 19 on default port 15002] INFO  net.NetworkTopologyImpl (NetworkTopologyImpl.java:add(124)) - Added a new node: /default-rack/93699071-0d52-4ef3-adad-6b5a83f48fc5
2023-12-18 19:17:03,809 [IPC Server handler 19 on default port 15002] INFO  node.SCMNodeManager (SCMNodeManager.java:register(417)) - Registered datanode: 93699071-0d52-4ef3-adad-6b5a83f48fc5{ip: 10.1.0.24, host: fv-az655-333.rwhixiuqxtrevikhj0gcvuhxed.ex.internal.cloudapp.net, ports: [HTTP=15027, CLIENT_RPC=15028, REPLICATION=15034, RATIS=15030, RATIS_ADMIN=15031, RATIS_SERVER=15032, RATIS_DATASTREAM=15033, STANDALONE=15029], networkLocation: /default-rack, certSerialId: null, persistedOpState: null, persistedOpStateExpiryEpochSec: 0}
2023-12-18 19:17:03,809 [EventQueue-NewNodeForNewNodeHandler] INFO  pipeline.BackgroundPipelineCreator (BackgroundPipelineCreator.java:notifyEventTriggered(280)) - trigger a one-shot run on RatisPipelineUtilsThread.
2023-12-18 19:17:03,809 [EventQueue-NodeRegistrationContainerReportForDataNodeSafeModeRule] INFO  safemode.SCMSafeModeManager (DataNodeSafeModeRule.java:process(71)) - SCM in safe mode. 3 DataNodes registered, 3 required.
2023-12-18 19:17:03,809 [EventQueue-NodeRegistrationContainerReportForDataNodeSafeModeRule] INFO  safemode.SCMSafeModeManager (SCMSafeModeManager.java:validateSafeModeExitRules(200)) - DataNodeSafeModeRule rule is successfully validated
2023-12-18 19:17:03,809 [EventQueue-NodeRegistrationContainerReportForDataNodeSafeModeRule] INFO  safemode.SCMSafeModeManager (SCMSafeModeManager.java:completePreCheck(229)) - All SCM safe mode pre check rules have passed
2023-12-18 19:17:03,810 [EventQueue-NodeRegistrationContainerReportForDataNodeSafeModeRule] INFO  ha.SCMContext (SCMContext.java:updateSafeModeStatus(230)) - Update SafeModeStatus from SafeModeStatus{safeModeStatus=true, preCheckPassed=false} to SafeModeStatus{safeModeStatus=true, preCheckPassed=true}.
2023-12-18 19:17:03,810 [EventQueue-NodeRegistrationContainerReportForDataNodeSafeModeRule] INFO  pipeline.BackgroundPipelineCreator (BackgroundPipelineCreator.java:notifyEventTriggered(280)) - trigger a one-shot run on RatisPipelineUtilsThread.
2023-12-18 19:17:03,810 [RatisPipelineUtilsThread-0] INFO  pipeline.RatisPipelineProvider (RatisPipelineProvider.java:lambda$create$0(206)) - Sending CreatePipelineCommand for pipeline:PipelineID=95d442ec-00fb-43e2-be7d-b54a14c830b8 to datanode:93699071-0d52-4ef3-adad-6b5a83f48fc5
2023-12-18 19:17:03,811 [RatisPipelineUtilsThread-0] INFO  pipeline.BackgroundPipelineCreator (BackgroundPipelineCreator.java:createPipelines(236)) - Created new pipeline Pipeline[ Id: 95d442ec-00fb-43e2-be7d-b54a14c830b8, Nodes: 93699071-0d52-4ef3-adad-6b5a83f48fc5(fv-az655-333.rwhixiuqxtrevikhj0gcvuhxed.ex.internal.cloudapp.net/10.1.0.24), ReplicationConfig: RATIS/ONE, State:ALLOCATED, leaderId:, CreationTimestamp2023-12-18T19:17:03.810Z[Etc/UTC]]
2023-12-18 19:17:03,814 [RatisPipelineUtilsThread-0] INFO  pipeline.RatisPipelineProvider (RatisPipelineProvider.java:lambda$create$0(206)) - Sending CreatePipelineCommand for pipeline:PipelineID=97f79b5c-2b37-4d8f-9b11-40b91fd49d0e to datanode:93699071-0d52-4ef3-adad-6b5a83f48fc5
2023-12-18 19:17:03,814 [RatisPipelineUtilsThread-0] INFO  pipeline.RatisPipelineProvider (RatisPipelineProvider.java:lambda$create$0(206)) - Sending CreatePipelineCommand for pipeline:PipelineID=97f79b5c-2b37-4d8f-9b11-40b91fd49d0e to datanode:ded5b85a-ec0d-4a71-9db9-83b101b9c9ad
2023-12-18 19:17:03,814 [RatisPipelineUtilsThread-0] INFO  pipeline.RatisPipelineProvider (RatisPipelineProvider.java:lambda$create$0(206)) - Sending CreatePipelineCommand for pipeline:PipelineID=97f79b5c-2b37-4d8f-9b11-40b91fd49d0e to datanode:089733a5-f6c3-45b8-9d3f-1c158e6a3dcf
2023-12-18 19:17:03,816 [RatisPipelineUtilsThread-0] INFO  pipeline.BackgroundPipelineCreator (BackgroundPipelineCreator.java:createPipelines(236)) - Created new pipeline Pipeline[ Id: 97f79b5c-2b37-4d8f-9b11-40b91fd49d0e, Nodes: 93699071-0d52-4ef3-adad-6b5a83f48fc5(fv-az655-333.rwhixiuqxtrevikhj0gcvuhxed.ex.internal.cloudapp.net/10.1.0.24)ded5b85a-ec0d-4a71-9db9-83b101b9c9ad(fv-az655-333.rwhixiuqxtrevikhj0gcvuhxed.ex.internal.cloudapp.net/10.1.0.24)089733a5-f6c3-45b8-9d3f-1c158e6a3dcf(fv-az655-333.rwhixiuqxtrevikhj0gcvuhxed.ex.internal.cloudapp.net/10.1.0.24), ReplicationConfig: RATIS/THREE, State:ALLOCATED, leaderId:, CreationTimestamp2023-12-18T19:17:03.814Z[Etc/UTC]]
2023-12-18 19:17:03,844 [93699071-0d52-4ef3-adad-6b5a83f48fc5-BlockDeletingService#2] INFO  interfaces.ContainerDeletionChoosingPolicyTemplate (ContainerDeletionChoosingPolicyTemplate.java:chooseContainerForBlockDeletion(85)) - Chosen 0/5000 blocks from 0 candidate containers.
2023-12-18 19:17:03,852 [089733a5-f6c3-45b8-9d3f-1c158e6a3dcf-BlockDeletingService#2] INFO  interfaces.ContainerDeletionChoosingPolicyTemplate (ContainerDeletionChoosingPolicyTemplate.java:chooseContainerForBlockDeletion(85)) - Chosen 0/5000 blocks from 0 candidate containers.
2023-12-18 19:17:03,894 [ded5b85a-ec0d-4a71-9db9-83b101b9c9ad-BlockDeletingService#2] INFO  interfaces.ContainerDeletionChoosingPolicyTemplate (ContainerDeletionChoosingPolicyTemplate.java:chooseContainerForBlockDeletion(85)) - Chosen 0/5000 blocks from 0 candidate containers.
2023-12-18 19:17:03,944 [93699071-0d52-4ef3-adad-6b5a83f48fc5-BlockDeletingService#2] INFO  interfaces.ContainerDeletionChoosingPolicyTemplate (ContainerDeletionChoosingPolicyTemplate.java:chooseContainerForBlockDeletion(85)) - Chosen 0/5000 blocks from 0 candidate containers.
2023-12-18 19:17:03,952 [089733a5-f6c3-45b8-9d3f-1c158e6a3dcf-BlockDeletingService#2] INFO  interfaces.ContainerDeletionChoosingPolicyTemplate (ContainerDeletionChoosingPolicyTemplate.java:chooseContainerForBlockDeletion(85)) - Chosen 0/5000 blocks from 0 candidate containers.
2023-12-18 19:17:03,994 [ded5b85a-ec0d-4a71-9db9-83b101b9c9ad-BlockDeletingService#2] INFO  interfaces.ContainerDeletionChoosingPolicyTemplate (ContainerDeletionChoosingPolicyTemplate.java:chooseContainerForBlockDeletion(85)) - Chosen 0/5000 blocks from 0 candidate containers.
2023-12-18 19:17:04,044 [93699071-0d52-4ef3-adad-6b5a83f48fc5-BlockDeletingService#2] INFO  interfaces.ContainerDeletionChoosingPolicyTemplate (ContainerDeletionChoosingPolicyTemplate.java:chooseContainerForBlockDeletion(85)) - Chosen 0/5000 blocks from 0 candidate containers.
2023-12-18 19:17:04,052 [089733a5-f6c3-45b8-9d3f-1c158e6a3dcf-BlockDeletingService#2] INFO  interfaces.ContainerDeletionChoosingPolicyTemplate (ContainerDeletionChoosingPolicyTemplate.java:chooseContainerForBlockDeletion(85)) - Chosen 0/5000 blocks from 0 candidate containers.
2023-12-18 19:17:04,095 [ded5b85a-ec0d-4a71-9db9-83b101b9c9ad-BlockDeletingService#2] INFO  interfaces.ContainerDeletionChoosingPolicyTemplate (ContainerDeletionChoosingPolicyTemplate.java:chooseContainerForBlockDeletion(85)) - Chosen 0/5000 blocks from 0 candidate containers.
2023-12-18 19:17:04,144 [93699071-0d52-4ef3-adad-6b5a83f48fc5-BlockDeletingService#7] INFO  interfaces.ContainerDeletionChoosingPolicyTemplate (ContainerDeletionChoosingPolicyTemplate.java:chooseContainerForBlockDeletion(85)) - Chosen 0/5000 blocks from 0 candidate containers.
2023-12-18 19:17:04,153 [089733a5-f6c3-45b8-9d3f-1c158e6a3dcf-BlockDeletingService#2] INFO  interfaces.ContainerDeletionChoosingPolicyTemplate (ContainerDeletionChoosingPolicyTemplate.java:chooseContainerForBlockDeletion(85)) - Chosen 0/5000 blocks from 0 candidate containers.
2023-12-18 19:17:04,195 [ded5b85a-ec0d-4a71-9db9-83b101b9c9ad-BlockDeletingService#2] INFO  interfaces.ContainerDeletionChoosingPolicyTemplate (ContainerDeletionChoosingPolicyTemplate.java:chooseContainerForBlockDeletion(85)) - Chosen 0/5000 blocks from 0 candidate containers.
2023-12-18 19:17:04,244 [93699071-0d52-4ef3-adad-6b5a83f48fc5-BlockDeletingService#7] INFO  interfaces.ContainerDeletionChoosingPolicyTemplate (ContainerDeletionChoosingPolicyTemplate.java:chooseContainerForBlockDeletion(85)) - Chosen 0/5000 blocks from 0 candidate containers.
2023-12-18 19:17:04,253 [089733a5-f6c3-45b8-9d3f-1c158e6a3dcf-BlockDeletingService#2] INFO  interfaces.ContainerDeletionChoosingPolicyTemplate (ContainerDeletionChoosingPolicyTemplate.java:chooseContainerForBlockDeletion(85)) - Chosen 0/5000 blocks from 0 candidate containers.
2023-12-18 19:17:04,295 [ded5b85a-ec0d-4a71-9db9-83b101b9c9ad-BlockDeletingService#2] INFO  interfaces.ContainerDeletionChoosingPolicyTemplate (ContainerDeletionChoosingPolicyTemplate.java:chooseContainerForBlockDeletion(85)) - Chosen 0/5000 blocks from 0 candidate containers.
2023-12-18 19:17:04,345 [93699071-0d52-4ef3-adad-6b5a83f48fc5-BlockDeletingService#7] INFO  interfaces.ContainerDeletionChoosingPolicyTemplate (ContainerDeletionChoosingPolicyTemplate.java:chooseContainerForBlockDeletion(85)) - Chosen 0/5000 blocks from 0 candidate containers.
2023-12-18 19:17:04,353 [089733a5-f6c3-45b8-9d3f-1c158e6a3dcf-BlockDeletingService#2] INFO  interfaces.ContainerDeletionChoosingPolicyTemplate (ContainerDeletionChoosingPolicyTemplate.java:chooseContainerForBlockDeletion(85)) - Chosen 0/5000 blocks from 0 candidate containers.
2023-12-18 19:17:04,395 [ded5b85a-ec0d-4a71-9db9-83b101b9c9ad-BlockDeletingService#2] INFO  interfaces.ContainerDeletionChoosingPolicyTemplate (ContainerDeletionChoosingPolicyTemplate.java:chooseContainerForBlockDeletion(85)) - Chosen 0/5000 blocks from 0 candidate containers.
2023-12-18 19:17:04,445 [93699071-0d52-4ef3-adad-6b5a83f48fc5-BlockDeletingService#7] INFO  interfaces.ContainerDeletionChoosingPolicyTemplate (ContainerDeletionChoosingPolicyTemplate.java:chooseContainerForBlockDeletion(85)) - Chosen 0/5000 blocks from 0 candidate containers.
2023-12-18 19:17:04,453 [089733a5-f6c3-45b8-9d3f-1c158e6a3dcf-BlockDeletingService#2] INFO  interfaces.ContainerDeletionChoosingPolicyTemplate (ContainerDeletionChoosingPolicyTemplate.java:chooseContainerForBlockDeletion(85)) - Chosen 0/5000 blocks from 0 candidate containers.
2023-12-18 19:17:04,495 [ded5b85a-ec0d-4a71-9db9-83b101b9c9ad-BlockDeletingService#2] INFO  interfaces.ContainerDeletionChoosingPolicyTemplate (ContainerDeletionChoosingPolicyTemplate.java:chooseContainerForBlockDeletion(85)) - Chosen 0/5000 blocks from 0 candidate containers.
2023-12-18 19:17:04,545 [93699071-0d52-4ef3-adad-6b5a83f48fc5-BlockDeletingService#7] INFO  interfaces.ContainerDeletionChoosingPolicyTemplate (ContainerDeletionChoosingPolicyTemplate.java:chooseContainerForBlockDeletion(85)) - Chosen 0/5000 blocks from 0 candidate containers.
2023-12-18 19:17:04,553 [089733a5-f6c3-45b8-9d3f-1c158e6a3dcf-BlockDeletingService#2] INFO  interfaces.ContainerDeletionChoosingPolicyTemplate (ContainerDeletionChoosingPolicyTemplate.java:chooseContainerForBlockDeletion(85)) - Chosen 0/5000 blocks from 0 candidate containers.
2023-12-18 19:17:04,596 [ded5b85a-ec0d-4a71-9db9-83b101b9c9ad-BlockDeletingService#2] INFO  interfaces.ContainerDeletionChoosingPolicyTemplate (ContainerDeletionChoosingPolicyTemplate.java:chooseContainerForBlockDeletion(85)) - Chosen 0/5000 blocks from 0 candidate containers.
2023-12-18 19:17:04,645 [93699071-0d52-4ef3-adad-6b5a83f48fc5-BlockDeletingService#7] INFO  interfaces.ContainerDeletionChoosingPolicyTemplate (ContainerDeletionChoosingPolicyTemplate.java:chooseContainerForBlockDeletion(85)) - Chosen 0/5000 blocks from 0 candidate containers.
2023-12-18 19:17:04,653 [089733a5-f6c3-45b8-9d3f-1c158e6a3dcf-BlockDeletingService#2] INFO  interfaces.ContainerDeletionChoosingPolicyTemplate (ContainerDeletionChoosingPolicyTemplate.java:chooseContainerForBlockDeletion(85)) - Chosen 0/5000 blocks from 0 candidate containers.
2023-12-18 19:17:04,696 [ded5b85a-ec0d-4a71-9db9-83b101b9c9ad-BlockDeletingService#2] INFO  interfaces.ContainerDeletionChoosingPolicyTemplate (ContainerDeletionChoosingPolicyTemplate.java:chooseContainerForBlockDeletion(85)) - Chosen 0/5000 blocks from 0 candidate containers.
2023-12-18 19:17:04,745 [93699071-0d52-4ef3-adad-6b5a83f48fc5-BlockDeletingService#7] INFO  interfaces.ContainerDeletionChoosingPolicyTemplate (ContainerDeletionChoosingPolicyTemplate.java:chooseContainerForBlockDeletion(85)) - Chosen 0/5000 blocks from 0 candidate containers.
2023-12-18 19:17:04,754 [089733a5-f6c3-45b8-9d3f-1c158e6a3dcf-BlockDeletingService#2] INFO  interfaces.ContainerDeletionChoosingPolicyTemplate (ContainerDeletionChoosingPolicyTemplate.java:chooseContainerForBlockDeletion(85)) - Chosen 0/5000 blocks from 0 candidate containers.
2023-12-18 19:17:04,796 [ded5b85a-ec0d-4a71-9db9-83b101b9c9ad-BlockDeletingService#2] INFO  interfaces.ContainerDeletionChoosingPolicyTemplate (ContainerDeletionChoosingPolicyTemplate.java:chooseContainerForBlockDeletion(85)) - Chosen 0/5000 blocks from 0 candidate containers.
2023-12-18 19:17:04,808 [main] INFO  ozone.MiniOzoneClusterImpl (MiniOzoneClusterImpl.java:lambda$waitForClusterToBeReady$0(230)) - Nodes are ready. Got 3 of 3 DN Heartbeats.
2023-12-18 19:17:04,808 [main] INFO  ozone.MiniOzoneClusterImpl (MiniOzoneClusterImpl.java:lambda$waitForClusterToBeReady$0(233)) - Waiting for cluster to exit safe mode
2023-12-18 19:17:04,808 [main] INFO  ozone.MiniOzoneClusterImpl (MiniOzoneClusterImpl.java:lambda$waitForClusterToBeReady$0(235)) - SCM became leader
2023-12-18 19:17:04,846 [93699071-0d52-4ef3-adad-6b5a83f48fc5-BlockDeletingService#7] INFO  interfaces.ContainerDeletionChoosingPolicyTemplate (ContainerDeletionChoosingPolicyTemplate.java:chooseContainerForBlockDeletion(85)) - Chosen 0/5000 blocks from 0 candidate containers.
2023-12-18 19:17:04,854 [089733a5-f6c3-45b8-9d3f-1c158e6a3dcf-BlockDeletingService#2] INFO  interfaces.ContainerDeletionChoosingPolicyTemplate (ContainerDeletionChoosingPolicyTemplate.java:chooseContainerForBlockDeletion(85)) - Chosen 0/5000 blocks from 0 candidate containers.
2023-12-18 19:17:04,896 [ded5b85a-ec0d-4a71-9db9-83b101b9c9ad-BlockDeletingService#2] INFO  interfaces.ContainerDeletionChoosingPolicyTemplate (ContainerDeletionChoosingPolicyTemplate.java:chooseContainerForBlockDeletion(85)) - Chosen 0/5000 blocks from 0 candidate containers.
2023-12-18 19:17:04,946 [93699071-0d52-4ef3-adad-6b5a83f48fc5-BlockDeletingService#7] INFO  interfaces.ContainerDeletionChoosingPolicyTemplate (ContainerDeletionChoosingPolicyTemplate.java:chooseContainerForBlockDeletion(85)) - Chosen 0/5000 blocks from 0 candidate containers.
2023-12-18 19:17:04,954 [089733a5-f6c3-45b8-9d3f-1c158e6a3dcf-BlockDeletingService#2] INFO  interfaces.ContainerDeletionChoosingPolicyTemplate (ContainerDeletionChoosingPolicyTemplate.java:chooseContainerForBlockDeletion(85)) - Chosen 0/5000 blocks from 0 candidate containers.
2023-12-18 19:17:04,996 [ded5b85a-ec0d-4a71-9db9-83b101b9c9ad-BlockDeletingService#2] INFO  interfaces.ContainerDeletionChoosingPolicyTemplate (ContainerDeletionChoosingPolicyTemplate.java:chooseContainerForBlockDeletion(85)) - Chosen 0/5000 blocks from 0 candidate containers.
2023-12-18 19:17:05,046 [93699071-0d52-4ef3-adad-6b5a83f48fc5-BlockDeletingService#7] INFO  interfaces.ContainerDeletionChoosingPolicyTemplate (ContainerDeletionChoosingPolicyTemplate.java:chooseContainerForBlockDeletion(85)) - Chosen 0/5000 blocks from 0 candidate containers.
2023-12-18 19:17:05,054 [089733a5-f6c3-45b8-9d3f-1c158e6a3dcf-BlockDeletingService#2] INFO  interfaces.ContainerDeletionChoosingPolicyTemplate (ContainerDeletionChoosingPolicyTemplate.java:chooseContainerForBlockDeletion(85)) - Chosen 0/5000 blocks from 0 candidate containers.
2023-12-18 19:17:05,096 [ded5b85a-ec0d-4a71-9db9-83b101b9c9ad-BlockDeletingService#2] INFO  interfaces.ContainerDeletionChoosingPolicyTemplate (ContainerDeletionChoosingPolicyTemplate.java:chooseContainerForBlockDeletion(85)) - Chosen 0/5000 blocks from 0 candidate containers.
2023-12-18 19:17:05,146 [93699071-0d52-4ef3-adad-6b5a83f48fc5-BlockDeletingService#7] INFO  interfaces.ContainerDeletionChoosingPolicyTemplate (ContainerDeletionChoosingPolicyTemplate.java:chooseContainerForBlockDeletion(85)) - Chosen 0/5000 blocks from 0 candidate containers.
2023-12-18 19:17:05,154 [089733a5-f6c3-45b8-9d3f-1c158e6a3dcf-BlockDeletingService#2] INFO  interfaces.ContainerDeletionChoosingPolicyTemplate (ContainerDeletionChoosingPolicyTemplate.java:chooseContainerForBlockDeletion(85)) - Chosen 0/5000 blocks from 0 candidate containers.
2023-12-18 19:17:05,196 [ded5b85a-ec0d-4a71-9db9-83b101b9c9ad-BlockDeletingService#2] INFO  interfaces.ContainerDeletionChoosingPolicyTemplate (ContainerDeletionChoosingPolicyTemplate.java:chooseContainerForBlockDeletion(85)) - Chosen 0/5000 blocks from 0 candidate containers.
2023-12-18 19:17:05,246 [93699071-0d52-4ef3-adad-6b5a83f48fc5-BlockDeletingService#7] INFO  interfaces.ContainerDeletionChoosingPolicyTemplate (ContainerDeletionChoosingPolicyTemplate.java:chooseContainerForBlockDeletion(85)) - Chosen 0/5000 blocks from 0 candidate containers.
2023-12-18 19:17:05,254 [089733a5-f6c3-45b8-9d3f-1c158e6a3dcf-BlockDeletingService#2] INFO  interfaces.ContainerDeletionChoosingPolicyTemplate (ContainerDeletionChoosingPolicyTemplate.java:chooseContainerForBlockDeletion(85)) - Chosen 0/5000 blocks from 0 candidate containers.
2023-12-18 19:17:05,297 [ded5b85a-ec0d-4a71-9db9-83b101b9c9ad-BlockDeletingService#2] INFO  interfaces.ContainerDeletionChoosingPolicyTemplate (ContainerDeletionChoosingPolicyTemplate.java:chooseContainerForBlockDeletion(85)) - Chosen 0/5000 blocks from 0 candidate containers.
2023-12-18 19:17:05,346 [93699071-0d52-4ef3-adad-6b5a83f48fc5-BlockDeletingService#7] INFO  interfaces.ContainerDeletionChoosingPolicyTemplate (ContainerDeletionChoosingPolicyTemplate.java:chooseContainerForBlockDeletion(85)) - Chosen 0/5000 blocks from 0 candidate containers.
2023-12-18 19:17:05,355 [089733a5-f6c3-45b8-9d3f-1c158e6a3dcf-BlockDeletingService#2] INFO  interfaces.ContainerDeletionChoosingPolicyTemplate (ContainerDeletionChoosingPolicyTemplate.java:chooseContainerForBlockDeletion(85)) - Chosen 0/5000 blocks from 0 candidate containers.
2023-12-18 19:17:05,397 [ded5b85a-ec0d-4a71-9db9-83b101b9c9ad-BlockDeletingService#2] INFO  interfaces.ContainerDeletionChoosingPolicyTemplate (ContainerDeletionChoosingPolicyTemplate.java:chooseContainerForBlockDeletion(85)) - Chosen 0/5000 blocks from 0 candidate containers.
2023-12-18 19:17:05,446 [93699071-0d52-4ef3-adad-6b5a83f48fc5-BlockDeletingService#7] INFO  interfaces.ContainerDeletionChoosingPolicyTemplate (ContainerDeletionChoosingPolicyTemplate.java:chooseContainerForBlockDeletion(85)) - Chosen 0/5000 blocks from 0 candidate containers.
2023-12-18 19:17:05,455 [089733a5-f6c3-45b8-9d3f-1c158e6a3dcf-BlockDeletingService#2] INFO  interfaces.ContainerDeletionChoosingPolicyTemplate (ContainerDeletionChoosingPolicyTemplate.java:chooseContainerForBlockDeletion(85)) - Chosen 0/5000 blocks from 0 candidate containers.
2023-12-18 19:17:05,497 [ded5b85a-ec0d-4a71-9db9-83b101b9c9ad-BlockDeletingService#2] INFO  interfaces.ContainerDeletionChoosingPolicyTemplate (ContainerDeletionChoosingPolicyTemplate.java:chooseContainerForBlockDeletion(85)) - Chosen 0/5000 blocks from 0 candidate containers.
2023-12-18 19:17:05,547 [93699071-0d52-4ef3-adad-6b5a83f48fc5-BlockDeletingService#7] INFO  interfaces.ContainerDeletionChoosingPolicyTemplate (ContainerDeletionChoosingPolicyTemplate.java:chooseContainerForBlockDeletion(85)) - Chosen 0/5000 blocks from 0 candidate containers.
2023-12-18 19:17:05,555 [089733a5-f6c3-45b8-9d3f-1c158e6a3dcf-BlockDeletingService#2] INFO  interfaces.ContainerDeletionChoosingPolicyTemplate (ContainerDeletionChoosingPolicyTemplate.java:chooseContainerForBlockDeletion(85)) - Chosen 0/5000 blocks from 0 candidate containers.
2023-12-18 19:17:05,597 [ded5b85a-ec0d-4a71-9db9-83b101b9c9ad-BlockDeletingService#2] INFO  interfaces.ContainerDeletionChoosingPolicyTemplate (ContainerDeletionChoosingPolicyTemplate.java:chooseContainerForBlockDeletion(85)) - Chosen 0/5000 blocks from 0 candidate containers.
2023-12-18 19:17:05,647 [93699071-0d52-4ef3-adad-6b5a83f48fc5-BlockDeletingService#7] INFO  interfaces.ContainerDeletionChoosingPolicyTemplate (ContainerDeletionChoosingPolicyTemplate.java:chooseContainerForBlockDeletion(85)) - Chosen 0/5000 blocks from 0 candidate containers.
2023-12-18 19:17:05,655 [089733a5-f6c3-45b8-9d3f-1c158e6a3dcf-BlockDeletingService#2] INFO  interfaces.ContainerDeletionChoosingPolicyTemplate (ContainerDeletionChoosingPolicyTemplate.java:chooseContainerForBlockDeletion(85)) - Chosen 0/5000 blocks from 0 candidate containers.
2023-12-18 19:17:05,697 [ded5b85a-ec0d-4a71-9db9-83b101b9c9ad-BlockDeletingService#2] INFO  interfaces.ContainerDeletionChoosingPolicyTemplate (ContainerDeletionChoosingPolicyTemplate.java:chooseContainerForBlockDeletion(85)) - Chosen 0/5000 blocks from 0 candidate containers.
2023-12-18 19:17:05,747 [93699071-0d52-4ef3-adad-6b5a83f48fc5-BlockDeletingService#7] INFO  interfaces.ContainerDeletionChoosingPolicyTemplate (ContainerDeletionChoosingPolicyTemplate.java:chooseContainerForBlockDeletion(85)) - Chosen 0/5000 blocks from 0 candidate containers.
2023-12-18 19:17:05,755 [089733a5-f6c3-45b8-9d3f-1c158e6a3dcf-BlockDeletingService#2] INFO  interfaces.ContainerDeletionChoosingPolicyTemplate (ContainerDeletionChoosingPolicyTemplate.java:chooseContainerForBlockDeletion(85)) - Chosen 0/5000 blocks from 0 candidate containers.
2023-12-18 19:17:05,798 [ded5b85a-ec0d-4a71-9db9-83b101b9c9ad-BlockDeletingService#2] INFO  interfaces.ContainerDeletionChoosingPolicyTemplate (ContainerDeletionChoosingPolicyTemplate.java:chooseContainerForBlockDeletion(85)) - Chosen 0/5000 blocks from 0 candidate containers.
2023-12-18 19:17:05,809 [main] INFO  ozone.MiniOzoneClusterImpl (MiniOzoneClusterImpl.java:lambda$waitForClusterToBeReady$0(230)) - Nodes are ready. Got 3 of 3 DN Heartbeats.
2023-12-18 19:17:05,809 [main] INFO  ozone.MiniOzoneClusterImpl (MiniOzoneClusterImpl.java:lambda$waitForClusterToBeReady$0(233)) - Waiting for cluster to exit safe mode
2023-12-18 19:17:05,809 [main] INFO  ozone.MiniOzoneClusterImpl (MiniOzoneClusterImpl.java:lambda$waitForClusterToBeReady$0(235)) - SCM became leader
2023-12-18 19:17:05,847 [93699071-0d52-4ef3-adad-6b5a83f48fc5-BlockDeletingService#7] INFO  interfaces.ContainerDeletionChoosingPolicyTemplate (ContainerDeletionChoosingPolicyTemplate.java:chooseContainerForBlockDeletion(85)) - Chosen 0/5000 blocks from 0 candidate containers.
2023-12-18 19:17:05,855 [089733a5-f6c3-45b8-9d3f-1c158e6a3dcf-BlockDeletingService#2] INFO  interfaces.ContainerDeletionChoosingPolicyTemplate (ContainerDeletionChoosingPolicyTemplate.java:chooseContainerForBlockDeletion(85)) - Chosen 0/5000 blocks from 0 candidate containers.
2023-12-18 19:17:05,898 [ded5b85a-ec0d-4a71-9db9-83b101b9c9ad-BlockDeletingService#2] INFO  interfaces.ContainerDeletionChoosingPolicyTemplate (ContainerDeletionChoosingPolicyTemplate.java:chooseContainerForBlockDeletion(85)) - Chosen 0/5000 blocks from 0 candidate containers.
2023-12-18 19:17:05,947 [93699071-0d52-4ef3-adad-6b5a83f48fc5-BlockDeletingService#7] INFO  interfaces.ContainerDeletionChoosingPolicyTemplate (ContainerDeletionChoosingPolicyTemplate.java:chooseContainerForBlockDeletion(85)) - Chosen 0/5000 blocks from 0 candidate containers.
2023-12-18 19:17:05,955 [089733a5-f6c3-45b8-9d3f-1c158e6a3dcf-BlockDeletingService#2] INFO  interfaces.ContainerDeletionChoosingPolicyTemplate (ContainerDeletionChoosingPolicyTemplate.java:chooseContainerForBlockDeletion(85)) - Chosen 0/5000 blocks from 0 candidate containers.
2023-12-18 19:17:05,998 [ded5b85a-ec0d-4a71-9db9-83b101b9c9ad-BlockDeletingService#2] INFO  interfaces.ContainerDeletionChoosingPolicyTemplate (ContainerDeletionChoosingPolicyTemplate.java:chooseContainerForBlockDeletion(85)) - Chosen 0/5000 blocks from 0 candidate containers.
2023-12-18 19:17:06,048 [93699071-0d52-4ef3-adad-6b5a83f48fc5-BlockDeletingService#7] INFO  interfaces.ContainerDeletionChoosingPolicyTemplate (ContainerDeletionChoosingPolicyTemplate.java:chooseContainerForBlockDeletion(85)) - Chosen 0/5000 blocks from 0 candidate containers.
2023-12-18 19:17:06,056 [089733a5-f6c3-45b8-9d3f-1c158e6a3dcf-BlockDeletingService#2] INFO  interfaces.ContainerDeletionChoosingPolicyTemplate (ContainerDeletionChoosingPolicyTemplate.java:chooseContainerForBlockDeletion(85)) - Chosen 0/5000 blocks from 0 candidate containers.
2023-12-18 19:17:06,098 [ded5b85a-ec0d-4a71-9db9-83b101b9c9ad-BlockDeletingService#2] INFO  interfaces.ContainerDeletionChoosingPolicyTemplate (ContainerDeletionChoosingPolicyTemplate.java:chooseContainerForBlockDeletion(85)) - Chosen 0/5000 blocks from 0 candidate containers.
2023-12-18 19:17:06,148 [93699071-0d52-4ef3-adad-6b5a83f48fc5-BlockDeletingService#7] INFO  interfaces.ContainerDeletionChoosingPolicyTemplate (ContainerDeletionChoosingPolicyTemplate.java:chooseContainerForBlockDeletion(85)) - Chosen 0/5000 blocks from 0 candidate containers.
2023-12-18 19:17:06,156 [089733a5-f6c3-45b8-9d3f-1c158e6a3dcf-BlockDeletingService#2] INFO  interfaces.ContainerDeletionChoosingPolicyTemplate (ContainerDeletionChoosingPolicyTemplate.java:chooseContainerForBlockDeletion(85)) - Chosen 0/5000 blocks from 0 candidate containers.
2023-12-18 19:17:06,198 [ded5b85a-ec0d-4a71-9db9-83b101b9c9ad-BlockDeletingService#2] INFO  interfaces.ContainerDeletionChoosingPolicyTemplate (ContainerDeletionChoosingPolicyTemplate.java:chooseContainerForBlockDeletion(85)) - Chosen 0/5000 blocks from 0 candidate containers.
2023-12-18 19:17:06,248 [93699071-0d52-4ef3-adad-6b5a83f48fc5-BlockDeletingService#7] INFO  interfaces.ContainerDeletionChoosingPolicyTemplate (ContainerDeletionChoosingPolicyTemplate.java:chooseContainerForBlockDeletion(85)) - Chosen 0/5000 blocks from 0 candidate containers.
2023-12-18 19:17:06,256 [089733a5-f6c3-45b8-9d3f-1c158e6a3dcf-BlockDeletingService#2] INFO  interfaces.ContainerDeletionChoosingPolicyTemplate (ContainerDeletionChoosingPolicyTemplate.java:chooseContainerForBlockDeletion(85)) - Chosen 0/5000 blocks from 0 candidate containers.
2023-12-18 19:17:06,298 [ded5b85a-ec0d-4a71-9db9-83b101b9c9ad-BlockDeletingService#2] INFO  interfaces.ContainerDeletionChoosingPolicyTemplate (ContainerDeletionChoosingPolicyTemplate.java:chooseContainerForBlockDeletion(85)) - Chosen 0/5000 blocks from 0 candidate containers.
2023-12-18 19:17:06,348 [93699071-0d52-4ef3-adad-6b5a83f48fc5-BlockDeletingService#7] INFO  interfaces.ContainerDeletionChoosingPolicyTemplate (ContainerDeletionChoosingPolicyTemplate.java:chooseContainerForBlockDeletion(85)) - Chosen 0/5000 blocks from 0 candidate containers.
2023-12-18 19:17:06,356 [089733a5-f6c3-45b8-9d3f-1c158e6a3dcf-BlockDeletingService#2] INFO  interfaces.ContainerDeletionChoosingPolicyTemplate (ContainerDeletionChoosingPolicyTemplate.java:chooseContainerForBlockDeletion(85)) - Chosen 0/5000 blocks from 0 candidate containers.
2023-12-18 19:17:06,399 [ded5b85a-ec0d-4a71-9db9-83b101b9c9ad-BlockDeletingService#2] INFO  interfaces.ContainerDeletionChoosingPolicyTemplate (ContainerDeletionChoosingPolicyTemplate.java:chooseContainerForBlockDeletion(85)) - Chosen 0/5000 blocks from 0 candidate containers.
2023-12-18 19:17:06,448 [93699071-0d52-4ef3-adad-6b5a83f48fc5-BlockDeletingService#7] INFO  interfaces.ContainerDeletionChoosingPolicyTemplate (ContainerDeletionChoosingPolicyTemplate.java:chooseContainerForBlockDeletion(85)) - Chosen 0/5000 blocks from 0 candidate containers.
2023-12-18 19:17:06,456 [089733a5-f6c3-45b8-9d3f-1c158e6a3dcf-BlockDeletingService#2] INFO  interfaces.ContainerDeletionChoosingPolicyTemplate (ContainerDeletionChoosingPolicyTemplate.java:chooseContainerForBlockDeletion(85)) - Chosen 0/5000 blocks from 0 candidate containers.
2023-12-18 19:17:06,499 [ded5b85a-ec0d-4a71-9db9-83b101b9c9ad-BlockDeletingService#2] INFO  interfaces.ContainerDeletionChoosingPolicyTemplate (ContainerDeletionChoosingPolicyTemplate.java:chooseContainerForBlockDeletion(85)) - Chosen 0/5000 blocks from 0 candidate containers.
2023-12-18 19:17:06,548 [93699071-0d52-4ef3-adad-6b5a83f48fc5-BlockDeletingService#7] INFO  interfaces.ContainerDeletionChoosingPolicyTemplate (ContainerDeletionChoosingPolicyTemplate.java:chooseContainerForBlockDeletion(85)) - Chosen 0/5000 blocks from 0 candidate containers.
2023-12-18 19:17:06,557 [089733a5-f6c3-45b8-9d3f-1c158e6a3dcf-BlockDeletingService#2] INFO  interfaces.ContainerDeletionChoosingPolicyTemplate (ContainerDeletionChoosingPolicyTemplate.java:chooseContainerForBlockDeletion(85)) - Chosen 0/5000 blocks from 0 candidate containers.
2023-12-18 19:17:06,585 [ded5b85a-ec0d-4a71-9db9-83b101b9c9ad-PipelineCommandHandlerThread-0] INFO  server.RaftServer (RaftServerProxy.java:addNew(100)) - ded5b85a-ec0d-4a71-9db9-83b101b9c9ad: addNew group-13FB7AFFB456:[ded5b85a-ec0d-4a71-9db9-83b101b9c9ad|10.1.0.24:15014] returns group-13FB7AFFB456:java.util.concurrent.CompletableFuture@78b7911c[Not completed]
2023-12-18 19:17:06,592 [ded5b85a-ec0d-4a71-9db9-83b101b9c9ad-groupManagement] INFO  server.RaftServer$Division (RaftServerImpl.java:<init>(256)) - ded5b85a-ec0d-4a71-9db9-83b101b9c9ad: new RaftServerImpl for group-13FB7AFFB456:[ded5b85a-ec0d-4a71-9db9-83b101b9c9ad|10.1.0.24:15014] with ContainerStateMachine:uninitialized
2023-12-18 19:17:06,592 [ded5b85a-ec0d-4a71-9db9-83b101b9c9ad-groupManagement] INFO  server.RaftServerConfigKeys (ConfUtils.java:logGet(46)) - raft.server.rpc.timeout.min = 5s (custom)
2023-12-18 19:17:06,592 [ded5b85a-ec0d-4a71-9db9-83b101b9c9ad-groupManagement] INFO  server.RaftServerConfigKeys (ConfUtils.java:logGet(46)) - raft.server.rpc.timeout.max = 5200ms (custom)
2023-12-18 19:17:06,592 [ded5b85a-ec0d-4a71-9db9-83b101b9c9ad-groupManagement] INFO  server.RaftServerConfigKeys (ConfUtils.java:logGet(46)) - raft.server.rpc.sleep.time = 25ms (default)
2023-12-18 19:17:06,592 [ded5b85a-ec0d-4a71-9db9-83b101b9c9ad-groupManagement] INFO  server.RaftServerConfigKeys (ConfUtils.java:logGet(46)) - raft.server.rpc.slowness.timeout = 300000ms (custom)
2023-12-18 19:17:06,593 [ded5b85a-ec0d-4a71-9db9-83b101b9c9ad-groupManagement] INFO  server.RaftServerConfigKeys (ConfUtils.java:logGet(46)) - raft.server.leaderelection.leader.step-down.wait-time = 10s (default)
2023-12-18 19:17:06,593 [ded5b85a-ec0d-4a71-9db9-83b101b9c9ad-groupManagement] INFO  server.RaftServerConfigKeys (ConfUtils.java:logGet(46)) - raft.server.leaderelection.member.majority-add = false (default)
2023-12-18 19:17:06,593 [ded5b85a-ec0d-4a71-9db9-83b101b9c9ad-groupManagement] INFO  server.RaftServerConfigKeys (ConfUtils.java:logGet(46)) - raft.server.sleep.deviation.threshold = 300ms (default)
2023-12-18 19:17:06,593 [ded5b85a-ec0d-4a71-9db9-83b101b9c9ad-groupManagement] INFO  server.RaftServer$Division (ServerState.java:<init>(113)) - ded5b85a-ec0d-4a71-9db9-83b101b9c9ad@group-13FB7AFFB456: ConfigurationManager, init=-1: peers:[ded5b85a-ec0d-4a71-9db9-83b101b9c9ad|10.1.0.24:15014]|listeners:[], old=null, confs=<EMPTY_MAP>
2023-12-18 19:17:06,593 [ded5b85a-ec0d-4a71-9db9-83b101b9c9ad-groupManagement] INFO  server.RaftServerConfigKeys (ConfUtils.java:logGet(46)) - raft.server.notification.no-leader.timeout = 1000000ms (custom)
2023-12-18 19:17:06,593 [ded5b85a-ec0d-4a71-9db9-83b101b9c9ad-groupManagement] INFO  server.RaftServerConfigKeys (ConfUtils.java:logGet(46)) - raft.server.read.timeout = 10s (default)
2023-12-18 19:17:06,593 [ded5b85a-ec0d-4a71-9db9-83b101b9c9ad-groupManagement] INFO  server.RaftServerConfigKeys (ConfUtils.java:logGet(46)) - raft.server.retrycache.expirytime = 600000ms (custom)
2023-12-18 19:17:06,593 [ded5b85a-ec0d-4a71-9db9-83b101b9c9ad-groupManagement] INFO  server.RaftServerConfigKeys (ConfUtils.java:logGet(46)) - raft.server.retrycache.statistics.expirytime = 100ms (default)
2023-12-18 19:17:06,593 [ded5b85a-ec0d-4a71-9db9-83b101b9c9ad-groupManagement] INFO  server.RaftServerConfigKeys (ConfUtils.java:logGet(46)) - raft.server.read.option = DEFAULT (default)
2023-12-18 19:17:06,593 [ded5b85a-ec0d-4a71-9db9-83b101b9c9ad-groupManagement] INFO  server.RaftServerConfigKeys (ConfUtils.java:logGet(46)) - raft.server.read.read-after-write-consistent.write-index-cache.expiry-time = 60s (default)
2023-12-18 19:17:06,599 [ded5b85a-ec0d-4a71-9db9-83b101b9c9ad-BlockDeletingService#2] INFO  interfaces.ContainerDeletionChoosingPolicyTemplate (ContainerDeletionChoosingPolicyTemplate.java:chooseContainerForBlockDeletion(85)) - Chosen 0/5000 blocks from 0 candidate containers.
2023-12-18 19:17:06,599 [ded5b85a-ec0d-4a71-9db9-83b101b9c9ad-groupManagement] INFO  server.RaftServerConfigKeys (ConfUtils.java:logGet(46)) - raft.server.rpc.request.timeout = 3000ms (default)
2023-12-18 19:17:06,599 [ded5b85a-ec0d-4a71-9db9-83b101b9c9ad-groupManagement] INFO  server.RaftServerConfigKeys (ConfUtils.java:logGet(46)) - raft.server.log.appender.install.snapshot.enabled = false (custom)
2023-12-18 19:17:06,600 [ded5b85a-ec0d-4a71-9db9-83b101b9c9ad-groupManagement] INFO  server.RaftServerConfigKeys (ConfUtils.java:logGet(46)) - raft.server.threadpool.server.cached = true (default)
2023-12-18 19:17:06,600 [ded5b85a-ec0d-4a71-9db9-83b101b9c9ad-groupManagement] INFO  server.RaftServerConfigKeys (ConfUtils.java:logGet(46)) - raft.server.threadpool.server.size = 0 (default)
2023-12-18 19:17:06,600 [ded5b85a-ec0d-4a71-9db9-83b101b9c9ad-groupManagement] INFO  server.RaftServerConfigKeys (ConfUtils.java:logGet(46)) - raft.server.threadpool.client.cached = true (default)
2023-12-18 19:17:06,600 [ded5b85a-ec0d-4a71-9db9-83b101b9c9ad-groupManagement] INFO  server.RaftServerConfigKeys (ConfUtils.java:logGet(46)) - raft.server.threadpool.client.size = 0 (default)
2023-12-18 19:17:06,600 [ded5b85a-ec0d-4a71-9db9-83b101b9c9ad-groupManagement] INFO  server.RaftServerConfigKeys (ConfUtils.java:logGet(46)) - raft.server.storage.free-space.min = 0MB (=0) (default)
2023-12-18 19:17:06,600 [ded5b85a-ec0d-4a71-9db9-83b101b9c9ad-groupManagement] INFO  server.RaftServerConfigKeys (ConfUtils.java:logGet(46)) - raft.server.log.corruption.policy = EXCEPTION (default)
2023-12-18 19:17:06,600 [ded5b85a-ec0d-4a71-9db9-83b101b9c9ad-groupManagement] INFO  server.RaftServerConfigKeys (ConfUtils.java:logGet(46)) - raft.server.storage.dir = [/home/runner/work/ozone/ozone/hadoop-ozone/integration-test/target/test-dir/MiniOzoneClusterImpl-15bbe3be-e687-4529-b164-2adc82dffbd7/datanode-0/data/ratis] (custom)
2023-12-18 19:17:06,600 [ded5b85a-ec0d-4a71-9db9-83b101b9c9ad-groupManagement] INFO  storage.RaftStorageDirectory (RaftStorageDirectoryImpl.java:analyzeStorage(138)) - The storage directory /home/runner/work/ozone/ozone/hadoop-ozone/integration-test/target/test-dir/MiniOzoneClusterImpl-15bbe3be-e687-4529-b164-2adc82dffbd7/datanode-0/data/ratis/c9eefd44-24be-414c-a29f-13fb7affb456 does not exist. Creating ...
2023-12-18 19:17:06,602 [ded5b85a-ec0d-4a71-9db9-83b101b9c9ad-groupManagement] INFO  storage.RaftStorageDirectory (RaftStorageDirectoryImpl.java:tryLock(232)) - Lock on /home/runner/work/ozone/ozone/hadoop-ozone/integration-test/target/test-dir/MiniOzoneClusterImpl-15bbe3be-e687-4529-b164-2adc82dffbd7/datanode-0/data/ratis/c9eefd44-24be-414c-a29f-13fb7affb456/in_use.lock acquired by nodename 54039@fv-az655-333
2023-12-18 19:17:06,604 [ded5b85a-ec0d-4a71-9db9-83b101b9c9ad-groupManagement] INFO  storage.RaftStorage (RaftStorageImpl.java:format(97)) - Storage directory /home/runner/work/ozone/ozone/hadoop-ozone/integration-test/target/test-dir/MiniOzoneClusterImpl-15bbe3be-e687-4529-b164-2adc82dffbd7/datanode-0/data/ratis/c9eefd44-24be-414c-a29f-13fb7affb456 has been successfully formatted.
2023-12-18 19:17:06,623 [ded5b85a-ec0d-4a71-9db9-83b101b9c9ad-groupManagement] INFO  ratis.ContainerStateMachine (ContainerStateMachine.java:loadSnapshot(287)) - group-13FB7AFFB456: The snapshot info is null. Setting the last applied indexto:(t:0, i:~)
2023-12-18 19:17:06,623 [ded5b85a-ec0d-4a71-9db9-83b101b9c9ad-groupManagement] INFO  server.RaftServerConfigKeys (ConfUtils.java:logGet(46)) - raft.server.log.use.memory = false (default)
2023-12-18 19:17:06,623 [ded5b85a-ec0d-4a71-9db9-83b101b9c9ad-groupManagement] INFO  server.RaftServerConfigKeys (ConfUtils.java:logGet(46)) - raft.server.log.purge.gap = 1000000 (custom)
2023-12-18 19:17:06,623 [ded5b85a-ec0d-4a71-9db9-83b101b9c9ad-groupManagement] INFO  server.RaftServerConfigKeys (ConfUtils.java:logGet(46)) - raft.server.log.appender.buffer.byte-limit = 8388608 (custom)
2023-12-18 19:17:06,623 [ded5b85a-ec0d-4a71-9db9-83b101b9c9ad-groupManagement] INFO  server.RaftServerConfigKeys (ConfUtils.java:logGet(46)) - raft.server.log.statemachine.data.read.timeout = 1000ms (default)
2023-12-18 19:17:06,623 [ded5b85a-ec0d-4a71-9db9-83b101b9c9ad-groupManagement] INFO  server.RaftServerConfigKeys (ConfUtils.java:logGet(46)) - raft.server.log.purge.preservation.log.num = 0 (default)
2023-12-18 19:17:06,628 [EventQueue-PipelineReportForPipelineReportHandler] INFO  pipeline.PipelineReportHandler (PipelineReportHandler.java:processPipelineReport(136)) - Opened pipeline PipelineID=c9eefd44-24be-414c-a29f-13fb7affb456
2023-12-18 19:17:06,630 [EventQueue-OpenPipelineForHealthyPipelineSafeModeRule] INFO  safemode.SCMSafeModeManager (HealthyPipelineSafeModeRule.java:process(140)) - SCM in safe mode. Healthy pipelines reported count is 0, required healthy pipeline reported count is 1
2023-12-18 19:17:06,634 [ded5b85a-ec0d-4a71-9db9-83b101b9c9ad-groupManagement] INFO  server.RaftServerConfigKeys (ConfUtils.java:logGet(46)) - raft.server.log.segment.size.max = 67108864 (custom)
2023-12-18 19:17:06,634 [ded5b85a-ec0d-4a71-9db9-83b101b9c9ad-groupManagement] INFO  server.RaftServerConfigKeys (ConfUtils.java:logGet(46)) - raft.server.log.segment.cache.num.max = 2 (custom)
2023-12-18 19:17:06,635 [ded5b85a-ec0d-4a71-9db9-83b101b9c9ad-groupManagement] INFO  server.RaftServerConfigKeys (ConfUtils.java:logGet(46)) - raft.server.log.segment.cache.size.max = 200MB (=209715200) (default)
2023-12-18 19:17:06,637 [ded5b85a-ec0d-4a71-9db9-83b101b9c9ad-groupManagement] INFO  server.RaftServerConfigKeys (ConfUtils.java:logGet(46)) - raft.server.log.appender.buffer.byte-limit = 8388608 (custom)
2023-12-18 19:17:06,638 [ded5b85a-ec0d-4a71-9db9-83b101b9c9ad-groupManagement] INFO  util.AwaitToRun (AwaitToRun.java:start(81)) - Thread[ded5b85a-ec0d-4a71-9db9-83b101b9c9ad@group-13FB7AFFB456-cacheEviction-AwaitToRun,5,main] started
2023-12-18 19:17:06,640 [ded5b85a-ec0d-4a71-9db9-83b101b9c9ad-groupManagement] INFO  segmented.SegmentedRaftLogWorker (SegmentedRaftLogWorker.java:<init>(184)) - new ded5b85a-ec0d-4a71-9db9-83b101b9c9ad@group-13FB7AFFB456-SegmentedRaftLogWorker for RaftStorageImpl:Storage Directory /home/runner/work/ozone/ozone/hadoop-ozone/integration-test/target/test-dir/MiniOzoneClusterImpl-15bbe3be-e687-4529-b164-2adc82dffbd7/datanode-0/data/ratis/c9eefd44-24be-414c-a29f-13fb7affb456
2023-12-18 19:17:06,641 [ded5b85a-ec0d-4a71-9db9-83b101b9c9ad-groupManagement] INFO  server.RaftServerConfigKeys (ConfUtils.java:logGet(46)) - raft.server.log.queue.byte-limit = 4294967296 (custom)
2023-12-18 19:17:06,641 [ded5b85a-ec0d-4a71-9db9-83b101b9c9ad-groupManagement] INFO  server.RaftServerConfigKeys (ConfUtils.java:logGet(46)) - raft.server.log.queue.element-limit = 1024 (custom)
2023-12-18 19:17:06,642 [ded5b85a-ec0d-4a71-9db9-83b101b9c9ad-groupManagement] INFO  server.RaftServerConfigKeys (ConfUtils.java:logGet(46)) - raft.server.log.segment.size.max = 67108864 (custom)
2023-12-18 19:17:06,642 [ded5b85a-ec0d-4a71-9db9-83b101b9c9ad-groupManagement] INFO  server.RaftServerConfigKeys (ConfUtils.java:logGet(46)) - raft.server.log.preallocated.size = 4194304 (custom)
2023-12-18 19:17:06,642 [ded5b85a-ec0d-4a71-9db9-83b101b9c9ad-groupManagement] INFO  server.RaftServerConfigKeys (ConfUtils.java:logGet(46)) - raft.server.log.force.sync.num = 128 (default)
2023-12-18 19:17:06,642 [ded5b85a-ec0d-4a71-9db9-83b101b9c9ad-groupManagement] INFO  server.RaftServerConfigKeys (ConfUtils.java:logGet(46)) - raft.server.log.statemachine.data.sync = true (default)
2023-12-18 19:17:06,643 [ded5b85a-ec0d-4a71-9db9-83b101b9c9ad-groupManagement] INFO  server.RaftServerConfigKeys (ConfUtils.java:logGet(46)) - raft.server.log.statemachine.data.sync.timeout = 10s (default)
2023-12-18 19:17:06,643 [ded5b85a-ec0d-4a71-9db9-83b101b9c9ad-groupManagement] INFO  server.RaftServerConfigKeys (ConfUtils.java:logGet(46)) - raft.server.log.statemachine.data.sync.timeout.retry = 0 (custom)
2023-12-18 19:17:06,643 [ded5b85a-ec0d-4a71-9db9-83b101b9c9ad-groupManagement] INFO  server.RaftServerConfigKeys (ConfUtils.java:logGet(46)) - raft.server.log.write.buffer.size = 8388616 (custom)
2023-12-18 19:17:06,646 [ded5b85a-ec0d-4a71-9db9-83b101b9c9ad-groupManagement] INFO  server.RaftServerConfigKeys (ConfUtils.java:logGet(46)) - raft.server.log.appender.buffer.byte-limit = 8388608 (custom)
2023-12-18 19:17:06,646 [ded5b85a-ec0d-4a71-9db9-83b101b9c9ad-groupManagement] INFO  server.RaftServerConfigKeys (ConfUtils.java:logGet(46)) - raft.server.log.unsafe-flush.enabled = false (default)
2023-12-18 19:17:06,646 [ded5b85a-ec0d-4a71-9db9-83b101b9c9ad-groupManagement] INFO  server.RaftServerConfigKeys (ConfUtils.java:logGet(46)) - raft.server.log.async-flush.enabled = false (default)
2023-12-18 19:17:06,646 [ded5b85a-ec0d-4a71-9db9-83b101b9c9ad-groupManagement] INFO  server.RaftServerConfigKeys (ConfUtils.java:logGet(46)) - raft.server.log.statemachine.data.caching.enabled = true (custom)
2023-12-18 19:17:06,647 [ded5b85a-ec0d-4a71-9db9-83b101b9c9ad-groupManagement] INFO  segmented.SegmentedRaftLogWorker (SegmentedRaftLogWorker.java:lambda$new$0(135)) - ded5b85a-ec0d-4a71-9db9-83b101b9c9ad@group-13FB7AFFB456-SegmentedRaftLogWorker: flushIndex: setUnconditionally 0 -> -1
2023-12-18 19:17:06,647 [ded5b85a-ec0d-4a71-9db9-83b101b9c9ad-groupManagement] INFO  segmented.SegmentedRaftLogWorker (SegmentedRaftLogWorker.java:lambda$new$0(135)) - ded5b85a-ec0d-4a71-9db9-83b101b9c9ad@group-13FB7AFFB456-SegmentedRaftLogWorker: safeCacheEvictIndex: setUnconditionally 0 -> -1
2023-12-18 19:17:06,649 [ded5b85a-ec0d-4a71-9db9-83b101b9c9ad-groupManagement] INFO  server.RaftServer$Division (RaftServerImpl.java:start(392)) - ded5b85a-ec0d-4a71-9db9-83b101b9c9ad@group-13FB7AFFB456: start as a follower, conf=-1: peers:[ded5b85a-ec0d-4a71-9db9-83b101b9c9ad|10.1.0.24:15014]|listeners:[], old=null
2023-12-18 19:17:06,651 [ded5b85a-ec0d-4a71-9db9-83b101b9c9ad-groupManagement] INFO  server.RaftServer$Division (RaftServerImpl.java:setRole(379)) - ded5b85a-ec0d-4a71-9db9-83b101b9c9ad@group-13FB7AFFB456: changes role from      null to FOLLOWER at term 0 for startAsFollower
2023-12-18 19:17:06,651 [93699071-0d52-4ef3-adad-6b5a83f48fc5-BlockDeletingService#7] INFO  interfaces.ContainerDeletionChoosingPolicyTemplate (ContainerDeletionChoosingPolicyTemplate.java:chooseContainerForBlockDeletion(85)) - Chosen 0/5000 blocks from 0 candidate containers.
2023-12-18 19:17:06,652 [ded5b85a-ec0d-4a71-9db9-83b101b9c9ad-groupManagement] INFO  impl.RoleInfo (RoleInfo.java:updateAndGet(139)) - ded5b85a-ec0d-4a71-9db9-83b101b9c9ad: start ded5b85a-ec0d-4a71-9db9-83b101b9c9ad@group-13FB7AFFB456-FollowerState
2023-12-18 19:17:06,654 [ded5b85a-ec0d-4a71-9db9-83b101b9c9ad@group-13FB7AFFB456-FollowerState] INFO  server.RaftServerConfigKeys (ConfUtils.java:logFallback(53)) - raft.server.rpc.first-election.timeout.min = 5s (fallback to raft.server.rpc.timeout.min)
2023-12-18 19:17:06,655 [ded5b85a-ec0d-4a71-9db9-83b101b9c9ad@group-13FB7AFFB456-FollowerState] INFO  server.RaftServerConfigKeys (ConfUtils.java:logFallback(53)) - raft.server.rpc.first-election.timeout.max = 5200ms (fallback to raft.server.rpc.timeout.max)
2023-12-18 19:17:06,654 [ded5b85a-ec0d-4a71-9db9-83b101b9c9ad-groupManagement] INFO  util.JmxRegister (JmxRegister.java:tryRegister(44)) - Successfully registered JMX Bean with object name Ratis:service=RaftServer,group=group-13FB7AFFB456,id=ded5b85a-ec0d-4a71-9db9-83b101b9c9ad
2023-12-18 19:17:06,657 [089733a5-f6c3-45b8-9d3f-1c158e6a3dcf-BlockDeletingService#2] INFO  interfaces.ContainerDeletionChoosingPolicyTemplate (ContainerDeletionChoosingPolicyTemplate.java:chooseContainerForBlockDeletion(85)) - Chosen 0/5000 blocks from 0 candidate containers.
2023-12-18 19:17:06,657 [ded5b85a-ec0d-4a71-9db9-83b101b9c9ad-groupManagement] INFO  server.RaftServerConfigKeys (ConfUtils.java:logGet(46)) - raft.server.snapshot.trigger-when-stop.enabled = true (default)
2023-12-18 19:17:06,657 [ded5b85a-ec0d-4a71-9db9-83b101b9c9ad-groupManagement] INFO  server.RaftServerConfigKeys (ConfUtils.java:logGet(46)) - raft.server.snapshot.auto.trigger.enabled = true (custom)
2023-12-18 19:17:06,657 [ded5b85a-ec0d-4a71-9db9-83b101b9c9ad-groupManagement] INFO  server.RaftServerConfigKeys (ConfUtils.java:logGet(46)) - raft.server.snapshot.auto.trigger.threshold = 10000 (custom)
2023-12-18 19:17:06,657 [ded5b85a-ec0d-4a71-9db9-83b101b9c9ad-groupManagement] INFO  server.RaftServerConfigKeys (ConfUtils.java:logGet(46)) - raft.server.snapshot.retention.file.num = 5 (custom)
2023-12-18 19:17:06,657 [ded5b85a-ec0d-4a71-9db9-83b101b9c9ad-groupManagement] INFO  server.RaftServerConfigKeys (ConfUtils.java:logGet(46)) - raft.server.log.purge.upto.snapshot.index = false (default)
2023-12-18 19:17:06,668 [ded5b85a-ec0d-4a71-9db9-83b101b9c9ad-PipelineCommandHandlerThread-0] INFO  ratis.XceiverServerRatis (XceiverServerRatis.java:addGroup(837)) - Created group PipelineID=c9eefd44-24be-414c-a29f-13fb7affb456
2023-12-18 19:17:06,669 [ded5b85a-ec0d-4a71-9db9-83b101b9c9ad-PipelineCommandHandlerThread-0] INFO  commandhandler.CreatePipelineCommandHandler (CreatePipelineCommandHandler.java:lambda$handle$2(124)) - Created Pipeline RATIS ONE PipelineID=c9eefd44-24be-414c-a29f-13fb7affb456.
2023-12-18 19:17:06,669 [ded5b85a-ec0d-4a71-9db9-83b101b9c9ad-PipelineCommandHandlerThread-0] INFO  server.RaftServer (RaftServerProxy.java:addNew(100)) - ded5b85a-ec0d-4a71-9db9-83b101b9c9ad: addNew group-40B91FD49D0E:[089733a5-f6c3-45b8-9d3f-1c158e6a3dcf|10.1.0.24:15023, 93699071-0d52-4ef3-adad-6b5a83f48fc5|10.1.0.24:15032, ded5b85a-ec0d-4a71-9db9-83b101b9c9ad|10.1.0.24:15014] returns group-40B91FD49D0E:java.util.concurrent.CompletableFuture@3a4d4ba3[Not completed]
2023-12-18 19:17:06,671 [ded5b85a-ec0d-4a71-9db9-83b101b9c9ad-groupManagement] INFO  server.RaftServer$Division (RaftServerImpl.java:<init>(256)) - ded5b85a-ec0d-4a71-9db9-83b101b9c9ad: new RaftServerImpl for group-40B91FD49D0E:[089733a5-f6c3-45b8-9d3f-1c158e6a3dcf|10.1.0.24:15023, 93699071-0d52-4ef3-adad-6b5a83f48fc5|10.1.0.24:15032, ded5b85a-ec0d-4a71-9db9-83b101b9c9ad|10.1.0.24:15014] with ContainerStateMachine:uninitialized
2023-12-18 19:17:06,671 [ded5b85a-ec0d-4a71-9db9-83b101b9c9ad-groupManagement] INFO  server.RaftServerConfigKeys (ConfUtils.java:logGet(46)) - raft.server.rpc.timeout.min = 5s (custom)
2023-12-18 19:17:06,671 [ded5b85a-ec0d-4a71-9db9-83b101b9c9ad-groupManagement] INFO  server.RaftServerConfigKeys (ConfUtils.java:logGet(46)) - raft.server.rpc.timeout.max = 5200ms (custom)
2023-12-18 19:17:06,671 [ded5b85a-ec0d-4a71-9db9-83b101b9c9ad-groupManagement] INFO  server.RaftServerConfigKeys (ConfUtils.java:logGet(46)) - raft.server.rpc.sleep.time = 25ms (default)
2023-12-18 19:17:06,671 [ded5b85a-ec0d-4a71-9db9-83b101b9c9ad-groupManagement] INFO  server.RaftServerConfigKeys (ConfUtils.java:logGet(46)) - raft.server.rpc.slowness.timeout = 300000ms (custom)
2023-12-18 19:17:06,671 [ded5b85a-ec0d-4a71-9db9-83b101b9c9ad-groupManagement] INFO  server.RaftServerConfigKeys (ConfUtils.java:logGet(46)) - raft.server.leaderelection.leader.step-down.wait-time = 10s (default)
2023-12-18 19:17:06,671 [ded5b85a-ec0d-4a71-9db9-83b101b9c9ad-groupManagement] INFO  server.RaftServerConfigKeys (ConfUtils.java:logGet(46)) - raft.server.leaderelection.member.majority-add = false (default)
2023-12-18 19:17:06,672 [ded5b85a-ec0d-4a71-9db9-83b101b9c9ad-groupManagement] INFO  server.RaftServerConfigKeys (ConfUtils.java:logGet(46)) - raft.server.sleep.deviation.threshold = 300ms (default)
2023-12-18 19:17:06,672 [ded5b85a-ec0d-4a71-9db9-83b101b9c9ad-groupManagement] INFO  server.RaftServer$Division (ServerState.java:<init>(113)) - ded5b85a-ec0d-4a71-9db9-83b101b9c9ad@group-40B91FD49D0E: ConfigurationManager, init=-1: peers:[089733a5-f6c3-45b8-9d3f-1c158e6a3dcf|10.1.0.24:15023, 93699071-0d52-4ef3-adad-6b5a83f48fc5|10.1.0.24:15032, ded5b85a-ec0d-4a71-9db9-83b101b9c9ad|10.1.0.24:15014]|listeners:[], old=null, confs=<EMPTY_MAP>
2023-12-18 19:17:06,672 [ded5b85a-ec0d-4a71-9db9-83b101b9c9ad-groupManagement] INFO  server.RaftServerConfigKeys (ConfUtils.java:logGet(46)) - raft.server.notification.no-leader.timeout = 1000000ms (custom)
2023-12-18 19:17:06,672 [ded5b85a-ec0d-4a71-9db9-83b101b9c9ad-groupManagement] INFO  server.RaftServerConfigKeys (ConfUtils.java:logGet(46)) - raft.server.read.timeout = 10s (default)
2023-12-18 19:17:06,672 [ded5b85a-ec0d-4a71-9db9-83b101b9c9ad-groupManagement] INFO  server.RaftServerConfigKeys (ConfUtils.java:logGet(46)) - raft.server.retrycache.expirytime = 600000ms (custom)
2023-12-18 19:17:06,672 [ded5b85a-ec0d-4a71-9db9-83b101b9c9ad-groupManagement] INFO  server.RaftServerConfigKeys (ConfUtils.java:logGet(46)) - raft.server.retrycache.statistics.expirytime = 100ms (default)
2023-12-18 19:17:06,672 [ded5b85a-ec0d-4a71-9db9-83b101b9c9ad-groupManagement] INFO  server.RaftServerConfigKeys (ConfUtils.java:logGet(46)) - raft.server.read.option = DEFAULT (default)
2023-12-18 19:17:06,672 [ded5b85a-ec0d-4a71-9db9-83b101b9c9ad-groupManagement] INFO  server.RaftServerConfigKeys (ConfUtils.java:logGet(46)) - raft.server.read.read-after-write-consistent.write-index-cache.expiry-time = 60s (default)
2023-12-18 19:17:06,678 [ded5b85a-ec0d-4a71-9db9-83b101b9c9ad-groupManagement] INFO  server.RaftServerConfigKeys (ConfUtils.java:logGet(46)) - raft.server.rpc.request.timeout = 3000ms (default)
2023-12-18 19:17:06,679 [ded5b85a-ec0d-4a71-9db9-83b101b9c9ad-groupManagement] INFO  server.RaftServerConfigKeys (ConfUtils.java:logGet(46)) - raft.server.log.appender.install.snapshot.enabled = false (custom)
2023-12-18 19:17:06,679 [ded5b85a-ec0d-4a71-9db9-83b101b9c9ad-groupManagement] INFO  server.RaftServerConfigKeys (ConfUtils.java:logGet(46)) - raft.server.threadpool.server.cached = true (default)
2023-12-18 19:17:06,679 [ded5b85a-ec0d-4a71-9db9-83b101b9c9ad-groupManagement] INFO  server.RaftServerConfigKeys (ConfUtils.java:logGet(46)) - raft.server.threadpool.server.size = 0 (default)
2023-12-18 19:17:06,679 [ded5b85a-ec0d-4a71-9db9-83b101b9c9ad-groupManagement] INFO  server.RaftServerConfigKeys (ConfUtils.java:logGet(46)) - raft.server.threadpool.client.cached = true (default)
2023-12-18 19:17:06,679 [ded5b85a-ec0d-4a71-9db9-83b101b9c9ad-groupManagement] INFO  server.RaftServerConfigKeys (ConfUtils.java:logGet(46)) - raft.server.threadpool.client.size = 0 (default)
2023-12-18 19:17:06,679 [ded5b85a-ec0d-4a71-9db9-83b101b9c9ad-groupManagement] INFO  server.RaftServerConfigKeys (ConfUtils.java:logGet(46)) - raft.server.storage.free-space.min = 0MB (=0) (default)
2023-12-18 19:17:06,679 [ded5b85a-ec0d-4a71-9db9-83b101b9c9ad-groupManagement] INFO  server.RaftServerConfigKeys (ConfUtils.java:logGet(46)) - raft.server.log.corruption.policy = EXCEPTION (default)
2023-12-18 19:17:06,679 [ded5b85a-ec0d-4a71-9db9-83b101b9c9ad-groupManagement] INFO  server.RaftServerConfigKeys (ConfUtils.java:logGet(46)) - raft.server.storage.dir = [/home/runner/work/ozone/ozone/hadoop-ozone/integration-test/target/test-dir/MiniOzoneClusterImpl-15bbe3be-e687-4529-b164-2adc82dffbd7/datanode-0/data/ratis] (custom)
2023-12-18 19:17:06,679 [ded5b85a-ec0d-4a71-9db9-83b101b9c9ad-groupManagement] INFO  storage.RaftStorageDirectory (RaftStorageDirectoryImpl.java:analyzeStorage(138)) - The storage directory /home/runner/work/ozone/ozone/hadoop-ozone/integration-test/target/test-dir/MiniOzoneClusterImpl-15bbe3be-e687-4529-b164-2adc82dffbd7/datanode-0/data/ratis/97f79b5c-2b37-4d8f-9b11-40b91fd49d0e does not exist. Creating ...
2023-12-18 19:17:06,680 [ded5b85a-ec0d-4a71-9db9-83b101b9c9ad-groupManagement] INFO  storage.RaftStorageDirectory (RaftStorageDirectoryImpl.java:tryLock(232)) - Lock on /home/runner/work/ozone/ozone/hadoop-ozone/integration-test/target/test-dir/MiniOzoneClusterImpl-15bbe3be-e687-4529-b164-2adc82dffbd7/datanode-0/data/ratis/97f79b5c-2b37-4d8f-9b11-40b91fd49d0e/in_use.lock acquired by nodename 54039@fv-az655-333
2023-12-18 19:17:06,682 [ded5b85a-ec0d-4a71-9db9-83b101b9c9ad-groupManagement] INFO  storage.RaftStorage (RaftStorageImpl.java:format(97)) - Storage directory /home/runner/work/ozone/ozone/hadoop-ozone/integration-test/target/test-dir/MiniOzoneClusterImpl-15bbe3be-e687-4529-b164-2adc82dffbd7/datanode-0/data/ratis/97f79b5c-2b37-4d8f-9b11-40b91fd49d0e has been successfully formatted.
2023-12-18 19:17:06,682 [ded5b85a-ec0d-4a71-9db9-83b101b9c9ad-groupManagement] INFO  ratis.ContainerStateMachine (ContainerStateMachine.java:loadSnapshot(287)) - group-40B91FD49D0E: The snapshot info is null. Setting the last applied indexto:(t:0, i:~)
2023-12-18 19:17:06,682 [ded5b85a-ec0d-4a71-9db9-83b101b9c9ad-groupManagement] INFO  server.RaftServerConfigKeys (ConfUtils.java:logGet(46)) - raft.server.log.use.memory = false (default)
2023-12-18 19:17:06,682 [ded5b85a-ec0d-4a71-9db9-83b101b9c9ad-groupManagement] INFO  server.RaftServerConfigKeys (ConfUtils.java:logGet(46)) - raft.server.log.purge.gap = 1000000 (custom)
2023-12-18 19:17:06,682 [ded5b85a-ec0d-4a71-9db9-83b101b9c9ad-groupManagement] INFO  server.RaftServerConfigKeys (ConfUtils.java:logGet(46)) - raft.server.log.appender.buffer.byte-limit = 8388608 (custom)
2023-12-18 19:17:06,682 [ded5b85a-ec0d-4a71-9db9-83b101b9c9ad-groupManagement] INFO  server.RaftServerConfigKeys (ConfUtils.java:logGet(46)) - raft.server.log.statemachine.data.read.timeout = 1000ms (default)
2023-12-18 19:17:06,683 [ded5b85a-ec0d-4a71-9db9-83b101b9c9ad-groupManagement] INFO  server.RaftServerConfigKeys (ConfUtils.java:logGet(46)) - raft.server.log.purge.preservation.log.num = 0 (default)
2023-12-18 19:17:06,684 [EventQueue-OpenPipelineForHealthyPipelineSafeModeRule] INFO  safemode.SCMSafeModeManager (HealthyPipelineSafeModeRule.java:process(140)) - SCM in safe mode. Healthy pipelines reported count is 0, required healthy pipeline reported count is 1
2023-12-18 19:17:06,686 [ded5b85a-ec0d-4a71-9db9-83b101b9c9ad-groupManagement] INFO  server.RaftServerConfigKeys (ConfUtils.java:logGet(46)) - raft.server.log.segment.size.max = 67108864 (custom)
2023-12-18 19:17:06,686 [ded5b85a-ec0d-4a71-9db9-83b101b9c9ad-groupManagement] INFO  server.RaftServerConfigKeys (ConfUtils.java:logGet(46)) - raft.server.log.segment.cache.num.max = 2 (custom)
2023-12-18 19:17:06,686 [ded5b85a-ec0d-4a71-9db9-83b101b9c9ad-groupManagement] INFO  server.RaftServerConfigKeys (ConfUtils.java:logGet(46)) - raft.server.log.segment.cache.size.max = 200MB (=209715200) (default)
2023-12-18 19:17:06,687 [ded5b85a-ec0d-4a71-9db9-83b101b9c9ad-groupManagement] INFO  server.RaftServerConfigKeys (ConfUtils.java:logGet(46)) - raft.server.log.appender.buffer.byte-limit = 8388608 (custom)
2023-12-18 19:17:06,688 [ded5b85a-ec0d-4a71-9db9-83b101b9c9ad-groupManagement] INFO  util.AwaitToRun (AwaitToRun.java:start(81)) - Thread[ded5b85a-ec0d-4a71-9db9-83b101b9c9ad@group-40B91FD49D0E-cacheEviction-AwaitToRun,5,main] started
2023-12-18 19:17:06,689 [ded5b85a-ec0d-4a71-9db9-83b101b9c9ad-groupManagement] INFO  segmented.SegmentedRaftLogWorker (SegmentedRaftLogWorker.java:<init>(184)) - new ded5b85a-ec0d-4a71-9db9-83b101b9c9ad@group-40B91FD49D0E-SegmentedRaftLogWorker for RaftStorageImpl:Storage Directory /home/runner/work/ozone/ozone/hadoop-ozone/integration-test/target/test-dir/MiniOzoneClusterImpl-15bbe3be-e687-4529-b164-2adc82dffbd7/datanode-0/data/ratis/97f79b5c-2b37-4d8f-9b11-40b91fd49d0e
2023-12-18 19:17:06,689 [ded5b85a-ec0d-4a71-9db9-83b101b9c9ad-groupManagement] INFO  server.RaftServerConfigKeys (ConfUtils.java:logGet(46)) - raft.server.log.queue.byte-limit = 4294967296 (custom)
2023-12-18 19:17:06,689 [ded5b85a-ec0d-4a71-9db9-83b101b9c9ad-groupManagement] INFO  server.RaftServerConfigKeys (ConfUtils.java:logGet(46)) - raft.server.log.queue.element-limit = 1024 (custom)
2023-12-18 19:17:06,689 [ded5b85a-ec0d-4a71-9db9-83b101b9c9ad-groupManagement] INFO  server.RaftServerConfigKeys (ConfUtils.java:logGet(46)) - raft.server.log.segment.size.max = 67108864 (custom)
2023-12-18 19:17:06,689 [ded5b85a-ec0d-4a71-9db9-83b101b9c9ad-groupManagement] INFO  server.RaftServerConfigKeys (ConfUtils.java:logGet(46)) - raft.server.log.preallocated.size = 4194304 (custom)
2023-12-18 19:17:06,689 [ded5b85a-ec0d-4a71-9db9-83b101b9c9ad-groupManagement] INFO  server.RaftServerConfigKeys (ConfUtils.java:logGet(46)) - raft.server.log.force.sync.num = 128 (default)
2023-12-18 19:17:06,689 [ded5b85a-ec0d-4a71-9db9-83b101b9c9ad-groupManagement] INFO  server.RaftServerConfigKeys (ConfUtils.java:logGet(46)) - raft.server.log.statemachine.data.sync = true (default)
2023-12-18 19:17:06,689 [ded5b85a-ec0d-4a71-9db9-83b101b9c9ad-groupManagement] INFO  server.RaftServerConfigKeys (ConfUtils.java:logGet(46)) - raft.server.log.statemachine.data.sync.timeout = 10s (default)
2023-12-18 19:17:06,689 [ded5b85a-ec0d-4a71-9db9-83b101b9c9ad-groupManagement] INFO  server.RaftServerConfigKeys (ConfUtils.java:logGet(46)) - raft.server.log.statemachine.data.sync.timeout.retry = 0 (custom)
2023-12-18 19:17:06,690 [ded5b85a-ec0d-4a71-9db9-83b101b9c9ad-groupManagement] INFO  server.RaftServerConfigKeys (ConfUtils.java:logGet(46)) - raft.server.log.write.buffer.size = 8388616 (custom)
2023-12-18 19:17:06,692 [ded5b85a-ec0d-4a71-9db9-83b101b9c9ad-groupManagement] INFO  server.RaftServerConfigKeys (ConfUtils.java:logGet(46)) - raft.server.log.appender.buffer.byte-limit = 8388608 (custom)
2023-12-18 19:17:06,692 [ded5b85a-ec0d-4a71-9db9-83b101b9c9ad-groupManagement] INFO  server.RaftServerConfigKeys (ConfUtils.java:logGet(46)) - raft.server.log.unsafe-flush.enabled = false (default)
2023-12-18 19:17:06,693 [ded5b85a-ec0d-4a71-9db9-83b101b9c9ad-groupManagement] INFO  server.RaftServerConfigKeys (ConfUtils.java:logGet(46)) - raft.server.log.async-flush.enabled = false (default)
2023-12-18 19:17:06,693 [ded5b85a-ec0d-4a71-9db9-83b101b9c9ad-groupManagement] INFO  server.RaftServerConfigKeys (ConfUtils.java:logGet(46)) - raft.server.log.statemachine.data.caching.enabled = true (custom)
2023-12-18 19:17:06,693 [ded5b85a-ec0d-4a71-9db9-83b101b9c9ad-groupManagement] INFO  segmented.SegmentedRaftLogWorker (SegmentedRaftLogWorker.java:lambda$new$0(135)) - ded5b85a-ec0d-4a71-9db9-83b101b9c9ad@group-40B91FD49D0E-SegmentedRaftLogWorker: flushIndex: setUnconditionally 0 -> -1
2023-12-18 19:17:06,693 [ded5b85a-ec0d-4a71-9db9-83b101b9c9ad-groupManagement] INFO  segmented.SegmentedRaftLogWorker (SegmentedRaftLogWorker.java:lambda$new$0(135)) - ded5b85a-ec0d-4a71-9db9-83b101b9c9ad@group-40B91FD49D0E-SegmentedRaftLogWorker: safeCacheEvictIndex: setUnconditionally 0 -> -1
2023-12-18 19:17:06,694 [ded5b85a-ec0d-4a71-9db9-83b101b9c9ad-groupManagement] INFO  server.RaftServer$Division (RaftServerImpl.java:start(392)) - ded5b85a-ec0d-4a71-9db9-83b101b9c9ad@group-40B91FD49D0E: start as a follower, conf=-1: peers:[089733a5-f6c3-45b8-9d3f-1c158e6a3dcf|10.1.0.24:15023, 93699071-0d52-4ef3-adad-6b5a83f48fc5|10.1.0.24:15032, ded5b85a-ec0d-4a71-9db9-83b101b9c9ad|10.1.0.24:15014]|listeners:[], old=null
2023-12-18 19:17:06,695 [ded5b85a-ec0d-4a71-9db9-83b101b9c9ad-groupManagement] INFO  server.RaftServer$Division (RaftServerImpl.java:setRole(379)) - ded5b85a-ec0d-4a71-9db9-83b101b9c9ad@group-40B91FD49D0E: changes role from      null to FOLLOWER at term 0 for startAsFollower
2023-12-18 19:17:06,695 [ded5b85a-ec0d-4a71-9db9-83b101b9c9ad-groupManagement] INFO  impl.RoleInfo (RoleInfo.java:updateAndGet(139)) - ded5b85a-ec0d-4a71-9db9-83b101b9c9ad: start ded5b85a-ec0d-4a71-9db9-83b101b9c9ad@group-40B91FD49D0E-FollowerState
2023-12-18 19:17:06,698 [ded5b85a-ec0d-4a71-9db9-83b101b9c9ad-groupManagement] INFO  util.JmxRegister (JmxRegister.java:tryRegister(44)) - Successfully registered JMX Bean with object name Ratis:service=RaftServer,group=group-40B91FD49D0E,id=ded5b85a-ec0d-4a71-9db9-83b101b9c9ad
2023-12-18 19:17:06,698 [ded5b85a-ec0d-4a71-9db9-83b101b9c9ad-groupManagement] INFO  server.RaftServerConfigKeys (ConfUtils.java:logGet(46)) - raft.server.snapshot.trigger-when-stop.enabled = true (default)
2023-12-18 19:17:06,698 [ded5b85a-ec0d-4a71-9db9-83b101b9c9ad-groupManagement] INFO  server.RaftServerConfigKeys (ConfUtils.java:logGet(46)) - raft.server.snapshot.auto.trigger.enabled = true (custom)
2023-12-18 19:17:06,698 [ded5b85a-ec0d-4a71-9db9-83b101b9c9ad-groupManagement] INFO  server.RaftServerConfigKeys (ConfUtils.java:logGet(46)) - raft.server.snapshot.auto.trigger.threshold = 10000 (custom)
2023-12-18 19:17:06,699 [ded5b85a-ec0d-4a71-9db9-83b101b9c9ad-groupManagement] INFO  server.RaftServerConfigKeys (ConfUtils.java:logGet(46)) - raft.server.snapshot.retention.file.num = 5 (custom)
2023-12-18 19:17:06,699 [ded5b85a-ec0d-4a71-9db9-83b101b9c9ad-groupManagement] INFO  server.RaftServerConfigKeys (ConfUtils.java:logGet(46)) - raft.server.log.purge.upto.snapshot.index = false (default)
2023-12-18 19:17:06,699 [ded5b85a-ec0d-4a71-9db9-83b101b9c9ad@group-40B91FD49D0E-FollowerState] INFO  server.RaftServerConfigKeys (ConfUtils.java:logFallback(53)) - raft.server.rpc.first-election.timeout.min = 5s (fallback to raft.server.rpc.timeout.min)
2023-12-18 19:17:06,699 [ded5b85a-ec0d-4a71-9db9-83b101b9c9ad@group-40B91FD49D0E-FollowerState] INFO  server.RaftServerConfigKeys (ConfUtils.java:logFallback(53)) - raft.server.rpc.first-election.timeout.max = 5200ms (fallback to raft.server.rpc.timeout.max)
2023-12-18 19:17:06,699 [ded5b85a-ec0d-4a71-9db9-83b101b9c9ad-BlockDeletingService#2] INFO  interfaces.ContainerDeletionChoosingPolicyTemplate (ContainerDeletionChoosingPolicyTemplate.java:chooseContainerForBlockDeletion(85)) - Chosen 0/5000 blocks from 0 candidate containers.
2023-12-18 19:17:06,708 [ded5b85a-ec0d-4a71-9db9-83b101b9c9ad-PipelineCommandHandlerThread-0] INFO  ratis.XceiverServerRatis (XceiverServerRatis.java:addGroup(837)) - Created group PipelineID=97f79b5c-2b37-4d8f-9b11-40b91fd49d0e
2023-12-18 19:17:06,720 [089733a5-f6c3-45b8-9d3f-1c158e6a3dcf-PipelineCommandHandlerThread-0] INFO  server.RaftServer (RaftServerProxy.java:addNew(100)) - 089733a5-f6c3-45b8-9d3f-1c158e6a3dcf: addNew group-F61556258A95:[089733a5-f6c3-45b8-9d3f-1c158e6a3dcf|10.1.0.24:15023] returns group-F61556258A95:java.util.concurrent.CompletableFuture@7501b4bc[Not completed]
2023-12-18 19:17:06,722 [089733a5-f6c3-45b8-9d3f-1c158e6a3dcf-groupManagement] INFO  server.RaftServer$Division (RaftServerImpl.java:<init>(256)) - 089733a5-f6c3-45b8-9d3f-1c158e6a3dcf: new RaftServerImpl for group-F61556258A95:[089733a5-f6c3-45b8-9d3f-1c158e6a3dcf|10.1.0.24:15023] with ContainerStateMachine:uninitialized
2023-12-18 19:17:06,722 [089733a5-f6c3-45b8-9d3f-1c158e6a3dcf-groupManagement] INFO  server.RaftServerConfigKeys (ConfUtils.java:logGet(46)) - raft.server.rpc.timeout.min = 5s (custom)
2023-12-18 19:17:06,722 [089733a5-f6c3-45b8-9d3f-1c158e6a3dcf-groupManagement] INFO  server.RaftServerConfigKeys (ConfUtils.java:logGet(46)) - raft.server.rpc.timeout.max = 5200ms (custom)
2023-12-18 19:17:06,722 [089733a5-f6c3-45b8-9d3f-1c158e6a3dcf-groupManagement] INFO  server.RaftServerConfigKeys (ConfUtils.java:logGet(46)) - raft.server.rpc.sleep.time = 25ms (default)
2023-12-18 19:17:06,722 [089733a5-f6c3-45b8-9d3f-1c158e6a3dcf-groupManagement] INFO  server.RaftServerConfigKeys (ConfUtils.java:logGet(46)) - raft.server.rpc.slowness.timeout = 300000ms (custom)
2023-12-18 19:17:06,723 [089733a5-f6c3-45b8-9d3f-1c158e6a3dcf-groupManagement] INFO  server.RaftServerConfigKeys (ConfUtils.java:logGet(46)) - raft.server.leaderelection.leader.step-down.wait-time = 10s (default)
2023-12-18 19:17:06,723 [089733a5-f6c3-45b8-9d3f-1c158e6a3dcf-groupManagement] INFO  server.RaftServerConfigKeys (ConfUtils.java:logGet(46)) - raft.server.leaderelection.member.majority-add = false (default)
2023-12-18 19:17:06,723 [089733a5-f6c3-45b8-9d3f-1c158e6a3dcf-groupManagement] INFO  server.RaftServerConfigKeys (ConfUtils.java:logGet(46)) - raft.server.sleep.deviation.threshold = 300ms (default)
2023-12-18 19:17:06,723 [089733a5-f6c3-45b8-9d3f-1c158e6a3dcf-groupManagement] INFO  server.RaftServer$Division (ServerState.java:<init>(113)) - 089733a5-f6c3-45b8-9d3f-1c158e6a3dcf@group-F61556258A95: ConfigurationManager, init=-1: peers:[089733a5-f6c3-45b8-9d3f-1c158e6a3dcf|10.1.0.24:15023]|listeners:[], old=null, confs=<EMPTY_MAP>
2023-12-18 19:17:06,723 [089733a5-f6c3-45b8-9d3f-1c158e6a3dcf-groupManagement] INFO  server.RaftServerConfigKeys (ConfUtils.java:logGet(46)) - raft.server.notification.no-leader.timeout = 1000000ms (custom)
2023-12-18 19:17:06,723 [089733a5-f6c3-45b8-9d3f-1c158e6a3dcf-groupManagement] INFO  server.RaftServerConfigKeys (ConfUtils.java:logGet(46)) - raft.server.read.timeout = 10s (default)
2023-12-18 19:17:06,723 [089733a5-f6c3-45b8-9d3f-1c158e6a3dcf-groupManagement] INFO  server.RaftServerConfigKeys (ConfUtils.java:logGet(46)) - raft.server.retrycache.expirytime = 600000ms (custom)
2023-12-18 19:17:06,723 [089733a5-f6c3-45b8-9d3f-1c158e6a3dcf-groupManagement] INFO  server.RaftServerConfigKeys (ConfUtils.java:logGet(46)) - raft.server.retrycache.statistics.expirytime = 100ms (default)
2023-12-18 19:17:06,723 [089733a5-f6c3-45b8-9d3f-1c158e6a3dcf-groupManagement] INFO  server.RaftServerConfigKeys (ConfUtils.java:logGet(46)) - raft.server.read.option = DEFAULT (default)
2023-12-18 19:17:06,723 [089733a5-f6c3-45b8-9d3f-1c158e6a3dcf-groupManagement] INFO  server.RaftServerConfigKeys (ConfUtils.java:logGet(46)) - raft.server.read.read-after-write-consistent.write-index-cache.expiry-time = 60s (default)
2023-12-18 19:17:06,734 [089733a5-f6c3-45b8-9d3f-1c158e6a3dcf-groupManagement] INFO  server.RaftServerConfigKeys (ConfUtils.java:logGet(46)) - raft.server.rpc.request.timeout = 3000ms (default)
2023-12-18 19:17:06,734 [089733a5-f6c3-45b8-9d3f-1c158e6a3dcf-groupManagement] INFO  server.RaftServerConfigKeys (ConfUtils.java:logGet(46)) - raft.server.log.appender.install.snapshot.enabled = false (custom)
2023-12-18 19:17:06,734 [089733a5-f6c3-45b8-9d3f-1c158e6a3dcf-groupManagement] INFO  server.RaftServerConfigKeys (ConfUtils.java:logGet(46)) - raft.server.threadpool.server.cached = true (default)
2023-12-18 19:17:06,734 [089733a5-f6c3-45b8-9d3f-1c158e6a3dcf-groupManagement] INFO  server.RaftServerConfigKeys (ConfUtils.java:logGet(46)) - raft.server.threadpool.server.size = 0 (default)
2023-12-18 19:17:06,734 [089733a5-f6c3-45b8-9d3f-1c158e6a3dcf-groupManagement] INFO  server.RaftServerConfigKeys (ConfUtils.java:logGet(46)) - raft.server.threadpool.client.cached = true (default)
2023-12-18 19:17:06,734 [089733a5-f6c3-45b8-9d3f-1c158e6a3dcf-groupManagement] INFO  server.RaftServerConfigKeys (ConfUtils.java:logGet(46)) - raft.server.threadpool.client.size = 0 (default)
2023-12-18 19:17:06,735 [089733a5-f6c3-45b8-9d3f-1c158e6a3dcf-groupManagement] INFO  server.RaftServerConfigKeys (ConfUtils.java:logGet(46)) - raft.server.storage.free-space.min = 0MB (=0) (default)
2023-12-18 19:17:06,735 [089733a5-f6c3-45b8-9d3f-1c158e6a3dcf-groupManagement] INFO  server.RaftServerConfigKeys (ConfUtils.java:logGet(46)) - raft.server.log.corruption.policy = EXCEPTION (default)
2023-12-18 19:17:06,735 [089733a5-f6c3-45b8-9d3f-1c158e6a3dcf-groupManagement] INFO  server.RaftServerConfigKeys (ConfUtils.java:logGet(46)) - raft.server.storage.dir = [/home/runner/work/ozone/ozone/hadoop-ozone/integration-test/target/test-dir/MiniOzoneClusterImpl-15bbe3be-e687-4529-b164-2adc82dffbd7/datanode-1/data/ratis] (custom)
2023-12-18 19:17:06,735 [089733a5-f6c3-45b8-9d3f-1c158e6a3dcf-groupManagement] INFO  storage.RaftStorageDirectory (RaftStorageDirectoryImpl.java:analyzeStorage(138)) - The storage directory /home/runner/work/ozone/ozone/hadoop-ozone/integration-test/target/test-dir/MiniOzoneClusterImpl-15bbe3be-e687-4529-b164-2adc82dffbd7/datanode-1/data/ratis/2dc5e537-a3cf-4f99-956d-f61556258a95 does not exist. Creating ...
2023-12-18 19:17:06,740 [089733a5-f6c3-45b8-9d3f-1c158e6a3dcf-groupManagement] INFO  storage.RaftStorageDirectory (RaftStorageDirectoryImpl.java:tryLock(232)) - Lock on /home/runner/work/ozone/ozone/hadoop-ozone/integration-test/target/test-dir/MiniOzoneClusterImpl-15bbe3be-e687-4529-b164-2adc82dffbd7/datanode-1/data/ratis/2dc5e537-a3cf-4f99-956d-f61556258a95/in_use.lock acquired by nodename 54039@fv-az655-333
2023-12-18 19:17:06,742 [089733a5-f6c3-45b8-9d3f-1c158e6a3dcf-groupManagement] INFO  storage.RaftStorage (RaftStorageImpl.java:format(97)) - Storage directory /home/runner/work/ozone/ozone/hadoop-ozone/integration-test/target/test-dir/MiniOzoneClusterImpl-15bbe3be-e687-4529-b164-2adc82dffbd7/datanode-1/data/ratis/2dc5e537-a3cf-4f99-956d-f61556258a95 has been successfully formatted.
2023-12-18 19:17:06,751 [93699071-0d52-4ef3-adad-6b5a83f48fc5-BlockDeletingService#7] INFO  interfaces.ContainerDeletionChoosingPolicyTemplate (ContainerDeletionChoosingPolicyTemplate.java:chooseContainerForBlockDeletion(85)) - Chosen 0/5000 blocks from 0 candidate containers.
2023-12-18 19:17:06,744 [089733a5-f6c3-45b8-9d3f-1c158e6a3dcf-groupManagement] INFO  ratis.ContainerStateMachine (ContainerStateMachine.java:loadSnapshot(287)) - group-F61556258A95: The snapshot info is null. Setting the last applied indexto:(t:0, i:~)
2023-12-18 19:17:06,752 [089733a5-f6c3-45b8-9d3f-1c158e6a3dcf-groupManagement] INFO  server.RaftServerConfigKeys (ConfUtils.java:logGet(46)) - raft.server.log.use.memory = false (default)
2023-12-18 19:17:06,752 [089733a5-f6c3-45b8-9d3f-1c158e6a3dcf-groupManagement] INFO  server.RaftServerConfigKeys (ConfUtils.java:logGet(46)) - raft.server.log.purge.gap = 1000000 (custom)
2023-12-18 19:17:06,752 [089733a5-f6c3-45b8-9d3f-1c158e6a3dcf-groupManagement] INFO  server.RaftServerConfigKeys (ConfUtils.java:logGet(46)) - raft.server.log.appender.buffer.byte-limit = 8388608 (custom)
2023-12-18 19:17:06,753 [089733a5-f6c3-45b8-9d3f-1c158e6a3dcf-groupManagement] INFO  server.RaftServerConfigKeys (ConfUtils.java:logGet(46)) - raft.server.log.statemachine.data.read.timeout = 1000ms (default)
2023-12-18 19:17:06,753 [089733a5-f6c3-45b8-9d3f-1c158e6a3dcf-groupManagement] INFO  server.RaftServerConfigKeys (ConfUtils.java:logGet(46)) - raft.server.log.purge.preservation.log.num = 0 (default)
2023-12-18 19:17:06,755 [089733a5-f6c3-45b8-9d3f-1c158e6a3dcf-groupManagement] INFO  server.RaftServerConfigKeys (ConfUtils.java:logGet(46)) - raft.server.log.segment.size.max = 67108864 (custom)
2023-12-18 19:17:06,756 [089733a5-f6c3-45b8-9d3f-1c158e6a3dcf-groupManagement] INFO  server.RaftServerConfigKeys (ConfUtils.java:logGet(46)) - raft.server.log.segment.cache.num.max = 2 (custom)
2023-12-18 19:17:06,756 [089733a5-f6c3-45b8-9d3f-1c158e6a3dcf-groupManagement] INFO  server.RaftServerConfigKeys (ConfUtils.java:logGet(46)) - raft.server.log.segment.cache.size.max = 200MB (=209715200) (default)
2023-12-18 19:17:06,756 [089733a5-f6c3-45b8-9d3f-1c158e6a3dcf-groupManagement] INFO  server.RaftServerConfigKeys (ConfUtils.java:logGet(46)) - raft.server.log.appender.buffer.byte-limit = 8388608 (custom)
2023-12-18 19:17:06,757 [089733a5-f6c3-45b8-9d3f-1c158e6a3dcf-BlockDeletingService#2] INFO  interfaces.ContainerDeletionChoosingPolicyTemplate (ContainerDeletionChoosingPolicyTemplate.java:chooseContainerForBlockDeletion(85)) - Chosen 0/5000 blocks from 0 candidate containers.
2023-12-18 19:17:06,760 [089733a5-f6c3-45b8-9d3f-1c158e6a3dcf-groupManagement] INFO  util.AwaitToRun (AwaitToRun.java:start(81)) - Thread[089733a5-f6c3-45b8-9d3f-1c158e6a3dcf@group-F61556258A95-cacheEviction-AwaitToRun,5,main] started
2023-12-18 19:17:06,763 [089733a5-f6c3-45b8-9d3f-1c158e6a3dcf-groupManagement] INFO  segmented.SegmentedRaftLogWorker (SegmentedRaftLogWorker.java:<init>(184)) - new 089733a5-f6c3-45b8-9d3f-1c158e6a3dcf@group-F61556258A95-SegmentedRaftLogWorker for RaftStorageImpl:Storage Directory /home/runner/work/ozone/ozone/hadoop-ozone/integration-test/target/test-dir/MiniOzoneClusterImpl-15bbe3be-e687-4529-b164-2adc82dffbd7/datanode-1/data/ratis/2dc5e537-a3cf-4f99-956d-f61556258a95
2023-12-18 19:17:06,763 [089733a5-f6c3-45b8-9d3f-1c158e6a3dcf-groupManagement] INFO  server.RaftServerConfigKeys (ConfUtils.java:logGet(46)) - raft.server.log.queue.byte-limit = 4294967296 (custom)
2023-12-18 19:17:06,763 [089733a5-f6c3-45b8-9d3f-1c158e6a3dcf-groupManagement] INFO  server.RaftServerConfigKeys (ConfUtils.java:logGet(46)) - raft.server.log.queue.element-limit = 1024 (custom)
2023-12-18 19:17:06,763 [089733a5-f6c3-45b8-9d3f-1c158e6a3dcf-groupManagement] INFO  server.RaftServerConfigKeys (ConfUtils.java:logGet(46)) - raft.server.log.segment.size.max = 67108864 (custom)
2023-12-18 19:17:06,763 [089733a5-f6c3-45b8-9d3f-1c158e6a3dcf-groupManagement] INFO  server.RaftServerConfigKeys (ConfUtils.java:logGet(46)) - raft.server.log.preallocated.size = 4194304 (custom)
2023-12-18 19:17:06,763 [089733a5-f6c3-45b8-9d3f-1c158e6a3dcf-groupManagement] INFO  server.RaftServerConfigKeys (ConfUtils.java:logGet(46)) - raft.server.log.force.sync.num = 128 (default)
2023-12-18 19:17:06,763 [089733a5-f6c3-45b8-9d3f-1c158e6a3dcf-groupManagement] INFO  server.RaftServerConfigKeys (ConfUtils.java:logGet(46)) - raft.server.log.statemachine.data.sync = true (default)
2023-12-18 19:17:06,763 [089733a5-f6c3-45b8-9d3f-1c158e6a3dcf-groupManagement] INFO  server.RaftServerConfigKeys (ConfUtils.java:logGet(46)) - raft.server.log.statemachine.data.sync.timeout = 10s (default)
2023-12-18 19:17:06,763 [089733a5-f6c3-45b8-9d3f-1c158e6a3dcf-groupManagement] INFO  server.RaftServerConfigKeys (ConfUtils.java:logGet(46)) - raft.server.log.statemachine.data.sync.timeout.retry = 0 (custom)
2023-12-18 19:17:06,764 [089733a5-f6c3-45b8-9d3f-1c158e6a3dcf-groupManagement] INFO  server.RaftServerConfigKeys (ConfUtils.java:logGet(46)) - raft.server.log.write.buffer.size = 8388616 (custom)
2023-12-18 19:17:06,764 [EventQueue-PipelineReportForPipelineReportHandler] INFO  pipeline.PipelineReportHandler (PipelineReportHandler.java:processPipelineReport(136)) - Opened pipeline PipelineID=2dc5e537-a3cf-4f99-956d-f61556258a95
2023-12-18 19:17:06,764 [EventQueue-OpenPipelineForHealthyPipelineSafeModeRule] INFO  safemode.SCMSafeModeManager (HealthyPipelineSafeModeRule.java:process(140)) - SCM in safe mode. Healthy pipelines reported count is 0, required healthy pipeline reported count is 1
2023-12-18 19:17:06,766 [089733a5-f6c3-45b8-9d3f-1c158e6a3dcf-groupManagement] INFO  server.RaftServerConfigKeys (ConfUtils.java:logGet(46)) - raft.server.log.appender.buffer.byte-limit = 8388608 (custom)
2023-12-18 19:17:06,766 [089733a5-f6c3-45b8-9d3f-1c158e6a3dcf-groupManagement] INFO  server.RaftServerConfigKeys (ConfUtils.java:logGet(46)) - raft.server.log.unsafe-flush.enabled = false (default)
2023-12-18 19:17:06,766 [089733a5-f6c3-45b8-9d3f-1c158e6a3dcf-groupManagement] INFO  server.RaftServerConfigKeys (ConfUtils.java:logGet(46)) - raft.server.log.async-flush.enabled = false (default)
2023-12-18 19:17:06,766 [089733a5-f6c3-45b8-9d3f-1c158e6a3dcf-groupManagement] INFO  server.RaftServerConfigKeys (ConfUtils.java:logGet(46)) - raft.server.log.statemachine.data.caching.enabled = true (custom)
2023-12-18 19:17:06,766 [089733a5-f6c3-45b8-9d3f-1c158e6a3dcf-groupManagement] INFO  segmented.SegmentedRaftLogWorker (SegmentedRaftLogWorker.java:lambda$new$0(135)) - 089733a5-f6c3-45b8-9d3f-1c158e6a3dcf@group-F61556258A95-SegmentedRaftLogWorker: flushIndex: setUnconditionally 0 -> -1
2023-12-18 19:17:06,767 [089733a5-f6c3-45b8-9d3f-1c158e6a3dcf-groupManagement] INFO  segmented.SegmentedRaftLogWorker (SegmentedRaftLogWorker.java:lambda$new$0(135)) - 089733a5-f6c3-45b8-9d3f-1c158e6a3dcf@group-F61556258A95-SegmentedRaftLogWorker: safeCacheEvictIndex: setUnconditionally 0 -> -1
2023-12-18 19:17:06,770 [089733a5-f6c3-45b8-9d3f-1c158e6a3dcf-groupManagement] INFO  server.RaftServer$Division (RaftServerImpl.java:start(392)) - 089733a5-f6c3-45b8-9d3f-1c158e6a3dcf@group-F61556258A95: start as a follower, conf=-1: peers:[089733a5-f6c3-45b8-9d3f-1c158e6a3dcf|10.1.0.24:15023]|listeners:[], old=null
2023-12-18 19:17:06,771 [089733a5-f6c3-45b8-9d3f-1c158e6a3dcf-groupManagement] INFO  server.RaftServer$Division (RaftServerImpl.java:setRole(379)) - 089733a5-f6c3-45b8-9d3f-1c158e6a3dcf@group-F61556258A95: changes role from      null to FOLLOWER at term 0 for startAsFollower
2023-12-18 19:17:06,771 [089733a5-f6c3-45b8-9d3f-1c158e6a3dcf-groupManagement] INFO  impl.RoleInfo (RoleInfo.java:updateAndGet(139)) - 089733a5-f6c3-45b8-9d3f-1c158e6a3dcf: start 089733a5-f6c3-45b8-9d3f-1c158e6a3dcf@group-F61556258A95-FollowerState
2023-12-18 19:17:06,772 [089733a5-f6c3-45b8-9d3f-1c158e6a3dcf@group-F61556258A95-FollowerState] INFO  server.RaftServerConfigKeys (ConfUtils.java:logFallback(53)) - raft.server.rpc.first-election.timeout.min = 5s (fallback to raft.server.rpc.timeout.min)
2023-12-18 19:17:06,773 [089733a5-f6c3-45b8-9d3f-1c158e6a3dcf-groupManagement] INFO  util.JmxRegister (JmxRegister.java:tryRegister(44)) - Successfully registered JMX Bean with object name Ratis:service=RaftServer,group=group-F61556258A95,id=089733a5-f6c3-45b8-9d3f-1c158e6a3dcf
2023-12-18 19:17:06,776 [089733a5-f6c3-45b8-9d3f-1c158e6a3dcf-groupManagement] INFO  server.RaftServerConfigKeys (ConfUtils.java:logGet(46)) - raft.server.snapshot.trigger-when-stop.enabled = true (default)
2023-12-18 19:17:06,776 [089733a5-f6c3-45b8-9d3f-1c158e6a3dcf-groupManagement] INFO  server.RaftServerConfigKeys (ConfUtils.java:logGet(46)) - raft.server.snapshot.auto.trigger.enabled = true (custom)
2023-12-18 19:17:06,776 [089733a5-f6c3-45b8-9d3f-1c158e6a3dcf-groupManagement] INFO  server.RaftServerConfigKeys (ConfUtils.java:logGet(46)) - raft.server.snapshot.auto.trigger.threshold = 10000 (custom)
2023-12-18 19:17:06,777 [089733a5-f6c3-45b8-9d3f-1c158e6a3dcf-groupManagement] INFO  server.RaftServerConfigKeys (ConfUtils.java:logGet(46)) - raft.server.snapshot.retention.file.num = 5 (custom)
2023-12-18 19:17:06,777 [089733a5-f6c3-45b8-9d3f-1c158e6a3dcf-groupManagement] INFO  server.RaftServerConfigKeys (ConfUtils.java:logGet(46)) - raft.server.log.purge.upto.snapshot.index = false (default)
2023-12-18 19:17:06,777 [089733a5-f6c3-45b8-9d3f-1c158e6a3dcf@group-F61556258A95-FollowerState] INFO  server.RaftServerConfigKeys (ConfUtils.java:logFallback(53)) - raft.server.rpc.first-election.timeout.max = 5200ms (fallback to raft.server.rpc.timeout.max)
2023-12-18 19:17:06,780 [089733a5-f6c3-45b8-9d3f-1c158e6a3dcf-PipelineCommandHandlerThread-0] INFO  ratis.XceiverServerRatis (XceiverServerRatis.java:addGroup(837)) - Created group PipelineID=2dc5e537-a3cf-4f99-956d-f61556258a95
2023-12-18 19:17:06,780 [089733a5-f6c3-45b8-9d3f-1c158e6a3dcf-PipelineCommandHandlerThread-0] INFO  commandhandler.CreatePipelineCommandHandler (CreatePipelineCommandHandler.java:lambda$handle$2(124)) - Created Pipeline RATIS ONE PipelineID=2dc5e537-a3cf-4f99-956d-f61556258a95.
2023-12-18 19:17:06,781 [089733a5-f6c3-45b8-9d3f-1c158e6a3dcf-PipelineCommandHandlerThread-0] INFO  server.RaftServer (RaftServerProxy.java:addNew(100)) - 089733a5-f6c3-45b8-9d3f-1c158e6a3dcf: addNew group-40B91FD49D0E:[089733a5-f6c3-45b8-9d3f-1c158e6a3dcf|10.1.0.24:15023, 93699071-0d52-4ef3-adad-6b5a83f48fc5|10.1.0.24:15032, ded5b85a-ec0d-4a71-9db9-83b101b9c9ad|10.1.0.24:15014] returns group-40B91FD49D0E:java.util.concurrent.CompletableFuture@713e2ec4[Not completed]
2023-12-18 19:17:06,782 [089733a5-f6c3-45b8-9d3f-1c158e6a3dcf-groupManagement] INFO  server.RaftServer$Division (RaftServerImpl.java:<init>(256)) - 089733a5-f6c3-45b8-9d3f-1c158e6a3dcf: new RaftServerImpl for group-40B91FD49D0E:[089733a5-f6c3-45b8-9d3f-1c158e6a3dcf|10.1.0.24:15023, 93699071-0d52-4ef3-adad-6b5a83f48fc5|10.1.0.24:15032, ded5b85a-ec0d-4a71-9db9-83b101b9c9ad|10.1.0.24:15014] with ContainerStateMachine:uninitialized
2023-12-18 19:17:06,784 [089733a5-f6c3-45b8-9d3f-1c158e6a3dcf-groupManagement] INFO  server.RaftServerConfigKeys (ConfUtils.java:logGet(46)) - raft.server.rpc.timeout.min = 5s (custom)
2023-12-18 19:17:06,784 [089733a5-f6c3-45b8-9d3f-1c158e6a3dcf-groupManagement] INFO  server.RaftServerConfigKeys (ConfUtils.java:logGet(46)) - raft.server.rpc.timeout.max = 5200ms (custom)
2023-12-18 19:17:06,784 [089733a5-f6c3-45b8-9d3f-1c158e6a3dcf-groupManagement] INFO  server.RaftServerConfigKeys (ConfUtils.java:logGet(46)) - raft.server.rpc.sleep.time = 25ms (default)
2023-12-18 19:17:06,784 [089733a5-f6c3-45b8-9d3f-1c158e6a3dcf-groupManagement] INFO  server.RaftServerConfigKeys (ConfUtils.java:logGet(46)) - raft.server.rpc.slowness.timeout = 300000ms (custom)
2023-12-18 19:17:06,784 [089733a5-f6c3-45b8-9d3f-1c158e6a3dcf-groupManagement] INFO  server.RaftServerConfigKeys (ConfUtils.java:logGet(46)) - raft.server.leaderelection.leader.step-down.wait-time = 10s (default)
2023-12-18 19:17:06,784 [089733a5-f6c3-45b8-9d3f-1c158e6a3dcf-groupManagement] INFO  server.RaftServerConfigKeys (ConfUtils.java:logGet(46)) - raft.server.leaderelection.member.majority-add = false (default)
2023-12-18 19:17:06,784 [089733a5-f6c3-45b8-9d3f-1c158e6a3dcf-groupManagement] INFO  server.RaftServerConfigKeys (ConfUtils.java:logGet(46)) - raft.server.sleep.deviation.threshold = 300ms (default)
2023-12-18 19:17:06,784 [089733a5-f6c3-45b8-9d3f-1c158e6a3dcf-groupManagement] INFO  server.RaftServer$Division (ServerState.java:<init>(113)) - 089733a5-f6c3-45b8-9d3f-1c158e6a3dcf@group-40B91FD49D0E: ConfigurationManager, init=-1: peers:[089733a5-f6c3-45b8-9d3f-1c158e6a3dcf|10.1.0.24:15023, 93699071-0d52-4ef3-adad-6b5a83f48fc5|10.1.0.24:15032, ded5b85a-ec0d-4a71-9db9-83b101b9c9ad|10.1.0.24:15014]|listeners:[], old=null, confs=<EMPTY_MAP>
2023-12-18 19:17:06,785 [089733a5-f6c3-45b8-9d3f-1c158e6a3dcf-groupManagement] INFO  server.RaftServerConfigKeys (ConfUtils.java:logGet(46)) - raft.server.notification.no-leader.timeout = 1000000ms (custom)
2023-12-18 19:17:06,785 [089733a5-f6c3-45b8-9d3f-1c158e6a3dcf-groupManagement] INFO  server.RaftServerConfigKeys (ConfUtils.java:logGet(46)) - raft.server.read.timeout = 10s (default)
2023-12-18 19:17:06,785 [089733a5-f6c3-45b8-9d3f-1c158e6a3dcf-groupManagement] INFO  server.RaftServerConfigKeys (ConfUtils.java:logGet(46)) - raft.server.retrycache.expirytime = 600000ms (custom)
2023-12-18 19:17:06,785 [089733a5-f6c3-45b8-9d3f-1c158e6a3dcf-groupManagement] INFO  server.RaftServerConfigKeys (ConfUtils.java:logGet(46)) - raft.server.retrycache.statistics.expirytime = 100ms (default)
2023-12-18 19:17:06,785 [089733a5-f6c3-45b8-9d3f-1c158e6a3dcf-groupManagement] INFO  server.RaftServerConfigKeys (ConfUtils.java:logGet(46)) - raft.server.read.option = DEFAULT (default)
2023-12-18 19:17:06,785 [089733a5-f6c3-45b8-9d3f-1c158e6a3dcf-groupManagement] INFO  server.RaftServerConfigKeys (ConfUtils.java:logGet(46)) - raft.server.read.read-after-write-consistent.write-index-cache.expiry-time = 60s (default)
2023-12-18 19:17:06,796 [089733a5-f6c3-45b8-9d3f-1c158e6a3dcf-groupManagement] INFO  server.RaftServerConfigKeys (ConfUtils.java:logGet(46)) - raft.server.rpc.request.timeout = 3000ms (default)
2023-12-18 19:17:06,796 [089733a5-f6c3-45b8-9d3f-1c158e6a3dcf-groupManagement] INFO  server.RaftServerConfigKeys (ConfUtils.java:logGet(46)) - raft.server.log.appender.install.snapshot.enabled = false (custom)
2023-12-18 19:17:06,796 [089733a5-f6c3-45b8-9d3f-1c158e6a3dcf-groupManagement] INFO  server.RaftServerConfigKeys (ConfUtils.java:logGet(46)) - raft.server.threadpool.server.cached = true (default)
2023-12-18 19:17:06,796 [089733a5-f6c3-45b8-9d3f-1c158e6a3dcf-groupManagement] INFO  server.RaftServerConfigKeys (ConfUtils.java:logGet(46)) - raft.server.threadpool.server.size = 0 (default)
2023-12-18 19:17:06,797 [089733a5-f6c3-45b8-9d3f-1c158e6a3dcf-groupManagement] INFO  server.RaftServerConfigKeys (ConfUtils.java:logGet(46)) - raft.server.threadpool.client.cached = true (default)
2023-12-18 19:17:06,797 [089733a5-f6c3-45b8-9d3f-1c158e6a3dcf-groupManagement] INFO  server.RaftServerConfigKeys (ConfUtils.java:logGet(46)) - raft.server.threadpool.client.size = 0 (default)
2023-12-18 19:17:06,797 [089733a5-f6c3-45b8-9d3f-1c158e6a3dcf-groupManagement] INFO  server.RaftServerConfigKeys (ConfUtils.java:logGet(46)) - raft.server.storage.free-space.min = 0MB (=0) (default)
2023-12-18 19:17:06,797 [089733a5-f6c3-45b8-9d3f-1c158e6a3dcf-groupManagement] INFO  server.RaftServerConfigKeys (ConfUtils.java:logGet(46)) - raft.server.log.corruption.policy = EXCEPTION (default)
2023-12-18 19:17:06,797 [089733a5-f6c3-45b8-9d3f-1c158e6a3dcf-groupManagement] INFO  server.RaftServerConfigKeys (ConfUtils.java:logGet(46)) - raft.server.storage.dir = [/home/runner/work/ozone/ozone/hadoop-ozone/integration-test/target/test-dir/MiniOzoneClusterImpl-15bbe3be-e687-4529-b164-2adc82dffbd7/datanode-1/data/ratis] (custom)
2023-12-18 19:17:06,797 [089733a5-f6c3-45b8-9d3f-1c158e6a3dcf-groupManagement] INFO  storage.RaftStorageDirectory (RaftStorageDirectoryImpl.java:analyzeStorage(138)) - The storage directory /home/runner/work/ozone/ozone/hadoop-ozone/integration-test/target/test-dir/MiniOzoneClusterImpl-15bbe3be-e687-4529-b164-2adc82dffbd7/datanode-1/data/ratis/97f79b5c-2b37-4d8f-9b11-40b91fd49d0e does not exist. Creating ...
2023-12-18 19:17:06,798 [089733a5-f6c3-45b8-9d3f-1c158e6a3dcf-groupManagement] INFO  storage.RaftStorageDirectory (RaftStorageDirectoryImpl.java:tryLock(232)) - Lock on /home/runner/work/ozone/ozone/hadoop-ozone/integration-test/target/test-dir/MiniOzoneClusterImpl-15bbe3be-e687-4529-b164-2adc82dffbd7/datanode-1/data/ratis/97f79b5c-2b37-4d8f-9b11-40b91fd49d0e/in_use.lock acquired by nodename 54039@fv-az655-333
2023-12-18 19:17:06,799 [089733a5-f6c3-45b8-9d3f-1c158e6a3dcf-groupManagement] INFO  storage.RaftStorage (RaftStorageImpl.java:format(97)) - Storage directory /home/runner/work/ozone/ozone/hadoop-ozone/integration-test/target/test-dir/MiniOzoneClusterImpl-15bbe3be-e687-4529-b164-2adc82dffbd7/datanode-1/data/ratis/97f79b5c-2b37-4d8f-9b11-40b91fd49d0e has been successfully formatted.
2023-12-18 19:17:06,799 [ded5b85a-ec0d-4a71-9db9-83b101b9c9ad-BlockDeletingService#2] INFO  interfaces.ContainerDeletionChoosingPolicyTemplate (ContainerDeletionChoosingPolicyTemplate.java:chooseContainerForBlockDeletion(85)) - Chosen 0/5000 blocks from 0 candidate containers.
2023-12-18 19:17:06,800 [089733a5-f6c3-45b8-9d3f-1c158e6a3dcf-groupManagement] INFO  ratis.ContainerStateMachine (ContainerStateMachine.java:loadSnapshot(287)) - group-40B91FD49D0E: The snapshot info is null. Setting the last applied indexto:(t:0, i:~)
2023-12-18 19:17:06,800 [089733a5-f6c3-45b8-9d3f-1c158e6a3dcf-groupManagement] INFO  server.RaftServerConfigKeys (ConfUtils.java:logGet(46)) - raft.server.log.use.memory = false (default)
2023-12-18 19:17:06,800 [089733a5-f6c3-45b8-9d3f-1c158e6a3dcf-groupManagement] INFO  server.RaftServerConfigKeys (ConfUtils.java:logGet(46)) - raft.server.log.purge.gap = 1000000 (custom)
2023-12-18 19:17:06,800 [089733a5-f6c3-45b8-9d3f-1c158e6a3dcf-groupManagement] INFO  server.RaftServerConfigKeys (ConfUtils.java:logGet(46)) - raft.server.log.appender.buffer.byte-limit = 8388608 (custom)
2023-12-18 19:17:06,801 [089733a5-f6c3-45b8-9d3f-1c158e6a3dcf-groupManagement] INFO  server.RaftServerConfigKeys (ConfUtils.java:logGet(46)) - raft.server.log.statemachine.data.read.timeout = 1000ms (default)
2023-12-18 19:17:06,801 [089733a5-f6c3-45b8-9d3f-1c158e6a3dcf-groupManagement] INFO  server.RaftServerConfigKeys (ConfUtils.java:logGet(46)) - raft.server.log.purge.preservation.log.num = 0 (default)
2023-12-18 19:17:06,801 [EventQueue-OpenPipelineForHealthyPipelineSafeModeRule] INFO  safemode.SCMSafeModeManager (HealthyPipelineSafeModeRule.java:process(140)) - SCM in safe mode. Healthy pipelines reported count is 0, required healthy pipeline reported count is 1
2023-12-18 19:17:06,804 [089733a5-f6c3-45b8-9d3f-1c158e6a3dcf-groupManagement] INFO  server.RaftServerConfigKeys (ConfUtils.java:logGet(46)) - raft.server.log.segment.size.max = 67108864 (custom)
2023-12-18 19:17:06,804 [089733a5-f6c3-45b8-9d3f-1c158e6a3dcf-groupManagement] INFO  server.RaftServerConfigKeys (ConfUtils.java:logGet(46)) - raft.server.log.segment.cache.num.max = 2 (custom)
2023-12-18 19:17:06,804 [089733a5-f6c3-45b8-9d3f-1c158e6a3dcf-groupManagement] INFO  server.RaftServerConfigKeys (ConfUtils.java:logGet(46)) - raft.server.log.segment.cache.size.max = 200MB (=209715200) (default)
2023-12-18 19:17:06,808 [089733a5-f6c3-45b8-9d3f-1c158e6a3dcf-groupManagement] INFO  server.RaftServerConfigKeys (ConfUtils.java:logGet(46)) - raft.server.log.appender.buffer.byte-limit = 8388608 (custom)
2023-12-18 19:17:06,809 [main] INFO  ozone.MiniOzoneClusterImpl (MiniOzoneClusterImpl.java:lambda$waitForClusterToBeReady$0(230)) - Nodes are ready. Got 3 of 3 DN Heartbeats.
2023-12-18 19:17:06,809 [main] INFO  ozone.MiniOzoneClusterImpl (MiniOzoneClusterImpl.java:lambda$waitForClusterToBeReady$0(233)) - Waiting for cluster to exit safe mode
2023-12-18 19:17:06,809 [main] INFO  ozone.MiniOzoneClusterImpl (MiniOzoneClusterImpl.java:lambda$waitForClusterToBeReady$0(235)) - SCM became leader
2023-12-18 19:17:06,812 [089733a5-f6c3-45b8-9d3f-1c158e6a3dcf-groupManagement] INFO  util.AwaitToRun (AwaitToRun.java:start(81)) - Thread[089733a5-f6c3-45b8-9d3f-1c158e6a3dcf@group-40B91FD49D0E-cacheEviction-AwaitToRun,5,main] started
2023-12-18 19:17:06,812 [089733a5-f6c3-45b8-9d3f-1c158e6a3dcf-groupManagement] INFO  segmented.SegmentedRaftLogWorker (SegmentedRaftLogWorker.java:<init>(184)) - new 089733a5-f6c3-45b8-9d3f-1c158e6a3dcf@group-40B91FD49D0E-SegmentedRaftLogWorker for RaftStorageImpl:Storage Directory /home/runner/work/ozone/ozone/hadoop-ozone/integration-test/target/test-dir/MiniOzoneClusterImpl-15bbe3be-e687-4529-b164-2adc82dffbd7/datanode-1/data/ratis/97f79b5c-2b37-4d8f-9b11-40b91fd49d0e
2023-12-18 19:17:06,812 [089733a5-f6c3-45b8-9d3f-1c158e6a3dcf-groupManagement] INFO  server.RaftServerConfigKeys (ConfUtils.java:logGet(46)) - raft.server.log.queue.byte-limit = 4294967296 (custom)
2023-12-18 19:17:06,812 [089733a5-f6c3-45b8-9d3f-1c158e6a3dcf-groupManagement] INFO  server.RaftServerConfigKeys (ConfUtils.java:logGet(46)) - raft.server.log.queue.element-limit = 1024 (custom)
2023-12-18 19:17:06,812 [089733a5-f6c3-45b8-9d3f-1c158e6a3dcf-groupManagement] INFO  server.RaftServerConfigKeys (ConfUtils.java:logGet(46)) - raft.server.log.segment.size.max = 67108864 (custom)
2023-12-18 19:17:06,812 [089733a5-f6c3-45b8-9d3f-1c158e6a3dcf-groupManagement] INFO  server.RaftServerConfigKeys (ConfUtils.java:logGet(46)) - raft.server.log.preallocated.size = 4194304 (custom)
2023-12-18 19:17:06,812 [089733a5-f6c3-45b8-9d3f-1c158e6a3dcf-groupManagement] INFO  server.RaftServerConfigKeys (ConfUtils.java:logGet(46)) - raft.server.log.force.sync.num = 128 (default)
2023-12-18 19:17:06,812 [089733a5-f6c3-45b8-9d3f-1c158e6a3dcf-groupManagement] INFO  server.RaftServerConfigKeys (ConfUtils.java:logGet(46)) - raft.server.log.statemachine.data.sync = true (default)
2023-12-18 19:17:06,813 [089733a5-f6c3-45b8-9d3f-1c158e6a3dcf-groupManagement] INFO  server.RaftServerConfigKeys (ConfUtils.java:logGet(46)) - raft.server.log.statemachine.data.sync.timeout = 10s (default)
2023-12-18 19:17:06,813 [089733a5-f6c3-45b8-9d3f-1c158e6a3dcf-groupManagement] INFO  server.RaftServerConfigKeys (ConfUtils.java:logGet(46)) - raft.server.log.statemachine.data.sync.timeout.retry = 0 (custom)
2023-12-18 19:17:06,813 [089733a5-f6c3-45b8-9d3f-1c158e6a3dcf-groupManagement] INFO  server.RaftServerConfigKeys (ConfUtils.java:logGet(46)) - raft.server.log.write.buffer.size = 8388616 (custom)
2023-12-18 19:17:06,815 [089733a5-f6c3-45b8-9d3f-1c158e6a3dcf-groupManagement] INFO  server.RaftServerConfigKeys (ConfUtils.java:logGet(46)) - raft.server.log.appender.buffer.byte-limit = 8388608 (custom)
2023-12-18 19:17:06,816 [089733a5-f6c3-45b8-9d3f-1c158e6a3dcf-groupManagement] INFO  server.RaftServerConfigKeys (ConfUtils.java:logGet(46)) - raft.server.log.unsafe-flush.enabled = false (default)
2023-12-18 19:17:06,816 [089733a5-f6c3-45b8-9d3f-1c158e6a3dcf-groupManagement] INFO  server.RaftServerConfigKeys (ConfUtils.java:logGet(46)) - raft.server.log.async-flush.enabled = false (default)
2023-12-18 19:17:06,816 [089733a5-f6c3-45b8-9d3f-1c158e6a3dcf-groupManagement] INFO  server.RaftServerConfigKeys (ConfUtils.java:logGet(46)) - raft.server.log.statemachine.data.caching.enabled = true (custom)
2023-12-18 19:17:06,816 [089733a5-f6c3-45b8-9d3f-1c158e6a3dcf-groupManagement] INFO  segmented.SegmentedRaftLogWorker (SegmentedRaftLogWorker.java:lambda$new$0(135)) - 089733a5-f6c3-45b8-9d3f-1c158e6a3dcf@group-40B91FD49D0E-SegmentedRaftLogWorker: flushIndex: setUnconditionally 0 -> -1
2023-12-18 19:17:06,816 [089733a5-f6c3-45b8-9d3f-1c158e6a3dcf-groupManagement] INFO  segmented.SegmentedRaftLogWorker (SegmentedRaftLogWorker.java:lambda$new$0(135)) - 089733a5-f6c3-45b8-9d3f-1c158e6a3dcf@group-40B91FD49D0E-SegmentedRaftLogWorker: safeCacheEvictIndex: setUnconditionally 0 -> -1
2023-12-18 19:17:06,819 [089733a5-f6c3-45b8-9d3f-1c158e6a3dcf-groupManagement] INFO  server.RaftServer$Division (RaftServerImpl.java:start(392)) - 089733a5-f6c3-45b8-9d3f-1c158e6a3dcf@group-40B91FD49D0E: start as a follower, conf=-1: peers:[089733a5-f6c3-45b8-9d3f-1c158e6a3dcf|10.1.0.24:15023, 93699071-0d52-4ef3-adad-6b5a83f48fc5|10.1.0.24:15032, ded5b85a-ec0d-4a71-9db9-83b101b9c9ad|10.1.0.24:15014]|listeners:[], old=null
2023-12-18 19:17:06,819 [93699071-0d52-4ef3-adad-6b5a83f48fc5-PipelineCommandHandlerThread-0] INFO  server.RaftServer (RaftServerProxy.java:addNew(100)) - 93699071-0d52-4ef3-adad-6b5a83f48fc5: addNew group-B54A14C830B8:[93699071-0d52-4ef3-adad-6b5a83f48fc5|10.1.0.24:15032] returns group-B54A14C830B8:java.util.concurrent.CompletableFuture@4e5b25c3[Not completed]
2023-12-18 19:17:06,820 [089733a5-f6c3-45b8-9d3f-1c158e6a3dcf-groupManagement] INFO  server.RaftServer$Division (RaftServerImpl.java:setRole(379)) - 089733a5-f6c3-45b8-9d3f-1c158e6a3dcf@group-40B91FD49D0E: changes role from      null to FOLLOWER at term 0 for startAsFollower
2023-12-18 19:17:06,820 [089733a5-f6c3-45b8-9d3f-1c158e6a3dcf-groupManagement] INFO  impl.RoleInfo (RoleInfo.java:updateAndGet(139)) - 089733a5-f6c3-45b8-9d3f-1c158e6a3dcf: start 089733a5-f6c3-45b8-9d3f-1c158e6a3dcf@group-40B91FD49D0E-FollowerState
2023-12-18 19:17:06,821 [089733a5-f6c3-45b8-9d3f-1c158e6a3dcf@group-40B91FD49D0E-FollowerState] INFO  server.RaftServerConfigKeys (ConfUtils.java:logFallback(53)) - raft.server.rpc.first-election.timeout.min = 5s (fallback to raft.server.rpc.timeout.min)
2023-12-18 19:17:06,821 [089733a5-f6c3-45b8-9d3f-1c158e6a3dcf@group-40B91FD49D0E-FollowerState] INFO  server.RaftServerConfigKeys (ConfUtils.java:logFallback(53)) - raft.server.rpc.first-election.timeout.max = 5200ms (fallback to raft.server.rpc.timeout.max)
2023-12-18 19:17:06,821 [089733a5-f6c3-45b8-9d3f-1c158e6a3dcf-groupManagement] INFO  util.JmxRegister (JmxRegister.java:tryRegister(44)) - Successfully registered JMX Bean with object name Ratis:service=RaftServer,group=group-40B91FD49D0E,id=089733a5-f6c3-45b8-9d3f-1c158e6a3dcf
2023-12-18 19:17:06,822 [089733a5-f6c3-45b8-9d3f-1c158e6a3dcf-groupManagement] INFO  server.RaftServerConfigKeys (ConfUtils.java:logGet(46)) - raft.server.snapshot.trigger-when-stop.enabled = true (default)
2023-12-18 19:17:06,822 [089733a5-f6c3-45b8-9d3f-1c158e6a3dcf-groupManagement] INFO  server.RaftServerConfigKeys (ConfUtils.java:logGet(46)) - raft.server.snapshot.auto.trigger.enabled = true (custom)
2023-12-18 19:17:06,822 [089733a5-f6c3-45b8-9d3f-1c158e6a3dcf-groupManagement] INFO  server.RaftServerConfigKeys (ConfUtils.java:logGet(46)) - raft.server.snapshot.auto.trigger.threshold = 10000 (custom)
2023-12-18 19:17:06,822 [089733a5-f6c3-45b8-9d3f-1c158e6a3dcf-groupManagement] INFO  server.RaftServerConfigKeys (ConfUtils.java:logGet(46)) - raft.server.snapshot.retention.file.num = 5 (custom)
2023-12-18 19:17:06,821 [93699071-0d52-4ef3-adad-6b5a83f48fc5-groupManagement] INFO  server.RaftServer$Division (RaftServerImpl.java:<init>(256)) - 93699071-0d52-4ef3-adad-6b5a83f48fc5: new RaftServerImpl for group-B54A14C830B8:[93699071-0d52-4ef3-adad-6b5a83f48fc5|10.1.0.24:15032] with ContainerStateMachine:uninitialized
2023-12-18 19:17:06,823 [93699071-0d52-4ef3-adad-6b5a83f48fc5-groupManagement] INFO  server.RaftServerConfigKeys (ConfUtils.java:logGet(46)) - raft.server.rpc.timeout.min = 5s (custom)
2023-12-18 19:17:06,823 [93699071-0d52-4ef3-adad-6b5a83f48fc5-groupManagement] INFO  server.RaftServerConfigKeys (ConfUtils.java:logGet(46)) - raft.server.rpc.timeout.max = 5200ms (custom)
2023-12-18 19:17:06,823 [93699071-0d52-4ef3-adad-6b5a83f48fc5-groupManagement] INFO  server.RaftServerConfigKeys (ConfUtils.java:logGet(46)) - raft.server.rpc.sleep.time = 25ms (default)
2023-12-18 19:17:06,823 [93699071-0d52-4ef3-adad-6b5a83f48fc5-groupManagement] INFO  server.RaftServerConfigKeys (ConfUtils.java:logGet(46)) - raft.server.rpc.slowness.timeout = 300000ms (custom)
2023-12-18 19:17:06,823 [93699071-0d52-4ef3-adad-6b5a83f48fc5-groupManagement] INFO  server.RaftServerConfigKeys (ConfUtils.java:logGet(46)) - raft.server.leaderelection.leader.step-down.wait-time = 10s (default)
2023-12-18 19:17:06,823 [93699071-0d52-4ef3-adad-6b5a83f48fc5-groupManagement] INFO  server.RaftServerConfigKeys (ConfUtils.java:logGet(46)) - raft.server.leaderelection.member.majority-add = false (default)
2023-12-18 19:17:06,823 [93699071-0d52-4ef3-adad-6b5a83f48fc5-groupManagement] INFO  server.RaftServerConfigKeys (ConfUtils.java:logGet(46)) - raft.server.sleep.deviation.threshold = 300ms (default)
2023-12-18 19:17:06,823 [93699071-0d52-4ef3-adad-6b5a83f48fc5-groupManagement] INFO  server.RaftServer$Division (ServerState.java:<init>(113)) - 93699071-0d52-4ef3-adad-6b5a83f48fc5@group-B54A14C830B8: ConfigurationManager, init=-1: peers:[93699071-0d52-4ef3-adad-6b5a83f48fc5|10.1.0.24:15032]|listeners:[], old=null, confs=<EMPTY_MAP>
2023-12-18 19:17:06,823 [93699071-0d52-4ef3-adad-6b5a83f48fc5-groupManagement] INFO  server.RaftServerConfigKeys (ConfUtils.java:logGet(46)) - raft.server.notification.no-leader.timeout = 1000000ms (custom)
2023-12-18 19:17:06,823 [93699071-0d52-4ef3-adad-6b5a83f48fc5-groupManagement] INFO  server.RaftServerConfigKeys (ConfUtils.java:logGet(46)) - raft.server.read.timeout = 10s (default)
2023-12-18 19:17:06,823 [93699071-0d52-4ef3-adad-6b5a83f48fc5-groupManagement] INFO  server.RaftServerConfigKeys (ConfUtils.java:logGet(46)) - raft.server.retrycache.expirytime = 600000ms (custom)
2023-12-18 19:17:06,824 [93699071-0d52-4ef3-adad-6b5a83f48fc5-groupManagement] INFO  server.RaftServerConfigKeys (ConfUtils.java:logGet(46)) - raft.server.retrycache.statistics.expirytime = 100ms (default)
2023-12-18 19:17:06,824 [93699071-0d52-4ef3-adad-6b5a83f48fc5-groupManagement] INFO  server.RaftServerConfigKeys (ConfUtils.java:logGet(46)) - raft.server.read.option = DEFAULT (default)
2023-12-18 19:17:06,824 [93699071-0d52-4ef3-adad-6b5a83f48fc5-groupManagement] INFO  server.RaftServerConfigKeys (ConfUtils.java:logGet(46)) - raft.server.read.read-after-write-consistent.write-index-cache.expiry-time = 60s (default)
2023-12-18 19:17:06,822 [089733a5-f6c3-45b8-9d3f-1c158e6a3dcf-groupManagement] INFO  server.RaftServerConfigKeys (ConfUtils.java:logGet(46)) - raft.server.log.purge.upto.snapshot.index = false (default)
2023-12-18 19:17:06,826 [089733a5-f6c3-45b8-9d3f-1c158e6a3dcf-PipelineCommandHandlerThread-0] INFO  ratis.XceiverServerRatis (XceiverServerRatis.java:addGroup(837)) - Created group PipelineID=97f79b5c-2b37-4d8f-9b11-40b91fd49d0e
2023-12-18 19:17:06,838 [93699071-0d52-4ef3-adad-6b5a83f48fc5-groupManagement] INFO  server.RaftServerConfigKeys (ConfUtils.java:logGet(46)) - raft.server.rpc.request.timeout = 3000ms (default)
2023-12-18 19:17:06,838 [93699071-0d52-4ef3-adad-6b5a83f48fc5-groupManagement] INFO  server.RaftServerConfigKeys (ConfUtils.java:logGet(46)) - raft.server.log.appender.install.snapshot.enabled = false (custom)
2023-12-18 19:17:06,838 [93699071-0d52-4ef3-adad-6b5a83f48fc5-groupManagement] INFO  server.RaftServerConfigKeys (ConfUtils.java:logGet(46)) - raft.server.threadpool.server.cached = true (default)
2023-12-18 19:17:06,838 [93699071-0d52-4ef3-adad-6b5a83f48fc5-groupManagement] INFO  server.RaftServerConfigKeys (ConfUtils.java:logGet(46)) - raft.server.threadpool.server.size = 0 (default)
2023-12-18 19:17:06,838 [93699071-0d52-4ef3-adad-6b5a83f48fc5-groupManagement] INFO  server.RaftServerConfigKeys (ConfUtils.java:logGet(46)) - raft.server.threadpool.client.cached = true (default)
2023-12-18 19:17:06,838 [93699071-0d52-4ef3-adad-6b5a83f48fc5-groupManagement] INFO  server.RaftServerConfigKeys (ConfUtils.java:logGet(46)) - raft.server.threadpool.client.size = 0 (default)
2023-12-18 19:17:06,838 [93699071-0d52-4ef3-adad-6b5a83f48fc5-groupManagement] INFO  server.RaftServerConfigKeys (ConfUtils.java:logGet(46)) - raft.server.storage.free-space.min = 0MB (=0) (default)
2023-12-18 19:17:06,838 [93699071-0d52-4ef3-adad-6b5a83f48fc5-groupManagement] INFO  server.RaftServerConfigKeys (ConfUtils.java:logGet(46)) - raft.server.log.corruption.policy = EXCEPTION (default)
2023-12-18 19:17:06,838 [93699071-0d52-4ef3-adad-6b5a83f48fc5-groupManagement] INFO  server.RaftServerConfigKeys (ConfUtils.java:logGet(46)) - raft.server.storage.dir = [/home/runner/work/ozone/ozone/hadoop-ozone/integration-test/target/test-dir/MiniOzoneClusterImpl-15bbe3be-e687-4529-b164-2adc82dffbd7/datanode-2/data/ratis] (custom)
2023-12-18 19:17:06,839 [93699071-0d52-4ef3-adad-6b5a83f48fc5-groupManagement] INFO  storage.RaftStorageDirectory (RaftStorageDirectoryImpl.java:analyzeStorage(138)) - The storage directory /home/runner/work/ozone/ozone/hadoop-ozone/integration-test/target/test-dir/MiniOzoneClusterImpl-15bbe3be-e687-4529-b164-2adc82dffbd7/datanode-2/data/ratis/95d442ec-00fb-43e2-be7d-b54a14c830b8 does not exist. Creating ...
2023-12-18 19:17:06,839 [93699071-0d52-4ef3-adad-6b5a83f48fc5-groupManagement] INFO  storage.RaftStorageDirectory (RaftStorageDirectoryImpl.java:tryLock(232)) - Lock on /home/runner/work/ozone/ozone/hadoop-ozone/integration-test/target/test-dir/MiniOzoneClusterImpl-15bbe3be-e687-4529-b164-2adc82dffbd7/datanode-2/data/ratis/95d442ec-00fb-43e2-be7d-b54a14c830b8/in_use.lock acquired by nodename 54039@fv-az655-333
2023-12-18 19:17:06,840 [93699071-0d52-4ef3-adad-6b5a83f48fc5-groupManagement] INFO  storage.RaftStorage (RaftStorageImpl.java:format(97)) - Storage directory /home/runner/work/ozone/ozone/hadoop-ozone/integration-test/target/test-dir/MiniOzoneClusterImpl-15bbe3be-e687-4529-b164-2adc82dffbd7/datanode-2/data/ratis/95d442ec-00fb-43e2-be7d-b54a14c830b8 has been successfully formatted.
2023-12-18 19:17:06,842 [93699071-0d52-4ef3-adad-6b5a83f48fc5-groupManagement] INFO  ratis.ContainerStateMachine (ContainerStateMachine.java:loadSnapshot(287)) - group-B54A14C830B8: The snapshot info is null. Setting the last applied indexto:(t:0, i:~)
2023-12-18 19:17:06,843 [93699071-0d52-4ef3-adad-6b5a83f48fc5-groupManagement] INFO  server.RaftServerConfigKeys (ConfUtils.java:logGet(46)) - raft.server.log.use.memory = false (default)
2023-12-18 19:17:06,843 [93699071-0d52-4ef3-adad-6b5a83f48fc5-groupManagement] INFO  server.RaftServerConfigKeys (ConfUtils.java:logGet(46)) - raft.server.log.purge.gap = 1000000 (custom)
2023-12-18 19:17:06,843 [93699071-0d52-4ef3-adad-6b5a83f48fc5-groupManagement] INFO  server.RaftServerConfigKeys (ConfUtils.java:logGet(46)) - raft.server.log.appender.buffer.byte-limit = 8388608 (custom)
2023-12-18 19:17:06,843 [93699071-0d52-4ef3-adad-6b5a83f48fc5-groupManagement] INFO  server.RaftServerConfigKeys (ConfUtils.java:logGet(46)) - raft.server.log.statemachine.data.read.timeout = 1000ms (default)
2023-12-18 19:17:06,844 [93699071-0d52-4ef3-adad-6b5a83f48fc5-groupManagement] INFO  server.RaftServerConfigKeys (ConfUtils.java:logGet(46)) - raft.server.log.purge.preservation.log.num = 0 (default)
2023-12-18 19:17:06,844 [EventQueue-PipelineReportForPipelineReportHandler] INFO  pipeline.PipelineReportHandler (PipelineReportHandler.java:processPipelineReport(136)) - Opened pipeline PipelineID=95d442ec-00fb-43e2-be7d-b54a14c830b8
2023-12-18 19:17:06,844 [EventQueue-OpenPipelineForHealthyPipelineSafeModeRule] INFO  safemode.SCMSafeModeManager (HealthyPipelineSafeModeRule.java:process(140)) - SCM in safe mode. Healthy pipelines reported count is 0, required healthy pipeline reported count is 1
2023-12-18 19:17:06,845 [93699071-0d52-4ef3-adad-6b5a83f48fc5-groupManagement] INFO  server.RaftServerConfigKeys (ConfUtils.java:logGet(46)) - raft.server.log.segment.size.max = 67108864 (custom)
2023-12-18 19:17:06,846 [93699071-0d52-4ef3-adad-6b5a83f48fc5-groupManagement] INFO  server.RaftServerConfigKeys (ConfUtils.java:logGet(46)) - raft.server.log.segment.cache.num.max = 2 (custom)
2023-12-18 19:17:06,846 [93699071-0d52-4ef3-adad-6b5a83f48fc5-groupManagement] INFO  server.RaftServerConfigKeys (ConfUtils.java:logGet(46)) - raft.server.log.segment.cache.size.max = 200MB (=209715200) (default)
2023-12-18 19:17:06,846 [93699071-0d52-4ef3-adad-6b5a83f48fc5-groupManagement] INFO  server.RaftServerConfigKeys (ConfUtils.java:logGet(46)) - raft.server.log.appender.buffer.byte-limit = 8388608 (custom)
2023-12-18 19:17:06,846 [93699071-0d52-4ef3-adad-6b5a83f48fc5-groupManagement] INFO  util.AwaitToRun (AwaitToRun.java:start(81)) - Thread[93699071-0d52-4ef3-adad-6b5a83f48fc5@group-B54A14C830B8-cacheEviction-AwaitToRun,5,main] started
2023-12-18 19:17:06,846 [93699071-0d52-4ef3-adad-6b5a83f48fc5-groupManagement] INFO  segmented.SegmentedRaftLogWorker (SegmentedRaftLogWorker.java:<init>(184)) - new 93699071-0d52-4ef3-adad-6b5a83f48fc5@group-B54A14C830B8-SegmentedRaftLogWorker for RaftStorageImpl:Storage Directory /home/runner/work/ozone/ozone/hadoop-ozone/integration-test/target/test-dir/MiniOzoneClusterImpl-15bbe3be-e687-4529-b164-2adc82dffbd7/datanode-2/data/ratis/95d442ec-00fb-43e2-be7d-b54a14c830b8
2023-12-18 19:17:06,846 [93699071-0d52-4ef3-adad-6b5a83f48fc5-groupManagement] INFO  server.RaftServerConfigKeys (ConfUtils.java:logGet(46)) - raft.server.log.queue.byte-limit = 4294967296 (custom)
2023-12-18 19:17:06,846 [93699071-0d52-4ef3-adad-6b5a83f48fc5-groupManagement] INFO  server.RaftServerConfigKeys (ConfUtils.java:logGet(46)) - raft.server.log.queue.element-limit = 1024 (custom)
2023-12-18 19:17:06,846 [93699071-0d52-4ef3-adad-6b5a83f48fc5-groupManagement] INFO  server.RaftServerConfigKeys (ConfUtils.java:logGet(46)) - raft.server.log.segment.size.max = 67108864 (custom)
2023-12-18 19:17:06,846 [93699071-0d52-4ef3-adad-6b5a83f48fc5-groupManagement] INFO  server.RaftServerConfigKeys (ConfUtils.java:logGet(46)) - raft.server.log.preallocated.size = 4194304 (custom)
2023-12-18 19:17:06,847 [93699071-0d52-4ef3-adad-6b5a83f48fc5-groupManagement] INFO  server.RaftServerConfigKeys (ConfUtils.java:logGet(46)) - raft.server.log.force.sync.num = 128 (default)
2023-12-18 19:17:06,847 [93699071-0d52-4ef3-adad-6b5a83f48fc5-groupManagement] INFO  server.RaftServerConfigKeys (ConfUtils.java:logGet(46)) - raft.server.log.statemachine.data.sync = true (default)
2023-12-18 19:17:06,847 [93699071-0d52-4ef3-adad-6b5a83f48fc5-groupManagement] INFO  server.RaftServerConfigKeys (ConfUtils.java:logGet(46)) - raft.server.log.statemachine.data.sync.timeout = 10s (default)
2023-12-18 19:17:06,847 [93699071-0d52-4ef3-adad-6b5a83f48fc5-groupManagement] INFO  server.RaftServerConfigKeys (ConfUtils.java:logGet(46)) - raft.server.log.statemachine.data.sync.timeout.retry = 0 (custom)
2023-12-18 19:17:06,847 [93699071-0d52-4ef3-adad-6b5a83f48fc5-groupManagement] INFO  server.RaftServerConfigKeys (ConfUtils.java:logGet(46)) - raft.server.log.write.buffer.size = 8388616 (custom)
2023-12-18 19:17:06,849 [93699071-0d52-4ef3-adad-6b5a83f48fc5-groupManagement] INFO  server.RaftServerConfigKeys (ConfUtils.java:logGet(46)) - raft.server.log.appender.buffer.byte-limit = 8388608 (custom)
2023-12-18 19:17:06,850 [93699071-0d52-4ef3-adad-6b5a83f48fc5-groupManagement] INFO  server.RaftServerConfigKeys (ConfUtils.java:logGet(46)) - raft.server.log.unsafe-flush.enabled = false (default)
2023-12-18 19:17:06,850 [93699071-0d52-4ef3-adad-6b5a83f48fc5-groupManagement] INFO  server.RaftServerConfigKeys (ConfUtils.java:logGet(46)) - raft.server.log.async-flush.enabled = false (default)
2023-12-18 19:17:06,850 [93699071-0d52-4ef3-adad-6b5a83f48fc5-groupManagement] INFO  server.RaftServerConfigKeys (ConfUtils.java:logGet(46)) - raft.server.log.statemachine.data.caching.enabled = true (custom)
2023-12-18 19:17:06,850 [93699071-0d52-4ef3-adad-6b5a83f48fc5-groupManagement] INFO  segmented.SegmentedRaftLogWorker (SegmentedRaftLogWorker.java:lambda$new$0(135)) - 93699071-0d52-4ef3-adad-6b5a83f48fc5@group-B54A14C830B8-SegmentedRaftLogWorker: flushIndex: setUnconditionally 0 -> -1
2023-12-18 19:17:06,850 [93699071-0d52-4ef3-adad-6b5a83f48fc5-groupManagement] INFO  segmented.SegmentedRaftLogWorker (SegmentedRaftLogWorker.java:lambda$new$0(135)) - 93699071-0d52-4ef3-adad-6b5a83f48fc5@group-B54A14C830B8-SegmentedRaftLogWorker: safeCacheEvictIndex: setUnconditionally 0 -> -1
2023-12-18 19:17:06,851 [93699071-0d52-4ef3-adad-6b5a83f48fc5-groupManagement] INFO  server.RaftServer$Division (RaftServerImpl.java:start(392)) - 93699071-0d52-4ef3-adad-6b5a83f48fc5@group-B54A14C830B8: start as a follower, conf=-1: peers:[93699071-0d52-4ef3-adad-6b5a83f48fc5|10.1.0.24:15032]|listeners:[], old=null
2023-12-18 19:17:06,851 [93699071-0d52-4ef3-adad-6b5a83f48fc5-groupManagement] INFO  server.RaftServer$Division (RaftServerImpl.java:setRole(379)) - 93699071-0d52-4ef3-adad-6b5a83f48fc5@group-B54A14C830B8: changes role from      null to FOLLOWER at term 0 for startAsFollower
2023-12-18 19:17:06,851 [93699071-0d52-4ef3-adad-6b5a83f48fc5-groupManagement] INFO  impl.RoleInfo (RoleInfo.java:updateAndGet(139)) - 93699071-0d52-4ef3-adad-6b5a83f48fc5: start 93699071-0d52-4ef3-adad-6b5a83f48fc5@group-B54A14C830B8-FollowerState
2023-12-18 19:17:06,851 [93699071-0d52-4ef3-adad-6b5a83f48fc5-BlockDeletingService#7] INFO  interfaces.ContainerDeletionChoosingPolicyTemplate (ContainerDeletionChoosingPolicyTemplate.java:chooseContainerForBlockDeletion(85)) - Chosen 0/5000 blocks from 0 candidate containers.
2023-12-18 19:17:06,854 [93699071-0d52-4ef3-adad-6b5a83f48fc5-groupManagement] INFO  util.JmxRegister (JmxRegister.java:tryRegister(44)) - Successfully registered JMX Bean with object name Ratis:service=RaftServer,group=group-B54A14C830B8,id=93699071-0d52-4ef3-adad-6b5a83f48fc5
2023-12-18 19:17:06,855 [93699071-0d52-4ef3-adad-6b5a83f48fc5-groupManagement] INFO  server.RaftServerConfigKeys (ConfUtils.java:logGet(46)) - raft.server.snapshot.trigger-when-stop.enabled = true (default)
2023-12-18 19:17:06,855 [93699071-0d52-4ef3-adad-6b5a83f48fc5-groupManagement] INFO  server.RaftServerConfigKeys (ConfUtils.java:logGet(46)) - raft.server.snapshot.auto.trigger.enabled = true (custom)
2023-12-18 19:17:06,855 [93699071-0d52-4ef3-adad-6b5a83f48fc5-groupManagement] INFO  server.RaftServerConfigKeys (ConfUtils.java:logGet(46)) - raft.server.snapshot.auto.trigger.threshold = 10000 (custom)
2023-12-18 19:17:06,855 [93699071-0d52-4ef3-adad-6b5a83f48fc5-groupManagement] INFO  server.RaftServerConfigKeys (ConfUtils.java:logGet(46)) - raft.server.snapshot.retention.file.num = 5 (custom)
2023-12-18 19:17:06,855 [93699071-0d52-4ef3-adad-6b5a83f48fc5-groupManagement] INFO  server.RaftServerConfigKeys (ConfUtils.java:logGet(46)) - raft.server.log.purge.upto.snapshot.index = false (default)
2023-12-18 19:17:06,856 [93699071-0d52-4ef3-adad-6b5a83f48fc5@group-B54A14C830B8-FollowerState] INFO  server.RaftServerConfigKeys (ConfUtils.java:logFallback(53)) - raft.server.rpc.first-election.timeout.min = 5s (fallback to raft.server.rpc.timeout.min)
2023-12-18 19:17:06,856 [93699071-0d52-4ef3-adad-6b5a83f48fc5@group-B54A14C830B8-FollowerState] INFO  server.RaftServerConfigKeys (ConfUtils.java:logFallback(53)) - raft.server.rpc.first-election.timeout.max = 5200ms (fallback to raft.server.rpc.timeout.max)
2023-12-18 19:17:06,858 [93699071-0d52-4ef3-adad-6b5a83f48fc5-PipelineCommandHandlerThread-0] INFO  ratis.XceiverServerRatis (XceiverServerRatis.java:addGroup(837)) - Created group PipelineID=95d442ec-00fb-43e2-be7d-b54a14c830b8
2023-12-18 19:17:06,858 [93699071-0d52-4ef3-adad-6b5a83f48fc5-PipelineCommandHandlerThread-0] INFO  commandhandler.CreatePipelineCommandHandler (CreatePipelineCommandHandler.java:lambda$handle$2(124)) - Created Pipeline RATIS ONE PipelineID=95d442ec-00fb-43e2-be7d-b54a14c830b8.
2023-12-18 19:17:06,858 [089733a5-f6c3-45b8-9d3f-1c158e6a3dcf-BlockDeletingService#2] INFO  interfaces.ContainerDeletionChoosingPolicyTemplate (ContainerDeletionChoosingPolicyTemplate.java:chooseContainerForBlockDeletion(85)) - Chosen 0/5000 blocks from 0 candidate containers.
2023-12-18 19:17:06,858 [93699071-0d52-4ef3-adad-6b5a83f48fc5-PipelineCommandHandlerThread-0] INFO  server.RaftServer (RaftServerProxy.java:addNew(100)) - 93699071-0d52-4ef3-adad-6b5a83f48fc5: addNew group-40B91FD49D0E:[089733a5-f6c3-45b8-9d3f-1c158e6a3dcf|10.1.0.24:15023, 93699071-0d52-4ef3-adad-6b5a83f48fc5|10.1.0.24:15032, ded5b85a-ec0d-4a71-9db9-83b101b9c9ad|10.1.0.24:15014] returns group-40B91FD49D0E:java.util.concurrent.CompletableFuture@4a64a8d0[Not completed]
2023-12-18 19:17:06,860 [93699071-0d52-4ef3-adad-6b5a83f48fc5-groupManagement] INFO  server.RaftServer$Division (RaftServerImpl.java:<init>(256)) - 93699071-0d52-4ef3-adad-6b5a83f48fc5: new RaftServerImpl for group-40B91FD49D0E:[089733a5-f6c3-45b8-9d3f-1c158e6a3dcf|10.1.0.24:15023, 93699071-0d52-4ef3-adad-6b5a83f48fc5|10.1.0.24:15032, ded5b85a-ec0d-4a71-9db9-83b101b9c9ad|10.1.0.24:15014] with ContainerStateMachine:uninitialized
2023-12-18 19:17:06,860 [93699071-0d52-4ef3-adad-6b5a83f48fc5-groupManagement] INFO  server.RaftServerConfigKeys (ConfUtils.java:logGet(46)) - raft.server.rpc.timeout.min = 5s (custom)
2023-12-18 19:17:06,860 [93699071-0d52-4ef3-adad-6b5a83f48fc5-groupManagement] INFO  server.RaftServerConfigKeys (ConfUtils.java:logGet(46)) - raft.server.rpc.timeout.max = 5200ms (custom)
2023-12-18 19:17:06,860 [93699071-0d52-4ef3-adad-6b5a83f48fc5-groupManagement] INFO  server.RaftServerConfigKeys (ConfUtils.java:logGet(46)) - raft.server.rpc.sleep.time = 25ms (default)
2023-12-18 19:17:06,860 [93699071-0d52-4ef3-adad-6b5a83f48fc5-groupManagement] INFO  server.RaftServerConfigKeys (ConfUtils.java:logGet(46)) - raft.server.rpc.slowness.timeout = 300000ms (custom)
2023-12-18 19:17:06,860 [93699071-0d52-4ef3-adad-6b5a83f48fc5-groupManagement] INFO  server.RaftServerConfigKeys (ConfUtils.java:logGet(46)) - raft.server.leaderelection.leader.step-down.wait-time = 10s (default)
2023-12-18 19:17:06,861 [93699071-0d52-4ef3-adad-6b5a83f48fc5-groupManagement] INFO  server.RaftServerConfigKeys (ConfUtils.java:logGet(46)) - raft.server.leaderelection.member.majority-add = false (default)
2023-12-18 19:17:06,861 [93699071-0d52-4ef3-adad-6b5a83f48fc5-groupManagement] INFO  server.RaftServerConfigKeys (ConfUtils.java:logGet(46)) - raft.server.sleep.deviation.threshold = 300ms (default)
2023-12-18 19:17:06,861 [93699071-0d52-4ef3-adad-6b5a83f48fc5-groupManagement] INFO  server.RaftServer$Division (ServerState.java:<init>(113)) - 93699071-0d52-4ef3-adad-6b5a83f48fc5@group-40B91FD49D0E: ConfigurationManager, init=-1: peers:[089733a5-f6c3-45b8-9d3f-1c158e6a3dcf|10.1.0.24:15023, 93699071-0d52-4ef3-adad-6b5a83f48fc5|10.1.0.24:15032, ded5b85a-ec0d-4a71-9db9-83b101b9c9ad|10.1.0.24:15014]|listeners:[], old=null, confs=<EMPTY_MAP>
2023-12-18 19:17:06,861 [93699071-0d52-4ef3-adad-6b5a83f48fc5-groupManagement] INFO  server.RaftServerConfigKeys (ConfUtils.java:logGet(46)) - raft.server.notification.no-leader.timeout = 1000000ms (custom)
2023-12-18 19:17:06,861 [93699071-0d52-4ef3-adad-6b5a83f48fc5-groupManagement] INFO  server.RaftServerConfigKeys (ConfUtils.java:logGet(46)) - raft.server.read.timeout = 10s (default)
2023-12-18 19:17:06,861 [93699071-0d52-4ef3-adad-6b5a83f48fc5-groupManagement] INFO  server.RaftServerConfigKeys (ConfUtils.java:logGet(46)) - raft.server.retrycache.expirytime = 600000ms (custom)
2023-12-18 19:17:06,861 [93699071-0d52-4ef3-adad-6b5a83f48fc5-groupManagement] INFO  server.RaftServerConfigKeys (ConfUtils.java:logGet(46)) - raft.server.retrycache.statistics.expirytime = 100ms (default)
2023-12-18 19:17:06,861 [93699071-0d52-4ef3-adad-6b5a83f48fc5-groupManagement] INFO  server.RaftServerConfigKeys (ConfUtils.java:logGet(46)) - raft.server.read.option = DEFAULT (default)
2023-12-18 19:17:06,861 [93699071-0d52-4ef3-adad-6b5a83f48fc5-groupManagement] INFO  server.RaftServerConfigKeys (ConfUtils.java:logGet(46)) - raft.server.read.read-after-write-consistent.write-index-cache.expiry-time = 60s (default)
2023-12-18 19:17:06,869 [93699071-0d52-4ef3-adad-6b5a83f48fc5-groupManagement] INFO  server.RaftServerConfigKeys (ConfUtils.java:logGet(46)) - raft.server.rpc.request.timeout = 3000ms (default)
2023-12-18 19:17:06,869 [93699071-0d52-4ef3-adad-6b5a83f48fc5-groupManagement] INFO  server.RaftServerConfigKeys (ConfUtils.java:logGet(46)) - raft.server.log.appender.install.snapshot.enabled = false (custom)
2023-12-18 19:17:06,869 [93699071-0d52-4ef3-adad-6b5a83f48fc5-groupManagement] INFO  server.RaftServerConfigKeys (ConfUtils.java:logGet(46)) - raft.server.threadpool.server.cached = true (default)
2023-12-18 19:17:06,869 [93699071-0d52-4ef3-adad-6b5a83f48fc5-groupManagement] INFO  server.RaftServerConfigKeys (ConfUtils.java:logGet(46)) - raft.server.threadpool.server.size = 0 (default)
2023-12-18 19:17:06,869 [93699071-0d52-4ef3-adad-6b5a83f48fc5-groupManagement] INFO  server.RaftServerConfigKeys (ConfUtils.java:logGet(46)) - raft.server.threadpool.client.cached = true (default)
2023-12-18 19:17:06,870 [93699071-0d52-4ef3-adad-6b5a83f48fc5-groupManagement] INFO  server.RaftServerConfigKeys (ConfUtils.java:logGet(46)) - raft.server.threadpool.client.size = 0 (default)
2023-12-18 19:17:06,870 [93699071-0d52-4ef3-adad-6b5a83f48fc5-groupManagement] INFO  server.RaftServerConfigKeys (ConfUtils.java:logGet(46)) - raft.server.storage.free-space.min = 0MB (=0) (default)
2023-12-18 19:17:06,870 [93699071-0d52-4ef3-adad-6b5a83f48fc5-groupManagement] INFO  server.RaftServerConfigKeys (ConfUtils.java:logGet(46)) - raft.server.log.corruption.policy = EXCEPTION (default)
2023-12-18 19:17:06,870 [93699071-0d52-4ef3-adad-6b5a83f48fc5-groupManagement] INFO  server.RaftServerConfigKeys (ConfUtils.java:logGet(46)) - raft.server.storage.dir = [/home/runner/work/ozone/ozone/hadoop-ozone/integration-test/target/test-dir/MiniOzoneClusterImpl-15bbe3be-e687-4529-b164-2adc82dffbd7/datanode-2/data/ratis] (custom)
2023-12-18 19:17:06,870 [93699071-0d52-4ef3-adad-6b5a83f48fc5-groupManagement] INFO  storage.RaftStorageDirectory (RaftStorageDirectoryImpl.java:analyzeStorage(138)) - The storage directory /home/runner/work/ozone/ozone/hadoop-ozone/integration-test/target/test-dir/MiniOzoneClusterImpl-15bbe3be-e687-4529-b164-2adc82dffbd7/datanode-2/data/ratis/97f79b5c-2b37-4d8f-9b11-40b91fd49d0e does not exist. Creating ...
2023-12-18 19:17:06,872 [93699071-0d52-4ef3-adad-6b5a83f48fc5-groupManagement] INFO  storage.RaftStorageDirectory (RaftStorageDirectoryImpl.java:tryLock(232)) - Lock on /home/runner/work/ozone/ozone/hadoop-ozone/integration-test/target/test-dir/MiniOzoneClusterImpl-15bbe3be-e687-4529-b164-2adc82dffbd7/datanode-2/data/ratis/97f79b5c-2b37-4d8f-9b11-40b91fd49d0e/in_use.lock acquired by nodename 54039@fv-az655-333
2023-12-18 19:17:06,874 [93699071-0d52-4ef3-adad-6b5a83f48fc5-groupManagement] INFO  storage.RaftStorage (RaftStorageImpl.java:format(97)) - Storage directory /home/runner/work/ozone/ozone/hadoop-ozone/integration-test/target/test-dir/MiniOzoneClusterImpl-15bbe3be-e687-4529-b164-2adc82dffbd7/datanode-2/data/ratis/97f79b5c-2b37-4d8f-9b11-40b91fd49d0e has been successfully formatted.
2023-12-18 19:17:06,876 [EventQueue-OpenPipelineForHealthyPipelineSafeModeRule] INFO  safemode.SCMSafeModeManager (HealthyPipelineSafeModeRule.java:process(140)) - SCM in safe mode. Healthy pipelines reported count is 0, required healthy pipeline reported count is 1
2023-12-18 19:17:06,876 [93699071-0d52-4ef3-adad-6b5a83f48fc5-groupManagement] INFO  ratis.ContainerStateMachine (ContainerStateMachine.java:loadSnapshot(287)) - group-40B91FD49D0E: The snapshot info is null. Setting the last applied indexto:(t:0, i:~)
2023-12-18 19:17:06,876 [93699071-0d52-4ef3-adad-6b5a83f48fc5-groupManagement] INFO  server.RaftServerConfigKeys (ConfUtils.java:logGet(46)) - raft.server.log.use.memory = false (default)
2023-12-18 19:17:06,877 [93699071-0d52-4ef3-adad-6b5a83f48fc5-groupManagement] INFO  server.RaftServerConfigKeys (ConfUtils.java:logGet(46)) - raft.server.log.purge.gap = 1000000 (custom)
2023-12-18 19:17:06,877 [93699071-0d52-4ef3-adad-6b5a83f48fc5-groupManagement] INFO  server.RaftServerConfigKeys (ConfUtils.java:logGet(46)) - raft.server.log.appender.buffer.byte-limit = 8388608 (custom)
2023-12-18 19:17:06,877 [93699071-0d52-4ef3-adad-6b5a83f48fc5-groupManagement] INFO  server.RaftServerConfigKeys (ConfUtils.java:logGet(46)) - raft.server.log.statemachine.data.read.timeout = 1000ms (default)
2023-12-18 19:17:06,877 [93699071-0d52-4ef3-adad-6b5a83f48fc5-groupManagement] INFO  server.RaftServerConfigKeys (ConfUtils.java:logGet(46)) - raft.server.log.purge.preservation.log.num = 0 (default)
2023-12-18 19:17:06,878 [93699071-0d52-4ef3-adad-6b5a83f48fc5-groupManagement] INFO  server.RaftServerConfigKeys (ConfUtils.java:logGet(46)) - raft.server.log.segment.size.max = 67108864 (custom)
2023-12-18 19:17:06,879 [93699071-0d52-4ef3-adad-6b5a83f48fc5-groupManagement] INFO  server.RaftServerConfigKeys (ConfUtils.java:logGet(46)) - raft.server.log.segment.cache.num.max = 2 (custom)
2023-12-18 19:17:06,879 [93699071-0d52-4ef3-adad-6b5a83f48fc5-groupManagement] INFO  server.RaftServerConfigKeys (ConfUtils.java:logGet(46)) - raft.server.log.segment.cache.size.max = 200MB (=209715200) (default)
2023-12-18 19:17:06,879 [93699071-0d52-4ef3-adad-6b5a83f48fc5-groupManagement] INFO  server.RaftServerConfigKeys (ConfUtils.java:logGet(46)) - raft.server.log.appender.buffer.byte-limit = 8388608 (custom)
2023-12-18 19:17:06,882 [93699071-0d52-4ef3-adad-6b5a83f48fc5-groupManagement] INFO  util.AwaitToRun (AwaitToRun.java:start(81)) - Thread[93699071-0d52-4ef3-adad-6b5a83f48fc5@group-40B91FD49D0E-cacheEviction-AwaitToRun,5,main] started
2023-12-18 19:17:06,882 [93699071-0d52-4ef3-adad-6b5a83f48fc5-groupManagement] INFO  segmented.SegmentedRaftLogWorker (SegmentedRaftLogWorker.java:<init>(184)) - new 93699071-0d52-4ef3-adad-6b5a83f48fc5@group-40B91FD49D0E-SegmentedRaftLogWorker for RaftStorageImpl:Storage Directory /home/runner/work/ozone/ozone/hadoop-ozone/integration-test/target/test-dir/MiniOzoneClusterImpl-15bbe3be-e687-4529-b164-2adc82dffbd7/datanode-2/data/ratis/97f79b5c-2b37-4d8f-9b11-40b91fd49d0e
2023-12-18 19:17:06,883 [93699071-0d52-4ef3-adad-6b5a83f48fc5-groupManagement] INFO  server.RaftServerConfigKeys (ConfUtils.java:logGet(46)) - raft.server.log.queue.byte-limit = 4294967296 (custom)
2023-12-18 19:17:06,885 [93699071-0d52-4ef3-adad-6b5a83f48fc5-groupManagement] INFO  server.RaftServerConfigKeys (ConfUtils.java:logGet(46)) - raft.server.log.queue.element-limit = 1024 (custom)
2023-12-18 19:17:06,885 [93699071-0d52-4ef3-adad-6b5a83f48fc5-groupManagement] INFO  server.RaftServerConfigKeys (ConfUtils.java:logGet(46)) - raft.server.log.segment.size.max = 67108864 (custom)
2023-12-18 19:17:06,885 [93699071-0d52-4ef3-adad-6b5a83f48fc5-groupManagement] INFO  server.RaftServerConfigKeys (ConfUtils.java:logGet(46)) - raft.server.log.preallocated.size = 4194304 (custom)
2023-12-18 19:17:06,885 [93699071-0d52-4ef3-adad-6b5a83f48fc5-groupManagement] INFO  server.RaftServerConfigKeys (ConfUtils.java:logGet(46)) - raft.server.log.force.sync.num = 128 (default)
2023-12-18 19:17:06,885 [93699071-0d52-4ef3-adad-6b5a83f48fc5-groupManagement] INFO  server.RaftServerConfigKeys (ConfUtils.java:logGet(46)) - raft.server.log.statemachine.data.sync = true (default)
2023-12-18 19:17:06,885 [93699071-0d52-4ef3-adad-6b5a83f48fc5-groupManagement] INFO  server.RaftServerConfigKeys (ConfUtils.java:logGet(46)) - raft.server.log.statemachine.data.sync.timeout = 10s (default)
2023-12-18 19:17:06,885 [93699071-0d52-4ef3-adad-6b5a83f48fc5-groupManagement] INFO  server.RaftServerConfigKeys (ConfUtils.java:logGet(46)) - raft.server.log.statemachine.data.sync.timeout.retry = 0 (custom)
2023-12-18 19:17:06,885 [93699071-0d52-4ef3-adad-6b5a83f48fc5-groupManagement] INFO  server.RaftServerConfigKeys (ConfUtils.java:logGet(46)) - raft.server.log.write.buffer.size = 8388616 (custom)
2023-12-18 19:17:06,887 [93699071-0d52-4ef3-adad-6b5a83f48fc5-groupManagement] INFO  server.RaftServerConfigKeys (ConfUtils.java:logGet(46)) - raft.server.log.appender.buffer.byte-limit = 8388608 (custom)
2023-12-18 19:17:06,888 [93699071-0d52-4ef3-adad-6b5a83f48fc5-groupManagement] INFO  server.RaftServerConfigKeys (ConfUtils.java:logGet(46)) - raft.server.log.unsafe-flush.enabled = false (default)
2023-12-18 19:17:06,888 [93699071-0d52-4ef3-adad-6b5a83f48fc5-groupManagement] INFO  server.RaftServerConfigKeys (ConfUtils.java:logGet(46)) - raft.server.log.async-flush.enabled = false (default)
2023-12-18 19:17:06,888 [93699071-0d52-4ef3-adad-6b5a83f48fc5-groupManagement] INFO  server.RaftServerConfigKeys (ConfUtils.java:logGet(46)) - raft.server.log.statemachine.data.caching.enabled = true (custom)
2023-12-18 19:17:06,888 [93699071-0d52-4ef3-adad-6b5a83f48fc5-groupManagement] INFO  segmented.SegmentedRaftLogWorker (SegmentedRaftLogWorker.java:lambda$new$0(135)) - 93699071-0d52-4ef3-adad-6b5a83f48fc5@group-40B91FD49D0E-SegmentedRaftLogWorker: flushIndex: setUnconditionally 0 -> -1
2023-12-18 19:17:06,888 [93699071-0d52-4ef3-adad-6b5a83f48fc5-groupManagement] INFO  segmented.SegmentedRaftLogWorker (SegmentedRaftLogWorker.java:lambda$new$0(135)) - 93699071-0d52-4ef3-adad-6b5a83f48fc5@group-40B91FD49D0E-SegmentedRaftLogWorker: safeCacheEvictIndex: setUnconditionally 0 -> -1
2023-12-18 19:17:06,890 [93699071-0d52-4ef3-adad-6b5a83f48fc5-groupManagement] INFO  server.RaftServer$Division (RaftServerImpl.java:start(392)) - 93699071-0d52-4ef3-adad-6b5a83f48fc5@group-40B91FD49D0E: start as a follower, conf=-1: peers:[089733a5-f6c3-45b8-9d3f-1c158e6a3dcf|10.1.0.24:15023, 93699071-0d52-4ef3-adad-6b5a83f48fc5|10.1.0.24:15032, ded5b85a-ec0d-4a71-9db9-83b101b9c9ad|10.1.0.24:15014]|listeners:[], old=null
2023-12-18 19:17:06,891 [93699071-0d52-4ef3-adad-6b5a83f48fc5-groupManagement] INFO  server.RaftServer$Division (RaftServerImpl.java:setRole(379)) - 93699071-0d52-4ef3-adad-6b5a83f48fc5@group-40B91FD49D0E: changes role from      null to FOLLOWER at term 0 for startAsFollower
2023-12-18 19:17:06,891 [93699071-0d52-4ef3-adad-6b5a83f48fc5-groupManagement] INFO  impl.RoleInfo (RoleInfo.java:updateAndGet(139)) - 93699071-0d52-4ef3-adad-6b5a83f48fc5: start 93699071-0d52-4ef3-adad-6b5a83f48fc5@group-40B91FD49D0E-FollowerState
2023-12-18 19:17:06,891 [93699071-0d52-4ef3-adad-6b5a83f48fc5-groupManagement] INFO  util.JmxRegister (JmxRegister.java:tryRegister(44)) - Successfully registered JMX Bean with object name Ratis:service=RaftServer,group=group-40B91FD49D0E,id=93699071-0d52-4ef3-adad-6b5a83f48fc5
2023-12-18 19:17:06,891 [93699071-0d52-4ef3-adad-6b5a83f48fc5-groupManagement] INFO  server.RaftServerConfigKeys (ConfUtils.java:logGet(46)) - raft.server.snapshot.trigger-when-stop.enabled = true (default)
2023-12-18 19:17:06,891 [93699071-0d52-4ef3-adad-6b5a83f48fc5-groupManagement] INFO  server.RaftServerConfigKeys (ConfUtils.java:logGet(46)) - raft.server.snapshot.auto.trigger.enabled = true (custom)
2023-12-18 19:17:06,891 [93699071-0d52-4ef3-adad-6b5a83f48fc5-groupManagement] INFO  server.RaftServerConfigKeys (ConfUtils.java:logGet(46)) - raft.server.snapshot.auto.trigger.threshold = 10000 (custom)
2023-12-18 19:17:06,891 [93699071-0d52-4ef3-adad-6b5a83f48fc5-groupManagement] INFO  server.RaftServerConfigKeys (ConfUtils.java:logGet(46)) - raft.server.snapshot.retention.file.num = 5 (custom)
2023-12-18 19:17:06,891 [93699071-0d52-4ef3-adad-6b5a83f48fc5-groupManagement] INFO  server.RaftServerConfigKeys (ConfUtils.java:logGet(46)) - raft.server.log.purge.upto.snapshot.index = false (default)
2023-12-18 19:17:06,893 [93699071-0d52-4ef3-adad-6b5a83f48fc5@group-40B91FD49D0E-FollowerState] INFO  server.RaftServerConfigKeys (ConfUtils.java:logFallback(53)) - raft.server.rpc.first-election.timeout.min = 5s (fallback to raft.server.rpc.timeout.min)
2023-12-18 19:17:06,894 [93699071-0d52-4ef3-adad-6b5a83f48fc5@group-40B91FD49D0E-FollowerState] INFO  server.RaftServerConfigKeys (ConfUtils.java:logFallback(53)) - raft.server.rpc.first-election.timeout.max = 5200ms (fallback to raft.server.rpc.timeout.max)
2023-12-18 19:17:06,897 [93699071-0d52-4ef3-adad-6b5a83f48fc5-PipelineCommandHandlerThread-0] INFO  ratis.XceiverServerRatis (XceiverServerRatis.java:addGroup(837)) - Created group PipelineID=97f79b5c-2b37-4d8f-9b11-40b91fd49d0e
2023-12-18 19:17:06,900 [ded5b85a-ec0d-4a71-9db9-83b101b9c9ad-BlockDeletingService#2] INFO  interfaces.ContainerDeletionChoosingPolicyTemplate (ContainerDeletionChoosingPolicyTemplate.java:chooseContainerForBlockDeletion(85)) - Chosen 0/5000 blocks from 0 candidate containers.
2023-12-18 19:17:06,951 [93699071-0d52-4ef3-adad-6b5a83f48fc5-BlockDeletingService#7] INFO  interfaces.ContainerDeletionChoosingPolicyTemplate (ContainerDeletionChoosingPolicyTemplate.java:chooseContainerForBlockDeletion(85)) - Chosen 0/5000 blocks from 0 candidate containers.
2023-12-18 19:17:06,958 [089733a5-f6c3-45b8-9d3f-1c158e6a3dcf-BlockDeletingService#2] INFO  interfaces.ContainerDeletionChoosingPolicyTemplate (ContainerDeletionChoosingPolicyTemplate.java:chooseContainerForBlockDeletion(85)) - Chosen 0/5000 blocks from 0 candidate containers.
2023-12-18 19:17:07,002 [ded5b85a-ec0d-4a71-9db9-83b101b9c9ad-BlockDeletingService#2] INFO  interfaces.ContainerDeletionChoosingPolicyTemplate (ContainerDeletionChoosingPolicyTemplate.java:chooseContainerForBlockDeletion(85)) - Chosen 0/5000 blocks from 0 candidate containers.
2023-12-18 19:17:07,052 [93699071-0d52-4ef3-adad-6b5a83f48fc5-BlockDeletingService#7] INFO  interfaces.ContainerDeletionChoosingPolicyTemplate (ContainerDeletionChoosingPolicyTemplate.java:chooseContainerForBlockDeletion(85)) - Chosen 0/5000 blocks from 0 candidate containers.
2023-12-18 19:17:07,059 [089733a5-f6c3-45b8-9d3f-1c158e6a3dcf-BlockDeletingService#2] INFO  interfaces.ContainerDeletionChoosingPolicyTemplate (ContainerDeletionChoosingPolicyTemplate.java:chooseContainerForBlockDeletion(85)) - Chosen 0/5000 blocks from 0 candidate containers.
2023-12-18 19:17:07,103 [ded5b85a-ec0d-4a71-9db9-83b101b9c9ad-BlockDeletingService#2] INFO  interfaces.ContainerDeletionChoosingPolicyTemplate (ContainerDeletionChoosingPolicyTemplate.java:chooseContainerForBlockDeletion(85)) - Chosen 0/5000 blocks from 0 candidate containers.
2023-12-18 19:17:07,152 [93699071-0d52-4ef3-adad-6b5a83f48fc5-BlockDeletingService#7] INFO  interfaces.ContainerDeletionChoosingPolicyTemplate (ContainerDeletionChoosingPolicyTemplate.java:chooseContainerForBlockDeletion(85)) - Chosen 0/5000 blocks from 0 candidate containers.
2023-12-18 19:17:07,157 [ded5b85a-ec0d-4a71-9db9-83b101b9c9ad-PipelineCommandHandlerThread-0] INFO  commandhandler.CreatePipelineCommandHandler (CreatePipelineCommandHandler.java:lambda$handle$2(124)) - Created Pipeline RATIS THREE PipelineID=97f79b5c-2b37-4d8f-9b11-40b91fd49d0e.
2023-12-18 19:17:07,166 [93699071-0d52-4ef3-adad-6b5a83f48fc5-PipelineCommandHandlerThread-0] INFO  commandhandler.CreatePipelineCommandHandler (CreatePipelineCommandHandler.java:lambda$handle$2(124)) - Created Pipeline RATIS THREE PipelineID=97f79b5c-2b37-4d8f-9b11-40b91fd49d0e.
2023-12-18 19:17:07,166 [089733a5-f6c3-45b8-9d3f-1c158e6a3dcf-PipelineCommandHandlerThread-0] INFO  commandhandler.CreatePipelineCommandHandler (CreatePipelineCommandHandler.java:lambda$handle$2(124)) - Created Pipeline RATIS THREE PipelineID=97f79b5c-2b37-4d8f-9b11-40b91fd49d0e.
2023-12-18 19:17:07,167 [089733a5-f6c3-45b8-9d3f-1c158e6a3dcf-BlockDeletingService#2] INFO  interfaces.ContainerDeletionChoosingPolicyTemplate (ContainerDeletionChoosingPolicyTemplate.java:chooseContainerForBlockDeletion(85)) - Chosen 0/5000 blocks from 0 candidate containers.
2023-12-18 19:17:07,203 [ded5b85a-ec0d-4a71-9db9-83b101b9c9ad-BlockDeletingService#2] INFO  interfaces.ContainerDeletionChoosingPolicyTemplate (ContainerDeletionChoosingPolicyTemplate.java:chooseContainerForBlockDeletion(85)) - Chosen 0/5000 blocks from 0 candidate containers.
2023-12-18 19:17:07,252 [93699071-0d52-4ef3-adad-6b5a83f48fc5-BlockDeletingService#7] INFO  interfaces.ContainerDeletionChoosingPolicyTemplate (ContainerDeletionChoosingPolicyTemplate.java:chooseContainerForBlockDeletion(85)) - Chosen 0/5000 blocks from 0 candidate containers.
2023-12-18 19:17:07,267 [089733a5-f6c3-45b8-9d3f-1c158e6a3dcf-BlockDeletingService#2] INFO  interfaces.ContainerDeletionChoosingPolicyTemplate (ContainerDeletionChoosingPolicyTemplate.java:chooseContainerForBlockDeletion(85)) - Chosen 0/5000 blocks from 0 candidate containers.
2023-12-18 19:17:07,303 [ded5b85a-ec0d-4a71-9db9-83b101b9c9ad-BlockDeletingService#2] INFO  interfaces.ContainerDeletionChoosingPolicyTemplate (ContainerDeletionChoosingPolicyTemplate.java:chooseContainerForBlockDeletion(85)) - Chosen 0/5000 blocks from 0 candidate containers.
2023-12-18 19:17:07,353 [93699071-0d52-4ef3-adad-6b5a83f48fc5-BlockDeletingService#7] INFO  interfaces.ContainerDeletionChoosingPolicyTemplate (ContainerDeletionChoosingPolicyTemplate.java:chooseContainerForBlockDeletion(85)) - Chosen 0/5000 blocks from 0 candidate containers.
2023-12-18 19:17:07,367 [089733a5-f6c3-45b8-9d3f-1c158e6a3dcf-BlockDeletingService#2] INFO  interfaces.ContainerDeletionChoosingPolicyTemplate (ContainerDeletionChoosingPolicyTemplate.java:chooseContainerForBlockDeletion(85)) - Chosen 0/5000 blocks from 0 candidate containers.
2023-12-18 19:17:07,403 [ded5b85a-ec0d-4a71-9db9-83b101b9c9ad-BlockDeletingService#2] INFO  interfaces.ContainerDeletionChoosingPolicyTemplate (ContainerDeletionChoosingPolicyTemplate.java:chooseContainerForBlockDeletion(85)) - Chosen 0/5000 blocks from 0 candidate containers.
2023-12-18 19:17:07,453 [93699071-0d52-4ef3-adad-6b5a83f48fc5-BlockDeletingService#7] INFO  interfaces.ContainerDeletionChoosingPolicyTemplate (ContainerDeletionChoosingPolicyTemplate.java:chooseContainerForBlockDeletion(85)) - Chosen 0/5000 blocks from 0 candidate containers.
2023-12-18 19:17:07,467 [089733a5-f6c3-45b8-9d3f-1c158e6a3dcf-BlockDeletingService#2] INFO  interfaces.ContainerDeletionChoosingPolicyTemplate (ContainerDeletionChoosingPolicyTemplate.java:chooseContainerForBlockDeletion(85)) - Chosen 0/5000 blocks from 0 candidate containers.
2023-12-18 19:17:07,503 [ded5b85a-ec0d-4a71-9db9-83b101b9c9ad-BlockDeletingService#2] INFO  interfaces.ContainerDeletionChoosingPolicyTemplate (ContainerDeletionChoosingPolicyTemplate.java:chooseContainerForBlockDeletion(85)) - Chosen 0/5000 blocks from 0 candidate containers.
2023-12-18 19:17:07,553 [93699071-0d52-4ef3-adad-6b5a83f48fc5-BlockDeletingService#7] INFO  interfaces.ContainerDeletionChoosingPolicyTemplate (ContainerDeletionChoosingPolicyTemplate.java:chooseContainerForBlockDeletion(85)) - Chosen 0/5000 blocks from 0 candidate containers.
2023-12-18 19:17:07,567 [089733a5-f6c3-45b8-9d3f-1c158e6a3dcf-BlockDeletingService#2] INFO  interfaces.ContainerDeletionChoosingPolicyTemplate (ContainerDeletionChoosingPolicyTemplate.java:chooseContainerForBlockDeletion(85)) - Chosen 0/5000 blocks from 0 candidate containers.
2023-12-18 19:17:07,604 [ded5b85a-ec0d-4a71-9db9-83b101b9c9ad-BlockDeletingService#2] INFO  interfaces.ContainerDeletionChoosingPolicyTemplate (ContainerDeletionChoosingPolicyTemplate.java:chooseContainerForBlockDeletion(85)) - Chosen 0/5000 blocks from 0 candidate containers.
2023-12-18 19:17:07,653 [93699071-0d52-4ef3-adad-6b5a83f48fc5-BlockDeletingService#7] INFO  interfaces.ContainerDeletionChoosingPolicyTemplate (ContainerDeletionChoosingPolicyTemplate.java:chooseContainerForBlockDeletion(85)) - Chosen 0/5000 blocks from 0 candidate containers.
2023-12-18 19:17:07,667 [089733a5-f6c3-45b8-9d3f-1c158e6a3dcf-BlockDeletingService#2] INFO  interfaces.ContainerDeletionChoosingPolicyTemplate (ContainerDeletionChoosingPolicyTemplate.java:chooseContainerForBlockDeletion(85)) - Chosen 0/5000 blocks from 0 candidate containers.
2023-12-18 19:17:07,704 [ded5b85a-ec0d-4a71-9db9-83b101b9c9ad-BlockDeletingService#2] INFO  interfaces.ContainerDeletionChoosingPolicyTemplate (ContainerDeletionChoosingPolicyTemplate.java:chooseContainerForBlockDeletion(85)) - Chosen 0/5000 blocks from 0 candidate containers.
2023-12-18 19:17:07,753 [93699071-0d52-4ef3-adad-6b5a83f48fc5-BlockDeletingService#7] INFO  interfaces.ContainerDeletionChoosingPolicyTemplate (ContainerDeletionChoosingPolicyTemplate.java:chooseContainerForBlockDeletion(85)) - Chosen 0/5000 blocks from 0 candidate containers.
2023-12-18 19:17:07,767 [089733a5-f6c3-45b8-9d3f-1c158e6a3dcf-BlockDeletingService#2] INFO  interfaces.ContainerDeletionChoosingPolicyTemplate (ContainerDeletionChoosingPolicyTemplate.java:chooseContainerForBlockDeletion(85)) - Chosen 0/5000 blocks from 0 candidate containers.
2023-12-18 19:17:07,804 [ded5b85a-ec0d-4a71-9db9-83b101b9c9ad-BlockDeletingService#2] INFO  interfaces.ContainerDeletionChoosingPolicyTemplate (ContainerDeletionChoosingPolicyTemplate.java:chooseContainerForBlockDeletion(85)) - Chosen 0/5000 blocks from 0 candidate containers.
2023-12-18 19:17:07,810 [main] INFO  ozone.MiniOzoneClusterImpl (MiniOzoneClusterImpl.java:lambda$waitForClusterToBeReady$0(230)) - Nodes are ready. Got 3 of 3 DN Heartbeats.
2023-12-18 19:17:07,810 [main] INFO  ozone.MiniOzoneClusterImpl (MiniOzoneClusterImpl.java:lambda$waitForClusterToBeReady$0(233)) - Waiting for cluster to exit safe mode
2023-12-18 19:17:07,810 [main] INFO  ozone.MiniOzoneClusterImpl (MiniOzoneClusterImpl.java:lambda$waitForClusterToBeReady$0(235)) - SCM became leader
2023-12-18 19:17:07,853 [93699071-0d52-4ef3-adad-6b5a83f48fc5-BlockDeletingService#7] INFO  interfaces.ContainerDeletionChoosingPolicyTemplate (ContainerDeletionChoosingPolicyTemplate.java:chooseContainerForBlockDeletion(85)) - Chosen 0/5000 blocks from 0 candidate containers.
2023-12-18 19:17:07,868 [089733a5-f6c3-45b8-9d3f-1c158e6a3dcf-BlockDeletingService#2] INFO  interfaces.ContainerDeletionChoosingPolicyTemplate (ContainerDeletionChoosingPolicyTemplate.java:chooseContainerForBlockDeletion(85)) - Chosen 0/5000 blocks from 0 candidate containers.
2023-12-18 19:17:07,904 [ded5b85a-ec0d-4a71-9db9-83b101b9c9ad-BlockDeletingService#2] INFO  interfaces.ContainerDeletionChoosingPolicyTemplate (ContainerDeletionChoosingPolicyTemplate.java:chooseContainerForBlockDeletion(85)) - Chosen 0/5000 blocks from 0 candidate containers.
2023-12-18 19:17:07,954 [93699071-0d52-4ef3-adad-6b5a83f48fc5-BlockDeletingService#7] INFO  interfaces.ContainerDeletionChoosingPolicyTemplate (ContainerDeletionChoosingPolicyTemplate.java:chooseContainerForBlockDeletion(85)) - Chosen 0/5000 blocks from 0 candidate containers.
2023-12-18 19:17:07,968 [089733a5-f6c3-45b8-9d3f-1c158e6a3dcf-BlockDeletingService#2] INFO  interfaces.ContainerDeletionChoosingPolicyTemplate (ContainerDeletionChoosingPolicyTemplate.java:chooseContainerForBlockDeletion(85)) - Chosen 0/5000 blocks from 0 candidate containers.
2023-12-18 19:17:08,004 [ded5b85a-ec0d-4a71-9db9-83b101b9c9ad-BlockDeletingService#2] INFO  interfaces.ContainerDeletionChoosingPolicyTemplate (ContainerDeletionChoosingPolicyTemplate.java:chooseContainerForBlockDeletion(85)) - Chosen 0/5000 blocks from 0 candidate containers.
2023-12-18 19:17:08,054 [93699071-0d52-4ef3-adad-6b5a83f48fc5-BlockDeletingService#7] INFO  interfaces.ContainerDeletionChoosingPolicyTemplate (ContainerDeletionChoosingPolicyTemplate.java:chooseContainerForBlockDeletion(85)) - Chosen 0/5000 blocks from 0 candidate containers.
2023-12-18 19:17:08,068 [089733a5-f6c3-45b8-9d3f-1c158e6a3dcf-BlockDeletingService#2] INFO  interfaces.ContainerDeletionChoosingPolicyTemplate (ContainerDeletionChoosingPolicyTemplate.java:chooseContainerForBlockDeletion(85)) - Chosen 0/5000 blocks from 0 candidate containers.
2023-12-18 19:17:08,104 [ded5b85a-ec0d-4a71-9db9-83b101b9c9ad-BlockDeletingService#2] INFO  interfaces.ContainerDeletionChoosingPolicyTemplate (ContainerDeletionChoosingPolicyTemplate.java:chooseContainerForBlockDeletion(85)) - Chosen 0/5000 blocks from 0 candidate containers.
2023-12-18 19:17:08,154 [93699071-0d52-4ef3-adad-6b5a83f48fc5-BlockDeletingService#7] INFO  interfaces.ContainerDeletionChoosingPolicyTemplate (ContainerDeletionChoosingPolicyTemplate.java:chooseContainerForBlockDeletion(85)) - Chosen 0/5000 blocks from 0 candidate containers.
2023-12-18 19:17:08,168 [089733a5-f6c3-45b8-9d3f-1c158e6a3dcf-BlockDeletingService#2] INFO  interfaces.ContainerDeletionChoosingPolicyTemplate (ContainerDeletionChoosingPolicyTemplate.java:chooseContainerForBlockDeletion(85)) - Chosen 0/5000 blocks from 0 candidate containers.
2023-12-18 19:17:08,204 [ded5b85a-ec0d-4a71-9db9-83b101b9c9ad-BlockDeletingService#2] INFO  interfaces.ContainerDeletionChoosingPolicyTemplate (ContainerDeletionChoosingPolicyTemplate.java:chooseContainerForBlockDeletion(85)) - Chosen 0/5000 blocks from 0 candidate containers.
2023-12-18 19:17:08,254 [93699071-0d52-4ef3-adad-6b5a83f48fc5-BlockDeletingService#7] INFO  interfaces.ContainerDeletionChoosingPolicyTemplate (ContainerDeletionChoosingPolicyTemplate.java:chooseContainerForBlockDeletion(85)) - Chosen 0/5000 blocks from 0 candidate containers.
2023-12-18 19:17:08,268 [089733a5-f6c3-45b8-9d3f-1c158e6a3dcf-BlockDeletingService#2] INFO  interfaces.ContainerDeletionChoosingPolicyTemplate (ContainerDeletionChoosingPolicyTemplate.java:chooseContainerForBlockDeletion(85)) - Chosen 0/5000 blocks from 0 candidate containers.
2023-12-18 19:17:08,305 [ded5b85a-ec0d-4a71-9db9-83b101b9c9ad-BlockDeletingService#2] INFO  interfaces.ContainerDeletionChoosingPolicyTemplate (ContainerDeletionChoosingPolicyTemplate.java:chooseContainerForBlockDeletion(85)) - Chosen 0/5000 blocks from 0 candidate containers.
2023-12-18 19:17:08,354 [93699071-0d52-4ef3-adad-6b5a83f48fc5-BlockDeletingService#7] INFO  interfaces.ContainerDeletionChoosingPolicyTemplate (ContainerDeletionChoosingPolicyTemplate.java:chooseContainerForBlockDeletion(85)) - Chosen 0/5000 blocks from 0 candidate containers.
2023-12-18 19:17:08,368 [089733a5-f6c3-45b8-9d3f-1c158e6a3dcf-BlockDeletingService#2] INFO  interfaces.ContainerDeletionChoosingPolicyTemplate (ContainerDeletionChoosingPolicyTemplate.java:chooseContainerForBlockDeletion(85)) - Chosen 0/5000 blocks from 0 candidate containers.
2023-12-18 19:17:08,405 [ded5b85a-ec0d-4a71-9db9-83b101b9c9ad-BlockDeletingService#2] INFO  interfaces.ContainerDeletionChoosingPolicyTemplate (ContainerDeletionChoosingPolicyTemplate.java:chooseContainerForBlockDeletion(85)) - Chosen 0/5000 blocks from 0 candidate containers.
2023-12-18 19:17:08,454 [93699071-0d52-4ef3-adad-6b5a83f48fc5-BlockDeletingService#7] INFO  interfaces.ContainerDeletionChoosingPolicyTemplate (ContainerDeletionChoosingPolicyTemplate.java:chooseContainerForBlockDeletion(85)) - Chosen 0/5000 blocks from 0 candidate containers.
2023-12-18 19:17:08,468 [089733a5-f6c3-45b8-9d3f-1c158e6a3dcf-BlockDeletingService#2] INFO  interfaces.ContainerDeletionChoosingPolicyTemplate (ContainerDeletionChoosingPolicyTemplate.java:chooseContainerForBlockDeletion(85)) - Chosen 0/5000 blocks from 0 candidate containers.
2023-12-18 19:17:08,505 [ded5b85a-ec0d-4a71-9db9-83b101b9c9ad-BlockDeletingService#2] INFO  interfaces.ContainerDeletionChoosingPolicyTemplate (ContainerDeletionChoosingPolicyTemplate.java:chooseContainerForBlockDeletion(85)) - Chosen 0/5000 blocks from 0 candidate containers.
2023-12-18 19:17:08,555 [93699071-0d52-4ef3-adad-6b5a83f48fc5-BlockDeletingService#7] INFO  interfaces.ContainerDeletionChoosingPolicyTemplate (ContainerDeletionChoosingPolicyTemplate.java:chooseContainerForBlockDeletion(85)) - Chosen 0/5000 blocks from 0 candidate containers.
2023-12-18 19:17:08,569 [089733a5-f6c3-45b8-9d3f-1c158e6a3dcf-BlockDeletingService#2] INFO  interfaces.ContainerDeletionChoosingPolicyTemplate (ContainerDeletionChoosingPolicyTemplate.java:chooseContainerForBlockDeletion(85)) - Chosen 0/5000 blocks from 0 candidate containers.
2023-12-18 19:17:08,605 [ded5b85a-ec0d-4a71-9db9-83b101b9c9ad-BlockDeletingService#2] INFO  interfaces.ContainerDeletionChoosingPolicyTemplate (ContainerDeletionChoosingPolicyTemplate.java:chooseContainerForBlockDeletion(85)) - Chosen 0/5000 blocks from 0 candidate containers.
2023-12-18 19:17:08,655 [93699071-0d52-4ef3-adad-6b5a83f48fc5-BlockDeletingService#7] INFO  interfaces.ContainerDeletionChoosingPolicyTemplate (ContainerDeletionChoosingPolicyTemplate.java:chooseContainerForBlockDeletion(85)) - Chosen 0/5000 blocks from 0 candidate containers.
2023-12-18 19:17:08,669 [089733a5-f6c3-45b8-9d3f-1c158e6a3dcf-BlockDeletingService#2] INFO  interfaces.ContainerDeletionChoosingPolicyTemplate (ContainerDeletionChoosingPolicyTemplate.java:chooseContainerForBlockDeletion(85)) - Chosen 0/5000 blocks from 0 candidate containers.
2023-12-18 19:17:08,705 [ded5b85a-ec0d-4a71-9db9-83b101b9c9ad-BlockDeletingService#2] INFO  interfaces.ContainerDeletionChoosingPolicyTemplate (ContainerDeletionChoosingPolicyTemplate.java:chooseContainerForBlockDeletion(85)) - Chosen 0/5000 blocks from 0 candidate containers.
2023-12-18 19:17:08,755 [93699071-0d52-4ef3-adad-6b5a83f48fc5-BlockDeletingService#7] INFO  interfaces.ContainerDeletionChoosingPolicyTemplate (ContainerDeletionChoosingPolicyTemplate.java:chooseContainerForBlockDeletion(85)) - Chosen 0/5000 blocks from 0 candidate containers.
2023-12-18 19:17:08,769 [089733a5-f6c3-45b8-9d3f-1c158e6a3dcf-BlockDeletingService#2] INFO  interfaces.ContainerDeletionChoosingPolicyTemplate (ContainerDeletionChoosingPolicyTemplate.java:chooseContainerForBlockDeletion(85)) - Chosen 0/5000 blocks from 0 candidate containers.
2023-12-18 19:17:08,805 [ded5b85a-ec0d-4a71-9db9-83b101b9c9ad-BlockDeletingService#2] INFO  interfaces.ContainerDeletionChoosingPolicyTemplate (ContainerDeletionChoosingPolicyTemplate.java:chooseContainerForBlockDeletion(85)) - Chosen 0/5000 blocks from 0 candidate containers.
2023-12-18 19:17:08,810 [main] INFO  ozone.MiniOzoneClusterImpl (MiniOzoneClusterImpl.java:lambda$waitForClusterToBeReady$0(230)) - Nodes are ready. Got 3 of 3 DN Heartbeats.
2023-12-18 19:17:08,810 [main] INFO  ozone.MiniOzoneClusterImpl (MiniOzoneClusterImpl.java:lambda$waitForClusterToBeReady$0(233)) - Waiting for cluster to exit safe mode
2023-12-18 19:17:08,810 [main] INFO  ozone.MiniOzoneClusterImpl (MiniOzoneClusterImpl.java:lambda$waitForClusterToBeReady$0(235)) - SCM became leader
2023-12-18 19:17:08,855 [93699071-0d52-4ef3-adad-6b5a83f48fc5-BlockDeletingService#7] INFO  interfaces.ContainerDeletionChoosingPolicyTemplate (ContainerDeletionChoosingPolicyTemplate.java:chooseContainerForBlockDeletion(85)) - Chosen 0/5000 blocks from 0 candidate containers.
2023-12-18 19:17:08,869 [089733a5-f6c3-45b8-9d3f-1c158e6a3dcf-BlockDeletingService#2] INFO  interfaces.ContainerDeletionChoosingPolicyTemplate (ContainerDeletionChoosingPolicyTemplate.java:chooseContainerForBlockDeletion(85)) - Chosen 0/5000 blocks from 0 candidate containers.
2023-12-18 19:17:08,906 [ded5b85a-ec0d-4a71-9db9-83b101b9c9ad-BlockDeletingService#2] INFO  interfaces.ContainerDeletionChoosingPolicyTemplate (ContainerDeletionChoosingPolicyTemplate.java:chooseContainerForBlockDeletion(85)) - Chosen 0/5000 blocks from 0 candidate containers.
2023-12-18 19:17:08,955 [93699071-0d52-4ef3-adad-6b5a83f48fc5-BlockDeletingService#7] INFO  interfaces.ContainerDeletionChoosingPolicyTemplate (ContainerDeletionChoosingPolicyTemplate.java:chooseContainerForBlockDeletion(85)) - Chosen 0/5000 blocks from 0 candidate containers.
2023-12-18 19:17:08,969 [089733a5-f6c3-45b8-9d3f-1c158e6a3dcf-BlockDeletingService#2] INFO  interfaces.ContainerDeletionChoosingPolicyTemplate (ContainerDeletionChoosingPolicyTemplate.java:chooseContainerForBlockDeletion(85)) - Chosen 0/5000 blocks from 0 candidate containers.
2023-12-18 19:17:09,006 [ded5b85a-ec0d-4a71-9db9-83b101b9c9ad-BlockDeletingService#2] INFO  interfaces.ContainerDeletionChoosingPolicyTemplate (ContainerDeletionChoosingPolicyTemplate.java:chooseContainerForBlockDeletion(85)) - Chosen 0/5000 blocks from 0 candidate containers.
2023-12-18 19:17:09,056 [93699071-0d52-4ef3-adad-6b5a83f48fc5-BlockDeletingService#7] INFO  interfaces.ContainerDeletionChoosingPolicyTemplate (ContainerDeletionChoosingPolicyTemplate.java:chooseContainerForBlockDeletion(85)) - Chosen 0/5000 blocks from 0 candidate containers.
2023-12-18 19:17:09,069 [089733a5-f6c3-45b8-9d3f-1c158e6a3dcf-BlockDeletingService#2] INFO  interfaces.ContainerDeletionChoosingPolicyTemplate (ContainerDeletionChoosingPolicyTemplate.java:chooseContainerForBlockDeletion(85)) - Chosen 0/5000 blocks from 0 candidate containers.
2023-12-18 19:17:09,106 [ded5b85a-ec0d-4a71-9db9-83b101b9c9ad-BlockDeletingService#2] INFO  interfaces.ContainerDeletionChoosingPolicyTemplate (ContainerDeletionChoosingPolicyTemplate.java:chooseContainerForBlockDeletion(85)) - Chosen 0/5000 blocks from 0 candidate containers.
2023-12-18 19:17:09,156 [93699071-0d52-4ef3-adad-6b5a83f48fc5-BlockDeletingService#7] INFO  interfaces.ContainerDeletionChoosingPolicyTemplate (ContainerDeletionChoosingPolicyTemplate.java:chooseContainerForBlockDeletion(85)) - Chosen 0/5000 blocks from 0 candidate containers.
2023-12-18 19:17:09,170 [089733a5-f6c3-45b8-9d3f-1c158e6a3dcf-BlockDeletingService#2] INFO  interfaces.ContainerDeletionChoosingPolicyTemplate (ContainerDeletionChoosingPolicyTemplate.java:chooseContainerForBlockDeletion(85)) - Chosen 0/5000 blocks from 0 candidate containers.
2023-12-18 19:17:09,206 [ded5b85a-ec0d-4a71-9db9-83b101b9c9ad-BlockDeletingService#6] INFO  interfaces.ContainerDeletionChoosingPolicyTemplate (ContainerDeletionChoosingPolicyTemplate.java:chooseContainerForBlockDeletion(85)) - Chosen 0/5000 blocks from 0 candidate containers.
2023-12-18 19:17:09,256 [93699071-0d52-4ef3-adad-6b5a83f48fc5-BlockDeletingService#7] INFO  interfaces.ContainerDeletionChoosingPolicyTemplate (ContainerDeletionChoosingPolicyTemplate.java:chooseContainerForBlockDeletion(85)) - Chosen 0/5000 blocks from 0 candidate containers.
2023-12-18 19:17:09,270 [089733a5-f6c3-45b8-9d3f-1c158e6a3dcf-BlockDeletingService#2] INFO  interfaces.ContainerDeletionChoosingPolicyTemplate (ContainerDeletionChoosingPolicyTemplate.java:chooseContainerForBlockDeletion(85)) - Chosen 0/5000 blocks from 0 candidate containers.
2023-12-18 19:17:09,306 [ded5b85a-ec0d-4a71-9db9-83b101b9c9ad-BlockDeletingService#6] INFO  interfaces.ContainerDeletionChoosingPolicyTemplate (ContainerDeletionChoosingPolicyTemplate.java:chooseContainerForBlockDeletion(85)) - Chosen 0/5000 blocks from 0 candidate containers.
2023-12-18 19:17:09,356 [93699071-0d52-4ef3-adad-6b5a83f48fc5-BlockDeletingService#7] INFO  interfaces.ContainerDeletionChoosingPolicyTemplate (ContainerDeletionChoosingPolicyTemplate.java:chooseContainerForBlockDeletion(85)) - Chosen 0/5000 blocks from 0 candidate containers.
2023-12-18 19:17:09,370 [089733a5-f6c3-45b8-9d3f-1c158e6a3dcf-BlockDeletingService#2] INFO  interfaces.ContainerDeletionChoosingPolicyTemplate (ContainerDeletionChoosingPolicyTemplate.java:chooseContainerForBlockDeletion(85)) - Chosen 0/5000 blocks from 0 candidate containers.
2023-12-18 19:17:09,406 [ded5b85a-ec0d-4a71-9db9-83b101b9c9ad-BlockDeletingService#6] INFO  interfaces.ContainerDeletionChoosingPolicyTemplate (ContainerDeletionChoosingPolicyTemplate.java:chooseContainerForBlockDeletion(85)) - Chosen 0/5000 blocks from 0 candidate containers.
2023-12-18 19:17:09,456 [93699071-0d52-4ef3-adad-6b5a83f48fc5-BlockDeletingService#7] INFO  interfaces.ContainerDeletionChoosingPolicyTemplate (ContainerDeletionChoosingPolicyTemplate.java:chooseContainerForBlockDeletion(85)) - Chosen 0/5000 blocks from 0 candidate containers.
2023-12-18 19:17:09,470 [089733a5-f6c3-45b8-9d3f-1c158e6a3dcf-BlockDeletingService#2] INFO  interfaces.ContainerDeletionChoosingPolicyTemplate (ContainerDeletionChoosingPolicyTemplate.java:chooseContainerForBlockDeletion(85)) - Chosen 0/5000 blocks from 0 candidate containers.
2023-12-18 19:17:09,507 [ded5b85a-ec0d-4a71-9db9-83b101b9c9ad-BlockDeletingService#6] INFO  interfaces.ContainerDeletionChoosingPolicyTemplate (ContainerDeletionChoosingPolicyTemplate.java:chooseContainerForBlockDeletion(85)) - Chosen 0/5000 blocks from 0 candidate containers.
2023-12-18 19:17:09,556 [93699071-0d52-4ef3-adad-6b5a83f48fc5-BlockDeletingService#7] INFO  interfaces.ContainerDeletionChoosingPolicyTemplate (ContainerDeletionChoosingPolicyTemplate.java:chooseContainerForBlockDeletion(85)) - Chosen 0/5000 blocks from 0 candidate containers.
2023-12-18 19:17:09,570 [089733a5-f6c3-45b8-9d3f-1c158e6a3dcf-BlockDeletingService#2] INFO  interfaces.ContainerDeletionChoosingPolicyTemplate (ContainerDeletionChoosingPolicyTemplate.java:chooseContainerForBlockDeletion(85)) - Chosen 0/5000 blocks from 0 candidate containers.
2023-12-18 19:17:09,607 [ded5b85a-ec0d-4a71-9db9-83b101b9c9ad-BlockDeletingService#6] INFO  interfaces.ContainerDeletionChoosingPolicyTemplate (ContainerDeletionChoosingPolicyTemplate.java:chooseContainerForBlockDeletion(85)) - Chosen 0/5000 blocks from 0 candidate containers.
2023-12-18 19:17:09,656 [93699071-0d52-4ef3-adad-6b5a83f48fc5-BlockDeletingService#7] INFO  interfaces.ContainerDeletionChoosingPolicyTemplate (ContainerDeletionChoosingPolicyTemplate.java:chooseContainerForBlockDeletion(85)) - Chosen 0/5000 blocks from 0 candidate containers.
2023-12-18 19:17:09,670 [089733a5-f6c3-45b8-9d3f-1c158e6a3dcf-BlockDeletingService#2] INFO  interfaces.ContainerDeletionChoosingPolicyTemplate (ContainerDeletionChoosingPolicyTemplate.java:chooseContainerForBlockDeletion(85)) - Chosen 0/5000 blocks from 0 candidate containers.
2023-12-18 19:17:09,707 [ded5b85a-ec0d-4a71-9db9-83b101b9c9ad-BlockDeletingService#6] INFO  interfaces.ContainerDeletionChoosingPolicyTemplate (ContainerDeletionChoosingPolicyTemplate.java:chooseContainerForBlockDeletion(85)) - Chosen 0/5000 blocks from 0 candidate containers.
2023-12-18 19:17:09,757 [93699071-0d52-4ef3-adad-6b5a83f48fc5-BlockDeletingService#7] INFO  interfaces.ContainerDeletionChoosingPolicyTemplate (ContainerDeletionChoosingPolicyTemplate.java:chooseContainerForBlockDeletion(85)) - Chosen 0/5000 blocks from 0 candidate containers.
2023-12-18 19:17:09,770 [089733a5-f6c3-45b8-9d3f-1c158e6a3dcf-BlockDeletingService#2] INFO  interfaces.ContainerDeletionChoosingPolicyTemplate (ContainerDeletionChoosingPolicyTemplate.java:chooseContainerForBlockDeletion(85)) - Chosen 0/5000 blocks from 0 candidate containers.
2023-12-18 19:17:09,807 [ded5b85a-ec0d-4a71-9db9-83b101b9c9ad-BlockDeletingService#6] INFO  interfaces.ContainerDeletionChoosingPolicyTemplate (ContainerDeletionChoosingPolicyTemplate.java:chooseContainerForBlockDeletion(85)) - Chosen 0/5000 blocks from 0 candidate containers.
2023-12-18 19:17:09,810 [main] INFO  ozone.MiniOzoneClusterImpl (MiniOzoneClusterImpl.java:lambda$waitForClusterToBeReady$0(230)) - Nodes are ready. Got 3 of 3 DN Heartbeats.
2023-12-18 19:17:09,810 [main] INFO  ozone.MiniOzoneClusterImpl (MiniOzoneClusterImpl.java:lambda$waitForClusterToBeReady$0(233)) - Waiting for cluster to exit safe mode
2023-12-18 19:17:09,810 [main] INFO  ozone.MiniOzoneClusterImpl (MiniOzoneClusterImpl.java:lambda$waitForClusterToBeReady$0(235)) - SCM became leader
2023-12-18 19:17:09,857 [93699071-0d52-4ef3-adad-6b5a83f48fc5-BlockDeletingService#7] INFO  interfaces.ContainerDeletionChoosingPolicyTemplate (ContainerDeletionChoosingPolicyTemplate.java:chooseContainerForBlockDeletion(85)) - Chosen 0/5000 blocks from 0 candidate containers.
2023-12-18 19:17:09,871 [089733a5-f6c3-45b8-9d3f-1c158e6a3dcf-BlockDeletingService#2] INFO  interfaces.ContainerDeletionChoosingPolicyTemplate (ContainerDeletionChoosingPolicyTemplate.java:chooseContainerForBlockDeletion(85)) - Chosen 0/5000 blocks from 0 candidate containers.
2023-12-18 19:17:09,907 [ded5b85a-ec0d-4a71-9db9-83b101b9c9ad-BlockDeletingService#6] INFO  interfaces.ContainerDeletionChoosingPolicyTemplate (ContainerDeletionChoosingPolicyTemplate.java:chooseContainerForBlockDeletion(85)) - Chosen 0/5000 blocks from 0 candidate containers.
2023-12-18 19:17:09,957 [93699071-0d52-4ef3-adad-6b5a83f48fc5-BlockDeletingService#7] INFO  interfaces.ContainerDeletionChoosingPolicyTemplate (ContainerDeletionChoosingPolicyTemplate.java:chooseContainerForBlockDeletion(85)) - Chosen 0/5000 blocks from 0 candidate containers.
2023-12-18 19:17:09,971 [089733a5-f6c3-45b8-9d3f-1c158e6a3dcf-BlockDeletingService#2] INFO  interfaces.ContainerDeletionChoosingPolicyTemplate (ContainerDeletionChoosingPolicyTemplate.java:chooseContainerForBlockDeletion(85)) - Chosen 0/5000 blocks from 0 candidate containers.
2023-12-18 19:17:10,007 [ded5b85a-ec0d-4a71-9db9-83b101b9c9ad-BlockDeletingService#6] INFO  interfaces.ContainerDeletionChoosingPolicyTemplate (ContainerDeletionChoosingPolicyTemplate.java:chooseContainerForBlockDeletion(85)) - Chosen 0/5000 blocks from 0 candidate containers.
2023-12-18 19:17:10,057 [93699071-0d52-4ef3-adad-6b5a83f48fc5-BlockDeletingService#7] INFO  interfaces.ContainerDeletionChoosingPolicyTemplate (ContainerDeletionChoosingPolicyTemplate.java:chooseContainerForBlockDeletion(85)) - Chosen 0/5000 blocks from 0 candidate containers.
2023-12-18 19:17:10,071 [089733a5-f6c3-45b8-9d3f-1c158e6a3dcf-BlockDeletingService#2] INFO  interfaces.ContainerDeletionChoosingPolicyTemplate (ContainerDeletionChoosingPolicyTemplate.java:chooseContainerForBlockDeletion(85)) - Chosen 0/5000 blocks from 0 candidate containers.
2023-12-18 19:17:10,107 [ded5b85a-ec0d-4a71-9db9-83b101b9c9ad-BlockDeletingService#6] INFO  interfaces.ContainerDeletionChoosingPolicyTemplate (ContainerDeletionChoosingPolicyTemplate.java:chooseContainerForBlockDeletion(85)) - Chosen 0/5000 blocks from 0 candidate containers.
2023-12-18 19:17:10,157 [93699071-0d52-4ef3-adad-6b5a83f48fc5-BlockDeletingService#7] INFO  interfaces.ContainerDeletionChoosingPolicyTemplate (ContainerDeletionChoosingPolicyTemplate.java:chooseContainerForBlockDeletion(85)) - Chosen 0/5000 blocks from 0 candidate containers.
2023-12-18 19:17:10,171 [089733a5-f6c3-45b8-9d3f-1c158e6a3dcf-BlockDeletingService#2] INFO  interfaces.ContainerDeletionChoosingPolicyTemplate (ContainerDeletionChoosingPolicyTemplate.java:chooseContainerForBlockDeletion(85)) - Chosen 0/5000 blocks from 0 candidate containers.
2023-12-18 19:17:10,208 [ded5b85a-ec0d-4a71-9db9-83b101b9c9ad-BlockDeletingService#6] INFO  interfaces.ContainerDeletionChoosingPolicyTemplate (ContainerDeletionChoosingPolicyTemplate.java:chooseContainerForBlockDeletion(85)) - Chosen 0/5000 blocks from 0 candidate containers.
2023-12-18 19:17:10,257 [93699071-0d52-4ef3-adad-6b5a83f48fc5-BlockDeletingService#7] INFO  interfaces.ContainerDeletionChoosingPolicyTemplate (ContainerDeletionChoosingPolicyTemplate.java:chooseContainerForBlockDeletion(85)) - Chosen 0/5000 blocks from 0 candidate containers.
2023-12-18 19:17:10,271 [089733a5-f6c3-45b8-9d3f-1c158e6a3dcf-BlockDeletingService#2] INFO  interfaces.ContainerDeletionChoosingPolicyTemplate (ContainerDeletionChoosingPolicyTemplate.java:chooseContainerForBlockDeletion(85)) - Chosen 0/5000 blocks from 0 candidate containers.
2023-12-18 19:17:10,308 [ded5b85a-ec0d-4a71-9db9-83b101b9c9ad-BlockDeletingService#6] INFO  interfaces.ContainerDeletionChoosingPolicyTemplate (ContainerDeletionChoosingPolicyTemplate.java:chooseContainerForBlockDeletion(85)) - Chosen 0/5000 blocks from 0 candidate containers.
2023-12-18 19:17:10,358 [93699071-0d52-4ef3-adad-6b5a83f48fc5-BlockDeletingService#7] INFO  interfaces.ContainerDeletionChoosingPolicyTemplate (ContainerDeletionChoosingPolicyTemplate.java:chooseContainerForBlockDeletion(85)) - Chosen 0/5000 blocks from 0 candidate containers.
2023-12-18 19:17:10,371 [089733a5-f6c3-45b8-9d3f-1c158e6a3dcf-BlockDeletingService#2] INFO  interfaces.ContainerDeletionChoosingPolicyTemplate (ContainerDeletionChoosingPolicyTemplate.java:chooseContainerForBlockDeletion(85)) - Chosen 0/5000 blocks from 0 candidate containers.
2023-12-18 19:17:10,408 [ded5b85a-ec0d-4a71-9db9-83b101b9c9ad-BlockDeletingService#6] INFO  interfaces.ContainerDeletionChoosingPolicyTemplate (ContainerDeletionChoosingPolicyTemplate.java:chooseContainerForBlockDeletion(85)) - Chosen 0/5000 blocks from 0 candidate containers.
2023-12-18 19:17:10,458 [93699071-0d52-4ef3-adad-6b5a83f48fc5-BlockDeletingService#7] INFO  interfaces.ContainerDeletionChoosingPolicyTemplate (ContainerDeletionChoosingPolicyTemplate.java:chooseContainerForBlockDeletion(85)) - Chosen 0/5000 blocks from 0 candidate containers.
2023-12-18 19:17:10,472 [089733a5-f6c3-45b8-9d3f-1c158e6a3dcf-BlockDeletingService#2] INFO  interfaces.ContainerDeletionChoosingPolicyTemplate (ContainerDeletionChoosingPolicyTemplate.java:chooseContainerForBlockDeletion(85)) - Chosen 0/5000 blocks from 0 candidate containers.
2023-12-18 19:17:10,508 [ded5b85a-ec0d-4a71-9db9-83b101b9c9ad-BlockDeletingService#6] INFO  interfaces.ContainerDeletionChoosingPolicyTemplate (ContainerDeletionChoosingPolicyTemplate.java:chooseContainerForBlockDeletion(85)) - Chosen 0/5000 blocks from 0 candidate containers.
2023-12-18 19:17:10,558 [93699071-0d52-4ef3-adad-6b5a83f48fc5-BlockDeletingService#7] INFO  interfaces.ContainerDeletionChoosingPolicyTemplate (ContainerDeletionChoosingPolicyTemplate.java:chooseContainerForBlockDeletion(85)) - Chosen 0/5000 blocks from 0 candidate containers.
2023-12-18 19:17:10,572 [089733a5-f6c3-45b8-9d3f-1c158e6a3dcf-BlockDeletingService#2] INFO  interfaces.ContainerDeletionChoosingPolicyTemplate (ContainerDeletionChoosingPolicyTemplate.java:chooseContainerForBlockDeletion(85)) - Chosen 0/5000 blocks from 0 candidate containers.
2023-12-18 19:17:10,608 [ded5b85a-ec0d-4a71-9db9-83b101b9c9ad-BlockDeletingService#6] INFO  interfaces.ContainerDeletionChoosingPolicyTemplate (ContainerDeletionChoosingPolicyTemplate.java:chooseContainerForBlockDeletion(85)) - Chosen 0/5000 blocks from 0 candidate containers.
2023-12-18 19:17:10,658 [93699071-0d52-4ef3-adad-6b5a83f48fc5-BlockDeletingService#7] INFO  interfaces.ContainerDeletionChoosingPolicyTemplate (ContainerDeletionChoosingPolicyTemplate.java:chooseContainerForBlockDeletion(85)) - Chosen 0/5000 blocks from 0 candidate containers.
2023-12-18 19:17:10,672 [089733a5-f6c3-45b8-9d3f-1c158e6a3dcf-BlockDeletingService#2] INFO  interfaces.ContainerDeletionChoosingPolicyTemplate (ContainerDeletionChoosingPolicyTemplate.java:chooseContainerForBlockDeletion(85)) - Chosen 0/5000 blocks from 0 candidate containers.
2023-12-18 19:17:10,708 [ded5b85a-ec0d-4a71-9db9-83b101b9c9ad-BlockDeletingService#6] INFO  interfaces.ContainerDeletionChoosingPolicyTemplate (ContainerDeletionChoosingPolicyTemplate.java:chooseContainerForBlockDeletion(85)) - Chosen 0/5000 blocks from 0 candidate containers.
2023-12-18 19:17:10,758 [93699071-0d52-4ef3-adad-6b5a83f48fc5-BlockDeletingService#7] INFO  interfaces.ContainerDeletionChoosingPolicyTemplate (ContainerDeletionChoosingPolicyTemplate.java:chooseContainerForBlockDeletion(85)) - Chosen 0/5000 blocks from 0 candidate containers.
2023-12-18 19:17:10,772 [089733a5-f6c3-45b8-9d3f-1c158e6a3dcf-BlockDeletingService#2] INFO  interfaces.ContainerDeletionChoosingPolicyTemplate (ContainerDeletionChoosingPolicyTemplate.java:chooseContainerForBlockDeletion(85)) - Chosen 0/5000 blocks from 0 candidate containers.
2023-12-18 19:17:10,809 [ded5b85a-ec0d-4a71-9db9-83b101b9c9ad-BlockDeletingService#6] INFO  interfaces.ContainerDeletionChoosingPolicyTemplate (ContainerDeletionChoosingPolicyTemplate.java:chooseContainerForBlockDeletion(85)) - Chosen 0/5000 blocks from 0 candidate containers.
2023-12-18 19:17:10,811 [main] INFO  ozone.MiniOzoneClusterImpl (MiniOzoneClusterImpl.java:lambda$waitForClusterToBeReady$0(230)) - Nodes are ready. Got 3 of 3 DN Heartbeats.
2023-12-18 19:17:10,811 [main] INFO  ozone.MiniOzoneClusterImpl (MiniOzoneClusterImpl.java:lambda$waitForClusterToBeReady$0(233)) - Waiting for cluster to exit safe mode
2023-12-18 19:17:10,811 [main] INFO  ozone.MiniOzoneClusterImpl (MiniOzoneClusterImpl.java:lambda$waitForClusterToBeReady$0(235)) - SCM became leader
2023-12-18 19:17:10,858 [93699071-0d52-4ef3-adad-6b5a83f48fc5-BlockDeletingService#7] INFO  interfaces.ContainerDeletionChoosingPolicyTemplate (ContainerDeletionChoosingPolicyTemplate.java:chooseContainerForBlockDeletion(85)) - Chosen 0/5000 blocks from 0 candidate containers.
2023-12-18 19:17:10,872 [089733a5-f6c3-45b8-9d3f-1c158e6a3dcf-BlockDeletingService#2] INFO  interfaces.ContainerDeletionChoosingPolicyTemplate (ContainerDeletionChoosingPolicyTemplate.java:chooseContainerForBlockDeletion(85)) - Chosen 0/5000 blocks from 0 candidate containers.
2023-12-18 19:17:10,909 [ded5b85a-ec0d-4a71-9db9-83b101b9c9ad-BlockDeletingService#6] INFO  interfaces.ContainerDeletionChoosingPolicyTemplate (ContainerDeletionChoosingPolicyTemplate.java:chooseContainerForBlockDeletion(85)) - Chosen 0/5000 blocks from 0 candidate containers.
2023-12-18 19:17:10,958 [93699071-0d52-4ef3-adad-6b5a83f48fc5-BlockDeletingService#7] INFO  interfaces.ContainerDeletionChoosingPolicyTemplate (ContainerDeletionChoosingPolicyTemplate.java:chooseContainerForBlockDeletion(85)) - Chosen 0/5000 blocks from 0 candidate containers.
2023-12-18 19:17:10,972 [089733a5-f6c3-45b8-9d3f-1c158e6a3dcf-BlockDeletingService#2] INFO  interfaces.ContainerDeletionChoosingPolicyTemplate (ContainerDeletionChoosingPolicyTemplate.java:chooseContainerForBlockDeletion(85)) - Chosen 0/5000 blocks from 0 candidate containers.
2023-12-18 19:17:11,009 [ded5b85a-ec0d-4a71-9db9-83b101b9c9ad-BlockDeletingService#6] INFO  interfaces.ContainerDeletionChoosingPolicyTemplate (ContainerDeletionChoosingPolicyTemplate.java:chooseContainerForBlockDeletion(85)) - Chosen 0/5000 blocks from 0 candidate containers.
2023-12-18 19:17:11,059 [93699071-0d52-4ef3-adad-6b5a83f48fc5-BlockDeletingService#7] INFO  interfaces.ContainerDeletionChoosingPolicyTemplate (ContainerDeletionChoosingPolicyTemplate.java:chooseContainerForBlockDeletion(85)) - Chosen 0/5000 blocks from 0 candidate containers.
2023-12-18 19:17:11,072 [089733a5-f6c3-45b8-9d3f-1c158e6a3dcf-BlockDeletingService#2] INFO  interfaces.ContainerDeletionChoosingPolicyTemplate (ContainerDeletionChoosingPolicyTemplate.java:chooseContainerForBlockDeletion(85)) - Chosen 0/5000 blocks from 0 candidate containers.
2023-12-18 19:17:11,109 [ded5b85a-ec0d-4a71-9db9-83b101b9c9ad-BlockDeletingService#6] INFO  interfaces.ContainerDeletionChoosingPolicyTemplate (ContainerDeletionChoosingPolicyTemplate.java:chooseContainerForBlockDeletion(85)) - Chosen 0/5000 blocks from 0 candidate containers.
2023-12-18 19:17:11,159 [93699071-0d52-4ef3-adad-6b5a83f48fc5-BlockDeletingService#7] INFO  interfaces.ContainerDeletionChoosingPolicyTemplate (ContainerDeletionChoosingPolicyTemplate.java:chooseContainerForBlockDeletion(85)) - Chosen 0/5000 blocks from 0 candidate containers.
2023-12-18 19:17:11,173 [089733a5-f6c3-45b8-9d3f-1c158e6a3dcf-BlockDeletingService#2] INFO  interfaces.ContainerDeletionChoosingPolicyTemplate (ContainerDeletionChoosingPolicyTemplate.java:chooseContainerForBlockDeletion(85)) - Chosen 0/5000 blocks from 0 candidate containers.
2023-12-18 19:17:11,209 [ded5b85a-ec0d-4a71-9db9-83b101b9c9ad-BlockDeletingService#6] INFO  interfaces.ContainerDeletionChoosingPolicyTemplate (ContainerDeletionChoosingPolicyTemplate.java:chooseContainerForBlockDeletion(85)) - Chosen 0/5000 blocks from 0 candidate containers.
2023-12-18 19:17:11,259 [93699071-0d52-4ef3-adad-6b5a83f48fc5-BlockDeletingService#7] INFO  interfaces.ContainerDeletionChoosingPolicyTemplate (ContainerDeletionChoosingPolicyTemplate.java:chooseContainerForBlockDeletion(85)) - Chosen 0/5000 blocks from 0 candidate containers.
2023-12-18 19:17:11,273 [089733a5-f6c3-45b8-9d3f-1c158e6a3dcf-BlockDeletingService#2] INFO  interfaces.ContainerDeletionChoosingPolicyTemplate (ContainerDeletionChoosingPolicyTemplate.java:chooseContainerForBlockDeletion(85)) - Chosen 0/5000 blocks from 0 candidate containers.
2023-12-18 19:17:11,309 [ded5b85a-ec0d-4a71-9db9-83b101b9c9ad-BlockDeletingService#6] INFO  interfaces.ContainerDeletionChoosingPolicyTemplate (ContainerDeletionChoosingPolicyTemplate.java:chooseContainerForBlockDeletion(85)) - Chosen 0/5000 blocks from 0 candidate containers.
2023-12-18 19:17:11,359 [93699071-0d52-4ef3-adad-6b5a83f48fc5-BlockDeletingService#7] INFO  interfaces.ContainerDeletionChoosingPolicyTemplate (ContainerDeletionChoosingPolicyTemplate.java:chooseContainerForBlockDeletion(85)) - Chosen 0/5000 blocks from 0 candidate containers.
2023-12-18 19:17:11,373 [089733a5-f6c3-45b8-9d3f-1c158e6a3dcf-BlockDeletingService#2] INFO  interfaces.ContainerDeletionChoosingPolicyTemplate (ContainerDeletionChoosingPolicyTemplate.java:chooseContainerForBlockDeletion(85)) - Chosen 0/5000 blocks from 0 candidate containers.
2023-12-18 19:17:11,409 [ded5b85a-ec0d-4a71-9db9-83b101b9c9ad-BlockDeletingService#6] INFO  interfaces.ContainerDeletionChoosingPolicyTemplate (ContainerDeletionChoosingPolicyTemplate.java:chooseContainerForBlockDeletion(85)) - Chosen 0/5000 blocks from 0 candidate containers.
2023-12-18 19:17:11,459 [93699071-0d52-4ef3-adad-6b5a83f48fc5-BlockDeletingService#7] INFO  interfaces.ContainerDeletionChoosingPolicyTemplate (ContainerDeletionChoosingPolicyTemplate.java:chooseContainerForBlockDeletion(85)) - Chosen 0/5000 blocks from 0 candidate containers.
2023-12-18 19:17:11,473 [089733a5-f6c3-45b8-9d3f-1c158e6a3dcf-BlockDeletingService#2] INFO  interfaces.ContainerDeletionChoosingPolicyTemplate (ContainerDeletionChoosingPolicyTemplate.java:chooseContainerForBlockDeletion(85)) - Chosen 0/5000 blocks from 0 candidate containers.
2023-12-18 19:17:11,510 [ded5b85a-ec0d-4a71-9db9-83b101b9c9ad-BlockDeletingService#6] INFO  interfaces.ContainerDeletionChoosingPolicyTemplate (ContainerDeletionChoosingPolicyTemplate.java:chooseContainerForBlockDeletion(85)) - Chosen 0/5000 blocks from 0 candidate containers.
2023-12-18 19:17:11,559 [93699071-0d52-4ef3-adad-6b5a83f48fc5-BlockDeletingService#7] INFO  interfaces.ContainerDeletionChoosingPolicyTemplate (ContainerDeletionChoosingPolicyTemplate.java:chooseContainerForBlockDeletion(85)) - Chosen 0/5000 blocks from 0 candidate containers.
2023-12-18 19:17:11,573 [089733a5-f6c3-45b8-9d3f-1c158e6a3dcf-BlockDeletingService#2] INFO  interfaces.ContainerDeletionChoosingPolicyTemplate (ContainerDeletionChoosingPolicyTemplate.java:chooseContainerForBlockDeletion(85)) - Chosen 0/5000 blocks from 0 candidate containers.
2023-12-18 19:17:11,610 [ded5b85a-ec0d-4a71-9db9-83b101b9c9ad-BlockDeletingService#6] INFO  interfaces.ContainerDeletionChoosingPolicyTemplate (ContainerDeletionChoosingPolicyTemplate.java:chooseContainerForBlockDeletion(85)) - Chosen 0/5000 blocks from 0 candidate containers.
2023-12-18 19:17:11,659 [93699071-0d52-4ef3-adad-6b5a83f48fc5-BlockDeletingService#7] INFO  interfaces.ContainerDeletionChoosingPolicyTemplate (ContainerDeletionChoosingPolicyTemplate.java:chooseContainerForBlockDeletion(85)) - Chosen 0/5000 blocks from 0 candidate containers.
2023-12-18 19:17:11,673 [089733a5-f6c3-45b8-9d3f-1c158e6a3dcf-BlockDeletingService#2] INFO  interfaces.ContainerDeletionChoosingPolicyTemplate (ContainerDeletionChoosingPolicyTemplate.java:chooseContainerForBlockDeletion(85)) - Chosen 0/5000 blocks from 0 candidate containers.
2023-12-18 19:17:11,708 [ded5b85a-ec0d-4a71-9db9-83b101b9c9ad@group-13FB7AFFB456-FollowerState] INFO  impl.FollowerState (FollowerState.java:run(143)) - ded5b85a-ec0d-4a71-9db9-83b101b9c9ad@group-13FB7AFFB456-FollowerState: change to CANDIDATE, lastRpcElapsedTime:5056173735ns, electionTimeout:5051ms
2023-12-18 19:17:11,708 [ded5b85a-ec0d-4a71-9db9-83b101b9c9ad@group-13FB7AFFB456-FollowerState] INFO  impl.RoleInfo (RoleInfo.java:shutdownFollowerState(110)) - ded5b85a-ec0d-4a71-9db9-83b101b9c9ad: shutdown ded5b85a-ec0d-4a71-9db9-83b101b9c9ad@group-13FB7AFFB456-FollowerState
2023-12-18 19:17:11,708 [ded5b85a-ec0d-4a71-9db9-83b101b9c9ad@group-13FB7AFFB456-FollowerState] INFO  server.RaftServer$Division (RaftServerImpl.java:setRole(379)) - ded5b85a-ec0d-4a71-9db9-83b101b9c9ad@group-13FB7AFFB456: changes role from  FOLLOWER to CANDIDATE at term 0 for changeToCandidate
2023-12-18 19:17:11,708 [ded5b85a-ec0d-4a71-9db9-83b101b9c9ad@group-13FB7AFFB456-FollowerState] INFO  server.RaftServerConfigKeys (ConfUtils.java:logGet(46)) - raft.server.leaderelection.pre-vote = true (default)
2023-12-18 19:17:11,708 [ded5b85a-ec0d-4a71-9db9-83b101b9c9ad@group-13FB7AFFB456-FollowerState] INFO  impl.RoleInfo (RoleInfo.java:updateAndGet(139)) - ded5b85a-ec0d-4a71-9db9-83b101b9c9ad: start ded5b85a-ec0d-4a71-9db9-83b101b9c9ad@group-13FB7AFFB456-LeaderElection2
2023-12-18 19:17:11,709 [ded5b85a-ec0d-4a71-9db9-83b101b9c9ad@group-13FB7AFFB456-LeaderElection2] INFO  impl.LeaderElection (LeaderElection.java:askForVotes(323)) - ded5b85a-ec0d-4a71-9db9-83b101b9c9ad@group-13FB7AFFB456-LeaderElection2 PRE_VOTE round 0: submit vote requests at term 0 for -1: peers:[ded5b85a-ec0d-4a71-9db9-83b101b9c9ad|10.1.0.24:15014]|listeners:[], old=null
2023-12-18 19:17:11,709 [ded5b85a-ec0d-4a71-9db9-83b101b9c9ad@group-13FB7AFFB456-LeaderElection2] INFO  impl.LeaderElection (LeaderElection.java:askForVotes(325)) - ded5b85a-ec0d-4a71-9db9-83b101b9c9ad@group-13FB7AFFB456-LeaderElection2 PRE_VOTE round 0: result PASSED (term=0)
2023-12-18 19:17:11,710 [ded5b85a-ec0d-4a71-9db9-83b101b9c9ad-BlockDeletingService#6] INFO  interfaces.ContainerDeletionChoosingPolicyTemplate (ContainerDeletionChoosingPolicyTemplate.java:chooseContainerForBlockDeletion(85)) - Chosen 0/5000 blocks from 0 candidate containers.
2023-12-18 19:17:11,711 [ded5b85a-ec0d-4a71-9db9-83b101b9c9ad@group-13FB7AFFB456-LeaderElection2] INFO  impl.LeaderElection (LeaderElection.java:askForVotes(323)) - ded5b85a-ec0d-4a71-9db9-83b101b9c9ad@group-13FB7AFFB456-LeaderElection2 ELECTION round 0: submit vote requests at term 1 for -1: peers:[ded5b85a-ec0d-4a71-9db9-83b101b9c9ad|10.1.0.24:15014]|listeners:[], old=null
2023-12-18 19:17:11,711 [ded5b85a-ec0d-4a71-9db9-83b101b9c9ad@group-13FB7AFFB456-LeaderElection2] INFO  impl.LeaderElection (LeaderElection.java:askForVotes(325)) - ded5b85a-ec0d-4a71-9db9-83b101b9c9ad@group-13FB7AFFB456-LeaderElection2 ELECTION round 0: result PASSED (term=1)
2023-12-18 19:17:11,711 [ded5b85a-ec0d-4a71-9db9-83b101b9c9ad@group-13FB7AFFB456-LeaderElection2] INFO  impl.RoleInfo (RoleInfo.java:shutdownLeaderElection(130)) - ded5b85a-ec0d-4a71-9db9-83b101b9c9ad: shutdown ded5b85a-ec0d-4a71-9db9-83b101b9c9ad@group-13FB7AFFB456-LeaderElection2
2023-12-18 19:17:11,711 [ded5b85a-ec0d-4a71-9db9-83b101b9c9ad@group-13FB7AFFB456-LeaderElection2] INFO  server.RaftServer$Division (RaftServerImpl.java:setRole(379)) - ded5b85a-ec0d-4a71-9db9-83b101b9c9ad@group-13FB7AFFB456: changes role from CANDIDATE to LEADER at term 1 for changeToLeader
2023-12-18 19:17:11,711 [ded5b85a-ec0d-4a71-9db9-83b101b9c9ad@group-13FB7AFFB456-LeaderElection2] INFO  server.RaftServerConfigKeys (ConfUtils.java:logGet(46)) - raft.server.staging.catchup.gap = 1000 (default)
2023-12-18 19:17:11,711 [ded5b85a-ec0d-4a71-9db9-83b101b9c9ad@group-13FB7AFFB456-LeaderElection2] INFO  server.RaftServerConfigKeys (ConfUtils.java:logGet(46)) - raft.server.write.element-limit = 1024 (custom)
2023-12-18 19:17:11,711 [ded5b85a-ec0d-4a71-9db9-83b101b9c9ad@group-13FB7AFFB456-LeaderElection2] INFO  server.RaftServerConfigKeys (ConfUtils.java:logGet(46)) - raft.server.write.byte-limit = 1024 M (=1073741824) (custom)
2023-12-18 19:17:11,712 [ded5b85a-ec0d-4a71-9db9-83b101b9c9ad@group-13FB7AFFB456-LeaderElection2] INFO  server.RaftServerConfigKeys (ConfUtils.java:logGet(46)) - raft.server.watch.timeout = 3000ms (custom)
2023-12-18 19:17:11,712 [ded5b85a-ec0d-4a71-9db9-83b101b9c9ad@group-13FB7AFFB456-LeaderElection2] INFO  server.RaftServerConfigKeys (ConfUtils.java:logGet(46)) - raft.server.watch.timeout.denomination = 1s (default)
2023-12-18 19:17:11,712 [ded5b85a-ec0d-4a71-9db9-83b101b9c9ad@group-13FB7AFFB456-LeaderElection2] INFO  server.RaftServerConfigKeys (ConfUtils.java:logGet(46)) - raft.server.watch.element-limit = 65536 (default)
2023-12-18 19:17:11,712 [ded5b85a-ec0d-4a71-9db9-83b101b9c9ad@group-13FB7AFFB456-LeaderElection2] INFO  server.RaftServerConfigKeys (ConfUtils.java:logGet(46)) - raft.server.read.leader.lease.enabled = false (default)
2023-12-18 19:17:11,712 [ded5b85a-ec0d-4a71-9db9-83b101b9c9ad@group-13FB7AFFB456-LeaderElection2] INFO  server.RaftServerConfigKeys (ConfUtils.java:logGet(46)) - raft.server.read.leader.lease.timeout.ratio = 0.9 (default)
2023-12-18 19:17:11,712 [ded5b85a-ec0d-4a71-9db9-83b101b9c9ad@group-13FB7AFFB456-LeaderElection2] INFO  server.RaftServerConfigKeys (ConfUtils.java:logGet(46)) - raft.server.rpc.timeout.min = 5s (custom)
2023-12-18 19:17:11,712 [ded5b85a-ec0d-4a71-9db9-83b101b9c9ad@group-13FB7AFFB456-LeaderElection2] INFO  server.RaftServerConfigKeys (ConfUtils.java:logGet(46)) - raft.server.write.element-limit = 1024 (custom)
2023-12-18 19:17:11,713 [ded5b85a-ec0d-4a71-9db9-83b101b9c9ad@group-13FB7AFFB456-LeaderElection2] INFO  server.RaftServerConfigKeys (ConfUtils.java:logGet(46)) - raft.server.write.follower.gap.ratio.max = -1.0 (default)
2023-12-18 19:17:11,713 [ded5b85a-ec0d-4a71-9db9-83b101b9c9ad@group-13FB7AFFB456-LeaderElection2] INFO  impl.RoleInfo (RoleInfo.java:updateAndGet(139)) - ded5b85a-ec0d-4a71-9db9-83b101b9c9ad: start ded5b85a-ec0d-4a71-9db9-83b101b9c9ad@group-13FB7AFFB456-LeaderStateImpl
2023-12-18 19:17:11,713 [ded5b85a-ec0d-4a71-9db9-83b101b9c9ad@group-13FB7AFFB456-LeaderElection2] INFO  server.RaftServer$Division (RaftServerImpl.java:setFirstElection(564)) - ded5b85a-ec0d-4a71-9db9-83b101b9c9ad@group-13FB7AFFB456: set firstElectionSinceStartup to false for becomeLeader
2023-12-18 19:17:11,713 [ded5b85a-ec0d-4a71-9db9-83b101b9c9ad@group-13FB7AFFB456-LeaderElection2] INFO  ratis.XceiverServerRatis (XceiverServerRatis.java:handleLeaderChangedNotification(935)) - Leader change notification received for group: group-13FB7AFFB456 with new leaderId: ded5b85a-ec0d-4a71-9db9-83b101b9c9ad
2023-12-18 19:17:11,713 [ded5b85a-ec0d-4a71-9db9-83b101b9c9ad@group-13FB7AFFB456-LeaderElection2] INFO  server.RaftServer$Division (ServerState.java:setLeader(265)) - ded5b85a-ec0d-4a71-9db9-83b101b9c9ad@group-13FB7AFFB456: change Leader from null to ded5b85a-ec0d-4a71-9db9-83b101b9c9ad at term 1 for becomeLeader, leader elected after 5119ms
2023-12-18 19:17:11,713 [ded5b85a-ec0d-4a71-9db9-83b101b9c9ad@group-13FB7AFFB456-LeaderElection2] INFO  segmented.SegmentedRaftLogWorker (SegmentedRaftLogWorker.java:startLogSegment(428)) - ded5b85a-ec0d-4a71-9db9-83b101b9c9ad@group-13FB7AFFB456-SegmentedRaftLogWorker: Starting segment from index:0
2023-12-18 19:17:11,714 [ded5b85a-ec0d-4a71-9db9-83b101b9c9ad@group-13FB7AFFB456-LeaderElection2] INFO  server.RaftServer$Division (ServerState.java:setRaftConf(382)) - ded5b85a-ec0d-4a71-9db9-83b101b9c9ad@group-13FB7AFFB456: set configuration 0: peers:[ded5b85a-ec0d-4a71-9db9-83b101b9c9ad|10.1.0.24:15014]|listeners:[], old=null
2023-12-18 19:17:11,719 [EventQueue-OpenPipelineForHealthyPipelineSafeModeRule] INFO  safemode.SCMSafeModeManager (HealthyPipelineSafeModeRule.java:process(140)) - SCM in safe mode. Healthy pipelines reported count is 0, required healthy pipeline reported count is 1
2023-12-18 19:17:11,725 [ded5b85a-ec0d-4a71-9db9-83b101b9c9ad@group-13FB7AFFB456-SegmentedRaftLogWorker] INFO  segmented.SegmentedRaftLogWorker (SegmentedRaftLogWorker.java:execute(632)) - ded5b85a-ec0d-4a71-9db9-83b101b9c9ad@group-13FB7AFFB456-SegmentedRaftLogWorker: created new log segment /home/runner/work/ozone/ozone/hadoop-ozone/integration-test/target/test-dir/MiniOzoneClusterImpl-15bbe3be-e687-4529-b164-2adc82dffbd7/datanode-0/data/ratis/c9eefd44-24be-414c-a29f-13fb7affb456/current/log_inprogress_0
2023-12-18 19:17:11,726 [ded5b85a-ec0d-4a71-9db9-83b101b9c9ad@group-13FB7AFFB456-StateMachineUpdater] INFO  server.RaftServer$Division (LeaderStateImpl.java:isApplied(316)) - leader is ready since appliedIndex == 0 >= startIndex == 0
2023-12-18 19:17:11,760 [93699071-0d52-4ef3-adad-6b5a83f48fc5-BlockDeletingService#7] INFO  interfaces.ContainerDeletionChoosingPolicyTemplate (ContainerDeletionChoosingPolicyTemplate.java:chooseContainerForBlockDeletion(85)) - Chosen 0/5000 blocks from 0 candidate containers.
2023-12-18 19:17:11,773 [089733a5-f6c3-45b8-9d3f-1c158e6a3dcf-BlockDeletingService#2] INFO  interfaces.ContainerDeletionChoosingPolicyTemplate (ContainerDeletionChoosingPolicyTemplate.java:chooseContainerForBlockDeletion(85)) - Chosen 0/5000 blocks from 0 candidate containers.
2023-12-18 19:17:11,810 [ded5b85a-ec0d-4a71-9db9-83b101b9c9ad-BlockDeletingService#6] INFO  interfaces.ContainerDeletionChoosingPolicyTemplate (ContainerDeletionChoosingPolicyTemplate.java:chooseContainerForBlockDeletion(85)) - Chosen 0/5000 blocks from 0 candidate containers.
2023-12-18 19:17:11,811 [main] INFO  ozone.MiniOzoneClusterImpl (MiniOzoneClusterImpl.java:lambda$waitForClusterToBeReady$0(230)) - Nodes are ready. Got 3 of 3 DN Heartbeats.
2023-12-18 19:17:11,811 [main] INFO  ozone.MiniOzoneClusterImpl (MiniOzoneClusterImpl.java:lambda$waitForClusterToBeReady$0(233)) - Waiting for cluster to exit safe mode
2023-12-18 19:17:11,811 [main] INFO  ozone.MiniOzoneClusterImpl (MiniOzoneClusterImpl.java:lambda$waitForClusterToBeReady$0(235)) - SCM became leader
2023-12-18 19:17:11,813 [ded5b85a-ec0d-4a71-9db9-83b101b9c9ad@group-40B91FD49D0E-FollowerState] INFO  impl.FollowerState (FollowerState.java:run(143)) - ded5b85a-ec0d-4a71-9db9-83b101b9c9ad@group-40B91FD49D0E-FollowerState: change to CANDIDATE, lastRpcElapsedTime:5118563949ns, electionTimeout:5114ms
2023-12-18 19:17:11,814 [ded5b85a-ec0d-4a71-9db9-83b101b9c9ad@group-40B91FD49D0E-FollowerState] INFO  impl.RoleInfo (RoleInfo.java:shutdownFollowerState(110)) - ded5b85a-ec0d-4a71-9db9-83b101b9c9ad: shutdown ded5b85a-ec0d-4a71-9db9-83b101b9c9ad@group-40B91FD49D0E-FollowerState
2023-12-18 19:17:11,814 [ded5b85a-ec0d-4a71-9db9-83b101b9c9ad@group-40B91FD49D0E-FollowerState] INFO  server.RaftServer$Division (RaftServerImpl.java:setRole(379)) - ded5b85a-ec0d-4a71-9db9-83b101b9c9ad@group-40B91FD49D0E: changes role from  FOLLOWER to CANDIDATE at term 0 for changeToCandidate
2023-12-18 19:17:11,816 [ded5b85a-ec0d-4a71-9db9-83b101b9c9ad@group-40B91FD49D0E-FollowerState] INFO  server.RaftServerConfigKeys (ConfUtils.java:logGet(46)) - raft.server.leaderelection.pre-vote = true (default)
2023-12-18 19:17:11,816 [ded5b85a-ec0d-4a71-9db9-83b101b9c9ad@group-40B91FD49D0E-FollowerState] INFO  impl.RoleInfo (RoleInfo.java:updateAndGet(139)) - ded5b85a-ec0d-4a71-9db9-83b101b9c9ad: start ded5b85a-ec0d-4a71-9db9-83b101b9c9ad@group-40B91FD49D0E-LeaderElection3
2023-12-18 19:17:11,817 [089733a5-f6c3-45b8-9d3f-1c158e6a3dcf@group-F61556258A95-FollowerState] INFO  impl.FollowerState (FollowerState.java:run(143)) - 089733a5-f6c3-45b8-9d3f-1c158e6a3dcf@group-F61556258A95-FollowerState: change to CANDIDATE, lastRpcElapsedTime:5046136048ns, electionTimeout:5039ms
2023-12-18 19:17:11,817 [089733a5-f6c3-45b8-9d3f-1c158e6a3dcf@group-F61556258A95-FollowerState] INFO  impl.RoleInfo (RoleInfo.java:shutdownFollowerState(110)) - 089733a5-f6c3-45b8-9d3f-1c158e6a3dcf: shutdown 089733a5-f6c3-45b8-9d3f-1c158e6a3dcf@group-F61556258A95-FollowerState
2023-12-18 19:17:11,817 [089733a5-f6c3-45b8-9d3f-1c158e6a3dcf@group-F61556258A95-FollowerState] INFO  server.RaftServer$Division (RaftServerImpl.java:setRole(379)) - 089733a5-f6c3-45b8-9d3f-1c158e6a3dcf@group-F61556258A95: changes role from  FOLLOWER to CANDIDATE at term 0 for changeToCandidate
2023-12-18 19:17:11,817 [089733a5-f6c3-45b8-9d3f-1c158e6a3dcf@group-F61556258A95-FollowerState] INFO  server.RaftServerConfigKeys (ConfUtils.java:logGet(46)) - raft.server.leaderelection.pre-vote = true (default)
2023-12-18 19:17:11,817 [089733a5-f6c3-45b8-9d3f-1c158e6a3dcf@group-F61556258A95-FollowerState] INFO  impl.RoleInfo (RoleInfo.java:updateAndGet(139)) - 089733a5-f6c3-45b8-9d3f-1c158e6a3dcf: start 089733a5-f6c3-45b8-9d3f-1c158e6a3dcf@group-F61556258A95-LeaderElection4
2023-12-18 19:17:11,819 [ded5b85a-ec0d-4a71-9db9-83b101b9c9ad@group-40B91FD49D0E-LeaderElection3] INFO  impl.LeaderElection (LeaderElection.java:askForVotes(323)) - ded5b85a-ec0d-4a71-9db9-83b101b9c9ad@group-40B91FD49D0E-LeaderElection3 PRE_VOTE round 0: submit vote requests at term 0 for -1: peers:[089733a5-f6c3-45b8-9d3f-1c158e6a3dcf|10.1.0.24:15023, 93699071-0d52-4ef3-adad-6b5a83f48fc5|10.1.0.24:15032, ded5b85a-ec0d-4a71-9db9-83b101b9c9ad|10.1.0.24:15014]|listeners:[], old=null
2023-12-18 19:17:11,819 [089733a5-f6c3-45b8-9d3f-1c158e6a3dcf@group-F61556258A95-LeaderElection4] INFO  impl.LeaderElection (LeaderElection.java:askForVotes(323)) - 089733a5-f6c3-45b8-9d3f-1c158e6a3dcf@group-F61556258A95-LeaderElection4 PRE_VOTE round 0: submit vote requests at term 0 for -1: peers:[089733a5-f6c3-45b8-9d3f-1c158e6a3dcf|10.1.0.24:15023]|listeners:[], old=null
2023-12-18 19:17:11,820 [089733a5-f6c3-45b8-9d3f-1c158e6a3dcf@group-F61556258A95-LeaderElection4] INFO  impl.LeaderElection (LeaderElection.java:askForVotes(325)) - 089733a5-f6c3-45b8-9d3f-1c158e6a3dcf@group-F61556258A95-LeaderElection4 PRE_VOTE round 0: result PASSED (term=0)
2023-12-18 19:17:11,822 [089733a5-f6c3-45b8-9d3f-1c158e6a3dcf@group-F61556258A95-LeaderElection4] INFO  impl.LeaderElection (LeaderElection.java:askForVotes(323)) - 089733a5-f6c3-45b8-9d3f-1c158e6a3dcf@group-F61556258A95-LeaderElection4 ELECTION round 0: submit vote requests at term 1 for -1: peers:[089733a5-f6c3-45b8-9d3f-1c158e6a3dcf|10.1.0.24:15023]|listeners:[], old=null
2023-12-18 19:17:11,822 [089733a5-f6c3-45b8-9d3f-1c158e6a3dcf@group-F61556258A95-LeaderElection4] INFO  impl.LeaderElection (LeaderElection.java:askForVotes(325)) - 089733a5-f6c3-45b8-9d3f-1c158e6a3dcf@group-F61556258A95-LeaderElection4 ELECTION round 0: result PASSED (term=1)
2023-12-18 19:17:11,822 [089733a5-f6c3-45b8-9d3f-1c158e6a3dcf@group-F61556258A95-LeaderElection4] INFO  impl.RoleInfo (RoleInfo.java:shutdownLeaderElection(130)) - 089733a5-f6c3-45b8-9d3f-1c158e6a3dcf: shutdown 089733a5-f6c3-45b8-9d3f-1c158e6a3dcf@group-F61556258A95-LeaderElection4
2023-12-18 19:17:11,822 [089733a5-f6c3-45b8-9d3f-1c158e6a3dcf@group-F61556258A95-LeaderElection4] INFO  server.RaftServer$Division (RaftServerImpl.java:setRole(379)) - 089733a5-f6c3-45b8-9d3f-1c158e6a3dcf@group-F61556258A95: changes role from CANDIDATE to LEADER at term 1 for changeToLeader
2023-12-18 19:17:11,822 [089733a5-f6c3-45b8-9d3f-1c158e6a3dcf@group-F61556258A95-LeaderElection4] INFO  server.RaftServerConfigKeys (ConfUtils.java:logGet(46)) - raft.server.staging.catchup.gap = 1000 (default)
2023-12-18 19:17:11,823 [089733a5-f6c3-45b8-9d3f-1c158e6a3dcf@group-F61556258A95-LeaderElection4] INFO  server.RaftServerConfigKeys (ConfUtils.java:logGet(46)) - raft.server.write.element-limit = 1024 (custom)
2023-12-18 19:17:11,823 [089733a5-f6c3-45b8-9d3f-1c158e6a3dcf@group-F61556258A95-LeaderElection4] INFO  server.RaftServerConfigKeys (ConfUtils.java:logGet(46)) - raft.server.write.byte-limit = 1024 M (=1073741824) (custom)
2023-12-18 19:17:11,823 [089733a5-f6c3-45b8-9d3f-1c158e6a3dcf@group-F61556258A95-LeaderElection4] INFO  server.RaftServerConfigKeys (ConfUtils.java:logGet(46)) - raft.server.watch.timeout = 3000ms (custom)
2023-12-18 19:17:11,823 [089733a5-f6c3-45b8-9d3f-1c158e6a3dcf@group-F61556258A95-LeaderElection4] INFO  server.RaftServerConfigKeys (ConfUtils.java:logGet(46)) - raft.server.watch.timeout.denomination = 1s (default)
2023-12-18 19:17:11,823 [089733a5-f6c3-45b8-9d3f-1c158e6a3dcf@group-F61556258A95-LeaderElection4] INFO  server.RaftServerConfigKeys (ConfUtils.java:logGet(46)) - raft.server.watch.element-limit = 65536 (default)
2023-12-18 19:17:11,824 [089733a5-f6c3-45b8-9d3f-1c158e6a3dcf@group-F61556258A95-LeaderElection4] INFO  server.RaftServerConfigKeys (ConfUtils.java:logGet(46)) - raft.server.read.leader.lease.enabled = false (default)
2023-12-18 19:17:11,824 [089733a5-f6c3-45b8-9d3f-1c158e6a3dcf@group-F61556258A95-LeaderElection4] INFO  server.RaftServerConfigKeys (ConfUtils.java:logGet(46)) - raft.server.read.leader.lease.timeout.ratio = 0.9 (default)
2023-12-18 19:17:11,824 [089733a5-f6c3-45b8-9d3f-1c158e6a3dcf@group-F61556258A95-LeaderElection4] INFO  server.RaftServerConfigKeys (ConfUtils.java:logGet(46)) - raft.server.rpc.timeout.min = 5s (custom)
2023-12-18 19:17:11,824 [089733a5-f6c3-45b8-9d3f-1c158e6a3dcf@group-F61556258A95-LeaderElection4] INFO  server.RaftServerConfigKeys (ConfUtils.java:logGet(46)) - raft.server.write.element-limit = 1024 (custom)
2023-12-18 19:17:11,824 [089733a5-f6c3-45b8-9d3f-1c158e6a3dcf@group-F61556258A95-LeaderElection4] INFO  server.RaftServerConfigKeys (ConfUtils.java:logGet(46)) - raft.server.write.follower.gap.ratio.max = -1.0 (default)
2023-12-18 19:17:11,824 [089733a5-f6c3-45b8-9d3f-1c158e6a3dcf@group-F61556258A95-LeaderElection4] INFO  impl.RoleInfo (RoleInfo.java:updateAndGet(139)) - 089733a5-f6c3-45b8-9d3f-1c158e6a3dcf: start 089733a5-f6c3-45b8-9d3f-1c158e6a3dcf@group-F61556258A95-LeaderStateImpl
2023-12-18 19:17:11,824 [089733a5-f6c3-45b8-9d3f-1c158e6a3dcf@group-F61556258A95-LeaderElection4] INFO  server.RaftServer$Division (RaftServerImpl.java:setFirstElection(564)) - 089733a5-f6c3-45b8-9d3f-1c158e6a3dcf@group-F61556258A95: set firstElectionSinceStartup to false for becomeLeader
2023-12-18 19:17:11,824 [089733a5-f6c3-45b8-9d3f-1c158e6a3dcf@group-F61556258A95-LeaderElection4] INFO  ratis.XceiverServerRatis (XceiverServerRatis.java:handleLeaderChangedNotification(935)) - Leader change notification received for group: group-F61556258A95 with new leaderId: 089733a5-f6c3-45b8-9d3f-1c158e6a3dcf
2023-12-18 19:17:11,824 [089733a5-f6c3-45b8-9d3f-1c158e6a3dcf@group-F61556258A95-LeaderElection4] INFO  server.RaftServer$Division (ServerState.java:setLeader(265)) - 089733a5-f6c3-45b8-9d3f-1c158e6a3dcf@group-F61556258A95: change Leader from null to 089733a5-f6c3-45b8-9d3f-1c158e6a3dcf at term 1 for becomeLeader, leader elected after 5101ms
2023-12-18 19:17:11,825 [089733a5-f6c3-45b8-9d3f-1c158e6a3dcf@group-F61556258A95-LeaderElection4] INFO  segmented.SegmentedRaftLogWorker (SegmentedRaftLogWorker.java:startLogSegment(428)) - 089733a5-f6c3-45b8-9d3f-1c158e6a3dcf@group-F61556258A95-SegmentedRaftLogWorker: Starting segment from index:0
2023-12-18 19:17:11,826 [ded5b85a-ec0d-4a71-9db9-83b101b9c9ad@group-40B91FD49D0E-LeaderElection3] INFO  server.RaftServerConfigKeys (ConfUtils.java:logFallback(53)) - raft.server.rpc.first-election.timeout.min = 5s (fallback to raft.server.rpc.timeout.min)
2023-12-18 19:17:11,830 [ded5b85a-ec0d-4a71-9db9-83b101b9c9ad@group-40B91FD49D0E-LeaderElection3-1] INFO  server.GrpcServerProtocolClient (GrpcServerProtocolClient.java:<init>(65)) - Build channel for 089733a5-f6c3-45b8-9d3f-1c158e6a3dcf
2023-12-18 19:17:11,830 [ded5b85a-ec0d-4a71-9db9-83b101b9c9ad@group-40B91FD49D0E-LeaderElection3] INFO  server.RaftServerConfigKeys (ConfUtils.java:logFallback(53)) - raft.server.rpc.first-election.timeout.max = 5200ms (fallback to raft.server.rpc.timeout.max)
2023-12-18 19:17:11,829 [EventQueue-OpenPipelineForHealthyPipelineSafeModeRule] INFO  safemode.SCMSafeModeManager (HealthyPipelineSafeModeRule.java:process(140)) - SCM in safe mode. Healthy pipelines reported count is 0, required healthy pipeline reported count is 1
2023-12-18 19:17:11,827 [089733a5-f6c3-45b8-9d3f-1c158e6a3dcf@group-F61556258A95-LeaderElection4] INFO  server.RaftServer$Division (ServerState.java:setRaftConf(382)) - 089733a5-f6c3-45b8-9d3f-1c158e6a3dcf@group-F61556258A95: set configuration 0: peers:[089733a5-f6c3-45b8-9d3f-1c158e6a3dcf|10.1.0.24:15023]|listeners:[], old=null
2023-12-18 19:17:11,833 [089733a5-f6c3-45b8-9d3f-1c158e6a3dcf@group-F61556258A95-SegmentedRaftLogWorker] INFO  segmented.SegmentedRaftLogWorker (SegmentedRaftLogWorker.java:execute(632)) - 089733a5-f6c3-45b8-9d3f-1c158e6a3dcf@group-F61556258A95-SegmentedRaftLogWorker: created new log segment /home/runner/work/ozone/ozone/hadoop-ozone/integration-test/target/test-dir/MiniOzoneClusterImpl-15bbe3be-e687-4529-b164-2adc82dffbd7/datanode-1/data/ratis/2dc5e537-a3cf-4f99-956d-f61556258a95/current/log_inprogress_0
2023-12-18 19:17:11,833 [ded5b85a-ec0d-4a71-9db9-83b101b9c9ad@group-40B91FD49D0E-LeaderElection3-2] INFO  server.GrpcServerProtocolClient (GrpcServerProtocolClient.java:<init>(65)) - Build channel for 93699071-0d52-4ef3-adad-6b5a83f48fc5
2023-12-18 19:17:11,835 [089733a5-f6c3-45b8-9d3f-1c158e6a3dcf@group-F61556258A95-StateMachineUpdater] INFO  server.RaftServer$Division (LeaderStateImpl.java:isApplied(316)) - leader is ready since appliedIndex == 0 >= startIndex == 0
2023-12-18 19:17:11,855 [grpc-default-executor-0] INFO  server.RaftServer$Division (RaftServerImpl.java:requestVote(1377)) - 089733a5-f6c3-45b8-9d3f-1c158e6a3dcf@group-40B91FD49D0E: receive requestVote(PRE_VOTE, ded5b85a-ec0d-4a71-9db9-83b101b9c9ad, group-40B91FD49D0E, 0, (t:0, i:0))
2023-12-18 19:17:11,855 [grpc-default-executor-2] INFO  server.RaftServer$Division (RaftServerImpl.java:requestVote(1377)) - 93699071-0d52-4ef3-adad-6b5a83f48fc5@group-40B91FD49D0E: receive requestVote(PRE_VOTE, ded5b85a-ec0d-4a71-9db9-83b101b9c9ad, group-40B91FD49D0E, 0, (t:0, i:0))
2023-12-18 19:17:11,857 [grpc-default-executor-0] INFO  impl.VoteContext (VoteContext.java:log(49)) - 089733a5-f6c3-45b8-9d3f-1c158e6a3dcf@group-40B91FD49D0E-FOLLOWER: reject PRE_VOTE from ded5b85a-ec0d-4a71-9db9-83b101b9c9ad: our priority 1 > candidate's priority 0
2023-12-18 19:17:11,860 [93699071-0d52-4ef3-adad-6b5a83f48fc5-BlockDeletingService#7] INFO  interfaces.ContainerDeletionChoosingPolicyTemplate (ContainerDeletionChoosingPolicyTemplate.java:chooseContainerForBlockDeletion(85)) - Chosen 0/5000 blocks from 0 candidate containers.
2023-12-18 19:17:11,858 [grpc-default-executor-2] INFO  impl.VoteContext (VoteContext.java:log(49)) - 93699071-0d52-4ef3-adad-6b5a83f48fc5@group-40B91FD49D0E-FOLLOWER: accept PRE_VOTE from ded5b85a-ec0d-4a71-9db9-83b101b9c9ad: our priority 0 <= candidate's priority 0
2023-12-18 19:17:11,864 [grpc-default-executor-2] INFO  server.RaftServer$Division (RaftServerImpl.java:requestVote(1410)) - 93699071-0d52-4ef3-adad-6b5a83f48fc5@group-40B91FD49D0E replies to PRE_VOTE vote request: ded5b85a-ec0d-4a71-9db9-83b101b9c9ad<-93699071-0d52-4ef3-adad-6b5a83f48fc5#0:OK-t0. Peer's state: 93699071-0d52-4ef3-adad-6b5a83f48fc5@group-40B91FD49D0E:t0, leader=null, voted=, raftlog=Memoized:93699071-0d52-4ef3-adad-6b5a83f48fc5@group-40B91FD49D0E-SegmentedRaftLog:OPENED:c-1, conf=-1: peers:[089733a5-f6c3-45b8-9d3f-1c158e6a3dcf|10.1.0.24:15023, 93699071-0d52-4ef3-adad-6b5a83f48fc5|10.1.0.24:15032, ded5b85a-ec0d-4a71-9db9-83b101b9c9ad|10.1.0.24:15014]|listeners:[], old=null
2023-12-18 19:17:11,865 [grpc-default-executor-0] INFO  server.RaftServer$Division (RaftServerImpl.java:requestVote(1410)) - 089733a5-f6c3-45b8-9d3f-1c158e6a3dcf@group-40B91FD49D0E replies to PRE_VOTE vote request: ded5b85a-ec0d-4a71-9db9-83b101b9c9ad<-089733a5-f6c3-45b8-9d3f-1c158e6a3dcf#0:FAIL-t0. Peer's state: 089733a5-f6c3-45b8-9d3f-1c158e6a3dcf@group-40B91FD49D0E:t0, leader=null, voted=, raftlog=Memoized:089733a5-f6c3-45b8-9d3f-1c158e6a3dcf@group-40B91FD49D0E-SegmentedRaftLog:OPENED:c-1, conf=-1: peers:[089733a5-f6c3-45b8-9d3f-1c158e6a3dcf|10.1.0.24:15023, 93699071-0d52-4ef3-adad-6b5a83f48fc5|10.1.0.24:15032, ded5b85a-ec0d-4a71-9db9-83b101b9c9ad|10.1.0.24:15014]|listeners:[], old=null
2023-12-18 19:17:11,869 [ded5b85a-ec0d-4a71-9db9-83b101b9c9ad@group-40B91FD49D0E-LeaderElection3] INFO  impl.LeaderElection (LeaderElection.java:logAndReturn(89)) - ded5b85a-ec0d-4a71-9db9-83b101b9c9ad@group-40B91FD49D0E-LeaderElection3: PRE_VOTE REJECTED received 2 response(s) and 0 exception(s):
2023-12-18 19:17:11,870 [ded5b85a-ec0d-4a71-9db9-83b101b9c9ad@group-40B91FD49D0E-LeaderElection3] INFO  impl.LeaderElection (LeaderElection.java:logAndReturn(93)) -   Response 0: ded5b85a-ec0d-4a71-9db9-83b101b9c9ad<-089733a5-f6c3-45b8-9d3f-1c158e6a3dcf#0:FAIL-t0
2023-12-18 19:17:11,870 [ded5b85a-ec0d-4a71-9db9-83b101b9c9ad@group-40B91FD49D0E-LeaderElection3] INFO  impl.LeaderElection (LeaderElection.java:logAndReturn(93)) -   Response 1: ded5b85a-ec0d-4a71-9db9-83b101b9c9ad<-93699071-0d52-4ef3-adad-6b5a83f48fc5#0:OK-t0
2023-12-18 19:17:11,870 [ded5b85a-ec0d-4a71-9db9-83b101b9c9ad@group-40B91FD49D0E-LeaderElection3] INFO  impl.LeaderElection (LeaderElection.java:askForVotes(325)) - ded5b85a-ec0d-4a71-9db9-83b101b9c9ad@group-40B91FD49D0E-LeaderElection3 PRE_VOTE round 0: result REJECTED
2023-12-18 19:17:11,871 [ded5b85a-ec0d-4a71-9db9-83b101b9c9ad@group-40B91FD49D0E-LeaderElection3] INFO  server.RaftServer$Division (RaftServerImpl.java:setRole(379)) - ded5b85a-ec0d-4a71-9db9-83b101b9c9ad@group-40B91FD49D0E: changes role from CANDIDATE to FOLLOWER at term 0 for REJECTED
2023-12-18 19:17:11,871 [ded5b85a-ec0d-4a71-9db9-83b101b9c9ad@group-40B91FD49D0E-LeaderElection3] INFO  impl.RoleInfo (RoleInfo.java:shutdownLeaderElection(130)) - ded5b85a-ec0d-4a71-9db9-83b101b9c9ad: shutdown ded5b85a-ec0d-4a71-9db9-83b101b9c9ad@group-40B91FD49D0E-LeaderElection3
2023-12-18 19:17:11,871 [ded5b85a-ec0d-4a71-9db9-83b101b9c9ad@group-40B91FD49D0E-LeaderElection3] INFO  impl.RoleInfo (RoleInfo.java:updateAndGet(139)) - ded5b85a-ec0d-4a71-9db9-83b101b9c9ad: start ded5b85a-ec0d-4a71-9db9-83b101b9c9ad@group-40B91FD49D0E-FollowerState
2023-12-18 19:17:11,874 [089733a5-f6c3-45b8-9d3f-1c158e6a3dcf-BlockDeletingService#2] INFO  interfaces.ContainerDeletionChoosingPolicyTemplate (ContainerDeletionChoosingPolicyTemplate.java:chooseContainerForBlockDeletion(85)) - Chosen 0/5000 blocks from 0 candidate containers.
2023-12-18 19:17:11,874 [ded5b85a-ec0d-4a71-9db9-83b101b9c9ad@group-40B91FD49D0E-LeaderElection3] INFO  server.RaftServer$Division (RaftServerImpl.java:setFirstElection(564)) - ded5b85a-ec0d-4a71-9db9-83b101b9c9ad@group-40B91FD49D0E: set firstElectionSinceStartup to false for REJECTED
2023-12-18 19:17:11,910 [ded5b85a-ec0d-4a71-9db9-83b101b9c9ad-BlockDeletingService#6] INFO  interfaces.ContainerDeletionChoosingPolicyTemplate (ContainerDeletionChoosingPolicyTemplate.java:chooseContainerForBlockDeletion(85)) - Chosen 0/5000 blocks from 0 candidate containers.
2023-12-18 19:17:11,960 [93699071-0d52-4ef3-adad-6b5a83f48fc5-BlockDeletingService#7] INFO  interfaces.ContainerDeletionChoosingPolicyTemplate (ContainerDeletionChoosingPolicyTemplate.java:chooseContainerForBlockDeletion(85)) - Chosen 0/5000 blocks from 0 candidate containers.
2023-12-18 19:17:11,981 [089733a5-f6c3-45b8-9d3f-1c158e6a3dcf-BlockDeletingService#2] INFO  interfaces.ContainerDeletionChoosingPolicyTemplate (ContainerDeletionChoosingPolicyTemplate.java:chooseContainerForBlockDeletion(85)) - Chosen 0/5000 blocks from 0 candidate containers.
2023-12-18 19:17:12,007 [089733a5-f6c3-45b8-9d3f-1c158e6a3dcf@group-40B91FD49D0E-FollowerState] INFO  impl.FollowerState (FollowerState.java:run(143)) - 089733a5-f6c3-45b8-9d3f-1c158e6a3dcf@group-40B91FD49D0E-FollowerState: change to CANDIDATE, lastRpcElapsedTime:5186182440ns, electionTimeout:5185ms
2023-12-18 19:17:12,007 [089733a5-f6c3-45b8-9d3f-1c158e6a3dcf@group-40B91FD49D0E-FollowerState] INFO  impl.RoleInfo (RoleInfo.java:shutdownFollowerState(110)) - 089733a5-f6c3-45b8-9d3f-1c158e6a3dcf: shutdown 089733a5-f6c3-45b8-9d3f-1c158e6a3dcf@group-40B91FD49D0E-FollowerState
2023-12-18 19:17:12,007 [089733a5-f6c3-45b8-9d3f-1c158e6a3dcf@group-40B91FD49D0E-FollowerState] INFO  server.RaftServer$Division (RaftServerImpl.java:setRole(379)) - 089733a5-f6c3-45b8-9d3f-1c158e6a3dcf@group-40B91FD49D0E: changes role from  FOLLOWER to CANDIDATE at term 0 for changeToCandidate
2023-12-18 19:17:12,007 [089733a5-f6c3-45b8-9d3f-1c158e6a3dcf@group-40B91FD49D0E-FollowerState] INFO  server.RaftServerConfigKeys (ConfUtils.java:logGet(46)) - raft.server.leaderelection.pre-vote = true (default)
2023-12-18 19:17:12,007 [089733a5-f6c3-45b8-9d3f-1c158e6a3dcf@group-40B91FD49D0E-FollowerState] INFO  impl.RoleInfo (RoleInfo.java:updateAndGet(139)) - 089733a5-f6c3-45b8-9d3f-1c158e6a3dcf: start 089733a5-f6c3-45b8-9d3f-1c158e6a3dcf@group-40B91FD49D0E-LeaderElection5
2023-12-18 19:17:12,007 [089733a5-f6c3-45b8-9d3f-1c158e6a3dcf@group-40B91FD49D0E-LeaderElection5] INFO  impl.LeaderElection (LeaderElection.java:askForVotes(323)) - 089733a5-f6c3-45b8-9d3f-1c158e6a3dcf@group-40B91FD49D0E-LeaderElection5 PRE_VOTE round 0: submit vote requests at term 0 for -1: peers:[089733a5-f6c3-45b8-9d3f-1c158e6a3dcf|10.1.0.24:15023, 93699071-0d52-4ef3-adad-6b5a83f48fc5|10.1.0.24:15032, ded5b85a-ec0d-4a71-9db9-83b101b9c9ad|10.1.0.24:15014]|listeners:[], old=null
2023-12-18 19:17:12,008 [089733a5-f6c3-45b8-9d3f-1c158e6a3dcf@group-40B91FD49D0E-LeaderElection5-1] INFO  server.GrpcServerProtocolClient (GrpcServerProtocolClient.java:<init>(65)) - Build channel for 93699071-0d52-4ef3-adad-6b5a83f48fc5
2023-12-18 19:17:12,008 [089733a5-f6c3-45b8-9d3f-1c158e6a3dcf@group-40B91FD49D0E-LeaderElection5] INFO  server.RaftServerConfigKeys (ConfUtils.java:logFallback(53)) - raft.server.rpc.first-election.timeout.min = 5s (fallback to raft.server.rpc.timeout.min)
2023-12-18 19:17:12,008 [089733a5-f6c3-45b8-9d3f-1c158e6a3dcf@group-40B91FD49D0E-LeaderElection5] INFO  server.RaftServerConfigKeys (ConfUtils.java:logFallback(53)) - raft.server.rpc.first-election.timeout.max = 5200ms (fallback to raft.server.rpc.timeout.max)
2023-12-18 19:17:12,008 [089733a5-f6c3-45b8-9d3f-1c158e6a3dcf@group-40B91FD49D0E-LeaderElection5-2] INFO  server.GrpcServerProtocolClient (GrpcServerProtocolClient.java:<init>(65)) - Build channel for ded5b85a-ec0d-4a71-9db9-83b101b9c9ad
2023-12-18 19:17:12,011 [ded5b85a-ec0d-4a71-9db9-83b101b9c9ad-BlockDeletingService#6] INFO  interfaces.ContainerDeletionChoosingPolicyTemplate (ContainerDeletionChoosingPolicyTemplate.java:chooseContainerForBlockDeletion(85)) - Chosen 0/5000 blocks from 0 candidate containers.
2023-12-18 19:17:12,019 [grpc-default-executor-2] INFO  server.RaftServer$Division (RaftServerImpl.java:requestVote(1377)) - ded5b85a-ec0d-4a71-9db9-83b101b9c9ad@group-40B91FD49D0E: receive requestVote(PRE_VOTE, 089733a5-f6c3-45b8-9d3f-1c158e6a3dcf, group-40B91FD49D0E, 0, (t:0, i:0))
2023-12-18 19:17:12,019 [grpc-default-executor-2] INFO  impl.VoteContext (VoteContext.java:log(49)) - ded5b85a-ec0d-4a71-9db9-83b101b9c9ad@group-40B91FD49D0E-FOLLOWER: accept PRE_VOTE from 089733a5-f6c3-45b8-9d3f-1c158e6a3dcf: our priority 0 <= candidate's priority 1
2023-12-18 19:17:12,019 [grpc-default-executor-0] INFO  server.RaftServer$Division (RaftServerImpl.java:requestVote(1377)) - 93699071-0d52-4ef3-adad-6b5a83f48fc5@group-40B91FD49D0E: receive requestVote(PRE_VOTE, 089733a5-f6c3-45b8-9d3f-1c158e6a3dcf, group-40B91FD49D0E, 0, (t:0, i:0))
2023-12-18 19:17:12,019 [grpc-default-executor-2] INFO  server.RaftServer$Division (RaftServerImpl.java:requestVote(1410)) - ded5b85a-ec0d-4a71-9db9-83b101b9c9ad@group-40B91FD49D0E replies to PRE_VOTE vote request: 089733a5-f6c3-45b8-9d3f-1c158e6a3dcf<-ded5b85a-ec0d-4a71-9db9-83b101b9c9ad#0:OK-t0. Peer's state: ded5b85a-ec0d-4a71-9db9-83b101b9c9ad@group-40B91FD49D0E:t0, leader=null, voted=, raftlog=Memoized:ded5b85a-ec0d-4a71-9db9-83b101b9c9ad@group-40B91FD49D0E-SegmentedRaftLog:OPENED:c-1, conf=-1: peers:[089733a5-f6c3-45b8-9d3f-1c158e6a3dcf|10.1.0.24:15023, 93699071-0d52-4ef3-adad-6b5a83f48fc5|10.1.0.24:15032, ded5b85a-ec0d-4a71-9db9-83b101b9c9ad|10.1.0.24:15014]|listeners:[], old=null
2023-12-18 19:17:12,020 [grpc-default-executor-0] INFO  impl.VoteContext (VoteContext.java:log(49)) - 93699071-0d52-4ef3-adad-6b5a83f48fc5@group-40B91FD49D0E-FOLLOWER: accept PRE_VOTE from 089733a5-f6c3-45b8-9d3f-1c158e6a3dcf: our priority 0 <= candidate's priority 1
2023-12-18 19:17:12,020 [grpc-default-executor-0] INFO  server.RaftServer$Division (RaftServerImpl.java:requestVote(1410)) - 93699071-0d52-4ef3-adad-6b5a83f48fc5@group-40B91FD49D0E replies to PRE_VOTE vote request: 089733a5-f6c3-45b8-9d3f-1c158e6a3dcf<-93699071-0d52-4ef3-adad-6b5a83f48fc5#0:OK-t0. Peer's state: 93699071-0d52-4ef3-adad-6b5a83f48fc5@group-40B91FD49D0E:t0, leader=null, voted=, raftlog=Memoized:93699071-0d52-4ef3-adad-6b5a83f48fc5@group-40B91FD49D0E-SegmentedRaftLog:OPENED:c-1, conf=-1: peers:[089733a5-f6c3-45b8-9d3f-1c158e6a3dcf|10.1.0.24:15023, 93699071-0d52-4ef3-adad-6b5a83f48fc5|10.1.0.24:15032, ded5b85a-ec0d-4a71-9db9-83b101b9c9ad|10.1.0.24:15014]|listeners:[], old=null
2023-12-18 19:17:12,022 [089733a5-f6c3-45b8-9d3f-1c158e6a3dcf@group-40B91FD49D0E-LeaderElection5] INFO  impl.LeaderElection (LeaderElection.java:logAndReturn(89)) - 089733a5-f6c3-45b8-9d3f-1c158e6a3dcf@group-40B91FD49D0E-LeaderElection5: PRE_VOTE PASSED received 1 response(s) and 0 exception(s):
2023-12-18 19:17:12,022 [089733a5-f6c3-45b8-9d3f-1c158e6a3dcf@group-40B91FD49D0E-LeaderElection5] INFO  impl.LeaderElection (LeaderElection.java:logAndReturn(93)) -   Response 0: 089733a5-f6c3-45b8-9d3f-1c158e6a3dcf<-ded5b85a-ec0d-4a71-9db9-83b101b9c9ad#0:OK-t0
2023-12-18 19:17:12,022 [089733a5-f6c3-45b8-9d3f-1c158e6a3dcf@group-40B91FD49D0E-LeaderElection5] INFO  impl.LeaderElection (LeaderElection.java:askForVotes(325)) - 089733a5-f6c3-45b8-9d3f-1c158e6a3dcf@group-40B91FD49D0E-LeaderElection5 PRE_VOTE round 0: result PASSED
2023-12-18 19:17:12,025 [089733a5-f6c3-45b8-9d3f-1c158e6a3dcf@group-40B91FD49D0E-LeaderElection5] INFO  impl.LeaderElection (LeaderElection.java:askForVotes(323)) - 089733a5-f6c3-45b8-9d3f-1c158e6a3dcf@group-40B91FD49D0E-LeaderElection5 ELECTION round 0: submit vote requests at term 1 for -1: peers:[089733a5-f6c3-45b8-9d3f-1c158e6a3dcf|10.1.0.24:15023, 93699071-0d52-4ef3-adad-6b5a83f48fc5|10.1.0.24:15032, ded5b85a-ec0d-4a71-9db9-83b101b9c9ad|10.1.0.24:15014]|listeners:[], old=null
2023-12-18 19:17:12,025 [089733a5-f6c3-45b8-9d3f-1c158e6a3dcf@group-40B91FD49D0E-LeaderElection5] INFO  server.RaftServerConfigKeys (ConfUtils.java:logFallback(53)) - raft.server.rpc.first-election.timeout.min = 5s (fallback to raft.server.rpc.timeout.min)
2023-12-18 19:17:12,025 [089733a5-f6c3-45b8-9d3f-1c158e6a3dcf@group-40B91FD49D0E-LeaderElection5] INFO  server.RaftServerConfigKeys (ConfUtils.java:logFallback(53)) - raft.server.rpc.first-election.timeout.max = 5200ms (fallback to raft.server.rpc.timeout.max)
2023-12-18 19:17:12,026 [93699071-0d52-4ef3-adad-6b5a83f48fc5@group-B54A14C830B8-FollowerState] INFO  impl.FollowerState (FollowerState.java:run(143)) - 93699071-0d52-4ef3-adad-6b5a83f48fc5@group-B54A14C830B8-FollowerState: change to CANDIDATE, lastRpcElapsedTime:5175231967ns, electionTimeout:5170ms
2023-12-18 19:17:12,037 [93699071-0d52-4ef3-adad-6b5a83f48fc5@group-B54A14C830B8-FollowerState] INFO  impl.RoleInfo (RoleInfo.java:shutdownFollowerState(110)) - 93699071-0d52-4ef3-adad-6b5a83f48fc5: shutdown 93699071-0d52-4ef3-adad-6b5a83f48fc5@group-B54A14C830B8-FollowerState
2023-12-18 19:17:12,037 [93699071-0d52-4ef3-adad-6b5a83f48fc5@group-B54A14C830B8-FollowerState] INFO  server.RaftServer$Division (RaftServerImpl.java:setRole(379)) - 93699071-0d52-4ef3-adad-6b5a83f48fc5@group-B54A14C830B8: changes role from  FOLLOWER to CANDIDATE at term 0 for changeToCandidate
2023-12-18 19:17:12,037 [grpc-default-executor-2] INFO  server.RaftServer$Division (RaftServerImpl.java:requestVote(1377)) - 93699071-0d52-4ef3-adad-6b5a83f48fc5@group-40B91FD49D0E: receive requestVote(ELECTION, 089733a5-f6c3-45b8-9d3f-1c158e6a3dcf, group-40B91FD49D0E, 1, (t:0, i:0))
2023-12-18 19:17:12,037 [93699071-0d52-4ef3-adad-6b5a83f48fc5@group-B54A14C830B8-FollowerState] INFO  server.RaftServerConfigKeys (ConfUtils.java:logGet(46)) - raft.server.leaderelection.pre-vote = true (default)
2023-12-18 19:17:12,039 [93699071-0d52-4ef3-adad-6b5a83f48fc5@group-B54A14C830B8-FollowerState] INFO  impl.RoleInfo (RoleInfo.java:updateAndGet(139)) - 93699071-0d52-4ef3-adad-6b5a83f48fc5: start 93699071-0d52-4ef3-adad-6b5a83f48fc5@group-B54A14C830B8-LeaderElection6
2023-12-18 19:17:12,039 [grpc-default-executor-2] INFO  impl.VoteContext (VoteContext.java:log(49)) - 93699071-0d52-4ef3-adad-6b5a83f48fc5@group-40B91FD49D0E-FOLLOWER: accept ELECTION from 089733a5-f6c3-45b8-9d3f-1c158e6a3dcf: our priority 0 <= candidate's priority 1
2023-12-18 19:17:12,039 [grpc-default-executor-2] INFO  server.RaftServer$Division (RaftServerImpl.java:setRole(379)) - 93699071-0d52-4ef3-adad-6b5a83f48fc5@group-40B91FD49D0E: changes role from  FOLLOWER to FOLLOWER at term 1 for candidate:089733a5-f6c3-45b8-9d3f-1c158e6a3dcf
2023-12-18 19:17:12,039 [grpc-default-executor-2] INFO  impl.RoleInfo (RoleInfo.java:shutdownFollowerState(110)) - 93699071-0d52-4ef3-adad-6b5a83f48fc5: shutdown 93699071-0d52-4ef3-adad-6b5a83f48fc5@group-40B91FD49D0E-FollowerState
2023-12-18 19:17:12,040 [grpc-default-executor-2] INFO  impl.RoleInfo (RoleInfo.java:updateAndGet(139)) - 93699071-0d52-4ef3-adad-6b5a83f48fc5: start 93699071-0d52-4ef3-adad-6b5a83f48fc5@group-40B91FD49D0E-FollowerState
2023-12-18 19:17:12,040 [93699071-0d52-4ef3-adad-6b5a83f48fc5@group-40B91FD49D0E-FollowerState] INFO  impl.FollowerState (FollowerState.java:run(152)) - 93699071-0d52-4ef3-adad-6b5a83f48fc5@group-40B91FD49D0E-FollowerState was interrupted
2023-12-18 19:17:12,040 [grpc-default-executor-2] INFO  server.RaftServer$Division (RaftServerImpl.java:setFirstElection(564)) - 93699071-0d52-4ef3-adad-6b5a83f48fc5@group-40B91FD49D0E: set firstElectionSinceStartup to false for candidate:089733a5-f6c3-45b8-9d3f-1c158e6a3dcf
2023-12-18 19:17:12,041 [grpc-default-executor-0] INFO  server.RaftServer$Division (RaftServerImpl.java:requestVote(1377)) - ded5b85a-ec0d-4a71-9db9-83b101b9c9ad@group-40B91FD49D0E: receive requestVote(ELECTION, 089733a5-f6c3-45b8-9d3f-1c158e6a3dcf, group-40B91FD49D0E, 1, (t:0, i:0))
2023-12-18 19:17:12,041 [grpc-default-executor-0] INFO  impl.VoteContext (VoteContext.java:log(49)) - ded5b85a-ec0d-4a71-9db9-83b101b9c9ad@group-40B91FD49D0E-FOLLOWER: accept ELECTION from 089733a5-f6c3-45b8-9d3f-1c158e6a3dcf: our priority 0 <= candidate's priority 1
2023-12-18 19:17:12,041 [grpc-default-executor-0] INFO  server.RaftServer$Division (RaftServerImpl.java:setRole(379)) - ded5b85a-ec0d-4a71-9db9-83b101b9c9ad@group-40B91FD49D0E: changes role from  FOLLOWER to FOLLOWER at term 1 for candidate:089733a5-f6c3-45b8-9d3f-1c158e6a3dcf
2023-12-18 19:17:12,041 [grpc-default-executor-0] INFO  impl.RoleInfo (RoleInfo.java:shutdownFollowerState(110)) - ded5b85a-ec0d-4a71-9db9-83b101b9c9ad: shutdown ded5b85a-ec0d-4a71-9db9-83b101b9c9ad@group-40B91FD49D0E-FollowerState
2023-12-18 19:17:12,041 [grpc-default-executor-0] INFO  impl.RoleInfo (RoleInfo.java:updateAndGet(139)) - ded5b85a-ec0d-4a71-9db9-83b101b9c9ad: start ded5b85a-ec0d-4a71-9db9-83b101b9c9ad@group-40B91FD49D0E-FollowerState
2023-12-18 19:17:12,041 [ded5b85a-ec0d-4a71-9db9-83b101b9c9ad@group-40B91FD49D0E-FollowerState] INFO  impl.FollowerState (FollowerState.java:run(152)) - ded5b85a-ec0d-4a71-9db9-83b101b9c9ad@group-40B91FD49D0E-FollowerState was interrupted
2023-12-18 19:17:12,042 [93699071-0d52-4ef3-adad-6b5a83f48fc5@group-B54A14C830B8-LeaderElection6] INFO  impl.LeaderElection (LeaderElection.java:askForVotes(323)) - 93699071-0d52-4ef3-adad-6b5a83f48fc5@group-B54A14C830B8-LeaderElection6 PRE_VOTE round 0: submit vote requests at term 0 for -1: peers:[93699071-0d52-4ef3-adad-6b5a83f48fc5|10.1.0.24:15032]|listeners:[], old=null
2023-12-18 19:17:12,042 [93699071-0d52-4ef3-adad-6b5a83f48fc5@group-B54A14C830B8-LeaderElection6] INFO  impl.LeaderElection (LeaderElection.java:askForVotes(325)) - 93699071-0d52-4ef3-adad-6b5a83f48fc5@group-B54A14C830B8-LeaderElection6 PRE_VOTE round 0: result PASSED (term=0)
2023-12-18 19:17:12,042 [grpc-default-executor-2] INFO  server.RaftServer$Division (RaftServerImpl.java:requestVote(1410)) - 93699071-0d52-4ef3-adad-6b5a83f48fc5@group-40B91FD49D0E replies to ELECTION vote request: 089733a5-f6c3-45b8-9d3f-1c158e6a3dcf<-93699071-0d52-4ef3-adad-6b5a83f48fc5#0:OK-t1. Peer's state: 93699071-0d52-4ef3-adad-6b5a83f48fc5@group-40B91FD49D0E:t1, leader=null, voted=089733a5-f6c3-45b8-9d3f-1c158e6a3dcf, raftlog=Memoized:93699071-0d52-4ef3-adad-6b5a83f48fc5@group-40B91FD49D0E-SegmentedRaftLog:OPENED:c-1, conf=-1: peers:[089733a5-f6c3-45b8-9d3f-1c158e6a3dcf|10.1.0.24:15023, 93699071-0d52-4ef3-adad-6b5a83f48fc5|10.1.0.24:15032, ded5b85a-ec0d-4a71-9db9-83b101b9c9ad|10.1.0.24:15014]|listeners:[], old=null
2023-12-18 19:17:12,043 [grpc-default-executor-0] INFO  server.RaftServer$Division (RaftServerImpl.java:requestVote(1410)) - ded5b85a-ec0d-4a71-9db9-83b101b9c9ad@group-40B91FD49D0E replies to ELECTION vote request: 089733a5-f6c3-45b8-9d3f-1c158e6a3dcf<-ded5b85a-ec0d-4a71-9db9-83b101b9c9ad#0:OK-t1. Peer's state: ded5b85a-ec0d-4a71-9db9-83b101b9c9ad@group-40B91FD49D0E:t1, leader=null, voted=089733a5-f6c3-45b8-9d3f-1c158e6a3dcf, raftlog=Memoized:ded5b85a-ec0d-4a71-9db9-83b101b9c9ad@group-40B91FD49D0E-SegmentedRaftLog:OPENED:c-1, conf=-1: peers:[089733a5-f6c3-45b8-9d3f-1c158e6a3dcf|10.1.0.24:15023, 93699071-0d52-4ef3-adad-6b5a83f48fc5|10.1.0.24:15032, ded5b85a-ec0d-4a71-9db9-83b101b9c9ad|10.1.0.24:15014]|listeners:[], old=null
2023-12-18 19:17:12,043 [93699071-0d52-4ef3-adad-6b5a83f48fc5@group-B54A14C830B8-LeaderElection6] INFO  impl.LeaderElection (LeaderElection.java:askForVotes(323)) - 93699071-0d52-4ef3-adad-6b5a83f48fc5@group-B54A14C830B8-LeaderElection6 ELECTION round 0: submit vote requests at term 1 for -1: peers:[93699071-0d52-4ef3-adad-6b5a83f48fc5|10.1.0.24:15032]|listeners:[], old=null
2023-12-18 19:17:12,044 [089733a5-f6c3-45b8-9d3f-1c158e6a3dcf@group-40B91FD49D0E-LeaderElection5] INFO  impl.LeaderElection (LeaderElection.java:logAndReturn(89)) - 089733a5-f6c3-45b8-9d3f-1c158e6a3dcf@group-40B91FD49D0E-LeaderElection5: ELECTION PASSED received 1 response(s) and 0 exception(s):
2023-12-18 19:17:12,045 [089733a5-f6c3-45b8-9d3f-1c158e6a3dcf@group-40B91FD49D0E-LeaderElection5] INFO  impl.LeaderElection (LeaderElection.java:logAndReturn(93)) -   Response 0: 089733a5-f6c3-45b8-9d3f-1c158e6a3dcf<-93699071-0d52-4ef3-adad-6b5a83f48fc5#0:OK-t1
2023-12-18 19:17:12,045 [089733a5-f6c3-45b8-9d3f-1c158e6a3dcf@group-40B91FD49D0E-LeaderElection5] INFO  impl.LeaderElection (LeaderElection.java:askForVotes(325)) - 089733a5-f6c3-45b8-9d3f-1c158e6a3dcf@group-40B91FD49D0E-LeaderElection5 ELECTION round 0: result PASSED
2023-12-18 19:17:12,046 [089733a5-f6c3-45b8-9d3f-1c158e6a3dcf@group-40B91FD49D0E-LeaderElection5] INFO  impl.RoleInfo (RoleInfo.java:shutdownLeaderElection(130)) - 089733a5-f6c3-45b8-9d3f-1c158e6a3dcf: shutdown 089733a5-f6c3-45b8-9d3f-1c158e6a3dcf@group-40B91FD49D0E-LeaderElection5
2023-12-18 19:17:12,046 [089733a5-f6c3-45b8-9d3f-1c158e6a3dcf@group-40B91FD49D0E-LeaderElection5] INFO  server.RaftServer$Division (RaftServerImpl.java:setRole(379)) - 089733a5-f6c3-45b8-9d3f-1c158e6a3dcf@group-40B91FD49D0E: changes role from CANDIDATE to LEADER at term 1 for changeToLeader
2023-12-18 19:17:12,046 [089733a5-f6c3-45b8-9d3f-1c158e6a3dcf@group-40B91FD49D0E-LeaderElection5] INFO  server.RaftServerConfigKeys (ConfUtils.java:logGet(46)) - raft.server.staging.catchup.gap = 1000 (default)
2023-12-18 19:17:12,046 [089733a5-f6c3-45b8-9d3f-1c158e6a3dcf@group-40B91FD49D0E-LeaderElection5] INFO  server.RaftServerConfigKeys (ConfUtils.java:logGet(46)) - raft.server.write.element-limit = 1024 (custom)
2023-12-18 19:17:12,046 [089733a5-f6c3-45b8-9d3f-1c158e6a3dcf@group-40B91FD49D0E-LeaderElection5] INFO  server.RaftServerConfigKeys (ConfUtils.java:logGet(46)) - raft.server.write.byte-limit = 1024 M (=1073741824) (custom)
2023-12-18 19:17:12,047 [089733a5-f6c3-45b8-9d3f-1c158e6a3dcf@group-40B91FD49D0E-LeaderElection5] INFO  server.RaftServerConfigKeys (ConfUtils.java:logGet(46)) - raft.server.watch.timeout = 3000ms (custom)
2023-12-18 19:17:12,047 [089733a5-f6c3-45b8-9d3f-1c158e6a3dcf@group-40B91FD49D0E-LeaderElection5] INFO  server.RaftServerConfigKeys (ConfUtils.java:logGet(46)) - raft.server.watch.timeout.denomination = 1s (default)
2023-12-18 19:17:12,047 [089733a5-f6c3-45b8-9d3f-1c158e6a3dcf@group-40B91FD49D0E-LeaderElection5] INFO  server.RaftServerConfigKeys (ConfUtils.java:logGet(46)) - raft.server.watch.element-limit = 65536 (default)
2023-12-18 19:17:12,047 [089733a5-f6c3-45b8-9d3f-1c158e6a3dcf@group-40B91FD49D0E-LeaderElection5] INFO  server.RaftServerConfigKeys (ConfUtils.java:logGet(46)) - raft.server.read.leader.lease.enabled = false (default)
2023-12-18 19:17:12,047 [089733a5-f6c3-45b8-9d3f-1c158e6a3dcf@group-40B91FD49D0E-LeaderElection5] INFO  server.RaftServerConfigKeys (ConfUtils.java:logGet(46)) - raft.server.read.leader.lease.timeout.ratio = 0.9 (default)
2023-12-18 19:17:12,047 [089733a5-f6c3-45b8-9d3f-1c158e6a3dcf@group-40B91FD49D0E-LeaderElection5] INFO  server.RaftServerConfigKeys (ConfUtils.java:logGet(46)) - raft.server.rpc.timeout.min = 5s (custom)
2023-12-18 19:17:12,047 [089733a5-f6c3-45b8-9d3f-1c158e6a3dcf@group-40B91FD49D0E-LeaderElection5] INFO  server.RaftServerConfigKeys (ConfUtils.java:logGet(46)) - raft.server.write.element-limit = 1024 (custom)
2023-12-18 19:17:12,047 [089733a5-f6c3-45b8-9d3f-1c158e6a3dcf@group-40B91FD49D0E-LeaderElection5] INFO  server.RaftServerConfigKeys (ConfUtils.java:logGet(46)) - raft.server.write.follower.gap.ratio.max = -1.0 (default)
2023-12-18 19:17:12,045 [93699071-0d52-4ef3-adad-6b5a83f48fc5@group-B54A14C830B8-LeaderElection6] INFO  impl.LeaderElection (LeaderElection.java:askForVotes(325)) - 93699071-0d52-4ef3-adad-6b5a83f48fc5@group-B54A14C830B8-LeaderElection6 ELECTION round 0: result PASSED (term=1)
2023-12-18 19:17:12,053 [93699071-0d52-4ef3-adad-6b5a83f48fc5@group-B54A14C830B8-LeaderElection6] INFO  impl.RoleInfo (RoleInfo.java:shutdownLeaderElection(130)) - 93699071-0d52-4ef3-adad-6b5a83f48fc5: shutdown 93699071-0d52-4ef3-adad-6b5a83f48fc5@group-B54A14C830B8-LeaderElection6
2023-12-18 19:17:12,053 [93699071-0d52-4ef3-adad-6b5a83f48fc5@group-B54A14C830B8-LeaderElection6] INFO  server.RaftServer$Division (RaftServerImpl.java:setRole(379)) - 93699071-0d52-4ef3-adad-6b5a83f48fc5@group-B54A14C830B8: changes role from CANDIDATE to LEADER at term 1 for changeToLeader
2023-12-18 19:17:12,053 [93699071-0d52-4ef3-adad-6b5a83f48fc5@group-B54A14C830B8-LeaderElection6] INFO  server.RaftServerConfigKeys (ConfUtils.java:logGet(46)) - raft.server.staging.catchup.gap = 1000 (default)
2023-12-18 19:17:12,053 [93699071-0d52-4ef3-adad-6b5a83f48fc5@group-B54A14C830B8-LeaderElection6] INFO  server.RaftServerConfigKeys (ConfUtils.java:logGet(46)) - raft.server.write.element-limit = 1024 (custom)
2023-12-18 19:17:12,053 [93699071-0d52-4ef3-adad-6b5a83f48fc5@group-B54A14C830B8-LeaderElection6] INFO  server.RaftServerConfigKeys (ConfUtils.java:logGet(46)) - raft.server.write.byte-limit = 1024 M (=1073741824) (custom)
2023-12-18 19:17:12,054 [93699071-0d52-4ef3-adad-6b5a83f48fc5@group-B54A14C830B8-LeaderElection6] INFO  server.RaftServerConfigKeys (ConfUtils.java:logGet(46)) - raft.server.watch.timeout = 3000ms (custom)
2023-12-18 19:17:12,054 [93699071-0d52-4ef3-adad-6b5a83f48fc5@group-B54A14C830B8-LeaderElection6] INFO  server.RaftServerConfigKeys (ConfUtils.java:logGet(46)) - raft.server.watch.timeout.denomination = 1s (default)
2023-12-18 19:17:12,054 [93699071-0d52-4ef3-adad-6b5a83f48fc5@group-B54A14C830B8-LeaderElection6] INFO  server.RaftServerConfigKeys (ConfUtils.java:logGet(46)) - raft.server.watch.element-limit = 65536 (default)
2023-12-18 19:17:12,054 [93699071-0d52-4ef3-adad-6b5a83f48fc5@group-B54A14C830B8-LeaderElection6] INFO  server.RaftServerConfigKeys (ConfUtils.java:logGet(46)) - raft.server.read.leader.lease.enabled = false (default)
2023-12-18 19:17:12,054 [93699071-0d52-4ef3-adad-6b5a83f48fc5@group-B54A14C830B8-LeaderElection6] INFO  server.RaftServerConfigKeys (ConfUtils.java:logGet(46)) - raft.server.read.leader.lease.timeout.ratio = 0.9 (default)
2023-12-18 19:17:12,054 [93699071-0d52-4ef3-adad-6b5a83f48fc5@group-B54A14C830B8-LeaderElection6] INFO  server.RaftServerConfigKeys (ConfUtils.java:logGet(46)) - raft.server.rpc.timeout.min = 5s (custom)
2023-12-18 19:17:12,054 [93699071-0d52-4ef3-adad-6b5a83f48fc5@group-B54A14C830B8-LeaderElection6] INFO  server.RaftServerConfigKeys (ConfUtils.java:logGet(46)) - raft.server.write.element-limit = 1024 (custom)
2023-12-18 19:17:12,055 [93699071-0d52-4ef3-adad-6b5a83f48fc5@group-B54A14C830B8-LeaderElection6] INFO  server.RaftServerConfigKeys (ConfUtils.java:logGet(46)) - raft.server.write.follower.gap.ratio.max = -1.0 (default)
2023-12-18 19:17:12,055 [93699071-0d52-4ef3-adad-6b5a83f48fc5@group-B54A14C830B8-LeaderElection6] INFO  impl.RoleInfo (RoleInfo.java:updateAndGet(139)) - 93699071-0d52-4ef3-adad-6b5a83f48fc5: start 93699071-0d52-4ef3-adad-6b5a83f48fc5@group-B54A14C830B8-LeaderStateImpl
2023-12-18 19:17:12,055 [93699071-0d52-4ef3-adad-6b5a83f48fc5@group-B54A14C830B8-LeaderElection6] INFO  server.RaftServer$Division (RaftServerImpl.java:setFirstElection(564)) - 93699071-0d52-4ef3-adad-6b5a83f48fc5@group-B54A14C830B8: set firstElectionSinceStartup to false for becomeLeader
2023-12-18 19:17:12,055 [93699071-0d52-4ef3-adad-6b5a83f48fc5@group-B54A14C830B8-LeaderElection6] INFO  ratis.XceiverServerRatis (XceiverServerRatis.java:handleLeaderChangedNotification(935)) - Leader change notification received for group: group-B54A14C830B8 with new leaderId: 93699071-0d52-4ef3-adad-6b5a83f48fc5
2023-12-18 19:17:12,056 [93699071-0d52-4ef3-adad-6b5a83f48fc5@group-B54A14C830B8-LeaderElection6] INFO  server.RaftServer$Division (ServerState.java:setLeader(265)) - 93699071-0d52-4ef3-adad-6b5a83f48fc5@group-B54A14C830B8: change Leader from null to 93699071-0d52-4ef3-adad-6b5a83f48fc5 at term 1 for becomeLeader, leader elected after 5231ms
2023-12-18 19:17:12,056 [089733a5-f6c3-45b8-9d3f-1c158e6a3dcf@group-40B91FD49D0E-LeaderElection5] INFO  server.RaftServerConfigKeys (ConfUtils.java:logGet(46)) - raft.server.log.appender.snapshot.chunk.size.max = 16MB (=16777216) (default)
2023-12-18 19:17:12,056 [93699071-0d52-4ef3-adad-6b5a83f48fc5@group-B54A14C830B8-LeaderElection6] INFO  segmented.SegmentedRaftLogWorker (SegmentedRaftLogWorker.java:startLogSegment(428)) - 93699071-0d52-4ef3-adad-6b5a83f48fc5@group-B54A14C830B8-SegmentedRaftLogWorker: Starting segment from index:0
2023-12-18 19:17:12,056 [089733a5-f6c3-45b8-9d3f-1c158e6a3dcf@group-40B91FD49D0E-LeaderElection5] INFO  server.RaftServerConfigKeys (ConfUtils.java:logGet(46)) - raft.server.log.appender.buffer.byte-limit = 8388608 (custom)
2023-12-18 19:17:12,057 [93699071-0d52-4ef3-adad-6b5a83f48fc5@group-B54A14C830B8-LeaderElection6] INFO  server.RaftServer$Division (ServerState.java:setRaftConf(382)) - 93699071-0d52-4ef3-adad-6b5a83f48fc5@group-B54A14C830B8: set configuration 0: peers:[93699071-0d52-4ef3-adad-6b5a83f48fc5|10.1.0.24:15032]|listeners:[], old=null
2023-12-18 19:17:12,058 [EventQueue-OpenPipelineForHealthyPipelineSafeModeRule] INFO  safemode.SCMSafeModeManager (HealthyPipelineSafeModeRule.java:process(140)) - SCM in safe mode. Healthy pipelines reported count is 0, required healthy pipeline reported count is 1
2023-12-18 19:17:12,059 [089733a5-f6c3-45b8-9d3f-1c158e6a3dcf@group-40B91FD49D0E-LeaderElection5] INFO  server.RaftServerConfigKeys (ConfUtils.java:logGet(46)) - raft.server.log.appender.buffer.element-limit = 1 (custom)
2023-12-18 19:17:12,060 [93699071-0d52-4ef3-adad-6b5a83f48fc5-BlockDeletingService#7] INFO  interfaces.ContainerDeletionChoosingPolicyTemplate (ContainerDeletionChoosingPolicyTemplate.java:chooseContainerForBlockDeletion(85)) - Chosen 0/5000 blocks from 0 candidate containers.
2023-12-18 19:17:12,060 [089733a5-f6c3-45b8-9d3f-1c158e6a3dcf@group-40B91FD49D0E-LeaderElection5] INFO  server.RaftServerConfigKeys (ConfUtils.java:logGet(46)) - raft.server.log.appender.wait-time.min = 0ms (custom)
2023-12-18 19:17:12,061 [089733a5-f6c3-45b8-9d3f-1c158e6a3dcf@group-40B91FD49D0E-LeaderElection5] INFO  grpc.GrpcConfigKeys (ConfUtils.java:logGet(46)) - raft.grpc.server.leader.outstanding.appends.max = 8 (default)
2023-12-18 19:17:12,061 [089733a5-f6c3-45b8-9d3f-1c158e6a3dcf@group-40B91FD49D0E-LeaderElection5] INFO  server.RaftServerConfigKeys (ConfUtils.java:logGet(46)) - raft.server.rpc.request.timeout = 3000ms (default)
2023-12-18 19:17:12,061 [089733a5-f6c3-45b8-9d3f-1c158e6a3dcf@group-40B91FD49D0E-LeaderElection5] INFO  grpc.GrpcConfigKeys (ConfUtils.java:logGet(46)) - raft.grpc.server.install_snapshot.request.element-limit = 8 (default)
2023-12-18 19:17:12,061 [089733a5-f6c3-45b8-9d3f-1c158e6a3dcf@group-40B91FD49D0E-LeaderElection5] INFO  grpc.GrpcConfigKeys (ConfUtils.java:logGet(46)) - raft.grpc.server.install_snapshot.request.timeout = 3000ms (default)
2023-12-18 19:17:12,062 [089733a5-f6c3-45b8-9d3f-1c158e6a3dcf@group-40B91FD49D0E-LeaderElection5] INFO  server.RaftServerConfigKeys (ConfUtils.java:logGet(46)) - raft.server.log.appender.install.snapshot.enabled = false (custom)
2023-12-18 19:17:12,062 [089733a5-f6c3-45b8-9d3f-1c158e6a3dcf@group-40B91FD49D0E-LeaderElection5] INFO  grpc.GrpcConfigKeys (ConfUtils.java:logGet(46)) - raft.grpc.server.heartbeat.channel = true (default)
2023-12-18 19:17:12,064 [089733a5-f6c3-45b8-9d3f-1c158e6a3dcf@group-40B91FD49D0E-LeaderElection5] INFO  server.RaftServerConfigKeys (ConfUtils.java:logGet(46)) - raft.server.log.appender.snapshot.chunk.size.max = 16MB (=16777216) (default)
2023-12-18 19:17:12,064 [089733a5-f6c3-45b8-9d3f-1c158e6a3dcf@group-40B91FD49D0E-LeaderElection5] INFO  server.RaftServerConfigKeys (ConfUtils.java:logGet(46)) - raft.server.log.appender.buffer.byte-limit = 8388608 (custom)
2023-12-18 19:17:12,064 [089733a5-f6c3-45b8-9d3f-1c158e6a3dcf@group-40B91FD49D0E-LeaderElection5] INFO  server.RaftServerConfigKeys (ConfUtils.java:logGet(46)) - raft.server.log.appender.buffer.element-limit = 1 (custom)
2023-12-18 19:17:12,064 [089733a5-f6c3-45b8-9d3f-1c158e6a3dcf@group-40B91FD49D0E-LeaderElection5] INFO  server.RaftServerConfigKeys (ConfUtils.java:logGet(46)) - raft.server.log.appender.wait-time.min = 0ms (custom)
2023-12-18 19:17:12,064 [089733a5-f6c3-45b8-9d3f-1c158e6a3dcf@group-40B91FD49D0E-LeaderElection5] INFO  grpc.GrpcConfigKeys (ConfUtils.java:logGet(46)) - raft.grpc.server.leader.outstanding.appends.max = 8 (default)
2023-12-18 19:17:12,064 [089733a5-f6c3-45b8-9d3f-1c158e6a3dcf@group-40B91FD49D0E-LeaderElection5] INFO  server.RaftServerConfigKeys (ConfUtils.java:logGet(46)) - raft.server.rpc.request.timeout = 3000ms (default)
2023-12-18 19:17:12,064 [089733a5-f6c3-45b8-9d3f-1c158e6a3dcf@group-40B91FD49D0E-LeaderElection5] INFO  grpc.GrpcConfigKeys (ConfUtils.java:logGet(46)) - raft.grpc.server.install_snapshot.request.element-limit = 8 (default)
2023-12-18 19:17:12,064 [089733a5-f6c3-45b8-9d3f-1c158e6a3dcf@group-40B91FD49D0E-LeaderElection5] INFO  grpc.GrpcConfigKeys (ConfUtils.java:logGet(46)) - raft.grpc.server.install_snapshot.request.timeout = 3000ms (default)
2023-12-18 19:17:12,064 [089733a5-f6c3-45b8-9d3f-1c158e6a3dcf@group-40B91FD49D0E-LeaderElection5] INFO  server.RaftServerConfigKeys (ConfUtils.java:logGet(46)) - raft.server.log.appender.install.snapshot.enabled = false (custom)
2023-12-18 19:17:12,065 [089733a5-f6c3-45b8-9d3f-1c158e6a3dcf@group-40B91FD49D0E-LeaderElection5] INFO  grpc.GrpcConfigKeys (ConfUtils.java:logGet(46)) - raft.grpc.server.heartbeat.channel = true (default)
2023-12-18 19:17:12,065 [93699071-0d52-4ef3-adad-6b5a83f48fc5@group-B54A14C830B8-SegmentedRaftLogWorker] INFO  segmented.SegmentedRaftLogWorker (SegmentedRaftLogWorker.java:execute(632)) - 93699071-0d52-4ef3-adad-6b5a83f48fc5@group-B54A14C830B8-SegmentedRaftLogWorker: created new log segment /home/runner/work/ozone/ozone/hadoop-ozone/integration-test/target/test-dir/MiniOzoneClusterImpl-15bbe3be-e687-4529-b164-2adc82dffbd7/datanode-2/data/ratis/95d442ec-00fb-43e2-be7d-b54a14c830b8/current/log_inprogress_0
2023-12-18 19:17:12,065 [089733a5-f6c3-45b8-9d3f-1c158e6a3dcf@group-40B91FD49D0E-LeaderElection5] INFO  impl.RoleInfo (RoleInfo.java:updateAndGet(139)) - 089733a5-f6c3-45b8-9d3f-1c158e6a3dcf: start 089733a5-f6c3-45b8-9d3f-1c158e6a3dcf@group-40B91FD49D0E-LeaderStateImpl
2023-12-18 19:17:12,065 [089733a5-f6c3-45b8-9d3f-1c158e6a3dcf@group-40B91FD49D0E-LeaderElection5] INFO  server.RaftServer$Division (RaftServerImpl.java:setFirstElection(564)) - 089733a5-f6c3-45b8-9d3f-1c158e6a3dcf@group-40B91FD49D0E: set firstElectionSinceStartup to false for becomeLeader
2023-12-18 19:17:12,065 [089733a5-f6c3-45b8-9d3f-1c158e6a3dcf@group-40B91FD49D0E-LeaderElection5] INFO  ratis.XceiverServerRatis (XceiverServerRatis.java:handleLeaderChangedNotification(935)) - Leader change notification received for group: group-40B91FD49D0E with new leaderId: 089733a5-f6c3-45b8-9d3f-1c158e6a3dcf
2023-12-18 19:17:12,066 [089733a5-f6c3-45b8-9d3f-1c158e6a3dcf@group-40B91FD49D0E-LeaderElection5] INFO  server.RaftServer$Division (ServerState.java:setLeader(265)) - 089733a5-f6c3-45b8-9d3f-1c158e6a3dcf@group-40B91FD49D0E: change Leader from null to 089733a5-f6c3-45b8-9d3f-1c158e6a3dcf at term 1 for becomeLeader, leader elected after 5280ms
2023-12-18 19:17:12,066 [089733a5-f6c3-45b8-9d3f-1c158e6a3dcf@group-40B91FD49D0E-LeaderElection5] INFO  segmented.SegmentedRaftLogWorker (SegmentedRaftLogWorker.java:startLogSegment(428)) - 089733a5-f6c3-45b8-9d3f-1c158e6a3dcf@group-40B91FD49D0E-SegmentedRaftLogWorker: Starting segment from index:0
2023-12-18 19:17:12,067 [93699071-0d52-4ef3-adad-6b5a83f48fc5@group-B54A14C830B8-StateMachineUpdater] INFO  server.RaftServer$Division (LeaderStateImpl.java:isApplied(316)) - leader is ready since appliedIndex == 0 >= startIndex == 0
2023-12-18 19:17:12,069 [EventQueue-PipelineReportForPipelineReportHandler] INFO  pipeline.PipelineReportHandler (PipelineReportHandler.java:processPipelineReport(136)) - Opened pipeline PipelineID=97f79b5c-2b37-4d8f-9b11-40b91fd49d0e
2023-12-18 19:17:12,069 [EventQueue-OpenPipelineForHealthyPipelineSafeModeRule] INFO  safemode.SCMSafeModeManager (HealthyPipelineSafeModeRule.java:process(140)) - SCM in safe mode. Healthy pipelines reported count is 1, required healthy pipeline reported count is 1
2023-12-18 19:17:12,069 [EventQueue-OpenPipelineForHealthyPipelineSafeModeRule] INFO  safemode.SCMSafeModeManager (SCMSafeModeManager.java:validateSafeModeExitRules(200)) - HealthyPipelineSafeModeRule rule is successfully validated
2023-12-18 19:17:12,069 [EventQueue-OpenPipelineForHealthyPipelineSafeModeRule] INFO  safemode.SCMSafeModeManager (SCMSafeModeManager.java:validateSafeModeExitRules(215)) - ScmSafeModeManager, all rules are successfully validated
2023-12-18 19:17:12,069 [EventQueue-OpenPipelineForHealthyPipelineSafeModeRule] INFO  safemode.SCMSafeModeManager (SCMSafeModeManager.java:exitSafeMode(244)) - SCM exiting safe mode.
2023-12-18 19:17:12,070 [EventQueue-OpenPipelineForHealthyPipelineSafeModeRule] INFO  ha.SCMContext (SCMContext.java:updateSafeModeStatus(230)) - Update SafeModeStatus from SafeModeStatus{safeModeStatus=true, preCheckPassed=true} to SafeModeStatus{safeModeStatus=false, preCheckPassed=true}.
2023-12-18 19:17:12,070 [EventQueue-OpenPipelineForHealthyPipelineSafeModeRule] INFO  pipeline.BackgroundPipelineCreator (BackgroundPipelineCreator.java:notifyStatusChanged(258)) - Service BackgroundPipelineCreator transitions to RUNNING.
2023-12-18 19:17:12,070 [EventQueue-OpenPipelineForHealthyPipelineSafeModeRule] INFO  BackgroundPipelineScrubber (BackgroundSCMService.java:notifyStatusChanged(82)) - Service BackgroundPipelineScrubber transitions to RUNNING.
2023-12-18 19:17:12,070 [EventQueue-OpenPipelineForHealthyPipelineSafeModeRule] INFO  ExpiredContainerReplicaOpScrubber (BackgroundSCMService.java:notifyStatusChanged(82)) - Service ExpiredContainerReplicaOpScrubber transitions to RUNNING.
2023-12-18 19:17:12,070 [EventQueue-OpenPipelineForHealthyPipelineSafeModeRule] INFO  replication.ReplicationManager (ReplicationManager.java:notifyStatusChanged(1399)) - Service ReplicationManager transitions to RUNNING.
2023-12-18 19:17:12,074 [EventQueue-OpenPipelineForHealthyPipelineSafeModeRule] WARN  balancer.ContainerBalancer (ContainerBalancer.java:shouldRun(134)) - Could not find persisted configuration for ContainerBalancer when checking if ContainerBalancer should run. ContainerBalancer should not run now.
2023-12-18 19:17:12,074 [EventQueue-PipelineReportForOneReplicaPipelineSafeModeRule] INFO  safemode.SCMSafeModeManager (SCMSafeModeManager.java:validateSafeModeExitRules(215)) - ScmSafeModeManager, all rules are successfully validated
2023-12-18 19:17:12,074 [EventQueue-PipelineReportForOneReplicaPipelineSafeModeRule] INFO  safemode.SCMSafeModeManager (SCMSafeModeManager.java:exitSafeMode(244)) - SCM exiting safe mode.
2023-12-18 19:17:12,074 [EventQueue-PipelineReportForOneReplicaPipelineSafeModeRule] INFO  ha.SCMContext (SCMContext.java:updateSafeModeStatus(230)) - Update SafeModeStatus from SafeModeStatus{safeModeStatus=false, preCheckPassed=true} to SafeModeStatus{safeModeStatus=false, preCheckPassed=true}.
2023-12-18 19:17:12,075 [EventQueue-PipelineReportForOneReplicaPipelineSafeModeRule] WARN  balancer.ContainerBalancer (ContainerBalancer.java:shouldRun(134)) - Could not find persisted configuration for ContainerBalancer when checking if ContainerBalancer should run. ContainerBalancer should not run now.
2023-12-18 19:17:12,075 [089733a5-f6c3-45b8-9d3f-1c158e6a3dcf@group-40B91FD49D0E-SegmentedRaftLogWorker] INFO  segmented.SegmentedRaftLogWorker (SegmentedRaftLogWorker.java:execute(632)) - 089733a5-f6c3-45b8-9d3f-1c158e6a3dcf@group-40B91FD49D0E-SegmentedRaftLogWorker: created new log segment /home/runner/work/ozone/ozone/hadoop-ozone/integration-test/target/test-dir/MiniOzoneClusterImpl-15bbe3be-e687-4529-b164-2adc82dffbd7/datanode-1/data/ratis/97f79b5c-2b37-4d8f-9b11-40b91fd49d0e/current/log_inprogress_0
2023-12-18 19:17:12,070 [089733a5-f6c3-45b8-9d3f-1c158e6a3dcf@group-40B91FD49D0E-LeaderElection5] INFO  server.RaftServer$Division (ServerState.java:setRaftConf(382)) - 089733a5-f6c3-45b8-9d3f-1c158e6a3dcf@group-40B91FD49D0E: set configuration 0: peers:[089733a5-f6c3-45b8-9d3f-1c158e6a3dcf|10.1.0.24:15023, 93699071-0d52-4ef3-adad-6b5a83f48fc5|10.1.0.24:15032, ded5b85a-ec0d-4a71-9db9-83b101b9c9ad|10.1.0.24:15014]|listeners:[], old=null
2023-12-18 19:17:12,081 [089733a5-f6c3-45b8-9d3f-1c158e6a3dcf-BlockDeletingService#2] INFO  interfaces.ContainerDeletionChoosingPolicyTemplate (ContainerDeletionChoosingPolicyTemplate.java:chooseContainerForBlockDeletion(85)) - Chosen 0/5000 blocks from 0 candidate containers.
2023-12-18 19:17:12,100 [ded5b85a-ec0d-4a71-9db9-83b101b9c9ad-server-thread1] INFO  ratis.XceiverServerRatis (XceiverServerRatis.java:handleLeaderChangedNotification(935)) - Leader change notification received for group: group-40B91FD49D0E with new leaderId: 089733a5-f6c3-45b8-9d3f-1c158e6a3dcf
2023-12-18 19:17:12,100 [ded5b85a-ec0d-4a71-9db9-83b101b9c9ad-server-thread1] INFO  server.RaftServer$Division (ServerState.java:setLeader(265)) - ded5b85a-ec0d-4a71-9db9-83b101b9c9ad@group-40B91FD49D0E: change Leader from null to 089733a5-f6c3-45b8-9d3f-1c158e6a3dcf at term 1 for appendEntries, leader elected after 5428ms
2023-12-18 19:17:12,100 [93699071-0d52-4ef3-adad-6b5a83f48fc5-server-thread1] INFO  ratis.XceiverServerRatis (XceiverServerRatis.java:handleLeaderChangedNotification(935)) - Leader change notification received for group: group-40B91FD49D0E with new leaderId: 089733a5-f6c3-45b8-9d3f-1c158e6a3dcf
2023-12-18 19:17:12,101 [93699071-0d52-4ef3-adad-6b5a83f48fc5-server-thread1] INFO  server.RaftServer$Division (ServerState.java:setLeader(265)) - 93699071-0d52-4ef3-adad-6b5a83f48fc5@group-40B91FD49D0E: change Leader from null to 089733a5-f6c3-45b8-9d3f-1c158e6a3dcf at term 1 for appendEntries, leader elected after 5239ms
2023-12-18 19:17:12,111 [ded5b85a-ec0d-4a71-9db9-83b101b9c9ad-BlockDeletingService#6] INFO  interfaces.ContainerDeletionChoosingPolicyTemplate (ContainerDeletionChoosingPolicyTemplate.java:chooseContainerForBlockDeletion(85)) - Chosen 0/5000 blocks from 0 candidate containers.
2023-12-18 19:17:12,113 [ded5b85a-ec0d-4a71-9db9-83b101b9c9ad-server-thread2] INFO  server.RaftServer$Division (ServerState.java:setRaftConf(382)) - ded5b85a-ec0d-4a71-9db9-83b101b9c9ad@group-40B91FD49D0E: set configuration 0: peers:[089733a5-f6c3-45b8-9d3f-1c158e6a3dcf|10.1.0.24:15023, 93699071-0d52-4ef3-adad-6b5a83f48fc5|10.1.0.24:15032, ded5b85a-ec0d-4a71-9db9-83b101b9c9ad|10.1.0.24:15014]|listeners:[], old=null
2023-12-18 19:17:12,115 [93699071-0d52-4ef3-adad-6b5a83f48fc5-server-thread1] INFO  server.RaftServer$Division (ServerState.java:setRaftConf(382)) - 93699071-0d52-4ef3-adad-6b5a83f48fc5@group-40B91FD49D0E: set configuration 0: peers:[089733a5-f6c3-45b8-9d3f-1c158e6a3dcf|10.1.0.24:15023, 93699071-0d52-4ef3-adad-6b5a83f48fc5|10.1.0.24:15032, ded5b85a-ec0d-4a71-9db9-83b101b9c9ad|10.1.0.24:15014]|listeners:[], old=null
2023-12-18 19:17:12,117 [ded5b85a-ec0d-4a71-9db9-83b101b9c9ad-server-thread2] INFO  segmented.SegmentedRaftLogWorker (SegmentedRaftLogWorker.java:startLogSegment(428)) - ded5b85a-ec0d-4a71-9db9-83b101b9c9ad@group-40B91FD49D0E-SegmentedRaftLogWorker: Starting segment from index:0
2023-12-18 19:17:12,118 [93699071-0d52-4ef3-adad-6b5a83f48fc5-server-thread1] INFO  segmented.SegmentedRaftLogWorker (SegmentedRaftLogWorker.java:startLogSegment(428)) - 93699071-0d52-4ef3-adad-6b5a83f48fc5@group-40B91FD49D0E-SegmentedRaftLogWorker: Starting segment from index:0
2023-12-18 19:17:12,129 [ded5b85a-ec0d-4a71-9db9-83b101b9c9ad@group-40B91FD49D0E-SegmentedRaftLogWorker] INFO  segmented.SegmentedRaftLogWorker (SegmentedRaftLogWorker.java:execute(632)) - ded5b85a-ec0d-4a71-9db9-83b101b9c9ad@group-40B91FD49D0E-SegmentedRaftLogWorker: created new log segment /home/runner/work/ozone/ozone/hadoop-ozone/integration-test/target/test-dir/MiniOzoneClusterImpl-15bbe3be-e687-4529-b164-2adc82dffbd7/datanode-0/data/ratis/97f79b5c-2b37-4d8f-9b11-40b91fd49d0e/current/log_inprogress_0
2023-12-18 19:17:12,129 [93699071-0d52-4ef3-adad-6b5a83f48fc5@group-40B91FD49D0E-SegmentedRaftLogWorker] INFO  segmented.SegmentedRaftLogWorker (SegmentedRaftLogWorker.java:execute(632)) - 93699071-0d52-4ef3-adad-6b5a83f48fc5@group-40B91FD49D0E-SegmentedRaftLogWorker: created new log segment /home/runner/work/ozone/ozone/hadoop-ozone/integration-test/target/test-dir/MiniOzoneClusterImpl-15bbe3be-e687-4529-b164-2adc82dffbd7/datanode-2/data/ratis/97f79b5c-2b37-4d8f-9b11-40b91fd49d0e/current/log_inprogress_0
2023-12-18 19:17:12,133 [089733a5-f6c3-45b8-9d3f-1c158e6a3dcf@group-40B91FD49D0E-StateMachineUpdater] INFO  server.RaftServer$Division (LeaderStateImpl.java:isApplied(316)) - leader is ready since appliedIndex == 0 >= startIndex == 0
2023-12-18 19:17:12,160 [93699071-0d52-4ef3-adad-6b5a83f48fc5-BlockDeletingService#7] INFO  interfaces.ContainerDeletionChoosingPolicyTemplate (ContainerDeletionChoosingPolicyTemplate.java:chooseContainerForBlockDeletion(85)) - Chosen 0/5000 blocks from 0 candidate containers.
2023-12-18 19:17:12,181 [089733a5-f6c3-45b8-9d3f-1c158e6a3dcf-BlockDeletingService#2] INFO  interfaces.ContainerDeletionChoosingPolicyTemplate (ContainerDeletionChoosingPolicyTemplate.java:chooseContainerForBlockDeletion(85)) - Chosen 0/5000 blocks from 0 candidate containers.
2023-12-18 19:17:12,211 [ded5b85a-ec0d-4a71-9db9-83b101b9c9ad-BlockDeletingService#6] INFO  interfaces.ContainerDeletionChoosingPolicyTemplate (ContainerDeletionChoosingPolicyTemplate.java:chooseContainerForBlockDeletion(85)) - Chosen 0/5000 blocks from 0 candidate containers.
2023-12-18 19:17:12,261 [93699071-0d52-4ef3-adad-6b5a83f48fc5-BlockDeletingService#7] INFO  interfaces.ContainerDeletionChoosingPolicyTemplate (ContainerDeletionChoosingPolicyTemplate.java:chooseContainerForBlockDeletion(85)) - Chosen 0/5000 blocks from 0 candidate containers.
2023-12-18 19:17:12,281 [089733a5-f6c3-45b8-9d3f-1c158e6a3dcf-BlockDeletingService#2] INFO  interfaces.ContainerDeletionChoosingPolicyTemplate (ContainerDeletionChoosingPolicyTemplate.java:chooseContainerForBlockDeletion(85)) - Chosen 0/5000 blocks from 0 candidate containers.
2023-12-18 19:17:12,311 [ded5b85a-ec0d-4a71-9db9-83b101b9c9ad-BlockDeletingService#6] INFO  interfaces.ContainerDeletionChoosingPolicyTemplate (ContainerDeletionChoosingPolicyTemplate.java:chooseContainerForBlockDeletion(85)) - Chosen 0/5000 blocks from 0 candidate containers.
2023-12-18 19:17:12,361 [93699071-0d52-4ef3-adad-6b5a83f48fc5-BlockDeletingService#7] INFO  interfaces.ContainerDeletionChoosingPolicyTemplate (ContainerDeletionChoosingPolicyTemplate.java:chooseContainerForBlockDeletion(85)) - Chosen 0/5000 blocks from 0 candidate containers.
2023-12-18 19:17:12,382 [089733a5-f6c3-45b8-9d3f-1c158e6a3dcf-BlockDeletingService#2] INFO  interfaces.ContainerDeletionChoosingPolicyTemplate (ContainerDeletionChoosingPolicyTemplate.java:chooseContainerForBlockDeletion(85)) - Chosen 0/5000 blocks from 0 candidate containers.
2023-12-18 19:17:12,411 [ded5b85a-ec0d-4a71-9db9-83b101b9c9ad-BlockDeletingService#6] INFO  interfaces.ContainerDeletionChoosingPolicyTemplate (ContainerDeletionChoosingPolicyTemplate.java:chooseContainerForBlockDeletion(85)) - Chosen 0/5000 blocks from 0 candidate containers.
2023-12-18 19:17:12,461 [93699071-0d52-4ef3-adad-6b5a83f48fc5-BlockDeletingService#7] INFO  interfaces.ContainerDeletionChoosingPolicyTemplate (ContainerDeletionChoosingPolicyTemplate.java:chooseContainerForBlockDeletion(85)) - Chosen 0/5000 blocks from 0 candidate containers.
2023-12-18 19:17:12,482 [089733a5-f6c3-45b8-9d3f-1c158e6a3dcf-BlockDeletingService#2] INFO  interfaces.ContainerDeletionChoosingPolicyTemplate (ContainerDeletionChoosingPolicyTemplate.java:chooseContainerForBlockDeletion(85)) - Chosen 0/5000 blocks from 0 candidate containers.
2023-12-18 19:17:12,512 [ded5b85a-ec0d-4a71-9db9-83b101b9c9ad-BlockDeletingService#6] INFO  interfaces.ContainerDeletionChoosingPolicyTemplate (ContainerDeletionChoosingPolicyTemplate.java:chooseContainerForBlockDeletion(85)) - Chosen 0/5000 blocks from 0 candidate containers.
2023-12-18 19:17:12,561 [93699071-0d52-4ef3-adad-6b5a83f48fc5-BlockDeletingService#7] INFO  interfaces.ContainerDeletionChoosingPolicyTemplate (ContainerDeletionChoosingPolicyTemplate.java:chooseContainerForBlockDeletion(85)) - Chosen 0/5000 blocks from 0 candidate containers.
2023-12-18 19:17:12,582 [089733a5-f6c3-45b8-9d3f-1c158e6a3dcf-BlockDeletingService#2] INFO  interfaces.ContainerDeletionChoosingPolicyTemplate (ContainerDeletionChoosingPolicyTemplate.java:chooseContainerForBlockDeletion(85)) - Chosen 0/5000 blocks from 0 candidate containers.
2023-12-18 19:17:12,612 [ded5b85a-ec0d-4a71-9db9-83b101b9c9ad-BlockDeletingService#6] INFO  interfaces.ContainerDeletionChoosingPolicyTemplate (ContainerDeletionChoosingPolicyTemplate.java:chooseContainerForBlockDeletion(85)) - Chosen 0/5000 blocks from 0 candidate containers.
2023-12-18 19:17:12,661 [93699071-0d52-4ef3-adad-6b5a83f48fc5-BlockDeletingService#7] INFO  interfaces.ContainerDeletionChoosingPolicyTemplate (ContainerDeletionChoosingPolicyTemplate.java:chooseContainerForBlockDeletion(85)) - Chosen 0/5000 blocks from 0 candidate containers.
2023-12-18 19:17:12,682 [089733a5-f6c3-45b8-9d3f-1c158e6a3dcf-BlockDeletingService#2] INFO  interfaces.ContainerDeletionChoosingPolicyTemplate (ContainerDeletionChoosingPolicyTemplate.java:chooseContainerForBlockDeletion(85)) - Chosen 0/5000 blocks from 0 candidate containers.
2023-12-18 19:17:12,712 [ded5b85a-ec0d-4a71-9db9-83b101b9c9ad-BlockDeletingService#6] INFO  interfaces.ContainerDeletionChoosingPolicyTemplate (ContainerDeletionChoosingPolicyTemplate.java:chooseContainerForBlockDeletion(85)) - Chosen 0/5000 blocks from 0 candidate containers.
2023-12-18 19:17:12,761 [93699071-0d52-4ef3-adad-6b5a83f48fc5-BlockDeletingService#7] INFO  interfaces.ContainerDeletionChoosingPolicyTemplate (ContainerDeletionChoosingPolicyTemplate.java:chooseContainerForBlockDeletion(85)) - Chosen 0/5000 blocks from 0 candidate containers.
2023-12-18 19:17:12,782 [089733a5-f6c3-45b8-9d3f-1c158e6a3dcf-BlockDeletingService#2] INFO  interfaces.ContainerDeletionChoosingPolicyTemplate (ContainerDeletionChoosingPolicyTemplate.java:chooseContainerForBlockDeletion(85)) - Chosen 0/5000 blocks from 0 candidate containers.
2023-12-18 19:17:12,811 [main] INFO  ozone.MiniOzoneClusterImpl (MiniOzoneClusterImpl.java:lambda$waitForClusterToBeReady$0(230)) - Nodes are ready. Got 3 of 3 DN Heartbeats.
2023-12-18 19:17:12,811 [main] INFO  ozone.MiniOzoneClusterImpl (MiniOzoneClusterImpl.java:lambda$waitForClusterToBeReady$0(233)) - Cluster exits safe mode
2023-12-18 19:17:12,812 [main] INFO  ozone.MiniOzoneClusterImpl (MiniOzoneClusterImpl.java:lambda$waitForClusterToBeReady$0(235)) - SCM became leader
2023-12-18 19:17:12,812 [ded5b85a-ec0d-4a71-9db9-83b101b9c9ad-BlockDeletingService#6] INFO  interfaces.ContainerDeletionChoosingPolicyTemplate (ContainerDeletionChoosingPolicyTemplate.java:chooseContainerForBlockDeletion(85)) - Chosen 0/5000 blocks from 0 candidate containers.
2023-12-18 19:17:12,862 [93699071-0d52-4ef3-adad-6b5a83f48fc5-BlockDeletingService#7] INFO  interfaces.ContainerDeletionChoosingPolicyTemplate (ContainerDeletionChoosingPolicyTemplate.java:chooseContainerForBlockDeletion(85)) - Chosen 0/5000 blocks from 0 candidate containers.
2023-12-18 19:17:12,882 [089733a5-f6c3-45b8-9d3f-1c158e6a3dcf-BlockDeletingService#2] INFO  interfaces.ContainerDeletionChoosingPolicyTemplate (ContainerDeletionChoosingPolicyTemplate.java:chooseContainerForBlockDeletion(85)) - Chosen 0/5000 blocks from 0 candidate containers.
2023-12-18 19:17:12,912 [ded5b85a-ec0d-4a71-9db9-83b101b9c9ad-BlockDeletingService#6] INFO  interfaces.ContainerDeletionChoosingPolicyTemplate (ContainerDeletionChoosingPolicyTemplate.java:chooseContainerForBlockDeletion(85)) - Chosen 0/5000 blocks from 0 candidate containers.
2023-12-18 19:17:12,962 [93699071-0d52-4ef3-adad-6b5a83f48fc5-BlockDeletingService#7] INFO  interfaces.ContainerDeletionChoosingPolicyTemplate (ContainerDeletionChoosingPolicyTemplate.java:chooseContainerForBlockDeletion(85)) - Chosen 0/5000 blocks from 0 candidate containers.
2023-12-18 19:17:12,983 [089733a5-f6c3-45b8-9d3f-1c158e6a3dcf-BlockDeletingService#2] INFO  interfaces.ContainerDeletionChoosingPolicyTemplate (ContainerDeletionChoosingPolicyTemplate.java:chooseContainerForBlockDeletion(85)) - Chosen 0/5000 blocks from 0 candidate containers.
2023-12-18 19:17:13,012 [ded5b85a-ec0d-4a71-9db9-83b101b9c9ad-BlockDeletingService#6] INFO  interfaces.ContainerDeletionChoosingPolicyTemplate (ContainerDeletionChoosingPolicyTemplate.java:chooseContainerForBlockDeletion(85)) - Chosen 0/5000 blocks from 0 candidate containers.
2023-12-18 19:17:13,062 [93699071-0d52-4ef3-adad-6b5a83f48fc5-BlockDeletingService#7] INFO  interfaces.ContainerDeletionChoosingPolicyTemplate (ContainerDeletionChoosingPolicyTemplate.java:chooseContainerForBlockDeletion(85)) - Chosen 0/5000 blocks from 0 candidate containers.
2023-12-18 19:17:13,083 [089733a5-f6c3-45b8-9d3f-1c158e6a3dcf-BlockDeletingService#2] INFO  interfaces.ContainerDeletionChoosingPolicyTemplate (ContainerDeletionChoosingPolicyTemplate.java:chooseContainerForBlockDeletion(85)) - Chosen 0/5000 blocks from 0 candidate containers.
2023-12-18 19:17:13,113 [ded5b85a-ec0d-4a71-9db9-83b101b9c9ad-BlockDeletingService#6] INFO  interfaces.ContainerDeletionChoosingPolicyTemplate (ContainerDeletionChoosingPolicyTemplate.java:chooseContainerForBlockDeletion(85)) - Chosen 0/5000 blocks from 0 candidate containers.
2023-12-18 19:17:13,162 [93699071-0d52-4ef3-adad-6b5a83f48fc5-BlockDeletingService#7] INFO  interfaces.ContainerDeletionChoosingPolicyTemplate (ContainerDeletionChoosingPolicyTemplate.java:chooseContainerForBlockDeletion(85)) - Chosen 0/5000 blocks from 0 candidate containers.
2023-12-18 19:17:13,173 [main] INFO  rpc.RpcClient (RpcClient.java:createVolume(456)) - Creating Volume: testcontainerstatemachinefailures, with runner as owner and space quota set to -1 bytes, counts quota set to -1
2023-12-18 19:17:13,183 [089733a5-f6c3-45b8-9d3f-1c158e6a3dcf-BlockDeletingService#2] INFO  interfaces.ContainerDeletionChoosingPolicyTemplate (ContainerDeletionChoosingPolicyTemplate.java:chooseContainerForBlockDeletion(85)) - Chosen 0/5000 blocks from 0 candidate containers.
2023-12-18 19:17:13,213 [om1-OMStateMachineApplyTransactionThread - 0] INFO  volume.OMVolumeCreateRequest (OMVolumeCreateRequest.java:validateAndUpdateCache(197)) - created volume:testcontainerstatemachinefailures for user:runner
2023-12-18 19:17:13,213 [ded5b85a-ec0d-4a71-9db9-83b101b9c9ad-BlockDeletingService#6] INFO  interfaces.ContainerDeletionChoosingPolicyTemplate (ContainerDeletionChoosingPolicyTemplate.java:chooseContainerForBlockDeletion(85)) - Chosen 0/5000 blocks from 0 candidate containers.
2023-12-18 19:17:13,220 [om1-OMDoubleBufferFlushThread] INFO  helpers.OmKeyInfo (OmKeyInfo.java:getCodec(71)) - OmKeyInfo.getCodec ignorePipeline = true
2023-12-18 19:17:13,220 [om1-OMDoubleBufferFlushThread] INFO  helpers.OmKeyInfo (OmKeyInfo.java:getCodec(71)) - OmKeyInfo.getCodec ignorePipeline = true
2023-12-18 19:17:13,220 [om1-OMDoubleBufferFlushThread] INFO  helpers.OmKeyInfo (OmKeyInfo.java:getCodec(71)) - OmKeyInfo.getCodec ignorePipeline = true
2023-12-18 19:17:13,220 [om1-OMDoubleBufferFlushThread] INFO  helpers.OmKeyInfo (OmKeyInfo.java:getCodec(71)) - OmKeyInfo.getCodec ignorePipeline = true
2023-12-18 19:17:13,220 [om1-OMDoubleBufferFlushThread] INFO  helpers.OmKeyInfo (OmKeyInfo.java:getCodec(71)) - OmKeyInfo.getCodec ignorePipeline = true
2023-12-18 19:17:13,230 [main] INFO  rpc.RpcClient (RpcClient.java:createBucket(683)) - Creating Bucket: testcontainerstatemachinefailures/testcontainerstatemachinefailures, with server-side default bucket layout, runner as owner, Versioning false, Storage Type set to DISK and Encryption set to false, Replication Type set to server-side default replication type, Namespace Quota set to -1, Space Quota set to -1 
2023-12-18 19:17:13,240 [om1-OMStateMachineApplyTransactionThread - 0] INFO  bucket.OMBucketCreateRequest (OMBucketCreateRequest.java:validateAndUpdateCache(295)) - created bucket: testcontainerstatemachinefailures of layout FILE_SYSTEM_OPTIMIZED in volume: testcontainerstatemachinefailures
2023-12-18 19:17:13,263 [93699071-0d52-4ef3-adad-6b5a83f48fc5-BlockDeletingService#7] INFO  interfaces.ContainerDeletionChoosingPolicyTemplate (ContainerDeletionChoosingPolicyTemplate.java:chooseContainerForBlockDeletion(85)) - Chosen 0/5000 blocks from 0 candidate containers.
2023-12-18 19:17:13,283 [089733a5-f6c3-45b8-9d3f-1c158e6a3dcf-BlockDeletingService#8] INFO  interfaces.ContainerDeletionChoosingPolicyTemplate (ContainerDeletionChoosingPolicyTemplate.java:chooseContainerForBlockDeletion(85)) - Chosen 0/5000 blocks from 0 candidate containers.
2023-12-18 19:17:13,298 [IPC Server handler 0 on default port 15001] INFO  ha.SequenceIdGenerator (SequenceIdGenerator.java:getNextId(145)) - Allocate a batch for containerId, change lastId from 0 to 1000.
2023-12-18 19:17:13,305 [IPC Server handler 0 on default port 15001] WARN  ha.SequenceIdGenerator (SequenceIdGenerator.java:allocateBatch(258)) - Failed to allocate a batch for localId, expected lastId is 0, actual lastId is 111677748019200000.
2023-12-18 19:17:13,305 [IPC Server handler 0 on default port 15001] INFO  ha.SequenceIdGenerator (SequenceIdGenerator.java:getNextId(145)) - Allocate a batch for localId, change lastId from 111677748019200000 to 111677748019201000.
2023-12-18 19:17:13,306 [IPC Server handler 0 on default port 15001] WARN  node.SCMNodeManager (SCMNodeManager.java:getNodesByAddress(1440)) - address is null
2023-12-18 19:17:13,313 [ded5b85a-ec0d-4a71-9db9-83b101b9c9ad-BlockDeletingService#6] INFO  interfaces.ContainerDeletionChoosingPolicyTemplate (ContainerDeletionChoosingPolicyTemplate.java:chooseContainerForBlockDeletion(85)) - Chosen 0/5000 blocks from 0 candidate containers.
2023-12-18 19:17:13,363 [93699071-0d52-4ef3-adad-6b5a83f48fc5-BlockDeletingService#7] INFO  interfaces.ContainerDeletionChoosingPolicyTemplate (ContainerDeletionChoosingPolicyTemplate.java:chooseContainerForBlockDeletion(85)) - Chosen 0/5000 blocks from 0 candidate containers.
2023-12-18 19:17:13,370 [main] INFO  impl.MetricsSystemImpl (MetricsSystemImpl.java:init(158)) - XceiverClientMetrics metrics system started (again)
2023-12-18 19:17:13,370 [main] INFO  lib.Interns (Interns.java:removeEldestEntry(50)) - Metrics intern cache overflow at 2011 for MetricsSystem={MetricsSystem=MetricsInfoImpl{name=MetricsSystem, description=MetricsSystem}, MetricsSystem record=MetricsInfoImpl{name=MetricsSystem, description=MetricsSystem record}}
2023-12-18 19:17:13,384 [089733a5-f6c3-45b8-9d3f-1c158e6a3dcf-BlockDeletingService#8] INFO  interfaces.ContainerDeletionChoosingPolicyTemplate (ContainerDeletionChoosingPolicyTemplate.java:chooseContainerForBlockDeletion(85)) - Chosen 0/5000 blocks from 0 candidate containers.
2023-12-18 19:17:13,384 [main] INFO  ozoneimpl.OzoneContainer (OzoneContainer.java:stop(463)) - Attempting to stop container services.
2023-12-18 19:17:13,388 [main] INFO  server.RaftServer (RaftServerProxy.java:lambda$close$9(416)) - 93699071-0d52-4ef3-adad-6b5a83f48fc5: close
2023-12-18 19:17:13,407 [93699071-0d52-4ef3-adad-6b5a83f48fc5-impl-thread1] INFO  server.RaftServer$Division (RaftServerImpl.java:lambda$close$3(516)) - 93699071-0d52-4ef3-adad-6b5a83f48fc5@group-40B91FD49D0E: shutdown
2023-12-18 19:17:13,407 [93699071-0d52-4ef3-adad-6b5a83f48fc5-impl-thread1] INFO  util.JmxRegister (JmxRegister.java:unregister(73)) - Successfully un-registered JMX Bean with object name Ratis:service=RaftServer,group=group-40B91FD49D0E,id=93699071-0d52-4ef3-adad-6b5a83f48fc5
2023-12-18 19:17:13,407 [93699071-0d52-4ef3-adad-6b5a83f48fc5-impl-thread1] INFO  impl.RoleInfo (RoleInfo.java:shutdownFollowerState(110)) - 93699071-0d52-4ef3-adad-6b5a83f48fc5: shutdown 93699071-0d52-4ef3-adad-6b5a83f48fc5@group-40B91FD49D0E-FollowerState
2023-12-18 19:17:13,407 [93699071-0d52-4ef3-adad-6b5a83f48fc5@group-40B91FD49D0E-FollowerState] INFO  impl.FollowerState (FollowerState.java:run(152)) - 93699071-0d52-4ef3-adad-6b5a83f48fc5@group-40B91FD49D0E-FollowerState was interrupted
2023-12-18 19:17:13,407 [93699071-0d52-4ef3-adad-6b5a83f48fc5-impl-thread1] INFO  impl.StateMachineUpdater (StateMachineUpdater.java:stopAndJoin(157)) - 93699071-0d52-4ef3-adad-6b5a83f48fc5@group-40B91FD49D0E-StateMachineUpdater: set stopIndex = -1
2023-12-18 19:17:13,409 [93699071-0d52-4ef3-adad-6b5a83f48fc5-impl-thread1] INFO  server.RaftServer$Division (ServerState.java:close(423)) - 93699071-0d52-4ef3-adad-6b5a83f48fc5@group-40B91FD49D0E: applyIndex: -1
2023-12-18 19:17:13,409 [main] INFO  server.GrpcService (GrpcService.java:closeImpl(311)) - 93699071-0d52-4ef3-adad-6b5a83f48fc5: shutdown server org.apache.ratis.grpc.server.GrpcClientProtocolService now
2023-12-18 19:17:13,408 [93699071-0d52-4ef3-adad-6b5a83f48fc5-impl-thread2] INFO  server.RaftServer$Division (RaftServerImpl.java:lambda$close$3(516)) - 93699071-0d52-4ef3-adad-6b5a83f48fc5@group-B54A14C830B8: shutdown
2023-12-18 19:17:13,409 [93699071-0d52-4ef3-adad-6b5a83f48fc5-impl-thread2] INFO  util.JmxRegister (JmxRegister.java:unregister(73)) - Successfully un-registered JMX Bean with object name Ratis:service=RaftServer,group=group-B54A14C830B8,id=93699071-0d52-4ef3-adad-6b5a83f48fc5
2023-12-18 19:17:13,409 [93699071-0d52-4ef3-adad-6b5a83f48fc5-impl-thread2] INFO  impl.RoleInfo (RoleInfo.java:shutdownLeaderState(94)) - 93699071-0d52-4ef3-adad-6b5a83f48fc5: shutdown 93699071-0d52-4ef3-adad-6b5a83f48fc5@group-B54A14C830B8-LeaderStateImpl
2023-12-18 19:17:13,409 [93699071-0d52-4ef3-adad-6b5a83f48fc5@group-40B91FD49D0E-cacheEviction-AwaitToRun] INFO  util.AwaitToRun (AwaitToRun.java:run(49)) - 93699071-0d52-4ef3-adad-6b5a83f48fc5@group-40B91FD49D0E-cacheEviction-AwaitToRun-AwaitForSignal is interrupted
2023-12-18 19:17:13,410 [93699071-0d52-4ef3-adad-6b5a83f48fc5-impl-thread2] INFO  impl.PendingRequests (PendingRequests.java:sendNotLeaderResponses(289)) - 93699071-0d52-4ef3-adad-6b5a83f48fc5@group-B54A14C830B8-PendingRequests: sendNotLeaderResponses
2023-12-18 19:17:13,412 [93699071-0d52-4ef3-adad-6b5a83f48fc5@group-B54A14C830B8-StateMachineUpdater] INFO  ratis.ContainerStateMachine (ContainerStateMachine.java:takeSnapshot(355)) - group-B54A14C830B8: Taking a snapshot at:(t:1, i:0) file /home/runner/work/ozone/ozone/hadoop-ozone/integration-test/target/test-dir/MiniOzoneClusterImpl-15bbe3be-e687-4529-b164-2adc82dffbd7/datanode-2/data/ratis/95d442ec-00fb-43e2-be7d-b54a14c830b8/sm/snapshot.1_0
2023-12-18 19:17:13,411 [93699071-0d52-4ef3-adad-6b5a83f48fc5-impl-thread2] INFO  impl.StateMachineUpdater (StateMachineUpdater.java:stopAndJoin(157)) - 93699071-0d52-4ef3-adad-6b5a83f48fc5@group-B54A14C830B8-StateMachineUpdater: set stopIndex = 0
2023-12-18 19:17:13,413 [ded5b85a-ec0d-4a71-9db9-83b101b9c9ad-BlockDeletingService#6] INFO  interfaces.ContainerDeletionChoosingPolicyTemplate (ContainerDeletionChoosingPolicyTemplate.java:chooseContainerForBlockDeletion(85)) - Chosen 0/5000 blocks from 0 candidate containers.
2023-12-18 19:17:13,420 [main] INFO  server.GrpcService (GrpcService.java:closeImpl(320)) - 93699071-0d52-4ef3-adad-6b5a83f48fc5: shutdown server org.apache.ratis.grpc.server.GrpcClientProtocolService successfully
2023-12-18 19:17:13,420 [main] INFO  server.GrpcService (GrpcService.java:closeImpl(311)) - 93699071-0d52-4ef3-adad-6b5a83f48fc5: shutdown server GrpcServerProtocolService now
2023-12-18 19:17:13,429 [grpc-default-executor-1] WARN  server.GrpcServerProtocolService (LogUtils.java:warn(121)) - 93699071-0d52-4ef3-adad-6b5a83f48fc5: APPEND_ENTRIES onError, lastRequest: 089733a5-f6c3-45b8-9d3f-1c158e6a3dcf->93699071-0d52-4ef3-adad-6b5a83f48fc5#1-t1,previous=(t:0, i:0),leaderCommit=-1,initializing? true,entries: size=1, first=(t:1, i:0), CONFIGURATIONENTRY(current:id: "089733a5-f6c3-45b8-9d3f-1c158e6a3dcf"
address: "10.1.0.24:15023"
priority: 1
dataStreamAddress: "10.1.0.24:15024"
clientAddress: "10.1.0.24:15021"
adminAddress: "10.1.0.24:15022"
startupRole: FOLLOWER
,id: "93699071-0d52-4ef3-adad-6b5a83f48fc5"
address: "10.1.0.24:15032"
dataStreamAddress: "10.1.0.24:15033"
clientAddress: "10.1.0.24:15030"
adminAddress: "10.1.0.24:15031"
startupRole: FOLLOWER
,id: "ded5b85a-ec0d-4a71-9db9-83b101b9c9ad"
address: "10.1.0.24:15014"
dataStreamAddress: "10.1.0.24:15015"
clientAddress: "10.1.0.24:15012"
adminAddress: "10.1.0.24:15013"
startupRole: FOLLOWER
, old:): org.apache.ratis.thirdparty.io.grpc.StatusRuntimeException: CANCELLED: client cancelled
2023-12-18 19:17:13,430 [grpc-default-executor-0] WARN  server.GrpcServerProtocolService (LogUtils.java:warn(121)) - 93699071-0d52-4ef3-adad-6b5a83f48fc5: APPEND_ENTRIES onError, lastRequest: null: org.apache.ratis.thirdparty.io.grpc.StatusRuntimeException: CANCELLED: client cancelled
2023-12-18 19:17:13,435 [grpc-default-executor-5] WARN  server.GrpcLogAppender (LogUtils.java:warn(121)) - 089733a5-f6c3-45b8-9d3f-1c158e6a3dcf@group-40B91FD49D0E->93699071-0d52-4ef3-adad-6b5a83f48fc5-AppendLogResponseHandler: Failed appendEntries: org.apache.ratis.thirdparty.io.grpc.StatusRuntimeException: CANCELLED: RST_STREAM closed stream. HTTP/2 error code: CANCEL
2023-12-18 19:17:13,435 [grpc-default-executor-4] WARN  server.GrpcLogAppender (LogUtils.java:warn(121)) - 089733a5-f6c3-45b8-9d3f-1c158e6a3dcf@group-40B91FD49D0E->93699071-0d52-4ef3-adad-6b5a83f48fc5-AppendLogResponseHandler: Failed appendEntries: org.apache.ratis.thirdparty.io.grpc.StatusRuntimeException: CANCELLED: RST_STREAM closed stream. HTTP/2 error code: CANCEL
2023-12-18 19:17:13,436 [main] INFO  server.GrpcService (GrpcService.java:closeImpl(320)) - 93699071-0d52-4ef3-adad-6b5a83f48fc5: shutdown server GrpcServerProtocolService successfully
2023-12-18 19:17:13,437 [main] INFO  server.GrpcService (GrpcService.java:closeImpl(311)) - 93699071-0d52-4ef3-adad-6b5a83f48fc5: shutdown server org.apache.ratis.grpc.server.GrpcAdminProtocolService now
2023-12-18 19:17:13,438 [grpc-default-executor-4] WARN  server.GrpcLogAppender (GrpcLogAppender.java:resetClient(140)) - 089733a5-f6c3-45b8-9d3f-1c158e6a3dcf@group-40B91FD49D0E->93699071-0d52-4ef3-adad-6b5a83f48fc5-GrpcLogAppender: Follower failed and request == null,  keep nextIndex (1) unchanged and retry.
2023-12-18 19:17:13,438 [grpc-default-executor-5] WARN  server.GrpcLogAppender (GrpcLogAppender.java:resetClient(140)) - 089733a5-f6c3-45b8-9d3f-1c158e6a3dcf@group-40B91FD49D0E->93699071-0d52-4ef3-adad-6b5a83f48fc5-GrpcLogAppender: Follower failed and request == null,  keep nextIndex (1) unchanged and retry.
2023-12-18 19:17:13,442 [main] INFO  server.GrpcService (GrpcService.java:closeImpl(320)) - 93699071-0d52-4ef3-adad-6b5a83f48fc5: shutdown server org.apache.ratis.grpc.server.GrpcAdminProtocolService successfully
2023-12-18 19:17:13,443 [93699071-0d52-4ef3-adad-6b5a83f48fc5-NettyServerStreamRpc-bossGroup--thread1] INFO  logging.LoggingHandler (AbstractInternalLogger.java:log(148)) - [id: 0xdd99d753, L:/0.0.0.0:15033] CLOSE
2023-12-18 19:17:13,443 [93699071-0d52-4ef3-adad-6b5a83f48fc5-NettyServerStreamRpc-bossGroup--thread1] INFO  logging.LoggingHandler (AbstractInternalLogger.java:log(148)) - [id: 0xdd99d753, L:/0.0.0.0:15033] INACTIVE
2023-12-18 19:17:13,443 [93699071-0d52-4ef3-adad-6b5a83f48fc5-NettyServerStreamRpc-bossGroup--thread1] INFO  logging.LoggingHandler (AbstractInternalLogger.java:log(148)) - [id: 0xdd99d753, L:/0.0.0.0:15033] UNREGISTERED
2023-12-18 19:17:13,446 [93699071-0d52-4ef3-adad-6b5a83f48fc5@group-B54A14C830B8-StateMachineUpdater] INFO  ratis.ContainerStateMachine (ContainerStateMachine.java:takeSnapshot(366)) - group-B54A14C830B8: Finished taking a snapshot at:(t:1, i:0) file:/home/runner/work/ozone/ozone/hadoop-ozone/integration-test/target/test-dir/MiniOzoneClusterImpl-15bbe3be-e687-4529-b164-2adc82dffbd7/datanode-2/data/ratis/95d442ec-00fb-43e2-be7d-b54a14c830b8/sm/snapshot.1_0 took: 34 ms
2023-12-18 19:17:13,453 [93699071-0d52-4ef3-adad-6b5a83f48fc5@group-B54A14C830B8-StateMachineUpdater] INFO  impl.StateMachineUpdater (StateMachineUpdater.java:takeSnapshot(295)) - 93699071-0d52-4ef3-adad-6b5a83f48fc5@group-B54A14C830B8-StateMachineUpdater: Took a snapshot at index 0
2023-12-18 19:17:13,453 [93699071-0d52-4ef3-adad-6b5a83f48fc5@group-B54A14C830B8-StateMachineUpdater] INFO  impl.StateMachineUpdater (StateMachineUpdater.java:lambda$new$0(98)) - 93699071-0d52-4ef3-adad-6b5a83f48fc5@group-B54A14C830B8-StateMachineUpdater: snapshotIndex: updateIncreasingly -1 -> 0
2023-12-18 19:17:13,463 [93699071-0d52-4ef3-adad-6b5a83f48fc5-BlockDeletingService#7] INFO  interfaces.ContainerDeletionChoosingPolicyTemplate (ContainerDeletionChoosingPolicyTemplate.java:chooseContainerForBlockDeletion(85)) - Chosen 0/5000 blocks from 0 candidate containers.
2023-12-18 19:17:13,463 [93699071-0d52-4ef3-adad-6b5a83f48fc5-impl-thread2] INFO  server.RaftServer$Division (ServerState.java:close(423)) - 93699071-0d52-4ef3-adad-6b5a83f48fc5@group-B54A14C830B8: applyIndex: 0
2023-12-18 19:17:13,463 [93699071-0d52-4ef3-adad-6b5a83f48fc5@group-B54A14C830B8-cacheEviction-AwaitToRun] INFO  util.AwaitToRun (AwaitToRun.java:run(49)) - 93699071-0d52-4ef3-adad-6b5a83f48fc5@group-B54A14C830B8-cacheEviction-AwaitToRun-AwaitForSignal is interrupted
2023-12-18 19:17:13,484 [089733a5-f6c3-45b8-9d3f-1c158e6a3dcf-BlockDeletingService#8] INFO  interfaces.ContainerDeletionChoosingPolicyTemplate (ContainerDeletionChoosingPolicyTemplate.java:chooseContainerForBlockDeletion(85)) - Chosen 0/5000 blocks from 0 candidate containers.
2023-12-18 19:17:13,513 [ded5b85a-ec0d-4a71-9db9-83b101b9c9ad-BlockDeletingService#6] INFO  interfaces.ContainerDeletionChoosingPolicyTemplate (ContainerDeletionChoosingPolicyTemplate.java:chooseContainerForBlockDeletion(85)) - Chosen 0/5000 blocks from 0 candidate containers.
2023-12-18 19:17:13,563 [93699071-0d52-4ef3-adad-6b5a83f48fc5-BlockDeletingService#7] INFO  interfaces.ContainerDeletionChoosingPolicyTemplate (ContainerDeletionChoosingPolicyTemplate.java:chooseContainerForBlockDeletion(85)) - Chosen 0/5000 blocks from 0 candidate containers.
2023-12-18 19:17:13,584 [089733a5-f6c3-45b8-9d3f-1c158e6a3dcf-BlockDeletingService#8] INFO  interfaces.ContainerDeletionChoosingPolicyTemplate (ContainerDeletionChoosingPolicyTemplate.java:chooseContainerForBlockDeletion(85)) - Chosen 0/5000 blocks from 0 candidate containers.
2023-12-18 19:17:13,614 [ded5b85a-ec0d-4a71-9db9-83b101b9c9ad-BlockDeletingService#6] INFO  interfaces.ContainerDeletionChoosingPolicyTemplate (ContainerDeletionChoosingPolicyTemplate.java:chooseContainerForBlockDeletion(85)) - Chosen 0/5000 blocks from 0 candidate containers.
2023-12-18 19:17:13,663 [93699071-0d52-4ef3-adad-6b5a83f48fc5-BlockDeletingService#7] INFO  interfaces.ContainerDeletionChoosingPolicyTemplate (ContainerDeletionChoosingPolicyTemplate.java:chooseContainerForBlockDeletion(85)) - Chosen 0/5000 blocks from 0 candidate containers.
2023-12-18 19:17:13,684 [089733a5-f6c3-45b8-9d3f-1c158e6a3dcf-BlockDeletingService#8] INFO  interfaces.ContainerDeletionChoosingPolicyTemplate (ContainerDeletionChoosingPolicyTemplate.java:chooseContainerForBlockDeletion(85)) - Chosen 0/5000 blocks from 0 candidate containers.
2023-12-18 19:17:13,714 [ded5b85a-ec0d-4a71-9db9-83b101b9c9ad-BlockDeletingService#6] INFO  interfaces.ContainerDeletionChoosingPolicyTemplate (ContainerDeletionChoosingPolicyTemplate.java:chooseContainerForBlockDeletion(85)) - Chosen 0/5000 blocks from 0 candidate containers.
2023-12-18 19:17:13,764 [93699071-0d52-4ef3-adad-6b5a83f48fc5-BlockDeletingService#7] INFO  interfaces.ContainerDeletionChoosingPolicyTemplate (ContainerDeletionChoosingPolicyTemplate.java:chooseContainerForBlockDeletion(85)) - Chosen 0/5000 blocks from 0 candidate containers.
2023-12-18 19:17:13,784 [089733a5-f6c3-45b8-9d3f-1c158e6a3dcf-BlockDeletingService#8] INFO  interfaces.ContainerDeletionChoosingPolicyTemplate (ContainerDeletionChoosingPolicyTemplate.java:chooseContainerForBlockDeletion(85)) - Chosen 0/5000 blocks from 0 candidate containers.
2023-12-18 19:17:13,814 [ded5b85a-ec0d-4a71-9db9-83b101b9c9ad-BlockDeletingService#6] INFO  interfaces.ContainerDeletionChoosingPolicyTemplate (ContainerDeletionChoosingPolicyTemplate.java:chooseContainerForBlockDeletion(85)) - Chosen 0/5000 blocks from 0 candidate containers.
2023-12-18 19:17:13,864 [93699071-0d52-4ef3-adad-6b5a83f48fc5-BlockDeletingService#7] INFO  interfaces.ContainerDeletionChoosingPolicyTemplate (ContainerDeletionChoosingPolicyTemplate.java:chooseContainerForBlockDeletion(85)) - Chosen 0/5000 blocks from 0 candidate containers.
2023-12-18 19:17:13,884 [089733a5-f6c3-45b8-9d3f-1c158e6a3dcf-BlockDeletingService#8] INFO  interfaces.ContainerDeletionChoosingPolicyTemplate (ContainerDeletionChoosingPolicyTemplate.java:chooseContainerForBlockDeletion(85)) - Chosen 0/5000 blocks from 0 candidate containers.
2023-12-18 19:17:13,914 [ded5b85a-ec0d-4a71-9db9-83b101b9c9ad-BlockDeletingService#6] INFO  interfaces.ContainerDeletionChoosingPolicyTemplate (ContainerDeletionChoosingPolicyTemplate.java:chooseContainerForBlockDeletion(85)) - Chosen 0/5000 blocks from 0 candidate containers.
2023-12-18 19:17:13,964 [93699071-0d52-4ef3-adad-6b5a83f48fc5-BlockDeletingService#7] INFO  interfaces.ContainerDeletionChoosingPolicyTemplate (ContainerDeletionChoosingPolicyTemplate.java:chooseContainerForBlockDeletion(85)) - Chosen 0/5000 blocks from 0 candidate containers.
2023-12-18 19:17:13,984 [089733a5-f6c3-45b8-9d3f-1c158e6a3dcf-BlockDeletingService#8] INFO  interfaces.ContainerDeletionChoosingPolicyTemplate (ContainerDeletionChoosingPolicyTemplate.java:chooseContainerForBlockDeletion(85)) - Chosen 0/5000 blocks from 0 candidate containers.
2023-12-18 19:17:14,014 [ded5b85a-ec0d-4a71-9db9-83b101b9c9ad-BlockDeletingService#6] INFO  interfaces.ContainerDeletionChoosingPolicyTemplate (ContainerDeletionChoosingPolicyTemplate.java:chooseContainerForBlockDeletion(85)) - Chosen 0/5000 blocks from 0 candidate containers.
2023-12-18 19:17:14,064 [93699071-0d52-4ef3-adad-6b5a83f48fc5-BlockDeletingService#7] INFO  interfaces.ContainerDeletionChoosingPolicyTemplate (ContainerDeletionChoosingPolicyTemplate.java:chooseContainerForBlockDeletion(85)) - Chosen 0/5000 blocks from 0 candidate containers.
2023-12-18 19:17:14,067 [93699071-0d52-4ef3-adad-6b5a83f48fc5-impl-thread2] INFO  segmented.SegmentedRaftLogWorker (SegmentedRaftLogWorker.java:close(243)) - 93699071-0d52-4ef3-adad-6b5a83f48fc5@group-B54A14C830B8-SegmentedRaftLogWorker close()
2023-12-18 19:17:14,085 [089733a5-f6c3-45b8-9d3f-1c158e6a3dcf-BlockDeletingService#8] INFO  interfaces.ContainerDeletionChoosingPolicyTemplate (ContainerDeletionChoosingPolicyTemplate.java:chooseContainerForBlockDeletion(85)) - Chosen 0/5000 blocks from 0 candidate containers.
2023-12-18 19:17:14,114 [ded5b85a-ec0d-4a71-9db9-83b101b9c9ad-BlockDeletingService#6] INFO  interfaces.ContainerDeletionChoosingPolicyTemplate (ContainerDeletionChoosingPolicyTemplate.java:chooseContainerForBlockDeletion(85)) - Chosen 0/5000 blocks from 0 candidate containers.
2023-12-18 19:17:14,131 [93699071-0d52-4ef3-adad-6b5a83f48fc5-impl-thread1] INFO  segmented.SegmentedRaftLogWorker (SegmentedRaftLogWorker.java:close(243)) - 93699071-0d52-4ef3-adad-6b5a83f48fc5@group-40B91FD49D0E-SegmentedRaftLogWorker close()
2023-12-18 19:17:14,132 [JvmPauseMonitor4] INFO  util.JvmPauseMonitor (JvmPauseMonitor.java:run(152)) - JvmPauseMonitor-93699071-0d52-4ef3-adad-6b5a83f48fc5: Stopped
2023-12-18 19:17:14,164 [93699071-0d52-4ef3-adad-6b5a83f48fc5-BlockDeletingService#7] INFO  interfaces.ContainerDeletionChoosingPolicyTemplate (ContainerDeletionChoosingPolicyTemplate.java:chooseContainerForBlockDeletion(85)) - Chosen 0/5000 blocks from 0 candidate containers.
2023-12-18 19:17:14,185 [089733a5-f6c3-45b8-9d3f-1c158e6a3dcf-BlockDeletingService#8] INFO  interfaces.ContainerDeletionChoosingPolicyTemplate (ContainerDeletionChoosingPolicyTemplate.java:chooseContainerForBlockDeletion(85)) - Chosen 0/5000 blocks from 0 candidate containers.
2023-12-18 19:17:14,214 [ded5b85a-ec0d-4a71-9db9-83b101b9c9ad-BlockDeletingService#6] INFO  interfaces.ContainerDeletionChoosingPolicyTemplate (ContainerDeletionChoosingPolicyTemplate.java:chooseContainerForBlockDeletion(85)) - Chosen 0/5000 blocks from 0 candidate containers.
2023-12-18 19:17:14,264 [93699071-0d52-4ef3-adad-6b5a83f48fc5-BlockDeletingService#7] INFO  interfaces.ContainerDeletionChoosingPolicyTemplate (ContainerDeletionChoosingPolicyTemplate.java:chooseContainerForBlockDeletion(85)) - Chosen 0/5000 blocks from 0 candidate containers.
2023-12-18 19:17:14,285 [089733a5-f6c3-45b8-9d3f-1c158e6a3dcf-BlockDeletingService#8] INFO  interfaces.ContainerDeletionChoosingPolicyTemplate (ContainerDeletionChoosingPolicyTemplate.java:chooseContainerForBlockDeletion(85)) - Chosen 0/5000 blocks from 0 candidate containers.
2023-12-18 19:17:14,315 [ded5b85a-ec0d-4a71-9db9-83b101b9c9ad-BlockDeletingService#6] INFO  interfaces.ContainerDeletionChoosingPolicyTemplate (ContainerDeletionChoosingPolicyTemplate.java:chooseContainerForBlockDeletion(85)) - Chosen 0/5000 blocks from 0 candidate containers.
2023-12-18 19:17:14,364 [93699071-0d52-4ef3-adad-6b5a83f48fc5-BlockDeletingService#7] INFO  interfaces.ContainerDeletionChoosingPolicyTemplate (ContainerDeletionChoosingPolicyTemplate.java:chooseContainerForBlockDeletion(85)) - Chosen 0/5000 blocks from 0 candidate containers.
2023-12-18 19:17:14,385 [089733a5-f6c3-45b8-9d3f-1c158e6a3dcf-BlockDeletingService#8] INFO  interfaces.ContainerDeletionChoosingPolicyTemplate (ContainerDeletionChoosingPolicyTemplate.java:chooseContainerForBlockDeletion(85)) - Chosen 0/5000 blocks from 0 candidate containers.
2023-12-18 19:17:14,415 [ded5b85a-ec0d-4a71-9db9-83b101b9c9ad-BlockDeletingService#6] INFO  interfaces.ContainerDeletionChoosingPolicyTemplate (ContainerDeletionChoosingPolicyTemplate.java:chooseContainerForBlockDeletion(85)) - Chosen 0/5000 blocks from 0 candidate containers.
2023-12-18 19:17:14,465 [93699071-0d52-4ef3-adad-6b5a83f48fc5-BlockDeletingService#7] INFO  interfaces.ContainerDeletionChoosingPolicyTemplate (ContainerDeletionChoosingPolicyTemplate.java:chooseContainerForBlockDeletion(85)) - Chosen 0/5000 blocks from 0 candidate containers.
2023-12-18 19:17:14,485 [089733a5-f6c3-45b8-9d3f-1c158e6a3dcf-BlockDeletingService#8] INFO  interfaces.ContainerDeletionChoosingPolicyTemplate (ContainerDeletionChoosingPolicyTemplate.java:chooseContainerForBlockDeletion(85)) - Chosen 0/5000 blocks from 0 candidate containers.
2023-12-18 19:17:14,515 [ded5b85a-ec0d-4a71-9db9-83b101b9c9ad-BlockDeletingService#6] INFO  interfaces.ContainerDeletionChoosingPolicyTemplate (ContainerDeletionChoosingPolicyTemplate.java:chooseContainerForBlockDeletion(85)) - Chosen 0/5000 blocks from 0 candidate containers.
2023-12-18 19:17:14,565 [93699071-0d52-4ef3-adad-6b5a83f48fc5-BlockDeletingService#7] INFO  interfaces.ContainerDeletionChoosingPolicyTemplate (ContainerDeletionChoosingPolicyTemplate.java:chooseContainerForBlockDeletion(85)) - Chosen 0/5000 blocks from 0 candidate containers.
2023-12-18 19:17:14,585 [089733a5-f6c3-45b8-9d3f-1c158e6a3dcf-BlockDeletingService#8] INFO  interfaces.ContainerDeletionChoosingPolicyTemplate (ContainerDeletionChoosingPolicyTemplate.java:chooseContainerForBlockDeletion(85)) - Chosen 0/5000 blocks from 0 candidate containers.
2023-12-18 19:17:14,615 [ded5b85a-ec0d-4a71-9db9-83b101b9c9ad-BlockDeletingService#6] INFO  interfaces.ContainerDeletionChoosingPolicyTemplate (ContainerDeletionChoosingPolicyTemplate.java:chooseContainerForBlockDeletion(85)) - Chosen 0/5000 blocks from 0 candidate containers.
2023-12-18 19:17:14,640 [grpc-default-executor-0] WARN  server.GrpcLogAppender (LogUtils.java:warn(121)) - 089733a5-f6c3-45b8-9d3f-1c158e6a3dcf@group-40B91FD49D0E->93699071-0d52-4ef3-adad-6b5a83f48fc5-AppendLogResponseHandler: Failed appendEntries: org.apache.ratis.thirdparty.io.grpc.StatusRuntimeException: UNAVAILABLE: io exception
2023-12-18 19:17:14,640 [grpc-default-executor-2] WARN  server.GrpcLogAppender (LogUtils.java:warn(121)) - 089733a5-f6c3-45b8-9d3f-1c158e6a3dcf@group-40B91FD49D0E->93699071-0d52-4ef3-adad-6b5a83f48fc5-AppendLogResponseHandler: Failed appendEntries: org.apache.ratis.thirdparty.io.grpc.StatusRuntimeException: UNAVAILABLE: io exception
2023-12-18 19:17:14,642 [grpc-default-executor-0] WARN  server.GrpcLogAppender (GrpcLogAppender.java:resetClient(140)) - 089733a5-f6c3-45b8-9d3f-1c158e6a3dcf@group-40B91FD49D0E->93699071-0d52-4ef3-adad-6b5a83f48fc5-GrpcLogAppender: Follower failed and request == null,  keep nextIndex (1) unchanged and retry.
2023-12-18 19:17:14,644 [grpc-default-executor-2] WARN  server.GrpcLogAppender (GrpcLogAppender.java:resetClient(140)) - 089733a5-f6c3-45b8-9d3f-1c158e6a3dcf@group-40B91FD49D0E->93699071-0d52-4ef3-adad-6b5a83f48fc5-GrpcLogAppender: Follower failed and request == null,  keep nextIndex (1) unchanged and retry.
2023-12-18 19:17:14,665 [93699071-0d52-4ef3-adad-6b5a83f48fc5-BlockDeletingService#7] INFO  interfaces.ContainerDeletionChoosingPolicyTemplate (ContainerDeletionChoosingPolicyTemplate.java:chooseContainerForBlockDeletion(85)) - Chosen 0/5000 blocks from 0 candidate containers.
2023-12-18 19:17:14,685 [089733a5-f6c3-45b8-9d3f-1c158e6a3dcf-BlockDeletingService#8] INFO  interfaces.ContainerDeletionChoosingPolicyTemplate (ContainerDeletionChoosingPolicyTemplate.java:chooseContainerForBlockDeletion(85)) - Chosen 0/5000 blocks from 0 candidate containers.
2023-12-18 19:17:14,715 [ded5b85a-ec0d-4a71-9db9-83b101b9c9ad-BlockDeletingService#6] INFO  interfaces.ContainerDeletionChoosingPolicyTemplate (ContainerDeletionChoosingPolicyTemplate.java:chooseContainerForBlockDeletion(85)) - Chosen 0/5000 blocks from 0 candidate containers.
2023-12-18 19:17:14,765 [93699071-0d52-4ef3-adad-6b5a83f48fc5-BlockDeletingService#7] INFO  interfaces.ContainerDeletionChoosingPolicyTemplate (ContainerDeletionChoosingPolicyTemplate.java:chooseContainerForBlockDeletion(85)) - Chosen 0/5000 blocks from 0 candidate containers.
2023-12-18 19:17:14,786 [089733a5-f6c3-45b8-9d3f-1c158e6a3dcf-BlockDeletingService#8] INFO  interfaces.ContainerDeletionChoosingPolicyTemplate (ContainerDeletionChoosingPolicyTemplate.java:chooseContainerForBlockDeletion(85)) - Chosen 0/5000 blocks from 0 candidate containers.
2023-12-18 19:17:14,815 [ded5b85a-ec0d-4a71-9db9-83b101b9c9ad-BlockDeletingService#6] INFO  interfaces.ContainerDeletionChoosingPolicyTemplate (ContainerDeletionChoosingPolicyTemplate.java:chooseContainerForBlockDeletion(85)) - Chosen 0/5000 blocks from 0 candidate containers.
2023-12-18 19:17:14,865 [93699071-0d52-4ef3-adad-6b5a83f48fc5-BlockDeletingService#7] INFO  interfaces.ContainerDeletionChoosingPolicyTemplate (ContainerDeletionChoosingPolicyTemplate.java:chooseContainerForBlockDeletion(85)) - Chosen 0/5000 blocks from 0 candidate containers.
2023-12-18 19:17:14,886 [089733a5-f6c3-45b8-9d3f-1c158e6a3dcf-BlockDeletingService#8] INFO  interfaces.ContainerDeletionChoosingPolicyTemplate (ContainerDeletionChoosingPolicyTemplate.java:chooseContainerForBlockDeletion(85)) - Chosen 0/5000 blocks from 0 candidate containers.
2023-12-18 19:17:14,915 [ded5b85a-ec0d-4a71-9db9-83b101b9c9ad-BlockDeletingService#6] INFO  interfaces.ContainerDeletionChoosingPolicyTemplate (ContainerDeletionChoosingPolicyTemplate.java:chooseContainerForBlockDeletion(85)) - Chosen 0/5000 blocks from 0 candidate containers.
2023-12-18 19:17:14,965 [93699071-0d52-4ef3-adad-6b5a83f48fc5-BlockDeletingService#7] INFO  interfaces.ContainerDeletionChoosingPolicyTemplate (ContainerDeletionChoosingPolicyTemplate.java:chooseContainerForBlockDeletion(85)) - Chosen 0/5000 blocks from 0 candidate containers.
2023-12-18 19:17:14,986 [089733a5-f6c3-45b8-9d3f-1c158e6a3dcf-BlockDeletingService#8] INFO  interfaces.ContainerDeletionChoosingPolicyTemplate (ContainerDeletionChoosingPolicyTemplate.java:chooseContainerForBlockDeletion(85)) - Chosen 0/5000 blocks from 0 candidate containers.
2023-12-18 19:17:15,016 [ded5b85a-ec0d-4a71-9db9-83b101b9c9ad-BlockDeletingService#6] INFO  interfaces.ContainerDeletionChoosingPolicyTemplate (ContainerDeletionChoosingPolicyTemplate.java:chooseContainerForBlockDeletion(85)) - Chosen 0/5000 blocks from 0 candidate containers.
2023-12-18 19:17:15,066 [93699071-0d52-4ef3-adad-6b5a83f48fc5-BlockDeletingService#7] INFO  interfaces.ContainerDeletionChoosingPolicyTemplate (ContainerDeletionChoosingPolicyTemplate.java:chooseContainerForBlockDeletion(85)) - Chosen 0/5000 blocks from 0 candidate containers.
2023-12-18 19:17:15,086 [089733a5-f6c3-45b8-9d3f-1c158e6a3dcf-BlockDeletingService#8] INFO  interfaces.ContainerDeletionChoosingPolicyTemplate (ContainerDeletionChoosingPolicyTemplate.java:chooseContainerForBlockDeletion(85)) - Chosen 0/5000 blocks from 0 candidate containers.
2023-12-18 19:17:15,116 [ded5b85a-ec0d-4a71-9db9-83b101b9c9ad-BlockDeletingService#6] INFO  interfaces.ContainerDeletionChoosingPolicyTemplate (ContainerDeletionChoosingPolicyTemplate.java:chooseContainerForBlockDeletion(85)) - Chosen 0/5000 blocks from 0 candidate containers.
2023-12-18 19:17:15,166 [93699071-0d52-4ef3-adad-6b5a83f48fc5-BlockDeletingService#7] INFO  interfaces.ContainerDeletionChoosingPolicyTemplate (ContainerDeletionChoosingPolicyTemplate.java:chooseContainerForBlockDeletion(85)) - Chosen 0/5000 blocks from 0 candidate containers.
2023-12-18 19:17:15,186 [089733a5-f6c3-45b8-9d3f-1c158e6a3dcf-BlockDeletingService#8] INFO  interfaces.ContainerDeletionChoosingPolicyTemplate (ContainerDeletionChoosingPolicyTemplate.java:chooseContainerForBlockDeletion(85)) - Chosen 0/5000 blocks from 0 candidate containers.
2023-12-18 19:17:15,216 [ded5b85a-ec0d-4a71-9db9-83b101b9c9ad-BlockDeletingService#6] INFO  interfaces.ContainerDeletionChoosingPolicyTemplate (ContainerDeletionChoosingPolicyTemplate.java:chooseContainerForBlockDeletion(85)) - Chosen 0/5000 blocks from 0 candidate containers.
2023-12-18 19:17:15,266 [93699071-0d52-4ef3-adad-6b5a83f48fc5-BlockDeletingService#7] INFO  interfaces.ContainerDeletionChoosingPolicyTemplate (ContainerDeletionChoosingPolicyTemplate.java:chooseContainerForBlockDeletion(85)) - Chosen 0/5000 blocks from 0 candidate containers.
2023-12-18 19:17:15,286 [089733a5-f6c3-45b8-9d3f-1c158e6a3dcf-BlockDeletingService#8] INFO  interfaces.ContainerDeletionChoosingPolicyTemplate (ContainerDeletionChoosingPolicyTemplate.java:chooseContainerForBlockDeletion(85)) - Chosen 0/5000 blocks from 0 candidate containers.
2023-12-18 19:17:15,316 [ded5b85a-ec0d-4a71-9db9-83b101b9c9ad-BlockDeletingService#6] INFO  interfaces.ContainerDeletionChoosingPolicyTemplate (ContainerDeletionChoosingPolicyTemplate.java:chooseContainerForBlockDeletion(85)) - Chosen 0/5000 blocks from 0 candidate containers.
2023-12-18 19:17:15,366 [93699071-0d52-4ef3-adad-6b5a83f48fc5-BlockDeletingService#7] INFO  interfaces.ContainerDeletionChoosingPolicyTemplate (ContainerDeletionChoosingPolicyTemplate.java:chooseContainerForBlockDeletion(85)) - Chosen 0/5000 blocks from 0 candidate containers.
2023-12-18 19:17:15,386 [089733a5-f6c3-45b8-9d3f-1c158e6a3dcf-BlockDeletingService#8] INFO  interfaces.ContainerDeletionChoosingPolicyTemplate (ContainerDeletionChoosingPolicyTemplate.java:chooseContainerForBlockDeletion(85)) - Chosen 0/5000 blocks from 0 candidate containers.
2023-12-18 19:17:15,416 [ded5b85a-ec0d-4a71-9db9-83b101b9c9ad-BlockDeletingService#6] INFO  interfaces.ContainerDeletionChoosingPolicyTemplate (ContainerDeletionChoosingPolicyTemplate.java:chooseContainerForBlockDeletion(85)) - Chosen 0/5000 blocks from 0 candidate containers.
2023-12-18 19:17:15,466 [93699071-0d52-4ef3-adad-6b5a83f48fc5-BlockDeletingService#7] INFO  interfaces.ContainerDeletionChoosingPolicyTemplate (ContainerDeletionChoosingPolicyTemplate.java:chooseContainerForBlockDeletion(85)) - Chosen 0/5000 blocks from 0 candidate containers.
2023-12-18 19:17:15,487 [089733a5-f6c3-45b8-9d3f-1c158e6a3dcf-BlockDeletingService#8] INFO  interfaces.ContainerDeletionChoosingPolicyTemplate (ContainerDeletionChoosingPolicyTemplate.java:chooseContainerForBlockDeletion(85)) - Chosen 0/5000 blocks from 0 candidate containers.
2023-12-18 19:17:15,516 [ded5b85a-ec0d-4a71-9db9-83b101b9c9ad-BlockDeletingService#6] INFO  interfaces.ContainerDeletionChoosingPolicyTemplate (ContainerDeletionChoosingPolicyTemplate.java:chooseContainerForBlockDeletion(85)) - Chosen 0/5000 blocks from 0 candidate containers.
2023-12-18 19:17:15,566 [93699071-0d52-4ef3-adad-6b5a83f48fc5-BlockDeletingService#7] INFO  interfaces.ContainerDeletionChoosingPolicyTemplate (ContainerDeletionChoosingPolicyTemplate.java:chooseContainerForBlockDeletion(85)) - Chosen 0/5000 blocks from 0 candidate containers.
2023-12-18 19:17:15,587 [089733a5-f6c3-45b8-9d3f-1c158e6a3dcf-BlockDeletingService#8] INFO  interfaces.ContainerDeletionChoosingPolicyTemplate (ContainerDeletionChoosingPolicyTemplate.java:chooseContainerForBlockDeletion(85)) - Chosen 0/5000 blocks from 0 candidate containers.
2023-12-18 19:17:15,616 [ded5b85a-ec0d-4a71-9db9-83b101b9c9ad-BlockDeletingService#6] INFO  interfaces.ContainerDeletionChoosingPolicyTemplate (ContainerDeletionChoosingPolicyTemplate.java:chooseContainerForBlockDeletion(85)) - Chosen 0/5000 blocks from 0 candidate containers.
2023-12-18 19:17:15,666 [93699071-0d52-4ef3-adad-6b5a83f48fc5-BlockDeletingService#7] INFO  interfaces.ContainerDeletionChoosingPolicyTemplate (ContainerDeletionChoosingPolicyTemplate.java:chooseContainerForBlockDeletion(85)) - Chosen 0/5000 blocks from 0 candidate containers.
2023-12-18 19:17:15,687 [089733a5-f6c3-45b8-9d3f-1c158e6a3dcf-BlockDeletingService#8] INFO  interfaces.ContainerDeletionChoosingPolicyTemplate (ContainerDeletionChoosingPolicyTemplate.java:chooseContainerForBlockDeletion(85)) - Chosen 0/5000 blocks from 0 candidate containers.
2023-12-18 19:17:15,717 [ded5b85a-ec0d-4a71-9db9-83b101b9c9ad-BlockDeletingService#6] INFO  interfaces.ContainerDeletionChoosingPolicyTemplate (ContainerDeletionChoosingPolicyTemplate.java:chooseContainerForBlockDeletion(85)) - Chosen 0/5000 blocks from 0 candidate containers.
2023-12-18 19:17:15,767 [93699071-0d52-4ef3-adad-6b5a83f48fc5-BlockDeletingService#7] INFO  interfaces.ContainerDeletionChoosingPolicyTemplate (ContainerDeletionChoosingPolicyTemplate.java:chooseContainerForBlockDeletion(85)) - Chosen 0/5000 blocks from 0 candidate containers.
2023-12-18 19:17:15,787 [089733a5-f6c3-45b8-9d3f-1c158e6a3dcf-BlockDeletingService#8] INFO  interfaces.ContainerDeletionChoosingPolicyTemplate (ContainerDeletionChoosingPolicyTemplate.java:chooseContainerForBlockDeletion(85)) - Chosen 0/5000 blocks from 0 candidate containers.
2023-12-18 19:17:15,817 [ded5b85a-ec0d-4a71-9db9-83b101b9c9ad-BlockDeletingService#6] INFO  interfaces.ContainerDeletionChoosingPolicyTemplate (ContainerDeletionChoosingPolicyTemplate.java:chooseContainerForBlockDeletion(85)) - Chosen 0/5000 blocks from 0 candidate containers.
2023-12-18 19:17:15,867 [93699071-0d52-4ef3-adad-6b5a83f48fc5-BlockDeletingService#7] INFO  interfaces.ContainerDeletionChoosingPolicyTemplate (ContainerDeletionChoosingPolicyTemplate.java:chooseContainerForBlockDeletion(85)) - Chosen 0/5000 blocks from 0 candidate containers.
2023-12-18 19:17:15,887 [089733a5-f6c3-45b8-9d3f-1c158e6a3dcf-BlockDeletingService#8] INFO  interfaces.ContainerDeletionChoosingPolicyTemplate (ContainerDeletionChoosingPolicyTemplate.java:chooseContainerForBlockDeletion(85)) - Chosen 0/5000 blocks from 0 candidate containers.
2023-12-18 19:17:15,894 [grpc-default-executor-2] WARN  server.GrpcLogAppender (LogUtils.java:warn(121)) - 089733a5-f6c3-45b8-9d3f-1c158e6a3dcf@group-40B91FD49D0E->93699071-0d52-4ef3-adad-6b5a83f48fc5-AppendLogResponseHandler: Failed appendEntries: org.apache.ratis.thirdparty.io.grpc.StatusRuntimeException: UNAVAILABLE: io exception
2023-12-18 19:17:15,894 [grpc-default-executor-0] WARN  server.GrpcLogAppender (LogUtils.java:warn(121)) - 089733a5-f6c3-45b8-9d3f-1c158e6a3dcf@group-40B91FD49D0E->93699071-0d52-4ef3-adad-6b5a83f48fc5-AppendLogResponseHandler: Failed appendEntries: org.apache.ratis.thirdparty.io.grpc.StatusRuntimeException: UNAVAILABLE: io exception
2023-12-18 19:17:15,895 [grpc-default-executor-2] WARN  server.GrpcLogAppender (GrpcLogAppender.java:resetClient(140)) - 089733a5-f6c3-45b8-9d3f-1c158e6a3dcf@group-40B91FD49D0E->93699071-0d52-4ef3-adad-6b5a83f48fc5-GrpcLogAppender: Follower failed and request == null,  keep nextIndex (1) unchanged and retry.
2023-12-18 19:17:15,896 [grpc-default-executor-0] WARN  server.GrpcLogAppender (GrpcLogAppender.java:resetClient(140)) - 089733a5-f6c3-45b8-9d3f-1c158e6a3dcf@group-40B91FD49D0E->93699071-0d52-4ef3-adad-6b5a83f48fc5-GrpcLogAppender: Follower failed and request == null,  keep nextIndex (1) unchanged and retry.
2023-12-18 19:17:15,917 [ded5b85a-ec0d-4a71-9db9-83b101b9c9ad-BlockDeletingService#6] INFO  interfaces.ContainerDeletionChoosingPolicyTemplate (ContainerDeletionChoosingPolicyTemplate.java:chooseContainerForBlockDeletion(85)) - Chosen 0/5000 blocks from 0 candidate containers.
2023-12-18 19:17:15,967 [93699071-0d52-4ef3-adad-6b5a83f48fc5-BlockDeletingService#7] INFO  interfaces.ContainerDeletionChoosingPolicyTemplate (ContainerDeletionChoosingPolicyTemplate.java:chooseContainerForBlockDeletion(85)) - Chosen 0/5000 blocks from 0 candidate containers.
2023-12-18 19:17:15,987 [089733a5-f6c3-45b8-9d3f-1c158e6a3dcf-BlockDeletingService#8] INFO  interfaces.ContainerDeletionChoosingPolicyTemplate (ContainerDeletionChoosingPolicyTemplate.java:chooseContainerForBlockDeletion(85)) - Chosen 0/5000 blocks from 0 candidate containers.
2023-12-18 19:17:16,017 [ded5b85a-ec0d-4a71-9db9-83b101b9c9ad-BlockDeletingService#6] INFO  interfaces.ContainerDeletionChoosingPolicyTemplate (ContainerDeletionChoosingPolicyTemplate.java:chooseContainerForBlockDeletion(85)) - Chosen 0/5000 blocks from 0 candidate containers.
2023-12-18 19:17:16,067 [93699071-0d52-4ef3-adad-6b5a83f48fc5-BlockDeletingService#7] INFO  interfaces.ContainerDeletionChoosingPolicyTemplate (ContainerDeletionChoosingPolicyTemplate.java:chooseContainerForBlockDeletion(85)) - Chosen 0/5000 blocks from 0 candidate containers.
2023-12-18 19:17:16,087 [089733a5-f6c3-45b8-9d3f-1c158e6a3dcf-BlockDeletingService#8] INFO  interfaces.ContainerDeletionChoosingPolicyTemplate (ContainerDeletionChoosingPolicyTemplate.java:chooseContainerForBlockDeletion(85)) - Chosen 0/5000 blocks from 0 candidate containers.
2023-12-18 19:17:16,117 [ded5b85a-ec0d-4a71-9db9-83b101b9c9ad-BlockDeletingService#6] INFO  interfaces.ContainerDeletionChoosingPolicyTemplate (ContainerDeletionChoosingPolicyTemplate.java:chooseContainerForBlockDeletion(85)) - Chosen 0/5000 blocks from 0 candidate containers.
2023-12-18 19:17:16,149 [main] INFO  utils.DatanodeStoreCache (DatanodeStoreCache.java:shutdownCache(110)) - Skip clearing cache in mini cluster mode. Entries left: [/home/runner/work/ozone/ozone/hadoop-ozone/integration-test/target/test-dir/MiniOzoneClusterImpl-15bbe3be-e687-4529-b164-2adc82dffbd7/datanode-0/data-0/containers/hdds/15bbe3be-e687-4529-b164-2adc82dffbd7/DS-8e8d9abe-0cd8-4d06-95ee-4ecfbeec54a9/container.db, /home/runner/work/ozone/ozone/hadoop-ozone/integration-test/target/test-dir/MiniOzoneClusterImpl-15bbe3be-e687-4529-b164-2adc82dffbd7/datanode-1/data-0/containers/hdds/15bbe3be-e687-4529-b164-2adc82dffbd7/DS-8e0932cd-c76b-496b-895a-006c60e76da7/container.db, /home/runner/work/ozone/ozone/hadoop-ozone/integration-test/target/test-dir/MiniOzoneClusterImpl-15bbe3be-e687-4529-b164-2adc82dffbd7/datanode-2/data-0/containers/hdds/15bbe3be-e687-4529-b164-2adc82dffbd7/DS-c1abc522-2b83-4dcb-9a3c-c5f41f15e4f6/container.db]
2023-12-18 19:17:16,153 [main] INFO  utils.DatanodeStoreCache (DatanodeStoreCache.java:removeDB(104)) - Removed db /home/runner/work/ozone/ozone/hadoop-ozone/integration-test/target/test-dir/MiniOzoneClusterImpl-15bbe3be-e687-4529-b164-2adc82dffbd7/datanode-2/data-0/containers/hdds/15bbe3be-e687-4529-b164-2adc82dffbd7/DS-c1abc522-2b83-4dcb-9a3c-c5f41f15e4f6/container.db from cache
2023-12-18 19:17:16,153 [main] INFO  volume.HddsVolume (HddsVolume.java:closeDbStore(453)) - SchemaV3 db is stopped at /home/runner/work/ozone/ozone/hadoop-ozone/integration-test/target/test-dir/MiniOzoneClusterImpl-15bbe3be-e687-4529-b164-2adc82dffbd7/datanode-2/data-0/containers/hdds/15bbe3be-e687-4529-b164-2adc82dffbd7/DS-c1abc522-2b83-4dcb-9a3c-c5f41f15e4f6/container.db for volume DS-c1abc522-2b83-4dcb-9a3c-c5f41f15e4f6
2023-12-18 19:17:16,153 [main] INFO  utils.BackgroundService (BackgroundService.java:shutdown(160)) - Shutting down service BlockDeletingService
2023-12-18 19:17:16,154 [main] INFO  utils.BackgroundService (BackgroundService.java:shutdown(160)) - Shutting down service StaleRecoveringContainerScrubbingService
2023-12-18 19:17:16,155 [main] INFO  statemachine.DatanodeStateMachine (DatanodeStateMachine.java:stopDaemon(638)) - Ozone container server stopped.
2023-12-18 19:17:16,156 [main] INFO  handler.ContextHandler (ContextHandler.java:doStop(1159)) - Stopped o.e.j.w.WebAppContext@5c803ec4{hddsDatanode,/,null,STOPPED}{jar:file:/home/runner/.m2/repository/org/apache/ozone/hdds-container-service/1.5.0-SNAPSHOT/hdds-container-service-1.5.0-SNAPSHOT.jar!/webapps/hddsDatanode}
2023-12-18 19:17:16,159 [main] INFO  server.AbstractConnector (AbstractConnector.java:doStop(383)) - Stopped ServerConnector@7c26b384{HTTP/1.1, (http/1.1)}{0.0.0.0:15027}
2023-12-18 19:17:16,159 [main] INFO  server.session (HouseKeeper.java:stopScavenging(149)) - node0 Stopped scavenging
2023-12-18 19:17:16,159 [main] INFO  handler.ContextHandler (ContextHandler.java:doStop(1159)) - Stopped o.e.j.s.ServletContextHandler@59783332{static,/static,jar:file:/home/runner/.m2/repository/org/apache/ozone/hdds-container-service/1.5.0-SNAPSHOT/hdds-container-service-1.5.0-SNAPSHOT.jar!/webapps/static,STOPPED}
2023-12-18 19:17:16,159 [main] INFO  handler.ContextHandler (ContextHandler.java:doStop(1159)) - Stopped o.e.j.s.ServletContextHandler@37aaa8b1{logs,/logs,file:///home/runner/work/ozone/ozone/hadoop-ozone/integration-test/target/log,STOPPED}
2023-12-18 19:17:16,161 [main] INFO  ozone.HddsDatanodeClientProtocolServer (HddsDatanodeClientProtocolServer.java:stop(78)) - Stopping the RPC server for Client Protocol
2023-12-18 19:17:16,162 [main] INFO  ipc.Server (Server.java:stop(3523)) - Stopping server on 15028
2023-12-18 19:17:16,163 [IPC Server Responder] INFO  ipc.Server (Server.java:run(1567)) - Stopping IPC Server Responder
2023-12-18 19:17:16,163 [IPC Server listener on 15028] INFO  ipc.Server (Server.java:run(1434)) - Stopping IPC Server listener on 15028
2023-12-18 19:17:16,188 [089733a5-f6c3-45b8-9d3f-1c158e6a3dcf-BlockDeletingService#8] INFO  interfaces.ContainerDeletionChoosingPolicyTemplate (ContainerDeletionChoosingPolicyTemplate.java:chooseContainerForBlockDeletion(85)) - Chosen 0/5000 blocks from 0 candidate containers.
2023-12-18 19:17:16,217 [ded5b85a-ec0d-4a71-9db9-83b101b9c9ad-BlockDeletingService#6] INFO  interfaces.ContainerDeletionChoosingPolicyTemplate (ContainerDeletionChoosingPolicyTemplate.java:chooseContainerForBlockDeletion(85)) - Chosen 0/5000 blocks from 0 candidate containers.
2023-12-18 19:17:16,267 [grpc-default-executor-0] WARN  server.GrpcLogAppender (LogUtils.java:warn(121)) - 089733a5-f6c3-45b8-9d3f-1c158e6a3dcf@group-40B91FD49D0E->93699071-0d52-4ef3-adad-6b5a83f48fc5-AppendLogResponseHandler: Failed appendEntries: org.apache.ratis.thirdparty.io.grpc.StatusRuntimeException: UNAVAILABLE: io exception
2023-12-18 19:17:16,268 [grpc-default-executor-5] WARN  server.GrpcLogAppender (LogUtils.java:warn(121)) - 089733a5-f6c3-45b8-9d3f-1c158e6a3dcf@group-40B91FD49D0E->93699071-0d52-4ef3-adad-6b5a83f48fc5-AppendLogResponseHandler: Failed appendEntries: org.apache.ratis.thirdparty.io.grpc.StatusRuntimeException: UNAVAILABLE: io exception
2023-12-18 19:17:16,271 [grpc-default-executor-0] WARN  server.GrpcLogAppender (GrpcLogAppender.java:resetClient(140)) - 089733a5-f6c3-45b8-9d3f-1c158e6a3dcf@group-40B91FD49D0E->93699071-0d52-4ef3-adad-6b5a83f48fc5-GrpcLogAppender: Follower failed and request == null,  keep nextIndex (2) unchanged and retry.
2023-12-18 19:17:16,272 [grpc-default-executor-5] WARN  server.GrpcLogAppender (GrpcLogAppender.java:resetClient(140)) - 089733a5-f6c3-45b8-9d3f-1c158e6a3dcf@group-40B91FD49D0E->93699071-0d52-4ef3-adad-6b5a83f48fc5-GrpcLogAppender: Follower failed and request == null,  keep nextIndex (2) unchanged and retry.
2023-12-18 19:17:16,276 [grpc-default-executor-4] WARN  server.GrpcLogAppender (LogUtils.java:warn(121)) - 089733a5-f6c3-45b8-9d3f-1c158e6a3dcf@group-40B91FD49D0E->93699071-0d52-4ef3-adad-6b5a83f48fc5-AppendLogResponseHandler: Failed appendEntries: org.apache.ratis.thirdparty.io.grpc.StatusRuntimeException: UNAVAILABLE: io exception
2023-12-18 19:17:16,276 [grpc-default-executor-2] WARN  server.GrpcLogAppender (LogUtils.java:warn(121)) - 089733a5-f6c3-45b8-9d3f-1c158e6a3dcf@group-40B91FD49D0E->93699071-0d52-4ef3-adad-6b5a83f48fc5-AppendLogResponseHandler: Failed appendEntries: org.apache.ratis.thirdparty.io.grpc.StatusRuntimeException: UNAVAILABLE: io exception
2023-12-18 19:17:16,277 [grpc-default-executor-4] WARN  server.GrpcLogAppender (GrpcLogAppender.java:resetClient(140)) - 089733a5-f6c3-45b8-9d3f-1c158e6a3dcf@group-40B91FD49D0E->93699071-0d52-4ef3-adad-6b5a83f48fc5-GrpcLogAppender: Follower failed and request == null,  keep nextIndex (3) unchanged and retry.
2023-12-18 19:17:16,277 [grpc-default-executor-2] WARN  server.GrpcLogAppender (GrpcLogAppender.java:resetClient(140)) - 089733a5-f6c3-45b8-9d3f-1c158e6a3dcf@group-40B91FD49D0E->93699071-0d52-4ef3-adad-6b5a83f48fc5-GrpcLogAppender: Follower failed and request == null,  keep nextIndex (3) unchanged and retry.
2023-12-18 19:17:16,288 [089733a5-f6c3-45b8-9d3f-1c158e6a3dcf-BlockDeletingService#8] INFO  interfaces.ContainerDeletionChoosingPolicyTemplate (ContainerDeletionChoosingPolicyTemplate.java:chooseContainerForBlockDeletion(85)) - Chosen 0/5000 blocks from 0 candidate containers.
2023-12-18 19:17:16,318 [ded5b85a-ec0d-4a71-9db9-83b101b9c9ad-BlockDeletingService#6] INFO  interfaces.ContainerDeletionChoosingPolicyTemplate (ContainerDeletionChoosingPolicyTemplate.java:chooseContainerForBlockDeletion(85)) - Chosen 0/5000 blocks from 0 candidate containers.
2023-12-18 19:17:16,365 [grpc-default-executor-2] WARN  server.GrpcLogAppender (LogUtils.java:warn(121)) - 089733a5-f6c3-45b8-9d3f-1c158e6a3dcf@group-40B91FD49D0E->93699071-0d52-4ef3-adad-6b5a83f48fc5-AppendLogResponseHandler: Failed appendEntries: org.apache.ratis.thirdparty.io.grpc.StatusRuntimeException: UNAVAILABLE: io exception
2023-12-18 19:17:16,366 [grpc-default-executor-2] WARN  server.GrpcLogAppender (GrpcLogAppender.java:resetClient(140)) - 089733a5-f6c3-45b8-9d3f-1c158e6a3dcf@group-40B91FD49D0E->93699071-0d52-4ef3-adad-6b5a83f48fc5-GrpcLogAppender: Follower failed and request == null,  keep nextIndex (4) unchanged and retry.
2023-12-18 19:17:16,367 [grpc-default-executor-5] WARN  server.GrpcLogAppender (LogUtils.java:warn(121)) - 089733a5-f6c3-45b8-9d3f-1c158e6a3dcf@group-40B91FD49D0E->93699071-0d52-4ef3-adad-6b5a83f48fc5-AppendLogResponseHandler: Failed appendEntries: org.apache.ratis.thirdparty.io.grpc.StatusRuntimeException: UNAVAILABLE: io exception
2023-12-18 19:17:16,370 [grpc-default-executor-5] WARN  server.GrpcLogAppender (GrpcLogAppender.java:resetClient(140)) - 089733a5-f6c3-45b8-9d3f-1c158e6a3dcf@group-40B91FD49D0E->93699071-0d52-4ef3-adad-6b5a83f48fc5-GrpcLogAppender: Follower failed and request == null,  keep nextIndex (4) unchanged and retry.
2023-12-18 19:17:16,373 [grpc-default-executor-4] WARN  server.GrpcLogAppender (LogUtils.java:warn(121)) - 089733a5-f6c3-45b8-9d3f-1c158e6a3dcf@group-40B91FD49D0E->93699071-0d52-4ef3-adad-6b5a83f48fc5-AppendLogResponseHandler: Failed appendEntries: org.apache.ratis.thirdparty.io.grpc.StatusRuntimeException: UNAVAILABLE: io exception
2023-12-18 19:17:16,373 [grpc-default-executor-4] WARN  server.GrpcLogAppender (GrpcLogAppender.java:resetClient(140)) - 089733a5-f6c3-45b8-9d3f-1c158e6a3dcf@group-40B91FD49D0E->93699071-0d52-4ef3-adad-6b5a83f48fc5-GrpcLogAppender: Follower failed and request == null,  keep nextIndex (5) unchanged and retry.
2023-12-18 19:17:16,377 [grpc-default-executor-2] WARN  server.GrpcLogAppender (LogUtils.java:warn(121)) - 089733a5-f6c3-45b8-9d3f-1c158e6a3dcf@group-40B91FD49D0E->93699071-0d52-4ef3-adad-6b5a83f48fc5-AppendLogResponseHandler: Failed appendEntries: org.apache.ratis.thirdparty.io.grpc.StatusRuntimeException: UNAVAILABLE: io exception
2023-12-18 19:17:16,377 [grpc-default-executor-2] WARN  server.GrpcLogAppender (GrpcLogAppender.java:resetClient(140)) - 089733a5-f6c3-45b8-9d3f-1c158e6a3dcf@group-40B91FD49D0E->93699071-0d52-4ef3-adad-6b5a83f48fc5-GrpcLogAppender: Follower failed and request == null,  keep nextIndex (5) unchanged and retry.
2023-12-18 19:17:16,388 [089733a5-f6c3-45b8-9d3f-1c158e6a3dcf-BlockDeletingService#8] INFO  interfaces.ContainerDeletionChoosingPolicyTemplate (ContainerDeletionChoosingPolicyTemplate.java:chooseContainerForBlockDeletion(85)) - Chosen 0/5000 blocks from 0 candidate containers.
2023-12-18 19:17:16,418 [ded5b85a-ec0d-4a71-9db9-83b101b9c9ad-BlockDeletingService#6] INFO  interfaces.ContainerDeletionChoosingPolicyTemplate (ContainerDeletionChoosingPolicyTemplate.java:chooseContainerForBlockDeletion(85)) - Chosen 0/5000 blocks from 0 candidate containers.
2023-12-18 19:17:16,489 [089733a5-f6c3-45b8-9d3f-1c158e6a3dcf-BlockDeletingService#8] INFO  interfaces.ContainerDeletionChoosingPolicyTemplate (ContainerDeletionChoosingPolicyTemplate.java:chooseContainerForBlockDeletion(85)) - Chosen 0/5000 blocks from 0 candidate containers.
2023-12-18 19:17:16,518 [ded5b85a-ec0d-4a71-9db9-83b101b9c9ad-BlockDeletingService#6] INFO  interfaces.ContainerDeletionChoosingPolicyTemplate (ContainerDeletionChoosingPolicyTemplate.java:chooseContainerForBlockDeletion(85)) - Chosen 0/5000 blocks from 0 candidate containers.
2023-12-18 19:17:16,589 [089733a5-f6c3-45b8-9d3f-1c158e6a3dcf-BlockDeletingService#8] INFO  interfaces.ContainerDeletionChoosingPolicyTemplate (ContainerDeletionChoosingPolicyTemplate.java:chooseContainerForBlockDeletion(85)) - Chosen 0/5000 blocks from 0 candidate containers.
2023-12-18 19:17:16,619 [ded5b85a-ec0d-4a71-9db9-83b101b9c9ad-BlockDeletingService#6] INFO  interfaces.ContainerDeletionChoosingPolicyTemplate (ContainerDeletionChoosingPolicyTemplate.java:chooseContainerForBlockDeletion(85)) - Chosen 0/5000 blocks from 0 candidate containers.
2023-12-18 19:17:16,689 [089733a5-f6c3-45b8-9d3f-1c158e6a3dcf-BlockDeletingService#8] INFO  interfaces.ContainerDeletionChoosingPolicyTemplate (ContainerDeletionChoosingPolicyTemplate.java:chooseContainerForBlockDeletion(85)) - Chosen 0/5000 blocks from 0 candidate containers.
2023-12-18 19:17:16,719 [ded5b85a-ec0d-4a71-9db9-83b101b9c9ad-BlockDeletingService#6] INFO  interfaces.ContainerDeletionChoosingPolicyTemplate (ContainerDeletionChoosingPolicyTemplate.java:chooseContainerForBlockDeletion(85)) - Chosen 0/5000 blocks from 0 candidate containers.
2023-12-18 19:17:16,789 [089733a5-f6c3-45b8-9d3f-1c158e6a3dcf-BlockDeletingService#8] INFO  interfaces.ContainerDeletionChoosingPolicyTemplate (ContainerDeletionChoosingPolicyTemplate.java:chooseContainerForBlockDeletion(85)) - Chosen 0/5000 blocks from 0 candidate containers.
2023-12-18 19:17:16,819 [ded5b85a-ec0d-4a71-9db9-83b101b9c9ad-BlockDeletingService#6] INFO  interfaces.ContainerDeletionChoosingPolicyTemplate (ContainerDeletionChoosingPolicyTemplate.java:chooseContainerForBlockDeletion(85)) - Chosen 0/5000 blocks from 0 candidate containers.
2023-12-18 19:17:16,889 [089733a5-f6c3-45b8-9d3f-1c158e6a3dcf-BlockDeletingService#8] INFO  interfaces.ContainerDeletionChoosingPolicyTemplate (ContainerDeletionChoosingPolicyTemplate.java:chooseContainerForBlockDeletion(85)) - Chosen 0/5000 blocks from 0 candidate containers.
2023-12-18 19:17:16,919 [ded5b85a-ec0d-4a71-9db9-83b101b9c9ad-BlockDeletingService#6] INFO  interfaces.ContainerDeletionChoosingPolicyTemplate (ContainerDeletionChoosingPolicyTemplate.java:chooseContainerForBlockDeletion(85)) - Chosen 0/5000 blocks from 0 candidate containers.
2023-12-18 19:17:16,990 [089733a5-f6c3-45b8-9d3f-1c158e6a3dcf-BlockDeletingService#8] INFO  interfaces.ContainerDeletionChoosingPolicyTemplate (ContainerDeletionChoosingPolicyTemplate.java:chooseContainerForBlockDeletion(85)) - Chosen 0/5000 blocks from 0 candidate containers.
2023-12-18 19:17:17,020 [ded5b85a-ec0d-4a71-9db9-83b101b9c9ad-BlockDeletingService#6] INFO  interfaces.ContainerDeletionChoosingPolicyTemplate (ContainerDeletionChoosingPolicyTemplate.java:chooseContainerForBlockDeletion(85)) - Chosen 0/5000 blocks from 0 candidate containers.
2023-12-18 19:17:17,090 [089733a5-f6c3-45b8-9d3f-1c158e6a3dcf-BlockDeletingService#8] INFO  interfaces.ContainerDeletionChoosingPolicyTemplate (ContainerDeletionChoosingPolicyTemplate.java:chooseContainerForBlockDeletion(85)) - Chosen 0/5000 blocks from 0 candidate containers.
2023-12-18 19:17:17,120 [ded5b85a-ec0d-4a71-9db9-83b101b9c9ad-BlockDeletingService#6] INFO  interfaces.ContainerDeletionChoosingPolicyTemplate (ContainerDeletionChoosingPolicyTemplate.java:chooseContainerForBlockDeletion(85)) - Chosen 0/5000 blocks from 0 candidate containers.
2023-12-18 19:17:17,190 [089733a5-f6c3-45b8-9d3f-1c158e6a3dcf-BlockDeletingService#8] INFO  interfaces.ContainerDeletionChoosingPolicyTemplate (ContainerDeletionChoosingPolicyTemplate.java:chooseContainerForBlockDeletion(85)) - Chosen 0/5000 blocks from 0 candidate containers.
2023-12-18 19:17:17,220 [ded5b85a-ec0d-4a71-9db9-83b101b9c9ad-BlockDeletingService#6] INFO  interfaces.ContainerDeletionChoosingPolicyTemplate (ContainerDeletionChoosingPolicyTemplate.java:chooseContainerForBlockDeletion(85)) - Chosen 0/5000 blocks from 0 candidate containers.
2023-12-18 19:17:17,290 [089733a5-f6c3-45b8-9d3f-1c158e6a3dcf-BlockDeletingService#8] INFO  interfaces.ContainerDeletionChoosingPolicyTemplate (ContainerDeletionChoosingPolicyTemplate.java:chooseContainerForBlockDeletion(85)) - Chosen 0/5000 blocks from 0 candidate containers.
2023-12-18 19:17:17,320 [ded5b85a-ec0d-4a71-9db9-83b101b9c9ad-BlockDeletingService#6] INFO  interfaces.ContainerDeletionChoosingPolicyTemplate (ContainerDeletionChoosingPolicyTemplate.java:chooseContainerForBlockDeletion(85)) - Chosen 0/5000 blocks from 0 candidate containers.
2023-12-18 19:17:17,390 [089733a5-f6c3-45b8-9d3f-1c158e6a3dcf-BlockDeletingService#8] INFO  interfaces.ContainerDeletionChoosingPolicyTemplate (ContainerDeletionChoosingPolicyTemplate.java:chooseContainerForBlockDeletion(85)) - Chosen 0/5000 blocks from 0 candidate containers.
2023-12-18 19:17:17,420 [ded5b85a-ec0d-4a71-9db9-83b101b9c9ad-BlockDeletingService#6] INFO  interfaces.ContainerDeletionChoosingPolicyTemplate (ContainerDeletionChoosingPolicyTemplate.java:chooseContainerForBlockDeletion(85)) - Chosen 0/5000 blocks from 0 candidate containers.
2023-12-18 19:17:17,490 [089733a5-f6c3-45b8-9d3f-1c158e6a3dcf-BlockDeletingService#8] INFO  interfaces.ContainerDeletionChoosingPolicyTemplate (ContainerDeletionChoosingPolicyTemplate.java:chooseContainerForBlockDeletion(85)) - Chosen 0/5000 blocks from 0 candidate containers.
2023-12-18 19:17:17,520 [ded5b85a-ec0d-4a71-9db9-83b101b9c9ad-BlockDeletingService#6] INFO  interfaces.ContainerDeletionChoosingPolicyTemplate (ContainerDeletionChoosingPolicyTemplate.java:chooseContainerForBlockDeletion(85)) - Chosen 0/5000 blocks from 0 candidate containers.
2023-12-18 19:17:17,590 [089733a5-f6c3-45b8-9d3f-1c158e6a3dcf-BlockDeletingService#8] INFO  interfaces.ContainerDeletionChoosingPolicyTemplate (ContainerDeletionChoosingPolicyTemplate.java:chooseContainerForBlockDeletion(85)) - Chosen 0/5000 blocks from 0 candidate containers.
2023-12-18 19:17:17,621 [ded5b85a-ec0d-4a71-9db9-83b101b9c9ad-BlockDeletingService#6] INFO  interfaces.ContainerDeletionChoosingPolicyTemplate (ContainerDeletionChoosingPolicyTemplate.java:chooseContainerForBlockDeletion(85)) - Chosen 0/5000 blocks from 0 candidate containers.
2023-12-18 19:17:17,691 [089733a5-f6c3-45b8-9d3f-1c158e6a3dcf-BlockDeletingService#8] INFO  interfaces.ContainerDeletionChoosingPolicyTemplate (ContainerDeletionChoosingPolicyTemplate.java:chooseContainerForBlockDeletion(85)) - Chosen 0/5000 blocks from 0 candidate containers.
2023-12-18 19:17:17,721 [ded5b85a-ec0d-4a71-9db9-83b101b9c9ad-BlockDeletingService#6] INFO  interfaces.ContainerDeletionChoosingPolicyTemplate (ContainerDeletionChoosingPolicyTemplate.java:chooseContainerForBlockDeletion(85)) - Chosen 0/5000 blocks from 0 candidate containers.
2023-12-18 19:17:17,791 [089733a5-f6c3-45b8-9d3f-1c158e6a3dcf-BlockDeletingService#8] INFO  interfaces.ContainerDeletionChoosingPolicyTemplate (ContainerDeletionChoosingPolicyTemplate.java:chooseContainerForBlockDeletion(85)) - Chosen 0/5000 blocks from 0 candidate containers.
2023-12-18 19:17:17,821 [ded5b85a-ec0d-4a71-9db9-83b101b9c9ad-BlockDeletingService#6] INFO  interfaces.ContainerDeletionChoosingPolicyTemplate (ContainerDeletionChoosingPolicyTemplate.java:chooseContainerForBlockDeletion(85)) - Chosen 0/5000 blocks from 0 candidate containers.
2023-12-18 19:17:17,891 [089733a5-f6c3-45b8-9d3f-1c158e6a3dcf-BlockDeletingService#8] INFO  interfaces.ContainerDeletionChoosingPolicyTemplate (ContainerDeletionChoosingPolicyTemplate.java:chooseContainerForBlockDeletion(85)) - Chosen 0/5000 blocks from 0 candidate containers.
2023-12-18 19:17:17,921 [ded5b85a-ec0d-4a71-9db9-83b101b9c9ad-BlockDeletingService#6] INFO  interfaces.ContainerDeletionChoosingPolicyTemplate (ContainerDeletionChoosingPolicyTemplate.java:chooseContainerForBlockDeletion(85)) - Chosen 0/5000 blocks from 0 candidate containers.
2023-12-18 19:17:17,942 [grpc-default-executor-2] WARN  server.GrpcLogAppender (LogUtils.java:warn(121)) - 089733a5-f6c3-45b8-9d3f-1c158e6a3dcf@group-40B91FD49D0E->93699071-0d52-4ef3-adad-6b5a83f48fc5-AppendLogResponseHandler: Failed appendEntries: org.apache.ratis.thirdparty.io.grpc.StatusRuntimeException: UNAVAILABLE: io exception
2023-12-18 19:17:17,942 [grpc-default-executor-4] WARN  server.GrpcLogAppender (LogUtils.java:warn(121)) - 089733a5-f6c3-45b8-9d3f-1c158e6a3dcf@group-40B91FD49D0E->93699071-0d52-4ef3-adad-6b5a83f48fc5-AppendLogResponseHandler: Failed appendEntries: org.apache.ratis.thirdparty.io.grpc.StatusRuntimeException: UNAVAILABLE: io exception
2023-12-18 19:17:17,943 [grpc-default-executor-2] WARN  server.GrpcLogAppender (GrpcLogAppender.java:resetClient(140)) - 089733a5-f6c3-45b8-9d3f-1c158e6a3dcf@group-40B91FD49D0E->93699071-0d52-4ef3-adad-6b5a83f48fc5-GrpcLogAppender: Follower failed and request == null,  keep nextIndex (5) unchanged and retry.
2023-12-18 19:17:17,943 [grpc-default-executor-4] WARN  server.GrpcLogAppender (GrpcLogAppender.java:resetClient(140)) - 089733a5-f6c3-45b8-9d3f-1c158e6a3dcf@group-40B91FD49D0E->93699071-0d52-4ef3-adad-6b5a83f48fc5-GrpcLogAppender: Follower failed and request == null,  keep nextIndex (5) unchanged and retry.
2023-12-18 19:17:17,991 [089733a5-f6c3-45b8-9d3f-1c158e6a3dcf-BlockDeletingService#8] INFO  interfaces.ContainerDeletionChoosingPolicyTemplate (ContainerDeletionChoosingPolicyTemplate.java:chooseContainerForBlockDeletion(85)) - Chosen 0/5000 blocks from 0 candidate containers.
2023-12-18 19:17:18,021 [ded5b85a-ec0d-4a71-9db9-83b101b9c9ad-BlockDeletingService#6] INFO  interfaces.ContainerDeletionChoosingPolicyTemplate (ContainerDeletionChoosingPolicyTemplate.java:chooseContainerForBlockDeletion(85)) - Chosen 0/5000 blocks from 0 candidate containers.
2023-12-18 19:17:18,091 [089733a5-f6c3-45b8-9d3f-1c158e6a3dcf-BlockDeletingService#8] INFO  interfaces.ContainerDeletionChoosingPolicyTemplate (ContainerDeletionChoosingPolicyTemplate.java:chooseContainerForBlockDeletion(85)) - Chosen 0/5000 blocks from 0 candidate containers.
2023-12-18 19:17:18,121 [ded5b85a-ec0d-4a71-9db9-83b101b9c9ad-BlockDeletingService#6] INFO  interfaces.ContainerDeletionChoosingPolicyTemplate (ContainerDeletionChoosingPolicyTemplate.java:chooseContainerForBlockDeletion(85)) - Chosen 0/5000 blocks from 0 candidate containers.
2023-12-18 19:17:18,191 [089733a5-f6c3-45b8-9d3f-1c158e6a3dcf-BlockDeletingService#8] INFO  interfaces.ContainerDeletionChoosingPolicyTemplate (ContainerDeletionChoosingPolicyTemplate.java:chooseContainerForBlockDeletion(85)) - Chosen 0/5000 blocks from 0 candidate containers.
2023-12-18 19:17:18,222 [ded5b85a-ec0d-4a71-9db9-83b101b9c9ad-BlockDeletingService#6] INFO  interfaces.ContainerDeletionChoosingPolicyTemplate (ContainerDeletionChoosingPolicyTemplate.java:chooseContainerForBlockDeletion(85)) - Chosen 0/5000 blocks from 0 candidate containers.
2023-12-18 19:17:18,292 [089733a5-f6c3-45b8-9d3f-1c158e6a3dcf-BlockDeletingService#8] INFO  interfaces.ContainerDeletionChoosingPolicyTemplate (ContainerDeletionChoosingPolicyTemplate.java:chooseContainerForBlockDeletion(85)) - Chosen 0/5000 blocks from 0 candidate containers.
2023-12-18 19:17:18,322 [ded5b85a-ec0d-4a71-9db9-83b101b9c9ad-BlockDeletingService#6] INFO  interfaces.ContainerDeletionChoosingPolicyTemplate (ContainerDeletionChoosingPolicyTemplate.java:chooseContainerForBlockDeletion(85)) - Chosen 0/5000 blocks from 0 candidate containers.
2023-12-18 19:17:18,392 [089733a5-f6c3-45b8-9d3f-1c158e6a3dcf-BlockDeletingService#8] INFO  interfaces.ContainerDeletionChoosingPolicyTemplate (ContainerDeletionChoosingPolicyTemplate.java:chooseContainerForBlockDeletion(85)) - Chosen 0/5000 blocks from 0 candidate containers.
2023-12-18 19:17:18,422 [ded5b85a-ec0d-4a71-9db9-83b101b9c9ad-BlockDeletingService#6] INFO  interfaces.ContainerDeletionChoosingPolicyTemplate (ContainerDeletionChoosingPolicyTemplate.java:chooseContainerForBlockDeletion(85)) - Chosen 0/5000 blocks from 0 candidate containers.
2023-12-18 19:17:18,492 [089733a5-f6c3-45b8-9d3f-1c158e6a3dcf-BlockDeletingService#8] INFO  interfaces.ContainerDeletionChoosingPolicyTemplate (ContainerDeletionChoosingPolicyTemplate.java:chooseContainerForBlockDeletion(85)) - Chosen 0/5000 blocks from 0 candidate containers.
2023-12-18 19:17:18,522 [ded5b85a-ec0d-4a71-9db9-83b101b9c9ad-BlockDeletingService#6] INFO  interfaces.ContainerDeletionChoosingPolicyTemplate (ContainerDeletionChoosingPolicyTemplate.java:chooseContainerForBlockDeletion(85)) - Chosen 0/5000 blocks from 0 candidate containers.
2023-12-18 19:17:18,592 [089733a5-f6c3-45b8-9d3f-1c158e6a3dcf-BlockDeletingService#8] INFO  interfaces.ContainerDeletionChoosingPolicyTemplate (ContainerDeletionChoosingPolicyTemplate.java:chooseContainerForBlockDeletion(85)) - Chosen 0/5000 blocks from 0 candidate containers.
2023-12-18 19:17:18,622 [ded5b85a-ec0d-4a71-9db9-83b101b9c9ad-BlockDeletingService#6] INFO  interfaces.ContainerDeletionChoosingPolicyTemplate (ContainerDeletionChoosingPolicyTemplate.java:chooseContainerForBlockDeletion(85)) - Chosen 0/5000 blocks from 0 candidate containers.
2023-12-18 19:17:18,692 [089733a5-f6c3-45b8-9d3f-1c158e6a3dcf-BlockDeletingService#8] INFO  interfaces.ContainerDeletionChoosingPolicyTemplate (ContainerDeletionChoosingPolicyTemplate.java:chooseContainerForBlockDeletion(85)) - Chosen 0/5000 blocks from 0 candidate containers.
2023-12-18 19:17:18,722 [ded5b85a-ec0d-4a71-9db9-83b101b9c9ad-BlockDeletingService#6] INFO  interfaces.ContainerDeletionChoosingPolicyTemplate (ContainerDeletionChoosingPolicyTemplate.java:chooseContainerForBlockDeletion(85)) - Chosen 0/5000 blocks from 0 candidate containers.
2023-12-18 19:17:18,792 [089733a5-f6c3-45b8-9d3f-1c158e6a3dcf-BlockDeletingService#8] INFO  interfaces.ContainerDeletionChoosingPolicyTemplate (ContainerDeletionChoosingPolicyTemplate.java:chooseContainerForBlockDeletion(85)) - Chosen 0/5000 blocks from 0 candidate containers.
2023-12-18 19:17:18,822 [ded5b85a-ec0d-4a71-9db9-83b101b9c9ad-BlockDeletingService#6] INFO  interfaces.ContainerDeletionChoosingPolicyTemplate (ContainerDeletionChoosingPolicyTemplate.java:chooseContainerForBlockDeletion(85)) - Chosen 0/5000 blocks from 0 candidate containers.
2023-12-18 19:17:18,892 [089733a5-f6c3-45b8-9d3f-1c158e6a3dcf-BlockDeletingService#8] INFO  interfaces.ContainerDeletionChoosingPolicyTemplate (ContainerDeletionChoosingPolicyTemplate.java:chooseContainerForBlockDeletion(85)) - Chosen 0/5000 blocks from 0 candidate containers.
2023-12-18 19:17:18,923 [ded5b85a-ec0d-4a71-9db9-83b101b9c9ad-BlockDeletingService#6] INFO  interfaces.ContainerDeletionChoosingPolicyTemplate (ContainerDeletionChoosingPolicyTemplate.java:chooseContainerForBlockDeletion(85)) - Chosen 0/5000 blocks from 0 candidate containers.
2023-12-18 19:17:18,993 [089733a5-f6c3-45b8-9d3f-1c158e6a3dcf-BlockDeletingService#8] INFO  interfaces.ContainerDeletionChoosingPolicyTemplate (ContainerDeletionChoosingPolicyTemplate.java:chooseContainerForBlockDeletion(85)) - Chosen 0/5000 blocks from 0 candidate containers.
2023-12-18 19:17:19,023 [ded5b85a-ec0d-4a71-9db9-83b101b9c9ad-BlockDeletingService#6] INFO  interfaces.ContainerDeletionChoosingPolicyTemplate (ContainerDeletionChoosingPolicyTemplate.java:chooseContainerForBlockDeletion(85)) - Chosen 0/5000 blocks from 0 candidate containers.
2023-12-18 19:17:19,093 [089733a5-f6c3-45b8-9d3f-1c158e6a3dcf-BlockDeletingService#8] INFO  interfaces.ContainerDeletionChoosingPolicyTemplate (ContainerDeletionChoosingPolicyTemplate.java:chooseContainerForBlockDeletion(85)) - Chosen 0/5000 blocks from 0 candidate containers.
2023-12-18 19:17:19,123 [ded5b85a-ec0d-4a71-9db9-83b101b9c9ad-BlockDeletingService#6] INFO  interfaces.ContainerDeletionChoosingPolicyTemplate (ContainerDeletionChoosingPolicyTemplate.java:chooseContainerForBlockDeletion(85)) - Chosen 0/5000 blocks from 0 candidate containers.
2023-12-18 19:17:19,193 [089733a5-f6c3-45b8-9d3f-1c158e6a3dcf-BlockDeletingService#8] INFO  interfaces.ContainerDeletionChoosingPolicyTemplate (ContainerDeletionChoosingPolicyTemplate.java:chooseContainerForBlockDeletion(85)) - Chosen 0/5000 blocks from 0 candidate containers.
2023-12-18 19:17:19,223 [ded5b85a-ec0d-4a71-9db9-83b101b9c9ad-BlockDeletingService#6] INFO  interfaces.ContainerDeletionChoosingPolicyTemplate (ContainerDeletionChoosingPolicyTemplate.java:chooseContainerForBlockDeletion(85)) - Chosen 0/5000 blocks from 0 candidate containers.
2023-12-18 19:17:19,293 [089733a5-f6c3-45b8-9d3f-1c158e6a3dcf-BlockDeletingService#8] INFO  interfaces.ContainerDeletionChoosingPolicyTemplate (ContainerDeletionChoosingPolicyTemplate.java:chooseContainerForBlockDeletion(85)) - Chosen 0/5000 blocks from 0 candidate containers.
2023-12-18 19:17:19,323 [ded5b85a-ec0d-4a71-9db9-83b101b9c9ad-BlockDeletingService#6] INFO  interfaces.ContainerDeletionChoosingPolicyTemplate (ContainerDeletionChoosingPolicyTemplate.java:chooseContainerForBlockDeletion(85)) - Chosen 0/5000 blocks from 0 candidate containers.
2023-12-18 19:17:19,393 [089733a5-f6c3-45b8-9d3f-1c158e6a3dcf-BlockDeletingService#8] INFO  interfaces.ContainerDeletionChoosingPolicyTemplate (ContainerDeletionChoosingPolicyTemplate.java:chooseContainerForBlockDeletion(85)) - Chosen 0/5000 blocks from 0 candidate containers.
2023-12-18 19:17:19,423 [ded5b85a-ec0d-4a71-9db9-83b101b9c9ad-BlockDeletingService#6] INFO  interfaces.ContainerDeletionChoosingPolicyTemplate (ContainerDeletionChoosingPolicyTemplate.java:chooseContainerForBlockDeletion(85)) - Chosen 0/5000 blocks from 0 candidate containers.
2023-12-18 19:17:19,493 [089733a5-f6c3-45b8-9d3f-1c158e6a3dcf-BlockDeletingService#8] INFO  interfaces.ContainerDeletionChoosingPolicyTemplate (ContainerDeletionChoosingPolicyTemplate.java:chooseContainerForBlockDeletion(85)) - Chosen 0/5000 blocks from 0 candidate containers.
2023-12-18 19:17:19,510 [null-request--thread1] INFO  server.GrpcClientProtocolService (GrpcClientProtocolService.java:lambda$processClientRequest$0(284)) - Failed RaftClientRequest:client-ABEAF7BBA7BF->089733a5-f6c3-45b8-9d3f-1c158e6a3dcf@group-40B91FD49D0E, cid=10, seq=null, Watch-ALL_COMMITTED(2), Message:<EMPTY>, reply=RaftClientReply:client-ABEAF7BBA7BF->089733a5-f6c3-45b8-9d3f-1c158e6a3dcf@group-40B91FD49D0E, cid=10, FAILED org.apache.ratis.protocol.exceptions.NotReplicatedException: Request with call Id 10 and log index 2 is not yet replicated to ALL_COMMITTED, logIndex=2, commits[089733a5-f6c3-45b8-9d3f-1c158e6a3dcf:c4, 93699071-0d52-4ef3-adad-6b5a83f48fc5:c-1, ded5b85a-ec0d-4a71-9db9-83b101b9c9ad:c4]
2023-12-18 19:17:19,515 [main] WARN  scm.XceiverClientRatis (XceiverClientRatis.java:watchForCommit(284)) - 3 way commit failed on pipeline Pipeline[ Id: 97f79b5c-2b37-4d8f-9b11-40b91fd49d0e, Nodes: 93699071-0d52-4ef3-adad-6b5a83f48fc5(fv-az655-333.rwhixiuqxtrevikhj0gcvuhxed.ex.internal.cloudapp.net/10.1.0.24)ded5b85a-ec0d-4a71-9db9-83b101b9c9ad(fv-az655-333.rwhixiuqxtrevikhj0gcvuhxed.ex.internal.cloudapp.net/10.1.0.24)089733a5-f6c3-45b8-9d3f-1c158e6a3dcf(fv-az655-333.rwhixiuqxtrevikhj0gcvuhxed.ex.internal.cloudapp.net/10.1.0.24), ReplicationConfig: RATIS/THREE, State:OPEN, leaderId:089733a5-f6c3-45b8-9d3f-1c158e6a3dcf, CreationTimestamp2023-12-18T19:17:03.814Z[Etc/UTC]]
java.util.concurrent.ExecutionException: org.apache.ratis.protocol.exceptions.NotReplicatedException: Request with call Id 10 and log index 2 is not yet replicated to ALL_COMMITTED
	at java.util.concurrent.CompletableFuture.reportGet(CompletableFuture.java:357)
	at java.util.concurrent.CompletableFuture.get(CompletableFuture.java:1908)
	at org.apache.hadoop.hdds.scm.XceiverClientRatis.watchForCommit(XceiverClientRatis.java:279)
	at org.apache.hadoop.hdds.scm.storage.AbstractCommitWatcher.watchForCommit(AbstractCommitWatcher.java:142)
	at org.apache.hadoop.hdds.scm.storage.AbstractCommitWatcher.watchOnLastIndex(AbstractCommitWatcher.java:120)
	at org.apache.hadoop.hdds.scm.storage.RatisBlockOutputStream.sendWatchForCommit(RatisBlockOutputStream.java:108)
	at org.apache.hadoop.hdds.scm.storage.BlockOutputStream.watchForCommit(BlockOutputStream.java:423)
	at org.apache.hadoop.hdds.scm.storage.BlockOutputStream.handleFlushInternal(BlockOutputStream.java:589)
	at org.apache.hadoop.hdds.scm.storage.BlockOutputStream.handleFlush(BlockOutputStream.java:551)
	at org.apache.hadoop.hdds.scm.storage.BlockOutputStream.close(BlockOutputStream.java:602)
	at org.apache.hadoop.ozone.client.io.BlockOutputStreamEntry.close(BlockOutputStreamEntry.java:165)
	at org.apache.hadoop.ozone.client.io.KeyOutputStream.handleStreamAction(KeyOutputStream.java:540)
	at org.apache.hadoop.ozone.client.io.KeyOutputStream.handleFlushOrClose(KeyOutputStream.java:514)
	at org.apache.hadoop.ozone.client.io.KeyOutputStream.close(KeyOutputStream.java:570)
	at org.apache.hadoop.ozone.client.io.OzoneOutputStream.close(OzoneOutputStream.java:105)
	at org.apache.hadoop.ozone.client.rpc.TestDeleteWithInAdequateDN.testDeleteKeyWithInAdequateDN(TestDeleteWithInAdequateDN.java:239)
	at sun.reflect.NativeMethodAccessorImpl.invoke0(Native Method)
	at sun.reflect.NativeMethodAccessorImpl.invoke(NativeMethodAccessorImpl.java:62)
	at sun.reflect.DelegatingMethodAccessorImpl.invoke(DelegatingMethodAccessorImpl.java:43)
	at java.lang.reflect.Method.invoke(Method.java:498)
	at org.junit.runners.model.FrameworkMethod$1.runReflectiveCall(FrameworkMethod.java:59)
	at org.junit.internal.runners.model.ReflectiveCallable.run(ReflectiveCallable.java:12)
	at org.junit.runners.model.FrameworkMethod.invokeExplosively(FrameworkMethod.java:56)
	at org.junit.internal.runners.statements.InvokeMethod.evaluate(InvokeMethod.java:17)
	at org.junit.runners.ParentRunner$3.evaluate(ParentRunner.java:306)
	at org.junit.runners.BlockJUnit4ClassRunner$1.evaluate(BlockJUnit4ClassRunner.java:100)
	at org.junit.runners.ParentRunner.runLeaf(ParentRunner.java:366)
	at org.junit.runners.BlockJUnit4ClassRunner.runChild(BlockJUnit4ClassRunner.java:103)
	at org.junit.runners.BlockJUnit4ClassRunner.runChild(BlockJUnit4ClassRunner.java:63)
	at org.junit.runners.ParentRunner$4.run(ParentRunner.java:331)
	at org.junit.runners.ParentRunner$1.schedule(ParentRunner.java:79)
	at org.junit.runners.ParentRunner.runChildren(ParentRunner.java:329)
	at org.junit.runners.ParentRunner.access$100(ParentRunner.java:66)
	at org.junit.runners.ParentRunner$2.evaluate(ParentRunner.java:293)
	at org.junit.internal.runners.statements.RunBefores.evaluate(RunBefores.java:26)
	at org.junit.internal.runners.statements.RunAfters.evaluate(RunAfters.java:27)
	at org.junit.runners.ParentRunner$3.evaluate(ParentRunner.java:306)
	at org.junit.runners.ParentRunner.run(ParentRunner.java:413)
	at org.junit.runner.JUnitCore.run(JUnitCore.java:137)
	at org.junit.runner.JUnitCore.run(JUnitCore.java:115)
	at org.junit.vintage.engine.execution.RunnerExecutor.execute(RunnerExecutor.java:42)
	at org.junit.vintage.engine.VintageTestEngine.executeAllChildren(VintageTestEngine.java:80)
	at org.junit.vintage.engine.VintageTestEngine.execute(VintageTestEngine.java:72)
	at org.junit.platform.launcher.core.EngineExecutionOrchestrator.execute(EngineExecutionOrchestrator.java:198)
	at org.junit.platform.launcher.core.EngineExecutionOrchestrator.execute(EngineExecutionOrchestrator.java:169)
	at org.junit.platform.launcher.core.EngineExecutionOrchestrator.execute(EngineExecutionOrchestrator.java:93)
	at org.junit.platform.launcher.core.EngineExecutionOrchestrator.lambda$execute$0(EngineExecutionOrchestrator.java:58)
	at org.junit.platform.launcher.core.EngineExecutionOrchestrator.withInterceptedStreams(EngineExecutionOrchestrator.java:141)
	at org.junit.platform.launcher.core.EngineExecutionOrchestrator.execute(EngineExecutionOrchestrator.java:57)
	at org.junit.platform.launcher.core.DefaultLauncher.execute(DefaultLauncher.java:103)
	at org.junit.platform.launcher.core.DefaultLauncher.execute(DefaultLauncher.java:85)
	at org.junit.platform.launcher.core.DelegatingLauncher.execute(DelegatingLauncher.java:47)
	at org.apache.maven.surefire.junitplatform.LazyLauncher.execute(LazyLauncher.java:56)
	at org.apache.maven.surefire.junitplatform.JUnitPlatformProvider.execute(JUnitPlatformProvider.java:184)
	at org.apache.maven.surefire.junitplatform.JUnitPlatformProvider.invokeAllTests(JUnitPlatformProvider.java:148)
	at org.apache.maven.surefire.junitplatform.JUnitPlatformProvider.invoke(JUnitPlatformProvider.java:120)
	at org.apache.maven.surefire.booter.ForkedBooter.runSuitesInProcess(ForkedBooter.java:385)
	at org.apache.maven.surefire.booter.ForkedBooter.execute(ForkedBooter.java:162)
	at org.apache.maven.surefire.booter.ForkedBooter.run(ForkedBooter.java:507)
	at org.apache.maven.surefire.booter.ForkedBooter.main(ForkedBooter.java:495)
Caused by: org.apache.ratis.protocol.exceptions.NotReplicatedException: Request with call Id 10 and log index 2 is not yet replicated to ALL_COMMITTED
	at org.apache.ratis.client.impl.ClientProtoUtils.toRaftClientReply(ClientProtoUtils.java:400)
	at org.apache.ratis.grpc.client.GrpcClientProtocolClient$AsyncStreamObservers$1.onNext(GrpcClientProtocolClient.java:310)
	at org.apache.ratis.grpc.client.GrpcClientProtocolClient$AsyncStreamObservers$1.onNext(GrpcClientProtocolClient.java:305)
	at org.apache.ratis.thirdparty.io.grpc.stub.ClientCalls$StreamObserverToCallListenerAdapter.onMessage(ClientCalls.java:468)
	at org.apache.ratis.thirdparty.io.grpc.ForwardingClientCallListener.onMessage(ForwardingClientCallListener.java:33)
	at org.apache.ratis.thirdparty.io.grpc.internal.ClientCallImpl$ClientStreamListenerImpl$1MessagesAvailable.runInternal(ClientCallImpl.java:660)
	at org.apache.ratis.thirdparty.io.grpc.internal.ClientCallImpl$ClientStreamListenerImpl$1MessagesAvailable.runInContext(ClientCallImpl.java:647)
	at org.apache.ratis.thirdparty.io.grpc.internal.ContextRunnable.run(ContextRunnable.java:37)
	at org.apache.ratis.thirdparty.io.grpc.internal.SerializingExecutor.run(SerializingExecutor.java:133)
	at java.util.concurrent.ThreadPoolExecutor.runWorker(ThreadPoolExecutor.java:1149)
	at java.util.concurrent.ThreadPoolExecutor$Worker.run(ThreadPoolExecutor.java:624)
	at java.lang.Thread.run(Thread.java:750)
2023-12-18 19:17:19,519 [main] INFO  scm.XceiverClientRatis (XceiverClientRatis.java:lambda$watchForCommit$4(304)) - Could not commit index 2 on pipeline Pipeline[ Id: 97f79b5c-2b37-4d8f-9b11-40b91fd49d0e, Nodes: 93699071-0d52-4ef3-adad-6b5a83f48fc5(fv-az655-333.rwhixiuqxtrevikhj0gcvuhxed.ex.internal.cloudapp.net/10.1.0.24)ded5b85a-ec0d-4a71-9db9-83b101b9c9ad(fv-az655-333.rwhixiuqxtrevikhj0gcvuhxed.ex.internal.cloudapp.net/10.1.0.24)089733a5-f6c3-45b8-9d3f-1c158e6a3dcf(fv-az655-333.rwhixiuqxtrevikhj0gcvuhxed.ex.internal.cloudapp.net/10.1.0.24), ReplicationConfig: RATIS/THREE, State:OPEN, leaderId:089733a5-f6c3-45b8-9d3f-1c158e6a3dcf, CreationTimestamp2023-12-18T19:17:03.814Z[Etc/UTC]] to all the nodes. Server 93699071-0d52-4ef3-adad-6b5a83f48fc5 has failed. Committed by majority.
2023-12-18 19:17:19,520 [main] WARN  storage.BlockOutputStream (BlockOutputStream.java:watchForCommit(429)) - Failed to commit BlockId conID: 1 locID: 111677748019200001 bcsId: 2 on Pipeline[ Id: 97f79b5c-2b37-4d8f-9b11-40b91fd49d0e, Nodes: 93699071-0d52-4ef3-adad-6b5a83f48fc5(fv-az655-333.rwhixiuqxtrevikhj0gcvuhxed.ex.internal.cloudapp.net/10.1.0.24)ded5b85a-ec0d-4a71-9db9-83b101b9c9ad(fv-az655-333.rwhixiuqxtrevikhj0gcvuhxed.ex.internal.cloudapp.net/10.1.0.24)089733a5-f6c3-45b8-9d3f-1c158e6a3dcf(fv-az655-333.rwhixiuqxtrevikhj0gcvuhxed.ex.internal.cloudapp.net/10.1.0.24), ReplicationConfig: RATIS/THREE, State:OPEN, leaderId:089733a5-f6c3-45b8-9d3f-1c158e6a3dcf, CreationTimestamp2023-12-18T19:17:03.814Z[Etc/UTC]]. Failed nodes: [93699071-0d52-4ef3-adad-6b5a83f48fc5(null/null)]
2023-12-18 19:17:19,524 [ded5b85a-ec0d-4a71-9db9-83b101b9c9ad-BlockDeletingService#6] INFO  interfaces.ContainerDeletionChoosingPolicyTemplate (ContainerDeletionChoosingPolicyTemplate.java:chooseContainerForBlockDeletion(85)) - Chosen 0/5000 blocks from 0 candidate containers.
2023-12-18 19:17:19,547 [grpc-default-executor-4] WARN  server.GrpcLogAppender (LogUtils.java:warn(121)) - 089733a5-f6c3-45b8-9d3f-1c158e6a3dcf@group-40B91FD49D0E->93699071-0d52-4ef3-adad-6b5a83f48fc5-AppendLogResponseHandler: Failed appendEntries: org.apache.ratis.thirdparty.io.grpc.StatusRuntimeException: UNAVAILABLE: io exception
2023-12-18 19:17:19,547 [grpc-default-executor-2] WARN  server.GrpcLogAppender (LogUtils.java:warn(121)) - 089733a5-f6c3-45b8-9d3f-1c158e6a3dcf@group-40B91FD49D0E->93699071-0d52-4ef3-adad-6b5a83f48fc5-AppendLogResponseHandler: Failed appendEntries: org.apache.ratis.thirdparty.io.grpc.StatusRuntimeException: UNAVAILABLE: io exception
2023-12-18 19:17:19,549 [grpc-default-executor-4] WARN  server.GrpcLogAppender (GrpcLogAppender.java:resetClient(140)) - 089733a5-f6c3-45b8-9d3f-1c158e6a3dcf@group-40B91FD49D0E->93699071-0d52-4ef3-adad-6b5a83f48fc5-GrpcLogAppender: Follower failed and request == null,  keep nextIndex (5) unchanged and retry.
2023-12-18 19:17:19,550 [grpc-default-executor-2] WARN  server.GrpcLogAppender (GrpcLogAppender.java:resetClient(140)) - 089733a5-f6c3-45b8-9d3f-1c158e6a3dcf@group-40B91FD49D0E->93699071-0d52-4ef3-adad-6b5a83f48fc5-GrpcLogAppender: Follower failed and request == null,  keep nextIndex (5) unchanged and retry.
2023-12-18 19:17:19,553 [grpc-default-executor-2] WARN  server.GrpcLogAppender (LogUtils.java:warn(121)) - 089733a5-f6c3-45b8-9d3f-1c158e6a3dcf@group-40B91FD49D0E->93699071-0d52-4ef3-adad-6b5a83f48fc5-AppendLogResponseHandler: Failed appendEntries: org.apache.ratis.thirdparty.io.grpc.StatusRuntimeException: UNAVAILABLE: io exception
2023-12-18 19:17:19,553 [grpc-default-executor-5] WARN  server.GrpcLogAppender (LogUtils.java:warn(121)) - 089733a5-f6c3-45b8-9d3f-1c158e6a3dcf@group-40B91FD49D0E->93699071-0d52-4ef3-adad-6b5a83f48fc5-AppendLogResponseHandler: Failed appendEntries: org.apache.ratis.thirdparty.io.grpc.StatusRuntimeException: UNAVAILABLE: io exception
2023-12-18 19:17:19,553 [grpc-default-executor-2] WARN  server.GrpcLogAppender (GrpcLogAppender.java:resetClient(140)) - 089733a5-f6c3-45b8-9d3f-1c158e6a3dcf@group-40B91FD49D0E->93699071-0d52-4ef3-adad-6b5a83f48fc5-GrpcLogAppender: Follower failed and request == null,  keep nextIndex (6) unchanged and retry.
2023-12-18 19:17:19,554 [grpc-default-executor-5] WARN  server.GrpcLogAppender (GrpcLogAppender.java:resetClient(140)) - 089733a5-f6c3-45b8-9d3f-1c158e6a3dcf@group-40B91FD49D0E->93699071-0d52-4ef3-adad-6b5a83f48fc5-GrpcLogAppender: Follower failed and request == null,  keep nextIndex (6) unchanged and retry.
2023-12-18 19:17:19,556 [grpc-default-executor-4] WARN  server.GrpcLogAppender (LogUtils.java:warn(121)) - 089733a5-f6c3-45b8-9d3f-1c158e6a3dcf@group-40B91FD49D0E->93699071-0d52-4ef3-adad-6b5a83f48fc5-AppendLogResponseHandler: Failed appendEntries: org.apache.ratis.thirdparty.io.grpc.StatusRuntimeException: UNAVAILABLE: io exception
2023-12-18 19:17:19,557 [grpc-default-executor-4] WARN  server.GrpcLogAppender (GrpcLogAppender.java:resetClient(140)) - 089733a5-f6c3-45b8-9d3f-1c158e6a3dcf@group-40B91FD49D0E->93699071-0d52-4ef3-adad-6b5a83f48fc5-GrpcLogAppender: Follower failed and request == null,  keep nextIndex (7) unchanged and retry.
2023-12-18 19:17:19,557 [grpc-default-executor-5] WARN  server.GrpcLogAppender (LogUtils.java:warn(121)) - 089733a5-f6c3-45b8-9d3f-1c158e6a3dcf@group-40B91FD49D0E->93699071-0d52-4ef3-adad-6b5a83f48fc5-AppendLogResponseHandler: Failed appendEntries: org.apache.ratis.thirdparty.io.grpc.StatusRuntimeException: UNAVAILABLE: io exception
2023-12-18 19:17:19,558 [grpc-default-executor-5] WARN  server.GrpcLogAppender (GrpcLogAppender.java:resetClient(140)) - 089733a5-f6c3-45b8-9d3f-1c158e6a3dcf@group-40B91FD49D0E->93699071-0d52-4ef3-adad-6b5a83f48fc5-GrpcLogAppender: Follower failed and request == null,  keep nextIndex (7) unchanged and retry.
2023-12-18 19:17:19,559 [FixedThreadPoolWithAffinityExecutor-1-0] INFO  container.IncrementalContainerReportHandler (AbstractContainerReportHandler.java:updateContainerState(260)) - Moving OPEN container #1 to CLOSING state, datanode 089733a5-f6c3-45b8-9d3f-1c158e6a3dcf(fv-az655-333.rwhixiuqxtrevikhj0gcvuhxed.ex.internal.cloudapp.net/10.1.0.24) reported CLOSING replica with index 0.
2023-12-18 19:17:19,560 [089733a5-f6c3-45b8-9d3f-1c158e6a3dcf-ContainerOp-97f79b5c-2b37-4d8f-9b11-40b91fd49d0e-2] INFO  keyvalue.KeyValueContainer (KeyValueContainer.java:flushAndSyncDB(522)) - Container 1 is synced with bcsId 2.
2023-12-18 19:17:19,560 [089733a5-f6c3-45b8-9d3f-1c158e6a3dcf-ContainerOp-97f79b5c-2b37-4d8f-9b11-40b91fd49d0e-2] INFO  keyvalue.KeyValueContainer (KeyValueContainer.java:flushAndSyncDB(522)) - Container 1 is synced with bcsId 2.
2023-12-18 19:17:19,564 [ded5b85a-ec0d-4a71-9db9-83b101b9c9ad-ContainerOp-97f79b5c-2b37-4d8f-9b11-40b91fd49d0e-2] INFO  keyvalue.KeyValueContainer (KeyValueContainer.java:flushAndSyncDB(522)) - Container 1 is synced with bcsId 2.
2023-12-18 19:17:19,564 [089733a5-f6c3-45b8-9d3f-1c158e6a3dcf-ContainerOp-97f79b5c-2b37-4d8f-9b11-40b91fd49d0e-2] INFO  keyvalue.KeyValueContainer (KeyValueContainer.java:close(437)) - Container 1 is closed with bcsId 2.
2023-12-18 19:17:19,564 [ded5b85a-ec0d-4a71-9db9-83b101b9c9ad-ContainerOp-97f79b5c-2b37-4d8f-9b11-40b91fd49d0e-2] INFO  keyvalue.KeyValueContainer (KeyValueContainer.java:flushAndSyncDB(522)) - Container 1 is synced with bcsId 2.
2023-12-18 19:17:19,566 [FixedThreadPoolWithAffinityExecutor-1-0] INFO  container.IncrementalContainerReportHandler (AbstractContainerReportHandler.java:updateContainerState(312)) - Moving container #1 to CLOSED state, datanode 089733a5-f6c3-45b8-9d3f-1c158e6a3dcf(fv-az655-333.rwhixiuqxtrevikhj0gcvuhxed.ex.internal.cloudapp.net/10.1.0.24) reported CLOSED replica with index 0.
2023-12-18 19:17:19,568 [ded5b85a-ec0d-4a71-9db9-83b101b9c9ad-ContainerOp-97f79b5c-2b37-4d8f-9b11-40b91fd49d0e-2] INFO  keyvalue.KeyValueContainer (KeyValueContainer.java:close(437)) - Container 1 is closed with bcsId 2.
2023-12-18 19:17:19,680 [ded5b85a-ec0d-4a71-9db9-83b101b9c9ad-BlockDeletingService#6] INFO  interfaces.ContainerDeletionChoosingPolicyTemplate (ContainerDeletionChoosingPolicyTemplate.java:chooseContainerForBlockDeletion(85)) - Chosen 0/5000 blocks from 0 candidate containers.
2023-12-18 19:17:19,682 [089733a5-f6c3-45b8-9d3f-1c158e6a3dcf-BlockDeletingService#8] INFO  interfaces.ContainerDeletionChoosingPolicyTemplate (ContainerDeletionChoosingPolicyTemplate.java:chooseContainerForBlockDeletion(85)) - Chosen 0/5000 blocks from 0 candidate containers.
2023-12-18 19:17:19,780 [ded5b85a-ec0d-4a71-9db9-83b101b9c9ad-BlockDeletingService#6] INFO  interfaces.ContainerDeletionChoosingPolicyTemplate (ContainerDeletionChoosingPolicyTemplate.java:chooseContainerForBlockDeletion(85)) - Chosen 0/5000 blocks from 0 candidate containers.
2023-12-18 19:17:19,783 [089733a5-f6c3-45b8-9d3f-1c158e6a3dcf-BlockDeletingService#8] INFO  interfaces.ContainerDeletionChoosingPolicyTemplate (ContainerDeletionChoosingPolicyTemplate.java:chooseContainerForBlockDeletion(85)) - Chosen 0/5000 blocks from 0 candidate containers.
2023-12-18 19:17:19,795 [main] WARN  dropwizard3.Dm3MetricRegistriesImpl (Dm3MetricRegistriesImpl.java:addReporterRegistration(113)) - New reporters are added after registries were created. Some metrics will be missing from the reporter. Please add reporter before adding any new registry.
2023-12-18 19:17:19,795 [main] WARN  dropwizard3.Dm3MetricRegistriesImpl (Dm3MetricRegistriesImpl.java:addReporterRegistration(113)) - New reporters are added after registries were created. Some metrics will be missing from the reporter. Please add reporter before adding any new registry.
2023-12-18 19:17:19,795 [main] INFO  impl.MetricsSystemImpl (MetricsSystemImpl.java:init(158)) - HddsDatanode metrics system started (again)
2023-12-18 19:17:19,824 [main] INFO  ozone.HddsDatanodeService (HddsDatanodeService.java:start(239)) - HddsDatanodeService host:fv-az655-333.rwhixiuqxtrevikhj0gcvuhxed.ex.internal.cloudapp.net ip:10.1.0.24
2023-12-18 19:17:19,834 [main] INFO  upgrade.AbstractLayoutVersionManager (AbstractLayoutVersionManager.java:init(83)) - Initializing Layout version manager with metadata layout = HADOOP_PRC_PORTS_IN_DATANODEDETAILS (version = 7), software layout = HADOOP_PRC_PORTS_IN_DATANODEDETAILS (version = 7)
2023-12-18 19:17:19,834 [main] INFO  statemachine.DatanodeStateMachine (DatanodeStateMachine.java:getEndPointTaskThreadPoolSize(299)) - Datanode State Machine Task Thread Pool size 2
2023-12-18 19:17:19,836 [main] INFO  volume.HddsVolume (HddsVolume.java:<init>(126)) - Creating HddsVolume: /home/runner/work/ozone/ozone/hadoop-ozone/integration-test/target/test-dir/MiniOzoneClusterImpl-15bbe3be-e687-4529-b164-2adc82dffbd7/datanode-2/data-0/containers/hdds of storage type : DISK capacity : 9223372036854775807
2023-12-18 19:17:19,837 [main] INFO  volume.MutableVolumeSet (MutableVolumeSet.java:initializeVolumeSet(173)) - Added Volume : /home/runner/work/ozone/ozone/hadoop-ozone/integration-test/target/test-dir/MiniOzoneClusterImpl-15bbe3be-e687-4529-b164-2adc82dffbd7/datanode-2/data-0/containers/hdds to VolumeSet
2023-12-18 19:17:19,838 [main] INFO  volume.MutableVolumeSet (MutableVolumeSet.java:initializeVolumeSet(173)) - Added Volume : /home/runner/work/ozone/ozone/hadoop-ozone/integration-test/target/test-dir/MiniOzoneClusterImpl-15bbe3be-e687-4529-b164-2adc82dffbd7/datanode-2/data/ratis to VolumeSet
2023-12-18 19:17:19,857 [ForkJoinPool.commonPool-worker-0] INFO  utils.DatanodeStoreCache (DatanodeStoreCache.java:addDB(66)) - Added db /home/runner/work/ozone/ozone/hadoop-ozone/integration-test/target/test-dir/MiniOzoneClusterImpl-15bbe3be-e687-4529-b164-2adc82dffbd7/datanode-2/data-0/containers/hdds/15bbe3be-e687-4529-b164-2adc82dffbd7/DS-c1abc522-2b83-4dcb-9a3c-c5f41f15e4f6/container.db to cache
2023-12-18 19:17:19,857 [ForkJoinPool.commonPool-worker-0] INFO  volume.HddsVolume (HddsVolume.java:loadDbStore(375)) - SchemaV3 db is loaded at /home/runner/work/ozone/ozone/hadoop-ozone/integration-test/target/test-dir/MiniOzoneClusterImpl-15bbe3be-e687-4529-b164-2adc82dffbd7/datanode-2/data-0/containers/hdds/15bbe3be-e687-4529-b164-2adc82dffbd7/DS-c1abc522-2b83-4dcb-9a3c-c5f41f15e4f6/container.db for volume DS-c1abc522-2b83-4dcb-9a3c-c5f41f15e4f6
2023-12-18 19:17:19,857 [main] INFO  ozoneimpl.OzoneContainer (HddsVolumeUtil.java:loadAllHddsVolumeDbStore(103)) - Load 1 volumes DbStore cost: 19ms
2023-12-18 19:17:19,858 [93699071-0d52-4ef3-adad-6b5a83f48fc5-ContainerReader-0] INFO  ozoneimpl.ContainerReader (ContainerReader.java:readVolume(147)) - Start to verify containers on volume /home/runner/work/ozone/ozone/hadoop-ozone/integration-test/target/test-dir/MiniOzoneClusterImpl-15bbe3be-e687-4529-b164-2adc82dffbd7/datanode-2/data-0/containers/hdds
2023-12-18 19:17:19,858 [93699071-0d52-4ef3-adad-6b5a83f48fc5-ContainerReader-0] INFO  ozoneimpl.ContainerReader (ContainerReader.java:readVolume(177)) - Finish verifying containers on volume /home/runner/work/ozone/ozone/hadoop-ozone/integration-test/target/test-dir/MiniOzoneClusterImpl-15bbe3be-e687-4529-b164-2adc82dffbd7/datanode-2/data-0/containers/hdds
2023-12-18 19:17:19,858 [main] INFO  ozoneimpl.OzoneContainer (OzoneContainer.java:buildContainerSet(326)) - Build ContainerSet costs 0s
2023-12-18 19:17:19,861 [main] INFO  server.RaftServer (ConfUtils.java:logGet(46)) - raft.rpc.type = GRPC (default)
2023-12-18 19:17:19,861 [main] INFO  grpc.GrpcConfigKeys (ConfUtils.java:logFallback(53)) - raft.grpc.admin.host = null (fallback to raft.grpc.server.host)
2023-12-18 19:17:19,862 [main] INFO  grpc.GrpcConfigKeys (ConfUtils.java:logGet(46)) - raft.grpc.admin.port = 15031 (custom)
2023-12-18 19:17:19,862 [main] INFO  grpc.GrpcConfigKeys (ConfUtils.java:logFallback(53)) - raft.grpc.client.host = null (fallback to raft.grpc.server.host)
2023-12-18 19:17:19,862 [main] INFO  grpc.GrpcConfigKeys (ConfUtils.java:logGet(46)) - raft.grpc.client.port = 15030 (custom)
2023-12-18 19:17:19,862 [main] INFO  grpc.GrpcConfigKeys (ConfUtils.java:logGet(46)) - raft.grpc.server.host = null (default)
2023-12-18 19:17:19,863 [main] INFO  grpc.GrpcConfigKeys (ConfUtils.java:logGet(46)) - raft.grpc.server.port = 15032 (custom)
2023-12-18 19:17:19,863 [main] INFO  server.GrpcService (ConfUtils.java:logGet(46)) - raft.grpc.message.size.max = 32MB (=33554432) (custom)
2023-12-18 19:17:19,863 [main] INFO  server.RaftServerConfigKeys (ConfUtils.java:logGet(46)) - raft.server.log.appender.buffer.byte-limit = 8388608 (custom)
2023-12-18 19:17:19,863 [main] INFO  server.GrpcService (ConfUtils.java:logGet(46)) - raft.grpc.flow.control.window = 5MB (=5242880) (custom)
2023-12-18 19:17:19,863 [main] INFO  server.RaftServerConfigKeys (ConfUtils.java:logGet(46)) - raft.server.rpc.request.timeout = 3000ms (default)
2023-12-18 19:17:19,863 [main] INFO  grpc.GrpcConfigKeys (ConfUtils.java:logGet(46)) - raft.grpc.server.heartbeat.channel = true (default)
2023-12-18 19:17:19,864 [main] INFO  grpc.GrpcConfigKeys (ConfUtils.java:logGet(46)) - raft.grpc.server.async.request.thread.pool.cached = true (default)
2023-12-18 19:17:19,864 [main] INFO  grpc.GrpcConfigKeys (ConfUtils.java:logGet(46)) - raft.grpc.server.async.request.thread.pool.size = 32 (default)
2023-12-18 19:17:19,866 [main] INFO  impl.DataStreamServerImpl (ConfUtils.java:logGet(46)) - raft.datastream.type = NETTY (custom)
2023-12-18 19:17:19,866 [main] INFO  server.RaftServerConfigKeys (ConfUtils.java:logGet(46)) - raft.server.data-stream.async.request.thread.pool.cached = false (default)
2023-12-18 19:17:19,866 [main] INFO  server.RaftServerConfigKeys (ConfUtils.java:logGet(46)) - raft.server.data-stream.async.request.thread.pool.size = 20 (custom)
2023-12-18 19:17:19,866 [main] INFO  server.RaftServerConfigKeys (ConfUtils.java:logGet(46)) - raft.server.data-stream.async.write.thread.pool.size = 16 (default)
2023-12-18 19:17:19,866 [main] INFO  netty.NettyConfigKeys$DataStream (ConfUtils.java:logGet(46)) - raft.netty.dataStream.server.channel.inactive.grace-period = 10min (default)
2023-12-18 19:17:19,867 [main] INFO  server.RaftServerConfigKeys (ConfUtils.java:logGet(46)) - raft.server.data-stream.client.pool.size = 10 (default)
2023-12-18 19:17:19,867 [main] INFO  netty.NettyConfigKeys$DataStream (ConfUtils.java:logGet(46)) - raft.netty.dataStream.server.use-epoll = true (default)
2023-12-18 19:17:19,867 [main] INFO  netty.NettyConfigKeys$DataStream (ConfUtils.java:logGet(46)) - raft.netty.dataStream.server.boss-group.size = 0 (default)
2023-12-18 19:17:19,867 [main] INFO  netty.NettyUtils (NettyUtils.java:newEventLoopGroup(69)) - Create EpollEventLoopGroup for 93699071-0d52-4ef3-adad-6b5a83f48fc5-NettyServerStreamRpc-bossGroup; Thread size is 0.
2023-12-18 19:17:19,868 [main] INFO  netty.NettyConfigKeys$DataStream (ConfUtils.java:logGet(46)) - raft.netty.dataStream.server.worker-group.size = 0 (default)
2023-12-18 19:17:19,868 [main] INFO  netty.NettyUtils (NettyUtils.java:newEventLoopGroup(69)) - Create EpollEventLoopGroup for 93699071-0d52-4ef3-adad-6b5a83f48fc5-NettyServerStreamRpc-workerGroup; Thread size is 0.
2023-12-18 19:17:19,868 [main] INFO  netty.NettyConfigKeys$DataStream (ConfUtils.java:logGet(46)) - raft.netty.dataStream.server.tls.conf = null (default)
2023-12-18 19:17:19,868 [main] INFO  netty.NettyConfigKeys$DataStream (ConfUtils.java:logGet(46)) - raft.netty.dataStream.host = null (default)
2023-12-18 19:17:19,869 [main] INFO  netty.NettyConfigKeys$DataStream (ConfUtils.java:logGet(46)) - raft.netty.dataStream.port = 15033 (custom)
2023-12-18 19:17:19,869 [main] INFO  server.RaftServerConfigKeys (ConfUtils.java:logGet(46)) - raft.server.sleep.deviation.threshold = 300ms (default)
2023-12-18 19:17:19,869 [main] INFO  server.RaftServerConfigKeys (ConfUtils.java:logGet(46)) - raft.server.close.threshold = 60s (default)
2023-12-18 19:17:19,869 [main] INFO  server.RaftServerConfigKeys (ConfUtils.java:logGet(46)) - raft.server.leaderelection.leader.step-down.wait-time = 10s (default)
2023-12-18 19:17:19,870 [main] INFO  server.RaftServerConfigKeys (ConfUtils.java:logGet(46)) - raft.server.storage.dir = [/home/runner/work/ozone/ozone/hadoop-ozone/integration-test/target/test-dir/MiniOzoneClusterImpl-15bbe3be-e687-4529-b164-2adc82dffbd7/datanode-2/data/ratis] (custom)
2023-12-18 19:17:19,870 [main] INFO  server.RaftServerConfigKeys (ConfUtils.java:logGet(46)) - raft.server.threadpool.proxy.cached = true (default)
2023-12-18 19:17:19,870 [main] INFO  server.RaftServerConfigKeys (ConfUtils.java:logGet(46)) - raft.server.threadpool.proxy.size = 0 (default)
2023-12-18 19:17:19,870 [93699071-0d52-4ef3-adad-6b5a83f48fc5-NettyServerStreamRpc-bossGroup--thread1] INFO  logging.LoggingHandler (AbstractInternalLogger.java:log(148)) - [id: 0x4db33edb] REGISTERED
2023-12-18 19:17:19,870 [93699071-0d52-4ef3-adad-6b5a83f48fc5-NettyServerStreamRpc-bossGroup--thread1] INFO  logging.LoggingHandler (AbstractInternalLogger.java:log(148)) - [id: 0x4db33edb] BIND: 0.0.0.0/0.0.0.0:15033
2023-12-18 19:17:19,870 [93699071-0d52-4ef3-adad-6b5a83f48fc5-NettyServerStreamRpc-bossGroup--thread1] INFO  logging.LoggingHandler (AbstractInternalLogger.java:log(148)) - [id: 0x4db33edb, L:/0.0.0.0:15033] ACTIVE
2023-12-18 19:17:19,871 [93699071-0d52-4ef3-adad-6b5a83f48fc5-impl-thread1] INFO  server.RaftServer (RaftServerProxy.java:initGroupDir(264)) - 93699071-0d52-4ef3-adad-6b5a83f48fc5: found a subdirectory /home/runner/work/ozone/ozone/hadoop-ozone/integration-test/target/test-dir/MiniOzoneClusterImpl-15bbe3be-e687-4529-b164-2adc82dffbd7/datanode-2/data/ratis/97f79b5c-2b37-4d8f-9b11-40b91fd49d0e
2023-12-18 19:17:19,872 [93699071-0d52-4ef3-adad-6b5a83f48fc5-impl-thread1] INFO  server.RaftServer (RaftServerProxy.java:addNew(100)) - 93699071-0d52-4ef3-adad-6b5a83f48fc5: addNew group-40B91FD49D0E:[] returns group-40B91FD49D0E:java.util.concurrent.CompletableFuture@163497c4[Not completed]
2023-12-18 19:17:19,872 [93699071-0d52-4ef3-adad-6b5a83f48fc5-impl-thread1] INFO  server.RaftServer (RaftServerProxy.java:initGroupDir(264)) - 93699071-0d52-4ef3-adad-6b5a83f48fc5: found a subdirectory /home/runner/work/ozone/ozone/hadoop-ozone/integration-test/target/test-dir/MiniOzoneClusterImpl-15bbe3be-e687-4529-b164-2adc82dffbd7/datanode-2/data/ratis/95d442ec-00fb-43e2-be7d-b54a14c830b8
2023-12-18 19:17:19,872 [93699071-0d52-4ef3-adad-6b5a83f48fc5-impl-thread1] INFO  server.RaftServer (RaftServerProxy.java:addNew(100)) - 93699071-0d52-4ef3-adad-6b5a83f48fc5: addNew group-B54A14C830B8:[] returns group-B54A14C830B8:java.util.concurrent.CompletableFuture@120b11da[Not completed]
2023-12-18 19:17:19,872 [93699071-0d52-4ef3-adad-6b5a83f48fc5-impl-thread1] INFO  server.RaftServer (RaftServerProxy.java:initGroupDir(264)) - 93699071-0d52-4ef3-adad-6b5a83f48fc5: found a subdirectory /home/runner/work/ozone/ozone/hadoop-ozone/integration-test/target/test-dir/MiniOzoneClusterImpl-15bbe3be-e687-4529-b164-2adc82dffbd7/datanode-2/data/ratis/tmp
2023-12-18 19:17:19,872 [93699071-0d52-4ef3-adad-6b5a83f48fc5-impl-thread1] INFO  server.RaftServer (RaftServerProxy.java:initGroupDir(269)) - 93699071-0d52-4ef3-adad-6b5a83f48fc5: The directory /home/runner/work/ozone/ozone/hadoop-ozone/integration-test/target/test-dir/MiniOzoneClusterImpl-15bbe3be-e687-4529-b164-2adc82dffbd7/datanode-2/data/ratis/tmp is not a group directory; ignoring it. 
2023-12-18 19:17:19,872 [main] INFO  replication.ReplicationServer (ReplicationServer.java:<init>(85)) - Initializing replication server with thread count = 10 queue length = 4096
2023-12-18 19:17:19,873 [main] INFO  server.XceiverServerGrpc (XceiverServerGrpc.java:<init>(141)) - GrpcServer channel type EpollServerSocketChannel
2023-12-18 19:17:19,875 [93699071-0d52-4ef3-adad-6b5a83f48fc5-groupManagement] INFO  server.RaftServer$Division (RaftServerImpl.java:<init>(256)) - 93699071-0d52-4ef3-adad-6b5a83f48fc5: new RaftServerImpl for group-40B91FD49D0E:[] with ContainerStateMachine:uninitialized
2023-12-18 19:17:19,875 [93699071-0d52-4ef3-adad-6b5a83f48fc5-groupManagement] INFO  server.RaftServerConfigKeys (ConfUtils.java:logGet(46)) - raft.server.rpc.timeout.min = 5s (custom)
2023-12-18 19:17:19,875 [main] INFO  replication.ReplicationSupervisor (ReplicationSupervisor.java:build(163)) - Initializing replication supervisor with thread count = 10
2023-12-18 19:17:19,875 [93699071-0d52-4ef3-adad-6b5a83f48fc5-groupManagement] INFO  server.RaftServerConfigKeys (ConfUtils.java:logGet(46)) - raft.server.rpc.timeout.max = 5200ms (custom)
2023-12-18 19:17:19,875 [main] INFO  replication.ReplicationSupervisor (ReplicationSupervisor.java:nodeStateUpdated(317)) - Node state updated to IN_SERVICE, scaling executor pool size to 10
2023-12-18 19:17:19,875 [93699071-0d52-4ef3-adad-6b5a83f48fc5-groupManagement] INFO  server.RaftServerConfigKeys (ConfUtils.java:logGet(46)) - raft.server.rpc.sleep.time = 25ms (default)
2023-12-18 19:17:19,875 [93699071-0d52-4ef3-adad-6b5a83f48fc5-groupManagement] INFO  server.RaftServerConfigKeys (ConfUtils.java:logGet(46)) - raft.server.rpc.slowness.timeout = 300000ms (custom)
2023-12-18 19:17:19,876 [93699071-0d52-4ef3-adad-6b5a83f48fc5-groupManagement] INFO  server.RaftServerConfigKeys (ConfUtils.java:logGet(46)) - raft.server.leaderelection.leader.step-down.wait-time = 10s (default)
2023-12-18 19:17:19,876 [93699071-0d52-4ef3-adad-6b5a83f48fc5-groupManagement] INFO  server.RaftServerConfigKeys (ConfUtils.java:logGet(46)) - raft.server.leaderelection.member.majority-add = false (default)
2023-12-18 19:17:19,876 [93699071-0d52-4ef3-adad-6b5a83f48fc5-groupManagement] INFO  server.RaftServerConfigKeys (ConfUtils.java:logGet(46)) - raft.server.sleep.deviation.threshold = 300ms (default)
2023-12-18 19:17:19,876 [93699071-0d52-4ef3-adad-6b5a83f48fc5-groupManagement] INFO  server.RaftServer$Division (ServerState.java:<init>(113)) - 93699071-0d52-4ef3-adad-6b5a83f48fc5@group-40B91FD49D0E: ConfigurationManager, init=-1: peers:[]|listeners:[], old=null, confs=<EMPTY_MAP>
2023-12-18 19:17:19,876 [93699071-0d52-4ef3-adad-6b5a83f48fc5-groupManagement] INFO  server.RaftServerConfigKeys (ConfUtils.java:logGet(46)) - raft.server.notification.no-leader.timeout = 1000000ms (custom)
2023-12-18 19:17:19,876 [93699071-0d52-4ef3-adad-6b5a83f48fc5-groupManagement] INFO  server.RaftServerConfigKeys (ConfUtils.java:logGet(46)) - raft.server.read.timeout = 10s (default)
2023-12-18 19:17:19,876 [93699071-0d52-4ef3-adad-6b5a83f48fc5-groupManagement] INFO  server.RaftServerConfigKeys (ConfUtils.java:logGet(46)) - raft.server.retrycache.expirytime = 600000ms (custom)
2023-12-18 19:17:19,876 [93699071-0d52-4ef3-adad-6b5a83f48fc5-groupManagement] INFO  server.RaftServerConfigKeys (ConfUtils.java:logGet(46)) - raft.server.retrycache.statistics.expirytime = 100ms (default)
2023-12-18 19:17:19,876 [93699071-0d52-4ef3-adad-6b5a83f48fc5-groupManagement] INFO  server.RaftServerConfigKeys (ConfUtils.java:logGet(46)) - raft.server.read.option = DEFAULT (default)
2023-12-18 19:17:19,876 [93699071-0d52-4ef3-adad-6b5a83f48fc5-groupManagement] INFO  server.RaftServerConfigKeys (ConfUtils.java:logGet(46)) - raft.server.read.read-after-write-consistent.write-index-cache.expiry-time = 60s (default)
2023-12-18 19:17:19,880 [93699071-0d52-4ef3-adad-6b5a83f48fc5-groupManagement] INFO  server.RaftServerConfigKeys (ConfUtils.java:logGet(46)) - raft.server.rpc.request.timeout = 3000ms (default)
2023-12-18 19:17:19,880 [93699071-0d52-4ef3-adad-6b5a83f48fc5-groupManagement] INFO  server.RaftServerConfigKeys (ConfUtils.java:logGet(46)) - raft.server.log.appender.install.snapshot.enabled = false (custom)
2023-12-18 19:17:19,880 [93699071-0d52-4ef3-adad-6b5a83f48fc5-groupManagement] INFO  server.RaftServerConfigKeys (ConfUtils.java:logGet(46)) - raft.server.threadpool.server.cached = true (default)
2023-12-18 19:17:19,880 [93699071-0d52-4ef3-adad-6b5a83f48fc5-groupManagement] INFO  server.RaftServerConfigKeys (ConfUtils.java:logGet(46)) - raft.server.threadpool.server.size = 0 (default)
2023-12-18 19:17:19,880 [ded5b85a-ec0d-4a71-9db9-83b101b9c9ad-BlockDeletingService#6] INFO  interfaces.ContainerDeletionChoosingPolicyTemplate (ContainerDeletionChoosingPolicyTemplate.java:chooseContainerForBlockDeletion(85)) - Chosen 0/5000 blocks from 0 candidate containers.
2023-12-18 19:17:19,881 [93699071-0d52-4ef3-adad-6b5a83f48fc5-groupManagement] INFO  server.RaftServerConfigKeys (ConfUtils.java:logGet(46)) - raft.server.threadpool.client.cached = true (default)
2023-12-18 19:17:19,881 [93699071-0d52-4ef3-adad-6b5a83f48fc5-groupManagement] INFO  server.RaftServerConfigKeys (ConfUtils.java:logGet(46)) - raft.server.threadpool.client.size = 0 (default)
2023-12-18 19:17:19,882 [93699071-0d52-4ef3-adad-6b5a83f48fc5-groupManagement] INFO  server.RaftServer$Division (RaftServerImpl.java:<init>(256)) - 93699071-0d52-4ef3-adad-6b5a83f48fc5: new RaftServerImpl for group-B54A14C830B8:[] with ContainerStateMachine:uninitialized
2023-12-18 19:17:19,882 [93699071-0d52-4ef3-adad-6b5a83f48fc5-groupManagement] INFO  server.RaftServerConfigKeys (ConfUtils.java:logGet(46)) - raft.server.rpc.timeout.min = 5s (custom)
2023-12-18 19:17:19,882 [93699071-0d52-4ef3-adad-6b5a83f48fc5-groupManagement] INFO  server.RaftServerConfigKeys (ConfUtils.java:logGet(46)) - raft.server.rpc.timeout.max = 5200ms (custom)
2023-12-18 19:17:19,882 [93699071-0d52-4ef3-adad-6b5a83f48fc5-groupManagement] INFO  server.RaftServerConfigKeys (ConfUtils.java:logGet(46)) - raft.server.rpc.sleep.time = 25ms (default)
2023-12-18 19:17:19,883 [089733a5-f6c3-45b8-9d3f-1c158e6a3dcf-BlockDeletingService#8] INFO  interfaces.ContainerDeletionChoosingPolicyTemplate (ContainerDeletionChoosingPolicyTemplate.java:chooseContainerForBlockDeletion(85)) - Chosen 0/5000 blocks from 0 candidate containers.
2023-12-18 19:17:19,884 [93699071-0d52-4ef3-adad-6b5a83f48fc5-groupManagement] INFO  server.RaftServerConfigKeys (ConfUtils.java:logGet(46)) - raft.server.rpc.slowness.timeout = 300000ms (custom)
2023-12-18 19:17:19,884 [93699071-0d52-4ef3-adad-6b5a83f48fc5-groupManagement] INFO  server.RaftServerConfigKeys (ConfUtils.java:logGet(46)) - raft.server.leaderelection.leader.step-down.wait-time = 10s (default)
2023-12-18 19:17:19,885 [93699071-0d52-4ef3-adad-6b5a83f48fc5-groupManagement] INFO  server.RaftServerConfigKeys (ConfUtils.java:logGet(46)) - raft.server.leaderelection.member.majority-add = false (default)
2023-12-18 19:17:19,885 [93699071-0d52-4ef3-adad-6b5a83f48fc5-groupManagement] INFO  server.RaftServerConfigKeys (ConfUtils.java:logGet(46)) - raft.server.sleep.deviation.threshold = 300ms (default)
2023-12-18 19:17:19,885 [93699071-0d52-4ef3-adad-6b5a83f48fc5-groupManagement] INFO  server.RaftServer$Division (ServerState.java:<init>(113)) - 93699071-0d52-4ef3-adad-6b5a83f48fc5@group-B54A14C830B8: ConfigurationManager, init=-1: peers:[]|listeners:[], old=null, confs=<EMPTY_MAP>
2023-12-18 19:17:19,885 [93699071-0d52-4ef3-adad-6b5a83f48fc5-groupManagement] INFO  server.RaftServerConfigKeys (ConfUtils.java:logGet(46)) - raft.server.notification.no-leader.timeout = 1000000ms (custom)
2023-12-18 19:17:19,885 [93699071-0d52-4ef3-adad-6b5a83f48fc5-groupManagement] INFO  server.RaftServerConfigKeys (ConfUtils.java:logGet(46)) - raft.server.read.timeout = 10s (default)
2023-12-18 19:17:19,885 [93699071-0d52-4ef3-adad-6b5a83f48fc5-groupManagement] INFO  server.RaftServerConfigKeys (ConfUtils.java:logGet(46)) - raft.server.retrycache.expirytime = 600000ms (custom)
2023-12-18 19:17:19,885 [93699071-0d52-4ef3-adad-6b5a83f48fc5-groupManagement] INFO  server.RaftServerConfigKeys (ConfUtils.java:logGet(46)) - raft.server.retrycache.statistics.expirytime = 100ms (default)
2023-12-18 19:17:19,885 [93699071-0d52-4ef3-adad-6b5a83f48fc5-groupManagement] INFO  server.RaftServerConfigKeys (ConfUtils.java:logGet(46)) - raft.server.read.option = DEFAULT (default)
2023-12-18 19:17:19,885 [93699071-0d52-4ef3-adad-6b5a83f48fc5-groupManagement] INFO  server.RaftServerConfigKeys (ConfUtils.java:logGet(46)) - raft.server.read.read-after-write-consistent.write-index-cache.expiry-time = 60s (default)
2023-12-18 19:17:19,888 [93699071-0d52-4ef3-adad-6b5a83f48fc5-groupManagement] INFO  server.RaftServerConfigKeys (ConfUtils.java:logGet(46)) - raft.server.rpc.request.timeout = 3000ms (default)
2023-12-18 19:17:19,888 [93699071-0d52-4ef3-adad-6b5a83f48fc5-groupManagement] INFO  server.RaftServerConfigKeys (ConfUtils.java:logGet(46)) - raft.server.log.appender.install.snapshot.enabled = false (custom)
2023-12-18 19:17:19,888 [93699071-0d52-4ef3-adad-6b5a83f48fc5-groupManagement] INFO  server.RaftServerConfigKeys (ConfUtils.java:logGet(46)) - raft.server.threadpool.server.cached = true (default)
2023-12-18 19:17:19,888 [93699071-0d52-4ef3-adad-6b5a83f48fc5-groupManagement] INFO  server.RaftServerConfigKeys (ConfUtils.java:logGet(46)) - raft.server.threadpool.server.size = 0 (default)
2023-12-18 19:17:19,888 [93699071-0d52-4ef3-adad-6b5a83f48fc5-groupManagement] INFO  server.RaftServerConfigKeys (ConfUtils.java:logGet(46)) - raft.server.threadpool.client.cached = true (default)
2023-12-18 19:17:19,888 [93699071-0d52-4ef3-adad-6b5a83f48fc5-groupManagement] INFO  server.RaftServerConfigKeys (ConfUtils.java:logGet(46)) - raft.server.threadpool.client.size = 0 (default)
2023-12-18 19:17:19,888 [main] INFO  http.BaseHttpServer (BaseHttpServer.java:newHttpServer2BuilderForOzone(223)) - Starting Web-server for hddsDatanode at: http://0.0.0.0:15027
2023-12-18 19:17:19,889 [main] INFO  http.BaseHttpServer (BaseHttpServer.java:<init>(110)) - Hadoop Security Enabled: false Ozone Security Enabled: false Ozone HTTP Security Enabled: false 
2023-12-18 19:17:19,890 [main] WARN  server.AuthenticationFilter (AuthenticationFilter.java:constructSecretProvider(240)) - Unable to initialize FileSignerSecretProvider, falling back to use random secrets. Reason: Could not read signature secret file: /home/runner/hadoop-http-auth-signature-secret
2023-12-18 19:17:19,895 [main] INFO  http.HttpRequestLog (HttpRequestLog.java:getRequestLog(86)) - Http request log for http.requests.hddsDatanode is not defined
2023-12-18 19:17:19,896 [main] INFO  http.HttpServer2 (HttpServer2.java:addGlobalFilter(1036)) - Added global filter 'safety' (class=org.apache.hadoop.hdds.server.http.HttpServer2$QuotingInputFilter)
2023-12-18 19:17:19,897 [main] INFO  http.HttpServer2 (HttpServer2.java:addFilter(1012)) - Added filter static_user_filter (class=org.apache.hadoop.http.lib.StaticUserWebFilter$StaticUserFilter) to context hddsDatanode
2023-12-18 19:17:19,897 [main] INFO  http.HttpServer2 (HttpServer2.java:addFilter(1020)) - Added filter static_user_filter (class=org.apache.hadoop.http.lib.StaticUserWebFilter$StaticUserFilter) to context logs
2023-12-18 19:17:19,897 [main] INFO  http.HttpServer2 (HttpServer2.java:addFilter(1020)) - Added filter static_user_filter (class=org.apache.hadoop.http.lib.StaticUserWebFilter$StaticUserFilter) to context static
2023-12-18 19:17:19,898 [main] INFO  http.BaseHttpServer (BaseHttpServer.java:<init>(189)) - HTTP server of hddsDatanode uses base directory /home/runner/work/ozone/ozone/hadoop-ozone/integration-test/target/test-dir/MiniOzoneClusterImpl-15bbe3be-e687-4529-b164-2adc82dffbd7/datanode-2/meta/webserver
2023-12-18 19:17:19,898 [main] INFO  http.HttpServer2 (HttpServer2.java:bindListener(1236)) - Jetty bound to port 15027
2023-12-18 19:17:19,898 [main] INFO  server.Server (Server.java:doStart(375)) - jetty-9.4.53.v20231009; built: 2023-10-09T12:29:09.265Z; git: 27bde00a0b95a1d5bbee0eae7984f891d2d0f8c9; jvm 1.8.0_392-b08
2023-12-18 19:17:19,899 [main] INFO  server.session (DefaultSessionIdManager.java:doStart(334)) - DefaultSessionIdManager workerName=node0
2023-12-18 19:17:19,899 [main] INFO  server.session (DefaultSessionIdManager.java:doStart(339)) - No SessionScavenger set, using defaults
2023-12-18 19:17:19,899 [main] INFO  server.session (HouseKeeper.java:startScavenging(132)) - node0 Scavenging every 600000ms
2023-12-18 19:17:19,901 [main] INFO  handler.ContextHandler (ContextHandler.java:doStart(921)) - Started o.e.j.s.ServletContextHandler@7e720255{logs,/logs,file:///home/runner/work/ozone/ozone/hadoop-ozone/integration-test/target/log,AVAILABLE}
2023-12-18 19:17:19,901 [main] INFO  handler.ContextHandler (ContextHandler.java:doStart(921)) - Started o.e.j.s.ServletContextHandler@450ab544{static,/static,jar:file:/home/runner/.m2/repository/org/apache/ozone/hdds-container-service/1.5.0-SNAPSHOT/hdds-container-service-1.5.0-SNAPSHOT.jar!/webapps/static,AVAILABLE}
2023-12-18 19:17:19,937 [main] INFO  handler.ContextHandler (ContextHandler.java:doStart(921)) - Started o.e.j.w.WebAppContext@191323f5{hddsDatanode,/,file:///home/runner/work/ozone/ozone/hadoop-ozone/integration-test/target/test-dir/MiniOzoneClusterImpl-15bbe3be-e687-4529-b164-2adc82dffbd7/datanode-2/meta/webserver/jetty-0_0_0_0-15027-hdds-container-service-1_5_0-SNAPSHOT_jar-_-any-5384887585465891851/webapp/,AVAILABLE}{jar:file:/home/runner/.m2/repository/org/apache/ozone/hdds-container-service/1.5.0-SNAPSHOT/hdds-container-service-1.5.0-SNAPSHOT.jar!/webapps/hddsDatanode}
2023-12-18 19:17:19,938 [main] INFO  server.AbstractConnector (AbstractConnector.java:doStart(333)) - Started ServerConnector@6ba3fd40{HTTP/1.1, (http/1.1)}{0.0.0.0:15027}
2023-12-18 19:17:19,938 [main] INFO  server.Server (Server.java:doStart(415)) - Started @26587ms
2023-12-18 19:17:19,938 [main] WARN  impl.MetricsSystemImpl (MetricsSystemImpl.java:register(279)) - Sink prometheus already exists!
2023-12-18 19:17:19,939 [main] INFO  http.BaseHttpServer (BaseHttpServer.java:updateConnectorAddress(354)) - HTTP server of hddsDatanode listening at http://0.0.0.0:15027
2023-12-18 19:17:19,939 [main] INFO  ipc.CallQueueManager (CallQueueManager.java:<init>(90)) - Using callQueue: class java.util.concurrent.LinkedBlockingQueue, queueCapacity: 100, scheduler: class org.apache.hadoop.ipc.DefaultRpcScheduler, ipcBackoff: false.
2023-12-18 19:17:19,939 [main] INFO  ipc.Server (Server.java:<init>(1287)) - Listener at 0.0.0.0:15028
2023-12-18 19:17:19,939 [Socket Reader #1 for port 15028] INFO  ipc.Server (Server.java:run(1323)) - Starting Socket Reader #1 for port 15028
2023-12-18 19:17:19,944 [main] INFO  ozone.HddsDatanodeService (HddsDatanodeService.java:start(324)) - Datanode start with admins: [runner]
2023-12-18 19:17:19,944 [main] INFO  ozone.HddsDatanodeClientProtocolServer (HddsDatanodeClientProtocolServer.java:start(72)) - RPC server for Client /0.0.0.0:15028
2023-12-18 19:17:19,944 [IPC Server Responder] INFO  ipc.Server (Server.java:run(1562)) - IPC Server Responder: starting
2023-12-18 19:17:19,945 [IPC Server listener on 15028] INFO  ipc.Server (Server.java:run(1402)) - IPC Server listener on 15028: starting
2023-12-18 19:17:19,946 [93699071-0d52-4ef3-adad-6b5a83f48fc5-DatanodeStateMachineDaemonThread] INFO  statemachine.DatanodeStateMachine (DatanodeStateMachine.java:lambda$startDaemon$1(555)) - Ozone container server started.
2023-12-18 19:17:19,949 [93699071-0d52-4ef3-adad-6b5a83f48fc5-DatanodeStateMachineTaskThread-0] INFO  datanode.InitDatanodeState (InitDatanodeState.java:persistContainerDatanodeDetails(139)) - DatanodeDetails is persisted to /home/runner/work/ozone/ozone/hadoop-ozone/integration-test/target/test-dir/MiniOzoneClusterImpl-15bbe3be-e687-4529-b164-2adc82dffbd7/datanode-2/meta/datanode.id
2023-12-18 19:17:19,981 [ded5b85a-ec0d-4a71-9db9-83b101b9c9ad-BlockDeletingService#6] INFO  interfaces.ContainerDeletionChoosingPolicyTemplate (ContainerDeletionChoosingPolicyTemplate.java:chooseContainerForBlockDeletion(85)) - Chosen 0/5000 blocks from 0 candidate containers.
2023-12-18 19:17:19,985 [089733a5-f6c3-45b8-9d3f-1c158e6a3dcf-BlockDeletingService#8] INFO  interfaces.ContainerDeletionChoosingPolicyTemplate (ContainerDeletionChoosingPolicyTemplate.java:chooseContainerForBlockDeletion(85)) - Chosen 0/5000 blocks from 0 candidate containers.
2023-12-18 19:17:20,042 [om1-KeyDeletingService#0] INFO  utils.BackgroundService (AbstractKeyDeletingService.java:processKeyDeletes(114)) - Send 1 key(s) to SCM, first 1 keys: [BlockGroup[groupID='/testcontainerstatemachinefailures/testcontainerstatemachinefailures/ratis/-9223372036854774527', blockIDs=[conID: 1 locID: 111677748019200001 bcsId: 0]]]
2023-12-18 19:17:20,051 [IPC Server handler 0 on default port 15001] INFO  ha.SequenceIdGenerator (SequenceIdGenerator.java:getNextId(145)) - Allocate a batch for delTxnId, change lastId from 0 to 1000.
2023-12-18 19:17:20,081 [ded5b85a-ec0d-4a71-9db9-83b101b9c9ad-BlockDeletingService#6] INFO  interfaces.ContainerDeletionChoosingPolicyTemplate (ContainerDeletionChoosingPolicyTemplate.java:chooseContainerForBlockDeletion(85)) - Chosen 0/5000 blocks from 0 candidate containers.
2023-12-18 19:17:20,085 [089733a5-f6c3-45b8-9d3f-1c158e6a3dcf-BlockDeletingService#8] INFO  interfaces.ContainerDeletionChoosingPolicyTemplate (ContainerDeletionChoosingPolicyTemplate.java:chooseContainerForBlockDeletion(85)) - Chosen 0/5000 blocks from 0 candidate containers.
2023-12-18 19:17:20,181 [ded5b85a-ec0d-4a71-9db9-83b101b9c9ad-BlockDeletingService#6] INFO  interfaces.ContainerDeletionChoosingPolicyTemplate (ContainerDeletionChoosingPolicyTemplate.java:chooseContainerForBlockDeletion(85)) - Chosen 0/5000 blocks from 0 candidate containers.
2023-12-18 19:17:20,185 [089733a5-f6c3-45b8-9d3f-1c158e6a3dcf-BlockDeletingService#8] INFO  interfaces.ContainerDeletionChoosingPolicyTemplate (ContainerDeletionChoosingPolicyTemplate.java:chooseContainerForBlockDeletion(85)) - Chosen 0/5000 blocks from 0 candidate containers.
2023-12-18 19:17:20,282 [ded5b85a-ec0d-4a71-9db9-83b101b9c9ad-BlockDeletingService#6] INFO  interfaces.ContainerDeletionChoosingPolicyTemplate (ContainerDeletionChoosingPolicyTemplate.java:chooseContainerForBlockDeletion(85)) - Chosen 0/5000 blocks from 0 candidate containers.
2023-12-18 19:17:20,285 [089733a5-f6c3-45b8-9d3f-1c158e6a3dcf-BlockDeletingService#8] INFO  interfaces.ContainerDeletionChoosingPolicyTemplate (ContainerDeletionChoosingPolicyTemplate.java:chooseContainerForBlockDeletion(85)) - Chosen 0/5000 blocks from 0 candidate containers.
2023-12-18 19:17:20,382 [ded5b85a-ec0d-4a71-9db9-83b101b9c9ad-BlockDeletingService#6] INFO  interfaces.ContainerDeletionChoosingPolicyTemplate (ContainerDeletionChoosingPolicyTemplate.java:chooseContainerForBlockDeletion(85)) - Chosen 0/5000 blocks from 0 candidate containers.
2023-12-18 19:17:20,385 [089733a5-f6c3-45b8-9d3f-1c158e6a3dcf-BlockDeletingService#8] INFO  interfaces.ContainerDeletionChoosingPolicyTemplate (ContainerDeletionChoosingPolicyTemplate.java:chooseContainerForBlockDeletion(85)) - Chosen 0/5000 blocks from 0 candidate containers.
2023-12-18 19:17:20,482 [ded5b85a-ec0d-4a71-9db9-83b101b9c9ad-BlockDeletingService#6] INFO  interfaces.ContainerDeletionChoosingPolicyTemplate (ContainerDeletionChoosingPolicyTemplate.java:chooseContainerForBlockDeletion(85)) - Chosen 0/5000 blocks from 0 candidate containers.
2023-12-18 19:17:20,485 [089733a5-f6c3-45b8-9d3f-1c158e6a3dcf-BlockDeletingService#8] INFO  interfaces.ContainerDeletionChoosingPolicyTemplate (ContainerDeletionChoosingPolicyTemplate.java:chooseContainerForBlockDeletion(85)) - Chosen 0/5000 blocks from 0 candidate containers.
2023-12-18 19:17:20,582 [ded5b85a-ec0d-4a71-9db9-83b101b9c9ad-BlockDeletingService#6] INFO  interfaces.ContainerDeletionChoosingPolicyTemplate (ContainerDeletionChoosingPolicyTemplate.java:chooseContainerForBlockDeletion(85)) - Chosen 0/5000 blocks from 0 candidate containers.
2023-12-18 19:17:20,585 [089733a5-f6c3-45b8-9d3f-1c158e6a3dcf-BlockDeletingService#8] INFO  interfaces.ContainerDeletionChoosingPolicyTemplate (ContainerDeletionChoosingPolicyTemplate.java:chooseContainerForBlockDeletion(85)) - Chosen 0/5000 blocks from 0 candidate containers.
2023-12-18 19:17:20,682 [ded5b85a-ec0d-4a71-9db9-83b101b9c9ad-BlockDeletingService#6] INFO  interfaces.ContainerDeletionChoosingPolicyTemplate (ContainerDeletionChoosingPolicyTemplate.java:chooseContainerForBlockDeletion(85)) - Chosen 0/5000 blocks from 0 candidate containers.
2023-12-18 19:17:20,686 [089733a5-f6c3-45b8-9d3f-1c158e6a3dcf-BlockDeletingService#8] INFO  interfaces.ContainerDeletionChoosingPolicyTemplate (ContainerDeletionChoosingPolicyTemplate.java:chooseContainerForBlockDeletion(85)) - Chosen 0/5000 blocks from 0 candidate containers.
2023-12-18 19:17:20,782 [ded5b85a-ec0d-4a71-9db9-83b101b9c9ad-BlockDeletingService#6] INFO  interfaces.ContainerDeletionChoosingPolicyTemplate (ContainerDeletionChoosingPolicyTemplate.java:chooseContainerForBlockDeletion(85)) - Chosen 0/5000 blocks from 0 candidate containers.
2023-12-18 19:17:20,786 [089733a5-f6c3-45b8-9d3f-1c158e6a3dcf-BlockDeletingService#8] INFO  interfaces.ContainerDeletionChoosingPolicyTemplate (ContainerDeletionChoosingPolicyTemplate.java:chooseContainerForBlockDeletion(85)) - Chosen 0/5000 blocks from 0 candidate containers.
2023-12-18 19:17:20,883 [ded5b85a-ec0d-4a71-9db9-83b101b9c9ad-BlockDeletingService#6] INFO  interfaces.ContainerDeletionChoosingPolicyTemplate (ContainerDeletionChoosingPolicyTemplate.java:chooseContainerForBlockDeletion(85)) - Chosen 0/5000 blocks from 0 candidate containers.
2023-12-18 19:17:20,886 [089733a5-f6c3-45b8-9d3f-1c158e6a3dcf-BlockDeletingService#8] INFO  interfaces.ContainerDeletionChoosingPolicyTemplate (ContainerDeletionChoosingPolicyTemplate.java:chooseContainerForBlockDeletion(85)) - Chosen 0/5000 blocks from 0 candidate containers.
2023-12-18 19:17:20,924 [grpc-default-executor-5] WARN  server.GrpcLogAppender (LogUtils.java:warn(121)) - 089733a5-f6c3-45b8-9d3f-1c158e6a3dcf@group-40B91FD49D0E->93699071-0d52-4ef3-adad-6b5a83f48fc5-AppendLogResponseHandler: Failed appendEntries: org.apache.ratis.thirdparty.io.grpc.StatusRuntimeException: UNAVAILABLE: io exception
2023-12-18 19:17:20,924 [grpc-default-executor-4] WARN  server.GrpcLogAppender (LogUtils.java:warn(121)) - 089733a5-f6c3-45b8-9d3f-1c158e6a3dcf@group-40B91FD49D0E->93699071-0d52-4ef3-adad-6b5a83f48fc5-AppendLogResponseHandler: Failed appendEntries: org.apache.ratis.thirdparty.io.grpc.StatusRuntimeException: UNAVAILABLE: io exception
2023-12-18 19:17:20,925 [grpc-default-executor-5] WARN  server.GrpcLogAppender (GrpcLogAppender.java:resetClient(140)) - 089733a5-f6c3-45b8-9d3f-1c158e6a3dcf@group-40B91FD49D0E->93699071-0d52-4ef3-adad-6b5a83f48fc5-GrpcLogAppender: Follower failed and request == null,  keep nextIndex (7) unchanged and retry.
2023-12-18 19:17:20,925 [grpc-default-executor-4] WARN  server.GrpcLogAppender (GrpcLogAppender.java:resetClient(140)) - 089733a5-f6c3-45b8-9d3f-1c158e6a3dcf@group-40B91FD49D0E->93699071-0d52-4ef3-adad-6b5a83f48fc5-GrpcLogAppender: Follower failed and request == null,  keep nextIndex (7) unchanged and retry.
2023-12-18 19:17:20,983 [ded5b85a-ec0d-4a71-9db9-83b101b9c9ad-BlockDeletingService#6] INFO  interfaces.ContainerDeletionChoosingPolicyTemplate (ContainerDeletionChoosingPolicyTemplate.java:chooseContainerForBlockDeletion(85)) - Chosen 0/5000 blocks from 0 candidate containers.
2023-12-18 19:17:20,986 [089733a5-f6c3-45b8-9d3f-1c158e6a3dcf-BlockDeletingService#8] INFO  interfaces.ContainerDeletionChoosingPolicyTemplate (ContainerDeletionChoosingPolicyTemplate.java:chooseContainerForBlockDeletion(85)) - Chosen 0/5000 blocks from 0 candidate containers.
2023-12-18 19:17:21,083 [ded5b85a-ec0d-4a71-9db9-83b101b9c9ad-BlockDeletingService#6] INFO  interfaces.ContainerDeletionChoosingPolicyTemplate (ContainerDeletionChoosingPolicyTemplate.java:chooseContainerForBlockDeletion(85)) - Chosen 0/5000 blocks from 0 candidate containers.
2023-12-18 19:17:21,086 [089733a5-f6c3-45b8-9d3f-1c158e6a3dcf-BlockDeletingService#8] INFO  interfaces.ContainerDeletionChoosingPolicyTemplate (ContainerDeletionChoosingPolicyTemplate.java:chooseContainerForBlockDeletion(85)) - Chosen 0/5000 blocks from 0 candidate containers.
2023-12-18 19:17:21,183 [ded5b85a-ec0d-4a71-9db9-83b101b9c9ad-BlockDeletingService#6] INFO  interfaces.ContainerDeletionChoosingPolicyTemplate (ContainerDeletionChoosingPolicyTemplate.java:chooseContainerForBlockDeletion(85)) - Chosen 0/5000 blocks from 0 candidate containers.
2023-12-18 19:17:21,186 [089733a5-f6c3-45b8-9d3f-1c158e6a3dcf-BlockDeletingService#8] INFO  interfaces.ContainerDeletionChoosingPolicyTemplate (ContainerDeletionChoosingPolicyTemplate.java:chooseContainerForBlockDeletion(85)) - Chosen 0/5000 blocks from 0 candidate containers.
2023-12-18 19:17:21,283 [ded5b85a-ec0d-4a71-9db9-83b101b9c9ad-BlockDeletingService#6] INFO  interfaces.ContainerDeletionChoosingPolicyTemplate (ContainerDeletionChoosingPolicyTemplate.java:chooseContainerForBlockDeletion(85)) - Chosen 0/5000 blocks from 0 candidate containers.
2023-12-18 19:17:21,286 [089733a5-f6c3-45b8-9d3f-1c158e6a3dcf-BlockDeletingService#8] INFO  interfaces.ContainerDeletionChoosingPolicyTemplate (ContainerDeletionChoosingPolicyTemplate.java:chooseContainerForBlockDeletion(85)) - Chosen 0/5000 blocks from 0 candidate containers.
2023-12-18 19:17:21,383 [ded5b85a-ec0d-4a71-9db9-83b101b9c9ad-BlockDeletingService#6] INFO  interfaces.ContainerDeletionChoosingPolicyTemplate (ContainerDeletionChoosingPolicyTemplate.java:chooseContainerForBlockDeletion(85)) - Chosen 0/5000 blocks from 0 candidate containers.
2023-12-18 19:17:21,387 [089733a5-f6c3-45b8-9d3f-1c158e6a3dcf-BlockDeletingService#8] INFO  interfaces.ContainerDeletionChoosingPolicyTemplate (ContainerDeletionChoosingPolicyTemplate.java:chooseContainerForBlockDeletion(85)) - Chosen 0/5000 blocks from 0 candidate containers.
2023-12-18 19:17:21,484 [ded5b85a-ec0d-4a71-9db9-83b101b9c9ad-BlockDeletingService#6] INFO  interfaces.ContainerDeletionChoosingPolicyTemplate (ContainerDeletionChoosingPolicyTemplate.java:chooseContainerForBlockDeletion(85)) - Chosen 0/5000 blocks from 0 candidate containers.
2023-12-18 19:17:21,487 [089733a5-f6c3-45b8-9d3f-1c158e6a3dcf-BlockDeletingService#8] INFO  interfaces.ContainerDeletionChoosingPolicyTemplate (ContainerDeletionChoosingPolicyTemplate.java:chooseContainerForBlockDeletion(85)) - Chosen 0/5000 blocks from 0 candidate containers.
2023-12-18 19:17:21,584 [ded5b85a-ec0d-4a71-9db9-83b101b9c9ad-BlockDeletingService#6] INFO  interfaces.ContainerDeletionChoosingPolicyTemplate (ContainerDeletionChoosingPolicyTemplate.java:chooseContainerForBlockDeletion(85)) - Chosen 0/5000 blocks from 0 candidate containers.
2023-12-18 19:17:21,587 [089733a5-f6c3-45b8-9d3f-1c158e6a3dcf-BlockDeletingService#8] INFO  interfaces.ContainerDeletionChoosingPolicyTemplate (ContainerDeletionChoosingPolicyTemplate.java:chooseContainerForBlockDeletion(85)) - Chosen 0/5000 blocks from 0 candidate containers.
2023-12-18 19:17:21,684 [ded5b85a-ec0d-4a71-9db9-83b101b9c9ad-BlockDeletingService#6] INFO  interfaces.ContainerDeletionChoosingPolicyTemplate (ContainerDeletionChoosingPolicyTemplate.java:chooseContainerForBlockDeletion(85)) - Chosen 0/5000 blocks from 0 candidate containers.
2023-12-18 19:17:21,687 [089733a5-f6c3-45b8-9d3f-1c158e6a3dcf-BlockDeletingService#8] INFO  interfaces.ContainerDeletionChoosingPolicyTemplate (ContainerDeletionChoosingPolicyTemplate.java:chooseContainerForBlockDeletion(85)) - Chosen 0/5000 blocks from 0 candidate containers.
2023-12-18 19:17:21,784 [ded5b85a-ec0d-4a71-9db9-83b101b9c9ad-BlockDeletingService#6] INFO  interfaces.ContainerDeletionChoosingPolicyTemplate (ContainerDeletionChoosingPolicyTemplate.java:chooseContainerForBlockDeletion(85)) - Chosen 0/5000 blocks from 0 candidate containers.
2023-12-18 19:17:21,787 [089733a5-f6c3-45b8-9d3f-1c158e6a3dcf-BlockDeletingService#8] INFO  interfaces.ContainerDeletionChoosingPolicyTemplate (ContainerDeletionChoosingPolicyTemplate.java:chooseContainerForBlockDeletion(85)) - Chosen 0/5000 blocks from 0 candidate containers.
2023-12-18 19:17:21,884 [ded5b85a-ec0d-4a71-9db9-83b101b9c9ad-BlockDeletingService#6] INFO  interfaces.ContainerDeletionChoosingPolicyTemplate (ContainerDeletionChoosingPolicyTemplate.java:chooseContainerForBlockDeletion(85)) - Chosen 0/5000 blocks from 0 candidate containers.
2023-12-18 19:17:21,887 [089733a5-f6c3-45b8-9d3f-1c158e6a3dcf-BlockDeletingService#8] INFO  interfaces.ContainerDeletionChoosingPolicyTemplate (ContainerDeletionChoosingPolicyTemplate.java:chooseContainerForBlockDeletion(85)) - Chosen 0/5000 blocks from 0 candidate containers.
2023-12-18 19:17:21,950 [93699071-0d52-4ef3-adad-6b5a83f48fc5-EndpointStateMachineTaskThread-/0.0.0.0:15002-0 ] INFO  volume.ThrottledAsyncChecker (ThrottledAsyncChecker.java:schedule(141)) - Scheduling a check for /home/runner/work/ozone/ozone/hadoop-ozone/integration-test/target/test-dir/MiniOzoneClusterImpl-15bbe3be-e687-4529-b164-2adc82dffbd7/datanode-2/data-0/containers/hdds
2023-12-18 19:17:21,950 [93699071-0d52-4ef3-adad-6b5a83f48fc5-EndpointStateMachineTaskThread-/0.0.0.0:15002-0 ] INFO  volume.StorageVolumeChecker (StorageVolumeChecker.java:checkAllVolumes(218)) - Scheduled health check for volume /home/runner/work/ozone/ozone/hadoop-ozone/integration-test/target/test-dir/MiniOzoneClusterImpl-15bbe3be-e687-4529-b164-2adc82dffbd7/datanode-2/data-0/containers/hdds
2023-12-18 19:17:21,952 [93699071-0d52-4ef3-adad-6b5a83f48fc5-EndpointStateMachineTaskThread-/0.0.0.0:15002-0 ] INFO  volume.ThrottledAsyncChecker (ThrottledAsyncChecker.java:schedule(141)) - Scheduling a check for /home/runner/work/ozone/ozone/hadoop-ozone/integration-test/target/test-dir/MiniOzoneClusterImpl-15bbe3be-e687-4529-b164-2adc82dffbd7/datanode-2/data/ratis
2023-12-18 19:17:21,952 [93699071-0d52-4ef3-adad-6b5a83f48fc5-EndpointStateMachineTaskThread-/0.0.0.0:15002-0 ] INFO  volume.StorageVolumeChecker (StorageVolumeChecker.java:checkAllVolumes(218)) - Scheduled health check for volume /home/runner/work/ozone/ozone/hadoop-ozone/integration-test/target/test-dir/MiniOzoneClusterImpl-15bbe3be-e687-4529-b164-2adc82dffbd7/datanode-2/data/ratis
2023-12-18 19:17:21,952 [93699071-0d52-4ef3-adad-6b5a83f48fc5-EndpointStateMachineTaskThread-/0.0.0.0:15002-0 ] INFO  ozoneimpl.OzoneContainer (OzoneContainer.java:start(441)) - Attempting to start container services.
2023-12-18 19:17:21,953 [93699071-0d52-4ef3-adad-6b5a83f48fc5-EndpointStateMachineTaskThread-/0.0.0.0:15002-0 ] INFO  ozoneimpl.OzoneContainer (OzoneContainer.java:startContainerScrub(337)) - Scheduled background container scanners and the on-demand container scanner have been disabled.
2023-12-18 19:17:21,954 [93699071-0d52-4ef3-adad-6b5a83f48fc5-EndpointStateMachineTaskThread-/0.0.0.0:15002-0 ] INFO  replication.ReplicationServer (ReplicationServer.java:start(139)) - ReplicationServer is started using port 15034
2023-12-18 19:17:21,954 [93699071-0d52-4ef3-adad-6b5a83f48fc5-EndpointStateMachineTaskThread-/0.0.0.0:15002-0 ] INFO  ratis.XceiverServerRatis (XceiverServerRatis.java:start(548)) - Starting XceiverServerRatis 93699071-0d52-4ef3-adad-6b5a83f48fc5
2023-12-18 19:17:21,956 [93699071-0d52-4ef3-adad-6b5a83f48fc5-impl-thread1] INFO  server.RaftServerConfigKeys (ConfUtils.java:logGet(46)) - raft.server.storage.free-space.min = 0MB (=0) (default)
2023-12-18 19:17:21,956 [93699071-0d52-4ef3-adad-6b5a83f48fc5-impl-thread2] INFO  server.RaftServerConfigKeys (ConfUtils.java:logGet(46)) - raft.server.storage.free-space.min = 0MB (=0) (default)
2023-12-18 19:17:21,956 [93699071-0d52-4ef3-adad-6b5a83f48fc5-impl-thread1] INFO  server.RaftServerConfigKeys (ConfUtils.java:logGet(46)) - raft.server.log.corruption.policy = EXCEPTION (default)
2023-12-18 19:17:21,956 [93699071-0d52-4ef3-adad-6b5a83f48fc5-impl-thread2] INFO  server.RaftServerConfigKeys (ConfUtils.java:logGet(46)) - raft.server.log.corruption.policy = EXCEPTION (default)
2023-12-18 19:17:21,956 [93699071-0d52-4ef3-adad-6b5a83f48fc5-impl-thread1] INFO  server.RaftServerConfigKeys (ConfUtils.java:logGet(46)) - raft.server.storage.dir = [/home/runner/work/ozone/ozone/hadoop-ozone/integration-test/target/test-dir/MiniOzoneClusterImpl-15bbe3be-e687-4529-b164-2adc82dffbd7/datanode-2/data/ratis] (custom)
2023-12-18 19:17:21,957 [93699071-0d52-4ef3-adad-6b5a83f48fc5-impl-thread1] INFO  storage.RaftStorageDirectory (RaftStorageDirectoryImpl.java:tryLock(232)) - Lock on /home/runner/work/ozone/ozone/hadoop-ozone/integration-test/target/test-dir/MiniOzoneClusterImpl-15bbe3be-e687-4529-b164-2adc82dffbd7/datanode-2/data/ratis/97f79b5c-2b37-4d8f-9b11-40b91fd49d0e/in_use.lock acquired by nodename 54039@fv-az655-333
2023-12-18 19:17:21,958 [93699071-0d52-4ef3-adad-6b5a83f48fc5-impl-thread1] INFO  storage.RaftStorage (RaftStorageImpl.java:analyzeAndRecoverStorage(117)) - Read RaftStorageMetadata{term=1, votedFor=089733a5-f6c3-45b8-9d3f-1c158e6a3dcf} from /home/runner/work/ozone/ozone/hadoop-ozone/integration-test/target/test-dir/MiniOzoneClusterImpl-15bbe3be-e687-4529-b164-2adc82dffbd7/datanode-2/data/ratis/97f79b5c-2b37-4d8f-9b11-40b91fd49d0e/current/raft-meta
2023-12-18 19:17:21,958 [93699071-0d52-4ef3-adad-6b5a83f48fc5-impl-thread1] INFO  ratis.ContainerStateMachine (ContainerStateMachine.java:loadSnapshot(287)) - group-40B91FD49D0E: The snapshot info is null. Setting the last applied indexto:(t:0, i:~)
2023-12-18 19:17:21,958 [93699071-0d52-4ef3-adad-6b5a83f48fc5-impl-thread1] INFO  server.RaftServerConfigKeys (ConfUtils.java:logGet(46)) - raft.server.log.use.memory = false (default)
2023-12-18 19:17:21,958 [93699071-0d52-4ef3-adad-6b5a83f48fc5-impl-thread1] INFO  server.RaftServerConfigKeys (ConfUtils.java:logGet(46)) - raft.server.log.purge.gap = 1000000 (custom)
2023-12-18 19:17:21,959 [93699071-0d52-4ef3-adad-6b5a83f48fc5-impl-thread1] INFO  server.RaftServerConfigKeys (ConfUtils.java:logGet(46)) - raft.server.log.appender.buffer.byte-limit = 8388608 (custom)
2023-12-18 19:17:21,959 [93699071-0d52-4ef3-adad-6b5a83f48fc5-impl-thread1] INFO  server.RaftServerConfigKeys (ConfUtils.java:logGet(46)) - raft.server.log.statemachine.data.read.timeout = 1000ms (default)
2023-12-18 19:17:21,959 [93699071-0d52-4ef3-adad-6b5a83f48fc5-impl-thread1] INFO  server.RaftServerConfigKeys (ConfUtils.java:logGet(46)) - raft.server.log.purge.preservation.log.num = 0 (default)
2023-12-18 19:17:21,960 [93699071-0d52-4ef3-adad-6b5a83f48fc5-impl-thread1] INFO  server.RaftServerConfigKeys (ConfUtils.java:logGet(46)) - raft.server.log.segment.size.max = 67108864 (custom)
2023-12-18 19:17:21,960 [93699071-0d52-4ef3-adad-6b5a83f48fc5-impl-thread1] INFO  server.RaftServerConfigKeys (ConfUtils.java:logGet(46)) - raft.server.log.segment.cache.num.max = 2 (custom)
2023-12-18 19:17:21,960 [93699071-0d52-4ef3-adad-6b5a83f48fc5-impl-thread1] INFO  server.RaftServerConfigKeys (ConfUtils.java:logGet(46)) - raft.server.log.segment.cache.size.max = 200MB (=209715200) (default)
2023-12-18 19:17:21,960 [93699071-0d52-4ef3-adad-6b5a83f48fc5-impl-thread1] INFO  server.RaftServerConfigKeys (ConfUtils.java:logGet(46)) - raft.server.log.appender.buffer.byte-limit = 8388608 (custom)
2023-12-18 19:17:21,962 [93699071-0d52-4ef3-adad-6b5a83f48fc5-impl-thread1] INFO  util.AwaitToRun (AwaitToRun.java:start(81)) - Thread[93699071-0d52-4ef3-adad-6b5a83f48fc5@group-40B91FD49D0E-cacheEviction-AwaitToRun,5,main] started
2023-12-18 19:17:21,962 [93699071-0d52-4ef3-adad-6b5a83f48fc5-impl-thread2] INFO  server.RaftServerConfigKeys (ConfUtils.java:logGet(46)) - raft.server.storage.dir = [/home/runner/work/ozone/ozone/hadoop-ozone/integration-test/target/test-dir/MiniOzoneClusterImpl-15bbe3be-e687-4529-b164-2adc82dffbd7/datanode-2/data/ratis] (custom)
2023-12-18 19:17:21,963 [93699071-0d52-4ef3-adad-6b5a83f48fc5-impl-thread1] INFO  segmented.SegmentedRaftLogWorker (SegmentedRaftLogWorker.java:<init>(184)) - new 93699071-0d52-4ef3-adad-6b5a83f48fc5@group-40B91FD49D0E-SegmentedRaftLogWorker for RaftStorageImpl:Storage Directory /home/runner/work/ozone/ozone/hadoop-ozone/integration-test/target/test-dir/MiniOzoneClusterImpl-15bbe3be-e687-4529-b164-2adc82dffbd7/datanode-2/data/ratis/97f79b5c-2b37-4d8f-9b11-40b91fd49d0e
2023-12-18 19:17:21,963 [93699071-0d52-4ef3-adad-6b5a83f48fc5-impl-thread1] INFO  server.RaftServerConfigKeys (ConfUtils.java:logGet(46)) - raft.server.log.queue.byte-limit = 4294967296 (custom)
2023-12-18 19:17:21,963 [93699071-0d52-4ef3-adad-6b5a83f48fc5-impl-thread2] INFO  storage.RaftStorageDirectory (RaftStorageDirectoryImpl.java:tryLock(232)) - Lock on /home/runner/work/ozone/ozone/hadoop-ozone/integration-test/target/test-dir/MiniOzoneClusterImpl-15bbe3be-e687-4529-b164-2adc82dffbd7/datanode-2/data/ratis/95d442ec-00fb-43e2-be7d-b54a14c830b8/in_use.lock acquired by nodename 54039@fv-az655-333
2023-12-18 19:17:21,965 [93699071-0d52-4ef3-adad-6b5a83f48fc5-impl-thread1] INFO  server.RaftServerConfigKeys (ConfUtils.java:logGet(46)) - raft.server.log.queue.element-limit = 1024 (custom)
2023-12-18 19:17:21,966 [93699071-0d52-4ef3-adad-6b5a83f48fc5-impl-thread2] INFO  storage.RaftStorage (RaftStorageImpl.java:analyzeAndRecoverStorage(117)) - Read RaftStorageMetadata{term=1, votedFor=93699071-0d52-4ef3-adad-6b5a83f48fc5} from /home/runner/work/ozone/ozone/hadoop-ozone/integration-test/target/test-dir/MiniOzoneClusterImpl-15bbe3be-e687-4529-b164-2adc82dffbd7/datanode-2/data/ratis/95d442ec-00fb-43e2-be7d-b54a14c830b8/current/raft-meta
2023-12-18 19:17:21,966 [93699071-0d52-4ef3-adad-6b5a83f48fc5-impl-thread1] INFO  server.RaftServerConfigKeys (ConfUtils.java:logGet(46)) - raft.server.log.segment.size.max = 67108864 (custom)
2023-12-18 19:17:21,966 [93699071-0d52-4ef3-adad-6b5a83f48fc5-impl-thread1] INFO  server.RaftServerConfigKeys (ConfUtils.java:logGet(46)) - raft.server.log.preallocated.size = 4194304 (custom)
2023-12-18 19:17:21,966 [93699071-0d52-4ef3-adad-6b5a83f48fc5-impl-thread1] INFO  server.RaftServerConfigKeys (ConfUtils.java:logGet(46)) - raft.server.log.force.sync.num = 128 (default)
2023-12-18 19:17:21,966 [93699071-0d52-4ef3-adad-6b5a83f48fc5-impl-thread1] INFO  server.RaftServerConfigKeys (ConfUtils.java:logGet(46)) - raft.server.log.statemachine.data.sync = true (default)
2023-12-18 19:17:21,966 [93699071-0d52-4ef3-adad-6b5a83f48fc5-impl-thread1] INFO  server.RaftServerConfigKeys (ConfUtils.java:logGet(46)) - raft.server.log.statemachine.data.sync.timeout = 10s (default)
2023-12-18 19:17:21,967 [93699071-0d52-4ef3-adad-6b5a83f48fc5-impl-thread1] INFO  server.RaftServerConfigKeys (ConfUtils.java:logGet(46)) - raft.server.log.statemachine.data.sync.timeout.retry = 0 (custom)
2023-12-18 19:17:21,967 [93699071-0d52-4ef3-adad-6b5a83f48fc5-impl-thread2] INFO  server.RaftServer$Division (ServerState.java:setRaftConf(382)) - 93699071-0d52-4ef3-adad-6b5a83f48fc5@group-B54A14C830B8: set configuration 0: peers:[93699071-0d52-4ef3-adad-6b5a83f48fc5|10.1.0.24:15032]|listeners:[], old=null
2023-12-18 19:17:21,967 [93699071-0d52-4ef3-adad-6b5a83f48fc5-impl-thread1] INFO  server.RaftServerConfigKeys (ConfUtils.java:logGet(46)) - raft.server.log.write.buffer.size = 8388616 (custom)
2023-12-18 19:17:21,969 [93699071-0d52-4ef3-adad-6b5a83f48fc5-impl-thread1] INFO  server.RaftServerConfigKeys (ConfUtils.java:logGet(46)) - raft.server.log.appender.buffer.byte-limit = 8388608 (custom)
2023-12-18 19:17:21,969 [93699071-0d52-4ef3-adad-6b5a83f48fc5-impl-thread2] INFO  ratis.ContainerStateMachine (ContainerStateMachine.java:loadSnapshot(296)) - group-B54A14C830B8: Setting the last applied index to (t:1, i:0)
2023-12-18 19:17:21,969 [93699071-0d52-4ef3-adad-6b5a83f48fc5-impl-thread1] INFO  server.RaftServerConfigKeys (ConfUtils.java:logGet(46)) - raft.server.log.unsafe-flush.enabled = false (default)
2023-12-18 19:17:21,969 [93699071-0d52-4ef3-adad-6b5a83f48fc5-impl-thread1] INFO  server.RaftServerConfigKeys (ConfUtils.java:logGet(46)) - raft.server.log.async-flush.enabled = false (default)
2023-12-18 19:17:21,969 [93699071-0d52-4ef3-adad-6b5a83f48fc5-impl-thread1] INFO  server.RaftServerConfigKeys (ConfUtils.java:logGet(46)) - raft.server.log.statemachine.data.caching.enabled = true (custom)
2023-12-18 19:17:21,970 [93699071-0d52-4ef3-adad-6b5a83f48fc5-impl-thread2] INFO  server.RaftServerConfigKeys (ConfUtils.java:logGet(46)) - raft.server.log.use.memory = false (default)
2023-12-18 19:17:21,970 [93699071-0d52-4ef3-adad-6b5a83f48fc5-impl-thread2] INFO  server.RaftServerConfigKeys (ConfUtils.java:logGet(46)) - raft.server.log.purge.gap = 1000000 (custom)
2023-12-18 19:17:21,970 [93699071-0d52-4ef3-adad-6b5a83f48fc5-impl-thread2] INFO  server.RaftServerConfigKeys (ConfUtils.java:logGet(46)) - raft.server.log.appender.buffer.byte-limit = 8388608 (custom)
2023-12-18 19:17:21,971 [93699071-0d52-4ef3-adad-6b5a83f48fc5-impl-thread2] INFO  server.RaftServerConfigKeys (ConfUtils.java:logGet(46)) - raft.server.log.statemachine.data.read.timeout = 1000ms (default)
2023-12-18 19:17:21,971 [93699071-0d52-4ef3-adad-6b5a83f48fc5-impl-thread2] INFO  server.RaftServerConfigKeys (ConfUtils.java:logGet(46)) - raft.server.log.purge.preservation.log.num = 0 (default)
2023-12-18 19:17:21,972 [93699071-0d52-4ef3-adad-6b5a83f48fc5-impl-thread2] INFO  server.RaftServerConfigKeys (ConfUtils.java:logGet(46)) - raft.server.log.segment.size.max = 67108864 (custom)
2023-12-18 19:17:21,972 [93699071-0d52-4ef3-adad-6b5a83f48fc5-impl-thread2] INFO  server.RaftServerConfigKeys (ConfUtils.java:logGet(46)) - raft.server.log.segment.cache.num.max = 2 (custom)
2023-12-18 19:17:21,973 [93699071-0d52-4ef3-adad-6b5a83f48fc5-impl-thread2] INFO  server.RaftServerConfigKeys (ConfUtils.java:logGet(46)) - raft.server.log.segment.cache.size.max = 200MB (=209715200) (default)
2023-12-18 19:17:21,973 [93699071-0d52-4ef3-adad-6b5a83f48fc5-impl-thread2] INFO  server.RaftServerConfigKeys (ConfUtils.java:logGet(46)) - raft.server.log.appender.buffer.byte-limit = 8388608 (custom)
2023-12-18 19:17:21,981 [93699071-0d52-4ef3-adad-6b5a83f48fc5-impl-thread2] INFO  util.AwaitToRun (AwaitToRun.java:start(81)) - Thread[93699071-0d52-4ef3-adad-6b5a83f48fc5@group-B54A14C830B8-cacheEviction-AwaitToRun,5,main] started
2023-12-18 19:17:21,981 [93699071-0d52-4ef3-adad-6b5a83f48fc5-impl-thread1] INFO  server.RaftServer$Division (ServerState.java:setRaftConf(382)) - 93699071-0d52-4ef3-adad-6b5a83f48fc5@group-40B91FD49D0E: set configuration 0: peers:[089733a5-f6c3-45b8-9d3f-1c158e6a3dcf|10.1.0.24:15023, 93699071-0d52-4ef3-adad-6b5a83f48fc5|10.1.0.24:15032, ded5b85a-ec0d-4a71-9db9-83b101b9c9ad|10.1.0.24:15014]|listeners:[], old=null
2023-12-18 19:17:21,981 [93699071-0d52-4ef3-adad-6b5a83f48fc5-impl-thread2] INFO  segmented.SegmentedRaftLogWorker (SegmentedRaftLogWorker.java:<init>(184)) - new 93699071-0d52-4ef3-adad-6b5a83f48fc5@group-B54A14C830B8-SegmentedRaftLogWorker for RaftStorageImpl:Storage Directory /home/runner/work/ozone/ozone/hadoop-ozone/integration-test/target/test-dir/MiniOzoneClusterImpl-15bbe3be-e687-4529-b164-2adc82dffbd7/datanode-2/data/ratis/95d442ec-00fb-43e2-be7d-b54a14c830b8
2023-12-18 19:17:21,982 [93699071-0d52-4ef3-adad-6b5a83f48fc5-impl-thread2] INFO  server.RaftServerConfigKeys (ConfUtils.java:logGet(46)) - raft.server.log.queue.byte-limit = 4294967296 (custom)
2023-12-18 19:17:21,982 [93699071-0d52-4ef3-adad-6b5a83f48fc5-impl-thread2] INFO  server.RaftServerConfigKeys (ConfUtils.java:logGet(46)) - raft.server.log.queue.element-limit = 1024 (custom)
2023-12-18 19:17:21,982 [93699071-0d52-4ef3-adad-6b5a83f48fc5-impl-thread2] INFO  server.RaftServerConfigKeys (ConfUtils.java:logGet(46)) - raft.server.log.segment.size.max = 67108864 (custom)
2023-12-18 19:17:21,982 [93699071-0d52-4ef3-adad-6b5a83f48fc5-impl-thread1] INFO  segmented.LogSegment (LogSegment.java:loadSegment(170)) - Successfully read 1 entries from segment file /home/runner/work/ozone/ozone/hadoop-ozone/integration-test/target/test-dir/MiniOzoneClusterImpl-15bbe3be-e687-4529-b164-2adc82dffbd7/datanode-2/data/ratis/97f79b5c-2b37-4d8f-9b11-40b91fd49d0e/current/log_inprogress_0
2023-12-18 19:17:21,982 [93699071-0d52-4ef3-adad-6b5a83f48fc5-impl-thread2] INFO  server.RaftServerConfigKeys (ConfUtils.java:logGet(46)) - raft.server.log.preallocated.size = 4194304 (custom)
2023-12-18 19:17:21,982 [93699071-0d52-4ef3-adad-6b5a83f48fc5-impl-thread2] INFO  server.RaftServerConfigKeys (ConfUtils.java:logGet(46)) - raft.server.log.force.sync.num = 128 (default)
2023-12-18 19:17:21,982 [93699071-0d52-4ef3-adad-6b5a83f48fc5-impl-thread2] INFO  server.RaftServerConfigKeys (ConfUtils.java:logGet(46)) - raft.server.log.statemachine.data.sync = true (default)
2023-12-18 19:17:21,982 [93699071-0d52-4ef3-adad-6b5a83f48fc5-impl-thread2] INFO  server.RaftServerConfigKeys (ConfUtils.java:logGet(46)) - raft.server.log.statemachine.data.sync.timeout = 10s (default)
2023-12-18 19:17:21,982 [93699071-0d52-4ef3-adad-6b5a83f48fc5-impl-thread2] INFO  server.RaftServerConfigKeys (ConfUtils.java:logGet(46)) - raft.server.log.statemachine.data.sync.timeout.retry = 0 (custom)
2023-12-18 19:17:21,982 [93699071-0d52-4ef3-adad-6b5a83f48fc5-impl-thread1] INFO  segmented.SegmentedRaftLogWorker (SegmentedRaftLogWorker.java:lambda$new$0(135)) - 93699071-0d52-4ef3-adad-6b5a83f48fc5@group-40B91FD49D0E-SegmentedRaftLogWorker: safeCacheEvictIndex: setUnconditionally 0 -> -1
2023-12-18 19:17:21,983 [93699071-0d52-4ef3-adad-6b5a83f48fc5-impl-thread2] INFO  server.RaftServerConfigKeys (ConfUtils.java:logGet(46)) - raft.server.log.write.buffer.size = 8388616 (custom)
2023-12-18 19:17:21,983 [93699071-0d52-4ef3-adad-6b5a83f48fc5-impl-thread1] INFO  server.RaftServer$Division (RaftServerImpl.java:start(392)) - 93699071-0d52-4ef3-adad-6b5a83f48fc5@group-40B91FD49D0E: start as a follower, conf=0: peers:[089733a5-f6c3-45b8-9d3f-1c158e6a3dcf|10.1.0.24:15023, 93699071-0d52-4ef3-adad-6b5a83f48fc5|10.1.0.24:15032, ded5b85a-ec0d-4a71-9db9-83b101b9c9ad|10.1.0.24:15014]|listeners:[], old=null
2023-12-18 19:17:21,983 [93699071-0d52-4ef3-adad-6b5a83f48fc5-impl-thread1] INFO  server.RaftServer$Division (RaftServerImpl.java:setRole(379)) - 93699071-0d52-4ef3-adad-6b5a83f48fc5@group-40B91FD49D0E: changes role from      null to FOLLOWER at term 1 for startAsFollower
2023-12-18 19:17:21,983 [93699071-0d52-4ef3-adad-6b5a83f48fc5-impl-thread1] INFO  impl.RoleInfo (RoleInfo.java:updateAndGet(139)) - 93699071-0d52-4ef3-adad-6b5a83f48fc5: start 93699071-0d52-4ef3-adad-6b5a83f48fc5@group-40B91FD49D0E-FollowerState
2023-12-18 19:17:21,983 [93699071-0d52-4ef3-adad-6b5a83f48fc5-impl-thread1] INFO  util.JmxRegister (JmxRegister.java:tryRegister(44)) - Successfully registered JMX Bean with object name Ratis:service=RaftServer,group=group-40B91FD49D0E,id=93699071-0d52-4ef3-adad-6b5a83f48fc5
2023-12-18 19:17:21,983 [93699071-0d52-4ef3-adad-6b5a83f48fc5-impl-thread1] INFO  server.RaftServerConfigKeys (ConfUtils.java:logGet(46)) - raft.server.snapshot.trigger-when-stop.enabled = true (default)
2023-12-18 19:17:21,983 [93699071-0d52-4ef3-adad-6b5a83f48fc5-impl-thread1] INFO  server.RaftServerConfigKeys (ConfUtils.java:logGet(46)) - raft.server.snapshot.auto.trigger.enabled = true (custom)
2023-12-18 19:17:21,983 [93699071-0d52-4ef3-adad-6b5a83f48fc5-impl-thread1] INFO  server.RaftServerConfigKeys (ConfUtils.java:logGet(46)) - raft.server.snapshot.auto.trigger.threshold = 10000 (custom)
2023-12-18 19:17:21,984 [93699071-0d52-4ef3-adad-6b5a83f48fc5-impl-thread1] INFO  server.RaftServerConfigKeys (ConfUtils.java:logGet(46)) - raft.server.snapshot.retention.file.num = 5 (custom)
2023-12-18 19:17:21,984 [93699071-0d52-4ef3-adad-6b5a83f48fc5-impl-thread1] INFO  server.RaftServerConfigKeys (ConfUtils.java:logGet(46)) - raft.server.log.purge.upto.snapshot.index = false (default)
2023-12-18 19:17:21,984 [ded5b85a-ec0d-4a71-9db9-83b101b9c9ad-BlockDeletingService#6] INFO  interfaces.ContainerDeletionChoosingPolicyTemplate (ContainerDeletionChoosingPolicyTemplate.java:chooseContainerForBlockDeletion(85)) - Chosen 0/5000 blocks from 0 candidate containers.
2023-12-18 19:17:21,985 [93699071-0d52-4ef3-adad-6b5a83f48fc5-impl-thread2] INFO  server.RaftServerConfigKeys (ConfUtils.java:logGet(46)) - raft.server.log.appender.buffer.byte-limit = 8388608 (custom)
2023-12-18 19:17:21,986 [93699071-0d52-4ef3-adad-6b5a83f48fc5-impl-thread2] INFO  server.RaftServerConfigKeys (ConfUtils.java:logGet(46)) - raft.server.log.unsafe-flush.enabled = false (default)
2023-12-18 19:17:21,986 [93699071-0d52-4ef3-adad-6b5a83f48fc5-impl-thread2] INFO  server.RaftServerConfigKeys (ConfUtils.java:logGet(46)) - raft.server.log.async-flush.enabled = false (default)
2023-12-18 19:17:21,986 [93699071-0d52-4ef3-adad-6b5a83f48fc5-impl-thread2] INFO  server.RaftServerConfigKeys (ConfUtils.java:logGet(46)) - raft.server.log.statemachine.data.caching.enabled = true (custom)
2023-12-18 19:17:21,986 [93699071-0d52-4ef3-adad-6b5a83f48fc5-impl-thread2] INFO  server.RaftServer$Division (ServerState.java:setRaftConf(382)) - 93699071-0d52-4ef3-adad-6b5a83f48fc5@group-B54A14C830B8: set configuration 0: peers:[93699071-0d52-4ef3-adad-6b5a83f48fc5|10.1.0.24:15032]|listeners:[], old=null
2023-12-18 19:17:21,987 [93699071-0d52-4ef3-adad-6b5a83f48fc5@group-40B91FD49D0E-FollowerState] INFO  server.RaftServerConfigKeys (ConfUtils.java:logFallback(53)) - raft.server.rpc.first-election.timeout.min = 5s (fallback to raft.server.rpc.timeout.min)
2023-12-18 19:17:21,988 [93699071-0d52-4ef3-adad-6b5a83f48fc5@group-40B91FD49D0E-FollowerState] INFO  server.RaftServerConfigKeys (ConfUtils.java:logFallback(53)) - raft.server.rpc.first-election.timeout.max = 5200ms (fallback to raft.server.rpc.timeout.max)
2023-12-18 19:17:21,987 [089733a5-f6c3-45b8-9d3f-1c158e6a3dcf-BlockDeletingService#8] INFO  interfaces.ContainerDeletionChoosingPolicyTemplate (ContainerDeletionChoosingPolicyTemplate.java:chooseContainerForBlockDeletion(85)) - Chosen 0/5000 blocks from 0 candidate containers.
2023-12-18 19:17:21,986 [93699071-0d52-4ef3-adad-6b5a83f48fc5-impl-thread2] INFO  segmented.LogSegment (LogSegment.java:loadSegment(170)) - Successfully read 1 entries from segment file /home/runner/work/ozone/ozone/hadoop-ozone/integration-test/target/test-dir/MiniOzoneClusterImpl-15bbe3be-e687-4529-b164-2adc82dffbd7/datanode-2/data/ratis/95d442ec-00fb-43e2-be7d-b54a14c830b8/current/log_inprogress_0
2023-12-18 19:17:21,989 [93699071-0d52-4ef3-adad-6b5a83f48fc5-impl-thread2] INFO  segmented.SegmentedRaftLogWorker (SegmentedRaftLogWorker.java:lambda$new$0(135)) - 93699071-0d52-4ef3-adad-6b5a83f48fc5@group-B54A14C830B8-SegmentedRaftLogWorker: safeCacheEvictIndex: setUnconditionally 0 -> -1
2023-12-18 19:17:21,990 [93699071-0d52-4ef3-adad-6b5a83f48fc5-impl-thread2] INFO  server.RaftServer$Division (RaftServerImpl.java:start(392)) - 93699071-0d52-4ef3-adad-6b5a83f48fc5@group-B54A14C830B8: start as a follower, conf=0: peers:[93699071-0d52-4ef3-adad-6b5a83f48fc5|10.1.0.24:15032]|listeners:[], old=null
2023-12-18 19:17:21,990 [93699071-0d52-4ef3-adad-6b5a83f48fc5-impl-thread2] INFO  server.RaftServer$Division (RaftServerImpl.java:setRole(379)) - 93699071-0d52-4ef3-adad-6b5a83f48fc5@group-B54A14C830B8: changes role from      null to FOLLOWER at term 1 for startAsFollower
2023-12-18 19:17:21,990 [93699071-0d52-4ef3-adad-6b5a83f48fc5-impl-thread2] INFO  impl.RoleInfo (RoleInfo.java:updateAndGet(139)) - 93699071-0d52-4ef3-adad-6b5a83f48fc5: start 93699071-0d52-4ef3-adad-6b5a83f48fc5@group-B54A14C830B8-FollowerState
2023-12-18 19:17:21,990 [93699071-0d52-4ef3-adad-6b5a83f48fc5-impl-thread2] INFO  util.JmxRegister (JmxRegister.java:tryRegister(44)) - Successfully registered JMX Bean with object name Ratis:service=RaftServer,group=group-B54A14C830B8,id=93699071-0d52-4ef3-adad-6b5a83f48fc5
2023-12-18 19:17:21,990 [93699071-0d52-4ef3-adad-6b5a83f48fc5-impl-thread2] INFO  server.RaftServerConfigKeys (ConfUtils.java:logGet(46)) - raft.server.snapshot.trigger-when-stop.enabled = true (default)
2023-12-18 19:17:21,990 [93699071-0d52-4ef3-adad-6b5a83f48fc5-impl-thread2] INFO  server.RaftServerConfigKeys (ConfUtils.java:logGet(46)) - raft.server.snapshot.auto.trigger.enabled = true (custom)
2023-12-18 19:17:21,990 [93699071-0d52-4ef3-adad-6b5a83f48fc5-impl-thread2] INFO  server.RaftServerConfigKeys (ConfUtils.java:logGet(46)) - raft.server.snapshot.auto.trigger.threshold = 10000 (custom)
2023-12-18 19:17:21,990 [93699071-0d52-4ef3-adad-6b5a83f48fc5-impl-thread2] INFO  server.RaftServerConfigKeys (ConfUtils.java:logGet(46)) - raft.server.snapshot.retention.file.num = 5 (custom)
2023-12-18 19:17:21,990 [93699071-0d52-4ef3-adad-6b5a83f48fc5-impl-thread2] INFO  server.RaftServerConfigKeys (ConfUtils.java:logGet(46)) - raft.server.log.purge.upto.snapshot.index = false (default)
2023-12-18 19:17:21,991 [93699071-0d52-4ef3-adad-6b5a83f48fc5@group-B54A14C830B8-FollowerState] INFO  server.RaftServerConfigKeys (ConfUtils.java:logFallback(53)) - raft.server.rpc.first-election.timeout.min = 5s (fallback to raft.server.rpc.timeout.min)
2023-12-18 19:17:21,991 [93699071-0d52-4ef3-adad-6b5a83f48fc5@group-B54A14C830B8-FollowerState] INFO  server.RaftServerConfigKeys (ConfUtils.java:logFallback(53)) - raft.server.rpc.first-election.timeout.max = 5200ms (fallback to raft.server.rpc.timeout.max)
2023-12-18 19:17:21,991 [93699071-0d52-4ef3-adad-6b5a83f48fc5-EndpointStateMachineTaskThread-/0.0.0.0:15002-0 ] INFO  server.RaftServer (RaftServerProxy.java:startImpl(406)) - 93699071-0d52-4ef3-adad-6b5a83f48fc5: start RPC server
2023-12-18 19:17:21,993 [93699071-0d52-4ef3-adad-6b5a83f48fc5-EndpointStateMachineTaskThread-/0.0.0.0:15002-0 ] INFO  server.GrpcService (GrpcService.java:startImpl(302)) - 93699071-0d52-4ef3-adad-6b5a83f48fc5: GrpcService started, listening on 15030
2023-12-18 19:17:21,994 [93699071-0d52-4ef3-adad-6b5a83f48fc5-EndpointStateMachineTaskThread-/0.0.0.0:15002-0 ] INFO  server.GrpcService (GrpcService.java:startImpl(302)) - 93699071-0d52-4ef3-adad-6b5a83f48fc5: GrpcService started, listening on 15032
2023-12-18 19:17:21,999 [93699071-0d52-4ef3-adad-6b5a83f48fc5-EndpointStateMachineTaskThread-/0.0.0.0:15002-0 ] INFO  server.GrpcService (GrpcService.java:startImpl(302)) - 93699071-0d52-4ef3-adad-6b5a83f48fc5: GrpcService started, listening on 15031
2023-12-18 19:17:21,999 [93699071-0d52-4ef3-adad-6b5a83f48fc5-EndpointStateMachineTaskThread-/0.0.0.0:15002-0 ] INFO  ratis.XceiverServerRatis (XceiverServerRatis.java:getRealPort(574)) - XceiverServerRatis 93699071-0d52-4ef3-adad-6b5a83f48fc5 is started using port 15030 for RATIS
2023-12-18 19:17:21,999 [JvmPauseMonitor5] INFO  util.JvmPauseMonitor (JvmPauseMonitor.java:run(146)) - JvmPauseMonitor-93699071-0d52-4ef3-adad-6b5a83f48fc5: Started
2023-12-18 19:17:21,999 [93699071-0d52-4ef3-adad-6b5a83f48fc5-EndpointStateMachineTaskThread-/0.0.0.0:15002-0 ] INFO  ratis.XceiverServerRatis (XceiverServerRatis.java:getRealPort(574)) - XceiverServerRatis 93699071-0d52-4ef3-adad-6b5a83f48fc5 is started using port 15031 for RATIS_ADMIN
2023-12-18 19:17:21,999 [93699071-0d52-4ef3-adad-6b5a83f48fc5-EndpointStateMachineTaskThread-/0.0.0.0:15002-0 ] INFO  ratis.XceiverServerRatis (XceiverServerRatis.java:getRealPort(574)) - XceiverServerRatis 93699071-0d52-4ef3-adad-6b5a83f48fc5 is started using port 15032 for RATIS_SERVER
2023-12-18 19:17:21,999 [93699071-0d52-4ef3-adad-6b5a83f48fc5-EndpointStateMachineTaskThread-/0.0.0.0:15002-0 ] INFO  ratis.XceiverServerRatis (XceiverServerRatis.java:getRealPort(574)) - XceiverServerRatis 93699071-0d52-4ef3-adad-6b5a83f48fc5 is started using port 15033 for RATIS_DATASTREAM
2023-12-18 19:17:22,003 [93699071-0d52-4ef3-adad-6b5a83f48fc5-BlockDeletingService#0] INFO  interfaces.ContainerDeletionChoosingPolicyTemplate (ContainerDeletionChoosingPolicyTemplate.java:chooseContainerForBlockDeletion(85)) - Chosen 0/5000 blocks from 0 candidate containers.
2023-12-18 19:17:22,085 [ded5b85a-ec0d-4a71-9db9-83b101b9c9ad-BlockDeletingService#6] INFO  interfaces.ContainerDeletionChoosingPolicyTemplate (ContainerDeletionChoosingPolicyTemplate.java:chooseContainerForBlockDeletion(85)) - Chosen 0/5000 blocks from 0 candidate containers.
2023-12-18 19:17:22,088 [089733a5-f6c3-45b8-9d3f-1c158e6a3dcf-BlockDeletingService#8] INFO  interfaces.ContainerDeletionChoosingPolicyTemplate (ContainerDeletionChoosingPolicyTemplate.java:chooseContainerForBlockDeletion(85)) - Chosen 0/5000 blocks from 0 candidate containers.
2023-12-18 19:17:22,103 [93699071-0d52-4ef3-adad-6b5a83f48fc5-BlockDeletingService#0] INFO  interfaces.ContainerDeletionChoosingPolicyTemplate (ContainerDeletionChoosingPolicyTemplate.java:chooseContainerForBlockDeletion(85)) - Chosen 0/5000 blocks from 0 candidate containers.
2023-12-18 19:17:22,185 [ded5b85a-ec0d-4a71-9db9-83b101b9c9ad-BlockDeletingService#6] INFO  interfaces.ContainerDeletionChoosingPolicyTemplate (ContainerDeletionChoosingPolicyTemplate.java:chooseContainerForBlockDeletion(85)) - Chosen 0/5000 blocks from 0 candidate containers.
2023-12-18 19:17:22,188 [089733a5-f6c3-45b8-9d3f-1c158e6a3dcf-BlockDeletingService#8] INFO  interfaces.ContainerDeletionChoosingPolicyTemplate (ContainerDeletionChoosingPolicyTemplate.java:chooseContainerForBlockDeletion(85)) - Chosen 0/5000 blocks from 0 candidate containers.
2023-12-18 19:17:22,204 [93699071-0d52-4ef3-adad-6b5a83f48fc5-BlockDeletingService#1] INFO  interfaces.ContainerDeletionChoosingPolicyTemplate (ContainerDeletionChoosingPolicyTemplate.java:chooseContainerForBlockDeletion(85)) - Chosen 0/5000 blocks from 0 candidate containers.
2023-12-18 19:17:22,285 [ded5b85a-ec0d-4a71-9db9-83b101b9c9ad-BlockDeletingService#6] INFO  interfaces.ContainerDeletionChoosingPolicyTemplate (ContainerDeletionChoosingPolicyTemplate.java:chooseContainerForBlockDeletion(85)) - Chosen 0/5000 blocks from 0 candidate containers.
2023-12-18 19:17:22,289 [089733a5-f6c3-45b8-9d3f-1c158e6a3dcf-BlockDeletingService#8] INFO  interfaces.ContainerDeletionChoosingPolicyTemplate (ContainerDeletionChoosingPolicyTemplate.java:chooseContainerForBlockDeletion(85)) - Chosen 0/5000 blocks from 0 candidate containers.
2023-12-18 19:17:22,304 [93699071-0d52-4ef3-adad-6b5a83f48fc5-BlockDeletingService#0] INFO  interfaces.ContainerDeletionChoosingPolicyTemplate (ContainerDeletionChoosingPolicyTemplate.java:chooseContainerForBlockDeletion(85)) - Chosen 0/5000 blocks from 0 candidate containers.
2023-12-18 19:17:22,385 [ded5b85a-ec0d-4a71-9db9-83b101b9c9ad-BlockDeletingService#6] INFO  interfaces.ContainerDeletionChoosingPolicyTemplate (ContainerDeletionChoosingPolicyTemplate.java:chooseContainerForBlockDeletion(85)) - Chosen 0/5000 blocks from 0 candidate containers.
2023-12-18 19:17:22,389 [089733a5-f6c3-45b8-9d3f-1c158e6a3dcf-BlockDeletingService#8] INFO  interfaces.ContainerDeletionChoosingPolicyTemplate (ContainerDeletionChoosingPolicyTemplate.java:chooseContainerForBlockDeletion(85)) - Chosen 0/5000 blocks from 0 candidate containers.
2023-12-18 19:17:22,404 [93699071-0d52-4ef3-adad-6b5a83f48fc5-BlockDeletingService#2] INFO  interfaces.ContainerDeletionChoosingPolicyTemplate (ContainerDeletionChoosingPolicyTemplate.java:chooseContainerForBlockDeletion(85)) - Chosen 0/5000 blocks from 0 candidate containers.
2023-12-18 19:17:22,485 [ded5b85a-ec0d-4a71-9db9-83b101b9c9ad-BlockDeletingService#6] INFO  interfaces.ContainerDeletionChoosingPolicyTemplate (ContainerDeletionChoosingPolicyTemplate.java:chooseContainerForBlockDeletion(85)) - Chosen 0/5000 blocks from 0 candidate containers.
2023-12-18 19:17:22,489 [089733a5-f6c3-45b8-9d3f-1c158e6a3dcf-BlockDeletingService#8] INFO  interfaces.ContainerDeletionChoosingPolicyTemplate (ContainerDeletionChoosingPolicyTemplate.java:chooseContainerForBlockDeletion(85)) - Chosen 0/5000 blocks from 0 candidate containers.
2023-12-18 19:17:22,504 [93699071-0d52-4ef3-adad-6b5a83f48fc5-BlockDeletingService#1] INFO  interfaces.ContainerDeletionChoosingPolicyTemplate (ContainerDeletionChoosingPolicyTemplate.java:chooseContainerForBlockDeletion(85)) - Chosen 0/5000 blocks from 0 candidate containers.
2023-12-18 19:17:22,586 [ded5b85a-ec0d-4a71-9db9-83b101b9c9ad-BlockDeletingService#6] INFO  interfaces.ContainerDeletionChoosingPolicyTemplate (ContainerDeletionChoosingPolicyTemplate.java:chooseContainerForBlockDeletion(85)) - Chosen 0/5000 blocks from 0 candidate containers.
2023-12-18 19:17:22,589 [089733a5-f6c3-45b8-9d3f-1c158e6a3dcf-BlockDeletingService#8] INFO  interfaces.ContainerDeletionChoosingPolicyTemplate (ContainerDeletionChoosingPolicyTemplate.java:chooseContainerForBlockDeletion(85)) - Chosen 0/5000 blocks from 0 candidate containers.
2023-12-18 19:17:22,605 [93699071-0d52-4ef3-adad-6b5a83f48fc5-BlockDeletingService#3] INFO  interfaces.ContainerDeletionChoosingPolicyTemplate (ContainerDeletionChoosingPolicyTemplate.java:chooseContainerForBlockDeletion(85)) - Chosen 0/5000 blocks from 0 candidate containers.
2023-12-18 19:17:22,686 [ded5b85a-ec0d-4a71-9db9-83b101b9c9ad-BlockDeletingService#6] INFO  interfaces.ContainerDeletionChoosingPolicyTemplate (ContainerDeletionChoosingPolicyTemplate.java:chooseContainerForBlockDeletion(85)) - Chosen 0/5000 blocks from 0 candidate containers.
2023-12-18 19:17:22,689 [089733a5-f6c3-45b8-9d3f-1c158e6a3dcf-BlockDeletingService#8] INFO  interfaces.ContainerDeletionChoosingPolicyTemplate (ContainerDeletionChoosingPolicyTemplate.java:chooseContainerForBlockDeletion(85)) - Chosen 0/5000 blocks from 0 candidate containers.
2023-12-18 19:17:22,705 [93699071-0d52-4ef3-adad-6b5a83f48fc5-BlockDeletingService#0] INFO  interfaces.ContainerDeletionChoosingPolicyTemplate (ContainerDeletionChoosingPolicyTemplate.java:chooseContainerForBlockDeletion(85)) - Chosen 0/5000 blocks from 0 candidate containers.
2023-12-18 19:17:22,768 [grpc-default-executor-4] WARN  server.GrpcLogAppender (LogUtils.java:warn(121)) - 089733a5-f6c3-45b8-9d3f-1c158e6a3dcf@group-40B91FD49D0E->93699071-0d52-4ef3-adad-6b5a83f48fc5-AppendLogResponseHandler: Failed appendEntries: org.apache.ratis.thirdparty.io.grpc.StatusRuntimeException: UNAVAILABLE: io exception
2023-12-18 19:17:22,768 [grpc-default-executor-4] WARN  server.GrpcLogAppender (GrpcLogAppender.java:resetClient(140)) - 089733a5-f6c3-45b8-9d3f-1c158e6a3dcf@group-40B91FD49D0E->93699071-0d52-4ef3-adad-6b5a83f48fc5-GrpcLogAppender: Follower failed and request == null,  keep nextIndex (7) unchanged and retry.
2023-12-18 19:17:22,786 [ded5b85a-ec0d-4a71-9db9-83b101b9c9ad-BlockDeletingService#6] INFO  interfaces.ContainerDeletionChoosingPolicyTemplate (ContainerDeletionChoosingPolicyTemplate.java:chooseContainerForBlockDeletion(85)) - Chosen 0/5000 blocks from 0 candidate containers.
2023-12-18 19:17:22,789 [089733a5-f6c3-45b8-9d3f-1c158e6a3dcf-BlockDeletingService#8] INFO  interfaces.ContainerDeletionChoosingPolicyTemplate (ContainerDeletionChoosingPolicyTemplate.java:chooseContainerForBlockDeletion(85)) - Chosen 0/5000 blocks from 0 candidate containers.
2023-12-18 19:17:22,805 [93699071-0d52-4ef3-adad-6b5a83f48fc5-BlockDeletingService#4] INFO  interfaces.ContainerDeletionChoosingPolicyTemplate (ContainerDeletionChoosingPolicyTemplate.java:chooseContainerForBlockDeletion(85)) - Chosen 0/5000 blocks from 0 candidate containers.
2023-12-18 19:17:22,886 [ded5b85a-ec0d-4a71-9db9-83b101b9c9ad-BlockDeletingService#6] INFO  interfaces.ContainerDeletionChoosingPolicyTemplate (ContainerDeletionChoosingPolicyTemplate.java:chooseContainerForBlockDeletion(85)) - Chosen 0/5000 blocks from 0 candidate containers.
2023-12-18 19:17:22,889 [089733a5-f6c3-45b8-9d3f-1c158e6a3dcf-BlockDeletingService#8] INFO  interfaces.ContainerDeletionChoosingPolicyTemplate (ContainerDeletionChoosingPolicyTemplate.java:chooseContainerForBlockDeletion(85)) - Chosen 0/5000 blocks from 0 candidate containers.
2023-12-18 19:17:22,905 [93699071-0d52-4ef3-adad-6b5a83f48fc5-BlockDeletingService#2] INFO  interfaces.ContainerDeletionChoosingPolicyTemplate (ContainerDeletionChoosingPolicyTemplate.java:chooseContainerForBlockDeletion(85)) - Chosen 0/5000 blocks from 0 candidate containers.
2023-12-18 19:17:22,986 [ded5b85a-ec0d-4a71-9db9-83b101b9c9ad-BlockDeletingService#6] INFO  interfaces.ContainerDeletionChoosingPolicyTemplate (ContainerDeletionChoosingPolicyTemplate.java:chooseContainerForBlockDeletion(85)) - Chosen 0/5000 blocks from 0 candidate containers.
2023-12-18 19:17:22,990 [089733a5-f6c3-45b8-9d3f-1c158e6a3dcf-BlockDeletingService#8] INFO  interfaces.ContainerDeletionChoosingPolicyTemplate (ContainerDeletionChoosingPolicyTemplate.java:chooseContainerForBlockDeletion(85)) - Chosen 0/5000 blocks from 0 candidate containers.
2023-12-18 19:17:23,005 [93699071-0d52-4ef3-adad-6b5a83f48fc5-BlockDeletingService#2] INFO  interfaces.ContainerDeletionChoosingPolicyTemplate (ContainerDeletionChoosingPolicyTemplate.java:chooseContainerForBlockDeletion(85)) - Chosen 0/5000 blocks from 0 candidate containers.
2023-12-18 19:17:23,086 [ded5b85a-ec0d-4a71-9db9-83b101b9c9ad-BlockDeletingService#6] INFO  interfaces.ContainerDeletionChoosingPolicyTemplate (ContainerDeletionChoosingPolicyTemplate.java:chooseContainerForBlockDeletion(85)) - Chosen 0/5000 blocks from 0 candidate containers.
2023-12-18 19:17:23,090 [089733a5-f6c3-45b8-9d3f-1c158e6a3dcf-BlockDeletingService#8] INFO  interfaces.ContainerDeletionChoosingPolicyTemplate (ContainerDeletionChoosingPolicyTemplate.java:chooseContainerForBlockDeletion(85)) - Chosen 0/5000 blocks from 0 candidate containers.
2023-12-18 19:17:23,105 [93699071-0d52-4ef3-adad-6b5a83f48fc5-BlockDeletingService#2] INFO  interfaces.ContainerDeletionChoosingPolicyTemplate (ContainerDeletionChoosingPolicyTemplate.java:chooseContainerForBlockDeletion(85)) - Chosen 0/5000 blocks from 0 candidate containers.
2023-12-18 19:17:23,186 [ded5b85a-ec0d-4a71-9db9-83b101b9c9ad-BlockDeletingService#6] INFO  interfaces.ContainerDeletionChoosingPolicyTemplate (ContainerDeletionChoosingPolicyTemplate.java:chooseContainerForBlockDeletion(85)) - Chosen 0/5000 blocks from 0 candidate containers.
2023-12-18 19:17:23,190 [089733a5-f6c3-45b8-9d3f-1c158e6a3dcf-BlockDeletingService#8] INFO  interfaces.ContainerDeletionChoosingPolicyTemplate (ContainerDeletionChoosingPolicyTemplate.java:chooseContainerForBlockDeletion(85)) - Chosen 0/5000 blocks from 0 candidate containers.
2023-12-18 19:17:23,205 [93699071-0d52-4ef3-adad-6b5a83f48fc5-BlockDeletingService#2] INFO  interfaces.ContainerDeletionChoosingPolicyTemplate (ContainerDeletionChoosingPolicyTemplate.java:chooseContainerForBlockDeletion(85)) - Chosen 0/5000 blocks from 0 candidate containers.
2023-12-18 19:17:23,286 [ded5b85a-ec0d-4a71-9db9-83b101b9c9ad-BlockDeletingService#6] INFO  interfaces.ContainerDeletionChoosingPolicyTemplate (ContainerDeletionChoosingPolicyTemplate.java:chooseContainerForBlockDeletion(85)) - Chosen 0/5000 blocks from 0 candidate containers.
2023-12-18 19:17:23,290 [089733a5-f6c3-45b8-9d3f-1c158e6a3dcf-BlockDeletingService#8] INFO  interfaces.ContainerDeletionChoosingPolicyTemplate (ContainerDeletionChoosingPolicyTemplate.java:chooseContainerForBlockDeletion(85)) - Chosen 0/5000 blocks from 0 candidate containers.
2023-12-18 19:17:23,306 [93699071-0d52-4ef3-adad-6b5a83f48fc5-BlockDeletingService#2] INFO  interfaces.ContainerDeletionChoosingPolicyTemplate (ContainerDeletionChoosingPolicyTemplate.java:chooseContainerForBlockDeletion(85)) - Chosen 0/5000 blocks from 0 candidate containers.
2023-12-18 19:17:23,387 [ded5b85a-ec0d-4a71-9db9-83b101b9c9ad-BlockDeletingService#6] INFO  interfaces.ContainerDeletionChoosingPolicyTemplate (ContainerDeletionChoosingPolicyTemplate.java:chooseContainerForBlockDeletion(85)) - Chosen 0/5000 blocks from 0 candidate containers.
2023-12-18 19:17:23,390 [089733a5-f6c3-45b8-9d3f-1c158e6a3dcf-BlockDeletingService#8] INFO  interfaces.ContainerDeletionChoosingPolicyTemplate (ContainerDeletionChoosingPolicyTemplate.java:chooseContainerForBlockDeletion(85)) - Chosen 0/5000 blocks from 0 candidate containers.
2023-12-18 19:17:23,406 [93699071-0d52-4ef3-adad-6b5a83f48fc5-BlockDeletingService#2] INFO  interfaces.ContainerDeletionChoosingPolicyTemplate (ContainerDeletionChoosingPolicyTemplate.java:chooseContainerForBlockDeletion(85)) - Chosen 0/5000 blocks from 0 candidate containers.
2023-12-18 19:17:23,487 [ded5b85a-ec0d-4a71-9db9-83b101b9c9ad-BlockDeletingService#6] INFO  interfaces.ContainerDeletionChoosingPolicyTemplate (ContainerDeletionChoosingPolicyTemplate.java:chooseContainerForBlockDeletion(85)) - Chosen 0/5000 blocks from 0 candidate containers.
2023-12-18 19:17:23,490 [089733a5-f6c3-45b8-9d3f-1c158e6a3dcf-BlockDeletingService#8] INFO  interfaces.ContainerDeletionChoosingPolicyTemplate (ContainerDeletionChoosingPolicyTemplate.java:chooseContainerForBlockDeletion(85)) - Chosen 0/5000 blocks from 0 candidate containers.
2023-12-18 19:17:23,506 [93699071-0d52-4ef3-adad-6b5a83f48fc5-BlockDeletingService#2] INFO  interfaces.ContainerDeletionChoosingPolicyTemplate (ContainerDeletionChoosingPolicyTemplate.java:chooseContainerForBlockDeletion(85)) - Chosen 0/5000 blocks from 0 candidate containers.
2023-12-18 19:17:23,587 [ded5b85a-ec0d-4a71-9db9-83b101b9c9ad-BlockDeletingService#6] INFO  interfaces.ContainerDeletionChoosingPolicyTemplate (ContainerDeletionChoosingPolicyTemplate.java:chooseContainerForBlockDeletion(85)) - Chosen 0/5000 blocks from 0 candidate containers.
2023-12-18 19:17:23,590 [089733a5-f6c3-45b8-9d3f-1c158e6a3dcf-BlockDeletingService#8] INFO  interfaces.ContainerDeletionChoosingPolicyTemplate (ContainerDeletionChoosingPolicyTemplate.java:chooseContainerForBlockDeletion(85)) - Chosen 0/5000 blocks from 0 candidate containers.
2023-12-18 19:17:23,606 [93699071-0d52-4ef3-adad-6b5a83f48fc5-BlockDeletingService#2] INFO  interfaces.ContainerDeletionChoosingPolicyTemplate (ContainerDeletionChoosingPolicyTemplate.java:chooseContainerForBlockDeletion(85)) - Chosen 0/5000 blocks from 0 candidate containers.
2023-12-18 19:17:23,687 [ded5b85a-ec0d-4a71-9db9-83b101b9c9ad-BlockDeletingService#6] INFO  interfaces.ContainerDeletionChoosingPolicyTemplate (ContainerDeletionChoosingPolicyTemplate.java:chooseContainerForBlockDeletion(85)) - Chosen 0/5000 blocks from 0 candidate containers.
2023-12-18 19:17:23,691 [089733a5-f6c3-45b8-9d3f-1c158e6a3dcf-BlockDeletingService#8] INFO  interfaces.ContainerDeletionChoosingPolicyTemplate (ContainerDeletionChoosingPolicyTemplate.java:chooseContainerForBlockDeletion(85)) - Chosen 0/5000 blocks from 0 candidate containers.
2023-12-18 19:17:23,706 [93699071-0d52-4ef3-adad-6b5a83f48fc5-BlockDeletingService#2] INFO  interfaces.ContainerDeletionChoosingPolicyTemplate (ContainerDeletionChoosingPolicyTemplate.java:chooseContainerForBlockDeletion(85)) - Chosen 0/5000 blocks from 0 candidate containers.
2023-12-18 19:17:23,787 [ded5b85a-ec0d-4a71-9db9-83b101b9c9ad-BlockDeletingService#6] INFO  interfaces.ContainerDeletionChoosingPolicyTemplate (ContainerDeletionChoosingPolicyTemplate.java:chooseContainerForBlockDeletion(85)) - Chosen 0/5000 blocks from 0 candidate containers.
2023-12-18 19:17:23,791 [089733a5-f6c3-45b8-9d3f-1c158e6a3dcf-BlockDeletingService#8] INFO  interfaces.ContainerDeletionChoosingPolicyTemplate (ContainerDeletionChoosingPolicyTemplate.java:chooseContainerForBlockDeletion(85)) - Chosen 0/5000 blocks from 0 candidate containers.
2023-12-18 19:17:23,806 [93699071-0d52-4ef3-adad-6b5a83f48fc5-BlockDeletingService#2] INFO  interfaces.ContainerDeletionChoosingPolicyTemplate (ContainerDeletionChoosingPolicyTemplate.java:chooseContainerForBlockDeletion(85)) - Chosen 0/5000 blocks from 0 candidate containers.
2023-12-18 19:17:23,887 [ded5b85a-ec0d-4a71-9db9-83b101b9c9ad-BlockDeletingService#6] INFO  interfaces.ContainerDeletionChoosingPolicyTemplate (ContainerDeletionChoosingPolicyTemplate.java:chooseContainerForBlockDeletion(85)) - Chosen 0/5000 blocks from 0 candidate containers.
2023-12-18 19:17:23,891 [089733a5-f6c3-45b8-9d3f-1c158e6a3dcf-BlockDeletingService#8] INFO  interfaces.ContainerDeletionChoosingPolicyTemplate (ContainerDeletionChoosingPolicyTemplate.java:chooseContainerForBlockDeletion(85)) - Chosen 0/5000 blocks from 0 candidate containers.
2023-12-18 19:17:23,906 [93699071-0d52-4ef3-adad-6b5a83f48fc5-BlockDeletingService#2] INFO  interfaces.ContainerDeletionChoosingPolicyTemplate (ContainerDeletionChoosingPolicyTemplate.java:chooseContainerForBlockDeletion(85)) - Chosen 0/5000 blocks from 0 candidate containers.
2023-12-18 19:17:23,988 [ded5b85a-ec0d-4a71-9db9-83b101b9c9ad-BlockDeletingService#6] INFO  interfaces.ContainerDeletionChoosingPolicyTemplate (ContainerDeletionChoosingPolicyTemplate.java:chooseContainerForBlockDeletion(85)) - Chosen 0/5000 blocks from 0 candidate containers.
2023-12-18 19:17:23,991 [089733a5-f6c3-45b8-9d3f-1c158e6a3dcf-BlockDeletingService#8] INFO  interfaces.ContainerDeletionChoosingPolicyTemplate (ContainerDeletionChoosingPolicyTemplate.java:chooseContainerForBlockDeletion(85)) - Chosen 0/5000 blocks from 0 candidate containers.
2023-12-18 19:17:24,006 [93699071-0d52-4ef3-adad-6b5a83f48fc5-BlockDeletingService#2] INFO  interfaces.ContainerDeletionChoosingPolicyTemplate (ContainerDeletionChoosingPolicyTemplate.java:chooseContainerForBlockDeletion(85)) - Chosen 0/5000 blocks from 0 candidate containers.
2023-12-18 19:17:24,088 [ded5b85a-ec0d-4a71-9db9-83b101b9c9ad-BlockDeletingService#6] INFO  interfaces.ContainerDeletionChoosingPolicyTemplate (ContainerDeletionChoosingPolicyTemplate.java:chooseContainerForBlockDeletion(85)) - Chosen 0/5000 blocks from 0 candidate containers.
2023-12-18 19:17:24,091 [089733a5-f6c3-45b8-9d3f-1c158e6a3dcf-BlockDeletingService#8] INFO  interfaces.ContainerDeletionChoosingPolicyTemplate (ContainerDeletionChoosingPolicyTemplate.java:chooseContainerForBlockDeletion(85)) - Chosen 0/5000 blocks from 0 candidate containers.
2023-12-18 19:17:24,107 [93699071-0d52-4ef3-adad-6b5a83f48fc5-BlockDeletingService#2] INFO  interfaces.ContainerDeletionChoosingPolicyTemplate (ContainerDeletionChoosingPolicyTemplate.java:chooseContainerForBlockDeletion(85)) - Chosen 0/5000 blocks from 0 candidate containers.
2023-12-18 19:17:24,188 [ded5b85a-ec0d-4a71-9db9-83b101b9c9ad-BlockDeletingService#6] INFO  interfaces.ContainerDeletionChoosingPolicyTemplate (ContainerDeletionChoosingPolicyTemplate.java:chooseContainerForBlockDeletion(85)) - Chosen 0/5000 blocks from 0 candidate containers.
2023-12-18 19:17:24,191 [089733a5-f6c3-45b8-9d3f-1c158e6a3dcf-BlockDeletingService#8] INFO  interfaces.ContainerDeletionChoosingPolicyTemplate (ContainerDeletionChoosingPolicyTemplate.java:chooseContainerForBlockDeletion(85)) - Chosen 0/5000 blocks from 0 candidate containers.
2023-12-18 19:17:24,207 [93699071-0d52-4ef3-adad-6b5a83f48fc5-BlockDeletingService#2] INFO  interfaces.ContainerDeletionChoosingPolicyTemplate (ContainerDeletionChoosingPolicyTemplate.java:chooseContainerForBlockDeletion(85)) - Chosen 0/5000 blocks from 0 candidate containers.
2023-12-18 19:17:24,288 [ded5b85a-ec0d-4a71-9db9-83b101b9c9ad-BlockDeletingService#6] INFO  interfaces.ContainerDeletionChoosingPolicyTemplate (ContainerDeletionChoosingPolicyTemplate.java:chooseContainerForBlockDeletion(85)) - Chosen 0/5000 blocks from 0 candidate containers.
2023-12-18 19:17:24,291 [089733a5-f6c3-45b8-9d3f-1c158e6a3dcf-BlockDeletingService#8] INFO  interfaces.ContainerDeletionChoosingPolicyTemplate (ContainerDeletionChoosingPolicyTemplate.java:chooseContainerForBlockDeletion(85)) - Chosen 0/5000 blocks from 0 candidate containers.
2023-12-18 19:17:24,307 [93699071-0d52-4ef3-adad-6b5a83f48fc5-BlockDeletingService#2] INFO  interfaces.ContainerDeletionChoosingPolicyTemplate (ContainerDeletionChoosingPolicyTemplate.java:chooseContainerForBlockDeletion(85)) - Chosen 0/5000 blocks from 0 candidate containers.
2023-12-18 19:17:24,388 [ded5b85a-ec0d-4a71-9db9-83b101b9c9ad-BlockDeletingService#6] INFO  interfaces.ContainerDeletionChoosingPolicyTemplate (ContainerDeletionChoosingPolicyTemplate.java:chooseContainerForBlockDeletion(85)) - Chosen 0/5000 blocks from 0 candidate containers.
2023-12-18 19:17:24,392 [089733a5-f6c3-45b8-9d3f-1c158e6a3dcf-BlockDeletingService#8] INFO  interfaces.ContainerDeletionChoosingPolicyTemplate (ContainerDeletionChoosingPolicyTemplate.java:chooseContainerForBlockDeletion(85)) - Chosen 0/5000 blocks from 0 candidate containers.
2023-12-18 19:17:24,407 [93699071-0d52-4ef3-adad-6b5a83f48fc5-BlockDeletingService#2] INFO  interfaces.ContainerDeletionChoosingPolicyTemplate (ContainerDeletionChoosingPolicyTemplate.java:chooseContainerForBlockDeletion(85)) - Chosen 0/5000 blocks from 0 candidate containers.
2023-12-18 19:17:24,488 [ded5b85a-ec0d-4a71-9db9-83b101b9c9ad-BlockDeletingService#6] INFO  interfaces.ContainerDeletionChoosingPolicyTemplate (ContainerDeletionChoosingPolicyTemplate.java:chooseContainerForBlockDeletion(85)) - Chosen 0/5000 blocks from 0 candidate containers.
2023-12-18 19:17:24,492 [089733a5-f6c3-45b8-9d3f-1c158e6a3dcf-BlockDeletingService#8] INFO  interfaces.ContainerDeletionChoosingPolicyTemplate (ContainerDeletionChoosingPolicyTemplate.java:chooseContainerForBlockDeletion(85)) - Chosen 0/5000 blocks from 0 candidate containers.
2023-12-18 19:17:24,507 [93699071-0d52-4ef3-adad-6b5a83f48fc5-BlockDeletingService#2] INFO  interfaces.ContainerDeletionChoosingPolicyTemplate (ContainerDeletionChoosingPolicyTemplate.java:chooseContainerForBlockDeletion(85)) - Chosen 0/5000 blocks from 0 candidate containers.
2023-12-18 19:17:24,588 [ded5b85a-ec0d-4a71-9db9-83b101b9c9ad-BlockDeletingService#6] INFO  interfaces.ContainerDeletionChoosingPolicyTemplate (ContainerDeletionChoosingPolicyTemplate.java:chooseContainerForBlockDeletion(85)) - Chosen 0/5000 blocks from 0 candidate containers.
2023-12-18 19:17:24,592 [089733a5-f6c3-45b8-9d3f-1c158e6a3dcf-BlockDeletingService#8] INFO  interfaces.ContainerDeletionChoosingPolicyTemplate (ContainerDeletionChoosingPolicyTemplate.java:chooseContainerForBlockDeletion(85)) - Chosen 0/5000 blocks from 0 candidate containers.
2023-12-18 19:17:24,607 [93699071-0d52-4ef3-adad-6b5a83f48fc5-BlockDeletingService#2] INFO  interfaces.ContainerDeletionChoosingPolicyTemplate (ContainerDeletionChoosingPolicyTemplate.java:chooseContainerForBlockDeletion(85)) - Chosen 0/5000 blocks from 0 candidate containers.
2023-12-18 19:17:24,689 [ded5b85a-ec0d-4a71-9db9-83b101b9c9ad-BlockDeletingService#6] INFO  interfaces.ContainerDeletionChoosingPolicyTemplate (ContainerDeletionChoosingPolicyTemplate.java:chooseContainerForBlockDeletion(85)) - Chosen 0/5000 blocks from 0 candidate containers.
2023-12-18 19:17:24,692 [089733a5-f6c3-45b8-9d3f-1c158e6a3dcf-BlockDeletingService#8] INFO  interfaces.ContainerDeletionChoosingPolicyTemplate (ContainerDeletionChoosingPolicyTemplate.java:chooseContainerForBlockDeletion(85)) - Chosen 0/5000 blocks from 0 candidate containers.
2023-12-18 19:17:24,707 [93699071-0d52-4ef3-adad-6b5a83f48fc5-BlockDeletingService#2] INFO  interfaces.ContainerDeletionChoosingPolicyTemplate (ContainerDeletionChoosingPolicyTemplate.java:chooseContainerForBlockDeletion(85)) - Chosen 0/5000 blocks from 0 candidate containers.
2023-12-18 19:17:24,789 [ded5b85a-ec0d-4a71-9db9-83b101b9c9ad-BlockDeletingService#6] INFO  interfaces.ContainerDeletionChoosingPolicyTemplate (ContainerDeletionChoosingPolicyTemplate.java:chooseContainerForBlockDeletion(85)) - Chosen 0/5000 blocks from 0 candidate containers.
2023-12-18 19:17:24,792 [089733a5-f6c3-45b8-9d3f-1c158e6a3dcf-BlockDeletingService#8] INFO  interfaces.ContainerDeletionChoosingPolicyTemplate (ContainerDeletionChoosingPolicyTemplate.java:chooseContainerForBlockDeletion(85)) - Chosen 0/5000 blocks from 0 candidate containers.
2023-12-18 19:17:24,807 [93699071-0d52-4ef3-adad-6b5a83f48fc5-BlockDeletingService#2] INFO  interfaces.ContainerDeletionChoosingPolicyTemplate (ContainerDeletionChoosingPolicyTemplate.java:chooseContainerForBlockDeletion(85)) - Chosen 0/5000 blocks from 0 candidate containers.
2023-12-18 19:17:24,889 [ded5b85a-ec0d-4a71-9db9-83b101b9c9ad-BlockDeletingService#6] INFO  interfaces.ContainerDeletionChoosingPolicyTemplate (ContainerDeletionChoosingPolicyTemplate.java:chooseContainerForBlockDeletion(85)) - Chosen 0/5000 blocks from 0 candidate containers.
2023-12-18 19:17:24,892 [089733a5-f6c3-45b8-9d3f-1c158e6a3dcf-BlockDeletingService#8] INFO  interfaces.ContainerDeletionChoosingPolicyTemplate (ContainerDeletionChoosingPolicyTemplate.java:chooseContainerForBlockDeletion(85)) - Chosen 0/5000 blocks from 0 candidate containers.
2023-12-18 19:17:24,908 [93699071-0d52-4ef3-adad-6b5a83f48fc5-BlockDeletingService#2] INFO  interfaces.ContainerDeletionChoosingPolicyTemplate (ContainerDeletionChoosingPolicyTemplate.java:chooseContainerForBlockDeletion(85)) - Chosen 0/5000 blocks from 0 candidate containers.
2023-12-18 19:17:24,989 [ded5b85a-ec0d-4a71-9db9-83b101b9c9ad-BlockDeletingService#6] INFO  interfaces.ContainerDeletionChoosingPolicyTemplate (ContainerDeletionChoosingPolicyTemplate.java:chooseContainerForBlockDeletion(85)) - Chosen 0/5000 blocks from 0 candidate containers.
2023-12-18 19:17:24,992 [089733a5-f6c3-45b8-9d3f-1c158e6a3dcf-BlockDeletingService#8] INFO  interfaces.ContainerDeletionChoosingPolicyTemplate (ContainerDeletionChoosingPolicyTemplate.java:chooseContainerForBlockDeletion(85)) - Chosen 0/5000 blocks from 0 candidate containers.
2023-12-18 19:17:25,008 [93699071-0d52-4ef3-adad-6b5a83f48fc5-BlockDeletingService#2] INFO  interfaces.ContainerDeletionChoosingPolicyTemplate (ContainerDeletionChoosingPolicyTemplate.java:chooseContainerForBlockDeletion(85)) - Chosen 0/5000 blocks from 0 candidate containers.
2023-12-18 19:17:25,089 [ded5b85a-ec0d-4a71-9db9-83b101b9c9ad-BlockDeletingService#6] INFO  interfaces.ContainerDeletionChoosingPolicyTemplate (ContainerDeletionChoosingPolicyTemplate.java:chooseContainerForBlockDeletion(85)) - Chosen 0/5000 blocks from 0 candidate containers.
2023-12-18 19:17:25,092 [089733a5-f6c3-45b8-9d3f-1c158e6a3dcf-BlockDeletingService#8] INFO  interfaces.ContainerDeletionChoosingPolicyTemplate (ContainerDeletionChoosingPolicyTemplate.java:chooseContainerForBlockDeletion(85)) - Chosen 0/5000 blocks from 0 candidate containers.
2023-12-18 19:17:25,108 [93699071-0d52-4ef3-adad-6b5a83f48fc5-BlockDeletingService#2] INFO  interfaces.ContainerDeletionChoosingPolicyTemplate (ContainerDeletionChoosingPolicyTemplate.java:chooseContainerForBlockDeletion(85)) - Chosen 0/5000 blocks from 0 candidate containers.
2023-12-18 19:17:25,189 [ded5b85a-ec0d-4a71-9db9-83b101b9c9ad-BlockDeletingService#6] INFO  interfaces.ContainerDeletionChoosingPolicyTemplate (ContainerDeletionChoosingPolicyTemplate.java:chooseContainerForBlockDeletion(85)) - Chosen 0/5000 blocks from 0 candidate containers.
2023-12-18 19:17:25,193 [089733a5-f6c3-45b8-9d3f-1c158e6a3dcf-BlockDeletingService#8] INFO  interfaces.ContainerDeletionChoosingPolicyTemplate (ContainerDeletionChoosingPolicyTemplate.java:chooseContainerForBlockDeletion(85)) - Chosen 0/5000 blocks from 0 candidate containers.
2023-12-18 19:17:25,208 [93699071-0d52-4ef3-adad-6b5a83f48fc5-BlockDeletingService#2] INFO  interfaces.ContainerDeletionChoosingPolicyTemplate (ContainerDeletionChoosingPolicyTemplate.java:chooseContainerForBlockDeletion(85)) - Chosen 0/5000 blocks from 0 candidate containers.
2023-12-18 19:17:25,289 [ded5b85a-ec0d-4a71-9db9-83b101b9c9ad-BlockDeletingService#6] INFO  interfaces.ContainerDeletionChoosingPolicyTemplate (ContainerDeletionChoosingPolicyTemplate.java:chooseContainerForBlockDeletion(85)) - Chosen 0/5000 blocks from 0 candidate containers.
2023-12-18 19:17:25,293 [089733a5-f6c3-45b8-9d3f-1c158e6a3dcf-BlockDeletingService#8] INFO  interfaces.ContainerDeletionChoosingPolicyTemplate (ContainerDeletionChoosingPolicyTemplate.java:chooseContainerForBlockDeletion(85)) - Chosen 0/5000 blocks from 0 candidate containers.
2023-12-18 19:17:25,308 [93699071-0d52-4ef3-adad-6b5a83f48fc5-BlockDeletingService#2] INFO  interfaces.ContainerDeletionChoosingPolicyTemplate (ContainerDeletionChoosingPolicyTemplate.java:chooseContainerForBlockDeletion(85)) - Chosen 0/5000 blocks from 0 candidate containers.
2023-12-18 19:17:25,316 [93699071-0d52-4ef3-adad-6b5a83f48fc5-server-thread1] INFO  server.RaftServer$Division (RaftServerImpl.java:setFirstElection(564)) - 93699071-0d52-4ef3-adad-6b5a83f48fc5@group-40B91FD49D0E: set firstElectionSinceStartup to false for appendEntries
2023-12-18 19:17:25,317 [93699071-0d52-4ef3-adad-6b5a83f48fc5-server-thread1] INFO  ratis.XceiverServerRatis (XceiverServerRatis.java:handleLeaderChangedNotification(935)) - Leader change notification received for group: group-40B91FD49D0E with new leaderId: 089733a5-f6c3-45b8-9d3f-1c158e6a3dcf
2023-12-18 19:17:25,317 [93699071-0d52-4ef3-adad-6b5a83f48fc5-server-thread1] INFO  server.RaftServer$Division (ServerState.java:setLeader(265)) - 93699071-0d52-4ef3-adad-6b5a83f48fc5@group-40B91FD49D0E: change Leader from null to 089733a5-f6c3-45b8-9d3f-1c158e6a3dcf at term 1 for appendEntries, leader elected after 5440ms
2023-12-18 19:17:25,317 [93699071-0d52-4ef3-adad-6b5a83f48fc5-server-thread1] INFO  server.RaftServer$Division (RaftServerImpl.java:checkInconsistentAppendEntries(1688)) - 93699071-0d52-4ef3-adad-6b5a83f48fc5@group-40B91FD49D0E: Failed appendEntries as previous log entry ((t:1, i:6)) is not found
2023-12-18 19:17:25,317 [93699071-0d52-4ef3-adad-6b5a83f48fc5-server-thread1] INFO  server.RaftServer$Division (RaftServerImpl.java:checkInconsistentAppendEntries(1658)) - 93699071-0d52-4ef3-adad-6b5a83f48fc5@group-40B91FD49D0E: inconsistency entries. Reply:089733a5-f6c3-45b8-9d3f-1c158e6a3dcf<-93699071-0d52-4ef3-adad-6b5a83f48fc5#3057:FAIL-t1,INCONSISTENCY,nextIndex=1,followerCommit=-1,matchIndex=-1
2023-12-18 19:17:25,319 [grpc-default-executor-0] WARN  server.GrpcLogAppender (GrpcLogAppender.java:onNextImpl(439)) - 089733a5-f6c3-45b8-9d3f-1c158e6a3dcf@group-40B91FD49D0E->93699071-0d52-4ef3-adad-6b5a83f48fc5-AppendLogResponseHandler: received INCONSISTENCY reply with nextIndex 1, request=AppendEntriesRequest:cid=3057,entriesCount=0
2023-12-18 19:17:25,320 [grpc-default-executor-0] INFO  leader.FollowerInfo (FollowerInfoImpl.java:info(70)) - 089733a5-f6c3-45b8-9d3f-1c158e6a3dcf@group-40B91FD49D0E->93699071-0d52-4ef3-adad-6b5a83f48fc5: setNextIndex nextIndex: updateUnconditionally 7 -> 1
2023-12-18 19:17:25,359 [93699071-0d52-4ef3-adad-6b5a83f48fc5-ContainerOp-97f79b5c-2b37-4d8f-9b11-40b91fd49d0e-2] INFO  keyvalue.KeyValueContainer (KeyValueContainer.java:flushAndSyncDB(522)) - Container 1 is synced with bcsId 2.
2023-12-18 19:17:25,359 [93699071-0d52-4ef3-adad-6b5a83f48fc5-ContainerOp-97f79b5c-2b37-4d8f-9b11-40b91fd49d0e-2] INFO  keyvalue.KeyValueContainer (KeyValueContainer.java:flushAndSyncDB(522)) - Container 1 is synced with bcsId 2.
2023-12-18 19:17:25,362 [93699071-0d52-4ef3-adad-6b5a83f48fc5-ContainerOp-97f79b5c-2b37-4d8f-9b11-40b91fd49d0e-2] INFO  keyvalue.KeyValueContainer (KeyValueContainer.java:close(437)) - Container 1 is closed with bcsId 2.
2023-12-18 19:17:25,390 [ded5b85a-ec0d-4a71-9db9-83b101b9c9ad-BlockDeletingService#6] INFO  interfaces.ContainerDeletionChoosingPolicyTemplate (ContainerDeletionChoosingPolicyTemplate.java:chooseContainerForBlockDeletion(85)) - Chosen 0/5000 blocks from 0 candidate containers.
2023-12-18 19:17:25,393 [089733a5-f6c3-45b8-9d3f-1c158e6a3dcf-BlockDeletingService#8] INFO  interfaces.ContainerDeletionChoosingPolicyTemplate (ContainerDeletionChoosingPolicyTemplate.java:chooseContainerForBlockDeletion(85)) - Chosen 0/5000 blocks from 0 candidate containers.
2023-12-18 19:17:25,408 [93699071-0d52-4ef3-adad-6b5a83f48fc5-BlockDeletingService#2] INFO  interfaces.ContainerDeletionChoosingPolicyTemplate (ContainerDeletionChoosingPolicyTemplate.java:chooseContainerForBlockDeletion(85)) - Chosen 0/5000 blocks from 0 candidate containers.
2023-12-18 19:17:25,490 [ded5b85a-ec0d-4a71-9db9-83b101b9c9ad-BlockDeletingService#6] INFO  interfaces.ContainerDeletionChoosingPolicyTemplate (ContainerDeletionChoosingPolicyTemplate.java:chooseContainerForBlockDeletion(85)) - Chosen 0/5000 blocks from 0 candidate containers.
2023-12-18 19:17:25,493 [089733a5-f6c3-45b8-9d3f-1c158e6a3dcf-BlockDeletingService#8] INFO  interfaces.ContainerDeletionChoosingPolicyTemplate (ContainerDeletionChoosingPolicyTemplate.java:chooseContainerForBlockDeletion(85)) - Chosen 0/5000 blocks from 0 candidate containers.
2023-12-18 19:17:25,508 [93699071-0d52-4ef3-adad-6b5a83f48fc5-BlockDeletingService#2] INFO  interfaces.ContainerDeletionChoosingPolicyTemplate (ContainerDeletionChoosingPolicyTemplate.java:chooseContainerForBlockDeletion(85)) - Chosen 0/5000 blocks from 0 candidate containers.
2023-12-18 19:17:25,590 [ded5b85a-ec0d-4a71-9db9-83b101b9c9ad-BlockDeletingService#6] INFO  interfaces.ContainerDeletionChoosingPolicyTemplate (ContainerDeletionChoosingPolicyTemplate.java:chooseContainerForBlockDeletion(85)) - Chosen 0/5000 blocks from 0 candidate containers.
2023-12-18 19:17:25,593 [089733a5-f6c3-45b8-9d3f-1c158e6a3dcf-BlockDeletingService#8] INFO  interfaces.ContainerDeletionChoosingPolicyTemplate (ContainerDeletionChoosingPolicyTemplate.java:chooseContainerForBlockDeletion(85)) - Chosen 0/5000 blocks from 0 candidate containers.
2023-12-18 19:17:25,609 [93699071-0d52-4ef3-adad-6b5a83f48fc5-BlockDeletingService#2] INFO  interfaces.ContainerDeletionChoosingPolicyTemplate (ContainerDeletionChoosingPolicyTemplate.java:chooseContainerForBlockDeletion(85)) - Chosen 0/5000 blocks from 0 candidate containers.
2023-12-18 19:17:25,690 [ded5b85a-ec0d-4a71-9db9-83b101b9c9ad-BlockDeletingService#6] INFO  interfaces.ContainerDeletionChoosingPolicyTemplate (ContainerDeletionChoosingPolicyTemplate.java:chooseContainerForBlockDeletion(85)) - Chosen 0/5000 blocks from 0 candidate containers.
2023-12-18 19:17:25,693 [089733a5-f6c3-45b8-9d3f-1c158e6a3dcf-BlockDeletingService#8] INFO  interfaces.ContainerDeletionChoosingPolicyTemplate (ContainerDeletionChoosingPolicyTemplate.java:chooseContainerForBlockDeletion(85)) - Chosen 0/5000 blocks from 0 candidate containers.
2023-12-18 19:17:25,709 [93699071-0d52-4ef3-adad-6b5a83f48fc5-BlockDeletingService#2] INFO  interfaces.ContainerDeletionChoosingPolicyTemplate (ContainerDeletionChoosingPolicyTemplate.java:chooseContainerForBlockDeletion(85)) - Chosen 0/5000 blocks from 0 candidate containers.
2023-12-18 19:17:25,790 [ded5b85a-ec0d-4a71-9db9-83b101b9c9ad-BlockDeletingService#6] INFO  interfaces.ContainerDeletionChoosingPolicyTemplate (ContainerDeletionChoosingPolicyTemplate.java:chooseContainerForBlockDeletion(85)) - Chosen 0/5000 blocks from 0 candidate containers.
2023-12-18 19:17:25,793 [089733a5-f6c3-45b8-9d3f-1c158e6a3dcf-BlockDeletingService#8] INFO  interfaces.ContainerDeletionChoosingPolicyTemplate (ContainerDeletionChoosingPolicyTemplate.java:chooseContainerForBlockDeletion(85)) - Chosen 0/5000 blocks from 0 candidate containers.
2023-12-18 19:17:25,809 [93699071-0d52-4ef3-adad-6b5a83f48fc5-BlockDeletingService#2] INFO  interfaces.ContainerDeletionChoosingPolicyTemplate (ContainerDeletionChoosingPolicyTemplate.java:chooseContainerForBlockDeletion(85)) - Chosen 0/5000 blocks from 0 candidate containers.
2023-12-18 19:17:25,890 [ded5b85a-ec0d-4a71-9db9-83b101b9c9ad-BlockDeletingService#6] INFO  interfaces.ContainerDeletionChoosingPolicyTemplate (ContainerDeletionChoosingPolicyTemplate.java:chooseContainerForBlockDeletion(85)) - Chosen 0/5000 blocks from 0 candidate containers.
2023-12-18 19:17:25,894 [089733a5-f6c3-45b8-9d3f-1c158e6a3dcf-BlockDeletingService#8] INFO  interfaces.ContainerDeletionChoosingPolicyTemplate (ContainerDeletionChoosingPolicyTemplate.java:chooseContainerForBlockDeletion(85)) - Chosen 0/5000 blocks from 0 candidate containers.
2023-12-18 19:17:25,909 [93699071-0d52-4ef3-adad-6b5a83f48fc5-BlockDeletingService#2] INFO  interfaces.ContainerDeletionChoosingPolicyTemplate (ContainerDeletionChoosingPolicyTemplate.java:chooseContainerForBlockDeletion(85)) - Chosen 0/5000 blocks from 0 candidate containers.
2023-12-18 19:17:25,990 [ded5b85a-ec0d-4a71-9db9-83b101b9c9ad-BlockDeletingService#6] INFO  interfaces.ContainerDeletionChoosingPolicyTemplate (ContainerDeletionChoosingPolicyTemplate.java:chooseContainerForBlockDeletion(85)) - Chosen 0/5000 blocks from 0 candidate containers.
2023-12-18 19:17:25,994 [089733a5-f6c3-45b8-9d3f-1c158e6a3dcf-BlockDeletingService#8] INFO  interfaces.ContainerDeletionChoosingPolicyTemplate (ContainerDeletionChoosingPolicyTemplate.java:chooseContainerForBlockDeletion(85)) - Chosen 0/5000 blocks from 0 candidate containers.
2023-12-18 19:17:26,009 [93699071-0d52-4ef3-adad-6b5a83f48fc5-BlockDeletingService#2] INFO  interfaces.ContainerDeletionChoosingPolicyTemplate (ContainerDeletionChoosingPolicyTemplate.java:chooseContainerForBlockDeletion(85)) - Chosen 0/5000 blocks from 0 candidate containers.
2023-12-18 19:17:26,091 [ded5b85a-ec0d-4a71-9db9-83b101b9c9ad-BlockDeletingService#6] INFO  interfaces.ContainerDeletionChoosingPolicyTemplate (ContainerDeletionChoosingPolicyTemplate.java:chooseContainerForBlockDeletion(85)) - Chosen 0/5000 blocks from 0 candidate containers.
2023-12-18 19:17:26,094 [089733a5-f6c3-45b8-9d3f-1c158e6a3dcf-BlockDeletingService#8] INFO  interfaces.ContainerDeletionChoosingPolicyTemplate (ContainerDeletionChoosingPolicyTemplate.java:chooseContainerForBlockDeletion(85)) - Chosen 0/5000 blocks from 0 candidate containers.
2023-12-18 19:17:26,109 [93699071-0d52-4ef3-adad-6b5a83f48fc5-BlockDeletingService#2] INFO  interfaces.ContainerDeletionChoosingPolicyTemplate (ContainerDeletionChoosingPolicyTemplate.java:chooseContainerForBlockDeletion(85)) - Chosen 0/5000 blocks from 0 candidate containers.
2023-12-18 19:17:26,191 [ded5b85a-ec0d-4a71-9db9-83b101b9c9ad-BlockDeletingService#6] INFO  interfaces.ContainerDeletionChoosingPolicyTemplate (ContainerDeletionChoosingPolicyTemplate.java:chooseContainerForBlockDeletion(85)) - Chosen 0/5000 blocks from 0 candidate containers.
2023-12-18 19:17:26,194 [089733a5-f6c3-45b8-9d3f-1c158e6a3dcf-BlockDeletingService#8] INFO  interfaces.ContainerDeletionChoosingPolicyTemplate (ContainerDeletionChoosingPolicyTemplate.java:chooseContainerForBlockDeletion(85)) - Chosen 0/5000 blocks from 0 candidate containers.
2023-12-18 19:17:26,209 [93699071-0d52-4ef3-adad-6b5a83f48fc5-BlockDeletingService#2] INFO  interfaces.ContainerDeletionChoosingPolicyTemplate (ContainerDeletionChoosingPolicyTemplate.java:chooseContainerForBlockDeletion(85)) - Chosen 0/5000 blocks from 0 candidate containers.
2023-12-18 19:17:26,291 [ded5b85a-ec0d-4a71-9db9-83b101b9c9ad-BlockDeletingService#6] INFO  interfaces.ContainerDeletionChoosingPolicyTemplate (ContainerDeletionChoosingPolicyTemplate.java:chooseContainerForBlockDeletion(85)) - Chosen 0/5000 blocks from 0 candidate containers.
2023-12-18 19:17:26,294 [089733a5-f6c3-45b8-9d3f-1c158e6a3dcf-BlockDeletingService#8] INFO  interfaces.ContainerDeletionChoosingPolicyTemplate (ContainerDeletionChoosingPolicyTemplate.java:chooseContainerForBlockDeletion(85)) - Chosen 0/5000 blocks from 0 candidate containers.
2023-12-18 19:17:26,310 [93699071-0d52-4ef3-adad-6b5a83f48fc5-BlockDeletingService#2] INFO  interfaces.ContainerDeletionChoosingPolicyTemplate (ContainerDeletionChoosingPolicyTemplate.java:chooseContainerForBlockDeletion(85)) - Chosen 0/5000 blocks from 0 candidate containers.
2023-12-18 19:17:26,391 [ded5b85a-ec0d-4a71-9db9-83b101b9c9ad-BlockDeletingService#6] INFO  interfaces.ContainerDeletionChoosingPolicyTemplate (ContainerDeletionChoosingPolicyTemplate.java:chooseContainerForBlockDeletion(85)) - Chosen 0/5000 blocks from 0 candidate containers.
2023-12-18 19:17:26,394 [089733a5-f6c3-45b8-9d3f-1c158e6a3dcf-BlockDeletingService#8] INFO  interfaces.ContainerDeletionChoosingPolicyTemplate (ContainerDeletionChoosingPolicyTemplate.java:chooseContainerForBlockDeletion(85)) - Chosen 0/5000 blocks from 0 candidate containers.
2023-12-18 19:17:26,410 [93699071-0d52-4ef3-adad-6b5a83f48fc5-BlockDeletingService#2] INFO  interfaces.ContainerDeletionChoosingPolicyTemplate (ContainerDeletionChoosingPolicyTemplate.java:chooseContainerForBlockDeletion(85)) - Chosen 0/5000 blocks from 0 candidate containers.
2023-12-18 19:17:26,491 [ded5b85a-ec0d-4a71-9db9-83b101b9c9ad-BlockDeletingService#6] INFO  interfaces.ContainerDeletionChoosingPolicyTemplate (ContainerDeletionChoosingPolicyTemplate.java:chooseContainerForBlockDeletion(85)) - Chosen 0/5000 blocks from 0 candidate containers.
2023-12-18 19:17:26,495 [089733a5-f6c3-45b8-9d3f-1c158e6a3dcf-BlockDeletingService#8] INFO  interfaces.ContainerDeletionChoosingPolicyTemplate (ContainerDeletionChoosingPolicyTemplate.java:chooseContainerForBlockDeletion(85)) - Chosen 0/5000 blocks from 0 candidate containers.
2023-12-18 19:17:26,510 [93699071-0d52-4ef3-adad-6b5a83f48fc5-BlockDeletingService#2] INFO  interfaces.ContainerDeletionChoosingPolicyTemplate (ContainerDeletionChoosingPolicyTemplate.java:chooseContainerForBlockDeletion(85)) - Chosen 0/5000 blocks from 0 candidate containers.
2023-12-18 19:17:26,591 [ded5b85a-ec0d-4a71-9db9-83b101b9c9ad-BlockDeletingService#6] INFO  interfaces.ContainerDeletionChoosingPolicyTemplate (ContainerDeletionChoosingPolicyTemplate.java:chooseContainerForBlockDeletion(85)) - Chosen 0/5000 blocks from 0 candidate containers.
2023-12-18 19:17:26,595 [089733a5-f6c3-45b8-9d3f-1c158e6a3dcf-BlockDeletingService#8] INFO  interfaces.ContainerDeletionChoosingPolicyTemplate (ContainerDeletionChoosingPolicyTemplate.java:chooseContainerForBlockDeletion(85)) - Chosen 0/5000 blocks from 0 candidate containers.
2023-12-18 19:17:26,610 [93699071-0d52-4ef3-adad-6b5a83f48fc5-BlockDeletingService#2] INFO  interfaces.ContainerDeletionChoosingPolicyTemplate (ContainerDeletionChoosingPolicyTemplate.java:chooseContainerForBlockDeletion(85)) - Chosen 0/5000 blocks from 0 candidate containers.
2023-12-18 19:17:26,692 [ded5b85a-ec0d-4a71-9db9-83b101b9c9ad-BlockDeletingService#6] INFO  interfaces.ContainerDeletionChoosingPolicyTemplate (ContainerDeletionChoosingPolicyTemplate.java:chooseContainerForBlockDeletion(85)) - Chosen 0/5000 blocks from 0 candidate containers.
2023-12-18 19:17:26,695 [089733a5-f6c3-45b8-9d3f-1c158e6a3dcf-BlockDeletingService#8] INFO  interfaces.ContainerDeletionChoosingPolicyTemplate (ContainerDeletionChoosingPolicyTemplate.java:chooseContainerForBlockDeletion(85)) - Chosen 0/5000 blocks from 0 candidate containers.
2023-12-18 19:17:26,711 [93699071-0d52-4ef3-adad-6b5a83f48fc5-BlockDeletingService#2] INFO  interfaces.ContainerDeletionChoosingPolicyTemplate (ContainerDeletionChoosingPolicyTemplate.java:chooseContainerForBlockDeletion(85)) - Chosen 0/5000 blocks from 0 candidate containers.
2023-12-18 19:17:26,792 [ded5b85a-ec0d-4a71-9db9-83b101b9c9ad-BlockDeletingService#6] INFO  interfaces.ContainerDeletionChoosingPolicyTemplate (ContainerDeletionChoosingPolicyTemplate.java:chooseContainerForBlockDeletion(85)) - Chosen 0/5000 blocks from 0 candidate containers.
2023-12-18 19:17:26,795 [089733a5-f6c3-45b8-9d3f-1c158e6a3dcf-BlockDeletingService#8] INFO  interfaces.ContainerDeletionChoosingPolicyTemplate (ContainerDeletionChoosingPolicyTemplate.java:chooseContainerForBlockDeletion(85)) - Chosen 0/5000 blocks from 0 candidate containers.
2023-12-18 19:17:26,811 [93699071-0d52-4ef3-adad-6b5a83f48fc5-BlockDeletingService#2] INFO  interfaces.ContainerDeletionChoosingPolicyTemplate (ContainerDeletionChoosingPolicyTemplate.java:chooseContainerForBlockDeletion(85)) - Chosen 0/5000 blocks from 0 candidate containers.
2023-12-18 19:17:26,892 [ded5b85a-ec0d-4a71-9db9-83b101b9c9ad-BlockDeletingService#6] INFO  interfaces.ContainerDeletionChoosingPolicyTemplate (ContainerDeletionChoosingPolicyTemplate.java:chooseContainerForBlockDeletion(85)) - Chosen 0/5000 blocks from 0 candidate containers.
2023-12-18 19:17:26,895 [089733a5-f6c3-45b8-9d3f-1c158e6a3dcf-BlockDeletingService#8] INFO  interfaces.ContainerDeletionChoosingPolicyTemplate (ContainerDeletionChoosingPolicyTemplate.java:chooseContainerForBlockDeletion(85)) - Chosen 0/5000 blocks from 0 candidate containers.
2023-12-18 19:17:26,911 [93699071-0d52-4ef3-adad-6b5a83f48fc5-BlockDeletingService#2] INFO  interfaces.ContainerDeletionChoosingPolicyTemplate (ContainerDeletionChoosingPolicyTemplate.java:chooseContainerForBlockDeletion(85)) - Chosen 0/5000 blocks from 0 candidate containers.
2023-12-18 19:17:26,992 [ded5b85a-ec0d-4a71-9db9-83b101b9c9ad-BlockDeletingService#6] INFO  interfaces.ContainerDeletionChoosingPolicyTemplate (ContainerDeletionChoosingPolicyTemplate.java:chooseContainerForBlockDeletion(85)) - Chosen 0/5000 blocks from 0 candidate containers.
2023-12-18 19:17:26,995 [089733a5-f6c3-45b8-9d3f-1c158e6a3dcf-BlockDeletingService#8] INFO  interfaces.ContainerDeletionChoosingPolicyTemplate (ContainerDeletionChoosingPolicyTemplate.java:chooseContainerForBlockDeletion(85)) - Chosen 0/5000 blocks from 0 candidate containers.
2023-12-18 19:17:27,011 [93699071-0d52-4ef3-adad-6b5a83f48fc5-BlockDeletingService#2] INFO  interfaces.ContainerDeletionChoosingPolicyTemplate (ContainerDeletionChoosingPolicyTemplate.java:chooseContainerForBlockDeletion(85)) - Chosen 0/5000 blocks from 0 candidate containers.
2023-12-18 19:17:27,092 [ded5b85a-ec0d-4a71-9db9-83b101b9c9ad-BlockDeletingService#6] INFO  interfaces.ContainerDeletionChoosingPolicyTemplate (ContainerDeletionChoosingPolicyTemplate.java:chooseContainerForBlockDeletion(85)) - Chosen 0/5000 blocks from 0 candidate containers.
2023-12-18 19:17:27,095 [089733a5-f6c3-45b8-9d3f-1c158e6a3dcf-BlockDeletingService#8] INFO  interfaces.ContainerDeletionChoosingPolicyTemplate (ContainerDeletionChoosingPolicyTemplate.java:chooseContainerForBlockDeletion(85)) - Chosen 0/5000 blocks from 0 candidate containers.
2023-12-18 19:17:27,111 [93699071-0d52-4ef3-adad-6b5a83f48fc5-BlockDeletingService#2] INFO  interfaces.ContainerDeletionChoosingPolicyTemplate (ContainerDeletionChoosingPolicyTemplate.java:chooseContainerForBlockDeletion(85)) - Chosen 0/5000 blocks from 0 candidate containers.
2023-12-18 19:17:27,144 [93699071-0d52-4ef3-adad-6b5a83f48fc5@group-B54A14C830B8-FollowerState] INFO  impl.FollowerState (FollowerState.java:run(143)) - 93699071-0d52-4ef3-adad-6b5a83f48fc5@group-B54A14C830B8-FollowerState: change to CANDIDATE, lastRpcElapsedTime:5154534241ns, electionTimeout:5153ms
2023-12-18 19:17:27,144 [93699071-0d52-4ef3-adad-6b5a83f48fc5@group-B54A14C830B8-FollowerState] INFO  impl.RoleInfo (RoleInfo.java:shutdownFollowerState(110)) - 93699071-0d52-4ef3-adad-6b5a83f48fc5: shutdown 93699071-0d52-4ef3-adad-6b5a83f48fc5@group-B54A14C830B8-FollowerState
2023-12-18 19:17:27,144 [93699071-0d52-4ef3-adad-6b5a83f48fc5@group-B54A14C830B8-FollowerState] INFO  server.RaftServer$Division (RaftServerImpl.java:setRole(379)) - 93699071-0d52-4ef3-adad-6b5a83f48fc5@group-B54A14C830B8: changes role from  FOLLOWER to CANDIDATE at term 1 for changeToCandidate
2023-12-18 19:17:27,145 [93699071-0d52-4ef3-adad-6b5a83f48fc5@group-B54A14C830B8-FollowerState] INFO  server.RaftServerConfigKeys (ConfUtils.java:logGet(46)) - raft.server.leaderelection.pre-vote = true (default)
2023-12-18 19:17:27,145 [93699071-0d52-4ef3-adad-6b5a83f48fc5@group-B54A14C830B8-FollowerState] INFO  impl.RoleInfo (RoleInfo.java:updateAndGet(139)) - 93699071-0d52-4ef3-adad-6b5a83f48fc5: start 93699071-0d52-4ef3-adad-6b5a83f48fc5@group-B54A14C830B8-LeaderElection7
2023-12-18 19:17:27,146 [93699071-0d52-4ef3-adad-6b5a83f48fc5@group-B54A14C830B8-LeaderElection7] INFO  impl.LeaderElection (LeaderElection.java:askForVotes(323)) - 93699071-0d52-4ef3-adad-6b5a83f48fc5@group-B54A14C830B8-LeaderElection7 PRE_VOTE round 0: submit vote requests at term 1 for 0: peers:[93699071-0d52-4ef3-adad-6b5a83f48fc5|10.1.0.24:15032]|listeners:[], old=null
2023-12-18 19:17:27,146 [93699071-0d52-4ef3-adad-6b5a83f48fc5@group-B54A14C830B8-LeaderElection7] INFO  impl.LeaderElection (LeaderElection.java:askForVotes(325)) - 93699071-0d52-4ef3-adad-6b5a83f48fc5@group-B54A14C830B8-LeaderElection7 PRE_VOTE round 0: result PASSED (term=1)
2023-12-18 19:17:27,147 [93699071-0d52-4ef3-adad-6b5a83f48fc5@group-B54A14C830B8-LeaderElection7] INFO  impl.LeaderElection (LeaderElection.java:askForVotes(323)) - 93699071-0d52-4ef3-adad-6b5a83f48fc5@group-B54A14C830B8-LeaderElection7 ELECTION round 0: submit vote requests at term 2 for 0: peers:[93699071-0d52-4ef3-adad-6b5a83f48fc5|10.1.0.24:15032]|listeners:[], old=null
2023-12-18 19:17:27,147 [93699071-0d52-4ef3-adad-6b5a83f48fc5@group-B54A14C830B8-LeaderElection7] INFO  impl.LeaderElection (LeaderElection.java:askForVotes(325)) - 93699071-0d52-4ef3-adad-6b5a83f48fc5@group-B54A14C830B8-LeaderElection7 ELECTION round 0: result PASSED (term=2)
2023-12-18 19:17:27,147 [93699071-0d52-4ef3-adad-6b5a83f48fc5@group-B54A14C830B8-LeaderElection7] INFO  impl.RoleInfo (RoleInfo.java:shutdownLeaderElection(130)) - 93699071-0d52-4ef3-adad-6b5a83f48fc5: shutdown 93699071-0d52-4ef3-adad-6b5a83f48fc5@group-B54A14C830B8-LeaderElection7
2023-12-18 19:17:27,147 [93699071-0d52-4ef3-adad-6b5a83f48fc5@group-B54A14C830B8-LeaderElection7] INFO  server.RaftServer$Division (RaftServerImpl.java:setRole(379)) - 93699071-0d52-4ef3-adad-6b5a83f48fc5@group-B54A14C830B8: changes role from CANDIDATE to LEADER at term 2 for changeToLeader
2023-12-18 19:17:27,147 [93699071-0d52-4ef3-adad-6b5a83f48fc5@group-B54A14C830B8-LeaderElection7] INFO  server.RaftServerConfigKeys (ConfUtils.java:logGet(46)) - raft.server.staging.catchup.gap = 1000 (default)
2023-12-18 19:17:27,148 [93699071-0d52-4ef3-adad-6b5a83f48fc5@group-B54A14C830B8-LeaderElection7] INFO  server.RaftServerConfigKeys (ConfUtils.java:logGet(46)) - raft.server.write.element-limit = 1024 (custom)
2023-12-18 19:17:27,148 [93699071-0d52-4ef3-adad-6b5a83f48fc5@group-B54A14C830B8-LeaderElection7] INFO  server.RaftServerConfigKeys (ConfUtils.java:logGet(46)) - raft.server.write.byte-limit = 1024 M (=1073741824) (custom)
2023-12-18 19:17:27,148 [93699071-0d52-4ef3-adad-6b5a83f48fc5@group-B54A14C830B8-LeaderElection7] INFO  server.RaftServerConfigKeys (ConfUtils.java:logGet(46)) - raft.server.watch.timeout = 3000ms (custom)
2023-12-18 19:17:27,148 [93699071-0d52-4ef3-adad-6b5a83f48fc5@group-B54A14C830B8-LeaderElection7] INFO  server.RaftServerConfigKeys (ConfUtils.java:logGet(46)) - raft.server.watch.timeout.denomination = 1s (default)
2023-12-18 19:17:27,148 [93699071-0d52-4ef3-adad-6b5a83f48fc5@group-B54A14C830B8-LeaderElection7] INFO  server.RaftServerConfigKeys (ConfUtils.java:logGet(46)) - raft.server.watch.element-limit = 65536 (default)
2023-12-18 19:17:27,148 [93699071-0d52-4ef3-adad-6b5a83f48fc5@group-B54A14C830B8-LeaderElection7] INFO  server.RaftServerConfigKeys (ConfUtils.java:logGet(46)) - raft.server.read.leader.lease.enabled = false (default)
2023-12-18 19:17:27,148 [93699071-0d52-4ef3-adad-6b5a83f48fc5@group-B54A14C830B8-LeaderElection7] INFO  server.RaftServerConfigKeys (ConfUtils.java:logGet(46)) - raft.server.read.leader.lease.timeout.ratio = 0.9 (default)
2023-12-18 19:17:27,148 [93699071-0d52-4ef3-adad-6b5a83f48fc5@group-B54A14C830B8-LeaderElection7] INFO  server.RaftServerConfigKeys (ConfUtils.java:logGet(46)) - raft.server.rpc.timeout.min = 5s (custom)
2023-12-18 19:17:27,148 [93699071-0d52-4ef3-adad-6b5a83f48fc5@group-B54A14C830B8-LeaderElection7] INFO  server.RaftServerConfigKeys (ConfUtils.java:logGet(46)) - raft.server.write.element-limit = 1024 (custom)
2023-12-18 19:17:27,148 [93699071-0d52-4ef3-adad-6b5a83f48fc5@group-B54A14C830B8-LeaderElection7] INFO  server.RaftServerConfigKeys (ConfUtils.java:logGet(46)) - raft.server.write.follower.gap.ratio.max = -1.0 (default)
2023-12-18 19:17:27,149 [93699071-0d52-4ef3-adad-6b5a83f48fc5@group-B54A14C830B8-LeaderElection7] INFO  impl.RoleInfo (RoleInfo.java:updateAndGet(139)) - 93699071-0d52-4ef3-adad-6b5a83f48fc5: start 93699071-0d52-4ef3-adad-6b5a83f48fc5@group-B54A14C830B8-LeaderStateImpl
2023-12-18 19:17:27,149 [93699071-0d52-4ef3-adad-6b5a83f48fc5@group-B54A14C830B8-LeaderElection7] INFO  server.RaftServer$Division (RaftServerImpl.java:setFirstElection(564)) - 93699071-0d52-4ef3-adad-6b5a83f48fc5@group-B54A14C830B8: set firstElectionSinceStartup to false for becomeLeader
2023-12-18 19:17:27,149 [93699071-0d52-4ef3-adad-6b5a83f48fc5@group-B54A14C830B8-LeaderElection7] INFO  ratis.XceiverServerRatis (XceiverServerRatis.java:handleLeaderChangedNotification(935)) - Leader change notification received for group: group-B54A14C830B8 with new leaderId: 93699071-0d52-4ef3-adad-6b5a83f48fc5
2023-12-18 19:17:27,149 [93699071-0d52-4ef3-adad-6b5a83f48fc5@group-B54A14C830B8-LeaderElection7] INFO  server.RaftServer$Division (ServerState.java:setLeader(265)) - 93699071-0d52-4ef3-adad-6b5a83f48fc5@group-B54A14C830B8: change Leader from null to 93699071-0d52-4ef3-adad-6b5a83f48fc5 at term 2 for becomeLeader, leader elected after 7263ms
2023-12-18 19:17:27,150 [93699071-0d52-4ef3-adad-6b5a83f48fc5@group-B54A14C830B8-LeaderElection7] INFO  segmented.SegmentedRaftLogWorker (SegmentedRaftLogWorker.java:rollLogSegment(433)) - 93699071-0d52-4ef3-adad-6b5a83f48fc5@group-B54A14C830B8-SegmentedRaftLogWorker: Rolling segment log-0_0 to index:0
2023-12-18 19:17:27,150 [93699071-0d52-4ef3-adad-6b5a83f48fc5@group-B54A14C830B8-LeaderElection7] INFO  server.RaftServer$Division (ServerState.java:setRaftConf(382)) - 93699071-0d52-4ef3-adad-6b5a83f48fc5@group-B54A14C830B8: set configuration 1: peers:[93699071-0d52-4ef3-adad-6b5a83f48fc5|10.1.0.24:15032]|listeners:[], old=null
2023-12-18 19:17:27,152 [93699071-0d52-4ef3-adad-6b5a83f48fc5@group-B54A14C830B8-SegmentedRaftLogWorker] INFO  segmented.SegmentedRaftLogWorker (SegmentedRaftLogWorker.java:execute(589)) - 93699071-0d52-4ef3-adad-6b5a83f48fc5@group-B54A14C830B8-SegmentedRaftLogWorker: Rolled log segment from /home/runner/work/ozone/ozone/hadoop-ozone/integration-test/target/test-dir/MiniOzoneClusterImpl-15bbe3be-e687-4529-b164-2adc82dffbd7/datanode-2/data/ratis/95d442ec-00fb-43e2-be7d-b54a14c830b8/current/log_inprogress_0 to /home/runner/work/ozone/ozone/hadoop-ozone/integration-test/target/test-dir/MiniOzoneClusterImpl-15bbe3be-e687-4529-b164-2adc82dffbd7/datanode-2/data/ratis/95d442ec-00fb-43e2-be7d-b54a14c830b8/current/log_0-0
2023-12-18 19:17:27,158 [93699071-0d52-4ef3-adad-6b5a83f48fc5@group-B54A14C830B8-SegmentedRaftLogWorker] INFO  segmented.SegmentedRaftLogWorker (SegmentedRaftLogWorker.java:execute(632)) - 93699071-0d52-4ef3-adad-6b5a83f48fc5@group-B54A14C830B8-SegmentedRaftLogWorker: created new log segment /home/runner/work/ozone/ozone/hadoop-ozone/integration-test/target/test-dir/MiniOzoneClusterImpl-15bbe3be-e687-4529-b164-2adc82dffbd7/datanode-2/data/ratis/95d442ec-00fb-43e2-be7d-b54a14c830b8/current/log_inprogress_1
2023-12-18 19:17:27,159 [93699071-0d52-4ef3-adad-6b5a83f48fc5@group-B54A14C830B8-StateMachineUpdater] INFO  server.RaftServer$Division (LeaderStateImpl.java:isApplied(316)) - leader is ready since appliedIndex == 1 >= startIndex == 1
2023-12-18 19:17:27,192 [ded5b85a-ec0d-4a71-9db9-83b101b9c9ad-BlockDeletingService#6] INFO  interfaces.ContainerDeletionChoosingPolicyTemplate (ContainerDeletionChoosingPolicyTemplate.java:chooseContainerForBlockDeletion(85)) - Chosen 0/5000 blocks from 0 candidate containers.
2023-12-18 19:17:27,196 [089733a5-f6c3-45b8-9d3f-1c158e6a3dcf-BlockDeletingService#8] INFO  interfaces.ContainerDeletionChoosingPolicyTemplate (ContainerDeletionChoosingPolicyTemplate.java:chooseContainerForBlockDeletion(85)) - Chosen 0/5000 blocks from 0 candidate containers.
2023-12-18 19:17:27,211 [93699071-0d52-4ef3-adad-6b5a83f48fc5-BlockDeletingService#2] INFO  interfaces.ContainerDeletionChoosingPolicyTemplate (ContainerDeletionChoosingPolicyTemplate.java:chooseContainerForBlockDeletion(85)) - Chosen 0/5000 blocks from 0 candidate containers.
2023-12-18 19:17:27,293 [ded5b85a-ec0d-4a71-9db9-83b101b9c9ad-BlockDeletingService#6] INFO  interfaces.ContainerDeletionChoosingPolicyTemplate (ContainerDeletionChoosingPolicyTemplate.java:chooseContainerForBlockDeletion(85)) - Chosen 0/5000 blocks from 0 candidate containers.
2023-12-18 19:17:27,296 [089733a5-f6c3-45b8-9d3f-1c158e6a3dcf-BlockDeletingService#8] INFO  interfaces.ContainerDeletionChoosingPolicyTemplate (ContainerDeletionChoosingPolicyTemplate.java:chooseContainerForBlockDeletion(85)) - Chosen 0/5000 blocks from 0 candidate containers.
2023-12-18 19:17:27,311 [93699071-0d52-4ef3-adad-6b5a83f48fc5-BlockDeletingService#2] INFO  interfaces.ContainerDeletionChoosingPolicyTemplate (ContainerDeletionChoosingPolicyTemplate.java:chooseContainerForBlockDeletion(85)) - Chosen 0/5000 blocks from 0 candidate containers.
2023-12-18 19:17:27,393 [ded5b85a-ec0d-4a71-9db9-83b101b9c9ad-BlockDeletingService#6] INFO  interfaces.ContainerDeletionChoosingPolicyTemplate (ContainerDeletionChoosingPolicyTemplate.java:chooseContainerForBlockDeletion(85)) - Chosen 0/5000 blocks from 0 candidate containers.
2023-12-18 19:17:27,396 [089733a5-f6c3-45b8-9d3f-1c158e6a3dcf-BlockDeletingService#8] INFO  interfaces.ContainerDeletionChoosingPolicyTemplate (ContainerDeletionChoosingPolicyTemplate.java:chooseContainerForBlockDeletion(85)) - Chosen 0/5000 blocks from 0 candidate containers.
2023-12-18 19:17:27,412 [93699071-0d52-4ef3-adad-6b5a83f48fc5-BlockDeletingService#2] INFO  interfaces.ContainerDeletionChoosingPolicyTemplate (ContainerDeletionChoosingPolicyTemplate.java:chooseContainerForBlockDeletion(85)) - Chosen 0/5000 blocks from 0 candidate containers.
2023-12-18 19:17:27,493 [ded5b85a-ec0d-4a71-9db9-83b101b9c9ad-BlockDeletingService#6] INFO  interfaces.ContainerDeletionChoosingPolicyTemplate (ContainerDeletionChoosingPolicyTemplate.java:chooseContainerForBlockDeletion(85)) - Chosen 0/5000 blocks from 0 candidate containers.
2023-12-18 19:17:27,496 [089733a5-f6c3-45b8-9d3f-1c158e6a3dcf-BlockDeletingService#8] INFO  interfaces.ContainerDeletionChoosingPolicyTemplate (ContainerDeletionChoosingPolicyTemplate.java:chooseContainerForBlockDeletion(85)) - Chosen 0/5000 blocks from 0 candidate containers.
2023-12-18 19:17:27,512 [93699071-0d52-4ef3-adad-6b5a83f48fc5-BlockDeletingService#2] INFO  interfaces.ContainerDeletionChoosingPolicyTemplate (ContainerDeletionChoosingPolicyTemplate.java:chooseContainerForBlockDeletion(85)) - Chosen 0/5000 blocks from 0 candidate containers.
2023-12-18 19:17:27,593 [ded5b85a-ec0d-4a71-9db9-83b101b9c9ad-BlockDeletingService#6] INFO  interfaces.ContainerDeletionChoosingPolicyTemplate (ContainerDeletionChoosingPolicyTemplate.java:chooseContainerForBlockDeletion(85)) - Chosen 0/5000 blocks from 0 candidate containers.
2023-12-18 19:17:27,596 [089733a5-f6c3-45b8-9d3f-1c158e6a3dcf-BlockDeletingService#8] INFO  interfaces.ContainerDeletionChoosingPolicyTemplate (ContainerDeletionChoosingPolicyTemplate.java:chooseContainerForBlockDeletion(85)) - Chosen 0/5000 blocks from 0 candidate containers.
2023-12-18 19:17:27,612 [93699071-0d52-4ef3-adad-6b5a83f48fc5-BlockDeletingService#2] INFO  interfaces.ContainerDeletionChoosingPolicyTemplate (ContainerDeletionChoosingPolicyTemplate.java:chooseContainerForBlockDeletion(85)) - Chosen 0/5000 blocks from 0 candidate containers.
2023-12-18 19:17:27,693 [ded5b85a-ec0d-4a71-9db9-83b101b9c9ad-BlockDeletingService#6] INFO  interfaces.ContainerDeletionChoosingPolicyTemplate (ContainerDeletionChoosingPolicyTemplate.java:chooseContainerForBlockDeletion(85)) - Chosen 0/5000 blocks from 0 candidate containers.
2023-12-18 19:17:27,696 [089733a5-f6c3-45b8-9d3f-1c158e6a3dcf-BlockDeletingService#8] INFO  interfaces.ContainerDeletionChoosingPolicyTemplate (ContainerDeletionChoosingPolicyTemplate.java:chooseContainerForBlockDeletion(85)) - Chosen 0/5000 blocks from 0 candidate containers.
2023-12-18 19:17:27,712 [93699071-0d52-4ef3-adad-6b5a83f48fc5-BlockDeletingService#2] INFO  interfaces.ContainerDeletionChoosingPolicyTemplate (ContainerDeletionChoosingPolicyTemplate.java:chooseContainerForBlockDeletion(85)) - Chosen 0/5000 blocks from 0 candidate containers.
2023-12-18 19:17:27,793 [ded5b85a-ec0d-4a71-9db9-83b101b9c9ad-BlockDeletingService#6] INFO  interfaces.ContainerDeletionChoosingPolicyTemplate (ContainerDeletionChoosingPolicyTemplate.java:chooseContainerForBlockDeletion(85)) - Chosen 0/5000 blocks from 0 candidate containers.
2023-12-18 19:17:27,796 [089733a5-f6c3-45b8-9d3f-1c158e6a3dcf-BlockDeletingService#8] INFO  interfaces.ContainerDeletionChoosingPolicyTemplate (ContainerDeletionChoosingPolicyTemplate.java:chooseContainerForBlockDeletion(85)) - Chosen 0/5000 blocks from 0 candidate containers.
2023-12-18 19:17:27,812 [93699071-0d52-4ef3-adad-6b5a83f48fc5-BlockDeletingService#2] INFO  interfaces.ContainerDeletionChoosingPolicyTemplate (ContainerDeletionChoosingPolicyTemplate.java:chooseContainerForBlockDeletion(85)) - Chosen 0/5000 blocks from 0 candidate containers.
2023-12-18 19:17:27,894 [ded5b85a-ec0d-4a71-9db9-83b101b9c9ad-BlockDeletingService#6] INFO  interfaces.ContainerDeletionChoosingPolicyTemplate (ContainerDeletionChoosingPolicyTemplate.java:chooseContainerForBlockDeletion(85)) - Chosen 0/5000 blocks from 0 candidate containers.
2023-12-18 19:17:27,897 [089733a5-f6c3-45b8-9d3f-1c158e6a3dcf-BlockDeletingService#8] INFO  interfaces.ContainerDeletionChoosingPolicyTemplate (ContainerDeletionChoosingPolicyTemplate.java:chooseContainerForBlockDeletion(85)) - Chosen 0/5000 blocks from 0 candidate containers.
2023-12-18 19:17:27,912 [93699071-0d52-4ef3-adad-6b5a83f48fc5-BlockDeletingService#2] INFO  interfaces.ContainerDeletionChoosingPolicyTemplate (ContainerDeletionChoosingPolicyTemplate.java:chooseContainerForBlockDeletion(85)) - Chosen 0/5000 blocks from 0 candidate containers.
2023-12-18 19:17:27,994 [ded5b85a-ec0d-4a71-9db9-83b101b9c9ad-BlockDeletingService#6] INFO  interfaces.ContainerDeletionChoosingPolicyTemplate (ContainerDeletionChoosingPolicyTemplate.java:chooseContainerForBlockDeletion(85)) - Chosen 0/5000 blocks from 0 candidate containers.
2023-12-18 19:17:27,997 [089733a5-f6c3-45b8-9d3f-1c158e6a3dcf-BlockDeletingService#8] INFO  interfaces.ContainerDeletionChoosingPolicyTemplate (ContainerDeletionChoosingPolicyTemplate.java:chooseContainerForBlockDeletion(85)) - Chosen 0/5000 blocks from 0 candidate containers.
2023-12-18 19:17:28,012 [93699071-0d52-4ef3-adad-6b5a83f48fc5-BlockDeletingService#2] INFO  interfaces.ContainerDeletionChoosingPolicyTemplate (ContainerDeletionChoosingPolicyTemplate.java:chooseContainerForBlockDeletion(85)) - Chosen 0/5000 blocks from 0 candidate containers.
2023-12-18 19:17:28,094 [ded5b85a-ec0d-4a71-9db9-83b101b9c9ad-BlockDeletingService#6] INFO  interfaces.ContainerDeletionChoosingPolicyTemplate (ContainerDeletionChoosingPolicyTemplate.java:chooseContainerForBlockDeletion(85)) - Chosen 0/5000 blocks from 0 candidate containers.
2023-12-18 19:17:28,097 [089733a5-f6c3-45b8-9d3f-1c158e6a3dcf-BlockDeletingService#8] INFO  interfaces.ContainerDeletionChoosingPolicyTemplate (ContainerDeletionChoosingPolicyTemplate.java:chooseContainerForBlockDeletion(85)) - Chosen 0/5000 blocks from 0 candidate containers.
2023-12-18 19:17:28,112 [93699071-0d52-4ef3-adad-6b5a83f48fc5-BlockDeletingService#2] INFO  interfaces.ContainerDeletionChoosingPolicyTemplate (ContainerDeletionChoosingPolicyTemplate.java:chooseContainerForBlockDeletion(85)) - Chosen 0/5000 blocks from 0 candidate containers.
2023-12-18 19:17:28,194 [ded5b85a-ec0d-4a71-9db9-83b101b9c9ad-BlockDeletingService#6] INFO  interfaces.ContainerDeletionChoosingPolicyTemplate (ContainerDeletionChoosingPolicyTemplate.java:chooseContainerForBlockDeletion(85)) - Chosen 0/5000 blocks from 0 candidate containers.
2023-12-18 19:17:28,197 [089733a5-f6c3-45b8-9d3f-1c158e6a3dcf-BlockDeletingService#8] INFO  interfaces.ContainerDeletionChoosingPolicyTemplate (ContainerDeletionChoosingPolicyTemplate.java:chooseContainerForBlockDeletion(85)) - Chosen 0/5000 blocks from 0 candidate containers.
2023-12-18 19:17:28,213 [93699071-0d52-4ef3-adad-6b5a83f48fc5-BlockDeletingService#2] INFO  interfaces.ContainerDeletionChoosingPolicyTemplate (ContainerDeletionChoosingPolicyTemplate.java:chooseContainerForBlockDeletion(85)) - Chosen 0/5000 blocks from 0 candidate containers.
2023-12-18 19:17:28,294 [ded5b85a-ec0d-4a71-9db9-83b101b9c9ad-BlockDeletingService#6] INFO  interfaces.ContainerDeletionChoosingPolicyTemplate (ContainerDeletionChoosingPolicyTemplate.java:chooseContainerForBlockDeletion(85)) - Chosen 0/5000 blocks from 0 candidate containers.
2023-12-18 19:17:28,297 [089733a5-f6c3-45b8-9d3f-1c158e6a3dcf-BlockDeletingService#8] INFO  interfaces.ContainerDeletionChoosingPolicyTemplate (ContainerDeletionChoosingPolicyTemplate.java:chooseContainerForBlockDeletion(85)) - Chosen 0/5000 blocks from 0 candidate containers.
2023-12-18 19:17:28,313 [93699071-0d52-4ef3-adad-6b5a83f48fc5-BlockDeletingService#2] INFO  interfaces.ContainerDeletionChoosingPolicyTemplate (ContainerDeletionChoosingPolicyTemplate.java:chooseContainerForBlockDeletion(85)) - Chosen 0/5000 blocks from 0 candidate containers.
2023-12-18 19:17:28,394 [ded5b85a-ec0d-4a71-9db9-83b101b9c9ad-BlockDeletingService#6] INFO  interfaces.ContainerDeletionChoosingPolicyTemplate (ContainerDeletionChoosingPolicyTemplate.java:chooseContainerForBlockDeletion(85)) - Chosen 0/5000 blocks from 0 candidate containers.
2023-12-18 19:17:28,397 [089733a5-f6c3-45b8-9d3f-1c158e6a3dcf-BlockDeletingService#8] INFO  interfaces.ContainerDeletionChoosingPolicyTemplate (ContainerDeletionChoosingPolicyTemplate.java:chooseContainerForBlockDeletion(85)) - Chosen 0/5000 blocks from 0 candidate containers.
2023-12-18 19:17:28,413 [93699071-0d52-4ef3-adad-6b5a83f48fc5-BlockDeletingService#2] INFO  interfaces.ContainerDeletionChoosingPolicyTemplate (ContainerDeletionChoosingPolicyTemplate.java:chooseContainerForBlockDeletion(85)) - Chosen 0/5000 blocks from 0 candidate containers.
2023-12-18 19:17:28,495 [ded5b85a-ec0d-4a71-9db9-83b101b9c9ad-BlockDeletingService#6] INFO  interfaces.ContainerDeletionChoosingPolicyTemplate (ContainerDeletionChoosingPolicyTemplate.java:chooseContainerForBlockDeletion(85)) - Chosen 0/5000 blocks from 0 candidate containers.
2023-12-18 19:17:28,497 [089733a5-f6c3-45b8-9d3f-1c158e6a3dcf-BlockDeletingService#8] INFO  interfaces.ContainerDeletionChoosingPolicyTemplate (ContainerDeletionChoosingPolicyTemplate.java:chooseContainerForBlockDeletion(85)) - Chosen 0/5000 blocks from 0 candidate containers.
2023-12-18 19:17:28,513 [93699071-0d52-4ef3-adad-6b5a83f48fc5-BlockDeletingService#2] INFO  interfaces.ContainerDeletionChoosingPolicyTemplate (ContainerDeletionChoosingPolicyTemplate.java:chooseContainerForBlockDeletion(85)) - Chosen 0/5000 blocks from 0 candidate containers.
2023-12-18 19:17:28,595 [ded5b85a-ec0d-4a71-9db9-83b101b9c9ad-BlockDeletingService#6] INFO  interfaces.ContainerDeletionChoosingPolicyTemplate (ContainerDeletionChoosingPolicyTemplate.java:chooseContainerForBlockDeletion(85)) - Chosen 0/5000 blocks from 0 candidate containers.
2023-12-18 19:17:28,598 [089733a5-f6c3-45b8-9d3f-1c158e6a3dcf-BlockDeletingService#8] INFO  interfaces.ContainerDeletionChoosingPolicyTemplate (ContainerDeletionChoosingPolicyTemplate.java:chooseContainerForBlockDeletion(85)) - Chosen 0/5000 blocks from 0 candidate containers.
2023-12-18 19:17:28,613 [93699071-0d52-4ef3-adad-6b5a83f48fc5-BlockDeletingService#2] INFO  interfaces.ContainerDeletionChoosingPolicyTemplate (ContainerDeletionChoosingPolicyTemplate.java:chooseContainerForBlockDeletion(85)) - Chosen 0/5000 blocks from 0 candidate containers.
2023-12-18 19:17:28,695 [ded5b85a-ec0d-4a71-9db9-83b101b9c9ad-BlockDeletingService#6] INFO  interfaces.ContainerDeletionChoosingPolicyTemplate (ContainerDeletionChoosingPolicyTemplate.java:chooseContainerForBlockDeletion(85)) - Chosen 0/5000 blocks from 0 candidate containers.
2023-12-18 19:17:28,698 [089733a5-f6c3-45b8-9d3f-1c158e6a3dcf-BlockDeletingService#8] INFO  interfaces.ContainerDeletionChoosingPolicyTemplate (ContainerDeletionChoosingPolicyTemplate.java:chooseContainerForBlockDeletion(85)) - Chosen 0/5000 blocks from 0 candidate containers.
2023-12-18 19:17:28,713 [93699071-0d52-4ef3-adad-6b5a83f48fc5-BlockDeletingService#2] INFO  interfaces.ContainerDeletionChoosingPolicyTemplate (ContainerDeletionChoosingPolicyTemplate.java:chooseContainerForBlockDeletion(85)) - Chosen 0/5000 blocks from 0 candidate containers.
2023-12-18 19:17:28,795 [ded5b85a-ec0d-4a71-9db9-83b101b9c9ad-BlockDeletingService#6] INFO  interfaces.ContainerDeletionChoosingPolicyTemplate (ContainerDeletionChoosingPolicyTemplate.java:chooseContainerForBlockDeletion(85)) - Chosen 0/5000 blocks from 0 candidate containers.
2023-12-18 19:17:28,798 [089733a5-f6c3-45b8-9d3f-1c158e6a3dcf-BlockDeletingService#8] INFO  interfaces.ContainerDeletionChoosingPolicyTemplate (ContainerDeletionChoosingPolicyTemplate.java:chooseContainerForBlockDeletion(85)) - Chosen 0/5000 blocks from 0 candidate containers.
2023-12-18 19:17:28,813 [93699071-0d52-4ef3-adad-6b5a83f48fc5-BlockDeletingService#2] INFO  interfaces.ContainerDeletionChoosingPolicyTemplate (ContainerDeletionChoosingPolicyTemplate.java:chooseContainerForBlockDeletion(85)) - Chosen 0/5000 blocks from 0 candidate containers.
2023-12-18 19:17:28,895 [ded5b85a-ec0d-4a71-9db9-83b101b9c9ad-BlockDeletingService#6] INFO  interfaces.ContainerDeletionChoosingPolicyTemplate (ContainerDeletionChoosingPolicyTemplate.java:chooseContainerForBlockDeletion(85)) - Chosen 0/5000 blocks from 0 candidate containers.
2023-12-18 19:17:28,898 [089733a5-f6c3-45b8-9d3f-1c158e6a3dcf-BlockDeletingService#8] INFO  interfaces.ContainerDeletionChoosingPolicyTemplate (ContainerDeletionChoosingPolicyTemplate.java:chooseContainerForBlockDeletion(85)) - Chosen 0/5000 blocks from 0 candidate containers.
2023-12-18 19:17:28,914 [93699071-0d52-4ef3-adad-6b5a83f48fc5-BlockDeletingService#2] INFO  interfaces.ContainerDeletionChoosingPolicyTemplate (ContainerDeletionChoosingPolicyTemplate.java:chooseContainerForBlockDeletion(85)) - Chosen 0/5000 blocks from 0 candidate containers.
2023-12-18 19:17:28,995 [ded5b85a-ec0d-4a71-9db9-83b101b9c9ad-BlockDeletingService#6] INFO  interfaces.ContainerDeletionChoosingPolicyTemplate (ContainerDeletionChoosingPolicyTemplate.java:chooseContainerForBlockDeletion(85)) - Chosen 0/5000 blocks from 0 candidate containers.
2023-12-18 19:17:28,998 [089733a5-f6c3-45b8-9d3f-1c158e6a3dcf-BlockDeletingService#8] INFO  interfaces.ContainerDeletionChoosingPolicyTemplate (ContainerDeletionChoosingPolicyTemplate.java:chooseContainerForBlockDeletion(85)) - Chosen 0/5000 blocks from 0 candidate containers.
2023-12-18 19:17:29,014 [93699071-0d52-4ef3-adad-6b5a83f48fc5-BlockDeletingService#2] INFO  interfaces.ContainerDeletionChoosingPolicyTemplate (ContainerDeletionChoosingPolicyTemplate.java:chooseContainerForBlockDeletion(85)) - Chosen 0/5000 blocks from 0 candidate containers.
2023-12-18 19:17:29,095 [ded5b85a-ec0d-4a71-9db9-83b101b9c9ad-BlockDeletingService#6] INFO  interfaces.ContainerDeletionChoosingPolicyTemplate (ContainerDeletionChoosingPolicyTemplate.java:chooseContainerForBlockDeletion(85)) - Chosen 0/5000 blocks from 0 candidate containers.
2023-12-18 19:17:29,098 [089733a5-f6c3-45b8-9d3f-1c158e6a3dcf-BlockDeletingService#8] INFO  interfaces.ContainerDeletionChoosingPolicyTemplate (ContainerDeletionChoosingPolicyTemplate.java:chooseContainerForBlockDeletion(85)) - Chosen 0/5000 blocks from 0 candidate containers.
2023-12-18 19:17:29,114 [93699071-0d52-4ef3-adad-6b5a83f48fc5-BlockDeletingService#2] INFO  interfaces.ContainerDeletionChoosingPolicyTemplate (ContainerDeletionChoosingPolicyTemplate.java:chooseContainerForBlockDeletion(85)) - Chosen 0/5000 blocks from 0 candidate containers.
2023-12-18 19:17:29,196 [ded5b85a-ec0d-4a71-9db9-83b101b9c9ad-BlockDeletingService#6] INFO  interfaces.ContainerDeletionChoosingPolicyTemplate (ContainerDeletionChoosingPolicyTemplate.java:chooseContainerForBlockDeletion(85)) - Chosen 0/5000 blocks from 0 candidate containers.
2023-12-18 19:17:29,198 [089733a5-f6c3-45b8-9d3f-1c158e6a3dcf-BlockDeletingService#8] INFO  interfaces.ContainerDeletionChoosingPolicyTemplate (ContainerDeletionChoosingPolicyTemplate.java:chooseContainerForBlockDeletion(85)) - Chosen 0/5000 blocks from 0 candidate containers.
2023-12-18 19:17:29,214 [93699071-0d52-4ef3-adad-6b5a83f48fc5-BlockDeletingService#2] INFO  interfaces.ContainerDeletionChoosingPolicyTemplate (ContainerDeletionChoosingPolicyTemplate.java:chooseContainerForBlockDeletion(85)) - Chosen 0/5000 blocks from 0 candidate containers.
2023-12-18 19:17:29,296 [ded5b85a-ec0d-4a71-9db9-83b101b9c9ad-BlockDeletingService#6] INFO  interfaces.ContainerDeletionChoosingPolicyTemplate (ContainerDeletionChoosingPolicyTemplate.java:chooseContainerForBlockDeletion(85)) - Chosen 0/5000 blocks from 0 candidate containers.
2023-12-18 19:17:29,298 [089733a5-f6c3-45b8-9d3f-1c158e6a3dcf-BlockDeletingService#8] INFO  interfaces.ContainerDeletionChoosingPolicyTemplate (ContainerDeletionChoosingPolicyTemplate.java:chooseContainerForBlockDeletion(85)) - Chosen 0/5000 blocks from 0 candidate containers.
2023-12-18 19:17:29,314 [93699071-0d52-4ef3-adad-6b5a83f48fc5-BlockDeletingService#2] INFO  interfaces.ContainerDeletionChoosingPolicyTemplate (ContainerDeletionChoosingPolicyTemplate.java:chooseContainerForBlockDeletion(85)) - Chosen 0/5000 blocks from 0 candidate containers.
2023-12-18 19:17:29,396 [ded5b85a-ec0d-4a71-9db9-83b101b9c9ad-BlockDeletingService#6] INFO  interfaces.ContainerDeletionChoosingPolicyTemplate (ContainerDeletionChoosingPolicyTemplate.java:chooseContainerForBlockDeletion(85)) - Chosen 0/5000 blocks from 0 candidate containers.
2023-12-18 19:17:29,399 [089733a5-f6c3-45b8-9d3f-1c158e6a3dcf-BlockDeletingService#8] INFO  interfaces.ContainerDeletionChoosingPolicyTemplate (ContainerDeletionChoosingPolicyTemplate.java:chooseContainerForBlockDeletion(85)) - Chosen 0/5000 blocks from 0 candidate containers.
2023-12-18 19:17:29,414 [93699071-0d52-4ef3-adad-6b5a83f48fc5-BlockDeletingService#2] INFO  interfaces.ContainerDeletionChoosingPolicyTemplate (ContainerDeletionChoosingPolicyTemplate.java:chooseContainerForBlockDeletion(85)) - Chosen 0/5000 blocks from 0 candidate containers.
2023-12-18 19:17:29,496 [ded5b85a-ec0d-4a71-9db9-83b101b9c9ad-BlockDeletingService#6] INFO  interfaces.ContainerDeletionChoosingPolicyTemplate (ContainerDeletionChoosingPolicyTemplate.java:chooseContainerForBlockDeletion(85)) - Chosen 0/5000 blocks from 0 candidate containers.
2023-12-18 19:17:29,499 [089733a5-f6c3-45b8-9d3f-1c158e6a3dcf-BlockDeletingService#8] INFO  interfaces.ContainerDeletionChoosingPolicyTemplate (ContainerDeletionChoosingPolicyTemplate.java:chooseContainerForBlockDeletion(85)) - Chosen 0/5000 blocks from 0 candidate containers.
2023-12-18 19:17:29,514 [93699071-0d52-4ef3-adad-6b5a83f48fc5-BlockDeletingService#2] INFO  interfaces.ContainerDeletionChoosingPolicyTemplate (ContainerDeletionChoosingPolicyTemplate.java:chooseContainerForBlockDeletion(85)) - Chosen 0/5000 blocks from 0 candidate containers.
2023-12-18 19:17:29,596 [ded5b85a-ec0d-4a71-9db9-83b101b9c9ad-BlockDeletingService#6] INFO  interfaces.ContainerDeletionChoosingPolicyTemplate (ContainerDeletionChoosingPolicyTemplate.java:chooseContainerForBlockDeletion(85)) - Chosen 0/5000 blocks from 0 candidate containers.
2023-12-18 19:17:29,599 [089733a5-f6c3-45b8-9d3f-1c158e6a3dcf-BlockDeletingService#8] INFO  interfaces.ContainerDeletionChoosingPolicyTemplate (ContainerDeletionChoosingPolicyTemplate.java:chooseContainerForBlockDeletion(85)) - Chosen 0/5000 blocks from 0 candidate containers.
2023-12-18 19:17:29,614 [93699071-0d52-4ef3-adad-6b5a83f48fc5-BlockDeletingService#2] INFO  interfaces.ContainerDeletionChoosingPolicyTemplate (ContainerDeletionChoosingPolicyTemplate.java:chooseContainerForBlockDeletion(85)) - Chosen 0/5000 blocks from 0 candidate containers.
2023-12-18 19:17:29,696 [ded5b85a-ec0d-4a71-9db9-83b101b9c9ad-BlockDeletingService#6] INFO  interfaces.ContainerDeletionChoosingPolicyTemplate (ContainerDeletionChoosingPolicyTemplate.java:chooseContainerForBlockDeletion(85)) - Chosen 0/5000 blocks from 0 candidate containers.
2023-12-18 19:17:29,699 [089733a5-f6c3-45b8-9d3f-1c158e6a3dcf-BlockDeletingService#8] INFO  interfaces.ContainerDeletionChoosingPolicyTemplate (ContainerDeletionChoosingPolicyTemplate.java:chooseContainerForBlockDeletion(85)) - Chosen 0/5000 blocks from 0 candidate containers.
2023-12-18 19:17:29,715 [93699071-0d52-4ef3-adad-6b5a83f48fc5-BlockDeletingService#2] INFO  interfaces.ContainerDeletionChoosingPolicyTemplate (ContainerDeletionChoosingPolicyTemplate.java:chooseContainerForBlockDeletion(85)) - Chosen 0/5000 blocks from 0 candidate containers.
2023-12-18 19:17:29,796 [ded5b85a-ec0d-4a71-9db9-83b101b9c9ad-BlockDeletingService#6] INFO  interfaces.ContainerDeletionChoosingPolicyTemplate (ContainerDeletionChoosingPolicyTemplate.java:chooseContainerForBlockDeletion(85)) - Chosen 0/5000 blocks from 0 candidate containers.
2023-12-18 19:17:29,799 [089733a5-f6c3-45b8-9d3f-1c158e6a3dcf-BlockDeletingService#8] INFO  interfaces.ContainerDeletionChoosingPolicyTemplate (ContainerDeletionChoosingPolicyTemplate.java:chooseContainerForBlockDeletion(85)) - Chosen 0/5000 blocks from 0 candidate containers.
2023-12-18 19:17:29,815 [93699071-0d52-4ef3-adad-6b5a83f48fc5-BlockDeletingService#2] INFO  interfaces.ContainerDeletionChoosingPolicyTemplate (ContainerDeletionChoosingPolicyTemplate.java:chooseContainerForBlockDeletion(85)) - Chosen 0/5000 blocks from 0 candidate containers.
2023-12-18 19:17:29,897 [ded5b85a-ec0d-4a71-9db9-83b101b9c9ad-BlockDeletingService#6] INFO  interfaces.ContainerDeletionChoosingPolicyTemplate (ContainerDeletionChoosingPolicyTemplate.java:chooseContainerForBlockDeletion(85)) - Chosen 0/5000 blocks from 0 candidate containers.
2023-12-18 19:17:29,899 [089733a5-f6c3-45b8-9d3f-1c158e6a3dcf-BlockDeletingService#8] INFO  interfaces.ContainerDeletionChoosingPolicyTemplate (ContainerDeletionChoosingPolicyTemplate.java:chooseContainerForBlockDeletion(85)) - Chosen 0/5000 blocks from 0 candidate containers.
2023-12-18 19:17:29,915 [93699071-0d52-4ef3-adad-6b5a83f48fc5-BlockDeletingService#2] INFO  interfaces.ContainerDeletionChoosingPolicyTemplate (ContainerDeletionChoosingPolicyTemplate.java:chooseContainerForBlockDeletion(85)) - Chosen 0/5000 blocks from 0 candidate containers.
2023-12-18 19:17:29,997 [ded5b85a-ec0d-4a71-9db9-83b101b9c9ad-BlockDeletingService#6] INFO  interfaces.ContainerDeletionChoosingPolicyTemplate (ContainerDeletionChoosingPolicyTemplate.java:chooseContainerForBlockDeletion(85)) - Chosen 0/5000 blocks from 0 candidate containers.
2023-12-18 19:17:29,999 [089733a5-f6c3-45b8-9d3f-1c158e6a3dcf-BlockDeletingService#8] INFO  interfaces.ContainerDeletionChoosingPolicyTemplate (ContainerDeletionChoosingPolicyTemplate.java:chooseContainerForBlockDeletion(85)) - Chosen 0/5000 blocks from 0 candidate containers.
2023-12-18 19:17:30,015 [93699071-0d52-4ef3-adad-6b5a83f48fc5-BlockDeletingService#2] INFO  interfaces.ContainerDeletionChoosingPolicyTemplate (ContainerDeletionChoosingPolicyTemplate.java:chooseContainerForBlockDeletion(85)) - Chosen 0/5000 blocks from 0 candidate containers.
2023-12-18 19:17:30,097 [ded5b85a-ec0d-4a71-9db9-83b101b9c9ad-BlockDeletingService#6] INFO  interfaces.ContainerDeletionChoosingPolicyTemplate (ContainerDeletionChoosingPolicyTemplate.java:chooseContainerForBlockDeletion(85)) - Chosen 0/5000 blocks from 0 candidate containers.
2023-12-18 19:17:30,100 [089733a5-f6c3-45b8-9d3f-1c158e6a3dcf-BlockDeletingService#8] INFO  interfaces.ContainerDeletionChoosingPolicyTemplate (ContainerDeletionChoosingPolicyTemplate.java:chooseContainerForBlockDeletion(85)) - Chosen 0/5000 blocks from 0 candidate containers.
2023-12-18 19:17:30,115 [93699071-0d52-4ef3-adad-6b5a83f48fc5-BlockDeletingService#2] INFO  interfaces.ContainerDeletionChoosingPolicyTemplate (ContainerDeletionChoosingPolicyTemplate.java:chooseContainerForBlockDeletion(85)) - Chosen 0/5000 blocks from 0 candidate containers.
2023-12-18 19:17:30,197 [ded5b85a-ec0d-4a71-9db9-83b101b9c9ad-BlockDeletingService#6] INFO  interfaces.ContainerDeletionChoosingPolicyTemplate (ContainerDeletionChoosingPolicyTemplate.java:chooseContainerForBlockDeletion(85)) - Chosen 0/5000 blocks from 0 candidate containers.
2023-12-18 19:17:30,200 [089733a5-f6c3-45b8-9d3f-1c158e6a3dcf-BlockDeletingService#8] INFO  interfaces.ContainerDeletionChoosingPolicyTemplate (ContainerDeletionChoosingPolicyTemplate.java:chooseContainerForBlockDeletion(85)) - Chosen 0/5000 blocks from 0 candidate containers.
2023-12-18 19:17:30,215 [93699071-0d52-4ef3-adad-6b5a83f48fc5-BlockDeletingService#2] INFO  interfaces.ContainerDeletionChoosingPolicyTemplate (ContainerDeletionChoosingPolicyTemplate.java:chooseContainerForBlockDeletion(85)) - Chosen 0/5000 blocks from 0 candidate containers.
2023-12-18 19:17:30,297 [ded5b85a-ec0d-4a71-9db9-83b101b9c9ad-BlockDeletingService#6] INFO  interfaces.ContainerDeletionChoosingPolicyTemplate (ContainerDeletionChoosingPolicyTemplate.java:chooseContainerForBlockDeletion(85)) - Chosen 0/5000 blocks from 0 candidate containers.
2023-12-18 19:17:30,300 [089733a5-f6c3-45b8-9d3f-1c158e6a3dcf-BlockDeletingService#8] INFO  interfaces.ContainerDeletionChoosingPolicyTemplate (ContainerDeletionChoosingPolicyTemplate.java:chooseContainerForBlockDeletion(85)) - Chosen 0/5000 blocks from 0 candidate containers.
2023-12-18 19:17:30,315 [93699071-0d52-4ef3-adad-6b5a83f48fc5-BlockDeletingService#2] INFO  interfaces.ContainerDeletionChoosingPolicyTemplate (ContainerDeletionChoosingPolicyTemplate.java:chooseContainerForBlockDeletion(85)) - Chosen 0/5000 blocks from 0 candidate containers.
2023-12-18 19:17:30,397 [ded5b85a-ec0d-4a71-9db9-83b101b9c9ad-BlockDeletingService#6] INFO  interfaces.ContainerDeletionChoosingPolicyTemplate (ContainerDeletionChoosingPolicyTemplate.java:chooseContainerForBlockDeletion(85)) - Chosen 0/5000 blocks from 0 candidate containers.
2023-12-18 19:17:30,400 [089733a5-f6c3-45b8-9d3f-1c158e6a3dcf-BlockDeletingService#8] INFO  interfaces.ContainerDeletionChoosingPolicyTemplate (ContainerDeletionChoosingPolicyTemplate.java:chooseContainerForBlockDeletion(85)) - Chosen 0/5000 blocks from 0 candidate containers.
2023-12-18 19:17:30,416 [93699071-0d52-4ef3-adad-6b5a83f48fc5-BlockDeletingService#2] INFO  interfaces.ContainerDeletionChoosingPolicyTemplate (ContainerDeletionChoosingPolicyTemplate.java:chooseContainerForBlockDeletion(85)) - Chosen 0/5000 blocks from 0 candidate containers.
2023-12-18 19:17:30,498 [ded5b85a-ec0d-4a71-9db9-83b101b9c9ad-BlockDeletingService#6] INFO  interfaces.ContainerDeletionChoosingPolicyTemplate (ContainerDeletionChoosingPolicyTemplate.java:chooseContainerForBlockDeletion(85)) - Chosen 0/5000 blocks from 0 candidate containers.
2023-12-18 19:17:30,500 [089733a5-f6c3-45b8-9d3f-1c158e6a3dcf-BlockDeletingService#8] INFO  interfaces.ContainerDeletionChoosingPolicyTemplate (ContainerDeletionChoosingPolicyTemplate.java:chooseContainerForBlockDeletion(85)) - Chosen 0/5000 blocks from 0 candidate containers.
2023-12-18 19:17:30,516 [93699071-0d52-4ef3-adad-6b5a83f48fc5-BlockDeletingService#2] INFO  interfaces.ContainerDeletionChoosingPolicyTemplate (ContainerDeletionChoosingPolicyTemplate.java:chooseContainerForBlockDeletion(85)) - Chosen 0/5000 blocks from 0 candidate containers.
2023-12-18 19:17:30,598 [ded5b85a-ec0d-4a71-9db9-83b101b9c9ad-BlockDeletingService#6] INFO  interfaces.ContainerDeletionChoosingPolicyTemplate (ContainerDeletionChoosingPolicyTemplate.java:chooseContainerForBlockDeletion(85)) - Chosen 0/5000 blocks from 0 candidate containers.
2023-12-18 19:17:30,600 [089733a5-f6c3-45b8-9d3f-1c158e6a3dcf-BlockDeletingService#8] INFO  interfaces.ContainerDeletionChoosingPolicyTemplate (ContainerDeletionChoosingPolicyTemplate.java:chooseContainerForBlockDeletion(85)) - Chosen 0/5000 blocks from 0 candidate containers.
2023-12-18 19:17:30,616 [93699071-0d52-4ef3-adad-6b5a83f48fc5-BlockDeletingService#2] INFO  interfaces.ContainerDeletionChoosingPolicyTemplate (ContainerDeletionChoosingPolicyTemplate.java:chooseContainerForBlockDeletion(85)) - Chosen 0/5000 blocks from 0 candidate containers.
2023-12-18 19:17:30,698 [ded5b85a-ec0d-4a71-9db9-83b101b9c9ad-BlockDeletingService#6] INFO  interfaces.ContainerDeletionChoosingPolicyTemplate (ContainerDeletionChoosingPolicyTemplate.java:chooseContainerForBlockDeletion(85)) - Chosen 0/5000 blocks from 0 candidate containers.
2023-12-18 19:17:30,700 [089733a5-f6c3-45b8-9d3f-1c158e6a3dcf-BlockDeletingService#8] INFO  interfaces.ContainerDeletionChoosingPolicyTemplate (ContainerDeletionChoosingPolicyTemplate.java:chooseContainerForBlockDeletion(85)) - Chosen 0/5000 blocks from 0 candidate containers.
2023-12-18 19:17:30,716 [93699071-0d52-4ef3-adad-6b5a83f48fc5-BlockDeletingService#2] INFO  interfaces.ContainerDeletionChoosingPolicyTemplate (ContainerDeletionChoosingPolicyTemplate.java:chooseContainerForBlockDeletion(85)) - Chosen 0/5000 blocks from 0 candidate containers.
2023-12-18 19:17:30,798 [ded5b85a-ec0d-4a71-9db9-83b101b9c9ad-BlockDeletingService#6] INFO  interfaces.ContainerDeletionChoosingPolicyTemplate (ContainerDeletionChoosingPolicyTemplate.java:chooseContainerForBlockDeletion(85)) - Chosen 0/5000 blocks from 0 candidate containers.
2023-12-18 19:17:30,800 [089733a5-f6c3-45b8-9d3f-1c158e6a3dcf-BlockDeletingService#8] INFO  interfaces.ContainerDeletionChoosingPolicyTemplate (ContainerDeletionChoosingPolicyTemplate.java:chooseContainerForBlockDeletion(85)) - Chosen 0/5000 blocks from 0 candidate containers.
2023-12-18 19:17:30,816 [93699071-0d52-4ef3-adad-6b5a83f48fc5-BlockDeletingService#2] INFO  interfaces.ContainerDeletionChoosingPolicyTemplate (ContainerDeletionChoosingPolicyTemplate.java:chooseContainerForBlockDeletion(85)) - Chosen 0/5000 blocks from 0 candidate containers.
2023-12-18 19:17:30,898 [ded5b85a-ec0d-4a71-9db9-83b101b9c9ad-BlockDeletingService#6] INFO  interfaces.ContainerDeletionChoosingPolicyTemplate (ContainerDeletionChoosingPolicyTemplate.java:chooseContainerForBlockDeletion(85)) - Chosen 0/5000 blocks from 0 candidate containers.
2023-12-18 19:17:30,901 [089733a5-f6c3-45b8-9d3f-1c158e6a3dcf-BlockDeletingService#8] INFO  interfaces.ContainerDeletionChoosingPolicyTemplate (ContainerDeletionChoosingPolicyTemplate.java:chooseContainerForBlockDeletion(85)) - Chosen 0/5000 blocks from 0 candidate containers.
2023-12-18 19:17:30,916 [93699071-0d52-4ef3-adad-6b5a83f48fc5-BlockDeletingService#2] INFO  interfaces.ContainerDeletionChoosingPolicyTemplate (ContainerDeletionChoosingPolicyTemplate.java:chooseContainerForBlockDeletion(85)) - Chosen 0/5000 blocks from 0 candidate containers.
2023-12-18 19:17:30,998 [ded5b85a-ec0d-4a71-9db9-83b101b9c9ad-BlockDeletingService#6] INFO  interfaces.ContainerDeletionChoosingPolicyTemplate (ContainerDeletionChoosingPolicyTemplate.java:chooseContainerForBlockDeletion(85)) - Chosen 0/5000 blocks from 0 candidate containers.
2023-12-18 19:17:31,001 [089733a5-f6c3-45b8-9d3f-1c158e6a3dcf-BlockDeletingService#8] INFO  interfaces.ContainerDeletionChoosingPolicyTemplate (ContainerDeletionChoosingPolicyTemplate.java:chooseContainerForBlockDeletion(85)) - Chosen 0/5000 blocks from 0 candidate containers.
2023-12-18 19:17:31,016 [93699071-0d52-4ef3-adad-6b5a83f48fc5-BlockDeletingService#2] INFO  interfaces.ContainerDeletionChoosingPolicyTemplate (ContainerDeletionChoosingPolicyTemplate.java:chooseContainerForBlockDeletion(85)) - Chosen 0/5000 blocks from 0 candidate containers.
2023-12-18 19:17:31,098 [ded5b85a-ec0d-4a71-9db9-83b101b9c9ad-BlockDeletingService#6] INFO  interfaces.ContainerDeletionChoosingPolicyTemplate (ContainerDeletionChoosingPolicyTemplate.java:chooseContainerForBlockDeletion(85)) - Chosen 0/5000 blocks from 0 candidate containers.
2023-12-18 19:17:31,101 [089733a5-f6c3-45b8-9d3f-1c158e6a3dcf-BlockDeletingService#8] INFO  interfaces.ContainerDeletionChoosingPolicyTemplate (ContainerDeletionChoosingPolicyTemplate.java:chooseContainerForBlockDeletion(85)) - Chosen 0/5000 blocks from 0 candidate containers.
2023-12-18 19:17:31,116 [93699071-0d52-4ef3-adad-6b5a83f48fc5-BlockDeletingService#2] INFO  interfaces.ContainerDeletionChoosingPolicyTemplate (ContainerDeletionChoosingPolicyTemplate.java:chooseContainerForBlockDeletion(85)) - Chosen 0/5000 blocks from 0 candidate containers.
2023-12-18 19:17:31,199 [ded5b85a-ec0d-4a71-9db9-83b101b9c9ad-BlockDeletingService#6] INFO  interfaces.ContainerDeletionChoosingPolicyTemplate (ContainerDeletionChoosingPolicyTemplate.java:chooseContainerForBlockDeletion(85)) - Chosen 0/5000 blocks from 0 candidate containers.
2023-12-18 19:17:31,201 [089733a5-f6c3-45b8-9d3f-1c158e6a3dcf-BlockDeletingService#8] INFO  interfaces.ContainerDeletionChoosingPolicyTemplate (ContainerDeletionChoosingPolicyTemplate.java:chooseContainerForBlockDeletion(85)) - Chosen 0/5000 blocks from 0 candidate containers.
2023-12-18 19:17:31,217 [93699071-0d52-4ef3-adad-6b5a83f48fc5-BlockDeletingService#2] INFO  interfaces.ContainerDeletionChoosingPolicyTemplate (ContainerDeletionChoosingPolicyTemplate.java:chooseContainerForBlockDeletion(85)) - Chosen 0/5000 blocks from 0 candidate containers.
2023-12-18 19:17:31,299 [ded5b85a-ec0d-4a71-9db9-83b101b9c9ad-BlockDeletingService#6] INFO  interfaces.ContainerDeletionChoosingPolicyTemplate (ContainerDeletionChoosingPolicyTemplate.java:chooseContainerForBlockDeletion(85)) - Chosen 0/5000 blocks from 0 candidate containers.
2023-12-18 19:17:31,301 [089733a5-f6c3-45b8-9d3f-1c158e6a3dcf-BlockDeletingService#8] INFO  interfaces.ContainerDeletionChoosingPolicyTemplate (ContainerDeletionChoosingPolicyTemplate.java:chooseContainerForBlockDeletion(85)) - Chosen 0/5000 blocks from 0 candidate containers.
2023-12-18 19:17:31,317 [93699071-0d52-4ef3-adad-6b5a83f48fc5-BlockDeletingService#2] INFO  interfaces.ContainerDeletionChoosingPolicyTemplate (ContainerDeletionChoosingPolicyTemplate.java:chooseContainerForBlockDeletion(85)) - Chosen 0/5000 blocks from 0 candidate containers.
2023-12-18 19:17:31,399 [ded5b85a-ec0d-4a71-9db9-83b101b9c9ad-BlockDeletingService#6] INFO  interfaces.ContainerDeletionChoosingPolicyTemplate (ContainerDeletionChoosingPolicyTemplate.java:chooseContainerForBlockDeletion(85)) - Chosen 0/5000 blocks from 0 candidate containers.
2023-12-18 19:17:31,401 [089733a5-f6c3-45b8-9d3f-1c158e6a3dcf-BlockDeletingService#8] INFO  interfaces.ContainerDeletionChoosingPolicyTemplate (ContainerDeletionChoosingPolicyTemplate.java:chooseContainerForBlockDeletion(85)) - Chosen 0/5000 blocks from 0 candidate containers.
2023-12-18 19:17:31,417 [93699071-0d52-4ef3-adad-6b5a83f48fc5-BlockDeletingService#2] INFO  interfaces.ContainerDeletionChoosingPolicyTemplate (ContainerDeletionChoosingPolicyTemplate.java:chooseContainerForBlockDeletion(85)) - Chosen 0/5000 blocks from 0 candidate containers.
2023-12-18 19:17:31,499 [ded5b85a-ec0d-4a71-9db9-83b101b9c9ad-BlockDeletingService#6] INFO  interfaces.ContainerDeletionChoosingPolicyTemplate (ContainerDeletionChoosingPolicyTemplate.java:chooseContainerForBlockDeletion(85)) - Chosen 0/5000 blocks from 0 candidate containers.
2023-12-18 19:17:31,501 [089733a5-f6c3-45b8-9d3f-1c158e6a3dcf-BlockDeletingService#8] INFO  interfaces.ContainerDeletionChoosingPolicyTemplate (ContainerDeletionChoosingPolicyTemplate.java:chooseContainerForBlockDeletion(85)) - Chosen 0/5000 blocks from 0 candidate containers.
2023-12-18 19:17:31,517 [93699071-0d52-4ef3-adad-6b5a83f48fc5-BlockDeletingService#2] INFO  interfaces.ContainerDeletionChoosingPolicyTemplate (ContainerDeletionChoosingPolicyTemplate.java:chooseContainerForBlockDeletion(85)) - Chosen 0/5000 blocks from 0 candidate containers.
2023-12-18 19:17:31,599 [ded5b85a-ec0d-4a71-9db9-83b101b9c9ad-BlockDeletingService#6] INFO  interfaces.ContainerDeletionChoosingPolicyTemplate (ContainerDeletionChoosingPolicyTemplate.java:chooseContainerForBlockDeletion(85)) - Chosen 0/5000 blocks from 0 candidate containers.
2023-12-18 19:17:31,602 [089733a5-f6c3-45b8-9d3f-1c158e6a3dcf-BlockDeletingService#8] INFO  interfaces.ContainerDeletionChoosingPolicyTemplate (ContainerDeletionChoosingPolicyTemplate.java:chooseContainerForBlockDeletion(85)) - Chosen 0/5000 blocks from 0 candidate containers.
2023-12-18 19:17:31,617 [93699071-0d52-4ef3-adad-6b5a83f48fc5-BlockDeletingService#2] INFO  interfaces.ContainerDeletionChoosingPolicyTemplate (ContainerDeletionChoosingPolicyTemplate.java:chooseContainerForBlockDeletion(85)) - Chosen 0/5000 blocks from 0 candidate containers.
2023-12-18 19:17:31,699 [ded5b85a-ec0d-4a71-9db9-83b101b9c9ad-BlockDeletingService#6] INFO  interfaces.ContainerDeletionChoosingPolicyTemplate (ContainerDeletionChoosingPolicyTemplate.java:chooseContainerForBlockDeletion(85)) - Chosen 0/5000 blocks from 0 candidate containers.
2023-12-18 19:17:31,702 [089733a5-f6c3-45b8-9d3f-1c158e6a3dcf-BlockDeletingService#8] INFO  interfaces.ContainerDeletionChoosingPolicyTemplate (ContainerDeletionChoosingPolicyTemplate.java:chooseContainerForBlockDeletion(85)) - Chosen 0/5000 blocks from 0 candidate containers.
2023-12-18 19:17:31,717 [93699071-0d52-4ef3-adad-6b5a83f48fc5-BlockDeletingService#2] INFO  interfaces.ContainerDeletionChoosingPolicyTemplate (ContainerDeletionChoosingPolicyTemplate.java:chooseContainerForBlockDeletion(85)) - Chosen 0/5000 blocks from 0 candidate containers.
2023-12-18 19:17:31,799 [ded5b85a-ec0d-4a71-9db9-83b101b9c9ad-BlockDeletingService#6] INFO  interfaces.ContainerDeletionChoosingPolicyTemplate (ContainerDeletionChoosingPolicyTemplate.java:chooseContainerForBlockDeletion(85)) - Chosen 0/5000 blocks from 0 candidate containers.
2023-12-18 19:17:31,802 [089733a5-f6c3-45b8-9d3f-1c158e6a3dcf-BlockDeletingService#8] INFO  interfaces.ContainerDeletionChoosingPolicyTemplate (ContainerDeletionChoosingPolicyTemplate.java:chooseContainerForBlockDeletion(85)) - Chosen 0/5000 blocks from 0 candidate containers.
2023-12-18 19:17:31,817 [93699071-0d52-4ef3-adad-6b5a83f48fc5-BlockDeletingService#2] INFO  interfaces.ContainerDeletionChoosingPolicyTemplate (ContainerDeletionChoosingPolicyTemplate.java:chooseContainerForBlockDeletion(85)) - Chosen 0/5000 blocks from 0 candidate containers.
2023-12-18 19:17:31,900 [ded5b85a-ec0d-4a71-9db9-83b101b9c9ad-BlockDeletingService#6] INFO  interfaces.ContainerDeletionChoosingPolicyTemplate (ContainerDeletionChoosingPolicyTemplate.java:chooseContainerForBlockDeletion(85)) - Chosen 0/5000 blocks from 0 candidate containers.
2023-12-18 19:17:31,902 [089733a5-f6c3-45b8-9d3f-1c158e6a3dcf-BlockDeletingService#8] INFO  interfaces.ContainerDeletionChoosingPolicyTemplate (ContainerDeletionChoosingPolicyTemplate.java:chooseContainerForBlockDeletion(85)) - Chosen 0/5000 blocks from 0 candidate containers.
2023-12-18 19:17:31,917 [93699071-0d52-4ef3-adad-6b5a83f48fc5-BlockDeletingService#2] INFO  interfaces.ContainerDeletionChoosingPolicyTemplate (ContainerDeletionChoosingPolicyTemplate.java:chooseContainerForBlockDeletion(85)) - Chosen 0/5000 blocks from 0 candidate containers.
2023-12-18 19:17:32,000 [ded5b85a-ec0d-4a71-9db9-83b101b9c9ad-BlockDeletingService#6] INFO  interfaces.ContainerDeletionChoosingPolicyTemplate (ContainerDeletionChoosingPolicyTemplate.java:chooseContainerForBlockDeletion(85)) - Chosen 0/5000 blocks from 0 candidate containers.
2023-12-18 19:17:32,002 [089733a5-f6c3-45b8-9d3f-1c158e6a3dcf-BlockDeletingService#8] INFO  interfaces.ContainerDeletionChoosingPolicyTemplate (ContainerDeletionChoosingPolicyTemplate.java:chooseContainerForBlockDeletion(85)) - Chosen 0/5000 blocks from 0 candidate containers.
2023-12-18 19:17:32,018 [93699071-0d52-4ef3-adad-6b5a83f48fc5-BlockDeletingService#2] INFO  interfaces.ContainerDeletionChoosingPolicyTemplate (ContainerDeletionChoosingPolicyTemplate.java:chooseContainerForBlockDeletion(85)) - Chosen 0/5000 blocks from 0 candidate containers.
2023-12-18 19:17:32,100 [ded5b85a-ec0d-4a71-9db9-83b101b9c9ad-BlockDeletingService#6] INFO  interfaces.ContainerDeletionChoosingPolicyTemplate (ContainerDeletionChoosingPolicyTemplate.java:chooseContainerForBlockDeletion(85)) - Chosen 0/5000 blocks from 0 candidate containers.
2023-12-18 19:17:32,102 [089733a5-f6c3-45b8-9d3f-1c158e6a3dcf-BlockDeletingService#8] INFO  interfaces.ContainerDeletionChoosingPolicyTemplate (ContainerDeletionChoosingPolicyTemplate.java:chooseContainerForBlockDeletion(85)) - Chosen 0/5000 blocks from 0 candidate containers.
2023-12-18 19:17:32,118 [93699071-0d52-4ef3-adad-6b5a83f48fc5-BlockDeletingService#2] INFO  interfaces.ContainerDeletionChoosingPolicyTemplate (ContainerDeletionChoosingPolicyTemplate.java:chooseContainerForBlockDeletion(85)) - Chosen 0/5000 blocks from 0 candidate containers.
2023-12-18 19:17:32,200 [ded5b85a-ec0d-4a71-9db9-83b101b9c9ad-BlockDeletingService#6] INFO  interfaces.ContainerDeletionChoosingPolicyTemplate (ContainerDeletionChoosingPolicyTemplate.java:chooseContainerForBlockDeletion(85)) - Chosen 0/5000 blocks from 0 candidate containers.
2023-12-18 19:17:32,202 [089733a5-f6c3-45b8-9d3f-1c158e6a3dcf-BlockDeletingService#8] INFO  interfaces.ContainerDeletionChoosingPolicyTemplate (ContainerDeletionChoosingPolicyTemplate.java:chooseContainerForBlockDeletion(85)) - Chosen 0/5000 blocks from 0 candidate containers.
2023-12-18 19:17:32,218 [93699071-0d52-4ef3-adad-6b5a83f48fc5-BlockDeletingService#2] INFO  interfaces.ContainerDeletionChoosingPolicyTemplate (ContainerDeletionChoosingPolicyTemplate.java:chooseContainerForBlockDeletion(85)) - Chosen 0/5000 blocks from 0 candidate containers.
2023-12-18 19:17:32,300 [ded5b85a-ec0d-4a71-9db9-83b101b9c9ad-BlockDeletingService#6] INFO  interfaces.ContainerDeletionChoosingPolicyTemplate (ContainerDeletionChoosingPolicyTemplate.java:chooseContainerForBlockDeletion(85)) - Chosen 0/5000 blocks from 0 candidate containers.
2023-12-18 19:17:32,303 [089733a5-f6c3-45b8-9d3f-1c158e6a3dcf-BlockDeletingService#8] INFO  interfaces.ContainerDeletionChoosingPolicyTemplate (ContainerDeletionChoosingPolicyTemplate.java:chooseContainerForBlockDeletion(85)) - Chosen 0/5000 blocks from 0 candidate containers.
2023-12-18 19:17:32,318 [93699071-0d52-4ef3-adad-6b5a83f48fc5-BlockDeletingService#3] INFO  interfaces.ContainerDeletionChoosingPolicyTemplate (ContainerDeletionChoosingPolicyTemplate.java:chooseContainerForBlockDeletion(85)) - Chosen 0/5000 blocks from 0 candidate containers.
2023-12-18 19:17:32,401 [ded5b85a-ec0d-4a71-9db9-83b101b9c9ad-BlockDeletingService#6] INFO  interfaces.ContainerDeletionChoosingPolicyTemplate (ContainerDeletionChoosingPolicyTemplate.java:chooseContainerForBlockDeletion(85)) - Chosen 0/5000 blocks from 0 candidate containers.
2023-12-18 19:17:32,403 [089733a5-f6c3-45b8-9d3f-1c158e6a3dcf-BlockDeletingService#8] INFO  interfaces.ContainerDeletionChoosingPolicyTemplate (ContainerDeletionChoosingPolicyTemplate.java:chooseContainerForBlockDeletion(85)) - Chosen 0/5000 blocks from 0 candidate containers.
2023-12-18 19:17:32,418 [93699071-0d52-4ef3-adad-6b5a83f48fc5-BlockDeletingService#3] INFO  interfaces.ContainerDeletionChoosingPolicyTemplate (ContainerDeletionChoosingPolicyTemplate.java:chooseContainerForBlockDeletion(85)) - Chosen 0/5000 blocks from 0 candidate containers.
2023-12-18 19:17:32,501 [ded5b85a-ec0d-4a71-9db9-83b101b9c9ad-BlockDeletingService#6] INFO  interfaces.ContainerDeletionChoosingPolicyTemplate (ContainerDeletionChoosingPolicyTemplate.java:chooseContainerForBlockDeletion(85)) - Chosen 0/5000 blocks from 0 candidate containers.
2023-12-18 19:17:32,503 [089733a5-f6c3-45b8-9d3f-1c158e6a3dcf-BlockDeletingService#8] INFO  interfaces.ContainerDeletionChoosingPolicyTemplate (ContainerDeletionChoosingPolicyTemplate.java:chooseContainerForBlockDeletion(85)) - Chosen 0/5000 blocks from 0 candidate containers.
2023-12-18 19:17:32,518 [93699071-0d52-4ef3-adad-6b5a83f48fc5-BlockDeletingService#3] INFO  interfaces.ContainerDeletionChoosingPolicyTemplate (ContainerDeletionChoosingPolicyTemplate.java:chooseContainerForBlockDeletion(85)) - Chosen 0/5000 blocks from 0 candidate containers.
2023-12-18 19:17:32,601 [ded5b85a-ec0d-4a71-9db9-83b101b9c9ad-BlockDeletingService#6] INFO  interfaces.ContainerDeletionChoosingPolicyTemplate (ContainerDeletionChoosingPolicyTemplate.java:chooseContainerForBlockDeletion(85)) - Chosen 0/5000 blocks from 0 candidate containers.
2023-12-18 19:17:32,603 [089733a5-f6c3-45b8-9d3f-1c158e6a3dcf-BlockDeletingService#8] INFO  interfaces.ContainerDeletionChoosingPolicyTemplate (ContainerDeletionChoosingPolicyTemplate.java:chooseContainerForBlockDeletion(85)) - Chosen 0/5000 blocks from 0 candidate containers.
2023-12-18 19:17:32,618 [93699071-0d52-4ef3-adad-6b5a83f48fc5-BlockDeletingService#3] INFO  interfaces.ContainerDeletionChoosingPolicyTemplate (ContainerDeletionChoosingPolicyTemplate.java:chooseContainerForBlockDeletion(85)) - Chosen 0/5000 blocks from 0 candidate containers.
2023-12-18 19:17:32,701 [ded5b85a-ec0d-4a71-9db9-83b101b9c9ad-BlockDeletingService#6] INFO  interfaces.ContainerDeletionChoosingPolicyTemplate (ContainerDeletionChoosingPolicyTemplate.java:chooseContainerForBlockDeletion(85)) - Chosen 0/5000 blocks from 0 candidate containers.
2023-12-18 19:17:32,703 [089733a5-f6c3-45b8-9d3f-1c158e6a3dcf-BlockDeletingService#8] INFO  interfaces.ContainerDeletionChoosingPolicyTemplate (ContainerDeletionChoosingPolicyTemplate.java:chooseContainerForBlockDeletion(85)) - Chosen 0/5000 blocks from 0 candidate containers.
2023-12-18 19:17:32,719 [93699071-0d52-4ef3-adad-6b5a83f48fc5-BlockDeletingService#3] INFO  interfaces.ContainerDeletionChoosingPolicyTemplate (ContainerDeletionChoosingPolicyTemplate.java:chooseContainerForBlockDeletion(85)) - Chosen 0/5000 blocks from 0 candidate containers.
2023-12-18 19:17:32,801 [ded5b85a-ec0d-4a71-9db9-83b101b9c9ad-BlockDeletingService#6] INFO  interfaces.ContainerDeletionChoosingPolicyTemplate (ContainerDeletionChoosingPolicyTemplate.java:chooseContainerForBlockDeletion(85)) - Chosen 0/5000 blocks from 0 candidate containers.
2023-12-18 19:17:32,803 [089733a5-f6c3-45b8-9d3f-1c158e6a3dcf-BlockDeletingService#8] INFO  interfaces.ContainerDeletionChoosingPolicyTemplate (ContainerDeletionChoosingPolicyTemplate.java:chooseContainerForBlockDeletion(85)) - Chosen 0/5000 blocks from 0 candidate containers.
2023-12-18 19:17:32,819 [93699071-0d52-4ef3-adad-6b5a83f48fc5-BlockDeletingService#3] INFO  interfaces.ContainerDeletionChoosingPolicyTemplate (ContainerDeletionChoosingPolicyTemplate.java:chooseContainerForBlockDeletion(85)) - Chosen 0/5000 blocks from 0 candidate containers.
2023-12-18 19:17:32,901 [ded5b85a-ec0d-4a71-9db9-83b101b9c9ad-BlockDeletingService#6] INFO  interfaces.ContainerDeletionChoosingPolicyTemplate (ContainerDeletionChoosingPolicyTemplate.java:chooseContainerForBlockDeletion(85)) - Chosen 0/5000 blocks from 0 candidate containers.
2023-12-18 19:17:32,903 [089733a5-f6c3-45b8-9d3f-1c158e6a3dcf-BlockDeletingService#8] INFO  interfaces.ContainerDeletionChoosingPolicyTemplate (ContainerDeletionChoosingPolicyTemplate.java:chooseContainerForBlockDeletion(85)) - Chosen 0/5000 blocks from 0 candidate containers.
2023-12-18 19:17:32,919 [93699071-0d52-4ef3-adad-6b5a83f48fc5-BlockDeletingService#3] INFO  interfaces.ContainerDeletionChoosingPolicyTemplate (ContainerDeletionChoosingPolicyTemplate.java:chooseContainerForBlockDeletion(85)) - Chosen 0/5000 blocks from 0 candidate containers.
2023-12-18 19:17:33,002 [ded5b85a-ec0d-4a71-9db9-83b101b9c9ad-BlockDeletingService#6] INFO  interfaces.ContainerDeletionChoosingPolicyTemplate (ContainerDeletionChoosingPolicyTemplate.java:chooseContainerForBlockDeletion(85)) - Chosen 0/5000 blocks from 0 candidate containers.
2023-12-18 19:17:33,003 [089733a5-f6c3-45b8-9d3f-1c158e6a3dcf-BlockDeletingService#8] INFO  interfaces.ContainerDeletionChoosingPolicyTemplate (ContainerDeletionChoosingPolicyTemplate.java:chooseContainerForBlockDeletion(85)) - Chosen 0/5000 blocks from 0 candidate containers.
2023-12-18 19:17:33,019 [93699071-0d52-4ef3-adad-6b5a83f48fc5-BlockDeletingService#3] INFO  interfaces.ContainerDeletionChoosingPolicyTemplate (ContainerDeletionChoosingPolicyTemplate.java:chooseContainerForBlockDeletion(85)) - Chosen 0/5000 blocks from 0 candidate containers.
2023-12-18 19:17:33,102 [ded5b85a-ec0d-4a71-9db9-83b101b9c9ad-BlockDeletingService#6] INFO  interfaces.ContainerDeletionChoosingPolicyTemplate (ContainerDeletionChoosingPolicyTemplate.java:chooseContainerForBlockDeletion(85)) - Chosen 0/5000 blocks from 0 candidate containers.
2023-12-18 19:17:33,104 [089733a5-f6c3-45b8-9d3f-1c158e6a3dcf-BlockDeletingService#8] INFO  interfaces.ContainerDeletionChoosingPolicyTemplate (ContainerDeletionChoosingPolicyTemplate.java:chooseContainerForBlockDeletion(85)) - Chosen 0/5000 blocks from 0 candidate containers.
2023-12-18 19:17:33,119 [93699071-0d52-4ef3-adad-6b5a83f48fc5-BlockDeletingService#3] INFO  interfaces.ContainerDeletionChoosingPolicyTemplate (ContainerDeletionChoosingPolicyTemplate.java:chooseContainerForBlockDeletion(85)) - Chosen 0/5000 blocks from 0 candidate containers.
2023-12-18 19:17:33,202 [ded5b85a-ec0d-4a71-9db9-83b101b9c9ad-BlockDeletingService#6] INFO  interfaces.ContainerDeletionChoosingPolicyTemplate (ContainerDeletionChoosingPolicyTemplate.java:chooseContainerForBlockDeletion(85)) - Chosen 0/5000 blocks from 0 candidate containers.
2023-12-18 19:17:33,204 [089733a5-f6c3-45b8-9d3f-1c158e6a3dcf-BlockDeletingService#8] INFO  interfaces.ContainerDeletionChoosingPolicyTemplate (ContainerDeletionChoosingPolicyTemplate.java:chooseContainerForBlockDeletion(85)) - Chosen 0/5000 blocks from 0 candidate containers.
2023-12-18 19:17:33,219 [93699071-0d52-4ef3-adad-6b5a83f48fc5-BlockDeletingService#3] INFO  interfaces.ContainerDeletionChoosingPolicyTemplate (ContainerDeletionChoosingPolicyTemplate.java:chooseContainerForBlockDeletion(85)) - Chosen 0/5000 blocks from 0 candidate containers.
2023-12-18 19:17:33,302 [ded5b85a-ec0d-4a71-9db9-83b101b9c9ad-BlockDeletingService#6] INFO  interfaces.ContainerDeletionChoosingPolicyTemplate (ContainerDeletionChoosingPolicyTemplate.java:chooseContainerForBlockDeletion(85)) - Chosen 0/5000 blocks from 0 candidate containers.
2023-12-18 19:17:33,304 [089733a5-f6c3-45b8-9d3f-1c158e6a3dcf-BlockDeletingService#8] INFO  interfaces.ContainerDeletionChoosingPolicyTemplate (ContainerDeletionChoosingPolicyTemplate.java:chooseContainerForBlockDeletion(85)) - Chosen 0/5000 blocks from 0 candidate containers.
2023-12-18 19:17:33,319 [93699071-0d52-4ef3-adad-6b5a83f48fc5-BlockDeletingService#7] INFO  interfaces.ContainerDeletionChoosingPolicyTemplate (ContainerDeletionChoosingPolicyTemplate.java:chooseContainerForBlockDeletion(85)) - Chosen 0/5000 blocks from 0 candidate containers.
2023-12-18 19:17:33,402 [ded5b85a-ec0d-4a71-9db9-83b101b9c9ad-BlockDeletingService#6] INFO  interfaces.ContainerDeletionChoosingPolicyTemplate (ContainerDeletionChoosingPolicyTemplate.java:chooseContainerForBlockDeletion(85)) - Chosen 0/5000 blocks from 0 candidate containers.
2023-12-18 19:17:33,404 [089733a5-f6c3-45b8-9d3f-1c158e6a3dcf-BlockDeletingService#8] INFO  interfaces.ContainerDeletionChoosingPolicyTemplate (ContainerDeletionChoosingPolicyTemplate.java:chooseContainerForBlockDeletion(85)) - Chosen 0/5000 blocks from 0 candidate containers.
2023-12-18 19:17:33,419 [93699071-0d52-4ef3-adad-6b5a83f48fc5-BlockDeletingService#7] INFO  interfaces.ContainerDeletionChoosingPolicyTemplate (ContainerDeletionChoosingPolicyTemplate.java:chooseContainerForBlockDeletion(85)) - Chosen 0/5000 blocks from 0 candidate containers.
2023-12-18 19:17:33,502 [ded5b85a-ec0d-4a71-9db9-83b101b9c9ad-BlockDeletingService#6] INFO  interfaces.ContainerDeletionChoosingPolicyTemplate (ContainerDeletionChoosingPolicyTemplate.java:chooseContainerForBlockDeletion(85)) - Chosen 0/5000 blocks from 0 candidate containers.
2023-12-18 19:17:33,504 [089733a5-f6c3-45b8-9d3f-1c158e6a3dcf-BlockDeletingService#8] INFO  interfaces.ContainerDeletionChoosingPolicyTemplate (ContainerDeletionChoosingPolicyTemplate.java:chooseContainerForBlockDeletion(85)) - Chosen 0/5000 blocks from 0 candidate containers.
2023-12-18 19:17:33,520 [93699071-0d52-4ef3-adad-6b5a83f48fc5-BlockDeletingService#7] INFO  interfaces.ContainerDeletionChoosingPolicyTemplate (ContainerDeletionChoosingPolicyTemplate.java:chooseContainerForBlockDeletion(85)) - Chosen 0/5000 blocks from 0 candidate containers.
2023-12-18 19:17:33,602 [ded5b85a-ec0d-4a71-9db9-83b101b9c9ad-BlockDeletingService#6] INFO  interfaces.ContainerDeletionChoosingPolicyTemplate (ContainerDeletionChoosingPolicyTemplate.java:chooseContainerForBlockDeletion(85)) - Chosen 0/5000 blocks from 0 candidate containers.
2023-12-18 19:17:33,604 [089733a5-f6c3-45b8-9d3f-1c158e6a3dcf-BlockDeletingService#8] INFO  interfaces.ContainerDeletionChoosingPolicyTemplate (ContainerDeletionChoosingPolicyTemplate.java:chooseContainerForBlockDeletion(85)) - Chosen 0/5000 blocks from 0 candidate containers.
2023-12-18 19:17:33,620 [93699071-0d52-4ef3-adad-6b5a83f48fc5-BlockDeletingService#7] INFO  interfaces.ContainerDeletionChoosingPolicyTemplate (ContainerDeletionChoosingPolicyTemplate.java:chooseContainerForBlockDeletion(85)) - Chosen 0/5000 blocks from 0 candidate containers.
2023-12-18 19:17:33,703 [ded5b85a-ec0d-4a71-9db9-83b101b9c9ad-BlockDeletingService#6] INFO  interfaces.ContainerDeletionChoosingPolicyTemplate (ContainerDeletionChoosingPolicyTemplate.java:chooseContainerForBlockDeletion(85)) - Chosen 0/5000 blocks from 0 candidate containers.
2023-12-18 19:17:33,704 [089733a5-f6c3-45b8-9d3f-1c158e6a3dcf-BlockDeletingService#8] INFO  interfaces.ContainerDeletionChoosingPolicyTemplate (ContainerDeletionChoosingPolicyTemplate.java:chooseContainerForBlockDeletion(85)) - Chosen 0/5000 blocks from 0 candidate containers.
2023-12-18 19:17:33,720 [93699071-0d52-4ef3-adad-6b5a83f48fc5-BlockDeletingService#7] INFO  interfaces.ContainerDeletionChoosingPolicyTemplate (ContainerDeletionChoosingPolicyTemplate.java:chooseContainerForBlockDeletion(85)) - Chosen 0/5000 blocks from 0 candidate containers.
2023-12-18 19:17:33,803 [ded5b85a-ec0d-4a71-9db9-83b101b9c9ad-BlockDeletingService#6] INFO  interfaces.ContainerDeletionChoosingPolicyTemplate (ContainerDeletionChoosingPolicyTemplate.java:chooseContainerForBlockDeletion(85)) - Chosen 0/5000 blocks from 0 candidate containers.
2023-12-18 19:17:33,804 [089733a5-f6c3-45b8-9d3f-1c158e6a3dcf-BlockDeletingService#8] INFO  interfaces.ContainerDeletionChoosingPolicyTemplate (ContainerDeletionChoosingPolicyTemplate.java:chooseContainerForBlockDeletion(85)) - Chosen 0/5000 blocks from 0 candidate containers.
2023-12-18 19:17:33,820 [93699071-0d52-4ef3-adad-6b5a83f48fc5-BlockDeletingService#7] INFO  interfaces.ContainerDeletionChoosingPolicyTemplate (ContainerDeletionChoosingPolicyTemplate.java:chooseContainerForBlockDeletion(85)) - Chosen 0/5000 blocks from 0 candidate containers.
2023-12-18 19:17:33,903 [ded5b85a-ec0d-4a71-9db9-83b101b9c9ad-BlockDeletingService#6] INFO  interfaces.ContainerDeletionChoosingPolicyTemplate (ContainerDeletionChoosingPolicyTemplate.java:chooseContainerForBlockDeletion(85)) - Chosen 0/5000 blocks from 0 candidate containers.
2023-12-18 19:17:33,905 [089733a5-f6c3-45b8-9d3f-1c158e6a3dcf-BlockDeletingService#8] INFO  interfaces.ContainerDeletionChoosingPolicyTemplate (ContainerDeletionChoosingPolicyTemplate.java:chooseContainerForBlockDeletion(85)) - Chosen 0/5000 blocks from 0 candidate containers.
2023-12-18 19:17:33,920 [93699071-0d52-4ef3-adad-6b5a83f48fc5-BlockDeletingService#7] INFO  interfaces.ContainerDeletionChoosingPolicyTemplate (ContainerDeletionChoosingPolicyTemplate.java:chooseContainerForBlockDeletion(85)) - Chosen 0/5000 blocks from 0 candidate containers.
2023-12-18 19:17:34,003 [ded5b85a-ec0d-4a71-9db9-83b101b9c9ad-BlockDeletingService#6] INFO  interfaces.ContainerDeletionChoosingPolicyTemplate (ContainerDeletionChoosingPolicyTemplate.java:chooseContainerForBlockDeletion(85)) - Chosen 0/5000 blocks from 0 candidate containers.
2023-12-18 19:17:34,005 [089733a5-f6c3-45b8-9d3f-1c158e6a3dcf-BlockDeletingService#8] INFO  interfaces.ContainerDeletionChoosingPolicyTemplate (ContainerDeletionChoosingPolicyTemplate.java:chooseContainerForBlockDeletion(85)) - Chosen 0/5000 blocks from 0 candidate containers.
2023-12-18 19:17:34,020 [93699071-0d52-4ef3-adad-6b5a83f48fc5-BlockDeletingService#7] INFO  interfaces.ContainerDeletionChoosingPolicyTemplate (ContainerDeletionChoosingPolicyTemplate.java:chooseContainerForBlockDeletion(85)) - Chosen 0/5000 blocks from 0 candidate containers.
2023-12-18 19:17:34,103 [ded5b85a-ec0d-4a71-9db9-83b101b9c9ad-BlockDeletingService#6] INFO  interfaces.ContainerDeletionChoosingPolicyTemplate (ContainerDeletionChoosingPolicyTemplate.java:chooseContainerForBlockDeletion(85)) - Chosen 0/5000 blocks from 0 candidate containers.
2023-12-18 19:17:34,105 [089733a5-f6c3-45b8-9d3f-1c158e6a3dcf-BlockDeletingService#8] INFO  interfaces.ContainerDeletionChoosingPolicyTemplate (ContainerDeletionChoosingPolicyTemplate.java:chooseContainerForBlockDeletion(85)) - Chosen 0/5000 blocks from 0 candidate containers.
2023-12-18 19:17:34,120 [93699071-0d52-4ef3-adad-6b5a83f48fc5-BlockDeletingService#7] INFO  interfaces.ContainerDeletionChoosingPolicyTemplate (ContainerDeletionChoosingPolicyTemplate.java:chooseContainerForBlockDeletion(85)) - Chosen 0/5000 blocks from 0 candidate containers.
2023-12-18 19:17:34,203 [ded5b85a-ec0d-4a71-9db9-83b101b9c9ad-BlockDeletingService#6] INFO  interfaces.ContainerDeletionChoosingPolicyTemplate (ContainerDeletionChoosingPolicyTemplate.java:chooseContainerForBlockDeletion(85)) - Chosen 0/5000 blocks from 0 candidate containers.
2023-12-18 19:17:34,205 [089733a5-f6c3-45b8-9d3f-1c158e6a3dcf-BlockDeletingService#8] INFO  interfaces.ContainerDeletionChoosingPolicyTemplate (ContainerDeletionChoosingPolicyTemplate.java:chooseContainerForBlockDeletion(85)) - Chosen 0/5000 blocks from 0 candidate containers.
2023-12-18 19:17:34,220 [93699071-0d52-4ef3-adad-6b5a83f48fc5-BlockDeletingService#7] INFO  interfaces.ContainerDeletionChoosingPolicyTemplate (ContainerDeletionChoosingPolicyTemplate.java:chooseContainerForBlockDeletion(85)) - Chosen 0/5000 blocks from 0 candidate containers.
2023-12-18 19:17:34,303 [ded5b85a-ec0d-4a71-9db9-83b101b9c9ad-BlockDeletingService#6] INFO  interfaces.ContainerDeletionChoosingPolicyTemplate (ContainerDeletionChoosingPolicyTemplate.java:chooseContainerForBlockDeletion(85)) - Chosen 0/5000 blocks from 0 candidate containers.
2023-12-18 19:17:34,305 [089733a5-f6c3-45b8-9d3f-1c158e6a3dcf-BlockDeletingService#8] INFO  interfaces.ContainerDeletionChoosingPolicyTemplate (ContainerDeletionChoosingPolicyTemplate.java:chooseContainerForBlockDeletion(85)) - Chosen 0/5000 blocks from 0 candidate containers.
2023-12-18 19:17:34,321 [93699071-0d52-4ef3-adad-6b5a83f48fc5-BlockDeletingService#7] INFO  interfaces.ContainerDeletionChoosingPolicyTemplate (ContainerDeletionChoosingPolicyTemplate.java:chooseContainerForBlockDeletion(85)) - Chosen 0/5000 blocks from 0 candidate containers.
2023-12-18 19:17:34,404 [ded5b85a-ec0d-4a71-9db9-83b101b9c9ad-BlockDeletingService#6] INFO  interfaces.ContainerDeletionChoosingPolicyTemplate (ContainerDeletionChoosingPolicyTemplate.java:chooseContainerForBlockDeletion(85)) - Chosen 0/5000 blocks from 0 candidate containers.
2023-12-18 19:17:34,405 [089733a5-f6c3-45b8-9d3f-1c158e6a3dcf-BlockDeletingService#8] INFO  interfaces.ContainerDeletionChoosingPolicyTemplate (ContainerDeletionChoosingPolicyTemplate.java:chooseContainerForBlockDeletion(85)) - Chosen 0/5000 blocks from 0 candidate containers.
2023-12-18 19:17:34,421 [93699071-0d52-4ef3-adad-6b5a83f48fc5-BlockDeletingService#7] INFO  interfaces.ContainerDeletionChoosingPolicyTemplate (ContainerDeletionChoosingPolicyTemplate.java:chooseContainerForBlockDeletion(85)) - Chosen 0/5000 blocks from 0 candidate containers.
2023-12-18 19:17:34,504 [ded5b85a-ec0d-4a71-9db9-83b101b9c9ad-BlockDeletingService#6] INFO  interfaces.ContainerDeletionChoosingPolicyTemplate (ContainerDeletionChoosingPolicyTemplate.java:chooseContainerForBlockDeletion(85)) - Chosen 0/5000 blocks from 0 candidate containers.
2023-12-18 19:17:34,505 [089733a5-f6c3-45b8-9d3f-1c158e6a3dcf-BlockDeletingService#8] INFO  interfaces.ContainerDeletionChoosingPolicyTemplate (ContainerDeletionChoosingPolicyTemplate.java:chooseContainerForBlockDeletion(85)) - Chosen 0/5000 blocks from 0 candidate containers.
2023-12-18 19:17:34,521 [93699071-0d52-4ef3-adad-6b5a83f48fc5-BlockDeletingService#7] INFO  interfaces.ContainerDeletionChoosingPolicyTemplate (ContainerDeletionChoosingPolicyTemplate.java:chooseContainerForBlockDeletion(85)) - Chosen 0/5000 blocks from 0 candidate containers.
2023-12-18 19:17:34,604 [ded5b85a-ec0d-4a71-9db9-83b101b9c9ad-BlockDeletingService#6] INFO  interfaces.ContainerDeletionChoosingPolicyTemplate (ContainerDeletionChoosingPolicyTemplate.java:chooseContainerForBlockDeletion(85)) - Chosen 0/5000 blocks from 0 candidate containers.
2023-12-18 19:17:34,605 [089733a5-f6c3-45b8-9d3f-1c158e6a3dcf-BlockDeletingService#8] INFO  interfaces.ContainerDeletionChoosingPolicyTemplate (ContainerDeletionChoosingPolicyTemplate.java:chooseContainerForBlockDeletion(85)) - Chosen 0/5000 blocks from 0 candidate containers.
2023-12-18 19:17:34,621 [93699071-0d52-4ef3-adad-6b5a83f48fc5-BlockDeletingService#7] INFO  interfaces.ContainerDeletionChoosingPolicyTemplate (ContainerDeletionChoosingPolicyTemplate.java:chooseContainerForBlockDeletion(85)) - Chosen 0/5000 blocks from 0 candidate containers.
2023-12-18 19:17:34,704 [ded5b85a-ec0d-4a71-9db9-83b101b9c9ad-BlockDeletingService#6] INFO  interfaces.ContainerDeletionChoosingPolicyTemplate (ContainerDeletionChoosingPolicyTemplate.java:chooseContainerForBlockDeletion(85)) - Chosen 0/5000 blocks from 0 candidate containers.
2023-12-18 19:17:34,706 [089733a5-f6c3-45b8-9d3f-1c158e6a3dcf-BlockDeletingService#8] INFO  interfaces.ContainerDeletionChoosingPolicyTemplate (ContainerDeletionChoosingPolicyTemplate.java:chooseContainerForBlockDeletion(85)) - Chosen 0/5000 blocks from 0 candidate containers.
2023-12-18 19:17:34,721 [93699071-0d52-4ef3-adad-6b5a83f48fc5-BlockDeletingService#7] INFO  interfaces.ContainerDeletionChoosingPolicyTemplate (ContainerDeletionChoosingPolicyTemplate.java:chooseContainerForBlockDeletion(85)) - Chosen 0/5000 blocks from 0 candidate containers.
2023-12-18 19:17:34,804 [ded5b85a-ec0d-4a71-9db9-83b101b9c9ad-BlockDeletingService#6] INFO  interfaces.ContainerDeletionChoosingPolicyTemplate (ContainerDeletionChoosingPolicyTemplate.java:chooseContainerForBlockDeletion(85)) - Chosen 0/5000 blocks from 0 candidate containers.
2023-12-18 19:17:34,806 [089733a5-f6c3-45b8-9d3f-1c158e6a3dcf-BlockDeletingService#8] INFO  interfaces.ContainerDeletionChoosingPolicyTemplate (ContainerDeletionChoosingPolicyTemplate.java:chooseContainerForBlockDeletion(85)) - Chosen 0/5000 blocks from 0 candidate containers.
2023-12-18 19:17:34,821 [93699071-0d52-4ef3-adad-6b5a83f48fc5-BlockDeletingService#7] INFO  interfaces.ContainerDeletionChoosingPolicyTemplate (ContainerDeletionChoosingPolicyTemplate.java:chooseContainerForBlockDeletion(85)) - Chosen 0/5000 blocks from 0 candidate containers.
2023-12-18 19:17:34,904 [ded5b85a-ec0d-4a71-9db9-83b101b9c9ad-BlockDeletingService#6] INFO  interfaces.ContainerDeletionChoosingPolicyTemplate (ContainerDeletionChoosingPolicyTemplate.java:chooseContainerForBlockDeletion(85)) - Chosen 0/5000 blocks from 0 candidate containers.
2023-12-18 19:17:34,906 [089733a5-f6c3-45b8-9d3f-1c158e6a3dcf-BlockDeletingService#8] INFO  interfaces.ContainerDeletionChoosingPolicyTemplate (ContainerDeletionChoosingPolicyTemplate.java:chooseContainerForBlockDeletion(85)) - Chosen 0/5000 blocks from 0 candidate containers.
2023-12-18 19:17:34,921 [93699071-0d52-4ef3-adad-6b5a83f48fc5-BlockDeletingService#7] INFO  interfaces.ContainerDeletionChoosingPolicyTemplate (ContainerDeletionChoosingPolicyTemplate.java:chooseContainerForBlockDeletion(85)) - Chosen 0/5000 blocks from 0 candidate containers.
2023-12-18 19:17:35,004 [ded5b85a-ec0d-4a71-9db9-83b101b9c9ad-BlockDeletingService#6] INFO  interfaces.ContainerDeletionChoosingPolicyTemplate (ContainerDeletionChoosingPolicyTemplate.java:chooseContainerForBlockDeletion(85)) - Chosen 0/5000 blocks from 0 candidate containers.
2023-12-18 19:17:35,006 [089733a5-f6c3-45b8-9d3f-1c158e6a3dcf-BlockDeletingService#8] INFO  interfaces.ContainerDeletionChoosingPolicyTemplate (ContainerDeletionChoosingPolicyTemplate.java:chooseContainerForBlockDeletion(85)) - Chosen 0/5000 blocks from 0 candidate containers.
2023-12-18 19:17:35,021 [93699071-0d52-4ef3-adad-6b5a83f48fc5-BlockDeletingService#7] INFO  interfaces.ContainerDeletionChoosingPolicyTemplate (ContainerDeletionChoosingPolicyTemplate.java:chooseContainerForBlockDeletion(85)) - Chosen 0/5000 blocks from 0 candidate containers.
2023-12-18 19:17:35,105 [ded5b85a-ec0d-4a71-9db9-83b101b9c9ad-BlockDeletingService#6] INFO  interfaces.ContainerDeletionChoosingPolicyTemplate (ContainerDeletionChoosingPolicyTemplate.java:chooseContainerForBlockDeletion(85)) - Chosen 0/5000 blocks from 0 candidate containers.
2023-12-18 19:17:35,106 [089733a5-f6c3-45b8-9d3f-1c158e6a3dcf-BlockDeletingService#8] INFO  interfaces.ContainerDeletionChoosingPolicyTemplate (ContainerDeletionChoosingPolicyTemplate.java:chooseContainerForBlockDeletion(85)) - Chosen 0/5000 blocks from 0 candidate containers.
2023-12-18 19:17:35,122 [93699071-0d52-4ef3-adad-6b5a83f48fc5-BlockDeletingService#7] INFO  interfaces.ContainerDeletionChoosingPolicyTemplate (ContainerDeletionChoosingPolicyTemplate.java:chooseContainerForBlockDeletion(85)) - Chosen 0/5000 blocks from 0 candidate containers.
2023-12-18 19:17:35,205 [ded5b85a-ec0d-4a71-9db9-83b101b9c9ad-BlockDeletingService#6] INFO  interfaces.ContainerDeletionChoosingPolicyTemplate (ContainerDeletionChoosingPolicyTemplate.java:chooseContainerForBlockDeletion(85)) - Chosen 0/5000 blocks from 0 candidate containers.
2023-12-18 19:17:35,206 [089733a5-f6c3-45b8-9d3f-1c158e6a3dcf-BlockDeletingService#8] INFO  interfaces.ContainerDeletionChoosingPolicyTemplate (ContainerDeletionChoosingPolicyTemplate.java:chooseContainerForBlockDeletion(85)) - Chosen 0/5000 blocks from 0 candidate containers.
2023-12-18 19:17:35,222 [93699071-0d52-4ef3-adad-6b5a83f48fc5-BlockDeletingService#7] INFO  interfaces.ContainerDeletionChoosingPolicyTemplate (ContainerDeletionChoosingPolicyTemplate.java:chooseContainerForBlockDeletion(85)) - Chosen 0/5000 blocks from 0 candidate containers.
2023-12-18 19:17:35,305 [ded5b85a-ec0d-4a71-9db9-83b101b9c9ad-BlockDeletingService#6] INFO  interfaces.ContainerDeletionChoosingPolicyTemplate (ContainerDeletionChoosingPolicyTemplate.java:chooseContainerForBlockDeletion(85)) - Chosen 0/5000 blocks from 0 candidate containers.
2023-12-18 19:17:35,306 [089733a5-f6c3-45b8-9d3f-1c158e6a3dcf-BlockDeletingService#8] INFO  interfaces.ContainerDeletionChoosingPolicyTemplate (ContainerDeletionChoosingPolicyTemplate.java:chooseContainerForBlockDeletion(85)) - Chosen 0/5000 blocks from 0 candidate containers.
2023-12-18 19:17:35,322 [93699071-0d52-4ef3-adad-6b5a83f48fc5-BlockDeletingService#7] INFO  interfaces.ContainerDeletionChoosingPolicyTemplate (ContainerDeletionChoosingPolicyTemplate.java:chooseContainerForBlockDeletion(85)) - Chosen 0/5000 blocks from 0 candidate containers.
2023-12-18 19:17:35,405 [ded5b85a-ec0d-4a71-9db9-83b101b9c9ad-BlockDeletingService#6] INFO  interfaces.ContainerDeletionChoosingPolicyTemplate (ContainerDeletionChoosingPolicyTemplate.java:chooseContainerForBlockDeletion(85)) - Chosen 0/5000 blocks from 0 candidate containers.
2023-12-18 19:17:35,406 [089733a5-f6c3-45b8-9d3f-1c158e6a3dcf-BlockDeletingService#8] INFO  interfaces.ContainerDeletionChoosingPolicyTemplate (ContainerDeletionChoosingPolicyTemplate.java:chooseContainerForBlockDeletion(85)) - Chosen 0/5000 blocks from 0 candidate containers.
2023-12-18 19:17:35,422 [93699071-0d52-4ef3-adad-6b5a83f48fc5-BlockDeletingService#7] INFO  interfaces.ContainerDeletionChoosingPolicyTemplate (ContainerDeletionChoosingPolicyTemplate.java:chooseContainerForBlockDeletion(85)) - Chosen 0/5000 blocks from 0 candidate containers.
2023-12-18 19:17:35,505 [ded5b85a-ec0d-4a71-9db9-83b101b9c9ad-BlockDeletingService#6] INFO  interfaces.ContainerDeletionChoosingPolicyTemplate (ContainerDeletionChoosingPolicyTemplate.java:chooseContainerForBlockDeletion(85)) - Chosen 0/5000 blocks from 0 candidate containers.
2023-12-18 19:17:35,507 [089733a5-f6c3-45b8-9d3f-1c158e6a3dcf-BlockDeletingService#8] INFO  interfaces.ContainerDeletionChoosingPolicyTemplate (ContainerDeletionChoosingPolicyTemplate.java:chooseContainerForBlockDeletion(85)) - Chosen 0/5000 blocks from 0 candidate containers.
2023-12-18 19:17:35,522 [93699071-0d52-4ef3-adad-6b5a83f48fc5-BlockDeletingService#7] INFO  interfaces.ContainerDeletionChoosingPolicyTemplate (ContainerDeletionChoosingPolicyTemplate.java:chooseContainerForBlockDeletion(85)) - Chosen 0/5000 blocks from 0 candidate containers.
2023-12-18 19:17:35,605 [ded5b85a-ec0d-4a71-9db9-83b101b9c9ad-BlockDeletingService#6] INFO  interfaces.ContainerDeletionChoosingPolicyTemplate (ContainerDeletionChoosingPolicyTemplate.java:chooseContainerForBlockDeletion(85)) - Chosen 0/5000 blocks from 0 candidate containers.
2023-12-18 19:17:35,607 [089733a5-f6c3-45b8-9d3f-1c158e6a3dcf-BlockDeletingService#8] INFO  interfaces.ContainerDeletionChoosingPolicyTemplate (ContainerDeletionChoosingPolicyTemplate.java:chooseContainerForBlockDeletion(85)) - Chosen 0/5000 blocks from 0 candidate containers.
2023-12-18 19:17:35,622 [93699071-0d52-4ef3-adad-6b5a83f48fc5-BlockDeletingService#7] INFO  interfaces.ContainerDeletionChoosingPolicyTemplate (ContainerDeletionChoosingPolicyTemplate.java:chooseContainerForBlockDeletion(85)) - Chosen 0/5000 blocks from 0 candidate containers.
2023-12-18 19:17:35,705 [ded5b85a-ec0d-4a71-9db9-83b101b9c9ad-BlockDeletingService#6] INFO  interfaces.ContainerDeletionChoosingPolicyTemplate (ContainerDeletionChoosingPolicyTemplate.java:chooseContainerForBlockDeletion(85)) - Chosen 0/5000 blocks from 0 candidate containers.
2023-12-18 19:17:35,707 [089733a5-f6c3-45b8-9d3f-1c158e6a3dcf-BlockDeletingService#8] INFO  interfaces.ContainerDeletionChoosingPolicyTemplate (ContainerDeletionChoosingPolicyTemplate.java:chooseContainerForBlockDeletion(85)) - Chosen 0/5000 blocks from 0 candidate containers.
2023-12-18 19:17:35,722 [93699071-0d52-4ef3-adad-6b5a83f48fc5-BlockDeletingService#7] INFO  interfaces.ContainerDeletionChoosingPolicyTemplate (ContainerDeletionChoosingPolicyTemplate.java:chooseContainerForBlockDeletion(85)) - Chosen 0/5000 blocks from 0 candidate containers.
2023-12-18 19:17:35,806 [ded5b85a-ec0d-4a71-9db9-83b101b9c9ad-BlockDeletingService#6] INFO  interfaces.ContainerDeletionChoosingPolicyTemplate (ContainerDeletionChoosingPolicyTemplate.java:chooseContainerForBlockDeletion(85)) - Chosen 0/5000 blocks from 0 candidate containers.
2023-12-18 19:17:35,807 [089733a5-f6c3-45b8-9d3f-1c158e6a3dcf-BlockDeletingService#8] INFO  interfaces.ContainerDeletionChoosingPolicyTemplate (ContainerDeletionChoosingPolicyTemplate.java:chooseContainerForBlockDeletion(85)) - Chosen 0/5000 blocks from 0 candidate containers.
2023-12-18 19:17:35,822 [93699071-0d52-4ef3-adad-6b5a83f48fc5-BlockDeletingService#7] INFO  interfaces.ContainerDeletionChoosingPolicyTemplate (ContainerDeletionChoosingPolicyTemplate.java:chooseContainerForBlockDeletion(85)) - Chosen 0/5000 blocks from 0 candidate containers.
2023-12-18 19:17:35,906 [ded5b85a-ec0d-4a71-9db9-83b101b9c9ad-BlockDeletingService#6] INFO  interfaces.ContainerDeletionChoosingPolicyTemplate (ContainerDeletionChoosingPolicyTemplate.java:chooseContainerForBlockDeletion(85)) - Chosen 0/5000 blocks from 0 candidate containers.
2023-12-18 19:17:35,907 [089733a5-f6c3-45b8-9d3f-1c158e6a3dcf-BlockDeletingService#8] INFO  interfaces.ContainerDeletionChoosingPolicyTemplate (ContainerDeletionChoosingPolicyTemplate.java:chooseContainerForBlockDeletion(85)) - Chosen 0/5000 blocks from 0 candidate containers.
2023-12-18 19:17:35,923 [93699071-0d52-4ef3-adad-6b5a83f48fc5-BlockDeletingService#7] INFO  interfaces.ContainerDeletionChoosingPolicyTemplate (ContainerDeletionChoosingPolicyTemplate.java:chooseContainerForBlockDeletion(85)) - Chosen 0/5000 blocks from 0 candidate containers.
2023-12-18 19:17:36,006 [ded5b85a-ec0d-4a71-9db9-83b101b9c9ad-BlockDeletingService#6] INFO  interfaces.ContainerDeletionChoosingPolicyTemplate (ContainerDeletionChoosingPolicyTemplate.java:chooseContainerForBlockDeletion(85)) - Chosen 0/5000 blocks from 0 candidate containers.
2023-12-18 19:17:36,007 [089733a5-f6c3-45b8-9d3f-1c158e6a3dcf-BlockDeletingService#8] INFO  interfaces.ContainerDeletionChoosingPolicyTemplate (ContainerDeletionChoosingPolicyTemplate.java:chooseContainerForBlockDeletion(85)) - Chosen 0/5000 blocks from 0 candidate containers.
2023-12-18 19:17:36,023 [93699071-0d52-4ef3-adad-6b5a83f48fc5-BlockDeletingService#7] INFO  interfaces.ContainerDeletionChoosingPolicyTemplate (ContainerDeletionChoosingPolicyTemplate.java:chooseContainerForBlockDeletion(85)) - Chosen 0/5000 blocks from 0 candidate containers.
2023-12-18 19:17:36,106 [ded5b85a-ec0d-4a71-9db9-83b101b9c9ad-BlockDeletingService#6] INFO  interfaces.ContainerDeletionChoosingPolicyTemplate (ContainerDeletionChoosingPolicyTemplate.java:chooseContainerForBlockDeletion(85)) - Chosen 0/5000 blocks from 0 candidate containers.
2023-12-18 19:17:36,107 [089733a5-f6c3-45b8-9d3f-1c158e6a3dcf-BlockDeletingService#8] INFO  interfaces.ContainerDeletionChoosingPolicyTemplate (ContainerDeletionChoosingPolicyTemplate.java:chooseContainerForBlockDeletion(85)) - Chosen 0/5000 blocks from 0 candidate containers.
2023-12-18 19:17:36,123 [93699071-0d52-4ef3-adad-6b5a83f48fc5-BlockDeletingService#7] INFO  interfaces.ContainerDeletionChoosingPolicyTemplate (ContainerDeletionChoosingPolicyTemplate.java:chooseContainerForBlockDeletion(85)) - Chosen 0/5000 blocks from 0 candidate containers.
2023-12-18 19:17:36,206 [ded5b85a-ec0d-4a71-9db9-83b101b9c9ad-BlockDeletingService#6] INFO  interfaces.ContainerDeletionChoosingPolicyTemplate (ContainerDeletionChoosingPolicyTemplate.java:chooseContainerForBlockDeletion(85)) - Chosen 0/5000 blocks from 0 candidate containers.
2023-12-18 19:17:36,207 [089733a5-f6c3-45b8-9d3f-1c158e6a3dcf-BlockDeletingService#8] INFO  interfaces.ContainerDeletionChoosingPolicyTemplate (ContainerDeletionChoosingPolicyTemplate.java:chooseContainerForBlockDeletion(85)) - Chosen 0/5000 blocks from 0 candidate containers.
2023-12-18 19:17:36,223 [93699071-0d52-4ef3-adad-6b5a83f48fc5-BlockDeletingService#7] INFO  interfaces.ContainerDeletionChoosingPolicyTemplate (ContainerDeletionChoosingPolicyTemplate.java:chooseContainerForBlockDeletion(85)) - Chosen 0/5000 blocks from 0 candidate containers.
2023-12-18 19:17:36,306 [ded5b85a-ec0d-4a71-9db9-83b101b9c9ad-BlockDeletingService#6] INFO  interfaces.ContainerDeletionChoosingPolicyTemplate (ContainerDeletionChoosingPolicyTemplate.java:chooseContainerForBlockDeletion(85)) - Chosen 0/5000 blocks from 0 candidate containers.
2023-12-18 19:17:36,308 [089733a5-f6c3-45b8-9d3f-1c158e6a3dcf-BlockDeletingService#8] INFO  interfaces.ContainerDeletionChoosingPolicyTemplate (ContainerDeletionChoosingPolicyTemplate.java:chooseContainerForBlockDeletion(85)) - Chosen 0/5000 blocks from 0 candidate containers.
2023-12-18 19:17:36,323 [93699071-0d52-4ef3-adad-6b5a83f48fc5-BlockDeletingService#7] INFO  interfaces.ContainerDeletionChoosingPolicyTemplate (ContainerDeletionChoosingPolicyTemplate.java:chooseContainerForBlockDeletion(85)) - Chosen 0/5000 blocks from 0 candidate containers.
2023-12-18 19:17:36,406 [ded5b85a-ec0d-4a71-9db9-83b101b9c9ad-BlockDeletingService#6] INFO  interfaces.ContainerDeletionChoosingPolicyTemplate (ContainerDeletionChoosingPolicyTemplate.java:chooseContainerForBlockDeletion(85)) - Chosen 0/5000 blocks from 0 candidate containers.
2023-12-18 19:17:36,408 [089733a5-f6c3-45b8-9d3f-1c158e6a3dcf-BlockDeletingService#8] INFO  interfaces.ContainerDeletionChoosingPolicyTemplate (ContainerDeletionChoosingPolicyTemplate.java:chooseContainerForBlockDeletion(85)) - Chosen 0/5000 blocks from 0 candidate containers.
2023-12-18 19:17:36,423 [93699071-0d52-4ef3-adad-6b5a83f48fc5-BlockDeletingService#7] INFO  interfaces.ContainerDeletionChoosingPolicyTemplate (ContainerDeletionChoosingPolicyTemplate.java:chooseContainerForBlockDeletion(85)) - Chosen 0/5000 blocks from 0 candidate containers.
2023-12-18 19:17:36,507 [ded5b85a-ec0d-4a71-9db9-83b101b9c9ad-BlockDeletingService#6] INFO  interfaces.ContainerDeletionChoosingPolicyTemplate (ContainerDeletionChoosingPolicyTemplate.java:chooseContainerForBlockDeletion(85)) - Chosen 0/5000 blocks from 0 candidate containers.
2023-12-18 19:17:36,508 [089733a5-f6c3-45b8-9d3f-1c158e6a3dcf-BlockDeletingService#8] INFO  interfaces.ContainerDeletionChoosingPolicyTemplate (ContainerDeletionChoosingPolicyTemplate.java:chooseContainerForBlockDeletion(85)) - Chosen 0/5000 blocks from 0 candidate containers.
2023-12-18 19:17:36,523 [93699071-0d52-4ef3-adad-6b5a83f48fc5-BlockDeletingService#7] INFO  interfaces.ContainerDeletionChoosingPolicyTemplate (ContainerDeletionChoosingPolicyTemplate.java:chooseContainerForBlockDeletion(85)) - Chosen 0/5000 blocks from 0 candidate containers.
2023-12-18 19:17:36,607 [ded5b85a-ec0d-4a71-9db9-83b101b9c9ad-BlockDeletingService#6] INFO  interfaces.ContainerDeletionChoosingPolicyTemplate (ContainerDeletionChoosingPolicyTemplate.java:chooseContainerForBlockDeletion(85)) - Chosen 0/5000 blocks from 0 candidate containers.
2023-12-18 19:17:36,608 [089733a5-f6c3-45b8-9d3f-1c158e6a3dcf-BlockDeletingService#8] INFO  interfaces.ContainerDeletionChoosingPolicyTemplate (ContainerDeletionChoosingPolicyTemplate.java:chooseContainerForBlockDeletion(85)) - Chosen 0/5000 blocks from 0 candidate containers.
2023-12-18 19:17:36,623 [93699071-0d52-4ef3-adad-6b5a83f48fc5-BlockDeletingService#7] INFO  interfaces.ContainerDeletionChoosingPolicyTemplate (ContainerDeletionChoosingPolicyTemplate.java:chooseContainerForBlockDeletion(85)) - Chosen 0/5000 blocks from 0 candidate containers.
2023-12-18 19:17:36,707 [ded5b85a-ec0d-4a71-9db9-83b101b9c9ad-BlockDeletingService#6] INFO  interfaces.ContainerDeletionChoosingPolicyTemplate (ContainerDeletionChoosingPolicyTemplate.java:chooseContainerForBlockDeletion(85)) - Chosen 0/5000 blocks from 0 candidate containers.
2023-12-18 19:17:36,708 [089733a5-f6c3-45b8-9d3f-1c158e6a3dcf-BlockDeletingService#8] INFO  interfaces.ContainerDeletionChoosingPolicyTemplate (ContainerDeletionChoosingPolicyTemplate.java:chooseContainerForBlockDeletion(85)) - Chosen 0/5000 blocks from 0 candidate containers.
2023-12-18 19:17:36,724 [93699071-0d52-4ef3-adad-6b5a83f48fc5-BlockDeletingService#7] INFO  interfaces.ContainerDeletionChoosingPolicyTemplate (ContainerDeletionChoosingPolicyTemplate.java:chooseContainerForBlockDeletion(85)) - Chosen 0/5000 blocks from 0 candidate containers.
2023-12-18 19:17:36,807 [ded5b85a-ec0d-4a71-9db9-83b101b9c9ad-BlockDeletingService#6] INFO  interfaces.ContainerDeletionChoosingPolicyTemplate (ContainerDeletionChoosingPolicyTemplate.java:chooseContainerForBlockDeletion(85)) - Chosen 0/5000 blocks from 0 candidate containers.
2023-12-18 19:17:36,808 [089733a5-f6c3-45b8-9d3f-1c158e6a3dcf-BlockDeletingService#8] INFO  interfaces.ContainerDeletionChoosingPolicyTemplate (ContainerDeletionChoosingPolicyTemplate.java:chooseContainerForBlockDeletion(85)) - Chosen 0/5000 blocks from 0 candidate containers.
2023-12-18 19:17:36,824 [93699071-0d52-4ef3-adad-6b5a83f48fc5-BlockDeletingService#7] INFO  interfaces.ContainerDeletionChoosingPolicyTemplate (ContainerDeletionChoosingPolicyTemplate.java:chooseContainerForBlockDeletion(85)) - Chosen 0/5000 blocks from 0 candidate containers.
2023-12-18 19:17:36,907 [ded5b85a-ec0d-4a71-9db9-83b101b9c9ad-BlockDeletingService#6] INFO  interfaces.ContainerDeletionChoosingPolicyTemplate (ContainerDeletionChoosingPolicyTemplate.java:chooseContainerForBlockDeletion(85)) - Chosen 0/5000 blocks from 0 candidate containers.
2023-12-18 19:17:36,908 [089733a5-f6c3-45b8-9d3f-1c158e6a3dcf-BlockDeletingService#8] INFO  interfaces.ContainerDeletionChoosingPolicyTemplate (ContainerDeletionChoosingPolicyTemplate.java:chooseContainerForBlockDeletion(85)) - Chosen 0/5000 blocks from 0 candidate containers.
2023-12-18 19:17:36,924 [93699071-0d52-4ef3-adad-6b5a83f48fc5-BlockDeletingService#7] INFO  interfaces.ContainerDeletionChoosingPolicyTemplate (ContainerDeletionChoosingPolicyTemplate.java:chooseContainerForBlockDeletion(85)) - Chosen 0/5000 blocks from 0 candidate containers.
2023-12-18 19:17:37,007 [ded5b85a-ec0d-4a71-9db9-83b101b9c9ad-BlockDeletingService#6] INFO  interfaces.ContainerDeletionChoosingPolicyTemplate (ContainerDeletionChoosingPolicyTemplate.java:chooseContainerForBlockDeletion(85)) - Chosen 0/5000 blocks from 0 candidate containers.
2023-12-18 19:17:37,009 [089733a5-f6c3-45b8-9d3f-1c158e6a3dcf-BlockDeletingService#8] INFO  interfaces.ContainerDeletionChoosingPolicyTemplate (ContainerDeletionChoosingPolicyTemplate.java:chooseContainerForBlockDeletion(85)) - Chosen 0/5000 blocks from 0 candidate containers.
2023-12-18 19:17:37,024 [93699071-0d52-4ef3-adad-6b5a83f48fc5-BlockDeletingService#7] INFO  interfaces.ContainerDeletionChoosingPolicyTemplate (ContainerDeletionChoosingPolicyTemplate.java:chooseContainerForBlockDeletion(85)) - Chosen 0/5000 blocks from 0 candidate containers.
2023-12-18 19:17:37,107 [ded5b85a-ec0d-4a71-9db9-83b101b9c9ad-BlockDeletingService#6] INFO  interfaces.ContainerDeletionChoosingPolicyTemplate (ContainerDeletionChoosingPolicyTemplate.java:chooseContainerForBlockDeletion(85)) - Chosen 0/5000 blocks from 0 candidate containers.
2023-12-18 19:17:37,109 [089733a5-f6c3-45b8-9d3f-1c158e6a3dcf-BlockDeletingService#8] INFO  interfaces.ContainerDeletionChoosingPolicyTemplate (ContainerDeletionChoosingPolicyTemplate.java:chooseContainerForBlockDeletion(85)) - Chosen 0/5000 blocks from 0 candidate containers.
2023-12-18 19:17:37,124 [93699071-0d52-4ef3-adad-6b5a83f48fc5-BlockDeletingService#7] INFO  interfaces.ContainerDeletionChoosingPolicyTemplate (ContainerDeletionChoosingPolicyTemplate.java:chooseContainerForBlockDeletion(85)) - Chosen 0/5000 blocks from 0 candidate containers.
2023-12-18 19:17:37,208 [ded5b85a-ec0d-4a71-9db9-83b101b9c9ad-BlockDeletingService#6] INFO  interfaces.ContainerDeletionChoosingPolicyTemplate (ContainerDeletionChoosingPolicyTemplate.java:chooseContainerForBlockDeletion(85)) - Chosen 0/5000 blocks from 0 candidate containers.
2023-12-18 19:17:37,209 [089733a5-f6c3-45b8-9d3f-1c158e6a3dcf-BlockDeletingService#8] INFO  interfaces.ContainerDeletionChoosingPolicyTemplate (ContainerDeletionChoosingPolicyTemplate.java:chooseContainerForBlockDeletion(85)) - Chosen 0/5000 blocks from 0 candidate containers.
2023-12-18 19:17:37,224 [93699071-0d52-4ef3-adad-6b5a83f48fc5-BlockDeletingService#7] INFO  interfaces.ContainerDeletionChoosingPolicyTemplate (ContainerDeletionChoosingPolicyTemplate.java:chooseContainerForBlockDeletion(85)) - Chosen 0/5000 blocks from 0 candidate containers.
2023-12-18 19:17:37,308 [ded5b85a-ec0d-4a71-9db9-83b101b9c9ad-BlockDeletingService#6] INFO  interfaces.ContainerDeletionChoosingPolicyTemplate (ContainerDeletionChoosingPolicyTemplate.java:chooseContainerForBlockDeletion(85)) - Chosen 0/5000 blocks from 0 candidate containers.
2023-12-18 19:17:37,309 [089733a5-f6c3-45b8-9d3f-1c158e6a3dcf-BlockDeletingService#8] INFO  interfaces.ContainerDeletionChoosingPolicyTemplate (ContainerDeletionChoosingPolicyTemplate.java:chooseContainerForBlockDeletion(85)) - Chosen 0/5000 blocks from 0 candidate containers.
2023-12-18 19:17:37,324 [93699071-0d52-4ef3-adad-6b5a83f48fc5-BlockDeletingService#7] INFO  interfaces.ContainerDeletionChoosingPolicyTemplate (ContainerDeletionChoosingPolicyTemplate.java:chooseContainerForBlockDeletion(85)) - Chosen 0/5000 blocks from 0 candidate containers.
2023-12-18 19:17:37,408 [ded5b85a-ec0d-4a71-9db9-83b101b9c9ad-BlockDeletingService#6] INFO  interfaces.ContainerDeletionChoosingPolicyTemplate (ContainerDeletionChoosingPolicyTemplate.java:chooseContainerForBlockDeletion(85)) - Chosen 0/5000 blocks from 0 candidate containers.
2023-12-18 19:17:37,409 [089733a5-f6c3-45b8-9d3f-1c158e6a3dcf-BlockDeletingService#8] INFO  interfaces.ContainerDeletionChoosingPolicyTemplate (ContainerDeletionChoosingPolicyTemplate.java:chooseContainerForBlockDeletion(85)) - Chosen 0/5000 blocks from 0 candidate containers.
2023-12-18 19:17:37,424 [93699071-0d52-4ef3-adad-6b5a83f48fc5-BlockDeletingService#7] INFO  interfaces.ContainerDeletionChoosingPolicyTemplate (ContainerDeletionChoosingPolicyTemplate.java:chooseContainerForBlockDeletion(85)) - Chosen 0/5000 blocks from 0 candidate containers.
2023-12-18 19:17:37,508 [ded5b85a-ec0d-4a71-9db9-83b101b9c9ad-BlockDeletingService#6] INFO  interfaces.ContainerDeletionChoosingPolicyTemplate (ContainerDeletionChoosingPolicyTemplate.java:chooseContainerForBlockDeletion(85)) - Chosen 0/5000 blocks from 0 candidate containers.
2023-12-18 19:17:37,509 [089733a5-f6c3-45b8-9d3f-1c158e6a3dcf-BlockDeletingService#8] INFO  interfaces.ContainerDeletionChoosingPolicyTemplate (ContainerDeletionChoosingPolicyTemplate.java:chooseContainerForBlockDeletion(85)) - Chosen 0/5000 blocks from 0 candidate containers.
2023-12-18 19:17:37,525 [93699071-0d52-4ef3-adad-6b5a83f48fc5-BlockDeletingService#7] INFO  interfaces.ContainerDeletionChoosingPolicyTemplate (ContainerDeletionChoosingPolicyTemplate.java:chooseContainerForBlockDeletion(85)) - Chosen 0/5000 blocks from 0 candidate containers.
2023-12-18 19:17:37,608 [ded5b85a-ec0d-4a71-9db9-83b101b9c9ad-BlockDeletingService#6] INFO  interfaces.ContainerDeletionChoosingPolicyTemplate (ContainerDeletionChoosingPolicyTemplate.java:chooseContainerForBlockDeletion(85)) - Chosen 0/5000 blocks from 0 candidate containers.
2023-12-18 19:17:37,609 [089733a5-f6c3-45b8-9d3f-1c158e6a3dcf-BlockDeletingService#0] INFO  interfaces.ContainerDeletionChoosingPolicyTemplate (ContainerDeletionChoosingPolicyTemplate.java:chooseContainerForBlockDeletion(85)) - Chosen 0/5000 blocks from 0 candidate containers.
2023-12-18 19:17:37,625 [93699071-0d52-4ef3-adad-6b5a83f48fc5-BlockDeletingService#7] INFO  interfaces.ContainerDeletionChoosingPolicyTemplate (ContainerDeletionChoosingPolicyTemplate.java:chooseContainerForBlockDeletion(85)) - Chosen 0/5000 blocks from 0 candidate containers.
2023-12-18 19:17:37,708 [ded5b85a-ec0d-4a71-9db9-83b101b9c9ad-BlockDeletingService#6] INFO  interfaces.ContainerDeletionChoosingPolicyTemplate (ContainerDeletionChoosingPolicyTemplate.java:chooseContainerForBlockDeletion(85)) - Chosen 0/5000 blocks from 0 candidate containers.
2023-12-18 19:17:37,709 [089733a5-f6c3-45b8-9d3f-1c158e6a3dcf-BlockDeletingService#0] INFO  interfaces.ContainerDeletionChoosingPolicyTemplate (ContainerDeletionChoosingPolicyTemplate.java:chooseContainerForBlockDeletion(85)) - Chosen 0/5000 blocks from 0 candidate containers.
2023-12-18 19:17:37,725 [93699071-0d52-4ef3-adad-6b5a83f48fc5-BlockDeletingService#7] INFO  interfaces.ContainerDeletionChoosingPolicyTemplate (ContainerDeletionChoosingPolicyTemplate.java:chooseContainerForBlockDeletion(85)) - Chosen 0/5000 blocks from 0 candidate containers.
2023-12-18 19:17:37,808 [ded5b85a-ec0d-4a71-9db9-83b101b9c9ad-BlockDeletingService#6] INFO  interfaces.ContainerDeletionChoosingPolicyTemplate (ContainerDeletionChoosingPolicyTemplate.java:chooseContainerForBlockDeletion(85)) - Chosen 0/5000 blocks from 0 candidate containers.
2023-12-18 19:17:37,810 [089733a5-f6c3-45b8-9d3f-1c158e6a3dcf-BlockDeletingService#0] INFO  interfaces.ContainerDeletionChoosingPolicyTemplate (ContainerDeletionChoosingPolicyTemplate.java:chooseContainerForBlockDeletion(85)) - Chosen 0/5000 blocks from 0 candidate containers.
2023-12-18 19:17:37,825 [93699071-0d52-4ef3-adad-6b5a83f48fc5-BlockDeletingService#7] INFO  interfaces.ContainerDeletionChoosingPolicyTemplate (ContainerDeletionChoosingPolicyTemplate.java:chooseContainerForBlockDeletion(85)) - Chosen 0/5000 blocks from 0 candidate containers.
2023-12-18 19:17:37,908 [ded5b85a-ec0d-4a71-9db9-83b101b9c9ad-BlockDeletingService#6] INFO  interfaces.ContainerDeletionChoosingPolicyTemplate (ContainerDeletionChoosingPolicyTemplate.java:chooseContainerForBlockDeletion(85)) - Chosen 0/5000 blocks from 0 candidate containers.
2023-12-18 19:17:37,910 [089733a5-f6c3-45b8-9d3f-1c158e6a3dcf-BlockDeletingService#0] INFO  interfaces.ContainerDeletionChoosingPolicyTemplate (ContainerDeletionChoosingPolicyTemplate.java:chooseContainerForBlockDeletion(85)) - Chosen 0/5000 blocks from 0 candidate containers.
2023-12-18 19:17:37,925 [93699071-0d52-4ef3-adad-6b5a83f48fc5-BlockDeletingService#7] INFO  interfaces.ContainerDeletionChoosingPolicyTemplate (ContainerDeletionChoosingPolicyTemplate.java:chooseContainerForBlockDeletion(85)) - Chosen 0/5000 blocks from 0 candidate containers.
2023-12-18 19:17:38,009 [ded5b85a-ec0d-4a71-9db9-83b101b9c9ad-BlockDeletingService#6] INFO  interfaces.ContainerDeletionChoosingPolicyTemplate (ContainerDeletionChoosingPolicyTemplate.java:chooseContainerForBlockDeletion(85)) - Chosen 0/5000 blocks from 0 candidate containers.
2023-12-18 19:17:38,010 [089733a5-f6c3-45b8-9d3f-1c158e6a3dcf-BlockDeletingService#0] INFO  interfaces.ContainerDeletionChoosingPolicyTemplate (ContainerDeletionChoosingPolicyTemplate.java:chooseContainerForBlockDeletion(85)) - Chosen 0/5000 blocks from 0 candidate containers.
2023-12-18 19:17:38,025 [93699071-0d52-4ef3-adad-6b5a83f48fc5-BlockDeletingService#7] INFO  interfaces.ContainerDeletionChoosingPolicyTemplate (ContainerDeletionChoosingPolicyTemplate.java:chooseContainerForBlockDeletion(85)) - Chosen 0/5000 blocks from 0 candidate containers.
2023-12-18 19:17:38,109 [ded5b85a-ec0d-4a71-9db9-83b101b9c9ad-BlockDeletingService#6] INFO  interfaces.ContainerDeletionChoosingPolicyTemplate (ContainerDeletionChoosingPolicyTemplate.java:chooseContainerForBlockDeletion(85)) - Chosen 0/5000 blocks from 0 candidate containers.
2023-12-18 19:17:38,110 [089733a5-f6c3-45b8-9d3f-1c158e6a3dcf-BlockDeletingService#0] INFO  interfaces.ContainerDeletionChoosingPolicyTemplate (ContainerDeletionChoosingPolicyTemplate.java:chooseContainerForBlockDeletion(85)) - Chosen 0/5000 blocks from 0 candidate containers.
2023-12-18 19:17:38,125 [93699071-0d52-4ef3-adad-6b5a83f48fc5-BlockDeletingService#7] INFO  interfaces.ContainerDeletionChoosingPolicyTemplate (ContainerDeletionChoosingPolicyTemplate.java:chooseContainerForBlockDeletion(85)) - Chosen 0/5000 blocks from 0 candidate containers.
2023-12-18 19:17:38,209 [ded5b85a-ec0d-4a71-9db9-83b101b9c9ad-BlockDeletingService#6] INFO  interfaces.ContainerDeletionChoosingPolicyTemplate (ContainerDeletionChoosingPolicyTemplate.java:chooseContainerForBlockDeletion(85)) - Chosen 0/5000 blocks from 0 candidate containers.
2023-12-18 19:17:38,210 [089733a5-f6c3-45b8-9d3f-1c158e6a3dcf-BlockDeletingService#0] INFO  interfaces.ContainerDeletionChoosingPolicyTemplate (ContainerDeletionChoosingPolicyTemplate.java:chooseContainerForBlockDeletion(85)) - Chosen 0/5000 blocks from 0 candidate containers.
2023-12-18 19:17:38,225 [93699071-0d52-4ef3-adad-6b5a83f48fc5-BlockDeletingService#7] INFO  interfaces.ContainerDeletionChoosingPolicyTemplate (ContainerDeletionChoosingPolicyTemplate.java:chooseContainerForBlockDeletion(85)) - Chosen 0/5000 blocks from 0 candidate containers.
2023-12-18 19:17:38,309 [ded5b85a-ec0d-4a71-9db9-83b101b9c9ad-BlockDeletingService#6] INFO  interfaces.ContainerDeletionChoosingPolicyTemplate (ContainerDeletionChoosingPolicyTemplate.java:chooseContainerForBlockDeletion(85)) - Chosen 0/5000 blocks from 0 candidate containers.
2023-12-18 19:17:38,310 [089733a5-f6c3-45b8-9d3f-1c158e6a3dcf-BlockDeletingService#0] INFO  interfaces.ContainerDeletionChoosingPolicyTemplate (ContainerDeletionChoosingPolicyTemplate.java:chooseContainerForBlockDeletion(85)) - Chosen 0/5000 blocks from 0 candidate containers.
2023-12-18 19:17:38,326 [93699071-0d52-4ef3-adad-6b5a83f48fc5-BlockDeletingService#7] INFO  interfaces.ContainerDeletionChoosingPolicyTemplate (ContainerDeletionChoosingPolicyTemplate.java:chooseContainerForBlockDeletion(85)) - Chosen 0/5000 blocks from 0 candidate containers.
2023-12-18 19:17:38,409 [ded5b85a-ec0d-4a71-9db9-83b101b9c9ad-BlockDeletingService#6] INFO  interfaces.ContainerDeletionChoosingPolicyTemplate (ContainerDeletionChoosingPolicyTemplate.java:chooseContainerForBlockDeletion(85)) - Chosen 0/5000 blocks from 0 candidate containers.
2023-12-18 19:17:38,410 [089733a5-f6c3-45b8-9d3f-1c158e6a3dcf-BlockDeletingService#0] INFO  interfaces.ContainerDeletionChoosingPolicyTemplate (ContainerDeletionChoosingPolicyTemplate.java:chooseContainerForBlockDeletion(85)) - Chosen 0/5000 blocks from 0 candidate containers.
2023-12-18 19:17:38,426 [93699071-0d52-4ef3-adad-6b5a83f48fc5-BlockDeletingService#7] INFO  interfaces.ContainerDeletionChoosingPolicyTemplate (ContainerDeletionChoosingPolicyTemplate.java:chooseContainerForBlockDeletion(85)) - Chosen 0/5000 blocks from 0 candidate containers.
2023-12-18 19:17:38,510 [ded5b85a-ec0d-4a71-9db9-83b101b9c9ad-BlockDeletingService#6] INFO  interfaces.ContainerDeletionChoosingPolicyTemplate (ContainerDeletionChoosingPolicyTemplate.java:chooseContainerForBlockDeletion(85)) - Chosen 0/5000 blocks from 0 candidate containers.
2023-12-18 19:17:38,510 [089733a5-f6c3-45b8-9d3f-1c158e6a3dcf-BlockDeletingService#0] INFO  interfaces.ContainerDeletionChoosingPolicyTemplate (ContainerDeletionChoosingPolicyTemplate.java:chooseContainerForBlockDeletion(85)) - Chosen 0/5000 blocks from 0 candidate containers.
2023-12-18 19:17:38,526 [93699071-0d52-4ef3-adad-6b5a83f48fc5-BlockDeletingService#7] INFO  interfaces.ContainerDeletionChoosingPolicyTemplate (ContainerDeletionChoosingPolicyTemplate.java:chooseContainerForBlockDeletion(85)) - Chosen 0/5000 blocks from 0 candidate containers.
2023-12-18 19:17:38,610 [ded5b85a-ec0d-4a71-9db9-83b101b9c9ad-BlockDeletingService#6] INFO  interfaces.ContainerDeletionChoosingPolicyTemplate (ContainerDeletionChoosingPolicyTemplate.java:chooseContainerForBlockDeletion(85)) - Chosen 0/5000 blocks from 0 candidate containers.
2023-12-18 19:17:38,611 [089733a5-f6c3-45b8-9d3f-1c158e6a3dcf-BlockDeletingService#0] INFO  interfaces.ContainerDeletionChoosingPolicyTemplate (ContainerDeletionChoosingPolicyTemplate.java:chooseContainerForBlockDeletion(85)) - Chosen 0/5000 blocks from 0 candidate containers.
2023-12-18 19:17:38,626 [93699071-0d52-4ef3-adad-6b5a83f48fc5-BlockDeletingService#7] INFO  interfaces.ContainerDeletionChoosingPolicyTemplate (ContainerDeletionChoosingPolicyTemplate.java:chooseContainerForBlockDeletion(85)) - Chosen 0/5000 blocks from 0 candidate containers.
2023-12-18 19:17:38,710 [ded5b85a-ec0d-4a71-9db9-83b101b9c9ad-BlockDeletingService#6] INFO  interfaces.ContainerDeletionChoosingPolicyTemplate (ContainerDeletionChoosingPolicyTemplate.java:chooseContainerForBlockDeletion(85)) - Chosen 0/5000 blocks from 0 candidate containers.
2023-12-18 19:17:38,711 [089733a5-f6c3-45b8-9d3f-1c158e6a3dcf-BlockDeletingService#0] INFO  interfaces.ContainerDeletionChoosingPolicyTemplate (ContainerDeletionChoosingPolicyTemplate.java:chooseContainerForBlockDeletion(85)) - Chosen 0/5000 blocks from 0 candidate containers.
2023-12-18 19:17:38,726 [93699071-0d52-4ef3-adad-6b5a83f48fc5-BlockDeletingService#7] INFO  interfaces.ContainerDeletionChoosingPolicyTemplate (ContainerDeletionChoosingPolicyTemplate.java:chooseContainerForBlockDeletion(85)) - Chosen 0/5000 blocks from 0 candidate containers.
2023-12-18 19:17:38,810 [ded5b85a-ec0d-4a71-9db9-83b101b9c9ad-BlockDeletingService#6] INFO  interfaces.ContainerDeletionChoosingPolicyTemplate (ContainerDeletionChoosingPolicyTemplate.java:chooseContainerForBlockDeletion(85)) - Chosen 0/5000 blocks from 0 candidate containers.
2023-12-18 19:17:38,811 [089733a5-f6c3-45b8-9d3f-1c158e6a3dcf-BlockDeletingService#0] INFO  interfaces.ContainerDeletionChoosingPolicyTemplate (ContainerDeletionChoosingPolicyTemplate.java:chooseContainerForBlockDeletion(85)) - Chosen 0/5000 blocks from 0 candidate containers.
2023-12-18 19:17:38,826 [93699071-0d52-4ef3-adad-6b5a83f48fc5-BlockDeletingService#7] INFO  interfaces.ContainerDeletionChoosingPolicyTemplate (ContainerDeletionChoosingPolicyTemplate.java:chooseContainerForBlockDeletion(85)) - Chosen 0/5000 blocks from 0 candidate containers.
2023-12-18 19:17:38,910 [ded5b85a-ec0d-4a71-9db9-83b101b9c9ad-BlockDeletingService#6] INFO  interfaces.ContainerDeletionChoosingPolicyTemplate (ContainerDeletionChoosingPolicyTemplate.java:chooseContainerForBlockDeletion(85)) - Chosen 0/5000 blocks from 0 candidate containers.
2023-12-18 19:17:38,911 [089733a5-f6c3-45b8-9d3f-1c158e6a3dcf-BlockDeletingService#0] INFO  interfaces.ContainerDeletionChoosingPolicyTemplate (ContainerDeletionChoosingPolicyTemplate.java:chooseContainerForBlockDeletion(85)) - Chosen 0/5000 blocks from 0 candidate containers.
2023-12-18 19:17:38,926 [93699071-0d52-4ef3-adad-6b5a83f48fc5-BlockDeletingService#7] INFO  interfaces.ContainerDeletionChoosingPolicyTemplate (ContainerDeletionChoosingPolicyTemplate.java:chooseContainerForBlockDeletion(85)) - Chosen 0/5000 blocks from 0 candidate containers.
2023-12-18 19:17:39,010 [ded5b85a-ec0d-4a71-9db9-83b101b9c9ad-BlockDeletingService#6] INFO  interfaces.ContainerDeletionChoosingPolicyTemplate (ContainerDeletionChoosingPolicyTemplate.java:chooseContainerForBlockDeletion(85)) - Chosen 0/5000 blocks from 0 candidate containers.
2023-12-18 19:17:39,011 [089733a5-f6c3-45b8-9d3f-1c158e6a3dcf-BlockDeletingService#0] INFO  interfaces.ContainerDeletionChoosingPolicyTemplate (ContainerDeletionChoosingPolicyTemplate.java:chooseContainerForBlockDeletion(85)) - Chosen 0/5000 blocks from 0 candidate containers.
2023-12-18 19:17:39,026 [93699071-0d52-4ef3-adad-6b5a83f48fc5-BlockDeletingService#7] INFO  interfaces.ContainerDeletionChoosingPolicyTemplate (ContainerDeletionChoosingPolicyTemplate.java:chooseContainerForBlockDeletion(85)) - Chosen 0/5000 blocks from 0 candidate containers.
2023-12-18 19:17:39,111 [ded5b85a-ec0d-4a71-9db9-83b101b9c9ad-BlockDeletingService#6] INFO  interfaces.ContainerDeletionChoosingPolicyTemplate (ContainerDeletionChoosingPolicyTemplate.java:chooseContainerForBlockDeletion(85)) - Chosen 0/5000 blocks from 0 candidate containers.
2023-12-18 19:17:39,111 [089733a5-f6c3-45b8-9d3f-1c158e6a3dcf-BlockDeletingService#0] INFO  interfaces.ContainerDeletionChoosingPolicyTemplate (ContainerDeletionChoosingPolicyTemplate.java:chooseContainerForBlockDeletion(85)) - Chosen 0/5000 blocks from 0 candidate containers.
2023-12-18 19:17:39,127 [93699071-0d52-4ef3-adad-6b5a83f48fc5-BlockDeletingService#7] INFO  interfaces.ContainerDeletionChoosingPolicyTemplate (ContainerDeletionChoosingPolicyTemplate.java:chooseContainerForBlockDeletion(85)) - Chosen 0/5000 blocks from 0 candidate containers.
2023-12-18 19:17:39,211 [ded5b85a-ec0d-4a71-9db9-83b101b9c9ad-BlockDeletingService#6] INFO  interfaces.ContainerDeletionChoosingPolicyTemplate (ContainerDeletionChoosingPolicyTemplate.java:chooseContainerForBlockDeletion(85)) - Chosen 0/5000 blocks from 0 candidate containers.
2023-12-18 19:17:39,211 [089733a5-f6c3-45b8-9d3f-1c158e6a3dcf-BlockDeletingService#0] INFO  interfaces.ContainerDeletionChoosingPolicyTemplate (ContainerDeletionChoosingPolicyTemplate.java:chooseContainerForBlockDeletion(85)) - Chosen 0/5000 blocks from 0 candidate containers.
2023-12-18 19:17:39,227 [93699071-0d52-4ef3-adad-6b5a83f48fc5-BlockDeletingService#7] INFO  interfaces.ContainerDeletionChoosingPolicyTemplate (ContainerDeletionChoosingPolicyTemplate.java:chooseContainerForBlockDeletion(85)) - Chosen 0/5000 blocks from 0 candidate containers.
2023-12-18 19:17:39,311 [ded5b85a-ec0d-4a71-9db9-83b101b9c9ad-BlockDeletingService#6] INFO  interfaces.ContainerDeletionChoosingPolicyTemplate (ContainerDeletionChoosingPolicyTemplate.java:chooseContainerForBlockDeletion(85)) - Chosen 0/5000 blocks from 0 candidate containers.
2023-12-18 19:17:39,311 [089733a5-f6c3-45b8-9d3f-1c158e6a3dcf-BlockDeletingService#0] INFO  interfaces.ContainerDeletionChoosingPolicyTemplate (ContainerDeletionChoosingPolicyTemplate.java:chooseContainerForBlockDeletion(85)) - Chosen 0/5000 blocks from 0 candidate containers.
2023-12-18 19:17:39,327 [93699071-0d52-4ef3-adad-6b5a83f48fc5-BlockDeletingService#7] INFO  interfaces.ContainerDeletionChoosingPolicyTemplate (ContainerDeletionChoosingPolicyTemplate.java:chooseContainerForBlockDeletion(85)) - Chosen 0/5000 blocks from 0 candidate containers.
2023-12-18 19:17:39,411 [ded5b85a-ec0d-4a71-9db9-83b101b9c9ad-BlockDeletingService#6] INFO  interfaces.ContainerDeletionChoosingPolicyTemplate (ContainerDeletionChoosingPolicyTemplate.java:chooseContainerForBlockDeletion(85)) - Chosen 0/5000 blocks from 0 candidate containers.
2023-12-18 19:17:39,412 [089733a5-f6c3-45b8-9d3f-1c158e6a3dcf-BlockDeletingService#0] INFO  interfaces.ContainerDeletionChoosingPolicyTemplate (ContainerDeletionChoosingPolicyTemplate.java:chooseContainerForBlockDeletion(85)) - Chosen 0/5000 blocks from 0 candidate containers.
2023-12-18 19:17:39,427 [93699071-0d52-4ef3-adad-6b5a83f48fc5-BlockDeletingService#7] INFO  interfaces.ContainerDeletionChoosingPolicyTemplate (ContainerDeletionChoosingPolicyTemplate.java:chooseContainerForBlockDeletion(85)) - Chosen 0/5000 blocks from 0 candidate containers.
2023-12-18 19:17:39,511 [ded5b85a-ec0d-4a71-9db9-83b101b9c9ad-BlockDeletingService#6] INFO  interfaces.ContainerDeletionChoosingPolicyTemplate (ContainerDeletionChoosingPolicyTemplate.java:chooseContainerForBlockDeletion(85)) - Chosen 0/5000 blocks from 0 candidate containers.
2023-12-18 19:17:39,512 [089733a5-f6c3-45b8-9d3f-1c158e6a3dcf-BlockDeletingService#0] INFO  interfaces.ContainerDeletionChoosingPolicyTemplate (ContainerDeletionChoosingPolicyTemplate.java:chooseContainerForBlockDeletion(85)) - Chosen 0/5000 blocks from 0 candidate containers.
2023-12-18 19:17:39,527 [93699071-0d52-4ef3-adad-6b5a83f48fc5-BlockDeletingService#7] INFO  interfaces.ContainerDeletionChoosingPolicyTemplate (ContainerDeletionChoosingPolicyTemplate.java:chooseContainerForBlockDeletion(85)) - Chosen 0/5000 blocks from 0 candidate containers.
2023-12-18 19:17:39,611 [ded5b85a-ec0d-4a71-9db9-83b101b9c9ad-BlockDeletingService#6] INFO  interfaces.ContainerDeletionChoosingPolicyTemplate (ContainerDeletionChoosingPolicyTemplate.java:chooseContainerForBlockDeletion(85)) - Chosen 0/5000 blocks from 0 candidate containers.
2023-12-18 19:17:39,612 [089733a5-f6c3-45b8-9d3f-1c158e6a3dcf-BlockDeletingService#0] INFO  interfaces.ContainerDeletionChoosingPolicyTemplate (ContainerDeletionChoosingPolicyTemplate.java:chooseContainerForBlockDeletion(85)) - Chosen 0/5000 blocks from 0 candidate containers.
2023-12-18 19:17:39,627 [93699071-0d52-4ef3-adad-6b5a83f48fc5-BlockDeletingService#7] INFO  interfaces.ContainerDeletionChoosingPolicyTemplate (ContainerDeletionChoosingPolicyTemplate.java:chooseContainerForBlockDeletion(85)) - Chosen 0/5000 blocks from 0 candidate containers.
2023-12-18 19:17:39,711 [ded5b85a-ec0d-4a71-9db9-83b101b9c9ad-BlockDeletingService#6] INFO  interfaces.ContainerDeletionChoosingPolicyTemplate (ContainerDeletionChoosingPolicyTemplate.java:chooseContainerForBlockDeletion(85)) - Chosen 0/5000 blocks from 0 candidate containers.
2023-12-18 19:17:39,712 [089733a5-f6c3-45b8-9d3f-1c158e6a3dcf-BlockDeletingService#0] INFO  interfaces.ContainerDeletionChoosingPolicyTemplate (ContainerDeletionChoosingPolicyTemplate.java:chooseContainerForBlockDeletion(85)) - Chosen 0/5000 blocks from 0 candidate containers.
2023-12-18 19:17:39,727 [93699071-0d52-4ef3-adad-6b5a83f48fc5-BlockDeletingService#7] INFO  interfaces.ContainerDeletionChoosingPolicyTemplate (ContainerDeletionChoosingPolicyTemplate.java:chooseContainerForBlockDeletion(85)) - Chosen 0/5000 blocks from 0 candidate containers.
2023-12-18 19:17:39,811 [ded5b85a-ec0d-4a71-9db9-83b101b9c9ad-BlockDeletingService#6] INFO  interfaces.ContainerDeletionChoosingPolicyTemplate (ContainerDeletionChoosingPolicyTemplate.java:chooseContainerForBlockDeletion(85)) - Chosen 0/5000 blocks from 0 candidate containers.
2023-12-18 19:17:39,812 [089733a5-f6c3-45b8-9d3f-1c158e6a3dcf-BlockDeletingService#0] INFO  interfaces.ContainerDeletionChoosingPolicyTemplate (ContainerDeletionChoosingPolicyTemplate.java:chooseContainerForBlockDeletion(85)) - Chosen 0/5000 blocks from 0 candidate containers.
2023-12-18 19:17:39,828 [93699071-0d52-4ef3-adad-6b5a83f48fc5-BlockDeletingService#7] INFO  interfaces.ContainerDeletionChoosingPolicyTemplate (ContainerDeletionChoosingPolicyTemplate.java:chooseContainerForBlockDeletion(85)) - Chosen 0/5000 blocks from 0 candidate containers.
2023-12-18 19:17:39,912 [ded5b85a-ec0d-4a71-9db9-83b101b9c9ad-BlockDeletingService#6] INFO  interfaces.ContainerDeletionChoosingPolicyTemplate (ContainerDeletionChoosingPolicyTemplate.java:chooseContainerForBlockDeletion(85)) - Chosen 0/5000 blocks from 0 candidate containers.
2023-12-18 19:17:39,912 [089733a5-f6c3-45b8-9d3f-1c158e6a3dcf-BlockDeletingService#0] INFO  interfaces.ContainerDeletionChoosingPolicyTemplate (ContainerDeletionChoosingPolicyTemplate.java:chooseContainerForBlockDeletion(85)) - Chosen 0/5000 blocks from 0 candidate containers.
2023-12-18 19:17:39,928 [93699071-0d52-4ef3-adad-6b5a83f48fc5-BlockDeletingService#7] INFO  interfaces.ContainerDeletionChoosingPolicyTemplate (ContainerDeletionChoosingPolicyTemplate.java:chooseContainerForBlockDeletion(85)) - Chosen 0/5000 blocks from 0 candidate containers.
]]></system-out>
  </testcase>
</testsuite>