<?xml version="1.0" encoding="UTF-8"?>
<testsuite xmlns:xsi="http://www.w3.org/2001/XMLSchema-instance" xsi:noNamespaceSchemaLocation="https://maven.apache.org/surefire/maven-surefire-plugin/xsd/surefire-test-report.xsd" name="org.apache.hadoop.ozone.TestMiniOzoneCluster" time="151.192" tests="5" errors="1" skipped="0" failures="0">
  <properties>
    <property name="awt.toolkit" value="sun.awt.X11.XToolkit"/>
    <property name="file.encoding.pkg" value="sun.io"/>
    <property name="java.specification.version" value="1.8"/>
    <property name="sun.cpu.isalist" value=""/>
    <property name="sun.jnu.encoding" value="ANSI_X3.4-1968"/>
    <property name="java.class.path" value="/github/workspace/mnt/ozone/hadoop-ozone/integration-test/target/test-classes:/github/workspace/mnt/ozone/hadoop-ozone/integration-test/target/classes:/home/user/.m2/repository/org/apache/hadoop/hadoop-ozone-common/1.1.0-SNAPSHOT/hadoop-ozone-common-1.1.0-SNAPSHOT.jar:/home/user/.m2/repository/org/apache/commons/commons-compress/1.4.1/commons-compress-1.4.1.jar:/home/user/.m2/repository/org/tukaani/xz/1.0/xz-1.0.jar:/home/user/.m2/repository/org/apache/hadoop/hadoop-hdds-common/1.1.0-SNAPSHOT/hadoop-hdds-common-1.1.0-SNAPSHOT.jar:/home/user/.m2/repository/org/apache/hadoop/hadoop-hdds-client/1.1.0-SNAPSHOT/hadoop-hdds-client-1.1.0-SNAPSHOT.jar:/home/user/.m2/repository/org/apache/hadoop/hadoop-ozone-interface-client/1.1.0-SNAPSHOT/hadoop-ozone-interface-client-1.1.0-SNAPSHOT.jar:/home/user/.m2/repository/org/apache/hadoop/hadoop-hdds-test-utils/1.1.0-SNAPSHOT/hadoop-hdds-test-utils-1.1.0-SNAPSHOT.jar:/home/user/.m2/repository/com/google/guava/guava/28.2-jre/guava-28.2-jre.jar:/home/user/.m2/repository/com/google/guava/failureaccess/1.0.1/failureaccess-1.0.1.jar:/home/user/.m2/repository/com/google/guava/listenablefuture/9999.0-empty-to-avoid-conflict-with-guava/listenablefuture-9999.0-empty-to-avoid-conflict-with-guava.jar:/home/user/.m2/repository/com/google/code/findbugs/jsr305/3.0.0/jsr305-3.0.0.jar:/home/user/.m2/repository/org/checkerframework/checker-qual/2.10.0/checker-qual-2.10.0.jar:/home/user/.m2/repository/com/google/errorprone/error_prone_annotations/2.2.0/error_prone_annotations-2.2.0.jar:/home/user/.m2/repository/com/google/j2objc/j2objc-annotations/1.3/j2objc-annotations-1.3.jar:/home/user/.m2/repository/commons-io/commons-io/2.5/commons-io-2.5.jar:/home/user/.m2/repository/commons-logging/commons-logging/1.2/commons-logging-1.2.jar:/home/user/.m2/repository/log4j/log4j/1.2.17/log4j-1.2.17.jar:/home/user/.m2/repository/org/slf4j/slf4j-api/1.7.30/slf4j-api-1.7.30.jar:/home/user/.m2/repository/org/apache/hadoop/hadoop-hdds-server-scm/1.1.0-SNAPSHOT/hadoop-hdds-server-scm-1.1.0-SNAPSHOT.jar:/home/user/.m2/repository/org/apache/hadoop/hadoop-hdds-container-service/1.1.0-SNAPSHOT/hadoop-hdds-container-service-1.1.0-SNAPSHOT.jar:/home/user/.m2/repository/org/apache/hadoop/hadoop-hdds-hadoop-dependency-server/1.1.0-SNAPSHOT/hadoop-hdds-hadoop-dependency-server-1.1.0-SNAPSHOT.jar:/home/user/.m2/repository/org/apache/hadoop/hadoop-hdfs/3.2.2/hadoop-hdfs-3.2.2.jar:/home/user/.m2/repository/org/apache/hadoop/hadoop-hdds-server-framework/1.1.0-SNAPSHOT/hadoop-hdds-server-framework-1.1.0-SNAPSHOT.jar:/home/user/.m2/repository/org/apache/hadoop/hadoop-hdds-interface-server/1.1.0-SNAPSHOT/hadoop-hdds-interface-server-1.1.0-SNAPSHOT.jar:/home/user/.m2/repository/org/apache/hadoop/hadoop-hdds-interface-admin/1.1.0-SNAPSHOT/hadoop-hdds-interface-admin-1.1.0-SNAPSHOT.jar:/home/user/.m2/repository/org/eclipse/jetty/jetty-servlet/9.4.34.v20201102/jetty-servlet-9.4.34.v20201102.jar:/home/user/.m2/repository/org/eclipse/jetty/jetty-security/9.4.34.v20201102/jetty-security-9.4.34.v20201102.jar:/home/user/.m2/repository/org/rocksdb/rocksdbjni/6.8.1/rocksdbjni-6.8.1.jar:/home/user/.m2/repository/io/prometheus/simpleclient_dropwizard/0.7.0/simpleclient_dropwizard-0.7.0.jar:/home/user/.m2/repository/io/prometheus/simpleclient/0.7.0/simpleclient-0.7.0.jar:/home/user/.m2/repository/io/prometheus/simpleclient_common/0.7.0/simpleclient_common-0.7.0.jar:/home/user/.m2/repository/com/fasterxml/jackson/datatype/jackson-datatype-jsr310/2.10.3/jackson-datatype-jsr310-2.10.3.jar:/home/user/.m2/repository/io/dropwizard/metrics/metrics-core/3.2.4/metrics-core-3.2.4.jar:/home/user/.m2/repository/org/apache/hadoop/hadoop-hdfs-client/3.2.2/hadoop-hdfs-client-3.2.2.jar:/home/user/.m2/repository/org/bouncycastle/bcprov-jdk15on/1.67/bcprov-jdk15on-1.67.jar:/home/user/.m2/repository/org/apache/hadoop/hadoop-ozone-ozone-manager/1.1.0-SNAPSHOT/hadoop-ozone-ozone-manager-1.1.0-SNAPSHOT.jar:/home/user/.m2/repository/org/apache/hadoop/hadoop-hdds-interface-client/1.1.0-SNAPSHOT/hadoop-hdds-interface-client-1.1.0-SNAPSHOT.jar:/home/user/.m2/repository/org/apache/ratis/ratis-thirdparty-misc/0.6.0/ratis-thirdparty-misc-0.6.0.jar:/home/user/.m2/repository/org/apache/hadoop/hadoop-ozone-interface-storage/1.1.0-SNAPSHOT/hadoop-ozone-interface-storage-1.1.0-SNAPSHOT.jar:/home/user/.m2/repository/org/apache/hadoop/hadoop-minikdc/3.2.2/hadoop-minikdc-3.2.2.jar:/home/user/.m2/repository/org/apache/kerby/kerb-simplekdc/1.0.1/kerb-simplekdc-1.0.1.jar:/home/user/.m2/repository/org/apache/kerby/kerb-client/1.0.1/kerb-client-1.0.1.jar:/home/user/.m2/repository/org/apache/kerby/kerby-config/1.0.1/kerby-config-1.0.1.jar:/home/user/.m2/repository/org/apache/kerby/kerb-core/1.0.1/kerb-core-1.0.1.jar:/home/user/.m2/repository/org/apache/kerby/kerby-pkix/1.0.1/kerby-pkix-1.0.1.jar:/home/user/.m2/repository/org/apache/kerby/kerby-asn1/1.0.1/kerby-asn1-1.0.1.jar:/home/user/.m2/repository/org/apache/kerby/kerby-util/1.0.1/kerby-util-1.0.1.jar:/home/user/.m2/repository/org/apache/kerby/kerb-common/1.0.1/kerb-common-1.0.1.jar:/home/user/.m2/repository/org/apache/kerby/kerb-crypto/1.0.1/kerb-crypto-1.0.1.jar:/home/user/.m2/repository/org/apache/kerby/kerb-util/1.0.1/kerb-util-1.0.1.jar:/home/user/.m2/repository/org/apache/kerby/token-provider/1.0.1/token-provider-1.0.1.jar:/home/user/.m2/repository/org/apache/kerby/kerb-admin/1.0.1/kerb-admin-1.0.1.jar:/home/user/.m2/repository/org/apache/kerby/kerb-server/1.0.1/kerb-server-1.0.1.jar:/home/user/.m2/repository/org/apache/kerby/kerb-identity/1.0.1/kerb-identity-1.0.1.jar:/home/user/.m2/repository/org/apache/kerby/kerby-xdr/1.0.1/kerby-xdr-1.0.1.jar:/home/user/.m2/repository/org/slf4j/slf4j-log4j12/1.7.30/slf4j-log4j12-1.7.30.jar:/home/user/.m2/repository/org/apache/hadoop/hadoop-ozone-s3gateway/1.1.0-SNAPSHOT/hadoop-ozone-s3gateway-1.1.0-SNAPSHOT.jar:/home/user/.m2/repository/org/jboss/weld/servlet/weld-servlet/2.4.7.Final/weld-servlet-2.4.7.Final.jar:/home/user/.m2/repository/org/glassfish/jersey/containers/jersey-container-servlet-core/2.27/jersey-container-servlet-core-2.27.jar:/home/user/.m2/repository/org/glassfish/hk2/external/javax.inject/2.5.0-b42/javax.inject-2.5.0-b42.jar:/home/user/.m2/repository/org/glassfish/jersey/core/jersey-common/2.27/jersey-common-2.27.jar:/home/user/.m2/repository/org/glassfish/hk2/osgi-resource-locator/1.0.1/osgi-resource-locator-1.0.1.jar:/home/user/.m2/repository/javax/ws/rs/javax.ws.rs-api/2.1/javax.ws.rs-api-2.1.jar:/home/user/.m2/repository/org/glassfish/jersey/ext/cdi/jersey-cdi1x/2.27/jersey-cdi1x-2.27.jar:/home/user/.m2/repository/org/glassfish/jersey/inject/jersey-hk2/2.27/jersey-hk2-2.27.jar:/home/user/.m2/repository/org/glassfish/hk2/hk2-locator/2.5.0-b42/hk2-locator-2.5.0-b42.jar:/home/user/.m2/repository/org/javassist/javassist/3.22.0-CR2/javassist-3.22.0-CR2.jar:/home/user/.m2/repository/org/glassfish/hk2/hk2-api/2.5.0/hk2-api-2.5.0.jar:/home/user/.m2/repository/org/glassfish/hk2/external/jakarta.inject/2.5.0/jakarta.inject-2.5.0.jar:/home/user/.m2/repository/org/glassfish/hk2/hk2-utils/2.5.0/hk2-utils-2.5.0.jar:/home/user/.m2/repository/jakarta/annotation/jakarta.annotation-api/1.3.4/jakarta.annotation-api-1.3.4.jar:/home/user/.m2/repository/org/glassfish/hk2/external/aopalliance-repackaged/2.5.0/aopalliance-repackaged-2.5.0.jar:/home/user/.m2/repository/com/fasterxml/jackson/dataformat/jackson-dataformat-xml/2.10.3/jackson-dataformat-xml-2.10.3.jar:/home/user/.m2/repository/com/fasterxml/jackson/core/jackson-core/2.10.3/jackson-core-2.10.3.jar:/home/user/.m2/repository/com/fasterxml/jackson/module/jackson-module-jaxb-annotations/2.10.3/jackson-module-jaxb-annotations-2.10.3.jar:/home/user/.m2/repository/jakarta/xml/bind/jakarta.xml.bind-api/2.3.2/jakarta.xml.bind-api-2.3.2.jar:/home/user/.m2/repository/jakarta/activation/jakarta.activation-api/1.2.1/jakarta.activation-api-1.2.1.jar:/home/user/.m2/repository/org/codehaus/woodstox/stax2-api/3.1.4/stax2-api-3.1.4.jar:/home/user/.m2/repository/com/fasterxml/woodstox/woodstox-core/5.0.3/woodstox-core-5.0.3.jar:/home/user/.m2/repository/javax/enterprise/cdi-api/1.2/cdi-api-1.2.jar:/home/user/.m2/repository/javax/el/javax.el-api/3.0.0/javax.el-api-3.0.0.jar:/home/user/.m2/repository/javax/interceptor/javax.interceptor-api/1.2/javax.interceptor-api-1.2.jar:/home/user/.m2/repository/javax/inject/javax.inject/1/javax.inject-1.jar:/home/user/.m2/repository/com/sun/xml/bind/jaxb-impl/2.3.0.1/jaxb-impl-2.3.0.1.jar:/home/user/.m2/repository/com/sun/xml/bind/jaxb-core/2.3.0.1/jaxb-core-2.3.0.1.jar:/home/user/.m2/repository/javax/xml/bind/jaxb-api/2.3.0/jaxb-api-2.3.0.jar:/home/user/.m2/repository/javax/activation/activation/1.1.1/activation-1.1.1.jar:/home/user/.m2/repository/org/apache/hadoop/hadoop-ozone-csi/1.1.0-SNAPSHOT/hadoop-ozone-csi-1.1.0-SNAPSHOT.jar:/home/user/.m2/repository/com/google/protobuf/protobuf-java-util/3.12.0/protobuf-java-util-3.12.0.jar:/home/user/.m2/repository/com/google/code/gson/gson/2.2.4/gson-2.2.4.jar:/home/user/.m2/repository/org/apache/hadoop/hadoop-hdds-config/1.1.0-SNAPSHOT/hadoop-hdds-config-1.1.0-SNAPSHOT.jar:/home/user/.m2/repository/com/google/protobuf/protobuf-java/2.5.0/protobuf-java-2.5.0.jar:/home/user/.m2/repository/io/grpc/grpc-netty/1.33.0/grpc-netty-1.33.0.jar:/home/user/.m2/repository/io/grpc/grpc-core/1.33.0/grpc-core-1.33.0.jar:/home/user/.m2/repository/com/google/android/annotations/4.1.1.4/annotations-4.1.1.4.jar:/home/user/.m2/repository/io/netty/netty-codec-http2/4.1.51.Final/netty-codec-http2-4.1.51.Final.jar:/home/user/.m2/repository/io/netty/netty-codec/4.1.51.Final/netty-codec-4.1.51.Final.jar:/home/user/.m2/repository/io/netty/netty-handler/4.1.51.Final/netty-handler-4.1.51.Final.jar:/home/user/.m2/repository/io/netty/netty-codec-http/4.1.51.Final/netty-codec-http-4.1.51.Final.jar:/home/user/.m2/repository/io/netty/netty-handler-proxy/4.1.51.Final/netty-handler-proxy-4.1.51.Final.jar:/home/user/.m2/repository/io/netty/netty-codec-socks/4.1.51.Final/netty-codec-socks-4.1.51.Final.jar:/home/user/.m2/repository/io/perfmark/perfmark-api/0.19.0/perfmark-api-0.19.0.jar:/home/user/.m2/repository/org/codehaus/mojo/animal-sniffer-annotations/1.18/animal-sniffer-annotations-1.18.jar:/home/user/.m2/repository/io/netty/netty-transport-native-epoll/4.1.51.Final/netty-transport-native-epoll-4.1.51.Final.jar:/home/user/.m2/repository/io/netty/netty-common/4.1.51.Final/netty-common-4.1.51.Final.jar:/home/user/.m2/repository/io/netty/netty-buffer/4.1.51.Final/netty-buffer-4.1.51.Final.jar:/home/user/.m2/repository/io/netty/netty-transport/4.1.51.Final/netty-transport-4.1.51.Final.jar:/home/user/.m2/repository/io/netty/netty-resolver/4.1.51.Final/netty-resolver-4.1.51.Final.jar:/home/user/.m2/repository/io/netty/netty-transport-native-unix-common/4.1.51.Final/netty-transport-native-unix-common-4.1.51.Final.jar:/home/user/.m2/repository/io/grpc/grpc-protobuf/1.33.0/grpc-protobuf-1.33.0.jar:/home/user/.m2/repository/io/grpc/grpc-api/1.33.0/grpc-api-1.33.0.jar:/home/user/.m2/repository/io/grpc/grpc-context/1.33.0/grpc-context-1.33.0.jar:/home/user/.m2/repository/com/google/api/grpc/proto-google-common-protos/1.17.0/proto-google-common-protos-1.17.0.jar:/home/user/.m2/repository/io/grpc/grpc-protobuf-lite/1.33.0/grpc-protobuf-lite-1.33.0.jar:/home/user/.m2/repository/io/grpc/grpc-stub/1.33.0/grpc-stub-1.33.0.jar:/home/user/.m2/repository/org/apache/hadoop/hadoop-ozone-recon/1.1.0-SNAPSHOT/hadoop-ozone-recon-1.1.0-SNAPSHOT.jar:/home/user/.m2/repository/org/apache/hadoop/hadoop-ozone-reconcodegen/1.1.0-SNAPSHOT/hadoop-ozone-reconcodegen-1.1.0-SNAPSHOT.jar:/home/user/.m2/repository/com/google/inject/extensions/guice-multibindings/4.0/guice-multibindings-4.0.jar:/home/user/.m2/repository/com/google/inject/guice/4.0/guice-4.0.jar:/home/user/.m2/repository/aopalliance/aopalliance/1.0/aopalliance-1.0.jar:/home/user/.m2/repository/com/google/inject/extensions/guice-assistedinject/4.0/guice-assistedinject-4.0.jar:/home/user/.m2/repository/com/google/inject/extensions/guice-servlet/4.0/guice-servlet-4.0.jar:/home/user/.m2/repository/org/glassfish/jersey/containers/jersey-container-servlet/2.27/jersey-container-servlet-2.27.jar:/home/user/.m2/repository/org/glassfish/hk2/guice-bridge/2.5.0/guice-bridge-2.5.0.jar:/home/user/.m2/repository/org/glassfish/jersey/core/jersey-server/2.27/jersey-server-2.27.jar:/home/user/.m2/repository/org/glassfish/jersey/core/jersey-client/2.27/jersey-client-2.27.jar:/home/user/.m2/repository/org/glassfish/jersey/media/jersey-media-jaxb/2.27/jersey-media-jaxb-2.27.jar:/home/user/.m2/repository/javax/validation/validation-api/1.1.0.Final/validation-api-1.1.0.Final.jar:/home/user/.m2/repository/org/glassfish/jersey/media/jersey-media-json-jackson/2.27/jersey-media-json-jackson-2.27.jar:/home/user/.m2/repository/org/glassfish/jersey/ext/jersey-entity-filtering/2.27/jersey-entity-filtering-2.27.jar:/home/user/.m2/repository/org/jooq/jooq/3.11.10/jooq-3.11.10.jar:/home/user/.m2/repository/org/jooq/jooq-meta/3.11.10/jooq-meta-3.11.10.jar:/home/user/.m2/repository/org/jooq/jooq-codegen/3.11.10/jooq-codegen-3.11.10.jar:/home/user/.m2/repository/com/jolbox/bonecp/0.8.0.RELEASE/bonecp-0.8.0.RELEASE.jar:/home/user/.m2/repository/org/apache/derby/derby/10.14.2.0/derby-10.14.2.0.jar:/home/user/.m2/repository/org/xerial/sqlite-jdbc/3.25.2/sqlite-jdbc-3.25.2.jar:/home/user/.m2/repository/org/springframework/spring-jdbc/5.2.11.RELEASE/spring-jdbc-5.2.11.RELEASE.jar:/home/user/.m2/repository/org/springframework/spring-beans/5.2.11.RELEASE/spring-beans-5.2.11.RELEASE.jar:/home/user/.m2/repository/org/springframework/spring-core/5.2.11.RELEASE/spring-core-5.2.11.RELEASE.jar:/home/user/.m2/repository/org/springframework/spring-jcl/5.2.11.RELEASE/spring-jcl-5.2.11.RELEASE.jar:/home/user/.m2/repository/org/springframework/spring-tx/5.2.11.RELEASE/spring-tx-5.2.11.RELEASE.jar:/home/user/.m2/repository/org/apache/hadoop/hadoop-ozone-client/1.1.0-SNAPSHOT/hadoop-ozone-client-1.1.0-SNAPSHOT.jar:/home/user/.m2/repository/org/apache/hadoop/hadoop-ozone-filesystem/1.1.0-SNAPSHOT/hadoop-ozone-filesystem-1.1.0-SNAPSHOT.jar:/home/user/.m2/repository/org/apache/hadoop/hadoop-ozone-filesystem-common/1.1.0-SNAPSHOT/hadoop-ozone-filesystem-common-1.1.0-SNAPSHOT.jar:/home/user/.m2/repository/org/apache/hadoop/hadoop-ozone-tools/1.1.0-SNAPSHOT/hadoop-ozone-tools-1.1.0-SNAPSHOT.jar:/home/user/.m2/repository/org/apache/ratis/ratis-tools/1.1.0-0bdf24f-SNAPSHOT/ratis-tools-1.1.0-0bdf24f-SNAPSHOT.jar:/home/user/.m2/repository/org/apache/ratis/ratis-proto/1.1.0-0bdf24f-SNAPSHOT/ratis-proto-1.1.0-0bdf24f-SNAPSHOT.jar:/home/user/.m2/repository/org/apache/ratis/ratis-common/1.1.0-0bdf24f-SNAPSHOT/ratis-common-1.1.0-0bdf24f-SNAPSHOT.jar:/home/user/.m2/repository/com/amazonaws/aws-java-sdk-core/1.11.901/aws-java-sdk-core-1.11.901.jar:/home/user/.m2/repository/org/apache/httpcomponents/httpclient/4.5.13/httpclient-4.5.13.jar:/home/user/.m2/repository/org/apache/httpcomponents/httpcore/4.4.13/httpcore-4.4.13.jar:/home/user/.m2/repository/software/amazon/ion/ion-java/1.0.2/ion-java-1.0.2.jar:/home/user/.m2/repository/com/fasterxml/jackson/dataformat/jackson-dataformat-cbor/2.10.3/jackson-dataformat-cbor-2.10.3.jar:/home/user/.m2/repository/joda-time/joda-time/2.8.1/joda-time-2.8.1.jar:/home/user/.m2/repository/com/amazonaws/aws-java-sdk-s3/1.11.901/aws-java-sdk-s3-1.11.901.jar:/home/user/.m2/repository/com/amazonaws/aws-java-sdk-kms/1.11.901/aws-java-sdk-kms-1.11.901.jar:/home/user/.m2/repository/com/amazonaws/jmespath-java/1.11.901/jmespath-java-1.11.901.jar:/home/user/.m2/repository/org/kohsuke/metainf-services/metainf-services/1.8/metainf-services-1.8.jar:/home/user/.m2/repository/org/apache/hadoop/hadoop-hdds-tools/1.1.0-SNAPSHOT/hadoop-hdds-tools-1.1.0-SNAPSHOT.jar:/home/user/.m2/repository/commons-cli/commons-cli/1.2/commons-cli-1.2.jar:/home/user/.m2/repository/org/apache/commons/commons-lang3/3.7/commons-lang3-3.7.jar:/home/user/.m2/repository/org/apache/hadoop/hadoop-ozone-ozone-manager/1.1.0-SNAPSHOT/hadoop-ozone-ozone-manager-1.1.0-SNAPSHOT-tests.jar:/home/user/.m2/repository/org/apache/hadoop/hadoop-hdds-common/1.1.0-SNAPSHOT/hadoop-hdds-common-1.1.0-SNAPSHOT-tests.jar:/home/user/.m2/repository/org/apache/hadoop/hadoop-hdds-hadoop-dependency-client/1.1.0-SNAPSHOT/hadoop-hdds-hadoop-dependency-client-1.1.0-SNAPSHOT.jar:/home/user/.m2/repository/info/picocli/picocli/4.4.0/picocli-4.4.0.jar:/home/user/.m2/repository/com/fasterxml/jackson/core/jackson-annotations/2.10.3/jackson-annotations-2.10.3.jar:/home/user/.m2/repository/javax/annotation/javax.annotation-api/1.2/javax.annotation-api-1.2.jar:/home/user/.m2/repository/org/fusesource/leveldbjni/leveldbjni-all/1.8/leveldbjni-all-1.8.jar:/home/user/.m2/repository/org/apache/ratis/ratis-server/1.1.0-0bdf24f-SNAPSHOT/ratis-server-1.1.0-0bdf24f-SNAPSHOT.jar:/home/user/.m2/repository/org/apache/ratis/ratis-client/1.1.0-0bdf24f-SNAPSHOT/ratis-client-1.1.0-0bdf24f-SNAPSHOT.jar:/home/user/.m2/repository/org/apache/ratis/ratis-server-api/1.1.0-0bdf24f-SNAPSHOT/ratis-server-api-1.1.0-0bdf24f-SNAPSHOT.jar:/home/user/.m2/repository/org/apache/ratis/ratis-metrics/1.1.0-0bdf24f-SNAPSHOT/ratis-metrics-1.1.0-0bdf24f-SNAPSHOT.jar:/home/user/.m2/repository/org/apache/ratis/ratis-netty/1.1.0-0bdf24f-SNAPSHOT/ratis-netty-1.1.0-0bdf24f-SNAPSHOT.jar:/home/user/.m2/repository/org/apache/ratis/ratis-grpc/1.1.0-0bdf24f-SNAPSHOT/ratis-grpc-1.1.0-0bdf24f-SNAPSHOT.jar:/home/user/.m2/repository/org/apache/logging/log4j/log4j-api/2.13.3/log4j-api-2.13.3.jar:/home/user/.m2/repository/org/apache/logging/log4j/log4j-core/2.13.3/log4j-core-2.13.3.jar:/home/user/.m2/repository/com/lmax/disruptor/3.4.2/disruptor-3.4.2.jar:/home/user/.m2/repository/org/apache/commons/commons-pool2/2.6.0/commons-pool2-2.6.0.jar:/home/user/.m2/repository/org/bouncycastle/bcpkix-jdk15on/1.67/bcpkix-jdk15on-1.67.jar:/home/user/.m2/repository/commons-validator/commons-validator/1.6/commons-validator-1.6.jar:/home/user/.m2/repository/commons-beanutils/commons-beanutils/1.9.4/commons-beanutils-1.9.4.jar:/home/user/.m2/repository/commons-digester/commons-digester/1.8.1/commons-digester-1.8.1.jar:/home/user/.m2/repository/commons-collections/commons-collections/3.2.2/commons-collections-3.2.2.jar:/home/user/.m2/repository/io/jaegertracing/jaeger-client/1.2.0/jaeger-client-1.2.0.jar:/home/user/.m2/repository/io/jaegertracing/jaeger-thrift/1.2.0/jaeger-thrift-1.2.0.jar:/home/user/.m2/repository/org/apache/thrift/libthrift/0.13.0/libthrift-0.13.0.jar:/home/user/.m2/repository/com/squareup/okhttp3/okhttp/4.2.2/okhttp-4.2.2.jar:/home/user/.m2/repository/com/squareup/okio/okio/2.2.2/okio-2.2.2.jar:/home/user/.m2/repository/org/jetbrains/kotlin/kotlin-stdlib/1.3.50/kotlin-stdlib-1.3.50.jar:/home/user/.m2/repository/org/jetbrains/kotlin/kotlin-stdlib-common/1.3.50/kotlin-stdlib-common-1.3.50.jar:/home/user/.m2/repository/org/jetbrains/annotations/13.0/annotations-13.0.jar:/home/user/.m2/repository/io/jaegertracing/jaeger-core/1.2.0/jaeger-core-1.2.0.jar:/home/user/.m2/repository/io/jaegertracing/jaeger-tracerresolver/1.2.0/jaeger-tracerresolver-1.2.0.jar:/home/user/.m2/repository/io/opentracing/contrib/opentracing-tracerresolver/0.1.8/opentracing-tracerresolver-0.1.8.jar:/home/user/.m2/repository/io/opentracing/opentracing-util/0.33.0/opentracing-util-0.33.0.jar:/home/user/.m2/repository/io/opentracing/opentracing-api/0.33.0/opentracing-api-0.33.0.jar:/home/user/.m2/repository/io/opentracing/opentracing-noop/0.33.0/opentracing-noop-0.33.0.jar:/home/user/.m2/repository/org/yaml/snakeyaml/1.26/snakeyaml-1.26.jar:/home/user/.m2/repository/junit/junit/4.13.1/junit-4.13.1.jar:/home/user/.m2/repository/org/hamcrest/hamcrest-core/1.3/hamcrest-core-1.3.jar:/home/user/.m2/repository/org/junit/jupiter/junit-jupiter-api/5.7.0/junit-jupiter-api-5.7.0.jar:/home/user/.m2/repository/org/apiguardian/apiguardian-api/1.1.0/apiguardian-api-1.1.0.jar:/home/user/.m2/repository/org/opentest4j/opentest4j/1.2.0/opentest4j-1.2.0.jar:/home/user/.m2/repository/org/junit/platform/junit-platform-commons/1.7.0/junit-platform-commons-1.7.0.jar:/home/user/.m2/repository/org/junit/jupiter/junit-jupiter-engine/5.7.0/junit-jupiter-engine-5.7.0.jar:/home/user/.m2/repository/org/junit/platform/junit-platform-engine/1.7.0/junit-platform-engine-1.7.0.jar:/home/user/.m2/repository/org/junit/vintage/junit-vintage-engine/5.7.0/junit-vintage-engine-5.7.0.jar:/home/user/.m2/repository/org/junit/platform/junit-platform-launcher/1.7.0/junit-platform-launcher-1.7.0.jar:/home/user/.m2/repository/org/openjdk/jmh/jmh-core/1.19/jmh-core-1.19.jar:/home/user/.m2/repository/net/sf/jopt-simple/jopt-simple/4.6/jopt-simple-4.6.jar:/home/user/.m2/repository/org/apache/commons/commons-math3/3.1.1/commons-math3-3.1.1.jar:/home/user/.m2/repository/org/openjdk/jmh/jmh-generator-annprocess/1.19/jmh-generator-annprocess-1.19.jar:/home/user/.m2/repository/org/mockito/mockito-all/1.8.5/mockito-all-1.8.5.jar:/home/user/.m2/repository/org/apache/hadoop/hadoop-kms/3.2.2/hadoop-kms-3.2.2.jar:/home/user/.m2/repository/org/apache/hadoop/hadoop-auth/3.2.2/hadoop-auth-3.2.2.jar:/home/user/.m2/repository/com/nimbusds/nimbus-jose-jwt/7.9/nimbus-jose-jwt-7.9.jar:/home/user/.m2/repository/com/github/stephenc/jcip/jcip-annotations/1.0-1/jcip-annotations-1.0-1.jar:/home/user/.m2/repository/net/minidev/json-smart/2.3/json-smart-2.3.jar:/home/user/.m2/repository/net/minidev/accessors-smart/1.2/accessors-smart-1.2.jar:/home/user/.m2/repository/org/ow2/asm/asm/5.0.4/asm-5.0.4.jar:/home/user/.m2/repository/org/apache/zookeeper/zookeeper/3.4.13/zookeeper-3.4.13.jar:/home/user/.m2/repository/org/apache/yetus/audience-annotations/0.5.0/audience-annotations-0.5.0.jar:/home/user/.m2/repository/org/apache/curator/curator-framework/2.13.0/curator-framework-2.13.0.jar:/home/user/.m2/repository/com/sun/jersey/jersey-core/1.19/jersey-core-1.19.jar:/home/user/.m2/repository/javax/ws/rs/jsr311-api/1.1.1/jsr311-api-1.1.1.jar:/home/user/.m2/repository/com/sun/jersey/jersey-server/1.19/jersey-server-1.19.jar:/home/user/.m2/repository/javax/servlet/javax.servlet-api/3.1.0/javax.servlet-api-3.1.0.jar:/home/user/.m2/repository/org/eclipse/jetty/jetty-server/9.4.34.v20201102/jetty-server-9.4.34.v20201102.jar:/home/user/.m2/repository/org/eclipse/jetty/jetty-http/9.4.34.v20201102/jetty-http-9.4.34.v20201102.jar:/home/user/.m2/repository/org/eclipse/jetty/jetty-io/9.4.34.v20201102/jetty-io-9.4.34.v20201102.jar:/home/user/.m2/repository/org/eclipse/jetty/jetty-webapp/9.4.34.v20201102/jetty-webapp-9.4.34.v20201102.jar:/home/user/.m2/repository/org/eclipse/jetty/jetty-xml/9.4.34.v20201102/jetty-xml-9.4.34.v20201102.jar:/home/user/.m2/repository/org/apache/hadoop/hadoop-common/3.2.2/hadoop-common-3.2.2.jar:/home/user/.m2/repository/commons-net/commons-net/3.6/commons-net-3.6.jar:/home/user/.m2/repository/javax/activation/javax.activation-api/1.2.0/javax.activation-api-1.2.0.jar:/home/user/.m2/repository/com/sun/jersey/jersey-servlet/1.19/jersey-servlet-1.19.jar:/home/user/.m2/repository/com/sun/jersey/jersey-json/1.19/jersey-json-1.19.jar:/home/user/.m2/repository/org/codehaus/jettison/jettison/1.1/jettison-1.1.jar:/home/user/.m2/repository/org/codehaus/jackson/jackson-jaxrs/1.9.2/jackson-jaxrs-1.9.2.jar:/home/user/.m2/repository/org/codehaus/jackson/jackson-xc/1.9.2/jackson-xc-1.9.2.jar:/home/user/.m2/repository/org/apache/commons/commons-configuration2/2.1.1/commons-configuration2-2.1.1.jar:/home/user/.m2/repository/org/apache/commons/commons-text/1.4/commons-text-1.4.jar:/home/user/.m2/repository/com/google/re2j/re2j/1.1/re2j-1.1.jar:/home/user/.m2/repository/com/jcraft/jsch/0.1.54/jsch-0.1.54.jar:/home/user/.m2/repository/org/apache/curator/curator-client/2.13.0/curator-client-2.13.0.jar:/home/user/.m2/repository/org/apache/curator/curator-recipes/2.13.0/curator-recipes-2.13.0.jar:/home/user/.m2/repository/dnsjava/dnsjava/2.1.7/dnsjava-2.1.7.jar:/home/user/.m2/repository/org/slf4j/jul-to-slf4j/1.7.30/jul-to-slf4j-1.7.30.jar:/home/user/.m2/repository/org/eclipse/jetty/jetty-util/9.4.34.v20201102/jetty-util-9.4.34.v20201102.jar:/home/user/.m2/repository/com/fasterxml/jackson/core/jackson-databind/2.10.3/jackson-databind-2.10.3.jar:/home/user/.m2/repository/org/apache/hadoop/hadoop-kms/3.2.2/hadoop-kms-3.2.2-tests.jar:/home/user/.m2/repository/org/apache/hadoop/hadoop-hdds-server-scm/1.1.0-SNAPSHOT/hadoop-hdds-server-scm-1.1.0-SNAPSHOT-tests.jar:/home/user/.m2/repository/org/apache/hadoop/hadoop-hdds-container-service/1.1.0-SNAPSHOT/hadoop-hdds-container-service-1.1.0-SNAPSHOT-tests.jar:/home/user/.m2/repository/commons-codec/commons-codec/1.11/commons-codec-1.11.jar:/home/user/.m2/repository/org/apache/hadoop/hadoop-hdds-hadoop-dependency-test/1.1.0-SNAPSHOT/hadoop-hdds-hadoop-dependency-test-1.1.0-SNAPSHOT.jar:/home/user/.m2/repository/org/apache/hadoop/hadoop-common/3.2.2/hadoop-common-3.2.2-tests.jar:/home/user/.m2/repository/org/apache/hadoop/hadoop-hdfs/3.2.2/hadoop-hdfs-3.2.2-tests.jar:/home/user/.m2/repository/org/eclipse/jetty/jetty-util-ajax/9.4.34.v20201102/jetty-util-ajax-9.4.34.v20201102.jar:/home/user/.m2/repository/commons-daemon/commons-daemon/1.0.13/commons-daemon-1.0.13.jar:/home/user/.m2/repository/io/netty/netty/3.10.6.Final/netty-3.10.6.Final.jar:/home/user/.m2/repository/io/netty/netty-all/4.1.51.Final/netty-all-4.1.51.Final.jar:/home/user/.m2/repository/org/apache/htrace/htrace-core4/4.1.0-incubating/htrace-core4-4.1.0-incubating.jar:/home/user/.m2/repository/org/apache/hadoop/hadoop-distcp/3.2.2/hadoop-distcp-3.2.2.jar:/home/user/.m2/repository/org/apache/hadoop/hadoop-mapreduce-client-jobclient/3.2.2/hadoop-mapreduce-client-jobclient-3.2.2.jar:/home/user/.m2/repository/org/apache/hadoop/hadoop-mapreduce-client-common/3.2.2/hadoop-mapreduce-client-common-3.2.2.jar:/home/user/.m2/repository/org/apache/hadoop/hadoop-yarn-common/3.2.2/hadoop-yarn-common-3.2.2.jar:/home/user/.m2/repository/org/apache/hadoop/hadoop-yarn-api/3.2.2/hadoop-yarn-api-3.2.2.jar:/home/user/.m2/repository/com/sun/jersey/jersey-client/1.19/jersey-client-1.19.jar:/home/user/.m2/repository/com/sun/jersey/contribs/jersey-guice/1.19/jersey-guice-1.19.jar:/home/user/.m2/repository/com/fasterxml/jackson/jaxrs/jackson-jaxrs-json-provider/2.10.3/jackson-jaxrs-json-provider-2.10.3.jar:/home/user/.m2/repository/com/fasterxml/jackson/jaxrs/jackson-jaxrs-base/2.10.3/jackson-jaxrs-base-2.10.3.jar:/home/user/.m2/repository/org/apache/hadoop/hadoop-yarn-client/3.2.2/hadoop-yarn-client-3.2.2.jar:/home/user/.m2/repository/org/apache/hadoop/hadoop-mapreduce-client-core/3.2.2/hadoop-mapreduce-client-core-3.2.2.jar:/home/user/.m2/repository/org/apache/avro/avro/1.7.7/avro-1.7.7.jar:/home/user/.m2/repository/org/codehaus/jackson/jackson-core-asl/1.9.13/jackson-core-asl-1.9.13.jar:/home/user/.m2/repository/org/codehaus/jackson/jackson-mapper-asl/1.9.13/jackson-mapper-asl-1.9.13.jar:/home/user/.m2/repository/com/thoughtworks/paranamer/paranamer/2.3/paranamer-2.3.jar:/home/user/.m2/repository/org/xerial/snappy/snappy-java/1.0.5/snappy-java-1.0.5.jar:/home/user/.m2/repository/org/apache/hadoop/hadoop-annotations/3.2.2/hadoop-annotations-3.2.2.jar:/usr/lib/jvm/java-1.8.0-openjdk-1.8.0.232.b09-0.el7_7.x86_64/jre/../lib/tools.jar:/home/user/.m2/repository/org/apache/hadoop/hadoop-distcp/3.2.2/hadoop-distcp-3.2.2-tests.jar:"/>
    <property name="java.vm.vendor" value="Oracle Corporation"/>
    <property name="sun.arch.data.model" value="64"/>
    <property name="test.build.dir" value="/github/workspace/mnt/ozone/hadoop-ozone/integration-test/target/test-dir"/>
    <property name="test.cache.data" value=""/>
    <property name="java.vendor.url" value="http://java.oracle.com/"/>
    <property name="user.timezone" value=""/>
    <property name="java.vm.specification.version" value="1.8"/>
    <property name="os.name" value="Linux"/>
    <property name="test.build.data" value="/github/workspace/mnt/ozone/hadoop-ozone/integration-test/target/test-dir"/>
    <property name="user.country" value="US"/>
    <property name="sun.java.launcher" value="SUN_STANDARD"/>
    <property name="sun.boot.library.path" value="/usr/lib/jvm/java-1.8.0-openjdk-1.8.0.232.b09-0.el7_7.x86_64/jre/lib/amd64"/>
    <property name="sun.java.command" value="/github/workspace/mnt/ozone/hadoop-ozone/integration-test/target/surefire/surefirebooter5495896072840538150.jar /github/workspace/mnt/ozone/hadoop-ozone/integration-test/target/surefire 2021-02-04T10-14-15_212-jvmRun1 surefire200204578239330722tmp surefire_183433395289962512998tmp"/>
    <property name="surefire.test.class.path" value="/github/workspace/mnt/ozone/hadoop-ozone/integration-test/target/test-classes:/github/workspace/mnt/ozone/hadoop-ozone/integration-test/target/classes:/home/user/.m2/repository/org/apache/hadoop/hadoop-ozone-common/1.1.0-SNAPSHOT/hadoop-ozone-common-1.1.0-SNAPSHOT.jar:/home/user/.m2/repository/org/apache/commons/commons-compress/1.4.1/commons-compress-1.4.1.jar:/home/user/.m2/repository/org/tukaani/xz/1.0/xz-1.0.jar:/home/user/.m2/repository/org/apache/hadoop/hadoop-hdds-common/1.1.0-SNAPSHOT/hadoop-hdds-common-1.1.0-SNAPSHOT.jar:/home/user/.m2/repository/org/apache/hadoop/hadoop-hdds-client/1.1.0-SNAPSHOT/hadoop-hdds-client-1.1.0-SNAPSHOT.jar:/home/user/.m2/repository/org/apache/hadoop/hadoop-ozone-interface-client/1.1.0-SNAPSHOT/hadoop-ozone-interface-client-1.1.0-SNAPSHOT.jar:/home/user/.m2/repository/org/apache/hadoop/hadoop-hdds-test-utils/1.1.0-SNAPSHOT/hadoop-hdds-test-utils-1.1.0-SNAPSHOT.jar:/home/user/.m2/repository/com/google/guava/guava/28.2-jre/guava-28.2-jre.jar:/home/user/.m2/repository/com/google/guava/failureaccess/1.0.1/failureaccess-1.0.1.jar:/home/user/.m2/repository/com/google/guava/listenablefuture/9999.0-empty-to-avoid-conflict-with-guava/listenablefuture-9999.0-empty-to-avoid-conflict-with-guava.jar:/home/user/.m2/repository/com/google/code/findbugs/jsr305/3.0.0/jsr305-3.0.0.jar:/home/user/.m2/repository/org/checkerframework/checker-qual/2.10.0/checker-qual-2.10.0.jar:/home/user/.m2/repository/com/google/errorprone/error_prone_annotations/2.2.0/error_prone_annotations-2.2.0.jar:/home/user/.m2/repository/com/google/j2objc/j2objc-annotations/1.3/j2objc-annotations-1.3.jar:/home/user/.m2/repository/commons-io/commons-io/2.5/commons-io-2.5.jar:/home/user/.m2/repository/commons-logging/commons-logging/1.2/commons-logging-1.2.jar:/home/user/.m2/repository/log4j/log4j/1.2.17/log4j-1.2.17.jar:/home/user/.m2/repository/org/slf4j/slf4j-api/1.7.30/slf4j-api-1.7.30.jar:/home/user/.m2/repository/org/apache/hadoop/hadoop-hdds-server-scm/1.1.0-SNAPSHOT/hadoop-hdds-server-scm-1.1.0-SNAPSHOT.jar:/home/user/.m2/repository/org/apache/hadoop/hadoop-hdds-container-service/1.1.0-SNAPSHOT/hadoop-hdds-container-service-1.1.0-SNAPSHOT.jar:/home/user/.m2/repository/org/apache/hadoop/hadoop-hdds-hadoop-dependency-server/1.1.0-SNAPSHOT/hadoop-hdds-hadoop-dependency-server-1.1.0-SNAPSHOT.jar:/home/user/.m2/repository/org/apache/hadoop/hadoop-hdfs/3.2.2/hadoop-hdfs-3.2.2.jar:/home/user/.m2/repository/org/apache/hadoop/hadoop-hdds-server-framework/1.1.0-SNAPSHOT/hadoop-hdds-server-framework-1.1.0-SNAPSHOT.jar:/home/user/.m2/repository/org/apache/hadoop/hadoop-hdds-interface-server/1.1.0-SNAPSHOT/hadoop-hdds-interface-server-1.1.0-SNAPSHOT.jar:/home/user/.m2/repository/org/apache/hadoop/hadoop-hdds-interface-admin/1.1.0-SNAPSHOT/hadoop-hdds-interface-admin-1.1.0-SNAPSHOT.jar:/home/user/.m2/repository/org/eclipse/jetty/jetty-servlet/9.4.34.v20201102/jetty-servlet-9.4.34.v20201102.jar:/home/user/.m2/repository/org/eclipse/jetty/jetty-security/9.4.34.v20201102/jetty-security-9.4.34.v20201102.jar:/home/user/.m2/repository/org/rocksdb/rocksdbjni/6.8.1/rocksdbjni-6.8.1.jar:/home/user/.m2/repository/io/prometheus/simpleclient_dropwizard/0.7.0/simpleclient_dropwizard-0.7.0.jar:/home/user/.m2/repository/io/prometheus/simpleclient/0.7.0/simpleclient-0.7.0.jar:/home/user/.m2/repository/io/prometheus/simpleclient_common/0.7.0/simpleclient_common-0.7.0.jar:/home/user/.m2/repository/com/fasterxml/jackson/datatype/jackson-datatype-jsr310/2.10.3/jackson-datatype-jsr310-2.10.3.jar:/home/user/.m2/repository/io/dropwizard/metrics/metrics-core/3.2.4/metrics-core-3.2.4.jar:/home/user/.m2/repository/org/apache/hadoop/hadoop-hdfs-client/3.2.2/hadoop-hdfs-client-3.2.2.jar:/home/user/.m2/repository/org/bouncycastle/bcprov-jdk15on/1.67/bcprov-jdk15on-1.67.jar:/home/user/.m2/repository/org/apache/hadoop/hadoop-ozone-ozone-manager/1.1.0-SNAPSHOT/hadoop-ozone-ozone-manager-1.1.0-SNAPSHOT.jar:/home/user/.m2/repository/org/apache/hadoop/hadoop-hdds-interface-client/1.1.0-SNAPSHOT/hadoop-hdds-interface-client-1.1.0-SNAPSHOT.jar:/home/user/.m2/repository/org/apache/ratis/ratis-thirdparty-misc/0.6.0/ratis-thirdparty-misc-0.6.0.jar:/home/user/.m2/repository/org/apache/hadoop/hadoop-ozone-interface-storage/1.1.0-SNAPSHOT/hadoop-ozone-interface-storage-1.1.0-SNAPSHOT.jar:/home/user/.m2/repository/org/apache/hadoop/hadoop-minikdc/3.2.2/hadoop-minikdc-3.2.2.jar:/home/user/.m2/repository/org/apache/kerby/kerb-simplekdc/1.0.1/kerb-simplekdc-1.0.1.jar:/home/user/.m2/repository/org/apache/kerby/kerb-client/1.0.1/kerb-client-1.0.1.jar:/home/user/.m2/repository/org/apache/kerby/kerby-config/1.0.1/kerby-config-1.0.1.jar:/home/user/.m2/repository/org/apache/kerby/kerb-core/1.0.1/kerb-core-1.0.1.jar:/home/user/.m2/repository/org/apache/kerby/kerby-pkix/1.0.1/kerby-pkix-1.0.1.jar:/home/user/.m2/repository/org/apache/kerby/kerby-asn1/1.0.1/kerby-asn1-1.0.1.jar:/home/user/.m2/repository/org/apache/kerby/kerby-util/1.0.1/kerby-util-1.0.1.jar:/home/user/.m2/repository/org/apache/kerby/kerb-common/1.0.1/kerb-common-1.0.1.jar:/home/user/.m2/repository/org/apache/kerby/kerb-crypto/1.0.1/kerb-crypto-1.0.1.jar:/home/user/.m2/repository/org/apache/kerby/kerb-util/1.0.1/kerb-util-1.0.1.jar:/home/user/.m2/repository/org/apache/kerby/token-provider/1.0.1/token-provider-1.0.1.jar:/home/user/.m2/repository/org/apache/kerby/kerb-admin/1.0.1/kerb-admin-1.0.1.jar:/home/user/.m2/repository/org/apache/kerby/kerb-server/1.0.1/kerb-server-1.0.1.jar:/home/user/.m2/repository/org/apache/kerby/kerb-identity/1.0.1/kerb-identity-1.0.1.jar:/home/user/.m2/repository/org/apache/kerby/kerby-xdr/1.0.1/kerby-xdr-1.0.1.jar:/home/user/.m2/repository/org/slf4j/slf4j-log4j12/1.7.30/slf4j-log4j12-1.7.30.jar:/home/user/.m2/repository/org/apache/hadoop/hadoop-ozone-s3gateway/1.1.0-SNAPSHOT/hadoop-ozone-s3gateway-1.1.0-SNAPSHOT.jar:/home/user/.m2/repository/org/jboss/weld/servlet/weld-servlet/2.4.7.Final/weld-servlet-2.4.7.Final.jar:/home/user/.m2/repository/org/glassfish/jersey/containers/jersey-container-servlet-core/2.27/jersey-container-servlet-core-2.27.jar:/home/user/.m2/repository/org/glassfish/hk2/external/javax.inject/2.5.0-b42/javax.inject-2.5.0-b42.jar:/home/user/.m2/repository/org/glassfish/jersey/core/jersey-common/2.27/jersey-common-2.27.jar:/home/user/.m2/repository/org/glassfish/hk2/osgi-resource-locator/1.0.1/osgi-resource-locator-1.0.1.jar:/home/user/.m2/repository/javax/ws/rs/javax.ws.rs-api/2.1/javax.ws.rs-api-2.1.jar:/home/user/.m2/repository/org/glassfish/jersey/ext/cdi/jersey-cdi1x/2.27/jersey-cdi1x-2.27.jar:/home/user/.m2/repository/org/glassfish/jersey/inject/jersey-hk2/2.27/jersey-hk2-2.27.jar:/home/user/.m2/repository/org/glassfish/hk2/hk2-locator/2.5.0-b42/hk2-locator-2.5.0-b42.jar:/home/user/.m2/repository/org/javassist/javassist/3.22.0-CR2/javassist-3.22.0-CR2.jar:/home/user/.m2/repository/org/glassfish/hk2/hk2-api/2.5.0/hk2-api-2.5.0.jar:/home/user/.m2/repository/org/glassfish/hk2/external/jakarta.inject/2.5.0/jakarta.inject-2.5.0.jar:/home/user/.m2/repository/org/glassfish/hk2/hk2-utils/2.5.0/hk2-utils-2.5.0.jar:/home/user/.m2/repository/jakarta/annotation/jakarta.annotation-api/1.3.4/jakarta.annotation-api-1.3.4.jar:/home/user/.m2/repository/org/glassfish/hk2/external/aopalliance-repackaged/2.5.0/aopalliance-repackaged-2.5.0.jar:/home/user/.m2/repository/com/fasterxml/jackson/dataformat/jackson-dataformat-xml/2.10.3/jackson-dataformat-xml-2.10.3.jar:/home/user/.m2/repository/com/fasterxml/jackson/core/jackson-core/2.10.3/jackson-core-2.10.3.jar:/home/user/.m2/repository/com/fasterxml/jackson/module/jackson-module-jaxb-annotations/2.10.3/jackson-module-jaxb-annotations-2.10.3.jar:/home/user/.m2/repository/jakarta/xml/bind/jakarta.xml.bind-api/2.3.2/jakarta.xml.bind-api-2.3.2.jar:/home/user/.m2/repository/jakarta/activation/jakarta.activation-api/1.2.1/jakarta.activation-api-1.2.1.jar:/home/user/.m2/repository/org/codehaus/woodstox/stax2-api/3.1.4/stax2-api-3.1.4.jar:/home/user/.m2/repository/com/fasterxml/woodstox/woodstox-core/5.0.3/woodstox-core-5.0.3.jar:/home/user/.m2/repository/javax/enterprise/cdi-api/1.2/cdi-api-1.2.jar:/home/user/.m2/repository/javax/el/javax.el-api/3.0.0/javax.el-api-3.0.0.jar:/home/user/.m2/repository/javax/interceptor/javax.interceptor-api/1.2/javax.interceptor-api-1.2.jar:/home/user/.m2/repository/javax/inject/javax.inject/1/javax.inject-1.jar:/home/user/.m2/repository/com/sun/xml/bind/jaxb-impl/2.3.0.1/jaxb-impl-2.3.0.1.jar:/home/user/.m2/repository/com/sun/xml/bind/jaxb-core/2.3.0.1/jaxb-core-2.3.0.1.jar:/home/user/.m2/repository/javax/xml/bind/jaxb-api/2.3.0/jaxb-api-2.3.0.jar:/home/user/.m2/repository/javax/activation/activation/1.1.1/activation-1.1.1.jar:/home/user/.m2/repository/org/apache/hadoop/hadoop-ozone-csi/1.1.0-SNAPSHOT/hadoop-ozone-csi-1.1.0-SNAPSHOT.jar:/home/user/.m2/repository/com/google/protobuf/protobuf-java-util/3.12.0/protobuf-java-util-3.12.0.jar:/home/user/.m2/repository/com/google/code/gson/gson/2.2.4/gson-2.2.4.jar:/home/user/.m2/repository/org/apache/hadoop/hadoop-hdds-config/1.1.0-SNAPSHOT/hadoop-hdds-config-1.1.0-SNAPSHOT.jar:/home/user/.m2/repository/com/google/protobuf/protobuf-java/2.5.0/protobuf-java-2.5.0.jar:/home/user/.m2/repository/io/grpc/grpc-netty/1.33.0/grpc-netty-1.33.0.jar:/home/user/.m2/repository/io/grpc/grpc-core/1.33.0/grpc-core-1.33.0.jar:/home/user/.m2/repository/com/google/android/annotations/4.1.1.4/annotations-4.1.1.4.jar:/home/user/.m2/repository/io/netty/netty-codec-http2/4.1.51.Final/netty-codec-http2-4.1.51.Final.jar:/home/user/.m2/repository/io/netty/netty-codec/4.1.51.Final/netty-codec-4.1.51.Final.jar:/home/user/.m2/repository/io/netty/netty-handler/4.1.51.Final/netty-handler-4.1.51.Final.jar:/home/user/.m2/repository/io/netty/netty-codec-http/4.1.51.Final/netty-codec-http-4.1.51.Final.jar:/home/user/.m2/repository/io/netty/netty-handler-proxy/4.1.51.Final/netty-handler-proxy-4.1.51.Final.jar:/home/user/.m2/repository/io/netty/netty-codec-socks/4.1.51.Final/netty-codec-socks-4.1.51.Final.jar:/home/user/.m2/repository/io/perfmark/perfmark-api/0.19.0/perfmark-api-0.19.0.jar:/home/user/.m2/repository/org/codehaus/mojo/animal-sniffer-annotations/1.18/animal-sniffer-annotations-1.18.jar:/home/user/.m2/repository/io/netty/netty-transport-native-epoll/4.1.51.Final/netty-transport-native-epoll-4.1.51.Final.jar:/home/user/.m2/repository/io/netty/netty-common/4.1.51.Final/netty-common-4.1.51.Final.jar:/home/user/.m2/repository/io/netty/netty-buffer/4.1.51.Final/netty-buffer-4.1.51.Final.jar:/home/user/.m2/repository/io/netty/netty-transport/4.1.51.Final/netty-transport-4.1.51.Final.jar:/home/user/.m2/repository/io/netty/netty-resolver/4.1.51.Final/netty-resolver-4.1.51.Final.jar:/home/user/.m2/repository/io/netty/netty-transport-native-unix-common/4.1.51.Final/netty-transport-native-unix-common-4.1.51.Final.jar:/home/user/.m2/repository/io/grpc/grpc-protobuf/1.33.0/grpc-protobuf-1.33.0.jar:/home/user/.m2/repository/io/grpc/grpc-api/1.33.0/grpc-api-1.33.0.jar:/home/user/.m2/repository/io/grpc/grpc-context/1.33.0/grpc-context-1.33.0.jar:/home/user/.m2/repository/com/google/api/grpc/proto-google-common-protos/1.17.0/proto-google-common-protos-1.17.0.jar:/home/user/.m2/repository/io/grpc/grpc-protobuf-lite/1.33.0/grpc-protobuf-lite-1.33.0.jar:/home/user/.m2/repository/io/grpc/grpc-stub/1.33.0/grpc-stub-1.33.0.jar:/home/user/.m2/repository/org/apache/hadoop/hadoop-ozone-recon/1.1.0-SNAPSHOT/hadoop-ozone-recon-1.1.0-SNAPSHOT.jar:/home/user/.m2/repository/org/apache/hadoop/hadoop-ozone-reconcodegen/1.1.0-SNAPSHOT/hadoop-ozone-reconcodegen-1.1.0-SNAPSHOT.jar:/home/user/.m2/repository/com/google/inject/extensions/guice-multibindings/4.0/guice-multibindings-4.0.jar:/home/user/.m2/repository/com/google/inject/guice/4.0/guice-4.0.jar:/home/user/.m2/repository/aopalliance/aopalliance/1.0/aopalliance-1.0.jar:/home/user/.m2/repository/com/google/inject/extensions/guice-assistedinject/4.0/guice-assistedinject-4.0.jar:/home/user/.m2/repository/com/google/inject/extensions/guice-servlet/4.0/guice-servlet-4.0.jar:/home/user/.m2/repository/org/glassfish/jersey/containers/jersey-container-servlet/2.27/jersey-container-servlet-2.27.jar:/home/user/.m2/repository/org/glassfish/hk2/guice-bridge/2.5.0/guice-bridge-2.5.0.jar:/home/user/.m2/repository/org/glassfish/jersey/core/jersey-server/2.27/jersey-server-2.27.jar:/home/user/.m2/repository/org/glassfish/jersey/core/jersey-client/2.27/jersey-client-2.27.jar:/home/user/.m2/repository/org/glassfish/jersey/media/jersey-media-jaxb/2.27/jersey-media-jaxb-2.27.jar:/home/user/.m2/repository/javax/validation/validation-api/1.1.0.Final/validation-api-1.1.0.Final.jar:/home/user/.m2/repository/org/glassfish/jersey/media/jersey-media-json-jackson/2.27/jersey-media-json-jackson-2.27.jar:/home/user/.m2/repository/org/glassfish/jersey/ext/jersey-entity-filtering/2.27/jersey-entity-filtering-2.27.jar:/home/user/.m2/repository/org/jooq/jooq/3.11.10/jooq-3.11.10.jar:/home/user/.m2/repository/org/jooq/jooq-meta/3.11.10/jooq-meta-3.11.10.jar:/home/user/.m2/repository/org/jooq/jooq-codegen/3.11.10/jooq-codegen-3.11.10.jar:/home/user/.m2/repository/com/jolbox/bonecp/0.8.0.RELEASE/bonecp-0.8.0.RELEASE.jar:/home/user/.m2/repository/org/apache/derby/derby/10.14.2.0/derby-10.14.2.0.jar:/home/user/.m2/repository/org/xerial/sqlite-jdbc/3.25.2/sqlite-jdbc-3.25.2.jar:/home/user/.m2/repository/org/springframework/spring-jdbc/5.2.11.RELEASE/spring-jdbc-5.2.11.RELEASE.jar:/home/user/.m2/repository/org/springframework/spring-beans/5.2.11.RELEASE/spring-beans-5.2.11.RELEASE.jar:/home/user/.m2/repository/org/springframework/spring-core/5.2.11.RELEASE/spring-core-5.2.11.RELEASE.jar:/home/user/.m2/repository/org/springframework/spring-jcl/5.2.11.RELEASE/spring-jcl-5.2.11.RELEASE.jar:/home/user/.m2/repository/org/springframework/spring-tx/5.2.11.RELEASE/spring-tx-5.2.11.RELEASE.jar:/home/user/.m2/repository/org/apache/hadoop/hadoop-ozone-client/1.1.0-SNAPSHOT/hadoop-ozone-client-1.1.0-SNAPSHOT.jar:/home/user/.m2/repository/org/apache/hadoop/hadoop-ozone-filesystem/1.1.0-SNAPSHOT/hadoop-ozone-filesystem-1.1.0-SNAPSHOT.jar:/home/user/.m2/repository/org/apache/hadoop/hadoop-ozone-filesystem-common/1.1.0-SNAPSHOT/hadoop-ozone-filesystem-common-1.1.0-SNAPSHOT.jar:/home/user/.m2/repository/org/apache/hadoop/hadoop-ozone-tools/1.1.0-SNAPSHOT/hadoop-ozone-tools-1.1.0-SNAPSHOT.jar:/home/user/.m2/repository/org/apache/ratis/ratis-tools/1.1.0-0bdf24f-SNAPSHOT/ratis-tools-1.1.0-0bdf24f-SNAPSHOT.jar:/home/user/.m2/repository/org/apache/ratis/ratis-proto/1.1.0-0bdf24f-SNAPSHOT/ratis-proto-1.1.0-0bdf24f-SNAPSHOT.jar:/home/user/.m2/repository/org/apache/ratis/ratis-common/1.1.0-0bdf24f-SNAPSHOT/ratis-common-1.1.0-0bdf24f-SNAPSHOT.jar:/home/user/.m2/repository/com/amazonaws/aws-java-sdk-core/1.11.901/aws-java-sdk-core-1.11.901.jar:/home/user/.m2/repository/org/apache/httpcomponents/httpclient/4.5.13/httpclient-4.5.13.jar:/home/user/.m2/repository/org/apache/httpcomponents/httpcore/4.4.13/httpcore-4.4.13.jar:/home/user/.m2/repository/software/amazon/ion/ion-java/1.0.2/ion-java-1.0.2.jar:/home/user/.m2/repository/com/fasterxml/jackson/dataformat/jackson-dataformat-cbor/2.10.3/jackson-dataformat-cbor-2.10.3.jar:/home/user/.m2/repository/joda-time/joda-time/2.8.1/joda-time-2.8.1.jar:/home/user/.m2/repository/com/amazonaws/aws-java-sdk-s3/1.11.901/aws-java-sdk-s3-1.11.901.jar:/home/user/.m2/repository/com/amazonaws/aws-java-sdk-kms/1.11.901/aws-java-sdk-kms-1.11.901.jar:/home/user/.m2/repository/com/amazonaws/jmespath-java/1.11.901/jmespath-java-1.11.901.jar:/home/user/.m2/repository/org/kohsuke/metainf-services/metainf-services/1.8/metainf-services-1.8.jar:/home/user/.m2/repository/org/apache/hadoop/hadoop-hdds-tools/1.1.0-SNAPSHOT/hadoop-hdds-tools-1.1.0-SNAPSHOT.jar:/home/user/.m2/repository/commons-cli/commons-cli/1.2/commons-cli-1.2.jar:/home/user/.m2/repository/org/apache/commons/commons-lang3/3.7/commons-lang3-3.7.jar:/home/user/.m2/repository/org/apache/hadoop/hadoop-ozone-ozone-manager/1.1.0-SNAPSHOT/hadoop-ozone-ozone-manager-1.1.0-SNAPSHOT-tests.jar:/home/user/.m2/repository/org/apache/hadoop/hadoop-hdds-common/1.1.0-SNAPSHOT/hadoop-hdds-common-1.1.0-SNAPSHOT-tests.jar:/home/user/.m2/repository/org/apache/hadoop/hadoop-hdds-hadoop-dependency-client/1.1.0-SNAPSHOT/hadoop-hdds-hadoop-dependency-client-1.1.0-SNAPSHOT.jar:/home/user/.m2/repository/info/picocli/picocli/4.4.0/picocli-4.4.0.jar:/home/user/.m2/repository/com/fasterxml/jackson/core/jackson-annotations/2.10.3/jackson-annotations-2.10.3.jar:/home/user/.m2/repository/javax/annotation/javax.annotation-api/1.2/javax.annotation-api-1.2.jar:/home/user/.m2/repository/org/fusesource/leveldbjni/leveldbjni-all/1.8/leveldbjni-all-1.8.jar:/home/user/.m2/repository/org/apache/ratis/ratis-server/1.1.0-0bdf24f-SNAPSHOT/ratis-server-1.1.0-0bdf24f-SNAPSHOT.jar:/home/user/.m2/repository/org/apache/ratis/ratis-client/1.1.0-0bdf24f-SNAPSHOT/ratis-client-1.1.0-0bdf24f-SNAPSHOT.jar:/home/user/.m2/repository/org/apache/ratis/ratis-server-api/1.1.0-0bdf24f-SNAPSHOT/ratis-server-api-1.1.0-0bdf24f-SNAPSHOT.jar:/home/user/.m2/repository/org/apache/ratis/ratis-metrics/1.1.0-0bdf24f-SNAPSHOT/ratis-metrics-1.1.0-0bdf24f-SNAPSHOT.jar:/home/user/.m2/repository/org/apache/ratis/ratis-netty/1.1.0-0bdf24f-SNAPSHOT/ratis-netty-1.1.0-0bdf24f-SNAPSHOT.jar:/home/user/.m2/repository/org/apache/ratis/ratis-grpc/1.1.0-0bdf24f-SNAPSHOT/ratis-grpc-1.1.0-0bdf24f-SNAPSHOT.jar:/home/user/.m2/repository/org/apache/logging/log4j/log4j-api/2.13.3/log4j-api-2.13.3.jar:/home/user/.m2/repository/org/apache/logging/log4j/log4j-core/2.13.3/log4j-core-2.13.3.jar:/home/user/.m2/repository/com/lmax/disruptor/3.4.2/disruptor-3.4.2.jar:/home/user/.m2/repository/org/apache/commons/commons-pool2/2.6.0/commons-pool2-2.6.0.jar:/home/user/.m2/repository/org/bouncycastle/bcpkix-jdk15on/1.67/bcpkix-jdk15on-1.67.jar:/home/user/.m2/repository/commons-validator/commons-validator/1.6/commons-validator-1.6.jar:/home/user/.m2/repository/commons-beanutils/commons-beanutils/1.9.4/commons-beanutils-1.9.4.jar:/home/user/.m2/repository/commons-digester/commons-digester/1.8.1/commons-digester-1.8.1.jar:/home/user/.m2/repository/commons-collections/commons-collections/3.2.2/commons-collections-3.2.2.jar:/home/user/.m2/repository/io/jaegertracing/jaeger-client/1.2.0/jaeger-client-1.2.0.jar:/home/user/.m2/repository/io/jaegertracing/jaeger-thrift/1.2.0/jaeger-thrift-1.2.0.jar:/home/user/.m2/repository/org/apache/thrift/libthrift/0.13.0/libthrift-0.13.0.jar:/home/user/.m2/repository/com/squareup/okhttp3/okhttp/4.2.2/okhttp-4.2.2.jar:/home/user/.m2/repository/com/squareup/okio/okio/2.2.2/okio-2.2.2.jar:/home/user/.m2/repository/org/jetbrains/kotlin/kotlin-stdlib/1.3.50/kotlin-stdlib-1.3.50.jar:/home/user/.m2/repository/org/jetbrains/kotlin/kotlin-stdlib-common/1.3.50/kotlin-stdlib-common-1.3.50.jar:/home/user/.m2/repository/org/jetbrains/annotations/13.0/annotations-13.0.jar:/home/user/.m2/repository/io/jaegertracing/jaeger-core/1.2.0/jaeger-core-1.2.0.jar:/home/user/.m2/repository/io/jaegertracing/jaeger-tracerresolver/1.2.0/jaeger-tracerresolver-1.2.0.jar:/home/user/.m2/repository/io/opentracing/contrib/opentracing-tracerresolver/0.1.8/opentracing-tracerresolver-0.1.8.jar:/home/user/.m2/repository/io/opentracing/opentracing-util/0.33.0/opentracing-util-0.33.0.jar:/home/user/.m2/repository/io/opentracing/opentracing-api/0.33.0/opentracing-api-0.33.0.jar:/home/user/.m2/repository/io/opentracing/opentracing-noop/0.33.0/opentracing-noop-0.33.0.jar:/home/user/.m2/repository/org/yaml/snakeyaml/1.26/snakeyaml-1.26.jar:/home/user/.m2/repository/junit/junit/4.13.1/junit-4.13.1.jar:/home/user/.m2/repository/org/hamcrest/hamcrest-core/1.3/hamcrest-core-1.3.jar:/home/user/.m2/repository/org/junit/jupiter/junit-jupiter-api/5.7.0/junit-jupiter-api-5.7.0.jar:/home/user/.m2/repository/org/apiguardian/apiguardian-api/1.1.0/apiguardian-api-1.1.0.jar:/home/user/.m2/repository/org/opentest4j/opentest4j/1.2.0/opentest4j-1.2.0.jar:/home/user/.m2/repository/org/junit/platform/junit-platform-commons/1.7.0/junit-platform-commons-1.7.0.jar:/home/user/.m2/repository/org/junit/jupiter/junit-jupiter-engine/5.7.0/junit-jupiter-engine-5.7.0.jar:/home/user/.m2/repository/org/junit/platform/junit-platform-engine/1.7.0/junit-platform-engine-1.7.0.jar:/home/user/.m2/repository/org/junit/vintage/junit-vintage-engine/5.7.0/junit-vintage-engine-5.7.0.jar:/home/user/.m2/repository/org/junit/platform/junit-platform-launcher/1.7.0/junit-platform-launcher-1.7.0.jar:/home/user/.m2/repository/org/openjdk/jmh/jmh-core/1.19/jmh-core-1.19.jar:/home/user/.m2/repository/net/sf/jopt-simple/jopt-simple/4.6/jopt-simple-4.6.jar:/home/user/.m2/repository/org/apache/commons/commons-math3/3.1.1/commons-math3-3.1.1.jar:/home/user/.m2/repository/org/openjdk/jmh/jmh-generator-annprocess/1.19/jmh-generator-annprocess-1.19.jar:/home/user/.m2/repository/org/mockito/mockito-all/1.8.5/mockito-all-1.8.5.jar:/home/user/.m2/repository/org/apache/hadoop/hadoop-kms/3.2.2/hadoop-kms-3.2.2.jar:/home/user/.m2/repository/org/apache/hadoop/hadoop-auth/3.2.2/hadoop-auth-3.2.2.jar:/home/user/.m2/repository/com/nimbusds/nimbus-jose-jwt/7.9/nimbus-jose-jwt-7.9.jar:/home/user/.m2/repository/com/github/stephenc/jcip/jcip-annotations/1.0-1/jcip-annotations-1.0-1.jar:/home/user/.m2/repository/net/minidev/json-smart/2.3/json-smart-2.3.jar:/home/user/.m2/repository/net/minidev/accessors-smart/1.2/accessors-smart-1.2.jar:/home/user/.m2/repository/org/ow2/asm/asm/5.0.4/asm-5.0.4.jar:/home/user/.m2/repository/org/apache/zookeeper/zookeeper/3.4.13/zookeeper-3.4.13.jar:/home/user/.m2/repository/org/apache/yetus/audience-annotations/0.5.0/audience-annotations-0.5.0.jar:/home/user/.m2/repository/org/apache/curator/curator-framework/2.13.0/curator-framework-2.13.0.jar:/home/user/.m2/repository/com/sun/jersey/jersey-core/1.19/jersey-core-1.19.jar:/home/user/.m2/repository/javax/ws/rs/jsr311-api/1.1.1/jsr311-api-1.1.1.jar:/home/user/.m2/repository/com/sun/jersey/jersey-server/1.19/jersey-server-1.19.jar:/home/user/.m2/repository/javax/servlet/javax.servlet-api/3.1.0/javax.servlet-api-3.1.0.jar:/home/user/.m2/repository/org/eclipse/jetty/jetty-server/9.4.34.v20201102/jetty-server-9.4.34.v20201102.jar:/home/user/.m2/repository/org/eclipse/jetty/jetty-http/9.4.34.v20201102/jetty-http-9.4.34.v20201102.jar:/home/user/.m2/repository/org/eclipse/jetty/jetty-io/9.4.34.v20201102/jetty-io-9.4.34.v20201102.jar:/home/user/.m2/repository/org/eclipse/jetty/jetty-webapp/9.4.34.v20201102/jetty-webapp-9.4.34.v20201102.jar:/home/user/.m2/repository/org/eclipse/jetty/jetty-xml/9.4.34.v20201102/jetty-xml-9.4.34.v20201102.jar:/home/user/.m2/repository/org/apache/hadoop/hadoop-common/3.2.2/hadoop-common-3.2.2.jar:/home/user/.m2/repository/commons-net/commons-net/3.6/commons-net-3.6.jar:/home/user/.m2/repository/javax/activation/javax.activation-api/1.2.0/javax.activation-api-1.2.0.jar:/home/user/.m2/repository/com/sun/jersey/jersey-servlet/1.19/jersey-servlet-1.19.jar:/home/user/.m2/repository/com/sun/jersey/jersey-json/1.19/jersey-json-1.19.jar:/home/user/.m2/repository/org/codehaus/jettison/jettison/1.1/jettison-1.1.jar:/home/user/.m2/repository/org/codehaus/jackson/jackson-jaxrs/1.9.2/jackson-jaxrs-1.9.2.jar:/home/user/.m2/repository/org/codehaus/jackson/jackson-xc/1.9.2/jackson-xc-1.9.2.jar:/home/user/.m2/repository/org/apache/commons/commons-configuration2/2.1.1/commons-configuration2-2.1.1.jar:/home/user/.m2/repository/org/apache/commons/commons-text/1.4/commons-text-1.4.jar:/home/user/.m2/repository/com/google/re2j/re2j/1.1/re2j-1.1.jar:/home/user/.m2/repository/com/jcraft/jsch/0.1.54/jsch-0.1.54.jar:/home/user/.m2/repository/org/apache/curator/curator-client/2.13.0/curator-client-2.13.0.jar:/home/user/.m2/repository/org/apache/curator/curator-recipes/2.13.0/curator-recipes-2.13.0.jar:/home/user/.m2/repository/dnsjava/dnsjava/2.1.7/dnsjava-2.1.7.jar:/home/user/.m2/repository/org/slf4j/jul-to-slf4j/1.7.30/jul-to-slf4j-1.7.30.jar:/home/user/.m2/repository/org/eclipse/jetty/jetty-util/9.4.34.v20201102/jetty-util-9.4.34.v20201102.jar:/home/user/.m2/repository/com/fasterxml/jackson/core/jackson-databind/2.10.3/jackson-databind-2.10.3.jar:/home/user/.m2/repository/org/apache/hadoop/hadoop-kms/3.2.2/hadoop-kms-3.2.2-tests.jar:/home/user/.m2/repository/org/apache/hadoop/hadoop-hdds-server-scm/1.1.0-SNAPSHOT/hadoop-hdds-server-scm-1.1.0-SNAPSHOT-tests.jar:/home/user/.m2/repository/org/apache/hadoop/hadoop-hdds-container-service/1.1.0-SNAPSHOT/hadoop-hdds-container-service-1.1.0-SNAPSHOT-tests.jar:/home/user/.m2/repository/commons-codec/commons-codec/1.11/commons-codec-1.11.jar:/home/user/.m2/repository/org/apache/hadoop/hadoop-hdds-hadoop-dependency-test/1.1.0-SNAPSHOT/hadoop-hdds-hadoop-dependency-test-1.1.0-SNAPSHOT.jar:/home/user/.m2/repository/org/apache/hadoop/hadoop-common/3.2.2/hadoop-common-3.2.2-tests.jar:/home/user/.m2/repository/org/apache/hadoop/hadoop-hdfs/3.2.2/hadoop-hdfs-3.2.2-tests.jar:/home/user/.m2/repository/org/eclipse/jetty/jetty-util-ajax/9.4.34.v20201102/jetty-util-ajax-9.4.34.v20201102.jar:/home/user/.m2/repository/commons-daemon/commons-daemon/1.0.13/commons-daemon-1.0.13.jar:/home/user/.m2/repository/io/netty/netty/3.10.6.Final/netty-3.10.6.Final.jar:/home/user/.m2/repository/io/netty/netty-all/4.1.51.Final/netty-all-4.1.51.Final.jar:/home/user/.m2/repository/org/apache/htrace/htrace-core4/4.1.0-incubating/htrace-core4-4.1.0-incubating.jar:/home/user/.m2/repository/org/apache/hadoop/hadoop-distcp/3.2.2/hadoop-distcp-3.2.2.jar:/home/user/.m2/repository/org/apache/hadoop/hadoop-mapreduce-client-jobclient/3.2.2/hadoop-mapreduce-client-jobclient-3.2.2.jar:/home/user/.m2/repository/org/apache/hadoop/hadoop-mapreduce-client-common/3.2.2/hadoop-mapreduce-client-common-3.2.2.jar:/home/user/.m2/repository/org/apache/hadoop/hadoop-yarn-common/3.2.2/hadoop-yarn-common-3.2.2.jar:/home/user/.m2/repository/org/apache/hadoop/hadoop-yarn-api/3.2.2/hadoop-yarn-api-3.2.2.jar:/home/user/.m2/repository/com/sun/jersey/jersey-client/1.19/jersey-client-1.19.jar:/home/user/.m2/repository/com/sun/jersey/contribs/jersey-guice/1.19/jersey-guice-1.19.jar:/home/user/.m2/repository/com/fasterxml/jackson/jaxrs/jackson-jaxrs-json-provider/2.10.3/jackson-jaxrs-json-provider-2.10.3.jar:/home/user/.m2/repository/com/fasterxml/jackson/jaxrs/jackson-jaxrs-base/2.10.3/jackson-jaxrs-base-2.10.3.jar:/home/user/.m2/repository/org/apache/hadoop/hadoop-yarn-client/3.2.2/hadoop-yarn-client-3.2.2.jar:/home/user/.m2/repository/org/apache/hadoop/hadoop-mapreduce-client-core/3.2.2/hadoop-mapreduce-client-core-3.2.2.jar:/home/user/.m2/repository/org/apache/avro/avro/1.7.7/avro-1.7.7.jar:/home/user/.m2/repository/org/codehaus/jackson/jackson-core-asl/1.9.13/jackson-core-asl-1.9.13.jar:/home/user/.m2/repository/org/codehaus/jackson/jackson-mapper-asl/1.9.13/jackson-mapper-asl-1.9.13.jar:/home/user/.m2/repository/com/thoughtworks/paranamer/paranamer/2.3/paranamer-2.3.jar:/home/user/.m2/repository/org/xerial/snappy/snappy-java/1.0.5/snappy-java-1.0.5.jar:/home/user/.m2/repository/org/apache/hadoop/hadoop-annotations/3.2.2/hadoop-annotations-3.2.2.jar:/usr/lib/jvm/java-1.8.0-openjdk-1.8.0.232.b09-0.el7_7.x86_64/jre/../lib/tools.jar:/home/user/.m2/repository/org/apache/hadoop/hadoop-distcp/3.2.2/hadoop-distcp-3.2.2-tests.jar:"/>
    <property name="sun.cpu.endian" value="little"/>
    <property name="user.home" value="/home/user"/>
    <property name="user.language" value="en"/>
    <property name="java.specification.vendor" value="Oracle Corporation"/>
    <property name="java.home" value="/usr/lib/jvm/java-1.8.0-openjdk-1.8.0.232.b09-0.el7_7.x86_64/jre"/>
    <property name="java.security.krb5.conf" value="/github/workspace/mnt/ozone/hadoop-ozone/integration-test/target/test-classes/krb5.conf"/>
    <property name="basedir" value="/github/workspace/mnt/ozone/hadoop-ozone/integration-test"/>
    <property name="file.separator" value="/"/>
    <property name="line.separator" value="&#10;"/>
    <property name="java.vm.specification.vendor" value="Oracle Corporation"/>
    <property name="java.specification.name" value="Java Platform API Specification"/>
    <property name="java.awt.graphicsenv" value="sun.awt.X11GraphicsEnvironment"/>
    <property name="skip.installnpx" value="true"/>
    <property name="surefire.real.class.path" value="/github/workspace/mnt/ozone/hadoop-ozone/integration-test/target/surefire/surefirebooter5495896072840538150.jar:/home/user/.m2/repository/org/jacoco/org.jacoco.agent/0.8.5/org.jacoco.agent-0.8.5-runtime.jar"/>
    <property name="hadoop.log.dir" value="/github/workspace/mnt/ozone/hadoop-ozone/integration-test/target/log"/>
    <property name="sun.boot.class.path" value="/usr/lib/jvm/java-1.8.0-openjdk-1.8.0.232.b09-0.el7_7.x86_64/jre/lib/resources.jar:/usr/lib/jvm/java-1.8.0-openjdk-1.8.0.232.b09-0.el7_7.x86_64/jre/lib/rt.jar:/usr/lib/jvm/java-1.8.0-openjdk-1.8.0.232.b09-0.el7_7.x86_64/jre/lib/sunrsasign.jar:/usr/lib/jvm/java-1.8.0-openjdk-1.8.0.232.b09-0.el7_7.x86_64/jre/lib/jsse.jar:/usr/lib/jvm/java-1.8.0-openjdk-1.8.0.232.b09-0.el7_7.x86_64/jre/lib/jce.jar:/usr/lib/jvm/java-1.8.0-openjdk-1.8.0.232.b09-0.el7_7.x86_64/jre/lib/charsets.jar:/usr/lib/jvm/java-1.8.0-openjdk-1.8.0.232.b09-0.el7_7.x86_64/jre/lib/jfr.jar:/usr/lib/jvm/java-1.8.0-openjdk-1.8.0.232.b09-0.el7_7.x86_64/jre/classes"/>
    <property name="sun.management.compiler" value="HotSpot 64-Bit Tiered Compilers"/>
    <property name="skip.npx" value="true"/>
    <property name="java.runtime.version" value="1.8.0_232-b09"/>
    <property name="java.net.preferIPv4Stack" value="true"/>
    <property name="user.name" value="jenkins1001"/>
    <property name="path.separator" value=":"/>
    <property name="java.security.egd" value="file:///dev/urandom"/>
    <property name="os.version" value="5.4.0-1036-azure"/>
    <property name="java.endorsed.dirs" value="/usr/lib/jvm/java-1.8.0-openjdk-1.8.0.232.b09-0.el7_7.x86_64/jre/lib/endorsed"/>
    <property name="java.runtime.name" value="OpenJDK Runtime Environment"/>
    <property name="file.encoding" value="ANSI_X3.4-1968"/>
    <property name="java.vm.name" value="OpenJDK 64-Bit Server VM"/>
    <property name="test.build.webapps" value=""/>
    <property name="localRepository" value="/home/user/.m2/repository"/>
    <property name="java.vendor.url.bug" value="http://bugreport.sun.com/bugreport/"/>
    <property name="java.io.tmpdir" value="/tmp"/>
    <property name="require.test.libhadoop" value=""/>
    <property name="java.version" value="1.8.0_232"/>
    <property name="user.dir" value="/github/workspace/mnt/ozone/hadoop-ozone/integration-test"/>
    <property name="os.arch" value="amd64"/>
    <property name="java.vm.specification.name" value="Java Virtual Machine Specification"/>
    <property name="test.build.classes" value="/github/workspace/mnt/ozone/hadoop-ozone/integration-test/target/test-classes"/>
    <property name="java.awt.printerjob" value="sun.print.PSPrinterJob"/>
    <property name="sun.os.patch.level" value="unknown"/>
    <property name="hadoop.tmp.dir" value="/github/workspace/mnt/ozone/hadoop-ozone/integration-test/target/tmp"/>
    <property name="java.library.path" value="/usr/lib:/usr/java/packages/lib/amd64:/usr/lib64:/lib64:/lib:/usr/lib"/>
    <property name="java.vm.info" value="mixed mode"/>
    <property name="java.vendor" value="Oracle Corporation"/>
    <property name="java.vm.version" value="25.232-b09"/>
    <property name="java.ext.dirs" value="/usr/lib/jvm/java-1.8.0-openjdk-1.8.0.232.b09-0.el7_7.x86_64/jre/lib/ext:/usr/java/packages/lib/ext"/>
    <property name="sun.io.unicode.encoding" value="UnicodeLittle"/>
    <property name="java.class.version" value="52.0"/>
  </properties>
  <testcase name="testMultipleDataDirs" classname="org.apache.hadoop.ozone.TestMiniOzoneCluster" time="17.472"/>
  <testcase name="testStartMultipleDatanodes" classname="org.apache.hadoop.ozone.TestMiniOzoneCluster" time="23.212"/>
  <testcase name="testDNstartAfterSCM" classname="org.apache.hadoop.ozone.TestMiniOzoneCluster" time="110.12">
    <error message="test timed out after 100000 milliseconds" type="org.junit.runners.model.TestTimedOutException">org.junit.runners.model.TestTimedOutException: test timed out after 100000 milliseconds
	at java.lang.Thread.sleep(Native Method)
	at org.apache.hadoop.ozone.TestMiniOzoneCluster.testDNstartAfterSCM(TestMiniOzoneCluster.java:330)
	at sun.reflect.NativeMethodAccessorImpl.invoke0(Native Method)
	at sun.reflect.NativeMethodAccessorImpl.invoke(NativeMethodAccessorImpl.java:62)
	at sun.reflect.DelegatingMethodAccessorImpl.invoke(DelegatingMethodAccessorImpl.java:43)
	at java.lang.reflect.Method.invoke(Method.java:498)
	at org.junit.runners.model.FrameworkMethod$1.runReflectiveCall(FrameworkMethod.java:59)
	at org.junit.internal.runners.model.ReflectiveCallable.run(ReflectiveCallable.java:12)
	at org.junit.runners.model.FrameworkMethod.invokeExplosively(FrameworkMethod.java:56)
	at org.junit.internal.runners.statements.InvokeMethod.evaluate(InvokeMethod.java:17)
	at org.junit.internal.runners.statements.FailOnTimeout$CallableStatement.call(FailOnTimeout.java:288)
	at org.junit.internal.runners.statements.FailOnTimeout$CallableStatement.call(FailOnTimeout.java:282)
	at java.util.concurrent.FutureTask.run(FutureTask.java:266)
	at java.lang.Thread.run(Thread.java:748)
</error>
    <system-out><![CDATA[2021-02-04 10:26:26,051 [Time-limited test] WARN  server.ServerUtils (ServerUtils.java:getScmDbDir(148)) - ozone.scm.db.dirs is not configured. We recommend adding this setting. Falling back to ozone.metadata.dirs instead.
2021-02-04 10:26:26,053 [Time-limited test] WARN  server.ServerUtils (ServerUtils.java:getScmDbDir(148)) - ozone.scm.db.dirs is not configured. We recommend adding this setting. Falling back to ozone.metadata.dirs instead.
2021-02-04 10:26:26,054 [Time-limited test] WARN  db.DBStoreBuilder (DBStoreBuilder.java:applyDBDefinition(145)) - ozone.scm.db.dirs is not configured. We recommend adding this setting. Falling back to ozone.metadata.dirs instead.
2021-02-04 10:26:26,076 [Time-limited test] INFO  net.NodeSchemaLoader (NodeSchemaLoader.java:loadSchemaFromFile(126)) - Loading file from sun.misc.CompoundEnumeration@31021ecb
2021-02-04 10:26:26,076 [Time-limited test] INFO  net.NodeSchemaLoader (NodeSchemaLoader.java:loadSchema(172)) - Loading network topology layer schema file
2021-02-04 10:26:26,078 [Time-limited test] WARN  server.ServerUtils (ServerUtils.java:sanitizeUserArgs(73)) - ozone.scm.stale.node.interval value = 300000 is larger than max = 100000 based on the key value of ozone.scm.heartbeat.thread.interval, reset to the max value 100000.
2021-02-04 10:26:26,079 [Time-limited test] WARN  server.ServerUtils (ServerUtils.java:sanitizeUserArgs(73)) - ozone.scm.stale.node.interval value = 300000 is larger than max = 100000 based on the key value of ozone.scm.heartbeat.thread.interval, reset to the max value 100000.
2021-02-04 10:26:26,079 [Time-limited test] INFO  node.SCMNodeManager (SCMNodeManager.java:<init>(123)) - Entering startup safe mode.
2021-02-04 10:26:26,080 [Time-limited test] INFO  algorithms.ContainerPlacementPolicyFactory (ContainerPlacementPolicyFactory.java:getPolicy(60)) - Create container placement policy of type org.apache.hadoop.hdds.scm.container.placement.algorithms.SCMContainerPlacementRandom
2021-02-04 10:26:26,080 [Time-limited test] INFO  algorithms.LeaderChoosePolicyFactory (LeaderChoosePolicyFactory.java:getPolicy(57)) - Create leader choose policy of type org.apache.hadoop.hdds.scm.pipeline.leader.choose.algorithms.MinLeaderCountChoosePolicy
2021-02-04 10:26:26,080 [Time-limited test] INFO  pipeline.SCMPipelineManager (SCMPipelineManager.java:initializePipelineState(161)) - No pipeline exists in current db
2021-02-04 10:26:26,081 [Time-limited test] INFO  algorithms.PipelineChoosePolicyFactory (PipelineChoosePolicyFactory.java:createPipelineChoosePolicyFromClass(73)) - Create pipeline choose policy of type org.apache.hadoop.hdds.scm.pipeline.choose.algorithms.RandomPipelineChoosePolicy
2021-02-04 10:26:26,082 [Time-limited test] INFO  safemode.HealthyPipelineSafeModeRule (HealthyPipelineSafeModeRule.java:<init>(89)) - Total pipeline count is 0, healthy pipeline threshold count is 0
2021-02-04 10:26:26,082 [Time-limited test] INFO  safemode.OneReplicaPipelineSafeModeRule (OneReplicaPipelineSafeModeRule.java:<init>(85)) - Total pipeline count is 0, pipeline's with at least one datanode reported threshold count is 0
2021-02-04 10:26:26,087 [Time-limited test] INFO  ipc.CallQueueManager (CallQueueManager.java:<init>(85)) - Using callQueue: class java.util.concurrent.LinkedBlockingQueue, queueCapacity: 2000, scheduler: class org.apache.hadoop.ipc.DefaultRpcScheduler, ipcBackoff: false.
2021-02-04 10:26:26,089 [Socket Reader #1 for port 0] INFO  ipc.Server (Server.java:run(1255)) - Starting Socket Reader #1 for port 0
2021-02-04 10:26:26,089 [Listener at 0.0.0.0/40683] INFO  ipc.CallQueueManager (CallQueueManager.java:<init>(85)) - Using callQueue: class java.util.concurrent.LinkedBlockingQueue, queueCapacity: 2000, scheduler: class org.apache.hadoop.ipc.DefaultRpcScheduler, ipcBackoff: false.
2021-02-04 10:26:26,090 [Socket Reader #1 for port 0] INFO  ipc.Server (Server.java:run(1255)) - Starting Socket Reader #1 for port 0
2021-02-04 10:26:26,096 [Listener at 0.0.0.0/38753] INFO  ipc.CallQueueManager (CallQueueManager.java:<init>(85)) - Using callQueue: class java.util.concurrent.LinkedBlockingQueue, queueCapacity: 2000, scheduler: class org.apache.hadoop.ipc.DefaultRpcScheduler, ipcBackoff: false.
2021-02-04 10:26:26,096 [Socket Reader #1 for port 0] INFO  ipc.Server (Server.java:run(1255)) - Starting Socket Reader #1 for port 0
2021-02-04 10:26:26,105 [Listener at 0.0.0.0/43067] INFO  http.BaseHttpServer (BaseHttpServer.java:newHttpServer2BuilderForOzone(207)) - Starting Web-server for scm at: http://0.0.0.0:0
2021-02-04 10:26:26,105 [Listener at 0.0.0.0/43067] INFO  http.BaseHttpServer (BaseHttpServer.java:<init>(106)) - Hadoop Security Enabled: false Ozone Security Enabled: false Ozone HTTP Security Enabled: false 
2021-02-04 10:26:26,107 [Listener at 0.0.0.0/43067] INFO  server.AuthenticationFilter (AuthenticationFilter.java:constructSecretProvider(240)) - Unable to initialize FileSignerSecretProvider, falling back to use random secrets.
2021-02-04 10:26:26,107 [Listener at 0.0.0.0/43067] WARN  http.HttpRequestLog (HttpRequestLog.java:getRequestLog(103)) - Jetty request log can only be enabled using Log4j
2021-02-04 10:26:26,108 [Listener at 0.0.0.0/43067] INFO  http.HttpServer2 (HttpServer2.java:addGlobalFilter(1020)) - Added global filter 'safety' (class=org.apache.hadoop.hdds.server.http.HttpServer2$QuotingInputFilter)
2021-02-04 10:26:26,109 [Listener at 0.0.0.0/43067] INFO  http.HttpServer2 (HttpServer2.java:addFilter(996)) - Added filter static_user_filter (class=org.apache.hadoop.http.lib.StaticUserWebFilter$StaticUserFilter) to context scm
2021-02-04 10:26:26,109 [Listener at 0.0.0.0/43067] INFO  http.HttpServer2 (HttpServer2.java:addFilter(1004)) - Added filter static_user_filter (class=org.apache.hadoop.http.lib.StaticUserWebFilter$StaticUserFilter) to context static
2021-02-04 10:26:26,109 [Listener at 0.0.0.0/43067] INFO  http.HttpServer2 (HttpServer2.java:addFilter(1004)) - Added filter static_user_filter (class=org.apache.hadoop.http.lib.StaticUserWebFilter$StaticUserFilter) to context logs
2021-02-04 10:26:26,119 [Listener at 0.0.0.0/43067] INFO  server.StorageContainerManager (StorageContainerManager.java:start(789)) - StorageContainerLocationProtocol RPC server is listening at /0.0.0.0:43067
2021-02-04 10:26:26,120 [Listener at 0.0.0.0/43067] WARN  impl.MetricsConfig (MetricsConfig.java:loadFirst(136)) - Cannot locate configuration: tried hadoop-metrics2-storagecontainermanager.properties,hadoop-metrics2.properties
2021-02-04 10:26:26,121 [Listener at 0.0.0.0/43067] INFO  impl.MetricsSystemImpl (MetricsSystemImpl.java:startTimer(378)) - Scheduled Metric snapshot period at 10 second(s).
2021-02-04 10:26:26,121 [Listener at 0.0.0.0/43067] INFO  impl.MetricsSystemImpl (MetricsSystemImpl.java:start(191)) - StorageContainerManager metrics system started
2021-02-04 10:26:26,130 [Listener at 0.0.0.0/43067] INFO  impl.MetricsSinkAdapter (MetricsSinkAdapter.java:start(204)) - Sink prometheus started
2021-02-04 10:26:26,130 [Listener at 0.0.0.0/43067] INFO  impl.MetricsSystemImpl (MetricsSystemImpl.java:registerSink(305)) - Registered sink prometheus
2021-02-04 10:26:26,135 [Listener at 0.0.0.0/43067] INFO  server.SCMClientProtocolServer (SCMClientProtocolServer.java:start(159)) - RPC server for Client  is listening at /0.0.0.0:43067
2021-02-04 10:26:26,135 [IPC Server Responder] INFO  ipc.Server (Server.java:run(1497)) - IPC Server Responder: starting
2021-02-04 10:26:26,136 [IPC Server listener on 0] INFO  ipc.Server (Server.java:run(1334)) - IPC Server listener on 0: starting
2021-02-04 10:26:26,138 [Listener at 0.0.0.0/43067] INFO  server.StorageContainerManager (StorageContainerManager.java:start(801)) - ScmBlockLocationProtocol RPC server is listening at /0.0.0.0:38753
2021-02-04 10:26:26,138 [Listener at 0.0.0.0/43067] INFO  server.SCMBlockProtocolServer (SCMBlockProtocolServer.java:start(150)) - RPC server for Block Protocol is listening at /0.0.0.0:38753
2021-02-04 10:26:26,138 [IPC Server Responder] INFO  ipc.Server (Server.java:run(1497)) - IPC Server Responder: starting
2021-02-04 10:26:26,139 [IPC Server listener on 0] INFO  ipc.Server (Server.java:run(1334)) - IPC Server listener on 0: starting
2021-02-04 10:26:26,152 [Listener at 0.0.0.0/43067] INFO  server.StorageContainerManager (StorageContainerManager.java:start(807)) - ScmDatanodeProtocl RPC server is listening at /0.0.0.0:40683
2021-02-04 10:26:26,152 [Listener at 0.0.0.0/43067] INFO  server.SCMDatanodeProtocolServer (SCMDatanodeProtocolServer.java:start(174)) - RPC server for DataNodes is listening at /0.0.0.0:40683
2021-02-04 10:26:26,153 [IPC Server Responder] INFO  ipc.Server (Server.java:run(1497)) - IPC Server Responder: starting
2021-02-04 10:26:26,155 [IPC Server listener on 0] INFO  ipc.Server (Server.java:run(1334)) - IPC Server listener on 0: starting
2021-02-04 10:26:26,165 [Listener at 0.0.0.0/43067] INFO  http.HttpServer2 (HttpServer2.java:bindListener(1238)) - Jetty bound to port 34531
2021-02-04 10:26:26,165 [Listener at 0.0.0.0/43067] INFO  server.Server (Server.java:doStart(375)) - jetty-9.4.34.v20201102; built: 2020-11-02T14:15:39.302Z; git: e46af88704a893fc12cb0e3bf46e2c7b48a009e7; jvm 1.8.0_232-b09
2021-02-04 10:26:26,166 [Listener at 0.0.0.0/43067] INFO  server.session (DefaultSessionIdManager.java:doStart(334)) - DefaultSessionIdManager workerName=node0
2021-02-04 10:26:26,166 [Listener at 0.0.0.0/43067] INFO  server.session (DefaultSessionIdManager.java:doStart(339)) - No SessionScavenger set, using defaults
2021-02-04 10:26:26,166 [Listener at 0.0.0.0/43067] INFO  server.session (HouseKeeper.java:startScavenging(132)) - node0 Scavenging every 660000ms
2021-02-04 10:26:26,168 [Listener at 0.0.0.0/43067] INFO  handler.ContextHandler (ContextHandler.java:doStart(916)) - Started o.e.j.s.ServletContextHandler@3502f718{logs,/logs,file:///github/workspace/mnt/ozone/hadoop-ozone/integration-test/target/log,AVAILABLE}
2021-02-04 10:26:26,168 [Listener at 0.0.0.0/43067] INFO  handler.ContextHandler (ContextHandler.java:doStart(916)) - Started o.e.j.s.ServletContextHandler@52e4190c{static,/static,file:///github/workspace/mnt/ozone/hadoop-ozone/integration-test/target/test-classes/webapps/static,AVAILABLE}
2021-02-04 10:26:26,172 [Listener at 0.0.0.0/43067] INFO  handler.ContextHandler (ContextHandler.java:doStart(916)) - Started o.e.j.w.WebAppContext@24732415{scm,/,file:///github/workspace/mnt/ozone/hadoop-ozone/integration-test/target/test-classes/webapps/scm/,AVAILABLE}{file:/github/workspace/mnt/ozone/hadoop-ozone/integration-test/target/test-classes/webapps/scm}
2021-02-04 10:26:26,173 [Listener at 0.0.0.0/43067] INFO  server.AbstractConnector (AbstractConnector.java:doStart(331)) - Started ServerConnector@4c57fc8a{HTTP/1.1, (http/1.1)}{0.0.0.0:34531}
2021-02-04 10:26:26,173 [Listener at 0.0.0.0/43067] INFO  server.Server (Server.java:doStart(415)) - Started @41918ms
2021-02-04 10:26:26,192 [Listener at 0.0.0.0/43067] WARN  impl.MetricsSystemImpl (MetricsSystemImpl.java:register(279)) - Sink prometheus already exists!
2021-02-04 10:26:26,198 [Listener at 0.0.0.0/43067] INFO  http.BaseHttpServer (BaseHttpServer.java:updateConnectorAddress(327)) - HTTP server of scm listening at http://0.0.0.0:34531
2021-02-04 10:26:26,203 [Listener at 0.0.0.0/43067] WARN  server.ServerUtils (ServerUtils.java:getDBPath(225)) - ozone.om.db.dirs is not configured. We recommend adding this setting. Falling back to ozone.metadata.dirs instead.
2021-02-04 10:26:26,206 [Listener at 0.0.0.0/43067] INFO  ha.OMHANodeDetails (OMHANodeDetails.java:loadOMHAConfig(104)) - ozone.om.internal.service.id is not defined, falling back to ozone.om.service.ids to find serviceID for OzoneManager if it is HA enabled cluster
2021-02-04 10:26:26,206 [Listener at 0.0.0.0/43067] INFO  ha.OMHANodeDetails (OMHANodeDetails.java:loadOMHAConfig(210)) - Configuration does not have ozone.om.address set. Falling back to the default OM address /127.0.0.1:0
2021-02-04 10:26:26,206 [Listener at 0.0.0.0/43067] INFO  ha.OMHANodeDetails (OMHANodeDetails.java:getOMNodeDetails(238)) - OM Service ID is not set. Setting it to the default ID: omServiceIdDefault
2021-02-04 10:26:26,206 [Listener at 0.0.0.0/43067] INFO  ha.OMHANodeDetails (OMHANodeDetails.java:getOMNodeDetails(245)) - OM Node ID is not set. Setting it to the default ID: om1
2021-02-04 10:26:26,207 [Listener at 0.0.0.0/43067] WARN  server.ServerUtils (ServerUtils.java:getDBPath(225)) - ozone.om.db.dirs is not configured. We recommend adding this setting. Falling back to ozone.metadata.dirs instead.
2021-02-04 10:26:26,207 [Listener at 0.0.0.0/43067] WARN  server.ServerUtils (ServerUtils.java:getDBPath(225)) - ozone.om.db.dirs is not configured. We recommend adding this setting. Falling back to ozone.metadata.dirs instead.
2021-02-04 10:26:26,207 [org.apache.hadoop.util.JvmPauseMonitor$Monitor@42938138] INFO  util.JvmPauseMonitor (JvmPauseMonitor.java:run(188)) - Starting JVM pause monitor
2021-02-04 10:26:26,213 [Listener at 0.0.0.0/43067] WARN  server.ServerUtils (ServerUtils.java:getDBPath(225)) - ozone.om.db.dirs is not configured. We recommend adding this setting. Falling back to ozone.metadata.dirs instead.
2021-02-04 10:26:26,213 [Listener at 0.0.0.0/43067] INFO  codec.OmKeyInfoCodec (OmKeyInfoCodec.java:<init>(43)) - OmKeyInfoCodec ignorePipeline = true
2021-02-04 10:26:26,213 [Listener at 0.0.0.0/43067] INFO  codec.RepeatedOmKeyInfoCodec (RepeatedOmKeyInfoCodec.java:<init>(42)) - RepeatedOmKeyInfoCodec ignorePipeline = true
2021-02-04 10:26:26,260 [Listener at 0.0.0.0/43067] INFO  om.OzoneManager (OzoneManager.java:addS3GVolumeToDB(3729)) - Created Volume s3v With Owner jenkins1001 required for S3Gateway operations.
2021-02-04 10:26:26,260 [Listener at 0.0.0.0/43067] WARN  server.ServerUtils (ServerUtils.java:getDefaultRatisDirectory(237)) - Storage directory for Ratis is not configured. It is a good idea to map this to an SSD disk. Falling back to ozone.metadata.dirs
2021-02-04 10:26:26,260 [Listener at 0.0.0.0/43067] WARN  ratis.OzoneManagerRatisServer (OzoneManagerRatisServer.java:getOMRatisSnapshotDirectory(623)) - ozone.om.ratis.snapshot.dir is not configured. Falling back to ozone.metadata.dirs config
2021-02-04 10:26:26,260 [Listener at 0.0.0.0/43067] WARN  server.ServerUtils (ServerUtils.java:getDefaultRatisDirectory(237)) - Storage directory for Ratis is not configured. It is a good idea to map this to an SSD disk. Falling back to ozone.metadata.dirs
2021-02-04 10:26:26,263 [Listener at 0.0.0.0/43067] INFO  ratis.OzoneManagerRatisServer (OzoneManagerRatisServer.java:<init>(280)) - Instantiating OM Ratis server with GroupID: omServiceIdDefault and Raft Peers: localhost:9872
2021-02-04 10:26:26,263 [Listener at 0.0.0.0/43067] INFO  ratis.OzoneManagerStateMachine (OzoneManagerStateMachine.java:loadSnapshotInfoFromDB(518)) - LastAppliedIndex is set from TransactionInfo from OM DB as (t:0, i:~)
2021-02-04 10:26:26,263 [Listener at 0.0.0.0/43067] INFO  server.RaftServer (ConfUtils.java:logGet(44)) - raft.rpc.type = GRPC (default)
2021-02-04 10:26:26,263 [Listener at 0.0.0.0/43067] INFO  grpc.GrpcFactory (GrpcFactory.java:checkPooledByteBufAllocatorUseCacheForAllThreads(48)) - PERFORMANCE WARNING: useCacheForAllThreads is true that may cause Netty to create a lot garbage objects and, as a result, trigger GC.
	It is recommended to disable useCacheForAllThreads by setting -Dorg.apache.ratis.thirdparty.io.netty.allocator.useCacheForAllThreads=false in command line.
2021-02-04 10:26:26,264 [Listener at 0.0.0.0/43067] INFO  grpc.GrpcConfigKeys (ConfUtils.java:logGet(44)) - raft.grpc.admin.port = -1 (default)
2021-02-04 10:26:26,264 [Listener at 0.0.0.0/43067] INFO  grpc.GrpcConfigKeys (ConfUtils.java:logGet(44)) - raft.grpc.server.port = 9872 (custom)
2021-02-04 10:26:26,264 [Listener at 0.0.0.0/43067] INFO  grpc.GrpcConfigKeys (ConfUtils.java:logGet(44)) - raft.grpc.client.port = -1 (default)
2021-02-04 10:26:26,264 [Listener at 0.0.0.0/43067] INFO  grpc.GrpcConfigKeys (ConfUtils.java:logGet(44)) - raft.grpc.server.port = 9872 (custom)
2021-02-04 10:26:26,264 [Listener at 0.0.0.0/43067] INFO  grpc.GrpcConfigKeys (ConfUtils.java:logGet(44)) - raft.grpc.server.port = 9872 (custom)
2021-02-04 10:26:26,264 [Listener at 0.0.0.0/43067] INFO  server.GrpcService (ConfUtils.java:logGet(44)) - raft.grpc.message.size.max = 33554432 (custom)
2021-02-04 10:26:26,264 [Listener at 0.0.0.0/43067] INFO  server.RaftServerConfigKeys (ConfUtils.java:logGet(44)) - raft.server.log.appender.buffer.byte-limit = 33554432 (custom)
2021-02-04 10:26:26,264 [Listener at 0.0.0.0/43067] INFO  server.GrpcService (ConfUtils.java:logGet(44)) - raft.grpc.flow.control.window = 1MB (=1048576) (default)
2021-02-04 10:26:26,264 [Listener at 0.0.0.0/43067] INFO  server.RaftServerConfigKeys (ConfUtils.java:logGet(44)) - raft.server.rpc.request.timeout = 3000ms (default)
2021-02-04 10:26:26,266 [Listener at 0.0.0.0/43067] INFO  impl.DataStreamServerImpl (ConfUtils.java:logGet(44)) - raft.datastream.type = DISABLED (default)
2021-02-04 10:26:26,266 [Listener at 0.0.0.0/43067] INFO  server.RaftServerConfigKeys (ConfUtils.java:logGet(44)) - raft.server.rpc.slowness.timeout = 120s (custom)
2021-02-04 10:26:26,266 [Listener at 0.0.0.0/43067] INFO  server.RaftServerConfigKeys (ConfUtils.java:logGet(44)) - raft.server.leaderelection.leader.step-down.wait-time = 10s (default)
2021-02-04 10:26:26,266 [Listener at 0.0.0.0/43067] INFO  server.RaftServerConfigKeys (ConfUtils.java:logGet(44)) - raft.server.storage.dir = [/github/workspace/mnt/ozone/hadoop-ozone/integration-test/target/test-dir/MiniOzoneClusterImpl-8a71bc08-f84f-4acb-943b-12476b4f0d69/ozone-meta/ratis] (custom)
2021-02-04 10:26:26,267 [Listener at 0.0.0.0/43067] INFO  server.RaftServer (RaftServerProxy.java:addNew(95)) - om1: addNew group-C5BA1605619E:[om1|rpc:localhost:9872|priority:0] returns group-C5BA1605619E:java.util.concurrent.CompletableFuture@344fd371[Not completed]
2021-02-04 10:26:26,268 [Listener at 0.0.0.0/43067] INFO  om.OzoneManager (OzoneManager.java:initializeRatisServer(1323)) - OzoneManager Ratis server initialized at port 9872
2021-02-04 10:26:26,268 [pool-148-thread-1] INFO  server.RaftServer$Division (RaftServerImpl.java:<init>(180)) - om1: new RaftServerImpl for group-C5BA1605619E:[om1|rpc:localhost:9872|priority:0] with OzoneManagerStateMachine:uninitialized
2021-02-04 10:26:26,271 [Listener at 0.0.0.0/43067] INFO  ipc.CallQueueManager (CallQueueManager.java:<init>(85)) - Using callQueue: class java.util.concurrent.LinkedBlockingQueue, queueCapacity: 2000, scheduler: class org.apache.hadoop.ipc.DefaultRpcScheduler, ipcBackoff: false.
2021-02-04 10:26:26,272 [pool-148-thread-1] INFO  server.RaftServerConfigKeys (ConfUtils.java:logGet(44)) - raft.server.rpc.timeout.min = 1s (custom)
2021-02-04 10:26:26,272 [Socket Reader #1 for port 0] INFO  ipc.Server (Server.java:run(1255)) - Starting Socket Reader #1 for port 0
2021-02-04 10:26:26,272 [pool-148-thread-1] INFO  server.RaftServerConfigKeys (ConfUtils.java:logGet(44)) - raft.server.rpc.timeout.max = 1200ms (custom)
2021-02-04 10:26:26,287 [pool-148-thread-1] INFO  server.RaftServerConfigKeys (ConfUtils.java:logGet(44)) - raft.server.rpc.sleep.time = 25ms (default)
2021-02-04 10:26:26,287 [pool-148-thread-1] INFO  server.RaftServerConfigKeys (ConfUtils.java:logGet(44)) - raft.server.rpc.slowness.timeout = 120s (custom)
2021-02-04 10:26:26,287 [pool-148-thread-1] INFO  server.RaftServerConfigKeys (ConfUtils.java:logGet(44)) - raft.server.leaderelection.leader.step-down.wait-time = 10s (default)
2021-02-04 10:26:26,287 [pool-148-thread-1] INFO  server.RaftServerConfigKeys (ConfUtils.java:logGet(44)) - raft.server.sleep.deviation.threshold = 300ms (default)
2021-02-04 10:26:26,287 [pool-148-thread-1] INFO  server.RaftServerConfigKeys (ConfUtils.java:logGet(44)) - raft.server.log.appender.install.snapshot.enabled = false (custom)
2021-02-04 10:26:26,288 [pool-148-thread-1] INFO  server.RaftServer$Division (ServerState.java:<init>(105)) - om1@group-C5BA1605619E: ConfigurationManager, init=-1: [om1|rpc:localhost:9872|priority:0], old=null, confs=<EMPTY_MAP>
2021-02-04 10:26:26,288 [pool-148-thread-1] INFO  server.RaftServerConfigKeys (ConfUtils.java:logGet(44)) - raft.server.storage.dir = [/github/workspace/mnt/ozone/hadoop-ozone/integration-test/target/test-dir/MiniOzoneClusterImpl-8a71bc08-f84f-4acb-943b-12476b4f0d69/ozone-meta/ratis] (custom)
2021-02-04 10:26:26,286 [Listener at 127.0.0.1/36545] INFO  impl.MetricsSystemImpl (MetricsSystemImpl.java:init(158)) - OzoneManager metrics system started (again)
2021-02-04 10:26:26,288 [pool-148-thread-1] INFO  server.RaftServerConfigKeys (ConfUtils.java:logGet(44)) - raft.server.log.corruption.policy = EXCEPTION (default)
2021-02-04 10:26:26,288 [pool-148-thread-1] INFO  storage.RaftStorageDirectory (RaftStorageDirectoryImpl.java:analyzeStorage(132)) - The storage directory /github/workspace/mnt/ozone/hadoop-ozone/integration-test/target/test-dir/MiniOzoneClusterImpl-8a71bc08-f84f-4acb-943b-12476b4f0d69/ozone-meta/ratis/bf265839-605b-3f16-9796-c5ba1605619e does not exist. Creating ...
2021-02-04 10:26:26,288 [Listener at 127.0.0.1/36545] INFO  om.OzoneManager (OzoneManager.java:start(1151)) - OzoneManager RPC server is listening at localhost/127.0.0.1:36545
2021-02-04 10:26:26,289 [Listener at 127.0.0.1/36545] INFO  ratis.OzoneManagerRatisServer (OzoneManagerRatisServer.java:start(377)) - Starting OzoneManagerRatisServer om1 at port 9872
2021-02-04 10:26:26,290 [pool-148-thread-1] INFO  storage.RaftStorageDirectory (RaftStorageDirectoryImpl.java:tryLock(215)) - Lock on /github/workspace/mnt/ozone/hadoop-ozone/integration-test/target/test-dir/MiniOzoneClusterImpl-8a71bc08-f84f-4acb-943b-12476b4f0d69/ozone-meta/ratis/bf265839-605b-3f16-9796-c5ba1605619e/in_use.lock acquired by nodename 29583@379c1a9ecaae
2021-02-04 10:26:26,291 [pool-148-thread-1] INFO  storage.RaftStorage (RaftStorageImpl.java:format(87)) - Storage directory /github/workspace/mnt/ozone/hadoop-ozone/integration-test/target/test-dir/MiniOzoneClusterImpl-8a71bc08-f84f-4acb-943b-12476b4f0d69/ozone-meta/ratis/bf265839-605b-3f16-9796-c5ba1605619e has been successfully formatted.
2021-02-04 10:26:26,291 [pool-148-thread-1] ERROR storage.RaftStorage (RaftStorageImpl.java:readRaftConfiguration(147)) - Failed reading configuration from file:/github/workspace/mnt/ozone/hadoop-ozone/integration-test/target/test-dir/MiniOzoneClusterImpl-8a71bc08-f84f-4acb-943b-12476b4f0d69/ozone-meta/ratis/bf265839-605b-3f16-9796-c5ba1605619e/current/raft-meta.conf
java.io.FileNotFoundException: /github/workspace/mnt/ozone/hadoop-ozone/integration-test/target/test-dir/MiniOzoneClusterImpl-8a71bc08-f84f-4acb-943b-12476b4f0d69/ozone-meta/ratis/bf265839-605b-3f16-9796-c5ba1605619e/current/raft-meta.conf (No such file or directory)
	at java.io.FileInputStream.open0(Native Method)
	at java.io.FileInputStream.open(FileInputStream.java:195)
	at java.io.FileInputStream.<init>(FileInputStream.java:138)
	at org.apache.ratis.server.storage.RaftStorageImpl.readRaftConfiguration(RaftStorageImpl.java:143)
	at org.apache.ratis.server.impl.ServerState.<init>(ServerState.java:122)
	at org.apache.ratis.server.impl.RaftServerImpl.<init>(RaftServerImpl.java:193)
	at org.apache.ratis.server.impl.RaftServerProxy.lambda$newRaftServerImpl$4(RaftServerProxy.java:266)
	at java.util.concurrent.CompletableFuture$AsyncSupply.run(CompletableFuture.java:1604)
	at java.util.concurrent.ThreadPoolExecutor.runWorker(ThreadPoolExecutor.java:1149)
	at java.util.concurrent.ThreadPoolExecutor$Worker.run(ThreadPoolExecutor.java:624)
	at java.lang.Thread.run(Thread.java:748)
2021-02-04 10:26:26,292 [pool-148-thread-1] INFO  server.RaftServerConfigKeys (ConfUtils.java:logGet(44)) - raft.server.notification.no-leader.timeout = 120s (custom)
2021-02-04 10:26:26,292 [pool-148-thread-1] INFO  server.RaftServerConfigKeys (ConfUtils.java:logGet(44)) - raft.server.log.use.memory = false (default)
2021-02-04 10:26:26,292 [pool-148-thread-1] INFO  server.RaftServerConfigKeys (ConfUtils.java:logGet(44)) - raft.server.log.purge.gap = 1000000 (custom)
2021-02-04 10:26:26,292 [pool-148-thread-1] INFO  server.RaftServerConfigKeys (ConfUtils.java:logGet(44)) - raft.server.log.appender.buffer.byte-limit = 33554432 (custom)
2021-02-04 10:26:26,292 [pool-148-thread-1] INFO  metrics.RatisMetrics (RatisMetrics.java:lambda$create$0(36)) - Creating Metrics Registry : ratis.log_worker.om1@group-C5BA1605619E
2021-02-04 10:26:26,292 [pool-148-thread-1] INFO  server.RaftServerConfigKeys (ConfUtils.java:logGet(44)) - raft.server.log.segment.size.max = 4194304 (custom)
2021-02-04 10:26:26,292 [pool-148-thread-1] INFO  server.RaftServerConfigKeys (ConfUtils.java:logGet(44)) - raft.server.log.segment.cache.num.max = 2 (custom)
2021-02-04 10:26:26,293 [pool-148-thread-1] INFO  server.RaftServerConfigKeys (ConfUtils.java:logGet(44)) - raft.server.log.segment.cache.size.max = 200MB (=209715200) (default)
2021-02-04 10:26:26,293 [pool-148-thread-1] INFO  segmented.SegmentedRaftLogWorker (SegmentedRaftLogWorker.java:<init>(181)) - new om1@group-C5BA1605619E-SegmentedRaftLogWorker for RaftStorageImpl:Storage Directory /github/workspace/mnt/ozone/hadoop-ozone/integration-test/target/test-dir/MiniOzoneClusterImpl-8a71bc08-f84f-4acb-943b-12476b4f0d69/ozone-meta/ratis/bf265839-605b-3f16-9796-c5ba1605619e
2021-02-04 10:26:26,293 [pool-148-thread-1] INFO  server.RaftServerConfigKeys (ConfUtils.java:logGet(44)) - raft.server.log.queue.byte-limit = 64MB (=67108864) (default)
2021-02-04 10:26:26,293 [pool-148-thread-1] INFO  server.RaftServerConfigKeys (ConfUtils.java:logGet(44)) - raft.server.log.queue.element-limit = 4096 (default)
2021-02-04 10:26:26,293 [pool-148-thread-1] INFO  server.RaftServerConfigKeys (ConfUtils.java:logGet(44)) - raft.server.log.segment.size.max = 4194304 (custom)
2021-02-04 10:26:26,293 [pool-148-thread-1] INFO  server.RaftServerConfigKeys (ConfUtils.java:logGet(44)) - raft.server.log.preallocated.size = 4194304 (custom)
2021-02-04 10:26:26,293 [pool-148-thread-1] INFO  server.RaftServerConfigKeys (ConfUtils.java:logGet(44)) - raft.server.log.force.sync.num = 128 (default)
2021-02-04 10:26:26,293 [pool-148-thread-1] INFO  server.RaftServerConfigKeys (ConfUtils.java:logGet(44)) - raft.server.log.statemachine.data.sync = true (default)
2021-02-04 10:26:26,293 [pool-148-thread-1] INFO  server.RaftServerConfigKeys (ConfUtils.java:logGet(44)) - raft.server.log.statemachine.data.sync.timeout = 10s (default)
2021-02-04 10:26:26,293 [pool-148-thread-1] INFO  server.RaftServerConfigKeys (ConfUtils.java:logGet(44)) - raft.server.log.statemachine.data.sync.timeout.retry = -1 (default)
2021-02-04 10:26:26,294 [pool-148-thread-1] INFO  server.RaftServerConfigKeys (ConfUtils.java:logGet(44)) - raft.server.log.write.buffer.size = 64KB (=65536) (default)
2021-02-04 10:26:26,294 [pool-148-thread-1] INFO  server.RaftServerConfigKeys (ConfUtils.java:logGet(44)) - raft.server.log.statemachine.data.caching.enabled = false (default)
2021-02-04 10:26:26,294 [pool-148-thread-1] INFO  segmented.SegmentedRaftLogWorker (SegmentedRaftLogWorker.java:lambda$new$0(132)) - om1@group-C5BA1605619E-SegmentedRaftLogWorker: flushIndex: setUnconditionally 0 -> -1
2021-02-04 10:26:26,294 [pool-148-thread-1] INFO  segmented.SegmentedRaftLogWorker (SegmentedRaftLogWorker.java:lambda$new$0(132)) - om1@group-C5BA1605619E-SegmentedRaftLogWorker: safeCacheEvictIndex: setUnconditionally 0 -> -1
2021-02-04 10:26:26,294 [pool-148-thread-1] INFO  server.RaftServerConfigKeys (ConfUtils.java:logGet(44)) - raft.server.snapshot.auto.trigger.enabled = true (custom)
2021-02-04 10:26:26,295 [pool-148-thread-1] INFO  server.RaftServerConfigKeys (ConfUtils.java:logGet(44)) - raft.server.snapshot.auto.trigger.threshold = 400000 (default)
2021-02-04 10:26:26,295 [pool-148-thread-1] INFO  server.RaftServerConfigKeys (ConfUtils.java:logGet(44)) - raft.server.snapshot.retention.file.num = -1 (default)
2021-02-04 10:26:26,295 [pool-148-thread-1] INFO  server.RaftServerConfigKeys (ConfUtils.java:logGet(44)) - raft.server.log.purge.upto.snapshot.index = true (custom)
2021-02-04 10:26:26,295 [pool-148-thread-1] INFO  server.RaftServerConfigKeys (ConfUtils.java:logGet(44)) - raft.server.retrycache.expirytime = 300s (custom)
2021-02-04 10:26:26,295 [pool-148-thread-1] INFO  server.RaftServerConfigKeys (ConfUtils.java:logGet(44)) - raft.server.retrycache.statistics.expirytime = 100?s (default)
2021-02-04 10:26:26,295 [pool-148-thread-1] INFO  metrics.RatisMetrics (RatisMetrics.java:lambda$create$0(36)) - Creating Metrics Registry : ratis.leader_election.om1@group-C5BA1605619E
2021-02-04 10:26:26,295 [pool-148-thread-1] INFO  metrics.RatisMetrics (RatisMetrics.java:lambda$create$0(36)) - Creating Metrics Registry : ratis.server.om1@group-C5BA1605619E
2021-02-04 10:26:26,296 [Listener at 127.0.0.1/36545] INFO  server.RaftServer$Division (RaftServerImpl.java:start(295)) - om1@group-C5BA1605619E: start as a follower, conf=-1: [om1|rpc:localhost:9872|priority:0], old=null
2021-02-04 10:26:26,296 [Listener at 127.0.0.1/36545] INFO  server.RaftServer$Division (RaftServerImpl.java:setRole(284)) - om1@group-C5BA1605619E: changes role from      null to FOLLOWER at term 0 for startAsFollower
2021-02-04 10:26:26,296 [Listener at 127.0.0.1/36545] INFO  impl.RoleInfo (RoleInfo.java:updateAndGet(130)) - om1: start om1@group-C5BA1605619E-FollowerState
2021-02-04 10:26:26,297 [Listener at 127.0.0.1/36545] INFO  util.JmxRegister (JmxRegister.java:tryRegister(44)) - Successfully registered JMX Bean with object name Ratis:service=RaftServer,group=group-C5BA1605619E,id=om1
2021-02-04 10:26:26,297 [Listener at 127.0.0.1/36545] INFO  metrics.RatisMetrics (RatisMetrics.java:lambda$create$0(36)) - Creating Metrics Registry : ratis.state_machine.om1@group-C5BA1605619E
2021-02-04 10:26:26,298 [Listener at 127.0.0.1/36545] INFO  server.RaftServer (RaftServerProxy.java:lambda$start$5(374)) - om1: start RPC server
2021-02-04 10:26:26,299 [Listener at 127.0.0.1/36545] INFO  server.GrpcService (GrpcService.java:startImpl(253)) - om1: GrpcService started, listening on 9872
2021-02-04 10:26:26,299 [org.apache.ratis.util.JvmPauseMonitor$$Lambda$504/488733670@4d4e8e05] INFO  util.JvmPauseMonitor (JvmPauseMonitor.java:run(103)) - JvmPauseMonitor-om1: Started
2021-02-04 10:26:26,430 [Listener at 127.0.0.1/36545] INFO  http.BaseHttpServer (BaseHttpServer.java:newHttpServer2BuilderForOzone(207)) - Starting Web-server for ozoneManager at: http://0.0.0.0:0
2021-02-04 10:26:26,430 [Listener at 127.0.0.1/36545] INFO  http.BaseHttpServer (BaseHttpServer.java:<init>(106)) - Hadoop Security Enabled: false Ozone Security Enabled: false Ozone HTTP Security Enabled: false 
2021-02-04 10:26:26,431 [Listener at 127.0.0.1/36545] INFO  server.AuthenticationFilter (AuthenticationFilter.java:constructSecretProvider(240)) - Unable to initialize FileSignerSecretProvider, falling back to use random secrets.
2021-02-04 10:26:26,432 [Listener at 127.0.0.1/36545] WARN  http.HttpRequestLog (HttpRequestLog.java:getRequestLog(103)) - Jetty request log can only be enabled using Log4j
2021-02-04 10:26:26,433 [Listener at 127.0.0.1/36545] INFO  http.HttpServer2 (HttpServer2.java:addGlobalFilter(1020)) - Added global filter 'safety' (class=org.apache.hadoop.hdds.server.http.HttpServer2$QuotingInputFilter)
2021-02-04 10:26:26,434 [Listener at 127.0.0.1/36545] INFO  http.HttpServer2 (HttpServer2.java:addFilter(996)) - Added filter static_user_filter (class=org.apache.hadoop.http.lib.StaticUserWebFilter$StaticUserFilter) to context ozoneManager
2021-02-04 10:26:26,434 [Listener at 127.0.0.1/36545] INFO  http.HttpServer2 (HttpServer2.java:addFilter(1004)) - Added filter static_user_filter (class=org.apache.hadoop.http.lib.StaticUserWebFilter$StaticUserFilter) to context logs
2021-02-04 10:26:26,434 [Listener at 127.0.0.1/36545] INFO  http.HttpServer2 (HttpServer2.java:addFilter(1004)) - Added filter static_user_filter (class=org.apache.hadoop.http.lib.StaticUserWebFilter$StaticUserFilter) to context static
2021-02-04 10:26:26,434 [Listener at 127.0.0.1/36545] INFO  http.HttpServer2 (HttpServer2.java:bindListener(1238)) - Jetty bound to port 33411
2021-02-04 10:26:26,434 [Listener at 127.0.0.1/36545] INFO  server.Server (Server.java:doStart(375)) - jetty-9.4.34.v20201102; built: 2020-11-02T14:15:39.302Z; git: e46af88704a893fc12cb0e3bf46e2c7b48a009e7; jvm 1.8.0_232-b09
2021-02-04 10:26:26,436 [Listener at 127.0.0.1/36545] INFO  server.session (DefaultSessionIdManager.java:doStart(334)) - DefaultSessionIdManager workerName=node0
2021-02-04 10:26:26,436 [Listener at 127.0.0.1/36545] INFO  server.session (DefaultSessionIdManager.java:doStart(339)) - No SessionScavenger set, using defaults
2021-02-04 10:26:26,436 [Listener at 127.0.0.1/36545] INFO  server.session (HouseKeeper.java:startScavenging(132)) - node0 Scavenging every 660000ms
2021-02-04 10:26:26,436 [Listener at 127.0.0.1/36545] INFO  handler.ContextHandler (ContextHandler.java:doStart(916)) - Started o.e.j.s.ServletContextHandler@5bc160c{logs,/logs,file:///github/workspace/mnt/ozone/hadoop-ozone/integration-test/target/log,AVAILABLE}
2021-02-04 10:26:26,437 [Listener at 127.0.0.1/36545] INFO  handler.ContextHandler (ContextHandler.java:doStart(916)) - Started o.e.j.s.ServletContextHandler@222ae3{static,/static,file:///github/workspace/mnt/ozone/hadoop-ozone/integration-test/target/test-classes/webapps/static,AVAILABLE}
2021-02-04 10:26:26,440 [Listener at 127.0.0.1/36545] INFO  handler.ContextHandler (ContextHandler.java:doStart(916)) - Started o.e.j.w.WebAppContext@151abd92{ozoneManager,/,file:///github/workspace/mnt/ozone/hadoop-ozone/integration-test/target/test-classes/webapps/ozoneManager/,AVAILABLE}{file:/github/workspace/mnt/ozone/hadoop-ozone/integration-test/target/test-classes/webapps/ozoneManager}
2021-02-04 10:26:26,444 [Listener at 127.0.0.1/36545] INFO  server.AbstractConnector (AbstractConnector.java:doStart(331)) - Started ServerConnector@357176d3{HTTP/1.1, (http/1.1)}{0.0.0.0:33411}
2021-02-04 10:26:26,444 [Listener at 127.0.0.1/36545] INFO  server.Server (Server.java:doStart(415)) - Started @42189ms
2021-02-04 10:26:26,444 [Listener at 127.0.0.1/36545] WARN  impl.MetricsSystemImpl (MetricsSystemImpl.java:register(279)) - Sink prometheus already exists!
2021-02-04 10:26:26,448 [Listener at 127.0.0.1/36545] INFO  http.BaseHttpServer (BaseHttpServer.java:updateConnectorAddress(327)) - HTTP server of ozoneManager listening at http://0.0.0.0:33411
2021-02-04 10:26:26,448 [IPC Server Responder] INFO  ipc.Server (Server.java:run(1497)) - IPC Server Responder: starting
2021-02-04 10:26:26,452 [IPC Server listener on 0] INFO  ipc.Server (Server.java:run(1334)) - IPC Server listener on 0: starting
2021-02-04 10:26:26,461 [Listener at 127.0.0.1/36545] INFO  om.OzoneManager (OzoneManager.java:startTrashEmptier(1272)) - Trash Interval set to 0. Files deleted will not move to trash
2021-02-04 10:26:26,462 [org.apache.hadoop.util.JvmPauseMonitor$Monitor@11f0c709] INFO  util.JvmPauseMonitor (JvmPauseMonitor.java:run(188)) - Starting JVM pause monitor
2021-02-04 10:26:26,469 [Listener at 127.0.0.1/36545] INFO  impl.MetricsSystemImpl (MetricsSystemImpl.java:init(158)) - HddsDatanode metrics system started (again)
2021-02-04 10:26:26,470 [Listener at 127.0.0.1/36545] INFO  ozone.HddsDatanodeService (HddsDatanodeService.java:start(215)) - HddsDatanodeService host:379c1a9ecaae ip:172.17.0.2
2021-02-04 10:26:26,475 [Listener at 127.0.0.1/36545] INFO  volume.HddsVolume (HddsVolume.java:<init>(176)) - Creating Volume: /github/workspace/mnt/ozone/hadoop-ozone/integration-test/target/test-dir/MiniOzoneClusterImpl-8a71bc08-f84f-4acb-943b-12476b4f0d69/datanode-0/data-0/containers/hdds of storage type : DISK and capacity : 9223372036854775807
2021-02-04 10:26:26,475 [Listener at 127.0.0.1/36545] INFO  volume.MutableVolumeSet (MutableVolumeSet.java:initializeVolumeSet(179)) - Added Volume : /github/workspace/mnt/ozone/hadoop-ozone/integration-test/target/test-dir/MiniOzoneClusterImpl-8a71bc08-f84f-4acb-943b-12476b4f0d69/datanode-0/data-0/containers/hdds to VolumeSet
2021-02-04 10:26:26,475 [Listener at 127.0.0.1/36545] INFO  volume.ThrottledAsyncChecker (ThrottledAsyncChecker.java:schedule(141)) - Scheduling a check for /github/workspace/mnt/ozone/hadoop-ozone/integration-test/target/test-dir/MiniOzoneClusterImpl-8a71bc08-f84f-4acb-943b-12476b4f0d69/datanode-0/data-0/containers/hdds
2021-02-04 10:26:26,476 [Listener at 127.0.0.1/36545] INFO  volume.HddsVolumeChecker (HddsVolumeChecker.java:checkAllVolumes(200)) - Scheduled health check for volume /github/workspace/mnt/ozone/hadoop-ozone/integration-test/target/test-dir/MiniOzoneClusterImpl-8a71bc08-f84f-4acb-943b-12476b4f0d69/datanode-0/data-0/containers/hdds
2021-02-04 10:26:26,489 [Thread-514] INFO  ozoneimpl.ContainerReader (ContainerReader.java:readVolume(123)) - Start to verify containers on volume /github/workspace/mnt/ozone/hadoop-ozone/integration-test/target/test-dir/MiniOzoneClusterImpl-8a71bc08-f84f-4acb-943b-12476b4f0d69/datanode-0/data-0/containers/hdds
2021-02-04 10:26:26,489 [Thread-514] INFO  ozoneimpl.ContainerReader (ContainerReader.java:readVolume(148)) - Finish verifying containers on volume /github/workspace/mnt/ozone/hadoop-ozone/integration-test/target/test-dir/MiniOzoneClusterImpl-8a71bc08-f84f-4acb-943b-12476b4f0d69/datanode-0/data-0/containers/hdds
2021-02-04 10:26:26,489 [Listener at 127.0.0.1/36545] INFO  ozoneimpl.OzoneContainer (OzoneContainer.java:buildContainerSet(206)) - Build ContainerSet costs 0s
2021-02-04 10:26:26,491 [Listener at 127.0.0.1/36545] INFO  server.RaftServer (ConfUtils.java:logGet(44)) - raft.rpc.type = GRPC (default)
2021-02-04 10:26:26,491 [Listener at 127.0.0.1/36545] INFO  grpc.GrpcFactory (GrpcFactory.java:checkPooledByteBufAllocatorUseCacheForAllThreads(48)) - PERFORMANCE WARNING: useCacheForAllThreads is true that may cause Netty to create a lot garbage objects and, as a result, trigger GC.
	It is recommended to disable useCacheForAllThreads by setting -Dorg.apache.ratis.thirdparty.io.netty.allocator.useCacheForAllThreads=false in command line.
2021-02-04 10:26:26,492 [Listener at 127.0.0.1/36545] INFO  grpc.GrpcConfigKeys (ConfUtils.java:logGet(44)) - raft.grpc.admin.port = -1 (default)
2021-02-04 10:26:26,492 [Listener at 127.0.0.1/36545] INFO  grpc.GrpcConfigKeys (ConfUtils.java:logGet(44)) - raft.grpc.server.port = 0 (default)
2021-02-04 10:26:26,492 [Listener at 127.0.0.1/36545] INFO  grpc.GrpcConfigKeys (ConfUtils.java:logGet(44)) - raft.grpc.client.port = -1 (default)
2021-02-04 10:26:26,492 [Listener at 127.0.0.1/36545] INFO  grpc.GrpcConfigKeys (ConfUtils.java:logGet(44)) - raft.grpc.server.port = 0 (default)
2021-02-04 10:26:26,492 [Listener at 127.0.0.1/36545] INFO  grpc.GrpcConfigKeys (ConfUtils.java:logGet(44)) - raft.grpc.server.port = 0 (default)
2021-02-04 10:26:26,492 [Listener at 127.0.0.1/36545] INFO  server.GrpcService (ConfUtils.java:logGet(44)) - raft.grpc.message.size.max = 32MB (=33554432) (custom)
2021-02-04 10:26:26,492 [Listener at 127.0.0.1/36545] INFO  server.RaftServerConfigKeys (ConfUtils.java:logGet(44)) - raft.server.log.appender.buffer.byte-limit = 33554432 (custom)
2021-02-04 10:26:26,492 [Listener at 127.0.0.1/36545] INFO  server.GrpcService (ConfUtils.java:logGet(44)) - raft.grpc.flow.control.window = 5MB (=5242880) (custom)
2021-02-04 10:26:26,492 [Listener at 127.0.0.1/36545] INFO  server.RaftServerConfigKeys (ConfUtils.java:logGet(44)) - raft.server.rpc.request.timeout = 60s (custom)
2021-02-04 10:26:26,493 [Listener at 127.0.0.1/36545] INFO  impl.DataStreamServerImpl (ConfUtils.java:logGet(44)) - raft.datastream.type = DISABLED (default)
2021-02-04 10:26:26,493 [Listener at 127.0.0.1/36545] INFO  server.RaftServerConfigKeys (ConfUtils.java:logGet(44)) - raft.server.rpc.slowness.timeout = 300s (custom)
2021-02-04 10:26:26,494 [Listener at 127.0.0.1/36545] INFO  server.RaftServerConfigKeys (ConfUtils.java:logGet(44)) - raft.server.leaderelection.leader.step-down.wait-time = 10s (default)
2021-02-04 10:26:26,494 [Listener at 127.0.0.1/36545] INFO  server.RaftServerConfigKeys (ConfUtils.java:logGet(44)) - raft.server.storage.dir = [/github/workspace/mnt/ozone/hadoop-ozone/integration-test/target/test-dir/MiniOzoneClusterImpl-8a71bc08-f84f-4acb-943b-12476b4f0d69/datanode-0/data/ratis] (custom)
2021-02-04 10:26:26,499 [Listener at 127.0.0.1/36545] INFO  http.BaseHttpServer (BaseHttpServer.java:newHttpServer2BuilderForOzone(207)) - Starting Web-server for hddsDatanode at: http://0.0.0.0:0
2021-02-04 10:26:26,499 [Listener at 127.0.0.1/36545] INFO  http.BaseHttpServer (BaseHttpServer.java:<init>(106)) - Hadoop Security Enabled: false Ozone Security Enabled: false Ozone HTTP Security Enabled: false 
2021-02-04 10:26:26,501 [Listener at 127.0.0.1/36545] INFO  server.AuthenticationFilter (AuthenticationFilter.java:constructSecretProvider(240)) - Unable to initialize FileSignerSecretProvider, falling back to use random secrets.
2021-02-04 10:26:26,501 [Listener at 127.0.0.1/36545] WARN  http.HttpRequestLog (HttpRequestLog.java:getRequestLog(103)) - Jetty request log can only be enabled using Log4j
2021-02-04 10:26:26,502 [Listener at 127.0.0.1/36545] INFO  http.HttpServer2 (HttpServer2.java:addGlobalFilter(1020)) - Added global filter 'safety' (class=org.apache.hadoop.hdds.server.http.HttpServer2$QuotingInputFilter)
2021-02-04 10:26:26,502 [Listener at 127.0.0.1/36545] INFO  http.HttpServer2 (HttpServer2.java:addFilter(996)) - Added filter static_user_filter (class=org.apache.hadoop.http.lib.StaticUserWebFilter$StaticUserFilter) to context hddsDatanode
2021-02-04 10:26:26,502 [Listener at 127.0.0.1/36545] INFO  http.HttpServer2 (HttpServer2.java:addFilter(1004)) - Added filter static_user_filter (class=org.apache.hadoop.http.lib.StaticUserWebFilter$StaticUserFilter) to context logs
2021-02-04 10:26:26,503 [Listener at 127.0.0.1/36545] INFO  http.HttpServer2 (HttpServer2.java:addFilter(1004)) - Added filter static_user_filter (class=org.apache.hadoop.http.lib.StaticUserWebFilter$StaticUserFilter) to context static
2021-02-04 10:26:26,503 [Listener at 127.0.0.1/36545] INFO  http.HttpServer2 (HttpServer2.java:bindListener(1238)) - Jetty bound to port 35997
2021-02-04 10:26:26,503 [Listener at 127.0.0.1/36545] INFO  server.Server (Server.java:doStart(375)) - jetty-9.4.34.v20201102; built: 2020-11-02T14:15:39.302Z; git: e46af88704a893fc12cb0e3bf46e2c7b48a009e7; jvm 1.8.0_232-b09
2021-02-04 10:26:26,504 [Listener at 127.0.0.1/36545] INFO  server.session (DefaultSessionIdManager.java:doStart(334)) - DefaultSessionIdManager workerName=node0
2021-02-04 10:26:26,504 [Listener at 127.0.0.1/36545] INFO  server.session (DefaultSessionIdManager.java:doStart(339)) - No SessionScavenger set, using defaults
2021-02-04 10:26:26,504 [Listener at 127.0.0.1/36545] INFO  server.session (HouseKeeper.java:startScavenging(132)) - node0 Scavenging every 660000ms
2021-02-04 10:26:26,505 [Listener at 127.0.0.1/36545] INFO  handler.ContextHandler (ContextHandler.java:doStart(916)) - Started o.e.j.s.ServletContextHandler@49bcf2e6{logs,/logs,file:///github/workspace/mnt/ozone/hadoop-ozone/integration-test/target/log,AVAILABLE}
2021-02-04 10:26:26,505 [Listener at 127.0.0.1/36545] INFO  handler.ContextHandler (ContextHandler.java:doStart(916)) - Started o.e.j.s.ServletContextHandler@5bae8024{static,/static,jar:file:/home/user/.m2/repository/org/apache/hadoop/hadoop-hdds-container-service/1.1.0-SNAPSHOT/hadoop-hdds-container-service-1.1.0-SNAPSHOT.jar!/webapps/static,AVAILABLE}
2021-02-04 10:26:26,641 [Listener at 127.0.0.1/36545] INFO  handler.ContextHandler (ContextHandler.java:doStart(916)) - Started o.e.j.w.WebAppContext@7ab93a5e{hddsDatanode,/,file:///tmp/jetty-0_0_0_0-35997-hadoop-hdds-container-service-1_1_0-SNAPSHOT_jar-_-any-4787567473388894463/webapp/,AVAILABLE}{jar:file:/home/user/.m2/repository/org/apache/hadoop/hadoop-hdds-container-service/1.1.0-SNAPSHOT/hadoop-hdds-container-service-1.1.0-SNAPSHOT.jar!/webapps/hddsDatanode}
2021-02-04 10:26:26,642 [Listener at 127.0.0.1/36545] INFO  server.AbstractConnector (AbstractConnector.java:doStart(331)) - Started ServerConnector@4c66fcb{HTTP/1.1, (http/1.1)}{0.0.0.0:35997}
2021-02-04 10:26:26,643 [Listener at 127.0.0.1/36545] INFO  server.Server (Server.java:doStart(415)) - Started @42387ms
2021-02-04 10:26:26,643 [Listener at 127.0.0.1/36545] WARN  impl.MetricsSystemImpl (MetricsSystemImpl.java:register(279)) - Sink prometheus already exists!
2021-02-04 10:26:26,646 [Listener at 127.0.0.1/36545] INFO  http.BaseHttpServer (BaseHttpServer.java:updateConnectorAddress(327)) - HTTP server of hddsDatanode listening at http://0.0.0.0:35997
2021-02-04 10:26:26,647 [Listener at 127.0.0.1/36545] INFO  impl.MetricsSystemImpl (MetricsSystemImpl.java:init(158)) - HddsDatanode metrics system started (again)
2021-02-04 10:26:26,649 [Listener at 127.0.0.1/36545] INFO  ozone.HddsDatanodeService (HddsDatanodeService.java:start(215)) - HddsDatanodeService host:379c1a9ecaae ip:172.17.0.2
2021-02-04 10:26:26,650 [Listener at 127.0.0.1/36545] INFO  volume.HddsVolume (HddsVolume.java:<init>(176)) - Creating Volume: /github/workspace/mnt/ozone/hadoop-ozone/integration-test/target/test-dir/MiniOzoneClusterImpl-8a71bc08-f84f-4acb-943b-12476b4f0d69/datanode-1/data-0/containers/hdds of storage type : DISK and capacity : 9223372036854775807
2021-02-04 10:26:26,650 [Listener at 127.0.0.1/36545] INFO  volume.MutableVolumeSet (MutableVolumeSet.java:initializeVolumeSet(179)) - Added Volume : /github/workspace/mnt/ozone/hadoop-ozone/integration-test/target/test-dir/MiniOzoneClusterImpl-8a71bc08-f84f-4acb-943b-12476b4f0d69/datanode-1/data-0/containers/hdds to VolumeSet
2021-02-04 10:26:26,650 [Listener at 127.0.0.1/36545] INFO  volume.ThrottledAsyncChecker (ThrottledAsyncChecker.java:schedule(141)) - Scheduling a check for /github/workspace/mnt/ozone/hadoop-ozone/integration-test/target/test-dir/MiniOzoneClusterImpl-8a71bc08-f84f-4acb-943b-12476b4f0d69/datanode-1/data-0/containers/hdds
2021-02-04 10:26:26,655 [org.apache.hadoop.util.JvmPauseMonitor$Monitor@61e4be37] INFO  util.JvmPauseMonitor (JvmPauseMonitor.java:run(188)) - Starting JVM pause monitor
2021-02-04 10:26:26,656 [Listener at 127.0.0.1/36545] INFO  volume.HddsVolumeChecker (HddsVolumeChecker.java:checkAllVolumes(200)) - Scheduled health check for volume /github/workspace/mnt/ozone/hadoop-ozone/integration-test/target/test-dir/MiniOzoneClusterImpl-8a71bc08-f84f-4acb-943b-12476b4f0d69/datanode-1/data-0/containers/hdds
2021-02-04 10:26:26,671 [Thread-525] INFO  ozoneimpl.ContainerReader (ContainerReader.java:readVolume(123)) - Start to verify containers on volume /github/workspace/mnt/ozone/hadoop-ozone/integration-test/target/test-dir/MiniOzoneClusterImpl-8a71bc08-f84f-4acb-943b-12476b4f0d69/datanode-1/data-0/containers/hdds
2021-02-04 10:26:26,671 [Thread-525] INFO  ozoneimpl.ContainerReader (ContainerReader.java:readVolume(148)) - Finish verifying containers on volume /github/workspace/mnt/ozone/hadoop-ozone/integration-test/target/test-dir/MiniOzoneClusterImpl-8a71bc08-f84f-4acb-943b-12476b4f0d69/datanode-1/data-0/containers/hdds
2021-02-04 10:26:26,671 [Listener at 127.0.0.1/36545] INFO  ozoneimpl.OzoneContainer (OzoneContainer.java:buildContainerSet(206)) - Build ContainerSet costs 0s
2021-02-04 10:26:26,671 [Datanode State Machine Task Thread - 0] INFO  datanode.InitDatanodeState (InitDatanodeState.java:persistContainerDatanodeDetails(145)) - DatanodeDetails is persisted to /github/workspace/mnt/ozone/hadoop-ozone/integration-test/target/test-dir/MiniOzoneClusterImpl-8a71bc08-f84f-4acb-943b-12476b4f0d69/datanode-0/meta/datanode.id
2021-02-04 10:26:26,673 [Listener at 127.0.0.1/36545] INFO  server.RaftServer (ConfUtils.java:logGet(44)) - raft.rpc.type = GRPC (default)
2021-02-04 10:26:26,676 [Listener at 127.0.0.1/36545] INFO  grpc.GrpcFactory (GrpcFactory.java:checkPooledByteBufAllocatorUseCacheForAllThreads(48)) - PERFORMANCE WARNING: useCacheForAllThreads is true that may cause Netty to create a lot garbage objects and, as a result, trigger GC.
	It is recommended to disable useCacheForAllThreads by setting -Dorg.apache.ratis.thirdparty.io.netty.allocator.useCacheForAllThreads=false in command line.
2021-02-04 10:26:26,676 [Listener at 127.0.0.1/36545] INFO  grpc.GrpcConfigKeys (ConfUtils.java:logGet(44)) - raft.grpc.admin.port = -1 (default)
2021-02-04 10:26:26,676 [Listener at 127.0.0.1/36545] INFO  grpc.GrpcConfigKeys (ConfUtils.java:logGet(44)) - raft.grpc.server.port = 0 (default)
2021-02-04 10:26:26,676 [Listener at 127.0.0.1/36545] INFO  grpc.GrpcConfigKeys (ConfUtils.java:logGet(44)) - raft.grpc.client.port = -1 (default)
2021-02-04 10:26:26,676 [Listener at 127.0.0.1/36545] INFO  grpc.GrpcConfigKeys (ConfUtils.java:logGet(44)) - raft.grpc.server.port = 0 (default)
2021-02-04 10:26:26,676 [Listener at 127.0.0.1/36545] INFO  grpc.GrpcConfigKeys (ConfUtils.java:logGet(44)) - raft.grpc.server.port = 0 (default)
2021-02-04 10:26:26,676 [Listener at 127.0.0.1/36545] INFO  server.GrpcService (ConfUtils.java:logGet(44)) - raft.grpc.message.size.max = 32MB (=33554432) (custom)
2021-02-04 10:26:26,677 [Listener at 127.0.0.1/36545] INFO  server.RaftServerConfigKeys (ConfUtils.java:logGet(44)) - raft.server.log.appender.buffer.byte-limit = 33554432 (custom)
2021-02-04 10:26:26,677 [Listener at 127.0.0.1/36545] INFO  server.GrpcService (ConfUtils.java:logGet(44)) - raft.grpc.flow.control.window = 5MB (=5242880) (custom)
2021-02-04 10:26:26,677 [Listener at 127.0.0.1/36545] INFO  server.RaftServerConfigKeys (ConfUtils.java:logGet(44)) - raft.server.rpc.request.timeout = 60s (custom)
2021-02-04 10:26:26,678 [Listener at 127.0.0.1/36545] INFO  impl.DataStreamServerImpl (ConfUtils.java:logGet(44)) - raft.datastream.type = DISABLED (default)
2021-02-04 10:26:26,678 [Listener at 127.0.0.1/36545] INFO  server.RaftServerConfigKeys (ConfUtils.java:logGet(44)) - raft.server.rpc.slowness.timeout = 300s (custom)
2021-02-04 10:26:26,678 [Listener at 127.0.0.1/36545] INFO  server.RaftServerConfigKeys (ConfUtils.java:logGet(44)) - raft.server.leaderelection.leader.step-down.wait-time = 10s (default)
2021-02-04 10:26:26,678 [Listener at 127.0.0.1/36545] INFO  server.RaftServerConfigKeys (ConfUtils.java:logGet(44)) - raft.server.storage.dir = [/github/workspace/mnt/ozone/hadoop-ozone/integration-test/target/test-dir/MiniOzoneClusterImpl-8a71bc08-f84f-4acb-943b-12476b4f0d69/datanode-1/data/ratis] (custom)
2021-02-04 10:26:26,685 [Listener at 127.0.0.1/36545] INFO  http.BaseHttpServer (BaseHttpServer.java:newHttpServer2BuilderForOzone(207)) - Starting Web-server for hddsDatanode at: http://0.0.0.0:0
2021-02-04 10:26:26,685 [Listener at 127.0.0.1/36545] INFO  http.BaseHttpServer (BaseHttpServer.java:<init>(106)) - Hadoop Security Enabled: false Ozone Security Enabled: false Ozone HTTP Security Enabled: false 
2021-02-04 10:26:26,687 [Listener at 127.0.0.1/36545] INFO  server.AuthenticationFilter (AuthenticationFilter.java:constructSecretProvider(240)) - Unable to initialize FileSignerSecretProvider, falling back to use random secrets.
2021-02-04 10:26:26,690 [Listener at 127.0.0.1/36545] WARN  http.HttpRequestLog (HttpRequestLog.java:getRequestLog(103)) - Jetty request log can only be enabled using Log4j
2021-02-04 10:26:26,690 [Listener at 127.0.0.1/36545] INFO  http.HttpServer2 (HttpServer2.java:addGlobalFilter(1020)) - Added global filter 'safety' (class=org.apache.hadoop.hdds.server.http.HttpServer2$QuotingInputFilter)
2021-02-04 10:26:26,691 [Listener at 127.0.0.1/36545] INFO  http.HttpServer2 (HttpServer2.java:addFilter(996)) - Added filter static_user_filter (class=org.apache.hadoop.http.lib.StaticUserWebFilter$StaticUserFilter) to context hddsDatanode
2021-02-04 10:26:26,691 [Listener at 127.0.0.1/36545] INFO  http.HttpServer2 (HttpServer2.java:addFilter(1004)) - Added filter static_user_filter (class=org.apache.hadoop.http.lib.StaticUserWebFilter$StaticUserFilter) to context logs
2021-02-04 10:26:26,692 [Listener at 127.0.0.1/36545] INFO  http.HttpServer2 (HttpServer2.java:addFilter(1004)) - Added filter static_user_filter (class=org.apache.hadoop.http.lib.StaticUserWebFilter$StaticUserFilter) to context static
2021-02-04 10:26:26,692 [Listener at 127.0.0.1/36545] INFO  http.HttpServer2 (HttpServer2.java:bindListener(1238)) - Jetty bound to port 33081
2021-02-04 10:26:26,692 [Listener at 127.0.0.1/36545] INFO  server.Server (Server.java:doStart(375)) - jetty-9.4.34.v20201102; built: 2020-11-02T14:15:39.302Z; git: e46af88704a893fc12cb0e3bf46e2c7b48a009e7; jvm 1.8.0_232-b09
2021-02-04 10:26:26,694 [Listener at 127.0.0.1/36545] INFO  server.session (DefaultSessionIdManager.java:doStart(334)) - DefaultSessionIdManager workerName=node0
2021-02-04 10:26:26,694 [Listener at 127.0.0.1/36545] INFO  server.session (DefaultSessionIdManager.java:doStart(339)) - No SessionScavenger set, using defaults
2021-02-04 10:26:26,694 [Listener at 127.0.0.1/36545] INFO  server.session (HouseKeeper.java:startScavenging(132)) - node0 Scavenging every 660000ms
2021-02-04 10:26:26,695 [Listener at 127.0.0.1/36545] INFO  handler.ContextHandler (ContextHandler.java:doStart(916)) - Started o.e.j.s.ServletContextHandler@5cd286ca{logs,/logs,file:///github/workspace/mnt/ozone/hadoop-ozone/integration-test/target/log,AVAILABLE}
2021-02-04 10:26:26,695 [Listener at 127.0.0.1/36545] INFO  handler.ContextHandler (ContextHandler.java:doStart(916)) - Started o.e.j.s.ServletContextHandler@14f5d08f{static,/static,jar:file:/home/user/.m2/repository/org/apache/hadoop/hadoop-hdds-container-service/1.1.0-SNAPSHOT/hadoop-hdds-container-service-1.1.0-SNAPSHOT.jar!/webapps/static,AVAILABLE}
2021-02-04 10:26:26,831 [Listener at 127.0.0.1/36545] INFO  handler.ContextHandler (ContextHandler.java:doStart(916)) - Started o.e.j.w.WebAppContext@4914ab7b{hddsDatanode,/,file:///tmp/jetty-0_0_0_0-33081-hadoop-hdds-container-service-1_1_0-SNAPSHOT_jar-_-any-4970685125686256476/webapp/,AVAILABLE}{jar:file:/home/user/.m2/repository/org/apache/hadoop/hadoop-hdds-container-service/1.1.0-SNAPSHOT/hadoop-hdds-container-service-1.1.0-SNAPSHOT.jar!/webapps/hddsDatanode}
2021-02-04 10:26:26,833 [Listener at 127.0.0.1/36545] INFO  server.AbstractConnector (AbstractConnector.java:doStart(331)) - Started ServerConnector@7b058693{HTTP/1.1, (http/1.1)}{0.0.0.0:33081}
2021-02-04 10:26:26,833 [Listener at 127.0.0.1/36545] INFO  server.Server (Server.java:doStart(415)) - Started @42578ms
2021-02-04 10:26:26,833 [Listener at 127.0.0.1/36545] WARN  impl.MetricsSystemImpl (MetricsSystemImpl.java:register(279)) - Sink prometheus already exists!
2021-02-04 10:26:26,838 [Listener at 127.0.0.1/36545] INFO  http.BaseHttpServer (BaseHttpServer.java:updateConnectorAddress(327)) - HTTP server of hddsDatanode listening at http://0.0.0.0:33081
2021-02-04 10:26:26,838 [Listener at 127.0.0.1/36545] INFO  impl.MetricsSystemImpl (MetricsSystemImpl.java:init(158)) - HddsDatanode metrics system started (again)
2021-02-04 10:26:26,839 [Listener at 127.0.0.1/36545] INFO  ozone.HddsDatanodeService (HddsDatanodeService.java:start(215)) - HddsDatanodeService host:379c1a9ecaae ip:172.17.0.2
2021-02-04 10:26:26,842 [Listener at 127.0.0.1/36545] INFO  volume.HddsVolume (HddsVolume.java:<init>(176)) - Creating Volume: /github/workspace/mnt/ozone/hadoop-ozone/integration-test/target/test-dir/MiniOzoneClusterImpl-8a71bc08-f84f-4acb-943b-12476b4f0d69/datanode-2/data-0/containers/hdds of storage type : DISK and capacity : 9223372036854775807
2021-02-04 10:26:26,842 [Listener at 127.0.0.1/36545] INFO  volume.MutableVolumeSet (MutableVolumeSet.java:initializeVolumeSet(179)) - Added Volume : /github/workspace/mnt/ozone/hadoop-ozone/integration-test/target/test-dir/MiniOzoneClusterImpl-8a71bc08-f84f-4acb-943b-12476b4f0d69/datanode-2/data-0/containers/hdds to VolumeSet
2021-02-04 10:26:26,842 [Listener at 127.0.0.1/36545] INFO  volume.ThrottledAsyncChecker (ThrottledAsyncChecker.java:schedule(141)) - Scheduling a check for /github/workspace/mnt/ozone/hadoop-ozone/integration-test/target/test-dir/MiniOzoneClusterImpl-8a71bc08-f84f-4acb-943b-12476b4f0d69/datanode-2/data-0/containers/hdds
2021-02-04 10:26:26,843 [Listener at 127.0.0.1/36545] INFO  volume.HddsVolumeChecker (HddsVolumeChecker.java:checkAllVolumes(200)) - Scheduled health check for volume /github/workspace/mnt/ozone/hadoop-ozone/integration-test/target/test-dir/MiniOzoneClusterImpl-8a71bc08-f84f-4acb-943b-12476b4f0d69/datanode-2/data-0/containers/hdds
2021-02-04 10:26:26,859 [org.apache.hadoop.util.JvmPauseMonitor$Monitor@4f7daceb] INFO  util.JvmPauseMonitor (JvmPauseMonitor.java:run(188)) - Starting JVM pause monitor
2021-02-04 10:26:26,862 [Thread-536] INFO  ozoneimpl.ContainerReader (ContainerReader.java:readVolume(123)) - Start to verify containers on volume /github/workspace/mnt/ozone/hadoop-ozone/integration-test/target/test-dir/MiniOzoneClusterImpl-8a71bc08-f84f-4acb-943b-12476b4f0d69/datanode-2/data-0/containers/hdds
2021-02-04 10:26:26,862 [Thread-536] INFO  ozoneimpl.ContainerReader (ContainerReader.java:readVolume(148)) - Finish verifying containers on volume /github/workspace/mnt/ozone/hadoop-ozone/integration-test/target/test-dir/MiniOzoneClusterImpl-8a71bc08-f84f-4acb-943b-12476b4f0d69/datanode-2/data-0/containers/hdds
2021-02-04 10:26:26,862 [Listener at 127.0.0.1/36545] INFO  ozoneimpl.OzoneContainer (OzoneContainer.java:buildContainerSet(206)) - Build ContainerSet costs 0s
2021-02-04 10:26:26,864 [Datanode State Machine Task Thread - 0] INFO  datanode.InitDatanodeState (InitDatanodeState.java:persistContainerDatanodeDetails(145)) - DatanodeDetails is persisted to /github/workspace/mnt/ozone/hadoop-ozone/integration-test/target/test-dir/MiniOzoneClusterImpl-8a71bc08-f84f-4acb-943b-12476b4f0d69/datanode-1/meta/datanode.id
2021-02-04 10:26:26,866 [Listener at 127.0.0.1/36545] INFO  server.RaftServer (ConfUtils.java:logGet(44)) - raft.rpc.type = GRPC (default)
2021-02-04 10:26:26,866 [Listener at 127.0.0.1/36545] INFO  grpc.GrpcFactory (GrpcFactory.java:checkPooledByteBufAllocatorUseCacheForAllThreads(48)) - PERFORMANCE WARNING: useCacheForAllThreads is true that may cause Netty to create a lot garbage objects and, as a result, trigger GC.
	It is recommended to disable useCacheForAllThreads by setting -Dorg.apache.ratis.thirdparty.io.netty.allocator.useCacheForAllThreads=false in command line.
2021-02-04 10:26:26,866 [Listener at 127.0.0.1/36545] INFO  grpc.GrpcConfigKeys (ConfUtils.java:logGet(44)) - raft.grpc.admin.port = -1 (default)
2021-02-04 10:26:26,866 [Listener at 127.0.0.1/36545] INFO  grpc.GrpcConfigKeys (ConfUtils.java:logGet(44)) - raft.grpc.server.port = 0 (default)
2021-02-04 10:26:26,866 [Listener at 127.0.0.1/36545] INFO  grpc.GrpcConfigKeys (ConfUtils.java:logGet(44)) - raft.grpc.client.port = -1 (default)
2021-02-04 10:26:26,866 [Listener at 127.0.0.1/36545] INFO  grpc.GrpcConfigKeys (ConfUtils.java:logGet(44)) - raft.grpc.server.port = 0 (default)
2021-02-04 10:26:26,866 [Listener at 127.0.0.1/36545] INFO  grpc.GrpcConfigKeys (ConfUtils.java:logGet(44)) - raft.grpc.server.port = 0 (default)
2021-02-04 10:26:26,866 [Listener at 127.0.0.1/36545] INFO  server.GrpcService (ConfUtils.java:logGet(44)) - raft.grpc.message.size.max = 32MB (=33554432) (custom)
2021-02-04 10:26:26,867 [Listener at 127.0.0.1/36545] INFO  server.RaftServerConfigKeys (ConfUtils.java:logGet(44)) - raft.server.log.appender.buffer.byte-limit = 33554432 (custom)
2021-02-04 10:26:26,867 [Listener at 127.0.0.1/36545] INFO  server.GrpcService (ConfUtils.java:logGet(44)) - raft.grpc.flow.control.window = 5MB (=5242880) (custom)
2021-02-04 10:26:26,867 [Listener at 127.0.0.1/36545] INFO  server.RaftServerConfigKeys (ConfUtils.java:logGet(44)) - raft.server.rpc.request.timeout = 60s (custom)
2021-02-04 10:26:26,868 [Listener at 127.0.0.1/36545] INFO  impl.DataStreamServerImpl (ConfUtils.java:logGet(44)) - raft.datastream.type = DISABLED (default)
2021-02-04 10:26:26,868 [Listener at 127.0.0.1/36545] INFO  server.RaftServerConfigKeys (ConfUtils.java:logGet(44)) - raft.server.rpc.slowness.timeout = 300s (custom)
2021-02-04 10:26:26,868 [Listener at 127.0.0.1/36545] INFO  server.RaftServerConfigKeys (ConfUtils.java:logGet(44)) - raft.server.leaderelection.leader.step-down.wait-time = 10s (default)
2021-02-04 10:26:26,868 [Listener at 127.0.0.1/36545] INFO  server.RaftServerConfigKeys (ConfUtils.java:logGet(44)) - raft.server.storage.dir = [/github/workspace/mnt/ozone/hadoop-ozone/integration-test/target/test-dir/MiniOzoneClusterImpl-8a71bc08-f84f-4acb-943b-12476b4f0d69/datanode-2/data/ratis] (custom)
2021-02-04 10:26:26,999 [Listener at 127.0.0.1/36545] INFO  http.BaseHttpServer (BaseHttpServer.java:newHttpServer2BuilderForOzone(207)) - Starting Web-server for hddsDatanode at: http://0.0.0.0:0
2021-02-04 10:26:26,999 [Listener at 127.0.0.1/36545] INFO  http.BaseHttpServer (BaseHttpServer.java:<init>(106)) - Hadoop Security Enabled: false Ozone Security Enabled: false Ozone HTTP Security Enabled: false 
2021-02-04 10:26:27,001 [Listener at 127.0.0.1/36545] INFO  server.AuthenticationFilter (AuthenticationFilter.java:constructSecretProvider(240)) - Unable to initialize FileSignerSecretProvider, falling back to use random secrets.
2021-02-04 10:26:27,001 [Listener at 127.0.0.1/36545] WARN  http.HttpRequestLog (HttpRequestLog.java:getRequestLog(103)) - Jetty request log can only be enabled using Log4j
2021-02-04 10:26:27,002 [Listener at 127.0.0.1/36545] INFO  http.HttpServer2 (HttpServer2.java:addGlobalFilter(1020)) - Added global filter 'safety' (class=org.apache.hadoop.hdds.server.http.HttpServer2$QuotingInputFilter)
2021-02-04 10:26:27,004 [Listener at 127.0.0.1/36545] INFO  http.HttpServer2 (HttpServer2.java:addFilter(996)) - Added filter static_user_filter (class=org.apache.hadoop.http.lib.StaticUserWebFilter$StaticUserFilter) to context hddsDatanode
2021-02-04 10:26:27,004 [Listener at 127.0.0.1/36545] INFO  http.HttpServer2 (HttpServer2.java:addFilter(1004)) - Added filter static_user_filter (class=org.apache.hadoop.http.lib.StaticUserWebFilter$StaticUserFilter) to context logs
2021-02-04 10:26:27,004 [Listener at 127.0.0.1/36545] INFO  http.HttpServer2 (HttpServer2.java:addFilter(1004)) - Added filter static_user_filter (class=org.apache.hadoop.http.lib.StaticUserWebFilter$StaticUserFilter) to context static
2021-02-04 10:26:27,004 [Listener at 127.0.0.1/36545] INFO  http.HttpServer2 (HttpServer2.java:bindListener(1238)) - Jetty bound to port 34109
2021-02-04 10:26:27,004 [Listener at 127.0.0.1/36545] INFO  server.Server (Server.java:doStart(375)) - jetty-9.4.34.v20201102; built: 2020-11-02T14:15:39.302Z; git: e46af88704a893fc12cb0e3bf46e2c7b48a009e7; jvm 1.8.0_232-b09
2021-02-04 10:26:27,007 [Listener at 127.0.0.1/36545] INFO  server.session (DefaultSessionIdManager.java:doStart(334)) - DefaultSessionIdManager workerName=node0
2021-02-04 10:26:27,007 [Listener at 127.0.0.1/36545] INFO  server.session (DefaultSessionIdManager.java:doStart(339)) - No SessionScavenger set, using defaults
2021-02-04 10:26:27,007 [Listener at 127.0.0.1/36545] INFO  server.session (HouseKeeper.java:startScavenging(132)) - node0 Scavenging every 600000ms
2021-02-04 10:26:27,008 [Listener at 127.0.0.1/36545] INFO  handler.ContextHandler (ContextHandler.java:doStart(916)) - Started o.e.j.s.ServletContextHandler@6ae181a9{logs,/logs,file:///github/workspace/mnt/ozone/hadoop-ozone/integration-test/target/log,AVAILABLE}
2021-02-04 10:26:27,008 [Listener at 127.0.0.1/36545] INFO  handler.ContextHandler (ContextHandler.java:doStart(916)) - Started o.e.j.s.ServletContextHandler@350ef4c0{static,/static,jar:file:/home/user/.m2/repository/org/apache/hadoop/hadoop-hdds-container-service/1.1.0-SNAPSHOT/hadoop-hdds-container-service-1.1.0-SNAPSHOT.jar!/webapps/static,AVAILABLE}
2021-02-04 10:26:27,145 [Listener at 127.0.0.1/36545] INFO  handler.ContextHandler (ContextHandler.java:doStart(916)) - Started o.e.j.w.WebAppContext@21f3103b{hddsDatanode,/,file:///tmp/jetty-0_0_0_0-34109-hadoop-hdds-container-service-1_1_0-SNAPSHOT_jar-_-any-916458710831684151/webapp/,AVAILABLE}{jar:file:/home/user/.m2/repository/org/apache/hadoop/hadoop-hdds-container-service/1.1.0-SNAPSHOT/hadoop-hdds-container-service-1.1.0-SNAPSHOT.jar!/webapps/hddsDatanode}
2021-02-04 10:26:27,146 [Listener at 127.0.0.1/36545] INFO  server.AbstractConnector (AbstractConnector.java:doStart(331)) - Started ServerConnector@62e0fbec{HTTP/1.1, (http/1.1)}{0.0.0.0:34109}
2021-02-04 10:26:27,147 [Listener at 127.0.0.1/36545] INFO  server.Server (Server.java:doStart(415)) - Started @42891ms
2021-02-04 10:26:27,147 [Listener at 127.0.0.1/36545] WARN  impl.MetricsSystemImpl (MetricsSystemImpl.java:register(279)) - Sink prometheus already exists!
2021-02-04 10:26:27,152 [Listener at 127.0.0.1/36545] INFO  http.BaseHttpServer (BaseHttpServer.java:updateConnectorAddress(327)) - HTTP server of hddsDatanode listening at http://0.0.0.0:34109
2021-02-04 10:26:27,157 [Listener at 127.0.0.1/36545] INFO  ozone.MiniOzoneClusterImpl (MiniOzoneClusterImpl.java:lambda$waitForClusterToBeReady$0(179)) - Waiting for nodes to be ready. Got 0 of 3 DN Heartbeats.
2021-02-04 10:26:27,157 [Listener at 127.0.0.1/36545] INFO  ozone.MiniOzoneClusterImpl (MiniOzoneClusterImpl.java:lambda$waitForClusterToBeReady$0(182)) - Waiting for cluster to exit safe mode
2021-02-04 10:26:27,164 [org.apache.hadoop.util.JvmPauseMonitor$Monitor@5d7c85f2] INFO  util.JvmPauseMonitor (JvmPauseMonitor.java:run(188)) - Starting JVM pause monitor
2021-02-04 10:26:27,166 [Datanode State Machine Task Thread - 0] INFO  datanode.InitDatanodeState (InitDatanodeState.java:persistContainerDatanodeDetails(145)) - DatanodeDetails is persisted to /github/workspace/mnt/ozone/hadoop-ozone/integration-test/target/test-dir/MiniOzoneClusterImpl-8a71bc08-f84f-4acb-943b-12476b4f0d69/datanode-2/meta/datanode.id
2021-02-04 10:26:27,317 [Thread-481] INFO  impl.FollowerState (FollowerState.java:run(133)) - om1@group-C5BA1605619E-FollowerState: change to CANDIDATE, lastRpcElapsedTime:1020405290ns, electionTimeout:1020ms
2021-02-04 10:26:27,317 [Thread-481] INFO  impl.RoleInfo (RoleInfo.java:shutdownFollowerState(108)) - om1: shutdown om1@group-C5BA1605619E-FollowerState
2021-02-04 10:26:27,317 [Thread-481] INFO  server.RaftServer$Division (RaftServerImpl.java:setRole(284)) - om1@group-C5BA1605619E: changes role from  FOLLOWER to CANDIDATE at term 0 for changeToCandidate
2021-02-04 10:26:27,317 [Thread-481] INFO  server.RaftServerConfigKeys (ConfUtils.java:logGet(44)) - raft.server.leaderelection.pre-vote = false (custom)
2021-02-04 10:26:27,317 [Thread-481] INFO  impl.RoleInfo (RoleInfo.java:updateAndGet(130)) - om1: start om1@group-C5BA1605619E-LeaderElection9
2021-02-04 10:26:27,320 [om1@group-C5BA1605619E-LeaderElection9] INFO  impl.LeaderElection (LeaderElection.java:askForVotes(307)) - om1@group-C5BA1605619E-LeaderElection9 ELECTION round 0: submit vote requests at term 1 for -1: [om1|rpc:localhost:9872|priority:0], old=null
2021-02-04 10:26:27,320 [om1@group-C5BA1605619E-LeaderElection9] INFO  impl.LeaderElection (LeaderElection.java:askForVotes(309)) - om1@group-C5BA1605619E-LeaderElection9 ELECTION round 0: result PASSED (term=1)
2021-02-04 10:26:27,320 [om1@group-C5BA1605619E-LeaderElection9] INFO  impl.RoleInfo (RoleInfo.java:shutdownLeaderElection(121)) - om1: shutdown om1@group-C5BA1605619E-LeaderElection9
2021-02-04 10:26:27,320 [om1@group-C5BA1605619E-LeaderElection9] INFO  server.RaftServer$Division (RaftServerImpl.java:setRole(284)) - om1@group-C5BA1605619E: changes role from CANDIDATE to LEADER at term 1 for changeToLeader
2021-02-04 10:26:27,320 [om1@group-C5BA1605619E-LeaderElection9] INFO  server.RaftServer$Division (ServerState.java:setLeader(271)) - om1@group-C5BA1605619E: change Leader from null to om1 at term 1 for becomeLeader, leader elected after 1028ms
2021-02-04 10:26:27,320 [om1@group-C5BA1605619E-LeaderElection9] INFO  server.RaftServerConfigKeys (ConfUtils.java:logGet(44)) - raft.server.staging.catchup.gap = 1000 (default)
2021-02-04 10:26:27,320 [om1@group-C5BA1605619E-LeaderElection9] INFO  metrics.RatisMetrics (RatisMetrics.java:lambda$create$0(36)) - Creating Metrics Registry : ratis.log_appender.om1@group-C5BA1605619E
2021-02-04 10:26:27,321 [om1@group-C5BA1605619E-LeaderElection9] INFO  server.RaftServerConfigKeys (ConfUtils.java:logGet(44)) - raft.server.write.element-limit = 4096 (default)
2021-02-04 10:26:27,321 [om1@group-C5BA1605619E-LeaderElection9] INFO  server.RaftServerConfigKeys (ConfUtils.java:logGet(44)) - raft.server.write.byte-limit = 64MB (=67108864) (default)
2021-02-04 10:26:27,321 [om1@group-C5BA1605619E-LeaderElection9] INFO  server.RaftServerConfigKeys (ConfUtils.java:logGet(44)) - raft.server.watch.timeout = 10s (default)
2021-02-04 10:26:27,321 [om1@group-C5BA1605619E-LeaderElection9] INFO  server.RaftServerConfigKeys (ConfUtils.java:logGet(44)) - raft.server.watch.timeout.denomination = 1s (default)
2021-02-04 10:26:27,321 [om1@group-C5BA1605619E-LeaderElection9] INFO  server.RaftServerConfigKeys (ConfUtils.java:logGet(44)) - raft.server.watch.element-limit = 65536 (default)
2021-02-04 10:26:27,321 [om1@group-C5BA1605619E-LeaderElection9] INFO  impl.RoleInfo (RoleInfo.java:updateAndGet(130)) - om1: start om1@group-C5BA1605619E-LeaderStateImpl
2021-02-04 10:26:27,322 [om1@group-C5BA1605619E-LeaderElection9] INFO  segmented.SegmentedRaftLogWorker (SegmentedRaftLogWorker.java:startLogSegment(392)) - om1@group-C5BA1605619E-SegmentedRaftLogWorker: Starting segment from index:0
2021-02-04 10:26:27,328 [om1@group-C5BA1605619E-LeaderElection9] INFO  server.RaftServer$Division (ServerState.java:setRaftConf(373)) - om1@group-C5BA1605619E: set configuration 0: [om1|rpc:localhost:9872|admin:|client:|dataStream:|priority:0], old=null
2021-02-04 10:26:27,344 [om1@group-C5BA1605619E-SegmentedRaftLogWorker] INFO  segmented.SegmentedRaftLogWorker (SegmentedRaftLogWorker.java:execute(599)) - om1@group-C5BA1605619E-SegmentedRaftLogWorker: created new log segment /github/workspace/mnt/ozone/hadoop-ozone/integration-test/target/test-dir/MiniOzoneClusterImpl-8a71bc08-f84f-4acb-943b-12476b4f0d69/ozone-meta/ratis/bf265839-605b-3f16-9796-c5ba1605619e/current/log_inprogress_0
2021-02-04 10:26:28,157 [Listener at 127.0.0.1/36545] INFO  ozone.MiniOzoneClusterImpl (MiniOzoneClusterImpl.java:lambda$waitForClusterToBeReady$0(179)) - Waiting for nodes to be ready. Got 0 of 3 DN Heartbeats.
2021-02-04 10:26:28,157 [Listener at 127.0.0.1/36545] INFO  ozone.MiniOzoneClusterImpl (MiniOzoneClusterImpl.java:lambda$waitForClusterToBeReady$0(182)) - Waiting for cluster to exit safe mode
2021-02-04 10:26:28,660 [EndpointStateMachine task thread for /0.0.0.0:40683 - 0 ] INFO  ozoneimpl.OzoneContainer (OzoneContainer.java:start(255)) - Attempting to start container services.
2021-02-04 10:26:28,660 [EndpointStateMachine task thread for /0.0.0.0:40683 - 0 ] INFO  ozoneimpl.OzoneContainer (OzoneContainer.java:startContainerScrub(219)) - Background container scanner has been disabled.
2021-02-04 10:26:28,665 [EndpointStateMachine task thread for /0.0.0.0:40683 - 0 ] INFO  replication.ReplicationServer (ReplicationServer.java:start(106)) - ReplicationServer is started using port 34499
2021-02-04 10:26:28,665 [EndpointStateMachine task thread for /0.0.0.0:40683 - 0 ] INFO  ratis.XceiverServerRatis (XceiverServerRatis.java:start(458)) - Starting XceiverServerRatis 2f878777-950a-4a0a-bcd5-5efd0c9eb4b8 at port 0
2021-02-04 10:26:28,667 [EndpointStateMachine task thread for /0.0.0.0:40683 - 0 ] INFO  server.RaftServer (RaftServerProxy.java:lambda$start$5(374)) - 2f878777-950a-4a0a-bcd5-5efd0c9eb4b8: start RPC server
2021-02-04 10:26:28,672 [EndpointStateMachine task thread for /0.0.0.0:40683 - 0 ] INFO  server.GrpcService (GrpcService.java:startImpl(253)) - 2f878777-950a-4a0a-bcd5-5efd0c9eb4b8: GrpcService started, listening on 43707
2021-02-04 10:26:28,672 [EndpointStateMachine task thread for /0.0.0.0:40683 - 0 ] INFO  ratis.XceiverServerRatis (XceiverServerRatis.java:start(470)) - XceiverServerRatis 2f878777-950a-4a0a-bcd5-5efd0c9eb4b8 is started using port 43707
2021-02-04 10:26:28,676 [EndpointStateMachine task thread for /0.0.0.0:40683 - 0 ] INFO  server.XceiverServerGrpc (XceiverServerGrpc.java:start(135)) - XceiverServerGrpc 2f878777-950a-4a0a-bcd5-5efd0c9eb4b8 is started using port 35139
2021-02-04 10:26:28,680 [org.apache.ratis.util.JvmPauseMonitor$$Lambda$504/488733670@711647cc] INFO  util.JvmPauseMonitor (JvmPauseMonitor.java:run(103)) - JvmPauseMonitor-2f878777-950a-4a0a-bcd5-5efd0c9eb4b8: Started
2021-02-04 10:26:28,863 [EndpointStateMachine task thread for /0.0.0.0:40683 - 0 ] INFO  ozoneimpl.OzoneContainer (OzoneContainer.java:start(255)) - Attempting to start container services.
2021-02-04 10:26:28,863 [EndpointStateMachine task thread for /0.0.0.0:40683 - 0 ] INFO  ozoneimpl.OzoneContainer (OzoneContainer.java:startContainerScrub(219)) - Background container scanner has been disabled.
2021-02-04 10:26:28,864 [EndpointStateMachine task thread for /0.0.0.0:40683 - 0 ] INFO  replication.ReplicationServer (ReplicationServer.java:start(106)) - ReplicationServer is started using port 39045
2021-02-04 10:26:28,864 [EndpointStateMachine task thread for /0.0.0.0:40683 - 0 ] INFO  ratis.XceiverServerRatis (XceiverServerRatis.java:start(458)) - Starting XceiverServerRatis c2078e43-4e37-4d9c-99b0-bc0ef86d7b58 at port 0
2021-02-04 10:26:28,865 [EndpointStateMachine task thread for /0.0.0.0:40683 - 0 ] INFO  server.RaftServer (RaftServerProxy.java:lambda$start$5(374)) - c2078e43-4e37-4d9c-99b0-bc0ef86d7b58: start RPC server
2021-02-04 10:26:28,866 [EndpointStateMachine task thread for /0.0.0.0:40683 - 0 ] INFO  server.GrpcService (GrpcService.java:startImpl(253)) - c2078e43-4e37-4d9c-99b0-bc0ef86d7b58: GrpcService started, listening on 41803
2021-02-04 10:26:28,867 [EndpointStateMachine task thread for /0.0.0.0:40683 - 0 ] INFO  ratis.XceiverServerRatis (XceiverServerRatis.java:start(470)) - XceiverServerRatis c2078e43-4e37-4d9c-99b0-bc0ef86d7b58 is started using port 41803
2021-02-04 10:26:28,867 [org.apache.ratis.util.JvmPauseMonitor$$Lambda$504/488733670@629df854] INFO  util.JvmPauseMonitor (JvmPauseMonitor.java:run(103)) - JvmPauseMonitor-c2078e43-4e37-4d9c-99b0-bc0ef86d7b58: Started
2021-02-04 10:26:28,867 [EndpointStateMachine task thread for /0.0.0.0:40683 - 0 ] INFO  server.XceiverServerGrpc (XceiverServerGrpc.java:start(135)) - XceiverServerGrpc c2078e43-4e37-4d9c-99b0-bc0ef86d7b58 is started using port 45009
2021-02-04 10:26:29,157 [Listener at 127.0.0.1/36545] INFO  ozone.MiniOzoneClusterImpl (MiniOzoneClusterImpl.java:lambda$waitForClusterToBeReady$0(179)) - Waiting for nodes to be ready. Got 0 of 3 DN Heartbeats.
2021-02-04 10:26:29,158 [Listener at 127.0.0.1/36545] INFO  ozone.MiniOzoneClusterImpl (MiniOzoneClusterImpl.java:lambda$waitForClusterToBeReady$0(182)) - Waiting for cluster to exit safe mode
2021-02-04 10:26:29,167 [EndpointStateMachine task thread for /0.0.0.0:40683 - 0 ] INFO  ozoneimpl.OzoneContainer (OzoneContainer.java:start(255)) - Attempting to start container services.
2021-02-04 10:26:29,167 [EndpointStateMachine task thread for /0.0.0.0:40683 - 0 ] INFO  ozoneimpl.OzoneContainer (OzoneContainer.java:startContainerScrub(219)) - Background container scanner has been disabled.
2021-02-04 10:26:29,169 [EndpointStateMachine task thread for /0.0.0.0:40683 - 0 ] INFO  replication.ReplicationServer (ReplicationServer.java:start(106)) - ReplicationServer is started using port 40743
2021-02-04 10:26:29,169 [EndpointStateMachine task thread for /0.0.0.0:40683 - 0 ] INFO  ratis.XceiverServerRatis (XceiverServerRatis.java:start(458)) - Starting XceiverServerRatis fdb3e943-d8be-440f-921f-162f76ce2c35 at port 0
2021-02-04 10:26:29,171 [EndpointStateMachine task thread for /0.0.0.0:40683 - 0 ] INFO  server.RaftServer (RaftServerProxy.java:lambda$start$5(374)) - fdb3e943-d8be-440f-921f-162f76ce2c35: start RPC server
2021-02-04 10:26:29,172 [EndpointStateMachine task thread for /0.0.0.0:40683 - 0 ] INFO  server.GrpcService (GrpcService.java:startImpl(253)) - fdb3e943-d8be-440f-921f-162f76ce2c35: GrpcService started, listening on 42057
2021-02-04 10:26:29,172 [EndpointStateMachine task thread for /0.0.0.0:40683 - 0 ] INFO  ratis.XceiverServerRatis (XceiverServerRatis.java:start(470)) - XceiverServerRatis fdb3e943-d8be-440f-921f-162f76ce2c35 is started using port 42057
2021-02-04 10:26:29,172 [org.apache.ratis.util.JvmPauseMonitor$$Lambda$504/488733670@5c05dcce] INFO  util.JvmPauseMonitor (JvmPauseMonitor.java:run(103)) - JvmPauseMonitor-fdb3e943-d8be-440f-921f-162f76ce2c35: Started
2021-02-04 10:26:29,173 [EndpointStateMachine task thread for /0.0.0.0:40683 - 0 ] INFO  server.XceiverServerGrpc (XceiverServerGrpc.java:start(135)) - XceiverServerGrpc fdb3e943-d8be-440f-921f-162f76ce2c35 is started using port 34083
2021-02-04 10:26:30,158 [Listener at 127.0.0.1/36545] INFO  ozone.MiniOzoneClusterImpl (MiniOzoneClusterImpl.java:lambda$waitForClusterToBeReady$0(179)) - Waiting for nodes to be ready. Got 0 of 3 DN Heartbeats.
2021-02-04 10:26:30,158 [Listener at 127.0.0.1/36545] INFO  ozone.MiniOzoneClusterImpl (MiniOzoneClusterImpl.java:lambda$waitForClusterToBeReady$0(182)) - Waiting for cluster to exit safe mode
2021-02-04 10:26:30,656 [IPC Server handler 0 on default port 40683] INFO  net.NetworkTopologyImpl (NetworkTopologyImpl.java:add(111)) - Added a new node: /default-rack/2f878777-950a-4a0a-bcd5-5efd0c9eb4b8
2021-02-04 10:26:30,657 [IPC Server handler 0 on default port 40683] INFO  node.SCMNodeManager (SCMNodeManager.java:register(341)) - Registered Data node : 2f878777-950a-4a0a-bcd5-5efd0c9eb4b8{ip: 172.17.0.2, host: 379c1a9ecaae, ports: [REPLICATION=34499, RATIS=43707, STANDALONE=35139], networkLocation: /default-rack, certSerialId: null, persistedOpState: null, persistedOpStateExpiryEpochSec: 0}
2021-02-04 10:26:30,658 [RatisPipelineUtilsThread] INFO  pipeline.RatisPipelineProvider (RatisPipelineProvider.java:lambda$create$0(161)) - Sending CreatePipelineCommand for pipeline:PipelineID=d2132eb6-bd19-4383-9e4e-45e52e19aa98 to datanode:2f878777-950a-4a0a-bcd5-5efd0c9eb4b8
2021-02-04 10:26:30,659 [EventQueue-NodeRegistrationContainerReportForDataNodeSafeModeRule] INFO  safemode.SCMSafeModeManager (DataNodeSafeModeRule.java:process(71)) - SCM in safe mode. 1 DataNodes registered, 1 required.
2021-02-04 10:26:30,659 [EventQueue-NodeRegistrationContainerReportForDataNodeSafeModeRule] INFO  safemode.SCMSafeModeManager (SCMSafeModeManager.java:validateSafeModeExitRules(214)) - DataNodeSafeModeRule rule is successfully validated
2021-02-04 10:26:30,659 [EventQueue-NodeRegistrationContainerReportForDataNodeSafeModeRule] INFO  safemode.SCMSafeModeManager (SCMSafeModeManager.java:completePreCheck(242)) - All SCM safe mode pre check rules have passed
2021-02-04 10:26:30,660 [RatisPipelineUtilsThread] INFO  pipeline.PipelineStateManager (PipelineStateManager.java:addPipeline(54)) - Created pipeline Pipeline[ Id: d2132eb6-bd19-4383-9e4e-45e52e19aa98, Nodes: 2f878777-950a-4a0a-bcd5-5efd0c9eb4b8{ip: 172.17.0.2, host: 379c1a9ecaae, ports: [REPLICATION=34499, RATIS=43707, STANDALONE=35139], networkLocation: /default-rack, certSerialId: null, persistedOpState: IN_SERVICE, persistedOpStateExpiryEpochSec: 0}, Type:RATIS, Factor:ONE, State:ALLOCATED, leaderId:, CreationTimestamp2021-02-04T10:26:30.658Z]
2021-02-04 10:26:30,664 [RatisPipelineUtilsThread] WARN  pipeline.PipelinePlacementPolicy (PipelinePlacementPolicy.java:filterViableNodes(142)) - Pipeline creation failed due to no sufficient healthy datanodes. Required 3. Found 1.
2021-02-04 10:26:30,664 [EventQueue-PipelineReportForOneReplicaPipelineSafeModeRule] INFO  safemode.SCMSafeModeManager (SCMSafeModeManager.java:validateSafeModeExitRules(214)) - AtleastOneDatanodeReportedRule rule is successfully validated
2021-02-04 10:26:30,664 [EventQueue-NodeRegistrationContainerReportForContainerSafeModeRule] INFO  safemode.SCMSafeModeManager (SCMSafeModeManager.java:validateSafeModeExitRules(214)) - ContainerSafeModeRule rule is successfully validated
2021-02-04 10:26:30,860 [IPC Server handler 2 on default port 40683] INFO  net.NetworkTopologyImpl (NetworkTopologyImpl.java:add(111)) - Added a new node: /default-rack/c2078e43-4e37-4d9c-99b0-bc0ef86d7b58
2021-02-04 10:26:30,860 [IPC Server handler 2 on default port 40683] INFO  node.SCMNodeManager (SCMNodeManager.java:register(341)) - Registered Data node : c2078e43-4e37-4d9c-99b0-bc0ef86d7b58{ip: 172.17.0.2, host: 379c1a9ecaae, ports: [REPLICATION=39045, RATIS=41803, STANDALONE=45009], networkLocation: /default-rack, certSerialId: null, persistedOpState: null, persistedOpStateExpiryEpochSec: 0}
2021-02-04 10:26:30,861 [EventQueue-PipelineReportForOneReplicaPipelineSafeModeRule] INFO  safemode.SCMSafeModeManager (SCMSafeModeManager.java:validateSafeModeExitRules(214)) - AtleastOneDatanodeReportedRule rule is successfully validated
2021-02-04 10:26:30,861 [EventQueue-NodeRegistrationContainerReportForDataNodeSafeModeRule] INFO  safemode.SCMSafeModeManager (SCMSafeModeManager.java:validateSafeModeExitRules(214)) - DataNodeSafeModeRule rule is successfully validated
2021-02-04 10:26:30,861 [EventQueue-NodeRegistrationContainerReportForContainerSafeModeRule] INFO  safemode.SCMSafeModeManager (SCMSafeModeManager.java:validateSafeModeExitRules(214)) - ContainerSafeModeRule rule is successfully validated
2021-02-04 10:26:30,862 [RatisPipelineUtilsThread] INFO  pipeline.RatisPipelineProvider (RatisPipelineProvider.java:lambda$create$0(161)) - Sending CreatePipelineCommand for pipeline:PipelineID=cbeec5d0-ef91-4f06-8521-cc0e7a3aff15 to datanode:c2078e43-4e37-4d9c-99b0-bc0ef86d7b58
2021-02-04 10:26:30,863 [RatisPipelineUtilsThread] INFO  pipeline.PipelineStateManager (PipelineStateManager.java:addPipeline(54)) - Created pipeline Pipeline[ Id: cbeec5d0-ef91-4f06-8521-cc0e7a3aff15, Nodes: c2078e43-4e37-4d9c-99b0-bc0ef86d7b58{ip: 172.17.0.2, host: 379c1a9ecaae, ports: [REPLICATION=39045, RATIS=41803, STANDALONE=45009], networkLocation: /default-rack, certSerialId: null, persistedOpState: IN_SERVICE, persistedOpStateExpiryEpochSec: 0}, Type:RATIS, Factor:ONE, State:ALLOCATED, leaderId:, CreationTimestamp2021-02-04T10:26:30.862Z]
2021-02-04 10:26:30,863 [RatisPipelineUtilsThread] WARN  pipeline.PipelinePlacementPolicy (PipelinePlacementPolicy.java:filterViableNodes(142)) - Pipeline creation failed due to no sufficient healthy datanodes. Required 3. Found 2.
2021-02-04 10:26:31,158 [Listener at 127.0.0.1/36545] INFO  ozone.MiniOzoneClusterImpl (MiniOzoneClusterImpl.java:lambda$waitForClusterToBeReady$0(179)) - Waiting for nodes to be ready. Got 2 of 3 DN Heartbeats.
2021-02-04 10:26:31,159 [Listener at 127.0.0.1/36545] INFO  ozone.MiniOzoneClusterImpl (MiniOzoneClusterImpl.java:lambda$waitForClusterToBeReady$0(182)) - Waiting for cluster to exit safe mode
2021-02-04 10:26:31,165 [IPC Server handler 1 on default port 40683] INFO  net.NetworkTopologyImpl (NetworkTopologyImpl.java:add(111)) - Added a new node: /default-rack/fdb3e943-d8be-440f-921f-162f76ce2c35
2021-02-04 10:26:31,166 [IPC Server handler 1 on default port 40683] INFO  node.SCMNodeManager (SCMNodeManager.java:register(341)) - Registered Data node : fdb3e943-d8be-440f-921f-162f76ce2c35{ip: 172.17.0.2, host: 379c1a9ecaae, ports: [REPLICATION=40743, RATIS=42057, STANDALONE=34083], networkLocation: /default-rack, certSerialId: null, persistedOpState: null, persistedOpStateExpiryEpochSec: 0}
2021-02-04 10:26:31,166 [RatisPipelineUtilsThread] INFO  pipeline.RatisPipelineProvider (RatisPipelineProvider.java:lambda$create$0(161)) - Sending CreatePipelineCommand for pipeline:PipelineID=c0020f1a-7958-46bf-8048-287e0f896909 to datanode:fdb3e943-d8be-440f-921f-162f76ce2c35
2021-02-04 10:26:31,166 [EventQueue-NodeRegistrationContainerReportForDataNodeSafeModeRule] INFO  safemode.SCMSafeModeManager (SCMSafeModeManager.java:validateSafeModeExitRules(214)) - DataNodeSafeModeRule rule is successfully validated
2021-02-04 10:26:31,166 [EventQueue-PipelineReportForOneReplicaPipelineSafeModeRule] INFO  safemode.SCMSafeModeManager (SCMSafeModeManager.java:validateSafeModeExitRules(214)) - AtleastOneDatanodeReportedRule rule is successfully validated
2021-02-04 10:26:31,166 [EventQueue-NodeRegistrationContainerReportForContainerSafeModeRule] INFO  safemode.SCMSafeModeManager (SCMSafeModeManager.java:validateSafeModeExitRules(214)) - ContainerSafeModeRule rule is successfully validated
2021-02-04 10:26:31,167 [RatisPipelineUtilsThread] INFO  pipeline.PipelineStateManager (PipelineStateManager.java:addPipeline(54)) - Created pipeline Pipeline[ Id: c0020f1a-7958-46bf-8048-287e0f896909, Nodes: fdb3e943-d8be-440f-921f-162f76ce2c35{ip: 172.17.0.2, host: 379c1a9ecaae, ports: [REPLICATION=40743, RATIS=42057, STANDALONE=34083], networkLocation: /default-rack, certSerialId: null, persistedOpState: IN_SERVICE, persistedOpStateExpiryEpochSec: 0}, Type:RATIS, Factor:ONE, State:ALLOCATED, leaderId:, CreationTimestamp2021-02-04T10:26:31.166Z]
2021-02-04 10:26:31,167 [RatisPipelineUtilsThread] INFO  pipeline.RatisPipelineProvider (RatisPipelineProvider.java:lambda$create$0(161)) - Sending CreatePipelineCommand for pipeline:PipelineID=a2b35f7a-7b1a-444b-aa3a-dcc2209809c3 to datanode:2f878777-950a-4a0a-bcd5-5efd0c9eb4b8
2021-02-04 10:26:31,167 [RatisPipelineUtilsThread] INFO  pipeline.RatisPipelineProvider (RatisPipelineProvider.java:lambda$create$0(161)) - Sending CreatePipelineCommand for pipeline:PipelineID=a2b35f7a-7b1a-444b-aa3a-dcc2209809c3 to datanode:c2078e43-4e37-4d9c-99b0-bc0ef86d7b58
2021-02-04 10:26:31,167 [RatisPipelineUtilsThread] INFO  pipeline.RatisPipelineProvider (RatisPipelineProvider.java:lambda$create$0(161)) - Sending CreatePipelineCommand for pipeline:PipelineID=a2b35f7a-7b1a-444b-aa3a-dcc2209809c3 to datanode:fdb3e943-d8be-440f-921f-162f76ce2c35
2021-02-04 10:26:31,168 [RatisPipelineUtilsThread] INFO  pipeline.PipelineStateManager (PipelineStateManager.java:addPipeline(54)) - Created pipeline Pipeline[ Id: a2b35f7a-7b1a-444b-aa3a-dcc2209809c3, Nodes: 2f878777-950a-4a0a-bcd5-5efd0c9eb4b8{ip: 172.17.0.2, host: 379c1a9ecaae, ports: [REPLICATION=34499, RATIS=43707, STANDALONE=35139], networkLocation: /default-rack, certSerialId: null, persistedOpState: IN_SERVICE, persistedOpStateExpiryEpochSec: 0}c2078e43-4e37-4d9c-99b0-bc0ef86d7b58{ip: 172.17.0.2, host: 379c1a9ecaae, ports: [REPLICATION=39045, RATIS=41803, STANDALONE=45009], networkLocation: /default-rack, certSerialId: null, persistedOpState: IN_SERVICE, persistedOpStateExpiryEpochSec: 0}fdb3e943-d8be-440f-921f-162f76ce2c35{ip: 172.17.0.2, host: 379c1a9ecaae, ports: [REPLICATION=40743, RATIS=42057, STANDALONE=34083], networkLocation: /default-rack, certSerialId: null, persistedOpState: IN_SERVICE, persistedOpStateExpiryEpochSec: 0}, Type:RATIS, Factor:THREE, State:ALLOCATED, leaderId:, CreationTimestamp2021-02-04T10:26:31.167Z]
2021-02-04 10:26:32,160 [Listener at 127.0.0.1/36545] INFO  ozone.MiniOzoneClusterImpl (MiniOzoneClusterImpl.java:lambda$waitForClusterToBeReady$0(179)) - Nodes are ready. Got 3 of 3 DN Heartbeats.
2021-02-04 10:26:32,161 [Listener at 127.0.0.1/36545] INFO  ozone.MiniOzoneClusterImpl (MiniOzoneClusterImpl.java:lambda$waitForClusterToBeReady$0(182)) - Waiting for cluster to exit safe mode
2021-02-04 10:26:33,162 [Listener at 127.0.0.1/36545] INFO  ozone.MiniOzoneClusterImpl (MiniOzoneClusterImpl.java:lambda$waitForClusterToBeReady$0(179)) - Nodes are ready. Got 3 of 3 DN Heartbeats.
2021-02-04 10:26:33,162 [Listener at 127.0.0.1/36545] INFO  ozone.MiniOzoneClusterImpl (MiniOzoneClusterImpl.java:lambda$waitForClusterToBeReady$0(182)) - Waiting for cluster to exit safe mode
2021-02-04 10:26:33,656 [Command processor thread] INFO  server.RaftServer (RaftServerProxy.java:addNew(95)) - 2f878777-950a-4a0a-bcd5-5efd0c9eb4b8: addNew group-45E52E19AA98:[2f878777-950a-4a0a-bcd5-5efd0c9eb4b8|rpc:172.17.0.2:43707|priority:1] returns group-45E52E19AA98:java.util.concurrent.CompletableFuture@291898c9[Not completed]
2021-02-04 10:26:33,663 [pool-159-thread-1] INFO  server.RaftServer$Division (RaftServerImpl.java:<init>(180)) - 2f878777-950a-4a0a-bcd5-5efd0c9eb4b8: new RaftServerImpl for group-45E52E19AA98:[2f878777-950a-4a0a-bcd5-5efd0c9eb4b8|rpc:172.17.0.2:43707|priority:1] with ContainerStateMachine:uninitialized
2021-02-04 10:26:33,663 [pool-159-thread-1] INFO  server.RaftServerConfigKeys (ConfUtils.java:logGet(44)) - raft.server.rpc.timeout.min = 5s (custom)
2021-02-04 10:26:33,663 [pool-159-thread-1] INFO  server.RaftServerConfigKeys (ConfUtils.java:logGet(44)) - raft.server.rpc.timeout.max = 5200ms (custom)
2021-02-04 10:26:33,663 [pool-159-thread-1] INFO  server.RaftServerConfigKeys (ConfUtils.java:logGet(44)) - raft.server.rpc.sleep.time = 25ms (default)
2021-02-04 10:26:33,663 [pool-159-thread-1] INFO  server.RaftServerConfigKeys (ConfUtils.java:logGet(44)) - raft.server.rpc.slowness.timeout = 300s (custom)
2021-02-04 10:26:33,663 [pool-159-thread-1] INFO  server.RaftServerConfigKeys (ConfUtils.java:logGet(44)) - raft.server.leaderelection.leader.step-down.wait-time = 10s (default)
2021-02-04 10:26:33,663 [pool-159-thread-1] INFO  server.RaftServerConfigKeys (ConfUtils.java:logGet(44)) - raft.server.sleep.deviation.threshold = 300ms (default)
2021-02-04 10:26:33,663 [pool-159-thread-1] INFO  server.RaftServerConfigKeys (ConfUtils.java:logGet(44)) - raft.server.log.appender.install.snapshot.enabled = false (custom)
2021-02-04 10:26:33,663 [pool-159-thread-1] INFO  server.RaftServer$Division (ServerState.java:<init>(105)) - 2f878777-950a-4a0a-bcd5-5efd0c9eb4b8@group-45E52E19AA98: ConfigurationManager, init=-1: [2f878777-950a-4a0a-bcd5-5efd0c9eb4b8|rpc:172.17.0.2:43707|priority:1], old=null, confs=<EMPTY_MAP>
2021-02-04 10:26:33,664 [pool-159-thread-1] INFO  server.RaftServerConfigKeys (ConfUtils.java:logGet(44)) - raft.server.storage.dir = [/github/workspace/mnt/ozone/hadoop-ozone/integration-test/target/test-dir/MiniOzoneClusterImpl-8a71bc08-f84f-4acb-943b-12476b4f0d69/datanode-0/data/ratis] (custom)
2021-02-04 10:26:33,664 [pool-159-thread-1] INFO  server.RaftServerConfigKeys (ConfUtils.java:logGet(44)) - raft.server.log.corruption.policy = EXCEPTION (default)
2021-02-04 10:26:33,664 [pool-159-thread-1] INFO  storage.RaftStorageDirectory (RaftStorageDirectoryImpl.java:analyzeStorage(132)) - The storage directory /github/workspace/mnt/ozone/hadoop-ozone/integration-test/target/test-dir/MiniOzoneClusterImpl-8a71bc08-f84f-4acb-943b-12476b4f0d69/datanode-0/data/ratis/d2132eb6-bd19-4383-9e4e-45e52e19aa98 does not exist. Creating ...
2021-02-04 10:26:33,665 [pool-159-thread-1] INFO  storage.RaftStorageDirectory (RaftStorageDirectoryImpl.java:tryLock(215)) - Lock on /github/workspace/mnt/ozone/hadoop-ozone/integration-test/target/test-dir/MiniOzoneClusterImpl-8a71bc08-f84f-4acb-943b-12476b4f0d69/datanode-0/data/ratis/d2132eb6-bd19-4383-9e4e-45e52e19aa98/in_use.lock acquired by nodename 29583@379c1a9ecaae
2021-02-04 10:26:33,666 [pool-159-thread-1] INFO  storage.RaftStorage (RaftStorageImpl.java:format(87)) - Storage directory /github/workspace/mnt/ozone/hadoop-ozone/integration-test/target/test-dir/MiniOzoneClusterImpl-8a71bc08-f84f-4acb-943b-12476b4f0d69/datanode-0/data/ratis/d2132eb6-bd19-4383-9e4e-45e52e19aa98 has been successfully formatted.
2021-02-04 10:26:33,667 [pool-159-thread-1] INFO  ratis.ContainerStateMachine (ContainerStateMachine.java:loadSnapshot(223)) - group-45E52E19AA98: The snapshot info is null. Setting the last applied indexto:(t:0, i:~)
2021-02-04 10:26:33,667 [pool-159-thread-1] ERROR storage.RaftStorage (RaftStorageImpl.java:readRaftConfiguration(147)) - Failed reading configuration from file:/github/workspace/mnt/ozone/hadoop-ozone/integration-test/target/test-dir/MiniOzoneClusterImpl-8a71bc08-f84f-4acb-943b-12476b4f0d69/datanode-0/data/ratis/d2132eb6-bd19-4383-9e4e-45e52e19aa98/current/raft-meta.conf
java.io.FileNotFoundException: /github/workspace/mnt/ozone/hadoop-ozone/integration-test/target/test-dir/MiniOzoneClusterImpl-8a71bc08-f84f-4acb-943b-12476b4f0d69/datanode-0/data/ratis/d2132eb6-bd19-4383-9e4e-45e52e19aa98/current/raft-meta.conf (No such file or directory)
	at java.io.FileInputStream.open0(Native Method)
	at java.io.FileInputStream.open(FileInputStream.java:195)
	at java.io.FileInputStream.<init>(FileInputStream.java:138)
	at org.apache.ratis.server.storage.RaftStorageImpl.readRaftConfiguration(RaftStorageImpl.java:143)
	at org.apache.ratis.server.impl.ServerState.<init>(ServerState.java:122)
	at org.apache.ratis.server.impl.RaftServerImpl.<init>(RaftServerImpl.java:193)
	at org.apache.ratis.server.impl.RaftServerProxy.lambda$newRaftServerImpl$4(RaftServerProxy.java:266)
	at java.util.concurrent.CompletableFuture$AsyncSupply.run(CompletableFuture.java:1604)
	at java.util.concurrent.ThreadPoolExecutor.runWorker(ThreadPoolExecutor.java:1149)
	at java.util.concurrent.ThreadPoolExecutor$Worker.run(ThreadPoolExecutor.java:624)
	at java.lang.Thread.run(Thread.java:748)
2021-02-04 10:26:33,667 [pool-159-thread-1] INFO  server.RaftServerConfigKeys (ConfUtils.java:logGet(44)) - raft.server.notification.no-leader.timeout = 300s (custom)
2021-02-04 10:26:33,667 [pool-159-thread-1] INFO  server.RaftServerConfigKeys (ConfUtils.java:logGet(44)) - raft.server.log.use.memory = false (default)
2021-02-04 10:26:33,668 [pool-159-thread-1] INFO  server.RaftServerConfigKeys (ConfUtils.java:logGet(44)) - raft.server.log.purge.gap = 1000000 (custom)
2021-02-04 10:26:33,668 [pool-159-thread-1] INFO  server.RaftServerConfigKeys (ConfUtils.java:logGet(44)) - raft.server.log.appender.buffer.byte-limit = 33554432 (custom)
2021-02-04 10:26:33,668 [EventQueue-PipelineReportForOneReplicaPipelineSafeModeRule] INFO  safemode.SCMSafeModeManager (SCMSafeModeManager.java:validateSafeModeExitRules(214)) - AtleastOneDatanodeReportedRule rule is successfully validated
2021-02-04 10:26:33,668 [EventQueue-PipelineReportForPipelineReportHandler] INFO  pipeline.PipelineStateManager (PipelineStateManager.java:openPipeline(132)) - Pipeline Pipeline[ Id: d2132eb6-bd19-4383-9e4e-45e52e19aa98, Nodes: 2f878777-950a-4a0a-bcd5-5efd0c9eb4b8{ip: 172.17.0.2, host: 379c1a9ecaae, ports: [REPLICATION=34499, RATIS=43707, STANDALONE=35139], networkLocation: /default-rack, certSerialId: null, persistedOpState: IN_SERVICE, persistedOpStateExpiryEpochSec: 0}, Type:RATIS, Factor:ONE, State:ALLOCATED, leaderId:2f878777-950a-4a0a-bcd5-5efd0c9eb4b8, CreationTimestamp2021-02-04T10:26:30.658Z] moved to OPEN state
2021-02-04 10:26:33,668 [pool-159-thread-1] INFO  metrics.RatisMetrics (RatisMetrics.java:lambda$create$0(36)) - Creating Metrics Registry : ratis.log_worker.2f878777-950a-4a0a-bcd5-5efd0c9eb4b8@group-45E52E19AA98
2021-02-04 10:26:33,668 [pool-159-thread-1] INFO  server.RaftServerConfigKeys (ConfUtils.java:logGet(44)) - raft.server.log.segment.size.max = 1048576 (custom)
2021-02-04 10:26:33,669 [EventQueue-OpenPipelineForHealthyPipelineSafeModeRule] INFO  safemode.SCMSafeModeManager (HealthyPipelineSafeModeRule.java:process(128)) - SCM in safe mode. Healthy pipelines reported count is 0, required healthy pipeline reported count is 1
2021-02-04 10:26:33,674 [pool-159-thread-1] INFO  server.RaftServerConfigKeys (ConfUtils.java:logGet(44)) - raft.server.log.segment.cache.num.max = 2 (custom)
2021-02-04 10:26:33,674 [pool-159-thread-1] INFO  server.RaftServerConfigKeys (ConfUtils.java:logGet(44)) - raft.server.log.segment.cache.size.max = 200MB (=209715200) (default)
2021-02-04 10:26:33,674 [pool-159-thread-1] INFO  segmented.SegmentedRaftLogWorker (SegmentedRaftLogWorker.java:<init>(181)) - new 2f878777-950a-4a0a-bcd5-5efd0c9eb4b8@group-45E52E19AA98-SegmentedRaftLogWorker for RaftStorageImpl:Storage Directory /github/workspace/mnt/ozone/hadoop-ozone/integration-test/target/test-dir/MiniOzoneClusterImpl-8a71bc08-f84f-4acb-943b-12476b4f0d69/datanode-0/data/ratis/d2132eb6-bd19-4383-9e4e-45e52e19aa98
2021-02-04 10:26:33,674 [pool-159-thread-1] INFO  server.RaftServerConfigKeys (ConfUtils.java:logGet(44)) - raft.server.log.queue.byte-limit = 2147483647 (custom)
2021-02-04 10:26:33,674 [pool-159-thread-1] INFO  server.RaftServerConfigKeys (ConfUtils.java:logGet(44)) - raft.server.log.queue.element-limit = 1024 (custom)
2021-02-04 10:26:33,674 [pool-159-thread-1] INFO  server.RaftServerConfigKeys (ConfUtils.java:logGet(44)) - raft.server.log.segment.size.max = 1048576 (custom)
2021-02-04 10:26:33,674 [pool-159-thread-1] INFO  server.RaftServerConfigKeys (ConfUtils.java:logGet(44)) - raft.server.log.preallocated.size = 16384 (custom)
2021-02-04 10:26:33,675 [pool-159-thread-1] INFO  server.RaftServerConfigKeys (ConfUtils.java:logGet(44)) - raft.server.log.force.sync.num = 128 (default)
2021-02-04 10:26:33,675 [pool-159-thread-1] INFO  server.RaftServerConfigKeys (ConfUtils.java:logGet(44)) - raft.server.log.statemachine.data.sync = true (default)
2021-02-04 10:26:33,675 [pool-159-thread-1] INFO  server.RaftServerConfigKeys (ConfUtils.java:logGet(44)) - raft.server.log.statemachine.data.sync.timeout = 10s (default)
2021-02-04 10:26:33,675 [pool-159-thread-1] INFO  server.RaftServerConfigKeys (ConfUtils.java:logGet(44)) - raft.server.log.statemachine.data.sync.timeout.retry = -1 (default)
2021-02-04 10:26:33,676 [pool-159-thread-1] INFO  server.RaftServerConfigKeys (ConfUtils.java:logGet(44)) - raft.server.log.write.buffer.size = 1048576 (custom)
2021-02-04 10:26:33,676 [pool-159-thread-1] INFO  server.RaftServerConfigKeys (ConfUtils.java:logGet(44)) - raft.server.log.statemachine.data.caching.enabled = true (custom)
2021-02-04 10:26:33,677 [pool-159-thread-1] INFO  segmented.SegmentedRaftLogWorker (SegmentedRaftLogWorker.java:lambda$new$0(132)) - 2f878777-950a-4a0a-bcd5-5efd0c9eb4b8@group-45E52E19AA98-SegmentedRaftLogWorker: flushIndex: setUnconditionally 0 -> -1
2021-02-04 10:26:33,677 [pool-159-thread-1] INFO  segmented.SegmentedRaftLogWorker (SegmentedRaftLogWorker.java:lambda$new$0(132)) - 2f878777-950a-4a0a-bcd5-5efd0c9eb4b8@group-45E52E19AA98-SegmentedRaftLogWorker: safeCacheEvictIndex: setUnconditionally 0 -> -1
2021-02-04 10:26:33,679 [pool-159-thread-1] INFO  server.RaftServerConfigKeys (ConfUtils.java:logGet(44)) - raft.server.snapshot.auto.trigger.enabled = true (custom)
2021-02-04 10:26:33,679 [pool-159-thread-1] INFO  server.RaftServerConfigKeys (ConfUtils.java:logGet(44)) - raft.server.snapshot.auto.trigger.threshold = 10000 (custom)
2021-02-04 10:26:33,679 [pool-159-thread-1] INFO  server.RaftServerConfigKeys (ConfUtils.java:logGet(44)) - raft.server.snapshot.retention.file.num = 5 (custom)
2021-02-04 10:26:33,679 [pool-159-thread-1] INFO  server.RaftServerConfigKeys (ConfUtils.java:logGet(44)) - raft.server.log.purge.upto.snapshot.index = false (default)
2021-02-04 10:26:33,679 [pool-159-thread-1] INFO  server.RaftServerConfigKeys (ConfUtils.java:logGet(44)) - raft.server.retrycache.expirytime = 600000ms (custom)
2021-02-04 10:26:33,679 [pool-159-thread-1] INFO  server.RaftServerConfigKeys (ConfUtils.java:logGet(44)) - raft.server.retrycache.statistics.expirytime = 100?s (default)
2021-02-04 10:26:33,680 [pool-159-thread-1] INFO  metrics.RatisMetrics (RatisMetrics.java:lambda$create$0(36)) - Creating Metrics Registry : ratis.leader_election.2f878777-950a-4a0a-bcd5-5efd0c9eb4b8@group-45E52E19AA98
2021-02-04 10:26:33,680 [pool-159-thread-1] INFO  metrics.RatisMetrics (RatisMetrics.java:lambda$create$0(36)) - Creating Metrics Registry : ratis.server.2f878777-950a-4a0a-bcd5-5efd0c9eb4b8@group-45E52E19AA98
2021-02-04 10:26:33,681 [pool-159-thread-1] INFO  server.RaftServer$Division (RaftServerImpl.java:start(295)) - 2f878777-950a-4a0a-bcd5-5efd0c9eb4b8@group-45E52E19AA98: start as a follower, conf=-1: [2f878777-950a-4a0a-bcd5-5efd0c9eb4b8|rpc:172.17.0.2:43707|priority:1], old=null
2021-02-04 10:26:33,681 [pool-159-thread-1] INFO  server.RaftServer$Division (RaftServerImpl.java:setRole(284)) - 2f878777-950a-4a0a-bcd5-5efd0c9eb4b8@group-45E52E19AA98: changes role from      null to FOLLOWER at term 0 for startAsFollower
2021-02-04 10:26:33,681 [pool-159-thread-1] INFO  impl.RoleInfo (RoleInfo.java:updateAndGet(130)) - 2f878777-950a-4a0a-bcd5-5efd0c9eb4b8: start 2f878777-950a-4a0a-bcd5-5efd0c9eb4b8@group-45E52E19AA98-FollowerState
2021-02-04 10:26:33,683 [pool-159-thread-1] INFO  util.JmxRegister (JmxRegister.java:tryRegister(44)) - Successfully registered JMX Bean with object name Ratis:service=RaftServer,group=group-45E52E19AA98,id=2f878777-950a-4a0a-bcd5-5efd0c9eb4b8
2021-02-04 10:26:33,683 [pool-159-thread-1] INFO  metrics.RatisMetrics (RatisMetrics.java:lambda$create$0(36)) - Creating Metrics Registry : ratis.state_machine.2f878777-950a-4a0a-bcd5-5efd0c9eb4b8@group-45E52E19AA98
2021-02-04 10:26:33,684 [Command processor thread] INFO  commandhandler.CreatePipelineCommandHandler (CreatePipelineCommandHandler.java:handle(106)) - Created Pipeline RATIS ONE PipelineID=d2132eb6-bd19-4383-9e4e-45e52e19aa98.
2021-02-04 10:26:33,684 [Command processor thread] INFO  server.RaftServer (RaftServerProxy.java:addNew(95)) - 2f878777-950a-4a0a-bcd5-5efd0c9eb4b8: addNew group-DCC2209809C3:[fdb3e943-d8be-440f-921f-162f76ce2c35|rpc:172.17.0.2:42057|priority:0, c2078e43-4e37-4d9c-99b0-bc0ef86d7b58|rpc:172.17.0.2:41803|priority:1, 2f878777-950a-4a0a-bcd5-5efd0c9eb4b8|rpc:172.17.0.2:43707|priority:0] returns group-DCC2209809C3:java.util.concurrent.CompletableFuture@2d271932[Not completed]
2021-02-04 10:26:33,685 [pool-159-thread-1] INFO  server.RaftServer$Division (RaftServerImpl.java:<init>(180)) - 2f878777-950a-4a0a-bcd5-5efd0c9eb4b8: new RaftServerImpl for group-DCC2209809C3:[fdb3e943-d8be-440f-921f-162f76ce2c35|rpc:172.17.0.2:42057|priority:0, c2078e43-4e37-4d9c-99b0-bc0ef86d7b58|rpc:172.17.0.2:41803|priority:1, 2f878777-950a-4a0a-bcd5-5efd0c9eb4b8|rpc:172.17.0.2:43707|priority:0] with ContainerStateMachine:uninitialized
2021-02-04 10:26:33,685 [pool-159-thread-1] INFO  server.RaftServerConfigKeys (ConfUtils.java:logGet(44)) - raft.server.rpc.timeout.min = 5s (custom)
2021-02-04 10:26:33,685 [pool-159-thread-1] INFO  server.RaftServerConfigKeys (ConfUtils.java:logGet(44)) - raft.server.rpc.timeout.max = 5200ms (custom)
2021-02-04 10:26:33,685 [pool-159-thread-1] INFO  server.RaftServerConfigKeys (ConfUtils.java:logGet(44)) - raft.server.rpc.sleep.time = 25ms (default)
2021-02-04 10:26:33,685 [pool-159-thread-1] INFO  server.RaftServerConfigKeys (ConfUtils.java:logGet(44)) - raft.server.rpc.slowness.timeout = 300s (custom)
2021-02-04 10:26:33,685 [pool-159-thread-1] INFO  server.RaftServerConfigKeys (ConfUtils.java:logGet(44)) - raft.server.leaderelection.leader.step-down.wait-time = 10s (default)
2021-02-04 10:26:33,685 [pool-159-thread-1] INFO  server.RaftServerConfigKeys (ConfUtils.java:logGet(44)) - raft.server.sleep.deviation.threshold = 300ms (default)
2021-02-04 10:26:33,685 [pool-159-thread-1] INFO  server.RaftServerConfigKeys (ConfUtils.java:logGet(44)) - raft.server.log.appender.install.snapshot.enabled = false (custom)
2021-02-04 10:26:33,686 [pool-159-thread-1] INFO  server.RaftServer$Division (ServerState.java:<init>(105)) - 2f878777-950a-4a0a-bcd5-5efd0c9eb4b8@group-DCC2209809C3: ConfigurationManager, init=-1: [fdb3e943-d8be-440f-921f-162f76ce2c35|rpc:172.17.0.2:42057|priority:0, c2078e43-4e37-4d9c-99b0-bc0ef86d7b58|rpc:172.17.0.2:41803|priority:1, 2f878777-950a-4a0a-bcd5-5efd0c9eb4b8|rpc:172.17.0.2:43707|priority:0], old=null, confs=<EMPTY_MAP>
2021-02-04 10:26:33,686 [pool-159-thread-1] INFO  server.RaftServerConfigKeys (ConfUtils.java:logGet(44)) - raft.server.storage.dir = [/github/workspace/mnt/ozone/hadoop-ozone/integration-test/target/test-dir/MiniOzoneClusterImpl-8a71bc08-f84f-4acb-943b-12476b4f0d69/datanode-0/data/ratis] (custom)
2021-02-04 10:26:33,686 [pool-159-thread-1] INFO  server.RaftServerConfigKeys (ConfUtils.java:logGet(44)) - raft.server.log.corruption.policy = EXCEPTION (default)
2021-02-04 10:26:33,686 [pool-159-thread-1] INFO  storage.RaftStorageDirectory (RaftStorageDirectoryImpl.java:analyzeStorage(132)) - The storage directory /github/workspace/mnt/ozone/hadoop-ozone/integration-test/target/test-dir/MiniOzoneClusterImpl-8a71bc08-f84f-4acb-943b-12476b4f0d69/datanode-0/data/ratis/a2b35f7a-7b1a-444b-aa3a-dcc2209809c3 does not exist. Creating ...
2021-02-04 10:26:33,687 [pool-159-thread-1] INFO  storage.RaftStorageDirectory (RaftStorageDirectoryImpl.java:tryLock(215)) - Lock on /github/workspace/mnt/ozone/hadoop-ozone/integration-test/target/test-dir/MiniOzoneClusterImpl-8a71bc08-f84f-4acb-943b-12476b4f0d69/datanode-0/data/ratis/a2b35f7a-7b1a-444b-aa3a-dcc2209809c3/in_use.lock acquired by nodename 29583@379c1a9ecaae
2021-02-04 10:26:33,688 [pool-159-thread-1] INFO  storage.RaftStorage (RaftStorageImpl.java:format(87)) - Storage directory /github/workspace/mnt/ozone/hadoop-ozone/integration-test/target/test-dir/MiniOzoneClusterImpl-8a71bc08-f84f-4acb-943b-12476b4f0d69/datanode-0/data/ratis/a2b35f7a-7b1a-444b-aa3a-dcc2209809c3 has been successfully formatted.
2021-02-04 10:26:33,689 [pool-159-thread-1] INFO  ratis.ContainerStateMachine (ContainerStateMachine.java:loadSnapshot(223)) - group-DCC2209809C3: The snapshot info is null. Setting the last applied indexto:(t:0, i:~)
2021-02-04 10:26:33,689 [pool-159-thread-1] ERROR storage.RaftStorage (RaftStorageImpl.java:readRaftConfiguration(147)) - Failed reading configuration from file:/github/workspace/mnt/ozone/hadoop-ozone/integration-test/target/test-dir/MiniOzoneClusterImpl-8a71bc08-f84f-4acb-943b-12476b4f0d69/datanode-0/data/ratis/a2b35f7a-7b1a-444b-aa3a-dcc2209809c3/current/raft-meta.conf
java.io.FileNotFoundException: /github/workspace/mnt/ozone/hadoop-ozone/integration-test/target/test-dir/MiniOzoneClusterImpl-8a71bc08-f84f-4acb-943b-12476b4f0d69/datanode-0/data/ratis/a2b35f7a-7b1a-444b-aa3a-dcc2209809c3/current/raft-meta.conf (No such file or directory)
	at java.io.FileInputStream.open0(Native Method)
	at java.io.FileInputStream.open(FileInputStream.java:195)
	at java.io.FileInputStream.<init>(FileInputStream.java:138)
	at org.apache.ratis.server.storage.RaftStorageImpl.readRaftConfiguration(RaftStorageImpl.java:143)
	at org.apache.ratis.server.impl.ServerState.<init>(ServerState.java:122)
	at org.apache.ratis.server.impl.RaftServerImpl.<init>(RaftServerImpl.java:193)
	at org.apache.ratis.server.impl.RaftServerProxy.lambda$newRaftServerImpl$4(RaftServerProxy.java:266)
	at java.util.concurrent.CompletableFuture$AsyncSupply.run(CompletableFuture.java:1604)
	at java.util.concurrent.ThreadPoolExecutor.runWorker(ThreadPoolExecutor.java:1149)
	at java.util.concurrent.ThreadPoolExecutor$Worker.run(ThreadPoolExecutor.java:624)
	at java.lang.Thread.run(Thread.java:748)
2021-02-04 10:26:33,690 [EventQueue-OpenPipelineForHealthyPipelineSafeModeRule] INFO  safemode.SCMSafeModeManager (HealthyPipelineSafeModeRule.java:process(128)) - SCM in safe mode. Healthy pipelines reported count is 0, required healthy pipeline reported count is 1
2021-02-04 10:26:33,690 [EventQueue-PipelineReportForOneReplicaPipelineSafeModeRule] INFO  safemode.SCMSafeModeManager (SCMSafeModeManager.java:validateSafeModeExitRules(214)) - AtleastOneDatanodeReportedRule rule is successfully validated
2021-02-04 10:26:33,691 [pool-159-thread-1] INFO  server.RaftServerConfigKeys (ConfUtils.java:logGet(44)) - raft.server.notification.no-leader.timeout = 300s (custom)
2021-02-04 10:26:33,691 [pool-159-thread-1] INFO  server.RaftServerConfigKeys (ConfUtils.java:logGet(44)) - raft.server.log.use.memory = false (default)
2021-02-04 10:26:33,691 [pool-159-thread-1] INFO  server.RaftServerConfigKeys (ConfUtils.java:logGet(44)) - raft.server.log.purge.gap = 1000000 (custom)
2021-02-04 10:26:33,691 [pool-159-thread-1] INFO  server.RaftServerConfigKeys (ConfUtils.java:logGet(44)) - raft.server.log.appender.buffer.byte-limit = 33554432 (custom)
2021-02-04 10:26:33,691 [pool-159-thread-1] INFO  metrics.RatisMetrics (RatisMetrics.java:lambda$create$0(36)) - Creating Metrics Registry : ratis.log_worker.2f878777-950a-4a0a-bcd5-5efd0c9eb4b8@group-DCC2209809C3
2021-02-04 10:26:33,691 [pool-159-thread-1] INFO  server.RaftServerConfigKeys (ConfUtils.java:logGet(44)) - raft.server.log.segment.size.max = 1048576 (custom)
2021-02-04 10:26:33,692 [pool-159-thread-1] INFO  server.RaftServerConfigKeys (ConfUtils.java:logGet(44)) - raft.server.log.segment.cache.num.max = 2 (custom)
2021-02-04 10:26:33,692 [pool-159-thread-1] INFO  server.RaftServerConfigKeys (ConfUtils.java:logGet(44)) - raft.server.log.segment.cache.size.max = 200MB (=209715200) (default)
2021-02-04 10:26:33,692 [pool-159-thread-1] INFO  segmented.SegmentedRaftLogWorker (SegmentedRaftLogWorker.java:<init>(181)) - new 2f878777-950a-4a0a-bcd5-5efd0c9eb4b8@group-DCC2209809C3-SegmentedRaftLogWorker for RaftStorageImpl:Storage Directory /github/workspace/mnt/ozone/hadoop-ozone/integration-test/target/test-dir/MiniOzoneClusterImpl-8a71bc08-f84f-4acb-943b-12476b4f0d69/datanode-0/data/ratis/a2b35f7a-7b1a-444b-aa3a-dcc2209809c3
2021-02-04 10:26:33,692 [pool-159-thread-1] INFO  server.RaftServerConfigKeys (ConfUtils.java:logGet(44)) - raft.server.log.queue.byte-limit = 2147483647 (custom)
2021-02-04 10:26:33,692 [pool-159-thread-1] INFO  server.RaftServerConfigKeys (ConfUtils.java:logGet(44)) - raft.server.log.queue.element-limit = 1024 (custom)
2021-02-04 10:26:33,692 [pool-159-thread-1] INFO  server.RaftServerConfigKeys (ConfUtils.java:logGet(44)) - raft.server.log.segment.size.max = 1048576 (custom)
2021-02-04 10:26:33,692 [pool-159-thread-1] INFO  server.RaftServerConfigKeys (ConfUtils.java:logGet(44)) - raft.server.log.preallocated.size = 16384 (custom)
2021-02-04 10:26:33,692 [pool-159-thread-1] INFO  server.RaftServerConfigKeys (ConfUtils.java:logGet(44)) - raft.server.log.force.sync.num = 128 (default)
2021-02-04 10:26:33,692 [pool-159-thread-1] INFO  server.RaftServerConfigKeys (ConfUtils.java:logGet(44)) - raft.server.log.statemachine.data.sync = true (default)
2021-02-04 10:26:33,693 [pool-159-thread-1] INFO  server.RaftServerConfigKeys (ConfUtils.java:logGet(44)) - raft.server.log.statemachine.data.sync.timeout = 10s (default)
2021-02-04 10:26:33,693 [pool-159-thread-1] INFO  server.RaftServerConfigKeys (ConfUtils.java:logGet(44)) - raft.server.log.statemachine.data.sync.timeout.retry = -1 (default)
2021-02-04 10:26:33,693 [pool-159-thread-1] INFO  server.RaftServerConfigKeys (ConfUtils.java:logGet(44)) - raft.server.log.write.buffer.size = 1048576 (custom)
2021-02-04 10:26:33,694 [pool-159-thread-1] INFO  server.RaftServerConfigKeys (ConfUtils.java:logGet(44)) - raft.server.log.statemachine.data.caching.enabled = true (custom)
2021-02-04 10:26:33,695 [pool-159-thread-1] INFO  segmented.SegmentedRaftLogWorker (SegmentedRaftLogWorker.java:lambda$new$0(132)) - 2f878777-950a-4a0a-bcd5-5efd0c9eb4b8@group-DCC2209809C3-SegmentedRaftLogWorker: flushIndex: setUnconditionally 0 -> -1
2021-02-04 10:26:33,695 [pool-159-thread-1] INFO  segmented.SegmentedRaftLogWorker (SegmentedRaftLogWorker.java:lambda$new$0(132)) - 2f878777-950a-4a0a-bcd5-5efd0c9eb4b8@group-DCC2209809C3-SegmentedRaftLogWorker: safeCacheEvictIndex: setUnconditionally 0 -> -1
2021-02-04 10:26:33,695 [pool-159-thread-1] INFO  server.RaftServerConfigKeys (ConfUtils.java:logGet(44)) - raft.server.snapshot.auto.trigger.enabled = true (custom)
2021-02-04 10:26:33,695 [pool-159-thread-1] INFO  server.RaftServerConfigKeys (ConfUtils.java:logGet(44)) - raft.server.snapshot.auto.trigger.threshold = 10000 (custom)
2021-02-04 10:26:33,695 [pool-159-thread-1] INFO  server.RaftServerConfigKeys (ConfUtils.java:logGet(44)) - raft.server.snapshot.retention.file.num = 5 (custom)
2021-02-04 10:26:33,695 [pool-159-thread-1] INFO  server.RaftServerConfigKeys (ConfUtils.java:logGet(44)) - raft.server.log.purge.upto.snapshot.index = false (default)
2021-02-04 10:26:33,695 [pool-159-thread-1] INFO  server.RaftServerConfigKeys (ConfUtils.java:logGet(44)) - raft.server.retrycache.expirytime = 600000ms (custom)
2021-02-04 10:26:33,695 [pool-159-thread-1] INFO  server.RaftServerConfigKeys (ConfUtils.java:logGet(44)) - raft.server.retrycache.statistics.expirytime = 100?s (default)
2021-02-04 10:26:33,696 [pool-159-thread-1] INFO  metrics.RatisMetrics (RatisMetrics.java:lambda$create$0(36)) - Creating Metrics Registry : ratis.leader_election.2f878777-950a-4a0a-bcd5-5efd0c9eb4b8@group-DCC2209809C3
2021-02-04 10:26:33,696 [pool-159-thread-1] INFO  metrics.RatisMetrics (RatisMetrics.java:lambda$create$0(36)) - Creating Metrics Registry : ratis.server.2f878777-950a-4a0a-bcd5-5efd0c9eb4b8@group-DCC2209809C3
2021-02-04 10:26:33,697 [pool-159-thread-1] INFO  server.RaftServer$Division (RaftServerImpl.java:start(295)) - 2f878777-950a-4a0a-bcd5-5efd0c9eb4b8@group-DCC2209809C3: start as a follower, conf=-1: [fdb3e943-d8be-440f-921f-162f76ce2c35|rpc:172.17.0.2:42057|priority:0, c2078e43-4e37-4d9c-99b0-bc0ef86d7b58|rpc:172.17.0.2:41803|priority:1, 2f878777-950a-4a0a-bcd5-5efd0c9eb4b8|rpc:172.17.0.2:43707|priority:0], old=null
2021-02-04 10:26:33,697 [pool-159-thread-1] INFO  server.RaftServer$Division (RaftServerImpl.java:setRole(284)) - 2f878777-950a-4a0a-bcd5-5efd0c9eb4b8@group-DCC2209809C3: changes role from      null to FOLLOWER at term 0 for startAsFollower
2021-02-04 10:26:33,697 [pool-159-thread-1] INFO  impl.RoleInfo (RoleInfo.java:updateAndGet(130)) - 2f878777-950a-4a0a-bcd5-5efd0c9eb4b8: start 2f878777-950a-4a0a-bcd5-5efd0c9eb4b8@group-DCC2209809C3-FollowerState
2021-02-04 10:26:33,699 [pool-159-thread-1] INFO  util.JmxRegister (JmxRegister.java:tryRegister(44)) - Successfully registered JMX Bean with object name Ratis:service=RaftServer,group=group-DCC2209809C3,id=2f878777-950a-4a0a-bcd5-5efd0c9eb4b8
2021-02-04 10:26:33,699 [pool-159-thread-1] INFO  metrics.RatisMetrics (RatisMetrics.java:lambda$create$0(36)) - Creating Metrics Registry : ratis.state_machine.2f878777-950a-4a0a-bcd5-5efd0c9eb4b8@group-DCC2209809C3
2021-02-04 10:26:33,702 [Command processor thread] INFO  metrics.RatisMetrics (RatisMetrics.java:lambda$create$0(36)) - Creating Metrics Registry : ratis.client_message_metrics.client-08222ED62411->c2078e43-4e37-4d9c-99b0-bc0ef86d7b58
2021-02-04 10:26:33,710 [grpc-default-executor-2] INFO  metrics.RatisMetrics (RatisMetrics.java:lambda$create$0(36)) - Creating Metrics Registry : ratis.server_message_metrics.c2078e43-4e37-4d9c-99b0-bc0ef86d7b58
2021-02-04 10:26:33,712 [grpc-default-executor-2] INFO  server.RaftServer (RaftServerProxy.java:addNew(95)) - c2078e43-4e37-4d9c-99b0-bc0ef86d7b58: addNew group-DCC2209809C3:[fdb3e943-d8be-440f-921f-162f76ce2c35|rpc:172.17.0.2:42057|admin:|client:|dataStream:|priority:0, c2078e43-4e37-4d9c-99b0-bc0ef86d7b58|rpc:172.17.0.2:41803|admin:|client:|dataStream:|priority:1, 2f878777-950a-4a0a-bcd5-5efd0c9eb4b8|rpc:172.17.0.2:43707|admin:|client:|dataStream:|priority:0] returns group-DCC2209809C3:java.util.concurrent.CompletableFuture@65ce85e6[Not completed]
2021-02-04 10:26:33,713 [pool-175-thread-1] INFO  server.RaftServer$Division (RaftServerImpl.java:<init>(180)) - c2078e43-4e37-4d9c-99b0-bc0ef86d7b58: new RaftServerImpl for group-DCC2209809C3:[fdb3e943-d8be-440f-921f-162f76ce2c35|rpc:172.17.0.2:42057|admin:|client:|dataStream:|priority:0, c2078e43-4e37-4d9c-99b0-bc0ef86d7b58|rpc:172.17.0.2:41803|admin:|client:|dataStream:|priority:1, 2f878777-950a-4a0a-bcd5-5efd0c9eb4b8|rpc:172.17.0.2:43707|admin:|client:|dataStream:|priority:0] with ContainerStateMachine:uninitialized
2021-02-04 10:26:33,713 [pool-175-thread-1] INFO  server.RaftServerConfigKeys (ConfUtils.java:logGet(44)) - raft.server.rpc.timeout.min = 5s (custom)
2021-02-04 10:26:33,713 [pool-175-thread-1] INFO  server.RaftServerConfigKeys (ConfUtils.java:logGet(44)) - raft.server.rpc.timeout.max = 5200ms (custom)
2021-02-04 10:26:33,714 [pool-175-thread-1] INFO  server.RaftServerConfigKeys (ConfUtils.java:logGet(44)) - raft.server.rpc.sleep.time = 25ms (default)
2021-02-04 10:26:33,714 [pool-175-thread-1] INFO  server.RaftServerConfigKeys (ConfUtils.java:logGet(44)) - raft.server.rpc.slowness.timeout = 300s (custom)
2021-02-04 10:26:33,714 [pool-175-thread-1] INFO  server.RaftServerConfigKeys (ConfUtils.java:logGet(44)) - raft.server.leaderelection.leader.step-down.wait-time = 10s (default)
2021-02-04 10:26:33,714 [pool-175-thread-1] INFO  server.RaftServerConfigKeys (ConfUtils.java:logGet(44)) - raft.server.sleep.deviation.threshold = 300ms (default)
2021-02-04 10:26:33,714 [pool-175-thread-1] INFO  server.RaftServerConfigKeys (ConfUtils.java:logGet(44)) - raft.server.log.appender.install.snapshot.enabled = false (custom)
2021-02-04 10:26:33,714 [pool-175-thread-1] INFO  server.RaftServer$Division (ServerState.java:<init>(105)) - c2078e43-4e37-4d9c-99b0-bc0ef86d7b58@group-DCC2209809C3: ConfigurationManager, init=-1: [fdb3e943-d8be-440f-921f-162f76ce2c35|rpc:172.17.0.2:42057|admin:|client:|dataStream:|priority:0, c2078e43-4e37-4d9c-99b0-bc0ef86d7b58|rpc:172.17.0.2:41803|admin:|client:|dataStream:|priority:1, 2f878777-950a-4a0a-bcd5-5efd0c9eb4b8|rpc:172.17.0.2:43707|admin:|client:|dataStream:|priority:0], old=null, confs=<EMPTY_MAP>
2021-02-04 10:26:33,714 [pool-175-thread-1] INFO  server.RaftServerConfigKeys (ConfUtils.java:logGet(44)) - raft.server.storage.dir = [/github/workspace/mnt/ozone/hadoop-ozone/integration-test/target/test-dir/MiniOzoneClusterImpl-8a71bc08-f84f-4acb-943b-12476b4f0d69/datanode-1/data/ratis] (custom)
2021-02-04 10:26:33,714 [pool-175-thread-1] INFO  server.RaftServerConfigKeys (ConfUtils.java:logGet(44)) - raft.server.log.corruption.policy = EXCEPTION (default)
2021-02-04 10:26:33,714 [pool-175-thread-1] INFO  storage.RaftStorageDirectory (RaftStorageDirectoryImpl.java:analyzeStorage(132)) - The storage directory /github/workspace/mnt/ozone/hadoop-ozone/integration-test/target/test-dir/MiniOzoneClusterImpl-8a71bc08-f84f-4acb-943b-12476b4f0d69/datanode-1/data/ratis/a2b35f7a-7b1a-444b-aa3a-dcc2209809c3 does not exist. Creating ...
2021-02-04 10:26:33,716 [pool-175-thread-1] INFO  storage.RaftStorageDirectory (RaftStorageDirectoryImpl.java:tryLock(215)) - Lock on /github/workspace/mnt/ozone/hadoop-ozone/integration-test/target/test-dir/MiniOzoneClusterImpl-8a71bc08-f84f-4acb-943b-12476b4f0d69/datanode-1/data/ratis/a2b35f7a-7b1a-444b-aa3a-dcc2209809c3/in_use.lock acquired by nodename 29583@379c1a9ecaae
2021-02-04 10:26:33,723 [pool-175-thread-1] INFO  storage.RaftStorage (RaftStorageImpl.java:format(87)) - Storage directory /github/workspace/mnt/ozone/hadoop-ozone/integration-test/target/test-dir/MiniOzoneClusterImpl-8a71bc08-f84f-4acb-943b-12476b4f0d69/datanode-1/data/ratis/a2b35f7a-7b1a-444b-aa3a-dcc2209809c3 has been successfully formatted.
2021-02-04 10:26:33,723 [pool-175-thread-1] INFO  ratis.ContainerStateMachine (ContainerStateMachine.java:loadSnapshot(223)) - group-DCC2209809C3: The snapshot info is null. Setting the last applied indexto:(t:0, i:~)
2021-02-04 10:26:33,723 [pool-175-thread-1] ERROR storage.RaftStorage (RaftStorageImpl.java:readRaftConfiguration(147)) - Failed reading configuration from file:/github/workspace/mnt/ozone/hadoop-ozone/integration-test/target/test-dir/MiniOzoneClusterImpl-8a71bc08-f84f-4acb-943b-12476b4f0d69/datanode-1/data/ratis/a2b35f7a-7b1a-444b-aa3a-dcc2209809c3/current/raft-meta.conf
java.io.FileNotFoundException: /github/workspace/mnt/ozone/hadoop-ozone/integration-test/target/test-dir/MiniOzoneClusterImpl-8a71bc08-f84f-4acb-943b-12476b4f0d69/datanode-1/data/ratis/a2b35f7a-7b1a-444b-aa3a-dcc2209809c3/current/raft-meta.conf (No such file or directory)
	at java.io.FileInputStream.open0(Native Method)
	at java.io.FileInputStream.open(FileInputStream.java:195)
	at java.io.FileInputStream.<init>(FileInputStream.java:138)
	at org.apache.ratis.server.storage.RaftStorageImpl.readRaftConfiguration(RaftStorageImpl.java:143)
	at org.apache.ratis.server.impl.ServerState.<init>(ServerState.java:122)
	at org.apache.ratis.server.impl.RaftServerImpl.<init>(RaftServerImpl.java:193)
	at org.apache.ratis.server.impl.RaftServerProxy.lambda$newRaftServerImpl$4(RaftServerProxy.java:266)
	at java.util.concurrent.CompletableFuture$AsyncSupply.run(CompletableFuture.java:1604)
	at java.util.concurrent.ThreadPoolExecutor.runWorker(ThreadPoolExecutor.java:1149)
	at java.util.concurrent.ThreadPoolExecutor$Worker.run(ThreadPoolExecutor.java:624)
	at java.lang.Thread.run(Thread.java:748)
2021-02-04 10:26:33,724 [pool-175-thread-1] INFO  server.RaftServerConfigKeys (ConfUtils.java:logGet(44)) - raft.server.notification.no-leader.timeout = 300s (custom)
2021-02-04 10:26:33,724 [pool-175-thread-1] INFO  server.RaftServerConfigKeys (ConfUtils.java:logGet(44)) - raft.server.log.use.memory = false (default)
2021-02-04 10:26:33,724 [pool-175-thread-1] INFO  server.RaftServerConfigKeys (ConfUtils.java:logGet(44)) - raft.server.log.purge.gap = 1000000 (custom)
2021-02-04 10:26:33,724 [pool-175-thread-1] INFO  server.RaftServerConfigKeys (ConfUtils.java:logGet(44)) - raft.server.log.appender.buffer.byte-limit = 33554432 (custom)
2021-02-04 10:26:33,724 [EventQueue-PipelineReportForOneReplicaPipelineSafeModeRule] INFO  safemode.SCMSafeModeManager (SCMSafeModeManager.java:validateSafeModeExitRules(214)) - AtleastOneDatanodeReportedRule rule is successfully validated
2021-02-04 10:26:33,727 [pool-175-thread-1] INFO  metrics.RatisMetrics (RatisMetrics.java:lambda$create$0(36)) - Creating Metrics Registry : ratis.log_worker.c2078e43-4e37-4d9c-99b0-bc0ef86d7b58@group-DCC2209809C3
2021-02-04 10:26:33,727 [pool-175-thread-1] INFO  server.RaftServerConfigKeys (ConfUtils.java:logGet(44)) - raft.server.log.segment.size.max = 1048576 (custom)
2021-02-04 10:26:33,727 [pool-175-thread-1] INFO  server.RaftServerConfigKeys (ConfUtils.java:logGet(44)) - raft.server.log.segment.cache.num.max = 2 (custom)
2021-02-04 10:26:33,728 [pool-175-thread-1] INFO  server.RaftServerConfigKeys (ConfUtils.java:logGet(44)) - raft.server.log.segment.cache.size.max = 200MB (=209715200) (default)
2021-02-04 10:26:33,728 [pool-175-thread-1] INFO  segmented.SegmentedRaftLogWorker (SegmentedRaftLogWorker.java:<init>(181)) - new c2078e43-4e37-4d9c-99b0-bc0ef86d7b58@group-DCC2209809C3-SegmentedRaftLogWorker for RaftStorageImpl:Storage Directory /github/workspace/mnt/ozone/hadoop-ozone/integration-test/target/test-dir/MiniOzoneClusterImpl-8a71bc08-f84f-4acb-943b-12476b4f0d69/datanode-1/data/ratis/a2b35f7a-7b1a-444b-aa3a-dcc2209809c3
2021-02-04 10:26:33,728 [pool-175-thread-1] INFO  server.RaftServerConfigKeys (ConfUtils.java:logGet(44)) - raft.server.log.queue.byte-limit = 2147483647 (custom)
2021-02-04 10:26:33,728 [pool-175-thread-1] INFO  server.RaftServerConfigKeys (ConfUtils.java:logGet(44)) - raft.server.log.queue.element-limit = 1024 (custom)
2021-02-04 10:26:33,728 [pool-175-thread-1] INFO  server.RaftServerConfigKeys (ConfUtils.java:logGet(44)) - raft.server.log.segment.size.max = 1048576 (custom)
2021-02-04 10:26:33,728 [pool-175-thread-1] INFO  server.RaftServerConfigKeys (ConfUtils.java:logGet(44)) - raft.server.log.preallocated.size = 16384 (custom)
2021-02-04 10:26:33,728 [pool-175-thread-1] INFO  server.RaftServerConfigKeys (ConfUtils.java:logGet(44)) - raft.server.log.force.sync.num = 128 (default)
2021-02-04 10:26:33,728 [pool-175-thread-1] INFO  server.RaftServerConfigKeys (ConfUtils.java:logGet(44)) - raft.server.log.statemachine.data.sync = true (default)
2021-02-04 10:26:33,728 [pool-175-thread-1] INFO  server.RaftServerConfigKeys (ConfUtils.java:logGet(44)) - raft.server.log.statemachine.data.sync.timeout = 10s (default)
2021-02-04 10:26:33,728 [pool-175-thread-1] INFO  server.RaftServerConfigKeys (ConfUtils.java:logGet(44)) - raft.server.log.statemachine.data.sync.timeout.retry = -1 (default)
2021-02-04 10:26:33,729 [pool-175-thread-1] INFO  server.RaftServerConfigKeys (ConfUtils.java:logGet(44)) - raft.server.log.write.buffer.size = 1048576 (custom)
2021-02-04 10:26:33,730 [pool-175-thread-1] INFO  server.RaftServerConfigKeys (ConfUtils.java:logGet(44)) - raft.server.log.statemachine.data.caching.enabled = true (custom)
2021-02-04 10:26:33,730 [pool-175-thread-1] INFO  segmented.SegmentedRaftLogWorker (SegmentedRaftLogWorker.java:lambda$new$0(132)) - c2078e43-4e37-4d9c-99b0-bc0ef86d7b58@group-DCC2209809C3-SegmentedRaftLogWorker: flushIndex: setUnconditionally 0 -> -1
2021-02-04 10:26:33,730 [pool-175-thread-1] INFO  segmented.SegmentedRaftLogWorker (SegmentedRaftLogWorker.java:lambda$new$0(132)) - c2078e43-4e37-4d9c-99b0-bc0ef86d7b58@group-DCC2209809C3-SegmentedRaftLogWorker: safeCacheEvictIndex: setUnconditionally 0 -> -1
2021-02-04 10:26:33,730 [pool-175-thread-1] INFO  server.RaftServerConfigKeys (ConfUtils.java:logGet(44)) - raft.server.snapshot.auto.trigger.enabled = true (custom)
2021-02-04 10:26:33,730 [pool-175-thread-1] INFO  server.RaftServerConfigKeys (ConfUtils.java:logGet(44)) - raft.server.snapshot.auto.trigger.threshold = 10000 (custom)
2021-02-04 10:26:33,730 [pool-175-thread-1] INFO  server.RaftServerConfigKeys (ConfUtils.java:logGet(44)) - raft.server.snapshot.retention.file.num = 5 (custom)
2021-02-04 10:26:33,730 [pool-175-thread-1] INFO  server.RaftServerConfigKeys (ConfUtils.java:logGet(44)) - raft.server.log.purge.upto.snapshot.index = false (default)
2021-02-04 10:26:33,730 [pool-175-thread-1] INFO  server.RaftServerConfigKeys (ConfUtils.java:logGet(44)) - raft.server.retrycache.expirytime = 600000ms (custom)
2021-02-04 10:26:33,731 [pool-175-thread-1] INFO  server.RaftServerConfigKeys (ConfUtils.java:logGet(44)) - raft.server.retrycache.statistics.expirytime = 100?s (default)
2021-02-04 10:26:33,731 [pool-175-thread-1] INFO  metrics.RatisMetrics (RatisMetrics.java:lambda$create$0(36)) - Creating Metrics Registry : ratis.leader_election.c2078e43-4e37-4d9c-99b0-bc0ef86d7b58@group-DCC2209809C3
2021-02-04 10:26:33,731 [pool-175-thread-1] INFO  metrics.RatisMetrics (RatisMetrics.java:lambda$create$0(36)) - Creating Metrics Registry : ratis.server.c2078e43-4e37-4d9c-99b0-bc0ef86d7b58@group-DCC2209809C3
2021-02-04 10:26:33,732 [pool-175-thread-1] INFO  server.RaftServer$Division (RaftServerImpl.java:start(295)) - c2078e43-4e37-4d9c-99b0-bc0ef86d7b58@group-DCC2209809C3: start as a follower, conf=-1: [fdb3e943-d8be-440f-921f-162f76ce2c35|rpc:172.17.0.2:42057|admin:|client:|dataStream:|priority:0, c2078e43-4e37-4d9c-99b0-bc0ef86d7b58|rpc:172.17.0.2:41803|admin:|client:|dataStream:|priority:1, 2f878777-950a-4a0a-bcd5-5efd0c9eb4b8|rpc:172.17.0.2:43707|admin:|client:|dataStream:|priority:0], old=null
2021-02-04 10:26:33,732 [pool-175-thread-1] INFO  server.RaftServer$Division (RaftServerImpl.java:setRole(284)) - c2078e43-4e37-4d9c-99b0-bc0ef86d7b58@group-DCC2209809C3: changes role from      null to FOLLOWER at term 0 for startAsFollower
2021-02-04 10:26:33,732 [pool-175-thread-1] INFO  impl.RoleInfo (RoleInfo.java:updateAndGet(130)) - c2078e43-4e37-4d9c-99b0-bc0ef86d7b58: start c2078e43-4e37-4d9c-99b0-bc0ef86d7b58@group-DCC2209809C3-FollowerState
2021-02-04 10:26:33,732 [pool-175-thread-1] INFO  util.JmxRegister (JmxRegister.java:tryRegister(44)) - Successfully registered JMX Bean with object name Ratis:service=RaftServer,group=group-DCC2209809C3,id=c2078e43-4e37-4d9c-99b0-bc0ef86d7b58
2021-02-04 10:26:33,732 [pool-175-thread-1] INFO  metrics.RatisMetrics (RatisMetrics.java:lambda$create$0(36)) - Creating Metrics Registry : ratis.state_machine.c2078e43-4e37-4d9c-99b0-bc0ef86d7b58@group-DCC2209809C3
2021-02-04 10:26:33,749 [Command processor thread] INFO  metrics.RatisMetrics (RatisMetrics.java:lambda$create$0(36)) - Creating Metrics Registry : ratis.client_message_metrics.client-BBF8EB29DDEF->fdb3e943-d8be-440f-921f-162f76ce2c35
2021-02-04 10:26:33,755 [grpc-default-executor-2] INFO  metrics.RatisMetrics (RatisMetrics.java:lambda$create$0(36)) - Creating Metrics Registry : ratis.server_message_metrics.fdb3e943-d8be-440f-921f-162f76ce2c35
2021-02-04 10:26:33,757 [grpc-default-executor-2] INFO  server.RaftServer (RaftServerProxy.java:addNew(95)) - fdb3e943-d8be-440f-921f-162f76ce2c35: addNew group-DCC2209809C3:[fdb3e943-d8be-440f-921f-162f76ce2c35|rpc:172.17.0.2:42057|admin:|client:|dataStream:|priority:0, c2078e43-4e37-4d9c-99b0-bc0ef86d7b58|rpc:172.17.0.2:41803|admin:|client:|dataStream:|priority:1, 2f878777-950a-4a0a-bcd5-5efd0c9eb4b8|rpc:172.17.0.2:43707|admin:|client:|dataStream:|priority:0] returns group-DCC2209809C3:java.util.concurrent.CompletableFuture@665902bf[Not completed]
2021-02-04 10:26:33,763 [pool-191-thread-1] INFO  server.RaftServer$Division (RaftServerImpl.java:<init>(180)) - fdb3e943-d8be-440f-921f-162f76ce2c35: new RaftServerImpl for group-DCC2209809C3:[fdb3e943-d8be-440f-921f-162f76ce2c35|rpc:172.17.0.2:42057|admin:|client:|dataStream:|priority:0, c2078e43-4e37-4d9c-99b0-bc0ef86d7b58|rpc:172.17.0.2:41803|admin:|client:|dataStream:|priority:1, 2f878777-950a-4a0a-bcd5-5efd0c9eb4b8|rpc:172.17.0.2:43707|admin:|client:|dataStream:|priority:0] with ContainerStateMachine:uninitialized
2021-02-04 10:26:33,763 [pool-191-thread-1] INFO  server.RaftServerConfigKeys (ConfUtils.java:logGet(44)) - raft.server.rpc.timeout.min = 5s (custom)
2021-02-04 10:26:33,764 [pool-191-thread-1] INFO  server.RaftServerConfigKeys (ConfUtils.java:logGet(44)) - raft.server.rpc.timeout.max = 5200ms (custom)
2021-02-04 10:26:33,764 [pool-191-thread-1] INFO  server.RaftServerConfigKeys (ConfUtils.java:logGet(44)) - raft.server.rpc.sleep.time = 25ms (default)
2021-02-04 10:26:33,764 [pool-191-thread-1] INFO  server.RaftServerConfigKeys (ConfUtils.java:logGet(44)) - raft.server.rpc.slowness.timeout = 300s (custom)
2021-02-04 10:26:33,765 [pool-191-thread-1] INFO  server.RaftServerConfigKeys (ConfUtils.java:logGet(44)) - raft.server.leaderelection.leader.step-down.wait-time = 10s (default)
2021-02-04 10:26:33,765 [pool-191-thread-1] INFO  server.RaftServerConfigKeys (ConfUtils.java:logGet(44)) - raft.server.sleep.deviation.threshold = 300ms (default)
2021-02-04 10:26:33,765 [pool-191-thread-1] INFO  server.RaftServerConfigKeys (ConfUtils.java:logGet(44)) - raft.server.log.appender.install.snapshot.enabled = false (custom)
2021-02-04 10:26:33,765 [pool-191-thread-1] INFO  server.RaftServer$Division (ServerState.java:<init>(105)) - fdb3e943-d8be-440f-921f-162f76ce2c35@group-DCC2209809C3: ConfigurationManager, init=-1: [fdb3e943-d8be-440f-921f-162f76ce2c35|rpc:172.17.0.2:42057|admin:|client:|dataStream:|priority:0, c2078e43-4e37-4d9c-99b0-bc0ef86d7b58|rpc:172.17.0.2:41803|admin:|client:|dataStream:|priority:1, 2f878777-950a-4a0a-bcd5-5efd0c9eb4b8|rpc:172.17.0.2:43707|admin:|client:|dataStream:|priority:0], old=null, confs=<EMPTY_MAP>
2021-02-04 10:26:33,765 [pool-191-thread-1] INFO  server.RaftServerConfigKeys (ConfUtils.java:logGet(44)) - raft.server.storage.dir = [/github/workspace/mnt/ozone/hadoop-ozone/integration-test/target/test-dir/MiniOzoneClusterImpl-8a71bc08-f84f-4acb-943b-12476b4f0d69/datanode-2/data/ratis] (custom)
2021-02-04 10:26:33,765 [pool-191-thread-1] INFO  server.RaftServerConfigKeys (ConfUtils.java:logGet(44)) - raft.server.log.corruption.policy = EXCEPTION (default)
2021-02-04 10:26:33,766 [pool-191-thread-1] INFO  storage.RaftStorageDirectory (RaftStorageDirectoryImpl.java:analyzeStorage(132)) - The storage directory /github/workspace/mnt/ozone/hadoop-ozone/integration-test/target/test-dir/MiniOzoneClusterImpl-8a71bc08-f84f-4acb-943b-12476b4f0d69/datanode-2/data/ratis/a2b35f7a-7b1a-444b-aa3a-dcc2209809c3 does not exist. Creating ...
2021-02-04 10:26:33,768 [pool-191-thread-1] INFO  storage.RaftStorageDirectory (RaftStorageDirectoryImpl.java:tryLock(215)) - Lock on /github/workspace/mnt/ozone/hadoop-ozone/integration-test/target/test-dir/MiniOzoneClusterImpl-8a71bc08-f84f-4acb-943b-12476b4f0d69/datanode-2/data/ratis/a2b35f7a-7b1a-444b-aa3a-dcc2209809c3/in_use.lock acquired by nodename 29583@379c1a9ecaae
2021-02-04 10:26:33,769 [pool-191-thread-1] INFO  storage.RaftStorage (RaftStorageImpl.java:format(87)) - Storage directory /github/workspace/mnt/ozone/hadoop-ozone/integration-test/target/test-dir/MiniOzoneClusterImpl-8a71bc08-f84f-4acb-943b-12476b4f0d69/datanode-2/data/ratis/a2b35f7a-7b1a-444b-aa3a-dcc2209809c3 has been successfully formatted.
2021-02-04 10:26:33,770 [EventQueue-PipelineReportForOneReplicaPipelineSafeModeRule] INFO  safemode.SCMSafeModeManager (SCMSafeModeManager.java:validateSafeModeExitRules(214)) - AtleastOneDatanodeReportedRule rule is successfully validated
2021-02-04 10:26:33,772 [pool-191-thread-1] INFO  ratis.ContainerStateMachine (ContainerStateMachine.java:loadSnapshot(223)) - group-DCC2209809C3: The snapshot info is null. Setting the last applied indexto:(t:0, i:~)
2021-02-04 10:26:33,772 [pool-191-thread-1] ERROR storage.RaftStorage (RaftStorageImpl.java:readRaftConfiguration(147)) - Failed reading configuration from file:/github/workspace/mnt/ozone/hadoop-ozone/integration-test/target/test-dir/MiniOzoneClusterImpl-8a71bc08-f84f-4acb-943b-12476b4f0d69/datanode-2/data/ratis/a2b35f7a-7b1a-444b-aa3a-dcc2209809c3/current/raft-meta.conf
java.io.FileNotFoundException: /github/workspace/mnt/ozone/hadoop-ozone/integration-test/target/test-dir/MiniOzoneClusterImpl-8a71bc08-f84f-4acb-943b-12476b4f0d69/datanode-2/data/ratis/a2b35f7a-7b1a-444b-aa3a-dcc2209809c3/current/raft-meta.conf (No such file or directory)
	at java.io.FileInputStream.open0(Native Method)
	at java.io.FileInputStream.open(FileInputStream.java:195)
	at java.io.FileInputStream.<init>(FileInputStream.java:138)
	at org.apache.ratis.server.storage.RaftStorageImpl.readRaftConfiguration(RaftStorageImpl.java:143)
	at org.apache.ratis.server.impl.ServerState.<init>(ServerState.java:122)
	at org.apache.ratis.server.impl.RaftServerImpl.<init>(RaftServerImpl.java:193)
	at org.apache.ratis.server.impl.RaftServerProxy.lambda$newRaftServerImpl$4(RaftServerProxy.java:266)
	at java.util.concurrent.CompletableFuture$AsyncSupply.run(CompletableFuture.java:1604)
	at java.util.concurrent.ThreadPoolExecutor.runWorker(ThreadPoolExecutor.java:1149)
	at java.util.concurrent.ThreadPoolExecutor$Worker.run(ThreadPoolExecutor.java:624)
	at java.lang.Thread.run(Thread.java:748)
2021-02-04 10:26:33,773 [pool-191-thread-1] INFO  server.RaftServerConfigKeys (ConfUtils.java:logGet(44)) - raft.server.notification.no-leader.timeout = 300s (custom)
2021-02-04 10:26:33,773 [pool-191-thread-1] INFO  server.RaftServerConfigKeys (ConfUtils.java:logGet(44)) - raft.server.log.use.memory = false (default)
2021-02-04 10:26:33,773 [pool-191-thread-1] INFO  server.RaftServerConfigKeys (ConfUtils.java:logGet(44)) - raft.server.log.purge.gap = 1000000 (custom)
2021-02-04 10:26:33,773 [pool-191-thread-1] INFO  server.RaftServerConfigKeys (ConfUtils.java:logGet(44)) - raft.server.log.appender.buffer.byte-limit = 33554432 (custom)
2021-02-04 10:26:33,773 [pool-191-thread-1] INFO  metrics.RatisMetrics (RatisMetrics.java:lambda$create$0(36)) - Creating Metrics Registry : ratis.log_worker.fdb3e943-d8be-440f-921f-162f76ce2c35@group-DCC2209809C3
2021-02-04 10:26:33,773 [pool-191-thread-1] INFO  server.RaftServerConfigKeys (ConfUtils.java:logGet(44)) - raft.server.log.segment.size.max = 1048576 (custom)
2021-02-04 10:26:33,773 [pool-191-thread-1] INFO  server.RaftServerConfigKeys (ConfUtils.java:logGet(44)) - raft.server.log.segment.cache.num.max = 2 (custom)
2021-02-04 10:26:33,773 [pool-191-thread-1] INFO  server.RaftServerConfigKeys (ConfUtils.java:logGet(44)) - raft.server.log.segment.cache.size.max = 200MB (=209715200) (default)
2021-02-04 10:26:33,774 [pool-191-thread-1] INFO  segmented.SegmentedRaftLogWorker (SegmentedRaftLogWorker.java:<init>(181)) - new fdb3e943-d8be-440f-921f-162f76ce2c35@group-DCC2209809C3-SegmentedRaftLogWorker for RaftStorageImpl:Storage Directory /github/workspace/mnt/ozone/hadoop-ozone/integration-test/target/test-dir/MiniOzoneClusterImpl-8a71bc08-f84f-4acb-943b-12476b4f0d69/datanode-2/data/ratis/a2b35f7a-7b1a-444b-aa3a-dcc2209809c3
2021-02-04 10:26:33,774 [pool-191-thread-1] INFO  server.RaftServerConfigKeys (ConfUtils.java:logGet(44)) - raft.server.log.queue.byte-limit = 2147483647 (custom)
2021-02-04 10:26:33,774 [pool-191-thread-1] INFO  server.RaftServerConfigKeys (ConfUtils.java:logGet(44)) - raft.server.log.queue.element-limit = 1024 (custom)
2021-02-04 10:26:33,774 [pool-191-thread-1] INFO  server.RaftServerConfigKeys (ConfUtils.java:logGet(44)) - raft.server.log.segment.size.max = 1048576 (custom)
2021-02-04 10:26:33,774 [pool-191-thread-1] INFO  server.RaftServerConfigKeys (ConfUtils.java:logGet(44)) - raft.server.log.preallocated.size = 16384 (custom)
2021-02-04 10:26:33,774 [pool-191-thread-1] INFO  server.RaftServerConfigKeys (ConfUtils.java:logGet(44)) - raft.server.log.force.sync.num = 128 (default)
2021-02-04 10:26:33,774 [pool-191-thread-1] INFO  server.RaftServerConfigKeys (ConfUtils.java:logGet(44)) - raft.server.log.statemachine.data.sync = true (default)
2021-02-04 10:26:33,774 [pool-191-thread-1] INFO  server.RaftServerConfigKeys (ConfUtils.java:logGet(44)) - raft.server.log.statemachine.data.sync.timeout = 10s (default)
2021-02-04 10:26:33,774 [pool-191-thread-1] INFO  server.RaftServerConfigKeys (ConfUtils.java:logGet(44)) - raft.server.log.statemachine.data.sync.timeout.retry = -1 (default)
2021-02-04 10:26:33,775 [pool-191-thread-1] INFO  server.RaftServerConfigKeys (ConfUtils.java:logGet(44)) - raft.server.log.write.buffer.size = 1048576 (custom)
2021-02-04 10:26:33,775 [pool-191-thread-1] INFO  server.RaftServerConfigKeys (ConfUtils.java:logGet(44)) - raft.server.log.statemachine.data.caching.enabled = true (custom)
2021-02-04 10:26:33,775 [pool-191-thread-1] INFO  segmented.SegmentedRaftLogWorker (SegmentedRaftLogWorker.java:lambda$new$0(132)) - fdb3e943-d8be-440f-921f-162f76ce2c35@group-DCC2209809C3-SegmentedRaftLogWorker: flushIndex: setUnconditionally 0 -> -1
2021-02-04 10:26:33,775 [pool-191-thread-1] INFO  segmented.SegmentedRaftLogWorker (SegmentedRaftLogWorker.java:lambda$new$0(132)) - fdb3e943-d8be-440f-921f-162f76ce2c35@group-DCC2209809C3-SegmentedRaftLogWorker: safeCacheEvictIndex: setUnconditionally 0 -> -1
2021-02-04 10:26:33,779 [pool-191-thread-1] INFO  server.RaftServerConfigKeys (ConfUtils.java:logGet(44)) - raft.server.snapshot.auto.trigger.enabled = true (custom)
2021-02-04 10:26:33,779 [pool-191-thread-1] INFO  server.RaftServerConfigKeys (ConfUtils.java:logGet(44)) - raft.server.snapshot.auto.trigger.threshold = 10000 (custom)
2021-02-04 10:26:33,779 [pool-191-thread-1] INFO  server.RaftServerConfigKeys (ConfUtils.java:logGet(44)) - raft.server.snapshot.retention.file.num = 5 (custom)
2021-02-04 10:26:33,779 [pool-191-thread-1] INFO  server.RaftServerConfigKeys (ConfUtils.java:logGet(44)) - raft.server.log.purge.upto.snapshot.index = false (default)
2021-02-04 10:26:33,779 [pool-191-thread-1] INFO  server.RaftServerConfigKeys (ConfUtils.java:logGet(44)) - raft.server.retrycache.expirytime = 600000ms (custom)
2021-02-04 10:26:33,780 [pool-191-thread-1] INFO  server.RaftServerConfigKeys (ConfUtils.java:logGet(44)) - raft.server.retrycache.statistics.expirytime = 100?s (default)
2021-02-04 10:26:33,780 [pool-191-thread-1] INFO  metrics.RatisMetrics (RatisMetrics.java:lambda$create$0(36)) - Creating Metrics Registry : ratis.leader_election.fdb3e943-d8be-440f-921f-162f76ce2c35@group-DCC2209809C3
2021-02-04 10:26:33,780 [pool-191-thread-1] INFO  metrics.RatisMetrics (RatisMetrics.java:lambda$create$0(36)) - Creating Metrics Registry : ratis.server.fdb3e943-d8be-440f-921f-162f76ce2c35@group-DCC2209809C3
2021-02-04 10:26:33,781 [pool-191-thread-1] INFO  server.RaftServer$Division (RaftServerImpl.java:start(295)) - fdb3e943-d8be-440f-921f-162f76ce2c35@group-DCC2209809C3: start as a follower, conf=-1: [fdb3e943-d8be-440f-921f-162f76ce2c35|rpc:172.17.0.2:42057|admin:|client:|dataStream:|priority:0, c2078e43-4e37-4d9c-99b0-bc0ef86d7b58|rpc:172.17.0.2:41803|admin:|client:|dataStream:|priority:1, 2f878777-950a-4a0a-bcd5-5efd0c9eb4b8|rpc:172.17.0.2:43707|admin:|client:|dataStream:|priority:0], old=null
2021-02-04 10:26:33,781 [pool-191-thread-1] INFO  server.RaftServer$Division (RaftServerImpl.java:setRole(284)) - fdb3e943-d8be-440f-921f-162f76ce2c35@group-DCC2209809C3: changes role from      null to FOLLOWER at term 0 for startAsFollower
2021-02-04 10:26:33,781 [pool-191-thread-1] INFO  impl.RoleInfo (RoleInfo.java:updateAndGet(130)) - fdb3e943-d8be-440f-921f-162f76ce2c35: start fdb3e943-d8be-440f-921f-162f76ce2c35@group-DCC2209809C3-FollowerState
2021-02-04 10:26:33,781 [pool-191-thread-1] INFO  util.JmxRegister (JmxRegister.java:tryRegister(44)) - Successfully registered JMX Bean with object name Ratis:service=RaftServer,group=group-DCC2209809C3,id=fdb3e943-d8be-440f-921f-162f76ce2c35
2021-02-04 10:26:33,781 [pool-191-thread-1] INFO  metrics.RatisMetrics (RatisMetrics.java:lambda$create$0(36)) - Creating Metrics Registry : ratis.state_machine.fdb3e943-d8be-440f-921f-162f76ce2c35@group-DCC2209809C3
2021-02-04 10:26:33,790 [Command processor thread] INFO  commandhandler.CreatePipelineCommandHandler (CreatePipelineCommandHandler.java:handle(106)) - Created Pipeline RATIS THREE PipelineID=a2b35f7a-7b1a-444b-aa3a-dcc2209809c3.
2021-02-04 10:26:33,859 [Command processor thread] INFO  server.RaftServer (RaftServerProxy.java:addNew(95)) - c2078e43-4e37-4d9c-99b0-bc0ef86d7b58: addNew group-CC0E7A3AFF15:[c2078e43-4e37-4d9c-99b0-bc0ef86d7b58|rpc:172.17.0.2:41803|priority:1] returns group-CC0E7A3AFF15:java.util.concurrent.CompletableFuture@7b021cb6[Not completed]
2021-02-04 10:26:33,860 [pool-175-thread-1] INFO  server.RaftServer$Division (RaftServerImpl.java:<init>(180)) - c2078e43-4e37-4d9c-99b0-bc0ef86d7b58: new RaftServerImpl for group-CC0E7A3AFF15:[c2078e43-4e37-4d9c-99b0-bc0ef86d7b58|rpc:172.17.0.2:41803|priority:1] with ContainerStateMachine:uninitialized
2021-02-04 10:26:33,860 [pool-175-thread-1] INFO  server.RaftServerConfigKeys (ConfUtils.java:logGet(44)) - raft.server.rpc.timeout.min = 5s (custom)
2021-02-04 10:26:33,861 [pool-175-thread-1] INFO  server.RaftServerConfigKeys (ConfUtils.java:logGet(44)) - raft.server.rpc.timeout.max = 5200ms (custom)
2021-02-04 10:26:33,861 [pool-175-thread-1] INFO  server.RaftServerConfigKeys (ConfUtils.java:logGet(44)) - raft.server.rpc.sleep.time = 25ms (default)
2021-02-04 10:26:33,861 [pool-175-thread-1] INFO  server.RaftServerConfigKeys (ConfUtils.java:logGet(44)) - raft.server.rpc.slowness.timeout = 300s (custom)
2021-02-04 10:26:33,861 [pool-175-thread-1] INFO  server.RaftServerConfigKeys (ConfUtils.java:logGet(44)) - raft.server.leaderelection.leader.step-down.wait-time = 10s (default)
2021-02-04 10:26:33,861 [pool-175-thread-1] INFO  server.RaftServerConfigKeys (ConfUtils.java:logGet(44)) - raft.server.sleep.deviation.threshold = 300ms (default)
2021-02-04 10:26:33,861 [pool-175-thread-1] INFO  server.RaftServerConfigKeys (ConfUtils.java:logGet(44)) - raft.server.log.appender.install.snapshot.enabled = false (custom)
2021-02-04 10:26:33,861 [pool-175-thread-1] INFO  server.RaftServer$Division (ServerState.java:<init>(105)) - c2078e43-4e37-4d9c-99b0-bc0ef86d7b58@group-CC0E7A3AFF15: ConfigurationManager, init=-1: [c2078e43-4e37-4d9c-99b0-bc0ef86d7b58|rpc:172.17.0.2:41803|priority:1], old=null, confs=<EMPTY_MAP>
2021-02-04 10:26:33,861 [pool-175-thread-1] INFO  server.RaftServerConfigKeys (ConfUtils.java:logGet(44)) - raft.server.storage.dir = [/github/workspace/mnt/ozone/hadoop-ozone/integration-test/target/test-dir/MiniOzoneClusterImpl-8a71bc08-f84f-4acb-943b-12476b4f0d69/datanode-1/data/ratis] (custom)
2021-02-04 10:26:33,861 [pool-175-thread-1] INFO  server.RaftServerConfigKeys (ConfUtils.java:logGet(44)) - raft.server.log.corruption.policy = EXCEPTION (default)
2021-02-04 10:26:33,861 [pool-175-thread-1] INFO  storage.RaftStorageDirectory (RaftStorageDirectoryImpl.java:analyzeStorage(132)) - The storage directory /github/workspace/mnt/ozone/hadoop-ozone/integration-test/target/test-dir/MiniOzoneClusterImpl-8a71bc08-f84f-4acb-943b-12476b4f0d69/datanode-1/data/ratis/cbeec5d0-ef91-4f06-8521-cc0e7a3aff15 does not exist. Creating ...
2021-02-04 10:26:33,863 [pool-175-thread-1] INFO  storage.RaftStorageDirectory (RaftStorageDirectoryImpl.java:tryLock(215)) - Lock on /github/workspace/mnt/ozone/hadoop-ozone/integration-test/target/test-dir/MiniOzoneClusterImpl-8a71bc08-f84f-4acb-943b-12476b4f0d69/datanode-1/data/ratis/cbeec5d0-ef91-4f06-8521-cc0e7a3aff15/in_use.lock acquired by nodename 29583@379c1a9ecaae
2021-02-04 10:26:33,864 [pool-175-thread-1] INFO  storage.RaftStorage (RaftStorageImpl.java:format(87)) - Storage directory /github/workspace/mnt/ozone/hadoop-ozone/integration-test/target/test-dir/MiniOzoneClusterImpl-8a71bc08-f84f-4acb-943b-12476b4f0d69/datanode-1/data/ratis/cbeec5d0-ef91-4f06-8521-cc0e7a3aff15 has been successfully formatted.
2021-02-04 10:26:33,865 [pool-175-thread-1] INFO  ratis.ContainerStateMachine (ContainerStateMachine.java:loadSnapshot(223)) - group-CC0E7A3AFF15: The snapshot info is null. Setting the last applied indexto:(t:0, i:~)
2021-02-04 10:26:33,865 [pool-175-thread-1] ERROR storage.RaftStorage (RaftStorageImpl.java:readRaftConfiguration(147)) - Failed reading configuration from file:/github/workspace/mnt/ozone/hadoop-ozone/integration-test/target/test-dir/MiniOzoneClusterImpl-8a71bc08-f84f-4acb-943b-12476b4f0d69/datanode-1/data/ratis/cbeec5d0-ef91-4f06-8521-cc0e7a3aff15/current/raft-meta.conf
java.io.FileNotFoundException: /github/workspace/mnt/ozone/hadoop-ozone/integration-test/target/test-dir/MiniOzoneClusterImpl-8a71bc08-f84f-4acb-943b-12476b4f0d69/datanode-1/data/ratis/cbeec5d0-ef91-4f06-8521-cc0e7a3aff15/current/raft-meta.conf (No such file or directory)
	at java.io.FileInputStream.open0(Native Method)
	at java.io.FileInputStream.open(FileInputStream.java:195)
	at java.io.FileInputStream.<init>(FileInputStream.java:138)
	at org.apache.ratis.server.storage.RaftStorageImpl.readRaftConfiguration(RaftStorageImpl.java:143)
	at org.apache.ratis.server.impl.ServerState.<init>(ServerState.java:122)
	at org.apache.ratis.server.impl.RaftServerImpl.<init>(RaftServerImpl.java:193)
	at org.apache.ratis.server.impl.RaftServerProxy.lambda$newRaftServerImpl$4(RaftServerProxy.java:266)
	at java.util.concurrent.CompletableFuture$AsyncSupply.run(CompletableFuture.java:1604)
	at java.util.concurrent.ThreadPoolExecutor.runWorker(ThreadPoolExecutor.java:1149)
	at java.util.concurrent.ThreadPoolExecutor$Worker.run(ThreadPoolExecutor.java:624)
	at java.lang.Thread.run(Thread.java:748)
2021-02-04 10:26:33,866 [EventQueue-PipelineReportForPipelineReportHandler] INFO  pipeline.PipelineStateManager (PipelineStateManager.java:openPipeline(132)) - Pipeline Pipeline[ Id: cbeec5d0-ef91-4f06-8521-cc0e7a3aff15, Nodes: c2078e43-4e37-4d9c-99b0-bc0ef86d7b58{ip: 172.17.0.2, host: 379c1a9ecaae, ports: [REPLICATION=39045, RATIS=41803, STANDALONE=45009], networkLocation: /default-rack, certSerialId: null, persistedOpState: IN_SERVICE, persistedOpStateExpiryEpochSec: 0}, Type:RATIS, Factor:ONE, State:ALLOCATED, leaderId:c2078e43-4e37-4d9c-99b0-bc0ef86d7b58, CreationTimestamp2021-02-04T10:26:30.862Z] moved to OPEN state
2021-02-04 10:26:33,867 [EventQueue-OpenPipelineForHealthyPipelineSafeModeRule] INFO  safemode.SCMSafeModeManager (HealthyPipelineSafeModeRule.java:process(128)) - SCM in safe mode. Healthy pipelines reported count is 0, required healthy pipeline reported count is 1
2021-02-04 10:26:33,866 [EventQueue-PipelineReportForOneReplicaPipelineSafeModeRule] INFO  safemode.SCMSafeModeManager (SCMSafeModeManager.java:validateSafeModeExitRules(214)) - AtleastOneDatanodeReportedRule rule is successfully validated
2021-02-04 10:26:33,867 [pool-175-thread-1] INFO  server.RaftServerConfigKeys (ConfUtils.java:logGet(44)) - raft.server.notification.no-leader.timeout = 300s (custom)
2021-02-04 10:26:33,868 [pool-175-thread-1] INFO  server.RaftServerConfigKeys (ConfUtils.java:logGet(44)) - raft.server.log.use.memory = false (default)
2021-02-04 10:26:33,868 [pool-175-thread-1] INFO  server.RaftServerConfigKeys (ConfUtils.java:logGet(44)) - raft.server.log.purge.gap = 1000000 (custom)
2021-02-04 10:26:33,868 [pool-175-thread-1] INFO  server.RaftServerConfigKeys (ConfUtils.java:logGet(44)) - raft.server.log.appender.buffer.byte-limit = 33554432 (custom)
2021-02-04 10:26:33,869 [pool-175-thread-1] INFO  metrics.RatisMetrics (RatisMetrics.java:lambda$create$0(36)) - Creating Metrics Registry : ratis.log_worker.c2078e43-4e37-4d9c-99b0-bc0ef86d7b58@group-CC0E7A3AFF15
2021-02-04 10:26:33,869 [pool-175-thread-1] INFO  server.RaftServerConfigKeys (ConfUtils.java:logGet(44)) - raft.server.log.segment.size.max = 1048576 (custom)
2021-02-04 10:26:33,870 [pool-175-thread-1] INFO  server.RaftServerConfigKeys (ConfUtils.java:logGet(44)) - raft.server.log.segment.cache.num.max = 2 (custom)
2021-02-04 10:26:33,870 [pool-175-thread-1] INFO  server.RaftServerConfigKeys (ConfUtils.java:logGet(44)) - raft.server.log.segment.cache.size.max = 200MB (=209715200) (default)
2021-02-04 10:26:33,870 [pool-175-thread-1] INFO  segmented.SegmentedRaftLogWorker (SegmentedRaftLogWorker.java:<init>(181)) - new c2078e43-4e37-4d9c-99b0-bc0ef86d7b58@group-CC0E7A3AFF15-SegmentedRaftLogWorker for RaftStorageImpl:Storage Directory /github/workspace/mnt/ozone/hadoop-ozone/integration-test/target/test-dir/MiniOzoneClusterImpl-8a71bc08-f84f-4acb-943b-12476b4f0d69/datanode-1/data/ratis/cbeec5d0-ef91-4f06-8521-cc0e7a3aff15
2021-02-04 10:26:33,871 [pool-175-thread-1] INFO  server.RaftServerConfigKeys (ConfUtils.java:logGet(44)) - raft.server.log.queue.byte-limit = 2147483647 (custom)
2021-02-04 10:26:33,871 [pool-175-thread-1] INFO  server.RaftServerConfigKeys (ConfUtils.java:logGet(44)) - raft.server.log.queue.element-limit = 1024 (custom)
2021-02-04 10:26:33,871 [pool-175-thread-1] INFO  server.RaftServerConfigKeys (ConfUtils.java:logGet(44)) - raft.server.log.segment.size.max = 1048576 (custom)
2021-02-04 10:26:33,871 [pool-175-thread-1] INFO  server.RaftServerConfigKeys (ConfUtils.java:logGet(44)) - raft.server.log.preallocated.size = 16384 (custom)
2021-02-04 10:26:33,871 [pool-175-thread-1] INFO  server.RaftServerConfigKeys (ConfUtils.java:logGet(44)) - raft.server.log.force.sync.num = 128 (default)
2021-02-04 10:26:33,871 [pool-175-thread-1] INFO  server.RaftServerConfigKeys (ConfUtils.java:logGet(44)) - raft.server.log.statemachine.data.sync = true (default)
2021-02-04 10:26:33,871 [pool-175-thread-1] INFO  server.RaftServerConfigKeys (ConfUtils.java:logGet(44)) - raft.server.log.statemachine.data.sync.timeout = 10s (default)
2021-02-04 10:26:33,871 [pool-175-thread-1] INFO  server.RaftServerConfigKeys (ConfUtils.java:logGet(44)) - raft.server.log.statemachine.data.sync.timeout.retry = -1 (default)
2021-02-04 10:26:33,872 [pool-175-thread-1] INFO  server.RaftServerConfigKeys (ConfUtils.java:logGet(44)) - raft.server.log.write.buffer.size = 1048576 (custom)
2021-02-04 10:26:33,873 [pool-175-thread-1] INFO  server.RaftServerConfigKeys (ConfUtils.java:logGet(44)) - raft.server.log.statemachine.data.caching.enabled = true (custom)
2021-02-04 10:26:33,874 [pool-175-thread-1] INFO  segmented.SegmentedRaftLogWorker (SegmentedRaftLogWorker.java:lambda$new$0(132)) - c2078e43-4e37-4d9c-99b0-bc0ef86d7b58@group-CC0E7A3AFF15-SegmentedRaftLogWorker: flushIndex: setUnconditionally 0 -> -1
2021-02-04 10:26:33,874 [pool-175-thread-1] INFO  segmented.SegmentedRaftLogWorker (SegmentedRaftLogWorker.java:lambda$new$0(132)) - c2078e43-4e37-4d9c-99b0-bc0ef86d7b58@group-CC0E7A3AFF15-SegmentedRaftLogWorker: safeCacheEvictIndex: setUnconditionally 0 -> -1
2021-02-04 10:26:33,874 [pool-175-thread-1] INFO  server.RaftServerConfigKeys (ConfUtils.java:logGet(44)) - raft.server.snapshot.auto.trigger.enabled = true (custom)
2021-02-04 10:26:33,874 [pool-175-thread-1] INFO  server.RaftServerConfigKeys (ConfUtils.java:logGet(44)) - raft.server.snapshot.auto.trigger.threshold = 10000 (custom)
2021-02-04 10:26:33,874 [pool-175-thread-1] INFO  server.RaftServerConfigKeys (ConfUtils.java:logGet(44)) - raft.server.snapshot.retention.file.num = 5 (custom)
2021-02-04 10:26:33,874 [pool-175-thread-1] INFO  server.RaftServerConfigKeys (ConfUtils.java:logGet(44)) - raft.server.log.purge.upto.snapshot.index = false (default)
2021-02-04 10:26:33,874 [pool-175-thread-1] INFO  server.RaftServerConfigKeys (ConfUtils.java:logGet(44)) - raft.server.retrycache.expirytime = 600000ms (custom)
2021-02-04 10:26:33,874 [pool-175-thread-1] INFO  server.RaftServerConfigKeys (ConfUtils.java:logGet(44)) - raft.server.retrycache.statistics.expirytime = 100?s (default)
2021-02-04 10:26:33,874 [pool-175-thread-1] INFO  metrics.RatisMetrics (RatisMetrics.java:lambda$create$0(36)) - Creating Metrics Registry : ratis.leader_election.c2078e43-4e37-4d9c-99b0-bc0ef86d7b58@group-CC0E7A3AFF15
2021-02-04 10:26:33,875 [pool-175-thread-1] INFO  metrics.RatisMetrics (RatisMetrics.java:lambda$create$0(36)) - Creating Metrics Registry : ratis.server.c2078e43-4e37-4d9c-99b0-bc0ef86d7b58@group-CC0E7A3AFF15
2021-02-04 10:26:33,876 [pool-175-thread-1] INFO  server.RaftServer$Division (RaftServerImpl.java:start(295)) - c2078e43-4e37-4d9c-99b0-bc0ef86d7b58@group-CC0E7A3AFF15: start as a follower, conf=-1: [c2078e43-4e37-4d9c-99b0-bc0ef86d7b58|rpc:172.17.0.2:41803|priority:1], old=null
2021-02-04 10:26:33,876 [pool-175-thread-1] INFO  server.RaftServer$Division (RaftServerImpl.java:setRole(284)) - c2078e43-4e37-4d9c-99b0-bc0ef86d7b58@group-CC0E7A3AFF15: changes role from      null to FOLLOWER at term 0 for startAsFollower
2021-02-04 10:26:33,876 [pool-175-thread-1] INFO  impl.RoleInfo (RoleInfo.java:updateAndGet(130)) - c2078e43-4e37-4d9c-99b0-bc0ef86d7b58: start c2078e43-4e37-4d9c-99b0-bc0ef86d7b58@group-CC0E7A3AFF15-FollowerState
2021-02-04 10:26:33,876 [pool-175-thread-1] INFO  util.JmxRegister (JmxRegister.java:tryRegister(44)) - Successfully registered JMX Bean with object name Ratis:service=RaftServer,group=group-CC0E7A3AFF15,id=c2078e43-4e37-4d9c-99b0-bc0ef86d7b58
2021-02-04 10:26:33,876 [pool-175-thread-1] INFO  metrics.RatisMetrics (RatisMetrics.java:lambda$create$0(36)) - Creating Metrics Registry : ratis.state_machine.c2078e43-4e37-4d9c-99b0-bc0ef86d7b58@group-CC0E7A3AFF15
2021-02-04 10:26:33,877 [Command processor thread] INFO  commandhandler.CreatePipelineCommandHandler (CreatePipelineCommandHandler.java:handle(106)) - Created Pipeline RATIS ONE PipelineID=cbeec5d0-ef91-4f06-8521-cc0e7a3aff15.
2021-02-04 10:26:34,162 [Listener at 127.0.0.1/36545] INFO  ozone.MiniOzoneClusterImpl (MiniOzoneClusterImpl.java:lambda$waitForClusterToBeReady$0(179)) - Nodes are ready. Got 3 of 3 DN Heartbeats.
2021-02-04 10:26:34,162 [Listener at 127.0.0.1/36545] INFO  ozone.MiniOzoneClusterImpl (MiniOzoneClusterImpl.java:lambda$waitForClusterToBeReady$0(182)) - Waiting for cluster to exit safe mode
2021-02-04 10:26:34,164 [Command processor thread] INFO  server.RaftServer (RaftServerProxy.java:addNew(95)) - fdb3e943-d8be-440f-921f-162f76ce2c35: addNew group-287E0F896909:[fdb3e943-d8be-440f-921f-162f76ce2c35|rpc:172.17.0.2:42057|priority:1] returns group-287E0F896909:java.util.concurrent.CompletableFuture@9003d2e[Not completed]
2021-02-04 10:26:34,166 [pool-191-thread-1] INFO  server.RaftServer$Division (RaftServerImpl.java:<init>(180)) - fdb3e943-d8be-440f-921f-162f76ce2c35: new RaftServerImpl for group-287E0F896909:[fdb3e943-d8be-440f-921f-162f76ce2c35|rpc:172.17.0.2:42057|priority:1] with ContainerStateMachine:uninitialized
2021-02-04 10:26:34,166 [pool-191-thread-1] INFO  server.RaftServerConfigKeys (ConfUtils.java:logGet(44)) - raft.server.rpc.timeout.min = 5s (custom)
2021-02-04 10:26:34,166 [pool-191-thread-1] INFO  server.RaftServerConfigKeys (ConfUtils.java:logGet(44)) - raft.server.rpc.timeout.max = 5200ms (custom)
2021-02-04 10:26:34,166 [pool-191-thread-1] INFO  server.RaftServerConfigKeys (ConfUtils.java:logGet(44)) - raft.server.rpc.sleep.time = 25ms (default)
2021-02-04 10:26:34,166 [pool-191-thread-1] INFO  server.RaftServerConfigKeys (ConfUtils.java:logGet(44)) - raft.server.rpc.slowness.timeout = 300s (custom)
2021-02-04 10:26:34,166 [pool-191-thread-1] INFO  server.RaftServerConfigKeys (ConfUtils.java:logGet(44)) - raft.server.leaderelection.leader.step-down.wait-time = 10s (default)
2021-02-04 10:26:34,166 [pool-191-thread-1] INFO  server.RaftServerConfigKeys (ConfUtils.java:logGet(44)) - raft.server.sleep.deviation.threshold = 300ms (default)
2021-02-04 10:26:34,166 [pool-191-thread-1] INFO  server.RaftServerConfigKeys (ConfUtils.java:logGet(44)) - raft.server.log.appender.install.snapshot.enabled = false (custom)
2021-02-04 10:26:34,166 [pool-191-thread-1] INFO  server.RaftServer$Division (ServerState.java:<init>(105)) - fdb3e943-d8be-440f-921f-162f76ce2c35@group-287E0F896909: ConfigurationManager, init=-1: [fdb3e943-d8be-440f-921f-162f76ce2c35|rpc:172.17.0.2:42057|priority:1], old=null, confs=<EMPTY_MAP>
2021-02-04 10:26:34,166 [pool-191-thread-1] INFO  server.RaftServerConfigKeys (ConfUtils.java:logGet(44)) - raft.server.storage.dir = [/github/workspace/mnt/ozone/hadoop-ozone/integration-test/target/test-dir/MiniOzoneClusterImpl-8a71bc08-f84f-4acb-943b-12476b4f0d69/datanode-2/data/ratis] (custom)
2021-02-04 10:26:34,167 [pool-191-thread-1] INFO  server.RaftServerConfigKeys (ConfUtils.java:logGet(44)) - raft.server.log.corruption.policy = EXCEPTION (default)
2021-02-04 10:26:34,167 [pool-191-thread-1] INFO  storage.RaftStorageDirectory (RaftStorageDirectoryImpl.java:analyzeStorage(132)) - The storage directory /github/workspace/mnt/ozone/hadoop-ozone/integration-test/target/test-dir/MiniOzoneClusterImpl-8a71bc08-f84f-4acb-943b-12476b4f0d69/datanode-2/data/ratis/c0020f1a-7958-46bf-8048-287e0f896909 does not exist. Creating ...
2021-02-04 10:26:34,169 [pool-191-thread-1] INFO  storage.RaftStorageDirectory (RaftStorageDirectoryImpl.java:tryLock(215)) - Lock on /github/workspace/mnt/ozone/hadoop-ozone/integration-test/target/test-dir/MiniOzoneClusterImpl-8a71bc08-f84f-4acb-943b-12476b4f0d69/datanode-2/data/ratis/c0020f1a-7958-46bf-8048-287e0f896909/in_use.lock acquired by nodename 29583@379c1a9ecaae
2021-02-04 10:26:34,173 [pool-191-thread-1] INFO  storage.RaftStorage (RaftStorageImpl.java:format(87)) - Storage directory /github/workspace/mnt/ozone/hadoop-ozone/integration-test/target/test-dir/MiniOzoneClusterImpl-8a71bc08-f84f-4acb-943b-12476b4f0d69/datanode-2/data/ratis/c0020f1a-7958-46bf-8048-287e0f896909 has been successfully formatted.
2021-02-04 10:26:34,175 [EventQueue-PipelineReportForOneReplicaPipelineSafeModeRule] INFO  safemode.SCMSafeModeManager (SCMSafeModeManager.java:validateSafeModeExitRules(214)) - AtleastOneDatanodeReportedRule rule is successfully validated
2021-02-04 10:26:34,175 [EventQueue-PipelineReportForPipelineReportHandler] INFO  pipeline.PipelineStateManager (PipelineStateManager.java:openPipeline(132)) - Pipeline Pipeline[ Id: c0020f1a-7958-46bf-8048-287e0f896909, Nodes: fdb3e943-d8be-440f-921f-162f76ce2c35{ip: 172.17.0.2, host: 379c1a9ecaae, ports: [REPLICATION=40743, RATIS=42057, STANDALONE=34083], networkLocation: /default-rack, certSerialId: null, persistedOpState: IN_SERVICE, persistedOpStateExpiryEpochSec: 0}, Type:RATIS, Factor:ONE, State:ALLOCATED, leaderId:fdb3e943-d8be-440f-921f-162f76ce2c35, CreationTimestamp2021-02-04T10:26:31.166Z] moved to OPEN state
2021-02-04 10:26:34,176 [EventQueue-OpenPipelineForHealthyPipelineSafeModeRule] INFO  safemode.SCMSafeModeManager (HealthyPipelineSafeModeRule.java:process(128)) - SCM in safe mode. Healthy pipelines reported count is 0, required healthy pipeline reported count is 1
2021-02-04 10:26:34,176 [pool-191-thread-1] INFO  ratis.ContainerStateMachine (ContainerStateMachine.java:loadSnapshot(223)) - group-287E0F896909: The snapshot info is null. Setting the last applied indexto:(t:0, i:~)
2021-02-04 10:26:34,177 [pool-191-thread-1] ERROR storage.RaftStorage (RaftStorageImpl.java:readRaftConfiguration(147)) - Failed reading configuration from file:/github/workspace/mnt/ozone/hadoop-ozone/integration-test/target/test-dir/MiniOzoneClusterImpl-8a71bc08-f84f-4acb-943b-12476b4f0d69/datanode-2/data/ratis/c0020f1a-7958-46bf-8048-287e0f896909/current/raft-meta.conf
java.io.FileNotFoundException: /github/workspace/mnt/ozone/hadoop-ozone/integration-test/target/test-dir/MiniOzoneClusterImpl-8a71bc08-f84f-4acb-943b-12476b4f0d69/datanode-2/data/ratis/c0020f1a-7958-46bf-8048-287e0f896909/current/raft-meta.conf (No such file or directory)
	at java.io.FileInputStream.open0(Native Method)
	at java.io.FileInputStream.open(FileInputStream.java:195)
	at java.io.FileInputStream.<init>(FileInputStream.java:138)
	at org.apache.ratis.server.storage.RaftStorageImpl.readRaftConfiguration(RaftStorageImpl.java:143)
	at org.apache.ratis.server.impl.ServerState.<init>(ServerState.java:122)
	at org.apache.ratis.server.impl.RaftServerImpl.<init>(RaftServerImpl.java:193)
	at org.apache.ratis.server.impl.RaftServerProxy.lambda$newRaftServerImpl$4(RaftServerProxy.java:266)
	at java.util.concurrent.CompletableFuture$AsyncSupply.run(CompletableFuture.java:1604)
	at java.util.concurrent.ThreadPoolExecutor.runWorker(ThreadPoolExecutor.java:1149)
	at java.util.concurrent.ThreadPoolExecutor$Worker.run(ThreadPoolExecutor.java:624)
	at java.lang.Thread.run(Thread.java:748)
2021-02-04 10:26:34,177 [pool-191-thread-1] INFO  server.RaftServerConfigKeys (ConfUtils.java:logGet(44)) - raft.server.notification.no-leader.timeout = 300s (custom)
2021-02-04 10:26:34,177 [pool-191-thread-1] INFO  server.RaftServerConfigKeys (ConfUtils.java:logGet(44)) - raft.server.log.use.memory = false (default)
2021-02-04 10:26:34,177 [pool-191-thread-1] INFO  server.RaftServerConfigKeys (ConfUtils.java:logGet(44)) - raft.server.log.purge.gap = 1000000 (custom)
2021-02-04 10:26:34,177 [pool-191-thread-1] INFO  server.RaftServerConfigKeys (ConfUtils.java:logGet(44)) - raft.server.log.appender.buffer.byte-limit = 33554432 (custom)
2021-02-04 10:26:34,177 [pool-191-thread-1] INFO  metrics.RatisMetrics (RatisMetrics.java:lambda$create$0(36)) - Creating Metrics Registry : ratis.log_worker.fdb3e943-d8be-440f-921f-162f76ce2c35@group-287E0F896909
2021-02-04 10:26:34,178 [pool-191-thread-1] INFO  server.RaftServerConfigKeys (ConfUtils.java:logGet(44)) - raft.server.log.segment.size.max = 1048576 (custom)
2021-02-04 10:26:34,178 [pool-191-thread-1] INFO  server.RaftServerConfigKeys (ConfUtils.java:logGet(44)) - raft.server.log.segment.cache.num.max = 2 (custom)
2021-02-04 10:26:34,178 [pool-191-thread-1] INFO  server.RaftServerConfigKeys (ConfUtils.java:logGet(44)) - raft.server.log.segment.cache.size.max = 200MB (=209715200) (default)
2021-02-04 10:26:34,178 [pool-191-thread-1] INFO  segmented.SegmentedRaftLogWorker (SegmentedRaftLogWorker.java:<init>(181)) - new fdb3e943-d8be-440f-921f-162f76ce2c35@group-287E0F896909-SegmentedRaftLogWorker for RaftStorageImpl:Storage Directory /github/workspace/mnt/ozone/hadoop-ozone/integration-test/target/test-dir/MiniOzoneClusterImpl-8a71bc08-f84f-4acb-943b-12476b4f0d69/datanode-2/data/ratis/c0020f1a-7958-46bf-8048-287e0f896909
2021-02-04 10:26:34,178 [pool-191-thread-1] INFO  server.RaftServerConfigKeys (ConfUtils.java:logGet(44)) - raft.server.log.queue.byte-limit = 2147483647 (custom)
2021-02-04 10:26:34,178 [pool-191-thread-1] INFO  server.RaftServerConfigKeys (ConfUtils.java:logGet(44)) - raft.server.log.queue.element-limit = 1024 (custom)
2021-02-04 10:26:34,178 [pool-191-thread-1] INFO  server.RaftServerConfigKeys (ConfUtils.java:logGet(44)) - raft.server.log.segment.size.max = 1048576 (custom)
2021-02-04 10:26:34,178 [pool-191-thread-1] INFO  server.RaftServerConfigKeys (ConfUtils.java:logGet(44)) - raft.server.log.preallocated.size = 16384 (custom)
2021-02-04 10:26:34,178 [pool-191-thread-1] INFO  server.RaftServerConfigKeys (ConfUtils.java:logGet(44)) - raft.server.log.force.sync.num = 128 (default)
2021-02-04 10:26:34,179 [pool-191-thread-1] INFO  server.RaftServerConfigKeys (ConfUtils.java:logGet(44)) - raft.server.log.statemachine.data.sync = true (default)
2021-02-04 10:26:34,179 [pool-191-thread-1] INFO  server.RaftServerConfigKeys (ConfUtils.java:logGet(44)) - raft.server.log.statemachine.data.sync.timeout = 10s (default)
2021-02-04 10:26:34,179 [pool-191-thread-1] INFO  server.RaftServerConfigKeys (ConfUtils.java:logGet(44)) - raft.server.log.statemachine.data.sync.timeout.retry = -1 (default)
2021-02-04 10:26:34,180 [pool-191-thread-1] INFO  server.RaftServerConfigKeys (ConfUtils.java:logGet(44)) - raft.server.log.write.buffer.size = 1048576 (custom)
2021-02-04 10:26:34,180 [pool-191-thread-1] INFO  server.RaftServerConfigKeys (ConfUtils.java:logGet(44)) - raft.server.log.statemachine.data.caching.enabled = true (custom)
2021-02-04 10:26:34,180 [pool-191-thread-1] INFO  segmented.SegmentedRaftLogWorker (SegmentedRaftLogWorker.java:lambda$new$0(132)) - fdb3e943-d8be-440f-921f-162f76ce2c35@group-287E0F896909-SegmentedRaftLogWorker: flushIndex: setUnconditionally 0 -> -1
2021-02-04 10:26:34,180 [pool-191-thread-1] INFO  segmented.SegmentedRaftLogWorker (SegmentedRaftLogWorker.java:lambda$new$0(132)) - fdb3e943-d8be-440f-921f-162f76ce2c35@group-287E0F896909-SegmentedRaftLogWorker: safeCacheEvictIndex: setUnconditionally 0 -> -1
2021-02-04 10:26:34,180 [pool-191-thread-1] INFO  server.RaftServerConfigKeys (ConfUtils.java:logGet(44)) - raft.server.snapshot.auto.trigger.enabled = true (custom)
2021-02-04 10:26:34,180 [pool-191-thread-1] INFO  server.RaftServerConfigKeys (ConfUtils.java:logGet(44)) - raft.server.snapshot.auto.trigger.threshold = 10000 (custom)
2021-02-04 10:26:34,180 [pool-191-thread-1] INFO  server.RaftServerConfigKeys (ConfUtils.java:logGet(44)) - raft.server.snapshot.retention.file.num = 5 (custom)
2021-02-04 10:26:34,180 [pool-191-thread-1] INFO  server.RaftServerConfigKeys (ConfUtils.java:logGet(44)) - raft.server.log.purge.upto.snapshot.index = false (default)
2021-02-04 10:26:34,180 [pool-191-thread-1] INFO  server.RaftServerConfigKeys (ConfUtils.java:logGet(44)) - raft.server.retrycache.expirytime = 600000ms (custom)
2021-02-04 10:26:34,181 [pool-191-thread-1] INFO  server.RaftServerConfigKeys (ConfUtils.java:logGet(44)) - raft.server.retrycache.statistics.expirytime = 100?s (default)
2021-02-04 10:26:34,181 [pool-191-thread-1] INFO  metrics.RatisMetrics (RatisMetrics.java:lambda$create$0(36)) - Creating Metrics Registry : ratis.leader_election.fdb3e943-d8be-440f-921f-162f76ce2c35@group-287E0F896909
2021-02-04 10:26:34,181 [pool-191-thread-1] INFO  metrics.RatisMetrics (RatisMetrics.java:lambda$create$0(36)) - Creating Metrics Registry : ratis.server.fdb3e943-d8be-440f-921f-162f76ce2c35@group-287E0F896909
2021-02-04 10:26:34,182 [pool-191-thread-1] INFO  server.RaftServer$Division (RaftServerImpl.java:start(295)) - fdb3e943-d8be-440f-921f-162f76ce2c35@group-287E0F896909: start as a follower, conf=-1: [fdb3e943-d8be-440f-921f-162f76ce2c35|rpc:172.17.0.2:42057|priority:1], old=null
2021-02-04 10:26:34,182 [pool-191-thread-1] INFO  server.RaftServer$Division (RaftServerImpl.java:setRole(284)) - fdb3e943-d8be-440f-921f-162f76ce2c35@group-287E0F896909: changes role from      null to FOLLOWER at term 0 for startAsFollower
2021-02-04 10:26:34,182 [pool-191-thread-1] INFO  impl.RoleInfo (RoleInfo.java:updateAndGet(130)) - fdb3e943-d8be-440f-921f-162f76ce2c35: start fdb3e943-d8be-440f-921f-162f76ce2c35@group-287E0F896909-FollowerState
2021-02-04 10:26:34,182 [pool-191-thread-1] INFO  util.JmxRegister (JmxRegister.java:tryRegister(44)) - Successfully registered JMX Bean with object name Ratis:service=RaftServer,group=group-287E0F896909,id=fdb3e943-d8be-440f-921f-162f76ce2c35
2021-02-04 10:26:34,182 [pool-191-thread-1] INFO  metrics.RatisMetrics (RatisMetrics.java:lambda$create$0(36)) - Creating Metrics Registry : ratis.state_machine.fdb3e943-d8be-440f-921f-162f76ce2c35@group-287E0F896909
2021-02-04 10:26:34,183 [Command processor thread] INFO  commandhandler.CreatePipelineCommandHandler (CreatePipelineCommandHandler.java:handle(106)) - Created Pipeline RATIS ONE PipelineID=c0020f1a-7958-46bf-8048-287e0f896909.
2021-02-04 10:26:34,691 [EventQueue-PipelineReportForOneReplicaPipelineSafeModeRule] INFO  safemode.SCMSafeModeManager (SCMSafeModeManager.java:validateSafeModeExitRules(214)) - AtleastOneDatanodeReportedRule rule is successfully validated
2021-02-04 10:26:34,691 [EventQueue-OpenPipelineForHealthyPipelineSafeModeRule] INFO  safemode.SCMSafeModeManager (HealthyPipelineSafeModeRule.java:process(128)) - SCM in safe mode. Healthy pipelines reported count is 0, required healthy pipeline reported count is 1
2021-02-04 10:26:34,866 [EventQueue-OpenPipelineForHealthyPipelineSafeModeRule] INFO  safemode.SCMSafeModeManager (HealthyPipelineSafeModeRule.java:process(128)) - SCM in safe mode. Healthy pipelines reported count is 0, required healthy pipeline reported count is 1
2021-02-04 10:26:34,866 [EventQueue-PipelineReportForOneReplicaPipelineSafeModeRule] INFO  safemode.SCMSafeModeManager (SCMSafeModeManager.java:validateSafeModeExitRules(214)) - AtleastOneDatanodeReportedRule rule is successfully validated
2021-02-04 10:26:35,163 [Listener at 127.0.0.1/36545] INFO  ozone.MiniOzoneClusterImpl (MiniOzoneClusterImpl.java:lambda$waitForClusterToBeReady$0(179)) - Nodes are ready. Got 3 of 3 DN Heartbeats.
2021-02-04 10:26:35,163 [Listener at 127.0.0.1/36545] INFO  ozone.MiniOzoneClusterImpl (MiniOzoneClusterImpl.java:lambda$waitForClusterToBeReady$0(182)) - Waiting for cluster to exit safe mode
2021-02-04 10:26:35,175 [EventQueue-PipelineReportForOneReplicaPipelineSafeModeRule] INFO  safemode.SCMSafeModeManager (SCMSafeModeManager.java:validateSafeModeExitRules(214)) - AtleastOneDatanodeReportedRule rule is successfully validated
2021-02-04 10:26:35,175 [EventQueue-OpenPipelineForHealthyPipelineSafeModeRule] INFO  safemode.SCMSafeModeManager (HealthyPipelineSafeModeRule.java:process(128)) - SCM in safe mode. Healthy pipelines reported count is 0, required healthy pipeline reported count is 1
2021-02-04 10:26:35,691 [EventQueue-PipelineReportForOneReplicaPipelineSafeModeRule] INFO  safemode.SCMSafeModeManager (SCMSafeModeManager.java:validateSafeModeExitRules(214)) - AtleastOneDatanodeReportedRule rule is successfully validated
2021-02-04 10:26:35,692 [EventQueue-OpenPipelineForHealthyPipelineSafeModeRule] INFO  safemode.SCMSafeModeManager (HealthyPipelineSafeModeRule.java:process(128)) - SCM in safe mode. Healthy pipelines reported count is 0, required healthy pipeline reported count is 1
2021-02-04 10:26:35,866 [EventQueue-PipelineReportForOneReplicaPipelineSafeModeRule] INFO  safemode.SCMSafeModeManager (SCMSafeModeManager.java:validateSafeModeExitRules(214)) - AtleastOneDatanodeReportedRule rule is successfully validated
2021-02-04 10:26:35,866 [EventQueue-OpenPipelineForHealthyPipelineSafeModeRule] INFO  safemode.SCMSafeModeManager (HealthyPipelineSafeModeRule.java:process(128)) - SCM in safe mode. Healthy pipelines reported count is 0, required healthy pipeline reported count is 1
2021-02-04 10:26:36,163 [Listener at 127.0.0.1/36545] INFO  ozone.MiniOzoneClusterImpl (MiniOzoneClusterImpl.java:lambda$waitForClusterToBeReady$0(179)) - Nodes are ready. Got 3 of 3 DN Heartbeats.
2021-02-04 10:26:36,163 [Listener at 127.0.0.1/36545] INFO  ozone.MiniOzoneClusterImpl (MiniOzoneClusterImpl.java:lambda$waitForClusterToBeReady$0(182)) - Waiting for cluster to exit safe mode
2021-02-04 10:26:36,175 [EventQueue-PipelineReportForOneReplicaPipelineSafeModeRule] INFO  safemode.SCMSafeModeManager (SCMSafeModeManager.java:validateSafeModeExitRules(214)) - AtleastOneDatanodeReportedRule rule is successfully validated
2021-02-04 10:26:36,176 [EventQueue-OpenPipelineForHealthyPipelineSafeModeRule] INFO  safemode.SCMSafeModeManager (HealthyPipelineSafeModeRule.java:process(128)) - SCM in safe mode. Healthy pipelines reported count is 0, required healthy pipeline reported count is 1
2021-02-04 10:26:36,692 [EventQueue-PipelineReportForOneReplicaPipelineSafeModeRule] INFO  safemode.SCMSafeModeManager (SCMSafeModeManager.java:validateSafeModeExitRules(214)) - AtleastOneDatanodeReportedRule rule is successfully validated
2021-02-04 10:26:36,693 [EventQueue-OpenPipelineForHealthyPipelineSafeModeRule] INFO  safemode.SCMSafeModeManager (HealthyPipelineSafeModeRule.java:process(128)) - SCM in safe mode. Healthy pipelines reported count is 0, required healthy pipeline reported count is 1
2021-02-04 10:26:36,867 [EventQueue-PipelineReportForOneReplicaPipelineSafeModeRule] INFO  safemode.SCMSafeModeManager (SCMSafeModeManager.java:validateSafeModeExitRules(214)) - AtleastOneDatanodeReportedRule rule is successfully validated
2021-02-04 10:26:36,867 [EventQueue-OpenPipelineForHealthyPipelineSafeModeRule] INFO  safemode.SCMSafeModeManager (HealthyPipelineSafeModeRule.java:process(128)) - SCM in safe mode. Healthy pipelines reported count is 0, required healthy pipeline reported count is 1
2021-02-04 10:26:37,163 [Listener at 127.0.0.1/36545] INFO  ozone.MiniOzoneClusterImpl (MiniOzoneClusterImpl.java:lambda$waitForClusterToBeReady$0(179)) - Nodes are ready. Got 3 of 3 DN Heartbeats.
2021-02-04 10:26:37,164 [Listener at 127.0.0.1/36545] INFO  ozone.MiniOzoneClusterImpl (MiniOzoneClusterImpl.java:lambda$waitForClusterToBeReady$0(182)) - Waiting for cluster to exit safe mode
2021-02-04 10:26:37,176 [EventQueue-PipelineReportForOneReplicaPipelineSafeModeRule] INFO  safemode.SCMSafeModeManager (SCMSafeModeManager.java:validateSafeModeExitRules(214)) - AtleastOneDatanodeReportedRule rule is successfully validated
2021-02-04 10:26:37,176 [EventQueue-OpenPipelineForHealthyPipelineSafeModeRule] INFO  safemode.SCMSafeModeManager (HealthyPipelineSafeModeRule.java:process(128)) - SCM in safe mode. Healthy pipelines reported count is 0, required healthy pipeline reported count is 1
2021-02-04 10:26:37,692 [EventQueue-PipelineReportForOneReplicaPipelineSafeModeRule] INFO  safemode.SCMSafeModeManager (SCMSafeModeManager.java:validateSafeModeExitRules(214)) - AtleastOneDatanodeReportedRule rule is successfully validated
2021-02-04 10:26:37,694 [EventQueue-OpenPipelineForHealthyPipelineSafeModeRule] INFO  safemode.SCMSafeModeManager (HealthyPipelineSafeModeRule.java:process(128)) - SCM in safe mode. Healthy pipelines reported count is 0, required healthy pipeline reported count is 1
2021-02-04 10:26:37,867 [EventQueue-PipelineReportForOneReplicaPipelineSafeModeRule] INFO  safemode.SCMSafeModeManager (SCMSafeModeManager.java:validateSafeModeExitRules(214)) - AtleastOneDatanodeReportedRule rule is successfully validated
2021-02-04 10:26:37,868 [EventQueue-OpenPipelineForHealthyPipelineSafeModeRule] INFO  safemode.SCMSafeModeManager (HealthyPipelineSafeModeRule.java:process(128)) - SCM in safe mode. Healthy pipelines reported count is 0, required healthy pipeline reported count is 1
2021-02-04 10:26:38,164 [Listener at 127.0.0.1/36545] INFO  ozone.MiniOzoneClusterImpl (MiniOzoneClusterImpl.java:lambda$waitForClusterToBeReady$0(179)) - Nodes are ready. Got 3 of 3 DN Heartbeats.
2021-02-04 10:26:38,164 [Listener at 127.0.0.1/36545] INFO  ozone.MiniOzoneClusterImpl (MiniOzoneClusterImpl.java:lambda$waitForClusterToBeReady$0(182)) - Waiting for cluster to exit safe mode
2021-02-04 10:26:38,176 [EventQueue-OpenPipelineForHealthyPipelineSafeModeRule] INFO  safemode.SCMSafeModeManager (HealthyPipelineSafeModeRule.java:process(128)) - SCM in safe mode. Healthy pipelines reported count is 0, required healthy pipeline reported count is 1
2021-02-04 10:26:38,176 [EventQueue-PipelineReportForOneReplicaPipelineSafeModeRule] INFO  safemode.SCMSafeModeManager (SCMSafeModeManager.java:validateSafeModeExitRules(214)) - AtleastOneDatanodeReportedRule rule is successfully validated
2021-02-04 10:26:38,693 [EventQueue-OpenPipelineForHealthyPipelineSafeModeRule] INFO  safemode.SCMSafeModeManager (HealthyPipelineSafeModeRule.java:process(128)) - SCM in safe mode. Healthy pipelines reported count is 0, required healthy pipeline reported count is 1
2021-02-04 10:26:38,693 [EventQueue-PipelineReportForOneReplicaPipelineSafeModeRule] INFO  safemode.SCMSafeModeManager (SCMSafeModeManager.java:validateSafeModeExitRules(214)) - AtleastOneDatanodeReportedRule rule is successfully validated
2021-02-04 10:26:38,790 [Thread-570] INFO  impl.FollowerState (FollowerState.java:run(133)) - 2f878777-950a-4a0a-bcd5-5efd0c9eb4b8@group-DCC2209809C3-FollowerState: change to CANDIDATE, lastRpcElapsedTime:5093275883ns, electionTimeout:5090ms
2021-02-04 10:26:38,790 [Thread-570] INFO  impl.RoleInfo (RoleInfo.java:shutdownFollowerState(108)) - 2f878777-950a-4a0a-bcd5-5efd0c9eb4b8: shutdown 2f878777-950a-4a0a-bcd5-5efd0c9eb4b8@group-DCC2209809C3-FollowerState
2021-02-04 10:26:38,791 [Thread-570] INFO  server.RaftServer$Division (RaftServerImpl.java:setRole(284)) - 2f878777-950a-4a0a-bcd5-5efd0c9eb4b8@group-DCC2209809C3: changes role from  FOLLOWER to CANDIDATE at term 0 for changeToCandidate
2021-02-04 10:26:38,791 [Thread-570] INFO  server.RaftServerConfigKeys (ConfUtils.java:logGet(44)) - raft.server.leaderelection.pre-vote = false (custom)
2021-02-04 10:26:38,791 [Thread-570] INFO  impl.RoleInfo (RoleInfo.java:updateAndGet(130)) - 2f878777-950a-4a0a-bcd5-5efd0c9eb4b8: start 2f878777-950a-4a0a-bcd5-5efd0c9eb4b8@group-DCC2209809C3-LeaderElection10
2021-02-04 10:26:38,794 [2f878777-950a-4a0a-bcd5-5efd0c9eb4b8@group-DCC2209809C3-LeaderElection10] INFO  impl.LeaderElection (LeaderElection.java:askForVotes(307)) - 2f878777-950a-4a0a-bcd5-5efd0c9eb4b8@group-DCC2209809C3-LeaderElection10 ELECTION round 0: submit vote requests at term 1 for -1: [fdb3e943-d8be-440f-921f-162f76ce2c35|rpc:172.17.0.2:42057|priority:0, c2078e43-4e37-4d9c-99b0-bc0ef86d7b58|rpc:172.17.0.2:41803|priority:1, 2f878777-950a-4a0a-bcd5-5efd0c9eb4b8|rpc:172.17.0.2:43707|priority:0], old=null
2021-02-04 10:26:38,802 [grpc-default-executor-2] INFO  server.RaftServer$Division (RaftServerImpl.java:requestVote(1025)) - fdb3e943-d8be-440f-921f-162f76ce2c35@group-DCC2209809C3: receive requestVote(ELECTION, 2f878777-950a-4a0a-bcd5-5efd0c9eb4b8, group-DCC2209809C3, 1, (t:0, i:0))
2021-02-04 10:26:38,802 [grpc-default-executor-2] INFO  impl.VoteContext (VoteContext.java:log(48)) - fdb3e943-d8be-440f-921f-162f76ce2c35@group-DCC2209809C3-FOLLOWER: accept ELECTION from 2f878777-950a-4a0a-bcd5-5efd0c9eb4b8: our priority 0 <= candidate's priority 0
2021-02-04 10:26:38,802 [grpc-default-executor-2] INFO  server.RaftServer$Division (RaftServerImpl.java:setRole(284)) - fdb3e943-d8be-440f-921f-162f76ce2c35@group-DCC2209809C3: changes role from  FOLLOWER to FOLLOWER at term 1 for candidate:2f878777-950a-4a0a-bcd5-5efd0c9eb4b8
2021-02-04 10:26:38,802 [grpc-default-executor-2] INFO  impl.RoleInfo (RoleInfo.java:shutdownFollowerState(108)) - fdb3e943-d8be-440f-921f-162f76ce2c35: shutdown fdb3e943-d8be-440f-921f-162f76ce2c35@group-DCC2209809C3-FollowerState
2021-02-04 10:26:38,802 [grpc-default-executor-2] INFO  impl.RoleInfo (RoleInfo.java:updateAndGet(130)) - fdb3e943-d8be-440f-921f-162f76ce2c35: start fdb3e943-d8be-440f-921f-162f76ce2c35@group-DCC2209809C3-FollowerState
2021-02-04 10:26:38,802 [Thread-575] INFO  impl.FollowerState (FollowerState.java:run(142)) - fdb3e943-d8be-440f-921f-162f76ce2c35@group-DCC2209809C3-FollowerState was interrupted: {}
java.lang.InterruptedException: sleep interrupted
	at java.lang.Thread.sleep(Native Method)
	at java.lang.Thread.sleep(Thread.java:340)
	at java.util.concurrent.TimeUnit.sleep(TimeUnit.java:386)
	at org.apache.ratis.util.TimeDuration.sleep(TimeDuration.java:324)
	at org.apache.ratis.util.TimeDuration.sleep(TimeDuration.java:309)
	at org.apache.ratis.server.impl.FollowerState.run(FollowerState.java:117)
2021-02-04 10:26:38,806 [grpc-default-executor-2] INFO  server.RaftServer$Division (RaftServerImpl.java:requestVote(1057)) - fdb3e943-d8be-440f-921f-162f76ce2c35@group-DCC2209809C3 replies to ELECTION vote request: 2f878777-950a-4a0a-bcd5-5efd0c9eb4b8<-fdb3e943-d8be-440f-921f-162f76ce2c35#0:OK-t1. Peer's state: fdb3e943-d8be-440f-921f-162f76ce2c35@group-DCC2209809C3:t1, leader=null, voted=2f878777-950a-4a0a-bcd5-5efd0c9eb4b8, raftlog=fdb3e943-d8be-440f-921f-162f76ce2c35@group-DCC2209809C3-SegmentedRaftLog:OPENED:c-1,f-1,i0, conf=-1: [fdb3e943-d8be-440f-921f-162f76ce2c35|rpc:172.17.0.2:42057|admin:|client:|dataStream:|priority:0, c2078e43-4e37-4d9c-99b0-bc0ef86d7b58|rpc:172.17.0.2:41803|admin:|client:|dataStream:|priority:1, 2f878777-950a-4a0a-bcd5-5efd0c9eb4b8|rpc:172.17.0.2:43707|admin:|client:|dataStream:|priority:0], old=null
2021-02-04 10:26:38,811 [grpc-default-executor-2] INFO  server.RaftServer$Division (RaftServerImpl.java:requestVote(1025)) - c2078e43-4e37-4d9c-99b0-bc0ef86d7b58@group-DCC2209809C3: receive requestVote(ELECTION, 2f878777-950a-4a0a-bcd5-5efd0c9eb4b8, group-DCC2209809C3, 1, (t:0, i:0))
2021-02-04 10:26:38,811 [grpc-default-executor-2] INFO  impl.VoteContext (VoteContext.java:log(48)) - c2078e43-4e37-4d9c-99b0-bc0ef86d7b58@group-DCC2209809C3-FOLLOWER: reject ELECTION from 2f878777-950a-4a0a-bcd5-5efd0c9eb4b8: our priority 1 > candidate's priority 0
2021-02-04 10:26:38,811 [grpc-default-executor-2] INFO  server.RaftServer$Division (RaftServerImpl.java:setRole(284)) - c2078e43-4e37-4d9c-99b0-bc0ef86d7b58@group-DCC2209809C3: changes role from  FOLLOWER to FOLLOWER at term 1 for candidate:2f878777-950a-4a0a-bcd5-5efd0c9eb4b8
2021-02-04 10:26:38,811 [grpc-default-executor-2] INFO  impl.RoleInfo (RoleInfo.java:shutdownFollowerState(108)) - c2078e43-4e37-4d9c-99b0-bc0ef86d7b58: shutdown c2078e43-4e37-4d9c-99b0-bc0ef86d7b58@group-DCC2209809C3-FollowerState
2021-02-04 10:26:38,811 [grpc-default-executor-2] INFO  impl.RoleInfo (RoleInfo.java:updateAndGet(130)) - c2078e43-4e37-4d9c-99b0-bc0ef86d7b58: start c2078e43-4e37-4d9c-99b0-bc0ef86d7b58@group-DCC2209809C3-FollowerState
2021-02-04 10:26:38,811 [Thread-572] INFO  impl.FollowerState (FollowerState.java:run(142)) - c2078e43-4e37-4d9c-99b0-bc0ef86d7b58@group-DCC2209809C3-FollowerState was interrupted: {}
java.lang.InterruptedException: sleep interrupted
	at java.lang.Thread.sleep(Native Method)
	at java.lang.Thread.sleep(Thread.java:340)
	at java.util.concurrent.TimeUnit.sleep(TimeUnit.java:386)
	at org.apache.ratis.util.TimeDuration.sleep(TimeDuration.java:324)
	at org.apache.ratis.util.TimeDuration.sleep(TimeDuration.java:309)
	at org.apache.ratis.server.impl.FollowerState.run(FollowerState.java:117)
2021-02-04 10:26:38,816 [grpc-default-executor-2] INFO  server.RaftServer$Division (RaftServerImpl.java:requestVote(1057)) - c2078e43-4e37-4d9c-99b0-bc0ef86d7b58@group-DCC2209809C3 replies to ELECTION vote request: 2f878777-950a-4a0a-bcd5-5efd0c9eb4b8<-c2078e43-4e37-4d9c-99b0-bc0ef86d7b58#0:FAIL-t1. Peer's state: c2078e43-4e37-4d9c-99b0-bc0ef86d7b58@group-DCC2209809C3:t1, leader=null, voted=null, raftlog=c2078e43-4e37-4d9c-99b0-bc0ef86d7b58@group-DCC2209809C3-SegmentedRaftLog:OPENED:c-1,f-1,i0, conf=-1: [fdb3e943-d8be-440f-921f-162f76ce2c35|rpc:172.17.0.2:42057|admin:|client:|dataStream:|priority:0, c2078e43-4e37-4d9c-99b0-bc0ef86d7b58|rpc:172.17.0.2:41803|admin:|client:|dataStream:|priority:1, 2f878777-950a-4a0a-bcd5-5efd0c9eb4b8|rpc:172.17.0.2:43707|admin:|client:|dataStream:|priority:0], old=null
2021-02-04 10:26:38,818 [2f878777-950a-4a0a-bcd5-5efd0c9eb4b8@group-DCC2209809C3-LeaderElection10] INFO  impl.LeaderElection (LeaderElection.java:logAndReturn(89)) - 2f878777-950a-4a0a-bcd5-5efd0c9eb4b8@group-DCC2209809C3-LeaderElection10: ELECTION REJECTED received 2 response(s) and 0 exception(s):
2021-02-04 10:26:38,818 [2f878777-950a-4a0a-bcd5-5efd0c9eb4b8@group-DCC2209809C3-LeaderElection10] INFO  impl.LeaderElection (LeaderElection.java:logAndReturn(93)) -   Response 0: 2f878777-950a-4a0a-bcd5-5efd0c9eb4b8<-fdb3e943-d8be-440f-921f-162f76ce2c35#0:OK-t1
2021-02-04 10:26:38,818 [2f878777-950a-4a0a-bcd5-5efd0c9eb4b8@group-DCC2209809C3-LeaderElection10] INFO  impl.LeaderElection (LeaderElection.java:logAndReturn(93)) -   Response 1: 2f878777-950a-4a0a-bcd5-5efd0c9eb4b8<-c2078e43-4e37-4d9c-99b0-bc0ef86d7b58#0:FAIL-t1
2021-02-04 10:26:38,818 [2f878777-950a-4a0a-bcd5-5efd0c9eb4b8@group-DCC2209809C3-LeaderElection10] INFO  impl.LeaderElection (LeaderElection.java:askForVotes(309)) - 2f878777-950a-4a0a-bcd5-5efd0c9eb4b8@group-DCC2209809C3-LeaderElection10 ELECTION round 0: result REJECTED
2021-02-04 10:26:38,818 [2f878777-950a-4a0a-bcd5-5efd0c9eb4b8@group-DCC2209809C3-LeaderElection10] INFO  server.RaftServer$Division (RaftServerImpl.java:setRole(284)) - 2f878777-950a-4a0a-bcd5-5efd0c9eb4b8@group-DCC2209809C3: changes role from CANDIDATE to FOLLOWER at term 1 for REJECTED
2021-02-04 10:26:38,818 [2f878777-950a-4a0a-bcd5-5efd0c9eb4b8@group-DCC2209809C3-LeaderElection10] INFO  impl.RoleInfo (RoleInfo.java:shutdownLeaderElection(121)) - 2f878777-950a-4a0a-bcd5-5efd0c9eb4b8: shutdown 2f878777-950a-4a0a-bcd5-5efd0c9eb4b8@group-DCC2209809C3-LeaderElection10
2021-02-04 10:26:38,818 [2f878777-950a-4a0a-bcd5-5efd0c9eb4b8@group-DCC2209809C3-LeaderElection10] INFO  impl.RoleInfo (RoleInfo.java:updateAndGet(130)) - 2f878777-950a-4a0a-bcd5-5efd0c9eb4b8: start 2f878777-950a-4a0a-bcd5-5efd0c9eb4b8@group-DCC2209809C3-FollowerState
2021-02-04 10:26:38,866 [Thread-568] INFO  impl.FollowerState (FollowerState.java:run(133)) - 2f878777-950a-4a0a-bcd5-5efd0c9eb4b8@group-45E52E19AA98-FollowerState: change to CANDIDATE, lastRpcElapsedTime:5185293979ns, electionTimeout:5183ms
2021-02-04 10:26:38,867 [Thread-568] INFO  impl.RoleInfo (RoleInfo.java:shutdownFollowerState(108)) - 2f878777-950a-4a0a-bcd5-5efd0c9eb4b8: shutdown 2f878777-950a-4a0a-bcd5-5efd0c9eb4b8@group-45E52E19AA98-FollowerState
2021-02-04 10:26:38,867 [Thread-568] INFO  server.RaftServer$Division (RaftServerImpl.java:setRole(284)) - 2f878777-950a-4a0a-bcd5-5efd0c9eb4b8@group-45E52E19AA98: changes role from  FOLLOWER to CANDIDATE at term 0 for changeToCandidate
2021-02-04 10:26:38,868 [Thread-568] INFO  server.RaftServerConfigKeys (ConfUtils.java:logGet(44)) - raft.server.leaderelection.pre-vote = false (custom)
2021-02-04 10:26:38,868 [Thread-568] INFO  impl.RoleInfo (RoleInfo.java:updateAndGet(130)) - 2f878777-950a-4a0a-bcd5-5efd0c9eb4b8: start 2f878777-950a-4a0a-bcd5-5efd0c9eb4b8@group-45E52E19AA98-LeaderElection11
2021-02-04 10:26:38,868 [EventQueue-PipelineReportForOneReplicaPipelineSafeModeRule] INFO  safemode.SCMSafeModeManager (SCMSafeModeManager.java:validateSafeModeExitRules(214)) - AtleastOneDatanodeReportedRule rule is successfully validated
2021-02-04 10:26:38,868 [EventQueue-OpenPipelineForHealthyPipelineSafeModeRule] INFO  safemode.SCMSafeModeManager (HealthyPipelineSafeModeRule.java:process(128)) - SCM in safe mode. Healthy pipelines reported count is 0, required healthy pipeline reported count is 1
2021-02-04 10:26:38,871 [2f878777-950a-4a0a-bcd5-5efd0c9eb4b8@group-45E52E19AA98-LeaderElection11] INFO  impl.LeaderElection (LeaderElection.java:askForVotes(307)) - 2f878777-950a-4a0a-bcd5-5efd0c9eb4b8@group-45E52E19AA98-LeaderElection11 ELECTION round 0: submit vote requests at term 1 for -1: [2f878777-950a-4a0a-bcd5-5efd0c9eb4b8|rpc:172.17.0.2:43707|priority:1], old=null
2021-02-04 10:26:38,871 [2f878777-950a-4a0a-bcd5-5efd0c9eb4b8@group-45E52E19AA98-LeaderElection11] INFO  impl.LeaderElection (LeaderElection.java:askForVotes(309)) - 2f878777-950a-4a0a-bcd5-5efd0c9eb4b8@group-45E52E19AA98-LeaderElection11 ELECTION round 0: result PASSED (term=1)
2021-02-04 10:26:38,871 [2f878777-950a-4a0a-bcd5-5efd0c9eb4b8@group-45E52E19AA98-LeaderElection11] INFO  impl.RoleInfo (RoleInfo.java:shutdownLeaderElection(121)) - 2f878777-950a-4a0a-bcd5-5efd0c9eb4b8: shutdown 2f878777-950a-4a0a-bcd5-5efd0c9eb4b8@group-45E52E19AA98-LeaderElection11
2021-02-04 10:26:38,871 [2f878777-950a-4a0a-bcd5-5efd0c9eb4b8@group-45E52E19AA98-LeaderElection11] INFO  server.RaftServer$Division (RaftServerImpl.java:setRole(284)) - 2f878777-950a-4a0a-bcd5-5efd0c9eb4b8@group-45E52E19AA98: changes role from CANDIDATE to LEADER at term 1 for changeToLeader
2021-02-04 10:26:38,871 [2f878777-950a-4a0a-bcd5-5efd0c9eb4b8@group-45E52E19AA98-LeaderElection11] INFO  ratis.XceiverServerRatis (XceiverServerRatis.java:handleLeaderChangedNotification(871)) - Leader change notification received for group: group-45E52E19AA98 with new leaderId: 2f878777-950a-4a0a-bcd5-5efd0c9eb4b8
2021-02-04 10:26:38,871 [2f878777-950a-4a0a-bcd5-5efd0c9eb4b8@group-45E52E19AA98-LeaderElection11] INFO  server.RaftServer$Division (ServerState.java:setLeader(271)) - 2f878777-950a-4a0a-bcd5-5efd0c9eb4b8@group-45E52E19AA98: change Leader from null to 2f878777-950a-4a0a-bcd5-5efd0c9eb4b8 at term 1 for becomeLeader, leader elected after 5204ms
2021-02-04 10:26:38,871 [2f878777-950a-4a0a-bcd5-5efd0c9eb4b8@group-45E52E19AA98-LeaderElection11] INFO  server.RaftServerConfigKeys (ConfUtils.java:logGet(44)) - raft.server.staging.catchup.gap = 1000 (default)
2021-02-04 10:26:38,871 [2f878777-950a-4a0a-bcd5-5efd0c9eb4b8@group-45E52E19AA98-LeaderElection11] INFO  metrics.RatisMetrics (RatisMetrics.java:lambda$create$0(36)) - Creating Metrics Registry : ratis.log_appender.2f878777-950a-4a0a-bcd5-5efd0c9eb4b8@group-45E52E19AA98
2021-02-04 10:26:38,871 [2f878777-950a-4a0a-bcd5-5efd0c9eb4b8@group-45E52E19AA98-LeaderElection11] INFO  server.RaftServerConfigKeys (ConfUtils.java:logGet(44)) - raft.server.write.element-limit = 1024 (custom)
2021-02-04 10:26:38,871 [2f878777-950a-4a0a-bcd5-5efd0c9eb4b8@group-45E52E19AA98-LeaderElection11] INFO  server.RaftServerConfigKeys (ConfUtils.java:logGet(44)) - raft.server.write.byte-limit = 1073741824 (custom)
2021-02-04 10:26:38,872 [2f878777-950a-4a0a-bcd5-5efd0c9eb4b8@group-45E52E19AA98-LeaderElection11] INFO  server.RaftServerConfigKeys (ConfUtils.java:logGet(44)) - raft.server.watch.timeout = 180s (custom)
2021-02-04 10:26:38,872 [EventQueue-OpenPipelineForHealthyPipelineSafeModeRule] INFO  safemode.SCMSafeModeManager (HealthyPipelineSafeModeRule.java:process(128)) - SCM in safe mode. Healthy pipelines reported count is 0, required healthy pipeline reported count is 1
2021-02-04 10:26:38,872 [EventQueue-PipelineReportForOneReplicaPipelineSafeModeRule] INFO  safemode.SCMSafeModeManager (SCMSafeModeManager.java:validateSafeModeExitRules(214)) - AtleastOneDatanodeReportedRule rule is successfully validated
2021-02-04 10:26:38,873 [2f878777-950a-4a0a-bcd5-5efd0c9eb4b8@group-45E52E19AA98-LeaderElection11] INFO  server.RaftServerConfigKeys (ConfUtils.java:logGet(44)) - raft.server.watch.timeout.denomination = 1s (default)
2021-02-04 10:26:38,874 [2f878777-950a-4a0a-bcd5-5efd0c9eb4b8@group-45E52E19AA98-LeaderElection11] INFO  server.RaftServerConfigKeys (ConfUtils.java:logGet(44)) - raft.server.watch.element-limit = 65536 (default)
2021-02-04 10:26:38,874 [2f878777-950a-4a0a-bcd5-5efd0c9eb4b8@group-45E52E19AA98-LeaderElection11] INFO  impl.RoleInfo (RoleInfo.java:updateAndGet(130)) - 2f878777-950a-4a0a-bcd5-5efd0c9eb4b8: start 2f878777-950a-4a0a-bcd5-5efd0c9eb4b8@group-45E52E19AA98-LeaderStateImpl
2021-02-04 10:26:38,874 [2f878777-950a-4a0a-bcd5-5efd0c9eb4b8@group-45E52E19AA98-LeaderElection11] INFO  segmented.SegmentedRaftLogWorker (SegmentedRaftLogWorker.java:startLogSegment(392)) - 2f878777-950a-4a0a-bcd5-5efd0c9eb4b8@group-45E52E19AA98-SegmentedRaftLogWorker: Starting segment from index:0
2021-02-04 10:26:38,875 [2f878777-950a-4a0a-bcd5-5efd0c9eb4b8@group-45E52E19AA98-SegmentedRaftLogWorker] INFO  segmented.SegmentedRaftLogWorker (SegmentedRaftLogWorker.java:execute(599)) - 2f878777-950a-4a0a-bcd5-5efd0c9eb4b8@group-45E52E19AA98-SegmentedRaftLogWorker: created new log segment /github/workspace/mnt/ozone/hadoop-ozone/integration-test/target/test-dir/MiniOzoneClusterImpl-8a71bc08-f84f-4acb-943b-12476b4f0d69/datanode-0/data/ratis/d2132eb6-bd19-4383-9e4e-45e52e19aa98/current/log_inprogress_0
2021-02-04 10:26:38,876 [2f878777-950a-4a0a-bcd5-5efd0c9eb4b8@group-45E52E19AA98-LeaderElection11] INFO  server.RaftServer$Division (ServerState.java:setRaftConf(373)) - 2f878777-950a-4a0a-bcd5-5efd0c9eb4b8@group-45E52E19AA98: set configuration 0: [2f878777-950a-4a0a-bcd5-5efd0c9eb4b8|rpc:172.17.0.2:43707|admin:|client:|dataStream:|priority:1], old=null
2021-02-04 10:26:38,920 [Thread-578] INFO  impl.FollowerState (FollowerState.java:run(133)) - c2078e43-4e37-4d9c-99b0-bc0ef86d7b58@group-CC0E7A3AFF15-FollowerState: change to CANDIDATE, lastRpcElapsedTime:5043986923ns, electionTimeout:5043ms
2021-02-04 10:26:38,920 [Thread-578] INFO  impl.RoleInfo (RoleInfo.java:shutdownFollowerState(108)) - c2078e43-4e37-4d9c-99b0-bc0ef86d7b58: shutdown c2078e43-4e37-4d9c-99b0-bc0ef86d7b58@group-CC0E7A3AFF15-FollowerState
2021-02-04 10:26:38,920 [Thread-578] INFO  server.RaftServer$Division (RaftServerImpl.java:setRole(284)) - c2078e43-4e37-4d9c-99b0-bc0ef86d7b58@group-CC0E7A3AFF15: changes role from  FOLLOWER to CANDIDATE at term 0 for changeToCandidate
2021-02-04 10:26:38,921 [Thread-578] INFO  server.RaftServerConfigKeys (ConfUtils.java:logGet(44)) - raft.server.leaderelection.pre-vote = false (custom)
2021-02-04 10:26:38,921 [Thread-578] INFO  impl.RoleInfo (RoleInfo.java:updateAndGet(130)) - c2078e43-4e37-4d9c-99b0-bc0ef86d7b58: start c2078e43-4e37-4d9c-99b0-bc0ef86d7b58@group-CC0E7A3AFF15-LeaderElection12
2021-02-04 10:26:38,923 [c2078e43-4e37-4d9c-99b0-bc0ef86d7b58@group-CC0E7A3AFF15-LeaderElection12] INFO  impl.LeaderElection (LeaderElection.java:askForVotes(307)) - c2078e43-4e37-4d9c-99b0-bc0ef86d7b58@group-CC0E7A3AFF15-LeaderElection12 ELECTION round 0: submit vote requests at term 1 for -1: [c2078e43-4e37-4d9c-99b0-bc0ef86d7b58|rpc:172.17.0.2:41803|priority:1], old=null
2021-02-04 10:26:38,924 [c2078e43-4e37-4d9c-99b0-bc0ef86d7b58@group-CC0E7A3AFF15-LeaderElection12] INFO  impl.LeaderElection (LeaderElection.java:askForVotes(309)) - c2078e43-4e37-4d9c-99b0-bc0ef86d7b58@group-CC0E7A3AFF15-LeaderElection12 ELECTION round 0: result PASSED (term=1)
2021-02-04 10:26:38,924 [c2078e43-4e37-4d9c-99b0-bc0ef86d7b58@group-CC0E7A3AFF15-LeaderElection12] INFO  impl.RoleInfo (RoleInfo.java:shutdownLeaderElection(121)) - c2078e43-4e37-4d9c-99b0-bc0ef86d7b58: shutdown c2078e43-4e37-4d9c-99b0-bc0ef86d7b58@group-CC0E7A3AFF15-LeaderElection12
2021-02-04 10:26:38,924 [c2078e43-4e37-4d9c-99b0-bc0ef86d7b58@group-CC0E7A3AFF15-LeaderElection12] INFO  server.RaftServer$Division (RaftServerImpl.java:setRole(284)) - c2078e43-4e37-4d9c-99b0-bc0ef86d7b58@group-CC0E7A3AFF15: changes role from CANDIDATE to LEADER at term 1 for changeToLeader
2021-02-04 10:26:38,924 [c2078e43-4e37-4d9c-99b0-bc0ef86d7b58@group-CC0E7A3AFF15-LeaderElection12] INFO  ratis.XceiverServerRatis (XceiverServerRatis.java:handleLeaderChangedNotification(871)) - Leader change notification received for group: group-CC0E7A3AFF15 with new leaderId: c2078e43-4e37-4d9c-99b0-bc0ef86d7b58
2021-02-04 10:26:38,925 [c2078e43-4e37-4d9c-99b0-bc0ef86d7b58@group-CC0E7A3AFF15-LeaderElection12] INFO  server.RaftServer$Division (ServerState.java:setLeader(271)) - c2078e43-4e37-4d9c-99b0-bc0ef86d7b58@group-CC0E7A3AFF15: change Leader from null to c2078e43-4e37-4d9c-99b0-bc0ef86d7b58 at term 1 for becomeLeader, leader elected after 5056ms
2021-02-04 10:26:38,925 [c2078e43-4e37-4d9c-99b0-bc0ef86d7b58@group-CC0E7A3AFF15-LeaderElection12] INFO  server.RaftServerConfigKeys (ConfUtils.java:logGet(44)) - raft.server.staging.catchup.gap = 1000 (default)
2021-02-04 10:26:38,925 [c2078e43-4e37-4d9c-99b0-bc0ef86d7b58@group-CC0E7A3AFF15-LeaderElection12] INFO  metrics.RatisMetrics (RatisMetrics.java:lambda$create$0(36)) - Creating Metrics Registry : ratis.log_appender.c2078e43-4e37-4d9c-99b0-bc0ef86d7b58@group-CC0E7A3AFF15
2021-02-04 10:26:38,925 [c2078e43-4e37-4d9c-99b0-bc0ef86d7b58@group-CC0E7A3AFF15-LeaderElection12] INFO  server.RaftServerConfigKeys (ConfUtils.java:logGet(44)) - raft.server.write.element-limit = 1024 (custom)
2021-02-04 10:26:38,925 [c2078e43-4e37-4d9c-99b0-bc0ef86d7b58@group-CC0E7A3AFF15-LeaderElection12] INFO  server.RaftServerConfigKeys (ConfUtils.java:logGet(44)) - raft.server.write.byte-limit = 1073741824 (custom)
2021-02-04 10:26:38,926 [c2078e43-4e37-4d9c-99b0-bc0ef86d7b58@group-CC0E7A3AFF15-LeaderElection12] INFO  server.RaftServerConfigKeys (ConfUtils.java:logGet(44)) - raft.server.watch.timeout = 180s (custom)
2021-02-04 10:26:38,927 [c2078e43-4e37-4d9c-99b0-bc0ef86d7b58@group-CC0E7A3AFF15-LeaderElection12] INFO  server.RaftServerConfigKeys (ConfUtils.java:logGet(44)) - raft.server.watch.timeout.denomination = 1s (default)
2021-02-04 10:26:38,927 [EventQueue-OpenPipelineForHealthyPipelineSafeModeRule] INFO  safemode.SCMSafeModeManager (HealthyPipelineSafeModeRule.java:process(128)) - SCM in safe mode. Healthy pipelines reported count is 0, required healthy pipeline reported count is 1
2021-02-04 10:26:38,927 [EventQueue-PipelineReportForOneReplicaPipelineSafeModeRule] INFO  safemode.SCMSafeModeManager (SCMSafeModeManager.java:validateSafeModeExitRules(214)) - AtleastOneDatanodeReportedRule rule is successfully validated
2021-02-04 10:26:38,927 [c2078e43-4e37-4d9c-99b0-bc0ef86d7b58@group-CC0E7A3AFF15-LeaderElection12] INFO  server.RaftServerConfigKeys (ConfUtils.java:logGet(44)) - raft.server.watch.element-limit = 65536 (default)
2021-02-04 10:26:38,931 [c2078e43-4e37-4d9c-99b0-bc0ef86d7b58@group-CC0E7A3AFF15-LeaderElection12] INFO  impl.RoleInfo (RoleInfo.java:updateAndGet(130)) - c2078e43-4e37-4d9c-99b0-bc0ef86d7b58: start c2078e43-4e37-4d9c-99b0-bc0ef86d7b58@group-CC0E7A3AFF15-LeaderStateImpl
2021-02-04 10:26:38,932 [c2078e43-4e37-4d9c-99b0-bc0ef86d7b58@group-CC0E7A3AFF15-LeaderElection12] INFO  segmented.SegmentedRaftLogWorker (SegmentedRaftLogWorker.java:startLogSegment(392)) - c2078e43-4e37-4d9c-99b0-bc0ef86d7b58@group-CC0E7A3AFF15-SegmentedRaftLogWorker: Starting segment from index:0
2021-02-04 10:26:38,933 [c2078e43-4e37-4d9c-99b0-bc0ef86d7b58@group-CC0E7A3AFF15-LeaderElection12] INFO  server.RaftServer$Division (ServerState.java:setRaftConf(373)) - c2078e43-4e37-4d9c-99b0-bc0ef86d7b58@group-CC0E7A3AFF15: set configuration 0: [c2078e43-4e37-4d9c-99b0-bc0ef86d7b58|rpc:172.17.0.2:41803|admin:|client:|dataStream:|priority:1], old=null
2021-02-04 10:26:38,933 [c2078e43-4e37-4d9c-99b0-bc0ef86d7b58@group-CC0E7A3AFF15-SegmentedRaftLogWorker] INFO  segmented.SegmentedRaftLogWorker (SegmentedRaftLogWorker.java:execute(599)) - c2078e43-4e37-4d9c-99b0-bc0ef86d7b58@group-CC0E7A3AFF15-SegmentedRaftLogWorker: created new log segment /github/workspace/mnt/ozone/hadoop-ozone/integration-test/target/test-dir/MiniOzoneClusterImpl-8a71bc08-f84f-4acb-943b-12476b4f0d69/datanode-1/data/ratis/cbeec5d0-ef91-4f06-8521-cc0e7a3aff15/current/log_inprogress_0
2021-02-04 10:26:39,164 [Listener at 127.0.0.1/36545] INFO  ozone.MiniOzoneClusterImpl (MiniOzoneClusterImpl.java:lambda$waitForClusterToBeReady$0(179)) - Nodes are ready. Got 3 of 3 DN Heartbeats.
2021-02-04 10:26:39,165 [Listener at 127.0.0.1/36545] INFO  ozone.MiniOzoneClusterImpl (MiniOzoneClusterImpl.java:lambda$waitForClusterToBeReady$0(182)) - Waiting for cluster to exit safe mode
2021-02-04 10:26:39,176 [EventQueue-PipelineReportForOneReplicaPipelineSafeModeRule] INFO  safemode.SCMSafeModeManager (SCMSafeModeManager.java:validateSafeModeExitRules(214)) - AtleastOneDatanodeReportedRule rule is successfully validated
2021-02-04 10:26:39,177 [EventQueue-OpenPipelineForHealthyPipelineSafeModeRule] INFO  safemode.SCMSafeModeManager (HealthyPipelineSafeModeRule.java:process(128)) - SCM in safe mode. Healthy pipelines reported count is 0, required healthy pipeline reported count is 1
2021-02-04 10:26:39,342 [Thread-580] INFO  impl.FollowerState (FollowerState.java:run(133)) - fdb3e943-d8be-440f-921f-162f76ce2c35@group-287E0F896909-FollowerState: change to CANDIDATE, lastRpcElapsedTime:5159841695ns, electionTimeout:5159ms
2021-02-04 10:26:39,342 [Thread-580] INFO  impl.RoleInfo (RoleInfo.java:shutdownFollowerState(108)) - fdb3e943-d8be-440f-921f-162f76ce2c35: shutdown fdb3e943-d8be-440f-921f-162f76ce2c35@group-287E0F896909-FollowerState
2021-02-04 10:26:39,342 [Thread-580] INFO  server.RaftServer$Division (RaftServerImpl.java:setRole(284)) - fdb3e943-d8be-440f-921f-162f76ce2c35@group-287E0F896909: changes role from  FOLLOWER to CANDIDATE at term 0 for changeToCandidate
2021-02-04 10:26:39,342 [Thread-580] INFO  server.RaftServerConfigKeys (ConfUtils.java:logGet(44)) - raft.server.leaderelection.pre-vote = false (custom)
2021-02-04 10:26:39,342 [Thread-580] INFO  impl.RoleInfo (RoleInfo.java:updateAndGet(130)) - fdb3e943-d8be-440f-921f-162f76ce2c35: start fdb3e943-d8be-440f-921f-162f76ce2c35@group-287E0F896909-LeaderElection13
2021-02-04 10:26:39,346 [fdb3e943-d8be-440f-921f-162f76ce2c35@group-287E0F896909-LeaderElection13] INFO  impl.LeaderElection (LeaderElection.java:askForVotes(307)) - fdb3e943-d8be-440f-921f-162f76ce2c35@group-287E0F896909-LeaderElection13 ELECTION round 0: submit vote requests at term 1 for -1: [fdb3e943-d8be-440f-921f-162f76ce2c35|rpc:172.17.0.2:42057|priority:1], old=null
2021-02-04 10:26:39,346 [fdb3e943-d8be-440f-921f-162f76ce2c35@group-287E0F896909-LeaderElection13] INFO  impl.LeaderElection (LeaderElection.java:askForVotes(309)) - fdb3e943-d8be-440f-921f-162f76ce2c35@group-287E0F896909-LeaderElection13 ELECTION round 0: result PASSED (term=1)
2021-02-04 10:26:39,346 [fdb3e943-d8be-440f-921f-162f76ce2c35@group-287E0F896909-LeaderElection13] INFO  impl.RoleInfo (RoleInfo.java:shutdownLeaderElection(121)) - fdb3e943-d8be-440f-921f-162f76ce2c35: shutdown fdb3e943-d8be-440f-921f-162f76ce2c35@group-287E0F896909-LeaderElection13
2021-02-04 10:26:39,346 [fdb3e943-d8be-440f-921f-162f76ce2c35@group-287E0F896909-LeaderElection13] INFO  server.RaftServer$Division (RaftServerImpl.java:setRole(284)) - fdb3e943-d8be-440f-921f-162f76ce2c35@group-287E0F896909: changes role from CANDIDATE to LEADER at term 1 for changeToLeader
2021-02-04 10:26:39,346 [fdb3e943-d8be-440f-921f-162f76ce2c35@group-287E0F896909-LeaderElection13] INFO  ratis.XceiverServerRatis (XceiverServerRatis.java:handleLeaderChangedNotification(871)) - Leader change notification received for group: group-287E0F896909 with new leaderId: fdb3e943-d8be-440f-921f-162f76ce2c35
2021-02-04 10:26:39,347 [fdb3e943-d8be-440f-921f-162f76ce2c35@group-287E0F896909-LeaderElection13] INFO  server.RaftServer$Division (ServerState.java:setLeader(271)) - fdb3e943-d8be-440f-921f-162f76ce2c35@group-287E0F896909: change Leader from null to fdb3e943-d8be-440f-921f-162f76ce2c35 at term 1 for becomeLeader, leader elected after 5169ms
2021-02-04 10:26:39,347 [fdb3e943-d8be-440f-921f-162f76ce2c35@group-287E0F896909-LeaderElection13] INFO  server.RaftServerConfigKeys (ConfUtils.java:logGet(44)) - raft.server.staging.catchup.gap = 1000 (default)
2021-02-04 10:26:39,347 [fdb3e943-d8be-440f-921f-162f76ce2c35@group-287E0F896909-LeaderElection13] INFO  metrics.RatisMetrics (RatisMetrics.java:lambda$create$0(36)) - Creating Metrics Registry : ratis.log_appender.fdb3e943-d8be-440f-921f-162f76ce2c35@group-287E0F896909
2021-02-04 10:26:39,347 [fdb3e943-d8be-440f-921f-162f76ce2c35@group-287E0F896909-LeaderElection13] INFO  server.RaftServerConfigKeys (ConfUtils.java:logGet(44)) - raft.server.write.element-limit = 1024 (custom)
2021-02-04 10:26:39,347 [fdb3e943-d8be-440f-921f-162f76ce2c35@group-287E0F896909-LeaderElection13] INFO  server.RaftServerConfigKeys (ConfUtils.java:logGet(44)) - raft.server.write.byte-limit = 1073741824 (custom)
2021-02-04 10:26:39,348 [fdb3e943-d8be-440f-921f-162f76ce2c35@group-287E0F896909-LeaderElection13] INFO  server.RaftServerConfigKeys (ConfUtils.java:logGet(44)) - raft.server.watch.timeout = 180s (custom)
2021-02-04 10:26:39,348 [fdb3e943-d8be-440f-921f-162f76ce2c35@group-287E0F896909-LeaderElection13] INFO  server.RaftServerConfigKeys (ConfUtils.java:logGet(44)) - raft.server.watch.timeout.denomination = 1s (default)
2021-02-04 10:26:39,348 [fdb3e943-d8be-440f-921f-162f76ce2c35@group-287E0F896909-LeaderElection13] INFO  server.RaftServerConfigKeys (ConfUtils.java:logGet(44)) - raft.server.watch.element-limit = 65536 (default)
2021-02-04 10:26:39,348 [fdb3e943-d8be-440f-921f-162f76ce2c35@group-287E0F896909-LeaderElection13] INFO  impl.RoleInfo (RoleInfo.java:updateAndGet(130)) - fdb3e943-d8be-440f-921f-162f76ce2c35: start fdb3e943-d8be-440f-921f-162f76ce2c35@group-287E0F896909-LeaderStateImpl
2021-02-04 10:26:39,348 [fdb3e943-d8be-440f-921f-162f76ce2c35@group-287E0F896909-LeaderElection13] INFO  segmented.SegmentedRaftLogWorker (SegmentedRaftLogWorker.java:startLogSegment(392)) - fdb3e943-d8be-440f-921f-162f76ce2c35@group-287E0F896909-SegmentedRaftLogWorker: Starting segment from index:0
2021-02-04 10:26:39,349 [EventQueue-PipelineReportForOneReplicaPipelineSafeModeRule] INFO  safemode.SCMSafeModeManager (SCMSafeModeManager.java:validateSafeModeExitRules(214)) - AtleastOneDatanodeReportedRule rule is successfully validated
2021-02-04 10:26:39,350 [EventQueue-OpenPipelineForHealthyPipelineSafeModeRule] INFO  safemode.SCMSafeModeManager (HealthyPipelineSafeModeRule.java:process(128)) - SCM in safe mode. Healthy pipelines reported count is 0, required healthy pipeline reported count is 1
2021-02-04 10:26:39,350 [fdb3e943-d8be-440f-921f-162f76ce2c35@group-287E0F896909-SegmentedRaftLogWorker] INFO  segmented.SegmentedRaftLogWorker (SegmentedRaftLogWorker.java:execute(599)) - fdb3e943-d8be-440f-921f-162f76ce2c35@group-287E0F896909-SegmentedRaftLogWorker: created new log segment /github/workspace/mnt/ozone/hadoop-ozone/integration-test/target/test-dir/MiniOzoneClusterImpl-8a71bc08-f84f-4acb-943b-12476b4f0d69/datanode-2/data/ratis/c0020f1a-7958-46bf-8048-287e0f896909/current/log_inprogress_0
2021-02-04 10:26:39,351 [fdb3e943-d8be-440f-921f-162f76ce2c35@group-287E0F896909-LeaderElection13] INFO  server.RaftServer$Division (ServerState.java:setRaftConf(373)) - fdb3e943-d8be-440f-921f-162f76ce2c35@group-287E0F896909: set configuration 0: [fdb3e943-d8be-440f-921f-162f76ce2c35|rpc:172.17.0.2:42057|admin:|client:|dataStream:|priority:1], old=null
2021-02-04 10:26:39,872 [EventQueue-OpenPipelineForHealthyPipelineSafeModeRule] INFO  safemode.SCMSafeModeManager (HealthyPipelineSafeModeRule.java:process(128)) - SCM in safe mode. Healthy pipelines reported count is 0, required healthy pipeline reported count is 1
2021-02-04 10:26:39,872 [EventQueue-PipelineReportForOneReplicaPipelineSafeModeRule] INFO  safemode.SCMSafeModeManager (SCMSafeModeManager.java:validateSafeModeExitRules(214)) - AtleastOneDatanodeReportedRule rule is successfully validated
2021-02-04 10:26:39,927 [EventQueue-PipelineReportForOneReplicaPipelineSafeModeRule] INFO  safemode.SCMSafeModeManager (SCMSafeModeManager.java:validateSafeModeExitRules(214)) - AtleastOneDatanodeReportedRule rule is successfully validated
2021-02-04 10:26:39,927 [EventQueue-OpenPipelineForHealthyPipelineSafeModeRule] INFO  safemode.SCMSafeModeManager (HealthyPipelineSafeModeRule.java:process(128)) - SCM in safe mode. Healthy pipelines reported count is 0, required healthy pipeline reported count is 1
2021-02-04 10:26:40,165 [Listener at 127.0.0.1/36545] INFO  ozone.MiniOzoneClusterImpl (MiniOzoneClusterImpl.java:lambda$waitForClusterToBeReady$0(179)) - Nodes are ready. Got 3 of 3 DN Heartbeats.
2021-02-04 10:26:40,165 [Listener at 127.0.0.1/36545] INFO  ozone.MiniOzoneClusterImpl (MiniOzoneClusterImpl.java:lambda$waitForClusterToBeReady$0(182)) - Waiting for cluster to exit safe mode
2021-02-04 10:26:40,348 [EventQueue-PipelineReportForOneReplicaPipelineSafeModeRule] INFO  safemode.SCMSafeModeManager (SCMSafeModeManager.java:validateSafeModeExitRules(214)) - AtleastOneDatanodeReportedRule rule is successfully validated
2021-02-04 10:26:40,348 [EventQueue-OpenPipelineForHealthyPipelineSafeModeRule] INFO  safemode.SCMSafeModeManager (HealthyPipelineSafeModeRule.java:process(128)) - SCM in safe mode. Healthy pipelines reported count is 0, required healthy pipeline reported count is 1
2021-02-04 10:26:40,872 [EventQueue-PipelineReportForOneReplicaPipelineSafeModeRule] INFO  safemode.SCMSafeModeManager (SCMSafeModeManager.java:validateSafeModeExitRules(214)) - AtleastOneDatanodeReportedRule rule is successfully validated
2021-02-04 10:26:40,872 [EventQueue-OpenPipelineForHealthyPipelineSafeModeRule] INFO  safemode.SCMSafeModeManager (HealthyPipelineSafeModeRule.java:process(128)) - SCM in safe mode. Healthy pipelines reported count is 0, required healthy pipeline reported count is 1
2021-02-04 10:26:40,928 [EventQueue-OpenPipelineForHealthyPipelineSafeModeRule] INFO  safemode.SCMSafeModeManager (HealthyPipelineSafeModeRule.java:process(128)) - SCM in safe mode. Healthy pipelines reported count is 0, required healthy pipeline reported count is 1
2021-02-04 10:26:40,928 [EventQueue-PipelineReportForOneReplicaPipelineSafeModeRule] INFO  safemode.SCMSafeModeManager (SCMSafeModeManager.java:validateSafeModeExitRules(214)) - AtleastOneDatanodeReportedRule rule is successfully validated
2021-02-04 10:26:41,165 [Listener at 127.0.0.1/36545] INFO  ozone.MiniOzoneClusterImpl (MiniOzoneClusterImpl.java:lambda$waitForClusterToBeReady$0(179)) - Nodes are ready. Got 3 of 3 DN Heartbeats.
2021-02-04 10:26:41,166 [Listener at 127.0.0.1/36545] INFO  ozone.MiniOzoneClusterImpl (MiniOzoneClusterImpl.java:lambda$waitForClusterToBeReady$0(182)) - Waiting for cluster to exit safe mode
2021-02-04 10:26:41,348 [EventQueue-PipelineReportForOneReplicaPipelineSafeModeRule] INFO  safemode.SCMSafeModeManager (SCMSafeModeManager.java:validateSafeModeExitRules(214)) - AtleastOneDatanodeReportedRule rule is successfully validated
2021-02-04 10:26:41,349 [EventQueue-OpenPipelineForHealthyPipelineSafeModeRule] INFO  safemode.SCMSafeModeManager (HealthyPipelineSafeModeRule.java:process(128)) - SCM in safe mode. Healthy pipelines reported count is 0, required healthy pipeline reported count is 1
2021-02-04 10:26:41,872 [EventQueue-PipelineReportForOneReplicaPipelineSafeModeRule] INFO  safemode.SCMSafeModeManager (SCMSafeModeManager.java:validateSafeModeExitRules(214)) - AtleastOneDatanodeReportedRule rule is successfully validated
2021-02-04 10:26:41,872 [EventQueue-OpenPipelineForHealthyPipelineSafeModeRule] INFO  safemode.SCMSafeModeManager (HealthyPipelineSafeModeRule.java:process(128)) - SCM in safe mode. Healthy pipelines reported count is 0, required healthy pipeline reported count is 1
2021-02-04 10:26:41,927 [EventQueue-PipelineReportForOneReplicaPipelineSafeModeRule] INFO  safemode.SCMSafeModeManager (SCMSafeModeManager.java:validateSafeModeExitRules(214)) - AtleastOneDatanodeReportedRule rule is successfully validated
2021-02-04 10:26:41,927 [EventQueue-OpenPipelineForHealthyPipelineSafeModeRule] INFO  safemode.SCMSafeModeManager (HealthyPipelineSafeModeRule.java:process(128)) - SCM in safe mode. Healthy pipelines reported count is 0, required healthy pipeline reported count is 1
2021-02-04 10:26:42,166 [Listener at 127.0.0.1/36545] INFO  ozone.MiniOzoneClusterImpl (MiniOzoneClusterImpl.java:lambda$waitForClusterToBeReady$0(179)) - Nodes are ready. Got 3 of 3 DN Heartbeats.
2021-02-04 10:26:42,166 [Listener at 127.0.0.1/36545] INFO  ozone.MiniOzoneClusterImpl (MiniOzoneClusterImpl.java:lambda$waitForClusterToBeReady$0(182)) - Waiting for cluster to exit safe mode
2021-02-04 10:26:42,348 [EventQueue-PipelineReportForOneReplicaPipelineSafeModeRule] INFO  safemode.SCMSafeModeManager (SCMSafeModeManager.java:validateSafeModeExitRules(214)) - AtleastOneDatanodeReportedRule rule is successfully validated
2021-02-04 10:26:42,348 [EventQueue-OpenPipelineForHealthyPipelineSafeModeRule] INFO  safemode.SCMSafeModeManager (HealthyPipelineSafeModeRule.java:process(128)) - SCM in safe mode. Healthy pipelines reported count is 0, required healthy pipeline reported count is 1
2021-02-04 10:26:42,872 [EventQueue-PipelineReportForOneReplicaPipelineSafeModeRule] INFO  safemode.SCMSafeModeManager (SCMSafeModeManager.java:validateSafeModeExitRules(214)) - AtleastOneDatanodeReportedRule rule is successfully validated
2021-02-04 10:26:42,873 [EventQueue-OpenPipelineForHealthyPipelineSafeModeRule] INFO  safemode.SCMSafeModeManager (HealthyPipelineSafeModeRule.java:process(128)) - SCM in safe mode. Healthy pipelines reported count is 0, required healthy pipeline reported count is 1
2021-02-04 10:26:42,927 [EventQueue-PipelineReportForOneReplicaPipelineSafeModeRule] INFO  safemode.SCMSafeModeManager (SCMSafeModeManager.java:validateSafeModeExitRules(214)) - AtleastOneDatanodeReportedRule rule is successfully validated
2021-02-04 10:26:42,928 [EventQueue-OpenPipelineForHealthyPipelineSafeModeRule] INFO  safemode.SCMSafeModeManager (HealthyPipelineSafeModeRule.java:process(128)) - SCM in safe mode. Healthy pipelines reported count is 0, required healthy pipeline reported count is 1
2021-02-04 10:26:43,166 [Listener at 127.0.0.1/36545] INFO  ozone.MiniOzoneClusterImpl (MiniOzoneClusterImpl.java:lambda$waitForClusterToBeReady$0(179)) - Nodes are ready. Got 3 of 3 DN Heartbeats.
2021-02-04 10:26:43,166 [Listener at 127.0.0.1/36545] INFO  ozone.MiniOzoneClusterImpl (MiniOzoneClusterImpl.java:lambda$waitForClusterToBeReady$0(182)) - Waiting for cluster to exit safe mode
2021-02-04 10:26:43,348 [EventQueue-PipelineReportForOneReplicaPipelineSafeModeRule] INFO  safemode.SCMSafeModeManager (SCMSafeModeManager.java:validateSafeModeExitRules(214)) - AtleastOneDatanodeReportedRule rule is successfully validated
2021-02-04 10:26:43,348 [EventQueue-OpenPipelineForHealthyPipelineSafeModeRule] INFO  safemode.SCMSafeModeManager (HealthyPipelineSafeModeRule.java:process(128)) - SCM in safe mode. Healthy pipelines reported count is 0, required healthy pipeline reported count is 1
2021-02-04 10:26:43,858 [Thread-586] INFO  impl.FollowerState (FollowerState.java:run(133)) - 2f878777-950a-4a0a-bcd5-5efd0c9eb4b8@group-DCC2209809C3-FollowerState: change to CANDIDATE, lastRpcElapsedTime:5040086091ns, electionTimeout:5032ms
2021-02-04 10:26:43,858 [Thread-586] INFO  impl.RoleInfo (RoleInfo.java:shutdownFollowerState(108)) - 2f878777-950a-4a0a-bcd5-5efd0c9eb4b8: shutdown 2f878777-950a-4a0a-bcd5-5efd0c9eb4b8@group-DCC2209809C3-FollowerState
2021-02-04 10:26:43,858 [Thread-586] INFO  server.RaftServer$Division (RaftServerImpl.java:setRole(284)) - 2f878777-950a-4a0a-bcd5-5efd0c9eb4b8@group-DCC2209809C3: changes role from  FOLLOWER to CANDIDATE at term 1 for changeToCandidate
2021-02-04 10:26:43,858 [Thread-586] INFO  server.RaftServerConfigKeys (ConfUtils.java:logGet(44)) - raft.server.leaderelection.pre-vote = false (custom)
2021-02-04 10:26:43,859 [Thread-586] INFO  impl.RoleInfo (RoleInfo.java:updateAndGet(130)) - 2f878777-950a-4a0a-bcd5-5efd0c9eb4b8: start 2f878777-950a-4a0a-bcd5-5efd0c9eb4b8@group-DCC2209809C3-LeaderElection14
2021-02-04 10:26:43,862 [2f878777-950a-4a0a-bcd5-5efd0c9eb4b8@group-DCC2209809C3-LeaderElection14] INFO  impl.LeaderElection (LeaderElection.java:askForVotes(307)) - 2f878777-950a-4a0a-bcd5-5efd0c9eb4b8@group-DCC2209809C3-LeaderElection14 ELECTION round 0: submit vote requests at term 2 for -1: [fdb3e943-d8be-440f-921f-162f76ce2c35|rpc:172.17.0.2:42057|priority:0, c2078e43-4e37-4d9c-99b0-bc0ef86d7b58|rpc:172.17.0.2:41803|priority:1, 2f878777-950a-4a0a-bcd5-5efd0c9eb4b8|rpc:172.17.0.2:43707|priority:0], old=null
2021-02-04 10:26:43,866 [grpc-default-executor-2] INFO  server.RaftServer$Division (RaftServerImpl.java:requestVote(1025)) - fdb3e943-d8be-440f-921f-162f76ce2c35@group-DCC2209809C3: receive requestVote(ELECTION, 2f878777-950a-4a0a-bcd5-5efd0c9eb4b8, group-DCC2209809C3, 2, (t:0, i:0))
2021-02-04 10:26:43,866 [grpc-default-executor-2] INFO  impl.VoteContext (VoteContext.java:log(48)) - fdb3e943-d8be-440f-921f-162f76ce2c35@group-DCC2209809C3-FOLLOWER: accept ELECTION from 2f878777-950a-4a0a-bcd5-5efd0c9eb4b8: our priority 0 <= candidate's priority 0
2021-02-04 10:26:43,866 [grpc-default-executor-2] INFO  server.RaftServer$Division (RaftServerImpl.java:setRole(284)) - fdb3e943-d8be-440f-921f-162f76ce2c35@group-DCC2209809C3: changes role from  FOLLOWER to FOLLOWER at term 2 for candidate:2f878777-950a-4a0a-bcd5-5efd0c9eb4b8
2021-02-04 10:26:43,866 [grpc-default-executor-2] INFO  impl.RoleInfo (RoleInfo.java:shutdownFollowerState(108)) - fdb3e943-d8be-440f-921f-162f76ce2c35: shutdown fdb3e943-d8be-440f-921f-162f76ce2c35@group-DCC2209809C3-FollowerState
2021-02-04 10:26:43,866 [grpc-default-executor-2] INFO  impl.RoleInfo (RoleInfo.java:updateAndGet(130)) - fdb3e943-d8be-440f-921f-162f76ce2c35: start fdb3e943-d8be-440f-921f-162f76ce2c35@group-DCC2209809C3-FollowerState
2021-02-04 10:26:43,866 [Thread-584] INFO  impl.FollowerState (FollowerState.java:run(142)) - fdb3e943-d8be-440f-921f-162f76ce2c35@group-DCC2209809C3-FollowerState was interrupted: {}
java.lang.InterruptedException: sleep interrupted
	at java.lang.Thread.sleep(Native Method)
	at java.lang.Thread.sleep(Thread.java:340)
	at java.util.concurrent.TimeUnit.sleep(TimeUnit.java:386)
	at org.apache.ratis.util.TimeDuration.sleep(TimeDuration.java:324)
	at org.apache.ratis.util.TimeDuration.sleep(TimeDuration.java:309)
	at org.apache.ratis.server.impl.FollowerState.run(FollowerState.java:117)
2021-02-04 10:26:43,870 [grpc-default-executor-1] INFO  server.RaftServer$Division (RaftServerImpl.java:requestVote(1025)) - c2078e43-4e37-4d9c-99b0-bc0ef86d7b58@group-DCC2209809C3: receive requestVote(ELECTION, 2f878777-950a-4a0a-bcd5-5efd0c9eb4b8, group-DCC2209809C3, 2, (t:0, i:0))
2021-02-04 10:26:43,870 [grpc-default-executor-2] INFO  server.RaftServer$Division (RaftServerImpl.java:requestVote(1057)) - fdb3e943-d8be-440f-921f-162f76ce2c35@group-DCC2209809C3 replies to ELECTION vote request: 2f878777-950a-4a0a-bcd5-5efd0c9eb4b8<-fdb3e943-d8be-440f-921f-162f76ce2c35#0:OK-t2. Peer's state: fdb3e943-d8be-440f-921f-162f76ce2c35@group-DCC2209809C3:t2, leader=null, voted=2f878777-950a-4a0a-bcd5-5efd0c9eb4b8, raftlog=fdb3e943-d8be-440f-921f-162f76ce2c35@group-DCC2209809C3-SegmentedRaftLog:OPENED:c-1,f-1,i0, conf=-1: [fdb3e943-d8be-440f-921f-162f76ce2c35|rpc:172.17.0.2:42057|admin:|client:|dataStream:|priority:0, c2078e43-4e37-4d9c-99b0-bc0ef86d7b58|rpc:172.17.0.2:41803|admin:|client:|dataStream:|priority:1, 2f878777-950a-4a0a-bcd5-5efd0c9eb4b8|rpc:172.17.0.2:43707|admin:|client:|dataStream:|priority:0], old=null
2021-02-04 10:26:43,872 [grpc-default-executor-1] INFO  impl.VoteContext (VoteContext.java:log(48)) - c2078e43-4e37-4d9c-99b0-bc0ef86d7b58@group-DCC2209809C3-FOLLOWER: reject ELECTION from 2f878777-950a-4a0a-bcd5-5efd0c9eb4b8: our priority 1 > candidate's priority 0
2021-02-04 10:26:43,872 [grpc-default-executor-1] INFO  server.RaftServer$Division (RaftServerImpl.java:setRole(284)) - c2078e43-4e37-4d9c-99b0-bc0ef86d7b58@group-DCC2209809C3: changes role from  FOLLOWER to FOLLOWER at term 2 for candidate:2f878777-950a-4a0a-bcd5-5efd0c9eb4b8
2021-02-04 10:26:43,872 [grpc-default-executor-1] INFO  impl.RoleInfo (RoleInfo.java:shutdownFollowerState(108)) - c2078e43-4e37-4d9c-99b0-bc0ef86d7b58: shutdown c2078e43-4e37-4d9c-99b0-bc0ef86d7b58@group-DCC2209809C3-FollowerState
2021-02-04 10:26:43,872 [grpc-default-executor-1] INFO  impl.RoleInfo (RoleInfo.java:updateAndGet(130)) - c2078e43-4e37-4d9c-99b0-bc0ef86d7b58: start c2078e43-4e37-4d9c-99b0-bc0ef86d7b58@group-DCC2209809C3-FollowerState
2021-02-04 10:26:43,872 [Thread-585] INFO  impl.FollowerState (FollowerState.java:run(142)) - c2078e43-4e37-4d9c-99b0-bc0ef86d7b58@group-DCC2209809C3-FollowerState was interrupted: {}
java.lang.InterruptedException: sleep interrupted
	at java.lang.Thread.sleep(Native Method)
	at java.lang.Thread.sleep(Thread.java:340)
	at java.util.concurrent.TimeUnit.sleep(TimeUnit.java:386)
	at org.apache.ratis.util.TimeDuration.sleep(TimeDuration.java:324)
	at org.apache.ratis.util.TimeDuration.sleep(TimeDuration.java:309)
	at org.apache.ratis.server.impl.FollowerState.run(FollowerState.java:117)
2021-02-04 10:26:43,874 [EventQueue-PipelineReportForOneReplicaPipelineSafeModeRule] INFO  safemode.SCMSafeModeManager (SCMSafeModeManager.java:validateSafeModeExitRules(214)) - AtleastOneDatanodeReportedRule rule is successfully validated
2021-02-04 10:26:43,874 [EventQueue-OpenPipelineForHealthyPipelineSafeModeRule] INFO  safemode.SCMSafeModeManager (HealthyPipelineSafeModeRule.java:process(128)) - SCM in safe mode. Healthy pipelines reported count is 0, required healthy pipeline reported count is 1
2021-02-04 10:26:43,874 [grpc-default-executor-1] INFO  server.RaftServer$Division (RaftServerImpl.java:requestVote(1057)) - c2078e43-4e37-4d9c-99b0-bc0ef86d7b58@group-DCC2209809C3 replies to ELECTION vote request: 2f878777-950a-4a0a-bcd5-5efd0c9eb4b8<-c2078e43-4e37-4d9c-99b0-bc0ef86d7b58#0:FAIL-t2. Peer's state: c2078e43-4e37-4d9c-99b0-bc0ef86d7b58@group-DCC2209809C3:t2, leader=null, voted=null, raftlog=c2078e43-4e37-4d9c-99b0-bc0ef86d7b58@group-DCC2209809C3-SegmentedRaftLog:OPENED:c-1,f-1,i0, conf=-1: [fdb3e943-d8be-440f-921f-162f76ce2c35|rpc:172.17.0.2:42057|admin:|client:|dataStream:|priority:0, c2078e43-4e37-4d9c-99b0-bc0ef86d7b58|rpc:172.17.0.2:41803|admin:|client:|dataStream:|priority:1, 2f878777-950a-4a0a-bcd5-5efd0c9eb4b8|rpc:172.17.0.2:43707|admin:|client:|dataStream:|priority:0], old=null
2021-02-04 10:26:43,876 [2f878777-950a-4a0a-bcd5-5efd0c9eb4b8@group-DCC2209809C3-LeaderElection14] INFO  impl.LeaderElection (LeaderElection.java:logAndReturn(89)) - 2f878777-950a-4a0a-bcd5-5efd0c9eb4b8@group-DCC2209809C3-LeaderElection14: ELECTION REJECTED received 2 response(s) and 0 exception(s):
2021-02-04 10:26:43,876 [2f878777-950a-4a0a-bcd5-5efd0c9eb4b8@group-DCC2209809C3-LeaderElection14] INFO  impl.LeaderElection (LeaderElection.java:logAndReturn(93)) -   Response 0: 2f878777-950a-4a0a-bcd5-5efd0c9eb4b8<-fdb3e943-d8be-440f-921f-162f76ce2c35#0:OK-t2
2021-02-04 10:26:43,876 [2f878777-950a-4a0a-bcd5-5efd0c9eb4b8@group-DCC2209809C3-LeaderElection14] INFO  impl.LeaderElection (LeaderElection.java:logAndReturn(93)) -   Response 1: 2f878777-950a-4a0a-bcd5-5efd0c9eb4b8<-c2078e43-4e37-4d9c-99b0-bc0ef86d7b58#0:FAIL-t2
2021-02-04 10:26:43,876 [2f878777-950a-4a0a-bcd5-5efd0c9eb4b8@group-DCC2209809C3-LeaderElection14] INFO  impl.LeaderElection (LeaderElection.java:askForVotes(309)) - 2f878777-950a-4a0a-bcd5-5efd0c9eb4b8@group-DCC2209809C3-LeaderElection14 ELECTION round 0: result REJECTED
2021-02-04 10:26:43,876 [2f878777-950a-4a0a-bcd5-5efd0c9eb4b8@group-DCC2209809C3-LeaderElection14] INFO  server.RaftServer$Division (RaftServerImpl.java:setRole(284)) - 2f878777-950a-4a0a-bcd5-5efd0c9eb4b8@group-DCC2209809C3: changes role from CANDIDATE to FOLLOWER at term 2 for REJECTED
2021-02-04 10:26:43,876 [2f878777-950a-4a0a-bcd5-5efd0c9eb4b8@group-DCC2209809C3-LeaderElection14] INFO  impl.RoleInfo (RoleInfo.java:shutdownLeaderElection(121)) - 2f878777-950a-4a0a-bcd5-5efd0c9eb4b8: shutdown 2f878777-950a-4a0a-bcd5-5efd0c9eb4b8@group-DCC2209809C3-LeaderElection14
2021-02-04 10:26:43,876 [2f878777-950a-4a0a-bcd5-5efd0c9eb4b8@group-DCC2209809C3-LeaderElection14] INFO  impl.RoleInfo (RoleInfo.java:updateAndGet(130)) - 2f878777-950a-4a0a-bcd5-5efd0c9eb4b8: start 2f878777-950a-4a0a-bcd5-5efd0c9eb4b8@group-DCC2209809C3-FollowerState
2021-02-04 10:26:43,927 [EventQueue-PipelineReportForOneReplicaPipelineSafeModeRule] INFO  safemode.SCMSafeModeManager (SCMSafeModeManager.java:validateSafeModeExitRules(214)) - AtleastOneDatanodeReportedRule rule is successfully validated
2021-02-04 10:26:43,927 [EventQueue-OpenPipelineForHealthyPipelineSafeModeRule] INFO  safemode.SCMSafeModeManager (HealthyPipelineSafeModeRule.java:process(128)) - SCM in safe mode. Healthy pipelines reported count is 0, required healthy pipeline reported count is 1
2021-02-04 10:26:44,167 [Listener at 127.0.0.1/36545] INFO  ozone.MiniOzoneClusterImpl (MiniOzoneClusterImpl.java:lambda$waitForClusterToBeReady$0(179)) - Nodes are ready. Got 3 of 3 DN Heartbeats.
2021-02-04 10:26:44,167 [Listener at 127.0.0.1/36545] INFO  ozone.MiniOzoneClusterImpl (MiniOzoneClusterImpl.java:lambda$waitForClusterToBeReady$0(182)) - Waiting for cluster to exit safe mode
2021-02-04 10:26:44,348 [EventQueue-PipelineReportForOneReplicaPipelineSafeModeRule] INFO  safemode.SCMSafeModeManager (SCMSafeModeManager.java:validateSafeModeExitRules(214)) - AtleastOneDatanodeReportedRule rule is successfully validated
2021-02-04 10:26:44,348 [EventQueue-OpenPipelineForHealthyPipelineSafeModeRule] INFO  safemode.SCMSafeModeManager (HealthyPipelineSafeModeRule.java:process(128)) - SCM in safe mode. Healthy pipelines reported count is 0, required healthy pipeline reported count is 1
2021-02-04 10:26:44,872 [EventQueue-PipelineReportForOneReplicaPipelineSafeModeRule] INFO  safemode.SCMSafeModeManager (SCMSafeModeManager.java:validateSafeModeExitRules(214)) - AtleastOneDatanodeReportedRule rule is successfully validated
2021-02-04 10:26:44,872 [EventQueue-OpenPipelineForHealthyPipelineSafeModeRule] INFO  safemode.SCMSafeModeManager (HealthyPipelineSafeModeRule.java:process(128)) - SCM in safe mode. Healthy pipelines reported count is 0, required healthy pipeline reported count is 1
2021-02-04 10:26:44,927 [EventQueue-PipelineReportForOneReplicaPipelineSafeModeRule] INFO  safemode.SCMSafeModeManager (SCMSafeModeManager.java:validateSafeModeExitRules(214)) - AtleastOneDatanodeReportedRule rule is successfully validated
2021-02-04 10:26:44,928 [EventQueue-OpenPipelineForHealthyPipelineSafeModeRule] INFO  safemode.SCMSafeModeManager (HealthyPipelineSafeModeRule.java:process(128)) - SCM in safe mode. Healthy pipelines reported count is 0, required healthy pipeline reported count is 1
2021-02-04 10:26:45,167 [Listener at 127.0.0.1/36545] INFO  ozone.MiniOzoneClusterImpl (MiniOzoneClusterImpl.java:lambda$waitForClusterToBeReady$0(179)) - Nodes are ready. Got 3 of 3 DN Heartbeats.
2021-02-04 10:26:45,167 [Listener at 127.0.0.1/36545] INFO  ozone.MiniOzoneClusterImpl (MiniOzoneClusterImpl.java:lambda$waitForClusterToBeReady$0(182)) - Waiting for cluster to exit safe mode
2021-02-04 10:26:45,348 [EventQueue-PipelineReportForOneReplicaPipelineSafeModeRule] INFO  safemode.SCMSafeModeManager (SCMSafeModeManager.java:validateSafeModeExitRules(214)) - AtleastOneDatanodeReportedRule rule is successfully validated
2021-02-04 10:26:45,349 [EventQueue-OpenPipelineForHealthyPipelineSafeModeRule] INFO  safemode.SCMSafeModeManager (HealthyPipelineSafeModeRule.java:process(128)) - SCM in safe mode. Healthy pipelines reported count is 0, required healthy pipeline reported count is 1
2021-02-04 10:26:45,872 [EventQueue-PipelineReportForOneReplicaPipelineSafeModeRule] INFO  safemode.SCMSafeModeManager (SCMSafeModeManager.java:validateSafeModeExitRules(214)) - AtleastOneDatanodeReportedRule rule is successfully validated
2021-02-04 10:26:45,872 [EventQueue-OpenPipelineForHealthyPipelineSafeModeRule] INFO  safemode.SCMSafeModeManager (HealthyPipelineSafeModeRule.java:process(128)) - SCM in safe mode. Healthy pipelines reported count is 0, required healthy pipeline reported count is 1
2021-02-04 10:26:45,927 [EventQueue-PipelineReportForOneReplicaPipelineSafeModeRule] INFO  safemode.SCMSafeModeManager (SCMSafeModeManager.java:validateSafeModeExitRules(214)) - AtleastOneDatanodeReportedRule rule is successfully validated
2021-02-04 10:26:45,928 [EventQueue-OpenPipelineForHealthyPipelineSafeModeRule] INFO  safemode.SCMSafeModeManager (HealthyPipelineSafeModeRule.java:process(128)) - SCM in safe mode. Healthy pipelines reported count is 0, required healthy pipeline reported count is 1
2021-02-04 10:26:46,168 [Listener at 127.0.0.1/36545] INFO  ozone.MiniOzoneClusterImpl (MiniOzoneClusterImpl.java:lambda$waitForClusterToBeReady$0(179)) - Nodes are ready. Got 3 of 3 DN Heartbeats.
2021-02-04 10:26:46,168 [Listener at 127.0.0.1/36545] INFO  ozone.MiniOzoneClusterImpl (MiniOzoneClusterImpl.java:lambda$waitForClusterToBeReady$0(182)) - Waiting for cluster to exit safe mode
2021-02-04 10:26:46,348 [EventQueue-PipelineReportForOneReplicaPipelineSafeModeRule] INFO  safemode.SCMSafeModeManager (SCMSafeModeManager.java:validateSafeModeExitRules(214)) - AtleastOneDatanodeReportedRule rule is successfully validated
2021-02-04 10:26:46,348 [EventQueue-OpenPipelineForHealthyPipelineSafeModeRule] INFO  safemode.SCMSafeModeManager (HealthyPipelineSafeModeRule.java:process(128)) - SCM in safe mode. Healthy pipelines reported count is 0, required healthy pipeline reported count is 1
2021-02-04 10:26:46,872 [EventQueue-PipelineReportForOneReplicaPipelineSafeModeRule] INFO  safemode.SCMSafeModeManager (SCMSafeModeManager.java:validateSafeModeExitRules(214)) - AtleastOneDatanodeReportedRule rule is successfully validated
2021-02-04 10:26:46,873 [EventQueue-OpenPipelineForHealthyPipelineSafeModeRule] INFO  safemode.SCMSafeModeManager (HealthyPipelineSafeModeRule.java:process(128)) - SCM in safe mode. Healthy pipelines reported count is 0, required healthy pipeline reported count is 1
2021-02-04 10:26:46,927 [EventQueue-PipelineReportForOneReplicaPipelineSafeModeRule] INFO  safemode.SCMSafeModeManager (SCMSafeModeManager.java:validateSafeModeExitRules(214)) - AtleastOneDatanodeReportedRule rule is successfully validated
2021-02-04 10:26:46,928 [EventQueue-OpenPipelineForHealthyPipelineSafeModeRule] INFO  safemode.SCMSafeModeManager (HealthyPipelineSafeModeRule.java:process(128)) - SCM in safe mode. Healthy pipelines reported count is 0, required healthy pipeline reported count is 1
2021-02-04 10:26:47,168 [Listener at 127.0.0.1/36545] INFO  ozone.MiniOzoneClusterImpl (MiniOzoneClusterImpl.java:lambda$waitForClusterToBeReady$0(179)) - Nodes are ready. Got 3 of 3 DN Heartbeats.
2021-02-04 10:26:47,168 [Listener at 127.0.0.1/36545] INFO  ozone.MiniOzoneClusterImpl (MiniOzoneClusterImpl.java:lambda$waitForClusterToBeReady$0(182)) - Waiting for cluster to exit safe mode
2021-02-04 10:26:47,348 [EventQueue-PipelineReportForOneReplicaPipelineSafeModeRule] INFO  safemode.SCMSafeModeManager (SCMSafeModeManager.java:validateSafeModeExitRules(214)) - AtleastOneDatanodeReportedRule rule is successfully validated
2021-02-04 10:26:47,348 [EventQueue-OpenPipelineForHealthyPipelineSafeModeRule] INFO  safemode.SCMSafeModeManager (HealthyPipelineSafeModeRule.java:process(128)) - SCM in safe mode. Healthy pipelines reported count is 0, required healthy pipeline reported count is 1
2021-02-04 10:26:47,873 [EventQueue-OpenPipelineForHealthyPipelineSafeModeRule] INFO  safemode.SCMSafeModeManager (HealthyPipelineSafeModeRule.java:process(128)) - SCM in safe mode. Healthy pipelines reported count is 0, required healthy pipeline reported count is 1
2021-02-04 10:26:47,873 [EventQueue-PipelineReportForOneReplicaPipelineSafeModeRule] INFO  safemode.SCMSafeModeManager (SCMSafeModeManager.java:validateSafeModeExitRules(214)) - AtleastOneDatanodeReportedRule rule is successfully validated
2021-02-04 10:26:47,928 [EventQueue-OpenPipelineForHealthyPipelineSafeModeRule] INFO  safemode.SCMSafeModeManager (HealthyPipelineSafeModeRule.java:process(128)) - SCM in safe mode. Healthy pipelines reported count is 0, required healthy pipeline reported count is 1
2021-02-04 10:26:47,928 [EventQueue-PipelineReportForOneReplicaPipelineSafeModeRule] INFO  safemode.SCMSafeModeManager (SCMSafeModeManager.java:validateSafeModeExitRules(214)) - AtleastOneDatanodeReportedRule rule is successfully validated
2021-02-04 10:26:48,169 [Listener at 127.0.0.1/36545] INFO  ozone.MiniOzoneClusterImpl (MiniOzoneClusterImpl.java:lambda$waitForClusterToBeReady$0(179)) - Nodes are ready. Got 3 of 3 DN Heartbeats.
2021-02-04 10:26:48,169 [Listener at 127.0.0.1/36545] INFO  ozone.MiniOzoneClusterImpl (MiniOzoneClusterImpl.java:lambda$waitForClusterToBeReady$0(182)) - Waiting for cluster to exit safe mode
2021-02-04 10:26:48,348 [EventQueue-PipelineReportForOneReplicaPipelineSafeModeRule] INFO  safemode.SCMSafeModeManager (SCMSafeModeManager.java:validateSafeModeExitRules(214)) - AtleastOneDatanodeReportedRule rule is successfully validated
2021-02-04 10:26:48,348 [EventQueue-OpenPipelineForHealthyPipelineSafeModeRule] INFO  safemode.SCMSafeModeManager (HealthyPipelineSafeModeRule.java:process(128)) - SCM in safe mode. Healthy pipelines reported count is 0, required healthy pipeline reported count is 1
2021-02-04 10:26:48,873 [EventQueue-PipelineReportForOneReplicaPipelineSafeModeRule] INFO  safemode.SCMSafeModeManager (SCMSafeModeManager.java:validateSafeModeExitRules(214)) - AtleastOneDatanodeReportedRule rule is successfully validated
2021-02-04 10:26:48,873 [EventQueue-OpenPipelineForHealthyPipelineSafeModeRule] INFO  safemode.SCMSafeModeManager (HealthyPipelineSafeModeRule.java:process(128)) - SCM in safe mode. Healthy pipelines reported count is 0, required healthy pipeline reported count is 1
2021-02-04 10:26:48,928 [EventQueue-PipelineReportForOneReplicaPipelineSafeModeRule] INFO  safemode.SCMSafeModeManager (SCMSafeModeManager.java:validateSafeModeExitRules(214)) - AtleastOneDatanodeReportedRule rule is successfully validated
2021-02-04 10:26:48,928 [EventQueue-OpenPipelineForHealthyPipelineSafeModeRule] INFO  safemode.SCMSafeModeManager (HealthyPipelineSafeModeRule.java:process(128)) - SCM in safe mode. Healthy pipelines reported count is 0, required healthy pipeline reported count is 1
2021-02-04 10:26:48,954 [Thread-596] INFO  impl.FollowerState (FollowerState.java:run(133)) - fdb3e943-d8be-440f-921f-162f76ce2c35@group-DCC2209809C3-FollowerState: change to CANDIDATE, lastRpcElapsedTime:5083660812ns, electionTimeout:5081ms
2021-02-04 10:26:48,954 [Thread-596] INFO  impl.RoleInfo (RoleInfo.java:shutdownFollowerState(108)) - fdb3e943-d8be-440f-921f-162f76ce2c35: shutdown fdb3e943-d8be-440f-921f-162f76ce2c35@group-DCC2209809C3-FollowerState
2021-02-04 10:26:48,954 [Thread-596] INFO  server.RaftServer$Division (RaftServerImpl.java:setRole(284)) - fdb3e943-d8be-440f-921f-162f76ce2c35@group-DCC2209809C3: changes role from  FOLLOWER to CANDIDATE at term 2 for changeToCandidate
2021-02-04 10:26:48,954 [Thread-596] INFO  server.RaftServerConfigKeys (ConfUtils.java:logGet(44)) - raft.server.leaderelection.pre-vote = false (custom)
2021-02-04 10:26:48,954 [Thread-596] INFO  impl.RoleInfo (RoleInfo.java:updateAndGet(130)) - fdb3e943-d8be-440f-921f-162f76ce2c35: start fdb3e943-d8be-440f-921f-162f76ce2c35@group-DCC2209809C3-LeaderElection15
2021-02-04 10:26:48,957 [fdb3e943-d8be-440f-921f-162f76ce2c35@group-DCC2209809C3-LeaderElection15] INFO  impl.LeaderElection (LeaderElection.java:askForVotes(307)) - fdb3e943-d8be-440f-921f-162f76ce2c35@group-DCC2209809C3-LeaderElection15 ELECTION round 0: submit vote requests at term 3 for -1: [fdb3e943-d8be-440f-921f-162f76ce2c35|rpc:172.17.0.2:42057|admin:|client:|dataStream:|priority:0, c2078e43-4e37-4d9c-99b0-bc0ef86d7b58|rpc:172.17.0.2:41803|admin:|client:|dataStream:|priority:1, 2f878777-950a-4a0a-bcd5-5efd0c9eb4b8|rpc:172.17.0.2:43707|admin:|client:|dataStream:|priority:0], old=null
2021-02-04 10:26:48,964 [grpc-default-executor-1] INFO  server.RaftServer$Division (RaftServerImpl.java:requestVote(1025)) - c2078e43-4e37-4d9c-99b0-bc0ef86d7b58@group-DCC2209809C3: receive requestVote(ELECTION, fdb3e943-d8be-440f-921f-162f76ce2c35, group-DCC2209809C3, 3, (t:0, i:0))
2021-02-04 10:26:48,964 [grpc-default-executor-1] INFO  impl.VoteContext (VoteContext.java:log(48)) - c2078e43-4e37-4d9c-99b0-bc0ef86d7b58@group-DCC2209809C3-FOLLOWER: reject ELECTION from fdb3e943-d8be-440f-921f-162f76ce2c35: our priority 1 > candidate's priority 0
2021-02-04 10:26:48,964 [grpc-default-executor-1] INFO  server.RaftServer$Division (RaftServerImpl.java:setRole(284)) - c2078e43-4e37-4d9c-99b0-bc0ef86d7b58@group-DCC2209809C3: changes role from  FOLLOWER to FOLLOWER at term 3 for candidate:fdb3e943-d8be-440f-921f-162f76ce2c35
2021-02-04 10:26:48,964 [grpc-default-executor-1] INFO  impl.RoleInfo (RoleInfo.java:shutdownFollowerState(108)) - c2078e43-4e37-4d9c-99b0-bc0ef86d7b58: shutdown c2078e43-4e37-4d9c-99b0-bc0ef86d7b58@group-DCC2209809C3-FollowerState
2021-02-04 10:26:48,964 [grpc-default-executor-1] INFO  impl.RoleInfo (RoleInfo.java:updateAndGet(130)) - c2078e43-4e37-4d9c-99b0-bc0ef86d7b58: start c2078e43-4e37-4d9c-99b0-bc0ef86d7b58@group-DCC2209809C3-FollowerState
2021-02-04 10:26:48,965 [Thread-597] INFO  impl.FollowerState (FollowerState.java:run(142)) - c2078e43-4e37-4d9c-99b0-bc0ef86d7b58@group-DCC2209809C3-FollowerState was interrupted: {}
java.lang.InterruptedException: sleep interrupted
	at java.lang.Thread.sleep(Native Method)
	at java.lang.Thread.sleep(Thread.java:340)
	at java.util.concurrent.TimeUnit.sleep(TimeUnit.java:386)
	at org.apache.ratis.util.TimeDuration.sleep(TimeDuration.java:324)
	at org.apache.ratis.util.TimeDuration.sleep(TimeDuration.java:309)
	at org.apache.ratis.server.impl.FollowerState.run(FollowerState.java:117)
2021-02-04 10:26:48,966 [grpc-default-executor-1] INFO  server.RaftServer$Division (RaftServerImpl.java:requestVote(1057)) - c2078e43-4e37-4d9c-99b0-bc0ef86d7b58@group-DCC2209809C3 replies to ELECTION vote request: fdb3e943-d8be-440f-921f-162f76ce2c35<-c2078e43-4e37-4d9c-99b0-bc0ef86d7b58#0:FAIL-t3. Peer's state: c2078e43-4e37-4d9c-99b0-bc0ef86d7b58@group-DCC2209809C3:t3, leader=null, voted=null, raftlog=c2078e43-4e37-4d9c-99b0-bc0ef86d7b58@group-DCC2209809C3-SegmentedRaftLog:OPENED:c-1,f-1,i0, conf=-1: [fdb3e943-d8be-440f-921f-162f76ce2c35|rpc:172.17.0.2:42057|admin:|client:|dataStream:|priority:0, c2078e43-4e37-4d9c-99b0-bc0ef86d7b58|rpc:172.17.0.2:41803|admin:|client:|dataStream:|priority:1, 2f878777-950a-4a0a-bcd5-5efd0c9eb4b8|rpc:172.17.0.2:43707|admin:|client:|dataStream:|priority:0], old=null
2021-02-04 10:26:48,968 [fdb3e943-d8be-440f-921f-162f76ce2c35@group-DCC2209809C3-LeaderElection15] INFO  impl.LeaderElection (LeaderElection.java:logAndReturn(89)) - fdb3e943-d8be-440f-921f-162f76ce2c35@group-DCC2209809C3-LeaderElection15: ELECTION REJECTED received 1 response(s) and 0 exception(s):
2021-02-04 10:26:48,968 [fdb3e943-d8be-440f-921f-162f76ce2c35@group-DCC2209809C3-LeaderElection15] INFO  impl.LeaderElection (LeaderElection.java:logAndReturn(93)) -   Response 0: fdb3e943-d8be-440f-921f-162f76ce2c35<-c2078e43-4e37-4d9c-99b0-bc0ef86d7b58#0:FAIL-t3
2021-02-04 10:26:48,968 [fdb3e943-d8be-440f-921f-162f76ce2c35@group-DCC2209809C3-LeaderElection15] INFO  impl.LeaderElection (LeaderElection.java:askForVotes(309)) - fdb3e943-d8be-440f-921f-162f76ce2c35@group-DCC2209809C3-LeaderElection15 ELECTION round 0: result REJECTED
2021-02-04 10:26:48,968 [fdb3e943-d8be-440f-921f-162f76ce2c35@group-DCC2209809C3-LeaderElection15] INFO  server.RaftServer$Division (RaftServerImpl.java:setRole(284)) - fdb3e943-d8be-440f-921f-162f76ce2c35@group-DCC2209809C3: changes role from CANDIDATE to FOLLOWER at term 3 for REJECTED
2021-02-04 10:26:48,968 [fdb3e943-d8be-440f-921f-162f76ce2c35@group-DCC2209809C3-LeaderElection15] INFO  impl.RoleInfo (RoleInfo.java:shutdownLeaderElection(121)) - fdb3e943-d8be-440f-921f-162f76ce2c35: shutdown fdb3e943-d8be-440f-921f-162f76ce2c35@group-DCC2209809C3-LeaderElection15
2021-02-04 10:26:48,968 [fdb3e943-d8be-440f-921f-162f76ce2c35@group-DCC2209809C3-LeaderElection15] INFO  impl.RoleInfo (RoleInfo.java:updateAndGet(130)) - fdb3e943-d8be-440f-921f-162f76ce2c35: start fdb3e943-d8be-440f-921f-162f76ce2c35@group-DCC2209809C3-FollowerState
2021-02-04 10:26:48,972 [grpc-default-executor-1] INFO  metrics.RatisMetrics (RatisMetrics.java:lambda$create$0(36)) - Creating Metrics Registry : ratis.server_message_metrics.2f878777-950a-4a0a-bcd5-5efd0c9eb4b8
2021-02-04 10:26:48,973 [grpc-default-executor-1] INFO  server.RaftServer$Division (RaftServerImpl.java:requestVote(1025)) - 2f878777-950a-4a0a-bcd5-5efd0c9eb4b8@group-DCC2209809C3: receive requestVote(ELECTION, fdb3e943-d8be-440f-921f-162f76ce2c35, group-DCC2209809C3, 3, (t:0, i:0))
2021-02-04 10:26:48,974 [grpc-default-executor-1] INFO  impl.VoteContext (VoteContext.java:log(48)) - 2f878777-950a-4a0a-bcd5-5efd0c9eb4b8@group-DCC2209809C3-FOLLOWER: accept ELECTION from fdb3e943-d8be-440f-921f-162f76ce2c35: our priority 0 <= candidate's priority 0
2021-02-04 10:26:48,974 [grpc-default-executor-1] INFO  server.RaftServer$Division (RaftServerImpl.java:setRole(284)) - 2f878777-950a-4a0a-bcd5-5efd0c9eb4b8@group-DCC2209809C3: changes role from  FOLLOWER to FOLLOWER at term 3 for candidate:fdb3e943-d8be-440f-921f-162f76ce2c35
2021-02-04 10:26:48,974 [grpc-default-executor-1] INFO  impl.RoleInfo (RoleInfo.java:shutdownFollowerState(108)) - 2f878777-950a-4a0a-bcd5-5efd0c9eb4b8: shutdown 2f878777-950a-4a0a-bcd5-5efd0c9eb4b8@group-DCC2209809C3-FollowerState
2021-02-04 10:26:48,974 [grpc-default-executor-1] INFO  impl.RoleInfo (RoleInfo.java:updateAndGet(130)) - 2f878777-950a-4a0a-bcd5-5efd0c9eb4b8: start 2f878777-950a-4a0a-bcd5-5efd0c9eb4b8@group-DCC2209809C3-FollowerState
2021-02-04 10:26:48,974 [Thread-598] INFO  impl.FollowerState (FollowerState.java:run(142)) - 2f878777-950a-4a0a-bcd5-5efd0c9eb4b8@group-DCC2209809C3-FollowerState was interrupted: {}
java.lang.InterruptedException: sleep interrupted
	at java.lang.Thread.sleep(Native Method)
	at java.lang.Thread.sleep(Thread.java:340)
	at java.util.concurrent.TimeUnit.sleep(TimeUnit.java:386)
	at org.apache.ratis.util.TimeDuration.sleep(TimeDuration.java:324)
	at org.apache.ratis.util.TimeDuration.sleep(TimeDuration.java:309)
	at org.apache.ratis.server.impl.FollowerState.run(FollowerState.java:117)
2021-02-04 10:26:48,985 [grpc-default-executor-1] INFO  server.RaftServer$Division (RaftServerImpl.java:requestVote(1057)) - 2f878777-950a-4a0a-bcd5-5efd0c9eb4b8@group-DCC2209809C3 replies to ELECTION vote request: fdb3e943-d8be-440f-921f-162f76ce2c35<-2f878777-950a-4a0a-bcd5-5efd0c9eb4b8#0:OK-t3. Peer's state: 2f878777-950a-4a0a-bcd5-5efd0c9eb4b8@group-DCC2209809C3:t3, leader=null, voted=fdb3e943-d8be-440f-921f-162f76ce2c35, raftlog=2f878777-950a-4a0a-bcd5-5efd0c9eb4b8@group-DCC2209809C3-SegmentedRaftLog:OPENED:c-1,f-1,i0, conf=-1: [fdb3e943-d8be-440f-921f-162f76ce2c35|rpc:172.17.0.2:42057|priority:0, c2078e43-4e37-4d9c-99b0-bc0ef86d7b58|rpc:172.17.0.2:41803|priority:1, 2f878777-950a-4a0a-bcd5-5efd0c9eb4b8|rpc:172.17.0.2:43707|priority:0], old=null
2021-02-04 10:26:49,169 [Listener at 127.0.0.1/36545] INFO  ozone.MiniOzoneClusterImpl (MiniOzoneClusterImpl.java:lambda$waitForClusterToBeReady$0(179)) - Nodes are ready. Got 3 of 3 DN Heartbeats.
2021-02-04 10:26:49,169 [Listener at 127.0.0.1/36545] INFO  ozone.MiniOzoneClusterImpl (MiniOzoneClusterImpl.java:lambda$waitForClusterToBeReady$0(182)) - Waiting for cluster to exit safe mode
2021-02-04 10:26:49,348 [EventQueue-PipelineReportForOneReplicaPipelineSafeModeRule] INFO  safemode.SCMSafeModeManager (SCMSafeModeManager.java:validateSafeModeExitRules(214)) - AtleastOneDatanodeReportedRule rule is successfully validated
2021-02-04 10:26:49,349 [EventQueue-OpenPipelineForHealthyPipelineSafeModeRule] INFO  safemode.SCMSafeModeManager (HealthyPipelineSafeModeRule.java:process(128)) - SCM in safe mode. Healthy pipelines reported count is 0, required healthy pipeline reported count is 1
2021-02-04 10:26:49,873 [EventQueue-PipelineReportForOneReplicaPipelineSafeModeRule] INFO  safemode.SCMSafeModeManager (SCMSafeModeManager.java:validateSafeModeExitRules(214)) - AtleastOneDatanodeReportedRule rule is successfully validated
2021-02-04 10:26:49,873 [EventQueue-OpenPipelineForHealthyPipelineSafeModeRule] INFO  safemode.SCMSafeModeManager (HealthyPipelineSafeModeRule.java:process(128)) - SCM in safe mode. Healthy pipelines reported count is 0, required healthy pipeline reported count is 1
2021-02-04 10:26:49,928 [EventQueue-PipelineReportForOneReplicaPipelineSafeModeRule] INFO  safemode.SCMSafeModeManager (SCMSafeModeManager.java:validateSafeModeExitRules(214)) - AtleastOneDatanodeReportedRule rule is successfully validated
2021-02-04 10:26:49,929 [EventQueue-OpenPipelineForHealthyPipelineSafeModeRule] INFO  safemode.SCMSafeModeManager (HealthyPipelineSafeModeRule.java:process(128)) - SCM in safe mode. Healthy pipelines reported count is 0, required healthy pipeline reported count is 1
2021-02-04 10:26:50,169 [Listener at 127.0.0.1/36545] INFO  ozone.MiniOzoneClusterImpl (MiniOzoneClusterImpl.java:lambda$waitForClusterToBeReady$0(179)) - Nodes are ready. Got 3 of 3 DN Heartbeats.
2021-02-04 10:26:50,170 [Listener at 127.0.0.1/36545] INFO  ozone.MiniOzoneClusterImpl (MiniOzoneClusterImpl.java:lambda$waitForClusterToBeReady$0(182)) - Waiting for cluster to exit safe mode
2021-02-04 10:26:50,348 [EventQueue-OpenPipelineForHealthyPipelineSafeModeRule] INFO  safemode.SCMSafeModeManager (HealthyPipelineSafeModeRule.java:process(128)) - SCM in safe mode. Healthy pipelines reported count is 0, required healthy pipeline reported count is 1
2021-02-04 10:26:50,348 [EventQueue-PipelineReportForOneReplicaPipelineSafeModeRule] INFO  safemode.SCMSafeModeManager (SCMSafeModeManager.java:validateSafeModeExitRules(214)) - AtleastOneDatanodeReportedRule rule is successfully validated
2021-02-04 10:26:50,873 [EventQueue-PipelineReportForOneReplicaPipelineSafeModeRule] INFO  safemode.SCMSafeModeManager (SCMSafeModeManager.java:validateSafeModeExitRules(214)) - AtleastOneDatanodeReportedRule rule is successfully validated
2021-02-04 10:26:50,873 [EventQueue-OpenPipelineForHealthyPipelineSafeModeRule] INFO  safemode.SCMSafeModeManager (HealthyPipelineSafeModeRule.java:process(128)) - SCM in safe mode. Healthy pipelines reported count is 0, required healthy pipeline reported count is 1
2021-02-04 10:26:50,928 [EventQueue-PipelineReportForOneReplicaPipelineSafeModeRule] INFO  safemode.SCMSafeModeManager (SCMSafeModeManager.java:validateSafeModeExitRules(214)) - AtleastOneDatanodeReportedRule rule is successfully validated
2021-02-04 10:26:50,929 [EventQueue-OpenPipelineForHealthyPipelineSafeModeRule] INFO  safemode.SCMSafeModeManager (HealthyPipelineSafeModeRule.java:process(128)) - SCM in safe mode. Healthy pipelines reported count is 0, required healthy pipeline reported count is 1
2021-02-04 10:26:51,170 [Listener at 127.0.0.1/36545] INFO  ozone.MiniOzoneClusterImpl (MiniOzoneClusterImpl.java:lambda$waitForClusterToBeReady$0(179)) - Nodes are ready. Got 3 of 3 DN Heartbeats.
2021-02-04 10:26:51,170 [Listener at 127.0.0.1/36545] INFO  ozone.MiniOzoneClusterImpl (MiniOzoneClusterImpl.java:lambda$waitForClusterToBeReady$0(182)) - Waiting for cluster to exit safe mode
2021-02-04 10:26:51,349 [EventQueue-PipelineReportForOneReplicaPipelineSafeModeRule] INFO  safemode.SCMSafeModeManager (SCMSafeModeManager.java:validateSafeModeExitRules(214)) - AtleastOneDatanodeReportedRule rule is successfully validated
2021-02-04 10:26:51,349 [EventQueue-OpenPipelineForHealthyPipelineSafeModeRule] INFO  safemode.SCMSafeModeManager (HealthyPipelineSafeModeRule.java:process(128)) - SCM in safe mode. Healthy pipelines reported count is 0, required healthy pipeline reported count is 1
2021-02-04 10:26:51,874 [EventQueue-OpenPipelineForHealthyPipelineSafeModeRule] INFO  safemode.SCMSafeModeManager (HealthyPipelineSafeModeRule.java:process(128)) - SCM in safe mode. Healthy pipelines reported count is 0, required healthy pipeline reported count is 1
2021-02-04 10:26:51,874 [EventQueue-PipelineReportForOneReplicaPipelineSafeModeRule] INFO  safemode.SCMSafeModeManager (SCMSafeModeManager.java:validateSafeModeExitRules(214)) - AtleastOneDatanodeReportedRule rule is successfully validated
2021-02-04 10:26:51,929 [EventQueue-PipelineReportForOneReplicaPipelineSafeModeRule] INFO  safemode.SCMSafeModeManager (SCMSafeModeManager.java:validateSafeModeExitRules(214)) - AtleastOneDatanodeReportedRule rule is successfully validated
2021-02-04 10:26:51,930 [EventQueue-OpenPipelineForHealthyPipelineSafeModeRule] INFO  safemode.SCMSafeModeManager (HealthyPipelineSafeModeRule.java:process(128)) - SCM in safe mode. Healthy pipelines reported count is 0, required healthy pipeline reported count is 1
2021-02-04 10:26:52,170 [Listener at 127.0.0.1/36545] INFO  ozone.MiniOzoneClusterImpl (MiniOzoneClusterImpl.java:lambda$waitForClusterToBeReady$0(179)) - Nodes are ready. Got 3 of 3 DN Heartbeats.
2021-02-04 10:26:52,171 [Listener at 127.0.0.1/36545] INFO  ozone.MiniOzoneClusterImpl (MiniOzoneClusterImpl.java:lambda$waitForClusterToBeReady$0(182)) - Waiting for cluster to exit safe mode
2021-02-04 10:26:52,349 [EventQueue-PipelineReportForOneReplicaPipelineSafeModeRule] INFO  safemode.SCMSafeModeManager (SCMSafeModeManager.java:validateSafeModeExitRules(214)) - AtleastOneDatanodeReportedRule rule is successfully validated
2021-02-04 10:26:52,349 [EventQueue-OpenPipelineForHealthyPipelineSafeModeRule] INFO  safemode.SCMSafeModeManager (HealthyPipelineSafeModeRule.java:process(128)) - SCM in safe mode. Healthy pipelines reported count is 0, required healthy pipeline reported count is 1
2021-02-04 10:26:52,874 [EventQueue-PipelineReportForOneReplicaPipelineSafeModeRule] INFO  safemode.SCMSafeModeManager (SCMSafeModeManager.java:validateSafeModeExitRules(214)) - AtleastOneDatanodeReportedRule rule is successfully validated
2021-02-04 10:26:52,875 [EventQueue-OpenPipelineForHealthyPipelineSafeModeRule] INFO  safemode.SCMSafeModeManager (HealthyPipelineSafeModeRule.java:process(128)) - SCM in safe mode. Healthy pipelines reported count is 0, required healthy pipeline reported count is 1
2021-02-04 10:26:52,929 [EventQueue-PipelineReportForOneReplicaPipelineSafeModeRule] INFO  safemode.SCMSafeModeManager (SCMSafeModeManager.java:validateSafeModeExitRules(214)) - AtleastOneDatanodeReportedRule rule is successfully validated
2021-02-04 10:26:52,929 [EventQueue-OpenPipelineForHealthyPipelineSafeModeRule] INFO  safemode.SCMSafeModeManager (HealthyPipelineSafeModeRule.java:process(128)) - SCM in safe mode. Healthy pipelines reported count is 0, required healthy pipeline reported count is 1
2021-02-04 10:26:53,171 [Listener at 127.0.0.1/36545] INFO  ozone.MiniOzoneClusterImpl (MiniOzoneClusterImpl.java:lambda$waitForClusterToBeReady$0(179)) - Nodes are ready. Got 3 of 3 DN Heartbeats.
2021-02-04 10:26:53,171 [Listener at 127.0.0.1/36545] INFO  ozone.MiniOzoneClusterImpl (MiniOzoneClusterImpl.java:lambda$waitForClusterToBeReady$0(182)) - Waiting for cluster to exit safe mode
2021-02-04 10:26:53,349 [EventQueue-PipelineReportForOneReplicaPipelineSafeModeRule] INFO  safemode.SCMSafeModeManager (SCMSafeModeManager.java:validateSafeModeExitRules(214)) - AtleastOneDatanodeReportedRule rule is successfully validated
2021-02-04 10:26:53,349 [EventQueue-OpenPipelineForHealthyPipelineSafeModeRule] INFO  safemode.SCMSafeModeManager (HealthyPipelineSafeModeRule.java:process(128)) - SCM in safe mode. Healthy pipelines reported count is 0, required healthy pipeline reported count is 1
2021-02-04 10:26:53,874 [EventQueue-PipelineReportForOneReplicaPipelineSafeModeRule] INFO  safemode.SCMSafeModeManager (SCMSafeModeManager.java:validateSafeModeExitRules(214)) - AtleastOneDatanodeReportedRule rule is successfully validated
2021-02-04 10:26:53,875 [EventQueue-OpenPipelineForHealthyPipelineSafeModeRule] INFO  safemode.SCMSafeModeManager (HealthyPipelineSafeModeRule.java:process(128)) - SCM in safe mode. Healthy pipelines reported count is 0, required healthy pipeline reported count is 1
2021-02-04 10:26:53,929 [EventQueue-PipelineReportForOneReplicaPipelineSafeModeRule] INFO  safemode.SCMSafeModeManager (SCMSafeModeManager.java:validateSafeModeExitRules(214)) - AtleastOneDatanodeReportedRule rule is successfully validated
2021-02-04 10:26:53,930 [EventQueue-OpenPipelineForHealthyPipelineSafeModeRule] INFO  safemode.SCMSafeModeManager (HealthyPipelineSafeModeRule.java:process(128)) - SCM in safe mode. Healthy pipelines reported count is 0, required healthy pipeline reported count is 1
2021-02-04 10:26:54,091 [Thread-603] INFO  impl.FollowerState (FollowerState.java:run(133)) - fdb3e943-d8be-440f-921f-162f76ce2c35@group-DCC2209809C3-FollowerState: change to CANDIDATE, lastRpcElapsedTime:5122388715ns, electionTimeout:5120ms
2021-02-04 10:26:54,091 [Thread-603] INFO  impl.RoleInfo (RoleInfo.java:shutdownFollowerState(108)) - fdb3e943-d8be-440f-921f-162f76ce2c35: shutdown fdb3e943-d8be-440f-921f-162f76ce2c35@group-DCC2209809C3-FollowerState
2021-02-04 10:26:54,091 [Thread-603] INFO  server.RaftServer$Division (RaftServerImpl.java:setRole(284)) - fdb3e943-d8be-440f-921f-162f76ce2c35@group-DCC2209809C3: changes role from  FOLLOWER to CANDIDATE at term 3 for changeToCandidate
2021-02-04 10:26:54,091 [Thread-603] INFO  server.RaftServerConfigKeys (ConfUtils.java:logGet(44)) - raft.server.leaderelection.pre-vote = false (custom)
2021-02-04 10:26:54,091 [Thread-603] INFO  impl.RoleInfo (RoleInfo.java:updateAndGet(130)) - fdb3e943-d8be-440f-921f-162f76ce2c35: start fdb3e943-d8be-440f-921f-162f76ce2c35@group-DCC2209809C3-LeaderElection16
2021-02-04 10:26:54,093 [fdb3e943-d8be-440f-921f-162f76ce2c35@group-DCC2209809C3-LeaderElection16] INFO  impl.LeaderElection (LeaderElection.java:askForVotes(307)) - fdb3e943-d8be-440f-921f-162f76ce2c35@group-DCC2209809C3-LeaderElection16 ELECTION round 0: submit vote requests at term 4 for -1: [fdb3e943-d8be-440f-921f-162f76ce2c35|rpc:172.17.0.2:42057|admin:|client:|dataStream:|priority:0, c2078e43-4e37-4d9c-99b0-bc0ef86d7b58|rpc:172.17.0.2:41803|admin:|client:|dataStream:|priority:1, 2f878777-950a-4a0a-bcd5-5efd0c9eb4b8|rpc:172.17.0.2:43707|admin:|client:|dataStream:|priority:0], old=null
2021-02-04 10:26:54,103 [Thread-602] INFO  impl.FollowerState (FollowerState.java:run(133)) - c2078e43-4e37-4d9c-99b0-bc0ef86d7b58@group-DCC2209809C3-FollowerState: change to CANDIDATE, lastRpcElapsedTime:5139182769ns, electionTimeout:5134ms
2021-02-04 10:26:54,103 [grpc-default-executor-1] INFO  server.RaftServer$Division (RaftServerImpl.java:requestVote(1025)) - c2078e43-4e37-4d9c-99b0-bc0ef86d7b58@group-DCC2209809C3: receive requestVote(ELECTION, fdb3e943-d8be-440f-921f-162f76ce2c35, group-DCC2209809C3, 4, (t:0, i:0))
2021-02-04 10:26:54,103 [Thread-602] INFO  impl.RoleInfo (RoleInfo.java:shutdownFollowerState(108)) - c2078e43-4e37-4d9c-99b0-bc0ef86d7b58: shutdown c2078e43-4e37-4d9c-99b0-bc0ef86d7b58@group-DCC2209809C3-FollowerState
2021-02-04 10:26:54,108 [grpc-default-executor-2] INFO  server.RaftServer$Division (RaftServerImpl.java:requestVote(1025)) - 2f878777-950a-4a0a-bcd5-5efd0c9eb4b8@group-DCC2209809C3: receive requestVote(ELECTION, fdb3e943-d8be-440f-921f-162f76ce2c35, group-DCC2209809C3, 4, (t:0, i:0))
2021-02-04 10:26:54,108 [Thread-602] INFO  server.RaftServer$Division (RaftServerImpl.java:setRole(284)) - c2078e43-4e37-4d9c-99b0-bc0ef86d7b58@group-DCC2209809C3: changes role from  FOLLOWER to CANDIDATE at term 3 for changeToCandidate
2021-02-04 10:26:54,109 [Thread-602] INFO  server.RaftServerConfigKeys (ConfUtils.java:logGet(44)) - raft.server.leaderelection.pre-vote = false (custom)
2021-02-04 10:26:54,109 [Thread-602] INFO  impl.RoleInfo (RoleInfo.java:updateAndGet(130)) - c2078e43-4e37-4d9c-99b0-bc0ef86d7b58: start c2078e43-4e37-4d9c-99b0-bc0ef86d7b58@group-DCC2209809C3-LeaderElection17
2021-02-04 10:26:54,109 [grpc-default-executor-2] INFO  impl.VoteContext (VoteContext.java:log(48)) - 2f878777-950a-4a0a-bcd5-5efd0c9eb4b8@group-DCC2209809C3-FOLLOWER: accept ELECTION from fdb3e943-d8be-440f-921f-162f76ce2c35: our priority 0 <= candidate's priority 0
2021-02-04 10:26:54,109 [grpc-default-executor-2] INFO  server.RaftServer$Division (RaftServerImpl.java:setRole(284)) - 2f878777-950a-4a0a-bcd5-5efd0c9eb4b8@group-DCC2209809C3: changes role from  FOLLOWER to FOLLOWER at term 4 for candidate:fdb3e943-d8be-440f-921f-162f76ce2c35
2021-02-04 10:26:54,109 [grpc-default-executor-2] INFO  impl.RoleInfo (RoleInfo.java:shutdownFollowerState(108)) - 2f878777-950a-4a0a-bcd5-5efd0c9eb4b8: shutdown 2f878777-950a-4a0a-bcd5-5efd0c9eb4b8@group-DCC2209809C3-FollowerState
2021-02-04 10:26:54,110 [grpc-default-executor-2] INFO  impl.RoleInfo (RoleInfo.java:updateAndGet(130)) - 2f878777-950a-4a0a-bcd5-5efd0c9eb4b8: start 2f878777-950a-4a0a-bcd5-5efd0c9eb4b8@group-DCC2209809C3-FollowerState
2021-02-04 10:26:54,110 [Thread-604] INFO  impl.FollowerState (FollowerState.java:run(142)) - 2f878777-950a-4a0a-bcd5-5efd0c9eb4b8@group-DCC2209809C3-FollowerState was interrupted: {}
java.lang.InterruptedException: sleep interrupted
	at java.lang.Thread.sleep(Native Method)
	at java.lang.Thread.sleep(Thread.java:340)
	at java.util.concurrent.TimeUnit.sleep(TimeUnit.java:386)
	at org.apache.ratis.util.TimeDuration.sleep(TimeDuration.java:324)
	at org.apache.ratis.util.TimeDuration.sleep(TimeDuration.java:309)
	at org.apache.ratis.server.impl.FollowerState.run(FollowerState.java:117)
2021-02-04 10:26:54,110 [grpc-default-executor-1] INFO  impl.VoteContext (VoteContext.java:log(48)) - c2078e43-4e37-4d9c-99b0-bc0ef86d7b58@group-DCC2209809C3-CANDIDATE: reject ELECTION from fdb3e943-d8be-440f-921f-162f76ce2c35: our priority 1 > candidate's priority 0
2021-02-04 10:26:54,110 [grpc-default-executor-1] INFO  server.RaftServer$Division (RaftServerImpl.java:setRole(284)) - c2078e43-4e37-4d9c-99b0-bc0ef86d7b58@group-DCC2209809C3: changes role from CANDIDATE to FOLLOWER at term 4 for candidate:fdb3e943-d8be-440f-921f-162f76ce2c35
2021-02-04 10:26:54,110 [grpc-default-executor-1] INFO  impl.RoleInfo (RoleInfo.java:shutdownLeaderElection(121)) - c2078e43-4e37-4d9c-99b0-bc0ef86d7b58: shutdown c2078e43-4e37-4d9c-99b0-bc0ef86d7b58@group-DCC2209809C3-LeaderElection17
2021-02-04 10:26:54,111 [c2078e43-4e37-4d9c-99b0-bc0ef86d7b58@group-DCC2209809C3-LeaderElection17] INFO  impl.LeaderElection (LeaderElection.java:run(231)) - c2078e43-4e37-4d9c-99b0-bc0ef86d7b58@group-DCC2209809C3-LeaderElection17: skip running since this is already CLOSING
2021-02-04 10:26:54,112 [grpc-default-executor-1] INFO  impl.RoleInfo (RoleInfo.java:updateAndGet(130)) - c2078e43-4e37-4d9c-99b0-bc0ef86d7b58: start c2078e43-4e37-4d9c-99b0-bc0ef86d7b58@group-DCC2209809C3-FollowerState
2021-02-04 10:26:54,112 [grpc-default-executor-2] INFO  server.RaftServer$Division (RaftServerImpl.java:requestVote(1057)) - 2f878777-950a-4a0a-bcd5-5efd0c9eb4b8@group-DCC2209809C3 replies to ELECTION vote request: fdb3e943-d8be-440f-921f-162f76ce2c35<-2f878777-950a-4a0a-bcd5-5efd0c9eb4b8#0:OK-t4. Peer's state: 2f878777-950a-4a0a-bcd5-5efd0c9eb4b8@group-DCC2209809C3:t4, leader=null, voted=fdb3e943-d8be-440f-921f-162f76ce2c35, raftlog=2f878777-950a-4a0a-bcd5-5efd0c9eb4b8@group-DCC2209809C3-SegmentedRaftLog:OPENED:c-1,f-1,i0, conf=-1: [fdb3e943-d8be-440f-921f-162f76ce2c35|rpc:172.17.0.2:42057|priority:0, c2078e43-4e37-4d9c-99b0-bc0ef86d7b58|rpc:172.17.0.2:41803|priority:1, 2f878777-950a-4a0a-bcd5-5efd0c9eb4b8|rpc:172.17.0.2:43707|priority:0], old=null
2021-02-04 10:26:54,114 [grpc-default-executor-1] INFO  server.RaftServer$Division (RaftServerImpl.java:requestVote(1057)) - c2078e43-4e37-4d9c-99b0-bc0ef86d7b58@group-DCC2209809C3 replies to ELECTION vote request: fdb3e943-d8be-440f-921f-162f76ce2c35<-c2078e43-4e37-4d9c-99b0-bc0ef86d7b58#0:FAIL-t4. Peer's state: c2078e43-4e37-4d9c-99b0-bc0ef86d7b58@group-DCC2209809C3:t4, leader=null, voted=null, raftlog=c2078e43-4e37-4d9c-99b0-bc0ef86d7b58@group-DCC2209809C3-SegmentedRaftLog:OPENED:c-1,f-1,i0, conf=-1: [fdb3e943-d8be-440f-921f-162f76ce2c35|rpc:172.17.0.2:42057|admin:|client:|dataStream:|priority:0, c2078e43-4e37-4d9c-99b0-bc0ef86d7b58|rpc:172.17.0.2:41803|admin:|client:|dataStream:|priority:1, 2f878777-950a-4a0a-bcd5-5efd0c9eb4b8|rpc:172.17.0.2:43707|admin:|client:|dataStream:|priority:0], old=null
2021-02-04 10:26:54,115 [fdb3e943-d8be-440f-921f-162f76ce2c35@group-DCC2209809C3-LeaderElection16] INFO  impl.LeaderElection (LeaderElection.java:logAndReturn(89)) - fdb3e943-d8be-440f-921f-162f76ce2c35@group-DCC2209809C3-LeaderElection16: ELECTION REJECTED received 2 response(s) and 0 exception(s):
2021-02-04 10:26:54,116 [fdb3e943-d8be-440f-921f-162f76ce2c35@group-DCC2209809C3-LeaderElection16] INFO  impl.LeaderElection (LeaderElection.java:logAndReturn(93)) -   Response 0: fdb3e943-d8be-440f-921f-162f76ce2c35<-c2078e43-4e37-4d9c-99b0-bc0ef86d7b58#0:FAIL-t4
2021-02-04 10:26:54,116 [fdb3e943-d8be-440f-921f-162f76ce2c35@group-DCC2209809C3-LeaderElection16] INFO  impl.LeaderElection (LeaderElection.java:logAndReturn(93)) -   Response 1: fdb3e943-d8be-440f-921f-162f76ce2c35<-2f878777-950a-4a0a-bcd5-5efd0c9eb4b8#0:OK-t4
2021-02-04 10:26:54,116 [fdb3e943-d8be-440f-921f-162f76ce2c35@group-DCC2209809C3-LeaderElection16] INFO  impl.LeaderElection (LeaderElection.java:askForVotes(309)) - fdb3e943-d8be-440f-921f-162f76ce2c35@group-DCC2209809C3-LeaderElection16 ELECTION round 0: result REJECTED
2021-02-04 10:26:54,116 [fdb3e943-d8be-440f-921f-162f76ce2c35@group-DCC2209809C3-LeaderElection16] INFO  server.RaftServer$Division (RaftServerImpl.java:setRole(284)) - fdb3e943-d8be-440f-921f-162f76ce2c35@group-DCC2209809C3: changes role from CANDIDATE to FOLLOWER at term 4 for REJECTED
2021-02-04 10:26:54,116 [fdb3e943-d8be-440f-921f-162f76ce2c35@group-DCC2209809C3-LeaderElection16] INFO  impl.RoleInfo (RoleInfo.java:shutdownLeaderElection(121)) - fdb3e943-d8be-440f-921f-162f76ce2c35: shutdown fdb3e943-d8be-440f-921f-162f76ce2c35@group-DCC2209809C3-LeaderElection16
2021-02-04 10:26:54,116 [fdb3e943-d8be-440f-921f-162f76ce2c35@group-DCC2209809C3-LeaderElection16] INFO  impl.RoleInfo (RoleInfo.java:updateAndGet(130)) - fdb3e943-d8be-440f-921f-162f76ce2c35: start fdb3e943-d8be-440f-921f-162f76ce2c35@group-DCC2209809C3-FollowerState
2021-02-04 10:26:54,171 [Listener at 127.0.0.1/36545] INFO  ozone.MiniOzoneClusterImpl (MiniOzoneClusterImpl.java:lambda$waitForClusterToBeReady$0(179)) - Nodes are ready. Got 3 of 3 DN Heartbeats.
2021-02-04 10:26:54,172 [Listener at 127.0.0.1/36545] INFO  ozone.MiniOzoneClusterImpl (MiniOzoneClusterImpl.java:lambda$waitForClusterToBeReady$0(182)) - Waiting for cluster to exit safe mode
2021-02-04 10:26:54,349 [EventQueue-PipelineReportForOneReplicaPipelineSafeModeRule] INFO  safemode.SCMSafeModeManager (SCMSafeModeManager.java:validateSafeModeExitRules(214)) - AtleastOneDatanodeReportedRule rule is successfully validated
2021-02-04 10:26:54,349 [EventQueue-OpenPipelineForHealthyPipelineSafeModeRule] INFO  safemode.SCMSafeModeManager (HealthyPipelineSafeModeRule.java:process(128)) - SCM in safe mode. Healthy pipelines reported count is 0, required healthy pipeline reported count is 1
2021-02-04 10:26:54,874 [EventQueue-PipelineReportForOneReplicaPipelineSafeModeRule] INFO  safemode.SCMSafeModeManager (SCMSafeModeManager.java:validateSafeModeExitRules(214)) - AtleastOneDatanodeReportedRule rule is successfully validated
2021-02-04 10:26:54,875 [EventQueue-OpenPipelineForHealthyPipelineSafeModeRule] INFO  safemode.SCMSafeModeManager (HealthyPipelineSafeModeRule.java:process(128)) - SCM in safe mode. Healthy pipelines reported count is 0, required healthy pipeline reported count is 1
2021-02-04 10:26:54,929 [EventQueue-OpenPipelineForHealthyPipelineSafeModeRule] INFO  safemode.SCMSafeModeManager (HealthyPipelineSafeModeRule.java:process(128)) - SCM in safe mode. Healthy pipelines reported count is 0, required healthy pipeline reported count is 1
2021-02-04 10:26:54,929 [EventQueue-PipelineReportForOneReplicaPipelineSafeModeRule] INFO  safemode.SCMSafeModeManager (SCMSafeModeManager.java:validateSafeModeExitRules(214)) - AtleastOneDatanodeReportedRule rule is successfully validated
2021-02-04 10:26:55,173 [Listener at 127.0.0.1/36545] INFO  ozone.MiniOzoneClusterImpl (MiniOzoneClusterImpl.java:lambda$waitForClusterToBeReady$0(179)) - Nodes are ready. Got 3 of 3 DN Heartbeats.
2021-02-04 10:26:55,173 [Listener at 127.0.0.1/36545] INFO  ozone.MiniOzoneClusterImpl (MiniOzoneClusterImpl.java:lambda$waitForClusterToBeReady$0(182)) - Waiting for cluster to exit safe mode
2021-02-04 10:26:55,349 [EventQueue-PipelineReportForOneReplicaPipelineSafeModeRule] INFO  safemode.SCMSafeModeManager (SCMSafeModeManager.java:validateSafeModeExitRules(214)) - AtleastOneDatanodeReportedRule rule is successfully validated
2021-02-04 10:26:55,350 [EventQueue-OpenPipelineForHealthyPipelineSafeModeRule] INFO  safemode.SCMSafeModeManager (HealthyPipelineSafeModeRule.java:process(128)) - SCM in safe mode. Healthy pipelines reported count is 0, required healthy pipeline reported count is 1
2021-02-04 10:26:55,874 [EventQueue-PipelineReportForOneReplicaPipelineSafeModeRule] INFO  safemode.SCMSafeModeManager (SCMSafeModeManager.java:validateSafeModeExitRules(214)) - AtleastOneDatanodeReportedRule rule is successfully validated
2021-02-04 10:26:55,874 [EventQueue-OpenPipelineForHealthyPipelineSafeModeRule] INFO  safemode.SCMSafeModeManager (HealthyPipelineSafeModeRule.java:process(128)) - SCM in safe mode. Healthy pipelines reported count is 0, required healthy pipeline reported count is 1
2021-02-04 10:26:55,929 [EventQueue-PipelineReportForOneReplicaPipelineSafeModeRule] INFO  safemode.SCMSafeModeManager (SCMSafeModeManager.java:validateSafeModeExitRules(214)) - AtleastOneDatanodeReportedRule rule is successfully validated
2021-02-04 10:26:55,929 [EventQueue-OpenPipelineForHealthyPipelineSafeModeRule] INFO  safemode.SCMSafeModeManager (HealthyPipelineSafeModeRule.java:process(128)) - SCM in safe mode. Healthy pipelines reported count is 0, required healthy pipeline reported count is 1
2021-02-04 10:26:56,173 [Listener at 127.0.0.1/36545] INFO  ozone.MiniOzoneClusterImpl (MiniOzoneClusterImpl.java:lambda$waitForClusterToBeReady$0(179)) - Nodes are ready. Got 3 of 3 DN Heartbeats.
2021-02-04 10:26:56,173 [Listener at 127.0.0.1/36545] INFO  ozone.MiniOzoneClusterImpl (MiniOzoneClusterImpl.java:lambda$waitForClusterToBeReady$0(182)) - Waiting for cluster to exit safe mode
2021-02-04 10:26:56,350 [EventQueue-OpenPipelineForHealthyPipelineSafeModeRule] INFO  safemode.SCMSafeModeManager (HealthyPipelineSafeModeRule.java:process(128)) - SCM in safe mode. Healthy pipelines reported count is 0, required healthy pipeline reported count is 1
2021-02-04 10:26:56,351 [EventQueue-PipelineReportForOneReplicaPipelineSafeModeRule] INFO  safemode.SCMSafeModeManager (SCMSafeModeManager.java:validateSafeModeExitRules(214)) - AtleastOneDatanodeReportedRule rule is successfully validated
2021-02-04 10:26:56,874 [EventQueue-PipelineReportForOneReplicaPipelineSafeModeRule] INFO  safemode.SCMSafeModeManager (SCMSafeModeManager.java:validateSafeModeExitRules(214)) - AtleastOneDatanodeReportedRule rule is successfully validated
2021-02-04 10:26:56,874 [EventQueue-OpenPipelineForHealthyPipelineSafeModeRule] INFO  safemode.SCMSafeModeManager (HealthyPipelineSafeModeRule.java:process(128)) - SCM in safe mode. Healthy pipelines reported count is 0, required healthy pipeline reported count is 1
2021-02-04 10:26:56,929 [EventQueue-OpenPipelineForHealthyPipelineSafeModeRule] INFO  safemode.SCMSafeModeManager (HealthyPipelineSafeModeRule.java:process(128)) - SCM in safe mode. Healthy pipelines reported count is 0, required healthy pipeline reported count is 1
2021-02-04 10:26:56,929 [EventQueue-PipelineReportForOneReplicaPipelineSafeModeRule] INFO  safemode.SCMSafeModeManager (SCMSafeModeManager.java:validateSafeModeExitRules(214)) - AtleastOneDatanodeReportedRule rule is successfully validated
2021-02-04 10:26:57,174 [Listener at 127.0.0.1/36545] INFO  ozone.MiniOzoneClusterImpl (MiniOzoneClusterImpl.java:lambda$waitForClusterToBeReady$0(179)) - Nodes are ready. Got 3 of 3 DN Heartbeats.
2021-02-04 10:26:57,174 [Listener at 127.0.0.1/36545] INFO  ozone.MiniOzoneClusterImpl (MiniOzoneClusterImpl.java:lambda$waitForClusterToBeReady$0(182)) - Waiting for cluster to exit safe mode
2021-02-04 10:26:57,349 [EventQueue-PipelineReportForOneReplicaPipelineSafeModeRule] INFO  safemode.SCMSafeModeManager (SCMSafeModeManager.java:validateSafeModeExitRules(214)) - AtleastOneDatanodeReportedRule rule is successfully validated
2021-02-04 10:26:57,349 [EventQueue-OpenPipelineForHealthyPipelineSafeModeRule] INFO  safemode.SCMSafeModeManager (HealthyPipelineSafeModeRule.java:process(128)) - SCM in safe mode. Healthy pipelines reported count is 0, required healthy pipeline reported count is 1
2021-02-04 10:26:57,874 [EventQueue-OpenPipelineForHealthyPipelineSafeModeRule] INFO  safemode.SCMSafeModeManager (HealthyPipelineSafeModeRule.java:process(128)) - SCM in safe mode. Healthy pipelines reported count is 0, required healthy pipeline reported count is 1
2021-02-04 10:26:57,874 [EventQueue-PipelineReportForOneReplicaPipelineSafeModeRule] INFO  safemode.SCMSafeModeManager (SCMSafeModeManager.java:validateSafeModeExitRules(214)) - AtleastOneDatanodeReportedRule rule is successfully validated
2021-02-04 10:26:57,929 [EventQueue-PipelineReportForOneReplicaPipelineSafeModeRule] INFO  safemode.SCMSafeModeManager (SCMSafeModeManager.java:validateSafeModeExitRules(214)) - AtleastOneDatanodeReportedRule rule is successfully validated
2021-02-04 10:26:57,929 [EventQueue-OpenPipelineForHealthyPipelineSafeModeRule] INFO  safemode.SCMSafeModeManager (HealthyPipelineSafeModeRule.java:process(128)) - SCM in safe mode. Healthy pipelines reported count is 0, required healthy pipeline reported count is 1
2021-02-04 10:26:58,174 [Listener at 127.0.0.1/36545] INFO  ozone.MiniOzoneClusterImpl (MiniOzoneClusterImpl.java:lambda$waitForClusterToBeReady$0(179)) - Nodes are ready. Got 3 of 3 DN Heartbeats.
2021-02-04 10:26:58,174 [Listener at 127.0.0.1/36545] INFO  ozone.MiniOzoneClusterImpl (MiniOzoneClusterImpl.java:lambda$waitForClusterToBeReady$0(182)) - Waiting for cluster to exit safe mode
2021-02-04 10:26:58,349 [EventQueue-PipelineReportForOneReplicaPipelineSafeModeRule] INFO  safemode.SCMSafeModeManager (SCMSafeModeManager.java:validateSafeModeExitRules(214)) - AtleastOneDatanodeReportedRule rule is successfully validated
2021-02-04 10:26:58,349 [EventQueue-OpenPipelineForHealthyPipelineSafeModeRule] INFO  safemode.SCMSafeModeManager (HealthyPipelineSafeModeRule.java:process(128)) - SCM in safe mode. Healthy pipelines reported count is 0, required healthy pipeline reported count is 1
2021-02-04 10:26:58,874 [EventQueue-PipelineReportForOneReplicaPipelineSafeModeRule] INFO  safemode.SCMSafeModeManager (SCMSafeModeManager.java:validateSafeModeExitRules(214)) - AtleastOneDatanodeReportedRule rule is successfully validated
2021-02-04 10:26:58,874 [EventQueue-OpenPipelineForHealthyPipelineSafeModeRule] INFO  safemode.SCMSafeModeManager (HealthyPipelineSafeModeRule.java:process(128)) - SCM in safe mode. Healthy pipelines reported count is 0, required healthy pipeline reported count is 1
2021-02-04 10:26:58,929 [EventQueue-PipelineReportForOneReplicaPipelineSafeModeRule] INFO  safemode.SCMSafeModeManager (SCMSafeModeManager.java:validateSafeModeExitRules(214)) - AtleastOneDatanodeReportedRule rule is successfully validated
2021-02-04 10:26:58,929 [EventQueue-OpenPipelineForHealthyPipelineSafeModeRule] INFO  safemode.SCMSafeModeManager (HealthyPipelineSafeModeRule.java:process(128)) - SCM in safe mode. Healthy pipelines reported count is 0, required healthy pipeline reported count is 1
2021-02-04 10:26:59,138 [Thread-609] INFO  impl.FollowerState (FollowerState.java:run(133)) - 2f878777-950a-4a0a-bcd5-5efd0c9eb4b8@group-DCC2209809C3-FollowerState: change to CANDIDATE, lastRpcElapsedTime:5026007386ns, electionTimeout:5023ms
2021-02-04 10:26:59,138 [Thread-609] INFO  impl.RoleInfo (RoleInfo.java:shutdownFollowerState(108)) - 2f878777-950a-4a0a-bcd5-5efd0c9eb4b8: shutdown 2f878777-950a-4a0a-bcd5-5efd0c9eb4b8@group-DCC2209809C3-FollowerState
2021-02-04 10:26:59,138 [Thread-609] INFO  server.RaftServer$Division (RaftServerImpl.java:setRole(284)) - 2f878777-950a-4a0a-bcd5-5efd0c9eb4b8@group-DCC2209809C3: changes role from  FOLLOWER to CANDIDATE at term 4 for changeToCandidate
2021-02-04 10:26:59,138 [Thread-609] INFO  server.RaftServerConfigKeys (ConfUtils.java:logGet(44)) - raft.server.leaderelection.pre-vote = false (custom)
2021-02-04 10:26:59,138 [Thread-609] INFO  impl.RoleInfo (RoleInfo.java:updateAndGet(130)) - 2f878777-950a-4a0a-bcd5-5efd0c9eb4b8: start 2f878777-950a-4a0a-bcd5-5efd0c9eb4b8@group-DCC2209809C3-LeaderElection18
2021-02-04 10:26:59,141 [2f878777-950a-4a0a-bcd5-5efd0c9eb4b8@group-DCC2209809C3-LeaderElection18] INFO  impl.LeaderElection (LeaderElection.java:askForVotes(307)) - 2f878777-950a-4a0a-bcd5-5efd0c9eb4b8@group-DCC2209809C3-LeaderElection18 ELECTION round 0: submit vote requests at term 5 for -1: [fdb3e943-d8be-440f-921f-162f76ce2c35|rpc:172.17.0.2:42057|priority:0, c2078e43-4e37-4d9c-99b0-bc0ef86d7b58|rpc:172.17.0.2:41803|priority:1, 2f878777-950a-4a0a-bcd5-5efd0c9eb4b8|rpc:172.17.0.2:43707|priority:0], old=null
2021-02-04 10:26:59,148 [grpc-default-executor-1] INFO  server.RaftServer$Division (RaftServerImpl.java:requestVote(1025)) - fdb3e943-d8be-440f-921f-162f76ce2c35@group-DCC2209809C3: receive requestVote(ELECTION, 2f878777-950a-4a0a-bcd5-5efd0c9eb4b8, group-DCC2209809C3, 5, (t:0, i:0))
2021-02-04 10:26:59,148 [grpc-default-executor-1] INFO  impl.VoteContext (VoteContext.java:log(48)) - fdb3e943-d8be-440f-921f-162f76ce2c35@group-DCC2209809C3-FOLLOWER: accept ELECTION from 2f878777-950a-4a0a-bcd5-5efd0c9eb4b8: our priority 0 <= candidate's priority 0
2021-02-04 10:26:59,148 [grpc-default-executor-1] INFO  server.RaftServer$Division (RaftServerImpl.java:setRole(284)) - fdb3e943-d8be-440f-921f-162f76ce2c35@group-DCC2209809C3: changes role from  FOLLOWER to FOLLOWER at term 5 for candidate:2f878777-950a-4a0a-bcd5-5efd0c9eb4b8
2021-02-04 10:26:59,148 [grpc-default-executor-1] INFO  impl.RoleInfo (RoleInfo.java:shutdownFollowerState(108)) - fdb3e943-d8be-440f-921f-162f76ce2c35: shutdown fdb3e943-d8be-440f-921f-162f76ce2c35@group-DCC2209809C3-FollowerState
2021-02-04 10:26:59,148 [grpc-default-executor-1] INFO  impl.RoleInfo (RoleInfo.java:updateAndGet(130)) - fdb3e943-d8be-440f-921f-162f76ce2c35: start fdb3e943-d8be-440f-921f-162f76ce2c35@group-DCC2209809C3-FollowerState
2021-02-04 10:26:59,148 [Thread-611] INFO  impl.FollowerState (FollowerState.java:run(142)) - fdb3e943-d8be-440f-921f-162f76ce2c35@group-DCC2209809C3-FollowerState was interrupted: {}
java.lang.InterruptedException: sleep interrupted
	at java.lang.Thread.sleep(Native Method)
	at java.lang.Thread.sleep(Thread.java:340)
	at java.util.concurrent.TimeUnit.sleep(TimeUnit.java:386)
	at org.apache.ratis.util.TimeDuration.sleep(TimeDuration.java:324)
	at org.apache.ratis.util.TimeDuration.sleep(TimeDuration.java:309)
	at org.apache.ratis.server.impl.FollowerState.run(FollowerState.java:117)
2021-02-04 10:26:59,149 [grpc-default-executor-1] INFO  server.RaftServer$Division (RaftServerImpl.java:requestVote(1057)) - fdb3e943-d8be-440f-921f-162f76ce2c35@group-DCC2209809C3 replies to ELECTION vote request: 2f878777-950a-4a0a-bcd5-5efd0c9eb4b8<-fdb3e943-d8be-440f-921f-162f76ce2c35#0:OK-t5. Peer's state: fdb3e943-d8be-440f-921f-162f76ce2c35@group-DCC2209809C3:t5, leader=null, voted=2f878777-950a-4a0a-bcd5-5efd0c9eb4b8, raftlog=fdb3e943-d8be-440f-921f-162f76ce2c35@group-DCC2209809C3-SegmentedRaftLog:OPENED:c-1,f-1,i0, conf=-1: [fdb3e943-d8be-440f-921f-162f76ce2c35|rpc:172.17.0.2:42057|admin:|client:|dataStream:|priority:0, c2078e43-4e37-4d9c-99b0-bc0ef86d7b58|rpc:172.17.0.2:41803|admin:|client:|dataStream:|priority:1, 2f878777-950a-4a0a-bcd5-5efd0c9eb4b8|rpc:172.17.0.2:43707|admin:|client:|dataStream:|priority:0], old=null
2021-02-04 10:26:59,152 [grpc-default-executor-2] INFO  server.RaftServer$Division (RaftServerImpl.java:requestVote(1025)) - c2078e43-4e37-4d9c-99b0-bc0ef86d7b58@group-DCC2209809C3: receive requestVote(ELECTION, 2f878777-950a-4a0a-bcd5-5efd0c9eb4b8, group-DCC2209809C3, 5, (t:0, i:0))
2021-02-04 10:26:59,152 [grpc-default-executor-2] INFO  impl.VoteContext (VoteContext.java:log(48)) - c2078e43-4e37-4d9c-99b0-bc0ef86d7b58@group-DCC2209809C3-FOLLOWER: reject ELECTION from 2f878777-950a-4a0a-bcd5-5efd0c9eb4b8: our priority 1 > candidate's priority 0
2021-02-04 10:26:59,152 [grpc-default-executor-2] INFO  server.RaftServer$Division (RaftServerImpl.java:setRole(284)) - c2078e43-4e37-4d9c-99b0-bc0ef86d7b58@group-DCC2209809C3: changes role from  FOLLOWER to FOLLOWER at term 5 for candidate:2f878777-950a-4a0a-bcd5-5efd0c9eb4b8
2021-02-04 10:26:59,152 [grpc-default-executor-2] INFO  impl.RoleInfo (RoleInfo.java:shutdownFollowerState(108)) - c2078e43-4e37-4d9c-99b0-bc0ef86d7b58: shutdown c2078e43-4e37-4d9c-99b0-bc0ef86d7b58@group-DCC2209809C3-FollowerState
2021-02-04 10:26:59,152 [grpc-default-executor-2] INFO  impl.RoleInfo (RoleInfo.java:updateAndGet(130)) - c2078e43-4e37-4d9c-99b0-bc0ef86d7b58: start c2078e43-4e37-4d9c-99b0-bc0ef86d7b58@group-DCC2209809C3-FollowerState
2021-02-04 10:26:59,152 [Thread-610] INFO  impl.FollowerState (FollowerState.java:run(142)) - c2078e43-4e37-4d9c-99b0-bc0ef86d7b58@group-DCC2209809C3-FollowerState was interrupted: {}
java.lang.InterruptedException: sleep interrupted
	at java.lang.Thread.sleep(Native Method)
	at java.lang.Thread.sleep(Thread.java:340)
	at java.util.concurrent.TimeUnit.sleep(TimeUnit.java:386)
	at org.apache.ratis.util.TimeDuration.sleep(TimeDuration.java:324)
	at org.apache.ratis.util.TimeDuration.sleep(TimeDuration.java:309)
	at org.apache.ratis.server.impl.FollowerState.run(FollowerState.java:117)
2021-02-04 10:26:59,157 [grpc-default-executor-2] INFO  server.RaftServer$Division (RaftServerImpl.java:requestVote(1057)) - c2078e43-4e37-4d9c-99b0-bc0ef86d7b58@group-DCC2209809C3 replies to ELECTION vote request: 2f878777-950a-4a0a-bcd5-5efd0c9eb4b8<-c2078e43-4e37-4d9c-99b0-bc0ef86d7b58#0:FAIL-t5. Peer's state: c2078e43-4e37-4d9c-99b0-bc0ef86d7b58@group-DCC2209809C3:t5, leader=null, voted=null, raftlog=c2078e43-4e37-4d9c-99b0-bc0ef86d7b58@group-DCC2209809C3-SegmentedRaftLog:OPENED:c-1,f-1,i0, conf=-1: [fdb3e943-d8be-440f-921f-162f76ce2c35|rpc:172.17.0.2:42057|admin:|client:|dataStream:|priority:0, c2078e43-4e37-4d9c-99b0-bc0ef86d7b58|rpc:172.17.0.2:41803|admin:|client:|dataStream:|priority:1, 2f878777-950a-4a0a-bcd5-5efd0c9eb4b8|rpc:172.17.0.2:43707|admin:|client:|dataStream:|priority:0], old=null
2021-02-04 10:26:59,158 [2f878777-950a-4a0a-bcd5-5efd0c9eb4b8@group-DCC2209809C3-LeaderElection18] INFO  impl.LeaderElection (LeaderElection.java:logAndReturn(89)) - 2f878777-950a-4a0a-bcd5-5efd0c9eb4b8@group-DCC2209809C3-LeaderElection18: ELECTION REJECTED received 1 response(s) and 0 exception(s):
2021-02-04 10:26:59,158 [2f878777-950a-4a0a-bcd5-5efd0c9eb4b8@group-DCC2209809C3-LeaderElection18] INFO  impl.LeaderElection (LeaderElection.java:logAndReturn(93)) -   Response 0: 2f878777-950a-4a0a-bcd5-5efd0c9eb4b8<-c2078e43-4e37-4d9c-99b0-bc0ef86d7b58#0:FAIL-t5
2021-02-04 10:26:59,158 [2f878777-950a-4a0a-bcd5-5efd0c9eb4b8@group-DCC2209809C3-LeaderElection18] INFO  impl.LeaderElection (LeaderElection.java:askForVotes(309)) - 2f878777-950a-4a0a-bcd5-5efd0c9eb4b8@group-DCC2209809C3-LeaderElection18 ELECTION round 0: result REJECTED
2021-02-04 10:26:59,158 [2f878777-950a-4a0a-bcd5-5efd0c9eb4b8@group-DCC2209809C3-LeaderElection18] INFO  server.RaftServer$Division (RaftServerImpl.java:setRole(284)) - 2f878777-950a-4a0a-bcd5-5efd0c9eb4b8@group-DCC2209809C3: changes role from CANDIDATE to FOLLOWER at term 5 for REJECTED
2021-02-04 10:26:59,158 [2f878777-950a-4a0a-bcd5-5efd0c9eb4b8@group-DCC2209809C3-LeaderElection18] INFO  impl.RoleInfo (RoleInfo.java:shutdownLeaderElection(121)) - 2f878777-950a-4a0a-bcd5-5efd0c9eb4b8: shutdown 2f878777-950a-4a0a-bcd5-5efd0c9eb4b8@group-DCC2209809C3-LeaderElection18
2021-02-04 10:26:59,158 [2f878777-950a-4a0a-bcd5-5efd0c9eb4b8@group-DCC2209809C3-LeaderElection18] INFO  impl.RoleInfo (RoleInfo.java:updateAndGet(130)) - 2f878777-950a-4a0a-bcd5-5efd0c9eb4b8: start 2f878777-950a-4a0a-bcd5-5efd0c9eb4b8@group-DCC2209809C3-FollowerState
2021-02-04 10:26:59,175 [Listener at 127.0.0.1/36545] INFO  ozone.MiniOzoneClusterImpl (MiniOzoneClusterImpl.java:lambda$waitForClusterToBeReady$0(179)) - Nodes are ready. Got 3 of 3 DN Heartbeats.
2021-02-04 10:26:59,175 [Listener at 127.0.0.1/36545] INFO  ozone.MiniOzoneClusterImpl (MiniOzoneClusterImpl.java:lambda$waitForClusterToBeReady$0(182)) - Waiting for cluster to exit safe mode
2021-02-04 10:26:59,350 [EventQueue-PipelineReportForOneReplicaPipelineSafeModeRule] INFO  safemode.SCMSafeModeManager (SCMSafeModeManager.java:validateSafeModeExitRules(214)) - AtleastOneDatanodeReportedRule rule is successfully validated
2021-02-04 10:26:59,350 [EventQueue-OpenPipelineForHealthyPipelineSafeModeRule] INFO  safemode.SCMSafeModeManager (HealthyPipelineSafeModeRule.java:process(128)) - SCM in safe mode. Healthy pipelines reported count is 0, required healthy pipeline reported count is 1
2021-02-04 10:26:59,874 [EventQueue-PipelineReportForOneReplicaPipelineSafeModeRule] INFO  safemode.SCMSafeModeManager (SCMSafeModeManager.java:validateSafeModeExitRules(214)) - AtleastOneDatanodeReportedRule rule is successfully validated
2021-02-04 10:26:59,875 [EventQueue-OpenPipelineForHealthyPipelineSafeModeRule] INFO  safemode.SCMSafeModeManager (HealthyPipelineSafeModeRule.java:process(128)) - SCM in safe mode. Healthy pipelines reported count is 0, required healthy pipeline reported count is 1
2021-02-04 10:26:59,930 [EventQueue-PipelineReportForOneReplicaPipelineSafeModeRule] INFO  safemode.SCMSafeModeManager (SCMSafeModeManager.java:validateSafeModeExitRules(214)) - AtleastOneDatanodeReportedRule rule is successfully validated
2021-02-04 10:26:59,930 [EventQueue-OpenPipelineForHealthyPipelineSafeModeRule] INFO  safemode.SCMSafeModeManager (HealthyPipelineSafeModeRule.java:process(128)) - SCM in safe mode. Healthy pipelines reported count is 0, required healthy pipeline reported count is 1
2021-02-04 10:27:00,175 [Listener at 127.0.0.1/36545] INFO  ozone.MiniOzoneClusterImpl (MiniOzoneClusterImpl.java:lambda$waitForClusterToBeReady$0(179)) - Nodes are ready. Got 3 of 3 DN Heartbeats.
2021-02-04 10:27:00,176 [Listener at 127.0.0.1/36545] INFO  ozone.MiniOzoneClusterImpl (MiniOzoneClusterImpl.java:lambda$waitForClusterToBeReady$0(182)) - Waiting for cluster to exit safe mode
2021-02-04 10:27:00,351 [EventQueue-OpenPipelineForHealthyPipelineSafeModeRule] INFO  safemode.SCMSafeModeManager (HealthyPipelineSafeModeRule.java:process(128)) - SCM in safe mode. Healthy pipelines reported count is 0, required healthy pipeline reported count is 1
2021-02-04 10:27:00,351 [EventQueue-PipelineReportForOneReplicaPipelineSafeModeRule] INFO  safemode.SCMSafeModeManager (SCMSafeModeManager.java:validateSafeModeExitRules(214)) - AtleastOneDatanodeReportedRule rule is successfully validated
2021-02-04 10:27:00,875 [EventQueue-PipelineReportForOneReplicaPipelineSafeModeRule] INFO  safemode.SCMSafeModeManager (SCMSafeModeManager.java:validateSafeModeExitRules(214)) - AtleastOneDatanodeReportedRule rule is successfully validated
2021-02-04 10:27:00,876 [EventQueue-OpenPipelineForHealthyPipelineSafeModeRule] INFO  safemode.SCMSafeModeManager (HealthyPipelineSafeModeRule.java:process(128)) - SCM in safe mode. Healthy pipelines reported count is 0, required healthy pipeline reported count is 1
2021-02-04 10:27:00,930 [EventQueue-PipelineReportForOneReplicaPipelineSafeModeRule] INFO  safemode.SCMSafeModeManager (SCMSafeModeManager.java:validateSafeModeExitRules(214)) - AtleastOneDatanodeReportedRule rule is successfully validated
2021-02-04 10:27:00,931 [EventQueue-OpenPipelineForHealthyPipelineSafeModeRule] INFO  safemode.SCMSafeModeManager (HealthyPipelineSafeModeRule.java:process(128)) - SCM in safe mode. Healthy pipelines reported count is 0, required healthy pipeline reported count is 1
2021-02-04 10:27:01,176 [Listener at 127.0.0.1/36545] INFO  ozone.MiniOzoneClusterImpl (MiniOzoneClusterImpl.java:lambda$waitForClusterToBeReady$0(179)) - Nodes are ready. Got 3 of 3 DN Heartbeats.
2021-02-04 10:27:01,176 [Listener at 127.0.0.1/36545] INFO  ozone.MiniOzoneClusterImpl (MiniOzoneClusterImpl.java:lambda$waitForClusterToBeReady$0(182)) - Waiting for cluster to exit safe mode
2021-02-04 10:27:01,351 [EventQueue-PipelineReportForOneReplicaPipelineSafeModeRule] INFO  safemode.SCMSafeModeManager (SCMSafeModeManager.java:validateSafeModeExitRules(214)) - AtleastOneDatanodeReportedRule rule is successfully validated
2021-02-04 10:27:01,351 [EventQueue-OpenPipelineForHealthyPipelineSafeModeRule] INFO  safemode.SCMSafeModeManager (HealthyPipelineSafeModeRule.java:process(128)) - SCM in safe mode. Healthy pipelines reported count is 0, required healthy pipeline reported count is 1
2021-02-04 10:27:01,875 [EventQueue-PipelineReportForOneReplicaPipelineSafeModeRule] INFO  safemode.SCMSafeModeManager (SCMSafeModeManager.java:validateSafeModeExitRules(214)) - AtleastOneDatanodeReportedRule rule is successfully validated
2021-02-04 10:27:01,876 [EventQueue-OpenPipelineForHealthyPipelineSafeModeRule] INFO  safemode.SCMSafeModeManager (HealthyPipelineSafeModeRule.java:process(128)) - SCM in safe mode. Healthy pipelines reported count is 0, required healthy pipeline reported count is 1
2021-02-04 10:27:01,930 [EventQueue-PipelineReportForOneReplicaPipelineSafeModeRule] INFO  safemode.SCMSafeModeManager (SCMSafeModeManager.java:validateSafeModeExitRules(214)) - AtleastOneDatanodeReportedRule rule is successfully validated
2021-02-04 10:27:01,931 [EventQueue-OpenPipelineForHealthyPipelineSafeModeRule] INFO  safemode.SCMSafeModeManager (HealthyPipelineSafeModeRule.java:process(128)) - SCM in safe mode. Healthy pipelines reported count is 0, required healthy pipeline reported count is 1
2021-02-04 10:27:02,177 [Listener at 127.0.0.1/36545] INFO  ozone.MiniOzoneClusterImpl (MiniOzoneClusterImpl.java:lambda$waitForClusterToBeReady$0(179)) - Nodes are ready. Got 3 of 3 DN Heartbeats.
2021-02-04 10:27:02,177 [Listener at 127.0.0.1/36545] INFO  ozone.MiniOzoneClusterImpl (MiniOzoneClusterImpl.java:lambda$waitForClusterToBeReady$0(182)) - Waiting for cluster to exit safe mode
2021-02-04 10:27:02,351 [EventQueue-PipelineReportForOneReplicaPipelineSafeModeRule] INFO  safemode.SCMSafeModeManager (SCMSafeModeManager.java:validateSafeModeExitRules(214)) - AtleastOneDatanodeReportedRule rule is successfully validated
2021-02-04 10:27:02,351 [EventQueue-OpenPipelineForHealthyPipelineSafeModeRule] INFO  safemode.SCMSafeModeManager (HealthyPipelineSafeModeRule.java:process(128)) - SCM in safe mode. Healthy pipelines reported count is 0, required healthy pipeline reported count is 1
2021-02-04 10:27:02,875 [EventQueue-OpenPipelineForHealthyPipelineSafeModeRule] INFO  safemode.SCMSafeModeManager (HealthyPipelineSafeModeRule.java:process(128)) - SCM in safe mode. Healthy pipelines reported count is 0, required healthy pipeline reported count is 1
2021-02-04 10:27:02,875 [EventQueue-PipelineReportForOneReplicaPipelineSafeModeRule] INFO  safemode.SCMSafeModeManager (SCMSafeModeManager.java:validateSafeModeExitRules(214)) - AtleastOneDatanodeReportedRule rule is successfully validated
2021-02-04 10:27:02,930 [EventQueue-PipelineReportForOneReplicaPipelineSafeModeRule] INFO  safemode.SCMSafeModeManager (SCMSafeModeManager.java:validateSafeModeExitRules(214)) - AtleastOneDatanodeReportedRule rule is successfully validated
2021-02-04 10:27:02,930 [EventQueue-OpenPipelineForHealthyPipelineSafeModeRule] INFO  safemode.SCMSafeModeManager (HealthyPipelineSafeModeRule.java:process(128)) - SCM in safe mode. Healthy pipelines reported count is 0, required healthy pipeline reported count is 1
2021-02-04 10:27:03,177 [Listener at 127.0.0.1/36545] INFO  ozone.MiniOzoneClusterImpl (MiniOzoneClusterImpl.java:lambda$waitForClusterToBeReady$0(179)) - Nodes are ready. Got 3 of 3 DN Heartbeats.
2021-02-04 10:27:03,178 [Listener at 127.0.0.1/36545] INFO  ozone.MiniOzoneClusterImpl (MiniOzoneClusterImpl.java:lambda$waitForClusterToBeReady$0(182)) - Waiting for cluster to exit safe mode
2021-02-04 10:27:03,350 [EventQueue-PipelineReportForOneReplicaPipelineSafeModeRule] INFO  safemode.SCMSafeModeManager (SCMSafeModeManager.java:validateSafeModeExitRules(214)) - AtleastOneDatanodeReportedRule rule is successfully validated
2021-02-04 10:27:03,351 [EventQueue-OpenPipelineForHealthyPipelineSafeModeRule] INFO  safemode.SCMSafeModeManager (HealthyPipelineSafeModeRule.java:process(128)) - SCM in safe mode. Healthy pipelines reported count is 0, required healthy pipeline reported count is 1
2021-02-04 10:27:03,875 [EventQueue-PipelineReportForOneReplicaPipelineSafeModeRule] INFO  safemode.SCMSafeModeManager (SCMSafeModeManager.java:validateSafeModeExitRules(214)) - AtleastOneDatanodeReportedRule rule is successfully validated
2021-02-04 10:27:03,875 [EventQueue-OpenPipelineForHealthyPipelineSafeModeRule] INFO  safemode.SCMSafeModeManager (HealthyPipelineSafeModeRule.java:process(128)) - SCM in safe mode. Healthy pipelines reported count is 0, required healthy pipeline reported count is 1
2021-02-04 10:27:03,930 [EventQueue-PipelineReportForOneReplicaPipelineSafeModeRule] INFO  safemode.SCMSafeModeManager (SCMSafeModeManager.java:validateSafeModeExitRules(214)) - AtleastOneDatanodeReportedRule rule is successfully validated
2021-02-04 10:27:03,930 [EventQueue-OpenPipelineForHealthyPipelineSafeModeRule] INFO  safemode.SCMSafeModeManager (HealthyPipelineSafeModeRule.java:process(128)) - SCM in safe mode. Healthy pipelines reported count is 0, required healthy pipeline reported count is 1
2021-02-04 10:27:04,178 [Listener at 127.0.0.1/36545] INFO  ozone.MiniOzoneClusterImpl (MiniOzoneClusterImpl.java:lambda$waitForClusterToBeReady$0(179)) - Nodes are ready. Got 3 of 3 DN Heartbeats.
2021-02-04 10:27:04,178 [Listener at 127.0.0.1/36545] INFO  ozone.MiniOzoneClusterImpl (MiniOzoneClusterImpl.java:lambda$waitForClusterToBeReady$0(182)) - Waiting for cluster to exit safe mode
2021-02-04 10:27:04,183 [Thread-615] INFO  impl.FollowerState (FollowerState.java:run(133)) - fdb3e943-d8be-440f-921f-162f76ce2c35@group-DCC2209809C3-FollowerState: change to CANDIDATE, lastRpcElapsedTime:5033238190ns, electionTimeout:5026ms
2021-02-04 10:27:04,183 [Thread-615] INFO  impl.RoleInfo (RoleInfo.java:shutdownFollowerState(108)) - fdb3e943-d8be-440f-921f-162f76ce2c35: shutdown fdb3e943-d8be-440f-921f-162f76ce2c35@group-DCC2209809C3-FollowerState
2021-02-04 10:27:04,183 [Thread-615] INFO  server.RaftServer$Division (RaftServerImpl.java:setRole(284)) - fdb3e943-d8be-440f-921f-162f76ce2c35@group-DCC2209809C3: changes role from  FOLLOWER to CANDIDATE at term 5 for changeToCandidate
2021-02-04 10:27:04,183 [Thread-615] INFO  server.RaftServerConfigKeys (ConfUtils.java:logGet(44)) - raft.server.leaderelection.pre-vote = false (custom)
2021-02-04 10:27:04,183 [Thread-615] INFO  impl.RoleInfo (RoleInfo.java:updateAndGet(130)) - fdb3e943-d8be-440f-921f-162f76ce2c35: start fdb3e943-d8be-440f-921f-162f76ce2c35@group-DCC2209809C3-LeaderElection19
2021-02-04 10:27:04,185 [fdb3e943-d8be-440f-921f-162f76ce2c35@group-DCC2209809C3-LeaderElection19] INFO  impl.LeaderElection (LeaderElection.java:askForVotes(307)) - fdb3e943-d8be-440f-921f-162f76ce2c35@group-DCC2209809C3-LeaderElection19 ELECTION round 0: submit vote requests at term 6 for -1: [fdb3e943-d8be-440f-921f-162f76ce2c35|rpc:172.17.0.2:42057|admin:|client:|dataStream:|priority:0, c2078e43-4e37-4d9c-99b0-bc0ef86d7b58|rpc:172.17.0.2:41803|admin:|client:|dataStream:|priority:1, 2f878777-950a-4a0a-bcd5-5efd0c9eb4b8|rpc:172.17.0.2:43707|admin:|client:|dataStream:|priority:0], old=null
2021-02-04 10:27:04,189 [grpc-default-executor-2] INFO  server.RaftServer$Division (RaftServerImpl.java:requestVote(1025)) - c2078e43-4e37-4d9c-99b0-bc0ef86d7b58@group-DCC2209809C3: receive requestVote(ELECTION, fdb3e943-d8be-440f-921f-162f76ce2c35, group-DCC2209809C3, 6, (t:0, i:0))
2021-02-04 10:27:04,189 [grpc-default-executor-2] INFO  impl.VoteContext (VoteContext.java:log(48)) - c2078e43-4e37-4d9c-99b0-bc0ef86d7b58@group-DCC2209809C3-FOLLOWER: reject ELECTION from fdb3e943-d8be-440f-921f-162f76ce2c35: our priority 1 > candidate's priority 0
2021-02-04 10:27:04,189 [grpc-default-executor-2] INFO  server.RaftServer$Division (RaftServerImpl.java:setRole(284)) - c2078e43-4e37-4d9c-99b0-bc0ef86d7b58@group-DCC2209809C3: changes role from  FOLLOWER to FOLLOWER at term 6 for candidate:fdb3e943-d8be-440f-921f-162f76ce2c35
2021-02-04 10:27:04,189 [grpc-default-executor-2] INFO  impl.RoleInfo (RoleInfo.java:shutdownFollowerState(108)) - c2078e43-4e37-4d9c-99b0-bc0ef86d7b58: shutdown c2078e43-4e37-4d9c-99b0-bc0ef86d7b58@group-DCC2209809C3-FollowerState
2021-02-04 10:27:04,189 [grpc-default-executor-2] INFO  impl.RoleInfo (RoleInfo.java:updateAndGet(130)) - c2078e43-4e37-4d9c-99b0-bc0ef86d7b58: start c2078e43-4e37-4d9c-99b0-bc0ef86d7b58@group-DCC2209809C3-FollowerState
2021-02-04 10:27:04,189 [Thread-616] INFO  impl.FollowerState (FollowerState.java:run(142)) - c2078e43-4e37-4d9c-99b0-bc0ef86d7b58@group-DCC2209809C3-FollowerState was interrupted: {}
java.lang.InterruptedException: sleep interrupted
	at java.lang.Thread.sleep(Native Method)
	at java.lang.Thread.sleep(Thread.java:340)
	at java.util.concurrent.TimeUnit.sleep(TimeUnit.java:386)
	at org.apache.ratis.util.TimeDuration.sleep(TimeDuration.java:324)
	at org.apache.ratis.util.TimeDuration.sleep(TimeDuration.java:309)
	at org.apache.ratis.server.impl.FollowerState.run(FollowerState.java:117)
2021-02-04 10:27:04,191 [grpc-default-executor-2] INFO  server.RaftServer$Division (RaftServerImpl.java:requestVote(1057)) - c2078e43-4e37-4d9c-99b0-bc0ef86d7b58@group-DCC2209809C3 replies to ELECTION vote request: fdb3e943-d8be-440f-921f-162f76ce2c35<-c2078e43-4e37-4d9c-99b0-bc0ef86d7b58#0:FAIL-t6. Peer's state: c2078e43-4e37-4d9c-99b0-bc0ef86d7b58@group-DCC2209809C3:t6, leader=null, voted=null, raftlog=c2078e43-4e37-4d9c-99b0-bc0ef86d7b58@group-DCC2209809C3-SegmentedRaftLog:OPENED:c-1,f-1,i0, conf=-1: [fdb3e943-d8be-440f-921f-162f76ce2c35|rpc:172.17.0.2:42057|admin:|client:|dataStream:|priority:0, c2078e43-4e37-4d9c-99b0-bc0ef86d7b58|rpc:172.17.0.2:41803|admin:|client:|dataStream:|priority:1, 2f878777-950a-4a0a-bcd5-5efd0c9eb4b8|rpc:172.17.0.2:43707|admin:|client:|dataStream:|priority:0], old=null
2021-02-04 10:27:04,194 [grpc-default-executor-1] INFO  server.RaftServer$Division (RaftServerImpl.java:requestVote(1025)) - 2f878777-950a-4a0a-bcd5-5efd0c9eb4b8@group-DCC2209809C3: receive requestVote(ELECTION, fdb3e943-d8be-440f-921f-162f76ce2c35, group-DCC2209809C3, 6, (t:0, i:0))
2021-02-04 10:27:04,194 [grpc-default-executor-1] INFO  impl.VoteContext (VoteContext.java:log(48)) - 2f878777-950a-4a0a-bcd5-5efd0c9eb4b8@group-DCC2209809C3-FOLLOWER: accept ELECTION from fdb3e943-d8be-440f-921f-162f76ce2c35: our priority 0 <= candidate's priority 0
2021-02-04 10:27:04,194 [grpc-default-executor-1] INFO  server.RaftServer$Division (RaftServerImpl.java:setRole(284)) - 2f878777-950a-4a0a-bcd5-5efd0c9eb4b8@group-DCC2209809C3: changes role from  FOLLOWER to FOLLOWER at term 6 for candidate:fdb3e943-d8be-440f-921f-162f76ce2c35
2021-02-04 10:27:04,194 [grpc-default-executor-1] INFO  impl.RoleInfo (RoleInfo.java:shutdownFollowerState(108)) - 2f878777-950a-4a0a-bcd5-5efd0c9eb4b8: shutdown 2f878777-950a-4a0a-bcd5-5efd0c9eb4b8@group-DCC2209809C3-FollowerState
2021-02-04 10:27:04,195 [grpc-default-executor-1] INFO  impl.RoleInfo (RoleInfo.java:updateAndGet(130)) - 2f878777-950a-4a0a-bcd5-5efd0c9eb4b8: start 2f878777-950a-4a0a-bcd5-5efd0c9eb4b8@group-DCC2209809C3-FollowerState
2021-02-04 10:27:04,195 [Thread-617] INFO  impl.FollowerState (FollowerState.java:run(142)) - 2f878777-950a-4a0a-bcd5-5efd0c9eb4b8@group-DCC2209809C3-FollowerState was interrupted: {}
java.lang.InterruptedException: sleep interrupted
	at java.lang.Thread.sleep(Native Method)
	at java.lang.Thread.sleep(Thread.java:340)
	at java.util.concurrent.TimeUnit.sleep(TimeUnit.java:386)
	at org.apache.ratis.util.TimeDuration.sleep(TimeDuration.java:324)
	at org.apache.ratis.util.TimeDuration.sleep(TimeDuration.java:309)
	at org.apache.ratis.server.impl.FollowerState.run(FollowerState.java:117)
2021-02-04 10:27:04,196 [fdb3e943-d8be-440f-921f-162f76ce2c35@group-DCC2209809C3-LeaderElection19] INFO  impl.LeaderElection (LeaderElection.java:logAndReturn(89)) - fdb3e943-d8be-440f-921f-162f76ce2c35@group-DCC2209809C3-LeaderElection19: ELECTION REJECTED received 1 response(s) and 0 exception(s):
2021-02-04 10:27:04,196 [fdb3e943-d8be-440f-921f-162f76ce2c35@group-DCC2209809C3-LeaderElection19] INFO  impl.LeaderElection (LeaderElection.java:logAndReturn(93)) -   Response 0: fdb3e943-d8be-440f-921f-162f76ce2c35<-c2078e43-4e37-4d9c-99b0-bc0ef86d7b58#0:FAIL-t6
2021-02-04 10:27:04,196 [fdb3e943-d8be-440f-921f-162f76ce2c35@group-DCC2209809C3-LeaderElection19] INFO  impl.LeaderElection (LeaderElection.java:askForVotes(309)) - fdb3e943-d8be-440f-921f-162f76ce2c35@group-DCC2209809C3-LeaderElection19 ELECTION round 0: result REJECTED
2021-02-04 10:27:04,196 [grpc-default-executor-1] INFO  server.RaftServer$Division (RaftServerImpl.java:requestVote(1057)) - 2f878777-950a-4a0a-bcd5-5efd0c9eb4b8@group-DCC2209809C3 replies to ELECTION vote request: fdb3e943-d8be-440f-921f-162f76ce2c35<-2f878777-950a-4a0a-bcd5-5efd0c9eb4b8#0:OK-t6. Peer's state: 2f878777-950a-4a0a-bcd5-5efd0c9eb4b8@group-DCC2209809C3:t6, leader=null, voted=fdb3e943-d8be-440f-921f-162f76ce2c35, raftlog=2f878777-950a-4a0a-bcd5-5efd0c9eb4b8@group-DCC2209809C3-SegmentedRaftLog:OPENED:c-1,f-1,i0, conf=-1: [fdb3e943-d8be-440f-921f-162f76ce2c35|rpc:172.17.0.2:42057|priority:0, c2078e43-4e37-4d9c-99b0-bc0ef86d7b58|rpc:172.17.0.2:41803|priority:1, 2f878777-950a-4a0a-bcd5-5efd0c9eb4b8|rpc:172.17.0.2:43707|priority:0], old=null
2021-02-04 10:27:04,196 [fdb3e943-d8be-440f-921f-162f76ce2c35@group-DCC2209809C3-LeaderElection19] INFO  server.RaftServer$Division (RaftServerImpl.java:setRole(284)) - fdb3e943-d8be-440f-921f-162f76ce2c35@group-DCC2209809C3: changes role from CANDIDATE to FOLLOWER at term 6 for REJECTED
2021-02-04 10:27:04,196 [fdb3e943-d8be-440f-921f-162f76ce2c35@group-DCC2209809C3-LeaderElection19] INFO  impl.RoleInfo (RoleInfo.java:shutdownLeaderElection(121)) - fdb3e943-d8be-440f-921f-162f76ce2c35: shutdown fdb3e943-d8be-440f-921f-162f76ce2c35@group-DCC2209809C3-LeaderElection19
2021-02-04 10:27:04,196 [fdb3e943-d8be-440f-921f-162f76ce2c35@group-DCC2209809C3-LeaderElection19] INFO  impl.RoleInfo (RoleInfo.java:updateAndGet(130)) - fdb3e943-d8be-440f-921f-162f76ce2c35: start fdb3e943-d8be-440f-921f-162f76ce2c35@group-DCC2209809C3-FollowerState
2021-02-04 10:27:04,351 [EventQueue-PipelineReportForOneReplicaPipelineSafeModeRule] INFO  safemode.SCMSafeModeManager (SCMSafeModeManager.java:validateSafeModeExitRules(214)) - AtleastOneDatanodeReportedRule rule is successfully validated
2021-02-04 10:27:04,352 [EventQueue-OpenPipelineForHealthyPipelineSafeModeRule] INFO  safemode.SCMSafeModeManager (HealthyPipelineSafeModeRule.java:process(128)) - SCM in safe mode. Healthy pipelines reported count is 0, required healthy pipeline reported count is 1
2021-02-04 10:27:04,875 [EventQueue-OpenPipelineForHealthyPipelineSafeModeRule] INFO  safemode.SCMSafeModeManager (HealthyPipelineSafeModeRule.java:process(128)) - SCM in safe mode. Healthy pipelines reported count is 0, required healthy pipeline reported count is 1
2021-02-04 10:27:04,875 [EventQueue-PipelineReportForOneReplicaPipelineSafeModeRule] INFO  safemode.SCMSafeModeManager (SCMSafeModeManager.java:validateSafeModeExitRules(214)) - AtleastOneDatanodeReportedRule rule is successfully validated
2021-02-04 10:27:04,931 [EventQueue-PipelineReportForOneReplicaPipelineSafeModeRule] INFO  safemode.SCMSafeModeManager (SCMSafeModeManager.java:validateSafeModeExitRules(214)) - AtleastOneDatanodeReportedRule rule is successfully validated
2021-02-04 10:27:04,931 [EventQueue-OpenPipelineForHealthyPipelineSafeModeRule] INFO  safemode.SCMSafeModeManager (HealthyPipelineSafeModeRule.java:process(128)) - SCM in safe mode. Healthy pipelines reported count is 0, required healthy pipeline reported count is 1
2021-02-04 10:27:05,178 [Listener at 127.0.0.1/36545] INFO  ozone.MiniOzoneClusterImpl (MiniOzoneClusterImpl.java:lambda$waitForClusterToBeReady$0(179)) - Nodes are ready. Got 3 of 3 DN Heartbeats.
2021-02-04 10:27:05,179 [Listener at 127.0.0.1/36545] INFO  ozone.MiniOzoneClusterImpl (MiniOzoneClusterImpl.java:lambda$waitForClusterToBeReady$0(182)) - Waiting for cluster to exit safe mode
2021-02-04 10:27:05,351 [EventQueue-OpenPipelineForHealthyPipelineSafeModeRule] INFO  safemode.SCMSafeModeManager (HealthyPipelineSafeModeRule.java:process(128)) - SCM in safe mode. Healthy pipelines reported count is 0, required healthy pipeline reported count is 1
2021-02-04 10:27:05,351 [EventQueue-PipelineReportForOneReplicaPipelineSafeModeRule] INFO  safemode.SCMSafeModeManager (SCMSafeModeManager.java:validateSafeModeExitRules(214)) - AtleastOneDatanodeReportedRule rule is successfully validated
2021-02-04 10:27:05,875 [EventQueue-PipelineReportForOneReplicaPipelineSafeModeRule] INFO  safemode.SCMSafeModeManager (SCMSafeModeManager.java:validateSafeModeExitRules(214)) - AtleastOneDatanodeReportedRule rule is successfully validated
2021-02-04 10:27:05,875 [EventQueue-OpenPipelineForHealthyPipelineSafeModeRule] INFO  safemode.SCMSafeModeManager (HealthyPipelineSafeModeRule.java:process(128)) - SCM in safe mode. Healthy pipelines reported count is 0, required healthy pipeline reported count is 1
2021-02-04 10:27:05,930 [EventQueue-PipelineReportForOneReplicaPipelineSafeModeRule] INFO  safemode.SCMSafeModeManager (SCMSafeModeManager.java:validateSafeModeExitRules(214)) - AtleastOneDatanodeReportedRule rule is successfully validated
2021-02-04 10:27:05,931 [EventQueue-OpenPipelineForHealthyPipelineSafeModeRule] INFO  safemode.SCMSafeModeManager (HealthyPipelineSafeModeRule.java:process(128)) - SCM in safe mode. Healthy pipelines reported count is 0, required healthy pipeline reported count is 1
2021-02-04 10:27:06,179 [Listener at 127.0.0.1/36545] INFO  ozone.MiniOzoneClusterImpl (MiniOzoneClusterImpl.java:lambda$waitForClusterToBeReady$0(179)) - Nodes are ready. Got 3 of 3 DN Heartbeats.
2021-02-04 10:27:06,179 [Listener at 127.0.0.1/36545] INFO  ozone.MiniOzoneClusterImpl (MiniOzoneClusterImpl.java:lambda$waitForClusterToBeReady$0(182)) - Waiting for cluster to exit safe mode
2021-02-04 10:27:06,351 [EventQueue-PipelineReportForOneReplicaPipelineSafeModeRule] INFO  safemode.SCMSafeModeManager (SCMSafeModeManager.java:validateSafeModeExitRules(214)) - AtleastOneDatanodeReportedRule rule is successfully validated
2021-02-04 10:27:06,352 [EventQueue-OpenPipelineForHealthyPipelineSafeModeRule] INFO  safemode.SCMSafeModeManager (HealthyPipelineSafeModeRule.java:process(128)) - SCM in safe mode. Healthy pipelines reported count is 0, required healthy pipeline reported count is 1
2021-02-04 10:27:06,875 [EventQueue-PipelineReportForOneReplicaPipelineSafeModeRule] INFO  safemode.SCMSafeModeManager (SCMSafeModeManager.java:validateSafeModeExitRules(214)) - AtleastOneDatanodeReportedRule rule is successfully validated
2021-02-04 10:27:06,875 [EventQueue-OpenPipelineForHealthyPipelineSafeModeRule] INFO  safemode.SCMSafeModeManager (HealthyPipelineSafeModeRule.java:process(128)) - SCM in safe mode. Healthy pipelines reported count is 0, required healthy pipeline reported count is 1
2021-02-04 10:27:06,931 [EventQueue-PipelineReportForOneReplicaPipelineSafeModeRule] INFO  safemode.SCMSafeModeManager (SCMSafeModeManager.java:validateSafeModeExitRules(214)) - AtleastOneDatanodeReportedRule rule is successfully validated
2021-02-04 10:27:06,931 [EventQueue-OpenPipelineForHealthyPipelineSafeModeRule] INFO  safemode.SCMSafeModeManager (HealthyPipelineSafeModeRule.java:process(128)) - SCM in safe mode. Healthy pipelines reported count is 0, required healthy pipeline reported count is 1
2021-02-04 10:27:07,179 [Listener at 127.0.0.1/36545] INFO  ozone.MiniOzoneClusterImpl (MiniOzoneClusterImpl.java:lambda$waitForClusterToBeReady$0(179)) - Nodes are ready. Got 3 of 3 DN Heartbeats.
2021-02-04 10:27:07,180 [Listener at 127.0.0.1/36545] INFO  ozone.MiniOzoneClusterImpl (MiniOzoneClusterImpl.java:lambda$waitForClusterToBeReady$0(182)) - Waiting for cluster to exit safe mode
2021-02-04 10:27:07,352 [EventQueue-OpenPipelineForHealthyPipelineSafeModeRule] INFO  safemode.SCMSafeModeManager (HealthyPipelineSafeModeRule.java:process(128)) - SCM in safe mode. Healthy pipelines reported count is 0, required healthy pipeline reported count is 1
2021-02-04 10:27:07,352 [EventQueue-PipelineReportForOneReplicaPipelineSafeModeRule] INFO  safemode.SCMSafeModeManager (SCMSafeModeManager.java:validateSafeModeExitRules(214)) - AtleastOneDatanodeReportedRule rule is successfully validated
2021-02-04 10:27:07,875 [EventQueue-PipelineReportForOneReplicaPipelineSafeModeRule] INFO  safemode.SCMSafeModeManager (SCMSafeModeManager.java:validateSafeModeExitRules(214)) - AtleastOneDatanodeReportedRule rule is successfully validated
2021-02-04 10:27:07,875 [EventQueue-OpenPipelineForHealthyPipelineSafeModeRule] INFO  safemode.SCMSafeModeManager (HealthyPipelineSafeModeRule.java:process(128)) - SCM in safe mode. Healthy pipelines reported count is 0, required healthy pipeline reported count is 1
2021-02-04 10:27:07,931 [EventQueue-PipelineReportForOneReplicaPipelineSafeModeRule] INFO  safemode.SCMSafeModeManager (SCMSafeModeManager.java:validateSafeModeExitRules(214)) - AtleastOneDatanodeReportedRule rule is successfully validated
2021-02-04 10:27:07,931 [EventQueue-OpenPipelineForHealthyPipelineSafeModeRule] INFO  safemode.SCMSafeModeManager (HealthyPipelineSafeModeRule.java:process(128)) - SCM in safe mode. Healthy pipelines reported count is 0, required healthy pipeline reported count is 1
2021-02-04 10:27:08,180 [Listener at 127.0.0.1/36545] INFO  ozone.MiniOzoneClusterImpl (MiniOzoneClusterImpl.java:lambda$waitForClusterToBeReady$0(179)) - Nodes are ready. Got 3 of 3 DN Heartbeats.
2021-02-04 10:27:08,180 [Listener at 127.0.0.1/36545] INFO  ozone.MiniOzoneClusterImpl (MiniOzoneClusterImpl.java:lambda$waitForClusterToBeReady$0(182)) - Waiting for cluster to exit safe mode
2021-02-04 10:27:08,352 [EventQueue-PipelineReportForOneReplicaPipelineSafeModeRule] INFO  safemode.SCMSafeModeManager (SCMSafeModeManager.java:validateSafeModeExitRules(214)) - AtleastOneDatanodeReportedRule rule is successfully validated
2021-02-04 10:27:08,353 [EventQueue-OpenPipelineForHealthyPipelineSafeModeRule] INFO  safemode.SCMSafeModeManager (HealthyPipelineSafeModeRule.java:process(128)) - SCM in safe mode. Healthy pipelines reported count is 0, required healthy pipeline reported count is 1
2021-02-04 10:27:08,875 [EventQueue-PipelineReportForOneReplicaPipelineSafeModeRule] INFO  safemode.SCMSafeModeManager (SCMSafeModeManager.java:validateSafeModeExitRules(214)) - AtleastOneDatanodeReportedRule rule is successfully validated
2021-02-04 10:27:08,875 [EventQueue-OpenPipelineForHealthyPipelineSafeModeRule] INFO  safemode.SCMSafeModeManager (HealthyPipelineSafeModeRule.java:process(128)) - SCM in safe mode. Healthy pipelines reported count is 0, required healthy pipeline reported count is 1
2021-02-04 10:27:08,931 [EventQueue-PipelineReportForOneReplicaPipelineSafeModeRule] INFO  safemode.SCMSafeModeManager (SCMSafeModeManager.java:validateSafeModeExitRules(214)) - AtleastOneDatanodeReportedRule rule is successfully validated
2021-02-04 10:27:08,931 [EventQueue-OpenPipelineForHealthyPipelineSafeModeRule] INFO  safemode.SCMSafeModeManager (HealthyPipelineSafeModeRule.java:process(128)) - SCM in safe mode. Healthy pipelines reported count is 0, required healthy pipeline reported count is 1
2021-02-04 10:27:09,180 [Listener at 127.0.0.1/36545] INFO  ozone.MiniOzoneClusterImpl (MiniOzoneClusterImpl.java:lambda$waitForClusterToBeReady$0(179)) - Nodes are ready. Got 3 of 3 DN Heartbeats.
2021-02-04 10:27:09,180 [Listener at 127.0.0.1/36545] INFO  ozone.MiniOzoneClusterImpl (MiniOzoneClusterImpl.java:lambda$waitForClusterToBeReady$0(182)) - Waiting for cluster to exit safe mode
2021-02-04 10:27:09,276 [Thread-623] INFO  impl.FollowerState (FollowerState.java:run(133)) - fdb3e943-d8be-440f-921f-162f76ce2c35@group-DCC2209809C3-FollowerState: change to CANDIDATE, lastRpcElapsedTime:5079127618ns, electionTimeout:5075ms
2021-02-04 10:27:09,276 [Thread-623] INFO  impl.RoleInfo (RoleInfo.java:shutdownFollowerState(108)) - fdb3e943-d8be-440f-921f-162f76ce2c35: shutdown fdb3e943-d8be-440f-921f-162f76ce2c35@group-DCC2209809C3-FollowerState
2021-02-04 10:27:09,276 [Thread-623] INFO  server.RaftServer$Division (RaftServerImpl.java:setRole(284)) - fdb3e943-d8be-440f-921f-162f76ce2c35@group-DCC2209809C3: changes role from  FOLLOWER to CANDIDATE at term 6 for changeToCandidate
2021-02-04 10:27:09,276 [Thread-623] INFO  server.RaftServerConfigKeys (ConfUtils.java:logGet(44)) - raft.server.leaderelection.pre-vote = false (custom)
2021-02-04 10:27:09,276 [Thread-623] INFO  impl.RoleInfo (RoleInfo.java:updateAndGet(130)) - fdb3e943-d8be-440f-921f-162f76ce2c35: start fdb3e943-d8be-440f-921f-162f76ce2c35@group-DCC2209809C3-LeaderElection20
2021-02-04 10:27:09,279 [fdb3e943-d8be-440f-921f-162f76ce2c35@group-DCC2209809C3-LeaderElection20] INFO  impl.LeaderElection (LeaderElection.java:askForVotes(307)) - fdb3e943-d8be-440f-921f-162f76ce2c35@group-DCC2209809C3-LeaderElection20 ELECTION round 0: submit vote requests at term 7 for -1: [fdb3e943-d8be-440f-921f-162f76ce2c35|rpc:172.17.0.2:42057|admin:|client:|dataStream:|priority:0, c2078e43-4e37-4d9c-99b0-bc0ef86d7b58|rpc:172.17.0.2:41803|admin:|client:|dataStream:|priority:1, 2f878777-950a-4a0a-bcd5-5efd0c9eb4b8|rpc:172.17.0.2:43707|admin:|client:|dataStream:|priority:0], old=null
2021-02-04 10:27:09,282 [grpc-default-executor-1] INFO  server.RaftServer$Division (RaftServerImpl.java:requestVote(1025)) - 2f878777-950a-4a0a-bcd5-5efd0c9eb4b8@group-DCC2209809C3: receive requestVote(ELECTION, fdb3e943-d8be-440f-921f-162f76ce2c35, group-DCC2209809C3, 7, (t:0, i:0))
2021-02-04 10:27:09,282 [grpc-default-executor-1] INFO  impl.VoteContext (VoteContext.java:log(48)) - 2f878777-950a-4a0a-bcd5-5efd0c9eb4b8@group-DCC2209809C3-FOLLOWER: accept ELECTION from fdb3e943-d8be-440f-921f-162f76ce2c35: our priority 0 <= candidate's priority 0
2021-02-04 10:27:09,282 [grpc-default-executor-1] INFO  server.RaftServer$Division (RaftServerImpl.java:setRole(284)) - 2f878777-950a-4a0a-bcd5-5efd0c9eb4b8@group-DCC2209809C3: changes role from  FOLLOWER to FOLLOWER at term 7 for candidate:fdb3e943-d8be-440f-921f-162f76ce2c35
2021-02-04 10:27:09,283 [grpc-default-executor-1] INFO  impl.RoleInfo (RoleInfo.java:shutdownFollowerState(108)) - 2f878777-950a-4a0a-bcd5-5efd0c9eb4b8: shutdown 2f878777-950a-4a0a-bcd5-5efd0c9eb4b8@group-DCC2209809C3-FollowerState
2021-02-04 10:27:09,283 [grpc-default-executor-1] INFO  impl.RoleInfo (RoleInfo.java:updateAndGet(130)) - 2f878777-950a-4a0a-bcd5-5efd0c9eb4b8: start 2f878777-950a-4a0a-bcd5-5efd0c9eb4b8@group-DCC2209809C3-FollowerState
2021-02-04 10:27:09,283 [Thread-622] INFO  impl.FollowerState (FollowerState.java:run(142)) - 2f878777-950a-4a0a-bcd5-5efd0c9eb4b8@group-DCC2209809C3-FollowerState was interrupted: {}
java.lang.InterruptedException: sleep interrupted
	at java.lang.Thread.sleep(Native Method)
	at java.lang.Thread.sleep(Thread.java:340)
	at java.util.concurrent.TimeUnit.sleep(TimeUnit.java:386)
	at org.apache.ratis.util.TimeDuration.sleep(TimeDuration.java:324)
	at org.apache.ratis.util.TimeDuration.sleep(TimeDuration.java:309)
	at org.apache.ratis.server.impl.FollowerState.run(FollowerState.java:117)
2021-02-04 10:27:09,289 [grpc-default-executor-2] INFO  server.RaftServer$Division (RaftServerImpl.java:requestVote(1025)) - c2078e43-4e37-4d9c-99b0-bc0ef86d7b58@group-DCC2209809C3: receive requestVote(ELECTION, fdb3e943-d8be-440f-921f-162f76ce2c35, group-DCC2209809C3, 7, (t:0, i:0))
2021-02-04 10:27:09,289 [grpc-default-executor-2] INFO  impl.VoteContext (VoteContext.java:log(48)) - c2078e43-4e37-4d9c-99b0-bc0ef86d7b58@group-DCC2209809C3-FOLLOWER: reject ELECTION from fdb3e943-d8be-440f-921f-162f76ce2c35: our priority 1 > candidate's priority 0
2021-02-04 10:27:09,289 [grpc-default-executor-2] INFO  server.RaftServer$Division (RaftServerImpl.java:setRole(284)) - c2078e43-4e37-4d9c-99b0-bc0ef86d7b58@group-DCC2209809C3: changes role from  FOLLOWER to FOLLOWER at term 7 for candidate:fdb3e943-d8be-440f-921f-162f76ce2c35
2021-02-04 10:27:09,289 [grpc-default-executor-2] INFO  impl.RoleInfo (RoleInfo.java:shutdownFollowerState(108)) - c2078e43-4e37-4d9c-99b0-bc0ef86d7b58: shutdown c2078e43-4e37-4d9c-99b0-bc0ef86d7b58@group-DCC2209809C3-FollowerState
2021-02-04 10:27:09,289 [grpc-default-executor-2] INFO  impl.RoleInfo (RoleInfo.java:updateAndGet(130)) - c2078e43-4e37-4d9c-99b0-bc0ef86d7b58: start c2078e43-4e37-4d9c-99b0-bc0ef86d7b58@group-DCC2209809C3-FollowerState
2021-02-04 10:27:09,289 [Thread-621] INFO  impl.FollowerState (FollowerState.java:run(142)) - c2078e43-4e37-4d9c-99b0-bc0ef86d7b58@group-DCC2209809C3-FollowerState was interrupted: {}
java.lang.InterruptedException: sleep interrupted
	at java.lang.Thread.sleep(Native Method)
	at java.lang.Thread.sleep(Thread.java:340)
	at java.util.concurrent.TimeUnit.sleep(TimeUnit.java:386)
	at org.apache.ratis.util.TimeDuration.sleep(TimeDuration.java:324)
	at org.apache.ratis.util.TimeDuration.sleep(TimeDuration.java:309)
	at org.apache.ratis.server.impl.FollowerState.run(FollowerState.java:117)
2021-02-04 10:27:09,290 [grpc-default-executor-1] INFO  server.RaftServer$Division (RaftServerImpl.java:requestVote(1057)) - 2f878777-950a-4a0a-bcd5-5efd0c9eb4b8@group-DCC2209809C3 replies to ELECTION vote request: fdb3e943-d8be-440f-921f-162f76ce2c35<-2f878777-950a-4a0a-bcd5-5efd0c9eb4b8#0:OK-t7. Peer's state: 2f878777-950a-4a0a-bcd5-5efd0c9eb4b8@group-DCC2209809C3:t7, leader=null, voted=fdb3e943-d8be-440f-921f-162f76ce2c35, raftlog=2f878777-950a-4a0a-bcd5-5efd0c9eb4b8@group-DCC2209809C3-SegmentedRaftLog:OPENED:c-1,f-1,i0, conf=-1: [fdb3e943-d8be-440f-921f-162f76ce2c35|rpc:172.17.0.2:42057|priority:0, c2078e43-4e37-4d9c-99b0-bc0ef86d7b58|rpc:172.17.0.2:41803|priority:1, 2f878777-950a-4a0a-bcd5-5efd0c9eb4b8|rpc:172.17.0.2:43707|priority:0], old=null
2021-02-04 10:27:09,293 [grpc-default-executor-2] INFO  server.RaftServer$Division (RaftServerImpl.java:requestVote(1057)) - c2078e43-4e37-4d9c-99b0-bc0ef86d7b58@group-DCC2209809C3 replies to ELECTION vote request: fdb3e943-d8be-440f-921f-162f76ce2c35<-c2078e43-4e37-4d9c-99b0-bc0ef86d7b58#0:FAIL-t7. Peer's state: c2078e43-4e37-4d9c-99b0-bc0ef86d7b58@group-DCC2209809C3:t7, leader=null, voted=null, raftlog=c2078e43-4e37-4d9c-99b0-bc0ef86d7b58@group-DCC2209809C3-SegmentedRaftLog:OPENED:c-1,f-1,i0, conf=-1: [fdb3e943-d8be-440f-921f-162f76ce2c35|rpc:172.17.0.2:42057|admin:|client:|dataStream:|priority:0, c2078e43-4e37-4d9c-99b0-bc0ef86d7b58|rpc:172.17.0.2:41803|admin:|client:|dataStream:|priority:1, 2f878777-950a-4a0a-bcd5-5efd0c9eb4b8|rpc:172.17.0.2:43707|admin:|client:|dataStream:|priority:0], old=null
2021-02-04 10:27:09,295 [fdb3e943-d8be-440f-921f-162f76ce2c35@group-DCC2209809C3-LeaderElection20] INFO  impl.LeaderElection (LeaderElection.java:logAndReturn(89)) - fdb3e943-d8be-440f-921f-162f76ce2c35@group-DCC2209809C3-LeaderElection20: ELECTION REJECTED received 2 response(s) and 0 exception(s):
2021-02-04 10:27:09,295 [fdb3e943-d8be-440f-921f-162f76ce2c35@group-DCC2209809C3-LeaderElection20] INFO  impl.LeaderElection (LeaderElection.java:logAndReturn(93)) -   Response 0: fdb3e943-d8be-440f-921f-162f76ce2c35<-c2078e43-4e37-4d9c-99b0-bc0ef86d7b58#0:FAIL-t7
2021-02-04 10:27:09,295 [fdb3e943-d8be-440f-921f-162f76ce2c35@group-DCC2209809C3-LeaderElection20] INFO  impl.LeaderElection (LeaderElection.java:logAndReturn(93)) -   Response 1: fdb3e943-d8be-440f-921f-162f76ce2c35<-2f878777-950a-4a0a-bcd5-5efd0c9eb4b8#0:OK-t7
2021-02-04 10:27:09,295 [fdb3e943-d8be-440f-921f-162f76ce2c35@group-DCC2209809C3-LeaderElection20] INFO  impl.LeaderElection (LeaderElection.java:askForVotes(309)) - fdb3e943-d8be-440f-921f-162f76ce2c35@group-DCC2209809C3-LeaderElection20 ELECTION round 0: result REJECTED
2021-02-04 10:27:09,295 [fdb3e943-d8be-440f-921f-162f76ce2c35@group-DCC2209809C3-LeaderElection20] INFO  server.RaftServer$Division (RaftServerImpl.java:setRole(284)) - fdb3e943-d8be-440f-921f-162f76ce2c35@group-DCC2209809C3: changes role from CANDIDATE to FOLLOWER at term 7 for REJECTED
2021-02-04 10:27:09,295 [fdb3e943-d8be-440f-921f-162f76ce2c35@group-DCC2209809C3-LeaderElection20] INFO  impl.RoleInfo (RoleInfo.java:shutdownLeaderElection(121)) - fdb3e943-d8be-440f-921f-162f76ce2c35: shutdown fdb3e943-d8be-440f-921f-162f76ce2c35@group-DCC2209809C3-LeaderElection20
2021-02-04 10:27:09,295 [fdb3e943-d8be-440f-921f-162f76ce2c35@group-DCC2209809C3-LeaderElection20] INFO  impl.RoleInfo (RoleInfo.java:updateAndGet(130)) - fdb3e943-d8be-440f-921f-162f76ce2c35: start fdb3e943-d8be-440f-921f-162f76ce2c35@group-DCC2209809C3-FollowerState
2021-02-04 10:27:09,352 [EventQueue-PipelineReportForOneReplicaPipelineSafeModeRule] INFO  safemode.SCMSafeModeManager (SCMSafeModeManager.java:validateSafeModeExitRules(214)) - AtleastOneDatanodeReportedRule rule is successfully validated
2021-02-04 10:27:09,353 [EventQueue-OpenPipelineForHealthyPipelineSafeModeRule] INFO  safemode.SCMSafeModeManager (HealthyPipelineSafeModeRule.java:process(128)) - SCM in safe mode. Healthy pipelines reported count is 0, required healthy pipeline reported count is 1
2021-02-04 10:27:09,875 [EventQueue-PipelineReportForOneReplicaPipelineSafeModeRule] INFO  safemode.SCMSafeModeManager (SCMSafeModeManager.java:validateSafeModeExitRules(214)) - AtleastOneDatanodeReportedRule rule is successfully validated
2021-02-04 10:27:09,875 [EventQueue-OpenPipelineForHealthyPipelineSafeModeRule] INFO  safemode.SCMSafeModeManager (HealthyPipelineSafeModeRule.java:process(128)) - SCM in safe mode. Healthy pipelines reported count is 0, required healthy pipeline reported count is 1
2021-02-04 10:27:09,931 [EventQueue-PipelineReportForOneReplicaPipelineSafeModeRule] INFO  safemode.SCMSafeModeManager (SCMSafeModeManager.java:validateSafeModeExitRules(214)) - AtleastOneDatanodeReportedRule rule is successfully validated
2021-02-04 10:27:09,932 [EventQueue-OpenPipelineForHealthyPipelineSafeModeRule] INFO  safemode.SCMSafeModeManager (HealthyPipelineSafeModeRule.java:process(128)) - SCM in safe mode. Healthy pipelines reported count is 0, required healthy pipeline reported count is 1
2021-02-04 10:27:10,181 [Listener at 127.0.0.1/36545] INFO  ozone.MiniOzoneClusterImpl (MiniOzoneClusterImpl.java:lambda$waitForClusterToBeReady$0(179)) - Nodes are ready. Got 3 of 3 DN Heartbeats.
2021-02-04 10:27:10,181 [Listener at 127.0.0.1/36545] INFO  ozone.MiniOzoneClusterImpl (MiniOzoneClusterImpl.java:lambda$waitForClusterToBeReady$0(182)) - Waiting for cluster to exit safe mode
2021-02-04 10:27:10,353 [EventQueue-PipelineReportForOneReplicaPipelineSafeModeRule] INFO  safemode.SCMSafeModeManager (SCMSafeModeManager.java:validateSafeModeExitRules(214)) - AtleastOneDatanodeReportedRule rule is successfully validated
2021-02-04 10:27:10,353 [EventQueue-OpenPipelineForHealthyPipelineSafeModeRule] INFO  safemode.SCMSafeModeManager (HealthyPipelineSafeModeRule.java:process(128)) - SCM in safe mode. Healthy pipelines reported count is 0, required healthy pipeline reported count is 1
2021-02-04 10:27:10,874 [EventQueue-PipelineReportForOneReplicaPipelineSafeModeRule] INFO  safemode.SCMSafeModeManager (SCMSafeModeManager.java:validateSafeModeExitRules(214)) - AtleastOneDatanodeReportedRule rule is successfully validated
2021-02-04 10:27:10,875 [EventQueue-OpenPipelineForHealthyPipelineSafeModeRule] INFO  safemode.SCMSafeModeManager (HealthyPipelineSafeModeRule.java:process(128)) - SCM in safe mode. Healthy pipelines reported count is 0, required healthy pipeline reported count is 1
2021-02-04 10:27:10,931 [EventQueue-PipelineReportForOneReplicaPipelineSafeModeRule] INFO  safemode.SCMSafeModeManager (SCMSafeModeManager.java:validateSafeModeExitRules(214)) - AtleastOneDatanodeReportedRule rule is successfully validated
2021-02-04 10:27:10,931 [EventQueue-OpenPipelineForHealthyPipelineSafeModeRule] INFO  safemode.SCMSafeModeManager (HealthyPipelineSafeModeRule.java:process(128)) - SCM in safe mode. Healthy pipelines reported count is 0, required healthy pipeline reported count is 1
2021-02-04 10:27:11,181 [Listener at 127.0.0.1/36545] INFO  ozone.MiniOzoneClusterImpl (MiniOzoneClusterImpl.java:lambda$waitForClusterToBeReady$0(179)) - Nodes are ready. Got 3 of 3 DN Heartbeats.
2021-02-04 10:27:11,181 [Listener at 127.0.0.1/36545] INFO  ozone.MiniOzoneClusterImpl (MiniOzoneClusterImpl.java:lambda$waitForClusterToBeReady$0(182)) - Waiting for cluster to exit safe mode
2021-02-04 10:27:11,353 [EventQueue-PipelineReportForOneReplicaPipelineSafeModeRule] INFO  safemode.SCMSafeModeManager (SCMSafeModeManager.java:validateSafeModeExitRules(214)) - AtleastOneDatanodeReportedRule rule is successfully validated
2021-02-04 10:27:11,353 [EventQueue-OpenPipelineForHealthyPipelineSafeModeRule] INFO  safemode.SCMSafeModeManager (HealthyPipelineSafeModeRule.java:process(128)) - SCM in safe mode. Healthy pipelines reported count is 0, required healthy pipeline reported count is 1
2021-02-04 10:27:11,875 [EventQueue-PipelineReportForOneReplicaPipelineSafeModeRule] INFO  safemode.SCMSafeModeManager (SCMSafeModeManager.java:validateSafeModeExitRules(214)) - AtleastOneDatanodeReportedRule rule is successfully validated
2021-02-04 10:27:11,875 [EventQueue-OpenPipelineForHealthyPipelineSafeModeRule] INFO  safemode.SCMSafeModeManager (HealthyPipelineSafeModeRule.java:process(128)) - SCM in safe mode. Healthy pipelines reported count is 0, required healthy pipeline reported count is 1
2021-02-04 10:27:11,931 [EventQueue-PipelineReportForOneReplicaPipelineSafeModeRule] INFO  safemode.SCMSafeModeManager (SCMSafeModeManager.java:validateSafeModeExitRules(214)) - AtleastOneDatanodeReportedRule rule is successfully validated
2021-02-04 10:27:11,931 [EventQueue-OpenPipelineForHealthyPipelineSafeModeRule] INFO  safemode.SCMSafeModeManager (HealthyPipelineSafeModeRule.java:process(128)) - SCM in safe mode. Healthy pipelines reported count is 0, required healthy pipeline reported count is 1
2021-02-04 10:27:12,182 [Listener at 127.0.0.1/36545] INFO  ozone.MiniOzoneClusterImpl (MiniOzoneClusterImpl.java:lambda$waitForClusterToBeReady$0(179)) - Nodes are ready. Got 3 of 3 DN Heartbeats.
2021-02-04 10:27:12,182 [Listener at 127.0.0.1/36545] INFO  ozone.MiniOzoneClusterImpl (MiniOzoneClusterImpl.java:lambda$waitForClusterToBeReady$0(182)) - Waiting for cluster to exit safe mode
2021-02-04 10:27:12,353 [EventQueue-PipelineReportForOneReplicaPipelineSafeModeRule] INFO  safemode.SCMSafeModeManager (SCMSafeModeManager.java:validateSafeModeExitRules(214)) - AtleastOneDatanodeReportedRule rule is successfully validated
2021-02-04 10:27:12,353 [EventQueue-OpenPipelineForHealthyPipelineSafeModeRule] INFO  safemode.SCMSafeModeManager (HealthyPipelineSafeModeRule.java:process(128)) - SCM in safe mode. Healthy pipelines reported count is 0, required healthy pipeline reported count is 1
2021-02-04 10:27:12,875 [EventQueue-PipelineReportForOneReplicaPipelineSafeModeRule] INFO  safemode.SCMSafeModeManager (SCMSafeModeManager.java:validateSafeModeExitRules(214)) - AtleastOneDatanodeReportedRule rule is successfully validated
2021-02-04 10:27:12,875 [EventQueue-OpenPipelineForHealthyPipelineSafeModeRule] INFO  safemode.SCMSafeModeManager (HealthyPipelineSafeModeRule.java:process(128)) - SCM in safe mode. Healthy pipelines reported count is 0, required healthy pipeline reported count is 1
2021-02-04 10:27:12,931 [EventQueue-PipelineReportForOneReplicaPipelineSafeModeRule] INFO  safemode.SCMSafeModeManager (SCMSafeModeManager.java:validateSafeModeExitRules(214)) - AtleastOneDatanodeReportedRule rule is successfully validated
2021-02-04 10:27:12,932 [EventQueue-OpenPipelineForHealthyPipelineSafeModeRule] INFO  safemode.SCMSafeModeManager (HealthyPipelineSafeModeRule.java:process(128)) - SCM in safe mode. Healthy pipelines reported count is 0, required healthy pipeline reported count is 1
2021-02-04 10:27:13,182 [Listener at 127.0.0.1/36545] INFO  ozone.MiniOzoneClusterImpl (MiniOzoneClusterImpl.java:lambda$waitForClusterToBeReady$0(179)) - Nodes are ready. Got 3 of 3 DN Heartbeats.
2021-02-04 10:27:13,182 [Listener at 127.0.0.1/36545] INFO  ozone.MiniOzoneClusterImpl (MiniOzoneClusterImpl.java:lambda$waitForClusterToBeReady$0(182)) - Waiting for cluster to exit safe mode
2021-02-04 10:27:13,353 [EventQueue-PipelineReportForOneReplicaPipelineSafeModeRule] INFO  safemode.SCMSafeModeManager (SCMSafeModeManager.java:validateSafeModeExitRules(214)) - AtleastOneDatanodeReportedRule rule is successfully validated
2021-02-04 10:27:13,353 [EventQueue-OpenPipelineForHealthyPipelineSafeModeRule] INFO  safemode.SCMSafeModeManager (HealthyPipelineSafeModeRule.java:process(128)) - SCM in safe mode. Healthy pipelines reported count is 0, required healthy pipeline reported count is 1
2021-02-04 10:27:13,875 [EventQueue-PipelineReportForOneReplicaPipelineSafeModeRule] INFO  safemode.SCMSafeModeManager (SCMSafeModeManager.java:validateSafeModeExitRules(214)) - AtleastOneDatanodeReportedRule rule is successfully validated
2021-02-04 10:27:13,875 [EventQueue-OpenPipelineForHealthyPipelineSafeModeRule] INFO  safemode.SCMSafeModeManager (HealthyPipelineSafeModeRule.java:process(128)) - SCM in safe mode. Healthy pipelines reported count is 0, required healthy pipeline reported count is 1
2021-02-04 10:27:13,932 [EventQueue-PipelineReportForOneReplicaPipelineSafeModeRule] INFO  safemode.SCMSafeModeManager (SCMSafeModeManager.java:validateSafeModeExitRules(214)) - AtleastOneDatanodeReportedRule rule is successfully validated
2021-02-04 10:27:13,932 [EventQueue-OpenPipelineForHealthyPipelineSafeModeRule] INFO  safemode.SCMSafeModeManager (HealthyPipelineSafeModeRule.java:process(128)) - SCM in safe mode. Healthy pipelines reported count is 0, required healthy pipeline reported count is 1
2021-02-04 10:27:14,183 [Listener at 127.0.0.1/36545] INFO  ozone.MiniOzoneClusterImpl (MiniOzoneClusterImpl.java:lambda$waitForClusterToBeReady$0(179)) - Nodes are ready. Got 3 of 3 DN Heartbeats.
2021-02-04 10:27:14,183 [Listener at 127.0.0.1/36545] INFO  ozone.MiniOzoneClusterImpl (MiniOzoneClusterImpl.java:lambda$waitForClusterToBeReady$0(182)) - Waiting for cluster to exit safe mode
2021-02-04 10:27:14,353 [EventQueue-PipelineReportForOneReplicaPipelineSafeModeRule] INFO  safemode.SCMSafeModeManager (SCMSafeModeManager.java:validateSafeModeExitRules(214)) - AtleastOneDatanodeReportedRule rule is successfully validated
2021-02-04 10:27:14,353 [EventQueue-OpenPipelineForHealthyPipelineSafeModeRule] INFO  safemode.SCMSafeModeManager (HealthyPipelineSafeModeRule.java:process(128)) - SCM in safe mode. Healthy pipelines reported count is 0, required healthy pipeline reported count is 1
2021-02-04 10:27:14,354 [Thread-629] INFO  impl.FollowerState (FollowerState.java:run(133)) - fdb3e943-d8be-440f-921f-162f76ce2c35@group-DCC2209809C3-FollowerState: change to CANDIDATE, lastRpcElapsedTime:5058991934ns, electionTimeout:5058ms
2021-02-04 10:27:14,354 [Thread-629] INFO  impl.RoleInfo (RoleInfo.java:shutdownFollowerState(108)) - fdb3e943-d8be-440f-921f-162f76ce2c35: shutdown fdb3e943-d8be-440f-921f-162f76ce2c35@group-DCC2209809C3-FollowerState
2021-02-04 10:27:14,354 [Thread-629] INFO  server.RaftServer$Division (RaftServerImpl.java:setRole(284)) - fdb3e943-d8be-440f-921f-162f76ce2c35@group-DCC2209809C3: changes role from  FOLLOWER to CANDIDATE at term 7 for changeToCandidate
2021-02-04 10:27:14,355 [Thread-629] INFO  server.RaftServerConfigKeys (ConfUtils.java:logGet(44)) - raft.server.leaderelection.pre-vote = false (custom)
2021-02-04 10:27:14,355 [Thread-629] INFO  impl.RoleInfo (RoleInfo.java:updateAndGet(130)) - fdb3e943-d8be-440f-921f-162f76ce2c35: start fdb3e943-d8be-440f-921f-162f76ce2c35@group-DCC2209809C3-LeaderElection21
2021-02-04 10:27:14,363 [fdb3e943-d8be-440f-921f-162f76ce2c35@group-DCC2209809C3-LeaderElection21] INFO  impl.LeaderElection (LeaderElection.java:askForVotes(307)) - fdb3e943-d8be-440f-921f-162f76ce2c35@group-DCC2209809C3-LeaderElection21 ELECTION round 0: submit vote requests at term 8 for -1: [fdb3e943-d8be-440f-921f-162f76ce2c35|rpc:172.17.0.2:42057|admin:|client:|dataStream:|priority:0, c2078e43-4e37-4d9c-99b0-bc0ef86d7b58|rpc:172.17.0.2:41803|admin:|client:|dataStream:|priority:1, 2f878777-950a-4a0a-bcd5-5efd0c9eb4b8|rpc:172.17.0.2:43707|admin:|client:|dataStream:|priority:0], old=null
2021-02-04 10:27:14,366 [grpc-default-executor-2] INFO  server.RaftServer$Division (RaftServerImpl.java:requestVote(1025)) - 2f878777-950a-4a0a-bcd5-5efd0c9eb4b8@group-DCC2209809C3: receive requestVote(ELECTION, fdb3e943-d8be-440f-921f-162f76ce2c35, group-DCC2209809C3, 8, (t:0, i:0))
2021-02-04 10:27:14,366 [grpc-default-executor-2] INFO  impl.VoteContext (VoteContext.java:log(48)) - 2f878777-950a-4a0a-bcd5-5efd0c9eb4b8@group-DCC2209809C3-FOLLOWER: accept ELECTION from fdb3e943-d8be-440f-921f-162f76ce2c35: our priority 0 <= candidate's priority 0
2021-02-04 10:27:14,366 [grpc-default-executor-2] INFO  server.RaftServer$Division (RaftServerImpl.java:setRole(284)) - 2f878777-950a-4a0a-bcd5-5efd0c9eb4b8@group-DCC2209809C3: changes role from  FOLLOWER to FOLLOWER at term 8 for candidate:fdb3e943-d8be-440f-921f-162f76ce2c35
2021-02-04 10:27:14,366 [grpc-default-executor-2] INFO  impl.RoleInfo (RoleInfo.java:shutdownFollowerState(108)) - 2f878777-950a-4a0a-bcd5-5efd0c9eb4b8: shutdown 2f878777-950a-4a0a-bcd5-5efd0c9eb4b8@group-DCC2209809C3-FollowerState
2021-02-04 10:27:14,366 [grpc-default-executor-2] INFO  impl.RoleInfo (RoleInfo.java:updateAndGet(130)) - 2f878777-950a-4a0a-bcd5-5efd0c9eb4b8: start 2f878777-950a-4a0a-bcd5-5efd0c9eb4b8@group-DCC2209809C3-FollowerState
2021-02-04 10:27:14,367 [Thread-627] INFO  impl.FollowerState (FollowerState.java:run(142)) - 2f878777-950a-4a0a-bcd5-5efd0c9eb4b8@group-DCC2209809C3-FollowerState was interrupted: {}
java.lang.InterruptedException: sleep interrupted
	at java.lang.Thread.sleep(Native Method)
	at java.lang.Thread.sleep(Thread.java:340)
	at java.util.concurrent.TimeUnit.sleep(TimeUnit.java:386)
	at org.apache.ratis.util.TimeDuration.sleep(TimeDuration.java:324)
	at org.apache.ratis.util.TimeDuration.sleep(TimeDuration.java:309)
	at org.apache.ratis.server.impl.FollowerState.run(FollowerState.java:117)
2021-02-04 10:27:14,368 [grpc-default-executor-1] INFO  server.RaftServer$Division (RaftServerImpl.java:requestVote(1025)) - c2078e43-4e37-4d9c-99b0-bc0ef86d7b58@group-DCC2209809C3: receive requestVote(ELECTION, fdb3e943-d8be-440f-921f-162f76ce2c35, group-DCC2209809C3, 8, (t:0, i:0))
2021-02-04 10:27:14,368 [grpc-default-executor-1] INFO  impl.VoteContext (VoteContext.java:log(48)) - c2078e43-4e37-4d9c-99b0-bc0ef86d7b58@group-DCC2209809C3-FOLLOWER: reject ELECTION from fdb3e943-d8be-440f-921f-162f76ce2c35: our priority 1 > candidate's priority 0
2021-02-04 10:27:14,368 [grpc-default-executor-1] INFO  server.RaftServer$Division (RaftServerImpl.java:setRole(284)) - c2078e43-4e37-4d9c-99b0-bc0ef86d7b58@group-DCC2209809C3: changes role from  FOLLOWER to FOLLOWER at term 8 for candidate:fdb3e943-d8be-440f-921f-162f76ce2c35
2021-02-04 10:27:14,368 [grpc-default-executor-1] INFO  impl.RoleInfo (RoleInfo.java:shutdownFollowerState(108)) - c2078e43-4e37-4d9c-99b0-bc0ef86d7b58: shutdown c2078e43-4e37-4d9c-99b0-bc0ef86d7b58@group-DCC2209809C3-FollowerState
2021-02-04 10:27:14,368 [grpc-default-executor-1] INFO  impl.RoleInfo (RoleInfo.java:updateAndGet(130)) - c2078e43-4e37-4d9c-99b0-bc0ef86d7b58: start c2078e43-4e37-4d9c-99b0-bc0ef86d7b58@group-DCC2209809C3-FollowerState
2021-02-04 10:27:14,369 [Thread-628] INFO  impl.FollowerState (FollowerState.java:run(142)) - c2078e43-4e37-4d9c-99b0-bc0ef86d7b58@group-DCC2209809C3-FollowerState was interrupted: {}
java.lang.InterruptedException: sleep interrupted
	at java.lang.Thread.sleep(Native Method)
	at java.lang.Thread.sleep(Thread.java:340)
	at java.util.concurrent.TimeUnit.sleep(TimeUnit.java:386)
	at org.apache.ratis.util.TimeDuration.sleep(TimeDuration.java:324)
	at org.apache.ratis.util.TimeDuration.sleep(TimeDuration.java:309)
	at org.apache.ratis.server.impl.FollowerState.run(FollowerState.java:117)
2021-02-04 10:27:14,372 [grpc-default-executor-1] INFO  server.RaftServer$Division (RaftServerImpl.java:requestVote(1057)) - c2078e43-4e37-4d9c-99b0-bc0ef86d7b58@group-DCC2209809C3 replies to ELECTION vote request: fdb3e943-d8be-440f-921f-162f76ce2c35<-c2078e43-4e37-4d9c-99b0-bc0ef86d7b58#0:FAIL-t8. Peer's state: c2078e43-4e37-4d9c-99b0-bc0ef86d7b58@group-DCC2209809C3:t8, leader=null, voted=null, raftlog=c2078e43-4e37-4d9c-99b0-bc0ef86d7b58@group-DCC2209809C3-SegmentedRaftLog:OPENED:c-1,f-1,i0, conf=-1: [fdb3e943-d8be-440f-921f-162f76ce2c35|rpc:172.17.0.2:42057|admin:|client:|dataStream:|priority:0, c2078e43-4e37-4d9c-99b0-bc0ef86d7b58|rpc:172.17.0.2:41803|admin:|client:|dataStream:|priority:1, 2f878777-950a-4a0a-bcd5-5efd0c9eb4b8|rpc:172.17.0.2:43707|admin:|client:|dataStream:|priority:0], old=null
2021-02-04 10:27:14,373 [grpc-default-executor-2] INFO  server.RaftServer$Division (RaftServerImpl.java:requestVote(1057)) - 2f878777-950a-4a0a-bcd5-5efd0c9eb4b8@group-DCC2209809C3 replies to ELECTION vote request: fdb3e943-d8be-440f-921f-162f76ce2c35<-2f878777-950a-4a0a-bcd5-5efd0c9eb4b8#0:OK-t8. Peer's state: 2f878777-950a-4a0a-bcd5-5efd0c9eb4b8@group-DCC2209809C3:t8, leader=null, voted=fdb3e943-d8be-440f-921f-162f76ce2c35, raftlog=2f878777-950a-4a0a-bcd5-5efd0c9eb4b8@group-DCC2209809C3-SegmentedRaftLog:OPENED:c-1,f-1,i0, conf=-1: [fdb3e943-d8be-440f-921f-162f76ce2c35|rpc:172.17.0.2:42057|priority:0, c2078e43-4e37-4d9c-99b0-bc0ef86d7b58|rpc:172.17.0.2:41803|priority:1, 2f878777-950a-4a0a-bcd5-5efd0c9eb4b8|rpc:172.17.0.2:43707|priority:0], old=null
2021-02-04 10:27:14,375 [fdb3e943-d8be-440f-921f-162f76ce2c35@group-DCC2209809C3-LeaderElection21] INFO  impl.LeaderElection (LeaderElection.java:logAndReturn(89)) - fdb3e943-d8be-440f-921f-162f76ce2c35@group-DCC2209809C3-LeaderElection21: ELECTION REJECTED received 1 response(s) and 0 exception(s):
2021-02-04 10:27:14,376 [fdb3e943-d8be-440f-921f-162f76ce2c35@group-DCC2209809C3-LeaderElection21] INFO  impl.LeaderElection (LeaderElection.java:logAndReturn(93)) -   Response 0: fdb3e943-d8be-440f-921f-162f76ce2c35<-c2078e43-4e37-4d9c-99b0-bc0ef86d7b58#0:FAIL-t8
2021-02-04 10:27:14,376 [fdb3e943-d8be-440f-921f-162f76ce2c35@group-DCC2209809C3-LeaderElection21] INFO  impl.LeaderElection (LeaderElection.java:askForVotes(309)) - fdb3e943-d8be-440f-921f-162f76ce2c35@group-DCC2209809C3-LeaderElection21 ELECTION round 0: result REJECTED
2021-02-04 10:27:14,376 [fdb3e943-d8be-440f-921f-162f76ce2c35@group-DCC2209809C3-LeaderElection21] INFO  server.RaftServer$Division (RaftServerImpl.java:setRole(284)) - fdb3e943-d8be-440f-921f-162f76ce2c35@group-DCC2209809C3: changes role from CANDIDATE to FOLLOWER at term 8 for REJECTED
2021-02-04 10:27:14,376 [fdb3e943-d8be-440f-921f-162f76ce2c35@group-DCC2209809C3-LeaderElection21] INFO  impl.RoleInfo (RoleInfo.java:shutdownLeaderElection(121)) - fdb3e943-d8be-440f-921f-162f76ce2c35: shutdown fdb3e943-d8be-440f-921f-162f76ce2c35@group-DCC2209809C3-LeaderElection21
2021-02-04 10:27:14,376 [fdb3e943-d8be-440f-921f-162f76ce2c35@group-DCC2209809C3-LeaderElection21] INFO  impl.RoleInfo (RoleInfo.java:updateAndGet(130)) - fdb3e943-d8be-440f-921f-162f76ce2c35: start fdb3e943-d8be-440f-921f-162f76ce2c35@group-DCC2209809C3-FollowerState
2021-02-04 10:27:14,875 [EventQueue-PipelineReportForOneReplicaPipelineSafeModeRule] INFO  safemode.SCMSafeModeManager (SCMSafeModeManager.java:validateSafeModeExitRules(214)) - AtleastOneDatanodeReportedRule rule is successfully validated
2021-02-04 10:27:14,876 [EventQueue-OpenPipelineForHealthyPipelineSafeModeRule] INFO  safemode.SCMSafeModeManager (HealthyPipelineSafeModeRule.java:process(128)) - SCM in safe mode. Healthy pipelines reported count is 0, required healthy pipeline reported count is 1
2021-02-04 10:27:14,932 [EventQueue-OpenPipelineForHealthyPipelineSafeModeRule] INFO  safemode.SCMSafeModeManager (HealthyPipelineSafeModeRule.java:process(128)) - SCM in safe mode. Healthy pipelines reported count is 0, required healthy pipeline reported count is 1
2021-02-04 10:27:14,932 [EventQueue-PipelineReportForOneReplicaPipelineSafeModeRule] INFO  safemode.SCMSafeModeManager (SCMSafeModeManager.java:validateSafeModeExitRules(214)) - AtleastOneDatanodeReportedRule rule is successfully validated
2021-02-04 10:27:15,183 [Listener at 127.0.0.1/36545] INFO  ozone.MiniOzoneClusterImpl (MiniOzoneClusterImpl.java:lambda$waitForClusterToBeReady$0(179)) - Nodes are ready. Got 3 of 3 DN Heartbeats.
2021-02-04 10:27:15,183 [Listener at 127.0.0.1/36545] INFO  ozone.MiniOzoneClusterImpl (MiniOzoneClusterImpl.java:lambda$waitForClusterToBeReady$0(182)) - Waiting for cluster to exit safe mode
2021-02-04 10:27:15,353 [EventQueue-PipelineReportForOneReplicaPipelineSafeModeRule] INFO  safemode.SCMSafeModeManager (SCMSafeModeManager.java:validateSafeModeExitRules(214)) - AtleastOneDatanodeReportedRule rule is successfully validated
2021-02-04 10:27:15,353 [EventQueue-OpenPipelineForHealthyPipelineSafeModeRule] INFO  safemode.SCMSafeModeManager (HealthyPipelineSafeModeRule.java:process(128)) - SCM in safe mode. Healthy pipelines reported count is 0, required healthy pipeline reported count is 1
2021-02-04 10:27:15,875 [EventQueue-PipelineReportForOneReplicaPipelineSafeModeRule] INFO  safemode.SCMSafeModeManager (SCMSafeModeManager.java:validateSafeModeExitRules(214)) - AtleastOneDatanodeReportedRule rule is successfully validated
2021-02-04 10:27:15,875 [EventQueue-OpenPipelineForHealthyPipelineSafeModeRule] INFO  safemode.SCMSafeModeManager (HealthyPipelineSafeModeRule.java:process(128)) - SCM in safe mode. Healthy pipelines reported count is 0, required healthy pipeline reported count is 1
2021-02-04 10:27:15,932 [EventQueue-PipelineReportForOneReplicaPipelineSafeModeRule] INFO  safemode.SCMSafeModeManager (SCMSafeModeManager.java:validateSafeModeExitRules(214)) - AtleastOneDatanodeReportedRule rule is successfully validated
2021-02-04 10:27:15,932 [EventQueue-OpenPipelineForHealthyPipelineSafeModeRule] INFO  safemode.SCMSafeModeManager (HealthyPipelineSafeModeRule.java:process(128)) - SCM in safe mode. Healthy pipelines reported count is 0, required healthy pipeline reported count is 1
2021-02-04 10:27:16,184 [Listener at 127.0.0.1/36545] INFO  ozone.MiniOzoneClusterImpl (MiniOzoneClusterImpl.java:lambda$waitForClusterToBeReady$0(179)) - Nodes are ready. Got 3 of 3 DN Heartbeats.
2021-02-04 10:27:16,184 [Listener at 127.0.0.1/36545] INFO  ozone.MiniOzoneClusterImpl (MiniOzoneClusterImpl.java:lambda$waitForClusterToBeReady$0(182)) - Waiting for cluster to exit safe mode
2021-02-04 10:27:16,353 [EventQueue-PipelineReportForOneReplicaPipelineSafeModeRule] INFO  safemode.SCMSafeModeManager (SCMSafeModeManager.java:validateSafeModeExitRules(214)) - AtleastOneDatanodeReportedRule rule is successfully validated
2021-02-04 10:27:16,353 [EventQueue-OpenPipelineForHealthyPipelineSafeModeRule] INFO  safemode.SCMSafeModeManager (HealthyPipelineSafeModeRule.java:process(128)) - SCM in safe mode. Healthy pipelines reported count is 0, required healthy pipeline reported count is 1
2021-02-04 10:27:16,877 [EventQueue-OpenPipelineForHealthyPipelineSafeModeRule] INFO  safemode.SCMSafeModeManager (HealthyPipelineSafeModeRule.java:process(128)) - SCM in safe mode. Healthy pipelines reported count is 0, required healthy pipeline reported count is 1
2021-02-04 10:27:16,877 [EventQueue-PipelineReportForOneReplicaPipelineSafeModeRule] INFO  safemode.SCMSafeModeManager (SCMSafeModeManager.java:validateSafeModeExitRules(214)) - AtleastOneDatanodeReportedRule rule is successfully validated
2021-02-04 10:27:16,932 [EventQueue-OpenPipelineForHealthyPipelineSafeModeRule] INFO  safemode.SCMSafeModeManager (HealthyPipelineSafeModeRule.java:process(128)) - SCM in safe mode. Healthy pipelines reported count is 0, required healthy pipeline reported count is 1
2021-02-04 10:27:16,932 [EventQueue-PipelineReportForOneReplicaPipelineSafeModeRule] INFO  safemode.SCMSafeModeManager (SCMSafeModeManager.java:validateSafeModeExitRules(214)) - AtleastOneDatanodeReportedRule rule is successfully validated
2021-02-04 10:27:17,184 [Listener at 127.0.0.1/36545] INFO  ozone.MiniOzoneClusterImpl (MiniOzoneClusterImpl.java:lambda$waitForClusterToBeReady$0(179)) - Nodes are ready. Got 3 of 3 DN Heartbeats.
2021-02-04 10:27:17,184 [Listener at 127.0.0.1/36545] INFO  ozone.MiniOzoneClusterImpl (MiniOzoneClusterImpl.java:lambda$waitForClusterToBeReady$0(182)) - Waiting for cluster to exit safe mode
2021-02-04 10:27:17,353 [EventQueue-PipelineReportForOneReplicaPipelineSafeModeRule] INFO  safemode.SCMSafeModeManager (SCMSafeModeManager.java:validateSafeModeExitRules(214)) - AtleastOneDatanodeReportedRule rule is successfully validated
2021-02-04 10:27:17,353 [EventQueue-OpenPipelineForHealthyPipelineSafeModeRule] INFO  safemode.SCMSafeModeManager (HealthyPipelineSafeModeRule.java:process(128)) - SCM in safe mode. Healthy pipelines reported count is 0, required healthy pipeline reported count is 1
2021-02-04 10:27:17,876 [EventQueue-PipelineReportForOneReplicaPipelineSafeModeRule] INFO  safemode.SCMSafeModeManager (SCMSafeModeManager.java:validateSafeModeExitRules(214)) - AtleastOneDatanodeReportedRule rule is successfully validated
2021-02-04 10:27:17,877 [EventQueue-OpenPipelineForHealthyPipelineSafeModeRule] INFO  safemode.SCMSafeModeManager (HealthyPipelineSafeModeRule.java:process(128)) - SCM in safe mode. Healthy pipelines reported count is 0, required healthy pipeline reported count is 1
2021-02-04 10:27:17,933 [EventQueue-PipelineReportForOneReplicaPipelineSafeModeRule] INFO  safemode.SCMSafeModeManager (SCMSafeModeManager.java:validateSafeModeExitRules(214)) - AtleastOneDatanodeReportedRule rule is successfully validated
2021-02-04 10:27:17,933 [EventQueue-OpenPipelineForHealthyPipelineSafeModeRule] INFO  safemode.SCMSafeModeManager (HealthyPipelineSafeModeRule.java:process(128)) - SCM in safe mode. Healthy pipelines reported count is 0, required healthy pipeline reported count is 1
2021-02-04 10:27:18,185 [Listener at 127.0.0.1/36545] INFO  ozone.MiniOzoneClusterImpl (MiniOzoneClusterImpl.java:lambda$waitForClusterToBeReady$0(179)) - Nodes are ready. Got 3 of 3 DN Heartbeats.
2021-02-04 10:27:18,185 [Listener at 127.0.0.1/36545] INFO  ozone.MiniOzoneClusterImpl (MiniOzoneClusterImpl.java:lambda$waitForClusterToBeReady$0(182)) - Waiting for cluster to exit safe mode
2021-02-04 10:27:18,353 [EventQueue-PipelineReportForOneReplicaPipelineSafeModeRule] INFO  safemode.SCMSafeModeManager (SCMSafeModeManager.java:validateSafeModeExitRules(214)) - AtleastOneDatanodeReportedRule rule is successfully validated
2021-02-04 10:27:18,354 [EventQueue-OpenPipelineForHealthyPipelineSafeModeRule] INFO  safemode.SCMSafeModeManager (HealthyPipelineSafeModeRule.java:process(128)) - SCM in safe mode. Healthy pipelines reported count is 0, required healthy pipeline reported count is 1
2021-02-04 10:27:18,877 [EventQueue-PipelineReportForOneReplicaPipelineSafeModeRule] INFO  safemode.SCMSafeModeManager (SCMSafeModeManager.java:validateSafeModeExitRules(214)) - AtleastOneDatanodeReportedRule rule is successfully validated
2021-02-04 10:27:18,877 [EventQueue-OpenPipelineForHealthyPipelineSafeModeRule] INFO  safemode.SCMSafeModeManager (HealthyPipelineSafeModeRule.java:process(128)) - SCM in safe mode. Healthy pipelines reported count is 0, required healthy pipeline reported count is 1
2021-02-04 10:27:18,933 [EventQueue-PipelineReportForOneReplicaPipelineSafeModeRule] INFO  safemode.SCMSafeModeManager (SCMSafeModeManager.java:validateSafeModeExitRules(214)) - AtleastOneDatanodeReportedRule rule is successfully validated
2021-02-04 10:27:18,933 [EventQueue-OpenPipelineForHealthyPipelineSafeModeRule] INFO  safemode.SCMSafeModeManager (HealthyPipelineSafeModeRule.java:process(128)) - SCM in safe mode. Healthy pipelines reported count is 0, required healthy pipeline reported count is 1
2021-02-04 10:27:19,185 [Listener at 127.0.0.1/36545] INFO  ozone.MiniOzoneClusterImpl (MiniOzoneClusterImpl.java:lambda$waitForClusterToBeReady$0(179)) - Nodes are ready. Got 3 of 3 DN Heartbeats.
2021-02-04 10:27:19,185 [Listener at 127.0.0.1/36545] INFO  ozone.MiniOzoneClusterImpl (MiniOzoneClusterImpl.java:lambda$waitForClusterToBeReady$0(182)) - Waiting for cluster to exit safe mode
2021-02-04 10:27:19,354 [EventQueue-PipelineReportForOneReplicaPipelineSafeModeRule] INFO  safemode.SCMSafeModeManager (SCMSafeModeManager.java:validateSafeModeExitRules(214)) - AtleastOneDatanodeReportedRule rule is successfully validated
2021-02-04 10:27:19,354 [EventQueue-OpenPipelineForHealthyPipelineSafeModeRule] INFO  safemode.SCMSafeModeManager (HealthyPipelineSafeModeRule.java:process(128)) - SCM in safe mode. Healthy pipelines reported count is 0, required healthy pipeline reported count is 1
2021-02-04 10:27:19,404 [Thread-635] INFO  impl.FollowerState (FollowerState.java:run(133)) - fdb3e943-d8be-440f-921f-162f76ce2c35@group-DCC2209809C3-FollowerState: change to CANDIDATE, lastRpcElapsedTime:5028201817ns, electionTimeout:5027ms
2021-02-04 10:27:19,404 [Thread-635] INFO  impl.RoleInfo (RoleInfo.java:shutdownFollowerState(108)) - fdb3e943-d8be-440f-921f-162f76ce2c35: shutdown fdb3e943-d8be-440f-921f-162f76ce2c35@group-DCC2209809C3-FollowerState
2021-02-04 10:27:19,404 [Thread-635] INFO  server.RaftServer$Division (RaftServerImpl.java:setRole(284)) - fdb3e943-d8be-440f-921f-162f76ce2c35@group-DCC2209809C3: changes role from  FOLLOWER to CANDIDATE at term 8 for changeToCandidate
2021-02-04 10:27:19,404 [Thread-635] INFO  server.RaftServerConfigKeys (ConfUtils.java:logGet(44)) - raft.server.leaderelection.pre-vote = false (custom)
2021-02-04 10:27:19,404 [Thread-635] INFO  impl.RoleInfo (RoleInfo.java:updateAndGet(130)) - fdb3e943-d8be-440f-921f-162f76ce2c35: start fdb3e943-d8be-440f-921f-162f76ce2c35@group-DCC2209809C3-LeaderElection22
2021-02-04 10:27:19,407 [fdb3e943-d8be-440f-921f-162f76ce2c35@group-DCC2209809C3-LeaderElection22] INFO  impl.LeaderElection (LeaderElection.java:askForVotes(307)) - fdb3e943-d8be-440f-921f-162f76ce2c35@group-DCC2209809C3-LeaderElection22 ELECTION round 0: submit vote requests at term 9 for -1: [fdb3e943-d8be-440f-921f-162f76ce2c35|rpc:172.17.0.2:42057|admin:|client:|dataStream:|priority:0, c2078e43-4e37-4d9c-99b0-bc0ef86d7b58|rpc:172.17.0.2:41803|admin:|client:|dataStream:|priority:1, 2f878777-950a-4a0a-bcd5-5efd0c9eb4b8|rpc:172.17.0.2:43707|admin:|client:|dataStream:|priority:0], old=null
2021-02-04 10:27:19,415 [grpc-default-executor-1] INFO  server.RaftServer$Division (RaftServerImpl.java:requestVote(1025)) - c2078e43-4e37-4d9c-99b0-bc0ef86d7b58@group-DCC2209809C3: receive requestVote(ELECTION, fdb3e943-d8be-440f-921f-162f76ce2c35, group-DCC2209809C3, 9, (t:0, i:0))
2021-02-04 10:27:19,415 [grpc-default-executor-1] INFO  impl.VoteContext (VoteContext.java:log(48)) - c2078e43-4e37-4d9c-99b0-bc0ef86d7b58@group-DCC2209809C3-FOLLOWER: reject ELECTION from fdb3e943-d8be-440f-921f-162f76ce2c35: our priority 1 > candidate's priority 0
2021-02-04 10:27:19,415 [grpc-default-executor-1] INFO  server.RaftServer$Division (RaftServerImpl.java:setRole(284)) - c2078e43-4e37-4d9c-99b0-bc0ef86d7b58@group-DCC2209809C3: changes role from  FOLLOWER to FOLLOWER at term 9 for candidate:fdb3e943-d8be-440f-921f-162f76ce2c35
2021-02-04 10:27:19,415 [grpc-default-executor-1] INFO  impl.RoleInfo (RoleInfo.java:shutdownFollowerState(108)) - c2078e43-4e37-4d9c-99b0-bc0ef86d7b58: shutdown c2078e43-4e37-4d9c-99b0-bc0ef86d7b58@group-DCC2209809C3-FollowerState
2021-02-04 10:27:19,415 [grpc-default-executor-1] INFO  impl.RoleInfo (RoleInfo.java:updateAndGet(130)) - c2078e43-4e37-4d9c-99b0-bc0ef86d7b58: start c2078e43-4e37-4d9c-99b0-bc0ef86d7b58@group-DCC2209809C3-FollowerState
2021-02-04 10:27:19,415 [Thread-634] INFO  impl.FollowerState (FollowerState.java:run(142)) - c2078e43-4e37-4d9c-99b0-bc0ef86d7b58@group-DCC2209809C3-FollowerState was interrupted: {}
java.lang.InterruptedException: sleep interrupted
	at java.lang.Thread.sleep(Native Method)
	at java.lang.Thread.sleep(Thread.java:340)
	at java.util.concurrent.TimeUnit.sleep(TimeUnit.java:386)
	at org.apache.ratis.util.TimeDuration.sleep(TimeDuration.java:324)
	at org.apache.ratis.util.TimeDuration.sleep(TimeDuration.java:309)
	at org.apache.ratis.server.impl.FollowerState.run(FollowerState.java:117)
2021-02-04 10:27:19,418 [grpc-default-executor-2] INFO  server.RaftServer$Division (RaftServerImpl.java:requestVote(1025)) - 2f878777-950a-4a0a-bcd5-5efd0c9eb4b8@group-DCC2209809C3: receive requestVote(ELECTION, fdb3e943-d8be-440f-921f-162f76ce2c35, group-DCC2209809C3, 9, (t:0, i:0))
2021-02-04 10:27:19,420 [grpc-default-executor-1] INFO  server.RaftServer$Division (RaftServerImpl.java:requestVote(1057)) - c2078e43-4e37-4d9c-99b0-bc0ef86d7b58@group-DCC2209809C3 replies to ELECTION vote request: fdb3e943-d8be-440f-921f-162f76ce2c35<-c2078e43-4e37-4d9c-99b0-bc0ef86d7b58#0:FAIL-t9. Peer's state: c2078e43-4e37-4d9c-99b0-bc0ef86d7b58@group-DCC2209809C3:t9, leader=null, voted=null, raftlog=c2078e43-4e37-4d9c-99b0-bc0ef86d7b58@group-DCC2209809C3-SegmentedRaftLog:OPENED:c-1,f-1,i0, conf=-1: [fdb3e943-d8be-440f-921f-162f76ce2c35|rpc:172.17.0.2:42057|admin:|client:|dataStream:|priority:0, c2078e43-4e37-4d9c-99b0-bc0ef86d7b58|rpc:172.17.0.2:41803|admin:|client:|dataStream:|priority:1, 2f878777-950a-4a0a-bcd5-5efd0c9eb4b8|rpc:172.17.0.2:43707|admin:|client:|dataStream:|priority:0], old=null
2021-02-04 10:27:19,420 [grpc-default-executor-2] INFO  impl.VoteContext (VoteContext.java:log(48)) - 2f878777-950a-4a0a-bcd5-5efd0c9eb4b8@group-DCC2209809C3-FOLLOWER: accept ELECTION from fdb3e943-d8be-440f-921f-162f76ce2c35: our priority 0 <= candidate's priority 0
2021-02-04 10:27:19,420 [grpc-default-executor-2] INFO  server.RaftServer$Division (RaftServerImpl.java:setRole(284)) - 2f878777-950a-4a0a-bcd5-5efd0c9eb4b8@group-DCC2209809C3: changes role from  FOLLOWER to FOLLOWER at term 9 for candidate:fdb3e943-d8be-440f-921f-162f76ce2c35
2021-02-04 10:27:19,420 [grpc-default-executor-2] INFO  impl.RoleInfo (RoleInfo.java:shutdownFollowerState(108)) - 2f878777-950a-4a0a-bcd5-5efd0c9eb4b8: shutdown 2f878777-950a-4a0a-bcd5-5efd0c9eb4b8@group-DCC2209809C3-FollowerState
2021-02-04 10:27:19,420 [grpc-default-executor-2] INFO  impl.RoleInfo (RoleInfo.java:updateAndGet(130)) - 2f878777-950a-4a0a-bcd5-5efd0c9eb4b8: start 2f878777-950a-4a0a-bcd5-5efd0c9eb4b8@group-DCC2209809C3-FollowerState
2021-02-04 10:27:19,420 [Thread-633] INFO  impl.FollowerState (FollowerState.java:run(142)) - 2f878777-950a-4a0a-bcd5-5efd0c9eb4b8@group-DCC2209809C3-FollowerState was interrupted: {}
java.lang.InterruptedException: sleep interrupted
	at java.lang.Thread.sleep(Native Method)
	at java.lang.Thread.sleep(Thread.java:340)
	at java.util.concurrent.TimeUnit.sleep(TimeUnit.java:386)
	at org.apache.ratis.util.TimeDuration.sleep(TimeDuration.java:324)
	at org.apache.ratis.util.TimeDuration.sleep(TimeDuration.java:309)
	at org.apache.ratis.server.impl.FollowerState.run(FollowerState.java:117)
2021-02-04 10:27:19,425 [fdb3e943-d8be-440f-921f-162f76ce2c35@group-DCC2209809C3-LeaderElection22] INFO  impl.LeaderElection (LeaderElection.java:logAndReturn(89)) - fdb3e943-d8be-440f-921f-162f76ce2c35@group-DCC2209809C3-LeaderElection22: ELECTION REJECTED received 1 response(s) and 0 exception(s):
2021-02-04 10:27:19,425 [fdb3e943-d8be-440f-921f-162f76ce2c35@group-DCC2209809C3-LeaderElection22] INFO  impl.LeaderElection (LeaderElection.java:logAndReturn(93)) -   Response 0: fdb3e943-d8be-440f-921f-162f76ce2c35<-c2078e43-4e37-4d9c-99b0-bc0ef86d7b58#0:FAIL-t9
2021-02-04 10:27:19,425 [fdb3e943-d8be-440f-921f-162f76ce2c35@group-DCC2209809C3-LeaderElection22] INFO  impl.LeaderElection (LeaderElection.java:askForVotes(309)) - fdb3e943-d8be-440f-921f-162f76ce2c35@group-DCC2209809C3-LeaderElection22 ELECTION round 0: result REJECTED
2021-02-04 10:27:19,426 [fdb3e943-d8be-440f-921f-162f76ce2c35@group-DCC2209809C3-LeaderElection22] INFO  server.RaftServer$Division (RaftServerImpl.java:setRole(284)) - fdb3e943-d8be-440f-921f-162f76ce2c35@group-DCC2209809C3: changes role from CANDIDATE to FOLLOWER at term 9 for REJECTED
2021-02-04 10:27:19,426 [fdb3e943-d8be-440f-921f-162f76ce2c35@group-DCC2209809C3-LeaderElection22] INFO  impl.RoleInfo (RoleInfo.java:shutdownLeaderElection(121)) - fdb3e943-d8be-440f-921f-162f76ce2c35: shutdown fdb3e943-d8be-440f-921f-162f76ce2c35@group-DCC2209809C3-LeaderElection22
2021-02-04 10:27:19,426 [fdb3e943-d8be-440f-921f-162f76ce2c35@group-DCC2209809C3-LeaderElection22] INFO  impl.RoleInfo (RoleInfo.java:updateAndGet(130)) - fdb3e943-d8be-440f-921f-162f76ce2c35: start fdb3e943-d8be-440f-921f-162f76ce2c35@group-DCC2209809C3-FollowerState
2021-02-04 10:27:19,426 [grpc-default-executor-2] INFO  server.RaftServer$Division (RaftServerImpl.java:requestVote(1057)) - 2f878777-950a-4a0a-bcd5-5efd0c9eb4b8@group-DCC2209809C3 replies to ELECTION vote request: fdb3e943-d8be-440f-921f-162f76ce2c35<-2f878777-950a-4a0a-bcd5-5efd0c9eb4b8#0:OK-t9. Peer's state: 2f878777-950a-4a0a-bcd5-5efd0c9eb4b8@group-DCC2209809C3:t9, leader=null, voted=fdb3e943-d8be-440f-921f-162f76ce2c35, raftlog=2f878777-950a-4a0a-bcd5-5efd0c9eb4b8@group-DCC2209809C3-SegmentedRaftLog:OPENED:c-1,f-1,i0, conf=-1: [fdb3e943-d8be-440f-921f-162f76ce2c35|rpc:172.17.0.2:42057|priority:0, c2078e43-4e37-4d9c-99b0-bc0ef86d7b58|rpc:172.17.0.2:41803|priority:1, 2f878777-950a-4a0a-bcd5-5efd0c9eb4b8|rpc:172.17.0.2:43707|priority:0], old=null
2021-02-04 10:27:19,877 [EventQueue-PipelineReportForOneReplicaPipelineSafeModeRule] INFO  safemode.SCMSafeModeManager (SCMSafeModeManager.java:validateSafeModeExitRules(214)) - AtleastOneDatanodeReportedRule rule is successfully validated
2021-02-04 10:27:19,877 [EventQueue-OpenPipelineForHealthyPipelineSafeModeRule] INFO  safemode.SCMSafeModeManager (HealthyPipelineSafeModeRule.java:process(128)) - SCM in safe mode. Healthy pipelines reported count is 0, required healthy pipeline reported count is 1
2021-02-04 10:27:19,933 [EventQueue-PipelineReportForOneReplicaPipelineSafeModeRule] INFO  safemode.SCMSafeModeManager (SCMSafeModeManager.java:validateSafeModeExitRules(214)) - AtleastOneDatanodeReportedRule rule is successfully validated
2021-02-04 10:27:19,933 [EventQueue-OpenPipelineForHealthyPipelineSafeModeRule] INFO  safemode.SCMSafeModeManager (HealthyPipelineSafeModeRule.java:process(128)) - SCM in safe mode. Healthy pipelines reported count is 0, required healthy pipeline reported count is 1
2021-02-04 10:27:20,186 [Listener at 127.0.0.1/36545] INFO  ozone.MiniOzoneClusterImpl (MiniOzoneClusterImpl.java:lambda$waitForClusterToBeReady$0(179)) - Nodes are ready. Got 3 of 3 DN Heartbeats.
2021-02-04 10:27:20,186 [Listener at 127.0.0.1/36545] INFO  ozone.MiniOzoneClusterImpl (MiniOzoneClusterImpl.java:lambda$waitForClusterToBeReady$0(182)) - Waiting for cluster to exit safe mode
2021-02-04 10:27:20,353 [EventQueue-PipelineReportForOneReplicaPipelineSafeModeRule] INFO  safemode.SCMSafeModeManager (SCMSafeModeManager.java:validateSafeModeExitRules(214)) - AtleastOneDatanodeReportedRule rule is successfully validated
2021-02-04 10:27:20,354 [EventQueue-OpenPipelineForHealthyPipelineSafeModeRule] INFO  safemode.SCMSafeModeManager (HealthyPipelineSafeModeRule.java:process(128)) - SCM in safe mode. Healthy pipelines reported count is 0, required healthy pipeline reported count is 1
2021-02-04 10:27:20,877 [EventQueue-OpenPipelineForHealthyPipelineSafeModeRule] INFO  safemode.SCMSafeModeManager (HealthyPipelineSafeModeRule.java:process(128)) - SCM in safe mode. Healthy pipelines reported count is 0, required healthy pipeline reported count is 1
2021-02-04 10:27:20,878 [EventQueue-PipelineReportForOneReplicaPipelineSafeModeRule] INFO  safemode.SCMSafeModeManager (SCMSafeModeManager.java:validateSafeModeExitRules(214)) - AtleastOneDatanodeReportedRule rule is successfully validated
2021-02-04 10:27:20,933 [EventQueue-OpenPipelineForHealthyPipelineSafeModeRule] INFO  safemode.SCMSafeModeManager (HealthyPipelineSafeModeRule.java:process(128)) - SCM in safe mode. Healthy pipelines reported count is 0, required healthy pipeline reported count is 1
2021-02-04 10:27:20,933 [EventQueue-PipelineReportForOneReplicaPipelineSafeModeRule] INFO  safemode.SCMSafeModeManager (SCMSafeModeManager.java:validateSafeModeExitRules(214)) - AtleastOneDatanodeReportedRule rule is successfully validated
2021-02-04 10:27:21,186 [Listener at 127.0.0.1/36545] INFO  ozone.MiniOzoneClusterImpl (MiniOzoneClusterImpl.java:lambda$waitForClusterToBeReady$0(179)) - Nodes are ready. Got 3 of 3 DN Heartbeats.
2021-02-04 10:27:21,186 [Listener at 127.0.0.1/36545] INFO  ozone.MiniOzoneClusterImpl (MiniOzoneClusterImpl.java:lambda$waitForClusterToBeReady$0(182)) - Waiting for cluster to exit safe mode
2021-02-04 10:27:21,354 [EventQueue-PipelineReportForOneReplicaPipelineSafeModeRule] INFO  safemode.SCMSafeModeManager (SCMSafeModeManager.java:validateSafeModeExitRules(214)) - AtleastOneDatanodeReportedRule rule is successfully validated
2021-02-04 10:27:21,355 [EventQueue-OpenPipelineForHealthyPipelineSafeModeRule] INFO  safemode.SCMSafeModeManager (HealthyPipelineSafeModeRule.java:process(128)) - SCM in safe mode. Healthy pipelines reported count is 0, required healthy pipeline reported count is 1
2021-02-04 10:27:21,877 [EventQueue-PipelineReportForOneReplicaPipelineSafeModeRule] INFO  safemode.SCMSafeModeManager (SCMSafeModeManager.java:validateSafeModeExitRules(214)) - AtleastOneDatanodeReportedRule rule is successfully validated
2021-02-04 10:27:21,878 [EventQueue-OpenPipelineForHealthyPipelineSafeModeRule] INFO  safemode.SCMSafeModeManager (HealthyPipelineSafeModeRule.java:process(128)) - SCM in safe mode. Healthy pipelines reported count is 0, required healthy pipeline reported count is 1
2021-02-04 10:27:21,933 [EventQueue-PipelineReportForOneReplicaPipelineSafeModeRule] INFO  safemode.SCMSafeModeManager (SCMSafeModeManager.java:validateSafeModeExitRules(214)) - AtleastOneDatanodeReportedRule rule is successfully validated
2021-02-04 10:27:21,933 [EventQueue-OpenPipelineForHealthyPipelineSafeModeRule] INFO  safemode.SCMSafeModeManager (HealthyPipelineSafeModeRule.java:process(128)) - SCM in safe mode. Healthy pipelines reported count is 0, required healthy pipeline reported count is 1
2021-02-04 10:27:22,187 [Listener at 127.0.0.1/36545] INFO  ozone.MiniOzoneClusterImpl (MiniOzoneClusterImpl.java:lambda$waitForClusterToBeReady$0(179)) - Nodes are ready. Got 3 of 3 DN Heartbeats.
2021-02-04 10:27:22,187 [Listener at 127.0.0.1/36545] INFO  ozone.MiniOzoneClusterImpl (MiniOzoneClusterImpl.java:lambda$waitForClusterToBeReady$0(182)) - Waiting for cluster to exit safe mode
2021-02-04 10:27:22,354 [EventQueue-PipelineReportForOneReplicaPipelineSafeModeRule] INFO  safemode.SCMSafeModeManager (SCMSafeModeManager.java:validateSafeModeExitRules(214)) - AtleastOneDatanodeReportedRule rule is successfully validated
2021-02-04 10:27:22,354 [EventQueue-OpenPipelineForHealthyPipelineSafeModeRule] INFO  safemode.SCMSafeModeManager (HealthyPipelineSafeModeRule.java:process(128)) - SCM in safe mode. Healthy pipelines reported count is 0, required healthy pipeline reported count is 1
2021-02-04 10:27:22,877 [EventQueue-OpenPipelineForHealthyPipelineSafeModeRule] INFO  safemode.SCMSafeModeManager (HealthyPipelineSafeModeRule.java:process(128)) - SCM in safe mode. Healthy pipelines reported count is 0, required healthy pipeline reported count is 1
2021-02-04 10:27:22,877 [EventQueue-PipelineReportForOneReplicaPipelineSafeModeRule] INFO  safemode.SCMSafeModeManager (SCMSafeModeManager.java:validateSafeModeExitRules(214)) - AtleastOneDatanodeReportedRule rule is successfully validated
2021-02-04 10:27:22,933 [EventQueue-PipelineReportForOneReplicaPipelineSafeModeRule] INFO  safemode.SCMSafeModeManager (SCMSafeModeManager.java:validateSafeModeExitRules(214)) - AtleastOneDatanodeReportedRule rule is successfully validated
2021-02-04 10:27:22,933 [EventQueue-OpenPipelineForHealthyPipelineSafeModeRule] INFO  safemode.SCMSafeModeManager (HealthyPipelineSafeModeRule.java:process(128)) - SCM in safe mode. Healthy pipelines reported count is 0, required healthy pipeline reported count is 1
2021-02-04 10:27:23,187 [Listener at 127.0.0.1/36545] INFO  ozone.MiniOzoneClusterImpl (MiniOzoneClusterImpl.java:lambda$waitForClusterToBeReady$0(179)) - Nodes are ready. Got 3 of 3 DN Heartbeats.
2021-02-04 10:27:23,187 [Listener at 127.0.0.1/36545] INFO  ozone.MiniOzoneClusterImpl (MiniOzoneClusterImpl.java:lambda$waitForClusterToBeReady$0(182)) - Waiting for cluster to exit safe mode
2021-02-04 10:27:23,354 [EventQueue-PipelineReportForOneReplicaPipelineSafeModeRule] INFO  safemode.SCMSafeModeManager (SCMSafeModeManager.java:validateSafeModeExitRules(214)) - AtleastOneDatanodeReportedRule rule is successfully validated
2021-02-04 10:27:23,354 [EventQueue-OpenPipelineForHealthyPipelineSafeModeRule] INFO  safemode.SCMSafeModeManager (HealthyPipelineSafeModeRule.java:process(128)) - SCM in safe mode. Healthy pipelines reported count is 0, required healthy pipeline reported count is 1
2021-02-04 10:27:23,877 [EventQueue-PipelineReportForOneReplicaPipelineSafeModeRule] INFO  safemode.SCMSafeModeManager (SCMSafeModeManager.java:validateSafeModeExitRules(214)) - AtleastOneDatanodeReportedRule rule is successfully validated
2021-02-04 10:27:23,878 [EventQueue-OpenPipelineForHealthyPipelineSafeModeRule] INFO  safemode.SCMSafeModeManager (HealthyPipelineSafeModeRule.java:process(128)) - SCM in safe mode. Healthy pipelines reported count is 0, required healthy pipeline reported count is 1
2021-02-04 10:27:23,933 [EventQueue-PipelineReportForOneReplicaPipelineSafeModeRule] INFO  safemode.SCMSafeModeManager (SCMSafeModeManager.java:validateSafeModeExitRules(214)) - AtleastOneDatanodeReportedRule rule is successfully validated
2021-02-04 10:27:23,933 [EventQueue-OpenPipelineForHealthyPipelineSafeModeRule] INFO  safemode.SCMSafeModeManager (HealthyPipelineSafeModeRule.java:process(128)) - SCM in safe mode. Healthy pipelines reported count is 0, required healthy pipeline reported count is 1
2021-02-04 10:27:24,188 [Listener at 127.0.0.1/36545] INFO  ozone.MiniOzoneClusterImpl (MiniOzoneClusterImpl.java:lambda$waitForClusterToBeReady$0(179)) - Nodes are ready. Got 3 of 3 DN Heartbeats.
2021-02-04 10:27:24,188 [Listener at 127.0.0.1/36545] INFO  ozone.MiniOzoneClusterImpl (MiniOzoneClusterImpl.java:lambda$waitForClusterToBeReady$0(182)) - Waiting for cluster to exit safe mode
2021-02-04 10:27:24,354 [EventQueue-PipelineReportForOneReplicaPipelineSafeModeRule] INFO  safemode.SCMSafeModeManager (SCMSafeModeManager.java:validateSafeModeExitRules(214)) - AtleastOneDatanodeReportedRule rule is successfully validated
2021-02-04 10:27:24,355 [EventQueue-OpenPipelineForHealthyPipelineSafeModeRule] INFO  safemode.SCMSafeModeManager (HealthyPipelineSafeModeRule.java:process(128)) - SCM in safe mode. Healthy pipelines reported count is 0, required healthy pipeline reported count is 1
2021-02-04 10:27:24,537 [Thread-641] INFO  impl.FollowerState (FollowerState.java:run(133)) - fdb3e943-d8be-440f-921f-162f76ce2c35@group-DCC2209809C3-FollowerState: change to CANDIDATE, lastRpcElapsedTime:5111369563ns, electionTimeout:5111ms
2021-02-04 10:27:24,537 [Thread-641] INFO  impl.RoleInfo (RoleInfo.java:shutdownFollowerState(108)) - fdb3e943-d8be-440f-921f-162f76ce2c35: shutdown fdb3e943-d8be-440f-921f-162f76ce2c35@group-DCC2209809C3-FollowerState
2021-02-04 10:27:24,537 [Thread-641] INFO  server.RaftServer$Division (RaftServerImpl.java:setRole(284)) - fdb3e943-d8be-440f-921f-162f76ce2c35@group-DCC2209809C3: changes role from  FOLLOWER to CANDIDATE at term 9 for changeToCandidate
2021-02-04 10:27:24,537 [Thread-641] INFO  server.RaftServerConfigKeys (ConfUtils.java:logGet(44)) - raft.server.leaderelection.pre-vote = false (custom)
2021-02-04 10:27:24,537 [Thread-641] INFO  impl.RoleInfo (RoleInfo.java:updateAndGet(130)) - fdb3e943-d8be-440f-921f-162f76ce2c35: start fdb3e943-d8be-440f-921f-162f76ce2c35@group-DCC2209809C3-LeaderElection23
2021-02-04 10:27:24,538 [Thread-639] INFO  impl.FollowerState (FollowerState.java:run(133)) - c2078e43-4e37-4d9c-99b0-bc0ef86d7b58@group-DCC2209809C3-FollowerState: change to CANDIDATE, lastRpcElapsedTime:5122868800ns, electionTimeout:5120ms
2021-02-04 10:27:24,538 [Thread-639] INFO  impl.RoleInfo (RoleInfo.java:shutdownFollowerState(108)) - c2078e43-4e37-4d9c-99b0-bc0ef86d7b58: shutdown c2078e43-4e37-4d9c-99b0-bc0ef86d7b58@group-DCC2209809C3-FollowerState
2021-02-04 10:27:24,538 [Thread-639] INFO  server.RaftServer$Division (RaftServerImpl.java:setRole(284)) - c2078e43-4e37-4d9c-99b0-bc0ef86d7b58@group-DCC2209809C3: changes role from  FOLLOWER to CANDIDATE at term 9 for changeToCandidate
2021-02-04 10:27:24,538 [Thread-639] INFO  server.RaftServerConfigKeys (ConfUtils.java:logGet(44)) - raft.server.leaderelection.pre-vote = false (custom)
2021-02-04 10:27:24,539 [Thread-639] INFO  impl.RoleInfo (RoleInfo.java:updateAndGet(130)) - c2078e43-4e37-4d9c-99b0-bc0ef86d7b58: start c2078e43-4e37-4d9c-99b0-bc0ef86d7b58@group-DCC2209809C3-LeaderElection24
2021-02-04 10:27:24,543 [fdb3e943-d8be-440f-921f-162f76ce2c35@group-DCC2209809C3-LeaderElection23] INFO  impl.LeaderElection (LeaderElection.java:askForVotes(307)) - fdb3e943-d8be-440f-921f-162f76ce2c35@group-DCC2209809C3-LeaderElection23 ELECTION round 0: submit vote requests at term 10 for -1: [fdb3e943-d8be-440f-921f-162f76ce2c35|rpc:172.17.0.2:42057|admin:|client:|dataStream:|priority:0, c2078e43-4e37-4d9c-99b0-bc0ef86d7b58|rpc:172.17.0.2:41803|admin:|client:|dataStream:|priority:1, 2f878777-950a-4a0a-bcd5-5efd0c9eb4b8|rpc:172.17.0.2:43707|admin:|client:|dataStream:|priority:0], old=null
2021-02-04 10:27:24,547 [c2078e43-4e37-4d9c-99b0-bc0ef86d7b58@group-DCC2209809C3-LeaderElection24] INFO  impl.LeaderElection (LeaderElection.java:askForVotes(307)) - c2078e43-4e37-4d9c-99b0-bc0ef86d7b58@group-DCC2209809C3-LeaderElection24 ELECTION round 0: submit vote requests at term 10 for -1: [fdb3e943-d8be-440f-921f-162f76ce2c35|rpc:172.17.0.2:42057|admin:|client:|dataStream:|priority:0, c2078e43-4e37-4d9c-99b0-bc0ef86d7b58|rpc:172.17.0.2:41803|admin:|client:|dataStream:|priority:1, 2f878777-950a-4a0a-bcd5-5efd0c9eb4b8|rpc:172.17.0.2:43707|admin:|client:|dataStream:|priority:0], old=null
2021-02-04 10:27:24,550 [grpc-default-executor-1] INFO  server.RaftServer$Division (RaftServerImpl.java:requestVote(1025)) - c2078e43-4e37-4d9c-99b0-bc0ef86d7b58@group-DCC2209809C3: receive requestVote(ELECTION, fdb3e943-d8be-440f-921f-162f76ce2c35, group-DCC2209809C3, 10, (t:0, i:0))
2021-02-04 10:27:24,556 [grpc-default-executor-1] INFO  impl.VoteContext (VoteContext.java:log(48)) - c2078e43-4e37-4d9c-99b0-bc0ef86d7b58@group-DCC2209809C3-CANDIDATE: reject ELECTION from fdb3e943-d8be-440f-921f-162f76ce2c35: already has voted for c2078e43-4e37-4d9c-99b0-bc0ef86d7b58 at current term 10
2021-02-04 10:27:24,556 [grpc-default-executor-1] INFO  server.RaftServer$Division (RaftServerImpl.java:requestVote(1057)) - c2078e43-4e37-4d9c-99b0-bc0ef86d7b58@group-DCC2209809C3 replies to ELECTION vote request: fdb3e943-d8be-440f-921f-162f76ce2c35<-c2078e43-4e37-4d9c-99b0-bc0ef86d7b58#0:FAIL-t10. Peer's state: c2078e43-4e37-4d9c-99b0-bc0ef86d7b58@group-DCC2209809C3:t10, leader=null, voted=c2078e43-4e37-4d9c-99b0-bc0ef86d7b58, raftlog=c2078e43-4e37-4d9c-99b0-bc0ef86d7b58@group-DCC2209809C3-SegmentedRaftLog:OPENED:c-1,f-1,i0, conf=-1: [fdb3e943-d8be-440f-921f-162f76ce2c35|rpc:172.17.0.2:42057|admin:|client:|dataStream:|priority:0, c2078e43-4e37-4d9c-99b0-bc0ef86d7b58|rpc:172.17.0.2:41803|admin:|client:|dataStream:|priority:1, 2f878777-950a-4a0a-bcd5-5efd0c9eb4b8|rpc:172.17.0.2:43707|admin:|client:|dataStream:|priority:0], old=null
2021-02-04 10:27:24,556 [grpc-default-executor-2] INFO  server.RaftServer$Division (RaftServerImpl.java:requestVote(1025)) - 2f878777-950a-4a0a-bcd5-5efd0c9eb4b8@group-DCC2209809C3: receive requestVote(ELECTION, fdb3e943-d8be-440f-921f-162f76ce2c35, group-DCC2209809C3, 10, (t:0, i:0))
2021-02-04 10:27:24,559 [grpc-default-executor-2] INFO  impl.VoteContext (VoteContext.java:log(48)) - 2f878777-950a-4a0a-bcd5-5efd0c9eb4b8@group-DCC2209809C3-FOLLOWER: accept ELECTION from fdb3e943-d8be-440f-921f-162f76ce2c35: our priority 0 <= candidate's priority 0
2021-02-04 10:27:24,559 [grpc-default-executor-2] INFO  server.RaftServer$Division (RaftServerImpl.java:setRole(284)) - 2f878777-950a-4a0a-bcd5-5efd0c9eb4b8@group-DCC2209809C3: changes role from  FOLLOWER to FOLLOWER at term 10 for candidate:fdb3e943-d8be-440f-921f-162f76ce2c35
2021-02-04 10:27:24,559 [grpc-default-executor-2] INFO  impl.RoleInfo (RoleInfo.java:shutdownFollowerState(108)) - 2f878777-950a-4a0a-bcd5-5efd0c9eb4b8: shutdown 2f878777-950a-4a0a-bcd5-5efd0c9eb4b8@group-DCC2209809C3-FollowerState
2021-02-04 10:27:24,559 [grpc-default-executor-2] INFO  impl.RoleInfo (RoleInfo.java:updateAndGet(130)) - 2f878777-950a-4a0a-bcd5-5efd0c9eb4b8: start 2f878777-950a-4a0a-bcd5-5efd0c9eb4b8@group-DCC2209809C3-FollowerState
2021-02-04 10:27:24,559 [fdb3e943-d8be-440f-921f-162f76ce2c35@group-DCC2209809C3-LeaderElection23] INFO  impl.LeaderElection (LeaderElection.java:logAndReturn(89)) - fdb3e943-d8be-440f-921f-162f76ce2c35@group-DCC2209809C3-LeaderElection23: ELECTION REJECTED received 1 response(s) and 0 exception(s):
2021-02-04 10:27:24,563 [fdb3e943-d8be-440f-921f-162f76ce2c35@group-DCC2209809C3-LeaderElection23] INFO  impl.LeaderElection (LeaderElection.java:logAndReturn(93)) -   Response 0: fdb3e943-d8be-440f-921f-162f76ce2c35<-c2078e43-4e37-4d9c-99b0-bc0ef86d7b58#0:FAIL-t10
2021-02-04 10:27:24,563 [fdb3e943-d8be-440f-921f-162f76ce2c35@group-DCC2209809C3-LeaderElection23] INFO  impl.LeaderElection (LeaderElection.java:askForVotes(309)) - fdb3e943-d8be-440f-921f-162f76ce2c35@group-DCC2209809C3-LeaderElection23 ELECTION round 0: result REJECTED
2021-02-04 10:27:24,563 [fdb3e943-d8be-440f-921f-162f76ce2c35@group-DCC2209809C3-LeaderElection23] INFO  server.RaftServer$Division (RaftServerImpl.java:setRole(284)) - fdb3e943-d8be-440f-921f-162f76ce2c35@group-DCC2209809C3: changes role from CANDIDATE to FOLLOWER at term 10 for REJECTED
2021-02-04 10:27:24,563 [fdb3e943-d8be-440f-921f-162f76ce2c35@group-DCC2209809C3-LeaderElection23] INFO  impl.RoleInfo (RoleInfo.java:shutdownLeaderElection(121)) - fdb3e943-d8be-440f-921f-162f76ce2c35: shutdown fdb3e943-d8be-440f-921f-162f76ce2c35@group-DCC2209809C3-LeaderElection23
2021-02-04 10:27:24,563 [fdb3e943-d8be-440f-921f-162f76ce2c35@group-DCC2209809C3-LeaderElection23] INFO  impl.RoleInfo (RoleInfo.java:updateAndGet(130)) - fdb3e943-d8be-440f-921f-162f76ce2c35: start fdb3e943-d8be-440f-921f-162f76ce2c35@group-DCC2209809C3-FollowerState
2021-02-04 10:27:24,561 [grpc-default-executor-2] INFO  server.RaftServer$Division (RaftServerImpl.java:requestVote(1057)) - 2f878777-950a-4a0a-bcd5-5efd0c9eb4b8@group-DCC2209809C3 replies to ELECTION vote request: fdb3e943-d8be-440f-921f-162f76ce2c35<-2f878777-950a-4a0a-bcd5-5efd0c9eb4b8#0:OK-t10. Peer's state: 2f878777-950a-4a0a-bcd5-5efd0c9eb4b8@group-DCC2209809C3:t10, leader=null, voted=fdb3e943-d8be-440f-921f-162f76ce2c35, raftlog=2f878777-950a-4a0a-bcd5-5efd0c9eb4b8@group-DCC2209809C3-SegmentedRaftLog:OPENED:c-1,f-1,i0, conf=-1: [fdb3e943-d8be-440f-921f-162f76ce2c35|rpc:172.17.0.2:42057|priority:0, c2078e43-4e37-4d9c-99b0-bc0ef86d7b58|rpc:172.17.0.2:41803|priority:1, 2f878777-950a-4a0a-bcd5-5efd0c9eb4b8|rpc:172.17.0.2:43707|priority:0], old=null
2021-02-04 10:27:24,559 [Thread-640] INFO  impl.FollowerState (FollowerState.java:run(142)) - 2f878777-950a-4a0a-bcd5-5efd0c9eb4b8@group-DCC2209809C3-FollowerState was interrupted: {}
java.lang.InterruptedException: sleep interrupted
	at java.lang.Thread.sleep(Native Method)
	at java.lang.Thread.sleep(Thread.java:340)
	at java.util.concurrent.TimeUnit.sleep(TimeUnit.java:386)
	at org.apache.ratis.util.TimeDuration.sleep(TimeDuration.java:324)
	at org.apache.ratis.util.TimeDuration.sleep(TimeDuration.java:309)
	at org.apache.ratis.server.impl.FollowerState.run(FollowerState.java:117)
2021-02-04 10:27:24,576 [grpc-default-executor-2] INFO  server.RaftServer$Division (RaftServerImpl.java:requestVote(1025)) - 2f878777-950a-4a0a-bcd5-5efd0c9eb4b8@group-DCC2209809C3: receive requestVote(ELECTION, c2078e43-4e37-4d9c-99b0-bc0ef86d7b58, group-DCC2209809C3, 10, (t:0, i:0))
2021-02-04 10:27:24,576 [grpc-default-executor-1] INFO  server.RaftServer$Division (RaftServerImpl.java:requestVote(1025)) - fdb3e943-d8be-440f-921f-162f76ce2c35@group-DCC2209809C3: receive requestVote(ELECTION, c2078e43-4e37-4d9c-99b0-bc0ef86d7b58, group-DCC2209809C3, 10, (t:0, i:0))
2021-02-04 10:27:24,577 [grpc-default-executor-1] INFO  impl.VoteContext (VoteContext.java:log(48)) - fdb3e943-d8be-440f-921f-162f76ce2c35@group-DCC2209809C3-FOLLOWER: reject ELECTION from c2078e43-4e37-4d9c-99b0-bc0ef86d7b58: already has voted for fdb3e943-d8be-440f-921f-162f76ce2c35 at current term 10
2021-02-04 10:27:24,576 [grpc-default-executor-2] INFO  impl.VoteContext (VoteContext.java:log(48)) - 2f878777-950a-4a0a-bcd5-5efd0c9eb4b8@group-DCC2209809C3-FOLLOWER: reject ELECTION from c2078e43-4e37-4d9c-99b0-bc0ef86d7b58: already has voted for fdb3e943-d8be-440f-921f-162f76ce2c35 at current term 10
2021-02-04 10:27:24,577 [grpc-default-executor-1] INFO  server.RaftServer$Division (RaftServerImpl.java:requestVote(1057)) - fdb3e943-d8be-440f-921f-162f76ce2c35@group-DCC2209809C3 replies to ELECTION vote request: c2078e43-4e37-4d9c-99b0-bc0ef86d7b58<-fdb3e943-d8be-440f-921f-162f76ce2c35#0:FAIL-t10. Peer's state: fdb3e943-d8be-440f-921f-162f76ce2c35@group-DCC2209809C3:t10, leader=null, voted=fdb3e943-d8be-440f-921f-162f76ce2c35, raftlog=fdb3e943-d8be-440f-921f-162f76ce2c35@group-DCC2209809C3-SegmentedRaftLog:OPENED:c-1,f-1,i0, conf=-1: [fdb3e943-d8be-440f-921f-162f76ce2c35|rpc:172.17.0.2:42057|admin:|client:|dataStream:|priority:0, c2078e43-4e37-4d9c-99b0-bc0ef86d7b58|rpc:172.17.0.2:41803|admin:|client:|dataStream:|priority:1, 2f878777-950a-4a0a-bcd5-5efd0c9eb4b8|rpc:172.17.0.2:43707|admin:|client:|dataStream:|priority:0], old=null
2021-02-04 10:27:24,577 [grpc-default-executor-2] INFO  server.RaftServer$Division (RaftServerImpl.java:requestVote(1057)) - 2f878777-950a-4a0a-bcd5-5efd0c9eb4b8@group-DCC2209809C3 replies to ELECTION vote request: c2078e43-4e37-4d9c-99b0-bc0ef86d7b58<-2f878777-950a-4a0a-bcd5-5efd0c9eb4b8#0:FAIL-t10. Peer's state: 2f878777-950a-4a0a-bcd5-5efd0c9eb4b8@group-DCC2209809C3:t10, leader=null, voted=fdb3e943-d8be-440f-921f-162f76ce2c35, raftlog=2f878777-950a-4a0a-bcd5-5efd0c9eb4b8@group-DCC2209809C3-SegmentedRaftLog:OPENED:c-1,f-1,i0, conf=-1: [fdb3e943-d8be-440f-921f-162f76ce2c35|rpc:172.17.0.2:42057|priority:0, c2078e43-4e37-4d9c-99b0-bc0ef86d7b58|rpc:172.17.0.2:41803|priority:1, 2f878777-950a-4a0a-bcd5-5efd0c9eb4b8|rpc:172.17.0.2:43707|priority:0], old=null
2021-02-04 10:27:24,579 [c2078e43-4e37-4d9c-99b0-bc0ef86d7b58@group-DCC2209809C3-LeaderElection24] INFO  impl.LeaderElection (LeaderElection.java:logAndReturn(89)) - c2078e43-4e37-4d9c-99b0-bc0ef86d7b58@group-DCC2209809C3-LeaderElection24: ELECTION REJECTED received 2 response(s) and 0 exception(s):
2021-02-04 10:27:24,581 [c2078e43-4e37-4d9c-99b0-bc0ef86d7b58@group-DCC2209809C3-LeaderElection24] INFO  impl.LeaderElection (LeaderElection.java:logAndReturn(93)) -   Response 0: c2078e43-4e37-4d9c-99b0-bc0ef86d7b58<-fdb3e943-d8be-440f-921f-162f76ce2c35#0:FAIL-t10
2021-02-04 10:27:24,581 [c2078e43-4e37-4d9c-99b0-bc0ef86d7b58@group-DCC2209809C3-LeaderElection24] INFO  impl.LeaderElection (LeaderElection.java:logAndReturn(93)) -   Response 1: c2078e43-4e37-4d9c-99b0-bc0ef86d7b58<-2f878777-950a-4a0a-bcd5-5efd0c9eb4b8#0:FAIL-t10
2021-02-04 10:27:24,581 [c2078e43-4e37-4d9c-99b0-bc0ef86d7b58@group-DCC2209809C3-LeaderElection24] INFO  impl.LeaderElection (LeaderElection.java:askForVotes(309)) - c2078e43-4e37-4d9c-99b0-bc0ef86d7b58@group-DCC2209809C3-LeaderElection24 ELECTION round 0: result REJECTED
2021-02-04 10:27:24,581 [c2078e43-4e37-4d9c-99b0-bc0ef86d7b58@group-DCC2209809C3-LeaderElection24] INFO  server.RaftServer$Division (RaftServerImpl.java:setRole(284)) - c2078e43-4e37-4d9c-99b0-bc0ef86d7b58@group-DCC2209809C3: changes role from CANDIDATE to FOLLOWER at term 10 for REJECTED
2021-02-04 10:27:24,581 [c2078e43-4e37-4d9c-99b0-bc0ef86d7b58@group-DCC2209809C3-LeaderElection24] INFO  impl.RoleInfo (RoleInfo.java:shutdownLeaderElection(121)) - c2078e43-4e37-4d9c-99b0-bc0ef86d7b58: shutdown c2078e43-4e37-4d9c-99b0-bc0ef86d7b58@group-DCC2209809C3-LeaderElection24
2021-02-04 10:27:24,581 [c2078e43-4e37-4d9c-99b0-bc0ef86d7b58@group-DCC2209809C3-LeaderElection24] INFO  impl.RoleInfo (RoleInfo.java:updateAndGet(130)) - c2078e43-4e37-4d9c-99b0-bc0ef86d7b58: start c2078e43-4e37-4d9c-99b0-bc0ef86d7b58@group-DCC2209809C3-FollowerState
2021-02-04 10:27:24,877 [EventQueue-PipelineReportForOneReplicaPipelineSafeModeRule] INFO  safemode.SCMSafeModeManager (SCMSafeModeManager.java:validateSafeModeExitRules(214)) - AtleastOneDatanodeReportedRule rule is successfully validated
2021-02-04 10:27:24,877 [EventQueue-OpenPipelineForHealthyPipelineSafeModeRule] INFO  safemode.SCMSafeModeManager (HealthyPipelineSafeModeRule.java:process(128)) - SCM in safe mode. Healthy pipelines reported count is 0, required healthy pipeline reported count is 1
2021-02-04 10:27:24,934 [EventQueue-OpenPipelineForHealthyPipelineSafeModeRule] INFO  safemode.SCMSafeModeManager (HealthyPipelineSafeModeRule.java:process(128)) - SCM in safe mode. Healthy pipelines reported count is 0, required healthy pipeline reported count is 1
2021-02-04 10:27:24,934 [EventQueue-PipelineReportForOneReplicaPipelineSafeModeRule] INFO  safemode.SCMSafeModeManager (SCMSafeModeManager.java:validateSafeModeExitRules(214)) - AtleastOneDatanodeReportedRule rule is successfully validated
2021-02-04 10:27:25,188 [Listener at 127.0.0.1/36545] INFO  ozone.MiniOzoneClusterImpl (MiniOzoneClusterImpl.java:lambda$waitForClusterToBeReady$0(179)) - Nodes are ready. Got 3 of 3 DN Heartbeats.
2021-02-04 10:27:25,188 [Listener at 127.0.0.1/36545] INFO  ozone.MiniOzoneClusterImpl (MiniOzoneClusterImpl.java:lambda$waitForClusterToBeReady$0(182)) - Waiting for cluster to exit safe mode
2021-02-04 10:27:25,354 [EventQueue-PipelineReportForOneReplicaPipelineSafeModeRule] INFO  safemode.SCMSafeModeManager (SCMSafeModeManager.java:validateSafeModeExitRules(214)) - AtleastOneDatanodeReportedRule rule is successfully validated
2021-02-04 10:27:25,354 [EventQueue-OpenPipelineForHealthyPipelineSafeModeRule] INFO  safemode.SCMSafeModeManager (HealthyPipelineSafeModeRule.java:process(128)) - SCM in safe mode. Healthy pipelines reported count is 0, required healthy pipeline reported count is 1
2021-02-04 10:27:25,877 [EventQueue-PipelineReportForOneReplicaPipelineSafeModeRule] INFO  safemode.SCMSafeModeManager (SCMSafeModeManager.java:validateSafeModeExitRules(214)) - AtleastOneDatanodeReportedRule rule is successfully validated
2021-02-04 10:27:25,878 [EventQueue-OpenPipelineForHealthyPipelineSafeModeRule] INFO  safemode.SCMSafeModeManager (HealthyPipelineSafeModeRule.java:process(128)) - SCM in safe mode. Healthy pipelines reported count is 0, required healthy pipeline reported count is 1
2021-02-04 10:27:25,934 [EventQueue-PipelineReportForOneReplicaPipelineSafeModeRule] INFO  safemode.SCMSafeModeManager (SCMSafeModeManager.java:validateSafeModeExitRules(214)) - AtleastOneDatanodeReportedRule rule is successfully validated
2021-02-04 10:27:25,934 [EventQueue-OpenPipelineForHealthyPipelineSafeModeRule] INFO  safemode.SCMSafeModeManager (HealthyPipelineSafeModeRule.java:process(128)) - SCM in safe mode. Healthy pipelines reported count is 0, required healthy pipeline reported count is 1
2021-02-04 10:27:26,189 [Listener at 127.0.0.1/36545] INFO  ozone.MiniOzoneClusterImpl (MiniOzoneClusterImpl.java:lambda$waitForClusterToBeReady$0(179)) - Nodes are ready. Got 3 of 3 DN Heartbeats.
2021-02-04 10:27:26,189 [Listener at 127.0.0.1/36545] INFO  ozone.MiniOzoneClusterImpl (MiniOzoneClusterImpl.java:lambda$waitForClusterToBeReady$0(182)) - Waiting for cluster to exit safe mode
2021-02-04 10:27:26,354 [EventQueue-PipelineReportForOneReplicaPipelineSafeModeRule] INFO  safemode.SCMSafeModeManager (SCMSafeModeManager.java:validateSafeModeExitRules(214)) - AtleastOneDatanodeReportedRule rule is successfully validated
2021-02-04 10:27:26,354 [EventQueue-OpenPipelineForHealthyPipelineSafeModeRule] INFO  safemode.SCMSafeModeManager (HealthyPipelineSafeModeRule.java:process(128)) - SCM in safe mode. Healthy pipelines reported count is 0, required healthy pipeline reported count is 1
2021-02-04 10:27:26,879 [EventQueue-PipelineReportForOneReplicaPipelineSafeModeRule] INFO  safemode.SCMSafeModeManager (SCMSafeModeManager.java:validateSafeModeExitRules(214)) - AtleastOneDatanodeReportedRule rule is successfully validated
2021-02-04 10:27:26,880 [EventQueue-OpenPipelineForHealthyPipelineSafeModeRule] INFO  safemode.SCMSafeModeManager (HealthyPipelineSafeModeRule.java:process(128)) - SCM in safe mode. Healthy pipelines reported count is 0, required healthy pipeline reported count is 1
2021-02-04 10:27:26,934 [EventQueue-PipelineReportForOneReplicaPipelineSafeModeRule] INFO  safemode.SCMSafeModeManager (SCMSafeModeManager.java:validateSafeModeExitRules(214)) - AtleastOneDatanodeReportedRule rule is successfully validated
2021-02-04 10:27:26,935 [EventQueue-OpenPipelineForHealthyPipelineSafeModeRule] INFO  safemode.SCMSafeModeManager (HealthyPipelineSafeModeRule.java:process(128)) - SCM in safe mode. Healthy pipelines reported count is 0, required healthy pipeline reported count is 1
2021-02-04 10:27:27,189 [Listener at 127.0.0.1/36545] INFO  ozone.MiniOzoneClusterImpl (MiniOzoneClusterImpl.java:lambda$waitForClusterToBeReady$0(179)) - Nodes are ready. Got 3 of 3 DN Heartbeats.
2021-02-04 10:27:27,189 [Listener at 127.0.0.1/36545] INFO  ozone.MiniOzoneClusterImpl (MiniOzoneClusterImpl.java:lambda$waitForClusterToBeReady$0(182)) - Waiting for cluster to exit safe mode
2021-02-04 10:27:27,354 [EventQueue-PipelineReportForOneReplicaPipelineSafeModeRule] INFO  safemode.SCMSafeModeManager (SCMSafeModeManager.java:validateSafeModeExitRules(214)) - AtleastOneDatanodeReportedRule rule is successfully validated
2021-02-04 10:27:27,354 [EventQueue-OpenPipelineForHealthyPipelineSafeModeRule] INFO  safemode.SCMSafeModeManager (HealthyPipelineSafeModeRule.java:process(128)) - SCM in safe mode. Healthy pipelines reported count is 0, required healthy pipeline reported count is 1
2021-02-04 10:27:27,878 [EventQueue-OpenPipelineForHealthyPipelineSafeModeRule] INFO  safemode.SCMSafeModeManager (HealthyPipelineSafeModeRule.java:process(128)) - SCM in safe mode. Healthy pipelines reported count is 0, required healthy pipeline reported count is 1
2021-02-04 10:27:27,878 [EventQueue-PipelineReportForOneReplicaPipelineSafeModeRule] INFO  safemode.SCMSafeModeManager (SCMSafeModeManager.java:validateSafeModeExitRules(214)) - AtleastOneDatanodeReportedRule rule is successfully validated
2021-02-04 10:27:27,935 [EventQueue-PipelineReportForOneReplicaPipelineSafeModeRule] INFO  safemode.SCMSafeModeManager (SCMSafeModeManager.java:validateSafeModeExitRules(214)) - AtleastOneDatanodeReportedRule rule is successfully validated
2021-02-04 10:27:27,935 [EventQueue-OpenPipelineForHealthyPipelineSafeModeRule] INFO  safemode.SCMSafeModeManager (HealthyPipelineSafeModeRule.java:process(128)) - SCM in safe mode. Healthy pipelines reported count is 0, required healthy pipeline reported count is 1
2021-02-04 10:27:28,190 [Listener at 127.0.0.1/36545] INFO  ozone.MiniOzoneClusterImpl (MiniOzoneClusterImpl.java:lambda$waitForClusterToBeReady$0(179)) - Nodes are ready. Got 3 of 3 DN Heartbeats.
2021-02-04 10:27:28,190 [Listener at 127.0.0.1/36545] INFO  ozone.MiniOzoneClusterImpl (MiniOzoneClusterImpl.java:lambda$waitForClusterToBeReady$0(182)) - Waiting for cluster to exit safe mode
2021-02-04 10:27:28,354 [EventQueue-PipelineReportForOneReplicaPipelineSafeModeRule] INFO  safemode.SCMSafeModeManager (SCMSafeModeManager.java:validateSafeModeExitRules(214)) - AtleastOneDatanodeReportedRule rule is successfully validated
2021-02-04 10:27:28,354 [EventQueue-OpenPipelineForHealthyPipelineSafeModeRule] INFO  safemode.SCMSafeModeManager (HealthyPipelineSafeModeRule.java:process(128)) - SCM in safe mode. Healthy pipelines reported count is 0, required healthy pipeline reported count is 1
2021-02-04 10:27:28,878 [EventQueue-PipelineReportForOneReplicaPipelineSafeModeRule] INFO  safemode.SCMSafeModeManager (SCMSafeModeManager.java:validateSafeModeExitRules(214)) - AtleastOneDatanodeReportedRule rule is successfully validated
2021-02-04 10:27:28,878 [EventQueue-OpenPipelineForHealthyPipelineSafeModeRule] INFO  safemode.SCMSafeModeManager (HealthyPipelineSafeModeRule.java:process(128)) - SCM in safe mode. Healthy pipelines reported count is 0, required healthy pipeline reported count is 1
2021-02-04 10:27:28,935 [EventQueue-PipelineReportForOneReplicaPipelineSafeModeRule] INFO  safemode.SCMSafeModeManager (SCMSafeModeManager.java:validateSafeModeExitRules(214)) - AtleastOneDatanodeReportedRule rule is successfully validated
2021-02-04 10:27:28,936 [EventQueue-OpenPipelineForHealthyPipelineSafeModeRule] INFO  safemode.SCMSafeModeManager (HealthyPipelineSafeModeRule.java:process(128)) - SCM in safe mode. Healthy pipelines reported count is 0, required healthy pipeline reported count is 1
2021-02-04 10:27:29,190 [Listener at 127.0.0.1/36545] INFO  ozone.MiniOzoneClusterImpl (MiniOzoneClusterImpl.java:lambda$waitForClusterToBeReady$0(179)) - Nodes are ready. Got 3 of 3 DN Heartbeats.
2021-02-04 10:27:29,190 [Listener at 127.0.0.1/36545] INFO  ozone.MiniOzoneClusterImpl (MiniOzoneClusterImpl.java:lambda$waitForClusterToBeReady$0(182)) - Waiting for cluster to exit safe mode
2021-02-04 10:27:29,355 [EventQueue-OpenPipelineForHealthyPipelineSafeModeRule] INFO  safemode.SCMSafeModeManager (HealthyPipelineSafeModeRule.java:process(128)) - SCM in safe mode. Healthy pipelines reported count is 0, required healthy pipeline reported count is 1
2021-02-04 10:27:29,355 [EventQueue-PipelineReportForOneReplicaPipelineSafeModeRule] INFO  safemode.SCMSafeModeManager (SCMSafeModeManager.java:validateSafeModeExitRules(214)) - AtleastOneDatanodeReportedRule rule is successfully validated
2021-02-04 10:27:29,619 [Thread-650] INFO  impl.FollowerState (FollowerState.java:run(133)) - fdb3e943-d8be-440f-921f-162f76ce2c35@group-DCC2209809C3-FollowerState: change to CANDIDATE, lastRpcElapsedTime:5055659167ns, electionTimeout:5043ms
2021-02-04 10:27:29,619 [Thread-650] INFO  impl.RoleInfo (RoleInfo.java:shutdownFollowerState(108)) - fdb3e943-d8be-440f-921f-162f76ce2c35: shutdown fdb3e943-d8be-440f-921f-162f76ce2c35@group-DCC2209809C3-FollowerState
2021-02-04 10:27:29,619 [Thread-650] INFO  server.RaftServer$Division (RaftServerImpl.java:setRole(284)) - fdb3e943-d8be-440f-921f-162f76ce2c35@group-DCC2209809C3: changes role from  FOLLOWER to CANDIDATE at term 10 for changeToCandidate
2021-02-04 10:27:29,619 [Thread-650] INFO  server.RaftServerConfigKeys (ConfUtils.java:logGet(44)) - raft.server.leaderelection.pre-vote = false (custom)
2021-02-04 10:27:29,620 [Thread-650] INFO  impl.RoleInfo (RoleInfo.java:updateAndGet(130)) - fdb3e943-d8be-440f-921f-162f76ce2c35: start fdb3e943-d8be-440f-921f-162f76ce2c35@group-DCC2209809C3-LeaderElection25
2021-02-04 10:27:29,629 [fdb3e943-d8be-440f-921f-162f76ce2c35@group-DCC2209809C3-LeaderElection25] INFO  impl.LeaderElection (LeaderElection.java:askForVotes(307)) - fdb3e943-d8be-440f-921f-162f76ce2c35@group-DCC2209809C3-LeaderElection25 ELECTION round 0: submit vote requests at term 11 for -1: [fdb3e943-d8be-440f-921f-162f76ce2c35|rpc:172.17.0.2:42057|admin:|client:|dataStream:|priority:0, c2078e43-4e37-4d9c-99b0-bc0ef86d7b58|rpc:172.17.0.2:41803|admin:|client:|dataStream:|priority:1, 2f878777-950a-4a0a-bcd5-5efd0c9eb4b8|rpc:172.17.0.2:43707|admin:|client:|dataStream:|priority:0], old=null
2021-02-04 10:27:29,636 [grpc-default-executor-1] INFO  server.RaftServer$Division (RaftServerImpl.java:requestVote(1025)) - c2078e43-4e37-4d9c-99b0-bc0ef86d7b58@group-DCC2209809C3: receive requestVote(ELECTION, fdb3e943-d8be-440f-921f-162f76ce2c35, group-DCC2209809C3, 11, (t:0, i:0))
2021-02-04 10:27:29,636 [grpc-default-executor-1] INFO  impl.VoteContext (VoteContext.java:log(48)) - c2078e43-4e37-4d9c-99b0-bc0ef86d7b58@group-DCC2209809C3-FOLLOWER: reject ELECTION from fdb3e943-d8be-440f-921f-162f76ce2c35: our priority 1 > candidate's priority 0
2021-02-04 10:27:29,636 [grpc-default-executor-1] INFO  server.RaftServer$Division (RaftServerImpl.java:setRole(284)) - c2078e43-4e37-4d9c-99b0-bc0ef86d7b58@group-DCC2209809C3: changes role from  FOLLOWER to FOLLOWER at term 11 for candidate:fdb3e943-d8be-440f-921f-162f76ce2c35
2021-02-04 10:27:29,636 [grpc-default-executor-1] INFO  impl.RoleInfo (RoleInfo.java:shutdownFollowerState(108)) - c2078e43-4e37-4d9c-99b0-bc0ef86d7b58: shutdown c2078e43-4e37-4d9c-99b0-bc0ef86d7b58@group-DCC2209809C3-FollowerState
2021-02-04 10:27:29,636 [grpc-default-executor-1] INFO  impl.RoleInfo (RoleInfo.java:updateAndGet(130)) - c2078e43-4e37-4d9c-99b0-bc0ef86d7b58: start c2078e43-4e37-4d9c-99b0-bc0ef86d7b58@group-DCC2209809C3-FollowerState
2021-02-04 10:27:29,637 [Thread-651] INFO  impl.FollowerState (FollowerState.java:run(142)) - c2078e43-4e37-4d9c-99b0-bc0ef86d7b58@group-DCC2209809C3-FollowerState was interrupted: {}
java.lang.InterruptedException: sleep interrupted
	at java.lang.Thread.sleep(Native Method)
	at java.lang.Thread.sleep(Thread.java:340)
	at java.util.concurrent.TimeUnit.sleep(TimeUnit.java:386)
	at org.apache.ratis.util.TimeDuration.sleep(TimeDuration.java:324)
	at org.apache.ratis.util.TimeDuration.sleep(TimeDuration.java:309)
	at org.apache.ratis.server.impl.FollowerState.run(FollowerState.java:117)
2021-02-04 10:27:29,639 [grpc-default-executor-1] INFO  server.RaftServer$Division (RaftServerImpl.java:requestVote(1057)) - c2078e43-4e37-4d9c-99b0-bc0ef86d7b58@group-DCC2209809C3 replies to ELECTION vote request: fdb3e943-d8be-440f-921f-162f76ce2c35<-c2078e43-4e37-4d9c-99b0-bc0ef86d7b58#0:FAIL-t11. Peer's state: c2078e43-4e37-4d9c-99b0-bc0ef86d7b58@group-DCC2209809C3:t11, leader=null, voted=null, raftlog=c2078e43-4e37-4d9c-99b0-bc0ef86d7b58@group-DCC2209809C3-SegmentedRaftLog:OPENED:c-1,f-1,i0, conf=-1: [fdb3e943-d8be-440f-921f-162f76ce2c35|rpc:172.17.0.2:42057|admin:|client:|dataStream:|priority:0, c2078e43-4e37-4d9c-99b0-bc0ef86d7b58|rpc:172.17.0.2:41803|admin:|client:|dataStream:|priority:1, 2f878777-950a-4a0a-bcd5-5efd0c9eb4b8|rpc:172.17.0.2:43707|admin:|client:|dataStream:|priority:0], old=null
2021-02-04 10:27:29,640 [fdb3e943-d8be-440f-921f-162f76ce2c35@group-DCC2209809C3-LeaderElection25] INFO  impl.LeaderElection (LeaderElection.java:logAndReturn(89)) - fdb3e943-d8be-440f-921f-162f76ce2c35@group-DCC2209809C3-LeaderElection25: ELECTION REJECTED received 1 response(s) and 0 exception(s):
2021-02-04 10:27:29,640 [fdb3e943-d8be-440f-921f-162f76ce2c35@group-DCC2209809C3-LeaderElection25] INFO  impl.LeaderElection (LeaderElection.java:logAndReturn(93)) -   Response 0: fdb3e943-d8be-440f-921f-162f76ce2c35<-c2078e43-4e37-4d9c-99b0-bc0ef86d7b58#0:FAIL-t11
2021-02-04 10:27:29,640 [fdb3e943-d8be-440f-921f-162f76ce2c35@group-DCC2209809C3-LeaderElection25] INFO  impl.LeaderElection (LeaderElection.java:askForVotes(309)) - fdb3e943-d8be-440f-921f-162f76ce2c35@group-DCC2209809C3-LeaderElection25 ELECTION round 0: result REJECTED
2021-02-04 10:27:29,640 [fdb3e943-d8be-440f-921f-162f76ce2c35@group-DCC2209809C3-LeaderElection25] INFO  server.RaftServer$Division (RaftServerImpl.java:setRole(284)) - fdb3e943-d8be-440f-921f-162f76ce2c35@group-DCC2209809C3: changes role from CANDIDATE to FOLLOWER at term 11 for REJECTED
2021-02-04 10:27:29,640 [fdb3e943-d8be-440f-921f-162f76ce2c35@group-DCC2209809C3-LeaderElection25] INFO  impl.RoleInfo (RoleInfo.java:shutdownLeaderElection(121)) - fdb3e943-d8be-440f-921f-162f76ce2c35: shutdown fdb3e943-d8be-440f-921f-162f76ce2c35@group-DCC2209809C3-LeaderElection25
2021-02-04 10:27:29,640 [fdb3e943-d8be-440f-921f-162f76ce2c35@group-DCC2209809C3-LeaderElection25] INFO  impl.RoleInfo (RoleInfo.java:updateAndGet(130)) - fdb3e943-d8be-440f-921f-162f76ce2c35: start fdb3e943-d8be-440f-921f-162f76ce2c35@group-DCC2209809C3-FollowerState
2021-02-04 10:27:29,649 [grpc-default-executor-1] INFO  server.RaftServer$Division (RaftServerImpl.java:requestVote(1025)) - 2f878777-950a-4a0a-bcd5-5efd0c9eb4b8@group-DCC2209809C3: receive requestVote(ELECTION, fdb3e943-d8be-440f-921f-162f76ce2c35, group-DCC2209809C3, 11, (t:0, i:0))
2021-02-04 10:27:29,650 [grpc-default-executor-1] INFO  impl.VoteContext (VoteContext.java:log(48)) - 2f878777-950a-4a0a-bcd5-5efd0c9eb4b8@group-DCC2209809C3-FOLLOWER: accept ELECTION from fdb3e943-d8be-440f-921f-162f76ce2c35: our priority 0 <= candidate's priority 0
2021-02-04 10:27:29,650 [grpc-default-executor-1] INFO  server.RaftServer$Division (RaftServerImpl.java:setRole(284)) - 2f878777-950a-4a0a-bcd5-5efd0c9eb4b8@group-DCC2209809C3: changes role from  FOLLOWER to FOLLOWER at term 11 for candidate:fdb3e943-d8be-440f-921f-162f76ce2c35
2021-02-04 10:27:29,650 [grpc-default-executor-1] INFO  impl.RoleInfo (RoleInfo.java:shutdownFollowerState(108)) - 2f878777-950a-4a0a-bcd5-5efd0c9eb4b8: shutdown 2f878777-950a-4a0a-bcd5-5efd0c9eb4b8@group-DCC2209809C3-FollowerState
2021-02-04 10:27:29,650 [grpc-default-executor-1] INFO  impl.RoleInfo (RoleInfo.java:updateAndGet(130)) - 2f878777-950a-4a0a-bcd5-5efd0c9eb4b8: start 2f878777-950a-4a0a-bcd5-5efd0c9eb4b8@group-DCC2209809C3-FollowerState
2021-02-04 10:27:29,650 [Thread-649] INFO  impl.FollowerState (FollowerState.java:run(142)) - 2f878777-950a-4a0a-bcd5-5efd0c9eb4b8@group-DCC2209809C3-FollowerState was interrupted: {}
java.lang.InterruptedException: sleep interrupted
	at java.lang.Thread.sleep(Native Method)
	at java.lang.Thread.sleep(Thread.java:340)
	at java.util.concurrent.TimeUnit.sleep(TimeUnit.java:386)
	at org.apache.ratis.util.TimeDuration.sleep(TimeDuration.java:324)
	at org.apache.ratis.util.TimeDuration.sleep(TimeDuration.java:309)
	at org.apache.ratis.server.impl.FollowerState.run(FollowerState.java:117)
2021-02-04 10:27:29,657 [grpc-default-executor-1] INFO  server.RaftServer$Division (RaftServerImpl.java:requestVote(1057)) - 2f878777-950a-4a0a-bcd5-5efd0c9eb4b8@group-DCC2209809C3 replies to ELECTION vote request: fdb3e943-d8be-440f-921f-162f76ce2c35<-2f878777-950a-4a0a-bcd5-5efd0c9eb4b8#0:OK-t11. Peer's state: 2f878777-950a-4a0a-bcd5-5efd0c9eb4b8@group-DCC2209809C3:t11, leader=null, voted=fdb3e943-d8be-440f-921f-162f76ce2c35, raftlog=2f878777-950a-4a0a-bcd5-5efd0c9eb4b8@group-DCC2209809C3-SegmentedRaftLog:OPENED:c-1,f-1,i0, conf=-1: [fdb3e943-d8be-440f-921f-162f76ce2c35|rpc:172.17.0.2:42057|priority:0, c2078e43-4e37-4d9c-99b0-bc0ef86d7b58|rpc:172.17.0.2:41803|priority:1, 2f878777-950a-4a0a-bcd5-5efd0c9eb4b8|rpc:172.17.0.2:43707|priority:0], old=null
2021-02-04 10:27:29,878 [EventQueue-PipelineReportForOneReplicaPipelineSafeModeRule] INFO  safemode.SCMSafeModeManager (SCMSafeModeManager.java:validateSafeModeExitRules(214)) - AtleastOneDatanodeReportedRule rule is successfully validated
2021-02-04 10:27:29,878 [EventQueue-OpenPipelineForHealthyPipelineSafeModeRule] INFO  safemode.SCMSafeModeManager (HealthyPipelineSafeModeRule.java:process(128)) - SCM in safe mode. Healthy pipelines reported count is 0, required healthy pipeline reported count is 1
2021-02-04 10:27:29,935 [EventQueue-PipelineReportForOneReplicaPipelineSafeModeRule] INFO  safemode.SCMSafeModeManager (SCMSafeModeManager.java:validateSafeModeExitRules(214)) - AtleastOneDatanodeReportedRule rule is successfully validated
2021-02-04 10:27:29,935 [EventQueue-OpenPipelineForHealthyPipelineSafeModeRule] INFO  safemode.SCMSafeModeManager (HealthyPipelineSafeModeRule.java:process(128)) - SCM in safe mode. Healthy pipelines reported count is 0, required healthy pipeline reported count is 1
2021-02-04 10:27:30,191 [Listener at 127.0.0.1/36545] INFO  ozone.MiniOzoneClusterImpl (MiniOzoneClusterImpl.java:lambda$waitForClusterToBeReady$0(179)) - Nodes are ready. Got 3 of 3 DN Heartbeats.
2021-02-04 10:27:30,191 [Listener at 127.0.0.1/36545] INFO  ozone.MiniOzoneClusterImpl (MiniOzoneClusterImpl.java:lambda$waitForClusterToBeReady$0(182)) - Waiting for cluster to exit safe mode
2021-02-04 10:27:30,355 [EventQueue-OpenPipelineForHealthyPipelineSafeModeRule] INFO  safemode.SCMSafeModeManager (HealthyPipelineSafeModeRule.java:process(128)) - SCM in safe mode. Healthy pipelines reported count is 0, required healthy pipeline reported count is 1
2021-02-04 10:27:30,355 [EventQueue-PipelineReportForOneReplicaPipelineSafeModeRule] INFO  safemode.SCMSafeModeManager (SCMSafeModeManager.java:validateSafeModeExitRules(214)) - AtleastOneDatanodeReportedRule rule is successfully validated
2021-02-04 10:27:30,878 [EventQueue-OpenPipelineForHealthyPipelineSafeModeRule] INFO  safemode.SCMSafeModeManager (HealthyPipelineSafeModeRule.java:process(128)) - SCM in safe mode. Healthy pipelines reported count is 0, required healthy pipeline reported count is 1
2021-02-04 10:27:30,879 [EventQueue-PipelineReportForOneReplicaPipelineSafeModeRule] INFO  safemode.SCMSafeModeManager (SCMSafeModeManager.java:validateSafeModeExitRules(214)) - AtleastOneDatanodeReportedRule rule is successfully validated
2021-02-04 10:27:30,935 [EventQueue-OpenPipelineForHealthyPipelineSafeModeRule] INFO  safemode.SCMSafeModeManager (HealthyPipelineSafeModeRule.java:process(128)) - SCM in safe mode. Healthy pipelines reported count is 0, required healthy pipeline reported count is 1
2021-02-04 10:27:30,935 [EventQueue-PipelineReportForOneReplicaPipelineSafeModeRule] INFO  safemode.SCMSafeModeManager (SCMSafeModeManager.java:validateSafeModeExitRules(214)) - AtleastOneDatanodeReportedRule rule is successfully validated
2021-02-04 10:27:31,191 [Listener at 127.0.0.1/36545] INFO  ozone.MiniOzoneClusterImpl (MiniOzoneClusterImpl.java:lambda$waitForClusterToBeReady$0(179)) - Nodes are ready. Got 3 of 3 DN Heartbeats.
2021-02-04 10:27:31,192 [Listener at 127.0.0.1/36545] INFO  ozone.MiniOzoneClusterImpl (MiniOzoneClusterImpl.java:lambda$waitForClusterToBeReady$0(182)) - Waiting for cluster to exit safe mode
2021-02-04 10:27:31,355 [EventQueue-PipelineReportForOneReplicaPipelineSafeModeRule] INFO  safemode.SCMSafeModeManager (SCMSafeModeManager.java:validateSafeModeExitRules(214)) - AtleastOneDatanodeReportedRule rule is successfully validated
2021-02-04 10:27:31,355 [EventQueue-OpenPipelineForHealthyPipelineSafeModeRule] INFO  safemode.SCMSafeModeManager (HealthyPipelineSafeModeRule.java:process(128)) - SCM in safe mode. Healthy pipelines reported count is 0, required healthy pipeline reported count is 1
2021-02-04 10:27:31,879 [EventQueue-PipelineReportForOneReplicaPipelineSafeModeRule] INFO  safemode.SCMSafeModeManager (SCMSafeModeManager.java:validateSafeModeExitRules(214)) - AtleastOneDatanodeReportedRule rule is successfully validated
2021-02-04 10:27:31,879 [EventQueue-OpenPipelineForHealthyPipelineSafeModeRule] INFO  safemode.SCMSafeModeManager (HealthyPipelineSafeModeRule.java:process(128)) - SCM in safe mode. Healthy pipelines reported count is 0, required healthy pipeline reported count is 1
2021-02-04 10:27:31,935 [EventQueue-OpenPipelineForHealthyPipelineSafeModeRule] INFO  safemode.SCMSafeModeManager (HealthyPipelineSafeModeRule.java:process(128)) - SCM in safe mode. Healthy pipelines reported count is 0, required healthy pipeline reported count is 1
2021-02-04 10:27:31,936 [EventQueue-PipelineReportForOneReplicaPipelineSafeModeRule] INFO  safemode.SCMSafeModeManager (SCMSafeModeManager.java:validateSafeModeExitRules(214)) - AtleastOneDatanodeReportedRule rule is successfully validated
2021-02-04 10:27:32,192 [Listener at 127.0.0.1/36545] INFO  ozone.MiniOzoneClusterImpl (MiniOzoneClusterImpl.java:lambda$waitForClusterToBeReady$0(179)) - Nodes are ready. Got 3 of 3 DN Heartbeats.
2021-02-04 10:27:32,192 [Listener at 127.0.0.1/36545] INFO  ozone.MiniOzoneClusterImpl (MiniOzoneClusterImpl.java:lambda$waitForClusterToBeReady$0(182)) - Waiting for cluster to exit safe mode
2021-02-04 10:27:32,355 [EventQueue-PipelineReportForOneReplicaPipelineSafeModeRule] INFO  safemode.SCMSafeModeManager (SCMSafeModeManager.java:validateSafeModeExitRules(214)) - AtleastOneDatanodeReportedRule rule is successfully validated
2021-02-04 10:27:32,355 [EventQueue-OpenPipelineForHealthyPipelineSafeModeRule] INFO  safemode.SCMSafeModeManager (HealthyPipelineSafeModeRule.java:process(128)) - SCM in safe mode. Healthy pipelines reported count is 0, required healthy pipeline reported count is 1
2021-02-04 10:27:32,878 [EventQueue-PipelineReportForOneReplicaPipelineSafeModeRule] INFO  safemode.SCMSafeModeManager (SCMSafeModeManager.java:validateSafeModeExitRules(214)) - AtleastOneDatanodeReportedRule rule is successfully validated
2021-02-04 10:27:32,878 [EventQueue-OpenPipelineForHealthyPipelineSafeModeRule] INFO  safemode.SCMSafeModeManager (HealthyPipelineSafeModeRule.java:process(128)) - SCM in safe mode. Healthy pipelines reported count is 0, required healthy pipeline reported count is 1
2021-02-04 10:27:32,935 [EventQueue-PipelineReportForOneReplicaPipelineSafeModeRule] INFO  safemode.SCMSafeModeManager (SCMSafeModeManager.java:validateSafeModeExitRules(214)) - AtleastOneDatanodeReportedRule rule is successfully validated
2021-02-04 10:27:32,936 [EventQueue-OpenPipelineForHealthyPipelineSafeModeRule] INFO  safemode.SCMSafeModeManager (HealthyPipelineSafeModeRule.java:process(128)) - SCM in safe mode. Healthy pipelines reported count is 0, required healthy pipeline reported count is 1
2021-02-04 10:27:33,192 [Listener at 127.0.0.1/36545] INFO  ozone.MiniOzoneClusterImpl (MiniOzoneClusterImpl.java:lambda$waitForClusterToBeReady$0(179)) - Nodes are ready. Got 3 of 3 DN Heartbeats.
2021-02-04 10:27:33,193 [Listener at 127.0.0.1/36545] INFO  ozone.MiniOzoneClusterImpl (MiniOzoneClusterImpl.java:lambda$waitForClusterToBeReady$0(182)) - Waiting for cluster to exit safe mode
2021-02-04 10:27:33,356 [EventQueue-PipelineReportForOneReplicaPipelineSafeModeRule] INFO  safemode.SCMSafeModeManager (SCMSafeModeManager.java:validateSafeModeExitRules(214)) - AtleastOneDatanodeReportedRule rule is successfully validated
2021-02-04 10:27:33,356 [EventQueue-OpenPipelineForHealthyPipelineSafeModeRule] INFO  safemode.SCMSafeModeManager (HealthyPipelineSafeModeRule.java:process(128)) - SCM in safe mode. Healthy pipelines reported count is 0, required healthy pipeline reported count is 1
2021-02-04 10:27:33,878 [EventQueue-PipelineReportForOneReplicaPipelineSafeModeRule] INFO  safemode.SCMSafeModeManager (SCMSafeModeManager.java:validateSafeModeExitRules(214)) - AtleastOneDatanodeReportedRule rule is successfully validated
2021-02-04 10:27:33,878 [EventQueue-OpenPipelineForHealthyPipelineSafeModeRule] INFO  safemode.SCMSafeModeManager (HealthyPipelineSafeModeRule.java:process(128)) - SCM in safe mode. Healthy pipelines reported count is 0, required healthy pipeline reported count is 1
2021-02-04 10:27:33,935 [EventQueue-PipelineReportForOneReplicaPipelineSafeModeRule] INFO  safemode.SCMSafeModeManager (SCMSafeModeManager.java:validateSafeModeExitRules(214)) - AtleastOneDatanodeReportedRule rule is successfully validated
2021-02-04 10:27:33,935 [EventQueue-OpenPipelineForHealthyPipelineSafeModeRule] INFO  safemode.SCMSafeModeManager (HealthyPipelineSafeModeRule.java:process(128)) - SCM in safe mode. Healthy pipelines reported count is 0, required healthy pipeline reported count is 1
2021-02-04 10:27:34,193 [Listener at 127.0.0.1/36545] INFO  ozone.MiniOzoneClusterImpl (MiniOzoneClusterImpl.java:lambda$waitForClusterToBeReady$0(179)) - Nodes are ready. Got 3 of 3 DN Heartbeats.
2021-02-04 10:27:34,193 [Listener at 127.0.0.1/36545] INFO  ozone.MiniOzoneClusterImpl (MiniOzoneClusterImpl.java:lambda$waitForClusterToBeReady$0(182)) - Waiting for cluster to exit safe mode
2021-02-04 10:27:34,356 [EventQueue-OpenPipelineForHealthyPipelineSafeModeRule] INFO  safemode.SCMSafeModeManager (HealthyPipelineSafeModeRule.java:process(128)) - SCM in safe mode. Healthy pipelines reported count is 0, required healthy pipeline reported count is 1
2021-02-04 10:27:34,356 [EventQueue-PipelineReportForOneReplicaPipelineSafeModeRule] INFO  safemode.SCMSafeModeManager (SCMSafeModeManager.java:validateSafeModeExitRules(214)) - AtleastOneDatanodeReportedRule rule is successfully validated
2021-02-04 10:27:34,704 [Thread-660] INFO  impl.FollowerState (FollowerState.java:run(133)) - fdb3e943-d8be-440f-921f-162f76ce2c35@group-DCC2209809C3-FollowerState: change to CANDIDATE, lastRpcElapsedTime:5063338972ns, electionTimeout:5063ms
2021-02-04 10:27:34,704 [Thread-660] INFO  impl.RoleInfo (RoleInfo.java:shutdownFollowerState(108)) - fdb3e943-d8be-440f-921f-162f76ce2c35: shutdown fdb3e943-d8be-440f-921f-162f76ce2c35@group-DCC2209809C3-FollowerState
2021-02-04 10:27:34,704 [Thread-660] INFO  server.RaftServer$Division (RaftServerImpl.java:setRole(284)) - fdb3e943-d8be-440f-921f-162f76ce2c35@group-DCC2209809C3: changes role from  FOLLOWER to CANDIDATE at term 11 for changeToCandidate
2021-02-04 10:27:34,704 [Thread-660] INFO  server.RaftServerConfigKeys (ConfUtils.java:logGet(44)) - raft.server.leaderelection.pre-vote = false (custom)
2021-02-04 10:27:34,704 [Thread-660] INFO  impl.RoleInfo (RoleInfo.java:updateAndGet(130)) - fdb3e943-d8be-440f-921f-162f76ce2c35: start fdb3e943-d8be-440f-921f-162f76ce2c35@group-DCC2209809C3-LeaderElection26
2021-02-04 10:27:34,707 [fdb3e943-d8be-440f-921f-162f76ce2c35@group-DCC2209809C3-LeaderElection26] INFO  impl.LeaderElection (LeaderElection.java:askForVotes(307)) - fdb3e943-d8be-440f-921f-162f76ce2c35@group-DCC2209809C3-LeaderElection26 ELECTION round 0: submit vote requests at term 12 for -1: [fdb3e943-d8be-440f-921f-162f76ce2c35|rpc:172.17.0.2:42057|admin:|client:|dataStream:|priority:0, c2078e43-4e37-4d9c-99b0-bc0ef86d7b58|rpc:172.17.0.2:41803|admin:|client:|dataStream:|priority:1, 2f878777-950a-4a0a-bcd5-5efd0c9eb4b8|rpc:172.17.0.2:43707|admin:|client:|dataStream:|priority:0], old=null
2021-02-04 10:27:34,709 [grpc-default-executor-1] INFO  server.RaftServer$Division (RaftServerImpl.java:requestVote(1025)) - 2f878777-950a-4a0a-bcd5-5efd0c9eb4b8@group-DCC2209809C3: receive requestVote(ELECTION, fdb3e943-d8be-440f-921f-162f76ce2c35, group-DCC2209809C3, 12, (t:0, i:0))
2021-02-04 10:27:34,709 [grpc-default-executor-1] INFO  impl.VoteContext (VoteContext.java:log(48)) - 2f878777-950a-4a0a-bcd5-5efd0c9eb4b8@group-DCC2209809C3-FOLLOWER: accept ELECTION from fdb3e943-d8be-440f-921f-162f76ce2c35: our priority 0 <= candidate's priority 0
2021-02-04 10:27:34,709 [grpc-default-executor-1] INFO  server.RaftServer$Division (RaftServerImpl.java:setRole(284)) - 2f878777-950a-4a0a-bcd5-5efd0c9eb4b8@group-DCC2209809C3: changes role from  FOLLOWER to FOLLOWER at term 12 for candidate:fdb3e943-d8be-440f-921f-162f76ce2c35
2021-02-04 10:27:34,709 [grpc-default-executor-1] INFO  impl.RoleInfo (RoleInfo.java:shutdownFollowerState(108)) - 2f878777-950a-4a0a-bcd5-5efd0c9eb4b8: shutdown 2f878777-950a-4a0a-bcd5-5efd0c9eb4b8@group-DCC2209809C3-FollowerState
2021-02-04 10:27:34,710 [grpc-default-executor-1] INFO  impl.RoleInfo (RoleInfo.java:updateAndGet(130)) - 2f878777-950a-4a0a-bcd5-5efd0c9eb4b8: start 2f878777-950a-4a0a-bcd5-5efd0c9eb4b8@group-DCC2209809C3-FollowerState
2021-02-04 10:27:34,710 [Thread-661] INFO  impl.FollowerState (FollowerState.java:run(142)) - 2f878777-950a-4a0a-bcd5-5efd0c9eb4b8@group-DCC2209809C3-FollowerState was interrupted: {}
java.lang.InterruptedException: sleep interrupted
	at java.lang.Thread.sleep(Native Method)
	at java.lang.Thread.sleep(Thread.java:340)
	at java.util.concurrent.TimeUnit.sleep(TimeUnit.java:386)
	at org.apache.ratis.util.TimeDuration.sleep(TimeDuration.java:324)
	at org.apache.ratis.util.TimeDuration.sleep(TimeDuration.java:309)
	at org.apache.ratis.server.impl.FollowerState.run(FollowerState.java:117)
2021-02-04 10:27:34,713 [grpc-default-executor-2] INFO  server.RaftServer$Division (RaftServerImpl.java:requestVote(1025)) - c2078e43-4e37-4d9c-99b0-bc0ef86d7b58@group-DCC2209809C3: receive requestVote(ELECTION, fdb3e943-d8be-440f-921f-162f76ce2c35, group-DCC2209809C3, 12, (t:0, i:0))
2021-02-04 10:27:34,714 [grpc-default-executor-2] INFO  impl.VoteContext (VoteContext.java:log(48)) - c2078e43-4e37-4d9c-99b0-bc0ef86d7b58@group-DCC2209809C3-FOLLOWER: reject ELECTION from fdb3e943-d8be-440f-921f-162f76ce2c35: our priority 1 > candidate's priority 0
2021-02-04 10:27:34,714 [grpc-default-executor-2] INFO  server.RaftServer$Division (RaftServerImpl.java:setRole(284)) - c2078e43-4e37-4d9c-99b0-bc0ef86d7b58@group-DCC2209809C3: changes role from  FOLLOWER to FOLLOWER at term 12 for candidate:fdb3e943-d8be-440f-921f-162f76ce2c35
2021-02-04 10:27:34,714 [grpc-default-executor-2] INFO  impl.RoleInfo (RoleInfo.java:shutdownFollowerState(108)) - c2078e43-4e37-4d9c-99b0-bc0ef86d7b58: shutdown c2078e43-4e37-4d9c-99b0-bc0ef86d7b58@group-DCC2209809C3-FollowerState
2021-02-04 10:27:34,714 [grpc-default-executor-2] INFO  impl.RoleInfo (RoleInfo.java:updateAndGet(130)) - c2078e43-4e37-4d9c-99b0-bc0ef86d7b58: start c2078e43-4e37-4d9c-99b0-bc0ef86d7b58@group-DCC2209809C3-FollowerState
2021-02-04 10:27:34,715 [Thread-659] INFO  impl.FollowerState (FollowerState.java:run(142)) - c2078e43-4e37-4d9c-99b0-bc0ef86d7b58@group-DCC2209809C3-FollowerState was interrupted: {}
java.lang.InterruptedException: sleep interrupted
	at java.lang.Thread.sleep(Native Method)
	at java.lang.Thread.sleep(Thread.java:340)
	at java.util.concurrent.TimeUnit.sleep(TimeUnit.java:386)
	at org.apache.ratis.util.TimeDuration.sleep(TimeDuration.java:324)
	at org.apache.ratis.util.TimeDuration.sleep(TimeDuration.java:309)
	at org.apache.ratis.server.impl.FollowerState.run(FollowerState.java:117)
2021-02-04 10:27:34,716 [grpc-default-executor-1] INFO  server.RaftServer$Division (RaftServerImpl.java:requestVote(1057)) - 2f878777-950a-4a0a-bcd5-5efd0c9eb4b8@group-DCC2209809C3 replies to ELECTION vote request: fdb3e943-d8be-440f-921f-162f76ce2c35<-2f878777-950a-4a0a-bcd5-5efd0c9eb4b8#0:OK-t12. Peer's state: 2f878777-950a-4a0a-bcd5-5efd0c9eb4b8@group-DCC2209809C3:t12, leader=null, voted=fdb3e943-d8be-440f-921f-162f76ce2c35, raftlog=2f878777-950a-4a0a-bcd5-5efd0c9eb4b8@group-DCC2209809C3-SegmentedRaftLog:OPENED:c-1,f-1,i0, conf=-1: [fdb3e943-d8be-440f-921f-162f76ce2c35|rpc:172.17.0.2:42057|priority:0, c2078e43-4e37-4d9c-99b0-bc0ef86d7b58|rpc:172.17.0.2:41803|priority:1, 2f878777-950a-4a0a-bcd5-5efd0c9eb4b8|rpc:172.17.0.2:43707|priority:0], old=null
2021-02-04 10:27:34,724 [grpc-default-executor-2] INFO  server.RaftServer$Division (RaftServerImpl.java:requestVote(1057)) - c2078e43-4e37-4d9c-99b0-bc0ef86d7b58@group-DCC2209809C3 replies to ELECTION vote request: fdb3e943-d8be-440f-921f-162f76ce2c35<-c2078e43-4e37-4d9c-99b0-bc0ef86d7b58#0:FAIL-t12. Peer's state: c2078e43-4e37-4d9c-99b0-bc0ef86d7b58@group-DCC2209809C3:t12, leader=null, voted=null, raftlog=c2078e43-4e37-4d9c-99b0-bc0ef86d7b58@group-DCC2209809C3-SegmentedRaftLog:OPENED:c-1,f-1,i0, conf=-1: [fdb3e943-d8be-440f-921f-162f76ce2c35|rpc:172.17.0.2:42057|admin:|client:|dataStream:|priority:0, c2078e43-4e37-4d9c-99b0-bc0ef86d7b58|rpc:172.17.0.2:41803|admin:|client:|dataStream:|priority:1, 2f878777-950a-4a0a-bcd5-5efd0c9eb4b8|rpc:172.17.0.2:43707|admin:|client:|dataStream:|priority:0], old=null
2021-02-04 10:27:34,725 [fdb3e943-d8be-440f-921f-162f76ce2c35@group-DCC2209809C3-LeaderElection26] INFO  impl.LeaderElection (LeaderElection.java:logAndReturn(89)) - fdb3e943-d8be-440f-921f-162f76ce2c35@group-DCC2209809C3-LeaderElection26: ELECTION REJECTED received 2 response(s) and 0 exception(s):
2021-02-04 10:27:34,725 [fdb3e943-d8be-440f-921f-162f76ce2c35@group-DCC2209809C3-LeaderElection26] INFO  impl.LeaderElection (LeaderElection.java:logAndReturn(93)) -   Response 0: fdb3e943-d8be-440f-921f-162f76ce2c35<-c2078e43-4e37-4d9c-99b0-bc0ef86d7b58#0:FAIL-t12
2021-02-04 10:27:34,725 [fdb3e943-d8be-440f-921f-162f76ce2c35@group-DCC2209809C3-LeaderElection26] INFO  impl.LeaderElection (LeaderElection.java:logAndReturn(93)) -   Response 1: fdb3e943-d8be-440f-921f-162f76ce2c35<-2f878777-950a-4a0a-bcd5-5efd0c9eb4b8#0:OK-t12
2021-02-04 10:27:34,726 [fdb3e943-d8be-440f-921f-162f76ce2c35@group-DCC2209809C3-LeaderElection26] INFO  impl.LeaderElection (LeaderElection.java:askForVotes(309)) - fdb3e943-d8be-440f-921f-162f76ce2c35@group-DCC2209809C3-LeaderElection26 ELECTION round 0: result REJECTED
2021-02-04 10:27:34,726 [fdb3e943-d8be-440f-921f-162f76ce2c35@group-DCC2209809C3-LeaderElection26] INFO  server.RaftServer$Division (RaftServerImpl.java:setRole(284)) - fdb3e943-d8be-440f-921f-162f76ce2c35@group-DCC2209809C3: changes role from CANDIDATE to FOLLOWER at term 12 for REJECTED
2021-02-04 10:27:34,726 [fdb3e943-d8be-440f-921f-162f76ce2c35@group-DCC2209809C3-LeaderElection26] INFO  impl.RoleInfo (RoleInfo.java:shutdownLeaderElection(121)) - fdb3e943-d8be-440f-921f-162f76ce2c35: shutdown fdb3e943-d8be-440f-921f-162f76ce2c35@group-DCC2209809C3-LeaderElection26
2021-02-04 10:27:34,726 [fdb3e943-d8be-440f-921f-162f76ce2c35@group-DCC2209809C3-LeaderElection26] INFO  impl.RoleInfo (RoleInfo.java:updateAndGet(130)) - fdb3e943-d8be-440f-921f-162f76ce2c35: start fdb3e943-d8be-440f-921f-162f76ce2c35@group-DCC2209809C3-FollowerState
2021-02-04 10:27:34,878 [EventQueue-OpenPipelineForHealthyPipelineSafeModeRule] INFO  safemode.SCMSafeModeManager (HealthyPipelineSafeModeRule.java:process(128)) - SCM in safe mode. Healthy pipelines reported count is 0, required healthy pipeline reported count is 1
2021-02-04 10:27:34,878 [EventQueue-PipelineReportForOneReplicaPipelineSafeModeRule] INFO  safemode.SCMSafeModeManager (SCMSafeModeManager.java:validateSafeModeExitRules(214)) - AtleastOneDatanodeReportedRule rule is successfully validated
2021-02-04 10:27:34,935 [EventQueue-PipelineReportForOneReplicaPipelineSafeModeRule] INFO  safemode.SCMSafeModeManager (SCMSafeModeManager.java:validateSafeModeExitRules(214)) - AtleastOneDatanodeReportedRule rule is successfully validated
2021-02-04 10:27:34,936 [EventQueue-OpenPipelineForHealthyPipelineSafeModeRule] INFO  safemode.SCMSafeModeManager (HealthyPipelineSafeModeRule.java:process(128)) - SCM in safe mode. Healthy pipelines reported count is 0, required healthy pipeline reported count is 1
2021-02-04 10:27:35,193 [Listener at 127.0.0.1/36545] INFO  ozone.MiniOzoneClusterImpl (MiniOzoneClusterImpl.java:lambda$waitForClusterToBeReady$0(179)) - Nodes are ready. Got 3 of 3 DN Heartbeats.
2021-02-04 10:27:35,194 [Listener at 127.0.0.1/36545] INFO  ozone.MiniOzoneClusterImpl (MiniOzoneClusterImpl.java:lambda$waitForClusterToBeReady$0(182)) - Waiting for cluster to exit safe mode
2021-02-04 10:27:35,356 [EventQueue-PipelineReportForOneReplicaPipelineSafeModeRule] INFO  safemode.SCMSafeModeManager (SCMSafeModeManager.java:validateSafeModeExitRules(214)) - AtleastOneDatanodeReportedRule rule is successfully validated
2021-02-04 10:27:35,356 [EventQueue-OpenPipelineForHealthyPipelineSafeModeRule] INFO  safemode.SCMSafeModeManager (HealthyPipelineSafeModeRule.java:process(128)) - SCM in safe mode. Healthy pipelines reported count is 0, required healthy pipeline reported count is 1
2021-02-04 10:27:35,878 [EventQueue-PipelineReportForOneReplicaPipelineSafeModeRule] INFO  safemode.SCMSafeModeManager (SCMSafeModeManager.java:validateSafeModeExitRules(214)) - AtleastOneDatanodeReportedRule rule is successfully validated
2021-02-04 10:27:35,878 [EventQueue-OpenPipelineForHealthyPipelineSafeModeRule] INFO  safemode.SCMSafeModeManager (HealthyPipelineSafeModeRule.java:process(128)) - SCM in safe mode. Healthy pipelines reported count is 0, required healthy pipeline reported count is 1
2021-02-04 10:27:35,935 [EventQueue-OpenPipelineForHealthyPipelineSafeModeRule] INFO  safemode.SCMSafeModeManager (HealthyPipelineSafeModeRule.java:process(128)) - SCM in safe mode. Healthy pipelines reported count is 0, required healthy pipeline reported count is 1
2021-02-04 10:27:35,936 [EventQueue-PipelineReportForOneReplicaPipelineSafeModeRule] INFO  safemode.SCMSafeModeManager (SCMSafeModeManager.java:validateSafeModeExitRules(214)) - AtleastOneDatanodeReportedRule rule is successfully validated
2021-02-04 10:27:36,194 [Listener at 127.0.0.1/36545] INFO  ozone.MiniOzoneClusterImpl (MiniOzoneClusterImpl.java:lambda$waitForClusterToBeReady$0(179)) - Nodes are ready. Got 3 of 3 DN Heartbeats.
2021-02-04 10:27:36,194 [Listener at 127.0.0.1/36545] INFO  ozone.MiniOzoneClusterImpl (MiniOzoneClusterImpl.java:lambda$waitForClusterToBeReady$0(182)) - Waiting for cluster to exit safe mode
2021-02-04 10:27:36,356 [EventQueue-PipelineReportForOneReplicaPipelineSafeModeRule] INFO  safemode.SCMSafeModeManager (SCMSafeModeManager.java:validateSafeModeExitRules(214)) - AtleastOneDatanodeReportedRule rule is successfully validated
2021-02-04 10:27:36,356 [EventQueue-OpenPipelineForHealthyPipelineSafeModeRule] INFO  safemode.SCMSafeModeManager (HealthyPipelineSafeModeRule.java:process(128)) - SCM in safe mode. Healthy pipelines reported count is 0, required healthy pipeline reported count is 1
2021-02-04 10:27:36,878 [EventQueue-PipelineReportForOneReplicaPipelineSafeModeRule] INFO  safemode.SCMSafeModeManager (SCMSafeModeManager.java:validateSafeModeExitRules(214)) - AtleastOneDatanodeReportedRule rule is successfully validated
2021-02-04 10:27:36,879 [EventQueue-OpenPipelineForHealthyPipelineSafeModeRule] INFO  safemode.SCMSafeModeManager (HealthyPipelineSafeModeRule.java:process(128)) - SCM in safe mode. Healthy pipelines reported count is 0, required healthy pipeline reported count is 1
2021-02-04 10:27:36,936 [EventQueue-OpenPipelineForHealthyPipelineSafeModeRule] INFO  safemode.SCMSafeModeManager (HealthyPipelineSafeModeRule.java:process(128)) - SCM in safe mode. Healthy pipelines reported count is 0, required healthy pipeline reported count is 1
2021-02-04 10:27:36,936 [EventQueue-PipelineReportForOneReplicaPipelineSafeModeRule] INFO  safemode.SCMSafeModeManager (SCMSafeModeManager.java:validateSafeModeExitRules(214)) - AtleastOneDatanodeReportedRule rule is successfully validated
2021-02-04 10:27:37,194 [Listener at 127.0.0.1/36545] INFO  ozone.MiniOzoneClusterImpl (MiniOzoneClusterImpl.java:lambda$waitForClusterToBeReady$0(179)) - Nodes are ready. Got 3 of 3 DN Heartbeats.
2021-02-04 10:27:37,195 [Listener at 127.0.0.1/36545] INFO  ozone.MiniOzoneClusterImpl (MiniOzoneClusterImpl.java:lambda$waitForClusterToBeReady$0(182)) - Waiting for cluster to exit safe mode
2021-02-04 10:27:37,356 [EventQueue-OpenPipelineForHealthyPipelineSafeModeRule] INFO  safemode.SCMSafeModeManager (HealthyPipelineSafeModeRule.java:process(128)) - SCM in safe mode. Healthy pipelines reported count is 0, required healthy pipeline reported count is 1
2021-02-04 10:27:37,356 [EventQueue-PipelineReportForOneReplicaPipelineSafeModeRule] INFO  safemode.SCMSafeModeManager (SCMSafeModeManager.java:validateSafeModeExitRules(214)) - AtleastOneDatanodeReportedRule rule is successfully validated
2021-02-04 10:27:37,879 [EventQueue-OpenPipelineForHealthyPipelineSafeModeRule] INFO  safemode.SCMSafeModeManager (HealthyPipelineSafeModeRule.java:process(128)) - SCM in safe mode. Healthy pipelines reported count is 0, required healthy pipeline reported count is 1
2021-02-04 10:27:37,879 [EventQueue-PipelineReportForOneReplicaPipelineSafeModeRule] INFO  safemode.SCMSafeModeManager (SCMSafeModeManager.java:validateSafeModeExitRules(214)) - AtleastOneDatanodeReportedRule rule is successfully validated
2021-02-04 10:27:37,935 [EventQueue-PipelineReportForOneReplicaPipelineSafeModeRule] INFO  safemode.SCMSafeModeManager (SCMSafeModeManager.java:validateSafeModeExitRules(214)) - AtleastOneDatanodeReportedRule rule is successfully validated
2021-02-04 10:27:37,935 [EventQueue-OpenPipelineForHealthyPipelineSafeModeRule] INFO  safemode.SCMSafeModeManager (HealthyPipelineSafeModeRule.java:process(128)) - SCM in safe mode. Healthy pipelines reported count is 0, required healthy pipeline reported count is 1
2021-02-04 10:27:38,195 [Listener at 127.0.0.1/36545] INFO  ozone.MiniOzoneClusterImpl (MiniOzoneClusterImpl.java:lambda$waitForClusterToBeReady$0(179)) - Nodes are ready. Got 3 of 3 DN Heartbeats.
2021-02-04 10:27:38,195 [Listener at 127.0.0.1/36545] INFO  ozone.MiniOzoneClusterImpl (MiniOzoneClusterImpl.java:lambda$waitForClusterToBeReady$0(182)) - Waiting for cluster to exit safe mode
2021-02-04 10:27:38,356 [EventQueue-PipelineReportForOneReplicaPipelineSafeModeRule] INFO  safemode.SCMSafeModeManager (SCMSafeModeManager.java:validateSafeModeExitRules(214)) - AtleastOneDatanodeReportedRule rule is successfully validated
2021-02-04 10:27:38,356 [EventQueue-OpenPipelineForHealthyPipelineSafeModeRule] INFO  safemode.SCMSafeModeManager (HealthyPipelineSafeModeRule.java:process(128)) - SCM in safe mode. Healthy pipelines reported count is 0, required healthy pipeline reported count is 1
2021-02-04 10:27:38,878 [EventQueue-OpenPipelineForHealthyPipelineSafeModeRule] INFO  safemode.SCMSafeModeManager (HealthyPipelineSafeModeRule.java:process(128)) - SCM in safe mode. Healthy pipelines reported count is 0, required healthy pipeline reported count is 1
2021-02-04 10:27:38,878 [EventQueue-PipelineReportForOneReplicaPipelineSafeModeRule] INFO  safemode.SCMSafeModeManager (SCMSafeModeManager.java:validateSafeModeExitRules(214)) - AtleastOneDatanodeReportedRule rule is successfully validated
2021-02-04 10:27:38,936 [EventQueue-PipelineReportForOneReplicaPipelineSafeModeRule] INFO  safemode.SCMSafeModeManager (SCMSafeModeManager.java:validateSafeModeExitRules(214)) - AtleastOneDatanodeReportedRule rule is successfully validated
2021-02-04 10:27:38,936 [EventQueue-OpenPipelineForHealthyPipelineSafeModeRule] INFO  safemode.SCMSafeModeManager (HealthyPipelineSafeModeRule.java:process(128)) - SCM in safe mode. Healthy pipelines reported count is 0, required healthy pipeline reported count is 1
2021-02-04 10:27:39,195 [Listener at 127.0.0.1/36545] INFO  ozone.MiniOzoneClusterImpl (MiniOzoneClusterImpl.java:lambda$waitForClusterToBeReady$0(179)) - Nodes are ready. Got 3 of 3 DN Heartbeats.
2021-02-04 10:27:39,196 [Listener at 127.0.0.1/36545] INFO  ozone.MiniOzoneClusterImpl (MiniOzoneClusterImpl.java:lambda$waitForClusterToBeReady$0(182)) - Waiting for cluster to exit safe mode
2021-02-04 10:27:39,356 [EventQueue-PipelineReportForOneReplicaPipelineSafeModeRule] INFO  safemode.SCMSafeModeManager (SCMSafeModeManager.java:validateSafeModeExitRules(214)) - AtleastOneDatanodeReportedRule rule is successfully validated
2021-02-04 10:27:39,356 [EventQueue-OpenPipelineForHealthyPipelineSafeModeRule] INFO  safemode.SCMSafeModeManager (HealthyPipelineSafeModeRule.java:process(128)) - SCM in safe mode. Healthy pipelines reported count is 0, required healthy pipeline reported count is 1
2021-02-04 10:27:39,793 [Thread-667] INFO  impl.FollowerState (FollowerState.java:run(133)) - fdb3e943-d8be-440f-921f-162f76ce2c35@group-DCC2209809C3-FollowerState: change to CANDIDATE, lastRpcElapsedTime:5067331967ns, electionTimeout:5067ms
2021-02-04 10:27:39,793 [Thread-667] INFO  impl.RoleInfo (RoleInfo.java:shutdownFollowerState(108)) - fdb3e943-d8be-440f-921f-162f76ce2c35: shutdown fdb3e943-d8be-440f-921f-162f76ce2c35@group-DCC2209809C3-FollowerState
2021-02-04 10:27:39,793 [Thread-667] INFO  server.RaftServer$Division (RaftServerImpl.java:setRole(284)) - fdb3e943-d8be-440f-921f-162f76ce2c35@group-DCC2209809C3: changes role from  FOLLOWER to CANDIDATE at term 12 for changeToCandidate
2021-02-04 10:27:39,793 [Thread-667] INFO  server.RaftServerConfigKeys (ConfUtils.java:logGet(44)) - raft.server.leaderelection.pre-vote = false (custom)
2021-02-04 10:27:39,793 [Thread-667] INFO  impl.RoleInfo (RoleInfo.java:updateAndGet(130)) - fdb3e943-d8be-440f-921f-162f76ce2c35: start fdb3e943-d8be-440f-921f-162f76ce2c35@group-DCC2209809C3-LeaderElection27
2021-02-04 10:27:39,796 [fdb3e943-d8be-440f-921f-162f76ce2c35@group-DCC2209809C3-LeaderElection27] INFO  impl.LeaderElection (LeaderElection.java:askForVotes(307)) - fdb3e943-d8be-440f-921f-162f76ce2c35@group-DCC2209809C3-LeaderElection27 ELECTION round 0: submit vote requests at term 13 for -1: [fdb3e943-d8be-440f-921f-162f76ce2c35|rpc:172.17.0.2:42057|admin:|client:|dataStream:|priority:0, c2078e43-4e37-4d9c-99b0-bc0ef86d7b58|rpc:172.17.0.2:41803|admin:|client:|dataStream:|priority:1, 2f878777-950a-4a0a-bcd5-5efd0c9eb4b8|rpc:172.17.0.2:43707|admin:|client:|dataStream:|priority:0], old=null
2021-02-04 10:27:39,801 [grpc-default-executor-2] INFO  server.RaftServer$Division (RaftServerImpl.java:requestVote(1025)) - 2f878777-950a-4a0a-bcd5-5efd0c9eb4b8@group-DCC2209809C3: receive requestVote(ELECTION, fdb3e943-d8be-440f-921f-162f76ce2c35, group-DCC2209809C3, 13, (t:0, i:0))
2021-02-04 10:27:39,802 [grpc-default-executor-2] INFO  impl.VoteContext (VoteContext.java:log(48)) - 2f878777-950a-4a0a-bcd5-5efd0c9eb4b8@group-DCC2209809C3-FOLLOWER: accept ELECTION from fdb3e943-d8be-440f-921f-162f76ce2c35: our priority 0 <= candidate's priority 0
2021-02-04 10:27:39,802 [grpc-default-executor-2] INFO  server.RaftServer$Division (RaftServerImpl.java:setRole(284)) - 2f878777-950a-4a0a-bcd5-5efd0c9eb4b8@group-DCC2209809C3: changes role from  FOLLOWER to FOLLOWER at term 13 for candidate:fdb3e943-d8be-440f-921f-162f76ce2c35
2021-02-04 10:27:39,802 [grpc-default-executor-2] INFO  impl.RoleInfo (RoleInfo.java:shutdownFollowerState(108)) - 2f878777-950a-4a0a-bcd5-5efd0c9eb4b8: shutdown 2f878777-950a-4a0a-bcd5-5efd0c9eb4b8@group-DCC2209809C3-FollowerState
2021-02-04 10:27:39,802 [grpc-default-executor-2] INFO  impl.RoleInfo (RoleInfo.java:updateAndGet(130)) - 2f878777-950a-4a0a-bcd5-5efd0c9eb4b8: start 2f878777-950a-4a0a-bcd5-5efd0c9eb4b8@group-DCC2209809C3-FollowerState
2021-02-04 10:27:39,802 [Thread-665] INFO  impl.FollowerState (FollowerState.java:run(142)) - 2f878777-950a-4a0a-bcd5-5efd0c9eb4b8@group-DCC2209809C3-FollowerState was interrupted: {}
java.lang.InterruptedException: sleep interrupted
	at java.lang.Thread.sleep(Native Method)
	at java.lang.Thread.sleep(Thread.java:340)
	at java.util.concurrent.TimeUnit.sleep(TimeUnit.java:386)
	at org.apache.ratis.util.TimeDuration.sleep(TimeDuration.java:324)
	at org.apache.ratis.util.TimeDuration.sleep(TimeDuration.java:309)
	at org.apache.ratis.server.impl.FollowerState.run(FollowerState.java:117)
2021-02-04 10:27:39,812 [grpc-default-executor-1] INFO  server.RaftServer$Division (RaftServerImpl.java:requestVote(1025)) - c2078e43-4e37-4d9c-99b0-bc0ef86d7b58@group-DCC2209809C3: receive requestVote(ELECTION, fdb3e943-d8be-440f-921f-162f76ce2c35, group-DCC2209809C3, 13, (t:0, i:0))
2021-02-04 10:27:39,812 [grpc-default-executor-1] INFO  impl.VoteContext (VoteContext.java:log(48)) - c2078e43-4e37-4d9c-99b0-bc0ef86d7b58@group-DCC2209809C3-FOLLOWER: reject ELECTION from fdb3e943-d8be-440f-921f-162f76ce2c35: our priority 1 > candidate's priority 0
2021-02-04 10:27:39,812 [grpc-default-executor-1] INFO  server.RaftServer$Division (RaftServerImpl.java:setRole(284)) - c2078e43-4e37-4d9c-99b0-bc0ef86d7b58@group-DCC2209809C3: changes role from  FOLLOWER to FOLLOWER at term 13 for candidate:fdb3e943-d8be-440f-921f-162f76ce2c35
2021-02-04 10:27:39,812 [grpc-default-executor-1] INFO  impl.RoleInfo (RoleInfo.java:shutdownFollowerState(108)) - c2078e43-4e37-4d9c-99b0-bc0ef86d7b58: shutdown c2078e43-4e37-4d9c-99b0-bc0ef86d7b58@group-DCC2209809C3-FollowerState
2021-02-04 10:27:39,812 [grpc-default-executor-1] INFO  impl.RoleInfo (RoleInfo.java:updateAndGet(130)) - c2078e43-4e37-4d9c-99b0-bc0ef86d7b58: start c2078e43-4e37-4d9c-99b0-bc0ef86d7b58@group-DCC2209809C3-FollowerState
2021-02-04 10:27:39,813 [Thread-666] INFO  impl.FollowerState (FollowerState.java:run(142)) - c2078e43-4e37-4d9c-99b0-bc0ef86d7b58@group-DCC2209809C3-FollowerState was interrupted: {}
java.lang.InterruptedException: sleep interrupted
	at java.lang.Thread.sleep(Native Method)
	at java.lang.Thread.sleep(Thread.java:340)
	at java.util.concurrent.TimeUnit.sleep(TimeUnit.java:386)
	at org.apache.ratis.util.TimeDuration.sleep(TimeDuration.java:324)
	at org.apache.ratis.util.TimeDuration.sleep(TimeDuration.java:309)
	at org.apache.ratis.server.impl.FollowerState.run(FollowerState.java:117)
2021-02-04 10:27:39,813 [grpc-default-executor-2] INFO  server.RaftServer$Division (RaftServerImpl.java:requestVote(1057)) - 2f878777-950a-4a0a-bcd5-5efd0c9eb4b8@group-DCC2209809C3 replies to ELECTION vote request: fdb3e943-d8be-440f-921f-162f76ce2c35<-2f878777-950a-4a0a-bcd5-5efd0c9eb4b8#0:OK-t13. Peer's state: 2f878777-950a-4a0a-bcd5-5efd0c9eb4b8@group-DCC2209809C3:t13, leader=null, voted=fdb3e943-d8be-440f-921f-162f76ce2c35, raftlog=2f878777-950a-4a0a-bcd5-5efd0c9eb4b8@group-DCC2209809C3-SegmentedRaftLog:OPENED:c-1,f-1,i0, conf=-1: [fdb3e943-d8be-440f-921f-162f76ce2c35|rpc:172.17.0.2:42057|priority:0, c2078e43-4e37-4d9c-99b0-bc0ef86d7b58|rpc:172.17.0.2:41803|priority:1, 2f878777-950a-4a0a-bcd5-5efd0c9eb4b8|rpc:172.17.0.2:43707|priority:0], old=null
2021-02-04 10:27:39,814 [grpc-default-executor-1] INFO  server.RaftServer$Division (RaftServerImpl.java:requestVote(1057)) - c2078e43-4e37-4d9c-99b0-bc0ef86d7b58@group-DCC2209809C3 replies to ELECTION vote request: fdb3e943-d8be-440f-921f-162f76ce2c35<-c2078e43-4e37-4d9c-99b0-bc0ef86d7b58#0:FAIL-t13. Peer's state: c2078e43-4e37-4d9c-99b0-bc0ef86d7b58@group-DCC2209809C3:t13, leader=null, voted=null, raftlog=c2078e43-4e37-4d9c-99b0-bc0ef86d7b58@group-DCC2209809C3-SegmentedRaftLog:OPENED:c-1,f-1,i0, conf=-1: [fdb3e943-d8be-440f-921f-162f76ce2c35|rpc:172.17.0.2:42057|admin:|client:|dataStream:|priority:0, c2078e43-4e37-4d9c-99b0-bc0ef86d7b58|rpc:172.17.0.2:41803|admin:|client:|dataStream:|priority:1, 2f878777-950a-4a0a-bcd5-5efd0c9eb4b8|rpc:172.17.0.2:43707|admin:|client:|dataStream:|priority:0], old=null
2021-02-04 10:27:39,815 [fdb3e943-d8be-440f-921f-162f76ce2c35@group-DCC2209809C3-LeaderElection27] INFO  impl.LeaderElection (LeaderElection.java:logAndReturn(89)) - fdb3e943-d8be-440f-921f-162f76ce2c35@group-DCC2209809C3-LeaderElection27: ELECTION REJECTED received 2 response(s) and 0 exception(s):
2021-02-04 10:27:39,815 [fdb3e943-d8be-440f-921f-162f76ce2c35@group-DCC2209809C3-LeaderElection27] INFO  impl.LeaderElection (LeaderElection.java:logAndReturn(93)) -   Response 0: fdb3e943-d8be-440f-921f-162f76ce2c35<-c2078e43-4e37-4d9c-99b0-bc0ef86d7b58#0:FAIL-t13
2021-02-04 10:27:39,816 [fdb3e943-d8be-440f-921f-162f76ce2c35@group-DCC2209809C3-LeaderElection27] INFO  impl.LeaderElection (LeaderElection.java:logAndReturn(93)) -   Response 1: fdb3e943-d8be-440f-921f-162f76ce2c35<-2f878777-950a-4a0a-bcd5-5efd0c9eb4b8#0:OK-t13
2021-02-04 10:27:39,816 [fdb3e943-d8be-440f-921f-162f76ce2c35@group-DCC2209809C3-LeaderElection27] INFO  impl.LeaderElection (LeaderElection.java:askForVotes(309)) - fdb3e943-d8be-440f-921f-162f76ce2c35@group-DCC2209809C3-LeaderElection27 ELECTION round 0: result REJECTED
2021-02-04 10:27:39,816 [fdb3e943-d8be-440f-921f-162f76ce2c35@group-DCC2209809C3-LeaderElection27] INFO  server.RaftServer$Division (RaftServerImpl.java:setRole(284)) - fdb3e943-d8be-440f-921f-162f76ce2c35@group-DCC2209809C3: changes role from CANDIDATE to FOLLOWER at term 13 for REJECTED
2021-02-04 10:27:39,816 [fdb3e943-d8be-440f-921f-162f76ce2c35@group-DCC2209809C3-LeaderElection27] INFO  impl.RoleInfo (RoleInfo.java:shutdownLeaderElection(121)) - fdb3e943-d8be-440f-921f-162f76ce2c35: shutdown fdb3e943-d8be-440f-921f-162f76ce2c35@group-DCC2209809C3-LeaderElection27
2021-02-04 10:27:39,816 [fdb3e943-d8be-440f-921f-162f76ce2c35@group-DCC2209809C3-LeaderElection27] INFO  impl.RoleInfo (RoleInfo.java:updateAndGet(130)) - fdb3e943-d8be-440f-921f-162f76ce2c35: start fdb3e943-d8be-440f-921f-162f76ce2c35@group-DCC2209809C3-FollowerState
2021-02-04 10:27:39,878 [EventQueue-PipelineReportForOneReplicaPipelineSafeModeRule] INFO  safemode.SCMSafeModeManager (SCMSafeModeManager.java:validateSafeModeExitRules(214)) - AtleastOneDatanodeReportedRule rule is successfully validated
2021-02-04 10:27:39,878 [EventQueue-OpenPipelineForHealthyPipelineSafeModeRule] INFO  safemode.SCMSafeModeManager (HealthyPipelineSafeModeRule.java:process(128)) - SCM in safe mode. Healthy pipelines reported count is 0, required healthy pipeline reported count is 1
2021-02-04 10:27:39,936 [EventQueue-PipelineReportForOneReplicaPipelineSafeModeRule] INFO  safemode.SCMSafeModeManager (SCMSafeModeManager.java:validateSafeModeExitRules(214)) - AtleastOneDatanodeReportedRule rule is successfully validated
2021-02-04 10:27:39,937 [EventQueue-OpenPipelineForHealthyPipelineSafeModeRule] INFO  safemode.SCMSafeModeManager (HealthyPipelineSafeModeRule.java:process(128)) - SCM in safe mode. Healthy pipelines reported count is 0, required healthy pipeline reported count is 1
2021-02-04 10:27:40,196 [Listener at 127.0.0.1/36545] INFO  ozone.MiniOzoneClusterImpl (MiniOzoneClusterImpl.java:lambda$waitForClusterToBeReady$0(179)) - Nodes are ready. Got 3 of 3 DN Heartbeats.
2021-02-04 10:27:40,196 [Listener at 127.0.0.1/36545] INFO  ozone.MiniOzoneClusterImpl (MiniOzoneClusterImpl.java:lambda$waitForClusterToBeReady$0(182)) - Waiting for cluster to exit safe mode
2021-02-04 10:27:40,356 [EventQueue-PipelineReportForOneReplicaPipelineSafeModeRule] INFO  safemode.SCMSafeModeManager (SCMSafeModeManager.java:validateSafeModeExitRules(214)) - AtleastOneDatanodeReportedRule rule is successfully validated
2021-02-04 10:27:40,357 [EventQueue-OpenPipelineForHealthyPipelineSafeModeRule] INFO  safemode.SCMSafeModeManager (HealthyPipelineSafeModeRule.java:process(128)) - SCM in safe mode. Healthy pipelines reported count is 0, required healthy pipeline reported count is 1
2021-02-04 10:27:40,879 [EventQueue-PipelineReportForOneReplicaPipelineSafeModeRule] INFO  safemode.SCMSafeModeManager (SCMSafeModeManager.java:validateSafeModeExitRules(214)) - AtleastOneDatanodeReportedRule rule is successfully validated
2021-02-04 10:27:40,879 [EventQueue-OpenPipelineForHealthyPipelineSafeModeRule] INFO  safemode.SCMSafeModeManager (HealthyPipelineSafeModeRule.java:process(128)) - SCM in safe mode. Healthy pipelines reported count is 0, required healthy pipeline reported count is 1
2021-02-04 10:27:40,937 [EventQueue-PipelineReportForOneReplicaPipelineSafeModeRule] INFO  safemode.SCMSafeModeManager (SCMSafeModeManager.java:validateSafeModeExitRules(214)) - AtleastOneDatanodeReportedRule rule is successfully validated
2021-02-04 10:27:40,937 [EventQueue-OpenPipelineForHealthyPipelineSafeModeRule] INFO  safemode.SCMSafeModeManager (HealthyPipelineSafeModeRule.java:process(128)) - SCM in safe mode. Healthy pipelines reported count is 0, required healthy pipeline reported count is 1
2021-02-04 10:27:41,196 [Listener at 127.0.0.1/36545] INFO  ozone.MiniOzoneClusterImpl (MiniOzoneClusterImpl.java:lambda$waitForClusterToBeReady$0(179)) - Nodes are ready. Got 3 of 3 DN Heartbeats.
2021-02-04 10:27:41,197 [Listener at 127.0.0.1/36545] INFO  ozone.MiniOzoneClusterImpl (MiniOzoneClusterImpl.java:lambda$waitForClusterToBeReady$0(182)) - Waiting for cluster to exit safe mode
2021-02-04 10:27:41,356 [EventQueue-OpenPipelineForHealthyPipelineSafeModeRule] INFO  safemode.SCMSafeModeManager (HealthyPipelineSafeModeRule.java:process(128)) - SCM in safe mode. Healthy pipelines reported count is 0, required healthy pipeline reported count is 1
2021-02-04 10:27:41,356 [EventQueue-PipelineReportForOneReplicaPipelineSafeModeRule] INFO  safemode.SCMSafeModeManager (SCMSafeModeManager.java:validateSafeModeExitRules(214)) - AtleastOneDatanodeReportedRule rule is successfully validated
2021-02-04 10:27:41,878 [EventQueue-OpenPipelineForHealthyPipelineSafeModeRule] INFO  safemode.SCMSafeModeManager (HealthyPipelineSafeModeRule.java:process(128)) - SCM in safe mode. Healthy pipelines reported count is 0, required healthy pipeline reported count is 1
2021-02-04 10:27:41,878 [EventQueue-PipelineReportForOneReplicaPipelineSafeModeRule] INFO  safemode.SCMSafeModeManager (SCMSafeModeManager.java:validateSafeModeExitRules(214)) - AtleastOneDatanodeReportedRule rule is successfully validated
2021-02-04 10:27:41,936 [EventQueue-OpenPipelineForHealthyPipelineSafeModeRule] INFO  safemode.SCMSafeModeManager (HealthyPipelineSafeModeRule.java:process(128)) - SCM in safe mode. Healthy pipelines reported count is 0, required healthy pipeline reported count is 1
2021-02-04 10:27:41,937 [EventQueue-PipelineReportForOneReplicaPipelineSafeModeRule] INFO  safemode.SCMSafeModeManager (SCMSafeModeManager.java:validateSafeModeExitRules(214)) - AtleastOneDatanodeReportedRule rule is successfully validated
2021-02-04 10:27:42,197 [Listener at 127.0.0.1/36545] INFO  ozone.MiniOzoneClusterImpl (MiniOzoneClusterImpl.java:lambda$waitForClusterToBeReady$0(179)) - Nodes are ready. Got 3 of 3 DN Heartbeats.
2021-02-04 10:27:42,197 [Listener at 127.0.0.1/36545] INFO  ozone.MiniOzoneClusterImpl (MiniOzoneClusterImpl.java:lambda$waitForClusterToBeReady$0(182)) - Waiting for cluster to exit safe mode
2021-02-04 10:27:42,356 [EventQueue-OpenPipelineForHealthyPipelineSafeModeRule] INFO  safemode.SCMSafeModeManager (HealthyPipelineSafeModeRule.java:process(128)) - SCM in safe mode. Healthy pipelines reported count is 0, required healthy pipeline reported count is 1
2021-02-04 10:27:42,356 [EventQueue-PipelineReportForOneReplicaPipelineSafeModeRule] INFO  safemode.SCMSafeModeManager (SCMSafeModeManager.java:validateSafeModeExitRules(214)) - AtleastOneDatanodeReportedRule rule is successfully validated
2021-02-04 10:27:42,878 [EventQueue-PipelineReportForOneReplicaPipelineSafeModeRule] INFO  safemode.SCMSafeModeManager (SCMSafeModeManager.java:validateSafeModeExitRules(214)) - AtleastOneDatanodeReportedRule rule is successfully validated
2021-02-04 10:27:42,878 [EventQueue-OpenPipelineForHealthyPipelineSafeModeRule] INFO  safemode.SCMSafeModeManager (HealthyPipelineSafeModeRule.java:process(128)) - SCM in safe mode. Healthy pipelines reported count is 0, required healthy pipeline reported count is 1
2021-02-04 10:27:42,937 [EventQueue-PipelineReportForOneReplicaPipelineSafeModeRule] INFO  safemode.SCMSafeModeManager (SCMSafeModeManager.java:validateSafeModeExitRules(214)) - AtleastOneDatanodeReportedRule rule is successfully validated
2021-02-04 10:27:42,937 [EventQueue-OpenPipelineForHealthyPipelineSafeModeRule] INFO  safemode.SCMSafeModeManager (HealthyPipelineSafeModeRule.java:process(128)) - SCM in safe mode. Healthy pipelines reported count is 0, required healthy pipeline reported count is 1
2021-02-04 10:27:43,197 [Listener at 127.0.0.1/36545] INFO  ozone.MiniOzoneClusterImpl (MiniOzoneClusterImpl.java:lambda$waitForClusterToBeReady$0(179)) - Nodes are ready. Got 3 of 3 DN Heartbeats.
2021-02-04 10:27:43,198 [Listener at 127.0.0.1/36545] INFO  ozone.MiniOzoneClusterImpl (MiniOzoneClusterImpl.java:lambda$waitForClusterToBeReady$0(182)) - Waiting for cluster to exit safe mode
2021-02-04 10:27:43,356 [EventQueue-OpenPipelineForHealthyPipelineSafeModeRule] INFO  safemode.SCMSafeModeManager (HealthyPipelineSafeModeRule.java:process(128)) - SCM in safe mode. Healthy pipelines reported count is 0, required healthy pipeline reported count is 1
2021-02-04 10:27:43,356 [EventQueue-PipelineReportForOneReplicaPipelineSafeModeRule] INFO  safemode.SCMSafeModeManager (SCMSafeModeManager.java:validateSafeModeExitRules(214)) - AtleastOneDatanodeReportedRule rule is successfully validated
2021-02-04 10:27:43,878 [EventQueue-PipelineReportForOneReplicaPipelineSafeModeRule] INFO  safemode.SCMSafeModeManager (SCMSafeModeManager.java:validateSafeModeExitRules(214)) - AtleastOneDatanodeReportedRule rule is successfully validated
2021-02-04 10:27:43,878 [EventQueue-OpenPipelineForHealthyPipelineSafeModeRule] INFO  safemode.SCMSafeModeManager (HealthyPipelineSafeModeRule.java:process(128)) - SCM in safe mode. Healthy pipelines reported count is 0, required healthy pipeline reported count is 1
2021-02-04 10:27:43,937 [EventQueue-PipelineReportForOneReplicaPipelineSafeModeRule] INFO  safemode.SCMSafeModeManager (SCMSafeModeManager.java:validateSafeModeExitRules(214)) - AtleastOneDatanodeReportedRule rule is successfully validated
2021-02-04 10:27:43,937 [EventQueue-OpenPipelineForHealthyPipelineSafeModeRule] INFO  safemode.SCMSafeModeManager (HealthyPipelineSafeModeRule.java:process(128)) - SCM in safe mode. Healthy pipelines reported count is 0, required healthy pipeline reported count is 1
2021-02-04 10:27:44,198 [Listener at 127.0.0.1/36545] INFO  ozone.MiniOzoneClusterImpl (MiniOzoneClusterImpl.java:lambda$waitForClusterToBeReady$0(179)) - Nodes are ready. Got 3 of 3 DN Heartbeats.
2021-02-04 10:27:44,198 [Listener at 127.0.0.1/36545] INFO  ozone.MiniOzoneClusterImpl (MiniOzoneClusterImpl.java:lambda$waitForClusterToBeReady$0(182)) - Waiting for cluster to exit safe mode
2021-02-04 10:27:44,356 [EventQueue-OpenPipelineForHealthyPipelineSafeModeRule] INFO  safemode.SCMSafeModeManager (HealthyPipelineSafeModeRule.java:process(128)) - SCM in safe mode. Healthy pipelines reported count is 0, required healthy pipeline reported count is 1
2021-02-04 10:27:44,356 [EventQueue-PipelineReportForOneReplicaPipelineSafeModeRule] INFO  safemode.SCMSafeModeManager (SCMSafeModeManager.java:validateSafeModeExitRules(214)) - AtleastOneDatanodeReportedRule rule is successfully validated
2021-02-04 10:27:44,878 [EventQueue-PipelineReportForOneReplicaPipelineSafeModeRule] INFO  safemode.SCMSafeModeManager (SCMSafeModeManager.java:validateSafeModeExitRules(214)) - AtleastOneDatanodeReportedRule rule is successfully validated
2021-02-04 10:27:44,879 [EventQueue-OpenPipelineForHealthyPipelineSafeModeRule] INFO  safemode.SCMSafeModeManager (HealthyPipelineSafeModeRule.java:process(128)) - SCM in safe mode. Healthy pipelines reported count is 0, required healthy pipeline reported count is 1
2021-02-04 10:27:44,937 [EventQueue-OpenPipelineForHealthyPipelineSafeModeRule] INFO  safemode.SCMSafeModeManager (HealthyPipelineSafeModeRule.java:process(128)) - SCM in safe mode. Healthy pipelines reported count is 0, required healthy pipeline reported count is 1
2021-02-04 10:27:44,937 [EventQueue-PipelineReportForOneReplicaPipelineSafeModeRule] INFO  safemode.SCMSafeModeManager (SCMSafeModeManager.java:validateSafeModeExitRules(214)) - AtleastOneDatanodeReportedRule rule is successfully validated
2021-02-04 10:27:44,986 [Thread-673] INFO  impl.FollowerState (FollowerState.java:run(133)) - fdb3e943-d8be-440f-921f-162f76ce2c35@group-DCC2209809C3-FollowerState: change to CANDIDATE, lastRpcElapsedTime:5170620276ns, electionTimeout:5170ms
2021-02-04 10:27:44,987 [Thread-673] INFO  impl.RoleInfo (RoleInfo.java:shutdownFollowerState(108)) - fdb3e943-d8be-440f-921f-162f76ce2c35: shutdown fdb3e943-d8be-440f-921f-162f76ce2c35@group-DCC2209809C3-FollowerState
2021-02-04 10:27:44,987 [Thread-673] INFO  server.RaftServer$Division (RaftServerImpl.java:setRole(284)) - fdb3e943-d8be-440f-921f-162f76ce2c35@group-DCC2209809C3: changes role from  FOLLOWER to CANDIDATE at term 13 for changeToCandidate
2021-02-04 10:27:44,987 [Thread-673] INFO  server.RaftServerConfigKeys (ConfUtils.java:logGet(44)) - raft.server.leaderelection.pre-vote = false (custom)
2021-02-04 10:27:44,987 [Thread-673] INFO  impl.RoleInfo (RoleInfo.java:updateAndGet(130)) - fdb3e943-d8be-440f-921f-162f76ce2c35: start fdb3e943-d8be-440f-921f-162f76ce2c35@group-DCC2209809C3-LeaderElection28
2021-02-04 10:27:44,989 [fdb3e943-d8be-440f-921f-162f76ce2c35@group-DCC2209809C3-LeaderElection28] INFO  impl.LeaderElection (LeaderElection.java:askForVotes(307)) - fdb3e943-d8be-440f-921f-162f76ce2c35@group-DCC2209809C3-LeaderElection28 ELECTION round 0: submit vote requests at term 14 for -1: [fdb3e943-d8be-440f-921f-162f76ce2c35|rpc:172.17.0.2:42057|admin:|client:|dataStream:|priority:0, c2078e43-4e37-4d9c-99b0-bc0ef86d7b58|rpc:172.17.0.2:41803|admin:|client:|dataStream:|priority:1, 2f878777-950a-4a0a-bcd5-5efd0c9eb4b8|rpc:172.17.0.2:43707|admin:|client:|dataStream:|priority:0], old=null
2021-02-04 10:27:44,993 [grpc-default-executor-2] INFO  server.RaftServer$Division (RaftServerImpl.java:requestVote(1025)) - 2f878777-950a-4a0a-bcd5-5efd0c9eb4b8@group-DCC2209809C3: receive requestVote(ELECTION, fdb3e943-d8be-440f-921f-162f76ce2c35, group-DCC2209809C3, 14, (t:0, i:0))
2021-02-04 10:27:44,993 [grpc-default-executor-2] INFO  impl.VoteContext (VoteContext.java:log(48)) - 2f878777-950a-4a0a-bcd5-5efd0c9eb4b8@group-DCC2209809C3-FOLLOWER: accept ELECTION from fdb3e943-d8be-440f-921f-162f76ce2c35: our priority 0 <= candidate's priority 0
2021-02-04 10:27:44,993 [grpc-default-executor-2] INFO  server.RaftServer$Division (RaftServerImpl.java:setRole(284)) - 2f878777-950a-4a0a-bcd5-5efd0c9eb4b8@group-DCC2209809C3: changes role from  FOLLOWER to FOLLOWER at term 14 for candidate:fdb3e943-d8be-440f-921f-162f76ce2c35
2021-02-04 10:27:44,993 [grpc-default-executor-2] INFO  impl.RoleInfo (RoleInfo.java:shutdownFollowerState(108)) - 2f878777-950a-4a0a-bcd5-5efd0c9eb4b8: shutdown 2f878777-950a-4a0a-bcd5-5efd0c9eb4b8@group-DCC2209809C3-FollowerState
2021-02-04 10:27:44,993 [grpc-default-executor-2] INFO  impl.RoleInfo (RoleInfo.java:updateAndGet(130)) - 2f878777-950a-4a0a-bcd5-5efd0c9eb4b8: start 2f878777-950a-4a0a-bcd5-5efd0c9eb4b8@group-DCC2209809C3-FollowerState
2021-02-04 10:27:44,993 [Thread-671] INFO  impl.FollowerState (FollowerState.java:run(142)) - 2f878777-950a-4a0a-bcd5-5efd0c9eb4b8@group-DCC2209809C3-FollowerState was interrupted: {}
java.lang.InterruptedException: sleep interrupted
	at java.lang.Thread.sleep(Native Method)
	at java.lang.Thread.sleep(Thread.java:340)
	at java.util.concurrent.TimeUnit.sleep(TimeUnit.java:386)
	at org.apache.ratis.util.TimeDuration.sleep(TimeDuration.java:324)
	at org.apache.ratis.util.TimeDuration.sleep(TimeDuration.java:309)
	at org.apache.ratis.server.impl.FollowerState.run(FollowerState.java:117)
2021-02-04 10:27:44,996 [grpc-default-executor-1] INFO  server.RaftServer$Division (RaftServerImpl.java:requestVote(1025)) - c2078e43-4e37-4d9c-99b0-bc0ef86d7b58@group-DCC2209809C3: receive requestVote(ELECTION, fdb3e943-d8be-440f-921f-162f76ce2c35, group-DCC2209809C3, 14, (t:0, i:0))
2021-02-04 10:27:44,996 [grpc-default-executor-1] INFO  impl.VoteContext (VoteContext.java:log(48)) - c2078e43-4e37-4d9c-99b0-bc0ef86d7b58@group-DCC2209809C3-FOLLOWER: reject ELECTION from fdb3e943-d8be-440f-921f-162f76ce2c35: our priority 1 > candidate's priority 0
2021-02-04 10:27:44,996 [grpc-default-executor-1] INFO  server.RaftServer$Division (RaftServerImpl.java:setRole(284)) - c2078e43-4e37-4d9c-99b0-bc0ef86d7b58@group-DCC2209809C3: changes role from  FOLLOWER to FOLLOWER at term 14 for candidate:fdb3e943-d8be-440f-921f-162f76ce2c35
2021-02-04 10:27:44,996 [grpc-default-executor-1] INFO  impl.RoleInfo (RoleInfo.java:shutdownFollowerState(108)) - c2078e43-4e37-4d9c-99b0-bc0ef86d7b58: shutdown c2078e43-4e37-4d9c-99b0-bc0ef86d7b58@group-DCC2209809C3-FollowerState
2021-02-04 10:27:44,996 [grpc-default-executor-1] INFO  impl.RoleInfo (RoleInfo.java:updateAndGet(130)) - c2078e43-4e37-4d9c-99b0-bc0ef86d7b58: start c2078e43-4e37-4d9c-99b0-bc0ef86d7b58@group-DCC2209809C3-FollowerState
2021-02-04 10:27:44,996 [Thread-672] INFO  impl.FollowerState (FollowerState.java:run(142)) - c2078e43-4e37-4d9c-99b0-bc0ef86d7b58@group-DCC2209809C3-FollowerState was interrupted: {}
java.lang.InterruptedException: sleep interrupted
	at java.lang.Thread.sleep(Native Method)
	at java.lang.Thread.sleep(Thread.java:340)
	at java.util.concurrent.TimeUnit.sleep(TimeUnit.java:386)
	at org.apache.ratis.util.TimeDuration.sleep(TimeDuration.java:324)
	at org.apache.ratis.util.TimeDuration.sleep(TimeDuration.java:309)
	at org.apache.ratis.server.impl.FollowerState.run(FollowerState.java:117)
2021-02-04 10:27:44,998 [grpc-default-executor-1] INFO  server.RaftServer$Division (RaftServerImpl.java:requestVote(1057)) - c2078e43-4e37-4d9c-99b0-bc0ef86d7b58@group-DCC2209809C3 replies to ELECTION vote request: fdb3e943-d8be-440f-921f-162f76ce2c35<-c2078e43-4e37-4d9c-99b0-bc0ef86d7b58#0:FAIL-t14. Peer's state: c2078e43-4e37-4d9c-99b0-bc0ef86d7b58@group-DCC2209809C3:t14, leader=null, voted=null, raftlog=c2078e43-4e37-4d9c-99b0-bc0ef86d7b58@group-DCC2209809C3-SegmentedRaftLog:OPENED:c-1,f-1,i0, conf=-1: [fdb3e943-d8be-440f-921f-162f76ce2c35|rpc:172.17.0.2:42057|admin:|client:|dataStream:|priority:0, c2078e43-4e37-4d9c-99b0-bc0ef86d7b58|rpc:172.17.0.2:41803|admin:|client:|dataStream:|priority:1, 2f878777-950a-4a0a-bcd5-5efd0c9eb4b8|rpc:172.17.0.2:43707|admin:|client:|dataStream:|priority:0], old=null
2021-02-04 10:27:44,999 [grpc-default-executor-2] INFO  server.RaftServer$Division (RaftServerImpl.java:requestVote(1057)) - 2f878777-950a-4a0a-bcd5-5efd0c9eb4b8@group-DCC2209809C3 replies to ELECTION vote request: fdb3e943-d8be-440f-921f-162f76ce2c35<-2f878777-950a-4a0a-bcd5-5efd0c9eb4b8#0:OK-t14. Peer's state: 2f878777-950a-4a0a-bcd5-5efd0c9eb4b8@group-DCC2209809C3:t14, leader=null, voted=fdb3e943-d8be-440f-921f-162f76ce2c35, raftlog=2f878777-950a-4a0a-bcd5-5efd0c9eb4b8@group-DCC2209809C3-SegmentedRaftLog:OPENED:c-1,f-1,i0, conf=-1: [fdb3e943-d8be-440f-921f-162f76ce2c35|rpc:172.17.0.2:42057|priority:0, c2078e43-4e37-4d9c-99b0-bc0ef86d7b58|rpc:172.17.0.2:41803|priority:1, 2f878777-950a-4a0a-bcd5-5efd0c9eb4b8|rpc:172.17.0.2:43707|priority:0], old=null
2021-02-04 10:27:45,002 [fdb3e943-d8be-440f-921f-162f76ce2c35@group-DCC2209809C3-LeaderElection28] INFO  impl.LeaderElection (LeaderElection.java:logAndReturn(89)) - fdb3e943-d8be-440f-921f-162f76ce2c35@group-DCC2209809C3-LeaderElection28: ELECTION REJECTED received 1 response(s) and 0 exception(s):
2021-02-04 10:27:45,003 [fdb3e943-d8be-440f-921f-162f76ce2c35@group-DCC2209809C3-LeaderElection28] INFO  impl.LeaderElection (LeaderElection.java:logAndReturn(93)) -   Response 0: fdb3e943-d8be-440f-921f-162f76ce2c35<-c2078e43-4e37-4d9c-99b0-bc0ef86d7b58#0:FAIL-t14
2021-02-04 10:27:45,003 [fdb3e943-d8be-440f-921f-162f76ce2c35@group-DCC2209809C3-LeaderElection28] INFO  impl.LeaderElection (LeaderElection.java:askForVotes(309)) - fdb3e943-d8be-440f-921f-162f76ce2c35@group-DCC2209809C3-LeaderElection28 ELECTION round 0: result REJECTED
2021-02-04 10:27:45,003 [fdb3e943-d8be-440f-921f-162f76ce2c35@group-DCC2209809C3-LeaderElection28] INFO  server.RaftServer$Division (RaftServerImpl.java:setRole(284)) - fdb3e943-d8be-440f-921f-162f76ce2c35@group-DCC2209809C3: changes role from CANDIDATE to FOLLOWER at term 14 for REJECTED
2021-02-04 10:27:45,003 [fdb3e943-d8be-440f-921f-162f76ce2c35@group-DCC2209809C3-LeaderElection28] INFO  impl.RoleInfo (RoleInfo.java:shutdownLeaderElection(121)) - fdb3e943-d8be-440f-921f-162f76ce2c35: shutdown fdb3e943-d8be-440f-921f-162f76ce2c35@group-DCC2209809C3-LeaderElection28
2021-02-04 10:27:45,003 [fdb3e943-d8be-440f-921f-162f76ce2c35@group-DCC2209809C3-LeaderElection28] INFO  impl.RoleInfo (RoleInfo.java:updateAndGet(130)) - fdb3e943-d8be-440f-921f-162f76ce2c35: start fdb3e943-d8be-440f-921f-162f76ce2c35@group-DCC2209809C3-FollowerState
2021-02-04 10:27:45,199 [Listener at 127.0.0.1/36545] INFO  ozone.MiniOzoneClusterImpl (MiniOzoneClusterImpl.java:lambda$waitForClusterToBeReady$0(179)) - Nodes are ready. Got 3 of 3 DN Heartbeats.
2021-02-04 10:27:45,199 [Listener at 127.0.0.1/36545] INFO  ozone.MiniOzoneClusterImpl (MiniOzoneClusterImpl.java:lambda$waitForClusterToBeReady$0(182)) - Waiting for cluster to exit safe mode
2021-02-04 10:27:45,356 [EventQueue-OpenPipelineForHealthyPipelineSafeModeRule] INFO  safemode.SCMSafeModeManager (HealthyPipelineSafeModeRule.java:process(128)) - SCM in safe mode. Healthy pipelines reported count is 0, required healthy pipeline reported count is 1
2021-02-04 10:27:45,357 [EventQueue-PipelineReportForOneReplicaPipelineSafeModeRule] INFO  safemode.SCMSafeModeManager (SCMSafeModeManager.java:validateSafeModeExitRules(214)) - AtleastOneDatanodeReportedRule rule is successfully validated
2021-02-04 10:27:45,878 [EventQueue-PipelineReportForOneReplicaPipelineSafeModeRule] INFO  safemode.SCMSafeModeManager (SCMSafeModeManager.java:validateSafeModeExitRules(214)) - AtleastOneDatanodeReportedRule rule is successfully validated
2021-02-04 10:27:45,878 [EventQueue-OpenPipelineForHealthyPipelineSafeModeRule] INFO  safemode.SCMSafeModeManager (HealthyPipelineSafeModeRule.java:process(128)) - SCM in safe mode. Healthy pipelines reported count is 0, required healthy pipeline reported count is 1
2021-02-04 10:27:45,937 [EventQueue-PipelineReportForOneReplicaPipelineSafeModeRule] INFO  safemode.SCMSafeModeManager (SCMSafeModeManager.java:validateSafeModeExitRules(214)) - AtleastOneDatanodeReportedRule rule is successfully validated
2021-02-04 10:27:45,937 [EventQueue-OpenPipelineForHealthyPipelineSafeModeRule] INFO  safemode.SCMSafeModeManager (HealthyPipelineSafeModeRule.java:process(128)) - SCM in safe mode. Healthy pipelines reported count is 0, required healthy pipeline reported count is 1
2021-02-04 10:27:46,200 [Listener at 127.0.0.1/36545] INFO  ozone.MiniOzoneClusterImpl (MiniOzoneClusterImpl.java:lambda$waitForClusterToBeReady$0(179)) - Nodes are ready. Got 3 of 3 DN Heartbeats.
2021-02-04 10:27:46,200 [Listener at 127.0.0.1/36545] INFO  ozone.MiniOzoneClusterImpl (MiniOzoneClusterImpl.java:lambda$waitForClusterToBeReady$0(182)) - Waiting for cluster to exit safe mode
2021-02-04 10:27:46,356 [EventQueue-PipelineReportForOneReplicaPipelineSafeModeRule] INFO  safemode.SCMSafeModeManager (SCMSafeModeManager.java:validateSafeModeExitRules(214)) - AtleastOneDatanodeReportedRule rule is successfully validated
2021-02-04 10:27:46,356 [EventQueue-OpenPipelineForHealthyPipelineSafeModeRule] INFO  safemode.SCMSafeModeManager (HealthyPipelineSafeModeRule.java:process(128)) - SCM in safe mode. Healthy pipelines reported count is 0, required healthy pipeline reported count is 1
2021-02-04 10:27:46,878 [EventQueue-PipelineReportForOneReplicaPipelineSafeModeRule] INFO  safemode.SCMSafeModeManager (SCMSafeModeManager.java:validateSafeModeExitRules(214)) - AtleastOneDatanodeReportedRule rule is successfully validated
2021-02-04 10:27:46,878 [EventQueue-OpenPipelineForHealthyPipelineSafeModeRule] INFO  safemode.SCMSafeModeManager (HealthyPipelineSafeModeRule.java:process(128)) - SCM in safe mode. Healthy pipelines reported count is 0, required healthy pipeline reported count is 1
2021-02-04 10:27:46,938 [EventQueue-OpenPipelineForHealthyPipelineSafeModeRule] INFO  safemode.SCMSafeModeManager (HealthyPipelineSafeModeRule.java:process(128)) - SCM in safe mode. Healthy pipelines reported count is 0, required healthy pipeline reported count is 1
2021-02-04 10:27:46,938 [EventQueue-PipelineReportForOneReplicaPipelineSafeModeRule] INFO  safemode.SCMSafeModeManager (SCMSafeModeManager.java:validateSafeModeExitRules(214)) - AtleastOneDatanodeReportedRule rule is successfully validated
2021-02-04 10:27:47,201 [Listener at 127.0.0.1/36545] INFO  ozone.MiniOzoneClusterImpl (MiniOzoneClusterImpl.java:lambda$waitForClusterToBeReady$0(179)) - Nodes are ready. Got 3 of 3 DN Heartbeats.
2021-02-04 10:27:47,201 [Listener at 127.0.0.1/36545] INFO  ozone.MiniOzoneClusterImpl (MiniOzoneClusterImpl.java:lambda$waitForClusterToBeReady$0(182)) - Waiting for cluster to exit safe mode
2021-02-04 10:27:47,356 [EventQueue-PipelineReportForOneReplicaPipelineSafeModeRule] INFO  safemode.SCMSafeModeManager (SCMSafeModeManager.java:validateSafeModeExitRules(214)) - AtleastOneDatanodeReportedRule rule is successfully validated
2021-02-04 10:27:47,357 [EventQueue-OpenPipelineForHealthyPipelineSafeModeRule] INFO  safemode.SCMSafeModeManager (HealthyPipelineSafeModeRule.java:process(128)) - SCM in safe mode. Healthy pipelines reported count is 0, required healthy pipeline reported count is 1
2021-02-04 10:27:47,878 [EventQueue-OpenPipelineForHealthyPipelineSafeModeRule] INFO  safemode.SCMSafeModeManager (HealthyPipelineSafeModeRule.java:process(128)) - SCM in safe mode. Healthy pipelines reported count is 0, required healthy pipeline reported count is 1
2021-02-04 10:27:47,878 [EventQueue-PipelineReportForOneReplicaPipelineSafeModeRule] INFO  safemode.SCMSafeModeManager (SCMSafeModeManager.java:validateSafeModeExitRules(214)) - AtleastOneDatanodeReportedRule rule is successfully validated
2021-02-04 10:27:47,938 [EventQueue-OpenPipelineForHealthyPipelineSafeModeRule] INFO  safemode.SCMSafeModeManager (HealthyPipelineSafeModeRule.java:process(128)) - SCM in safe mode. Healthy pipelines reported count is 0, required healthy pipeline reported count is 1
2021-02-04 10:27:47,938 [EventQueue-PipelineReportForOneReplicaPipelineSafeModeRule] INFO  safemode.SCMSafeModeManager (SCMSafeModeManager.java:validateSafeModeExitRules(214)) - AtleastOneDatanodeReportedRule rule is successfully validated
2021-02-04 10:27:48,201 [Listener at 127.0.0.1/36545] INFO  ozone.MiniOzoneClusterImpl (MiniOzoneClusterImpl.java:lambda$waitForClusterToBeReady$0(179)) - Nodes are ready. Got 3 of 3 DN Heartbeats.
2021-02-04 10:27:48,201 [Listener at 127.0.0.1/36545] INFO  ozone.MiniOzoneClusterImpl (MiniOzoneClusterImpl.java:lambda$waitForClusterToBeReady$0(182)) - Waiting for cluster to exit safe mode
2021-02-04 10:27:48,357 [EventQueue-PipelineReportForOneReplicaPipelineSafeModeRule] INFO  safemode.SCMSafeModeManager (SCMSafeModeManager.java:validateSafeModeExitRules(214)) - AtleastOneDatanodeReportedRule rule is successfully validated
2021-02-04 10:27:48,357 [EventQueue-OpenPipelineForHealthyPipelineSafeModeRule] INFO  safemode.SCMSafeModeManager (HealthyPipelineSafeModeRule.java:process(128)) - SCM in safe mode. Healthy pipelines reported count is 0, required healthy pipeline reported count is 1
2021-02-04 10:27:48,878 [EventQueue-PipelineReportForOneReplicaPipelineSafeModeRule] INFO  safemode.SCMSafeModeManager (SCMSafeModeManager.java:validateSafeModeExitRules(214)) - AtleastOneDatanodeReportedRule rule is successfully validated
2021-02-04 10:27:48,878 [EventQueue-OpenPipelineForHealthyPipelineSafeModeRule] INFO  safemode.SCMSafeModeManager (HealthyPipelineSafeModeRule.java:process(128)) - SCM in safe mode. Healthy pipelines reported count is 0, required healthy pipeline reported count is 1
2021-02-04 10:27:48,938 [EventQueue-PipelineReportForOneReplicaPipelineSafeModeRule] INFO  safemode.SCMSafeModeManager (SCMSafeModeManager.java:validateSafeModeExitRules(214)) - AtleastOneDatanodeReportedRule rule is successfully validated
2021-02-04 10:27:48,939 [EventQueue-OpenPipelineForHealthyPipelineSafeModeRule] INFO  safemode.SCMSafeModeManager (HealthyPipelineSafeModeRule.java:process(128)) - SCM in safe mode. Healthy pipelines reported count is 0, required healthy pipeline reported count is 1
2021-02-04 10:27:49,202 [Listener at 127.0.0.1/36545] INFO  ozone.MiniOzoneClusterImpl (MiniOzoneClusterImpl.java:lambda$waitForClusterToBeReady$0(179)) - Nodes are ready. Got 3 of 3 DN Heartbeats.
2021-02-04 10:27:49,202 [Listener at 127.0.0.1/36545] INFO  ozone.MiniOzoneClusterImpl (MiniOzoneClusterImpl.java:lambda$waitForClusterToBeReady$0(182)) - Waiting for cluster to exit safe mode
2021-02-04 10:27:49,357 [EventQueue-PipelineReportForOneReplicaPipelineSafeModeRule] INFO  safemode.SCMSafeModeManager (SCMSafeModeManager.java:validateSafeModeExitRules(214)) - AtleastOneDatanodeReportedRule rule is successfully validated
2021-02-04 10:27:49,357 [EventQueue-OpenPipelineForHealthyPipelineSafeModeRule] INFO  safemode.SCMSafeModeManager (HealthyPipelineSafeModeRule.java:process(128)) - SCM in safe mode. Healthy pipelines reported count is 0, required healthy pipeline reported count is 1
2021-02-04 10:27:49,878 [EventQueue-PipelineReportForOneReplicaPipelineSafeModeRule] INFO  safemode.SCMSafeModeManager (SCMSafeModeManager.java:validateSafeModeExitRules(214)) - AtleastOneDatanodeReportedRule rule is successfully validated
2021-02-04 10:27:49,878 [EventQueue-OpenPipelineForHealthyPipelineSafeModeRule] INFO  safemode.SCMSafeModeManager (HealthyPipelineSafeModeRule.java:process(128)) - SCM in safe mode. Healthy pipelines reported count is 0, required healthy pipeline reported count is 1
2021-02-04 10:27:49,938 [EventQueue-PipelineReportForOneReplicaPipelineSafeModeRule] INFO  safemode.SCMSafeModeManager (SCMSafeModeManager.java:validateSafeModeExitRules(214)) - AtleastOneDatanodeReportedRule rule is successfully validated
2021-02-04 10:27:49,938 [EventQueue-OpenPipelineForHealthyPipelineSafeModeRule] INFO  safemode.SCMSafeModeManager (HealthyPipelineSafeModeRule.java:process(128)) - SCM in safe mode. Healthy pipelines reported count is 0, required healthy pipeline reported count is 1
2021-02-04 10:27:50,140 [Thread-678] INFO  impl.FollowerState (FollowerState.java:run(133)) - c2078e43-4e37-4d9c-99b0-bc0ef86d7b58@group-DCC2209809C3-FollowerState: change to CANDIDATE, lastRpcElapsedTime:5143678072ns, electionTimeout:5142ms
2021-02-04 10:27:50,140 [Thread-678] INFO  impl.RoleInfo (RoleInfo.java:shutdownFollowerState(108)) - c2078e43-4e37-4d9c-99b0-bc0ef86d7b58: shutdown c2078e43-4e37-4d9c-99b0-bc0ef86d7b58@group-DCC2209809C3-FollowerState
2021-02-04 10:27:50,140 [Thread-678] INFO  server.RaftServer$Division (RaftServerImpl.java:setRole(284)) - c2078e43-4e37-4d9c-99b0-bc0ef86d7b58@group-DCC2209809C3: changes role from  FOLLOWER to CANDIDATE at term 14 for changeToCandidate
2021-02-04 10:27:50,140 [Thread-678] INFO  server.RaftServerConfigKeys (ConfUtils.java:logGet(44)) - raft.server.leaderelection.pre-vote = false (custom)
2021-02-04 10:27:50,140 [Thread-678] INFO  impl.RoleInfo (RoleInfo.java:updateAndGet(130)) - c2078e43-4e37-4d9c-99b0-bc0ef86d7b58: start c2078e43-4e37-4d9c-99b0-bc0ef86d7b58@group-DCC2209809C3-LeaderElection29
2021-02-04 10:27:50,143 [c2078e43-4e37-4d9c-99b0-bc0ef86d7b58@group-DCC2209809C3-LeaderElection29] INFO  impl.LeaderElection (LeaderElection.java:askForVotes(307)) - c2078e43-4e37-4d9c-99b0-bc0ef86d7b58@group-DCC2209809C3-LeaderElection29 ELECTION round 0: submit vote requests at term 15 for -1: [fdb3e943-d8be-440f-921f-162f76ce2c35|rpc:172.17.0.2:42057|admin:|client:|dataStream:|priority:0, c2078e43-4e37-4d9c-99b0-bc0ef86d7b58|rpc:172.17.0.2:41803|admin:|client:|dataStream:|priority:1, 2f878777-950a-4a0a-bcd5-5efd0c9eb4b8|rpc:172.17.0.2:43707|admin:|client:|dataStream:|priority:0], old=null
2021-02-04 10:27:50,147 [grpc-default-executor-2] INFO  server.RaftServer$Division (RaftServerImpl.java:requestVote(1025)) - 2f878777-950a-4a0a-bcd5-5efd0c9eb4b8@group-DCC2209809C3: receive requestVote(ELECTION, c2078e43-4e37-4d9c-99b0-bc0ef86d7b58, group-DCC2209809C3, 15, (t:0, i:0))
2021-02-04 10:27:50,147 [grpc-default-executor-1] INFO  server.RaftServer$Division (RaftServerImpl.java:requestVote(1025)) - fdb3e943-d8be-440f-921f-162f76ce2c35@group-DCC2209809C3: receive requestVote(ELECTION, c2078e43-4e37-4d9c-99b0-bc0ef86d7b58, group-DCC2209809C3, 15, (t:0, i:0))
2021-02-04 10:27:50,147 [grpc-default-executor-1] INFO  impl.VoteContext (VoteContext.java:log(48)) - fdb3e943-d8be-440f-921f-162f76ce2c35@group-DCC2209809C3-FOLLOWER: accept ELECTION from c2078e43-4e37-4d9c-99b0-bc0ef86d7b58: our priority 0 <= candidate's priority 1
2021-02-04 10:27:50,147 [grpc-default-executor-1] INFO  server.RaftServer$Division (RaftServerImpl.java:setRole(284)) - fdb3e943-d8be-440f-921f-162f76ce2c35@group-DCC2209809C3: changes role from  FOLLOWER to FOLLOWER at term 15 for candidate:c2078e43-4e37-4d9c-99b0-bc0ef86d7b58
2021-02-04 10:27:50,147 [grpc-default-executor-1] INFO  impl.RoleInfo (RoleInfo.java:shutdownFollowerState(108)) - fdb3e943-d8be-440f-921f-162f76ce2c35: shutdown fdb3e943-d8be-440f-921f-162f76ce2c35@group-DCC2209809C3-FollowerState
2021-02-04 10:27:50,148 [grpc-default-executor-1] INFO  impl.RoleInfo (RoleInfo.java:updateAndGet(130)) - fdb3e943-d8be-440f-921f-162f76ce2c35: start fdb3e943-d8be-440f-921f-162f76ce2c35@group-DCC2209809C3-FollowerState
2021-02-04 10:27:50,148 [Thread-679] INFO  impl.FollowerState (FollowerState.java:run(142)) - fdb3e943-d8be-440f-921f-162f76ce2c35@group-DCC2209809C3-FollowerState was interrupted: {}
java.lang.InterruptedException: sleep interrupted
	at java.lang.Thread.sleep(Native Method)
	at java.lang.Thread.sleep(Thread.java:340)
	at java.util.concurrent.TimeUnit.sleep(TimeUnit.java:386)
	at org.apache.ratis.util.TimeDuration.sleep(TimeDuration.java:324)
	at org.apache.ratis.util.TimeDuration.sleep(TimeDuration.java:309)
	at org.apache.ratis.server.impl.FollowerState.run(FollowerState.java:117)
2021-02-04 10:27:50,147 [grpc-default-executor-2] INFO  impl.VoteContext (VoteContext.java:log(48)) - 2f878777-950a-4a0a-bcd5-5efd0c9eb4b8@group-DCC2209809C3-FOLLOWER: accept ELECTION from c2078e43-4e37-4d9c-99b0-bc0ef86d7b58: our priority 0 <= candidate's priority 1
2021-02-04 10:27:50,148 [grpc-default-executor-2] INFO  server.RaftServer$Division (RaftServerImpl.java:setRole(284)) - 2f878777-950a-4a0a-bcd5-5efd0c9eb4b8@group-DCC2209809C3: changes role from  FOLLOWER to FOLLOWER at term 15 for candidate:c2078e43-4e37-4d9c-99b0-bc0ef86d7b58
2021-02-04 10:27:50,148 [grpc-default-executor-2] INFO  impl.RoleInfo (RoleInfo.java:shutdownFollowerState(108)) - 2f878777-950a-4a0a-bcd5-5efd0c9eb4b8: shutdown 2f878777-950a-4a0a-bcd5-5efd0c9eb4b8@group-DCC2209809C3-FollowerState
2021-02-04 10:27:50,149 [grpc-default-executor-2] INFO  impl.RoleInfo (RoleInfo.java:updateAndGet(130)) - 2f878777-950a-4a0a-bcd5-5efd0c9eb4b8: start 2f878777-950a-4a0a-bcd5-5efd0c9eb4b8@group-DCC2209809C3-FollowerState
2021-02-04 10:27:50,149 [Thread-677] INFO  impl.FollowerState (FollowerState.java:run(142)) - 2f878777-950a-4a0a-bcd5-5efd0c9eb4b8@group-DCC2209809C3-FollowerState was interrupted: {}
java.lang.InterruptedException: sleep interrupted
	at java.lang.Thread.sleep(Native Method)
	at java.lang.Thread.sleep(Thread.java:340)
	at java.util.concurrent.TimeUnit.sleep(TimeUnit.java:386)
	at org.apache.ratis.util.TimeDuration.sleep(TimeDuration.java:324)
	at org.apache.ratis.util.TimeDuration.sleep(TimeDuration.java:309)
	at org.apache.ratis.server.impl.FollowerState.run(FollowerState.java:117)
2021-02-04 10:27:50,155 [grpc-default-executor-2] INFO  server.RaftServer$Division (RaftServerImpl.java:requestVote(1057)) - 2f878777-950a-4a0a-bcd5-5efd0c9eb4b8@group-DCC2209809C3 replies to ELECTION vote request: c2078e43-4e37-4d9c-99b0-bc0ef86d7b58<-2f878777-950a-4a0a-bcd5-5efd0c9eb4b8#0:OK-t15. Peer's state: 2f878777-950a-4a0a-bcd5-5efd0c9eb4b8@group-DCC2209809C3:t15, leader=null, voted=c2078e43-4e37-4d9c-99b0-bc0ef86d7b58, raftlog=2f878777-950a-4a0a-bcd5-5efd0c9eb4b8@group-DCC2209809C3-SegmentedRaftLog:OPENED:c-1,f-1,i0, conf=-1: [fdb3e943-d8be-440f-921f-162f76ce2c35|rpc:172.17.0.2:42057|priority:0, c2078e43-4e37-4d9c-99b0-bc0ef86d7b58|rpc:172.17.0.2:41803|priority:1, 2f878777-950a-4a0a-bcd5-5efd0c9eb4b8|rpc:172.17.0.2:43707|priority:0], old=null
2021-02-04 10:27:50,155 [grpc-default-executor-1] INFO  server.RaftServer$Division (RaftServerImpl.java:requestVote(1057)) - fdb3e943-d8be-440f-921f-162f76ce2c35@group-DCC2209809C3 replies to ELECTION vote request: c2078e43-4e37-4d9c-99b0-bc0ef86d7b58<-fdb3e943-d8be-440f-921f-162f76ce2c35#0:OK-t15. Peer's state: fdb3e943-d8be-440f-921f-162f76ce2c35@group-DCC2209809C3:t15, leader=null, voted=c2078e43-4e37-4d9c-99b0-bc0ef86d7b58, raftlog=fdb3e943-d8be-440f-921f-162f76ce2c35@group-DCC2209809C3-SegmentedRaftLog:OPENED:c-1,f-1,i0, conf=-1: [fdb3e943-d8be-440f-921f-162f76ce2c35|rpc:172.17.0.2:42057|admin:|client:|dataStream:|priority:0, c2078e43-4e37-4d9c-99b0-bc0ef86d7b58|rpc:172.17.0.2:41803|admin:|client:|dataStream:|priority:1, 2f878777-950a-4a0a-bcd5-5efd0c9eb4b8|rpc:172.17.0.2:43707|admin:|client:|dataStream:|priority:0], old=null
2021-02-04 10:27:50,157 [c2078e43-4e37-4d9c-99b0-bc0ef86d7b58@group-DCC2209809C3-LeaderElection29] INFO  impl.LeaderElection (LeaderElection.java:logAndReturn(89)) - c2078e43-4e37-4d9c-99b0-bc0ef86d7b58@group-DCC2209809C3-LeaderElection29: ELECTION PASSED received 1 response(s) and 0 exception(s):
2021-02-04 10:27:50,157 [c2078e43-4e37-4d9c-99b0-bc0ef86d7b58@group-DCC2209809C3-LeaderElection29] INFO  impl.LeaderElection (LeaderElection.java:logAndReturn(93)) -   Response 0: c2078e43-4e37-4d9c-99b0-bc0ef86d7b58<-2f878777-950a-4a0a-bcd5-5efd0c9eb4b8#0:OK-t15
2021-02-04 10:27:50,157 [c2078e43-4e37-4d9c-99b0-bc0ef86d7b58@group-DCC2209809C3-LeaderElection29] INFO  impl.LeaderElection (LeaderElection.java:askForVotes(309)) - c2078e43-4e37-4d9c-99b0-bc0ef86d7b58@group-DCC2209809C3-LeaderElection29 ELECTION round 0: result PASSED
2021-02-04 10:27:50,157 [c2078e43-4e37-4d9c-99b0-bc0ef86d7b58@group-DCC2209809C3-LeaderElection29] INFO  impl.RoleInfo (RoleInfo.java:shutdownLeaderElection(121)) - c2078e43-4e37-4d9c-99b0-bc0ef86d7b58: shutdown c2078e43-4e37-4d9c-99b0-bc0ef86d7b58@group-DCC2209809C3-LeaderElection29
2021-02-04 10:27:50,157 [c2078e43-4e37-4d9c-99b0-bc0ef86d7b58@group-DCC2209809C3-LeaderElection29] INFO  server.RaftServer$Division (RaftServerImpl.java:setRole(284)) - c2078e43-4e37-4d9c-99b0-bc0ef86d7b58@group-DCC2209809C3: changes role from CANDIDATE to LEADER at term 15 for changeToLeader
2021-02-04 10:27:50,157 [c2078e43-4e37-4d9c-99b0-bc0ef86d7b58@group-DCC2209809C3-LeaderElection29] INFO  ratis.XceiverServerRatis (XceiverServerRatis.java:handleLeaderChangedNotification(871)) - Leader change notification received for group: group-DCC2209809C3 with new leaderId: c2078e43-4e37-4d9c-99b0-bc0ef86d7b58
2021-02-04 10:27:50,158 [c2078e43-4e37-4d9c-99b0-bc0ef86d7b58@group-DCC2209809C3-LeaderElection29] INFO  server.RaftServer$Division (ServerState.java:setLeader(271)) - c2078e43-4e37-4d9c-99b0-bc0ef86d7b58@group-DCC2209809C3: change Leader from null to c2078e43-4e37-4d9c-99b0-bc0ef86d7b58 at term 15 for becomeLeader, leader elected after 76433ms
2021-02-04 10:27:50,158 [c2078e43-4e37-4d9c-99b0-bc0ef86d7b58@group-DCC2209809C3-LeaderElection29] INFO  server.RaftServerConfigKeys (ConfUtils.java:logGet(44)) - raft.server.staging.catchup.gap = 1000 (default)
2021-02-04 10:27:50,158 [c2078e43-4e37-4d9c-99b0-bc0ef86d7b58@group-DCC2209809C3-LeaderElection29] INFO  metrics.RatisMetrics (RatisMetrics.java:lambda$create$0(36)) - Creating Metrics Registry : ratis.log_appender.c2078e43-4e37-4d9c-99b0-bc0ef86d7b58@group-DCC2209809C3
2021-02-04 10:27:50,158 [c2078e43-4e37-4d9c-99b0-bc0ef86d7b58@group-DCC2209809C3-LeaderElection29] INFO  server.RaftServerConfigKeys (ConfUtils.java:logGet(44)) - raft.server.write.element-limit = 1024 (custom)
2021-02-04 10:27:50,158 [c2078e43-4e37-4d9c-99b0-bc0ef86d7b58@group-DCC2209809C3-LeaderElection29] INFO  server.RaftServerConfigKeys (ConfUtils.java:logGet(44)) - raft.server.write.byte-limit = 1073741824 (custom)
2021-02-04 10:27:50,158 [c2078e43-4e37-4d9c-99b0-bc0ef86d7b58@group-DCC2209809C3-LeaderElection29] INFO  server.RaftServerConfigKeys (ConfUtils.java:logGet(44)) - raft.server.watch.timeout = 180s (custom)
2021-02-04 10:27:50,158 [c2078e43-4e37-4d9c-99b0-bc0ef86d7b58@group-DCC2209809C3-LeaderElection29] INFO  server.RaftServerConfigKeys (ConfUtils.java:logGet(44)) - raft.server.watch.timeout.denomination = 1s (default)
2021-02-04 10:27:50,158 [c2078e43-4e37-4d9c-99b0-bc0ef86d7b58@group-DCC2209809C3-LeaderElection29] INFO  server.RaftServerConfigKeys (ConfUtils.java:logGet(44)) - raft.server.watch.element-limit = 65536 (default)
2021-02-04 10:27:50,159 [c2078e43-4e37-4d9c-99b0-bc0ef86d7b58@group-DCC2209809C3-LeaderElection29] INFO  server.RaftServerConfigKeys (ConfUtils.java:logGet(44)) - raft.server.log.appender.snapshot.chunk.size.max = 16MB (=16777216) (default)
2021-02-04 10:27:50,159 [c2078e43-4e37-4d9c-99b0-bc0ef86d7b58@group-DCC2209809C3-LeaderElection29] INFO  server.RaftServerConfigKeys (ConfUtils.java:logGet(44)) - raft.server.log.appender.buffer.byte-limit = 33554432 (custom)
2021-02-04 10:27:50,159 [c2078e43-4e37-4d9c-99b0-bc0ef86d7b58@group-DCC2209809C3-LeaderElection29] INFO  server.RaftServerConfigKeys (ConfUtils.java:logGet(44)) - raft.server.log.appender.buffer.element-limit = 1 (custom)
2021-02-04 10:27:50,159 [c2078e43-4e37-4d9c-99b0-bc0ef86d7b58@group-DCC2209809C3-LeaderElection29] INFO  grpc.GrpcConfigKeys (ConfUtils.java:logGet(44)) - raft.grpc.server.leader.outstanding.appends.max = 128 (default)
2021-02-04 10:27:50,159 [EventQueue-PipelineReportForOneReplicaPipelineSafeModeRule] INFO  safemode.SCMSafeModeManager (SCMSafeModeManager.java:validateSafeModeExitRules(214)) - AtleastOneDatanodeReportedRule rule is successfully validated
2021-02-04 10:27:50,159 [c2078e43-4e37-4d9c-99b0-bc0ef86d7b58@group-DCC2209809C3-LeaderElection29] INFO  server.RaftServerConfigKeys (ConfUtils.java:logGet(44)) - raft.server.rpc.request.timeout = 60s (custom)
2021-02-04 10:27:50,159 [EventQueue-OpenPipelineForHealthyPipelineSafeModeRule] INFO  safemode.SCMSafeModeManager (HealthyPipelineSafeModeRule.java:process(128)) - SCM in safe mode. Healthy pipelines reported count is 0, required healthy pipeline reported count is 1
2021-02-04 10:27:50,159 [EventQueue-PipelineReportForPipelineReportHandler] INFO  pipeline.PipelineStateManager (PipelineStateManager.java:openPipeline(132)) - Pipeline Pipeline[ Id: a2b35f7a-7b1a-444b-aa3a-dcc2209809c3, Nodes: 2f878777-950a-4a0a-bcd5-5efd0c9eb4b8{ip: 172.17.0.2, host: 379c1a9ecaae, ports: [REPLICATION=34499, RATIS=43707, STANDALONE=35139], networkLocation: /default-rack, certSerialId: null, persistedOpState: IN_SERVICE, persistedOpStateExpiryEpochSec: 0}c2078e43-4e37-4d9c-99b0-bc0ef86d7b58{ip: 172.17.0.2, host: 379c1a9ecaae, ports: [REPLICATION=39045, RATIS=41803, STANDALONE=45009], networkLocation: /default-rack, certSerialId: null, persistedOpState: IN_SERVICE, persistedOpStateExpiryEpochSec: 0}fdb3e943-d8be-440f-921f-162f76ce2c35{ip: 172.17.0.2, host: 379c1a9ecaae, ports: [REPLICATION=40743, RATIS=42057, STANDALONE=34083], networkLocation: /default-rack, certSerialId: null, persistedOpState: IN_SERVICE, persistedOpStateExpiryEpochSec: 0}, Type:RATIS, Factor:THREE, State:ALLOCATED, leaderId:c2078e43-4e37-4d9c-99b0-bc0ef86d7b58, CreationTimestamp2021-02-04T10:26:31.167Z] moved to OPEN state
2021-02-04 10:27:50,161 [c2078e43-4e37-4d9c-99b0-bc0ef86d7b58@group-DCC2209809C3-LeaderElection29] INFO  server.RaftServerConfigKeys (ConfUtils.java:logGet(44)) - raft.server.log.appender.install.snapshot.enabled = false (custom)
2021-02-04 10:27:50,161 [c2078e43-4e37-4d9c-99b0-bc0ef86d7b58@group-DCC2209809C3-LeaderElection29] INFO  metrics.RatisMetrics (RatisMetrics.java:lambda$create$0(36)) - Creating Metrics Registry : ratis_grpc.log_appender.c2078e43-4e37-4d9c-99b0-bc0ef86d7b58@group-DCC2209809C3
2021-02-04 10:27:50,161 [EventQueue-OpenPipelineForHealthyPipelineSafeModeRule] INFO  safemode.SCMSafeModeManager (HealthyPipelineSafeModeRule.java:process(128)) - SCM in safe mode. Healthy pipelines reported count is 1, required healthy pipeline reported count is 1
2021-02-04 10:27:50,162 [EventQueue-OpenPipelineForHealthyPipelineSafeModeRule] INFO  safemode.SCMSafeModeManager (SCMSafeModeManager.java:validateSafeModeExitRules(214)) - HealthyPipelineSafeModeRule rule is successfully validated
2021-02-04 10:27:50,162 [EventQueue-OpenPipelineForHealthyPipelineSafeModeRule] INFO  safemode.SCMSafeModeManager (SCMSafeModeManager.java:validateSafeModeExitRules(228)) - ScmSafeModeManager, all rules are successfully validated
2021-02-04 10:27:50,162 [EventQueue-OpenPipelineForHealthyPipelineSafeModeRule] INFO  safemode.SCMSafeModeManager (SCMSafeModeManager.java:exitSafeMode(257)) - SCM exiting safe mode.
2021-02-04 10:27:50,162 [c2078e43-4e37-4d9c-99b0-bc0ef86d7b58@group-DCC2209809C3-LeaderElection29] INFO  server.RaftServerConfigKeys (ConfUtils.java:logGet(44)) - raft.server.log.appender.snapshot.chunk.size.max = 16MB (=16777216) (default)
2021-02-04 10:27:50,162 [c2078e43-4e37-4d9c-99b0-bc0ef86d7b58@group-DCC2209809C3-LeaderElection29] INFO  server.RaftServerConfigKeys (ConfUtils.java:logGet(44)) - raft.server.log.appender.buffer.byte-limit = 33554432 (custom)
2021-02-04 10:27:50,162 [c2078e43-4e37-4d9c-99b0-bc0ef86d7b58@group-DCC2209809C3-LeaderElection29] INFO  server.RaftServerConfigKeys (ConfUtils.java:logGet(44)) - raft.server.log.appender.buffer.element-limit = 1 (custom)
2021-02-04 10:27:50,163 [c2078e43-4e37-4d9c-99b0-bc0ef86d7b58@group-DCC2209809C3-LeaderElection29] INFO  grpc.GrpcConfigKeys (ConfUtils.java:logGet(44)) - raft.grpc.server.leader.outstanding.appends.max = 128 (default)
2021-02-04 10:27:50,163 [c2078e43-4e37-4d9c-99b0-bc0ef86d7b58@group-DCC2209809C3-LeaderElection29] INFO  server.RaftServerConfigKeys (ConfUtils.java:logGet(44)) - raft.server.rpc.request.timeout = 60s (custom)
2021-02-04 10:27:50,163 [c2078e43-4e37-4d9c-99b0-bc0ef86d7b58@group-DCC2209809C3-LeaderElection29] INFO  server.RaftServerConfigKeys (ConfUtils.java:logGet(44)) - raft.server.log.appender.install.snapshot.enabled = false (custom)
2021-02-04 10:27:50,164 [c2078e43-4e37-4d9c-99b0-bc0ef86d7b58@group-DCC2209809C3-LeaderElection29] INFO  impl.RoleInfo (RoleInfo.java:updateAndGet(130)) - c2078e43-4e37-4d9c-99b0-bc0ef86d7b58: start c2078e43-4e37-4d9c-99b0-bc0ef86d7b58@group-DCC2209809C3-LeaderStateImpl
2021-02-04 10:27:50,164 [c2078e43-4e37-4d9c-99b0-bc0ef86d7b58@group-DCC2209809C3-LeaderElection29] INFO  segmented.SegmentedRaftLogWorker (SegmentedRaftLogWorker.java:startLogSegment(392)) - c2078e43-4e37-4d9c-99b0-bc0ef86d7b58@group-DCC2209809C3-SegmentedRaftLogWorker: Starting segment from index:0
2021-02-04 10:27:50,167 [c2078e43-4e37-4d9c-99b0-bc0ef86d7b58@group-DCC2209809C3-LeaderElection29] INFO  server.RaftServer$Division (ServerState.java:setRaftConf(373)) - c2078e43-4e37-4d9c-99b0-bc0ef86d7b58@group-DCC2209809C3: set configuration 0: [fdb3e943-d8be-440f-921f-162f76ce2c35|rpc:172.17.0.2:42057|admin:|client:|dataStream:|priority:0, c2078e43-4e37-4d9c-99b0-bc0ef86d7b58|rpc:172.17.0.2:41803|admin:|client:|dataStream:|priority:1, 2f878777-950a-4a0a-bcd5-5efd0c9eb4b8|rpc:172.17.0.2:43707|admin:|client:|dataStream:|priority:0], old=null
2021-02-04 10:27:50,168 [c2078e43-4e37-4d9c-99b0-bc0ef86d7b58@group-DCC2209809C3-SegmentedRaftLogWorker] INFO  segmented.SegmentedRaftLogWorker (SegmentedRaftLogWorker.java:execute(599)) - c2078e43-4e37-4d9c-99b0-bc0ef86d7b58@group-DCC2209809C3-SegmentedRaftLogWorker: created new log segment /github/workspace/mnt/ozone/hadoop-ozone/integration-test/target/test-dir/MiniOzoneClusterImpl-8a71bc08-f84f-4acb-943b-12476b4f0d69/datanode-1/data/ratis/a2b35f7a-7b1a-444b-aa3a-dcc2209809c3/current/log_inprogress_0
2021-02-04 10:27:50,173 [grpc-default-executor-2] INFO  ratis.XceiverServerRatis (XceiverServerRatis.java:handleLeaderChangedNotification(871)) - Leader change notification received for group: group-DCC2209809C3 with new leaderId: c2078e43-4e37-4d9c-99b0-bc0ef86d7b58
2021-02-04 10:27:50,174 [grpc-default-executor-2] INFO  server.RaftServer$Division (ServerState.java:setLeader(271)) - 2f878777-950a-4a0a-bcd5-5efd0c9eb4b8@group-DCC2209809C3: change Leader from null to c2078e43-4e37-4d9c-99b0-bc0ef86d7b58 at term 15 for appendEntries, leader elected after 76482ms
2021-02-04 10:27:50,173 [grpc-default-executor-1] INFO  ratis.XceiverServerRatis (XceiverServerRatis.java:handleLeaderChangedNotification(871)) - Leader change notification received for group: group-DCC2209809C3 with new leaderId: c2078e43-4e37-4d9c-99b0-bc0ef86d7b58
2021-02-04 10:27:50,175 [grpc-default-executor-1] INFO  server.RaftServer$Division (ServerState.java:setLeader(271)) - fdb3e943-d8be-440f-921f-162f76ce2c35@group-DCC2209809C3: change Leader from null to c2078e43-4e37-4d9c-99b0-bc0ef86d7b58 at term 15 for appendEntries, leader elected after 76400ms
2021-02-04 10:27:50,179 [grpc-default-executor-2] INFO  server.RaftServer$Division (ServerState.java:setRaftConf(373)) - 2f878777-950a-4a0a-bcd5-5efd0c9eb4b8@group-DCC2209809C3: set configuration 0: [fdb3e943-d8be-440f-921f-162f76ce2c35|rpc:172.17.0.2:42057|admin:|client:|dataStream:|priority:0, c2078e43-4e37-4d9c-99b0-bc0ef86d7b58|rpc:172.17.0.2:41803|admin:|client:|dataStream:|priority:1, 2f878777-950a-4a0a-bcd5-5efd0c9eb4b8|rpc:172.17.0.2:43707|admin:|client:|dataStream:|priority:0], old=null
2021-02-04 10:27:50,180 [grpc-default-executor-2] INFO  segmented.SegmentedRaftLogWorker (SegmentedRaftLogWorker.java:startLogSegment(392)) - 2f878777-950a-4a0a-bcd5-5efd0c9eb4b8@group-DCC2209809C3-SegmentedRaftLogWorker: Starting segment from index:0
2021-02-04 10:27:50,181 [grpc-default-executor-1] INFO  server.RaftServer$Division (ServerState.java:setRaftConf(373)) - fdb3e943-d8be-440f-921f-162f76ce2c35@group-DCC2209809C3: set configuration 0: [fdb3e943-d8be-440f-921f-162f76ce2c35|rpc:172.17.0.2:42057|admin:|client:|dataStream:|priority:0, c2078e43-4e37-4d9c-99b0-bc0ef86d7b58|rpc:172.17.0.2:41803|admin:|client:|dataStream:|priority:1, 2f878777-950a-4a0a-bcd5-5efd0c9eb4b8|rpc:172.17.0.2:43707|admin:|client:|dataStream:|priority:0], old=null
2021-02-04 10:27:50,181 [grpc-default-executor-1] INFO  segmented.SegmentedRaftLogWorker (SegmentedRaftLogWorker.java:startLogSegment(392)) - fdb3e943-d8be-440f-921f-162f76ce2c35@group-DCC2209809C3-SegmentedRaftLogWorker: Starting segment from index:0
2021-02-04 10:27:50,182 [2f878777-950a-4a0a-bcd5-5efd0c9eb4b8@group-DCC2209809C3-SegmentedRaftLogWorker] INFO  segmented.SegmentedRaftLogWorker (SegmentedRaftLogWorker.java:execute(599)) - 2f878777-950a-4a0a-bcd5-5efd0c9eb4b8@group-DCC2209809C3-SegmentedRaftLogWorker: created new log segment /github/workspace/mnt/ozone/hadoop-ozone/integration-test/target/test-dir/MiniOzoneClusterImpl-8a71bc08-f84f-4acb-943b-12476b4f0d69/datanode-0/data/ratis/a2b35f7a-7b1a-444b-aa3a-dcc2209809c3/current/log_inprogress_0
2021-02-04 10:27:50,184 [fdb3e943-d8be-440f-921f-162f76ce2c35@group-DCC2209809C3-SegmentedRaftLogWorker] INFO  segmented.SegmentedRaftLogWorker (SegmentedRaftLogWorker.java:execute(599)) - fdb3e943-d8be-440f-921f-162f76ce2c35@group-DCC2209809C3-SegmentedRaftLogWorker: created new log segment /github/workspace/mnt/ozone/hadoop-ozone/integration-test/target/test-dir/MiniOzoneClusterImpl-8a71bc08-f84f-4acb-943b-12476b4f0d69/datanode-2/data/ratis/a2b35f7a-7b1a-444b-aa3a-dcc2209809c3/current/log_inprogress_0
2021-02-04 10:27:50,202 [Listener at 127.0.0.1/36545] INFO  ozone.MiniOzoneClusterImpl (MiniOzoneClusterImpl.java:lambda$waitForClusterToBeReady$0(179)) - Nodes are ready. Got 3 of 3 DN Heartbeats.
2021-02-04 10:27:50,202 [Listener at 127.0.0.1/36545] INFO  ozone.MiniOzoneClusterImpl (MiniOzoneClusterImpl.java:lambda$waitForClusterToBeReady$0(182)) - Cluster exits safe mode
2021-02-04 10:27:50,202 [Listener at 127.0.0.1/36545] INFO  server.StorageContainerManager (StorageContainerManager.java:stop(832)) - Stopping Replication Manager Service.
2021-02-04 10:27:50,202 [Listener at 127.0.0.1/36545] INFO  container.ReplicationManager (ReplicationManager.java:stop(234)) - Replication Monitor Thread is not running.
2021-02-04 10:27:50,202 [Listener at 127.0.0.1/36545] INFO  server.StorageContainerManager (StorageContainerManager.java:stop(839)) - Stopping the Datanode Admin Monitor.
2021-02-04 10:27:50,202 [Listener at 127.0.0.1/36545] INFO  server.StorageContainerManager (StorageContainerManager.java:stop(846)) - Stopping Lease Manager of the command watchers
2021-02-04 10:27:50,202 [Listener at 127.0.0.1/36545] INFO  server.StorageContainerManager (StorageContainerManager.java:stop(853)) - Stopping datanode service RPC server
2021-02-04 10:27:50,202 [Listener at 127.0.0.1/36545] INFO  server.SCMDatanodeProtocolServer (SCMDatanodeProtocolServer.java:stop(369)) - Stopping the RPC server for DataNodes
2021-02-04 10:27:50,202 [Listener at 127.0.0.1/36545] INFO  ipc.Server (Server.java:stop(3403)) - Stopping server on 40683
2021-02-04 10:27:50,204 [IPC Server listener on 0] INFO  ipc.Server (Server.java:run(1366)) - Stopping IPC Server listener on 0
2021-02-04 10:27:50,205 [IPC Server Responder] INFO  ipc.Server (Server.java:run(1502)) - Stopping IPC Server Responder
2021-02-04 10:27:50,245 [SCM Heartbeat Processing Thread - 0] WARN  node.NodeStateManager (NodeStateManager.java:scheduleNextHealthCheck(688)) - Current Thread is interrupted, shutting down HB processing thread for Node Manager.
2021-02-04 10:27:50,245 [Listener at 127.0.0.1/36545] INFO  server.StorageContainerManager (StorageContainerManager.java:stop(861)) - Stopping block service RPC server
2021-02-04 10:27:50,245 [Listener at 127.0.0.1/36545] INFO  server.SCMBlockProtocolServer (SCMBlockProtocolServer.java:stop(159)) - Stopping the RPC server for Block Protocol
2021-02-04 10:27:50,245 [Listener at 127.0.0.1/36545] INFO  ipc.Server (Server.java:stop(3403)) - Stopping server on 38753
2021-02-04 10:27:50,247 [IPC Server listener on 0] INFO  ipc.Server (Server.java:run(1366)) - Stopping IPC Server listener on 0
2021-02-04 10:27:50,247 [Listener at 127.0.0.1/36545] INFO  server.StorageContainerManager (StorageContainerManager.java:stop(868)) - Stopping the StorageContainerLocationProtocol RPC server
2021-02-04 10:27:50,247 [Listener at 127.0.0.1/36545] INFO  server.SCMClientProtocolServer (SCMClientProtocolServer.java:stop(168)) - Stopping the RPC server for Client Protocol
2021-02-04 10:27:50,248 [Listener at 127.0.0.1/36545] INFO  ipc.Server (Server.java:stop(3403)) - Stopping server on 43067
2021-02-04 10:27:50,248 [IPC Server Responder] INFO  ipc.Server (Server.java:run(1502)) - Stopping IPC Server Responder
2021-02-04 10:27:50,251 [IPC Server listener on 0] INFO  ipc.Server (Server.java:run(1366)) - Stopping IPC Server listener on 0
2021-02-04 10:27:50,251 [IPC Server Responder] INFO  ipc.Server (Server.java:run(1502)) - Stopping IPC Server Responder
2021-02-04 10:27:50,251 [Listener at 127.0.0.1/36545] INFO  server.StorageContainerManager (StorageContainerManager.java:stop(875)) - Stopping Storage Container Manager HTTP server.
2021-02-04 10:27:50,252 [Listener at 127.0.0.1/36545] INFO  handler.ContextHandler (ContextHandler.java:doStop(1154)) - Stopped o.e.j.w.WebAppContext@24732415{scm,/,null,STOPPED}{file:/github/workspace/mnt/ozone/hadoop-ozone/integration-test/target/test-classes/webapps/scm}
2021-02-04 10:27:50,252 [Listener at 127.0.0.1/36545] INFO  server.AbstractConnector (AbstractConnector.java:doStop(381)) - Stopped ServerConnector@4c57fc8a{HTTP/1.1, (http/1.1)}{0.0.0.0:0}
2021-02-04 10:27:50,253 [Listener at 127.0.0.1/36545] INFO  server.session (HouseKeeper.java:stopScavenging(149)) - node0 Stopped scavenging
2021-02-04 10:27:50,253 [Listener at 127.0.0.1/36545] INFO  handler.ContextHandler (ContextHandler.java:doStop(1154)) - Stopped o.e.j.s.ServletContextHandler@52e4190c{static,/static,file:///github/workspace/mnt/ozone/hadoop-ozone/integration-test/target/test-classes/webapps/static,STOPPED}
2021-02-04 10:27:50,253 [Listener at 127.0.0.1/36545] INFO  handler.ContextHandler (ContextHandler.java:doStop(1154)) - Stopped o.e.j.s.ServletContextHandler@3502f718{logs,/logs,file:///github/workspace/mnt/ozone/hadoop-ozone/integration-test/target/log,STOPPED}
2021-02-04 10:27:50,254 [Listener at 127.0.0.1/36545] INFO  server.StorageContainerManager (StorageContainerManager.java:stop(886)) - Stopping Block Manager Service.
2021-02-04 10:27:50,254 [Listener at 127.0.0.1/36545] INFO  utils.BackgroundService (BackgroundService.java:shutdown(132)) - Shutting down service SCMBlockDeletingService
2021-02-04 10:27:50,255 [Listener at 127.0.0.1/36545] INFO  utils.BackgroundService (BackgroundService.java:shutdown(132)) - Shutting down service SCMBlockDeletingService
2021-02-04 10:27:50,255 [Listener at 127.0.0.1/36545] INFO  server.StorageContainerManager (StorageContainerManager.java:stop(911)) - Stopping SCM Event Queue.
2021-02-04 10:27:50,260 [Listener at 127.0.0.1/36545] INFO  impl.MetricsSystemImpl (MetricsSystemImpl.java:stop(210)) - Stopping HddsDatanode metrics system...
2021-02-04 10:27:50,265 [prometheus] INFO  impl.MetricsSinkAdapter (MetricsSinkAdapter.java:publishMetricsFromQueue(141)) - prometheus thread interrupted.
2021-02-04 10:27:50,265 [Listener at 127.0.0.1/36545] INFO  impl.MetricsSystemImpl (MetricsSystemImpl.java:stop(216)) - HddsDatanode metrics system stopped.
2021-02-04 10:27:50,362 [EndpointStateMachine task thread for /0.0.0.0:40683 - 0 ] WARN  statemachine.EndpointStateMachine (EndpointStateMachine.java:logIfNeeded(233)) - Unable to communicate to SCM server at 0.0.0.0:40683 for past 0 seconds.
java.io.EOFException: End of File Exception between local host is: "379c1a9ecaae/172.17.0.2"; destination host is: "0.0.0.0":40683; : java.io.EOFException; For more details see:  http://wiki.apache.org/hadoop/EOFException
	at sun.reflect.NativeConstructorAccessorImpl.newInstance0(Native Method)
	at sun.reflect.NativeConstructorAccessorImpl.newInstance(NativeConstructorAccessorImpl.java:62)
	at sun.reflect.DelegatingConstructorAccessorImpl.newInstance(DelegatingConstructorAccessorImpl.java:45)
	at java.lang.reflect.Constructor.newInstance(Constructor.java:423)
	at org.apache.hadoop.net.NetUtils.wrapWithMessage(NetUtils.java:836)
	at org.apache.hadoop.net.NetUtils.wrapException(NetUtils.java:794)
	at org.apache.hadoop.ipc.Client.getRpcResponse(Client.java:1566)
	at org.apache.hadoop.ipc.Client.call(Client.java:1508)
	at org.apache.hadoop.ipc.Client.call(Client.java:1405)
	at org.apache.hadoop.ipc.ProtobufRpcEngine$Invoker.invoke(ProtobufRpcEngine.java:233)
	at org.apache.hadoop.ipc.ProtobufRpcEngine$Invoker.invoke(ProtobufRpcEngine.java:118)
	at com.sun.proxy.$Proxy42.submitRequest(Unknown Source)
	at org.apache.hadoop.ozone.protocolPB.StorageContainerDatanodeProtocolClientSideTranslatorPB.submitRequest(StorageContainerDatanodeProtocolClientSideTranslatorPB.java:117)
	at org.apache.hadoop.ozone.protocolPB.StorageContainerDatanodeProtocolClientSideTranslatorPB.sendHeartbeat(StorageContainerDatanodeProtocolClientSideTranslatorPB.java:149)
	at org.apache.hadoop.ozone.container.common.states.endpoint.HeartbeatEndpointTask.call(HeartbeatEndpointTask.java:146)
	at org.apache.hadoop.ozone.container.common.states.endpoint.HeartbeatEndpointTask.call(HeartbeatEndpointTask.java:77)
	at java.util.concurrent.FutureTask.run(FutureTask.java:266)
	at java.util.concurrent.ThreadPoolExecutor.runWorker(ThreadPoolExecutor.java:1149)
	at java.util.concurrent.ThreadPoolExecutor$Worker.run(ThreadPoolExecutor.java:624)
	at java.lang.Thread.run(Thread.java:748)
Caused by: java.io.EOFException
	at java.io.DataInputStream.readInt(DataInputStream.java:392)
	at org.apache.hadoop.ipc.Client$IpcStreams.readResponse(Client.java:1880)
	at org.apache.hadoop.ipc.Client$Connection.receiveRpcResponse(Client.java:1191)
	at org.apache.hadoop.ipc.Client$Connection.run(Client.java:1087)
2021-02-04 10:27:50,877 [Datanode State Machine Thread - 0] INFO  statemachine.DatanodeStateMachine (DatanodeStateMachine.java:lambda$startDaemon$0(412)) - Ozone container server started.
2021-02-04 10:27:52,164 [EndpointStateMachine task thread for /0.0.0.0:40683 - 0 ] INFO  ipc.Client (Client.java:handleConnectionFailure(966)) - Retrying connect to server: 0.0.0.0/0.0.0.0:40683. Already tried 0 time(s); retry policy is RetryUpToMaximumCountWithFixedSleep(maxRetries=15, sleepTime=1000 MILLISECONDS)
2021-02-04 10:27:53,163 [Thread-687] WARN  events.EventQueue (EventQueue.java:fireEvent(150)) - Processing of TypedEvent{payloadType=SafeModeStatus, name='Delayed safe mode status'} is skipped, EventQueue is not running
2021-02-04 10:27:53,165 [EndpointStateMachine task thread for /0.0.0.0:40683 - 0 ] INFO  ipc.Client (Client.java:handleConnectionFailure(966)) - Retrying connect to server: 0.0.0.0/0.0.0.0:40683. Already tried 1 time(s); retry policy is RetryUpToMaximumCountWithFixedSleep(maxRetries=15, sleepTime=1000 MILLISECONDS)
2021-02-04 10:27:53,357 [Datanode State Machine Thread - 0] ERROR datanode.RunningDatanodeState (RunningDatanodeState.java:computeNextContainerState(199)) - Error in executing end point task.
java.util.concurrent.ExecutionException: java.util.concurrent.TimeoutException
	at java.util.concurrent.FutureTask.report(FutureTask.java:122)
	at java.util.concurrent.FutureTask.get(FutureTask.java:192)
	at org.apache.hadoop.ozone.container.common.states.datanode.RunningDatanodeState.computeNextContainerState(RunningDatanodeState.java:191)
	at org.apache.hadoop.ozone.container.common.states.datanode.RunningDatanodeState.await(RunningDatanodeState.java:231)
	at org.apache.hadoop.ozone.container.common.states.datanode.RunningDatanodeState.await(RunningDatanodeState.java:50)
	at org.apache.hadoop.ozone.container.common.statemachine.StateContext.execute(StateContext.java:540)
	at org.apache.hadoop.ozone.container.common.statemachine.DatanodeStateMachine.start(DatanodeStateMachine.java:234)
	at org.apache.hadoop.ozone.container.common.statemachine.DatanodeStateMachine.lambda$startDaemon$0(DatanodeStateMachine.java:411)
	at java.lang.Thread.run(Thread.java:748)
Caused by: java.util.concurrent.TimeoutException
	at java.util.concurrent.FutureTask.get(FutureTask.java:205)
	at org.apache.hadoop.ozone.container.common.states.datanode.RunningDatanodeState.lambda$execute$0(RunningDatanodeState.java:149)
	at java.util.concurrent.FutureTask.run(FutureTask.java:266)
	at java.util.concurrent.Executors$RunnableAdapter.call(Executors.java:511)
	at java.util.concurrent.FutureTask.run(FutureTask.java:266)
	at java.util.concurrent.ThreadPoolExecutor.runWorker(ThreadPoolExecutor.java:1149)
	at java.util.concurrent.ThreadPoolExecutor$Worker.run(ThreadPoolExecutor.java:624)
	... 1 more
2021-02-04 10:27:54,166 [EndpointStateMachine task thread for /0.0.0.0:40683 - 0 ] INFO  ipc.Client (Client.java:handleConnectionFailure(966)) - Retrying connect to server: 0.0.0.0/0.0.0.0:40683. Already tried 2 time(s); retry policy is RetryUpToMaximumCountWithFixedSleep(maxRetries=15, sleepTime=1000 MILLISECONDS)
2021-02-04 10:27:55,159 [Datanode State Machine Thread - 0] ERROR datanode.RunningDatanodeState (RunningDatanodeState.java:computeNextContainerState(199)) - Error in executing end point task.
java.util.concurrent.ExecutionException: java.util.concurrent.TimeoutException
	at java.util.concurrent.FutureTask.report(FutureTask.java:122)
	at java.util.concurrent.FutureTask.get(FutureTask.java:192)
	at org.apache.hadoop.ozone.container.common.states.datanode.RunningDatanodeState.computeNextContainerState(RunningDatanodeState.java:191)
	at org.apache.hadoop.ozone.container.common.states.datanode.RunningDatanodeState.await(RunningDatanodeState.java:231)
	at org.apache.hadoop.ozone.container.common.states.datanode.RunningDatanodeState.await(RunningDatanodeState.java:50)
	at org.apache.hadoop.ozone.container.common.statemachine.StateContext.execute(StateContext.java:540)
	at org.apache.hadoop.ozone.container.common.statemachine.DatanodeStateMachine.start(DatanodeStateMachine.java:234)
	at org.apache.hadoop.ozone.container.common.statemachine.DatanodeStateMachine.lambda$startDaemon$0(DatanodeStateMachine.java:411)
	at java.lang.Thread.run(Thread.java:748)
Caused by: java.util.concurrent.TimeoutException
	at java.util.concurrent.FutureTask.get(FutureTask.java:205)
	at org.apache.hadoop.ozone.container.common.states.datanode.RunningDatanodeState.lambda$execute$0(RunningDatanodeState.java:149)
	at java.util.concurrent.FutureTask.run(FutureTask.java:266)
	at java.util.concurrent.Executors$RunnableAdapter.call(Executors.java:511)
	at java.util.concurrent.FutureTask.run(FutureTask.java:266)
	at java.util.concurrent.ThreadPoolExecutor.runWorker(ThreadPoolExecutor.java:1149)
	at java.util.concurrent.ThreadPoolExecutor$Worker.run(ThreadPoolExecutor.java:624)
	... 1 more
2021-02-04 10:27:55,166 [EndpointStateMachine task thread for /0.0.0.0:40683 - 0 ] INFO  ipc.Client (Client.java:handleConnectionFailure(966)) - Retrying connect to server: 0.0.0.0/0.0.0.0:40683. Already tried 3 time(s); retry policy is RetryUpToMaximumCountWithFixedSleep(maxRetries=15, sleepTime=1000 MILLISECONDS)
2021-02-04 10:27:55,266 [Listener at 127.0.0.1/36545] INFO  ozoneimpl.OzoneContainer (OzoneContainer.java:stop(273)) - Attempting to stop container services.
2021-02-04 10:27:55,266 [Listener at 127.0.0.1/36545] INFO  server.RaftServer (RaftServerProxy.java:lambda$close$6(391)) - 2f878777-950a-4a0a-bcd5-5efd0c9eb4b8: close
2021-02-04 10:27:55,267 [Listener at 127.0.0.1/36545] INFO  server.RaftServer$Division (RaftServerImpl.java:lambda$close$4(406)) - 2f878777-950a-4a0a-bcd5-5efd0c9eb4b8@group-45E52E19AA98: shutdown
2021-02-04 10:27:55,267 [Listener at 127.0.0.1/36545] INFO  util.JmxRegister (JmxRegister.java:unregister(73)) - Successfully un-registered JMX Bean with object name Ratis:service=RaftServer,group=group-45E52E19AA98,id=2f878777-950a-4a0a-bcd5-5efd0c9eb4b8
2021-02-04 10:27:55,267 [Listener at 127.0.0.1/36545] INFO  impl.RoleInfo (RoleInfo.java:shutdownLeaderState(91)) - 2f878777-950a-4a0a-bcd5-5efd0c9eb4b8: shutdown 2f878777-950a-4a0a-bcd5-5efd0c9eb4b8@group-45E52E19AA98-LeaderStateImpl
2021-02-04 10:27:55,267 [Listener at 127.0.0.1/36545] INFO  impl.PendingRequests (PendingRequests.java:sendNotLeaderResponses(249)) - 2f878777-950a-4a0a-bcd5-5efd0c9eb4b8@group-45E52E19AA98-PendingRequests: sendNotLeaderResponses
2021-02-04 10:27:55,268 [Listener at 127.0.0.1/36545] INFO  metrics.RatisMetrics (RatisMetrics.java:unregister(43)) - Unregistering Metrics Registry : ratis.log_appender.2f878777-950a-4a0a-bcd5-5efd0c9eb4b8@group-45E52E19AA98
2021-02-04 10:27:55,268 [Listener at 127.0.0.1/36545] INFO  metrics.RatisMetrics (RatisMetrics.java:unregister(43)) - Unregistering Metrics Registry : ratis.server.2f878777-950a-4a0a-bcd5-5efd0c9eb4b8@group-45E52E19AA98
2021-02-04 10:27:55,268 [2f878777-950a-4a0a-bcd5-5efd0c9eb4b8@group-45E52E19AA98-StateMachineUpdater] INFO  ratis.ContainerStateMachine (ContainerStateMachine.java:takeSnapshot(291)) - group-45E52E19AA98: Taking a snapshot at:(t:1, i:0) file /github/workspace/mnt/ozone/hadoop-ozone/integration-test/target/test-dir/MiniOzoneClusterImpl-8a71bc08-f84f-4acb-943b-12476b4f0d69/datanode-0/data/ratis/d2132eb6-bd19-4383-9e4e-45e52e19aa98/sm/snapshot.1_0
2021-02-04 10:27:55,269 [Listener at 127.0.0.1/36545] INFO  impl.StateMachineUpdater (StateMachineUpdater.java:stopAndJoin(148)) - 2f878777-950a-4a0a-bcd5-5efd0c9eb4b8@group-45E52E19AA98-StateMachineUpdater: set stopIndex = 0
2021-02-04 10:27:55,267 [ForkJoinPool.commonPool-worker-0] INFO  server.RaftServer$Division (RaftServerImpl.java:lambda$close$4(406)) - 2f878777-950a-4a0a-bcd5-5efd0c9eb4b8@group-DCC2209809C3: shutdown
2021-02-04 10:27:55,269 [ForkJoinPool.commonPool-worker-0] INFO  util.JmxRegister (JmxRegister.java:unregister(73)) - Successfully un-registered JMX Bean with object name Ratis:service=RaftServer,group=group-DCC2209809C3,id=2f878777-950a-4a0a-bcd5-5efd0c9eb4b8
2021-02-04 10:27:55,269 [ForkJoinPool.commonPool-worker-0] INFO  impl.RoleInfo (RoleInfo.java:shutdownFollowerState(108)) - 2f878777-950a-4a0a-bcd5-5efd0c9eb4b8: shutdown 2f878777-950a-4a0a-bcd5-5efd0c9eb4b8@group-DCC2209809C3-FollowerState
2021-02-04 10:27:55,269 [ForkJoinPool.commonPool-worker-0] INFO  impl.StateMachineUpdater (StateMachineUpdater.java:stopAndJoin(148)) - 2f878777-950a-4a0a-bcd5-5efd0c9eb4b8@group-DCC2209809C3-StateMachineUpdater: set stopIndex = 0
2021-02-04 10:27:55,269 [Thread-684] INFO  impl.FollowerState (FollowerState.java:run(142)) - 2f878777-950a-4a0a-bcd5-5efd0c9eb4b8@group-DCC2209809C3-FollowerState was interrupted: {}
java.lang.InterruptedException: sleep interrupted
	at java.lang.Thread.sleep(Native Method)
	at java.lang.Thread.sleep(Thread.java:340)
	at java.util.concurrent.TimeUnit.sleep(TimeUnit.java:386)
	at org.apache.ratis.util.TimeDuration.sleep(TimeDuration.java:324)
	at org.apache.ratis.util.TimeDuration.sleep(TimeDuration.java:309)
	at org.apache.ratis.server.impl.FollowerState.run(FollowerState.java:117)
2021-02-04 10:27:55,269 [2f878777-950a-4a0a-bcd5-5efd0c9eb4b8@group-45E52E19AA98-StateMachineUpdater] INFO  ratis.ContainerStateMachine (ContainerStateMachine.java:takeSnapshot(302)) - group-45E52E19AA98: Finished taking a snapshot at:(t:1, i:0) file:/github/workspace/mnt/ozone/hadoop-ozone/integration-test/target/test-dir/MiniOzoneClusterImpl-8a71bc08-f84f-4acb-943b-12476b4f0d69/datanode-0/data/ratis/d2132eb6-bd19-4383-9e4e-45e52e19aa98/sm/snapshot.1_0 took: 1 ms
2021-02-04 10:27:55,269 [2f878777-950a-4a0a-bcd5-5efd0c9eb4b8@group-DCC2209809C3-StateMachineUpdater] INFO  ratis.ContainerStateMachine (ContainerStateMachine.java:takeSnapshot(291)) - group-DCC2209809C3: Taking a snapshot at:(t:15, i:0) file /github/workspace/mnt/ozone/hadoop-ozone/integration-test/target/test-dir/MiniOzoneClusterImpl-8a71bc08-f84f-4acb-943b-12476b4f0d69/datanode-0/data/ratis/a2b35f7a-7b1a-444b-aa3a-dcc2209809c3/sm/snapshot.15_0
2021-02-04 10:27:55,270 [2f878777-950a-4a0a-bcd5-5efd0c9eb4b8@group-45E52E19AA98-StateMachineUpdater] INFO  impl.StateMachineUpdater (StateMachineUpdater.java:takeSnapshot(279)) - 2f878777-950a-4a0a-bcd5-5efd0c9eb4b8@group-45E52E19AA98-StateMachineUpdater: Took a snapshot at index 0
2021-02-04 10:27:55,270 [2f878777-950a-4a0a-bcd5-5efd0c9eb4b8@group-45E52E19AA98-StateMachineUpdater] INFO  impl.StateMachineUpdater (StateMachineUpdater.java:lambda$new$0(88)) - 2f878777-950a-4a0a-bcd5-5efd0c9eb4b8@group-45E52E19AA98-StateMachineUpdater: snapshotIndex: updateIncreasingly -1 -> 0
2021-02-04 10:27:55,273 [2f878777-950a-4a0a-bcd5-5efd0c9eb4b8@group-DCC2209809C3-StateMachineUpdater] INFO  ratis.ContainerStateMachine (ContainerStateMachine.java:takeSnapshot(302)) - group-DCC2209809C3: Finished taking a snapshot at:(t:15, i:0) file:/github/workspace/mnt/ozone/hadoop-ozone/integration-test/target/test-dir/MiniOzoneClusterImpl-8a71bc08-f84f-4acb-943b-12476b4f0d69/datanode-0/data/ratis/a2b35f7a-7b1a-444b-aa3a-dcc2209809c3/sm/snapshot.15_0 took: 4 ms
2021-02-04 10:27:55,273 [2f878777-950a-4a0a-bcd5-5efd0c9eb4b8@group-45E52E19AA98-StateMachineUpdater] INFO  metrics.RatisMetrics (RatisMetrics.java:unregister(43)) - Unregistering Metrics Registry : ratis.state_machine.2f878777-950a-4a0a-bcd5-5efd0c9eb4b8@group-45E52E19AA98
2021-02-04 10:27:55,274 [2f878777-950a-4a0a-bcd5-5efd0c9eb4b8@group-DCC2209809C3-StateMachineUpdater] INFO  impl.StateMachineUpdater (StateMachineUpdater.java:takeSnapshot(279)) - 2f878777-950a-4a0a-bcd5-5efd0c9eb4b8@group-DCC2209809C3-StateMachineUpdater: Took a snapshot at index 0
2021-02-04 10:27:55,274 [2f878777-950a-4a0a-bcd5-5efd0c9eb4b8@group-DCC2209809C3-StateMachineUpdater] INFO  impl.StateMachineUpdater (StateMachineUpdater.java:lambda$new$0(88)) - 2f878777-950a-4a0a-bcd5-5efd0c9eb4b8@group-DCC2209809C3-StateMachineUpdater: snapshotIndex: updateIncreasingly -1 -> 0
2021-02-04 10:27:55,274 [Listener at 127.0.0.1/36545] INFO  server.RaftServer$Division (ServerState.java:close(405)) - 2f878777-950a-4a0a-bcd5-5efd0c9eb4b8@group-45E52E19AA98: closes. applyIndex: 0
2021-02-04 10:27:55,274 [2f878777-950a-4a0a-bcd5-5efd0c9eb4b8@group-DCC2209809C3-StateMachineUpdater] INFO  metrics.RatisMetrics (RatisMetrics.java:unregister(43)) - Unregistering Metrics Registry : ratis.state_machine.2f878777-950a-4a0a-bcd5-5efd0c9eb4b8@group-DCC2209809C3
2021-02-04 10:27:55,274 [ForkJoinPool.commonPool-worker-0] INFO  server.RaftServer$Division (ServerState.java:close(405)) - 2f878777-950a-4a0a-bcd5-5efd0c9eb4b8@group-DCC2209809C3: closes. applyIndex: 0
2021-02-04 10:27:55,275 [2f878777-950a-4a0a-bcd5-5efd0c9eb4b8@group-DCC2209809C3-SegmentedRaftLogWorker] INFO  segmented.SegmentedRaftLogWorker (SegmentedRaftLogWorker.java:run(326)) - 2f878777-950a-4a0a-bcd5-5efd0c9eb4b8@group-DCC2209809C3-SegmentedRaftLogWorker was interrupted, exiting. There are 0 tasks remaining in the queue.
2021-02-04 10:27:55,275 [2f878777-950a-4a0a-bcd5-5efd0c9eb4b8@group-45E52E19AA98-SegmentedRaftLogWorker] INFO  segmented.SegmentedRaftLogWorker (SegmentedRaftLogWorker.java:run(326)) - 2f878777-950a-4a0a-bcd5-5efd0c9eb4b8@group-45E52E19AA98-SegmentedRaftLogWorker was interrupted, exiting. There are 0 tasks remaining in the queue.
2021-02-04 10:27:55,277 [ForkJoinPool.commonPool-worker-0] INFO  segmented.SegmentedRaftLogWorker (SegmentedRaftLogWorker.java:close(236)) - 2f878777-950a-4a0a-bcd5-5efd0c9eb4b8@group-DCC2209809C3-SegmentedRaftLogWorker close()
2021-02-04 10:27:55,277 [Listener at 127.0.0.1/36545] INFO  segmented.SegmentedRaftLogWorker (SegmentedRaftLogWorker.java:close(236)) - 2f878777-950a-4a0a-bcd5-5efd0c9eb4b8@group-45E52E19AA98-SegmentedRaftLogWorker close()
2021-02-04 10:27:55,277 [ForkJoinPool.commonPool-worker-0] INFO  metrics.RatisMetrics (RatisMetrics.java:unregister(43)) - Unregistering Metrics Registry : ratis.log_worker.2f878777-950a-4a0a-bcd5-5efd0c9eb4b8@group-DCC2209809C3
2021-02-04 10:27:55,277 [Listener at 127.0.0.1/36545] INFO  metrics.RatisMetrics (RatisMetrics.java:unregister(43)) - Unregistering Metrics Registry : ratis.log_worker.2f878777-950a-4a0a-bcd5-5efd0c9eb4b8@group-45E52E19AA98
2021-02-04 10:27:55,277 [ForkJoinPool.commonPool-worker-0] INFO  metrics.RatisMetrics (RatisMetrics.java:unregister(43)) - Unregistering Metrics Registry : ratis.leader_election.2f878777-950a-4a0a-bcd5-5efd0c9eb4b8@group-DCC2209809C3
2021-02-04 10:27:55,278 [ForkJoinPool.commonPool-worker-0] INFO  metrics.RatisMetrics (RatisMetrics.java:unregister(43)) - Unregistering Metrics Registry : ratis.server.2f878777-950a-4a0a-bcd5-5efd0c9eb4b8@group-DCC2209809C3
2021-02-04 10:27:55,278 [Listener at 127.0.0.1/36545] INFO  metrics.RatisMetrics (RatisMetrics.java:unregister(43)) - Unregistering Metrics Registry : ratis.leader_election.2f878777-950a-4a0a-bcd5-5efd0c9eb4b8@group-45E52E19AA98
2021-02-04 10:27:55,278 [Listener at 127.0.0.1/36545] INFO  metrics.RatisMetrics (RatisMetrics.java:unregister(43)) - Unregistering Metrics Registry : ratis.server.2f878777-950a-4a0a-bcd5-5efd0c9eb4b8@group-45E52E19AA98
2021-02-04 10:27:55,279 [Listener at 127.0.0.1/36545] INFO  server.GrpcService (GrpcService.java:closeImpl(262)) - 2f878777-950a-4a0a-bcd5-5efd0c9eb4b8: shutdown server with port 43707 now
2021-02-04 10:27:55,282 [Listener at 127.0.0.1/36545] INFO  server.GrpcService (GrpcService.java:closeImpl(271)) - 2f878777-950a-4a0a-bcd5-5efd0c9eb4b8: shutdown server with port 43707 successfully
2021-02-04 10:27:55,283 [grpc-default-executor-2] WARN  server.GrpcServerProtocolService (LogUtils.java:warn(122)) - 2f878777-950a-4a0a-bcd5-5efd0c9eb4b8: installSnapshot onError, lastRequest: c2078e43-4e37-4d9c-99b0-bc0ef86d7b58->2f878777-950a-4a0a-bcd5-5efd0c9eb4b8#1-t15,previous=(t:0, i:0),leaderCommit=0,initializing? true,entries: size=1, first=(t:15, i:0), CONFIGURATIONENTRY: org.apache.ratis.thirdparty.io.grpc.StatusRuntimeException: CANCELLED: client cancelled
2021-02-04 10:27:55,283 [org.apache.ratis.util.JvmPauseMonitor$$Lambda$504/488733670@711647cc] INFO  util.JvmPauseMonitor (JvmPauseMonitor.java:run(109)) - JvmPauseMonitor-2f878777-950a-4a0a-bcd5-5efd0c9eb4b8: Stopped
2021-02-04 10:27:55,284 [Listener at 127.0.0.1/36545] INFO  utils.BackgroundService (BackgroundService.java:shutdown(132)) - Shutting down service BlockDeletingService
2021-02-04 10:27:55,288 [grpc-default-executor-3] WARN  server.GrpcLogAppender (LogUtils.java:warn(122)) - c2078e43-4e37-4d9c-99b0-bc0ef86d7b58@group-DCC2209809C3->2f878777-950a-4a0a-bcd5-5efd0c9eb4b8-AppendLogResponseHandler: Failed appendEntries: org.apache.ratis.thirdparty.io.grpc.StatusRuntimeException: CANCELLED: HTTP/2 error code: CANCEL
Received Rst Stream
2021-02-04 10:27:55,289 [grpc-default-executor-3] WARN  server.GrpcLogAppender (GrpcLogAppender.java:resetClient(111)) - c2078e43-4e37-4d9c-99b0-bc0ef86d7b58@group-DCC2209809C3->2f878777-950a-4a0a-bcd5-5efd0c9eb4b8-GrpcLogAppender: Leader has not got in touch with Follower c2078e43-4e37-4d9c-99b0-bc0ef86d7b58@group-DCC2209809C3->2f878777-950a-4a0a-bcd5-5efd0c9eb4b8(c0,m0,n1, attendVote=true, lastRpcSendTime=96, lastRpcResponseTime=93) yet, just keep nextIndex unchanged and retry.
2021-02-04 10:27:55,289 [Listener at 127.0.0.1/36545] INFO  statemachine.DatanodeStateMachine (DatanodeStateMachine.java:stopDaemon(470)) - Ozone container server stopped.
2021-02-04 10:27:55,299 [Listener at 127.0.0.1/36545] INFO  handler.ContextHandler (ContextHandler.java:doStop(1154)) - Stopped o.e.j.w.WebAppContext@7ab93a5e{hddsDatanode,/,null,STOPPED}{jar:file:/home/user/.m2/repository/org/apache/hadoop/hadoop-hdds-container-service/1.1.0-SNAPSHOT/hadoop-hdds-container-service-1.1.0-SNAPSHOT.jar!/webapps/hddsDatanode}
2021-02-04 10:27:55,306 [Listener at 127.0.0.1/36545] INFO  server.AbstractConnector (AbstractConnector.java:doStop(381)) - Stopped ServerConnector@4c66fcb{HTTP/1.1, (http/1.1)}{0.0.0.0:0}
2021-02-04 10:27:55,306 [Listener at 127.0.0.1/36545] INFO  server.session (HouseKeeper.java:stopScavenging(149)) - node0 Stopped scavenging
2021-02-04 10:27:55,307 [Listener at 127.0.0.1/36545] INFO  handler.ContextHandler (ContextHandler.java:doStop(1154)) - Stopped o.e.j.s.ServletContextHandler@5bae8024{static,/static,jar:file:/home/user/.m2/repository/org/apache/hadoop/hadoop-hdds-container-service/1.1.0-SNAPSHOT/hadoop-hdds-container-service-1.1.0-SNAPSHOT.jar!/webapps/static,STOPPED}
2021-02-04 10:27:55,307 [Listener at 127.0.0.1/36545] INFO  handler.ContextHandler (ContextHandler.java:doStop(1154)) - Stopped o.e.j.s.ServletContextHandler@49bcf2e6{logs,/logs,file:///github/workspace/mnt/ozone/hadoop-ozone/integration-test/target/log,STOPPED}
2021-02-04 10:27:55,315 [Listener at 127.0.0.1/36545] WARN  impl.MetricsConfig (MetricsConfig.java:loadFirst(136)) - Cannot locate configuration: tried hadoop-metrics2-hddsdatanode.properties,hadoop-metrics2.properties
2021-02-04 10:27:55,327 [Listener at 127.0.0.1/36545] INFO  impl.MetricsSystemImpl (MetricsSystemImpl.java:startTimer(378)) - Scheduled Metric snapshot period at 10 second(s).
2021-02-04 10:27:55,327 [Listener at 127.0.0.1/36545] INFO  impl.MetricsSystemImpl (MetricsSystemImpl.java:start(191)) - HddsDatanode metrics system started
2021-02-04 10:27:55,368 [Listener at 127.0.0.1/36545] INFO  impl.MetricsSinkAdapter (MetricsSinkAdapter.java:start(204)) - Sink prometheus started
2021-02-04 10:27:55,369 [Listener at 127.0.0.1/36545] INFO  impl.MetricsSystemImpl (MetricsSystemImpl.java:registerSink(305)) - Registered sink prometheus
2021-02-04 10:27:55,434 [Listener at 127.0.0.1/36545] INFO  ozone.HddsDatanodeService (HddsDatanodeService.java:start(215)) - HddsDatanodeService host:379c1a9ecaae ip:172.17.0.2
2021-02-04 10:27:55,440 [Listener at 127.0.0.1/36545] INFO  volume.HddsVolume (HddsVolume.java:<init>(176)) - Creating Volume: /github/workspace/mnt/ozone/hadoop-ozone/integration-test/target/test-dir/MiniOzoneClusterImpl-8a71bc08-f84f-4acb-943b-12476b4f0d69/datanode-0/data-0/containers/hdds of storage type : DISK and capacity : 9223372036854775807
2021-02-04 10:27:55,440 [Listener at 127.0.0.1/36545] INFO  volume.MutableVolumeSet (MutableVolumeSet.java:initializeVolumeSet(179)) - Added Volume : /github/workspace/mnt/ozone/hadoop-ozone/integration-test/target/test-dir/MiniOzoneClusterImpl-8a71bc08-f84f-4acb-943b-12476b4f0d69/datanode-0/data-0/containers/hdds to VolumeSet
2021-02-04 10:27:55,440 [Listener at 127.0.0.1/36545] INFO  volume.ThrottledAsyncChecker (ThrottledAsyncChecker.java:schedule(141)) - Scheduling a check for /github/workspace/mnt/ozone/hadoop-ozone/integration-test/target/test-dir/MiniOzoneClusterImpl-8a71bc08-f84f-4acb-943b-12476b4f0d69/datanode-0/data-0/containers/hdds
2021-02-04 10:27:55,451 [Listener at 127.0.0.1/36545] INFO  volume.HddsVolumeChecker (HddsVolumeChecker.java:checkAllVolumes(200)) - Scheduled health check for volume /github/workspace/mnt/ozone/hadoop-ozone/integration-test/target/test-dir/MiniOzoneClusterImpl-8a71bc08-f84f-4acb-943b-12476b4f0d69/datanode-0/data-0/containers/hdds
2021-02-04 10:27:55,483 [Thread-703] INFO  ozoneimpl.ContainerReader (ContainerReader.java:readVolume(123)) - Start to verify containers on volume /github/workspace/mnt/ozone/hadoop-ozone/integration-test/target/test-dir/MiniOzoneClusterImpl-8a71bc08-f84f-4acb-943b-12476b4f0d69/datanode-0/data-0/containers/hdds
2021-02-04 10:27:55,483 [Thread-703] INFO  ozoneimpl.ContainerReader (ContainerReader.java:readVolume(148)) - Finish verifying containers on volume /github/workspace/mnt/ozone/hadoop-ozone/integration-test/target/test-dir/MiniOzoneClusterImpl-8a71bc08-f84f-4acb-943b-12476b4f0d69/datanode-0/data-0/containers/hdds
2021-02-04 10:27:55,484 [Listener at 127.0.0.1/36545] INFO  ozoneimpl.OzoneContainer (OzoneContainer.java:buildContainerSet(206)) - Build ContainerSet costs 0s
2021-02-04 10:27:55,486 [Listener at 127.0.0.1/36545] INFO  server.RaftServer (ConfUtils.java:logGet(44)) - raft.rpc.type = GRPC (default)
2021-02-04 10:27:55,486 [Listener at 127.0.0.1/36545] INFO  grpc.GrpcFactory (GrpcFactory.java:checkPooledByteBufAllocatorUseCacheForAllThreads(48)) - PERFORMANCE WARNING: useCacheForAllThreads is true that may cause Netty to create a lot garbage objects and, as a result, trigger GC.
	It is recommended to disable useCacheForAllThreads by setting -Dorg.apache.ratis.thirdparty.io.netty.allocator.useCacheForAllThreads=false in command line.
2021-02-04 10:27:55,486 [Listener at 127.0.0.1/36545] INFO  grpc.GrpcConfigKeys (ConfUtils.java:logGet(44)) - raft.grpc.admin.port = -1 (default)
2021-02-04 10:27:55,486 [Listener at 127.0.0.1/36545] INFO  grpc.GrpcConfigKeys (ConfUtils.java:logGet(44)) - raft.grpc.server.port = 43707 (custom)
2021-02-04 10:27:55,486 [Listener at 127.0.0.1/36545] INFO  grpc.GrpcConfigKeys (ConfUtils.java:logGet(44)) - raft.grpc.client.port = -1 (default)
2021-02-04 10:27:55,486 [Listener at 127.0.0.1/36545] INFO  grpc.GrpcConfigKeys (ConfUtils.java:logGet(44)) - raft.grpc.server.port = 43707 (custom)
2021-02-04 10:27:55,486 [Listener at 127.0.0.1/36545] INFO  grpc.GrpcConfigKeys (ConfUtils.java:logGet(44)) - raft.grpc.server.port = 43707 (custom)
2021-02-04 10:27:55,486 [Listener at 127.0.0.1/36545] INFO  server.GrpcService (ConfUtils.java:logGet(44)) - raft.grpc.message.size.max = 32MB (=33554432) (custom)
2021-02-04 10:27:55,487 [Listener at 127.0.0.1/36545] INFO  server.RaftServerConfigKeys (ConfUtils.java:logGet(44)) - raft.server.log.appender.buffer.byte-limit = 33554432 (custom)
2021-02-04 10:27:55,487 [Listener at 127.0.0.1/36545] INFO  server.GrpcService (ConfUtils.java:logGet(44)) - raft.grpc.flow.control.window = 5MB (=5242880) (custom)
2021-02-04 10:27:55,487 [Listener at 127.0.0.1/36545] INFO  server.RaftServerConfigKeys (ConfUtils.java:logGet(44)) - raft.server.rpc.request.timeout = 60s (custom)
2021-02-04 10:27:55,491 [Listener at 127.0.0.1/36545] INFO  impl.DataStreamServerImpl (ConfUtils.java:logGet(44)) - raft.datastream.type = DISABLED (default)
2021-02-04 10:27:55,491 [Listener at 127.0.0.1/36545] INFO  server.RaftServerConfigKeys (ConfUtils.java:logGet(44)) - raft.server.rpc.slowness.timeout = 300s (custom)
2021-02-04 10:27:55,492 [Listener at 127.0.0.1/36545] INFO  server.RaftServerConfigKeys (ConfUtils.java:logGet(44)) - raft.server.leaderelection.leader.step-down.wait-time = 10s (default)
2021-02-04 10:27:55,492 [Listener at 127.0.0.1/36545] INFO  server.RaftServerConfigKeys (ConfUtils.java:logGet(44)) - raft.server.storage.dir = [/github/workspace/mnt/ozone/hadoop-ozone/integration-test/target/test-dir/MiniOzoneClusterImpl-8a71bc08-f84f-4acb-943b-12476b4f0d69/datanode-0/data/ratis] (custom)
2021-02-04 10:27:55,492 [Listener at 127.0.0.1/36545] INFO  server.RaftServer (RaftServerProxy.java:lambda$initGroups$1(235)) - 2f878777-950a-4a0a-bcd5-5efd0c9eb4b8: found a subdirectory /github/workspace/mnt/ozone/hadoop-ozone/integration-test/target/test-dir/MiniOzoneClusterImpl-8a71bc08-f84f-4acb-943b-12476b4f0d69/datanode-0/data/ratis/d2132eb6-bd19-4383-9e4e-45e52e19aa98
2021-02-04 10:27:55,493 [Listener at 127.0.0.1/36545] INFO  server.RaftServer (RaftServerProxy.java:addNew(95)) - 2f878777-950a-4a0a-bcd5-5efd0c9eb4b8: addNew group-45E52E19AA98:[] returns group-45E52E19AA98:java.util.concurrent.CompletableFuture@50ebfbd6[Not completed]
2021-02-04 10:27:55,493 [Listener at 127.0.0.1/36545] INFO  server.RaftServer (RaftServerProxy.java:lambda$initGroups$1(235)) - 2f878777-950a-4a0a-bcd5-5efd0c9eb4b8: found a subdirectory /github/workspace/mnt/ozone/hadoop-ozone/integration-test/target/test-dir/MiniOzoneClusterImpl-8a71bc08-f84f-4acb-943b-12476b4f0d69/datanode-0/data/ratis/a2b35f7a-7b1a-444b-aa3a-dcc2209809c3
2021-02-04 10:27:55,493 [Listener at 127.0.0.1/36545] INFO  server.RaftServer (RaftServerProxy.java:addNew(95)) - 2f878777-950a-4a0a-bcd5-5efd0c9eb4b8: addNew group-DCC2209809C3:[] returns group-DCC2209809C3:java.util.concurrent.CompletableFuture@20ad49dc[Not completed]
2021-02-04 10:27:55,496 [pool-207-thread-1] INFO  server.RaftServer$Division (RaftServerImpl.java:<init>(180)) - 2f878777-950a-4a0a-bcd5-5efd0c9eb4b8: new RaftServerImpl for group-45E52E19AA98:[] with ContainerStateMachine:uninitialized
2021-02-04 10:27:55,497 [pool-207-thread-1] INFO  server.RaftServerConfigKeys (ConfUtils.java:logGet(44)) - raft.server.rpc.timeout.min = 5s (custom)
2021-02-04 10:27:55,497 [pool-207-thread-1] INFO  server.RaftServerConfigKeys (ConfUtils.java:logGet(44)) - raft.server.rpc.timeout.max = 5200ms (custom)
2021-02-04 10:27:55,497 [pool-207-thread-1] INFO  server.RaftServerConfigKeys (ConfUtils.java:logGet(44)) - raft.server.rpc.sleep.time = 25ms (default)
2021-02-04 10:27:55,497 [pool-207-thread-1] INFO  server.RaftServerConfigKeys (ConfUtils.java:logGet(44)) - raft.server.rpc.slowness.timeout = 300s (custom)
2021-02-04 10:27:55,497 [pool-207-thread-1] INFO  server.RaftServerConfigKeys (ConfUtils.java:logGet(44)) - raft.server.leaderelection.leader.step-down.wait-time = 10s (default)
2021-02-04 10:27:55,497 [pool-207-thread-1] INFO  server.RaftServerConfigKeys (ConfUtils.java:logGet(44)) - raft.server.sleep.deviation.threshold = 300ms (default)
2021-02-04 10:27:55,497 [pool-207-thread-1] INFO  server.RaftServerConfigKeys (ConfUtils.java:logGet(44)) - raft.server.log.appender.install.snapshot.enabled = false (custom)
2021-02-04 10:27:55,497 [pool-207-thread-1] INFO  server.RaftServer$Division (ServerState.java:<init>(105)) - 2f878777-950a-4a0a-bcd5-5efd0c9eb4b8@group-45E52E19AA98: ConfigurationManager, init=-1: [], old=null, confs=<EMPTY_MAP>
2021-02-04 10:27:55,498 [pool-207-thread-1] INFO  server.RaftServerConfigKeys (ConfUtils.java:logGet(44)) - raft.server.storage.dir = [/github/workspace/mnt/ozone/hadoop-ozone/integration-test/target/test-dir/MiniOzoneClusterImpl-8a71bc08-f84f-4acb-943b-12476b4f0d69/datanode-0/data/ratis] (custom)
2021-02-04 10:27:55,498 [pool-207-thread-1] INFO  server.RaftServerConfigKeys (ConfUtils.java:logGet(44)) - raft.server.log.corruption.policy = EXCEPTION (default)
2021-02-04 10:27:55,500 [Listener at 127.0.0.1/36545] INFO  http.BaseHttpServer (BaseHttpServer.java:newHttpServer2BuilderForOzone(207)) - Starting Web-server for hddsDatanode at: http://0.0.0.0:35997
2021-02-04 10:27:55,500 [Listener at 127.0.0.1/36545] INFO  http.BaseHttpServer (BaseHttpServer.java:<init>(106)) - Hadoop Security Enabled: false Ozone Security Enabled: false Ozone HTTP Security Enabled: false 
2021-02-04 10:27:55,501 [Listener at 127.0.0.1/36545] INFO  server.AuthenticationFilter (AuthenticationFilter.java:constructSecretProvider(240)) - Unable to initialize FileSignerSecretProvider, falling back to use random secrets.
2021-02-04 10:27:55,506 [pool-207-thread-1] INFO  storage.RaftStorageDirectory (RaftStorageDirectoryImpl.java:tryLock(215)) - Lock on /github/workspace/mnt/ozone/hadoop-ozone/integration-test/target/test-dir/MiniOzoneClusterImpl-8a71bc08-f84f-4acb-943b-12476b4f0d69/datanode-0/data/ratis/d2132eb6-bd19-4383-9e4e-45e52e19aa98/in_use.lock acquired by nodename 29583@379c1a9ecaae
2021-02-04 10:27:55,507 [Listener at 127.0.0.1/36545] WARN  http.HttpRequestLog (HttpRequestLog.java:getRequestLog(103)) - Jetty request log can only be enabled using Log4j
2021-02-04 10:27:55,508 [Listener at 127.0.0.1/36545] INFO  http.HttpServer2 (HttpServer2.java:addGlobalFilter(1020)) - Added global filter 'safety' (class=org.apache.hadoop.hdds.server.http.HttpServer2$QuotingInputFilter)
2021-02-04 10:27:55,509 [Listener at 127.0.0.1/36545] INFO  http.HttpServer2 (HttpServer2.java:addFilter(996)) - Added filter static_user_filter (class=org.apache.hadoop.http.lib.StaticUserWebFilter$StaticUserFilter) to context hddsDatanode
2021-02-04 10:27:55,510 [Listener at 127.0.0.1/36545] INFO  http.HttpServer2 (HttpServer2.java:addFilter(1004)) - Added filter static_user_filter (class=org.apache.hadoop.http.lib.StaticUserWebFilter$StaticUserFilter) to context logs
2021-02-04 10:27:55,510 [Listener at 127.0.0.1/36545] INFO  http.HttpServer2 (HttpServer2.java:addFilter(1004)) - Added filter static_user_filter (class=org.apache.hadoop.http.lib.StaticUserWebFilter$StaticUserFilter) to context static
2021-02-04 10:27:55,510 [Listener at 127.0.0.1/36545] INFO  http.HttpServer2 (HttpServer2.java:bindListener(1238)) - Jetty bound to port 35997
2021-02-04 10:27:55,511 [Listener at 127.0.0.1/36545] INFO  server.Server (Server.java:doStart(375)) - jetty-9.4.34.v20201102; built: 2020-11-02T14:15:39.302Z; git: e46af88704a893fc12cb0e3bf46e2c7b48a009e7; jvm 1.8.0_232-b09
2021-02-04 10:27:55,511 [pool-207-thread-1] INFO  storage.RaftStorage (RaftStorageImpl.java:analyzeAndRecoverStorage(103)) - Read RaftStorageMetadata{term=1, votedFor=2f878777-950a-4a0a-bcd5-5efd0c9eb4b8} from /github/workspace/mnt/ozone/hadoop-ozone/integration-test/target/test-dir/MiniOzoneClusterImpl-8a71bc08-f84f-4acb-943b-12476b4f0d69/datanode-0/data/ratis/d2132eb6-bd19-4383-9e4e-45e52e19aa98/current/raft-meta
2021-02-04 10:27:55,563 [Listener at 127.0.0.1/36545] INFO  server.session (DefaultSessionIdManager.java:doStart(334)) - DefaultSessionIdManager workerName=node0
2021-02-04 10:27:55,563 [Listener at 127.0.0.1/36545] INFO  server.session (DefaultSessionIdManager.java:doStart(339)) - No SessionScavenger set, using defaults
2021-02-04 10:27:55,563 [Listener at 127.0.0.1/36545] INFO  server.session (HouseKeeper.java:startScavenging(132)) - node0 Scavenging every 600000ms
2021-02-04 10:27:55,569 [Listener at 127.0.0.1/36545] INFO  handler.ContextHandler (ContextHandler.java:doStart(916)) - Started o.e.j.s.ServletContextHandler@523a4584{logs,/logs,file:///github/workspace/mnt/ozone/hadoop-ozone/integration-test/target/log,AVAILABLE}
2021-02-04 10:27:55,570 [Listener at 127.0.0.1/36545] INFO  handler.ContextHandler (ContextHandler.java:doStart(916)) - Started o.e.j.s.ServletContextHandler@39628ebd{static,/static,jar:file:/home/user/.m2/repository/org/apache/hadoop/hadoop-hdds-container-service/1.1.0-SNAPSHOT/hadoop-hdds-container-service-1.1.0-SNAPSHOT.jar!/webapps/static,AVAILABLE}
2021-02-04 10:27:55,576 [pool-207-thread-1] INFO  ratis.ContainerStateMachine (ContainerStateMachine.java:loadSnapshot(232)) - group-45E52E19AA98: Setting the last applied index to (t:1, i:0)
2021-02-04 10:27:55,582 [pool-207-thread-1] INFO  server.RaftServer$Division (ServerState.java:setRaftConf(373)) - 2f878777-950a-4a0a-bcd5-5efd0c9eb4b8@group-45E52E19AA98: set configuration 0: [2f878777-950a-4a0a-bcd5-5efd0c9eb4b8|rpc:172.17.0.2:43707|admin:|client:|dataStream:|priority:1], old=null
2021-02-04 10:27:55,582 [pool-207-thread-1] INFO  server.RaftServerConfigKeys (ConfUtils.java:logGet(44)) - raft.server.notification.no-leader.timeout = 300s (custom)
2021-02-04 10:27:55,582 [pool-207-thread-1] INFO  server.RaftServerConfigKeys (ConfUtils.java:logGet(44)) - raft.server.log.use.memory = false (default)
2021-02-04 10:27:55,582 [pool-207-thread-1] INFO  server.RaftServerConfigKeys (ConfUtils.java:logGet(44)) - raft.server.log.purge.gap = 1000000 (custom)
2021-02-04 10:27:55,587 [pool-207-thread-1] INFO  server.RaftServerConfigKeys (ConfUtils.java:logGet(44)) - raft.server.log.appender.buffer.byte-limit = 33554432 (custom)
2021-02-04 10:27:55,587 [pool-207-thread-1] INFO  metrics.RatisMetrics (RatisMetrics.java:lambda$create$0(36)) - Creating Metrics Registry : ratis.log_worker.2f878777-950a-4a0a-bcd5-5efd0c9eb4b8@group-45E52E19AA98
2021-02-04 10:27:55,588 [pool-207-thread-1] INFO  server.RaftServerConfigKeys (ConfUtils.java:logGet(44)) - raft.server.log.segment.size.max = 1048576 (custom)
2021-02-04 10:27:55,588 [pool-207-thread-1] INFO  server.RaftServerConfigKeys (ConfUtils.java:logGet(44)) - raft.server.log.segment.cache.num.max = 2 (custom)
2021-02-04 10:27:55,588 [pool-207-thread-1] INFO  server.RaftServerConfigKeys (ConfUtils.java:logGet(44)) - raft.server.log.segment.cache.size.max = 200MB (=209715200) (default)
2021-02-04 10:27:55,588 [pool-207-thread-1] INFO  segmented.SegmentedRaftLogWorker (SegmentedRaftLogWorker.java:<init>(181)) - new 2f878777-950a-4a0a-bcd5-5efd0c9eb4b8@group-45E52E19AA98-SegmentedRaftLogWorker for RaftStorageImpl:Storage Directory /github/workspace/mnt/ozone/hadoop-ozone/integration-test/target/test-dir/MiniOzoneClusterImpl-8a71bc08-f84f-4acb-943b-12476b4f0d69/datanode-0/data/ratis/d2132eb6-bd19-4383-9e4e-45e52e19aa98
2021-02-04 10:27:55,588 [pool-207-thread-1] INFO  server.RaftServerConfigKeys (ConfUtils.java:logGet(44)) - raft.server.log.queue.byte-limit = 2147483647 (custom)
2021-02-04 10:27:55,588 [pool-207-thread-1] INFO  server.RaftServerConfigKeys (ConfUtils.java:logGet(44)) - raft.server.log.queue.element-limit = 1024 (custom)
2021-02-04 10:27:55,588 [pool-207-thread-1] INFO  server.RaftServerConfigKeys (ConfUtils.java:logGet(44)) - raft.server.log.segment.size.max = 1048576 (custom)
2021-02-04 10:27:55,588 [pool-207-thread-1] INFO  server.RaftServerConfigKeys (ConfUtils.java:logGet(44)) - raft.server.log.preallocated.size = 16384 (custom)
2021-02-04 10:27:55,588 [pool-207-thread-1] INFO  server.RaftServerConfigKeys (ConfUtils.java:logGet(44)) - raft.server.log.force.sync.num = 128 (default)
2021-02-04 10:27:55,589 [pool-207-thread-1] INFO  server.RaftServerConfigKeys (ConfUtils.java:logGet(44)) - raft.server.log.statemachine.data.sync = true (default)
2021-02-04 10:27:55,589 [pool-207-thread-1] INFO  server.RaftServerConfigKeys (ConfUtils.java:logGet(44)) - raft.server.log.statemachine.data.sync.timeout = 10s (default)
2021-02-04 10:27:55,589 [pool-207-thread-1] INFO  server.RaftServerConfigKeys (ConfUtils.java:logGet(44)) - raft.server.log.statemachine.data.sync.timeout.retry = -1 (default)
2021-02-04 10:27:55,590 [pool-207-thread-1] INFO  server.RaftServerConfigKeys (ConfUtils.java:logGet(44)) - raft.server.log.write.buffer.size = 1048576 (custom)
2021-02-04 10:27:55,596 [pool-207-thread-1] INFO  server.RaftServerConfigKeys (ConfUtils.java:logGet(44)) - raft.server.log.statemachine.data.caching.enabled = true (custom)
2021-02-04 10:27:55,615 [pool-207-thread-1] INFO  server.RaftServer$Division (ServerState.java:setRaftConf(373)) - 2f878777-950a-4a0a-bcd5-5efd0c9eb4b8@group-45E52E19AA98: set configuration 0: [2f878777-950a-4a0a-bcd5-5efd0c9eb4b8|rpc:172.17.0.2:43707|admin:|client:|dataStream:|priority:1], old=null
2021-02-04 10:27:55,616 [pool-207-thread-1] INFO  segmented.LogSegment (LogSegment.java:loadSegment(172)) - Successfully read 1 entries from segment file /github/workspace/mnt/ozone/hadoop-ozone/integration-test/target/test-dir/MiniOzoneClusterImpl-8a71bc08-f84f-4acb-943b-12476b4f0d69/datanode-0/data/ratis/d2132eb6-bd19-4383-9e4e-45e52e19aa98/current/log_inprogress_0
2021-02-04 10:27:55,616 [pool-207-thread-1] INFO  segmented.SegmentedRaftLogWorker (SegmentedRaftLogWorker.java:lambda$new$0(132)) - 2f878777-950a-4a0a-bcd5-5efd0c9eb4b8@group-45E52E19AA98-SegmentedRaftLogWorker: flushIndex: setUnconditionally 0 -> 0
2021-02-04 10:27:55,616 [pool-207-thread-1] INFO  segmented.SegmentedRaftLogWorker (SegmentedRaftLogWorker.java:lambda$new$0(132)) - 2f878777-950a-4a0a-bcd5-5efd0c9eb4b8@group-45E52E19AA98-SegmentedRaftLogWorker: safeCacheEvictIndex: setUnconditionally 0 -> -1
2021-02-04 10:27:55,635 [pool-207-thread-1] INFO  server.RaftServerConfigKeys (ConfUtils.java:logGet(44)) - raft.server.snapshot.auto.trigger.enabled = true (custom)
2021-02-04 10:27:55,635 [pool-207-thread-1] INFO  server.RaftServerConfigKeys (ConfUtils.java:logGet(44)) - raft.server.snapshot.auto.trigger.threshold = 10000 (custom)
2021-02-04 10:27:55,635 [pool-207-thread-1] INFO  server.RaftServerConfigKeys (ConfUtils.java:logGet(44)) - raft.server.snapshot.retention.file.num = 5 (custom)
2021-02-04 10:27:55,635 [pool-207-thread-1] INFO  server.RaftServerConfigKeys (ConfUtils.java:logGet(44)) - raft.server.log.purge.upto.snapshot.index = false (default)
2021-02-04 10:27:55,636 [pool-207-thread-1] INFO  server.RaftServerConfigKeys (ConfUtils.java:logGet(44)) - raft.server.retrycache.expirytime = 600000ms (custom)
2021-02-04 10:27:55,636 [pool-207-thread-1] INFO  server.RaftServerConfigKeys (ConfUtils.java:logGet(44)) - raft.server.retrycache.statistics.expirytime = 100?s (default)
2021-02-04 10:27:55,636 [pool-207-thread-1] INFO  metrics.RatisMetrics (RatisMetrics.java:lambda$create$0(36)) - Creating Metrics Registry : ratis.leader_election.2f878777-950a-4a0a-bcd5-5efd0c9eb4b8@group-45E52E19AA98
2021-02-04 10:27:55,636 [pool-207-thread-1] INFO  metrics.RatisMetrics (RatisMetrics.java:lambda$create$0(36)) - Creating Metrics Registry : ratis.server.2f878777-950a-4a0a-bcd5-5efd0c9eb4b8@group-45E52E19AA98
2021-02-04 10:27:55,638 [pool-207-thread-1] INFO  server.RaftServer$Division (RaftServerImpl.java:<init>(180)) - 2f878777-950a-4a0a-bcd5-5efd0c9eb4b8: new RaftServerImpl for group-DCC2209809C3:[] with ContainerStateMachine:uninitialized
2021-02-04 10:27:55,638 [pool-207-thread-1] INFO  server.RaftServerConfigKeys (ConfUtils.java:logGet(44)) - raft.server.rpc.timeout.min = 5s (custom)
2021-02-04 10:27:55,638 [pool-207-thread-1] INFO  server.RaftServerConfigKeys (ConfUtils.java:logGet(44)) - raft.server.rpc.timeout.max = 5200ms (custom)
2021-02-04 10:27:55,638 [pool-207-thread-1] INFO  server.RaftServerConfigKeys (ConfUtils.java:logGet(44)) - raft.server.rpc.sleep.time = 25ms (default)
2021-02-04 10:27:55,638 [pool-207-thread-1] INFO  server.RaftServerConfigKeys (ConfUtils.java:logGet(44)) - raft.server.rpc.slowness.timeout = 300s (custom)
2021-02-04 10:27:55,638 [pool-207-thread-1] INFO  server.RaftServerConfigKeys (ConfUtils.java:logGet(44)) - raft.server.leaderelection.leader.step-down.wait-time = 10s (default)
2021-02-04 10:27:55,638 [pool-207-thread-1] INFO  server.RaftServerConfigKeys (ConfUtils.java:logGet(44)) - raft.server.sleep.deviation.threshold = 300ms (default)
2021-02-04 10:27:55,638 [pool-207-thread-1] INFO  server.RaftServerConfigKeys (ConfUtils.java:logGet(44)) - raft.server.log.appender.install.snapshot.enabled = false (custom)
2021-02-04 10:27:55,638 [pool-207-thread-1] INFO  server.RaftServer$Division (ServerState.java:<init>(105)) - 2f878777-950a-4a0a-bcd5-5efd0c9eb4b8@group-DCC2209809C3: ConfigurationManager, init=-1: [], old=null, confs=<EMPTY_MAP>
2021-02-04 10:27:55,638 [pool-207-thread-1] INFO  server.RaftServerConfigKeys (ConfUtils.java:logGet(44)) - raft.server.storage.dir = [/github/workspace/mnt/ozone/hadoop-ozone/integration-test/target/test-dir/MiniOzoneClusterImpl-8a71bc08-f84f-4acb-943b-12476b4f0d69/datanode-0/data/ratis] (custom)
2021-02-04 10:27:55,638 [pool-207-thread-1] INFO  server.RaftServerConfigKeys (ConfUtils.java:logGet(44)) - raft.server.log.corruption.policy = EXCEPTION (default)
2021-02-04 10:27:55,643 [pool-207-thread-1] INFO  storage.RaftStorageDirectory (RaftStorageDirectoryImpl.java:tryLock(215)) - Lock on /github/workspace/mnt/ozone/hadoop-ozone/integration-test/target/test-dir/MiniOzoneClusterImpl-8a71bc08-f84f-4acb-943b-12476b4f0d69/datanode-0/data/ratis/a2b35f7a-7b1a-444b-aa3a-dcc2209809c3/in_use.lock acquired by nodename 29583@379c1a9ecaae
2021-02-04 10:27:55,643 [pool-207-thread-1] INFO  storage.RaftStorage (RaftStorageImpl.java:analyzeAndRecoverStorage(103)) - Read RaftStorageMetadata{term=15, votedFor=c2078e43-4e37-4d9c-99b0-bc0ef86d7b58} from /github/workspace/mnt/ozone/hadoop-ozone/integration-test/target/test-dir/MiniOzoneClusterImpl-8a71bc08-f84f-4acb-943b-12476b4f0d69/datanode-0/data/ratis/a2b35f7a-7b1a-444b-aa3a-dcc2209809c3/current/raft-meta
2021-02-04 10:27:55,644 [pool-207-thread-1] INFO  ratis.ContainerStateMachine (ContainerStateMachine.java:loadSnapshot(232)) - group-DCC2209809C3: Setting the last applied index to (t:15, i:0)
2021-02-04 10:27:55,644 [pool-207-thread-1] INFO  server.RaftServer$Division (ServerState.java:setRaftConf(373)) - 2f878777-950a-4a0a-bcd5-5efd0c9eb4b8@group-DCC2209809C3: set configuration 0: [fdb3e943-d8be-440f-921f-162f76ce2c35|rpc:172.17.0.2:42057|admin:|client:|dataStream:|priority:0, c2078e43-4e37-4d9c-99b0-bc0ef86d7b58|rpc:172.17.0.2:41803|admin:|client:|dataStream:|priority:1, 2f878777-950a-4a0a-bcd5-5efd0c9eb4b8|rpc:172.17.0.2:43707|admin:|client:|dataStream:|priority:0], old=null
2021-02-04 10:27:55,644 [pool-207-thread-1] INFO  server.RaftServerConfigKeys (ConfUtils.java:logGet(44)) - raft.server.notification.no-leader.timeout = 300s (custom)
2021-02-04 10:27:55,644 [pool-207-thread-1] INFO  server.RaftServerConfigKeys (ConfUtils.java:logGet(44)) - raft.server.log.use.memory = false (default)
2021-02-04 10:27:55,644 [pool-207-thread-1] INFO  server.RaftServerConfigKeys (ConfUtils.java:logGet(44)) - raft.server.log.purge.gap = 1000000 (custom)
2021-02-04 10:27:55,644 [pool-207-thread-1] INFO  server.RaftServerConfigKeys (ConfUtils.java:logGet(44)) - raft.server.log.appender.buffer.byte-limit = 33554432 (custom)
2021-02-04 10:27:55,644 [pool-207-thread-1] INFO  metrics.RatisMetrics (RatisMetrics.java:lambda$create$0(36)) - Creating Metrics Registry : ratis.log_worker.2f878777-950a-4a0a-bcd5-5efd0c9eb4b8@group-DCC2209809C3
2021-02-04 10:27:55,645 [pool-207-thread-1] INFO  server.RaftServerConfigKeys (ConfUtils.java:logGet(44)) - raft.server.log.segment.size.max = 1048576 (custom)
2021-02-04 10:27:55,645 [pool-207-thread-1] INFO  server.RaftServerConfigKeys (ConfUtils.java:logGet(44)) - raft.server.log.segment.cache.num.max = 2 (custom)
2021-02-04 10:27:55,645 [pool-207-thread-1] INFO  server.RaftServerConfigKeys (ConfUtils.java:logGet(44)) - raft.server.log.segment.cache.size.max = 200MB (=209715200) (default)
2021-02-04 10:27:55,645 [pool-207-thread-1] INFO  segmented.SegmentedRaftLogWorker (SegmentedRaftLogWorker.java:<init>(181)) - new 2f878777-950a-4a0a-bcd5-5efd0c9eb4b8@group-DCC2209809C3-SegmentedRaftLogWorker for RaftStorageImpl:Storage Directory /github/workspace/mnt/ozone/hadoop-ozone/integration-test/target/test-dir/MiniOzoneClusterImpl-8a71bc08-f84f-4acb-943b-12476b4f0d69/datanode-0/data/ratis/a2b35f7a-7b1a-444b-aa3a-dcc2209809c3
2021-02-04 10:27:55,645 [pool-207-thread-1] INFO  server.RaftServerConfigKeys (ConfUtils.java:logGet(44)) - raft.server.log.queue.byte-limit = 2147483647 (custom)
2021-02-04 10:27:55,645 [pool-207-thread-1] INFO  server.RaftServerConfigKeys (ConfUtils.java:logGet(44)) - raft.server.log.queue.element-limit = 1024 (custom)
2021-02-04 10:27:55,645 [pool-207-thread-1] INFO  server.RaftServerConfigKeys (ConfUtils.java:logGet(44)) - raft.server.log.segment.size.max = 1048576 (custom)
2021-02-04 10:27:55,646 [pool-207-thread-1] INFO  server.RaftServerConfigKeys (ConfUtils.java:logGet(44)) - raft.server.log.preallocated.size = 16384 (custom)
2021-02-04 10:27:55,646 [pool-207-thread-1] INFO  server.RaftServerConfigKeys (ConfUtils.java:logGet(44)) - raft.server.log.force.sync.num = 128 (default)
2021-02-04 10:27:55,646 [pool-207-thread-1] INFO  server.RaftServerConfigKeys (ConfUtils.java:logGet(44)) - raft.server.log.statemachine.data.sync = true (default)
2021-02-04 10:27:55,646 [pool-207-thread-1] INFO  server.RaftServerConfigKeys (ConfUtils.java:logGet(44)) - raft.server.log.statemachine.data.sync.timeout = 10s (default)
2021-02-04 10:27:55,646 [pool-207-thread-1] INFO  server.RaftServerConfigKeys (ConfUtils.java:logGet(44)) - raft.server.log.statemachine.data.sync.timeout.retry = -1 (default)
2021-02-04 10:27:55,647 [pool-207-thread-1] INFO  server.RaftServerConfigKeys (ConfUtils.java:logGet(44)) - raft.server.log.write.buffer.size = 1048576 (custom)
2021-02-04 10:27:55,652 [pool-207-thread-1] INFO  server.RaftServerConfigKeys (ConfUtils.java:logGet(44)) - raft.server.log.statemachine.data.caching.enabled = true (custom)
2021-02-04 10:27:55,653 [pool-207-thread-1] INFO  server.RaftServer$Division (ServerState.java:setRaftConf(373)) - 2f878777-950a-4a0a-bcd5-5efd0c9eb4b8@group-DCC2209809C3: set configuration 0: [fdb3e943-d8be-440f-921f-162f76ce2c35|rpc:172.17.0.2:42057|admin:|client:|dataStream:|priority:0, c2078e43-4e37-4d9c-99b0-bc0ef86d7b58|rpc:172.17.0.2:41803|admin:|client:|dataStream:|priority:1, 2f878777-950a-4a0a-bcd5-5efd0c9eb4b8|rpc:172.17.0.2:43707|admin:|client:|dataStream:|priority:0], old=null
2021-02-04 10:27:55,653 [pool-207-thread-1] INFO  segmented.LogSegment (LogSegment.java:loadSegment(172)) - Successfully read 1 entries from segment file /github/workspace/mnt/ozone/hadoop-ozone/integration-test/target/test-dir/MiniOzoneClusterImpl-8a71bc08-f84f-4acb-943b-12476b4f0d69/datanode-0/data/ratis/a2b35f7a-7b1a-444b-aa3a-dcc2209809c3/current/log_inprogress_0
2021-02-04 10:27:55,653 [pool-207-thread-1] INFO  segmented.SegmentedRaftLogWorker (SegmentedRaftLogWorker.java:lambda$new$0(132)) - 2f878777-950a-4a0a-bcd5-5efd0c9eb4b8@group-DCC2209809C3-SegmentedRaftLogWorker: flushIndex: setUnconditionally 0 -> 0
2021-02-04 10:27:55,653 [pool-207-thread-1] INFO  segmented.SegmentedRaftLogWorker (SegmentedRaftLogWorker.java:lambda$new$0(132)) - 2f878777-950a-4a0a-bcd5-5efd0c9eb4b8@group-DCC2209809C3-SegmentedRaftLogWorker: safeCacheEvictIndex: setUnconditionally 0 -> -1
2021-02-04 10:27:55,662 [pool-207-thread-1] INFO  server.RaftServerConfigKeys (ConfUtils.java:logGet(44)) - raft.server.snapshot.auto.trigger.enabled = true (custom)
2021-02-04 10:27:55,662 [pool-207-thread-1] INFO  server.RaftServerConfigKeys (ConfUtils.java:logGet(44)) - raft.server.snapshot.auto.trigger.threshold = 10000 (custom)
2021-02-04 10:27:55,662 [pool-207-thread-1] INFO  server.RaftServerConfigKeys (ConfUtils.java:logGet(44)) - raft.server.snapshot.retention.file.num = 5 (custom)
2021-02-04 10:27:55,662 [pool-207-thread-1] INFO  server.RaftServerConfigKeys (ConfUtils.java:logGet(44)) - raft.server.log.purge.upto.snapshot.index = false (default)
2021-02-04 10:27:55,663 [pool-207-thread-1] INFO  server.RaftServerConfigKeys (ConfUtils.java:logGet(44)) - raft.server.retrycache.expirytime = 600000ms (custom)
2021-02-04 10:27:55,663 [pool-207-thread-1] INFO  server.RaftServerConfigKeys (ConfUtils.java:logGet(44)) - raft.server.retrycache.statistics.expirytime = 100?s (default)
2021-02-04 10:27:55,663 [pool-207-thread-1] INFO  metrics.RatisMetrics (RatisMetrics.java:lambda$create$0(36)) - Creating Metrics Registry : ratis.leader_election.2f878777-950a-4a0a-bcd5-5efd0c9eb4b8@group-DCC2209809C3
2021-02-04 10:27:55,663 [pool-207-thread-1] INFO  metrics.RatisMetrics (RatisMetrics.java:lambda$create$0(36)) - Creating Metrics Registry : ratis.server.2f878777-950a-4a0a-bcd5-5efd0c9eb4b8@group-DCC2209809C3
2021-02-04 10:27:55,766 [Listener at 127.0.0.1/36545] INFO  handler.ContextHandler (ContextHandler.java:doStart(916)) - Started o.e.j.w.WebAppContext@5d38679c{hddsDatanode,/,file:///tmp/jetty-0_0_0_0-35997-hadoop-hdds-container-service-1_1_0-SNAPSHOT_jar-_-any-8429811882990930031/webapp/,AVAILABLE}{jar:file:/home/user/.m2/repository/org/apache/hadoop/hadoop-hdds-container-service/1.1.0-SNAPSHOT/hadoop-hdds-container-service-1.1.0-SNAPSHOT.jar!/webapps/hddsDatanode}
2021-02-04 10:27:55,771 [Listener at 127.0.0.1/36545] INFO  server.AbstractConnector (AbstractConnector.java:doStart(331)) - Started ServerConnector@306d8e7a{HTTP/1.1, (http/1.1)}{0.0.0.0:35997}
2021-02-04 10:27:55,772 [Listener at 127.0.0.1/36545] INFO  server.Server (Server.java:doStart(415)) - Started @131516ms
2021-02-04 10:27:55,772 [Listener at 127.0.0.1/36545] WARN  impl.MetricsSystemImpl (MetricsSystemImpl.java:register(279)) - Sink prometheus already exists!
2021-02-04 10:27:55,775 [Listener at 127.0.0.1/36545] INFO  http.BaseHttpServer (BaseHttpServer.java:updateConnectorAddress(327)) - HTTP server of hddsDatanode listening at http://0.0.0.0:35997
2021-02-04 10:27:55,781 [org.apache.hadoop.util.JvmPauseMonitor$Monitor@477466a2] INFO  util.JvmPauseMonitor (JvmPauseMonitor.java:run(188)) - Starting JVM pause monitor
2021-02-04 10:27:56,161 [Datanode State Machine Thread - 0] ERROR datanode.RunningDatanodeState (RunningDatanodeState.java:computeNextContainerState(199)) - Error in executing end point task.
java.util.concurrent.ExecutionException: java.util.concurrent.TimeoutException
	at java.util.concurrent.FutureTask.report(FutureTask.java:122)
	at java.util.concurrent.FutureTask.get(FutureTask.java:192)
	at org.apache.hadoop.ozone.container.common.states.datanode.RunningDatanodeState.computeNextContainerState(RunningDatanodeState.java:191)
	at org.apache.hadoop.ozone.container.common.states.datanode.RunningDatanodeState.await(RunningDatanodeState.java:231)
	at org.apache.hadoop.ozone.container.common.states.datanode.RunningDatanodeState.await(RunningDatanodeState.java:50)
	at org.apache.hadoop.ozone.container.common.statemachine.StateContext.execute(StateContext.java:540)
	at org.apache.hadoop.ozone.container.common.statemachine.DatanodeStateMachine.start(DatanodeStateMachine.java:234)
	at org.apache.hadoop.ozone.container.common.statemachine.DatanodeStateMachine.lambda$startDaemon$0(DatanodeStateMachine.java:411)
	at java.lang.Thread.run(Thread.java:748)
Caused by: java.util.concurrent.TimeoutException
	at java.util.concurrent.FutureTask.get(FutureTask.java:205)
	at org.apache.hadoop.ozone.container.common.states.datanode.RunningDatanodeState.lambda$execute$0(RunningDatanodeState.java:149)
	at java.util.concurrent.FutureTask.run(FutureTask.java:266)
	at java.util.concurrent.Executors$RunnableAdapter.call(Executors.java:511)
	at java.util.concurrent.FutureTask.run(FutureTask.java:266)
	at java.util.concurrent.ThreadPoolExecutor.runWorker(ThreadPoolExecutor.java:1149)
	at java.util.concurrent.ThreadPoolExecutor$Worker.run(ThreadPoolExecutor.java:624)
	... 1 more
2021-02-04 10:27:56,167 [EndpointStateMachine task thread for /0.0.0.0:40683 - 0 ] INFO  ipc.Client (Client.java:handleConnectionFailure(966)) - Retrying connect to server: 0.0.0.0/0.0.0.0:40683. Already tried 4 time(s); retry policy is RetryUpToMaximumCountWithFixedSleep(maxRetries=15, sleepTime=1000 MILLISECONDS)
2021-02-04 10:27:57,168 [EndpointStateMachine task thread for /0.0.0.0:40683 - 0 ] INFO  ipc.Client (Client.java:handleConnectionFailure(966)) - Retrying connect to server: 0.0.0.0/0.0.0.0:40683. Already tried 5 time(s); retry policy is RetryUpToMaximumCountWithFixedSleep(maxRetries=15, sleepTime=1000 MILLISECONDS)
2021-02-04 10:27:57,698 [grpc-default-executor-3] WARN  server.GrpcLogAppender (LogUtils.java:warn(122)) - c2078e43-4e37-4d9c-99b0-bc0ef86d7b58@group-DCC2209809C3->2f878777-950a-4a0a-bcd5-5efd0c9eb4b8-AppendLogResponseHandler: Failed appendEntries: org.apache.ratis.thirdparty.io.grpc.StatusRuntimeException: UNAVAILABLE: io exception
2021-02-04 10:27:57,698 [grpc-default-executor-3] WARN  server.GrpcLogAppender (GrpcLogAppender.java:resetClient(111)) - c2078e43-4e37-4d9c-99b0-bc0ef86d7b58@group-DCC2209809C3->2f878777-950a-4a0a-bcd5-5efd0c9eb4b8-GrpcLogAppender: Leader has not got in touch with Follower c2078e43-4e37-4d9c-99b0-bc0ef86d7b58@group-DCC2209809C3->2f878777-950a-4a0a-bcd5-5efd0c9eb4b8(c0,m0,n1, attendVote=true, lastRpcSendTime=1, lastRpcResponseTime=2503) yet, just keep nextIndex unchanged and retry.
2021-02-04 10:27:58,168 [EndpointStateMachine task thread for /0.0.0.0:40683 - 0 ] INFO  ipc.Client (Client.java:handleConnectionFailure(966)) - Retrying connect to server: 0.0.0.0/0.0.0.0:40683. Already tried 6 time(s); retry policy is RetryUpToMaximumCountWithFixedSleep(maxRetries=15, sleepTime=1000 MILLISECONDS)
2021-02-04 10:27:58,363 [Datanode State Machine Thread - 0] ERROR datanode.RunningDatanodeState (RunningDatanodeState.java:computeNextContainerState(199)) - Error in executing end point task.
java.util.concurrent.ExecutionException: java.util.concurrent.TimeoutException
	at java.util.concurrent.FutureTask.report(FutureTask.java:122)
	at java.util.concurrent.FutureTask.get(FutureTask.java:192)
	at org.apache.hadoop.ozone.container.common.states.datanode.RunningDatanodeState.computeNextContainerState(RunningDatanodeState.java:191)
	at org.apache.hadoop.ozone.container.common.states.datanode.RunningDatanodeState.await(RunningDatanodeState.java:231)
	at org.apache.hadoop.ozone.container.common.states.datanode.RunningDatanodeState.await(RunningDatanodeState.java:50)
	at org.apache.hadoop.ozone.container.common.statemachine.StateContext.execute(StateContext.java:540)
	at org.apache.hadoop.ozone.container.common.statemachine.DatanodeStateMachine.start(DatanodeStateMachine.java:234)
	at org.apache.hadoop.ozone.container.common.statemachine.DatanodeStateMachine.lambda$startDaemon$0(DatanodeStateMachine.java:411)
	at java.lang.Thread.run(Thread.java:748)
Caused by: java.util.concurrent.TimeoutException
	at java.util.concurrent.FutureTask.get(FutureTask.java:205)
	at org.apache.hadoop.ozone.container.common.states.datanode.RunningDatanodeState.lambda$execute$0(RunningDatanodeState.java:149)
	at java.util.concurrent.FutureTask.run(FutureTask.java:266)
	at java.util.concurrent.Executors$RunnableAdapter.call(Executors.java:511)
	at java.util.concurrent.FutureTask.run(FutureTask.java:266)
	at java.util.concurrent.ThreadPoolExecutor.runWorker(ThreadPoolExecutor.java:1149)
	at java.util.concurrent.ThreadPoolExecutor$Worker.run(ThreadPoolExecutor.java:624)
	... 1 more
2021-02-04 10:27:59,169 [EndpointStateMachine task thread for /0.0.0.0:40683 - 0 ] INFO  ipc.Client (Client.java:handleConnectionFailure(966)) - Retrying connect to server: 0.0.0.0/0.0.0.0:40683. Already tried 7 time(s); retry policy is RetryUpToMaximumCountWithFixedSleep(maxRetries=15, sleepTime=1000 MILLISECONDS)
2021-02-04 10:28:00,170 [EndpointStateMachine task thread for /0.0.0.0:40683 - 0 ] INFO  ipc.Client (Client.java:handleConnectionFailure(966)) - Retrying connect to server: 0.0.0.0/0.0.0.0:40683. Already tried 8 time(s); retry policy is RetryUpToMaximumCountWithFixedSleep(maxRetries=15, sleepTime=1000 MILLISECONDS)
2021-02-04 10:28:00,198 [grpc-default-executor-3] WARN  server.GrpcLogAppender (LogUtils.java:warn(122)) - c2078e43-4e37-4d9c-99b0-bc0ef86d7b58@group-DCC2209809C3->2f878777-950a-4a0a-bcd5-5efd0c9eb4b8-AppendLogResponseHandler: Failed appendEntries: org.apache.ratis.thirdparty.io.grpc.StatusRuntimeException: UNAVAILABLE: io exception
2021-02-04 10:28:00,199 [grpc-default-executor-3] WARN  server.GrpcLogAppender (GrpcLogAppender.java:resetClient(111)) - c2078e43-4e37-4d9c-99b0-bc0ef86d7b58@group-DCC2209809C3->2f878777-950a-4a0a-bcd5-5efd0c9eb4b8-GrpcLogAppender: Leader has not got in touch with Follower c2078e43-4e37-4d9c-99b0-bc0ef86d7b58@group-DCC2209809C3->2f878777-950a-4a0a-bcd5-5efd0c9eb4b8(c0,m0,n1, attendVote=true, lastRpcSendTime=2501, lastRpcResponseTime=5003) yet, just keep nextIndex unchanged and retry.
2021-02-04 10:28:00,367 [Datanode State Machine Thread - 0] ERROR datanode.RunningDatanodeState (RunningDatanodeState.java:computeNextContainerState(199)) - Error in executing end point task.
java.util.concurrent.ExecutionException: java.util.concurrent.TimeoutException
	at java.util.concurrent.FutureTask.report(FutureTask.java:122)
	at java.util.concurrent.FutureTask.get(FutureTask.java:192)
	at org.apache.hadoop.ozone.container.common.states.datanode.RunningDatanodeState.computeNextContainerState(RunningDatanodeState.java:191)
	at org.apache.hadoop.ozone.container.common.states.datanode.RunningDatanodeState.await(RunningDatanodeState.java:231)
	at org.apache.hadoop.ozone.container.common.states.datanode.RunningDatanodeState.await(RunningDatanodeState.java:50)
	at org.apache.hadoop.ozone.container.common.statemachine.StateContext.execute(StateContext.java:540)
	at org.apache.hadoop.ozone.container.common.statemachine.DatanodeStateMachine.start(DatanodeStateMachine.java:234)
	at org.apache.hadoop.ozone.container.common.statemachine.DatanodeStateMachine.lambda$startDaemon$0(DatanodeStateMachine.java:411)
	at java.lang.Thread.run(Thread.java:748)
Caused by: java.util.concurrent.TimeoutException
	at java.util.concurrent.FutureTask.get(FutureTask.java:205)
	at org.apache.hadoop.ozone.container.common.states.datanode.RunningDatanodeState.lambda$execute$0(RunningDatanodeState.java:149)
	at java.util.concurrent.FutureTask.run(FutureTask.java:266)
	at java.util.concurrent.Executors$RunnableAdapter.call(Executors.java:511)
	at java.util.concurrent.FutureTask.run(FutureTask.java:266)
	at java.util.concurrent.ThreadPoolExecutor.runWorker(ThreadPoolExecutor.java:1149)
	at java.util.concurrent.ThreadPoolExecutor$Worker.run(ThreadPoolExecutor.java:624)
	... 1 more
2021-02-04 10:28:01,171 [EndpointStateMachine task thread for /0.0.0.0:40683 - 0 ] INFO  ipc.Client (Client.java:handleConnectionFailure(966)) - Retrying connect to server: 0.0.0.0/0.0.0.0:40683. Already tried 9 time(s); retry policy is RetryUpToMaximumCountWithFixedSleep(maxRetries=15, sleepTime=1000 MILLISECONDS)
2021-02-04 10:28:02,172 [EndpointStateMachine task thread for /0.0.0.0:40683 - 0 ] INFO  ipc.Client (Client.java:handleConnectionFailure(966)) - Retrying connect to server: 0.0.0.0/0.0.0.0:40683. Already tried 10 time(s); retry policy is RetryUpToMaximumCountWithFixedSleep(maxRetries=15, sleepTime=1000 MILLISECONDS)
2021-02-04 10:28:02,378 [Datanode State Machine Thread - 0] ERROR datanode.RunningDatanodeState (RunningDatanodeState.java:computeNextContainerState(199)) - Error in executing end point task.
java.util.concurrent.ExecutionException: java.util.concurrent.TimeoutException
	at java.util.concurrent.FutureTask.report(FutureTask.java:122)
	at java.util.concurrent.FutureTask.get(FutureTask.java:192)
	at org.apache.hadoop.ozone.container.common.states.datanode.RunningDatanodeState.computeNextContainerState(RunningDatanodeState.java:191)
	at org.apache.hadoop.ozone.container.common.states.datanode.RunningDatanodeState.await(RunningDatanodeState.java:231)
	at org.apache.hadoop.ozone.container.common.states.datanode.RunningDatanodeState.await(RunningDatanodeState.java:50)
	at org.apache.hadoop.ozone.container.common.statemachine.StateContext.execute(StateContext.java:540)
	at org.apache.hadoop.ozone.container.common.statemachine.DatanodeStateMachine.start(DatanodeStateMachine.java:234)
	at org.apache.hadoop.ozone.container.common.statemachine.DatanodeStateMachine.lambda$startDaemon$0(DatanodeStateMachine.java:411)
	at java.lang.Thread.run(Thread.java:748)
Caused by: java.util.concurrent.TimeoutException
	at java.util.concurrent.FutureTask.get(FutureTask.java:205)
	at org.apache.hadoop.ozone.container.common.states.datanode.RunningDatanodeState.lambda$execute$0(RunningDatanodeState.java:149)
	at java.util.concurrent.FutureTask.run(FutureTask.java:266)
	at java.util.concurrent.Executors$RunnableAdapter.call(Executors.java:511)
	at java.util.concurrent.FutureTask.run(FutureTask.java:266)
	at java.util.concurrent.ThreadPoolExecutor.runWorker(ThreadPoolExecutor.java:1149)
	at java.util.concurrent.ThreadPoolExecutor$Worker.run(ThreadPoolExecutor.java:624)
	... 1 more
2021-02-04 10:28:02,699 [grpc-default-executor-3] WARN  server.GrpcLogAppender (LogUtils.java:warn(122)) - c2078e43-4e37-4d9c-99b0-bc0ef86d7b58@group-DCC2209809C3->2f878777-950a-4a0a-bcd5-5efd0c9eb4b8-AppendLogResponseHandler: Failed appendEntries: org.apache.ratis.thirdparty.io.grpc.StatusRuntimeException: UNAVAILABLE: io exception
2021-02-04 10:28:02,700 [grpc-default-executor-3] WARN  server.GrpcLogAppender (GrpcLogAppender.java:resetClient(111)) - c2078e43-4e37-4d9c-99b0-bc0ef86d7b58@group-DCC2209809C3->2f878777-950a-4a0a-bcd5-5efd0c9eb4b8-GrpcLogAppender: Leader has not got in touch with Follower c2078e43-4e37-4d9c-99b0-bc0ef86d7b58@group-DCC2209809C3->2f878777-950a-4a0a-bcd5-5efd0c9eb4b8(c0,m0,n1, attendVote=true, lastRpcSendTime=0, lastRpcResponseTime=7505) yet, just keep nextIndex unchanged and retry.
2021-02-04 10:28:03,172 [EndpointStateMachine task thread for /0.0.0.0:40683 - 0 ] INFO  ipc.Client (Client.java:handleConnectionFailure(966)) - Retrying connect to server: 0.0.0.0/0.0.0.0:40683. Already tried 11 time(s); retry policy is RetryUpToMaximumCountWithFixedSleep(maxRetries=15, sleepTime=1000 MILLISECONDS)
2021-02-04 10:28:03,784 [Datanode State Machine Thread - 0] ERROR datanode.RunningDatanodeState (RunningDatanodeState.java:computeNextContainerState(199)) - Error in executing end point task.
java.util.concurrent.ExecutionException: java.util.concurrent.TimeoutException
	at java.util.concurrent.FutureTask.report(FutureTask.java:122)
	at java.util.concurrent.FutureTask.get(FutureTask.java:192)
	at org.apache.hadoop.ozone.container.common.states.datanode.RunningDatanodeState.computeNextContainerState(RunningDatanodeState.java:191)
	at org.apache.hadoop.ozone.container.common.states.datanode.RunningDatanodeState.await(RunningDatanodeState.java:231)
	at org.apache.hadoop.ozone.container.common.states.datanode.RunningDatanodeState.await(RunningDatanodeState.java:50)
	at org.apache.hadoop.ozone.container.common.statemachine.StateContext.execute(StateContext.java:540)
	at org.apache.hadoop.ozone.container.common.statemachine.DatanodeStateMachine.start(DatanodeStateMachine.java:234)
	at org.apache.hadoop.ozone.container.common.statemachine.DatanodeStateMachine.lambda$startDaemon$0(DatanodeStateMachine.java:411)
	at java.lang.Thread.run(Thread.java:748)
Caused by: java.util.concurrent.TimeoutException
	at java.util.concurrent.FutureTask.get(FutureTask.java:205)
	at org.apache.hadoop.ozone.container.common.states.datanode.RunningDatanodeState.lambda$execute$0(RunningDatanodeState.java:149)
	at java.util.concurrent.FutureTask.run(FutureTask.java:266)
	at java.util.concurrent.Executors$RunnableAdapter.call(Executors.java:511)
	at java.util.concurrent.FutureTask.run(FutureTask.java:266)
	at java.util.concurrent.ThreadPoolExecutor.runWorker(ThreadPoolExecutor.java:1149)
	at java.util.concurrent.ThreadPoolExecutor$Worker.run(ThreadPoolExecutor.java:624)
	... 1 more
2021-02-04 10:28:04,176 [EndpointStateMachine task thread for /0.0.0.0:40683 - 0 ] INFO  ipc.Client (Client.java:handleConnectionFailure(966)) - Retrying connect to server: 0.0.0.0/0.0.0.0:40683. Already tried 12 time(s); retry policy is RetryUpToMaximumCountWithFixedSleep(maxRetries=15, sleepTime=1000 MILLISECONDS)
2021-02-04 10:28:05,177 [EndpointStateMachine task thread for /0.0.0.0:40683 - 0 ] INFO  ipc.Client (Client.java:handleConnectionFailure(966)) - Retrying connect to server: 0.0.0.0/0.0.0.0:40683. Already tried 13 time(s); retry policy is RetryUpToMaximumCountWithFixedSleep(maxRetries=15, sleepTime=1000 MILLISECONDS)
2021-02-04 10:28:05,200 [grpc-default-executor-3] WARN  server.GrpcLogAppender (LogUtils.java:warn(122)) - c2078e43-4e37-4d9c-99b0-bc0ef86d7b58@group-DCC2209809C3->2f878777-950a-4a0a-bcd5-5efd0c9eb4b8-AppendLogResponseHandler: Failed appendEntries: org.apache.ratis.thirdparty.io.grpc.StatusRuntimeException: UNAVAILABLE: io exception
2021-02-04 10:28:05,200 [grpc-default-executor-3] WARN  server.GrpcLogAppender (GrpcLogAppender.java:resetClient(111)) - c2078e43-4e37-4d9c-99b0-bc0ef86d7b58@group-DCC2209809C3->2f878777-950a-4a0a-bcd5-5efd0c9eb4b8-GrpcLogAppender: Leader has not got in touch with Follower c2078e43-4e37-4d9c-99b0-bc0ef86d7b58@group-DCC2209809C3->2f878777-950a-4a0a-bcd5-5efd0c9eb4b8(c0,m0,n1, attendVote=true, lastRpcSendTime=0, lastRpcResponseTime=10005) yet, just keep nextIndex unchanged and retry.
2021-02-04 10:28:05,387 [Datanode State Machine Thread - 0] ERROR datanode.RunningDatanodeState (RunningDatanodeState.java:computeNextContainerState(199)) - Error in executing end point task.
java.util.concurrent.ExecutionException: java.util.concurrent.TimeoutException
	at java.util.concurrent.FutureTask.report(FutureTask.java:122)
	at java.util.concurrent.FutureTask.get(FutureTask.java:192)
	at org.apache.hadoop.ozone.container.common.states.datanode.RunningDatanodeState.computeNextContainerState(RunningDatanodeState.java:191)
	at org.apache.hadoop.ozone.container.common.states.datanode.RunningDatanodeState.await(RunningDatanodeState.java:231)
	at org.apache.hadoop.ozone.container.common.states.datanode.RunningDatanodeState.await(RunningDatanodeState.java:50)
	at org.apache.hadoop.ozone.container.common.statemachine.StateContext.execute(StateContext.java:540)
	at org.apache.hadoop.ozone.container.common.statemachine.DatanodeStateMachine.start(DatanodeStateMachine.java:234)
	at org.apache.hadoop.ozone.container.common.statemachine.DatanodeStateMachine.lambda$startDaemon$0(DatanodeStateMachine.java:411)
	at java.lang.Thread.run(Thread.java:748)
Caused by: java.util.concurrent.TimeoutException
	at java.util.concurrent.FutureTask.get(FutureTask.java:205)
	at org.apache.hadoop.ozone.container.common.states.datanode.RunningDatanodeState.lambda$execute$0(RunningDatanodeState.java:149)
	at java.util.concurrent.FutureTask.run(FutureTask.java:266)
	at java.util.concurrent.Executors$RunnableAdapter.call(Executors.java:511)
	at java.util.concurrent.FutureTask.run(FutureTask.java:266)
	at java.util.concurrent.ThreadPoolExecutor.runWorker(ThreadPoolExecutor.java:1149)
	at java.util.concurrent.ThreadPoolExecutor$Worker.run(ThreadPoolExecutor.java:624)
	... 1 more
2021-02-04 10:28:06,052 [Time-limited test] INFO  ozone.MiniOzoneClusterImpl (MiniOzoneClusterImpl.java:shutdown(389)) - Shutting down the Mini Ozone Cluster
2021-02-04 10:28:06,052 [Time-limited test] INFO  ozone.MiniOzoneClusterImpl (MiniOzoneClusterImpl.java:stop(404)) - Stopping the Mini Ozone Cluster
2021-02-04 10:28:06,052 [Time-limited test] INFO  ozone.MiniOzoneClusterImpl (MiniOzoneClusterImpl.java:stopOM(486)) - Stopping the OzoneManager
2021-02-04 10:28:06,053 [Time-limited test] INFO  ipc.Server (Server.java:stop(3403)) - Stopping server on 36545
2021-02-04 10:28:06,054 [IPC Server listener on 0] INFO  ipc.Server (Server.java:run(1366)) - Stopping IPC Server listener on 0
2021-02-04 10:28:06,055 [IPC Server Responder] INFO  ipc.Server (Server.java:run(1502)) - Stopping IPC Server Responder
2021-02-04 10:28:06,056 [Time-limited test] INFO  server.RaftServer (RaftServerProxy.java:lambda$close$6(391)) - om1: close
2021-02-04 10:28:06,056 [Time-limited test] INFO  server.RaftServer$Division (RaftServerImpl.java:lambda$close$4(406)) - om1@group-C5BA1605619E: shutdown
2021-02-04 10:28:06,056 [Time-limited test] INFO  util.JmxRegister (JmxRegister.java:unregister(73)) - Successfully un-registered JMX Bean with object name Ratis:service=RaftServer,group=group-C5BA1605619E,id=om1
2021-02-04 10:28:06,056 [Time-limited test] INFO  impl.RoleInfo (RoleInfo.java:shutdownLeaderState(91)) - om1: shutdown om1@group-C5BA1605619E-LeaderStateImpl
2021-02-04 10:28:06,056 [Time-limited test] INFO  impl.PendingRequests (PendingRequests.java:sendNotLeaderResponses(249)) - om1@group-C5BA1605619E-PendingRequests: sendNotLeaderResponses
2021-02-04 10:28:06,057 [Time-limited test] INFO  metrics.RatisMetrics (RatisMetrics.java:unregister(43)) - Unregistering Metrics Registry : ratis.log_appender.om1@group-C5BA1605619E
2021-02-04 10:28:06,057 [Time-limited test] INFO  metrics.RatisMetrics (RatisMetrics.java:unregister(43)) - Unregistering Metrics Registry : ratis.server.om1@group-C5BA1605619E
2021-02-04 10:28:06,057 [om1@group-C5BA1605619E-StateMachineUpdater] INFO  ratis.OzoneManagerStateMachine (OzoneManagerStateMachine.java:takeSnapshot(345)) - Current Snapshot Index (t:1, i:0)
2021-02-04 10:28:06,057 [om1@group-C5BA1605619E-StateMachineUpdater] INFO  impl.StateMachineUpdater (StateMachineUpdater.java:takeSnapshot(279)) - om1@group-C5BA1605619E-StateMachineUpdater: Took a snapshot at index 0
2021-02-04 10:28:06,057 [om1@group-C5BA1605619E-StateMachineUpdater] INFO  impl.StateMachineUpdater (StateMachineUpdater.java:lambda$new$0(88)) - om1@group-C5BA1605619E-StateMachineUpdater: snapshotIndex: updateIncreasingly -1 -> 0
2021-02-04 10:28:06,057 [om1@group-C5BA1605619E-StateMachineUpdater] INFO  metrics.RatisMetrics (RatisMetrics.java:unregister(43)) - Unregistering Metrics Registry : ratis.state_machine.om1@group-C5BA1605619E
2021-02-04 10:28:06,058 [Time-limited test] INFO  impl.StateMachineUpdater (StateMachineUpdater.java:stopAndJoin(148)) - om1@group-C5BA1605619E-StateMachineUpdater: set stopIndex = 0
2021-02-04 10:28:06,058 [Time-limited test] INFO  server.RaftServer$Division (ServerState.java:close(405)) - om1@group-C5BA1605619E: closes. applyIndex: 0
2021-02-04 10:28:06,058 [om1@group-C5BA1605619E-SegmentedRaftLogWorker] INFO  segmented.SegmentedRaftLogWorker (SegmentedRaftLogWorker.java:run(326)) - om1@group-C5BA1605619E-SegmentedRaftLogWorker was interrupted, exiting. There are 0 tasks remaining in the queue.
2021-02-04 10:28:06,059 [Time-limited test] INFO  segmented.SegmentedRaftLogWorker (SegmentedRaftLogWorker.java:close(236)) - om1@group-C5BA1605619E-SegmentedRaftLogWorker close()
2021-02-04 10:28:06,059 [Time-limited test] INFO  metrics.RatisMetrics (RatisMetrics.java:unregister(43)) - Unregistering Metrics Registry : ratis.log_worker.om1@group-C5BA1605619E
2021-02-04 10:28:06,059 [Time-limited test] INFO  metrics.RatisMetrics (RatisMetrics.java:unregister(43)) - Unregistering Metrics Registry : ratis.leader_election.om1@group-C5BA1605619E
2021-02-04 10:28:06,059 [Time-limited test] INFO  metrics.RatisMetrics (RatisMetrics.java:unregister(43)) - Unregistering Metrics Registry : ratis.server.om1@group-C5BA1605619E
2021-02-04 10:28:06,060 [Time-limited test] INFO  server.GrpcService (GrpcService.java:closeImpl(262)) - om1: shutdown server with port 9872 now
2021-02-04 10:28:06,060 [Time-limited test] INFO  server.GrpcService (GrpcService.java:closeImpl(271)) - om1: shutdown server with port 9872 successfully
2021-02-04 10:28:06,060 [org.apache.ratis.util.JvmPauseMonitor$$Lambda$504/488733670@4d4e8e05] INFO  util.JvmPauseMonitor (JvmPauseMonitor.java:run(109)) - JvmPauseMonitor-om1: Stopped
2021-02-04 10:28:06,060 [Time-limited test] INFO  ratis.OzoneManagerDoubleBuffer (OzoneManagerDoubleBuffer.java:stop(425)) - Stopping OMDoubleBuffer flush thread
2021-02-04 10:28:06,060 [OMDoubleBufferFlushThread] INFO  ratis.OzoneManagerDoubleBuffer (OzoneManagerDoubleBuffer.java:flushTransactions(352)) - OMDoubleBuffer flush thread OMDoubleBufferFlushThread is interrupted and will exit. OMDoubleBufferFlushThread
2021-02-04 10:28:06,061 [Time-limited test] INFO  ratis.OzoneManagerStateMachine (HadoopExecutors.java:shutdown(118)) - Gracefully shutting down executor service. Waiting max 5 SECONDS
2021-02-04 10:28:06,061 [Time-limited test] INFO  ratis.OzoneManagerStateMachine (HadoopExecutors.java:shutdown(129)) - Succesfully shutdown executor service
2021-02-04 10:28:06,061 [Time-limited test] INFO  ratis.OzoneManagerStateMachine (HadoopExecutors.java:shutdown(118)) - Gracefully shutting down executor service. Waiting max 5 SECONDS
2021-02-04 10:28:06,061 [Time-limited test] INFO  ratis.OzoneManagerStateMachine (HadoopExecutors.java:shutdown(129)) - Succesfully shutdown executor service
2021-02-04 10:28:06,061 [Time-limited test] INFO  utils.BackgroundService (BackgroundService.java:shutdown(132)) - Shutting down service KeyDeletingService
2021-02-04 10:28:06,062 [Time-limited test] INFO  handler.ContextHandler (ContextHandler.java:doStop(1154)) - Stopped o.e.j.w.WebAppContext@151abd92{ozoneManager,/,null,STOPPED}{file:/github/workspace/mnt/ozone/hadoop-ozone/integration-test/target/test-classes/webapps/ozoneManager}
2021-02-04 10:28:06,063 [Time-limited test] INFO  server.AbstractConnector (AbstractConnector.java:doStop(381)) - Stopped ServerConnector@357176d3{HTTP/1.1, (http/1.1)}{0.0.0.0:0}
2021-02-04 10:28:06,063 [Time-limited test] INFO  server.session (HouseKeeper.java:stopScavenging(149)) - node0 Stopped scavenging
2021-02-04 10:28:06,064 [Time-limited test] INFO  handler.ContextHandler (ContextHandler.java:doStop(1154)) - Stopped o.e.j.s.ServletContextHandler@222ae3{static,/static,file:///github/workspace/mnt/ozone/hadoop-ozone/integration-test/target/test-classes/webapps/static,STOPPED}
2021-02-04 10:28:06,067 [Time-limited test] INFO  handler.ContextHandler (ContextHandler.java:doStop(1154)) - Stopped o.e.j.s.ServletContextHandler@5bc160c{logs,/logs,file:///github/workspace/mnt/ozone/hadoop-ozone/integration-test/target/log,STOPPED}
2021-02-04 10:28:06,070 [Time-limited test] INFO  ozone.MiniOzoneClusterImpl (MiniOzoneClusterImpl.java:stopDatanodes(463)) - Stopping the HddsDatanodes
2021-02-04 10:28:06,176 [Datanode State Machine Thread - 0] WARN  statemachine.StateContext (StateContext.java:setState(203)) - Ignore disallowed transition from SHUTDOWN to RUNNING
2021-02-04 10:28:06,176 [Datanode State Machine Thread - 0] INFO  statemachine.DatanodeStateMachine (DatanodeStateMachine.java:lambda$startDaemon$0(412)) - Ozone container server started.
2021-02-04 10:28:06,177 [EndpointStateMachine task thread for /0.0.0.0:40683 - 0 ] INFO  ipc.Client (Client.java:handleConnectionFailure(966)) - Retrying connect to server: 0.0.0.0/0.0.0.0:40683. Already tried 14 time(s); retry policy is RetryUpToMaximumCountWithFixedSleep(maxRetries=15, sleepTime=1000 MILLISECONDS)
2021-02-04 10:28:06,178 [EndpointStateMachine task thread for /0.0.0.0:40683 - 0 ] WARN  statemachine.EndpointStateMachine (EndpointStateMachine.java:logIfNeeded(233)) - Unable to communicate to SCM server at 0.0.0.0:40683 for past 0 seconds.
java.net.ConnectException: Your endpoint configuration is wrong; For more details see:  http://wiki.apache.org/hadoop/UnsetHostnameOrPort
	at sun.reflect.NativeConstructorAccessorImpl.newInstance0(Native Method)
	at sun.reflect.NativeConstructorAccessorImpl.newInstance(NativeConstructorAccessorImpl.java:62)
	at sun.reflect.DelegatingConstructorAccessorImpl.newInstance(DelegatingConstructorAccessorImpl.java:45)
	at java.lang.reflect.Constructor.newInstance(Constructor.java:423)
	at org.apache.hadoop.net.NetUtils.wrapWithMessage(NetUtils.java:836)
	at org.apache.hadoop.net.NetUtils.wrapException(NetUtils.java:756)
	at org.apache.hadoop.ipc.Client.getRpcResponse(Client.java:1566)
	at org.apache.hadoop.ipc.Client.call(Client.java:1508)
	at org.apache.hadoop.ipc.Client.call(Client.java:1405)
	at org.apache.hadoop.ipc.ProtobufRpcEngine$Invoker.invoke(ProtobufRpcEngine.java:233)
	at org.apache.hadoop.ipc.ProtobufRpcEngine$Invoker.invoke(ProtobufRpcEngine.java:118)
	at com.sun.proxy.$Proxy42.submitRequest(Unknown Source)
	at org.apache.hadoop.ozone.protocolPB.StorageContainerDatanodeProtocolClientSideTranslatorPB.submitRequest(StorageContainerDatanodeProtocolClientSideTranslatorPB.java:117)
	at org.apache.hadoop.ozone.protocolPB.StorageContainerDatanodeProtocolClientSideTranslatorPB.sendHeartbeat(StorageContainerDatanodeProtocolClientSideTranslatorPB.java:149)
	at org.apache.hadoop.ozone.container.common.states.endpoint.HeartbeatEndpointTask.call(HeartbeatEndpointTask.java:146)
	at org.apache.hadoop.ozone.container.common.states.endpoint.HeartbeatEndpointTask.call(HeartbeatEndpointTask.java:77)
	at java.util.concurrent.FutureTask.run(FutureTask.java:266)
	at java.util.concurrent.ThreadPoolExecutor.runWorker(ThreadPoolExecutor.java:1149)
	at java.util.concurrent.ThreadPoolExecutor$Worker.run(ThreadPoolExecutor.java:624)
	at java.lang.Thread.run(Thread.java:748)
Caused by: java.net.ConnectException: Connection refused
	at sun.nio.ch.SocketChannelImpl.checkConnect(Native Method)
	at sun.nio.ch.SocketChannelImpl.finishConnect(SocketChannelImpl.java:717)
	at org.apache.hadoop.net.SocketIOWithTimeout.connect(SocketIOWithTimeout.java:206)
	at org.apache.hadoop.net.NetUtils.connect(NetUtils.java:534)
	at org.apache.hadoop.ipc.Client$Connection.setupConnection(Client.java:699)
	at org.apache.hadoop.ipc.Client$Connection.setupIOstreams(Client.java:812)
	at org.apache.hadoop.ipc.Client$Connection.access$3800(Client.java:413)
	at org.apache.hadoop.ipc.Client.getConnection(Client.java:1636)
	at org.apache.hadoop.ipc.Client.call(Client.java:1452)
	... 12 more
2021-02-04 10:28:06,391 [Datanode State Machine Thread - 0] ERROR datanode.RunningDatanodeState (RunningDatanodeState.java:computeNextContainerState(199)) - Error in executing end point task.
java.util.concurrent.ExecutionException: java.util.concurrent.TimeoutException
	at java.util.concurrent.FutureTask.report(FutureTask.java:122)
	at java.util.concurrent.FutureTask.get(FutureTask.java:192)
	at org.apache.hadoop.ozone.container.common.states.datanode.RunningDatanodeState.computeNextContainerState(RunningDatanodeState.java:191)
	at org.apache.hadoop.ozone.container.common.states.datanode.RunningDatanodeState.await(RunningDatanodeState.java:231)
	at org.apache.hadoop.ozone.container.common.states.datanode.RunningDatanodeState.await(RunningDatanodeState.java:50)
	at org.apache.hadoop.ozone.container.common.statemachine.StateContext.execute(StateContext.java:540)
	at org.apache.hadoop.ozone.container.common.statemachine.DatanodeStateMachine.start(DatanodeStateMachine.java:234)
	at org.apache.hadoop.ozone.container.common.statemachine.DatanodeStateMachine.lambda$startDaemon$0(DatanodeStateMachine.java:411)
	at java.lang.Thread.run(Thread.java:748)
Caused by: java.util.concurrent.TimeoutException
	at java.util.concurrent.FutureTask.get(FutureTask.java:205)
	at org.apache.hadoop.ozone.container.common.states.datanode.RunningDatanodeState.lambda$execute$0(RunningDatanodeState.java:149)
	at java.util.concurrent.FutureTask.run(FutureTask.java:266)
	at java.util.concurrent.Executors$RunnableAdapter.call(Executors.java:511)
	at java.util.concurrent.FutureTask.run(FutureTask.java:266)
	at java.util.concurrent.ThreadPoolExecutor.runWorker(ThreadPoolExecutor.java:1149)
	at java.util.concurrent.ThreadPoolExecutor$Worker.run(ThreadPoolExecutor.java:624)
	... 1 more
2021-02-04 10:28:07,185 [EndpointStateMachine task thread for /0.0.0.0:40683 - 0 ] INFO  ipc.Client (Client.java:handleConnectionFailure(966)) - Retrying connect to server: 0.0.0.0/0.0.0.0:40683. Already tried 0 time(s); retry policy is RetryUpToMaximumCountWithFixedSleep(maxRetries=15, sleepTime=1000 MILLISECONDS)
2021-02-04 10:28:07,700 [grpc-default-executor-3] WARN  server.GrpcLogAppender (LogUtils.java:warn(122)) - c2078e43-4e37-4d9c-99b0-bc0ef86d7b58@group-DCC2209809C3->2f878777-950a-4a0a-bcd5-5efd0c9eb4b8-AppendLogResponseHandler: Failed appendEntries: org.apache.ratis.thirdparty.io.grpc.StatusRuntimeException: UNAVAILABLE: io exception
2021-02-04 10:28:07,701 [grpc-default-executor-3] WARN  server.GrpcLogAppender (GrpcLogAppender.java:resetClient(111)) - c2078e43-4e37-4d9c-99b0-bc0ef86d7b58@group-DCC2209809C3->2f878777-950a-4a0a-bcd5-5efd0c9eb4b8-GrpcLogAppender: Leader has not got in touch with Follower c2078e43-4e37-4d9c-99b0-bc0ef86d7b58@group-DCC2209809C3->2f878777-950a-4a0a-bcd5-5efd0c9eb4b8(c0,m0,n1, attendVote=true, lastRpcSendTime=2501, lastRpcResponseTime=12505) yet, just keep nextIndex unchanged and retry.
2021-02-04 10:28:07,786 [Datanode State Machine Thread - 0] ERROR datanode.RunningDatanodeState (RunningDatanodeState.java:computeNextContainerState(199)) - Error in executing end point task.
java.util.concurrent.ExecutionException: java.util.concurrent.TimeoutException
	at java.util.concurrent.FutureTask.report(FutureTask.java:122)
	at java.util.concurrent.FutureTask.get(FutureTask.java:192)
	at org.apache.hadoop.ozone.container.common.states.datanode.RunningDatanodeState.computeNextContainerState(RunningDatanodeState.java:191)
	at org.apache.hadoop.ozone.container.common.states.datanode.RunningDatanodeState.await(RunningDatanodeState.java:231)
	at org.apache.hadoop.ozone.container.common.states.datanode.RunningDatanodeState.await(RunningDatanodeState.java:50)
	at org.apache.hadoop.ozone.container.common.statemachine.StateContext.execute(StateContext.java:540)
	at org.apache.hadoop.ozone.container.common.statemachine.DatanodeStateMachine.start(DatanodeStateMachine.java:234)
	at org.apache.hadoop.ozone.container.common.statemachine.DatanodeStateMachine.lambda$startDaemon$0(DatanodeStateMachine.java:411)
	at java.lang.Thread.run(Thread.java:748)
Caused by: java.util.concurrent.TimeoutException
	at java.util.concurrent.FutureTask.get(FutureTask.java:205)
	at org.apache.hadoop.ozone.container.common.states.datanode.RunningDatanodeState.lambda$execute$0(RunningDatanodeState.java:149)
	at java.util.concurrent.FutureTask.run(FutureTask.java:266)
	at java.util.concurrent.Executors$RunnableAdapter.call(Executors.java:511)
	at java.util.concurrent.FutureTask.run(FutureTask.java:266)
	at java.util.concurrent.ThreadPoolExecutor.runWorker(ThreadPoolExecutor.java:1149)
	at java.util.concurrent.ThreadPoolExecutor$Worker.run(ThreadPoolExecutor.java:624)
	... 1 more
2021-02-04 10:28:07,791 [Datanode State Machine Thread - 0] WARN  statemachine.StateContext (StateContext.java:setState(203)) - Ignore disallowed transition from SHUTDOWN to RUNNING
2021-02-04 10:28:07,792 [Datanode State Machine Thread - 0] INFO  statemachine.DatanodeStateMachine (DatanodeStateMachine.java:lambda$startDaemon$0(412)) - Ozone container server started.
2021-02-04 10:28:08,186 [EndpointStateMachine task thread for /0.0.0.0:40683 - 0 ] INFO  ipc.Client (Client.java:handleConnectionFailure(966)) - Retrying connect to server: 0.0.0.0/0.0.0.0:40683. Already tried 1 time(s); retry policy is RetryUpToMaximumCountWithFixedSleep(maxRetries=15, sleepTime=1000 MILLISECONDS)
2021-02-04 10:28:09,187 [EndpointStateMachine task thread for /0.0.0.0:40683 - 0 ] INFO  ipc.Client (Client.java:handleConnectionFailure(966)) - Retrying connect to server: 0.0.0.0/0.0.0.0:40683. Already tried 2 time(s); retry policy is RetryUpToMaximumCountWithFixedSleep(maxRetries=15, sleepTime=1000 MILLISECONDS)
2021-02-04 10:28:10,188 [EndpointStateMachine task thread for /0.0.0.0:40683 - 0 ] INFO  ipc.Client (Client.java:handleConnectionFailure(966)) - Retrying connect to server: 0.0.0.0/0.0.0.0:40683. Already tried 3 time(s); retry policy is RetryUpToMaximumCountWithFixedSleep(maxRetries=15, sleepTime=1000 MILLISECONDS)
2021-02-04 10:28:10,202 [grpc-default-executor-3] WARN  server.GrpcLogAppender (LogUtils.java:warn(122)) - c2078e43-4e37-4d9c-99b0-bc0ef86d7b58@group-DCC2209809C3->2f878777-950a-4a0a-bcd5-5efd0c9eb4b8-AppendLogResponseHandler: Failed appendEntries: org.apache.ratis.thirdparty.io.grpc.StatusRuntimeException: UNAVAILABLE: io exception
2021-02-04 10:28:10,203 [grpc-default-executor-3] WARN  server.GrpcLogAppender (GrpcLogAppender.java:resetClient(111)) - c2078e43-4e37-4d9c-99b0-bc0ef86d7b58@group-DCC2209809C3->2f878777-950a-4a0a-bcd5-5efd0c9eb4b8-GrpcLogAppender: Leader has not got in touch with Follower c2078e43-4e37-4d9c-99b0-bc0ef86d7b58@group-DCC2209809C3->2f878777-950a-4a0a-bcd5-5efd0c9eb4b8(c0,m0,n1, attendVote=true, lastRpcSendTime=0, lastRpcResponseTime=15007) yet, just keep nextIndex unchanged and retry.
2021-02-04 10:28:11,075 [Time-limited test] INFO  ozoneimpl.OzoneContainer (OzoneContainer.java:stop(273)) - Attempting to stop container services.
2021-02-04 10:28:11,078 [ForkJoinPool.commonPool-worker-1] INFO  ozoneimpl.OzoneContainer (OzoneContainer.java:stop(273)) - Attempting to stop container services.
2021-02-04 10:28:11,079 [ForkJoinPool.commonPool-worker-1] INFO  utils.BackgroundService (BackgroundService.java:shutdown(132)) - Shutting down service BlockDeletingService
2021-02-04 10:28:11,080 [Time-limited test] INFO  server.RaftServer (RaftServerProxy.java:lambda$close$6(391)) - c2078e43-4e37-4d9c-99b0-bc0ef86d7b58: close
2021-02-04 10:28:11,081 [Time-limited test] INFO  server.RaftServer$Division (RaftServerImpl.java:lambda$close$4(406)) - c2078e43-4e37-4d9c-99b0-bc0ef86d7b58@group-CC0E7A3AFF15: shutdown
2021-02-04 10:28:11,081 [Time-limited test] INFO  util.JmxRegister (JmxRegister.java:unregister(73)) - Successfully un-registered JMX Bean with object name Ratis:service=RaftServer,group=group-CC0E7A3AFF15,id=c2078e43-4e37-4d9c-99b0-bc0ef86d7b58
2021-02-04 10:28:11,081 [Time-limited test] INFO  impl.RoleInfo (RoleInfo.java:shutdownLeaderState(91)) - c2078e43-4e37-4d9c-99b0-bc0ef86d7b58: shutdown c2078e43-4e37-4d9c-99b0-bc0ef86d7b58@group-CC0E7A3AFF15-LeaderStateImpl
2021-02-04 10:28:11,081 [Time-limited test] INFO  impl.PendingRequests (PendingRequests.java:sendNotLeaderResponses(249)) - c2078e43-4e37-4d9c-99b0-bc0ef86d7b58@group-CC0E7A3AFF15-PendingRequests: sendNotLeaderResponses
2021-02-04 10:28:11,081 [Time-limited test] INFO  metrics.RatisMetrics (RatisMetrics.java:unregister(43)) - Unregistering Metrics Registry : ratis.log_appender.c2078e43-4e37-4d9c-99b0-bc0ef86d7b58@group-CC0E7A3AFF15
2021-02-04 10:28:11,081 [Time-limited test] INFO  metrics.RatisMetrics (RatisMetrics.java:unregister(43)) - Unregistering Metrics Registry : ratis.server.c2078e43-4e37-4d9c-99b0-bc0ef86d7b58@group-CC0E7A3AFF15
2021-02-04 10:28:11,086 [ForkJoinPool.commonPool-worker-1] INFO  statemachine.DatanodeStateMachine (DatanodeStateMachine.java:stopDaemon(470)) - Ozone container server stopped.
2021-02-04 10:28:11,087 [Time-limited test] INFO  impl.StateMachineUpdater (StateMachineUpdater.java:stopAndJoin(148)) - c2078e43-4e37-4d9c-99b0-bc0ef86d7b58@group-CC0E7A3AFF15-StateMachineUpdater: set stopIndex = 0
2021-02-04 10:28:11,087 [c2078e43-4e37-4d9c-99b0-bc0ef86d7b58@group-CC0E7A3AFF15-StateMachineUpdater] INFO  ratis.ContainerStateMachine (ContainerStateMachine.java:takeSnapshot(291)) - group-CC0E7A3AFF15: Taking a snapshot at:(t:1, i:0) file /github/workspace/mnt/ozone/hadoop-ozone/integration-test/target/test-dir/MiniOzoneClusterImpl-8a71bc08-f84f-4acb-943b-12476b4f0d69/datanode-1/data/ratis/cbeec5d0-ef91-4f06-8521-cc0e7a3aff15/sm/snapshot.1_0
2021-02-04 10:28:11,088 [c2078e43-4e37-4d9c-99b0-bc0ef86d7b58@group-CC0E7A3AFF15-StateMachineUpdater] INFO  ratis.ContainerStateMachine (ContainerStateMachine.java:takeSnapshot(302)) - group-CC0E7A3AFF15: Finished taking a snapshot at:(t:1, i:0) file:/github/workspace/mnt/ozone/hadoop-ozone/integration-test/target/test-dir/MiniOzoneClusterImpl-8a71bc08-f84f-4acb-943b-12476b4f0d69/datanode-1/data/ratis/cbeec5d0-ef91-4f06-8521-cc0e7a3aff15/sm/snapshot.1_0 took: 1 ms
2021-02-04 10:28:11,088 [c2078e43-4e37-4d9c-99b0-bc0ef86d7b58@group-CC0E7A3AFF15-StateMachineUpdater] INFO  impl.StateMachineUpdater (StateMachineUpdater.java:takeSnapshot(279)) - c2078e43-4e37-4d9c-99b0-bc0ef86d7b58@group-CC0E7A3AFF15-StateMachineUpdater: Took a snapshot at index 0
2021-02-04 10:28:11,088 [c2078e43-4e37-4d9c-99b0-bc0ef86d7b58@group-CC0E7A3AFF15-StateMachineUpdater] INFO  impl.StateMachineUpdater (StateMachineUpdater.java:lambda$new$0(88)) - c2078e43-4e37-4d9c-99b0-bc0ef86d7b58@group-CC0E7A3AFF15-StateMachineUpdater: snapshotIndex: updateIncreasingly -1 -> 0
2021-02-04 10:28:11,089 [c2078e43-4e37-4d9c-99b0-bc0ef86d7b58@group-CC0E7A3AFF15-StateMachineUpdater] INFO  metrics.RatisMetrics (RatisMetrics.java:unregister(43)) - Unregistering Metrics Registry : ratis.state_machine.c2078e43-4e37-4d9c-99b0-bc0ef86d7b58@group-CC0E7A3AFF15
2021-02-04 10:28:11,090 [Time-limited test] INFO  server.RaftServer$Division (ServerState.java:close(405)) - c2078e43-4e37-4d9c-99b0-bc0ef86d7b58@group-CC0E7A3AFF15: closes. applyIndex: 0
2021-02-04 10:28:11,095 [c2078e43-4e37-4d9c-99b0-bc0ef86d7b58@group-CC0E7A3AFF15-SegmentedRaftLogWorker] INFO  segmented.SegmentedRaftLogWorker (SegmentedRaftLogWorker.java:run(326)) - c2078e43-4e37-4d9c-99b0-bc0ef86d7b58@group-CC0E7A3AFF15-SegmentedRaftLogWorker was interrupted, exiting. There are 0 tasks remaining in the queue.
2021-02-04 10:28:11,095 [Time-limited test] INFO  segmented.SegmentedRaftLogWorker (SegmentedRaftLogWorker.java:close(236)) - c2078e43-4e37-4d9c-99b0-bc0ef86d7b58@group-CC0E7A3AFF15-SegmentedRaftLogWorker close()
2021-02-04 10:28:11,098 [Time-limited test] INFO  metrics.RatisMetrics (RatisMetrics.java:unregister(43)) - Unregistering Metrics Registry : ratis.log_worker.c2078e43-4e37-4d9c-99b0-bc0ef86d7b58@group-CC0E7A3AFF15
2021-02-04 10:28:11,098 [Time-limited test] INFO  metrics.RatisMetrics (RatisMetrics.java:unregister(43)) - Unregistering Metrics Registry : ratis.leader_election.c2078e43-4e37-4d9c-99b0-bc0ef86d7b58@group-CC0E7A3AFF15
2021-02-04 10:28:11,098 [Time-limited test] INFO  metrics.RatisMetrics (RatisMetrics.java:unregister(43)) - Unregistering Metrics Registry : ratis.server.c2078e43-4e37-4d9c-99b0-bc0ef86d7b58@group-CC0E7A3AFF15
2021-02-04 10:28:11,098 [Time-limited test] INFO  server.RaftServer$Division (RaftServerImpl.java:lambda$close$4(406)) - c2078e43-4e37-4d9c-99b0-bc0ef86d7b58@group-DCC2209809C3: shutdown
2021-02-04 10:28:11,098 [Time-limited test] INFO  util.JmxRegister (JmxRegister.java:unregister(73)) - Successfully un-registered JMX Bean with object name Ratis:service=RaftServer,group=group-DCC2209809C3,id=c2078e43-4e37-4d9c-99b0-bc0ef86d7b58
2021-02-04 10:28:11,099 [Time-limited test] INFO  impl.RoleInfo (RoleInfo.java:shutdownLeaderState(91)) - c2078e43-4e37-4d9c-99b0-bc0ef86d7b58: shutdown c2078e43-4e37-4d9c-99b0-bc0ef86d7b58@group-DCC2209809C3-LeaderStateImpl
2021-02-04 10:28:11,099 [Time-limited test] INFO  metrics.RatisMetrics (RatisMetrics.java:unregister(43)) - Unregistering Metrics Registry : ratis_grpc.log_appender.c2078e43-4e37-4d9c-99b0-bc0ef86d7b58@group-DCC2209809C3
2021-02-04 10:28:11,099 [Time-limited test] INFO  metrics.RatisMetrics (RatisMetrics.java:unregister(43)) - Unregistering Metrics Registry : ratis_grpc.log_appender.c2078e43-4e37-4d9c-99b0-bc0ef86d7b58@group-DCC2209809C3
2021-02-04 10:28:11,099 [Time-limited test] INFO  impl.PendingRequests (PendingRequests.java:sendNotLeaderResponses(249)) - c2078e43-4e37-4d9c-99b0-bc0ef86d7b58@group-DCC2209809C3-PendingRequests: sendNotLeaderResponses
2021-02-04 10:28:11,099 [Time-limited test] INFO  metrics.RatisMetrics (RatisMetrics.java:unregister(43)) - Unregistering Metrics Registry : ratis.log_appender.c2078e43-4e37-4d9c-99b0-bc0ef86d7b58@group-DCC2209809C3
2021-02-04 10:28:11,099 [Time-limited test] INFO  metrics.RatisMetrics (RatisMetrics.java:unregister(43)) - Unregistering Metrics Registry : ratis.server.c2078e43-4e37-4d9c-99b0-bc0ef86d7b58@group-DCC2209809C3
2021-02-04 10:28:11,100 [Time-limited test] INFO  impl.StateMachineUpdater (StateMachineUpdater.java:stopAndJoin(148)) - c2078e43-4e37-4d9c-99b0-bc0ef86d7b58@group-DCC2209809C3-StateMachineUpdater: set stopIndex = 0
2021-02-04 10:28:11,100 [c2078e43-4e37-4d9c-99b0-bc0ef86d7b58@group-DCC2209809C3-StateMachineUpdater] INFO  ratis.ContainerStateMachine (ContainerStateMachine.java:takeSnapshot(291)) - group-DCC2209809C3: Taking a snapshot at:(t:15, i:0) file /github/workspace/mnt/ozone/hadoop-ozone/integration-test/target/test-dir/MiniOzoneClusterImpl-8a71bc08-f84f-4acb-943b-12476b4f0d69/datanode-1/data/ratis/a2b35f7a-7b1a-444b-aa3a-dcc2209809c3/sm/snapshot.15_0
2021-02-04 10:28:11,101 [c2078e43-4e37-4d9c-99b0-bc0ef86d7b58@group-DCC2209809C3-StateMachineUpdater] INFO  ratis.ContainerStateMachine (ContainerStateMachine.java:takeSnapshot(302)) - group-DCC2209809C3: Finished taking a snapshot at:(t:15, i:0) file:/github/workspace/mnt/ozone/hadoop-ozone/integration-test/target/test-dir/MiniOzoneClusterImpl-8a71bc08-f84f-4acb-943b-12476b4f0d69/datanode-1/data/ratis/a2b35f7a-7b1a-444b-aa3a-dcc2209809c3/sm/snapshot.15_0 took: 1 ms
2021-02-04 10:28:11,102 [c2078e43-4e37-4d9c-99b0-bc0ef86d7b58@group-DCC2209809C3->fdb3e943-d8be-440f-921f-162f76ce2c35-GrpcLogAppender-LogAppenderDaemon] WARN  server.GrpcLogAppender (GrpcLogAppender.java:mayWait(175)) - c2078e43-4e37-4d9c-99b0-bc0ef86d7b58@group-DCC2209809C3->fdb3e943-d8be-440f-921f-162f76ce2c35-GrpcLogAppender: Wait interrupted by java.lang.InterruptedException
2021-02-04 10:28:11,102 [ForkJoinPool.commonPool-worker-1] INFO  handler.ContextHandler (ContextHandler.java:doStop(1154)) - Stopped o.e.j.w.WebAppContext@5d38679c{hddsDatanode,/,null,STOPPED}{jar:file:/home/user/.m2/repository/org/apache/hadoop/hadoop-hdds-container-service/1.1.0-SNAPSHOT/hadoop-hdds-container-service-1.1.0-SNAPSHOT.jar!/webapps/hddsDatanode}
2021-02-04 10:28:11,102 [grpc-default-executor-3] INFO  server.GrpcServerProtocolService (GrpcServerProtocolService.java:onCompleted(138)) - fdb3e943-d8be-440f-921f-162f76ce2c35: Completed APPEND_ENTRIES, lastRequest: c2078e43-4e37-4d9c-99b0-bc0ef86d7b58->fdb3e943-d8be-440f-921f-162f76ce2c35#1-t15,previous=(t:0, i:0),leaderCommit=0,initializing? true,entries: size=1, first=(t:15, i:0), CONFIGURATIONENTRY
2021-02-04 10:28:11,104 [c2078e43-4e37-4d9c-99b0-bc0ef86d7b58@group-DCC2209809C3-StateMachineUpdater] INFO  impl.StateMachineUpdater (StateMachineUpdater.java:takeSnapshot(279)) - c2078e43-4e37-4d9c-99b0-bc0ef86d7b58@group-DCC2209809C3-StateMachineUpdater: Took a snapshot at index 0
2021-02-04 10:28:11,104 [c2078e43-4e37-4d9c-99b0-bc0ef86d7b58@group-DCC2209809C3-StateMachineUpdater] INFO  impl.StateMachineUpdater (StateMachineUpdater.java:lambda$new$0(88)) - c2078e43-4e37-4d9c-99b0-bc0ef86d7b58@group-DCC2209809C3-StateMachineUpdater: snapshotIndex: updateIncreasingly -1 -> 0
2021-02-04 10:28:11,104 [ForkJoinPool.commonPool-worker-1] INFO  server.AbstractConnector (AbstractConnector.java:doStop(381)) - Stopped ServerConnector@306d8e7a{HTTP/1.1, (http/1.1)}{0.0.0.0:35997}
2021-02-04 10:28:11,104 [ForkJoinPool.commonPool-worker-1] INFO  server.session (HouseKeeper.java:stopScavenging(149)) - node0 Stopped scavenging
2021-02-04 10:28:11,104 [c2078e43-4e37-4d9c-99b0-bc0ef86d7b58@group-DCC2209809C3-StateMachineUpdater] INFO  metrics.RatisMetrics (RatisMetrics.java:unregister(43)) - Unregistering Metrics Registry : ratis.state_machine.c2078e43-4e37-4d9c-99b0-bc0ef86d7b58@group-DCC2209809C3
2021-02-04 10:28:11,104 [ForkJoinPool.commonPool-worker-1] INFO  handler.ContextHandler (ContextHandler.java:doStop(1154)) - Stopped o.e.j.s.ServletContextHandler@39628ebd{static,/static,jar:file:/home/user/.m2/repository/org/apache/hadoop/hadoop-hdds-container-service/1.1.0-SNAPSHOT/hadoop-hdds-container-service-1.1.0-SNAPSHOT.jar!/webapps/static,STOPPED}
2021-02-04 10:28:11,104 [grpc-default-executor-3] INFO  server.GrpcLogAppender (GrpcLogAppender.java:onCompleted(344)) - c2078e43-4e37-4d9c-99b0-bc0ef86d7b58@group-DCC2209809C3->fdb3e943-d8be-440f-921f-162f76ce2c35-AppendLogResponseHandler: follower responses appendEntries COMPLETED
2021-02-04 10:28:11,105 [ForkJoinPool.commonPool-worker-1] INFO  handler.ContextHandler (ContextHandler.java:doStop(1154)) - Stopped o.e.j.s.ServletContextHandler@523a4584{logs,/logs,file:///github/workspace/mnt/ozone/hadoop-ozone/integration-test/target/log,STOPPED}
2021-02-04 10:28:11,104 [Time-limited test] INFO  server.RaftServer$Division (ServerState.java:close(405)) - c2078e43-4e37-4d9c-99b0-bc0ef86d7b58@group-DCC2209809C3: closes. applyIndex: 0
2021-02-04 10:28:11,105 [grpc-default-executor-3] INFO  leader.FollowerInfo (FollowerInfoImpl.java:lambda$new$0(46)) - c2078e43-4e37-4d9c-99b0-bc0ef86d7b58@group-DCC2209809C3->fdb3e943-d8be-440f-921f-162f76ce2c35: nextIndex: updateUnconditionally 1 -> 0
2021-02-04 10:28:11,105 [c2078e43-4e37-4d9c-99b0-bc0ef86d7b58@group-DCC2209809C3-SegmentedRaftLogWorker] INFO  segmented.SegmentedRaftLogWorker (SegmentedRaftLogWorker.java:run(326)) - c2078e43-4e37-4d9c-99b0-bc0ef86d7b58@group-DCC2209809C3-SegmentedRaftLogWorker was interrupted, exiting. There are 0 tasks remaining in the queue.
2021-02-04 10:28:11,105 [Time-limited test] INFO  segmented.SegmentedRaftLogWorker (SegmentedRaftLogWorker.java:close(236)) - c2078e43-4e37-4d9c-99b0-bc0ef86d7b58@group-DCC2209809C3-SegmentedRaftLogWorker close()
2021-02-04 10:28:11,110 [Time-limited test] INFO  metrics.RatisMetrics (RatisMetrics.java:unregister(43)) - Unregistering Metrics Registry : ratis.log_worker.c2078e43-4e37-4d9c-99b0-bc0ef86d7b58@group-DCC2209809C3
2021-02-04 10:28:11,110 [Time-limited test] INFO  metrics.RatisMetrics (RatisMetrics.java:unregister(43)) - Unregistering Metrics Registry : ratis.leader_election.c2078e43-4e37-4d9c-99b0-bc0ef86d7b58@group-DCC2209809C3
2021-02-04 10:28:11,110 [Time-limited test] INFO  metrics.RatisMetrics (RatisMetrics.java:unregister(43)) - Unregistering Metrics Registry : ratis.server.c2078e43-4e37-4d9c-99b0-bc0ef86d7b58@group-DCC2209809C3
2021-02-04 10:28:11,110 [Time-limited test] INFO  server.GrpcService (GrpcService.java:closeImpl(262)) - c2078e43-4e37-4d9c-99b0-bc0ef86d7b58: shutdown server with port 41803 now
2021-02-04 10:28:11,114 [Time-limited test] INFO  server.GrpcService (GrpcService.java:closeImpl(271)) - c2078e43-4e37-4d9c-99b0-bc0ef86d7b58: shutdown server with port 41803 successfully
2021-02-04 10:28:11,114 [org.apache.ratis.util.JvmPauseMonitor$$Lambda$504/488733670@629df854] INFO  util.JvmPauseMonitor (JvmPauseMonitor.java:run(109)) - JvmPauseMonitor-c2078e43-4e37-4d9c-99b0-bc0ef86d7b58: Stopped
2021-02-04 10:28:11,116 [Time-limited test] INFO  utils.BackgroundService (BackgroundService.java:shutdown(132)) - Shutting down service BlockDeletingService
2021-02-04 10:28:11,121 [Time-limited test] INFO  statemachine.DatanodeStateMachine (DatanodeStateMachine.java:stopDaemon(470)) - Ozone container server stopped.
2021-02-04 10:28:11,131 [Time-limited test] INFO  handler.ContextHandler (ContextHandler.java:doStop(1154)) - Stopped o.e.j.w.WebAppContext@4914ab7b{hddsDatanode,/,null,STOPPED}{jar:file:/home/user/.m2/repository/org/apache/hadoop/hadoop-hdds-container-service/1.1.0-SNAPSHOT/hadoop-hdds-container-service-1.1.0-SNAPSHOT.jar!/webapps/hddsDatanode}
2021-02-04 10:28:11,132 [Time-limited test] INFO  server.AbstractConnector (AbstractConnector.java:doStop(381)) - Stopped ServerConnector@7b058693{HTTP/1.1, (http/1.1)}{0.0.0.0:0}
2021-02-04 10:28:11,132 [Time-limited test] INFO  server.session (HouseKeeper.java:stopScavenging(149)) - node0 Stopped scavenging
2021-02-04 10:28:11,133 [Time-limited test] INFO  handler.ContextHandler (ContextHandler.java:doStop(1154)) - Stopped o.e.j.s.ServletContextHandler@14f5d08f{static,/static,jar:file:/home/user/.m2/repository/org/apache/hadoop/hadoop-hdds-container-service/1.1.0-SNAPSHOT/hadoop-hdds-container-service-1.1.0-SNAPSHOT.jar!/webapps/static,STOPPED}
2021-02-04 10:28:11,133 [Time-limited test] INFO  handler.ContextHandler (ContextHandler.java:doStop(1154)) - Stopped o.e.j.s.ServletContextHandler@5cd286ca{logs,/logs,file:///github/workspace/mnt/ozone/hadoop-ozone/integration-test/target/log,STOPPED}
2021-02-04 10:28:11,189 [EndpointStateMachine task thread for /0.0.0.0:40683 - 0 ] INFO  ipc.Client (Client.java:handleConnectionFailure(966)) - Retrying connect to server: 0.0.0.0/0.0.0.0:40683. Already tried 4 time(s); retry policy is RetryUpToMaximumCountWithFixedSleep(maxRetries=15, sleepTime=1000 MILLISECONDS)
2021-02-04 10:28:11,393 [Datanode State Machine Thread - 0] WARN  statemachine.StateContext (StateContext.java:setState(203)) - Ignore disallowed transition from SHUTDOWN to RUNNING
2021-02-04 10:28:11,393 [Datanode State Machine Thread - 0] INFO  statemachine.DatanodeStateMachine (DatanodeStateMachine.java:lambda$startDaemon$0(412)) - Ozone container server started.
2021-02-04 10:28:12,190 [EndpointStateMachine task thread for /0.0.0.0:40683 - 0 ] INFO  ipc.Client (Client.java:handleConnectionFailure(966)) - Retrying connect to server: 0.0.0.0/0.0.0.0:40683. Already tried 5 time(s); retry policy is RetryUpToMaximumCountWithFixedSleep(maxRetries=15, sleepTime=1000 MILLISECONDS)
2021-02-04 10:28:13,190 [EndpointStateMachine task thread for /0.0.0.0:40683 - 0 ] INFO  ipc.Client (Client.java:handleConnectionFailure(966)) - Retrying connect to server: 0.0.0.0/0.0.0.0:40683. Already tried 6 time(s); retry policy is RetryUpToMaximumCountWithFixedSleep(maxRetries=15, sleepTime=1000 MILLISECONDS)
2021-02-04 10:28:14,191 [EndpointStateMachine task thread for /0.0.0.0:40683 - 0 ] INFO  ipc.Client (Client.java:handleConnectionFailure(966)) - Retrying connect to server: 0.0.0.0/0.0.0.0:40683. Already tried 7 time(s); retry policy is RetryUpToMaximumCountWithFixedSleep(maxRetries=15, sleepTime=1000 MILLISECONDS)
2021-02-04 10:28:15,192 [EndpointStateMachine task thread for /0.0.0.0:40683 - 0 ] INFO  ipc.Client (Client.java:handleConnectionFailure(966)) - Retrying connect to server: 0.0.0.0/0.0.0.0:40683. Already tried 8 time(s); retry policy is RetryUpToMaximumCountWithFixedSleep(maxRetries=15, sleepTime=1000 MILLISECONDS)
2021-02-04 10:28:15,659 [Thread-683] INFO  impl.FollowerState (FollowerState.java:run(133)) - fdb3e943-d8be-440f-921f-162f76ce2c35@group-DCC2209809C3-FollowerState: change to CANDIDATE, lastRpcElapsedTime:5440758319ns, electionTimeout:5125ms
2021-02-04 10:28:15,659 [Thread-683] INFO  impl.RoleInfo (RoleInfo.java:shutdownFollowerState(108)) - fdb3e943-d8be-440f-921f-162f76ce2c35: shutdown fdb3e943-d8be-440f-921f-162f76ce2c35@group-DCC2209809C3-FollowerState
2021-02-04 10:28:15,659 [Thread-683] INFO  server.RaftServer$Division (RaftServerImpl.java:setRole(284)) - fdb3e943-d8be-440f-921f-162f76ce2c35@group-DCC2209809C3: changes role from  FOLLOWER to CANDIDATE at term 15 for changeToCandidate
2021-02-04 10:28:15,659 [Thread-683] INFO  server.RaftServerConfigKeys (ConfUtils.java:logGet(44)) - raft.server.leaderelection.pre-vote = false (custom)
2021-02-04 10:28:15,659 [Thread-683] INFO  impl.RoleInfo (RoleInfo.java:updateAndGet(130)) - fdb3e943-d8be-440f-921f-162f76ce2c35: start fdb3e943-d8be-440f-921f-162f76ce2c35@group-DCC2209809C3-LeaderElection30
2021-02-04 10:28:15,660 [fdb3e943-d8be-440f-921f-162f76ce2c35@group-DCC2209809C3-LeaderElection30] INFO  server.RaftServer$Division (ServerState.java:setLeader(271)) - fdb3e943-d8be-440f-921f-162f76ce2c35@group-DCC2209809C3: change Leader from c2078e43-4e37-4d9c-99b0-bc0ef86d7b58 to null at term 15 for ELECTION
2021-02-04 10:28:15,661 [fdb3e943-d8be-440f-921f-162f76ce2c35@group-DCC2209809C3-LeaderElection30] INFO  impl.LeaderElection (LeaderElection.java:askForVotes(307)) - fdb3e943-d8be-440f-921f-162f76ce2c35@group-DCC2209809C3-LeaderElection30 ELECTION round 0: submit vote requests at term 16 for 0: [fdb3e943-d8be-440f-921f-162f76ce2c35|rpc:172.17.0.2:42057|admin:|client:|dataStream:|priority:0, c2078e43-4e37-4d9c-99b0-bc0ef86d7b58|rpc:172.17.0.2:41803|admin:|client:|dataStream:|priority:1, 2f878777-950a-4a0a-bcd5-5efd0c9eb4b8|rpc:172.17.0.2:43707|admin:|client:|dataStream:|priority:0], old=null
2021-02-04 10:28:15,667 [fdb3e943-d8be-440f-921f-162f76ce2c35@group-DCC2209809C3-LeaderElection30] INFO  impl.LeaderElection (LogUtils.java:infoOrTrace(137)) - fdb3e943-d8be-440f-921f-162f76ce2c35@group-DCC2209809C3-LeaderElection30 got exception when requesting votes: java.util.concurrent.ExecutionException: org.apache.ratis.thirdparty.io.grpc.StatusRuntimeException: UNAVAILABLE: io exception
2021-02-04 10:28:15,668 [fdb3e943-d8be-440f-921f-162f76ce2c35@group-DCC2209809C3-LeaderElection30] INFO  impl.LeaderElection (LogUtils.java:infoOrTrace(137)) - fdb3e943-d8be-440f-921f-162f76ce2c35@group-DCC2209809C3-LeaderElection30 got exception when requesting votes: java.util.concurrent.ExecutionException: org.apache.ratis.thirdparty.io.grpc.StatusRuntimeException: UNAVAILABLE: io exception
2021-02-04 10:28:15,668 [fdb3e943-d8be-440f-921f-162f76ce2c35@group-DCC2209809C3-LeaderElection30] INFO  impl.LeaderElection (LeaderElection.java:logAndReturn(89)) - fdb3e943-d8be-440f-921f-162f76ce2c35@group-DCC2209809C3-LeaderElection30: ELECTION REJECTED received 0 response(s) and 2 exception(s):
2021-02-04 10:28:15,668 [fdb3e943-d8be-440f-921f-162f76ce2c35@group-DCC2209809C3-LeaderElection30] INFO  impl.LeaderElection (LogUtils.java:infoOrTrace(137)) -   Exception 0: java.util.concurrent.ExecutionException: org.apache.ratis.thirdparty.io.grpc.StatusRuntimeException: UNAVAILABLE: io exception
2021-02-04 10:28:15,668 [fdb3e943-d8be-440f-921f-162f76ce2c35@group-DCC2209809C3-LeaderElection30] INFO  impl.LeaderElection (LogUtils.java:infoOrTrace(137)) -   Exception 1: java.util.concurrent.ExecutionException: org.apache.ratis.thirdparty.io.grpc.StatusRuntimeException: UNAVAILABLE: io exception
2021-02-04 10:28:15,668 [fdb3e943-d8be-440f-921f-162f76ce2c35@group-DCC2209809C3-LeaderElection30] INFO  impl.LeaderElection (LeaderElection.java:askForVotes(309)) - fdb3e943-d8be-440f-921f-162f76ce2c35@group-DCC2209809C3-LeaderElection30 ELECTION round 0: result REJECTED
2021-02-04 10:28:15,668 [fdb3e943-d8be-440f-921f-162f76ce2c35@group-DCC2209809C3-LeaderElection30] INFO  server.RaftServer$Division (RaftServerImpl.java:setRole(284)) - fdb3e943-d8be-440f-921f-162f76ce2c35@group-DCC2209809C3: changes role from CANDIDATE to FOLLOWER at term 16 for REJECTED
2021-02-04 10:28:15,668 [fdb3e943-d8be-440f-921f-162f76ce2c35@group-DCC2209809C3-LeaderElection30] INFO  impl.RoleInfo (RoleInfo.java:shutdownLeaderElection(121)) - fdb3e943-d8be-440f-921f-162f76ce2c35: shutdown fdb3e943-d8be-440f-921f-162f76ce2c35@group-DCC2209809C3-LeaderElection30
2021-02-04 10:28:15,668 [fdb3e943-d8be-440f-921f-162f76ce2c35@group-DCC2209809C3-LeaderElection30] INFO  impl.RoleInfo (RoleInfo.java:updateAndGet(130)) - fdb3e943-d8be-440f-921f-162f76ce2c35: start fdb3e943-d8be-440f-921f-162f76ce2c35@group-DCC2209809C3-FollowerState
2021-02-04 10:28:16,118 [ForkJoinPool.commonPool-worker-1] INFO  ozoneimpl.OzoneContainer (OzoneContainer.java:stop(273)) - Attempting to stop container services.
2021-02-04 10:28:16,119 [ForkJoinPool.commonPool-worker-1] INFO  server.RaftServer (RaftServerProxy.java:lambda$close$6(391)) - fdb3e943-d8be-440f-921f-162f76ce2c35: close
2021-02-04 10:28:16,119 [ForkJoinPool.commonPool-worker-1] INFO  server.RaftServer$Division (RaftServerImpl.java:lambda$close$4(406)) - fdb3e943-d8be-440f-921f-162f76ce2c35@group-287E0F896909: shutdown
2021-02-04 10:28:16,119 [ForkJoinPool.commonPool-worker-1] INFO  util.JmxRegister (JmxRegister.java:unregister(73)) - Successfully un-registered JMX Bean with object name Ratis:service=RaftServer,group=group-287E0F896909,id=fdb3e943-d8be-440f-921f-162f76ce2c35
2021-02-04 10:28:16,119 [ForkJoinPool.commonPool-worker-1] INFO  impl.RoleInfo (RoleInfo.java:shutdownLeaderState(91)) - fdb3e943-d8be-440f-921f-162f76ce2c35: shutdown fdb3e943-d8be-440f-921f-162f76ce2c35@group-287E0F896909-LeaderStateImpl
2021-02-04 10:28:16,120 [ForkJoinPool.commonPool-worker-1] INFO  impl.PendingRequests (PendingRequests.java:sendNotLeaderResponses(249)) - fdb3e943-d8be-440f-921f-162f76ce2c35@group-287E0F896909-PendingRequests: sendNotLeaderResponses
2021-02-04 10:28:16,120 [ForkJoinPool.commonPool-worker-1] INFO  metrics.RatisMetrics (RatisMetrics.java:unregister(43)) - Unregistering Metrics Registry : ratis.log_appender.fdb3e943-d8be-440f-921f-162f76ce2c35@group-287E0F896909
2021-02-04 10:28:16,120 [ForkJoinPool.commonPool-worker-1] INFO  metrics.RatisMetrics (RatisMetrics.java:unregister(43)) - Unregistering Metrics Registry : ratis.server.fdb3e943-d8be-440f-921f-162f76ce2c35@group-287E0F896909
2021-02-04 10:28:16,120 [ForkJoinPool.commonPool-worker-1] INFO  impl.StateMachineUpdater (StateMachineUpdater.java:stopAndJoin(148)) - fdb3e943-d8be-440f-921f-162f76ce2c35@group-287E0F896909-StateMachineUpdater: set stopIndex = 0
2021-02-04 10:28:16,120 [fdb3e943-d8be-440f-921f-162f76ce2c35@group-287E0F896909-StateMachineUpdater] INFO  ratis.ContainerStateMachine (ContainerStateMachine.java:takeSnapshot(291)) - group-287E0F896909: Taking a snapshot at:(t:1, i:0) file /github/workspace/mnt/ozone/hadoop-ozone/integration-test/target/test-dir/MiniOzoneClusterImpl-8a71bc08-f84f-4acb-943b-12476b4f0d69/datanode-2/data/ratis/c0020f1a-7958-46bf-8048-287e0f896909/sm/snapshot.1_0
2021-02-04 10:28:16,121 [fdb3e943-d8be-440f-921f-162f76ce2c35@group-287E0F896909-StateMachineUpdater] INFO  ratis.ContainerStateMachine (ContainerStateMachine.java:takeSnapshot(302)) - group-287E0F896909: Finished taking a snapshot at:(t:1, i:0) file:/github/workspace/mnt/ozone/hadoop-ozone/integration-test/target/test-dir/MiniOzoneClusterImpl-8a71bc08-f84f-4acb-943b-12476b4f0d69/datanode-2/data/ratis/c0020f1a-7958-46bf-8048-287e0f896909/sm/snapshot.1_0 took: 1 ms
2021-02-04 10:28:16,122 [fdb3e943-d8be-440f-921f-162f76ce2c35@group-287E0F896909-StateMachineUpdater] INFO  impl.StateMachineUpdater (StateMachineUpdater.java:takeSnapshot(279)) - fdb3e943-d8be-440f-921f-162f76ce2c35@group-287E0F896909-StateMachineUpdater: Took a snapshot at index 0
2021-02-04 10:28:16,122 [fdb3e943-d8be-440f-921f-162f76ce2c35@group-287E0F896909-StateMachineUpdater] INFO  impl.StateMachineUpdater (StateMachineUpdater.java:lambda$new$0(88)) - fdb3e943-d8be-440f-921f-162f76ce2c35@group-287E0F896909-StateMachineUpdater: snapshotIndex: updateIncreasingly -1 -> 0
2021-02-04 10:28:16,122 [fdb3e943-d8be-440f-921f-162f76ce2c35@group-287E0F896909-StateMachineUpdater] INFO  metrics.RatisMetrics (RatisMetrics.java:unregister(43)) - Unregistering Metrics Registry : ratis.state_machine.fdb3e943-d8be-440f-921f-162f76ce2c35@group-287E0F896909
2021-02-04 10:28:16,122 [ForkJoinPool.commonPool-worker-1] INFO  server.RaftServer$Division (ServerState.java:close(405)) - fdb3e943-d8be-440f-921f-162f76ce2c35@group-287E0F896909: closes. applyIndex: 0
2021-02-04 10:28:16,123 [fdb3e943-d8be-440f-921f-162f76ce2c35@group-287E0F896909-SegmentedRaftLogWorker] INFO  segmented.SegmentedRaftLogWorker (SegmentedRaftLogWorker.java:run(326)) - fdb3e943-d8be-440f-921f-162f76ce2c35@group-287E0F896909-SegmentedRaftLogWorker was interrupted, exiting. There are 0 tasks remaining in the queue.
2021-02-04 10:28:16,123 [ForkJoinPool.commonPool-worker-1] INFO  segmented.SegmentedRaftLogWorker (SegmentedRaftLogWorker.java:close(236)) - fdb3e943-d8be-440f-921f-162f76ce2c35@group-287E0F896909-SegmentedRaftLogWorker close()
2021-02-04 10:28:16,123 [ForkJoinPool.commonPool-worker-1] INFO  metrics.RatisMetrics (RatisMetrics.java:unregister(43)) - Unregistering Metrics Registry : ratis.log_worker.fdb3e943-d8be-440f-921f-162f76ce2c35@group-287E0F896909
2021-02-04 10:28:16,123 [ForkJoinPool.commonPool-worker-1] INFO  metrics.RatisMetrics (RatisMetrics.java:unregister(43)) - Unregistering Metrics Registry : ratis.leader_election.fdb3e943-d8be-440f-921f-162f76ce2c35@group-287E0F896909
2021-02-04 10:28:16,124 [ForkJoinPool.commonPool-worker-1] INFO  metrics.RatisMetrics (RatisMetrics.java:unregister(43)) - Unregistering Metrics Registry : ratis.server.fdb3e943-d8be-440f-921f-162f76ce2c35@group-287E0F896909
2021-02-04 10:28:16,124 [ForkJoinPool.commonPool-worker-1] INFO  server.RaftServer$Division (RaftServerImpl.java:lambda$close$4(406)) - fdb3e943-d8be-440f-921f-162f76ce2c35@group-DCC2209809C3: shutdown
2021-02-04 10:28:16,124 [ForkJoinPool.commonPool-worker-1] INFO  util.JmxRegister (JmxRegister.java:unregister(73)) - Successfully un-registered JMX Bean with object name Ratis:service=RaftServer,group=group-DCC2209809C3,id=fdb3e943-d8be-440f-921f-162f76ce2c35
2021-02-04 10:28:16,124 [ForkJoinPool.commonPool-worker-1] INFO  impl.RoleInfo (RoleInfo.java:shutdownFollowerState(108)) - fdb3e943-d8be-440f-921f-162f76ce2c35: shutdown fdb3e943-d8be-440f-921f-162f76ce2c35@group-DCC2209809C3-FollowerState
2021-02-04 10:28:16,124 [ForkJoinPool.commonPool-worker-1] INFO  impl.StateMachineUpdater (StateMachineUpdater.java:stopAndJoin(148)) - fdb3e943-d8be-440f-921f-162f76ce2c35@group-DCC2209809C3-StateMachineUpdater: set stopIndex = 0
2021-02-04 10:28:16,124 [Thread-726] INFO  impl.FollowerState (FollowerState.java:run(142)) - fdb3e943-d8be-440f-921f-162f76ce2c35@group-DCC2209809C3-FollowerState was interrupted: {}
java.lang.InterruptedException: sleep interrupted
	at java.lang.Thread.sleep(Native Method)
	at java.lang.Thread.sleep(Thread.java:340)
	at java.util.concurrent.TimeUnit.sleep(TimeUnit.java:386)
	at org.apache.ratis.util.TimeDuration.sleep(TimeDuration.java:324)
	at org.apache.ratis.util.TimeDuration.sleep(TimeDuration.java:309)
	at org.apache.ratis.server.impl.FollowerState.run(FollowerState.java:117)
2021-02-04 10:28:16,124 [fdb3e943-d8be-440f-921f-162f76ce2c35@group-DCC2209809C3-StateMachineUpdater] INFO  ratis.ContainerStateMachine (ContainerStateMachine.java:takeSnapshot(291)) - group-DCC2209809C3: Taking a snapshot at:(t:15, i:0) file /github/workspace/mnt/ozone/hadoop-ozone/integration-test/target/test-dir/MiniOzoneClusterImpl-8a71bc08-f84f-4acb-943b-12476b4f0d69/datanode-2/data/ratis/a2b35f7a-7b1a-444b-aa3a-dcc2209809c3/sm/snapshot.15_0
2021-02-04 10:28:16,125 [fdb3e943-d8be-440f-921f-162f76ce2c35@group-DCC2209809C3-StateMachineUpdater] INFO  ratis.ContainerStateMachine (ContainerStateMachine.java:takeSnapshot(302)) - group-DCC2209809C3: Finished taking a snapshot at:(t:15, i:0) file:/github/workspace/mnt/ozone/hadoop-ozone/integration-test/target/test-dir/MiniOzoneClusterImpl-8a71bc08-f84f-4acb-943b-12476b4f0d69/datanode-2/data/ratis/a2b35f7a-7b1a-444b-aa3a-dcc2209809c3/sm/snapshot.15_0 took: 1 ms
2021-02-04 10:28:16,125 [fdb3e943-d8be-440f-921f-162f76ce2c35@group-DCC2209809C3-StateMachineUpdater] INFO  impl.StateMachineUpdater (StateMachineUpdater.java:takeSnapshot(279)) - fdb3e943-d8be-440f-921f-162f76ce2c35@group-DCC2209809C3-StateMachineUpdater: Took a snapshot at index 0
2021-02-04 10:28:16,125 [fdb3e943-d8be-440f-921f-162f76ce2c35@group-DCC2209809C3-StateMachineUpdater] INFO  impl.StateMachineUpdater (StateMachineUpdater.java:lambda$new$0(88)) - fdb3e943-d8be-440f-921f-162f76ce2c35@group-DCC2209809C3-StateMachineUpdater: snapshotIndex: updateIncreasingly -1 -> 0
2021-02-04 10:28:16,125 [fdb3e943-d8be-440f-921f-162f76ce2c35@group-DCC2209809C3-StateMachineUpdater] INFO  metrics.RatisMetrics (RatisMetrics.java:unregister(43)) - Unregistering Metrics Registry : ratis.state_machine.fdb3e943-d8be-440f-921f-162f76ce2c35@group-DCC2209809C3
2021-02-04 10:28:16,125 [ForkJoinPool.commonPool-worker-1] INFO  server.RaftServer$Division (ServerState.java:close(405)) - fdb3e943-d8be-440f-921f-162f76ce2c35@group-DCC2209809C3: closes. applyIndex: 0
2021-02-04 10:28:16,126 [fdb3e943-d8be-440f-921f-162f76ce2c35@group-DCC2209809C3-SegmentedRaftLogWorker] INFO  segmented.SegmentedRaftLogWorker (SegmentedRaftLogWorker.java:run(326)) - fdb3e943-d8be-440f-921f-162f76ce2c35@group-DCC2209809C3-SegmentedRaftLogWorker was interrupted, exiting. There are 0 tasks remaining in the queue.
2021-02-04 10:28:16,126 [ForkJoinPool.commonPool-worker-1] INFO  segmented.SegmentedRaftLogWorker (SegmentedRaftLogWorker.java:close(236)) - fdb3e943-d8be-440f-921f-162f76ce2c35@group-DCC2209809C3-SegmentedRaftLogWorker close()
2021-02-04 10:28:16,126 [ForkJoinPool.commonPool-worker-1] INFO  metrics.RatisMetrics (RatisMetrics.java:unregister(43)) - Unregistering Metrics Registry : ratis.log_worker.fdb3e943-d8be-440f-921f-162f76ce2c35@group-DCC2209809C3
2021-02-04 10:28:16,126 [ForkJoinPool.commonPool-worker-1] INFO  metrics.RatisMetrics (RatisMetrics.java:unregister(43)) - Unregistering Metrics Registry : ratis.leader_election.fdb3e943-d8be-440f-921f-162f76ce2c35@group-DCC2209809C3
2021-02-04 10:28:16,126 [ForkJoinPool.commonPool-worker-1] INFO  metrics.RatisMetrics (RatisMetrics.java:unregister(43)) - Unregistering Metrics Registry : ratis.server.fdb3e943-d8be-440f-921f-162f76ce2c35@group-DCC2209809C3
2021-02-04 10:28:16,126 [ForkJoinPool.commonPool-worker-1] INFO  server.GrpcService (GrpcService.java:closeImpl(262)) - fdb3e943-d8be-440f-921f-162f76ce2c35: shutdown server with port 42057 now
2021-02-04 10:28:16,131 [ForkJoinPool.commonPool-worker-1] INFO  server.GrpcService (GrpcService.java:closeImpl(271)) - fdb3e943-d8be-440f-921f-162f76ce2c35: shutdown server with port 42057 successfully
2021-02-04 10:28:16,131 [org.apache.ratis.util.JvmPauseMonitor$$Lambda$504/488733670@5c05dcce] INFO  util.JvmPauseMonitor (JvmPauseMonitor.java:run(109)) - JvmPauseMonitor-fdb3e943-d8be-440f-921f-162f76ce2c35: Stopped
2021-02-04 10:28:16,132 [ForkJoinPool.commonPool-worker-1] INFO  utils.BackgroundService (BackgroundService.java:shutdown(132)) - Shutting down service BlockDeletingService
2021-02-04 10:28:16,133 [ForkJoinPool.commonPool-worker-1] INFO  statemachine.DatanodeStateMachine (DatanodeStateMachine.java:stopDaemon(470)) - Ozone container server stopped.
2021-02-04 10:28:16,141 [ForkJoinPool.commonPool-worker-1] INFO  handler.ContextHandler (ContextHandler.java:doStop(1154)) - Stopped o.e.j.w.WebAppContext@21f3103b{hddsDatanode,/,null,STOPPED}{jar:file:/home/user/.m2/repository/org/apache/hadoop/hadoop-hdds-container-service/1.1.0-SNAPSHOT/hadoop-hdds-container-service-1.1.0-SNAPSHOT.jar!/webapps/hddsDatanode}
2021-02-04 10:28:16,142 [ForkJoinPool.commonPool-worker-1] INFO  server.AbstractConnector (AbstractConnector.java:doStop(381)) - Stopped ServerConnector@62e0fbec{HTTP/1.1, (http/1.1)}{0.0.0.0:0}
2021-02-04 10:28:16,142 [ForkJoinPool.commonPool-worker-1] INFO  server.session (HouseKeeper.java:stopScavenging(149)) - node0 Stopped scavenging
2021-02-04 10:28:16,142 [ForkJoinPool.commonPool-worker-1] INFO  handler.ContextHandler (ContextHandler.java:doStop(1154)) - Stopped o.e.j.s.ServletContextHandler@350ef4c0{static,/static,jar:file:/home/user/.m2/repository/org/apache/hadoop/hadoop-hdds-container-service/1.1.0-SNAPSHOT/hadoop-hdds-container-service-1.1.0-SNAPSHOT.jar!/webapps/static,STOPPED}
2021-02-04 10:28:16,142 [ForkJoinPool.commonPool-worker-1] INFO  handler.ContextHandler (ContextHandler.java:doStop(1154)) - Stopped o.e.j.s.ServletContextHandler@6ae181a9{logs,/logs,file:///github/workspace/mnt/ozone/hadoop-ozone/integration-test/target/log,STOPPED}
2021-02-04 10:28:16,143 [Time-limited test] INFO  ozone.MiniOzoneClusterImpl (MiniOzoneClusterImpl.java:stopSCM(478)) - Stopping the StorageContainerManager
2021-02-04 10:28:16,143 [Time-limited test] INFO  server.StorageContainerManager (StorageContainerManager.java:stop(832)) - Stopping Replication Manager Service.
2021-02-04 10:28:16,143 [Time-limited test] INFO  container.ReplicationManager (ReplicationManager.java:stop(234)) - Replication Monitor Thread is not running.
2021-02-04 10:28:16,143 [Time-limited test] INFO  server.StorageContainerManager (StorageContainerManager.java:stop(839)) - Stopping the Datanode Admin Monitor.
2021-02-04 10:28:16,143 [Time-limited test] INFO  server.StorageContainerManager (StorageContainerManager.java:stop(846)) - Stopping Lease Manager of the command watchers
2021-02-04 10:28:16,143 [Time-limited test] ERROR server.StorageContainerManager (StorageContainerManager.java:stop(849)) - Lease Manager of the command watchers stop failed
2021-02-04 10:28:16,143 [Time-limited test] INFO  server.StorageContainerManager (StorageContainerManager.java:stop(853)) - Stopping datanode service RPC server
2021-02-04 10:28:16,143 [Time-limited test] INFO  server.SCMDatanodeProtocolServer (SCMDatanodeProtocolServer.java:stop(369)) - Stopping the RPC server for DataNodes
2021-02-04 10:28:16,144 [Time-limited test] INFO  ipc.Server (Server.java:stop(3403)) - Stopping server on 40683
2021-02-04 10:28:16,144 [Time-limited test] INFO  server.StorageContainerManager (StorageContainerManager.java:stop(861)) - Stopping block service RPC server
2021-02-04 10:28:16,144 [Time-limited test] INFO  server.SCMBlockProtocolServer (SCMBlockProtocolServer.java:stop(159)) - Stopping the RPC server for Block Protocol
2021-02-04 10:28:16,144 [Time-limited test] INFO  ipc.Server (Server.java:stop(3403)) - Stopping server on 38753
2021-02-04 10:28:16,144 [Time-limited test] INFO  server.StorageContainerManager (StorageContainerManager.java:stop(868)) - Stopping the StorageContainerLocationProtocol RPC server
2021-02-04 10:28:16,144 [Time-limited test] INFO  server.SCMClientProtocolServer (SCMClientProtocolServer.java:stop(168)) - Stopping the RPC server for Client Protocol
2021-02-04 10:28:16,144 [Time-limited test] INFO  ipc.Server (Server.java:stop(3403)) - Stopping server on 43067
2021-02-04 10:28:16,144 [Time-limited test] INFO  server.StorageContainerManager (StorageContainerManager.java:stop(875)) - Stopping Storage Container Manager HTTP server.
2021-02-04 10:28:16,144 [Time-limited test] INFO  server.StorageContainerManager (StorageContainerManager.java:stop(886)) - Stopping Block Manager Service.
2021-02-04 10:28:16,144 [Time-limited test] INFO  utils.BackgroundService (BackgroundService.java:shutdown(132)) - Shutting down service SCMBlockDeletingService
2021-02-04 10:28:16,144 [Time-limited test] INFO  utils.BackgroundService (BackgroundService.java:shutdown(132)) - Shutting down service SCMBlockDeletingService
2021-02-04 10:28:16,144 [Time-limited test] INFO  server.StorageContainerManager (StorageContainerManager.java:stop(911)) - Stopping SCM Event Queue.
2021-02-04 10:28:16,145 [Time-limited test] ERROR pipeline.SCMPipelineManager (SCMPipelineManager.java:close(718)) - Pipeline  store close failed
java.lang.NullPointerException
	at org.apache.hadoop.hdds.scm.pipeline.SCMPipelineManager.close(SCMPipelineManager.java:715)
	at org.apache.hadoop.io.IOUtils.cleanupWithLogger(IOUtils.java:280)
	at org.apache.hadoop.hdds.scm.server.StorageContainerManager.stop(StorageContainerManager.java:921)
	at org.apache.hadoop.ozone.MiniOzoneClusterImpl.stopSCM(MiniOzoneClusterImpl.java:479)
	at org.apache.hadoop.ozone.MiniOzoneClusterImpl.stop(MiniOzoneClusterImpl.java:407)
	at org.apache.hadoop.ozone.MiniOzoneClusterImpl.shutdown(MiniOzoneClusterImpl.java:393)
	at org.apache.hadoop.ozone.TestMiniOzoneCluster.cleanup(TestMiniOzoneCluster.java:99)
	at sun.reflect.NativeMethodAccessorImpl.invoke0(Native Method)
	at sun.reflect.NativeMethodAccessorImpl.invoke(NativeMethodAccessorImpl.java:62)
	at sun.reflect.DelegatingMethodAccessorImpl.invoke(DelegatingMethodAccessorImpl.java:43)
	at java.lang.reflect.Method.invoke(Method.java:498)
	at org.junit.runners.model.FrameworkMethod$1.runReflectiveCall(FrameworkMethod.java:59)
	at org.junit.internal.runners.model.ReflectiveCallable.run(ReflectiveCallable.java:12)
	at org.junit.runners.model.FrameworkMethod.invokeExplosively(FrameworkMethod.java:56)
	at org.junit.internal.runners.statements.RunAfters.invokeMethod(RunAfters.java:46)
	at org.junit.internal.runners.statements.RunAfters.evaluate(RunAfters.java:33)
	at org.junit.internal.runners.statements.FailOnTimeout$CallableStatement.call(FailOnTimeout.java:288)
	at org.junit.internal.runners.statements.FailOnTimeout$CallableStatement.call(FailOnTimeout.java:282)
	at java.util.concurrent.FutureTask.run(FutureTask.java:266)
	at java.lang.Thread.run(Thread.java:748)
2021-02-04 10:28:16,145 [Time-limited test] INFO  impl.MetricsSystemImpl (MetricsSystemImpl.java:stop(210)) - Stopping HddsDatanode metrics system...
2021-02-04 10:28:16,146 [prometheus] INFO  impl.MetricsSinkAdapter (MetricsSinkAdapter.java:publishMetricsFromQueue(141)) - prometheus thread interrupted.
2021-02-04 10:28:16,146 [Time-limited test] INFO  impl.MetricsSystemImpl (MetricsSystemImpl.java:stop(216)) - HddsDatanode metrics system stopped.
]]></system-out>
  </testcase>
  <testcase name="testDatanodeIDPersistent" classname="org.apache.hadoop.ozone.TestMiniOzoneCluster" time="0.017"/>
  <testcase name="testContainerRandomPort" classname="org.apache.hadoop.ozone.TestMiniOzoneCluster" time="0.161"/>
</testsuite>