<?xml version="1.0" encoding="UTF-8"?>
<testsuite xmlns:xsi="http://www.w3.org/2001/XMLSchema-instance" xsi:noNamespaceSchemaLocation="https://maven.apache.org/surefire/maven-surefire-plugin/xsd/surefire-test-report.xsd" name="org.apache.hadoop.ozone.client.rpc.TestReadRetries" time="55.359" tests="1" errors="0" skipped="0" failures="1">
  <properties>
    <property name="awt.toolkit" value="sun.awt.X11.XToolkit"/>
    <property name="file.encoding.pkg" value="sun.io"/>
    <property name="java.specification.version" value="1.8"/>
    <property name="sun.cpu.isalist" value=""/>
    <property name="sun.jnu.encoding" value="ANSI_X3.4-1968"/>
    <property name="java.class.path" value="/github/workspace/mnt/ozone/hadoop-ozone/integration-test/target/test-classes:/github/workspace/mnt/ozone/hadoop-ozone/integration-test/target/classes:/home/user/.m2/repository/org/apache/hadoop/hadoop-ozone-common/0.6.0-SNAPSHOT/hadoop-ozone-common-0.6.0-SNAPSHOT.jar:/home/user/.m2/repository/org/apache/commons/commons-compress/1.4.1/commons-compress-1.4.1.jar:/home/user/.m2/repository/org/tukaani/xz/1.0/xz-1.0.jar:/home/user/.m2/repository/org/apache/hadoop/hadoop-hdds-common/0.6.0-SNAPSHOT/hadoop-hdds-common-0.6.0-SNAPSHOT.jar:/home/user/.m2/repository/info/picocli/picocli/3.9.6/picocli-3.9.6.jar:/home/user/.m2/repository/com/fasterxml/jackson/core/jackson-annotations/2.10.3/jackson-annotations-2.10.3.jar:/home/user/.m2/repository/javax/annotation/javax.annotation-api/1.2/javax.annotation-api-1.2.jar:/home/user/.m2/repository/org/apache/ratis/ratis-server/0.6.0-cac3336-SNAPSHOT/ratis-server-0.6.0-cac3336-SNAPSHOT.jar:/home/user/.m2/repository/org/apache/ratis/ratis-thirdparty-misc/0.4.0/ratis-thirdparty-misc-0.4.0.jar:/home/user/.m2/repository/org/apache/ratis/ratis-client/0.6.0-cac3336-SNAPSHOT/ratis-client-0.6.0-cac3336-SNAPSHOT.jar:/home/user/.m2/repository/org/apache/ratis/ratis-metrics/0.6.0-cac3336-SNAPSHOT/ratis-metrics-0.6.0-cac3336-SNAPSHOT.jar:/home/user/.m2/repository/org/apache/ratis/ratis-netty/0.6.0-cac3336-SNAPSHOT/ratis-netty-0.6.0-cac3336-SNAPSHOT.jar:/home/user/.m2/repository/org/apache/ratis/ratis-grpc/0.6.0-cac3336-SNAPSHOT/ratis-grpc-0.6.0-cac3336-SNAPSHOT.jar:/home/user/.m2/repository/org/apache/logging/log4j/log4j-api/2.11.0/log4j-api-2.11.0.jar:/home/user/.m2/repository/org/apache/logging/log4j/log4j-core/2.11.0/log4j-core-2.11.0.jar:/home/user/.m2/repository/com/lmax/disruptor/3.4.2/disruptor-3.4.2.jar:/home/user/.m2/repository/org/apache/commons/commons-pool2/2.6.0/commons-pool2-2.6.0.jar:/home/user/.m2/repository/org/bouncycastle/bcpkix-jdk15on/1.60/bcpkix-jdk15on-1.60.jar:/home/user/.m2/repository/commons-validator/commons-validator/1.6/commons-validator-1.6.jar:/home/user/.m2/repository/commons-digester/commons-digester/1.8.1/commons-digester-1.8.1.jar:/home/user/.m2/repository/io/jaegertracing/jaeger-client/1.2.0/jaeger-client-1.2.0.jar:/home/user/.m2/repository/io/jaegertracing/jaeger-thrift/1.2.0/jaeger-thrift-1.2.0.jar:/home/user/.m2/repository/org/apache/thrift/libthrift/0.13.0/libthrift-0.13.0.jar:/home/user/.m2/repository/com/squareup/okhttp3/okhttp/4.2.2/okhttp-4.2.2.jar:/home/user/.m2/repository/com/squareup/okio/okio/2.2.2/okio-2.2.2.jar:/home/user/.m2/repository/org/jetbrains/kotlin/kotlin-stdlib/1.3.50/kotlin-stdlib-1.3.50.jar:/home/user/.m2/repository/org/jetbrains/kotlin/kotlin-stdlib-common/1.3.50/kotlin-stdlib-common-1.3.50.jar:/home/user/.m2/repository/org/jetbrains/annotations/13.0/annotations-13.0.jar:/home/user/.m2/repository/io/jaegertracing/jaeger-core/1.2.0/jaeger-core-1.2.0.jar:/home/user/.m2/repository/io/jaegertracing/jaeger-tracerresolver/1.2.0/jaeger-tracerresolver-1.2.0.jar:/home/user/.m2/repository/io/opentracing/contrib/opentracing-tracerresolver/0.1.8/opentracing-tracerresolver-0.1.8.jar:/home/user/.m2/repository/io/opentracing/opentracing-util/0.33.0/opentracing-util-0.33.0.jar:/home/user/.m2/repository/io/opentracing/opentracing-api/0.33.0/opentracing-api-0.33.0.jar:/home/user/.m2/repository/io/opentracing/opentracing-noop/0.33.0/opentracing-noop-0.33.0.jar:/home/user/.m2/repository/org/apache/hadoop/hadoop-hdds-client/0.6.0-SNAPSHOT/hadoop-hdds-client-0.6.0-SNAPSHOT.jar:/home/user/.m2/repository/org/apache/hadoop/hadoop-hdds-test-utils/0.6.0-SNAPSHOT/hadoop-hdds-test-utils-0.6.0-SNAPSHOT.jar:/home/user/.m2/repository/com/google/guava/guava/28.2-jre/guava-28.2-jre.jar:/home/user/.m2/repository/com/google/guava/failureaccess/1.0.1/failureaccess-1.0.1.jar:/home/user/.m2/repository/com/google/guava/listenablefuture/9999.0-empty-to-avoid-conflict-with-guava/listenablefuture-9999.0-empty-to-avoid-conflict-with-guava.jar:/home/user/.m2/repository/com/google/code/findbugs/jsr305/3.0.0/jsr305-3.0.0.jar:/home/user/.m2/repository/org/checkerframework/checker-qual/2.10.0/checker-qual-2.10.0.jar:/home/user/.m2/repository/com/google/errorprone/error_prone_annotations/2.2.0/error_prone_annotations-2.2.0.jar:/home/user/.m2/repository/com/google/j2objc/j2objc-annotations/1.3/j2objc-annotations-1.3.jar:/home/user/.m2/repository/commons-io/commons-io/2.5/commons-io-2.5.jar:/home/user/.m2/repository/commons-logging/commons-logging/1.2/commons-logging-1.2.jar:/home/user/.m2/repository/log4j/log4j/1.2.17/log4j-1.2.17.jar:/home/user/.m2/repository/org/slf4j/slf4j-api/1.7.25/slf4j-api-1.7.25.jar:/home/user/.m2/repository/org/apache/hadoop/hadoop-hdds-server-scm/0.6.0-SNAPSHOT/hadoop-hdds-server-scm-0.6.0-SNAPSHOT.jar:/home/user/.m2/repository/org/apache/hadoop/hadoop-hdds-container-service/0.6.0-SNAPSHOT/hadoop-hdds-container-service-0.6.0-SNAPSHOT.jar:/home/user/.m2/repository/org/apache/hadoop/hadoop-hdds-hadoop-dependency-server/0.6.0-SNAPSHOT/hadoop-hdds-hadoop-dependency-server-0.6.0-SNAPSHOT.jar:/home/user/.m2/repository/org/apache/hadoop/hadoop-hdds-server-framework/0.6.0-SNAPSHOT/hadoop-hdds-server-framework-0.6.0-SNAPSHOT.jar:/home/user/.m2/repository/org/rocksdb/rocksdbjni/6.6.4/rocksdbjni-6.6.4.jar:/home/user/.m2/repository/io/prometheus/simpleclient_dropwizard/0.7.0/simpleclient_dropwizard-0.7.0.jar:/home/user/.m2/repository/io/prometheus/simpleclient/0.7.0/simpleclient-0.7.0.jar:/home/user/.m2/repository/io/prometheus/simpleclient_common/0.7.0/simpleclient_common-0.7.0.jar:/home/user/.m2/repository/com/fasterxml/jackson/datatype/jackson-datatype-jsr310/2.10.3/jackson-datatype-jsr310-2.10.3.jar:/home/user/.m2/repository/org/apache/hadoop/hadoop-hdds-docs/0.6.0-SNAPSHOT/hadoop-hdds-docs-0.6.0-SNAPSHOT.jar:/home/user/.m2/repository/io/dropwizard/metrics/metrics-core/3.2.4/metrics-core-3.2.4.jar:/home/user/.m2/repository/org/apache/hadoop/hadoop-hdfs-client/3.2.0/hadoop-hdfs-client-3.2.0.jar:/home/user/.m2/repository/org/bouncycastle/bcprov-jdk15on/1.60/bcprov-jdk15on-1.60.jar:/home/user/.m2/repository/org/apache/hadoop/hadoop-ozone-ozone-manager/0.6.0-SNAPSHOT/hadoop-ozone-ozone-manager-0.6.0-SNAPSHOT.jar:/home/user/.m2/repository/org/apache/hadoop/hadoop-minikdc/3.2.0/hadoop-minikdc-3.2.0.jar:/home/user/.m2/repository/org/apache/kerby/kerb-simplekdc/1.0.1/kerb-simplekdc-1.0.1.jar:/home/user/.m2/repository/org/apache/kerby/kerb-client/1.0.1/kerb-client-1.0.1.jar:/home/user/.m2/repository/org/apache/kerby/kerby-config/1.0.1/kerby-config-1.0.1.jar:/home/user/.m2/repository/org/apache/kerby/kerb-core/1.0.1/kerb-core-1.0.1.jar:/home/user/.m2/repository/org/apache/kerby/kerby-pkix/1.0.1/kerby-pkix-1.0.1.jar:/home/user/.m2/repository/org/apache/kerby/kerby-asn1/1.0.1/kerby-asn1-1.0.1.jar:/home/user/.m2/repository/org/apache/kerby/kerby-util/1.0.1/kerby-util-1.0.1.jar:/home/user/.m2/repository/org/apache/kerby/kerb-common/1.0.1/kerb-common-1.0.1.jar:/home/user/.m2/repository/org/apache/kerby/kerb-crypto/1.0.1/kerb-crypto-1.0.1.jar:/home/user/.m2/repository/org/apache/kerby/kerb-util/1.0.1/kerb-util-1.0.1.jar:/home/user/.m2/repository/org/apache/kerby/token-provider/1.0.1/token-provider-1.0.1.jar:/home/user/.m2/repository/org/apache/kerby/kerb-admin/1.0.1/kerb-admin-1.0.1.jar:/home/user/.m2/repository/org/apache/kerby/kerb-server/1.0.1/kerb-server-1.0.1.jar:/home/user/.m2/repository/org/apache/kerby/kerb-identity/1.0.1/kerb-identity-1.0.1.jar:/home/user/.m2/repository/org/apache/kerby/kerby-xdr/1.0.1/kerby-xdr-1.0.1.jar:/home/user/.m2/repository/org/slf4j/slf4j-log4j12/1.7.25/slf4j-log4j12-1.7.25.jar:/home/user/.m2/repository/org/apache/hadoop/hadoop-ozone-s3gateway/0.6.0-SNAPSHOT/hadoop-ozone-s3gateway-0.6.0-SNAPSHOT.jar:/home/user/.m2/repository/org/jboss/weld/servlet/weld-servlet/2.4.7.Final/weld-servlet-2.4.7.Final.jar:/home/user/.m2/repository/org/glassfish/jersey/containers/jersey-container-servlet-core/2.27/jersey-container-servlet-core-2.27.jar:/home/user/.m2/repository/org/glassfish/hk2/external/javax.inject/2.5.0-b42/javax.inject-2.5.0-b42.jar:/home/user/.m2/repository/org/glassfish/jersey/core/jersey-common/2.27/jersey-common-2.27.jar:/home/user/.m2/repository/org/glassfish/hk2/osgi-resource-locator/1.0.1/osgi-resource-locator-1.0.1.jar:/home/user/.m2/repository/javax/ws/rs/javax.ws.rs-api/2.1/javax.ws.rs-api-2.1.jar:/home/user/.m2/repository/org/glassfish/jersey/ext/cdi/jersey-cdi1x/2.27/jersey-cdi1x-2.27.jar:/home/user/.m2/repository/org/glassfish/jersey/inject/jersey-hk2/2.27/jersey-hk2-2.27.jar:/home/user/.m2/repository/org/glassfish/hk2/hk2-locator/2.5.0-b42/hk2-locator-2.5.0-b42.jar:/home/user/.m2/repository/org/javassist/javassist/3.22.0-CR2/javassist-3.22.0-CR2.jar:/home/user/.m2/repository/org/glassfish/hk2/hk2-api/2.5.0/hk2-api-2.5.0.jar:/home/user/.m2/repository/org/glassfish/hk2/external/jakarta.inject/2.5.0/jakarta.inject-2.5.0.jar:/home/user/.m2/repository/org/glassfish/hk2/hk2-utils/2.5.0/hk2-utils-2.5.0.jar:/home/user/.m2/repository/jakarta/annotation/jakarta.annotation-api/1.3.4/jakarta.annotation-api-1.3.4.jar:/home/user/.m2/repository/org/glassfish/hk2/external/aopalliance-repackaged/2.5.0/aopalliance-repackaged-2.5.0.jar:/home/user/.m2/repository/com/fasterxml/jackson/dataformat/jackson-dataformat-xml/2.10.3/jackson-dataformat-xml-2.10.3.jar:/home/user/.m2/repository/com/fasterxml/jackson/core/jackson-core/2.10.3/jackson-core-2.10.3.jar:/home/user/.m2/repository/com/fasterxml/jackson/module/jackson-module-jaxb-annotations/2.10.3/jackson-module-jaxb-annotations-2.10.3.jar:/home/user/.m2/repository/jakarta/xml/bind/jakarta.xml.bind-api/2.3.2/jakarta.xml.bind-api-2.3.2.jar:/home/user/.m2/repository/jakarta/activation/jakarta.activation-api/1.2.1/jakarta.activation-api-1.2.1.jar:/home/user/.m2/repository/org/codehaus/woodstox/stax2-api/3.1.4/stax2-api-3.1.4.jar:/home/user/.m2/repository/com/fasterxml/woodstox/woodstox-core/5.0.3/woodstox-core-5.0.3.jar:/home/user/.m2/repository/javax/enterprise/cdi-api/1.2/cdi-api-1.2.jar:/home/user/.m2/repository/javax/el/javax.el-api/3.0.0/javax.el-api-3.0.0.jar:/home/user/.m2/repository/javax/interceptor/javax.interceptor-api/1.2/javax.interceptor-api-1.2.jar:/home/user/.m2/repository/javax/inject/javax.inject/1/javax.inject-1.jar:/home/user/.m2/repository/com/sun/xml/bind/jaxb-impl/2.3.0.1/jaxb-impl-2.3.0.1.jar:/home/user/.m2/repository/com/sun/xml/bind/jaxb-core/2.3.0.1/jaxb-core-2.3.0.1.jar:/home/user/.m2/repository/javax/xml/bind/jaxb-api/2.3.0/jaxb-api-2.3.0.jar:/home/user/.m2/repository/javax/activation/activation/1.1.1/activation-1.1.1.jar:/home/user/.m2/repository/org/apache/hadoop/hadoop-ozone-csi/0.6.0-SNAPSHOT/hadoop-ozone-csi-0.6.0-SNAPSHOT.jar:/home/user/.m2/repository/com/google/protobuf/protobuf-java-util/3.11.0/protobuf-java-util-3.11.0.jar:/home/user/.m2/repository/com/google/code/gson/gson/2.2.4/gson-2.2.4.jar:/home/user/.m2/repository/org/apache/hadoop/hadoop-hdds-config/0.6.0-SNAPSHOT/hadoop-hdds-config-0.6.0-SNAPSHOT.jar:/home/user/.m2/repository/com/google/protobuf/protobuf-java/2.5.0/protobuf-java-2.5.0.jar:/home/user/.m2/repository/io/grpc/grpc-netty/1.28.1/grpc-netty-1.28.1.jar:/home/user/.m2/repository/io/grpc/grpc-core/1.28.1/grpc-core-1.28.1.jar:/home/user/.m2/repository/com/google/android/annotations/4.1.1.4/annotations-4.1.1.4.jar:/home/user/.m2/repository/io/perfmark/perfmark-api/0.19.0/perfmark-api-0.19.0.jar:/home/user/.m2/repository/io/netty/netty-codec-http2/4.1.45.Final/netty-codec-http2-4.1.45.Final.jar:/home/user/.m2/repository/io/netty/netty-codec/4.1.45.Final/netty-codec-4.1.45.Final.jar:/home/user/.m2/repository/io/netty/netty-handler/4.1.45.Final/netty-handler-4.1.45.Final.jar:/home/user/.m2/repository/io/netty/netty-codec-http/4.1.45.Final/netty-codec-http-4.1.45.Final.jar:/home/user/.m2/repository/io/netty/netty-handler-proxy/4.1.45.Final/netty-handler-proxy-4.1.45.Final.jar:/home/user/.m2/repository/io/netty/netty-codec-socks/4.1.45.Final/netty-codec-socks-4.1.45.Final.jar:/home/user/.m2/repository/io/netty/netty-transport-native-epoll/4.1.48.Final/netty-transport-native-epoll-4.1.48.Final.jar:/home/user/.m2/repository/io/netty/netty-common/4.1.48.Final/netty-common-4.1.48.Final.jar:/home/user/.m2/repository/io/netty/netty-buffer/4.1.48.Final/netty-buffer-4.1.48.Final.jar:/home/user/.m2/repository/io/netty/netty-transport/4.1.48.Final/netty-transport-4.1.48.Final.jar:/home/user/.m2/repository/io/netty/netty-resolver/4.1.48.Final/netty-resolver-4.1.48.Final.jar:/home/user/.m2/repository/io/netty/netty-transport-native-unix-common/4.1.48.Final/netty-transport-native-unix-common-4.1.48.Final.jar:/home/user/.m2/repository/io/grpc/grpc-protobuf/1.28.1/grpc-protobuf-1.28.1.jar:/home/user/.m2/repository/io/grpc/grpc-api/1.28.1/grpc-api-1.28.1.jar:/home/user/.m2/repository/io/grpc/grpc-context/1.28.1/grpc-context-1.28.1.jar:/home/user/.m2/repository/org/codehaus/mojo/animal-sniffer-annotations/1.18/animal-sniffer-annotations-1.18.jar:/home/user/.m2/repository/com/google/api/grpc/proto-google-common-protos/1.17.0/proto-google-common-protos-1.17.0.jar:/home/user/.m2/repository/io/grpc/grpc-protobuf-lite/1.28.1/grpc-protobuf-lite-1.28.1.jar:/home/user/.m2/repository/io/grpc/grpc-stub/1.28.1/grpc-stub-1.28.1.jar:/home/user/.m2/repository/org/apache/hadoop/hadoop-ozone-recon/0.6.0-SNAPSHOT/hadoop-ozone-recon-0.6.0-SNAPSHOT.jar:/home/user/.m2/repository/org/apache/hadoop/hadoop-ozone-reconcodegen/0.6.0-SNAPSHOT/hadoop-ozone-reconcodegen-0.6.0-SNAPSHOT.jar:/home/user/.m2/repository/com/google/inject/extensions/guice-multibindings/4.0/guice-multibindings-4.0.jar:/home/user/.m2/repository/com/google/inject/guice/4.0/guice-4.0.jar:/home/user/.m2/repository/aopalliance/aopalliance/1.0/aopalliance-1.0.jar:/home/user/.m2/repository/com/google/inject/extensions/guice-assistedinject/4.0/guice-assistedinject-4.0.jar:/home/user/.m2/repository/com/google/inject/extensions/guice-servlet/4.0/guice-servlet-4.0.jar:/home/user/.m2/repository/org/glassfish/jersey/containers/jersey-container-servlet/2.27/jersey-container-servlet-2.27.jar:/home/user/.m2/repository/org/glassfish/hk2/guice-bridge/2.5.0/guice-bridge-2.5.0.jar:/home/user/.m2/repository/org/glassfish/jersey/core/jersey-server/2.27/jersey-server-2.27.jar:/home/user/.m2/repository/org/glassfish/jersey/core/jersey-client/2.27/jersey-client-2.27.jar:/home/user/.m2/repository/org/glassfish/jersey/media/jersey-media-jaxb/2.27/jersey-media-jaxb-2.27.jar:/home/user/.m2/repository/javax/validation/validation-api/1.1.0.Final/validation-api-1.1.0.Final.jar:/home/user/.m2/repository/org/glassfish/jersey/media/jersey-media-json-jackson/2.27/jersey-media-json-jackson-2.27.jar:/home/user/.m2/repository/org/glassfish/jersey/ext/jersey-entity-filtering/2.27/jersey-entity-filtering-2.27.jar:/home/user/.m2/repository/org/jooq/jooq/3.11.10/jooq-3.11.10.jar:/home/user/.m2/repository/org/jooq/jooq-meta/3.11.10/jooq-meta-3.11.10.jar:/home/user/.m2/repository/org/jooq/jooq-codegen/3.11.10/jooq-codegen-3.11.10.jar:/home/user/.m2/repository/com/jolbox/bonecp/0.8.0.RELEASE/bonecp-0.8.0.RELEASE.jar:/home/user/.m2/repository/org/apache/derby/derby/10.14.2.0/derby-10.14.2.0.jar:/home/user/.m2/repository/org/xerial/sqlite-jdbc/3.25.2/sqlite-jdbc-3.25.2.jar:/home/user/.m2/repository/org/springframework/spring-jdbc/5.2.5.RELEASE/spring-jdbc-5.2.5.RELEASE.jar:/home/user/.m2/repository/org/springframework/spring-beans/5.2.5.RELEASE/spring-beans-5.2.5.RELEASE.jar:/home/user/.m2/repository/org/springframework/spring-core/5.2.5.RELEASE/spring-core-5.2.5.RELEASE.jar:/home/user/.m2/repository/org/springframework/spring-jcl/5.2.5.RELEASE/spring-jcl-5.2.5.RELEASE.jar:/home/user/.m2/repository/org/springframework/spring-tx/5.2.5.RELEASE/spring-tx-5.2.5.RELEASE.jar:/home/user/.m2/repository/org/apache/hadoop/hadoop-ozone-client/0.6.0-SNAPSHOT/hadoop-ozone-client-0.6.0-SNAPSHOT.jar:/home/user/.m2/repository/org/apache/hadoop/hadoop-ozone-filesystem/0.6.0-SNAPSHOT/hadoop-ozone-filesystem-0.6.0-SNAPSHOT.jar:/home/user/.m2/repository/org/apache/hadoop/hadoop-hdds-hadoop-dependency-client/0.6.0-SNAPSHOT/hadoop-hdds-hadoop-dependency-client-0.6.0-SNAPSHOT.jar:/home/user/.m2/repository/org/apache/hadoop/hadoop-ozone-tools/0.6.0-SNAPSHOT/hadoop-ozone-tools-0.6.0-SNAPSHOT.jar:/home/user/.m2/repository/org/apache/hadoop/hadoop-hdfs/3.2.0/hadoop-hdfs-3.2.0.jar:/home/user/.m2/repository/org/apache/ratis/ratis-tools/0.6.0-cac3336-SNAPSHOT/ratis-tools-0.6.0-cac3336-SNAPSHOT.jar:/home/user/.m2/repository/org/apache/ratis/ratis-proto/0.6.0-cac3336-SNAPSHOT/ratis-proto-0.6.0-cac3336-SNAPSHOT.jar:/home/user/.m2/repository/org/apache/ratis/ratis-common/0.6.0-cac3336-SNAPSHOT/ratis-common-0.6.0-cac3336-SNAPSHOT.jar:/home/user/.m2/repository/com/amazonaws/aws-java-sdk-core/1.11.615/aws-java-sdk-core-1.11.615.jar:/home/user/.m2/repository/org/apache/httpcomponents/httpclient/4.5.2/httpclient-4.5.2.jar:/home/user/.m2/repository/org/apache/httpcomponents/httpcore/4.4.4/httpcore-4.4.4.jar:/home/user/.m2/repository/software/amazon/ion/ion-java/1.0.2/ion-java-1.0.2.jar:/home/user/.m2/repository/com/fasterxml/jackson/dataformat/jackson-dataformat-cbor/2.10.3/jackson-dataformat-cbor-2.10.3.jar:/home/user/.m2/repository/joda-time/joda-time/2.9.9/joda-time-2.9.9.jar:/home/user/.m2/repository/com/amazonaws/aws-java-sdk-s3/1.11.615/aws-java-sdk-s3-1.11.615.jar:/home/user/.m2/repository/com/amazonaws/aws-java-sdk-kms/1.11.615/aws-java-sdk-kms-1.11.615.jar:/home/user/.m2/repository/com/amazonaws/jmespath-java/1.11.615/jmespath-java-1.11.615.jar:/home/user/.m2/repository/org/apache/hadoop/hadoop-hdds-tools/0.6.0-SNAPSHOT/hadoop-hdds-tools-0.6.0-SNAPSHOT.jar:/home/user/.m2/repository/commons-cli/commons-cli/1.2/commons-cli-1.2.jar:/home/user/.m2/repository/org/apache/commons/commons-lang3/3.7/commons-lang3-3.7.jar:/home/user/.m2/repository/org/apache/hadoop/hadoop-ozone-ozone-manager/0.6.0-SNAPSHOT/hadoop-ozone-ozone-manager-0.6.0-SNAPSHOT-tests.jar:/home/user/.m2/repository/junit/junit/4.11/junit-4.11.jar:/home/user/.m2/repository/org/hamcrest/hamcrest-core/1.3/hamcrest-core-1.3.jar:/home/user/.m2/repository/org/openjdk/jmh/jmh-core/1.19/jmh-core-1.19.jar:/home/user/.m2/repository/net/sf/jopt-simple/jopt-simple/4.6/jopt-simple-4.6.jar:/home/user/.m2/repository/org/apache/commons/commons-math3/3.1.1/commons-math3-3.1.1.jar:/home/user/.m2/repository/org/openjdk/jmh/jmh-generator-annprocess/1.19/jmh-generator-annprocess-1.19.jar:/home/user/.m2/repository/org/mockito/mockito-all/1.8.5/mockito-all-1.8.5.jar:/home/user/.m2/repository/org/apache/hadoop/hadoop-kms/3.2.0/hadoop-kms-3.2.0.jar:/home/user/.m2/repository/org/apache/hadoop/hadoop-auth/3.2.0/hadoop-auth-3.2.0.jar:/home/user/.m2/repository/com/nimbusds/nimbus-jose-jwt/7.9/nimbus-jose-jwt-7.9.jar:/home/user/.m2/repository/com/github/stephenc/jcip/jcip-annotations/1.0-1/jcip-annotations-1.0-1.jar:/home/user/.m2/repository/net/minidev/json-smart/2.3/json-smart-2.3.jar:/home/user/.m2/repository/net/minidev/accessors-smart/1.2/accessors-smart-1.2.jar:/home/user/.m2/repository/org/ow2/asm/asm/5.0.4/asm-5.0.4.jar:/home/user/.m2/repository/org/apache/zookeeper/zookeeper/3.4.13/zookeeper-3.4.13.jar:/home/user/.m2/repository/org/apache/yetus/audience-annotations/0.5.0/audience-annotations-0.5.0.jar:/home/user/.m2/repository/org/apache/curator/curator-framework/2.12.0/curator-framework-2.12.0.jar:/home/user/.m2/repository/com/sun/jersey/jersey-core/1.19/jersey-core-1.19.jar:/home/user/.m2/repository/javax/ws/rs/jsr311-api/1.1.1/jsr311-api-1.1.1.jar:/home/user/.m2/repository/com/sun/jersey/jersey-server/1.19/jersey-server-1.19.jar:/home/user/.m2/repository/javax/servlet/javax.servlet-api/3.1.0/javax.servlet-api-3.1.0.jar:/home/user/.m2/repository/org/eclipse/jetty/jetty-server/9.4.26.v20200117/jetty-server-9.4.26.v20200117.jar:/home/user/.m2/repository/org/eclipse/jetty/jetty-http/9.4.26.v20200117/jetty-http-9.4.26.v20200117.jar:/home/user/.m2/repository/org/eclipse/jetty/jetty-io/9.4.26.v20200117/jetty-io-9.4.26.v20200117.jar:/home/user/.m2/repository/org/eclipse/jetty/jetty-webapp/9.4.26.v20200117/jetty-webapp-9.4.26.v20200117.jar:/home/user/.m2/repository/org/eclipse/jetty/jetty-xml/9.4.26.v20200117/jetty-xml-9.4.26.v20200117.jar:/home/user/.m2/repository/org/eclipse/jetty/jetty-servlet/9.4.26.v20200117/jetty-servlet-9.4.26.v20200117.jar:/home/user/.m2/repository/org/eclipse/jetty/jetty-security/9.4.26.v20200117/jetty-security-9.4.26.v20200117.jar:/home/user/.m2/repository/org/apache/hadoop/hadoop-common/3.2.0/hadoop-common-3.2.0.jar:/home/user/.m2/repository/commons-net/commons-net/3.6/commons-net-3.6.jar:/home/user/.m2/repository/commons-collections/commons-collections/3.2.2/commons-collections-3.2.2.jar:/home/user/.m2/repository/com/sun/jersey/jersey-servlet/1.19/jersey-servlet-1.19.jar:/home/user/.m2/repository/com/sun/jersey/jersey-json/1.19/jersey-json-1.19.jar:/home/user/.m2/repository/org/codehaus/jettison/jettison/1.1/jettison-1.1.jar:/home/user/.m2/repository/org/codehaus/jackson/jackson-jaxrs/1.9.2/jackson-jaxrs-1.9.2.jar:/home/user/.m2/repository/org/codehaus/jackson/jackson-xc/1.9.2/jackson-xc-1.9.2.jar:/home/user/.m2/repository/commons-beanutils/commons-beanutils/1.9.4/commons-beanutils-1.9.4.jar:/home/user/.m2/repository/org/apache/commons/commons-configuration2/2.1.1/commons-configuration2-2.1.1.jar:/home/user/.m2/repository/org/apache/commons/commons-text/1.4/commons-text-1.4.jar:/home/user/.m2/repository/com/google/re2j/re2j/1.1/re2j-1.1.jar:/home/user/.m2/repository/com/jcraft/jsch/0.1.54/jsch-0.1.54.jar:/home/user/.m2/repository/org/apache/curator/curator-client/2.12.0/curator-client-2.12.0.jar:/home/user/.m2/repository/org/apache/curator/curator-recipes/2.12.0/curator-recipes-2.12.0.jar:/home/user/.m2/repository/dnsjava/dnsjava/2.1.7/dnsjava-2.1.7.jar:/home/user/.m2/repository/org/slf4j/jul-to-slf4j/1.7.25/jul-to-slf4j-1.7.25.jar:/home/user/.m2/repository/org/eclipse/jetty/jetty-util/9.4.26.v20200117/jetty-util-9.4.26.v20200117.jar:/home/user/.m2/repository/com/fasterxml/jackson/core/jackson-databind/2.10.3/jackson-databind-2.10.3.jar:/home/user/.m2/repository/org/apache/hadoop/hadoop-kms/3.2.0/hadoop-kms-3.2.0-tests.jar:/home/user/.m2/repository/org/apache/hadoop/hadoop-hdds-server-scm/0.6.0-SNAPSHOT/hadoop-hdds-server-scm-0.6.0-SNAPSHOT-tests.jar:/home/user/.m2/repository/org/apache/hadoop/hadoop-hdds-container-service/0.6.0-SNAPSHOT/hadoop-hdds-container-service-0.6.0-SNAPSHOT-tests.jar:/home/user/.m2/repository/org/apache/hadoop/hadoop-hdds-common/0.6.0-SNAPSHOT/hadoop-hdds-common-0.6.0-SNAPSHOT-tests.jar:/home/user/.m2/repository/org/yaml/snakeyaml/1.16/snakeyaml-1.16.jar:/home/user/.m2/repository/org/apache/hadoop/hadoop-hdds-hadoop-dependency-test/0.6.0-SNAPSHOT/hadoop-hdds-hadoop-dependency-test-0.6.0-SNAPSHOT.jar:/home/user/.m2/repository/org/apache/hadoop/hadoop-common/3.2.0/hadoop-common-3.2.0-tests.jar:/home/user/.m2/repository/javax/servlet/jsp/jsp-api/2.1/jsp-api-2.1.jar:/home/user/.m2/repository/org/apache/hadoop/hadoop-hdfs/3.2.0/hadoop-hdfs-3.2.0-tests.jar:/home/user/.m2/repository/org/eclipse/jetty/jetty-util-ajax/9.4.26.v20200117/jetty-util-ajax-9.4.26.v20200117.jar:/home/user/.m2/repository/commons-codec/commons-codec/1.11/commons-codec-1.11.jar:/home/user/.m2/repository/commons-daemon/commons-daemon/1.0.13/commons-daemon-1.0.13.jar:/home/user/.m2/repository/io/netty/netty/3.10.5.Final/netty-3.10.5.Final.jar:/home/user/.m2/repository/io/netty/netty-all/4.1.48.Final/netty-all-4.1.48.Final.jar:/home/user/.m2/repository/org/apache/htrace/htrace-core4/4.1.0-incubating/htrace-core4-4.1.0-incubating.jar:/home/user/.m2/repository/org/fusesource/leveldbjni/leveldbjni-all/1.8/leveldbjni-all-1.8.jar:/home/user/.m2/repository/org/apache/hadoop/hadoop-distcp/3.2.0/hadoop-distcp-3.2.0.jar:/home/user/.m2/repository/org/apache/hadoop/hadoop-mapreduce-client-jobclient/3.2.0/hadoop-mapreduce-client-jobclient-3.2.0.jar:/home/user/.m2/repository/org/apache/hadoop/hadoop-mapreduce-client-common/3.2.0/hadoop-mapreduce-client-common-3.2.0.jar:/home/user/.m2/repository/org/apache/hadoop/hadoop-yarn-common/3.2.0/hadoop-yarn-common-3.2.0.jar:/home/user/.m2/repository/org/apache/hadoop/hadoop-yarn-api/3.2.0/hadoop-yarn-api-3.2.0.jar:/home/user/.m2/repository/com/sun/jersey/jersey-client/1.19/jersey-client-1.19.jar:/home/user/.m2/repository/com/sun/jersey/contribs/jersey-guice/1.19/jersey-guice-1.19.jar:/home/user/.m2/repository/com/fasterxml/jackson/jaxrs/jackson-jaxrs-json-provider/2.10.3/jackson-jaxrs-json-provider-2.10.3.jar:/home/user/.m2/repository/com/fasterxml/jackson/jaxrs/jackson-jaxrs-base/2.10.3/jackson-jaxrs-base-2.10.3.jar:/home/user/.m2/repository/org/apache/hadoop/hadoop-yarn-client/3.2.0/hadoop-yarn-client-3.2.0.jar:/home/user/.m2/repository/org/apache/hadoop/hadoop-mapreduce-client-core/3.2.0/hadoop-mapreduce-client-core-3.2.0.jar:/home/user/.m2/repository/org/apache/avro/avro/1.7.7/avro-1.7.7.jar:/home/user/.m2/repository/org/codehaus/jackson/jackson-core-asl/1.9.13/jackson-core-asl-1.9.13.jar:/home/user/.m2/repository/org/codehaus/jackson/jackson-mapper-asl/1.9.13/jackson-mapper-asl-1.9.13.jar:/home/user/.m2/repository/com/thoughtworks/paranamer/paranamer/2.3/paranamer-2.3.jar:/home/user/.m2/repository/org/xerial/snappy/snappy-java/1.0.5/snappy-java-1.0.5.jar:/home/user/.m2/repository/org/apache/hadoop/hadoop-annotations/3.2.0/hadoop-annotations-3.2.0.jar:/usr/lib/jvm/java-1.8.0-openjdk-1.8.0.232.b09-0.el7_7.x86_64/jre/../lib/tools.jar:/home/user/.m2/repository/org/apache/hadoop/hadoop-distcp/3.2.0/hadoop-distcp-3.2.0-tests.jar:"/>
    <property name="java.vm.vendor" value="Oracle Corporation"/>
    <property name="sun.arch.data.model" value="64"/>
    <property name="test.build.dir" value="/github/workspace/mnt/ozone/hadoop-ozone/integration-test/target/test-dir"/>
    <property name="test.cache.data" value=""/>
    <property name="java.vendor.url" value="http://java.oracle.com/"/>
    <property name="user.timezone" value=""/>
    <property name="java.vm.specification.version" value="1.8"/>
    <property name="os.name" value="Linux"/>
    <property name="test.build.data" value="/github/workspace/mnt/ozone/hadoop-ozone/integration-test/target/test-dir"/>
    <property name="user.country" value="US"/>
    <property name="sun.java.launcher" value="SUN_STANDARD"/>
    <property name="sun.boot.library.path" value="/usr/lib/jvm/java-1.8.0-openjdk-1.8.0.232.b09-0.el7_7.x86_64/jre/lib/amd64"/>
    <property name="sun.java.command" value="/github/workspace/mnt/ozone/hadoop-ozone/integration-test/target/surefire/surefirebooter256096758484647026.jar /github/workspace/mnt/ozone/hadoop-ozone/integration-test/target/surefire 2020-05-12T08-24-54_248-jvmRun1 surefire6917314555935800049tmp surefire_105260497516662666614tmp"/>
    <property name="surefire.test.class.path" value="/github/workspace/mnt/ozone/hadoop-ozone/integration-test/target/test-classes:/github/workspace/mnt/ozone/hadoop-ozone/integration-test/target/classes:/home/user/.m2/repository/org/apache/hadoop/hadoop-ozone-common/0.6.0-SNAPSHOT/hadoop-ozone-common-0.6.0-SNAPSHOT.jar:/home/user/.m2/repository/org/apache/commons/commons-compress/1.4.1/commons-compress-1.4.1.jar:/home/user/.m2/repository/org/tukaani/xz/1.0/xz-1.0.jar:/home/user/.m2/repository/org/apache/hadoop/hadoop-hdds-common/0.6.0-SNAPSHOT/hadoop-hdds-common-0.6.0-SNAPSHOT.jar:/home/user/.m2/repository/info/picocli/picocli/3.9.6/picocli-3.9.6.jar:/home/user/.m2/repository/com/fasterxml/jackson/core/jackson-annotations/2.10.3/jackson-annotations-2.10.3.jar:/home/user/.m2/repository/javax/annotation/javax.annotation-api/1.2/javax.annotation-api-1.2.jar:/home/user/.m2/repository/org/apache/ratis/ratis-server/0.6.0-cac3336-SNAPSHOT/ratis-server-0.6.0-cac3336-SNAPSHOT.jar:/home/user/.m2/repository/org/apache/ratis/ratis-thirdparty-misc/0.4.0/ratis-thirdparty-misc-0.4.0.jar:/home/user/.m2/repository/org/apache/ratis/ratis-client/0.6.0-cac3336-SNAPSHOT/ratis-client-0.6.0-cac3336-SNAPSHOT.jar:/home/user/.m2/repository/org/apache/ratis/ratis-metrics/0.6.0-cac3336-SNAPSHOT/ratis-metrics-0.6.0-cac3336-SNAPSHOT.jar:/home/user/.m2/repository/org/apache/ratis/ratis-netty/0.6.0-cac3336-SNAPSHOT/ratis-netty-0.6.0-cac3336-SNAPSHOT.jar:/home/user/.m2/repository/org/apache/ratis/ratis-grpc/0.6.0-cac3336-SNAPSHOT/ratis-grpc-0.6.0-cac3336-SNAPSHOT.jar:/home/user/.m2/repository/org/apache/logging/log4j/log4j-api/2.11.0/log4j-api-2.11.0.jar:/home/user/.m2/repository/org/apache/logging/log4j/log4j-core/2.11.0/log4j-core-2.11.0.jar:/home/user/.m2/repository/com/lmax/disruptor/3.4.2/disruptor-3.4.2.jar:/home/user/.m2/repository/org/apache/commons/commons-pool2/2.6.0/commons-pool2-2.6.0.jar:/home/user/.m2/repository/org/bouncycastle/bcpkix-jdk15on/1.60/bcpkix-jdk15on-1.60.jar:/home/user/.m2/repository/commons-validator/commons-validator/1.6/commons-validator-1.6.jar:/home/user/.m2/repository/commons-digester/commons-digester/1.8.1/commons-digester-1.8.1.jar:/home/user/.m2/repository/io/jaegertracing/jaeger-client/1.2.0/jaeger-client-1.2.0.jar:/home/user/.m2/repository/io/jaegertracing/jaeger-thrift/1.2.0/jaeger-thrift-1.2.0.jar:/home/user/.m2/repository/org/apache/thrift/libthrift/0.13.0/libthrift-0.13.0.jar:/home/user/.m2/repository/com/squareup/okhttp3/okhttp/4.2.2/okhttp-4.2.2.jar:/home/user/.m2/repository/com/squareup/okio/okio/2.2.2/okio-2.2.2.jar:/home/user/.m2/repository/org/jetbrains/kotlin/kotlin-stdlib/1.3.50/kotlin-stdlib-1.3.50.jar:/home/user/.m2/repository/org/jetbrains/kotlin/kotlin-stdlib-common/1.3.50/kotlin-stdlib-common-1.3.50.jar:/home/user/.m2/repository/org/jetbrains/annotations/13.0/annotations-13.0.jar:/home/user/.m2/repository/io/jaegertracing/jaeger-core/1.2.0/jaeger-core-1.2.0.jar:/home/user/.m2/repository/io/jaegertracing/jaeger-tracerresolver/1.2.0/jaeger-tracerresolver-1.2.0.jar:/home/user/.m2/repository/io/opentracing/contrib/opentracing-tracerresolver/0.1.8/opentracing-tracerresolver-0.1.8.jar:/home/user/.m2/repository/io/opentracing/opentracing-util/0.33.0/opentracing-util-0.33.0.jar:/home/user/.m2/repository/io/opentracing/opentracing-api/0.33.0/opentracing-api-0.33.0.jar:/home/user/.m2/repository/io/opentracing/opentracing-noop/0.33.0/opentracing-noop-0.33.0.jar:/home/user/.m2/repository/org/apache/hadoop/hadoop-hdds-client/0.6.0-SNAPSHOT/hadoop-hdds-client-0.6.0-SNAPSHOT.jar:/home/user/.m2/repository/org/apache/hadoop/hadoop-hdds-test-utils/0.6.0-SNAPSHOT/hadoop-hdds-test-utils-0.6.0-SNAPSHOT.jar:/home/user/.m2/repository/com/google/guava/guava/28.2-jre/guava-28.2-jre.jar:/home/user/.m2/repository/com/google/guava/failureaccess/1.0.1/failureaccess-1.0.1.jar:/home/user/.m2/repository/com/google/guava/listenablefuture/9999.0-empty-to-avoid-conflict-with-guava/listenablefuture-9999.0-empty-to-avoid-conflict-with-guava.jar:/home/user/.m2/repository/com/google/code/findbugs/jsr305/3.0.0/jsr305-3.0.0.jar:/home/user/.m2/repository/org/checkerframework/checker-qual/2.10.0/checker-qual-2.10.0.jar:/home/user/.m2/repository/com/google/errorprone/error_prone_annotations/2.2.0/error_prone_annotations-2.2.0.jar:/home/user/.m2/repository/com/google/j2objc/j2objc-annotations/1.3/j2objc-annotations-1.3.jar:/home/user/.m2/repository/commons-io/commons-io/2.5/commons-io-2.5.jar:/home/user/.m2/repository/commons-logging/commons-logging/1.2/commons-logging-1.2.jar:/home/user/.m2/repository/log4j/log4j/1.2.17/log4j-1.2.17.jar:/home/user/.m2/repository/org/slf4j/slf4j-api/1.7.25/slf4j-api-1.7.25.jar:/home/user/.m2/repository/org/apache/hadoop/hadoop-hdds-server-scm/0.6.0-SNAPSHOT/hadoop-hdds-server-scm-0.6.0-SNAPSHOT.jar:/home/user/.m2/repository/org/apache/hadoop/hadoop-hdds-container-service/0.6.0-SNAPSHOT/hadoop-hdds-container-service-0.6.0-SNAPSHOT.jar:/home/user/.m2/repository/org/apache/hadoop/hadoop-hdds-hadoop-dependency-server/0.6.0-SNAPSHOT/hadoop-hdds-hadoop-dependency-server-0.6.0-SNAPSHOT.jar:/home/user/.m2/repository/org/apache/hadoop/hadoop-hdds-server-framework/0.6.0-SNAPSHOT/hadoop-hdds-server-framework-0.6.0-SNAPSHOT.jar:/home/user/.m2/repository/org/rocksdb/rocksdbjni/6.6.4/rocksdbjni-6.6.4.jar:/home/user/.m2/repository/io/prometheus/simpleclient_dropwizard/0.7.0/simpleclient_dropwizard-0.7.0.jar:/home/user/.m2/repository/io/prometheus/simpleclient/0.7.0/simpleclient-0.7.0.jar:/home/user/.m2/repository/io/prometheus/simpleclient_common/0.7.0/simpleclient_common-0.7.0.jar:/home/user/.m2/repository/com/fasterxml/jackson/datatype/jackson-datatype-jsr310/2.10.3/jackson-datatype-jsr310-2.10.3.jar:/home/user/.m2/repository/org/apache/hadoop/hadoop-hdds-docs/0.6.0-SNAPSHOT/hadoop-hdds-docs-0.6.0-SNAPSHOT.jar:/home/user/.m2/repository/io/dropwizard/metrics/metrics-core/3.2.4/metrics-core-3.2.4.jar:/home/user/.m2/repository/org/apache/hadoop/hadoop-hdfs-client/3.2.0/hadoop-hdfs-client-3.2.0.jar:/home/user/.m2/repository/org/bouncycastle/bcprov-jdk15on/1.60/bcprov-jdk15on-1.60.jar:/home/user/.m2/repository/org/apache/hadoop/hadoop-ozone-ozone-manager/0.6.0-SNAPSHOT/hadoop-ozone-ozone-manager-0.6.0-SNAPSHOT.jar:/home/user/.m2/repository/org/apache/hadoop/hadoop-minikdc/3.2.0/hadoop-minikdc-3.2.0.jar:/home/user/.m2/repository/org/apache/kerby/kerb-simplekdc/1.0.1/kerb-simplekdc-1.0.1.jar:/home/user/.m2/repository/org/apache/kerby/kerb-client/1.0.1/kerb-client-1.0.1.jar:/home/user/.m2/repository/org/apache/kerby/kerby-config/1.0.1/kerby-config-1.0.1.jar:/home/user/.m2/repository/org/apache/kerby/kerb-core/1.0.1/kerb-core-1.0.1.jar:/home/user/.m2/repository/org/apache/kerby/kerby-pkix/1.0.1/kerby-pkix-1.0.1.jar:/home/user/.m2/repository/org/apache/kerby/kerby-asn1/1.0.1/kerby-asn1-1.0.1.jar:/home/user/.m2/repository/org/apache/kerby/kerby-util/1.0.1/kerby-util-1.0.1.jar:/home/user/.m2/repository/org/apache/kerby/kerb-common/1.0.1/kerb-common-1.0.1.jar:/home/user/.m2/repository/org/apache/kerby/kerb-crypto/1.0.1/kerb-crypto-1.0.1.jar:/home/user/.m2/repository/org/apache/kerby/kerb-util/1.0.1/kerb-util-1.0.1.jar:/home/user/.m2/repository/org/apache/kerby/token-provider/1.0.1/token-provider-1.0.1.jar:/home/user/.m2/repository/org/apache/kerby/kerb-admin/1.0.1/kerb-admin-1.0.1.jar:/home/user/.m2/repository/org/apache/kerby/kerb-server/1.0.1/kerb-server-1.0.1.jar:/home/user/.m2/repository/org/apache/kerby/kerb-identity/1.0.1/kerb-identity-1.0.1.jar:/home/user/.m2/repository/org/apache/kerby/kerby-xdr/1.0.1/kerby-xdr-1.0.1.jar:/home/user/.m2/repository/org/slf4j/slf4j-log4j12/1.7.25/slf4j-log4j12-1.7.25.jar:/home/user/.m2/repository/org/apache/hadoop/hadoop-ozone-s3gateway/0.6.0-SNAPSHOT/hadoop-ozone-s3gateway-0.6.0-SNAPSHOT.jar:/home/user/.m2/repository/org/jboss/weld/servlet/weld-servlet/2.4.7.Final/weld-servlet-2.4.7.Final.jar:/home/user/.m2/repository/org/glassfish/jersey/containers/jersey-container-servlet-core/2.27/jersey-container-servlet-core-2.27.jar:/home/user/.m2/repository/org/glassfish/hk2/external/javax.inject/2.5.0-b42/javax.inject-2.5.0-b42.jar:/home/user/.m2/repository/org/glassfish/jersey/core/jersey-common/2.27/jersey-common-2.27.jar:/home/user/.m2/repository/org/glassfish/hk2/osgi-resource-locator/1.0.1/osgi-resource-locator-1.0.1.jar:/home/user/.m2/repository/javax/ws/rs/javax.ws.rs-api/2.1/javax.ws.rs-api-2.1.jar:/home/user/.m2/repository/org/glassfish/jersey/ext/cdi/jersey-cdi1x/2.27/jersey-cdi1x-2.27.jar:/home/user/.m2/repository/org/glassfish/jersey/inject/jersey-hk2/2.27/jersey-hk2-2.27.jar:/home/user/.m2/repository/org/glassfish/hk2/hk2-locator/2.5.0-b42/hk2-locator-2.5.0-b42.jar:/home/user/.m2/repository/org/javassist/javassist/3.22.0-CR2/javassist-3.22.0-CR2.jar:/home/user/.m2/repository/org/glassfish/hk2/hk2-api/2.5.0/hk2-api-2.5.0.jar:/home/user/.m2/repository/org/glassfish/hk2/external/jakarta.inject/2.5.0/jakarta.inject-2.5.0.jar:/home/user/.m2/repository/org/glassfish/hk2/hk2-utils/2.5.0/hk2-utils-2.5.0.jar:/home/user/.m2/repository/jakarta/annotation/jakarta.annotation-api/1.3.4/jakarta.annotation-api-1.3.4.jar:/home/user/.m2/repository/org/glassfish/hk2/external/aopalliance-repackaged/2.5.0/aopalliance-repackaged-2.5.0.jar:/home/user/.m2/repository/com/fasterxml/jackson/dataformat/jackson-dataformat-xml/2.10.3/jackson-dataformat-xml-2.10.3.jar:/home/user/.m2/repository/com/fasterxml/jackson/core/jackson-core/2.10.3/jackson-core-2.10.3.jar:/home/user/.m2/repository/com/fasterxml/jackson/module/jackson-module-jaxb-annotations/2.10.3/jackson-module-jaxb-annotations-2.10.3.jar:/home/user/.m2/repository/jakarta/xml/bind/jakarta.xml.bind-api/2.3.2/jakarta.xml.bind-api-2.3.2.jar:/home/user/.m2/repository/jakarta/activation/jakarta.activation-api/1.2.1/jakarta.activation-api-1.2.1.jar:/home/user/.m2/repository/org/codehaus/woodstox/stax2-api/3.1.4/stax2-api-3.1.4.jar:/home/user/.m2/repository/com/fasterxml/woodstox/woodstox-core/5.0.3/woodstox-core-5.0.3.jar:/home/user/.m2/repository/javax/enterprise/cdi-api/1.2/cdi-api-1.2.jar:/home/user/.m2/repository/javax/el/javax.el-api/3.0.0/javax.el-api-3.0.0.jar:/home/user/.m2/repository/javax/interceptor/javax.interceptor-api/1.2/javax.interceptor-api-1.2.jar:/home/user/.m2/repository/javax/inject/javax.inject/1/javax.inject-1.jar:/home/user/.m2/repository/com/sun/xml/bind/jaxb-impl/2.3.0.1/jaxb-impl-2.3.0.1.jar:/home/user/.m2/repository/com/sun/xml/bind/jaxb-core/2.3.0.1/jaxb-core-2.3.0.1.jar:/home/user/.m2/repository/javax/xml/bind/jaxb-api/2.3.0/jaxb-api-2.3.0.jar:/home/user/.m2/repository/javax/activation/activation/1.1.1/activation-1.1.1.jar:/home/user/.m2/repository/org/apache/hadoop/hadoop-ozone-csi/0.6.0-SNAPSHOT/hadoop-ozone-csi-0.6.0-SNAPSHOT.jar:/home/user/.m2/repository/com/google/protobuf/protobuf-java-util/3.11.0/protobuf-java-util-3.11.0.jar:/home/user/.m2/repository/com/google/code/gson/gson/2.2.4/gson-2.2.4.jar:/home/user/.m2/repository/org/apache/hadoop/hadoop-hdds-config/0.6.0-SNAPSHOT/hadoop-hdds-config-0.6.0-SNAPSHOT.jar:/home/user/.m2/repository/com/google/protobuf/protobuf-java/2.5.0/protobuf-java-2.5.0.jar:/home/user/.m2/repository/io/grpc/grpc-netty/1.28.1/grpc-netty-1.28.1.jar:/home/user/.m2/repository/io/grpc/grpc-core/1.28.1/grpc-core-1.28.1.jar:/home/user/.m2/repository/com/google/android/annotations/4.1.1.4/annotations-4.1.1.4.jar:/home/user/.m2/repository/io/perfmark/perfmark-api/0.19.0/perfmark-api-0.19.0.jar:/home/user/.m2/repository/io/netty/netty-codec-http2/4.1.45.Final/netty-codec-http2-4.1.45.Final.jar:/home/user/.m2/repository/io/netty/netty-codec/4.1.45.Final/netty-codec-4.1.45.Final.jar:/home/user/.m2/repository/io/netty/netty-handler/4.1.45.Final/netty-handler-4.1.45.Final.jar:/home/user/.m2/repository/io/netty/netty-codec-http/4.1.45.Final/netty-codec-http-4.1.45.Final.jar:/home/user/.m2/repository/io/netty/netty-handler-proxy/4.1.45.Final/netty-handler-proxy-4.1.45.Final.jar:/home/user/.m2/repository/io/netty/netty-codec-socks/4.1.45.Final/netty-codec-socks-4.1.45.Final.jar:/home/user/.m2/repository/io/netty/netty-transport-native-epoll/4.1.48.Final/netty-transport-native-epoll-4.1.48.Final.jar:/home/user/.m2/repository/io/netty/netty-common/4.1.48.Final/netty-common-4.1.48.Final.jar:/home/user/.m2/repository/io/netty/netty-buffer/4.1.48.Final/netty-buffer-4.1.48.Final.jar:/home/user/.m2/repository/io/netty/netty-transport/4.1.48.Final/netty-transport-4.1.48.Final.jar:/home/user/.m2/repository/io/netty/netty-resolver/4.1.48.Final/netty-resolver-4.1.48.Final.jar:/home/user/.m2/repository/io/netty/netty-transport-native-unix-common/4.1.48.Final/netty-transport-native-unix-common-4.1.48.Final.jar:/home/user/.m2/repository/io/grpc/grpc-protobuf/1.28.1/grpc-protobuf-1.28.1.jar:/home/user/.m2/repository/io/grpc/grpc-api/1.28.1/grpc-api-1.28.1.jar:/home/user/.m2/repository/io/grpc/grpc-context/1.28.1/grpc-context-1.28.1.jar:/home/user/.m2/repository/org/codehaus/mojo/animal-sniffer-annotations/1.18/animal-sniffer-annotations-1.18.jar:/home/user/.m2/repository/com/google/api/grpc/proto-google-common-protos/1.17.0/proto-google-common-protos-1.17.0.jar:/home/user/.m2/repository/io/grpc/grpc-protobuf-lite/1.28.1/grpc-protobuf-lite-1.28.1.jar:/home/user/.m2/repository/io/grpc/grpc-stub/1.28.1/grpc-stub-1.28.1.jar:/home/user/.m2/repository/org/apache/hadoop/hadoop-ozone-recon/0.6.0-SNAPSHOT/hadoop-ozone-recon-0.6.0-SNAPSHOT.jar:/home/user/.m2/repository/org/apache/hadoop/hadoop-ozone-reconcodegen/0.6.0-SNAPSHOT/hadoop-ozone-reconcodegen-0.6.0-SNAPSHOT.jar:/home/user/.m2/repository/com/google/inject/extensions/guice-multibindings/4.0/guice-multibindings-4.0.jar:/home/user/.m2/repository/com/google/inject/guice/4.0/guice-4.0.jar:/home/user/.m2/repository/aopalliance/aopalliance/1.0/aopalliance-1.0.jar:/home/user/.m2/repository/com/google/inject/extensions/guice-assistedinject/4.0/guice-assistedinject-4.0.jar:/home/user/.m2/repository/com/google/inject/extensions/guice-servlet/4.0/guice-servlet-4.0.jar:/home/user/.m2/repository/org/glassfish/jersey/containers/jersey-container-servlet/2.27/jersey-container-servlet-2.27.jar:/home/user/.m2/repository/org/glassfish/hk2/guice-bridge/2.5.0/guice-bridge-2.5.0.jar:/home/user/.m2/repository/org/glassfish/jersey/core/jersey-server/2.27/jersey-server-2.27.jar:/home/user/.m2/repository/org/glassfish/jersey/core/jersey-client/2.27/jersey-client-2.27.jar:/home/user/.m2/repository/org/glassfish/jersey/media/jersey-media-jaxb/2.27/jersey-media-jaxb-2.27.jar:/home/user/.m2/repository/javax/validation/validation-api/1.1.0.Final/validation-api-1.1.0.Final.jar:/home/user/.m2/repository/org/glassfish/jersey/media/jersey-media-json-jackson/2.27/jersey-media-json-jackson-2.27.jar:/home/user/.m2/repository/org/glassfish/jersey/ext/jersey-entity-filtering/2.27/jersey-entity-filtering-2.27.jar:/home/user/.m2/repository/org/jooq/jooq/3.11.10/jooq-3.11.10.jar:/home/user/.m2/repository/org/jooq/jooq-meta/3.11.10/jooq-meta-3.11.10.jar:/home/user/.m2/repository/org/jooq/jooq-codegen/3.11.10/jooq-codegen-3.11.10.jar:/home/user/.m2/repository/com/jolbox/bonecp/0.8.0.RELEASE/bonecp-0.8.0.RELEASE.jar:/home/user/.m2/repository/org/apache/derby/derby/10.14.2.0/derby-10.14.2.0.jar:/home/user/.m2/repository/org/xerial/sqlite-jdbc/3.25.2/sqlite-jdbc-3.25.2.jar:/home/user/.m2/repository/org/springframework/spring-jdbc/5.2.5.RELEASE/spring-jdbc-5.2.5.RELEASE.jar:/home/user/.m2/repository/org/springframework/spring-beans/5.2.5.RELEASE/spring-beans-5.2.5.RELEASE.jar:/home/user/.m2/repository/org/springframework/spring-core/5.2.5.RELEASE/spring-core-5.2.5.RELEASE.jar:/home/user/.m2/repository/org/springframework/spring-jcl/5.2.5.RELEASE/spring-jcl-5.2.5.RELEASE.jar:/home/user/.m2/repository/org/springframework/spring-tx/5.2.5.RELEASE/spring-tx-5.2.5.RELEASE.jar:/home/user/.m2/repository/org/apache/hadoop/hadoop-ozone-client/0.6.0-SNAPSHOT/hadoop-ozone-client-0.6.0-SNAPSHOT.jar:/home/user/.m2/repository/org/apache/hadoop/hadoop-ozone-filesystem/0.6.0-SNAPSHOT/hadoop-ozone-filesystem-0.6.0-SNAPSHOT.jar:/home/user/.m2/repository/org/apache/hadoop/hadoop-hdds-hadoop-dependency-client/0.6.0-SNAPSHOT/hadoop-hdds-hadoop-dependency-client-0.6.0-SNAPSHOT.jar:/home/user/.m2/repository/org/apache/hadoop/hadoop-ozone-tools/0.6.0-SNAPSHOT/hadoop-ozone-tools-0.6.0-SNAPSHOT.jar:/home/user/.m2/repository/org/apache/hadoop/hadoop-hdfs/3.2.0/hadoop-hdfs-3.2.0.jar:/home/user/.m2/repository/org/apache/ratis/ratis-tools/0.6.0-cac3336-SNAPSHOT/ratis-tools-0.6.0-cac3336-SNAPSHOT.jar:/home/user/.m2/repository/org/apache/ratis/ratis-proto/0.6.0-cac3336-SNAPSHOT/ratis-proto-0.6.0-cac3336-SNAPSHOT.jar:/home/user/.m2/repository/org/apache/ratis/ratis-common/0.6.0-cac3336-SNAPSHOT/ratis-common-0.6.0-cac3336-SNAPSHOT.jar:/home/user/.m2/repository/com/amazonaws/aws-java-sdk-core/1.11.615/aws-java-sdk-core-1.11.615.jar:/home/user/.m2/repository/org/apache/httpcomponents/httpclient/4.5.2/httpclient-4.5.2.jar:/home/user/.m2/repository/org/apache/httpcomponents/httpcore/4.4.4/httpcore-4.4.4.jar:/home/user/.m2/repository/software/amazon/ion/ion-java/1.0.2/ion-java-1.0.2.jar:/home/user/.m2/repository/com/fasterxml/jackson/dataformat/jackson-dataformat-cbor/2.10.3/jackson-dataformat-cbor-2.10.3.jar:/home/user/.m2/repository/joda-time/joda-time/2.9.9/joda-time-2.9.9.jar:/home/user/.m2/repository/com/amazonaws/aws-java-sdk-s3/1.11.615/aws-java-sdk-s3-1.11.615.jar:/home/user/.m2/repository/com/amazonaws/aws-java-sdk-kms/1.11.615/aws-java-sdk-kms-1.11.615.jar:/home/user/.m2/repository/com/amazonaws/jmespath-java/1.11.615/jmespath-java-1.11.615.jar:/home/user/.m2/repository/org/apache/hadoop/hadoop-hdds-tools/0.6.0-SNAPSHOT/hadoop-hdds-tools-0.6.0-SNAPSHOT.jar:/home/user/.m2/repository/commons-cli/commons-cli/1.2/commons-cli-1.2.jar:/home/user/.m2/repository/org/apache/commons/commons-lang3/3.7/commons-lang3-3.7.jar:/home/user/.m2/repository/org/apache/hadoop/hadoop-ozone-ozone-manager/0.6.0-SNAPSHOT/hadoop-ozone-ozone-manager-0.6.0-SNAPSHOT-tests.jar:/home/user/.m2/repository/junit/junit/4.11/junit-4.11.jar:/home/user/.m2/repository/org/hamcrest/hamcrest-core/1.3/hamcrest-core-1.3.jar:/home/user/.m2/repository/org/openjdk/jmh/jmh-core/1.19/jmh-core-1.19.jar:/home/user/.m2/repository/net/sf/jopt-simple/jopt-simple/4.6/jopt-simple-4.6.jar:/home/user/.m2/repository/org/apache/commons/commons-math3/3.1.1/commons-math3-3.1.1.jar:/home/user/.m2/repository/org/openjdk/jmh/jmh-generator-annprocess/1.19/jmh-generator-annprocess-1.19.jar:/home/user/.m2/repository/org/mockito/mockito-all/1.8.5/mockito-all-1.8.5.jar:/home/user/.m2/repository/org/apache/hadoop/hadoop-kms/3.2.0/hadoop-kms-3.2.0.jar:/home/user/.m2/repository/org/apache/hadoop/hadoop-auth/3.2.0/hadoop-auth-3.2.0.jar:/home/user/.m2/repository/com/nimbusds/nimbus-jose-jwt/7.9/nimbus-jose-jwt-7.9.jar:/home/user/.m2/repository/com/github/stephenc/jcip/jcip-annotations/1.0-1/jcip-annotations-1.0-1.jar:/home/user/.m2/repository/net/minidev/json-smart/2.3/json-smart-2.3.jar:/home/user/.m2/repository/net/minidev/accessors-smart/1.2/accessors-smart-1.2.jar:/home/user/.m2/repository/org/ow2/asm/asm/5.0.4/asm-5.0.4.jar:/home/user/.m2/repository/org/apache/zookeeper/zookeeper/3.4.13/zookeeper-3.4.13.jar:/home/user/.m2/repository/org/apache/yetus/audience-annotations/0.5.0/audience-annotations-0.5.0.jar:/home/user/.m2/repository/org/apache/curator/curator-framework/2.12.0/curator-framework-2.12.0.jar:/home/user/.m2/repository/com/sun/jersey/jersey-core/1.19/jersey-core-1.19.jar:/home/user/.m2/repository/javax/ws/rs/jsr311-api/1.1.1/jsr311-api-1.1.1.jar:/home/user/.m2/repository/com/sun/jersey/jersey-server/1.19/jersey-server-1.19.jar:/home/user/.m2/repository/javax/servlet/javax.servlet-api/3.1.0/javax.servlet-api-3.1.0.jar:/home/user/.m2/repository/org/eclipse/jetty/jetty-server/9.4.26.v20200117/jetty-server-9.4.26.v20200117.jar:/home/user/.m2/repository/org/eclipse/jetty/jetty-http/9.4.26.v20200117/jetty-http-9.4.26.v20200117.jar:/home/user/.m2/repository/org/eclipse/jetty/jetty-io/9.4.26.v20200117/jetty-io-9.4.26.v20200117.jar:/home/user/.m2/repository/org/eclipse/jetty/jetty-webapp/9.4.26.v20200117/jetty-webapp-9.4.26.v20200117.jar:/home/user/.m2/repository/org/eclipse/jetty/jetty-xml/9.4.26.v20200117/jetty-xml-9.4.26.v20200117.jar:/home/user/.m2/repository/org/eclipse/jetty/jetty-servlet/9.4.26.v20200117/jetty-servlet-9.4.26.v20200117.jar:/home/user/.m2/repository/org/eclipse/jetty/jetty-security/9.4.26.v20200117/jetty-security-9.4.26.v20200117.jar:/home/user/.m2/repository/org/apache/hadoop/hadoop-common/3.2.0/hadoop-common-3.2.0.jar:/home/user/.m2/repository/commons-net/commons-net/3.6/commons-net-3.6.jar:/home/user/.m2/repository/commons-collections/commons-collections/3.2.2/commons-collections-3.2.2.jar:/home/user/.m2/repository/com/sun/jersey/jersey-servlet/1.19/jersey-servlet-1.19.jar:/home/user/.m2/repository/com/sun/jersey/jersey-json/1.19/jersey-json-1.19.jar:/home/user/.m2/repository/org/codehaus/jettison/jettison/1.1/jettison-1.1.jar:/home/user/.m2/repository/org/codehaus/jackson/jackson-jaxrs/1.9.2/jackson-jaxrs-1.9.2.jar:/home/user/.m2/repository/org/codehaus/jackson/jackson-xc/1.9.2/jackson-xc-1.9.2.jar:/home/user/.m2/repository/commons-beanutils/commons-beanutils/1.9.4/commons-beanutils-1.9.4.jar:/home/user/.m2/repository/org/apache/commons/commons-configuration2/2.1.1/commons-configuration2-2.1.1.jar:/home/user/.m2/repository/org/apache/commons/commons-text/1.4/commons-text-1.4.jar:/home/user/.m2/repository/com/google/re2j/re2j/1.1/re2j-1.1.jar:/home/user/.m2/repository/com/jcraft/jsch/0.1.54/jsch-0.1.54.jar:/home/user/.m2/repository/org/apache/curator/curator-client/2.12.0/curator-client-2.12.0.jar:/home/user/.m2/repository/org/apache/curator/curator-recipes/2.12.0/curator-recipes-2.12.0.jar:/home/user/.m2/repository/dnsjava/dnsjava/2.1.7/dnsjava-2.1.7.jar:/home/user/.m2/repository/org/slf4j/jul-to-slf4j/1.7.25/jul-to-slf4j-1.7.25.jar:/home/user/.m2/repository/org/eclipse/jetty/jetty-util/9.4.26.v20200117/jetty-util-9.4.26.v20200117.jar:/home/user/.m2/repository/com/fasterxml/jackson/core/jackson-databind/2.10.3/jackson-databind-2.10.3.jar:/home/user/.m2/repository/org/apache/hadoop/hadoop-kms/3.2.0/hadoop-kms-3.2.0-tests.jar:/home/user/.m2/repository/org/apache/hadoop/hadoop-hdds-server-scm/0.6.0-SNAPSHOT/hadoop-hdds-server-scm-0.6.0-SNAPSHOT-tests.jar:/home/user/.m2/repository/org/apache/hadoop/hadoop-hdds-container-service/0.6.0-SNAPSHOT/hadoop-hdds-container-service-0.6.0-SNAPSHOT-tests.jar:/home/user/.m2/repository/org/apache/hadoop/hadoop-hdds-common/0.6.0-SNAPSHOT/hadoop-hdds-common-0.6.0-SNAPSHOT-tests.jar:/home/user/.m2/repository/org/yaml/snakeyaml/1.16/snakeyaml-1.16.jar:/home/user/.m2/repository/org/apache/hadoop/hadoop-hdds-hadoop-dependency-test/0.6.0-SNAPSHOT/hadoop-hdds-hadoop-dependency-test-0.6.0-SNAPSHOT.jar:/home/user/.m2/repository/org/apache/hadoop/hadoop-common/3.2.0/hadoop-common-3.2.0-tests.jar:/home/user/.m2/repository/javax/servlet/jsp/jsp-api/2.1/jsp-api-2.1.jar:/home/user/.m2/repository/org/apache/hadoop/hadoop-hdfs/3.2.0/hadoop-hdfs-3.2.0-tests.jar:/home/user/.m2/repository/org/eclipse/jetty/jetty-util-ajax/9.4.26.v20200117/jetty-util-ajax-9.4.26.v20200117.jar:/home/user/.m2/repository/commons-codec/commons-codec/1.11/commons-codec-1.11.jar:/home/user/.m2/repository/commons-daemon/commons-daemon/1.0.13/commons-daemon-1.0.13.jar:/home/user/.m2/repository/io/netty/netty/3.10.5.Final/netty-3.10.5.Final.jar:/home/user/.m2/repository/io/netty/netty-all/4.1.48.Final/netty-all-4.1.48.Final.jar:/home/user/.m2/repository/org/apache/htrace/htrace-core4/4.1.0-incubating/htrace-core4-4.1.0-incubating.jar:/home/user/.m2/repository/org/fusesource/leveldbjni/leveldbjni-all/1.8/leveldbjni-all-1.8.jar:/home/user/.m2/repository/org/apache/hadoop/hadoop-distcp/3.2.0/hadoop-distcp-3.2.0.jar:/home/user/.m2/repository/org/apache/hadoop/hadoop-mapreduce-client-jobclient/3.2.0/hadoop-mapreduce-client-jobclient-3.2.0.jar:/home/user/.m2/repository/org/apache/hadoop/hadoop-mapreduce-client-common/3.2.0/hadoop-mapreduce-client-common-3.2.0.jar:/home/user/.m2/repository/org/apache/hadoop/hadoop-yarn-common/3.2.0/hadoop-yarn-common-3.2.0.jar:/home/user/.m2/repository/org/apache/hadoop/hadoop-yarn-api/3.2.0/hadoop-yarn-api-3.2.0.jar:/home/user/.m2/repository/com/sun/jersey/jersey-client/1.19/jersey-client-1.19.jar:/home/user/.m2/repository/com/sun/jersey/contribs/jersey-guice/1.19/jersey-guice-1.19.jar:/home/user/.m2/repository/com/fasterxml/jackson/jaxrs/jackson-jaxrs-json-provider/2.10.3/jackson-jaxrs-json-provider-2.10.3.jar:/home/user/.m2/repository/com/fasterxml/jackson/jaxrs/jackson-jaxrs-base/2.10.3/jackson-jaxrs-base-2.10.3.jar:/home/user/.m2/repository/org/apache/hadoop/hadoop-yarn-client/3.2.0/hadoop-yarn-client-3.2.0.jar:/home/user/.m2/repository/org/apache/hadoop/hadoop-mapreduce-client-core/3.2.0/hadoop-mapreduce-client-core-3.2.0.jar:/home/user/.m2/repository/org/apache/avro/avro/1.7.7/avro-1.7.7.jar:/home/user/.m2/repository/org/codehaus/jackson/jackson-core-asl/1.9.13/jackson-core-asl-1.9.13.jar:/home/user/.m2/repository/org/codehaus/jackson/jackson-mapper-asl/1.9.13/jackson-mapper-asl-1.9.13.jar:/home/user/.m2/repository/com/thoughtworks/paranamer/paranamer/2.3/paranamer-2.3.jar:/home/user/.m2/repository/org/xerial/snappy/snappy-java/1.0.5/snappy-java-1.0.5.jar:/home/user/.m2/repository/org/apache/hadoop/hadoop-annotations/3.2.0/hadoop-annotations-3.2.0.jar:/usr/lib/jvm/java-1.8.0-openjdk-1.8.0.232.b09-0.el7_7.x86_64/jre/../lib/tools.jar:/home/user/.m2/repository/org/apache/hadoop/hadoop-distcp/3.2.0/hadoop-distcp-3.2.0-tests.jar:"/>
    <property name="sun.cpu.endian" value="little"/>
    <property name="user.home" value="/home/user"/>
    <property name="user.language" value="en"/>
    <property name="java.specification.vendor" value="Oracle Corporation"/>
    <property name="java.home" value="/usr/lib/jvm/java-1.8.0-openjdk-1.8.0.232.b09-0.el7_7.x86_64/jre"/>
    <property name="java.security.krb5.conf" value="/github/workspace/mnt/ozone/hadoop-ozone/integration-test/target/test-classes/krb5.conf"/>
    <property name="basedir" value="/github/workspace/mnt/ozone/hadoop-ozone/integration-test"/>
    <property name="file.separator" value="/"/>
    <property name="line.separator" value="&#10;"/>
    <property name="java.vm.specification.vendor" value="Oracle Corporation"/>
    <property name="java.specification.name" value="Java Platform API Specification"/>
    <property name="java.awt.graphicsenv" value="sun.awt.X11GraphicsEnvironment"/>
    <property name="surefire.real.class.path" value="/github/workspace/mnt/ozone/hadoop-ozone/integration-test/target/surefire/surefirebooter256096758484647026.jar:/home/user/.m2/repository/org/jacoco/org.jacoco.agent/0.8.3/org.jacoco.agent-0.8.3-runtime.jar"/>
    <property name="hadoop.log.dir" value="/github/workspace/mnt/ozone/hadoop-ozone/integration-test/target/log"/>
    <property name="sun.boot.class.path" value="/usr/lib/jvm/java-1.8.0-openjdk-1.8.0.232.b09-0.el7_7.x86_64/jre/lib/resources.jar:/usr/lib/jvm/java-1.8.0-openjdk-1.8.0.232.b09-0.el7_7.x86_64/jre/lib/rt.jar:/usr/lib/jvm/java-1.8.0-openjdk-1.8.0.232.b09-0.el7_7.x86_64/jre/lib/sunrsasign.jar:/usr/lib/jvm/java-1.8.0-openjdk-1.8.0.232.b09-0.el7_7.x86_64/jre/lib/jsse.jar:/usr/lib/jvm/java-1.8.0-openjdk-1.8.0.232.b09-0.el7_7.x86_64/jre/lib/jce.jar:/usr/lib/jvm/java-1.8.0-openjdk-1.8.0.232.b09-0.el7_7.x86_64/jre/lib/charsets.jar:/usr/lib/jvm/java-1.8.0-openjdk-1.8.0.232.b09-0.el7_7.x86_64/jre/lib/jfr.jar:/usr/lib/jvm/java-1.8.0-openjdk-1.8.0.232.b09-0.el7_7.x86_64/jre/classes"/>
    <property name="sun.management.compiler" value="HotSpot 64-Bit Tiered Compilers"/>
    <property name="java.runtime.version" value="1.8.0_232-b09"/>
    <property name="java.net.preferIPv4Stack" value="true"/>
    <property name="user.name" value="jenkins1001"/>
    <property name="path.separator" value=":"/>
    <property name="java.security.egd" value="file:///dev/urandom"/>
    <property name="os.version" value="5.0.0-1035-azure"/>
    <property name="java.endorsed.dirs" value="/usr/lib/jvm/java-1.8.0-openjdk-1.8.0.232.b09-0.el7_7.x86_64/jre/lib/endorsed"/>
    <property name="java.runtime.name" value="OpenJDK Runtime Environment"/>
    <property name="file.encoding" value="ANSI_X3.4-1968"/>
    <property name="java.vm.name" value="OpenJDK 64-Bit Server VM"/>
    <property name="test.build.webapps" value=""/>
    <property name="localRepository" value="/home/user/.m2/repository"/>
    <property name="java.vendor.url.bug" value="http://bugreport.sun.com/bugreport/"/>
    <property name="java.io.tmpdir" value="/tmp"/>
    <property name="require.test.libhadoop" value=""/>
    <property name="java.version" value="1.8.0_232"/>
    <property name="user.dir" value="/github/workspace/mnt/ozone/hadoop-ozone/integration-test"/>
    <property name="os.arch" value="amd64"/>
    <property name="java.vm.specification.name" value="Java Virtual Machine Specification"/>
    <property name="test.build.classes" value="/github/workspace/mnt/ozone/hadoop-ozone/integration-test/target/test-classes"/>
    <property name="java.awt.printerjob" value="sun.print.PSPrinterJob"/>
    <property name="sun.os.patch.level" value="unknown"/>
    <property name="hadoop.tmp.dir" value="/github/workspace/mnt/ozone/hadoop-ozone/integration-test/target/tmp"/>
    <property name="java.library.path" value="/usr/lib:/usr/java/packages/lib/amd64:/usr/lib64:/lib64:/lib:/usr/lib"/>
    <property name="java.vm.info" value="mixed mode"/>
    <property name="java.vendor" value="Oracle Corporation"/>
    <property name="java.vm.version" value="25.232-b09"/>
    <property name="java.ext.dirs" value="/usr/lib/jvm/java-1.8.0-openjdk-1.8.0.232.b09-0.el7_7.x86_64/jre/lib/ext:/usr/java/packages/lib/ext"/>
    <property name="sun.io.unicode.encoding" value="UnicodeLittle"/>
    <property name="java.class.version" value="52.0"/>
  </properties>
  <testcase name="testPutKeyAndGetKeyThreeNodes" classname="org.apache.hadoop.ozone.client.rpc.TestReadRetries" time="10.178">
    <failure type="java.lang.AssertionError">java.lang.AssertionError
	at org.junit.Assert.fail(Assert.java:86)
	at org.junit.Assert.assertTrue(Assert.java:41)
	at org.junit.Assert.assertTrue(Assert.java:52)
	at org.apache.hadoop.ozone.client.rpc.TestReadRetries.testPutKeyAndGetKeyThreeNodes(TestReadRetries.java:181)
	at sun.reflect.NativeMethodAccessorImpl.invoke0(Native Method)
	at sun.reflect.NativeMethodAccessorImpl.invoke(NativeMethodAccessorImpl.java:62)
	at sun.reflect.DelegatingMethodAccessorImpl.invoke(DelegatingMethodAccessorImpl.java:43)
	at java.lang.reflect.Method.invoke(Method.java:498)
	at org.junit.runners.model.FrameworkMethod$1.runReflectiveCall(FrameworkMethod.java:47)
	at org.junit.internal.runners.model.ReflectiveCallable.run(ReflectiveCallable.java:12)
	at org.junit.runners.model.FrameworkMethod.invokeExplosively(FrameworkMethod.java:44)
	at org.junit.internal.runners.statements.InvokeMethod.evaluate(InvokeMethod.java:17)
	at org.junit.rules.ExpectedException$ExpectedExceptionStatement.evaluate(ExpectedException.java:168)
	at org.junit.rules.RunRules.evaluate(RunRules.java:20)
	at org.junit.runners.ParentRunner.runLeaf(ParentRunner.java:271)
	at org.junit.runners.BlockJUnit4ClassRunner.runChild(BlockJUnit4ClassRunner.java:70)
	at org.junit.runners.BlockJUnit4ClassRunner.runChild(BlockJUnit4ClassRunner.java:50)
	at org.junit.runners.ParentRunner$3.run(ParentRunner.java:238)
	at org.junit.runners.ParentRunner$1.schedule(ParentRunner.java:63)
	at org.junit.runners.ParentRunner.runChildren(ParentRunner.java:236)
	at org.junit.runners.ParentRunner.access$000(ParentRunner.java:53)
	at org.junit.runners.ParentRunner$2.evaluate(ParentRunner.java:229)
	at org.junit.internal.runners.statements.RunBefores.evaluate(RunBefores.java:26)
	at org.junit.internal.runners.statements.RunAfters.evaluate(RunAfters.java:27)
	at org.junit.runners.ParentRunner.run(ParentRunner.java:309)
	at org.apache.maven.surefire.junit4.JUnit4Provider.execute(JUnit4Provider.java:365)
	at org.apache.maven.surefire.junit4.JUnit4Provider.executeWithRerun(JUnit4Provider.java:273)
	at org.apache.maven.surefire.junit4.JUnit4Provider.executeTestSet(JUnit4Provider.java:238)
	at org.apache.maven.surefire.junit4.JUnit4Provider.invoke(JUnit4Provider.java:159)
	at org.apache.maven.surefire.booter.ForkedBooter.invokeProviderInSameClassLoader(ForkedBooter.java:384)
	at org.apache.maven.surefire.booter.ForkedBooter.runSuitesInProcess(ForkedBooter.java:345)
	at org.apache.maven.surefire.booter.ForkedBooter.execute(ForkedBooter.java:126)
	at org.apache.maven.surefire.booter.ForkedBooter.main(ForkedBooter.java:418)
</failure>
    <system-out><![CDATA[2020-05-12 08:29:16,875 [main] WARN  server.ServerUtils (ServerUtils.java:getScmDbDir(148)) - ozone.scm.db.dirs is not configured. We recommend adding this setting. Falling back to ozone.metadata.dirs instead.
2020-05-12 08:29:17,006 [main] WARN  server.ServerUtils (ServerUtils.java:getScmDbDir(148)) - ozone.scm.db.dirs is not configured. We recommend adding this setting. Falling back to ozone.metadata.dirs instead.
2020-05-12 08:29:17,169 [main] WARN  db.DBStoreBuilder (DBStoreBuilder.java:createDBStoreBuilder(277)) - ozone.scm.db.dirs is not configured. We recommend adding this setting. Falling back to ozone.metadata.dirs instead.
2020-05-12 08:29:17,350 [main] INFO  net.NodeSchemaLoader (NodeSchemaLoader.java:loadSchemaFromFile(126)) - Loading file from sun.misc.CompoundEnumeration@2762253e
2020-05-12 08:29:17,354 [main] INFO  net.NodeSchemaLoader (NodeSchemaLoader.java:loadSchema(172)) - Loading network topology layer schema file
2020-05-12 08:29:17,446 [main] WARN  server.ServerUtils (ServerUtils.java:sanitizeUserArgs(73)) - ozone.scm.stale.node.interval value = 300000 is larger than max = 100000 based on the key value of ozone.scm.heartbeat.thread.interval, reset to the max value 100000.
2020-05-12 08:29:17,447 [main] WARN  server.ServerUtils (ServerUtils.java:sanitizeUserArgs(73)) - ozone.scm.stale.node.interval value = 300000 is larger than max = 100000 based on the key value of ozone.scm.heartbeat.thread.interval, reset to the max value 100000.
2020-05-12 08:29:17,451 [main] INFO  node.SCMNodeManager (SCMNodeManager.java:<init>(116)) - Entering startup safe mode.
2020-05-12 08:29:17,635 [main] INFO  algorithms.ContainerPlacementPolicyFactory (ContainerPlacementPolicyFactory.java:getPolicy(60)) - Create container placement policy of type org.apache.hadoop.hdds.scm.container.placement.algorithms.SCMContainerPlacementRandom
2020-05-12 08:29:17,666 [main] INFO  pipeline.SCMPipelineManager (SCMPipelineManager.java:initializePipelineState(158)) - No pipeline exists in current db
2020-05-12 08:29:17,759 [main] INFO  safemode.HealthyPipelineSafeModeRule (HealthyPipelineSafeModeRule.java:<init>(89)) - Total pipeline count is 0, healthy pipeline threshold count is 0
2020-05-12 08:29:17,767 [main] INFO  safemode.OneReplicaPipelineSafeModeRule (OneReplicaPipelineSafeModeRule.java:<init>(79)) - Total pipeline count is 0, pipeline's with at least one datanode reported threshold count is 0
2020-05-12 08:29:17,818 [RatisPipelineUtilsThread] ERROR pipeline.SCMPipelineManager (SCMPipelineManager.java:createPipeline(222)) - Failed to create pipeline of type RATIS and factor ONE. Exception: Cannot create pipeline of factor 1 using 0 nodes. Used 0 nodes. Healthy nodes 0
2020-05-12 08:29:18,351 [main] INFO  ipc.CallQueueManager (CallQueueManager.java:<init>(84)) - Using callQueue: class java.util.concurrent.LinkedBlockingQueue, queueCapacity: 2000, scheduler: class org.apache.hadoop.ipc.DefaultRpcScheduler, ipcBackoff: false.
2020-05-12 08:29:18,389 [Socket Reader #1 for port 34899] INFO  ipc.Server (Server.java:run(1074)) - Starting Socket Reader #1 for port 34899
2020-05-12 08:29:18,437 [main] INFO  ipc.CallQueueManager (CallQueueManager.java:<init>(84)) - Using callQueue: class java.util.concurrent.LinkedBlockingQueue, queueCapacity: 2000, scheduler: class org.apache.hadoop.ipc.DefaultRpcScheduler, ipcBackoff: false.
2020-05-12 08:29:18,442 [Socket Reader #1 for port 43777] INFO  ipc.Server (Server.java:run(1074)) - Starting Socket Reader #1 for port 43777
2020-05-12 08:29:18,454 [main] INFO  ipc.CallQueueManager (CallQueueManager.java:<init>(84)) - Using callQueue: class java.util.concurrent.LinkedBlockingQueue, queueCapacity: 2000, scheduler: class org.apache.hadoop.ipc.DefaultRpcScheduler, ipcBackoff: false.
2020-05-12 08:29:18,455 [Socket Reader #1 for port 38371] INFO  ipc.Server (Server.java:run(1074)) - Starting Socket Reader #1 for port 38371
2020-05-12 08:29:18,492 [main] INFO  http.BaseHttpServer (BaseHttpServer.java:newHttpServer2BuilderForOzone(205)) - Starting Web-server for scm at: http://0.0.0.0:0
2020-05-12 08:29:18,493 [main] INFO  http.BaseHttpServer (BaseHttpServer.java:<init>(106)) - Hadoop Security Enabled: false Ozone Security Enabled: false Ozone HTTP Security Enabled: false 
2020-05-12 08:29:18,547 [main] INFO  util.log (Log.java:initialized(169)) - Logging initialized @3276ms to org.eclipse.jetty.util.log.Slf4jLog
2020-05-12 08:29:18,825 [main] INFO  server.AuthenticationFilter (AuthenticationFilter.java:constructSecretProvider(240)) - Unable to initialize FileSignerSecretProvider, falling back to use random secrets.
2020-05-12 08:29:18,857 [main] WARN  http.HttpRequestLog (HttpRequestLog.java:getRequestLog(103)) - Jetty request log can only be enabled using Log4j
2020-05-12 08:29:18,865 [main] INFO  http.HttpServer2 (HttpServer2.java:addGlobalFilter(993)) - Added global filter 'safety' (class=org.apache.hadoop.hdds.server.http.HttpServer2$QuotingInputFilter)
2020-05-12 08:29:18,868 [main] INFO  http.HttpServer2 (HttpServer2.java:addFilter(969)) - Added filter authentication (class=org.apache.hadoop.security.authentication.server.AuthenticationFilter) to context scm
2020-05-12 08:29:18,869 [main] INFO  http.HttpServer2 (HttpServer2.java:addFilter(977)) - Added filter authentication (class=org.apache.hadoop.security.authentication.server.AuthenticationFilter) to context static
2020-05-12 08:29:18,869 [main] INFO  http.HttpServer2 (HttpServer2.java:addFilter(977)) - Added filter authentication (class=org.apache.hadoop.security.authentication.server.AuthenticationFilter) to context logs
2020-05-12 08:29:18,936 [main] INFO  server.StorageContainerManager (StorageContainerManager.java:start(781)) - StorageContainerLocationProtocol RPC server is listening at /0.0.0.0:38371
2020-05-12 08:29:19,017 [main] WARN  impl.MetricsConfig (MetricsConfig.java:loadFirst(134)) - Cannot locate configuration: tried hadoop-metrics2-storagecontainermanager.properties,hadoop-metrics2.properties
2020-05-12 08:29:19,034 [main] INFO  impl.MetricsSystemImpl (MetricsSystemImpl.java:startTimer(374)) - Scheduled Metric snapshot period at 10 second(s).
2020-05-12 08:29:19,034 [main] INFO  impl.MetricsSystemImpl (MetricsSystemImpl.java:start(191)) - StorageContainerManager metrics system started
2020-05-12 08:29:19,434 [main] INFO  server.SCMClientProtocolServer (SCMClientProtocolServer.java:start(157)) - RPC server for Client  is listening at /0.0.0.0:38371
2020-05-12 08:29:19,434 [IPC Server Responder] INFO  ipc.Server (Server.java:run(1314)) - IPC Server Responder: starting
2020-05-12 08:29:19,436 [IPC Server listener on 38371] INFO  ipc.Server (Server.java:run(1153)) - IPC Server listener on 38371: starting
2020-05-12 08:29:19,439 [main] INFO  server.StorageContainerManager (StorageContainerManager.java:start(793)) - ScmBlockLocationProtocol RPC server is listening at /0.0.0.0:43777
2020-05-12 08:29:19,440 [main] INFO  server.SCMBlockProtocolServer (SCMBlockProtocolServer.java:start(149)) - RPC server for Block Protocol is listening at /0.0.0.0:43777
2020-05-12 08:29:19,440 [IPC Server Responder] INFO  ipc.Server (Server.java:run(1314)) - IPC Server Responder: starting
2020-05-12 08:29:19,440 [IPC Server listener on 43777] INFO  ipc.Server (Server.java:run(1153)) - IPC Server listener on 43777: starting
2020-05-12 08:29:19,443 [main] INFO  server.StorageContainerManager (StorageContainerManager.java:start(799)) - ScmDatanodeProtocl RPC server is listening at /0.0.0.0:34899
2020-05-12 08:29:19,444 [main] INFO  server.SCMDatanodeProtocolServer (SCMDatanodeProtocolServer.java:start(172)) - RPC server for DataNodes is listening at /0.0.0.0:34899
2020-05-12 08:29:19,444 [IPC Server Responder] INFO  ipc.Server (Server.java:run(1314)) - IPC Server Responder: starting
2020-05-12 08:29:19,445 [IPC Server listener on 34899] INFO  ipc.Server (Server.java:run(1153)) - IPC Server listener on 34899: starting
2020-05-12 08:29:19,448 [main] INFO  http.HttpServer2 (HttpServer2.java:bindListener(1211)) - Jetty bound to port 40575
2020-05-12 08:29:19,451 [main] INFO  server.Server (Server.java:doStart(359)) - jetty-9.4.26.v20200117; built: 2020-01-17T12:35:33.676Z; git: 7b38981d25d14afb4a12ff1f2596756144edf695; jvm 1.8.0_232-b09
2020-05-12 08:29:19,499 [main] INFO  server.session (DefaultSessionIdManager.java:doStart(333)) - DefaultSessionIdManager workerName=node0
2020-05-12 08:29:19,500 [main] INFO  server.session (DefaultSessionIdManager.java:doStart(338)) - No SessionScavenger set, using defaults
2020-05-12 08:29:19,503 [main] INFO  server.session (HouseKeeper.java:startScavenging(140)) - node0 Scavenging every 600000ms
2020-05-12 08:29:19,521 [main] INFO  server.AuthenticationFilter (AuthenticationFilter.java:constructSecretProvider(240)) - Unable to initialize FileSignerSecretProvider, falling back to use random secrets.
2020-05-12 08:29:19,525 [main] INFO  handler.ContextHandler (ContextHandler.java:doStart(825)) - Started o.e.j.s.ServletContextHandler@6e886e25{logs,/logs,file:///github/workspace/mnt/ozone/hadoop-ozone/integration-test/target/log,AVAILABLE}
2020-05-12 08:29:19,526 [main] INFO  handler.ContextHandler (ContextHandler.java:doStart(825)) - Started o.e.j.s.ServletContextHandler@41019f9d{static,/static,file:///github/workspace/mnt/ozone/hadoop-ozone/integration-test/target/test-classes/webapps/static,AVAILABLE}
2020-05-12 08:29:19,590 [main] INFO  handler.ContextHandler (ContextHandler.java:doStart(825)) - Started o.e.j.w.WebAppContext@7c516b63{scm,/,file:///github/workspace/mnt/ozone/hadoop-ozone/integration-test/target/test-classes/webapps/scm/,AVAILABLE}{file:/github/workspace/mnt/ozone/hadoop-ozone/integration-test/target/test-classes/webapps/scm}
2020-05-12 08:29:19,607 [main] INFO  server.AbstractConnector (AbstractConnector.java:doStart(330)) - Started ServerConnector@6ebdbe96{HTTP/1.1,[http/1.1]}{0.0.0.0:40575}
2020-05-12 08:29:19,607 [main] INFO  server.Server (Server.java:doStart(399)) - Started @4336ms
2020-05-12 08:29:19,611 [main] INFO  impl.MetricsSinkAdapter (MetricsSinkAdapter.java:start(204)) - Sink prometheus started
2020-05-12 08:29:19,611 [main] INFO  impl.MetricsSystemImpl (MetricsSystemImpl.java:registerSink(301)) - Registered sink prometheus
2020-05-12 08:29:19,615 [main] INFO  http.BaseHttpServer (BaseHttpServer.java:updateConnectorAddress(325)) - HTTP server of scm listening at http://0.0.0.0:40575
2020-05-12 08:29:19,626 [main] WARN  server.ServerUtils (ServerUtils.java:getDBPath(225)) - ozone.om.db.dirs is not configured. We recommend adding this setting. Falling back to ozone.metadata.dirs instead.
2020-05-12 08:29:19,635 [org.apache.hadoop.util.JvmPauseMonitor$Monitor@6d01f471] INFO  util.JvmPauseMonitor (JvmPauseMonitor.java:run(188)) - Starting JVM pause monitor
2020-05-12 08:29:19,791 [main] INFO  ha.OMHANodeDetails (OMHANodeDetails.java:loadOMHAConfig(104)) - ozone.om.internal.service.id is not defined, falling back to ozone.om.service.ids to find serviceID for OzoneManager if it is HA enabled cluster
2020-05-12 08:29:19,794 [main] INFO  ha.OMHANodeDetails (OMHANodeDetails.java:loadOMHAConfig(207)) - Configuration either no ozone.om.address set. Falling back to the default OM address /127.0.0.1:0
2020-05-12 08:29:19,794 [main] INFO  ha.OMHANodeDetails (OMHANodeDetails.java:getOMNodeDetails(237)) - OM Service ID is not set. Setting it to the default ID: omServiceIdDefault
2020-05-12 08:29:19,800 [main] WARN  server.ServerUtils (ServerUtils.java:getDBPath(225)) - ozone.om.db.dirs is not configured. We recommend adding this setting. Falling back to ozone.metadata.dirs instead.
2020-05-12 08:29:19,802 [main] WARN  server.ServerUtils (ServerUtils.java:getDBPath(225)) - ozone.om.db.dirs is not configured. We recommend adding this setting. Falling back to ozone.metadata.dirs instead.
2020-05-12 08:29:20,685 [main] WARN  server.ServerUtils (ServerUtils.java:getDBPath(225)) - ozone.om.db.dirs is not configured. We recommend adding this setting. Falling back to ozone.metadata.dirs instead.
2020-05-12 08:29:20,818 [main] INFO  ipc.CallQueueManager (CallQueueManager.java:<init>(84)) - Using callQueue: class java.util.concurrent.LinkedBlockingQueue, queueCapacity: 2000, scheduler: class org.apache.hadoop.ipc.DefaultRpcScheduler, ipcBackoff: false.
2020-05-12 08:29:20,819 [Socket Reader #1 for port 36831] INFO  ipc.Server (Server.java:run(1074)) - Starting Socket Reader #1 for port 36831
2020-05-12 08:29:20,865 [main] INFO  impl.MetricsSystemImpl (MetricsSystemImpl.java:init(158)) - OzoneManager metrics system started (again)
2020-05-12 08:29:20,867 [main] INFO  om.OzoneManager (OzoneManager.java:start(1107)) - OzoneManager RPC server is listening at localhost/127.0.0.1:36831
2020-05-12 08:29:20,902 [IPC Server Responder] INFO  ipc.Server (Server.java:run(1314)) - IPC Server Responder: starting
2020-05-12 08:29:20,902 [IPC Server listener on 36831] INFO  ipc.Server (Server.java:run(1153)) - IPC Server listener on 36831: starting
2020-05-12 08:29:20,912 [main] INFO  http.BaseHttpServer (BaseHttpServer.java:newHttpServer2BuilderForOzone(205)) - Starting Web-server for ozoneManager at: http://0.0.0.0:0
2020-05-12 08:29:20,912 [main] INFO  http.BaseHttpServer (BaseHttpServer.java:<init>(106)) - Hadoop Security Enabled: false Ozone Security Enabled: false Ozone HTTP Security Enabled: false 
2020-05-12 08:29:20,914 [main] INFO  server.AuthenticationFilter (AuthenticationFilter.java:constructSecretProvider(240)) - Unable to initialize FileSignerSecretProvider, falling back to use random secrets.
2020-05-12 08:29:20,918 [main] WARN  http.HttpRequestLog (HttpRequestLog.java:getRequestLog(103)) - Jetty request log can only be enabled using Log4j
2020-05-12 08:29:20,920 [main] INFO  http.HttpServer2 (HttpServer2.java:addGlobalFilter(993)) - Added global filter 'safety' (class=org.apache.hadoop.hdds.server.http.HttpServer2$QuotingInputFilter)
2020-05-12 08:29:20,922 [main] INFO  http.HttpServer2 (HttpServer2.java:addFilter(969)) - Added filter authentication (class=org.apache.hadoop.security.authentication.server.AuthenticationFilter) to context ozoneManager
2020-05-12 08:29:20,922 [main] INFO  http.HttpServer2 (HttpServer2.java:addFilter(977)) - Added filter authentication (class=org.apache.hadoop.security.authentication.server.AuthenticationFilter) to context logs
2020-05-12 08:29:20,922 [main] INFO  http.HttpServer2 (HttpServer2.java:addFilter(977)) - Added filter authentication (class=org.apache.hadoop.security.authentication.server.AuthenticationFilter) to context static
2020-05-12 08:29:20,925 [main] INFO  http.HttpServer2 (HttpServer2.java:bindListener(1211)) - Jetty bound to port 44549
2020-05-12 08:29:20,926 [main] INFO  server.Server (Server.java:doStart(359)) - jetty-9.4.26.v20200117; built: 2020-01-17T12:35:33.676Z; git: 7b38981d25d14afb4a12ff1f2596756144edf695; jvm 1.8.0_232-b09
2020-05-12 08:29:20,928 [main] INFO  server.session (DefaultSessionIdManager.java:doStart(333)) - DefaultSessionIdManager workerName=node0
2020-05-12 08:29:20,928 [main] INFO  server.session (DefaultSessionIdManager.java:doStart(338)) - No SessionScavenger set, using defaults
2020-05-12 08:29:20,928 [main] INFO  server.session (HouseKeeper.java:startScavenging(140)) - node0 Scavenging every 660000ms
2020-05-12 08:29:20,930 [main] INFO  server.AuthenticationFilter (AuthenticationFilter.java:constructSecretProvider(240)) - Unable to initialize FileSignerSecretProvider, falling back to use random secrets.
2020-05-12 08:29:20,931 [main] INFO  handler.ContextHandler (ContextHandler.java:doStart(825)) - Started o.e.j.s.ServletContextHandler@63c6a639{logs,/logs,file:///github/workspace/mnt/ozone/hadoop-ozone/integration-test/target/log,AVAILABLE}
2020-05-12 08:29:20,931 [main] INFO  handler.ContextHandler (ContextHandler.java:doStart(825)) - Started o.e.j.s.ServletContextHandler@7722f86d{static,/static,file:///github/workspace/mnt/ozone/hadoop-ozone/integration-test/target/test-classes/webapps/static,AVAILABLE}
2020-05-12 08:29:20,939 [main] INFO  handler.ContextHandler (ContextHandler.java:doStart(825)) - Started o.e.j.w.WebAppContext@5cc1a0c3{ozoneManager,/,file:///github/workspace/mnt/ozone/hadoop-ozone/integration-test/target/test-classes/webapps/ozoneManager/,AVAILABLE}{file:/github/workspace/mnt/ozone/hadoop-ozone/integration-test/target/test-classes/webapps/ozoneManager}
2020-05-12 08:29:20,941 [main] INFO  server.AbstractConnector (AbstractConnector.java:doStart(330)) - Started ServerConnector@33117039{HTTP/1.1,[http/1.1]}{0.0.0.0:44549}
2020-05-12 08:29:20,941 [main] INFO  server.Server (Server.java:doStart(399)) - Started @5670ms
2020-05-12 08:29:20,942 [main] WARN  impl.MetricsSystemImpl (MetricsSystemImpl.java:register(276)) - Sink prometheus already exists!
2020-05-12 08:29:20,945 [main] INFO  http.BaseHttpServer (BaseHttpServer.java:updateConnectorAddress(325)) - HTTP server of ozoneManager listening at http://0.0.0.0:44549
2020-05-12 08:29:21,139 [main] INFO  metrics.MetricRegistries (MetricRegistriesLoader.java:load(64)) - Loaded MetricRegistries class org.apache.ratis.metrics.impl.MetricRegistriesImpl
2020-05-12 08:29:21,141 [main] INFO  impl.MetricsSystemImpl (MetricsSystemImpl.java:init(158)) - HddsDatanode metrics system started (again)
2020-05-12 08:29:21,150 [main] INFO  ozone.HddsDatanodeService (HddsDatanodeService.java:start(204)) - HddsDatanodeService host:cda64759c3a5 ip:172.17.0.2
2020-05-12 08:29:21,208 [main] INFO  volume.HddsVolume (HddsVolume.java:<init>(176)) - Creating Volume: /github/workspace/mnt/ozone/hadoop-ozone/integration-test/target/test-dir/MiniOzoneClusterImpl-b9f4991b-e4de-40e3-b3af-34f99860be45/datanode-0/data-0/containers/hdds of storage type : DISK and capacity : 9223372036854775807
2020-05-12 08:29:21,210 [main] INFO  volume.MutableVolumeSet (MutableVolumeSet.java:initializeVolumeSet(181)) - Added Volume : /github/workspace/mnt/ozone/hadoop-ozone/integration-test/target/test-dir/MiniOzoneClusterImpl-b9f4991b-e4de-40e3-b3af-34f99860be45/datanode-0/data-0/containers/hdds to VolumeSet
2020-05-12 08:29:21,212 [main] INFO  volume.ThrottledAsyncChecker (ThrottledAsyncChecker.java:schedule(141)) - Scheduling a check for /github/workspace/mnt/ozone/hadoop-ozone/integration-test/target/test-dir/MiniOzoneClusterImpl-b9f4991b-e4de-40e3-b3af-34f99860be45/datanode-0/data-0/containers/hdds
2020-05-12 08:29:21,245 [main] INFO  volume.HddsVolumeChecker (HddsVolumeChecker.java:checkAllVolumes(200)) - Scheduled health check for volume /github/workspace/mnt/ozone/hadoop-ozone/integration-test/target/test-dir/MiniOzoneClusterImpl-b9f4991b-e4de-40e3-b3af-34f99860be45/datanode-0/data-0/containers/hdds
2020-05-12 08:29:21,405 [main] INFO  impl.RaftServerProxy (ConfUtils.java:logGet(44)) - raft.rpc.type = GRPC (default)
2020-05-12 08:29:21,541 [main] INFO  grpc.GrpcFactory (GrpcFactory.java:checkPooledByteBufAllocatorUseCacheForAllThreads(45)) - PERFORMANCE WARNING: useCacheForAllThreads is true that may cause Netty to create a lot garbage objects and, as a result, trigger GC.
	It is recommended to disable useCacheForAllThreads by setting -Dorg.apache.ratis.thirdparty.io.netty.allocator.useCacheForAllThreads=false in command line.
2020-05-12 08:29:21,548 [main] INFO  grpc.GrpcConfigKeys (ConfUtils.java:logGet(44)) - raft.grpc.server.port = 0 (default)
2020-05-12 08:29:21,551 [main] INFO  server.GrpcService (ConfUtils.java:logGet(44)) - raft.grpc.message.size.max = 32MB (=33554432) (custom)
2020-05-12 08:29:21,552 [main] INFO  server.RaftServerConfigKeys (ConfUtils.java:logGet(44)) - raft.server.log.appender.buffer.byte-limit = 33554432 (custom)
2020-05-12 08:29:21,553 [main] INFO  server.GrpcService (ConfUtils.java:logGet(44)) - raft.grpc.flow.control.window = 5MB (=5242880) (custom)
2020-05-12 08:29:21,555 [main] INFO  server.RaftServerConfigKeys (ConfUtils.java:logGet(44)) - raft.server.rpc.request.timeout = 60s (custom)
2020-05-12 08:29:21,831 [main] INFO  server.RaftServerConfigKeys (ConfUtils.java:logGet(44)) - raft.server.storage.dir = [/github/workspace/mnt/ozone/hadoop-ozone/integration-test/target/test-dir/MiniOzoneClusterImpl-b9f4991b-e4de-40e3-b3af-34f99860be45/datanode-0/data/ratis] (custom)
2020-05-12 08:29:21,936 [main] INFO  http.BaseHttpServer (BaseHttpServer.java:newHttpServer2BuilderForOzone(205)) - Starting Web-server for hddsDatanode at: http://0.0.0.0:0
2020-05-12 08:29:21,936 [main] INFO  http.BaseHttpServer (BaseHttpServer.java:<init>(106)) - Hadoop Security Enabled: false Ozone Security Enabled: false Ozone HTTP Security Enabled: false 
2020-05-12 08:29:21,938 [main] INFO  server.AuthenticationFilter (AuthenticationFilter.java:constructSecretProvider(240)) - Unable to initialize FileSignerSecretProvider, falling back to use random secrets.
2020-05-12 08:29:21,938 [main] WARN  http.HttpRequestLog (HttpRequestLog.java:getRequestLog(103)) - Jetty request log can only be enabled using Log4j
2020-05-12 08:29:21,940 [main] INFO  http.HttpServer2 (HttpServer2.java:addGlobalFilter(993)) - Added global filter 'safety' (class=org.apache.hadoop.hdds.server.http.HttpServer2$QuotingInputFilter)
2020-05-12 08:29:21,941 [main] INFO  http.HttpServer2 (HttpServer2.java:addFilter(969)) - Added filter authentication (class=org.apache.hadoop.security.authentication.server.AuthenticationFilter) to context hddsDatanode
2020-05-12 08:29:21,941 [main] INFO  http.HttpServer2 (HttpServer2.java:addFilter(977)) - Added filter authentication (class=org.apache.hadoop.security.authentication.server.AuthenticationFilter) to context logs
2020-05-12 08:29:21,941 [main] INFO  http.HttpServer2 (HttpServer2.java:addFilter(977)) - Added filter authentication (class=org.apache.hadoop.security.authentication.server.AuthenticationFilter) to context static
2020-05-12 08:29:21,941 [main] INFO  http.HttpServer2 (HttpServer2.java:bindListener(1211)) - Jetty bound to port 34675
2020-05-12 08:29:21,942 [main] INFO  server.Server (Server.java:doStart(359)) - jetty-9.4.26.v20200117; built: 2020-01-17T12:35:33.676Z; git: 7b38981d25d14afb4a12ff1f2596756144edf695; jvm 1.8.0_232-b09
2020-05-12 08:29:21,946 [main] INFO  server.session (DefaultSessionIdManager.java:doStart(333)) - DefaultSessionIdManager workerName=node0
2020-05-12 08:29:21,946 [main] INFO  server.session (DefaultSessionIdManager.java:doStart(338)) - No SessionScavenger set, using defaults
2020-05-12 08:29:21,946 [main] INFO  server.session (HouseKeeper.java:startScavenging(140)) - node0 Scavenging every 660000ms
2020-05-12 08:29:21,947 [main] INFO  server.AuthenticationFilter (AuthenticationFilter.java:constructSecretProvider(240)) - Unable to initialize FileSignerSecretProvider, falling back to use random secrets.
2020-05-12 08:29:21,948 [main] INFO  handler.ContextHandler (ContextHandler.java:doStart(825)) - Started o.e.j.s.ServletContextHandler@9a5a007{logs,/logs,file:///github/workspace/mnt/ozone/hadoop-ozone/integration-test/target/log,AVAILABLE}
2020-05-12 08:29:21,948 [main] INFO  handler.ContextHandler (ContextHandler.java:doStart(825)) - Started o.e.j.s.ServletContextHandler@5f9385ec{static,/static,jar:file:/home/user/.m2/repository/org/apache/hadoop/hadoop-hdds-container-service/0.6.0-SNAPSHOT/hadoop-hdds-container-service-0.6.0-SNAPSHOT.jar!/webapps/static,AVAILABLE}
2020-05-12 08:29:21,981 [main] INFO  handler.ContextHandler (ContextHandler.java:doStart(825)) - Started o.e.j.w.WebAppContext@520d82c7{hddsDatanode,/,file:///tmp/jetty-0_0_0_0-34675-hadoop-hdds-container-service-0_6_0-SNAPSHOT_jar-_-any-4848401448902540561.dir/webapp/,AVAILABLE}{jar:file:/home/user/.m2/repository/org/apache/hadoop/hadoop-hdds-container-service/0.6.0-SNAPSHOT/hadoop-hdds-container-service-0.6.0-SNAPSHOT.jar!/webapps/hddsDatanode}
2020-05-12 08:29:21,983 [main] INFO  server.AbstractConnector (AbstractConnector.java:doStart(330)) - Started ServerConnector@e71580d{HTTP/1.1,[http/1.1]}{0.0.0.0:34675}
2020-05-12 08:29:21,984 [main] INFO  server.Server (Server.java:doStart(399)) - Started @6713ms
2020-05-12 08:29:21,985 [main] WARN  impl.MetricsSystemImpl (MetricsSystemImpl.java:register(276)) - Sink prometheus already exists!
2020-05-12 08:29:21,991 [main] INFO  http.BaseHttpServer (BaseHttpServer.java:updateConnectorAddress(325)) - HTTP server of hddsDatanode listening at http://0.0.0.0:34675
2020-05-12 08:29:21,993 [main] INFO  impl.MetricsSystemImpl (MetricsSystemImpl.java:init(158)) - HddsDatanode metrics system started (again)
2020-05-12 08:29:21,996 [main] INFO  ozone.HddsDatanodeService (HddsDatanodeService.java:start(204)) - HddsDatanodeService host:cda64759c3a5 ip:172.17.0.2
2020-05-12 08:29:21,999 [main] INFO  volume.HddsVolume (HddsVolume.java:<init>(176)) - Creating Volume: /github/workspace/mnt/ozone/hadoop-ozone/integration-test/target/test-dir/MiniOzoneClusterImpl-b9f4991b-e4de-40e3-b3af-34f99860be45/datanode-1/data-0/containers/hdds of storage type : DISK and capacity : 9223372036854775807
2020-05-12 08:29:22,000 [main] INFO  volume.MutableVolumeSet (MutableVolumeSet.java:initializeVolumeSet(181)) - Added Volume : /github/workspace/mnt/ozone/hadoop-ozone/integration-test/target/test-dir/MiniOzoneClusterImpl-b9f4991b-e4de-40e3-b3af-34f99860be45/datanode-1/data-0/containers/hdds to VolumeSet
2020-05-12 08:29:22,000 [main] INFO  volume.ThrottledAsyncChecker (ThrottledAsyncChecker.java:schedule(141)) - Scheduling a check for /github/workspace/mnt/ozone/hadoop-ozone/integration-test/target/test-dir/MiniOzoneClusterImpl-b9f4991b-e4de-40e3-b3af-34f99860be45/datanode-1/data-0/containers/hdds
2020-05-12 08:29:22,018 [org.apache.hadoop.util.JvmPauseMonitor$Monitor@6f1f241f] INFO  util.JvmPauseMonitor (JvmPauseMonitor.java:run(188)) - Starting JVM pause monitor
2020-05-12 08:29:22,019 [main] INFO  volume.HddsVolumeChecker (HddsVolumeChecker.java:checkAllVolumes(200)) - Scheduled health check for volume /github/workspace/mnt/ozone/hadoop-ozone/integration-test/target/test-dir/MiniOzoneClusterImpl-b9f4991b-e4de-40e3-b3af-34f99860be45/datanode-1/data-0/containers/hdds
2020-05-12 08:29:22,087 [main] INFO  impl.RaftServerProxy (ConfUtils.java:logGet(44)) - raft.rpc.type = GRPC (default)
2020-05-12 08:29:22,088 [main] INFO  grpc.GrpcFactory (GrpcFactory.java:checkPooledByteBufAllocatorUseCacheForAllThreads(45)) - PERFORMANCE WARNING: useCacheForAllThreads is true that may cause Netty to create a lot garbage objects and, as a result, trigger GC.
	It is recommended to disable useCacheForAllThreads by setting -Dorg.apache.ratis.thirdparty.io.netty.allocator.useCacheForAllThreads=false in command line.
2020-05-12 08:29:22,088 [main] INFO  grpc.GrpcConfigKeys (ConfUtils.java:logGet(44)) - raft.grpc.server.port = 0 (default)
2020-05-12 08:29:22,088 [main] INFO  server.GrpcService (ConfUtils.java:logGet(44)) - raft.grpc.message.size.max = 32MB (=33554432) (custom)
2020-05-12 08:29:22,089 [main] INFO  server.RaftServerConfigKeys (ConfUtils.java:logGet(44)) - raft.server.log.appender.buffer.byte-limit = 33554432 (custom)
2020-05-12 08:29:22,089 [main] INFO  server.GrpcService (ConfUtils.java:logGet(44)) - raft.grpc.flow.control.window = 5MB (=5242880) (custom)
2020-05-12 08:29:22,090 [main] INFO  server.RaftServerConfigKeys (ConfUtils.java:logGet(44)) - raft.server.rpc.request.timeout = 60s (custom)
2020-05-12 08:29:22,091 [main] INFO  server.RaftServerConfigKeys (ConfUtils.java:logGet(44)) - raft.server.storage.dir = [/github/workspace/mnt/ozone/hadoop-ozone/integration-test/target/test-dir/MiniOzoneClusterImpl-b9f4991b-e4de-40e3-b3af-34f99860be45/datanode-1/data/ratis] (custom)
2020-05-12 08:29:22,097 [main] INFO  http.BaseHttpServer (BaseHttpServer.java:newHttpServer2BuilderForOzone(205)) - Starting Web-server for hddsDatanode at: http://0.0.0.0:0
2020-05-12 08:29:22,098 [main] INFO  http.BaseHttpServer (BaseHttpServer.java:<init>(106)) - Hadoop Security Enabled: false Ozone Security Enabled: false Ozone HTTP Security Enabled: false 
2020-05-12 08:29:22,100 [main] INFO  server.AuthenticationFilter (AuthenticationFilter.java:constructSecretProvider(240)) - Unable to initialize FileSignerSecretProvider, falling back to use random secrets.
2020-05-12 08:29:22,101 [main] WARN  http.HttpRequestLog (HttpRequestLog.java:getRequestLog(103)) - Jetty request log can only be enabled using Log4j
2020-05-12 08:29:22,102 [main] INFO  http.HttpServer2 (HttpServer2.java:addGlobalFilter(993)) - Added global filter 'safety' (class=org.apache.hadoop.hdds.server.http.HttpServer2$QuotingInputFilter)
2020-05-12 08:29:22,103 [main] INFO  http.HttpServer2 (HttpServer2.java:addFilter(969)) - Added filter authentication (class=org.apache.hadoop.security.authentication.server.AuthenticationFilter) to context hddsDatanode
2020-05-12 08:29:22,103 [main] INFO  http.HttpServer2 (HttpServer2.java:addFilter(977)) - Added filter authentication (class=org.apache.hadoop.security.authentication.server.AuthenticationFilter) to context static
2020-05-12 08:29:22,103 [main] INFO  http.HttpServer2 (HttpServer2.java:addFilter(977)) - Added filter authentication (class=org.apache.hadoop.security.authentication.server.AuthenticationFilter) to context logs
2020-05-12 08:29:22,103 [main] INFO  http.HttpServer2 (HttpServer2.java:bindListener(1211)) - Jetty bound to port 39053
2020-05-12 08:29:22,104 [main] INFO  server.Server (Server.java:doStart(359)) - jetty-9.4.26.v20200117; built: 2020-01-17T12:35:33.676Z; git: 7b38981d25d14afb4a12ff1f2596756144edf695; jvm 1.8.0_232-b09
2020-05-12 08:29:22,146 [main] INFO  server.session (DefaultSessionIdManager.java:doStart(333)) - DefaultSessionIdManager workerName=node0
2020-05-12 08:29:22,147 [main] INFO  server.session (DefaultSessionIdManager.java:doStart(338)) - No SessionScavenger set, using defaults
2020-05-12 08:29:22,147 [main] INFO  server.session (HouseKeeper.java:startScavenging(140)) - node0 Scavenging every 600000ms
2020-05-12 08:29:22,155 [main] INFO  server.AuthenticationFilter (AuthenticationFilter.java:constructSecretProvider(240)) - Unable to initialize FileSignerSecretProvider, falling back to use random secrets.
2020-05-12 08:29:22,158 [main] INFO  handler.ContextHandler (ContextHandler.java:doStart(825)) - Started o.e.j.s.ServletContextHandler@76b6a07b{logs,/logs,file:///github/workspace/mnt/ozone/hadoop-ozone/integration-test/target/log,AVAILABLE}
2020-05-12 08:29:22,159 [main] INFO  handler.ContextHandler (ContextHandler.java:doStart(825)) - Started o.e.j.s.ServletContextHandler@641be433{static,/static,jar:file:/home/user/.m2/repository/org/apache/hadoop/hadoop-hdds-container-service/0.6.0-SNAPSHOT/hadoop-hdds-container-service-0.6.0-SNAPSHOT.jar!/webapps/static,AVAILABLE}
2020-05-12 08:29:22,210 [main] INFO  handler.ContextHandler (ContextHandler.java:doStart(825)) - Started o.e.j.w.WebAppContext@33d2995c{hddsDatanode,/,file:///tmp/jetty-0_0_0_0-39053-hadoop-hdds-container-service-0_6_0-SNAPSHOT_jar-_-any-6014596218818774957.dir/webapp/,AVAILABLE}{jar:file:/home/user/.m2/repository/org/apache/hadoop/hadoop-hdds-container-service/0.6.0-SNAPSHOT/hadoop-hdds-container-service-0.6.0-SNAPSHOT.jar!/webapps/hddsDatanode}
2020-05-12 08:29:22,214 [main] INFO  server.AbstractConnector (AbstractConnector.java:doStart(330)) - Started ServerConnector@6d1e6392{HTTP/1.1,[http/1.1]}{0.0.0.0:39053}
2020-05-12 08:29:22,215 [main] INFO  server.Server (Server.java:doStart(399)) - Started @6944ms
2020-05-12 08:29:22,215 [main] WARN  impl.MetricsSystemImpl (MetricsSystemImpl.java:register(276)) - Sink prometheus already exists!
2020-05-12 08:29:22,226 [main] INFO  http.BaseHttpServer (BaseHttpServer.java:updateConnectorAddress(325)) - HTTP server of hddsDatanode listening at http://0.0.0.0:39053
2020-05-12 08:29:22,227 [Datanode State Machine Thread - 0] INFO  datanode.InitDatanodeState (InitDatanodeState.java:persistContainerDatanodeDetails(145)) - DatanodeDetails is persisted to /github/workspace/mnt/ozone/hadoop-ozone/integration-test/target/test-dir/MiniOzoneClusterImpl-b9f4991b-e4de-40e3-b3af-34f99860be45/datanode-0/meta/datanode.id
2020-05-12 08:29:22,230 [main] INFO  impl.MetricsSystemImpl (MetricsSystemImpl.java:init(158)) - HddsDatanode metrics system started (again)
2020-05-12 08:29:22,233 [main] INFO  ozone.HddsDatanodeService (HddsDatanodeService.java:start(204)) - HddsDatanodeService host:cda64759c3a5 ip:172.17.0.2
2020-05-12 08:29:22,238 [main] INFO  volume.HddsVolume (HddsVolume.java:<init>(176)) - Creating Volume: /github/workspace/mnt/ozone/hadoop-ozone/integration-test/target/test-dir/MiniOzoneClusterImpl-b9f4991b-e4de-40e3-b3af-34f99860be45/datanode-2/data-0/containers/hdds of storage type : DISK and capacity : 9223372036854775807
2020-05-12 08:29:22,239 [main] INFO  volume.MutableVolumeSet (MutableVolumeSet.java:initializeVolumeSet(181)) - Added Volume : /github/workspace/mnt/ozone/hadoop-ozone/integration-test/target/test-dir/MiniOzoneClusterImpl-b9f4991b-e4de-40e3-b3af-34f99860be45/datanode-2/data-0/containers/hdds to VolumeSet
2020-05-12 08:29:22,239 [main] INFO  volume.ThrottledAsyncChecker (ThrottledAsyncChecker.java:schedule(141)) - Scheduling a check for /github/workspace/mnt/ozone/hadoop-ozone/integration-test/target/test-dir/MiniOzoneClusterImpl-b9f4991b-e4de-40e3-b3af-34f99860be45/datanode-2/data-0/containers/hdds
2020-05-12 08:29:22,242 [main] INFO  volume.HddsVolumeChecker (HddsVolumeChecker.java:checkAllVolumes(200)) - Scheduled health check for volume /github/workspace/mnt/ozone/hadoop-ozone/integration-test/target/test-dir/MiniOzoneClusterImpl-b9f4991b-e4de-40e3-b3af-34f99860be45/datanode-2/data-0/containers/hdds
2020-05-12 08:29:22,242 [org.apache.hadoop.util.JvmPauseMonitor$Monitor@18a7c819] INFO  util.JvmPauseMonitor (JvmPauseMonitor.java:run(188)) - Starting JVM pause monitor
2020-05-12 08:29:22,269 [Datanode State Machine Thread - 0] INFO  datanode.InitDatanodeState (InitDatanodeState.java:persistContainerDatanodeDetails(145)) - DatanodeDetails is persisted to /github/workspace/mnt/ozone/hadoop-ozone/integration-test/target/test-dir/MiniOzoneClusterImpl-b9f4991b-e4de-40e3-b3af-34f99860be45/datanode-1/meta/datanode.id
2020-05-12 08:29:22,289 [main] INFO  impl.RaftServerProxy (ConfUtils.java:logGet(44)) - raft.rpc.type = GRPC (default)
2020-05-12 08:29:22,290 [main] INFO  grpc.GrpcFactory (GrpcFactory.java:checkPooledByteBufAllocatorUseCacheForAllThreads(45)) - PERFORMANCE WARNING: useCacheForAllThreads is true that may cause Netty to create a lot garbage objects and, as a result, trigger GC.
	It is recommended to disable useCacheForAllThreads by setting -Dorg.apache.ratis.thirdparty.io.netty.allocator.useCacheForAllThreads=false in command line.
2020-05-12 08:29:22,290 [main] INFO  grpc.GrpcConfigKeys (ConfUtils.java:logGet(44)) - raft.grpc.server.port = 0 (default)
2020-05-12 08:29:22,290 [main] INFO  server.GrpcService (ConfUtils.java:logGet(44)) - raft.grpc.message.size.max = 32MB (=33554432) (custom)
2020-05-12 08:29:22,290 [main] INFO  server.RaftServerConfigKeys (ConfUtils.java:logGet(44)) - raft.server.log.appender.buffer.byte-limit = 33554432 (custom)
2020-05-12 08:29:22,291 [main] INFO  server.GrpcService (ConfUtils.java:logGet(44)) - raft.grpc.flow.control.window = 5MB (=5242880) (custom)
2020-05-12 08:29:22,291 [main] INFO  server.RaftServerConfigKeys (ConfUtils.java:logGet(44)) - raft.server.rpc.request.timeout = 60s (custom)
2020-05-12 08:29:22,292 [main] INFO  server.RaftServerConfigKeys (ConfUtils.java:logGet(44)) - raft.server.storage.dir = [/github/workspace/mnt/ozone/hadoop-ozone/integration-test/target/test-dir/MiniOzoneClusterImpl-b9f4991b-e4de-40e3-b3af-34f99860be45/datanode-2/data/ratis] (custom)
2020-05-12 08:29:22,299 [main] INFO  http.BaseHttpServer (BaseHttpServer.java:newHttpServer2BuilderForOzone(205)) - Starting Web-server for hddsDatanode at: http://0.0.0.0:0
2020-05-12 08:29:22,299 [main] INFO  http.BaseHttpServer (BaseHttpServer.java:<init>(106)) - Hadoop Security Enabled: false Ozone Security Enabled: false Ozone HTTP Security Enabled: false 
2020-05-12 08:29:22,301 [main] INFO  server.AuthenticationFilter (AuthenticationFilter.java:constructSecretProvider(240)) - Unable to initialize FileSignerSecretProvider, falling back to use random secrets.
2020-05-12 08:29:22,301 [main] WARN  http.HttpRequestLog (HttpRequestLog.java:getRequestLog(103)) - Jetty request log can only be enabled using Log4j
2020-05-12 08:29:22,303 [main] INFO  http.HttpServer2 (HttpServer2.java:addGlobalFilter(993)) - Added global filter 'safety' (class=org.apache.hadoop.hdds.server.http.HttpServer2$QuotingInputFilter)
2020-05-12 08:29:22,304 [main] INFO  http.HttpServer2 (HttpServer2.java:addFilter(969)) - Added filter authentication (class=org.apache.hadoop.security.authentication.server.AuthenticationFilter) to context hddsDatanode
2020-05-12 08:29:22,304 [main] INFO  http.HttpServer2 (HttpServer2.java:addFilter(977)) - Added filter authentication (class=org.apache.hadoop.security.authentication.server.AuthenticationFilter) to context static
2020-05-12 08:29:22,304 [main] INFO  http.HttpServer2 (HttpServer2.java:addFilter(977)) - Added filter authentication (class=org.apache.hadoop.security.authentication.server.AuthenticationFilter) to context logs
2020-05-12 08:29:22,304 [main] INFO  http.HttpServer2 (HttpServer2.java:bindListener(1211)) - Jetty bound to port 34709
2020-05-12 08:29:22,305 [main] INFO  server.Server (Server.java:doStart(359)) - jetty-9.4.26.v20200117; built: 2020-01-17T12:35:33.676Z; git: 7b38981d25d14afb4a12ff1f2596756144edf695; jvm 1.8.0_232-b09
2020-05-12 08:29:22,307 [main] INFO  server.session (DefaultSessionIdManager.java:doStart(333)) - DefaultSessionIdManager workerName=node0
2020-05-12 08:29:22,307 [main] INFO  server.session (DefaultSessionIdManager.java:doStart(338)) - No SessionScavenger set, using defaults
2020-05-12 08:29:22,307 [main] INFO  server.session (HouseKeeper.java:startScavenging(140)) - node0 Scavenging every 600000ms
2020-05-12 08:29:22,308 [main] INFO  server.AuthenticationFilter (AuthenticationFilter.java:constructSecretProvider(240)) - Unable to initialize FileSignerSecretProvider, falling back to use random secrets.
2020-05-12 08:29:22,309 [main] INFO  handler.ContextHandler (ContextHandler.java:doStart(825)) - Started o.e.j.s.ServletContextHandler@561233bc{logs,/logs,file:///github/workspace/mnt/ozone/hadoop-ozone/integration-test/target/log,AVAILABLE}
2020-05-12 08:29:22,309 [main] INFO  handler.ContextHandler (ContextHandler.java:doStart(825)) - Started o.e.j.s.ServletContextHandler@63e08ba6{static,/static,jar:file:/home/user/.m2/repository/org/apache/hadoop/hadoop-hdds-container-service/0.6.0-SNAPSHOT/hadoop-hdds-container-service-0.6.0-SNAPSHOT.jar!/webapps/static,AVAILABLE}
2020-05-12 08:29:22,340 [main] INFO  handler.ContextHandler (ContextHandler.java:doStart(825)) - Started o.e.j.w.WebAppContext@3ab5cab2{hddsDatanode,/,file:///tmp/jetty-0_0_0_0-34709-hadoop-hdds-container-service-0_6_0-SNAPSHOT_jar-_-any-3578280461316435975.dir/webapp/,AVAILABLE}{jar:file:/home/user/.m2/repository/org/apache/hadoop/hadoop-hdds-container-service/0.6.0-SNAPSHOT/hadoop-hdds-container-service-0.6.0-SNAPSHOT.jar!/webapps/hddsDatanode}
2020-05-12 08:29:22,342 [main] INFO  server.AbstractConnector (AbstractConnector.java:doStart(330)) - Started ServerConnector@2877a136{HTTP/1.1,[http/1.1]}{0.0.0.0:34709}
2020-05-12 08:29:22,342 [main] INFO  server.Server (Server.java:doStart(399)) - Started @7071ms
2020-05-12 08:29:22,342 [main] WARN  impl.MetricsSystemImpl (MetricsSystemImpl.java:register(276)) - Sink prometheus already exists!
2020-05-12 08:29:22,347 [main] INFO  http.BaseHttpServer (BaseHttpServer.java:updateConnectorAddress(325)) - HTTP server of hddsDatanode listening at http://0.0.0.0:34709
2020-05-12 08:29:22,348 [main] INFO  impl.MetricsSystemImpl (MetricsSystemImpl.java:init(158)) - HddsDatanode metrics system started (again)
2020-05-12 08:29:22,350 [main] INFO  ozone.HddsDatanodeService (HddsDatanodeService.java:start(204)) - HddsDatanodeService host:cda64759c3a5 ip:172.17.0.2
2020-05-12 08:29:22,355 [main] INFO  volume.HddsVolume (HddsVolume.java:<init>(176)) - Creating Volume: /github/workspace/mnt/ozone/hadoop-ozone/integration-test/target/test-dir/MiniOzoneClusterImpl-b9f4991b-e4de-40e3-b3af-34f99860be45/datanode-3/data-0/containers/hdds of storage type : DISK and capacity : 9223372036854775807
2020-05-12 08:29:22,355 [main] INFO  volume.MutableVolumeSet (MutableVolumeSet.java:initializeVolumeSet(181)) - Added Volume : /github/workspace/mnt/ozone/hadoop-ozone/integration-test/target/test-dir/MiniOzoneClusterImpl-b9f4991b-e4de-40e3-b3af-34f99860be45/datanode-3/data-0/containers/hdds to VolumeSet
2020-05-12 08:29:22,355 [main] INFO  volume.ThrottledAsyncChecker (ThrottledAsyncChecker.java:schedule(141)) - Scheduling a check for /github/workspace/mnt/ozone/hadoop-ozone/integration-test/target/test-dir/MiniOzoneClusterImpl-b9f4991b-e4de-40e3-b3af-34f99860be45/datanode-3/data-0/containers/hdds
2020-05-12 08:29:22,357 [main] INFO  volume.HddsVolumeChecker (HddsVolumeChecker.java:checkAllVolumes(200)) - Scheduled health check for volume /github/workspace/mnt/ozone/hadoop-ozone/integration-test/target/test-dir/MiniOzoneClusterImpl-b9f4991b-e4de-40e3-b3af-34f99860be45/datanode-3/data-0/containers/hdds
2020-05-12 08:29:22,400 [main] INFO  impl.RaftServerProxy (ConfUtils.java:logGet(44)) - raft.rpc.type = GRPC (default)
2020-05-12 08:29:22,401 [main] INFO  grpc.GrpcFactory (GrpcFactory.java:checkPooledByteBufAllocatorUseCacheForAllThreads(45)) - PERFORMANCE WARNING: useCacheForAllThreads is true that may cause Netty to create a lot garbage objects and, as a result, trigger GC.
	It is recommended to disable useCacheForAllThreads by setting -Dorg.apache.ratis.thirdparty.io.netty.allocator.useCacheForAllThreads=false in command line.
2020-05-12 08:29:22,401 [main] INFO  grpc.GrpcConfigKeys (ConfUtils.java:logGet(44)) - raft.grpc.server.port = 0 (default)
2020-05-12 08:29:22,401 [main] INFO  server.GrpcService (ConfUtils.java:logGet(44)) - raft.grpc.message.size.max = 32MB (=33554432) (custom)
2020-05-12 08:29:22,401 [main] INFO  server.RaftServerConfigKeys (ConfUtils.java:logGet(44)) - raft.server.log.appender.buffer.byte-limit = 33554432 (custom)
2020-05-12 08:29:22,401 [main] INFO  server.GrpcService (ConfUtils.java:logGet(44)) - raft.grpc.flow.control.window = 5MB (=5242880) (custom)
2020-05-12 08:29:22,402 [main] INFO  server.RaftServerConfigKeys (ConfUtils.java:logGet(44)) - raft.server.rpc.request.timeout = 60s (custom)
2020-05-12 08:29:22,402 [org.apache.hadoop.util.JvmPauseMonitor$Monitor@1731756e] INFO  util.JvmPauseMonitor (JvmPauseMonitor.java:run(188)) - Starting JVM pause monitor
2020-05-12 08:29:22,404 [main] INFO  server.RaftServerConfigKeys (ConfUtils.java:logGet(44)) - raft.server.storage.dir = [/github/workspace/mnt/ozone/hadoop-ozone/integration-test/target/test-dir/MiniOzoneClusterImpl-b9f4991b-e4de-40e3-b3af-34f99860be45/datanode-3/data/ratis] (custom)
2020-05-12 08:29:22,409 [main] INFO  http.BaseHttpServer (BaseHttpServer.java:newHttpServer2BuilderForOzone(205)) - Starting Web-server for hddsDatanode at: http://0.0.0.0:0
2020-05-12 08:29:22,410 [main] INFO  http.BaseHttpServer (BaseHttpServer.java:<init>(106)) - Hadoop Security Enabled: false Ozone Security Enabled: false Ozone HTTP Security Enabled: false 
2020-05-12 08:29:22,411 [main] INFO  server.AuthenticationFilter (AuthenticationFilter.java:constructSecretProvider(240)) - Unable to initialize FileSignerSecretProvider, falling back to use random secrets.
2020-05-12 08:29:22,412 [Datanode State Machine Thread - 0] INFO  datanode.InitDatanodeState (InitDatanodeState.java:persistContainerDatanodeDetails(145)) - DatanodeDetails is persisted to /github/workspace/mnt/ozone/hadoop-ozone/integration-test/target/test-dir/MiniOzoneClusterImpl-b9f4991b-e4de-40e3-b3af-34f99860be45/datanode-2/meta/datanode.id
2020-05-12 08:29:22,414 [main] WARN  http.HttpRequestLog (HttpRequestLog.java:getRequestLog(103)) - Jetty request log can only be enabled using Log4j
2020-05-12 08:29:22,415 [main] INFO  http.HttpServer2 (HttpServer2.java:addGlobalFilter(993)) - Added global filter 'safety' (class=org.apache.hadoop.hdds.server.http.HttpServer2$QuotingInputFilter)
2020-05-12 08:29:22,416 [main] INFO  http.HttpServer2 (HttpServer2.java:addFilter(969)) - Added filter authentication (class=org.apache.hadoop.security.authentication.server.AuthenticationFilter) to context hddsDatanode
2020-05-12 08:29:22,416 [main] INFO  http.HttpServer2 (HttpServer2.java:addFilter(977)) - Added filter authentication (class=org.apache.hadoop.security.authentication.server.AuthenticationFilter) to context static
2020-05-12 08:29:22,416 [main] INFO  http.HttpServer2 (HttpServer2.java:addFilter(977)) - Added filter authentication (class=org.apache.hadoop.security.authentication.server.AuthenticationFilter) to context logs
2020-05-12 08:29:22,417 [main] INFO  http.HttpServer2 (HttpServer2.java:bindListener(1211)) - Jetty bound to port 38501
2020-05-12 08:29:22,417 [main] INFO  server.Server (Server.java:doStart(359)) - jetty-9.4.26.v20200117; built: 2020-01-17T12:35:33.676Z; git: 7b38981d25d14afb4a12ff1f2596756144edf695; jvm 1.8.0_232-b09
2020-05-12 08:29:22,419 [main] INFO  server.session (DefaultSessionIdManager.java:doStart(333)) - DefaultSessionIdManager workerName=node0
2020-05-12 08:29:22,419 [main] INFO  server.session (DefaultSessionIdManager.java:doStart(338)) - No SessionScavenger set, using defaults
2020-05-12 08:29:22,420 [main] INFO  server.session (HouseKeeper.java:startScavenging(140)) - node0 Scavenging every 600000ms
2020-05-12 08:29:22,420 [main] INFO  server.AuthenticationFilter (AuthenticationFilter.java:constructSecretProvider(240)) - Unable to initialize FileSignerSecretProvider, falling back to use random secrets.
2020-05-12 08:29:22,421 [main] INFO  handler.ContextHandler (ContextHandler.java:doStart(825)) - Started o.e.j.s.ServletContextHandler@2344c39b{logs,/logs,file:///github/workspace/mnt/ozone/hadoop-ozone/integration-test/target/log,AVAILABLE}
2020-05-12 08:29:22,422 [main] INFO  handler.ContextHandler (ContextHandler.java:doStart(825)) - Started o.e.j.s.ServletContextHandler@51782698{static,/static,jar:file:/home/user/.m2/repository/org/apache/hadoop/hadoop-hdds-container-service/0.6.0-SNAPSHOT/hadoop-hdds-container-service-0.6.0-SNAPSHOT.jar!/webapps/static,AVAILABLE}
2020-05-12 08:29:22,457 [main] INFO  handler.ContextHandler (ContextHandler.java:doStart(825)) - Started o.e.j.w.WebAppContext@311afcf0{hddsDatanode,/,file:///tmp/jetty-0_0_0_0-38501-hadoop-hdds-container-service-0_6_0-SNAPSHOT_jar-_-any-3756182185356183655.dir/webapp/,AVAILABLE}{jar:file:/home/user/.m2/repository/org/apache/hadoop/hadoop-hdds-container-service/0.6.0-SNAPSHOT/hadoop-hdds-container-service-0.6.0-SNAPSHOT.jar!/webapps/hddsDatanode}
2020-05-12 08:29:22,460 [main] INFO  server.AbstractConnector (AbstractConnector.java:doStart(330)) - Started ServerConnector@149684e0{HTTP/1.1,[http/1.1]}{0.0.0.0:38501}
2020-05-12 08:29:22,460 [main] INFO  server.Server (Server.java:doStart(399)) - Started @7189ms
2020-05-12 08:29:22,461 [main] WARN  impl.MetricsSystemImpl (MetricsSystemImpl.java:register(276)) - Sink prometheus already exists!
2020-05-12 08:29:22,464 [main] INFO  http.BaseHttpServer (BaseHttpServer.java:updateConnectorAddress(325)) - HTTP server of hddsDatanode listening at http://0.0.0.0:38501
2020-05-12 08:29:22,465 [main] INFO  impl.MetricsSystemImpl (MetricsSystemImpl.java:init(158)) - HddsDatanode metrics system started (again)
2020-05-12 08:29:22,468 [main] INFO  ozone.HddsDatanodeService (HddsDatanodeService.java:start(204)) - HddsDatanodeService host:cda64759c3a5 ip:172.17.0.2
2020-05-12 08:29:22,470 [main] INFO  volume.HddsVolume (HddsVolume.java:<init>(176)) - Creating Volume: /github/workspace/mnt/ozone/hadoop-ozone/integration-test/target/test-dir/MiniOzoneClusterImpl-b9f4991b-e4de-40e3-b3af-34f99860be45/datanode-4/data-0/containers/hdds of storage type : DISK and capacity : 9223372036854775807
2020-05-12 08:29:22,470 [main] INFO  volume.MutableVolumeSet (MutableVolumeSet.java:initializeVolumeSet(181)) - Added Volume : /github/workspace/mnt/ozone/hadoop-ozone/integration-test/target/test-dir/MiniOzoneClusterImpl-b9f4991b-e4de-40e3-b3af-34f99860be45/datanode-4/data-0/containers/hdds to VolumeSet
2020-05-12 08:29:22,470 [main] INFO  volume.ThrottledAsyncChecker (ThrottledAsyncChecker.java:schedule(141)) - Scheduling a check for /github/workspace/mnt/ozone/hadoop-ozone/integration-test/target/test-dir/MiniOzoneClusterImpl-b9f4991b-e4de-40e3-b3af-34f99860be45/datanode-4/data-0/containers/hdds
2020-05-12 08:29:22,472 [main] INFO  volume.HddsVolumeChecker (HddsVolumeChecker.java:checkAllVolumes(200)) - Scheduled health check for volume /github/workspace/mnt/ozone/hadoop-ozone/integration-test/target/test-dir/MiniOzoneClusterImpl-b9f4991b-e4de-40e3-b3af-34f99860be45/datanode-4/data-0/containers/hdds
2020-05-12 08:29:22,497 [main] INFO  impl.RaftServerProxy (ConfUtils.java:logGet(44)) - raft.rpc.type = GRPC (default)
2020-05-12 08:29:22,498 [main] INFO  grpc.GrpcFactory (GrpcFactory.java:checkPooledByteBufAllocatorUseCacheForAllThreads(45)) - PERFORMANCE WARNING: useCacheForAllThreads is true that may cause Netty to create a lot garbage objects and, as a result, trigger GC.
	It is recommended to disable useCacheForAllThreads by setting -Dorg.apache.ratis.thirdparty.io.netty.allocator.useCacheForAllThreads=false in command line.
2020-05-12 08:29:22,498 [main] INFO  grpc.GrpcConfigKeys (ConfUtils.java:logGet(44)) - raft.grpc.server.port = 0 (default)
2020-05-12 08:29:22,498 [main] INFO  server.GrpcService (ConfUtils.java:logGet(44)) - raft.grpc.message.size.max = 32MB (=33554432) (custom)
2020-05-12 08:29:22,498 [main] INFO  server.RaftServerConfigKeys (ConfUtils.java:logGet(44)) - raft.server.log.appender.buffer.byte-limit = 33554432 (custom)
2020-05-12 08:29:22,498 [main] INFO  server.GrpcService (ConfUtils.java:logGet(44)) - raft.grpc.flow.control.window = 5MB (=5242880) (custom)
2020-05-12 08:29:22,499 [main] INFO  server.RaftServerConfigKeys (ConfUtils.java:logGet(44)) - raft.server.rpc.request.timeout = 60s (custom)
2020-05-12 08:29:22,500 [main] INFO  server.RaftServerConfigKeys (ConfUtils.java:logGet(44)) - raft.server.storage.dir = [/github/workspace/mnt/ozone/hadoop-ozone/integration-test/target/test-dir/MiniOzoneClusterImpl-b9f4991b-e4de-40e3-b3af-34f99860be45/datanode-4/data/ratis] (custom)
2020-05-12 08:29:22,503 [org.apache.hadoop.util.JvmPauseMonitor$Monitor@7e1b6130] INFO  util.JvmPauseMonitor (JvmPauseMonitor.java:run(188)) - Starting JVM pause monitor
2020-05-12 08:29:22,508 [main] INFO  http.BaseHttpServer (BaseHttpServer.java:newHttpServer2BuilderForOzone(205)) - Starting Web-server for hddsDatanode at: http://0.0.0.0:0
2020-05-12 08:29:22,508 [main] INFO  http.BaseHttpServer (BaseHttpServer.java:<init>(106)) - Hadoop Security Enabled: false Ozone Security Enabled: false Ozone HTTP Security Enabled: false 
2020-05-12 08:29:22,509 [main] INFO  server.AuthenticationFilter (AuthenticationFilter.java:constructSecretProvider(240)) - Unable to initialize FileSignerSecretProvider, falling back to use random secrets.
2020-05-12 08:29:22,512 [main] WARN  http.HttpRequestLog (HttpRequestLog.java:getRequestLog(103)) - Jetty request log can only be enabled using Log4j
2020-05-12 08:29:22,512 [Datanode State Machine Thread - 0] INFO  datanode.InitDatanodeState (InitDatanodeState.java:persistContainerDatanodeDetails(145)) - DatanodeDetails is persisted to /github/workspace/mnt/ozone/hadoop-ozone/integration-test/target/test-dir/MiniOzoneClusterImpl-b9f4991b-e4de-40e3-b3af-34f99860be45/datanode-3/meta/datanode.id
2020-05-12 08:29:22,513 [main] INFO  http.HttpServer2 (HttpServer2.java:addGlobalFilter(993)) - Added global filter 'safety' (class=org.apache.hadoop.hdds.server.http.HttpServer2$QuotingInputFilter)
2020-05-12 08:29:22,514 [main] INFO  http.HttpServer2 (HttpServer2.java:addFilter(969)) - Added filter authentication (class=org.apache.hadoop.security.authentication.server.AuthenticationFilter) to context hddsDatanode
2020-05-12 08:29:22,514 [main] INFO  http.HttpServer2 (HttpServer2.java:addFilter(977)) - Added filter authentication (class=org.apache.hadoop.security.authentication.server.AuthenticationFilter) to context logs
2020-05-12 08:29:22,515 [main] INFO  http.HttpServer2 (HttpServer2.java:addFilter(977)) - Added filter authentication (class=org.apache.hadoop.security.authentication.server.AuthenticationFilter) to context static
2020-05-12 08:29:22,516 [main] INFO  http.HttpServer2 (HttpServer2.java:bindListener(1211)) - Jetty bound to port 35897
2020-05-12 08:29:22,516 [main] INFO  server.Server (Server.java:doStart(359)) - jetty-9.4.26.v20200117; built: 2020-01-17T12:35:33.676Z; git: 7b38981d25d14afb4a12ff1f2596756144edf695; jvm 1.8.0_232-b09
2020-05-12 08:29:22,519 [main] INFO  server.session (DefaultSessionIdManager.java:doStart(333)) - DefaultSessionIdManager workerName=node0
2020-05-12 08:29:22,520 [main] INFO  server.session (DefaultSessionIdManager.java:doStart(338)) - No SessionScavenger set, using defaults
2020-05-12 08:29:22,520 [main] INFO  server.session (HouseKeeper.java:startScavenging(140)) - node0 Scavenging every 660000ms
2020-05-12 08:29:22,521 [main] INFO  server.AuthenticationFilter (AuthenticationFilter.java:constructSecretProvider(240)) - Unable to initialize FileSignerSecretProvider, falling back to use random secrets.
2020-05-12 08:29:22,521 [main] INFO  handler.ContextHandler (ContextHandler.java:doStart(825)) - Started o.e.j.s.ServletContextHandler@68c96cc5{logs,/logs,file:///github/workspace/mnt/ozone/hadoop-ozone/integration-test/target/log,AVAILABLE}
2020-05-12 08:29:22,522 [main] INFO  handler.ContextHandler (ContextHandler.java:doStart(825)) - Started o.e.j.s.ServletContextHandler@12654208{static,/static,jar:file:/home/user/.m2/repository/org/apache/hadoop/hadoop-hdds-container-service/0.6.0-SNAPSHOT/hadoop-hdds-container-service-0.6.0-SNAPSHOT.jar!/webapps/static,AVAILABLE}
2020-05-12 08:29:22,551 [main] INFO  handler.ContextHandler (ContextHandler.java:doStart(825)) - Started o.e.j.w.WebAppContext@4e07e622{hddsDatanode,/,file:///tmp/jetty-0_0_0_0-35897-hadoop-hdds-container-service-0_6_0-SNAPSHOT_jar-_-any-3400105320872858631.dir/webapp/,AVAILABLE}{jar:file:/home/user/.m2/repository/org/apache/hadoop/hadoop-hdds-container-service/0.6.0-SNAPSHOT/hadoop-hdds-container-service-0.6.0-SNAPSHOT.jar!/webapps/hddsDatanode}
2020-05-12 08:29:22,552 [main] INFO  server.AbstractConnector (AbstractConnector.java:doStart(330)) - Started ServerConnector@2a546149{HTTP/1.1,[http/1.1]}{0.0.0.0:35897}
2020-05-12 08:29:22,553 [main] INFO  server.Server (Server.java:doStart(399)) - Started @7282ms
2020-05-12 08:29:22,553 [main] WARN  impl.MetricsSystemImpl (MetricsSystemImpl.java:register(276)) - Sink prometheus already exists!
2020-05-12 08:29:22,557 [main] INFO  http.BaseHttpServer (BaseHttpServer.java:updateConnectorAddress(325)) - HTTP server of hddsDatanode listening at http://0.0.0.0:35897
2020-05-12 08:29:22,558 [main] INFO  impl.MetricsSystemImpl (MetricsSystemImpl.java:init(158)) - HddsDatanode metrics system started (again)
2020-05-12 08:29:22,560 [main] INFO  ozone.HddsDatanodeService (HddsDatanodeService.java:start(204)) - HddsDatanodeService host:cda64759c3a5 ip:172.17.0.2
2020-05-12 08:29:22,561 [main] INFO  volume.HddsVolume (HddsVolume.java:<init>(176)) - Creating Volume: /github/workspace/mnt/ozone/hadoop-ozone/integration-test/target/test-dir/MiniOzoneClusterImpl-b9f4991b-e4de-40e3-b3af-34f99860be45/datanode-5/data-0/containers/hdds of storage type : DISK and capacity : 9223372036854775807
2020-05-12 08:29:22,562 [main] INFO  volume.MutableVolumeSet (MutableVolumeSet.java:initializeVolumeSet(181)) - Added Volume : /github/workspace/mnt/ozone/hadoop-ozone/integration-test/target/test-dir/MiniOzoneClusterImpl-b9f4991b-e4de-40e3-b3af-34f99860be45/datanode-5/data-0/containers/hdds to VolumeSet
2020-05-12 08:29:22,562 [main] INFO  volume.ThrottledAsyncChecker (ThrottledAsyncChecker.java:schedule(141)) - Scheduling a check for /github/workspace/mnt/ozone/hadoop-ozone/integration-test/target/test-dir/MiniOzoneClusterImpl-b9f4991b-e4de-40e3-b3af-34f99860be45/datanode-5/data-0/containers/hdds
2020-05-12 08:29:22,564 [main] INFO  volume.HddsVolumeChecker (HddsVolumeChecker.java:checkAllVolumes(200)) - Scheduled health check for volume /github/workspace/mnt/ozone/hadoop-ozone/integration-test/target/test-dir/MiniOzoneClusterImpl-b9f4991b-e4de-40e3-b3af-34f99860be45/datanode-5/data-0/containers/hdds
2020-05-12 08:29:22,571 [org.apache.hadoop.util.JvmPauseMonitor$Monitor@157f025a] INFO  util.JvmPauseMonitor (JvmPauseMonitor.java:run(188)) - Starting JVM pause monitor
2020-05-12 08:29:22,580 [Datanode State Machine Thread - 0] INFO  datanode.InitDatanodeState (InitDatanodeState.java:persistContainerDatanodeDetails(145)) - DatanodeDetails is persisted to /github/workspace/mnt/ozone/hadoop-ozone/integration-test/target/test-dir/MiniOzoneClusterImpl-b9f4991b-e4de-40e3-b3af-34f99860be45/datanode-4/meta/datanode.id
2020-05-12 08:29:22,596 [main] INFO  impl.RaftServerProxy (ConfUtils.java:logGet(44)) - raft.rpc.type = GRPC (default)
2020-05-12 08:29:22,597 [main] INFO  grpc.GrpcFactory (GrpcFactory.java:checkPooledByteBufAllocatorUseCacheForAllThreads(45)) - PERFORMANCE WARNING: useCacheForAllThreads is true that may cause Netty to create a lot garbage objects and, as a result, trigger GC.
	It is recommended to disable useCacheForAllThreads by setting -Dorg.apache.ratis.thirdparty.io.netty.allocator.useCacheForAllThreads=false in command line.
2020-05-12 08:29:22,597 [main] INFO  grpc.GrpcConfigKeys (ConfUtils.java:logGet(44)) - raft.grpc.server.port = 0 (default)
2020-05-12 08:29:22,597 [main] INFO  server.GrpcService (ConfUtils.java:logGet(44)) - raft.grpc.message.size.max = 32MB (=33554432) (custom)
2020-05-12 08:29:22,597 [main] INFO  server.RaftServerConfigKeys (ConfUtils.java:logGet(44)) - raft.server.log.appender.buffer.byte-limit = 33554432 (custom)
2020-05-12 08:29:22,597 [main] INFO  server.GrpcService (ConfUtils.java:logGet(44)) - raft.grpc.flow.control.window = 5MB (=5242880) (custom)
2020-05-12 08:29:22,598 [main] INFO  server.RaftServerConfigKeys (ConfUtils.java:logGet(44)) - raft.server.rpc.request.timeout = 60s (custom)
2020-05-12 08:29:22,599 [main] INFO  server.RaftServerConfigKeys (ConfUtils.java:logGet(44)) - raft.server.storage.dir = [/github/workspace/mnt/ozone/hadoop-ozone/integration-test/target/test-dir/MiniOzoneClusterImpl-b9f4991b-e4de-40e3-b3af-34f99860be45/datanode-5/data/ratis] (custom)
2020-05-12 08:29:22,605 [main] INFO  http.BaseHttpServer (BaseHttpServer.java:newHttpServer2BuilderForOzone(205)) - Starting Web-server for hddsDatanode at: http://0.0.0.0:0
2020-05-12 08:29:22,606 [main] INFO  http.BaseHttpServer (BaseHttpServer.java:<init>(106)) - Hadoop Security Enabled: false Ozone Security Enabled: false Ozone HTTP Security Enabled: false 
2020-05-12 08:29:22,608 [main] INFO  server.AuthenticationFilter (AuthenticationFilter.java:constructSecretProvider(240)) - Unable to initialize FileSignerSecretProvider, falling back to use random secrets.
2020-05-12 08:29:22,608 [main] WARN  http.HttpRequestLog (HttpRequestLog.java:getRequestLog(103)) - Jetty request log can only be enabled using Log4j
2020-05-12 08:29:22,609 [main] INFO  http.HttpServer2 (HttpServer2.java:addGlobalFilter(993)) - Added global filter 'safety' (class=org.apache.hadoop.hdds.server.http.HttpServer2$QuotingInputFilter)
2020-05-12 08:29:22,610 [main] INFO  http.HttpServer2 (HttpServer2.java:addFilter(969)) - Added filter authentication (class=org.apache.hadoop.security.authentication.server.AuthenticationFilter) to context hddsDatanode
2020-05-12 08:29:22,610 [main] INFO  http.HttpServer2 (HttpServer2.java:addFilter(977)) - Added filter authentication (class=org.apache.hadoop.security.authentication.server.AuthenticationFilter) to context logs
2020-05-12 08:29:22,610 [main] INFO  http.HttpServer2 (HttpServer2.java:addFilter(977)) - Added filter authentication (class=org.apache.hadoop.security.authentication.server.AuthenticationFilter) to context static
2020-05-12 08:29:22,611 [main] INFO  http.HttpServer2 (HttpServer2.java:bindListener(1211)) - Jetty bound to port 33015
2020-05-12 08:29:22,611 [main] INFO  server.Server (Server.java:doStart(359)) - jetty-9.4.26.v20200117; built: 2020-01-17T12:35:33.676Z; git: 7b38981d25d14afb4a12ff1f2596756144edf695; jvm 1.8.0_232-b09
2020-05-12 08:29:22,613 [main] INFO  server.session (DefaultSessionIdManager.java:doStart(333)) - DefaultSessionIdManager workerName=node0
2020-05-12 08:29:22,613 [main] INFO  server.session (DefaultSessionIdManager.java:doStart(338)) - No SessionScavenger set, using defaults
2020-05-12 08:29:22,613 [main] INFO  server.session (HouseKeeper.java:startScavenging(140)) - node0 Scavenging every 600000ms
2020-05-12 08:29:22,614 [main] INFO  server.AuthenticationFilter (AuthenticationFilter.java:constructSecretProvider(240)) - Unable to initialize FileSignerSecretProvider, falling back to use random secrets.
2020-05-12 08:29:22,617 [main] INFO  handler.ContextHandler (ContextHandler.java:doStart(825)) - Started o.e.j.s.ServletContextHandler@211dcf25{logs,/logs,file:///github/workspace/mnt/ozone/hadoop-ozone/integration-test/target/log,AVAILABLE}
2020-05-12 08:29:22,617 [main] INFO  handler.ContextHandler (ContextHandler.java:doStart(825)) - Started o.e.j.s.ServletContextHandler@4a727969{static,/static,jar:file:/home/user/.m2/repository/org/apache/hadoop/hadoop-hdds-container-service/0.6.0-SNAPSHOT/hadoop-hdds-container-service-0.6.0-SNAPSHOT.jar!/webapps/static,AVAILABLE}
2020-05-12 08:29:22,647 [main] INFO  handler.ContextHandler (ContextHandler.java:doStart(825)) - Started o.e.j.w.WebAppContext@29cb1cb3{hddsDatanode,/,file:///tmp/jetty-0_0_0_0-33015-hadoop-hdds-container-service-0_6_0-SNAPSHOT_jar-_-any-6820443762537176189.dir/webapp/,AVAILABLE}{jar:file:/home/user/.m2/repository/org/apache/hadoop/hadoop-hdds-container-service/0.6.0-SNAPSHOT/hadoop-hdds-container-service-0.6.0-SNAPSHOT.jar!/webapps/hddsDatanode}
2020-05-12 08:29:22,649 [main] INFO  server.AbstractConnector (AbstractConnector.java:doStart(330)) - Started ServerConnector@36776af9{HTTP/1.1,[http/1.1]}{0.0.0.0:33015}
2020-05-12 08:29:22,649 [main] INFO  server.Server (Server.java:doStart(399)) - Started @7378ms
2020-05-12 08:29:22,649 [main] WARN  impl.MetricsSystemImpl (MetricsSystemImpl.java:register(276)) - Sink prometheus already exists!
2020-05-12 08:29:22,653 [main] INFO  http.BaseHttpServer (BaseHttpServer.java:updateConnectorAddress(325)) - HTTP server of hddsDatanode listening at http://0.0.0.0:33015
2020-05-12 08:29:22,653 [main] INFO  impl.MetricsSystemImpl (MetricsSystemImpl.java:init(158)) - HddsDatanode metrics system started (again)
2020-05-12 08:29:22,662 [org.apache.hadoop.util.JvmPauseMonitor$Monitor@5534357a] INFO  util.JvmPauseMonitor (JvmPauseMonitor.java:run(188)) - Starting JVM pause monitor
2020-05-12 08:29:22,664 [Datanode State Machine Thread - 0] INFO  datanode.InitDatanodeState (InitDatanodeState.java:persistContainerDatanodeDetails(145)) - DatanodeDetails is persisted to /github/workspace/mnt/ozone/hadoop-ozone/integration-test/target/test-dir/MiniOzoneClusterImpl-b9f4991b-e4de-40e3-b3af-34f99860be45/datanode-5/meta/datanode.id
2020-05-12 08:29:22,666 [main] INFO  ozone.HddsDatanodeService (HddsDatanodeService.java:start(204)) - HddsDatanodeService host:cda64759c3a5 ip:172.17.0.2
2020-05-12 08:29:22,669 [main] INFO  volume.HddsVolume (HddsVolume.java:<init>(176)) - Creating Volume: /github/workspace/mnt/ozone/hadoop-ozone/integration-test/target/test-dir/MiniOzoneClusterImpl-b9f4991b-e4de-40e3-b3af-34f99860be45/datanode-6/data-0/containers/hdds of storage type : DISK and capacity : 9223372036854775807
2020-05-12 08:29:22,669 [main] INFO  volume.MutableVolumeSet (MutableVolumeSet.java:initializeVolumeSet(181)) - Added Volume : /github/workspace/mnt/ozone/hadoop-ozone/integration-test/target/test-dir/MiniOzoneClusterImpl-b9f4991b-e4de-40e3-b3af-34f99860be45/datanode-6/data-0/containers/hdds to VolumeSet
2020-05-12 08:29:22,670 [main] INFO  volume.ThrottledAsyncChecker (ThrottledAsyncChecker.java:schedule(141)) - Scheduling a check for /github/workspace/mnt/ozone/hadoop-ozone/integration-test/target/test-dir/MiniOzoneClusterImpl-b9f4991b-e4de-40e3-b3af-34f99860be45/datanode-6/data-0/containers/hdds
2020-05-12 08:29:22,673 [main] INFO  volume.HddsVolumeChecker (HddsVolumeChecker.java:checkAllVolumes(200)) - Scheduled health check for volume /github/workspace/mnt/ozone/hadoop-ozone/integration-test/target/test-dir/MiniOzoneClusterImpl-b9f4991b-e4de-40e3-b3af-34f99860be45/datanode-6/data-0/containers/hdds
2020-05-12 08:29:22,697 [main] INFO  impl.RaftServerProxy (ConfUtils.java:logGet(44)) - raft.rpc.type = GRPC (default)
2020-05-12 08:29:22,698 [main] INFO  grpc.GrpcFactory (GrpcFactory.java:checkPooledByteBufAllocatorUseCacheForAllThreads(45)) - PERFORMANCE WARNING: useCacheForAllThreads is true that may cause Netty to create a lot garbage objects and, as a result, trigger GC.
	It is recommended to disable useCacheForAllThreads by setting -Dorg.apache.ratis.thirdparty.io.netty.allocator.useCacheForAllThreads=false in command line.
2020-05-12 08:29:22,702 [main] INFO  grpc.GrpcConfigKeys (ConfUtils.java:logGet(44)) - raft.grpc.server.port = 0 (default)
2020-05-12 08:29:22,702 [main] INFO  server.GrpcService (ConfUtils.java:logGet(44)) - raft.grpc.message.size.max = 32MB (=33554432) (custom)
2020-05-12 08:29:22,703 [main] INFO  server.RaftServerConfigKeys (ConfUtils.java:logGet(44)) - raft.server.log.appender.buffer.byte-limit = 33554432 (custom)
2020-05-12 08:29:22,703 [main] INFO  server.GrpcService (ConfUtils.java:logGet(44)) - raft.grpc.flow.control.window = 5MB (=5242880) (custom)
2020-05-12 08:29:22,703 [main] INFO  server.RaftServerConfigKeys (ConfUtils.java:logGet(44)) - raft.server.rpc.request.timeout = 60s (custom)
2020-05-12 08:29:22,705 [main] INFO  server.RaftServerConfigKeys (ConfUtils.java:logGet(44)) - raft.server.storage.dir = [/github/workspace/mnt/ozone/hadoop-ozone/integration-test/target/test-dir/MiniOzoneClusterImpl-b9f4991b-e4de-40e3-b3af-34f99860be45/datanode-6/data/ratis] (custom)
2020-05-12 08:29:22,712 [main] INFO  http.BaseHttpServer (BaseHttpServer.java:newHttpServer2BuilderForOzone(205)) - Starting Web-server for hddsDatanode at: http://0.0.0.0:0
2020-05-12 08:29:22,712 [main] INFO  http.BaseHttpServer (BaseHttpServer.java:<init>(106)) - Hadoop Security Enabled: false Ozone Security Enabled: false Ozone HTTP Security Enabled: false 
2020-05-12 08:29:22,714 [main] INFO  server.AuthenticationFilter (AuthenticationFilter.java:constructSecretProvider(240)) - Unable to initialize FileSignerSecretProvider, falling back to use random secrets.
2020-05-12 08:29:22,714 [main] WARN  http.HttpRequestLog (HttpRequestLog.java:getRequestLog(103)) - Jetty request log can only be enabled using Log4j
2020-05-12 08:29:22,715 [main] INFO  http.HttpServer2 (HttpServer2.java:addGlobalFilter(993)) - Added global filter 'safety' (class=org.apache.hadoop.hdds.server.http.HttpServer2$QuotingInputFilter)
2020-05-12 08:29:22,716 [main] INFO  http.HttpServer2 (HttpServer2.java:addFilter(969)) - Added filter authentication (class=org.apache.hadoop.security.authentication.server.AuthenticationFilter) to context hddsDatanode
2020-05-12 08:29:22,716 [main] INFO  http.HttpServer2 (HttpServer2.java:addFilter(977)) - Added filter authentication (class=org.apache.hadoop.security.authentication.server.AuthenticationFilter) to context static
2020-05-12 08:29:22,716 [main] INFO  http.HttpServer2 (HttpServer2.java:addFilter(977)) - Added filter authentication (class=org.apache.hadoop.security.authentication.server.AuthenticationFilter) to context logs
2020-05-12 08:29:22,717 [main] INFO  http.HttpServer2 (HttpServer2.java:bindListener(1211)) - Jetty bound to port 41641
2020-05-12 08:29:22,717 [main] INFO  server.Server (Server.java:doStart(359)) - jetty-9.4.26.v20200117; built: 2020-01-17T12:35:33.676Z; git: 7b38981d25d14afb4a12ff1f2596756144edf695; jvm 1.8.0_232-b09
2020-05-12 08:29:22,719 [main] INFO  server.session (DefaultSessionIdManager.java:doStart(333)) - DefaultSessionIdManager workerName=node0
2020-05-12 08:29:22,720 [main] INFO  server.session (DefaultSessionIdManager.java:doStart(338)) - No SessionScavenger set, using defaults
2020-05-12 08:29:22,720 [main] INFO  server.session (HouseKeeper.java:startScavenging(140)) - node0 Scavenging every 660000ms
2020-05-12 08:29:22,725 [main] INFO  server.AuthenticationFilter (AuthenticationFilter.java:constructSecretProvider(240)) - Unable to initialize FileSignerSecretProvider, falling back to use random secrets.
2020-05-12 08:29:22,726 [main] INFO  handler.ContextHandler (ContextHandler.java:doStart(825)) - Started o.e.j.s.ServletContextHandler@3a332d08{logs,/logs,file:///github/workspace/mnt/ozone/hadoop-ozone/integration-test/target/log,AVAILABLE}
2020-05-12 08:29:22,727 [main] INFO  handler.ContextHandler (ContextHandler.java:doStart(825)) - Started o.e.j.s.ServletContextHandler@114e051a{static,/static,jar:file:/home/user/.m2/repository/org/apache/hadoop/hadoop-hdds-container-service/0.6.0-SNAPSHOT/hadoop-hdds-container-service-0.6.0-SNAPSHOT.jar!/webapps/static,AVAILABLE}
2020-05-12 08:29:22,760 [main] INFO  handler.ContextHandler (ContextHandler.java:doStart(825)) - Started o.e.j.w.WebAppContext@714a1a49{hddsDatanode,/,file:///tmp/jetty-0_0_0_0-41641-hadoop-hdds-container-service-0_6_0-SNAPSHOT_jar-_-any-6535031716548754062.dir/webapp/,AVAILABLE}{jar:file:/home/user/.m2/repository/org/apache/hadoop/hadoop-hdds-container-service/0.6.0-SNAPSHOT/hadoop-hdds-container-service-0.6.0-SNAPSHOT.jar!/webapps/hddsDatanode}
2020-05-12 08:29:22,762 [main] INFO  server.AbstractConnector (AbstractConnector.java:doStart(330)) - Started ServerConnector@2af259c3{HTTP/1.1,[http/1.1]}{0.0.0.0:41641}
2020-05-12 08:29:22,762 [main] INFO  server.Server (Server.java:doStart(399)) - Started @7491ms
2020-05-12 08:29:22,762 [main] WARN  impl.MetricsSystemImpl (MetricsSystemImpl.java:register(276)) - Sink prometheus already exists!
2020-05-12 08:29:22,767 [main] INFO  http.BaseHttpServer (BaseHttpServer.java:updateConnectorAddress(325)) - HTTP server of hddsDatanode listening at http://0.0.0.0:41641
2020-05-12 08:29:22,767 [main] INFO  impl.MetricsSystemImpl (MetricsSystemImpl.java:init(158)) - HddsDatanode metrics system started (again)
2020-05-12 08:29:22,771 [main] INFO  ozone.HddsDatanodeService (HddsDatanodeService.java:start(204)) - HddsDatanodeService host:cda64759c3a5 ip:172.17.0.2
2020-05-12 08:29:22,778 [org.apache.hadoop.util.JvmPauseMonitor$Monitor@5f86c55e] INFO  util.JvmPauseMonitor (JvmPauseMonitor.java:run(188)) - Starting JVM pause monitor
2020-05-12 08:29:22,780 [main] INFO  volume.HddsVolume (HddsVolume.java:<init>(176)) - Creating Volume: /github/workspace/mnt/ozone/hadoop-ozone/integration-test/target/test-dir/MiniOzoneClusterImpl-b9f4991b-e4de-40e3-b3af-34f99860be45/datanode-7/data-0/containers/hdds of storage type : DISK and capacity : 9223372036854775807
2020-05-12 08:29:22,780 [main] INFO  volume.MutableVolumeSet (MutableVolumeSet.java:initializeVolumeSet(181)) - Added Volume : /github/workspace/mnt/ozone/hadoop-ozone/integration-test/target/test-dir/MiniOzoneClusterImpl-b9f4991b-e4de-40e3-b3af-34f99860be45/datanode-7/data-0/containers/hdds to VolumeSet
2020-05-12 08:29:22,781 [main] INFO  volume.ThrottledAsyncChecker (ThrottledAsyncChecker.java:schedule(141)) - Scheduling a check for /github/workspace/mnt/ozone/hadoop-ozone/integration-test/target/test-dir/MiniOzoneClusterImpl-b9f4991b-e4de-40e3-b3af-34f99860be45/datanode-7/data-0/containers/hdds
2020-05-12 08:29:22,785 [Datanode State Machine Thread - 0] INFO  datanode.InitDatanodeState (InitDatanodeState.java:persistContainerDatanodeDetails(145)) - DatanodeDetails is persisted to /github/workspace/mnt/ozone/hadoop-ozone/integration-test/target/test-dir/MiniOzoneClusterImpl-b9f4991b-e4de-40e3-b3af-34f99860be45/datanode-6/meta/datanode.id
2020-05-12 08:29:22,786 [main] INFO  volume.HddsVolumeChecker (HddsVolumeChecker.java:checkAllVolumes(200)) - Scheduled health check for volume /github/workspace/mnt/ozone/hadoop-ozone/integration-test/target/test-dir/MiniOzoneClusterImpl-b9f4991b-e4de-40e3-b3af-34f99860be45/datanode-7/data-0/containers/hdds
2020-05-12 08:29:22,813 [main] INFO  impl.RaftServerProxy (ConfUtils.java:logGet(44)) - raft.rpc.type = GRPC (default)
2020-05-12 08:29:22,816 [main] INFO  grpc.GrpcFactory (GrpcFactory.java:checkPooledByteBufAllocatorUseCacheForAllThreads(45)) - PERFORMANCE WARNING: useCacheForAllThreads is true that may cause Netty to create a lot garbage objects and, as a result, trigger GC.
	It is recommended to disable useCacheForAllThreads by setting -Dorg.apache.ratis.thirdparty.io.netty.allocator.useCacheForAllThreads=false in command line.
2020-05-12 08:29:22,816 [main] INFO  grpc.GrpcConfigKeys (ConfUtils.java:logGet(44)) - raft.grpc.server.port = 0 (default)
2020-05-12 08:29:22,817 [main] INFO  server.GrpcService (ConfUtils.java:logGet(44)) - raft.grpc.message.size.max = 32MB (=33554432) (custom)
2020-05-12 08:29:22,817 [main] INFO  server.RaftServerConfigKeys (ConfUtils.java:logGet(44)) - raft.server.log.appender.buffer.byte-limit = 33554432 (custom)
2020-05-12 08:29:22,817 [main] INFO  server.GrpcService (ConfUtils.java:logGet(44)) - raft.grpc.flow.control.window = 5MB (=5242880) (custom)
2020-05-12 08:29:22,817 [main] INFO  server.RaftServerConfigKeys (ConfUtils.java:logGet(44)) - raft.server.rpc.request.timeout = 60s (custom)
2020-05-12 08:29:22,819 [main] INFO  server.RaftServerConfigKeys (ConfUtils.java:logGet(44)) - raft.server.storage.dir = [/github/workspace/mnt/ozone/hadoop-ozone/integration-test/target/test-dir/MiniOzoneClusterImpl-b9f4991b-e4de-40e3-b3af-34f99860be45/datanode-7/data/ratis] (custom)
2020-05-12 08:29:22,825 [main] INFO  http.BaseHttpServer (BaseHttpServer.java:newHttpServer2BuilderForOzone(205)) - Starting Web-server for hddsDatanode at: http://0.0.0.0:0
2020-05-12 08:29:22,825 [main] INFO  http.BaseHttpServer (BaseHttpServer.java:<init>(106)) - Hadoop Security Enabled: false Ozone Security Enabled: false Ozone HTTP Security Enabled: false 
2020-05-12 08:29:22,827 [main] INFO  server.AuthenticationFilter (AuthenticationFilter.java:constructSecretProvider(240)) - Unable to initialize FileSignerSecretProvider, falling back to use random secrets.
2020-05-12 08:29:22,828 [main] WARN  http.HttpRequestLog (HttpRequestLog.java:getRequestLog(103)) - Jetty request log can only be enabled using Log4j
2020-05-12 08:29:22,830 [main] INFO  http.HttpServer2 (HttpServer2.java:addGlobalFilter(993)) - Added global filter 'safety' (class=org.apache.hadoop.hdds.server.http.HttpServer2$QuotingInputFilter)
2020-05-12 08:29:22,831 [main] INFO  http.HttpServer2 (HttpServer2.java:addFilter(969)) - Added filter authentication (class=org.apache.hadoop.security.authentication.server.AuthenticationFilter) to context hddsDatanode
2020-05-12 08:29:22,831 [main] INFO  http.HttpServer2 (HttpServer2.java:addFilter(977)) - Added filter authentication (class=org.apache.hadoop.security.authentication.server.AuthenticationFilter) to context static
2020-05-12 08:29:22,831 [main] INFO  http.HttpServer2 (HttpServer2.java:addFilter(977)) - Added filter authentication (class=org.apache.hadoop.security.authentication.server.AuthenticationFilter) to context logs
2020-05-12 08:29:22,834 [main] INFO  http.HttpServer2 (HttpServer2.java:bindListener(1211)) - Jetty bound to port 46717
2020-05-12 08:29:22,834 [main] INFO  server.Server (Server.java:doStart(359)) - jetty-9.4.26.v20200117; built: 2020-01-17T12:35:33.676Z; git: 7b38981d25d14afb4a12ff1f2596756144edf695; jvm 1.8.0_232-b09
2020-05-12 08:29:22,837 [main] INFO  server.session (DefaultSessionIdManager.java:doStart(333)) - DefaultSessionIdManager workerName=node0
2020-05-12 08:29:22,837 [main] INFO  server.session (DefaultSessionIdManager.java:doStart(338)) - No SessionScavenger set, using defaults
2020-05-12 08:29:22,837 [main] INFO  server.session (HouseKeeper.java:startScavenging(140)) - node0 Scavenging every 600000ms
2020-05-12 08:29:22,839 [main] INFO  server.AuthenticationFilter (AuthenticationFilter.java:constructSecretProvider(240)) - Unable to initialize FileSignerSecretProvider, falling back to use random secrets.
2020-05-12 08:29:22,839 [main] INFO  handler.ContextHandler (ContextHandler.java:doStart(825)) - Started o.e.j.s.ServletContextHandler@33c04aed{logs,/logs,file:///github/workspace/mnt/ozone/hadoop-ozone/integration-test/target/log,AVAILABLE}
2020-05-12 08:29:22,840 [main] INFO  handler.ContextHandler (ContextHandler.java:doStart(825)) - Started o.e.j.s.ServletContextHandler@1d8aaa96{static,/static,jar:file:/home/user/.m2/repository/org/apache/hadoop/hadoop-hdds-container-service/0.6.0-SNAPSHOT/hadoop-hdds-container-service-0.6.0-SNAPSHOT.jar!/webapps/static,AVAILABLE}
2020-05-12 08:29:22,873 [main] INFO  handler.ContextHandler (ContextHandler.java:doStart(825)) - Started o.e.j.w.WebAppContext@66c05f7a{hddsDatanode,/,file:///tmp/jetty-0_0_0_0-46717-hadoop-hdds-container-service-0_6_0-SNAPSHOT_jar-_-any-5897201882832165695.dir/webapp/,AVAILABLE}{jar:file:/home/user/.m2/repository/org/apache/hadoop/hadoop-hdds-container-service/0.6.0-SNAPSHOT/hadoop-hdds-container-service-0.6.0-SNAPSHOT.jar!/webapps/hddsDatanode}
2020-05-12 08:29:22,875 [main] INFO  server.AbstractConnector (AbstractConnector.java:doStart(330)) - Started ServerConnector@500200a2{HTTP/1.1,[http/1.1]}{0.0.0.0:46717}
2020-05-12 08:29:22,875 [main] INFO  server.Server (Server.java:doStart(399)) - Started @7604ms
2020-05-12 08:29:22,875 [main] WARN  impl.MetricsSystemImpl (MetricsSystemImpl.java:register(276)) - Sink prometheus already exists!
2020-05-12 08:29:22,880 [main] INFO  http.BaseHttpServer (BaseHttpServer.java:updateConnectorAddress(325)) - HTTP server of hddsDatanode listening at http://0.0.0.0:46717
2020-05-12 08:29:22,881 [main] INFO  impl.MetricsSystemImpl (MetricsSystemImpl.java:init(158)) - HddsDatanode metrics system started (again)
2020-05-12 08:29:22,884 [main] INFO  ozone.HddsDatanodeService (HddsDatanodeService.java:start(204)) - HddsDatanodeService host:cda64759c3a5 ip:172.17.0.2
2020-05-12 08:29:22,887 [main] INFO  volume.HddsVolume (HddsVolume.java:<init>(176)) - Creating Volume: /github/workspace/mnt/ozone/hadoop-ozone/integration-test/target/test-dir/MiniOzoneClusterImpl-b9f4991b-e4de-40e3-b3af-34f99860be45/datanode-8/data-0/containers/hdds of storage type : DISK and capacity : 9223372036854775807
2020-05-12 08:29:22,887 [main] INFO  volume.MutableVolumeSet (MutableVolumeSet.java:initializeVolumeSet(181)) - Added Volume : /github/workspace/mnt/ozone/hadoop-ozone/integration-test/target/test-dir/MiniOzoneClusterImpl-b9f4991b-e4de-40e3-b3af-34f99860be45/datanode-8/data-0/containers/hdds to VolumeSet
2020-05-12 08:29:22,887 [main] INFO  volume.ThrottledAsyncChecker (ThrottledAsyncChecker.java:schedule(141)) - Scheduling a check for /github/workspace/mnt/ozone/hadoop-ozone/integration-test/target/test-dir/MiniOzoneClusterImpl-b9f4991b-e4de-40e3-b3af-34f99860be45/datanode-8/data-0/containers/hdds
2020-05-12 08:29:22,888 [main] INFO  volume.HddsVolumeChecker (HddsVolumeChecker.java:checkAllVolumes(200)) - Scheduled health check for volume /github/workspace/mnt/ozone/hadoop-ozone/integration-test/target/test-dir/MiniOzoneClusterImpl-b9f4991b-e4de-40e3-b3af-34f99860be45/datanode-8/data-0/containers/hdds
2020-05-12 08:29:22,895 [org.apache.hadoop.util.JvmPauseMonitor$Monitor@63e3e07e] INFO  util.JvmPauseMonitor (JvmPauseMonitor.java:run(188)) - Starting JVM pause monitor
2020-05-12 08:29:22,912 [Datanode State Machine Thread - 0] INFO  datanode.InitDatanodeState (InitDatanodeState.java:persistContainerDatanodeDetails(145)) - DatanodeDetails is persisted to /github/workspace/mnt/ozone/hadoop-ozone/integration-test/target/test-dir/MiniOzoneClusterImpl-b9f4991b-e4de-40e3-b3af-34f99860be45/datanode-7/meta/datanode.id
2020-05-12 08:29:22,916 [main] INFO  impl.RaftServerProxy (ConfUtils.java:logGet(44)) - raft.rpc.type = GRPC (default)
2020-05-12 08:29:22,916 [main] INFO  grpc.GrpcFactory (GrpcFactory.java:checkPooledByteBufAllocatorUseCacheForAllThreads(45)) - PERFORMANCE WARNING: useCacheForAllThreads is true that may cause Netty to create a lot garbage objects and, as a result, trigger GC.
	It is recommended to disable useCacheForAllThreads by setting -Dorg.apache.ratis.thirdparty.io.netty.allocator.useCacheForAllThreads=false in command line.
2020-05-12 08:29:22,916 [main] INFO  grpc.GrpcConfigKeys (ConfUtils.java:logGet(44)) - raft.grpc.server.port = 0 (default)
2020-05-12 08:29:22,916 [main] INFO  server.GrpcService (ConfUtils.java:logGet(44)) - raft.grpc.message.size.max = 32MB (=33554432) (custom)
2020-05-12 08:29:22,916 [main] INFO  server.RaftServerConfigKeys (ConfUtils.java:logGet(44)) - raft.server.log.appender.buffer.byte-limit = 33554432 (custom)
2020-05-12 08:29:22,917 [main] INFO  server.GrpcService (ConfUtils.java:logGet(44)) - raft.grpc.flow.control.window = 5MB (=5242880) (custom)
2020-05-12 08:29:22,917 [main] INFO  server.RaftServerConfigKeys (ConfUtils.java:logGet(44)) - raft.server.rpc.request.timeout = 60s (custom)
2020-05-12 08:29:22,918 [main] INFO  server.RaftServerConfigKeys (ConfUtils.java:logGet(44)) - raft.server.storage.dir = [/github/workspace/mnt/ozone/hadoop-ozone/integration-test/target/test-dir/MiniOzoneClusterImpl-b9f4991b-e4de-40e3-b3af-34f99860be45/datanode-8/data/ratis] (custom)
2020-05-12 08:29:22,924 [main] INFO  http.BaseHttpServer (BaseHttpServer.java:newHttpServer2BuilderForOzone(205)) - Starting Web-server for hddsDatanode at: http://0.0.0.0:0
2020-05-12 08:29:22,924 [main] INFO  http.BaseHttpServer (BaseHttpServer.java:<init>(106)) - Hadoop Security Enabled: false Ozone Security Enabled: false Ozone HTTP Security Enabled: false 
2020-05-12 08:29:22,925 [main] INFO  server.AuthenticationFilter (AuthenticationFilter.java:constructSecretProvider(240)) - Unable to initialize FileSignerSecretProvider, falling back to use random secrets.
2020-05-12 08:29:22,926 [main] WARN  http.HttpRequestLog (HttpRequestLog.java:getRequestLog(103)) - Jetty request log can only be enabled using Log4j
2020-05-12 08:29:22,927 [main] INFO  http.HttpServer2 (HttpServer2.java:addGlobalFilter(993)) - Added global filter 'safety' (class=org.apache.hadoop.hdds.server.http.HttpServer2$QuotingInputFilter)
2020-05-12 08:29:22,928 [main] INFO  http.HttpServer2 (HttpServer2.java:addFilter(969)) - Added filter authentication (class=org.apache.hadoop.security.authentication.server.AuthenticationFilter) to context hddsDatanode
2020-05-12 08:29:22,928 [main] INFO  http.HttpServer2 (HttpServer2.java:addFilter(977)) - Added filter authentication (class=org.apache.hadoop.security.authentication.server.AuthenticationFilter) to context logs
2020-05-12 08:29:22,928 [main] INFO  http.HttpServer2 (HttpServer2.java:addFilter(977)) - Added filter authentication (class=org.apache.hadoop.security.authentication.server.AuthenticationFilter) to context static
2020-05-12 08:29:22,929 [main] INFO  http.HttpServer2 (HttpServer2.java:bindListener(1211)) - Jetty bound to port 41955
2020-05-12 08:29:22,929 [main] INFO  server.Server (Server.java:doStart(359)) - jetty-9.4.26.v20200117; built: 2020-01-17T12:35:33.676Z; git: 7b38981d25d14afb4a12ff1f2596756144edf695; jvm 1.8.0_232-b09
2020-05-12 08:29:22,962 [main] INFO  server.session (DefaultSessionIdManager.java:doStart(333)) - DefaultSessionIdManager workerName=node0
2020-05-12 08:29:22,963 [main] INFO  server.session (DefaultSessionIdManager.java:doStart(338)) - No SessionScavenger set, using defaults
2020-05-12 08:29:22,963 [main] INFO  server.session (HouseKeeper.java:startScavenging(140)) - node0 Scavenging every 600000ms
2020-05-12 08:29:22,964 [main] INFO  server.AuthenticationFilter (AuthenticationFilter.java:constructSecretProvider(240)) - Unable to initialize FileSignerSecretProvider, falling back to use random secrets.
2020-05-12 08:29:22,964 [main] INFO  handler.ContextHandler (ContextHandler.java:doStart(825)) - Started o.e.j.s.ServletContextHandler@5d732e7e{logs,/logs,file:///github/workspace/mnt/ozone/hadoop-ozone/integration-test/target/log,AVAILABLE}
2020-05-12 08:29:22,969 [main] INFO  handler.ContextHandler (ContextHandler.java:doStart(825)) - Started o.e.j.s.ServletContextHandler@59b0968e{static,/static,jar:file:/home/user/.m2/repository/org/apache/hadoop/hadoop-hdds-container-service/0.6.0-SNAPSHOT/hadoop-hdds-container-service-0.6.0-SNAPSHOT.jar!/webapps/static,AVAILABLE}
2020-05-12 08:29:23,010 [main] INFO  handler.ContextHandler (ContextHandler.java:doStart(825)) - Started o.e.j.w.WebAppContext@6ac28e58{hddsDatanode,/,file:///tmp/jetty-0_0_0_0-41955-hadoop-hdds-container-service-0_6_0-SNAPSHOT_jar-_-any-4733560862265440900.dir/webapp/,AVAILABLE}{jar:file:/home/user/.m2/repository/org/apache/hadoop/hadoop-hdds-container-service/0.6.0-SNAPSHOT/hadoop-hdds-container-service-0.6.0-SNAPSHOT.jar!/webapps/hddsDatanode}
2020-05-12 08:29:23,013 [main] INFO  server.AbstractConnector (AbstractConnector.java:doStart(330)) - Started ServerConnector@5fa4b778{HTTP/1.1,[http/1.1]}{0.0.0.0:41955}
2020-05-12 08:29:23,013 [main] INFO  server.Server (Server.java:doStart(399)) - Started @7742ms
2020-05-12 08:29:23,013 [main] WARN  impl.MetricsSystemImpl (MetricsSystemImpl.java:register(276)) - Sink prometheus already exists!
2020-05-12 08:29:23,018 [main] INFO  http.BaseHttpServer (BaseHttpServer.java:updateConnectorAddress(325)) - HTTP server of hddsDatanode listening at http://0.0.0.0:41955
2020-05-12 08:29:23,019 [main] INFO  impl.MetricsSystemImpl (MetricsSystemImpl.java:init(158)) - HddsDatanode metrics system started (again)
2020-05-12 08:29:23,021 [main] INFO  ozone.HddsDatanodeService (HddsDatanodeService.java:start(204)) - HddsDatanodeService host:cda64759c3a5 ip:172.17.0.2
2020-05-12 08:29:23,022 [main] INFO  volume.HddsVolume (HddsVolume.java:<init>(176)) - Creating Volume: /github/workspace/mnt/ozone/hadoop-ozone/integration-test/target/test-dir/MiniOzoneClusterImpl-b9f4991b-e4de-40e3-b3af-34f99860be45/datanode-9/data-0/containers/hdds of storage type : DISK and capacity : 9223372036854775807
2020-05-12 08:29:23,024 [main] INFO  volume.MutableVolumeSet (MutableVolumeSet.java:initializeVolumeSet(181)) - Added Volume : /github/workspace/mnt/ozone/hadoop-ozone/integration-test/target/test-dir/MiniOzoneClusterImpl-b9f4991b-e4de-40e3-b3af-34f99860be45/datanode-9/data-0/containers/hdds to VolumeSet
2020-05-12 08:29:23,024 [main] INFO  volume.ThrottledAsyncChecker (ThrottledAsyncChecker.java:schedule(141)) - Scheduling a check for /github/workspace/mnt/ozone/hadoop-ozone/integration-test/target/test-dir/MiniOzoneClusterImpl-b9f4991b-e4de-40e3-b3af-34f99860be45/datanode-9/data-0/containers/hdds
2020-05-12 08:29:23,034 [org.apache.hadoop.util.JvmPauseMonitor$Monitor@6161aa86] INFO  util.JvmPauseMonitor (JvmPauseMonitor.java:run(188)) - Starting JVM pause monitor
2020-05-12 08:29:23,034 [main] INFO  volume.HddsVolumeChecker (HddsVolumeChecker.java:checkAllVolumes(200)) - Scheduled health check for volume /github/workspace/mnt/ozone/hadoop-ozone/integration-test/target/test-dir/MiniOzoneClusterImpl-b9f4991b-e4de-40e3-b3af-34f99860be45/datanode-9/data-0/containers/hdds
2020-05-12 08:29:23,043 [Datanode State Machine Thread - 0] INFO  datanode.InitDatanodeState (InitDatanodeState.java:persistContainerDatanodeDetails(145)) - DatanodeDetails is persisted to /github/workspace/mnt/ozone/hadoop-ozone/integration-test/target/test-dir/MiniOzoneClusterImpl-b9f4991b-e4de-40e3-b3af-34f99860be45/datanode-8/meta/datanode.id
2020-05-12 08:29:23,057 [main] INFO  impl.RaftServerProxy (ConfUtils.java:logGet(44)) - raft.rpc.type = GRPC (default)
2020-05-12 08:29:23,057 [main] INFO  grpc.GrpcFactory (GrpcFactory.java:checkPooledByteBufAllocatorUseCacheForAllThreads(45)) - PERFORMANCE WARNING: useCacheForAllThreads is true that may cause Netty to create a lot garbage objects and, as a result, trigger GC.
	It is recommended to disable useCacheForAllThreads by setting -Dorg.apache.ratis.thirdparty.io.netty.allocator.useCacheForAllThreads=false in command line.
2020-05-12 08:29:23,057 [main] INFO  grpc.GrpcConfigKeys (ConfUtils.java:logGet(44)) - raft.grpc.server.port = 0 (default)
2020-05-12 08:29:23,058 [main] INFO  server.GrpcService (ConfUtils.java:logGet(44)) - raft.grpc.message.size.max = 32MB (=33554432) (custom)
2020-05-12 08:29:23,058 [main] INFO  server.RaftServerConfigKeys (ConfUtils.java:logGet(44)) - raft.server.log.appender.buffer.byte-limit = 33554432 (custom)
2020-05-12 08:29:23,058 [main] INFO  server.GrpcService (ConfUtils.java:logGet(44)) - raft.grpc.flow.control.window = 5MB (=5242880) (custom)
2020-05-12 08:29:23,058 [main] INFO  server.RaftServerConfigKeys (ConfUtils.java:logGet(44)) - raft.server.rpc.request.timeout = 60s (custom)
2020-05-12 08:29:23,059 [main] INFO  server.RaftServerConfigKeys (ConfUtils.java:logGet(44)) - raft.server.storage.dir = [/github/workspace/mnt/ozone/hadoop-ozone/integration-test/target/test-dir/MiniOzoneClusterImpl-b9f4991b-e4de-40e3-b3af-34f99860be45/datanode-9/data/ratis] (custom)
2020-05-12 08:29:23,065 [main] INFO  http.BaseHttpServer (BaseHttpServer.java:newHttpServer2BuilderForOzone(205)) - Starting Web-server for hddsDatanode at: http://0.0.0.0:0
2020-05-12 08:29:23,065 [main] INFO  http.BaseHttpServer (BaseHttpServer.java:<init>(106)) - Hadoop Security Enabled: false Ozone Security Enabled: false Ozone HTTP Security Enabled: false 
2020-05-12 08:29:23,067 [main] INFO  server.AuthenticationFilter (AuthenticationFilter.java:constructSecretProvider(240)) - Unable to initialize FileSignerSecretProvider, falling back to use random secrets.
2020-05-12 08:29:23,068 [main] WARN  http.HttpRequestLog (HttpRequestLog.java:getRequestLog(103)) - Jetty request log can only be enabled using Log4j
2020-05-12 08:29:23,068 [main] INFO  http.HttpServer2 (HttpServer2.java:addGlobalFilter(993)) - Added global filter 'safety' (class=org.apache.hadoop.hdds.server.http.HttpServer2$QuotingInputFilter)
2020-05-12 08:29:23,069 [main] INFO  http.HttpServer2 (HttpServer2.java:addFilter(969)) - Added filter authentication (class=org.apache.hadoop.security.authentication.server.AuthenticationFilter) to context hddsDatanode
2020-05-12 08:29:23,069 [main] INFO  http.HttpServer2 (HttpServer2.java:addFilter(977)) - Added filter authentication (class=org.apache.hadoop.security.authentication.server.AuthenticationFilter) to context logs
2020-05-12 08:29:23,070 [main] INFO  http.HttpServer2 (HttpServer2.java:addFilter(977)) - Added filter authentication (class=org.apache.hadoop.security.authentication.server.AuthenticationFilter) to context static
2020-05-12 08:29:23,070 [main] INFO  http.HttpServer2 (HttpServer2.java:bindListener(1211)) - Jetty bound to port 40769
2020-05-12 08:29:23,070 [main] INFO  server.Server (Server.java:doStart(359)) - jetty-9.4.26.v20200117; built: 2020-01-17T12:35:33.676Z; git: 7b38981d25d14afb4a12ff1f2596756144edf695; jvm 1.8.0_232-b09
2020-05-12 08:29:23,076 [main] INFO  server.session (DefaultSessionIdManager.java:doStart(333)) - DefaultSessionIdManager workerName=node0
2020-05-12 08:29:23,076 [main] INFO  server.session (DefaultSessionIdManager.java:doStart(338)) - No SessionScavenger set, using defaults
2020-05-12 08:29:23,076 [main] INFO  server.session (HouseKeeper.java:startScavenging(140)) - node0 Scavenging every 660000ms
2020-05-12 08:29:23,077 [main] INFO  server.AuthenticationFilter (AuthenticationFilter.java:constructSecretProvider(240)) - Unable to initialize FileSignerSecretProvider, falling back to use random secrets.
2020-05-12 08:29:23,077 [main] INFO  handler.ContextHandler (ContextHandler.java:doStart(825)) - Started o.e.j.s.ServletContextHandler@4f6d9aad{logs,/logs,file:///github/workspace/mnt/ozone/hadoop-ozone/integration-test/target/log,AVAILABLE}
2020-05-12 08:29:23,078 [main] INFO  handler.ContextHandler (ContextHandler.java:doStart(825)) - Started o.e.j.s.ServletContextHandler@124540b5{static,/static,jar:file:/home/user/.m2/repository/org/apache/hadoop/hadoop-hdds-container-service/0.6.0-SNAPSHOT/hadoop-hdds-container-service-0.6.0-SNAPSHOT.jar!/webapps/static,AVAILABLE}
2020-05-12 08:29:23,113 [main] INFO  handler.ContextHandler (ContextHandler.java:doStart(825)) - Started o.e.j.w.WebAppContext@67b3c60f{hddsDatanode,/,file:///tmp/jetty-0_0_0_0-40769-hadoop-hdds-container-service-0_6_0-SNAPSHOT_jar-_-any-468713356567884994.dir/webapp/,AVAILABLE}{jar:file:/home/user/.m2/repository/org/apache/hadoop/hadoop-hdds-container-service/0.6.0-SNAPSHOT/hadoop-hdds-container-service-0.6.0-SNAPSHOT.jar!/webapps/hddsDatanode}
2020-05-12 08:29:23,119 [main] INFO  server.AbstractConnector (AbstractConnector.java:doStart(330)) - Started ServerConnector@6906586b{HTTP/1.1,[http/1.1]}{0.0.0.0:40769}
2020-05-12 08:29:23,120 [main] INFO  server.Server (Server.java:doStart(399)) - Started @7849ms
2020-05-12 08:29:23,120 [main] WARN  impl.MetricsSystemImpl (MetricsSystemImpl.java:register(276)) - Sink prometheus already exists!
2020-05-12 08:29:23,126 [main] INFO  http.BaseHttpServer (BaseHttpServer.java:updateConnectorAddress(325)) - HTTP server of hddsDatanode listening at http://0.0.0.0:40769
2020-05-12 08:29:23,127 [main] INFO  ozone.MiniOzoneClusterImpl (MiniOzoneClusterImpl.java:lambda$waitForClusterToBeReady$0(177)) - Waiting for nodes to be ready. Got 0 of 10 DN Heartbeats.
2020-05-12 08:29:23,127 [main] INFO  ozone.MiniOzoneClusterImpl (MiniOzoneClusterImpl.java:lambda$waitForClusterToBeReady$0(180)) - Waiting for cluster to exit safe mode
2020-05-12 08:29:23,138 [org.apache.hadoop.util.JvmPauseMonitor$Monitor@21ae29c1] INFO  util.JvmPauseMonitor (JvmPauseMonitor.java:run(188)) - Starting JVM pause monitor
2020-05-12 08:29:23,141 [Datanode State Machine Thread - 0] INFO  datanode.InitDatanodeState (InitDatanodeState.java:persistContainerDatanodeDetails(145)) - DatanodeDetails is persisted to /github/workspace/mnt/ozone/hadoop-ozone/integration-test/target/test-dir/MiniOzoneClusterImpl-b9f4991b-e4de-40e3-b3af-34f99860be45/datanode-9/meta/datanode.id
2020-05-12 08:29:24,086 [Datanode State Machine Thread - 0] INFO  ozoneimpl.OzoneContainer (OzoneContainer.java:start(232)) - Attempting to start container services.
2020-05-12 08:29:24,087 [Datanode State Machine Thread - 0] INFO  ozoneimpl.OzoneContainer (OzoneContainer.java:startContainerScrub(196)) - Background container scanner has been disabled.
2020-05-12 08:29:24,088 [Datanode State Machine Thread - 0] INFO  ratis.XceiverServerRatis (XceiverServerRatis.java:start(425)) - Starting XceiverServerRatis 09a694a0-7314-423b-9f88-effda2c9bec5 at port 0
2020-05-12 08:29:24,112 [Datanode State Machine Thread - 0] INFO  impl.RaftServerProxy (RaftServerProxy.java:lambda$start$3(299)) - 09a694a0-7314-423b-9f88-effda2c9bec5: start RPC server
2020-05-12 08:29:24,127 [main] INFO  ozone.MiniOzoneClusterImpl (MiniOzoneClusterImpl.java:lambda$waitForClusterToBeReady$0(177)) - Waiting for nodes to be ready. Got 0 of 10 DN Heartbeats.
2020-05-12 08:29:24,127 [main] INFO  ozone.MiniOzoneClusterImpl (MiniOzoneClusterImpl.java:lambda$waitForClusterToBeReady$0(180)) - Waiting for cluster to exit safe mode
2020-05-12 08:29:24,197 [Datanode State Machine Thread - 0] INFO  server.GrpcService (GrpcService.java:startImpl(159)) - 09a694a0-7314-423b-9f88-effda2c9bec5: GrpcService started, listening on 0.0.0.0/0.0.0.0:32913
2020-05-12 08:29:24,198 [Datanode State Machine Thread - 0] INFO  ratis.XceiverServerRatis (XceiverServerRatis.java:start(437)) - XceiverServerRatis 09a694a0-7314-423b-9f88-effda2c9bec5 is started using port 32913
2020-05-12 08:29:24,202 [Datanode State Machine Thread - 0] INFO  server.XceiverServerGrpc (XceiverServerGrpc.java:start(145)) - XceiverServerGrpc 09a694a0-7314-423b-9f88-effda2c9bec5 is started using port 40647
2020-05-12 08:29:24,246 [Datanode State Machine Thread - 0] INFO  ozoneimpl.OzoneContainer (OzoneContainer.java:start(232)) - Attempting to start container services.
2020-05-12 08:29:24,252 [Datanode State Machine Thread - 0] INFO  ozoneimpl.OzoneContainer (OzoneContainer.java:startContainerScrub(196)) - Background container scanner has been disabled.
2020-05-12 08:29:24,252 [Datanode State Machine Thread - 0] INFO  ratis.XceiverServerRatis (XceiverServerRatis.java:start(425)) - Starting XceiverServerRatis 38d4cb02-2600-4c93-a46f-8bf8528a5cd0 at port 0
2020-05-12 08:29:24,254 [Datanode State Machine Thread - 0] INFO  impl.RaftServerProxy (RaftServerProxy.java:lambda$start$3(299)) - 38d4cb02-2600-4c93-a46f-8bf8528a5cd0: start RPC server
2020-05-12 08:29:24,260 [Datanode State Machine Thread - 0] INFO  server.GrpcService (GrpcService.java:startImpl(159)) - 38d4cb02-2600-4c93-a46f-8bf8528a5cd0: GrpcService started, listening on 0.0.0.0/0.0.0.0:43713
2020-05-12 08:29:24,260 [Datanode State Machine Thread - 0] INFO  ratis.XceiverServerRatis (XceiverServerRatis.java:start(437)) - XceiverServerRatis 38d4cb02-2600-4c93-a46f-8bf8528a5cd0 is started using port 43713
2020-05-12 08:29:24,263 [Datanode State Machine Thread - 0] INFO  server.XceiverServerGrpc (XceiverServerGrpc.java:start(145)) - XceiverServerGrpc 38d4cb02-2600-4c93-a46f-8bf8528a5cd0 is started using port 44821
2020-05-12 08:29:24,407 [Datanode State Machine Thread - 0] INFO  ozoneimpl.OzoneContainer (OzoneContainer.java:start(232)) - Attempting to start container services.
2020-05-12 08:29:24,407 [Datanode State Machine Thread - 0] INFO  ozoneimpl.OzoneContainer (OzoneContainer.java:startContainerScrub(196)) - Background container scanner has been disabled.
2020-05-12 08:29:24,407 [Datanode State Machine Thread - 0] INFO  ratis.XceiverServerRatis (XceiverServerRatis.java:start(425)) - Starting XceiverServerRatis 941dac77-9066-42cd-9c41-366eb2366cc5 at port 0
2020-05-12 08:29:24,408 [Datanode State Machine Thread - 0] INFO  impl.RaftServerProxy (RaftServerProxy.java:lambda$start$3(299)) - 941dac77-9066-42cd-9c41-366eb2366cc5: start RPC server
2020-05-12 08:29:24,419 [Datanode State Machine Thread - 0] INFO  server.GrpcService (GrpcService.java:startImpl(159)) - 941dac77-9066-42cd-9c41-366eb2366cc5: GrpcService started, listening on 0.0.0.0/0.0.0.0:39395
2020-05-12 08:29:24,419 [Datanode State Machine Thread - 0] INFO  ratis.XceiverServerRatis (XceiverServerRatis.java:start(437)) - XceiverServerRatis 941dac77-9066-42cd-9c41-366eb2366cc5 is started using port 39395
2020-05-12 08:29:24,421 [Datanode State Machine Thread - 0] INFO  server.XceiverServerGrpc (XceiverServerGrpc.java:start(145)) - XceiverServerGrpc 941dac77-9066-42cd-9c41-366eb2366cc5 is started using port 45551
2020-05-12 08:29:24,508 [Datanode State Machine Thread - 0] INFO  ozoneimpl.OzoneContainer (OzoneContainer.java:start(232)) - Attempting to start container services.
2020-05-12 08:29:24,509 [Datanode State Machine Thread - 0] INFO  ozoneimpl.OzoneContainer (OzoneContainer.java:startContainerScrub(196)) - Background container scanner has been disabled.
2020-05-12 08:29:24,509 [Datanode State Machine Thread - 0] INFO  ratis.XceiverServerRatis (XceiverServerRatis.java:start(425)) - Starting XceiverServerRatis bc663c50-48a7-4374-8289-b8b0f40d041c at port 0
2020-05-12 08:29:24,519 [Datanode State Machine Thread - 0] INFO  impl.RaftServerProxy (RaftServerProxy.java:lambda$start$3(299)) - bc663c50-48a7-4374-8289-b8b0f40d041c: start RPC server
2020-05-12 08:29:24,521 [Datanode State Machine Thread - 0] INFO  server.GrpcService (GrpcService.java:startImpl(159)) - bc663c50-48a7-4374-8289-b8b0f40d041c: GrpcService started, listening on 0.0.0.0/0.0.0.0:45491
2020-05-12 08:29:24,521 [Datanode State Machine Thread - 0] INFO  ratis.XceiverServerRatis (XceiverServerRatis.java:start(437)) - XceiverServerRatis bc663c50-48a7-4374-8289-b8b0f40d041c is started using port 45491
2020-05-12 08:29:24,523 [Datanode State Machine Thread - 0] INFO  server.XceiverServerGrpc (XceiverServerGrpc.java:start(145)) - XceiverServerGrpc bc663c50-48a7-4374-8289-b8b0f40d041c is started using port 46793
2020-05-12 08:29:24,575 [Datanode State Machine Thread - 0] INFO  ozoneimpl.OzoneContainer (OzoneContainer.java:start(232)) - Attempting to start container services.
2020-05-12 08:29:24,576 [Datanode State Machine Thread - 0] INFO  ozoneimpl.OzoneContainer (OzoneContainer.java:startContainerScrub(196)) - Background container scanner has been disabled.
2020-05-12 08:29:24,576 [Datanode State Machine Thread - 0] INFO  ratis.XceiverServerRatis (XceiverServerRatis.java:start(425)) - Starting XceiverServerRatis e58da56f-e7aa-4954-9d68-22abafeee072 at port 0
2020-05-12 08:29:24,577 [Datanode State Machine Thread - 0] INFO  impl.RaftServerProxy (RaftServerProxy.java:lambda$start$3(299)) - e58da56f-e7aa-4954-9d68-22abafeee072: start RPC server
2020-05-12 08:29:24,580 [Datanode State Machine Thread - 0] INFO  server.GrpcService (GrpcService.java:startImpl(159)) - e58da56f-e7aa-4954-9d68-22abafeee072: GrpcService started, listening on 0.0.0.0/0.0.0.0:43699
2020-05-12 08:29:24,581 [Datanode State Machine Thread - 0] INFO  ratis.XceiverServerRatis (XceiverServerRatis.java:start(437)) - XceiverServerRatis e58da56f-e7aa-4954-9d68-22abafeee072 is started using port 43699
2020-05-12 08:29:24,582 [Datanode State Machine Thread - 0] INFO  server.XceiverServerGrpc (XceiverServerGrpc.java:start(145)) - XceiverServerGrpc e58da56f-e7aa-4954-9d68-22abafeee072 is started using port 43629
2020-05-12 08:29:24,667 [Datanode State Machine Thread - 0] INFO  ozoneimpl.OzoneContainer (OzoneContainer.java:start(232)) - Attempting to start container services.
2020-05-12 08:29:24,667 [Datanode State Machine Thread - 0] INFO  ozoneimpl.OzoneContainer (OzoneContainer.java:startContainerScrub(196)) - Background container scanner has been disabled.
2020-05-12 08:29:24,667 [Datanode State Machine Thread - 0] INFO  ratis.XceiverServerRatis (XceiverServerRatis.java:start(425)) - Starting XceiverServerRatis 98600e06-a104-49b0-9863-92305f30dbaf at port 0
2020-05-12 08:29:24,668 [Datanode State Machine Thread - 0] INFO  impl.RaftServerProxy (RaftServerProxy.java:lambda$start$3(299)) - 98600e06-a104-49b0-9863-92305f30dbaf: start RPC server
2020-05-12 08:29:24,675 [Datanode State Machine Thread - 0] INFO  server.GrpcService (GrpcService.java:startImpl(159)) - 98600e06-a104-49b0-9863-92305f30dbaf: GrpcService started, listening on 0.0.0.0/0.0.0.0:33321
2020-05-12 08:29:24,675 [Datanode State Machine Thread - 0] INFO  ratis.XceiverServerRatis (XceiverServerRatis.java:start(437)) - XceiverServerRatis 98600e06-a104-49b0-9863-92305f30dbaf is started using port 33321
2020-05-12 08:29:24,677 [Datanode State Machine Thread - 0] INFO  server.XceiverServerGrpc (XceiverServerGrpc.java:start(145)) - XceiverServerGrpc 98600e06-a104-49b0-9863-92305f30dbaf is started using port 36771
2020-05-12 08:29:24,782 [Datanode State Machine Thread - 0] INFO  ozoneimpl.OzoneContainer (OzoneContainer.java:start(232)) - Attempting to start container services.
2020-05-12 08:29:24,782 [Datanode State Machine Thread - 0] INFO  ozoneimpl.OzoneContainer (OzoneContainer.java:startContainerScrub(196)) - Background container scanner has been disabled.
2020-05-12 08:29:24,782 [Datanode State Machine Thread - 0] INFO  ratis.XceiverServerRatis (XceiverServerRatis.java:start(425)) - Starting XceiverServerRatis 09b3564f-e143-4bea-91ea-9b4b381dcd28 at port 0
2020-05-12 08:29:24,788 [Datanode State Machine Thread - 0] INFO  impl.RaftServerProxy (RaftServerProxy.java:lambda$start$3(299)) - 09b3564f-e143-4bea-91ea-9b4b381dcd28: start RPC server
2020-05-12 08:29:24,790 [Datanode State Machine Thread - 0] INFO  server.GrpcService (GrpcService.java:startImpl(159)) - 09b3564f-e143-4bea-91ea-9b4b381dcd28: GrpcService started, listening on 0.0.0.0/0.0.0.0:35993
2020-05-12 08:29:24,790 [Datanode State Machine Thread - 0] INFO  ratis.XceiverServerRatis (XceiverServerRatis.java:start(437)) - XceiverServerRatis 09b3564f-e143-4bea-91ea-9b4b381dcd28 is started using port 35993
2020-05-12 08:29:24,791 [Datanode State Machine Thread - 0] INFO  server.XceiverServerGrpc (XceiverServerGrpc.java:start(145)) - XceiverServerGrpc 09b3564f-e143-4bea-91ea-9b4b381dcd28 is started using port 38743
2020-05-12 08:29:24,894 [Datanode State Machine Thread - 0] INFO  ozoneimpl.OzoneContainer (OzoneContainer.java:start(232)) - Attempting to start container services.
2020-05-12 08:29:24,895 [Datanode State Machine Thread - 0] INFO  ozoneimpl.OzoneContainer (OzoneContainer.java:startContainerScrub(196)) - Background container scanner has been disabled.
2020-05-12 08:29:24,895 [Datanode State Machine Thread - 0] INFO  ratis.XceiverServerRatis (XceiverServerRatis.java:start(425)) - Starting XceiverServerRatis 9c8373a7-fbd6-45e8-9aa3-0f89321ba3b3 at port 0
2020-05-12 08:29:24,897 [Datanode State Machine Thread - 0] INFO  impl.RaftServerProxy (RaftServerProxy.java:lambda$start$3(299)) - 9c8373a7-fbd6-45e8-9aa3-0f89321ba3b3: start RPC server
2020-05-12 08:29:24,899 [Datanode State Machine Thread - 0] INFO  server.GrpcService (GrpcService.java:startImpl(159)) - 9c8373a7-fbd6-45e8-9aa3-0f89321ba3b3: GrpcService started, listening on 0.0.0.0/0.0.0.0:35097
2020-05-12 08:29:24,899 [Datanode State Machine Thread - 0] INFO  ratis.XceiverServerRatis (XceiverServerRatis.java:start(437)) - XceiverServerRatis 9c8373a7-fbd6-45e8-9aa3-0f89321ba3b3 is started using port 35097
2020-05-12 08:29:24,901 [Datanode State Machine Thread - 0] INFO  server.XceiverServerGrpc (XceiverServerGrpc.java:start(145)) - XceiverServerGrpc 9c8373a7-fbd6-45e8-9aa3-0f89321ba3b3 is started using port 35887
2020-05-12 08:29:25,038 [Datanode State Machine Thread - 0] INFO  ozoneimpl.OzoneContainer (OzoneContainer.java:start(232)) - Attempting to start container services.
2020-05-12 08:29:25,038 [Datanode State Machine Thread - 0] INFO  ozoneimpl.OzoneContainer (OzoneContainer.java:startContainerScrub(196)) - Background container scanner has been disabled.
2020-05-12 08:29:25,038 [Datanode State Machine Thread - 0] INFO  ratis.XceiverServerRatis (XceiverServerRatis.java:start(425)) - Starting XceiverServerRatis c043dc70-26a6-4e02-93ca-a0ed89699d62 at port 0
2020-05-12 08:29:25,039 [Datanode State Machine Thread - 0] INFO  impl.RaftServerProxy (RaftServerProxy.java:lambda$start$3(299)) - c043dc70-26a6-4e02-93ca-a0ed89699d62: start RPC server
2020-05-12 08:29:25,041 [Datanode State Machine Thread - 0] INFO  server.GrpcService (GrpcService.java:startImpl(159)) - c043dc70-26a6-4e02-93ca-a0ed89699d62: GrpcService started, listening on 0.0.0.0/0.0.0.0:42977
2020-05-12 08:29:25,041 [Datanode State Machine Thread - 0] INFO  ratis.XceiverServerRatis (XceiverServerRatis.java:start(437)) - XceiverServerRatis c043dc70-26a6-4e02-93ca-a0ed89699d62 is started using port 42977
2020-05-12 08:29:25,043 [Datanode State Machine Thread - 0] INFO  server.XceiverServerGrpc (XceiverServerGrpc.java:start(145)) - XceiverServerGrpc c043dc70-26a6-4e02-93ca-a0ed89699d62 is started using port 45561
2020-05-12 08:29:25,127 [main] INFO  ozone.MiniOzoneClusterImpl (MiniOzoneClusterImpl.java:lambda$waitForClusterToBeReady$0(177)) - Waiting for nodes to be ready. Got 0 of 10 DN Heartbeats.
2020-05-12 08:29:25,128 [main] INFO  ozone.MiniOzoneClusterImpl (MiniOzoneClusterImpl.java:lambda$waitForClusterToBeReady$0(180)) - Waiting for cluster to exit safe mode
2020-05-12 08:29:25,142 [Datanode State Machine Thread - 0] INFO  ozoneimpl.OzoneContainer (OzoneContainer.java:start(232)) - Attempting to start container services.
2020-05-12 08:29:25,142 [Datanode State Machine Thread - 0] INFO  ozoneimpl.OzoneContainer (OzoneContainer.java:startContainerScrub(196)) - Background container scanner has been disabled.
2020-05-12 08:29:25,142 [Datanode State Machine Thread - 0] INFO  ratis.XceiverServerRatis (XceiverServerRatis.java:start(425)) - Starting XceiverServerRatis b5abf918-0f3c-481c-b615-5390ef539260 at port 0
2020-05-12 08:29:25,151 [Datanode State Machine Thread - 0] INFO  impl.RaftServerProxy (RaftServerProxy.java:lambda$start$3(299)) - b5abf918-0f3c-481c-b615-5390ef539260: start RPC server
2020-05-12 08:29:25,154 [Datanode State Machine Thread - 0] INFO  server.GrpcService (GrpcService.java:startImpl(159)) - b5abf918-0f3c-481c-b615-5390ef539260: GrpcService started, listening on 0.0.0.0/0.0.0.0:44925
2020-05-12 08:29:25,154 [Datanode State Machine Thread - 0] INFO  ratis.XceiverServerRatis (XceiverServerRatis.java:start(437)) - XceiverServerRatis b5abf918-0f3c-481c-b615-5390ef539260 is started using port 44925
2020-05-12 08:29:25,160 [Datanode State Machine Thread - 0] INFO  server.XceiverServerGrpc (XceiverServerGrpc.java:start(145)) - XceiverServerGrpc b5abf918-0f3c-481c-b615-5390ef539260 is started using port 35847
2020-05-12 08:29:26,046 [IPC Server handler 3 on 34899] INFO  net.NetworkTopology (NetworkTopologyImpl.java:add(111)) - Added a new node: /default-rack/09a694a0-7314-423b-9f88-effda2c9bec5
2020-05-12 08:29:26,047 [IPC Server handler 3 on 34899] INFO  node.SCMNodeManager (SCMNodeManager.java:register(268)) - Registered Data node : 09a694a0-7314-423b-9f88-effda2c9bec5{ip: 172.17.0.2, host: cda64759c3a5, networkLocation: /default-rack, certSerialId: null}
2020-05-12 08:29:26,054 [EventQueue-NodeRegistrationContainerReportForContainerSafeModeRule] INFO  safemode.SCMSafeModeManager (SCMSafeModeManager.java:validateSafeModeExitRules(213)) - ContainerSafeModeRule rule is successfully validated
2020-05-12 08:29:26,062 [EventQueue-NodeRegistrationContainerReportForDataNodeSafeModeRule] INFO  safemode.SCMSafeModeManager (DataNodeSafeModeRule.java:process(71)) - SCM in safe mode. 1 DataNodes registered, 1 required.
2020-05-12 08:29:26,062 [EventQueue-NodeRegistrationContainerReportForDataNodeSafeModeRule] INFO  safemode.SCMSafeModeManager (SCMSafeModeManager.java:validateSafeModeExitRules(213)) - DataNodeSafeModeRule rule is successfully validated
2020-05-12 08:29:26,063 [EventQueue-NodeRegistrationContainerReportForDataNodeSafeModeRule] INFO  safemode.SCMSafeModeManager (SCMSafeModeManager.java:completePreCheck(241)) - All SCM safe mode pre check rules have passed
2020-05-12 08:29:26,072 [RatisPipelineUtilsThread] INFO  pipeline.RatisPipelineProvider (RatisPipelineProvider.java:lambda$create$0(138)) - Sending CreatePipelineCommand for pipeline:PipelineID=f7615f27-2760-4fba-9d88-9c2d44c4e548 to datanode:09a694a0-7314-423b-9f88-effda2c9bec5
2020-05-12 08:29:26,085 [RatisPipelineUtilsThread] INFO  pipeline.PipelineStateManager (PipelineStateManager.java:addPipeline(54)) - Created pipeline Pipeline[ Id: f7615f27-2760-4fba-9d88-9c2d44c4e548, Nodes: 09a694a0-7314-423b-9f88-effda2c9bec5{ip: 172.17.0.2, host: cda64759c3a5, networkLocation: /default-rack, certSerialId: null}, Type:RATIS, Factor:ONE, State:ALLOCATED, leaderId:null, CreationTimestamp2020-05-12T08:29:26.068Z]
2020-05-12 08:29:26,089 [RatisPipelineUtilsThread] ERROR pipeline.SCMPipelineManager (SCMPipelineManager.java:createPipeline(222)) - Failed to create pipeline of type RATIS and factor ONE. Exception: Cannot create pipeline of factor 1 using 0 nodes. Used 1 nodes. Healthy nodes 1
2020-05-12 08:29:26,089 [RatisPipelineUtilsThread] WARN  pipeline.PipelinePlacementPolicy (PipelinePlacementPolicy.java:filterViableNodes(132)) - Pipeline creation failed due to no sufficient healthy datanodes. Required 3. Found 1.
2020-05-12 08:29:26,089 [RatisPipelineUtilsThread] ERROR pipeline.SCMPipelineManager (SCMPipelineManager.java:createPipeline(222)) - Failed to create pipeline of type RATIS and factor THREE. Exception: Pipeline creation failed due to no sufficient healthy datanodes. Required 3. Found 1.
2020-05-12 08:29:26,128 [main] INFO  ozone.MiniOzoneClusterImpl (MiniOzoneClusterImpl.java:lambda$waitForClusterToBeReady$0(177)) - Waiting for nodes to be ready. Got 1 of 10 DN Heartbeats.
2020-05-12 08:29:26,128 [main] INFO  ozone.MiniOzoneClusterImpl (MiniOzoneClusterImpl.java:lambda$waitForClusterToBeReady$0(180)) - Waiting for cluster to exit safe mode
2020-05-12 08:29:26,245 [IPC Server handler 4 on 34899] INFO  net.NetworkTopology (NetworkTopologyImpl.java:add(111)) - Added a new node: /default-rack/38d4cb02-2600-4c93-a46f-8bf8528a5cd0
2020-05-12 08:29:26,246 [IPC Server handler 4 on 34899] INFO  node.SCMNodeManager (SCMNodeManager.java:register(268)) - Registered Data node : 38d4cb02-2600-4c93-a46f-8bf8528a5cd0{ip: 172.17.0.2, host: cda64759c3a5, networkLocation: /default-rack, certSerialId: null}
2020-05-12 08:29:26,246 [EventQueue-NodeRegistrationContainerReportForDataNodeSafeModeRule] INFO  safemode.SCMSafeModeManager (SCMSafeModeManager.java:validateSafeModeExitRules(213)) - DataNodeSafeModeRule rule is successfully validated
2020-05-12 08:29:26,246 [EventQueue-NodeRegistrationContainerReportForContainerSafeModeRule] INFO  safemode.SCMSafeModeManager (SCMSafeModeManager.java:validateSafeModeExitRules(213)) - ContainerSafeModeRule rule is successfully validated
2020-05-12 08:29:26,247 [RatisPipelineUtilsThread] INFO  pipeline.RatisPipelineProvider (RatisPipelineProvider.java:lambda$create$0(138)) - Sending CreatePipelineCommand for pipeline:PipelineID=f0640ff9-b352-4a05-afb2-1065137cd792 to datanode:38d4cb02-2600-4c93-a46f-8bf8528a5cd0
2020-05-12 08:29:26,248 [RatisPipelineUtilsThread] INFO  pipeline.PipelineStateManager (PipelineStateManager.java:addPipeline(54)) - Created pipeline Pipeline[ Id: f0640ff9-b352-4a05-afb2-1065137cd792, Nodes: 38d4cb02-2600-4c93-a46f-8bf8528a5cd0{ip: 172.17.0.2, host: cda64759c3a5, networkLocation: /default-rack, certSerialId: null}, Type:RATIS, Factor:ONE, State:ALLOCATED, leaderId:null, CreationTimestamp2020-05-12T08:29:26.247Z]
2020-05-12 08:29:26,249 [RatisPipelineUtilsThread] ERROR pipeline.SCMPipelineManager (SCMPipelineManager.java:createPipeline(222)) - Failed to create pipeline of type RATIS and factor ONE. Exception: Cannot create pipeline of factor 1 using 0 nodes. Used 2 nodes. Healthy nodes 2
2020-05-12 08:29:26,249 [RatisPipelineUtilsThread] WARN  pipeline.PipelinePlacementPolicy (PipelinePlacementPolicy.java:filterViableNodes(132)) - Pipeline creation failed due to no sufficient healthy datanodes. Required 3. Found 2.
2020-05-12 08:29:26,249 [RatisPipelineUtilsThread] ERROR pipeline.SCMPipelineManager (SCMPipelineManager.java:createPipeline(222)) - Failed to create pipeline of type RATIS and factor THREE. Exception: Pipeline creation failed due to no sufficient healthy datanodes. Required 3. Found 2.
2020-05-12 08:29:26,405 [IPC Server handler 2 on 34899] INFO  net.NetworkTopology (NetworkTopologyImpl.java:add(111)) - Added a new node: /default-rack/941dac77-9066-42cd-9c41-366eb2366cc5
2020-05-12 08:29:26,405 [IPC Server handler 2 on 34899] INFO  node.SCMNodeManager (SCMNodeManager.java:register(268)) - Registered Data node : 941dac77-9066-42cd-9c41-366eb2366cc5{ip: 172.17.0.2, host: cda64759c3a5, networkLocation: /default-rack, certSerialId: null}
2020-05-12 08:29:26,405 [RatisPipelineUtilsThread] INFO  pipeline.RatisPipelineProvider (RatisPipelineProvider.java:lambda$create$0(138)) - Sending CreatePipelineCommand for pipeline:PipelineID=61887f00-30aa-44e3-a3a2-ca46279ca1af to datanode:941dac77-9066-42cd-9c41-366eb2366cc5
2020-05-12 08:29:26,406 [EventQueue-NodeRegistrationContainerReportForDataNodeSafeModeRule] INFO  safemode.SCMSafeModeManager (SCMSafeModeManager.java:validateSafeModeExitRules(213)) - DataNodeSafeModeRule rule is successfully validated
2020-05-12 08:29:26,406 [RatisPipelineUtilsThread] INFO  pipeline.PipelineStateManager (PipelineStateManager.java:addPipeline(54)) - Created pipeline Pipeline[ Id: 61887f00-30aa-44e3-a3a2-ca46279ca1af, Nodes: 941dac77-9066-42cd-9c41-366eb2366cc5{ip: 172.17.0.2, host: cda64759c3a5, networkLocation: /default-rack, certSerialId: null}, Type:RATIS, Factor:ONE, State:ALLOCATED, leaderId:null, CreationTimestamp2020-05-12T08:29:26.405Z]
2020-05-12 08:29:26,406 [EventQueue-NodeRegistrationContainerReportForContainerSafeModeRule] INFO  safemode.SCMSafeModeManager (SCMSafeModeManager.java:validateSafeModeExitRules(213)) - ContainerSafeModeRule rule is successfully validated
2020-05-12 08:29:26,407 [RatisPipelineUtilsThread] ERROR pipeline.SCMPipelineManager (SCMPipelineManager.java:createPipeline(222)) - Failed to create pipeline of type RATIS and factor ONE. Exception: Cannot create pipeline of factor 1 using 0 nodes. Used 3 nodes. Healthy nodes 3
2020-05-12 08:29:26,412 [RatisPipelineUtilsThread] INFO  pipeline.RatisPipelineProvider (RatisPipelineProvider.java:lambda$create$0(138)) - Sending CreatePipelineCommand for pipeline:PipelineID=01b1e74f-13c0-4801-96c1-beb44cea78a5 to datanode:09a694a0-7314-423b-9f88-effda2c9bec5
2020-05-12 08:29:26,412 [RatisPipelineUtilsThread] INFO  pipeline.RatisPipelineProvider (RatisPipelineProvider.java:lambda$create$0(138)) - Sending CreatePipelineCommand for pipeline:PipelineID=01b1e74f-13c0-4801-96c1-beb44cea78a5 to datanode:38d4cb02-2600-4c93-a46f-8bf8528a5cd0
2020-05-12 08:29:26,413 [RatisPipelineUtilsThread] INFO  pipeline.RatisPipelineProvider (RatisPipelineProvider.java:lambda$create$0(138)) - Sending CreatePipelineCommand for pipeline:PipelineID=01b1e74f-13c0-4801-96c1-beb44cea78a5 to datanode:941dac77-9066-42cd-9c41-366eb2366cc5
2020-05-12 08:29:26,413 [RatisPipelineUtilsThread] INFO  pipeline.PipelineStateManager (PipelineStateManager.java:addPipeline(54)) - Created pipeline Pipeline[ Id: 01b1e74f-13c0-4801-96c1-beb44cea78a5, Nodes: 09a694a0-7314-423b-9f88-effda2c9bec5{ip: 172.17.0.2, host: cda64759c3a5, networkLocation: /default-rack, certSerialId: null}38d4cb02-2600-4c93-a46f-8bf8528a5cd0{ip: 172.17.0.2, host: cda64759c3a5, networkLocation: /default-rack, certSerialId: null}941dac77-9066-42cd-9c41-366eb2366cc5{ip: 172.17.0.2, host: cda64759c3a5, networkLocation: /default-rack, certSerialId: null}, Type:RATIS, Factor:THREE, State:ALLOCATED, leaderId:null, CreationTimestamp2020-05-12T08:29:26.412Z]
2020-05-12 08:29:26,414 [RatisPipelineUtilsThread] ERROR pipeline.SCMPipelineManager (SCMPipelineManager.java:createPipeline(222)) - Failed to create pipeline of type RATIS and factor THREE. Exception: Pipeline creation failed because nodes are engaged in other pipelines and every node can only be engaged in max 2 pipelines. Required 3. Found 0
2020-05-12 08:29:26,507 [IPC Server handler 7 on 34899] INFO  net.NetworkTopology (NetworkTopologyImpl.java:add(111)) - Added a new node: /default-rack/bc663c50-48a7-4374-8289-b8b0f40d041c
2020-05-12 08:29:26,508 [IPC Server handler 7 on 34899] INFO  node.SCMNodeManager (SCMNodeManager.java:register(268)) - Registered Data node : bc663c50-48a7-4374-8289-b8b0f40d041c{ip: 172.17.0.2, host: cda64759c3a5, networkLocation: /default-rack, certSerialId: null}
2020-05-12 08:29:26,508 [EventQueue-NodeRegistrationContainerReportForContainerSafeModeRule] INFO  safemode.SCMSafeModeManager (SCMSafeModeManager.java:validateSafeModeExitRules(213)) - ContainerSafeModeRule rule is successfully validated
2020-05-12 08:29:26,509 [EventQueue-NodeRegistrationContainerReportForDataNodeSafeModeRule] INFO  safemode.SCMSafeModeManager (SCMSafeModeManager.java:validateSafeModeExitRules(213)) - DataNodeSafeModeRule rule is successfully validated
2020-05-12 08:29:26,511 [RatisPipelineUtilsThread] INFO  pipeline.RatisPipelineProvider (RatisPipelineProvider.java:lambda$create$0(138)) - Sending CreatePipelineCommand for pipeline:PipelineID=012c9ede-30fd-4340-a90d-18ee7da58159 to datanode:bc663c50-48a7-4374-8289-b8b0f40d041c
2020-05-12 08:29:26,513 [RatisPipelineUtilsThread] INFO  pipeline.PipelineStateManager (PipelineStateManager.java:addPipeline(54)) - Created pipeline Pipeline[ Id: 012c9ede-30fd-4340-a90d-18ee7da58159, Nodes: bc663c50-48a7-4374-8289-b8b0f40d041c{ip: 172.17.0.2, host: cda64759c3a5, networkLocation: /default-rack, certSerialId: null}, Type:RATIS, Factor:ONE, State:ALLOCATED, leaderId:null, CreationTimestamp2020-05-12T08:29:26.511Z]
2020-05-12 08:29:26,514 [RatisPipelineUtilsThread] ERROR pipeline.SCMPipelineManager (SCMPipelineManager.java:createPipeline(222)) - Failed to create pipeline of type RATIS and factor ONE. Exception: Cannot create pipeline of factor 1 using 0 nodes. Used 4 nodes. Healthy nodes 4
2020-05-12 08:29:26,514 [RatisPipelineUtilsThread] ERROR pipeline.SCMPipelineManager (SCMPipelineManager.java:createPipeline(222)) - Failed to create pipeline of type RATIS and factor THREE. Exception: Pipeline creation failed because nodes are engaged in other pipelines and every node can only be engaged in max 2 pipelines. Required 3. Found 1
2020-05-12 08:29:26,574 [IPC Server handler 6 on 34899] INFO  net.NetworkTopology (NetworkTopologyImpl.java:add(111)) - Added a new node: /default-rack/e58da56f-e7aa-4954-9d68-22abafeee072
2020-05-12 08:29:26,574 [IPC Server handler 6 on 34899] INFO  node.SCMNodeManager (SCMNodeManager.java:register(268)) - Registered Data node : e58da56f-e7aa-4954-9d68-22abafeee072{ip: 172.17.0.2, host: cda64759c3a5, networkLocation: /default-rack, certSerialId: null}
2020-05-12 08:29:26,575 [EventQueue-NodeRegistrationContainerReportForDataNodeSafeModeRule] INFO  safemode.SCMSafeModeManager (SCMSafeModeManager.java:validateSafeModeExitRules(213)) - DataNodeSafeModeRule rule is successfully validated
2020-05-12 08:29:26,575 [EventQueue-NodeRegistrationContainerReportForContainerSafeModeRule] INFO  safemode.SCMSafeModeManager (SCMSafeModeManager.java:validateSafeModeExitRules(213)) - ContainerSafeModeRule rule is successfully validated
2020-05-12 08:29:26,576 [RatisPipelineUtilsThread] INFO  pipeline.RatisPipelineProvider (RatisPipelineProvider.java:lambda$create$0(138)) - Sending CreatePipelineCommand for pipeline:PipelineID=012103f0-9f12-4382-b2da-000c7c96b23f to datanode:e58da56f-e7aa-4954-9d68-22abafeee072
2020-05-12 08:29:26,577 [RatisPipelineUtilsThread] INFO  pipeline.PipelineStateManager (PipelineStateManager.java:addPipeline(54)) - Created pipeline Pipeline[ Id: 012103f0-9f12-4382-b2da-000c7c96b23f, Nodes: e58da56f-e7aa-4954-9d68-22abafeee072{ip: 172.17.0.2, host: cda64759c3a5, networkLocation: /default-rack, certSerialId: null}, Type:RATIS, Factor:ONE, State:ALLOCATED, leaderId:null, CreationTimestamp2020-05-12T08:29:26.576Z]
2020-05-12 08:29:26,577 [RatisPipelineUtilsThread] ERROR pipeline.SCMPipelineManager (SCMPipelineManager.java:createPipeline(222)) - Failed to create pipeline of type RATIS and factor ONE. Exception: Cannot create pipeline of factor 1 using 0 nodes. Used 5 nodes. Healthy nodes 5
2020-05-12 08:29:26,578 [RatisPipelineUtilsThread] ERROR pipeline.SCMPipelineManager (SCMPipelineManager.java:createPipeline(222)) - Failed to create pipeline of type RATIS and factor THREE. Exception: Pipeline creation failed because nodes are engaged in other pipelines and every node can only be engaged in max 2 pipelines. Required 3. Found 2
2020-05-12 08:29:26,666 [IPC Server handler 9 on 34899] INFO  net.NetworkTopology (NetworkTopologyImpl.java:add(111)) - Added a new node: /default-rack/98600e06-a104-49b0-9863-92305f30dbaf
2020-05-12 08:29:26,666 [IPC Server handler 9 on 34899] INFO  node.SCMNodeManager (SCMNodeManager.java:register(268)) - Registered Data node : 98600e06-a104-49b0-9863-92305f30dbaf{ip: 172.17.0.2, host: cda64759c3a5, networkLocation: /default-rack, certSerialId: null}
2020-05-12 08:29:26,667 [EventQueue-NodeRegistrationContainerReportForContainerSafeModeRule] INFO  safemode.SCMSafeModeManager (SCMSafeModeManager.java:validateSafeModeExitRules(213)) - ContainerSafeModeRule rule is successfully validated
2020-05-12 08:29:26,667 [EventQueue-NodeRegistrationContainerReportForDataNodeSafeModeRule] INFO  safemode.SCMSafeModeManager (SCMSafeModeManager.java:validateSafeModeExitRules(213)) - DataNodeSafeModeRule rule is successfully validated
2020-05-12 08:29:26,667 [RatisPipelineUtilsThread] INFO  pipeline.RatisPipelineProvider (RatisPipelineProvider.java:lambda$create$0(138)) - Sending CreatePipelineCommand for pipeline:PipelineID=9afea2e7-e293-4966-9ce5-967dbefa06ff to datanode:98600e06-a104-49b0-9863-92305f30dbaf
2020-05-12 08:29:26,670 [RatisPipelineUtilsThread] INFO  pipeline.PipelineStateManager (PipelineStateManager.java:addPipeline(54)) - Created pipeline Pipeline[ Id: 9afea2e7-e293-4966-9ce5-967dbefa06ff, Nodes: 98600e06-a104-49b0-9863-92305f30dbaf{ip: 172.17.0.2, host: cda64759c3a5, networkLocation: /default-rack, certSerialId: null}, Type:RATIS, Factor:ONE, State:ALLOCATED, leaderId:null, CreationTimestamp2020-05-12T08:29:26.667Z]
2020-05-12 08:29:26,671 [RatisPipelineUtilsThread] ERROR pipeline.SCMPipelineManager (SCMPipelineManager.java:createPipeline(222)) - Failed to create pipeline of type RATIS and factor ONE. Exception: Cannot create pipeline of factor 1 using 0 nodes. Used 6 nodes. Healthy nodes 6
2020-05-12 08:29:26,672 [RatisPipelineUtilsThread] INFO  pipeline.RatisPipelineProvider (RatisPipelineProvider.java:lambda$create$0(138)) - Sending CreatePipelineCommand for pipeline:PipelineID=f64e6500-462f-4c9a-880c-99df7a9aa550 to datanode:e58da56f-e7aa-4954-9d68-22abafeee072
2020-05-12 08:29:26,672 [RatisPipelineUtilsThread] INFO  pipeline.RatisPipelineProvider (RatisPipelineProvider.java:lambda$create$0(138)) - Sending CreatePipelineCommand for pipeline:PipelineID=f64e6500-462f-4c9a-880c-99df7a9aa550 to datanode:bc663c50-48a7-4374-8289-b8b0f40d041c
2020-05-12 08:29:26,672 [RatisPipelineUtilsThread] INFO  pipeline.RatisPipelineProvider (RatisPipelineProvider.java:lambda$create$0(138)) - Sending CreatePipelineCommand for pipeline:PipelineID=f64e6500-462f-4c9a-880c-99df7a9aa550 to datanode:98600e06-a104-49b0-9863-92305f30dbaf
2020-05-12 08:29:26,673 [RatisPipelineUtilsThread] INFO  pipeline.PipelineStateManager (PipelineStateManager.java:addPipeline(54)) - Created pipeline Pipeline[ Id: f64e6500-462f-4c9a-880c-99df7a9aa550, Nodes: e58da56f-e7aa-4954-9d68-22abafeee072{ip: 172.17.0.2, host: cda64759c3a5, networkLocation: /default-rack, certSerialId: null}bc663c50-48a7-4374-8289-b8b0f40d041c{ip: 172.17.0.2, host: cda64759c3a5, networkLocation: /default-rack, certSerialId: null}98600e06-a104-49b0-9863-92305f30dbaf{ip: 172.17.0.2, host: cda64759c3a5, networkLocation: /default-rack, certSerialId: null}, Type:RATIS, Factor:THREE, State:ALLOCATED, leaderId:null, CreationTimestamp2020-05-12T08:29:26.672Z]
2020-05-12 08:29:26,673 [RatisPipelineUtilsThread] ERROR pipeline.SCMPipelineManager (SCMPipelineManager.java:createPipeline(222)) - Failed to create pipeline of type RATIS and factor THREE. Exception: Pipeline creation failed because nodes are engaged in other pipelines and every node can only be engaged in max 2 pipelines. Required 3. Found 0
2020-05-12 08:29:26,780 [IPC Server handler 5 on 34899] INFO  net.NetworkTopology (NetworkTopologyImpl.java:add(111)) - Added a new node: /default-rack/09b3564f-e143-4bea-91ea-9b4b381dcd28
2020-05-12 08:29:26,781 [IPC Server handler 5 on 34899] INFO  node.SCMNodeManager (SCMNodeManager.java:register(268)) - Registered Data node : 09b3564f-e143-4bea-91ea-9b4b381dcd28{ip: 172.17.0.2, host: cda64759c3a5, networkLocation: /default-rack, certSerialId: null}
2020-05-12 08:29:26,782 [EventQueue-NodeRegistrationContainerReportForContainerSafeModeRule] INFO  safemode.SCMSafeModeManager (SCMSafeModeManager.java:validateSafeModeExitRules(213)) - ContainerSafeModeRule rule is successfully validated
2020-05-12 08:29:26,782 [RatisPipelineUtilsThread] INFO  pipeline.RatisPipelineProvider (RatisPipelineProvider.java:lambda$create$0(138)) - Sending CreatePipelineCommand for pipeline:PipelineID=49c38e8b-15ad-497e-82aa-bec43247b2d9 to datanode:09b3564f-e143-4bea-91ea-9b4b381dcd28
2020-05-12 08:29:26,782 [EventQueue-NodeRegistrationContainerReportForDataNodeSafeModeRule] INFO  safemode.SCMSafeModeManager (SCMSafeModeManager.java:validateSafeModeExitRules(213)) - DataNodeSafeModeRule rule is successfully validated
2020-05-12 08:29:26,784 [RatisPipelineUtilsThread] INFO  pipeline.PipelineStateManager (PipelineStateManager.java:addPipeline(54)) - Created pipeline Pipeline[ Id: 49c38e8b-15ad-497e-82aa-bec43247b2d9, Nodes: 09b3564f-e143-4bea-91ea-9b4b381dcd28{ip: 172.17.0.2, host: cda64759c3a5, networkLocation: /default-rack, certSerialId: null}, Type:RATIS, Factor:ONE, State:ALLOCATED, leaderId:null, CreationTimestamp2020-05-12T08:29:26.782Z]
2020-05-12 08:29:26,784 [RatisPipelineUtilsThread] ERROR pipeline.SCMPipelineManager (SCMPipelineManager.java:createPipeline(222)) - Failed to create pipeline of type RATIS and factor ONE. Exception: Cannot create pipeline of factor 1 using 0 nodes. Used 7 nodes. Healthy nodes 7
2020-05-12 08:29:26,785 [RatisPipelineUtilsThread] ERROR pipeline.SCMPipelineManager (SCMPipelineManager.java:createPipeline(222)) - Failed to create pipeline of type RATIS and factor THREE. Exception: Pipeline creation failed because nodes are engaged in other pipelines and every node can only be engaged in max 2 pipelines. Required 3. Found 1
2020-05-12 08:29:26,893 [IPC Server handler 10 on 34899] INFO  net.NetworkTopology (NetworkTopologyImpl.java:add(111)) - Added a new node: /default-rack/9c8373a7-fbd6-45e8-9aa3-0f89321ba3b3
2020-05-12 08:29:26,893 [IPC Server handler 10 on 34899] INFO  node.SCMNodeManager (SCMNodeManager.java:register(268)) - Registered Data node : 9c8373a7-fbd6-45e8-9aa3-0f89321ba3b3{ip: 172.17.0.2, host: cda64759c3a5, networkLocation: /default-rack, certSerialId: null}
2020-05-12 08:29:26,894 [EventQueue-NodeRegistrationContainerReportForDataNodeSafeModeRule] INFO  safemode.SCMSafeModeManager (SCMSafeModeManager.java:validateSafeModeExitRules(213)) - DataNodeSafeModeRule rule is successfully validated
2020-05-12 08:29:26,894 [EventQueue-NodeRegistrationContainerReportForContainerSafeModeRule] INFO  safemode.SCMSafeModeManager (SCMSafeModeManager.java:validateSafeModeExitRules(213)) - ContainerSafeModeRule rule is successfully validated
2020-05-12 08:29:26,895 [RatisPipelineUtilsThread] INFO  pipeline.RatisPipelineProvider (RatisPipelineProvider.java:lambda$create$0(138)) - Sending CreatePipelineCommand for pipeline:PipelineID=847e456b-55a3-42b6-ba61-ab1680387a48 to datanode:9c8373a7-fbd6-45e8-9aa3-0f89321ba3b3
2020-05-12 08:29:26,895 [RatisPipelineUtilsThread] INFO  pipeline.PipelineStateManager (PipelineStateManager.java:addPipeline(54)) - Created pipeline Pipeline[ Id: 847e456b-55a3-42b6-ba61-ab1680387a48, Nodes: 9c8373a7-fbd6-45e8-9aa3-0f89321ba3b3{ip: 172.17.0.2, host: cda64759c3a5, networkLocation: /default-rack, certSerialId: null}, Type:RATIS, Factor:ONE, State:ALLOCATED, leaderId:null, CreationTimestamp2020-05-12T08:29:26.895Z]
2020-05-12 08:29:26,896 [RatisPipelineUtilsThread] ERROR pipeline.SCMPipelineManager (SCMPipelineManager.java:createPipeline(222)) - Failed to create pipeline of type RATIS and factor ONE. Exception: Cannot create pipeline of factor 1 using 0 nodes. Used 8 nodes. Healthy nodes 8
2020-05-12 08:29:26,896 [RatisPipelineUtilsThread] ERROR pipeline.SCMPipelineManager (SCMPipelineManager.java:createPipeline(222)) - Failed to create pipeline of type RATIS and factor THREE. Exception: Pipeline creation failed because nodes are engaged in other pipelines and every node can only be engaged in max 2 pipelines. Required 3. Found 2
2020-05-12 08:29:27,041 [IPC Server handler 3 on 34899] INFO  net.NetworkTopology (NetworkTopologyImpl.java:add(111)) - Added a new node: /default-rack/c043dc70-26a6-4e02-93ca-a0ed89699d62
2020-05-12 08:29:27,042 [IPC Server handler 3 on 34899] INFO  node.SCMNodeManager (SCMNodeManager.java:register(268)) - Registered Data node : c043dc70-26a6-4e02-93ca-a0ed89699d62{ip: 172.17.0.2, host: cda64759c3a5, networkLocation: /default-rack, certSerialId: null}
2020-05-12 08:29:27,042 [RatisPipelineUtilsThread] INFO  pipeline.RatisPipelineProvider (RatisPipelineProvider.java:lambda$create$0(138)) - Sending CreatePipelineCommand for pipeline:PipelineID=821c2c33-2d06-4fd8-b415-5292b3c524e3 to datanode:c043dc70-26a6-4e02-93ca-a0ed89699d62
2020-05-12 08:29:27,042 [EventQueue-NodeRegistrationContainerReportForContainerSafeModeRule] INFO  safemode.SCMSafeModeManager (SCMSafeModeManager.java:validateSafeModeExitRules(213)) - ContainerSafeModeRule rule is successfully validated
2020-05-12 08:29:27,043 [EventQueue-NodeRegistrationContainerReportForDataNodeSafeModeRule] INFO  safemode.SCMSafeModeManager (SCMSafeModeManager.java:validateSafeModeExitRules(213)) - DataNodeSafeModeRule rule is successfully validated
2020-05-12 08:29:27,043 [RatisPipelineUtilsThread] INFO  pipeline.PipelineStateManager (PipelineStateManager.java:addPipeline(54)) - Created pipeline Pipeline[ Id: 821c2c33-2d06-4fd8-b415-5292b3c524e3, Nodes: c043dc70-26a6-4e02-93ca-a0ed89699d62{ip: 172.17.0.2, host: cda64759c3a5, networkLocation: /default-rack, certSerialId: null}, Type:RATIS, Factor:ONE, State:ALLOCATED, leaderId:null, CreationTimestamp2020-05-12T08:29:27.042Z]
2020-05-12 08:29:27,047 [RatisPipelineUtilsThread] ERROR pipeline.SCMPipelineManager (SCMPipelineManager.java:createPipeline(222)) - Failed to create pipeline of type RATIS and factor ONE. Exception: Cannot create pipeline of factor 1 using 0 nodes. Used 9 nodes. Healthy nodes 9
2020-05-12 08:29:27,048 [RatisPipelineUtilsThread] INFO  pipeline.RatisPipelineProvider (RatisPipelineProvider.java:lambda$create$0(138)) - Sending CreatePipelineCommand for pipeline:PipelineID=91035633-2b0a-41a9-9a8e-d8f75579a9d7 to datanode:09b3564f-e143-4bea-91ea-9b4b381dcd28
2020-05-12 08:29:27,048 [RatisPipelineUtilsThread] INFO  pipeline.RatisPipelineProvider (RatisPipelineProvider.java:lambda$create$0(138)) - Sending CreatePipelineCommand for pipeline:PipelineID=91035633-2b0a-41a9-9a8e-d8f75579a9d7 to datanode:9c8373a7-fbd6-45e8-9aa3-0f89321ba3b3
2020-05-12 08:29:27,048 [RatisPipelineUtilsThread] INFO  pipeline.RatisPipelineProvider (RatisPipelineProvider.java:lambda$create$0(138)) - Sending CreatePipelineCommand for pipeline:PipelineID=91035633-2b0a-41a9-9a8e-d8f75579a9d7 to datanode:c043dc70-26a6-4e02-93ca-a0ed89699d62
2020-05-12 08:29:27,048 [RatisPipelineUtilsThread] INFO  pipeline.PipelineStateManager (PipelineStateManager.java:addPipeline(54)) - Created pipeline Pipeline[ Id: 91035633-2b0a-41a9-9a8e-d8f75579a9d7, Nodes: 09b3564f-e143-4bea-91ea-9b4b381dcd28{ip: 172.17.0.2, host: cda64759c3a5, networkLocation: /default-rack, certSerialId: null}9c8373a7-fbd6-45e8-9aa3-0f89321ba3b3{ip: 172.17.0.2, host: cda64759c3a5, networkLocation: /default-rack, certSerialId: null}c043dc70-26a6-4e02-93ca-a0ed89699d62{ip: 172.17.0.2, host: cda64759c3a5, networkLocation: /default-rack, certSerialId: null}, Type:RATIS, Factor:THREE, State:ALLOCATED, leaderId:null, CreationTimestamp2020-05-12T08:29:27.048Z]
2020-05-12 08:29:27,049 [RatisPipelineUtilsThread] ERROR pipeline.SCMPipelineManager (SCMPipelineManager.java:createPipeline(222)) - Failed to create pipeline of type RATIS and factor THREE. Exception: Pipeline creation failed because nodes are engaged in other pipelines and every node can only be engaged in max 2 pipelines. Required 3. Found 0
2020-05-12 08:29:27,128 [main] INFO  ozone.MiniOzoneClusterImpl (MiniOzoneClusterImpl.java:lambda$waitForClusterToBeReady$0(177)) - Waiting for nodes to be ready. Got 9 of 10 DN Heartbeats.
2020-05-12 08:29:27,129 [main] INFO  ozone.MiniOzoneClusterImpl (MiniOzoneClusterImpl.java:lambda$waitForClusterToBeReady$0(180)) - Waiting for cluster to exit safe mode
2020-05-12 08:29:27,140 [IPC Server handler 4 on 34899] INFO  net.NetworkTopology (NetworkTopologyImpl.java:add(111)) - Added a new node: /default-rack/b5abf918-0f3c-481c-b615-5390ef539260
2020-05-12 08:29:27,141 [IPC Server handler 4 on 34899] INFO  node.SCMNodeManager (SCMNodeManager.java:register(268)) - Registered Data node : b5abf918-0f3c-481c-b615-5390ef539260{ip: 172.17.0.2, host: cda64759c3a5, networkLocation: /default-rack, certSerialId: null}
2020-05-12 08:29:27,141 [EventQueue-NodeRegistrationContainerReportForContainerSafeModeRule] INFO  safemode.SCMSafeModeManager (SCMSafeModeManager.java:validateSafeModeExitRules(213)) - ContainerSafeModeRule rule is successfully validated
2020-05-12 08:29:27,141 [EventQueue-NodeRegistrationContainerReportForDataNodeSafeModeRule] INFO  safemode.SCMSafeModeManager (SCMSafeModeManager.java:validateSafeModeExitRules(213)) - DataNodeSafeModeRule rule is successfully validated
2020-05-12 08:29:27,142 [RatisPipelineUtilsThread] INFO  pipeline.RatisPipelineProvider (RatisPipelineProvider.java:lambda$create$0(138)) - Sending CreatePipelineCommand for pipeline:PipelineID=2989563b-41d8-4087-9dc8-1d12c22ad048 to datanode:b5abf918-0f3c-481c-b615-5390ef539260
2020-05-12 08:29:27,142 [RatisPipelineUtilsThread] INFO  pipeline.PipelineStateManager (PipelineStateManager.java:addPipeline(54)) - Created pipeline Pipeline[ Id: 2989563b-41d8-4087-9dc8-1d12c22ad048, Nodes: b5abf918-0f3c-481c-b615-5390ef539260{ip: 172.17.0.2, host: cda64759c3a5, networkLocation: /default-rack, certSerialId: null}, Type:RATIS, Factor:ONE, State:ALLOCATED, leaderId:null, CreationTimestamp2020-05-12T08:29:27.142Z]
2020-05-12 08:29:27,143 [RatisPipelineUtilsThread] ERROR pipeline.SCMPipelineManager (SCMPipelineManager.java:createPipeline(222)) - Failed to create pipeline of type RATIS and factor ONE. Exception: Cannot create pipeline of factor 1 using 0 nodes. Used 10 nodes. Healthy nodes 10
2020-05-12 08:29:27,143 [RatisPipelineUtilsThread] ERROR pipeline.SCMPipelineManager (SCMPipelineManager.java:createPipeline(222)) - Failed to create pipeline of type RATIS and factor THREE. Exception: Pipeline creation failed because nodes are engaged in other pipelines and every node can only be engaged in max 2 pipelines. Required 3. Found 1
2020-05-12 08:29:28,130 [main] INFO  ozone.MiniOzoneClusterImpl (MiniOzoneClusterImpl.java:lambda$waitForClusterToBeReady$0(177)) - Nodes are ready. Got 10 of 10 DN Heartbeats.
2020-05-12 08:29:28,130 [main] INFO  ozone.MiniOzoneClusterImpl (MiniOzoneClusterImpl.java:lambda$waitForClusterToBeReady$0(180)) - Waiting for cluster to exit safe mode
2020-05-12 08:29:29,087 [Command processor thread] INFO  impl.RaftServerProxy (RaftServerProxy.java:addNew(89)) - 09a694a0-7314-423b-9f88-effda2c9bec5: addNew group-9C2D44C4E548:[09a694a0-7314-423b-9f88-effda2c9bec5:172.17.0.2:32913] returns group-9C2D44C4E548:java.util.concurrent.CompletableFuture@72b82887[Not completed]
2020-05-12 08:29:29,131 [main] INFO  ozone.MiniOzoneClusterImpl (MiniOzoneClusterImpl.java:lambda$waitForClusterToBeReady$0(177)) - Nodes are ready. Got 10 of 10 DN Heartbeats.
2020-05-12 08:29:29,132 [main] INFO  ozone.MiniOzoneClusterImpl (MiniOzoneClusterImpl.java:lambda$waitForClusterToBeReady$0(180)) - Waiting for cluster to exit safe mode
2020-05-12 08:29:29,174 [pool-35-thread-1] INFO  impl.RaftServerImpl (RaftServerImpl.java:<init>(98)) - 09a694a0-7314-423b-9f88-effda2c9bec5: new RaftServerImpl for group-9C2D44C4E548:[09a694a0-7314-423b-9f88-effda2c9bec5:172.17.0.2:32913] with ContainerStateMachine:uninitialized
2020-05-12 08:29:29,176 [pool-35-thread-1] INFO  server.RaftServerConfigKeys (ConfUtils.java:logGet(44)) - raft.server.rpc.timeout.min = 5s (custom)
2020-05-12 08:29:29,177 [pool-35-thread-1] INFO  server.RaftServerConfigKeys (ConfUtils.java:logGet(44)) - raft.server.rpc.timeout.max = 5200ms (custom)
2020-05-12 08:29:29,178 [pool-35-thread-1] INFO  server.RaftServerConfigKeys (ConfUtils.java:logGet(44)) - raft.server.rpcslowness.timeout = 300s (custom)
2020-05-12 08:29:29,178 [pool-35-thread-1] INFO  server.RaftServerConfigKeys (ConfUtils.java:logGet(44)) - raft.server.sleep.deviation.threshold = 300 (default)
2020-05-12 08:29:29,179 [pool-35-thread-1] INFO  server.RaftServerConfigKeys (ConfUtils.java:logGet(44)) - raft.server.log.appender.install.snapshot.enabled = false (custom)
2020-05-12 08:29:29,189 [pool-35-thread-1] INFO  impl.RaftServerImpl (ServerState.java:<init>(103)) - 09a694a0-7314-423b-9f88-effda2c9bec5@group-9C2D44C4E548: ConfigurationManager, init=-1: [09a694a0-7314-423b-9f88-effda2c9bec5:172.17.0.2:32913], old=null, confs=<EMPTY_MAP>
2020-05-12 08:29:29,190 [pool-35-thread-1] INFO  server.RaftServerConfigKeys (ConfUtils.java:logGet(44)) - raft.server.storage.dir = [/github/workspace/mnt/ozone/hadoop-ozone/integration-test/target/test-dir/MiniOzoneClusterImpl-b9f4991b-e4de-40e3-b3af-34f99860be45/datanode-0/data/ratis] (custom)
2020-05-12 08:29:29,195 [pool-35-thread-1] INFO  server.RaftServerConfigKeys (ConfUtils.java:logGet(44)) - raft.server.log.corruption.policy = EXCEPTION (default)
2020-05-12 08:29:29,197 [pool-35-thread-1] INFO  storage.RaftStorageDirectory (RaftStorageDirectory.java:analyzeStorage(261)) - The storage directory /github/workspace/mnt/ozone/hadoop-ozone/integration-test/target/test-dir/MiniOzoneClusterImpl-b9f4991b-e4de-40e3-b3af-34f99860be45/datanode-0/data/ratis/f7615f27-2760-4fba-9d88-9c2d44c4e548 does not exist. Creating ...
2020-05-12 08:29:29,211 [pool-35-thread-1] INFO  storage.RaftStorageDirectory (RaftStorageDirectory.java:tryLock(343)) - Lock on /github/workspace/mnt/ozone/hadoop-ozone/integration-test/target/test-dir/MiniOzoneClusterImpl-b9f4991b-e4de-40e3-b3af-34f99860be45/datanode-0/data/ratis/f7615f27-2760-4fba-9d88-9c2d44c4e548/in_use.lock acquired by nodename 6349@cda64759c3a5
2020-05-12 08:29:29,227 [pool-35-thread-1] INFO  storage.RaftStorage (RaftStorage.java:format(84)) - Storage directory /github/workspace/mnt/ozone/hadoop-ozone/integration-test/target/test-dir/MiniOzoneClusterImpl-b9f4991b-e4de-40e3-b3af-34f99860be45/datanode-0/data/ratis/f7615f27-2760-4fba-9d88-9c2d44c4e548 has been successfully formatted.
2020-05-12 08:29:29,240 [pool-35-thread-1] INFO  ratis.ContainerStateMachine (ContainerStateMachine.java:loadSnapshot(226)) - group-9C2D44C4E548: The snapshot info is null. Setting the last applied indexto:(t:0, i:~)
2020-05-12 08:29:29,241 [pool-35-thread-1] INFO  server.RaftServerConfigKeys (ConfUtils.java:logGet(44)) - raft.server.notification.no-leader.timeout = 60s (default)
2020-05-12 08:29:29,254 [pool-35-thread-1] INFO  server.RaftServerConfigKeys (ConfUtils.java:logGet(44)) - raft.server.log.use.memory = false (default)
2020-05-12 08:29:29,274 [Command processor thread] INFO  impl.RaftServerProxy (RaftServerProxy.java:addNew(89)) - 38d4cb02-2600-4c93-a46f-8bf8528a5cd0: addNew group-1065137CD792:[38d4cb02-2600-4c93-a46f-8bf8528a5cd0:172.17.0.2:43713] returns group-1065137CD792:java.util.concurrent.CompletableFuture@694919d9[Not completed]
2020-05-12 08:29:29,286 [pool-35-thread-1] INFO  server.RaftServerConfigKeys (ConfUtils.java:logGet(44)) - raft.server.log.purge.gap = 1000000 (custom)
2020-05-12 08:29:29,286 [pool-35-thread-1] INFO  server.RaftServerConfigKeys (ConfUtils.java:logGet(44)) - raft.server.log.appender.buffer.byte-limit = 33554432 (custom)
2020-05-12 08:29:29,289 [pool-35-thread-1] INFO  server.RaftServerConfigKeys (ConfUtils.java:logGet(44)) - raft.server.log.segment.size.max = 1048576 (custom)
2020-05-12 08:29:29,292 [EventQueue-PipelineReportForPipelineReportHandler] INFO  pipeline.PipelineStateManager (PipelineStateManager.java:openPipeline(131)) - Pipeline Pipeline[ Id: f7615f27-2760-4fba-9d88-9c2d44c4e548, Nodes: 09a694a0-7314-423b-9f88-effda2c9bec5{ip: 172.17.0.2, host: cda64759c3a5, networkLocation: /default-rack, certSerialId: null}, Type:RATIS, Factor:ONE, State:ALLOCATED, leaderId:09a694a0-7314-423b-9f88-effda2c9bec5, CreationTimestamp2020-05-12T08:29:26.068Z] moved to OPEN state
2020-05-12 08:29:29,296 [EventQueue-OpenPipelineForOneReplicaPipelineSafeModeRule] INFO  safemode.SCMSafeModeManager (SCMSafeModeManager.java:validateSafeModeExitRules(213)) - AtleastOneDatanodeReportedRule rule is successfully validated
2020-05-12 08:29:29,296 [pool-51-thread-1] INFO  impl.RaftServerImpl (RaftServerImpl.java:<init>(98)) - 38d4cb02-2600-4c93-a46f-8bf8528a5cd0: new RaftServerImpl for group-1065137CD792:[38d4cb02-2600-4c93-a46f-8bf8528a5cd0:172.17.0.2:43713] with ContainerStateMachine:uninitialized
2020-05-12 08:29:29,299 [pool-51-thread-1] INFO  server.RaftServerConfigKeys (ConfUtils.java:logGet(44)) - raft.server.rpc.timeout.min = 5s (custom)
2020-05-12 08:29:29,299 [pool-51-thread-1] INFO  server.RaftServerConfigKeys (ConfUtils.java:logGet(44)) - raft.server.rpc.timeout.max = 5200ms (custom)
2020-05-12 08:29:29,299 [pool-51-thread-1] INFO  server.RaftServerConfigKeys (ConfUtils.java:logGet(44)) - raft.server.rpcslowness.timeout = 300s (custom)
2020-05-12 08:29:29,299 [pool-51-thread-1] INFO  server.RaftServerConfigKeys (ConfUtils.java:logGet(44)) - raft.server.sleep.deviation.threshold = 300 (default)
2020-05-12 08:29:29,299 [pool-51-thread-1] INFO  server.RaftServerConfigKeys (ConfUtils.java:logGet(44)) - raft.server.log.appender.install.snapshot.enabled = false (custom)
2020-05-12 08:29:29,299 [pool-51-thread-1] INFO  impl.RaftServerImpl (ServerState.java:<init>(103)) - 38d4cb02-2600-4c93-a46f-8bf8528a5cd0@group-1065137CD792: ConfigurationManager, init=-1: [38d4cb02-2600-4c93-a46f-8bf8528a5cd0:172.17.0.2:43713], old=null, confs=<EMPTY_MAP>
2020-05-12 08:29:29,300 [pool-51-thread-1] INFO  server.RaftServerConfigKeys (ConfUtils.java:logGet(44)) - raft.server.storage.dir = [/github/workspace/mnt/ozone/hadoop-ozone/integration-test/target/test-dir/MiniOzoneClusterImpl-b9f4991b-e4de-40e3-b3af-34f99860be45/datanode-1/data/ratis] (custom)
2020-05-12 08:29:29,300 [pool-51-thread-1] INFO  server.RaftServerConfigKeys (ConfUtils.java:logGet(44)) - raft.server.log.corruption.policy = EXCEPTION (default)
2020-05-12 08:29:29,300 [pool-51-thread-1] INFO  storage.RaftStorageDirectory (RaftStorageDirectory.java:analyzeStorage(261)) - The storage directory /github/workspace/mnt/ozone/hadoop-ozone/integration-test/target/test-dir/MiniOzoneClusterImpl-b9f4991b-e4de-40e3-b3af-34f99860be45/datanode-1/data/ratis/f0640ff9-b352-4a05-afb2-1065137cd792 does not exist. Creating ...
2020-05-12 08:29:29,302 [pool-35-thread-1] INFO  metrics.RatisMetrics (RatisMetrics.java:lambda$create$0(39)) - Creating Metrics Registry : ratis.log_worker.09a694a0-7314-423b-9f88-effda2c9bec5
2020-05-12 08:29:29,304 [EventQueue-OpenPipelineForHealthyPipelineSafeModeRule] INFO  safemode.SCMSafeModeManager (HealthyPipelineSafeModeRule.java:process(132)) - SCM in safe mode. Healthy pipelines reported count is 0, required healthy pipeline reported count is 1
2020-05-12 08:29:29,304 [pool-51-thread-1] INFO  storage.RaftStorageDirectory (RaftStorageDirectory.java:tryLock(343)) - Lock on /github/workspace/mnt/ozone/hadoop-ozone/integration-test/target/test-dir/MiniOzoneClusterImpl-b9f4991b-e4de-40e3-b3af-34f99860be45/datanode-1/data/ratis/f0640ff9-b352-4a05-afb2-1065137cd792/in_use.lock acquired by nodename 6349@cda64759c3a5
2020-05-12 08:29:29,306 [pool-51-thread-1] INFO  storage.RaftStorage (RaftStorage.java:format(84)) - Storage directory /github/workspace/mnt/ozone/hadoop-ozone/integration-test/target/test-dir/MiniOzoneClusterImpl-b9f4991b-e4de-40e3-b3af-34f99860be45/datanode-1/data/ratis/f0640ff9-b352-4a05-afb2-1065137cd792 has been successfully formatted.
2020-05-12 08:29:29,307 [pool-51-thread-1] INFO  ratis.ContainerStateMachine (ContainerStateMachine.java:loadSnapshot(226)) - group-1065137CD792: The snapshot info is null. Setting the last applied indexto:(t:0, i:~)
2020-05-12 08:29:29,308 [pool-51-thread-1] INFO  server.RaftServerConfigKeys (ConfUtils.java:logGet(44)) - raft.server.notification.no-leader.timeout = 60s (default)
2020-05-12 08:29:29,308 [pool-51-thread-1] INFO  server.RaftServerConfigKeys (ConfUtils.java:logGet(44)) - raft.server.log.use.memory = false (default)
2020-05-12 08:29:29,308 [pool-51-thread-1] INFO  server.RaftServerConfigKeys (ConfUtils.java:logGet(44)) - raft.server.log.purge.gap = 1000000 (custom)
2020-05-12 08:29:29,308 [pool-51-thread-1] INFO  server.RaftServerConfigKeys (ConfUtils.java:logGet(44)) - raft.server.log.appender.buffer.byte-limit = 33554432 (custom)
2020-05-12 08:29:29,308 [pool-51-thread-1] INFO  server.RaftServerConfigKeys (ConfUtils.java:logGet(44)) - raft.server.log.segment.size.max = 1048576 (custom)
2020-05-12 08:29:29,308 [pool-51-thread-1] INFO  metrics.RatisMetrics (RatisMetrics.java:lambda$create$0(39)) - Creating Metrics Registry : ratis.log_worker.38d4cb02-2600-4c93-a46f-8bf8528a5cd0
2020-05-12 08:29:29,311 [EventQueue-PipelineReportForPipelineReportHandler] INFO  pipeline.PipelineStateManager (PipelineStateManager.java:openPipeline(131)) - Pipeline Pipeline[ Id: f0640ff9-b352-4a05-afb2-1065137cd792, Nodes: 38d4cb02-2600-4c93-a46f-8bf8528a5cd0{ip: 172.17.0.2, host: cda64759c3a5, networkLocation: /default-rack, certSerialId: null}, Type:RATIS, Factor:ONE, State:ALLOCATED, leaderId:38d4cb02-2600-4c93-a46f-8bf8528a5cd0, CreationTimestamp2020-05-12T08:29:26.247Z] moved to OPEN state
2020-05-12 08:29:29,312 [EventQueue-OpenPipelineForOneReplicaPipelineSafeModeRule] INFO  safemode.SCMSafeModeManager (SCMSafeModeManager.java:validateSafeModeExitRules(213)) - AtleastOneDatanodeReportedRule rule is successfully validated
2020-05-12 08:29:29,313 [EventQueue-OpenPipelineForHealthyPipelineSafeModeRule] INFO  safemode.SCMSafeModeManager (HealthyPipelineSafeModeRule.java:process(132)) - SCM in safe mode. Healthy pipelines reported count is 0, required healthy pipeline reported count is 1
2020-05-12 08:29:29,326 [pool-51-thread-1] INFO  server.RaftServerConfigKeys (ConfUtils.java:logGet(44)) - raft.server.log.segment.cache.num.max = 2 (custom)
2020-05-12 08:29:29,326 [pool-35-thread-1] INFO  server.RaftServerConfigKeys (ConfUtils.java:logGet(44)) - raft.server.log.segment.cache.num.max = 2 (custom)
2020-05-12 08:29:29,335 [pool-35-thread-1] INFO  segmented.SegmentedRaftLogWorker (SegmentedRaftLogWorker.java:<init>(176)) - new 09a694a0-7314-423b-9f88-effda2c9bec5@group-9C2D44C4E548-SegmentedRaftLogWorker for RaftStorage:Storage Directory /github/workspace/mnt/ozone/hadoop-ozone/integration-test/target/test-dir/MiniOzoneClusterImpl-b9f4991b-e4de-40e3-b3af-34f99860be45/datanode-0/data/ratis/f7615f27-2760-4fba-9d88-9c2d44c4e548
2020-05-12 08:29:29,335 [pool-51-thread-1] INFO  segmented.SegmentedRaftLogWorker (SegmentedRaftLogWorker.java:<init>(176)) - new 38d4cb02-2600-4c93-a46f-8bf8528a5cd0@group-1065137CD792-SegmentedRaftLogWorker for RaftStorage:Storage Directory /github/workspace/mnt/ozone/hadoop-ozone/integration-test/target/test-dir/MiniOzoneClusterImpl-b9f4991b-e4de-40e3-b3af-34f99860be45/datanode-1/data/ratis/f0640ff9-b352-4a05-afb2-1065137cd792
2020-05-12 08:29:29,336 [pool-51-thread-1] INFO  server.RaftServerConfigKeys (ConfUtils.java:logGet(44)) - raft.server.log.queue.byte-limit = 2147483647 (custom)
2020-05-12 08:29:29,337 [pool-51-thread-1] INFO  server.RaftServerConfigKeys (ConfUtils.java:logGet(44)) - raft.server.log.queue.element-limit = 1024 (custom)
2020-05-12 08:29:29,338 [pool-51-thread-1] INFO  server.RaftServerConfigKeys (ConfUtils.java:logGet(44)) - raft.server.log.segment.size.max = 1048576 (custom)
2020-05-12 08:29:29,338 [pool-51-thread-1] INFO  server.RaftServerConfigKeys (ConfUtils.java:logGet(44)) - raft.server.log.preallocated.size = 16384 (custom)
2020-05-12 08:29:29,339 [pool-51-thread-1] INFO  server.RaftServerConfigKeys (ConfUtils.java:logGet(44)) - raft.server.log.write.buffer.size = 1048576 (custom)
2020-05-12 08:29:29,339 [pool-51-thread-1] INFO  server.RaftServerConfigKeys (ConfUtils.java:logGet(44)) - raft.server.log.force.sync.num = 128 (default)
2020-05-12 08:29:29,341 [pool-51-thread-1] INFO  server.RaftServerConfigKeys (ConfUtils.java:logGet(44)) - raft.server.log.statemachine.data.sync = true (default)
2020-05-12 08:29:29,341 [pool-51-thread-1] INFO  server.RaftServerConfigKeys (ConfUtils.java:logGet(44)) - raft.server.log.statemachine.data.sync.timeout = 10s (default)
2020-05-12 08:29:29,341 [pool-51-thread-1] INFO  server.RaftServerConfigKeys (ConfUtils.java:logGet(44)) - raft.server.log.statemachine.data.sync.timeout.retry = -1 (default)
2020-05-12 08:29:29,339 [pool-35-thread-1] INFO  server.RaftServerConfigKeys (ConfUtils.java:logGet(44)) - raft.server.log.queue.byte-limit = 2147483647 (custom)
2020-05-12 08:29:29,342 [pool-35-thread-1] INFO  server.RaftServerConfigKeys (ConfUtils.java:logGet(44)) - raft.server.log.queue.element-limit = 1024 (custom)
2020-05-12 08:29:29,342 [pool-35-thread-1] INFO  server.RaftServerConfigKeys (ConfUtils.java:logGet(44)) - raft.server.log.segment.size.max = 1048576 (custom)
2020-05-12 08:29:29,342 [pool-35-thread-1] INFO  server.RaftServerConfigKeys (ConfUtils.java:logGet(44)) - raft.server.log.preallocated.size = 16384 (custom)
2020-05-12 08:29:29,342 [pool-35-thread-1] INFO  server.RaftServerConfigKeys (ConfUtils.java:logGet(44)) - raft.server.log.write.buffer.size = 1048576 (custom)
2020-05-12 08:29:29,342 [pool-35-thread-1] INFO  server.RaftServerConfigKeys (ConfUtils.java:logGet(44)) - raft.server.log.force.sync.num = 128 (default)
2020-05-12 08:29:29,342 [pool-35-thread-1] INFO  server.RaftServerConfigKeys (ConfUtils.java:logGet(44)) - raft.server.log.statemachine.data.sync = true (default)
2020-05-12 08:29:29,342 [pool-35-thread-1] INFO  server.RaftServerConfigKeys (ConfUtils.java:logGet(44)) - raft.server.log.statemachine.data.sync.timeout = 10s (default)
2020-05-12 08:29:29,342 [pool-35-thread-1] INFO  server.RaftServerConfigKeys (ConfUtils.java:logGet(44)) - raft.server.log.statemachine.data.sync.timeout.retry = -1 (default)
2020-05-12 08:29:29,362 [pool-35-thread-1] INFO  server.RaftServerConfigKeys (ConfUtils.java:logGet(44)) - raft.server.log.statemachine.data.caching.enabled = true (custom)
2020-05-12 08:29:29,367 [pool-35-thread-1] INFO  segmented.SegmentedRaftLogWorker (SegmentedRaftLogWorker.java:lambda$new$0(129)) - 09a694a0-7314-423b-9f88-effda2c9bec5@group-9C2D44C4E548-SegmentedRaftLogWorker: flushIndex: setUnconditionally 0 -> -1
2020-05-12 08:29:29,369 [pool-51-thread-1] INFO  server.RaftServerConfigKeys (ConfUtils.java:logGet(44)) - raft.server.log.statemachine.data.caching.enabled = true (custom)
2020-05-12 08:29:29,370 [pool-51-thread-1] INFO  segmented.SegmentedRaftLogWorker (SegmentedRaftLogWorker.java:lambda$new$0(129)) - 38d4cb02-2600-4c93-a46f-8bf8528a5cd0@group-1065137CD792-SegmentedRaftLogWorker: flushIndex: setUnconditionally 0 -> -1
2020-05-12 08:29:29,375 [pool-35-thread-1] INFO  server.RaftServerConfigKeys (ConfUtils.java:logGet(44)) - raft.server.snapshot.auto.trigger.enabled = true (custom)
2020-05-12 08:29:29,376 [pool-35-thread-1] INFO  server.RaftServerConfigKeys (ConfUtils.java:logGet(44)) - raft.server.snapshot.auto.trigger.threshold = 10000 (custom)
2020-05-12 08:29:29,376 [pool-35-thread-1] INFO  server.RaftServerConfigKeys (ConfUtils.java:logGet(44)) - raft.server.snapshot.retention.file.num = 5 (custom)
2020-05-12 08:29:29,377 [pool-35-thread-1] INFO  server.RaftServerConfigKeys (ConfUtils.java:logGet(44)) - raft.server.log.purge.upto.snapshot.index = false (default)
2020-05-12 08:29:29,378 [pool-51-thread-1] INFO  server.RaftServerConfigKeys (ConfUtils.java:logGet(44)) - raft.server.snapshot.auto.trigger.enabled = true (custom)
2020-05-12 08:29:29,378 [pool-51-thread-1] INFO  server.RaftServerConfigKeys (ConfUtils.java:logGet(44)) - raft.server.snapshot.auto.trigger.threshold = 10000 (custom)
2020-05-12 08:29:29,378 [pool-51-thread-1] INFO  server.RaftServerConfigKeys (ConfUtils.java:logGet(44)) - raft.server.snapshot.retention.file.num = 5 (custom)
2020-05-12 08:29:29,378 [pool-51-thread-1] INFO  server.RaftServerConfigKeys (ConfUtils.java:logGet(44)) - raft.server.log.purge.upto.snapshot.index = false (default)
2020-05-12 08:29:29,378 [pool-51-thread-1] INFO  server.RaftServerConfigKeys (ConfUtils.java:logGet(44)) - raft.server.retrycache.expirytime = 600000ms (custom)
2020-05-12 08:29:29,390 [pool-35-thread-1] INFO  server.RaftServerConfigKeys (ConfUtils.java:logGet(44)) - raft.server.retrycache.expirytime = 600000ms (custom)
2020-05-12 08:29:29,407 [Command processor thread] INFO  impl.RaftServerProxy (RaftServerProxy.java:addNew(89)) - 941dac77-9066-42cd-9c41-366eb2366cc5: addNew group-CA46279CA1AF:[941dac77-9066-42cd-9c41-366eb2366cc5:172.17.0.2:39395] returns group-CA46279CA1AF:java.util.concurrent.CompletableFuture@219641f1[Not completed]
2020-05-12 08:29:29,420 [pool-51-thread-1] INFO  metrics.RatisMetrics (RatisMetrics.java:lambda$create$0(39)) - Creating Metrics Registry : ratis.leader_election.38d4cb02-2600-4c93-a46f-8bf8528a5cd0@group-1065137CD792
2020-05-12 08:29:29,420 [pool-35-thread-1] INFO  metrics.RatisMetrics (RatisMetrics.java:lambda$create$0(39)) - Creating Metrics Registry : ratis.leader_election.09a694a0-7314-423b-9f88-effda2c9bec5@group-9C2D44C4E548
2020-05-12 08:29:29,434 [pool-51-thread-1] INFO  metrics.RatisMetrics (RatisMetrics.java:lambda$create$0(39)) - Creating Metrics Registry : ratis.server.38d4cb02-2600-4c93-a46f-8bf8528a5cd0@group-1065137CD792
2020-05-12 08:29:29,437 [pool-67-thread-1] INFO  impl.RaftServerImpl (RaftServerImpl.java:<init>(98)) - 941dac77-9066-42cd-9c41-366eb2366cc5: new RaftServerImpl for group-CA46279CA1AF:[941dac77-9066-42cd-9c41-366eb2366cc5:172.17.0.2:39395] with ContainerStateMachine:uninitialized
2020-05-12 08:29:29,434 [pool-35-thread-1] INFO  metrics.RatisMetrics (RatisMetrics.java:lambda$create$0(39)) - Creating Metrics Registry : ratis.server.09a694a0-7314-423b-9f88-effda2c9bec5@group-9C2D44C4E548
2020-05-12 08:29:29,438 [pool-67-thread-1] INFO  server.RaftServerConfigKeys (ConfUtils.java:logGet(44)) - raft.server.rpc.timeout.min = 5s (custom)
2020-05-12 08:29:29,439 [pool-67-thread-1] INFO  server.RaftServerConfigKeys (ConfUtils.java:logGet(44)) - raft.server.rpc.timeout.max = 5200ms (custom)
2020-05-12 08:29:29,439 [pool-67-thread-1] INFO  server.RaftServerConfigKeys (ConfUtils.java:logGet(44)) - raft.server.rpcslowness.timeout = 300s (custom)
2020-05-12 08:29:29,439 [pool-67-thread-1] INFO  server.RaftServerConfigKeys (ConfUtils.java:logGet(44)) - raft.server.sleep.deviation.threshold = 300 (default)
2020-05-12 08:29:29,439 [pool-67-thread-1] INFO  server.RaftServerConfigKeys (ConfUtils.java:logGet(44)) - raft.server.log.appender.install.snapshot.enabled = false (custom)
2020-05-12 08:29:29,439 [pool-67-thread-1] INFO  impl.RaftServerImpl (ServerState.java:<init>(103)) - 941dac77-9066-42cd-9c41-366eb2366cc5@group-CA46279CA1AF: ConfigurationManager, init=-1: [941dac77-9066-42cd-9c41-366eb2366cc5:172.17.0.2:39395], old=null, confs=<EMPTY_MAP>
2020-05-12 08:29:29,439 [pool-67-thread-1] INFO  server.RaftServerConfigKeys (ConfUtils.java:logGet(44)) - raft.server.storage.dir = [/github/workspace/mnt/ozone/hadoop-ozone/integration-test/target/test-dir/MiniOzoneClusterImpl-b9f4991b-e4de-40e3-b3af-34f99860be45/datanode-2/data/ratis] (custom)
2020-05-12 08:29:29,440 [pool-67-thread-1] INFO  server.RaftServerConfigKeys (ConfUtils.java:logGet(44)) - raft.server.log.corruption.policy = EXCEPTION (default)
2020-05-12 08:29:29,440 [pool-67-thread-1] INFO  storage.RaftStorageDirectory (RaftStorageDirectory.java:analyzeStorage(261)) - The storage directory /github/workspace/mnt/ozone/hadoop-ozone/integration-test/target/test-dir/MiniOzoneClusterImpl-b9f4991b-e4de-40e3-b3af-34f99860be45/datanode-2/data/ratis/61887f00-30aa-44e3-a3a2-ca46279ca1af does not exist. Creating ...
2020-05-12 08:29:29,451 [pool-35-thread-1] INFO  impl.RaftServerImpl (RaftServerImpl.java:start(184)) - 09a694a0-7314-423b-9f88-effda2c9bec5@group-9C2D44C4E548: start as a follower, conf=-1: [09a694a0-7314-423b-9f88-effda2c9bec5:172.17.0.2:32913], old=null
2020-05-12 08:29:29,453 [pool-35-thread-1] INFO  impl.RaftServerImpl (RaftServerImpl.java:setRole(173)) - 09a694a0-7314-423b-9f88-effda2c9bec5@group-9C2D44C4E548: changes role from      null to FOLLOWER at term 0 for startAsFollower
2020-05-12 08:29:29,451 [pool-51-thread-1] INFO  impl.RaftServerImpl (RaftServerImpl.java:start(184)) - 38d4cb02-2600-4c93-a46f-8bf8528a5cd0@group-1065137CD792: start as a follower, conf=-1: [38d4cb02-2600-4c93-a46f-8bf8528a5cd0:172.17.0.2:43713], old=null
2020-05-12 08:29:29,454 [pool-51-thread-1] INFO  impl.RaftServerImpl (RaftServerImpl.java:setRole(173)) - 38d4cb02-2600-4c93-a46f-8bf8528a5cd0@group-1065137CD792: changes role from      null to FOLLOWER at term 0 for startAsFollower
2020-05-12 08:29:29,454 [pool-67-thread-1] INFO  storage.RaftStorageDirectory (RaftStorageDirectory.java:tryLock(343)) - Lock on /github/workspace/mnt/ozone/hadoop-ozone/integration-test/target/test-dir/MiniOzoneClusterImpl-b9f4991b-e4de-40e3-b3af-34f99860be45/datanode-2/data/ratis/61887f00-30aa-44e3-a3a2-ca46279ca1af/in_use.lock acquired by nodename 6349@cda64759c3a5
2020-05-12 08:29:29,455 [pool-51-thread-1] INFO  impl.RoleInfo (RoleInfo.java:updateAndGet(143)) - 38d4cb02-2600-4c93-a46f-8bf8528a5cd0: start FollowerState
2020-05-12 08:29:29,456 [pool-67-thread-1] INFO  storage.RaftStorage (RaftStorage.java:format(84)) - Storage directory /github/workspace/mnt/ozone/hadoop-ozone/integration-test/target/test-dir/MiniOzoneClusterImpl-b9f4991b-e4de-40e3-b3af-34f99860be45/datanode-2/data/ratis/61887f00-30aa-44e3-a3a2-ca46279ca1af has been successfully formatted.
2020-05-12 08:29:29,456 [pool-35-thread-1] INFO  impl.RoleInfo (RoleInfo.java:updateAndGet(143)) - 09a694a0-7314-423b-9f88-effda2c9bec5: start FollowerState
2020-05-12 08:29:29,460 [pool-35-thread-1] INFO  util.JmxRegister (JmxRegister.java:tryRegister(44)) - Successfully registered JMX Bean with object name Ratis:service=RaftServer,group=group-9C2D44C4E548,id=09a694a0-7314-423b-9f88-effda2c9bec5
2020-05-12 08:29:29,462 [pool-35-thread-1] INFO  metrics.RatisMetrics (RatisMetrics.java:lambda$create$0(39)) - Creating Metrics Registry : ratis.state_machine.09a694a0-7314-423b-9f88-effda2c9bec5@group-9C2D44C4E548
2020-05-12 08:29:29,464 [pool-51-thread-1] INFO  util.JmxRegister (JmxRegister.java:tryRegister(44)) - Successfully registered JMX Bean with object name Ratis:service=RaftServer,group=group-1065137CD792,id=38d4cb02-2600-4c93-a46f-8bf8528a5cd0
2020-05-12 08:29:29,467 [pool-67-thread-1] INFO  ratis.ContainerStateMachine (ContainerStateMachine.java:loadSnapshot(226)) - group-CA46279CA1AF: The snapshot info is null. Setting the last applied indexto:(t:0, i:~)
2020-05-12 08:29:29,467 [pool-51-thread-1] INFO  metrics.RatisMetrics (RatisMetrics.java:lambda$create$0(39)) - Creating Metrics Registry : ratis.state_machine.38d4cb02-2600-4c93-a46f-8bf8528a5cd0@group-1065137CD792
2020-05-12 08:29:29,467 [pool-67-thread-1] INFO  server.RaftServerConfigKeys (ConfUtils.java:logGet(44)) - raft.server.notification.no-leader.timeout = 60s (default)
2020-05-12 08:29:29,469 [pool-67-thread-1] INFO  server.RaftServerConfigKeys (ConfUtils.java:logGet(44)) - raft.server.log.use.memory = false (default)
2020-05-12 08:29:29,469 [pool-67-thread-1] INFO  server.RaftServerConfigKeys (ConfUtils.java:logGet(44)) - raft.server.log.purge.gap = 1000000 (custom)
2020-05-12 08:29:29,469 [pool-67-thread-1] INFO  server.RaftServerConfigKeys (ConfUtils.java:logGet(44)) - raft.server.log.appender.buffer.byte-limit = 33554432 (custom)
2020-05-12 08:29:29,469 [pool-67-thread-1] INFO  server.RaftServerConfigKeys (ConfUtils.java:logGet(44)) - raft.server.log.segment.size.max = 1048576 (custom)
2020-05-12 08:29:29,469 [pool-67-thread-1] INFO  metrics.RatisMetrics (RatisMetrics.java:lambda$create$0(39)) - Creating Metrics Registry : ratis.log_worker.941dac77-9066-42cd-9c41-366eb2366cc5
2020-05-12 08:29:29,469 [pool-67-thread-1] INFO  server.RaftServerConfigKeys (ConfUtils.java:logGet(44)) - raft.server.log.segment.cache.num.max = 2 (custom)
2020-05-12 08:29:29,469 [pool-67-thread-1] INFO  segmented.SegmentedRaftLogWorker (SegmentedRaftLogWorker.java:<init>(176)) - new 941dac77-9066-42cd-9c41-366eb2366cc5@group-CA46279CA1AF-SegmentedRaftLogWorker for RaftStorage:Storage Directory /github/workspace/mnt/ozone/hadoop-ozone/integration-test/target/test-dir/MiniOzoneClusterImpl-b9f4991b-e4de-40e3-b3af-34f99860be45/datanode-2/data/ratis/61887f00-30aa-44e3-a3a2-ca46279ca1af
2020-05-12 08:29:29,470 [pool-67-thread-1] INFO  server.RaftServerConfigKeys (ConfUtils.java:logGet(44)) - raft.server.log.queue.byte-limit = 2147483647 (custom)
2020-05-12 08:29:29,470 [pool-67-thread-1] INFO  server.RaftServerConfigKeys (ConfUtils.java:logGet(44)) - raft.server.log.queue.element-limit = 1024 (custom)
2020-05-12 08:29:29,470 [pool-67-thread-1] INFO  server.RaftServerConfigKeys (ConfUtils.java:logGet(44)) - raft.server.log.segment.size.max = 1048576 (custom)
2020-05-12 08:29:29,470 [pool-67-thread-1] INFO  server.RaftServerConfigKeys (ConfUtils.java:logGet(44)) - raft.server.log.preallocated.size = 16384 (custom)
2020-05-12 08:29:29,470 [pool-67-thread-1] INFO  server.RaftServerConfigKeys (ConfUtils.java:logGet(44)) - raft.server.log.write.buffer.size = 1048576 (custom)
2020-05-12 08:29:29,470 [pool-67-thread-1] INFO  server.RaftServerConfigKeys (ConfUtils.java:logGet(44)) - raft.server.log.force.sync.num = 128 (default)
2020-05-12 08:29:29,470 [pool-67-thread-1] INFO  server.RaftServerConfigKeys (ConfUtils.java:logGet(44)) - raft.server.log.statemachine.data.sync = true (default)
2020-05-12 08:29:29,470 [pool-67-thread-1] INFO  server.RaftServerConfigKeys (ConfUtils.java:logGet(44)) - raft.server.log.statemachine.data.sync.timeout = 10s (default)
2020-05-12 08:29:29,470 [pool-67-thread-1] INFO  server.RaftServerConfigKeys (ConfUtils.java:logGet(44)) - raft.server.log.statemachine.data.sync.timeout.retry = -1 (default)
2020-05-12 08:29:29,472 [EventQueue-PipelineReportForPipelineReportHandler] INFO  pipeline.PipelineStateManager (PipelineStateManager.java:openPipeline(131)) - Pipeline Pipeline[ Id: 61887f00-30aa-44e3-a3a2-ca46279ca1af, Nodes: 941dac77-9066-42cd-9c41-366eb2366cc5{ip: 172.17.0.2, host: cda64759c3a5, networkLocation: /default-rack, certSerialId: null}, Type:RATIS, Factor:ONE, State:ALLOCATED, leaderId:941dac77-9066-42cd-9c41-366eb2366cc5, CreationTimestamp2020-05-12T08:29:26.405Z] moved to OPEN state
2020-05-12 08:29:29,472 [EventQueue-OpenPipelineForOneReplicaPipelineSafeModeRule] INFO  safemode.SCMSafeModeManager (SCMSafeModeManager.java:validateSafeModeExitRules(213)) - AtleastOneDatanodeReportedRule rule is successfully validated
2020-05-12 08:29:29,472 [EventQueue-OpenPipelineForHealthyPipelineSafeModeRule] INFO  safemode.SCMSafeModeManager (HealthyPipelineSafeModeRule.java:process(132)) - SCM in safe mode. Healthy pipelines reported count is 0, required healthy pipeline reported count is 1
2020-05-12 08:29:29,478 [pool-67-thread-1] INFO  server.RaftServerConfigKeys (ConfUtils.java:logGet(44)) - raft.server.log.statemachine.data.caching.enabled = true (custom)
2020-05-12 08:29:29,479 [pool-67-thread-1] INFO  segmented.SegmentedRaftLogWorker (SegmentedRaftLogWorker.java:lambda$new$0(129)) - 941dac77-9066-42cd-9c41-366eb2366cc5@group-CA46279CA1AF-SegmentedRaftLogWorker: flushIndex: setUnconditionally 0 -> -1
2020-05-12 08:29:29,491 [pool-67-thread-1] INFO  server.RaftServerConfigKeys (ConfUtils.java:logGet(44)) - raft.server.snapshot.auto.trigger.enabled = true (custom)
2020-05-12 08:29:29,491 [pool-67-thread-1] INFO  server.RaftServerConfigKeys (ConfUtils.java:logGet(44)) - raft.server.snapshot.auto.trigger.threshold = 10000 (custom)
2020-05-12 08:29:29,491 [pool-67-thread-1] INFO  server.RaftServerConfigKeys (ConfUtils.java:logGet(44)) - raft.server.snapshot.retention.file.num = 5 (custom)
2020-05-12 08:29:29,491 [pool-67-thread-1] INFO  server.RaftServerConfigKeys (ConfUtils.java:logGet(44)) - raft.server.log.purge.upto.snapshot.index = false (default)
2020-05-12 08:29:29,492 [pool-67-thread-1] INFO  server.RaftServerConfigKeys (ConfUtils.java:logGet(44)) - raft.server.retrycache.expirytime = 600000ms (custom)
2020-05-12 08:29:29,492 [pool-67-thread-1] INFO  metrics.RatisMetrics (RatisMetrics.java:lambda$create$0(39)) - Creating Metrics Registry : ratis.leader_election.941dac77-9066-42cd-9c41-366eb2366cc5@group-CA46279CA1AF
2020-05-12 08:29:29,496 [pool-67-thread-1] INFO  metrics.RatisMetrics (RatisMetrics.java:lambda$create$0(39)) - Creating Metrics Registry : ratis.server.941dac77-9066-42cd-9c41-366eb2366cc5@group-CA46279CA1AF
2020-05-12 08:29:29,507 [Command processor thread] INFO  impl.RaftServerProxy (RaftServerProxy.java:addNew(89)) - bc663c50-48a7-4374-8289-b8b0f40d041c: addNew group-18EE7DA58159:[bc663c50-48a7-4374-8289-b8b0f40d041c:172.17.0.2:45491] returns group-18EE7DA58159:java.util.concurrent.CompletableFuture@5e0a319b[Not completed]
2020-05-12 08:29:29,511 [Command processor thread] INFO  commandhandler.CreatePipelineCommandHandler (CreatePipelineCommandHandler.java:handle(109)) - Created Pipeline RATIS ONE #id: "f7615f27-2760-4fba-9d88-9c2d44c4e548"
.
2020-05-12 08:29:29,511 [Command processor thread] INFO  impl.RaftServerProxy (RaftServerProxy.java:addNew(89)) - 09a694a0-7314-423b-9f88-effda2c9bec5: addNew group-BEB44CEA78A5:[09a694a0-7314-423b-9f88-effda2c9bec5:172.17.0.2:32913, 38d4cb02-2600-4c93-a46f-8bf8528a5cd0:172.17.0.2:43713, 941dac77-9066-42cd-9c41-366eb2366cc5:172.17.0.2:39395] returns group-BEB44CEA78A5:java.util.concurrent.CompletableFuture@230034a7[Not completed]
2020-05-12 08:29:29,511 [Command processor thread] INFO  commandhandler.CreatePipelineCommandHandler (CreatePipelineCommandHandler.java:handle(109)) - Created Pipeline RATIS ONE #id: "f0640ff9-b352-4a05-afb2-1065137cd792"
.
2020-05-12 08:29:29,515 [pool-67-thread-1] INFO  impl.RaftServerImpl (RaftServerImpl.java:start(184)) - 941dac77-9066-42cd-9c41-366eb2366cc5@group-CA46279CA1AF: start as a follower, conf=-1: [941dac77-9066-42cd-9c41-366eb2366cc5:172.17.0.2:39395], old=null
2020-05-12 08:29:29,516 [pool-67-thread-1] INFO  impl.RaftServerImpl (RaftServerImpl.java:setRole(173)) - 941dac77-9066-42cd-9c41-366eb2366cc5@group-CA46279CA1AF: changes role from      null to FOLLOWER at term 0 for startAsFollower
2020-05-12 08:29:29,516 [pool-67-thread-1] INFO  impl.RoleInfo (RoleInfo.java:updateAndGet(143)) - 941dac77-9066-42cd-9c41-366eb2366cc5: start FollowerState
2020-05-12 08:29:29,518 [Command processor thread] INFO  impl.RaftServerProxy (RaftServerProxy.java:addNew(89)) - 38d4cb02-2600-4c93-a46f-8bf8528a5cd0: addNew group-BEB44CEA78A5:[09a694a0-7314-423b-9f88-effda2c9bec5:172.17.0.2:32913, 38d4cb02-2600-4c93-a46f-8bf8528a5cd0:172.17.0.2:43713, 941dac77-9066-42cd-9c41-366eb2366cc5:172.17.0.2:39395] returns group-BEB44CEA78A5:java.util.concurrent.CompletableFuture@6d768028[Not completed]
2020-05-12 08:29:29,519 [pool-35-thread-1] INFO  impl.RaftServerImpl (RaftServerImpl.java:<init>(98)) - 09a694a0-7314-423b-9f88-effda2c9bec5: new RaftServerImpl for group-BEB44CEA78A5:[09a694a0-7314-423b-9f88-effda2c9bec5:172.17.0.2:32913, 38d4cb02-2600-4c93-a46f-8bf8528a5cd0:172.17.0.2:43713, 941dac77-9066-42cd-9c41-366eb2366cc5:172.17.0.2:39395] with ContainerStateMachine:uninitialized
2020-05-12 08:29:29,522 [pool-35-thread-1] INFO  server.RaftServerConfigKeys (ConfUtils.java:logGet(44)) - raft.server.rpc.timeout.min = 5s (custom)
2020-05-12 08:29:29,522 [pool-35-thread-1] INFO  server.RaftServerConfigKeys (ConfUtils.java:logGet(44)) - raft.server.rpc.timeout.max = 5200ms (custom)
2020-05-12 08:29:29,523 [pool-35-thread-1] INFO  server.RaftServerConfigKeys (ConfUtils.java:logGet(44)) - raft.server.rpcslowness.timeout = 300s (custom)
2020-05-12 08:29:29,523 [pool-35-thread-1] INFO  server.RaftServerConfigKeys (ConfUtils.java:logGet(44)) - raft.server.sleep.deviation.threshold = 300 (default)
2020-05-12 08:29:29,523 [pool-35-thread-1] INFO  server.RaftServerConfigKeys (ConfUtils.java:logGet(44)) - raft.server.log.appender.install.snapshot.enabled = false (custom)
2020-05-12 08:29:29,523 [pool-35-thread-1] INFO  impl.RaftServerImpl (ServerState.java:<init>(103)) - 09a694a0-7314-423b-9f88-effda2c9bec5@group-BEB44CEA78A5: ConfigurationManager, init=-1: [09a694a0-7314-423b-9f88-effda2c9bec5:172.17.0.2:32913, 38d4cb02-2600-4c93-a46f-8bf8528a5cd0:172.17.0.2:43713, 941dac77-9066-42cd-9c41-366eb2366cc5:172.17.0.2:39395], old=null, confs=<EMPTY_MAP>
2020-05-12 08:29:29,523 [pool-35-thread-1] INFO  server.RaftServerConfigKeys (ConfUtils.java:logGet(44)) - raft.server.storage.dir = [/github/workspace/mnt/ozone/hadoop-ozone/integration-test/target/test-dir/MiniOzoneClusterImpl-b9f4991b-e4de-40e3-b3af-34f99860be45/datanode-0/data/ratis] (custom)
2020-05-12 08:29:29,523 [pool-35-thread-1] INFO  server.RaftServerConfigKeys (ConfUtils.java:logGet(44)) - raft.server.log.corruption.policy = EXCEPTION (default)
2020-05-12 08:29:29,523 [pool-35-thread-1] INFO  storage.RaftStorageDirectory (RaftStorageDirectory.java:analyzeStorage(261)) - The storage directory /github/workspace/mnt/ozone/hadoop-ozone/integration-test/target/test-dir/MiniOzoneClusterImpl-b9f4991b-e4de-40e3-b3af-34f99860be45/datanode-0/data/ratis/01b1e74f-13c0-4801-96c1-beb44cea78a5 does not exist. Creating ...
2020-05-12 08:29:29,522 [pool-51-thread-1] INFO  impl.RaftServerImpl (RaftServerImpl.java:<init>(98)) - 38d4cb02-2600-4c93-a46f-8bf8528a5cd0: new RaftServerImpl for group-BEB44CEA78A5:[09a694a0-7314-423b-9f88-effda2c9bec5:172.17.0.2:32913, 38d4cb02-2600-4c93-a46f-8bf8528a5cd0:172.17.0.2:43713, 941dac77-9066-42cd-9c41-366eb2366cc5:172.17.0.2:39395] with ContainerStateMachine:uninitialized
2020-05-12 08:29:29,524 [pool-51-thread-1] INFO  server.RaftServerConfigKeys (ConfUtils.java:logGet(44)) - raft.server.rpc.timeout.min = 5s (custom)
2020-05-12 08:29:29,524 [pool-51-thread-1] INFO  server.RaftServerConfigKeys (ConfUtils.java:logGet(44)) - raft.server.rpc.timeout.max = 5200ms (custom)
2020-05-12 08:29:29,524 [pool-51-thread-1] INFO  server.RaftServerConfigKeys (ConfUtils.java:logGet(44)) - raft.server.rpcslowness.timeout = 300s (custom)
2020-05-12 08:29:29,524 [pool-51-thread-1] INFO  server.RaftServerConfigKeys (ConfUtils.java:logGet(44)) - raft.server.sleep.deviation.threshold = 300 (default)
2020-05-12 08:29:29,524 [pool-51-thread-1] INFO  server.RaftServerConfigKeys (ConfUtils.java:logGet(44)) - raft.server.log.appender.install.snapshot.enabled = false (custom)
2020-05-12 08:29:29,525 [pool-51-thread-1] INFO  impl.RaftServerImpl (ServerState.java:<init>(103)) - 38d4cb02-2600-4c93-a46f-8bf8528a5cd0@group-BEB44CEA78A5: ConfigurationManager, init=-1: [09a694a0-7314-423b-9f88-effda2c9bec5:172.17.0.2:32913, 38d4cb02-2600-4c93-a46f-8bf8528a5cd0:172.17.0.2:43713, 941dac77-9066-42cd-9c41-366eb2366cc5:172.17.0.2:39395], old=null, confs=<EMPTY_MAP>
2020-05-12 08:29:29,525 [pool-51-thread-1] INFO  server.RaftServerConfigKeys (ConfUtils.java:logGet(44)) - raft.server.storage.dir = [/github/workspace/mnt/ozone/hadoop-ozone/integration-test/target/test-dir/MiniOzoneClusterImpl-b9f4991b-e4de-40e3-b3af-34f99860be45/datanode-1/data/ratis] (custom)
2020-05-12 08:29:29,525 [pool-51-thread-1] INFO  server.RaftServerConfigKeys (ConfUtils.java:logGet(44)) - raft.server.log.corruption.policy = EXCEPTION (default)
2020-05-12 08:29:29,525 [pool-51-thread-1] INFO  storage.RaftStorageDirectory (RaftStorageDirectory.java:analyzeStorage(261)) - The storage directory /github/workspace/mnt/ozone/hadoop-ozone/integration-test/target/test-dir/MiniOzoneClusterImpl-b9f4991b-e4de-40e3-b3af-34f99860be45/datanode-1/data/ratis/01b1e74f-13c0-4801-96c1-beb44cea78a5 does not exist. Creating ...
2020-05-12 08:29:29,520 [pool-83-thread-1] INFO  impl.RaftServerImpl (RaftServerImpl.java:<init>(98)) - bc663c50-48a7-4374-8289-b8b0f40d041c: new RaftServerImpl for group-18EE7DA58159:[bc663c50-48a7-4374-8289-b8b0f40d041c:172.17.0.2:45491] with ContainerStateMachine:uninitialized
2020-05-12 08:29:29,526 [pool-83-thread-1] INFO  server.RaftServerConfigKeys (ConfUtils.java:logGet(44)) - raft.server.rpc.timeout.min = 5s (custom)
2020-05-12 08:29:29,526 [pool-83-thread-1] INFO  server.RaftServerConfigKeys (ConfUtils.java:logGet(44)) - raft.server.rpc.timeout.max = 5200ms (custom)
2020-05-12 08:29:29,526 [pool-83-thread-1] INFO  server.RaftServerConfigKeys (ConfUtils.java:logGet(44)) - raft.server.rpcslowness.timeout = 300s (custom)
2020-05-12 08:29:29,526 [pool-83-thread-1] INFO  server.RaftServerConfigKeys (ConfUtils.java:logGet(44)) - raft.server.sleep.deviation.threshold = 300 (default)
2020-05-12 08:29:29,526 [pool-83-thread-1] INFO  server.RaftServerConfigKeys (ConfUtils.java:logGet(44)) - raft.server.log.appender.install.snapshot.enabled = false (custom)
2020-05-12 08:29:29,526 [pool-83-thread-1] INFO  impl.RaftServerImpl (ServerState.java:<init>(103)) - bc663c50-48a7-4374-8289-b8b0f40d041c@group-18EE7DA58159: ConfigurationManager, init=-1: [bc663c50-48a7-4374-8289-b8b0f40d041c:172.17.0.2:45491], old=null, confs=<EMPTY_MAP>
2020-05-12 08:29:29,526 [pool-83-thread-1] INFO  server.RaftServerConfigKeys (ConfUtils.java:logGet(44)) - raft.server.storage.dir = [/github/workspace/mnt/ozone/hadoop-ozone/integration-test/target/test-dir/MiniOzoneClusterImpl-b9f4991b-e4de-40e3-b3af-34f99860be45/datanode-3/data/ratis] (custom)
2020-05-12 08:29:29,526 [pool-83-thread-1] INFO  server.RaftServerConfigKeys (ConfUtils.java:logGet(44)) - raft.server.log.corruption.policy = EXCEPTION (default)
2020-05-12 08:29:29,527 [pool-83-thread-1] INFO  storage.RaftStorageDirectory (RaftStorageDirectory.java:analyzeStorage(261)) - The storage directory /github/workspace/mnt/ozone/hadoop-ozone/integration-test/target/test-dir/MiniOzoneClusterImpl-b9f4991b-e4de-40e3-b3af-34f99860be45/datanode-3/data/ratis/012c9ede-30fd-4340-a90d-18ee7da58159 does not exist. Creating ...
2020-05-12 08:29:29,527 [pool-67-thread-1] INFO  util.JmxRegister (JmxRegister.java:tryRegister(44)) - Successfully registered JMX Bean with object name Ratis:service=RaftServer,group=group-CA46279CA1AF,id=941dac77-9066-42cd-9c41-366eb2366cc5
2020-05-12 08:29:29,528 [pool-67-thread-1] INFO  metrics.RatisMetrics (RatisMetrics.java:lambda$create$0(39)) - Creating Metrics Registry : ratis.state_machine.941dac77-9066-42cd-9c41-366eb2366cc5@group-CA46279CA1AF
2020-05-12 08:29:29,529 [pool-83-thread-1] INFO  storage.RaftStorageDirectory (RaftStorageDirectory.java:tryLock(343)) - Lock on /github/workspace/mnt/ozone/hadoop-ozone/integration-test/target/test-dir/MiniOzoneClusterImpl-b9f4991b-e4de-40e3-b3af-34f99860be45/datanode-3/data/ratis/012c9ede-30fd-4340-a90d-18ee7da58159/in_use.lock acquired by nodename 6349@cda64759c3a5
2020-05-12 08:29:29,529 [pool-35-thread-1] INFO  storage.RaftStorageDirectory (RaftStorageDirectory.java:tryLock(343)) - Lock on /github/workspace/mnt/ozone/hadoop-ozone/integration-test/target/test-dir/MiniOzoneClusterImpl-b9f4991b-e4de-40e3-b3af-34f99860be45/datanode-0/data/ratis/01b1e74f-13c0-4801-96c1-beb44cea78a5/in_use.lock acquired by nodename 6349@cda64759c3a5
2020-05-12 08:29:29,530 [pool-51-thread-1] INFO  storage.RaftStorageDirectory (RaftStorageDirectory.java:tryLock(343)) - Lock on /github/workspace/mnt/ozone/hadoop-ozone/integration-test/target/test-dir/MiniOzoneClusterImpl-b9f4991b-e4de-40e3-b3af-34f99860be45/datanode-1/data/ratis/01b1e74f-13c0-4801-96c1-beb44cea78a5/in_use.lock acquired by nodename 6349@cda64759c3a5
2020-05-12 08:29:29,530 [pool-83-thread-1] INFO  storage.RaftStorage (RaftStorage.java:format(84)) - Storage directory /github/workspace/mnt/ozone/hadoop-ozone/integration-test/target/test-dir/MiniOzoneClusterImpl-b9f4991b-e4de-40e3-b3af-34f99860be45/datanode-3/data/ratis/012c9ede-30fd-4340-a90d-18ee7da58159 has been successfully formatted.
2020-05-12 08:29:29,531 [pool-35-thread-1] INFO  storage.RaftStorage (RaftStorage.java:format(84)) - Storage directory /github/workspace/mnt/ozone/hadoop-ozone/integration-test/target/test-dir/MiniOzoneClusterImpl-b9f4991b-e4de-40e3-b3af-34f99860be45/datanode-0/data/ratis/01b1e74f-13c0-4801-96c1-beb44cea78a5 has been successfully formatted.
2020-05-12 08:29:29,532 [pool-51-thread-1] INFO  storage.RaftStorage (RaftStorage.java:format(84)) - Storage directory /github/workspace/mnt/ozone/hadoop-ozone/integration-test/target/test-dir/MiniOzoneClusterImpl-b9f4991b-e4de-40e3-b3af-34f99860be45/datanode-1/data/ratis/01b1e74f-13c0-4801-96c1-beb44cea78a5 has been successfully formatted.
2020-05-12 08:29:29,534 [Command processor thread] INFO  commandhandler.CreatePipelineCommandHandler (CreatePipelineCommandHandler.java:handle(109)) - Created Pipeline RATIS ONE #id: "61887f00-30aa-44e3-a3a2-ca46279ca1af"
.
2020-05-12 08:29:29,535 [Command processor thread] INFO  impl.RaftServerProxy (RaftServerProxy.java:addNew(89)) - 941dac77-9066-42cd-9c41-366eb2366cc5: addNew group-BEB44CEA78A5:[09a694a0-7314-423b-9f88-effda2c9bec5:172.17.0.2:32913, 38d4cb02-2600-4c93-a46f-8bf8528a5cd0:172.17.0.2:43713, 941dac77-9066-42cd-9c41-366eb2366cc5:172.17.0.2:39395] returns group-BEB44CEA78A5:java.util.concurrent.CompletableFuture@25a9d11b[Not completed]
2020-05-12 08:29:29,536 [pool-67-thread-1] INFO  impl.RaftServerImpl (RaftServerImpl.java:<init>(98)) - 941dac77-9066-42cd-9c41-366eb2366cc5: new RaftServerImpl for group-BEB44CEA78A5:[09a694a0-7314-423b-9f88-effda2c9bec5:172.17.0.2:32913, 38d4cb02-2600-4c93-a46f-8bf8528a5cd0:172.17.0.2:43713, 941dac77-9066-42cd-9c41-366eb2366cc5:172.17.0.2:39395] with ContainerStateMachine:uninitialized
2020-05-12 08:29:29,538 [pool-67-thread-1] INFO  server.RaftServerConfigKeys (ConfUtils.java:logGet(44)) - raft.server.rpc.timeout.min = 5s (custom)
2020-05-12 08:29:29,538 [pool-67-thread-1] INFO  server.RaftServerConfigKeys (ConfUtils.java:logGet(44)) - raft.server.rpc.timeout.max = 5200ms (custom)
2020-05-12 08:29:29,538 [pool-67-thread-1] INFO  server.RaftServerConfigKeys (ConfUtils.java:logGet(44)) - raft.server.rpcslowness.timeout = 300s (custom)
2020-05-12 08:29:29,538 [pool-67-thread-1] INFO  server.RaftServerConfigKeys (ConfUtils.java:logGet(44)) - raft.server.sleep.deviation.threshold = 300 (default)
2020-05-12 08:29:29,538 [pool-67-thread-1] INFO  server.RaftServerConfigKeys (ConfUtils.java:logGet(44)) - raft.server.log.appender.install.snapshot.enabled = false (custom)
2020-05-12 08:29:29,539 [pool-67-thread-1] INFO  impl.RaftServerImpl (ServerState.java:<init>(103)) - 941dac77-9066-42cd-9c41-366eb2366cc5@group-BEB44CEA78A5: ConfigurationManager, init=-1: [09a694a0-7314-423b-9f88-effda2c9bec5:172.17.0.2:32913, 38d4cb02-2600-4c93-a46f-8bf8528a5cd0:172.17.0.2:43713, 941dac77-9066-42cd-9c41-366eb2366cc5:172.17.0.2:39395], old=null, confs=<EMPTY_MAP>
2020-05-12 08:29:29,539 [pool-67-thread-1] INFO  server.RaftServerConfigKeys (ConfUtils.java:logGet(44)) - raft.server.storage.dir = [/github/workspace/mnt/ozone/hadoop-ozone/integration-test/target/test-dir/MiniOzoneClusterImpl-b9f4991b-e4de-40e3-b3af-34f99860be45/datanode-2/data/ratis] (custom)
2020-05-12 08:29:29,539 [pool-67-thread-1] INFO  server.RaftServerConfigKeys (ConfUtils.java:logGet(44)) - raft.server.log.corruption.policy = EXCEPTION (default)
2020-05-12 08:29:29,539 [pool-67-thread-1] INFO  storage.RaftStorageDirectory (RaftStorageDirectory.java:analyzeStorage(261)) - The storage directory /github/workspace/mnt/ozone/hadoop-ozone/integration-test/target/test-dir/MiniOzoneClusterImpl-b9f4991b-e4de-40e3-b3af-34f99860be45/datanode-2/data/ratis/01b1e74f-13c0-4801-96c1-beb44cea78a5 does not exist. Creating ...
2020-05-12 08:29:29,538 [pool-35-thread-1] INFO  ratis.ContainerStateMachine (ContainerStateMachine.java:loadSnapshot(226)) - group-BEB44CEA78A5: The snapshot info is null. Setting the last applied indexto:(t:0, i:~)
2020-05-12 08:29:29,542 [pool-35-thread-1] INFO  server.RaftServerConfigKeys (ConfUtils.java:logGet(44)) - raft.server.notification.no-leader.timeout = 60s (default)
2020-05-12 08:29:29,542 [pool-35-thread-1] INFO  server.RaftServerConfigKeys (ConfUtils.java:logGet(44)) - raft.server.log.use.memory = false (default)
2020-05-12 08:29:29,542 [pool-35-thread-1] INFO  server.RaftServerConfigKeys (ConfUtils.java:logGet(44)) - raft.server.log.purge.gap = 1000000 (custom)
2020-05-12 08:29:29,542 [pool-35-thread-1] INFO  server.RaftServerConfigKeys (ConfUtils.java:logGet(44)) - raft.server.log.appender.buffer.byte-limit = 33554432 (custom)
2020-05-12 08:29:29,543 [pool-35-thread-1] INFO  server.RaftServerConfigKeys (ConfUtils.java:logGet(44)) - raft.server.log.segment.size.max = 1048576 (custom)
2020-05-12 08:29:29,543 [pool-35-thread-1] INFO  server.RaftServerConfigKeys (ConfUtils.java:logGet(44)) - raft.server.log.segment.cache.num.max = 2 (custom)
2020-05-12 08:29:29,543 [pool-35-thread-1] INFO  segmented.SegmentedRaftLogWorker (SegmentedRaftLogWorker.java:<init>(176)) - new 09a694a0-7314-423b-9f88-effda2c9bec5@group-BEB44CEA78A5-SegmentedRaftLogWorker for RaftStorage:Storage Directory /github/workspace/mnt/ozone/hadoop-ozone/integration-test/target/test-dir/MiniOzoneClusterImpl-b9f4991b-e4de-40e3-b3af-34f99860be45/datanode-0/data/ratis/01b1e74f-13c0-4801-96c1-beb44cea78a5
2020-05-12 08:29:29,543 [pool-35-thread-1] INFO  server.RaftServerConfigKeys (ConfUtils.java:logGet(44)) - raft.server.log.queue.byte-limit = 2147483647 (custom)
2020-05-12 08:29:29,546 [pool-35-thread-1] INFO  server.RaftServerConfigKeys (ConfUtils.java:logGet(44)) - raft.server.log.queue.element-limit = 1024 (custom)
2020-05-12 08:29:29,546 [pool-35-thread-1] INFO  server.RaftServerConfigKeys (ConfUtils.java:logGet(44)) - raft.server.log.segment.size.max = 1048576 (custom)
2020-05-12 08:29:29,546 [pool-35-thread-1] INFO  server.RaftServerConfigKeys (ConfUtils.java:logGet(44)) - raft.server.log.preallocated.size = 16384 (custom)
2020-05-12 08:29:29,546 [pool-35-thread-1] INFO  server.RaftServerConfigKeys (ConfUtils.java:logGet(44)) - raft.server.log.write.buffer.size = 1048576 (custom)
2020-05-12 08:29:29,547 [pool-35-thread-1] INFO  server.RaftServerConfigKeys (ConfUtils.java:logGet(44)) - raft.server.log.force.sync.num = 128 (default)
2020-05-12 08:29:29,547 [pool-35-thread-1] INFO  server.RaftServerConfigKeys (ConfUtils.java:logGet(44)) - raft.server.log.statemachine.data.sync = true (default)
2020-05-12 08:29:29,547 [pool-35-thread-1] INFO  server.RaftServerConfigKeys (ConfUtils.java:logGet(44)) - raft.server.log.statemachine.data.sync.timeout = 10s (default)
2020-05-12 08:29:29,547 [pool-35-thread-1] INFO  server.RaftServerConfigKeys (ConfUtils.java:logGet(44)) - raft.server.log.statemachine.data.sync.timeout.retry = -1 (default)
2020-05-12 08:29:29,538 [pool-83-thread-1] INFO  ratis.ContainerStateMachine (ContainerStateMachine.java:loadSnapshot(226)) - group-18EE7DA58159: The snapshot info is null. Setting the last applied indexto:(t:0, i:~)
2020-05-12 08:29:29,536 [pool-51-thread-1] INFO  ratis.ContainerStateMachine (ContainerStateMachine.java:loadSnapshot(226)) - group-BEB44CEA78A5: The snapshot info is null. Setting the last applied indexto:(t:0, i:~)
2020-05-12 08:29:29,547 [pool-51-thread-1] INFO  server.RaftServerConfigKeys (ConfUtils.java:logGet(44)) - raft.server.notification.no-leader.timeout = 60s (default)
2020-05-12 08:29:29,547 [pool-51-thread-1] INFO  server.RaftServerConfigKeys (ConfUtils.java:logGet(44)) - raft.server.log.use.memory = false (default)
2020-05-12 08:29:29,547 [pool-51-thread-1] INFO  server.RaftServerConfigKeys (ConfUtils.java:logGet(44)) - raft.server.log.purge.gap = 1000000 (custom)
2020-05-12 08:29:29,547 [pool-51-thread-1] INFO  server.RaftServerConfigKeys (ConfUtils.java:logGet(44)) - raft.server.log.appender.buffer.byte-limit = 33554432 (custom)
2020-05-12 08:29:29,548 [pool-51-thread-1] INFO  server.RaftServerConfigKeys (ConfUtils.java:logGet(44)) - raft.server.log.segment.size.max = 1048576 (custom)
2020-05-12 08:29:29,548 [pool-51-thread-1] INFO  server.RaftServerConfigKeys (ConfUtils.java:logGet(44)) - raft.server.log.segment.cache.num.max = 2 (custom)
2020-05-12 08:29:29,548 [pool-51-thread-1] INFO  segmented.SegmentedRaftLogWorker (SegmentedRaftLogWorker.java:<init>(176)) - new 38d4cb02-2600-4c93-a46f-8bf8528a5cd0@group-BEB44CEA78A5-SegmentedRaftLogWorker for RaftStorage:Storage Directory /github/workspace/mnt/ozone/hadoop-ozone/integration-test/target/test-dir/MiniOzoneClusterImpl-b9f4991b-e4de-40e3-b3af-34f99860be45/datanode-1/data/ratis/01b1e74f-13c0-4801-96c1-beb44cea78a5
2020-05-12 08:29:29,548 [pool-51-thread-1] INFO  server.RaftServerConfigKeys (ConfUtils.java:logGet(44)) - raft.server.log.queue.byte-limit = 2147483647 (custom)
2020-05-12 08:29:29,548 [pool-51-thread-1] INFO  server.RaftServerConfigKeys (ConfUtils.java:logGet(44)) - raft.server.log.queue.element-limit = 1024 (custom)
2020-05-12 08:29:29,548 [pool-51-thread-1] INFO  server.RaftServerConfigKeys (ConfUtils.java:logGet(44)) - raft.server.log.segment.size.max = 1048576 (custom)
2020-05-12 08:29:29,548 [pool-51-thread-1] INFO  server.RaftServerConfigKeys (ConfUtils.java:logGet(44)) - raft.server.log.preallocated.size = 16384 (custom)
2020-05-12 08:29:29,548 [pool-51-thread-1] INFO  server.RaftServerConfigKeys (ConfUtils.java:logGet(44)) - raft.server.log.write.buffer.size = 1048576 (custom)
2020-05-12 08:29:29,548 [pool-51-thread-1] INFO  server.RaftServerConfigKeys (ConfUtils.java:logGet(44)) - raft.server.log.force.sync.num = 128 (default)
2020-05-12 08:29:29,548 [pool-51-thread-1] INFO  server.RaftServerConfigKeys (ConfUtils.java:logGet(44)) - raft.server.log.statemachine.data.sync = true (default)
2020-05-12 08:29:29,548 [pool-51-thread-1] INFO  server.RaftServerConfigKeys (ConfUtils.java:logGet(44)) - raft.server.log.statemachine.data.sync.timeout = 10s (default)
2020-05-12 08:29:29,548 [pool-51-thread-1] INFO  server.RaftServerConfigKeys (ConfUtils.java:logGet(44)) - raft.server.log.statemachine.data.sync.timeout.retry = -1 (default)
2020-05-12 08:29:29,548 [pool-67-thread-1] INFO  storage.RaftStorageDirectory (RaftStorageDirectory.java:tryLock(343)) - Lock on /github/workspace/mnt/ozone/hadoop-ozone/integration-test/target/test-dir/MiniOzoneClusterImpl-b9f4991b-e4de-40e3-b3af-34f99860be45/datanode-2/data/ratis/01b1e74f-13c0-4801-96c1-beb44cea78a5/in_use.lock acquired by nodename 6349@cda64759c3a5
2020-05-12 08:29:29,549 [pool-51-thread-1] INFO  server.RaftServerConfigKeys (ConfUtils.java:logGet(44)) - raft.server.log.statemachine.data.caching.enabled = true (custom)
2020-05-12 08:29:29,549 [pool-51-thread-1] INFO  segmented.SegmentedRaftLogWorker (SegmentedRaftLogWorker.java:lambda$new$0(129)) - 38d4cb02-2600-4c93-a46f-8bf8528a5cd0@group-BEB44CEA78A5-SegmentedRaftLogWorker: flushIndex: setUnconditionally 0 -> -1
2020-05-12 08:29:29,547 [pool-83-thread-1] INFO  server.RaftServerConfigKeys (ConfUtils.java:logGet(44)) - raft.server.notification.no-leader.timeout = 60s (default)
2020-05-12 08:29:29,542 [EventQueue-PipelineReportForPipelineReportHandler] INFO  pipeline.PipelineStateManager (PipelineStateManager.java:openPipeline(131)) - Pipeline Pipeline[ Id: 012c9ede-30fd-4340-a90d-18ee7da58159, Nodes: bc663c50-48a7-4374-8289-b8b0f40d041c{ip: 172.17.0.2, host: cda64759c3a5, networkLocation: /default-rack, certSerialId: null}, Type:RATIS, Factor:ONE, State:ALLOCATED, leaderId:bc663c50-48a7-4374-8289-b8b0f40d041c, CreationTimestamp2020-05-12T08:29:26.511Z] moved to OPEN state
2020-05-12 08:29:29,548 [pool-35-thread-1] INFO  server.RaftServerConfigKeys (ConfUtils.java:logGet(44)) - raft.server.log.statemachine.data.caching.enabled = true (custom)
2020-05-12 08:29:29,550 [EventQueue-OpenPipelineForOneReplicaPipelineSafeModeRule] INFO  safemode.SCMSafeModeManager (SCMSafeModeManager.java:validateSafeModeExitRules(213)) - AtleastOneDatanodeReportedRule rule is successfully validated
2020-05-12 08:29:29,550 [EventQueue-OpenPipelineForHealthyPipelineSafeModeRule] INFO  safemode.SCMSafeModeManager (HealthyPipelineSafeModeRule.java:process(132)) - SCM in safe mode. Healthy pipelines reported count is 0, required healthy pipeline reported count is 1
2020-05-12 08:29:29,550 [pool-83-thread-1] INFO  server.RaftServerConfigKeys (ConfUtils.java:logGet(44)) - raft.server.log.use.memory = false (default)
2020-05-12 08:29:29,550 [pool-83-thread-1] INFO  server.RaftServerConfigKeys (ConfUtils.java:logGet(44)) - raft.server.log.purge.gap = 1000000 (custom)
2020-05-12 08:29:29,550 [pool-67-thread-1] INFO  storage.RaftStorage (RaftStorage.java:format(84)) - Storage directory /github/workspace/mnt/ozone/hadoop-ozone/integration-test/target/test-dir/MiniOzoneClusterImpl-b9f4991b-e4de-40e3-b3af-34f99860be45/datanode-2/data/ratis/01b1e74f-13c0-4801-96c1-beb44cea78a5 has been successfully formatted.
2020-05-12 08:29:29,550 [pool-83-thread-1] INFO  server.RaftServerConfigKeys (ConfUtils.java:logGet(44)) - raft.server.log.appender.buffer.byte-limit = 33554432 (custom)
2020-05-12 08:29:29,550 [pool-35-thread-1] INFO  segmented.SegmentedRaftLogWorker (SegmentedRaftLogWorker.java:lambda$new$0(129)) - 09a694a0-7314-423b-9f88-effda2c9bec5@group-BEB44CEA78A5-SegmentedRaftLogWorker: flushIndex: setUnconditionally 0 -> -1
2020-05-12 08:29:29,551 [pool-83-thread-1] INFO  server.RaftServerConfigKeys (ConfUtils.java:logGet(44)) - raft.server.log.segment.size.max = 1048576 (custom)
2020-05-12 08:29:29,551 [pool-83-thread-1] INFO  metrics.RatisMetrics (RatisMetrics.java:lambda$create$0(39)) - Creating Metrics Registry : ratis.log_worker.bc663c50-48a7-4374-8289-b8b0f40d041c
2020-05-12 08:29:29,551 [pool-83-thread-1] INFO  server.RaftServerConfigKeys (ConfUtils.java:logGet(44)) - raft.server.log.segment.cache.num.max = 2 (custom)
2020-05-12 08:29:29,551 [pool-83-thread-1] INFO  segmented.SegmentedRaftLogWorker (SegmentedRaftLogWorker.java:<init>(176)) - new bc663c50-48a7-4374-8289-b8b0f40d041c@group-18EE7DA58159-SegmentedRaftLogWorker for RaftStorage:Storage Directory /github/workspace/mnt/ozone/hadoop-ozone/integration-test/target/test-dir/MiniOzoneClusterImpl-b9f4991b-e4de-40e3-b3af-34f99860be45/datanode-3/data/ratis/012c9ede-30fd-4340-a90d-18ee7da58159
2020-05-12 08:29:29,551 [pool-83-thread-1] INFO  server.RaftServerConfigKeys (ConfUtils.java:logGet(44)) - raft.server.log.queue.byte-limit = 2147483647 (custom)
2020-05-12 08:29:29,551 [pool-83-thread-1] INFO  server.RaftServerConfigKeys (ConfUtils.java:logGet(44)) - raft.server.log.queue.element-limit = 1024 (custom)
2020-05-12 08:29:29,552 [pool-83-thread-1] INFO  server.RaftServerConfigKeys (ConfUtils.java:logGet(44)) - raft.server.log.segment.size.max = 1048576 (custom)
2020-05-12 08:29:29,552 [pool-83-thread-1] INFO  server.RaftServerConfigKeys (ConfUtils.java:logGet(44)) - raft.server.log.preallocated.size = 16384 (custom)
2020-05-12 08:29:29,552 [pool-83-thread-1] INFO  server.RaftServerConfigKeys (ConfUtils.java:logGet(44)) - raft.server.log.write.buffer.size = 1048576 (custom)
2020-05-12 08:29:29,552 [pool-83-thread-1] INFO  server.RaftServerConfigKeys (ConfUtils.java:logGet(44)) - raft.server.log.force.sync.num = 128 (default)
2020-05-12 08:29:29,552 [pool-83-thread-1] INFO  server.RaftServerConfigKeys (ConfUtils.java:logGet(44)) - raft.server.log.statemachine.data.sync = true (default)
2020-05-12 08:29:29,552 [pool-83-thread-1] INFO  server.RaftServerConfigKeys (ConfUtils.java:logGet(44)) - raft.server.log.statemachine.data.sync.timeout = 10s (default)
2020-05-12 08:29:29,552 [pool-83-thread-1] INFO  server.RaftServerConfigKeys (ConfUtils.java:logGet(44)) - raft.server.log.statemachine.data.sync.timeout.retry = -1 (default)
2020-05-12 08:29:29,555 [pool-51-thread-1] INFO  server.RaftServerConfigKeys (ConfUtils.java:logGet(44)) - raft.server.snapshot.auto.trigger.enabled = true (custom)
2020-05-12 08:29:29,555 [pool-51-thread-1] INFO  server.RaftServerConfigKeys (ConfUtils.java:logGet(44)) - raft.server.snapshot.auto.trigger.threshold = 10000 (custom)
2020-05-12 08:29:29,555 [pool-51-thread-1] INFO  server.RaftServerConfigKeys (ConfUtils.java:logGet(44)) - raft.server.snapshot.retention.file.num = 5 (custom)
2020-05-12 08:29:29,555 [pool-51-thread-1] INFO  server.RaftServerConfigKeys (ConfUtils.java:logGet(44)) - raft.server.log.purge.upto.snapshot.index = false (default)
2020-05-12 08:29:29,555 [pool-51-thread-1] INFO  server.RaftServerConfigKeys (ConfUtils.java:logGet(44)) - raft.server.retrycache.expirytime = 600000ms (custom)
2020-05-12 08:29:29,555 [pool-51-thread-1] INFO  metrics.RatisMetrics (RatisMetrics.java:lambda$create$0(39)) - Creating Metrics Registry : ratis.leader_election.38d4cb02-2600-4c93-a46f-8bf8528a5cd0@group-BEB44CEA78A5
2020-05-12 08:29:29,556 [pool-51-thread-1] INFO  metrics.RatisMetrics (RatisMetrics.java:lambda$create$0(39)) - Creating Metrics Registry : ratis.server.38d4cb02-2600-4c93-a46f-8bf8528a5cd0@group-BEB44CEA78A5
2020-05-12 08:29:29,556 [pool-67-thread-1] INFO  ratis.ContainerStateMachine (ContainerStateMachine.java:loadSnapshot(226)) - group-BEB44CEA78A5: The snapshot info is null. Setting the last applied indexto:(t:0, i:~)
2020-05-12 08:29:29,557 [pool-67-thread-1] INFO  server.RaftServerConfigKeys (ConfUtils.java:logGet(44)) - raft.server.notification.no-leader.timeout = 60s (default)
2020-05-12 08:29:29,557 [pool-67-thread-1] INFO  server.RaftServerConfigKeys (ConfUtils.java:logGet(44)) - raft.server.log.use.memory = false (default)
2020-05-12 08:29:29,557 [pool-67-thread-1] INFO  server.RaftServerConfigKeys (ConfUtils.java:logGet(44)) - raft.server.log.purge.gap = 1000000 (custom)
2020-05-12 08:29:29,557 [pool-67-thread-1] INFO  server.RaftServerConfigKeys (ConfUtils.java:logGet(44)) - raft.server.log.appender.buffer.byte-limit = 33554432 (custom)
2020-05-12 08:29:29,557 [pool-67-thread-1] INFO  server.RaftServerConfigKeys (ConfUtils.java:logGet(44)) - raft.server.log.segment.size.max = 1048576 (custom)
2020-05-12 08:29:29,557 [pool-67-thread-1] INFO  server.RaftServerConfigKeys (ConfUtils.java:logGet(44)) - raft.server.log.segment.cache.num.max = 2 (custom)
2020-05-12 08:29:29,557 [pool-67-thread-1] INFO  segmented.SegmentedRaftLogWorker (SegmentedRaftLogWorker.java:<init>(176)) - new 941dac77-9066-42cd-9c41-366eb2366cc5@group-BEB44CEA78A5-SegmentedRaftLogWorker for RaftStorage:Storage Directory /github/workspace/mnt/ozone/hadoop-ozone/integration-test/target/test-dir/MiniOzoneClusterImpl-b9f4991b-e4de-40e3-b3af-34f99860be45/datanode-2/data/ratis/01b1e74f-13c0-4801-96c1-beb44cea78a5
2020-05-12 08:29:29,557 [pool-67-thread-1] INFO  server.RaftServerConfigKeys (ConfUtils.java:logGet(44)) - raft.server.log.queue.byte-limit = 2147483647 (custom)
2020-05-12 08:29:29,558 [pool-67-thread-1] INFO  server.RaftServerConfigKeys (ConfUtils.java:logGet(44)) - raft.server.log.queue.element-limit = 1024 (custom)
2020-05-12 08:29:29,558 [pool-67-thread-1] INFO  server.RaftServerConfigKeys (ConfUtils.java:logGet(44)) - raft.server.log.segment.size.max = 1048576 (custom)
2020-05-12 08:29:29,558 [pool-67-thread-1] INFO  server.RaftServerConfigKeys (ConfUtils.java:logGet(44)) - raft.server.log.preallocated.size = 16384 (custom)
2020-05-12 08:29:29,558 [pool-67-thread-1] INFO  server.RaftServerConfigKeys (ConfUtils.java:logGet(44)) - raft.server.log.write.buffer.size = 1048576 (custom)
2020-05-12 08:29:29,558 [pool-67-thread-1] INFO  server.RaftServerConfigKeys (ConfUtils.java:logGet(44)) - raft.server.log.force.sync.num = 128 (default)
2020-05-12 08:29:29,558 [pool-67-thread-1] INFO  server.RaftServerConfigKeys (ConfUtils.java:logGet(44)) - raft.server.log.statemachine.data.sync = true (default)
2020-05-12 08:29:29,558 [pool-67-thread-1] INFO  server.RaftServerConfigKeys (ConfUtils.java:logGet(44)) - raft.server.log.statemachine.data.sync.timeout = 10s (default)
2020-05-12 08:29:29,558 [pool-67-thread-1] INFO  server.RaftServerConfigKeys (ConfUtils.java:logGet(44)) - raft.server.log.statemachine.data.sync.timeout.retry = -1 (default)
2020-05-12 08:29:29,561 [pool-83-thread-1] INFO  server.RaftServerConfigKeys (ConfUtils.java:logGet(44)) - raft.server.log.statemachine.data.caching.enabled = true (custom)
2020-05-12 08:29:29,561 [pool-83-thread-1] INFO  segmented.SegmentedRaftLogWorker (SegmentedRaftLogWorker.java:lambda$new$0(129)) - bc663c50-48a7-4374-8289-b8b0f40d041c@group-18EE7DA58159-SegmentedRaftLogWorker: flushIndex: setUnconditionally 0 -> -1
2020-05-12 08:29:29,561 [pool-35-thread-1] INFO  server.RaftServerConfigKeys (ConfUtils.java:logGet(44)) - raft.server.snapshot.auto.trigger.enabled = true (custom)
2020-05-12 08:29:29,561 [pool-83-thread-1] INFO  server.RaftServerConfigKeys (ConfUtils.java:logGet(44)) - raft.server.snapshot.auto.trigger.enabled = true (custom)
2020-05-12 08:29:29,562 [pool-83-thread-1] INFO  server.RaftServerConfigKeys (ConfUtils.java:logGet(44)) - raft.server.snapshot.auto.trigger.threshold = 10000 (custom)
2020-05-12 08:29:29,562 [pool-83-thread-1] INFO  server.RaftServerConfigKeys (ConfUtils.java:logGet(44)) - raft.server.snapshot.retention.file.num = 5 (custom)
2020-05-12 08:29:29,562 [pool-83-thread-1] INFO  server.RaftServerConfigKeys (ConfUtils.java:logGet(44)) - raft.server.log.purge.upto.snapshot.index = false (default)
2020-05-12 08:29:29,562 [pool-83-thread-1] INFO  server.RaftServerConfigKeys (ConfUtils.java:logGet(44)) - raft.server.retrycache.expirytime = 600000ms (custom)
2020-05-12 08:29:29,562 [pool-83-thread-1] INFO  metrics.RatisMetrics (RatisMetrics.java:lambda$create$0(39)) - Creating Metrics Registry : ratis.leader_election.bc663c50-48a7-4374-8289-b8b0f40d041c@group-18EE7DA58159
2020-05-12 08:29:29,563 [pool-67-thread-1] INFO  server.RaftServerConfigKeys (ConfUtils.java:logGet(44)) - raft.server.log.statemachine.data.caching.enabled = true (custom)
2020-05-12 08:29:29,563 [pool-67-thread-1] INFO  segmented.SegmentedRaftLogWorker (SegmentedRaftLogWorker.java:lambda$new$0(129)) - 941dac77-9066-42cd-9c41-366eb2366cc5@group-BEB44CEA78A5-SegmentedRaftLogWorker: flushIndex: setUnconditionally 0 -> -1
2020-05-12 08:29:29,565 [pool-51-thread-1] INFO  impl.RaftServerImpl (RaftServerImpl.java:start(184)) - 38d4cb02-2600-4c93-a46f-8bf8528a5cd0@group-BEB44CEA78A5: start as a follower, conf=-1: [09a694a0-7314-423b-9f88-effda2c9bec5:172.17.0.2:32913, 38d4cb02-2600-4c93-a46f-8bf8528a5cd0:172.17.0.2:43713, 941dac77-9066-42cd-9c41-366eb2366cc5:172.17.0.2:39395], old=null
2020-05-12 08:29:29,565 [pool-51-thread-1] INFO  impl.RaftServerImpl (RaftServerImpl.java:setRole(173)) - 38d4cb02-2600-4c93-a46f-8bf8528a5cd0@group-BEB44CEA78A5: changes role from      null to FOLLOWER at term 0 for startAsFollower
2020-05-12 08:29:29,566 [pool-83-thread-1] INFO  metrics.RatisMetrics (RatisMetrics.java:lambda$create$0(39)) - Creating Metrics Registry : ratis.server.bc663c50-48a7-4374-8289-b8b0f40d041c@group-18EE7DA58159
2020-05-12 08:29:29,568 [pool-83-thread-1] INFO  impl.RaftServerImpl (RaftServerImpl.java:start(184)) - bc663c50-48a7-4374-8289-b8b0f40d041c@group-18EE7DA58159: start as a follower, conf=-1: [bc663c50-48a7-4374-8289-b8b0f40d041c:172.17.0.2:45491], old=null
2020-05-12 08:29:29,568 [pool-83-thread-1] INFO  impl.RaftServerImpl (RaftServerImpl.java:setRole(173)) - bc663c50-48a7-4374-8289-b8b0f40d041c@group-18EE7DA58159: changes role from      null to FOLLOWER at term 0 for startAsFollower
2020-05-12 08:29:29,568 [pool-35-thread-1] INFO  server.RaftServerConfigKeys (ConfUtils.java:logGet(44)) - raft.server.snapshot.auto.trigger.threshold = 10000 (custom)
2020-05-12 08:29:29,568 [pool-35-thread-1] INFO  server.RaftServerConfigKeys (ConfUtils.java:logGet(44)) - raft.server.snapshot.retention.file.num = 5 (custom)
2020-05-12 08:29:29,568 [pool-35-thread-1] INFO  server.RaftServerConfigKeys (ConfUtils.java:logGet(44)) - raft.server.log.purge.upto.snapshot.index = false (default)
2020-05-12 08:29:29,570 [pool-35-thread-1] INFO  server.RaftServerConfigKeys (ConfUtils.java:logGet(44)) - raft.server.retrycache.expirytime = 600000ms (custom)
2020-05-12 08:29:29,575 [pool-51-thread-1] INFO  impl.RoleInfo (RoleInfo.java:updateAndGet(143)) - 38d4cb02-2600-4c93-a46f-8bf8528a5cd0: start FollowerState
2020-05-12 08:29:29,575 [pool-35-thread-1] INFO  metrics.RatisMetrics (RatisMetrics.java:lambda$create$0(39)) - Creating Metrics Registry : ratis.leader_election.09a694a0-7314-423b-9f88-effda2c9bec5@group-BEB44CEA78A5
2020-05-12 08:29:29,575 [pool-67-thread-1] INFO  server.RaftServerConfigKeys (ConfUtils.java:logGet(44)) - raft.server.snapshot.auto.trigger.enabled = true (custom)
2020-05-12 08:29:29,575 [pool-67-thread-1] INFO  server.RaftServerConfigKeys (ConfUtils.java:logGet(44)) - raft.server.snapshot.auto.trigger.threshold = 10000 (custom)
2020-05-12 08:29:29,575 [pool-67-thread-1] INFO  server.RaftServerConfigKeys (ConfUtils.java:logGet(44)) - raft.server.snapshot.retention.file.num = 5 (custom)
2020-05-12 08:29:29,576 [pool-51-thread-1] INFO  util.JmxRegister (JmxRegister.java:tryRegister(44)) - Successfully registered JMX Bean with object name Ratis:service=RaftServer,group=group-BEB44CEA78A5,id=38d4cb02-2600-4c93-a46f-8bf8528a5cd0
2020-05-12 08:29:29,576 [pool-51-thread-1] INFO  metrics.RatisMetrics (RatisMetrics.java:lambda$create$0(39)) - Creating Metrics Registry : ratis.state_machine.38d4cb02-2600-4c93-a46f-8bf8528a5cd0@group-BEB44CEA78A5
2020-05-12 08:29:29,578 [pool-67-thread-1] INFO  server.RaftServerConfigKeys (ConfUtils.java:logGet(44)) - raft.server.log.purge.upto.snapshot.index = false (default)
2020-05-12 08:29:29,578 [pool-35-thread-1] INFO  metrics.RatisMetrics (RatisMetrics.java:lambda$create$0(39)) - Creating Metrics Registry : ratis.server.09a694a0-7314-423b-9f88-effda2c9bec5@group-BEB44CEA78A5
2020-05-12 08:29:29,578 [Command processor thread] INFO  impl.RaftServerProxy (RaftServerProxy.java:addNew(89)) - e58da56f-e7aa-4954-9d68-22abafeee072: addNew group-000C7C96B23F:[e58da56f-e7aa-4954-9d68-22abafeee072:172.17.0.2:43699] returns group-000C7C96B23F:java.util.concurrent.CompletableFuture@357c20a4[Not completed]
2020-05-12 08:29:29,578 [pool-83-thread-1] INFO  impl.RoleInfo (RoleInfo.java:updateAndGet(143)) - bc663c50-48a7-4374-8289-b8b0f40d041c: start FollowerState
2020-05-12 08:29:29,578 [pool-67-thread-1] INFO  server.RaftServerConfigKeys (ConfUtils.java:logGet(44)) - raft.server.retrycache.expirytime = 600000ms (custom)
2020-05-12 08:29:29,579 [pool-83-thread-1] INFO  util.JmxRegister (JmxRegister.java:tryRegister(44)) - Successfully registered JMX Bean with object name Ratis:service=RaftServer,group=group-18EE7DA58159,id=bc663c50-48a7-4374-8289-b8b0f40d041c
2020-05-12 08:29:29,579 [pool-83-thread-1] INFO  metrics.RatisMetrics (RatisMetrics.java:lambda$create$0(39)) - Creating Metrics Registry : ratis.state_machine.bc663c50-48a7-4374-8289-b8b0f40d041c@group-18EE7DA58159
2020-05-12 08:29:29,580 [Command processor thread] INFO  commandhandler.CreatePipelineCommandHandler (CreatePipelineCommandHandler.java:handle(109)) - Created Pipeline RATIS ONE #id: "012c9ede-30fd-4340-a90d-18ee7da58159"
.
2020-05-12 08:29:29,586 [pool-67-thread-1] INFO  metrics.RatisMetrics (RatisMetrics.java:lambda$create$0(39)) - Creating Metrics Registry : ratis.leader_election.941dac77-9066-42cd-9c41-366eb2366cc5@group-BEB44CEA78A5
2020-05-12 08:29:29,587 [pool-67-thread-1] INFO  metrics.RatisMetrics (RatisMetrics.java:lambda$create$0(39)) - Creating Metrics Registry : ratis.server.941dac77-9066-42cd-9c41-366eb2366cc5@group-BEB44CEA78A5
2020-05-12 08:29:29,589 [pool-67-thread-1] INFO  impl.RaftServerImpl (RaftServerImpl.java:start(184)) - 941dac77-9066-42cd-9c41-366eb2366cc5@group-BEB44CEA78A5: start as a follower, conf=-1: [09a694a0-7314-423b-9f88-effda2c9bec5:172.17.0.2:32913, 38d4cb02-2600-4c93-a46f-8bf8528a5cd0:172.17.0.2:43713, 941dac77-9066-42cd-9c41-366eb2366cc5:172.17.0.2:39395], old=null
2020-05-12 08:29:29,589 [pool-67-thread-1] INFO  impl.RaftServerImpl (RaftServerImpl.java:setRole(173)) - 941dac77-9066-42cd-9c41-366eb2366cc5@group-BEB44CEA78A5: changes role from      null to FOLLOWER at term 0 for startAsFollower
2020-05-12 08:29:29,589 [pool-67-thread-1] INFO  impl.RoleInfo (RoleInfo.java:updateAndGet(143)) - 941dac77-9066-42cd-9c41-366eb2366cc5: start FollowerState
2020-05-12 08:29:29,591 [pool-35-thread-1] INFO  impl.RaftServerImpl (RaftServerImpl.java:start(184)) - 09a694a0-7314-423b-9f88-effda2c9bec5@group-BEB44CEA78A5: start as a follower, conf=-1: [09a694a0-7314-423b-9f88-effda2c9bec5:172.17.0.2:32913, 38d4cb02-2600-4c93-a46f-8bf8528a5cd0:172.17.0.2:43713, 941dac77-9066-42cd-9c41-366eb2366cc5:172.17.0.2:39395], old=null
2020-05-12 08:29:29,591 [pool-35-thread-1] INFO  impl.RaftServerImpl (RaftServerImpl.java:setRole(173)) - 09a694a0-7314-423b-9f88-effda2c9bec5@group-BEB44CEA78A5: changes role from      null to FOLLOWER at term 0 for startAsFollower
2020-05-12 08:29:29,595 [pool-99-thread-1] INFO  impl.RaftServerImpl (RaftServerImpl.java:<init>(98)) - e58da56f-e7aa-4954-9d68-22abafeee072: new RaftServerImpl for group-000C7C96B23F:[e58da56f-e7aa-4954-9d68-22abafeee072:172.17.0.2:43699] with ContainerStateMachine:uninitialized
2020-05-12 08:29:29,595 [pool-99-thread-1] INFO  server.RaftServerConfigKeys (ConfUtils.java:logGet(44)) - raft.server.rpc.timeout.min = 5s (custom)
2020-05-12 08:29:29,596 [pool-99-thread-1] INFO  server.RaftServerConfigKeys (ConfUtils.java:logGet(44)) - raft.server.rpc.timeout.max = 5200ms (custom)
2020-05-12 08:29:29,596 [pool-99-thread-1] INFO  server.RaftServerConfigKeys (ConfUtils.java:logGet(44)) - raft.server.rpcslowness.timeout = 300s (custom)
2020-05-12 08:29:29,596 [pool-99-thread-1] INFO  server.RaftServerConfigKeys (ConfUtils.java:logGet(44)) - raft.server.sleep.deviation.threshold = 300 (default)
2020-05-12 08:29:29,596 [pool-99-thread-1] INFO  server.RaftServerConfigKeys (ConfUtils.java:logGet(44)) - raft.server.log.appender.install.snapshot.enabled = false (custom)
2020-05-12 08:29:29,596 [pool-99-thread-1] INFO  impl.RaftServerImpl (ServerState.java:<init>(103)) - e58da56f-e7aa-4954-9d68-22abafeee072@group-000C7C96B23F: ConfigurationManager, init=-1: [e58da56f-e7aa-4954-9d68-22abafeee072:172.17.0.2:43699], old=null, confs=<EMPTY_MAP>
2020-05-12 08:29:29,596 [pool-99-thread-1] INFO  server.RaftServerConfigKeys (ConfUtils.java:logGet(44)) - raft.server.storage.dir = [/github/workspace/mnt/ozone/hadoop-ozone/integration-test/target/test-dir/MiniOzoneClusterImpl-b9f4991b-e4de-40e3-b3af-34f99860be45/datanode-4/data/ratis] (custom)
2020-05-12 08:29:29,596 [pool-99-thread-1] INFO  server.RaftServerConfigKeys (ConfUtils.java:logGet(44)) - raft.server.log.corruption.policy = EXCEPTION (default)
2020-05-12 08:29:29,597 [pool-99-thread-1] INFO  storage.RaftStorageDirectory (RaftStorageDirectory.java:analyzeStorage(261)) - The storage directory /github/workspace/mnt/ozone/hadoop-ozone/integration-test/target/test-dir/MiniOzoneClusterImpl-b9f4991b-e4de-40e3-b3af-34f99860be45/datanode-4/data/ratis/012103f0-9f12-4382-b2da-000c7c96b23f does not exist. Creating ...
2020-05-12 08:29:29,598 [pool-99-thread-1] INFO  storage.RaftStorageDirectory (RaftStorageDirectory.java:tryLock(343)) - Lock on /github/workspace/mnt/ozone/hadoop-ozone/integration-test/target/test-dir/MiniOzoneClusterImpl-b9f4991b-e4de-40e3-b3af-34f99860be45/datanode-4/data/ratis/012103f0-9f12-4382-b2da-000c7c96b23f/in_use.lock acquired by nodename 6349@cda64759c3a5
2020-05-12 08:29:29,599 [pool-99-thread-1] INFO  storage.RaftStorage (RaftStorage.java:format(84)) - Storage directory /github/workspace/mnt/ozone/hadoop-ozone/integration-test/target/test-dir/MiniOzoneClusterImpl-b9f4991b-e4de-40e3-b3af-34f99860be45/datanode-4/data/ratis/012103f0-9f12-4382-b2da-000c7c96b23f has been successfully formatted.
2020-05-12 08:29:29,609 [Command processor thread] INFO  impl.RaftServerProxy (RaftServerProxy.java:addNew(89)) - bc663c50-48a7-4374-8289-b8b0f40d041c: addNew group-99DF7A9AA550:[e58da56f-e7aa-4954-9d68-22abafeee072:172.17.0.2:43699, 98600e06-a104-49b0-9863-92305f30dbaf:172.17.0.2:33321, bc663c50-48a7-4374-8289-b8b0f40d041c:172.17.0.2:45491] returns group-99DF7A9AA550:java.util.concurrent.CompletableFuture@5a35ae82[Not completed]
2020-05-12 08:29:29,609 [pool-67-thread-1] INFO  util.JmxRegister (JmxRegister.java:tryRegister(44)) - Successfully registered JMX Bean with object name Ratis:service=RaftServer,group=group-BEB44CEA78A5,id=941dac77-9066-42cd-9c41-366eb2366cc5
2020-05-12 08:29:29,610 [pool-67-thread-1] INFO  metrics.RatisMetrics (RatisMetrics.java:lambda$create$0(39)) - Creating Metrics Registry : ratis.state_machine.941dac77-9066-42cd-9c41-366eb2366cc5@group-BEB44CEA78A5
2020-05-12 08:29:29,610 [pool-35-thread-1] INFO  impl.RoleInfo (RoleInfo.java:updateAndGet(143)) - 09a694a0-7314-423b-9f88-effda2c9bec5: start FollowerState
2020-05-12 08:29:29,615 [pool-83-thread-1] INFO  impl.RaftServerImpl (RaftServerImpl.java:<init>(98)) - bc663c50-48a7-4374-8289-b8b0f40d041c: new RaftServerImpl for group-99DF7A9AA550:[e58da56f-e7aa-4954-9d68-22abafeee072:172.17.0.2:43699, 98600e06-a104-49b0-9863-92305f30dbaf:172.17.0.2:33321, bc663c50-48a7-4374-8289-b8b0f40d041c:172.17.0.2:45491] with ContainerStateMachine:uninitialized
2020-05-12 08:29:29,615 [pool-83-thread-1] INFO  server.RaftServerConfigKeys (ConfUtils.java:logGet(44)) - raft.server.rpc.timeout.min = 5s (custom)
2020-05-12 08:29:29,615 [pool-83-thread-1] INFO  server.RaftServerConfigKeys (ConfUtils.java:logGet(44)) - raft.server.rpc.timeout.max = 5200ms (custom)
2020-05-12 08:29:29,616 [pool-83-thread-1] INFO  server.RaftServerConfigKeys (ConfUtils.java:logGet(44)) - raft.server.rpcslowness.timeout = 300s (custom)
2020-05-12 08:29:29,616 [pool-83-thread-1] INFO  server.RaftServerConfigKeys (ConfUtils.java:logGet(44)) - raft.server.sleep.deviation.threshold = 300 (default)
2020-05-12 08:29:29,616 [pool-83-thread-1] INFO  server.RaftServerConfigKeys (ConfUtils.java:logGet(44)) - raft.server.log.appender.install.snapshot.enabled = false (custom)
2020-05-12 08:29:29,616 [pool-83-thread-1] INFO  impl.RaftServerImpl (ServerState.java:<init>(103)) - bc663c50-48a7-4374-8289-b8b0f40d041c@group-99DF7A9AA550: ConfigurationManager, init=-1: [e58da56f-e7aa-4954-9d68-22abafeee072:172.17.0.2:43699, 98600e06-a104-49b0-9863-92305f30dbaf:172.17.0.2:33321, bc663c50-48a7-4374-8289-b8b0f40d041c:172.17.0.2:45491], old=null, confs=<EMPTY_MAP>
2020-05-12 08:29:29,616 [pool-83-thread-1] INFO  server.RaftServerConfigKeys (ConfUtils.java:logGet(44)) - raft.server.storage.dir = [/github/workspace/mnt/ozone/hadoop-ozone/integration-test/target/test-dir/MiniOzoneClusterImpl-b9f4991b-e4de-40e3-b3af-34f99860be45/datanode-3/data/ratis] (custom)
2020-05-12 08:29:29,616 [pool-83-thread-1] INFO  server.RaftServerConfigKeys (ConfUtils.java:logGet(44)) - raft.server.log.corruption.policy = EXCEPTION (default)
2020-05-12 08:29:29,616 [pool-83-thread-1] INFO  storage.RaftStorageDirectory (RaftStorageDirectory.java:analyzeStorage(261)) - The storage directory /github/workspace/mnt/ozone/hadoop-ozone/integration-test/target/test-dir/MiniOzoneClusterImpl-b9f4991b-e4de-40e3-b3af-34f99860be45/datanode-3/data/ratis/f64e6500-462f-4c9a-880c-99df7a9aa550 does not exist. Creating ...
2020-05-12 08:29:29,623 [pool-83-thread-1] INFO  storage.RaftStorageDirectory (RaftStorageDirectory.java:tryLock(343)) - Lock on /github/workspace/mnt/ozone/hadoop-ozone/integration-test/target/test-dir/MiniOzoneClusterImpl-b9f4991b-e4de-40e3-b3af-34f99860be45/datanode-3/data/ratis/f64e6500-462f-4c9a-880c-99df7a9aa550/in_use.lock acquired by nodename 6349@cda64759c3a5
2020-05-12 08:29:29,624 [pool-99-thread-1] INFO  ratis.ContainerStateMachine (ContainerStateMachine.java:loadSnapshot(226)) - group-000C7C96B23F: The snapshot info is null. Setting the last applied indexto:(t:0, i:~)
2020-05-12 08:29:29,624 [pool-99-thread-1] INFO  server.RaftServerConfigKeys (ConfUtils.java:logGet(44)) - raft.server.notification.no-leader.timeout = 60s (default)
2020-05-12 08:29:29,624 [pool-99-thread-1] INFO  server.RaftServerConfigKeys (ConfUtils.java:logGet(44)) - raft.server.log.use.memory = false (default)
2020-05-12 08:29:29,624 [pool-83-thread-1] INFO  storage.RaftStorage (RaftStorage.java:format(84)) - Storage directory /github/workspace/mnt/ozone/hadoop-ozone/integration-test/target/test-dir/MiniOzoneClusterImpl-b9f4991b-e4de-40e3-b3af-34f99860be45/datanode-3/data/ratis/f64e6500-462f-4c9a-880c-99df7a9aa550 has been successfully formatted.
2020-05-12 08:29:29,624 [pool-99-thread-1] INFO  server.RaftServerConfigKeys (ConfUtils.java:logGet(44)) - raft.server.log.purge.gap = 1000000 (custom)
2020-05-12 08:29:29,624 [pool-99-thread-1] INFO  server.RaftServerConfigKeys (ConfUtils.java:logGet(44)) - raft.server.log.appender.buffer.byte-limit = 33554432 (custom)
2020-05-12 08:29:29,624 [pool-99-thread-1] INFO  server.RaftServerConfigKeys (ConfUtils.java:logGet(44)) - raft.server.log.segment.size.max = 1048576 (custom)
2020-05-12 08:29:29,625 [pool-99-thread-1] INFO  metrics.RatisMetrics (RatisMetrics.java:lambda$create$0(39)) - Creating Metrics Registry : ratis.log_worker.e58da56f-e7aa-4954-9d68-22abafeee072
2020-05-12 08:29:29,625 [pool-99-thread-1] INFO  server.RaftServerConfigKeys (ConfUtils.java:logGet(44)) - raft.server.log.segment.cache.num.max = 2 (custom)
2020-05-12 08:29:29,625 [pool-99-thread-1] INFO  segmented.SegmentedRaftLogWorker (SegmentedRaftLogWorker.java:<init>(176)) - new e58da56f-e7aa-4954-9d68-22abafeee072@group-000C7C96B23F-SegmentedRaftLogWorker for RaftStorage:Storage Directory /github/workspace/mnt/ozone/hadoop-ozone/integration-test/target/test-dir/MiniOzoneClusterImpl-b9f4991b-e4de-40e3-b3af-34f99860be45/datanode-4/data/ratis/012103f0-9f12-4382-b2da-000c7c96b23f
2020-05-12 08:29:29,625 [pool-99-thread-1] INFO  server.RaftServerConfigKeys (ConfUtils.java:logGet(44)) - raft.server.log.queue.byte-limit = 2147483647 (custom)
2020-05-12 08:29:29,625 [pool-99-thread-1] INFO  server.RaftServerConfigKeys (ConfUtils.java:logGet(44)) - raft.server.log.queue.element-limit = 1024 (custom)
2020-05-12 08:29:29,625 [pool-99-thread-1] INFO  server.RaftServerConfigKeys (ConfUtils.java:logGet(44)) - raft.server.log.segment.size.max = 1048576 (custom)
2020-05-12 08:29:29,625 [pool-99-thread-1] INFO  server.RaftServerConfigKeys (ConfUtils.java:logGet(44)) - raft.server.log.preallocated.size = 16384 (custom)
2020-05-12 08:29:29,625 [pool-99-thread-1] INFO  server.RaftServerConfigKeys (ConfUtils.java:logGet(44)) - raft.server.log.write.buffer.size = 1048576 (custom)
2020-05-12 08:29:29,625 [pool-99-thread-1] INFO  server.RaftServerConfigKeys (ConfUtils.java:logGet(44)) - raft.server.log.force.sync.num = 128 (default)
2020-05-12 08:29:29,624 [pool-83-thread-1] INFO  ratis.ContainerStateMachine (ContainerStateMachine.java:loadSnapshot(226)) - group-99DF7A9AA550: The snapshot info is null. Setting the last applied indexto:(t:0, i:~)
2020-05-12 08:29:29,626 [pool-83-thread-1] INFO  server.RaftServerConfigKeys (ConfUtils.java:logGet(44)) - raft.server.notification.no-leader.timeout = 60s (default)
2020-05-12 08:29:29,626 [pool-83-thread-1] INFO  server.RaftServerConfigKeys (ConfUtils.java:logGet(44)) - raft.server.log.use.memory = false (default)
2020-05-12 08:29:29,626 [pool-83-thread-1] INFO  server.RaftServerConfigKeys (ConfUtils.java:logGet(44)) - raft.server.log.purge.gap = 1000000 (custom)
2020-05-12 08:29:29,626 [pool-83-thread-1] INFO  server.RaftServerConfigKeys (ConfUtils.java:logGet(44)) - raft.server.log.appender.buffer.byte-limit = 33554432 (custom)
2020-05-12 08:29:29,626 [pool-83-thread-1] INFO  server.RaftServerConfigKeys (ConfUtils.java:logGet(44)) - raft.server.log.segment.size.max = 1048576 (custom)
2020-05-12 08:29:29,626 [pool-83-thread-1] INFO  server.RaftServerConfigKeys (ConfUtils.java:logGet(44)) - raft.server.log.segment.cache.num.max = 2 (custom)
2020-05-12 08:29:29,627 [pool-83-thread-1] INFO  segmented.SegmentedRaftLogWorker (SegmentedRaftLogWorker.java:<init>(176)) - new bc663c50-48a7-4374-8289-b8b0f40d041c@group-99DF7A9AA550-SegmentedRaftLogWorker for RaftStorage:Storage Directory /github/workspace/mnt/ozone/hadoop-ozone/integration-test/target/test-dir/MiniOzoneClusterImpl-b9f4991b-e4de-40e3-b3af-34f99860be45/datanode-3/data/ratis/f64e6500-462f-4c9a-880c-99df7a9aa550
2020-05-12 08:29:29,627 [pool-83-thread-1] INFO  server.RaftServerConfigKeys (ConfUtils.java:logGet(44)) - raft.server.log.queue.byte-limit = 2147483647 (custom)
2020-05-12 08:29:29,627 [pool-83-thread-1] INFO  server.RaftServerConfigKeys (ConfUtils.java:logGet(44)) - raft.server.log.queue.element-limit = 1024 (custom)
2020-05-12 08:29:29,627 [pool-83-thread-1] INFO  server.RaftServerConfigKeys (ConfUtils.java:logGet(44)) - raft.server.log.segment.size.max = 1048576 (custom)
2020-05-12 08:29:29,627 [pool-83-thread-1] INFO  server.RaftServerConfigKeys (ConfUtils.java:logGet(44)) - raft.server.log.preallocated.size = 16384 (custom)
2020-05-12 08:29:29,627 [pool-83-thread-1] INFO  server.RaftServerConfigKeys (ConfUtils.java:logGet(44)) - raft.server.log.write.buffer.size = 1048576 (custom)
2020-05-12 08:29:29,627 [pool-83-thread-1] INFO  server.RaftServerConfigKeys (ConfUtils.java:logGet(44)) - raft.server.log.force.sync.num = 128 (default)
2020-05-12 08:29:29,627 [pool-83-thread-1] INFO  server.RaftServerConfigKeys (ConfUtils.java:logGet(44)) - raft.server.log.statemachine.data.sync = true (default)
2020-05-12 08:29:29,627 [pool-83-thread-1] INFO  server.RaftServerConfigKeys (ConfUtils.java:logGet(44)) - raft.server.log.statemachine.data.sync.timeout = 10s (default)
2020-05-12 08:29:29,627 [pool-83-thread-1] INFO  server.RaftServerConfigKeys (ConfUtils.java:logGet(44)) - raft.server.log.statemachine.data.sync.timeout.retry = -1 (default)
2020-05-12 08:29:29,627 [pool-35-thread-1] INFO  util.JmxRegister (JmxRegister.java:tryRegister(44)) - Successfully registered JMX Bean with object name Ratis:service=RaftServer,group=group-BEB44CEA78A5,id=09a694a0-7314-423b-9f88-effda2c9bec5
2020-05-12 08:29:29,627 [pool-35-thread-1] INFO  metrics.RatisMetrics (RatisMetrics.java:lambda$create$0(39)) - Creating Metrics Registry : ratis.state_machine.09a694a0-7314-423b-9f88-effda2c9bec5@group-BEB44CEA78A5
2020-05-12 08:29:29,628 [pool-99-thread-1] INFO  server.RaftServerConfigKeys (ConfUtils.java:logGet(44)) - raft.server.log.statemachine.data.sync = true (default)
2020-05-12 08:29:29,629 [pool-99-thread-1] INFO  server.RaftServerConfigKeys (ConfUtils.java:logGet(44)) - raft.server.log.statemachine.data.sync.timeout = 10s (default)
2020-05-12 08:29:29,629 [pool-99-thread-1] INFO  server.RaftServerConfigKeys (ConfUtils.java:logGet(44)) - raft.server.log.statemachine.data.sync.timeout.retry = -1 (default)
2020-05-12 08:29:29,629 [pool-83-thread-1] INFO  server.RaftServerConfigKeys (ConfUtils.java:logGet(44)) - raft.server.log.statemachine.data.caching.enabled = true (custom)
2020-05-12 08:29:29,629 [EventQueue-PipelineReportForPipelineReportHandler] INFO  pipeline.PipelineStateManager (PipelineStateManager.java:openPipeline(131)) - Pipeline Pipeline[ Id: 012103f0-9f12-4382-b2da-000c7c96b23f, Nodes: e58da56f-e7aa-4954-9d68-22abafeee072{ip: 172.17.0.2, host: cda64759c3a5, networkLocation: /default-rack, certSerialId: null}, Type:RATIS, Factor:ONE, State:ALLOCATED, leaderId:e58da56f-e7aa-4954-9d68-22abafeee072, CreationTimestamp2020-05-12T08:29:26.576Z] moved to OPEN state
2020-05-12 08:29:29,629 [EventQueue-OpenPipelineForOneReplicaPipelineSafeModeRule] INFO  safemode.SCMSafeModeManager (SCMSafeModeManager.java:validateSafeModeExitRules(213)) - AtleastOneDatanodeReportedRule rule is successfully validated
2020-05-12 08:29:29,629 [EventQueue-OpenPipelineForHealthyPipelineSafeModeRule] INFO  safemode.SCMSafeModeManager (HealthyPipelineSafeModeRule.java:process(132)) - SCM in safe mode. Healthy pipelines reported count is 0, required healthy pipeline reported count is 1
2020-05-12 08:29:29,629 [pool-83-thread-1] INFO  segmented.SegmentedRaftLogWorker (SegmentedRaftLogWorker.java:lambda$new$0(129)) - bc663c50-48a7-4374-8289-b8b0f40d041c@group-99DF7A9AA550-SegmentedRaftLogWorker: flushIndex: setUnconditionally 0 -> -1
2020-05-12 08:29:29,638 [pool-83-thread-1] INFO  server.RaftServerConfigKeys (ConfUtils.java:logGet(44)) - raft.server.snapshot.auto.trigger.enabled = true (custom)
2020-05-12 08:29:29,646 [pool-83-thread-1] INFO  server.RaftServerConfigKeys (ConfUtils.java:logGet(44)) - raft.server.snapshot.auto.trigger.threshold = 10000 (custom)
2020-05-12 08:29:29,646 [pool-83-thread-1] INFO  server.RaftServerConfigKeys (ConfUtils.java:logGet(44)) - raft.server.snapshot.retention.file.num = 5 (custom)
2020-05-12 08:29:29,646 [pool-83-thread-1] INFO  server.RaftServerConfigKeys (ConfUtils.java:logGet(44)) - raft.server.log.purge.upto.snapshot.index = false (default)
2020-05-12 08:29:29,646 [pool-83-thread-1] INFO  server.RaftServerConfigKeys (ConfUtils.java:logGet(44)) - raft.server.retrycache.expirytime = 600000ms (custom)
2020-05-12 08:29:29,646 [pool-83-thread-1] INFO  metrics.RatisMetrics (RatisMetrics.java:lambda$create$0(39)) - Creating Metrics Registry : ratis.leader_election.bc663c50-48a7-4374-8289-b8b0f40d041c@group-99DF7A9AA550
2020-05-12 08:29:29,648 [pool-99-thread-1] INFO  server.RaftServerConfigKeys (ConfUtils.java:logGet(44)) - raft.server.log.statemachine.data.caching.enabled = true (custom)
2020-05-12 08:29:29,648 [pool-99-thread-1] INFO  segmented.SegmentedRaftLogWorker (SegmentedRaftLogWorker.java:lambda$new$0(129)) - e58da56f-e7aa-4954-9d68-22abafeee072@group-000C7C96B23F-SegmentedRaftLogWorker: flushIndex: setUnconditionally 0 -> -1
2020-05-12 08:29:29,648 [pool-99-thread-1] INFO  server.RaftServerConfigKeys (ConfUtils.java:logGet(44)) - raft.server.snapshot.auto.trigger.enabled = true (custom)
2020-05-12 08:29:29,649 [pool-99-thread-1] INFO  server.RaftServerConfigKeys (ConfUtils.java:logGet(44)) - raft.server.snapshot.auto.trigger.threshold = 10000 (custom)
2020-05-12 08:29:29,649 [pool-99-thread-1] INFO  server.RaftServerConfigKeys (ConfUtils.java:logGet(44)) - raft.server.snapshot.retention.file.num = 5 (custom)
2020-05-12 08:29:29,649 [pool-83-thread-1] INFO  metrics.RatisMetrics (RatisMetrics.java:lambda$create$0(39)) - Creating Metrics Registry : ratis.server.bc663c50-48a7-4374-8289-b8b0f40d041c@group-99DF7A9AA550
2020-05-12 08:29:29,650 [pool-83-thread-1] INFO  impl.RaftServerImpl (RaftServerImpl.java:start(184)) - bc663c50-48a7-4374-8289-b8b0f40d041c@group-99DF7A9AA550: start as a follower, conf=-1: [e58da56f-e7aa-4954-9d68-22abafeee072:172.17.0.2:43699, 98600e06-a104-49b0-9863-92305f30dbaf:172.17.0.2:33321, bc663c50-48a7-4374-8289-b8b0f40d041c:172.17.0.2:45491], old=null
2020-05-12 08:29:29,651 [pool-83-thread-1] INFO  impl.RaftServerImpl (RaftServerImpl.java:setRole(173)) - bc663c50-48a7-4374-8289-b8b0f40d041c@group-99DF7A9AA550: changes role from      null to FOLLOWER at term 0 for startAsFollower
2020-05-12 08:29:29,651 [pool-83-thread-1] INFO  impl.RoleInfo (RoleInfo.java:updateAndGet(143)) - bc663c50-48a7-4374-8289-b8b0f40d041c: start FollowerState
2020-05-12 08:29:29,651 [pool-99-thread-1] INFO  server.RaftServerConfigKeys (ConfUtils.java:logGet(44)) - raft.server.log.purge.upto.snapshot.index = false (default)
2020-05-12 08:29:29,679 [pool-99-thread-1] INFO  server.RaftServerConfigKeys (ConfUtils.java:logGet(44)) - raft.server.retrycache.expirytime = 600000ms (custom)
2020-05-12 08:29:29,679 [pool-99-thread-1] INFO  metrics.RatisMetrics (RatisMetrics.java:lambda$create$0(39)) - Creating Metrics Registry : ratis.leader_election.e58da56f-e7aa-4954-9d68-22abafeee072@group-000C7C96B23F
2020-05-12 08:29:29,680 [pool-99-thread-1] INFO  metrics.RatisMetrics (RatisMetrics.java:lambda$create$0(39)) - Creating Metrics Registry : ratis.server.e58da56f-e7aa-4954-9d68-22abafeee072@group-000C7C96B23F
2020-05-12 08:29:29,681 [pool-99-thread-1] INFO  impl.RaftServerImpl (RaftServerImpl.java:start(184)) - e58da56f-e7aa-4954-9d68-22abafeee072@group-000C7C96B23F: start as a follower, conf=-1: [e58da56f-e7aa-4954-9d68-22abafeee072:172.17.0.2:43699], old=null
2020-05-12 08:29:29,682 [pool-99-thread-1] INFO  impl.RaftServerImpl (RaftServerImpl.java:setRole(173)) - e58da56f-e7aa-4954-9d68-22abafeee072@group-000C7C96B23F: changes role from      null to FOLLOWER at term 0 for startAsFollower
2020-05-12 08:29:29,682 [pool-99-thread-1] INFO  impl.RoleInfo (RoleInfo.java:updateAndGet(143)) - e58da56f-e7aa-4954-9d68-22abafeee072: start FollowerState
2020-05-12 08:29:29,682 [pool-99-thread-1] INFO  util.JmxRegister (JmxRegister.java:tryRegister(44)) - Successfully registered JMX Bean with object name Ratis:service=RaftServer,group=group-000C7C96B23F,id=e58da56f-e7aa-4954-9d68-22abafeee072
2020-05-12 08:29:29,682 [pool-99-thread-1] INFO  metrics.RatisMetrics (RatisMetrics.java:lambda$create$0(39)) - Creating Metrics Registry : ratis.state_machine.e58da56f-e7aa-4954-9d68-22abafeee072@group-000C7C96B23F
2020-05-12 08:29:29,682 [pool-83-thread-1] INFO  util.JmxRegister (JmxRegister.java:tryRegister(44)) - Successfully registered JMX Bean with object name Ratis:service=RaftServer,group=group-99DF7A9AA550,id=bc663c50-48a7-4374-8289-b8b0f40d041c
2020-05-12 08:29:29,683 [pool-83-thread-1] INFO  metrics.RatisMetrics (RatisMetrics.java:lambda$create$0(39)) - Creating Metrics Registry : ratis.state_machine.bc663c50-48a7-4374-8289-b8b0f40d041c@group-99DF7A9AA550
2020-05-12 08:29:29,684 [Command processor thread] INFO  impl.RaftServerProxy (RaftServerProxy.java:addNew(89)) - 98600e06-a104-49b0-9863-92305f30dbaf: addNew group-967DBEFA06FF:[98600e06-a104-49b0-9863-92305f30dbaf:172.17.0.2:33321] returns group-967DBEFA06FF:java.util.concurrent.CompletableFuture@66a5fe8b[Not completed]
2020-05-12 08:29:29,694 [pool-115-thread-1] INFO  impl.RaftServerImpl (RaftServerImpl.java:<init>(98)) - 98600e06-a104-49b0-9863-92305f30dbaf: new RaftServerImpl for group-967DBEFA06FF:[98600e06-a104-49b0-9863-92305f30dbaf:172.17.0.2:33321] with ContainerStateMachine:uninitialized
2020-05-12 08:29:29,695 [pool-115-thread-1] INFO  server.RaftServerConfigKeys (ConfUtils.java:logGet(44)) - raft.server.rpc.timeout.min = 5s (custom)
2020-05-12 08:29:29,695 [pool-115-thread-1] INFO  server.RaftServerConfigKeys (ConfUtils.java:logGet(44)) - raft.server.rpc.timeout.max = 5200ms (custom)
2020-05-12 08:29:29,695 [pool-115-thread-1] INFO  server.RaftServerConfigKeys (ConfUtils.java:logGet(44)) - raft.server.rpcslowness.timeout = 300s (custom)
2020-05-12 08:29:29,695 [pool-115-thread-1] INFO  server.RaftServerConfigKeys (ConfUtils.java:logGet(44)) - raft.server.sleep.deviation.threshold = 300 (default)
2020-05-12 08:29:29,695 [pool-115-thread-1] INFO  server.RaftServerConfigKeys (ConfUtils.java:logGet(44)) - raft.server.log.appender.install.snapshot.enabled = false (custom)
2020-05-12 08:29:29,695 [pool-115-thread-1] INFO  impl.RaftServerImpl (ServerState.java:<init>(103)) - 98600e06-a104-49b0-9863-92305f30dbaf@group-967DBEFA06FF: ConfigurationManager, init=-1: [98600e06-a104-49b0-9863-92305f30dbaf:172.17.0.2:33321], old=null, confs=<EMPTY_MAP>
2020-05-12 08:29:29,695 [pool-115-thread-1] INFO  server.RaftServerConfigKeys (ConfUtils.java:logGet(44)) - raft.server.storage.dir = [/github/workspace/mnt/ozone/hadoop-ozone/integration-test/target/test-dir/MiniOzoneClusterImpl-b9f4991b-e4de-40e3-b3af-34f99860be45/datanode-5/data/ratis] (custom)
2020-05-12 08:29:29,696 [pool-115-thread-1] INFO  server.RaftServerConfigKeys (ConfUtils.java:logGet(44)) - raft.server.log.corruption.policy = EXCEPTION (default)
2020-05-12 08:29:29,696 [pool-115-thread-1] INFO  storage.RaftStorageDirectory (RaftStorageDirectory.java:analyzeStorage(261)) - The storage directory /github/workspace/mnt/ozone/hadoop-ozone/integration-test/target/test-dir/MiniOzoneClusterImpl-b9f4991b-e4de-40e3-b3af-34f99860be45/datanode-5/data/ratis/9afea2e7-e293-4966-9ce5-967dbefa06ff does not exist. Creating ...
2020-05-12 08:29:29,712 [pool-115-thread-1] INFO  storage.RaftStorageDirectory (RaftStorageDirectory.java:tryLock(343)) - Lock on /github/workspace/mnt/ozone/hadoop-ozone/integration-test/target/test-dir/MiniOzoneClusterImpl-b9f4991b-e4de-40e3-b3af-34f99860be45/datanode-5/data/ratis/9afea2e7-e293-4966-9ce5-967dbefa06ff/in_use.lock acquired by nodename 6349@cda64759c3a5
2020-05-12 08:29:29,714 [Command processor thread] INFO  commandhandler.CreatePipelineCommandHandler (CreatePipelineCommandHandler.java:handle(109)) - Created Pipeline RATIS ONE #id: "012103f0-9f12-4382-b2da-000c7c96b23f"
.
2020-05-12 08:29:29,715 [Command processor thread] INFO  impl.RaftServerProxy (RaftServerProxy.java:addNew(89)) - e58da56f-e7aa-4954-9d68-22abafeee072: addNew group-99DF7A9AA550:[e58da56f-e7aa-4954-9d68-22abafeee072:172.17.0.2:43699, 98600e06-a104-49b0-9863-92305f30dbaf:172.17.0.2:33321, bc663c50-48a7-4374-8289-b8b0f40d041c:172.17.0.2:45491] returns group-99DF7A9AA550:java.util.concurrent.CompletableFuture@3143a2d3[Not completed]
2020-05-12 08:29:29,716 [pool-99-thread-1] INFO  impl.RaftServerImpl (RaftServerImpl.java:<init>(98)) - e58da56f-e7aa-4954-9d68-22abafeee072: new RaftServerImpl for group-99DF7A9AA550:[e58da56f-e7aa-4954-9d68-22abafeee072:172.17.0.2:43699, 98600e06-a104-49b0-9863-92305f30dbaf:172.17.0.2:33321, bc663c50-48a7-4374-8289-b8b0f40d041c:172.17.0.2:45491] with ContainerStateMachine:uninitialized
2020-05-12 08:29:29,717 [pool-99-thread-1] INFO  server.RaftServerConfigKeys (ConfUtils.java:logGet(44)) - raft.server.rpc.timeout.min = 5s (custom)
2020-05-12 08:29:29,717 [pool-99-thread-1] INFO  server.RaftServerConfigKeys (ConfUtils.java:logGet(44)) - raft.server.rpc.timeout.max = 5200ms (custom)
2020-05-12 08:29:29,717 [pool-99-thread-1] INFO  server.RaftServerConfigKeys (ConfUtils.java:logGet(44)) - raft.server.rpcslowness.timeout = 300s (custom)
2020-05-12 08:29:29,717 [pool-99-thread-1] INFO  server.RaftServerConfigKeys (ConfUtils.java:logGet(44)) - raft.server.sleep.deviation.threshold = 300 (default)
2020-05-12 08:29:29,717 [pool-99-thread-1] INFO  server.RaftServerConfigKeys (ConfUtils.java:logGet(44)) - raft.server.log.appender.install.snapshot.enabled = false (custom)
2020-05-12 08:29:29,717 [pool-99-thread-1] INFO  impl.RaftServerImpl (ServerState.java:<init>(103)) - e58da56f-e7aa-4954-9d68-22abafeee072@group-99DF7A9AA550: ConfigurationManager, init=-1: [e58da56f-e7aa-4954-9d68-22abafeee072:172.17.0.2:43699, 98600e06-a104-49b0-9863-92305f30dbaf:172.17.0.2:33321, bc663c50-48a7-4374-8289-b8b0f40d041c:172.17.0.2:45491], old=null, confs=<EMPTY_MAP>
2020-05-12 08:29:29,717 [pool-99-thread-1] INFO  server.RaftServerConfigKeys (ConfUtils.java:logGet(44)) - raft.server.storage.dir = [/github/workspace/mnt/ozone/hadoop-ozone/integration-test/target/test-dir/MiniOzoneClusterImpl-b9f4991b-e4de-40e3-b3af-34f99860be45/datanode-4/data/ratis] (custom)
2020-05-12 08:29:29,717 [pool-99-thread-1] INFO  server.RaftServerConfigKeys (ConfUtils.java:logGet(44)) - raft.server.log.corruption.policy = EXCEPTION (default)
2020-05-12 08:29:29,718 [pool-99-thread-1] INFO  storage.RaftStorageDirectory (RaftStorageDirectory.java:analyzeStorage(261)) - The storage directory /github/workspace/mnt/ozone/hadoop-ozone/integration-test/target/test-dir/MiniOzoneClusterImpl-b9f4991b-e4de-40e3-b3af-34f99860be45/datanode-4/data/ratis/f64e6500-462f-4c9a-880c-99df7a9aa550 does not exist. Creating ...
2020-05-12 08:29:29,718 [pool-115-thread-1] INFO  storage.RaftStorage (RaftStorage.java:format(84)) - Storage directory /github/workspace/mnt/ozone/hadoop-ozone/integration-test/target/test-dir/MiniOzoneClusterImpl-b9f4991b-e4de-40e3-b3af-34f99860be45/datanode-5/data/ratis/9afea2e7-e293-4966-9ce5-967dbefa06ff has been successfully formatted.
2020-05-12 08:29:29,719 [pool-99-thread-1] INFO  storage.RaftStorageDirectory (RaftStorageDirectory.java:tryLock(343)) - Lock on /github/workspace/mnt/ozone/hadoop-ozone/integration-test/target/test-dir/MiniOzoneClusterImpl-b9f4991b-e4de-40e3-b3af-34f99860be45/datanode-4/data/ratis/f64e6500-462f-4c9a-880c-99df7a9aa550/in_use.lock acquired by nodename 6349@cda64759c3a5
2020-05-12 08:29:29,721 [pool-115-thread-1] INFO  ratis.ContainerStateMachine (ContainerStateMachine.java:loadSnapshot(226)) - group-967DBEFA06FF: The snapshot info is null. Setting the last applied indexto:(t:0, i:~)
2020-05-12 08:29:29,721 [pool-99-thread-1] INFO  storage.RaftStorage (RaftStorage.java:format(84)) - Storage directory /github/workspace/mnt/ozone/hadoop-ozone/integration-test/target/test-dir/MiniOzoneClusterImpl-b9f4991b-e4de-40e3-b3af-34f99860be45/datanode-4/data/ratis/f64e6500-462f-4c9a-880c-99df7a9aa550 has been successfully formatted.
2020-05-12 08:29:29,722 [pool-99-thread-1] INFO  ratis.ContainerStateMachine (ContainerStateMachine.java:loadSnapshot(226)) - group-99DF7A9AA550: The snapshot info is null. Setting the last applied indexto:(t:0, i:~)
2020-05-12 08:29:29,722 [pool-115-thread-1] INFO  server.RaftServerConfigKeys (ConfUtils.java:logGet(44)) - raft.server.notification.no-leader.timeout = 60s (default)
2020-05-12 08:29:29,726 [pool-115-thread-1] INFO  server.RaftServerConfigKeys (ConfUtils.java:logGet(44)) - raft.server.log.use.memory = false (default)
2020-05-12 08:29:29,726 [pool-115-thread-1] INFO  server.RaftServerConfigKeys (ConfUtils.java:logGet(44)) - raft.server.log.purge.gap = 1000000 (custom)
2020-05-12 08:29:29,726 [pool-115-thread-1] INFO  server.RaftServerConfigKeys (ConfUtils.java:logGet(44)) - raft.server.log.appender.buffer.byte-limit = 33554432 (custom)
2020-05-12 08:29:29,726 [pool-115-thread-1] INFO  server.RaftServerConfigKeys (ConfUtils.java:logGet(44)) - raft.server.log.segment.size.max = 1048576 (custom)
2020-05-12 08:29:29,727 [pool-115-thread-1] INFO  metrics.RatisMetrics (RatisMetrics.java:lambda$create$0(39)) - Creating Metrics Registry : ratis.log_worker.98600e06-a104-49b0-9863-92305f30dbaf
2020-05-12 08:29:29,727 [pool-115-thread-1] INFO  server.RaftServerConfigKeys (ConfUtils.java:logGet(44)) - raft.server.log.segment.cache.num.max = 2 (custom)
2020-05-12 08:29:29,727 [pool-115-thread-1] INFO  segmented.SegmentedRaftLogWorker (SegmentedRaftLogWorker.java:<init>(176)) - new 98600e06-a104-49b0-9863-92305f30dbaf@group-967DBEFA06FF-SegmentedRaftLogWorker for RaftStorage:Storage Directory /github/workspace/mnt/ozone/hadoop-ozone/integration-test/target/test-dir/MiniOzoneClusterImpl-b9f4991b-e4de-40e3-b3af-34f99860be45/datanode-5/data/ratis/9afea2e7-e293-4966-9ce5-967dbefa06ff
2020-05-12 08:29:29,727 [pool-115-thread-1] INFO  server.RaftServerConfigKeys (ConfUtils.java:logGet(44)) - raft.server.log.queue.byte-limit = 2147483647 (custom)
2020-05-12 08:29:29,727 [pool-115-thread-1] INFO  server.RaftServerConfigKeys (ConfUtils.java:logGet(44)) - raft.server.log.queue.element-limit = 1024 (custom)
2020-05-12 08:29:29,727 [pool-115-thread-1] INFO  server.RaftServerConfigKeys (ConfUtils.java:logGet(44)) - raft.server.log.segment.size.max = 1048576 (custom)
2020-05-12 08:29:29,727 [pool-115-thread-1] INFO  server.RaftServerConfigKeys (ConfUtils.java:logGet(44)) - raft.server.log.preallocated.size = 16384 (custom)
2020-05-12 08:29:29,727 [pool-115-thread-1] INFO  server.RaftServerConfigKeys (ConfUtils.java:logGet(44)) - raft.server.log.write.buffer.size = 1048576 (custom)
2020-05-12 08:29:29,727 [pool-115-thread-1] INFO  server.RaftServerConfigKeys (ConfUtils.java:logGet(44)) - raft.server.log.force.sync.num = 128 (default)
2020-05-12 08:29:29,727 [pool-115-thread-1] INFO  server.RaftServerConfigKeys (ConfUtils.java:logGet(44)) - raft.server.log.statemachine.data.sync = true (default)
2020-05-12 08:29:29,727 [pool-115-thread-1] INFO  server.RaftServerConfigKeys (ConfUtils.java:logGet(44)) - raft.server.log.statemachine.data.sync.timeout = 10s (default)
2020-05-12 08:29:29,728 [pool-115-thread-1] INFO  server.RaftServerConfigKeys (ConfUtils.java:logGet(44)) - raft.server.log.statemachine.data.sync.timeout.retry = -1 (default)
2020-05-12 08:29:29,729 [pool-115-thread-1] INFO  server.RaftServerConfigKeys (ConfUtils.java:logGet(44)) - raft.server.log.statemachine.data.caching.enabled = true (custom)
2020-05-12 08:29:29,730 [EventQueue-PipelineReportForPipelineReportHandler] INFO  pipeline.PipelineStateManager (PipelineStateManager.java:openPipeline(131)) - Pipeline Pipeline[ Id: 9afea2e7-e293-4966-9ce5-967dbefa06ff, Nodes: 98600e06-a104-49b0-9863-92305f30dbaf{ip: 172.17.0.2, host: cda64759c3a5, networkLocation: /default-rack, certSerialId: null}, Type:RATIS, Factor:ONE, State:ALLOCATED, leaderId:98600e06-a104-49b0-9863-92305f30dbaf, CreationTimestamp2020-05-12T08:29:26.667Z] moved to OPEN state
2020-05-12 08:29:29,730 [pool-115-thread-1] INFO  segmented.SegmentedRaftLogWorker (SegmentedRaftLogWorker.java:lambda$new$0(129)) - 98600e06-a104-49b0-9863-92305f30dbaf@group-967DBEFA06FF-SegmentedRaftLogWorker: flushIndex: setUnconditionally 0 -> -1
2020-05-12 08:29:29,730 [EventQueue-OpenPipelineForOneReplicaPipelineSafeModeRule] INFO  safemode.SCMSafeModeManager (SCMSafeModeManager.java:validateSafeModeExitRules(213)) - AtleastOneDatanodeReportedRule rule is successfully validated
2020-05-12 08:29:29,730 [EventQueue-OpenPipelineForHealthyPipelineSafeModeRule] INFO  safemode.SCMSafeModeManager (HealthyPipelineSafeModeRule.java:process(132)) - SCM in safe mode. Healthy pipelines reported count is 0, required healthy pipeline reported count is 1
2020-05-12 08:29:29,730 [pool-99-thread-1] INFO  server.RaftServerConfigKeys (ConfUtils.java:logGet(44)) - raft.server.notification.no-leader.timeout = 60s (default)
2020-05-12 08:29:29,730 [pool-99-thread-1] INFO  server.RaftServerConfigKeys (ConfUtils.java:logGet(44)) - raft.server.log.use.memory = false (default)
2020-05-12 08:29:29,730 [pool-99-thread-1] INFO  server.RaftServerConfigKeys (ConfUtils.java:logGet(44)) - raft.server.log.purge.gap = 1000000 (custom)
2020-05-12 08:29:29,730 [pool-99-thread-1] INFO  server.RaftServerConfigKeys (ConfUtils.java:logGet(44)) - raft.server.log.appender.buffer.byte-limit = 33554432 (custom)
2020-05-12 08:29:29,730 [pool-99-thread-1] INFO  server.RaftServerConfigKeys (ConfUtils.java:logGet(44)) - raft.server.log.segment.size.max = 1048576 (custom)
2020-05-12 08:29:29,730 [pool-99-thread-1] INFO  server.RaftServerConfigKeys (ConfUtils.java:logGet(44)) - raft.server.log.segment.cache.num.max = 2 (custom)
2020-05-12 08:29:29,730 [pool-99-thread-1] INFO  segmented.SegmentedRaftLogWorker (SegmentedRaftLogWorker.java:<init>(176)) - new e58da56f-e7aa-4954-9d68-22abafeee072@group-99DF7A9AA550-SegmentedRaftLogWorker for RaftStorage:Storage Directory /github/workspace/mnt/ozone/hadoop-ozone/integration-test/target/test-dir/MiniOzoneClusterImpl-b9f4991b-e4de-40e3-b3af-34f99860be45/datanode-4/data/ratis/f64e6500-462f-4c9a-880c-99df7a9aa550
2020-05-12 08:29:29,731 [pool-99-thread-1] INFO  server.RaftServerConfigKeys (ConfUtils.java:logGet(44)) - raft.server.log.queue.byte-limit = 2147483647 (custom)
2020-05-12 08:29:29,731 [pool-99-thread-1] INFO  server.RaftServerConfigKeys (ConfUtils.java:logGet(44)) - raft.server.log.queue.element-limit = 1024 (custom)
2020-05-12 08:29:29,731 [pool-99-thread-1] INFO  server.RaftServerConfigKeys (ConfUtils.java:logGet(44)) - raft.server.log.segment.size.max = 1048576 (custom)
2020-05-12 08:29:29,731 [pool-99-thread-1] INFO  server.RaftServerConfigKeys (ConfUtils.java:logGet(44)) - raft.server.log.preallocated.size = 16384 (custom)
2020-05-12 08:29:29,731 [pool-99-thread-1] INFO  server.RaftServerConfigKeys (ConfUtils.java:logGet(44)) - raft.server.log.write.buffer.size = 1048576 (custom)
2020-05-12 08:29:29,731 [pool-99-thread-1] INFO  server.RaftServerConfigKeys (ConfUtils.java:logGet(44)) - raft.server.log.force.sync.num = 128 (default)
2020-05-12 08:29:29,731 [pool-99-thread-1] INFO  server.RaftServerConfigKeys (ConfUtils.java:logGet(44)) - raft.server.log.statemachine.data.sync = true (default)
2020-05-12 08:29:29,731 [pool-99-thread-1] INFO  server.RaftServerConfigKeys (ConfUtils.java:logGet(44)) - raft.server.log.statemachine.data.sync.timeout = 10s (default)
2020-05-12 08:29:29,731 [pool-99-thread-1] INFO  server.RaftServerConfigKeys (ConfUtils.java:logGet(44)) - raft.server.log.statemachine.data.sync.timeout.retry = -1 (default)
2020-05-12 08:29:29,731 [pool-115-thread-1] INFO  server.RaftServerConfigKeys (ConfUtils.java:logGet(44)) - raft.server.snapshot.auto.trigger.enabled = true (custom)
2020-05-12 08:29:29,731 [pool-115-thread-1] INFO  server.RaftServerConfigKeys (ConfUtils.java:logGet(44)) - raft.server.snapshot.auto.trigger.threshold = 10000 (custom)
2020-05-12 08:29:29,731 [pool-115-thread-1] INFO  server.RaftServerConfigKeys (ConfUtils.java:logGet(44)) - raft.server.snapshot.retention.file.num = 5 (custom)
2020-05-12 08:29:29,731 [pool-115-thread-1] INFO  server.RaftServerConfigKeys (ConfUtils.java:logGet(44)) - raft.server.log.purge.upto.snapshot.index = false (default)
2020-05-12 08:29:29,732 [pool-115-thread-1] INFO  server.RaftServerConfigKeys (ConfUtils.java:logGet(44)) - raft.server.retrycache.expirytime = 600000ms (custom)
2020-05-12 08:29:29,732 [pool-115-thread-1] INFO  metrics.RatisMetrics (RatisMetrics.java:lambda$create$0(39)) - Creating Metrics Registry : ratis.leader_election.98600e06-a104-49b0-9863-92305f30dbaf@group-967DBEFA06FF
2020-05-12 08:29:29,732 [pool-115-thread-1] INFO  metrics.RatisMetrics (RatisMetrics.java:lambda$create$0(39)) - Creating Metrics Registry : ratis.server.98600e06-a104-49b0-9863-92305f30dbaf@group-967DBEFA06FF
2020-05-12 08:29:29,733 [pool-115-thread-1] INFO  impl.RaftServerImpl (RaftServerImpl.java:start(184)) - 98600e06-a104-49b0-9863-92305f30dbaf@group-967DBEFA06FF: start as a follower, conf=-1: [98600e06-a104-49b0-9863-92305f30dbaf:172.17.0.2:33321], old=null
2020-05-12 08:29:29,734 [pool-115-thread-1] INFO  impl.RaftServerImpl (RaftServerImpl.java:setRole(173)) - 98600e06-a104-49b0-9863-92305f30dbaf@group-967DBEFA06FF: changes role from      null to FOLLOWER at term 0 for startAsFollower
2020-05-12 08:29:29,734 [pool-115-thread-1] INFO  impl.RoleInfo (RoleInfo.java:updateAndGet(143)) - 98600e06-a104-49b0-9863-92305f30dbaf: start FollowerState
2020-05-12 08:29:29,734 [pool-115-thread-1] INFO  util.JmxRegister (JmxRegister.java:tryRegister(44)) - Successfully registered JMX Bean with object name Ratis:service=RaftServer,group=group-967DBEFA06FF,id=98600e06-a104-49b0-9863-92305f30dbaf
2020-05-12 08:29:29,734 [pool-115-thread-1] INFO  metrics.RatisMetrics (RatisMetrics.java:lambda$create$0(39)) - Creating Metrics Registry : ratis.state_machine.98600e06-a104-49b0-9863-92305f30dbaf@group-967DBEFA06FF
2020-05-12 08:29:29,735 [Command processor thread] INFO  commandhandler.CreatePipelineCommandHandler (CreatePipelineCommandHandler.java:handle(109)) - Created Pipeline RATIS ONE #id: "9afea2e7-e293-4966-9ce5-967dbefa06ff"
.
2020-05-12 08:29:29,736 [Command processor thread] INFO  impl.RaftServerProxy (RaftServerProxy.java:addNew(89)) - 98600e06-a104-49b0-9863-92305f30dbaf: addNew group-99DF7A9AA550:[e58da56f-e7aa-4954-9d68-22abafeee072:172.17.0.2:43699, 98600e06-a104-49b0-9863-92305f30dbaf:172.17.0.2:33321, bc663c50-48a7-4374-8289-b8b0f40d041c:172.17.0.2:45491] returns group-99DF7A9AA550:java.util.concurrent.CompletableFuture@629a6687[Not completed]
2020-05-12 08:29:29,737 [pool-115-thread-1] INFO  impl.RaftServerImpl (RaftServerImpl.java:<init>(98)) - 98600e06-a104-49b0-9863-92305f30dbaf: new RaftServerImpl for group-99DF7A9AA550:[e58da56f-e7aa-4954-9d68-22abafeee072:172.17.0.2:43699, 98600e06-a104-49b0-9863-92305f30dbaf:172.17.0.2:33321, bc663c50-48a7-4374-8289-b8b0f40d041c:172.17.0.2:45491] with ContainerStateMachine:uninitialized
2020-05-12 08:29:29,737 [pool-115-thread-1] INFO  server.RaftServerConfigKeys (ConfUtils.java:logGet(44)) - raft.server.rpc.timeout.min = 5s (custom)
2020-05-12 08:29:29,737 [pool-115-thread-1] INFO  server.RaftServerConfigKeys (ConfUtils.java:logGet(44)) - raft.server.rpc.timeout.max = 5200ms (custom)
2020-05-12 08:29:29,737 [pool-115-thread-1] INFO  server.RaftServerConfigKeys (ConfUtils.java:logGet(44)) - raft.server.rpcslowness.timeout = 300s (custom)
2020-05-12 08:29:29,737 [pool-115-thread-1] INFO  server.RaftServerConfigKeys (ConfUtils.java:logGet(44)) - raft.server.sleep.deviation.threshold = 300 (default)
2020-05-12 08:29:29,738 [pool-115-thread-1] INFO  server.RaftServerConfigKeys (ConfUtils.java:logGet(44)) - raft.server.log.appender.install.snapshot.enabled = false (custom)
2020-05-12 08:29:29,738 [pool-115-thread-1] INFO  impl.RaftServerImpl (ServerState.java:<init>(103)) - 98600e06-a104-49b0-9863-92305f30dbaf@group-99DF7A9AA550: ConfigurationManager, init=-1: [e58da56f-e7aa-4954-9d68-22abafeee072:172.17.0.2:43699, 98600e06-a104-49b0-9863-92305f30dbaf:172.17.0.2:33321, bc663c50-48a7-4374-8289-b8b0f40d041c:172.17.0.2:45491], old=null, confs=<EMPTY_MAP>
2020-05-12 08:29:29,738 [pool-115-thread-1] INFO  server.RaftServerConfigKeys (ConfUtils.java:logGet(44)) - raft.server.storage.dir = [/github/workspace/mnt/ozone/hadoop-ozone/integration-test/target/test-dir/MiniOzoneClusterImpl-b9f4991b-e4de-40e3-b3af-34f99860be45/datanode-5/data/ratis] (custom)
2020-05-12 08:29:29,742 [pool-99-thread-1] INFO  server.RaftServerConfigKeys (ConfUtils.java:logGet(44)) - raft.server.log.statemachine.data.caching.enabled = true (custom)
2020-05-12 08:29:29,742 [pool-99-thread-1] INFO  segmented.SegmentedRaftLogWorker (SegmentedRaftLogWorker.java:lambda$new$0(129)) - e58da56f-e7aa-4954-9d68-22abafeee072@group-99DF7A9AA550-SegmentedRaftLogWorker: flushIndex: setUnconditionally 0 -> -1
2020-05-12 08:29:29,743 [pool-115-thread-1] INFO  server.RaftServerConfigKeys (ConfUtils.java:logGet(44)) - raft.server.log.corruption.policy = EXCEPTION (default)
2020-05-12 08:29:29,743 [pool-115-thread-1] INFO  storage.RaftStorageDirectory (RaftStorageDirectory.java:analyzeStorage(261)) - The storage directory /github/workspace/mnt/ozone/hadoop-ozone/integration-test/target/test-dir/MiniOzoneClusterImpl-b9f4991b-e4de-40e3-b3af-34f99860be45/datanode-5/data/ratis/f64e6500-462f-4c9a-880c-99df7a9aa550 does not exist. Creating ...
2020-05-12 08:29:29,744 [pool-99-thread-1] INFO  server.RaftServerConfigKeys (ConfUtils.java:logGet(44)) - raft.server.snapshot.auto.trigger.enabled = true (custom)
2020-05-12 08:29:29,744 [pool-99-thread-1] INFO  server.RaftServerConfigKeys (ConfUtils.java:logGet(44)) - raft.server.snapshot.auto.trigger.threshold = 10000 (custom)
2020-05-12 08:29:29,744 [pool-99-thread-1] INFO  server.RaftServerConfigKeys (ConfUtils.java:logGet(44)) - raft.server.snapshot.retention.file.num = 5 (custom)
2020-05-12 08:29:29,744 [pool-99-thread-1] INFO  server.RaftServerConfigKeys (ConfUtils.java:logGet(44)) - raft.server.log.purge.upto.snapshot.index = false (default)
2020-05-12 08:29:29,744 [pool-99-thread-1] INFO  server.RaftServerConfigKeys (ConfUtils.java:logGet(44)) - raft.server.retrycache.expirytime = 600000ms (custom)
2020-05-12 08:29:29,744 [pool-99-thread-1] INFO  metrics.RatisMetrics (RatisMetrics.java:lambda$create$0(39)) - Creating Metrics Registry : ratis.leader_election.e58da56f-e7aa-4954-9d68-22abafeee072@group-99DF7A9AA550
2020-05-12 08:29:29,745 [pool-99-thread-1] INFO  metrics.RatisMetrics (RatisMetrics.java:lambda$create$0(39)) - Creating Metrics Registry : ratis.server.e58da56f-e7aa-4954-9d68-22abafeee072@group-99DF7A9AA550
2020-05-12 08:29:29,749 [pool-115-thread-1] INFO  storage.RaftStorageDirectory (RaftStorageDirectory.java:tryLock(343)) - Lock on /github/workspace/mnt/ozone/hadoop-ozone/integration-test/target/test-dir/MiniOzoneClusterImpl-b9f4991b-e4de-40e3-b3af-34f99860be45/datanode-5/data/ratis/f64e6500-462f-4c9a-880c-99df7a9aa550/in_use.lock acquired by nodename 6349@cda64759c3a5
2020-05-12 08:29:29,750 [pool-99-thread-1] INFO  impl.RaftServerImpl (RaftServerImpl.java:start(184)) - e58da56f-e7aa-4954-9d68-22abafeee072@group-99DF7A9AA550: start as a follower, conf=-1: [e58da56f-e7aa-4954-9d68-22abafeee072:172.17.0.2:43699, 98600e06-a104-49b0-9863-92305f30dbaf:172.17.0.2:33321, bc663c50-48a7-4374-8289-b8b0f40d041c:172.17.0.2:45491], old=null
2020-05-12 08:29:29,751 [pool-99-thread-1] INFO  impl.RaftServerImpl (RaftServerImpl.java:setRole(173)) - e58da56f-e7aa-4954-9d68-22abafeee072@group-99DF7A9AA550: changes role from      null to FOLLOWER at term 0 for startAsFollower
2020-05-12 08:29:29,751 [pool-99-thread-1] INFO  impl.RoleInfo (RoleInfo.java:updateAndGet(143)) - e58da56f-e7aa-4954-9d68-22abafeee072: start FollowerState
2020-05-12 08:29:29,751 [pool-115-thread-1] INFO  storage.RaftStorage (RaftStorage.java:format(84)) - Storage directory /github/workspace/mnt/ozone/hadoop-ozone/integration-test/target/test-dir/MiniOzoneClusterImpl-b9f4991b-e4de-40e3-b3af-34f99860be45/datanode-5/data/ratis/f64e6500-462f-4c9a-880c-99df7a9aa550 has been successfully formatted.
2020-05-12 08:29:29,757 [pool-99-thread-1] INFO  util.JmxRegister (JmxRegister.java:tryRegister(44)) - Successfully registered JMX Bean with object name Ratis:service=RaftServer,group=group-99DF7A9AA550,id=e58da56f-e7aa-4954-9d68-22abafeee072
2020-05-12 08:29:29,757 [pool-99-thread-1] INFO  metrics.RatisMetrics (RatisMetrics.java:lambda$create$0(39)) - Creating Metrics Registry : ratis.state_machine.e58da56f-e7aa-4954-9d68-22abafeee072@group-99DF7A9AA550
2020-05-12 08:29:29,763 [pool-115-thread-1] INFO  ratis.ContainerStateMachine (ContainerStateMachine.java:loadSnapshot(226)) - group-99DF7A9AA550: The snapshot info is null. Setting the last applied indexto:(t:0, i:~)
2020-05-12 08:29:29,764 [pool-115-thread-1] INFO  server.RaftServerConfigKeys (ConfUtils.java:logGet(44)) - raft.server.notification.no-leader.timeout = 60s (default)
2020-05-12 08:29:29,764 [pool-115-thread-1] INFO  server.RaftServerConfigKeys (ConfUtils.java:logGet(44)) - raft.server.log.use.memory = false (default)
2020-05-12 08:29:29,764 [pool-115-thread-1] INFO  server.RaftServerConfigKeys (ConfUtils.java:logGet(44)) - raft.server.log.purge.gap = 1000000 (custom)
2020-05-12 08:29:29,764 [pool-115-thread-1] INFO  server.RaftServerConfigKeys (ConfUtils.java:logGet(44)) - raft.server.log.appender.buffer.byte-limit = 33554432 (custom)
2020-05-12 08:29:29,764 [pool-115-thread-1] INFO  server.RaftServerConfigKeys (ConfUtils.java:logGet(44)) - raft.server.log.segment.size.max = 1048576 (custom)
2020-05-12 08:29:29,764 [pool-115-thread-1] INFO  server.RaftServerConfigKeys (ConfUtils.java:logGet(44)) - raft.server.log.segment.cache.num.max = 2 (custom)
2020-05-12 08:29:29,764 [pool-115-thread-1] INFO  segmented.SegmentedRaftLogWorker (SegmentedRaftLogWorker.java:<init>(176)) - new 98600e06-a104-49b0-9863-92305f30dbaf@group-99DF7A9AA550-SegmentedRaftLogWorker for RaftStorage:Storage Directory /github/workspace/mnt/ozone/hadoop-ozone/integration-test/target/test-dir/MiniOzoneClusterImpl-b9f4991b-e4de-40e3-b3af-34f99860be45/datanode-5/data/ratis/f64e6500-462f-4c9a-880c-99df7a9aa550
2020-05-12 08:29:29,764 [pool-115-thread-1] INFO  server.RaftServerConfigKeys (ConfUtils.java:logGet(44)) - raft.server.log.queue.byte-limit = 2147483647 (custom)
2020-05-12 08:29:29,764 [pool-115-thread-1] INFO  server.RaftServerConfigKeys (ConfUtils.java:logGet(44)) - raft.server.log.queue.element-limit = 1024 (custom)
2020-05-12 08:29:29,764 [pool-115-thread-1] INFO  server.RaftServerConfigKeys (ConfUtils.java:logGet(44)) - raft.server.log.segment.size.max = 1048576 (custom)
2020-05-12 08:29:29,764 [pool-115-thread-1] INFO  server.RaftServerConfigKeys (ConfUtils.java:logGet(44)) - raft.server.log.preallocated.size = 16384 (custom)
2020-05-12 08:29:29,764 [pool-115-thread-1] INFO  server.RaftServerConfigKeys (ConfUtils.java:logGet(44)) - raft.server.log.write.buffer.size = 1048576 (custom)
2020-05-12 08:29:29,764 [pool-115-thread-1] INFO  server.RaftServerConfigKeys (ConfUtils.java:logGet(44)) - raft.server.log.force.sync.num = 128 (default)
2020-05-12 08:29:29,765 [pool-115-thread-1] INFO  server.RaftServerConfigKeys (ConfUtils.java:logGet(44)) - raft.server.log.statemachine.data.sync = true (default)
2020-05-12 08:29:29,765 [pool-115-thread-1] INFO  server.RaftServerConfigKeys (ConfUtils.java:logGet(44)) - raft.server.log.statemachine.data.sync.timeout = 10s (default)
2020-05-12 08:29:29,765 [pool-115-thread-1] INFO  server.RaftServerConfigKeys (ConfUtils.java:logGet(44)) - raft.server.log.statemachine.data.sync.timeout.retry = -1 (default)
2020-05-12 08:29:29,765 [pool-115-thread-1] INFO  server.RaftServerConfigKeys (ConfUtils.java:logGet(44)) - raft.server.log.statemachine.data.caching.enabled = true (custom)
2020-05-12 08:29:29,766 [pool-115-thread-1] INFO  segmented.SegmentedRaftLogWorker (SegmentedRaftLogWorker.java:lambda$new$0(129)) - 98600e06-a104-49b0-9863-92305f30dbaf@group-99DF7A9AA550-SegmentedRaftLogWorker: flushIndex: setUnconditionally 0 -> -1
2020-05-12 08:29:29,783 [Command processor thread] INFO  impl.RaftServerProxy (RaftServerProxy.java:addNew(89)) - 09b3564f-e143-4bea-91ea-9b4b381dcd28: addNew group-BEC43247B2D9:[09b3564f-e143-4bea-91ea-9b4b381dcd28:172.17.0.2:35993] returns group-BEC43247B2D9:java.util.concurrent.CompletableFuture@1d38a2a[Not completed]
2020-05-12 08:29:29,787 [pool-115-thread-1] INFO  server.RaftServerConfigKeys (ConfUtils.java:logGet(44)) - raft.server.snapshot.auto.trigger.enabled = true (custom)
2020-05-12 08:29:29,787 [pool-115-thread-1] INFO  server.RaftServerConfigKeys (ConfUtils.java:logGet(44)) - raft.server.snapshot.auto.trigger.threshold = 10000 (custom)
2020-05-12 08:29:29,787 [pool-115-thread-1] INFO  server.RaftServerConfigKeys (ConfUtils.java:logGet(44)) - raft.server.snapshot.retention.file.num = 5 (custom)
2020-05-12 08:29:29,787 [pool-115-thread-1] INFO  server.RaftServerConfigKeys (ConfUtils.java:logGet(44)) - raft.server.log.purge.upto.snapshot.index = false (default)
2020-05-12 08:29:29,787 [pool-115-thread-1] INFO  server.RaftServerConfigKeys (ConfUtils.java:logGet(44)) - raft.server.retrycache.expirytime = 600000ms (custom)
2020-05-12 08:29:29,788 [pool-115-thread-1] INFO  metrics.RatisMetrics (RatisMetrics.java:lambda$create$0(39)) - Creating Metrics Registry : ratis.leader_election.98600e06-a104-49b0-9863-92305f30dbaf@group-99DF7A9AA550
2020-05-12 08:29:29,788 [pool-115-thread-1] INFO  metrics.RatisMetrics (RatisMetrics.java:lambda$create$0(39)) - Creating Metrics Registry : ratis.server.98600e06-a104-49b0-9863-92305f30dbaf@group-99DF7A9AA550
2020-05-12 08:29:29,789 [pool-115-thread-1] INFO  impl.RaftServerImpl (RaftServerImpl.java:start(184)) - 98600e06-a104-49b0-9863-92305f30dbaf@group-99DF7A9AA550: start as a follower, conf=-1: [e58da56f-e7aa-4954-9d68-22abafeee072:172.17.0.2:43699, 98600e06-a104-49b0-9863-92305f30dbaf:172.17.0.2:33321, bc663c50-48a7-4374-8289-b8b0f40d041c:172.17.0.2:45491], old=null
2020-05-12 08:29:29,789 [pool-115-thread-1] INFO  impl.RaftServerImpl (RaftServerImpl.java:setRole(173)) - 98600e06-a104-49b0-9863-92305f30dbaf@group-99DF7A9AA550: changes role from      null to FOLLOWER at term 0 for startAsFollower
2020-05-12 08:29:29,789 [pool-115-thread-1] INFO  impl.RoleInfo (RoleInfo.java:updateAndGet(143)) - 98600e06-a104-49b0-9863-92305f30dbaf: start FollowerState
2020-05-12 08:29:29,792 [pool-115-thread-1] INFO  util.JmxRegister (JmxRegister.java:tryRegister(44)) - Successfully registered JMX Bean with object name Ratis:service=RaftServer,group=group-99DF7A9AA550,id=98600e06-a104-49b0-9863-92305f30dbaf
2020-05-12 08:29:29,792 [pool-115-thread-1] INFO  metrics.RatisMetrics (RatisMetrics.java:lambda$create$0(39)) - Creating Metrics Registry : ratis.state_machine.98600e06-a104-49b0-9863-92305f30dbaf@group-99DF7A9AA550
2020-05-12 08:29:29,793 [pool-131-thread-1] INFO  impl.RaftServerImpl (RaftServerImpl.java:<init>(98)) - 09b3564f-e143-4bea-91ea-9b4b381dcd28: new RaftServerImpl for group-BEC43247B2D9:[09b3564f-e143-4bea-91ea-9b4b381dcd28:172.17.0.2:35993] with ContainerStateMachine:uninitialized
2020-05-12 08:29:29,793 [pool-131-thread-1] INFO  server.RaftServerConfigKeys (ConfUtils.java:logGet(44)) - raft.server.rpc.timeout.min = 5s (custom)
2020-05-12 08:29:29,793 [pool-131-thread-1] INFO  server.RaftServerConfigKeys (ConfUtils.java:logGet(44)) - raft.server.rpc.timeout.max = 5200ms (custom)
2020-05-12 08:29:29,793 [pool-131-thread-1] INFO  server.RaftServerConfigKeys (ConfUtils.java:logGet(44)) - raft.server.rpcslowness.timeout = 300s (custom)
2020-05-12 08:29:29,793 [pool-131-thread-1] INFO  server.RaftServerConfigKeys (ConfUtils.java:logGet(44)) - raft.server.sleep.deviation.threshold = 300 (default)
2020-05-12 08:29:29,794 [pool-131-thread-1] INFO  server.RaftServerConfigKeys (ConfUtils.java:logGet(44)) - raft.server.log.appender.install.snapshot.enabled = false (custom)
2020-05-12 08:29:29,794 [pool-131-thread-1] INFO  impl.RaftServerImpl (ServerState.java:<init>(103)) - 09b3564f-e143-4bea-91ea-9b4b381dcd28@group-BEC43247B2D9: ConfigurationManager, init=-1: [09b3564f-e143-4bea-91ea-9b4b381dcd28:172.17.0.2:35993], old=null, confs=<EMPTY_MAP>
2020-05-12 08:29:29,795 [pool-131-thread-1] INFO  server.RaftServerConfigKeys (ConfUtils.java:logGet(44)) - raft.server.storage.dir = [/github/workspace/mnt/ozone/hadoop-ozone/integration-test/target/test-dir/MiniOzoneClusterImpl-b9f4991b-e4de-40e3-b3af-34f99860be45/datanode-6/data/ratis] (custom)
2020-05-12 08:29:29,795 [pool-131-thread-1] INFO  server.RaftServerConfigKeys (ConfUtils.java:logGet(44)) - raft.server.log.corruption.policy = EXCEPTION (default)
2020-05-12 08:29:29,795 [pool-131-thread-1] INFO  storage.RaftStorageDirectory (RaftStorageDirectory.java:analyzeStorage(261)) - The storage directory /github/workspace/mnt/ozone/hadoop-ozone/integration-test/target/test-dir/MiniOzoneClusterImpl-b9f4991b-e4de-40e3-b3af-34f99860be45/datanode-6/data/ratis/49c38e8b-15ad-497e-82aa-bec43247b2d9 does not exist. Creating ...
2020-05-12 08:29:29,798 [pool-131-thread-1] INFO  storage.RaftStorageDirectory (RaftStorageDirectory.java:tryLock(343)) - Lock on /github/workspace/mnt/ozone/hadoop-ozone/integration-test/target/test-dir/MiniOzoneClusterImpl-b9f4991b-e4de-40e3-b3af-34f99860be45/datanode-6/data/ratis/49c38e8b-15ad-497e-82aa-bec43247b2d9/in_use.lock acquired by nodename 6349@cda64759c3a5
2020-05-12 08:29:29,800 [pool-131-thread-1] INFO  storage.RaftStorage (RaftStorage.java:format(84)) - Storage directory /github/workspace/mnt/ozone/hadoop-ozone/integration-test/target/test-dir/MiniOzoneClusterImpl-b9f4991b-e4de-40e3-b3af-34f99860be45/datanode-6/data/ratis/49c38e8b-15ad-497e-82aa-bec43247b2d9 has been successfully formatted.
2020-05-12 08:29:29,814 [pool-131-thread-1] INFO  ratis.ContainerStateMachine (ContainerStateMachine.java:loadSnapshot(226)) - group-BEC43247B2D9: The snapshot info is null. Setting the last applied indexto:(t:0, i:~)
2020-05-12 08:29:29,815 [pool-131-thread-1] INFO  server.RaftServerConfigKeys (ConfUtils.java:logGet(44)) - raft.server.notification.no-leader.timeout = 60s (default)
2020-05-12 08:29:29,815 [pool-131-thread-1] INFO  server.RaftServerConfigKeys (ConfUtils.java:logGet(44)) - raft.server.log.use.memory = false (default)
2020-05-12 08:29:29,815 [pool-131-thread-1] INFO  server.RaftServerConfigKeys (ConfUtils.java:logGet(44)) - raft.server.log.purge.gap = 1000000 (custom)
2020-05-12 08:29:29,816 [EventQueue-PipelineReportForPipelineReportHandler] INFO  pipeline.PipelineStateManager (PipelineStateManager.java:openPipeline(131)) - Pipeline Pipeline[ Id: 49c38e8b-15ad-497e-82aa-bec43247b2d9, Nodes: 09b3564f-e143-4bea-91ea-9b4b381dcd28{ip: 172.17.0.2, host: cda64759c3a5, networkLocation: /default-rack, certSerialId: null}, Type:RATIS, Factor:ONE, State:ALLOCATED, leaderId:09b3564f-e143-4bea-91ea-9b4b381dcd28, CreationTimestamp2020-05-12T08:29:26.782Z] moved to OPEN state
2020-05-12 08:29:29,816 [EventQueue-OpenPipelineForOneReplicaPipelineSafeModeRule] INFO  safemode.SCMSafeModeManager (SCMSafeModeManager.java:validateSafeModeExitRules(213)) - AtleastOneDatanodeReportedRule rule is successfully validated
2020-05-12 08:29:29,816 [pool-131-thread-1] INFO  server.RaftServerConfigKeys (ConfUtils.java:logGet(44)) - raft.server.log.appender.buffer.byte-limit = 33554432 (custom)
2020-05-12 08:29:29,817 [EventQueue-OpenPipelineForHealthyPipelineSafeModeRule] INFO  safemode.SCMSafeModeManager (HealthyPipelineSafeModeRule.java:process(132)) - SCM in safe mode. Healthy pipelines reported count is 0, required healthy pipeline reported count is 1
2020-05-12 08:29:29,817 [pool-131-thread-1] INFO  server.RaftServerConfigKeys (ConfUtils.java:logGet(44)) - raft.server.log.segment.size.max = 1048576 (custom)
2020-05-12 08:29:29,817 [pool-131-thread-1] INFO  metrics.RatisMetrics (RatisMetrics.java:lambda$create$0(39)) - Creating Metrics Registry : ratis.log_worker.09b3564f-e143-4bea-91ea-9b4b381dcd28
2020-05-12 08:29:29,817 [pool-131-thread-1] INFO  server.RaftServerConfigKeys (ConfUtils.java:logGet(44)) - raft.server.log.segment.cache.num.max = 2 (custom)
2020-05-12 08:29:29,820 [pool-131-thread-1] INFO  segmented.SegmentedRaftLogWorker (SegmentedRaftLogWorker.java:<init>(176)) - new 09b3564f-e143-4bea-91ea-9b4b381dcd28@group-BEC43247B2D9-SegmentedRaftLogWorker for RaftStorage:Storage Directory /github/workspace/mnt/ozone/hadoop-ozone/integration-test/target/test-dir/MiniOzoneClusterImpl-b9f4991b-e4de-40e3-b3af-34f99860be45/datanode-6/data/ratis/49c38e8b-15ad-497e-82aa-bec43247b2d9
2020-05-12 08:29:29,820 [pool-131-thread-1] INFO  server.RaftServerConfigKeys (ConfUtils.java:logGet(44)) - raft.server.log.queue.byte-limit = 2147483647 (custom)
2020-05-12 08:29:29,820 [pool-131-thread-1] INFO  server.RaftServerConfigKeys (ConfUtils.java:logGet(44)) - raft.server.log.queue.element-limit = 1024 (custom)
2020-05-12 08:29:29,820 [pool-131-thread-1] INFO  server.RaftServerConfigKeys (ConfUtils.java:logGet(44)) - raft.server.log.segment.size.max = 1048576 (custom)
2020-05-12 08:29:29,820 [pool-131-thread-1] INFO  server.RaftServerConfigKeys (ConfUtils.java:logGet(44)) - raft.server.log.preallocated.size = 16384 (custom)
2020-05-12 08:29:29,820 [pool-131-thread-1] INFO  server.RaftServerConfigKeys (ConfUtils.java:logGet(44)) - raft.server.log.write.buffer.size = 1048576 (custom)
2020-05-12 08:29:29,820 [pool-131-thread-1] INFO  server.RaftServerConfigKeys (ConfUtils.java:logGet(44)) - raft.server.log.force.sync.num = 128 (default)
2020-05-12 08:29:29,820 [pool-131-thread-1] INFO  server.RaftServerConfigKeys (ConfUtils.java:logGet(44)) - raft.server.log.statemachine.data.sync = true (default)
2020-05-12 08:29:29,821 [pool-131-thread-1] INFO  server.RaftServerConfigKeys (ConfUtils.java:logGet(44)) - raft.server.log.statemachine.data.sync.timeout = 10s (default)
2020-05-12 08:29:29,821 [pool-131-thread-1] INFO  server.RaftServerConfigKeys (ConfUtils.java:logGet(44)) - raft.server.log.statemachine.data.sync.timeout.retry = -1 (default)
2020-05-12 08:29:29,823 [pool-131-thread-1] INFO  server.RaftServerConfigKeys (ConfUtils.java:logGet(44)) - raft.server.log.statemachine.data.caching.enabled = true (custom)
2020-05-12 08:29:29,823 [pool-131-thread-1] INFO  segmented.SegmentedRaftLogWorker (SegmentedRaftLogWorker.java:lambda$new$0(129)) - 09b3564f-e143-4bea-91ea-9b4b381dcd28@group-BEC43247B2D9-SegmentedRaftLogWorker: flushIndex: setUnconditionally 0 -> -1
2020-05-12 08:29:29,824 [pool-131-thread-1] INFO  server.RaftServerConfigKeys (ConfUtils.java:logGet(44)) - raft.server.snapshot.auto.trigger.enabled = true (custom)
2020-05-12 08:29:29,824 [pool-131-thread-1] INFO  server.RaftServerConfigKeys (ConfUtils.java:logGet(44)) - raft.server.snapshot.auto.trigger.threshold = 10000 (custom)
2020-05-12 08:29:29,824 [pool-131-thread-1] INFO  server.RaftServerConfigKeys (ConfUtils.java:logGet(44)) - raft.server.snapshot.retention.file.num = 5 (custom)
2020-05-12 08:29:29,824 [pool-131-thread-1] INFO  server.RaftServerConfigKeys (ConfUtils.java:logGet(44)) - raft.server.log.purge.upto.snapshot.index = false (default)
2020-05-12 08:29:29,824 [pool-131-thread-1] INFO  server.RaftServerConfigKeys (ConfUtils.java:logGet(44)) - raft.server.retrycache.expirytime = 600000ms (custom)
2020-05-12 08:29:29,824 [pool-131-thread-1] INFO  metrics.RatisMetrics (RatisMetrics.java:lambda$create$0(39)) - Creating Metrics Registry : ratis.leader_election.09b3564f-e143-4bea-91ea-9b4b381dcd28@group-BEC43247B2D9
2020-05-12 08:29:29,827 [pool-131-thread-1] INFO  metrics.RatisMetrics (RatisMetrics.java:lambda$create$0(39)) - Creating Metrics Registry : ratis.server.09b3564f-e143-4bea-91ea-9b4b381dcd28@group-BEC43247B2D9
2020-05-12 08:29:29,828 [pool-131-thread-1] INFO  impl.RaftServerImpl (RaftServerImpl.java:start(184)) - 09b3564f-e143-4bea-91ea-9b4b381dcd28@group-BEC43247B2D9: start as a follower, conf=-1: [09b3564f-e143-4bea-91ea-9b4b381dcd28:172.17.0.2:35993], old=null
2020-05-12 08:29:29,828 [pool-131-thread-1] INFO  impl.RaftServerImpl (RaftServerImpl.java:setRole(173)) - 09b3564f-e143-4bea-91ea-9b4b381dcd28@group-BEC43247B2D9: changes role from      null to FOLLOWER at term 0 for startAsFollower
2020-05-12 08:29:29,828 [pool-131-thread-1] INFO  impl.RoleInfo (RoleInfo.java:updateAndGet(143)) - 09b3564f-e143-4bea-91ea-9b4b381dcd28: start FollowerState
2020-05-12 08:29:29,829 [pool-131-thread-1] INFO  util.JmxRegister (JmxRegister.java:tryRegister(44)) - Successfully registered JMX Bean with object name Ratis:service=RaftServer,group=group-BEC43247B2D9,id=09b3564f-e143-4bea-91ea-9b4b381dcd28
2020-05-12 08:29:29,829 [pool-131-thread-1] INFO  metrics.RatisMetrics (RatisMetrics.java:lambda$create$0(39)) - Creating Metrics Registry : ratis.state_machine.09b3564f-e143-4bea-91ea-9b4b381dcd28@group-BEC43247B2D9
2020-05-12 08:29:29,830 [Command processor thread] INFO  commandhandler.CreatePipelineCommandHandler (CreatePipelineCommandHandler.java:handle(109)) - Created Pipeline RATIS ONE #id: "49c38e8b-15ad-497e-82aa-bec43247b2d9"
.
2020-05-12 08:29:29,831 [Command processor thread] INFO  impl.RaftServerProxy (RaftServerProxy.java:addNew(89)) - 09b3564f-e143-4bea-91ea-9b4b381dcd28: addNew group-D8F75579A9D7:[c043dc70-26a6-4e02-93ca-a0ed89699d62:172.17.0.2:42977, 09b3564f-e143-4bea-91ea-9b4b381dcd28:172.17.0.2:35993, 9c8373a7-fbd6-45e8-9aa3-0f89321ba3b3:172.17.0.2:35097] returns group-D8F75579A9D7:java.util.concurrent.CompletableFuture@5ec0ec8[Not completed]
2020-05-12 08:29:29,833 [pool-131-thread-1] INFO  impl.RaftServerImpl (RaftServerImpl.java:<init>(98)) - 09b3564f-e143-4bea-91ea-9b4b381dcd28: new RaftServerImpl for group-D8F75579A9D7:[c043dc70-26a6-4e02-93ca-a0ed89699d62:172.17.0.2:42977, 09b3564f-e143-4bea-91ea-9b4b381dcd28:172.17.0.2:35993, 9c8373a7-fbd6-45e8-9aa3-0f89321ba3b3:172.17.0.2:35097] with ContainerStateMachine:uninitialized
2020-05-12 08:29:29,833 [pool-131-thread-1] INFO  server.RaftServerConfigKeys (ConfUtils.java:logGet(44)) - raft.server.rpc.timeout.min = 5s (custom)
2020-05-12 08:29:29,833 [pool-131-thread-1] INFO  server.RaftServerConfigKeys (ConfUtils.java:logGet(44)) - raft.server.rpc.timeout.max = 5200ms (custom)
2020-05-12 08:29:29,833 [pool-131-thread-1] INFO  server.RaftServerConfigKeys (ConfUtils.java:logGet(44)) - raft.server.rpcslowness.timeout = 300s (custom)
2020-05-12 08:29:29,833 [pool-131-thread-1] INFO  server.RaftServerConfigKeys (ConfUtils.java:logGet(44)) - raft.server.sleep.deviation.threshold = 300 (default)
2020-05-12 08:29:29,833 [pool-131-thread-1] INFO  server.RaftServerConfigKeys (ConfUtils.java:logGet(44)) - raft.server.log.appender.install.snapshot.enabled = false (custom)
2020-05-12 08:29:29,833 [pool-131-thread-1] INFO  impl.RaftServerImpl (ServerState.java:<init>(103)) - 09b3564f-e143-4bea-91ea-9b4b381dcd28@group-D8F75579A9D7: ConfigurationManager, init=-1: [c043dc70-26a6-4e02-93ca-a0ed89699d62:172.17.0.2:42977, 09b3564f-e143-4bea-91ea-9b4b381dcd28:172.17.0.2:35993, 9c8373a7-fbd6-45e8-9aa3-0f89321ba3b3:172.17.0.2:35097], old=null, confs=<EMPTY_MAP>
2020-05-12 08:29:29,833 [pool-131-thread-1] INFO  server.RaftServerConfigKeys (ConfUtils.java:logGet(44)) - raft.server.storage.dir = [/github/workspace/mnt/ozone/hadoop-ozone/integration-test/target/test-dir/MiniOzoneClusterImpl-b9f4991b-e4de-40e3-b3af-34f99860be45/datanode-6/data/ratis] (custom)
2020-05-12 08:29:29,834 [pool-131-thread-1] INFO  server.RaftServerConfigKeys (ConfUtils.java:logGet(44)) - raft.server.log.corruption.policy = EXCEPTION (default)
2020-05-12 08:29:29,834 [pool-131-thread-1] INFO  storage.RaftStorageDirectory (RaftStorageDirectory.java:analyzeStorage(261)) - The storage directory /github/workspace/mnt/ozone/hadoop-ozone/integration-test/target/test-dir/MiniOzoneClusterImpl-b9f4991b-e4de-40e3-b3af-34f99860be45/datanode-6/data/ratis/91035633-2b0a-41a9-9a8e-d8f75579a9d7 does not exist. Creating ...
2020-05-12 08:29:29,835 [pool-131-thread-1] INFO  storage.RaftStorageDirectory (RaftStorageDirectory.java:tryLock(343)) - Lock on /github/workspace/mnt/ozone/hadoop-ozone/integration-test/target/test-dir/MiniOzoneClusterImpl-b9f4991b-e4de-40e3-b3af-34f99860be45/datanode-6/data/ratis/91035633-2b0a-41a9-9a8e-d8f75579a9d7/in_use.lock acquired by nodename 6349@cda64759c3a5
2020-05-12 08:29:29,837 [pool-131-thread-1] INFO  storage.RaftStorage (RaftStorage.java:format(84)) - Storage directory /github/workspace/mnt/ozone/hadoop-ozone/integration-test/target/test-dir/MiniOzoneClusterImpl-b9f4991b-e4de-40e3-b3af-34f99860be45/datanode-6/data/ratis/91035633-2b0a-41a9-9a8e-d8f75579a9d7 has been successfully formatted.
2020-05-12 08:29:29,837 [pool-131-thread-1] INFO  ratis.ContainerStateMachine (ContainerStateMachine.java:loadSnapshot(226)) - group-D8F75579A9D7: The snapshot info is null. Setting the last applied indexto:(t:0, i:~)
2020-05-12 08:29:29,837 [pool-131-thread-1] INFO  server.RaftServerConfigKeys (ConfUtils.java:logGet(44)) - raft.server.notification.no-leader.timeout = 60s (default)
2020-05-12 08:29:29,837 [pool-131-thread-1] INFO  server.RaftServerConfigKeys (ConfUtils.java:logGet(44)) - raft.server.log.use.memory = false (default)
2020-05-12 08:29:29,837 [pool-131-thread-1] INFO  server.RaftServerConfigKeys (ConfUtils.java:logGet(44)) - raft.server.log.purge.gap = 1000000 (custom)
2020-05-12 08:29:29,837 [pool-131-thread-1] INFO  server.RaftServerConfigKeys (ConfUtils.java:logGet(44)) - raft.server.log.appender.buffer.byte-limit = 33554432 (custom)
2020-05-12 08:29:29,838 [pool-131-thread-1] INFO  server.RaftServerConfigKeys (ConfUtils.java:logGet(44)) - raft.server.log.segment.size.max = 1048576 (custom)
2020-05-12 08:29:29,838 [pool-131-thread-1] INFO  server.RaftServerConfigKeys (ConfUtils.java:logGet(44)) - raft.server.log.segment.cache.num.max = 2 (custom)
2020-05-12 08:29:29,838 [pool-131-thread-1] INFO  segmented.SegmentedRaftLogWorker (SegmentedRaftLogWorker.java:<init>(176)) - new 09b3564f-e143-4bea-91ea-9b4b381dcd28@group-D8F75579A9D7-SegmentedRaftLogWorker for RaftStorage:Storage Directory /github/workspace/mnt/ozone/hadoop-ozone/integration-test/target/test-dir/MiniOzoneClusterImpl-b9f4991b-e4de-40e3-b3af-34f99860be45/datanode-6/data/ratis/91035633-2b0a-41a9-9a8e-d8f75579a9d7
2020-05-12 08:29:29,840 [pool-131-thread-1] INFO  server.RaftServerConfigKeys (ConfUtils.java:logGet(44)) - raft.server.log.queue.byte-limit = 2147483647 (custom)
2020-05-12 08:29:29,840 [pool-131-thread-1] INFO  server.RaftServerConfigKeys (ConfUtils.java:logGet(44)) - raft.server.log.queue.element-limit = 1024 (custom)
2020-05-12 08:29:29,840 [pool-131-thread-1] INFO  server.RaftServerConfigKeys (ConfUtils.java:logGet(44)) - raft.server.log.segment.size.max = 1048576 (custom)
2020-05-12 08:29:29,840 [pool-131-thread-1] INFO  server.RaftServerConfigKeys (ConfUtils.java:logGet(44)) - raft.server.log.preallocated.size = 16384 (custom)
2020-05-12 08:29:29,840 [pool-131-thread-1] INFO  server.RaftServerConfigKeys (ConfUtils.java:logGet(44)) - raft.server.log.write.buffer.size = 1048576 (custom)
2020-05-12 08:29:29,840 [pool-131-thread-1] INFO  server.RaftServerConfigKeys (ConfUtils.java:logGet(44)) - raft.server.log.force.sync.num = 128 (default)
2020-05-12 08:29:29,840 [pool-131-thread-1] INFO  server.RaftServerConfigKeys (ConfUtils.java:logGet(44)) - raft.server.log.statemachine.data.sync = true (default)
2020-05-12 08:29:29,841 [pool-131-thread-1] INFO  server.RaftServerConfigKeys (ConfUtils.java:logGet(44)) - raft.server.log.statemachine.data.sync.timeout = 10s (default)
2020-05-12 08:29:29,841 [pool-131-thread-1] INFO  server.RaftServerConfigKeys (ConfUtils.java:logGet(44)) - raft.server.log.statemachine.data.sync.timeout.retry = -1 (default)
2020-05-12 08:29:29,842 [pool-131-thread-1] INFO  server.RaftServerConfigKeys (ConfUtils.java:logGet(44)) - raft.server.log.statemachine.data.caching.enabled = true (custom)
2020-05-12 08:29:29,842 [pool-131-thread-1] INFO  segmented.SegmentedRaftLogWorker (SegmentedRaftLogWorker.java:lambda$new$0(129)) - 09b3564f-e143-4bea-91ea-9b4b381dcd28@group-D8F75579A9D7-SegmentedRaftLogWorker: flushIndex: setUnconditionally 0 -> -1
2020-05-12 08:29:29,842 [pool-131-thread-1] INFO  server.RaftServerConfigKeys (ConfUtils.java:logGet(44)) - raft.server.snapshot.auto.trigger.enabled = true (custom)
2020-05-12 08:29:29,842 [pool-131-thread-1] INFO  server.RaftServerConfigKeys (ConfUtils.java:logGet(44)) - raft.server.snapshot.auto.trigger.threshold = 10000 (custom)
2020-05-12 08:29:29,842 [pool-131-thread-1] INFO  server.RaftServerConfigKeys (ConfUtils.java:logGet(44)) - raft.server.snapshot.retention.file.num = 5 (custom)
2020-05-12 08:29:29,842 [pool-131-thread-1] INFO  server.RaftServerConfigKeys (ConfUtils.java:logGet(44)) - raft.server.log.purge.upto.snapshot.index = false (default)
2020-05-12 08:29:29,843 [pool-131-thread-1] INFO  server.RaftServerConfigKeys (ConfUtils.java:logGet(44)) - raft.server.retrycache.expirytime = 600000ms (custom)
2020-05-12 08:29:29,843 [pool-131-thread-1] INFO  metrics.RatisMetrics (RatisMetrics.java:lambda$create$0(39)) - Creating Metrics Registry : ratis.leader_election.09b3564f-e143-4bea-91ea-9b4b381dcd28@group-D8F75579A9D7
2020-05-12 08:29:29,843 [pool-131-thread-1] INFO  metrics.RatisMetrics (RatisMetrics.java:lambda$create$0(39)) - Creating Metrics Registry : ratis.server.09b3564f-e143-4bea-91ea-9b4b381dcd28@group-D8F75579A9D7
2020-05-12 08:29:29,845 [pool-131-thread-1] INFO  impl.RaftServerImpl (RaftServerImpl.java:start(184)) - 09b3564f-e143-4bea-91ea-9b4b381dcd28@group-D8F75579A9D7: start as a follower, conf=-1: [c043dc70-26a6-4e02-93ca-a0ed89699d62:172.17.0.2:42977, 09b3564f-e143-4bea-91ea-9b4b381dcd28:172.17.0.2:35993, 9c8373a7-fbd6-45e8-9aa3-0f89321ba3b3:172.17.0.2:35097], old=null
2020-05-12 08:29:29,845 [pool-131-thread-1] INFO  impl.RaftServerImpl (RaftServerImpl.java:setRole(173)) - 09b3564f-e143-4bea-91ea-9b4b381dcd28@group-D8F75579A9D7: changes role from      null to FOLLOWER at term 0 for startAsFollower
2020-05-12 08:29:29,845 [pool-131-thread-1] INFO  impl.RoleInfo (RoleInfo.java:updateAndGet(143)) - 09b3564f-e143-4bea-91ea-9b4b381dcd28: start FollowerState
2020-05-12 08:29:29,846 [pool-131-thread-1] INFO  util.JmxRegister (JmxRegister.java:tryRegister(44)) - Successfully registered JMX Bean with object name Ratis:service=RaftServer,group=group-D8F75579A9D7,id=09b3564f-e143-4bea-91ea-9b4b381dcd28
2020-05-12 08:29:29,846 [pool-131-thread-1] INFO  metrics.RatisMetrics (RatisMetrics.java:lambda$create$0(39)) - Creating Metrics Registry : ratis.state_machine.09b3564f-e143-4bea-91ea-9b4b381dcd28@group-D8F75579A9D7
2020-05-12 08:29:29,898 [Command processor thread] INFO  impl.RaftServerProxy (RaftServerProxy.java:addNew(89)) - 9c8373a7-fbd6-45e8-9aa3-0f89321ba3b3: addNew group-AB1680387A48:[9c8373a7-fbd6-45e8-9aa3-0f89321ba3b3:172.17.0.2:35097] returns group-AB1680387A48:java.util.concurrent.CompletableFuture@51dd69d5[Not completed]
2020-05-12 08:29:29,908 [pool-147-thread-1] INFO  impl.RaftServerImpl (RaftServerImpl.java:<init>(98)) - 9c8373a7-fbd6-45e8-9aa3-0f89321ba3b3: new RaftServerImpl for group-AB1680387A48:[9c8373a7-fbd6-45e8-9aa3-0f89321ba3b3:172.17.0.2:35097] with ContainerStateMachine:uninitialized
2020-05-12 08:29:29,909 [pool-147-thread-1] INFO  server.RaftServerConfigKeys (ConfUtils.java:logGet(44)) - raft.server.rpc.timeout.min = 5s (custom)
2020-05-12 08:29:29,909 [pool-147-thread-1] INFO  server.RaftServerConfigKeys (ConfUtils.java:logGet(44)) - raft.server.rpc.timeout.max = 5200ms (custom)
2020-05-12 08:29:29,909 [pool-147-thread-1] INFO  server.RaftServerConfigKeys (ConfUtils.java:logGet(44)) - raft.server.rpcslowness.timeout = 300s (custom)
2020-05-12 08:29:29,909 [pool-147-thread-1] INFO  server.RaftServerConfigKeys (ConfUtils.java:logGet(44)) - raft.server.sleep.deviation.threshold = 300 (default)
2020-05-12 08:29:29,909 [pool-147-thread-1] INFO  server.RaftServerConfigKeys (ConfUtils.java:logGet(44)) - raft.server.log.appender.install.snapshot.enabled = false (custom)
2020-05-12 08:29:29,910 [pool-147-thread-1] INFO  impl.RaftServerImpl (ServerState.java:<init>(103)) - 9c8373a7-fbd6-45e8-9aa3-0f89321ba3b3@group-AB1680387A48: ConfigurationManager, init=-1: [9c8373a7-fbd6-45e8-9aa3-0f89321ba3b3:172.17.0.2:35097], old=null, confs=<EMPTY_MAP>
2020-05-12 08:29:29,910 [pool-147-thread-1] INFO  server.RaftServerConfigKeys (ConfUtils.java:logGet(44)) - raft.server.storage.dir = [/github/workspace/mnt/ozone/hadoop-ozone/integration-test/target/test-dir/MiniOzoneClusterImpl-b9f4991b-e4de-40e3-b3af-34f99860be45/datanode-7/data/ratis] (custom)
2020-05-12 08:29:29,910 [pool-147-thread-1] INFO  server.RaftServerConfigKeys (ConfUtils.java:logGet(44)) - raft.server.log.corruption.policy = EXCEPTION (default)
2020-05-12 08:29:29,919 [pool-147-thread-1] INFO  storage.RaftStorageDirectory (RaftStorageDirectory.java:analyzeStorage(261)) - The storage directory /github/workspace/mnt/ozone/hadoop-ozone/integration-test/target/test-dir/MiniOzoneClusterImpl-b9f4991b-e4de-40e3-b3af-34f99860be45/datanode-7/data/ratis/847e456b-55a3-42b6-ba61-ab1680387a48 does not exist. Creating ...
2020-05-12 08:29:29,921 [pool-147-thread-1] INFO  storage.RaftStorageDirectory (RaftStorageDirectory.java:tryLock(343)) - Lock on /github/workspace/mnt/ozone/hadoop-ozone/integration-test/target/test-dir/MiniOzoneClusterImpl-b9f4991b-e4de-40e3-b3af-34f99860be45/datanode-7/data/ratis/847e456b-55a3-42b6-ba61-ab1680387a48/in_use.lock acquired by nodename 6349@cda64759c3a5
2020-05-12 08:29:29,925 [pool-147-thread-1] INFO  storage.RaftStorage (RaftStorage.java:format(84)) - Storage directory /github/workspace/mnt/ozone/hadoop-ozone/integration-test/target/test-dir/MiniOzoneClusterImpl-b9f4991b-e4de-40e3-b3af-34f99860be45/datanode-7/data/ratis/847e456b-55a3-42b6-ba61-ab1680387a48 has been successfully formatted.
2020-05-12 08:29:29,929 [pool-147-thread-1] INFO  ratis.ContainerStateMachine (ContainerStateMachine.java:loadSnapshot(226)) - group-AB1680387A48: The snapshot info is null. Setting the last applied indexto:(t:0, i:~)
2020-05-12 08:29:29,930 [pool-147-thread-1] INFO  server.RaftServerConfigKeys (ConfUtils.java:logGet(44)) - raft.server.notification.no-leader.timeout = 60s (default)
2020-05-12 08:29:29,930 [pool-147-thread-1] INFO  server.RaftServerConfigKeys (ConfUtils.java:logGet(44)) - raft.server.log.use.memory = false (default)
2020-05-12 08:29:29,930 [pool-147-thread-1] INFO  server.RaftServerConfigKeys (ConfUtils.java:logGet(44)) - raft.server.log.purge.gap = 1000000 (custom)
2020-05-12 08:29:29,931 [pool-147-thread-1] INFO  server.RaftServerConfigKeys (ConfUtils.java:logGet(44)) - raft.server.log.appender.buffer.byte-limit = 33554432 (custom)
2020-05-12 08:29:29,931 [pool-147-thread-1] INFO  server.RaftServerConfigKeys (ConfUtils.java:logGet(44)) - raft.server.log.segment.size.max = 1048576 (custom)
2020-05-12 08:29:29,931 [pool-147-thread-1] INFO  metrics.RatisMetrics (RatisMetrics.java:lambda$create$0(39)) - Creating Metrics Registry : ratis.log_worker.9c8373a7-fbd6-45e8-9aa3-0f89321ba3b3
2020-05-12 08:29:29,931 [pool-147-thread-1] INFO  server.RaftServerConfigKeys (ConfUtils.java:logGet(44)) - raft.server.log.segment.cache.num.max = 2 (custom)
2020-05-12 08:29:29,932 [pool-147-thread-1] INFO  segmented.SegmentedRaftLogWorker (SegmentedRaftLogWorker.java:<init>(176)) - new 9c8373a7-fbd6-45e8-9aa3-0f89321ba3b3@group-AB1680387A48-SegmentedRaftLogWorker for RaftStorage:Storage Directory /github/workspace/mnt/ozone/hadoop-ozone/integration-test/target/test-dir/MiniOzoneClusterImpl-b9f4991b-e4de-40e3-b3af-34f99860be45/datanode-7/data/ratis/847e456b-55a3-42b6-ba61-ab1680387a48
2020-05-12 08:29:29,932 [pool-147-thread-1] INFO  server.RaftServerConfigKeys (ConfUtils.java:logGet(44)) - raft.server.log.queue.byte-limit = 2147483647 (custom)
2020-05-12 08:29:29,932 [pool-147-thread-1] INFO  server.RaftServerConfigKeys (ConfUtils.java:logGet(44)) - raft.server.log.queue.element-limit = 1024 (custom)
2020-05-12 08:29:29,932 [pool-147-thread-1] INFO  server.RaftServerConfigKeys (ConfUtils.java:logGet(44)) - raft.server.log.segment.size.max = 1048576 (custom)
2020-05-12 08:29:29,932 [pool-147-thread-1] INFO  server.RaftServerConfigKeys (ConfUtils.java:logGet(44)) - raft.server.log.preallocated.size = 16384 (custom)
2020-05-12 08:29:29,932 [pool-147-thread-1] INFO  server.RaftServerConfigKeys (ConfUtils.java:logGet(44)) - raft.server.log.write.buffer.size = 1048576 (custom)
2020-05-12 08:29:29,932 [pool-147-thread-1] INFO  server.RaftServerConfigKeys (ConfUtils.java:logGet(44)) - raft.server.log.force.sync.num = 128 (default)
2020-05-12 08:29:29,932 [pool-147-thread-1] INFO  server.RaftServerConfigKeys (ConfUtils.java:logGet(44)) - raft.server.log.statemachine.data.sync = true (default)
2020-05-12 08:29:29,932 [pool-147-thread-1] INFO  server.RaftServerConfigKeys (ConfUtils.java:logGet(44)) - raft.server.log.statemachine.data.sync.timeout = 10s (default)
2020-05-12 08:29:29,932 [pool-147-thread-1] INFO  server.RaftServerConfigKeys (ConfUtils.java:logGet(44)) - raft.server.log.statemachine.data.sync.timeout.retry = -1 (default)
2020-05-12 08:29:29,937 [pool-147-thread-1] INFO  server.RaftServerConfigKeys (ConfUtils.java:logGet(44)) - raft.server.log.statemachine.data.caching.enabled = true (custom)
2020-05-12 08:29:29,938 [pool-147-thread-1] INFO  segmented.SegmentedRaftLogWorker (SegmentedRaftLogWorker.java:lambda$new$0(129)) - 9c8373a7-fbd6-45e8-9aa3-0f89321ba3b3@group-AB1680387A48-SegmentedRaftLogWorker: flushIndex: setUnconditionally 0 -> -1
2020-05-12 08:29:29,941 [EventQueue-PipelineReportForPipelineReportHandler] INFO  pipeline.PipelineStateManager (PipelineStateManager.java:openPipeline(131)) - Pipeline Pipeline[ Id: 847e456b-55a3-42b6-ba61-ab1680387a48, Nodes: 9c8373a7-fbd6-45e8-9aa3-0f89321ba3b3{ip: 172.17.0.2, host: cda64759c3a5, networkLocation: /default-rack, certSerialId: null}, Type:RATIS, Factor:ONE, State:ALLOCATED, leaderId:9c8373a7-fbd6-45e8-9aa3-0f89321ba3b3, CreationTimestamp2020-05-12T08:29:26.895Z] moved to OPEN state
2020-05-12 08:29:29,941 [EventQueue-OpenPipelineForOneReplicaPipelineSafeModeRule] INFO  safemode.SCMSafeModeManager (SCMSafeModeManager.java:validateSafeModeExitRules(213)) - AtleastOneDatanodeReportedRule rule is successfully validated
2020-05-12 08:29:29,941 [EventQueue-OpenPipelineForHealthyPipelineSafeModeRule] INFO  safemode.SCMSafeModeManager (HealthyPipelineSafeModeRule.java:process(132)) - SCM in safe mode. Healthy pipelines reported count is 0, required healthy pipeline reported count is 1
2020-05-12 08:29:29,942 [pool-147-thread-1] INFO  server.RaftServerConfigKeys (ConfUtils.java:logGet(44)) - raft.server.snapshot.auto.trigger.enabled = true (custom)
2020-05-12 08:29:29,942 [pool-147-thread-1] INFO  server.RaftServerConfigKeys (ConfUtils.java:logGet(44)) - raft.server.snapshot.auto.trigger.threshold = 10000 (custom)
2020-05-12 08:29:29,942 [pool-147-thread-1] INFO  server.RaftServerConfigKeys (ConfUtils.java:logGet(44)) - raft.server.snapshot.retention.file.num = 5 (custom)
2020-05-12 08:29:29,942 [pool-147-thread-1] INFO  server.RaftServerConfigKeys (ConfUtils.java:logGet(44)) - raft.server.log.purge.upto.snapshot.index = false (default)
2020-05-12 08:29:29,942 [pool-147-thread-1] INFO  server.RaftServerConfigKeys (ConfUtils.java:logGet(44)) - raft.server.retrycache.expirytime = 600000ms (custom)
2020-05-12 08:29:29,942 [pool-147-thread-1] INFO  metrics.RatisMetrics (RatisMetrics.java:lambda$create$0(39)) - Creating Metrics Registry : ratis.leader_election.9c8373a7-fbd6-45e8-9aa3-0f89321ba3b3@group-AB1680387A48
2020-05-12 08:29:29,943 [pool-147-thread-1] INFO  metrics.RatisMetrics (RatisMetrics.java:lambda$create$0(39)) - Creating Metrics Registry : ratis.server.9c8373a7-fbd6-45e8-9aa3-0f89321ba3b3@group-AB1680387A48
2020-05-12 08:29:29,954 [pool-147-thread-1] INFO  impl.RaftServerImpl (RaftServerImpl.java:start(184)) - 9c8373a7-fbd6-45e8-9aa3-0f89321ba3b3@group-AB1680387A48: start as a follower, conf=-1: [9c8373a7-fbd6-45e8-9aa3-0f89321ba3b3:172.17.0.2:35097], old=null
2020-05-12 08:29:29,954 [pool-147-thread-1] INFO  impl.RaftServerImpl (RaftServerImpl.java:setRole(173)) - 9c8373a7-fbd6-45e8-9aa3-0f89321ba3b3@group-AB1680387A48: changes role from      null to FOLLOWER at term 0 for startAsFollower
2020-05-12 08:29:29,954 [pool-147-thread-1] INFO  impl.RoleInfo (RoleInfo.java:updateAndGet(143)) - 9c8373a7-fbd6-45e8-9aa3-0f89321ba3b3: start FollowerState
2020-05-12 08:29:29,954 [pool-147-thread-1] INFO  util.JmxRegister (JmxRegister.java:tryRegister(44)) - Successfully registered JMX Bean with object name Ratis:service=RaftServer,group=group-AB1680387A48,id=9c8373a7-fbd6-45e8-9aa3-0f89321ba3b3
2020-05-12 08:29:29,954 [pool-147-thread-1] INFO  metrics.RatisMetrics (RatisMetrics.java:lambda$create$0(39)) - Creating Metrics Registry : ratis.state_machine.9c8373a7-fbd6-45e8-9aa3-0f89321ba3b3@group-AB1680387A48
2020-05-12 08:29:30,006 [Command processor thread] INFO  commandhandler.CreatePipelineCommandHandler (CreatePipelineCommandHandler.java:handle(109)) - Created Pipeline RATIS ONE #id: "847e456b-55a3-42b6-ba61-ab1680387a48"
.
2020-05-12 08:29:30,008 [Command processor thread] INFO  impl.RaftServerProxy (RaftServerProxy.java:addNew(89)) - 9c8373a7-fbd6-45e8-9aa3-0f89321ba3b3: addNew group-D8F75579A9D7:[c043dc70-26a6-4e02-93ca-a0ed89699d62:172.17.0.2:42977, 09b3564f-e143-4bea-91ea-9b4b381dcd28:172.17.0.2:35993, 9c8373a7-fbd6-45e8-9aa3-0f89321ba3b3:172.17.0.2:35097] returns group-D8F75579A9D7:java.util.concurrent.CompletableFuture@55e2e736[Not completed]
2020-05-12 08:29:30,010 [pool-147-thread-1] INFO  impl.RaftServerImpl (RaftServerImpl.java:<init>(98)) - 9c8373a7-fbd6-45e8-9aa3-0f89321ba3b3: new RaftServerImpl for group-D8F75579A9D7:[c043dc70-26a6-4e02-93ca-a0ed89699d62:172.17.0.2:42977, 09b3564f-e143-4bea-91ea-9b4b381dcd28:172.17.0.2:35993, 9c8373a7-fbd6-45e8-9aa3-0f89321ba3b3:172.17.0.2:35097] with ContainerStateMachine:uninitialized
2020-05-12 08:29:30,011 [pool-147-thread-1] INFO  server.RaftServerConfigKeys (ConfUtils.java:logGet(44)) - raft.server.rpc.timeout.min = 5s (custom)
2020-05-12 08:29:30,011 [pool-147-thread-1] INFO  server.RaftServerConfigKeys (ConfUtils.java:logGet(44)) - raft.server.rpc.timeout.max = 5200ms (custom)
2020-05-12 08:29:30,011 [pool-147-thread-1] INFO  server.RaftServerConfigKeys (ConfUtils.java:logGet(44)) - raft.server.rpcslowness.timeout = 300s (custom)
2020-05-12 08:29:30,011 [pool-147-thread-1] INFO  server.RaftServerConfigKeys (ConfUtils.java:logGet(44)) - raft.server.sleep.deviation.threshold = 300 (default)
2020-05-12 08:29:30,011 [pool-147-thread-1] INFO  server.RaftServerConfigKeys (ConfUtils.java:logGet(44)) - raft.server.log.appender.install.snapshot.enabled = false (custom)
2020-05-12 08:29:30,011 [pool-147-thread-1] INFO  impl.RaftServerImpl (ServerState.java:<init>(103)) - 9c8373a7-fbd6-45e8-9aa3-0f89321ba3b3@group-D8F75579A9D7: ConfigurationManager, init=-1: [c043dc70-26a6-4e02-93ca-a0ed89699d62:172.17.0.2:42977, 09b3564f-e143-4bea-91ea-9b4b381dcd28:172.17.0.2:35993, 9c8373a7-fbd6-45e8-9aa3-0f89321ba3b3:172.17.0.2:35097], old=null, confs=<EMPTY_MAP>
2020-05-12 08:29:30,011 [pool-147-thread-1] INFO  server.RaftServerConfigKeys (ConfUtils.java:logGet(44)) - raft.server.storage.dir = [/github/workspace/mnt/ozone/hadoop-ozone/integration-test/target/test-dir/MiniOzoneClusterImpl-b9f4991b-e4de-40e3-b3af-34f99860be45/datanode-7/data/ratis] (custom)
2020-05-12 08:29:30,011 [pool-147-thread-1] INFO  server.RaftServerConfigKeys (ConfUtils.java:logGet(44)) - raft.server.log.corruption.policy = EXCEPTION (default)
2020-05-12 08:29:30,011 [pool-147-thread-1] INFO  storage.RaftStorageDirectory (RaftStorageDirectory.java:analyzeStorage(261)) - The storage directory /github/workspace/mnt/ozone/hadoop-ozone/integration-test/target/test-dir/MiniOzoneClusterImpl-b9f4991b-e4de-40e3-b3af-34f99860be45/datanode-7/data/ratis/91035633-2b0a-41a9-9a8e-d8f75579a9d7 does not exist. Creating ...
2020-05-12 08:29:30,013 [pool-147-thread-1] INFO  storage.RaftStorageDirectory (RaftStorageDirectory.java:tryLock(343)) - Lock on /github/workspace/mnt/ozone/hadoop-ozone/integration-test/target/test-dir/MiniOzoneClusterImpl-b9f4991b-e4de-40e3-b3af-34f99860be45/datanode-7/data/ratis/91035633-2b0a-41a9-9a8e-d8f75579a9d7/in_use.lock acquired by nodename 6349@cda64759c3a5
2020-05-12 08:29:30,014 [pool-147-thread-1] INFO  storage.RaftStorage (RaftStorage.java:format(84)) - Storage directory /github/workspace/mnt/ozone/hadoop-ozone/integration-test/target/test-dir/MiniOzoneClusterImpl-b9f4991b-e4de-40e3-b3af-34f99860be45/datanode-7/data/ratis/91035633-2b0a-41a9-9a8e-d8f75579a9d7 has been successfully formatted.
2020-05-12 08:29:30,014 [pool-147-thread-1] INFO  ratis.ContainerStateMachine (ContainerStateMachine.java:loadSnapshot(226)) - group-D8F75579A9D7: The snapshot info is null. Setting the last applied indexto:(t:0, i:~)
2020-05-12 08:29:30,015 [pool-147-thread-1] INFO  server.RaftServerConfigKeys (ConfUtils.java:logGet(44)) - raft.server.notification.no-leader.timeout = 60s (default)
2020-05-12 08:29:30,015 [pool-147-thread-1] INFO  server.RaftServerConfigKeys (ConfUtils.java:logGet(44)) - raft.server.log.use.memory = false (default)
2020-05-12 08:29:30,015 [pool-147-thread-1] INFO  server.RaftServerConfigKeys (ConfUtils.java:logGet(44)) - raft.server.log.purge.gap = 1000000 (custom)
2020-05-12 08:29:30,015 [pool-147-thread-1] INFO  server.RaftServerConfigKeys (ConfUtils.java:logGet(44)) - raft.server.log.appender.buffer.byte-limit = 33554432 (custom)
2020-05-12 08:29:30,015 [pool-147-thread-1] INFO  server.RaftServerConfigKeys (ConfUtils.java:logGet(44)) - raft.server.log.segment.size.max = 1048576 (custom)
2020-05-12 08:29:30,015 [pool-147-thread-1] INFO  server.RaftServerConfigKeys (ConfUtils.java:logGet(44)) - raft.server.log.segment.cache.num.max = 2 (custom)
2020-05-12 08:29:30,015 [pool-147-thread-1] INFO  segmented.SegmentedRaftLogWorker (SegmentedRaftLogWorker.java:<init>(176)) - new 9c8373a7-fbd6-45e8-9aa3-0f89321ba3b3@group-D8F75579A9D7-SegmentedRaftLogWorker for RaftStorage:Storage Directory /github/workspace/mnt/ozone/hadoop-ozone/integration-test/target/test-dir/MiniOzoneClusterImpl-b9f4991b-e4de-40e3-b3af-34f99860be45/datanode-7/data/ratis/91035633-2b0a-41a9-9a8e-d8f75579a9d7
2020-05-12 08:29:30,015 [pool-147-thread-1] INFO  server.RaftServerConfigKeys (ConfUtils.java:logGet(44)) - raft.server.log.queue.byte-limit = 2147483647 (custom)
2020-05-12 08:29:30,017 [pool-147-thread-1] INFO  server.RaftServerConfigKeys (ConfUtils.java:logGet(44)) - raft.server.log.queue.element-limit = 1024 (custom)
2020-05-12 08:29:30,019 [pool-147-thread-1] INFO  server.RaftServerConfigKeys (ConfUtils.java:logGet(44)) - raft.server.log.segment.size.max = 1048576 (custom)
2020-05-12 08:29:30,019 [pool-147-thread-1] INFO  server.RaftServerConfigKeys (ConfUtils.java:logGet(44)) - raft.server.log.preallocated.size = 16384 (custom)
2020-05-12 08:29:30,019 [pool-147-thread-1] INFO  server.RaftServerConfigKeys (ConfUtils.java:logGet(44)) - raft.server.log.write.buffer.size = 1048576 (custom)
2020-05-12 08:29:30,019 [pool-147-thread-1] INFO  server.RaftServerConfigKeys (ConfUtils.java:logGet(44)) - raft.server.log.force.sync.num = 128 (default)
2020-05-12 08:29:30,019 [pool-147-thread-1] INFO  server.RaftServerConfigKeys (ConfUtils.java:logGet(44)) - raft.server.log.statemachine.data.sync = true (default)
2020-05-12 08:29:30,019 [pool-147-thread-1] INFO  server.RaftServerConfigKeys (ConfUtils.java:logGet(44)) - raft.server.log.statemachine.data.sync.timeout = 10s (default)
2020-05-12 08:29:30,019 [pool-147-thread-1] INFO  server.RaftServerConfigKeys (ConfUtils.java:logGet(44)) - raft.server.log.statemachine.data.sync.timeout.retry = -1 (default)
2020-05-12 08:29:30,019 [pool-147-thread-1] INFO  server.RaftServerConfigKeys (ConfUtils.java:logGet(44)) - raft.server.log.statemachine.data.caching.enabled = true (custom)
2020-05-12 08:29:30,022 [pool-147-thread-1] INFO  segmented.SegmentedRaftLogWorker (SegmentedRaftLogWorker.java:lambda$new$0(129)) - 9c8373a7-fbd6-45e8-9aa3-0f89321ba3b3@group-D8F75579A9D7-SegmentedRaftLogWorker: flushIndex: setUnconditionally 0 -> -1
2020-05-12 08:29:30,028 [pool-147-thread-1] INFO  server.RaftServerConfigKeys (ConfUtils.java:logGet(44)) - raft.server.snapshot.auto.trigger.enabled = true (custom)
2020-05-12 08:29:30,028 [pool-147-thread-1] INFO  server.RaftServerConfigKeys (ConfUtils.java:logGet(44)) - raft.server.snapshot.auto.trigger.threshold = 10000 (custom)
2020-05-12 08:29:30,028 [pool-147-thread-1] INFO  server.RaftServerConfigKeys (ConfUtils.java:logGet(44)) - raft.server.snapshot.retention.file.num = 5 (custom)
2020-05-12 08:29:30,028 [pool-147-thread-1] INFO  server.RaftServerConfigKeys (ConfUtils.java:logGet(44)) - raft.server.log.purge.upto.snapshot.index = false (default)
2020-05-12 08:29:30,028 [pool-147-thread-1] INFO  server.RaftServerConfigKeys (ConfUtils.java:logGet(44)) - raft.server.retrycache.expirytime = 600000ms (custom)
2020-05-12 08:29:30,029 [pool-147-thread-1] INFO  metrics.RatisMetrics (RatisMetrics.java:lambda$create$0(39)) - Creating Metrics Registry : ratis.leader_election.9c8373a7-fbd6-45e8-9aa3-0f89321ba3b3@group-D8F75579A9D7
2020-05-12 08:29:30,029 [pool-147-thread-1] INFO  metrics.RatisMetrics (RatisMetrics.java:lambda$create$0(39)) - Creating Metrics Registry : ratis.server.9c8373a7-fbd6-45e8-9aa3-0f89321ba3b3@group-D8F75579A9D7
2020-05-12 08:29:30,030 [pool-147-thread-1] INFO  impl.RaftServerImpl (RaftServerImpl.java:start(184)) - 9c8373a7-fbd6-45e8-9aa3-0f89321ba3b3@group-D8F75579A9D7: start as a follower, conf=-1: [c043dc70-26a6-4e02-93ca-a0ed89699d62:172.17.0.2:42977, 09b3564f-e143-4bea-91ea-9b4b381dcd28:172.17.0.2:35993, 9c8373a7-fbd6-45e8-9aa3-0f89321ba3b3:172.17.0.2:35097], old=null
2020-05-12 08:29:30,030 [pool-147-thread-1] INFO  impl.RaftServerImpl (RaftServerImpl.java:setRole(173)) - 9c8373a7-fbd6-45e8-9aa3-0f89321ba3b3@group-D8F75579A9D7: changes role from      null to FOLLOWER at term 0 for startAsFollower
2020-05-12 08:29:30,031 [pool-147-thread-1] INFO  impl.RoleInfo (RoleInfo.java:updateAndGet(143)) - 9c8373a7-fbd6-45e8-9aa3-0f89321ba3b3: start FollowerState
2020-05-12 08:29:30,039 [Command processor thread] INFO  impl.RaftServerProxy (RaftServerProxy.java:addNew(89)) - c043dc70-26a6-4e02-93ca-a0ed89699d62: addNew group-5292B3C524E3:[c043dc70-26a6-4e02-93ca-a0ed89699d62:172.17.0.2:42977] returns group-5292B3C524E3:java.util.concurrent.CompletableFuture@29d1b72f[Not completed]
2020-05-12 08:29:30,041 [pool-147-thread-1] INFO  util.JmxRegister (JmxRegister.java:tryRegister(44)) - Successfully registered JMX Bean with object name Ratis:service=RaftServer,group=group-D8F75579A9D7,id=9c8373a7-fbd6-45e8-9aa3-0f89321ba3b3
2020-05-12 08:29:30,041 [pool-147-thread-1] INFO  metrics.RatisMetrics (RatisMetrics.java:lambda$create$0(39)) - Creating Metrics Registry : ratis.state_machine.9c8373a7-fbd6-45e8-9aa3-0f89321ba3b3@group-D8F75579A9D7
2020-05-12 08:29:30,044 [pool-163-thread-1] INFO  impl.RaftServerImpl (RaftServerImpl.java:<init>(98)) - c043dc70-26a6-4e02-93ca-a0ed89699d62: new RaftServerImpl for group-5292B3C524E3:[c043dc70-26a6-4e02-93ca-a0ed89699d62:172.17.0.2:42977] with ContainerStateMachine:uninitialized
2020-05-12 08:29:30,044 [pool-163-thread-1] INFO  server.RaftServerConfigKeys (ConfUtils.java:logGet(44)) - raft.server.rpc.timeout.min = 5s (custom)
2020-05-12 08:29:30,044 [pool-163-thread-1] INFO  server.RaftServerConfigKeys (ConfUtils.java:logGet(44)) - raft.server.rpc.timeout.max = 5200ms (custom)
2020-05-12 08:29:30,044 [pool-163-thread-1] INFO  server.RaftServerConfigKeys (ConfUtils.java:logGet(44)) - raft.server.rpcslowness.timeout = 300s (custom)
2020-05-12 08:29:30,044 [pool-163-thread-1] INFO  server.RaftServerConfigKeys (ConfUtils.java:logGet(44)) - raft.server.sleep.deviation.threshold = 300 (default)
2020-05-12 08:29:30,044 [pool-163-thread-1] INFO  server.RaftServerConfigKeys (ConfUtils.java:logGet(44)) - raft.server.log.appender.install.snapshot.enabled = false (custom)
2020-05-12 08:29:30,044 [pool-163-thread-1] INFO  impl.RaftServerImpl (ServerState.java:<init>(103)) - c043dc70-26a6-4e02-93ca-a0ed89699d62@group-5292B3C524E3: ConfigurationManager, init=-1: [c043dc70-26a6-4e02-93ca-a0ed89699d62:172.17.0.2:42977], old=null, confs=<EMPTY_MAP>
2020-05-12 08:29:30,044 [pool-163-thread-1] INFO  server.RaftServerConfigKeys (ConfUtils.java:logGet(44)) - raft.server.storage.dir = [/github/workspace/mnt/ozone/hadoop-ozone/integration-test/target/test-dir/MiniOzoneClusterImpl-b9f4991b-e4de-40e3-b3af-34f99860be45/datanode-8/data/ratis] (custom)
2020-05-12 08:29:30,045 [pool-163-thread-1] INFO  server.RaftServerConfigKeys (ConfUtils.java:logGet(44)) - raft.server.log.corruption.policy = EXCEPTION (default)
2020-05-12 08:29:30,045 [pool-163-thread-1] INFO  storage.RaftStorageDirectory (RaftStorageDirectory.java:analyzeStorage(261)) - The storage directory /github/workspace/mnt/ozone/hadoop-ozone/integration-test/target/test-dir/MiniOzoneClusterImpl-b9f4991b-e4de-40e3-b3af-34f99860be45/datanode-8/data/ratis/821c2c33-2d06-4fd8-b415-5292b3c524e3 does not exist. Creating ...
2020-05-12 08:29:30,047 [pool-163-thread-1] INFO  storage.RaftStorageDirectory (RaftStorageDirectory.java:tryLock(343)) - Lock on /github/workspace/mnt/ozone/hadoop-ozone/integration-test/target/test-dir/MiniOzoneClusterImpl-b9f4991b-e4de-40e3-b3af-34f99860be45/datanode-8/data/ratis/821c2c33-2d06-4fd8-b415-5292b3c524e3/in_use.lock acquired by nodename 6349@cda64759c3a5
2020-05-12 08:29:30,048 [pool-163-thread-1] INFO  storage.RaftStorage (RaftStorage.java:format(84)) - Storage directory /github/workspace/mnt/ozone/hadoop-ozone/integration-test/target/test-dir/MiniOzoneClusterImpl-b9f4991b-e4de-40e3-b3af-34f99860be45/datanode-8/data/ratis/821c2c33-2d06-4fd8-b415-5292b3c524e3 has been successfully formatted.
2020-05-12 08:29:30,071 [pool-163-thread-1] INFO  ratis.ContainerStateMachine (ContainerStateMachine.java:loadSnapshot(226)) - group-5292B3C524E3: The snapshot info is null. Setting the last applied indexto:(t:0, i:~)
2020-05-12 08:29:30,072 [pool-163-thread-1] INFO  server.RaftServerConfigKeys (ConfUtils.java:logGet(44)) - raft.server.notification.no-leader.timeout = 60s (default)
2020-05-12 08:29:30,072 [pool-163-thread-1] INFO  server.RaftServerConfigKeys (ConfUtils.java:logGet(44)) - raft.server.log.use.memory = false (default)
2020-05-12 08:29:30,072 [pool-163-thread-1] INFO  server.RaftServerConfigKeys (ConfUtils.java:logGet(44)) - raft.server.log.purge.gap = 1000000 (custom)
2020-05-12 08:29:30,072 [pool-163-thread-1] INFO  server.RaftServerConfigKeys (ConfUtils.java:logGet(44)) - raft.server.log.appender.buffer.byte-limit = 33554432 (custom)
2020-05-12 08:29:30,072 [pool-163-thread-1] INFO  server.RaftServerConfigKeys (ConfUtils.java:logGet(44)) - raft.server.log.segment.size.max = 1048576 (custom)
2020-05-12 08:29:30,072 [pool-163-thread-1] INFO  metrics.RatisMetrics (RatisMetrics.java:lambda$create$0(39)) - Creating Metrics Registry : ratis.log_worker.c043dc70-26a6-4e02-93ca-a0ed89699d62
2020-05-12 08:29:30,072 [pool-163-thread-1] INFO  server.RaftServerConfigKeys (ConfUtils.java:logGet(44)) - raft.server.log.segment.cache.num.max = 2 (custom)
2020-05-12 08:29:30,072 [pool-163-thread-1] INFO  segmented.SegmentedRaftLogWorker (SegmentedRaftLogWorker.java:<init>(176)) - new c043dc70-26a6-4e02-93ca-a0ed89699d62@group-5292B3C524E3-SegmentedRaftLogWorker for RaftStorage:Storage Directory /github/workspace/mnt/ozone/hadoop-ozone/integration-test/target/test-dir/MiniOzoneClusterImpl-b9f4991b-e4de-40e3-b3af-34f99860be45/datanode-8/data/ratis/821c2c33-2d06-4fd8-b415-5292b3c524e3
2020-05-12 08:29:30,072 [pool-163-thread-1] INFO  server.RaftServerConfigKeys (ConfUtils.java:logGet(44)) - raft.server.log.queue.byte-limit = 2147483647 (custom)
2020-05-12 08:29:30,072 [pool-163-thread-1] INFO  server.RaftServerConfigKeys (ConfUtils.java:logGet(44)) - raft.server.log.queue.element-limit = 1024 (custom)
2020-05-12 08:29:30,073 [pool-163-thread-1] INFO  server.RaftServerConfigKeys (ConfUtils.java:logGet(44)) - raft.server.log.segment.size.max = 1048576 (custom)
2020-05-12 08:29:30,073 [pool-163-thread-1] INFO  server.RaftServerConfigKeys (ConfUtils.java:logGet(44)) - raft.server.log.preallocated.size = 16384 (custom)
2020-05-12 08:29:30,073 [pool-163-thread-1] INFO  server.RaftServerConfigKeys (ConfUtils.java:logGet(44)) - raft.server.log.write.buffer.size = 1048576 (custom)
2020-05-12 08:29:30,073 [pool-163-thread-1] INFO  server.RaftServerConfigKeys (ConfUtils.java:logGet(44)) - raft.server.log.force.sync.num = 128 (default)
2020-05-12 08:29:30,073 [pool-163-thread-1] INFO  server.RaftServerConfigKeys (ConfUtils.java:logGet(44)) - raft.server.log.statemachine.data.sync = true (default)
2020-05-12 08:29:30,073 [pool-163-thread-1] INFO  server.RaftServerConfigKeys (ConfUtils.java:logGet(44)) - raft.server.log.statemachine.data.sync.timeout = 10s (default)
2020-05-12 08:29:30,073 [pool-163-thread-1] INFO  server.RaftServerConfigKeys (ConfUtils.java:logGet(44)) - raft.server.log.statemachine.data.sync.timeout.retry = -1 (default)
2020-05-12 08:29:30,076 [EventQueue-PipelineReportForPipelineReportHandler] INFO  pipeline.PipelineStateManager (PipelineStateManager.java:openPipeline(131)) - Pipeline Pipeline[ Id: 821c2c33-2d06-4fd8-b415-5292b3c524e3, Nodes: c043dc70-26a6-4e02-93ca-a0ed89699d62{ip: 172.17.0.2, host: cda64759c3a5, networkLocation: /default-rack, certSerialId: null}, Type:RATIS, Factor:ONE, State:ALLOCATED, leaderId:c043dc70-26a6-4e02-93ca-a0ed89699d62, CreationTimestamp2020-05-12T08:29:27.042Z] moved to OPEN state
2020-05-12 08:29:30,076 [EventQueue-OpenPipelineForOneReplicaPipelineSafeModeRule] INFO  safemode.SCMSafeModeManager (SCMSafeModeManager.java:validateSafeModeExitRules(213)) - AtleastOneDatanodeReportedRule rule is successfully validated
2020-05-12 08:29:30,076 [EventQueue-OpenPipelineForHealthyPipelineSafeModeRule] INFO  safemode.SCMSafeModeManager (HealthyPipelineSafeModeRule.java:process(132)) - SCM in safe mode. Healthy pipelines reported count is 0, required healthy pipeline reported count is 1
2020-05-12 08:29:30,076 [pool-163-thread-1] INFO  server.RaftServerConfigKeys (ConfUtils.java:logGet(44)) - raft.server.log.statemachine.data.caching.enabled = true (custom)
2020-05-12 08:29:30,076 [pool-163-thread-1] INFO  segmented.SegmentedRaftLogWorker (SegmentedRaftLogWorker.java:lambda$new$0(129)) - c043dc70-26a6-4e02-93ca-a0ed89699d62@group-5292B3C524E3-SegmentedRaftLogWorker: flushIndex: setUnconditionally 0 -> -1
2020-05-12 08:29:30,078 [pool-163-thread-1] INFO  server.RaftServerConfigKeys (ConfUtils.java:logGet(44)) - raft.server.snapshot.auto.trigger.enabled = true (custom)
2020-05-12 08:29:30,078 [pool-163-thread-1] INFO  server.RaftServerConfigKeys (ConfUtils.java:logGet(44)) - raft.server.snapshot.auto.trigger.threshold = 10000 (custom)
2020-05-12 08:29:30,078 [pool-163-thread-1] INFO  server.RaftServerConfigKeys (ConfUtils.java:logGet(44)) - raft.server.snapshot.retention.file.num = 5 (custom)
2020-05-12 08:29:30,078 [pool-163-thread-1] INFO  server.RaftServerConfigKeys (ConfUtils.java:logGet(44)) - raft.server.log.purge.upto.snapshot.index = false (default)
2020-05-12 08:29:30,078 [pool-163-thread-1] INFO  server.RaftServerConfigKeys (ConfUtils.java:logGet(44)) - raft.server.retrycache.expirytime = 600000ms (custom)
2020-05-12 08:29:30,079 [pool-163-thread-1] INFO  metrics.RatisMetrics (RatisMetrics.java:lambda$create$0(39)) - Creating Metrics Registry : ratis.leader_election.c043dc70-26a6-4e02-93ca-a0ed89699d62@group-5292B3C524E3
2020-05-12 08:29:30,079 [pool-163-thread-1] INFO  metrics.RatisMetrics (RatisMetrics.java:lambda$create$0(39)) - Creating Metrics Registry : ratis.server.c043dc70-26a6-4e02-93ca-a0ed89699d62@group-5292B3C524E3
2020-05-12 08:29:30,080 [pool-163-thread-1] INFO  impl.RaftServerImpl (RaftServerImpl.java:start(184)) - c043dc70-26a6-4e02-93ca-a0ed89699d62@group-5292B3C524E3: start as a follower, conf=-1: [c043dc70-26a6-4e02-93ca-a0ed89699d62:172.17.0.2:42977], old=null
2020-05-12 08:29:30,080 [pool-163-thread-1] INFO  impl.RaftServerImpl (RaftServerImpl.java:setRole(173)) - c043dc70-26a6-4e02-93ca-a0ed89699d62@group-5292B3C524E3: changes role from      null to FOLLOWER at term 0 for startAsFollower
2020-05-12 08:29:30,080 [pool-163-thread-1] INFO  impl.RoleInfo (RoleInfo.java:updateAndGet(143)) - c043dc70-26a6-4e02-93ca-a0ed89699d62: start FollowerState
2020-05-12 08:29:30,085 [pool-163-thread-1] INFO  util.JmxRegister (JmxRegister.java:tryRegister(44)) - Successfully registered JMX Bean with object name Ratis:service=RaftServer,group=group-5292B3C524E3,id=c043dc70-26a6-4e02-93ca-a0ed89699d62
2020-05-12 08:29:30,086 [pool-163-thread-1] INFO  metrics.RatisMetrics (RatisMetrics.java:lambda$create$0(39)) - Creating Metrics Registry : ratis.state_machine.c043dc70-26a6-4e02-93ca-a0ed89699d62@group-5292B3C524E3
2020-05-12 08:29:30,091 [Command processor thread] INFO  commandhandler.CreatePipelineCommandHandler (CreatePipelineCommandHandler.java:handle(109)) - Created Pipeline RATIS ONE #id: "821c2c33-2d06-4fd8-b415-5292b3c524e3"
.
2020-05-12 08:29:30,091 [Command processor thread] INFO  impl.RaftServerProxy (RaftServerProxy.java:addNew(89)) - c043dc70-26a6-4e02-93ca-a0ed89699d62: addNew group-D8F75579A9D7:[c043dc70-26a6-4e02-93ca-a0ed89699d62:172.17.0.2:42977, 09b3564f-e143-4bea-91ea-9b4b381dcd28:172.17.0.2:35993, 9c8373a7-fbd6-45e8-9aa3-0f89321ba3b3:172.17.0.2:35097] returns group-D8F75579A9D7:java.util.concurrent.CompletableFuture@2dee26cd[Not completed]
2020-05-12 08:29:30,093 [pool-163-thread-1] INFO  impl.RaftServerImpl (RaftServerImpl.java:<init>(98)) - c043dc70-26a6-4e02-93ca-a0ed89699d62: new RaftServerImpl for group-D8F75579A9D7:[c043dc70-26a6-4e02-93ca-a0ed89699d62:172.17.0.2:42977, 09b3564f-e143-4bea-91ea-9b4b381dcd28:172.17.0.2:35993, 9c8373a7-fbd6-45e8-9aa3-0f89321ba3b3:172.17.0.2:35097] with ContainerStateMachine:uninitialized
2020-05-12 08:29:30,093 [pool-163-thread-1] INFO  server.RaftServerConfigKeys (ConfUtils.java:logGet(44)) - raft.server.rpc.timeout.min = 5s (custom)
2020-05-12 08:29:30,093 [pool-163-thread-1] INFO  server.RaftServerConfigKeys (ConfUtils.java:logGet(44)) - raft.server.rpc.timeout.max = 5200ms (custom)
2020-05-12 08:29:30,093 [pool-163-thread-1] INFO  server.RaftServerConfigKeys (ConfUtils.java:logGet(44)) - raft.server.rpcslowness.timeout = 300s (custom)
2020-05-12 08:29:30,094 [pool-163-thread-1] INFO  server.RaftServerConfigKeys (ConfUtils.java:logGet(44)) - raft.server.sleep.deviation.threshold = 300 (default)
2020-05-12 08:29:30,094 [pool-163-thread-1] INFO  server.RaftServerConfigKeys (ConfUtils.java:logGet(44)) - raft.server.log.appender.install.snapshot.enabled = false (custom)
2020-05-12 08:29:30,094 [pool-163-thread-1] INFO  impl.RaftServerImpl (ServerState.java:<init>(103)) - c043dc70-26a6-4e02-93ca-a0ed89699d62@group-D8F75579A9D7: ConfigurationManager, init=-1: [c043dc70-26a6-4e02-93ca-a0ed89699d62:172.17.0.2:42977, 09b3564f-e143-4bea-91ea-9b4b381dcd28:172.17.0.2:35993, 9c8373a7-fbd6-45e8-9aa3-0f89321ba3b3:172.17.0.2:35097], old=null, confs=<EMPTY_MAP>
2020-05-12 08:29:30,094 [pool-163-thread-1] INFO  server.RaftServerConfigKeys (ConfUtils.java:logGet(44)) - raft.server.storage.dir = [/github/workspace/mnt/ozone/hadoop-ozone/integration-test/target/test-dir/MiniOzoneClusterImpl-b9f4991b-e4de-40e3-b3af-34f99860be45/datanode-8/data/ratis] (custom)
2020-05-12 08:29:30,094 [pool-163-thread-1] INFO  server.RaftServerConfigKeys (ConfUtils.java:logGet(44)) - raft.server.log.corruption.policy = EXCEPTION (default)
2020-05-12 08:29:30,094 [pool-163-thread-1] INFO  storage.RaftStorageDirectory (RaftStorageDirectory.java:analyzeStorage(261)) - The storage directory /github/workspace/mnt/ozone/hadoop-ozone/integration-test/target/test-dir/MiniOzoneClusterImpl-b9f4991b-e4de-40e3-b3af-34f99860be45/datanode-8/data/ratis/91035633-2b0a-41a9-9a8e-d8f75579a9d7 does not exist. Creating ...
2020-05-12 08:29:30,096 [pool-163-thread-1] INFO  storage.RaftStorageDirectory (RaftStorageDirectory.java:tryLock(343)) - Lock on /github/workspace/mnt/ozone/hadoop-ozone/integration-test/target/test-dir/MiniOzoneClusterImpl-b9f4991b-e4de-40e3-b3af-34f99860be45/datanode-8/data/ratis/91035633-2b0a-41a9-9a8e-d8f75579a9d7/in_use.lock acquired by nodename 6349@cda64759c3a5
2020-05-12 08:29:30,098 [pool-163-thread-1] INFO  storage.RaftStorage (RaftStorage.java:format(84)) - Storage directory /github/workspace/mnt/ozone/hadoop-ozone/integration-test/target/test-dir/MiniOzoneClusterImpl-b9f4991b-e4de-40e3-b3af-34f99860be45/datanode-8/data/ratis/91035633-2b0a-41a9-9a8e-d8f75579a9d7 has been successfully formatted.
2020-05-12 08:29:30,098 [pool-163-thread-1] INFO  ratis.ContainerStateMachine (ContainerStateMachine.java:loadSnapshot(226)) - group-D8F75579A9D7: The snapshot info is null. Setting the last applied indexto:(t:0, i:~)
2020-05-12 08:29:30,098 [pool-163-thread-1] INFO  server.RaftServerConfigKeys (ConfUtils.java:logGet(44)) - raft.server.notification.no-leader.timeout = 60s (default)
2020-05-12 08:29:30,098 [pool-163-thread-1] INFO  server.RaftServerConfigKeys (ConfUtils.java:logGet(44)) - raft.server.log.use.memory = false (default)
2020-05-12 08:29:30,098 [pool-163-thread-1] INFO  server.RaftServerConfigKeys (ConfUtils.java:logGet(44)) - raft.server.log.purge.gap = 1000000 (custom)
2020-05-12 08:29:30,098 [pool-163-thread-1] INFO  server.RaftServerConfigKeys (ConfUtils.java:logGet(44)) - raft.server.log.appender.buffer.byte-limit = 33554432 (custom)
2020-05-12 08:29:30,098 [pool-163-thread-1] INFO  server.RaftServerConfigKeys (ConfUtils.java:logGet(44)) - raft.server.log.segment.size.max = 1048576 (custom)
2020-05-12 08:29:30,099 [pool-163-thread-1] INFO  server.RaftServerConfigKeys (ConfUtils.java:logGet(44)) - raft.server.log.segment.cache.num.max = 2 (custom)
2020-05-12 08:29:30,099 [pool-163-thread-1] INFO  segmented.SegmentedRaftLogWorker (SegmentedRaftLogWorker.java:<init>(176)) - new c043dc70-26a6-4e02-93ca-a0ed89699d62@group-D8F75579A9D7-SegmentedRaftLogWorker for RaftStorage:Storage Directory /github/workspace/mnt/ozone/hadoop-ozone/integration-test/target/test-dir/MiniOzoneClusterImpl-b9f4991b-e4de-40e3-b3af-34f99860be45/datanode-8/data/ratis/91035633-2b0a-41a9-9a8e-d8f75579a9d7
2020-05-12 08:29:30,099 [pool-163-thread-1] INFO  server.RaftServerConfigKeys (ConfUtils.java:logGet(44)) - raft.server.log.queue.byte-limit = 2147483647 (custom)
2020-05-12 08:29:30,100 [pool-163-thread-1] INFO  server.RaftServerConfigKeys (ConfUtils.java:logGet(44)) - raft.server.log.queue.element-limit = 1024 (custom)
2020-05-12 08:29:30,100 [pool-163-thread-1] INFO  server.RaftServerConfigKeys (ConfUtils.java:logGet(44)) - raft.server.log.segment.size.max = 1048576 (custom)
2020-05-12 08:29:30,100 [pool-163-thread-1] INFO  server.RaftServerConfigKeys (ConfUtils.java:logGet(44)) - raft.server.log.preallocated.size = 16384 (custom)
2020-05-12 08:29:30,100 [pool-163-thread-1] INFO  server.RaftServerConfigKeys (ConfUtils.java:logGet(44)) - raft.server.log.write.buffer.size = 1048576 (custom)
2020-05-12 08:29:30,100 [pool-163-thread-1] INFO  server.RaftServerConfigKeys (ConfUtils.java:logGet(44)) - raft.server.log.force.sync.num = 128 (default)
2020-05-12 08:29:30,100 [pool-163-thread-1] INFO  server.RaftServerConfigKeys (ConfUtils.java:logGet(44)) - raft.server.log.statemachine.data.sync = true (default)
2020-05-12 08:29:30,100 [pool-163-thread-1] INFO  server.RaftServerConfigKeys (ConfUtils.java:logGet(44)) - raft.server.log.statemachine.data.sync.timeout = 10s (default)
2020-05-12 08:29:30,100 [pool-163-thread-1] INFO  server.RaftServerConfigKeys (ConfUtils.java:logGet(44)) - raft.server.log.statemachine.data.sync.timeout.retry = -1 (default)
2020-05-12 08:29:30,101 [pool-163-thread-1] INFO  server.RaftServerConfigKeys (ConfUtils.java:logGet(44)) - raft.server.log.statemachine.data.caching.enabled = true (custom)
2020-05-12 08:29:30,101 [pool-163-thread-1] INFO  segmented.SegmentedRaftLogWorker (SegmentedRaftLogWorker.java:lambda$new$0(129)) - c043dc70-26a6-4e02-93ca-a0ed89699d62@group-D8F75579A9D7-SegmentedRaftLogWorker: flushIndex: setUnconditionally 0 -> -1
2020-05-12 08:29:30,101 [pool-163-thread-1] INFO  server.RaftServerConfigKeys (ConfUtils.java:logGet(44)) - raft.server.snapshot.auto.trigger.enabled = true (custom)
2020-05-12 08:29:30,101 [pool-163-thread-1] INFO  server.RaftServerConfigKeys (ConfUtils.java:logGet(44)) - raft.server.snapshot.auto.trigger.threshold = 10000 (custom)
2020-05-12 08:29:30,102 [pool-163-thread-1] INFO  server.RaftServerConfigKeys (ConfUtils.java:logGet(44)) - raft.server.snapshot.retention.file.num = 5 (custom)
2020-05-12 08:29:30,102 [pool-163-thread-1] INFO  server.RaftServerConfigKeys (ConfUtils.java:logGet(44)) - raft.server.log.purge.upto.snapshot.index = false (default)
2020-05-12 08:29:30,102 [pool-163-thread-1] INFO  server.RaftServerConfigKeys (ConfUtils.java:logGet(44)) - raft.server.retrycache.expirytime = 600000ms (custom)
2020-05-12 08:29:30,102 [pool-163-thread-1] INFO  metrics.RatisMetrics (RatisMetrics.java:lambda$create$0(39)) - Creating Metrics Registry : ratis.leader_election.c043dc70-26a6-4e02-93ca-a0ed89699d62@group-D8F75579A9D7
2020-05-12 08:29:30,103 [pool-163-thread-1] INFO  metrics.RatisMetrics (RatisMetrics.java:lambda$create$0(39)) - Creating Metrics Registry : ratis.server.c043dc70-26a6-4e02-93ca-a0ed89699d62@group-D8F75579A9D7
2020-05-12 08:29:30,104 [pool-163-thread-1] INFO  impl.RaftServerImpl (RaftServerImpl.java:start(184)) - c043dc70-26a6-4e02-93ca-a0ed89699d62@group-D8F75579A9D7: start as a follower, conf=-1: [c043dc70-26a6-4e02-93ca-a0ed89699d62:172.17.0.2:42977, 09b3564f-e143-4bea-91ea-9b4b381dcd28:172.17.0.2:35993, 9c8373a7-fbd6-45e8-9aa3-0f89321ba3b3:172.17.0.2:35097], old=null
2020-05-12 08:29:30,104 [pool-163-thread-1] INFO  impl.RaftServerImpl (RaftServerImpl.java:setRole(173)) - c043dc70-26a6-4e02-93ca-a0ed89699d62@group-D8F75579A9D7: changes role from      null to FOLLOWER at term 0 for startAsFollower
2020-05-12 08:29:30,104 [pool-163-thread-1] INFO  impl.RoleInfo (RoleInfo.java:updateAndGet(143)) - c043dc70-26a6-4e02-93ca-a0ed89699d62: start FollowerState
2020-05-12 08:29:30,105 [pool-163-thread-1] INFO  util.JmxRegister (JmxRegister.java:tryRegister(44)) - Successfully registered JMX Bean with object name Ratis:service=RaftServer,group=group-D8F75579A9D7,id=c043dc70-26a6-4e02-93ca-a0ed89699d62
2020-05-12 08:29:30,105 [pool-163-thread-1] INFO  metrics.RatisMetrics (RatisMetrics.java:lambda$create$0(39)) - Creating Metrics Registry : ratis.state_machine.c043dc70-26a6-4e02-93ca-a0ed89699d62@group-D8F75579A9D7
2020-05-12 08:29:30,134 [main] INFO  ozone.MiniOzoneClusterImpl (MiniOzoneClusterImpl.java:lambda$waitForClusterToBeReady$0(177)) - Nodes are ready. Got 10 of 10 DN Heartbeats.
2020-05-12 08:29:30,134 [main] INFO  ozone.MiniOzoneClusterImpl (MiniOzoneClusterImpl.java:lambda$waitForClusterToBeReady$0(180)) - Waiting for cluster to exit safe mode
2020-05-12 08:29:30,175 [Command processor thread] INFO  impl.RaftServerProxy (RaftServerProxy.java:addNew(89)) - b5abf918-0f3c-481c-b615-5390ef539260: addNew group-1D12C22AD048:[b5abf918-0f3c-481c-b615-5390ef539260:172.17.0.2:44925] returns group-1D12C22AD048:java.util.concurrent.CompletableFuture@5f49873e[Not completed]
2020-05-12 08:29:30,358 [pool-179-thread-1] INFO  impl.RaftServerImpl (RaftServerImpl.java:<init>(98)) - b5abf918-0f3c-481c-b615-5390ef539260: new RaftServerImpl for group-1D12C22AD048:[b5abf918-0f3c-481c-b615-5390ef539260:172.17.0.2:44925] with ContainerStateMachine:uninitialized
2020-05-12 08:29:30,358 [pool-179-thread-1] INFO  server.RaftServerConfigKeys (ConfUtils.java:logGet(44)) - raft.server.rpc.timeout.min = 5s (custom)
2020-05-12 08:29:30,359 [pool-179-thread-1] INFO  server.RaftServerConfigKeys (ConfUtils.java:logGet(44)) - raft.server.rpc.timeout.max = 5200ms (custom)
2020-05-12 08:29:30,359 [pool-179-thread-1] INFO  server.RaftServerConfigKeys (ConfUtils.java:logGet(44)) - raft.server.rpcslowness.timeout = 300s (custom)
2020-05-12 08:29:30,359 [pool-179-thread-1] INFO  server.RaftServerConfigKeys (ConfUtils.java:logGet(44)) - raft.server.sleep.deviation.threshold = 300 (default)
2020-05-12 08:29:30,359 [pool-179-thread-1] INFO  server.RaftServerConfigKeys (ConfUtils.java:logGet(44)) - raft.server.log.appender.install.snapshot.enabled = false (custom)
2020-05-12 08:29:30,359 [pool-179-thread-1] INFO  impl.RaftServerImpl (ServerState.java:<init>(103)) - b5abf918-0f3c-481c-b615-5390ef539260@group-1D12C22AD048: ConfigurationManager, init=-1: [b5abf918-0f3c-481c-b615-5390ef539260:172.17.0.2:44925], old=null, confs=<EMPTY_MAP>
2020-05-12 08:29:30,359 [pool-179-thread-1] INFO  server.RaftServerConfigKeys (ConfUtils.java:logGet(44)) - raft.server.storage.dir = [/github/workspace/mnt/ozone/hadoop-ozone/integration-test/target/test-dir/MiniOzoneClusterImpl-b9f4991b-e4de-40e3-b3af-34f99860be45/datanode-9/data/ratis] (custom)
2020-05-12 08:29:30,359 [pool-179-thread-1] INFO  server.RaftServerConfigKeys (ConfUtils.java:logGet(44)) - raft.server.log.corruption.policy = EXCEPTION (default)
2020-05-12 08:29:30,359 [pool-179-thread-1] INFO  storage.RaftStorageDirectory (RaftStorageDirectory.java:analyzeStorage(261)) - The storage directory /github/workspace/mnt/ozone/hadoop-ozone/integration-test/target/test-dir/MiniOzoneClusterImpl-b9f4991b-e4de-40e3-b3af-34f99860be45/datanode-9/data/ratis/2989563b-41d8-4087-9dc8-1d12c22ad048 does not exist. Creating ...
2020-05-12 08:29:30,368 [pool-179-thread-1] INFO  storage.RaftStorageDirectory (RaftStorageDirectory.java:tryLock(343)) - Lock on /github/workspace/mnt/ozone/hadoop-ozone/integration-test/target/test-dir/MiniOzoneClusterImpl-b9f4991b-e4de-40e3-b3af-34f99860be45/datanode-9/data/ratis/2989563b-41d8-4087-9dc8-1d12c22ad048/in_use.lock acquired by nodename 6349@cda64759c3a5
2020-05-12 08:29:30,370 [pool-179-thread-1] INFO  storage.RaftStorage (RaftStorage.java:format(84)) - Storage directory /github/workspace/mnt/ozone/hadoop-ozone/integration-test/target/test-dir/MiniOzoneClusterImpl-b9f4991b-e4de-40e3-b3af-34f99860be45/datanode-9/data/ratis/2989563b-41d8-4087-9dc8-1d12c22ad048 has been successfully formatted.
2020-05-12 08:29:30,373 [pool-179-thread-1] INFO  ratis.ContainerStateMachine (ContainerStateMachine.java:loadSnapshot(226)) - group-1D12C22AD048: The snapshot info is null. Setting the last applied indexto:(t:0, i:~)
2020-05-12 08:29:30,373 [pool-179-thread-1] INFO  server.RaftServerConfigKeys (ConfUtils.java:logGet(44)) - raft.server.notification.no-leader.timeout = 60s (default)
2020-05-12 08:29:30,373 [pool-179-thread-1] INFO  server.RaftServerConfigKeys (ConfUtils.java:logGet(44)) - raft.server.log.use.memory = false (default)
2020-05-12 08:29:30,374 [pool-179-thread-1] INFO  server.RaftServerConfigKeys (ConfUtils.java:logGet(44)) - raft.server.log.purge.gap = 1000000 (custom)
2020-05-12 08:29:30,374 [pool-179-thread-1] INFO  server.RaftServerConfigKeys (ConfUtils.java:logGet(44)) - raft.server.log.appender.buffer.byte-limit = 33554432 (custom)
2020-05-12 08:29:30,374 [pool-179-thread-1] INFO  server.RaftServerConfigKeys (ConfUtils.java:logGet(44)) - raft.server.log.segment.size.max = 1048576 (custom)
2020-05-12 08:29:30,374 [pool-179-thread-1] INFO  metrics.RatisMetrics (RatisMetrics.java:lambda$create$0(39)) - Creating Metrics Registry : ratis.log_worker.b5abf918-0f3c-481c-b615-5390ef539260
2020-05-12 08:29:30,374 [pool-179-thread-1] INFO  server.RaftServerConfigKeys (ConfUtils.java:logGet(44)) - raft.server.log.segment.cache.num.max = 2 (custom)
2020-05-12 08:29:30,374 [pool-179-thread-1] INFO  segmented.SegmentedRaftLogWorker (SegmentedRaftLogWorker.java:<init>(176)) - new b5abf918-0f3c-481c-b615-5390ef539260@group-1D12C22AD048-SegmentedRaftLogWorker for RaftStorage:Storage Directory /github/workspace/mnt/ozone/hadoop-ozone/integration-test/target/test-dir/MiniOzoneClusterImpl-b9f4991b-e4de-40e3-b3af-34f99860be45/datanode-9/data/ratis/2989563b-41d8-4087-9dc8-1d12c22ad048
2020-05-12 08:29:30,374 [pool-179-thread-1] INFO  server.RaftServerConfigKeys (ConfUtils.java:logGet(44)) - raft.server.log.queue.byte-limit = 2147483647 (custom)
2020-05-12 08:29:30,374 [pool-179-thread-1] INFO  server.RaftServerConfigKeys (ConfUtils.java:logGet(44)) - raft.server.log.queue.element-limit = 1024 (custom)
2020-05-12 08:29:30,374 [pool-179-thread-1] INFO  server.RaftServerConfigKeys (ConfUtils.java:logGet(44)) - raft.server.log.segment.size.max = 1048576 (custom)
2020-05-12 08:29:30,374 [pool-179-thread-1] INFO  server.RaftServerConfigKeys (ConfUtils.java:logGet(44)) - raft.server.log.preallocated.size = 16384 (custom)
2020-05-12 08:29:30,374 [pool-179-thread-1] INFO  server.RaftServerConfigKeys (ConfUtils.java:logGet(44)) - raft.server.log.write.buffer.size = 1048576 (custom)
2020-05-12 08:29:30,375 [pool-179-thread-1] INFO  server.RaftServerConfigKeys (ConfUtils.java:logGet(44)) - raft.server.log.force.sync.num = 128 (default)
2020-05-12 08:29:30,375 [pool-179-thread-1] INFO  server.RaftServerConfigKeys (ConfUtils.java:logGet(44)) - raft.server.log.statemachine.data.sync = true (default)
2020-05-12 08:29:30,375 [pool-179-thread-1] INFO  server.RaftServerConfigKeys (ConfUtils.java:logGet(44)) - raft.server.log.statemachine.data.sync.timeout = 10s (default)
2020-05-12 08:29:30,375 [pool-179-thread-1] INFO  server.RaftServerConfigKeys (ConfUtils.java:logGet(44)) - raft.server.log.statemachine.data.sync.timeout.retry = -1 (default)
2020-05-12 08:29:30,376 [pool-179-thread-1] INFO  server.RaftServerConfigKeys (ConfUtils.java:logGet(44)) - raft.server.log.statemachine.data.caching.enabled = true (custom)
2020-05-12 08:29:30,377 [pool-179-thread-1] INFO  segmented.SegmentedRaftLogWorker (SegmentedRaftLogWorker.java:lambda$new$0(129)) - b5abf918-0f3c-481c-b615-5390ef539260@group-1D12C22AD048-SegmentedRaftLogWorker: flushIndex: setUnconditionally 0 -> -1
2020-05-12 08:29:30,377 [pool-179-thread-1] INFO  server.RaftServerConfigKeys (ConfUtils.java:logGet(44)) - raft.server.snapshot.auto.trigger.enabled = true (custom)
2020-05-12 08:29:30,378 [pool-179-thread-1] INFO  server.RaftServerConfigKeys (ConfUtils.java:logGet(44)) - raft.server.snapshot.auto.trigger.threshold = 10000 (custom)
2020-05-12 08:29:30,378 [pool-179-thread-1] INFO  server.RaftServerConfigKeys (ConfUtils.java:logGet(44)) - raft.server.snapshot.retention.file.num = 5 (custom)
2020-05-12 08:29:30,378 [pool-179-thread-1] INFO  server.RaftServerConfigKeys (ConfUtils.java:logGet(44)) - raft.server.log.purge.upto.snapshot.index = false (default)
2020-05-12 08:29:30,378 [pool-179-thread-1] INFO  server.RaftServerConfigKeys (ConfUtils.java:logGet(44)) - raft.server.retrycache.expirytime = 600000ms (custom)
2020-05-12 08:29:30,378 [pool-179-thread-1] INFO  metrics.RatisMetrics (RatisMetrics.java:lambda$create$0(39)) - Creating Metrics Registry : ratis.leader_election.b5abf918-0f3c-481c-b615-5390ef539260@group-1D12C22AD048
2020-05-12 08:29:30,379 [pool-179-thread-1] INFO  metrics.RatisMetrics (RatisMetrics.java:lambda$create$0(39)) - Creating Metrics Registry : ratis.server.b5abf918-0f3c-481c-b615-5390ef539260@group-1D12C22AD048
2020-05-12 08:29:30,380 [EventQueue-PipelineReportForPipelineReportHandler] INFO  pipeline.PipelineStateManager (PipelineStateManager.java:openPipeline(131)) - Pipeline Pipeline[ Id: 2989563b-41d8-4087-9dc8-1d12c22ad048, Nodes: b5abf918-0f3c-481c-b615-5390ef539260{ip: 172.17.0.2, host: cda64759c3a5, networkLocation: /default-rack, certSerialId: null}, Type:RATIS, Factor:ONE, State:ALLOCATED, leaderId:b5abf918-0f3c-481c-b615-5390ef539260, CreationTimestamp2020-05-12T08:29:27.142Z] moved to OPEN state
2020-05-12 08:29:30,380 [EventQueue-OpenPipelineForOneReplicaPipelineSafeModeRule] INFO  safemode.SCMSafeModeManager (SCMSafeModeManager.java:validateSafeModeExitRules(213)) - AtleastOneDatanodeReportedRule rule is successfully validated
2020-05-12 08:29:30,381 [EventQueue-OpenPipelineForHealthyPipelineSafeModeRule] INFO  safemode.SCMSafeModeManager (HealthyPipelineSafeModeRule.java:process(132)) - SCM in safe mode. Healthy pipelines reported count is 0, required healthy pipeline reported count is 1
2020-05-12 08:29:30,381 [pool-179-thread-1] INFO  impl.RaftServerImpl (RaftServerImpl.java:start(184)) - b5abf918-0f3c-481c-b615-5390ef539260@group-1D12C22AD048: start as a follower, conf=-1: [b5abf918-0f3c-481c-b615-5390ef539260:172.17.0.2:44925], old=null
2020-05-12 08:29:30,382 [pool-179-thread-1] INFO  impl.RaftServerImpl (RaftServerImpl.java:setRole(173)) - b5abf918-0f3c-481c-b615-5390ef539260@group-1D12C22AD048: changes role from      null to FOLLOWER at term 0 for startAsFollower
2020-05-12 08:29:30,382 [pool-179-thread-1] INFO  impl.RoleInfo (RoleInfo.java:updateAndGet(143)) - b5abf918-0f3c-481c-b615-5390ef539260: start FollowerState
2020-05-12 08:29:30,382 [pool-179-thread-1] INFO  util.JmxRegister (JmxRegister.java:tryRegister(44)) - Successfully registered JMX Bean with object name Ratis:service=RaftServer,group=group-1D12C22AD048,id=b5abf918-0f3c-481c-b615-5390ef539260
2020-05-12 08:29:30,382 [pool-179-thread-1] INFO  metrics.RatisMetrics (RatisMetrics.java:lambda$create$0(39)) - Creating Metrics Registry : ratis.state_machine.b5abf918-0f3c-481c-b615-5390ef539260@group-1D12C22AD048
2020-05-12 08:29:30,383 [Command processor thread] INFO  commandhandler.CreatePipelineCommandHandler (CreatePipelineCommandHandler.java:handle(109)) - Created Pipeline RATIS ONE #id: "2989563b-41d8-4087-9dc8-1d12c22ad048"
.
2020-05-12 08:29:31,002 [Command processor thread] INFO  commandhandler.CreatePipelineCommandHandler (CreatePipelineCommandHandler.java:handle(109)) - Created Pipeline RATIS THREE #id: "f64e6500-462f-4c9a-880c-99df7a9aa550"
.
2020-05-12 08:29:31,008 [Command processor thread] INFO  commandhandler.CreatePipelineCommandHandler (CreatePipelineCommandHandler.java:handle(109)) - Created Pipeline RATIS THREE #id: "f64e6500-462f-4c9a-880c-99df7a9aa550"
.
2020-05-12 08:29:31,010 [Command processor thread] INFO  commandhandler.CreatePipelineCommandHandler (CreatePipelineCommandHandler.java:handle(109)) - Created Pipeline RATIS THREE #id: "91035633-2b0a-41a9-9a8e-d8f75579a9d7"
.
2020-05-12 08:29:31,026 [Command processor thread] INFO  commandhandler.CreatePipelineCommandHandler (CreatePipelineCommandHandler.java:handle(109)) - Created Pipeline RATIS THREE #id: "f64e6500-462f-4c9a-880c-99df7a9aa550"
.
2020-05-12 08:29:31,030 [Command processor thread] INFO  commandhandler.CreatePipelineCommandHandler (CreatePipelineCommandHandler.java:handle(109)) - Created Pipeline RATIS THREE #id: "91035633-2b0a-41a9-9a8e-d8f75579a9d7"
.
2020-05-12 08:29:31,031 [Command processor thread] INFO  commandhandler.CreatePipelineCommandHandler (CreatePipelineCommandHandler.java:handle(109)) - Created Pipeline RATIS THREE #id: "01b1e74f-13c0-4801-96c1-beb44cea78a5"
.
2020-05-12 08:29:31,032 [Command processor thread] INFO  commandhandler.CreatePipelineCommandHandler (CreatePipelineCommandHandler.java:handle(109)) - Created Pipeline RATIS THREE #id: "91035633-2b0a-41a9-9a8e-d8f75579a9d7"
.
2020-05-12 08:29:31,032 [Command processor thread] INFO  commandhandler.CreatePipelineCommandHandler (CreatePipelineCommandHandler.java:handle(109)) - Created Pipeline RATIS THREE #id: "01b1e74f-13c0-4801-96c1-beb44cea78a5"
.
2020-05-12 08:29:31,042 [Command processor thread] INFO  commandhandler.CreatePipelineCommandHandler (CreatePipelineCommandHandler.java:handle(109)) - Created Pipeline RATIS THREE #id: "01b1e74f-13c0-4801-96c1-beb44cea78a5"
.
2020-05-12 08:29:31,135 [main] INFO  ozone.MiniOzoneClusterImpl (MiniOzoneClusterImpl.java:lambda$waitForClusterToBeReady$0(177)) - Nodes are ready. Got 10 of 10 DN Heartbeats.
2020-05-12 08:29:31,135 [main] INFO  ozone.MiniOzoneClusterImpl (MiniOzoneClusterImpl.java:lambda$waitForClusterToBeReady$0(180)) - Waiting for cluster to exit safe mode
2020-05-12 08:29:32,135 [main] INFO  ozone.MiniOzoneClusterImpl (MiniOzoneClusterImpl.java:lambda$waitForClusterToBeReady$0(177)) - Nodes are ready. Got 10 of 10 DN Heartbeats.
2020-05-12 08:29:32,136 [main] INFO  ozone.MiniOzoneClusterImpl (MiniOzoneClusterImpl.java:lambda$waitForClusterToBeReady$0(180)) - Waiting for cluster to exit safe mode
2020-05-12 08:29:33,136 [main] INFO  ozone.MiniOzoneClusterImpl (MiniOzoneClusterImpl.java:lambda$waitForClusterToBeReady$0(177)) - Nodes are ready. Got 10 of 10 DN Heartbeats.
2020-05-12 08:29:33,136 [main] INFO  ozone.MiniOzoneClusterImpl (MiniOzoneClusterImpl.java:lambda$waitForClusterToBeReady$0(180)) - Waiting for cluster to exit safe mode
2020-05-12 08:29:34,136 [main] INFO  ozone.MiniOzoneClusterImpl (MiniOzoneClusterImpl.java:lambda$waitForClusterToBeReady$0(177)) - Nodes are ready. Got 10 of 10 DN Heartbeats.
2020-05-12 08:29:34,137 [main] INFO  ozone.MiniOzoneClusterImpl (MiniOzoneClusterImpl.java:lambda$waitForClusterToBeReady$0(180)) - Waiting for cluster to exit safe mode
2020-05-12 08:29:34,595 [Thread-269] INFO  impl.FollowerState (FollowerState.java:run(108)) - 38d4cb02-2600-4c93-a46f-8bf8528a5cd0@group-1065137CD792-FollowerState: change to CANDIDATE, lastRpcTime:5139ms, electionTimeout:5135ms
2020-05-12 08:29:34,595 [Thread-275] INFO  impl.FollowerState (FollowerState.java:run(108)) - 38d4cb02-2600-4c93-a46f-8bf8528a5cd0@group-BEB44CEA78A5-FollowerState: change to CANDIDATE, lastRpcTime:5019ms, electionTimeout:5018ms
2020-05-12 08:29:34,598 [Thread-269] INFO  impl.RoleInfo (RoleInfo.java:shutdownFollowerState(121)) - 38d4cb02-2600-4c93-a46f-8bf8528a5cd0: shutdown FollowerState
2020-05-12 08:29:34,598 [Thread-275] INFO  impl.RoleInfo (RoleInfo.java:shutdownFollowerState(121)) - 38d4cb02-2600-4c93-a46f-8bf8528a5cd0: shutdown FollowerState
2020-05-12 08:29:34,598 [Thread-275] INFO  impl.RaftServerImpl (RaftServerImpl.java:setRole(173)) - 38d4cb02-2600-4c93-a46f-8bf8528a5cd0@group-BEB44CEA78A5: changes role from  FOLLOWER to CANDIDATE at term 0 for changeToCandidate
2020-05-12 08:29:34,598 [Thread-269] INFO  impl.RaftServerImpl (RaftServerImpl.java:setRole(173)) - 38d4cb02-2600-4c93-a46f-8bf8528a5cd0@group-1065137CD792: changes role from  FOLLOWER to CANDIDATE at term 0 for changeToCandidate
2020-05-12 08:29:34,601 [Thread-275] INFO  impl.RoleInfo (RoleInfo.java:updateAndGet(143)) - 38d4cb02-2600-4c93-a46f-8bf8528a5cd0: start LeaderElection
2020-05-12 08:29:34,601 [Thread-269] INFO  impl.RoleInfo (RoleInfo.java:updateAndGet(143)) - 38d4cb02-2600-4c93-a46f-8bf8528a5cd0: start LeaderElection
2020-05-12 08:29:34,611 [38d4cb02-2600-4c93-a46f-8bf8528a5cd0@group-BEB44CEA78A5-LeaderElection1] INFO  impl.LeaderElection (LeaderElection.java:askForVotes(206)) - 38d4cb02-2600-4c93-a46f-8bf8528a5cd0@group-BEB44CEA78A5-LeaderElection1: begin an election at term 1 for -1: [09a694a0-7314-423b-9f88-effda2c9bec5:172.17.0.2:32913, 38d4cb02-2600-4c93-a46f-8bf8528a5cd0:172.17.0.2:43713, 941dac77-9066-42cd-9c41-366eb2366cc5:172.17.0.2:39395], old=null
2020-05-12 08:29:34,614 [Thread-270] INFO  impl.FollowerState (FollowerState.java:run(108)) - 09a694a0-7314-423b-9f88-effda2c9bec5@group-9C2D44C4E548-FollowerState: change to CANDIDATE, lastRpcTime:5158ms, electionTimeout:5143ms
2020-05-12 08:29:34,615 [Thread-270] INFO  impl.RoleInfo (RoleInfo.java:shutdownFollowerState(121)) - 09a694a0-7314-423b-9f88-effda2c9bec5: shutdown FollowerState
2020-05-12 08:29:34,615 [Thread-270] INFO  impl.RaftServerImpl (RaftServerImpl.java:setRole(173)) - 09a694a0-7314-423b-9f88-effda2c9bec5@group-9C2D44C4E548: changes role from  FOLLOWER to CANDIDATE at term 0 for changeToCandidate
2020-05-12 08:29:34,615 [Thread-270] INFO  impl.RoleInfo (RoleInfo.java:updateAndGet(143)) - 09a694a0-7314-423b-9f88-effda2c9bec5: start LeaderElection
2020-05-12 08:29:34,617 [38d4cb02-2600-4c93-a46f-8bf8528a5cd0@group-1065137CD792-LeaderElection2] INFO  impl.LeaderElection (LeaderElection.java:askForVotes(206)) - 38d4cb02-2600-4c93-a46f-8bf8528a5cd0@group-1065137CD792-LeaderElection2: begin an election at term 1 for -1: [38d4cb02-2600-4c93-a46f-8bf8528a5cd0:172.17.0.2:43713], old=null
2020-05-12 08:29:34,633 [38d4cb02-2600-4c93-a46f-8bf8528a5cd0@group-1065137CD792-LeaderElection2] INFO  impl.RoleInfo (RoleInfo.java:shutdownLeaderElection(134)) - 38d4cb02-2600-4c93-a46f-8bf8528a5cd0: shutdown LeaderElection
2020-05-12 08:29:34,633 [38d4cb02-2600-4c93-a46f-8bf8528a5cd0@group-1065137CD792-LeaderElection2] INFO  impl.RaftServerImpl (RaftServerImpl.java:setRole(173)) - 38d4cb02-2600-4c93-a46f-8bf8528a5cd0@group-1065137CD792: changes role from CANDIDATE to LEADER at term 1 for changeToLeader
2020-05-12 08:29:34,633 [38d4cb02-2600-4c93-a46f-8bf8528a5cd0@group-1065137CD792-LeaderElection2] INFO  ratis.XceiverServerRatis (XceiverServerRatis.java:handleLeaderChangedNotification(762)) - Leader change notification received for group: group-1065137CD792 with new leaderId: 38d4cb02-2600-4c93-a46f-8bf8528a5cd0
2020-05-12 08:29:34,637 [38d4cb02-2600-4c93-a46f-8bf8528a5cd0@group-1065137CD792-LeaderElection2] INFO  impl.RaftServerImpl (ServerState.java:setLeader(255)) - 38d4cb02-2600-4c93-a46f-8bf8528a5cd0@group-1065137CD792: change Leader from null to 38d4cb02-2600-4c93-a46f-8bf8528a5cd0 at term 1 for becomeLeader, leader elected after 5325ms
2020-05-12 08:29:34,639 [09a694a0-7314-423b-9f88-effda2c9bec5@group-9C2D44C4E548-LeaderElection3] INFO  impl.LeaderElection (LeaderElection.java:askForVotes(206)) - 09a694a0-7314-423b-9f88-effda2c9bec5@group-9C2D44C4E548-LeaderElection3: begin an election at term 1 for -1: [09a694a0-7314-423b-9f88-effda2c9bec5:172.17.0.2:32913], old=null
2020-05-12 08:29:34,639 [09a694a0-7314-423b-9f88-effda2c9bec5@group-9C2D44C4E548-LeaderElection3] INFO  impl.RoleInfo (RoleInfo.java:shutdownLeaderElection(134)) - 09a694a0-7314-423b-9f88-effda2c9bec5: shutdown LeaderElection
2020-05-12 08:29:34,639 [09a694a0-7314-423b-9f88-effda2c9bec5@group-9C2D44C4E548-LeaderElection3] INFO  impl.RaftServerImpl (RaftServerImpl.java:setRole(173)) - 09a694a0-7314-423b-9f88-effda2c9bec5@group-9C2D44C4E548: changes role from CANDIDATE to LEADER at term 1 for changeToLeader
2020-05-12 08:29:34,639 [09a694a0-7314-423b-9f88-effda2c9bec5@group-9C2D44C4E548-LeaderElection3] INFO  ratis.XceiverServerRatis (XceiverServerRatis.java:handleLeaderChangedNotification(762)) - Leader change notification received for group: group-9C2D44C4E548 with new leaderId: 09a694a0-7314-423b-9f88-effda2c9bec5
2020-05-12 08:29:34,640 [09a694a0-7314-423b-9f88-effda2c9bec5@group-9C2D44C4E548-LeaderElection3] INFO  impl.RaftServerImpl (ServerState.java:setLeader(255)) - 09a694a0-7314-423b-9f88-effda2c9bec5@group-9C2D44C4E548: change Leader from null to 09a694a0-7314-423b-9f88-effda2c9bec5 at term 1 for becomeLeader, leader elected after 5399ms
2020-05-12 08:29:34,648 [09a694a0-7314-423b-9f88-effda2c9bec5@group-9C2D44C4E548-LeaderElection3] INFO  server.RaftServerConfigKeys (ConfUtils.java:logGet(44)) - raft.server.staging.catchup.gap = 1000 (default)
2020-05-12 08:29:34,648 [09a694a0-7314-423b-9f88-effda2c9bec5@group-9C2D44C4E548-LeaderElection3] INFO  server.RaftServerConfigKeys (ConfUtils.java:logGet(44)) - raft.server.rpc.sleep.time = 25ms (default)
2020-05-12 08:29:34,651 [38d4cb02-2600-4c93-a46f-8bf8528a5cd0@group-1065137CD792-LeaderElection2] INFO  server.RaftServerConfigKeys (ConfUtils.java:logGet(44)) - raft.server.staging.catchup.gap = 1000 (default)
2020-05-12 08:29:34,651 [38d4cb02-2600-4c93-a46f-8bf8528a5cd0@group-1065137CD792-LeaderElection2] INFO  server.RaftServerConfigKeys (ConfUtils.java:logGet(44)) - raft.server.rpc.sleep.time = 25ms (default)
2020-05-12 08:29:34,654 [38d4cb02-2600-4c93-a46f-8bf8528a5cd0@group-1065137CD792-LeaderElection2] INFO  metrics.RatisMetrics (RatisMetrics.java:lambda$create$0(39)) - Creating Metrics Registry : ratis.log_appender.38d4cb02-2600-4c93-a46f-8bf8528a5cd0@group-1065137CD792
2020-05-12 08:29:34,657 [38d4cb02-2600-4c93-a46f-8bf8528a5cd0@group-1065137CD792-LeaderElection2] INFO  server.RaftServerConfigKeys (ConfUtils.java:logGet(44)) - raft.server.write.element-limit = 1024 (custom)
2020-05-12 08:29:34,657 [09a694a0-7314-423b-9f88-effda2c9bec5@group-9C2D44C4E548-LeaderElection3] INFO  metrics.RatisMetrics (RatisMetrics.java:lambda$create$0(39)) - Creating Metrics Registry : ratis.log_appender.09a694a0-7314-423b-9f88-effda2c9bec5@group-9C2D44C4E548
2020-05-12 08:29:34,664 [09a694a0-7314-423b-9f88-effda2c9bec5@group-9C2D44C4E548-LeaderElection3] INFO  server.RaftServerConfigKeys (ConfUtils.java:logGet(44)) - raft.server.write.element-limit = 1024 (custom)
2020-05-12 08:29:34,665 [09a694a0-7314-423b-9f88-effda2c9bec5@group-9C2D44C4E548-LeaderElection3] INFO  server.RaftServerConfigKeys (ConfUtils.java:logGet(44)) - raft.server.write.byte-limit = 1073741824 (custom)
2020-05-12 08:29:34,664 [Thread-272] INFO  impl.FollowerState (FollowerState.java:run(108)) - 941dac77-9066-42cd-9c41-366eb2366cc5@group-CA46279CA1AF-FollowerState: change to CANDIDATE, lastRpcTime:5148ms, electionTimeout:5128ms
2020-05-12 08:29:34,666 [Thread-272] INFO  impl.RoleInfo (RoleInfo.java:shutdownFollowerState(121)) - 941dac77-9066-42cd-9c41-366eb2366cc5: shutdown FollowerState
2020-05-12 08:29:34,666 [Thread-272] INFO  impl.RaftServerImpl (RaftServerImpl.java:setRole(173)) - 941dac77-9066-42cd-9c41-366eb2366cc5@group-CA46279CA1AF: changes role from  FOLLOWER to CANDIDATE at term 0 for changeToCandidate
2020-05-12 08:29:34,666 [Thread-272] INFO  impl.RoleInfo (RoleInfo.java:updateAndGet(143)) - 941dac77-9066-42cd-9c41-366eb2366cc5: start LeaderElection
2020-05-12 08:29:34,672 [38d4cb02-2600-4c93-a46f-8bf8528a5cd0@group-1065137CD792-LeaderElection2] INFO  server.RaftServerConfigKeys (ConfUtils.java:logGet(44)) - raft.server.write.byte-limit = 1073741824 (custom)
2020-05-12 08:29:34,685 [Thread-282] INFO  impl.FollowerState (FollowerState.java:run(108)) - bc663c50-48a7-4374-8289-b8b0f40d041c@group-99DF7A9AA550-FollowerState: change to CANDIDATE, lastRpcTime:5034ms, electionTimeout:5003ms
2020-05-12 08:29:34,686 [Thread-282] INFO  impl.RoleInfo (RoleInfo.java:shutdownFollowerState(121)) - bc663c50-48a7-4374-8289-b8b0f40d041c: shutdown FollowerState
2020-05-12 08:29:34,686 [Thread-282] INFO  impl.RaftServerImpl (RaftServerImpl.java:setRole(173)) - bc663c50-48a7-4374-8289-b8b0f40d041c@group-99DF7A9AA550: changes role from  FOLLOWER to CANDIDATE at term 0 for changeToCandidate
2020-05-12 08:29:34,686 [Thread-282] INFO  impl.RoleInfo (RoleInfo.java:updateAndGet(143)) - bc663c50-48a7-4374-8289-b8b0f40d041c: start LeaderElection
2020-05-12 08:29:34,687 [38d4cb02-2600-4c93-a46f-8bf8528a5cd0@group-1065137CD792-LeaderElection2] INFO  server.RaftServerConfigKeys (ConfUtils.java:logGet(44)) - raft.server.watch.timeout = 180s (custom)
2020-05-12 08:29:34,687 [38d4cb02-2600-4c93-a46f-8bf8528a5cd0@group-1065137CD792-LeaderElection2] INFO  server.RaftServerConfigKeys (ConfUtils.java:logGet(44)) - raft.server.watch.timeout.denomination = 1s (default)
2020-05-12 08:29:34,688 [38d4cb02-2600-4c93-a46f-8bf8528a5cd0@group-1065137CD792-LeaderElection2] INFO  server.RaftServerConfigKeys (ConfUtils.java:logGet(44)) - raft.server.watch.element-limit = 65536 (default)
2020-05-12 08:29:34,693 [Thread-280] INFO  impl.FollowerState (FollowerState.java:run(108)) - 09a694a0-7314-423b-9f88-effda2c9bec5@group-BEB44CEA78A5-FollowerState: change to CANDIDATE, lastRpcTime:5082ms, electionTimeout:5046ms
2020-05-12 08:29:34,693 [Thread-280] INFO  impl.RoleInfo (RoleInfo.java:shutdownFollowerState(121)) - 09a694a0-7314-423b-9f88-effda2c9bec5: shutdown FollowerState
2020-05-12 08:29:34,693 [Thread-280] INFO  impl.RaftServerImpl (RaftServerImpl.java:setRole(173)) - 09a694a0-7314-423b-9f88-effda2c9bec5@group-BEB44CEA78A5: changes role from  FOLLOWER to CANDIDATE at term 0 for changeToCandidate
2020-05-12 08:29:34,693 [Thread-280] INFO  impl.RoleInfo (RoleInfo.java:updateAndGet(143)) - 09a694a0-7314-423b-9f88-effda2c9bec5: start LeaderElection
2020-05-12 08:29:34,695 [09a694a0-7314-423b-9f88-effda2c9bec5@group-9C2D44C4E548-LeaderElection3] INFO  server.RaftServerConfigKeys (ConfUtils.java:logGet(44)) - raft.server.watch.timeout = 180s (custom)
2020-05-12 08:29:34,695 [09a694a0-7314-423b-9f88-effda2c9bec5@group-9C2D44C4E548-LeaderElection3] INFO  server.RaftServerConfigKeys (ConfUtils.java:logGet(44)) - raft.server.watch.timeout.denomination = 1s (default)
2020-05-12 08:29:34,695 [09a694a0-7314-423b-9f88-effda2c9bec5@group-9C2D44C4E548-LeaderElection3] INFO  server.RaftServerConfigKeys (ConfUtils.java:logGet(44)) - raft.server.watch.element-limit = 65536 (default)
2020-05-12 08:29:34,703 [09a694a0-7314-423b-9f88-effda2c9bec5@group-9C2D44C4E548-LeaderElection3] INFO  impl.RoleInfo (RoleInfo.java:updateAndGet(143)) - 09a694a0-7314-423b-9f88-effda2c9bec5: start LeaderState
2020-05-12 08:29:34,707 [grpc-default-executor-2] INFO  impl.RaftServerImpl (RaftServerImpl.java:setRole(173)) - 941dac77-9066-42cd-9c41-366eb2366cc5@group-BEB44CEA78A5: changes role from  FOLLOWER to FOLLOWER at term 1 for recognizeCandidate:38d4cb02-2600-4c93-a46f-8bf8528a5cd0
2020-05-12 08:29:34,708 [941dac77-9066-42cd-9c41-366eb2366cc5@group-CA46279CA1AF-LeaderElection4] INFO  impl.LeaderElection (LeaderElection.java:askForVotes(206)) - 941dac77-9066-42cd-9c41-366eb2366cc5@group-CA46279CA1AF-LeaderElection4: begin an election at term 1 for -1: [941dac77-9066-42cd-9c41-366eb2366cc5:172.17.0.2:39395], old=null
2020-05-12 08:29:34,708 [941dac77-9066-42cd-9c41-366eb2366cc5@group-CA46279CA1AF-LeaderElection4] INFO  impl.RoleInfo (RoleInfo.java:shutdownLeaderElection(134)) - 941dac77-9066-42cd-9c41-366eb2366cc5: shutdown LeaderElection
2020-05-12 08:29:34,708 [941dac77-9066-42cd-9c41-366eb2366cc5@group-CA46279CA1AF-LeaderElection4] INFO  impl.RaftServerImpl (RaftServerImpl.java:setRole(173)) - 941dac77-9066-42cd-9c41-366eb2366cc5@group-CA46279CA1AF: changes role from CANDIDATE to LEADER at term 1 for changeToLeader
2020-05-12 08:29:34,708 [941dac77-9066-42cd-9c41-366eb2366cc5@group-CA46279CA1AF-LeaderElection4] INFO  ratis.XceiverServerRatis (XceiverServerRatis.java:handleLeaderChangedNotification(762)) - Leader change notification received for group: group-CA46279CA1AF with new leaderId: 941dac77-9066-42cd-9c41-366eb2366cc5
2020-05-12 08:29:34,708 [941dac77-9066-42cd-9c41-366eb2366cc5@group-CA46279CA1AF-LeaderElection4] INFO  impl.RaftServerImpl (ServerState.java:setLeader(255)) - 941dac77-9066-42cd-9c41-366eb2366cc5@group-CA46279CA1AF: change Leader from null to 941dac77-9066-42cd-9c41-366eb2366cc5 at term 1 for becomeLeader, leader elected after 5241ms
2020-05-12 08:29:34,709 [grpc-default-executor-2] INFO  impl.RoleInfo (RoleInfo.java:shutdownFollowerState(121)) - 941dac77-9066-42cd-9c41-366eb2366cc5: shutdown FollowerState
2020-05-12 08:29:34,709 [grpc-default-executor-2] INFO  impl.RoleInfo (RoleInfo.java:updateAndGet(143)) - 941dac77-9066-42cd-9c41-366eb2366cc5: start FollowerState
2020-05-12 08:29:34,709 [Thread-279] INFO  impl.FollowerState (FollowerState.java:run(117)) - 941dac77-9066-42cd-9c41-366eb2366cc5@group-BEB44CEA78A5-FollowerState was interrupted: java.lang.InterruptedException: sleep interrupted
2020-05-12 08:29:34,717 [941dac77-9066-42cd-9c41-366eb2366cc5@group-CA46279CA1AF-LeaderElection4] INFO  server.RaftServerConfigKeys (ConfUtils.java:logGet(44)) - raft.server.staging.catchup.gap = 1000 (default)
2020-05-12 08:29:34,717 [941dac77-9066-42cd-9c41-366eb2366cc5@group-CA46279CA1AF-LeaderElection4] INFO  server.RaftServerConfigKeys (ConfUtils.java:logGet(44)) - raft.server.rpc.sleep.time = 25ms (default)
2020-05-12 08:29:34,718 [941dac77-9066-42cd-9c41-366eb2366cc5@group-CA46279CA1AF-LeaderElection4] INFO  metrics.RatisMetrics (RatisMetrics.java:lambda$create$0(39)) - Creating Metrics Registry : ratis.log_appender.941dac77-9066-42cd-9c41-366eb2366cc5@group-CA46279CA1AF
2020-05-12 08:29:34,718 [941dac77-9066-42cd-9c41-366eb2366cc5@group-CA46279CA1AF-LeaderElection4] INFO  server.RaftServerConfigKeys (ConfUtils.java:logGet(44)) - raft.server.write.element-limit = 1024 (custom)
2020-05-12 08:29:34,718 [941dac77-9066-42cd-9c41-366eb2366cc5@group-CA46279CA1AF-LeaderElection4] INFO  server.RaftServerConfigKeys (ConfUtils.java:logGet(44)) - raft.server.write.byte-limit = 1073741824 (custom)
2020-05-12 08:29:34,719 [941dac77-9066-42cd-9c41-366eb2366cc5@group-CA46279CA1AF-LeaderElection4] INFO  server.RaftServerConfigKeys (ConfUtils.java:logGet(44)) - raft.server.watch.timeout = 180s (custom)
2020-05-12 08:29:34,719 [941dac77-9066-42cd-9c41-366eb2366cc5@group-CA46279CA1AF-LeaderElection4] INFO  server.RaftServerConfigKeys (ConfUtils.java:logGet(44)) - raft.server.watch.timeout.denomination = 1s (default)
2020-05-12 08:29:34,719 [941dac77-9066-42cd-9c41-366eb2366cc5@group-CA46279CA1AF-LeaderElection4] INFO  server.RaftServerConfigKeys (ConfUtils.java:logGet(44)) - raft.server.watch.element-limit = 65536 (default)
2020-05-12 08:29:34,719 [941dac77-9066-42cd-9c41-366eb2366cc5@group-CA46279CA1AF-LeaderElection4] INFO  impl.RoleInfo (RoleInfo.java:updateAndGet(143)) - 941dac77-9066-42cd-9c41-366eb2366cc5: start LeaderState
2020-05-12 08:29:34,720 [38d4cb02-2600-4c93-a46f-8bf8528a5cd0@group-1065137CD792-LeaderElection2] INFO  impl.RoleInfo (RoleInfo.java:updateAndGet(143)) - 38d4cb02-2600-4c93-a46f-8bf8528a5cd0: start LeaderState
2020-05-12 08:29:34,720 [grpc-default-executor-4] INFO  impl.RaftServerImpl (RaftServerImpl.java:setRole(173)) - 09a694a0-7314-423b-9f88-effda2c9bec5@group-BEB44CEA78A5: changes role from CANDIDATE to FOLLOWER at term 1 for recognizeCandidate:38d4cb02-2600-4c93-a46f-8bf8528a5cd0
2020-05-12 08:29:34,720 [bc663c50-48a7-4374-8289-b8b0f40d041c@group-99DF7A9AA550-LeaderElection5] INFO  impl.LeaderElection (LeaderElection.java:askForVotes(206)) - bc663c50-48a7-4374-8289-b8b0f40d041c@group-99DF7A9AA550-LeaderElection5: begin an election at term 1 for -1: [e58da56f-e7aa-4954-9d68-22abafeee072:172.17.0.2:43699, 98600e06-a104-49b0-9863-92305f30dbaf:172.17.0.2:33321, bc663c50-48a7-4374-8289-b8b0f40d041c:172.17.0.2:45491], old=null
2020-05-12 08:29:34,720 [grpc-default-executor-4] INFO  impl.RoleInfo (RoleInfo.java:shutdownLeaderElection(134)) - 09a694a0-7314-423b-9f88-effda2c9bec5: shutdown LeaderElection
2020-05-12 08:29:34,720 [grpc-default-executor-4] INFO  impl.RoleInfo (RoleInfo.java:updateAndGet(143)) - 09a694a0-7314-423b-9f88-effda2c9bec5: start FollowerState
2020-05-12 08:29:34,747 [grpc-default-executor-5] INFO  impl.RaftServerImpl (RaftServerImpl.java:setRole(173)) - e58da56f-e7aa-4954-9d68-22abafeee072@group-99DF7A9AA550: changes role from  FOLLOWER to FOLLOWER at term 1 for recognizeCandidate:bc663c50-48a7-4374-8289-b8b0f40d041c
2020-05-12 08:29:34,747 [grpc-default-executor-5] INFO  impl.RoleInfo (RoleInfo.java:shutdownFollowerState(121)) - e58da56f-e7aa-4954-9d68-22abafeee072: shutdown FollowerState
2020-05-12 08:29:34,747 [grpc-default-executor-5] INFO  impl.RoleInfo (RoleInfo.java:updateAndGet(143)) - e58da56f-e7aa-4954-9d68-22abafeee072: start FollowerState
2020-05-12 08:29:34,747 [Thread-288] INFO  impl.FollowerState (FollowerState.java:run(117)) - e58da56f-e7aa-4954-9d68-22abafeee072@group-99DF7A9AA550-FollowerState was interrupted: java.lang.InterruptedException: sleep interrupted
2020-05-12 08:29:34,748 [Thread-276] INFO  impl.FollowerState (FollowerState.java:run(108)) - bc663c50-48a7-4374-8289-b8b0f40d041c@group-18EE7DA58159-FollowerState: change to CANDIDATE, lastRpcTime:5177ms, electionTimeout:5165ms
2020-05-12 08:29:34,749 [Thread-276] INFO  impl.RoleInfo (RoleInfo.java:shutdownFollowerState(121)) - bc663c50-48a7-4374-8289-b8b0f40d041c: shutdown FollowerState
2020-05-12 08:29:34,749 [Thread-276] INFO  impl.RaftServerImpl (RaftServerImpl.java:setRole(173)) - bc663c50-48a7-4374-8289-b8b0f40d041c@group-18EE7DA58159: changes role from  FOLLOWER to CANDIDATE at term 0 for changeToCandidate
2020-05-12 08:29:34,749 [Thread-276] INFO  impl.RoleInfo (RoleInfo.java:updateAndGet(143)) - bc663c50-48a7-4374-8289-b8b0f40d041c: start LeaderElection
2020-05-12 08:29:34,758 [09a694a0-7314-423b-9f88-effda2c9bec5@group-BEB44CEA78A5-LeaderElection6] INFO  impl.LeaderElection (LeaderElection.java:askForVotes(206)) - 09a694a0-7314-423b-9f88-effda2c9bec5@group-BEB44CEA78A5-LeaderElection6: begin an election at term 2 for -1: [09a694a0-7314-423b-9f88-effda2c9bec5:172.17.0.2:32913, 38d4cb02-2600-4c93-a46f-8bf8528a5cd0:172.17.0.2:43713, 941dac77-9066-42cd-9c41-366eb2366cc5:172.17.0.2:39395], old=null
2020-05-12 08:29:34,764 [941dac77-9066-42cd-9c41-366eb2366cc5@group-CA46279CA1AF-LeaderElection4] INFO  segmented.SegmentedRaftLogWorker (SegmentedRaftLogWorker.java:startLogSegment(391)) - 941dac77-9066-42cd-9c41-366eb2366cc5@group-CA46279CA1AF-SegmentedRaftLogWorker: Starting segment from index:0
2020-05-12 08:29:34,764 [09a694a0-7314-423b-9f88-effda2c9bec5@group-9C2D44C4E548-LeaderElection3] INFO  segmented.SegmentedRaftLogWorker (SegmentedRaftLogWorker.java:startLogSegment(391)) - 09a694a0-7314-423b-9f88-effda2c9bec5@group-9C2D44C4E548-SegmentedRaftLogWorker: Starting segment from index:0
2020-05-12 08:29:34,765 [38d4cb02-2600-4c93-a46f-8bf8528a5cd0@group-1065137CD792-LeaderElection2] INFO  segmented.SegmentedRaftLogWorker (SegmentedRaftLogWorker.java:startLogSegment(391)) - 38d4cb02-2600-4c93-a46f-8bf8528a5cd0@group-1065137CD792-SegmentedRaftLogWorker: Starting segment from index:0
2020-05-12 08:29:34,777 [bc663c50-48a7-4374-8289-b8b0f40d041c@group-18EE7DA58159-LeaderElection7] INFO  impl.LeaderElection (LeaderElection.java:askForVotes(206)) - bc663c50-48a7-4374-8289-b8b0f40d041c@group-18EE7DA58159-LeaderElection7: begin an election at term 1 for -1: [bc663c50-48a7-4374-8289-b8b0f40d041c:172.17.0.2:45491], old=null
2020-05-12 08:29:34,777 [bc663c50-48a7-4374-8289-b8b0f40d041c@group-18EE7DA58159-LeaderElection7] INFO  impl.RoleInfo (RoleInfo.java:shutdownLeaderElection(134)) - bc663c50-48a7-4374-8289-b8b0f40d041c: shutdown LeaderElection
2020-05-12 08:29:34,777 [bc663c50-48a7-4374-8289-b8b0f40d041c@group-18EE7DA58159-LeaderElection7] INFO  impl.RaftServerImpl (RaftServerImpl.java:setRole(173)) - bc663c50-48a7-4374-8289-b8b0f40d041c@group-18EE7DA58159: changes role from CANDIDATE to LEADER at term 1 for changeToLeader
2020-05-12 08:29:34,777 [bc663c50-48a7-4374-8289-b8b0f40d041c@group-18EE7DA58159-LeaderElection7] INFO  ratis.XceiverServerRatis (XceiverServerRatis.java:handleLeaderChangedNotification(762)) - Leader change notification received for group: group-18EE7DA58159 with new leaderId: bc663c50-48a7-4374-8289-b8b0f40d041c
2020-05-12 08:29:34,777 [bc663c50-48a7-4374-8289-b8b0f40d041c@group-18EE7DA58159-LeaderElection7] INFO  impl.RaftServerImpl (ServerState.java:setLeader(255)) - bc663c50-48a7-4374-8289-b8b0f40d041c@group-18EE7DA58159: change Leader from null to bc663c50-48a7-4374-8289-b8b0f40d041c at term 1 for becomeLeader, leader elected after 5229ms
2020-05-12 08:29:34,786 [bc663c50-48a7-4374-8289-b8b0f40d041c@group-18EE7DA58159-LeaderElection7] INFO  server.RaftServerConfigKeys (ConfUtils.java:logGet(44)) - raft.server.staging.catchup.gap = 1000 (default)
2020-05-12 08:29:34,786 [bc663c50-48a7-4374-8289-b8b0f40d041c@group-18EE7DA58159-LeaderElection7] INFO  server.RaftServerConfigKeys (ConfUtils.java:logGet(44)) - raft.server.rpc.sleep.time = 25ms (default)
2020-05-12 08:29:34,786 [bc663c50-48a7-4374-8289-b8b0f40d041c@group-18EE7DA58159-LeaderElection7] INFO  metrics.RatisMetrics (RatisMetrics.java:lambda$create$0(39)) - Creating Metrics Registry : ratis.log_appender.bc663c50-48a7-4374-8289-b8b0f40d041c@group-18EE7DA58159
2020-05-12 08:29:34,787 [bc663c50-48a7-4374-8289-b8b0f40d041c@group-18EE7DA58159-LeaderElection7] INFO  server.RaftServerConfigKeys (ConfUtils.java:logGet(44)) - raft.server.write.element-limit = 1024 (custom)
2020-05-12 08:29:34,787 [bc663c50-48a7-4374-8289-b8b0f40d041c@group-18EE7DA58159-LeaderElection7] INFO  server.RaftServerConfigKeys (ConfUtils.java:logGet(44)) - raft.server.write.byte-limit = 1073741824 (custom)
2020-05-12 08:29:34,787 [bc663c50-48a7-4374-8289-b8b0f40d041c@group-18EE7DA58159-LeaderElection7] INFO  server.RaftServerConfigKeys (ConfUtils.java:logGet(44)) - raft.server.watch.timeout = 180s (custom)
2020-05-12 08:29:34,787 [bc663c50-48a7-4374-8289-b8b0f40d041c@group-18EE7DA58159-LeaderElection7] INFO  server.RaftServerConfigKeys (ConfUtils.java:logGet(44)) - raft.server.watch.timeout.denomination = 1s (default)
2020-05-12 08:29:34,787 [bc663c50-48a7-4374-8289-b8b0f40d041c@group-18EE7DA58159-LeaderElection7] INFO  server.RaftServerConfigKeys (ConfUtils.java:logGet(44)) - raft.server.watch.element-limit = 65536 (default)
2020-05-12 08:29:34,787 [bc663c50-48a7-4374-8289-b8b0f40d041c@group-18EE7DA58159-LeaderElection7] INFO  impl.RoleInfo (RoleInfo.java:updateAndGet(143)) - bc663c50-48a7-4374-8289-b8b0f40d041c: start LeaderState
2020-05-12 08:29:34,788 [bc663c50-48a7-4374-8289-b8b0f40d041c@group-18EE7DA58159-LeaderElection7] INFO  segmented.SegmentedRaftLogWorker (SegmentedRaftLogWorker.java:startLogSegment(391)) - bc663c50-48a7-4374-8289-b8b0f40d041c@group-18EE7DA58159-SegmentedRaftLogWorker: Starting segment from index:0
2020-05-12 08:29:34,794 [09a694a0-7314-423b-9f88-effda2c9bec5@group-BEB44CEA78A5-LeaderElection6] INFO  impl.LeaderElection (LeaderElection.java:logAndReturn(61)) - 09a694a0-7314-423b-9f88-effda2c9bec5@group-BEB44CEA78A5-LeaderElection6: Election REJECTED; received 0 response(s) [] and 0 exception(s); 09a694a0-7314-423b-9f88-effda2c9bec5@group-BEB44CEA78A5:t2, leader=null, voted=09a694a0-7314-423b-9f88-effda2c9bec5, raftlog=09a694a0-7314-423b-9f88-effda2c9bec5@group-BEB44CEA78A5-SegmentedRaftLog:OPENED:c-1,f-1,i0, conf=-1: [09a694a0-7314-423b-9f88-effda2c9bec5:172.17.0.2:32913, 38d4cb02-2600-4c93-a46f-8bf8528a5cd0:172.17.0.2:43713, 941dac77-9066-42cd-9c41-366eb2366cc5:172.17.0.2:39395], old=null
2020-05-12 08:29:34,795 [38d4cb02-2600-4c93-a46f-8bf8528a5cd0@group-BEB44CEA78A5-LeaderElection1] INFO  impl.LeaderElection (LeaderElection.java:logAndReturn(61)) - 38d4cb02-2600-4c93-a46f-8bf8528a5cd0@group-BEB44CEA78A5-LeaderElection1: Election PASSED; received 1 response(s) [38d4cb02-2600-4c93-a46f-8bf8528a5cd0<-941dac77-9066-42cd-9c41-366eb2366cc5#0:OK-t1] and 0 exception(s); 38d4cb02-2600-4c93-a46f-8bf8528a5cd0@group-BEB44CEA78A5:t1, leader=null, voted=38d4cb02-2600-4c93-a46f-8bf8528a5cd0, raftlog=38d4cb02-2600-4c93-a46f-8bf8528a5cd0@group-BEB44CEA78A5-SegmentedRaftLog:OPENED:c-1,f-1,i0, conf=-1: [09a694a0-7314-423b-9f88-effda2c9bec5:172.17.0.2:32913, 38d4cb02-2600-4c93-a46f-8bf8528a5cd0:172.17.0.2:43713, 941dac77-9066-42cd-9c41-366eb2366cc5:172.17.0.2:39395], old=null
2020-05-12 08:29:34,795 [38d4cb02-2600-4c93-a46f-8bf8528a5cd0@group-BEB44CEA78A5-LeaderElection1] INFO  impl.RoleInfo (RoleInfo.java:shutdownLeaderElection(134)) - 38d4cb02-2600-4c93-a46f-8bf8528a5cd0: shutdown LeaderElection
2020-05-12 08:29:34,795 [38d4cb02-2600-4c93-a46f-8bf8528a5cd0@group-BEB44CEA78A5-LeaderElection1] INFO  impl.RaftServerImpl (RaftServerImpl.java:setRole(173)) - 38d4cb02-2600-4c93-a46f-8bf8528a5cd0@group-BEB44CEA78A5: changes role from CANDIDATE to LEADER at term 1 for changeToLeader
2020-05-12 08:29:34,795 [38d4cb02-2600-4c93-a46f-8bf8528a5cd0@group-BEB44CEA78A5-LeaderElection1] INFO  ratis.XceiverServerRatis (XceiverServerRatis.java:handleLeaderChangedNotification(762)) - Leader change notification received for group: group-BEB44CEA78A5 with new leaderId: 38d4cb02-2600-4c93-a46f-8bf8528a5cd0
2020-05-12 08:29:34,796 [38d4cb02-2600-4c93-a46f-8bf8528a5cd0@group-BEB44CEA78A5-LeaderElection1] INFO  impl.RaftServerImpl (ServerState.java:setLeader(255)) - 38d4cb02-2600-4c93-a46f-8bf8528a5cd0@group-BEB44CEA78A5: change Leader from null to 38d4cb02-2600-4c93-a46f-8bf8528a5cd0 at term 1 for becomeLeader, leader elected after 5248ms
2020-05-12 08:29:34,796 [38d4cb02-2600-4c93-a46f-8bf8528a5cd0@group-BEB44CEA78A5-LeaderElection1] INFO  server.RaftServerConfigKeys (ConfUtils.java:logGet(44)) - raft.server.staging.catchup.gap = 1000 (default)
2020-05-12 08:29:34,796 [38d4cb02-2600-4c93-a46f-8bf8528a5cd0@group-BEB44CEA78A5-LeaderElection1] INFO  server.RaftServerConfigKeys (ConfUtils.java:logGet(44)) - raft.server.rpc.sleep.time = 25ms (default)
2020-05-12 08:29:34,796 [38d4cb02-2600-4c93-a46f-8bf8528a5cd0@group-BEB44CEA78A5-LeaderElection1] INFO  metrics.RatisMetrics (RatisMetrics.java:lambda$create$0(39)) - Creating Metrics Registry : ratis.log_appender.38d4cb02-2600-4c93-a46f-8bf8528a5cd0@group-BEB44CEA78A5
2020-05-12 08:29:34,796 [38d4cb02-2600-4c93-a46f-8bf8528a5cd0@group-BEB44CEA78A5-LeaderElection1] INFO  server.RaftServerConfigKeys (ConfUtils.java:logGet(44)) - raft.server.write.element-limit = 1024 (custom)
2020-05-12 08:29:34,796 [38d4cb02-2600-4c93-a46f-8bf8528a5cd0@group-BEB44CEA78A5-LeaderElection1] INFO  server.RaftServerConfigKeys (ConfUtils.java:logGet(44)) - raft.server.write.byte-limit = 1073741824 (custom)
2020-05-12 08:29:34,796 [38d4cb02-2600-4c93-a46f-8bf8528a5cd0@group-BEB44CEA78A5-LeaderElection1] INFO  server.RaftServerConfigKeys (ConfUtils.java:logGet(44)) - raft.server.watch.timeout = 180s (custom)
2020-05-12 08:29:34,797 [38d4cb02-2600-4c93-a46f-8bf8528a5cd0@group-BEB44CEA78A5-LeaderElection1] INFO  server.RaftServerConfigKeys (ConfUtils.java:logGet(44)) - raft.server.watch.timeout.denomination = 1s (default)
2020-05-12 08:29:34,797 [38d4cb02-2600-4c93-a46f-8bf8528a5cd0@group-BEB44CEA78A5-LeaderElection1] INFO  server.RaftServerConfigKeys (ConfUtils.java:logGet(44)) - raft.server.watch.element-limit = 65536 (default)
2020-05-12 08:29:34,802 [EventQueue-PipelineReportForPipelineReportHandler] INFO  pipeline.PipelineStateManager (PipelineStateManager.java:openPipeline(131)) - Pipeline Pipeline[ Id: 01b1e74f-13c0-4801-96c1-beb44cea78a5, Nodes: 09a694a0-7314-423b-9f88-effda2c9bec5{ip: 172.17.0.2, host: cda64759c3a5, networkLocation: /default-rack, certSerialId: null}38d4cb02-2600-4c93-a46f-8bf8528a5cd0{ip: 172.17.0.2, host: cda64759c3a5, networkLocation: /default-rack, certSerialId: null}941dac77-9066-42cd-9c41-366eb2366cc5{ip: 172.17.0.2, host: cda64759c3a5, networkLocation: /default-rack, certSerialId: null}, Type:RATIS, Factor:THREE, State:ALLOCATED, leaderId:38d4cb02-2600-4c93-a46f-8bf8528a5cd0, CreationTimestamp2020-05-12T08:29:26.412Z] moved to OPEN state
2020-05-12 08:29:34,823 [EventQueue-OpenPipelineForOneReplicaPipelineSafeModeRule] INFO  safemode.SCMSafeModeManager (SCMSafeModeManager.java:validateSafeModeExitRules(213)) - AtleastOneDatanodeReportedRule rule is successfully validated
2020-05-12 08:29:34,823 [EventQueue-OpenPipelineForHealthyPipelineSafeModeRule] INFO  safemode.SCMSafeModeManager (HealthyPipelineSafeModeRule.java:process(132)) - SCM in safe mode. Healthy pipelines reported count is 1, required healthy pipeline reported count is 1
2020-05-12 08:29:34,832 [EventQueue-OpenPipelineForHealthyPipelineSafeModeRule] INFO  safemode.SCMSafeModeManager (SCMSafeModeManager.java:validateSafeModeExitRules(213)) - HealthyPipelineSafeModeRule rule is successfully validated
2020-05-12 08:29:34,832 [EventQueue-OpenPipelineForHealthyPipelineSafeModeRule] INFO  safemode.SCMSafeModeManager (SCMSafeModeManager.java:validateSafeModeExitRules(227)) - ScmSafeModeManager, all rules are successfully validated
2020-05-12 08:29:34,821 [38d4cb02-2600-4c93-a46f-8bf8528a5cd0@group-BEB44CEA78A5-LeaderElection1] INFO  server.RaftServerConfigKeys (ConfUtils.java:logGet(44)) - raft.server.log.appender.snapshot.chunk.size.max = 16MB (=16777216) (default)
2020-05-12 08:29:34,832 [38d4cb02-2600-4c93-a46f-8bf8528a5cd0@group-BEB44CEA78A5-LeaderElection1] INFO  server.RaftServerConfigKeys (ConfUtils.java:logGet(44)) - raft.server.log.appender.buffer.byte-limit = 33554432 (custom)
2020-05-12 08:29:34,832 [38d4cb02-2600-4c93-a46f-8bf8528a5cd0@group-BEB44CEA78A5-LeaderElection1] INFO  server.RaftServerConfigKeys (ConfUtils.java:logGet(44)) - raft.server.log.appender.buffer.element-limit = 1 (custom)
2020-05-12 08:29:34,818 [38d4cb02-2600-4c93-a46f-8bf8528a5cd0@group-1065137CD792-LeaderElection2] INFO  impl.RaftServerImpl (ServerState.java:setRaftConf(356)) - 38d4cb02-2600-4c93-a46f-8bf8528a5cd0@group-1065137CD792: set configuration 0: [38d4cb02-2600-4c93-a46f-8bf8528a5cd0:172.17.0.2:43713], old=null at 0
2020-05-12 08:29:34,832 [EventQueue-OpenPipelineForHealthyPipelineSafeModeRule] INFO  safemode.SCMSafeModeManager (SCMSafeModeManager.java:exitSafeMode(256)) - SCM exiting safe mode.
2020-05-12 08:29:34,831 [Thread-286] INFO  impl.FollowerState (FollowerState.java:run(108)) - 98600e06-a104-49b0-9863-92305f30dbaf@group-967DBEFA06FF-FollowerState: change to CANDIDATE, lastRpcTime:5097ms, electionTimeout:5084ms
2020-05-12 08:29:34,830 [09a694a0-7314-423b-9f88-effda2c9bec5@group-9C2D44C4E548-LeaderElection3] INFO  impl.RaftServerImpl (ServerState.java:setRaftConf(356)) - 09a694a0-7314-423b-9f88-effda2c9bec5@group-9C2D44C4E548: set configuration 0: [09a694a0-7314-423b-9f88-effda2c9bec5:172.17.0.2:32913], old=null at 0
2020-05-12 08:29:34,830 [941dac77-9066-42cd-9c41-366eb2366cc5@group-CA46279CA1AF-LeaderElection4] INFO  impl.RaftServerImpl (ServerState.java:setRaftConf(356)) - 941dac77-9066-42cd-9c41-366eb2366cc5@group-CA46279CA1AF: set configuration 0: [941dac77-9066-42cd-9c41-366eb2366cc5:172.17.0.2:39395], old=null at 0
2020-05-12 08:29:34,826 [bc663c50-48a7-4374-8289-b8b0f40d041c@group-18EE7DA58159-LeaderElection7] INFO  impl.RaftServerImpl (ServerState.java:setRaftConf(356)) - bc663c50-48a7-4374-8289-b8b0f40d041c@group-18EE7DA58159: set configuration 0: [bc663c50-48a7-4374-8289-b8b0f40d041c:172.17.0.2:45491], old=null at 0
2020-05-12 08:29:34,825 [grpc-default-executor-2] INFO  impl.RaftServerImpl (RaftServerImpl.java:setRole(173)) - 98600e06-a104-49b0-9863-92305f30dbaf@group-99DF7A9AA550: changes role from  FOLLOWER to FOLLOWER at term 1 for recognizeCandidate:bc663c50-48a7-4374-8289-b8b0f40d041c
2020-05-12 08:29:34,839 [grpc-default-executor-2] INFO  impl.RoleInfo (RoleInfo.java:shutdownFollowerState(121)) - 98600e06-a104-49b0-9863-92305f30dbaf: shutdown FollowerState
2020-05-12 08:29:34,839 [Thread-286] INFO  impl.RoleInfo (RoleInfo.java:shutdownFollowerState(121)) - 98600e06-a104-49b0-9863-92305f30dbaf: shutdown FollowerState
2020-05-12 08:29:34,839 [Thread-286] INFO  impl.RaftServerImpl (RaftServerImpl.java:setRole(173)) - 98600e06-a104-49b0-9863-92305f30dbaf@group-967DBEFA06FF: changes role from  FOLLOWER to CANDIDATE at term 0 for changeToCandidate
2020-05-12 08:29:34,843 [bc663c50-48a7-4374-8289-b8b0f40d041c@group-99DF7A9AA550-LeaderElection5] INFO  impl.LeaderElection (LeaderElection.java:logAndReturn(61)) - bc663c50-48a7-4374-8289-b8b0f40d041c@group-99DF7A9AA550-LeaderElection5: Election PASSED; received 1 response(s) [bc663c50-48a7-4374-8289-b8b0f40d041c<-e58da56f-e7aa-4954-9d68-22abafeee072#0:OK-t1] and 0 exception(s); bc663c50-48a7-4374-8289-b8b0f40d041c@group-99DF7A9AA550:t1, leader=null, voted=bc663c50-48a7-4374-8289-b8b0f40d041c, raftlog=bc663c50-48a7-4374-8289-b8b0f40d041c@group-99DF7A9AA550-SegmentedRaftLog:OPENED:c-1,f-1,i0, conf=-1: [e58da56f-e7aa-4954-9d68-22abafeee072:172.17.0.2:43699, 98600e06-a104-49b0-9863-92305f30dbaf:172.17.0.2:33321, bc663c50-48a7-4374-8289-b8b0f40d041c:172.17.0.2:45491], old=null
2020-05-12 08:29:34,843 [bc663c50-48a7-4374-8289-b8b0f40d041c@group-99DF7A9AA550-LeaderElection5] INFO  impl.RoleInfo (RoleInfo.java:shutdownLeaderElection(134)) - bc663c50-48a7-4374-8289-b8b0f40d041c: shutdown LeaderElection
2020-05-12 08:29:34,843 [bc663c50-48a7-4374-8289-b8b0f40d041c@group-99DF7A9AA550-LeaderElection5] INFO  impl.RaftServerImpl (RaftServerImpl.java:setRole(173)) - bc663c50-48a7-4374-8289-b8b0f40d041c@group-99DF7A9AA550: changes role from CANDIDATE to LEADER at term 1 for changeToLeader
2020-05-12 08:29:34,843 [bc663c50-48a7-4374-8289-b8b0f40d041c@group-99DF7A9AA550-LeaderElection5] INFO  ratis.XceiverServerRatis (XceiverServerRatis.java:handleLeaderChangedNotification(762)) - Leader change notification received for group: group-99DF7A9AA550 with new leaderId: bc663c50-48a7-4374-8289-b8b0f40d041c
2020-05-12 08:29:34,843 [bc663c50-48a7-4374-8289-b8b0f40d041c@group-99DF7A9AA550-LeaderElection5] INFO  impl.RaftServerImpl (ServerState.java:setLeader(255)) - bc663c50-48a7-4374-8289-b8b0f40d041c@group-99DF7A9AA550: change Leader from null to bc663c50-48a7-4374-8289-b8b0f40d041c at term 1 for becomeLeader, leader elected after 5217ms
2020-05-12 08:29:34,843 [bc663c50-48a7-4374-8289-b8b0f40d041c@group-99DF7A9AA550-LeaderElection5] INFO  server.RaftServerConfigKeys (ConfUtils.java:logGet(44)) - raft.server.staging.catchup.gap = 1000 (default)
2020-05-12 08:29:34,843 [bc663c50-48a7-4374-8289-b8b0f40d041c@group-99DF7A9AA550-LeaderElection5] INFO  server.RaftServerConfigKeys (ConfUtils.java:logGet(44)) - raft.server.rpc.sleep.time = 25ms (default)
2020-05-12 08:29:34,844 [bc663c50-48a7-4374-8289-b8b0f40d041c@group-99DF7A9AA550-LeaderElection5] INFO  metrics.RatisMetrics (RatisMetrics.java:lambda$create$0(39)) - Creating Metrics Registry : ratis.log_appender.bc663c50-48a7-4374-8289-b8b0f40d041c@group-99DF7A9AA550
2020-05-12 08:29:34,844 [bc663c50-48a7-4374-8289-b8b0f40d041c@group-99DF7A9AA550-LeaderElection5] INFO  server.RaftServerConfigKeys (ConfUtils.java:logGet(44)) - raft.server.write.element-limit = 1024 (custom)
2020-05-12 08:29:34,844 [bc663c50-48a7-4374-8289-b8b0f40d041c@group-99DF7A9AA550-LeaderElection5] INFO  server.RaftServerConfigKeys (ConfUtils.java:logGet(44)) - raft.server.write.byte-limit = 1073741824 (custom)
2020-05-12 08:29:34,844 [bc663c50-48a7-4374-8289-b8b0f40d041c@group-99DF7A9AA550-LeaderElection5] INFO  server.RaftServerConfigKeys (ConfUtils.java:logGet(44)) - raft.server.watch.timeout = 180s (custom)
2020-05-12 08:29:34,844 [bc663c50-48a7-4374-8289-b8b0f40d041c@group-99DF7A9AA550-LeaderElection5] INFO  server.RaftServerConfigKeys (ConfUtils.java:logGet(44)) - raft.server.watch.timeout.denomination = 1s (default)
2020-05-12 08:29:34,844 [bc663c50-48a7-4374-8289-b8b0f40d041c@group-99DF7A9AA550-LeaderElection5] INFO  server.RaftServerConfigKeys (ConfUtils.java:logGet(44)) - raft.server.watch.element-limit = 65536 (default)
2020-05-12 08:29:34,844 [bc663c50-48a7-4374-8289-b8b0f40d041c@group-99DF7A9AA550-LeaderElection5] INFO  server.RaftServerConfigKeys (ConfUtils.java:logGet(44)) - raft.server.log.appender.snapshot.chunk.size.max = 16MB (=16777216) (default)
2020-05-12 08:29:34,845 [bc663c50-48a7-4374-8289-b8b0f40d041c@group-99DF7A9AA550-LeaderElection5] INFO  server.RaftServerConfigKeys (ConfUtils.java:logGet(44)) - raft.server.log.appender.buffer.byte-limit = 33554432 (custom)
2020-05-12 08:29:34,845 [bc663c50-48a7-4374-8289-b8b0f40d041c@group-99DF7A9AA550-LeaderElection5] INFO  server.RaftServerConfigKeys (ConfUtils.java:logGet(44)) - raft.server.log.appender.buffer.element-limit = 1 (custom)
2020-05-12 08:29:34,851 [Thread-286] INFO  impl.RoleInfo (RoleInfo.java:updateAndGet(143)) - 98600e06-a104-49b0-9863-92305f30dbaf: start LeaderElection
2020-05-12 08:29:34,851 [Thread-290] INFO  impl.FollowerState (FollowerState.java:run(117)) - 98600e06-a104-49b0-9863-92305f30dbaf@group-99DF7A9AA550-FollowerState was interrupted: java.lang.InterruptedException: sleep interrupted
2020-05-12 08:29:34,851 [grpc-default-executor-2] INFO  impl.RoleInfo (RoleInfo.java:updateAndGet(143)) - 98600e06-a104-49b0-9863-92305f30dbaf: start FollowerState
2020-05-12 08:29:34,855 [EventQueue-PipelineReportForPipelineReportHandler] INFO  pipeline.PipelineStateManager (PipelineStateManager.java:openPipeline(131)) - Pipeline Pipeline[ Id: f64e6500-462f-4c9a-880c-99df7a9aa550, Nodes: e58da56f-e7aa-4954-9d68-22abafeee072{ip: 172.17.0.2, host: cda64759c3a5, networkLocation: /default-rack, certSerialId: null}bc663c50-48a7-4374-8289-b8b0f40d041c{ip: 172.17.0.2, host: cda64759c3a5, networkLocation: /default-rack, certSerialId: null}98600e06-a104-49b0-9863-92305f30dbaf{ip: 172.17.0.2, host: cda64759c3a5, networkLocation: /default-rack, certSerialId: null}, Type:RATIS, Factor:THREE, State:ALLOCATED, leaderId:bc663c50-48a7-4374-8289-b8b0f40d041c, CreationTimestamp2020-05-12T08:29:26.672Z] moved to OPEN state
2020-05-12 08:29:34,856 [Thread-284] INFO  impl.FollowerState (FollowerState.java:run(108)) - e58da56f-e7aa-4954-9d68-22abafeee072@group-000C7C96B23F-FollowerState: change to CANDIDATE, lastRpcTime:5174ms, electionTimeout:5169ms
2020-05-12 08:29:34,856 [Thread-284] INFO  impl.RoleInfo (RoleInfo.java:shutdownFollowerState(121)) - e58da56f-e7aa-4954-9d68-22abafeee072: shutdown FollowerState
2020-05-12 08:29:34,856 [Thread-284] INFO  impl.RaftServerImpl (RaftServerImpl.java:setRole(173)) - e58da56f-e7aa-4954-9d68-22abafeee072@group-000C7C96B23F: changes role from  FOLLOWER to CANDIDATE at term 0 for changeToCandidate
2020-05-12 08:29:34,856 [Thread-284] INFO  impl.RoleInfo (RoleInfo.java:updateAndGet(143)) - e58da56f-e7aa-4954-9d68-22abafeee072: start LeaderElection
2020-05-12 08:29:34,863 [38d4cb02-2600-4c93-a46f-8bf8528a5cd0@group-BEB44CEA78A5-LeaderElection1] INFO  grpc.GrpcConfigKeys (ConfUtils.java:logGet(44)) - raft.grpc.server.leader.outstanding.appends.max = 128 (default)
2020-05-12 08:29:34,877 [grpc-default-executor-5] INFO  impl.RaftServerImpl (RaftServerImpl.java:setRole(173)) - 941dac77-9066-42cd-9c41-366eb2366cc5@group-BEB44CEA78A5: changes role from  FOLLOWER to FOLLOWER at term 2 for recognizeCandidate:09a694a0-7314-423b-9f88-effda2c9bec5
2020-05-12 08:29:34,878 [grpc-default-executor-5] INFO  impl.RoleInfo (RoleInfo.java:shutdownFollowerState(121)) - 941dac77-9066-42cd-9c41-366eb2366cc5: shutdown FollowerState
2020-05-12 08:29:34,878 [grpc-default-executor-5] INFO  impl.RoleInfo (RoleInfo.java:updateAndGet(143)) - 941dac77-9066-42cd-9c41-366eb2366cc5: start FollowerState
2020-05-12 08:29:34,872 [Thread-294] INFO  impl.FollowerState (FollowerState.java:run(108)) - 09b3564f-e143-4bea-91ea-9b4b381dcd28@group-D8F75579A9D7-FollowerState: change to CANDIDATE, lastRpcTime:5026ms, electionTimeout:5023ms
2020-05-12 08:29:34,878 [Thread-294] INFO  impl.RoleInfo (RoleInfo.java:shutdownFollowerState(121)) - 09b3564f-e143-4bea-91ea-9b4b381dcd28: shutdown FollowerState
2020-05-12 08:29:34,878 [Thread-294] INFO  impl.RaftServerImpl (RaftServerImpl.java:setRole(173)) - 09b3564f-e143-4bea-91ea-9b4b381dcd28@group-D8F75579A9D7: changes role from  FOLLOWER to CANDIDATE at term 0 for changeToCandidate
2020-05-12 08:29:34,879 [Thread-333] INFO  impl.FollowerState (FollowerState.java:run(117)) - 941dac77-9066-42cd-9c41-366eb2366cc5@group-BEB44CEA78A5-FollowerState was interrupted: java.lang.InterruptedException: sleep interrupted
2020-05-12 08:29:34,862 [bc663c50-48a7-4374-8289-b8b0f40d041c@group-99DF7A9AA550-LeaderElection5] INFO  grpc.GrpcConfigKeys (ConfUtils.java:logGet(44)) - raft.grpc.server.leader.outstanding.appends.max = 128 (default)
2020-05-12 08:29:34,879 [bc663c50-48a7-4374-8289-b8b0f40d041c@group-99DF7A9AA550-LeaderElection5] INFO  server.RaftServerConfigKeys (ConfUtils.java:logGet(44)) - raft.server.rpc.request.timeout = 60s (custom)
2020-05-12 08:29:34,879 [bc663c50-48a7-4374-8289-b8b0f40d041c@group-99DF7A9AA550-LeaderElection5] INFO  server.RaftServerConfigKeys (ConfUtils.java:logGet(44)) - raft.server.log.appender.install.snapshot.enabled = false (custom)
2020-05-12 08:29:34,877 [38d4cb02-2600-4c93-a46f-8bf8528a5cd0@group-BEB44CEA78A5-LeaderElection1] INFO  server.RaftServerConfigKeys (ConfUtils.java:logGet(44)) - raft.server.rpc.request.timeout = 60s (custom)
2020-05-12 08:29:34,881 [38d4cb02-2600-4c93-a46f-8bf8528a5cd0@group-BEB44CEA78A5-LeaderElection1] INFO  server.RaftServerConfigKeys (ConfUtils.java:logGet(44)) - raft.server.log.appender.install.snapshot.enabled = false (custom)
2020-05-12 08:29:34,882 [98600e06-a104-49b0-9863-92305f30dbaf@group-967DBEFA06FF-LeaderElection8] INFO  impl.LeaderElection (LeaderElection.java:askForVotes(206)) - 98600e06-a104-49b0-9863-92305f30dbaf@group-967DBEFA06FF-LeaderElection8: begin an election at term 1 for -1: [98600e06-a104-49b0-9863-92305f30dbaf:172.17.0.2:33321], old=null
2020-05-12 08:29:34,882 [Thread-294] INFO  impl.RoleInfo (RoleInfo.java:updateAndGet(143)) - 09b3564f-e143-4bea-91ea-9b4b381dcd28: start LeaderElection
2020-05-12 08:29:34,882 [98600e06-a104-49b0-9863-92305f30dbaf@group-967DBEFA06FF-LeaderElection8] INFO  impl.RoleInfo (RoleInfo.java:shutdownLeaderElection(134)) - 98600e06-a104-49b0-9863-92305f30dbaf: shutdown LeaderElection
2020-05-12 08:29:34,882 [98600e06-a104-49b0-9863-92305f30dbaf@group-967DBEFA06FF-LeaderElection8] INFO  impl.RaftServerImpl (RaftServerImpl.java:setRole(173)) - 98600e06-a104-49b0-9863-92305f30dbaf@group-967DBEFA06FF: changes role from CANDIDATE to LEADER at term 1 for changeToLeader
2020-05-12 08:29:34,882 [98600e06-a104-49b0-9863-92305f30dbaf@group-967DBEFA06FF-LeaderElection8] INFO  ratis.XceiverServerRatis (XceiverServerRatis.java:handleLeaderChangedNotification(762)) - Leader change notification received for group: group-967DBEFA06FF with new leaderId: 98600e06-a104-49b0-9863-92305f30dbaf
2020-05-12 08:29:34,890 [98600e06-a104-49b0-9863-92305f30dbaf@group-967DBEFA06FF-LeaderElection8] INFO  impl.RaftServerImpl (ServerState.java:setLeader(255)) - 98600e06-a104-49b0-9863-92305f30dbaf@group-967DBEFA06FF: change Leader from null to 98600e06-a104-49b0-9863-92305f30dbaf at term 1 for becomeLeader, leader elected after 5160ms
2020-05-12 08:29:34,894 [38d4cb02-2600-4c93-a46f-8bf8528a5cd0@group-BEB44CEA78A5-LeaderElection1] INFO  server.RaftServerConfigKeys (ConfUtils.java:logGet(44)) - raft.server.log.appender.snapshot.chunk.size.max = 16MB (=16777216) (default)
2020-05-12 08:29:34,896 [38d4cb02-2600-4c93-a46f-8bf8528a5cd0@group-BEB44CEA78A5-LeaderElection1] INFO  server.RaftServerConfigKeys (ConfUtils.java:logGet(44)) - raft.server.log.appender.buffer.byte-limit = 33554432 (custom)
2020-05-12 08:29:34,895 [bc663c50-48a7-4374-8289-b8b0f40d041c@group-99DF7A9AA550-LeaderElection5] INFO  server.RaftServerConfigKeys (ConfUtils.java:logGet(44)) - raft.server.log.appender.snapshot.chunk.size.max = 16MB (=16777216) (default)
2020-05-12 08:29:34,897 [bc663c50-48a7-4374-8289-b8b0f40d041c@group-99DF7A9AA550-LeaderElection5] INFO  server.RaftServerConfigKeys (ConfUtils.java:logGet(44)) - raft.server.log.appender.buffer.byte-limit = 33554432 (custom)
2020-05-12 08:29:34,897 [bc663c50-48a7-4374-8289-b8b0f40d041c@group-99DF7A9AA550-LeaderElection5] INFO  server.RaftServerConfigKeys (ConfUtils.java:logGet(44)) - raft.server.log.appender.buffer.element-limit = 1 (custom)
2020-05-12 08:29:34,897 [bc663c50-48a7-4374-8289-b8b0f40d041c@group-99DF7A9AA550-LeaderElection5] INFO  grpc.GrpcConfigKeys (ConfUtils.java:logGet(44)) - raft.grpc.server.leader.outstanding.appends.max = 128 (default)
2020-05-12 08:29:34,897 [bc663c50-48a7-4374-8289-b8b0f40d041c@group-99DF7A9AA550-LeaderElection5] INFO  server.RaftServerConfigKeys (ConfUtils.java:logGet(44)) - raft.server.rpc.request.timeout = 60s (custom)
2020-05-12 08:29:34,897 [bc663c50-48a7-4374-8289-b8b0f40d041c@group-99DF7A9AA550-LeaderElection5] INFO  server.RaftServerConfigKeys (ConfUtils.java:logGet(44)) - raft.server.log.appender.install.snapshot.enabled = false (custom)
2020-05-12 08:29:34,894 [e58da56f-e7aa-4954-9d68-22abafeee072@group-000C7C96B23F-LeaderElection9] INFO  impl.LeaderElection (LeaderElection.java:askForVotes(206)) - e58da56f-e7aa-4954-9d68-22abafeee072@group-000C7C96B23F-LeaderElection9: begin an election at term 1 for -1: [e58da56f-e7aa-4954-9d68-22abafeee072:172.17.0.2:43699], old=null
2020-05-12 08:29:34,898 [e58da56f-e7aa-4954-9d68-22abafeee072@group-000C7C96B23F-LeaderElection9] INFO  impl.RoleInfo (RoleInfo.java:shutdownLeaderElection(134)) - e58da56f-e7aa-4954-9d68-22abafeee072: shutdown LeaderElection
2020-05-12 08:29:34,898 [e58da56f-e7aa-4954-9d68-22abafeee072@group-000C7C96B23F-LeaderElection9] INFO  impl.RaftServerImpl (RaftServerImpl.java:setRole(173)) - e58da56f-e7aa-4954-9d68-22abafeee072@group-000C7C96B23F: changes role from CANDIDATE to LEADER at term 1 for changeToLeader
2020-05-12 08:29:34,898 [e58da56f-e7aa-4954-9d68-22abafeee072@group-000C7C96B23F-LeaderElection9] INFO  ratis.XceiverServerRatis (XceiverServerRatis.java:handleLeaderChangedNotification(762)) - Leader change notification received for group: group-000C7C96B23F with new leaderId: e58da56f-e7aa-4954-9d68-22abafeee072
2020-05-12 08:29:34,898 [e58da56f-e7aa-4954-9d68-22abafeee072@group-000C7C96B23F-LeaderElection9] INFO  impl.RaftServerImpl (ServerState.java:setLeader(255)) - e58da56f-e7aa-4954-9d68-22abafeee072@group-000C7C96B23F: change Leader from null to e58da56f-e7aa-4954-9d68-22abafeee072 at term 1 for becomeLeader, leader elected after 5274ms
2020-05-12 08:29:34,901 [bc663c50-48a7-4374-8289-b8b0f40d041c@group-99DF7A9AA550-LeaderElection5] INFO  impl.RoleInfo (RoleInfo.java:updateAndGet(143)) - bc663c50-48a7-4374-8289-b8b0f40d041c: start LeaderState
2020-05-12 08:29:34,901 [bc663c50-48a7-4374-8289-b8b0f40d041c@group-99DF7A9AA550-LeaderElection5] INFO  segmented.SegmentedRaftLogWorker (SegmentedRaftLogWorker.java:startLogSegment(391)) - bc663c50-48a7-4374-8289-b8b0f40d041c@group-99DF7A9AA550-SegmentedRaftLogWorker: Starting segment from index:0
2020-05-12 08:29:34,901 [38d4cb02-2600-4c93-a46f-8bf8528a5cd0@group-BEB44CEA78A5-LeaderElection1] INFO  server.RaftServerConfigKeys (ConfUtils.java:logGet(44)) - raft.server.log.appender.buffer.element-limit = 1 (custom)
2020-05-12 08:29:34,902 [38d4cb02-2600-4c93-a46f-8bf8528a5cd0@group-BEB44CEA78A5-LeaderElection1] INFO  grpc.GrpcConfigKeys (ConfUtils.java:logGet(44)) - raft.grpc.server.leader.outstanding.appends.max = 128 (default)
2020-05-12 08:29:34,902 [38d4cb02-2600-4c93-a46f-8bf8528a5cd0@group-BEB44CEA78A5-LeaderElection1] INFO  server.RaftServerConfigKeys (ConfUtils.java:logGet(44)) - raft.server.rpc.request.timeout = 60s (custom)
2020-05-12 08:29:34,902 [38d4cb02-2600-4c93-a46f-8bf8528a5cd0@group-BEB44CEA78A5-LeaderElection1] INFO  server.RaftServerConfigKeys (ConfUtils.java:logGet(44)) - raft.server.log.appender.install.snapshot.enabled = false (custom)
2020-05-12 08:29:34,903 [38d4cb02-2600-4c93-a46f-8bf8528a5cd0@group-BEB44CEA78A5-LeaderElection1] INFO  impl.RoleInfo (RoleInfo.java:updateAndGet(143)) - 38d4cb02-2600-4c93-a46f-8bf8528a5cd0: start LeaderState
2020-05-12 08:29:34,904 [38d4cb02-2600-4c93-a46f-8bf8528a5cd0@group-BEB44CEA78A5-LeaderElection1] INFO  segmented.SegmentedRaftLogWorker (SegmentedRaftLogWorker.java:startLogSegment(391)) - 38d4cb02-2600-4c93-a46f-8bf8528a5cd0@group-BEB44CEA78A5-SegmentedRaftLogWorker: Starting segment from index:0
2020-05-12 08:29:34,911 [98600e06-a104-49b0-9863-92305f30dbaf@group-967DBEFA06FF-LeaderElection8] INFO  server.RaftServerConfigKeys (ConfUtils.java:logGet(44)) - raft.server.staging.catchup.gap = 1000 (default)
2020-05-12 08:29:34,911 [98600e06-a104-49b0-9863-92305f30dbaf@group-967DBEFA06FF-LeaderElection8] INFO  server.RaftServerConfigKeys (ConfUtils.java:logGet(44)) - raft.server.rpc.sleep.time = 25ms (default)
2020-05-12 08:29:34,912 [e58da56f-e7aa-4954-9d68-22abafeee072@group-000C7C96B23F-LeaderElection9] INFO  server.RaftServerConfigKeys (ConfUtils.java:logGet(44)) - raft.server.staging.catchup.gap = 1000 (default)
2020-05-12 08:29:34,912 [e58da56f-e7aa-4954-9d68-22abafeee072@group-000C7C96B23F-LeaderElection9] INFO  server.RaftServerConfigKeys (ConfUtils.java:logGet(44)) - raft.server.rpc.sleep.time = 25ms (default)
2020-05-12 08:29:34,913 [38d4cb02-2600-4c93-a46f-8bf8528a5cd0@group-BEB44CEA78A5-LeaderElection1] INFO  impl.RaftServerImpl (ServerState.java:setRaftConf(356)) - 38d4cb02-2600-4c93-a46f-8bf8528a5cd0@group-BEB44CEA78A5: set configuration 0: [09a694a0-7314-423b-9f88-effda2c9bec5:172.17.0.2:32913, 38d4cb02-2600-4c93-a46f-8bf8528a5cd0:172.17.0.2:43713, 941dac77-9066-42cd-9c41-366eb2366cc5:172.17.0.2:39395], old=null at 0
2020-05-12 08:29:34,913 [grpc-default-executor-4] INFO  impl.RaftServerImpl (ServerState.java:setLeader(255)) - 38d4cb02-2600-4c93-a46f-8bf8528a5cd0@group-BEB44CEA78A5: change Leader from 38d4cb02-2600-4c93-a46f-8bf8528a5cd0 to null at term 2 for updateCurrentTerm
2020-05-12 08:29:34,913 [grpc-default-executor-4] INFO  impl.RaftServerImpl (RaftServerImpl.java:setRole(173)) - 38d4cb02-2600-4c93-a46f-8bf8528a5cd0@group-BEB44CEA78A5: changes role from    LEADER to FOLLOWER at term 2 for recognizeCandidate:09a694a0-7314-423b-9f88-effda2c9bec5
2020-05-12 08:29:34,914 [grpc-default-executor-4] INFO  impl.RoleInfo (RoleInfo.java:shutdownLeaderState(104)) - 38d4cb02-2600-4c93-a46f-8bf8528a5cd0: shutdown LeaderState
2020-05-12 08:29:34,913 [bc663c50-48a7-4374-8289-b8b0f40d041c@group-99DF7A9AA550-LeaderElection5] INFO  impl.RaftServerImpl (ServerState.java:setRaftConf(356)) - bc663c50-48a7-4374-8289-b8b0f40d041c@group-99DF7A9AA550: set configuration 0: [e58da56f-e7aa-4954-9d68-22abafeee072:172.17.0.2:43699, 98600e06-a104-49b0-9863-92305f30dbaf:172.17.0.2:33321, bc663c50-48a7-4374-8289-b8b0f40d041c:172.17.0.2:45491], old=null at 0
2020-05-12 08:29:34,918 [e58da56f-e7aa-4954-9d68-22abafeee072@group-000C7C96B23F-LeaderElection9] INFO  metrics.RatisMetrics (RatisMetrics.java:lambda$create$0(39)) - Creating Metrics Registry : ratis.log_appender.e58da56f-e7aa-4954-9d68-22abafeee072@group-000C7C96B23F
2020-05-12 08:29:34,918 [e58da56f-e7aa-4954-9d68-22abafeee072@group-000C7C96B23F-LeaderElection9] INFO  server.RaftServerConfigKeys (ConfUtils.java:logGet(44)) - raft.server.write.element-limit = 1024 (custom)
2020-05-12 08:29:34,918 [e58da56f-e7aa-4954-9d68-22abafeee072@group-000C7C96B23F-LeaderElection9] INFO  server.RaftServerConfigKeys (ConfUtils.java:logGet(44)) - raft.server.write.byte-limit = 1073741824 (custom)
2020-05-12 08:29:34,919 [e58da56f-e7aa-4954-9d68-22abafeee072@group-000C7C96B23F-LeaderElection9] INFO  server.RaftServerConfigKeys (ConfUtils.java:logGet(44)) - raft.server.watch.timeout = 180s (custom)
2020-05-12 08:29:34,919 [e58da56f-e7aa-4954-9d68-22abafeee072@group-000C7C96B23F-LeaderElection9] INFO  server.RaftServerConfigKeys (ConfUtils.java:logGet(44)) - raft.server.watch.timeout.denomination = 1s (default)
2020-05-12 08:29:34,919 [e58da56f-e7aa-4954-9d68-22abafeee072@group-000C7C96B23F-LeaderElection9] INFO  server.RaftServerConfigKeys (ConfUtils.java:logGet(44)) - raft.server.watch.element-limit = 65536 (default)
2020-05-12 08:29:34,919 [e58da56f-e7aa-4954-9d68-22abafeee072@group-000C7C96B23F-LeaderElection9] INFO  impl.RoleInfo (RoleInfo.java:updateAndGet(143)) - e58da56f-e7aa-4954-9d68-22abafeee072: start LeaderState
2020-05-12 08:29:34,919 [e58da56f-e7aa-4954-9d68-22abafeee072@group-000C7C96B23F-LeaderElection9] INFO  segmented.SegmentedRaftLogWorker (SegmentedRaftLogWorker.java:startLogSegment(391)) - e58da56f-e7aa-4954-9d68-22abafeee072@group-000C7C96B23F-SegmentedRaftLogWorker: Starting segment from index:0
2020-05-12 08:29:34,939 [grpc-default-executor-5] INFO  ratis.XceiverServerRatis (XceiverServerRatis.java:handleLeaderChangedNotification(762)) - Leader change notification received for group: group-99DF7A9AA550 with new leaderId: bc663c50-48a7-4374-8289-b8b0f40d041c
2020-05-12 08:29:34,939 [grpc-default-executor-5] INFO  impl.RaftServerImpl (ServerState.java:setLeader(255)) - e58da56f-e7aa-4954-9d68-22abafeee072@group-99DF7A9AA550: change Leader from null to bc663c50-48a7-4374-8289-b8b0f40d041c at term 1 for appendEntries, leader elected after 5208ms
2020-05-12 08:29:34,947 [e58da56f-e7aa-4954-9d68-22abafeee072@group-000C7C96B23F-LeaderElection9] INFO  impl.RaftServerImpl (ServerState.java:setRaftConf(356)) - e58da56f-e7aa-4954-9d68-22abafeee072@group-000C7C96B23F: set configuration 0: [e58da56f-e7aa-4954-9d68-22abafeee072:172.17.0.2:43699], old=null at 0
2020-05-12 08:29:34,951 [98600e06-a104-49b0-9863-92305f30dbaf@group-967DBEFA06FF-LeaderElection8] INFO  metrics.RatisMetrics (RatisMetrics.java:lambda$create$0(39)) - Creating Metrics Registry : ratis.log_appender.98600e06-a104-49b0-9863-92305f30dbaf@group-967DBEFA06FF
2020-05-12 08:29:34,958 [grpc-default-executor-7] INFO  server.GrpcServerProtocolService (GrpcServerProtocolService.java:onCompleted(137)) - 941dac77-9066-42cd-9c41-366eb2366cc5: Completed APPEND_ENTRIES, lastRequest: null
2020-05-12 08:29:34,959 [grpc-default-executor-1] INFO  server.GrpcLogAppender (GrpcLogAppender.java:onCompleted(309)) - 38d4cb02-2600-4c93-a46f-8bf8528a5cd0@group-BEB44CEA78A5->941dac77-9066-42cd-9c41-366eb2366cc5-AppendLogResponseHandler: follower responses appendEntries COMPLETED
2020-05-12 08:29:34,960 [grpc-default-executor-4] INFO  impl.PendingRequests (PendingRequests.java:sendNotLeaderResponses(242)) - 38d4cb02-2600-4c93-a46f-8bf8528a5cd0@group-BEB44CEA78A5-PendingRequests: sendNotLeaderResponses
2020-05-12 08:29:34,961 [grpc-default-executor-4] INFO  metrics.RatisMetrics (RatisMetrics.java:unregister(46)) - Unregistering Metrics Registry : ratis.log_appender.38d4cb02-2600-4c93-a46f-8bf8528a5cd0@group-BEB44CEA78A5
2020-05-12 08:29:34,962 [98600e06-a104-49b0-9863-92305f30dbaf@group-967DBEFA06FF-LeaderElection8] INFO  server.RaftServerConfigKeys (ConfUtils.java:logGet(44)) - raft.server.write.element-limit = 1024 (custom)
2020-05-12 08:29:34,962 [98600e06-a104-49b0-9863-92305f30dbaf@group-967DBEFA06FF-LeaderElection8] INFO  server.RaftServerConfigKeys (ConfUtils.java:logGet(44)) - raft.server.write.byte-limit = 1073741824 (custom)
2020-05-12 08:29:34,962 [98600e06-a104-49b0-9863-92305f30dbaf@group-967DBEFA06FF-LeaderElection8] INFO  server.RaftServerConfigKeys (ConfUtils.java:logGet(44)) - raft.server.watch.timeout = 180s (custom)
2020-05-12 08:29:34,962 [98600e06-a104-49b0-9863-92305f30dbaf@group-967DBEFA06FF-LeaderElection8] INFO  server.RaftServerConfigKeys (ConfUtils.java:logGet(44)) - raft.server.watch.timeout.denomination = 1s (default)
2020-05-12 08:29:34,963 [98600e06-a104-49b0-9863-92305f30dbaf@group-967DBEFA06FF-LeaderElection8] INFO  server.RaftServerConfigKeys (ConfUtils.java:logGet(44)) - raft.server.watch.element-limit = 65536 (default)
2020-05-12 08:29:34,963 [09b3564f-e143-4bea-91ea-9b4b381dcd28@group-D8F75579A9D7-LeaderElection10] INFO  impl.LeaderElection (LeaderElection.java:askForVotes(206)) - 09b3564f-e143-4bea-91ea-9b4b381dcd28@group-D8F75579A9D7-LeaderElection10: begin an election at term 1 for -1: [c043dc70-26a6-4e02-93ca-a0ed89699d62:172.17.0.2:42977, 09b3564f-e143-4bea-91ea-9b4b381dcd28:172.17.0.2:35993, 9c8373a7-fbd6-45e8-9aa3-0f89321ba3b3:172.17.0.2:35097], old=null
2020-05-12 08:29:34,963 [98600e06-a104-49b0-9863-92305f30dbaf@group-967DBEFA06FF-LeaderElection8] INFO  impl.RoleInfo (RoleInfo.java:updateAndGet(143)) - 98600e06-a104-49b0-9863-92305f30dbaf: start LeaderState
2020-05-12 08:29:34,963 [98600e06-a104-49b0-9863-92305f30dbaf@group-967DBEFA06FF-LeaderElection8] INFO  segmented.SegmentedRaftLogWorker (SegmentedRaftLogWorker.java:startLogSegment(391)) - 98600e06-a104-49b0-9863-92305f30dbaf@group-967DBEFA06FF-SegmentedRaftLogWorker: Starting segment from index:0
2020-05-12 08:29:34,995 [Thread-292] INFO  impl.FollowerState (FollowerState.java:run(108)) - 09b3564f-e143-4bea-91ea-9b4b381dcd28@group-BEC43247B2D9-FollowerState: change to CANDIDATE, lastRpcTime:5167ms, electionTimeout:5165ms
2020-05-12 08:29:34,995 [Thread-292] INFO  impl.RoleInfo (RoleInfo.java:shutdownFollowerState(121)) - 09b3564f-e143-4bea-91ea-9b4b381dcd28: shutdown FollowerState
2020-05-12 08:29:34,996 [Thread-292] INFO  impl.RaftServerImpl (RaftServerImpl.java:setRole(173)) - 09b3564f-e143-4bea-91ea-9b4b381dcd28@group-BEC43247B2D9: changes role from  FOLLOWER to CANDIDATE at term 0 for changeToCandidate
2020-05-12 08:29:34,996 [grpc-default-executor-4] INFO  impl.RoleInfo (RoleInfo.java:updateAndGet(143)) - 38d4cb02-2600-4c93-a46f-8bf8528a5cd0: start FollowerState
2020-05-12 08:29:35,007 [grpc-default-executor-3] INFO  ratis.XceiverServerRatis (XceiverServerRatis.java:handleLeaderChangedNotification(762)) - Leader change notification received for group: group-99DF7A9AA550 with new leaderId: bc663c50-48a7-4374-8289-b8b0f40d041c
2020-05-12 08:29:35,007 [grpc-default-executor-3] INFO  impl.RaftServerImpl (ServerState.java:setLeader(255)) - 98600e06-a104-49b0-9863-92305f30dbaf@group-99DF7A9AA550: change Leader from null to bc663c50-48a7-4374-8289-b8b0f40d041c at term 1 for appendEntries, leader elected after 5243ms
2020-05-12 08:29:35,011 [grpc-default-executor-7] INFO  impl.RaftServerImpl (ServerState.java:setRaftConf(356)) - e58da56f-e7aa-4954-9d68-22abafeee072@group-99DF7A9AA550: set configuration 0: [e58da56f-e7aa-4954-9d68-22abafeee072:172.17.0.2:43699, 98600e06-a104-49b0-9863-92305f30dbaf:172.17.0.2:33321, bc663c50-48a7-4374-8289-b8b0f40d041c:172.17.0.2:45491], old=null at 0
2020-05-12 08:29:35,012 [grpc-default-executor-7] INFO  segmented.SegmentedRaftLogWorker (SegmentedRaftLogWorker.java:startLogSegment(391)) - e58da56f-e7aa-4954-9d68-22abafeee072@group-99DF7A9AA550-SegmentedRaftLogWorker: Starting segment from index:0
2020-05-12 08:29:35,018 [Thread-292] INFO  impl.RoleInfo (RoleInfo.java:updateAndGet(143)) - 09b3564f-e143-4bea-91ea-9b4b381dcd28: start LeaderElection
2020-05-12 08:29:35,034 [98600e06-a104-49b0-9863-92305f30dbaf@group-967DBEFA06FF-LeaderElection8] INFO  impl.RaftServerImpl (ServerState.java:setRaftConf(356)) - 98600e06-a104-49b0-9863-92305f30dbaf@group-967DBEFA06FF: set configuration 0: [98600e06-a104-49b0-9863-92305f30dbaf:172.17.0.2:33321], old=null at 0
2020-05-12 08:29:35,008 [grpc-default-executor-2] INFO  server.GrpcServerProtocolService (GrpcServerProtocolService.java:onCompleted(137)) - 09a694a0-7314-423b-9f88-effda2c9bec5: Completed APPEND_ENTRIES, lastRequest: null
2020-05-12 08:29:35,044 [grpc-default-executor-2] INFO  impl.RaftServerImpl (ServerState.java:setRaftConf(356)) - 98600e06-a104-49b0-9863-92305f30dbaf@group-99DF7A9AA550: set configuration 0: [e58da56f-e7aa-4954-9d68-22abafeee072:172.17.0.2:43699, 98600e06-a104-49b0-9863-92305f30dbaf:172.17.0.2:33321, bc663c50-48a7-4374-8289-b8b0f40d041c:172.17.0.2:45491], old=null at 0
2020-05-12 08:29:35,044 [grpc-default-executor-2] INFO  segmented.SegmentedRaftLogWorker (SegmentedRaftLogWorker.java:startLogSegment(391)) - 98600e06-a104-49b0-9863-92305f30dbaf@group-99DF7A9AA550-SegmentedRaftLogWorker: Starting segment from index:0
2020-05-12 08:29:35,050 [09b3564f-e143-4bea-91ea-9b4b381dcd28@group-BEC43247B2D9-LeaderElection11] INFO  impl.LeaderElection (LeaderElection.java:askForVotes(206)) - 09b3564f-e143-4bea-91ea-9b4b381dcd28@group-BEC43247B2D9-LeaderElection11: begin an election at term 1 for -1: [09b3564f-e143-4bea-91ea-9b4b381dcd28:172.17.0.2:35993], old=null
2020-05-12 08:29:35,050 [grpc-default-executor-1] INFO  impl.FollowerInfo (FollowerInfo.java:lambda$new$0(50)) - 38d4cb02-2600-4c93-a46f-8bf8528a5cd0@group-BEB44CEA78A5->941dac77-9066-42cd-9c41-366eb2366cc5: nextIndex: updateUnconditionally 0 -> 0
2020-05-12 08:29:35,050 [09b3564f-e143-4bea-91ea-9b4b381dcd28@group-BEC43247B2D9-LeaderElection11] INFO  impl.RoleInfo (RoleInfo.java:shutdownLeaderElection(134)) - 09b3564f-e143-4bea-91ea-9b4b381dcd28: shutdown LeaderElection
2020-05-12 08:29:35,050 [09b3564f-e143-4bea-91ea-9b4b381dcd28@group-BEC43247B2D9-LeaderElection11] INFO  impl.RaftServerImpl (RaftServerImpl.java:setRole(173)) - 09b3564f-e143-4bea-91ea-9b4b381dcd28@group-BEC43247B2D9: changes role from CANDIDATE to LEADER at term 1 for changeToLeader
2020-05-12 08:29:35,050 [09b3564f-e143-4bea-91ea-9b4b381dcd28@group-BEC43247B2D9-LeaderElection11] INFO  ratis.XceiverServerRatis (XceiverServerRatis.java:handleLeaderChangedNotification(762)) - Leader change notification received for group: group-BEC43247B2D9 with new leaderId: 09b3564f-e143-4bea-91ea-9b4b381dcd28
2020-05-12 08:29:35,050 [09b3564f-e143-4bea-91ea-9b4b381dcd28@group-BEC43247B2D9-LeaderElection11] INFO  impl.RaftServerImpl (ServerState.java:setLeader(255)) - 09b3564f-e143-4bea-91ea-9b4b381dcd28@group-BEC43247B2D9: change Leader from null to 09b3564f-e143-4bea-91ea-9b4b381dcd28 at term 1 for becomeLeader, leader elected after 5235ms
2020-05-12 08:29:35,050 [grpc-default-executor-2] INFO  server.GrpcLogAppender (GrpcLogAppender.java:onCompleted(309)) - 38d4cb02-2600-4c93-a46f-8bf8528a5cd0@group-BEB44CEA78A5->09a694a0-7314-423b-9f88-effda2c9bec5-AppendLogResponseHandler: follower responses appendEntries COMPLETED
2020-05-12 08:29:35,052 [09b3564f-e143-4bea-91ea-9b4b381dcd28@group-BEC43247B2D9-LeaderElection11] INFO  server.RaftServerConfigKeys (ConfUtils.java:logGet(44)) - raft.server.staging.catchup.gap = 1000 (default)
2020-05-12 08:29:35,053 [09b3564f-e143-4bea-91ea-9b4b381dcd28@group-BEC43247B2D9-LeaderElection11] INFO  server.RaftServerConfigKeys (ConfUtils.java:logGet(44)) - raft.server.rpc.sleep.time = 25ms (default)
2020-05-12 08:29:35,054 [09b3564f-e143-4bea-91ea-9b4b381dcd28@group-BEC43247B2D9-LeaderElection11] INFO  metrics.RatisMetrics (RatisMetrics.java:lambda$create$0(39)) - Creating Metrics Registry : ratis.log_appender.09b3564f-e143-4bea-91ea-9b4b381dcd28@group-BEC43247B2D9
2020-05-12 08:29:35,053 [grpc-default-executor-4] INFO  impl.RaftServerImpl (RaftServerImpl.java:setRole(173)) - c043dc70-26a6-4e02-93ca-a0ed89699d62@group-D8F75579A9D7: changes role from  FOLLOWER to FOLLOWER at term 1 for recognizeCandidate:09b3564f-e143-4bea-91ea-9b4b381dcd28
2020-05-12 08:29:35,054 [grpc-default-executor-4] INFO  impl.RoleInfo (RoleInfo.java:shutdownFollowerState(121)) - c043dc70-26a6-4e02-93ca-a0ed89699d62: shutdown FollowerState
2020-05-12 08:29:35,054 [grpc-default-executor-4] INFO  impl.RoleInfo (RoleInfo.java:updateAndGet(143)) - c043dc70-26a6-4e02-93ca-a0ed89699d62: start FollowerState
2020-05-12 08:29:35,054 [Thread-302] INFO  impl.FollowerState (FollowerState.java:run(117)) - c043dc70-26a6-4e02-93ca-a0ed89699d62@group-D8F75579A9D7-FollowerState was interrupted: java.lang.InterruptedException: sleep interrupted
2020-05-12 08:29:35,055 [09b3564f-e143-4bea-91ea-9b4b381dcd28@group-BEC43247B2D9-LeaderElection11] INFO  server.RaftServerConfigKeys (ConfUtils.java:logGet(44)) - raft.server.write.element-limit = 1024 (custom)
2020-05-12 08:29:35,055 [09b3564f-e143-4bea-91ea-9b4b381dcd28@group-BEC43247B2D9-LeaderElection11] INFO  server.RaftServerConfigKeys (ConfUtils.java:logGet(44)) - raft.server.write.byte-limit = 1073741824 (custom)
2020-05-12 08:29:35,055 [09b3564f-e143-4bea-91ea-9b4b381dcd28@group-BEC43247B2D9-LeaderElection11] INFO  server.RaftServerConfigKeys (ConfUtils.java:logGet(44)) - raft.server.watch.timeout = 180s (custom)
2020-05-12 08:29:35,055 [09b3564f-e143-4bea-91ea-9b4b381dcd28@group-BEC43247B2D9-LeaderElection11] INFO  server.RaftServerConfigKeys (ConfUtils.java:logGet(44)) - raft.server.watch.timeout.denomination = 1s (default)
2020-05-12 08:29:35,055 [09b3564f-e143-4bea-91ea-9b4b381dcd28@group-BEC43247B2D9-LeaderElection11] INFO  server.RaftServerConfigKeys (ConfUtils.java:logGet(44)) - raft.server.watch.element-limit = 65536 (default)
2020-05-12 08:29:35,056 [09b3564f-e143-4bea-91ea-9b4b381dcd28@group-BEC43247B2D9-LeaderElection11] INFO  impl.RoleInfo (RoleInfo.java:updateAndGet(143)) - 09b3564f-e143-4bea-91ea-9b4b381dcd28: start LeaderState
2020-05-12 08:29:35,056 [09b3564f-e143-4bea-91ea-9b4b381dcd28@group-BEC43247B2D9-LeaderElection11] INFO  segmented.SegmentedRaftLogWorker (SegmentedRaftLogWorker.java:startLogSegment(391)) - 09b3564f-e143-4bea-91ea-9b4b381dcd28@group-BEC43247B2D9-SegmentedRaftLogWorker: Starting segment from index:0
2020-05-12 08:29:35,057 [09b3564f-e143-4bea-91ea-9b4b381dcd28@group-BEC43247B2D9-LeaderElection11] INFO  impl.RaftServerImpl (ServerState.java:setRaftConf(356)) - 09b3564f-e143-4bea-91ea-9b4b381dcd28@group-BEC43247B2D9: set configuration 0: [09b3564f-e143-4bea-91ea-9b4b381dcd28:172.17.0.2:35993], old=null at 0
2020-05-12 08:29:35,065 [grpc-default-executor-1] INFO  impl.RaftServerImpl (RaftServerImpl.java:setRole(173)) - 9c8373a7-fbd6-45e8-9aa3-0f89321ba3b3@group-D8F75579A9D7: changes role from  FOLLOWER to FOLLOWER at term 1 for recognizeCandidate:09b3564f-e143-4bea-91ea-9b4b381dcd28
2020-05-12 08:29:35,065 [grpc-default-executor-1] INFO  impl.RoleInfo (RoleInfo.java:shutdownFollowerState(121)) - 9c8373a7-fbd6-45e8-9aa3-0f89321ba3b3: shutdown FollowerState
2020-05-12 08:29:35,065 [grpc-default-executor-1] INFO  impl.RoleInfo (RoleInfo.java:updateAndGet(143)) - 9c8373a7-fbd6-45e8-9aa3-0f89321ba3b3: start FollowerState
2020-05-12 08:29:35,065 [Thread-298] INFO  impl.FollowerState (FollowerState.java:run(117)) - 9c8373a7-fbd6-45e8-9aa3-0f89321ba3b3@group-D8F75579A9D7-FollowerState was interrupted: java.lang.InterruptedException: sleep interrupted
2020-05-12 08:29:35,065 [grpc-default-executor-2] INFO  impl.FollowerInfo (FollowerInfo.java:lambda$new$0(50)) - 38d4cb02-2600-4c93-a46f-8bf8528a5cd0@group-BEB44CEA78A5->09a694a0-7314-423b-9f88-effda2c9bec5: nextIndex: updateUnconditionally 0 -> 0
2020-05-12 08:29:35,072 [09b3564f-e143-4bea-91ea-9b4b381dcd28@group-D8F75579A9D7-LeaderElection10] INFO  impl.LeaderElection (LeaderElection.java:logAndReturn(61)) - 09b3564f-e143-4bea-91ea-9b4b381dcd28@group-D8F75579A9D7-LeaderElection10: Election PASSED; received 1 response(s) [09b3564f-e143-4bea-91ea-9b4b381dcd28<-c043dc70-26a6-4e02-93ca-a0ed89699d62#0:OK-t1] and 0 exception(s); 09b3564f-e143-4bea-91ea-9b4b381dcd28@group-D8F75579A9D7:t1, leader=null, voted=09b3564f-e143-4bea-91ea-9b4b381dcd28, raftlog=09b3564f-e143-4bea-91ea-9b4b381dcd28@group-D8F75579A9D7-SegmentedRaftLog:OPENED:c-1,f-1,i0, conf=-1: [c043dc70-26a6-4e02-93ca-a0ed89699d62:172.17.0.2:42977, 09b3564f-e143-4bea-91ea-9b4b381dcd28:172.17.0.2:35993, 9c8373a7-fbd6-45e8-9aa3-0f89321ba3b3:172.17.0.2:35097], old=null
2020-05-12 08:29:35,072 [09b3564f-e143-4bea-91ea-9b4b381dcd28@group-D8F75579A9D7-LeaderElection10] INFO  impl.RoleInfo (RoleInfo.java:shutdownLeaderElection(134)) - 09b3564f-e143-4bea-91ea-9b4b381dcd28: shutdown LeaderElection
2020-05-12 08:29:35,072 [09b3564f-e143-4bea-91ea-9b4b381dcd28@group-D8F75579A9D7-LeaderElection10] INFO  impl.RaftServerImpl (RaftServerImpl.java:setRole(173)) - 09b3564f-e143-4bea-91ea-9b4b381dcd28@group-D8F75579A9D7: changes role from CANDIDATE to LEADER at term 1 for changeToLeader
2020-05-12 08:29:35,073 [09b3564f-e143-4bea-91ea-9b4b381dcd28@group-D8F75579A9D7-LeaderElection10] INFO  ratis.XceiverServerRatis (XceiverServerRatis.java:handleLeaderChangedNotification(762)) - Leader change notification received for group: group-D8F75579A9D7 with new leaderId: 09b3564f-e143-4bea-91ea-9b4b381dcd28
2020-05-12 08:29:35,073 [09b3564f-e143-4bea-91ea-9b4b381dcd28@group-D8F75579A9D7-LeaderElection10] INFO  impl.RaftServerImpl (ServerState.java:setLeader(255)) - 09b3564f-e143-4bea-91ea-9b4b381dcd28@group-D8F75579A9D7: change Leader from null to 09b3564f-e143-4bea-91ea-9b4b381dcd28 at term 1 for becomeLeader, leader elected after 5235ms
2020-05-12 08:29:35,073 [09b3564f-e143-4bea-91ea-9b4b381dcd28@group-D8F75579A9D7-LeaderElection10] INFO  server.RaftServerConfigKeys (ConfUtils.java:logGet(44)) - raft.server.staging.catchup.gap = 1000 (default)
2020-05-12 08:29:35,073 [09b3564f-e143-4bea-91ea-9b4b381dcd28@group-D8F75579A9D7-LeaderElection10] INFO  server.RaftServerConfigKeys (ConfUtils.java:logGet(44)) - raft.server.rpc.sleep.time = 25ms (default)
2020-05-12 08:29:35,073 [09b3564f-e143-4bea-91ea-9b4b381dcd28@group-D8F75579A9D7-LeaderElection10] INFO  metrics.RatisMetrics (RatisMetrics.java:lambda$create$0(39)) - Creating Metrics Registry : ratis.log_appender.09b3564f-e143-4bea-91ea-9b4b381dcd28@group-D8F75579A9D7
2020-05-12 08:29:35,073 [09b3564f-e143-4bea-91ea-9b4b381dcd28@group-D8F75579A9D7-LeaderElection10] INFO  server.RaftServerConfigKeys (ConfUtils.java:logGet(44)) - raft.server.write.element-limit = 1024 (custom)
2020-05-12 08:29:35,073 [09b3564f-e143-4bea-91ea-9b4b381dcd28@group-D8F75579A9D7-LeaderElection10] INFO  server.RaftServerConfigKeys (ConfUtils.java:logGet(44)) - raft.server.write.byte-limit = 1073741824 (custom)
2020-05-12 08:29:35,074 [09b3564f-e143-4bea-91ea-9b4b381dcd28@group-D8F75579A9D7-LeaderElection10] INFO  server.RaftServerConfigKeys (ConfUtils.java:logGet(44)) - raft.server.watch.timeout = 180s (custom)
2020-05-12 08:29:35,074 [09b3564f-e143-4bea-91ea-9b4b381dcd28@group-D8F75579A9D7-LeaderElection10] INFO  server.RaftServerConfigKeys (ConfUtils.java:logGet(44)) - raft.server.watch.timeout.denomination = 1s (default)
2020-05-12 08:29:35,074 [09b3564f-e143-4bea-91ea-9b4b381dcd28@group-D8F75579A9D7-LeaderElection10] INFO  server.RaftServerConfigKeys (ConfUtils.java:logGet(44)) - raft.server.watch.element-limit = 65536 (default)
2020-05-12 08:29:35,074 [09b3564f-e143-4bea-91ea-9b4b381dcd28@group-D8F75579A9D7-LeaderElection10] INFO  server.RaftServerConfigKeys (ConfUtils.java:logGet(44)) - raft.server.log.appender.snapshot.chunk.size.max = 16MB (=16777216) (default)
2020-05-12 08:29:35,074 [09b3564f-e143-4bea-91ea-9b4b381dcd28@group-D8F75579A9D7-LeaderElection10] INFO  server.RaftServerConfigKeys (ConfUtils.java:logGet(44)) - raft.server.log.appender.buffer.byte-limit = 33554432 (custom)
2020-05-12 08:29:35,074 [09b3564f-e143-4bea-91ea-9b4b381dcd28@group-D8F75579A9D7-LeaderElection10] INFO  server.RaftServerConfigKeys (ConfUtils.java:logGet(44)) - raft.server.log.appender.buffer.element-limit = 1 (custom)
2020-05-12 08:29:35,075 [EventQueue-PipelineReportForPipelineReportHandler] INFO  pipeline.PipelineStateManager (PipelineStateManager.java:openPipeline(131)) - Pipeline Pipeline[ Id: 91035633-2b0a-41a9-9a8e-d8f75579a9d7, Nodes: 09b3564f-e143-4bea-91ea-9b4b381dcd28{ip: 172.17.0.2, host: cda64759c3a5, networkLocation: /default-rack, certSerialId: null}9c8373a7-fbd6-45e8-9aa3-0f89321ba3b3{ip: 172.17.0.2, host: cda64759c3a5, networkLocation: /default-rack, certSerialId: null}c043dc70-26a6-4e02-93ca-a0ed89699d62{ip: 172.17.0.2, host: cda64759c3a5, networkLocation: /default-rack, certSerialId: null}, Type:RATIS, Factor:THREE, State:ALLOCATED, leaderId:09b3564f-e143-4bea-91ea-9b4b381dcd28, CreationTimestamp2020-05-12T08:29:27.048Z] moved to OPEN state
2020-05-12 08:29:35,076 [09b3564f-e143-4bea-91ea-9b4b381dcd28@group-D8F75579A9D7-LeaderElection10] INFO  grpc.GrpcConfigKeys (ConfUtils.java:logGet(44)) - raft.grpc.server.leader.outstanding.appends.max = 128 (default)
2020-05-12 08:29:35,077 [09b3564f-e143-4bea-91ea-9b4b381dcd28@group-D8F75579A9D7-LeaderElection10] INFO  server.RaftServerConfigKeys (ConfUtils.java:logGet(44)) - raft.server.rpc.request.timeout = 60s (custom)
2020-05-12 08:29:35,077 [09b3564f-e143-4bea-91ea-9b4b381dcd28@group-D8F75579A9D7-LeaderElection10] INFO  server.RaftServerConfigKeys (ConfUtils.java:logGet(44)) - raft.server.log.appender.install.snapshot.enabled = false (custom)
2020-05-12 08:29:35,081 [e58da56f-e7aa-4954-9d68-22abafeee072@group-99DF7A9AA550-SegmentedRaftLogWorker] INFO  segmented.SegmentedRaftLogWorker (SegmentedRaftLogWorker.java:execute(583)) - e58da56f-e7aa-4954-9d68-22abafeee072@group-99DF7A9AA550-SegmentedRaftLogWorker: created new log segment /github/workspace/mnt/ozone/hadoop-ozone/integration-test/target/test-dir/MiniOzoneClusterImpl-b9f4991b-e4de-40e3-b3af-34f99860be45/datanode-4/data/ratis/f64e6500-462f-4c9a-880c-99df7a9aa550/current/log_inprogress_0
2020-05-12 08:29:35,082 [09a694a0-7314-423b-9f88-effda2c9bec5@group-9C2D44C4E548-SegmentedRaftLogWorker] INFO  segmented.SegmentedRaftLogWorker (SegmentedRaftLogWorker.java:execute(583)) - 09a694a0-7314-423b-9f88-effda2c9bec5@group-9C2D44C4E548-SegmentedRaftLogWorker: created new log segment /github/workspace/mnt/ozone/hadoop-ozone/integration-test/target/test-dir/MiniOzoneClusterImpl-b9f4991b-e4de-40e3-b3af-34f99860be45/datanode-0/data/ratis/f7615f27-2760-4fba-9d88-9c2d44c4e548/current/log_inprogress_0
2020-05-12 08:29:35,082 [e58da56f-e7aa-4954-9d68-22abafeee072@group-000C7C96B23F-SegmentedRaftLogWorker] INFO  segmented.SegmentedRaftLogWorker (SegmentedRaftLogWorker.java:execute(583)) - e58da56f-e7aa-4954-9d68-22abafeee072@group-000C7C96B23F-SegmentedRaftLogWorker: created new log segment /github/workspace/mnt/ozone/hadoop-ozone/integration-test/target/test-dir/MiniOzoneClusterImpl-b9f4991b-e4de-40e3-b3af-34f99860be45/datanode-4/data/ratis/012103f0-9f12-4382-b2da-000c7c96b23f/current/log_inprogress_0
2020-05-12 08:29:35,082 [941dac77-9066-42cd-9c41-366eb2366cc5@group-CA46279CA1AF-SegmentedRaftLogWorker] INFO  segmented.SegmentedRaftLogWorker (SegmentedRaftLogWorker.java:execute(583)) - 941dac77-9066-42cd-9c41-366eb2366cc5@group-CA46279CA1AF-SegmentedRaftLogWorker: created new log segment /github/workspace/mnt/ozone/hadoop-ozone/integration-test/target/test-dir/MiniOzoneClusterImpl-b9f4991b-e4de-40e3-b3af-34f99860be45/datanode-2/data/ratis/61887f00-30aa-44e3-a3a2-ca46279ca1af/current/log_inprogress_0
2020-05-12 08:29:35,082 [98600e06-a104-49b0-9863-92305f30dbaf@group-967DBEFA06FF-SegmentedRaftLogWorker] INFO  segmented.SegmentedRaftLogWorker (SegmentedRaftLogWorker.java:execute(583)) - 98600e06-a104-49b0-9863-92305f30dbaf@group-967DBEFA06FF-SegmentedRaftLogWorker: created new log segment /github/workspace/mnt/ozone/hadoop-ozone/integration-test/target/test-dir/MiniOzoneClusterImpl-b9f4991b-e4de-40e3-b3af-34f99860be45/datanode-5/data/ratis/9afea2e7-e293-4966-9ce5-967dbefa06ff/current/log_inprogress_0
2020-05-12 08:29:35,081 [98600e06-a104-49b0-9863-92305f30dbaf@group-99DF7A9AA550-SegmentedRaftLogWorker] INFO  segmented.SegmentedRaftLogWorker (SegmentedRaftLogWorker.java:execute(583)) - 98600e06-a104-49b0-9863-92305f30dbaf@group-99DF7A9AA550-SegmentedRaftLogWorker: created new log segment /github/workspace/mnt/ozone/hadoop-ozone/integration-test/target/test-dir/MiniOzoneClusterImpl-b9f4991b-e4de-40e3-b3af-34f99860be45/datanode-5/data/ratis/f64e6500-462f-4c9a-880c-99df7a9aa550/current/log_inprogress_0
2020-05-12 08:29:35,081 [bc663c50-48a7-4374-8289-b8b0f40d041c@group-99DF7A9AA550-SegmentedRaftLogWorker] INFO  segmented.SegmentedRaftLogWorker (SegmentedRaftLogWorker.java:execute(583)) - bc663c50-48a7-4374-8289-b8b0f40d041c@group-99DF7A9AA550-SegmentedRaftLogWorker: created new log segment /github/workspace/mnt/ozone/hadoop-ozone/integration-test/target/test-dir/MiniOzoneClusterImpl-b9f4991b-e4de-40e3-b3af-34f99860be45/datanode-3/data/ratis/f64e6500-462f-4c9a-880c-99df7a9aa550/current/log_inprogress_0
2020-05-12 08:29:35,081 [38d4cb02-2600-4c93-a46f-8bf8528a5cd0@group-BEB44CEA78A5-SegmentedRaftLogWorker] INFO  segmented.SegmentedRaftLogWorker (SegmentedRaftLogWorker.java:execute(583)) - 38d4cb02-2600-4c93-a46f-8bf8528a5cd0@group-BEB44CEA78A5-SegmentedRaftLogWorker: created new log segment /github/workspace/mnt/ozone/hadoop-ozone/integration-test/target/test-dir/MiniOzoneClusterImpl-b9f4991b-e4de-40e3-b3af-34f99860be45/datanode-1/data/ratis/01b1e74f-13c0-4801-96c1-beb44cea78a5/current/log_inprogress_0
2020-05-12 08:29:35,081 [bc663c50-48a7-4374-8289-b8b0f40d041c@group-18EE7DA58159-SegmentedRaftLogWorker] INFO  segmented.SegmentedRaftLogWorker (SegmentedRaftLogWorker.java:execute(583)) - bc663c50-48a7-4374-8289-b8b0f40d041c@group-18EE7DA58159-SegmentedRaftLogWorker: created new log segment /github/workspace/mnt/ozone/hadoop-ozone/integration-test/target/test-dir/MiniOzoneClusterImpl-b9f4991b-e4de-40e3-b3af-34f99860be45/datanode-3/data/ratis/012c9ede-30fd-4340-a90d-18ee7da58159/current/log_inprogress_0
2020-05-12 08:29:35,083 [09b3564f-e143-4bea-91ea-9b4b381dcd28@group-D8F75579A9D7-LeaderElection10] INFO  server.RaftServerConfigKeys (ConfUtils.java:logGet(44)) - raft.server.log.appender.snapshot.chunk.size.max = 16MB (=16777216) (default)
2020-05-12 08:29:35,090 [09b3564f-e143-4bea-91ea-9b4b381dcd28@group-D8F75579A9D7-LeaderElection10] INFO  server.RaftServerConfigKeys (ConfUtils.java:logGet(44)) - raft.server.log.appender.buffer.byte-limit = 33554432 (custom)
2020-05-12 08:29:35,090 [09b3564f-e143-4bea-91ea-9b4b381dcd28@group-D8F75579A9D7-LeaderElection10] INFO  server.RaftServerConfigKeys (ConfUtils.java:logGet(44)) - raft.server.log.appender.buffer.element-limit = 1 (custom)
2020-05-12 08:29:35,090 [09b3564f-e143-4bea-91ea-9b4b381dcd28@group-D8F75579A9D7-LeaderElection10] INFO  grpc.GrpcConfigKeys (ConfUtils.java:logGet(44)) - raft.grpc.server.leader.outstanding.appends.max = 128 (default)
2020-05-12 08:29:35,090 [09b3564f-e143-4bea-91ea-9b4b381dcd28@group-D8F75579A9D7-LeaderElection10] INFO  server.RaftServerConfigKeys (ConfUtils.java:logGet(44)) - raft.server.rpc.request.timeout = 60s (custom)
2020-05-12 08:29:35,090 [09b3564f-e143-4bea-91ea-9b4b381dcd28@group-D8F75579A9D7-LeaderElection10] INFO  server.RaftServerConfigKeys (ConfUtils.java:logGet(44)) - raft.server.log.appender.install.snapshot.enabled = false (custom)
2020-05-12 08:29:35,090 [38d4cb02-2600-4c93-a46f-8bf8528a5cd0@group-1065137CD792-SegmentedRaftLogWorker] INFO  segmented.SegmentedRaftLogWorker (SegmentedRaftLogWorker.java:execute(583)) - 38d4cb02-2600-4c93-a46f-8bf8528a5cd0@group-1065137CD792-SegmentedRaftLogWorker: created new log segment /github/workspace/mnt/ozone/hadoop-ozone/integration-test/target/test-dir/MiniOzoneClusterImpl-b9f4991b-e4de-40e3-b3af-34f99860be45/datanode-1/data/ratis/f0640ff9-b352-4a05-afb2-1065137cd792/current/log_inprogress_0
2020-05-12 08:29:35,087 [09b3564f-e143-4bea-91ea-9b4b381dcd28@group-BEC43247B2D9-SegmentedRaftLogWorker] INFO  segmented.SegmentedRaftLogWorker (SegmentedRaftLogWorker.java:execute(583)) - 09b3564f-e143-4bea-91ea-9b4b381dcd28@group-BEC43247B2D9-SegmentedRaftLogWorker: created new log segment /github/workspace/mnt/ozone/hadoop-ozone/integration-test/target/test-dir/MiniOzoneClusterImpl-b9f4991b-e4de-40e3-b3af-34f99860be45/datanode-6/data/ratis/49c38e8b-15ad-497e-82aa-bec43247b2d9/current/log_inprogress_0
2020-05-12 08:29:35,095 [Thread-296] INFO  impl.FollowerState (FollowerState.java:run(108)) - 9c8373a7-fbd6-45e8-9aa3-0f89321ba3b3@group-AB1680387A48-FollowerState: change to CANDIDATE, lastRpcTime:5141ms, electionTimeout:5129ms
2020-05-12 08:29:35,101 [Thread-296] INFO  impl.RoleInfo (RoleInfo.java:shutdownFollowerState(121)) - 9c8373a7-fbd6-45e8-9aa3-0f89321ba3b3: shutdown FollowerState
2020-05-12 08:29:35,101 [Thread-296] INFO  impl.RaftServerImpl (RaftServerImpl.java:setRole(173)) - 9c8373a7-fbd6-45e8-9aa3-0f89321ba3b3@group-AB1680387A48: changes role from  FOLLOWER to CANDIDATE at term 0 for changeToCandidate
2020-05-12 08:29:35,104 [Thread-296] INFO  impl.RoleInfo (RoleInfo.java:updateAndGet(143)) - 9c8373a7-fbd6-45e8-9aa3-0f89321ba3b3: start LeaderElection
2020-05-12 08:29:35,116 [9c8373a7-fbd6-45e8-9aa3-0f89321ba3b3@group-AB1680387A48-LeaderElection12] INFO  impl.LeaderElection (LeaderElection.java:askForVotes(206)) - 9c8373a7-fbd6-45e8-9aa3-0f89321ba3b3@group-AB1680387A48-LeaderElection12: begin an election at term 1 for -1: [9c8373a7-fbd6-45e8-9aa3-0f89321ba3b3:172.17.0.2:35097], old=null
2020-05-12 08:29:35,117 [9c8373a7-fbd6-45e8-9aa3-0f89321ba3b3@group-AB1680387A48-LeaderElection12] INFO  impl.RoleInfo (RoleInfo.java:shutdownLeaderElection(134)) - 9c8373a7-fbd6-45e8-9aa3-0f89321ba3b3: shutdown LeaderElection
2020-05-12 08:29:35,117 [9c8373a7-fbd6-45e8-9aa3-0f89321ba3b3@group-AB1680387A48-LeaderElection12] INFO  impl.RaftServerImpl (RaftServerImpl.java:setRole(173)) - 9c8373a7-fbd6-45e8-9aa3-0f89321ba3b3@group-AB1680387A48: changes role from CANDIDATE to LEADER at term 1 for changeToLeader
2020-05-12 08:29:35,117 [9c8373a7-fbd6-45e8-9aa3-0f89321ba3b3@group-AB1680387A48-LeaderElection12] INFO  ratis.XceiverServerRatis (XceiverServerRatis.java:handleLeaderChangedNotification(762)) - Leader change notification received for group: group-AB1680387A48 with new leaderId: 9c8373a7-fbd6-45e8-9aa3-0f89321ba3b3
2020-05-12 08:29:35,117 [9c8373a7-fbd6-45e8-9aa3-0f89321ba3b3@group-AB1680387A48-LeaderElection12] INFO  impl.RaftServerImpl (ServerState.java:setLeader(255)) - 9c8373a7-fbd6-45e8-9aa3-0f89321ba3b3@group-AB1680387A48: change Leader from null to 9c8373a7-fbd6-45e8-9aa3-0f89321ba3b3 at term 1 for becomeLeader, leader elected after 5186ms
2020-05-12 08:29:35,120 [09b3564f-e143-4bea-91ea-9b4b381dcd28@group-D8F75579A9D7-LeaderElection10] INFO  impl.RoleInfo (RoleInfo.java:updateAndGet(143)) - 09b3564f-e143-4bea-91ea-9b4b381dcd28: start LeaderState
2020-05-12 08:29:35,121 [09b3564f-e143-4bea-91ea-9b4b381dcd28@group-D8F75579A9D7-LeaderElection10] INFO  segmented.SegmentedRaftLogWorker (SegmentedRaftLogWorker.java:startLogSegment(391)) - 09b3564f-e143-4bea-91ea-9b4b381dcd28@group-D8F75579A9D7-SegmentedRaftLogWorker: Starting segment from index:0
2020-05-12 08:29:35,127 [9c8373a7-fbd6-45e8-9aa3-0f89321ba3b3@group-AB1680387A48-LeaderElection12] INFO  server.RaftServerConfigKeys (ConfUtils.java:logGet(44)) - raft.server.staging.catchup.gap = 1000 (default)
2020-05-12 08:29:35,127 [9c8373a7-fbd6-45e8-9aa3-0f89321ba3b3@group-AB1680387A48-LeaderElection12] INFO  server.RaftServerConfigKeys (ConfUtils.java:logGet(44)) - raft.server.rpc.sleep.time = 25ms (default)
2020-05-12 08:29:35,127 [9c8373a7-fbd6-45e8-9aa3-0f89321ba3b3@group-AB1680387A48-LeaderElection12] INFO  metrics.RatisMetrics (RatisMetrics.java:lambda$create$0(39)) - Creating Metrics Registry : ratis.log_appender.9c8373a7-fbd6-45e8-9aa3-0f89321ba3b3@group-AB1680387A48
2020-05-12 08:29:35,127 [9c8373a7-fbd6-45e8-9aa3-0f89321ba3b3@group-AB1680387A48-LeaderElection12] INFO  server.RaftServerConfigKeys (ConfUtils.java:logGet(44)) - raft.server.write.element-limit = 1024 (custom)
2020-05-12 08:29:35,127 [9c8373a7-fbd6-45e8-9aa3-0f89321ba3b3@group-AB1680387A48-LeaderElection12] INFO  server.RaftServerConfigKeys (ConfUtils.java:logGet(44)) - raft.server.write.byte-limit = 1073741824 (custom)
2020-05-12 08:29:35,128 [9c8373a7-fbd6-45e8-9aa3-0f89321ba3b3@group-AB1680387A48-LeaderElection12] INFO  server.RaftServerConfigKeys (ConfUtils.java:logGet(44)) - raft.server.watch.timeout = 180s (custom)
2020-05-12 08:29:35,128 [9c8373a7-fbd6-45e8-9aa3-0f89321ba3b3@group-AB1680387A48-LeaderElection12] INFO  server.RaftServerConfigKeys (ConfUtils.java:logGet(44)) - raft.server.watch.timeout.denomination = 1s (default)
2020-05-12 08:29:35,128 [9c8373a7-fbd6-45e8-9aa3-0f89321ba3b3@group-AB1680387A48-LeaderElection12] INFO  server.RaftServerConfigKeys (ConfUtils.java:logGet(44)) - raft.server.watch.element-limit = 65536 (default)
2020-05-12 08:29:35,128 [9c8373a7-fbd6-45e8-9aa3-0f89321ba3b3@group-AB1680387A48-LeaderElection12] INFO  impl.RoleInfo (RoleInfo.java:updateAndGet(143)) - 9c8373a7-fbd6-45e8-9aa3-0f89321ba3b3: start LeaderState
2020-05-12 08:29:35,128 [9c8373a7-fbd6-45e8-9aa3-0f89321ba3b3@group-AB1680387A48-LeaderElection12] INFO  segmented.SegmentedRaftLogWorker (SegmentedRaftLogWorker.java:startLogSegment(391)) - 9c8373a7-fbd6-45e8-9aa3-0f89321ba3b3@group-AB1680387A48-SegmentedRaftLogWorker: Starting segment from index:0
2020-05-12 08:29:35,129 [9c8373a7-fbd6-45e8-9aa3-0f89321ba3b3@group-AB1680387A48-LeaderElection12] INFO  impl.RaftServerImpl (ServerState.java:setRaftConf(356)) - 9c8373a7-fbd6-45e8-9aa3-0f89321ba3b3@group-AB1680387A48: set configuration 0: [9c8373a7-fbd6-45e8-9aa3-0f89321ba3b3:172.17.0.2:35097], old=null at 0
2020-05-12 08:29:35,134 [09b3564f-e143-4bea-91ea-9b4b381dcd28@group-D8F75579A9D7-SegmentedRaftLogWorker] INFO  segmented.SegmentedRaftLogWorker (SegmentedRaftLogWorker.java:execute(583)) - 09b3564f-e143-4bea-91ea-9b4b381dcd28@group-D8F75579A9D7-SegmentedRaftLogWorker: created new log segment /github/workspace/mnt/ozone/hadoop-ozone/integration-test/target/test-dir/MiniOzoneClusterImpl-b9f4991b-e4de-40e3-b3af-34f99860be45/datanode-6/data/ratis/91035633-2b0a-41a9-9a8e-d8f75579a9d7/current/log_inprogress_0
2020-05-12 08:29:35,137 [main] INFO  ozone.MiniOzoneClusterImpl (MiniOzoneClusterImpl.java:lambda$waitForClusterToBeReady$0(177)) - Nodes are ready. Got 10 of 10 DN Heartbeats.
2020-05-12 08:29:35,137 [main] INFO  ozone.MiniOzoneClusterImpl (MiniOzoneClusterImpl.java:lambda$waitForClusterToBeReady$0(180)) - Cluster exits safe mode
2020-05-12 08:29:35,143 [09b3564f-e143-4bea-91ea-9b4b381dcd28@group-D8F75579A9D7-LeaderElection10] INFO  impl.RaftServerImpl (ServerState.java:setRaftConf(356)) - 09b3564f-e143-4bea-91ea-9b4b381dcd28@group-D8F75579A9D7: set configuration 0: [c043dc70-26a6-4e02-93ca-a0ed89699d62:172.17.0.2:42977, 09b3564f-e143-4bea-91ea-9b4b381dcd28:172.17.0.2:35993, 9c8373a7-fbd6-45e8-9aa3-0f89321ba3b3:172.17.0.2:35097], old=null at 0
2020-05-12 08:29:35,144 [9c8373a7-fbd6-45e8-9aa3-0f89321ba3b3@group-AB1680387A48-SegmentedRaftLogWorker] INFO  segmented.SegmentedRaftLogWorker (SegmentedRaftLogWorker.java:execute(583)) - 9c8373a7-fbd6-45e8-9aa3-0f89321ba3b3@group-AB1680387A48-SegmentedRaftLogWorker: created new log segment /github/workspace/mnt/ozone/hadoop-ozone/integration-test/target/test-dir/MiniOzoneClusterImpl-b9f4991b-e4de-40e3-b3af-34f99860be45/datanode-7/data/ratis/847e456b-55a3-42b6-ba61-ab1680387a48/current/log_inprogress_0
2020-05-12 08:29:35,147 [grpc-default-executor-2] INFO  ratis.XceiverServerRatis (XceiverServerRatis.java:handleLeaderChangedNotification(762)) - Leader change notification received for group: group-D8F75579A9D7 with new leaderId: 09b3564f-e143-4bea-91ea-9b4b381dcd28
2020-05-12 08:29:35,147 [grpc-default-executor-2] INFO  impl.RaftServerImpl (ServerState.java:setLeader(255)) - c043dc70-26a6-4e02-93ca-a0ed89699d62@group-D8F75579A9D7: change Leader from null to 09b3564f-e143-4bea-91ea-9b4b381dcd28 at term 1 for appendEntries, leader elected after 5048ms
2020-05-12 08:29:35,148 [grpc-default-executor-2] INFO  impl.RaftServerImpl (ServerState.java:setRaftConf(356)) - c043dc70-26a6-4e02-93ca-a0ed89699d62@group-D8F75579A9D7: set configuration 0: [c043dc70-26a6-4e02-93ca-a0ed89699d62:172.17.0.2:42977, 09b3564f-e143-4bea-91ea-9b4b381dcd28:172.17.0.2:35993, 9c8373a7-fbd6-45e8-9aa3-0f89321ba3b3:172.17.0.2:35097], old=null at 0
2020-05-12 08:29:35,149 [grpc-default-executor-2] INFO  segmented.SegmentedRaftLogWorker (SegmentedRaftLogWorker.java:startLogSegment(391)) - c043dc70-26a6-4e02-93ca-a0ed89699d62@group-D8F75579A9D7-SegmentedRaftLogWorker: Starting segment from index:0
2020-05-12 08:29:35,150 [c043dc70-26a6-4e02-93ca-a0ed89699d62@group-D8F75579A9D7-SegmentedRaftLogWorker] INFO  segmented.SegmentedRaftLogWorker (SegmentedRaftLogWorker.java:execute(583)) - c043dc70-26a6-4e02-93ca-a0ed89699d62@group-D8F75579A9D7-SegmentedRaftLogWorker: created new log segment /github/workspace/mnt/ozone/hadoop-ozone/integration-test/target/test-dir/MiniOzoneClusterImpl-b9f4991b-e4de-40e3-b3af-34f99860be45/datanode-8/data/ratis/91035633-2b0a-41a9-9a8e-d8f75579a9d7/current/log_inprogress_0
2020-05-12 08:29:35,161 [grpc-default-executor-2] INFO  ratis.XceiverServerRatis (XceiverServerRatis.java:handleLeaderChangedNotification(762)) - Leader change notification received for group: group-D8F75579A9D7 with new leaderId: 09b3564f-e143-4bea-91ea-9b4b381dcd28
2020-05-12 08:29:35,161 [grpc-default-executor-2] INFO  impl.RaftServerImpl (ServerState.java:setLeader(255)) - 9c8373a7-fbd6-45e8-9aa3-0f89321ba3b3@group-D8F75579A9D7: change Leader from null to 09b3564f-e143-4bea-91ea-9b4b381dcd28 at term 1 for appendEntries, leader elected after 5146ms
2020-05-12 08:29:35,163 [grpc-default-executor-2] INFO  impl.RaftServerImpl (ServerState.java:setRaftConf(356)) - 9c8373a7-fbd6-45e8-9aa3-0f89321ba3b3@group-D8F75579A9D7: set configuration 0: [c043dc70-26a6-4e02-93ca-a0ed89699d62:172.17.0.2:42977, 09b3564f-e143-4bea-91ea-9b4b381dcd28:172.17.0.2:35993, 9c8373a7-fbd6-45e8-9aa3-0f89321ba3b3:172.17.0.2:35097], old=null at 0
2020-05-12 08:29:35,163 [grpc-default-executor-2] INFO  segmented.SegmentedRaftLogWorker (SegmentedRaftLogWorker.java:startLogSegment(391)) - 9c8373a7-fbd6-45e8-9aa3-0f89321ba3b3@group-D8F75579A9D7-SegmentedRaftLogWorker: Starting segment from index:0
2020-05-12 08:29:35,164 [9c8373a7-fbd6-45e8-9aa3-0f89321ba3b3@group-D8F75579A9D7-SegmentedRaftLogWorker] INFO  segmented.SegmentedRaftLogWorker (SegmentedRaftLogWorker.java:execute(583)) - 9c8373a7-fbd6-45e8-9aa3-0f89321ba3b3@group-D8F75579A9D7-SegmentedRaftLogWorker: created new log segment /github/workspace/mnt/ozone/hadoop-ozone/integration-test/target/test-dir/MiniOzoneClusterImpl-b9f4991b-e4de-40e3-b3af-34f99860be45/datanode-7/data/ratis/91035633-2b0a-41a9-9a8e-d8f75579a9d7/current/log_inprogress_0
2020-05-12 08:29:35,185 [Thread-300] INFO  impl.FollowerState (FollowerState.java:run(108)) - c043dc70-26a6-4e02-93ca-a0ed89699d62@group-5292B3C524E3-FollowerState: change to CANDIDATE, lastRpcTime:5104ms, electionTimeout:5095ms
2020-05-12 08:29:35,186 [Thread-300] INFO  impl.RoleInfo (RoleInfo.java:shutdownFollowerState(121)) - c043dc70-26a6-4e02-93ca-a0ed89699d62: shutdown FollowerState
2020-05-12 08:29:35,186 [Thread-300] INFO  impl.RaftServerImpl (RaftServerImpl.java:setRole(173)) - c043dc70-26a6-4e02-93ca-a0ed89699d62@group-5292B3C524E3: changes role from  FOLLOWER to CANDIDATE at term 0 for changeToCandidate
2020-05-12 08:29:35,186 [Thread-300] INFO  impl.RoleInfo (RoleInfo.java:updateAndGet(143)) - c043dc70-26a6-4e02-93ca-a0ed89699d62: start LeaderElection
2020-05-12 08:29:35,193 [c043dc70-26a6-4e02-93ca-a0ed89699d62@group-5292B3C524E3-LeaderElection13] INFO  impl.LeaderElection (LeaderElection.java:askForVotes(206)) - c043dc70-26a6-4e02-93ca-a0ed89699d62@group-5292B3C524E3-LeaderElection13: begin an election at term 1 for -1: [c043dc70-26a6-4e02-93ca-a0ed89699d62:172.17.0.2:42977], old=null
2020-05-12 08:29:35,194 [c043dc70-26a6-4e02-93ca-a0ed89699d62@group-5292B3C524E3-LeaderElection13] INFO  impl.RoleInfo (RoleInfo.java:shutdownLeaderElection(134)) - c043dc70-26a6-4e02-93ca-a0ed89699d62: shutdown LeaderElection
2020-05-12 08:29:35,194 [c043dc70-26a6-4e02-93ca-a0ed89699d62@group-5292B3C524E3-LeaderElection13] INFO  impl.RaftServerImpl (RaftServerImpl.java:setRole(173)) - c043dc70-26a6-4e02-93ca-a0ed89699d62@group-5292B3C524E3: changes role from CANDIDATE to LEADER at term 1 for changeToLeader
2020-05-12 08:29:35,194 [c043dc70-26a6-4e02-93ca-a0ed89699d62@group-5292B3C524E3-LeaderElection13] INFO  ratis.XceiverServerRatis (XceiverServerRatis.java:handleLeaderChangedNotification(762)) - Leader change notification received for group: group-5292B3C524E3 with new leaderId: c043dc70-26a6-4e02-93ca-a0ed89699d62
2020-05-12 08:29:35,194 [c043dc70-26a6-4e02-93ca-a0ed89699d62@group-5292B3C524E3-LeaderElection13] INFO  impl.RaftServerImpl (ServerState.java:setLeader(255)) - c043dc70-26a6-4e02-93ca-a0ed89699d62@group-5292B3C524E3: change Leader from null to c043dc70-26a6-4e02-93ca-a0ed89699d62 at term 1 for becomeLeader, leader elected after 5122ms
2020-05-12 08:29:35,195 [c043dc70-26a6-4e02-93ca-a0ed89699d62@group-5292B3C524E3-LeaderElection13] INFO  server.RaftServerConfigKeys (ConfUtils.java:logGet(44)) - raft.server.staging.catchup.gap = 1000 (default)
2020-05-12 08:29:35,195 [c043dc70-26a6-4e02-93ca-a0ed89699d62@group-5292B3C524E3-LeaderElection13] INFO  server.RaftServerConfigKeys (ConfUtils.java:logGet(44)) - raft.server.rpc.sleep.time = 25ms (default)
2020-05-12 08:29:35,195 [c043dc70-26a6-4e02-93ca-a0ed89699d62@group-5292B3C524E3-LeaderElection13] INFO  metrics.RatisMetrics (RatisMetrics.java:lambda$create$0(39)) - Creating Metrics Registry : ratis.log_appender.c043dc70-26a6-4e02-93ca-a0ed89699d62@group-5292B3C524E3
2020-05-12 08:29:35,195 [c043dc70-26a6-4e02-93ca-a0ed89699d62@group-5292B3C524E3-LeaderElection13] INFO  server.RaftServerConfigKeys (ConfUtils.java:logGet(44)) - raft.server.write.element-limit = 1024 (custom)
2020-05-12 08:29:35,195 [c043dc70-26a6-4e02-93ca-a0ed89699d62@group-5292B3C524E3-LeaderElection13] INFO  server.RaftServerConfigKeys (ConfUtils.java:logGet(44)) - raft.server.write.byte-limit = 1073741824 (custom)
2020-05-12 08:29:35,196 [c043dc70-26a6-4e02-93ca-a0ed89699d62@group-5292B3C524E3-LeaderElection13] INFO  server.RaftServerConfigKeys (ConfUtils.java:logGet(44)) - raft.server.watch.timeout = 180s (custom)
2020-05-12 08:29:35,196 [c043dc70-26a6-4e02-93ca-a0ed89699d62@group-5292B3C524E3-LeaderElection13] INFO  server.RaftServerConfigKeys (ConfUtils.java:logGet(44)) - raft.server.watch.timeout.denomination = 1s (default)
2020-05-12 08:29:35,196 [c043dc70-26a6-4e02-93ca-a0ed89699d62@group-5292B3C524E3-LeaderElection13] INFO  server.RaftServerConfigKeys (ConfUtils.java:logGet(44)) - raft.server.watch.element-limit = 65536 (default)
2020-05-12 08:29:35,196 [c043dc70-26a6-4e02-93ca-a0ed89699d62@group-5292B3C524E3-LeaderElection13] INFO  impl.RoleInfo (RoleInfo.java:updateAndGet(143)) - c043dc70-26a6-4e02-93ca-a0ed89699d62: start LeaderState
2020-05-12 08:29:35,196 [c043dc70-26a6-4e02-93ca-a0ed89699d62@group-5292B3C524E3-LeaderElection13] INFO  segmented.SegmentedRaftLogWorker (SegmentedRaftLogWorker.java:startLogSegment(391)) - c043dc70-26a6-4e02-93ca-a0ed89699d62@group-5292B3C524E3-SegmentedRaftLogWorker: Starting segment from index:0
2020-05-12 08:29:35,197 [c043dc70-26a6-4e02-93ca-a0ed89699d62@group-5292B3C524E3-LeaderElection13] INFO  impl.RaftServerImpl (ServerState.java:setRaftConf(356)) - c043dc70-26a6-4e02-93ca-a0ed89699d62@group-5292B3C524E3: set configuration 0: [c043dc70-26a6-4e02-93ca-a0ed89699d62:172.17.0.2:42977], old=null at 0
2020-05-12 08:29:35,200 [c043dc70-26a6-4e02-93ca-a0ed89699d62@group-5292B3C524E3-SegmentedRaftLogWorker] INFO  segmented.SegmentedRaftLogWorker (SegmentedRaftLogWorker.java:execute(583)) - c043dc70-26a6-4e02-93ca-a0ed89699d62@group-5292B3C524E3-SegmentedRaftLogWorker: created new log segment /github/workspace/mnt/ozone/hadoop-ozone/integration-test/target/test-dir/MiniOzoneClusterImpl-b9f4991b-e4de-40e3-b3af-34f99860be45/datanode-8/data/ratis/821c2c33-2d06-4fd8-b415-5292b3c524e3/current/log_inprogress_0
2020-05-12 08:29:35,408 [Thread-304] INFO  impl.FollowerState (FollowerState.java:run(108)) - b5abf918-0f3c-481c-b615-5390ef539260@group-1D12C22AD048-FollowerState: change to CANDIDATE, lastRpcTime:5026ms, electionTimeout:5025ms
2020-05-12 08:29:35,408 [Thread-304] INFO  impl.RoleInfo (RoleInfo.java:shutdownFollowerState(121)) - b5abf918-0f3c-481c-b615-5390ef539260: shutdown FollowerState
2020-05-12 08:29:35,409 [Thread-304] INFO  impl.RaftServerImpl (RaftServerImpl.java:setRole(173)) - b5abf918-0f3c-481c-b615-5390ef539260@group-1D12C22AD048: changes role from  FOLLOWER to CANDIDATE at term 0 for changeToCandidate
2020-05-12 08:29:35,409 [Thread-304] INFO  impl.RoleInfo (RoleInfo.java:updateAndGet(143)) - b5abf918-0f3c-481c-b615-5390ef539260: start LeaderElection
2020-05-12 08:29:35,422 [b5abf918-0f3c-481c-b615-5390ef539260@group-1D12C22AD048-LeaderElection14] INFO  impl.LeaderElection (LeaderElection.java:askForVotes(206)) - b5abf918-0f3c-481c-b615-5390ef539260@group-1D12C22AD048-LeaderElection14: begin an election at term 1 for -1: [b5abf918-0f3c-481c-b615-5390ef539260:172.17.0.2:44925], old=null
2020-05-12 08:29:35,422 [b5abf918-0f3c-481c-b615-5390ef539260@group-1D12C22AD048-LeaderElection14] INFO  impl.RoleInfo (RoleInfo.java:shutdownLeaderElection(134)) - b5abf918-0f3c-481c-b615-5390ef539260: shutdown LeaderElection
2020-05-12 08:29:35,423 [b5abf918-0f3c-481c-b615-5390ef539260@group-1D12C22AD048-LeaderElection14] INFO  impl.RaftServerImpl (RaftServerImpl.java:setRole(173)) - b5abf918-0f3c-481c-b615-5390ef539260@group-1D12C22AD048: changes role from CANDIDATE to LEADER at term 1 for changeToLeader
2020-05-12 08:29:35,423 [b5abf918-0f3c-481c-b615-5390ef539260@group-1D12C22AD048-LeaderElection14] INFO  ratis.XceiverServerRatis (XceiverServerRatis.java:handleLeaderChangedNotification(762)) - Leader change notification received for group: group-1D12C22AD048 with new leaderId: b5abf918-0f3c-481c-b615-5390ef539260
2020-05-12 08:29:35,425 [b5abf918-0f3c-481c-b615-5390ef539260@group-1D12C22AD048-LeaderElection14] INFO  impl.RaftServerImpl (ServerState.java:setLeader(255)) - b5abf918-0f3c-481c-b615-5390ef539260@group-1D12C22AD048: change Leader from null to b5abf918-0f3c-481c-b615-5390ef539260 at term 1 for becomeLeader, leader elected after 5049ms
2020-05-12 08:29:35,426 [b5abf918-0f3c-481c-b615-5390ef539260@group-1D12C22AD048-LeaderElection14] INFO  server.RaftServerConfigKeys (ConfUtils.java:logGet(44)) - raft.server.staging.catchup.gap = 1000 (default)
2020-05-12 08:29:35,426 [b5abf918-0f3c-481c-b615-5390ef539260@group-1D12C22AD048-LeaderElection14] INFO  server.RaftServerConfigKeys (ConfUtils.java:logGet(44)) - raft.server.rpc.sleep.time = 25ms (default)
2020-05-12 08:29:35,428 [b5abf918-0f3c-481c-b615-5390ef539260@group-1D12C22AD048-LeaderElection14] INFO  metrics.RatisMetrics (RatisMetrics.java:lambda$create$0(39)) - Creating Metrics Registry : ratis.log_appender.b5abf918-0f3c-481c-b615-5390ef539260@group-1D12C22AD048
2020-05-12 08:29:35,429 [b5abf918-0f3c-481c-b615-5390ef539260@group-1D12C22AD048-LeaderElection14] INFO  server.RaftServerConfigKeys (ConfUtils.java:logGet(44)) - raft.server.write.element-limit = 1024 (custom)
2020-05-12 08:29:35,429 [b5abf918-0f3c-481c-b615-5390ef539260@group-1D12C22AD048-LeaderElection14] INFO  server.RaftServerConfigKeys (ConfUtils.java:logGet(44)) - raft.server.write.byte-limit = 1073741824 (custom)
2020-05-12 08:29:35,430 [b5abf918-0f3c-481c-b615-5390ef539260@group-1D12C22AD048-LeaderElection14] INFO  server.RaftServerConfigKeys (ConfUtils.java:logGet(44)) - raft.server.watch.timeout = 180s (custom)
2020-05-12 08:29:35,430 [b5abf918-0f3c-481c-b615-5390ef539260@group-1D12C22AD048-LeaderElection14] INFO  server.RaftServerConfigKeys (ConfUtils.java:logGet(44)) - raft.server.watch.timeout.denomination = 1s (default)
2020-05-12 08:29:35,430 [b5abf918-0f3c-481c-b615-5390ef539260@group-1D12C22AD048-LeaderElection14] INFO  server.RaftServerConfigKeys (ConfUtils.java:logGet(44)) - raft.server.watch.element-limit = 65536 (default)
2020-05-12 08:29:35,431 [b5abf918-0f3c-481c-b615-5390ef539260@group-1D12C22AD048-LeaderElection14] INFO  impl.RoleInfo (RoleInfo.java:updateAndGet(143)) - b5abf918-0f3c-481c-b615-5390ef539260: start LeaderState
2020-05-12 08:29:35,431 [b5abf918-0f3c-481c-b615-5390ef539260@group-1D12C22AD048-LeaderElection14] INFO  segmented.SegmentedRaftLogWorker (SegmentedRaftLogWorker.java:startLogSegment(391)) - b5abf918-0f3c-481c-b615-5390ef539260@group-1D12C22AD048-SegmentedRaftLogWorker: Starting segment from index:0
2020-05-12 08:29:35,432 [b5abf918-0f3c-481c-b615-5390ef539260@group-1D12C22AD048-LeaderElection14] INFO  impl.RaftServerImpl (ServerState.java:setRaftConf(356)) - b5abf918-0f3c-481c-b615-5390ef539260@group-1D12C22AD048: set configuration 0: [b5abf918-0f3c-481c-b615-5390ef539260:172.17.0.2:44925], old=null at 0
2020-05-12 08:29:35,433 [b5abf918-0f3c-481c-b615-5390ef539260@group-1D12C22AD048-SegmentedRaftLogWorker] INFO  segmented.SegmentedRaftLogWorker (SegmentedRaftLogWorker.java:execute(583)) - b5abf918-0f3c-481c-b615-5390ef539260@group-1D12C22AD048-SegmentedRaftLogWorker: created new log segment /github/workspace/mnt/ozone/hadoop-ozone/integration-test/target/test-dir/MiniOzoneClusterImpl-b9f4991b-e4de-40e3-b3af-34f99860be45/datanode-9/data/ratis/2989563b-41d8-4087-9dc8-1d12c22ad048/current/log_inprogress_0
2020-05-12 08:29:35,753 [main] INFO  ozone.MiniOzoneClusterImpl (MiniOzoneClusterImpl.java:getStorageContainerLocationClient(289)) - Creating StorageContainerLocationProtocol RPC client with address /0.0.0.0:38371
2020-05-12 08:29:35,778 [main] INFO  rpc.RpcClient (RpcClient.java:createVolume(308)) - Creating Volume: 103d9789-f946-4326-b3af-97ccdc15984d, with jenkins1001 as owner.
2020-05-12 08:29:35,883 [IPC Server handler 4 on 36831] INFO  volume.OMVolumeCreateRequest (OMVolumeCreateRequest.java:validateAndUpdateCache(208)) - created volume:103d9789-f946-4326-b3af-97ccdc15984d for user:jenkins1001
2020-05-12 08:29:35,934 [main] INFO  rpc.RpcClient (RpcClient.java:createBucket(448)) - Creating Bucket: 103d9789-f946-4326-b3af-97ccdc15984d/c61b4edc-dc03-413b-badd-5d357ab60fcc, with Versioning false and Storage Type set to DISK and Encryption set to false 
2020-05-12 08:29:36,125 [main] INFO  impl.MetricsSystemImpl (MetricsSystemImpl.java:init(158)) - XceiverClientMetrics metrics system started (again)
2020-05-12 08:29:37,856 [EventQueue-Delayed safe mode statusForReplicationManager] INFO  container.ReplicationManager (ReplicationManager.java:start(165)) - Starting Replication Monitor Thread.
2020-05-12 08:29:37,860 [ReplicationMonitor] INFO  container.ReplicationManager (ReplicationManager.java:run(228)) - Replication Monitor Thread took 3 milliseconds for processing 1 containers.
2020-05-12 08:29:37,861 [EventQueue-CloseContainerForCloseContainerEventHandler] INFO  container.CloseContainerEventHandler (CloseContainerEventHandler.java:onMessage(61)) - Close container Event triggered for container : #1
2020-05-12 08:29:39,640 [Command processor thread] ERROR commandhandler.CloseContainerCommandHandler (CloseContainerCommandHandler.java:handle(85)) - Container #1 does not exist in datanode. Container close failed.
2020-05-12 08:29:39,710 [Command processor thread] ERROR commandhandler.CloseContainerCommandHandler (CloseContainerCommandHandler.java:handle(85)) - Container #1 does not exist in datanode. Container close failed.
2020-05-12 08:29:39,803 [Command processor thread] ERROR commandhandler.CloseContainerCommandHandler (CloseContainerCommandHandler.java:handle(85)) - Container #1 does not exist in datanode. Container close failed.
2020-05-12 08:29:39,833 [Thread-335] INFO  impl.FollowerState (FollowerState.java:run(108)) - 09a694a0-7314-423b-9f88-effda2c9bec5@group-BEB44CEA78A5-FollowerState: change to CANDIDATE, lastRpcTime:5112ms, electionTimeout:5078ms
2020-05-12 08:29:39,834 [Thread-335] INFO  impl.RoleInfo (RoleInfo.java:shutdownFollowerState(121)) - 09a694a0-7314-423b-9f88-effda2c9bec5: shutdown FollowerState
2020-05-12 08:29:39,834 [Thread-335] INFO  impl.RaftServerImpl (RaftServerImpl.java:setRole(173)) - 09a694a0-7314-423b-9f88-effda2c9bec5@group-BEB44CEA78A5: changes role from  FOLLOWER to CANDIDATE at term 2 for changeToCandidate
2020-05-12 08:29:39,834 [Thread-335] INFO  impl.RoleInfo (RoleInfo.java:updateAndGet(143)) - 09a694a0-7314-423b-9f88-effda2c9bec5: start LeaderElection
2020-05-12 08:29:39,835 [09a694a0-7314-423b-9f88-effda2c9bec5@group-BEB44CEA78A5-LeaderElection15] INFO  impl.LeaderElection (LeaderElection.java:askForVotes(206)) - 09a694a0-7314-423b-9f88-effda2c9bec5@group-BEB44CEA78A5-LeaderElection15: begin an election at term 3 for -1: [09a694a0-7314-423b-9f88-effda2c9bec5:172.17.0.2:32913, 38d4cb02-2600-4c93-a46f-8bf8528a5cd0:172.17.0.2:43713, 941dac77-9066-42cd-9c41-366eb2366cc5:172.17.0.2:39395], old=null
2020-05-12 08:29:39,847 [grpc-default-executor-1] INFO  impl.RaftServerImpl (RaftServerImpl.java:setRole(173)) - 38d4cb02-2600-4c93-a46f-8bf8528a5cd0@group-BEB44CEA78A5: changes role from  FOLLOWER to FOLLOWER at term 3 for recognizeCandidate:09a694a0-7314-423b-9f88-effda2c9bec5
2020-05-12 08:29:39,847 [grpc-default-executor-1] INFO  impl.RoleInfo (RoleInfo.java:shutdownFollowerState(121)) - 38d4cb02-2600-4c93-a46f-8bf8528a5cd0: shutdown FollowerState
2020-05-12 08:29:39,847 [grpc-default-executor-1] INFO  impl.RoleInfo (RoleInfo.java:updateAndGet(143)) - 38d4cb02-2600-4c93-a46f-8bf8528a5cd0: start FollowerState
2020-05-12 08:29:39,847 [Thread-359] INFO  impl.FollowerState (FollowerState.java:run(117)) - 38d4cb02-2600-4c93-a46f-8bf8528a5cd0@group-BEB44CEA78A5-FollowerState was interrupted: java.lang.InterruptedException: sleep interrupted
2020-05-12 08:29:39,852 [grpc-default-executor-2] INFO  impl.RaftServerImpl (RaftServerImpl.java:setRole(173)) - 941dac77-9066-42cd-9c41-366eb2366cc5@group-BEB44CEA78A5: changes role from  FOLLOWER to FOLLOWER at term 3 for recognizeCandidate:09a694a0-7314-423b-9f88-effda2c9bec5
2020-05-12 08:29:39,852 [grpc-default-executor-2] INFO  impl.RoleInfo (RoleInfo.java:shutdownFollowerState(121)) - 941dac77-9066-42cd-9c41-366eb2366cc5: shutdown FollowerState
2020-05-12 08:29:39,852 [grpc-default-executor-2] INFO  impl.RoleInfo (RoleInfo.java:updateAndGet(143)) - 941dac77-9066-42cd-9c41-366eb2366cc5: start FollowerState
2020-05-12 08:29:39,852 [Thread-351] INFO  impl.FollowerState (FollowerState.java:run(117)) - 941dac77-9066-42cd-9c41-366eb2366cc5@group-BEB44CEA78A5-FollowerState was interrupted: java.lang.InterruptedException: sleep interrupted
2020-05-12 08:29:39,857 [09a694a0-7314-423b-9f88-effda2c9bec5@group-BEB44CEA78A5-LeaderElection15] INFO  impl.LeaderElection (LeaderElection.java:logAndReturn(61)) - 09a694a0-7314-423b-9f88-effda2c9bec5@group-BEB44CEA78A5-LeaderElection15: Election PASSED; received 2 response(s) [09a694a0-7314-423b-9f88-effda2c9bec5<-38d4cb02-2600-4c93-a46f-8bf8528a5cd0#0:FAIL-t3, 09a694a0-7314-423b-9f88-effda2c9bec5<-941dac77-9066-42cd-9c41-366eb2366cc5#0:OK-t3] and 0 exception(s); 09a694a0-7314-423b-9f88-effda2c9bec5@group-BEB44CEA78A5:t3, leader=null, voted=09a694a0-7314-423b-9f88-effda2c9bec5, raftlog=09a694a0-7314-423b-9f88-effda2c9bec5@group-BEB44CEA78A5-SegmentedRaftLog:OPENED:c-1,f-1,i0, conf=-1: [09a694a0-7314-423b-9f88-effda2c9bec5:172.17.0.2:32913, 38d4cb02-2600-4c93-a46f-8bf8528a5cd0:172.17.0.2:43713, 941dac77-9066-42cd-9c41-366eb2366cc5:172.17.0.2:39395], old=null
2020-05-12 08:29:39,857 [09a694a0-7314-423b-9f88-effda2c9bec5@group-BEB44CEA78A5-LeaderElection15] INFO  impl.RoleInfo (RoleInfo.java:shutdownLeaderElection(134)) - 09a694a0-7314-423b-9f88-effda2c9bec5: shutdown LeaderElection
2020-05-12 08:29:39,857 [09a694a0-7314-423b-9f88-effda2c9bec5@group-BEB44CEA78A5-LeaderElection15] INFO  impl.RaftServerImpl (RaftServerImpl.java:setRole(173)) - 09a694a0-7314-423b-9f88-effda2c9bec5@group-BEB44CEA78A5: changes role from CANDIDATE to LEADER at term 3 for changeToLeader
2020-05-12 08:29:39,857 [09a694a0-7314-423b-9f88-effda2c9bec5@group-BEB44CEA78A5-LeaderElection15] INFO  ratis.XceiverServerRatis (XceiverServerRatis.java:handleLeaderChangedNotification(762)) - Leader change notification received for group: group-BEB44CEA78A5 with new leaderId: 09a694a0-7314-423b-9f88-effda2c9bec5
2020-05-12 08:29:39,857 [09a694a0-7314-423b-9f88-effda2c9bec5@group-BEB44CEA78A5-LeaderElection15] INFO  impl.RaftServerImpl (ServerState.java:setLeader(255)) - 09a694a0-7314-423b-9f88-effda2c9bec5@group-BEB44CEA78A5: change Leader from null to 09a694a0-7314-423b-9f88-effda2c9bec5 at term 3 for becomeLeader, leader elected after 10315ms
2020-05-12 08:29:39,858 [09a694a0-7314-423b-9f88-effda2c9bec5@group-BEB44CEA78A5-LeaderElection15] INFO  server.RaftServerConfigKeys (ConfUtils.java:logGet(44)) - raft.server.staging.catchup.gap = 1000 (default)
2020-05-12 08:29:39,858 [09a694a0-7314-423b-9f88-effda2c9bec5@group-BEB44CEA78A5-LeaderElection15] INFO  server.RaftServerConfigKeys (ConfUtils.java:logGet(44)) - raft.server.rpc.sleep.time = 25ms (default)
2020-05-12 08:29:39,858 [09a694a0-7314-423b-9f88-effda2c9bec5@group-BEB44CEA78A5-LeaderElection15] INFO  metrics.RatisMetrics (RatisMetrics.java:lambda$create$0(39)) - Creating Metrics Registry : ratis.log_appender.09a694a0-7314-423b-9f88-effda2c9bec5@group-BEB44CEA78A5
2020-05-12 08:29:39,858 [09a694a0-7314-423b-9f88-effda2c9bec5@group-BEB44CEA78A5-LeaderElection15] INFO  server.RaftServerConfigKeys (ConfUtils.java:logGet(44)) - raft.server.write.element-limit = 1024 (custom)
2020-05-12 08:29:39,858 [09a694a0-7314-423b-9f88-effda2c9bec5@group-BEB44CEA78A5-LeaderElection15] INFO  server.RaftServerConfigKeys (ConfUtils.java:logGet(44)) - raft.server.write.byte-limit = 1073741824 (custom)
2020-05-12 08:29:39,858 [09a694a0-7314-423b-9f88-effda2c9bec5@group-BEB44CEA78A5-LeaderElection15] INFO  server.RaftServerConfigKeys (ConfUtils.java:logGet(44)) - raft.server.watch.timeout = 180s (custom)
2020-05-12 08:29:39,859 [09a694a0-7314-423b-9f88-effda2c9bec5@group-BEB44CEA78A5-LeaderElection15] INFO  server.RaftServerConfigKeys (ConfUtils.java:logGet(44)) - raft.server.watch.timeout.denomination = 1s (default)
2020-05-12 08:29:39,859 [09a694a0-7314-423b-9f88-effda2c9bec5@group-BEB44CEA78A5-LeaderElection15] INFO  server.RaftServerConfigKeys (ConfUtils.java:logGet(44)) - raft.server.watch.element-limit = 65536 (default)
2020-05-12 08:29:39,859 [09a694a0-7314-423b-9f88-effda2c9bec5@group-BEB44CEA78A5-LeaderElection15] INFO  server.RaftServerConfigKeys (ConfUtils.java:logGet(44)) - raft.server.log.appender.snapshot.chunk.size.max = 16MB (=16777216) (default)
2020-05-12 08:29:39,859 [09a694a0-7314-423b-9f88-effda2c9bec5@group-BEB44CEA78A5-LeaderElection15] INFO  server.RaftServerConfigKeys (ConfUtils.java:logGet(44)) - raft.server.log.appender.buffer.byte-limit = 33554432 (custom)
2020-05-12 08:29:39,859 [09a694a0-7314-423b-9f88-effda2c9bec5@group-BEB44CEA78A5-LeaderElection15] INFO  server.RaftServerConfigKeys (ConfUtils.java:logGet(44)) - raft.server.log.appender.buffer.element-limit = 1 (custom)
2020-05-12 08:29:39,859 [09a694a0-7314-423b-9f88-effda2c9bec5@group-BEB44CEA78A5-LeaderElection15] INFO  grpc.GrpcConfigKeys (ConfUtils.java:logGet(44)) - raft.grpc.server.leader.outstanding.appends.max = 128 (default)
2020-05-12 08:29:39,859 [09a694a0-7314-423b-9f88-effda2c9bec5@group-BEB44CEA78A5-LeaderElection15] INFO  server.RaftServerConfigKeys (ConfUtils.java:logGet(44)) - raft.server.rpc.request.timeout = 60s (custom)
2020-05-12 08:29:39,859 [09a694a0-7314-423b-9f88-effda2c9bec5@group-BEB44CEA78A5-LeaderElection15] INFO  server.RaftServerConfigKeys (ConfUtils.java:logGet(44)) - raft.server.log.appender.install.snapshot.enabled = false (custom)
2020-05-12 08:29:39,860 [09a694a0-7314-423b-9f88-effda2c9bec5@group-BEB44CEA78A5-LeaderElection15] INFO  server.RaftServerConfigKeys (ConfUtils.java:logGet(44)) - raft.server.log.appender.snapshot.chunk.size.max = 16MB (=16777216) (default)
2020-05-12 08:29:39,860 [09a694a0-7314-423b-9f88-effda2c9bec5@group-BEB44CEA78A5-LeaderElection15] INFO  server.RaftServerConfigKeys (ConfUtils.java:logGet(44)) - raft.server.log.appender.buffer.byte-limit = 33554432 (custom)
2020-05-12 08:29:39,860 [09a694a0-7314-423b-9f88-effda2c9bec5@group-BEB44CEA78A5-LeaderElection15] INFO  server.RaftServerConfigKeys (ConfUtils.java:logGet(44)) - raft.server.log.appender.buffer.element-limit = 1 (custom)
2020-05-12 08:29:39,860 [09a694a0-7314-423b-9f88-effda2c9bec5@group-BEB44CEA78A5-LeaderElection15] INFO  grpc.GrpcConfigKeys (ConfUtils.java:logGet(44)) - raft.grpc.server.leader.outstanding.appends.max = 128 (default)
2020-05-12 08:29:39,861 [09a694a0-7314-423b-9f88-effda2c9bec5@group-BEB44CEA78A5-LeaderElection15] INFO  server.RaftServerConfigKeys (ConfUtils.java:logGet(44)) - raft.server.rpc.request.timeout = 60s (custom)
2020-05-12 08:29:39,861 [09a694a0-7314-423b-9f88-effda2c9bec5@group-BEB44CEA78A5-LeaderElection15] INFO  server.RaftServerConfigKeys (ConfUtils.java:logGet(44)) - raft.server.log.appender.install.snapshot.enabled = false (custom)
2020-05-12 08:29:39,863 [09a694a0-7314-423b-9f88-effda2c9bec5@group-BEB44CEA78A5-LeaderElection15] INFO  impl.RoleInfo (RoleInfo.java:updateAndGet(143)) - 09a694a0-7314-423b-9f88-effda2c9bec5: start LeaderState
2020-05-12 08:29:39,863 [09a694a0-7314-423b-9f88-effda2c9bec5@group-BEB44CEA78A5-LeaderElection15] INFO  segmented.SegmentedRaftLogWorker (SegmentedRaftLogWorker.java:startLogSegment(391)) - 09a694a0-7314-423b-9f88-effda2c9bec5@group-BEB44CEA78A5-SegmentedRaftLogWorker: Starting segment from index:0
2020-05-12 08:29:39,864 [09a694a0-7314-423b-9f88-effda2c9bec5@group-BEB44CEA78A5-SegmentedRaftLogWorker] INFO  segmented.SegmentedRaftLogWorker (SegmentedRaftLogWorker.java:execute(583)) - 09a694a0-7314-423b-9f88-effda2c9bec5@group-BEB44CEA78A5-SegmentedRaftLogWorker: created new log segment /github/workspace/mnt/ozone/hadoop-ozone/integration-test/target/test-dir/MiniOzoneClusterImpl-b9f4991b-e4de-40e3-b3af-34f99860be45/datanode-0/data/ratis/01b1e74f-13c0-4801-96c1-beb44cea78a5/current/log_inprogress_0
2020-05-12 08:29:39,875 [09a694a0-7314-423b-9f88-effda2c9bec5@group-BEB44CEA78A5-LeaderElection15] INFO  impl.RaftServerImpl (ServerState.java:setRaftConf(356)) - 09a694a0-7314-423b-9f88-effda2c9bec5@group-BEB44CEA78A5: set configuration 0: [09a694a0-7314-423b-9f88-effda2c9bec5:172.17.0.2:32913, 38d4cb02-2600-4c93-a46f-8bf8528a5cd0:172.17.0.2:43713, 941dac77-9066-42cd-9c41-366eb2366cc5:172.17.0.2:39395], old=null at 0
2020-05-12 08:29:39,896 [grpc-default-executor-2] INFO  ratis.XceiverServerRatis (XceiverServerRatis.java:handleLeaderChangedNotification(762)) - Leader change notification received for group: group-BEB44CEA78A5 with new leaderId: 09a694a0-7314-423b-9f88-effda2c9bec5
2020-05-12 08:29:39,896 [grpc-default-executor-1] INFO  ratis.XceiverServerRatis (XceiverServerRatis.java:handleLeaderChangedNotification(762)) - Leader change notification received for group: group-BEB44CEA78A5 with new leaderId: 09a694a0-7314-423b-9f88-effda2c9bec5
2020-05-12 08:29:39,896 [grpc-default-executor-2] INFO  impl.RaftServerImpl (ServerState.java:setLeader(255)) - 38d4cb02-2600-4c93-a46f-8bf8528a5cd0@group-BEB44CEA78A5: change Leader from null to 09a694a0-7314-423b-9f88-effda2c9bec5 at term 3 for appendEntries, leader elected after 4982ms
2020-05-12 08:29:39,896 [grpc-default-executor-1] INFO  impl.RaftServerImpl (ServerState.java:setLeader(255)) - 941dac77-9066-42cd-9c41-366eb2366cc5@group-BEB44CEA78A5: change Leader from null to 09a694a0-7314-423b-9f88-effda2c9bec5 at term 3 for appendEntries, leader elected after 10339ms
2020-05-12 08:29:39,898 [grpc-default-executor-2] INFO  impl.RaftServerImpl (ServerState.java:setRaftConf(356)) - 38d4cb02-2600-4c93-a46f-8bf8528a5cd0@group-BEB44CEA78A5: set configuration 0: [09a694a0-7314-423b-9f88-effda2c9bec5:172.17.0.2:32913, 38d4cb02-2600-4c93-a46f-8bf8528a5cd0:172.17.0.2:43713, 941dac77-9066-42cd-9c41-366eb2366cc5:172.17.0.2:39395], old=null at 0
2020-05-12 08:29:39,903 [grpc-default-executor-1] INFO  impl.RaftServerImpl (ServerState.java:setRaftConf(356)) - 941dac77-9066-42cd-9c41-366eb2366cc5@group-BEB44CEA78A5: set configuration 0: [09a694a0-7314-423b-9f88-effda2c9bec5:172.17.0.2:32913, 38d4cb02-2600-4c93-a46f-8bf8528a5cd0:172.17.0.2:43713, 941dac77-9066-42cd-9c41-366eb2366cc5:172.17.0.2:39395], old=null at 0
2020-05-12 08:29:39,904 [grpc-default-executor-1] INFO  segmented.SegmentedRaftLogWorker (SegmentedRaftLogWorker.java:startLogSegment(391)) - 941dac77-9066-42cd-9c41-366eb2366cc5@group-BEB44CEA78A5-SegmentedRaftLogWorker: Starting segment from index:0
2020-05-12 08:29:39,905 [grpc-default-executor-2] INFO  segmented.SegmentedRaftLogWorker (SegmentedRaftLogWorker.java:truncate(407)) - 38d4cb02-2600-4c93-a46f-8bf8528a5cd0@group-BEB44CEA78A5-SegmentedRaftLogWorker: Truncating segments toTruncate: null
  toDelete: [(0, 0) isOpen? true, length=0, newEndIndex=-1], start index 0
2020-05-12 08:29:39,905 [941dac77-9066-42cd-9c41-366eb2366cc5@group-BEB44CEA78A5-SegmentedRaftLogWorker] INFO  segmented.SegmentedRaftLogWorker (SegmentedRaftLogWorker.java:execute(583)) - 941dac77-9066-42cd-9c41-366eb2366cc5@group-BEB44CEA78A5-SegmentedRaftLogWorker: created new log segment /github/workspace/mnt/ozone/hadoop-ozone/integration-test/target/test-dir/MiniOzoneClusterImpl-b9f4991b-e4de-40e3-b3af-34f99860be45/datanode-2/data/ratis/01b1e74f-13c0-4801-96c1-beb44cea78a5/current/log_inprogress_0
2020-05-12 08:29:39,907 [38d4cb02-2600-4c93-a46f-8bf8528a5cd0@group-BEB44CEA78A5-SegmentedRaftLogWorker] INFO  segmented.SegmentedRaftLogWorker (SegmentedRaftLogWorker.java:execute(650)) - 38d4cb02-2600-4c93-a46f-8bf8528a5cd0@group-BEB44CEA78A5-SegmentedRaftLogWorker: Deleted log file /github/workspace/mnt/ozone/hadoop-ozone/integration-test/target/test-dir/MiniOzoneClusterImpl-b9f4991b-e4de-40e3-b3af-34f99860be45/datanode-1/data/ratis/01b1e74f-13c0-4801-96c1-beb44cea78a5/current/log_inprogress_0
2020-05-12 08:29:39,907 [38d4cb02-2600-4c93-a46f-8bf8528a5cd0@group-BEB44CEA78A5-SegmentedRaftLogWorker] INFO  segmented.SegmentedRaftLogWorker (SegmentedRaftLogWorker.java:lambda$new$0(129)) - 38d4cb02-2600-4c93-a46f-8bf8528a5cd0@group-BEB44CEA78A5-SegmentedRaftLogWorker: flushIndex: setUnconditionally 0 -> -1
2020-05-12 08:29:39,907 [grpc-default-executor-2] INFO  segmented.SegmentedRaftLogWorker (SegmentedRaftLogWorker.java:startLogSegment(391)) - 38d4cb02-2600-4c93-a46f-8bf8528a5cd0@group-BEB44CEA78A5-SegmentedRaftLogWorker: Starting segment from index:0
2020-05-12 08:29:39,908 [38d4cb02-2600-4c93-a46f-8bf8528a5cd0@group-BEB44CEA78A5-SegmentedRaftLogWorker] INFO  segmented.SegmentedRaftLogWorker (SegmentedRaftLogWorker.java:execute(583)) - 38d4cb02-2600-4c93-a46f-8bf8528a5cd0@group-BEB44CEA78A5-SegmentedRaftLogWorker: created new log segment /github/workspace/mnt/ozone/hadoop-ozone/integration-test/target/test-dir/MiniOzoneClusterImpl-b9f4991b-e4de-40e3-b3af-34f99860be45/datanode-1/data/ratis/01b1e74f-13c0-4801-96c1-beb44cea78a5/current/log_inprogress_0
2020-05-12 08:29:41,671 [Datanode State Machine Thread - 0] INFO  statemachine.DatanodeStateMachine (DatanodeStateMachine.java:lambda$startDaemon$0(376)) - Ozone container server started.
2020-05-12 08:29:45,823 [main] INFO  ozoneimpl.OzoneContainer (OzoneContainer.java:stop(246)) - Attempting to stop container services.
2020-05-12 08:29:45,824 [main] INFO  impl.RaftServerProxy (RaftServerProxy.java:lambda$close$4(314)) - 09a694a0-7314-423b-9f88-effda2c9bec5: close
2020-05-12 08:29:45,825 [main] INFO  impl.RaftServerImpl (RaftServerImpl.java:lambda$shutdown$3(250)) - 09a694a0-7314-423b-9f88-effda2c9bec5@group-9C2D44C4E548: shutdown
2020-05-12 08:29:45,826 [main] INFO  util.JmxRegister (JmxRegister.java:unregister(73)) - Successfully un-registered JMX Bean with object name Ratis:service=RaftServer,group=group-9C2D44C4E548,id=09a694a0-7314-423b-9f88-effda2c9bec5
2020-05-12 08:29:45,826 [main] INFO  impl.RoleInfo (RoleInfo.java:shutdownLeaderState(104)) - 09a694a0-7314-423b-9f88-effda2c9bec5: shutdown LeaderState
2020-05-12 08:29:45,826 [main] INFO  impl.PendingRequests (PendingRequests.java:sendNotLeaderResponses(242)) - 09a694a0-7314-423b-9f88-effda2c9bec5@group-9C2D44C4E548-PendingRequests: sendNotLeaderResponses
2020-05-12 08:29:45,827 [main] INFO  metrics.RatisMetrics (RatisMetrics.java:unregister(46)) - Unregistering Metrics Registry : ratis.log_appender.09a694a0-7314-423b-9f88-effda2c9bec5@group-9C2D44C4E548
2020-05-12 08:29:45,827 [main] INFO  impl.StateMachineUpdater (StateMachineUpdater.java:stopAndJoin(142)) - 09a694a0-7314-423b-9f88-effda2c9bec5@group-9C2D44C4E548-StateMachineUpdater: set stopIndex = 0
2020-05-12 08:29:45,828 [09a694a0-7314-423b-9f88-effda2c9bec5@group-9C2D44C4E548-StateMachineUpdater] INFO  ratis.ContainerStateMachine (ContainerStateMachine.java:takeSnapshot(288)) - group-9C2D44C4E548: Taking a snapshot at:(t:1, i:0) file /github/workspace/mnt/ozone/hadoop-ozone/integration-test/target/test-dir/MiniOzoneClusterImpl-b9f4991b-e4de-40e3-b3af-34f99860be45/datanode-0/data/ratis/f7615f27-2760-4fba-9d88-9c2d44c4e548/sm/snapshot.1_0
2020-05-12 08:29:45,840 [09a694a0-7314-423b-9f88-effda2c9bec5@group-9C2D44C4E548-StateMachineUpdater] INFO  ratis.ContainerStateMachine (ContainerStateMachine.java:takeSnapshot(299)) - group-9C2D44C4E548: Finished taking a snapshot at:(t:1, i:0) file:/github/workspace/mnt/ozone/hadoop-ozone/integration-test/target/test-dir/MiniOzoneClusterImpl-b9f4991b-e4de-40e3-b3af-34f99860be45/datanode-0/data/ratis/f7615f27-2760-4fba-9d88-9c2d44c4e548/sm/snapshot.1_0 time:12
2020-05-12 08:29:45,845 [09a694a0-7314-423b-9f88-effda2c9bec5@group-9C2D44C4E548-StateMachineUpdater] INFO  impl.StateMachineUpdater (StateMachineUpdater.java:takeSnapshot(277)) - 09a694a0-7314-423b-9f88-effda2c9bec5@group-9C2D44C4E548-StateMachineUpdater: Took a snapshot at index 0
2020-05-12 08:29:45,846 [09a694a0-7314-423b-9f88-effda2c9bec5@group-9C2D44C4E548-StateMachineUpdater] INFO  impl.StateMachineUpdater (StateMachineUpdater.java:lambda$new$0(87)) - 09a694a0-7314-423b-9f88-effda2c9bec5@group-9C2D44C4E548-StateMachineUpdater: snapshotIndex: updateIncreasingly -1 -> 0
2020-05-12 08:29:45,852 [09a694a0-7314-423b-9f88-effda2c9bec5@group-9C2D44C4E548-StateMachineUpdater] INFO  metrics.RatisMetrics (RatisMetrics.java:unregister(46)) - Unregistering Metrics Registry : ratis.state_machine.09a694a0-7314-423b-9f88-effda2c9bec5@group-9C2D44C4E548
2020-05-12 08:29:45,852 [main] INFO  impl.RaftServerImpl (ServerState.java:close(387)) - 09a694a0-7314-423b-9f88-effda2c9bec5@group-9C2D44C4E548: closes. applyIndex: 0
2020-05-12 08:29:45,853 [09a694a0-7314-423b-9f88-effda2c9bec5@group-9C2D44C4E548-SegmentedRaftLogWorker] INFO  segmented.SegmentedRaftLogWorker (SegmentedRaftLogWorker.java:run(321)) - 09a694a0-7314-423b-9f88-effda2c9bec5@group-9C2D44C4E548-SegmentedRaftLogWorker was interrupted, exiting. There are 0 tasks remaining in the queue.
2020-05-12 08:29:45,856 [main] INFO  segmented.SegmentedRaftLogWorker (SegmentedRaftLogWorker.java:close(229)) - 09a694a0-7314-423b-9f88-effda2c9bec5@group-9C2D44C4E548-SegmentedRaftLogWorker close()
2020-05-12 08:29:45,857 [main] INFO  metrics.RatisMetrics (RatisMetrics.java:unregister(46)) - Unregistering Metrics Registry : ratis.log_worker.09a694a0-7314-423b-9f88-effda2c9bec5
2020-05-12 08:29:45,857 [main] INFO  metrics.RatisMetrics (RatisMetrics.java:unregister(46)) - Unregistering Metrics Registry : ratis.leader_election.09a694a0-7314-423b-9f88-effda2c9bec5@group-9C2D44C4E548
2020-05-12 08:29:45,857 [main] INFO  metrics.RatisMetrics (RatisMetrics.java:unregister(46)) - Unregistering Metrics Registry : ratis.server.09a694a0-7314-423b-9f88-effda2c9bec5@group-9C2D44C4E548
2020-05-12 08:29:45,858 [main] INFO  impl.RaftServerImpl (RaftServerImpl.java:lambda$shutdown$3(250)) - 09a694a0-7314-423b-9f88-effda2c9bec5@group-BEB44CEA78A5: shutdown
2020-05-12 08:29:45,858 [main] INFO  util.JmxRegister (JmxRegister.java:unregister(73)) - Successfully un-registered JMX Bean with object name Ratis:service=RaftServer,group=group-BEB44CEA78A5,id=09a694a0-7314-423b-9f88-effda2c9bec5
2020-05-12 08:29:45,859 [main] INFO  impl.RoleInfo (RoleInfo.java:shutdownLeaderState(104)) - 09a694a0-7314-423b-9f88-effda2c9bec5: shutdown LeaderState
2020-05-12 08:29:45,860 [org.apache.ratis.server.impl.LogAppender$AppenderDaemon$$Lambda$450/1874450517@402cc120] WARN  server.GrpcLogAppender (GrpcLogAppender.java:mayWait(153)) - 09a694a0-7314-423b-9f88-effda2c9bec5@group-BEB44CEA78A5->38d4cb02-2600-4c93-a46f-8bf8528a5cd0-GrpcLogAppender: Wait interrupted by java.lang.InterruptedException
2020-05-12 08:29:45,861 [grpc-default-executor-1] INFO  server.GrpcServerProtocolService (GrpcServerProtocolService.java:onCompleted(137)) - 38d4cb02-2600-4c93-a46f-8bf8528a5cd0: Completed APPEND_ENTRIES, lastRequest: 09a694a0-7314-423b-9f88-effda2c9bec5->38d4cb02-2600-4c93-a46f-8bf8528a5cd0#5-t3, previous=(t:3, i:3), leaderCommit=2, initializing? false, entries: size=1, first=(t:3, i:4), METADATAENTRY(c:2)
2020-05-12 08:29:45,862 [grpc-default-executor-2] INFO  server.GrpcLogAppender (GrpcLogAppender.java:onCompleted(309)) - 09a694a0-7314-423b-9f88-effda2c9bec5@group-BEB44CEA78A5->38d4cb02-2600-4c93-a46f-8bf8528a5cd0-AppendLogResponseHandler: follower responses appendEntries COMPLETED
2020-05-12 08:29:45,863 [main] INFO  impl.PendingRequests (PendingRequests.java:sendNotLeaderResponses(242)) - 09a694a0-7314-423b-9f88-effda2c9bec5@group-BEB44CEA78A5-PendingRequests: sendNotLeaderResponses
2020-05-12 08:29:45,863 [org.apache.ratis.server.impl.LogAppender$AppenderDaemon$$Lambda$450/1874450517@2473cc99] WARN  server.GrpcLogAppender (GrpcLogAppender.java:mayWait(153)) - 09a694a0-7314-423b-9f88-effda2c9bec5@group-BEB44CEA78A5->941dac77-9066-42cd-9c41-366eb2366cc5-GrpcLogAppender: Wait interrupted by java.lang.InterruptedException
2020-05-12 08:29:45,864 [grpc-default-executor-1] INFO  server.GrpcServerProtocolService (GrpcServerProtocolService.java:onCompleted(137)) - 941dac77-9066-42cd-9c41-366eb2366cc5: Completed APPEND_ENTRIES, lastRequest: 09a694a0-7314-423b-9f88-effda2c9bec5->941dac77-9066-42cd-9c41-366eb2366cc5#5-t3, previous=(t:3, i:3), leaderCommit=2, initializing? false, entries: size=1, first=(t:3, i:4), METADATAENTRY(c:2)
2020-05-12 08:29:45,865 [grpc-default-executor-4] INFO  server.GrpcLogAppender (GrpcLogAppender.java:onCompleted(309)) - 09a694a0-7314-423b-9f88-effda2c9bec5@group-BEB44CEA78A5->941dac77-9066-42cd-9c41-366eb2366cc5-AppendLogResponseHandler: follower responses appendEntries COMPLETED
2020-05-12 08:29:45,865 [grpc-default-executor-2] INFO  impl.FollowerInfo (FollowerInfo.java:lambda$new$0(50)) - 09a694a0-7314-423b-9f88-effda2c9bec5@group-BEB44CEA78A5->38d4cb02-2600-4c93-a46f-8bf8528a5cd0: nextIndex: updateUnconditionally 5 -> 4
2020-05-12 08:29:45,867 [grpc-default-executor-4] INFO  impl.FollowerInfo (FollowerInfo.java:lambda$new$0(50)) - 09a694a0-7314-423b-9f88-effda2c9bec5@group-BEB44CEA78A5->941dac77-9066-42cd-9c41-366eb2366cc5: nextIndex: updateUnconditionally 5 -> 4
2020-05-12 08:29:45,871 [main] INFO  metrics.RatisMetrics (RatisMetrics.java:unregister(46)) - Unregistering Metrics Registry : ratis.log_appender.09a694a0-7314-423b-9f88-effda2c9bec5@group-BEB44CEA78A5
2020-05-12 08:29:45,873 [09a694a0-7314-423b-9f88-effda2c9bec5@group-BEB44CEA78A5-StateMachineUpdater] INFO  ratis.ContainerStateMachine (ContainerStateMachine.java:takeSnapshot(288)) - group-BEB44CEA78A5: Taking a snapshot at:(t:3, i:4) file /github/workspace/mnt/ozone/hadoop-ozone/integration-test/target/test-dir/MiniOzoneClusterImpl-b9f4991b-e4de-40e3-b3af-34f99860be45/datanode-0/data/ratis/01b1e74f-13c0-4801-96c1-beb44cea78a5/sm/snapshot.3_4
2020-05-12 08:29:45,878 [main] INFO  impl.StateMachineUpdater (StateMachineUpdater.java:stopAndJoin(142)) - 09a694a0-7314-423b-9f88-effda2c9bec5@group-BEB44CEA78A5-StateMachineUpdater: set stopIndex = 4
2020-05-12 08:29:45,879 [09a694a0-7314-423b-9f88-effda2c9bec5@group-BEB44CEA78A5-StateMachineUpdater] INFO  ratis.ContainerStateMachine (ContainerStateMachine.java:takeSnapshot(299)) - group-BEB44CEA78A5: Finished taking a snapshot at:(t:3, i:4) file:/github/workspace/mnt/ozone/hadoop-ozone/integration-test/target/test-dir/MiniOzoneClusterImpl-b9f4991b-e4de-40e3-b3af-34f99860be45/datanode-0/data/ratis/01b1e74f-13c0-4801-96c1-beb44cea78a5/sm/snapshot.3_4 time:6
2020-05-12 08:29:45,879 [09a694a0-7314-423b-9f88-effda2c9bec5@group-BEB44CEA78A5-StateMachineUpdater] INFO  impl.StateMachineUpdater (StateMachineUpdater.java:takeSnapshot(277)) - 09a694a0-7314-423b-9f88-effda2c9bec5@group-BEB44CEA78A5-StateMachineUpdater: Took a snapshot at index 4
2020-05-12 08:29:45,879 [09a694a0-7314-423b-9f88-effda2c9bec5@group-BEB44CEA78A5-StateMachineUpdater] INFO  impl.StateMachineUpdater (StateMachineUpdater.java:lambda$new$0(87)) - 09a694a0-7314-423b-9f88-effda2c9bec5@group-BEB44CEA78A5-StateMachineUpdater: snapshotIndex: updateIncreasingly -1 -> 4
2020-05-12 08:29:45,880 [09a694a0-7314-423b-9f88-effda2c9bec5@group-BEB44CEA78A5-StateMachineUpdater] INFO  metrics.RatisMetrics (RatisMetrics.java:unregister(46)) - Unregistering Metrics Registry : ratis.state_machine.09a694a0-7314-423b-9f88-effda2c9bec5@group-BEB44CEA78A5
2020-05-12 08:29:45,880 [main] INFO  impl.RaftServerImpl (ServerState.java:close(387)) - 09a694a0-7314-423b-9f88-effda2c9bec5@group-BEB44CEA78A5: closes. applyIndex: 4
2020-05-12 08:29:45,880 [09a694a0-7314-423b-9f88-effda2c9bec5@group-BEB44CEA78A5-SegmentedRaftLogWorker] INFO  segmented.SegmentedRaftLogWorker (SegmentedRaftLogWorker.java:run(321)) - 09a694a0-7314-423b-9f88-effda2c9bec5@group-BEB44CEA78A5-SegmentedRaftLogWorker was interrupted, exiting. There are 0 tasks remaining in the queue.
2020-05-12 08:29:45,883 [main] INFO  segmented.SegmentedRaftLogWorker (SegmentedRaftLogWorker.java:close(229)) - 09a694a0-7314-423b-9f88-effda2c9bec5@group-BEB44CEA78A5-SegmentedRaftLogWorker close()
2020-05-12 08:29:45,884 [main] INFO  metrics.RatisMetrics (RatisMetrics.java:unregister(46)) - Unregistering Metrics Registry : ratis.log_worker.09a694a0-7314-423b-9f88-effda2c9bec5
2020-05-12 08:29:45,884 [main] INFO  metrics.RatisMetrics (RatisMetrics.java:unregister(46)) - Unregistering Metrics Registry : ratis.leader_election.09a694a0-7314-423b-9f88-effda2c9bec5@group-BEB44CEA78A5
2020-05-12 08:29:45,884 [main] INFO  metrics.RatisMetrics (RatisMetrics.java:unregister(46)) - Unregistering Metrics Registry : ratis.server.09a694a0-7314-423b-9f88-effda2c9bec5@group-BEB44CEA78A5
2020-05-12 08:29:45,885 [main] INFO  server.GrpcService (GrpcService.java:closeImpl(165)) - 09a694a0-7314-423b-9f88-effda2c9bec5: shutdown server with port 32913 now
2020-05-12 08:29:45,888 [main] INFO  server.GrpcService (GrpcService.java:closeImpl(173)) - 09a694a0-7314-423b-9f88-effda2c9bec5: shutdown server with port 32913 successfully
2020-05-12 08:29:45,910 [main] INFO  utils.BackgroundService (BackgroundService.java:shutdown(157)) - Shutting down service BlockDeletingService
2020-05-12 08:29:45,913 [main] INFO  statemachine.DatanodeStateMachine (DatanodeStateMachine.java:stopDaemon(424)) - Ozone container server stopped.
2020-05-12 08:29:45,918 [main] INFO  handler.ContextHandler (ContextHandler.java:doStop(1016)) - Stopped o.e.j.w.WebAppContext@520d82c7{hddsDatanode,/,null,UNAVAILABLE}{jar:file:/home/user/.m2/repository/org/apache/hadoop/hadoop-hdds-container-service/0.6.0-SNAPSHOT/hadoop-hdds-container-service-0.6.0-SNAPSHOT.jar!/webapps/hddsDatanode}
2020-05-12 08:29:45,924 [main] INFO  server.AbstractConnector (AbstractConnector.java:doStop(380)) - Stopped ServerConnector@e71580d{HTTP/1.1,[http/1.1]}{0.0.0.0:0}
2020-05-12 08:29:45,924 [main] INFO  server.session (HouseKeeper.java:stopScavenging(158)) - node0 Stopped scavenging
2020-05-12 08:29:45,924 [main] INFO  handler.ContextHandler (ContextHandler.java:doStop(1016)) - Stopped o.e.j.s.ServletContextHandler@5f9385ec{static,/static,jar:file:/home/user/.m2/repository/org/apache/hadoop/hadoop-hdds-container-service/0.6.0-SNAPSHOT/hadoop-hdds-container-service-0.6.0-SNAPSHOT.jar!/webapps/static,UNAVAILABLE}
2020-05-12 08:29:45,924 [main] INFO  handler.ContextHandler (ContextHandler.java:doStop(1016)) - Stopped o.e.j.s.ServletContextHandler@9a5a007{logs,/logs,file:///github/workspace/mnt/ozone/hadoop-ozone/integration-test/target/log,UNAVAILABLE}
]]></system-out>
    <system-err><![CDATA[ERROR StatusLogger No Log4j 2 configuration file found. Using default configuration (logging only errors to the console), or user programmatically provided configurations. Set system property 'log4j2.debug' to show Log4j 2 internal initialization logging. See https://logging.apache.org/log4j/2.x/manual/configuration.html for instructions on how to configure Log4j 2
]]></system-err>
  </testcase>
</testsuite>