<?xml version="1.0" encoding="UTF-8"?>
<testsuite xmlns:xsi="http://www.w3.org/2001/XMLSchema-instance" xsi:noNamespaceSchemaLocation="https://maven.apache.org/surefire/maven-surefire-plugin/xsd/surefire-test-report-3.0.xsd" version="3.0" name="org.apache.hadoop.ozone.client.rpc.TestBlockOutputStreamFlushDelay" time="29.487" tests="6" errors="0" skipped="0" failures="1">
  <properties>
    <property name="awt.toolkit" value="sun.awt.X11.XToolkit"/>
    <property name="file.encoding.pkg" value="sun.io"/>
    <property name="java.specification.version" value="1.8"/>
    <property name="sun.cpu.isalist" value=""/>
    <property name="sun.jnu.encoding" value="UTF-8"/>
    <property name="java.class.path" value="/home/runner/work/ozone/ozone/hadoop-ozone/integration-test/target/test-classes:/home/runner/work/ozone/ozone/hadoop-ozone/integration-test/target/classes:/home/runner/.m2/repository/org/apache/ozone/ozone-common/1.4.0-SNAPSHOT/ozone-common-1.4.0-SNAPSHOT.jar:/home/runner/.m2/repository/io/grpc/grpc-netty/1.48.1/grpc-netty-1.48.1.jar:/home/runner/.m2/repository/io/grpc/grpc-core/1.48.1/grpc-core-1.48.1.jar:/home/runner/.m2/repository/com/google/android/annotations/4.1.1.4/annotations-4.1.1.4.jar:/home/runner/.m2/repository/org/codehaus/mojo/animal-sniffer-annotations/1.21/animal-sniffer-annotations-1.21.jar:/home/runner/.m2/repository/com/google/errorprone/error_prone_annotations/2.2.0/error_prone_annotations-2.2.0.jar:/home/runner/.m2/repository/io/perfmark/perfmark-api/0.25.0/perfmark-api-0.25.0.jar:/home/runner/.m2/repository/io/netty/netty-codec-http2/4.1.77.Final/netty-codec-http2-4.1.77.Final.jar:/home/runner/.m2/repository/io/netty/netty-common/4.1.77.Final/netty-common-4.1.77.Final.jar:/home/runner/.m2/repository/io/netty/netty-buffer/4.1.77.Final/netty-buffer-4.1.77.Final.jar:/home/runner/.m2/repository/io/netty/netty-codec-http/4.1.77.Final/netty-codec-http-4.1.77.Final.jar:/home/runner/.m2/repository/io/netty/netty-handler-proxy/4.1.77.Final/netty-handler-proxy-4.1.77.Final.jar:/home/runner/.m2/repository/io/netty/netty-codec-socks/4.1.77.Final/netty-codec-socks-4.1.77.Final.jar:/home/runner/.m2/repository/io/netty/netty-tcnative-boringssl-static/2.0.52.Final/netty-tcnative-boringssl-static-2.0.52.Final.jar:/home/runner/.m2/repository/io/netty/netty-tcnative-classes/2.0.52.Final/netty-tcnative-classes-2.0.52.Final.jar:/home/runner/.m2/repository/io/netty/netty-tcnative-boringssl-static/2.0.52.Final/netty-tcnative-boringssl-static-2.0.52.Final-linux-x86_64.jar:/home/runner/.m2/repository/io/netty/netty-tcnative-boringssl-static/2.0.52.Final/netty-tcnative-boringssl-static-2.0.52.Final-linux-aarch_64.jar:/home/runner/.m2/repository/io/netty/netty-tcnative-boringssl-static/2.0.52.Final/netty-tcnative-boringssl-static-2.0.52.Final-osx-x86_64.jar:/home/runner/.m2/repository/io/netty/netty-tcnative-boringssl-static/2.0.52.Final/netty-tcnative-boringssl-static-2.0.52.Final-osx-aarch_64.jar:/home/runner/.m2/repository/io/netty/netty-tcnative-boringssl-static/2.0.52.Final/netty-tcnative-boringssl-static-2.0.52.Final-windows-x86_64.jar:/home/runner/.m2/repository/org/apache/commons/commons-compress/1.21/commons-compress-1.21.jar:/home/runner/.m2/repository/org/apache/ozone/hdds-common/1.4.0-SNAPSHOT/hdds-common-1.4.0-SNAPSHOT.jar:/home/runner/.m2/repository/org/apache/ozone/hdds-client/1.4.0-SNAPSHOT/hdds-client-1.4.0-SNAPSHOT.jar:/home/runner/.m2/repository/org/apache/ozone/ozone-interface-client/1.4.0-SNAPSHOT/ozone-interface-client-1.4.0-SNAPSHOT.jar:/home/runner/.m2/repository/org/apache/ozone/hdds-test-utils/1.4.0-SNAPSHOT/hdds-test-utils-1.4.0-SNAPSHOT.jar:/home/runner/.m2/repository/com/google/guava/guava/31.1-jre/guava-31.1-jre.jar:/home/runner/.m2/repository/com/google/guava/failureaccess/1.0.1/failureaccess-1.0.1.jar:/home/runner/.m2/repository/com/google/guava/listenablefuture/9999.0-empty-to-avoid-conflict-with-guava/listenablefuture-9999.0-empty-to-avoid-conflict-with-guava.jar:/home/runner/.m2/repository/com/google/code/findbugs/jsr305/3.0.0/jsr305-3.0.0.jar:/home/runner/.m2/repository/org/checkerframework/checker-qual/3.12.0/checker-qual-3.12.0.jar:/home/runner/.m2/repository/com/google/j2objc/j2objc-annotations/1.3/j2objc-annotations-1.3.jar:/home/runner/.m2/repository/commons-io/commons-io/2.11.0/commons-io-2.11.0.jar:/home/runner/.m2/repository/commons-logging/commons-logging/1.2/commons-logging-1.2.jar:/home/runner/.m2/repository/ch/qos/reload4j/reload4j/1.2.22/reload4j-1.2.22.jar:/home/runner/.m2/repository/org/slf4j/slf4j-api/1.7.36/slf4j-api-1.7.36.jar:/home/runner/.m2/repository/org/apache/ozone/hdds-server-scm/1.4.0-SNAPSHOT/hdds-server-scm-1.4.0-SNAPSHOT.jar:/home/runner/.m2/repository/org/apache/ozone/hdds-container-service/1.4.0-SNAPSHOT/hdds-container-service-1.4.0-SNAPSHOT.jar:/home/runner/.m2/repository/org/apache/ozone/hdds-hadoop-dependency-server/1.4.0-SNAPSHOT/hdds-hadoop-dependency-server-1.4.0-SNAPSHOT.jar:/home/runner/.m2/repository/org/apache/hadoop/hadoop-hdfs/3.3.4/hadoop-hdfs-3.3.4.jar:/home/runner/.m2/repository/org/eclipse/jetty/jetty-util-ajax/9.4.49.v20220914/jetty-util-ajax-9.4.49.v20220914.jar:/home/runner/.m2/repository/commons-daemon/commons-daemon/1.0.13/commons-daemon-1.0.13.jar:/home/runner/.m2/repository/org/apache/ozone/hdds-server-framework/1.4.0-SNAPSHOT/hdds-server-framework-1.4.0-SNAPSHOT.jar:/home/runner/.m2/repository/org/apache/ozone/hdds-interface-server/1.4.0-SNAPSHOT/hdds-interface-server-1.4.0-SNAPSHOT.jar:/home/runner/.m2/repository/org/apache/commons/commons-configuration2/2.1.1/commons-configuration2-2.1.1.jar:/home/runner/.m2/repository/org/apache/logging/log4j/log4j-core/2.17.1/log4j-core-2.17.1.jar:/home/runner/.m2/repository/com/lmax/disruptor/3.4.2/disruptor-3.4.2.jar:/home/runner/.m2/repository/org/eclipse/jetty/jetty-servlet/9.4.49.v20220914/jetty-servlet-9.4.49.v20220914.jar:/home/runner/.m2/repository/org/eclipse/jetty/jetty-security/9.4.49.v20220914/jetty-security-9.4.49.v20220914.jar:/home/runner/.m2/repository/org/rocksdb/rocksdbjni/7.7.3/rocksdbjni-7.7.3.jar:/home/runner/.m2/repository/io/prometheus/simpleclient_dropwizard/0.7.0/simpleclient_dropwizard-0.7.0.jar:/home/runner/.m2/repository/io/prometheus/simpleclient/0.7.0/simpleclient-0.7.0.jar:/home/runner/.m2/repository/io/prometheus/simpleclient_common/0.7.0/simpleclient_common-0.7.0.jar:/home/runner/.m2/repository/com/github/spotbugs/spotbugs-annotations/3.1.12/spotbugs-annotations-3.1.12.jar:/home/runner/.m2/repository/io/dropwizard/metrics/metrics-core/3.2.4/metrics-core-3.2.4.jar:/home/runner/.m2/repository/org/apache/commons/commons-text/1.4/commons-text-1.4.jar:/home/runner/.m2/repository/org/apache/hadoop/hadoop-hdfs-client/3.3.4/hadoop-hdfs-client-3.3.4.jar:/home/runner/.m2/repository/com/squareup/okhttp3/okhttp/4.9.3/okhttp-4.9.3.jar:/home/runner/.m2/repository/com/squareup/okio/okio/2.8.0/okio-2.8.0.jar:/home/runner/.m2/repository/org/jetbrains/kotlin/kotlin-stdlib-common/1.4.10/kotlin-stdlib-common-1.4.10.jar:/home/runner/.m2/repository/org/bouncycastle/bcprov-jdk15on/1.67/bcprov-jdk15on-1.67.jar:/home/runner/.m2/repository/com/google/protobuf/protobuf-java/2.5.0/protobuf-java-2.5.0.jar:/home/runner/.m2/repository/org/apache/ozone/ozone-manager/1.4.0-SNAPSHOT/ozone-manager-1.4.0-SNAPSHOT.jar:/home/runner/.m2/repository/org/aspectj/aspectjrt/1.9.7/aspectjrt-1.9.7.jar:/home/runner/.m2/repository/org/aspectj/aspectjweaver/1.9.7/aspectjweaver-1.9.7.jar:/home/runner/.m2/repository/org/apache/ozone/hdds-interface-client/1.4.0-SNAPSHOT/hdds-interface-client-1.4.0-SNAPSHOT.jar:/home/runner/.m2/repository/org/apache/hadoop/thirdparty/hadoop-shaded-protobuf_3_7/1.1.1/hadoop-shaded-protobuf_3_7-1.1.1.jar:/home/runner/.m2/repository/org/apache/ozone/ozone-interface-storage/1.4.0-SNAPSHOT/ozone-interface-storage-1.4.0-SNAPSHOT.jar:/home/runner/.m2/repository/org/reflections/reflections/0.9.11/reflections-0.9.11.jar:/home/runner/.m2/repository/com/sun/jersey/jersey-client/1.19/jersey-client-1.19.jar:/home/runner/.m2/repository/org/apache/ranger/ranger-intg/2.3.0/ranger-intg-2.3.0.jar:/home/runner/.m2/repository/org/apache/ranger/ranger-plugins-common/2.3.0/ranger-plugins-common-2.3.0.jar:/home/runner/.m2/repository/commons-lang/commons-lang/2.6/commons-lang-2.6.jar:/home/runner/.m2/repository/org/codehaus/jackson/jackson-jaxrs/1.9.13/jackson-jaxrs-1.9.13.jar:/home/runner/.m2/repository/org/apache/ranger/ranger-plugins-cred/2.3.0/ranger-plugins-cred-2.3.0.jar:/home/runner/.m2/repository/org/apache/ranger/ranger-plugins-audit/2.3.0/ranger-plugins-audit-2.3.0.jar:/home/runner/.m2/repository/org/eclipse/jetty/jetty-client/9.4.31.v20200723/jetty-client-9.4.31.v20200723.jar:/home/runner/.m2/repository/org/apache/httpcomponents/httpmime/4.5.6/httpmime-4.5.6.jar:/home/runner/.m2/repository/org/apache/httpcomponents/httpcore-nio/4.4.6/httpcore-nio-4.4.6.jar:/home/runner/.m2/repository/org/apache/httpcomponents/httpasyncclient/4.1.3/httpasyncclient-4.1.3.jar:/home/runner/.m2/repository/com/carrotsearch/hppc/0.8.0/hppc-0.8.0.jar:/home/runner/.m2/repository/org/apache/orc/orc-core/1.5.8/orc-core-1.5.8.jar:/home/runner/.m2/repository/net/java/dev/jna/jna/5.2.0/jna-5.2.0.jar:/home/runner/.m2/repository/net/java/dev/jna/jna-platform/5.2.0/jna-platform-5.2.0.jar:/home/runner/.m2/repository/com/kstruct/gethostname4j/0.0.2/gethostname4j-0.0.2.jar:/home/runner/.m2/repository/org/apache/ranger/ranger-plugin-classloader/2.3.0/ranger-plugin-classloader-2.3.0.jar:/home/runner/.m2/repository/org/apache/hadoop/hadoop-minikdc/3.3.4/hadoop-minikdc-3.3.4.jar:/home/runner/.m2/repository/org/apache/kerby/kerb-simplekdc/1.0.1/kerb-simplekdc-1.0.1.jar:/home/runner/.m2/repository/org/apache/kerby/kerb-client/1.0.1/kerb-client-1.0.1.jar:/home/runner/.m2/repository/org/apache/kerby/kerby-config/1.0.1/kerby-config-1.0.1.jar:/home/runner/.m2/repository/org/apache/kerby/kerb-common/1.0.1/kerb-common-1.0.1.jar:/home/runner/.m2/repository/org/apache/kerby/kerb-crypto/1.0.1/kerb-crypto-1.0.1.jar:/home/runner/.m2/repository/org/apache/kerby/kerb-util/1.0.1/kerb-util-1.0.1.jar:/home/runner/.m2/repository/org/apache/kerby/token-provider/1.0.1/token-provider-1.0.1.jar:/home/runner/.m2/repository/org/apache/kerby/kerb-admin/1.0.1/kerb-admin-1.0.1.jar:/home/runner/.m2/repository/org/apache/kerby/kerb-server/1.0.1/kerb-server-1.0.1.jar:/home/runner/.m2/repository/org/apache/kerby/kerb-identity/1.0.1/kerb-identity-1.0.1.jar:/home/runner/.m2/repository/org/apache/kerby/kerby-xdr/1.0.1/kerby-xdr-1.0.1.jar:/home/runner/.m2/repository/org/apache/ozone/ozone-s3gateway/1.4.0-SNAPSHOT/ozone-s3gateway-1.4.0-SNAPSHOT.jar:/home/runner/.m2/repository/org/javassist/javassist/3.21.0-GA/javassist-3.21.0-GA.jar:/home/runner/.m2/repository/org/jboss/weld/servlet/weld-servlet/2.4.7.Final/weld-servlet-2.4.7.Final.jar:/home/runner/.m2/repository/org/glassfish/jersey/containers/jersey-container-servlet-core/2.34/jersey-container-servlet-core-2.34.jar:/home/runner/.m2/repository/org/glassfish/hk2/external/jakarta.inject/2.6.1/jakarta.inject-2.6.1.jar:/home/runner/.m2/repository/org/glassfish/jersey/core/jersey-common/2.34/jersey-common-2.34.jar:/home/runner/.m2/repository/jakarta/ws/rs/jakarta.ws.rs-api/2.1.6/jakarta.ws.rs-api-2.1.6.jar:/home/runner/.m2/repository/org/glassfish/jersey/ext/cdi/jersey-cdi1x/2.34/jersey-cdi1x-2.34.jar:/home/runner/.m2/repository/org/glassfish/jersey/inject/jersey-hk2/2.34/jersey-hk2-2.34.jar:/home/runner/.m2/repository/org/glassfish/hk2/hk2-locator/2.6.1/hk2-locator-2.6.1.jar:/home/runner/.m2/repository/org/glassfish/jersey/media/jersey-media-jaxb/2.34/jersey-media-jaxb-2.34.jar:/home/runner/.m2/repository/org/glassfish/hk2/osgi-resource-locator/1.0.3/osgi-resource-locator-1.0.3.jar:/home/runner/.m2/repository/org/glassfish/hk2/hk2-api/2.5.0/hk2-api-2.5.0.jar:/home/runner/.m2/repository/org/glassfish/hk2/hk2-utils/2.5.0/hk2-utils-2.5.0.jar:/home/runner/.m2/repository/org/glassfish/hk2/external/aopalliance-repackaged/2.5.0/aopalliance-repackaged-2.5.0.jar:/home/runner/.m2/repository/com/fasterxml/jackson/dataformat/jackson-dataformat-xml/2.13.4/jackson-dataformat-xml-2.13.4.jar:/home/runner/.m2/repository/com/fasterxml/jackson/core/jackson-core/2.13.4/jackson-core-2.13.4.jar:/home/runner/.m2/repository/org/codehaus/woodstox/stax2-api/4.2.1/stax2-api-4.2.1.jar:/home/runner/.m2/repository/com/fasterxml/woodstox/woodstox-core/5.4.0/woodstox-core-5.4.0.jar:/home/runner/.m2/repository/com/fasterxml/jackson/module/jackson-module-jaxb-annotations/2.13.4/jackson-module-jaxb-annotations-2.13.4.jar:/home/runner/.m2/repository/jakarta/xml/bind/jakarta.xml.bind-api/2.3.3/jakarta.xml.bind-api-2.3.3.jar:/home/runner/.m2/repository/jakarta/activation/jakarta.activation-api/1.2.1/jakarta.activation-api-1.2.1.jar:/home/runner/.m2/repository/javax/enterprise/cdi-api/1.2/cdi-api-1.2.jar:/home/runner/.m2/repository/javax/el/javax.el-api/3.0.0/javax.el-api-3.0.0.jar:/home/runner/.m2/repository/javax/interceptor/javax.interceptor-api/1.2/javax.interceptor-api-1.2.jar:/home/runner/.m2/repository/javax/inject/javax.inject/1/javax.inject-1.jar:/home/runner/.m2/repository/javax/xml/bind/jaxb-api/2.3.0/jaxb-api-2.3.0.jar:/home/runner/.m2/repository/org/glassfish/jaxb/jaxb-runtime/2.3.0.1/jaxb-runtime-2.3.0.1.jar:/home/runner/.m2/repository/org/glassfish/jaxb/jaxb-core/2.3.0.1/jaxb-core-2.3.0.1.jar:/home/runner/.m2/repository/org/glassfish/jaxb/txw2/2.3.0.1/txw2-2.3.0.1.jar:/home/runner/.m2/repository/com/sun/istack/istack-commons-runtime/3.0.5/istack-commons-runtime-3.0.5.jar:/home/runner/.m2/repository/org/jvnet/staxex/stax-ex/1.7.8/stax-ex-1.7.8.jar:/home/runner/.m2/repository/com/sun/xml/fastinfoset/FastInfoset/1.2.13/FastInfoset-1.2.13.jar:/home/runner/.m2/repository/javax/activation/activation/1.1.1/activation-1.1.1.jar:/home/runner/.m2/repository/io/grpc/grpc-protobuf/1.48.1/grpc-protobuf-1.48.1.jar:/home/runner/.m2/repository/io/grpc/grpc-api/1.48.1/grpc-api-1.48.1.jar:/home/runner/.m2/repository/io/grpc/grpc-context/1.48.1/grpc-context-1.48.1.jar:/home/runner/.m2/repository/com/google/api/grpc/proto-google-common-protos/2.9.0/proto-google-common-protos-2.9.0.jar:/home/runner/.m2/repository/io/grpc/grpc-protobuf-lite/1.48.1/grpc-protobuf-lite-1.48.1.jar:/home/runner/.m2/repository/io/grpc/grpc-stub/1.48.1/grpc-stub-1.48.1.jar:/home/runner/.m2/repository/io/netty/netty-transport/4.1.77.Final/netty-transport-4.1.77.Final.jar:/home/runner/.m2/repository/io/netty/netty-resolver/4.1.77.Final/netty-resolver-4.1.77.Final.jar:/home/runner/.m2/repository/org/apache/ozone/ozone-csi/1.4.0-SNAPSHOT/ozone-csi-1.4.0-SNAPSHOT.jar:/home/runner/.m2/repository/com/google/protobuf/protobuf-java-util/3.19.6/protobuf-java-util-3.19.6.jar:/home/runner/.m2/repository/com/google/code/gson/gson/2.9.0/gson-2.9.0.jar:/home/runner/.m2/repository/org/apache/ozone/hdds-config/1.4.0-SNAPSHOT/hdds-config-1.4.0-SNAPSHOT.jar:/home/runner/.m2/repository/io/netty/netty-transport-native-epoll/4.1.77.Final/netty-transport-native-epoll-4.1.77.Final-linux-x86_64.jar:/home/runner/.m2/repository/io/netty/netty-transport-classes-epoll/4.1.77.Final/netty-transport-classes-epoll-4.1.77.Final.jar:/home/runner/.m2/repository/io/netty/netty-transport-native-unix-common/4.1.77.Final/netty-transport-native-unix-common-4.1.77.Final.jar:/home/runner/.m2/repository/org/slf4j/slf4j-reload4j/1.7.36/slf4j-reload4j-1.7.36.jar:/home/runner/.m2/repository/org/apache/ozone/ozone-recon/1.4.0-SNAPSHOT/ozone-recon-1.4.0-SNAPSHOT.jar:/home/runner/.m2/repository/org/apache/ozone/ozone-reconcodegen/1.4.0-SNAPSHOT/ozone-reconcodegen-1.4.0-SNAPSHOT.jar:/home/runner/.m2/repository/com/google/inject/extensions/guice-multibindings/4.0/guice-multibindings-4.0.jar:/home/runner/.m2/repository/com/google/inject/guice/4.0/guice-4.0.jar:/home/runner/.m2/repository/aopalliance/aopalliance/1.0/aopalliance-1.0.jar:/home/runner/.m2/repository/com/google/inject/extensions/guice-assistedinject/4.0/guice-assistedinject-4.0.jar:/home/runner/.m2/repository/com/google/inject/extensions/guice-servlet/4.0/guice-servlet-4.0.jar:/home/runner/.m2/repository/org/glassfish/jersey/containers/jersey-container-servlet/2.34/jersey-container-servlet-2.34.jar:/home/runner/.m2/repository/org/glassfish/hk2/guice-bridge/2.5.0/guice-bridge-2.5.0.jar:/home/runner/.m2/repository/org/glassfish/jersey/core/jersey-server/2.34/jersey-server-2.34.jar:/home/runner/.m2/repository/org/glassfish/jersey/core/jersey-client/2.34/jersey-client-2.34.jar:/home/runner/.m2/repository/jakarta/annotation/jakarta.annotation-api/1.3.5/jakarta.annotation-api-1.3.5.jar:/home/runner/.m2/repository/jakarta/validation/jakarta.validation-api/2.0.2/jakarta.validation-api-2.0.2.jar:/home/runner/.m2/repository/org/glassfish/jersey/media/jersey-media-json-jackson/2.34/jersey-media-json-jackson-2.34.jar:/home/runner/.m2/repository/org/glassfish/jersey/ext/jersey-entity-filtering/2.34/jersey-entity-filtering-2.34.jar:/home/runner/.m2/repository/org/jooq/jooq/3.11.10/jooq-3.11.10.jar:/home/runner/.m2/repository/org/jooq/jooq-meta/3.11.10/jooq-meta-3.11.10.jar:/home/runner/.m2/repository/org/jooq/jooq-codegen/3.11.10/jooq-codegen-3.11.10.jar:/home/runner/.m2/repository/com/jolbox/bonecp/0.8.0.RELEASE/bonecp-0.8.0.RELEASE.jar:/home/runner/.m2/repository/org/apache/derby/derby/10.14.2.0/derby-10.14.2.0.jar:/home/runner/.m2/repository/org/xerial/sqlite-jdbc/3.25.2/sqlite-jdbc-3.25.2.jar:/home/runner/.m2/repository/org/springframework/spring-jdbc/5.3.23/spring-jdbc-5.3.23.jar:/home/runner/.m2/repository/org/springframework/spring-beans/5.3.23/spring-beans-5.3.23.jar:/home/runner/.m2/repository/org/springframework/spring-core/5.3.23/spring-core-5.3.23.jar:/home/runner/.m2/repository/org/springframework/spring-jcl/5.3.23/spring-jcl-5.3.23.jar:/home/runner/.m2/repository/org/springframework/spring-tx/5.3.23/spring-tx-5.3.23.jar:/home/runner/.m2/repository/org/apache/ozone/ozone-client/1.4.0-SNAPSHOT/ozone-client-1.4.0-SNAPSHOT.jar:/home/runner/.m2/repository/org/apache/ozone/hdds-erasurecode/1.4.0-SNAPSHOT/hdds-erasurecode-1.4.0-SNAPSHOT.jar:/home/runner/.m2/repository/org/apache/ozone/ozone-filesystem/1.4.0-SNAPSHOT/ozone-filesystem-1.4.0-SNAPSHOT.jar:/home/runner/.m2/repository/org/apache/ozone/ozone-filesystem-common/1.4.0-SNAPSHOT/ozone-filesystem-common-1.4.0-SNAPSHOT.jar:/home/runner/.m2/repository/org/apache/ozone/ozone-tools/1.4.0-SNAPSHOT/ozone-tools-1.4.0-SNAPSHOT.jar:/home/runner/.m2/repository/org/apache/ratis/ratis-tools/2.4.2-8b8bdda-SNAPSHOT/ratis-tools-2.4.2-8b8bdda-SNAPSHOT.jar:/home/runner/.m2/repository/com/amazonaws/aws-java-sdk-core/1.12.261/aws-java-sdk-core-1.12.261.jar:/home/runner/.m2/repository/org/apache/httpcomponents/httpclient/4.5.13/httpclient-4.5.13.jar:/home/runner/.m2/repository/org/apache/httpcomponents/httpcore/4.4.13/httpcore-4.4.13.jar:/home/runner/.m2/repository/software/amazon/ion/ion-java/1.0.2/ion-java-1.0.2.jar:/home/runner/.m2/repository/com/fasterxml/jackson/dataformat/jackson-dataformat-cbor/2.13.4/jackson-dataformat-cbor-2.13.4.jar:/home/runner/.m2/repository/joda-time/joda-time/2.8.1/joda-time-2.8.1.jar:/home/runner/.m2/repository/com/amazonaws/aws-java-sdk-s3/1.12.261/aws-java-sdk-s3-1.12.261.jar:/home/runner/.m2/repository/com/amazonaws/aws-java-sdk-kms/1.12.261/aws-java-sdk-kms-1.12.261.jar:/home/runner/.m2/repository/com/amazonaws/jmespath-java/1.12.261/jmespath-java-1.12.261.jar:/home/runner/.m2/repository/org/kohsuke/metainf-services/metainf-services/1.8/metainf-services-1.8.jar:/home/runner/.m2/repository/org/apache/ozone/hdds-tools/1.4.0-SNAPSHOT/hdds-tools-1.4.0-SNAPSHOT.jar:/home/runner/.m2/repository/commons-cli/commons-cli/1.2/commons-cli-1.2.jar:/home/runner/.m2/repository/org/apache/commons/commons-lang3/3.7/commons-lang3-3.7.jar:/home/runner/.m2/repository/org/apache/ozone/ozone-manager/1.4.0-SNAPSHOT/ozone-manager-1.4.0-SNAPSHOT-tests.jar:/home/runner/.m2/repository/org/apache/ozone/hdds-common/1.4.0-SNAPSHOT/hdds-common-1.4.0-SNAPSHOT-tests.jar:/home/runner/.m2/repository/org/apache/ozone/hdds-hadoop-dependency-client/1.4.0-SNAPSHOT/hdds-hadoop-dependency-client-1.4.0-SNAPSHOT.jar:/home/runner/.m2/repository/info/picocli/picocli/4.6.1/picocli-4.6.1.jar:/home/runner/.m2/repository/com/fasterxml/jackson/core/jackson-annotations/2.13.4/jackson-annotations-2.13.4.jar:/home/runner/.m2/repository/com/fasterxml/jackson/datatype/jackson-datatype-jsr310/2.13.4/jackson-datatype-jsr310-2.13.4.jar:/home/runner/.m2/repository/org/apache/ozone/hdds-annotation-processing/1.4.0-SNAPSHOT/hdds-annotation-processing-1.4.0-SNAPSHOT.jar:/home/runner/.m2/repository/javax/annotation/javax.annotation-api/1.2/javax.annotation-api-1.2.jar:/home/runner/.m2/repository/org/apache/ratis/ratis-server/2.4.2-8b8bdda-SNAPSHOT/ratis-server-2.4.2-8b8bdda-SNAPSHOT.jar:/home/runner/.m2/repository/org/apache/ratis/ratis-client/2.4.2-8b8bdda-SNAPSHOT/ratis-client-2.4.2-8b8bdda-SNAPSHOT.jar:/home/runner/.m2/repository/org/apache/ratis/ratis-server-api/2.4.2-8b8bdda-SNAPSHOT/ratis-server-api-2.4.2-8b8bdda-SNAPSHOT.jar:/home/runner/.m2/repository/org/apache/ratis/ratis-metrics/2.4.2-8b8bdda-SNAPSHOT/ratis-metrics-2.4.2-8b8bdda-SNAPSHOT.jar:/home/runner/.m2/repository/org/apache/ratis/ratis-netty/2.4.2-8b8bdda-SNAPSHOT/ratis-netty-2.4.2-8b8bdda-SNAPSHOT.jar:/home/runner/.m2/repository/org/apache/ratis/ratis-grpc/2.4.2-8b8bdda-SNAPSHOT/ratis-grpc-2.4.2-8b8bdda-SNAPSHOT.jar:/home/runner/.m2/repository/org/apache/logging/log4j/log4j-api/2.17.1/log4j-api-2.17.1.jar:/home/runner/.m2/repository/org/apache/commons/commons-pool2/2.6.0/commons-pool2-2.6.0.jar:/home/runner/.m2/repository/org/bouncycastle/bcpkix-jdk15on/1.67/bcpkix-jdk15on-1.67.jar:/home/runner/.m2/repository/commons-validator/commons-validator/1.6/commons-validator-1.6.jar:/home/runner/.m2/repository/commons-beanutils/commons-beanutils/1.9.4/commons-beanutils-1.9.4.jar:/home/runner/.m2/repository/commons-digester/commons-digester/1.8.1/commons-digester-1.8.1.jar:/home/runner/.m2/repository/commons-collections/commons-collections/3.2.2/commons-collections-3.2.2.jar:/home/runner/.m2/repository/io/jaegertracing/jaeger-client/1.6.0/jaeger-client-1.6.0.jar:/home/runner/.m2/repository/io/jaegertracing/jaeger-thrift/1.6.0/jaeger-thrift-1.6.0.jar:/home/runner/.m2/repository/org/apache/thrift/libthrift/0.14.1/libthrift-0.14.1.jar:/home/runner/.m2/repository/io/jaegertracing/jaeger-core/1.6.0/jaeger-core-1.6.0.jar:/home/runner/.m2/repository/io/jaegertracing/jaeger-tracerresolver/1.6.0/jaeger-tracerresolver-1.6.0.jar:/home/runner/.m2/repository/io/opentracing/contrib/opentracing-tracerresolver/0.1.8/opentracing-tracerresolver-0.1.8.jar:/home/runner/.m2/repository/org/jetbrains/kotlin/kotlin-stdlib/1.6.21/kotlin-stdlib-1.6.21.jar:/home/runner/.m2/repository/org/jetbrains/annotations/13.0/annotations-13.0.jar:/home/runner/.m2/repository/io/opentracing/opentracing-util/0.33.0/opentracing-util-0.33.0.jar:/home/runner/.m2/repository/io/opentracing/opentracing-api/0.33.0/opentracing-api-0.33.0.jar:/home/runner/.m2/repository/io/opentracing/opentracing-noop/0.33.0/opentracing-noop-0.33.0.jar:/home/runner/.m2/repository/org/yaml/snakeyaml/1.33/snakeyaml-1.33.jar:/home/runner/.m2/repository/org/apache/ozone/hdds-interface-admin/1.4.0-SNAPSHOT/hdds-interface-admin-1.4.0-SNAPSHOT.jar:/home/runner/.m2/repository/junit/junit/4.13.1/junit-4.13.1.jar:/home/runner/.m2/repository/org/hamcrest/hamcrest-core/1.3/hamcrest-core-1.3.jar:/home/runner/.m2/repository/org/junit/jupiter/junit-jupiter-api/5.8.2/junit-jupiter-api-5.8.2.jar:/home/runner/.m2/repository/org/opentest4j/opentest4j/1.2.0/opentest4j-1.2.0.jar:/home/runner/.m2/repository/org/junit/platform/junit-platform-commons/1.8.2/junit-platform-commons-1.8.2.jar:/home/runner/.m2/repository/org/apiguardian/apiguardian-api/1.1.2/apiguardian-api-1.1.2.jar:/home/runner/.m2/repository/org/junit/jupiter/junit-jupiter-params/5.8.2/junit-jupiter-params-5.8.2.jar:/home/runner/.m2/repository/org/junit/jupiter/junit-jupiter-migrationsupport/5.8.2/junit-jupiter-migrationsupport-5.8.2.jar:/home/runner/.m2/repository/org/junit/jupiter/junit-jupiter-engine/5.8.2/junit-jupiter-engine-5.8.2.jar:/home/runner/.m2/repository/org/junit/platform/junit-platform-engine/1.8.2/junit-platform-engine-1.8.2.jar:/home/runner/.m2/repository/org/junit/vintage/junit-vintage-engine/5.8.2/junit-vintage-engine-5.8.2.jar:/home/runner/.m2/repository/org/junit/platform/junit-platform-launcher/1.8.2/junit-platform-launcher-1.8.2.jar:/home/runner/.m2/repository/org/mockito/mockito-core/2.28.2/mockito-core-2.28.2.jar:/home/runner/.m2/repository/net/bytebuddy/byte-buddy/1.9.10/byte-buddy-1.9.10.jar:/home/runner/.m2/repository/net/bytebuddy/byte-buddy-agent/1.9.10/byte-buddy-agent-1.9.10.jar:/home/runner/.m2/repository/org/objenesis/objenesis/1.0/objenesis-1.0.jar:/home/runner/.m2/repository/org/apache/hadoop/hadoop-kms/3.3.4/hadoop-kms-3.3.4.jar:/home/runner/.m2/repository/org/apache/hadoop/hadoop-auth/3.3.4/hadoop-auth-3.3.4.jar:/home/runner/.m2/repository/com/nimbusds/nimbus-jose-jwt/9.8.1/nimbus-jose-jwt-9.8.1.jar:/home/runner/.m2/repository/com/github/stephenc/jcip/jcip-annotations/1.0-1/jcip-annotations-1.0-1.jar:/home/runner/.m2/repository/net/minidev/json-smart/2.4.7/json-smart-2.4.7.jar:/home/runner/.m2/repository/net/minidev/accessors-smart/2.4.7/accessors-smart-2.4.7.jar:/home/runner/.m2/repository/org/ow2/asm/asm/5.0.4/asm-5.0.4.jar:/home/runner/.m2/repository/org/apache/zookeeper/zookeeper/3.5.6/zookeeper-3.5.6.jar:/home/runner/.m2/repository/org/apache/zookeeper/zookeeper-jute/3.5.6/zookeeper-jute-3.5.6.jar:/home/runner/.m2/repository/org/apache/yetus/audience-annotations/0.5.0/audience-annotations-0.5.0.jar:/home/runner/.m2/repository/org/apache/curator/curator-framework/4.2.0/curator-framework-4.2.0.jar:/home/runner/.m2/repository/org/apache/hadoop/thirdparty/hadoop-shaded-guava/1.1.1/hadoop-shaded-guava-1.1.1.jar:/home/runner/.m2/repository/com/sun/jersey/jersey-core/1.19/jersey-core-1.19.jar:/home/runner/.m2/repository/javax/ws/rs/jsr311-api/1.1.1/jsr311-api-1.1.1.jar:/home/runner/.m2/repository/com/sun/jersey/jersey-server/1.19/jersey-server-1.19.jar:/home/runner/.m2/repository/javax/servlet/javax.servlet-api/3.1.0/javax.servlet-api-3.1.0.jar:/home/runner/.m2/repository/org/eclipse/jetty/jetty-server/9.4.49.v20220914/jetty-server-9.4.49.v20220914.jar:/home/runner/.m2/repository/org/eclipse/jetty/jetty-http/9.4.49.v20220914/jetty-http-9.4.49.v20220914.jar:/home/runner/.m2/repository/org/eclipse/jetty/jetty-io/9.4.49.v20220914/jetty-io-9.4.49.v20220914.jar:/home/runner/.m2/repository/org/eclipse/jetty/jetty-webapp/9.4.49.v20220914/jetty-webapp-9.4.49.v20220914.jar:/home/runner/.m2/repository/org/eclipse/jetty/jetty-xml/9.4.49.v20220914/jetty-xml-9.4.49.v20220914.jar:/home/runner/.m2/repository/org/apache/hadoop/hadoop-common/3.3.4/hadoop-common-3.3.4.jar:/home/runner/.m2/repository/org/apache/commons/commons-math3/3.1.1/commons-math3-3.1.1.jar:/home/runner/.m2/repository/commons-net/commons-net/3.9.0/commons-net-3.9.0.jar:/home/runner/.m2/repository/com/sun/jersey/jersey-servlet/1.19/jersey-servlet-1.19.jar:/home/runner/.m2/repository/com/sun/jersey/jersey-json/1.19/jersey-json-1.19.jar:/home/runner/.m2/repository/org/codehaus/jettison/jettison/1.1/jettison-1.1.jar:/home/runner/.m2/repository/com/sun/xml/bind/jaxb-impl/2.2.3-1/jaxb-impl-2.2.3-1.jar:/home/runner/.m2/repository/org/codehaus/jackson/jackson-xc/1.9.2/jackson-xc-1.9.2.jar:/home/runner/.m2/repository/com/google/re2j/re2j/1.1/re2j-1.1.jar:/home/runner/.m2/repository/com/jcraft/jsch/0.1.54/jsch-0.1.54.jar:/home/runner/.m2/repository/org/apache/curator/curator-client/4.2.0/curator-client-4.2.0.jar:/home/runner/.m2/repository/org/apache/curator/curator-recipes/4.2.0/curator-recipes-4.2.0.jar:/home/runner/.m2/repository/org/apache/kerby/kerb-core/1.0.1/kerb-core-1.0.1.jar:/home/runner/.m2/repository/org/apache/kerby/kerby-pkix/1.0.1/kerby-pkix-1.0.1.jar:/home/runner/.m2/repository/org/apache/kerby/kerby-asn1/1.0.1/kerby-asn1-1.0.1.jar:/home/runner/.m2/repository/org/apache/kerby/kerby-util/1.0.1/kerby-util-1.0.1.jar:/home/runner/.m2/repository/dnsjava/dnsjava/2.1.7/dnsjava-2.1.7.jar:/home/runner/.m2/repository/org/xerial/snappy/snappy-java/1.1.8.2/snappy-java-1.1.8.2.jar:/home/runner/.m2/repository/org/eclipse/jetty/jetty-util/9.4.49.v20220914/jetty-util-9.4.49.v20220914.jar:/home/runner/.m2/repository/com/fasterxml/jackson/core/jackson-databind/2.13.4.2/jackson-databind-2.13.4.2.jar:/home/runner/.m2/repository/org/apache/hadoop/hadoop-kms/3.3.4/hadoop-kms-3.3.4-tests.jar:/home/runner/.m2/repository/org/apache/ozone/hdds-server-scm/1.4.0-SNAPSHOT/hdds-server-scm-1.4.0-SNAPSHOT-tests.jar:/home/runner/.m2/repository/org/apache/ozone/hdds-container-service/1.4.0-SNAPSHOT/hdds-container-service-1.4.0-SNAPSHOT-tests.jar:/home/runner/.m2/repository/com/github/luben/zstd-jni/1.5.2-5/zstd-jni-1.5.2-5.jar:/home/runner/.m2/repository/commons-codec/commons-codec/1.15/commons-codec-1.15.jar:/home/runner/.m2/repository/io/netty/netty-codec/4.1.77.Final/netty-codec-4.1.77.Final.jar:/home/runner/.m2/repository/io/netty/netty-handler/4.1.77.Final/netty-handler-4.1.77.Final.jar:/home/runner/.m2/repository/org/apache/ozone/hdds-hadoop-dependency-test/1.4.0-SNAPSHOT/hdds-hadoop-dependency-test-1.4.0-SNAPSHOT.jar:/home/runner/.m2/repository/org/apache/hadoop/hadoop-common/3.3.4/hadoop-common-3.3.4-tests.jar:/home/runner/.m2/repository/org/apache/hadoop/hadoop-hdfs/3.3.4/hadoop-hdfs-3.3.4-tests.jar:/home/runner/.m2/repository/org/assertj/assertj-core/3.12.2/assertj-core-3.12.2.jar:/home/runner/.m2/repository/org/apache/hadoop/hadoop-distcp/3.3.4/hadoop-distcp-3.3.4.jar:/home/runner/.m2/repository/org/apache/hadoop/hadoop-mapreduce-client-jobclient/3.3.4/hadoop-mapreduce-client-jobclient-3.3.4.jar:/home/runner/.m2/repository/org/apache/hadoop/hadoop-mapreduce-client-common/3.3.4/hadoop-mapreduce-client-common-3.3.4.jar:/home/runner/.m2/repository/org/apache/hadoop/hadoop-yarn-common/3.3.4/hadoop-yarn-common-3.3.4.jar:/home/runner/.m2/repository/org/apache/hadoop/hadoop-yarn-api/3.3.4/hadoop-yarn-api-3.3.4.jar:/home/runner/.m2/repository/com/sun/jersey/contribs/jersey-guice/1.19/jersey-guice-1.19.jar:/home/runner/.m2/repository/com/fasterxml/jackson/jaxrs/jackson-jaxrs-json-provider/2.13.4/jackson-jaxrs-json-provider-2.13.4.jar:/home/runner/.m2/repository/com/fasterxml/jackson/jaxrs/jackson-jaxrs-base/2.13.4/jackson-jaxrs-base-2.13.4.jar:/home/runner/.m2/repository/org/apache/hadoop/hadoop-yarn-client/3.3.4/hadoop-yarn-client-3.3.4.jar:/home/runner/.m2/repository/org/eclipse/jetty/websocket/websocket-client/9.4.43.v20210629/websocket-client-9.4.43.v20210629.jar:/home/runner/.m2/repository/org/eclipse/jetty/websocket/websocket-common/9.4.43.v20210629/websocket-common-9.4.43.v20210629.jar:/home/runner/.m2/repository/org/eclipse/jetty/websocket/websocket-api/9.4.43.v20210629/websocket-api-9.4.43.v20210629.jar:/home/runner/.m2/repository/org/jline/jline/3.9.0/jline-3.9.0.jar:/home/runner/.m2/repository/org/apache/hadoop/hadoop-mapreduce-client-core/3.3.4/hadoop-mapreduce-client-core-3.3.4.jar:/home/runner/.m2/repository/org/apache/avro/avro/1.7.7/avro-1.7.7.jar:/home/runner/.m2/repository/org/codehaus/jackson/jackson-core-asl/1.9.13/jackson-core-asl-1.9.13.jar:/home/runner/.m2/repository/org/codehaus/jackson/jackson-mapper-asl/1.9.13/jackson-mapper-asl-1.9.13.jar:/home/runner/.m2/repository/com/thoughtworks/paranamer/paranamer/2.3/paranamer-2.3.jar:/home/runner/.m2/repository/org/apache/hadoop/hadoop-annotations/3.3.4/hadoop-annotations-3.3.4.jar:/usr/lib/jvm/temurin-8-jdk-amd64/jre/../lib/tools.jar:/home/runner/.m2/repository/io/netty/netty/3.10.6.Final/netty-3.10.6.Final.jar:/home/runner/.m2/repository/org/apache/hadoop/hadoop-distcp/3.3.4/hadoop-distcp-3.3.4-tests.jar:/home/runner/.m2/repository/org/slf4j/jul-to-slf4j/1.7.36/jul-to-slf4j-1.7.36.jar:/home/runner/.m2/repository/org/apache/ratis/ratis-common/2.4.2-8b8bdda-SNAPSHOT/ratis-common-2.4.2-8b8bdda-SNAPSHOT.jar:/home/runner/.m2/repository/org/apache/ratis/ratis-thirdparty-misc/1.0.3/ratis-thirdparty-misc-1.0.3.jar:/home/runner/.m2/repository/org/apache/ratis/ratis-proto/2.4.2-8b8bdda-SNAPSHOT/ratis-proto-2.4.2-8b8bdda-SNAPSHOT.jar:"/>
    <property name="java.vm.vendor" value="Temurin"/>
    <property name="sun.arch.data.model" value="64"/>
    <property name="test.build.dir" value="/home/runner/work/ozone/ozone/hadoop-ozone/integration-test/target/test-dir"/>
    <property name="test.cache.data" value=""/>
    <property name="java.vendor.url" value="https://adoptium.net/"/>
    <property name="user.timezone" value="Etc/UTC"/>
    <property name="java.vm.specification.version" value="1.8"/>
    <property name="os.name" value="Linux"/>
    <property name="test.build.data" value="/home/runner/work/ozone/ozone/hadoop-ozone/integration-test/target/test-dir"/>
    <property name="sun.java.launcher" value="SUN_STANDARD"/>
    <property name="sun.boot.library.path" value="/usr/lib/jvm/temurin-8-jdk-amd64/jre/lib/amd64"/>
    <property name="sun.java.command" value="/home/runner/work/ozone/ozone/hadoop-ozone/integration-test/target/surefire/surefirebooter8236678498543060584.jar /home/runner/work/ozone/ozone/hadoop-ozone/integration-test/target/surefire 2023-01-06T13-14-12_339-jvmRun1 surefire1984418499774939514tmp surefire_315557688784889749185tmp"/>
    <property name="surefire.test.class.path" value="/home/runner/work/ozone/ozone/hadoop-ozone/integration-test/target/test-classes:/home/runner/work/ozone/ozone/hadoop-ozone/integration-test/target/classes:/home/runner/.m2/repository/org/apache/ozone/ozone-common/1.4.0-SNAPSHOT/ozone-common-1.4.0-SNAPSHOT.jar:/home/runner/.m2/repository/io/grpc/grpc-netty/1.48.1/grpc-netty-1.48.1.jar:/home/runner/.m2/repository/io/grpc/grpc-core/1.48.1/grpc-core-1.48.1.jar:/home/runner/.m2/repository/com/google/android/annotations/4.1.1.4/annotations-4.1.1.4.jar:/home/runner/.m2/repository/org/codehaus/mojo/animal-sniffer-annotations/1.21/animal-sniffer-annotations-1.21.jar:/home/runner/.m2/repository/com/google/errorprone/error_prone_annotations/2.2.0/error_prone_annotations-2.2.0.jar:/home/runner/.m2/repository/io/perfmark/perfmark-api/0.25.0/perfmark-api-0.25.0.jar:/home/runner/.m2/repository/io/netty/netty-codec-http2/4.1.77.Final/netty-codec-http2-4.1.77.Final.jar:/home/runner/.m2/repository/io/netty/netty-common/4.1.77.Final/netty-common-4.1.77.Final.jar:/home/runner/.m2/repository/io/netty/netty-buffer/4.1.77.Final/netty-buffer-4.1.77.Final.jar:/home/runner/.m2/repository/io/netty/netty-codec-http/4.1.77.Final/netty-codec-http-4.1.77.Final.jar:/home/runner/.m2/repository/io/netty/netty-handler-proxy/4.1.77.Final/netty-handler-proxy-4.1.77.Final.jar:/home/runner/.m2/repository/io/netty/netty-codec-socks/4.1.77.Final/netty-codec-socks-4.1.77.Final.jar:/home/runner/.m2/repository/io/netty/netty-tcnative-boringssl-static/2.0.52.Final/netty-tcnative-boringssl-static-2.0.52.Final.jar:/home/runner/.m2/repository/io/netty/netty-tcnative-classes/2.0.52.Final/netty-tcnative-classes-2.0.52.Final.jar:/home/runner/.m2/repository/io/netty/netty-tcnative-boringssl-static/2.0.52.Final/netty-tcnative-boringssl-static-2.0.52.Final-linux-x86_64.jar:/home/runner/.m2/repository/io/netty/netty-tcnative-boringssl-static/2.0.52.Final/netty-tcnative-boringssl-static-2.0.52.Final-linux-aarch_64.jar:/home/runner/.m2/repository/io/netty/netty-tcnative-boringssl-static/2.0.52.Final/netty-tcnative-boringssl-static-2.0.52.Final-osx-x86_64.jar:/home/runner/.m2/repository/io/netty/netty-tcnative-boringssl-static/2.0.52.Final/netty-tcnative-boringssl-static-2.0.52.Final-osx-aarch_64.jar:/home/runner/.m2/repository/io/netty/netty-tcnative-boringssl-static/2.0.52.Final/netty-tcnative-boringssl-static-2.0.52.Final-windows-x86_64.jar:/home/runner/.m2/repository/org/apache/commons/commons-compress/1.21/commons-compress-1.21.jar:/home/runner/.m2/repository/org/apache/ozone/hdds-common/1.4.0-SNAPSHOT/hdds-common-1.4.0-SNAPSHOT.jar:/home/runner/.m2/repository/org/apache/ozone/hdds-client/1.4.0-SNAPSHOT/hdds-client-1.4.0-SNAPSHOT.jar:/home/runner/.m2/repository/org/apache/ozone/ozone-interface-client/1.4.0-SNAPSHOT/ozone-interface-client-1.4.0-SNAPSHOT.jar:/home/runner/.m2/repository/org/apache/ozone/hdds-test-utils/1.4.0-SNAPSHOT/hdds-test-utils-1.4.0-SNAPSHOT.jar:/home/runner/.m2/repository/com/google/guava/guava/31.1-jre/guava-31.1-jre.jar:/home/runner/.m2/repository/com/google/guava/failureaccess/1.0.1/failureaccess-1.0.1.jar:/home/runner/.m2/repository/com/google/guava/listenablefuture/9999.0-empty-to-avoid-conflict-with-guava/listenablefuture-9999.0-empty-to-avoid-conflict-with-guava.jar:/home/runner/.m2/repository/com/google/code/findbugs/jsr305/3.0.0/jsr305-3.0.0.jar:/home/runner/.m2/repository/org/checkerframework/checker-qual/3.12.0/checker-qual-3.12.0.jar:/home/runner/.m2/repository/com/google/j2objc/j2objc-annotations/1.3/j2objc-annotations-1.3.jar:/home/runner/.m2/repository/commons-io/commons-io/2.11.0/commons-io-2.11.0.jar:/home/runner/.m2/repository/commons-logging/commons-logging/1.2/commons-logging-1.2.jar:/home/runner/.m2/repository/ch/qos/reload4j/reload4j/1.2.22/reload4j-1.2.22.jar:/home/runner/.m2/repository/org/slf4j/slf4j-api/1.7.36/slf4j-api-1.7.36.jar:/home/runner/.m2/repository/org/apache/ozone/hdds-server-scm/1.4.0-SNAPSHOT/hdds-server-scm-1.4.0-SNAPSHOT.jar:/home/runner/.m2/repository/org/apache/ozone/hdds-container-service/1.4.0-SNAPSHOT/hdds-container-service-1.4.0-SNAPSHOT.jar:/home/runner/.m2/repository/org/apache/ozone/hdds-hadoop-dependency-server/1.4.0-SNAPSHOT/hdds-hadoop-dependency-server-1.4.0-SNAPSHOT.jar:/home/runner/.m2/repository/org/apache/hadoop/hadoop-hdfs/3.3.4/hadoop-hdfs-3.3.4.jar:/home/runner/.m2/repository/org/eclipse/jetty/jetty-util-ajax/9.4.49.v20220914/jetty-util-ajax-9.4.49.v20220914.jar:/home/runner/.m2/repository/commons-daemon/commons-daemon/1.0.13/commons-daemon-1.0.13.jar:/home/runner/.m2/repository/org/apache/ozone/hdds-server-framework/1.4.0-SNAPSHOT/hdds-server-framework-1.4.0-SNAPSHOT.jar:/home/runner/.m2/repository/org/apache/ozone/hdds-interface-server/1.4.0-SNAPSHOT/hdds-interface-server-1.4.0-SNAPSHOT.jar:/home/runner/.m2/repository/org/apache/commons/commons-configuration2/2.1.1/commons-configuration2-2.1.1.jar:/home/runner/.m2/repository/org/apache/logging/log4j/log4j-core/2.17.1/log4j-core-2.17.1.jar:/home/runner/.m2/repository/com/lmax/disruptor/3.4.2/disruptor-3.4.2.jar:/home/runner/.m2/repository/org/eclipse/jetty/jetty-servlet/9.4.49.v20220914/jetty-servlet-9.4.49.v20220914.jar:/home/runner/.m2/repository/org/eclipse/jetty/jetty-security/9.4.49.v20220914/jetty-security-9.4.49.v20220914.jar:/home/runner/.m2/repository/org/rocksdb/rocksdbjni/7.7.3/rocksdbjni-7.7.3.jar:/home/runner/.m2/repository/io/prometheus/simpleclient_dropwizard/0.7.0/simpleclient_dropwizard-0.7.0.jar:/home/runner/.m2/repository/io/prometheus/simpleclient/0.7.0/simpleclient-0.7.0.jar:/home/runner/.m2/repository/io/prometheus/simpleclient_common/0.7.0/simpleclient_common-0.7.0.jar:/home/runner/.m2/repository/com/github/spotbugs/spotbugs-annotations/3.1.12/spotbugs-annotations-3.1.12.jar:/home/runner/.m2/repository/io/dropwizard/metrics/metrics-core/3.2.4/metrics-core-3.2.4.jar:/home/runner/.m2/repository/org/apache/commons/commons-text/1.4/commons-text-1.4.jar:/home/runner/.m2/repository/org/apache/hadoop/hadoop-hdfs-client/3.3.4/hadoop-hdfs-client-3.3.4.jar:/home/runner/.m2/repository/com/squareup/okhttp3/okhttp/4.9.3/okhttp-4.9.3.jar:/home/runner/.m2/repository/com/squareup/okio/okio/2.8.0/okio-2.8.0.jar:/home/runner/.m2/repository/org/jetbrains/kotlin/kotlin-stdlib-common/1.4.10/kotlin-stdlib-common-1.4.10.jar:/home/runner/.m2/repository/org/bouncycastle/bcprov-jdk15on/1.67/bcprov-jdk15on-1.67.jar:/home/runner/.m2/repository/com/google/protobuf/protobuf-java/2.5.0/protobuf-java-2.5.0.jar:/home/runner/.m2/repository/org/apache/ozone/ozone-manager/1.4.0-SNAPSHOT/ozone-manager-1.4.0-SNAPSHOT.jar:/home/runner/.m2/repository/org/aspectj/aspectjrt/1.9.7/aspectjrt-1.9.7.jar:/home/runner/.m2/repository/org/aspectj/aspectjweaver/1.9.7/aspectjweaver-1.9.7.jar:/home/runner/.m2/repository/org/apache/ozone/hdds-interface-client/1.4.0-SNAPSHOT/hdds-interface-client-1.4.0-SNAPSHOT.jar:/home/runner/.m2/repository/org/apache/hadoop/thirdparty/hadoop-shaded-protobuf_3_7/1.1.1/hadoop-shaded-protobuf_3_7-1.1.1.jar:/home/runner/.m2/repository/org/apache/ozone/ozone-interface-storage/1.4.0-SNAPSHOT/ozone-interface-storage-1.4.0-SNAPSHOT.jar:/home/runner/.m2/repository/org/reflections/reflections/0.9.11/reflections-0.9.11.jar:/home/runner/.m2/repository/com/sun/jersey/jersey-client/1.19/jersey-client-1.19.jar:/home/runner/.m2/repository/org/apache/ranger/ranger-intg/2.3.0/ranger-intg-2.3.0.jar:/home/runner/.m2/repository/org/apache/ranger/ranger-plugins-common/2.3.0/ranger-plugins-common-2.3.0.jar:/home/runner/.m2/repository/commons-lang/commons-lang/2.6/commons-lang-2.6.jar:/home/runner/.m2/repository/org/codehaus/jackson/jackson-jaxrs/1.9.13/jackson-jaxrs-1.9.13.jar:/home/runner/.m2/repository/org/apache/ranger/ranger-plugins-cred/2.3.0/ranger-plugins-cred-2.3.0.jar:/home/runner/.m2/repository/org/apache/ranger/ranger-plugins-audit/2.3.0/ranger-plugins-audit-2.3.0.jar:/home/runner/.m2/repository/org/eclipse/jetty/jetty-client/9.4.31.v20200723/jetty-client-9.4.31.v20200723.jar:/home/runner/.m2/repository/org/apache/httpcomponents/httpmime/4.5.6/httpmime-4.5.6.jar:/home/runner/.m2/repository/org/apache/httpcomponents/httpcore-nio/4.4.6/httpcore-nio-4.4.6.jar:/home/runner/.m2/repository/org/apache/httpcomponents/httpasyncclient/4.1.3/httpasyncclient-4.1.3.jar:/home/runner/.m2/repository/com/carrotsearch/hppc/0.8.0/hppc-0.8.0.jar:/home/runner/.m2/repository/org/apache/orc/orc-core/1.5.8/orc-core-1.5.8.jar:/home/runner/.m2/repository/net/java/dev/jna/jna/5.2.0/jna-5.2.0.jar:/home/runner/.m2/repository/net/java/dev/jna/jna-platform/5.2.0/jna-platform-5.2.0.jar:/home/runner/.m2/repository/com/kstruct/gethostname4j/0.0.2/gethostname4j-0.0.2.jar:/home/runner/.m2/repository/org/apache/ranger/ranger-plugin-classloader/2.3.0/ranger-plugin-classloader-2.3.0.jar:/home/runner/.m2/repository/org/apache/hadoop/hadoop-minikdc/3.3.4/hadoop-minikdc-3.3.4.jar:/home/runner/.m2/repository/org/apache/kerby/kerb-simplekdc/1.0.1/kerb-simplekdc-1.0.1.jar:/home/runner/.m2/repository/org/apache/kerby/kerb-client/1.0.1/kerb-client-1.0.1.jar:/home/runner/.m2/repository/org/apache/kerby/kerby-config/1.0.1/kerby-config-1.0.1.jar:/home/runner/.m2/repository/org/apache/kerby/kerb-common/1.0.1/kerb-common-1.0.1.jar:/home/runner/.m2/repository/org/apache/kerby/kerb-crypto/1.0.1/kerb-crypto-1.0.1.jar:/home/runner/.m2/repository/org/apache/kerby/kerb-util/1.0.1/kerb-util-1.0.1.jar:/home/runner/.m2/repository/org/apache/kerby/token-provider/1.0.1/token-provider-1.0.1.jar:/home/runner/.m2/repository/org/apache/kerby/kerb-admin/1.0.1/kerb-admin-1.0.1.jar:/home/runner/.m2/repository/org/apache/kerby/kerb-server/1.0.1/kerb-server-1.0.1.jar:/home/runner/.m2/repository/org/apache/kerby/kerb-identity/1.0.1/kerb-identity-1.0.1.jar:/home/runner/.m2/repository/org/apache/kerby/kerby-xdr/1.0.1/kerby-xdr-1.0.1.jar:/home/runner/.m2/repository/org/apache/ozone/ozone-s3gateway/1.4.0-SNAPSHOT/ozone-s3gateway-1.4.0-SNAPSHOT.jar:/home/runner/.m2/repository/org/javassist/javassist/3.21.0-GA/javassist-3.21.0-GA.jar:/home/runner/.m2/repository/org/jboss/weld/servlet/weld-servlet/2.4.7.Final/weld-servlet-2.4.7.Final.jar:/home/runner/.m2/repository/org/glassfish/jersey/containers/jersey-container-servlet-core/2.34/jersey-container-servlet-core-2.34.jar:/home/runner/.m2/repository/org/glassfish/hk2/external/jakarta.inject/2.6.1/jakarta.inject-2.6.1.jar:/home/runner/.m2/repository/org/glassfish/jersey/core/jersey-common/2.34/jersey-common-2.34.jar:/home/runner/.m2/repository/jakarta/ws/rs/jakarta.ws.rs-api/2.1.6/jakarta.ws.rs-api-2.1.6.jar:/home/runner/.m2/repository/org/glassfish/jersey/ext/cdi/jersey-cdi1x/2.34/jersey-cdi1x-2.34.jar:/home/runner/.m2/repository/org/glassfish/jersey/inject/jersey-hk2/2.34/jersey-hk2-2.34.jar:/home/runner/.m2/repository/org/glassfish/hk2/hk2-locator/2.6.1/hk2-locator-2.6.1.jar:/home/runner/.m2/repository/org/glassfish/jersey/media/jersey-media-jaxb/2.34/jersey-media-jaxb-2.34.jar:/home/runner/.m2/repository/org/glassfish/hk2/osgi-resource-locator/1.0.3/osgi-resource-locator-1.0.3.jar:/home/runner/.m2/repository/org/glassfish/hk2/hk2-api/2.5.0/hk2-api-2.5.0.jar:/home/runner/.m2/repository/org/glassfish/hk2/hk2-utils/2.5.0/hk2-utils-2.5.0.jar:/home/runner/.m2/repository/org/glassfish/hk2/external/aopalliance-repackaged/2.5.0/aopalliance-repackaged-2.5.0.jar:/home/runner/.m2/repository/com/fasterxml/jackson/dataformat/jackson-dataformat-xml/2.13.4/jackson-dataformat-xml-2.13.4.jar:/home/runner/.m2/repository/com/fasterxml/jackson/core/jackson-core/2.13.4/jackson-core-2.13.4.jar:/home/runner/.m2/repository/org/codehaus/woodstox/stax2-api/4.2.1/stax2-api-4.2.1.jar:/home/runner/.m2/repository/com/fasterxml/woodstox/woodstox-core/5.4.0/woodstox-core-5.4.0.jar:/home/runner/.m2/repository/com/fasterxml/jackson/module/jackson-module-jaxb-annotations/2.13.4/jackson-module-jaxb-annotations-2.13.4.jar:/home/runner/.m2/repository/jakarta/xml/bind/jakarta.xml.bind-api/2.3.3/jakarta.xml.bind-api-2.3.3.jar:/home/runner/.m2/repository/jakarta/activation/jakarta.activation-api/1.2.1/jakarta.activation-api-1.2.1.jar:/home/runner/.m2/repository/javax/enterprise/cdi-api/1.2/cdi-api-1.2.jar:/home/runner/.m2/repository/javax/el/javax.el-api/3.0.0/javax.el-api-3.0.0.jar:/home/runner/.m2/repository/javax/interceptor/javax.interceptor-api/1.2/javax.interceptor-api-1.2.jar:/home/runner/.m2/repository/javax/inject/javax.inject/1/javax.inject-1.jar:/home/runner/.m2/repository/javax/xml/bind/jaxb-api/2.3.0/jaxb-api-2.3.0.jar:/home/runner/.m2/repository/org/glassfish/jaxb/jaxb-runtime/2.3.0.1/jaxb-runtime-2.3.0.1.jar:/home/runner/.m2/repository/org/glassfish/jaxb/jaxb-core/2.3.0.1/jaxb-core-2.3.0.1.jar:/home/runner/.m2/repository/org/glassfish/jaxb/txw2/2.3.0.1/txw2-2.3.0.1.jar:/home/runner/.m2/repository/com/sun/istack/istack-commons-runtime/3.0.5/istack-commons-runtime-3.0.5.jar:/home/runner/.m2/repository/org/jvnet/staxex/stax-ex/1.7.8/stax-ex-1.7.8.jar:/home/runner/.m2/repository/com/sun/xml/fastinfoset/FastInfoset/1.2.13/FastInfoset-1.2.13.jar:/home/runner/.m2/repository/javax/activation/activation/1.1.1/activation-1.1.1.jar:/home/runner/.m2/repository/io/grpc/grpc-protobuf/1.48.1/grpc-protobuf-1.48.1.jar:/home/runner/.m2/repository/io/grpc/grpc-api/1.48.1/grpc-api-1.48.1.jar:/home/runner/.m2/repository/io/grpc/grpc-context/1.48.1/grpc-context-1.48.1.jar:/home/runner/.m2/repository/com/google/api/grpc/proto-google-common-protos/2.9.0/proto-google-common-protos-2.9.0.jar:/home/runner/.m2/repository/io/grpc/grpc-protobuf-lite/1.48.1/grpc-protobuf-lite-1.48.1.jar:/home/runner/.m2/repository/io/grpc/grpc-stub/1.48.1/grpc-stub-1.48.1.jar:/home/runner/.m2/repository/io/netty/netty-transport/4.1.77.Final/netty-transport-4.1.77.Final.jar:/home/runner/.m2/repository/io/netty/netty-resolver/4.1.77.Final/netty-resolver-4.1.77.Final.jar:/home/runner/.m2/repository/org/apache/ozone/ozone-csi/1.4.0-SNAPSHOT/ozone-csi-1.4.0-SNAPSHOT.jar:/home/runner/.m2/repository/com/google/protobuf/protobuf-java-util/3.19.6/protobuf-java-util-3.19.6.jar:/home/runner/.m2/repository/com/google/code/gson/gson/2.9.0/gson-2.9.0.jar:/home/runner/.m2/repository/org/apache/ozone/hdds-config/1.4.0-SNAPSHOT/hdds-config-1.4.0-SNAPSHOT.jar:/home/runner/.m2/repository/io/netty/netty-transport-native-epoll/4.1.77.Final/netty-transport-native-epoll-4.1.77.Final-linux-x86_64.jar:/home/runner/.m2/repository/io/netty/netty-transport-classes-epoll/4.1.77.Final/netty-transport-classes-epoll-4.1.77.Final.jar:/home/runner/.m2/repository/io/netty/netty-transport-native-unix-common/4.1.77.Final/netty-transport-native-unix-common-4.1.77.Final.jar:/home/runner/.m2/repository/org/slf4j/slf4j-reload4j/1.7.36/slf4j-reload4j-1.7.36.jar:/home/runner/.m2/repository/org/apache/ozone/ozone-recon/1.4.0-SNAPSHOT/ozone-recon-1.4.0-SNAPSHOT.jar:/home/runner/.m2/repository/org/apache/ozone/ozone-reconcodegen/1.4.0-SNAPSHOT/ozone-reconcodegen-1.4.0-SNAPSHOT.jar:/home/runner/.m2/repository/com/google/inject/extensions/guice-multibindings/4.0/guice-multibindings-4.0.jar:/home/runner/.m2/repository/com/google/inject/guice/4.0/guice-4.0.jar:/home/runner/.m2/repository/aopalliance/aopalliance/1.0/aopalliance-1.0.jar:/home/runner/.m2/repository/com/google/inject/extensions/guice-assistedinject/4.0/guice-assistedinject-4.0.jar:/home/runner/.m2/repository/com/google/inject/extensions/guice-servlet/4.0/guice-servlet-4.0.jar:/home/runner/.m2/repository/org/glassfish/jersey/containers/jersey-container-servlet/2.34/jersey-container-servlet-2.34.jar:/home/runner/.m2/repository/org/glassfish/hk2/guice-bridge/2.5.0/guice-bridge-2.5.0.jar:/home/runner/.m2/repository/org/glassfish/jersey/core/jersey-server/2.34/jersey-server-2.34.jar:/home/runner/.m2/repository/org/glassfish/jersey/core/jersey-client/2.34/jersey-client-2.34.jar:/home/runner/.m2/repository/jakarta/annotation/jakarta.annotation-api/1.3.5/jakarta.annotation-api-1.3.5.jar:/home/runner/.m2/repository/jakarta/validation/jakarta.validation-api/2.0.2/jakarta.validation-api-2.0.2.jar:/home/runner/.m2/repository/org/glassfish/jersey/media/jersey-media-json-jackson/2.34/jersey-media-json-jackson-2.34.jar:/home/runner/.m2/repository/org/glassfish/jersey/ext/jersey-entity-filtering/2.34/jersey-entity-filtering-2.34.jar:/home/runner/.m2/repository/org/jooq/jooq/3.11.10/jooq-3.11.10.jar:/home/runner/.m2/repository/org/jooq/jooq-meta/3.11.10/jooq-meta-3.11.10.jar:/home/runner/.m2/repository/org/jooq/jooq-codegen/3.11.10/jooq-codegen-3.11.10.jar:/home/runner/.m2/repository/com/jolbox/bonecp/0.8.0.RELEASE/bonecp-0.8.0.RELEASE.jar:/home/runner/.m2/repository/org/apache/derby/derby/10.14.2.0/derby-10.14.2.0.jar:/home/runner/.m2/repository/org/xerial/sqlite-jdbc/3.25.2/sqlite-jdbc-3.25.2.jar:/home/runner/.m2/repository/org/springframework/spring-jdbc/5.3.23/spring-jdbc-5.3.23.jar:/home/runner/.m2/repository/org/springframework/spring-beans/5.3.23/spring-beans-5.3.23.jar:/home/runner/.m2/repository/org/springframework/spring-core/5.3.23/spring-core-5.3.23.jar:/home/runner/.m2/repository/org/springframework/spring-jcl/5.3.23/spring-jcl-5.3.23.jar:/home/runner/.m2/repository/org/springframework/spring-tx/5.3.23/spring-tx-5.3.23.jar:/home/runner/.m2/repository/org/apache/ozone/ozone-client/1.4.0-SNAPSHOT/ozone-client-1.4.0-SNAPSHOT.jar:/home/runner/.m2/repository/org/apache/ozone/hdds-erasurecode/1.4.0-SNAPSHOT/hdds-erasurecode-1.4.0-SNAPSHOT.jar:/home/runner/.m2/repository/org/apache/ozone/ozone-filesystem/1.4.0-SNAPSHOT/ozone-filesystem-1.4.0-SNAPSHOT.jar:/home/runner/.m2/repository/org/apache/ozone/ozone-filesystem-common/1.4.0-SNAPSHOT/ozone-filesystem-common-1.4.0-SNAPSHOT.jar:/home/runner/.m2/repository/org/apache/ozone/ozone-tools/1.4.0-SNAPSHOT/ozone-tools-1.4.0-SNAPSHOT.jar:/home/runner/.m2/repository/org/apache/ratis/ratis-tools/2.4.2-8b8bdda-SNAPSHOT/ratis-tools-2.4.2-8b8bdda-SNAPSHOT.jar:/home/runner/.m2/repository/com/amazonaws/aws-java-sdk-core/1.12.261/aws-java-sdk-core-1.12.261.jar:/home/runner/.m2/repository/org/apache/httpcomponents/httpclient/4.5.13/httpclient-4.5.13.jar:/home/runner/.m2/repository/org/apache/httpcomponents/httpcore/4.4.13/httpcore-4.4.13.jar:/home/runner/.m2/repository/software/amazon/ion/ion-java/1.0.2/ion-java-1.0.2.jar:/home/runner/.m2/repository/com/fasterxml/jackson/dataformat/jackson-dataformat-cbor/2.13.4/jackson-dataformat-cbor-2.13.4.jar:/home/runner/.m2/repository/joda-time/joda-time/2.8.1/joda-time-2.8.1.jar:/home/runner/.m2/repository/com/amazonaws/aws-java-sdk-s3/1.12.261/aws-java-sdk-s3-1.12.261.jar:/home/runner/.m2/repository/com/amazonaws/aws-java-sdk-kms/1.12.261/aws-java-sdk-kms-1.12.261.jar:/home/runner/.m2/repository/com/amazonaws/jmespath-java/1.12.261/jmespath-java-1.12.261.jar:/home/runner/.m2/repository/org/kohsuke/metainf-services/metainf-services/1.8/metainf-services-1.8.jar:/home/runner/.m2/repository/org/apache/ozone/hdds-tools/1.4.0-SNAPSHOT/hdds-tools-1.4.0-SNAPSHOT.jar:/home/runner/.m2/repository/commons-cli/commons-cli/1.2/commons-cli-1.2.jar:/home/runner/.m2/repository/org/apache/commons/commons-lang3/3.7/commons-lang3-3.7.jar:/home/runner/.m2/repository/org/apache/ozone/ozone-manager/1.4.0-SNAPSHOT/ozone-manager-1.4.0-SNAPSHOT-tests.jar:/home/runner/.m2/repository/org/apache/ozone/hdds-common/1.4.0-SNAPSHOT/hdds-common-1.4.0-SNAPSHOT-tests.jar:/home/runner/.m2/repository/org/apache/ozone/hdds-hadoop-dependency-client/1.4.0-SNAPSHOT/hdds-hadoop-dependency-client-1.4.0-SNAPSHOT.jar:/home/runner/.m2/repository/info/picocli/picocli/4.6.1/picocli-4.6.1.jar:/home/runner/.m2/repository/com/fasterxml/jackson/core/jackson-annotations/2.13.4/jackson-annotations-2.13.4.jar:/home/runner/.m2/repository/com/fasterxml/jackson/datatype/jackson-datatype-jsr310/2.13.4/jackson-datatype-jsr310-2.13.4.jar:/home/runner/.m2/repository/org/apache/ozone/hdds-annotation-processing/1.4.0-SNAPSHOT/hdds-annotation-processing-1.4.0-SNAPSHOT.jar:/home/runner/.m2/repository/javax/annotation/javax.annotation-api/1.2/javax.annotation-api-1.2.jar:/home/runner/.m2/repository/org/apache/ratis/ratis-server/2.4.2-8b8bdda-SNAPSHOT/ratis-server-2.4.2-8b8bdda-SNAPSHOT.jar:/home/runner/.m2/repository/org/apache/ratis/ratis-client/2.4.2-8b8bdda-SNAPSHOT/ratis-client-2.4.2-8b8bdda-SNAPSHOT.jar:/home/runner/.m2/repository/org/apache/ratis/ratis-server-api/2.4.2-8b8bdda-SNAPSHOT/ratis-server-api-2.4.2-8b8bdda-SNAPSHOT.jar:/home/runner/.m2/repository/org/apache/ratis/ratis-metrics/2.4.2-8b8bdda-SNAPSHOT/ratis-metrics-2.4.2-8b8bdda-SNAPSHOT.jar:/home/runner/.m2/repository/org/apache/ratis/ratis-netty/2.4.2-8b8bdda-SNAPSHOT/ratis-netty-2.4.2-8b8bdda-SNAPSHOT.jar:/home/runner/.m2/repository/org/apache/ratis/ratis-grpc/2.4.2-8b8bdda-SNAPSHOT/ratis-grpc-2.4.2-8b8bdda-SNAPSHOT.jar:/home/runner/.m2/repository/org/apache/logging/log4j/log4j-api/2.17.1/log4j-api-2.17.1.jar:/home/runner/.m2/repository/org/apache/commons/commons-pool2/2.6.0/commons-pool2-2.6.0.jar:/home/runner/.m2/repository/org/bouncycastle/bcpkix-jdk15on/1.67/bcpkix-jdk15on-1.67.jar:/home/runner/.m2/repository/commons-validator/commons-validator/1.6/commons-validator-1.6.jar:/home/runner/.m2/repository/commons-beanutils/commons-beanutils/1.9.4/commons-beanutils-1.9.4.jar:/home/runner/.m2/repository/commons-digester/commons-digester/1.8.1/commons-digester-1.8.1.jar:/home/runner/.m2/repository/commons-collections/commons-collections/3.2.2/commons-collections-3.2.2.jar:/home/runner/.m2/repository/io/jaegertracing/jaeger-client/1.6.0/jaeger-client-1.6.0.jar:/home/runner/.m2/repository/io/jaegertracing/jaeger-thrift/1.6.0/jaeger-thrift-1.6.0.jar:/home/runner/.m2/repository/org/apache/thrift/libthrift/0.14.1/libthrift-0.14.1.jar:/home/runner/.m2/repository/io/jaegertracing/jaeger-core/1.6.0/jaeger-core-1.6.0.jar:/home/runner/.m2/repository/io/jaegertracing/jaeger-tracerresolver/1.6.0/jaeger-tracerresolver-1.6.0.jar:/home/runner/.m2/repository/io/opentracing/contrib/opentracing-tracerresolver/0.1.8/opentracing-tracerresolver-0.1.8.jar:/home/runner/.m2/repository/org/jetbrains/kotlin/kotlin-stdlib/1.6.21/kotlin-stdlib-1.6.21.jar:/home/runner/.m2/repository/org/jetbrains/annotations/13.0/annotations-13.0.jar:/home/runner/.m2/repository/io/opentracing/opentracing-util/0.33.0/opentracing-util-0.33.0.jar:/home/runner/.m2/repository/io/opentracing/opentracing-api/0.33.0/opentracing-api-0.33.0.jar:/home/runner/.m2/repository/io/opentracing/opentracing-noop/0.33.0/opentracing-noop-0.33.0.jar:/home/runner/.m2/repository/org/yaml/snakeyaml/1.33/snakeyaml-1.33.jar:/home/runner/.m2/repository/org/apache/ozone/hdds-interface-admin/1.4.0-SNAPSHOT/hdds-interface-admin-1.4.0-SNAPSHOT.jar:/home/runner/.m2/repository/junit/junit/4.13.1/junit-4.13.1.jar:/home/runner/.m2/repository/org/hamcrest/hamcrest-core/1.3/hamcrest-core-1.3.jar:/home/runner/.m2/repository/org/junit/jupiter/junit-jupiter-api/5.8.2/junit-jupiter-api-5.8.2.jar:/home/runner/.m2/repository/org/opentest4j/opentest4j/1.2.0/opentest4j-1.2.0.jar:/home/runner/.m2/repository/org/junit/platform/junit-platform-commons/1.8.2/junit-platform-commons-1.8.2.jar:/home/runner/.m2/repository/org/apiguardian/apiguardian-api/1.1.2/apiguardian-api-1.1.2.jar:/home/runner/.m2/repository/org/junit/jupiter/junit-jupiter-params/5.8.2/junit-jupiter-params-5.8.2.jar:/home/runner/.m2/repository/org/junit/jupiter/junit-jupiter-migrationsupport/5.8.2/junit-jupiter-migrationsupport-5.8.2.jar:/home/runner/.m2/repository/org/junit/jupiter/junit-jupiter-engine/5.8.2/junit-jupiter-engine-5.8.2.jar:/home/runner/.m2/repository/org/junit/platform/junit-platform-engine/1.8.2/junit-platform-engine-1.8.2.jar:/home/runner/.m2/repository/org/junit/vintage/junit-vintage-engine/5.8.2/junit-vintage-engine-5.8.2.jar:/home/runner/.m2/repository/org/junit/platform/junit-platform-launcher/1.8.2/junit-platform-launcher-1.8.2.jar:/home/runner/.m2/repository/org/mockito/mockito-core/2.28.2/mockito-core-2.28.2.jar:/home/runner/.m2/repository/net/bytebuddy/byte-buddy/1.9.10/byte-buddy-1.9.10.jar:/home/runner/.m2/repository/net/bytebuddy/byte-buddy-agent/1.9.10/byte-buddy-agent-1.9.10.jar:/home/runner/.m2/repository/org/objenesis/objenesis/1.0/objenesis-1.0.jar:/home/runner/.m2/repository/org/apache/hadoop/hadoop-kms/3.3.4/hadoop-kms-3.3.4.jar:/home/runner/.m2/repository/org/apache/hadoop/hadoop-auth/3.3.4/hadoop-auth-3.3.4.jar:/home/runner/.m2/repository/com/nimbusds/nimbus-jose-jwt/9.8.1/nimbus-jose-jwt-9.8.1.jar:/home/runner/.m2/repository/com/github/stephenc/jcip/jcip-annotations/1.0-1/jcip-annotations-1.0-1.jar:/home/runner/.m2/repository/net/minidev/json-smart/2.4.7/json-smart-2.4.7.jar:/home/runner/.m2/repository/net/minidev/accessors-smart/2.4.7/accessors-smart-2.4.7.jar:/home/runner/.m2/repository/org/ow2/asm/asm/5.0.4/asm-5.0.4.jar:/home/runner/.m2/repository/org/apache/zookeeper/zookeeper/3.5.6/zookeeper-3.5.6.jar:/home/runner/.m2/repository/org/apache/zookeeper/zookeeper-jute/3.5.6/zookeeper-jute-3.5.6.jar:/home/runner/.m2/repository/org/apache/yetus/audience-annotations/0.5.0/audience-annotations-0.5.0.jar:/home/runner/.m2/repository/org/apache/curator/curator-framework/4.2.0/curator-framework-4.2.0.jar:/home/runner/.m2/repository/org/apache/hadoop/thirdparty/hadoop-shaded-guava/1.1.1/hadoop-shaded-guava-1.1.1.jar:/home/runner/.m2/repository/com/sun/jersey/jersey-core/1.19/jersey-core-1.19.jar:/home/runner/.m2/repository/javax/ws/rs/jsr311-api/1.1.1/jsr311-api-1.1.1.jar:/home/runner/.m2/repository/com/sun/jersey/jersey-server/1.19/jersey-server-1.19.jar:/home/runner/.m2/repository/javax/servlet/javax.servlet-api/3.1.0/javax.servlet-api-3.1.0.jar:/home/runner/.m2/repository/org/eclipse/jetty/jetty-server/9.4.49.v20220914/jetty-server-9.4.49.v20220914.jar:/home/runner/.m2/repository/org/eclipse/jetty/jetty-http/9.4.49.v20220914/jetty-http-9.4.49.v20220914.jar:/home/runner/.m2/repository/org/eclipse/jetty/jetty-io/9.4.49.v20220914/jetty-io-9.4.49.v20220914.jar:/home/runner/.m2/repository/org/eclipse/jetty/jetty-webapp/9.4.49.v20220914/jetty-webapp-9.4.49.v20220914.jar:/home/runner/.m2/repository/org/eclipse/jetty/jetty-xml/9.4.49.v20220914/jetty-xml-9.4.49.v20220914.jar:/home/runner/.m2/repository/org/apache/hadoop/hadoop-common/3.3.4/hadoop-common-3.3.4.jar:/home/runner/.m2/repository/org/apache/commons/commons-math3/3.1.1/commons-math3-3.1.1.jar:/home/runner/.m2/repository/commons-net/commons-net/3.9.0/commons-net-3.9.0.jar:/home/runner/.m2/repository/com/sun/jersey/jersey-servlet/1.19/jersey-servlet-1.19.jar:/home/runner/.m2/repository/com/sun/jersey/jersey-json/1.19/jersey-json-1.19.jar:/home/runner/.m2/repository/org/codehaus/jettison/jettison/1.1/jettison-1.1.jar:/home/runner/.m2/repository/com/sun/xml/bind/jaxb-impl/2.2.3-1/jaxb-impl-2.2.3-1.jar:/home/runner/.m2/repository/org/codehaus/jackson/jackson-xc/1.9.2/jackson-xc-1.9.2.jar:/home/runner/.m2/repository/com/google/re2j/re2j/1.1/re2j-1.1.jar:/home/runner/.m2/repository/com/jcraft/jsch/0.1.54/jsch-0.1.54.jar:/home/runner/.m2/repository/org/apache/curator/curator-client/4.2.0/curator-client-4.2.0.jar:/home/runner/.m2/repository/org/apache/curator/curator-recipes/4.2.0/curator-recipes-4.2.0.jar:/home/runner/.m2/repository/org/apache/kerby/kerb-core/1.0.1/kerb-core-1.0.1.jar:/home/runner/.m2/repository/org/apache/kerby/kerby-pkix/1.0.1/kerby-pkix-1.0.1.jar:/home/runner/.m2/repository/org/apache/kerby/kerby-asn1/1.0.1/kerby-asn1-1.0.1.jar:/home/runner/.m2/repository/org/apache/kerby/kerby-util/1.0.1/kerby-util-1.0.1.jar:/home/runner/.m2/repository/dnsjava/dnsjava/2.1.7/dnsjava-2.1.7.jar:/home/runner/.m2/repository/org/xerial/snappy/snappy-java/1.1.8.2/snappy-java-1.1.8.2.jar:/home/runner/.m2/repository/org/eclipse/jetty/jetty-util/9.4.49.v20220914/jetty-util-9.4.49.v20220914.jar:/home/runner/.m2/repository/com/fasterxml/jackson/core/jackson-databind/2.13.4.2/jackson-databind-2.13.4.2.jar:/home/runner/.m2/repository/org/apache/hadoop/hadoop-kms/3.3.4/hadoop-kms-3.3.4-tests.jar:/home/runner/.m2/repository/org/apache/ozone/hdds-server-scm/1.4.0-SNAPSHOT/hdds-server-scm-1.4.0-SNAPSHOT-tests.jar:/home/runner/.m2/repository/org/apache/ozone/hdds-container-service/1.4.0-SNAPSHOT/hdds-container-service-1.4.0-SNAPSHOT-tests.jar:/home/runner/.m2/repository/com/github/luben/zstd-jni/1.5.2-5/zstd-jni-1.5.2-5.jar:/home/runner/.m2/repository/commons-codec/commons-codec/1.15/commons-codec-1.15.jar:/home/runner/.m2/repository/io/netty/netty-codec/4.1.77.Final/netty-codec-4.1.77.Final.jar:/home/runner/.m2/repository/io/netty/netty-handler/4.1.77.Final/netty-handler-4.1.77.Final.jar:/home/runner/.m2/repository/org/apache/ozone/hdds-hadoop-dependency-test/1.4.0-SNAPSHOT/hdds-hadoop-dependency-test-1.4.0-SNAPSHOT.jar:/home/runner/.m2/repository/org/apache/hadoop/hadoop-common/3.3.4/hadoop-common-3.3.4-tests.jar:/home/runner/.m2/repository/org/apache/hadoop/hadoop-hdfs/3.3.4/hadoop-hdfs-3.3.4-tests.jar:/home/runner/.m2/repository/org/assertj/assertj-core/3.12.2/assertj-core-3.12.2.jar:/home/runner/.m2/repository/org/apache/hadoop/hadoop-distcp/3.3.4/hadoop-distcp-3.3.4.jar:/home/runner/.m2/repository/org/apache/hadoop/hadoop-mapreduce-client-jobclient/3.3.4/hadoop-mapreduce-client-jobclient-3.3.4.jar:/home/runner/.m2/repository/org/apache/hadoop/hadoop-mapreduce-client-common/3.3.4/hadoop-mapreduce-client-common-3.3.4.jar:/home/runner/.m2/repository/org/apache/hadoop/hadoop-yarn-common/3.3.4/hadoop-yarn-common-3.3.4.jar:/home/runner/.m2/repository/org/apache/hadoop/hadoop-yarn-api/3.3.4/hadoop-yarn-api-3.3.4.jar:/home/runner/.m2/repository/com/sun/jersey/contribs/jersey-guice/1.19/jersey-guice-1.19.jar:/home/runner/.m2/repository/com/fasterxml/jackson/jaxrs/jackson-jaxrs-json-provider/2.13.4/jackson-jaxrs-json-provider-2.13.4.jar:/home/runner/.m2/repository/com/fasterxml/jackson/jaxrs/jackson-jaxrs-base/2.13.4/jackson-jaxrs-base-2.13.4.jar:/home/runner/.m2/repository/org/apache/hadoop/hadoop-yarn-client/3.3.4/hadoop-yarn-client-3.3.4.jar:/home/runner/.m2/repository/org/eclipse/jetty/websocket/websocket-client/9.4.43.v20210629/websocket-client-9.4.43.v20210629.jar:/home/runner/.m2/repository/org/eclipse/jetty/websocket/websocket-common/9.4.43.v20210629/websocket-common-9.4.43.v20210629.jar:/home/runner/.m2/repository/org/eclipse/jetty/websocket/websocket-api/9.4.43.v20210629/websocket-api-9.4.43.v20210629.jar:/home/runner/.m2/repository/org/jline/jline/3.9.0/jline-3.9.0.jar:/home/runner/.m2/repository/org/apache/hadoop/hadoop-mapreduce-client-core/3.3.4/hadoop-mapreduce-client-core-3.3.4.jar:/home/runner/.m2/repository/org/apache/avro/avro/1.7.7/avro-1.7.7.jar:/home/runner/.m2/repository/org/codehaus/jackson/jackson-core-asl/1.9.13/jackson-core-asl-1.9.13.jar:/home/runner/.m2/repository/org/codehaus/jackson/jackson-mapper-asl/1.9.13/jackson-mapper-asl-1.9.13.jar:/home/runner/.m2/repository/com/thoughtworks/paranamer/paranamer/2.3/paranamer-2.3.jar:/home/runner/.m2/repository/org/apache/hadoop/hadoop-annotations/3.3.4/hadoop-annotations-3.3.4.jar:/usr/lib/jvm/temurin-8-jdk-amd64/jre/../lib/tools.jar:/home/runner/.m2/repository/io/netty/netty/3.10.6.Final/netty-3.10.6.Final.jar:/home/runner/.m2/repository/org/apache/hadoop/hadoop-distcp/3.3.4/hadoop-distcp-3.3.4-tests.jar:/home/runner/.m2/repository/org/slf4j/jul-to-slf4j/1.7.36/jul-to-slf4j-1.7.36.jar:/home/runner/.m2/repository/org/apache/ratis/ratis-common/2.4.2-8b8bdda-SNAPSHOT/ratis-common-2.4.2-8b8bdda-SNAPSHOT.jar:/home/runner/.m2/repository/org/apache/ratis/ratis-thirdparty-misc/1.0.3/ratis-thirdparty-misc-1.0.3.jar:/home/runner/.m2/repository/org/apache/ratis/ratis-proto/2.4.2-8b8bdda-SNAPSHOT/ratis-proto-2.4.2-8b8bdda-SNAPSHOT.jar:"/>
    <property name="sun.cpu.endian" value="little"/>
    <property name="user.home" value="/home/runner"/>
    <property name="user.language" value="en"/>
    <property name="java.specification.vendor" value="Oracle Corporation"/>
    <property name="java.home" value="/usr/lib/jvm/temurin-8-jdk-amd64/jre"/>
    <property name="java.security.krb5.conf" value="/home/runner/work/ozone/ozone/hadoop-ozone/integration-test/target/test-classes/krb5.conf"/>
    <property name="basedir" value="/home/runner/work/ozone/ozone/hadoop-ozone/integration-test"/>
    <property name="file.separator" value="/"/>
    <property name="line.separator" value="&#10;"/>
    <property name="java.vm.specification.vendor" value="Oracle Corporation"/>
    <property name="java.specification.name" value="Java Platform API Specification"/>
    <property name="java.awt.graphicsenv" value="sun.awt.X11GraphicsEnvironment"/>
    <property name="skip.installnpx" value="true"/>
    <property name="surefire.real.class.path" value="/home/runner/work/ozone/ozone/hadoop-ozone/integration-test/target/surefire/surefirebooter8236678498543060584.jar:/home/runner/.m2/repository/org/jacoco/org.jacoco.agent/0.8.5/org.jacoco.agent-0.8.5-runtime.jar"/>
    <property name="hadoop.log.dir" value="/home/runner/work/ozone/ozone/hadoop-ozone/integration-test/target/log"/>
    <property name="sun.boot.class.path" value="/usr/lib/jvm/temurin-8-jdk-amd64/jre/lib/resources.jar:/usr/lib/jvm/temurin-8-jdk-amd64/jre/lib/rt.jar:/usr/lib/jvm/temurin-8-jdk-amd64/jre/lib/sunrsasign.jar:/usr/lib/jvm/temurin-8-jdk-amd64/jre/lib/jsse.jar:/usr/lib/jvm/temurin-8-jdk-amd64/jre/lib/jce.jar:/usr/lib/jvm/temurin-8-jdk-amd64/jre/lib/charsets.jar:/usr/lib/jvm/temurin-8-jdk-amd64/jre/lib/jfr.jar:/usr/lib/jvm/temurin-8-jdk-amd64/jre/classes"/>
    <property name="sun.management.compiler" value="HotSpot 64-Bit Tiered Compilers"/>
    <property name="skip.npx" value="true"/>
    <property name="java.runtime.version" value="1.8.0_352-b08"/>
    <property name="java.net.preferIPv4Stack" value="true"/>
    <property name="user.name" value="runner"/>
    <property name="path.separator" value=":"/>
    <property name="java.security.egd" value="file:///dev/urandom"/>
    <property name="os.version" value="5.15.0-1023-azure"/>
    <property name="java.endorsed.dirs" value="/usr/lib/jvm/temurin-8-jdk-amd64/jre/lib/endorsed"/>
    <property name="java.runtime.name" value="OpenJDK Runtime Environment"/>
    <property name="file.encoding" value="UTF-8"/>
    <property name="java.vm.name" value="OpenJDK 64-Bit Server VM"/>
    <property name="test.build.webapps" value=""/>
    <property name="localRepository" value="/home/runner/.m2/repository"/>
    <property name="jetty.git.hash" value="4231a3b2e4cb8548a412a789936d640a97b1aa0a"/>
    <property name="java.vendor.url.bug" value="https://github.com/adoptium/adoptium-support/issues"/>
    <property name="java.io.tmpdir" value="/tmp"/>
    <property name="require.test.libhadoop" value=""/>
    <property name="java.version" value="1.8.0_352"/>
    <property name="user.dir" value="/home/runner/work/ozone/ozone/hadoop-ozone/integration-test"/>
    <property name="os.arch" value="amd64"/>
    <property name="java.vm.specification.name" value="Java Virtual Machine Specification"/>
    <property name="test.build.classes" value="/home/runner/work/ozone/ozone/hadoop-ozone/integration-test/target/test-classes"/>
    <property name="java.awt.printerjob" value="sun.print.PSPrinterJob"/>
    <property name="sun.os.patch.level" value="unknown"/>
    <property name="org.apache.ratis.thirdparty.io.netty.allocator.useCacheForAllThreads" value="false"/>
    <property name="hadoop.tmp.dir" value="/home/runner/work/ozone/ozone/hadoop-ozone/integration-test/target/tmp"/>
    <property name="java.library.path" value="/usr/java/packages/lib/amd64:/usr/lib64:/lib64:/lib:/usr/lib"/>
    <property name="java.vm.info" value="mixed mode"/>
    <property name="java.vendor" value="Temurin"/>
    <property name="java.vm.version" value="25.352-b08"/>
    <property name="java.specification.maintenance.version" value="4"/>
    <property name="java.ext.dirs" value="/usr/lib/jvm/temurin-8-jdk-amd64/jre/lib/ext:/usr/java/packages/lib/ext"/>
    <property name="sun.io.unicode.encoding" value="UnicodeLittle"/>
    <property name="java.class.version" value="52.0"/>
  </properties>
  <testcase name="testFlushChunk" classname="org.apache.hadoop.ozone.client.rpc.TestBlockOutputStreamFlushDelay" time="1.058">
    <system-out><![CDATA[2023-01-06 13:59:58,016 [main] WARN  server.ServerUtils (ServerUtils.java:getScmDbDir(148)) - ozone.scm.db.dirs is not configured. We recommend adding this setting. Falling back to ozone.metadata.dirs instead.
2023-01-06 13:59:58,106 [main] WARN  server.ServerUtils (ServerUtils.java:getScmDbDir(148)) - ozone.scm.db.dirs is not configured. We recommend adding this setting. Falling back to ozone.metadata.dirs instead.
2023-01-06 13:59:58,110 [main] INFO  ha.SCMHANodeDetails (SCMHANodeDetails.java:loadSCMHAConfig(209)) - ServiceID for StorageContainerManager is null
2023-01-06 13:59:58,130 [main] WARN  ha.SCMHANodeDetails (SCMHANodeDetails.java:validateSCMHAConfig(182)) - Invalid config ozone.scm.ratis.enable. The config was not specified, but the default value true conflicts with the expected config value false. Falling back to the expected value. Current State of SCM: SCM is running in Non-HA without Ratis Ratis SCM -> Non Ratis SCM or Non HA SCM -> HA SCM is not supported
2023-01-06 13:59:58,131 [main] INFO  ha.SCMHANodeDetails (SCMHANodeDetails.java:loadSCMHAConfig(214)) - ozone.scm.default.service.id is not defined, falling back to ozone.scm.service.ids to find serviceID for StorageContainerManager if it is HA enabled cluster
2023-01-06 13:59:58,593 [main] WARN  utils.HAUtils (HAUtils.java:getMetaDir(342)) - ozone.scm.db.dirs is not configured. We recommend adding this setting. Falling back to ozone.metadata.dirs instead.
2023-01-06 13:59:58,730 [main] WARN  db.DBStoreBuilder (DBStoreBuilder.java:applyDBDefinition(144)) - ozone.scm.db.dirs is not configured. We recommend adding this setting. Falling back to ozone.metadata.dirs instead.
2023-01-06 13:59:58,990 [main] INFO  net.NodeSchemaLoader (NodeSchemaLoader.java:loadSchemaFromFile(129)) - Loading schema from [jar:file:/home/runner/.m2/repository/org/apache/ozone/hdds-common/1.4.0-SNAPSHOT/hdds-common-1.4.0-SNAPSHOT.jar!/network-topology-default.xml]
2023-01-06 13:59:58,992 [main] INFO  net.NodeSchemaLoader (NodeSchemaLoader.java:loadSchema(176)) - Loading network topology layer schema file
2023-01-06 13:59:59,036 [main] INFO  metrics.MetricRegistries (MetricRegistriesLoader.java:load(64)) - Loaded MetricRegistries class org.apache.ratis.metrics.impl.MetricRegistriesImpl
2023-01-06 13:59:59,040 [main] INFO  upgrade.AbstractLayoutVersionManager (AbstractLayoutVersionManager.java:init(83)) - Initializing Layout version manager with metadata layout = DATANODE_SCHEMA_V3 (version = 4), software layout = DATANODE_SCHEMA_V3 (version = 4)
2023-01-06 13:59:59,271 [main] INFO  reflections.Reflections (Reflections.java:scan(232)) - Reflections took 149 ms to scan 7 urls, producing 146 keys and 350 values 
2023-01-06 13:59:59,372 [main] INFO  ha.SequenceIdGenerator (SequenceIdGenerator.java:upgradeToSequenceId(349)) - upgrade localId to 111677748019200000
2023-01-06 13:59:59,373 [main] INFO  ha.SequenceIdGenerator (SequenceIdGenerator.java:upgradeToSequenceId(359)) - upgrade delTxnId to 0
2023-01-06 13:59:59,381 [main] INFO  ha.SequenceIdGenerator (SequenceIdGenerator.java:upgradeToSequenceId(376)) - upgrade containerId to 0
2023-01-06 13:59:59,382 [main] INFO  ha.SequenceIdGenerator (SequenceIdGenerator.java:<init>(220)) - Init the HA SequenceIdGenerator.
2023-01-06 13:59:59,433 [main] INFO  node.SCMNodeManager (SCMNodeManager.java:<init>(149)) - Entering startup safe mode.
2023-01-06 13:59:59,502 [main] INFO  algorithms.ContainerPlacementPolicyFactory (ContainerPlacementPolicyFactory.java:getPolicyInternal(86)) - Create container placement policy of type org.apache.hadoop.hdds.scm.container.placement.algorithms.SCMContainerPlacementRandom
2023-01-06 13:59:59,512 [main] INFO  algorithms.ContainerPlacementPolicyFactory (ContainerPlacementPolicyFactory.java:getPolicyInternal(86)) - Create container placement policy of type org.apache.hadoop.hdds.scm.container.placement.algorithms.SCMContainerPlacementRackScatter
2023-01-06 13:59:59,520 [main] INFO  pipeline.PipelineStateManagerImpl (PipelineStateManagerImpl.java:initialize(78)) - No pipeline exists in current db
2023-01-06 13:59:59,555 [main] INFO  algorithms.LeaderChoosePolicyFactory (LeaderChoosePolicyFactory.java:getPolicy(57)) - Create leader choose policy of type org.apache.hadoop.hdds.scm.pipeline.leader.choose.algorithms.MinLeaderCountChoosePolicy
2023-01-06 13:59:59,555 [main] INFO  algorithms.ContainerPlacementPolicyFactory (ContainerPlacementPolicyFactory.java:getPolicyInternal(86)) - Create container placement policy of type org.apache.hadoop.hdds.scm.container.placement.algorithms.SCMContainerPlacementRackScatter
2023-01-06 13:59:59,561 [main] INFO  ha.SCMServiceManager (SCMServiceManager.java:register(42)) - Registering service BackgroundPipelineCreator.
2023-01-06 13:59:59,561 [main] INFO  pipeline.BackgroundPipelineCreator (BackgroundPipelineCreator.java:start(124)) - Starting RatisPipelineUtilsThread.
2023-01-06 13:59:59,565 [main] INFO  BackgroundPipelineScrubber (BackgroundSCMService.java:start(68)) - Starting BackgroundPipelineScrubber Service.
2023-01-06 13:59:59,566 [main] INFO  ha.SCMServiceManager (SCMServiceManager.java:register(42)) - Registering service BackgroundPipelineScrubber.
2023-01-06 13:59:59,575 [main] INFO  ExpiredContainerReplicaOpScrubber (BackgroundSCMService.java:start(68)) - Starting ExpiredContainerReplicaOpScrubber Service.
2023-01-06 13:59:59,575 [main] INFO  ha.SCMServiceManager (SCMServiceManager.java:register(42)) - Registering service ExpiredContainerReplicaOpScrubber.
2023-01-06 13:59:59,618 [main] INFO  algorithms.PipelineChoosePolicyFactory (PipelineChoosePolicyFactory.java:createPipelineChoosePolicyFromClass(73)) - Create pipeline choose policy of type org.apache.hadoop.hdds.scm.pipeline.choose.algorithms.RandomPipelineChoosePolicy
2023-01-06 13:59:59,636 [main] INFO  ha.SCMServiceManager (SCMServiceManager.java:register(42)) - Registering service SCMBlockDeletingService.
2023-01-06 13:59:59,689 [main] INFO  replication.ReplicationManager (ReplicationManager.java:start(261)) - Starting Replication Monitor Thread.
2023-01-06 13:59:59,696 [main] INFO  ha.SCMServiceManager (SCMServiceManager.java:register(42)) - Registering service ReplicationManager.
2023-01-06 13:59:59,700 [ReplicationMonitor] INFO  replication.ReplicationManager (ReplicationManager.java:processAll(330)) - Replication Manager is not ready to run until 3000ms after safemode exit
2023-01-06 13:59:59,708 [main] INFO  safemode.ContainerSafeModeRule (ContainerSafeModeRule.java:<init>(89)) - containers with one replica threshold count 0
2023-01-06 13:59:59,711 [main] INFO  safemode.HealthyPipelineSafeModeRule (HealthyPipelineSafeModeRule.java:initializeRule(169)) - Total pipeline count is 0, healthy pipeline threshold count is 1
2023-01-06 13:59:59,714 [main] INFO  safemode.OneReplicaPipelineSafeModeRule (OneReplicaPipelineSafeModeRule.java:initializeRule(180)) - Total pipeline count is 0, pipeline's with at least one datanode reported threshold count is 0
2023-01-06 13:59:59,991 [main] INFO  audit.AuditLogger (AuditLogger.java:refreshDebugCmdSet(126)) - Refresh DebugCmdSet for SCMAudit to [].
2023-01-06 14:00:00,016 [main] INFO  ipc.CallQueueManager (CallQueueManager.java:<init>(90)) - Using callQueue: class java.util.concurrent.LinkedBlockingQueue, queueCapacity: 2000, scheduler: class org.apache.hadoop.ipc.DefaultRpcScheduler, ipcBackoff: false.
2023-01-06 14:00:00,051 [Socket Reader #1 for port 0] INFO  ipc.Server (Server.java:run(1273)) - Starting Socket Reader #1 for port 0
2023-01-06 14:00:00,110 [Listener at 0.0.0.0/36293] INFO  audit.AuditLogger (AuditLogger.java:refreshDebugCmdSet(126)) - Refresh DebugCmdSet for SCMAudit to [].
2023-01-06 14:00:00,118 [Listener at 0.0.0.0/36293] INFO  ipc.CallQueueManager (CallQueueManager.java:<init>(90)) - Using callQueue: class java.util.concurrent.LinkedBlockingQueue, queueCapacity: 2000, scheduler: class org.apache.hadoop.ipc.DefaultRpcScheduler, ipcBackoff: false.
2023-01-06 14:00:00,119 [Socket Reader #1 for port 0] INFO  ipc.Server (Server.java:run(1273)) - Starting Socket Reader #1 for port 0
2023-01-06 14:00:00,151 [Listener at 0.0.0.0/43905] INFO  audit.AuditLogger (AuditLogger.java:refreshDebugCmdSet(126)) - Refresh DebugCmdSet for SCMAudit to [].
2023-01-06 14:00:00,161 [Listener at 0.0.0.0/43905] INFO  ipc.CallQueueManager (CallQueueManager.java:<init>(90)) - Using callQueue: class java.util.concurrent.LinkedBlockingQueue, queueCapacity: 2000, scheduler: class org.apache.hadoop.ipc.DefaultRpcScheduler, ipcBackoff: false.
2023-01-06 14:00:00,163 [Socket Reader #1 for port 0] INFO  ipc.Server (Server.java:run(1273)) - Starting Socket Reader #1 for port 0
2023-01-06 14:00:00,215 [Listener at 0.0.0.0/44121] INFO  ha.SCMServiceManager (SCMServiceManager.java:register(42)) - Registering service ContainerBalancer.
2023-01-06 14:00:00,218 [Listener at 0.0.0.0/44121] INFO  server.StorageContainerManager (StorageContainerManager.java:<init>(399)) - 
Container Balancer status:
Key                            Value
Running                        true
Container Balancer Configuration values:
Key                                                Value
Threshold                                          10
Max Datanodes to Involve per Iteration(percent)    20
Max Size to Move per Iteration                     500GB
Max Size Entering Target per Iteration             26GB
Max Size Leaving Source per Iteration              26GB

2023-01-06 14:00:00,218 [Listener at 0.0.0.0/44121] INFO  ha.SCMContext (SCMContext.java:updateSafeModeStatus(228)) - Update SafeModeStatus from SafeModeStatus{safeModeStatus=true, preCheckPassed=false} to SafeModeStatus{safeModeStatus=true, preCheckPassed=false}.
2023-01-06 14:00:00,223 [Listener at 0.0.0.0/44121] INFO  server.StorageContainerManager (StorageContainerManager.java:start(1426)) - StorageContainerLocationProtocol RPC server is listening at /0.0.0.0:44121
2023-01-06 14:00:00,283 [Listener at 0.0.0.0/44121] WARN  impl.MetricsConfig (MetricsConfig.java:loadFirst(136)) - Cannot locate configuration: tried hadoop-metrics2-storagecontainermanager.properties,hadoop-metrics2.properties
2023-01-06 14:00:00,296 [Listener at 0.0.0.0/44121] INFO  impl.MetricsSystemImpl (MetricsSystemImpl.java:startTimer(378)) - Scheduled Metric snapshot period at 10 second(s).
2023-01-06 14:00:00,296 [Listener at 0.0.0.0/44121] INFO  impl.MetricsSystemImpl (MetricsSystemImpl.java:start(191)) - StorageContainerManager metrics system started
2023-01-06 14:00:00,574 [Listener at 0.0.0.0/44121] INFO  server.SCMClientProtocolServer (SCMClientProtocolServer.java:start(170)) - RPC server for Client  is listening at /0.0.0.0:44121
2023-01-06 14:00:00,574 [IPC Server Responder] INFO  ipc.Server (Server.java:run(1512)) - IPC Server Responder: starting
2023-01-06 14:00:00,575 [IPC Server listener on 0] INFO  ipc.Server (Server.java:run(1352)) - IPC Server listener on 0: starting
2023-01-06 14:00:00,580 [Listener at 0.0.0.0/44121] INFO  server.StorageContainerManager (StorageContainerManager.java:start(1440)) - ScmBlockLocationProtocol RPC server is listening at /0.0.0.0:43905
2023-01-06 14:00:00,581 [Listener at 0.0.0.0/44121] INFO  server.SCMBlockProtocolServer (SCMBlockProtocolServer.java:start(152)) - RPC server for Block Protocol is listening at /0.0.0.0:43905
2023-01-06 14:00:00,581 [IPC Server Responder] INFO  ipc.Server (Server.java:run(1512)) - IPC Server Responder: starting
2023-01-06 14:00:00,581 [IPC Server listener on 0] INFO  ipc.Server (Server.java:run(1352)) - IPC Server listener on 0: starting
2023-01-06 14:00:00,584 [Listener at 0.0.0.0/44121] INFO  server.SCMDatanodeProtocolServer (SCMDatanodeProtocolServer.java:start(194)) - ScmDatanodeProtocol RPC server for DataNodes is listening at /0.0.0.0:36293
2023-01-06 14:00:00,584 [IPC Server Responder] INFO  ipc.Server (Server.java:run(1512)) - IPC Server Responder: starting
2023-01-06 14:00:00,585 [IPC Server listener on 0] INFO  ipc.Server (Server.java:run(1352)) - IPC Server listener on 0: starting
2023-01-06 14:00:00,602 [org.apache.hadoop.util.JvmPauseMonitor$Monitor@45ac973] INFO  util.JvmPauseMonitor (JvmPauseMonitor.java:run(188)) - Starting JVM pause monitor
2023-01-06 14:00:00,612 [Listener at 0.0.0.0/44121] INFO  http.BaseHttpServer (BaseHttpServer.java:newHttpServer2BuilderForOzone(213)) - Starting Web-server for scm at: http://0.0.0.0:0
2023-01-06 14:00:00,613 [Listener at 0.0.0.0/44121] INFO  http.BaseHttpServer (BaseHttpServer.java:<init>(108)) - Hadoop Security Enabled: false Ozone Security Enabled: false Ozone HTTP Security Enabled: false 
2023-01-06 14:00:00,637 [Listener at 0.0.0.0/44121] INFO  util.log (Log.java:initialized(170)) - Logging initialized @3811ms to org.eclipse.jetty.util.log.Slf4jLog
2023-01-06 14:00:00,731 [Listener at 0.0.0.0/44121] WARN  server.AuthenticationFilter (AuthenticationFilter.java:constructSecretProvider(240)) - Unable to initialize FileSignerSecretProvider, falling back to use random secrets. Reason: Could not read signature secret file: /home/runner/hadoop-http-auth-signature-secret
2023-01-06 14:00:00,737 [Listener at 0.0.0.0/44121] WARN  http.HttpRequestLog (HttpRequestLog.java:getRequestLog(103)) - Jetty request log can only be enabled using Log4j
2023-01-06 14:00:00,742 [Listener at 0.0.0.0/44121] INFO  http.HttpServer2 (HttpServer2.java:addGlobalFilter(1031)) - Added global filter 'safety' (class=org.apache.hadoop.hdds.server.http.HttpServer2$QuotingInputFilter)
2023-01-06 14:00:00,744 [Listener at 0.0.0.0/44121] INFO  http.HttpServer2 (HttpServer2.java:addFilter(1007)) - Added filter static_user_filter (class=org.apache.hadoop.http.lib.StaticUserWebFilter$StaticUserFilter) to context scm
2023-01-06 14:00:00,745 [Listener at 0.0.0.0/44121] INFO  http.HttpServer2 (HttpServer2.java:addFilter(1015)) - Added filter static_user_filter (class=org.apache.hadoop.http.lib.StaticUserWebFilter$StaticUserFilter) to context static
2023-01-06 14:00:00,745 [Listener at 0.0.0.0/44121] INFO  http.HttpServer2 (HttpServer2.java:addFilter(1015)) - Added filter static_user_filter (class=org.apache.hadoop.http.lib.StaticUserWebFilter$StaticUserFilter) to context logs
2023-01-06 14:00:00,780 [Listener at 0.0.0.0/44121] INFO  http.HttpServer2 (HttpServer2.java:bindListener(1250)) - Jetty bound to port 33057
2023-01-06 14:00:00,781 [Listener at 0.0.0.0/44121] INFO  server.Server (Server.java:doStart(375)) - jetty-9.4.49.v20220914; built: 2022-09-14T01:07:36.601Z; git: 4231a3b2e4cb8548a412a789936d640a97b1aa0a; jvm 1.8.0_352-b08
2023-01-06 14:00:00,811 [Listener at 0.0.0.0/44121] INFO  server.session (DefaultSessionIdManager.java:doStart(334)) - DefaultSessionIdManager workerName=node0
2023-01-06 14:00:00,811 [Listener at 0.0.0.0/44121] INFO  server.session (DefaultSessionIdManager.java:doStart(339)) - No SessionScavenger set, using defaults
2023-01-06 14:00:00,812 [Listener at 0.0.0.0/44121] INFO  server.session (HouseKeeper.java:startScavenging(132)) - node0 Scavenging every 660000ms
2023-01-06 14:00:00,824 [Listener at 0.0.0.0/44121] INFO  handler.ContextHandler (ContextHandler.java:doStart(921)) - Started o.e.j.s.ServletContextHandler@504b4a97{logs,/logs,file:///home/runner/work/ozone/ozone/hadoop-ozone/integration-test/target/log,AVAILABLE}
2023-01-06 14:00:00,825 [Listener at 0.0.0.0/44121] INFO  handler.ContextHandler (ContextHandler.java:doStart(921)) - Started o.e.j.s.ServletContextHandler@414d466e{static,/static,file:///home/runner/work/ozone/ozone/hadoop-ozone/integration-test/target/test-classes/webapps/static,AVAILABLE}
2023-01-06 14:00:00,865 [Listener at 0.0.0.0/44121] INFO  handler.ContextHandler (ContextHandler.java:doStart(921)) - Started o.e.j.w.WebAppContext@5cf6ba1c{scm,/,file:///home/runner/work/ozone/ozone/hadoop-ozone/integration-test/target/test-classes/webapps/scm/,AVAILABLE}{file:/home/runner/work/ozone/ozone/hadoop-ozone/integration-test/target/test-classes/webapps/scm}
2023-01-06 14:00:00,873 [Listener at 0.0.0.0/44121] INFO  server.AbstractConnector (AbstractConnector.java:doStart(333)) - Started ServerConnector@7da9b32c{HTTP/1.1, (http/1.1)}{0.0.0.0:33057}
2023-01-06 14:00:00,873 [Listener at 0.0.0.0/44121] INFO  server.Server (Server.java:doStart(415)) - Started @4047ms
2023-01-06 14:00:00,876 [Listener at 0.0.0.0/44121] INFO  impl.MetricsSinkAdapter (MetricsSinkAdapter.java:start(204)) - Sink prometheus started
2023-01-06 14:00:00,877 [Listener at 0.0.0.0/44121] INFO  impl.MetricsSystemImpl (MetricsSystemImpl.java:registerSink(305)) - Registered sink prometheus
2023-01-06 14:00:00,877 [Listener at 0.0.0.0/44121] INFO  http.BaseHttpServer (BaseHttpServer.java:updateConnectorAddress(333)) - HTTP server of scm listening at http://0.0.0.0:33057
2023-01-06 14:00:00,879 [Listener at 0.0.0.0/44121] WARN  server.ServerUtils (ServerUtils.java:getDBPath(225)) - ozone.om.db.dirs is not configured. We recommend adding this setting. Falling back to ozone.metadata.dirs instead.
2023-01-06 14:00:00,931 [Listener at 0.0.0.0/44121] INFO  audit.AuditLogger (AuditLogger.java:refreshDebugCmdSet(126)) - Refresh DebugCmdSet for OMAudit to [].
2023-01-06 14:00:01,009 [Listener at 0.0.0.0/44121] INFO  ha.OMHANodeDetails (OMHANodeDetails.java:loadOMHAConfig(115)) - ozone.om.internal.service.id is not defined, falling back to ozone.om.service.ids to find serviceID for OzoneManager if it is HA enabled cluster
2023-01-06 14:00:01,012 [Listener at 0.0.0.0/44121] INFO  ha.OMHANodeDetails (OMHANodeDetails.java:loadOMHAConfig(226)) - Configuration does not have ozone.om.address set. Falling back to the default OM address /127.0.0.1:0
2023-01-06 14:00:01,012 [Listener at 0.0.0.0/44121] INFO  ha.OMHANodeDetails (OMHANodeDetails.java:getOMNodeDetailsForNonHA(254)) - OM Service ID is not set. Setting it to the default ID: omServiceIdDefault
2023-01-06 14:00:01,012 [Listener at 0.0.0.0/44121] INFO  ha.OMHANodeDetails (OMHANodeDetails.java:getOMNodeDetailsForNonHA(261)) - OM Node ID is not set. Setting it to the default ID: om1
2023-01-06 14:00:01,016 [Listener at 0.0.0.0/44121] WARN  server.ServerUtils (ServerUtils.java:getDBPath(225)) - ozone.om.db.dirs is not configured. We recommend adding this setting. Falling back to ozone.metadata.dirs instead.
2023-01-06 14:00:01,017 [Listener at 0.0.0.0/44121] INFO  upgrade.AbstractLayoutVersionManager (AbstractLayoutVersionManager.java:init(83)) - Initializing Layout version manager with metadata layout = MULTITENANCY_SCHEMA (version = 3), software layout = MULTITENANCY_SCHEMA (version = 3)
2023-01-06 14:00:01,097 [Listener at 0.0.0.0/44121] INFO  reflections.Reflections (Reflections.java:scan(232)) - Reflections took 76 ms to scan 2 urls, producing 155 keys and 429 values [using 2 cores]
2023-01-06 14:00:01,100 [Listener at 0.0.0.0/44121] INFO  upgrade.OMLayoutVersionManager (OMLayoutVersionManager.java:lambda$0(115)) - Skipping Upgrade Action MockOmUpgradeAction since it has been finalized.
2023-01-06 14:00:01,101 [Listener at 0.0.0.0/44121] WARN  server.ServerUtils (ServerUtils.java:getDBPath(225)) - ozone.om.db.dirs is not configured. We recommend adding this setting. Falling back to ozone.metadata.dirs instead.
2023-01-06 14:00:01,250 [Listener at 0.0.0.0/44121] INFO  proxy.SCMBlockLocationFailoverProxyProvider (SCMBlockLocationFailoverProxyProvider.java:<init>(114)) - Created block location fail-over proxy with 1 nodes: [nodeId=scmNodeId,nodeAddress=/0.0.0.0:43905]
2023-01-06 14:00:01,280 [Listener at 0.0.0.0/44121] INFO  proxy.SCMBlockLocationFailoverProxyProvider (SCMBlockLocationFailoverProxyProvider.java:<init>(114)) - Created block location fail-over proxy with 1 nodes: [nodeId=scmNodeId,nodeAddress=/0.0.0.0:43905]
2023-01-06 14:00:01,454 [Listener at 0.0.0.0/44121] WARN  server.ServerUtils (ServerUtils.java:getDBPath(225)) - ozone.om.db.dirs is not configured. We recommend adding this setting. Falling back to ozone.metadata.dirs instead.
2023-01-06 14:00:01,460 [Listener at 0.0.0.0/44121] INFO  codec.OmKeyInfoCodec (OmKeyInfoCodec.java:<init>(49)) - OmKeyInfoCodec ignorePipeline = true
2023-01-06 14:00:01,461 [Listener at 0.0.0.0/44121] INFO  codec.RepeatedOmKeyInfoCodec (RepeatedOmKeyInfoCodec.java:<init>(41)) - RepeatedOmKeyInfoCodec ignorePipeline = true
2023-01-06 14:00:01,617 [Listener at 0.0.0.0/44121] INFO  om.OzoneManager (OzoneManager.java:instantiateServices(716)) - S3 Multi-Tenancy is disabled
2023-01-06 14:00:01,699 [Listener at 0.0.0.0/44121] INFO  om.OzoneManager (OzoneManager.java:addS3GVolumeToDB(4286)) - Created Volume s3v With Owner runner required for S3Gateway operations.
2023-01-06 14:00:01,749 [Listener at 0.0.0.0/44121] WARN  server.ServerUtils (ServerUtils.java:getDefaultRatisDirectory(237)) - Storage directory for Ratis is not configured. It is a good idea to map this to an SSD disk. Falling back to ozone.metadata.dirs
2023-01-06 14:00:01,750 [Listener at 0.0.0.0/44121] WARN  utils.OzoneManagerRatisUtils (OzoneManagerRatisUtils.java:getOMRatisSnapshotDirectory(434)) - ozone.om.ratis.snapshot.dir is not configured. Falling back to ozone.metadata.dirs config
2023-01-06 14:00:01,767 [Listener at 0.0.0.0/44121] WARN  server.ServerUtils (ServerUtils.java:getDefaultRatisDirectory(237)) - Storage directory for Ratis is not configured. It is a good idea to map this to an SSD disk. Falling back to ozone.metadata.dirs
2023-01-06 14:00:01,795 [Listener at 0.0.0.0/44121] INFO  ratis.OzoneManagerRatisServer (OzoneManagerRatisServer.java:<init>(160)) - Instantiating OM Ratis server with groupID: omServiceIdDefault and peers: localhost:9872
2023-01-06 14:00:01,802 [Listener at 0.0.0.0/44121] INFO  ratis.OzoneManagerStateMachine (OzoneManagerStateMachine.java:loadSnapshotInfoFromDB(636)) - LastAppliedIndex is set from TransactionInfo from OM DB as (t:0, i:~)
2023-01-06 14:00:01,846 [Listener at 0.0.0.0/44121] INFO  server.RaftServer (ConfUtils.java:logGet(46)) - raft.rpc.type = GRPC (default)
2023-01-06 14:00:01,920 [Listener at 0.0.0.0/44121] INFO  grpc.GrpcConfigKeys (ConfUtils.java:logFallback(53)) - raft.grpc.admin.host = null (fallback to raft.grpc.server.host)
2023-01-06 14:00:01,922 [Listener at 0.0.0.0/44121] INFO  grpc.GrpcConfigKeys (ConfUtils.java:logFallback(53)) - raft.grpc.admin.port = 9872 (fallback to raft.grpc.server.port)
2023-01-06 14:00:01,922 [Listener at 0.0.0.0/44121] INFO  grpc.GrpcConfigKeys (ConfUtils.java:logFallback(53)) - raft.grpc.client.host = null (fallback to raft.grpc.server.host)
2023-01-06 14:00:01,922 [Listener at 0.0.0.0/44121] INFO  grpc.GrpcConfigKeys (ConfUtils.java:logFallback(53)) - raft.grpc.client.port = 9872 (fallback to raft.grpc.server.port)
2023-01-06 14:00:01,923 [Listener at 0.0.0.0/44121] INFO  grpc.GrpcConfigKeys (ConfUtils.java:logGet(46)) - raft.grpc.server.host = null (default)
2023-01-06 14:00:01,923 [Listener at 0.0.0.0/44121] INFO  grpc.GrpcConfigKeys (ConfUtils.java:logGet(46)) - raft.grpc.server.port = 9872 (custom)
2023-01-06 14:00:01,923 [Listener at 0.0.0.0/44121] INFO  server.GrpcService (ConfUtils.java:logGet(46)) - raft.grpc.message.size.max = 33554432 (custom)
2023-01-06 14:00:01,924 [Listener at 0.0.0.0/44121] INFO  server.RaftServerConfigKeys (ConfUtils.java:logGet(46)) - raft.server.log.appender.buffer.byte-limit = 33554432 (custom)
2023-01-06 14:00:01,925 [Listener at 0.0.0.0/44121] INFO  server.GrpcService (ConfUtils.java:logGet(46)) - raft.grpc.flow.control.window = 1MB (=1048576) (default)
2023-01-06 14:00:01,925 [Listener at 0.0.0.0/44121] INFO  server.RaftServerConfigKeys (ConfUtils.java:logGet(46)) - raft.server.rpc.request.timeout = 3000ms (default)
2023-01-06 14:00:01,938 [Listener at 0.0.0.0/44121] INFO  grpc.GrpcConfigKeys (ConfUtils.java:logGet(46)) - raft.grpc.server.heartbeat.channel = true (default)
2023-01-06 14:00:01,941 [Listener at 0.0.0.0/44121] INFO  grpc.GrpcConfigKeys (ConfUtils.java:logGet(46)) - raft.grpc.server.async.request.thread.pool.cached = true (default)
2023-01-06 14:00:01,941 [Listener at 0.0.0.0/44121] INFO  grpc.GrpcConfigKeys (ConfUtils.java:logGet(46)) - raft.grpc.server.async.request.thread.pool.size = 32 (default)
2023-01-06 14:00:02,197 [Listener at 0.0.0.0/44121] INFO  impl.DataStreamServerImpl (ConfUtils.java:logGet(46)) - raft.datastream.type = NETTY (custom)
2023-01-06 14:00:02,217 [Listener at 0.0.0.0/44121] INFO  server.RaftServerConfigKeys (ConfUtils.java:logGet(46)) - raft.server.data-stream.async.request.thread.pool.cached = false (default)
2023-01-06 14:00:02,217 [Listener at 0.0.0.0/44121] INFO  server.RaftServerConfigKeys (ConfUtils.java:logGet(46)) - raft.server.data-stream.async.request.thread.pool.size = 32 (default)
2023-01-06 14:00:02,218 [Listener at 0.0.0.0/44121] INFO  server.RaftServerConfigKeys (ConfUtils.java:logGet(46)) - raft.server.data-stream.async.write.thread.pool.size = 16 (default)
2023-01-06 14:00:02,219 [Listener at 0.0.0.0/44121] INFO  server.RaftServerConfigKeys (ConfUtils.java:logGet(46)) - raft.server.data-stream.client.pool.size = 10 (default)
2023-01-06 14:00:02,222 [Listener at 0.0.0.0/44121] INFO  netty.NettyConfigKeys$DataStream (ConfUtils.java:logGet(46)) - raft.netty.dataStream.server.use-epoll = false (default)
2023-01-06 14:00:02,223 [Listener at 0.0.0.0/44121] INFO  netty.NettyConfigKeys$DataStream (ConfUtils.java:logGet(46)) - raft.netty.dataStream.server.boss-group.size = 0 (default)
2023-01-06 14:00:02,229 [Listener at 0.0.0.0/44121] INFO  netty.NettyConfigKeys$DataStream (ConfUtils.java:logGet(46)) - raft.netty.dataStream.server.worker-group.size = 0 (default)
2023-01-06 14:00:02,230 [Listener at 0.0.0.0/44121] INFO  netty.NettyConfigKeys$DataStream (ConfUtils.java:logGet(46)) - raft.netty.dataStream.server.tls.conf = null (default)
2023-01-06 14:00:02,232 [Listener at 0.0.0.0/44121] INFO  netty.NettyConfigKeys$DataStream (ConfUtils.java:logGet(46)) - raft.netty.dataStream.host = null (default)
2023-01-06 14:00:02,232 [Listener at 0.0.0.0/44121] INFO  netty.NettyConfigKeys$DataStream (ConfUtils.java:logGet(46)) - raft.netty.dataStream.port = 0 (default)
2023-01-06 14:00:02,280 [Listener at 0.0.0.0/44121] INFO  server.RaftServerConfigKeys (ConfUtils.java:logGet(46)) - raft.server.threadpool.proxy.cached = true (default)
2023-01-06 14:00:02,281 [Listener at 0.0.0.0/44121] INFO  server.RaftServerConfigKeys (ConfUtils.java:logGet(46)) - raft.server.threadpool.proxy.size = 0 (default)
2023-01-06 14:00:02,281 [Listener at 0.0.0.0/44121] INFO  server.RaftServerConfigKeys (ConfUtils.java:logGet(46)) - raft.server.rpc.slowness.timeout = 120s (custom)
2023-01-06 14:00:02,281 [Listener at 0.0.0.0/44121] INFO  server.RaftServerConfigKeys (ConfUtils.java:logGet(46)) - raft.server.leaderelection.leader.step-down.wait-time = 10s (default)
2023-01-06 14:00:02,284 [Listener at 0.0.0.0/44121] INFO  server.RaftServerConfigKeys (ConfUtils.java:logGet(46)) - raft.server.storage.dir = [/home/runner/work/ozone/ozone/hadoop-ozone/integration-test/target/test-dir/MiniOzoneClusterImpl-2de58cfc-ec7c-41ac-af7d-ad40b55ccb4e/ozone-meta/ratis] (custom)
2023-01-06 14:00:02,311 [om1-NettyServerStreamRpc-bossGroup--thread1] INFO  logging.LoggingHandler (AbstractInternalLogger.java:log(148)) - [id: 0x3d9f3db7] REGISTERED
2023-01-06 14:00:02,312 [om1-NettyServerStreamRpc-bossGroup--thread1] INFO  logging.LoggingHandler (AbstractInternalLogger.java:log(148)) - [id: 0x3d9f3db7] BIND: 0.0.0.0/0.0.0.0:0
2023-01-06 14:00:02,319 [om1-NettyServerStreamRpc-bossGroup--thread1] INFO  logging.LoggingHandler (AbstractInternalLogger.java:log(148)) - [id: 0x3d9f3db7, L:/0:0:0:0:0:0:0:0:42017] ACTIVE
2023-01-06 14:00:02,321 [Listener at 0.0.0.0/44121] INFO  server.RaftServer (RaftServerProxy.java:addNew(96)) - om1: addNew group-C5BA1605619E:[om1|rpc:localhost:9872|priority:0|startupRole:FOLLOWER] returns group-C5BA1605619E:java.util.concurrent.CompletableFuture@2492f6fb[Not completed]
2023-01-06 14:00:02,321 [Listener at 0.0.0.0/44121] INFO  om.OzoneManager (OzoneManager.java:initializeRatisServer(1981)) - OzoneManager Ratis server initialized at port 9872
2023-01-06 14:00:02,337 [Listener at 0.0.0.0/44121] INFO  om.OzoneManager (OzoneManager.java:getRpcServer(1106)) - Creating RPC Server
2023-01-06 14:00:02,344 [pool-54-thread-1] INFO  server.RaftServer$Division (RaftServerImpl.java:<init>(195)) - om1: new RaftServerImpl for group-C5BA1605619E:[om1|rpc:localhost:9872|priority:0|startupRole:FOLLOWER] with OzoneManagerStateMachine:uninitialized
2023-01-06 14:00:02,349 [pool-54-thread-1] INFO  server.RaftServerConfigKeys (ConfUtils.java:logGet(46)) - raft.server.rpc.timeout.min = 1s (custom)
2023-01-06 14:00:02,349 [pool-54-thread-1] INFO  server.RaftServerConfigKeys (ConfUtils.java:logGet(46)) - raft.server.rpc.timeout.max = 1200ms (custom)
2023-01-06 14:00:02,349 [pool-54-thread-1] INFO  server.RaftServerConfigKeys (ConfUtils.java:logGet(46)) - raft.server.rpc.sleep.time = 25ms (default)
2023-01-06 14:00:02,349 [pool-54-thread-1] INFO  server.RaftServerConfigKeys (ConfUtils.java:logGet(46)) - raft.server.rpc.slowness.timeout = 120s (custom)
2023-01-06 14:00:02,350 [pool-54-thread-1] INFO  server.RaftServerConfigKeys (ConfUtils.java:logGet(46)) - raft.server.leaderelection.leader.step-down.wait-time = 10s (default)
2023-01-06 14:00:02,361 [pool-54-thread-1] INFO  server.RaftServerConfigKeys (ConfUtils.java:logGet(46)) - raft.server.sleep.deviation.threshold = 300ms (default)
2023-01-06 14:00:02,379 [pool-54-thread-1] INFO  server.RaftServer$Division (ServerState.java:<init>(118)) - om1@group-C5BA1605619E: ConfigurationManager, init=-1: peers:[om1|rpc:localhost:9872|priority:0|startupRole:FOLLOWER]|listeners:[], old=null, confs=<EMPTY_MAP>
2023-01-06 14:00:02,379 [pool-54-thread-1] INFO  server.RaftServerConfigKeys (ConfUtils.java:logGet(46)) - raft.server.storage.dir = [/home/runner/work/ozone/ozone/hadoop-ozone/integration-test/target/test-dir/MiniOzoneClusterImpl-2de58cfc-ec7c-41ac-af7d-ad40b55ccb4e/ozone-meta/ratis] (custom)
2023-01-06 14:00:02,387 [pool-54-thread-1] INFO  server.RaftServerConfigKeys (ConfUtils.java:logGet(46)) - raft.server.log.corruption.policy = EXCEPTION (default)
2023-01-06 14:00:02,388 [pool-54-thread-1] INFO  server.RaftServerConfigKeys (ConfUtils.java:logGet(46)) - raft.server.storage.free-space.min = 0MB (=0) (default)
2023-01-06 14:00:02,405 [pool-54-thread-1] INFO  server.RaftServerConfigKeys (ConfUtils.java:logGet(46)) - raft.server.notification.no-leader.timeout = 120s (custom)
2023-01-06 14:00:02,407 [pool-54-thread-1] INFO  server.RaftServerConfigKeys (ConfUtils.java:logGet(46)) - raft.server.retrycache.expirytime = 300s (custom)
2023-01-06 14:00:02,407 [pool-54-thread-1] INFO  server.RaftServerConfigKeys (ConfUtils.java:logGet(46)) - raft.server.retrycache.statistics.expirytime = 100μs (default)
2023-01-06 14:00:02,513 [pool-54-thread-1] INFO  server.RaftServerConfigKeys (ConfUtils.java:logGet(46)) - raft.server.log.appender.install.snapshot.enabled = false (custom)
2023-01-06 14:00:02,515 [pool-54-thread-1] INFO  server.RaftServerConfigKeys (ConfUtils.java:logGet(46)) - raft.server.threadpool.server.cached = true (default)
2023-01-06 14:00:02,516 [pool-54-thread-1] INFO  server.RaftServerConfigKeys (ConfUtils.java:logGet(46)) - raft.server.threadpool.server.size = 0 (default)
2023-01-06 14:00:02,516 [pool-54-thread-1] INFO  server.RaftServerConfigKeys (ConfUtils.java:logGet(46)) - raft.server.threadpool.client.cached = true (default)
2023-01-06 14:00:02,517 [pool-54-thread-1] INFO  server.RaftServerConfigKeys (ConfUtils.java:logGet(46)) - raft.server.threadpool.client.size = 0 (default)
2023-01-06 14:00:02,950 [Listener at 0.0.0.0/44121] INFO  reflections.Reflections (Reflections.java:scan(232)) - Reflections took 546 ms to scan 19 urls, producing 67 keys and 4541 values [using 2 cores]
2023-01-06 14:00:03,216 [Listener at 0.0.0.0/44121] INFO  ipc.CallQueueManager (CallQueueManager.java:<init>(90)) - Using callQueue: class java.util.concurrent.LinkedBlockingQueue, queueCapacity: 2000, scheduler: class org.apache.hadoop.ipc.DefaultRpcScheduler, ipcBackoff: false.
2023-01-06 14:00:03,216 [Socket Reader #1 for port 0] INFO  ipc.Server (Server.java:run(1273)) - Starting Socket Reader #1 for port 0
2023-01-06 14:00:03,241 [Listener at 127.0.0.1/40279] INFO  impl.MetricsSystemImpl (MetricsSystemImpl.java:init(158)) - OzoneManager metrics system started (again)
2023-01-06 14:00:03,253 [Listener at 127.0.0.1/40279] INFO  om.OzoneManager (OzoneManager.java:start(1488)) - OzoneManager RPC server is listening at localhost/127.0.0.1:40279
2023-01-06 14:00:03,253 [Listener at 127.0.0.1/40279] INFO  ratis.OzoneManagerRatisServer (OzoneManagerRatisServer.java:start(555)) - Starting OzoneManagerRatisServer om1 at port 9872
2023-01-06 14:00:03,255 [om1-impl-thread1] INFO  storage.RaftStorageDirectory (RaftStorageDirectoryImpl.java:analyzeStorage(137)) - The storage directory /home/runner/work/ozone/ozone/hadoop-ozone/integration-test/target/test-dir/MiniOzoneClusterImpl-2de58cfc-ec7c-41ac-af7d-ad40b55ccb4e/ozone-meta/ratis/bf265839-605b-3f16-9796-c5ba1605619e does not exist. Creating ...
2023-01-06 14:00:03,259 [om1-impl-thread1] INFO  storage.RaftStorageDirectory (RaftStorageDirectoryImpl.java:tryLock(231)) - Lock on /home/runner/work/ozone/ozone/hadoop-ozone/integration-test/target/test-dir/MiniOzoneClusterImpl-2de58cfc-ec7c-41ac-af7d-ad40b55ccb4e/ozone-meta/ratis/bf265839-605b-3f16-9796-c5ba1605619e/in_use.lock acquired by nodename 71639@fv-az28-147
2023-01-06 14:00:03,264 [om1-impl-thread1] INFO  storage.RaftStorage (RaftStorageImpl.java:format(96)) - Storage directory /home/runner/work/ozone/ozone/hadoop-ozone/integration-test/target/test-dir/MiniOzoneClusterImpl-2de58cfc-ec7c-41ac-af7d-ad40b55ccb4e/ozone-meta/ratis/bf265839-605b-3f16-9796-c5ba1605619e has been successfully formatted.
2023-01-06 14:00:03,266 [om1-impl-thread1] INFO  server.RaftServerConfigKeys (ConfUtils.java:logGet(46)) - raft.server.log.use.memory = false (default)
2023-01-06 14:00:03,272 [om1-impl-thread1] INFO  server.RaftServerConfigKeys (ConfUtils.java:logGet(46)) - raft.server.log.purge.gap = 1000000 (custom)
2023-01-06 14:00:03,272 [om1-impl-thread1] INFO  server.RaftServerConfigKeys (ConfUtils.java:logGet(46)) - raft.server.log.appender.buffer.byte-limit = 33554432 (custom)
2023-01-06 14:00:03,274 [om1-impl-thread1] INFO  server.RaftServerConfigKeys (ConfUtils.java:logGet(46)) - raft.server.log.statemachine.data.read.timeout = 1000ms (default)
2023-01-06 14:00:03,275 [om1-impl-thread1] INFO  server.RaftServerConfigKeys (ConfUtils.java:logGet(46)) - raft.server.log.purge.preservation.log.num = 0 (default)
2023-01-06 14:00:03,277 [om1-impl-thread1] INFO  server.RaftServerConfigKeys (ConfUtils.java:logGet(46)) - raft.server.log.segment.size.max = 4194304 (custom)
2023-01-06 14:00:03,282 [om1-impl-thread1] INFO  server.RaftServerConfigKeys (ConfUtils.java:logGet(46)) - raft.server.log.segment.cache.num.max = 2 (custom)
2023-01-06 14:00:03,282 [om1-impl-thread1] INFO  server.RaftServerConfigKeys (ConfUtils.java:logGet(46)) - raft.server.log.segment.cache.size.max = 200MB (=209715200) (default)
2023-01-06 14:00:03,288 [om1-impl-thread1] INFO  segmented.SegmentedRaftLogWorker (SegmentedRaftLogWorker.java:<init>(189)) - new om1@group-C5BA1605619E-SegmentedRaftLogWorker for RaftStorageImpl:Storage Directory /home/runner/work/ozone/ozone/hadoop-ozone/integration-test/target/test-dir/MiniOzoneClusterImpl-2de58cfc-ec7c-41ac-af7d-ad40b55ccb4e/ozone-meta/ratis/bf265839-605b-3f16-9796-c5ba1605619e
2023-01-06 14:00:03,288 [om1-impl-thread1] INFO  server.RaftServerConfigKeys (ConfUtils.java:logGet(46)) - raft.server.log.queue.byte-limit = 64MB (=67108864) (default)
2023-01-06 14:00:03,288 [om1-impl-thread1] INFO  server.RaftServerConfigKeys (ConfUtils.java:logGet(46)) - raft.server.log.queue.element-limit = 4096 (default)
2023-01-06 14:00:03,289 [om1-impl-thread1] INFO  server.RaftServerConfigKeys (ConfUtils.java:logGet(46)) - raft.server.log.segment.size.max = 4194304 (custom)
2023-01-06 14:00:03,290 [om1-impl-thread1] INFO  server.RaftServerConfigKeys (ConfUtils.java:logGet(46)) - raft.server.log.preallocated.size = 4194304 (custom)
2023-01-06 14:00:03,290 [om1-impl-thread1] INFO  server.RaftServerConfigKeys (ConfUtils.java:logGet(46)) - raft.server.log.force.sync.num = 128 (default)
2023-01-06 14:00:03,291 [om1-impl-thread1] INFO  server.RaftServerConfigKeys (ConfUtils.java:logGet(46)) - raft.server.log.statemachine.data.sync = true (default)
2023-01-06 14:00:03,291 [om1-impl-thread1] INFO  server.RaftServerConfigKeys (ConfUtils.java:logGet(46)) - raft.server.log.statemachine.data.sync.timeout = 10s (default)
2023-01-06 14:00:03,291 [om1-impl-thread1] INFO  server.RaftServerConfigKeys (ConfUtils.java:logGet(46)) - raft.server.log.statemachine.data.sync.timeout.retry = -1 (default)
2023-01-06 14:00:03,298 [om1-impl-thread1] INFO  server.RaftServerConfigKeys (ConfUtils.java:logGet(46)) - raft.server.log.write.buffer.size = 64KB (=65536) (default)
2023-01-06 14:00:03,298 [om1-impl-thread1] INFO  server.RaftServerConfigKeys (ConfUtils.java:logGet(46)) - raft.server.log.appender.buffer.byte-limit = 33554432 (custom)
2023-01-06 14:00:03,301 [om1-impl-thread1] INFO  server.RaftServerConfigKeys (ConfUtils.java:logGet(46)) - raft.server.log.unsafe-flush.enabled = false (default)
2023-01-06 14:00:03,302 [om1-impl-thread1] INFO  server.RaftServerConfigKeys (ConfUtils.java:logGet(46)) - raft.server.log.async-flush.enabled = false (default)
2023-01-06 14:00:03,302 [om1-impl-thread1] INFO  server.RaftServerConfigKeys (ConfUtils.java:logGet(46)) - raft.server.log.statemachine.data.caching.enabled = false (default)
2023-01-06 14:00:03,307 [om1-impl-thread1] INFO  segmented.SegmentedRaftLogWorker (SegmentedRaftLogWorker.java:lambda$new$0(135)) - om1@group-C5BA1605619E-SegmentedRaftLogWorker: flushIndex: setUnconditionally 0 -> -1
2023-01-06 14:00:03,307 [om1-impl-thread1] INFO  segmented.SegmentedRaftLogWorker (SegmentedRaftLogWorker.java:lambda$new$0(135)) - om1@group-C5BA1605619E-SegmentedRaftLogWorker: safeCacheEvictIndex: setUnconditionally 0 -> -1
2023-01-06 14:00:03,309 [om1-impl-thread1] INFO  server.RaftServer$Division (RaftServerImpl.java:start(334)) - om1@group-C5BA1605619E: start as a follower, conf=-1: peers:[om1|rpc:localhost:9872|priority:0|startupRole:FOLLOWER]|listeners:[], old=null
2023-01-06 14:00:03,310 [om1-impl-thread1] INFO  server.RaftServer$Division (RaftServerImpl.java:setRole(321)) - om1@group-C5BA1605619E: changes role from      null to FOLLOWER at term 0 for startAsFollower
2023-01-06 14:00:03,312 [om1-impl-thread1] INFO  impl.RoleInfo (RoleInfo.java:updateAndGet(139)) - om1: start om1@group-C5BA1605619E-FollowerState
2023-01-06 14:00:03,313 [om1-impl-thread1] INFO  util.JmxRegister (JmxRegister.java:tryRegister(44)) - Successfully registered JMX Bean with object name Ratis:service=RaftServer,group=group-C5BA1605619E,id=om1
2023-01-06 14:00:03,315 [om1-impl-thread1] INFO  server.RaftServerConfigKeys (ConfUtils.java:logGet(46)) - raft.server.snapshot.auto.trigger.enabled = true (custom)
2023-01-06 14:00:03,315 [om1-impl-thread1] INFO  server.RaftServerConfigKeys (ConfUtils.java:logGet(46)) - raft.server.snapshot.auto.trigger.threshold = 400000 (default)
2023-01-06 14:00:03,315 [om1-impl-thread1] INFO  server.RaftServerConfigKeys (ConfUtils.java:logGet(46)) - raft.server.snapshot.retention.file.num = -1 (default)
2023-01-06 14:00:03,316 [om1-impl-thread1] INFO  server.RaftServerConfigKeys (ConfUtils.java:logGet(46)) - raft.server.log.purge.upto.snapshot.index = true (custom)
2023-01-06 14:00:03,318 [om1@group-C5BA1605619E-FollowerState] INFO  server.RaftServerConfigKeys (ConfUtils.java:logFallback(53)) - raft.server.rpc.first-election.timeout.min = 1s (fallback to raft.server.rpc.timeout.min)
2023-01-06 14:00:03,318 [om1@group-C5BA1605619E-FollowerState] INFO  server.RaftServerConfigKeys (ConfUtils.java:logFallback(53)) - raft.server.rpc.first-election.timeout.max = 1200ms (fallback to raft.server.rpc.timeout.max)
2023-01-06 14:00:03,320 [Listener at 127.0.0.1/40279] INFO  server.RaftServer (RaftServerProxy.java:startImpl(393)) - om1: start RPC server
2023-01-06 14:00:03,336 [Listener at 127.0.0.1/40279] INFO  server.GrpcService (GrpcService.java:startImpl(262)) - om1: GrpcService started, listening on 9872
2023-01-06 14:00:03,341 [Listener at 127.0.0.1/40279] INFO  om.OzoneManager (OzoneManager.java:start(1504)) - Version File has different layout version (3) than OM DB (null). That is expected if this OM has never been finalized to a newer layout version.
2023-01-06 14:00:03,342 [JvmPauseMonitor0] INFO  util.JvmPauseMonitor (JvmPauseMonitor.java:run(105)) - JvmPauseMonitor-om1: Started
2023-01-06 14:00:03,360 [Listener at 127.0.0.1/40279] INFO  http.BaseHttpServer (BaseHttpServer.java:newHttpServer2BuilderForOzone(213)) - Starting Web-server for ozoneManager at: http://0.0.0.0:0
2023-01-06 14:00:03,360 [Listener at 127.0.0.1/40279] INFO  http.BaseHttpServer (BaseHttpServer.java:<init>(108)) - Hadoop Security Enabled: false Ozone Security Enabled: false Ozone HTTP Security Enabled: false 
2023-01-06 14:00:03,361 [Listener at 127.0.0.1/40279] WARN  server.AuthenticationFilter (AuthenticationFilter.java:constructSecretProvider(240)) - Unable to initialize FileSignerSecretProvider, falling back to use random secrets. Reason: Could not read signature secret file: /home/runner/hadoop-http-auth-signature-secret
2023-01-06 14:00:03,364 [Listener at 127.0.0.1/40279] WARN  http.HttpRequestLog (HttpRequestLog.java:getRequestLog(103)) - Jetty request log can only be enabled using Log4j
2023-01-06 14:00:03,367 [Listener at 127.0.0.1/40279] INFO  http.HttpServer2 (HttpServer2.java:addGlobalFilter(1031)) - Added global filter 'safety' (class=org.apache.hadoop.hdds.server.http.HttpServer2$QuotingInputFilter)
2023-01-06 14:00:03,367 [Listener at 127.0.0.1/40279] INFO  http.HttpServer2 (HttpServer2.java:addFilter(1007)) - Added filter static_user_filter (class=org.apache.hadoop.http.lib.StaticUserWebFilter$StaticUserFilter) to context ozoneManager
2023-01-06 14:00:03,368 [Listener at 127.0.0.1/40279] INFO  http.HttpServer2 (HttpServer2.java:addFilter(1015)) - Added filter static_user_filter (class=org.apache.hadoop.http.lib.StaticUserWebFilter$StaticUserFilter) to context logs
2023-01-06 14:00:03,368 [Listener at 127.0.0.1/40279] INFO  http.HttpServer2 (HttpServer2.java:addFilter(1015)) - Added filter static_user_filter (class=org.apache.hadoop.http.lib.StaticUserWebFilter$StaticUserFilter) to context static
2023-01-06 14:00:03,371 [Listener at 127.0.0.1/40279] INFO  http.HttpServer2 (HttpServer2.java:bindListener(1250)) - Jetty bound to port 37135
2023-01-06 14:00:03,371 [Listener at 127.0.0.1/40279] INFO  server.Server (Server.java:doStart(375)) - jetty-9.4.49.v20220914; built: 2022-09-14T01:07:36.601Z; git: 4231a3b2e4cb8548a412a789936d640a97b1aa0a; jvm 1.8.0_352-b08
2023-01-06 14:00:03,373 [Listener at 127.0.0.1/40279] INFO  server.session (DefaultSessionIdManager.java:doStart(334)) - DefaultSessionIdManager workerName=node0
2023-01-06 14:00:03,373 [Listener at 127.0.0.1/40279] INFO  server.session (DefaultSessionIdManager.java:doStart(339)) - No SessionScavenger set, using defaults
2023-01-06 14:00:03,373 [Listener at 127.0.0.1/40279] INFO  server.session (HouseKeeper.java:startScavenging(132)) - node0 Scavenging every 600000ms
2023-01-06 14:00:03,374 [Listener at 127.0.0.1/40279] INFO  handler.ContextHandler (ContextHandler.java:doStart(921)) - Started o.e.j.s.ServletContextHandler@cdeb5f5{logs,/logs,file:///home/runner/work/ozone/ozone/hadoop-ozone/integration-test/target/log,AVAILABLE}
2023-01-06 14:00:03,374 [Listener at 127.0.0.1/40279] INFO  handler.ContextHandler (ContextHandler.java:doStart(921)) - Started o.e.j.s.ServletContextHandler@3046057a{static,/static,file:///home/runner/work/ozone/ozone/hadoop-ozone/integration-test/target/test-classes/webapps/static,AVAILABLE}
2023-01-06 14:00:03,379 [Listener at 127.0.0.1/40279] INFO  handler.ContextHandler (ContextHandler.java:doStart(921)) - Started o.e.j.w.WebAppContext@3bcb8460{ozoneManager,/,file:///home/runner/work/ozone/ozone/hadoop-ozone/integration-test/target/test-classes/webapps/ozoneManager/,AVAILABLE}{file:/home/runner/work/ozone/ozone/hadoop-ozone/integration-test/target/test-classes/webapps/ozoneManager}
2023-01-06 14:00:03,380 [Listener at 127.0.0.1/40279] INFO  server.AbstractConnector (AbstractConnector.java:doStart(333)) - Started ServerConnector@6001e643{HTTP/1.1, (http/1.1)}{0.0.0.0:37135}
2023-01-06 14:00:03,380 [Listener at 127.0.0.1/40279] INFO  server.Server (Server.java:doStart(415)) - Started @6554ms
2023-01-06 14:00:03,380 [Listener at 127.0.0.1/40279] WARN  impl.MetricsSystemImpl (MetricsSystemImpl.java:register(279)) - Sink prometheus already exists!
2023-01-06 14:00:03,381 [Listener at 127.0.0.1/40279] INFO  http.BaseHttpServer (BaseHttpServer.java:updateConnectorAddress(333)) - HTTP server of ozoneManager listening at http://0.0.0.0:37135
2023-01-06 14:00:03,381 [IPC Server Responder] INFO  ipc.Server (Server.java:run(1512)) - IPC Server Responder: starting
2023-01-06 14:00:03,381 [IPC Server listener on 0] INFO  ipc.Server (Server.java:run(1352)) - IPC Server listener on 0: starting
2023-01-06 14:00:03,383 [Listener at 127.0.0.1/40279] INFO  om.OzoneManager (OzoneManager.java:startTrashEmptier(1925)) - Trash Interval set to 0. Files deleted won't move to trash
2023-01-06 14:00:03,387 [org.apache.hadoop.util.JvmPauseMonitor$Monitor@57f28893] INFO  util.JvmPauseMonitor (JvmPauseMonitor.java:run(188)) - Starting JVM pause monitor
2023-01-06 14:00:03,525 [Listener at 127.0.0.1/40279] WARN  impl.MetricRegistriesImpl (MetricRegistriesImpl.java:addReporterRegistration(111)) - New reporters are added after registries were created. Some metrics will be missing from the reporter. Please add reporter before adding any new registry.
2023-01-06 14:00:03,526 [Listener at 127.0.0.1/40279] WARN  impl.MetricRegistriesImpl (MetricRegistriesImpl.java:addReporterRegistration(111)) - New reporters are added after registries were created. Some metrics will be missing from the reporter. Please add reporter before adding any new registry.
2023-01-06 14:00:03,526 [Listener at 127.0.0.1/40279] INFO  impl.MetricsSystemImpl (MetricsSystemImpl.java:init(158)) - HddsDatanode metrics system started (again)
2023-01-06 14:00:03,543 [Listener at 127.0.0.1/40279] INFO  ozone.HddsDatanodeService (HddsDatanodeService.java:start(228)) - HddsDatanodeService host:fv-az28-147.ycjfjujedjyu5lezsnvlijijec.cx.internal.cloudapp.net ip:10.1.0.26
2023-01-06 14:00:03,572 [Listener at 127.0.0.1/40279] INFO  upgrade.AbstractLayoutVersionManager (AbstractLayoutVersionManager.java:init(83)) - Initializing Layout version manager with metadata layout = DATANODE_SCHEMA_V3 (version = 4), software layout = DATANODE_SCHEMA_V3 (version = 4)
2023-01-06 14:00:03,632 [Listener at 127.0.0.1/40279] INFO  reflections.Reflections (Reflections.java:scan(232)) - Reflections took 56 ms to scan 7 urls, producing 146 keys and 350 values 
2023-01-06 14:00:03,637 [Listener at 127.0.0.1/40279] INFO  statemachine.DatanodeStateMachine (DatanodeStateMachine.java:getEndPointTaskThreadPoolSize(248)) - Datanode State Machine Task Thread Pool size 2
2023-01-06 14:00:03,692 [Listener at 127.0.0.1/40279] INFO  volume.HddsVolume (HddsVolume.java:<init>(117)) - Creating HddsVolume: /home/runner/work/ozone/ozone/hadoop-ozone/integration-test/target/test-dir/MiniOzoneClusterImpl-2de58cfc-ec7c-41ac-af7d-ad40b55ccb4e/datanode-0/data-0/containers/hdds of storage type : DISK capacity : 9223372036854775807
2023-01-06 14:00:03,694 [Listener at 127.0.0.1/40279] INFO  volume.MutableVolumeSet (MutableVolumeSet.java:initializeVolumeSet(174)) - Added Volume : /home/runner/work/ozone/ozone/hadoop-ozone/integration-test/target/test-dir/MiniOzoneClusterImpl-2de58cfc-ec7c-41ac-af7d-ad40b55ccb4e/datanode-0/data-0/containers/hdds to VolumeSet
2023-01-06 14:00:03,695 [Listener at 127.0.0.1/40279] INFO  volume.ThrottledAsyncChecker (ThrottledAsyncChecker.java:schedule(141)) - Scheduling a check for /home/runner/work/ozone/ozone/hadoop-ozone/integration-test/target/test-dir/MiniOzoneClusterImpl-2de58cfc-ec7c-41ac-af7d-ad40b55ccb4e/datanode-0/data-0/containers/hdds
2023-01-06 14:00:03,714 [Listener at 127.0.0.1/40279] INFO  volume.StorageVolumeChecker (StorageVolumeChecker.java:checkAllVolumes(202)) - Scheduled health check for volume /home/runner/work/ozone/ozone/hadoop-ozone/integration-test/target/test-dir/MiniOzoneClusterImpl-2de58cfc-ec7c-41ac-af7d-ad40b55ccb4e/datanode-0/data-0/containers/hdds
2023-01-06 14:00:03,737 [Listener at 127.0.0.1/40279] INFO  volume.MutableVolumeSet (MutableVolumeSet.java:initializeVolumeSet(174)) - Added Volume : /home/runner/work/ozone/ozone/hadoop-ozone/integration-test/target/test-dir/MiniOzoneClusterImpl-2de58cfc-ec7c-41ac-af7d-ad40b55ccb4e/datanode-0/data/ratis to VolumeSet
2023-01-06 14:00:03,737 [Listener at 127.0.0.1/40279] INFO  volume.ThrottledAsyncChecker (ThrottledAsyncChecker.java:schedule(141)) - Scheduling a check for /home/runner/work/ozone/ozone/hadoop-ozone/integration-test/target/test-dir/MiniOzoneClusterImpl-2de58cfc-ec7c-41ac-af7d-ad40b55ccb4e/datanode-0/data/ratis
2023-01-06 14:00:03,738 [Listener at 127.0.0.1/40279] INFO  volume.StorageVolumeChecker (StorageVolumeChecker.java:checkAllVolumes(202)) - Scheduled health check for volume /home/runner/work/ozone/ozone/hadoop-ozone/integration-test/target/test-dir/MiniOzoneClusterImpl-2de58cfc-ec7c-41ac-af7d-ad40b55ccb4e/datanode-0/data/ratis
2023-01-06 14:00:03,765 [Thread-136] INFO  ozoneimpl.ContainerReader (ContainerReader.java:readVolume(175)) - Finish verifying containers on volume /home/runner/work/ozone/ozone/hadoop-ozone/integration-test/target/test-dir/MiniOzoneClusterImpl-2de58cfc-ec7c-41ac-af7d-ad40b55ccb4e/datanode-0/data-0/containers/hdds
2023-01-06 14:00:03,765 [Listener at 127.0.0.1/40279] INFO  ozoneimpl.OzoneContainer (OzoneContainer.java:buildContainerSet(301)) - Build ContainerSet costs 0s
2023-01-06 14:00:03,816 [Listener at 127.0.0.1/40279] INFO  audit.AuditLogger (AuditLogger.java:refreshDebugCmdSet(126)) - Refresh DebugCmdSet for DNAudit to [].
2023-01-06 14:00:03,841 [Listener at 127.0.0.1/40279] INFO  server.RaftServer (ConfUtils.java:logGet(46)) - raft.rpc.type = GRPC (default)
2023-01-06 14:00:03,841 [Listener at 127.0.0.1/40279] INFO  grpc.GrpcConfigKeys (ConfUtils.java:logFallback(53)) - raft.grpc.admin.host = null (fallback to raft.grpc.server.host)
2023-01-06 14:00:03,841 [Listener at 127.0.0.1/40279] INFO  grpc.GrpcConfigKeys (ConfUtils.java:logGet(46)) - raft.grpc.admin.port = 0 (custom)
2023-01-06 14:00:03,842 [Listener at 127.0.0.1/40279] INFO  grpc.GrpcConfigKeys (ConfUtils.java:logFallback(53)) - raft.grpc.client.host = null (fallback to raft.grpc.server.host)
2023-01-06 14:00:03,842 [Listener at 127.0.0.1/40279] INFO  grpc.GrpcConfigKeys (ConfUtils.java:logGet(46)) - raft.grpc.client.port = 0 (custom)
2023-01-06 14:00:03,842 [Listener at 127.0.0.1/40279] INFO  grpc.GrpcConfigKeys (ConfUtils.java:logGet(46)) - raft.grpc.server.host = null (default)
2023-01-06 14:00:03,842 [Listener at 127.0.0.1/40279] INFO  grpc.GrpcConfigKeys (ConfUtils.java:logGet(46)) - raft.grpc.server.port = 0 (default)
2023-01-06 14:00:03,842 [Listener at 127.0.0.1/40279] INFO  server.GrpcService (ConfUtils.java:logGet(46)) - raft.grpc.message.size.max = 32MB (=33554432) (custom)
2023-01-06 14:00:03,842 [Listener at 127.0.0.1/40279] INFO  server.RaftServerConfigKeys (ConfUtils.java:logGet(46)) - raft.server.log.appender.buffer.byte-limit = 33554432 (custom)
2023-01-06 14:00:03,842 [Listener at 127.0.0.1/40279] INFO  server.GrpcService (ConfUtils.java:logGet(46)) - raft.grpc.flow.control.window = 5MB (=5242880) (custom)
2023-01-06 14:00:03,842 [Listener at 127.0.0.1/40279] INFO  server.RaftServerConfigKeys (ConfUtils.java:logGet(46)) - raft.server.rpc.request.timeout = 60s (custom)
2023-01-06 14:00:03,843 [Listener at 127.0.0.1/40279] INFO  grpc.GrpcConfigKeys (ConfUtils.java:logGet(46)) - raft.grpc.server.heartbeat.channel = true (default)
2023-01-06 14:00:03,843 [Listener at 127.0.0.1/40279] INFO  grpc.GrpcConfigKeys (ConfUtils.java:logGet(46)) - raft.grpc.server.async.request.thread.pool.cached = true (default)
2023-01-06 14:00:03,843 [Listener at 127.0.0.1/40279] INFO  grpc.GrpcConfigKeys (ConfUtils.java:logGet(46)) - raft.grpc.server.async.request.thread.pool.size = 32 (default)
2023-01-06 14:00:03,844 [Listener at 127.0.0.1/40279] INFO  impl.DataStreamServerImpl (ConfUtils.java:logGet(46)) - raft.datastream.type = NETTY (custom)
2023-01-06 14:00:03,844 [Listener at 127.0.0.1/40279] INFO  server.RaftServerConfigKeys (ConfUtils.java:logGet(46)) - raft.server.data-stream.async.request.thread.pool.cached = false (default)
2023-01-06 14:00:03,844 [Listener at 127.0.0.1/40279] INFO  server.RaftServerConfigKeys (ConfUtils.java:logGet(46)) - raft.server.data-stream.async.request.thread.pool.size = 20 (custom)
2023-01-06 14:00:03,844 [Listener at 127.0.0.1/40279] INFO  server.RaftServerConfigKeys (ConfUtils.java:logGet(46)) - raft.server.data-stream.async.write.thread.pool.size = 16 (default)
2023-01-06 14:00:03,844 [Listener at 127.0.0.1/40279] INFO  server.RaftServerConfigKeys (ConfUtils.java:logGet(46)) - raft.server.data-stream.client.pool.size = 10 (default)
2023-01-06 14:00:03,845 [Listener at 127.0.0.1/40279] INFO  netty.NettyConfigKeys$DataStream (ConfUtils.java:logGet(46)) - raft.netty.dataStream.server.use-epoll = false (default)
2023-01-06 14:00:03,845 [Listener at 127.0.0.1/40279] INFO  netty.NettyConfigKeys$DataStream (ConfUtils.java:logGet(46)) - raft.netty.dataStream.server.boss-group.size = 0 (default)
2023-01-06 14:00:03,845 [Listener at 127.0.0.1/40279] INFO  netty.NettyConfigKeys$DataStream (ConfUtils.java:logGet(46)) - raft.netty.dataStream.server.worker-group.size = 0 (default)
2023-01-06 14:00:03,861 [Listener at 127.0.0.1/40279] INFO  netty.NettyConfigKeys$DataStream (ConfUtils.java:logGet(46)) - raft.netty.dataStream.server.tls.conf = null (default)
2023-01-06 14:00:03,861 [Listener at 127.0.0.1/40279] INFO  netty.NettyConfigKeys$DataStream (ConfUtils.java:logGet(46)) - raft.netty.dataStream.host = null (default)
2023-01-06 14:00:03,861 [Listener at 127.0.0.1/40279] INFO  netty.NettyConfigKeys$DataStream (ConfUtils.java:logGet(46)) - raft.netty.dataStream.port = 0 (default)
2023-01-06 14:00:03,861 [Listener at 127.0.0.1/40279] INFO  server.RaftServerConfigKeys (ConfUtils.java:logGet(46)) - raft.server.threadpool.proxy.cached = true (default)
2023-01-06 14:00:03,861 [Listener at 127.0.0.1/40279] INFO  server.RaftServerConfigKeys (ConfUtils.java:logGet(46)) - raft.server.threadpool.proxy.size = 0 (default)
2023-01-06 14:00:03,861 [Listener at 127.0.0.1/40279] INFO  server.RaftServerConfigKeys (ConfUtils.java:logGet(46)) - raft.server.rpc.slowness.timeout = 300s (custom)
2023-01-06 14:00:03,862 [Listener at 127.0.0.1/40279] INFO  server.RaftServerConfigKeys (ConfUtils.java:logGet(46)) - raft.server.leaderelection.leader.step-down.wait-time = 10s (default)
2023-01-06 14:00:03,862 [Listener at 127.0.0.1/40279] INFO  server.RaftServerConfigKeys (ConfUtils.java:logGet(46)) - raft.server.storage.dir = [/home/runner/work/ozone/ozone/hadoop-ozone/integration-test/target/test-dir/MiniOzoneClusterImpl-2de58cfc-ec7c-41ac-af7d-ad40b55ccb4e/datanode-0/data/ratis] (custom)
2023-01-06 14:00:03,866 [fe41025e-da51-4673-994d-25a17fd926d9-NettyServerStreamRpc-bossGroup--thread1] INFO  logging.LoggingHandler (AbstractInternalLogger.java:log(148)) - [id: 0x45b03894] REGISTERED
2023-01-06 14:00:03,870 [fe41025e-da51-4673-994d-25a17fd926d9-NettyServerStreamRpc-bossGroup--thread1] INFO  logging.LoggingHandler (AbstractInternalLogger.java:log(148)) - [id: 0x45b03894] BIND: 0.0.0.0/0.0.0.0:0
2023-01-06 14:00:03,870 [fe41025e-da51-4673-994d-25a17fd926d9-NettyServerStreamRpc-bossGroup--thread1] INFO  logging.LoggingHandler (AbstractInternalLogger.java:log(148)) - [id: 0x45b03894, L:/0:0:0:0:0:0:0:0:38003] ACTIVE
2023-01-06 14:00:03,883 [Listener at 127.0.0.1/40279] INFO  server.XceiverServerGrpc (XceiverServerGrpc.java:<init>(132)) - GrpcServer channel type EpollServerSocketChannel
2023-01-06 14:00:03,941 [Listener at 127.0.0.1/40279] INFO  http.BaseHttpServer (BaseHttpServer.java:newHttpServer2BuilderForOzone(213)) - Starting Web-server for hddsDatanode at: http://0.0.0.0:0
2023-01-06 14:00:03,941 [Listener at 127.0.0.1/40279] INFO  http.BaseHttpServer (BaseHttpServer.java:<init>(108)) - Hadoop Security Enabled: false Ozone Security Enabled: false Ozone HTTP Security Enabled: false 
2023-01-06 14:00:03,943 [Listener at 127.0.0.1/40279] WARN  server.AuthenticationFilter (AuthenticationFilter.java:constructSecretProvider(240)) - Unable to initialize FileSignerSecretProvider, falling back to use random secrets. Reason: Could not read signature secret file: /home/runner/hadoop-http-auth-signature-secret
2023-01-06 14:00:03,943 [Listener at 127.0.0.1/40279] WARN  http.HttpRequestLog (HttpRequestLog.java:getRequestLog(103)) - Jetty request log can only be enabled using Log4j
2023-01-06 14:00:03,945 [Listener at 127.0.0.1/40279] INFO  http.HttpServer2 (HttpServer2.java:addGlobalFilter(1031)) - Added global filter 'safety' (class=org.apache.hadoop.hdds.server.http.HttpServer2$QuotingInputFilter)
2023-01-06 14:00:03,946 [Listener at 127.0.0.1/40279] INFO  http.HttpServer2 (HttpServer2.java:addFilter(1007)) - Added filter static_user_filter (class=org.apache.hadoop.http.lib.StaticUserWebFilter$StaticUserFilter) to context hddsDatanode
2023-01-06 14:00:03,946 [Listener at 127.0.0.1/40279] INFO  http.HttpServer2 (HttpServer2.java:addFilter(1015)) - Added filter static_user_filter (class=org.apache.hadoop.http.lib.StaticUserWebFilter$StaticUserFilter) to context logs
2023-01-06 14:00:03,946 [Listener at 127.0.0.1/40279] INFO  http.HttpServer2 (HttpServer2.java:addFilter(1015)) - Added filter static_user_filter (class=org.apache.hadoop.http.lib.StaticUserWebFilter$StaticUserFilter) to context static
2023-01-06 14:00:03,947 [Listener at 127.0.0.1/40279] INFO  http.HttpServer2 (HttpServer2.java:bindListener(1250)) - Jetty bound to port 38129
2023-01-06 14:00:03,947 [Listener at 127.0.0.1/40279] INFO  server.Server (Server.java:doStart(375)) - jetty-9.4.49.v20220914; built: 2022-09-14T01:07:36.601Z; git: 4231a3b2e4cb8548a412a789936d640a97b1aa0a; jvm 1.8.0_352-b08
2023-01-06 14:00:03,953 [Listener at 127.0.0.1/40279] INFO  server.session (DefaultSessionIdManager.java:doStart(334)) - DefaultSessionIdManager workerName=node0
2023-01-06 14:00:03,953 [Listener at 127.0.0.1/40279] INFO  server.session (DefaultSessionIdManager.java:doStart(339)) - No SessionScavenger set, using defaults
2023-01-06 14:00:03,953 [Listener at 127.0.0.1/40279] INFO  server.session (HouseKeeper.java:startScavenging(132)) - node0 Scavenging every 600000ms
2023-01-06 14:00:03,954 [Listener at 127.0.0.1/40279] INFO  handler.ContextHandler (ContextHandler.java:doStart(921)) - Started o.e.j.s.ServletContextHandler@4d4b0c5e{logs,/logs,file:///home/runner/work/ozone/ozone/hadoop-ozone/integration-test/target/log,AVAILABLE}
2023-01-06 14:00:03,954 [Listener at 127.0.0.1/40279] INFO  handler.ContextHandler (ContextHandler.java:doStart(921)) - Started o.e.j.s.ServletContextHandler@4aa39a18{static,/static,jar:file:/home/runner/.m2/repository/org/apache/ozone/hdds-container-service/1.4.0-SNAPSHOT/hdds-container-service-1.4.0-SNAPSHOT.jar!/webapps/static,AVAILABLE}
2023-01-06 14:00:04,149 [Listener at 127.0.0.1/40279] INFO  handler.ContextHandler (ContextHandler.java:doStart(921)) - Started o.e.j.w.WebAppContext@3e971bd5{hddsDatanode,/,file:///tmp/jetty-0_0_0_0-38129-hdds-container-service-1_4_0-SNAPSHOT_jar-_-any-5719580416398608422/webapp/,AVAILABLE}{jar:file:/home/runner/.m2/repository/org/apache/ozone/hdds-container-service/1.4.0-SNAPSHOT/hdds-container-service-1.4.0-SNAPSHOT.jar!/webapps/hddsDatanode}
2023-01-06 14:00:04,150 [Listener at 127.0.0.1/40279] INFO  server.AbstractConnector (AbstractConnector.java:doStart(333)) - Started ServerConnector@4bb6d2ea{HTTP/1.1, (http/1.1)}{0.0.0.0:38129}
2023-01-06 14:00:04,151 [Listener at 127.0.0.1/40279] INFO  server.Server (Server.java:doStart(415)) - Started @7325ms
2023-01-06 14:00:04,151 [Listener at 127.0.0.1/40279] WARN  impl.MetricsSystemImpl (MetricsSystemImpl.java:register(279)) - Sink prometheus already exists!
2023-01-06 14:00:04,151 [Listener at 127.0.0.1/40279] INFO  http.BaseHttpServer (BaseHttpServer.java:updateConnectorAddress(333)) - HTTP server of hddsDatanode listening at http://0.0.0.0:38129
2023-01-06 14:00:04,152 [Listener at 127.0.0.1/40279] WARN  impl.MetricRegistriesImpl (MetricRegistriesImpl.java:addReporterRegistration(111)) - New reporters are added after registries were created. Some metrics will be missing from the reporter. Please add reporter before adding any new registry.
2023-01-06 14:00:04,153 [Listener at 127.0.0.1/40279] WARN  impl.MetricRegistriesImpl (MetricRegistriesImpl.java:addReporterRegistration(111)) - New reporters are added after registries were created. Some metrics will be missing from the reporter. Please add reporter before adding any new registry.
2023-01-06 14:00:04,153 [Listener at 127.0.0.1/40279] INFO  impl.MetricsSystemImpl (MetricsSystemImpl.java:init(158)) - HddsDatanode metrics system started (again)
2023-01-06 14:00:04,160 [Datanode State Machine Daemon Thread] INFO  statemachine.DatanodeStateMachine (DatanodeStateMachine.java:lambda$startDaemon$0(508)) - Ozone container server started.
2023-01-06 14:00:04,175 [org.apache.hadoop.util.JvmPauseMonitor$Monitor@634cbfe3] INFO  util.JvmPauseMonitor (JvmPauseMonitor.java:run(188)) - Starting JVM pause monitor
2023-01-06 14:00:04,176 [Listener at 127.0.0.1/40279] INFO  ozone.HddsDatanodeService (HddsDatanodeService.java:start(228)) - HddsDatanodeService host:fv-az28-147.ycjfjujedjyu5lezsnvlijijec.cx.internal.cloudapp.net ip:10.1.0.26
2023-01-06 14:00:04,207 [Listener at 127.0.0.1/40279] INFO  upgrade.AbstractLayoutVersionManager (AbstractLayoutVersionManager.java:init(83)) - Initializing Layout version manager with metadata layout = DATANODE_SCHEMA_V3 (version = 4), software layout = DATANODE_SCHEMA_V3 (version = 4)
2023-01-06 14:00:04,351 [Listener at 127.0.0.1/40279] INFO  reflections.Reflections (Reflections.java:scan(232)) - Reflections took 143 ms to scan 7 urls, producing 146 keys and 350 values 
2023-01-06 14:00:04,361 [Listener at 127.0.0.1/40279] INFO  statemachine.DatanodeStateMachine (DatanodeStateMachine.java:getEndPointTaskThreadPoolSize(248)) - Datanode State Machine Task Thread Pool size 2
2023-01-06 14:00:04,367 [Listener at 127.0.0.1/40279] INFO  volume.HddsVolume (HddsVolume.java:<init>(117)) - Creating HddsVolume: /home/runner/work/ozone/ozone/hadoop-ozone/integration-test/target/test-dir/MiniOzoneClusterImpl-2de58cfc-ec7c-41ac-af7d-ad40b55ccb4e/datanode-1/data-0/containers/hdds of storage type : DISK capacity : 9223372036854775807
2023-01-06 14:00:04,367 [Listener at 127.0.0.1/40279] INFO  volume.MutableVolumeSet (MutableVolumeSet.java:initializeVolumeSet(174)) - Added Volume : /home/runner/work/ozone/ozone/hadoop-ozone/integration-test/target/test-dir/MiniOzoneClusterImpl-2de58cfc-ec7c-41ac-af7d-ad40b55ccb4e/datanode-1/data-0/containers/hdds to VolumeSet
2023-01-06 14:00:04,367 [Listener at 127.0.0.1/40279] INFO  volume.ThrottledAsyncChecker (ThrottledAsyncChecker.java:schedule(141)) - Scheduling a check for /home/runner/work/ozone/ozone/hadoop-ozone/integration-test/target/test-dir/MiniOzoneClusterImpl-2de58cfc-ec7c-41ac-af7d-ad40b55ccb4e/datanode-1/data-0/containers/hdds
2023-01-06 14:00:04,373 [Datanode State Machine Task Thread - 0] INFO  datanode.InitDatanodeState (InitDatanodeState.java:persistContainerDatanodeDetails(138)) - DatanodeDetails is persisted to /home/runner/work/ozone/ozone/hadoop-ozone/integration-test/target/test-dir/MiniOzoneClusterImpl-2de58cfc-ec7c-41ac-af7d-ad40b55ccb4e/datanode-0/meta/datanode.id
2023-01-06 14:00:04,373 [Listener at 127.0.0.1/40279] INFO  volume.StorageVolumeChecker (StorageVolumeChecker.java:checkAllVolumes(202)) - Scheduled health check for volume /home/runner/work/ozone/ozone/hadoop-ozone/integration-test/target/test-dir/MiniOzoneClusterImpl-2de58cfc-ec7c-41ac-af7d-ad40b55ccb4e/datanode-1/data-0/containers/hdds
2023-01-06 14:00:04,375 [om1@group-C5BA1605619E-FollowerState] INFO  impl.FollowerState (FollowerState.java:run(143)) - om1@group-C5BA1605619E-FollowerState: change to CANDIDATE, lastRpcElapsedTime:1063927385ns, electionTimeout:1056ms
2023-01-06 14:00:04,376 [om1@group-C5BA1605619E-FollowerState] INFO  impl.RoleInfo (RoleInfo.java:shutdownFollowerState(110)) - om1: shutdown om1@group-C5BA1605619E-FollowerState
2023-01-06 14:00:04,377 [om1@group-C5BA1605619E-FollowerState] INFO  server.RaftServer$Division (RaftServerImpl.java:setRole(321)) - om1@group-C5BA1605619E: changes role from  FOLLOWER to CANDIDATE at term 0 for changeToCandidate
2023-01-06 14:00:04,379 [om1@group-C5BA1605619E-FollowerState] INFO  server.RaftServerConfigKeys (ConfUtils.java:logGet(46)) - raft.server.leaderelection.pre-vote = false (custom)
2023-01-06 14:00:04,379 [om1@group-C5BA1605619E-FollowerState] INFO  impl.RoleInfo (RoleInfo.java:updateAndGet(139)) - om1: start om1@group-C5BA1605619E-LeaderElection1
2023-01-06 14:00:04,391 [Listener at 127.0.0.1/40279] INFO  volume.MutableVolumeSet (MutableVolumeSet.java:initializeVolumeSet(174)) - Added Volume : /home/runner/work/ozone/ozone/hadoop-ozone/integration-test/target/test-dir/MiniOzoneClusterImpl-2de58cfc-ec7c-41ac-af7d-ad40b55ccb4e/datanode-1/data/ratis to VolumeSet
2023-01-06 14:00:04,391 [Listener at 127.0.0.1/40279] INFO  volume.ThrottledAsyncChecker (ThrottledAsyncChecker.java:schedule(141)) - Scheduling a check for /home/runner/work/ozone/ozone/hadoop-ozone/integration-test/target/test-dir/MiniOzoneClusterImpl-2de58cfc-ec7c-41ac-af7d-ad40b55ccb4e/datanode-1/data/ratis
2023-01-06 14:00:04,392 [Listener at 127.0.0.1/40279] INFO  volume.StorageVolumeChecker (StorageVolumeChecker.java:checkAllVolumes(202)) - Scheduled health check for volume /home/runner/work/ozone/ozone/hadoop-ozone/integration-test/target/test-dir/MiniOzoneClusterImpl-2de58cfc-ec7c-41ac-af7d-ad40b55ccb4e/datanode-1/data/ratis
2023-01-06 14:00:04,393 [om1@group-C5BA1605619E-LeaderElection1] INFO  impl.LeaderElection (LeaderElection.java:askForVotes(312)) - om1@group-C5BA1605619E-LeaderElection1 ELECTION round 0: submit vote requests at term 1 for -1: peers:[om1|rpc:localhost:9872|priority:0|startupRole:FOLLOWER]|listeners:[], old=null
2023-01-06 14:00:04,394 [om1@group-C5BA1605619E-LeaderElection1] INFO  impl.LeaderElection (LeaderElection.java:askForVotes(314)) - om1@group-C5BA1605619E-LeaderElection1 ELECTION round 0: result PASSED (term=1)
2023-01-06 14:00:04,394 [om1@group-C5BA1605619E-LeaderElection1] INFO  impl.RoleInfo (RoleInfo.java:shutdownLeaderElection(130)) - om1: shutdown om1@group-C5BA1605619E-LeaderElection1
2023-01-06 14:00:04,395 [om1@group-C5BA1605619E-LeaderElection1] INFO  server.RaftServer$Division (RaftServerImpl.java:setRole(321)) - om1@group-C5BA1605619E: changes role from CANDIDATE to LEADER at term 1 for changeToLeader
2023-01-06 14:00:04,396 [om1@group-C5BA1605619E-LeaderElection1] INFO  server.RaftServer$Division (ServerState.java:setLeader(313)) - om1@group-C5BA1605619E: change Leader from null to om1 at term 1 for becomeLeader, leader elected after 1991ms
2023-01-06 14:00:04,402 [Thread-151] INFO  ozoneimpl.ContainerReader (ContainerReader.java:readVolume(175)) - Finish verifying containers on volume /home/runner/work/ozone/ozone/hadoop-ozone/integration-test/target/test-dir/MiniOzoneClusterImpl-2de58cfc-ec7c-41ac-af7d-ad40b55ccb4e/datanode-1/data-0/containers/hdds
2023-01-06 14:00:04,403 [Listener at 127.0.0.1/40279] INFO  ozoneimpl.OzoneContainer (OzoneContainer.java:buildContainerSet(301)) - Build ContainerSet costs 0s
2023-01-06 14:00:04,406 [Listener at 127.0.0.1/40279] INFO  server.RaftServer (ConfUtils.java:logGet(46)) - raft.rpc.type = GRPC (default)
2023-01-06 14:00:04,406 [Listener at 127.0.0.1/40279] INFO  grpc.GrpcConfigKeys (ConfUtils.java:logFallback(53)) - raft.grpc.admin.host = null (fallback to raft.grpc.server.host)
2023-01-06 14:00:04,406 [Listener at 127.0.0.1/40279] INFO  grpc.GrpcConfigKeys (ConfUtils.java:logGet(46)) - raft.grpc.admin.port = 0 (custom)
2023-01-06 14:00:04,406 [Listener at 127.0.0.1/40279] INFO  grpc.GrpcConfigKeys (ConfUtils.java:logFallback(53)) - raft.grpc.client.host = null (fallback to raft.grpc.server.host)
2023-01-06 14:00:04,407 [Listener at 127.0.0.1/40279] INFO  grpc.GrpcConfigKeys (ConfUtils.java:logGet(46)) - raft.grpc.client.port = 0 (custom)
2023-01-06 14:00:04,407 [Listener at 127.0.0.1/40279] INFO  grpc.GrpcConfigKeys (ConfUtils.java:logGet(46)) - raft.grpc.server.host = null (default)
2023-01-06 14:00:04,407 [Listener at 127.0.0.1/40279] INFO  grpc.GrpcConfigKeys (ConfUtils.java:logGet(46)) - raft.grpc.server.port = 0 (default)
2023-01-06 14:00:04,407 [Listener at 127.0.0.1/40279] INFO  server.GrpcService (ConfUtils.java:logGet(46)) - raft.grpc.message.size.max = 32MB (=33554432) (custom)
2023-01-06 14:00:04,407 [Listener at 127.0.0.1/40279] INFO  server.RaftServerConfigKeys (ConfUtils.java:logGet(46)) - raft.server.log.appender.buffer.byte-limit = 33554432 (custom)
2023-01-06 14:00:04,407 [Listener at 127.0.0.1/40279] INFO  server.GrpcService (ConfUtils.java:logGet(46)) - raft.grpc.flow.control.window = 5MB (=5242880) (custom)
2023-01-06 14:00:04,407 [Listener at 127.0.0.1/40279] INFO  server.RaftServerConfigKeys (ConfUtils.java:logGet(46)) - raft.server.rpc.request.timeout = 60s (custom)
2023-01-06 14:00:04,407 [Listener at 127.0.0.1/40279] INFO  grpc.GrpcConfigKeys (ConfUtils.java:logGet(46)) - raft.grpc.server.heartbeat.channel = true (default)
2023-01-06 14:00:04,407 [Listener at 127.0.0.1/40279] INFO  grpc.GrpcConfigKeys (ConfUtils.java:logGet(46)) - raft.grpc.server.async.request.thread.pool.cached = true (default)
2023-01-06 14:00:04,408 [Listener at 127.0.0.1/40279] INFO  grpc.GrpcConfigKeys (ConfUtils.java:logGet(46)) - raft.grpc.server.async.request.thread.pool.size = 32 (default)
2023-01-06 14:00:04,408 [Listener at 127.0.0.1/40279] INFO  impl.DataStreamServerImpl (ConfUtils.java:logGet(46)) - raft.datastream.type = NETTY (custom)
2023-01-06 14:00:04,411 [Listener at 127.0.0.1/40279] INFO  server.RaftServerConfigKeys (ConfUtils.java:logGet(46)) - raft.server.data-stream.async.request.thread.pool.cached = false (default)
2023-01-06 14:00:04,412 [Listener at 127.0.0.1/40279] INFO  server.RaftServerConfigKeys (ConfUtils.java:logGet(46)) - raft.server.data-stream.async.request.thread.pool.size = 20 (custom)
2023-01-06 14:00:04,412 [Listener at 127.0.0.1/40279] INFO  server.RaftServerConfigKeys (ConfUtils.java:logGet(46)) - raft.server.data-stream.async.write.thread.pool.size = 16 (default)
2023-01-06 14:00:04,412 [Listener at 127.0.0.1/40279] INFO  server.RaftServerConfigKeys (ConfUtils.java:logGet(46)) - raft.server.data-stream.client.pool.size = 10 (default)
2023-01-06 14:00:04,414 [om1@group-C5BA1605619E-LeaderElection1] INFO  server.RaftServerConfigKeys (ConfUtils.java:logGet(46)) - raft.server.staging.catchup.gap = 1000 (default)
2023-01-06 14:00:04,418 [om1@group-C5BA1605619E-LeaderElection1] INFO  server.RaftServerConfigKeys (ConfUtils.java:logGet(46)) - raft.server.write.element-limit = 4096 (default)
2023-01-06 14:00:04,418 [om1@group-C5BA1605619E-LeaderElection1] INFO  server.RaftServerConfigKeys (ConfUtils.java:logGet(46)) - raft.server.write.byte-limit = 64MB (=67108864) (default)
2023-01-06 14:00:04,424 [Listener at 127.0.0.1/40279] INFO  netty.NettyConfigKeys$DataStream (ConfUtils.java:logGet(46)) - raft.netty.dataStream.server.use-epoll = false (default)
2023-01-06 14:00:04,424 [Listener at 127.0.0.1/40279] INFO  netty.NettyConfigKeys$DataStream (ConfUtils.java:logGet(46)) - raft.netty.dataStream.server.boss-group.size = 0 (default)
2023-01-06 14:00:04,425 [Listener at 127.0.0.1/40279] INFO  netty.NettyConfigKeys$DataStream (ConfUtils.java:logGet(46)) - raft.netty.dataStream.server.worker-group.size = 0 (default)
2023-01-06 14:00:04,425 [Listener at 127.0.0.1/40279] INFO  netty.NettyConfigKeys$DataStream (ConfUtils.java:logGet(46)) - raft.netty.dataStream.server.tls.conf = null (default)
2023-01-06 14:00:04,425 [Listener at 127.0.0.1/40279] INFO  netty.NettyConfigKeys$DataStream (ConfUtils.java:logGet(46)) - raft.netty.dataStream.host = null (default)
2023-01-06 14:00:04,425 [Listener at 127.0.0.1/40279] INFO  netty.NettyConfigKeys$DataStream (ConfUtils.java:logGet(46)) - raft.netty.dataStream.port = 0 (default)
2023-01-06 14:00:04,428 [Listener at 127.0.0.1/40279] INFO  server.RaftServerConfigKeys (ConfUtils.java:logGet(46)) - raft.server.threadpool.proxy.cached = true (default)
2023-01-06 14:00:04,428 [Listener at 127.0.0.1/40279] INFO  server.RaftServerConfigKeys (ConfUtils.java:logGet(46)) - raft.server.threadpool.proxy.size = 0 (default)
2023-01-06 14:00:04,428 [Listener at 127.0.0.1/40279] INFO  server.RaftServerConfigKeys (ConfUtils.java:logGet(46)) - raft.server.rpc.slowness.timeout = 300s (custom)
2023-01-06 14:00:04,428 [Listener at 127.0.0.1/40279] INFO  server.RaftServerConfigKeys (ConfUtils.java:logGet(46)) - raft.server.leaderelection.leader.step-down.wait-time = 10s (default)
2023-01-06 14:00:04,428 [Listener at 127.0.0.1/40279] INFO  server.RaftServerConfigKeys (ConfUtils.java:logGet(46)) - raft.server.storage.dir = [/home/runner/work/ozone/ozone/hadoop-ozone/integration-test/target/test-dir/MiniOzoneClusterImpl-2de58cfc-ec7c-41ac-af7d-ad40b55ccb4e/datanode-1/data/ratis] (custom)
2023-01-06 14:00:04,429 [om1@group-C5BA1605619E-LeaderElection1] INFO  server.RaftServerConfigKeys (ConfUtils.java:logGet(46)) - raft.server.watch.timeout = 10s (default)
2023-01-06 14:00:04,429 [om1@group-C5BA1605619E-LeaderElection1] INFO  server.RaftServerConfigKeys (ConfUtils.java:logGet(46)) - raft.server.watch.timeout.denomination = 1s (default)
2023-01-06 14:00:04,430 [om1@group-C5BA1605619E-LeaderElection1] INFO  server.RaftServerConfigKeys (ConfUtils.java:logGet(46)) - raft.server.watch.element-limit = 65536 (default)
2023-01-06 14:00:04,434 [om1@group-C5BA1605619E-LeaderElection1] INFO  server.RaftServerConfigKeys (ConfUtils.java:logGet(46)) - raft.server.write.element-limit = 4096 (default)
2023-01-06 14:00:04,435 [9d2479ec-aa45-414b-9f67-598ea71ed6e7-NettyServerStreamRpc-bossGroup--thread1] INFO  logging.LoggingHandler (AbstractInternalLogger.java:log(148)) - [id: 0x94126928] REGISTERED
2023-01-06 14:00:04,435 [9d2479ec-aa45-414b-9f67-598ea71ed6e7-NettyServerStreamRpc-bossGroup--thread1] INFO  logging.LoggingHandler (AbstractInternalLogger.java:log(148)) - [id: 0x94126928] BIND: 0.0.0.0/0.0.0.0:0
2023-01-06 14:00:04,435 [9d2479ec-aa45-414b-9f67-598ea71ed6e7-NettyServerStreamRpc-bossGroup--thread1] INFO  logging.LoggingHandler (AbstractInternalLogger.java:log(148)) - [id: 0x94126928, L:/0:0:0:0:0:0:0:0:37817] ACTIVE
2023-01-06 14:00:04,438 [Listener at 127.0.0.1/40279] INFO  server.XceiverServerGrpc (XceiverServerGrpc.java:<init>(132)) - GrpcServer channel type EpollServerSocketChannel
2023-01-06 14:00:04,444 [Listener at 127.0.0.1/40279] INFO  http.BaseHttpServer (BaseHttpServer.java:newHttpServer2BuilderForOzone(213)) - Starting Web-server for hddsDatanode at: http://0.0.0.0:0
2023-01-06 14:00:04,445 [Listener at 127.0.0.1/40279] INFO  http.BaseHttpServer (BaseHttpServer.java:<init>(108)) - Hadoop Security Enabled: false Ozone Security Enabled: false Ozone HTTP Security Enabled: false 
2023-01-06 14:00:04,446 [Listener at 127.0.0.1/40279] WARN  server.AuthenticationFilter (AuthenticationFilter.java:constructSecretProvider(240)) - Unable to initialize FileSignerSecretProvider, falling back to use random secrets. Reason: Could not read signature secret file: /home/runner/hadoop-http-auth-signature-secret
2023-01-06 14:00:04,448 [om1@group-C5BA1605619E-LeaderElection1] INFO  server.RaftServerConfigKeys (ConfUtils.java:logGet(46)) - raft.server.write.follower.gap.ratio.max = -1.0 (default)
2023-01-06 14:00:04,450 [om1@group-C5BA1605619E-LeaderElection1] INFO  impl.RoleInfo (RoleInfo.java:updateAndGet(139)) - om1: start om1@group-C5BA1605619E-LeaderStateImpl
2023-01-06 14:00:04,451 [Listener at 127.0.0.1/40279] WARN  http.HttpRequestLog (HttpRequestLog.java:getRequestLog(103)) - Jetty request log can only be enabled using Log4j
2023-01-06 14:00:04,454 [Listener at 127.0.0.1/40279] INFO  http.HttpServer2 (HttpServer2.java:addGlobalFilter(1031)) - Added global filter 'safety' (class=org.apache.hadoop.hdds.server.http.HttpServer2$QuotingInputFilter)
2023-01-06 14:00:04,455 [Listener at 127.0.0.1/40279] INFO  http.HttpServer2 (HttpServer2.java:addFilter(1007)) - Added filter static_user_filter (class=org.apache.hadoop.http.lib.StaticUserWebFilter$StaticUserFilter) to context hddsDatanode
2023-01-06 14:00:04,457 [Listener at 127.0.0.1/40279] INFO  http.HttpServer2 (HttpServer2.java:addFilter(1015)) - Added filter static_user_filter (class=org.apache.hadoop.http.lib.StaticUserWebFilter$StaticUserFilter) to context logs
2023-01-06 14:00:04,458 [Listener at 127.0.0.1/40279] INFO  http.HttpServer2 (HttpServer2.java:addFilter(1015)) - Added filter static_user_filter (class=org.apache.hadoop.http.lib.StaticUserWebFilter$StaticUserFilter) to context static
2023-01-06 14:00:04,458 [Listener at 127.0.0.1/40279] INFO  http.HttpServer2 (HttpServer2.java:bindListener(1250)) - Jetty bound to port 45673
2023-01-06 14:00:04,458 [Listener at 127.0.0.1/40279] INFO  server.Server (Server.java:doStart(375)) - jetty-9.4.49.v20220914; built: 2022-09-14T01:07:36.601Z; git: 4231a3b2e4cb8548a412a789936d640a97b1aa0a; jvm 1.8.0_352-b08
2023-01-06 14:00:04,485 [Listener at 127.0.0.1/40279] INFO  server.session (DefaultSessionIdManager.java:doStart(334)) - DefaultSessionIdManager workerName=node0
2023-01-06 14:00:04,485 [Listener at 127.0.0.1/40279] INFO  server.session (DefaultSessionIdManager.java:doStart(339)) - No SessionScavenger set, using defaults
2023-01-06 14:00:04,485 [Listener at 127.0.0.1/40279] INFO  server.session (HouseKeeper.java:startScavenging(132)) - node0 Scavenging every 600000ms
2023-01-06 14:00:04,486 [Listener at 127.0.0.1/40279] INFO  handler.ContextHandler (ContextHandler.java:doStart(921)) - Started o.e.j.s.ServletContextHandler@811dc82{logs,/logs,file:///home/runner/work/ozone/ozone/hadoop-ozone/integration-test/target/log,AVAILABLE}
2023-01-06 14:00:04,486 [Listener at 127.0.0.1/40279] INFO  handler.ContextHandler (ContextHandler.java:doStart(921)) - Started o.e.j.s.ServletContextHandler@60330fc6{static,/static,jar:file:/home/runner/.m2/repository/org/apache/ozone/hdds-container-service/1.4.0-SNAPSHOT/hdds-container-service-1.4.0-SNAPSHOT.jar!/webapps/static,AVAILABLE}
2023-01-06 14:00:04,484 [om1@group-C5BA1605619E-LeaderElection1] INFO  segmented.SegmentedRaftLogWorker (SegmentedRaftLogWorker.java:startLogSegment(452)) - om1@group-C5BA1605619E-SegmentedRaftLogWorker: Starting segment from index:0
2023-01-06 14:00:04,560 [om1@group-C5BA1605619E-LeaderElection1] INFO  server.RaftServer$Division (ServerState.java:setRaftConf(430)) - om1@group-C5BA1605619E: set configuration 0: peers:[om1|rpc:localhost:9872|admin:|client:|dataStream:|priority:0|startupRole:FOLLOWER]|listeners:[], old=null
2023-01-06 14:00:04,624 [om1@group-C5BA1605619E-SegmentedRaftLogWorker] INFO  segmented.SegmentedRaftLogWorker (SegmentedRaftLogWorker.java:execute(656)) - om1@group-C5BA1605619E-SegmentedRaftLogWorker: created new log segment /home/runner/work/ozone/ozone/hadoop-ozone/integration-test/target/test-dir/MiniOzoneClusterImpl-2de58cfc-ec7c-41ac-af7d-ad40b55ccb4e/ozone-meta/ratis/bf265839-605b-3f16-9796-c5ba1605619e/current/log_inprogress_0
2023-01-06 14:00:04,700 [Listener at 127.0.0.1/40279] INFO  handler.ContextHandler (ContextHandler.java:doStart(921)) - Started o.e.j.w.WebAppContext@54d6130{hddsDatanode,/,file:///tmp/jetty-0_0_0_0-45673-hdds-container-service-1_4_0-SNAPSHOT_jar-_-any-2492648122147969051/webapp/,AVAILABLE}{jar:file:/home/runner/.m2/repository/org/apache/ozone/hdds-container-service/1.4.0-SNAPSHOT/hdds-container-service-1.4.0-SNAPSHOT.jar!/webapps/hddsDatanode}
2023-01-06 14:00:04,702 [Listener at 127.0.0.1/40279] INFO  server.AbstractConnector (AbstractConnector.java:doStart(333)) - Started ServerConnector@6a2711b{HTTP/1.1, (http/1.1)}{0.0.0.0:45673}
2023-01-06 14:00:04,703 [Listener at 127.0.0.1/40279] INFO  server.Server (Server.java:doStart(415)) - Started @7877ms
2023-01-06 14:00:04,703 [Listener at 127.0.0.1/40279] WARN  impl.MetricsSystemImpl (MetricsSystemImpl.java:register(279)) - Sink prometheus already exists!
2023-01-06 14:00:04,703 [Listener at 127.0.0.1/40279] INFO  http.BaseHttpServer (BaseHttpServer.java:updateConnectorAddress(333)) - HTTP server of hddsDatanode listening at http://0.0.0.0:45673
2023-01-06 14:00:04,704 [Listener at 127.0.0.1/40279] WARN  impl.MetricRegistriesImpl (MetricRegistriesImpl.java:addReporterRegistration(111)) - New reporters are added after registries were created. Some metrics will be missing from the reporter. Please add reporter before adding any new registry.
2023-01-06 14:00:04,704 [Listener at 127.0.0.1/40279] WARN  impl.MetricRegistriesImpl (MetricRegistriesImpl.java:addReporterRegistration(111)) - New reporters are added after registries were created. Some metrics will be missing from the reporter. Please add reporter before adding any new registry.
2023-01-06 14:00:04,704 [Listener at 127.0.0.1/40279] INFO  impl.MetricsSystemImpl (MetricsSystemImpl.java:init(158)) - HddsDatanode metrics system started (again)
2023-01-06 14:00:04,704 [Datanode State Machine Daemon Thread] INFO  statemachine.DatanodeStateMachine (DatanodeStateMachine.java:lambda$startDaemon$0(508)) - Ozone container server started.
2023-01-06 14:00:04,726 [Listener at 127.0.0.1/40279] INFO  ozone.HddsDatanodeService (HddsDatanodeService.java:start(228)) - HddsDatanodeService host:fv-az28-147.ycjfjujedjyu5lezsnvlijijec.cx.internal.cloudapp.net ip:10.1.0.26
2023-01-06 14:00:04,752 [Listener at 127.0.0.1/40279] INFO  upgrade.AbstractLayoutVersionManager (AbstractLayoutVersionManager.java:init(83)) - Initializing Layout version manager with metadata layout = DATANODE_SCHEMA_V3 (version = 4), software layout = DATANODE_SCHEMA_V3 (version = 4)
2023-01-06 14:00:04,756 [org.apache.hadoop.util.JvmPauseMonitor$Monitor@7eceaab9] INFO  util.JvmPauseMonitor (JvmPauseMonitor.java:run(188)) - Starting JVM pause monitor
2023-01-06 14:00:04,774 [om1@group-C5BA1605619E-StateMachineUpdater] INFO  ratis.OzoneManagerStateMachine (OzoneManagerStateMachine.java:notifyConfigurationChanged(192)) - Received Configuration change notification from Ratis. New Peer list:
[id: "om1"
address: "localhost:9872"
startupRole: FOLLOWER
]
2023-01-06 14:00:04,777 [Datanode State Machine Task Thread - 0] INFO  datanode.InitDatanodeState (InitDatanodeState.java:persistContainerDatanodeDetails(138)) - DatanodeDetails is persisted to /home/runner/work/ozone/ozone/hadoop-ozone/integration-test/target/test-dir/MiniOzoneClusterImpl-2de58cfc-ec7c-41ac-af7d-ad40b55ccb4e/datanode-1/meta/datanode.id
2023-01-06 14:00:04,818 [Listener at 127.0.0.1/40279] INFO  reflections.Reflections (Reflections.java:scan(232)) - Reflections took 64 ms to scan 7 urls, producing 146 keys and 350 values 
2023-01-06 14:00:04,819 [Listener at 127.0.0.1/40279] INFO  statemachine.DatanodeStateMachine (DatanodeStateMachine.java:getEndPointTaskThreadPoolSize(248)) - Datanode State Machine Task Thread Pool size 2
2023-01-06 14:00:04,821 [Listener at 127.0.0.1/40279] INFO  volume.HddsVolume (HddsVolume.java:<init>(117)) - Creating HddsVolume: /home/runner/work/ozone/ozone/hadoop-ozone/integration-test/target/test-dir/MiniOzoneClusterImpl-2de58cfc-ec7c-41ac-af7d-ad40b55ccb4e/datanode-2/data-0/containers/hdds of storage type : DISK capacity : 9223372036854775807
2023-01-06 14:00:04,822 [Listener at 127.0.0.1/40279] INFO  volume.MutableVolumeSet (MutableVolumeSet.java:initializeVolumeSet(174)) - Added Volume : /home/runner/work/ozone/ozone/hadoop-ozone/integration-test/target/test-dir/MiniOzoneClusterImpl-2de58cfc-ec7c-41ac-af7d-ad40b55ccb4e/datanode-2/data-0/containers/hdds to VolumeSet
2023-01-06 14:00:04,822 [Listener at 127.0.0.1/40279] INFO  volume.ThrottledAsyncChecker (ThrottledAsyncChecker.java:schedule(141)) - Scheduling a check for /home/runner/work/ozone/ozone/hadoop-ozone/integration-test/target/test-dir/MiniOzoneClusterImpl-2de58cfc-ec7c-41ac-af7d-ad40b55ccb4e/datanode-2/data-0/containers/hdds
2023-01-06 14:00:04,822 [Listener at 127.0.0.1/40279] INFO  volume.StorageVolumeChecker (StorageVolumeChecker.java:checkAllVolumes(202)) - Scheduled health check for volume /home/runner/work/ozone/ozone/hadoop-ozone/integration-test/target/test-dir/MiniOzoneClusterImpl-2de58cfc-ec7c-41ac-af7d-ad40b55ccb4e/datanode-2/data-0/containers/hdds
2023-01-06 14:00:04,834 [Listener at 127.0.0.1/40279] INFO  volume.MutableVolumeSet (MutableVolumeSet.java:initializeVolumeSet(174)) - Added Volume : /home/runner/work/ozone/ozone/hadoop-ozone/integration-test/target/test-dir/MiniOzoneClusterImpl-2de58cfc-ec7c-41ac-af7d-ad40b55ccb4e/datanode-2/data/ratis to VolumeSet
2023-01-06 14:00:04,834 [Listener at 127.0.0.1/40279] INFO  volume.ThrottledAsyncChecker (ThrottledAsyncChecker.java:schedule(141)) - Scheduling a check for /home/runner/work/ozone/ozone/hadoop-ozone/integration-test/target/test-dir/MiniOzoneClusterImpl-2de58cfc-ec7c-41ac-af7d-ad40b55ccb4e/datanode-2/data/ratis
2023-01-06 14:00:04,834 [Listener at 127.0.0.1/40279] INFO  volume.StorageVolumeChecker (StorageVolumeChecker.java:checkAllVolumes(202)) - Scheduled health check for volume /home/runner/work/ozone/ozone/hadoop-ozone/integration-test/target/test-dir/MiniOzoneClusterImpl-2de58cfc-ec7c-41ac-af7d-ad40b55ccb4e/datanode-2/data/ratis
2023-01-06 14:00:04,845 [Thread-166] INFO  ozoneimpl.ContainerReader (ContainerReader.java:readVolume(175)) - Finish verifying containers on volume /home/runner/work/ozone/ozone/hadoop-ozone/integration-test/target/test-dir/MiniOzoneClusterImpl-2de58cfc-ec7c-41ac-af7d-ad40b55ccb4e/datanode-2/data-0/containers/hdds
2023-01-06 14:00:04,845 [Listener at 127.0.0.1/40279] INFO  ozoneimpl.OzoneContainer (OzoneContainer.java:buildContainerSet(301)) - Build ContainerSet costs 0s
2023-01-06 14:00:04,848 [Listener at 127.0.0.1/40279] INFO  server.RaftServer (ConfUtils.java:logGet(46)) - raft.rpc.type = GRPC (default)
2023-01-06 14:00:04,848 [Listener at 127.0.0.1/40279] INFO  grpc.GrpcConfigKeys (ConfUtils.java:logFallback(53)) - raft.grpc.admin.host = null (fallback to raft.grpc.server.host)
2023-01-06 14:00:04,848 [Listener at 127.0.0.1/40279] INFO  grpc.GrpcConfigKeys (ConfUtils.java:logGet(46)) - raft.grpc.admin.port = 0 (custom)
2023-01-06 14:00:04,848 [Listener at 127.0.0.1/40279] INFO  grpc.GrpcConfigKeys (ConfUtils.java:logFallback(53)) - raft.grpc.client.host = null (fallback to raft.grpc.server.host)
2023-01-06 14:00:04,848 [Listener at 127.0.0.1/40279] INFO  grpc.GrpcConfigKeys (ConfUtils.java:logGet(46)) - raft.grpc.client.port = 0 (custom)
2023-01-06 14:00:04,848 [Listener at 127.0.0.1/40279] INFO  grpc.GrpcConfigKeys (ConfUtils.java:logGet(46)) - raft.grpc.server.host = null (default)
2023-01-06 14:00:04,849 [Listener at 127.0.0.1/40279] INFO  grpc.GrpcConfigKeys (ConfUtils.java:logGet(46)) - raft.grpc.server.port = 0 (default)
2023-01-06 14:00:04,849 [Listener at 127.0.0.1/40279] INFO  server.GrpcService (ConfUtils.java:logGet(46)) - raft.grpc.message.size.max = 32MB (=33554432) (custom)
2023-01-06 14:00:04,849 [Listener at 127.0.0.1/40279] INFO  server.RaftServerConfigKeys (ConfUtils.java:logGet(46)) - raft.server.log.appender.buffer.byte-limit = 33554432 (custom)
2023-01-06 14:00:04,849 [Listener at 127.0.0.1/40279] INFO  server.GrpcService (ConfUtils.java:logGet(46)) - raft.grpc.flow.control.window = 5MB (=5242880) (custom)
2023-01-06 14:00:04,849 [Listener at 127.0.0.1/40279] INFO  server.RaftServerConfigKeys (ConfUtils.java:logGet(46)) - raft.server.rpc.request.timeout = 60s (custom)
2023-01-06 14:00:04,849 [Listener at 127.0.0.1/40279] INFO  grpc.GrpcConfigKeys (ConfUtils.java:logGet(46)) - raft.grpc.server.heartbeat.channel = true (default)
2023-01-06 14:00:04,849 [Listener at 127.0.0.1/40279] INFO  grpc.GrpcConfigKeys (ConfUtils.java:logGet(46)) - raft.grpc.server.async.request.thread.pool.cached = true (default)
2023-01-06 14:00:04,849 [Listener at 127.0.0.1/40279] INFO  grpc.GrpcConfigKeys (ConfUtils.java:logGet(46)) - raft.grpc.server.async.request.thread.pool.size = 32 (default)
2023-01-06 14:00:04,850 [Listener at 127.0.0.1/40279] INFO  impl.DataStreamServerImpl (ConfUtils.java:logGet(46)) - raft.datastream.type = NETTY (custom)
2023-01-06 14:00:04,850 [Listener at 127.0.0.1/40279] INFO  server.RaftServerConfigKeys (ConfUtils.java:logGet(46)) - raft.server.data-stream.async.request.thread.pool.cached = false (default)
2023-01-06 14:00:04,850 [Listener at 127.0.0.1/40279] INFO  server.RaftServerConfigKeys (ConfUtils.java:logGet(46)) - raft.server.data-stream.async.request.thread.pool.size = 20 (custom)
2023-01-06 14:00:04,851 [Listener at 127.0.0.1/40279] INFO  server.RaftServerConfigKeys (ConfUtils.java:logGet(46)) - raft.server.data-stream.async.write.thread.pool.size = 16 (default)
2023-01-06 14:00:04,851 [Listener at 127.0.0.1/40279] INFO  server.RaftServerConfigKeys (ConfUtils.java:logGet(46)) - raft.server.data-stream.client.pool.size = 10 (default)
2023-01-06 14:00:04,851 [Listener at 127.0.0.1/40279] INFO  netty.NettyConfigKeys$DataStream (ConfUtils.java:logGet(46)) - raft.netty.dataStream.server.use-epoll = false (default)
2023-01-06 14:00:04,851 [Listener at 127.0.0.1/40279] INFO  netty.NettyConfigKeys$DataStream (ConfUtils.java:logGet(46)) - raft.netty.dataStream.server.boss-group.size = 0 (default)
2023-01-06 14:00:04,851 [Listener at 127.0.0.1/40279] INFO  netty.NettyConfigKeys$DataStream (ConfUtils.java:logGet(46)) - raft.netty.dataStream.server.worker-group.size = 0 (default)
2023-01-06 14:00:04,852 [Listener at 127.0.0.1/40279] INFO  netty.NettyConfigKeys$DataStream (ConfUtils.java:logGet(46)) - raft.netty.dataStream.server.tls.conf = null (default)
2023-01-06 14:00:04,852 [Listener at 127.0.0.1/40279] INFO  netty.NettyConfigKeys$DataStream (ConfUtils.java:logGet(46)) - raft.netty.dataStream.host = null (default)
2023-01-06 14:00:04,852 [Listener at 127.0.0.1/40279] INFO  netty.NettyConfigKeys$DataStream (ConfUtils.java:logGet(46)) - raft.netty.dataStream.port = 0 (default)
2023-01-06 14:00:04,852 [Listener at 127.0.0.1/40279] INFO  server.RaftServerConfigKeys (ConfUtils.java:logGet(46)) - raft.server.threadpool.proxy.cached = true (default)
2023-01-06 14:00:04,853 [Listener at 127.0.0.1/40279] INFO  server.RaftServerConfigKeys (ConfUtils.java:logGet(46)) - raft.server.threadpool.proxy.size = 0 (default)
2023-01-06 14:00:04,853 [Listener at 127.0.0.1/40279] INFO  server.RaftServerConfigKeys (ConfUtils.java:logGet(46)) - raft.server.rpc.slowness.timeout = 300s (custom)
2023-01-06 14:00:04,853 [Listener at 127.0.0.1/40279] INFO  server.RaftServerConfigKeys (ConfUtils.java:logGet(46)) - raft.server.leaderelection.leader.step-down.wait-time = 10s (default)
2023-01-06 14:00:04,853 [Listener at 127.0.0.1/40279] INFO  server.RaftServerConfigKeys (ConfUtils.java:logGet(46)) - raft.server.storage.dir = [/home/runner/work/ozone/ozone/hadoop-ozone/integration-test/target/test-dir/MiniOzoneClusterImpl-2de58cfc-ec7c-41ac-af7d-ad40b55ccb4e/datanode-2/data/ratis] (custom)
2023-01-06 14:00:04,857 [ca2b9cd0-63d2-42af-b7f4-b5b024b05d69-NettyServerStreamRpc-bossGroup--thread1] INFO  logging.LoggingHandler (AbstractInternalLogger.java:log(148)) - [id: 0xeafe31d1] REGISTERED
2023-01-06 14:00:04,857 [ca2b9cd0-63d2-42af-b7f4-b5b024b05d69-NettyServerStreamRpc-bossGroup--thread1] INFO  logging.LoggingHandler (AbstractInternalLogger.java:log(148)) - [id: 0xeafe31d1] BIND: 0.0.0.0/0.0.0.0:0
2023-01-06 14:00:04,857 [ca2b9cd0-63d2-42af-b7f4-b5b024b05d69-NettyServerStreamRpc-bossGroup--thread1] INFO  logging.LoggingHandler (AbstractInternalLogger.java:log(148)) - [id: 0xeafe31d1, L:/0:0:0:0:0:0:0:0:41089] ACTIVE
2023-01-06 14:00:04,858 [Listener at 127.0.0.1/40279] INFO  server.XceiverServerGrpc (XceiverServerGrpc.java:<init>(132)) - GrpcServer channel type EpollServerSocketChannel
2023-01-06 14:00:04,861 [Listener at 127.0.0.1/40279] INFO  http.BaseHttpServer (BaseHttpServer.java:newHttpServer2BuilderForOzone(213)) - Starting Web-server for hddsDatanode at: http://0.0.0.0:0
2023-01-06 14:00:04,861 [Listener at 127.0.0.1/40279] INFO  http.BaseHttpServer (BaseHttpServer.java:<init>(108)) - Hadoop Security Enabled: false Ozone Security Enabled: false Ozone HTTP Security Enabled: false 
2023-01-06 14:00:04,863 [Listener at 127.0.0.1/40279] WARN  server.AuthenticationFilter (AuthenticationFilter.java:constructSecretProvider(240)) - Unable to initialize FileSignerSecretProvider, falling back to use random secrets. Reason: Could not read signature secret file: /home/runner/hadoop-http-auth-signature-secret
2023-01-06 14:00:04,865 [Listener at 127.0.0.1/40279] WARN  http.HttpRequestLog (HttpRequestLog.java:getRequestLog(103)) - Jetty request log can only be enabled using Log4j
2023-01-06 14:00:04,866 [Listener at 127.0.0.1/40279] INFO  http.HttpServer2 (HttpServer2.java:addGlobalFilter(1031)) - Added global filter 'safety' (class=org.apache.hadoop.hdds.server.http.HttpServer2$QuotingInputFilter)
2023-01-06 14:00:04,867 [Listener at 127.0.0.1/40279] INFO  http.HttpServer2 (HttpServer2.java:addFilter(1007)) - Added filter static_user_filter (class=org.apache.hadoop.http.lib.StaticUserWebFilter$StaticUserFilter) to context hddsDatanode
2023-01-06 14:00:04,867 [Listener at 127.0.0.1/40279] INFO  http.HttpServer2 (HttpServer2.java:addFilter(1015)) - Added filter static_user_filter (class=org.apache.hadoop.http.lib.StaticUserWebFilter$StaticUserFilter) to context logs
2023-01-06 14:00:04,867 [Listener at 127.0.0.1/40279] INFO  http.HttpServer2 (HttpServer2.java:addFilter(1015)) - Added filter static_user_filter (class=org.apache.hadoop.http.lib.StaticUserWebFilter$StaticUserFilter) to context static
2023-01-06 14:00:04,868 [Listener at 127.0.0.1/40279] INFO  http.HttpServer2 (HttpServer2.java:bindListener(1250)) - Jetty bound to port 45657
2023-01-06 14:00:04,868 [Listener at 127.0.0.1/40279] INFO  server.Server (Server.java:doStart(375)) - jetty-9.4.49.v20220914; built: 2022-09-14T01:07:36.601Z; git: 4231a3b2e4cb8548a412a789936d640a97b1aa0a; jvm 1.8.0_352-b08
2023-01-06 14:00:04,877 [Listener at 127.0.0.1/40279] INFO  server.session (DefaultSessionIdManager.java:doStart(334)) - DefaultSessionIdManager workerName=node0
2023-01-06 14:00:04,877 [Listener at 127.0.0.1/40279] INFO  server.session (DefaultSessionIdManager.java:doStart(339)) - No SessionScavenger set, using defaults
2023-01-06 14:00:04,877 [Listener at 127.0.0.1/40279] INFO  server.session (HouseKeeper.java:startScavenging(132)) - node0 Scavenging every 600000ms
2023-01-06 14:00:04,878 [Listener at 127.0.0.1/40279] INFO  handler.ContextHandler (ContextHandler.java:doStart(921)) - Started o.e.j.s.ServletContextHandler@7a6fcf93{logs,/logs,file:///home/runner/work/ozone/ozone/hadoop-ozone/integration-test/target/log,AVAILABLE}
2023-01-06 14:00:04,878 [Listener at 127.0.0.1/40279] INFO  handler.ContextHandler (ContextHandler.java:doStart(921)) - Started o.e.j.s.ServletContextHandler@3e3d3cd0{static,/static,jar:file:/home/runner/.m2/repository/org/apache/ozone/hdds-container-service/1.4.0-SNAPSHOT/hdds-container-service-1.4.0-SNAPSHOT.jar!/webapps/static,AVAILABLE}
2023-01-06 14:00:05,052 [Listener at 127.0.0.1/40279] INFO  handler.ContextHandler (ContextHandler.java:doStart(921)) - Started o.e.j.w.WebAppContext@109ef880{hddsDatanode,/,file:///tmp/jetty-0_0_0_0-45657-hdds-container-service-1_4_0-SNAPSHOT_jar-_-any-4740928174882578190/webapp/,AVAILABLE}{jar:file:/home/runner/.m2/repository/org/apache/ozone/hdds-container-service/1.4.0-SNAPSHOT/hdds-container-service-1.4.0-SNAPSHOT.jar!/webapps/hddsDatanode}
2023-01-06 14:00:05,053 [Listener at 127.0.0.1/40279] INFO  server.AbstractConnector (AbstractConnector.java:doStart(333)) - Started ServerConnector@3eb022c2{HTTP/1.1, (http/1.1)}{0.0.0.0:45657}
2023-01-06 14:00:05,053 [Listener at 127.0.0.1/40279] INFO  server.Server (Server.java:doStart(415)) - Started @8227ms
2023-01-06 14:00:05,053 [Listener at 127.0.0.1/40279] WARN  impl.MetricsSystemImpl (MetricsSystemImpl.java:register(279)) - Sink prometheus already exists!
2023-01-06 14:00:05,054 [Listener at 127.0.0.1/40279] INFO  http.BaseHttpServer (BaseHttpServer.java:updateConnectorAddress(333)) - HTTP server of hddsDatanode listening at http://0.0.0.0:45657
2023-01-06 14:00:05,055 [Listener at 127.0.0.1/40279] WARN  impl.MetricRegistriesImpl (MetricRegistriesImpl.java:addReporterRegistration(111)) - New reporters are added after registries were created. Some metrics will be missing from the reporter. Please add reporter before adding any new registry.
2023-01-06 14:00:05,055 [Listener at 127.0.0.1/40279] WARN  impl.MetricRegistriesImpl (MetricRegistriesImpl.java:addReporterRegistration(111)) - New reporters are added after registries were created. Some metrics will be missing from the reporter. Please add reporter before adding any new registry.
2023-01-06 14:00:05,055 [Listener at 127.0.0.1/40279] INFO  impl.MetricsSystemImpl (MetricsSystemImpl.java:init(158)) - HddsDatanode metrics system started (again)
2023-01-06 14:00:05,058 [Datanode State Machine Daemon Thread] INFO  statemachine.DatanodeStateMachine (DatanodeStateMachine.java:lambda$startDaemon$0(508)) - Ozone container server started.
2023-01-06 14:00:05,069 [Listener at 127.0.0.1/40279] INFO  ozone.HddsDatanodeService (HddsDatanodeService.java:start(228)) - HddsDatanodeService host:fv-az28-147.ycjfjujedjyu5lezsnvlijijec.cx.internal.cloudapp.net ip:10.1.0.26
2023-01-06 14:00:05,081 [org.apache.hadoop.util.JvmPauseMonitor$Monitor@19b2a838] INFO  util.JvmPauseMonitor (JvmPauseMonitor.java:run(188)) - Starting JVM pause monitor
2023-01-06 14:00:05,085 [Datanode State Machine Task Thread - 0] INFO  datanode.InitDatanodeState (InitDatanodeState.java:persistContainerDatanodeDetails(138)) - DatanodeDetails is persisted to /home/runner/work/ozone/ozone/hadoop-ozone/integration-test/target/test-dir/MiniOzoneClusterImpl-2de58cfc-ec7c-41ac-af7d-ad40b55ccb4e/datanode-2/meta/datanode.id
2023-01-06 14:00:05,099 [Listener at 127.0.0.1/40279] INFO  upgrade.AbstractLayoutVersionManager (AbstractLayoutVersionManager.java:init(83)) - Initializing Layout version manager with metadata layout = DATANODE_SCHEMA_V3 (version = 4), software layout = DATANODE_SCHEMA_V3 (version = 4)
2023-01-06 14:00:05,144 [Listener at 127.0.0.1/40279] INFO  reflections.Reflections (Reflections.java:scan(232)) - Reflections took 45 ms to scan 7 urls, producing 146 keys and 350 values 
2023-01-06 14:00:05,145 [Listener at 127.0.0.1/40279] INFO  statemachine.DatanodeStateMachine (DatanodeStateMachine.java:getEndPointTaskThreadPoolSize(248)) - Datanode State Machine Task Thread Pool size 2
2023-01-06 14:00:05,147 [Listener at 127.0.0.1/40279] INFO  volume.HddsVolume (HddsVolume.java:<init>(117)) - Creating HddsVolume: /home/runner/work/ozone/ozone/hadoop-ozone/integration-test/target/test-dir/MiniOzoneClusterImpl-2de58cfc-ec7c-41ac-af7d-ad40b55ccb4e/datanode-3/data-0/containers/hdds of storage type : DISK capacity : 9223372036854775807
2023-01-06 14:00:05,147 [Listener at 127.0.0.1/40279] INFO  volume.MutableVolumeSet (MutableVolumeSet.java:initializeVolumeSet(174)) - Added Volume : /home/runner/work/ozone/ozone/hadoop-ozone/integration-test/target/test-dir/MiniOzoneClusterImpl-2de58cfc-ec7c-41ac-af7d-ad40b55ccb4e/datanode-3/data-0/containers/hdds to VolumeSet
2023-01-06 14:00:05,147 [Listener at 127.0.0.1/40279] INFO  volume.ThrottledAsyncChecker (ThrottledAsyncChecker.java:schedule(141)) - Scheduling a check for /home/runner/work/ozone/ozone/hadoop-ozone/integration-test/target/test-dir/MiniOzoneClusterImpl-2de58cfc-ec7c-41ac-af7d-ad40b55ccb4e/datanode-3/data-0/containers/hdds
2023-01-06 14:00:05,152 [Listener at 127.0.0.1/40279] INFO  volume.StorageVolumeChecker (StorageVolumeChecker.java:checkAllVolumes(202)) - Scheduled health check for volume /home/runner/work/ozone/ozone/hadoop-ozone/integration-test/target/test-dir/MiniOzoneClusterImpl-2de58cfc-ec7c-41ac-af7d-ad40b55ccb4e/datanode-3/data-0/containers/hdds
2023-01-06 14:00:05,163 [Listener at 127.0.0.1/40279] INFO  volume.MutableVolumeSet (MutableVolumeSet.java:initializeVolumeSet(174)) - Added Volume : /home/runner/work/ozone/ozone/hadoop-ozone/integration-test/target/test-dir/MiniOzoneClusterImpl-2de58cfc-ec7c-41ac-af7d-ad40b55ccb4e/datanode-3/data/ratis to VolumeSet
2023-01-06 14:00:05,163 [Listener at 127.0.0.1/40279] INFO  volume.ThrottledAsyncChecker (ThrottledAsyncChecker.java:schedule(141)) - Scheduling a check for /home/runner/work/ozone/ozone/hadoop-ozone/integration-test/target/test-dir/MiniOzoneClusterImpl-2de58cfc-ec7c-41ac-af7d-ad40b55ccb4e/datanode-3/data/ratis
2023-01-06 14:00:05,164 [Listener at 127.0.0.1/40279] INFO  volume.StorageVolumeChecker (StorageVolumeChecker.java:checkAllVolumes(202)) - Scheduled health check for volume /home/runner/work/ozone/ozone/hadoop-ozone/integration-test/target/test-dir/MiniOzoneClusterImpl-2de58cfc-ec7c-41ac-af7d-ad40b55ccb4e/datanode-3/data/ratis
2023-01-06 14:00:05,173 [Thread-180] INFO  ozoneimpl.ContainerReader (ContainerReader.java:readVolume(175)) - Finish verifying containers on volume /home/runner/work/ozone/ozone/hadoop-ozone/integration-test/target/test-dir/MiniOzoneClusterImpl-2de58cfc-ec7c-41ac-af7d-ad40b55ccb4e/datanode-3/data-0/containers/hdds
2023-01-06 14:00:05,174 [Listener at 127.0.0.1/40279] INFO  ozoneimpl.OzoneContainer (OzoneContainer.java:buildContainerSet(301)) - Build ContainerSet costs 0s
2023-01-06 14:00:05,177 [Listener at 127.0.0.1/40279] INFO  server.RaftServer (ConfUtils.java:logGet(46)) - raft.rpc.type = GRPC (default)
2023-01-06 14:00:05,177 [Listener at 127.0.0.1/40279] INFO  grpc.GrpcConfigKeys (ConfUtils.java:logFallback(53)) - raft.grpc.admin.host = null (fallback to raft.grpc.server.host)
2023-01-06 14:00:05,177 [Listener at 127.0.0.1/40279] INFO  grpc.GrpcConfigKeys (ConfUtils.java:logGet(46)) - raft.grpc.admin.port = 0 (custom)
2023-01-06 14:00:05,177 [Listener at 127.0.0.1/40279] INFO  grpc.GrpcConfigKeys (ConfUtils.java:logFallback(53)) - raft.grpc.client.host = null (fallback to raft.grpc.server.host)
2023-01-06 14:00:05,177 [Listener at 127.0.0.1/40279] INFO  grpc.GrpcConfigKeys (ConfUtils.java:logGet(46)) - raft.grpc.client.port = 0 (custom)
2023-01-06 14:00:05,177 [Listener at 127.0.0.1/40279] INFO  grpc.GrpcConfigKeys (ConfUtils.java:logGet(46)) - raft.grpc.server.host = null (default)
2023-01-06 14:00:05,177 [Listener at 127.0.0.1/40279] INFO  grpc.GrpcConfigKeys (ConfUtils.java:logGet(46)) - raft.grpc.server.port = 0 (default)
2023-01-06 14:00:05,177 [Listener at 127.0.0.1/40279] INFO  server.GrpcService (ConfUtils.java:logGet(46)) - raft.grpc.message.size.max = 32MB (=33554432) (custom)
2023-01-06 14:00:05,177 [Listener at 127.0.0.1/40279] INFO  server.RaftServerConfigKeys (ConfUtils.java:logGet(46)) - raft.server.log.appender.buffer.byte-limit = 33554432 (custom)
2023-01-06 14:00:05,178 [Listener at 127.0.0.1/40279] INFO  server.GrpcService (ConfUtils.java:logGet(46)) - raft.grpc.flow.control.window = 5MB (=5242880) (custom)
2023-01-06 14:00:05,178 [Listener at 127.0.0.1/40279] INFO  server.RaftServerConfigKeys (ConfUtils.java:logGet(46)) - raft.server.rpc.request.timeout = 60s (custom)
2023-01-06 14:00:05,178 [Listener at 127.0.0.1/40279] INFO  grpc.GrpcConfigKeys (ConfUtils.java:logGet(46)) - raft.grpc.server.heartbeat.channel = true (default)
2023-01-06 14:00:05,178 [Listener at 127.0.0.1/40279] INFO  grpc.GrpcConfigKeys (ConfUtils.java:logGet(46)) - raft.grpc.server.async.request.thread.pool.cached = true (default)
2023-01-06 14:00:05,178 [Listener at 127.0.0.1/40279] INFO  grpc.GrpcConfigKeys (ConfUtils.java:logGet(46)) - raft.grpc.server.async.request.thread.pool.size = 32 (default)
2023-01-06 14:00:05,179 [Listener at 127.0.0.1/40279] INFO  impl.DataStreamServerImpl (ConfUtils.java:logGet(46)) - raft.datastream.type = NETTY (custom)
2023-01-06 14:00:05,179 [Listener at 127.0.0.1/40279] INFO  server.RaftServerConfigKeys (ConfUtils.java:logGet(46)) - raft.server.data-stream.async.request.thread.pool.cached = false (default)
2023-01-06 14:00:05,179 [Listener at 127.0.0.1/40279] INFO  server.RaftServerConfigKeys (ConfUtils.java:logGet(46)) - raft.server.data-stream.async.request.thread.pool.size = 20 (custom)
2023-01-06 14:00:05,179 [Listener at 127.0.0.1/40279] INFO  server.RaftServerConfigKeys (ConfUtils.java:logGet(46)) - raft.server.data-stream.async.write.thread.pool.size = 16 (default)
2023-01-06 14:00:05,179 [Listener at 127.0.0.1/40279] INFO  server.RaftServerConfigKeys (ConfUtils.java:logGet(46)) - raft.server.data-stream.client.pool.size = 10 (default)
2023-01-06 14:00:05,180 [Listener at 127.0.0.1/40279] INFO  netty.NettyConfigKeys$DataStream (ConfUtils.java:logGet(46)) - raft.netty.dataStream.server.use-epoll = false (default)
2023-01-06 14:00:05,180 [Listener at 127.0.0.1/40279] INFO  netty.NettyConfigKeys$DataStream (ConfUtils.java:logGet(46)) - raft.netty.dataStream.server.boss-group.size = 0 (default)
2023-01-06 14:00:05,180 [Listener at 127.0.0.1/40279] INFO  netty.NettyConfigKeys$DataStream (ConfUtils.java:logGet(46)) - raft.netty.dataStream.server.worker-group.size = 0 (default)
2023-01-06 14:00:05,180 [Listener at 127.0.0.1/40279] INFO  netty.NettyConfigKeys$DataStream (ConfUtils.java:logGet(46)) - raft.netty.dataStream.server.tls.conf = null (default)
2023-01-06 14:00:05,180 [Listener at 127.0.0.1/40279] INFO  netty.NettyConfigKeys$DataStream (ConfUtils.java:logGet(46)) - raft.netty.dataStream.host = null (default)
2023-01-06 14:00:05,181 [Listener at 127.0.0.1/40279] INFO  netty.NettyConfigKeys$DataStream (ConfUtils.java:logGet(46)) - raft.netty.dataStream.port = 0 (default)
2023-01-06 14:00:05,181 [Listener at 127.0.0.1/40279] INFO  server.RaftServerConfigKeys (ConfUtils.java:logGet(46)) - raft.server.threadpool.proxy.cached = true (default)
2023-01-06 14:00:05,181 [Listener at 127.0.0.1/40279] INFO  server.RaftServerConfigKeys (ConfUtils.java:logGet(46)) - raft.server.threadpool.proxy.size = 0 (default)
2023-01-06 14:00:05,181 [Listener at 127.0.0.1/40279] INFO  server.RaftServerConfigKeys (ConfUtils.java:logGet(46)) - raft.server.rpc.slowness.timeout = 300s (custom)
2023-01-06 14:00:05,181 [Listener at 127.0.0.1/40279] INFO  server.RaftServerConfigKeys (ConfUtils.java:logGet(46)) - raft.server.leaderelection.leader.step-down.wait-time = 10s (default)
2023-01-06 14:00:05,181 [Listener at 127.0.0.1/40279] INFO  server.RaftServerConfigKeys (ConfUtils.java:logGet(46)) - raft.server.storage.dir = [/home/runner/work/ozone/ozone/hadoop-ozone/integration-test/target/test-dir/MiniOzoneClusterImpl-2de58cfc-ec7c-41ac-af7d-ad40b55ccb4e/datanode-3/data/ratis] (custom)
2023-01-06 14:00:05,189 [e32a88af-9633-4d64-a8b2-4f5c257759a0-NettyServerStreamRpc-bossGroup--thread1] INFO  logging.LoggingHandler (AbstractInternalLogger.java:log(148)) - [id: 0x636169a6] REGISTERED
2023-01-06 14:00:05,189 [e32a88af-9633-4d64-a8b2-4f5c257759a0-NettyServerStreamRpc-bossGroup--thread1] INFO  logging.LoggingHandler (AbstractInternalLogger.java:log(148)) - [id: 0x636169a6] BIND: 0.0.0.0/0.0.0.0:0
2023-01-06 14:00:05,189 [e32a88af-9633-4d64-a8b2-4f5c257759a0-NettyServerStreamRpc-bossGroup--thread1] INFO  logging.LoggingHandler (AbstractInternalLogger.java:log(148)) - [id: 0x636169a6, L:/0:0:0:0:0:0:0:0:41351] ACTIVE
2023-01-06 14:00:05,190 [Listener at 127.0.0.1/40279] INFO  server.XceiverServerGrpc (XceiverServerGrpc.java:<init>(132)) - GrpcServer channel type EpollServerSocketChannel
2023-01-06 14:00:05,193 [Listener at 127.0.0.1/40279] INFO  http.BaseHttpServer (BaseHttpServer.java:newHttpServer2BuilderForOzone(213)) - Starting Web-server for hddsDatanode at: http://0.0.0.0:0
2023-01-06 14:00:05,193 [Listener at 127.0.0.1/40279] INFO  http.BaseHttpServer (BaseHttpServer.java:<init>(108)) - Hadoop Security Enabled: false Ozone Security Enabled: false Ozone HTTP Security Enabled: false 
2023-01-06 14:00:05,195 [Listener at 127.0.0.1/40279] WARN  server.AuthenticationFilter (AuthenticationFilter.java:constructSecretProvider(240)) - Unable to initialize FileSignerSecretProvider, falling back to use random secrets. Reason: Could not read signature secret file: /home/runner/hadoop-http-auth-signature-secret
2023-01-06 14:00:05,195 [Listener at 127.0.0.1/40279] WARN  http.HttpRequestLog (HttpRequestLog.java:getRequestLog(103)) - Jetty request log can only be enabled using Log4j
2023-01-06 14:00:05,196 [Listener at 127.0.0.1/40279] INFO  http.HttpServer2 (HttpServer2.java:addGlobalFilter(1031)) - Added global filter 'safety' (class=org.apache.hadoop.hdds.server.http.HttpServer2$QuotingInputFilter)
2023-01-06 14:00:05,197 [Listener at 127.0.0.1/40279] INFO  http.HttpServer2 (HttpServer2.java:addFilter(1007)) - Added filter static_user_filter (class=org.apache.hadoop.http.lib.StaticUserWebFilter$StaticUserFilter) to context hddsDatanode
2023-01-06 14:00:05,197 [Listener at 127.0.0.1/40279] INFO  http.HttpServer2 (HttpServer2.java:addFilter(1015)) - Added filter static_user_filter (class=org.apache.hadoop.http.lib.StaticUserWebFilter$StaticUserFilter) to context static
2023-01-06 14:00:05,197 [Listener at 127.0.0.1/40279] INFO  http.HttpServer2 (HttpServer2.java:addFilter(1015)) - Added filter static_user_filter (class=org.apache.hadoop.http.lib.StaticUserWebFilter$StaticUserFilter) to context logs
2023-01-06 14:00:05,198 [Listener at 127.0.0.1/40279] INFO  http.HttpServer2 (HttpServer2.java:bindListener(1250)) - Jetty bound to port 43769
2023-01-06 14:00:05,198 [Listener at 127.0.0.1/40279] INFO  server.Server (Server.java:doStart(375)) - jetty-9.4.49.v20220914; built: 2022-09-14T01:07:36.601Z; git: 4231a3b2e4cb8548a412a789936d640a97b1aa0a; jvm 1.8.0_352-b08
2023-01-06 14:00:05,200 [Listener at 127.0.0.1/40279] INFO  server.session (DefaultSessionIdManager.java:doStart(334)) - DefaultSessionIdManager workerName=node0
2023-01-06 14:00:05,200 [Listener at 127.0.0.1/40279] INFO  server.session (DefaultSessionIdManager.java:doStart(339)) - No SessionScavenger set, using defaults
2023-01-06 14:00:05,201 [Listener at 127.0.0.1/40279] INFO  server.session (HouseKeeper.java:startScavenging(132)) - node0 Scavenging every 600000ms
2023-01-06 14:00:05,201 [Listener at 127.0.0.1/40279] INFO  handler.ContextHandler (ContextHandler.java:doStart(921)) - Started o.e.j.s.ServletContextHandler@54ff3774{logs,/logs,file:///home/runner/work/ozone/ozone/hadoop-ozone/integration-test/target/log,AVAILABLE}
2023-01-06 14:00:05,202 [Listener at 127.0.0.1/40279] INFO  handler.ContextHandler (ContextHandler.java:doStart(921)) - Started o.e.j.s.ServletContextHandler@5adda598{static,/static,jar:file:/home/runner/.m2/repository/org/apache/ozone/hdds-container-service/1.4.0-SNAPSHOT/hdds-container-service-1.4.0-SNAPSHOT.jar!/webapps/static,AVAILABLE}
2023-01-06 14:00:05,387 [Listener at 127.0.0.1/40279] INFO  handler.ContextHandler (ContextHandler.java:doStart(921)) - Started o.e.j.w.WebAppContext@3b591a07{hddsDatanode,/,file:///tmp/jetty-0_0_0_0-43769-hdds-container-service-1_4_0-SNAPSHOT_jar-_-any-230187834952634501/webapp/,AVAILABLE}{jar:file:/home/runner/.m2/repository/org/apache/ozone/hdds-container-service/1.4.0-SNAPSHOT/hdds-container-service-1.4.0-SNAPSHOT.jar!/webapps/hddsDatanode}
2023-01-06 14:00:05,389 [Listener at 127.0.0.1/40279] INFO  server.AbstractConnector (AbstractConnector.java:doStart(333)) - Started ServerConnector@33ebc1d5{HTTP/1.1, (http/1.1)}{0.0.0.0:43769}
2023-01-06 14:00:05,389 [Listener at 127.0.0.1/40279] INFO  server.Server (Server.java:doStart(415)) - Started @8563ms
2023-01-06 14:00:05,389 [Listener at 127.0.0.1/40279] WARN  impl.MetricsSystemImpl (MetricsSystemImpl.java:register(279)) - Sink prometheus already exists!
2023-01-06 14:00:05,389 [Listener at 127.0.0.1/40279] INFO  http.BaseHttpServer (BaseHttpServer.java:updateConnectorAddress(333)) - HTTP server of hddsDatanode listening at http://0.0.0.0:43769
2023-01-06 14:00:05,390 [Datanode State Machine Daemon Thread] INFO  statemachine.DatanodeStateMachine (DatanodeStateMachine.java:lambda$startDaemon$0(508)) - Ozone container server started.
2023-01-06 14:00:05,395 [Listener at 127.0.0.1/40279] WARN  impl.MetricRegistriesImpl (MetricRegistriesImpl.java:addReporterRegistration(111)) - New reporters are added after registries were created. Some metrics will be missing from the reporter. Please add reporter before adding any new registry.
2023-01-06 14:00:05,396 [Listener at 127.0.0.1/40279] WARN  impl.MetricRegistriesImpl (MetricRegistriesImpl.java:addReporterRegistration(111)) - New reporters are added after registries were created. Some metrics will be missing from the reporter. Please add reporter before adding any new registry.
2023-01-06 14:00:05,396 [Listener at 127.0.0.1/40279] INFO  impl.MetricsSystemImpl (MetricsSystemImpl.java:init(158)) - HddsDatanode metrics system started (again)
2023-01-06 14:00:05,409 [Listener at 127.0.0.1/40279] INFO  ozone.HddsDatanodeService (HddsDatanodeService.java:start(228)) - HddsDatanodeService host:fv-az28-147.ycjfjujedjyu5lezsnvlijijec.cx.internal.cloudapp.net ip:10.1.0.26
2023-01-06 14:00:05,415 [org.apache.hadoop.util.JvmPauseMonitor$Monitor@2f4ce9ad] INFO  util.JvmPauseMonitor (JvmPauseMonitor.java:run(188)) - Starting JVM pause monitor
2023-01-06 14:00:05,420 [Datanode State Machine Task Thread - 0] INFO  datanode.InitDatanodeState (InitDatanodeState.java:persistContainerDatanodeDetails(138)) - DatanodeDetails is persisted to /home/runner/work/ozone/ozone/hadoop-ozone/integration-test/target/test-dir/MiniOzoneClusterImpl-2de58cfc-ec7c-41ac-af7d-ad40b55ccb4e/datanode-3/meta/datanode.id
2023-01-06 14:00:05,432 [Listener at 127.0.0.1/40279] INFO  upgrade.AbstractLayoutVersionManager (AbstractLayoutVersionManager.java:init(83)) - Initializing Layout version manager with metadata layout = DATANODE_SCHEMA_V3 (version = 4), software layout = DATANODE_SCHEMA_V3 (version = 4)
2023-01-06 14:00:05,489 [Listener at 127.0.0.1/40279] INFO  reflections.Reflections (Reflections.java:scan(232)) - Reflections took 52 ms to scan 7 urls, producing 146 keys and 350 values 
2023-01-06 14:00:05,490 [Listener at 127.0.0.1/40279] INFO  statemachine.DatanodeStateMachine (DatanodeStateMachine.java:getEndPointTaskThreadPoolSize(248)) - Datanode State Machine Task Thread Pool size 2
2023-01-06 14:00:05,492 [Listener at 127.0.0.1/40279] INFO  volume.HddsVolume (HddsVolume.java:<init>(117)) - Creating HddsVolume: /home/runner/work/ozone/ozone/hadoop-ozone/integration-test/target/test-dir/MiniOzoneClusterImpl-2de58cfc-ec7c-41ac-af7d-ad40b55ccb4e/datanode-4/data-0/containers/hdds of storage type : DISK capacity : 9223372036854775807
2023-01-06 14:00:05,492 [Listener at 127.0.0.1/40279] INFO  volume.MutableVolumeSet (MutableVolumeSet.java:initializeVolumeSet(174)) - Added Volume : /home/runner/work/ozone/ozone/hadoop-ozone/integration-test/target/test-dir/MiniOzoneClusterImpl-2de58cfc-ec7c-41ac-af7d-ad40b55ccb4e/datanode-4/data-0/containers/hdds to VolumeSet
2023-01-06 14:00:05,492 [Listener at 127.0.0.1/40279] INFO  volume.ThrottledAsyncChecker (ThrottledAsyncChecker.java:schedule(141)) - Scheduling a check for /home/runner/work/ozone/ozone/hadoop-ozone/integration-test/target/test-dir/MiniOzoneClusterImpl-2de58cfc-ec7c-41ac-af7d-ad40b55ccb4e/datanode-4/data-0/containers/hdds
2023-01-06 14:00:05,493 [Listener at 127.0.0.1/40279] INFO  volume.StorageVolumeChecker (StorageVolumeChecker.java:checkAllVolumes(202)) - Scheduled health check for volume /home/runner/work/ozone/ozone/hadoop-ozone/integration-test/target/test-dir/MiniOzoneClusterImpl-2de58cfc-ec7c-41ac-af7d-ad40b55ccb4e/datanode-4/data-0/containers/hdds
2023-01-06 14:00:05,504 [Listener at 127.0.0.1/40279] INFO  volume.MutableVolumeSet (MutableVolumeSet.java:initializeVolumeSet(174)) - Added Volume : /home/runner/work/ozone/ozone/hadoop-ozone/integration-test/target/test-dir/MiniOzoneClusterImpl-2de58cfc-ec7c-41ac-af7d-ad40b55ccb4e/datanode-4/data/ratis to VolumeSet
2023-01-06 14:00:05,504 [Listener at 127.0.0.1/40279] INFO  volume.ThrottledAsyncChecker (ThrottledAsyncChecker.java:schedule(141)) - Scheduling a check for /home/runner/work/ozone/ozone/hadoop-ozone/integration-test/target/test-dir/MiniOzoneClusterImpl-2de58cfc-ec7c-41ac-af7d-ad40b55ccb4e/datanode-4/data/ratis
2023-01-06 14:00:05,504 [Listener at 127.0.0.1/40279] INFO  volume.StorageVolumeChecker (StorageVolumeChecker.java:checkAllVolumes(202)) - Scheduled health check for volume /home/runner/work/ozone/ozone/hadoop-ozone/integration-test/target/test-dir/MiniOzoneClusterImpl-2de58cfc-ec7c-41ac-af7d-ad40b55ccb4e/datanode-4/data/ratis
2023-01-06 14:00:05,515 [Thread-194] INFO  ozoneimpl.ContainerReader (ContainerReader.java:readVolume(175)) - Finish verifying containers on volume /home/runner/work/ozone/ozone/hadoop-ozone/integration-test/target/test-dir/MiniOzoneClusterImpl-2de58cfc-ec7c-41ac-af7d-ad40b55ccb4e/datanode-4/data-0/containers/hdds
2023-01-06 14:00:05,515 [Listener at 127.0.0.1/40279] INFO  ozoneimpl.OzoneContainer (OzoneContainer.java:buildContainerSet(301)) - Build ContainerSet costs 0s
2023-01-06 14:00:05,517 [Listener at 127.0.0.1/40279] INFO  server.RaftServer (ConfUtils.java:logGet(46)) - raft.rpc.type = GRPC (default)
2023-01-06 14:00:05,518 [Listener at 127.0.0.1/40279] INFO  grpc.GrpcConfigKeys (ConfUtils.java:logFallback(53)) - raft.grpc.admin.host = null (fallback to raft.grpc.server.host)
2023-01-06 14:00:05,518 [Listener at 127.0.0.1/40279] INFO  grpc.GrpcConfigKeys (ConfUtils.java:logGet(46)) - raft.grpc.admin.port = 0 (custom)
2023-01-06 14:00:05,518 [Listener at 127.0.0.1/40279] INFO  grpc.GrpcConfigKeys (ConfUtils.java:logFallback(53)) - raft.grpc.client.host = null (fallback to raft.grpc.server.host)
2023-01-06 14:00:05,518 [Listener at 127.0.0.1/40279] INFO  grpc.GrpcConfigKeys (ConfUtils.java:logGet(46)) - raft.grpc.client.port = 0 (custom)
2023-01-06 14:00:05,518 [Listener at 127.0.0.1/40279] INFO  grpc.GrpcConfigKeys (ConfUtils.java:logGet(46)) - raft.grpc.server.host = null (default)
2023-01-06 14:00:05,518 [Listener at 127.0.0.1/40279] INFO  grpc.GrpcConfigKeys (ConfUtils.java:logGet(46)) - raft.grpc.server.port = 0 (default)
2023-01-06 14:00:05,518 [Listener at 127.0.0.1/40279] INFO  server.GrpcService (ConfUtils.java:logGet(46)) - raft.grpc.message.size.max = 32MB (=33554432) (custom)
2023-01-06 14:00:05,518 [Listener at 127.0.0.1/40279] INFO  server.RaftServerConfigKeys (ConfUtils.java:logGet(46)) - raft.server.log.appender.buffer.byte-limit = 33554432 (custom)
2023-01-06 14:00:05,518 [Listener at 127.0.0.1/40279] INFO  server.GrpcService (ConfUtils.java:logGet(46)) - raft.grpc.flow.control.window = 5MB (=5242880) (custom)
2023-01-06 14:00:05,518 [Listener at 127.0.0.1/40279] INFO  server.RaftServerConfigKeys (ConfUtils.java:logGet(46)) - raft.server.rpc.request.timeout = 60s (custom)
2023-01-06 14:00:05,518 [Listener at 127.0.0.1/40279] INFO  grpc.GrpcConfigKeys (ConfUtils.java:logGet(46)) - raft.grpc.server.heartbeat.channel = true (default)
2023-01-06 14:00:05,519 [Listener at 127.0.0.1/40279] INFO  grpc.GrpcConfigKeys (ConfUtils.java:logGet(46)) - raft.grpc.server.async.request.thread.pool.cached = true (default)
2023-01-06 14:00:05,519 [Listener at 127.0.0.1/40279] INFO  grpc.GrpcConfigKeys (ConfUtils.java:logGet(46)) - raft.grpc.server.async.request.thread.pool.size = 32 (default)
2023-01-06 14:00:05,519 [Listener at 127.0.0.1/40279] INFO  impl.DataStreamServerImpl (ConfUtils.java:logGet(46)) - raft.datastream.type = NETTY (custom)
2023-01-06 14:00:05,520 [Listener at 127.0.0.1/40279] INFO  server.RaftServerConfigKeys (ConfUtils.java:logGet(46)) - raft.server.data-stream.async.request.thread.pool.cached = false (default)
2023-01-06 14:00:05,520 [Listener at 127.0.0.1/40279] INFO  server.RaftServerConfigKeys (ConfUtils.java:logGet(46)) - raft.server.data-stream.async.request.thread.pool.size = 20 (custom)
2023-01-06 14:00:05,520 [Listener at 127.0.0.1/40279] INFO  server.RaftServerConfigKeys (ConfUtils.java:logGet(46)) - raft.server.data-stream.async.write.thread.pool.size = 16 (default)
2023-01-06 14:00:05,520 [Listener at 127.0.0.1/40279] INFO  server.RaftServerConfigKeys (ConfUtils.java:logGet(46)) - raft.server.data-stream.client.pool.size = 10 (default)
2023-01-06 14:00:05,520 [Listener at 127.0.0.1/40279] INFO  netty.NettyConfigKeys$DataStream (ConfUtils.java:logGet(46)) - raft.netty.dataStream.server.use-epoll = false (default)
2023-01-06 14:00:05,520 [Listener at 127.0.0.1/40279] INFO  netty.NettyConfigKeys$DataStream (ConfUtils.java:logGet(46)) - raft.netty.dataStream.server.boss-group.size = 0 (default)
2023-01-06 14:00:05,521 [Listener at 127.0.0.1/40279] INFO  netty.NettyConfigKeys$DataStream (ConfUtils.java:logGet(46)) - raft.netty.dataStream.server.worker-group.size = 0 (default)
2023-01-06 14:00:05,521 [Listener at 127.0.0.1/40279] INFO  netty.NettyConfigKeys$DataStream (ConfUtils.java:logGet(46)) - raft.netty.dataStream.server.tls.conf = null (default)
2023-01-06 14:00:05,521 [Listener at 127.0.0.1/40279] INFO  netty.NettyConfigKeys$DataStream (ConfUtils.java:logGet(46)) - raft.netty.dataStream.host = null (default)
2023-01-06 14:00:05,521 [Listener at 127.0.0.1/40279] INFO  netty.NettyConfigKeys$DataStream (ConfUtils.java:logGet(46)) - raft.netty.dataStream.port = 0 (default)
2023-01-06 14:00:05,522 [Listener at 127.0.0.1/40279] INFO  server.RaftServerConfigKeys (ConfUtils.java:logGet(46)) - raft.server.threadpool.proxy.cached = true (default)
2023-01-06 14:00:05,522 [Listener at 127.0.0.1/40279] INFO  server.RaftServerConfigKeys (ConfUtils.java:logGet(46)) - raft.server.threadpool.proxy.size = 0 (default)
2023-01-06 14:00:05,523 [Listener at 127.0.0.1/40279] INFO  server.RaftServerConfigKeys (ConfUtils.java:logGet(46)) - raft.server.rpc.slowness.timeout = 300s (custom)
2023-01-06 14:00:05,524 [Listener at 127.0.0.1/40279] INFO  server.RaftServerConfigKeys (ConfUtils.java:logGet(46)) - raft.server.leaderelection.leader.step-down.wait-time = 10s (default)
2023-01-06 14:00:05,524 [Listener at 127.0.0.1/40279] INFO  server.RaftServerConfigKeys (ConfUtils.java:logGet(46)) - raft.server.storage.dir = [/home/runner/work/ozone/ozone/hadoop-ozone/integration-test/target/test-dir/MiniOzoneClusterImpl-2de58cfc-ec7c-41ac-af7d-ad40b55ccb4e/datanode-4/data/ratis] (custom)
2023-01-06 14:00:05,529 [4b735870-47c9-40f5-bf86-6fbe739ba238-NettyServerStreamRpc-bossGroup--thread1] INFO  logging.LoggingHandler (AbstractInternalLogger.java:log(148)) - [id: 0x308dafe9] REGISTERED
2023-01-06 14:00:05,529 [4b735870-47c9-40f5-bf86-6fbe739ba238-NettyServerStreamRpc-bossGroup--thread1] INFO  logging.LoggingHandler (AbstractInternalLogger.java:log(148)) - [id: 0x308dafe9] BIND: 0.0.0.0/0.0.0.0:0
2023-01-06 14:00:05,529 [4b735870-47c9-40f5-bf86-6fbe739ba238-NettyServerStreamRpc-bossGroup--thread1] INFO  logging.LoggingHandler (AbstractInternalLogger.java:log(148)) - [id: 0x308dafe9, L:/0:0:0:0:0:0:0:0:34319] ACTIVE
2023-01-06 14:00:05,531 [Listener at 127.0.0.1/40279] INFO  server.XceiverServerGrpc (XceiverServerGrpc.java:<init>(132)) - GrpcServer channel type EpollServerSocketChannel
2023-01-06 14:00:05,542 [Listener at 127.0.0.1/40279] INFO  http.BaseHttpServer (BaseHttpServer.java:newHttpServer2BuilderForOzone(213)) - Starting Web-server for hddsDatanode at: http://0.0.0.0:0
2023-01-06 14:00:05,543 [Listener at 127.0.0.1/40279] INFO  http.BaseHttpServer (BaseHttpServer.java:<init>(108)) - Hadoop Security Enabled: false Ozone Security Enabled: false Ozone HTTP Security Enabled: false 
2023-01-06 14:00:05,544 [Listener at 127.0.0.1/40279] WARN  server.AuthenticationFilter (AuthenticationFilter.java:constructSecretProvider(240)) - Unable to initialize FileSignerSecretProvider, falling back to use random secrets. Reason: Could not read signature secret file: /home/runner/hadoop-http-auth-signature-secret
2023-01-06 14:00:05,544 [Listener at 127.0.0.1/40279] WARN  http.HttpRequestLog (HttpRequestLog.java:getRequestLog(103)) - Jetty request log can only be enabled using Log4j
2023-01-06 14:00:05,546 [Listener at 127.0.0.1/40279] INFO  http.HttpServer2 (HttpServer2.java:addGlobalFilter(1031)) - Added global filter 'safety' (class=org.apache.hadoop.hdds.server.http.HttpServer2$QuotingInputFilter)
2023-01-06 14:00:05,547 [Listener at 127.0.0.1/40279] INFO  http.HttpServer2 (HttpServer2.java:addFilter(1007)) - Added filter static_user_filter (class=org.apache.hadoop.http.lib.StaticUserWebFilter$StaticUserFilter) to context hddsDatanode
2023-01-06 14:00:05,548 [Listener at 127.0.0.1/40279] INFO  http.HttpServer2 (HttpServer2.java:addFilter(1015)) - Added filter static_user_filter (class=org.apache.hadoop.http.lib.StaticUserWebFilter$StaticUserFilter) to context static
2023-01-06 14:00:05,548 [Listener at 127.0.0.1/40279] INFO  http.HttpServer2 (HttpServer2.java:addFilter(1015)) - Added filter static_user_filter (class=org.apache.hadoop.http.lib.StaticUserWebFilter$StaticUserFilter) to context logs
2023-01-06 14:00:05,549 [Listener at 127.0.0.1/40279] INFO  http.HttpServer2 (HttpServer2.java:bindListener(1250)) - Jetty bound to port 41713
2023-01-06 14:00:05,549 [Listener at 127.0.0.1/40279] INFO  server.Server (Server.java:doStart(375)) - jetty-9.4.49.v20220914; built: 2022-09-14T01:07:36.601Z; git: 4231a3b2e4cb8548a412a789936d640a97b1aa0a; jvm 1.8.0_352-b08
2023-01-06 14:00:05,551 [Listener at 127.0.0.1/40279] INFO  server.session (DefaultSessionIdManager.java:doStart(334)) - DefaultSessionIdManager workerName=node0
2023-01-06 14:00:05,551 [Listener at 127.0.0.1/40279] INFO  server.session (DefaultSessionIdManager.java:doStart(339)) - No SessionScavenger set, using defaults
2023-01-06 14:00:05,551 [Listener at 127.0.0.1/40279] INFO  server.session (HouseKeeper.java:startScavenging(132)) - node0 Scavenging every 600000ms
2023-01-06 14:00:05,552 [Listener at 127.0.0.1/40279] INFO  handler.ContextHandler (ContextHandler.java:doStart(921)) - Started o.e.j.s.ServletContextHandler@70baacc7{logs,/logs,file:///home/runner/work/ozone/ozone/hadoop-ozone/integration-test/target/log,AVAILABLE}
2023-01-06 14:00:05,553 [Listener at 127.0.0.1/40279] INFO  handler.ContextHandler (ContextHandler.java:doStart(921)) - Started o.e.j.s.ServletContextHandler@14189fcc{static,/static,jar:file:/home/runner/.m2/repository/org/apache/ozone/hdds-container-service/1.4.0-SNAPSHOT/hdds-container-service-1.4.0-SNAPSHOT.jar!/webapps/static,AVAILABLE}
2023-01-06 14:00:05,729 [Listener at 127.0.0.1/40279] INFO  handler.ContextHandler (ContextHandler.java:doStart(921)) - Started o.e.j.w.WebAppContext@4a1450ab{hddsDatanode,/,file:///tmp/jetty-0_0_0_0-41713-hdds-container-service-1_4_0-SNAPSHOT_jar-_-any-313323796605458797/webapp/,AVAILABLE}{jar:file:/home/runner/.m2/repository/org/apache/ozone/hdds-container-service/1.4.0-SNAPSHOT/hdds-container-service-1.4.0-SNAPSHOT.jar!/webapps/hddsDatanode}
2023-01-06 14:00:05,730 [Listener at 127.0.0.1/40279] INFO  server.AbstractConnector (AbstractConnector.java:doStart(333)) - Started ServerConnector@97d0d1a{HTTP/1.1, (http/1.1)}{0.0.0.0:41713}
2023-01-06 14:00:05,730 [Listener at 127.0.0.1/40279] INFO  server.Server (Server.java:doStart(415)) - Started @8904ms
2023-01-06 14:00:05,730 [Listener at 127.0.0.1/40279] WARN  impl.MetricsSystemImpl (MetricsSystemImpl.java:register(279)) - Sink prometheus already exists!
2023-01-06 14:00:05,731 [Listener at 127.0.0.1/40279] INFO  http.BaseHttpServer (BaseHttpServer.java:updateConnectorAddress(333)) - HTTP server of hddsDatanode listening at http://0.0.0.0:41713
2023-01-06 14:00:05,731 [Datanode State Machine Daemon Thread] INFO  statemachine.DatanodeStateMachine (DatanodeStateMachine.java:lambda$startDaemon$0(508)) - Ozone container server started.
2023-01-06 14:00:05,731 [Listener at 127.0.0.1/40279] WARN  impl.MetricRegistriesImpl (MetricRegistriesImpl.java:addReporterRegistration(111)) - New reporters are added after registries were created. Some metrics will be missing from the reporter. Please add reporter before adding any new registry.
2023-01-06 14:00:05,733 [Listener at 127.0.0.1/40279] WARN  impl.MetricRegistriesImpl (MetricRegistriesImpl.java:addReporterRegistration(111)) - New reporters are added after registries were created. Some metrics will be missing from the reporter. Please add reporter before adding any new registry.
2023-01-06 14:00:05,733 [Listener at 127.0.0.1/40279] INFO  impl.MetricsSystemImpl (MetricsSystemImpl.java:init(158)) - HddsDatanode metrics system started (again)
2023-01-06 14:00:05,744 [Listener at 127.0.0.1/40279] INFO  ozone.HddsDatanodeService (HddsDatanodeService.java:start(228)) - HddsDatanodeService host:fv-az28-147.ycjfjujedjyu5lezsnvlijijec.cx.internal.cloudapp.net ip:10.1.0.26
2023-01-06 14:00:05,744 [org.apache.hadoop.util.JvmPauseMonitor$Monitor@272db3de] INFO  util.JvmPauseMonitor (JvmPauseMonitor.java:run(188)) - Starting JVM pause monitor
2023-01-06 14:00:05,746 [Datanode State Machine Task Thread - 0] INFO  datanode.InitDatanodeState (InitDatanodeState.java:persistContainerDatanodeDetails(138)) - DatanodeDetails is persisted to /home/runner/work/ozone/ozone/hadoop-ozone/integration-test/target/test-dir/MiniOzoneClusterImpl-2de58cfc-ec7c-41ac-af7d-ad40b55ccb4e/datanode-4/meta/datanode.id
2023-01-06 14:00:05,764 [Listener at 127.0.0.1/40279] INFO  upgrade.AbstractLayoutVersionManager (AbstractLayoutVersionManager.java:init(83)) - Initializing Layout version manager with metadata layout = DATANODE_SCHEMA_V3 (version = 4), software layout = DATANODE_SCHEMA_V3 (version = 4)
2023-01-06 14:00:05,809 [Listener at 127.0.0.1/40279] INFO  reflections.Reflections (Reflections.java:scan(232)) - Reflections took 43 ms to scan 7 urls, producing 146 keys and 350 values 
2023-01-06 14:00:05,810 [Listener at 127.0.0.1/40279] INFO  statemachine.DatanodeStateMachine (DatanodeStateMachine.java:getEndPointTaskThreadPoolSize(248)) - Datanode State Machine Task Thread Pool size 2
2023-01-06 14:00:05,814 [Listener at 127.0.0.1/40279] INFO  volume.HddsVolume (HddsVolume.java:<init>(117)) - Creating HddsVolume: /home/runner/work/ozone/ozone/hadoop-ozone/integration-test/target/test-dir/MiniOzoneClusterImpl-2de58cfc-ec7c-41ac-af7d-ad40b55ccb4e/datanode-5/data-0/containers/hdds of storage type : DISK capacity : 9223372036854775807
2023-01-06 14:00:05,814 [Listener at 127.0.0.1/40279] INFO  volume.MutableVolumeSet (MutableVolumeSet.java:initializeVolumeSet(174)) - Added Volume : /home/runner/work/ozone/ozone/hadoop-ozone/integration-test/target/test-dir/MiniOzoneClusterImpl-2de58cfc-ec7c-41ac-af7d-ad40b55ccb4e/datanode-5/data-0/containers/hdds to VolumeSet
2023-01-06 14:00:05,814 [Listener at 127.0.0.1/40279] INFO  volume.ThrottledAsyncChecker (ThrottledAsyncChecker.java:schedule(141)) - Scheduling a check for /home/runner/work/ozone/ozone/hadoop-ozone/integration-test/target/test-dir/MiniOzoneClusterImpl-2de58cfc-ec7c-41ac-af7d-ad40b55ccb4e/datanode-5/data-0/containers/hdds
2023-01-06 14:00:05,817 [Listener at 127.0.0.1/40279] INFO  volume.StorageVolumeChecker (StorageVolumeChecker.java:checkAllVolumes(202)) - Scheduled health check for volume /home/runner/work/ozone/ozone/hadoop-ozone/integration-test/target/test-dir/MiniOzoneClusterImpl-2de58cfc-ec7c-41ac-af7d-ad40b55ccb4e/datanode-5/data-0/containers/hdds
2023-01-06 14:00:05,827 [Listener at 127.0.0.1/40279] INFO  volume.MutableVolumeSet (MutableVolumeSet.java:initializeVolumeSet(174)) - Added Volume : /home/runner/work/ozone/ozone/hadoop-ozone/integration-test/target/test-dir/MiniOzoneClusterImpl-2de58cfc-ec7c-41ac-af7d-ad40b55ccb4e/datanode-5/data/ratis to VolumeSet
2023-01-06 14:00:05,827 [Listener at 127.0.0.1/40279] INFO  volume.ThrottledAsyncChecker (ThrottledAsyncChecker.java:schedule(141)) - Scheduling a check for /home/runner/work/ozone/ozone/hadoop-ozone/integration-test/target/test-dir/MiniOzoneClusterImpl-2de58cfc-ec7c-41ac-af7d-ad40b55ccb4e/datanode-5/data/ratis
2023-01-06 14:00:05,828 [Listener at 127.0.0.1/40279] INFO  volume.StorageVolumeChecker (StorageVolumeChecker.java:checkAllVolumes(202)) - Scheduled health check for volume /home/runner/work/ozone/ozone/hadoop-ozone/integration-test/target/test-dir/MiniOzoneClusterImpl-2de58cfc-ec7c-41ac-af7d-ad40b55ccb4e/datanode-5/data/ratis
2023-01-06 14:00:05,837 [Thread-208] INFO  ozoneimpl.ContainerReader (ContainerReader.java:readVolume(175)) - Finish verifying containers on volume /home/runner/work/ozone/ozone/hadoop-ozone/integration-test/target/test-dir/MiniOzoneClusterImpl-2de58cfc-ec7c-41ac-af7d-ad40b55ccb4e/datanode-5/data-0/containers/hdds
2023-01-06 14:00:05,838 [Listener at 127.0.0.1/40279] INFO  ozoneimpl.OzoneContainer (OzoneContainer.java:buildContainerSet(301)) - Build ContainerSet costs 0s
2023-01-06 14:00:05,840 [Listener at 127.0.0.1/40279] INFO  server.RaftServer (ConfUtils.java:logGet(46)) - raft.rpc.type = GRPC (default)
2023-01-06 14:00:05,840 [Listener at 127.0.0.1/40279] INFO  grpc.GrpcConfigKeys (ConfUtils.java:logFallback(53)) - raft.grpc.admin.host = null (fallback to raft.grpc.server.host)
2023-01-06 14:00:05,840 [Listener at 127.0.0.1/40279] INFO  grpc.GrpcConfigKeys (ConfUtils.java:logGet(46)) - raft.grpc.admin.port = 0 (custom)
2023-01-06 14:00:05,841 [Listener at 127.0.0.1/40279] INFO  grpc.GrpcConfigKeys (ConfUtils.java:logFallback(53)) - raft.grpc.client.host = null (fallback to raft.grpc.server.host)
2023-01-06 14:00:05,841 [Listener at 127.0.0.1/40279] INFO  grpc.GrpcConfigKeys (ConfUtils.java:logGet(46)) - raft.grpc.client.port = 0 (custom)
2023-01-06 14:00:05,841 [Listener at 127.0.0.1/40279] INFO  grpc.GrpcConfigKeys (ConfUtils.java:logGet(46)) - raft.grpc.server.host = null (default)
2023-01-06 14:00:05,841 [Listener at 127.0.0.1/40279] INFO  grpc.GrpcConfigKeys (ConfUtils.java:logGet(46)) - raft.grpc.server.port = 0 (default)
2023-01-06 14:00:05,841 [Listener at 127.0.0.1/40279] INFO  server.GrpcService (ConfUtils.java:logGet(46)) - raft.grpc.message.size.max = 32MB (=33554432) (custom)
2023-01-06 14:00:05,841 [Listener at 127.0.0.1/40279] INFO  server.RaftServerConfigKeys (ConfUtils.java:logGet(46)) - raft.server.log.appender.buffer.byte-limit = 33554432 (custom)
2023-01-06 14:00:05,841 [Listener at 127.0.0.1/40279] INFO  server.GrpcService (ConfUtils.java:logGet(46)) - raft.grpc.flow.control.window = 5MB (=5242880) (custom)
2023-01-06 14:00:05,841 [Listener at 127.0.0.1/40279] INFO  server.RaftServerConfigKeys (ConfUtils.java:logGet(46)) - raft.server.rpc.request.timeout = 60s (custom)
2023-01-06 14:00:05,841 [Listener at 127.0.0.1/40279] INFO  grpc.GrpcConfigKeys (ConfUtils.java:logGet(46)) - raft.grpc.server.heartbeat.channel = true (default)
2023-01-06 14:00:05,841 [Listener at 127.0.0.1/40279] INFO  grpc.GrpcConfigKeys (ConfUtils.java:logGet(46)) - raft.grpc.server.async.request.thread.pool.cached = true (default)
2023-01-06 14:00:05,841 [Listener at 127.0.0.1/40279] INFO  grpc.GrpcConfigKeys (ConfUtils.java:logGet(46)) - raft.grpc.server.async.request.thread.pool.size = 32 (default)
2023-01-06 14:00:05,842 [Listener at 127.0.0.1/40279] INFO  impl.DataStreamServerImpl (ConfUtils.java:logGet(46)) - raft.datastream.type = NETTY (custom)
2023-01-06 14:00:05,843 [Listener at 127.0.0.1/40279] INFO  server.RaftServerConfigKeys (ConfUtils.java:logGet(46)) - raft.server.data-stream.async.request.thread.pool.cached = false (default)
2023-01-06 14:00:05,843 [Listener at 127.0.0.1/40279] INFO  server.RaftServerConfigKeys (ConfUtils.java:logGet(46)) - raft.server.data-stream.async.request.thread.pool.size = 20 (custom)
2023-01-06 14:00:05,843 [Listener at 127.0.0.1/40279] INFO  server.RaftServerConfigKeys (ConfUtils.java:logGet(46)) - raft.server.data-stream.async.write.thread.pool.size = 16 (default)
2023-01-06 14:00:05,843 [Listener at 127.0.0.1/40279] INFO  server.RaftServerConfigKeys (ConfUtils.java:logGet(46)) - raft.server.data-stream.client.pool.size = 10 (default)
2023-01-06 14:00:05,843 [Listener at 127.0.0.1/40279] INFO  netty.NettyConfigKeys$DataStream (ConfUtils.java:logGet(46)) - raft.netty.dataStream.server.use-epoll = false (default)
2023-01-06 14:00:05,843 [Listener at 127.0.0.1/40279] INFO  netty.NettyConfigKeys$DataStream (ConfUtils.java:logGet(46)) - raft.netty.dataStream.server.boss-group.size = 0 (default)
2023-01-06 14:00:05,843 [Listener at 127.0.0.1/40279] INFO  netty.NettyConfigKeys$DataStream (ConfUtils.java:logGet(46)) - raft.netty.dataStream.server.worker-group.size = 0 (default)
2023-01-06 14:00:05,844 [Listener at 127.0.0.1/40279] INFO  netty.NettyConfigKeys$DataStream (ConfUtils.java:logGet(46)) - raft.netty.dataStream.server.tls.conf = null (default)
2023-01-06 14:00:05,844 [Listener at 127.0.0.1/40279] INFO  netty.NettyConfigKeys$DataStream (ConfUtils.java:logGet(46)) - raft.netty.dataStream.host = null (default)
2023-01-06 14:00:05,844 [Listener at 127.0.0.1/40279] INFO  netty.NettyConfigKeys$DataStream (ConfUtils.java:logGet(46)) - raft.netty.dataStream.port = 0 (default)
2023-01-06 14:00:05,844 [Listener at 127.0.0.1/40279] INFO  server.RaftServerConfigKeys (ConfUtils.java:logGet(46)) - raft.server.threadpool.proxy.cached = true (default)
2023-01-06 14:00:05,844 [Listener at 127.0.0.1/40279] INFO  server.RaftServerConfigKeys (ConfUtils.java:logGet(46)) - raft.server.threadpool.proxy.size = 0 (default)
2023-01-06 14:00:05,844 [Listener at 127.0.0.1/40279] INFO  server.RaftServerConfigKeys (ConfUtils.java:logGet(46)) - raft.server.rpc.slowness.timeout = 300s (custom)
2023-01-06 14:00:05,844 [Listener at 127.0.0.1/40279] INFO  server.RaftServerConfigKeys (ConfUtils.java:logGet(46)) - raft.server.leaderelection.leader.step-down.wait-time = 10s (default)
2023-01-06 14:00:05,845 [Listener at 127.0.0.1/40279] INFO  server.RaftServerConfigKeys (ConfUtils.java:logGet(46)) - raft.server.storage.dir = [/home/runner/work/ozone/ozone/hadoop-ozone/integration-test/target/test-dir/MiniOzoneClusterImpl-2de58cfc-ec7c-41ac-af7d-ad40b55ccb4e/datanode-5/data/ratis] (custom)
2023-01-06 14:00:05,849 [2cd9f762-1be0-4b34-89df-a8822a289ddb-NettyServerStreamRpc-bossGroup--thread1] INFO  logging.LoggingHandler (AbstractInternalLogger.java:log(148)) - [id: 0x8c1ab2ea] REGISTERED
2023-01-06 14:00:05,849 [2cd9f762-1be0-4b34-89df-a8822a289ddb-NettyServerStreamRpc-bossGroup--thread1] INFO  logging.LoggingHandler (AbstractInternalLogger.java:log(148)) - [id: 0x8c1ab2ea] BIND: 0.0.0.0/0.0.0.0:0
2023-01-06 14:00:05,850 [2cd9f762-1be0-4b34-89df-a8822a289ddb-NettyServerStreamRpc-bossGroup--thread1] INFO  logging.LoggingHandler (AbstractInternalLogger.java:log(148)) - [id: 0x8c1ab2ea, L:/0:0:0:0:0:0:0:0:32929] ACTIVE
2023-01-06 14:00:05,850 [Listener at 127.0.0.1/40279] INFO  server.XceiverServerGrpc (XceiverServerGrpc.java:<init>(132)) - GrpcServer channel type EpollServerSocketChannel
2023-01-06 14:00:05,853 [Listener at 127.0.0.1/40279] INFO  http.BaseHttpServer (BaseHttpServer.java:newHttpServer2BuilderForOzone(213)) - Starting Web-server for hddsDatanode at: http://0.0.0.0:0
2023-01-06 14:00:05,853 [Listener at 127.0.0.1/40279] INFO  http.BaseHttpServer (BaseHttpServer.java:<init>(108)) - Hadoop Security Enabled: false Ozone Security Enabled: false Ozone HTTP Security Enabled: false 
2023-01-06 14:00:05,854 [Listener at 127.0.0.1/40279] WARN  server.AuthenticationFilter (AuthenticationFilter.java:constructSecretProvider(240)) - Unable to initialize FileSignerSecretProvider, falling back to use random secrets. Reason: Could not read signature secret file: /home/runner/hadoop-http-auth-signature-secret
2023-01-06 14:00:05,855 [Listener at 127.0.0.1/40279] WARN  http.HttpRequestLog (HttpRequestLog.java:getRequestLog(103)) - Jetty request log can only be enabled using Log4j
2023-01-06 14:00:05,856 [Listener at 127.0.0.1/40279] INFO  http.HttpServer2 (HttpServer2.java:addGlobalFilter(1031)) - Added global filter 'safety' (class=org.apache.hadoop.hdds.server.http.HttpServer2$QuotingInputFilter)
2023-01-06 14:00:05,857 [Listener at 127.0.0.1/40279] INFO  http.HttpServer2 (HttpServer2.java:addFilter(1007)) - Added filter static_user_filter (class=org.apache.hadoop.http.lib.StaticUserWebFilter$StaticUserFilter) to context hddsDatanode
2023-01-06 14:00:05,857 [Listener at 127.0.0.1/40279] INFO  http.HttpServer2 (HttpServer2.java:addFilter(1015)) - Added filter static_user_filter (class=org.apache.hadoop.http.lib.StaticUserWebFilter$StaticUserFilter) to context logs
2023-01-06 14:00:05,857 [Listener at 127.0.0.1/40279] INFO  http.HttpServer2 (HttpServer2.java:addFilter(1015)) - Added filter static_user_filter (class=org.apache.hadoop.http.lib.StaticUserWebFilter$StaticUserFilter) to context static
2023-01-06 14:00:05,857 [Listener at 127.0.0.1/40279] INFO  http.HttpServer2 (HttpServer2.java:bindListener(1250)) - Jetty bound to port 41105
2023-01-06 14:00:05,858 [Listener at 127.0.0.1/40279] INFO  server.Server (Server.java:doStart(375)) - jetty-9.4.49.v20220914; built: 2022-09-14T01:07:36.601Z; git: 4231a3b2e4cb8548a412a789936d640a97b1aa0a; jvm 1.8.0_352-b08
2023-01-06 14:00:05,860 [Listener at 127.0.0.1/40279] INFO  server.session (DefaultSessionIdManager.java:doStart(334)) - DefaultSessionIdManager workerName=node0
2023-01-06 14:00:05,860 [Listener at 127.0.0.1/40279] INFO  server.session (DefaultSessionIdManager.java:doStart(339)) - No SessionScavenger set, using defaults
2023-01-06 14:00:05,860 [Listener at 127.0.0.1/40279] INFO  server.session (HouseKeeper.java:startScavenging(132)) - node0 Scavenging every 660000ms
2023-01-06 14:00:05,860 [Listener at 127.0.0.1/40279] INFO  handler.ContextHandler (ContextHandler.java:doStart(921)) - Started o.e.j.s.ServletContextHandler@9d06580{logs,/logs,file:///home/runner/work/ozone/ozone/hadoop-ozone/integration-test/target/log,AVAILABLE}
2023-01-06 14:00:05,861 [Listener at 127.0.0.1/40279] INFO  handler.ContextHandler (ContextHandler.java:doStart(921)) - Started o.e.j.s.ServletContextHandler@cb8eeb6{static,/static,jar:file:/home/runner/.m2/repository/org/apache/ozone/hdds-container-service/1.4.0-SNAPSHOT/hdds-container-service-1.4.0-SNAPSHOT.jar!/webapps/static,AVAILABLE}
2023-01-06 14:00:06,038 [Listener at 127.0.0.1/40279] INFO  handler.ContextHandler (ContextHandler.java:doStart(921)) - Started o.e.j.w.WebAppContext@554b5c15{hddsDatanode,/,file:///tmp/jetty-0_0_0_0-41105-hdds-container-service-1_4_0-SNAPSHOT_jar-_-any-18075715362803182/webapp/,AVAILABLE}{jar:file:/home/runner/.m2/repository/org/apache/ozone/hdds-container-service/1.4.0-SNAPSHOT/hdds-container-service-1.4.0-SNAPSHOT.jar!/webapps/hddsDatanode}
2023-01-06 14:00:06,039 [Listener at 127.0.0.1/40279] INFO  server.AbstractConnector (AbstractConnector.java:doStart(333)) - Started ServerConnector@50567135{HTTP/1.1, (http/1.1)}{0.0.0.0:41105}
2023-01-06 14:00:06,040 [Listener at 127.0.0.1/40279] INFO  server.Server (Server.java:doStart(415)) - Started @9214ms
2023-01-06 14:00:06,040 [Listener at 127.0.0.1/40279] WARN  impl.MetricsSystemImpl (MetricsSystemImpl.java:register(279)) - Sink prometheus already exists!
2023-01-06 14:00:06,040 [Listener at 127.0.0.1/40279] INFO  http.BaseHttpServer (BaseHttpServer.java:updateConnectorAddress(333)) - HTTP server of hddsDatanode listening at http://0.0.0.0:41105
2023-01-06 14:00:06,041 [Listener at 127.0.0.1/40279] WARN  impl.MetricRegistriesImpl (MetricRegistriesImpl.java:addReporterRegistration(111)) - New reporters are added after registries were created. Some metrics will be missing from the reporter. Please add reporter before adding any new registry.
2023-01-06 14:00:06,041 [Listener at 127.0.0.1/40279] WARN  impl.MetricRegistriesImpl (MetricRegistriesImpl.java:addReporterRegistration(111)) - New reporters are added after registries were created. Some metrics will be missing from the reporter. Please add reporter before adding any new registry.
2023-01-06 14:00:06,041 [Listener at 127.0.0.1/40279] INFO  impl.MetricsSystemImpl (MetricsSystemImpl.java:init(158)) - HddsDatanode metrics system started (again)
2023-01-06 14:00:06,050 [Datanode State Machine Daemon Thread] INFO  statemachine.DatanodeStateMachine (DatanodeStateMachine.java:lambda$startDaemon$0(508)) - Ozone container server started.
2023-01-06 14:00:06,061 [Listener at 127.0.0.1/40279] INFO  ozone.HddsDatanodeService (HddsDatanodeService.java:start(228)) - HddsDatanodeService host:fv-az28-147.ycjfjujedjyu5lezsnvlijijec.cx.internal.cloudapp.net ip:10.1.0.26
2023-01-06 14:00:06,062 [org.apache.hadoop.util.JvmPauseMonitor$Monitor@3b6f2517] INFO  util.JvmPauseMonitor (JvmPauseMonitor.java:run(188)) - Starting JVM pause monitor
2023-01-06 14:00:06,064 [Datanode State Machine Task Thread - 0] INFO  datanode.InitDatanodeState (InitDatanodeState.java:persistContainerDatanodeDetails(138)) - DatanodeDetails is persisted to /home/runner/work/ozone/ozone/hadoop-ozone/integration-test/target/test-dir/MiniOzoneClusterImpl-2de58cfc-ec7c-41ac-af7d-ad40b55ccb4e/datanode-5/meta/datanode.id
2023-01-06 14:00:06,078 [Listener at 127.0.0.1/40279] INFO  upgrade.AbstractLayoutVersionManager (AbstractLayoutVersionManager.java:init(83)) - Initializing Layout version manager with metadata layout = DATANODE_SCHEMA_V3 (version = 4), software layout = DATANODE_SCHEMA_V3 (version = 4)
2023-01-06 14:00:06,126 [Listener at 127.0.0.1/40279] INFO  reflections.Reflections (Reflections.java:scan(232)) - Reflections took 47 ms to scan 7 urls, producing 146 keys and 350 values 
2023-01-06 14:00:06,127 [Listener at 127.0.0.1/40279] INFO  statemachine.DatanodeStateMachine (DatanodeStateMachine.java:getEndPointTaskThreadPoolSize(248)) - Datanode State Machine Task Thread Pool size 2
2023-01-06 14:00:06,129 [Listener at 127.0.0.1/40279] INFO  volume.HddsVolume (HddsVolume.java:<init>(117)) - Creating HddsVolume: /home/runner/work/ozone/ozone/hadoop-ozone/integration-test/target/test-dir/MiniOzoneClusterImpl-2de58cfc-ec7c-41ac-af7d-ad40b55ccb4e/datanode-6/data-0/containers/hdds of storage type : DISK capacity : 9223372036854775807
2023-01-06 14:00:06,129 [Listener at 127.0.0.1/40279] INFO  volume.MutableVolumeSet (MutableVolumeSet.java:initializeVolumeSet(174)) - Added Volume : /home/runner/work/ozone/ozone/hadoop-ozone/integration-test/target/test-dir/MiniOzoneClusterImpl-2de58cfc-ec7c-41ac-af7d-ad40b55ccb4e/datanode-6/data-0/containers/hdds to VolumeSet
2023-01-06 14:00:06,130 [Listener at 127.0.0.1/40279] INFO  volume.ThrottledAsyncChecker (ThrottledAsyncChecker.java:schedule(141)) - Scheduling a check for /home/runner/work/ozone/ozone/hadoop-ozone/integration-test/target/test-dir/MiniOzoneClusterImpl-2de58cfc-ec7c-41ac-af7d-ad40b55ccb4e/datanode-6/data-0/containers/hdds
2023-01-06 14:00:06,130 [Listener at 127.0.0.1/40279] INFO  volume.StorageVolumeChecker (StorageVolumeChecker.java:checkAllVolumes(202)) - Scheduled health check for volume /home/runner/work/ozone/ozone/hadoop-ozone/integration-test/target/test-dir/MiniOzoneClusterImpl-2de58cfc-ec7c-41ac-af7d-ad40b55ccb4e/datanode-6/data-0/containers/hdds
2023-01-06 14:00:06,141 [Listener at 127.0.0.1/40279] INFO  volume.MutableVolumeSet (MutableVolumeSet.java:initializeVolumeSet(174)) - Added Volume : /home/runner/work/ozone/ozone/hadoop-ozone/integration-test/target/test-dir/MiniOzoneClusterImpl-2de58cfc-ec7c-41ac-af7d-ad40b55ccb4e/datanode-6/data/ratis to VolumeSet
2023-01-06 14:00:06,141 [Listener at 127.0.0.1/40279] INFO  volume.ThrottledAsyncChecker (ThrottledAsyncChecker.java:schedule(141)) - Scheduling a check for /home/runner/work/ozone/ozone/hadoop-ozone/integration-test/target/test-dir/MiniOzoneClusterImpl-2de58cfc-ec7c-41ac-af7d-ad40b55ccb4e/datanode-6/data/ratis
2023-01-06 14:00:06,141 [Listener at 127.0.0.1/40279] INFO  volume.StorageVolumeChecker (StorageVolumeChecker.java:checkAllVolumes(202)) - Scheduled health check for volume /home/runner/work/ozone/ozone/hadoop-ozone/integration-test/target/test-dir/MiniOzoneClusterImpl-2de58cfc-ec7c-41ac-af7d-ad40b55ccb4e/datanode-6/data/ratis
2023-01-06 14:00:06,155 [Thread-222] INFO  ozoneimpl.ContainerReader (ContainerReader.java:readVolume(175)) - Finish verifying containers on volume /home/runner/work/ozone/ozone/hadoop-ozone/integration-test/target/test-dir/MiniOzoneClusterImpl-2de58cfc-ec7c-41ac-af7d-ad40b55ccb4e/datanode-6/data-0/containers/hdds
2023-01-06 14:00:06,155 [Listener at 127.0.0.1/40279] INFO  ozoneimpl.OzoneContainer (OzoneContainer.java:buildContainerSet(301)) - Build ContainerSet costs 0s
2023-01-06 14:00:06,158 [Listener at 127.0.0.1/40279] INFO  server.RaftServer (ConfUtils.java:logGet(46)) - raft.rpc.type = GRPC (default)
2023-01-06 14:00:06,158 [Listener at 127.0.0.1/40279] INFO  grpc.GrpcConfigKeys (ConfUtils.java:logFallback(53)) - raft.grpc.admin.host = null (fallback to raft.grpc.server.host)
2023-01-06 14:00:06,158 [Listener at 127.0.0.1/40279] INFO  grpc.GrpcConfigKeys (ConfUtils.java:logGet(46)) - raft.grpc.admin.port = 0 (custom)
2023-01-06 14:00:06,158 [Listener at 127.0.0.1/40279] INFO  grpc.GrpcConfigKeys (ConfUtils.java:logFallback(53)) - raft.grpc.client.host = null (fallback to raft.grpc.server.host)
2023-01-06 14:00:06,158 [Listener at 127.0.0.1/40279] INFO  grpc.GrpcConfigKeys (ConfUtils.java:logGet(46)) - raft.grpc.client.port = 0 (custom)
2023-01-06 14:00:06,158 [Listener at 127.0.0.1/40279] INFO  grpc.GrpcConfigKeys (ConfUtils.java:logGet(46)) - raft.grpc.server.host = null (default)
2023-01-06 14:00:06,158 [Listener at 127.0.0.1/40279] INFO  grpc.GrpcConfigKeys (ConfUtils.java:logGet(46)) - raft.grpc.server.port = 0 (default)
2023-01-06 14:00:06,159 [Listener at 127.0.0.1/40279] INFO  server.GrpcService (ConfUtils.java:logGet(46)) - raft.grpc.message.size.max = 32MB (=33554432) (custom)
2023-01-06 14:00:06,159 [Listener at 127.0.0.1/40279] INFO  server.RaftServerConfigKeys (ConfUtils.java:logGet(46)) - raft.server.log.appender.buffer.byte-limit = 33554432 (custom)
2023-01-06 14:00:06,159 [Listener at 127.0.0.1/40279] INFO  server.GrpcService (ConfUtils.java:logGet(46)) - raft.grpc.flow.control.window = 5MB (=5242880) (custom)
2023-01-06 14:00:06,159 [Listener at 127.0.0.1/40279] INFO  server.RaftServerConfigKeys (ConfUtils.java:logGet(46)) - raft.server.rpc.request.timeout = 60s (custom)
2023-01-06 14:00:06,159 [Listener at 127.0.0.1/40279] INFO  grpc.GrpcConfigKeys (ConfUtils.java:logGet(46)) - raft.grpc.server.heartbeat.channel = true (default)
2023-01-06 14:00:06,159 [Listener at 127.0.0.1/40279] INFO  grpc.GrpcConfigKeys (ConfUtils.java:logGet(46)) - raft.grpc.server.async.request.thread.pool.cached = true (default)
2023-01-06 14:00:06,159 [Listener at 127.0.0.1/40279] INFO  grpc.GrpcConfigKeys (ConfUtils.java:logGet(46)) - raft.grpc.server.async.request.thread.pool.size = 32 (default)
2023-01-06 14:00:06,160 [Listener at 127.0.0.1/40279] INFO  impl.DataStreamServerImpl (ConfUtils.java:logGet(46)) - raft.datastream.type = NETTY (custom)
2023-01-06 14:00:06,160 [Listener at 127.0.0.1/40279] INFO  server.RaftServerConfigKeys (ConfUtils.java:logGet(46)) - raft.server.data-stream.async.request.thread.pool.cached = false (default)
2023-01-06 14:00:06,160 [Listener at 127.0.0.1/40279] INFO  server.RaftServerConfigKeys (ConfUtils.java:logGet(46)) - raft.server.data-stream.async.request.thread.pool.size = 20 (custom)
2023-01-06 14:00:06,160 [Listener at 127.0.0.1/40279] INFO  server.RaftServerConfigKeys (ConfUtils.java:logGet(46)) - raft.server.data-stream.async.write.thread.pool.size = 16 (default)
2023-01-06 14:00:06,160 [Listener at 127.0.0.1/40279] INFO  server.RaftServerConfigKeys (ConfUtils.java:logGet(46)) - raft.server.data-stream.client.pool.size = 10 (default)
2023-01-06 14:00:06,161 [Listener at 127.0.0.1/40279] INFO  netty.NettyConfigKeys$DataStream (ConfUtils.java:logGet(46)) - raft.netty.dataStream.server.use-epoll = false (default)
2023-01-06 14:00:06,161 [Listener at 127.0.0.1/40279] INFO  netty.NettyConfigKeys$DataStream (ConfUtils.java:logGet(46)) - raft.netty.dataStream.server.boss-group.size = 0 (default)
2023-01-06 14:00:06,161 [Listener at 127.0.0.1/40279] INFO  netty.NettyConfigKeys$DataStream (ConfUtils.java:logGet(46)) - raft.netty.dataStream.server.worker-group.size = 0 (default)
2023-01-06 14:00:06,161 [Listener at 127.0.0.1/40279] INFO  netty.NettyConfigKeys$DataStream (ConfUtils.java:logGet(46)) - raft.netty.dataStream.server.tls.conf = null (default)
2023-01-06 14:00:06,161 [Listener at 127.0.0.1/40279] INFO  netty.NettyConfigKeys$DataStream (ConfUtils.java:logGet(46)) - raft.netty.dataStream.host = null (default)
2023-01-06 14:00:06,161 [Listener at 127.0.0.1/40279] INFO  netty.NettyConfigKeys$DataStream (ConfUtils.java:logGet(46)) - raft.netty.dataStream.port = 0 (default)
2023-01-06 14:00:06,162 [Listener at 127.0.0.1/40279] INFO  server.RaftServerConfigKeys (ConfUtils.java:logGet(46)) - raft.server.threadpool.proxy.cached = true (default)
2023-01-06 14:00:06,162 [Listener at 127.0.0.1/40279] INFO  server.RaftServerConfigKeys (ConfUtils.java:logGet(46)) - raft.server.threadpool.proxy.size = 0 (default)
2023-01-06 14:00:06,162 [Listener at 127.0.0.1/40279] INFO  server.RaftServerConfigKeys (ConfUtils.java:logGet(46)) - raft.server.rpc.slowness.timeout = 300s (custom)
2023-01-06 14:00:06,162 [Listener at 127.0.0.1/40279] INFO  server.RaftServerConfigKeys (ConfUtils.java:logGet(46)) - raft.server.leaderelection.leader.step-down.wait-time = 10s (default)
2023-01-06 14:00:06,162 [Listener at 127.0.0.1/40279] INFO  server.RaftServerConfigKeys (ConfUtils.java:logGet(46)) - raft.server.storage.dir = [/home/runner/work/ozone/ozone/hadoop-ozone/integration-test/target/test-dir/MiniOzoneClusterImpl-2de58cfc-ec7c-41ac-af7d-ad40b55ccb4e/datanode-6/data/ratis] (custom)
2023-01-06 14:00:06,167 [Listener at 127.0.0.1/40279] INFO  server.XceiverServerGrpc (XceiverServerGrpc.java:<init>(132)) - GrpcServer channel type EpollServerSocketChannel
2023-01-06 14:00:06,194 [f730f9a1-8dfc-4d4c-b54c-7d4e94fcccb5-NettyServerStreamRpc-bossGroup--thread1] INFO  logging.LoggingHandler (AbstractInternalLogger.java:log(148)) - [id: 0x08ab86a3] REGISTERED
2023-01-06 14:00:06,194 [f730f9a1-8dfc-4d4c-b54c-7d4e94fcccb5-NettyServerStreamRpc-bossGroup--thread1] INFO  logging.LoggingHandler (AbstractInternalLogger.java:log(148)) - [id: 0x08ab86a3] BIND: 0.0.0.0/0.0.0.0:0
2023-01-06 14:00:06,195 [Listener at 127.0.0.1/40279] INFO  http.BaseHttpServer (BaseHttpServer.java:newHttpServer2BuilderForOzone(213)) - Starting Web-server for hddsDatanode at: http://0.0.0.0:0
2023-01-06 14:00:06,195 [Listener at 127.0.0.1/40279] INFO  http.BaseHttpServer (BaseHttpServer.java:<init>(108)) - Hadoop Security Enabled: false Ozone Security Enabled: false Ozone HTTP Security Enabled: false 
2023-01-06 14:00:06,197 [Listener at 127.0.0.1/40279] WARN  server.AuthenticationFilter (AuthenticationFilter.java:constructSecretProvider(240)) - Unable to initialize FileSignerSecretProvider, falling back to use random secrets. Reason: Could not read signature secret file: /home/runner/hadoop-http-auth-signature-secret
2023-01-06 14:00:06,198 [Listener at 127.0.0.1/40279] WARN  http.HttpRequestLog (HttpRequestLog.java:getRequestLog(103)) - Jetty request log can only be enabled using Log4j
2023-01-06 14:00:06,198 [f730f9a1-8dfc-4d4c-b54c-7d4e94fcccb5-NettyServerStreamRpc-bossGroup--thread1] INFO  logging.LoggingHandler (AbstractInternalLogger.java:log(148)) - [id: 0x08ab86a3, L:/0:0:0:0:0:0:0:0:46477] ACTIVE
2023-01-06 14:00:06,208 [Listener at 127.0.0.1/40279] INFO  http.HttpServer2 (HttpServer2.java:addGlobalFilter(1031)) - Added global filter 'safety' (class=org.apache.hadoop.hdds.server.http.HttpServer2$QuotingInputFilter)
2023-01-06 14:00:06,209 [Listener at 127.0.0.1/40279] INFO  http.HttpServer2 (HttpServer2.java:addFilter(1007)) - Added filter static_user_filter (class=org.apache.hadoop.http.lib.StaticUserWebFilter$StaticUserFilter) to context hddsDatanode
2023-01-06 14:00:06,210 [Listener at 127.0.0.1/40279] INFO  http.HttpServer2 (HttpServer2.java:addFilter(1015)) - Added filter static_user_filter (class=org.apache.hadoop.http.lib.StaticUserWebFilter$StaticUserFilter) to context logs
2023-01-06 14:00:06,210 [Listener at 127.0.0.1/40279] INFO  http.HttpServer2 (HttpServer2.java:addFilter(1015)) - Added filter static_user_filter (class=org.apache.hadoop.http.lib.StaticUserWebFilter$StaticUserFilter) to context static
2023-01-06 14:00:06,211 [Listener at 127.0.0.1/40279] INFO  http.HttpServer2 (HttpServer2.java:bindListener(1250)) - Jetty bound to port 37437
2023-01-06 14:00:06,211 [Listener at 127.0.0.1/40279] INFO  server.Server (Server.java:doStart(375)) - jetty-9.4.49.v20220914; built: 2022-09-14T01:07:36.601Z; git: 4231a3b2e4cb8548a412a789936d640a97b1aa0a; jvm 1.8.0_352-b08
2023-01-06 14:00:06,230 [Listener at 127.0.0.1/40279] INFO  server.session (DefaultSessionIdManager.java:doStart(334)) - DefaultSessionIdManager workerName=node0
2023-01-06 14:00:06,230 [Listener at 127.0.0.1/40279] INFO  server.session (DefaultSessionIdManager.java:doStart(339)) - No SessionScavenger set, using defaults
2023-01-06 14:00:06,237 [Listener at 127.0.0.1/40279] INFO  server.session (HouseKeeper.java:startScavenging(132)) - node0 Scavenging every 660000ms
2023-01-06 14:00:06,237 [Listener at 127.0.0.1/40279] INFO  handler.ContextHandler (ContextHandler.java:doStart(921)) - Started o.e.j.s.ServletContextHandler@4f338070{logs,/logs,file:///home/runner/work/ozone/ozone/hadoop-ozone/integration-test/target/log,AVAILABLE}
2023-01-06 14:00:06,237 [Listener at 127.0.0.1/40279] INFO  handler.ContextHandler (ContextHandler.java:doStart(921)) - Started o.e.j.s.ServletContextHandler@5dd94cfd{static,/static,jar:file:/home/runner/.m2/repository/org/apache/ozone/hdds-container-service/1.4.0-SNAPSHOT/hdds-container-service-1.4.0-SNAPSHOT.jar!/webapps/static,AVAILABLE}
2023-01-06 14:00:06,372 [EndpointStateMachine task thread for /0.0.0.0:36293 - 0 ] INFO  utils.DatanodeStoreCache (DatanodeStoreCache.java:addDB(58)) - Added db /home/runner/work/ozone/ozone/hadoop-ozone/integration-test/target/test-dir/MiniOzoneClusterImpl-2de58cfc-ec7c-41ac-af7d-ad40b55ccb4e/datanode-0/data-0/containers/hdds/2de58cfc-ec7c-41ac-af7d-ad40b55ccb4e/DS-00df9857-6d61-4d6f-91f7-fcae2f169e28/container.db to cache
2023-01-06 14:00:06,373 [EndpointStateMachine task thread for /0.0.0.0:36293 - 0 ] INFO  volume.HddsVolume (HddsVolume.java:createDbStore(307)) - SchemaV3 db is created and loaded at /home/runner/work/ozone/ozone/hadoop-ozone/integration-test/target/test-dir/MiniOzoneClusterImpl-2de58cfc-ec7c-41ac-af7d-ad40b55ccb4e/datanode-0/data-0/containers/hdds/2de58cfc-ec7c-41ac-af7d-ad40b55ccb4e/DS-00df9857-6d61-4d6f-91f7-fcae2f169e28/container.db for volume DS-00df9857-6d61-4d6f-91f7-fcae2f169e28
2023-01-06 14:00:06,373 [EndpointStateMachine task thread for /0.0.0.0:36293 - 0 ] INFO  ozoneimpl.OzoneContainer (OzoneContainer.java:start(395)) - Attempting to start container services.
2023-01-06 14:00:06,378 [EndpointStateMachine task thread for /0.0.0.0:36293 - 0 ] INFO  ozoneimpl.OzoneContainer (OzoneContainer.java:startContainerScrub(312)) - Scheduled background container scanners and the on-demand container scanner have been disabled.
2023-01-06 14:00:06,380 [EndpointStateMachine task thread for /0.0.0.0:36293 - 0 ] INFO  replication.ReplicationServer (ReplicationServer.java:start(106)) - ReplicationServer is started using port 46737
2023-01-06 14:00:06,382 [EndpointStateMachine task thread for /0.0.0.0:36293 - 0 ] INFO  ratis.XceiverServerRatis (XceiverServerRatis.java:start(517)) - Starting XceiverServerRatis fe41025e-da51-4673-994d-25a17fd926d9
2023-01-06 14:00:06,388 [EndpointStateMachine task thread for /0.0.0.0:36293 - 0 ] INFO  server.RaftServer (RaftServerProxy.java:startImpl(393)) - fe41025e-da51-4673-994d-25a17fd926d9: start RPC server
2023-01-06 14:00:06,394 [EndpointStateMachine task thread for /0.0.0.0:36293 - 0 ] INFO  server.GrpcService (GrpcService.java:startImpl(262)) - fe41025e-da51-4673-994d-25a17fd926d9: GrpcService started, listening on 46787
2023-01-06 14:00:06,405 [JvmPauseMonitor1] INFO  util.JvmPauseMonitor (JvmPauseMonitor.java:run(105)) - JvmPauseMonitor-fe41025e-da51-4673-994d-25a17fd926d9: Started
2023-01-06 14:00:06,405 [EndpointStateMachine task thread for /0.0.0.0:36293 - 0 ] INFO  ratis.XceiverServerRatis (XceiverServerRatis.java:getRealPort(543)) - XceiverServerRatis fe41025e-da51-4673-994d-25a17fd926d9 is started using port 46787 for RATIS
2023-01-06 14:00:06,405 [EndpointStateMachine task thread for /0.0.0.0:36293 - 0 ] INFO  ratis.XceiverServerRatis (XceiverServerRatis.java:getRealPort(543)) - XceiverServerRatis fe41025e-da51-4673-994d-25a17fd926d9 is started using port 46787 for RATIS_ADMIN
2023-01-06 14:00:06,405 [EndpointStateMachine task thread for /0.0.0.0:36293 - 0 ] INFO  ratis.XceiverServerRatis (XceiverServerRatis.java:getRealPort(543)) - XceiverServerRatis fe41025e-da51-4673-994d-25a17fd926d9 is started using port 46787 for RATIS_SERVER
2023-01-06 14:00:06,405 [EndpointStateMachine task thread for /0.0.0.0:36293 - 0 ] INFO  ratis.XceiverServerRatis (XceiverServerRatis.java:getRealPort(543)) - XceiverServerRatis fe41025e-da51-4673-994d-25a17fd926d9 is started using port 38003 for RATIS_DATASTREAM
2023-01-06 14:00:06,408 [EndpointStateMachine task thread for /0.0.0.0:36293 - 0 ] INFO  server.XceiverServerGrpc (XceiverServerGrpc.java:start(180)) - XceiverServerGrpc fe41025e-da51-4673-994d-25a17fd926d9 is started using port 40143
2023-01-06 14:00:06,478 [Listener at 127.0.0.1/40279] INFO  handler.ContextHandler (ContextHandler.java:doStart(921)) - Started o.e.j.w.WebAppContext@1b49a173{hddsDatanode,/,file:///tmp/jetty-0_0_0_0-37437-hdds-container-service-1_4_0-SNAPSHOT_jar-_-any-6504197249133499026/webapp/,AVAILABLE}{jar:file:/home/runner/.m2/repository/org/apache/ozone/hdds-container-service/1.4.0-SNAPSHOT/hdds-container-service-1.4.0-SNAPSHOT.jar!/webapps/hddsDatanode}
2023-01-06 14:00:06,479 [Listener at 127.0.0.1/40279] INFO  server.AbstractConnector (AbstractConnector.java:doStart(333)) - Started ServerConnector@5a9ae0ad{HTTP/1.1, (http/1.1)}{0.0.0.0:37437}
2023-01-06 14:00:06,479 [Listener at 127.0.0.1/40279] INFO  server.Server (Server.java:doStart(415)) - Started @9653ms
2023-01-06 14:00:06,479 [Listener at 127.0.0.1/40279] WARN  impl.MetricsSystemImpl (MetricsSystemImpl.java:register(279)) - Sink prometheus already exists!
2023-01-06 14:00:06,480 [Listener at 127.0.0.1/40279] INFO  http.BaseHttpServer (BaseHttpServer.java:updateConnectorAddress(333)) - HTTP server of hddsDatanode listening at http://0.0.0.0:37437
2023-01-06 14:00:06,482 [Datanode State Machine Daemon Thread] INFO  statemachine.DatanodeStateMachine (DatanodeStateMachine.java:lambda$startDaemon$0(508)) - Ozone container server started.
2023-01-06 14:00:06,484 [Listener at 127.0.0.1/40279] INFO  ozone.MiniOzoneClusterImpl (MiniOzoneClusterImpl.java:lambda$waitForClusterToBeReady$0(217)) - Waiting for nodes to be ready. Got 0 of 7 DN Heartbeats.
2023-01-06 14:00:06,484 [Listener at 127.0.0.1/40279] INFO  ozone.MiniOzoneClusterImpl (MiniOzoneClusterImpl.java:lambda$waitForClusterToBeReady$0(220)) - Waiting for cluster to exit safe mode
2023-01-06 14:00:06,484 [Listener at 127.0.0.1/40279] INFO  ozone.MiniOzoneClusterImpl (MiniOzoneClusterImpl.java:lambda$waitForClusterToBeReady$0(222)) - SCM became leader
2023-01-06 14:00:06,489 [org.apache.hadoop.util.JvmPauseMonitor$Monitor@36f9dee2] INFO  util.JvmPauseMonitor (JvmPauseMonitor.java:run(188)) - Starting JVM pause monitor
2023-01-06 14:00:06,490 [Datanode State Machine Task Thread - 0] INFO  datanode.InitDatanodeState (InitDatanodeState.java:persistContainerDatanodeDetails(138)) - DatanodeDetails is persisted to /home/runner/work/ozone/ozone/hadoop-ozone/integration-test/target/test-dir/MiniOzoneClusterImpl-2de58cfc-ec7c-41ac-af7d-ad40b55ccb4e/datanode-6/meta/datanode.id
2023-01-06 14:00:06,784 [EndpointStateMachine task thread for /0.0.0.0:36293 - 0 ] INFO  utils.DatanodeStoreCache (DatanodeStoreCache.java:addDB(58)) - Added db /home/runner/work/ozone/ozone/hadoop-ozone/integration-test/target/test-dir/MiniOzoneClusterImpl-2de58cfc-ec7c-41ac-af7d-ad40b55ccb4e/datanode-1/data-0/containers/hdds/2de58cfc-ec7c-41ac-af7d-ad40b55ccb4e/DS-2e8e1f3e-33c3-4708-9547-738c0efad2a6/container.db to cache
2023-01-06 14:00:06,785 [EndpointStateMachine task thread for /0.0.0.0:36293 - 0 ] INFO  volume.HddsVolume (HddsVolume.java:createDbStore(307)) - SchemaV3 db is created and loaded at /home/runner/work/ozone/ozone/hadoop-ozone/integration-test/target/test-dir/MiniOzoneClusterImpl-2de58cfc-ec7c-41ac-af7d-ad40b55ccb4e/datanode-1/data-0/containers/hdds/2de58cfc-ec7c-41ac-af7d-ad40b55ccb4e/DS-2e8e1f3e-33c3-4708-9547-738c0efad2a6/container.db for volume DS-2e8e1f3e-33c3-4708-9547-738c0efad2a6
2023-01-06 14:00:06,785 [EndpointStateMachine task thread for /0.0.0.0:36293 - 0 ] INFO  ozoneimpl.OzoneContainer (OzoneContainer.java:start(395)) - Attempting to start container services.
2023-01-06 14:00:06,785 [EndpointStateMachine task thread for /0.0.0.0:36293 - 0 ] INFO  ozoneimpl.OzoneContainer (OzoneContainer.java:startContainerScrub(312)) - Scheduled background container scanners and the on-demand container scanner have been disabled.
2023-01-06 14:00:06,787 [EndpointStateMachine task thread for /0.0.0.0:36293 - 0 ] INFO  replication.ReplicationServer (ReplicationServer.java:start(106)) - ReplicationServer is started using port 46599
2023-01-06 14:00:06,789 [EndpointStateMachine task thread for /0.0.0.0:36293 - 0 ] INFO  ratis.XceiverServerRatis (XceiverServerRatis.java:start(517)) - Starting XceiverServerRatis 9d2479ec-aa45-414b-9f67-598ea71ed6e7
2023-01-06 14:00:06,790 [EndpointStateMachine task thread for /0.0.0.0:36293 - 0 ] INFO  server.RaftServer (RaftServerProxy.java:startImpl(393)) - 9d2479ec-aa45-414b-9f67-598ea71ed6e7: start RPC server
2023-01-06 14:00:06,791 [EndpointStateMachine task thread for /0.0.0.0:36293 - 0 ] INFO  server.GrpcService (GrpcService.java:startImpl(262)) - 9d2479ec-aa45-414b-9f67-598ea71ed6e7: GrpcService started, listening on 46055
2023-01-06 14:00:06,791 [EndpointStateMachine task thread for /0.0.0.0:36293 - 0 ] INFO  ratis.XceiverServerRatis (XceiverServerRatis.java:getRealPort(543)) - XceiverServerRatis 9d2479ec-aa45-414b-9f67-598ea71ed6e7 is started using port 46055 for RATIS
2023-01-06 14:00:06,791 [EndpointStateMachine task thread for /0.0.0.0:36293 - 0 ] INFO  ratis.XceiverServerRatis (XceiverServerRatis.java:getRealPort(543)) - XceiverServerRatis 9d2479ec-aa45-414b-9f67-598ea71ed6e7 is started using port 46055 for RATIS_ADMIN
2023-01-06 14:00:06,791 [JvmPauseMonitor2] INFO  util.JvmPauseMonitor (JvmPauseMonitor.java:run(105)) - JvmPauseMonitor-9d2479ec-aa45-414b-9f67-598ea71ed6e7: Started
2023-01-06 14:00:06,791 [EndpointStateMachine task thread for /0.0.0.0:36293 - 0 ] INFO  ratis.XceiverServerRatis (XceiverServerRatis.java:getRealPort(543)) - XceiverServerRatis 9d2479ec-aa45-414b-9f67-598ea71ed6e7 is started using port 46055 for RATIS_SERVER
2023-01-06 14:00:06,791 [EndpointStateMachine task thread for /0.0.0.0:36293 - 0 ] INFO  ratis.XceiverServerRatis (XceiverServerRatis.java:getRealPort(543)) - XceiverServerRatis 9d2479ec-aa45-414b-9f67-598ea71ed6e7 is started using port 37817 for RATIS_DATASTREAM
2023-01-06 14:00:06,794 [EndpointStateMachine task thread for /0.0.0.0:36293 - 0 ] INFO  server.XceiverServerGrpc (XceiverServerGrpc.java:start(180)) - XceiverServerGrpc 9d2479ec-aa45-414b-9f67-598ea71ed6e7 is started using port 33895
2023-01-06 14:00:07,108 [EndpointStateMachine task thread for /0.0.0.0:36293 - 0 ] INFO  utils.DatanodeStoreCache (DatanodeStoreCache.java:addDB(58)) - Added db /home/runner/work/ozone/ozone/hadoop-ozone/integration-test/target/test-dir/MiniOzoneClusterImpl-2de58cfc-ec7c-41ac-af7d-ad40b55ccb4e/datanode-2/data-0/containers/hdds/2de58cfc-ec7c-41ac-af7d-ad40b55ccb4e/DS-a63dbb8e-0db2-4864-a16a-8b188c55df42/container.db to cache
2023-01-06 14:00:07,108 [EndpointStateMachine task thread for /0.0.0.0:36293 - 0 ] INFO  volume.HddsVolume (HddsVolume.java:createDbStore(307)) - SchemaV3 db is created and loaded at /home/runner/work/ozone/ozone/hadoop-ozone/integration-test/target/test-dir/MiniOzoneClusterImpl-2de58cfc-ec7c-41ac-af7d-ad40b55ccb4e/datanode-2/data-0/containers/hdds/2de58cfc-ec7c-41ac-af7d-ad40b55ccb4e/DS-a63dbb8e-0db2-4864-a16a-8b188c55df42/container.db for volume DS-a63dbb8e-0db2-4864-a16a-8b188c55df42
2023-01-06 14:00:07,113 [EndpointStateMachine task thread for /0.0.0.0:36293 - 0 ] INFO  ozoneimpl.OzoneContainer (OzoneContainer.java:start(395)) - Attempting to start container services.
2023-01-06 14:00:07,113 [EndpointStateMachine task thread for /0.0.0.0:36293 - 0 ] INFO  ozoneimpl.OzoneContainer (OzoneContainer.java:startContainerScrub(312)) - Scheduled background container scanners and the on-demand container scanner have been disabled.
2023-01-06 14:00:07,114 [EndpointStateMachine task thread for /0.0.0.0:36293 - 0 ] INFO  replication.ReplicationServer (ReplicationServer.java:start(106)) - ReplicationServer is started using port 36419
2023-01-06 14:00:07,114 [EndpointStateMachine task thread for /0.0.0.0:36293 - 0 ] INFO  ratis.XceiverServerRatis (XceiverServerRatis.java:start(517)) - Starting XceiverServerRatis ca2b9cd0-63d2-42af-b7f4-b5b024b05d69
2023-01-06 14:00:07,116 [EndpointStateMachine task thread for /0.0.0.0:36293 - 0 ] INFO  server.RaftServer (RaftServerProxy.java:startImpl(393)) - ca2b9cd0-63d2-42af-b7f4-b5b024b05d69: start RPC server
2023-01-06 14:00:07,117 [EndpointStateMachine task thread for /0.0.0.0:36293 - 0 ] INFO  server.GrpcService (GrpcService.java:startImpl(262)) - ca2b9cd0-63d2-42af-b7f4-b5b024b05d69: GrpcService started, listening on 45169
2023-01-06 14:00:07,118 [EndpointStateMachine task thread for /0.0.0.0:36293 - 0 ] INFO  ratis.XceiverServerRatis (XceiverServerRatis.java:getRealPort(543)) - XceiverServerRatis ca2b9cd0-63d2-42af-b7f4-b5b024b05d69 is started using port 45169 for RATIS
2023-01-06 14:00:07,118 [JvmPauseMonitor3] INFO  util.JvmPauseMonitor (JvmPauseMonitor.java:run(105)) - JvmPauseMonitor-ca2b9cd0-63d2-42af-b7f4-b5b024b05d69: Started
2023-01-06 14:00:07,118 [EndpointStateMachine task thread for /0.0.0.0:36293 - 0 ] INFO  ratis.XceiverServerRatis (XceiverServerRatis.java:getRealPort(543)) - XceiverServerRatis ca2b9cd0-63d2-42af-b7f4-b5b024b05d69 is started using port 45169 for RATIS_ADMIN
2023-01-06 14:00:07,118 [EndpointStateMachine task thread for /0.0.0.0:36293 - 0 ] INFO  ratis.XceiverServerRatis (XceiverServerRatis.java:getRealPort(543)) - XceiverServerRatis ca2b9cd0-63d2-42af-b7f4-b5b024b05d69 is started using port 45169 for RATIS_SERVER
2023-01-06 14:00:07,118 [EndpointStateMachine task thread for /0.0.0.0:36293 - 0 ] INFO  ratis.XceiverServerRatis (XceiverServerRatis.java:getRealPort(543)) - XceiverServerRatis ca2b9cd0-63d2-42af-b7f4-b5b024b05d69 is started using port 41089 for RATIS_DATASTREAM
2023-01-06 14:00:07,125 [EndpointStateMachine task thread for /0.0.0.0:36293 - 0 ] INFO  server.XceiverServerGrpc (XceiverServerGrpc.java:start(180)) - XceiverServerGrpc ca2b9cd0-63d2-42af-b7f4-b5b024b05d69 is started using port 35033
2023-01-06 14:00:07,440 [EndpointStateMachine task thread for /0.0.0.0:36293 - 0 ] INFO  utils.DatanodeStoreCache (DatanodeStoreCache.java:addDB(58)) - Added db /home/runner/work/ozone/ozone/hadoop-ozone/integration-test/target/test-dir/MiniOzoneClusterImpl-2de58cfc-ec7c-41ac-af7d-ad40b55ccb4e/datanode-3/data-0/containers/hdds/2de58cfc-ec7c-41ac-af7d-ad40b55ccb4e/DS-2b68fc72-cfcf-4257-9e67-71fc6c95d327/container.db to cache
2023-01-06 14:00:07,440 [EndpointStateMachine task thread for /0.0.0.0:36293 - 0 ] INFO  volume.HddsVolume (HddsVolume.java:createDbStore(307)) - SchemaV3 db is created and loaded at /home/runner/work/ozone/ozone/hadoop-ozone/integration-test/target/test-dir/MiniOzoneClusterImpl-2de58cfc-ec7c-41ac-af7d-ad40b55ccb4e/datanode-3/data-0/containers/hdds/2de58cfc-ec7c-41ac-af7d-ad40b55ccb4e/DS-2b68fc72-cfcf-4257-9e67-71fc6c95d327/container.db for volume DS-2b68fc72-cfcf-4257-9e67-71fc6c95d327
2023-01-06 14:00:07,440 [EndpointStateMachine task thread for /0.0.0.0:36293 - 0 ] INFO  ozoneimpl.OzoneContainer (OzoneContainer.java:start(395)) - Attempting to start container services.
2023-01-06 14:00:07,440 [EndpointStateMachine task thread for /0.0.0.0:36293 - 0 ] INFO  ozoneimpl.OzoneContainer (OzoneContainer.java:startContainerScrub(312)) - Scheduled background container scanners and the on-demand container scanner have been disabled.
2023-01-06 14:00:07,442 [EndpointStateMachine task thread for /0.0.0.0:36293 - 0 ] INFO  replication.ReplicationServer (ReplicationServer.java:start(106)) - ReplicationServer is started using port 36493
2023-01-06 14:00:07,442 [EndpointStateMachine task thread for /0.0.0.0:36293 - 0 ] INFO  ratis.XceiverServerRatis (XceiverServerRatis.java:start(517)) - Starting XceiverServerRatis e32a88af-9633-4d64-a8b2-4f5c257759a0
2023-01-06 14:00:07,443 [EndpointStateMachine task thread for /0.0.0.0:36293 - 0 ] INFO  server.RaftServer (RaftServerProxy.java:startImpl(393)) - e32a88af-9633-4d64-a8b2-4f5c257759a0: start RPC server
2023-01-06 14:00:07,444 [EndpointStateMachine task thread for /0.0.0.0:36293 - 0 ] INFO  server.GrpcService (GrpcService.java:startImpl(262)) - e32a88af-9633-4d64-a8b2-4f5c257759a0: GrpcService started, listening on 34063
2023-01-06 14:00:07,444 [EndpointStateMachine task thread for /0.0.0.0:36293 - 0 ] INFO  ratis.XceiverServerRatis (XceiverServerRatis.java:getRealPort(543)) - XceiverServerRatis e32a88af-9633-4d64-a8b2-4f5c257759a0 is started using port 34063 for RATIS
2023-01-06 14:00:07,444 [EndpointStateMachine task thread for /0.0.0.0:36293 - 0 ] INFO  ratis.XceiverServerRatis (XceiverServerRatis.java:getRealPort(543)) - XceiverServerRatis e32a88af-9633-4d64-a8b2-4f5c257759a0 is started using port 34063 for RATIS_ADMIN
2023-01-06 14:00:07,444 [JvmPauseMonitor4] INFO  util.JvmPauseMonitor (JvmPauseMonitor.java:run(105)) - JvmPauseMonitor-e32a88af-9633-4d64-a8b2-4f5c257759a0: Started
2023-01-06 14:00:07,444 [EndpointStateMachine task thread for /0.0.0.0:36293 - 0 ] INFO  ratis.XceiverServerRatis (XceiverServerRatis.java:getRealPort(543)) - XceiverServerRatis e32a88af-9633-4d64-a8b2-4f5c257759a0 is started using port 34063 for RATIS_SERVER
2023-01-06 14:00:07,444 [EndpointStateMachine task thread for /0.0.0.0:36293 - 0 ] INFO  ratis.XceiverServerRatis (XceiverServerRatis.java:getRealPort(543)) - XceiverServerRatis e32a88af-9633-4d64-a8b2-4f5c257759a0 is started using port 41351 for RATIS_DATASTREAM
2023-01-06 14:00:07,447 [EndpointStateMachine task thread for /0.0.0.0:36293 - 0 ] INFO  server.XceiverServerGrpc (XceiverServerGrpc.java:start(180)) - XceiverServerGrpc e32a88af-9633-4d64-a8b2-4f5c257759a0 is started using port 35571
2023-01-06 14:00:07,484 [Listener at 127.0.0.1/40279] INFO  ozone.MiniOzoneClusterImpl (MiniOzoneClusterImpl.java:lambda$waitForClusterToBeReady$0(217)) - Waiting for nodes to be ready. Got 0 of 7 DN Heartbeats.
2023-01-06 14:00:07,484 [Listener at 127.0.0.1/40279] INFO  ozone.MiniOzoneClusterImpl (MiniOzoneClusterImpl.java:lambda$waitForClusterToBeReady$0(220)) - Waiting for cluster to exit safe mode
2023-01-06 14:00:07,484 [Listener at 127.0.0.1/40279] INFO  ozone.MiniOzoneClusterImpl (MiniOzoneClusterImpl.java:lambda$waitForClusterToBeReady$0(222)) - SCM became leader
2023-01-06 14:00:07,773 [EndpointStateMachine task thread for /0.0.0.0:36293 - 0 ] INFO  utils.DatanodeStoreCache (DatanodeStoreCache.java:addDB(58)) - Added db /home/runner/work/ozone/ozone/hadoop-ozone/integration-test/target/test-dir/MiniOzoneClusterImpl-2de58cfc-ec7c-41ac-af7d-ad40b55ccb4e/datanode-4/data-0/containers/hdds/2de58cfc-ec7c-41ac-af7d-ad40b55ccb4e/DS-4254b397-2d14-4a54-9529-8f6f3fe9246a/container.db to cache
2023-01-06 14:00:07,773 [EndpointStateMachine task thread for /0.0.0.0:36293 - 0 ] INFO  volume.HddsVolume (HddsVolume.java:createDbStore(307)) - SchemaV3 db is created and loaded at /home/runner/work/ozone/ozone/hadoop-ozone/integration-test/target/test-dir/MiniOzoneClusterImpl-2de58cfc-ec7c-41ac-af7d-ad40b55ccb4e/datanode-4/data-0/containers/hdds/2de58cfc-ec7c-41ac-af7d-ad40b55ccb4e/DS-4254b397-2d14-4a54-9529-8f6f3fe9246a/container.db for volume DS-4254b397-2d14-4a54-9529-8f6f3fe9246a
2023-01-06 14:00:07,774 [EndpointStateMachine task thread for /0.0.0.0:36293 - 0 ] INFO  ozoneimpl.OzoneContainer (OzoneContainer.java:start(395)) - Attempting to start container services.
2023-01-06 14:00:07,774 [EndpointStateMachine task thread for /0.0.0.0:36293 - 0 ] INFO  ozoneimpl.OzoneContainer (OzoneContainer.java:startContainerScrub(312)) - Scheduled background container scanners and the on-demand container scanner have been disabled.
2023-01-06 14:00:07,775 [EndpointStateMachine task thread for /0.0.0.0:36293 - 0 ] INFO  replication.ReplicationServer (ReplicationServer.java:start(106)) - ReplicationServer is started using port 46079
2023-01-06 14:00:07,779 [EndpointStateMachine task thread for /0.0.0.0:36293 - 0 ] INFO  ratis.XceiverServerRatis (XceiverServerRatis.java:start(517)) - Starting XceiverServerRatis 4b735870-47c9-40f5-bf86-6fbe739ba238
2023-01-06 14:00:07,779 [EndpointStateMachine task thread for /0.0.0.0:36293 - 0 ] INFO  server.RaftServer (RaftServerProxy.java:startImpl(393)) - 4b735870-47c9-40f5-bf86-6fbe739ba238: start RPC server
2023-01-06 14:00:07,780 [EndpointStateMachine task thread for /0.0.0.0:36293 - 0 ] INFO  server.GrpcService (GrpcService.java:startImpl(262)) - 4b735870-47c9-40f5-bf86-6fbe739ba238: GrpcService started, listening on 40757
2023-01-06 14:00:07,781 [EndpointStateMachine task thread for /0.0.0.0:36293 - 0 ] INFO  ratis.XceiverServerRatis (XceiverServerRatis.java:getRealPort(543)) - XceiverServerRatis 4b735870-47c9-40f5-bf86-6fbe739ba238 is started using port 40757 for RATIS
2023-01-06 14:00:07,781 [EndpointStateMachine task thread for /0.0.0.0:36293 - 0 ] INFO  ratis.XceiverServerRatis (XceiverServerRatis.java:getRealPort(543)) - XceiverServerRatis 4b735870-47c9-40f5-bf86-6fbe739ba238 is started using port 40757 for RATIS_ADMIN
2023-01-06 14:00:07,781 [JvmPauseMonitor5] INFO  util.JvmPauseMonitor (JvmPauseMonitor.java:run(105)) - JvmPauseMonitor-4b735870-47c9-40f5-bf86-6fbe739ba238: Started
2023-01-06 14:00:07,781 [EndpointStateMachine task thread for /0.0.0.0:36293 - 0 ] INFO  ratis.XceiverServerRatis (XceiverServerRatis.java:getRealPort(543)) - XceiverServerRatis 4b735870-47c9-40f5-bf86-6fbe739ba238 is started using port 40757 for RATIS_SERVER
2023-01-06 14:00:07,781 [EndpointStateMachine task thread for /0.0.0.0:36293 - 0 ] INFO  ratis.XceiverServerRatis (XceiverServerRatis.java:getRealPort(543)) - XceiverServerRatis 4b735870-47c9-40f5-bf86-6fbe739ba238 is started using port 34319 for RATIS_DATASTREAM
2023-01-06 14:00:07,783 [EndpointStateMachine task thread for /0.0.0.0:36293 - 0 ] INFO  server.XceiverServerGrpc (XceiverServerGrpc.java:start(180)) - XceiverServerGrpc 4b735870-47c9-40f5-bf86-6fbe739ba238 is started using port 33333
2023-01-06 14:00:08,091 [EndpointStateMachine task thread for /0.0.0.0:36293 - 0 ] INFO  utils.DatanodeStoreCache (DatanodeStoreCache.java:addDB(58)) - Added db /home/runner/work/ozone/ozone/hadoop-ozone/integration-test/target/test-dir/MiniOzoneClusterImpl-2de58cfc-ec7c-41ac-af7d-ad40b55ccb4e/datanode-5/data-0/containers/hdds/2de58cfc-ec7c-41ac-af7d-ad40b55ccb4e/DS-31295180-1c17-43ab-a695-a8278ecb28f8/container.db to cache
2023-01-06 14:00:08,091 [EndpointStateMachine task thread for /0.0.0.0:36293 - 0 ] INFO  volume.HddsVolume (HddsVolume.java:createDbStore(307)) - SchemaV3 db is created and loaded at /home/runner/work/ozone/ozone/hadoop-ozone/integration-test/target/test-dir/MiniOzoneClusterImpl-2de58cfc-ec7c-41ac-af7d-ad40b55ccb4e/datanode-5/data-0/containers/hdds/2de58cfc-ec7c-41ac-af7d-ad40b55ccb4e/DS-31295180-1c17-43ab-a695-a8278ecb28f8/container.db for volume DS-31295180-1c17-43ab-a695-a8278ecb28f8
2023-01-06 14:00:08,092 [EndpointStateMachine task thread for /0.0.0.0:36293 - 0 ] INFO  ozoneimpl.OzoneContainer (OzoneContainer.java:start(395)) - Attempting to start container services.
2023-01-06 14:00:08,092 [EndpointStateMachine task thread for /0.0.0.0:36293 - 0 ] INFO  ozoneimpl.OzoneContainer (OzoneContainer.java:startContainerScrub(312)) - Scheduled background container scanners and the on-demand container scanner have been disabled.
2023-01-06 14:00:08,094 [EndpointStateMachine task thread for /0.0.0.0:36293 - 0 ] INFO  replication.ReplicationServer (ReplicationServer.java:start(106)) - ReplicationServer is started using port 40893
2023-01-06 14:00:08,094 [EndpointStateMachine task thread for /0.0.0.0:36293 - 0 ] INFO  ratis.XceiverServerRatis (XceiverServerRatis.java:start(517)) - Starting XceiverServerRatis 2cd9f762-1be0-4b34-89df-a8822a289ddb
2023-01-06 14:00:08,095 [EndpointStateMachine task thread for /0.0.0.0:36293 - 0 ] INFO  server.RaftServer (RaftServerProxy.java:startImpl(393)) - 2cd9f762-1be0-4b34-89df-a8822a289ddb: start RPC server
2023-01-06 14:00:08,096 [EndpointStateMachine task thread for /0.0.0.0:36293 - 0 ] INFO  server.GrpcService (GrpcService.java:startImpl(262)) - 2cd9f762-1be0-4b34-89df-a8822a289ddb: GrpcService started, listening on 43125
2023-01-06 14:00:08,096 [EndpointStateMachine task thread for /0.0.0.0:36293 - 0 ] INFO  ratis.XceiverServerRatis (XceiverServerRatis.java:getRealPort(543)) - XceiverServerRatis 2cd9f762-1be0-4b34-89df-a8822a289ddb is started using port 43125 for RATIS
2023-01-06 14:00:08,097 [EndpointStateMachine task thread for /0.0.0.0:36293 - 0 ] INFO  ratis.XceiverServerRatis (XceiverServerRatis.java:getRealPort(543)) - XceiverServerRatis 2cd9f762-1be0-4b34-89df-a8822a289ddb is started using port 43125 for RATIS_ADMIN
2023-01-06 14:00:08,097 [JvmPauseMonitor6] INFO  util.JvmPauseMonitor (JvmPauseMonitor.java:run(105)) - JvmPauseMonitor-2cd9f762-1be0-4b34-89df-a8822a289ddb: Started
2023-01-06 14:00:08,097 [EndpointStateMachine task thread for /0.0.0.0:36293 - 0 ] INFO  ratis.XceiverServerRatis (XceiverServerRatis.java:getRealPort(543)) - XceiverServerRatis 2cd9f762-1be0-4b34-89df-a8822a289ddb is started using port 43125 for RATIS_SERVER
2023-01-06 14:00:08,097 [EndpointStateMachine task thread for /0.0.0.0:36293 - 0 ] INFO  ratis.XceiverServerRatis (XceiverServerRatis.java:getRealPort(543)) - XceiverServerRatis 2cd9f762-1be0-4b34-89df-a8822a289ddb is started using port 32929 for RATIS_DATASTREAM
2023-01-06 14:00:08,101 [EndpointStateMachine task thread for /0.0.0.0:36293 - 0 ] INFO  server.XceiverServerGrpc (XceiverServerGrpc.java:start(180)) - XceiverServerGrpc 2cd9f762-1be0-4b34-89df-a8822a289ddb is started using port 34635
2023-01-06 14:00:08,203 [IPC Server handler 2 on default port 36293] INFO  net.NetworkTopologyImpl (NetworkTopologyImpl.java:add(112)) - Added a new node: /default-rack/fe41025e-da51-4673-994d-25a17fd926d9
2023-01-06 14:00:08,204 [IPC Server handler 2 on default port 36293] INFO  node.SCMNodeManager (SCMNodeManager.java:register(397)) - Registered Data node : fe41025e-da51-4673-994d-25a17fd926d9{ip: 10.1.0.26, host: fv-az28-147.ycjfjujedjyu5lezsnvlijijec.cx.internal.cloudapp.net, ports: [REPLICATION=46737, RATIS=46787, RATIS_ADMIN=46787, RATIS_SERVER=46787, RATIS_DATASTREAM=38003, STANDALONE=40143], networkLocation: /default-rack, certSerialId: null, persistedOpState: null, persistedOpStateExpiryEpochSec: 0}
2023-01-06 14:00:08,207 [EventQueue-NewNodeForNewNodeHandler] INFO  pipeline.BackgroundPipelineCreator (BackgroundPipelineCreator.java:notifyEventTriggered(276)) - trigger a one-shot run on RatisPipelineUtilsThread.
2023-01-06 14:00:08,208 [EventQueue-NodeRegistrationContainerReportForContainerSafeModeRule] INFO  safemode.SCMSafeModeManager (SCMSafeModeManager.java:validateSafeModeExitRules(200)) - ContainerSafeModeRule rule is successfully validated
2023-01-06 14:00:08,208 [EventQueue-NodeRegistrationContainerReportForDataNodeSafeModeRule] INFO  safemode.SCMSafeModeManager (DataNodeSafeModeRule.java:process(71)) - SCM in safe mode. 1 DataNodes registered, 3 required.
2023-01-06 14:00:08,213 [RatisPipelineUtilsThread - 0] INFO  pipeline.RatisPipelineProvider (RatisPipelineProvider.java:lambda$create$0(206)) - Sending CreatePipelineCommand for pipeline:PipelineID=e67dcd9f-2af4-4265-9130-734b29b91e0d to datanode:fe41025e-da51-4673-994d-25a17fd926d9
2023-01-06 14:00:08,215 [EventQueue-PipelineReportForOneReplicaPipelineSafeModeRule] INFO  safemode.SCMSafeModeManager (SCMSafeModeManager.java:validateSafeModeExitRules(200)) - AtleastOneDatanodeReportedRule rule is successfully validated
2023-01-06 14:00:08,227 [RatisPipelineUtilsThread - 0] INFO  pipeline.PipelineStateManagerImpl (PipelineStateManagerImpl.java:addPipeline(103)) - Created pipeline Pipeline[ Id: e67dcd9f-2af4-4265-9130-734b29b91e0d, Nodes: fe41025e-da51-4673-994d-25a17fd926d9{ip: 10.1.0.26, host: fv-az28-147.ycjfjujedjyu5lezsnvlijijec.cx.internal.cloudapp.net, ports: [REPLICATION=46737, RATIS=46787, RATIS_ADMIN=46787, RATIS_SERVER=46787, RATIS_DATASTREAM=38003, STANDALONE=40143], networkLocation: /default-rack, certSerialId: null, persistedOpState: IN_SERVICE, persistedOpStateExpiryEpochSec: 0}, ReplicationConfig: RATIS/ONE, State:ALLOCATED, leaderId:, CreationTimestamp2023-01-06T14:00:08.212Z[Etc/UTC]].
2023-01-06 14:00:08,485 [Listener at 127.0.0.1/40279] INFO  ozone.MiniOzoneClusterImpl (MiniOzoneClusterImpl.java:lambda$waitForClusterToBeReady$0(217)) - Waiting for nodes to be ready. Got 1 of 7 DN Heartbeats.
2023-01-06 14:00:08,485 [Listener at 127.0.0.1/40279] INFO  ozone.MiniOzoneClusterImpl (MiniOzoneClusterImpl.java:lambda$waitForClusterToBeReady$0(220)) - Waiting for cluster to exit safe mode
2023-01-06 14:00:08,485 [Listener at 127.0.0.1/40279] INFO  ozone.MiniOzoneClusterImpl (MiniOzoneClusterImpl.java:lambda$waitForClusterToBeReady$0(222)) - SCM became leader
2023-01-06 14:00:08,514 [EndpointStateMachine task thread for /0.0.0.0:36293 - 0 ] INFO  utils.DatanodeStoreCache (DatanodeStoreCache.java:addDB(58)) - Added db /home/runner/work/ozone/ozone/hadoop-ozone/integration-test/target/test-dir/MiniOzoneClusterImpl-2de58cfc-ec7c-41ac-af7d-ad40b55ccb4e/datanode-6/data-0/containers/hdds/2de58cfc-ec7c-41ac-af7d-ad40b55ccb4e/DS-a952def8-ad6b-4428-a421-8460b13d7acc/container.db to cache
2023-01-06 14:00:08,515 [EndpointStateMachine task thread for /0.0.0.0:36293 - 0 ] INFO  volume.HddsVolume (HddsVolume.java:createDbStore(307)) - SchemaV3 db is created and loaded at /home/runner/work/ozone/ozone/hadoop-ozone/integration-test/target/test-dir/MiniOzoneClusterImpl-2de58cfc-ec7c-41ac-af7d-ad40b55ccb4e/datanode-6/data-0/containers/hdds/2de58cfc-ec7c-41ac-af7d-ad40b55ccb4e/DS-a952def8-ad6b-4428-a421-8460b13d7acc/container.db for volume DS-a952def8-ad6b-4428-a421-8460b13d7acc
2023-01-06 14:00:08,515 [EndpointStateMachine task thread for /0.0.0.0:36293 - 0 ] INFO  ozoneimpl.OzoneContainer (OzoneContainer.java:start(395)) - Attempting to start container services.
2023-01-06 14:00:08,515 [EndpointStateMachine task thread for /0.0.0.0:36293 - 0 ] INFO  ozoneimpl.OzoneContainer (OzoneContainer.java:startContainerScrub(312)) - Scheduled background container scanners and the on-demand container scanner have been disabled.
2023-01-06 14:00:08,519 [EndpointStateMachine task thread for /0.0.0.0:36293 - 0 ] INFO  replication.ReplicationServer (ReplicationServer.java:start(106)) - ReplicationServer is started using port 33855
2023-01-06 14:00:08,519 [EndpointStateMachine task thread for /0.0.0.0:36293 - 0 ] INFO  ratis.XceiverServerRatis (XceiverServerRatis.java:start(517)) - Starting XceiverServerRatis f730f9a1-8dfc-4d4c-b54c-7d4e94fcccb5
2023-01-06 14:00:08,521 [EndpointStateMachine task thread for /0.0.0.0:36293 - 0 ] INFO  server.RaftServer (RaftServerProxy.java:startImpl(393)) - f730f9a1-8dfc-4d4c-b54c-7d4e94fcccb5: start RPC server
2023-01-06 14:00:08,525 [EndpointStateMachine task thread for /0.0.0.0:36293 - 0 ] INFO  server.GrpcService (GrpcService.java:startImpl(262)) - f730f9a1-8dfc-4d4c-b54c-7d4e94fcccb5: GrpcService started, listening on 45043
2023-01-06 14:00:08,525 [EndpointStateMachine task thread for /0.0.0.0:36293 - 0 ] INFO  ratis.XceiverServerRatis (XceiverServerRatis.java:getRealPort(543)) - XceiverServerRatis f730f9a1-8dfc-4d4c-b54c-7d4e94fcccb5 is started using port 45043 for RATIS
2023-01-06 14:00:08,525 [JvmPauseMonitor7] INFO  util.JvmPauseMonitor (JvmPauseMonitor.java:run(105)) - JvmPauseMonitor-f730f9a1-8dfc-4d4c-b54c-7d4e94fcccb5: Started
2023-01-06 14:00:08,525 [EndpointStateMachine task thread for /0.0.0.0:36293 - 0 ] INFO  ratis.XceiverServerRatis (XceiverServerRatis.java:getRealPort(543)) - XceiverServerRatis f730f9a1-8dfc-4d4c-b54c-7d4e94fcccb5 is started using port 45043 for RATIS_ADMIN
2023-01-06 14:00:08,525 [EndpointStateMachine task thread for /0.0.0.0:36293 - 0 ] INFO  ratis.XceiverServerRatis (XceiverServerRatis.java:getRealPort(543)) - XceiverServerRatis f730f9a1-8dfc-4d4c-b54c-7d4e94fcccb5 is started using port 45043 for RATIS_SERVER
2023-01-06 14:00:08,525 [EndpointStateMachine task thread for /0.0.0.0:36293 - 0 ] INFO  ratis.XceiverServerRatis (XceiverServerRatis.java:getRealPort(543)) - XceiverServerRatis f730f9a1-8dfc-4d4c-b54c-7d4e94fcccb5 is started using port 46477 for RATIS_DATASTREAM
2023-01-06 14:00:08,527 [EndpointStateMachine task thread for /0.0.0.0:36293 - 0 ] INFO  server.XceiverServerGrpc (XceiverServerGrpc.java:start(180)) - XceiverServerGrpc f730f9a1-8dfc-4d4c-b54c-7d4e94fcccb5 is started using port 39843
2023-01-06 14:00:08,757 [IPC Server handler 1 on default port 36293] INFO  net.NetworkTopologyImpl (NetworkTopologyImpl.java:add(112)) - Added a new node: /default-rack/9d2479ec-aa45-414b-9f67-598ea71ed6e7
2023-01-06 14:00:08,757 [IPC Server handler 1 on default port 36293] INFO  node.SCMNodeManager (SCMNodeManager.java:register(397)) - Registered Data node : 9d2479ec-aa45-414b-9f67-598ea71ed6e7{ip: 10.1.0.26, host: fv-az28-147.ycjfjujedjyu5lezsnvlijijec.cx.internal.cloudapp.net, ports: [REPLICATION=46599, RATIS=46055, RATIS_ADMIN=46055, RATIS_SERVER=46055, RATIS_DATASTREAM=37817, STANDALONE=33895], networkLocation: /default-rack, certSerialId: null, persistedOpState: null, persistedOpStateExpiryEpochSec: 0}
2023-01-06 14:00:08,758 [EventQueue-NewNodeForNewNodeHandler] INFO  pipeline.BackgroundPipelineCreator (BackgroundPipelineCreator.java:notifyEventTriggered(276)) - trigger a one-shot run on RatisPipelineUtilsThread.
2023-01-06 14:00:08,758 [EventQueue-NodeRegistrationContainerReportForDataNodeSafeModeRule] INFO  safemode.SCMSafeModeManager (DataNodeSafeModeRule.java:process(71)) - SCM in safe mode. 2 DataNodes registered, 3 required.
2023-01-06 14:00:08,759 [RatisPipelineUtilsThread - 0] INFO  pipeline.RatisPipelineProvider (RatisPipelineProvider.java:lambda$create$0(206)) - Sending CreatePipelineCommand for pipeline:PipelineID=4f029e53-f888-43c8-aee1-5a007a343341 to datanode:9d2479ec-aa45-414b-9f67-598ea71ed6e7
2023-01-06 14:00:08,759 [RatisPipelineUtilsThread - 0] INFO  pipeline.PipelineStateManagerImpl (PipelineStateManagerImpl.java:addPipeline(103)) - Created pipeline Pipeline[ Id: 4f029e53-f888-43c8-aee1-5a007a343341, Nodes: 9d2479ec-aa45-414b-9f67-598ea71ed6e7{ip: 10.1.0.26, host: fv-az28-147.ycjfjujedjyu5lezsnvlijijec.cx.internal.cloudapp.net, ports: [REPLICATION=46599, RATIS=46055, RATIS_ADMIN=46055, RATIS_SERVER=46055, RATIS_DATASTREAM=37817, STANDALONE=33895], networkLocation: /default-rack, certSerialId: null, persistedOpState: IN_SERVICE, persistedOpStateExpiryEpochSec: 0}, ReplicationConfig: RATIS/ONE, State:ALLOCATED, leaderId:, CreationTimestamp2023-01-06T14:00:08.759Z[Etc/UTC]].
2023-01-06 14:00:09,083 [IPC Server handler 2 on default port 36293] INFO  net.NetworkTopologyImpl (NetworkTopologyImpl.java:add(112)) - Added a new node: /default-rack/ca2b9cd0-63d2-42af-b7f4-b5b024b05d69
2023-01-06 14:00:09,083 [IPC Server handler 2 on default port 36293] INFO  node.SCMNodeManager (SCMNodeManager.java:register(397)) - Registered Data node : ca2b9cd0-63d2-42af-b7f4-b5b024b05d69{ip: 10.1.0.26, host: fv-az28-147.ycjfjujedjyu5lezsnvlijijec.cx.internal.cloudapp.net, ports: [REPLICATION=36419, RATIS=45169, RATIS_ADMIN=45169, RATIS_SERVER=45169, RATIS_DATASTREAM=41089, STANDALONE=35033], networkLocation: /default-rack, certSerialId: null, persistedOpState: null, persistedOpStateExpiryEpochSec: 0}
2023-01-06 14:00:09,084 [EventQueue-NewNodeForNewNodeHandler] INFO  pipeline.BackgroundPipelineCreator (BackgroundPipelineCreator.java:notifyEventTriggered(276)) - trigger a one-shot run on RatisPipelineUtilsThread.
2023-01-06 14:00:09,084 [EventQueue-NodeRegistrationContainerReportForDataNodeSafeModeRule] INFO  safemode.SCMSafeModeManager (DataNodeSafeModeRule.java:process(71)) - SCM in safe mode. 3 DataNodes registered, 3 required.
2023-01-06 14:00:09,085 [RatisPipelineUtilsThread - 0] INFO  pipeline.RatisPipelineProvider (RatisPipelineProvider.java:lambda$create$0(206)) - Sending CreatePipelineCommand for pipeline:PipelineID=1545c0b0-f82b-4fee-b213-3f16aaddac14 to datanode:ca2b9cd0-63d2-42af-b7f4-b5b024b05d69
2023-01-06 14:00:09,086 [RatisPipelineUtilsThread - 0] INFO  pipeline.PipelineStateManagerImpl (PipelineStateManagerImpl.java:addPipeline(103)) - Created pipeline Pipeline[ Id: 1545c0b0-f82b-4fee-b213-3f16aaddac14, Nodes: ca2b9cd0-63d2-42af-b7f4-b5b024b05d69{ip: 10.1.0.26, host: fv-az28-147.ycjfjujedjyu5lezsnvlijijec.cx.internal.cloudapp.net, ports: [REPLICATION=36419, RATIS=45169, RATIS_ADMIN=45169, RATIS_SERVER=45169, RATIS_DATASTREAM=41089, STANDALONE=35033], networkLocation: /default-rack, certSerialId: null, persistedOpState: IN_SERVICE, persistedOpStateExpiryEpochSec: 0}, ReplicationConfig: RATIS/ONE, State:ALLOCATED, leaderId:, CreationTimestamp2023-01-06T14:00:09.085Z[Etc/UTC]].
2023-01-06 14:00:09,086 [EventQueue-NodeRegistrationContainerReportForDataNodeSafeModeRule] INFO  safemode.SCMSafeModeManager (SCMSafeModeManager.java:validateSafeModeExitRules(200)) - DataNodeSafeModeRule rule is successfully validated
2023-01-06 14:00:09,086 [EventQueue-NodeRegistrationContainerReportForDataNodeSafeModeRule] INFO  safemode.SCMSafeModeManager (SCMSafeModeManager.java:completePreCheck(229)) - All SCM safe mode pre check rules have passed
2023-01-06 14:00:09,086 [EventQueue-NodeRegistrationContainerReportForDataNodeSafeModeRule] INFO  ha.SCMContext (SCMContext.java:updateSafeModeStatus(228)) - Update SafeModeStatus from SafeModeStatus{safeModeStatus=true, preCheckPassed=false} to SafeModeStatus{safeModeStatus=true, preCheckPassed=true}.
2023-01-06 14:00:09,086 [EventQueue-NodeRegistrationContainerReportForDataNodeSafeModeRule] INFO  pipeline.BackgroundPipelineCreator (BackgroundPipelineCreator.java:notifyEventTriggered(276)) - trigger a one-shot run on RatisPipelineUtilsThread.
2023-01-06 14:00:09,090 [RatisPipelineUtilsThread - 0] INFO  pipeline.RatisPipelineProvider (RatisPipelineProvider.java:lambda$create$0(206)) - Sending CreatePipelineCommand for pipeline:PipelineID=56f2cbf1-21de-483f-8646-9f65ce99153f to datanode:fe41025e-da51-4673-994d-25a17fd926d9
2023-01-06 14:00:09,091 [RatisPipelineUtilsThread - 0] INFO  pipeline.RatisPipelineProvider (RatisPipelineProvider.java:lambda$create$0(206)) - Sending CreatePipelineCommand for pipeline:PipelineID=56f2cbf1-21de-483f-8646-9f65ce99153f to datanode:9d2479ec-aa45-414b-9f67-598ea71ed6e7
2023-01-06 14:00:09,091 [RatisPipelineUtilsThread - 0] INFO  pipeline.RatisPipelineProvider (RatisPipelineProvider.java:lambda$create$0(206)) - Sending CreatePipelineCommand for pipeline:PipelineID=56f2cbf1-21de-483f-8646-9f65ce99153f to datanode:ca2b9cd0-63d2-42af-b7f4-b5b024b05d69
2023-01-06 14:00:09,092 [RatisPipelineUtilsThread - 0] INFO  pipeline.PipelineStateManagerImpl (PipelineStateManagerImpl.java:addPipeline(103)) - Created pipeline Pipeline[ Id: 56f2cbf1-21de-483f-8646-9f65ce99153f, Nodes: fe41025e-da51-4673-994d-25a17fd926d9{ip: 10.1.0.26, host: fv-az28-147.ycjfjujedjyu5lezsnvlijijec.cx.internal.cloudapp.net, ports: [REPLICATION=46737, RATIS=46787, RATIS_ADMIN=46787, RATIS_SERVER=46787, RATIS_DATASTREAM=38003, STANDALONE=40143], networkLocation: /default-rack, certSerialId: null, persistedOpState: IN_SERVICE, persistedOpStateExpiryEpochSec: 0}9d2479ec-aa45-414b-9f67-598ea71ed6e7{ip: 10.1.0.26, host: fv-az28-147.ycjfjujedjyu5lezsnvlijijec.cx.internal.cloudapp.net, ports: [REPLICATION=46599, RATIS=46055, RATIS_ADMIN=46055, RATIS_SERVER=46055, RATIS_DATASTREAM=37817, STANDALONE=33895], networkLocation: /default-rack, certSerialId: null, persistedOpState: IN_SERVICE, persistedOpStateExpiryEpochSec: 0}ca2b9cd0-63d2-42af-b7f4-b5b024b05d69{ip: 10.1.0.26, host: fv-az28-147.ycjfjujedjyu5lezsnvlijijec.cx.internal.cloudapp.net, ports: [REPLICATION=36419, RATIS=45169, RATIS_ADMIN=45169, RATIS_SERVER=45169, RATIS_DATASTREAM=41089, STANDALONE=35033], networkLocation: /default-rack, certSerialId: null, persistedOpState: IN_SERVICE, persistedOpStateExpiryEpochSec: 0}, ReplicationConfig: RATIS/THREE, State:ALLOCATED, leaderId:, CreationTimestamp2023-01-06T14:00:09.090Z[Etc/UTC]].
2023-01-06 14:00:09,093 [RatisPipelineUtilsThread - 0] INFO  pipeline.RatisPipelineProvider (RatisPipelineProvider.java:lambda$create$0(206)) - Sending CreatePipelineCommand for pipeline:PipelineID=6a82e3ec-da42-491b-9b6a-0ed9bb7646ba to datanode:9d2479ec-aa45-414b-9f67-598ea71ed6e7
2023-01-06 14:00:09,094 [RatisPipelineUtilsThread - 0] INFO  pipeline.RatisPipelineProvider (RatisPipelineProvider.java:lambda$create$0(206)) - Sending CreatePipelineCommand for pipeline:PipelineID=6a82e3ec-da42-491b-9b6a-0ed9bb7646ba to datanode:fe41025e-da51-4673-994d-25a17fd926d9
2023-01-06 14:00:09,094 [RatisPipelineUtilsThread - 0] INFO  pipeline.RatisPipelineProvider (RatisPipelineProvider.java:lambda$create$0(206)) - Sending CreatePipelineCommand for pipeline:PipelineID=6a82e3ec-da42-491b-9b6a-0ed9bb7646ba to datanode:ca2b9cd0-63d2-42af-b7f4-b5b024b05d69
2023-01-06 14:00:09,101 [RatisPipelineUtilsThread - 0] INFO  pipeline.PipelineStateManagerImpl (PipelineStateManagerImpl.java:addPipeline(103)) - Created pipeline Pipeline[ Id: 6a82e3ec-da42-491b-9b6a-0ed9bb7646ba, Nodes: 9d2479ec-aa45-414b-9f67-598ea71ed6e7{ip: 10.1.0.26, host: fv-az28-147.ycjfjujedjyu5lezsnvlijijec.cx.internal.cloudapp.net, ports: [REPLICATION=46599, RATIS=46055, RATIS_ADMIN=46055, RATIS_SERVER=46055, RATIS_DATASTREAM=37817, STANDALONE=33895], networkLocation: /default-rack, certSerialId: null, persistedOpState: IN_SERVICE, persistedOpStateExpiryEpochSec: 0}fe41025e-da51-4673-994d-25a17fd926d9{ip: 10.1.0.26, host: fv-az28-147.ycjfjujedjyu5lezsnvlijijec.cx.internal.cloudapp.net, ports: [REPLICATION=46737, RATIS=46787, RATIS_ADMIN=46787, RATIS_SERVER=46787, RATIS_DATASTREAM=38003, STANDALONE=40143], networkLocation: /default-rack, certSerialId: null, persistedOpState: IN_SERVICE, persistedOpStateExpiryEpochSec: 0}ca2b9cd0-63d2-42af-b7f4-b5b024b05d69{ip: 10.1.0.26, host: fv-az28-147.ycjfjujedjyu5lezsnvlijijec.cx.internal.cloudapp.net, ports: [REPLICATION=36419, RATIS=45169, RATIS_ADMIN=45169, RATIS_SERVER=45169, RATIS_DATASTREAM=41089, STANDALONE=35033], networkLocation: /default-rack, certSerialId: null, persistedOpState: IN_SERVICE, persistedOpStateExpiryEpochSec: 0}, ReplicationConfig: RATIS/THREE, State:ALLOCATED, leaderId:, CreationTimestamp2023-01-06T14:00:09.093Z[Etc/UTC]].
2023-01-06 14:00:09,101 [RatisPipelineUtilsThread - 0] INFO  pipeline.PipelineManagerImpl (PipelineManagerImpl.java:recordMetricsForPipeline(826)) - Pipeline: PipelineID=6a82e3ec-da42-491b-9b6a-0ed9bb7646ba contains same datanodes as previous pipelines: PipelineID=56f2cbf1-21de-483f-8646-9f65ce99153f nodeIds: 9d2479ec-aa45-414b-9f67-598ea71ed6e7, fe41025e-da51-4673-994d-25a17fd926d9, ca2b9cd0-63d2-42af-b7f4-b5b024b05d69
2023-01-06 14:00:09,103 [RatisPipelineUtilsThread - 0] WARN  pipeline.PipelinePlacementPolicy (PipelinePlacementPolicy.java:filterViableNodes(158)) - Pipeline creation failed due to no sufficient healthy datanodes. Required 3. Found 0.
2023-01-06 14:00:09,416 [IPC Server handler 3 on default port 36293] INFO  net.NetworkTopologyImpl (NetworkTopologyImpl.java:add(112)) - Added a new node: /default-rack/e32a88af-9633-4d64-a8b2-4f5c257759a0
2023-01-06 14:00:09,417 [IPC Server handler 3 on default port 36293] INFO  node.SCMNodeManager (SCMNodeManager.java:register(397)) - Registered Data node : e32a88af-9633-4d64-a8b2-4f5c257759a0{ip: 10.1.0.26, host: fv-az28-147.ycjfjujedjyu5lezsnvlijijec.cx.internal.cloudapp.net, ports: [REPLICATION=36493, RATIS=34063, RATIS_ADMIN=34063, RATIS_SERVER=34063, RATIS_DATASTREAM=41351, STANDALONE=35571], networkLocation: /default-rack, certSerialId: null, persistedOpState: null, persistedOpStateExpiryEpochSec: 0}
2023-01-06 14:00:09,418 [EventQueue-NewNodeForNewNodeHandler] INFO  pipeline.BackgroundPipelineCreator (BackgroundPipelineCreator.java:notifyEventTriggered(276)) - trigger a one-shot run on RatisPipelineUtilsThread.
2023-01-06 14:00:09,419 [RatisPipelineUtilsThread - 0] INFO  pipeline.RatisPipelineProvider (RatisPipelineProvider.java:lambda$create$0(206)) - Sending CreatePipelineCommand for pipeline:PipelineID=9297cb0a-2863-48bd-8ed0-ea947270c03e to datanode:e32a88af-9633-4d64-a8b2-4f5c257759a0
2023-01-06 14:00:09,419 [RatisPipelineUtilsThread - 0] INFO  pipeline.PipelineStateManagerImpl (PipelineStateManagerImpl.java:addPipeline(103)) - Created pipeline Pipeline[ Id: 9297cb0a-2863-48bd-8ed0-ea947270c03e, Nodes: e32a88af-9633-4d64-a8b2-4f5c257759a0{ip: 10.1.0.26, host: fv-az28-147.ycjfjujedjyu5lezsnvlijijec.cx.internal.cloudapp.net, ports: [REPLICATION=36493, RATIS=34063, RATIS_ADMIN=34063, RATIS_SERVER=34063, RATIS_DATASTREAM=41351, STANDALONE=35571], networkLocation: /default-rack, certSerialId: null, persistedOpState: IN_SERVICE, persistedOpStateExpiryEpochSec: 0}, ReplicationConfig: RATIS/ONE, State:ALLOCATED, leaderId:, CreationTimestamp2023-01-06T14:00:09.419Z[Etc/UTC]].
2023-01-06 14:00:09,420 [RatisPipelineUtilsThread - 0] WARN  pipeline.PipelinePlacementPolicy (PipelinePlacementPolicy.java:filterViableNodes(158)) - Pipeline creation failed due to no sufficient healthy datanodes. Required 3. Found 1.
2023-01-06 14:00:09,485 [Listener at 127.0.0.1/40279] INFO  ozone.MiniOzoneClusterImpl (MiniOzoneClusterImpl.java:lambda$waitForClusterToBeReady$0(217)) - Waiting for nodes to be ready. Got 4 of 7 DN Heartbeats.
2023-01-06 14:00:09,486 [Listener at 127.0.0.1/40279] INFO  ozone.MiniOzoneClusterImpl (MiniOzoneClusterImpl.java:lambda$waitForClusterToBeReady$0(220)) - Waiting for cluster to exit safe mode
2023-01-06 14:00:09,486 [Listener at 127.0.0.1/40279] INFO  ozone.MiniOzoneClusterImpl (MiniOzoneClusterImpl.java:lambda$waitForClusterToBeReady$0(222)) - SCM became leader
2023-01-06 14:00:09,747 [IPC Server handler 0 on default port 36293] INFO  net.NetworkTopologyImpl (NetworkTopologyImpl.java:add(112)) - Added a new node: /default-rack/4b735870-47c9-40f5-bf86-6fbe739ba238
2023-01-06 14:00:09,747 [IPC Server handler 0 on default port 36293] INFO  node.SCMNodeManager (SCMNodeManager.java:register(397)) - Registered Data node : 4b735870-47c9-40f5-bf86-6fbe739ba238{ip: 10.1.0.26, host: fv-az28-147.ycjfjujedjyu5lezsnvlijijec.cx.internal.cloudapp.net, ports: [REPLICATION=46079, RATIS=40757, RATIS_ADMIN=40757, RATIS_SERVER=40757, RATIS_DATASTREAM=34319, STANDALONE=33333], networkLocation: /default-rack, certSerialId: null, persistedOpState: null, persistedOpStateExpiryEpochSec: 0}
2023-01-06 14:00:09,747 [EventQueue-NewNodeForNewNodeHandler] INFO  pipeline.BackgroundPipelineCreator (BackgroundPipelineCreator.java:notifyEventTriggered(276)) - trigger a one-shot run on RatisPipelineUtilsThread.
2023-01-06 14:00:09,749 [RatisPipelineUtilsThread - 0] INFO  pipeline.RatisPipelineProvider (RatisPipelineProvider.java:lambda$create$0(206)) - Sending CreatePipelineCommand for pipeline:PipelineID=946b8fba-8567-4222-b565-76bf4a17a87e to datanode:4b735870-47c9-40f5-bf86-6fbe739ba238
2023-01-06 14:00:09,749 [RatisPipelineUtilsThread - 0] INFO  pipeline.PipelineStateManagerImpl (PipelineStateManagerImpl.java:addPipeline(103)) - Created pipeline Pipeline[ Id: 946b8fba-8567-4222-b565-76bf4a17a87e, Nodes: 4b735870-47c9-40f5-bf86-6fbe739ba238{ip: 10.1.0.26, host: fv-az28-147.ycjfjujedjyu5lezsnvlijijec.cx.internal.cloudapp.net, ports: [REPLICATION=46079, RATIS=40757, RATIS_ADMIN=40757, RATIS_SERVER=40757, RATIS_DATASTREAM=34319, STANDALONE=33333], networkLocation: /default-rack, certSerialId: null, persistedOpState: IN_SERVICE, persistedOpStateExpiryEpochSec: 0}, ReplicationConfig: RATIS/ONE, State:ALLOCATED, leaderId:, CreationTimestamp2023-01-06T14:00:09.749Z[Etc/UTC]].
2023-01-06 14:00:09,750 [RatisPipelineUtilsThread - 0] WARN  pipeline.PipelinePlacementPolicy (PipelinePlacementPolicy.java:filterViableNodes(158)) - Pipeline creation failed due to no sufficient healthy datanodes. Required 3. Found 2.
2023-01-06 14:00:10,066 [IPC Server handler 2 on default port 36293] INFO  net.NetworkTopologyImpl (NetworkTopologyImpl.java:add(112)) - Added a new node: /default-rack/2cd9f762-1be0-4b34-89df-a8822a289ddb
2023-01-06 14:00:10,067 [IPC Server handler 2 on default port 36293] INFO  node.SCMNodeManager (SCMNodeManager.java:register(397)) - Registered Data node : 2cd9f762-1be0-4b34-89df-a8822a289ddb{ip: 10.1.0.26, host: fv-az28-147.ycjfjujedjyu5lezsnvlijijec.cx.internal.cloudapp.net, ports: [REPLICATION=40893, RATIS=43125, RATIS_ADMIN=43125, RATIS_SERVER=43125, RATIS_DATASTREAM=32929, STANDALONE=34635], networkLocation: /default-rack, certSerialId: null, persistedOpState: null, persistedOpStateExpiryEpochSec: 0}
2023-01-06 14:00:10,067 [EventQueue-NewNodeForNewNodeHandler] INFO  pipeline.BackgroundPipelineCreator (BackgroundPipelineCreator.java:notifyEventTriggered(276)) - trigger a one-shot run on RatisPipelineUtilsThread.
2023-01-06 14:00:10,068 [RatisPipelineUtilsThread - 0] INFO  pipeline.RatisPipelineProvider (RatisPipelineProvider.java:lambda$create$0(206)) - Sending CreatePipelineCommand for pipeline:PipelineID=bbd080ba-6b0a-4d5f-bf02-8fcebd3931f1 to datanode:2cd9f762-1be0-4b34-89df-a8822a289ddb
2023-01-06 14:00:10,069 [RatisPipelineUtilsThread - 0] INFO  pipeline.PipelineStateManagerImpl (PipelineStateManagerImpl.java:addPipeline(103)) - Created pipeline Pipeline[ Id: bbd080ba-6b0a-4d5f-bf02-8fcebd3931f1, Nodes: 2cd9f762-1be0-4b34-89df-a8822a289ddb{ip: 10.1.0.26, host: fv-az28-147.ycjfjujedjyu5lezsnvlijijec.cx.internal.cloudapp.net, ports: [REPLICATION=40893, RATIS=43125, RATIS_ADMIN=43125, RATIS_SERVER=43125, RATIS_DATASTREAM=32929, STANDALONE=34635], networkLocation: /default-rack, certSerialId: null, persistedOpState: IN_SERVICE, persistedOpStateExpiryEpochSec: 0}, ReplicationConfig: RATIS/ONE, State:ALLOCATED, leaderId:, CreationTimestamp2023-01-06T14:00:10.068Z[Etc/UTC]].
2023-01-06 14:00:10,069 [RatisPipelineUtilsThread - 0] INFO  pipeline.RatisPipelineProvider (RatisPipelineProvider.java:lambda$create$0(206)) - Sending CreatePipelineCommand for pipeline:PipelineID=b1641b7a-705b-4899-b89b-1c40786c362b to datanode:e32a88af-9633-4d64-a8b2-4f5c257759a0
2023-01-06 14:00:10,069 [RatisPipelineUtilsThread - 0] INFO  pipeline.RatisPipelineProvider (RatisPipelineProvider.java:lambda$create$0(206)) - Sending CreatePipelineCommand for pipeline:PipelineID=b1641b7a-705b-4899-b89b-1c40786c362b to datanode:2cd9f762-1be0-4b34-89df-a8822a289ddb
2023-01-06 14:00:10,069 [RatisPipelineUtilsThread - 0] INFO  pipeline.RatisPipelineProvider (RatisPipelineProvider.java:lambda$create$0(206)) - Sending CreatePipelineCommand for pipeline:PipelineID=b1641b7a-705b-4899-b89b-1c40786c362b to datanode:4b735870-47c9-40f5-bf86-6fbe739ba238
2023-01-06 14:00:10,070 [RatisPipelineUtilsThread - 0] INFO  pipeline.PipelineStateManagerImpl (PipelineStateManagerImpl.java:addPipeline(103)) - Created pipeline Pipeline[ Id: b1641b7a-705b-4899-b89b-1c40786c362b, Nodes: e32a88af-9633-4d64-a8b2-4f5c257759a0{ip: 10.1.0.26, host: fv-az28-147.ycjfjujedjyu5lezsnvlijijec.cx.internal.cloudapp.net, ports: [REPLICATION=36493, RATIS=34063, RATIS_ADMIN=34063, RATIS_SERVER=34063, RATIS_DATASTREAM=41351, STANDALONE=35571], networkLocation: /default-rack, certSerialId: null, persistedOpState: IN_SERVICE, persistedOpStateExpiryEpochSec: 0}2cd9f762-1be0-4b34-89df-a8822a289ddb{ip: 10.1.0.26, host: fv-az28-147.ycjfjujedjyu5lezsnvlijijec.cx.internal.cloudapp.net, ports: [REPLICATION=40893, RATIS=43125, RATIS_ADMIN=43125, RATIS_SERVER=43125, RATIS_DATASTREAM=32929, STANDALONE=34635], networkLocation: /default-rack, certSerialId: null, persistedOpState: IN_SERVICE, persistedOpStateExpiryEpochSec: 0}4b735870-47c9-40f5-bf86-6fbe739ba238{ip: 10.1.0.26, host: fv-az28-147.ycjfjujedjyu5lezsnvlijijec.cx.internal.cloudapp.net, ports: [REPLICATION=46079, RATIS=40757, RATIS_ADMIN=40757, RATIS_SERVER=40757, RATIS_DATASTREAM=34319, STANDALONE=33333], networkLocation: /default-rack, certSerialId: null, persistedOpState: IN_SERVICE, persistedOpStateExpiryEpochSec: 0}, ReplicationConfig: RATIS/THREE, State:ALLOCATED, leaderId:, CreationTimestamp2023-01-06T14:00:10.069Z[Etc/UTC]].
2023-01-06 14:00:10,071 [RatisPipelineUtilsThread - 0] INFO  pipeline.RatisPipelineProvider (RatisPipelineProvider.java:lambda$create$0(206)) - Sending CreatePipelineCommand for pipeline:PipelineID=dc174d58-9b01-43dd-ac68-e5d550f16d5e to datanode:2cd9f762-1be0-4b34-89df-a8822a289ddb
2023-01-06 14:00:10,071 [RatisPipelineUtilsThread - 0] INFO  pipeline.RatisPipelineProvider (RatisPipelineProvider.java:lambda$create$0(206)) - Sending CreatePipelineCommand for pipeline:PipelineID=dc174d58-9b01-43dd-ac68-e5d550f16d5e to datanode:4b735870-47c9-40f5-bf86-6fbe739ba238
2023-01-06 14:00:10,071 [RatisPipelineUtilsThread - 0] INFO  pipeline.RatisPipelineProvider (RatisPipelineProvider.java:lambda$create$0(206)) - Sending CreatePipelineCommand for pipeline:PipelineID=dc174d58-9b01-43dd-ac68-e5d550f16d5e to datanode:e32a88af-9633-4d64-a8b2-4f5c257759a0
2023-01-06 14:00:10,072 [RatisPipelineUtilsThread - 0] INFO  pipeline.PipelineStateManagerImpl (PipelineStateManagerImpl.java:addPipeline(103)) - Created pipeline Pipeline[ Id: dc174d58-9b01-43dd-ac68-e5d550f16d5e, Nodes: 2cd9f762-1be0-4b34-89df-a8822a289ddb{ip: 10.1.0.26, host: fv-az28-147.ycjfjujedjyu5lezsnvlijijec.cx.internal.cloudapp.net, ports: [REPLICATION=40893, RATIS=43125, RATIS_ADMIN=43125, RATIS_SERVER=43125, RATIS_DATASTREAM=32929, STANDALONE=34635], networkLocation: /default-rack, certSerialId: null, persistedOpState: IN_SERVICE, persistedOpStateExpiryEpochSec: 0}4b735870-47c9-40f5-bf86-6fbe739ba238{ip: 10.1.0.26, host: fv-az28-147.ycjfjujedjyu5lezsnvlijijec.cx.internal.cloudapp.net, ports: [REPLICATION=46079, RATIS=40757, RATIS_ADMIN=40757, RATIS_SERVER=40757, RATIS_DATASTREAM=34319, STANDALONE=33333], networkLocation: /default-rack, certSerialId: null, persistedOpState: IN_SERVICE, persistedOpStateExpiryEpochSec: 0}e32a88af-9633-4d64-a8b2-4f5c257759a0{ip: 10.1.0.26, host: fv-az28-147.ycjfjujedjyu5lezsnvlijijec.cx.internal.cloudapp.net, ports: [REPLICATION=36493, RATIS=34063, RATIS_ADMIN=34063, RATIS_SERVER=34063, RATIS_DATASTREAM=41351, STANDALONE=35571], networkLocation: /default-rack, certSerialId: null, persistedOpState: IN_SERVICE, persistedOpStateExpiryEpochSec: 0}, ReplicationConfig: RATIS/THREE, State:ALLOCATED, leaderId:, CreationTimestamp2023-01-06T14:00:10.071Z[Etc/UTC]].
2023-01-06 14:00:10,072 [RatisPipelineUtilsThread - 0] INFO  pipeline.PipelineManagerImpl (PipelineManagerImpl.java:recordMetricsForPipeline(826)) - Pipeline: PipelineID=dc174d58-9b01-43dd-ac68-e5d550f16d5e contains same datanodes as previous pipelines: PipelineID=b1641b7a-705b-4899-b89b-1c40786c362b nodeIds: 2cd9f762-1be0-4b34-89df-a8822a289ddb, 4b735870-47c9-40f5-bf86-6fbe739ba238, e32a88af-9633-4d64-a8b2-4f5c257759a0
2023-01-06 14:00:10,073 [RatisPipelineUtilsThread - 0] WARN  pipeline.PipelinePlacementPolicy (PipelinePlacementPolicy.java:filterViableNodes(158)) - Pipeline creation failed due to no sufficient healthy datanodes. Required 3. Found 0.
2023-01-06 14:00:10,486 [Listener at 127.0.0.1/40279] INFO  ozone.MiniOzoneClusterImpl (MiniOzoneClusterImpl.java:lambda$waitForClusterToBeReady$0(217)) - Waiting for nodes to be ready. Got 6 of 7 DN Heartbeats.
2023-01-06 14:00:10,487 [Listener at 127.0.0.1/40279] INFO  ozone.MiniOzoneClusterImpl (MiniOzoneClusterImpl.java:lambda$waitForClusterToBeReady$0(220)) - Waiting for cluster to exit safe mode
2023-01-06 14:00:10,487 [Listener at 127.0.0.1/40279] INFO  ozone.MiniOzoneClusterImpl (MiniOzoneClusterImpl.java:lambda$waitForClusterToBeReady$0(222)) - SCM became leader
2023-01-06 14:00:10,492 [IPC Server handler 4 on default port 36293] INFO  net.NetworkTopologyImpl (NetworkTopologyImpl.java:add(112)) - Added a new node: /default-rack/f730f9a1-8dfc-4d4c-b54c-7d4e94fcccb5
2023-01-06 14:00:10,492 [IPC Server handler 4 on default port 36293] INFO  node.SCMNodeManager (SCMNodeManager.java:register(397)) - Registered Data node : f730f9a1-8dfc-4d4c-b54c-7d4e94fcccb5{ip: 10.1.0.26, host: fv-az28-147.ycjfjujedjyu5lezsnvlijijec.cx.internal.cloudapp.net, ports: [REPLICATION=33855, RATIS=45043, RATIS_ADMIN=45043, RATIS_SERVER=45043, RATIS_DATASTREAM=46477, STANDALONE=39843], networkLocation: /default-rack, certSerialId: null, persistedOpState: null, persistedOpStateExpiryEpochSec: 0}
2023-01-06 14:00:10,493 [EventQueue-NewNodeForNewNodeHandler] INFO  pipeline.BackgroundPipelineCreator (BackgroundPipelineCreator.java:notifyEventTriggered(276)) - trigger a one-shot run on RatisPipelineUtilsThread.
2023-01-06 14:00:10,494 [RatisPipelineUtilsThread - 0] INFO  pipeline.RatisPipelineProvider (RatisPipelineProvider.java:lambda$create$0(206)) - Sending CreatePipelineCommand for pipeline:PipelineID=f873529c-d628-4ad7-944e-4754aaa331d7 to datanode:f730f9a1-8dfc-4d4c-b54c-7d4e94fcccb5
2023-01-06 14:00:10,494 [RatisPipelineUtilsThread - 0] INFO  pipeline.PipelineStateManagerImpl (PipelineStateManagerImpl.java:addPipeline(103)) - Created pipeline Pipeline[ Id: f873529c-d628-4ad7-944e-4754aaa331d7, Nodes: f730f9a1-8dfc-4d4c-b54c-7d4e94fcccb5{ip: 10.1.0.26, host: fv-az28-147.ycjfjujedjyu5lezsnvlijijec.cx.internal.cloudapp.net, ports: [REPLICATION=33855, RATIS=45043, RATIS_ADMIN=45043, RATIS_SERVER=45043, RATIS_DATASTREAM=46477, STANDALONE=39843], networkLocation: /default-rack, certSerialId: null, persistedOpState: IN_SERVICE, persistedOpStateExpiryEpochSec: 0}, ReplicationConfig: RATIS/ONE, State:ALLOCATED, leaderId:, CreationTimestamp2023-01-06T14:00:10.494Z[Etc/UTC]].
2023-01-06 14:00:10,495 [RatisPipelineUtilsThread - 0] WARN  pipeline.PipelinePlacementPolicy (PipelinePlacementPolicy.java:filterViableNodes(158)) - Pipeline creation failed due to no sufficient healthy datanodes. Required 3. Found 1.
2023-01-06 14:00:11,200 [Command processor thread] INFO  server.RaftServer (RaftServerProxy.java:addNew(96)) - fe41025e-da51-4673-994d-25a17fd926d9: addNew group-734B29B91E0D:[fe41025e-da51-4673-994d-25a17fd926d9|rpc:10.1.0.26:46787|dataStream:10.1.0.26:38003|priority:1|startupRole:FOLLOWER] returns group-734B29B91E0D:java.util.concurrent.CompletableFuture@5dc1a4f4[Not completed]
2023-01-06 14:00:11,214 [pool-71-thread-1] INFO  server.RaftServer$Division (RaftServerImpl.java:<init>(195)) - fe41025e-da51-4673-994d-25a17fd926d9: new RaftServerImpl for group-734B29B91E0D:[fe41025e-da51-4673-994d-25a17fd926d9|rpc:10.1.0.26:46787|dataStream:10.1.0.26:38003|priority:1|startupRole:FOLLOWER] with ContainerStateMachine:uninitialized
2023-01-06 14:00:11,215 [pool-71-thread-1] INFO  server.RaftServerConfigKeys (ConfUtils.java:logGet(46)) - raft.server.rpc.timeout.min = 5s (custom)
2023-01-06 14:00:11,215 [pool-71-thread-1] INFO  server.RaftServerConfigKeys (ConfUtils.java:logGet(46)) - raft.server.rpc.timeout.max = 5200ms (custom)
2023-01-06 14:00:11,215 [pool-71-thread-1] INFO  server.RaftServerConfigKeys (ConfUtils.java:logGet(46)) - raft.server.rpc.sleep.time = 25ms (default)
2023-01-06 14:00:11,215 [pool-71-thread-1] INFO  server.RaftServerConfigKeys (ConfUtils.java:logGet(46)) - raft.server.rpc.slowness.timeout = 300s (custom)
2023-01-06 14:00:11,215 [pool-71-thread-1] INFO  server.RaftServerConfigKeys (ConfUtils.java:logGet(46)) - raft.server.leaderelection.leader.step-down.wait-time = 10s (default)
2023-01-06 14:00:11,215 [pool-71-thread-1] INFO  server.RaftServerConfigKeys (ConfUtils.java:logGet(46)) - raft.server.sleep.deviation.threshold = 300ms (default)
2023-01-06 14:00:11,215 [pool-71-thread-1] INFO  server.RaftServer$Division (ServerState.java:<init>(118)) - fe41025e-da51-4673-994d-25a17fd926d9@group-734B29B91E0D: ConfigurationManager, init=-1: peers:[fe41025e-da51-4673-994d-25a17fd926d9|rpc:10.1.0.26:46787|dataStream:10.1.0.26:38003|priority:1|startupRole:FOLLOWER]|listeners:[], old=null, confs=<EMPTY_MAP>
2023-01-06 14:00:11,215 [pool-71-thread-1] INFO  server.RaftServerConfigKeys (ConfUtils.java:logGet(46)) - raft.server.storage.dir = [/home/runner/work/ozone/ozone/hadoop-ozone/integration-test/target/test-dir/MiniOzoneClusterImpl-2de58cfc-ec7c-41ac-af7d-ad40b55ccb4e/datanode-0/data/ratis] (custom)
2023-01-06 14:00:11,215 [pool-71-thread-1] INFO  server.RaftServerConfigKeys (ConfUtils.java:logGet(46)) - raft.server.log.corruption.policy = EXCEPTION (default)
2023-01-06 14:00:11,215 [pool-71-thread-1] INFO  server.RaftServerConfigKeys (ConfUtils.java:logGet(46)) - raft.server.storage.free-space.min = 0MB (=0) (default)
2023-01-06 14:00:11,215 [pool-71-thread-1] INFO  server.RaftServerConfigKeys (ConfUtils.java:logGet(46)) - raft.server.notification.no-leader.timeout = 300s (custom)
2023-01-06 14:00:11,216 [pool-71-thread-1] INFO  server.RaftServerConfigKeys (ConfUtils.java:logGet(46)) - raft.server.retrycache.expirytime = 600000ms (custom)
2023-01-06 14:00:11,216 [pool-71-thread-1] INFO  server.RaftServerConfigKeys (ConfUtils.java:logGet(46)) - raft.server.retrycache.statistics.expirytime = 100μs (default)
2023-01-06 14:00:11,226 [pool-71-thread-1] INFO  server.RaftServerConfigKeys (ConfUtils.java:logGet(46)) - raft.server.log.appender.install.snapshot.enabled = false (custom)
2023-01-06 14:00:11,226 [pool-71-thread-1] INFO  server.RaftServerConfigKeys (ConfUtils.java:logGet(46)) - raft.server.threadpool.server.cached = true (default)
2023-01-06 14:00:11,226 [pool-71-thread-1] INFO  server.RaftServerConfigKeys (ConfUtils.java:logGet(46)) - raft.server.threadpool.server.size = 0 (default)
2023-01-06 14:00:11,226 [pool-71-thread-1] INFO  server.RaftServerConfigKeys (ConfUtils.java:logGet(46)) - raft.server.threadpool.client.cached = true (default)
2023-01-06 14:00:11,226 [pool-71-thread-1] INFO  server.RaftServerConfigKeys (ConfUtils.java:logGet(46)) - raft.server.threadpool.client.size = 0 (default)
2023-01-06 14:00:11,226 [pool-71-thread-1] INFO  storage.RaftStorageDirectory (RaftStorageDirectoryImpl.java:analyzeStorage(137)) - The storage directory /home/runner/work/ozone/ozone/hadoop-ozone/integration-test/target/test-dir/MiniOzoneClusterImpl-2de58cfc-ec7c-41ac-af7d-ad40b55ccb4e/datanode-0/data/ratis/e67dcd9f-2af4-4265-9130-734b29b91e0d does not exist. Creating ...
2023-01-06 14:00:11,229 [pool-71-thread-1] INFO  storage.RaftStorageDirectory (RaftStorageDirectoryImpl.java:tryLock(231)) - Lock on /home/runner/work/ozone/ozone/hadoop-ozone/integration-test/target/test-dir/MiniOzoneClusterImpl-2de58cfc-ec7c-41ac-af7d-ad40b55ccb4e/datanode-0/data/ratis/e67dcd9f-2af4-4265-9130-734b29b91e0d/in_use.lock acquired by nodename 71639@fv-az28-147
2023-01-06 14:00:11,231 [pool-71-thread-1] INFO  storage.RaftStorage (RaftStorageImpl.java:format(96)) - Storage directory /home/runner/work/ozone/ozone/hadoop-ozone/integration-test/target/test-dir/MiniOzoneClusterImpl-2de58cfc-ec7c-41ac-af7d-ad40b55ccb4e/datanode-0/data/ratis/e67dcd9f-2af4-4265-9130-734b29b91e0d has been successfully formatted.
2023-01-06 14:00:11,236 [pool-71-thread-1] INFO  ratis.ContainerStateMachine (ContainerStateMachine.java:loadSnapshot(240)) - group-734B29B91E0D: The snapshot info is null. Setting the last applied indexto:(t:0, i:~)
2023-01-06 14:00:11,236 [pool-71-thread-1] INFO  server.RaftServerConfigKeys (ConfUtils.java:logGet(46)) - raft.server.log.use.memory = false (default)
2023-01-06 14:00:11,236 [pool-71-thread-1] INFO  server.RaftServerConfigKeys (ConfUtils.java:logGet(46)) - raft.server.log.purge.gap = 1000000 (custom)
2023-01-06 14:00:11,236 [pool-71-thread-1] INFO  server.RaftServerConfigKeys (ConfUtils.java:logGet(46)) - raft.server.log.appender.buffer.byte-limit = 33554432 (custom)
2023-01-06 14:00:11,236 [pool-71-thread-1] INFO  server.RaftServerConfigKeys (ConfUtils.java:logGet(46)) - raft.server.log.statemachine.data.read.timeout = 1000ms (default)
2023-01-06 14:00:11,236 [pool-71-thread-1] INFO  server.RaftServerConfigKeys (ConfUtils.java:logGet(46)) - raft.server.log.purge.preservation.log.num = 0 (default)
2023-01-06 14:00:11,237 [pool-71-thread-1] INFO  server.RaftServerConfigKeys (ConfUtils.java:logGet(46)) - raft.server.log.segment.size.max = 1048576 (custom)
2023-01-06 14:00:11,237 [pool-71-thread-1] INFO  server.RaftServerConfigKeys (ConfUtils.java:logGet(46)) - raft.server.log.segment.cache.num.max = 2 (custom)
2023-01-06 14:00:11,237 [pool-71-thread-1] INFO  server.RaftServerConfigKeys (ConfUtils.java:logGet(46)) - raft.server.log.segment.cache.size.max = 200MB (=209715200) (default)
2023-01-06 14:00:11,237 [pool-71-thread-1] INFO  segmented.SegmentedRaftLogWorker (SegmentedRaftLogWorker.java:<init>(189)) - new fe41025e-da51-4673-994d-25a17fd926d9@group-734B29B91E0D-SegmentedRaftLogWorker for RaftStorageImpl:Storage Directory /home/runner/work/ozone/ozone/hadoop-ozone/integration-test/target/test-dir/MiniOzoneClusterImpl-2de58cfc-ec7c-41ac-af7d-ad40b55ccb4e/datanode-0/data/ratis/e67dcd9f-2af4-4265-9130-734b29b91e0d
2023-01-06 14:00:11,238 [pool-71-thread-1] INFO  server.RaftServerConfigKeys (ConfUtils.java:logGet(46)) - raft.server.log.queue.byte-limit = 4294967296 (custom)
2023-01-06 14:00:11,238 [pool-71-thread-1] INFO  server.RaftServerConfigKeys (ConfUtils.java:logGet(46)) - raft.server.log.queue.element-limit = 1024 (custom)
2023-01-06 14:00:11,238 [pool-71-thread-1] INFO  server.RaftServerConfigKeys (ConfUtils.java:logGet(46)) - raft.server.log.segment.size.max = 1048576 (custom)
2023-01-06 14:00:11,238 [pool-71-thread-1] INFO  server.RaftServerConfigKeys (ConfUtils.java:logGet(46)) - raft.server.log.preallocated.size = 16384 (custom)
2023-01-06 14:00:11,238 [pool-71-thread-1] INFO  server.RaftServerConfigKeys (ConfUtils.java:logGet(46)) - raft.server.log.force.sync.num = 128 (default)
2023-01-06 14:00:11,238 [pool-71-thread-1] INFO  server.RaftServerConfigKeys (ConfUtils.java:logGet(46)) - raft.server.log.statemachine.data.sync = true (default)
2023-01-06 14:00:11,238 [pool-71-thread-1] INFO  server.RaftServerConfigKeys (ConfUtils.java:logGet(46)) - raft.server.log.statemachine.data.sync.timeout = 10s (default)
2023-01-06 14:00:11,238 [pool-71-thread-1] INFO  server.RaftServerConfigKeys (ConfUtils.java:logGet(46)) - raft.server.log.statemachine.data.sync.timeout.retry = -1 (default)
2023-01-06 14:00:11,239 [pool-71-thread-1] INFO  server.RaftServerConfigKeys (ConfUtils.java:logGet(46)) - raft.server.log.write.buffer.size = 1048576 (custom)
2023-01-06 14:00:11,239 [pool-71-thread-1] INFO  server.RaftServerConfigKeys (ConfUtils.java:logGet(46)) - raft.server.log.appender.buffer.byte-limit = 33554432 (custom)
2023-01-06 14:00:11,242 [pool-71-thread-1] INFO  server.RaftServerConfigKeys (ConfUtils.java:logGet(46)) - raft.server.log.unsafe-flush.enabled = false (default)
2023-01-06 14:00:11,242 [pool-71-thread-1] INFO  server.RaftServerConfigKeys (ConfUtils.java:logGet(46)) - raft.server.log.async-flush.enabled = false (default)
2023-01-06 14:00:11,242 [pool-71-thread-1] INFO  server.RaftServerConfigKeys (ConfUtils.java:logGet(46)) - raft.server.log.statemachine.data.caching.enabled = true (custom)
2023-01-06 14:00:11,246 [pool-71-thread-1] INFO  segmented.SegmentedRaftLogWorker (SegmentedRaftLogWorker.java:lambda$new$0(135)) - fe41025e-da51-4673-994d-25a17fd926d9@group-734B29B91E0D-SegmentedRaftLogWorker: flushIndex: setUnconditionally 0 -> -1
2023-01-06 14:00:11,246 [pool-71-thread-1] INFO  segmented.SegmentedRaftLogWorker (SegmentedRaftLogWorker.java:lambda$new$0(135)) - fe41025e-da51-4673-994d-25a17fd926d9@group-734B29B91E0D-SegmentedRaftLogWorker: safeCacheEvictIndex: setUnconditionally 0 -> -1
2023-01-06 14:00:11,246 [pool-71-thread-1] INFO  server.RaftServer$Division (RaftServerImpl.java:start(334)) - fe41025e-da51-4673-994d-25a17fd926d9@group-734B29B91E0D: start as a follower, conf=-1: peers:[fe41025e-da51-4673-994d-25a17fd926d9|rpc:10.1.0.26:46787|dataStream:10.1.0.26:38003|priority:1|startupRole:FOLLOWER]|listeners:[], old=null
2023-01-06 14:00:11,246 [pool-71-thread-1] INFO  server.RaftServer$Division (RaftServerImpl.java:setRole(321)) - fe41025e-da51-4673-994d-25a17fd926d9@group-734B29B91E0D: changes role from      null to FOLLOWER at term 0 for startAsFollower
2023-01-06 14:00:11,246 [pool-71-thread-1] INFO  impl.RoleInfo (RoleInfo.java:updateAndGet(139)) - fe41025e-da51-4673-994d-25a17fd926d9: start fe41025e-da51-4673-994d-25a17fd926d9@group-734B29B91E0D-FollowerState
2023-01-06 14:00:11,251 [pool-71-thread-1] INFO  util.JmxRegister (JmxRegister.java:tryRegister(44)) - Successfully registered JMX Bean with object name Ratis:service=RaftServer,group=group-734B29B91E0D,id=fe41025e-da51-4673-994d-25a17fd926d9
2023-01-06 14:00:11,252 [pool-71-thread-1] INFO  server.RaftServerConfigKeys (ConfUtils.java:logGet(46)) - raft.server.snapshot.auto.trigger.enabled = true (custom)
2023-01-06 14:00:11,252 [pool-71-thread-1] INFO  server.RaftServerConfigKeys (ConfUtils.java:logGet(46)) - raft.server.snapshot.auto.trigger.threshold = 10000 (custom)
2023-01-06 14:00:11,252 [pool-71-thread-1] INFO  server.RaftServerConfigKeys (ConfUtils.java:logGet(46)) - raft.server.snapshot.retention.file.num = 5 (custom)
2023-01-06 14:00:11,252 [pool-71-thread-1] INFO  server.RaftServerConfigKeys (ConfUtils.java:logGet(46)) - raft.server.log.purge.upto.snapshot.index = false (default)
2023-01-06 14:00:11,270 [EventQueue-PipelineReportForPipelineReportHandler] INFO  pipeline.PipelineManagerImpl (PipelineManagerImpl.java:openPipeline(367)) - Pipeline Pipeline[ Id: e67dcd9f-2af4-4265-9130-734b29b91e0d, Nodes: fe41025e-da51-4673-994d-25a17fd926d9{ip: 10.1.0.26, host: fv-az28-147.ycjfjujedjyu5lezsnvlijijec.cx.internal.cloudapp.net, ports: [REPLICATION=46737, RATIS=46787, RATIS_ADMIN=46787, RATIS_SERVER=46787, RATIS_DATASTREAM=38003, STANDALONE=40143], networkLocation: /default-rack, certSerialId: null, persistedOpState: IN_SERVICE, persistedOpStateExpiryEpochSec: 0}, ReplicationConfig: RATIS/ONE, State:ALLOCATED, leaderId:fe41025e-da51-4673-994d-25a17fd926d9, CreationTimestamp2023-01-06T14:00:08.212Z[Etc/UTC]] moved to OPEN state
2023-01-06 14:00:11,274 [fe41025e-da51-4673-994d-25a17fd926d9@group-734B29B91E0D-FollowerState] INFO  server.RaftServerConfigKeys (ConfUtils.java:logFallback(53)) - raft.server.rpc.first-election.timeout.min = 5s (fallback to raft.server.rpc.timeout.min)
2023-01-06 14:00:11,274 [fe41025e-da51-4673-994d-25a17fd926d9@group-734B29B91E0D-FollowerState] INFO  server.RaftServerConfigKeys (ConfUtils.java:logFallback(53)) - raft.server.rpc.first-election.timeout.max = 5200ms (fallback to raft.server.rpc.timeout.max)
2023-01-06 14:00:11,276 [Command processor thread] INFO  ratis.XceiverServerRatis (XceiverServerRatis.java:addGroup(806)) - Created group PipelineID=e67dcd9f-2af4-4265-9130-734b29b91e0d
2023-01-06 14:00:11,278 [Command processor thread] INFO  commandhandler.CreatePipelineCommandHandler (CreatePipelineCommandHandler.java:handle(113)) - Created Pipeline RATIS ONE PipelineID=e67dcd9f-2af4-4265-9130-734b29b91e0d.
2023-01-06 14:00:11,278 [Command processor thread] INFO  server.RaftServer (RaftServerProxy.java:addNew(96)) - fe41025e-da51-4673-994d-25a17fd926d9: addNew group-9F65CE99153F:[ca2b9cd0-63d2-42af-b7f4-b5b024b05d69|rpc:10.1.0.26:45169|dataStream:10.1.0.26:41089|priority:0|startupRole:FOLLOWER, fe41025e-da51-4673-994d-25a17fd926d9|rpc:10.1.0.26:46787|dataStream:10.1.0.26:38003|priority:1|startupRole:FOLLOWER, 9d2479ec-aa45-414b-9f67-598ea71ed6e7|rpc:10.1.0.26:46055|dataStream:10.1.0.26:37817|priority:0|startupRole:FOLLOWER] returns group-9F65CE99153F:java.util.concurrent.CompletableFuture@3e3e6ab2[Not completed]
2023-01-06 14:00:11,279 [pool-71-thread-1] INFO  server.RaftServer$Division (RaftServerImpl.java:<init>(195)) - fe41025e-da51-4673-994d-25a17fd926d9: new RaftServerImpl for group-9F65CE99153F:[ca2b9cd0-63d2-42af-b7f4-b5b024b05d69|rpc:10.1.0.26:45169|dataStream:10.1.0.26:41089|priority:0|startupRole:FOLLOWER, fe41025e-da51-4673-994d-25a17fd926d9|rpc:10.1.0.26:46787|dataStream:10.1.0.26:38003|priority:1|startupRole:FOLLOWER, 9d2479ec-aa45-414b-9f67-598ea71ed6e7|rpc:10.1.0.26:46055|dataStream:10.1.0.26:37817|priority:0|startupRole:FOLLOWER] with ContainerStateMachine:uninitialized
2023-01-06 14:00:11,279 [pool-71-thread-1] INFO  server.RaftServerConfigKeys (ConfUtils.java:logGet(46)) - raft.server.rpc.timeout.min = 5s (custom)
2023-01-06 14:00:11,279 [pool-71-thread-1] INFO  server.RaftServerConfigKeys (ConfUtils.java:logGet(46)) - raft.server.rpc.timeout.max = 5200ms (custom)
2023-01-06 14:00:11,279 [pool-71-thread-1] INFO  server.RaftServerConfigKeys (ConfUtils.java:logGet(46)) - raft.server.rpc.sleep.time = 25ms (default)
2023-01-06 14:00:11,279 [pool-71-thread-1] INFO  server.RaftServerConfigKeys (ConfUtils.java:logGet(46)) - raft.server.rpc.slowness.timeout = 300s (custom)
2023-01-06 14:00:11,279 [pool-71-thread-1] INFO  server.RaftServerConfigKeys (ConfUtils.java:logGet(46)) - raft.server.leaderelection.leader.step-down.wait-time = 10s (default)
2023-01-06 14:00:11,279 [pool-71-thread-1] INFO  server.RaftServerConfigKeys (ConfUtils.java:logGet(46)) - raft.server.sleep.deviation.threshold = 300ms (default)
2023-01-06 14:00:11,279 [pool-71-thread-1] INFO  server.RaftServer$Division (ServerState.java:<init>(118)) - fe41025e-da51-4673-994d-25a17fd926d9@group-9F65CE99153F: ConfigurationManager, init=-1: peers:[ca2b9cd0-63d2-42af-b7f4-b5b024b05d69|rpc:10.1.0.26:45169|dataStream:10.1.0.26:41089|priority:0|startupRole:FOLLOWER, fe41025e-da51-4673-994d-25a17fd926d9|rpc:10.1.0.26:46787|dataStream:10.1.0.26:38003|priority:1|startupRole:FOLLOWER, 9d2479ec-aa45-414b-9f67-598ea71ed6e7|rpc:10.1.0.26:46055|dataStream:10.1.0.26:37817|priority:0|startupRole:FOLLOWER]|listeners:[], old=null, confs=<EMPTY_MAP>
2023-01-06 14:00:11,280 [EventQueue-OpenPipelineForHealthyPipelineSafeModeRule] INFO  safemode.SCMSafeModeManager (HealthyPipelineSafeModeRule.java:process(137)) - SCM in safe mode. Healthy pipelines reported count is 0, required healthy pipeline reported count is 1
2023-01-06 14:00:11,280 [pool-71-thread-1] INFO  server.RaftServerConfigKeys (ConfUtils.java:logGet(46)) - raft.server.storage.dir = [/home/runner/work/ozone/ozone/hadoop-ozone/integration-test/target/test-dir/MiniOzoneClusterImpl-2de58cfc-ec7c-41ac-af7d-ad40b55ccb4e/datanode-0/data/ratis] (custom)
2023-01-06 14:00:11,281 [pool-71-thread-1] INFO  server.RaftServerConfigKeys (ConfUtils.java:logGet(46)) - raft.server.log.corruption.policy = EXCEPTION (default)
2023-01-06 14:00:11,281 [pool-71-thread-1] INFO  server.RaftServerConfigKeys (ConfUtils.java:logGet(46)) - raft.server.storage.free-space.min = 0MB (=0) (default)
2023-01-06 14:00:11,281 [pool-71-thread-1] INFO  server.RaftServerConfigKeys (ConfUtils.java:logGet(46)) - raft.server.notification.no-leader.timeout = 300s (custom)
2023-01-06 14:00:11,281 [pool-71-thread-1] INFO  server.RaftServerConfigKeys (ConfUtils.java:logGet(46)) - raft.server.retrycache.expirytime = 600000ms (custom)
2023-01-06 14:00:11,281 [pool-71-thread-1] INFO  server.RaftServerConfigKeys (ConfUtils.java:logGet(46)) - raft.server.retrycache.statistics.expirytime = 100μs (default)
2023-01-06 14:00:11,287 [pool-71-thread-1] INFO  server.RaftServerConfigKeys (ConfUtils.java:logGet(46)) - raft.server.log.appender.install.snapshot.enabled = false (custom)
2023-01-06 14:00:11,287 [pool-71-thread-1] INFO  server.RaftServerConfigKeys (ConfUtils.java:logGet(46)) - raft.server.threadpool.server.cached = true (default)
2023-01-06 14:00:11,287 [pool-71-thread-1] INFO  server.RaftServerConfigKeys (ConfUtils.java:logGet(46)) - raft.server.threadpool.server.size = 0 (default)
2023-01-06 14:00:11,287 [pool-71-thread-1] INFO  server.RaftServerConfigKeys (ConfUtils.java:logGet(46)) - raft.server.threadpool.client.cached = true (default)
2023-01-06 14:00:11,288 [pool-71-thread-1] INFO  server.RaftServerConfigKeys (ConfUtils.java:logGet(46)) - raft.server.threadpool.client.size = 0 (default)
2023-01-06 14:00:11,288 [pool-71-thread-1] INFO  storage.RaftStorageDirectory (RaftStorageDirectoryImpl.java:analyzeStorage(137)) - The storage directory /home/runner/work/ozone/ozone/hadoop-ozone/integration-test/target/test-dir/MiniOzoneClusterImpl-2de58cfc-ec7c-41ac-af7d-ad40b55ccb4e/datanode-0/data/ratis/56f2cbf1-21de-483f-8646-9f65ce99153f does not exist. Creating ...
2023-01-06 14:00:11,290 [pool-71-thread-1] INFO  storage.RaftStorageDirectory (RaftStorageDirectoryImpl.java:tryLock(231)) - Lock on /home/runner/work/ozone/ozone/hadoop-ozone/integration-test/target/test-dir/MiniOzoneClusterImpl-2de58cfc-ec7c-41ac-af7d-ad40b55ccb4e/datanode-0/data/ratis/56f2cbf1-21de-483f-8646-9f65ce99153f/in_use.lock acquired by nodename 71639@fv-az28-147
2023-01-06 14:00:11,293 [pool-71-thread-1] INFO  storage.RaftStorage (RaftStorageImpl.java:format(96)) - Storage directory /home/runner/work/ozone/ozone/hadoop-ozone/integration-test/target/test-dir/MiniOzoneClusterImpl-2de58cfc-ec7c-41ac-af7d-ad40b55ccb4e/datanode-0/data/ratis/56f2cbf1-21de-483f-8646-9f65ce99153f has been successfully formatted.
2023-01-06 14:00:11,293 [pool-71-thread-1] INFO  ratis.ContainerStateMachine (ContainerStateMachine.java:loadSnapshot(240)) - group-9F65CE99153F: The snapshot info is null. Setting the last applied indexto:(t:0, i:~)
2023-01-06 14:00:11,293 [pool-71-thread-1] INFO  server.RaftServerConfigKeys (ConfUtils.java:logGet(46)) - raft.server.log.use.memory = false (default)
2023-01-06 14:00:11,294 [pool-71-thread-1] INFO  server.RaftServerConfigKeys (ConfUtils.java:logGet(46)) - raft.server.log.purge.gap = 1000000 (custom)
2023-01-06 14:00:11,294 [pool-71-thread-1] INFO  server.RaftServerConfigKeys (ConfUtils.java:logGet(46)) - raft.server.log.appender.buffer.byte-limit = 33554432 (custom)
2023-01-06 14:00:11,294 [pool-71-thread-1] INFO  server.RaftServerConfigKeys (ConfUtils.java:logGet(46)) - raft.server.log.statemachine.data.read.timeout = 1000ms (default)
2023-01-06 14:00:11,294 [pool-71-thread-1] INFO  server.RaftServerConfigKeys (ConfUtils.java:logGet(46)) - raft.server.log.purge.preservation.log.num = 0 (default)
2023-01-06 14:00:11,295 [pool-71-thread-1] INFO  server.RaftServerConfigKeys (ConfUtils.java:logGet(46)) - raft.server.log.segment.size.max = 1048576 (custom)
2023-01-06 14:00:11,295 [EventQueue-OpenPipelineForHealthyPipelineSafeModeRule] INFO  safemode.SCMSafeModeManager (HealthyPipelineSafeModeRule.java:process(137)) - SCM in safe mode. Healthy pipelines reported count is 0, required healthy pipeline reported count is 1
2023-01-06 14:00:11,295 [pool-71-thread-1] INFO  server.RaftServerConfigKeys (ConfUtils.java:logGet(46)) - raft.server.log.segment.cache.num.max = 2 (custom)
2023-01-06 14:00:11,295 [pool-71-thread-1] INFO  server.RaftServerConfigKeys (ConfUtils.java:logGet(46)) - raft.server.log.segment.cache.size.max = 200MB (=209715200) (default)
2023-01-06 14:00:11,295 [pool-71-thread-1] INFO  segmented.SegmentedRaftLogWorker (SegmentedRaftLogWorker.java:<init>(189)) - new fe41025e-da51-4673-994d-25a17fd926d9@group-9F65CE99153F-SegmentedRaftLogWorker for RaftStorageImpl:Storage Directory /home/runner/work/ozone/ozone/hadoop-ozone/integration-test/target/test-dir/MiniOzoneClusterImpl-2de58cfc-ec7c-41ac-af7d-ad40b55ccb4e/datanode-0/data/ratis/56f2cbf1-21de-483f-8646-9f65ce99153f
2023-01-06 14:00:11,295 [pool-71-thread-1] INFO  server.RaftServerConfigKeys (ConfUtils.java:logGet(46)) - raft.server.log.queue.byte-limit = 4294967296 (custom)
2023-01-06 14:00:11,296 [pool-71-thread-1] INFO  server.RaftServerConfigKeys (ConfUtils.java:logGet(46)) - raft.server.log.queue.element-limit = 1024 (custom)
2023-01-06 14:00:11,296 [pool-71-thread-1] INFO  server.RaftServerConfigKeys (ConfUtils.java:logGet(46)) - raft.server.log.segment.size.max = 1048576 (custom)
2023-01-06 14:00:11,296 [pool-71-thread-1] INFO  server.RaftServerConfigKeys (ConfUtils.java:logGet(46)) - raft.server.log.preallocated.size = 16384 (custom)
2023-01-06 14:00:11,296 [pool-71-thread-1] INFO  server.RaftServerConfigKeys (ConfUtils.java:logGet(46)) - raft.server.log.force.sync.num = 128 (default)
2023-01-06 14:00:11,296 [pool-71-thread-1] INFO  server.RaftServerConfigKeys (ConfUtils.java:logGet(46)) - raft.server.log.statemachine.data.sync = true (default)
2023-01-06 14:00:11,296 [pool-71-thread-1] INFO  server.RaftServerConfigKeys (ConfUtils.java:logGet(46)) - raft.server.log.statemachine.data.sync.timeout = 10s (default)
2023-01-06 14:00:11,296 [pool-71-thread-1] INFO  server.RaftServerConfigKeys (ConfUtils.java:logGet(46)) - raft.server.log.statemachine.data.sync.timeout.retry = -1 (default)
2023-01-06 14:00:11,298 [pool-71-thread-1] INFO  server.RaftServerConfigKeys (ConfUtils.java:logGet(46)) - raft.server.log.write.buffer.size = 1048576 (custom)
2023-01-06 14:00:11,298 [pool-71-thread-1] INFO  server.RaftServerConfigKeys (ConfUtils.java:logGet(46)) - raft.server.log.appender.buffer.byte-limit = 33554432 (custom)
2023-01-06 14:00:11,303 [pool-71-thread-1] INFO  server.RaftServerConfigKeys (ConfUtils.java:logGet(46)) - raft.server.log.unsafe-flush.enabled = false (default)
2023-01-06 14:00:11,303 [pool-71-thread-1] INFO  server.RaftServerConfigKeys (ConfUtils.java:logGet(46)) - raft.server.log.async-flush.enabled = false (default)
2023-01-06 14:00:11,303 [pool-71-thread-1] INFO  server.RaftServerConfigKeys (ConfUtils.java:logGet(46)) - raft.server.log.statemachine.data.caching.enabled = true (custom)
2023-01-06 14:00:11,305 [pool-71-thread-1] INFO  segmented.SegmentedRaftLogWorker (SegmentedRaftLogWorker.java:lambda$new$0(135)) - fe41025e-da51-4673-994d-25a17fd926d9@group-9F65CE99153F-SegmentedRaftLogWorker: flushIndex: setUnconditionally 0 -> -1
2023-01-06 14:00:11,305 [pool-71-thread-1] INFO  segmented.SegmentedRaftLogWorker (SegmentedRaftLogWorker.java:lambda$new$0(135)) - fe41025e-da51-4673-994d-25a17fd926d9@group-9F65CE99153F-SegmentedRaftLogWorker: safeCacheEvictIndex: setUnconditionally 0 -> -1
2023-01-06 14:00:11,309 [pool-71-thread-1] INFO  server.RaftServer$Division (RaftServerImpl.java:start(334)) - fe41025e-da51-4673-994d-25a17fd926d9@group-9F65CE99153F: start as a follower, conf=-1: peers:[ca2b9cd0-63d2-42af-b7f4-b5b024b05d69|rpc:10.1.0.26:45169|dataStream:10.1.0.26:41089|priority:0|startupRole:FOLLOWER, fe41025e-da51-4673-994d-25a17fd926d9|rpc:10.1.0.26:46787|dataStream:10.1.0.26:38003|priority:1|startupRole:FOLLOWER, 9d2479ec-aa45-414b-9f67-598ea71ed6e7|rpc:10.1.0.26:46055|dataStream:10.1.0.26:37817|priority:0|startupRole:FOLLOWER]|listeners:[], old=null
2023-01-06 14:00:11,309 [pool-71-thread-1] INFO  server.RaftServer$Division (RaftServerImpl.java:setRole(321)) - fe41025e-da51-4673-994d-25a17fd926d9@group-9F65CE99153F: changes role from      null to FOLLOWER at term 0 for startAsFollower
2023-01-06 14:00:11,309 [pool-71-thread-1] INFO  impl.RoleInfo (RoleInfo.java:updateAndGet(139)) - fe41025e-da51-4673-994d-25a17fd926d9: start fe41025e-da51-4673-994d-25a17fd926d9@group-9F65CE99153F-FollowerState
2023-01-06 14:00:11,312 [pool-71-thread-1] INFO  util.JmxRegister (JmxRegister.java:tryRegister(44)) - Successfully registered JMX Bean with object name Ratis:service=RaftServer,group=group-9F65CE99153F,id=fe41025e-da51-4673-994d-25a17fd926d9
2023-01-06 14:00:11,312 [pool-71-thread-1] INFO  server.RaftServerConfigKeys (ConfUtils.java:logGet(46)) - raft.server.snapshot.auto.trigger.enabled = true (custom)
2023-01-06 14:00:11,312 [pool-71-thread-1] INFO  server.RaftServerConfigKeys (ConfUtils.java:logGet(46)) - raft.server.snapshot.auto.trigger.threshold = 10000 (custom)
2023-01-06 14:00:11,312 [pool-71-thread-1] INFO  server.RaftServerConfigKeys (ConfUtils.java:logGet(46)) - raft.server.snapshot.retention.file.num = 5 (custom)
2023-01-06 14:00:11,312 [pool-71-thread-1] INFO  server.RaftServerConfigKeys (ConfUtils.java:logGet(46)) - raft.server.log.purge.upto.snapshot.index = false (default)
2023-01-06 14:00:11,314 [fe41025e-da51-4673-994d-25a17fd926d9@group-9F65CE99153F-FollowerState] INFO  server.RaftServerConfigKeys (ConfUtils.java:logFallback(53)) - raft.server.rpc.first-election.timeout.min = 5s (fallback to raft.server.rpc.timeout.min)
2023-01-06 14:00:11,324 [Command processor thread] INFO  ratis.XceiverServerRatis (XceiverServerRatis.java:addGroup(806)) - Created group PipelineID=56f2cbf1-21de-483f-8646-9f65ce99153f
2023-01-06 14:00:11,324 [fe41025e-da51-4673-994d-25a17fd926d9@group-9F65CE99153F-FollowerState] INFO  server.RaftServerConfigKeys (ConfUtils.java:logFallback(53)) - raft.server.rpc.first-election.timeout.max = 5200ms (fallback to raft.server.rpc.timeout.max)
2023-01-06 14:00:11,487 [Listener at 127.0.0.1/40279] INFO  ozone.MiniOzoneClusterImpl (MiniOzoneClusterImpl.java:lambda$waitForClusterToBeReady$0(217)) - Nodes are ready. Got 7 of 7 DN Heartbeats.
2023-01-06 14:00:11,487 [Listener at 127.0.0.1/40279] INFO  ozone.MiniOzoneClusterImpl (MiniOzoneClusterImpl.java:lambda$waitForClusterToBeReady$0(220)) - Waiting for cluster to exit safe mode
2023-01-06 14:00:11,487 [Listener at 127.0.0.1/40279] INFO  ozone.MiniOzoneClusterImpl (MiniOzoneClusterImpl.java:lambda$waitForClusterToBeReady$0(222)) - SCM became leader
2023-01-06 14:00:11,894 [Command processor thread] INFO  server.RaftServer (RaftServerProxy.java:addNew(96)) - 9d2479ec-aa45-414b-9f67-598ea71ed6e7: addNew group-5A007A343341:[9d2479ec-aa45-414b-9f67-598ea71ed6e7|rpc:10.1.0.26:46055|dataStream:10.1.0.26:37817|priority:1|startupRole:FOLLOWER] returns group-5A007A343341:java.util.concurrent.CompletableFuture@48c45079[Not completed]
2023-01-06 14:00:11,905 [pool-94-thread-1] INFO  server.RaftServer$Division (RaftServerImpl.java:<init>(195)) - 9d2479ec-aa45-414b-9f67-598ea71ed6e7: new RaftServerImpl for group-5A007A343341:[9d2479ec-aa45-414b-9f67-598ea71ed6e7|rpc:10.1.0.26:46055|dataStream:10.1.0.26:37817|priority:1|startupRole:FOLLOWER] with ContainerStateMachine:uninitialized
2023-01-06 14:00:11,906 [pool-94-thread-1] INFO  server.RaftServerConfigKeys (ConfUtils.java:logGet(46)) - raft.server.rpc.timeout.min = 5s (custom)
2023-01-06 14:00:11,906 [pool-94-thread-1] INFO  server.RaftServerConfigKeys (ConfUtils.java:logGet(46)) - raft.server.rpc.timeout.max = 5200ms (custom)
2023-01-06 14:00:11,906 [pool-94-thread-1] INFO  server.RaftServerConfigKeys (ConfUtils.java:logGet(46)) - raft.server.rpc.sleep.time = 25ms (default)
2023-01-06 14:00:11,906 [pool-94-thread-1] INFO  server.RaftServerConfigKeys (ConfUtils.java:logGet(46)) - raft.server.rpc.slowness.timeout = 300s (custom)
2023-01-06 14:00:11,906 [pool-94-thread-1] INFO  server.RaftServerConfigKeys (ConfUtils.java:logGet(46)) - raft.server.leaderelection.leader.step-down.wait-time = 10s (default)
2023-01-06 14:00:11,906 [pool-94-thread-1] INFO  server.RaftServerConfigKeys (ConfUtils.java:logGet(46)) - raft.server.sleep.deviation.threshold = 300ms (default)
2023-01-06 14:00:11,906 [pool-94-thread-1] INFO  server.RaftServer$Division (ServerState.java:<init>(118)) - 9d2479ec-aa45-414b-9f67-598ea71ed6e7@group-5A007A343341: ConfigurationManager, init=-1: peers:[9d2479ec-aa45-414b-9f67-598ea71ed6e7|rpc:10.1.0.26:46055|dataStream:10.1.0.26:37817|priority:1|startupRole:FOLLOWER]|listeners:[], old=null, confs=<EMPTY_MAP>
2023-01-06 14:00:11,906 [pool-94-thread-1] INFO  server.RaftServerConfigKeys (ConfUtils.java:logGet(46)) - raft.server.storage.dir = [/home/runner/work/ozone/ozone/hadoop-ozone/integration-test/target/test-dir/MiniOzoneClusterImpl-2de58cfc-ec7c-41ac-af7d-ad40b55ccb4e/datanode-1/data/ratis] (custom)
2023-01-06 14:00:11,906 [pool-94-thread-1] INFO  server.RaftServerConfigKeys (ConfUtils.java:logGet(46)) - raft.server.log.corruption.policy = EXCEPTION (default)
2023-01-06 14:00:11,906 [pool-94-thread-1] INFO  server.RaftServerConfigKeys (ConfUtils.java:logGet(46)) - raft.server.storage.free-space.min = 0MB (=0) (default)
2023-01-06 14:00:11,906 [pool-94-thread-1] INFO  server.RaftServerConfigKeys (ConfUtils.java:logGet(46)) - raft.server.notification.no-leader.timeout = 300s (custom)
2023-01-06 14:00:11,906 [pool-94-thread-1] INFO  server.RaftServerConfigKeys (ConfUtils.java:logGet(46)) - raft.server.retrycache.expirytime = 600000ms (custom)
2023-01-06 14:00:11,906 [pool-94-thread-1] INFO  server.RaftServerConfigKeys (ConfUtils.java:logGet(46)) - raft.server.retrycache.statistics.expirytime = 100μs (default)
2023-01-06 14:00:11,911 [pool-94-thread-1] INFO  server.RaftServerConfigKeys (ConfUtils.java:logGet(46)) - raft.server.log.appender.install.snapshot.enabled = false (custom)
2023-01-06 14:00:11,911 [pool-94-thread-1] INFO  server.RaftServerConfigKeys (ConfUtils.java:logGet(46)) - raft.server.threadpool.server.cached = true (default)
2023-01-06 14:00:11,912 [pool-94-thread-1] INFO  server.RaftServerConfigKeys (ConfUtils.java:logGet(46)) - raft.server.threadpool.server.size = 0 (default)
2023-01-06 14:00:11,912 [pool-94-thread-1] INFO  server.RaftServerConfigKeys (ConfUtils.java:logGet(46)) - raft.server.threadpool.client.cached = true (default)
2023-01-06 14:00:11,912 [pool-94-thread-1] INFO  server.RaftServerConfigKeys (ConfUtils.java:logGet(46)) - raft.server.threadpool.client.size = 0 (default)
2023-01-06 14:00:11,912 [pool-94-thread-1] INFO  storage.RaftStorageDirectory (RaftStorageDirectoryImpl.java:analyzeStorage(137)) - The storage directory /home/runner/work/ozone/ozone/hadoop-ozone/integration-test/target/test-dir/MiniOzoneClusterImpl-2de58cfc-ec7c-41ac-af7d-ad40b55ccb4e/datanode-1/data/ratis/4f029e53-f888-43c8-aee1-5a007a343341 does not exist. Creating ...
2023-01-06 14:00:11,914 [pool-94-thread-1] INFO  storage.RaftStorageDirectory (RaftStorageDirectoryImpl.java:tryLock(231)) - Lock on /home/runner/work/ozone/ozone/hadoop-ozone/integration-test/target/test-dir/MiniOzoneClusterImpl-2de58cfc-ec7c-41ac-af7d-ad40b55ccb4e/datanode-1/data/ratis/4f029e53-f888-43c8-aee1-5a007a343341/in_use.lock acquired by nodename 71639@fv-az28-147
2023-01-06 14:00:11,916 [pool-94-thread-1] INFO  storage.RaftStorage (RaftStorageImpl.java:format(96)) - Storage directory /home/runner/work/ozone/ozone/hadoop-ozone/integration-test/target/test-dir/MiniOzoneClusterImpl-2de58cfc-ec7c-41ac-af7d-ad40b55ccb4e/datanode-1/data/ratis/4f029e53-f888-43c8-aee1-5a007a343341 has been successfully formatted.
2023-01-06 14:00:11,920 [pool-94-thread-1] INFO  ratis.ContainerStateMachine (ContainerStateMachine.java:loadSnapshot(240)) - group-5A007A343341: The snapshot info is null. Setting the last applied indexto:(t:0, i:~)
2023-01-06 14:00:11,921 [pool-94-thread-1] INFO  server.RaftServerConfigKeys (ConfUtils.java:logGet(46)) - raft.server.log.use.memory = false (default)
2023-01-06 14:00:11,921 [pool-94-thread-1] INFO  server.RaftServerConfigKeys (ConfUtils.java:logGet(46)) - raft.server.log.purge.gap = 1000000 (custom)
2023-01-06 14:00:11,922 [pool-94-thread-1] INFO  server.RaftServerConfigKeys (ConfUtils.java:logGet(46)) - raft.server.log.appender.buffer.byte-limit = 33554432 (custom)
2023-01-06 14:00:11,922 [EventQueue-PipelineReportForPipelineReportHandler] INFO  pipeline.PipelineManagerImpl (PipelineManagerImpl.java:openPipeline(367)) - Pipeline Pipeline[ Id: 4f029e53-f888-43c8-aee1-5a007a343341, Nodes: 9d2479ec-aa45-414b-9f67-598ea71ed6e7{ip: 10.1.0.26, host: fv-az28-147.ycjfjujedjyu5lezsnvlijijec.cx.internal.cloudapp.net, ports: [REPLICATION=46599, RATIS=46055, RATIS_ADMIN=46055, RATIS_SERVER=46055, RATIS_DATASTREAM=37817, STANDALONE=33895], networkLocation: /default-rack, certSerialId: null, persistedOpState: IN_SERVICE, persistedOpStateExpiryEpochSec: 0}, ReplicationConfig: RATIS/ONE, State:ALLOCATED, leaderId:9d2479ec-aa45-414b-9f67-598ea71ed6e7, CreationTimestamp2023-01-06T14:00:08.759Z[Etc/UTC]] moved to OPEN state
2023-01-06 14:00:11,923 [EventQueue-OpenPipelineForHealthyPipelineSafeModeRule] INFO  safemode.SCMSafeModeManager (HealthyPipelineSafeModeRule.java:process(137)) - SCM in safe mode. Healthy pipelines reported count is 0, required healthy pipeline reported count is 1
2023-01-06 14:00:11,922 [pool-94-thread-1] INFO  server.RaftServerConfigKeys (ConfUtils.java:logGet(46)) - raft.server.log.statemachine.data.read.timeout = 1000ms (default)
2023-01-06 14:00:11,924 [pool-94-thread-1] INFO  server.RaftServerConfigKeys (ConfUtils.java:logGet(46)) - raft.server.log.purge.preservation.log.num = 0 (default)
2023-01-06 14:00:11,924 [pool-94-thread-1] INFO  server.RaftServerConfigKeys (ConfUtils.java:logGet(46)) - raft.server.log.segment.size.max = 1048576 (custom)
2023-01-06 14:00:11,925 [pool-94-thread-1] INFO  server.RaftServerConfigKeys (ConfUtils.java:logGet(46)) - raft.server.log.segment.cache.num.max = 2 (custom)
2023-01-06 14:00:11,925 [pool-94-thread-1] INFO  server.RaftServerConfigKeys (ConfUtils.java:logGet(46)) - raft.server.log.segment.cache.size.max = 200MB (=209715200) (default)
2023-01-06 14:00:11,925 [pool-94-thread-1] INFO  segmented.SegmentedRaftLogWorker (SegmentedRaftLogWorker.java:<init>(189)) - new 9d2479ec-aa45-414b-9f67-598ea71ed6e7@group-5A007A343341-SegmentedRaftLogWorker for RaftStorageImpl:Storage Directory /home/runner/work/ozone/ozone/hadoop-ozone/integration-test/target/test-dir/MiniOzoneClusterImpl-2de58cfc-ec7c-41ac-af7d-ad40b55ccb4e/datanode-1/data/ratis/4f029e53-f888-43c8-aee1-5a007a343341
2023-01-06 14:00:11,925 [pool-94-thread-1] INFO  server.RaftServerConfigKeys (ConfUtils.java:logGet(46)) - raft.server.log.queue.byte-limit = 4294967296 (custom)
2023-01-06 14:00:11,925 [pool-94-thread-1] INFO  server.RaftServerConfigKeys (ConfUtils.java:logGet(46)) - raft.server.log.queue.element-limit = 1024 (custom)
2023-01-06 14:00:11,925 [pool-94-thread-1] INFO  server.RaftServerConfigKeys (ConfUtils.java:logGet(46)) - raft.server.log.segment.size.max = 1048576 (custom)
2023-01-06 14:00:11,925 [pool-94-thread-1] INFO  server.RaftServerConfigKeys (ConfUtils.java:logGet(46)) - raft.server.log.preallocated.size = 16384 (custom)
2023-01-06 14:00:11,925 [pool-94-thread-1] INFO  server.RaftServerConfigKeys (ConfUtils.java:logGet(46)) - raft.server.log.force.sync.num = 128 (default)
2023-01-06 14:00:11,925 [pool-94-thread-1] INFO  server.RaftServerConfigKeys (ConfUtils.java:logGet(46)) - raft.server.log.statemachine.data.sync = true (default)
2023-01-06 14:00:11,926 [pool-94-thread-1] INFO  server.RaftServerConfigKeys (ConfUtils.java:logGet(46)) - raft.server.log.statemachine.data.sync.timeout = 10s (default)
2023-01-06 14:00:11,926 [pool-94-thread-1] INFO  server.RaftServerConfigKeys (ConfUtils.java:logGet(46)) - raft.server.log.statemachine.data.sync.timeout.retry = -1 (default)
2023-01-06 14:00:11,927 [pool-94-thread-1] INFO  server.RaftServerConfigKeys (ConfUtils.java:logGet(46)) - raft.server.log.write.buffer.size = 1048576 (custom)
2023-01-06 14:00:11,927 [pool-94-thread-1] INFO  server.RaftServerConfigKeys (ConfUtils.java:logGet(46)) - raft.server.log.appender.buffer.byte-limit = 33554432 (custom)
2023-01-06 14:00:11,933 [pool-94-thread-1] INFO  server.RaftServerConfigKeys (ConfUtils.java:logGet(46)) - raft.server.log.unsafe-flush.enabled = false (default)
2023-01-06 14:00:11,935 [pool-94-thread-1] INFO  server.RaftServerConfigKeys (ConfUtils.java:logGet(46)) - raft.server.log.async-flush.enabled = false (default)
2023-01-06 14:00:11,935 [pool-94-thread-1] INFO  server.RaftServerConfigKeys (ConfUtils.java:logGet(46)) - raft.server.log.statemachine.data.caching.enabled = true (custom)
2023-01-06 14:00:11,935 [pool-94-thread-1] INFO  segmented.SegmentedRaftLogWorker (SegmentedRaftLogWorker.java:lambda$new$0(135)) - 9d2479ec-aa45-414b-9f67-598ea71ed6e7@group-5A007A343341-SegmentedRaftLogWorker: flushIndex: setUnconditionally 0 -> -1
2023-01-06 14:00:11,935 [pool-94-thread-1] INFO  segmented.SegmentedRaftLogWorker (SegmentedRaftLogWorker.java:lambda$new$0(135)) - 9d2479ec-aa45-414b-9f67-598ea71ed6e7@group-5A007A343341-SegmentedRaftLogWorker: safeCacheEvictIndex: setUnconditionally 0 -> -1
2023-01-06 14:00:11,945 [pool-94-thread-1] INFO  server.RaftServer$Division (RaftServerImpl.java:start(334)) - 9d2479ec-aa45-414b-9f67-598ea71ed6e7@group-5A007A343341: start as a follower, conf=-1: peers:[9d2479ec-aa45-414b-9f67-598ea71ed6e7|rpc:10.1.0.26:46055|dataStream:10.1.0.26:37817|priority:1|startupRole:FOLLOWER]|listeners:[], old=null
2023-01-06 14:00:11,945 [pool-94-thread-1] INFO  server.RaftServer$Division (RaftServerImpl.java:setRole(321)) - 9d2479ec-aa45-414b-9f67-598ea71ed6e7@group-5A007A343341: changes role from      null to FOLLOWER at term 0 for startAsFollower
2023-01-06 14:00:11,945 [pool-94-thread-1] INFO  impl.RoleInfo (RoleInfo.java:updateAndGet(139)) - 9d2479ec-aa45-414b-9f67-598ea71ed6e7: start 9d2479ec-aa45-414b-9f67-598ea71ed6e7@group-5A007A343341-FollowerState
2023-01-06 14:00:11,946 [pool-94-thread-1] INFO  util.JmxRegister (JmxRegister.java:tryRegister(44)) - Successfully registered JMX Bean with object name Ratis:service=RaftServer,group=group-5A007A343341,id=9d2479ec-aa45-414b-9f67-598ea71ed6e7
2023-01-06 14:00:11,953 [pool-94-thread-1] INFO  server.RaftServerConfigKeys (ConfUtils.java:logGet(46)) - raft.server.snapshot.auto.trigger.enabled = true (custom)
2023-01-06 14:00:11,953 [pool-94-thread-1] INFO  server.RaftServerConfigKeys (ConfUtils.java:logGet(46)) - raft.server.snapshot.auto.trigger.threshold = 10000 (custom)
2023-01-06 14:00:11,953 [pool-94-thread-1] INFO  server.RaftServerConfigKeys (ConfUtils.java:logGet(46)) - raft.server.snapshot.retention.file.num = 5 (custom)
2023-01-06 14:00:11,953 [pool-94-thread-1] INFO  server.RaftServerConfigKeys (ConfUtils.java:logGet(46)) - raft.server.log.purge.upto.snapshot.index = false (default)
2023-01-06 14:00:11,954 [Command processor thread] INFO  ratis.XceiverServerRatis (XceiverServerRatis.java:addGroup(806)) - Created group PipelineID=4f029e53-f888-43c8-aee1-5a007a343341
2023-01-06 14:00:11,955 [Command processor thread] INFO  commandhandler.CreatePipelineCommandHandler (CreatePipelineCommandHandler.java:handle(113)) - Created Pipeline RATIS ONE PipelineID=4f029e53-f888-43c8-aee1-5a007a343341.
2023-01-06 14:00:11,957 [9d2479ec-aa45-414b-9f67-598ea71ed6e7@group-5A007A343341-FollowerState] INFO  server.RaftServerConfigKeys (ConfUtils.java:logFallback(53)) - raft.server.rpc.first-election.timeout.min = 5s (fallback to raft.server.rpc.timeout.min)
2023-01-06 14:00:11,957 [9d2479ec-aa45-414b-9f67-598ea71ed6e7@group-5A007A343341-FollowerState] INFO  server.RaftServerConfigKeys (ConfUtils.java:logFallback(53)) - raft.server.rpc.first-election.timeout.max = 5200ms (fallback to raft.server.rpc.timeout.max)
2023-01-06 14:00:11,957 [Command processor thread] INFO  server.RaftServer (RaftServerProxy.java:addNew(96)) - 9d2479ec-aa45-414b-9f67-598ea71ed6e7: addNew group-9F65CE99153F:[ca2b9cd0-63d2-42af-b7f4-b5b024b05d69|rpc:10.1.0.26:45169|dataStream:10.1.0.26:41089|priority:0|startupRole:FOLLOWER, fe41025e-da51-4673-994d-25a17fd926d9|rpc:10.1.0.26:46787|dataStream:10.1.0.26:38003|priority:1|startupRole:FOLLOWER, 9d2479ec-aa45-414b-9f67-598ea71ed6e7|rpc:10.1.0.26:46055|dataStream:10.1.0.26:37817|priority:0|startupRole:FOLLOWER] returns group-9F65CE99153F:java.util.concurrent.CompletableFuture@4cfbcdb9[Not completed]
2023-01-06 14:00:11,958 [pool-94-thread-1] INFO  server.RaftServer$Division (RaftServerImpl.java:<init>(195)) - 9d2479ec-aa45-414b-9f67-598ea71ed6e7: new RaftServerImpl for group-9F65CE99153F:[ca2b9cd0-63d2-42af-b7f4-b5b024b05d69|rpc:10.1.0.26:45169|dataStream:10.1.0.26:41089|priority:0|startupRole:FOLLOWER, fe41025e-da51-4673-994d-25a17fd926d9|rpc:10.1.0.26:46787|dataStream:10.1.0.26:38003|priority:1|startupRole:FOLLOWER, 9d2479ec-aa45-414b-9f67-598ea71ed6e7|rpc:10.1.0.26:46055|dataStream:10.1.0.26:37817|priority:0|startupRole:FOLLOWER] with ContainerStateMachine:uninitialized
2023-01-06 14:00:11,958 [pool-94-thread-1] INFO  server.RaftServerConfigKeys (ConfUtils.java:logGet(46)) - raft.server.rpc.timeout.min = 5s (custom)
2023-01-06 14:00:11,958 [pool-94-thread-1] INFO  server.RaftServerConfigKeys (ConfUtils.java:logGet(46)) - raft.server.rpc.timeout.max = 5200ms (custom)
2023-01-06 14:00:11,958 [pool-94-thread-1] INFO  server.RaftServerConfigKeys (ConfUtils.java:logGet(46)) - raft.server.rpc.sleep.time = 25ms (default)
2023-01-06 14:00:11,958 [pool-94-thread-1] INFO  server.RaftServerConfigKeys (ConfUtils.java:logGet(46)) - raft.server.rpc.slowness.timeout = 300s (custom)
2023-01-06 14:00:11,958 [pool-94-thread-1] INFO  server.RaftServerConfigKeys (ConfUtils.java:logGet(46)) - raft.server.leaderelection.leader.step-down.wait-time = 10s (default)
2023-01-06 14:00:11,958 [pool-94-thread-1] INFO  server.RaftServerConfigKeys (ConfUtils.java:logGet(46)) - raft.server.sleep.deviation.threshold = 300ms (default)
2023-01-06 14:00:11,958 [pool-94-thread-1] INFO  server.RaftServer$Division (ServerState.java:<init>(118)) - 9d2479ec-aa45-414b-9f67-598ea71ed6e7@group-9F65CE99153F: ConfigurationManager, init=-1: peers:[ca2b9cd0-63d2-42af-b7f4-b5b024b05d69|rpc:10.1.0.26:45169|dataStream:10.1.0.26:41089|priority:0|startupRole:FOLLOWER, fe41025e-da51-4673-994d-25a17fd926d9|rpc:10.1.0.26:46787|dataStream:10.1.0.26:38003|priority:1|startupRole:FOLLOWER, 9d2479ec-aa45-414b-9f67-598ea71ed6e7|rpc:10.1.0.26:46055|dataStream:10.1.0.26:37817|priority:0|startupRole:FOLLOWER]|listeners:[], old=null, confs=<EMPTY_MAP>
2023-01-06 14:00:11,958 [pool-94-thread-1] INFO  server.RaftServerConfigKeys (ConfUtils.java:logGet(46)) - raft.server.storage.dir = [/home/runner/work/ozone/ozone/hadoop-ozone/integration-test/target/test-dir/MiniOzoneClusterImpl-2de58cfc-ec7c-41ac-af7d-ad40b55ccb4e/datanode-1/data/ratis] (custom)
2023-01-06 14:00:11,959 [pool-94-thread-1] INFO  server.RaftServerConfigKeys (ConfUtils.java:logGet(46)) - raft.server.log.corruption.policy = EXCEPTION (default)
2023-01-06 14:00:11,959 [pool-94-thread-1] INFO  server.RaftServerConfigKeys (ConfUtils.java:logGet(46)) - raft.server.storage.free-space.min = 0MB (=0) (default)
2023-01-06 14:00:11,959 [pool-94-thread-1] INFO  server.RaftServerConfigKeys (ConfUtils.java:logGet(46)) - raft.server.notification.no-leader.timeout = 300s (custom)
2023-01-06 14:00:11,959 [pool-94-thread-1] INFO  server.RaftServerConfigKeys (ConfUtils.java:logGet(46)) - raft.server.retrycache.expirytime = 600000ms (custom)
2023-01-06 14:00:11,959 [pool-94-thread-1] INFO  server.RaftServerConfigKeys (ConfUtils.java:logGet(46)) - raft.server.retrycache.statistics.expirytime = 100μs (default)
2023-01-06 14:00:11,961 [pool-94-thread-1] INFO  server.RaftServerConfigKeys (ConfUtils.java:logGet(46)) - raft.server.log.appender.install.snapshot.enabled = false (custom)
2023-01-06 14:00:11,962 [pool-94-thread-1] INFO  server.RaftServerConfigKeys (ConfUtils.java:logGet(46)) - raft.server.threadpool.server.cached = true (default)
2023-01-06 14:00:11,962 [pool-94-thread-1] INFO  server.RaftServerConfigKeys (ConfUtils.java:logGet(46)) - raft.server.threadpool.server.size = 0 (default)
2023-01-06 14:00:11,962 [pool-94-thread-1] INFO  server.RaftServerConfigKeys (ConfUtils.java:logGet(46)) - raft.server.threadpool.client.cached = true (default)
2023-01-06 14:00:11,962 [pool-94-thread-1] INFO  server.RaftServerConfigKeys (ConfUtils.java:logGet(46)) - raft.server.threadpool.client.size = 0 (default)
2023-01-06 14:00:11,962 [pool-94-thread-1] INFO  storage.RaftStorageDirectory (RaftStorageDirectoryImpl.java:analyzeStorage(137)) - The storage directory /home/runner/work/ozone/ozone/hadoop-ozone/integration-test/target/test-dir/MiniOzoneClusterImpl-2de58cfc-ec7c-41ac-af7d-ad40b55ccb4e/datanode-1/data/ratis/56f2cbf1-21de-483f-8646-9f65ce99153f does not exist. Creating ...
2023-01-06 14:00:11,963 [pool-94-thread-1] INFO  storage.RaftStorageDirectory (RaftStorageDirectoryImpl.java:tryLock(231)) - Lock on /home/runner/work/ozone/ozone/hadoop-ozone/integration-test/target/test-dir/MiniOzoneClusterImpl-2de58cfc-ec7c-41ac-af7d-ad40b55ccb4e/datanode-1/data/ratis/56f2cbf1-21de-483f-8646-9f65ce99153f/in_use.lock acquired by nodename 71639@fv-az28-147
2023-01-06 14:00:11,964 [pool-94-thread-1] INFO  storage.RaftStorage (RaftStorageImpl.java:format(96)) - Storage directory /home/runner/work/ozone/ozone/hadoop-ozone/integration-test/target/test-dir/MiniOzoneClusterImpl-2de58cfc-ec7c-41ac-af7d-ad40b55ccb4e/datanode-1/data/ratis/56f2cbf1-21de-483f-8646-9f65ce99153f has been successfully formatted.
2023-01-06 14:00:11,964 [pool-94-thread-1] INFO  ratis.ContainerStateMachine (ContainerStateMachine.java:loadSnapshot(240)) - group-9F65CE99153F: The snapshot info is null. Setting the last applied indexto:(t:0, i:~)
2023-01-06 14:00:11,964 [pool-94-thread-1] INFO  server.RaftServerConfigKeys (ConfUtils.java:logGet(46)) - raft.server.log.use.memory = false (default)
2023-01-06 14:00:11,964 [pool-94-thread-1] INFO  server.RaftServerConfigKeys (ConfUtils.java:logGet(46)) - raft.server.log.purge.gap = 1000000 (custom)
2023-01-06 14:00:11,964 [pool-94-thread-1] INFO  server.RaftServerConfigKeys (ConfUtils.java:logGet(46)) - raft.server.log.appender.buffer.byte-limit = 33554432 (custom)
2023-01-06 14:00:11,964 [pool-94-thread-1] INFO  server.RaftServerConfigKeys (ConfUtils.java:logGet(46)) - raft.server.log.statemachine.data.read.timeout = 1000ms (default)
2023-01-06 14:00:11,965 [pool-94-thread-1] INFO  server.RaftServerConfigKeys (ConfUtils.java:logGet(46)) - raft.server.log.purge.preservation.log.num = 0 (default)
2023-01-06 14:00:11,965 [pool-94-thread-1] INFO  server.RaftServerConfigKeys (ConfUtils.java:logGet(46)) - raft.server.log.segment.size.max = 1048576 (custom)
2023-01-06 14:00:11,965 [pool-94-thread-1] INFO  server.RaftServerConfigKeys (ConfUtils.java:logGet(46)) - raft.server.log.segment.cache.num.max = 2 (custom)
2023-01-06 14:00:11,965 [pool-94-thread-1] INFO  server.RaftServerConfigKeys (ConfUtils.java:logGet(46)) - raft.server.log.segment.cache.size.max = 200MB (=209715200) (default)
2023-01-06 14:00:11,965 [pool-94-thread-1] INFO  segmented.SegmentedRaftLogWorker (SegmentedRaftLogWorker.java:<init>(189)) - new 9d2479ec-aa45-414b-9f67-598ea71ed6e7@group-9F65CE99153F-SegmentedRaftLogWorker for RaftStorageImpl:Storage Directory /home/runner/work/ozone/ozone/hadoop-ozone/integration-test/target/test-dir/MiniOzoneClusterImpl-2de58cfc-ec7c-41ac-af7d-ad40b55ccb4e/datanode-1/data/ratis/56f2cbf1-21de-483f-8646-9f65ce99153f
2023-01-06 14:00:11,965 [pool-94-thread-1] INFO  server.RaftServerConfigKeys (ConfUtils.java:logGet(46)) - raft.server.log.queue.byte-limit = 4294967296 (custom)
2023-01-06 14:00:11,965 [pool-94-thread-1] INFO  server.RaftServerConfigKeys (ConfUtils.java:logGet(46)) - raft.server.log.queue.element-limit = 1024 (custom)
2023-01-06 14:00:11,965 [pool-94-thread-1] INFO  server.RaftServerConfigKeys (ConfUtils.java:logGet(46)) - raft.server.log.segment.size.max = 1048576 (custom)
2023-01-06 14:00:11,965 [pool-94-thread-1] INFO  server.RaftServerConfigKeys (ConfUtils.java:logGet(46)) - raft.server.log.preallocated.size = 16384 (custom)
2023-01-06 14:00:11,966 [pool-94-thread-1] INFO  server.RaftServerConfigKeys (ConfUtils.java:logGet(46)) - raft.server.log.force.sync.num = 128 (default)
2023-01-06 14:00:11,966 [pool-94-thread-1] INFO  server.RaftServerConfigKeys (ConfUtils.java:logGet(46)) - raft.server.log.statemachine.data.sync = true (default)
2023-01-06 14:00:11,966 [pool-94-thread-1] INFO  server.RaftServerConfigKeys (ConfUtils.java:logGet(46)) - raft.server.log.statemachine.data.sync.timeout = 10s (default)
2023-01-06 14:00:11,966 [pool-94-thread-1] INFO  server.RaftServerConfigKeys (ConfUtils.java:logGet(46)) - raft.server.log.statemachine.data.sync.timeout.retry = -1 (default)
2023-01-06 14:00:11,967 [pool-94-thread-1] INFO  server.RaftServerConfigKeys (ConfUtils.java:logGet(46)) - raft.server.log.write.buffer.size = 1048576 (custom)
2023-01-06 14:00:11,967 [pool-94-thread-1] INFO  server.RaftServerConfigKeys (ConfUtils.java:logGet(46)) - raft.server.log.appender.buffer.byte-limit = 33554432 (custom)
2023-01-06 14:00:11,971 [pool-94-thread-1] INFO  server.RaftServerConfigKeys (ConfUtils.java:logGet(46)) - raft.server.log.unsafe-flush.enabled = false (default)
2023-01-06 14:00:11,971 [pool-94-thread-1] INFO  server.RaftServerConfigKeys (ConfUtils.java:logGet(46)) - raft.server.log.async-flush.enabled = false (default)
2023-01-06 14:00:11,971 [pool-94-thread-1] INFO  server.RaftServerConfigKeys (ConfUtils.java:logGet(46)) - raft.server.log.statemachine.data.caching.enabled = true (custom)
2023-01-06 14:00:11,971 [EventQueue-OpenPipelineForHealthyPipelineSafeModeRule] INFO  safemode.SCMSafeModeManager (HealthyPipelineSafeModeRule.java:process(137)) - SCM in safe mode. Healthy pipelines reported count is 0, required healthy pipeline reported count is 1
2023-01-06 14:00:11,974 [pool-94-thread-1] INFO  segmented.SegmentedRaftLogWorker (SegmentedRaftLogWorker.java:lambda$new$0(135)) - 9d2479ec-aa45-414b-9f67-598ea71ed6e7@group-9F65CE99153F-SegmentedRaftLogWorker: flushIndex: setUnconditionally 0 -> -1
2023-01-06 14:00:11,974 [pool-94-thread-1] INFO  segmented.SegmentedRaftLogWorker (SegmentedRaftLogWorker.java:lambda$new$0(135)) - 9d2479ec-aa45-414b-9f67-598ea71ed6e7@group-9F65CE99153F-SegmentedRaftLogWorker: safeCacheEvictIndex: setUnconditionally 0 -> -1
2023-01-06 14:00:11,993 [pool-94-thread-1] INFO  server.RaftServer$Division (RaftServerImpl.java:start(334)) - 9d2479ec-aa45-414b-9f67-598ea71ed6e7@group-9F65CE99153F: start as a follower, conf=-1: peers:[ca2b9cd0-63d2-42af-b7f4-b5b024b05d69|rpc:10.1.0.26:45169|dataStream:10.1.0.26:41089|priority:0|startupRole:FOLLOWER, fe41025e-da51-4673-994d-25a17fd926d9|rpc:10.1.0.26:46787|dataStream:10.1.0.26:38003|priority:1|startupRole:FOLLOWER, 9d2479ec-aa45-414b-9f67-598ea71ed6e7|rpc:10.1.0.26:46055|dataStream:10.1.0.26:37817|priority:0|startupRole:FOLLOWER]|listeners:[], old=null
2023-01-06 14:00:11,993 [pool-94-thread-1] INFO  server.RaftServer$Division (RaftServerImpl.java:setRole(321)) - 9d2479ec-aa45-414b-9f67-598ea71ed6e7@group-9F65CE99153F: changes role from      null to FOLLOWER at term 0 for startAsFollower
2023-01-06 14:00:11,993 [pool-94-thread-1] INFO  impl.RoleInfo (RoleInfo.java:updateAndGet(139)) - 9d2479ec-aa45-414b-9f67-598ea71ed6e7: start 9d2479ec-aa45-414b-9f67-598ea71ed6e7@group-9F65CE99153F-FollowerState
2023-01-06 14:00:11,994 [pool-94-thread-1] INFO  util.JmxRegister (JmxRegister.java:tryRegister(44)) - Successfully registered JMX Bean with object name Ratis:service=RaftServer,group=group-9F65CE99153F,id=9d2479ec-aa45-414b-9f67-598ea71ed6e7
2023-01-06 14:00:11,994 [pool-94-thread-1] INFO  server.RaftServerConfigKeys (ConfUtils.java:logGet(46)) - raft.server.snapshot.auto.trigger.enabled = true (custom)
2023-01-06 14:00:11,994 [pool-94-thread-1] INFO  server.RaftServerConfigKeys (ConfUtils.java:logGet(46)) - raft.server.snapshot.auto.trigger.threshold = 10000 (custom)
2023-01-06 14:00:11,994 [pool-94-thread-1] INFO  server.RaftServerConfigKeys (ConfUtils.java:logGet(46)) - raft.server.snapshot.retention.file.num = 5 (custom)
2023-01-06 14:00:11,994 [pool-94-thread-1] INFO  server.RaftServerConfigKeys (ConfUtils.java:logGet(46)) - raft.server.log.purge.upto.snapshot.index = false (default)
2023-01-06 14:00:11,995 [9d2479ec-aa45-414b-9f67-598ea71ed6e7@group-9F65CE99153F-FollowerState] INFO  server.RaftServerConfigKeys (ConfUtils.java:logFallback(53)) - raft.server.rpc.first-election.timeout.min = 5s (fallback to raft.server.rpc.timeout.min)
2023-01-06 14:00:11,995 [Command processor thread] INFO  ratis.XceiverServerRatis (XceiverServerRatis.java:addGroup(806)) - Created group PipelineID=56f2cbf1-21de-483f-8646-9f65ce99153f
2023-01-06 14:00:11,999 [9d2479ec-aa45-414b-9f67-598ea71ed6e7@group-9F65CE99153F-FollowerState] INFO  server.RaftServerConfigKeys (ConfUtils.java:logFallback(53)) - raft.server.rpc.first-election.timeout.max = 5200ms (fallback to raft.server.rpc.timeout.max)
2023-01-06 14:00:12,082 [Command processor thread] INFO  server.RaftServer (RaftServerProxy.java:addNew(96)) - ca2b9cd0-63d2-42af-b7f4-b5b024b05d69: addNew group-3F16AADDAC14:[ca2b9cd0-63d2-42af-b7f4-b5b024b05d69|rpc:10.1.0.26:45169|dataStream:10.1.0.26:41089|priority:1|startupRole:FOLLOWER] returns group-3F16AADDAC14:java.util.concurrent.CompletableFuture@2c975a90[Not completed]
2023-01-06 14:00:12,108 [pool-117-thread-1] INFO  server.RaftServer$Division (RaftServerImpl.java:<init>(195)) - ca2b9cd0-63d2-42af-b7f4-b5b024b05d69: new RaftServerImpl for group-3F16AADDAC14:[ca2b9cd0-63d2-42af-b7f4-b5b024b05d69|rpc:10.1.0.26:45169|dataStream:10.1.0.26:41089|priority:1|startupRole:FOLLOWER] with ContainerStateMachine:uninitialized
2023-01-06 14:00:12,108 [pool-117-thread-1] INFO  server.RaftServerConfigKeys (ConfUtils.java:logGet(46)) - raft.server.rpc.timeout.min = 5s (custom)
2023-01-06 14:00:12,108 [pool-117-thread-1] INFO  server.RaftServerConfigKeys (ConfUtils.java:logGet(46)) - raft.server.rpc.timeout.max = 5200ms (custom)
2023-01-06 14:00:12,108 [pool-117-thread-1] INFO  server.RaftServerConfigKeys (ConfUtils.java:logGet(46)) - raft.server.rpc.sleep.time = 25ms (default)
2023-01-06 14:00:12,108 [pool-117-thread-1] INFO  server.RaftServerConfigKeys (ConfUtils.java:logGet(46)) - raft.server.rpc.slowness.timeout = 300s (custom)
2023-01-06 14:00:12,108 [pool-117-thread-1] INFO  server.RaftServerConfigKeys (ConfUtils.java:logGet(46)) - raft.server.leaderelection.leader.step-down.wait-time = 10s (default)
2023-01-06 14:00:12,108 [pool-117-thread-1] INFO  server.RaftServerConfigKeys (ConfUtils.java:logGet(46)) - raft.server.sleep.deviation.threshold = 300ms (default)
2023-01-06 14:00:12,108 [pool-117-thread-1] INFO  server.RaftServer$Division (ServerState.java:<init>(118)) - ca2b9cd0-63d2-42af-b7f4-b5b024b05d69@group-3F16AADDAC14: ConfigurationManager, init=-1: peers:[ca2b9cd0-63d2-42af-b7f4-b5b024b05d69|rpc:10.1.0.26:45169|dataStream:10.1.0.26:41089|priority:1|startupRole:FOLLOWER]|listeners:[], old=null, confs=<EMPTY_MAP>
2023-01-06 14:00:12,108 [pool-117-thread-1] INFO  server.RaftServerConfigKeys (ConfUtils.java:logGet(46)) - raft.server.storage.dir = [/home/runner/work/ozone/ozone/hadoop-ozone/integration-test/target/test-dir/MiniOzoneClusterImpl-2de58cfc-ec7c-41ac-af7d-ad40b55ccb4e/datanode-2/data/ratis] (custom)
2023-01-06 14:00:12,108 [pool-117-thread-1] INFO  server.RaftServerConfigKeys (ConfUtils.java:logGet(46)) - raft.server.log.corruption.policy = EXCEPTION (default)
2023-01-06 14:00:12,108 [pool-117-thread-1] INFO  server.RaftServerConfigKeys (ConfUtils.java:logGet(46)) - raft.server.storage.free-space.min = 0MB (=0) (default)
2023-01-06 14:00:12,108 [pool-117-thread-1] INFO  server.RaftServerConfigKeys (ConfUtils.java:logGet(46)) - raft.server.notification.no-leader.timeout = 300s (custom)
2023-01-06 14:00:12,108 [pool-117-thread-1] INFO  server.RaftServerConfigKeys (ConfUtils.java:logGet(46)) - raft.server.retrycache.expirytime = 600000ms (custom)
2023-01-06 14:00:12,108 [pool-117-thread-1] INFO  server.RaftServerConfigKeys (ConfUtils.java:logGet(46)) - raft.server.retrycache.statistics.expirytime = 100μs (default)
2023-01-06 14:00:12,118 [pool-117-thread-1] INFO  server.RaftServerConfigKeys (ConfUtils.java:logGet(46)) - raft.server.log.appender.install.snapshot.enabled = false (custom)
2023-01-06 14:00:12,118 [pool-117-thread-1] INFO  server.RaftServerConfigKeys (ConfUtils.java:logGet(46)) - raft.server.threadpool.server.cached = true (default)
2023-01-06 14:00:12,118 [pool-117-thread-1] INFO  server.RaftServerConfigKeys (ConfUtils.java:logGet(46)) - raft.server.threadpool.server.size = 0 (default)
2023-01-06 14:00:12,118 [pool-117-thread-1] INFO  server.RaftServerConfigKeys (ConfUtils.java:logGet(46)) - raft.server.threadpool.client.cached = true (default)
2023-01-06 14:00:12,118 [pool-117-thread-1] INFO  server.RaftServerConfigKeys (ConfUtils.java:logGet(46)) - raft.server.threadpool.client.size = 0 (default)
2023-01-06 14:00:12,118 [pool-117-thread-1] INFO  storage.RaftStorageDirectory (RaftStorageDirectoryImpl.java:analyzeStorage(137)) - The storage directory /home/runner/work/ozone/ozone/hadoop-ozone/integration-test/target/test-dir/MiniOzoneClusterImpl-2de58cfc-ec7c-41ac-af7d-ad40b55ccb4e/datanode-2/data/ratis/1545c0b0-f82b-4fee-b213-3f16aaddac14 does not exist. Creating ...
2023-01-06 14:00:12,131 [pool-117-thread-1] INFO  storage.RaftStorageDirectory (RaftStorageDirectoryImpl.java:tryLock(231)) - Lock on /home/runner/work/ozone/ozone/hadoop-ozone/integration-test/target/test-dir/MiniOzoneClusterImpl-2de58cfc-ec7c-41ac-af7d-ad40b55ccb4e/datanode-2/data/ratis/1545c0b0-f82b-4fee-b213-3f16aaddac14/in_use.lock acquired by nodename 71639@fv-az28-147
2023-01-06 14:00:12,132 [pool-117-thread-1] INFO  storage.RaftStorage (RaftStorageImpl.java:format(96)) - Storage directory /home/runner/work/ozone/ozone/hadoop-ozone/integration-test/target/test-dir/MiniOzoneClusterImpl-2de58cfc-ec7c-41ac-af7d-ad40b55ccb4e/datanode-2/data/ratis/1545c0b0-f82b-4fee-b213-3f16aaddac14 has been successfully formatted.
2023-01-06 14:00:12,135 [grpc-default-executor-0] INFO  server.RaftServer (RaftServerProxy.java:addNew(96)) - ca2b9cd0-63d2-42af-b7f4-b5b024b05d69: addNew group-9F65CE99153F:[ca2b9cd0-63d2-42af-b7f4-b5b024b05d69|rpc:10.1.0.26:45169|dataStream:10.1.0.26:41089|priority:0|startupRole:FOLLOWER, fe41025e-da51-4673-994d-25a17fd926d9|rpc:10.1.0.26:46787|dataStream:10.1.0.26:38003|priority:1|startupRole:FOLLOWER, 9d2479ec-aa45-414b-9f67-598ea71ed6e7|rpc:10.1.0.26:46055|dataStream:10.1.0.26:37817|priority:0|startupRole:FOLLOWER] returns group-9F65CE99153F:java.util.concurrent.CompletableFuture@36ccf04f[Not completed]
2023-01-06 14:00:12,136 [pool-117-thread-1] INFO  ratis.ContainerStateMachine (ContainerStateMachine.java:loadSnapshot(240)) - group-3F16AADDAC14: The snapshot info is null. Setting the last applied indexto:(t:0, i:~)
2023-01-06 14:00:12,136 [pool-117-thread-1] INFO  server.RaftServerConfigKeys (ConfUtils.java:logGet(46)) - raft.server.log.use.memory = false (default)
2023-01-06 14:00:12,136 [pool-117-thread-1] INFO  server.RaftServerConfigKeys (ConfUtils.java:logGet(46)) - raft.server.log.purge.gap = 1000000 (custom)
2023-01-06 14:00:12,136 [pool-117-thread-1] INFO  server.RaftServerConfigKeys (ConfUtils.java:logGet(46)) - raft.server.log.appender.buffer.byte-limit = 33554432 (custom)
2023-01-06 14:00:12,136 [pool-117-thread-1] INFO  server.RaftServerConfigKeys (ConfUtils.java:logGet(46)) - raft.server.log.statemachine.data.read.timeout = 1000ms (default)
2023-01-06 14:00:12,136 [pool-117-thread-1] INFO  server.RaftServerConfigKeys (ConfUtils.java:logGet(46)) - raft.server.log.purge.preservation.log.num = 0 (default)
2023-01-06 14:00:12,139 [pool-117-thread-1] INFO  server.RaftServerConfigKeys (ConfUtils.java:logGet(46)) - raft.server.log.segment.size.max = 1048576 (custom)
2023-01-06 14:00:12,140 [pool-117-thread-1] INFO  server.RaftServerConfigKeys (ConfUtils.java:logGet(46)) - raft.server.log.segment.cache.num.max = 2 (custom)
2023-01-06 14:00:12,140 [pool-117-thread-1] INFO  server.RaftServerConfigKeys (ConfUtils.java:logGet(46)) - raft.server.log.segment.cache.size.max = 200MB (=209715200) (default)
2023-01-06 14:00:12,140 [pool-117-thread-1] INFO  segmented.SegmentedRaftLogWorker (SegmentedRaftLogWorker.java:<init>(189)) - new ca2b9cd0-63d2-42af-b7f4-b5b024b05d69@group-3F16AADDAC14-SegmentedRaftLogWorker for RaftStorageImpl:Storage Directory /home/runner/work/ozone/ozone/hadoop-ozone/integration-test/target/test-dir/MiniOzoneClusterImpl-2de58cfc-ec7c-41ac-af7d-ad40b55ccb4e/datanode-2/data/ratis/1545c0b0-f82b-4fee-b213-3f16aaddac14
2023-01-06 14:00:12,140 [pool-117-thread-1] INFO  server.RaftServerConfigKeys (ConfUtils.java:logGet(46)) - raft.server.log.queue.byte-limit = 4294967296 (custom)
2023-01-06 14:00:12,140 [pool-117-thread-1] INFO  server.RaftServerConfigKeys (ConfUtils.java:logGet(46)) - raft.server.log.queue.element-limit = 1024 (custom)
2023-01-06 14:00:12,140 [pool-117-thread-1] INFO  server.RaftServerConfigKeys (ConfUtils.java:logGet(46)) - raft.server.log.segment.size.max = 1048576 (custom)
2023-01-06 14:00:12,140 [EventQueue-PipelineReportForPipelineReportHandler] INFO  pipeline.PipelineManagerImpl (PipelineManagerImpl.java:openPipeline(367)) - Pipeline Pipeline[ Id: 1545c0b0-f82b-4fee-b213-3f16aaddac14, Nodes: ca2b9cd0-63d2-42af-b7f4-b5b024b05d69{ip: 10.1.0.26, host: fv-az28-147.ycjfjujedjyu5lezsnvlijijec.cx.internal.cloudapp.net, ports: [REPLICATION=36419, RATIS=45169, RATIS_ADMIN=45169, RATIS_SERVER=45169, RATIS_DATASTREAM=41089, STANDALONE=35033], networkLocation: /default-rack, certSerialId: null, persistedOpState: IN_SERVICE, persistedOpStateExpiryEpochSec: 0}, ReplicationConfig: RATIS/ONE, State:ALLOCATED, leaderId:ca2b9cd0-63d2-42af-b7f4-b5b024b05d69, CreationTimestamp2023-01-06T14:00:09.085Z[Etc/UTC]] moved to OPEN state
2023-01-06 14:00:12,141 [EventQueue-OpenPipelineForHealthyPipelineSafeModeRule] INFO  safemode.SCMSafeModeManager (HealthyPipelineSafeModeRule.java:process(137)) - SCM in safe mode. Healthy pipelines reported count is 0, required healthy pipeline reported count is 1
2023-01-06 14:00:12,140 [pool-117-thread-1] INFO  server.RaftServerConfigKeys (ConfUtils.java:logGet(46)) - raft.server.log.preallocated.size = 16384 (custom)
2023-01-06 14:00:12,142 [pool-117-thread-1] INFO  server.RaftServerConfigKeys (ConfUtils.java:logGet(46)) - raft.server.log.force.sync.num = 128 (default)
2023-01-06 14:00:12,142 [pool-117-thread-1] INFO  server.RaftServerConfigKeys (ConfUtils.java:logGet(46)) - raft.server.log.statemachine.data.sync = true (default)
2023-01-06 14:00:12,142 [pool-117-thread-1] INFO  server.RaftServerConfigKeys (ConfUtils.java:logGet(46)) - raft.server.log.statemachine.data.sync.timeout = 10s (default)
2023-01-06 14:00:12,142 [pool-117-thread-1] INFO  server.RaftServerConfigKeys (ConfUtils.java:logGet(46)) - raft.server.log.statemachine.data.sync.timeout.retry = -1 (default)
2023-01-06 14:00:12,143 [pool-117-thread-1] INFO  server.RaftServerConfigKeys (ConfUtils.java:logGet(46)) - raft.server.log.write.buffer.size = 1048576 (custom)
2023-01-06 14:00:12,143 [pool-117-thread-1] INFO  server.RaftServerConfigKeys (ConfUtils.java:logGet(46)) - raft.server.log.appender.buffer.byte-limit = 33554432 (custom)
2023-01-06 14:00:12,148 [pool-117-thread-1] INFO  server.RaftServerConfigKeys (ConfUtils.java:logGet(46)) - raft.server.log.unsafe-flush.enabled = false (default)
2023-01-06 14:00:12,148 [pool-117-thread-1] INFO  server.RaftServerConfigKeys (ConfUtils.java:logGet(46)) - raft.server.log.async-flush.enabled = false (default)
2023-01-06 14:00:12,148 [pool-117-thread-1] INFO  server.RaftServerConfigKeys (ConfUtils.java:logGet(46)) - raft.server.log.statemachine.data.caching.enabled = true (custom)
2023-01-06 14:00:12,148 [pool-117-thread-1] INFO  segmented.SegmentedRaftLogWorker (SegmentedRaftLogWorker.java:lambda$new$0(135)) - ca2b9cd0-63d2-42af-b7f4-b5b024b05d69@group-3F16AADDAC14-SegmentedRaftLogWorker: flushIndex: setUnconditionally 0 -> -1
2023-01-06 14:00:12,148 [pool-117-thread-1] INFO  segmented.SegmentedRaftLogWorker (SegmentedRaftLogWorker.java:lambda$new$0(135)) - ca2b9cd0-63d2-42af-b7f4-b5b024b05d69@group-3F16AADDAC14-SegmentedRaftLogWorker: safeCacheEvictIndex: setUnconditionally 0 -> -1
2023-01-06 14:00:12,151 [pool-117-thread-1] INFO  server.RaftServer$Division (RaftServerImpl.java:start(334)) - ca2b9cd0-63d2-42af-b7f4-b5b024b05d69@group-3F16AADDAC14: start as a follower, conf=-1: peers:[ca2b9cd0-63d2-42af-b7f4-b5b024b05d69|rpc:10.1.0.26:45169|dataStream:10.1.0.26:41089|priority:1|startupRole:FOLLOWER]|listeners:[], old=null
2023-01-06 14:00:12,151 [pool-117-thread-1] INFO  server.RaftServer$Division (RaftServerImpl.java:setRole(321)) - ca2b9cd0-63d2-42af-b7f4-b5b024b05d69@group-3F16AADDAC14: changes role from      null to FOLLOWER at term 0 for startAsFollower
2023-01-06 14:00:12,151 [pool-117-thread-1] INFO  impl.RoleInfo (RoleInfo.java:updateAndGet(139)) - ca2b9cd0-63d2-42af-b7f4-b5b024b05d69: start ca2b9cd0-63d2-42af-b7f4-b5b024b05d69@group-3F16AADDAC14-FollowerState
2023-01-06 14:00:12,151 [pool-117-thread-1] INFO  util.JmxRegister (JmxRegister.java:tryRegister(44)) - Successfully registered JMX Bean with object name Ratis:service=RaftServer,group=group-3F16AADDAC14,id=ca2b9cd0-63d2-42af-b7f4-b5b024b05d69
2023-01-06 14:00:12,151 [pool-117-thread-1] INFO  server.RaftServerConfigKeys (ConfUtils.java:logGet(46)) - raft.server.snapshot.auto.trigger.enabled = true (custom)
2023-01-06 14:00:12,151 [pool-117-thread-1] INFO  server.RaftServerConfigKeys (ConfUtils.java:logGet(46)) - raft.server.snapshot.auto.trigger.threshold = 10000 (custom)
2023-01-06 14:00:12,152 [pool-117-thread-1] INFO  server.RaftServerConfigKeys (ConfUtils.java:logGet(46)) - raft.server.snapshot.retention.file.num = 5 (custom)
2023-01-06 14:00:12,152 [pool-117-thread-1] INFO  server.RaftServerConfigKeys (ConfUtils.java:logGet(46)) - raft.server.log.purge.upto.snapshot.index = false (default)
2023-01-06 14:00:12,152 [ca2b9cd0-63d2-42af-b7f4-b5b024b05d69@group-3F16AADDAC14-FollowerState] INFO  server.RaftServerConfigKeys (ConfUtils.java:logFallback(53)) - raft.server.rpc.first-election.timeout.min = 5s (fallback to raft.server.rpc.timeout.min)
2023-01-06 14:00:12,152 [ca2b9cd0-63d2-42af-b7f4-b5b024b05d69@group-3F16AADDAC14-FollowerState] INFO  server.RaftServerConfigKeys (ConfUtils.java:logFallback(53)) - raft.server.rpc.first-election.timeout.max = 5200ms (fallback to raft.server.rpc.timeout.max)
2023-01-06 14:00:12,152 [Command processor thread] INFO  ratis.XceiverServerRatis (XceiverServerRatis.java:addGroup(806)) - Created group PipelineID=1545c0b0-f82b-4fee-b213-3f16aaddac14
2023-01-06 14:00:12,152 [Command processor thread] INFO  commandhandler.CreatePipelineCommandHandler (CreatePipelineCommandHandler.java:handle(113)) - Created Pipeline RATIS ONE PipelineID=1545c0b0-f82b-4fee-b213-3f16aaddac14.
2023-01-06 14:00:12,153 [Command processor thread] INFO  server.RaftServer (RaftServerProxy.java:addNew(96)) - ca2b9cd0-63d2-42af-b7f4-b5b024b05d69: addNew group-0ED9BB7646BA:[ca2b9cd0-63d2-42af-b7f4-b5b024b05d69|rpc:10.1.0.26:45169|dataStream:10.1.0.26:41089|priority:0|startupRole:FOLLOWER, fe41025e-da51-4673-994d-25a17fd926d9|rpc:10.1.0.26:46787|dataStream:10.1.0.26:38003|priority:0|startupRole:FOLLOWER, 9d2479ec-aa45-414b-9f67-598ea71ed6e7|rpc:10.1.0.26:46055|dataStream:10.1.0.26:37817|priority:1|startupRole:FOLLOWER] returns group-0ED9BB7646BA:java.util.concurrent.CompletableFuture@28a8dbda[Not completed]
2023-01-06 14:00:12,153 [pool-117-thread-1] INFO  server.RaftServer$Division (RaftServerImpl.java:<init>(195)) - ca2b9cd0-63d2-42af-b7f4-b5b024b05d69: new RaftServerImpl for group-9F65CE99153F:[ca2b9cd0-63d2-42af-b7f4-b5b024b05d69|rpc:10.1.0.26:45169|dataStream:10.1.0.26:41089|priority:0|startupRole:FOLLOWER, fe41025e-da51-4673-994d-25a17fd926d9|rpc:10.1.0.26:46787|dataStream:10.1.0.26:38003|priority:1|startupRole:FOLLOWER, 9d2479ec-aa45-414b-9f67-598ea71ed6e7|rpc:10.1.0.26:46055|dataStream:10.1.0.26:37817|priority:0|startupRole:FOLLOWER] with ContainerStateMachine:uninitialized
2023-01-06 14:00:12,153 [pool-117-thread-1] INFO  server.RaftServerConfigKeys (ConfUtils.java:logGet(46)) - raft.server.rpc.timeout.min = 5s (custom)
2023-01-06 14:00:12,153 [pool-117-thread-1] INFO  server.RaftServerConfigKeys (ConfUtils.java:logGet(46)) - raft.server.rpc.timeout.max = 5200ms (custom)
2023-01-06 14:00:12,153 [pool-117-thread-1] INFO  server.RaftServerConfigKeys (ConfUtils.java:logGet(46)) - raft.server.rpc.sleep.time = 25ms (default)
2023-01-06 14:00:12,153 [pool-117-thread-1] INFO  server.RaftServerConfigKeys (ConfUtils.java:logGet(46)) - raft.server.rpc.slowness.timeout = 300s (custom)
2023-01-06 14:00:12,154 [pool-117-thread-1] INFO  server.RaftServerConfigKeys (ConfUtils.java:logGet(46)) - raft.server.leaderelection.leader.step-down.wait-time = 10s (default)
2023-01-06 14:00:12,154 [pool-117-thread-1] INFO  server.RaftServerConfigKeys (ConfUtils.java:logGet(46)) - raft.server.sleep.deviation.threshold = 300ms (default)
2023-01-06 14:00:12,154 [pool-117-thread-1] INFO  server.RaftServer$Division (ServerState.java:<init>(118)) - ca2b9cd0-63d2-42af-b7f4-b5b024b05d69@group-9F65CE99153F: ConfigurationManager, init=-1: peers:[ca2b9cd0-63d2-42af-b7f4-b5b024b05d69|rpc:10.1.0.26:45169|dataStream:10.1.0.26:41089|priority:0|startupRole:FOLLOWER, fe41025e-da51-4673-994d-25a17fd926d9|rpc:10.1.0.26:46787|dataStream:10.1.0.26:38003|priority:1|startupRole:FOLLOWER, 9d2479ec-aa45-414b-9f67-598ea71ed6e7|rpc:10.1.0.26:46055|dataStream:10.1.0.26:37817|priority:0|startupRole:FOLLOWER]|listeners:[], old=null, confs=<EMPTY_MAP>
2023-01-06 14:00:12,154 [pool-117-thread-1] INFO  server.RaftServerConfigKeys (ConfUtils.java:logGet(46)) - raft.server.storage.dir = [/home/runner/work/ozone/ozone/hadoop-ozone/integration-test/target/test-dir/MiniOzoneClusterImpl-2de58cfc-ec7c-41ac-af7d-ad40b55ccb4e/datanode-2/data/ratis] (custom)
2023-01-06 14:00:12,154 [pool-117-thread-1] INFO  server.RaftServerConfigKeys (ConfUtils.java:logGet(46)) - raft.server.log.corruption.policy = EXCEPTION (default)
2023-01-06 14:00:12,154 [pool-117-thread-1] INFO  server.RaftServerConfigKeys (ConfUtils.java:logGet(46)) - raft.server.storage.free-space.min = 0MB (=0) (default)
2023-01-06 14:00:12,154 [pool-117-thread-1] INFO  server.RaftServerConfigKeys (ConfUtils.java:logGet(46)) - raft.server.notification.no-leader.timeout = 300s (custom)
2023-01-06 14:00:12,154 [pool-117-thread-1] INFO  server.RaftServerConfigKeys (ConfUtils.java:logGet(46)) - raft.server.retrycache.expirytime = 600000ms (custom)
2023-01-06 14:00:12,154 [pool-117-thread-1] INFO  server.RaftServerConfigKeys (ConfUtils.java:logGet(46)) - raft.server.retrycache.statistics.expirytime = 100μs (default)
2023-01-06 14:00:12,155 [pool-117-thread-1] INFO  server.RaftServerConfigKeys (ConfUtils.java:logGet(46)) - raft.server.log.appender.install.snapshot.enabled = false (custom)
2023-01-06 14:00:12,155 [pool-117-thread-1] INFO  server.RaftServerConfigKeys (ConfUtils.java:logGet(46)) - raft.server.threadpool.server.cached = true (default)
2023-01-06 14:00:12,155 [pool-117-thread-1] INFO  server.RaftServerConfigKeys (ConfUtils.java:logGet(46)) - raft.server.threadpool.server.size = 0 (default)
2023-01-06 14:00:12,155 [pool-117-thread-1] INFO  server.RaftServerConfigKeys (ConfUtils.java:logGet(46)) - raft.server.threadpool.client.cached = true (default)
2023-01-06 14:00:12,155 [pool-117-thread-1] INFO  server.RaftServerConfigKeys (ConfUtils.java:logGet(46)) - raft.server.threadpool.client.size = 0 (default)
2023-01-06 14:00:12,156 [pool-117-thread-1] INFO  server.RaftServer$Division (RaftServerImpl.java:<init>(195)) - ca2b9cd0-63d2-42af-b7f4-b5b024b05d69: new RaftServerImpl for group-0ED9BB7646BA:[ca2b9cd0-63d2-42af-b7f4-b5b024b05d69|rpc:10.1.0.26:45169|dataStream:10.1.0.26:41089|priority:0|startupRole:FOLLOWER, fe41025e-da51-4673-994d-25a17fd926d9|rpc:10.1.0.26:46787|dataStream:10.1.0.26:38003|priority:0|startupRole:FOLLOWER, 9d2479ec-aa45-414b-9f67-598ea71ed6e7|rpc:10.1.0.26:46055|dataStream:10.1.0.26:37817|priority:1|startupRole:FOLLOWER] with ContainerStateMachine:uninitialized
2023-01-06 14:00:12,156 [pool-117-thread-1] INFO  server.RaftServerConfigKeys (ConfUtils.java:logGet(46)) - raft.server.rpc.timeout.min = 5s (custom)
2023-01-06 14:00:12,156 [pool-117-thread-1] INFO  server.RaftServerConfigKeys (ConfUtils.java:logGet(46)) - raft.server.rpc.timeout.max = 5200ms (custom)
2023-01-06 14:00:12,156 [pool-117-thread-1] INFO  server.RaftServerConfigKeys (ConfUtils.java:logGet(46)) - raft.server.rpc.sleep.time = 25ms (default)
2023-01-06 14:00:12,156 [pool-117-thread-1] INFO  server.RaftServerConfigKeys (ConfUtils.java:logGet(46)) - raft.server.rpc.slowness.timeout = 300s (custom)
2023-01-06 14:00:12,156 [pool-117-thread-1] INFO  server.RaftServerConfigKeys (ConfUtils.java:logGet(46)) - raft.server.leaderelection.leader.step-down.wait-time = 10s (default)
2023-01-06 14:00:12,156 [pool-117-thread-1] INFO  server.RaftServerConfigKeys (ConfUtils.java:logGet(46)) - raft.server.sleep.deviation.threshold = 300ms (default)
2023-01-06 14:00:12,156 [pool-117-thread-1] INFO  server.RaftServer$Division (ServerState.java:<init>(118)) - ca2b9cd0-63d2-42af-b7f4-b5b024b05d69@group-0ED9BB7646BA: ConfigurationManager, init=-1: peers:[ca2b9cd0-63d2-42af-b7f4-b5b024b05d69|rpc:10.1.0.26:45169|dataStream:10.1.0.26:41089|priority:0|startupRole:FOLLOWER, fe41025e-da51-4673-994d-25a17fd926d9|rpc:10.1.0.26:46787|dataStream:10.1.0.26:38003|priority:0|startupRole:FOLLOWER, 9d2479ec-aa45-414b-9f67-598ea71ed6e7|rpc:10.1.0.26:46055|dataStream:10.1.0.26:37817|priority:1|startupRole:FOLLOWER]|listeners:[], old=null, confs=<EMPTY_MAP>
2023-01-06 14:00:12,156 [pool-117-thread-1] INFO  server.RaftServerConfigKeys (ConfUtils.java:logGet(46)) - raft.server.storage.dir = [/home/runner/work/ozone/ozone/hadoop-ozone/integration-test/target/test-dir/MiniOzoneClusterImpl-2de58cfc-ec7c-41ac-af7d-ad40b55ccb4e/datanode-2/data/ratis] (custom)
2023-01-06 14:00:12,157 [pool-117-thread-1] INFO  server.RaftServerConfigKeys (ConfUtils.java:logGet(46)) - raft.server.log.corruption.policy = EXCEPTION (default)
2023-01-06 14:00:12,157 [pool-117-thread-1] INFO  server.RaftServerConfigKeys (ConfUtils.java:logGet(46)) - raft.server.storage.free-space.min = 0MB (=0) (default)
2023-01-06 14:00:12,157 [pool-117-thread-1] INFO  server.RaftServerConfigKeys (ConfUtils.java:logGet(46)) - raft.server.notification.no-leader.timeout = 300s (custom)
2023-01-06 14:00:12,157 [pool-117-thread-1] INFO  server.RaftServerConfigKeys (ConfUtils.java:logGet(46)) - raft.server.retrycache.expirytime = 600000ms (custom)
2023-01-06 14:00:12,157 [pool-117-thread-1] INFO  server.RaftServerConfigKeys (ConfUtils.java:logGet(46)) - raft.server.retrycache.statistics.expirytime = 100μs (default)
2023-01-06 14:00:12,158 [pool-117-thread-1] INFO  server.RaftServerConfigKeys (ConfUtils.java:logGet(46)) - raft.server.log.appender.install.snapshot.enabled = false (custom)
2023-01-06 14:00:12,158 [pool-117-thread-1] INFO  server.RaftServerConfigKeys (ConfUtils.java:logGet(46)) - raft.server.threadpool.server.cached = true (default)
2023-01-06 14:00:12,158 [pool-117-thread-1] INFO  server.RaftServerConfigKeys (ConfUtils.java:logGet(46)) - raft.server.threadpool.server.size = 0 (default)
2023-01-06 14:00:12,158 [pool-117-thread-1] INFO  server.RaftServerConfigKeys (ConfUtils.java:logGet(46)) - raft.server.threadpool.client.cached = true (default)
2023-01-06 14:00:12,158 [pool-117-thread-1] INFO  server.RaftServerConfigKeys (ConfUtils.java:logGet(46)) - raft.server.threadpool.client.size = 0 (default)
2023-01-06 14:00:12,159 [Command processor thread] INFO  commandhandler.CreatePipelineCommandHandler (CreatePipelineCommandHandler.java:handle(113)) - Created Pipeline RATIS THREE PipelineID=56f2cbf1-21de-483f-8646-9f65ce99153f.
2023-01-06 14:00:12,160 [Command processor thread] INFO  server.RaftServer (RaftServerProxy.java:addNew(96)) - 9d2479ec-aa45-414b-9f67-598ea71ed6e7: addNew group-0ED9BB7646BA:[ca2b9cd0-63d2-42af-b7f4-b5b024b05d69|rpc:10.1.0.26:45169|dataStream:10.1.0.26:41089|priority:0|startupRole:FOLLOWER, fe41025e-da51-4673-994d-25a17fd926d9|rpc:10.1.0.26:46787|dataStream:10.1.0.26:38003|priority:0|startupRole:FOLLOWER, 9d2479ec-aa45-414b-9f67-598ea71ed6e7|rpc:10.1.0.26:46055|dataStream:10.1.0.26:37817|priority:1|startupRole:FOLLOWER] returns group-0ED9BB7646BA:java.util.concurrent.CompletableFuture@6b42beaf[Not completed]
2023-01-06 14:00:12,159 [pool-117-thread-1] INFO  storage.RaftStorageDirectory (RaftStorageDirectoryImpl.java:analyzeStorage(137)) - The storage directory /home/runner/work/ozone/ozone/hadoop-ozone/integration-test/target/test-dir/MiniOzoneClusterImpl-2de58cfc-ec7c-41ac-af7d-ad40b55ccb4e/datanode-2/data/ratis/56f2cbf1-21de-483f-8646-9f65ce99153f does not exist. Creating ...
2023-01-06 14:00:12,161 [pool-94-thread-1] INFO  server.RaftServer$Division (RaftServerImpl.java:<init>(195)) - 9d2479ec-aa45-414b-9f67-598ea71ed6e7: new RaftServerImpl for group-0ED9BB7646BA:[ca2b9cd0-63d2-42af-b7f4-b5b024b05d69|rpc:10.1.0.26:45169|dataStream:10.1.0.26:41089|priority:0|startupRole:FOLLOWER, fe41025e-da51-4673-994d-25a17fd926d9|rpc:10.1.0.26:46787|dataStream:10.1.0.26:38003|priority:0|startupRole:FOLLOWER, 9d2479ec-aa45-414b-9f67-598ea71ed6e7|rpc:10.1.0.26:46055|dataStream:10.1.0.26:37817|priority:1|startupRole:FOLLOWER] with ContainerStateMachine:uninitialized
2023-01-06 14:00:12,162 [pool-94-thread-1] INFO  server.RaftServerConfigKeys (ConfUtils.java:logGet(46)) - raft.server.rpc.timeout.min = 5s (custom)
2023-01-06 14:00:12,162 [pool-94-thread-1] INFO  server.RaftServerConfigKeys (ConfUtils.java:logGet(46)) - raft.server.rpc.timeout.max = 5200ms (custom)
2023-01-06 14:00:12,162 [pool-94-thread-1] INFO  server.RaftServerConfigKeys (ConfUtils.java:logGet(46)) - raft.server.rpc.sleep.time = 25ms (default)
2023-01-06 14:00:12,162 [pool-94-thread-1] INFO  server.RaftServerConfigKeys (ConfUtils.java:logGet(46)) - raft.server.rpc.slowness.timeout = 300s (custom)
2023-01-06 14:00:12,162 [pool-94-thread-1] INFO  server.RaftServerConfigKeys (ConfUtils.java:logGet(46)) - raft.server.leaderelection.leader.step-down.wait-time = 10s (default)
2023-01-06 14:00:12,162 [pool-94-thread-1] INFO  server.RaftServerConfigKeys (ConfUtils.java:logGet(46)) - raft.server.sleep.deviation.threshold = 300ms (default)
2023-01-06 14:00:12,162 [pool-94-thread-1] INFO  server.RaftServer$Division (ServerState.java:<init>(118)) - 9d2479ec-aa45-414b-9f67-598ea71ed6e7@group-0ED9BB7646BA: ConfigurationManager, init=-1: peers:[ca2b9cd0-63d2-42af-b7f4-b5b024b05d69|rpc:10.1.0.26:45169|dataStream:10.1.0.26:41089|priority:0|startupRole:FOLLOWER, fe41025e-da51-4673-994d-25a17fd926d9|rpc:10.1.0.26:46787|dataStream:10.1.0.26:38003|priority:0|startupRole:FOLLOWER, 9d2479ec-aa45-414b-9f67-598ea71ed6e7|rpc:10.1.0.26:46055|dataStream:10.1.0.26:37817|priority:1|startupRole:FOLLOWER]|listeners:[], old=null, confs=<EMPTY_MAP>
2023-01-06 14:00:12,162 [pool-94-thread-1] INFO  server.RaftServerConfigKeys (ConfUtils.java:logGet(46)) - raft.server.storage.dir = [/home/runner/work/ozone/ozone/hadoop-ozone/integration-test/target/test-dir/MiniOzoneClusterImpl-2de58cfc-ec7c-41ac-af7d-ad40b55ccb4e/datanode-1/data/ratis] (custom)
2023-01-06 14:00:12,162 [pool-94-thread-1] INFO  server.RaftServerConfigKeys (ConfUtils.java:logGet(46)) - raft.server.log.corruption.policy = EXCEPTION (default)
2023-01-06 14:00:12,162 [pool-94-thread-1] INFO  server.RaftServerConfigKeys (ConfUtils.java:logGet(46)) - raft.server.storage.free-space.min = 0MB (=0) (default)
2023-01-06 14:00:12,162 [pool-94-thread-1] INFO  server.RaftServerConfigKeys (ConfUtils.java:logGet(46)) - raft.server.notification.no-leader.timeout = 300s (custom)
2023-01-06 14:00:12,162 [pool-94-thread-1] INFO  server.RaftServerConfigKeys (ConfUtils.java:logGet(46)) - raft.server.retrycache.expirytime = 600000ms (custom)
2023-01-06 14:00:12,162 [pool-94-thread-1] INFO  server.RaftServerConfigKeys (ConfUtils.java:logGet(46)) - raft.server.retrycache.statistics.expirytime = 100μs (default)
2023-01-06 14:00:12,163 [pool-94-thread-1] INFO  server.RaftServerConfigKeys (ConfUtils.java:logGet(46)) - raft.server.log.appender.install.snapshot.enabled = false (custom)
2023-01-06 14:00:12,163 [pool-94-thread-1] INFO  server.RaftServerConfigKeys (ConfUtils.java:logGet(46)) - raft.server.threadpool.server.cached = true (default)
2023-01-06 14:00:12,164 [pool-94-thread-1] INFO  server.RaftServerConfigKeys (ConfUtils.java:logGet(46)) - raft.server.threadpool.server.size = 0 (default)
2023-01-06 14:00:12,164 [pool-94-thread-1] INFO  server.RaftServerConfigKeys (ConfUtils.java:logGet(46)) - raft.server.threadpool.client.cached = true (default)
2023-01-06 14:00:12,164 [pool-94-thread-1] INFO  server.RaftServerConfigKeys (ConfUtils.java:logGet(46)) - raft.server.threadpool.client.size = 0 (default)
2023-01-06 14:00:12,164 [pool-94-thread-1] INFO  storage.RaftStorageDirectory (RaftStorageDirectoryImpl.java:analyzeStorage(137)) - The storage directory /home/runner/work/ozone/ozone/hadoop-ozone/integration-test/target/test-dir/MiniOzoneClusterImpl-2de58cfc-ec7c-41ac-af7d-ad40b55ccb4e/datanode-1/data/ratis/6a82e3ec-da42-491b-9b6a-0ed9bb7646ba does not exist. Creating ...
2023-01-06 14:00:12,164 [pool-117-thread-1] INFO  storage.RaftStorageDirectory (RaftStorageDirectoryImpl.java:tryLock(231)) - Lock on /home/runner/work/ozone/ozone/hadoop-ozone/integration-test/target/test-dir/MiniOzoneClusterImpl-2de58cfc-ec7c-41ac-af7d-ad40b55ccb4e/datanode-2/data/ratis/56f2cbf1-21de-483f-8646-9f65ce99153f/in_use.lock acquired by nodename 71639@fv-az28-147
2023-01-06 14:00:12,165 [pool-94-thread-1] INFO  storage.RaftStorageDirectory (RaftStorageDirectoryImpl.java:tryLock(231)) - Lock on /home/runner/work/ozone/ozone/hadoop-ozone/integration-test/target/test-dir/MiniOzoneClusterImpl-2de58cfc-ec7c-41ac-af7d-ad40b55ccb4e/datanode-1/data/ratis/6a82e3ec-da42-491b-9b6a-0ed9bb7646ba/in_use.lock acquired by nodename 71639@fv-az28-147
2023-01-06 14:00:12,167 [pool-94-thread-1] INFO  storage.RaftStorage (RaftStorageImpl.java:format(96)) - Storage directory /home/runner/work/ozone/ozone/hadoop-ozone/integration-test/target/test-dir/MiniOzoneClusterImpl-2de58cfc-ec7c-41ac-af7d-ad40b55ccb4e/datanode-1/data/ratis/6a82e3ec-da42-491b-9b6a-0ed9bb7646ba has been successfully formatted.
2023-01-06 14:00:12,168 [pool-94-thread-1] INFO  ratis.ContainerStateMachine (ContainerStateMachine.java:loadSnapshot(240)) - group-0ED9BB7646BA: The snapshot info is null. Setting the last applied indexto:(t:0, i:~)
2023-01-06 14:00:12,168 [pool-94-thread-1] INFO  server.RaftServerConfigKeys (ConfUtils.java:logGet(46)) - raft.server.log.use.memory = false (default)
2023-01-06 14:00:12,168 [pool-94-thread-1] INFO  server.RaftServerConfigKeys (ConfUtils.java:logGet(46)) - raft.server.log.purge.gap = 1000000 (custom)
2023-01-06 14:00:12,168 [pool-94-thread-1] INFO  server.RaftServerConfigKeys (ConfUtils.java:logGet(46)) - raft.server.log.appender.buffer.byte-limit = 33554432 (custom)
2023-01-06 14:00:12,168 [pool-94-thread-1] INFO  server.RaftServerConfigKeys (ConfUtils.java:logGet(46)) - raft.server.log.statemachine.data.read.timeout = 1000ms (default)
2023-01-06 14:00:12,168 [pool-94-thread-1] INFO  server.RaftServerConfigKeys (ConfUtils.java:logGet(46)) - raft.server.log.purge.preservation.log.num = 0 (default)
2023-01-06 14:00:12,168 [pool-94-thread-1] INFO  server.RaftServerConfigKeys (ConfUtils.java:logGet(46)) - raft.server.log.segment.size.max = 1048576 (custom)
2023-01-06 14:00:12,169 [pool-94-thread-1] INFO  server.RaftServerConfigKeys (ConfUtils.java:logGet(46)) - raft.server.log.segment.cache.num.max = 2 (custom)
2023-01-06 14:00:12,169 [pool-94-thread-1] INFO  server.RaftServerConfigKeys (ConfUtils.java:logGet(46)) - raft.server.log.segment.cache.size.max = 200MB (=209715200) (default)
2023-01-06 14:00:12,169 [pool-94-thread-1] INFO  segmented.SegmentedRaftLogWorker (SegmentedRaftLogWorker.java:<init>(189)) - new 9d2479ec-aa45-414b-9f67-598ea71ed6e7@group-0ED9BB7646BA-SegmentedRaftLogWorker for RaftStorageImpl:Storage Directory /home/runner/work/ozone/ozone/hadoop-ozone/integration-test/target/test-dir/MiniOzoneClusterImpl-2de58cfc-ec7c-41ac-af7d-ad40b55ccb4e/datanode-1/data/ratis/6a82e3ec-da42-491b-9b6a-0ed9bb7646ba
2023-01-06 14:00:12,169 [pool-94-thread-1] INFO  server.RaftServerConfigKeys (ConfUtils.java:logGet(46)) - raft.server.log.queue.byte-limit = 4294967296 (custom)
2023-01-06 14:00:12,169 [pool-94-thread-1] INFO  server.RaftServerConfigKeys (ConfUtils.java:logGet(46)) - raft.server.log.queue.element-limit = 1024 (custom)
2023-01-06 14:00:12,169 [pool-94-thread-1] INFO  server.RaftServerConfigKeys (ConfUtils.java:logGet(46)) - raft.server.log.segment.size.max = 1048576 (custom)
2023-01-06 14:00:12,169 [pool-94-thread-1] INFO  server.RaftServerConfigKeys (ConfUtils.java:logGet(46)) - raft.server.log.preallocated.size = 16384 (custom)
2023-01-06 14:00:12,169 [pool-94-thread-1] INFO  server.RaftServerConfigKeys (ConfUtils.java:logGet(46)) - raft.server.log.force.sync.num = 128 (default)
2023-01-06 14:00:12,169 [pool-94-thread-1] INFO  server.RaftServerConfigKeys (ConfUtils.java:logGet(46)) - raft.server.log.statemachine.data.sync = true (default)
2023-01-06 14:00:12,169 [pool-94-thread-1] INFO  server.RaftServerConfigKeys (ConfUtils.java:logGet(46)) - raft.server.log.statemachine.data.sync.timeout = 10s (default)
2023-01-06 14:00:12,169 [pool-94-thread-1] INFO  server.RaftServerConfigKeys (ConfUtils.java:logGet(46)) - raft.server.log.statemachine.data.sync.timeout.retry = -1 (default)
2023-01-06 14:00:12,170 [pool-94-thread-1] INFO  server.RaftServerConfigKeys (ConfUtils.java:logGet(46)) - raft.server.log.write.buffer.size = 1048576 (custom)
2023-01-06 14:00:12,172 [EventQueue-OpenPipelineForHealthyPipelineSafeModeRule] INFO  safemode.SCMSafeModeManager (HealthyPipelineSafeModeRule.java:process(137)) - SCM in safe mode. Healthy pipelines reported count is 0, required healthy pipeline reported count is 1
2023-01-06 14:00:12,172 [pool-117-thread-1] INFO  storage.RaftStorage (RaftStorageImpl.java:format(96)) - Storage directory /home/runner/work/ozone/ozone/hadoop-ozone/integration-test/target/test-dir/MiniOzoneClusterImpl-2de58cfc-ec7c-41ac-af7d-ad40b55ccb4e/datanode-2/data/ratis/56f2cbf1-21de-483f-8646-9f65ce99153f has been successfully formatted.
2023-01-06 14:00:12,172 [pool-117-thread-1] INFO  ratis.ContainerStateMachine (ContainerStateMachine.java:loadSnapshot(240)) - group-9F65CE99153F: The snapshot info is null. Setting the last applied indexto:(t:0, i:~)
2023-01-06 14:00:12,172 [pool-117-thread-1] INFO  server.RaftServerConfigKeys (ConfUtils.java:logGet(46)) - raft.server.log.use.memory = false (default)
2023-01-06 14:00:12,172 [pool-117-thread-1] INFO  server.RaftServerConfigKeys (ConfUtils.java:logGet(46)) - raft.server.log.purge.gap = 1000000 (custom)
2023-01-06 14:00:12,172 [pool-117-thread-1] INFO  server.RaftServerConfigKeys (ConfUtils.java:logGet(46)) - raft.server.log.appender.buffer.byte-limit = 33554432 (custom)
2023-01-06 14:00:12,172 [pool-117-thread-1] INFO  server.RaftServerConfigKeys (ConfUtils.java:logGet(46)) - raft.server.log.statemachine.data.read.timeout = 1000ms (default)
2023-01-06 14:00:12,172 [pool-117-thread-1] INFO  server.RaftServerConfigKeys (ConfUtils.java:logGet(46)) - raft.server.log.purge.preservation.log.num = 0 (default)
2023-01-06 14:00:12,173 [pool-117-thread-1] INFO  server.RaftServerConfigKeys (ConfUtils.java:logGet(46)) - raft.server.log.segment.size.max = 1048576 (custom)
2023-01-06 14:00:12,172 [pool-94-thread-1] INFO  server.RaftServerConfigKeys (ConfUtils.java:logGet(46)) - raft.server.log.appender.buffer.byte-limit = 33554432 (custom)
2023-01-06 14:00:12,174 [EventQueue-OpenPipelineForHealthyPipelineSafeModeRule] INFO  safemode.SCMSafeModeManager (HealthyPipelineSafeModeRule.java:process(137)) - SCM in safe mode. Healthy pipelines reported count is 0, required healthy pipeline reported count is 1
2023-01-06 14:00:12,177 [pool-117-thread-1] INFO  server.RaftServerConfigKeys (ConfUtils.java:logGet(46)) - raft.server.log.segment.cache.num.max = 2 (custom)
2023-01-06 14:00:12,177 [pool-117-thread-1] INFO  server.RaftServerConfigKeys (ConfUtils.java:logGet(46)) - raft.server.log.segment.cache.size.max = 200MB (=209715200) (default)
2023-01-06 14:00:12,177 [pool-117-thread-1] INFO  segmented.SegmentedRaftLogWorker (SegmentedRaftLogWorker.java:<init>(189)) - new ca2b9cd0-63d2-42af-b7f4-b5b024b05d69@group-9F65CE99153F-SegmentedRaftLogWorker for RaftStorageImpl:Storage Directory /home/runner/work/ozone/ozone/hadoop-ozone/integration-test/target/test-dir/MiniOzoneClusterImpl-2de58cfc-ec7c-41ac-af7d-ad40b55ccb4e/datanode-2/data/ratis/56f2cbf1-21de-483f-8646-9f65ce99153f
2023-01-06 14:00:12,177 [pool-117-thread-1] INFO  server.RaftServerConfigKeys (ConfUtils.java:logGet(46)) - raft.server.log.queue.byte-limit = 4294967296 (custom)
2023-01-06 14:00:12,177 [pool-117-thread-1] INFO  server.RaftServerConfigKeys (ConfUtils.java:logGet(46)) - raft.server.log.queue.element-limit = 1024 (custom)
2023-01-06 14:00:12,177 [pool-117-thread-1] INFO  server.RaftServerConfigKeys (ConfUtils.java:logGet(46)) - raft.server.log.segment.size.max = 1048576 (custom)
2023-01-06 14:00:12,177 [pool-117-thread-1] INFO  server.RaftServerConfigKeys (ConfUtils.java:logGet(46)) - raft.server.log.preallocated.size = 16384 (custom)
2023-01-06 14:00:12,177 [pool-117-thread-1] INFO  server.RaftServerConfigKeys (ConfUtils.java:logGet(46)) - raft.server.log.force.sync.num = 128 (default)
2023-01-06 14:00:12,177 [pool-117-thread-1] INFO  server.RaftServerConfigKeys (ConfUtils.java:logGet(46)) - raft.server.log.statemachine.data.sync = true (default)
2023-01-06 14:00:12,177 [pool-117-thread-1] INFO  server.RaftServerConfigKeys (ConfUtils.java:logGet(46)) - raft.server.log.statemachine.data.sync.timeout = 10s (default)
2023-01-06 14:00:12,177 [pool-117-thread-1] INFO  server.RaftServerConfigKeys (ConfUtils.java:logGet(46)) - raft.server.log.statemachine.data.sync.timeout.retry = -1 (default)
2023-01-06 14:00:12,179 [pool-117-thread-1] INFO  server.RaftServerConfigKeys (ConfUtils.java:logGet(46)) - raft.server.log.write.buffer.size = 1048576 (custom)
2023-01-06 14:00:12,180 [pool-117-thread-1] INFO  server.RaftServerConfigKeys (ConfUtils.java:logGet(46)) - raft.server.log.appender.buffer.byte-limit = 33554432 (custom)
2023-01-06 14:00:12,181 [pool-94-thread-1] INFO  server.RaftServerConfigKeys (ConfUtils.java:logGet(46)) - raft.server.log.unsafe-flush.enabled = false (default)
2023-01-06 14:00:12,181 [pool-94-thread-1] INFO  server.RaftServerConfigKeys (ConfUtils.java:logGet(46)) - raft.server.log.async-flush.enabled = false (default)
2023-01-06 14:00:12,181 [pool-94-thread-1] INFO  server.RaftServerConfigKeys (ConfUtils.java:logGet(46)) - raft.server.log.statemachine.data.caching.enabled = true (custom)
2023-01-06 14:00:12,181 [pool-94-thread-1] INFO  segmented.SegmentedRaftLogWorker (SegmentedRaftLogWorker.java:lambda$new$0(135)) - 9d2479ec-aa45-414b-9f67-598ea71ed6e7@group-0ED9BB7646BA-SegmentedRaftLogWorker: flushIndex: setUnconditionally 0 -> -1
2023-01-06 14:00:12,181 [pool-94-thread-1] INFO  segmented.SegmentedRaftLogWorker (SegmentedRaftLogWorker.java:lambda$new$0(135)) - 9d2479ec-aa45-414b-9f67-598ea71ed6e7@group-0ED9BB7646BA-SegmentedRaftLogWorker: safeCacheEvictIndex: setUnconditionally 0 -> -1
2023-01-06 14:00:12,184 [pool-117-thread-1] INFO  server.RaftServerConfigKeys (ConfUtils.java:logGet(46)) - raft.server.log.unsafe-flush.enabled = false (default)
2023-01-06 14:00:12,184 [pool-117-thread-1] INFO  server.RaftServerConfigKeys (ConfUtils.java:logGet(46)) - raft.server.log.async-flush.enabled = false (default)
2023-01-06 14:00:12,184 [pool-117-thread-1] INFO  server.RaftServerConfigKeys (ConfUtils.java:logGet(46)) - raft.server.log.statemachine.data.caching.enabled = true (custom)
2023-01-06 14:00:12,184 [pool-117-thread-1] INFO  segmented.SegmentedRaftLogWorker (SegmentedRaftLogWorker.java:lambda$new$0(135)) - ca2b9cd0-63d2-42af-b7f4-b5b024b05d69@group-9F65CE99153F-SegmentedRaftLogWorker: flushIndex: setUnconditionally 0 -> -1
2023-01-06 14:00:12,184 [pool-117-thread-1] INFO  segmented.SegmentedRaftLogWorker (SegmentedRaftLogWorker.java:lambda$new$0(135)) - ca2b9cd0-63d2-42af-b7f4-b5b024b05d69@group-9F65CE99153F-SegmentedRaftLogWorker: safeCacheEvictIndex: setUnconditionally 0 -> -1
2023-01-06 14:00:12,187 [pool-94-thread-1] INFO  server.RaftServer$Division (RaftServerImpl.java:start(334)) - 9d2479ec-aa45-414b-9f67-598ea71ed6e7@group-0ED9BB7646BA: start as a follower, conf=-1: peers:[ca2b9cd0-63d2-42af-b7f4-b5b024b05d69|rpc:10.1.0.26:45169|dataStream:10.1.0.26:41089|priority:0|startupRole:FOLLOWER, fe41025e-da51-4673-994d-25a17fd926d9|rpc:10.1.0.26:46787|dataStream:10.1.0.26:38003|priority:0|startupRole:FOLLOWER, 9d2479ec-aa45-414b-9f67-598ea71ed6e7|rpc:10.1.0.26:46055|dataStream:10.1.0.26:37817|priority:1|startupRole:FOLLOWER]|listeners:[], old=null
2023-01-06 14:00:12,187 [pool-94-thread-1] INFO  server.RaftServer$Division (RaftServerImpl.java:setRole(321)) - 9d2479ec-aa45-414b-9f67-598ea71ed6e7@group-0ED9BB7646BA: changes role from      null to FOLLOWER at term 0 for startAsFollower
2023-01-06 14:00:12,187 [pool-94-thread-1] INFO  impl.RoleInfo (RoleInfo.java:updateAndGet(139)) - 9d2479ec-aa45-414b-9f67-598ea71ed6e7: start 9d2479ec-aa45-414b-9f67-598ea71ed6e7@group-0ED9BB7646BA-FollowerState
2023-01-06 14:00:12,187 [pool-94-thread-1] INFO  util.JmxRegister (JmxRegister.java:tryRegister(44)) - Successfully registered JMX Bean with object name Ratis:service=RaftServer,group=group-0ED9BB7646BA,id=9d2479ec-aa45-414b-9f67-598ea71ed6e7
2023-01-06 14:00:12,187 [pool-94-thread-1] INFO  server.RaftServerConfigKeys (ConfUtils.java:logGet(46)) - raft.server.snapshot.auto.trigger.enabled = true (custom)
2023-01-06 14:00:12,187 [pool-94-thread-1] INFO  server.RaftServerConfigKeys (ConfUtils.java:logGet(46)) - raft.server.snapshot.auto.trigger.threshold = 10000 (custom)
2023-01-06 14:00:12,187 [pool-94-thread-1] INFO  server.RaftServerConfigKeys (ConfUtils.java:logGet(46)) - raft.server.snapshot.retention.file.num = 5 (custom)
2023-01-06 14:00:12,187 [pool-94-thread-1] INFO  server.RaftServerConfigKeys (ConfUtils.java:logGet(46)) - raft.server.log.purge.upto.snapshot.index = false (default)
2023-01-06 14:00:12,188 [Command processor thread] INFO  ratis.XceiverServerRatis (XceiverServerRatis.java:addGroup(806)) - Created group PipelineID=6a82e3ec-da42-491b-9b6a-0ed9bb7646ba
2023-01-06 14:00:12,188 [9d2479ec-aa45-414b-9f67-598ea71ed6e7@group-0ED9BB7646BA-FollowerState] INFO  server.RaftServerConfigKeys (ConfUtils.java:logFallback(53)) - raft.server.rpc.first-election.timeout.min = 5s (fallback to raft.server.rpc.timeout.min)
2023-01-06 14:00:12,197 [pool-117-thread-1] INFO  server.RaftServer$Division (RaftServerImpl.java:start(334)) - ca2b9cd0-63d2-42af-b7f4-b5b024b05d69@group-9F65CE99153F: start as a follower, conf=-1: peers:[ca2b9cd0-63d2-42af-b7f4-b5b024b05d69|rpc:10.1.0.26:45169|dataStream:10.1.0.26:41089|priority:0|startupRole:FOLLOWER, fe41025e-da51-4673-994d-25a17fd926d9|rpc:10.1.0.26:46787|dataStream:10.1.0.26:38003|priority:1|startupRole:FOLLOWER, 9d2479ec-aa45-414b-9f67-598ea71ed6e7|rpc:10.1.0.26:46055|dataStream:10.1.0.26:37817|priority:0|startupRole:FOLLOWER]|listeners:[], old=null
2023-01-06 14:00:12,198 [pool-117-thread-1] INFO  server.RaftServer$Division (RaftServerImpl.java:setRole(321)) - ca2b9cd0-63d2-42af-b7f4-b5b024b05d69@group-9F65CE99153F: changes role from      null to FOLLOWER at term 0 for startAsFollower
2023-01-06 14:00:12,198 [pool-117-thread-1] INFO  impl.RoleInfo (RoleInfo.java:updateAndGet(139)) - ca2b9cd0-63d2-42af-b7f4-b5b024b05d69: start ca2b9cd0-63d2-42af-b7f4-b5b024b05d69@group-9F65CE99153F-FollowerState
2023-01-06 14:00:12,198 [9d2479ec-aa45-414b-9f67-598ea71ed6e7@group-0ED9BB7646BA-FollowerState] INFO  server.RaftServerConfigKeys (ConfUtils.java:logFallback(53)) - raft.server.rpc.first-election.timeout.max = 5200ms (fallback to raft.server.rpc.timeout.max)
2023-01-06 14:00:12,199 [pool-117-thread-1] INFO  util.JmxRegister (JmxRegister.java:tryRegister(44)) - Successfully registered JMX Bean with object name Ratis:service=RaftServer,group=group-9F65CE99153F,id=ca2b9cd0-63d2-42af-b7f4-b5b024b05d69
2023-01-06 14:00:12,206 [pool-117-thread-1] INFO  server.RaftServerConfigKeys (ConfUtils.java:logGet(46)) - raft.server.snapshot.auto.trigger.enabled = true (custom)
2023-01-06 14:00:12,206 [pool-117-thread-1] INFO  server.RaftServerConfigKeys (ConfUtils.java:logGet(46)) - raft.server.snapshot.auto.trigger.threshold = 10000 (custom)
2023-01-06 14:00:12,206 [pool-117-thread-1] INFO  server.RaftServerConfigKeys (ConfUtils.java:logGet(46)) - raft.server.snapshot.retention.file.num = 5 (custom)
2023-01-06 14:00:12,206 [pool-117-thread-1] INFO  server.RaftServerConfigKeys (ConfUtils.java:logGet(46)) - raft.server.log.purge.upto.snapshot.index = false (default)
2023-01-06 14:00:12,206 [ca2b9cd0-63d2-42af-b7f4-b5b024b05d69@group-9F65CE99153F-FollowerState] INFO  server.RaftServerConfigKeys (ConfUtils.java:logFallback(53)) - raft.server.rpc.first-election.timeout.min = 5s (fallback to raft.server.rpc.timeout.min)
2023-01-06 14:00:12,207 [ca2b9cd0-63d2-42af-b7f4-b5b024b05d69@group-9F65CE99153F-FollowerState] INFO  server.RaftServerConfigKeys (ConfUtils.java:logFallback(53)) - raft.server.rpc.first-election.timeout.max = 5200ms (fallback to raft.server.rpc.timeout.max)
2023-01-06 14:00:12,212 [pool-117-thread-1] INFO  storage.RaftStorageDirectory (RaftStorageDirectoryImpl.java:analyzeStorage(137)) - The storage directory /home/runner/work/ozone/ozone/hadoop-ozone/integration-test/target/test-dir/MiniOzoneClusterImpl-2de58cfc-ec7c-41ac-af7d-ad40b55ccb4e/datanode-2/data/ratis/6a82e3ec-da42-491b-9b6a-0ed9bb7646ba does not exist. Creating ...
2023-01-06 14:00:12,214 [pool-117-thread-1] INFO  storage.RaftStorageDirectory (RaftStorageDirectoryImpl.java:tryLock(231)) - Lock on /home/runner/work/ozone/ozone/hadoop-ozone/integration-test/target/test-dir/MiniOzoneClusterImpl-2de58cfc-ec7c-41ac-af7d-ad40b55ccb4e/datanode-2/data/ratis/6a82e3ec-da42-491b-9b6a-0ed9bb7646ba/in_use.lock acquired by nodename 71639@fv-az28-147
2023-01-06 14:00:12,216 [pool-117-thread-1] INFO  storage.RaftStorage (RaftStorageImpl.java:format(96)) - Storage directory /home/runner/work/ozone/ozone/hadoop-ozone/integration-test/target/test-dir/MiniOzoneClusterImpl-2de58cfc-ec7c-41ac-af7d-ad40b55ccb4e/datanode-2/data/ratis/6a82e3ec-da42-491b-9b6a-0ed9bb7646ba has been successfully formatted.
2023-01-06 14:00:12,216 [pool-117-thread-1] INFO  ratis.ContainerStateMachine (ContainerStateMachine.java:loadSnapshot(240)) - group-0ED9BB7646BA: The snapshot info is null. Setting the last applied indexto:(t:0, i:~)
2023-01-06 14:00:12,216 [pool-117-thread-1] INFO  server.RaftServerConfigKeys (ConfUtils.java:logGet(46)) - raft.server.log.use.memory = false (default)
2023-01-06 14:00:12,216 [pool-117-thread-1] INFO  server.RaftServerConfigKeys (ConfUtils.java:logGet(46)) - raft.server.log.purge.gap = 1000000 (custom)
2023-01-06 14:00:12,216 [pool-117-thread-1] INFO  server.RaftServerConfigKeys (ConfUtils.java:logGet(46)) - raft.server.log.appender.buffer.byte-limit = 33554432 (custom)
2023-01-06 14:00:12,216 [pool-117-thread-1] INFO  server.RaftServerConfigKeys (ConfUtils.java:logGet(46)) - raft.server.log.statemachine.data.read.timeout = 1000ms (default)
2023-01-06 14:00:12,216 [pool-117-thread-1] INFO  server.RaftServerConfigKeys (ConfUtils.java:logGet(46)) - raft.server.log.purge.preservation.log.num = 0 (default)
2023-01-06 14:00:12,217 [pool-117-thread-1] INFO  server.RaftServerConfigKeys (ConfUtils.java:logGet(46)) - raft.server.log.segment.size.max = 1048576 (custom)
2023-01-06 14:00:12,217 [pool-117-thread-1] INFO  server.RaftServerConfigKeys (ConfUtils.java:logGet(46)) - raft.server.log.segment.cache.num.max = 2 (custom)
2023-01-06 14:00:12,217 [pool-117-thread-1] INFO  server.RaftServerConfigKeys (ConfUtils.java:logGet(46)) - raft.server.log.segment.cache.size.max = 200MB (=209715200) (default)
2023-01-06 14:00:12,217 [pool-117-thread-1] INFO  segmented.SegmentedRaftLogWorker (SegmentedRaftLogWorker.java:<init>(189)) - new ca2b9cd0-63d2-42af-b7f4-b5b024b05d69@group-0ED9BB7646BA-SegmentedRaftLogWorker for RaftStorageImpl:Storage Directory /home/runner/work/ozone/ozone/hadoop-ozone/integration-test/target/test-dir/MiniOzoneClusterImpl-2de58cfc-ec7c-41ac-af7d-ad40b55ccb4e/datanode-2/data/ratis/6a82e3ec-da42-491b-9b6a-0ed9bb7646ba
2023-01-06 14:00:12,217 [pool-117-thread-1] INFO  server.RaftServerConfigKeys (ConfUtils.java:logGet(46)) - raft.server.log.queue.byte-limit = 4294967296 (custom)
2023-01-06 14:00:12,217 [pool-117-thread-1] INFO  server.RaftServerConfigKeys (ConfUtils.java:logGet(46)) - raft.server.log.queue.element-limit = 1024 (custom)
2023-01-06 14:00:12,217 [pool-117-thread-1] INFO  server.RaftServerConfigKeys (ConfUtils.java:logGet(46)) - raft.server.log.segment.size.max = 1048576 (custom)
2023-01-06 14:00:12,217 [pool-117-thread-1] INFO  server.RaftServerConfigKeys (ConfUtils.java:logGet(46)) - raft.server.log.preallocated.size = 16384 (custom)
2023-01-06 14:00:12,217 [pool-117-thread-1] INFO  server.RaftServerConfigKeys (ConfUtils.java:logGet(46)) - raft.server.log.force.sync.num = 128 (default)
2023-01-06 14:00:12,217 [pool-117-thread-1] INFO  server.RaftServerConfigKeys (ConfUtils.java:logGet(46)) - raft.server.log.statemachine.data.sync = true (default)
2023-01-06 14:00:12,217 [pool-117-thread-1] INFO  server.RaftServerConfigKeys (ConfUtils.java:logGet(46)) - raft.server.log.statemachine.data.sync.timeout = 10s (default)
2023-01-06 14:00:12,217 [pool-117-thread-1] INFO  server.RaftServerConfigKeys (ConfUtils.java:logGet(46)) - raft.server.log.statemachine.data.sync.timeout.retry = -1 (default)
2023-01-06 14:00:12,218 [pool-117-thread-1] INFO  server.RaftServerConfigKeys (ConfUtils.java:logGet(46)) - raft.server.log.write.buffer.size = 1048576 (custom)
2023-01-06 14:00:12,219 [pool-117-thread-1] INFO  server.RaftServerConfigKeys (ConfUtils.java:logGet(46)) - raft.server.log.appender.buffer.byte-limit = 33554432 (custom)
2023-01-06 14:00:12,224 [pool-117-thread-1] INFO  server.RaftServerConfigKeys (ConfUtils.java:logGet(46)) - raft.server.log.unsafe-flush.enabled = false (default)
2023-01-06 14:00:12,224 [pool-117-thread-1] INFO  server.RaftServerConfigKeys (ConfUtils.java:logGet(46)) - raft.server.log.async-flush.enabled = false (default)
2023-01-06 14:00:12,229 [pool-117-thread-1] INFO  server.RaftServerConfigKeys (ConfUtils.java:logGet(46)) - raft.server.log.statemachine.data.caching.enabled = true (custom)
2023-01-06 14:00:12,230 [pool-117-thread-1] INFO  segmented.SegmentedRaftLogWorker (SegmentedRaftLogWorker.java:lambda$new$0(135)) - ca2b9cd0-63d2-42af-b7f4-b5b024b05d69@group-0ED9BB7646BA-SegmentedRaftLogWorker: flushIndex: setUnconditionally 0 -> -1
2023-01-06 14:00:12,230 [pool-117-thread-1] INFO  segmented.SegmentedRaftLogWorker (SegmentedRaftLogWorker.java:lambda$new$0(135)) - ca2b9cd0-63d2-42af-b7f4-b5b024b05d69@group-0ED9BB7646BA-SegmentedRaftLogWorker: safeCacheEvictIndex: setUnconditionally 0 -> -1
2023-01-06 14:00:12,234 [pool-117-thread-1] INFO  server.RaftServer$Division (RaftServerImpl.java:start(334)) - ca2b9cd0-63d2-42af-b7f4-b5b024b05d69@group-0ED9BB7646BA: start as a follower, conf=-1: peers:[ca2b9cd0-63d2-42af-b7f4-b5b024b05d69|rpc:10.1.0.26:45169|dataStream:10.1.0.26:41089|priority:0|startupRole:FOLLOWER, fe41025e-da51-4673-994d-25a17fd926d9|rpc:10.1.0.26:46787|dataStream:10.1.0.26:38003|priority:0|startupRole:FOLLOWER, 9d2479ec-aa45-414b-9f67-598ea71ed6e7|rpc:10.1.0.26:46055|dataStream:10.1.0.26:37817|priority:1|startupRole:FOLLOWER]|listeners:[], old=null
2023-01-06 14:00:12,234 [pool-117-thread-1] INFO  server.RaftServer$Division (RaftServerImpl.java:setRole(321)) - ca2b9cd0-63d2-42af-b7f4-b5b024b05d69@group-0ED9BB7646BA: changes role from      null to FOLLOWER at term 0 for startAsFollower
2023-01-06 14:00:12,234 [pool-117-thread-1] INFO  impl.RoleInfo (RoleInfo.java:updateAndGet(139)) - ca2b9cd0-63d2-42af-b7f4-b5b024b05d69: start ca2b9cd0-63d2-42af-b7f4-b5b024b05d69@group-0ED9BB7646BA-FollowerState
2023-01-06 14:00:12,238 [pool-117-thread-1] INFO  util.JmxRegister (JmxRegister.java:tryRegister(44)) - Successfully registered JMX Bean with object name Ratis:service=RaftServer,group=group-0ED9BB7646BA,id=ca2b9cd0-63d2-42af-b7f4-b5b024b05d69
2023-01-06 14:00:12,238 [pool-117-thread-1] INFO  server.RaftServerConfigKeys (ConfUtils.java:logGet(46)) - raft.server.snapshot.auto.trigger.enabled = true (custom)
2023-01-06 14:00:12,238 [pool-117-thread-1] INFO  server.RaftServerConfigKeys (ConfUtils.java:logGet(46)) - raft.server.snapshot.auto.trigger.threshold = 10000 (custom)
2023-01-06 14:00:12,238 [pool-117-thread-1] INFO  server.RaftServerConfigKeys (ConfUtils.java:logGet(46)) - raft.server.snapshot.retention.file.num = 5 (custom)
2023-01-06 14:00:12,238 [pool-117-thread-1] INFO  server.RaftServerConfigKeys (ConfUtils.java:logGet(46)) - raft.server.log.purge.upto.snapshot.index = false (default)
2023-01-06 14:00:12,239 [EventQueue-OpenPipelineForHealthyPipelineSafeModeRule] INFO  safemode.SCMSafeModeManager (HealthyPipelineSafeModeRule.java:process(137)) - SCM in safe mode. Healthy pipelines reported count is 0, required healthy pipeline reported count is 1
2023-01-06 14:00:12,242 [Command processor thread] INFO  ratis.XceiverServerRatis (XceiverServerRatis.java:addGroup(806)) - Created group PipelineID=6a82e3ec-da42-491b-9b6a-0ed9bb7646ba
2023-01-06 14:00:12,242 [ca2b9cd0-63d2-42af-b7f4-b5b024b05d69@group-0ED9BB7646BA-FollowerState] INFO  server.RaftServerConfigKeys (ConfUtils.java:logFallback(53)) - raft.server.rpc.first-election.timeout.min = 5s (fallback to raft.server.rpc.timeout.min)
2023-01-06 14:00:12,241 [pool-71-thread-1] INFO  server.RaftServer$Division (RaftServerImpl.java:<init>(195)) - fe41025e-da51-4673-994d-25a17fd926d9: new RaftServerImpl for group-0ED9BB7646BA:[ca2b9cd0-63d2-42af-b7f4-b5b024b05d69|rpc:10.1.0.26:45169|dataStream:10.1.0.26:41089|priority:0|startupRole:FOLLOWER, fe41025e-da51-4673-994d-25a17fd926d9|rpc:10.1.0.26:46787|dataStream:10.1.0.26:38003|priority:0|startupRole:FOLLOWER, 9d2479ec-aa45-414b-9f67-598ea71ed6e7|rpc:10.1.0.26:46055|dataStream:10.1.0.26:37817|priority:1|startupRole:FOLLOWER] with ContainerStateMachine:uninitialized
2023-01-06 14:00:12,245 [pool-71-thread-1] INFO  server.RaftServerConfigKeys (ConfUtils.java:logGet(46)) - raft.server.rpc.timeout.min = 5s (custom)
2023-01-06 14:00:12,245 [pool-71-thread-1] INFO  server.RaftServerConfigKeys (ConfUtils.java:logGet(46)) - raft.server.rpc.timeout.max = 5200ms (custom)
2023-01-06 14:00:12,245 [pool-71-thread-1] INFO  server.RaftServerConfigKeys (ConfUtils.java:logGet(46)) - raft.server.rpc.sleep.time = 25ms (default)
2023-01-06 14:00:12,245 [pool-71-thread-1] INFO  server.RaftServerConfigKeys (ConfUtils.java:logGet(46)) - raft.server.rpc.slowness.timeout = 300s (custom)
2023-01-06 14:00:12,245 [pool-71-thread-1] INFO  server.RaftServerConfigKeys (ConfUtils.java:logGet(46)) - raft.server.leaderelection.leader.step-down.wait-time = 10s (default)
2023-01-06 14:00:12,245 [pool-71-thread-1] INFO  server.RaftServerConfigKeys (ConfUtils.java:logGet(46)) - raft.server.sleep.deviation.threshold = 300ms (default)
2023-01-06 14:00:12,245 [pool-71-thread-1] INFO  server.RaftServer$Division (ServerState.java:<init>(118)) - fe41025e-da51-4673-994d-25a17fd926d9@group-0ED9BB7646BA: ConfigurationManager, init=-1: peers:[ca2b9cd0-63d2-42af-b7f4-b5b024b05d69|rpc:10.1.0.26:45169|dataStream:10.1.0.26:41089|priority:0|startupRole:FOLLOWER, fe41025e-da51-4673-994d-25a17fd926d9|rpc:10.1.0.26:46787|dataStream:10.1.0.26:38003|priority:0|startupRole:FOLLOWER, 9d2479ec-aa45-414b-9f67-598ea71ed6e7|rpc:10.1.0.26:46055|dataStream:10.1.0.26:37817|priority:1|startupRole:FOLLOWER]|listeners:[], old=null, confs=<EMPTY_MAP>
2023-01-06 14:00:12,246 [pool-71-thread-1] INFO  server.RaftServerConfigKeys (ConfUtils.java:logGet(46)) - raft.server.storage.dir = [/home/runner/work/ozone/ozone/hadoop-ozone/integration-test/target/test-dir/MiniOzoneClusterImpl-2de58cfc-ec7c-41ac-af7d-ad40b55ccb4e/datanode-0/data/ratis] (custom)
2023-01-06 14:00:12,246 [pool-71-thread-1] INFO  server.RaftServerConfigKeys (ConfUtils.java:logGet(46)) - raft.server.log.corruption.policy = EXCEPTION (default)
2023-01-06 14:00:12,246 [pool-71-thread-1] INFO  server.RaftServerConfigKeys (ConfUtils.java:logGet(46)) - raft.server.storage.free-space.min = 0MB (=0) (default)
2023-01-06 14:00:12,246 [pool-71-thread-1] INFO  server.RaftServerConfigKeys (ConfUtils.java:logGet(46)) - raft.server.notification.no-leader.timeout = 300s (custom)
2023-01-06 14:00:12,246 [pool-71-thread-1] INFO  server.RaftServerConfigKeys (ConfUtils.java:logGet(46)) - raft.server.retrycache.expirytime = 600000ms (custom)
2023-01-06 14:00:12,246 [pool-71-thread-1] INFO  server.RaftServerConfigKeys (ConfUtils.java:logGet(46)) - raft.server.retrycache.statistics.expirytime = 100μs (default)
2023-01-06 14:00:12,240 [grpc-default-executor-1] INFO  server.RaftServer (RaftServerProxy.java:addNew(96)) - fe41025e-da51-4673-994d-25a17fd926d9: addNew group-0ED9BB7646BA:[ca2b9cd0-63d2-42af-b7f4-b5b024b05d69|rpc:10.1.0.26:45169|dataStream:10.1.0.26:41089|priority:0|startupRole:FOLLOWER, fe41025e-da51-4673-994d-25a17fd926d9|rpc:10.1.0.26:46787|dataStream:10.1.0.26:38003|priority:0|startupRole:FOLLOWER, 9d2479ec-aa45-414b-9f67-598ea71ed6e7|rpc:10.1.0.26:46055|dataStream:10.1.0.26:37817|priority:1|startupRole:FOLLOWER] returns group-0ED9BB7646BA:java.util.concurrent.CompletableFuture@72f335f6[Not completed]
2023-01-06 14:00:12,247 [ca2b9cd0-63d2-42af-b7f4-b5b024b05d69@group-0ED9BB7646BA-FollowerState] INFO  server.RaftServerConfigKeys (ConfUtils.java:logFallback(53)) - raft.server.rpc.first-election.timeout.max = 5200ms (fallback to raft.server.rpc.timeout.max)
2023-01-06 14:00:12,247 [pool-71-thread-1] INFO  server.RaftServerConfigKeys (ConfUtils.java:logGet(46)) - raft.server.log.appender.install.snapshot.enabled = false (custom)
2023-01-06 14:00:12,251 [pool-71-thread-1] INFO  server.RaftServerConfigKeys (ConfUtils.java:logGet(46)) - raft.server.threadpool.server.cached = true (default)
2023-01-06 14:00:12,251 [pool-71-thread-1] INFO  server.RaftServerConfigKeys (ConfUtils.java:logGet(46)) - raft.server.threadpool.server.size = 0 (default)
2023-01-06 14:00:12,251 [pool-71-thread-1] INFO  server.RaftServerConfigKeys (ConfUtils.java:logGet(46)) - raft.server.threadpool.client.cached = true (default)
2023-01-06 14:00:12,251 [pool-71-thread-1] INFO  server.RaftServerConfigKeys (ConfUtils.java:logGet(46)) - raft.server.threadpool.client.size = 0 (default)
2023-01-06 14:00:12,251 [pool-71-thread-1] INFO  storage.RaftStorageDirectory (RaftStorageDirectoryImpl.java:analyzeStorage(137)) - The storage directory /home/runner/work/ozone/ozone/hadoop-ozone/integration-test/target/test-dir/MiniOzoneClusterImpl-2de58cfc-ec7c-41ac-af7d-ad40b55ccb4e/datanode-0/data/ratis/6a82e3ec-da42-491b-9b6a-0ed9bb7646ba does not exist. Creating ...
2023-01-06 14:00:12,253 [pool-71-thread-1] INFO  storage.RaftStorageDirectory (RaftStorageDirectoryImpl.java:tryLock(231)) - Lock on /home/runner/work/ozone/ozone/hadoop-ozone/integration-test/target/test-dir/MiniOzoneClusterImpl-2de58cfc-ec7c-41ac-af7d-ad40b55ccb4e/datanode-0/data/ratis/6a82e3ec-da42-491b-9b6a-0ed9bb7646ba/in_use.lock acquired by nodename 71639@fv-az28-147
2023-01-06 14:00:12,256 [pool-71-thread-1] INFO  storage.RaftStorage (RaftStorageImpl.java:format(96)) - Storage directory /home/runner/work/ozone/ozone/hadoop-ozone/integration-test/target/test-dir/MiniOzoneClusterImpl-2de58cfc-ec7c-41ac-af7d-ad40b55ccb4e/datanode-0/data/ratis/6a82e3ec-da42-491b-9b6a-0ed9bb7646ba has been successfully formatted.
2023-01-06 14:00:12,256 [pool-71-thread-1] INFO  ratis.ContainerStateMachine (ContainerStateMachine.java:loadSnapshot(240)) - group-0ED9BB7646BA: The snapshot info is null. Setting the last applied indexto:(t:0, i:~)
2023-01-06 14:00:12,256 [pool-71-thread-1] INFO  server.RaftServerConfigKeys (ConfUtils.java:logGet(46)) - raft.server.log.use.memory = false (default)
2023-01-06 14:00:12,256 [pool-71-thread-1] INFO  server.RaftServerConfigKeys (ConfUtils.java:logGet(46)) - raft.server.log.purge.gap = 1000000 (custom)
2023-01-06 14:00:12,256 [pool-71-thread-1] INFO  server.RaftServerConfigKeys (ConfUtils.java:logGet(46)) - raft.server.log.appender.buffer.byte-limit = 33554432 (custom)
2023-01-06 14:00:12,256 [pool-71-thread-1] INFO  server.RaftServerConfigKeys (ConfUtils.java:logGet(46)) - raft.server.log.statemachine.data.read.timeout = 1000ms (default)
2023-01-06 14:00:12,256 [pool-71-thread-1] INFO  server.RaftServerConfigKeys (ConfUtils.java:logGet(46)) - raft.server.log.purge.preservation.log.num = 0 (default)
2023-01-06 14:00:12,257 [pool-71-thread-1] INFO  server.RaftServerConfigKeys (ConfUtils.java:logGet(46)) - raft.server.log.segment.size.max = 1048576 (custom)
2023-01-06 14:00:12,257 [pool-71-thread-1] INFO  server.RaftServerConfigKeys (ConfUtils.java:logGet(46)) - raft.server.log.segment.cache.num.max = 2 (custom)
2023-01-06 14:00:12,257 [pool-71-thread-1] INFO  server.RaftServerConfigKeys (ConfUtils.java:logGet(46)) - raft.server.log.segment.cache.size.max = 200MB (=209715200) (default)
2023-01-06 14:00:12,257 [pool-71-thread-1] INFO  segmented.SegmentedRaftLogWorker (SegmentedRaftLogWorker.java:<init>(189)) - new fe41025e-da51-4673-994d-25a17fd926d9@group-0ED9BB7646BA-SegmentedRaftLogWorker for RaftStorageImpl:Storage Directory /home/runner/work/ozone/ozone/hadoop-ozone/integration-test/target/test-dir/MiniOzoneClusterImpl-2de58cfc-ec7c-41ac-af7d-ad40b55ccb4e/datanode-0/data/ratis/6a82e3ec-da42-491b-9b6a-0ed9bb7646ba
2023-01-06 14:00:12,257 [pool-71-thread-1] INFO  server.RaftServerConfigKeys (ConfUtils.java:logGet(46)) - raft.server.log.queue.byte-limit = 4294967296 (custom)
2023-01-06 14:00:12,257 [pool-71-thread-1] INFO  server.RaftServerConfigKeys (ConfUtils.java:logGet(46)) - raft.server.log.queue.element-limit = 1024 (custom)
2023-01-06 14:00:12,257 [pool-71-thread-1] INFO  server.RaftServerConfigKeys (ConfUtils.java:logGet(46)) - raft.server.log.segment.size.max = 1048576 (custom)
2023-01-06 14:00:12,257 [pool-71-thread-1] INFO  server.RaftServerConfigKeys (ConfUtils.java:logGet(46)) - raft.server.log.preallocated.size = 16384 (custom)
2023-01-06 14:00:12,257 [pool-71-thread-1] INFO  server.RaftServerConfigKeys (ConfUtils.java:logGet(46)) - raft.server.log.force.sync.num = 128 (default)
2023-01-06 14:00:12,257 [pool-71-thread-1] INFO  server.RaftServerConfigKeys (ConfUtils.java:logGet(46)) - raft.server.log.statemachine.data.sync = true (default)
2023-01-06 14:00:12,257 [pool-71-thread-1] INFO  server.RaftServerConfigKeys (ConfUtils.java:logGet(46)) - raft.server.log.statemachine.data.sync.timeout = 10s (default)
2023-01-06 14:00:12,257 [pool-71-thread-1] INFO  server.RaftServerConfigKeys (ConfUtils.java:logGet(46)) - raft.server.log.statemachine.data.sync.timeout.retry = -1 (default)
2023-01-06 14:00:12,258 [pool-71-thread-1] INFO  server.RaftServerConfigKeys (ConfUtils.java:logGet(46)) - raft.server.log.write.buffer.size = 1048576 (custom)
2023-01-06 14:00:12,258 [pool-71-thread-1] INFO  server.RaftServerConfigKeys (ConfUtils.java:logGet(46)) - raft.server.log.appender.buffer.byte-limit = 33554432 (custom)
2023-01-06 14:00:12,264 [EventQueue-OpenPipelineForHealthyPipelineSafeModeRule] INFO  safemode.SCMSafeModeManager (HealthyPipelineSafeModeRule.java:process(137)) - SCM in safe mode. Healthy pipelines reported count is 0, required healthy pipeline reported count is 1
2023-01-06 14:00:12,264 [pool-71-thread-1] INFO  server.RaftServerConfigKeys (ConfUtils.java:logGet(46)) - raft.server.log.unsafe-flush.enabled = false (default)
2023-01-06 14:00:12,264 [pool-71-thread-1] INFO  server.RaftServerConfigKeys (ConfUtils.java:logGet(46)) - raft.server.log.async-flush.enabled = false (default)
2023-01-06 14:00:12,264 [pool-71-thread-1] INFO  server.RaftServerConfigKeys (ConfUtils.java:logGet(46)) - raft.server.log.statemachine.data.caching.enabled = true (custom)
2023-01-06 14:00:12,264 [pool-71-thread-1] INFO  segmented.SegmentedRaftLogWorker (SegmentedRaftLogWorker.java:lambda$new$0(135)) - fe41025e-da51-4673-994d-25a17fd926d9@group-0ED9BB7646BA-SegmentedRaftLogWorker: flushIndex: setUnconditionally 0 -> -1
2023-01-06 14:00:12,264 [pool-71-thread-1] INFO  segmented.SegmentedRaftLogWorker (SegmentedRaftLogWorker.java:lambda$new$0(135)) - fe41025e-da51-4673-994d-25a17fd926d9@group-0ED9BB7646BA-SegmentedRaftLogWorker: safeCacheEvictIndex: setUnconditionally 0 -> -1
2023-01-06 14:00:12,269 [pool-71-thread-1] INFO  server.RaftServer$Division (RaftServerImpl.java:start(334)) - fe41025e-da51-4673-994d-25a17fd926d9@group-0ED9BB7646BA: start as a follower, conf=-1: peers:[ca2b9cd0-63d2-42af-b7f4-b5b024b05d69|rpc:10.1.0.26:45169|dataStream:10.1.0.26:41089|priority:0|startupRole:FOLLOWER, fe41025e-da51-4673-994d-25a17fd926d9|rpc:10.1.0.26:46787|dataStream:10.1.0.26:38003|priority:0|startupRole:FOLLOWER, 9d2479ec-aa45-414b-9f67-598ea71ed6e7|rpc:10.1.0.26:46055|dataStream:10.1.0.26:37817|priority:1|startupRole:FOLLOWER]|listeners:[], old=null
2023-01-06 14:00:12,269 [pool-71-thread-1] INFO  server.RaftServer$Division (RaftServerImpl.java:setRole(321)) - fe41025e-da51-4673-994d-25a17fd926d9@group-0ED9BB7646BA: changes role from      null to FOLLOWER at term 0 for startAsFollower
2023-01-06 14:00:12,269 [pool-71-thread-1] INFO  impl.RoleInfo (RoleInfo.java:updateAndGet(139)) - fe41025e-da51-4673-994d-25a17fd926d9: start fe41025e-da51-4673-994d-25a17fd926d9@group-0ED9BB7646BA-FollowerState
2023-01-06 14:00:12,273 [pool-71-thread-1] INFO  util.JmxRegister (JmxRegister.java:tryRegister(44)) - Successfully registered JMX Bean with object name Ratis:service=RaftServer,group=group-0ED9BB7646BA,id=fe41025e-da51-4673-994d-25a17fd926d9
2023-01-06 14:00:12,273 [pool-71-thread-1] INFO  server.RaftServerConfigKeys (ConfUtils.java:logGet(46)) - raft.server.snapshot.auto.trigger.enabled = true (custom)
2023-01-06 14:00:12,273 [pool-71-thread-1] INFO  server.RaftServerConfigKeys (ConfUtils.java:logGet(46)) - raft.server.snapshot.auto.trigger.threshold = 10000 (custom)
2023-01-06 14:00:12,273 [pool-71-thread-1] INFO  server.RaftServerConfigKeys (ConfUtils.java:logGet(46)) - raft.server.snapshot.retention.file.num = 5 (custom)
2023-01-06 14:00:12,273 [pool-71-thread-1] INFO  server.RaftServerConfigKeys (ConfUtils.java:logGet(46)) - raft.server.log.purge.upto.snapshot.index = false (default)
2023-01-06 14:00:12,274 [fe41025e-da51-4673-994d-25a17fd926d9@group-0ED9BB7646BA-FollowerState] INFO  server.RaftServerConfigKeys (ConfUtils.java:logFallback(53)) - raft.server.rpc.first-election.timeout.min = 5s (fallback to raft.server.rpc.timeout.min)
2023-01-06 14:00:12,277 [fe41025e-da51-4673-994d-25a17fd926d9@group-0ED9BB7646BA-FollowerState] INFO  server.RaftServerConfigKeys (ConfUtils.java:logFallback(53)) - raft.server.rpc.first-election.timeout.max = 5200ms (fallback to raft.server.rpc.timeout.max)
2023-01-06 14:00:12,293 [Command processor thread] INFO  commandhandler.CreatePipelineCommandHandler (CreatePipelineCommandHandler.java:handle(113)) - Created Pipeline RATIS THREE PipelineID=56f2cbf1-21de-483f-8646-9f65ce99153f.
2023-01-06 14:00:12,327 [Command processor thread] INFO  commandhandler.CreatePipelineCommandHandler (CreatePipelineCommandHandler.java:handle(113)) - Created Pipeline RATIS THREE PipelineID=6a82e3ec-da42-491b-9b6a-0ed9bb7646ba.
2023-01-06 14:00:12,335 [Command processor thread] INFO  commandhandler.CreatePipelineCommandHandler (CreatePipelineCommandHandler.java:handle(113)) - Created Pipeline RATIS THREE PipelineID=6a82e3ec-da42-491b-9b6a-0ed9bb7646ba.
2023-01-06 14:00:12,416 [Command processor thread] INFO  server.RaftServer (RaftServerProxy.java:addNew(96)) - e32a88af-9633-4d64-a8b2-4f5c257759a0: addNew group-EA947270C03E:[e32a88af-9633-4d64-a8b2-4f5c257759a0|rpc:10.1.0.26:34063|dataStream:10.1.0.26:41351|priority:1|startupRole:FOLLOWER] returns group-EA947270C03E:java.util.concurrent.CompletableFuture@69f9b50b[Not completed]
2023-01-06 14:00:12,417 [pool-140-thread-1] INFO  server.RaftServer$Division (RaftServerImpl.java:<init>(195)) - e32a88af-9633-4d64-a8b2-4f5c257759a0: new RaftServerImpl for group-EA947270C03E:[e32a88af-9633-4d64-a8b2-4f5c257759a0|rpc:10.1.0.26:34063|dataStream:10.1.0.26:41351|priority:1|startupRole:FOLLOWER] with ContainerStateMachine:uninitialized
2023-01-06 14:00:12,417 [pool-140-thread-1] INFO  server.RaftServerConfigKeys (ConfUtils.java:logGet(46)) - raft.server.rpc.timeout.min = 5s (custom)
2023-01-06 14:00:12,417 [pool-140-thread-1] INFO  server.RaftServerConfigKeys (ConfUtils.java:logGet(46)) - raft.server.rpc.timeout.max = 5200ms (custom)
2023-01-06 14:00:12,417 [pool-140-thread-1] INFO  server.RaftServerConfigKeys (ConfUtils.java:logGet(46)) - raft.server.rpc.sleep.time = 25ms (default)
2023-01-06 14:00:12,417 [pool-140-thread-1] INFO  server.RaftServerConfigKeys (ConfUtils.java:logGet(46)) - raft.server.rpc.slowness.timeout = 300s (custom)
2023-01-06 14:00:12,417 [pool-140-thread-1] INFO  server.RaftServerConfigKeys (ConfUtils.java:logGet(46)) - raft.server.leaderelection.leader.step-down.wait-time = 10s (default)
2023-01-06 14:00:12,417 [pool-140-thread-1] INFO  server.RaftServerConfigKeys (ConfUtils.java:logGet(46)) - raft.server.sleep.deviation.threshold = 300ms (default)
2023-01-06 14:00:12,417 [pool-140-thread-1] INFO  server.RaftServer$Division (ServerState.java:<init>(118)) - e32a88af-9633-4d64-a8b2-4f5c257759a0@group-EA947270C03E: ConfigurationManager, init=-1: peers:[e32a88af-9633-4d64-a8b2-4f5c257759a0|rpc:10.1.0.26:34063|dataStream:10.1.0.26:41351|priority:1|startupRole:FOLLOWER]|listeners:[], old=null, confs=<EMPTY_MAP>
2023-01-06 14:00:12,418 [pool-140-thread-1] INFO  server.RaftServerConfigKeys (ConfUtils.java:logGet(46)) - raft.server.storage.dir = [/home/runner/work/ozone/ozone/hadoop-ozone/integration-test/target/test-dir/MiniOzoneClusterImpl-2de58cfc-ec7c-41ac-af7d-ad40b55ccb4e/datanode-3/data/ratis] (custom)
2023-01-06 14:00:12,418 [pool-140-thread-1] INFO  server.RaftServerConfigKeys (ConfUtils.java:logGet(46)) - raft.server.log.corruption.policy = EXCEPTION (default)
2023-01-06 14:00:12,418 [pool-140-thread-1] INFO  server.RaftServerConfigKeys (ConfUtils.java:logGet(46)) - raft.server.storage.free-space.min = 0MB (=0) (default)
2023-01-06 14:00:12,418 [pool-140-thread-1] INFO  server.RaftServerConfigKeys (ConfUtils.java:logGet(46)) - raft.server.notification.no-leader.timeout = 300s (custom)
2023-01-06 14:00:12,418 [pool-140-thread-1] INFO  server.RaftServerConfigKeys (ConfUtils.java:logGet(46)) - raft.server.retrycache.expirytime = 600000ms (custom)
2023-01-06 14:00:12,418 [pool-140-thread-1] INFO  server.RaftServerConfigKeys (ConfUtils.java:logGet(46)) - raft.server.retrycache.statistics.expirytime = 100μs (default)
2023-01-06 14:00:12,419 [pool-140-thread-1] INFO  server.RaftServerConfigKeys (ConfUtils.java:logGet(46)) - raft.server.log.appender.install.snapshot.enabled = false (custom)
2023-01-06 14:00:12,419 [pool-140-thread-1] INFO  server.RaftServerConfigKeys (ConfUtils.java:logGet(46)) - raft.server.threadpool.server.cached = true (default)
2023-01-06 14:00:12,419 [pool-140-thread-1] INFO  server.RaftServerConfigKeys (ConfUtils.java:logGet(46)) - raft.server.threadpool.server.size = 0 (default)
2023-01-06 14:00:12,420 [pool-140-thread-1] INFO  server.RaftServerConfigKeys (ConfUtils.java:logGet(46)) - raft.server.threadpool.client.cached = true (default)
2023-01-06 14:00:12,420 [pool-140-thread-1] INFO  server.RaftServerConfigKeys (ConfUtils.java:logGet(46)) - raft.server.threadpool.client.size = 0 (default)
2023-01-06 14:00:12,420 [pool-140-thread-1] INFO  storage.RaftStorageDirectory (RaftStorageDirectoryImpl.java:analyzeStorage(137)) - The storage directory /home/runner/work/ozone/ozone/hadoop-ozone/integration-test/target/test-dir/MiniOzoneClusterImpl-2de58cfc-ec7c-41ac-af7d-ad40b55ccb4e/datanode-3/data/ratis/9297cb0a-2863-48bd-8ed0-ea947270c03e does not exist. Creating ...
2023-01-06 14:00:12,420 [pool-140-thread-1] INFO  storage.RaftStorageDirectory (RaftStorageDirectoryImpl.java:tryLock(231)) - Lock on /home/runner/work/ozone/ozone/hadoop-ozone/integration-test/target/test-dir/MiniOzoneClusterImpl-2de58cfc-ec7c-41ac-af7d-ad40b55ccb4e/datanode-3/data/ratis/9297cb0a-2863-48bd-8ed0-ea947270c03e/in_use.lock acquired by nodename 71639@fv-az28-147
2023-01-06 14:00:12,421 [pool-140-thread-1] INFO  storage.RaftStorage (RaftStorageImpl.java:format(96)) - Storage directory /home/runner/work/ozone/ozone/hadoop-ozone/integration-test/target/test-dir/MiniOzoneClusterImpl-2de58cfc-ec7c-41ac-af7d-ad40b55ccb4e/datanode-3/data/ratis/9297cb0a-2863-48bd-8ed0-ea947270c03e has been successfully formatted.
2023-01-06 14:00:12,422 [pool-140-thread-1] INFO  ratis.ContainerStateMachine (ContainerStateMachine.java:loadSnapshot(240)) - group-EA947270C03E: The snapshot info is null. Setting the last applied indexto:(t:0, i:~)
2023-01-06 14:00:12,422 [pool-140-thread-1] INFO  server.RaftServerConfigKeys (ConfUtils.java:logGet(46)) - raft.server.log.use.memory = false (default)
2023-01-06 14:00:12,422 [pool-140-thread-1] INFO  server.RaftServerConfigKeys (ConfUtils.java:logGet(46)) - raft.server.log.purge.gap = 1000000 (custom)
2023-01-06 14:00:12,422 [pool-140-thread-1] INFO  server.RaftServerConfigKeys (ConfUtils.java:logGet(46)) - raft.server.log.appender.buffer.byte-limit = 33554432 (custom)
2023-01-06 14:00:12,422 [pool-140-thread-1] INFO  server.RaftServerConfigKeys (ConfUtils.java:logGet(46)) - raft.server.log.statemachine.data.read.timeout = 1000ms (default)
2023-01-06 14:00:12,422 [pool-140-thread-1] INFO  server.RaftServerConfigKeys (ConfUtils.java:logGet(46)) - raft.server.log.purge.preservation.log.num = 0 (default)
2023-01-06 14:00:12,426 [EventQueue-PipelineReportForPipelineReportHandler] INFO  pipeline.PipelineManagerImpl (PipelineManagerImpl.java:openPipeline(367)) - Pipeline Pipeline[ Id: 9297cb0a-2863-48bd-8ed0-ea947270c03e, Nodes: e32a88af-9633-4d64-a8b2-4f5c257759a0{ip: 10.1.0.26, host: fv-az28-147.ycjfjujedjyu5lezsnvlijijec.cx.internal.cloudapp.net, ports: [REPLICATION=36493, RATIS=34063, RATIS_ADMIN=34063, RATIS_SERVER=34063, RATIS_DATASTREAM=41351, STANDALONE=35571], networkLocation: /default-rack, certSerialId: null, persistedOpState: IN_SERVICE, persistedOpStateExpiryEpochSec: 0}, ReplicationConfig: RATIS/ONE, State:ALLOCATED, leaderId:e32a88af-9633-4d64-a8b2-4f5c257759a0, CreationTimestamp2023-01-06T14:00:09.419Z[Etc/UTC]] moved to OPEN state
2023-01-06 14:00:12,426 [EventQueue-OpenPipelineForHealthyPipelineSafeModeRule] INFO  safemode.SCMSafeModeManager (HealthyPipelineSafeModeRule.java:process(137)) - SCM in safe mode. Healthy pipelines reported count is 0, required healthy pipeline reported count is 1
2023-01-06 14:00:12,427 [pool-140-thread-1] INFO  server.RaftServerConfigKeys (ConfUtils.java:logGet(46)) - raft.server.log.segment.size.max = 1048576 (custom)
2023-01-06 14:00:12,428 [pool-140-thread-1] INFO  server.RaftServerConfigKeys (ConfUtils.java:logGet(46)) - raft.server.log.segment.cache.num.max = 2 (custom)
2023-01-06 14:00:12,428 [pool-140-thread-1] INFO  server.RaftServerConfigKeys (ConfUtils.java:logGet(46)) - raft.server.log.segment.cache.size.max = 200MB (=209715200) (default)
2023-01-06 14:00:12,429 [pool-140-thread-1] INFO  segmented.SegmentedRaftLogWorker (SegmentedRaftLogWorker.java:<init>(189)) - new e32a88af-9633-4d64-a8b2-4f5c257759a0@group-EA947270C03E-SegmentedRaftLogWorker for RaftStorageImpl:Storage Directory /home/runner/work/ozone/ozone/hadoop-ozone/integration-test/target/test-dir/MiniOzoneClusterImpl-2de58cfc-ec7c-41ac-af7d-ad40b55ccb4e/datanode-3/data/ratis/9297cb0a-2863-48bd-8ed0-ea947270c03e
2023-01-06 14:00:12,429 [pool-140-thread-1] INFO  server.RaftServerConfigKeys (ConfUtils.java:logGet(46)) - raft.server.log.queue.byte-limit = 4294967296 (custom)
2023-01-06 14:00:12,429 [pool-140-thread-1] INFO  server.RaftServerConfigKeys (ConfUtils.java:logGet(46)) - raft.server.log.queue.element-limit = 1024 (custom)
2023-01-06 14:00:12,429 [pool-140-thread-1] INFO  server.RaftServerConfigKeys (ConfUtils.java:logGet(46)) - raft.server.log.segment.size.max = 1048576 (custom)
2023-01-06 14:00:12,429 [pool-140-thread-1] INFO  server.RaftServerConfigKeys (ConfUtils.java:logGet(46)) - raft.server.log.preallocated.size = 16384 (custom)
2023-01-06 14:00:12,429 [pool-140-thread-1] INFO  server.RaftServerConfigKeys (ConfUtils.java:logGet(46)) - raft.server.log.force.sync.num = 128 (default)
2023-01-06 14:00:12,429 [pool-140-thread-1] INFO  server.RaftServerConfigKeys (ConfUtils.java:logGet(46)) - raft.server.log.statemachine.data.sync = true (default)
2023-01-06 14:00:12,429 [pool-140-thread-1] INFO  server.RaftServerConfigKeys (ConfUtils.java:logGet(46)) - raft.server.log.statemachine.data.sync.timeout = 10s (default)
2023-01-06 14:00:12,429 [pool-140-thread-1] INFO  server.RaftServerConfigKeys (ConfUtils.java:logGet(46)) - raft.server.log.statemachine.data.sync.timeout.retry = -1 (default)
2023-01-06 14:00:12,431 [pool-140-thread-1] INFO  server.RaftServerConfigKeys (ConfUtils.java:logGet(46)) - raft.server.log.write.buffer.size = 1048576 (custom)
2023-01-06 14:00:12,433 [pool-140-thread-1] INFO  server.RaftServerConfigKeys (ConfUtils.java:logGet(46)) - raft.server.log.appender.buffer.byte-limit = 33554432 (custom)
2023-01-06 14:00:12,435 [pool-140-thread-1] INFO  server.RaftServerConfigKeys (ConfUtils.java:logGet(46)) - raft.server.log.unsafe-flush.enabled = false (default)
2023-01-06 14:00:12,435 [pool-140-thread-1] INFO  server.RaftServerConfigKeys (ConfUtils.java:logGet(46)) - raft.server.log.async-flush.enabled = false (default)
2023-01-06 14:00:12,435 [pool-140-thread-1] INFO  server.RaftServerConfigKeys (ConfUtils.java:logGet(46)) - raft.server.log.statemachine.data.caching.enabled = true (custom)
2023-01-06 14:00:12,435 [pool-140-thread-1] INFO  segmented.SegmentedRaftLogWorker (SegmentedRaftLogWorker.java:lambda$new$0(135)) - e32a88af-9633-4d64-a8b2-4f5c257759a0@group-EA947270C03E-SegmentedRaftLogWorker: flushIndex: setUnconditionally 0 -> -1
2023-01-06 14:00:12,436 [pool-140-thread-1] INFO  segmented.SegmentedRaftLogWorker (SegmentedRaftLogWorker.java:lambda$new$0(135)) - e32a88af-9633-4d64-a8b2-4f5c257759a0@group-EA947270C03E-SegmentedRaftLogWorker: safeCacheEvictIndex: setUnconditionally 0 -> -1
2023-01-06 14:00:12,436 [pool-140-thread-1] INFO  server.RaftServer$Division (RaftServerImpl.java:start(334)) - e32a88af-9633-4d64-a8b2-4f5c257759a0@group-EA947270C03E: start as a follower, conf=-1: peers:[e32a88af-9633-4d64-a8b2-4f5c257759a0|rpc:10.1.0.26:34063|dataStream:10.1.0.26:41351|priority:1|startupRole:FOLLOWER]|listeners:[], old=null
2023-01-06 14:00:12,437 [pool-140-thread-1] INFO  server.RaftServer$Division (RaftServerImpl.java:setRole(321)) - e32a88af-9633-4d64-a8b2-4f5c257759a0@group-EA947270C03E: changes role from      null to FOLLOWER at term 0 for startAsFollower
2023-01-06 14:00:12,437 [pool-140-thread-1] INFO  impl.RoleInfo (RoleInfo.java:updateAndGet(139)) - e32a88af-9633-4d64-a8b2-4f5c257759a0: start e32a88af-9633-4d64-a8b2-4f5c257759a0@group-EA947270C03E-FollowerState
2023-01-06 14:00:12,443 [e32a88af-9633-4d64-a8b2-4f5c257759a0@group-EA947270C03E-FollowerState] INFO  server.RaftServerConfigKeys (ConfUtils.java:logFallback(53)) - raft.server.rpc.first-election.timeout.min = 5s (fallback to raft.server.rpc.timeout.min)
2023-01-06 14:00:12,443 [e32a88af-9633-4d64-a8b2-4f5c257759a0@group-EA947270C03E-FollowerState] INFO  server.RaftServerConfigKeys (ConfUtils.java:logFallback(53)) - raft.server.rpc.first-election.timeout.max = 5200ms (fallback to raft.server.rpc.timeout.max)
2023-01-06 14:00:12,444 [pool-140-thread-1] INFO  util.JmxRegister (JmxRegister.java:tryRegister(44)) - Successfully registered JMX Bean with object name Ratis:service=RaftServer,group=group-EA947270C03E,id=e32a88af-9633-4d64-a8b2-4f5c257759a0
2023-01-06 14:00:12,444 [pool-140-thread-1] INFO  server.RaftServerConfigKeys (ConfUtils.java:logGet(46)) - raft.server.snapshot.auto.trigger.enabled = true (custom)
2023-01-06 14:00:12,444 [pool-140-thread-1] INFO  server.RaftServerConfigKeys (ConfUtils.java:logGet(46)) - raft.server.snapshot.auto.trigger.threshold = 10000 (custom)
2023-01-06 14:00:12,444 [pool-140-thread-1] INFO  server.RaftServerConfigKeys (ConfUtils.java:logGet(46)) - raft.server.snapshot.retention.file.num = 5 (custom)
2023-01-06 14:00:12,444 [pool-140-thread-1] INFO  server.RaftServerConfigKeys (ConfUtils.java:logGet(46)) - raft.server.log.purge.upto.snapshot.index = false (default)
2023-01-06 14:00:12,449 [Command processor thread] INFO  ratis.XceiverServerRatis (XceiverServerRatis.java:addGroup(806)) - Created group PipelineID=9297cb0a-2863-48bd-8ed0-ea947270c03e
2023-01-06 14:00:12,449 [Command processor thread] INFO  commandhandler.CreatePipelineCommandHandler (CreatePipelineCommandHandler.java:handle(113)) - Created Pipeline RATIS ONE PipelineID=9297cb0a-2863-48bd-8ed0-ea947270c03e.
2023-01-06 14:00:12,449 [Command processor thread] INFO  server.RaftServer (RaftServerProxy.java:addNew(96)) - e32a88af-9633-4d64-a8b2-4f5c257759a0: addNew group-1C40786C362B:[e32a88af-9633-4d64-a8b2-4f5c257759a0|rpc:10.1.0.26:34063|dataStream:10.1.0.26:41351|priority:0|startupRole:FOLLOWER, 4b735870-47c9-40f5-bf86-6fbe739ba238|rpc:10.1.0.26:40757|dataStream:10.1.0.26:34319|priority:0|startupRole:FOLLOWER, 2cd9f762-1be0-4b34-89df-a8822a289ddb|rpc:10.1.0.26:43125|dataStream:10.1.0.26:32929|priority:1|startupRole:FOLLOWER] returns group-1C40786C362B:java.util.concurrent.CompletableFuture@6dc63cec[Not completed]
2023-01-06 14:00:12,450 [pool-140-thread-1] INFO  server.RaftServer$Division (RaftServerImpl.java:<init>(195)) - e32a88af-9633-4d64-a8b2-4f5c257759a0: new RaftServerImpl for group-1C40786C362B:[e32a88af-9633-4d64-a8b2-4f5c257759a0|rpc:10.1.0.26:34063|dataStream:10.1.0.26:41351|priority:0|startupRole:FOLLOWER, 4b735870-47c9-40f5-bf86-6fbe739ba238|rpc:10.1.0.26:40757|dataStream:10.1.0.26:34319|priority:0|startupRole:FOLLOWER, 2cd9f762-1be0-4b34-89df-a8822a289ddb|rpc:10.1.0.26:43125|dataStream:10.1.0.26:32929|priority:1|startupRole:FOLLOWER] with ContainerStateMachine:uninitialized
2023-01-06 14:00:12,450 [pool-140-thread-1] INFO  server.RaftServerConfigKeys (ConfUtils.java:logGet(46)) - raft.server.rpc.timeout.min = 5s (custom)
2023-01-06 14:00:12,450 [pool-140-thread-1] INFO  server.RaftServerConfigKeys (ConfUtils.java:logGet(46)) - raft.server.rpc.timeout.max = 5200ms (custom)
2023-01-06 14:00:12,450 [pool-140-thread-1] INFO  server.RaftServerConfigKeys (ConfUtils.java:logGet(46)) - raft.server.rpc.sleep.time = 25ms (default)
2023-01-06 14:00:12,450 [pool-140-thread-1] INFO  server.RaftServerConfigKeys (ConfUtils.java:logGet(46)) - raft.server.rpc.slowness.timeout = 300s (custom)
2023-01-06 14:00:12,450 [pool-140-thread-1] INFO  server.RaftServerConfigKeys (ConfUtils.java:logGet(46)) - raft.server.leaderelection.leader.step-down.wait-time = 10s (default)
2023-01-06 14:00:12,450 [pool-140-thread-1] INFO  server.RaftServerConfigKeys (ConfUtils.java:logGet(46)) - raft.server.sleep.deviation.threshold = 300ms (default)
2023-01-06 14:00:12,450 [pool-140-thread-1] INFO  server.RaftServer$Division (ServerState.java:<init>(118)) - e32a88af-9633-4d64-a8b2-4f5c257759a0@group-1C40786C362B: ConfigurationManager, init=-1: peers:[e32a88af-9633-4d64-a8b2-4f5c257759a0|rpc:10.1.0.26:34063|dataStream:10.1.0.26:41351|priority:0|startupRole:FOLLOWER, 4b735870-47c9-40f5-bf86-6fbe739ba238|rpc:10.1.0.26:40757|dataStream:10.1.0.26:34319|priority:0|startupRole:FOLLOWER, 2cd9f762-1be0-4b34-89df-a8822a289ddb|rpc:10.1.0.26:43125|dataStream:10.1.0.26:32929|priority:1|startupRole:FOLLOWER]|listeners:[], old=null, confs=<EMPTY_MAP>
2023-01-06 14:00:12,450 [pool-140-thread-1] INFO  server.RaftServerConfigKeys (ConfUtils.java:logGet(46)) - raft.server.storage.dir = [/home/runner/work/ozone/ozone/hadoop-ozone/integration-test/target/test-dir/MiniOzoneClusterImpl-2de58cfc-ec7c-41ac-af7d-ad40b55ccb4e/datanode-3/data/ratis] (custom)
2023-01-06 14:00:12,451 [pool-140-thread-1] INFO  server.RaftServerConfigKeys (ConfUtils.java:logGet(46)) - raft.server.log.corruption.policy = EXCEPTION (default)
2023-01-06 14:00:12,451 [pool-140-thread-1] INFO  server.RaftServerConfigKeys (ConfUtils.java:logGet(46)) - raft.server.storage.free-space.min = 0MB (=0) (default)
2023-01-06 14:00:12,451 [pool-140-thread-1] INFO  server.RaftServerConfigKeys (ConfUtils.java:logGet(46)) - raft.server.notification.no-leader.timeout = 300s (custom)
2023-01-06 14:00:12,451 [pool-140-thread-1] INFO  server.RaftServerConfigKeys (ConfUtils.java:logGet(46)) - raft.server.retrycache.expirytime = 600000ms (custom)
2023-01-06 14:00:12,451 [pool-140-thread-1] INFO  server.RaftServerConfigKeys (ConfUtils.java:logGet(46)) - raft.server.retrycache.statistics.expirytime = 100μs (default)
2023-01-06 14:00:12,452 [pool-140-thread-1] INFO  server.RaftServerConfigKeys (ConfUtils.java:logGet(46)) - raft.server.log.appender.install.snapshot.enabled = false (custom)
2023-01-06 14:00:12,452 [pool-140-thread-1] INFO  server.RaftServerConfigKeys (ConfUtils.java:logGet(46)) - raft.server.threadpool.server.cached = true (default)
2023-01-06 14:00:12,452 [pool-140-thread-1] INFO  server.RaftServerConfigKeys (ConfUtils.java:logGet(46)) - raft.server.threadpool.server.size = 0 (default)
2023-01-06 14:00:12,452 [pool-140-thread-1] INFO  server.RaftServerConfigKeys (ConfUtils.java:logGet(46)) - raft.server.threadpool.client.cached = true (default)
2023-01-06 14:00:12,452 [pool-140-thread-1] INFO  server.RaftServerConfigKeys (ConfUtils.java:logGet(46)) - raft.server.threadpool.client.size = 0 (default)
2023-01-06 14:00:12,452 [pool-140-thread-1] INFO  storage.RaftStorageDirectory (RaftStorageDirectoryImpl.java:analyzeStorage(137)) - The storage directory /home/runner/work/ozone/ozone/hadoop-ozone/integration-test/target/test-dir/MiniOzoneClusterImpl-2de58cfc-ec7c-41ac-af7d-ad40b55ccb4e/datanode-3/data/ratis/b1641b7a-705b-4899-b89b-1c40786c362b does not exist. Creating ...
2023-01-06 14:00:12,453 [pool-140-thread-1] INFO  storage.RaftStorageDirectory (RaftStorageDirectoryImpl.java:tryLock(231)) - Lock on /home/runner/work/ozone/ozone/hadoop-ozone/integration-test/target/test-dir/MiniOzoneClusterImpl-2de58cfc-ec7c-41ac-af7d-ad40b55ccb4e/datanode-3/data/ratis/b1641b7a-705b-4899-b89b-1c40786c362b/in_use.lock acquired by nodename 71639@fv-az28-147
2023-01-06 14:00:12,454 [pool-140-thread-1] INFO  storage.RaftStorage (RaftStorageImpl.java:format(96)) - Storage directory /home/runner/work/ozone/ozone/hadoop-ozone/integration-test/target/test-dir/MiniOzoneClusterImpl-2de58cfc-ec7c-41ac-af7d-ad40b55ccb4e/datanode-3/data/ratis/b1641b7a-705b-4899-b89b-1c40786c362b has been successfully formatted.
2023-01-06 14:00:12,455 [pool-140-thread-1] INFO  ratis.ContainerStateMachine (ContainerStateMachine.java:loadSnapshot(240)) - group-1C40786C362B: The snapshot info is null. Setting the last applied indexto:(t:0, i:~)
2023-01-06 14:00:12,455 [pool-140-thread-1] INFO  server.RaftServerConfigKeys (ConfUtils.java:logGet(46)) - raft.server.log.use.memory = false (default)
2023-01-06 14:00:12,456 [pool-140-thread-1] INFO  server.RaftServerConfigKeys (ConfUtils.java:logGet(46)) - raft.server.log.purge.gap = 1000000 (custom)
2023-01-06 14:00:12,456 [pool-140-thread-1] INFO  server.RaftServerConfigKeys (ConfUtils.java:logGet(46)) - raft.server.log.appender.buffer.byte-limit = 33554432 (custom)
2023-01-06 14:00:12,456 [pool-140-thread-1] INFO  server.RaftServerConfigKeys (ConfUtils.java:logGet(46)) - raft.server.log.statemachine.data.read.timeout = 1000ms (default)
2023-01-06 14:00:12,456 [pool-140-thread-1] INFO  server.RaftServerConfigKeys (ConfUtils.java:logGet(46)) - raft.server.log.purge.preservation.log.num = 0 (default)
2023-01-06 14:00:12,456 [pool-140-thread-1] INFO  server.RaftServerConfigKeys (ConfUtils.java:logGet(46)) - raft.server.log.segment.size.max = 1048576 (custom)
2023-01-06 14:00:12,457 [pool-140-thread-1] INFO  server.RaftServerConfigKeys (ConfUtils.java:logGet(46)) - raft.server.log.segment.cache.num.max = 2 (custom)
2023-01-06 14:00:12,457 [EventQueue-OpenPipelineForHealthyPipelineSafeModeRule] INFO  safemode.SCMSafeModeManager (HealthyPipelineSafeModeRule.java:process(137)) - SCM in safe mode. Healthy pipelines reported count is 0, required healthy pipeline reported count is 1
2023-01-06 14:00:12,457 [pool-140-thread-1] INFO  server.RaftServerConfigKeys (ConfUtils.java:logGet(46)) - raft.server.log.segment.cache.size.max = 200MB (=209715200) (default)
2023-01-06 14:00:12,459 [pool-140-thread-1] INFO  segmented.SegmentedRaftLogWorker (SegmentedRaftLogWorker.java:<init>(189)) - new e32a88af-9633-4d64-a8b2-4f5c257759a0@group-1C40786C362B-SegmentedRaftLogWorker for RaftStorageImpl:Storage Directory /home/runner/work/ozone/ozone/hadoop-ozone/integration-test/target/test-dir/MiniOzoneClusterImpl-2de58cfc-ec7c-41ac-af7d-ad40b55ccb4e/datanode-3/data/ratis/b1641b7a-705b-4899-b89b-1c40786c362b
2023-01-06 14:00:12,459 [pool-140-thread-1] INFO  server.RaftServerConfigKeys (ConfUtils.java:logGet(46)) - raft.server.log.queue.byte-limit = 4294967296 (custom)
2023-01-06 14:00:12,459 [pool-140-thread-1] INFO  server.RaftServerConfigKeys (ConfUtils.java:logGet(46)) - raft.server.log.queue.element-limit = 1024 (custom)
2023-01-06 14:00:12,459 [pool-140-thread-1] INFO  server.RaftServerConfigKeys (ConfUtils.java:logGet(46)) - raft.server.log.segment.size.max = 1048576 (custom)
2023-01-06 14:00:12,459 [pool-140-thread-1] INFO  server.RaftServerConfigKeys (ConfUtils.java:logGet(46)) - raft.server.log.preallocated.size = 16384 (custom)
2023-01-06 14:00:12,459 [pool-140-thread-1] INFO  server.RaftServerConfigKeys (ConfUtils.java:logGet(46)) - raft.server.log.force.sync.num = 128 (default)
2023-01-06 14:00:12,459 [pool-140-thread-1] INFO  server.RaftServerConfigKeys (ConfUtils.java:logGet(46)) - raft.server.log.statemachine.data.sync = true (default)
2023-01-06 14:00:12,459 [pool-140-thread-1] INFO  server.RaftServerConfigKeys (ConfUtils.java:logGet(46)) - raft.server.log.statemachine.data.sync.timeout = 10s (default)
2023-01-06 14:00:12,459 [pool-140-thread-1] INFO  server.RaftServerConfigKeys (ConfUtils.java:logGet(46)) - raft.server.log.statemachine.data.sync.timeout.retry = -1 (default)
2023-01-06 14:00:12,460 [pool-140-thread-1] INFO  server.RaftServerConfigKeys (ConfUtils.java:logGet(46)) - raft.server.log.write.buffer.size = 1048576 (custom)
2023-01-06 14:00:12,460 [pool-140-thread-1] INFO  server.RaftServerConfigKeys (ConfUtils.java:logGet(46)) - raft.server.log.appender.buffer.byte-limit = 33554432 (custom)
2023-01-06 14:00:12,463 [pool-140-thread-1] INFO  server.RaftServerConfigKeys (ConfUtils.java:logGet(46)) - raft.server.log.unsafe-flush.enabled = false (default)
2023-01-06 14:00:12,463 [pool-140-thread-1] INFO  server.RaftServerConfigKeys (ConfUtils.java:logGet(46)) - raft.server.log.async-flush.enabled = false (default)
2023-01-06 14:00:12,463 [pool-140-thread-1] INFO  server.RaftServerConfigKeys (ConfUtils.java:logGet(46)) - raft.server.log.statemachine.data.caching.enabled = true (custom)
2023-01-06 14:00:12,463 [pool-140-thread-1] INFO  segmented.SegmentedRaftLogWorker (SegmentedRaftLogWorker.java:lambda$new$0(135)) - e32a88af-9633-4d64-a8b2-4f5c257759a0@group-1C40786C362B-SegmentedRaftLogWorker: flushIndex: setUnconditionally 0 -> -1
2023-01-06 14:00:12,463 [pool-140-thread-1] INFO  segmented.SegmentedRaftLogWorker (SegmentedRaftLogWorker.java:lambda$new$0(135)) - e32a88af-9633-4d64-a8b2-4f5c257759a0@group-1C40786C362B-SegmentedRaftLogWorker: safeCacheEvictIndex: setUnconditionally 0 -> -1
2023-01-06 14:00:12,463 [pool-140-thread-1] INFO  server.RaftServer$Division (RaftServerImpl.java:start(334)) - e32a88af-9633-4d64-a8b2-4f5c257759a0@group-1C40786C362B: start as a follower, conf=-1: peers:[e32a88af-9633-4d64-a8b2-4f5c257759a0|rpc:10.1.0.26:34063|dataStream:10.1.0.26:41351|priority:0|startupRole:FOLLOWER, 4b735870-47c9-40f5-bf86-6fbe739ba238|rpc:10.1.0.26:40757|dataStream:10.1.0.26:34319|priority:0|startupRole:FOLLOWER, 2cd9f762-1be0-4b34-89df-a8822a289ddb|rpc:10.1.0.26:43125|dataStream:10.1.0.26:32929|priority:1|startupRole:FOLLOWER]|listeners:[], old=null
2023-01-06 14:00:12,463 [pool-140-thread-1] INFO  server.RaftServer$Division (RaftServerImpl.java:setRole(321)) - e32a88af-9633-4d64-a8b2-4f5c257759a0@group-1C40786C362B: changes role from      null to FOLLOWER at term 0 for startAsFollower
2023-01-06 14:00:12,463 [pool-140-thread-1] INFO  impl.RoleInfo (RoleInfo.java:updateAndGet(139)) - e32a88af-9633-4d64-a8b2-4f5c257759a0: start e32a88af-9633-4d64-a8b2-4f5c257759a0@group-1C40786C362B-FollowerState
2023-01-06 14:00:12,464 [pool-140-thread-1] INFO  util.JmxRegister (JmxRegister.java:tryRegister(44)) - Successfully registered JMX Bean with object name Ratis:service=RaftServer,group=group-1C40786C362B,id=e32a88af-9633-4d64-a8b2-4f5c257759a0
2023-01-06 14:00:12,464 [pool-140-thread-1] INFO  server.RaftServerConfigKeys (ConfUtils.java:logGet(46)) - raft.server.snapshot.auto.trigger.enabled = true (custom)
2023-01-06 14:00:12,464 [pool-140-thread-1] INFO  server.RaftServerConfigKeys (ConfUtils.java:logGet(46)) - raft.server.snapshot.auto.trigger.threshold = 10000 (custom)
2023-01-06 14:00:12,464 [pool-140-thread-1] INFO  server.RaftServerConfigKeys (ConfUtils.java:logGet(46)) - raft.server.snapshot.retention.file.num = 5 (custom)
2023-01-06 14:00:12,464 [pool-140-thread-1] INFO  server.RaftServerConfigKeys (ConfUtils.java:logGet(46)) - raft.server.log.purge.upto.snapshot.index = false (default)
2023-01-06 14:00:12,464 [e32a88af-9633-4d64-a8b2-4f5c257759a0@group-1C40786C362B-FollowerState] INFO  server.RaftServerConfigKeys (ConfUtils.java:logFallback(53)) - raft.server.rpc.first-election.timeout.min = 5s (fallback to raft.server.rpc.timeout.min)
2023-01-06 14:00:12,465 [Command processor thread] INFO  ratis.XceiverServerRatis (XceiverServerRatis.java:addGroup(806)) - Created group PipelineID=b1641b7a-705b-4899-b89b-1c40786c362b
2023-01-06 14:00:12,471 [e32a88af-9633-4d64-a8b2-4f5c257759a0@group-1C40786C362B-FollowerState] INFO  server.RaftServerConfigKeys (ConfUtils.java:logFallback(53)) - raft.server.rpc.first-election.timeout.max = 5200ms (fallback to raft.server.rpc.timeout.max)
2023-01-06 14:00:12,475 [grpc-default-executor-1] INFO  server.RaftServer (RaftServerProxy.java:addNew(96)) - 2cd9f762-1be0-4b34-89df-a8822a289ddb: addNew group-1C40786C362B:[e32a88af-9633-4d64-a8b2-4f5c257759a0|rpc:10.1.0.26:34063|dataStream:10.1.0.26:41351|priority:0|startupRole:FOLLOWER, 4b735870-47c9-40f5-bf86-6fbe739ba238|rpc:10.1.0.26:40757|dataStream:10.1.0.26:34319|priority:0|startupRole:FOLLOWER, 2cd9f762-1be0-4b34-89df-a8822a289ddb|rpc:10.1.0.26:43125|dataStream:10.1.0.26:32929|priority:1|startupRole:FOLLOWER] returns group-1C40786C362B:java.util.concurrent.CompletableFuture@6198a658[Not completed]
2023-01-06 14:00:12,476 [pool-186-thread-1] INFO  server.RaftServer$Division (RaftServerImpl.java:<init>(195)) - 2cd9f762-1be0-4b34-89df-a8822a289ddb: new RaftServerImpl for group-1C40786C362B:[e32a88af-9633-4d64-a8b2-4f5c257759a0|rpc:10.1.0.26:34063|dataStream:10.1.0.26:41351|priority:0|startupRole:FOLLOWER, 4b735870-47c9-40f5-bf86-6fbe739ba238|rpc:10.1.0.26:40757|dataStream:10.1.0.26:34319|priority:0|startupRole:FOLLOWER, 2cd9f762-1be0-4b34-89df-a8822a289ddb|rpc:10.1.0.26:43125|dataStream:10.1.0.26:32929|priority:1|startupRole:FOLLOWER] with ContainerStateMachine:uninitialized
2023-01-06 14:00:12,477 [pool-186-thread-1] INFO  server.RaftServerConfigKeys (ConfUtils.java:logGet(46)) - raft.server.rpc.timeout.min = 5s (custom)
2023-01-06 14:00:12,477 [pool-186-thread-1] INFO  server.RaftServerConfigKeys (ConfUtils.java:logGet(46)) - raft.server.rpc.timeout.max = 5200ms (custom)
2023-01-06 14:00:12,477 [pool-186-thread-1] INFO  server.RaftServerConfigKeys (ConfUtils.java:logGet(46)) - raft.server.rpc.sleep.time = 25ms (default)
2023-01-06 14:00:12,477 [pool-186-thread-1] INFO  server.RaftServerConfigKeys (ConfUtils.java:logGet(46)) - raft.server.rpc.slowness.timeout = 300s (custom)
2023-01-06 14:00:12,477 [pool-186-thread-1] INFO  server.RaftServerConfigKeys (ConfUtils.java:logGet(46)) - raft.server.leaderelection.leader.step-down.wait-time = 10s (default)
2023-01-06 14:00:12,477 [pool-186-thread-1] INFO  server.RaftServerConfigKeys (ConfUtils.java:logGet(46)) - raft.server.sleep.deviation.threshold = 300ms (default)
2023-01-06 14:00:12,477 [pool-186-thread-1] INFO  server.RaftServer$Division (ServerState.java:<init>(118)) - 2cd9f762-1be0-4b34-89df-a8822a289ddb@group-1C40786C362B: ConfigurationManager, init=-1: peers:[e32a88af-9633-4d64-a8b2-4f5c257759a0|rpc:10.1.0.26:34063|dataStream:10.1.0.26:41351|priority:0|startupRole:FOLLOWER, 4b735870-47c9-40f5-bf86-6fbe739ba238|rpc:10.1.0.26:40757|dataStream:10.1.0.26:34319|priority:0|startupRole:FOLLOWER, 2cd9f762-1be0-4b34-89df-a8822a289ddb|rpc:10.1.0.26:43125|dataStream:10.1.0.26:32929|priority:1|startupRole:FOLLOWER]|listeners:[], old=null, confs=<EMPTY_MAP>
2023-01-06 14:00:12,477 [pool-186-thread-1] INFO  server.RaftServerConfigKeys (ConfUtils.java:logGet(46)) - raft.server.storage.dir = [/home/runner/work/ozone/ozone/hadoop-ozone/integration-test/target/test-dir/MiniOzoneClusterImpl-2de58cfc-ec7c-41ac-af7d-ad40b55ccb4e/datanode-5/data/ratis] (custom)
2023-01-06 14:00:12,477 [pool-186-thread-1] INFO  server.RaftServerConfigKeys (ConfUtils.java:logGet(46)) - raft.server.log.corruption.policy = EXCEPTION (default)
2023-01-06 14:00:12,477 [pool-186-thread-1] INFO  server.RaftServerConfigKeys (ConfUtils.java:logGet(46)) - raft.server.storage.free-space.min = 0MB (=0) (default)
2023-01-06 14:00:12,477 [pool-186-thread-1] INFO  server.RaftServerConfigKeys (ConfUtils.java:logGet(46)) - raft.server.notification.no-leader.timeout = 300s (custom)
2023-01-06 14:00:12,477 [pool-186-thread-1] INFO  server.RaftServerConfigKeys (ConfUtils.java:logGet(46)) - raft.server.retrycache.expirytime = 600000ms (custom)
2023-01-06 14:00:12,477 [pool-186-thread-1] INFO  server.RaftServerConfigKeys (ConfUtils.java:logGet(46)) - raft.server.retrycache.statistics.expirytime = 100μs (default)
2023-01-06 14:00:12,479 [pool-186-thread-1] INFO  server.RaftServerConfigKeys (ConfUtils.java:logGet(46)) - raft.server.log.appender.install.snapshot.enabled = false (custom)
2023-01-06 14:00:12,479 [pool-186-thread-1] INFO  server.RaftServerConfigKeys (ConfUtils.java:logGet(46)) - raft.server.threadpool.server.cached = true (default)
2023-01-06 14:00:12,479 [pool-186-thread-1] INFO  server.RaftServerConfigKeys (ConfUtils.java:logGet(46)) - raft.server.threadpool.server.size = 0 (default)
2023-01-06 14:00:12,479 [pool-186-thread-1] INFO  server.RaftServerConfigKeys (ConfUtils.java:logGet(46)) - raft.server.threadpool.client.cached = true (default)
2023-01-06 14:00:12,479 [pool-186-thread-1] INFO  server.RaftServerConfigKeys (ConfUtils.java:logGet(46)) - raft.server.threadpool.client.size = 0 (default)
2023-01-06 14:00:12,479 [pool-186-thread-1] INFO  storage.RaftStorageDirectory (RaftStorageDirectoryImpl.java:analyzeStorage(137)) - The storage directory /home/runner/work/ozone/ozone/hadoop-ozone/integration-test/target/test-dir/MiniOzoneClusterImpl-2de58cfc-ec7c-41ac-af7d-ad40b55ccb4e/datanode-5/data/ratis/b1641b7a-705b-4899-b89b-1c40786c362b does not exist. Creating ...
2023-01-06 14:00:12,480 [pool-186-thread-1] INFO  storage.RaftStorageDirectory (RaftStorageDirectoryImpl.java:tryLock(231)) - Lock on /home/runner/work/ozone/ozone/hadoop-ozone/integration-test/target/test-dir/MiniOzoneClusterImpl-2de58cfc-ec7c-41ac-af7d-ad40b55ccb4e/datanode-5/data/ratis/b1641b7a-705b-4899-b89b-1c40786c362b/in_use.lock acquired by nodename 71639@fv-az28-147
2023-01-06 14:00:12,482 [pool-186-thread-1] INFO  storage.RaftStorage (RaftStorageImpl.java:format(96)) - Storage directory /home/runner/work/ozone/ozone/hadoop-ozone/integration-test/target/test-dir/MiniOzoneClusterImpl-2de58cfc-ec7c-41ac-af7d-ad40b55ccb4e/datanode-5/data/ratis/b1641b7a-705b-4899-b89b-1c40786c362b has been successfully formatted.
2023-01-06 14:00:12,484 [pool-186-thread-1] INFO  ratis.ContainerStateMachine (ContainerStateMachine.java:loadSnapshot(240)) - group-1C40786C362B: The snapshot info is null. Setting the last applied indexto:(t:0, i:~)
2023-01-06 14:00:12,484 [pool-186-thread-1] INFO  server.RaftServerConfigKeys (ConfUtils.java:logGet(46)) - raft.server.log.use.memory = false (default)
2023-01-06 14:00:12,484 [pool-186-thread-1] INFO  server.RaftServerConfigKeys (ConfUtils.java:logGet(46)) - raft.server.log.purge.gap = 1000000 (custom)
2023-01-06 14:00:12,484 [pool-186-thread-1] INFO  server.RaftServerConfigKeys (ConfUtils.java:logGet(46)) - raft.server.log.appender.buffer.byte-limit = 33554432 (custom)
2023-01-06 14:00:12,484 [pool-186-thread-1] INFO  server.RaftServerConfigKeys (ConfUtils.java:logGet(46)) - raft.server.log.statemachine.data.read.timeout = 1000ms (default)
2023-01-06 14:00:12,484 [pool-186-thread-1] INFO  server.RaftServerConfigKeys (ConfUtils.java:logGet(46)) - raft.server.log.purge.preservation.log.num = 0 (default)
2023-01-06 14:00:12,486 [pool-186-thread-1] INFO  server.RaftServerConfigKeys (ConfUtils.java:logGet(46)) - raft.server.log.segment.size.max = 1048576 (custom)
2023-01-06 14:00:12,486 [pool-186-thread-1] INFO  server.RaftServerConfigKeys (ConfUtils.java:logGet(46)) - raft.server.log.segment.cache.num.max = 2 (custom)
2023-01-06 14:00:12,488 [Listener at 127.0.0.1/40279] INFO  ozone.MiniOzoneClusterImpl (MiniOzoneClusterImpl.java:lambda$waitForClusterToBeReady$0(217)) - Nodes are ready. Got 7 of 7 DN Heartbeats.
2023-01-06 14:00:12,489 [Listener at 127.0.0.1/40279] INFO  ozone.MiniOzoneClusterImpl (MiniOzoneClusterImpl.java:lambda$waitForClusterToBeReady$0(220)) - Waiting for cluster to exit safe mode
2023-01-06 14:00:12,489 [Listener at 127.0.0.1/40279] INFO  ozone.MiniOzoneClusterImpl (MiniOzoneClusterImpl.java:lambda$waitForClusterToBeReady$0(222)) - SCM became leader
2023-01-06 14:00:12,489 [pool-186-thread-1] INFO  server.RaftServerConfigKeys (ConfUtils.java:logGet(46)) - raft.server.log.segment.cache.size.max = 200MB (=209715200) (default)
2023-01-06 14:00:12,489 [pool-186-thread-1] INFO  segmented.SegmentedRaftLogWorker (SegmentedRaftLogWorker.java:<init>(189)) - new 2cd9f762-1be0-4b34-89df-a8822a289ddb@group-1C40786C362B-SegmentedRaftLogWorker for RaftStorageImpl:Storage Directory /home/runner/work/ozone/ozone/hadoop-ozone/integration-test/target/test-dir/MiniOzoneClusterImpl-2de58cfc-ec7c-41ac-af7d-ad40b55ccb4e/datanode-5/data/ratis/b1641b7a-705b-4899-b89b-1c40786c362b
2023-01-06 14:00:12,489 [pool-186-thread-1] INFO  server.RaftServerConfigKeys (ConfUtils.java:logGet(46)) - raft.server.log.queue.byte-limit = 4294967296 (custom)
2023-01-06 14:00:12,489 [pool-186-thread-1] INFO  server.RaftServerConfigKeys (ConfUtils.java:logGet(46)) - raft.server.log.queue.element-limit = 1024 (custom)
2023-01-06 14:00:12,489 [pool-186-thread-1] INFO  server.RaftServerConfigKeys (ConfUtils.java:logGet(46)) - raft.server.log.segment.size.max = 1048576 (custom)
2023-01-06 14:00:12,489 [pool-186-thread-1] INFO  server.RaftServerConfigKeys (ConfUtils.java:logGet(46)) - raft.server.log.preallocated.size = 16384 (custom)
2023-01-06 14:00:12,489 [pool-186-thread-1] INFO  server.RaftServerConfigKeys (ConfUtils.java:logGet(46)) - raft.server.log.force.sync.num = 128 (default)
2023-01-06 14:00:12,489 [pool-186-thread-1] INFO  server.RaftServerConfigKeys (ConfUtils.java:logGet(46)) - raft.server.log.statemachine.data.sync = true (default)
2023-01-06 14:00:12,489 [pool-186-thread-1] INFO  server.RaftServerConfigKeys (ConfUtils.java:logGet(46)) - raft.server.log.statemachine.data.sync.timeout = 10s (default)
2023-01-06 14:00:12,489 [pool-186-thread-1] INFO  server.RaftServerConfigKeys (ConfUtils.java:logGet(46)) - raft.server.log.statemachine.data.sync.timeout.retry = -1 (default)
2023-01-06 14:00:12,492 [pool-186-thread-1] INFO  server.RaftServerConfigKeys (ConfUtils.java:logGet(46)) - raft.server.log.write.buffer.size = 1048576 (custom)
2023-01-06 14:00:12,493 [pool-186-thread-1] INFO  server.RaftServerConfigKeys (ConfUtils.java:logGet(46)) - raft.server.log.appender.buffer.byte-limit = 33554432 (custom)
2023-01-06 14:00:12,496 [pool-186-thread-1] INFO  server.RaftServerConfigKeys (ConfUtils.java:logGet(46)) - raft.server.log.unsafe-flush.enabled = false (default)
2023-01-06 14:00:12,496 [pool-186-thread-1] INFO  server.RaftServerConfigKeys (ConfUtils.java:logGet(46)) - raft.server.log.async-flush.enabled = false (default)
2023-01-06 14:00:12,496 [pool-186-thread-1] INFO  server.RaftServerConfigKeys (ConfUtils.java:logGet(46)) - raft.server.log.statemachine.data.caching.enabled = true (custom)
2023-01-06 14:00:12,496 [pool-186-thread-1] INFO  segmented.SegmentedRaftLogWorker (SegmentedRaftLogWorker.java:lambda$new$0(135)) - 2cd9f762-1be0-4b34-89df-a8822a289ddb@group-1C40786C362B-SegmentedRaftLogWorker: flushIndex: setUnconditionally 0 -> -1
2023-01-06 14:00:12,496 [pool-186-thread-1] INFO  segmented.SegmentedRaftLogWorker (SegmentedRaftLogWorker.java:lambda$new$0(135)) - 2cd9f762-1be0-4b34-89df-a8822a289ddb@group-1C40786C362B-SegmentedRaftLogWorker: safeCacheEvictIndex: setUnconditionally 0 -> -1
2023-01-06 14:00:12,496 [pool-186-thread-1] INFO  server.RaftServer$Division (RaftServerImpl.java:start(334)) - 2cd9f762-1be0-4b34-89df-a8822a289ddb@group-1C40786C362B: start as a follower, conf=-1: peers:[e32a88af-9633-4d64-a8b2-4f5c257759a0|rpc:10.1.0.26:34063|dataStream:10.1.0.26:41351|priority:0|startupRole:FOLLOWER, 4b735870-47c9-40f5-bf86-6fbe739ba238|rpc:10.1.0.26:40757|dataStream:10.1.0.26:34319|priority:0|startupRole:FOLLOWER, 2cd9f762-1be0-4b34-89df-a8822a289ddb|rpc:10.1.0.26:43125|dataStream:10.1.0.26:32929|priority:1|startupRole:FOLLOWER]|listeners:[], old=null
2023-01-06 14:00:12,496 [pool-186-thread-1] INFO  server.RaftServer$Division (RaftServerImpl.java:setRole(321)) - 2cd9f762-1be0-4b34-89df-a8822a289ddb@group-1C40786C362B: changes role from      null to FOLLOWER at term 0 for startAsFollower
2023-01-06 14:00:12,496 [pool-186-thread-1] INFO  impl.RoleInfo (RoleInfo.java:updateAndGet(139)) - 2cd9f762-1be0-4b34-89df-a8822a289ddb: start 2cd9f762-1be0-4b34-89df-a8822a289ddb@group-1C40786C362B-FollowerState
2023-01-06 14:00:12,497 [pool-186-thread-1] INFO  util.JmxRegister (JmxRegister.java:tryRegister(44)) - Successfully registered JMX Bean with object name Ratis:service=RaftServer,group=group-1C40786C362B,id=2cd9f762-1be0-4b34-89df-a8822a289ddb
2023-01-06 14:00:12,497 [pool-186-thread-1] INFO  server.RaftServerConfigKeys (ConfUtils.java:logGet(46)) - raft.server.snapshot.auto.trigger.enabled = true (custom)
2023-01-06 14:00:12,497 [pool-186-thread-1] INFO  server.RaftServerConfigKeys (ConfUtils.java:logGet(46)) - raft.server.snapshot.auto.trigger.threshold = 10000 (custom)
2023-01-06 14:00:12,497 [pool-186-thread-1] INFO  server.RaftServerConfigKeys (ConfUtils.java:logGet(46)) - raft.server.snapshot.retention.file.num = 5 (custom)
2023-01-06 14:00:12,497 [pool-186-thread-1] INFO  server.RaftServerConfigKeys (ConfUtils.java:logGet(46)) - raft.server.log.purge.upto.snapshot.index = false (default)
2023-01-06 14:00:12,497 [2cd9f762-1be0-4b34-89df-a8822a289ddb@group-1C40786C362B-FollowerState] INFO  server.RaftServerConfigKeys (ConfUtils.java:logFallback(53)) - raft.server.rpc.first-election.timeout.min = 5s (fallback to raft.server.rpc.timeout.min)
2023-01-06 14:00:12,501 [2cd9f762-1be0-4b34-89df-a8822a289ddb@group-1C40786C362B-FollowerState] INFO  server.RaftServerConfigKeys (ConfUtils.java:logFallback(53)) - raft.server.rpc.first-election.timeout.max = 5200ms (fallback to raft.server.rpc.timeout.max)
2023-01-06 14:00:12,529 [grpc-default-executor-1] INFO  server.RaftServer (RaftServerProxy.java:addNew(96)) - 4b735870-47c9-40f5-bf86-6fbe739ba238: addNew group-1C40786C362B:[e32a88af-9633-4d64-a8b2-4f5c257759a0|rpc:10.1.0.26:34063|dataStream:10.1.0.26:41351|priority:0|startupRole:FOLLOWER, 4b735870-47c9-40f5-bf86-6fbe739ba238|rpc:10.1.0.26:40757|dataStream:10.1.0.26:34319|priority:0|startupRole:FOLLOWER, 2cd9f762-1be0-4b34-89df-a8822a289ddb|rpc:10.1.0.26:43125|dataStream:10.1.0.26:32929|priority:1|startupRole:FOLLOWER] returns group-1C40786C362B:java.util.concurrent.CompletableFuture@9926008[Not completed]
2023-01-06 14:00:12,531 [pool-163-thread-1] INFO  server.RaftServer$Division (RaftServerImpl.java:<init>(195)) - 4b735870-47c9-40f5-bf86-6fbe739ba238: new RaftServerImpl for group-1C40786C362B:[e32a88af-9633-4d64-a8b2-4f5c257759a0|rpc:10.1.0.26:34063|dataStream:10.1.0.26:41351|priority:0|startupRole:FOLLOWER, 4b735870-47c9-40f5-bf86-6fbe739ba238|rpc:10.1.0.26:40757|dataStream:10.1.0.26:34319|priority:0|startupRole:FOLLOWER, 2cd9f762-1be0-4b34-89df-a8822a289ddb|rpc:10.1.0.26:43125|dataStream:10.1.0.26:32929|priority:1|startupRole:FOLLOWER] with ContainerStateMachine:uninitialized
2023-01-06 14:00:12,531 [pool-163-thread-1] INFO  server.RaftServerConfigKeys (ConfUtils.java:logGet(46)) - raft.server.rpc.timeout.min = 5s (custom)
2023-01-06 14:00:12,532 [pool-163-thread-1] INFO  server.RaftServerConfigKeys (ConfUtils.java:logGet(46)) - raft.server.rpc.timeout.max = 5200ms (custom)
2023-01-06 14:00:12,532 [pool-163-thread-1] INFO  server.RaftServerConfigKeys (ConfUtils.java:logGet(46)) - raft.server.rpc.sleep.time = 25ms (default)
2023-01-06 14:00:12,532 [pool-163-thread-1] INFO  server.RaftServerConfigKeys (ConfUtils.java:logGet(46)) - raft.server.rpc.slowness.timeout = 300s (custom)
2023-01-06 14:00:12,532 [pool-163-thread-1] INFO  server.RaftServerConfigKeys (ConfUtils.java:logGet(46)) - raft.server.leaderelection.leader.step-down.wait-time = 10s (default)
2023-01-06 14:00:12,533 [pool-163-thread-1] INFO  server.RaftServerConfigKeys (ConfUtils.java:logGet(46)) - raft.server.sleep.deviation.threshold = 300ms (default)
2023-01-06 14:00:12,533 [pool-163-thread-1] INFO  server.RaftServer$Division (ServerState.java:<init>(118)) - 4b735870-47c9-40f5-bf86-6fbe739ba238@group-1C40786C362B: ConfigurationManager, init=-1: peers:[e32a88af-9633-4d64-a8b2-4f5c257759a0|rpc:10.1.0.26:34063|dataStream:10.1.0.26:41351|priority:0|startupRole:FOLLOWER, 4b735870-47c9-40f5-bf86-6fbe739ba238|rpc:10.1.0.26:40757|dataStream:10.1.0.26:34319|priority:0|startupRole:FOLLOWER, 2cd9f762-1be0-4b34-89df-a8822a289ddb|rpc:10.1.0.26:43125|dataStream:10.1.0.26:32929|priority:1|startupRole:FOLLOWER]|listeners:[], old=null, confs=<EMPTY_MAP>
2023-01-06 14:00:12,533 [pool-163-thread-1] INFO  server.RaftServerConfigKeys (ConfUtils.java:logGet(46)) - raft.server.storage.dir = [/home/runner/work/ozone/ozone/hadoop-ozone/integration-test/target/test-dir/MiniOzoneClusterImpl-2de58cfc-ec7c-41ac-af7d-ad40b55ccb4e/datanode-4/data/ratis] (custom)
2023-01-06 14:00:12,533 [pool-163-thread-1] INFO  server.RaftServerConfigKeys (ConfUtils.java:logGet(46)) - raft.server.log.corruption.policy = EXCEPTION (default)
2023-01-06 14:00:12,533 [pool-163-thread-1] INFO  server.RaftServerConfigKeys (ConfUtils.java:logGet(46)) - raft.server.storage.free-space.min = 0MB (=0) (default)
2023-01-06 14:00:12,533 [pool-163-thread-1] INFO  server.RaftServerConfigKeys (ConfUtils.java:logGet(46)) - raft.server.notification.no-leader.timeout = 300s (custom)
2023-01-06 14:00:12,533 [pool-163-thread-1] INFO  server.RaftServerConfigKeys (ConfUtils.java:logGet(46)) - raft.server.retrycache.expirytime = 600000ms (custom)
2023-01-06 14:00:12,533 [pool-163-thread-1] INFO  server.RaftServerConfigKeys (ConfUtils.java:logGet(46)) - raft.server.retrycache.statistics.expirytime = 100μs (default)
2023-01-06 14:00:12,538 [pool-163-thread-1] INFO  server.RaftServerConfigKeys (ConfUtils.java:logGet(46)) - raft.server.log.appender.install.snapshot.enabled = false (custom)
2023-01-06 14:00:12,538 [pool-163-thread-1] INFO  server.RaftServerConfigKeys (ConfUtils.java:logGet(46)) - raft.server.threadpool.server.cached = true (default)
2023-01-06 14:00:12,538 [pool-163-thread-1] INFO  server.RaftServerConfigKeys (ConfUtils.java:logGet(46)) - raft.server.threadpool.server.size = 0 (default)
2023-01-06 14:00:12,538 [pool-163-thread-1] INFO  server.RaftServerConfigKeys (ConfUtils.java:logGet(46)) - raft.server.threadpool.client.cached = true (default)
2023-01-06 14:00:12,538 [pool-163-thread-1] INFO  server.RaftServerConfigKeys (ConfUtils.java:logGet(46)) - raft.server.threadpool.client.size = 0 (default)
2023-01-06 14:00:12,538 [pool-163-thread-1] INFO  storage.RaftStorageDirectory (RaftStorageDirectoryImpl.java:analyzeStorage(137)) - The storage directory /home/runner/work/ozone/ozone/hadoop-ozone/integration-test/target/test-dir/MiniOzoneClusterImpl-2de58cfc-ec7c-41ac-af7d-ad40b55ccb4e/datanode-4/data/ratis/b1641b7a-705b-4899-b89b-1c40786c362b does not exist. Creating ...
2023-01-06 14:00:12,540 [pool-163-thread-1] INFO  storage.RaftStorageDirectory (RaftStorageDirectoryImpl.java:tryLock(231)) - Lock on /home/runner/work/ozone/ozone/hadoop-ozone/integration-test/target/test-dir/MiniOzoneClusterImpl-2de58cfc-ec7c-41ac-af7d-ad40b55ccb4e/datanode-4/data/ratis/b1641b7a-705b-4899-b89b-1c40786c362b/in_use.lock acquired by nodename 71639@fv-az28-147
2023-01-06 14:00:12,541 [pool-163-thread-1] INFO  storage.RaftStorage (RaftStorageImpl.java:format(96)) - Storage directory /home/runner/work/ozone/ozone/hadoop-ozone/integration-test/target/test-dir/MiniOzoneClusterImpl-2de58cfc-ec7c-41ac-af7d-ad40b55ccb4e/datanode-4/data/ratis/b1641b7a-705b-4899-b89b-1c40786c362b has been successfully formatted.
2023-01-06 14:00:12,544 [pool-163-thread-1] INFO  ratis.ContainerStateMachine (ContainerStateMachine.java:loadSnapshot(240)) - group-1C40786C362B: The snapshot info is null. Setting the last applied indexto:(t:0, i:~)
2023-01-06 14:00:12,544 [pool-163-thread-1] INFO  server.RaftServerConfigKeys (ConfUtils.java:logGet(46)) - raft.server.log.use.memory = false (default)
2023-01-06 14:00:12,544 [pool-163-thread-1] INFO  server.RaftServerConfigKeys (ConfUtils.java:logGet(46)) - raft.server.log.purge.gap = 1000000 (custom)
2023-01-06 14:00:12,544 [pool-163-thread-1] INFO  server.RaftServerConfigKeys (ConfUtils.java:logGet(46)) - raft.server.log.appender.buffer.byte-limit = 33554432 (custom)
2023-01-06 14:00:12,544 [pool-163-thread-1] INFO  server.RaftServerConfigKeys (ConfUtils.java:logGet(46)) - raft.server.log.statemachine.data.read.timeout = 1000ms (default)
2023-01-06 14:00:12,544 [pool-163-thread-1] INFO  server.RaftServerConfigKeys (ConfUtils.java:logGet(46)) - raft.server.log.purge.preservation.log.num = 0 (default)
2023-01-06 14:00:12,545 [pool-163-thread-1] INFO  server.RaftServerConfigKeys (ConfUtils.java:logGet(46)) - raft.server.log.segment.size.max = 1048576 (custom)
2023-01-06 14:00:12,545 [pool-163-thread-1] INFO  server.RaftServerConfigKeys (ConfUtils.java:logGet(46)) - raft.server.log.segment.cache.num.max = 2 (custom)
2023-01-06 14:00:12,545 [pool-163-thread-1] INFO  server.RaftServerConfigKeys (ConfUtils.java:logGet(46)) - raft.server.log.segment.cache.size.max = 200MB (=209715200) (default)
2023-01-06 14:00:12,545 [pool-163-thread-1] INFO  segmented.SegmentedRaftLogWorker (SegmentedRaftLogWorker.java:<init>(189)) - new 4b735870-47c9-40f5-bf86-6fbe739ba238@group-1C40786C362B-SegmentedRaftLogWorker for RaftStorageImpl:Storage Directory /home/runner/work/ozone/ozone/hadoop-ozone/integration-test/target/test-dir/MiniOzoneClusterImpl-2de58cfc-ec7c-41ac-af7d-ad40b55ccb4e/datanode-4/data/ratis/b1641b7a-705b-4899-b89b-1c40786c362b
2023-01-06 14:00:12,545 [pool-163-thread-1] INFO  server.RaftServerConfigKeys (ConfUtils.java:logGet(46)) - raft.server.log.queue.byte-limit = 4294967296 (custom)
2023-01-06 14:00:12,545 [pool-163-thread-1] INFO  server.RaftServerConfigKeys (ConfUtils.java:logGet(46)) - raft.server.log.queue.element-limit = 1024 (custom)
2023-01-06 14:00:12,545 [pool-163-thread-1] INFO  server.RaftServerConfigKeys (ConfUtils.java:logGet(46)) - raft.server.log.segment.size.max = 1048576 (custom)
2023-01-06 14:00:12,545 [pool-163-thread-1] INFO  server.RaftServerConfigKeys (ConfUtils.java:logGet(46)) - raft.server.log.preallocated.size = 16384 (custom)
2023-01-06 14:00:12,545 [pool-163-thread-1] INFO  server.RaftServerConfigKeys (ConfUtils.java:logGet(46)) - raft.server.log.force.sync.num = 128 (default)
2023-01-06 14:00:12,545 [pool-163-thread-1] INFO  server.RaftServerConfigKeys (ConfUtils.java:logGet(46)) - raft.server.log.statemachine.data.sync = true (default)
2023-01-06 14:00:12,545 [pool-163-thread-1] INFO  server.RaftServerConfigKeys (ConfUtils.java:logGet(46)) - raft.server.log.statemachine.data.sync.timeout = 10s (default)
2023-01-06 14:00:12,546 [pool-163-thread-1] INFO  server.RaftServerConfigKeys (ConfUtils.java:logGet(46)) - raft.server.log.statemachine.data.sync.timeout.retry = -1 (default)
2023-01-06 14:00:12,547 [pool-163-thread-1] INFO  server.RaftServerConfigKeys (ConfUtils.java:logGet(46)) - raft.server.log.write.buffer.size = 1048576 (custom)
2023-01-06 14:00:12,548 [pool-163-thread-1] INFO  server.RaftServerConfigKeys (ConfUtils.java:logGet(46)) - raft.server.log.appender.buffer.byte-limit = 33554432 (custom)
2023-01-06 14:00:12,775 [Command processor thread] INFO  server.RaftServer (RaftServerProxy.java:addNew(96)) - 4b735870-47c9-40f5-bf86-6fbe739ba238: addNew group-76BF4A17A87E:[4b735870-47c9-40f5-bf86-6fbe739ba238|rpc:10.1.0.26:40757|dataStream:10.1.0.26:34319|priority:1|startupRole:FOLLOWER] returns group-76BF4A17A87E:java.util.concurrent.CompletableFuture@25dfc15e[Not completed]
2023-01-06 14:00:12,775 [JvmPauseMonitor3] WARN  util.JvmPauseMonitor (JvmPauseMonitor.java:detectPause(126)) - JvmPauseMonitor-ca2b9cd0-63d2-42af-b7f4-b5b024b05d69: Detected pause in JVM or host machine (eg GC): pause of approximately 156041922ns.
GC pool 'PS MarkSweep' had collection(s): count=1 time=142ms
GC pool 'PS Scavenge' had collection(s): count=1 time=84ms
2023-01-06 14:00:12,775 [JvmPauseMonitor6] WARN  util.JvmPauseMonitor (JvmPauseMonitor.java:detectPause(126)) - JvmPauseMonitor-2cd9f762-1be0-4b34-89df-a8822a289ddb: Detected pause in JVM or host machine (eg GC): pause of approximately 177350987ns.
GC pool 'PS MarkSweep' had collection(s): count=1 time=142ms
GC pool 'PS Scavenge' had collection(s): count=1 time=84ms
2023-01-06 14:00:12,787 [pool-163-thread-1] INFO  server.RaftServerConfigKeys (ConfUtils.java:logGet(46)) - raft.server.log.unsafe-flush.enabled = false (default)
2023-01-06 14:00:12,787 [pool-163-thread-1] INFO  server.RaftServerConfigKeys (ConfUtils.java:logGet(46)) - raft.server.log.async-flush.enabled = false (default)
2023-01-06 14:00:12,787 [pool-163-thread-1] INFO  server.RaftServerConfigKeys (ConfUtils.java:logGet(46)) - raft.server.log.statemachine.data.caching.enabled = true (custom)
2023-01-06 14:00:12,787 [pool-163-thread-1] INFO  segmented.SegmentedRaftLogWorker (SegmentedRaftLogWorker.java:lambda$new$0(135)) - 4b735870-47c9-40f5-bf86-6fbe739ba238@group-1C40786C362B-SegmentedRaftLogWorker: flushIndex: setUnconditionally 0 -> -1
2023-01-06 14:00:12,787 [pool-163-thread-1] INFO  segmented.SegmentedRaftLogWorker (SegmentedRaftLogWorker.java:lambda$new$0(135)) - 4b735870-47c9-40f5-bf86-6fbe739ba238@group-1C40786C362B-SegmentedRaftLogWorker: safeCacheEvictIndex: setUnconditionally 0 -> -1
2023-01-06 14:00:12,787 [pool-163-thread-1] INFO  server.RaftServer$Division (RaftServerImpl.java:start(334)) - 4b735870-47c9-40f5-bf86-6fbe739ba238@group-1C40786C362B: start as a follower, conf=-1: peers:[e32a88af-9633-4d64-a8b2-4f5c257759a0|rpc:10.1.0.26:34063|dataStream:10.1.0.26:41351|priority:0|startupRole:FOLLOWER, 4b735870-47c9-40f5-bf86-6fbe739ba238|rpc:10.1.0.26:40757|dataStream:10.1.0.26:34319|priority:0|startupRole:FOLLOWER, 2cd9f762-1be0-4b34-89df-a8822a289ddb|rpc:10.1.0.26:43125|dataStream:10.1.0.26:32929|priority:1|startupRole:FOLLOWER]|listeners:[], old=null
2023-01-06 14:00:12,787 [pool-163-thread-1] INFO  server.RaftServer$Division (RaftServerImpl.java:setRole(321)) - 4b735870-47c9-40f5-bf86-6fbe739ba238@group-1C40786C362B: changes role from      null to FOLLOWER at term 0 for startAsFollower
2023-01-06 14:00:12,787 [pool-163-thread-1] INFO  impl.RoleInfo (RoleInfo.java:updateAndGet(139)) - 4b735870-47c9-40f5-bf86-6fbe739ba238: start 4b735870-47c9-40f5-bf86-6fbe739ba238@group-1C40786C362B-FollowerState
2023-01-06 14:00:12,789 [4b735870-47c9-40f5-bf86-6fbe739ba238@group-1C40786C362B-FollowerState] INFO  server.RaftServerConfigKeys (ConfUtils.java:logFallback(53)) - raft.server.rpc.first-election.timeout.min = 5s (fallback to raft.server.rpc.timeout.min)
2023-01-06 14:00:12,790 [pool-163-thread-1] INFO  util.JmxRegister (JmxRegister.java:tryRegister(44)) - Successfully registered JMX Bean with object name Ratis:service=RaftServer,group=group-1C40786C362B,id=4b735870-47c9-40f5-bf86-6fbe739ba238
2023-01-06 14:00:12,790 [4b735870-47c9-40f5-bf86-6fbe739ba238@group-1C40786C362B-FollowerState] INFO  server.RaftServerConfigKeys (ConfUtils.java:logFallback(53)) - raft.server.rpc.first-election.timeout.max = 5200ms (fallback to raft.server.rpc.timeout.max)
2023-01-06 14:00:12,791 [pool-163-thread-1] INFO  server.RaftServerConfigKeys (ConfUtils.java:logGet(46)) - raft.server.snapshot.auto.trigger.enabled = true (custom)
2023-01-06 14:00:12,792 [pool-163-thread-1] INFO  server.RaftServerConfigKeys (ConfUtils.java:logGet(46)) - raft.server.snapshot.auto.trigger.threshold = 10000 (custom)
2023-01-06 14:00:12,792 [pool-163-thread-1] INFO  server.RaftServerConfigKeys (ConfUtils.java:logGet(46)) - raft.server.snapshot.retention.file.num = 5 (custom)
2023-01-06 14:00:12,792 [pool-163-thread-1] INFO  server.RaftServerConfigKeys (ConfUtils.java:logGet(46)) - raft.server.log.purge.upto.snapshot.index = false (default)
2023-01-06 14:00:12,796 [Command processor thread] INFO  commandhandler.CreatePipelineCommandHandler (CreatePipelineCommandHandler.java:handle(113)) - Created Pipeline RATIS THREE PipelineID=b1641b7a-705b-4899-b89b-1c40786c362b.
2023-01-06 14:00:12,797 [Command processor thread] INFO  server.RaftServer (RaftServerProxy.java:addNew(96)) - e32a88af-9633-4d64-a8b2-4f5c257759a0: addNew group-E5D550F16D5E:[e32a88af-9633-4d64-a8b2-4f5c257759a0|rpc:10.1.0.26:34063|dataStream:10.1.0.26:41351|priority:0|startupRole:FOLLOWER, 4b735870-47c9-40f5-bf86-6fbe739ba238|rpc:10.1.0.26:40757|dataStream:10.1.0.26:34319|priority:1|startupRole:FOLLOWER, 2cd9f762-1be0-4b34-89df-a8822a289ddb|rpc:10.1.0.26:43125|dataStream:10.1.0.26:32929|priority:0|startupRole:FOLLOWER] returns group-E5D550F16D5E:java.util.concurrent.CompletableFuture@43f0d2d3[Not completed]
2023-01-06 14:00:12,804 [pool-163-thread-1] INFO  server.RaftServer$Division (RaftServerImpl.java:<init>(195)) - 4b735870-47c9-40f5-bf86-6fbe739ba238: new RaftServerImpl for group-76BF4A17A87E:[4b735870-47c9-40f5-bf86-6fbe739ba238|rpc:10.1.0.26:40757|dataStream:10.1.0.26:34319|priority:1|startupRole:FOLLOWER] with ContainerStateMachine:uninitialized
2023-01-06 14:00:12,804 [pool-163-thread-1] INFO  server.RaftServerConfigKeys (ConfUtils.java:logGet(46)) - raft.server.rpc.timeout.min = 5s (custom)
2023-01-06 14:00:12,804 [pool-163-thread-1] INFO  server.RaftServerConfigKeys (ConfUtils.java:logGet(46)) - raft.server.rpc.timeout.max = 5200ms (custom)
2023-01-06 14:00:12,804 [pool-140-thread-1] INFO  server.RaftServer$Division (RaftServerImpl.java:<init>(195)) - e32a88af-9633-4d64-a8b2-4f5c257759a0: new RaftServerImpl for group-E5D550F16D5E:[e32a88af-9633-4d64-a8b2-4f5c257759a0|rpc:10.1.0.26:34063|dataStream:10.1.0.26:41351|priority:0|startupRole:FOLLOWER, 4b735870-47c9-40f5-bf86-6fbe739ba238|rpc:10.1.0.26:40757|dataStream:10.1.0.26:34319|priority:1|startupRole:FOLLOWER, 2cd9f762-1be0-4b34-89df-a8822a289ddb|rpc:10.1.0.26:43125|dataStream:10.1.0.26:32929|priority:0|startupRole:FOLLOWER] with ContainerStateMachine:uninitialized
2023-01-06 14:00:12,805 [pool-140-thread-1] INFO  server.RaftServerConfigKeys (ConfUtils.java:logGet(46)) - raft.server.rpc.timeout.min = 5s (custom)
2023-01-06 14:00:12,805 [pool-140-thread-1] INFO  server.RaftServerConfigKeys (ConfUtils.java:logGet(46)) - raft.server.rpc.timeout.max = 5200ms (custom)
2023-01-06 14:00:12,805 [pool-140-thread-1] INFO  server.RaftServerConfigKeys (ConfUtils.java:logGet(46)) - raft.server.rpc.sleep.time = 25ms (default)
2023-01-06 14:00:12,805 [pool-140-thread-1] INFO  server.RaftServerConfigKeys (ConfUtils.java:logGet(46)) - raft.server.rpc.slowness.timeout = 300s (custom)
2023-01-06 14:00:12,805 [pool-140-thread-1] INFO  server.RaftServerConfigKeys (ConfUtils.java:logGet(46)) - raft.server.leaderelection.leader.step-down.wait-time = 10s (default)
2023-01-06 14:00:12,805 [pool-140-thread-1] INFO  server.RaftServerConfigKeys (ConfUtils.java:logGet(46)) - raft.server.sleep.deviation.threshold = 300ms (default)
2023-01-06 14:00:12,805 [pool-140-thread-1] INFO  server.RaftServer$Division (ServerState.java:<init>(118)) - e32a88af-9633-4d64-a8b2-4f5c257759a0@group-E5D550F16D5E: ConfigurationManager, init=-1: peers:[e32a88af-9633-4d64-a8b2-4f5c257759a0|rpc:10.1.0.26:34063|dataStream:10.1.0.26:41351|priority:0|startupRole:FOLLOWER, 4b735870-47c9-40f5-bf86-6fbe739ba238|rpc:10.1.0.26:40757|dataStream:10.1.0.26:34319|priority:1|startupRole:FOLLOWER, 2cd9f762-1be0-4b34-89df-a8822a289ddb|rpc:10.1.0.26:43125|dataStream:10.1.0.26:32929|priority:0|startupRole:FOLLOWER]|listeners:[], old=null, confs=<EMPTY_MAP>
2023-01-06 14:00:12,805 [pool-140-thread-1] INFO  server.RaftServerConfigKeys (ConfUtils.java:logGet(46)) - raft.server.storage.dir = [/home/runner/work/ozone/ozone/hadoop-ozone/integration-test/target/test-dir/MiniOzoneClusterImpl-2de58cfc-ec7c-41ac-af7d-ad40b55ccb4e/datanode-3/data/ratis] (custom)
2023-01-06 14:00:12,805 [pool-140-thread-1] INFO  server.RaftServerConfigKeys (ConfUtils.java:logGet(46)) - raft.server.log.corruption.policy = EXCEPTION (default)
2023-01-06 14:00:12,805 [pool-140-thread-1] INFO  server.RaftServerConfigKeys (ConfUtils.java:logGet(46)) - raft.server.storage.free-space.min = 0MB (=0) (default)
2023-01-06 14:00:12,805 [pool-140-thread-1] INFO  server.RaftServerConfigKeys (ConfUtils.java:logGet(46)) - raft.server.notification.no-leader.timeout = 300s (custom)
2023-01-06 14:00:12,805 [pool-140-thread-1] INFO  server.RaftServerConfigKeys (ConfUtils.java:logGet(46)) - raft.server.retrycache.expirytime = 600000ms (custom)
2023-01-06 14:00:12,805 [pool-140-thread-1] INFO  server.RaftServerConfigKeys (ConfUtils.java:logGet(46)) - raft.server.retrycache.statistics.expirytime = 100μs (default)
2023-01-06 14:00:12,806 [pool-140-thread-1] INFO  server.RaftServerConfigKeys (ConfUtils.java:logGet(46)) - raft.server.log.appender.install.snapshot.enabled = false (custom)
2023-01-06 14:00:12,806 [pool-140-thread-1] INFO  server.RaftServerConfigKeys (ConfUtils.java:logGet(46)) - raft.server.threadpool.server.cached = true (default)
2023-01-06 14:00:12,806 [pool-140-thread-1] INFO  server.RaftServerConfigKeys (ConfUtils.java:logGet(46)) - raft.server.threadpool.server.size = 0 (default)
2023-01-06 14:00:12,806 [pool-140-thread-1] INFO  server.RaftServerConfigKeys (ConfUtils.java:logGet(46)) - raft.server.threadpool.client.cached = true (default)
2023-01-06 14:00:12,806 [pool-140-thread-1] INFO  server.RaftServerConfigKeys (ConfUtils.java:logGet(46)) - raft.server.threadpool.client.size = 0 (default)
2023-01-06 14:00:12,807 [pool-140-thread-1] INFO  storage.RaftStorageDirectory (RaftStorageDirectoryImpl.java:analyzeStorage(137)) - The storage directory /home/runner/work/ozone/ozone/hadoop-ozone/integration-test/target/test-dir/MiniOzoneClusterImpl-2de58cfc-ec7c-41ac-af7d-ad40b55ccb4e/datanode-3/data/ratis/dc174d58-9b01-43dd-ac68-e5d550f16d5e does not exist. Creating ...
2023-01-06 14:00:12,804 [pool-163-thread-1] INFO  server.RaftServerConfigKeys (ConfUtils.java:logGet(46)) - raft.server.rpc.sleep.time = 25ms (default)
2023-01-06 14:00:12,807 [pool-140-thread-1] INFO  storage.RaftStorageDirectory (RaftStorageDirectoryImpl.java:tryLock(231)) - Lock on /home/runner/work/ozone/ozone/hadoop-ozone/integration-test/target/test-dir/MiniOzoneClusterImpl-2de58cfc-ec7c-41ac-af7d-ad40b55ccb4e/datanode-3/data/ratis/dc174d58-9b01-43dd-ac68-e5d550f16d5e/in_use.lock acquired by nodename 71639@fv-az28-147
2023-01-06 14:00:12,808 [pool-163-thread-1] INFO  server.RaftServerConfigKeys (ConfUtils.java:logGet(46)) - raft.server.rpc.slowness.timeout = 300s (custom)
2023-01-06 14:00:12,809 [pool-163-thread-1] INFO  server.RaftServerConfigKeys (ConfUtils.java:logGet(46)) - raft.server.leaderelection.leader.step-down.wait-time = 10s (default)
2023-01-06 14:00:12,809 [pool-163-thread-1] INFO  server.RaftServerConfigKeys (ConfUtils.java:logGet(46)) - raft.server.sleep.deviation.threshold = 300ms (default)
2023-01-06 14:00:12,809 [pool-140-thread-1] INFO  storage.RaftStorage (RaftStorageImpl.java:format(96)) - Storage directory /home/runner/work/ozone/ozone/hadoop-ozone/integration-test/target/test-dir/MiniOzoneClusterImpl-2de58cfc-ec7c-41ac-af7d-ad40b55ccb4e/datanode-3/data/ratis/dc174d58-9b01-43dd-ac68-e5d550f16d5e has been successfully formatted.
2023-01-06 14:00:12,809 [pool-163-thread-1] INFO  server.RaftServer$Division (ServerState.java:<init>(118)) - 4b735870-47c9-40f5-bf86-6fbe739ba238@group-76BF4A17A87E: ConfigurationManager, init=-1: peers:[4b735870-47c9-40f5-bf86-6fbe739ba238|rpc:10.1.0.26:40757|dataStream:10.1.0.26:34319|priority:1|startupRole:FOLLOWER]|listeners:[], old=null, confs=<EMPTY_MAP>
2023-01-06 14:00:12,809 [pool-163-thread-1] INFO  server.RaftServerConfigKeys (ConfUtils.java:logGet(46)) - raft.server.storage.dir = [/home/runner/work/ozone/ozone/hadoop-ozone/integration-test/target/test-dir/MiniOzoneClusterImpl-2de58cfc-ec7c-41ac-af7d-ad40b55ccb4e/datanode-4/data/ratis] (custom)
2023-01-06 14:00:12,809 [pool-163-thread-1] INFO  server.RaftServerConfigKeys (ConfUtils.java:logGet(46)) - raft.server.log.corruption.policy = EXCEPTION (default)
2023-01-06 14:00:12,809 [pool-163-thread-1] INFO  server.RaftServerConfigKeys (ConfUtils.java:logGet(46)) - raft.server.storage.free-space.min = 0MB (=0) (default)
2023-01-06 14:00:12,810 [pool-163-thread-1] INFO  server.RaftServerConfigKeys (ConfUtils.java:logGet(46)) - raft.server.notification.no-leader.timeout = 300s (custom)
2023-01-06 14:00:12,810 [pool-163-thread-1] INFO  server.RaftServerConfigKeys (ConfUtils.java:logGet(46)) - raft.server.retrycache.expirytime = 600000ms (custom)
2023-01-06 14:00:12,810 [pool-163-thread-1] INFO  server.RaftServerConfigKeys (ConfUtils.java:logGet(46)) - raft.server.retrycache.statistics.expirytime = 100μs (default)
2023-01-06 14:00:12,814 [pool-140-thread-1] INFO  ratis.ContainerStateMachine (ContainerStateMachine.java:loadSnapshot(240)) - group-E5D550F16D5E: The snapshot info is null. Setting the last applied indexto:(t:0, i:~)
2023-01-06 14:00:12,815 [pool-140-thread-1] INFO  server.RaftServerConfigKeys (ConfUtils.java:logGet(46)) - raft.server.log.use.memory = false (default)
2023-01-06 14:00:12,815 [pool-140-thread-1] INFO  server.RaftServerConfigKeys (ConfUtils.java:logGet(46)) - raft.server.log.purge.gap = 1000000 (custom)
2023-01-06 14:00:12,815 [EventQueue-OpenPipelineForHealthyPipelineSafeModeRule] INFO  safemode.SCMSafeModeManager (HealthyPipelineSafeModeRule.java:process(137)) - SCM in safe mode. Healthy pipelines reported count is 0, required healthy pipeline reported count is 1
2023-01-06 14:00:12,815 [pool-140-thread-1] INFO  server.RaftServerConfigKeys (ConfUtils.java:logGet(46)) - raft.server.log.appender.buffer.byte-limit = 33554432 (custom)
2023-01-06 14:00:12,815 [pool-140-thread-1] INFO  server.RaftServerConfigKeys (ConfUtils.java:logGet(46)) - raft.server.log.statemachine.data.read.timeout = 1000ms (default)
2023-01-06 14:00:12,815 [pool-140-thread-1] INFO  server.RaftServerConfigKeys (ConfUtils.java:logGet(46)) - raft.server.log.purge.preservation.log.num = 0 (default)
2023-01-06 14:00:12,815 [pool-140-thread-1] INFO  server.RaftServerConfigKeys (ConfUtils.java:logGet(46)) - raft.server.log.segment.size.max = 1048576 (custom)
2023-01-06 14:00:12,816 [pool-140-thread-1] INFO  server.RaftServerConfigKeys (ConfUtils.java:logGet(46)) - raft.server.log.segment.cache.num.max = 2 (custom)
2023-01-06 14:00:12,816 [pool-140-thread-1] INFO  server.RaftServerConfigKeys (ConfUtils.java:logGet(46)) - raft.server.log.segment.cache.size.max = 200MB (=209715200) (default)
2023-01-06 14:00:12,816 [pool-140-thread-1] INFO  segmented.SegmentedRaftLogWorker (SegmentedRaftLogWorker.java:<init>(189)) - new e32a88af-9633-4d64-a8b2-4f5c257759a0@group-E5D550F16D5E-SegmentedRaftLogWorker for RaftStorageImpl:Storage Directory /home/runner/work/ozone/ozone/hadoop-ozone/integration-test/target/test-dir/MiniOzoneClusterImpl-2de58cfc-ec7c-41ac-af7d-ad40b55ccb4e/datanode-3/data/ratis/dc174d58-9b01-43dd-ac68-e5d550f16d5e
2023-01-06 14:00:12,816 [pool-140-thread-1] INFO  server.RaftServerConfigKeys (ConfUtils.java:logGet(46)) - raft.server.log.queue.byte-limit = 4294967296 (custom)
2023-01-06 14:00:12,816 [pool-140-thread-1] INFO  server.RaftServerConfigKeys (ConfUtils.java:logGet(46)) - raft.server.log.queue.element-limit = 1024 (custom)
2023-01-06 14:00:12,816 [pool-140-thread-1] INFO  server.RaftServerConfigKeys (ConfUtils.java:logGet(46)) - raft.server.log.segment.size.max = 1048576 (custom)
2023-01-06 14:00:12,816 [pool-140-thread-1] INFO  server.RaftServerConfigKeys (ConfUtils.java:logGet(46)) - raft.server.log.preallocated.size = 16384 (custom)
2023-01-06 14:00:12,816 [pool-140-thread-1] INFO  server.RaftServerConfigKeys (ConfUtils.java:logGet(46)) - raft.server.log.force.sync.num = 128 (default)
2023-01-06 14:00:12,816 [pool-140-thread-1] INFO  server.RaftServerConfigKeys (ConfUtils.java:logGet(46)) - raft.server.log.statemachine.data.sync = true (default)
2023-01-06 14:00:12,816 [pool-140-thread-1] INFO  server.RaftServerConfigKeys (ConfUtils.java:logGet(46)) - raft.server.log.statemachine.data.sync.timeout = 10s (default)
2023-01-06 14:00:12,816 [pool-140-thread-1] INFO  server.RaftServerConfigKeys (ConfUtils.java:logGet(46)) - raft.server.log.statemachine.data.sync.timeout.retry = -1 (default)
2023-01-06 14:00:12,818 [pool-163-thread-1] INFO  server.RaftServerConfigKeys (ConfUtils.java:logGet(46)) - raft.server.log.appender.install.snapshot.enabled = false (custom)
2023-01-06 14:00:12,818 [pool-163-thread-1] INFO  server.RaftServerConfigKeys (ConfUtils.java:logGet(46)) - raft.server.threadpool.server.cached = true (default)
2023-01-06 14:00:12,818 [pool-163-thread-1] INFO  server.RaftServerConfigKeys (ConfUtils.java:logGet(46)) - raft.server.threadpool.server.size = 0 (default)
2023-01-06 14:00:12,818 [pool-140-thread-1] INFO  server.RaftServerConfigKeys (ConfUtils.java:logGet(46)) - raft.server.log.write.buffer.size = 1048576 (custom)
2023-01-06 14:00:12,818 [pool-163-thread-1] INFO  server.RaftServerConfigKeys (ConfUtils.java:logGet(46)) - raft.server.threadpool.client.cached = true (default)
2023-01-06 14:00:12,818 [pool-163-thread-1] INFO  server.RaftServerConfigKeys (ConfUtils.java:logGet(46)) - raft.server.threadpool.client.size = 0 (default)
2023-01-06 14:00:12,818 [pool-163-thread-1] INFO  storage.RaftStorageDirectory (RaftStorageDirectoryImpl.java:analyzeStorage(137)) - The storage directory /home/runner/work/ozone/ozone/hadoop-ozone/integration-test/target/test-dir/MiniOzoneClusterImpl-2de58cfc-ec7c-41ac-af7d-ad40b55ccb4e/datanode-4/data/ratis/946b8fba-8567-4222-b565-76bf4a17a87e does not exist. Creating ...
2023-01-06 14:00:12,818 [pool-140-thread-1] INFO  server.RaftServerConfigKeys (ConfUtils.java:logGet(46)) - raft.server.log.appender.buffer.byte-limit = 33554432 (custom)
2023-01-06 14:00:12,819 [pool-163-thread-1] INFO  storage.RaftStorageDirectory (RaftStorageDirectoryImpl.java:tryLock(231)) - Lock on /home/runner/work/ozone/ozone/hadoop-ozone/integration-test/target/test-dir/MiniOzoneClusterImpl-2de58cfc-ec7c-41ac-af7d-ad40b55ccb4e/datanode-4/data/ratis/946b8fba-8567-4222-b565-76bf4a17a87e/in_use.lock acquired by nodename 71639@fv-az28-147
2023-01-06 14:00:12,820 [pool-163-thread-1] INFO  storage.RaftStorage (RaftStorageImpl.java:format(96)) - Storage directory /home/runner/work/ozone/ozone/hadoop-ozone/integration-test/target/test-dir/MiniOzoneClusterImpl-2de58cfc-ec7c-41ac-af7d-ad40b55ccb4e/datanode-4/data/ratis/946b8fba-8567-4222-b565-76bf4a17a87e has been successfully formatted.
2023-01-06 14:00:12,821 [pool-163-thread-1] INFO  ratis.ContainerStateMachine (ContainerStateMachine.java:loadSnapshot(240)) - group-76BF4A17A87E: The snapshot info is null. Setting the last applied indexto:(t:0, i:~)
2023-01-06 14:00:12,822 [EventQueue-PipelineReportForPipelineReportHandler] INFO  pipeline.PipelineManagerImpl (PipelineManagerImpl.java:openPipeline(367)) - Pipeline Pipeline[ Id: 946b8fba-8567-4222-b565-76bf4a17a87e, Nodes: 4b735870-47c9-40f5-bf86-6fbe739ba238{ip: 10.1.0.26, host: fv-az28-147.ycjfjujedjyu5lezsnvlijijec.cx.internal.cloudapp.net, ports: [REPLICATION=46079, RATIS=40757, RATIS_ADMIN=40757, RATIS_SERVER=40757, RATIS_DATASTREAM=34319, STANDALONE=33333], networkLocation: /default-rack, certSerialId: null, persistedOpState: IN_SERVICE, persistedOpStateExpiryEpochSec: 0}, ReplicationConfig: RATIS/ONE, State:ALLOCATED, leaderId:4b735870-47c9-40f5-bf86-6fbe739ba238, CreationTimestamp2023-01-06T14:00:09.749Z[Etc/UTC]] moved to OPEN state
2023-01-06 14:00:12,823 [EventQueue-OpenPipelineForHealthyPipelineSafeModeRule] INFO  safemode.SCMSafeModeManager (HealthyPipelineSafeModeRule.java:process(137)) - SCM in safe mode. Healthy pipelines reported count is 0, required healthy pipeline reported count is 1
2023-01-06 14:00:12,823 [pool-163-thread-1] INFO  server.RaftServerConfigKeys (ConfUtils.java:logGet(46)) - raft.server.log.use.memory = false (default)
2023-01-06 14:00:12,825 [pool-163-thread-1] INFO  server.RaftServerConfigKeys (ConfUtils.java:logGet(46)) - raft.server.log.purge.gap = 1000000 (custom)
2023-01-06 14:00:12,825 [pool-163-thread-1] INFO  server.RaftServerConfigKeys (ConfUtils.java:logGet(46)) - raft.server.log.appender.buffer.byte-limit = 33554432 (custom)
2023-01-06 14:00:12,825 [pool-163-thread-1] INFO  server.RaftServerConfigKeys (ConfUtils.java:logGet(46)) - raft.server.log.statemachine.data.read.timeout = 1000ms (default)
2023-01-06 14:00:12,825 [pool-163-thread-1] INFO  server.RaftServerConfigKeys (ConfUtils.java:logGet(46)) - raft.server.log.purge.preservation.log.num = 0 (default)
2023-01-06 14:00:12,825 [pool-163-thread-1] INFO  server.RaftServerConfigKeys (ConfUtils.java:logGet(46)) - raft.server.log.segment.size.max = 1048576 (custom)
2023-01-06 14:00:12,825 [pool-163-thread-1] INFO  server.RaftServerConfigKeys (ConfUtils.java:logGet(46)) - raft.server.log.segment.cache.num.max = 2 (custom)
2023-01-06 14:00:12,825 [pool-163-thread-1] INFO  server.RaftServerConfigKeys (ConfUtils.java:logGet(46)) - raft.server.log.segment.cache.size.max = 200MB (=209715200) (default)
2023-01-06 14:00:12,825 [pool-163-thread-1] INFO  segmented.SegmentedRaftLogWorker (SegmentedRaftLogWorker.java:<init>(189)) - new 4b735870-47c9-40f5-bf86-6fbe739ba238@group-76BF4A17A87E-SegmentedRaftLogWorker for RaftStorageImpl:Storage Directory /home/runner/work/ozone/ozone/hadoop-ozone/integration-test/target/test-dir/MiniOzoneClusterImpl-2de58cfc-ec7c-41ac-af7d-ad40b55ccb4e/datanode-4/data/ratis/946b8fba-8567-4222-b565-76bf4a17a87e
2023-01-06 14:00:12,825 [pool-163-thread-1] INFO  server.RaftServerConfigKeys (ConfUtils.java:logGet(46)) - raft.server.log.queue.byte-limit = 4294967296 (custom)
2023-01-06 14:00:12,825 [pool-163-thread-1] INFO  server.RaftServerConfigKeys (ConfUtils.java:logGet(46)) - raft.server.log.queue.element-limit = 1024 (custom)
2023-01-06 14:00:12,825 [pool-163-thread-1] INFO  server.RaftServerConfigKeys (ConfUtils.java:logGet(46)) - raft.server.log.segment.size.max = 1048576 (custom)
2023-01-06 14:00:12,825 [pool-163-thread-1] INFO  server.RaftServerConfigKeys (ConfUtils.java:logGet(46)) - raft.server.log.preallocated.size = 16384 (custom)
2023-01-06 14:00:12,825 [pool-163-thread-1] INFO  server.RaftServerConfigKeys (ConfUtils.java:logGet(46)) - raft.server.log.force.sync.num = 128 (default)
2023-01-06 14:00:12,825 [pool-163-thread-1] INFO  server.RaftServerConfigKeys (ConfUtils.java:logGet(46)) - raft.server.log.statemachine.data.sync = true (default)
2023-01-06 14:00:12,825 [pool-163-thread-1] INFO  server.RaftServerConfigKeys (ConfUtils.java:logGet(46)) - raft.server.log.statemachine.data.sync.timeout = 10s (default)
2023-01-06 14:00:12,826 [pool-163-thread-1] INFO  server.RaftServerConfigKeys (ConfUtils.java:logGet(46)) - raft.server.log.statemachine.data.sync.timeout.retry = -1 (default)
2023-01-06 14:00:12,826 [pool-163-thread-1] INFO  server.RaftServerConfigKeys (ConfUtils.java:logGet(46)) - raft.server.log.write.buffer.size = 1048576 (custom)
2023-01-06 14:00:12,827 [pool-163-thread-1] INFO  server.RaftServerConfigKeys (ConfUtils.java:logGet(46)) - raft.server.log.appender.buffer.byte-limit = 33554432 (custom)
2023-01-06 14:00:12,829 [pool-163-thread-1] INFO  server.RaftServerConfigKeys (ConfUtils.java:logGet(46)) - raft.server.log.unsafe-flush.enabled = false (default)
2023-01-06 14:00:12,829 [pool-163-thread-1] INFO  server.RaftServerConfigKeys (ConfUtils.java:logGet(46)) - raft.server.log.async-flush.enabled = false (default)
2023-01-06 14:00:12,829 [pool-163-thread-1] INFO  server.RaftServerConfigKeys (ConfUtils.java:logGet(46)) - raft.server.log.statemachine.data.caching.enabled = true (custom)
2023-01-06 14:00:12,830 [pool-163-thread-1] INFO  segmented.SegmentedRaftLogWorker (SegmentedRaftLogWorker.java:lambda$new$0(135)) - 4b735870-47c9-40f5-bf86-6fbe739ba238@group-76BF4A17A87E-SegmentedRaftLogWorker: flushIndex: setUnconditionally 0 -> -1
2023-01-06 14:00:12,830 [pool-163-thread-1] INFO  segmented.SegmentedRaftLogWorker (SegmentedRaftLogWorker.java:lambda$new$0(135)) - 4b735870-47c9-40f5-bf86-6fbe739ba238@group-76BF4A17A87E-SegmentedRaftLogWorker: safeCacheEvictIndex: setUnconditionally 0 -> -1
2023-01-06 14:00:12,824 [pool-140-thread-1] INFO  server.RaftServerConfigKeys (ConfUtils.java:logGet(46)) - raft.server.log.unsafe-flush.enabled = false (default)
2023-01-06 14:00:12,830 [pool-140-thread-1] INFO  server.RaftServerConfigKeys (ConfUtils.java:logGet(46)) - raft.server.log.async-flush.enabled = false (default)
2023-01-06 14:00:12,830 [pool-140-thread-1] INFO  server.RaftServerConfigKeys (ConfUtils.java:logGet(46)) - raft.server.log.statemachine.data.caching.enabled = true (custom)
2023-01-06 14:00:12,830 [pool-140-thread-1] INFO  segmented.SegmentedRaftLogWorker (SegmentedRaftLogWorker.java:lambda$new$0(135)) - e32a88af-9633-4d64-a8b2-4f5c257759a0@group-E5D550F16D5E-SegmentedRaftLogWorker: flushIndex: setUnconditionally 0 -> -1
2023-01-06 14:00:12,830 [pool-140-thread-1] INFO  segmented.SegmentedRaftLogWorker (SegmentedRaftLogWorker.java:lambda$new$0(135)) - e32a88af-9633-4d64-a8b2-4f5c257759a0@group-E5D550F16D5E-SegmentedRaftLogWorker: safeCacheEvictIndex: setUnconditionally 0 -> -1
2023-01-06 14:00:12,833 [pool-163-thread-1] INFO  server.RaftServer$Division (RaftServerImpl.java:start(334)) - 4b735870-47c9-40f5-bf86-6fbe739ba238@group-76BF4A17A87E: start as a follower, conf=-1: peers:[4b735870-47c9-40f5-bf86-6fbe739ba238|rpc:10.1.0.26:40757|dataStream:10.1.0.26:34319|priority:1|startupRole:FOLLOWER]|listeners:[], old=null
2023-01-06 14:00:12,833 [pool-163-thread-1] INFO  server.RaftServer$Division (RaftServerImpl.java:setRole(321)) - 4b735870-47c9-40f5-bf86-6fbe739ba238@group-76BF4A17A87E: changes role from      null to FOLLOWER at term 0 for startAsFollower
2023-01-06 14:00:12,833 [pool-140-thread-1] INFO  server.RaftServer$Division (RaftServerImpl.java:start(334)) - e32a88af-9633-4d64-a8b2-4f5c257759a0@group-E5D550F16D5E: start as a follower, conf=-1: peers:[e32a88af-9633-4d64-a8b2-4f5c257759a0|rpc:10.1.0.26:34063|dataStream:10.1.0.26:41351|priority:0|startupRole:FOLLOWER, 4b735870-47c9-40f5-bf86-6fbe739ba238|rpc:10.1.0.26:40757|dataStream:10.1.0.26:34319|priority:1|startupRole:FOLLOWER, 2cd9f762-1be0-4b34-89df-a8822a289ddb|rpc:10.1.0.26:43125|dataStream:10.1.0.26:32929|priority:0|startupRole:FOLLOWER]|listeners:[], old=null
2023-01-06 14:00:12,833 [pool-140-thread-1] INFO  server.RaftServer$Division (RaftServerImpl.java:setRole(321)) - e32a88af-9633-4d64-a8b2-4f5c257759a0@group-E5D550F16D5E: changes role from      null to FOLLOWER at term 0 for startAsFollower
2023-01-06 14:00:12,833 [pool-140-thread-1] INFO  impl.RoleInfo (RoleInfo.java:updateAndGet(139)) - e32a88af-9633-4d64-a8b2-4f5c257759a0: start e32a88af-9633-4d64-a8b2-4f5c257759a0@group-E5D550F16D5E-FollowerState
2023-01-06 14:00:12,833 [pool-140-thread-1] INFO  util.JmxRegister (JmxRegister.java:tryRegister(44)) - Successfully registered JMX Bean with object name Ratis:service=RaftServer,group=group-E5D550F16D5E,id=e32a88af-9633-4d64-a8b2-4f5c257759a0
2023-01-06 14:00:12,833 [pool-140-thread-1] INFO  server.RaftServerConfigKeys (ConfUtils.java:logGet(46)) - raft.server.snapshot.auto.trigger.enabled = true (custom)
2023-01-06 14:00:12,833 [pool-140-thread-1] INFO  server.RaftServerConfigKeys (ConfUtils.java:logGet(46)) - raft.server.snapshot.auto.trigger.threshold = 10000 (custom)
2023-01-06 14:00:12,833 [pool-140-thread-1] INFO  server.RaftServerConfigKeys (ConfUtils.java:logGet(46)) - raft.server.snapshot.retention.file.num = 5 (custom)
2023-01-06 14:00:12,833 [pool-140-thread-1] INFO  server.RaftServerConfigKeys (ConfUtils.java:logGet(46)) - raft.server.log.purge.upto.snapshot.index = false (default)
2023-01-06 14:00:12,834 [pool-163-thread-1] INFO  impl.RoleInfo (RoleInfo.java:updateAndGet(139)) - 4b735870-47c9-40f5-bf86-6fbe739ba238: start 4b735870-47c9-40f5-bf86-6fbe739ba238@group-76BF4A17A87E-FollowerState
2023-01-06 14:00:12,834 [pool-163-thread-1] INFO  util.JmxRegister (JmxRegister.java:tryRegister(44)) - Successfully registered JMX Bean with object name Ratis:service=RaftServer,group=group-76BF4A17A87E,id=4b735870-47c9-40f5-bf86-6fbe739ba238
2023-01-06 14:00:12,834 [pool-163-thread-1] INFO  server.RaftServerConfigKeys (ConfUtils.java:logGet(46)) - raft.server.snapshot.auto.trigger.enabled = true (custom)
2023-01-06 14:00:12,834 [pool-163-thread-1] INFO  server.RaftServerConfigKeys (ConfUtils.java:logGet(46)) - raft.server.snapshot.auto.trigger.threshold = 10000 (custom)
2023-01-06 14:00:12,834 [pool-163-thread-1] INFO  server.RaftServerConfigKeys (ConfUtils.java:logGet(46)) - raft.server.snapshot.retention.file.num = 5 (custom)
2023-01-06 14:00:12,834 [pool-163-thread-1] INFO  server.RaftServerConfigKeys (ConfUtils.java:logGet(46)) - raft.server.log.purge.upto.snapshot.index = false (default)
2023-01-06 14:00:12,835 [e32a88af-9633-4d64-a8b2-4f5c257759a0@group-E5D550F16D5E-FollowerState] INFO  server.RaftServerConfigKeys (ConfUtils.java:logFallback(53)) - raft.server.rpc.first-election.timeout.min = 5s (fallback to raft.server.rpc.timeout.min)
2023-01-06 14:00:12,835 [e32a88af-9633-4d64-a8b2-4f5c257759a0@group-E5D550F16D5E-FollowerState] INFO  server.RaftServerConfigKeys (ConfUtils.java:logFallback(53)) - raft.server.rpc.first-election.timeout.max = 5200ms (fallback to raft.server.rpc.timeout.max)
2023-01-06 14:00:12,835 [4b735870-47c9-40f5-bf86-6fbe739ba238@group-76BF4A17A87E-FollowerState] INFO  server.RaftServerConfigKeys (ConfUtils.java:logFallback(53)) - raft.server.rpc.first-election.timeout.min = 5s (fallback to raft.server.rpc.timeout.min)
2023-01-06 14:00:12,835 [4b735870-47c9-40f5-bf86-6fbe739ba238@group-76BF4A17A87E-FollowerState] INFO  server.RaftServerConfigKeys (ConfUtils.java:logFallback(53)) - raft.server.rpc.first-election.timeout.max = 5200ms (fallback to raft.server.rpc.timeout.max)
2023-01-06 14:00:12,835 [Command processor thread] INFO  ratis.XceiverServerRatis (XceiverServerRatis.java:addGroup(806)) - Created group PipelineID=946b8fba-8567-4222-b565-76bf4a17a87e
2023-01-06 14:00:12,835 [Command processor thread] INFO  commandhandler.CreatePipelineCommandHandler (CreatePipelineCommandHandler.java:handle(113)) - Created Pipeline RATIS ONE PipelineID=946b8fba-8567-4222-b565-76bf4a17a87e.
2023-01-06 14:00:12,836 [Command processor thread] INFO  server.RaftServer (RaftServerProxy.java:addNew(96)) - 4b735870-47c9-40f5-bf86-6fbe739ba238: addNew group-E5D550F16D5E:[e32a88af-9633-4d64-a8b2-4f5c257759a0|rpc:10.1.0.26:34063|dataStream:10.1.0.26:41351|priority:0|startupRole:FOLLOWER, 4b735870-47c9-40f5-bf86-6fbe739ba238|rpc:10.1.0.26:40757|dataStream:10.1.0.26:34319|priority:1|startupRole:FOLLOWER, 2cd9f762-1be0-4b34-89df-a8822a289ddb|rpc:10.1.0.26:43125|dataStream:10.1.0.26:32929|priority:0|startupRole:FOLLOWER] returns group-E5D550F16D5E:java.util.concurrent.CompletableFuture@2b182b95[Not completed]
2023-01-06 14:00:12,838 [pool-163-thread-1] INFO  server.RaftServer$Division (RaftServerImpl.java:<init>(195)) - 4b735870-47c9-40f5-bf86-6fbe739ba238: new RaftServerImpl for group-E5D550F16D5E:[e32a88af-9633-4d64-a8b2-4f5c257759a0|rpc:10.1.0.26:34063|dataStream:10.1.0.26:41351|priority:0|startupRole:FOLLOWER, 4b735870-47c9-40f5-bf86-6fbe739ba238|rpc:10.1.0.26:40757|dataStream:10.1.0.26:34319|priority:1|startupRole:FOLLOWER, 2cd9f762-1be0-4b34-89df-a8822a289ddb|rpc:10.1.0.26:43125|dataStream:10.1.0.26:32929|priority:0|startupRole:FOLLOWER] with ContainerStateMachine:uninitialized
2023-01-06 14:00:12,838 [pool-163-thread-1] INFO  server.RaftServerConfigKeys (ConfUtils.java:logGet(46)) - raft.server.rpc.timeout.min = 5s (custom)
2023-01-06 14:00:12,838 [pool-163-thread-1] INFO  server.RaftServerConfigKeys (ConfUtils.java:logGet(46)) - raft.server.rpc.timeout.max = 5200ms (custom)
2023-01-06 14:00:12,838 [pool-163-thread-1] INFO  server.RaftServerConfigKeys (ConfUtils.java:logGet(46)) - raft.server.rpc.sleep.time = 25ms (default)
2023-01-06 14:00:12,838 [pool-163-thread-1] INFO  server.RaftServerConfigKeys (ConfUtils.java:logGet(46)) - raft.server.rpc.slowness.timeout = 300s (custom)
2023-01-06 14:00:12,838 [pool-163-thread-1] INFO  server.RaftServerConfigKeys (ConfUtils.java:logGet(46)) - raft.server.leaderelection.leader.step-down.wait-time = 10s (default)
2023-01-06 14:00:12,838 [pool-163-thread-1] INFO  server.RaftServerConfigKeys (ConfUtils.java:logGet(46)) - raft.server.sleep.deviation.threshold = 300ms (default)
2023-01-06 14:00:12,838 [pool-163-thread-1] INFO  server.RaftServer$Division (ServerState.java:<init>(118)) - 4b735870-47c9-40f5-bf86-6fbe739ba238@group-E5D550F16D5E: ConfigurationManager, init=-1: peers:[e32a88af-9633-4d64-a8b2-4f5c257759a0|rpc:10.1.0.26:34063|dataStream:10.1.0.26:41351|priority:0|startupRole:FOLLOWER, 4b735870-47c9-40f5-bf86-6fbe739ba238|rpc:10.1.0.26:40757|dataStream:10.1.0.26:34319|priority:1|startupRole:FOLLOWER, 2cd9f762-1be0-4b34-89df-a8822a289ddb|rpc:10.1.0.26:43125|dataStream:10.1.0.26:32929|priority:0|startupRole:FOLLOWER]|listeners:[], old=null, confs=<EMPTY_MAP>
2023-01-06 14:00:12,838 [pool-163-thread-1] INFO  server.RaftServerConfigKeys (ConfUtils.java:logGet(46)) - raft.server.storage.dir = [/home/runner/work/ozone/ozone/hadoop-ozone/integration-test/target/test-dir/MiniOzoneClusterImpl-2de58cfc-ec7c-41ac-af7d-ad40b55ccb4e/datanode-4/data/ratis] (custom)
2023-01-06 14:00:12,838 [pool-163-thread-1] INFO  server.RaftServerConfigKeys (ConfUtils.java:logGet(46)) - raft.server.log.corruption.policy = EXCEPTION (default)
2023-01-06 14:00:12,838 [pool-163-thread-1] INFO  server.RaftServerConfigKeys (ConfUtils.java:logGet(46)) - raft.server.storage.free-space.min = 0MB (=0) (default)
2023-01-06 14:00:12,838 [pool-163-thread-1] INFO  server.RaftServerConfigKeys (ConfUtils.java:logGet(46)) - raft.server.notification.no-leader.timeout = 300s (custom)
2023-01-06 14:00:12,838 [pool-163-thread-1] INFO  server.RaftServerConfigKeys (ConfUtils.java:logGet(46)) - raft.server.retrycache.expirytime = 600000ms (custom)
2023-01-06 14:00:12,838 [pool-163-thread-1] INFO  server.RaftServerConfigKeys (ConfUtils.java:logGet(46)) - raft.server.retrycache.statistics.expirytime = 100μs (default)
2023-01-06 14:00:12,839 [Command processor thread] INFO  ratis.XceiverServerRatis (XceiverServerRatis.java:addGroup(806)) - Created group PipelineID=dc174d58-9b01-43dd-ac68-e5d550f16d5e
2023-01-06 14:00:12,850 [pool-163-thread-1] INFO  server.RaftServerConfigKeys (ConfUtils.java:logGet(46)) - raft.server.log.appender.install.snapshot.enabled = false (custom)
2023-01-06 14:00:12,850 [pool-163-thread-1] INFO  server.RaftServerConfigKeys (ConfUtils.java:logGet(46)) - raft.server.threadpool.server.cached = true (default)
2023-01-06 14:00:12,850 [pool-163-thread-1] INFO  server.RaftServerConfigKeys (ConfUtils.java:logGet(46)) - raft.server.threadpool.server.size = 0 (default)
2023-01-06 14:00:12,850 [pool-163-thread-1] INFO  server.RaftServerConfigKeys (ConfUtils.java:logGet(46)) - raft.server.threadpool.client.cached = true (default)
2023-01-06 14:00:12,850 [pool-163-thread-1] INFO  server.RaftServerConfigKeys (ConfUtils.java:logGet(46)) - raft.server.threadpool.client.size = 0 (default)
2023-01-06 14:00:12,850 [pool-163-thread-1] INFO  storage.RaftStorageDirectory (RaftStorageDirectoryImpl.java:analyzeStorage(137)) - The storage directory /home/runner/work/ozone/ozone/hadoop-ozone/integration-test/target/test-dir/MiniOzoneClusterImpl-2de58cfc-ec7c-41ac-af7d-ad40b55ccb4e/datanode-4/data/ratis/dc174d58-9b01-43dd-ac68-e5d550f16d5e does not exist. Creating ...
2023-01-06 14:00:12,851 [pool-163-thread-1] INFO  storage.RaftStorageDirectory (RaftStorageDirectoryImpl.java:tryLock(231)) - Lock on /home/runner/work/ozone/ozone/hadoop-ozone/integration-test/target/test-dir/MiniOzoneClusterImpl-2de58cfc-ec7c-41ac-af7d-ad40b55ccb4e/datanode-4/data/ratis/dc174d58-9b01-43dd-ac68-e5d550f16d5e/in_use.lock acquired by nodename 71639@fv-az28-147
2023-01-06 14:00:12,854 [pool-163-thread-1] INFO  storage.RaftStorage (RaftStorageImpl.java:format(96)) - Storage directory /home/runner/work/ozone/ozone/hadoop-ozone/integration-test/target/test-dir/MiniOzoneClusterImpl-2de58cfc-ec7c-41ac-af7d-ad40b55ccb4e/datanode-4/data/ratis/dc174d58-9b01-43dd-ac68-e5d550f16d5e has been successfully formatted.
2023-01-06 14:00:12,854 [pool-163-thread-1] INFO  ratis.ContainerStateMachine (ContainerStateMachine.java:loadSnapshot(240)) - group-E5D550F16D5E: The snapshot info is null. Setting the last applied indexto:(t:0, i:~)
2023-01-06 14:00:12,854 [pool-163-thread-1] INFO  server.RaftServerConfigKeys (ConfUtils.java:logGet(46)) - raft.server.log.use.memory = false (default)
2023-01-06 14:00:12,854 [pool-163-thread-1] INFO  server.RaftServerConfigKeys (ConfUtils.java:logGet(46)) - raft.server.log.purge.gap = 1000000 (custom)
2023-01-06 14:00:12,854 [pool-163-thread-1] INFO  server.RaftServerConfigKeys (ConfUtils.java:logGet(46)) - raft.server.log.appender.buffer.byte-limit = 33554432 (custom)
2023-01-06 14:00:12,854 [pool-163-thread-1] INFO  server.RaftServerConfigKeys (ConfUtils.java:logGet(46)) - raft.server.log.statemachine.data.read.timeout = 1000ms (default)
2023-01-06 14:00:12,855 [pool-163-thread-1] INFO  server.RaftServerConfigKeys (ConfUtils.java:logGet(46)) - raft.server.log.purge.preservation.log.num = 0 (default)
2023-01-06 14:00:12,857 [EventQueue-OpenPipelineForHealthyPipelineSafeModeRule] INFO  safemode.SCMSafeModeManager (HealthyPipelineSafeModeRule.java:process(137)) - SCM in safe mode. Healthy pipelines reported count is 0, required healthy pipeline reported count is 1
2023-01-06 14:00:12,858 [pool-163-thread-1] INFO  server.RaftServerConfigKeys (ConfUtils.java:logGet(46)) - raft.server.log.segment.size.max = 1048576 (custom)
2023-01-06 14:00:12,859 [pool-163-thread-1] INFO  server.RaftServerConfigKeys (ConfUtils.java:logGet(46)) - raft.server.log.segment.cache.num.max = 2 (custom)
2023-01-06 14:00:12,859 [pool-163-thread-1] INFO  server.RaftServerConfigKeys (ConfUtils.java:logGet(46)) - raft.server.log.segment.cache.size.max = 200MB (=209715200) (default)
2023-01-06 14:00:12,859 [pool-163-thread-1] INFO  segmented.SegmentedRaftLogWorker (SegmentedRaftLogWorker.java:<init>(189)) - new 4b735870-47c9-40f5-bf86-6fbe739ba238@group-E5D550F16D5E-SegmentedRaftLogWorker for RaftStorageImpl:Storage Directory /home/runner/work/ozone/ozone/hadoop-ozone/integration-test/target/test-dir/MiniOzoneClusterImpl-2de58cfc-ec7c-41ac-af7d-ad40b55ccb4e/datanode-4/data/ratis/dc174d58-9b01-43dd-ac68-e5d550f16d5e
2023-01-06 14:00:12,859 [pool-163-thread-1] INFO  server.RaftServerConfigKeys (ConfUtils.java:logGet(46)) - raft.server.log.queue.byte-limit = 4294967296 (custom)
2023-01-06 14:00:12,859 [pool-163-thread-1] INFO  server.RaftServerConfigKeys (ConfUtils.java:logGet(46)) - raft.server.log.queue.element-limit = 1024 (custom)
2023-01-06 14:00:12,859 [pool-163-thread-1] INFO  server.RaftServerConfigKeys (ConfUtils.java:logGet(46)) - raft.server.log.segment.size.max = 1048576 (custom)
2023-01-06 14:00:12,859 [pool-163-thread-1] INFO  server.RaftServerConfigKeys (ConfUtils.java:logGet(46)) - raft.server.log.preallocated.size = 16384 (custom)
2023-01-06 14:00:12,859 [pool-163-thread-1] INFO  server.RaftServerConfigKeys (ConfUtils.java:logGet(46)) - raft.server.log.force.sync.num = 128 (default)
2023-01-06 14:00:12,859 [pool-163-thread-1] INFO  server.RaftServerConfigKeys (ConfUtils.java:logGet(46)) - raft.server.log.statemachine.data.sync = true (default)
2023-01-06 14:00:12,859 [pool-163-thread-1] INFO  server.RaftServerConfigKeys (ConfUtils.java:logGet(46)) - raft.server.log.statemachine.data.sync.timeout = 10s (default)
2023-01-06 14:00:12,859 [pool-163-thread-1] INFO  server.RaftServerConfigKeys (ConfUtils.java:logGet(46)) - raft.server.log.statemachine.data.sync.timeout.retry = -1 (default)
2023-01-06 14:00:12,860 [pool-163-thread-1] INFO  server.RaftServerConfigKeys (ConfUtils.java:logGet(46)) - raft.server.log.write.buffer.size = 1048576 (custom)
2023-01-06 14:00:12,861 [pool-163-thread-1] INFO  server.RaftServerConfigKeys (ConfUtils.java:logGet(46)) - raft.server.log.appender.buffer.byte-limit = 33554432 (custom)
2023-01-06 14:00:12,867 [pool-163-thread-1] INFO  server.RaftServerConfigKeys (ConfUtils.java:logGet(46)) - raft.server.log.unsafe-flush.enabled = false (default)
2023-01-06 14:00:12,867 [pool-163-thread-1] INFO  server.RaftServerConfigKeys (ConfUtils.java:logGet(46)) - raft.server.log.async-flush.enabled = false (default)
2023-01-06 14:00:12,867 [pool-163-thread-1] INFO  server.RaftServerConfigKeys (ConfUtils.java:logGet(46)) - raft.server.log.statemachine.data.caching.enabled = true (custom)
2023-01-06 14:00:12,871 [pool-163-thread-1] INFO  segmented.SegmentedRaftLogWorker (SegmentedRaftLogWorker.java:lambda$new$0(135)) - 4b735870-47c9-40f5-bf86-6fbe739ba238@group-E5D550F16D5E-SegmentedRaftLogWorker: flushIndex: setUnconditionally 0 -> -1
2023-01-06 14:00:12,871 [pool-163-thread-1] INFO  segmented.SegmentedRaftLogWorker (SegmentedRaftLogWorker.java:lambda$new$0(135)) - 4b735870-47c9-40f5-bf86-6fbe739ba238@group-E5D550F16D5E-SegmentedRaftLogWorker: safeCacheEvictIndex: setUnconditionally 0 -> -1
2023-01-06 14:00:12,876 [grpc-default-executor-1] INFO  server.RaftServer (RaftServerProxy.java:addNew(96)) - 2cd9f762-1be0-4b34-89df-a8822a289ddb: addNew group-E5D550F16D5E:[e32a88af-9633-4d64-a8b2-4f5c257759a0|rpc:10.1.0.26:34063|dataStream:10.1.0.26:41351|priority:0|startupRole:FOLLOWER, 4b735870-47c9-40f5-bf86-6fbe739ba238|rpc:10.1.0.26:40757|dataStream:10.1.0.26:34319|priority:1|startupRole:FOLLOWER, 2cd9f762-1be0-4b34-89df-a8822a289ddb|rpc:10.1.0.26:43125|dataStream:10.1.0.26:32929|priority:0|startupRole:FOLLOWER] returns group-E5D550F16D5E:java.util.concurrent.CompletableFuture@41991c8d[Not completed]
2023-01-06 14:00:12,877 [pool-163-thread-1] INFO  server.RaftServer$Division (RaftServerImpl.java:start(334)) - 4b735870-47c9-40f5-bf86-6fbe739ba238@group-E5D550F16D5E: start as a follower, conf=-1: peers:[e32a88af-9633-4d64-a8b2-4f5c257759a0|rpc:10.1.0.26:34063|dataStream:10.1.0.26:41351|priority:0|startupRole:FOLLOWER, 4b735870-47c9-40f5-bf86-6fbe739ba238|rpc:10.1.0.26:40757|dataStream:10.1.0.26:34319|priority:1|startupRole:FOLLOWER, 2cd9f762-1be0-4b34-89df-a8822a289ddb|rpc:10.1.0.26:43125|dataStream:10.1.0.26:32929|priority:0|startupRole:FOLLOWER]|listeners:[], old=null
2023-01-06 14:00:12,877 [pool-163-thread-1] INFO  server.RaftServer$Division (RaftServerImpl.java:setRole(321)) - 4b735870-47c9-40f5-bf86-6fbe739ba238@group-E5D550F16D5E: changes role from      null to FOLLOWER at term 0 for startAsFollower
2023-01-06 14:00:12,877 [pool-163-thread-1] INFO  impl.RoleInfo (RoleInfo.java:updateAndGet(139)) - 4b735870-47c9-40f5-bf86-6fbe739ba238: start 4b735870-47c9-40f5-bf86-6fbe739ba238@group-E5D550F16D5E-FollowerState
2023-01-06 14:00:12,877 [pool-163-thread-1] INFO  util.JmxRegister (JmxRegister.java:tryRegister(44)) - Successfully registered JMX Bean with object name Ratis:service=RaftServer,group=group-E5D550F16D5E,id=4b735870-47c9-40f5-bf86-6fbe739ba238
2023-01-06 14:00:12,877 [pool-163-thread-1] INFO  server.RaftServerConfigKeys (ConfUtils.java:logGet(46)) - raft.server.snapshot.auto.trigger.enabled = true (custom)
2023-01-06 14:00:12,877 [pool-163-thread-1] INFO  server.RaftServerConfigKeys (ConfUtils.java:logGet(46)) - raft.server.snapshot.auto.trigger.threshold = 10000 (custom)
2023-01-06 14:00:12,877 [pool-163-thread-1] INFO  server.RaftServerConfigKeys (ConfUtils.java:logGet(46)) - raft.server.snapshot.retention.file.num = 5 (custom)
2023-01-06 14:00:12,877 [pool-163-thread-1] INFO  server.RaftServerConfigKeys (ConfUtils.java:logGet(46)) - raft.server.log.purge.upto.snapshot.index = false (default)
2023-01-06 14:00:12,877 [pool-186-thread-1] INFO  server.RaftServer$Division (RaftServerImpl.java:<init>(195)) - 2cd9f762-1be0-4b34-89df-a8822a289ddb: new RaftServerImpl for group-E5D550F16D5E:[e32a88af-9633-4d64-a8b2-4f5c257759a0|rpc:10.1.0.26:34063|dataStream:10.1.0.26:41351|priority:0|startupRole:FOLLOWER, 4b735870-47c9-40f5-bf86-6fbe739ba238|rpc:10.1.0.26:40757|dataStream:10.1.0.26:34319|priority:1|startupRole:FOLLOWER, 2cd9f762-1be0-4b34-89df-a8822a289ddb|rpc:10.1.0.26:43125|dataStream:10.1.0.26:32929|priority:0|startupRole:FOLLOWER] with ContainerStateMachine:uninitialized
2023-01-06 14:00:12,880 [4b735870-47c9-40f5-bf86-6fbe739ba238@group-E5D550F16D5E-FollowerState] INFO  server.RaftServerConfigKeys (ConfUtils.java:logFallback(53)) - raft.server.rpc.first-election.timeout.min = 5s (fallback to raft.server.rpc.timeout.min)
2023-01-06 14:00:12,882 [Command processor thread] INFO  ratis.XceiverServerRatis (XceiverServerRatis.java:addGroup(806)) - Created group PipelineID=dc174d58-9b01-43dd-ac68-e5d550f16d5e
2023-01-06 14:00:12,883 [4b735870-47c9-40f5-bf86-6fbe739ba238@group-E5D550F16D5E-FollowerState] INFO  server.RaftServerConfigKeys (ConfUtils.java:logFallback(53)) - raft.server.rpc.first-election.timeout.max = 5200ms (fallback to raft.server.rpc.timeout.max)
2023-01-06 14:00:12,882 [pool-186-thread-1] INFO  server.RaftServerConfigKeys (ConfUtils.java:logGet(46)) - raft.server.rpc.timeout.min = 5s (custom)
2023-01-06 14:00:12,883 [pool-186-thread-1] INFO  server.RaftServerConfigKeys (ConfUtils.java:logGet(46)) - raft.server.rpc.timeout.max = 5200ms (custom)
2023-01-06 14:00:12,883 [pool-186-thread-1] INFO  server.RaftServerConfigKeys (ConfUtils.java:logGet(46)) - raft.server.rpc.sleep.time = 25ms (default)
2023-01-06 14:00:12,883 [pool-186-thread-1] INFO  server.RaftServerConfigKeys (ConfUtils.java:logGet(46)) - raft.server.rpc.slowness.timeout = 300s (custom)
2023-01-06 14:00:12,883 [pool-186-thread-1] INFO  server.RaftServerConfigKeys (ConfUtils.java:logGet(46)) - raft.server.leaderelection.leader.step-down.wait-time = 10s (default)
2023-01-06 14:00:12,883 [pool-186-thread-1] INFO  server.RaftServerConfigKeys (ConfUtils.java:logGet(46)) - raft.server.sleep.deviation.threshold = 300ms (default)
2023-01-06 14:00:12,883 [pool-186-thread-1] INFO  server.RaftServer$Division (ServerState.java:<init>(118)) - 2cd9f762-1be0-4b34-89df-a8822a289ddb@group-E5D550F16D5E: ConfigurationManager, init=-1: peers:[e32a88af-9633-4d64-a8b2-4f5c257759a0|rpc:10.1.0.26:34063|dataStream:10.1.0.26:41351|priority:0|startupRole:FOLLOWER, 4b735870-47c9-40f5-bf86-6fbe739ba238|rpc:10.1.0.26:40757|dataStream:10.1.0.26:34319|priority:1|startupRole:FOLLOWER, 2cd9f762-1be0-4b34-89df-a8822a289ddb|rpc:10.1.0.26:43125|dataStream:10.1.0.26:32929|priority:0|startupRole:FOLLOWER]|listeners:[], old=null, confs=<EMPTY_MAP>
2023-01-06 14:00:12,883 [pool-186-thread-1] INFO  server.RaftServerConfigKeys (ConfUtils.java:logGet(46)) - raft.server.storage.dir = [/home/runner/work/ozone/ozone/hadoop-ozone/integration-test/target/test-dir/MiniOzoneClusterImpl-2de58cfc-ec7c-41ac-af7d-ad40b55ccb4e/datanode-5/data/ratis] (custom)
2023-01-06 14:00:12,883 [pool-186-thread-1] INFO  server.RaftServerConfigKeys (ConfUtils.java:logGet(46)) - raft.server.log.corruption.policy = EXCEPTION (default)
2023-01-06 14:00:12,883 [pool-186-thread-1] INFO  server.RaftServerConfigKeys (ConfUtils.java:logGet(46)) - raft.server.storage.free-space.min = 0MB (=0) (default)
2023-01-06 14:00:12,883 [pool-186-thread-1] INFO  server.RaftServerConfigKeys (ConfUtils.java:logGet(46)) - raft.server.notification.no-leader.timeout = 300s (custom)
2023-01-06 14:00:12,883 [pool-186-thread-1] INFO  server.RaftServerConfigKeys (ConfUtils.java:logGet(46)) - raft.server.retrycache.expirytime = 600000ms (custom)
2023-01-06 14:00:12,883 [pool-186-thread-1] INFO  server.RaftServerConfigKeys (ConfUtils.java:logGet(46)) - raft.server.retrycache.statistics.expirytime = 100μs (default)
2023-01-06 14:00:12,884 [pool-186-thread-1] INFO  server.RaftServerConfigKeys (ConfUtils.java:logGet(46)) - raft.server.log.appender.install.snapshot.enabled = false (custom)
2023-01-06 14:00:12,884 [pool-186-thread-1] INFO  server.RaftServerConfigKeys (ConfUtils.java:logGet(46)) - raft.server.threadpool.server.cached = true (default)
2023-01-06 14:00:12,884 [pool-186-thread-1] INFO  server.RaftServerConfigKeys (ConfUtils.java:logGet(46)) - raft.server.threadpool.server.size = 0 (default)
2023-01-06 14:00:12,884 [pool-186-thread-1] INFO  server.RaftServerConfigKeys (ConfUtils.java:logGet(46)) - raft.server.threadpool.client.cached = true (default)
2023-01-06 14:00:12,884 [pool-186-thread-1] INFO  server.RaftServerConfigKeys (ConfUtils.java:logGet(46)) - raft.server.threadpool.client.size = 0 (default)
2023-01-06 14:00:12,884 [pool-186-thread-1] INFO  storage.RaftStorageDirectory (RaftStorageDirectoryImpl.java:analyzeStorage(137)) - The storage directory /home/runner/work/ozone/ozone/hadoop-ozone/integration-test/target/test-dir/MiniOzoneClusterImpl-2de58cfc-ec7c-41ac-af7d-ad40b55ccb4e/datanode-5/data/ratis/dc174d58-9b01-43dd-ac68-e5d550f16d5e does not exist. Creating ...
2023-01-06 14:00:12,886 [pool-186-thread-1] INFO  storage.RaftStorageDirectory (RaftStorageDirectoryImpl.java:tryLock(231)) - Lock on /home/runner/work/ozone/ozone/hadoop-ozone/integration-test/target/test-dir/MiniOzoneClusterImpl-2de58cfc-ec7c-41ac-af7d-ad40b55ccb4e/datanode-5/data/ratis/dc174d58-9b01-43dd-ac68-e5d550f16d5e/in_use.lock acquired by nodename 71639@fv-az28-147
2023-01-06 14:00:12,890 [pool-186-thread-1] INFO  storage.RaftStorage (RaftStorageImpl.java:format(96)) - Storage directory /home/runner/work/ozone/ozone/hadoop-ozone/integration-test/target/test-dir/MiniOzoneClusterImpl-2de58cfc-ec7c-41ac-af7d-ad40b55ccb4e/datanode-5/data/ratis/dc174d58-9b01-43dd-ac68-e5d550f16d5e has been successfully formatted.
2023-01-06 14:00:12,892 [pool-186-thread-1] INFO  ratis.ContainerStateMachine (ContainerStateMachine.java:loadSnapshot(240)) - group-E5D550F16D5E: The snapshot info is null. Setting the last applied indexto:(t:0, i:~)
2023-01-06 14:00:12,893 [pool-186-thread-1] INFO  server.RaftServerConfigKeys (ConfUtils.java:logGet(46)) - raft.server.log.use.memory = false (default)
2023-01-06 14:00:12,893 [pool-186-thread-1] INFO  server.RaftServerConfigKeys (ConfUtils.java:logGet(46)) - raft.server.log.purge.gap = 1000000 (custom)
2023-01-06 14:00:12,893 [pool-186-thread-1] INFO  server.RaftServerConfigKeys (ConfUtils.java:logGet(46)) - raft.server.log.appender.buffer.byte-limit = 33554432 (custom)
2023-01-06 14:00:12,893 [pool-186-thread-1] INFO  server.RaftServerConfigKeys (ConfUtils.java:logGet(46)) - raft.server.log.statemachine.data.read.timeout = 1000ms (default)
2023-01-06 14:00:12,893 [pool-186-thread-1] INFO  server.RaftServerConfigKeys (ConfUtils.java:logGet(46)) - raft.server.log.purge.preservation.log.num = 0 (default)
2023-01-06 14:00:12,893 [pool-186-thread-1] INFO  server.RaftServerConfigKeys (ConfUtils.java:logGet(46)) - raft.server.log.segment.size.max = 1048576 (custom)
2023-01-06 14:00:12,893 [pool-186-thread-1] INFO  server.RaftServerConfigKeys (ConfUtils.java:logGet(46)) - raft.server.log.segment.cache.num.max = 2 (custom)
2023-01-06 14:00:12,893 [pool-186-thread-1] INFO  server.RaftServerConfigKeys (ConfUtils.java:logGet(46)) - raft.server.log.segment.cache.size.max = 200MB (=209715200) (default)
2023-01-06 14:00:12,893 [pool-186-thread-1] INFO  segmented.SegmentedRaftLogWorker (SegmentedRaftLogWorker.java:<init>(189)) - new 2cd9f762-1be0-4b34-89df-a8822a289ddb@group-E5D550F16D5E-SegmentedRaftLogWorker for RaftStorageImpl:Storage Directory /home/runner/work/ozone/ozone/hadoop-ozone/integration-test/target/test-dir/MiniOzoneClusterImpl-2de58cfc-ec7c-41ac-af7d-ad40b55ccb4e/datanode-5/data/ratis/dc174d58-9b01-43dd-ac68-e5d550f16d5e
2023-01-06 14:00:12,893 [pool-186-thread-1] INFO  server.RaftServerConfigKeys (ConfUtils.java:logGet(46)) - raft.server.log.queue.byte-limit = 4294967296 (custom)
2023-01-06 14:00:12,893 [pool-186-thread-1] INFO  server.RaftServerConfigKeys (ConfUtils.java:logGet(46)) - raft.server.log.queue.element-limit = 1024 (custom)
2023-01-06 14:00:12,894 [pool-186-thread-1] INFO  server.RaftServerConfigKeys (ConfUtils.java:logGet(46)) - raft.server.log.segment.size.max = 1048576 (custom)
2023-01-06 14:00:12,894 [pool-186-thread-1] INFO  server.RaftServerConfigKeys (ConfUtils.java:logGet(46)) - raft.server.log.preallocated.size = 16384 (custom)
2023-01-06 14:00:12,894 [pool-186-thread-1] INFO  server.RaftServerConfigKeys (ConfUtils.java:logGet(46)) - raft.server.log.force.sync.num = 128 (default)
2023-01-06 14:00:12,894 [pool-186-thread-1] INFO  server.RaftServerConfigKeys (ConfUtils.java:logGet(46)) - raft.server.log.statemachine.data.sync = true (default)
2023-01-06 14:00:12,894 [pool-186-thread-1] INFO  server.RaftServerConfigKeys (ConfUtils.java:logGet(46)) - raft.server.log.statemachine.data.sync.timeout = 10s (default)
2023-01-06 14:00:12,894 [pool-186-thread-1] INFO  server.RaftServerConfigKeys (ConfUtils.java:logGet(46)) - raft.server.log.statemachine.data.sync.timeout.retry = -1 (default)
2023-01-06 14:00:12,895 [pool-186-thread-1] INFO  server.RaftServerConfigKeys (ConfUtils.java:logGet(46)) - raft.server.log.write.buffer.size = 1048576 (custom)
2023-01-06 14:00:12,896 [pool-186-thread-1] INFO  server.RaftServerConfigKeys (ConfUtils.java:logGet(46)) - raft.server.log.appender.buffer.byte-limit = 33554432 (custom)
2023-01-06 14:00:12,901 [pool-186-thread-1] INFO  server.RaftServerConfigKeys (ConfUtils.java:logGet(46)) - raft.server.log.unsafe-flush.enabled = false (default)
2023-01-06 14:00:12,901 [pool-186-thread-1] INFO  server.RaftServerConfigKeys (ConfUtils.java:logGet(46)) - raft.server.log.async-flush.enabled = false (default)
2023-01-06 14:00:12,901 [pool-186-thread-1] INFO  server.RaftServerConfigKeys (ConfUtils.java:logGet(46)) - raft.server.log.statemachine.data.caching.enabled = true (custom)
2023-01-06 14:00:12,901 [pool-186-thread-1] INFO  segmented.SegmentedRaftLogWorker (SegmentedRaftLogWorker.java:lambda$new$0(135)) - 2cd9f762-1be0-4b34-89df-a8822a289ddb@group-E5D550F16D5E-SegmentedRaftLogWorker: flushIndex: setUnconditionally 0 -> -1
2023-01-06 14:00:12,901 [pool-186-thread-1] INFO  segmented.SegmentedRaftLogWorker (SegmentedRaftLogWorker.java:lambda$new$0(135)) - 2cd9f762-1be0-4b34-89df-a8822a289ddb@group-E5D550F16D5E-SegmentedRaftLogWorker: safeCacheEvictIndex: setUnconditionally 0 -> -1
2023-01-06 14:00:12,913 [pool-186-thread-1] INFO  server.RaftServer$Division (RaftServerImpl.java:start(334)) - 2cd9f762-1be0-4b34-89df-a8822a289ddb@group-E5D550F16D5E: start as a follower, conf=-1: peers:[e32a88af-9633-4d64-a8b2-4f5c257759a0|rpc:10.1.0.26:34063|dataStream:10.1.0.26:41351|priority:0|startupRole:FOLLOWER, 4b735870-47c9-40f5-bf86-6fbe739ba238|rpc:10.1.0.26:40757|dataStream:10.1.0.26:34319|priority:1|startupRole:FOLLOWER, 2cd9f762-1be0-4b34-89df-a8822a289ddb|rpc:10.1.0.26:43125|dataStream:10.1.0.26:32929|priority:0|startupRole:FOLLOWER]|listeners:[], old=null
2023-01-06 14:00:12,914 [pool-186-thread-1] INFO  server.RaftServer$Division (RaftServerImpl.java:setRole(321)) - 2cd9f762-1be0-4b34-89df-a8822a289ddb@group-E5D550F16D5E: changes role from      null to FOLLOWER at term 0 for startAsFollower
2023-01-06 14:00:12,914 [pool-186-thread-1] INFO  impl.RoleInfo (RoleInfo.java:updateAndGet(139)) - 2cd9f762-1be0-4b34-89df-a8822a289ddb: start 2cd9f762-1be0-4b34-89df-a8822a289ddb@group-E5D550F16D5E-FollowerState
2023-01-06 14:00:12,917 [pool-186-thread-1] INFO  util.JmxRegister (JmxRegister.java:tryRegister(44)) - Successfully registered JMX Bean with object name Ratis:service=RaftServer,group=group-E5D550F16D5E,id=2cd9f762-1be0-4b34-89df-a8822a289ddb
2023-01-06 14:00:12,917 [pool-186-thread-1] INFO  server.RaftServerConfigKeys (ConfUtils.java:logGet(46)) - raft.server.snapshot.auto.trigger.enabled = true (custom)
2023-01-06 14:00:12,917 [pool-186-thread-1] INFO  server.RaftServerConfigKeys (ConfUtils.java:logGet(46)) - raft.server.snapshot.auto.trigger.threshold = 10000 (custom)
2023-01-06 14:00:12,917 [pool-186-thread-1] INFO  server.RaftServerConfigKeys (ConfUtils.java:logGet(46)) - raft.server.snapshot.retention.file.num = 5 (custom)
2023-01-06 14:00:12,917 [pool-186-thread-1] INFO  server.RaftServerConfigKeys (ConfUtils.java:logGet(46)) - raft.server.log.purge.upto.snapshot.index = false (default)
2023-01-06 14:00:12,917 [2cd9f762-1be0-4b34-89df-a8822a289ddb@group-E5D550F16D5E-FollowerState] INFO  server.RaftServerConfigKeys (ConfUtils.java:logFallback(53)) - raft.server.rpc.first-election.timeout.min = 5s (fallback to raft.server.rpc.timeout.min)
2023-01-06 14:00:12,917 [2cd9f762-1be0-4b34-89df-a8822a289ddb@group-E5D550F16D5E-FollowerState] INFO  server.RaftServerConfigKeys (ConfUtils.java:logFallback(53)) - raft.server.rpc.first-election.timeout.max = 5200ms (fallback to raft.server.rpc.timeout.max)
2023-01-06 14:00:12,966 [Command processor thread] INFO  commandhandler.CreatePipelineCommandHandler (CreatePipelineCommandHandler.java:handle(113)) - Created Pipeline RATIS THREE PipelineID=dc174d58-9b01-43dd-ac68-e5d550f16d5e.
2023-01-06 14:00:12,968 [Command processor thread] INFO  commandhandler.CreatePipelineCommandHandler (CreatePipelineCommandHandler.java:handle(113)) - Created Pipeline RATIS THREE PipelineID=dc174d58-9b01-43dd-ac68-e5d550f16d5e.
2023-01-06 14:00:13,065 [Command processor thread] INFO  server.RaftServer (RaftServerProxy.java:addNew(96)) - 2cd9f762-1be0-4b34-89df-a8822a289ddb: addNew group-8FCEBD3931F1:[2cd9f762-1be0-4b34-89df-a8822a289ddb|rpc:10.1.0.26:43125|dataStream:10.1.0.26:32929|priority:1|startupRole:FOLLOWER] returns group-8FCEBD3931F1:java.util.concurrent.CompletableFuture@41e1a88d[Not completed]
2023-01-06 14:00:13,066 [pool-186-thread-1] INFO  server.RaftServer$Division (RaftServerImpl.java:<init>(195)) - 2cd9f762-1be0-4b34-89df-a8822a289ddb: new RaftServerImpl for group-8FCEBD3931F1:[2cd9f762-1be0-4b34-89df-a8822a289ddb|rpc:10.1.0.26:43125|dataStream:10.1.0.26:32929|priority:1|startupRole:FOLLOWER] with ContainerStateMachine:uninitialized
2023-01-06 14:00:13,066 [pool-186-thread-1] INFO  server.RaftServerConfigKeys (ConfUtils.java:logGet(46)) - raft.server.rpc.timeout.min = 5s (custom)
2023-01-06 14:00:13,066 [pool-186-thread-1] INFO  server.RaftServerConfigKeys (ConfUtils.java:logGet(46)) - raft.server.rpc.timeout.max = 5200ms (custom)
2023-01-06 14:00:13,066 [pool-186-thread-1] INFO  server.RaftServerConfigKeys (ConfUtils.java:logGet(46)) - raft.server.rpc.sleep.time = 25ms (default)
2023-01-06 14:00:13,066 [pool-186-thread-1] INFO  server.RaftServerConfigKeys (ConfUtils.java:logGet(46)) - raft.server.rpc.slowness.timeout = 300s (custom)
2023-01-06 14:00:13,066 [pool-186-thread-1] INFO  server.RaftServerConfigKeys (ConfUtils.java:logGet(46)) - raft.server.leaderelection.leader.step-down.wait-time = 10s (default)
2023-01-06 14:00:13,066 [pool-186-thread-1] INFO  server.RaftServerConfigKeys (ConfUtils.java:logGet(46)) - raft.server.sleep.deviation.threshold = 300ms (default)
2023-01-06 14:00:13,066 [pool-186-thread-1] INFO  server.RaftServer$Division (ServerState.java:<init>(118)) - 2cd9f762-1be0-4b34-89df-a8822a289ddb@group-8FCEBD3931F1: ConfigurationManager, init=-1: peers:[2cd9f762-1be0-4b34-89df-a8822a289ddb|rpc:10.1.0.26:43125|dataStream:10.1.0.26:32929|priority:1|startupRole:FOLLOWER]|listeners:[], old=null, confs=<EMPTY_MAP>
2023-01-06 14:00:13,066 [pool-186-thread-1] INFO  server.RaftServerConfigKeys (ConfUtils.java:logGet(46)) - raft.server.storage.dir = [/home/runner/work/ozone/ozone/hadoop-ozone/integration-test/target/test-dir/MiniOzoneClusterImpl-2de58cfc-ec7c-41ac-af7d-ad40b55ccb4e/datanode-5/data/ratis] (custom)
2023-01-06 14:00:13,066 [pool-186-thread-1] INFO  server.RaftServerConfigKeys (ConfUtils.java:logGet(46)) - raft.server.log.corruption.policy = EXCEPTION (default)
2023-01-06 14:00:13,066 [pool-186-thread-1] INFO  server.RaftServerConfigKeys (ConfUtils.java:logGet(46)) - raft.server.storage.free-space.min = 0MB (=0) (default)
2023-01-06 14:00:13,067 [pool-186-thread-1] INFO  server.RaftServerConfigKeys (ConfUtils.java:logGet(46)) - raft.server.notification.no-leader.timeout = 300s (custom)
2023-01-06 14:00:13,067 [pool-186-thread-1] INFO  server.RaftServerConfigKeys (ConfUtils.java:logGet(46)) - raft.server.retrycache.expirytime = 600000ms (custom)
2023-01-06 14:00:13,067 [pool-186-thread-1] INFO  server.RaftServerConfigKeys (ConfUtils.java:logGet(46)) - raft.server.retrycache.statistics.expirytime = 100μs (default)
2023-01-06 14:00:13,067 [pool-186-thread-1] INFO  server.RaftServerConfigKeys (ConfUtils.java:logGet(46)) - raft.server.log.appender.install.snapshot.enabled = false (custom)
2023-01-06 14:00:13,068 [pool-186-thread-1] INFO  server.RaftServerConfigKeys (ConfUtils.java:logGet(46)) - raft.server.threadpool.server.cached = true (default)
2023-01-06 14:00:13,068 [pool-186-thread-1] INFO  server.RaftServerConfigKeys (ConfUtils.java:logGet(46)) - raft.server.threadpool.server.size = 0 (default)
2023-01-06 14:00:13,068 [pool-186-thread-1] INFO  server.RaftServerConfigKeys (ConfUtils.java:logGet(46)) - raft.server.threadpool.client.cached = true (default)
2023-01-06 14:00:13,068 [pool-186-thread-1] INFO  server.RaftServerConfigKeys (ConfUtils.java:logGet(46)) - raft.server.threadpool.client.size = 0 (default)
2023-01-06 14:00:13,068 [pool-186-thread-1] INFO  storage.RaftStorageDirectory (RaftStorageDirectoryImpl.java:analyzeStorage(137)) - The storage directory /home/runner/work/ozone/ozone/hadoop-ozone/integration-test/target/test-dir/MiniOzoneClusterImpl-2de58cfc-ec7c-41ac-af7d-ad40b55ccb4e/datanode-5/data/ratis/bbd080ba-6b0a-4d5f-bf02-8fcebd3931f1 does not exist. Creating ...
2023-01-06 14:00:13,068 [pool-186-thread-1] INFO  storage.RaftStorageDirectory (RaftStorageDirectoryImpl.java:tryLock(231)) - Lock on /home/runner/work/ozone/ozone/hadoop-ozone/integration-test/target/test-dir/MiniOzoneClusterImpl-2de58cfc-ec7c-41ac-af7d-ad40b55ccb4e/datanode-5/data/ratis/bbd080ba-6b0a-4d5f-bf02-8fcebd3931f1/in_use.lock acquired by nodename 71639@fv-az28-147
2023-01-06 14:00:13,069 [pool-186-thread-1] INFO  storage.RaftStorage (RaftStorageImpl.java:format(96)) - Storage directory /home/runner/work/ozone/ozone/hadoop-ozone/integration-test/target/test-dir/MiniOzoneClusterImpl-2de58cfc-ec7c-41ac-af7d-ad40b55ccb4e/datanode-5/data/ratis/bbd080ba-6b0a-4d5f-bf02-8fcebd3931f1 has been successfully formatted.
2023-01-06 14:00:13,070 [pool-186-thread-1] INFO  ratis.ContainerStateMachine (ContainerStateMachine.java:loadSnapshot(240)) - group-8FCEBD3931F1: The snapshot info is null. Setting the last applied indexto:(t:0, i:~)
2023-01-06 14:00:13,071 [pool-186-thread-1] INFO  server.RaftServerConfigKeys (ConfUtils.java:logGet(46)) - raft.server.log.use.memory = false (default)
2023-01-06 14:00:13,071 [pool-186-thread-1] INFO  server.RaftServerConfigKeys (ConfUtils.java:logGet(46)) - raft.server.log.purge.gap = 1000000 (custom)
2023-01-06 14:00:13,071 [pool-186-thread-1] INFO  server.RaftServerConfigKeys (ConfUtils.java:logGet(46)) - raft.server.log.appender.buffer.byte-limit = 33554432 (custom)
2023-01-06 14:00:13,071 [pool-186-thread-1] INFO  server.RaftServerConfigKeys (ConfUtils.java:logGet(46)) - raft.server.log.statemachine.data.read.timeout = 1000ms (default)
2023-01-06 14:00:13,071 [pool-186-thread-1] INFO  server.RaftServerConfigKeys (ConfUtils.java:logGet(46)) - raft.server.log.purge.preservation.log.num = 0 (default)
2023-01-06 14:00:13,071 [EventQueue-PipelineReportForPipelineReportHandler] INFO  pipeline.PipelineManagerImpl (PipelineManagerImpl.java:openPipeline(367)) - Pipeline Pipeline[ Id: bbd080ba-6b0a-4d5f-bf02-8fcebd3931f1, Nodes: 2cd9f762-1be0-4b34-89df-a8822a289ddb{ip: 10.1.0.26, host: fv-az28-147.ycjfjujedjyu5lezsnvlijijec.cx.internal.cloudapp.net, ports: [REPLICATION=40893, RATIS=43125, RATIS_ADMIN=43125, RATIS_SERVER=43125, RATIS_DATASTREAM=32929, STANDALONE=34635], networkLocation: /default-rack, certSerialId: null, persistedOpState: IN_SERVICE, persistedOpStateExpiryEpochSec: 0}, ReplicationConfig: RATIS/ONE, State:ALLOCATED, leaderId:2cd9f762-1be0-4b34-89df-a8822a289ddb, CreationTimestamp2023-01-06T14:00:10.068Z[Etc/UTC]] moved to OPEN state
2023-01-06 14:00:13,072 [EventQueue-OpenPipelineForHealthyPipelineSafeModeRule] INFO  safemode.SCMSafeModeManager (HealthyPipelineSafeModeRule.java:process(137)) - SCM in safe mode. Healthy pipelines reported count is 0, required healthy pipeline reported count is 1
2023-01-06 14:00:13,072 [pool-186-thread-1] INFO  server.RaftServerConfigKeys (ConfUtils.java:logGet(46)) - raft.server.log.segment.size.max = 1048576 (custom)
2023-01-06 14:00:13,072 [pool-186-thread-1] INFO  server.RaftServerConfigKeys (ConfUtils.java:logGet(46)) - raft.server.log.segment.cache.num.max = 2 (custom)
2023-01-06 14:00:13,072 [pool-186-thread-1] INFO  server.RaftServerConfigKeys (ConfUtils.java:logGet(46)) - raft.server.log.segment.cache.size.max = 200MB (=209715200) (default)
2023-01-06 14:00:13,072 [pool-186-thread-1] INFO  segmented.SegmentedRaftLogWorker (SegmentedRaftLogWorker.java:<init>(189)) - new 2cd9f762-1be0-4b34-89df-a8822a289ddb@group-8FCEBD3931F1-SegmentedRaftLogWorker for RaftStorageImpl:Storage Directory /home/runner/work/ozone/ozone/hadoop-ozone/integration-test/target/test-dir/MiniOzoneClusterImpl-2de58cfc-ec7c-41ac-af7d-ad40b55ccb4e/datanode-5/data/ratis/bbd080ba-6b0a-4d5f-bf02-8fcebd3931f1
2023-01-06 14:00:13,072 [pool-186-thread-1] INFO  server.RaftServerConfigKeys (ConfUtils.java:logGet(46)) - raft.server.log.queue.byte-limit = 4294967296 (custom)
2023-01-06 14:00:13,072 [pool-186-thread-1] INFO  server.RaftServerConfigKeys (ConfUtils.java:logGet(46)) - raft.server.log.queue.element-limit = 1024 (custom)
2023-01-06 14:00:13,072 [pool-186-thread-1] INFO  server.RaftServerConfigKeys (ConfUtils.java:logGet(46)) - raft.server.log.segment.size.max = 1048576 (custom)
2023-01-06 14:00:13,073 [pool-186-thread-1] INFO  server.RaftServerConfigKeys (ConfUtils.java:logGet(46)) - raft.server.log.preallocated.size = 16384 (custom)
2023-01-06 14:00:13,074 [pool-186-thread-1] INFO  server.RaftServerConfigKeys (ConfUtils.java:logGet(46)) - raft.server.log.force.sync.num = 128 (default)
2023-01-06 14:00:13,074 [pool-186-thread-1] INFO  server.RaftServerConfigKeys (ConfUtils.java:logGet(46)) - raft.server.log.statemachine.data.sync = true (default)
2023-01-06 14:00:13,074 [pool-186-thread-1] INFO  server.RaftServerConfigKeys (ConfUtils.java:logGet(46)) - raft.server.log.statemachine.data.sync.timeout = 10s (default)
2023-01-06 14:00:13,074 [pool-186-thread-1] INFO  server.RaftServerConfigKeys (ConfUtils.java:logGet(46)) - raft.server.log.statemachine.data.sync.timeout.retry = -1 (default)
2023-01-06 14:00:13,075 [pool-186-thread-1] INFO  server.RaftServerConfigKeys (ConfUtils.java:logGet(46)) - raft.server.log.write.buffer.size = 1048576 (custom)
2023-01-06 14:00:13,077 [pool-186-thread-1] INFO  server.RaftServerConfigKeys (ConfUtils.java:logGet(46)) - raft.server.log.appender.buffer.byte-limit = 33554432 (custom)
2023-01-06 14:00:13,080 [pool-186-thread-1] INFO  server.RaftServerConfigKeys (ConfUtils.java:logGet(46)) - raft.server.log.unsafe-flush.enabled = false (default)
2023-01-06 14:00:13,081 [pool-186-thread-1] INFO  server.RaftServerConfigKeys (ConfUtils.java:logGet(46)) - raft.server.log.async-flush.enabled = false (default)
2023-01-06 14:00:13,081 [pool-186-thread-1] INFO  server.RaftServerConfigKeys (ConfUtils.java:logGet(46)) - raft.server.log.statemachine.data.caching.enabled = true (custom)
2023-01-06 14:00:13,081 [pool-186-thread-1] INFO  segmented.SegmentedRaftLogWorker (SegmentedRaftLogWorker.java:lambda$new$0(135)) - 2cd9f762-1be0-4b34-89df-a8822a289ddb@group-8FCEBD3931F1-SegmentedRaftLogWorker: flushIndex: setUnconditionally 0 -> -1
2023-01-06 14:00:13,081 [pool-186-thread-1] INFO  segmented.SegmentedRaftLogWorker (SegmentedRaftLogWorker.java:lambda$new$0(135)) - 2cd9f762-1be0-4b34-89df-a8822a289ddb@group-8FCEBD3931F1-SegmentedRaftLogWorker: safeCacheEvictIndex: setUnconditionally 0 -> -1
2023-01-06 14:00:13,093 [pool-186-thread-1] INFO  server.RaftServer$Division (RaftServerImpl.java:start(334)) - 2cd9f762-1be0-4b34-89df-a8822a289ddb@group-8FCEBD3931F1: start as a follower, conf=-1: peers:[2cd9f762-1be0-4b34-89df-a8822a289ddb|rpc:10.1.0.26:43125|dataStream:10.1.0.26:32929|priority:1|startupRole:FOLLOWER]|listeners:[], old=null
2023-01-06 14:00:13,093 [pool-186-thread-1] INFO  server.RaftServer$Division (RaftServerImpl.java:setRole(321)) - 2cd9f762-1be0-4b34-89df-a8822a289ddb@group-8FCEBD3931F1: changes role from      null to FOLLOWER at term 0 for startAsFollower
2023-01-06 14:00:13,093 [pool-186-thread-1] INFO  impl.RoleInfo (RoleInfo.java:updateAndGet(139)) - 2cd9f762-1be0-4b34-89df-a8822a289ddb: start 2cd9f762-1be0-4b34-89df-a8822a289ddb@group-8FCEBD3931F1-FollowerState
2023-01-06 14:00:13,095 [2cd9f762-1be0-4b34-89df-a8822a289ddb@group-8FCEBD3931F1-FollowerState] INFO  server.RaftServerConfigKeys (ConfUtils.java:logFallback(53)) - raft.server.rpc.first-election.timeout.min = 5s (fallback to raft.server.rpc.timeout.min)
2023-01-06 14:00:13,095 [2cd9f762-1be0-4b34-89df-a8822a289ddb@group-8FCEBD3931F1-FollowerState] INFO  server.RaftServerConfigKeys (ConfUtils.java:logFallback(53)) - raft.server.rpc.first-election.timeout.max = 5200ms (fallback to raft.server.rpc.timeout.max)
2023-01-06 14:00:13,095 [pool-186-thread-1] INFO  util.JmxRegister (JmxRegister.java:tryRegister(44)) - Successfully registered JMX Bean with object name Ratis:service=RaftServer,group=group-8FCEBD3931F1,id=2cd9f762-1be0-4b34-89df-a8822a289ddb
2023-01-06 14:00:13,095 [pool-186-thread-1] INFO  server.RaftServerConfigKeys (ConfUtils.java:logGet(46)) - raft.server.snapshot.auto.trigger.enabled = true (custom)
2023-01-06 14:00:13,095 [pool-186-thread-1] INFO  server.RaftServerConfigKeys (ConfUtils.java:logGet(46)) - raft.server.snapshot.auto.trigger.threshold = 10000 (custom)
2023-01-06 14:00:13,095 [pool-186-thread-1] INFO  server.RaftServerConfigKeys (ConfUtils.java:logGet(46)) - raft.server.snapshot.retention.file.num = 5 (custom)
2023-01-06 14:00:13,096 [pool-186-thread-1] INFO  server.RaftServerConfigKeys (ConfUtils.java:logGet(46)) - raft.server.log.purge.upto.snapshot.index = false (default)
2023-01-06 14:00:13,098 [Command processor thread] INFO  ratis.XceiverServerRatis (XceiverServerRatis.java:addGroup(806)) - Created group PipelineID=bbd080ba-6b0a-4d5f-bf02-8fcebd3931f1
2023-01-06 14:00:13,098 [Command processor thread] INFO  commandhandler.CreatePipelineCommandHandler (CreatePipelineCommandHandler.java:handle(113)) - Created Pipeline RATIS ONE PipelineID=bbd080ba-6b0a-4d5f-bf02-8fcebd3931f1.
2023-01-06 14:00:13,489 [Listener at 127.0.0.1/40279] INFO  ozone.MiniOzoneClusterImpl (MiniOzoneClusterImpl.java:lambda$waitForClusterToBeReady$0(217)) - Nodes are ready. Got 7 of 7 DN Heartbeats.
2023-01-06 14:00:13,489 [Listener at 127.0.0.1/40279] INFO  ozone.MiniOzoneClusterImpl (MiniOzoneClusterImpl.java:lambda$waitForClusterToBeReady$0(220)) - Waiting for cluster to exit safe mode
2023-01-06 14:00:13,489 [Listener at 127.0.0.1/40279] INFO  ozone.MiniOzoneClusterImpl (MiniOzoneClusterImpl.java:lambda$waitForClusterToBeReady$0(222)) - SCM became leader
2023-01-06 14:00:13,492 [Command processor thread] INFO  server.RaftServer (RaftServerProxy.java:addNew(96)) - f730f9a1-8dfc-4d4c-b54c-7d4e94fcccb5: addNew group-4754AAA331D7:[f730f9a1-8dfc-4d4c-b54c-7d4e94fcccb5|rpc:10.1.0.26:45043|dataStream:10.1.0.26:46477|priority:1|startupRole:FOLLOWER] returns group-4754AAA331D7:java.util.concurrent.CompletableFuture@3faad621[Not completed]
2023-01-06 14:00:13,493 [pool-209-thread-1] INFO  server.RaftServer$Division (RaftServerImpl.java:<init>(195)) - f730f9a1-8dfc-4d4c-b54c-7d4e94fcccb5: new RaftServerImpl for group-4754AAA331D7:[f730f9a1-8dfc-4d4c-b54c-7d4e94fcccb5|rpc:10.1.0.26:45043|dataStream:10.1.0.26:46477|priority:1|startupRole:FOLLOWER] with ContainerStateMachine:uninitialized
2023-01-06 14:00:13,493 [pool-209-thread-1] INFO  server.RaftServerConfigKeys (ConfUtils.java:logGet(46)) - raft.server.rpc.timeout.min = 5s (custom)
2023-01-06 14:00:13,493 [pool-209-thread-1] INFO  server.RaftServerConfigKeys (ConfUtils.java:logGet(46)) - raft.server.rpc.timeout.max = 5200ms (custom)
2023-01-06 14:00:13,494 [pool-209-thread-1] INFO  server.RaftServerConfigKeys (ConfUtils.java:logGet(46)) - raft.server.rpc.sleep.time = 25ms (default)
2023-01-06 14:00:13,494 [pool-209-thread-1] INFO  server.RaftServerConfigKeys (ConfUtils.java:logGet(46)) - raft.server.rpc.slowness.timeout = 300s (custom)
2023-01-06 14:00:13,494 [pool-209-thread-1] INFO  server.RaftServerConfigKeys (ConfUtils.java:logGet(46)) - raft.server.leaderelection.leader.step-down.wait-time = 10s (default)
2023-01-06 14:00:13,494 [pool-209-thread-1] INFO  server.RaftServerConfigKeys (ConfUtils.java:logGet(46)) - raft.server.sleep.deviation.threshold = 300ms (default)
2023-01-06 14:00:13,494 [pool-209-thread-1] INFO  server.RaftServer$Division (ServerState.java:<init>(118)) - f730f9a1-8dfc-4d4c-b54c-7d4e94fcccb5@group-4754AAA331D7: ConfigurationManager, init=-1: peers:[f730f9a1-8dfc-4d4c-b54c-7d4e94fcccb5|rpc:10.1.0.26:45043|dataStream:10.1.0.26:46477|priority:1|startupRole:FOLLOWER]|listeners:[], old=null, confs=<EMPTY_MAP>
2023-01-06 14:00:13,494 [pool-209-thread-1] INFO  server.RaftServerConfigKeys (ConfUtils.java:logGet(46)) - raft.server.storage.dir = [/home/runner/work/ozone/ozone/hadoop-ozone/integration-test/target/test-dir/MiniOzoneClusterImpl-2de58cfc-ec7c-41ac-af7d-ad40b55ccb4e/datanode-6/data/ratis] (custom)
2023-01-06 14:00:13,494 [pool-209-thread-1] INFO  server.RaftServerConfigKeys (ConfUtils.java:logGet(46)) - raft.server.log.corruption.policy = EXCEPTION (default)
2023-01-06 14:00:13,494 [pool-209-thread-1] INFO  server.RaftServerConfigKeys (ConfUtils.java:logGet(46)) - raft.server.storage.free-space.min = 0MB (=0) (default)
2023-01-06 14:00:13,494 [pool-209-thread-1] INFO  server.RaftServerConfigKeys (ConfUtils.java:logGet(46)) - raft.server.notification.no-leader.timeout = 300s (custom)
2023-01-06 14:00:13,494 [pool-209-thread-1] INFO  server.RaftServerConfigKeys (ConfUtils.java:logGet(46)) - raft.server.retrycache.expirytime = 600000ms (custom)
2023-01-06 14:00:13,494 [pool-209-thread-1] INFO  server.RaftServerConfigKeys (ConfUtils.java:logGet(46)) - raft.server.retrycache.statistics.expirytime = 100μs (default)
2023-01-06 14:00:13,496 [pool-209-thread-1] INFO  server.RaftServerConfigKeys (ConfUtils.java:logGet(46)) - raft.server.log.appender.install.snapshot.enabled = false (custom)
2023-01-06 14:00:13,496 [pool-209-thread-1] INFO  server.RaftServerConfigKeys (ConfUtils.java:logGet(46)) - raft.server.threadpool.server.cached = true (default)
2023-01-06 14:00:13,496 [pool-209-thread-1] INFO  server.RaftServerConfigKeys (ConfUtils.java:logGet(46)) - raft.server.threadpool.server.size = 0 (default)
2023-01-06 14:00:13,496 [pool-209-thread-1] INFO  server.RaftServerConfigKeys (ConfUtils.java:logGet(46)) - raft.server.threadpool.client.cached = true (default)
2023-01-06 14:00:13,496 [pool-209-thread-1] INFO  server.RaftServerConfigKeys (ConfUtils.java:logGet(46)) - raft.server.threadpool.client.size = 0 (default)
2023-01-06 14:00:13,496 [pool-209-thread-1] INFO  storage.RaftStorageDirectory (RaftStorageDirectoryImpl.java:analyzeStorage(137)) - The storage directory /home/runner/work/ozone/ozone/hadoop-ozone/integration-test/target/test-dir/MiniOzoneClusterImpl-2de58cfc-ec7c-41ac-af7d-ad40b55ccb4e/datanode-6/data/ratis/f873529c-d628-4ad7-944e-4754aaa331d7 does not exist. Creating ...
2023-01-06 14:00:13,497 [pool-209-thread-1] INFO  storage.RaftStorageDirectory (RaftStorageDirectoryImpl.java:tryLock(231)) - Lock on /home/runner/work/ozone/ozone/hadoop-ozone/integration-test/target/test-dir/MiniOzoneClusterImpl-2de58cfc-ec7c-41ac-af7d-ad40b55ccb4e/datanode-6/data/ratis/f873529c-d628-4ad7-944e-4754aaa331d7/in_use.lock acquired by nodename 71639@fv-az28-147
2023-01-06 14:00:13,498 [pool-209-thread-1] INFO  storage.RaftStorage (RaftStorageImpl.java:format(96)) - Storage directory /home/runner/work/ozone/ozone/hadoop-ozone/integration-test/target/test-dir/MiniOzoneClusterImpl-2de58cfc-ec7c-41ac-af7d-ad40b55ccb4e/datanode-6/data/ratis/f873529c-d628-4ad7-944e-4754aaa331d7 has been successfully formatted.
2023-01-06 14:00:13,500 [EventQueue-PipelineReportForPipelineReportHandler] INFO  pipeline.PipelineManagerImpl (PipelineManagerImpl.java:openPipeline(367)) - Pipeline Pipeline[ Id: f873529c-d628-4ad7-944e-4754aaa331d7, Nodes: f730f9a1-8dfc-4d4c-b54c-7d4e94fcccb5{ip: 10.1.0.26, host: fv-az28-147.ycjfjujedjyu5lezsnvlijijec.cx.internal.cloudapp.net, ports: [REPLICATION=33855, RATIS=45043, RATIS_ADMIN=45043, RATIS_SERVER=45043, RATIS_DATASTREAM=46477, STANDALONE=39843], networkLocation: /default-rack, certSerialId: null, persistedOpState: IN_SERVICE, persistedOpStateExpiryEpochSec: 0}, ReplicationConfig: RATIS/ONE, State:ALLOCATED, leaderId:f730f9a1-8dfc-4d4c-b54c-7d4e94fcccb5, CreationTimestamp2023-01-06T14:00:10.494Z[Etc/UTC]] moved to OPEN state
2023-01-06 14:00:13,500 [EventQueue-OpenPipelineForHealthyPipelineSafeModeRule] INFO  safemode.SCMSafeModeManager (HealthyPipelineSafeModeRule.java:process(137)) - SCM in safe mode. Healthy pipelines reported count is 0, required healthy pipeline reported count is 1
2023-01-06 14:00:13,501 [pool-209-thread-1] INFO  ratis.ContainerStateMachine (ContainerStateMachine.java:loadSnapshot(240)) - group-4754AAA331D7: The snapshot info is null. Setting the last applied indexto:(t:0, i:~)
2023-01-06 14:00:13,501 [pool-209-thread-1] INFO  server.RaftServerConfigKeys (ConfUtils.java:logGet(46)) - raft.server.log.use.memory = false (default)
2023-01-06 14:00:13,501 [pool-209-thread-1] INFO  server.RaftServerConfigKeys (ConfUtils.java:logGet(46)) - raft.server.log.purge.gap = 1000000 (custom)
2023-01-06 14:00:13,501 [pool-209-thread-1] INFO  server.RaftServerConfigKeys (ConfUtils.java:logGet(46)) - raft.server.log.appender.buffer.byte-limit = 33554432 (custom)
2023-01-06 14:00:13,501 [pool-209-thread-1] INFO  server.RaftServerConfigKeys (ConfUtils.java:logGet(46)) - raft.server.log.statemachine.data.read.timeout = 1000ms (default)
2023-01-06 14:00:13,501 [pool-209-thread-1] INFO  server.RaftServerConfigKeys (ConfUtils.java:logGet(46)) - raft.server.log.purge.preservation.log.num = 0 (default)
2023-01-06 14:00:13,501 [pool-209-thread-1] INFO  server.RaftServerConfigKeys (ConfUtils.java:logGet(46)) - raft.server.log.segment.size.max = 1048576 (custom)
2023-01-06 14:00:13,502 [pool-209-thread-1] INFO  server.RaftServerConfigKeys (ConfUtils.java:logGet(46)) - raft.server.log.segment.cache.num.max = 2 (custom)
2023-01-06 14:00:13,502 [pool-209-thread-1] INFO  server.RaftServerConfigKeys (ConfUtils.java:logGet(46)) - raft.server.log.segment.cache.size.max = 200MB (=209715200) (default)
2023-01-06 14:00:13,502 [pool-209-thread-1] INFO  segmented.SegmentedRaftLogWorker (SegmentedRaftLogWorker.java:<init>(189)) - new f730f9a1-8dfc-4d4c-b54c-7d4e94fcccb5@group-4754AAA331D7-SegmentedRaftLogWorker for RaftStorageImpl:Storage Directory /home/runner/work/ozone/ozone/hadoop-ozone/integration-test/target/test-dir/MiniOzoneClusterImpl-2de58cfc-ec7c-41ac-af7d-ad40b55ccb4e/datanode-6/data/ratis/f873529c-d628-4ad7-944e-4754aaa331d7
2023-01-06 14:00:13,502 [pool-209-thread-1] INFO  server.RaftServerConfigKeys (ConfUtils.java:logGet(46)) - raft.server.log.queue.byte-limit = 4294967296 (custom)
2023-01-06 14:00:13,502 [pool-209-thread-1] INFO  server.RaftServerConfigKeys (ConfUtils.java:logGet(46)) - raft.server.log.queue.element-limit = 1024 (custom)
2023-01-06 14:00:13,502 [pool-209-thread-1] INFO  server.RaftServerConfigKeys (ConfUtils.java:logGet(46)) - raft.server.log.segment.size.max = 1048576 (custom)
2023-01-06 14:00:13,502 [pool-209-thread-1] INFO  server.RaftServerConfigKeys (ConfUtils.java:logGet(46)) - raft.server.log.preallocated.size = 16384 (custom)
2023-01-06 14:00:13,502 [pool-209-thread-1] INFO  server.RaftServerConfigKeys (ConfUtils.java:logGet(46)) - raft.server.log.force.sync.num = 128 (default)
2023-01-06 14:00:13,502 [pool-209-thread-1] INFO  server.RaftServerConfigKeys (ConfUtils.java:logGet(46)) - raft.server.log.statemachine.data.sync = true (default)
2023-01-06 14:00:13,503 [pool-209-thread-1] INFO  server.RaftServerConfigKeys (ConfUtils.java:logGet(46)) - raft.server.log.statemachine.data.sync.timeout = 10s (default)
2023-01-06 14:00:13,503 [pool-209-thread-1] INFO  server.RaftServerConfigKeys (ConfUtils.java:logGet(46)) - raft.server.log.statemachine.data.sync.timeout.retry = -1 (default)
2023-01-06 14:00:13,504 [pool-209-thread-1] INFO  server.RaftServerConfigKeys (ConfUtils.java:logGet(46)) - raft.server.log.write.buffer.size = 1048576 (custom)
2023-01-06 14:00:13,505 [pool-209-thread-1] INFO  server.RaftServerConfigKeys (ConfUtils.java:logGet(46)) - raft.server.log.appender.buffer.byte-limit = 33554432 (custom)
2023-01-06 14:00:13,507 [pool-209-thread-1] INFO  server.RaftServerConfigKeys (ConfUtils.java:logGet(46)) - raft.server.log.unsafe-flush.enabled = false (default)
2023-01-06 14:00:13,507 [pool-209-thread-1] INFO  server.RaftServerConfigKeys (ConfUtils.java:logGet(46)) - raft.server.log.async-flush.enabled = false (default)
2023-01-06 14:00:13,507 [pool-209-thread-1] INFO  server.RaftServerConfigKeys (ConfUtils.java:logGet(46)) - raft.server.log.statemachine.data.caching.enabled = true (custom)
2023-01-06 14:00:13,508 [pool-209-thread-1] INFO  segmented.SegmentedRaftLogWorker (SegmentedRaftLogWorker.java:lambda$new$0(135)) - f730f9a1-8dfc-4d4c-b54c-7d4e94fcccb5@group-4754AAA331D7-SegmentedRaftLogWorker: flushIndex: setUnconditionally 0 -> -1
2023-01-06 14:00:13,508 [pool-209-thread-1] INFO  segmented.SegmentedRaftLogWorker (SegmentedRaftLogWorker.java:lambda$new$0(135)) - f730f9a1-8dfc-4d4c-b54c-7d4e94fcccb5@group-4754AAA331D7-SegmentedRaftLogWorker: safeCacheEvictIndex: setUnconditionally 0 -> -1
2023-01-06 14:00:13,508 [pool-209-thread-1] INFO  server.RaftServer$Division (RaftServerImpl.java:start(334)) - f730f9a1-8dfc-4d4c-b54c-7d4e94fcccb5@group-4754AAA331D7: start as a follower, conf=-1: peers:[f730f9a1-8dfc-4d4c-b54c-7d4e94fcccb5|rpc:10.1.0.26:45043|dataStream:10.1.0.26:46477|priority:1|startupRole:FOLLOWER]|listeners:[], old=null
2023-01-06 14:00:13,508 [pool-209-thread-1] INFO  server.RaftServer$Division (RaftServerImpl.java:setRole(321)) - f730f9a1-8dfc-4d4c-b54c-7d4e94fcccb5@group-4754AAA331D7: changes role from      null to FOLLOWER at term 0 for startAsFollower
2023-01-06 14:00:13,508 [pool-209-thread-1] INFO  impl.RoleInfo (RoleInfo.java:updateAndGet(139)) - f730f9a1-8dfc-4d4c-b54c-7d4e94fcccb5: start f730f9a1-8dfc-4d4c-b54c-7d4e94fcccb5@group-4754AAA331D7-FollowerState
2023-01-06 14:00:13,510 [pool-209-thread-1] INFO  util.JmxRegister (JmxRegister.java:tryRegister(44)) - Successfully registered JMX Bean with object name Ratis:service=RaftServer,group=group-4754AAA331D7,id=f730f9a1-8dfc-4d4c-b54c-7d4e94fcccb5
2023-01-06 14:00:13,510 [f730f9a1-8dfc-4d4c-b54c-7d4e94fcccb5@group-4754AAA331D7-FollowerState] INFO  server.RaftServerConfigKeys (ConfUtils.java:logFallback(53)) - raft.server.rpc.first-election.timeout.min = 5s (fallback to raft.server.rpc.timeout.min)
2023-01-06 14:00:13,510 [pool-209-thread-1] INFO  server.RaftServerConfigKeys (ConfUtils.java:logGet(46)) - raft.server.snapshot.auto.trigger.enabled = true (custom)
2023-01-06 14:00:13,510 [f730f9a1-8dfc-4d4c-b54c-7d4e94fcccb5@group-4754AAA331D7-FollowerState] INFO  server.RaftServerConfigKeys (ConfUtils.java:logFallback(53)) - raft.server.rpc.first-election.timeout.max = 5200ms (fallback to raft.server.rpc.timeout.max)
2023-01-06 14:00:13,510 [pool-209-thread-1] INFO  server.RaftServerConfigKeys (ConfUtils.java:logGet(46)) - raft.server.snapshot.auto.trigger.threshold = 10000 (custom)
2023-01-06 14:00:13,510 [pool-209-thread-1] INFO  server.RaftServerConfigKeys (ConfUtils.java:logGet(46)) - raft.server.snapshot.retention.file.num = 5 (custom)
2023-01-06 14:00:13,510 [pool-209-thread-1] INFO  server.RaftServerConfigKeys (ConfUtils.java:logGet(46)) - raft.server.log.purge.upto.snapshot.index = false (default)
2023-01-06 14:00:13,510 [Command processor thread] INFO  ratis.XceiverServerRatis (XceiverServerRatis.java:addGroup(806)) - Created group PipelineID=f873529c-d628-4ad7-944e-4754aaa331d7
2023-01-06 14:00:13,511 [Command processor thread] INFO  commandhandler.CreatePipelineCommandHandler (CreatePipelineCommandHandler.java:handle(113)) - Created Pipeline RATIS ONE PipelineID=f873529c-d628-4ad7-944e-4754aaa331d7.
2023-01-06 14:00:14,489 [Listener at 127.0.0.1/40279] INFO  ozone.MiniOzoneClusterImpl (MiniOzoneClusterImpl.java:lambda$waitForClusterToBeReady$0(217)) - Nodes are ready. Got 7 of 7 DN Heartbeats.
2023-01-06 14:00:14,490 [Listener at 127.0.0.1/40279] INFO  ozone.MiniOzoneClusterImpl (MiniOzoneClusterImpl.java:lambda$waitForClusterToBeReady$0(220)) - Waiting for cluster to exit safe mode
2023-01-06 14:00:14,490 [Listener at 127.0.0.1/40279] INFO  ozone.MiniOzoneClusterImpl (MiniOzoneClusterImpl.java:lambda$waitForClusterToBeReady$0(222)) - SCM became leader
2023-01-06 14:00:15,490 [Listener at 127.0.0.1/40279] INFO  ozone.MiniOzoneClusterImpl (MiniOzoneClusterImpl.java:lambda$waitForClusterToBeReady$0(217)) - Nodes are ready. Got 7 of 7 DN Heartbeats.
2023-01-06 14:00:15,490 [Listener at 127.0.0.1/40279] INFO  ozone.MiniOzoneClusterImpl (MiniOzoneClusterImpl.java:lambda$waitForClusterToBeReady$0(220)) - Waiting for cluster to exit safe mode
2023-01-06 14:00:15,490 [Listener at 127.0.0.1/40279] INFO  ozone.MiniOzoneClusterImpl (MiniOzoneClusterImpl.java:lambda$waitForClusterToBeReady$0(222)) - SCM became leader
2023-01-06 14:00:16,319 [fe41025e-da51-4673-994d-25a17fd926d9@group-734B29B91E0D-FollowerState] INFO  impl.FollowerState (FollowerState.java:run(143)) - fe41025e-da51-4673-994d-25a17fd926d9@group-734B29B91E0D-FollowerState: change to CANDIDATE, lastRpcElapsedTime:5072965450ns, electionTimeout:5045ms
2023-01-06 14:00:16,319 [fe41025e-da51-4673-994d-25a17fd926d9@group-734B29B91E0D-FollowerState] INFO  impl.RoleInfo (RoleInfo.java:shutdownFollowerState(110)) - fe41025e-da51-4673-994d-25a17fd926d9: shutdown fe41025e-da51-4673-994d-25a17fd926d9@group-734B29B91E0D-FollowerState
2023-01-06 14:00:16,319 [fe41025e-da51-4673-994d-25a17fd926d9@group-734B29B91E0D-FollowerState] INFO  server.RaftServer$Division (RaftServerImpl.java:setRole(321)) - fe41025e-da51-4673-994d-25a17fd926d9@group-734B29B91E0D: changes role from  FOLLOWER to CANDIDATE at term 0 for changeToCandidate
2023-01-06 14:00:16,320 [fe41025e-da51-4673-994d-25a17fd926d9@group-734B29B91E0D-FollowerState] INFO  server.RaftServerConfigKeys (ConfUtils.java:logGet(46)) - raft.server.leaderelection.pre-vote = false (custom)
2023-01-06 14:00:16,320 [fe41025e-da51-4673-994d-25a17fd926d9@group-734B29B91E0D-FollowerState] INFO  impl.RoleInfo (RoleInfo.java:updateAndGet(139)) - fe41025e-da51-4673-994d-25a17fd926d9: start fe41025e-da51-4673-994d-25a17fd926d9@group-734B29B91E0D-LeaderElection2
2023-01-06 14:00:16,330 [fe41025e-da51-4673-994d-25a17fd926d9@group-734B29B91E0D-LeaderElection2] INFO  impl.LeaderElection (LeaderElection.java:askForVotes(312)) - fe41025e-da51-4673-994d-25a17fd926d9@group-734B29B91E0D-LeaderElection2 ELECTION round 0: submit vote requests at term 1 for -1: peers:[fe41025e-da51-4673-994d-25a17fd926d9|rpc:10.1.0.26:46787|dataStream:10.1.0.26:38003|priority:1|startupRole:FOLLOWER]|listeners:[], old=null
2023-01-06 14:00:16,330 [fe41025e-da51-4673-994d-25a17fd926d9@group-734B29B91E0D-LeaderElection2] INFO  impl.LeaderElection (LeaderElection.java:askForVotes(314)) - fe41025e-da51-4673-994d-25a17fd926d9@group-734B29B91E0D-LeaderElection2 ELECTION round 0: result PASSED (term=1)
2023-01-06 14:00:16,330 [fe41025e-da51-4673-994d-25a17fd926d9@group-734B29B91E0D-LeaderElection2] INFO  impl.RoleInfo (RoleInfo.java:shutdownLeaderElection(130)) - fe41025e-da51-4673-994d-25a17fd926d9: shutdown fe41025e-da51-4673-994d-25a17fd926d9@group-734B29B91E0D-LeaderElection2
2023-01-06 14:00:16,330 [fe41025e-da51-4673-994d-25a17fd926d9@group-734B29B91E0D-LeaderElection2] INFO  server.RaftServer$Division (RaftServerImpl.java:setRole(321)) - fe41025e-da51-4673-994d-25a17fd926d9@group-734B29B91E0D: changes role from CANDIDATE to LEADER at term 1 for changeToLeader
2023-01-06 14:00:16,330 [fe41025e-da51-4673-994d-25a17fd926d9@group-734B29B91E0D-LeaderElection2] INFO  ratis.XceiverServerRatis (XceiverServerRatis.java:handleLeaderChangedNotification(904)) - Leader change notification received for group: group-734B29B91E0D with new leaderId: fe41025e-da51-4673-994d-25a17fd926d9
2023-01-06 14:00:16,330 [fe41025e-da51-4673-994d-25a17fd926d9@group-734B29B91E0D-LeaderElection2] INFO  server.RaftServer$Division (ServerState.java:setLeader(313)) - fe41025e-da51-4673-994d-25a17fd926d9@group-734B29B91E0D: change Leader from null to fe41025e-da51-4673-994d-25a17fd926d9 at term 1 for becomeLeader, leader elected after 5114ms
2023-01-06 14:00:16,331 [fe41025e-da51-4673-994d-25a17fd926d9@group-734B29B91E0D-LeaderElection2] INFO  server.RaftServerConfigKeys (ConfUtils.java:logGet(46)) - raft.server.staging.catchup.gap = 1000 (default)
2023-01-06 14:00:16,331 [fe41025e-da51-4673-994d-25a17fd926d9@group-734B29B91E0D-LeaderElection2] INFO  server.RaftServerConfigKeys (ConfUtils.java:logGet(46)) - raft.server.write.element-limit = 1024 (custom)
2023-01-06 14:00:16,331 [fe41025e-da51-4673-994d-25a17fd926d9@group-734B29B91E0D-LeaderElection2] INFO  server.RaftServerConfigKeys (ConfUtils.java:logGet(46)) - raft.server.write.byte-limit = 1024 M (=1073741824) (custom)
2023-01-06 14:00:16,331 [fe41025e-da51-4673-994d-25a17fd926d9@group-734B29B91E0D-LeaderElection2] INFO  server.RaftServerConfigKeys (ConfUtils.java:logGet(46)) - raft.server.watch.timeout = 180s (custom)
2023-01-06 14:00:16,331 [fe41025e-da51-4673-994d-25a17fd926d9@group-734B29B91E0D-LeaderElection2] INFO  server.RaftServerConfigKeys (ConfUtils.java:logGet(46)) - raft.server.watch.timeout.denomination = 1s (default)
2023-01-06 14:00:16,331 [fe41025e-da51-4673-994d-25a17fd926d9@group-734B29B91E0D-LeaderElection2] INFO  server.RaftServerConfigKeys (ConfUtils.java:logGet(46)) - raft.server.watch.element-limit = 65536 (default)
2023-01-06 14:00:16,331 [fe41025e-da51-4673-994d-25a17fd926d9@group-734B29B91E0D-LeaderElection2] INFO  server.RaftServerConfigKeys (ConfUtils.java:logGet(46)) - raft.server.write.element-limit = 1024 (custom)
2023-01-06 14:00:16,331 [fe41025e-da51-4673-994d-25a17fd926d9@group-734B29B91E0D-LeaderElection2] INFO  server.RaftServerConfigKeys (ConfUtils.java:logGet(46)) - raft.server.write.follower.gap.ratio.max = -1.0 (default)
2023-01-06 14:00:16,331 [fe41025e-da51-4673-994d-25a17fd926d9@group-734B29B91E0D-LeaderElection2] INFO  impl.RoleInfo (RoleInfo.java:updateAndGet(139)) - fe41025e-da51-4673-994d-25a17fd926d9: start fe41025e-da51-4673-994d-25a17fd926d9@group-734B29B91E0D-LeaderStateImpl
2023-01-06 14:00:16,332 [fe41025e-da51-4673-994d-25a17fd926d9@group-734B29B91E0D-LeaderElection2] INFO  segmented.SegmentedRaftLogWorker (SegmentedRaftLogWorker.java:startLogSegment(452)) - fe41025e-da51-4673-994d-25a17fd926d9@group-734B29B91E0D-SegmentedRaftLogWorker: Starting segment from index:0
2023-01-06 14:00:16,333 [EventQueue-OpenPipelineForHealthyPipelineSafeModeRule] INFO  safemode.SCMSafeModeManager (HealthyPipelineSafeModeRule.java:process(137)) - SCM in safe mode. Healthy pipelines reported count is 0, required healthy pipeline reported count is 1
2023-01-06 14:00:16,333 [fe41025e-da51-4673-994d-25a17fd926d9@group-734B29B91E0D-SegmentedRaftLogWorker] INFO  segmented.SegmentedRaftLogWorker (SegmentedRaftLogWorker.java:execute(656)) - fe41025e-da51-4673-994d-25a17fd926d9@group-734B29B91E0D-SegmentedRaftLogWorker: created new log segment /home/runner/work/ozone/ozone/hadoop-ozone/integration-test/target/test-dir/MiniOzoneClusterImpl-2de58cfc-ec7c-41ac-af7d-ad40b55ccb4e/datanode-0/data/ratis/e67dcd9f-2af4-4265-9130-734b29b91e0d/current/log_inprogress_0
2023-01-06 14:00:16,337 [fe41025e-da51-4673-994d-25a17fd926d9@group-734B29B91E0D-LeaderElection2] INFO  server.RaftServer$Division (ServerState.java:setRaftConf(430)) - fe41025e-da51-4673-994d-25a17fd926d9@group-734B29B91E0D: set configuration 0: peers:[fe41025e-da51-4673-994d-25a17fd926d9|rpc:10.1.0.26:46787|dataStream:10.1.0.26:38003|priority:1|startupRole:FOLLOWER]|listeners:[], old=null
2023-01-06 14:00:16,387 [fe41025e-da51-4673-994d-25a17fd926d9@group-9F65CE99153F-FollowerState] INFO  impl.FollowerState (FollowerState.java:run(143)) - fe41025e-da51-4673-994d-25a17fd926d9@group-9F65CE99153F-FollowerState: change to CANDIDATE, lastRpcElapsedTime:5078479909ns, electionTimeout:5063ms
2023-01-06 14:00:16,388 [fe41025e-da51-4673-994d-25a17fd926d9@group-9F65CE99153F-FollowerState] INFO  impl.RoleInfo (RoleInfo.java:shutdownFollowerState(110)) - fe41025e-da51-4673-994d-25a17fd926d9: shutdown fe41025e-da51-4673-994d-25a17fd926d9@group-9F65CE99153F-FollowerState
2023-01-06 14:00:16,388 [fe41025e-da51-4673-994d-25a17fd926d9@group-9F65CE99153F-FollowerState] INFO  server.RaftServer$Division (RaftServerImpl.java:setRole(321)) - fe41025e-da51-4673-994d-25a17fd926d9@group-9F65CE99153F: changes role from  FOLLOWER to CANDIDATE at term 0 for changeToCandidate
2023-01-06 14:00:16,389 [fe41025e-da51-4673-994d-25a17fd926d9@group-9F65CE99153F-FollowerState] INFO  server.RaftServerConfigKeys (ConfUtils.java:logGet(46)) - raft.server.leaderelection.pre-vote = false (custom)
2023-01-06 14:00:16,389 [fe41025e-da51-4673-994d-25a17fd926d9@group-9F65CE99153F-FollowerState] INFO  impl.RoleInfo (RoleInfo.java:updateAndGet(139)) - fe41025e-da51-4673-994d-25a17fd926d9: start fe41025e-da51-4673-994d-25a17fd926d9@group-9F65CE99153F-LeaderElection3
2023-01-06 14:00:16,394 [fe41025e-da51-4673-994d-25a17fd926d9@group-9F65CE99153F-LeaderElection3] INFO  impl.LeaderElection (LeaderElection.java:askForVotes(312)) - fe41025e-da51-4673-994d-25a17fd926d9@group-9F65CE99153F-LeaderElection3 ELECTION round 0: submit vote requests at term 1 for -1: peers:[ca2b9cd0-63d2-42af-b7f4-b5b024b05d69|rpc:10.1.0.26:45169|dataStream:10.1.0.26:41089|priority:0|startupRole:FOLLOWER, fe41025e-da51-4673-994d-25a17fd926d9|rpc:10.1.0.26:46787|dataStream:10.1.0.26:38003|priority:1|startupRole:FOLLOWER, 9d2479ec-aa45-414b-9f67-598ea71ed6e7|rpc:10.1.0.26:46055|dataStream:10.1.0.26:37817|priority:0|startupRole:FOLLOWER]|listeners:[], old=null
2023-01-06 14:00:16,400 [fe41025e-da51-4673-994d-25a17fd926d9@group-9F65CE99153F-LeaderElection3-1] INFO  server.GrpcServerProtocolClient (GrpcServerProtocolClient.java:<init>(63)) - Build channel for ca2b9cd0-63d2-42af-b7f4-b5b024b05d69
2023-01-06 14:00:16,401 [fe41025e-da51-4673-994d-25a17fd926d9@group-9F65CE99153F-LeaderElection3] INFO  server.RaftServerConfigKeys (ConfUtils.java:logFallback(53)) - raft.server.rpc.first-election.timeout.min = 5s (fallback to raft.server.rpc.timeout.min)
2023-01-06 14:00:16,401 [fe41025e-da51-4673-994d-25a17fd926d9@group-9F65CE99153F-LeaderElection3] INFO  server.RaftServerConfigKeys (ConfUtils.java:logFallback(53)) - raft.server.rpc.first-election.timeout.max = 5200ms (fallback to raft.server.rpc.timeout.max)
2023-01-06 14:00:16,401 [fe41025e-da51-4673-994d-25a17fd926d9@group-9F65CE99153F-LeaderElection3-2] INFO  server.GrpcServerProtocolClient (GrpcServerProtocolClient.java:<init>(63)) - Build channel for 9d2479ec-aa45-414b-9f67-598ea71ed6e7
2023-01-06 14:00:16,425 [grpc-default-executor-1] INFO  server.RaftServer$Division (RaftServerImpl.java:requestVote(1218)) - 9d2479ec-aa45-414b-9f67-598ea71ed6e7@group-9F65CE99153F: receive requestVote(ELECTION, fe41025e-da51-4673-994d-25a17fd926d9, group-9F65CE99153F, 1, (t:0, i:0))
2023-01-06 14:00:16,425 [grpc-default-executor-0] INFO  server.RaftServer$Division (RaftServerImpl.java:requestVote(1218)) - ca2b9cd0-63d2-42af-b7f4-b5b024b05d69@group-9F65CE99153F: receive requestVote(ELECTION, fe41025e-da51-4673-994d-25a17fd926d9, group-9F65CE99153F, 1, (t:0, i:0))
2023-01-06 14:00:16,426 [grpc-default-executor-1] INFO  impl.VoteContext (VoteContext.java:log(49)) - 9d2479ec-aa45-414b-9f67-598ea71ed6e7@group-9F65CE99153F-FOLLOWER: accept ELECTION from fe41025e-da51-4673-994d-25a17fd926d9: our priority 0 <= candidate's priority 1
2023-01-06 14:00:16,426 [grpc-default-executor-0] INFO  impl.VoteContext (VoteContext.java:log(49)) - ca2b9cd0-63d2-42af-b7f4-b5b024b05d69@group-9F65CE99153F-FOLLOWER: accept ELECTION from fe41025e-da51-4673-994d-25a17fd926d9: our priority 0 <= candidate's priority 1
2023-01-06 14:00:16,427 [grpc-default-executor-1] INFO  server.RaftServer$Division (RaftServerImpl.java:setRole(321)) - 9d2479ec-aa45-414b-9f67-598ea71ed6e7@group-9F65CE99153F: changes role from  FOLLOWER to FOLLOWER at term 1 for candidate:fe41025e-da51-4673-994d-25a17fd926d9
2023-01-06 14:00:16,427 [grpc-default-executor-0] INFO  server.RaftServer$Division (RaftServerImpl.java:setRole(321)) - ca2b9cd0-63d2-42af-b7f4-b5b024b05d69@group-9F65CE99153F: changes role from  FOLLOWER to FOLLOWER at term 1 for candidate:fe41025e-da51-4673-994d-25a17fd926d9
2023-01-06 14:00:16,427 [grpc-default-executor-1] INFO  impl.RoleInfo (RoleInfo.java:shutdownFollowerState(110)) - 9d2479ec-aa45-414b-9f67-598ea71ed6e7: shutdown 9d2479ec-aa45-414b-9f67-598ea71ed6e7@group-9F65CE99153F-FollowerState
2023-01-06 14:00:16,427 [grpc-default-executor-0] INFO  impl.RoleInfo (RoleInfo.java:shutdownFollowerState(110)) - ca2b9cd0-63d2-42af-b7f4-b5b024b05d69: shutdown ca2b9cd0-63d2-42af-b7f4-b5b024b05d69@group-9F65CE99153F-FollowerState
2023-01-06 14:00:16,427 [9d2479ec-aa45-414b-9f67-598ea71ed6e7@group-9F65CE99153F-FollowerState] INFO  impl.FollowerState (FollowerState.java:run(152)) - 9d2479ec-aa45-414b-9f67-598ea71ed6e7@group-9F65CE99153F-FollowerState was interrupted
2023-01-06 14:00:16,428 [ca2b9cd0-63d2-42af-b7f4-b5b024b05d69@group-9F65CE99153F-FollowerState] INFO  impl.FollowerState (FollowerState.java:run(152)) - ca2b9cd0-63d2-42af-b7f4-b5b024b05d69@group-9F65CE99153F-FollowerState was interrupted
2023-01-06 14:00:16,428 [grpc-default-executor-1] INFO  impl.RoleInfo (RoleInfo.java:updateAndGet(139)) - 9d2479ec-aa45-414b-9f67-598ea71ed6e7: start 9d2479ec-aa45-414b-9f67-598ea71ed6e7@group-9F65CE99153F-FollowerState
2023-01-06 14:00:16,428 [grpc-default-executor-0] INFO  impl.RoleInfo (RoleInfo.java:updateAndGet(139)) - ca2b9cd0-63d2-42af-b7f4-b5b024b05d69: start ca2b9cd0-63d2-42af-b7f4-b5b024b05d69@group-9F65CE99153F-FollowerState
2023-01-06 14:00:16,430 [9d2479ec-aa45-414b-9f67-598ea71ed6e7@group-9F65CE99153F-FollowerState] INFO  server.RaftServerConfigKeys (ConfUtils.java:logFallback(53)) - raft.server.rpc.first-election.timeout.min = 5s (fallback to raft.server.rpc.timeout.min)
2023-01-06 14:00:16,430 [9d2479ec-aa45-414b-9f67-598ea71ed6e7@group-9F65CE99153F-FollowerState] INFO  server.RaftServerConfigKeys (ConfUtils.java:logFallback(53)) - raft.server.rpc.first-election.timeout.max = 5200ms (fallback to raft.server.rpc.timeout.max)
2023-01-06 14:00:16,430 [ca2b9cd0-63d2-42af-b7f4-b5b024b05d69@group-9F65CE99153F-FollowerState] INFO  server.RaftServerConfigKeys (ConfUtils.java:logFallback(53)) - raft.server.rpc.first-election.timeout.min = 5s (fallback to raft.server.rpc.timeout.min)
2023-01-06 14:00:16,430 [ca2b9cd0-63d2-42af-b7f4-b5b024b05d69@group-9F65CE99153F-FollowerState] INFO  server.RaftServerConfigKeys (ConfUtils.java:logFallback(53)) - raft.server.rpc.first-election.timeout.max = 5200ms (fallback to raft.server.rpc.timeout.max)
2023-01-06 14:00:16,433 [grpc-default-executor-0] INFO  server.RaftServer$Division (RaftServerImpl.java:requestVote(1251)) - ca2b9cd0-63d2-42af-b7f4-b5b024b05d69@group-9F65CE99153F replies to ELECTION vote request: fe41025e-da51-4673-994d-25a17fd926d9<-ca2b9cd0-63d2-42af-b7f4-b5b024b05d69#0:OK-t1. Peer's state: ca2b9cd0-63d2-42af-b7f4-b5b024b05d69@group-9F65CE99153F:t1, leader=null, voted=fe41025e-da51-4673-994d-25a17fd926d9, raftlog=Memoized:ca2b9cd0-63d2-42af-b7f4-b5b024b05d69@group-9F65CE99153F-SegmentedRaftLog:OPENED:c-1, conf=-1: peers:[ca2b9cd0-63d2-42af-b7f4-b5b024b05d69|rpc:10.1.0.26:45169|dataStream:10.1.0.26:41089|priority:0|startupRole:FOLLOWER, fe41025e-da51-4673-994d-25a17fd926d9|rpc:10.1.0.26:46787|dataStream:10.1.0.26:38003|priority:1|startupRole:FOLLOWER, 9d2479ec-aa45-414b-9f67-598ea71ed6e7|rpc:10.1.0.26:46055|dataStream:10.1.0.26:37817|priority:0|startupRole:FOLLOWER]|listeners:[], old=null
2023-01-06 14:00:16,433 [grpc-default-executor-1] INFO  server.RaftServer$Division (RaftServerImpl.java:requestVote(1251)) - 9d2479ec-aa45-414b-9f67-598ea71ed6e7@group-9F65CE99153F replies to ELECTION vote request: fe41025e-da51-4673-994d-25a17fd926d9<-9d2479ec-aa45-414b-9f67-598ea71ed6e7#0:OK-t1. Peer's state: 9d2479ec-aa45-414b-9f67-598ea71ed6e7@group-9F65CE99153F:t1, leader=null, voted=fe41025e-da51-4673-994d-25a17fd926d9, raftlog=Memoized:9d2479ec-aa45-414b-9f67-598ea71ed6e7@group-9F65CE99153F-SegmentedRaftLog:OPENED:c-1, conf=-1: peers:[ca2b9cd0-63d2-42af-b7f4-b5b024b05d69|rpc:10.1.0.26:45169|dataStream:10.1.0.26:41089|priority:0|startupRole:FOLLOWER, fe41025e-da51-4673-994d-25a17fd926d9|rpc:10.1.0.26:46787|dataStream:10.1.0.26:38003|priority:1|startupRole:FOLLOWER, 9d2479ec-aa45-414b-9f67-598ea71ed6e7|rpc:10.1.0.26:46055|dataStream:10.1.0.26:37817|priority:0|startupRole:FOLLOWER]|listeners:[], old=null
2023-01-06 14:00:16,437 [fe41025e-da51-4673-994d-25a17fd926d9@group-9F65CE99153F-LeaderElection3] INFO  impl.LeaderElection (LeaderElection.java:logAndReturn(90)) - fe41025e-da51-4673-994d-25a17fd926d9@group-9F65CE99153F-LeaderElection3: ELECTION PASSED received 1 response(s) and 0 exception(s):
2023-01-06 14:00:16,438 [fe41025e-da51-4673-994d-25a17fd926d9@group-9F65CE99153F-LeaderElection3] INFO  impl.LeaderElection (LeaderElection.java:logAndReturn(94)) -   Response 0: fe41025e-da51-4673-994d-25a17fd926d9<-ca2b9cd0-63d2-42af-b7f4-b5b024b05d69#0:OK-t1
2023-01-06 14:00:16,438 [fe41025e-da51-4673-994d-25a17fd926d9@group-9F65CE99153F-LeaderElection3] INFO  impl.LeaderElection (LeaderElection.java:askForVotes(314)) - fe41025e-da51-4673-994d-25a17fd926d9@group-9F65CE99153F-LeaderElection3 ELECTION round 0: result PASSED
2023-01-06 14:00:16,438 [fe41025e-da51-4673-994d-25a17fd926d9@group-9F65CE99153F-LeaderElection3] INFO  impl.RoleInfo (RoleInfo.java:shutdownLeaderElection(130)) - fe41025e-da51-4673-994d-25a17fd926d9: shutdown fe41025e-da51-4673-994d-25a17fd926d9@group-9F65CE99153F-LeaderElection3
2023-01-06 14:00:16,438 [fe41025e-da51-4673-994d-25a17fd926d9@group-9F65CE99153F-LeaderElection3] INFO  server.RaftServer$Division (RaftServerImpl.java:setRole(321)) - fe41025e-da51-4673-994d-25a17fd926d9@group-9F65CE99153F: changes role from CANDIDATE to LEADER at term 1 for changeToLeader
2023-01-06 14:00:16,438 [fe41025e-da51-4673-994d-25a17fd926d9@group-9F65CE99153F-LeaderElection3] INFO  ratis.XceiverServerRatis (XceiverServerRatis.java:handleLeaderChangedNotification(904)) - Leader change notification received for group: group-9F65CE99153F with new leaderId: fe41025e-da51-4673-994d-25a17fd926d9
2023-01-06 14:00:16,438 [fe41025e-da51-4673-994d-25a17fd926d9@group-9F65CE99153F-LeaderElection3] INFO  server.RaftServer$Division (ServerState.java:setLeader(313)) - fe41025e-da51-4673-994d-25a17fd926d9@group-9F65CE99153F: change Leader from null to fe41025e-da51-4673-994d-25a17fd926d9 at term 1 for becomeLeader, leader elected after 5157ms
2023-01-06 14:00:16,438 [fe41025e-da51-4673-994d-25a17fd926d9@group-9F65CE99153F-LeaderElection3] INFO  server.RaftServerConfigKeys (ConfUtils.java:logGet(46)) - raft.server.staging.catchup.gap = 1000 (default)
2023-01-06 14:00:16,439 [fe41025e-da51-4673-994d-25a17fd926d9@group-9F65CE99153F-LeaderElection3] INFO  server.RaftServerConfigKeys (ConfUtils.java:logGet(46)) - raft.server.write.element-limit = 1024 (custom)
2023-01-06 14:00:16,439 [fe41025e-da51-4673-994d-25a17fd926d9@group-9F65CE99153F-LeaderElection3] INFO  server.RaftServerConfigKeys (ConfUtils.java:logGet(46)) - raft.server.write.byte-limit = 1024 M (=1073741824) (custom)
2023-01-06 14:00:16,439 [fe41025e-da51-4673-994d-25a17fd926d9@group-9F65CE99153F-LeaderElection3] INFO  server.RaftServerConfigKeys (ConfUtils.java:logGet(46)) - raft.server.watch.timeout = 180s (custom)
2023-01-06 14:00:16,439 [fe41025e-da51-4673-994d-25a17fd926d9@group-9F65CE99153F-LeaderElection3] INFO  server.RaftServerConfigKeys (ConfUtils.java:logGet(46)) - raft.server.watch.timeout.denomination = 1s (default)
2023-01-06 14:00:16,439 [fe41025e-da51-4673-994d-25a17fd926d9@group-9F65CE99153F-LeaderElection3] INFO  server.RaftServerConfigKeys (ConfUtils.java:logGet(46)) - raft.server.watch.element-limit = 65536 (default)
2023-01-06 14:00:16,439 [fe41025e-da51-4673-994d-25a17fd926d9@group-9F65CE99153F-LeaderElection3] INFO  server.RaftServerConfigKeys (ConfUtils.java:logGet(46)) - raft.server.write.element-limit = 1024 (custom)
2023-01-06 14:00:16,439 [fe41025e-da51-4673-994d-25a17fd926d9@group-9F65CE99153F-LeaderElection3] INFO  server.RaftServerConfigKeys (ConfUtils.java:logGet(46)) - raft.server.write.follower.gap.ratio.max = -1.0 (default)
2023-01-06 14:00:16,442 [EventQueue-PipelineReportForPipelineReportHandler] INFO  pipeline.PipelineManagerImpl (PipelineManagerImpl.java:openPipeline(367)) - Pipeline Pipeline[ Id: 56f2cbf1-21de-483f-8646-9f65ce99153f, Nodes: fe41025e-da51-4673-994d-25a17fd926d9{ip: 10.1.0.26, host: fv-az28-147.ycjfjujedjyu5lezsnvlijijec.cx.internal.cloudapp.net, ports: [REPLICATION=46737, RATIS=46787, RATIS_ADMIN=46787, RATIS_SERVER=46787, RATIS_DATASTREAM=38003, STANDALONE=40143], networkLocation: /default-rack, certSerialId: null, persistedOpState: IN_SERVICE, persistedOpStateExpiryEpochSec: 0}9d2479ec-aa45-414b-9f67-598ea71ed6e7{ip: 10.1.0.26, host: fv-az28-147.ycjfjujedjyu5lezsnvlijijec.cx.internal.cloudapp.net, ports: [REPLICATION=46599, RATIS=46055, RATIS_ADMIN=46055, RATIS_SERVER=46055, RATIS_DATASTREAM=37817, STANDALONE=33895], networkLocation: /default-rack, certSerialId: null, persistedOpState: IN_SERVICE, persistedOpStateExpiryEpochSec: 0}ca2b9cd0-63d2-42af-b7f4-b5b024b05d69{ip: 10.1.0.26, host: fv-az28-147.ycjfjujedjyu5lezsnvlijijec.cx.internal.cloudapp.net, ports: [REPLICATION=36419, RATIS=45169, RATIS_ADMIN=45169, RATIS_SERVER=45169, RATIS_DATASTREAM=41089, STANDALONE=35033], networkLocation: /default-rack, certSerialId: null, persistedOpState: IN_SERVICE, persistedOpStateExpiryEpochSec: 0}, ReplicationConfig: RATIS/THREE, State:ALLOCATED, leaderId:fe41025e-da51-4673-994d-25a17fd926d9, CreationTimestamp2023-01-06T14:00:09.090Z[Etc/UTC]] moved to OPEN state
2023-01-06 14:00:16,443 [EventQueue-OpenPipelineForHealthyPipelineSafeModeRule] INFO  safemode.SCMSafeModeManager (HealthyPipelineSafeModeRule.java:process(137)) - SCM in safe mode. Healthy pipelines reported count is 1, required healthy pipeline reported count is 1
2023-01-06 14:00:16,443 [EventQueue-OpenPipelineForHealthyPipelineSafeModeRule] INFO  safemode.SCMSafeModeManager (SCMSafeModeManager.java:validateSafeModeExitRules(200)) - HealthyPipelineSafeModeRule rule is successfully validated
2023-01-06 14:00:16,443 [EventQueue-OpenPipelineForHealthyPipelineSafeModeRule] INFO  safemode.SCMSafeModeManager (SCMSafeModeManager.java:validateSafeModeExitRules(215)) - ScmSafeModeManager, all rules are successfully validated
2023-01-06 14:00:16,443 [EventQueue-OpenPipelineForHealthyPipelineSafeModeRule] INFO  safemode.SCMSafeModeManager (SCMSafeModeManager.java:exitSafeMode(244)) - SCM exiting safe mode.
2023-01-06 14:00:16,443 [EventQueue-OpenPipelineForHealthyPipelineSafeModeRule] INFO  ha.SCMContext (SCMContext.java:updateSafeModeStatus(228)) - Update SafeModeStatus from SafeModeStatus{safeModeStatus=true, preCheckPassed=true} to SafeModeStatus{safeModeStatus=false, preCheckPassed=true}.
2023-01-06 14:00:16,443 [EventQueue-OpenPipelineForHealthyPipelineSafeModeRule] INFO  pipeline.BackgroundPipelineCreator (BackgroundPipelineCreator.java:notifyStatusChanged(254)) - Service BackgroundPipelineCreator transitions to RUNNING.
2023-01-06 14:00:16,443 [EventQueue-OpenPipelineForHealthyPipelineSafeModeRule] INFO  BackgroundPipelineScrubber (BackgroundSCMService.java:notifyStatusChanged(82)) - Service BackgroundPipelineScrubber transitions to RUNNING.
2023-01-06 14:00:16,443 [EventQueue-OpenPipelineForHealthyPipelineSafeModeRule] INFO  ExpiredContainerReplicaOpScrubber (BackgroundSCMService.java:notifyStatusChanged(82)) - Service ExpiredContainerReplicaOpScrubber transitions to RUNNING.
2023-01-06 14:00:16,443 [EventQueue-OpenPipelineForHealthyPipelineSafeModeRule] INFO  replication.ReplicationManager (ReplicationManager.java:notifyStatusChanged(918)) - Service ReplicationManager transitions to RUNNING.
2023-01-06 14:00:16,448 [fe41025e-da51-4673-994d-25a17fd926d9@group-9F65CE99153F-LeaderElection3] INFO  server.RaftServerConfigKeys (ConfUtils.java:logGet(46)) - raft.server.log.appender.snapshot.chunk.size.max = 16MB (=16777216) (default)
2023-01-06 14:00:16,448 [fe41025e-da51-4673-994d-25a17fd926d9@group-9F65CE99153F-LeaderElection3] INFO  server.RaftServerConfigKeys (ConfUtils.java:logGet(46)) - raft.server.log.appender.buffer.byte-limit = 33554432 (custom)
2023-01-06 14:00:16,449 [EventQueue-OpenPipelineForHealthyPipelineSafeModeRule] WARN  balancer.ContainerBalancer (ContainerBalancer.java:shouldRun(131)) - Could not find persisted configuration for ContainerBalancer when checking if ContainerBalancer should run. ContainerBalancer should not run now.
2023-01-06 14:00:16,449 [fe41025e-da51-4673-994d-25a17fd926d9@group-9F65CE99153F-LeaderElection3] INFO  server.RaftServerConfigKeys (ConfUtils.java:logGet(46)) - raft.server.log.appender.buffer.element-limit = 1 (custom)
2023-01-06 14:00:16,451 [fe41025e-da51-4673-994d-25a17fd926d9@group-9F65CE99153F-LeaderElection3] INFO  grpc.GrpcConfigKeys (ConfUtils.java:logGet(46)) - raft.grpc.server.leader.outstanding.appends.max = 128 (default)
2023-01-06 14:00:16,452 [fe41025e-da51-4673-994d-25a17fd926d9@group-9F65CE99153F-LeaderElection3] INFO  server.RaftServerConfigKeys (ConfUtils.java:logGet(46)) - raft.server.rpc.request.timeout = 60s (custom)
2023-01-06 14:00:16,452 [fe41025e-da51-4673-994d-25a17fd926d9@group-9F65CE99153F-LeaderElection3] INFO  server.RaftServerConfigKeys (ConfUtils.java:logGet(46)) - raft.server.log.appender.install.snapshot.enabled = false (custom)
2023-01-06 14:00:16,452 [fe41025e-da51-4673-994d-25a17fd926d9@group-9F65CE99153F-LeaderElection3] INFO  grpc.GrpcConfigKeys (ConfUtils.java:logGet(46)) - raft.grpc.server.heartbeat.channel = true (default)
2023-01-06 14:00:16,452 [fe41025e-da51-4673-994d-25a17fd926d9@group-9F65CE99153F-LeaderElection3] INFO  server.RaftServerConfigKeys (ConfUtils.java:logGet(46)) - raft.server.log.appender.wait-time.min = 10ms (default)
2023-01-06 14:00:16,453 [fe41025e-da51-4673-994d-25a17fd926d9@group-9F65CE99153F-LeaderElection3] INFO  server.RaftServerConfigKeys (ConfUtils.java:logGet(46)) - raft.server.log.appender.snapshot.chunk.size.max = 16MB (=16777216) (default)
2023-01-06 14:00:16,453 [fe41025e-da51-4673-994d-25a17fd926d9@group-9F65CE99153F-LeaderElection3] INFO  server.RaftServerConfigKeys (ConfUtils.java:logGet(46)) - raft.server.log.appender.buffer.byte-limit = 33554432 (custom)
2023-01-06 14:00:16,453 [fe41025e-da51-4673-994d-25a17fd926d9@group-9F65CE99153F-LeaderElection3] INFO  server.RaftServerConfigKeys (ConfUtils.java:logGet(46)) - raft.server.log.appender.buffer.element-limit = 1 (custom)
2023-01-06 14:00:16,454 [fe41025e-da51-4673-994d-25a17fd926d9@group-9F65CE99153F-LeaderElection3] INFO  grpc.GrpcConfigKeys (ConfUtils.java:logGet(46)) - raft.grpc.server.leader.outstanding.appends.max = 128 (default)
2023-01-06 14:00:16,454 [fe41025e-da51-4673-994d-25a17fd926d9@group-9F65CE99153F-LeaderElection3] INFO  server.RaftServerConfigKeys (ConfUtils.java:logGet(46)) - raft.server.rpc.request.timeout = 60s (custom)
2023-01-06 14:00:16,454 [fe41025e-da51-4673-994d-25a17fd926d9@group-9F65CE99153F-LeaderElection3] INFO  server.RaftServerConfigKeys (ConfUtils.java:logGet(46)) - raft.server.log.appender.install.snapshot.enabled = false (custom)
2023-01-06 14:00:16,454 [fe41025e-da51-4673-994d-25a17fd926d9@group-9F65CE99153F-LeaderElection3] INFO  grpc.GrpcConfigKeys (ConfUtils.java:logGet(46)) - raft.grpc.server.heartbeat.channel = true (default)
2023-01-06 14:00:16,454 [fe41025e-da51-4673-994d-25a17fd926d9@group-9F65CE99153F-LeaderElection3] INFO  server.RaftServerConfigKeys (ConfUtils.java:logGet(46)) - raft.server.log.appender.wait-time.min = 10ms (default)
2023-01-06 14:00:16,454 [fe41025e-da51-4673-994d-25a17fd926d9@group-9F65CE99153F-LeaderElection3] INFO  impl.RoleInfo (RoleInfo.java:updateAndGet(139)) - fe41025e-da51-4673-994d-25a17fd926d9: start fe41025e-da51-4673-994d-25a17fd926d9@group-9F65CE99153F-LeaderStateImpl
2023-01-06 14:00:16,455 [fe41025e-da51-4673-994d-25a17fd926d9@group-9F65CE99153F-LeaderElection3] INFO  segmented.SegmentedRaftLogWorker (SegmentedRaftLogWorker.java:startLogSegment(452)) - fe41025e-da51-4673-994d-25a17fd926d9@group-9F65CE99153F-SegmentedRaftLogWorker: Starting segment from index:0
2023-01-06 14:00:16,456 [fe41025e-da51-4673-994d-25a17fd926d9@group-9F65CE99153F-SegmentedRaftLogWorker] INFO  segmented.SegmentedRaftLogWorker (SegmentedRaftLogWorker.java:execute(656)) - fe41025e-da51-4673-994d-25a17fd926d9@group-9F65CE99153F-SegmentedRaftLogWorker: created new log segment /home/runner/work/ozone/ozone/hadoop-ozone/integration-test/target/test-dir/MiniOzoneClusterImpl-2de58cfc-ec7c-41ac-af7d-ad40b55ccb4e/datanode-0/data/ratis/56f2cbf1-21de-483f-8646-9f65ce99153f/current/log_inprogress_0
2023-01-06 14:00:16,472 [fe41025e-da51-4673-994d-25a17fd926d9@group-9F65CE99153F-LeaderElection3] INFO  server.RaftServer$Division (ServerState.java:setRaftConf(430)) - fe41025e-da51-4673-994d-25a17fd926d9@group-9F65CE99153F: set configuration 0: peers:[ca2b9cd0-63d2-42af-b7f4-b5b024b05d69|rpc:10.1.0.26:45169|dataStream:10.1.0.26:41089|priority:0|startupRole:FOLLOWER, fe41025e-da51-4673-994d-25a17fd926d9|rpc:10.1.0.26:46787|dataStream:10.1.0.26:38003|priority:1|startupRole:FOLLOWER, 9d2479ec-aa45-414b-9f67-598ea71ed6e7|rpc:10.1.0.26:46055|dataStream:10.1.0.26:37817|priority:0|startupRole:FOLLOWER]|listeners:[], old=null
2023-01-06 14:00:16,491 [Listener at 127.0.0.1/40279] INFO  ozone.MiniOzoneClusterImpl (MiniOzoneClusterImpl.java:lambda$waitForClusterToBeReady$0(217)) - Nodes are ready. Got 7 of 7 DN Heartbeats.
2023-01-06 14:00:16,491 [Listener at 127.0.0.1/40279] INFO  ozone.MiniOzoneClusterImpl (MiniOzoneClusterImpl.java:lambda$waitForClusterToBeReady$0(220)) - Cluster exits safe mode
2023-01-06 14:00:16,491 [Listener at 127.0.0.1/40279] INFO  ozone.MiniOzoneClusterImpl (MiniOzoneClusterImpl.java:lambda$waitForClusterToBeReady$0(222)) - SCM became leader
2023-01-06 14:00:16,502 [9d2479ec-aa45-414b-9f67-598ea71ed6e7-server-thread1] INFO  ratis.XceiverServerRatis (XceiverServerRatis.java:handleLeaderChangedNotification(904)) - Leader change notification received for group: group-9F65CE99153F with new leaderId: fe41025e-da51-4673-994d-25a17fd926d9
2023-01-06 14:00:16,502 [9d2479ec-aa45-414b-9f67-598ea71ed6e7-server-thread1] INFO  server.RaftServer$Division (ServerState.java:setLeader(313)) - 9d2479ec-aa45-414b-9f67-598ea71ed6e7@group-9F65CE99153F: change Leader from null to fe41025e-da51-4673-994d-25a17fd926d9 at term 1 for appendEntries, leader elected after 4543ms
2023-01-06 14:00:16,521 [ca2b9cd0-63d2-42af-b7f4-b5b024b05d69-server-thread1] INFO  ratis.XceiverServerRatis (XceiverServerRatis.java:handleLeaderChangedNotification(904)) - Leader change notification received for group: group-9F65CE99153F with new leaderId: fe41025e-da51-4673-994d-25a17fd926d9
2023-01-06 14:00:16,521 [ca2b9cd0-63d2-42af-b7f4-b5b024b05d69-server-thread1] INFO  server.RaftServer$Division (ServerState.java:setLeader(313)) - ca2b9cd0-63d2-42af-b7f4-b5b024b05d69@group-9F65CE99153F: change Leader from null to fe41025e-da51-4673-994d-25a17fd926d9 at term 1 for appendEntries, leader elected after 4366ms
2023-01-06 14:00:16,534 [ca2b9cd0-63d2-42af-b7f4-b5b024b05d69-server-thread2] INFO  server.RaftServer$Division (ServerState.java:setRaftConf(430)) - ca2b9cd0-63d2-42af-b7f4-b5b024b05d69@group-9F65CE99153F: set configuration 0: peers:[ca2b9cd0-63d2-42af-b7f4-b5b024b05d69|rpc:10.1.0.26:45169|dataStream:10.1.0.26:41089|priority:0|startupRole:FOLLOWER, fe41025e-da51-4673-994d-25a17fd926d9|rpc:10.1.0.26:46787|dataStream:10.1.0.26:38003|priority:1|startupRole:FOLLOWER, 9d2479ec-aa45-414b-9f67-598ea71ed6e7|rpc:10.1.0.26:46055|dataStream:10.1.0.26:37817|priority:0|startupRole:FOLLOWER]|listeners:[], old=null
2023-01-06 14:00:16,534 [ca2b9cd0-63d2-42af-b7f4-b5b024b05d69-server-thread2] INFO  segmented.SegmentedRaftLogWorker (SegmentedRaftLogWorker.java:startLogSegment(452)) - ca2b9cd0-63d2-42af-b7f4-b5b024b05d69@group-9F65CE99153F-SegmentedRaftLogWorker: Starting segment from index:0
2023-01-06 14:00:16,535 [9d2479ec-aa45-414b-9f67-598ea71ed6e7-server-thread3] INFO  server.RaftServer$Division (ServerState.java:setRaftConf(430)) - 9d2479ec-aa45-414b-9f67-598ea71ed6e7@group-9F65CE99153F: set configuration 0: peers:[ca2b9cd0-63d2-42af-b7f4-b5b024b05d69|rpc:10.1.0.26:45169|dataStream:10.1.0.26:41089|priority:0|startupRole:FOLLOWER, fe41025e-da51-4673-994d-25a17fd926d9|rpc:10.1.0.26:46787|dataStream:10.1.0.26:38003|priority:1|startupRole:FOLLOWER, 9d2479ec-aa45-414b-9f67-598ea71ed6e7|rpc:10.1.0.26:46055|dataStream:10.1.0.26:37817|priority:0|startupRole:FOLLOWER]|listeners:[], old=null
2023-01-06 14:00:16,535 [9d2479ec-aa45-414b-9f67-598ea71ed6e7-server-thread3] INFO  segmented.SegmentedRaftLogWorker (SegmentedRaftLogWorker.java:startLogSegment(452)) - 9d2479ec-aa45-414b-9f67-598ea71ed6e7@group-9F65CE99153F-SegmentedRaftLogWorker: Starting segment from index:0
2023-01-06 14:00:16,537 [9d2479ec-aa45-414b-9f67-598ea71ed6e7@group-9F65CE99153F-SegmentedRaftLogWorker] INFO  segmented.SegmentedRaftLogWorker (SegmentedRaftLogWorker.java:execute(656)) - 9d2479ec-aa45-414b-9f67-598ea71ed6e7@group-9F65CE99153F-SegmentedRaftLogWorker: created new log segment /home/runner/work/ozone/ozone/hadoop-ozone/integration-test/target/test-dir/MiniOzoneClusterImpl-2de58cfc-ec7c-41ac-af7d-ad40b55ccb4e/datanode-1/data/ratis/56f2cbf1-21de-483f-8646-9f65ce99153f/current/log_inprogress_0
2023-01-06 14:00:16,538 [ca2b9cd0-63d2-42af-b7f4-b5b024b05d69@group-9F65CE99153F-SegmentedRaftLogWorker] INFO  segmented.SegmentedRaftLogWorker (SegmentedRaftLogWorker.java:execute(656)) - ca2b9cd0-63d2-42af-b7f4-b5b024b05d69@group-9F65CE99153F-SegmentedRaftLogWorker: created new log segment /home/runner/work/ozone/ozone/hadoop-ozone/integration-test/target/test-dir/MiniOzoneClusterImpl-2de58cfc-ec7c-41ac-af7d-ad40b55ccb4e/datanode-2/data/ratis/56f2cbf1-21de-483f-8646-9f65ce99153f/current/log_inprogress_0
2023-01-06 14:00:16,918 [Listener at 127.0.0.1/40279] INFO  rpc.RpcClient (RpcClient.java:createVolume(474)) - Creating Volume: testblockoutputstream, with runner as owner and space quota set to -1 bytes, counts quota set to -1
2023-01-06 14:00:16,960 [OM StateMachine ApplyTransaction Thread - 0] INFO  volume.OMVolumeCreateRequest (OMVolumeCreateRequest.java:validateAndUpdateCache(195)) - created volume:testblockoutputstream for user:runner
2023-01-06 14:00:16,964 [9d2479ec-aa45-414b-9f67-598ea71ed6e7@group-5A007A343341-FollowerState] INFO  impl.FollowerState (FollowerState.java:run(143)) - 9d2479ec-aa45-414b-9f67-598ea71ed6e7@group-5A007A343341-FollowerState: change to CANDIDATE, lastRpcElapsedTime:5018750144ns, electionTimeout:5007ms
2023-01-06 14:00:16,964 [9d2479ec-aa45-414b-9f67-598ea71ed6e7@group-5A007A343341-FollowerState] INFO  impl.RoleInfo (RoleInfo.java:shutdownFollowerState(110)) - 9d2479ec-aa45-414b-9f67-598ea71ed6e7: shutdown 9d2479ec-aa45-414b-9f67-598ea71ed6e7@group-5A007A343341-FollowerState
2023-01-06 14:00:16,964 [9d2479ec-aa45-414b-9f67-598ea71ed6e7@group-5A007A343341-FollowerState] INFO  server.RaftServer$Division (RaftServerImpl.java:setRole(321)) - 9d2479ec-aa45-414b-9f67-598ea71ed6e7@group-5A007A343341: changes role from  FOLLOWER to CANDIDATE at term 0 for changeToCandidate
2023-01-06 14:00:16,965 [9d2479ec-aa45-414b-9f67-598ea71ed6e7@group-5A007A343341-FollowerState] INFO  server.RaftServerConfigKeys (ConfUtils.java:logGet(46)) - raft.server.leaderelection.pre-vote = false (custom)
2023-01-06 14:00:16,965 [9d2479ec-aa45-414b-9f67-598ea71ed6e7@group-5A007A343341-FollowerState] INFO  impl.RoleInfo (RoleInfo.java:updateAndGet(139)) - 9d2479ec-aa45-414b-9f67-598ea71ed6e7: start 9d2479ec-aa45-414b-9f67-598ea71ed6e7@group-5A007A343341-LeaderElection4
2023-01-06 14:00:16,977 [9d2479ec-aa45-414b-9f67-598ea71ed6e7@group-5A007A343341-LeaderElection4] INFO  impl.LeaderElection (LeaderElection.java:askForVotes(312)) - 9d2479ec-aa45-414b-9f67-598ea71ed6e7@group-5A007A343341-LeaderElection4 ELECTION round 0: submit vote requests at term 1 for -1: peers:[9d2479ec-aa45-414b-9f67-598ea71ed6e7|rpc:10.1.0.26:46055|dataStream:10.1.0.26:37817|priority:1|startupRole:FOLLOWER]|listeners:[], old=null
2023-01-06 14:00:16,977 [9d2479ec-aa45-414b-9f67-598ea71ed6e7@group-5A007A343341-LeaderElection4] INFO  impl.LeaderElection (LeaderElection.java:askForVotes(314)) - 9d2479ec-aa45-414b-9f67-598ea71ed6e7@group-5A007A343341-LeaderElection4 ELECTION round 0: result PASSED (term=1)
2023-01-06 14:00:16,977 [9d2479ec-aa45-414b-9f67-598ea71ed6e7@group-5A007A343341-LeaderElection4] INFO  impl.RoleInfo (RoleInfo.java:shutdownLeaderElection(130)) - 9d2479ec-aa45-414b-9f67-598ea71ed6e7: shutdown 9d2479ec-aa45-414b-9f67-598ea71ed6e7@group-5A007A343341-LeaderElection4
2023-01-06 14:00:16,977 [9d2479ec-aa45-414b-9f67-598ea71ed6e7@group-5A007A343341-LeaderElection4] INFO  server.RaftServer$Division (RaftServerImpl.java:setRole(321)) - 9d2479ec-aa45-414b-9f67-598ea71ed6e7@group-5A007A343341: changes role from CANDIDATE to LEADER at term 1 for changeToLeader
2023-01-06 14:00:16,977 [9d2479ec-aa45-414b-9f67-598ea71ed6e7@group-5A007A343341-LeaderElection4] INFO  ratis.XceiverServerRatis (XceiverServerRatis.java:handleLeaderChangedNotification(904)) - Leader change notification received for group: group-5A007A343341 with new leaderId: 9d2479ec-aa45-414b-9f67-598ea71ed6e7
2023-01-06 14:00:16,987 [Listener at 127.0.0.1/40279] INFO  rpc.RpcClient (RpcClient.java:createBucket(693)) - Creating Bucket: testblockoutputstream/testblockoutputstream, with server-side default bucket layout, runner as owner, Versioning false, Storage Type set to DISK and Encryption set to false 
2023-01-06 14:00:16,987 [9d2479ec-aa45-414b-9f67-598ea71ed6e7@group-5A007A343341-LeaderElection4] INFO  server.RaftServer$Division (ServerState.java:setLeader(313)) - 9d2479ec-aa45-414b-9f67-598ea71ed6e7@group-5A007A343341: change Leader from null to 9d2479ec-aa45-414b-9f67-598ea71ed6e7 at term 1 for becomeLeader, leader elected after 5071ms
2023-01-06 14:00:16,987 [9d2479ec-aa45-414b-9f67-598ea71ed6e7@group-5A007A343341-LeaderElection4] INFO  server.RaftServerConfigKeys (ConfUtils.java:logGet(46)) - raft.server.staging.catchup.gap = 1000 (default)
2023-01-06 14:00:16,988 [9d2479ec-aa45-414b-9f67-598ea71ed6e7@group-5A007A343341-LeaderElection4] INFO  server.RaftServerConfigKeys (ConfUtils.java:logGet(46)) - raft.server.write.element-limit = 1024 (custom)
2023-01-06 14:00:16,988 [9d2479ec-aa45-414b-9f67-598ea71ed6e7@group-5A007A343341-LeaderElection4] INFO  server.RaftServerConfigKeys (ConfUtils.java:logGet(46)) - raft.server.write.byte-limit = 1024 M (=1073741824) (custom)
2023-01-06 14:00:16,988 [9d2479ec-aa45-414b-9f67-598ea71ed6e7@group-5A007A343341-LeaderElection4] INFO  server.RaftServerConfigKeys (ConfUtils.java:logGet(46)) - raft.server.watch.timeout = 180s (custom)
2023-01-06 14:00:16,988 [9d2479ec-aa45-414b-9f67-598ea71ed6e7@group-5A007A343341-LeaderElection4] INFO  server.RaftServerConfigKeys (ConfUtils.java:logGet(46)) - raft.server.watch.timeout.denomination = 1s (default)
2023-01-06 14:00:16,989 [9d2479ec-aa45-414b-9f67-598ea71ed6e7@group-5A007A343341-LeaderElection4] INFO  server.RaftServerConfigKeys (ConfUtils.java:logGet(46)) - raft.server.watch.element-limit = 65536 (default)
2023-01-06 14:00:16,989 [9d2479ec-aa45-414b-9f67-598ea71ed6e7@group-5A007A343341-LeaderElection4] INFO  server.RaftServerConfigKeys (ConfUtils.java:logGet(46)) - raft.server.write.element-limit = 1024 (custom)
2023-01-06 14:00:16,989 [9d2479ec-aa45-414b-9f67-598ea71ed6e7@group-5A007A343341-LeaderElection4] INFO  server.RaftServerConfigKeys (ConfUtils.java:logGet(46)) - raft.server.write.follower.gap.ratio.max = -1.0 (default)
2023-01-06 14:00:16,989 [9d2479ec-aa45-414b-9f67-598ea71ed6e7@group-5A007A343341-LeaderElection4] INFO  impl.RoleInfo (RoleInfo.java:updateAndGet(139)) - 9d2479ec-aa45-414b-9f67-598ea71ed6e7: start 9d2479ec-aa45-414b-9f67-598ea71ed6e7@group-5A007A343341-LeaderStateImpl
2023-01-06 14:00:16,990 [9d2479ec-aa45-414b-9f67-598ea71ed6e7@group-5A007A343341-LeaderElection4] INFO  segmented.SegmentedRaftLogWorker (SegmentedRaftLogWorker.java:startLogSegment(452)) - 9d2479ec-aa45-414b-9f67-598ea71ed6e7@group-5A007A343341-SegmentedRaftLogWorker: Starting segment from index:0
2023-01-06 14:00:16,991 [9d2479ec-aa45-414b-9f67-598ea71ed6e7@group-5A007A343341-SegmentedRaftLogWorker] INFO  segmented.SegmentedRaftLogWorker (SegmentedRaftLogWorker.java:execute(656)) - 9d2479ec-aa45-414b-9f67-598ea71ed6e7@group-5A007A343341-SegmentedRaftLogWorker: created new log segment /home/runner/work/ozone/ozone/hadoop-ozone/integration-test/target/test-dir/MiniOzoneClusterImpl-2de58cfc-ec7c-41ac-af7d-ad40b55ccb4e/datanode-1/data/ratis/4f029e53-f888-43c8-aee1-5a007a343341/current/log_inprogress_0
2023-01-06 14:00:16,997 [9d2479ec-aa45-414b-9f67-598ea71ed6e7@group-5A007A343341-LeaderElection4] INFO  server.RaftServer$Division (ServerState.java:setRaftConf(430)) - 9d2479ec-aa45-414b-9f67-598ea71ed6e7@group-5A007A343341: set configuration 0: peers:[9d2479ec-aa45-414b-9f67-598ea71ed6e7|rpc:10.1.0.26:46055|dataStream:10.1.0.26:37817|priority:1|startupRole:FOLLOWER]|listeners:[], old=null
2023-01-06 14:00:17,014 [OM StateMachine ApplyTransaction Thread - 0] INFO  bucket.OMBucketCreateRequest (OMBucketCreateRequest.java:validateAndUpdateCache(260)) - created bucket: testblockoutputstream of layout LEGACY in volume: testblockoutputstream
2023-01-06 14:00:17,030 [Time-limited test] INFO  impl.MetricsSystemImpl (MetricsSystemImpl.java:init(158)) - XceiverClientMetrics metrics system started (again)
2023-01-06 14:00:17,090 [IPC Server handler 0 on default port 43905] INFO  ha.SequenceIdGenerator (SequenceIdGenerator.java:getNextId(128)) - Allocate a batch for containerId, change lastId from 0 to 1000.
2023-01-06 14:00:17,099 [IPC Server handler 0 on default port 43905] WARN  ha.SequenceIdGenerator (SequenceIdGenerator.java:allocateBatch(237)) - Failed to allocate a batch for localId, expected lastId is 0, actual lastId is 111677748019200000.
2023-01-06 14:00:17,099 [IPC Server handler 0 on default port 43905] INFO  ha.SequenceIdGenerator (SequenceIdGenerator.java:getNextId(128)) - Allocate a batch for localId, change lastId from 111677748019200000 to 111677748019201000.
2023-01-06 14:00:17,236 [ca2b9cd0-63d2-42af-b7f4-b5b024b05d69@group-3F16AADDAC14-FollowerState] INFO  impl.FollowerState (FollowerState.java:run(143)) - ca2b9cd0-63d2-42af-b7f4-b5b024b05d69@group-3F16AADDAC14-FollowerState: change to CANDIDATE, lastRpcElapsedTime:5085286920ns, electionTimeout:5084ms
2023-01-06 14:00:17,237 [ca2b9cd0-63d2-42af-b7f4-b5b024b05d69@group-3F16AADDAC14-FollowerState] INFO  impl.RoleInfo (RoleInfo.java:shutdownFollowerState(110)) - ca2b9cd0-63d2-42af-b7f4-b5b024b05d69: shutdown ca2b9cd0-63d2-42af-b7f4-b5b024b05d69@group-3F16AADDAC14-FollowerState
2023-01-06 14:00:17,237 [ca2b9cd0-63d2-42af-b7f4-b5b024b05d69@group-3F16AADDAC14-FollowerState] INFO  server.RaftServer$Division (RaftServerImpl.java:setRole(321)) - ca2b9cd0-63d2-42af-b7f4-b5b024b05d69@group-3F16AADDAC14: changes role from  FOLLOWER to CANDIDATE at term 0 for changeToCandidate
2023-01-06 14:00:17,237 [ca2b9cd0-63d2-42af-b7f4-b5b024b05d69@group-3F16AADDAC14-FollowerState] INFO  server.RaftServerConfigKeys (ConfUtils.java:logGet(46)) - raft.server.leaderelection.pre-vote = false (custom)
2023-01-06 14:00:17,237 [ca2b9cd0-63d2-42af-b7f4-b5b024b05d69@group-3F16AADDAC14-FollowerState] INFO  impl.RoleInfo (RoleInfo.java:updateAndGet(139)) - ca2b9cd0-63d2-42af-b7f4-b5b024b05d69: start ca2b9cd0-63d2-42af-b7f4-b5b024b05d69@group-3F16AADDAC14-LeaderElection5
2023-01-06 14:00:17,246 [ca2b9cd0-63d2-42af-b7f4-b5b024b05d69@group-3F16AADDAC14-LeaderElection5] INFO  impl.LeaderElection (LeaderElection.java:askForVotes(312)) - ca2b9cd0-63d2-42af-b7f4-b5b024b05d69@group-3F16AADDAC14-LeaderElection5 ELECTION round 0: submit vote requests at term 1 for -1: peers:[ca2b9cd0-63d2-42af-b7f4-b5b024b05d69|rpc:10.1.0.26:45169|dataStream:10.1.0.26:41089|priority:1|startupRole:FOLLOWER]|listeners:[], old=null
2023-01-06 14:00:17,246 [ca2b9cd0-63d2-42af-b7f4-b5b024b05d69@group-3F16AADDAC14-LeaderElection5] INFO  impl.LeaderElection (LeaderElection.java:askForVotes(314)) - ca2b9cd0-63d2-42af-b7f4-b5b024b05d69@group-3F16AADDAC14-LeaderElection5 ELECTION round 0: result PASSED (term=1)
2023-01-06 14:00:17,246 [ca2b9cd0-63d2-42af-b7f4-b5b024b05d69@group-3F16AADDAC14-LeaderElection5] INFO  impl.RoleInfo (RoleInfo.java:shutdownLeaderElection(130)) - ca2b9cd0-63d2-42af-b7f4-b5b024b05d69: shutdown ca2b9cd0-63d2-42af-b7f4-b5b024b05d69@group-3F16AADDAC14-LeaderElection5
2023-01-06 14:00:17,246 [ca2b9cd0-63d2-42af-b7f4-b5b024b05d69@group-3F16AADDAC14-LeaderElection5] INFO  server.RaftServer$Division (RaftServerImpl.java:setRole(321)) - ca2b9cd0-63d2-42af-b7f4-b5b024b05d69@group-3F16AADDAC14: changes role from CANDIDATE to LEADER at term 1 for changeToLeader
2023-01-06 14:00:17,246 [ca2b9cd0-63d2-42af-b7f4-b5b024b05d69@group-3F16AADDAC14-LeaderElection5] INFO  ratis.XceiverServerRatis (XceiverServerRatis.java:handleLeaderChangedNotification(904)) - Leader change notification received for group: group-3F16AADDAC14 with new leaderId: ca2b9cd0-63d2-42af-b7f4-b5b024b05d69
2023-01-06 14:00:17,246 [ca2b9cd0-63d2-42af-b7f4-b5b024b05d69@group-3F16AADDAC14-LeaderElection5] INFO  server.RaftServer$Division (ServerState.java:setLeader(313)) - ca2b9cd0-63d2-42af-b7f4-b5b024b05d69@group-3F16AADDAC14: change Leader from null to ca2b9cd0-63d2-42af-b7f4-b5b024b05d69 at term 1 for becomeLeader, leader elected after 5137ms
2023-01-06 14:00:17,246 [ca2b9cd0-63d2-42af-b7f4-b5b024b05d69@group-3F16AADDAC14-LeaderElection5] INFO  server.RaftServerConfigKeys (ConfUtils.java:logGet(46)) - raft.server.staging.catchup.gap = 1000 (default)
2023-01-06 14:00:17,248 [ca2b9cd0-63d2-42af-b7f4-b5b024b05d69@group-3F16AADDAC14-LeaderElection5] INFO  server.RaftServerConfigKeys (ConfUtils.java:logGet(46)) - raft.server.write.element-limit = 1024 (custom)
2023-01-06 14:00:17,249 [ca2b9cd0-63d2-42af-b7f4-b5b024b05d69@group-3F16AADDAC14-LeaderElection5] INFO  server.RaftServerConfigKeys (ConfUtils.java:logGet(46)) - raft.server.write.byte-limit = 1024 M (=1073741824) (custom)
2023-01-06 14:00:17,249 [ca2b9cd0-63d2-42af-b7f4-b5b024b05d69@group-3F16AADDAC14-LeaderElection5] INFO  server.RaftServerConfigKeys (ConfUtils.java:logGet(46)) - raft.server.watch.timeout = 180s (custom)
2023-01-06 14:00:17,249 [ca2b9cd0-63d2-42af-b7f4-b5b024b05d69@group-3F16AADDAC14-LeaderElection5] INFO  server.RaftServerConfigKeys (ConfUtils.java:logGet(46)) - raft.server.watch.timeout.denomination = 1s (default)
2023-01-06 14:00:17,249 [ca2b9cd0-63d2-42af-b7f4-b5b024b05d69@group-3F16AADDAC14-LeaderElection5] INFO  server.RaftServerConfigKeys (ConfUtils.java:logGet(46)) - raft.server.watch.element-limit = 65536 (default)
2023-01-06 14:00:17,249 [ca2b9cd0-63d2-42af-b7f4-b5b024b05d69@group-3F16AADDAC14-LeaderElection5] INFO  server.RaftServerConfigKeys (ConfUtils.java:logGet(46)) - raft.server.write.element-limit = 1024 (custom)
2023-01-06 14:00:17,249 [ca2b9cd0-63d2-42af-b7f4-b5b024b05d69@group-3F16AADDAC14-LeaderElection5] INFO  server.RaftServerConfigKeys (ConfUtils.java:logGet(46)) - raft.server.write.follower.gap.ratio.max = -1.0 (default)
2023-01-06 14:00:17,249 [ca2b9cd0-63d2-42af-b7f4-b5b024b05d69@group-3F16AADDAC14-LeaderElection5] INFO  impl.RoleInfo (RoleInfo.java:updateAndGet(139)) - ca2b9cd0-63d2-42af-b7f4-b5b024b05d69: start ca2b9cd0-63d2-42af-b7f4-b5b024b05d69@group-3F16AADDAC14-LeaderStateImpl
2023-01-06 14:00:17,250 [ca2b9cd0-63d2-42af-b7f4-b5b024b05d69@group-3F16AADDAC14-LeaderElection5] INFO  segmented.SegmentedRaftLogWorker (SegmentedRaftLogWorker.java:startLogSegment(452)) - ca2b9cd0-63d2-42af-b7f4-b5b024b05d69@group-3F16AADDAC14-SegmentedRaftLogWorker: Starting segment from index:0
2023-01-06 14:00:17,250 [ca2b9cd0-63d2-42af-b7f4-b5b024b05d69@group-3F16AADDAC14-SegmentedRaftLogWorker] INFO  segmented.SegmentedRaftLogWorker (SegmentedRaftLogWorker.java:execute(656)) - ca2b9cd0-63d2-42af-b7f4-b5b024b05d69@group-3F16AADDAC14-SegmentedRaftLogWorker: created new log segment /home/runner/work/ozone/ozone/hadoop-ozone/integration-test/target/test-dir/MiniOzoneClusterImpl-2de58cfc-ec7c-41ac-af7d-ad40b55ccb4e/datanode-2/data/ratis/1545c0b0-f82b-4fee-b213-3f16aaddac14/current/log_inprogress_0
2023-01-06 14:00:17,254 [ca2b9cd0-63d2-42af-b7f4-b5b024b05d69@group-3F16AADDAC14-LeaderElection5] INFO  server.RaftServer$Division (ServerState.java:setRaftConf(430)) - ca2b9cd0-63d2-42af-b7f4-b5b024b05d69@group-3F16AADDAC14: set configuration 0: peers:[ca2b9cd0-63d2-42af-b7f4-b5b024b05d69|rpc:10.1.0.26:45169|dataStream:10.1.0.26:41089|priority:1|startupRole:FOLLOWER]|listeners:[], old=null
2023-01-06 14:00:17,351 [ca2b9cd0-63d2-42af-b7f4-b5b024b05d69@group-0ED9BB7646BA-FollowerState] INFO  impl.FollowerState (FollowerState.java:run(143)) - ca2b9cd0-63d2-42af-b7f4-b5b024b05d69@group-0ED9BB7646BA-FollowerState: change to CANDIDATE, lastRpcElapsedTime:5116975519ns, electionTimeout:5101ms
2023-01-06 14:00:17,351 [ca2b9cd0-63d2-42af-b7f4-b5b024b05d69@group-0ED9BB7646BA-FollowerState] INFO  impl.RoleInfo (RoleInfo.java:shutdownFollowerState(110)) - ca2b9cd0-63d2-42af-b7f4-b5b024b05d69: shutdown ca2b9cd0-63d2-42af-b7f4-b5b024b05d69@group-0ED9BB7646BA-FollowerState
2023-01-06 14:00:17,351 [ca2b9cd0-63d2-42af-b7f4-b5b024b05d69@group-0ED9BB7646BA-FollowerState] INFO  server.RaftServer$Division (RaftServerImpl.java:setRole(321)) - ca2b9cd0-63d2-42af-b7f4-b5b024b05d69@group-0ED9BB7646BA: changes role from  FOLLOWER to CANDIDATE at term 0 for changeToCandidate
2023-01-06 14:00:17,353 [ca2b9cd0-63d2-42af-b7f4-b5b024b05d69@group-0ED9BB7646BA-FollowerState] INFO  server.RaftServerConfigKeys (ConfUtils.java:logGet(46)) - raft.server.leaderelection.pre-vote = false (custom)
2023-01-06 14:00:17,353 [ca2b9cd0-63d2-42af-b7f4-b5b024b05d69@group-0ED9BB7646BA-FollowerState] INFO  impl.RoleInfo (RoleInfo.java:updateAndGet(139)) - ca2b9cd0-63d2-42af-b7f4-b5b024b05d69: start ca2b9cd0-63d2-42af-b7f4-b5b024b05d69@group-0ED9BB7646BA-LeaderElection6
2023-01-06 14:00:17,370 [fe41025e-da51-4673-994d-25a17fd926d9@group-0ED9BB7646BA-FollowerState] INFO  impl.FollowerState (FollowerState.java:run(143)) - fe41025e-da51-4673-994d-25a17fd926d9@group-0ED9BB7646BA-FollowerState: change to CANDIDATE, lastRpcElapsedTime:5101376618ns, electionTimeout:5093ms
2023-01-06 14:00:17,370 [fe41025e-da51-4673-994d-25a17fd926d9@group-0ED9BB7646BA-FollowerState] INFO  impl.RoleInfo (RoleInfo.java:shutdownFollowerState(110)) - fe41025e-da51-4673-994d-25a17fd926d9: shutdown fe41025e-da51-4673-994d-25a17fd926d9@group-0ED9BB7646BA-FollowerState
2023-01-06 14:00:17,370 [fe41025e-da51-4673-994d-25a17fd926d9@group-0ED9BB7646BA-FollowerState] INFO  server.RaftServer$Division (RaftServerImpl.java:setRole(321)) - fe41025e-da51-4673-994d-25a17fd926d9@group-0ED9BB7646BA: changes role from  FOLLOWER to CANDIDATE at term 0 for changeToCandidate
2023-01-06 14:00:17,378 [ca2b9cd0-63d2-42af-b7f4-b5b024b05d69@group-0ED9BB7646BA-LeaderElection6] INFO  impl.LeaderElection (LeaderElection.java:askForVotes(312)) - ca2b9cd0-63d2-42af-b7f4-b5b024b05d69@group-0ED9BB7646BA-LeaderElection6 ELECTION round 0: submit vote requests at term 1 for -1: peers:[ca2b9cd0-63d2-42af-b7f4-b5b024b05d69|rpc:10.1.0.26:45169|dataStream:10.1.0.26:41089|priority:0|startupRole:FOLLOWER, fe41025e-da51-4673-994d-25a17fd926d9|rpc:10.1.0.26:46787|dataStream:10.1.0.26:38003|priority:0|startupRole:FOLLOWER, 9d2479ec-aa45-414b-9f67-598ea71ed6e7|rpc:10.1.0.26:46055|dataStream:10.1.0.26:37817|priority:1|startupRole:FOLLOWER]|listeners:[], old=null
2023-01-06 14:00:17,378 [fe41025e-da51-4673-994d-25a17fd926d9@group-0ED9BB7646BA-FollowerState] INFO  server.RaftServerConfigKeys (ConfUtils.java:logGet(46)) - raft.server.leaderelection.pre-vote = false (custom)
2023-01-06 14:00:17,378 [fe41025e-da51-4673-994d-25a17fd926d9@group-0ED9BB7646BA-FollowerState] INFO  impl.RoleInfo (RoleInfo.java:updateAndGet(139)) - fe41025e-da51-4673-994d-25a17fd926d9: start fe41025e-da51-4673-994d-25a17fd926d9@group-0ED9BB7646BA-LeaderElection7
2023-01-06 14:00:17,378 [ca2b9cd0-63d2-42af-b7f4-b5b024b05d69@group-0ED9BB7646BA-LeaderElection6-1] INFO  server.GrpcServerProtocolClient (GrpcServerProtocolClient.java:<init>(63)) - Build channel for fe41025e-da51-4673-994d-25a17fd926d9
2023-01-06 14:00:17,379 [ca2b9cd0-63d2-42af-b7f4-b5b024b05d69@group-0ED9BB7646BA-LeaderElection6] INFO  server.RaftServerConfigKeys (ConfUtils.java:logFallback(53)) - raft.server.rpc.first-election.timeout.min = 5s (fallback to raft.server.rpc.timeout.min)
2023-01-06 14:00:17,380 [ca2b9cd0-63d2-42af-b7f4-b5b024b05d69@group-0ED9BB7646BA-LeaderElection6] INFO  server.RaftServerConfigKeys (ConfUtils.java:logFallback(53)) - raft.server.rpc.first-election.timeout.max = 5200ms (fallback to raft.server.rpc.timeout.max)
2023-01-06 14:00:17,382 [ca2b9cd0-63d2-42af-b7f4-b5b024b05d69@group-0ED9BB7646BA-LeaderElection6-2] INFO  server.GrpcServerProtocolClient (GrpcServerProtocolClient.java:<init>(63)) - Build channel for 9d2479ec-aa45-414b-9f67-598ea71ed6e7
2023-01-06 14:00:17,389 [9d2479ec-aa45-414b-9f67-598ea71ed6e7@group-0ED9BB7646BA-FollowerState] INFO  impl.FollowerState (FollowerState.java:run(143)) - 9d2479ec-aa45-414b-9f67-598ea71ed6e7@group-0ED9BB7646BA-FollowerState: change to CANDIDATE, lastRpcElapsedTime:5202052477ns, electionTimeout:5183ms
2023-01-06 14:00:17,390 [9d2479ec-aa45-414b-9f67-598ea71ed6e7@group-0ED9BB7646BA-FollowerState] INFO  impl.RoleInfo (RoleInfo.java:shutdownFollowerState(110)) - 9d2479ec-aa45-414b-9f67-598ea71ed6e7: shutdown 9d2479ec-aa45-414b-9f67-598ea71ed6e7@group-0ED9BB7646BA-FollowerState
2023-01-06 14:00:17,390 [9d2479ec-aa45-414b-9f67-598ea71ed6e7@group-0ED9BB7646BA-FollowerState] INFO  server.RaftServer$Division (RaftServerImpl.java:setRole(321)) - 9d2479ec-aa45-414b-9f67-598ea71ed6e7@group-0ED9BB7646BA: changes role from  FOLLOWER to CANDIDATE at term 0 for changeToCandidate
2023-01-06 14:00:17,391 [9d2479ec-aa45-414b-9f67-598ea71ed6e7@group-0ED9BB7646BA-FollowerState] INFO  server.RaftServerConfigKeys (ConfUtils.java:logGet(46)) - raft.server.leaderelection.pre-vote = false (custom)
2023-01-06 14:00:17,391 [9d2479ec-aa45-414b-9f67-598ea71ed6e7@group-0ED9BB7646BA-FollowerState] INFO  impl.RoleInfo (RoleInfo.java:updateAndGet(139)) - 9d2479ec-aa45-414b-9f67-598ea71ed6e7: start 9d2479ec-aa45-414b-9f67-598ea71ed6e7@group-0ED9BB7646BA-LeaderElection8
2023-01-06 14:00:17,396 [grpc-default-executor-0] INFO  server.RaftServer$Division (RaftServerImpl.java:requestVote(1218)) - 9d2479ec-aa45-414b-9f67-598ea71ed6e7@group-0ED9BB7646BA: receive requestVote(ELECTION, ca2b9cd0-63d2-42af-b7f4-b5b024b05d69, group-0ED9BB7646BA, 1, (t:0, i:0))
2023-01-06 14:00:17,404 [grpc-default-executor-3] INFO  server.RaftServer$Division (RaftServerImpl.java:requestVote(1218)) - fe41025e-da51-4673-994d-25a17fd926d9@group-0ED9BB7646BA: receive requestVote(ELECTION, ca2b9cd0-63d2-42af-b7f4-b5b024b05d69, group-0ED9BB7646BA, 1, (t:0, i:0))
2023-01-06 14:00:17,404 [grpc-default-executor-3] INFO  impl.VoteContext (VoteContext.java:log(49)) - fe41025e-da51-4673-994d-25a17fd926d9@group-0ED9BB7646BA-CANDIDATE: reject ELECTION from ca2b9cd0-63d2-42af-b7f4-b5b024b05d69: already has voted for fe41025e-da51-4673-994d-25a17fd926d9 at current term 1
2023-01-06 14:00:17,404 [grpc-default-executor-3] INFO  server.RaftServer$Division (RaftServerImpl.java:requestVote(1251)) - fe41025e-da51-4673-994d-25a17fd926d9@group-0ED9BB7646BA replies to ELECTION vote request: ca2b9cd0-63d2-42af-b7f4-b5b024b05d69<-fe41025e-da51-4673-994d-25a17fd926d9#0:FAIL-t1. Peer's state: fe41025e-da51-4673-994d-25a17fd926d9@group-0ED9BB7646BA:t1, leader=null, voted=fe41025e-da51-4673-994d-25a17fd926d9, raftlog=Memoized:fe41025e-da51-4673-994d-25a17fd926d9@group-0ED9BB7646BA-SegmentedRaftLog:OPENED:c-1, conf=-1: peers:[ca2b9cd0-63d2-42af-b7f4-b5b024b05d69|rpc:10.1.0.26:45169|dataStream:10.1.0.26:41089|priority:0|startupRole:FOLLOWER, fe41025e-da51-4673-994d-25a17fd926d9|rpc:10.1.0.26:46787|dataStream:10.1.0.26:38003|priority:0|startupRole:FOLLOWER, 9d2479ec-aa45-414b-9f67-598ea71ed6e7|rpc:10.1.0.26:46055|dataStream:10.1.0.26:37817|priority:1|startupRole:FOLLOWER]|listeners:[], old=null
2023-01-06 14:00:17,405 [fe41025e-da51-4673-994d-25a17fd926d9@group-0ED9BB7646BA-LeaderElection7] INFO  impl.LeaderElection (LeaderElection.java:askForVotes(312)) - fe41025e-da51-4673-994d-25a17fd926d9@group-0ED9BB7646BA-LeaderElection7 ELECTION round 0: submit vote requests at term 1 for -1: peers:[ca2b9cd0-63d2-42af-b7f4-b5b024b05d69|rpc:10.1.0.26:45169|dataStream:10.1.0.26:41089|priority:0|startupRole:FOLLOWER, fe41025e-da51-4673-994d-25a17fd926d9|rpc:10.1.0.26:46787|dataStream:10.1.0.26:38003|priority:0|startupRole:FOLLOWER, 9d2479ec-aa45-414b-9f67-598ea71ed6e7|rpc:10.1.0.26:46055|dataStream:10.1.0.26:37817|priority:1|startupRole:FOLLOWER]|listeners:[], old=null
2023-01-06 14:00:17,406 [9d2479ec-aa45-414b-9f67-598ea71ed6e7@group-0ED9BB7646BA-LeaderElection8] INFO  impl.LeaderElection (LeaderElection.java:askForVotes(312)) - 9d2479ec-aa45-414b-9f67-598ea71ed6e7@group-0ED9BB7646BA-LeaderElection8 ELECTION round 0: submit vote requests at term 1 for -1: peers:[ca2b9cd0-63d2-42af-b7f4-b5b024b05d69|rpc:10.1.0.26:45169|dataStream:10.1.0.26:41089|priority:0|startupRole:FOLLOWER, fe41025e-da51-4673-994d-25a17fd926d9|rpc:10.1.0.26:46787|dataStream:10.1.0.26:38003|priority:0|startupRole:FOLLOWER, 9d2479ec-aa45-414b-9f67-598ea71ed6e7|rpc:10.1.0.26:46055|dataStream:10.1.0.26:37817|priority:1|startupRole:FOLLOWER]|listeners:[], old=null
2023-01-06 14:00:17,406 [grpc-default-executor-0] INFO  impl.VoteContext (VoteContext.java:log(49)) - 9d2479ec-aa45-414b-9f67-598ea71ed6e7@group-0ED9BB7646BA-CANDIDATE: reject ELECTION from ca2b9cd0-63d2-42af-b7f4-b5b024b05d69: already has voted for 9d2479ec-aa45-414b-9f67-598ea71ed6e7 at current term 1
2023-01-06 14:00:17,406 [grpc-default-executor-0] INFO  server.RaftServer$Division (RaftServerImpl.java:requestVote(1251)) - 9d2479ec-aa45-414b-9f67-598ea71ed6e7@group-0ED9BB7646BA replies to ELECTION vote request: ca2b9cd0-63d2-42af-b7f4-b5b024b05d69<-9d2479ec-aa45-414b-9f67-598ea71ed6e7#0:FAIL-t1. Peer's state: 9d2479ec-aa45-414b-9f67-598ea71ed6e7@group-0ED9BB7646BA:t1, leader=null, voted=9d2479ec-aa45-414b-9f67-598ea71ed6e7, raftlog=Memoized:9d2479ec-aa45-414b-9f67-598ea71ed6e7@group-0ED9BB7646BA-SegmentedRaftLog:OPENED:c-1, conf=-1: peers:[ca2b9cd0-63d2-42af-b7f4-b5b024b05d69|rpc:10.1.0.26:45169|dataStream:10.1.0.26:41089|priority:0|startupRole:FOLLOWER, fe41025e-da51-4673-994d-25a17fd926d9|rpc:10.1.0.26:46787|dataStream:10.1.0.26:38003|priority:0|startupRole:FOLLOWER, 9d2479ec-aa45-414b-9f67-598ea71ed6e7|rpc:10.1.0.26:46055|dataStream:10.1.0.26:37817|priority:1|startupRole:FOLLOWER]|listeners:[], old=null
2023-01-06 14:00:17,409 [fe41025e-da51-4673-994d-25a17fd926d9@group-0ED9BB7646BA-LeaderElection7] INFO  server.RaftServerConfigKeys (ConfUtils.java:logFallback(53)) - raft.server.rpc.first-election.timeout.min = 5s (fallback to raft.server.rpc.timeout.min)
2023-01-06 14:00:17,409 [fe41025e-da51-4673-994d-25a17fd926d9@group-0ED9BB7646BA-LeaderElection7] INFO  server.RaftServerConfigKeys (ConfUtils.java:logFallback(53)) - raft.server.rpc.first-election.timeout.max = 5200ms (fallback to raft.server.rpc.timeout.max)
2023-01-06 14:00:17,417 [9d2479ec-aa45-414b-9f67-598ea71ed6e7@group-0ED9BB7646BA-LeaderElection8-1] INFO  server.GrpcServerProtocolClient (GrpcServerProtocolClient.java:<init>(63)) - Build channel for ca2b9cd0-63d2-42af-b7f4-b5b024b05d69
2023-01-06 14:00:17,421 [9d2479ec-aa45-414b-9f67-598ea71ed6e7@group-0ED9BB7646BA-LeaderElection8] INFO  server.RaftServerConfigKeys (ConfUtils.java:logFallback(53)) - raft.server.rpc.first-election.timeout.min = 5s (fallback to raft.server.rpc.timeout.min)
2023-01-06 14:00:17,423 [9d2479ec-aa45-414b-9f67-598ea71ed6e7@group-0ED9BB7646BA-LeaderElection8] INFO  server.RaftServerConfigKeys (ConfUtils.java:logFallback(53)) - raft.server.rpc.first-election.timeout.max = 5200ms (fallback to raft.server.rpc.timeout.max)
2023-01-06 14:00:17,425 [grpc-default-executor-4] INFO  server.RaftServer$Division (RaftServerImpl.java:requestVote(1218)) - ca2b9cd0-63d2-42af-b7f4-b5b024b05d69@group-0ED9BB7646BA: receive requestVote(ELECTION, fe41025e-da51-4673-994d-25a17fd926d9, group-0ED9BB7646BA, 1, (t:0, i:0))
2023-01-06 14:00:17,425 [grpc-default-executor-4] INFO  impl.VoteContext (VoteContext.java:log(49)) - ca2b9cd0-63d2-42af-b7f4-b5b024b05d69@group-0ED9BB7646BA-CANDIDATE: reject ELECTION from fe41025e-da51-4673-994d-25a17fd926d9: already has voted for ca2b9cd0-63d2-42af-b7f4-b5b024b05d69 at current term 1
2023-01-06 14:00:17,425 [grpc-default-executor-4] INFO  server.RaftServer$Division (RaftServerImpl.java:requestVote(1251)) - ca2b9cd0-63d2-42af-b7f4-b5b024b05d69@group-0ED9BB7646BA replies to ELECTION vote request: fe41025e-da51-4673-994d-25a17fd926d9<-ca2b9cd0-63d2-42af-b7f4-b5b024b05d69#0:FAIL-t1. Peer's state: ca2b9cd0-63d2-42af-b7f4-b5b024b05d69@group-0ED9BB7646BA:t1, leader=null, voted=ca2b9cd0-63d2-42af-b7f4-b5b024b05d69, raftlog=Memoized:ca2b9cd0-63d2-42af-b7f4-b5b024b05d69@group-0ED9BB7646BA-SegmentedRaftLog:OPENED:c-1, conf=-1: peers:[ca2b9cd0-63d2-42af-b7f4-b5b024b05d69|rpc:10.1.0.26:45169|dataStream:10.1.0.26:41089|priority:0|startupRole:FOLLOWER, fe41025e-da51-4673-994d-25a17fd926d9|rpc:10.1.0.26:46787|dataStream:10.1.0.26:38003|priority:0|startupRole:FOLLOWER, 9d2479ec-aa45-414b-9f67-598ea71ed6e7|rpc:10.1.0.26:46055|dataStream:10.1.0.26:37817|priority:1|startupRole:FOLLOWER]|listeners:[], old=null
2023-01-06 14:00:17,425 [ca2b9cd0-63d2-42af-b7f4-b5b024b05d69@group-0ED9BB7646BA-LeaderElection6] INFO  impl.LeaderElection (LeaderElection.java:logAndReturn(90)) - ca2b9cd0-63d2-42af-b7f4-b5b024b05d69@group-0ED9BB7646BA-LeaderElection6: ELECTION REJECTED received 2 response(s) and 0 exception(s):
2023-01-06 14:00:17,425 [ca2b9cd0-63d2-42af-b7f4-b5b024b05d69@group-0ED9BB7646BA-LeaderElection6] INFO  impl.LeaderElection (LeaderElection.java:logAndReturn(94)) -   Response 0: ca2b9cd0-63d2-42af-b7f4-b5b024b05d69<-fe41025e-da51-4673-994d-25a17fd926d9#0:FAIL-t1
2023-01-06 14:00:17,425 [ca2b9cd0-63d2-42af-b7f4-b5b024b05d69@group-0ED9BB7646BA-LeaderElection6] INFO  impl.LeaderElection (LeaderElection.java:logAndReturn(94)) -   Response 1: ca2b9cd0-63d2-42af-b7f4-b5b024b05d69<-9d2479ec-aa45-414b-9f67-598ea71ed6e7#0:FAIL-t1
2023-01-06 14:00:17,425 [ca2b9cd0-63d2-42af-b7f4-b5b024b05d69@group-0ED9BB7646BA-LeaderElection6] INFO  impl.LeaderElection (LeaderElection.java:askForVotes(314)) - ca2b9cd0-63d2-42af-b7f4-b5b024b05d69@group-0ED9BB7646BA-LeaderElection6 ELECTION round 0: result REJECTED
2023-01-06 14:00:17,425 [ca2b9cd0-63d2-42af-b7f4-b5b024b05d69@group-0ED9BB7646BA-LeaderElection6] INFO  server.RaftServer$Division (RaftServerImpl.java:setRole(321)) - ca2b9cd0-63d2-42af-b7f4-b5b024b05d69@group-0ED9BB7646BA: changes role from CANDIDATE to FOLLOWER at term 1 for REJECTED
2023-01-06 14:00:17,425 [ca2b9cd0-63d2-42af-b7f4-b5b024b05d69@group-0ED9BB7646BA-LeaderElection6] INFO  impl.RoleInfo (RoleInfo.java:shutdownLeaderElection(130)) - ca2b9cd0-63d2-42af-b7f4-b5b024b05d69: shutdown ca2b9cd0-63d2-42af-b7f4-b5b024b05d69@group-0ED9BB7646BA-LeaderElection6
2023-01-06 14:00:17,425 [ca2b9cd0-63d2-42af-b7f4-b5b024b05d69@group-0ED9BB7646BA-LeaderElection6] INFO  impl.RoleInfo (RoleInfo.java:updateAndGet(139)) - ca2b9cd0-63d2-42af-b7f4-b5b024b05d69: start ca2b9cd0-63d2-42af-b7f4-b5b024b05d69@group-0ED9BB7646BA-FollowerState
2023-01-06 14:00:17,428 [9d2479ec-aa45-414b-9f67-598ea71ed6e7@group-0ED9BB7646BA-LeaderElection8-2] INFO  server.GrpcServerProtocolClient (GrpcServerProtocolClient.java:<init>(63)) - Build channel for fe41025e-da51-4673-994d-25a17fd926d9
2023-01-06 14:00:17,430 [ca2b9cd0-63d2-42af-b7f4-b5b024b05d69@group-0ED9BB7646BA-FollowerState] INFO  server.RaftServerConfigKeys (ConfUtils.java:logFallback(53)) - raft.server.rpc.first-election.timeout.min = 5s (fallback to raft.server.rpc.timeout.min)
2023-01-06 14:00:17,431 [ca2b9cd0-63d2-42af-b7f4-b5b024b05d69@group-0ED9BB7646BA-FollowerState] INFO  server.RaftServerConfigKeys (ConfUtils.java:logFallback(53)) - raft.server.rpc.first-election.timeout.max = 5200ms (fallback to raft.server.rpc.timeout.max)
2023-01-06 14:00:17,442 [grpc-default-executor-1] INFO  server.RaftServer$Division (RaftServerImpl.java:requestVote(1218)) - 9d2479ec-aa45-414b-9f67-598ea71ed6e7@group-0ED9BB7646BA: receive requestVote(ELECTION, fe41025e-da51-4673-994d-25a17fd926d9, group-0ED9BB7646BA, 1, (t:0, i:0))
2023-01-06 14:00:17,442 [grpc-default-executor-1] INFO  impl.VoteContext (VoteContext.java:log(49)) - 9d2479ec-aa45-414b-9f67-598ea71ed6e7@group-0ED9BB7646BA-CANDIDATE: reject ELECTION from fe41025e-da51-4673-994d-25a17fd926d9: already has voted for 9d2479ec-aa45-414b-9f67-598ea71ed6e7 at current term 1
2023-01-06 14:00:17,442 [grpc-default-executor-1] INFO  server.RaftServer$Division (RaftServerImpl.java:requestVote(1251)) - 9d2479ec-aa45-414b-9f67-598ea71ed6e7@group-0ED9BB7646BA replies to ELECTION vote request: fe41025e-da51-4673-994d-25a17fd926d9<-9d2479ec-aa45-414b-9f67-598ea71ed6e7#0:FAIL-t1. Peer's state: 9d2479ec-aa45-414b-9f67-598ea71ed6e7@group-0ED9BB7646BA:t1, leader=null, voted=9d2479ec-aa45-414b-9f67-598ea71ed6e7, raftlog=Memoized:9d2479ec-aa45-414b-9f67-598ea71ed6e7@group-0ED9BB7646BA-SegmentedRaftLog:OPENED:c-1, conf=-1: peers:[ca2b9cd0-63d2-42af-b7f4-b5b024b05d69|rpc:10.1.0.26:45169|dataStream:10.1.0.26:41089|priority:0|startupRole:FOLLOWER, fe41025e-da51-4673-994d-25a17fd926d9|rpc:10.1.0.26:46787|dataStream:10.1.0.26:38003|priority:0|startupRole:FOLLOWER, 9d2479ec-aa45-414b-9f67-598ea71ed6e7|rpc:10.1.0.26:46055|dataStream:10.1.0.26:37817|priority:1|startupRole:FOLLOWER]|listeners:[], old=null
2023-01-06 14:00:17,446 [fe41025e-da51-4673-994d-25a17fd926d9@group-0ED9BB7646BA-LeaderElection7] INFO  impl.LeaderElection (LeaderElection.java:logAndReturn(90)) - fe41025e-da51-4673-994d-25a17fd926d9@group-0ED9BB7646BA-LeaderElection7: ELECTION REJECTED received 2 response(s) and 0 exception(s):
2023-01-06 14:00:17,446 [fe41025e-da51-4673-994d-25a17fd926d9@group-0ED9BB7646BA-LeaderElection7] INFO  impl.LeaderElection (LeaderElection.java:logAndReturn(94)) -   Response 0: fe41025e-da51-4673-994d-25a17fd926d9<-ca2b9cd0-63d2-42af-b7f4-b5b024b05d69#0:FAIL-t1
2023-01-06 14:00:17,446 [fe41025e-da51-4673-994d-25a17fd926d9@group-0ED9BB7646BA-LeaderElection7] INFO  impl.LeaderElection (LeaderElection.java:logAndReturn(94)) -   Response 1: fe41025e-da51-4673-994d-25a17fd926d9<-9d2479ec-aa45-414b-9f67-598ea71ed6e7#0:FAIL-t1
2023-01-06 14:00:17,446 [fe41025e-da51-4673-994d-25a17fd926d9@group-0ED9BB7646BA-LeaderElection7] INFO  impl.LeaderElection (LeaderElection.java:askForVotes(314)) - fe41025e-da51-4673-994d-25a17fd926d9@group-0ED9BB7646BA-LeaderElection7 ELECTION round 0: result REJECTED
2023-01-06 14:00:17,446 [fe41025e-da51-4673-994d-25a17fd926d9@group-0ED9BB7646BA-LeaderElection7] INFO  server.RaftServer$Division (RaftServerImpl.java:setRole(321)) - fe41025e-da51-4673-994d-25a17fd926d9@group-0ED9BB7646BA: changes role from CANDIDATE to FOLLOWER at term 1 for REJECTED
2023-01-06 14:00:17,446 [fe41025e-da51-4673-994d-25a17fd926d9@group-0ED9BB7646BA-LeaderElection7] INFO  impl.RoleInfo (RoleInfo.java:shutdownLeaderElection(130)) - fe41025e-da51-4673-994d-25a17fd926d9: shutdown fe41025e-da51-4673-994d-25a17fd926d9@group-0ED9BB7646BA-LeaderElection7
2023-01-06 14:00:17,446 [fe41025e-da51-4673-994d-25a17fd926d9@group-0ED9BB7646BA-LeaderElection7] INFO  impl.RoleInfo (RoleInfo.java:updateAndGet(139)) - fe41025e-da51-4673-994d-25a17fd926d9: start fe41025e-da51-4673-994d-25a17fd926d9@group-0ED9BB7646BA-FollowerState
2023-01-06 14:00:17,446 [grpc-default-executor-1] INFO  server.RaftServer$Division (RaftServerImpl.java:requestVote(1218)) - ca2b9cd0-63d2-42af-b7f4-b5b024b05d69@group-0ED9BB7646BA: receive requestVote(ELECTION, 9d2479ec-aa45-414b-9f67-598ea71ed6e7, group-0ED9BB7646BA, 1, (t:0, i:0))
2023-01-06 14:00:17,446 [grpc-default-executor-1] INFO  impl.VoteContext (VoteContext.java:log(49)) - ca2b9cd0-63d2-42af-b7f4-b5b024b05d69@group-0ED9BB7646BA-FOLLOWER: reject ELECTION from 9d2479ec-aa45-414b-9f67-598ea71ed6e7: already has voted for ca2b9cd0-63d2-42af-b7f4-b5b024b05d69 at current term 1
2023-01-06 14:00:17,446 [grpc-default-executor-1] INFO  server.RaftServer$Division (RaftServerImpl.java:requestVote(1251)) - ca2b9cd0-63d2-42af-b7f4-b5b024b05d69@group-0ED9BB7646BA replies to ELECTION vote request: 9d2479ec-aa45-414b-9f67-598ea71ed6e7<-ca2b9cd0-63d2-42af-b7f4-b5b024b05d69#0:FAIL-t1. Peer's state: ca2b9cd0-63d2-42af-b7f4-b5b024b05d69@group-0ED9BB7646BA:t1, leader=null, voted=ca2b9cd0-63d2-42af-b7f4-b5b024b05d69, raftlog=Memoized:ca2b9cd0-63d2-42af-b7f4-b5b024b05d69@group-0ED9BB7646BA-SegmentedRaftLog:OPENED:c-1, conf=-1: peers:[ca2b9cd0-63d2-42af-b7f4-b5b024b05d69|rpc:10.1.0.26:45169|dataStream:10.1.0.26:41089|priority:0|startupRole:FOLLOWER, fe41025e-da51-4673-994d-25a17fd926d9|rpc:10.1.0.26:46787|dataStream:10.1.0.26:38003|priority:0|startupRole:FOLLOWER, 9d2479ec-aa45-414b-9f67-598ea71ed6e7|rpc:10.1.0.26:46055|dataStream:10.1.0.26:37817|priority:1|startupRole:FOLLOWER]|listeners:[], old=null
2023-01-06 14:00:17,457 [e32a88af-9633-4d64-a8b2-4f5c257759a0@group-EA947270C03E-FollowerState] INFO  impl.FollowerState (FollowerState.java:run(143)) - e32a88af-9633-4d64-a8b2-4f5c257759a0@group-EA947270C03E-FollowerState: change to CANDIDATE, lastRpcElapsedTime:5020616733ns, electionTimeout:5014ms
2023-01-06 14:00:17,458 [e32a88af-9633-4d64-a8b2-4f5c257759a0@group-EA947270C03E-FollowerState] INFO  impl.RoleInfo (RoleInfo.java:shutdownFollowerState(110)) - e32a88af-9633-4d64-a8b2-4f5c257759a0: shutdown e32a88af-9633-4d64-a8b2-4f5c257759a0@group-EA947270C03E-FollowerState
2023-01-06 14:00:17,458 [e32a88af-9633-4d64-a8b2-4f5c257759a0@group-EA947270C03E-FollowerState] INFO  server.RaftServer$Division (RaftServerImpl.java:setRole(321)) - e32a88af-9633-4d64-a8b2-4f5c257759a0@group-EA947270C03E: changes role from  FOLLOWER to CANDIDATE at term 0 for changeToCandidate
2023-01-06 14:00:17,459 [e32a88af-9633-4d64-a8b2-4f5c257759a0@group-EA947270C03E-FollowerState] INFO  server.RaftServerConfigKeys (ConfUtils.java:logGet(46)) - raft.server.leaderelection.pre-vote = false (custom)
2023-01-06 14:00:17,459 [e32a88af-9633-4d64-a8b2-4f5c257759a0@group-EA947270C03E-FollowerState] INFO  impl.RoleInfo (RoleInfo.java:updateAndGet(139)) - e32a88af-9633-4d64-a8b2-4f5c257759a0: start e32a88af-9633-4d64-a8b2-4f5c257759a0@group-EA947270C03E-LeaderElection9
2023-01-06 14:00:17,461 [fe41025e-da51-4673-994d-25a17fd926d9@group-0ED9BB7646BA-FollowerState] INFO  server.RaftServerConfigKeys (ConfUtils.java:logFallback(53)) - raft.server.rpc.first-election.timeout.min = 5s (fallback to raft.server.rpc.timeout.min)
2023-01-06 14:00:17,461 [fe41025e-da51-4673-994d-25a17fd926d9@group-0ED9BB7646BA-FollowerState] INFO  server.RaftServerConfigKeys (ConfUtils.java:logFallback(53)) - raft.server.rpc.first-election.timeout.max = 5200ms (fallback to raft.server.rpc.timeout.max)
2023-01-06 14:00:17,479 [e32a88af-9633-4d64-a8b2-4f5c257759a0@group-EA947270C03E-LeaderElection9] INFO  impl.LeaderElection (LeaderElection.java:askForVotes(312)) - e32a88af-9633-4d64-a8b2-4f5c257759a0@group-EA947270C03E-LeaderElection9 ELECTION round 0: submit vote requests at term 1 for -1: peers:[e32a88af-9633-4d64-a8b2-4f5c257759a0|rpc:10.1.0.26:34063|dataStream:10.1.0.26:41351|priority:1|startupRole:FOLLOWER]|listeners:[], old=null
2023-01-06 14:00:17,479 [e32a88af-9633-4d64-a8b2-4f5c257759a0@group-EA947270C03E-LeaderElection9] INFO  impl.LeaderElection (LeaderElection.java:askForVotes(314)) - e32a88af-9633-4d64-a8b2-4f5c257759a0@group-EA947270C03E-LeaderElection9 ELECTION round 0: result PASSED (term=1)
2023-01-06 14:00:17,479 [e32a88af-9633-4d64-a8b2-4f5c257759a0@group-EA947270C03E-LeaderElection9] INFO  impl.RoleInfo (RoleInfo.java:shutdownLeaderElection(130)) - e32a88af-9633-4d64-a8b2-4f5c257759a0: shutdown e32a88af-9633-4d64-a8b2-4f5c257759a0@group-EA947270C03E-LeaderElection9
2023-01-06 14:00:17,479 [e32a88af-9633-4d64-a8b2-4f5c257759a0@group-EA947270C03E-LeaderElection9] INFO  server.RaftServer$Division (RaftServerImpl.java:setRole(321)) - e32a88af-9633-4d64-a8b2-4f5c257759a0@group-EA947270C03E: changes role from CANDIDATE to LEADER at term 1 for changeToLeader
2023-01-06 14:00:17,479 [e32a88af-9633-4d64-a8b2-4f5c257759a0@group-EA947270C03E-LeaderElection9] INFO  ratis.XceiverServerRatis (XceiverServerRatis.java:handleLeaderChangedNotification(904)) - Leader change notification received for group: group-EA947270C03E with new leaderId: e32a88af-9633-4d64-a8b2-4f5c257759a0
2023-01-06 14:00:17,483 [grpc-default-executor-3] INFO  server.RaftServer$Division (RaftServerImpl.java:requestVote(1218)) - fe41025e-da51-4673-994d-25a17fd926d9@group-0ED9BB7646BA: receive requestVote(ELECTION, 9d2479ec-aa45-414b-9f67-598ea71ed6e7, group-0ED9BB7646BA, 1, (t:0, i:0))
2023-01-06 14:00:17,483 [grpc-default-executor-3] INFO  impl.VoteContext (VoteContext.java:log(49)) - fe41025e-da51-4673-994d-25a17fd926d9@group-0ED9BB7646BA-FOLLOWER: reject ELECTION from 9d2479ec-aa45-414b-9f67-598ea71ed6e7: already has voted for fe41025e-da51-4673-994d-25a17fd926d9 at current term 1
2023-01-06 14:00:17,483 [grpc-default-executor-3] INFO  server.RaftServer$Division (RaftServerImpl.java:requestVote(1251)) - fe41025e-da51-4673-994d-25a17fd926d9@group-0ED9BB7646BA replies to ELECTION vote request: 9d2479ec-aa45-414b-9f67-598ea71ed6e7<-fe41025e-da51-4673-994d-25a17fd926d9#0:FAIL-t1. Peer's state: fe41025e-da51-4673-994d-25a17fd926d9@group-0ED9BB7646BA:t1, leader=null, voted=fe41025e-da51-4673-994d-25a17fd926d9, raftlog=Memoized:fe41025e-da51-4673-994d-25a17fd926d9@group-0ED9BB7646BA-SegmentedRaftLog:OPENED:c-1, conf=-1: peers:[ca2b9cd0-63d2-42af-b7f4-b5b024b05d69|rpc:10.1.0.26:45169|dataStream:10.1.0.26:41089|priority:0|startupRole:FOLLOWER, fe41025e-da51-4673-994d-25a17fd926d9|rpc:10.1.0.26:46787|dataStream:10.1.0.26:38003|priority:0|startupRole:FOLLOWER, 9d2479ec-aa45-414b-9f67-598ea71ed6e7|rpc:10.1.0.26:46055|dataStream:10.1.0.26:37817|priority:1|startupRole:FOLLOWER]|listeners:[], old=null
2023-01-06 14:00:17,486 [e32a88af-9633-4d64-a8b2-4f5c257759a0@group-EA947270C03E-LeaderElection9] INFO  server.RaftServer$Division (ServerState.java:setLeader(313)) - e32a88af-9633-4d64-a8b2-4f5c257759a0@group-EA947270C03E: change Leader from null to e32a88af-9633-4d64-a8b2-4f5c257759a0 at term 1 for becomeLeader, leader elected after 5061ms
2023-01-06 14:00:17,486 [e32a88af-9633-4d64-a8b2-4f5c257759a0@group-EA947270C03E-LeaderElection9] INFO  server.RaftServerConfigKeys (ConfUtils.java:logGet(46)) - raft.server.staging.catchup.gap = 1000 (default)
2023-01-06 14:00:17,489 [e32a88af-9633-4d64-a8b2-4f5c257759a0@group-EA947270C03E-LeaderElection9] INFO  server.RaftServerConfigKeys (ConfUtils.java:logGet(46)) - raft.server.write.element-limit = 1024 (custom)
2023-01-06 14:00:17,489 [e32a88af-9633-4d64-a8b2-4f5c257759a0@group-EA947270C03E-LeaderElection9] INFO  server.RaftServerConfigKeys (ConfUtils.java:logGet(46)) - raft.server.write.byte-limit = 1024 M (=1073741824) (custom)
2023-01-06 14:00:17,492 [e32a88af-9633-4d64-a8b2-4f5c257759a0@group-EA947270C03E-LeaderElection9] INFO  server.RaftServerConfigKeys (ConfUtils.java:logGet(46)) - raft.server.watch.timeout = 180s (custom)
2023-01-06 14:00:17,493 [e32a88af-9633-4d64-a8b2-4f5c257759a0@group-EA947270C03E-LeaderElection9] INFO  server.RaftServerConfigKeys (ConfUtils.java:logGet(46)) - raft.server.watch.timeout.denomination = 1s (default)
2023-01-06 14:00:17,493 [e32a88af-9633-4d64-a8b2-4f5c257759a0@group-EA947270C03E-LeaderElection9] INFO  server.RaftServerConfigKeys (ConfUtils.java:logGet(46)) - raft.server.watch.element-limit = 65536 (default)
2023-01-06 14:00:17,493 [e32a88af-9633-4d64-a8b2-4f5c257759a0@group-EA947270C03E-LeaderElection9] INFO  server.RaftServerConfigKeys (ConfUtils.java:logGet(46)) - raft.server.write.element-limit = 1024 (custom)
2023-01-06 14:00:17,493 [e32a88af-9633-4d64-a8b2-4f5c257759a0@group-EA947270C03E-LeaderElection9] INFO  server.RaftServerConfigKeys (ConfUtils.java:logGet(46)) - raft.server.write.follower.gap.ratio.max = -1.0 (default)
2023-01-06 14:00:17,493 [e32a88af-9633-4d64-a8b2-4f5c257759a0@group-EA947270C03E-LeaderElection9] INFO  impl.RoleInfo (RoleInfo.java:updateAndGet(139)) - e32a88af-9633-4d64-a8b2-4f5c257759a0: start e32a88af-9633-4d64-a8b2-4f5c257759a0@group-EA947270C03E-LeaderStateImpl
2023-01-06 14:00:17,493 [e32a88af-9633-4d64-a8b2-4f5c257759a0@group-EA947270C03E-LeaderElection9] INFO  segmented.SegmentedRaftLogWorker (SegmentedRaftLogWorker.java:startLogSegment(452)) - e32a88af-9633-4d64-a8b2-4f5c257759a0@group-EA947270C03E-SegmentedRaftLogWorker: Starting segment from index:0
2023-01-06 14:00:17,494 [9d2479ec-aa45-414b-9f67-598ea71ed6e7@group-0ED9BB7646BA-LeaderElection8] INFO  impl.LeaderElection (LeaderElection.java:logAndReturn(90)) - 9d2479ec-aa45-414b-9f67-598ea71ed6e7@group-0ED9BB7646BA-LeaderElection8: ELECTION REJECTED received 2 response(s) and 0 exception(s):
2023-01-06 14:00:17,494 [9d2479ec-aa45-414b-9f67-598ea71ed6e7@group-0ED9BB7646BA-LeaderElection8] INFO  impl.LeaderElection (LeaderElection.java:logAndReturn(94)) -   Response 0: 9d2479ec-aa45-414b-9f67-598ea71ed6e7<-ca2b9cd0-63d2-42af-b7f4-b5b024b05d69#0:FAIL-t1
2023-01-06 14:00:17,494 [9d2479ec-aa45-414b-9f67-598ea71ed6e7@group-0ED9BB7646BA-LeaderElection8] INFO  impl.LeaderElection (LeaderElection.java:logAndReturn(94)) -   Response 1: 9d2479ec-aa45-414b-9f67-598ea71ed6e7<-fe41025e-da51-4673-994d-25a17fd926d9#0:FAIL-t1
2023-01-06 14:00:17,494 [e32a88af-9633-4d64-a8b2-4f5c257759a0@group-EA947270C03E-SegmentedRaftLogWorker] INFO  segmented.SegmentedRaftLogWorker (SegmentedRaftLogWorker.java:execute(656)) - e32a88af-9633-4d64-a8b2-4f5c257759a0@group-EA947270C03E-SegmentedRaftLogWorker: created new log segment /home/runner/work/ozone/ozone/hadoop-ozone/integration-test/target/test-dir/MiniOzoneClusterImpl-2de58cfc-ec7c-41ac-af7d-ad40b55ccb4e/datanode-3/data/ratis/9297cb0a-2863-48bd-8ed0-ea947270c03e/current/log_inprogress_0
2023-01-06 14:00:17,495 [9d2479ec-aa45-414b-9f67-598ea71ed6e7@group-0ED9BB7646BA-LeaderElection8] INFO  impl.LeaderElection (LeaderElection.java:askForVotes(314)) - 9d2479ec-aa45-414b-9f67-598ea71ed6e7@group-0ED9BB7646BA-LeaderElection8 ELECTION round 0: result REJECTED
2023-01-06 14:00:17,496 [9d2479ec-aa45-414b-9f67-598ea71ed6e7@group-0ED9BB7646BA-LeaderElection8] INFO  server.RaftServer$Division (RaftServerImpl.java:setRole(321)) - 9d2479ec-aa45-414b-9f67-598ea71ed6e7@group-0ED9BB7646BA: changes role from CANDIDATE to FOLLOWER at term 1 for REJECTED
2023-01-06 14:00:17,496 [9d2479ec-aa45-414b-9f67-598ea71ed6e7@group-0ED9BB7646BA-LeaderElection8] INFO  impl.RoleInfo (RoleInfo.java:shutdownLeaderElection(130)) - 9d2479ec-aa45-414b-9f67-598ea71ed6e7: shutdown 9d2479ec-aa45-414b-9f67-598ea71ed6e7@group-0ED9BB7646BA-LeaderElection8
2023-01-06 14:00:17,496 [9d2479ec-aa45-414b-9f67-598ea71ed6e7@group-0ED9BB7646BA-LeaderElection8] INFO  impl.RoleInfo (RoleInfo.java:updateAndGet(139)) - 9d2479ec-aa45-414b-9f67-598ea71ed6e7: start 9d2479ec-aa45-414b-9f67-598ea71ed6e7@group-0ED9BB7646BA-FollowerState
2023-01-06 14:00:17,502 [9d2479ec-aa45-414b-9f67-598ea71ed6e7@group-0ED9BB7646BA-FollowerState] INFO  server.RaftServerConfigKeys (ConfUtils.java:logFallback(53)) - raft.server.rpc.first-election.timeout.min = 5s (fallback to raft.server.rpc.timeout.min)
2023-01-06 14:00:17,502 [9d2479ec-aa45-414b-9f67-598ea71ed6e7@group-0ED9BB7646BA-FollowerState] INFO  server.RaftServerConfigKeys (ConfUtils.java:logFallback(53)) - raft.server.rpc.first-election.timeout.max = 5200ms (fallback to raft.server.rpc.timeout.max)
2023-01-06 14:00:17,502 [e32a88af-9633-4d64-a8b2-4f5c257759a0@group-EA947270C03E-LeaderElection9] INFO  server.RaftServer$Division (ServerState.java:setRaftConf(430)) - e32a88af-9633-4d64-a8b2-4f5c257759a0@group-EA947270C03E: set configuration 0: peers:[e32a88af-9633-4d64-a8b2-4f5c257759a0|rpc:10.1.0.26:34063|dataStream:10.1.0.26:41351|priority:1|startupRole:FOLLOWER]|listeners:[], old=null
2023-01-06 14:00:17,580 [e32a88af-9633-4d64-a8b2-4f5c257759a0@group-1C40786C362B-FollowerState] INFO  impl.FollowerState (FollowerState.java:run(143)) - e32a88af-9633-4d64-a8b2-4f5c257759a0@group-1C40786C362B-FollowerState: change to CANDIDATE, lastRpcElapsedTime:5116862120ns, electionTimeout:5107ms
2023-01-06 14:00:17,580 [e32a88af-9633-4d64-a8b2-4f5c257759a0@group-1C40786C362B-FollowerState] INFO  impl.RoleInfo (RoleInfo.java:shutdownFollowerState(110)) - e32a88af-9633-4d64-a8b2-4f5c257759a0: shutdown e32a88af-9633-4d64-a8b2-4f5c257759a0@group-1C40786C362B-FollowerState
2023-01-06 14:00:17,580 [e32a88af-9633-4d64-a8b2-4f5c257759a0@group-1C40786C362B-FollowerState] INFO  server.RaftServer$Division (RaftServerImpl.java:setRole(321)) - e32a88af-9633-4d64-a8b2-4f5c257759a0@group-1C40786C362B: changes role from  FOLLOWER to CANDIDATE at term 0 for changeToCandidate
2023-01-06 14:00:17,602 [e32a88af-9633-4d64-a8b2-4f5c257759a0@group-1C40786C362B-FollowerState] INFO  server.RaftServerConfigKeys (ConfUtils.java:logGet(46)) - raft.server.leaderelection.pre-vote = false (custom)
2023-01-06 14:00:17,602 [e32a88af-9633-4d64-a8b2-4f5c257759a0@group-1C40786C362B-FollowerState] INFO  impl.RoleInfo (RoleInfo.java:updateAndGet(139)) - e32a88af-9633-4d64-a8b2-4f5c257759a0: start e32a88af-9633-4d64-a8b2-4f5c257759a0@group-1C40786C362B-LeaderElection10
2023-01-06 14:00:17,615 [2cd9f762-1be0-4b34-89df-a8822a289ddb@group-1C40786C362B-FollowerState] INFO  impl.FollowerState (FollowerState.java:run(143)) - 2cd9f762-1be0-4b34-89df-a8822a289ddb@group-1C40786C362B-FollowerState: change to CANDIDATE, lastRpcElapsedTime:5118689308ns, electionTimeout:5091ms
2023-01-06 14:00:17,615 [2cd9f762-1be0-4b34-89df-a8822a289ddb@group-1C40786C362B-FollowerState] INFO  impl.RoleInfo (RoleInfo.java:shutdownFollowerState(110)) - 2cd9f762-1be0-4b34-89df-a8822a289ddb: shutdown 2cd9f762-1be0-4b34-89df-a8822a289ddb@group-1C40786C362B-FollowerState
2023-01-06 14:00:17,615 [2cd9f762-1be0-4b34-89df-a8822a289ddb@group-1C40786C362B-FollowerState] INFO  server.RaftServer$Division (RaftServerImpl.java:setRole(321)) - 2cd9f762-1be0-4b34-89df-a8822a289ddb@group-1C40786C362B: changes role from  FOLLOWER to CANDIDATE at term 0 for changeToCandidate
2023-01-06 14:00:17,615 [2cd9f762-1be0-4b34-89df-a8822a289ddb@group-1C40786C362B-FollowerState] INFO  server.RaftServerConfigKeys (ConfUtils.java:logGet(46)) - raft.server.leaderelection.pre-vote = false (custom)
2023-01-06 14:00:17,615 [2cd9f762-1be0-4b34-89df-a8822a289ddb@group-1C40786C362B-FollowerState] INFO  impl.RoleInfo (RoleInfo.java:updateAndGet(139)) - 2cd9f762-1be0-4b34-89df-a8822a289ddb: start 2cd9f762-1be0-4b34-89df-a8822a289ddb@group-1C40786C362B-LeaderElection11
2023-01-06 14:00:17,633 [e32a88af-9633-4d64-a8b2-4f5c257759a0@group-1C40786C362B-LeaderElection10] INFO  impl.LeaderElection (LeaderElection.java:askForVotes(312)) - e32a88af-9633-4d64-a8b2-4f5c257759a0@group-1C40786C362B-LeaderElection10 ELECTION round 0: submit vote requests at term 1 for -1: peers:[e32a88af-9633-4d64-a8b2-4f5c257759a0|rpc:10.1.0.26:34063|dataStream:10.1.0.26:41351|priority:0|startupRole:FOLLOWER, 4b735870-47c9-40f5-bf86-6fbe739ba238|rpc:10.1.0.26:40757|dataStream:10.1.0.26:34319|priority:0|startupRole:FOLLOWER, 2cd9f762-1be0-4b34-89df-a8822a289ddb|rpc:10.1.0.26:43125|dataStream:10.1.0.26:32929|priority:1|startupRole:FOLLOWER]|listeners:[], old=null
2023-01-06 14:00:17,634 [2cd9f762-1be0-4b34-89df-a8822a289ddb@group-1C40786C362B-LeaderElection11] INFO  impl.LeaderElection (LeaderElection.java:askForVotes(312)) - 2cd9f762-1be0-4b34-89df-a8822a289ddb@group-1C40786C362B-LeaderElection11 ELECTION round 0: submit vote requests at term 1 for -1: peers:[e32a88af-9633-4d64-a8b2-4f5c257759a0|rpc:10.1.0.26:34063|dataStream:10.1.0.26:41351|priority:0|startupRole:FOLLOWER, 4b735870-47c9-40f5-bf86-6fbe739ba238|rpc:10.1.0.26:40757|dataStream:10.1.0.26:34319|priority:0|startupRole:FOLLOWER, 2cd9f762-1be0-4b34-89df-a8822a289ddb|rpc:10.1.0.26:43125|dataStream:10.1.0.26:32929|priority:1|startupRole:FOLLOWER]|listeners:[], old=null
2023-01-06 14:00:17,638 [2cd9f762-1be0-4b34-89df-a8822a289ddb@group-1C40786C362B-LeaderElection11-1] INFO  server.GrpcServerProtocolClient (GrpcServerProtocolClient.java:<init>(63)) - Build channel for e32a88af-9633-4d64-a8b2-4f5c257759a0
2023-01-06 14:00:17,642 [2cd9f762-1be0-4b34-89df-a8822a289ddb@group-1C40786C362B-LeaderElection11] INFO  server.RaftServerConfigKeys (ConfUtils.java:logFallback(53)) - raft.server.rpc.first-election.timeout.min = 5s (fallback to raft.server.rpc.timeout.min)
2023-01-06 14:00:17,642 [2cd9f762-1be0-4b34-89df-a8822a289ddb@group-1C40786C362B-LeaderElection11] INFO  server.RaftServerConfigKeys (ConfUtils.java:logFallback(53)) - raft.server.rpc.first-election.timeout.max = 5200ms (fallback to raft.server.rpc.timeout.max)
2023-01-06 14:00:17,653 [e32a88af-9633-4d64-a8b2-4f5c257759a0@group-1C40786C362B-LeaderElection10-1] INFO  server.GrpcServerProtocolClient (GrpcServerProtocolClient.java:<init>(63)) - Build channel for 4b735870-47c9-40f5-bf86-6fbe739ba238
2023-01-06 14:00:17,658 [e32a88af-9633-4d64-a8b2-4f5c257759a0@group-1C40786C362B-LeaderElection10] INFO  server.RaftServerConfigKeys (ConfUtils.java:logFallback(53)) - raft.server.rpc.first-election.timeout.min = 5s (fallback to raft.server.rpc.timeout.min)
2023-01-06 14:00:17,658 [e32a88af-9633-4d64-a8b2-4f5c257759a0@group-1C40786C362B-LeaderElection10-2] INFO  server.GrpcServerProtocolClient (GrpcServerProtocolClient.java:<init>(63)) - Build channel for 2cd9f762-1be0-4b34-89df-a8822a289ddb
2023-01-06 14:00:17,664 [2cd9f762-1be0-4b34-89df-a8822a289ddb@group-1C40786C362B-LeaderElection11-2] INFO  server.GrpcServerProtocolClient (GrpcServerProtocolClient.java:<init>(63)) - Build channel for 4b735870-47c9-40f5-bf86-6fbe739ba238
2023-01-06 14:00:17,663 [grpc-default-executor-1] INFO  server.RaftServer$Division (RaftServerImpl.java:requestVote(1218)) - 4b735870-47c9-40f5-bf86-6fbe739ba238@group-1C40786C362B: receive requestVote(ELECTION, e32a88af-9633-4d64-a8b2-4f5c257759a0, group-1C40786C362B, 1, (t:0, i:0))
2023-01-06 14:00:17,675 [grpc-default-executor-1] INFO  impl.VoteContext (VoteContext.java:log(49)) - 4b735870-47c9-40f5-bf86-6fbe739ba238@group-1C40786C362B-FOLLOWER: accept ELECTION from e32a88af-9633-4d64-a8b2-4f5c257759a0: our priority 0 <= candidate's priority 0
2023-01-06 14:00:17,675 [grpc-default-executor-1] INFO  server.RaftServer$Division (RaftServerImpl.java:setRole(321)) - 4b735870-47c9-40f5-bf86-6fbe739ba238@group-1C40786C362B: changes role from  FOLLOWER to FOLLOWER at term 1 for candidate:e32a88af-9633-4d64-a8b2-4f5c257759a0
2023-01-06 14:00:17,675 [grpc-default-executor-1] INFO  impl.RoleInfo (RoleInfo.java:shutdownFollowerState(110)) - 4b735870-47c9-40f5-bf86-6fbe739ba238: shutdown 4b735870-47c9-40f5-bf86-6fbe739ba238@group-1C40786C362B-FollowerState
2023-01-06 14:00:17,676 [grpc-default-executor-1] INFO  impl.RoleInfo (RoleInfo.java:updateAndGet(139)) - 4b735870-47c9-40f5-bf86-6fbe739ba238: start 4b735870-47c9-40f5-bf86-6fbe739ba238@group-1C40786C362B-FollowerState
2023-01-06 14:00:17,663 [grpc-default-executor-3] INFO  server.RaftServer$Division (RaftServerImpl.java:requestVote(1218)) - e32a88af-9633-4d64-a8b2-4f5c257759a0@group-1C40786C362B: receive requestVote(ELECTION, 2cd9f762-1be0-4b34-89df-a8822a289ddb, group-1C40786C362B, 1, (t:0, i:0))
2023-01-06 14:00:17,676 [grpc-default-executor-3] INFO  impl.VoteContext (VoteContext.java:log(49)) - e32a88af-9633-4d64-a8b2-4f5c257759a0@group-1C40786C362B-CANDIDATE: reject ELECTION from 2cd9f762-1be0-4b34-89df-a8822a289ddb: already has voted for e32a88af-9633-4d64-a8b2-4f5c257759a0 at current term 1
2023-01-06 14:00:17,676 [grpc-default-executor-3] INFO  server.RaftServer$Division (RaftServerImpl.java:requestVote(1251)) - e32a88af-9633-4d64-a8b2-4f5c257759a0@group-1C40786C362B replies to ELECTION vote request: 2cd9f762-1be0-4b34-89df-a8822a289ddb<-e32a88af-9633-4d64-a8b2-4f5c257759a0#0:FAIL-t1. Peer's state: e32a88af-9633-4d64-a8b2-4f5c257759a0@group-1C40786C362B:t1, leader=null, voted=e32a88af-9633-4d64-a8b2-4f5c257759a0, raftlog=Memoized:e32a88af-9633-4d64-a8b2-4f5c257759a0@group-1C40786C362B-SegmentedRaftLog:OPENED:c-1, conf=-1: peers:[e32a88af-9633-4d64-a8b2-4f5c257759a0|rpc:10.1.0.26:34063|dataStream:10.1.0.26:41351|priority:0|startupRole:FOLLOWER, 4b735870-47c9-40f5-bf86-6fbe739ba238|rpc:10.1.0.26:40757|dataStream:10.1.0.26:34319|priority:0|startupRole:FOLLOWER, 2cd9f762-1be0-4b34-89df-a8822a289ddb|rpc:10.1.0.26:43125|dataStream:10.1.0.26:32929|priority:1|startupRole:FOLLOWER]|listeners:[], old=null
2023-01-06 14:00:17,658 [e32a88af-9633-4d64-a8b2-4f5c257759a0@group-1C40786C362B-LeaderElection10] INFO  server.RaftServerConfigKeys (ConfUtils.java:logFallback(53)) - raft.server.rpc.first-election.timeout.max = 5200ms (fallback to raft.server.rpc.timeout.max)
2023-01-06 14:00:17,677 [4b735870-47c9-40f5-bf86-6fbe739ba238@group-1C40786C362B-FollowerState] INFO  impl.FollowerState (FollowerState.java:run(152)) - 4b735870-47c9-40f5-bf86-6fbe739ba238@group-1C40786C362B-FollowerState was interrupted
2023-01-06 14:00:17,693 [4b735870-47c9-40f5-bf86-6fbe739ba238@group-1C40786C362B-FollowerState] INFO  server.RaftServerConfigKeys (ConfUtils.java:logFallback(53)) - raft.server.rpc.first-election.timeout.min = 5s (fallback to raft.server.rpc.timeout.min)
2023-01-06 14:00:17,693 [4b735870-47c9-40f5-bf86-6fbe739ba238@group-1C40786C362B-FollowerState] INFO  server.RaftServerConfigKeys (ConfUtils.java:logFallback(53)) - raft.server.rpc.first-election.timeout.max = 5200ms (fallback to raft.server.rpc.timeout.max)
2023-01-06 14:00:17,693 [grpc-default-executor-4] INFO  server.RaftServer$Division (RaftServerImpl.java:requestVote(1218)) - 4b735870-47c9-40f5-bf86-6fbe739ba238@group-1C40786C362B: receive requestVote(ELECTION, 2cd9f762-1be0-4b34-89df-a8822a289ddb, group-1C40786C362B, 1, (t:0, i:0))
2023-01-06 14:00:17,694 [grpc-default-executor-1] INFO  server.RaftServer$Division (RaftServerImpl.java:requestVote(1251)) - 4b735870-47c9-40f5-bf86-6fbe739ba238@group-1C40786C362B replies to ELECTION vote request: e32a88af-9633-4d64-a8b2-4f5c257759a0<-4b735870-47c9-40f5-bf86-6fbe739ba238#0:OK-t1. Peer's state: 4b735870-47c9-40f5-bf86-6fbe739ba238@group-1C40786C362B:t1, leader=null, voted=e32a88af-9633-4d64-a8b2-4f5c257759a0, raftlog=Memoized:4b735870-47c9-40f5-bf86-6fbe739ba238@group-1C40786C362B-SegmentedRaftLog:OPENED:c-1, conf=-1: peers:[e32a88af-9633-4d64-a8b2-4f5c257759a0|rpc:10.1.0.26:34063|dataStream:10.1.0.26:41351|priority:0|startupRole:FOLLOWER, 4b735870-47c9-40f5-bf86-6fbe739ba238|rpc:10.1.0.26:40757|dataStream:10.1.0.26:34319|priority:0|startupRole:FOLLOWER, 2cd9f762-1be0-4b34-89df-a8822a289ddb|rpc:10.1.0.26:43125|dataStream:10.1.0.26:32929|priority:1|startupRole:FOLLOWER]|listeners:[], old=null
2023-01-06 14:00:17,699 [grpc-default-executor-4] INFO  impl.VoteContext (VoteContext.java:log(49)) - 4b735870-47c9-40f5-bf86-6fbe739ba238@group-1C40786C362B-FOLLOWER: reject ELECTION from 2cd9f762-1be0-4b34-89df-a8822a289ddb: already has voted for e32a88af-9633-4d64-a8b2-4f5c257759a0 at current term 1
2023-01-06 14:00:17,699 [grpc-default-executor-4] INFO  server.RaftServer$Division (RaftServerImpl.java:requestVote(1251)) - 4b735870-47c9-40f5-bf86-6fbe739ba238@group-1C40786C362B replies to ELECTION vote request: 2cd9f762-1be0-4b34-89df-a8822a289ddb<-4b735870-47c9-40f5-bf86-6fbe739ba238#0:FAIL-t1. Peer's state: 4b735870-47c9-40f5-bf86-6fbe739ba238@group-1C40786C362B:t1, leader=null, voted=e32a88af-9633-4d64-a8b2-4f5c257759a0, raftlog=Memoized:4b735870-47c9-40f5-bf86-6fbe739ba238@group-1C40786C362B-SegmentedRaftLog:OPENED:c-1, conf=-1: peers:[e32a88af-9633-4d64-a8b2-4f5c257759a0|rpc:10.1.0.26:34063|dataStream:10.1.0.26:41351|priority:0|startupRole:FOLLOWER, 4b735870-47c9-40f5-bf86-6fbe739ba238|rpc:10.1.0.26:40757|dataStream:10.1.0.26:34319|priority:0|startupRole:FOLLOWER, 2cd9f762-1be0-4b34-89df-a8822a289ddb|rpc:10.1.0.26:43125|dataStream:10.1.0.26:32929|priority:1|startupRole:FOLLOWER]|listeners:[], old=null
2023-01-06 14:00:17,711 [grpc-default-executor-1] INFO  server.RaftServer$Division (RaftServerImpl.java:requestVote(1218)) - 2cd9f762-1be0-4b34-89df-a8822a289ddb@group-1C40786C362B: receive requestVote(ELECTION, e32a88af-9633-4d64-a8b2-4f5c257759a0, group-1C40786C362B, 1, (t:0, i:0))
2023-01-06 14:00:17,711 [grpc-default-executor-1] INFO  impl.VoteContext (VoteContext.java:log(49)) - 2cd9f762-1be0-4b34-89df-a8822a289ddb@group-1C40786C362B-CANDIDATE: reject ELECTION from e32a88af-9633-4d64-a8b2-4f5c257759a0: already has voted for 2cd9f762-1be0-4b34-89df-a8822a289ddb at current term 1
2023-01-06 14:00:17,711 [grpc-default-executor-1] INFO  server.RaftServer$Division (RaftServerImpl.java:requestVote(1251)) - 2cd9f762-1be0-4b34-89df-a8822a289ddb@group-1C40786C362B replies to ELECTION vote request: e32a88af-9633-4d64-a8b2-4f5c257759a0<-2cd9f762-1be0-4b34-89df-a8822a289ddb#0:FAIL-t1. Peer's state: 2cd9f762-1be0-4b34-89df-a8822a289ddb@group-1C40786C362B:t1, leader=null, voted=2cd9f762-1be0-4b34-89df-a8822a289ddb, raftlog=Memoized:2cd9f762-1be0-4b34-89df-a8822a289ddb@group-1C40786C362B-SegmentedRaftLog:OPENED:c-1, conf=-1: peers:[e32a88af-9633-4d64-a8b2-4f5c257759a0|rpc:10.1.0.26:34063|dataStream:10.1.0.26:41351|priority:0|startupRole:FOLLOWER, 4b735870-47c9-40f5-bf86-6fbe739ba238|rpc:10.1.0.26:40757|dataStream:10.1.0.26:34319|priority:0|startupRole:FOLLOWER, 2cd9f762-1be0-4b34-89df-a8822a289ddb|rpc:10.1.0.26:43125|dataStream:10.1.0.26:32929|priority:1|startupRole:FOLLOWER]|listeners:[], old=null
2023-01-06 14:00:17,711 [2cd9f762-1be0-4b34-89df-a8822a289ddb@group-1C40786C362B-LeaderElection11] INFO  impl.LeaderElection (LeaderElection.java:logAndReturn(90)) - 2cd9f762-1be0-4b34-89df-a8822a289ddb@group-1C40786C362B-LeaderElection11: ELECTION REJECTED received 2 response(s) and 0 exception(s):
2023-01-06 14:00:17,711 [2cd9f762-1be0-4b34-89df-a8822a289ddb@group-1C40786C362B-LeaderElection11] INFO  impl.LeaderElection (LeaderElection.java:logAndReturn(94)) -   Response 0: 2cd9f762-1be0-4b34-89df-a8822a289ddb<-e32a88af-9633-4d64-a8b2-4f5c257759a0#0:FAIL-t1
2023-01-06 14:00:17,711 [2cd9f762-1be0-4b34-89df-a8822a289ddb@group-1C40786C362B-LeaderElection11] INFO  impl.LeaderElection (LeaderElection.java:logAndReturn(94)) -   Response 1: 2cd9f762-1be0-4b34-89df-a8822a289ddb<-4b735870-47c9-40f5-bf86-6fbe739ba238#0:FAIL-t1
2023-01-06 14:00:17,711 [2cd9f762-1be0-4b34-89df-a8822a289ddb@group-1C40786C362B-LeaderElection11] INFO  impl.LeaderElection (LeaderElection.java:askForVotes(314)) - 2cd9f762-1be0-4b34-89df-a8822a289ddb@group-1C40786C362B-LeaderElection11 ELECTION round 0: result REJECTED
2023-01-06 14:00:17,712 [2cd9f762-1be0-4b34-89df-a8822a289ddb@group-1C40786C362B-LeaderElection11] INFO  server.RaftServer$Division (RaftServerImpl.java:setRole(321)) - 2cd9f762-1be0-4b34-89df-a8822a289ddb@group-1C40786C362B: changes role from CANDIDATE to FOLLOWER at term 1 for REJECTED
2023-01-06 14:00:17,712 [2cd9f762-1be0-4b34-89df-a8822a289ddb@group-1C40786C362B-LeaderElection11] INFO  impl.RoleInfo (RoleInfo.java:shutdownLeaderElection(130)) - 2cd9f762-1be0-4b34-89df-a8822a289ddb: shutdown 2cd9f762-1be0-4b34-89df-a8822a289ddb@group-1C40786C362B-LeaderElection11
2023-01-06 14:00:17,712 [2cd9f762-1be0-4b34-89df-a8822a289ddb@group-1C40786C362B-LeaderElection11] INFO  impl.RoleInfo (RoleInfo.java:updateAndGet(139)) - 2cd9f762-1be0-4b34-89df-a8822a289ddb: start 2cd9f762-1be0-4b34-89df-a8822a289ddb@group-1C40786C362B-FollowerState
2023-01-06 14:00:17,725 [2cd9f762-1be0-4b34-89df-a8822a289ddb@group-1C40786C362B-FollowerState] INFO  server.RaftServerConfigKeys (ConfUtils.java:logFallback(53)) - raft.server.rpc.first-election.timeout.min = 5s (fallback to raft.server.rpc.timeout.min)
2023-01-06 14:00:17,725 [2cd9f762-1be0-4b34-89df-a8822a289ddb@group-1C40786C362B-FollowerState] INFO  server.RaftServerConfigKeys (ConfUtils.java:logFallback(53)) - raft.server.rpc.first-election.timeout.max = 5200ms (fallback to raft.server.rpc.timeout.max)
2023-01-06 14:00:17,727 [e32a88af-9633-4d64-a8b2-4f5c257759a0@group-1C40786C362B-LeaderElection10] INFO  impl.LeaderElection (LeaderElection.java:logAndReturn(90)) - e32a88af-9633-4d64-a8b2-4f5c257759a0@group-1C40786C362B-LeaderElection10: ELECTION REJECTED received 2 response(s) and 0 exception(s):
2023-01-06 14:00:17,727 [e32a88af-9633-4d64-a8b2-4f5c257759a0@group-1C40786C362B-LeaderElection10] INFO  impl.LeaderElection (LeaderElection.java:logAndReturn(94)) -   Response 0: e32a88af-9633-4d64-a8b2-4f5c257759a0<-4b735870-47c9-40f5-bf86-6fbe739ba238#0:OK-t1
2023-01-06 14:00:17,727 [e32a88af-9633-4d64-a8b2-4f5c257759a0@group-1C40786C362B-LeaderElection10] INFO  impl.LeaderElection (LeaderElection.java:logAndReturn(94)) -   Response 1: e32a88af-9633-4d64-a8b2-4f5c257759a0<-2cd9f762-1be0-4b34-89df-a8822a289ddb#0:FAIL-t1
2023-01-06 14:00:17,727 [e32a88af-9633-4d64-a8b2-4f5c257759a0@group-1C40786C362B-LeaderElection10] INFO  impl.LeaderElection (LeaderElection.java:askForVotes(314)) - e32a88af-9633-4d64-a8b2-4f5c257759a0@group-1C40786C362B-LeaderElection10 ELECTION round 0: result REJECTED
2023-01-06 14:00:17,727 [e32a88af-9633-4d64-a8b2-4f5c257759a0@group-1C40786C362B-LeaderElection10] INFO  server.RaftServer$Division (RaftServerImpl.java:setRole(321)) - e32a88af-9633-4d64-a8b2-4f5c257759a0@group-1C40786C362B: changes role from CANDIDATE to FOLLOWER at term 1 for REJECTED
2023-01-06 14:00:17,727 [e32a88af-9633-4d64-a8b2-4f5c257759a0@group-1C40786C362B-LeaderElection10] INFO  impl.RoleInfo (RoleInfo.java:shutdownLeaderElection(130)) - e32a88af-9633-4d64-a8b2-4f5c257759a0: shutdown e32a88af-9633-4d64-a8b2-4f5c257759a0@group-1C40786C362B-LeaderElection10
2023-01-06 14:00:17,727 [e32a88af-9633-4d64-a8b2-4f5c257759a0@group-1C40786C362B-LeaderElection10] INFO  impl.RoleInfo (RoleInfo.java:updateAndGet(139)) - e32a88af-9633-4d64-a8b2-4f5c257759a0: start e32a88af-9633-4d64-a8b2-4f5c257759a0@group-1C40786C362B-FollowerState
2023-01-06 14:00:17,729 [e32a88af-9633-4d64-a8b2-4f5c257759a0@group-1C40786C362B-FollowerState] INFO  server.RaftServerConfigKeys (ConfUtils.java:logFallback(53)) - raft.server.rpc.first-election.timeout.min = 5s (fallback to raft.server.rpc.timeout.min)
2023-01-06 14:00:17,730 [e32a88af-9633-4d64-a8b2-4f5c257759a0@group-1C40786C362B-FollowerState] INFO  server.RaftServerConfigKeys (ConfUtils.java:logFallback(53)) - raft.server.rpc.first-election.timeout.max = 5200ms (fallback to raft.server.rpc.timeout.max)
2023-01-06 14:00:17,876 [4b735870-47c9-40f5-bf86-6fbe739ba238@group-76BF4A17A87E-FollowerState] INFO  impl.FollowerState (FollowerState.java:run(143)) - 4b735870-47c9-40f5-bf86-6fbe739ba238@group-76BF4A17A87E-FollowerState: change to CANDIDATE, lastRpcElapsedTime:5042620392ns, electionTimeout:5041ms
2023-01-06 14:00:17,876 [4b735870-47c9-40f5-bf86-6fbe739ba238@group-76BF4A17A87E-FollowerState] INFO  impl.RoleInfo (RoleInfo.java:shutdownFollowerState(110)) - 4b735870-47c9-40f5-bf86-6fbe739ba238: shutdown 4b735870-47c9-40f5-bf86-6fbe739ba238@group-76BF4A17A87E-FollowerState
2023-01-06 14:00:17,876 [4b735870-47c9-40f5-bf86-6fbe739ba238@group-76BF4A17A87E-FollowerState] INFO  server.RaftServer$Division (RaftServerImpl.java:setRole(321)) - 4b735870-47c9-40f5-bf86-6fbe739ba238@group-76BF4A17A87E: changes role from  FOLLOWER to CANDIDATE at term 0 for changeToCandidate
2023-01-06 14:00:17,877 [4b735870-47c9-40f5-bf86-6fbe739ba238@group-76BF4A17A87E-FollowerState] INFO  server.RaftServerConfigKeys (ConfUtils.java:logGet(46)) - raft.server.leaderelection.pre-vote = false (custom)
2023-01-06 14:00:17,877 [4b735870-47c9-40f5-bf86-6fbe739ba238@group-76BF4A17A87E-FollowerState] INFO  impl.RoleInfo (RoleInfo.java:updateAndGet(139)) - 4b735870-47c9-40f5-bf86-6fbe739ba238: start 4b735870-47c9-40f5-bf86-6fbe739ba238@group-76BF4A17A87E-LeaderElection12
2023-01-06 14:00:17,901 [e32a88af-9633-4d64-a8b2-4f5c257759a0@group-E5D550F16D5E-FollowerState] INFO  impl.FollowerState (FollowerState.java:run(143)) - e32a88af-9633-4d64-a8b2-4f5c257759a0@group-E5D550F16D5E-FollowerState: change to CANDIDATE, lastRpcElapsedTime:5068088230ns, electionTimeout:5066ms
2023-01-06 14:00:17,901 [e32a88af-9633-4d64-a8b2-4f5c257759a0@group-E5D550F16D5E-FollowerState] INFO  impl.RoleInfo (RoleInfo.java:shutdownFollowerState(110)) - e32a88af-9633-4d64-a8b2-4f5c257759a0: shutdown e32a88af-9633-4d64-a8b2-4f5c257759a0@group-E5D550F16D5E-FollowerState
2023-01-06 14:00:17,901 [e32a88af-9633-4d64-a8b2-4f5c257759a0@group-E5D550F16D5E-FollowerState] INFO  server.RaftServer$Division (RaftServerImpl.java:setRole(321)) - e32a88af-9633-4d64-a8b2-4f5c257759a0@group-E5D550F16D5E: changes role from  FOLLOWER to CANDIDATE at term 0 for changeToCandidate
2023-01-06 14:00:17,901 [e32a88af-9633-4d64-a8b2-4f5c257759a0@group-E5D550F16D5E-FollowerState] INFO  server.RaftServerConfigKeys (ConfUtils.java:logGet(46)) - raft.server.leaderelection.pre-vote = false (custom)
2023-01-06 14:00:17,901 [e32a88af-9633-4d64-a8b2-4f5c257759a0@group-E5D550F16D5E-FollowerState] INFO  impl.RoleInfo (RoleInfo.java:updateAndGet(139)) - e32a88af-9633-4d64-a8b2-4f5c257759a0: start e32a88af-9633-4d64-a8b2-4f5c257759a0@group-E5D550F16D5E-LeaderElection13
2023-01-06 14:00:17,904 [4b735870-47c9-40f5-bf86-6fbe739ba238@group-76BF4A17A87E-LeaderElection12] INFO  impl.LeaderElection (LeaderElection.java:askForVotes(312)) - 4b735870-47c9-40f5-bf86-6fbe739ba238@group-76BF4A17A87E-LeaderElection12 ELECTION round 0: submit vote requests at term 1 for -1: peers:[4b735870-47c9-40f5-bf86-6fbe739ba238|rpc:10.1.0.26:40757|dataStream:10.1.0.26:34319|priority:1|startupRole:FOLLOWER]|listeners:[], old=null
2023-01-06 14:00:17,904 [4b735870-47c9-40f5-bf86-6fbe739ba238@group-76BF4A17A87E-LeaderElection12] INFO  impl.LeaderElection (LeaderElection.java:askForVotes(314)) - 4b735870-47c9-40f5-bf86-6fbe739ba238@group-76BF4A17A87E-LeaderElection12 ELECTION round 0: result PASSED (term=1)
2023-01-06 14:00:17,904 [4b735870-47c9-40f5-bf86-6fbe739ba238@group-76BF4A17A87E-LeaderElection12] INFO  impl.RoleInfo (RoleInfo.java:shutdownLeaderElection(130)) - 4b735870-47c9-40f5-bf86-6fbe739ba238: shutdown 4b735870-47c9-40f5-bf86-6fbe739ba238@group-76BF4A17A87E-LeaderElection12
2023-01-06 14:00:17,904 [4b735870-47c9-40f5-bf86-6fbe739ba238@group-76BF4A17A87E-LeaderElection12] INFO  server.RaftServer$Division (RaftServerImpl.java:setRole(321)) - 4b735870-47c9-40f5-bf86-6fbe739ba238@group-76BF4A17A87E: changes role from CANDIDATE to LEADER at term 1 for changeToLeader
2023-01-06 14:00:17,904 [4b735870-47c9-40f5-bf86-6fbe739ba238@group-76BF4A17A87E-LeaderElection12] INFO  ratis.XceiverServerRatis (XceiverServerRatis.java:handleLeaderChangedNotification(904)) - Leader change notification received for group: group-76BF4A17A87E with new leaderId: 4b735870-47c9-40f5-bf86-6fbe739ba238
2023-01-06 14:00:17,911 [4b735870-47c9-40f5-bf86-6fbe739ba238@group-76BF4A17A87E-LeaderElection12] INFO  server.RaftServer$Division (ServerState.java:setLeader(313)) - 4b735870-47c9-40f5-bf86-6fbe739ba238@group-76BF4A17A87E: change Leader from null to 4b735870-47c9-40f5-bf86-6fbe739ba238 at term 1 for becomeLeader, leader elected after 5094ms
2023-01-06 14:00:17,911 [4b735870-47c9-40f5-bf86-6fbe739ba238@group-76BF4A17A87E-LeaderElection12] INFO  server.RaftServerConfigKeys (ConfUtils.java:logGet(46)) - raft.server.staging.catchup.gap = 1000 (default)
2023-01-06 14:00:17,911 [4b735870-47c9-40f5-bf86-6fbe739ba238@group-76BF4A17A87E-LeaderElection12] INFO  server.RaftServerConfigKeys (ConfUtils.java:logGet(46)) - raft.server.write.element-limit = 1024 (custom)
2023-01-06 14:00:17,911 [4b735870-47c9-40f5-bf86-6fbe739ba238@group-76BF4A17A87E-LeaderElection12] INFO  server.RaftServerConfigKeys (ConfUtils.java:logGet(46)) - raft.server.write.byte-limit = 1024 M (=1073741824) (custom)
2023-01-06 14:00:17,912 [4b735870-47c9-40f5-bf86-6fbe739ba238@group-76BF4A17A87E-LeaderElection12] INFO  server.RaftServerConfigKeys (ConfUtils.java:logGet(46)) - raft.server.watch.timeout = 180s (custom)
2023-01-06 14:00:17,912 [4b735870-47c9-40f5-bf86-6fbe739ba238@group-76BF4A17A87E-LeaderElection12] INFO  server.RaftServerConfigKeys (ConfUtils.java:logGet(46)) - raft.server.watch.timeout.denomination = 1s (default)
2023-01-06 14:00:17,912 [4b735870-47c9-40f5-bf86-6fbe739ba238@group-76BF4A17A87E-LeaderElection12] INFO  server.RaftServerConfigKeys (ConfUtils.java:logGet(46)) - raft.server.watch.element-limit = 65536 (default)
2023-01-06 14:00:17,912 [4b735870-47c9-40f5-bf86-6fbe739ba238@group-76BF4A17A87E-LeaderElection12] INFO  server.RaftServerConfigKeys (ConfUtils.java:logGet(46)) - raft.server.write.element-limit = 1024 (custom)
2023-01-06 14:00:17,912 [4b735870-47c9-40f5-bf86-6fbe739ba238@group-76BF4A17A87E-LeaderElection12] INFO  server.RaftServerConfigKeys (ConfUtils.java:logGet(46)) - raft.server.write.follower.gap.ratio.max = -1.0 (default)
2023-01-06 14:00:17,912 [4b735870-47c9-40f5-bf86-6fbe739ba238@group-76BF4A17A87E-LeaderElection12] INFO  impl.RoleInfo (RoleInfo.java:updateAndGet(139)) - 4b735870-47c9-40f5-bf86-6fbe739ba238: start 4b735870-47c9-40f5-bf86-6fbe739ba238@group-76BF4A17A87E-LeaderStateImpl
2023-01-06 14:00:17,912 [4b735870-47c9-40f5-bf86-6fbe739ba238@group-76BF4A17A87E-LeaderElection12] INFO  segmented.SegmentedRaftLogWorker (SegmentedRaftLogWorker.java:startLogSegment(452)) - 4b735870-47c9-40f5-bf86-6fbe739ba238@group-76BF4A17A87E-SegmentedRaftLogWorker: Starting segment from index:0
2023-01-06 14:00:17,914 [4b735870-47c9-40f5-bf86-6fbe739ba238@group-76BF4A17A87E-SegmentedRaftLogWorker] INFO  segmented.SegmentedRaftLogWorker (SegmentedRaftLogWorker.java:execute(656)) - 4b735870-47c9-40f5-bf86-6fbe739ba238@group-76BF4A17A87E-SegmentedRaftLogWorker: created new log segment /home/runner/work/ozone/ozone/hadoop-ozone/integration-test/target/test-dir/MiniOzoneClusterImpl-2de58cfc-ec7c-41ac-af7d-ad40b55ccb4e/datanode-4/data/ratis/946b8fba-8567-4222-b565-76bf4a17a87e/current/log_inprogress_0
2023-01-06 14:00:17,930 [e32a88af-9633-4d64-a8b2-4f5c257759a0@group-E5D550F16D5E-LeaderElection13] INFO  impl.LeaderElection (LeaderElection.java:askForVotes(312)) - e32a88af-9633-4d64-a8b2-4f5c257759a0@group-E5D550F16D5E-LeaderElection13 ELECTION round 0: submit vote requests at term 1 for -1: peers:[e32a88af-9633-4d64-a8b2-4f5c257759a0|rpc:10.1.0.26:34063|dataStream:10.1.0.26:41351|priority:0|startupRole:FOLLOWER, 4b735870-47c9-40f5-bf86-6fbe739ba238|rpc:10.1.0.26:40757|dataStream:10.1.0.26:34319|priority:1|startupRole:FOLLOWER, 2cd9f762-1be0-4b34-89df-a8822a289ddb|rpc:10.1.0.26:43125|dataStream:10.1.0.26:32929|priority:0|startupRole:FOLLOWER]|listeners:[], old=null
2023-01-06 14:00:17,935 [4b735870-47c9-40f5-bf86-6fbe739ba238@group-76BF4A17A87E-LeaderElection12] INFO  server.RaftServer$Division (ServerState.java:setRaftConf(430)) - 4b735870-47c9-40f5-bf86-6fbe739ba238@group-76BF4A17A87E: set configuration 0: peers:[4b735870-47c9-40f5-bf86-6fbe739ba238|rpc:10.1.0.26:40757|dataStream:10.1.0.26:34319|priority:1|startupRole:FOLLOWER]|listeners:[], old=null
2023-01-06 14:00:17,937 [e32a88af-9633-4d64-a8b2-4f5c257759a0@group-E5D550F16D5E-LeaderElection13] INFO  server.RaftServerConfigKeys (ConfUtils.java:logFallback(53)) - raft.server.rpc.first-election.timeout.min = 5s (fallback to raft.server.rpc.timeout.min)
2023-01-06 14:00:17,937 [e32a88af-9633-4d64-a8b2-4f5c257759a0@group-E5D550F16D5E-LeaderElection13] INFO  server.RaftServerConfigKeys (ConfUtils.java:logFallback(53)) - raft.server.rpc.first-election.timeout.max = 5200ms (fallback to raft.server.rpc.timeout.max)
2023-01-06 14:00:17,950 [grpc-default-executor-4] INFO  server.RaftServer$Division (RaftServerImpl.java:requestVote(1218)) - 4b735870-47c9-40f5-bf86-6fbe739ba238@group-E5D550F16D5E: receive requestVote(ELECTION, e32a88af-9633-4d64-a8b2-4f5c257759a0, group-E5D550F16D5E, 1, (t:0, i:0))
2023-01-06 14:00:17,951 [grpc-default-executor-4] INFO  impl.VoteContext (VoteContext.java:log(49)) - 4b735870-47c9-40f5-bf86-6fbe739ba238@group-E5D550F16D5E-FOLLOWER: reject ELECTION from e32a88af-9633-4d64-a8b2-4f5c257759a0: our priority 1 > candidate's priority 0
2023-01-06 14:00:17,951 [grpc-default-executor-4] INFO  server.RaftServer$Division (RaftServerImpl.java:setRole(321)) - 4b735870-47c9-40f5-bf86-6fbe739ba238@group-E5D550F16D5E: changes role from  FOLLOWER to FOLLOWER at term 1 for candidate:e32a88af-9633-4d64-a8b2-4f5c257759a0
2023-01-06 14:00:17,951 [grpc-default-executor-4] INFO  impl.RoleInfo (RoleInfo.java:shutdownFollowerState(110)) - 4b735870-47c9-40f5-bf86-6fbe739ba238: shutdown 4b735870-47c9-40f5-bf86-6fbe739ba238@group-E5D550F16D5E-FollowerState
2023-01-06 14:00:17,951 [grpc-default-executor-4] INFO  impl.RoleInfo (RoleInfo.java:updateAndGet(139)) - 4b735870-47c9-40f5-bf86-6fbe739ba238: start 4b735870-47c9-40f5-bf86-6fbe739ba238@group-E5D550F16D5E-FollowerState
2023-01-06 14:00:17,951 [4b735870-47c9-40f5-bf86-6fbe739ba238@group-E5D550F16D5E-FollowerState] INFO  impl.FollowerState (FollowerState.java:run(152)) - 4b735870-47c9-40f5-bf86-6fbe739ba238@group-E5D550F16D5E-FollowerState was interrupted
2023-01-06 14:00:17,951 [grpc-default-executor-1] INFO  server.RaftServer$Division (RaftServerImpl.java:requestVote(1218)) - 2cd9f762-1be0-4b34-89df-a8822a289ddb@group-E5D550F16D5E: receive requestVote(ELECTION, e32a88af-9633-4d64-a8b2-4f5c257759a0, group-E5D550F16D5E, 1, (t:0, i:0))
2023-01-06 14:00:17,951 [grpc-default-executor-1] INFO  impl.VoteContext (VoteContext.java:log(49)) - 2cd9f762-1be0-4b34-89df-a8822a289ddb@group-E5D550F16D5E-FOLLOWER: accept ELECTION from e32a88af-9633-4d64-a8b2-4f5c257759a0: our priority 0 <= candidate's priority 0
2023-01-06 14:00:17,951 [grpc-default-executor-1] INFO  server.RaftServer$Division (RaftServerImpl.java:setRole(321)) - 2cd9f762-1be0-4b34-89df-a8822a289ddb@group-E5D550F16D5E: changes role from  FOLLOWER to FOLLOWER at term 1 for candidate:e32a88af-9633-4d64-a8b2-4f5c257759a0
2023-01-06 14:00:17,951 [grpc-default-executor-1] INFO  impl.RoleInfo (RoleInfo.java:shutdownFollowerState(110)) - 2cd9f762-1be0-4b34-89df-a8822a289ddb: shutdown 2cd9f762-1be0-4b34-89df-a8822a289ddb@group-E5D550F16D5E-FollowerState
2023-01-06 14:00:17,953 [grpc-default-executor-1] INFO  impl.RoleInfo (RoleInfo.java:updateAndGet(139)) - 2cd9f762-1be0-4b34-89df-a8822a289ddb: start 2cd9f762-1be0-4b34-89df-a8822a289ddb@group-E5D550F16D5E-FollowerState
2023-01-06 14:00:17,953 [2cd9f762-1be0-4b34-89df-a8822a289ddb@group-E5D550F16D5E-FollowerState] INFO  impl.FollowerState (FollowerState.java:run(152)) - 2cd9f762-1be0-4b34-89df-a8822a289ddb@group-E5D550F16D5E-FollowerState was interrupted
2023-01-06 14:00:17,954 [4b735870-47c9-40f5-bf86-6fbe739ba238@group-E5D550F16D5E-FollowerState] INFO  server.RaftServerConfigKeys (ConfUtils.java:logFallback(53)) - raft.server.rpc.first-election.timeout.min = 5s (fallback to raft.server.rpc.timeout.min)
2023-01-06 14:00:17,954 [4b735870-47c9-40f5-bf86-6fbe739ba238@group-E5D550F16D5E-FollowerState] INFO  server.RaftServerConfigKeys (ConfUtils.java:logFallback(53)) - raft.server.rpc.first-election.timeout.max = 5200ms (fallback to raft.server.rpc.timeout.max)
2023-01-06 14:00:17,954 [grpc-default-executor-4] INFO  server.RaftServer$Division (RaftServerImpl.java:requestVote(1251)) - 4b735870-47c9-40f5-bf86-6fbe739ba238@group-E5D550F16D5E replies to ELECTION vote request: e32a88af-9633-4d64-a8b2-4f5c257759a0<-4b735870-47c9-40f5-bf86-6fbe739ba238#0:FAIL-t1. Peer's state: 4b735870-47c9-40f5-bf86-6fbe739ba238@group-E5D550F16D5E:t1, leader=null, voted=null, raftlog=Memoized:4b735870-47c9-40f5-bf86-6fbe739ba238@group-E5D550F16D5E-SegmentedRaftLog:OPENED:c-1, conf=-1: peers:[e32a88af-9633-4d64-a8b2-4f5c257759a0|rpc:10.1.0.26:34063|dataStream:10.1.0.26:41351|priority:0|startupRole:FOLLOWER, 4b735870-47c9-40f5-bf86-6fbe739ba238|rpc:10.1.0.26:40757|dataStream:10.1.0.26:34319|priority:1|startupRole:FOLLOWER, 2cd9f762-1be0-4b34-89df-a8822a289ddb|rpc:10.1.0.26:43125|dataStream:10.1.0.26:32929|priority:0|startupRole:FOLLOWER]|listeners:[], old=null
2023-01-06 14:00:17,957 [e32a88af-9633-4d64-a8b2-4f5c257759a0@group-E5D550F16D5E-LeaderElection13] INFO  impl.LeaderElection (LeaderElection.java:logAndReturn(90)) - e32a88af-9633-4d64-a8b2-4f5c257759a0@group-E5D550F16D5E-LeaderElection13: ELECTION REJECTED received 1 response(s) and 0 exception(s):
2023-01-06 14:00:17,957 [e32a88af-9633-4d64-a8b2-4f5c257759a0@group-E5D550F16D5E-LeaderElection13] INFO  impl.LeaderElection (LeaderElection.java:logAndReturn(94)) -   Response 0: e32a88af-9633-4d64-a8b2-4f5c257759a0<-4b735870-47c9-40f5-bf86-6fbe739ba238#0:FAIL-t1
2023-01-06 14:00:17,957 [e32a88af-9633-4d64-a8b2-4f5c257759a0@group-E5D550F16D5E-LeaderElection13] INFO  impl.LeaderElection (LeaderElection.java:askForVotes(314)) - e32a88af-9633-4d64-a8b2-4f5c257759a0@group-E5D550F16D5E-LeaderElection13 ELECTION round 0: result REJECTED
2023-01-06 14:00:17,957 [e32a88af-9633-4d64-a8b2-4f5c257759a0@group-E5D550F16D5E-LeaderElection13] INFO  server.RaftServer$Division (RaftServerImpl.java:setRole(321)) - e32a88af-9633-4d64-a8b2-4f5c257759a0@group-E5D550F16D5E: changes role from CANDIDATE to FOLLOWER at term 1 for REJECTED
2023-01-06 14:00:17,957 [e32a88af-9633-4d64-a8b2-4f5c257759a0@group-E5D550F16D5E-LeaderElection13] INFO  impl.RoleInfo (RoleInfo.java:shutdownLeaderElection(130)) - e32a88af-9633-4d64-a8b2-4f5c257759a0: shutdown e32a88af-9633-4d64-a8b2-4f5c257759a0@group-E5D550F16D5E-LeaderElection13
2023-01-06 14:00:17,957 [e32a88af-9633-4d64-a8b2-4f5c257759a0@group-E5D550F16D5E-LeaderElection13] INFO  impl.RoleInfo (RoleInfo.java:updateAndGet(139)) - e32a88af-9633-4d64-a8b2-4f5c257759a0: start e32a88af-9633-4d64-a8b2-4f5c257759a0@group-E5D550F16D5E-FollowerState
2023-01-06 14:00:17,967 [e32a88af-9633-4d64-a8b2-4f5c257759a0@group-E5D550F16D5E-FollowerState] INFO  server.RaftServerConfigKeys (ConfUtils.java:logFallback(53)) - raft.server.rpc.first-election.timeout.min = 5s (fallback to raft.server.rpc.timeout.min)
2023-01-06 14:00:17,967 [e32a88af-9633-4d64-a8b2-4f5c257759a0@group-E5D550F16D5E-FollowerState] INFO  server.RaftServerConfigKeys (ConfUtils.java:logFallback(53)) - raft.server.rpc.first-election.timeout.max = 5200ms (fallback to raft.server.rpc.timeout.max)
2023-01-06 14:00:17,967 [grpc-default-executor-1] INFO  server.RaftServer$Division (RaftServerImpl.java:requestVote(1251)) - 2cd9f762-1be0-4b34-89df-a8822a289ddb@group-E5D550F16D5E replies to ELECTION vote request: e32a88af-9633-4d64-a8b2-4f5c257759a0<-2cd9f762-1be0-4b34-89df-a8822a289ddb#0:OK-t1. Peer's state: 2cd9f762-1be0-4b34-89df-a8822a289ddb@group-E5D550F16D5E:t1, leader=null, voted=e32a88af-9633-4d64-a8b2-4f5c257759a0, raftlog=Memoized:2cd9f762-1be0-4b34-89df-a8822a289ddb@group-E5D550F16D5E-SegmentedRaftLog:OPENED:c-1, conf=-1: peers:[e32a88af-9633-4d64-a8b2-4f5c257759a0|rpc:10.1.0.26:34063|dataStream:10.1.0.26:41351|priority:0|startupRole:FOLLOWER, 4b735870-47c9-40f5-bf86-6fbe739ba238|rpc:10.1.0.26:40757|dataStream:10.1.0.26:34319|priority:1|startupRole:FOLLOWER, 2cd9f762-1be0-4b34-89df-a8822a289ddb|rpc:10.1.0.26:43125|dataStream:10.1.0.26:32929|priority:0|startupRole:FOLLOWER]|listeners:[], old=null
2023-01-06 14:00:17,972 [2cd9f762-1be0-4b34-89df-a8822a289ddb@group-E5D550F16D5E-FollowerState] INFO  server.RaftServerConfigKeys (ConfUtils.java:logFallback(53)) - raft.server.rpc.first-election.timeout.min = 5s (fallback to raft.server.rpc.timeout.min)
2023-01-06 14:00:17,972 [2cd9f762-1be0-4b34-89df-a8822a289ddb@group-E5D550F16D5E-FollowerState] INFO  server.RaftServerConfigKeys (ConfUtils.java:logFallback(53)) - raft.server.rpc.first-election.timeout.max = 5200ms (fallback to raft.server.rpc.timeout.max)
]]></system-out>
  </testcase>
  <testcase name="testMultiChunkWrite2" classname="org.apache.hadoop.ozone.client.rpc.TestBlockOutputStreamFlushDelay" time="0.178">
    <system-out><![CDATA[2023-01-06 14:00:18,173 [2cd9f762-1be0-4b34-89df-a8822a289ddb@group-8FCEBD3931F1-FollowerState] INFO  impl.FollowerState (FollowerState.java:run(143)) - 2cd9f762-1be0-4b34-89df-a8822a289ddb@group-8FCEBD3931F1-FollowerState: change to CANDIDATE, lastRpcElapsedTime:5080355652ns, electionTimeout:5077ms
2023-01-06 14:00:18,173 [2cd9f762-1be0-4b34-89df-a8822a289ddb@group-8FCEBD3931F1-FollowerState] INFO  impl.RoleInfo (RoleInfo.java:shutdownFollowerState(110)) - 2cd9f762-1be0-4b34-89df-a8822a289ddb: shutdown 2cd9f762-1be0-4b34-89df-a8822a289ddb@group-8FCEBD3931F1-FollowerState
2023-01-06 14:00:18,173 [2cd9f762-1be0-4b34-89df-a8822a289ddb@group-8FCEBD3931F1-FollowerState] INFO  server.RaftServer$Division (RaftServerImpl.java:setRole(321)) - 2cd9f762-1be0-4b34-89df-a8822a289ddb@group-8FCEBD3931F1: changes role from  FOLLOWER to CANDIDATE at term 0 for changeToCandidate
2023-01-06 14:00:18,173 [2cd9f762-1be0-4b34-89df-a8822a289ddb@group-8FCEBD3931F1-FollowerState] INFO  server.RaftServerConfigKeys (ConfUtils.java:logGet(46)) - raft.server.leaderelection.pre-vote = false (custom)
2023-01-06 14:00:18,173 [2cd9f762-1be0-4b34-89df-a8822a289ddb@group-8FCEBD3931F1-FollowerState] INFO  impl.RoleInfo (RoleInfo.java:updateAndGet(139)) - 2cd9f762-1be0-4b34-89df-a8822a289ddb: start 2cd9f762-1be0-4b34-89df-a8822a289ddb@group-8FCEBD3931F1-LeaderElection14
2023-01-06 14:00:18,198 [2cd9f762-1be0-4b34-89df-a8822a289ddb@group-8FCEBD3931F1-LeaderElection14] INFO  impl.LeaderElection (LeaderElection.java:askForVotes(312)) - 2cd9f762-1be0-4b34-89df-a8822a289ddb@group-8FCEBD3931F1-LeaderElection14 ELECTION round 0: submit vote requests at term 1 for -1: peers:[2cd9f762-1be0-4b34-89df-a8822a289ddb|rpc:10.1.0.26:43125|dataStream:10.1.0.26:32929|priority:1|startupRole:FOLLOWER]|listeners:[], old=null
2023-01-06 14:00:18,198 [2cd9f762-1be0-4b34-89df-a8822a289ddb@group-8FCEBD3931F1-LeaderElection14] INFO  impl.LeaderElection (LeaderElection.java:askForVotes(314)) - 2cd9f762-1be0-4b34-89df-a8822a289ddb@group-8FCEBD3931F1-LeaderElection14 ELECTION round 0: result PASSED (term=1)
2023-01-06 14:00:18,198 [2cd9f762-1be0-4b34-89df-a8822a289ddb@group-8FCEBD3931F1-LeaderElection14] INFO  impl.RoleInfo (RoleInfo.java:shutdownLeaderElection(130)) - 2cd9f762-1be0-4b34-89df-a8822a289ddb: shutdown 2cd9f762-1be0-4b34-89df-a8822a289ddb@group-8FCEBD3931F1-LeaderElection14
2023-01-06 14:00:18,198 [2cd9f762-1be0-4b34-89df-a8822a289ddb@group-8FCEBD3931F1-LeaderElection14] INFO  server.RaftServer$Division (RaftServerImpl.java:setRole(321)) - 2cd9f762-1be0-4b34-89df-a8822a289ddb@group-8FCEBD3931F1: changes role from CANDIDATE to LEADER at term 1 for changeToLeader
2023-01-06 14:00:18,198 [2cd9f762-1be0-4b34-89df-a8822a289ddb@group-8FCEBD3931F1-LeaderElection14] INFO  ratis.XceiverServerRatis (XceiverServerRatis.java:handleLeaderChangedNotification(904)) - Leader change notification received for group: group-8FCEBD3931F1 with new leaderId: 2cd9f762-1be0-4b34-89df-a8822a289ddb
2023-01-06 14:00:18,202 [2cd9f762-1be0-4b34-89df-a8822a289ddb@group-8FCEBD3931F1-LeaderElection14] INFO  server.RaftServer$Division (ServerState.java:setLeader(313)) - 2cd9f762-1be0-4b34-89df-a8822a289ddb@group-8FCEBD3931F1: change Leader from null to 2cd9f762-1be0-4b34-89df-a8822a289ddb at term 1 for becomeLeader, leader elected after 5131ms
2023-01-06 14:00:18,202 [2cd9f762-1be0-4b34-89df-a8822a289ddb@group-8FCEBD3931F1-LeaderElection14] INFO  server.RaftServerConfigKeys (ConfUtils.java:logGet(46)) - raft.server.staging.catchup.gap = 1000 (default)
2023-01-06 14:00:18,202 [2cd9f762-1be0-4b34-89df-a8822a289ddb@group-8FCEBD3931F1-LeaderElection14] INFO  server.RaftServerConfigKeys (ConfUtils.java:logGet(46)) - raft.server.write.element-limit = 1024 (custom)
2023-01-06 14:00:18,202 [2cd9f762-1be0-4b34-89df-a8822a289ddb@group-8FCEBD3931F1-LeaderElection14] INFO  server.RaftServerConfigKeys (ConfUtils.java:logGet(46)) - raft.server.write.byte-limit = 1024 M (=1073741824) (custom)
2023-01-06 14:00:18,202 [2cd9f762-1be0-4b34-89df-a8822a289ddb@group-8FCEBD3931F1-LeaderElection14] INFO  server.RaftServerConfigKeys (ConfUtils.java:logGet(46)) - raft.server.watch.timeout = 180s (custom)
2023-01-06 14:00:18,202 [2cd9f762-1be0-4b34-89df-a8822a289ddb@group-8FCEBD3931F1-LeaderElection14] INFO  server.RaftServerConfigKeys (ConfUtils.java:logGet(46)) - raft.server.watch.timeout.denomination = 1s (default)
2023-01-06 14:00:18,202 [2cd9f762-1be0-4b34-89df-a8822a289ddb@group-8FCEBD3931F1-LeaderElection14] INFO  server.RaftServerConfigKeys (ConfUtils.java:logGet(46)) - raft.server.watch.element-limit = 65536 (default)
2023-01-06 14:00:18,202 [2cd9f762-1be0-4b34-89df-a8822a289ddb@group-8FCEBD3931F1-LeaderElection14] INFO  server.RaftServerConfigKeys (ConfUtils.java:logGet(46)) - raft.server.write.element-limit = 1024 (custom)
2023-01-06 14:00:18,202 [2cd9f762-1be0-4b34-89df-a8822a289ddb@group-8FCEBD3931F1-LeaderElection14] INFO  server.RaftServerConfigKeys (ConfUtils.java:logGet(46)) - raft.server.write.follower.gap.ratio.max = -1.0 (default)
2023-01-06 14:00:18,202 [2cd9f762-1be0-4b34-89df-a8822a289ddb@group-8FCEBD3931F1-LeaderElection14] INFO  impl.RoleInfo (RoleInfo.java:updateAndGet(139)) - 2cd9f762-1be0-4b34-89df-a8822a289ddb: start 2cd9f762-1be0-4b34-89df-a8822a289ddb@group-8FCEBD3931F1-LeaderStateImpl
2023-01-06 14:00:18,203 [2cd9f762-1be0-4b34-89df-a8822a289ddb@group-8FCEBD3931F1-LeaderElection14] INFO  segmented.SegmentedRaftLogWorker (SegmentedRaftLogWorker.java:startLogSegment(452)) - 2cd9f762-1be0-4b34-89df-a8822a289ddb@group-8FCEBD3931F1-SegmentedRaftLogWorker: Starting segment from index:0
2023-01-06 14:00:18,205 [2cd9f762-1be0-4b34-89df-a8822a289ddb@group-8FCEBD3931F1-SegmentedRaftLogWorker] INFO  segmented.SegmentedRaftLogWorker (SegmentedRaftLogWorker.java:execute(656)) - 2cd9f762-1be0-4b34-89df-a8822a289ddb@group-8FCEBD3931F1-SegmentedRaftLogWorker: created new log segment /home/runner/work/ozone/ozone/hadoop-ozone/integration-test/target/test-dir/MiniOzoneClusterImpl-2de58cfc-ec7c-41ac-af7d-ad40b55ccb4e/datanode-5/data/ratis/bbd080ba-6b0a-4d5f-bf02-8fcebd3931f1/current/log_inprogress_0
2023-01-06 14:00:18,209 [2cd9f762-1be0-4b34-89df-a8822a289ddb@group-8FCEBD3931F1-LeaderElection14] INFO  server.RaftServer$Division (ServerState.java:setRaftConf(430)) - 2cd9f762-1be0-4b34-89df-a8822a289ddb@group-8FCEBD3931F1: set configuration 0: peers:[2cd9f762-1be0-4b34-89df-a8822a289ddb|rpc:10.1.0.26:43125|dataStream:10.1.0.26:32929|priority:1|startupRole:FOLLOWER]|listeners:[], old=null
]]></system-out>
  </testcase>
  <testcase name="testMultiChunkWrite" classname="org.apache.hadoop.ozone.client.rpc.TestBlockOutputStreamFlushDelay" time="0.042">
    <failure type="java.lang.AssertionError"><![CDATA[java.lang.AssertionError: expected:<1> but was:<0>
	at org.junit.Assert.fail(Assert.java:89)
	at org.junit.Assert.failNotEquals(Assert.java:835)
	at org.junit.Assert.assertEquals(Assert.java:647)
	at org.junit.Assert.assertEquals(Assert.java:633)
	at org.apache.hadoop.ozone.client.rpc.TestBlockOutputStreamFlushDelay.testMultiChunkWrite(TestBlockOutputStreamFlushDelay.java:347)
	at sun.reflect.NativeMethodAccessorImpl.invoke0(Native Method)
	at sun.reflect.NativeMethodAccessorImpl.invoke(NativeMethodAccessorImpl.java:62)
	at sun.reflect.DelegatingMethodAccessorImpl.invoke(DelegatingMethodAccessorImpl.java:43)
	at java.lang.reflect.Method.invoke(Method.java:498)
	at org.junit.runners.model.FrameworkMethod$1.runReflectiveCall(FrameworkMethod.java:59)
	at org.junit.internal.runners.model.ReflectiveCallable.run(ReflectiveCallable.java:12)
	at org.junit.runners.model.FrameworkMethod.invokeExplosively(FrameworkMethod.java:56)
	at org.junit.internal.runners.statements.InvokeMethod.evaluate(InvokeMethod.java:17)
	at org.junit.internal.runners.statements.FailOnTimeout$CallableStatement.call(FailOnTimeout.java:288)
	at org.junit.internal.runners.statements.FailOnTimeout$CallableStatement.call(FailOnTimeout.java:282)
	at java.util.concurrent.FutureTask.run(FutureTask.java:266)
	at java.lang.Thread.run(Thread.java:750)
]]></failure>
  </testcase>
  <testcase name="testFullBufferCondition" classname="org.apache.hadoop.ozone.client.rpc.TestBlockOutputStreamFlushDelay" time="0.132"/>
  <testcase name="testBufferCaching" classname="org.apache.hadoop.ozone.client.rpc.TestBlockOutputStreamFlushDelay" time="0.083"/>
  <testcase name="testWriteWithExceedingMaxBufferLimit" classname="org.apache.hadoop.ozone.client.rpc.TestBlockOutputStreamFlushDelay" time="0.142">
    <system-out><![CDATA[2023-01-06 14:00:18,545 [f730f9a1-8dfc-4d4c-b54c-7d4e94fcccb5@group-4754AAA331D7-FollowerState] INFO  impl.FollowerState (FollowerState.java:run(143)) - f730f9a1-8dfc-4d4c-b54c-7d4e94fcccb5@group-4754AAA331D7-FollowerState: change to CANDIDATE, lastRpcElapsedTime:5037164127ns, electionTimeout:5035ms
2023-01-06 14:00:18,545 [f730f9a1-8dfc-4d4c-b54c-7d4e94fcccb5@group-4754AAA331D7-FollowerState] INFO  impl.RoleInfo (RoleInfo.java:shutdownFollowerState(110)) - f730f9a1-8dfc-4d4c-b54c-7d4e94fcccb5: shutdown f730f9a1-8dfc-4d4c-b54c-7d4e94fcccb5@group-4754AAA331D7-FollowerState
2023-01-06 14:00:18,545 [f730f9a1-8dfc-4d4c-b54c-7d4e94fcccb5@group-4754AAA331D7-FollowerState] INFO  server.RaftServer$Division (RaftServerImpl.java:setRole(321)) - f730f9a1-8dfc-4d4c-b54c-7d4e94fcccb5@group-4754AAA331D7: changes role from  FOLLOWER to CANDIDATE at term 0 for changeToCandidate
2023-01-06 14:00:18,545 [f730f9a1-8dfc-4d4c-b54c-7d4e94fcccb5@group-4754AAA331D7-FollowerState] INFO  server.RaftServerConfigKeys (ConfUtils.java:logGet(46)) - raft.server.leaderelection.pre-vote = false (custom)
2023-01-06 14:00:18,545 [f730f9a1-8dfc-4d4c-b54c-7d4e94fcccb5@group-4754AAA331D7-FollowerState] INFO  impl.RoleInfo (RoleInfo.java:updateAndGet(139)) - f730f9a1-8dfc-4d4c-b54c-7d4e94fcccb5: start f730f9a1-8dfc-4d4c-b54c-7d4e94fcccb5@group-4754AAA331D7-LeaderElection15
2023-01-06 14:00:18,553 [f730f9a1-8dfc-4d4c-b54c-7d4e94fcccb5@group-4754AAA331D7-LeaderElection15] INFO  impl.LeaderElection (LeaderElection.java:askForVotes(312)) - f730f9a1-8dfc-4d4c-b54c-7d4e94fcccb5@group-4754AAA331D7-LeaderElection15 ELECTION round 0: submit vote requests at term 1 for -1: peers:[f730f9a1-8dfc-4d4c-b54c-7d4e94fcccb5|rpc:10.1.0.26:45043|dataStream:10.1.0.26:46477|priority:1|startupRole:FOLLOWER]|listeners:[], old=null
2023-01-06 14:00:18,553 [f730f9a1-8dfc-4d4c-b54c-7d4e94fcccb5@group-4754AAA331D7-LeaderElection15] INFO  impl.LeaderElection (LeaderElection.java:askForVotes(314)) - f730f9a1-8dfc-4d4c-b54c-7d4e94fcccb5@group-4754AAA331D7-LeaderElection15 ELECTION round 0: result PASSED (term=1)
2023-01-06 14:00:18,553 [f730f9a1-8dfc-4d4c-b54c-7d4e94fcccb5@group-4754AAA331D7-LeaderElection15] INFO  impl.RoleInfo (RoleInfo.java:shutdownLeaderElection(130)) - f730f9a1-8dfc-4d4c-b54c-7d4e94fcccb5: shutdown f730f9a1-8dfc-4d4c-b54c-7d4e94fcccb5@group-4754AAA331D7-LeaderElection15
2023-01-06 14:00:18,553 [f730f9a1-8dfc-4d4c-b54c-7d4e94fcccb5@group-4754AAA331D7-LeaderElection15] INFO  server.RaftServer$Division (RaftServerImpl.java:setRole(321)) - f730f9a1-8dfc-4d4c-b54c-7d4e94fcccb5@group-4754AAA331D7: changes role from CANDIDATE to LEADER at term 1 for changeToLeader
2023-01-06 14:00:18,554 [f730f9a1-8dfc-4d4c-b54c-7d4e94fcccb5@group-4754AAA331D7-LeaderElection15] INFO  ratis.XceiverServerRatis (XceiverServerRatis.java:handleLeaderChangedNotification(904)) - Leader change notification received for group: group-4754AAA331D7 with new leaderId: f730f9a1-8dfc-4d4c-b54c-7d4e94fcccb5
2023-01-06 14:00:18,555 [f730f9a1-8dfc-4d4c-b54c-7d4e94fcccb5@group-4754AAA331D7-LeaderElection15] INFO  server.RaftServer$Division (ServerState.java:setLeader(313)) - f730f9a1-8dfc-4d4c-b54c-7d4e94fcccb5@group-4754AAA331D7: change Leader from null to f730f9a1-8dfc-4d4c-b54c-7d4e94fcccb5 at term 1 for becomeLeader, leader elected after 5059ms
2023-01-06 14:00:18,561 [f730f9a1-8dfc-4d4c-b54c-7d4e94fcccb5@group-4754AAA331D7-LeaderElection15] INFO  server.RaftServerConfigKeys (ConfUtils.java:logGet(46)) - raft.server.staging.catchup.gap = 1000 (default)
2023-01-06 14:00:18,561 [f730f9a1-8dfc-4d4c-b54c-7d4e94fcccb5@group-4754AAA331D7-LeaderElection15] INFO  server.RaftServerConfigKeys (ConfUtils.java:logGet(46)) - raft.server.write.element-limit = 1024 (custom)
2023-01-06 14:00:18,561 [f730f9a1-8dfc-4d4c-b54c-7d4e94fcccb5@group-4754AAA331D7-LeaderElection15] INFO  server.RaftServerConfigKeys (ConfUtils.java:logGet(46)) - raft.server.write.byte-limit = 1024 M (=1073741824) (custom)
2023-01-06 14:00:18,562 [f730f9a1-8dfc-4d4c-b54c-7d4e94fcccb5@group-4754AAA331D7-LeaderElection15] INFO  server.RaftServerConfigKeys (ConfUtils.java:logGet(46)) - raft.server.watch.timeout = 180s (custom)
2023-01-06 14:00:18,562 [f730f9a1-8dfc-4d4c-b54c-7d4e94fcccb5@group-4754AAA331D7-LeaderElection15] INFO  server.RaftServerConfigKeys (ConfUtils.java:logGet(46)) - raft.server.watch.timeout.denomination = 1s (default)
2023-01-06 14:00:18,562 [f730f9a1-8dfc-4d4c-b54c-7d4e94fcccb5@group-4754AAA331D7-LeaderElection15] INFO  server.RaftServerConfigKeys (ConfUtils.java:logGet(46)) - raft.server.watch.element-limit = 65536 (default)
2023-01-06 14:00:18,562 [f730f9a1-8dfc-4d4c-b54c-7d4e94fcccb5@group-4754AAA331D7-LeaderElection15] INFO  server.RaftServerConfigKeys (ConfUtils.java:logGet(46)) - raft.server.write.element-limit = 1024 (custom)
2023-01-06 14:00:18,562 [f730f9a1-8dfc-4d4c-b54c-7d4e94fcccb5@group-4754AAA331D7-LeaderElection15] INFO  server.RaftServerConfigKeys (ConfUtils.java:logGet(46)) - raft.server.write.follower.gap.ratio.max = -1.0 (default)
2023-01-06 14:00:18,562 [f730f9a1-8dfc-4d4c-b54c-7d4e94fcccb5@group-4754AAA331D7-LeaderElection15] INFO  impl.RoleInfo (RoleInfo.java:updateAndGet(139)) - f730f9a1-8dfc-4d4c-b54c-7d4e94fcccb5: start f730f9a1-8dfc-4d4c-b54c-7d4e94fcccb5@group-4754AAA331D7-LeaderStateImpl
2023-01-06 14:00:18,562 [f730f9a1-8dfc-4d4c-b54c-7d4e94fcccb5@group-4754AAA331D7-LeaderElection15] INFO  segmented.SegmentedRaftLogWorker (SegmentedRaftLogWorker.java:startLogSegment(452)) - f730f9a1-8dfc-4d4c-b54c-7d4e94fcccb5@group-4754AAA331D7-SegmentedRaftLogWorker: Starting segment from index:0
2023-01-06 14:00:18,573 [f730f9a1-8dfc-4d4c-b54c-7d4e94fcccb5@group-4754AAA331D7-LeaderElection15] INFO  server.RaftServer$Division (ServerState.java:setRaftConf(430)) - f730f9a1-8dfc-4d4c-b54c-7d4e94fcccb5@group-4754AAA331D7: set configuration 0: peers:[f730f9a1-8dfc-4d4c-b54c-7d4e94fcccb5|rpc:10.1.0.26:45043|dataStream:10.1.0.26:46477|priority:1|startupRole:FOLLOWER]|listeners:[], old=null
2023-01-06 14:00:18,578 [f730f9a1-8dfc-4d4c-b54c-7d4e94fcccb5@group-4754AAA331D7-SegmentedRaftLogWorker] INFO  segmented.SegmentedRaftLogWorker (SegmentedRaftLogWorker.java:execute(656)) - f730f9a1-8dfc-4d4c-b54c-7d4e94fcccb5@group-4754AAA331D7-SegmentedRaftLogWorker: created new log segment /home/runner/work/ozone/ozone/hadoop-ozone/integration-test/target/test-dir/MiniOzoneClusterImpl-2de58cfc-ec7c-41ac-af7d-ad40b55ccb4e/datanode-6/data/ratis/f873529c-d628-4ad7-944e-4754aaa331d7/current/log_inprogress_0
]]></system-out>
  </testcase>
</testsuite>