<?xml version="1.0" encoding="UTF-8"?>
<testsuite xmlns:xsi="http://www.w3.org/2001/XMLSchema-instance" xsi:noNamespaceSchemaLocation="https://maven.apache.org/surefire/maven-surefire-plugin/xsd/surefire-test-report.xsd" name="org.apache.hadoop.ozone.TestMiniOzoneCluster" time="155.616" tests="5" errors="1" skipped="0" failures="0">
  <properties>
    <property name="awt.toolkit" value="sun.awt.X11.XToolkit"/>
    <property name="file.encoding.pkg" value="sun.io"/>
    <property name="java.specification.version" value="1.8"/>
    <property name="sun.cpu.isalist" value=""/>
    <property name="sun.jnu.encoding" value="UTF-8"/>
    <property name="java.class.path" value="/home/runner/work/ozone/ozone/mnt/ozone/hadoop-ozone/integration-test/target/test-classes:/home/runner/work/ozone/ozone/mnt/ozone/hadoop-ozone/integration-test/target/classes:/home/runner/.m2/repository/org/apache/ozone/ozone-common/1.2.0-SNAPSHOT/ozone-common-1.2.0-SNAPSHOT.jar:/home/runner/.m2/repository/org/apache/commons/commons-compress/1.20/commons-compress-1.20.jar:/home/runner/.m2/repository/org/apache/ozone/hdds-common/1.2.0-SNAPSHOT/hdds-common-1.2.0-SNAPSHOT.jar:/home/runner/.m2/repository/org/apache/ozone/hdds-client/1.2.0-SNAPSHOT/hdds-client-1.2.0-SNAPSHOT.jar:/home/runner/.m2/repository/org/apache/ozone/ozone-interface-client/1.2.0-SNAPSHOT/ozone-interface-client-1.2.0-SNAPSHOT.jar:/home/runner/.m2/repository/org/apache/ozone/hdds-test-utils/1.2.0-SNAPSHOT/hdds-test-utils-1.2.0-SNAPSHOT.jar:/home/runner/.m2/repository/com/google/guava/guava/30.1.1-jre/guava-30.1.1-jre.jar:/home/runner/.m2/repository/com/google/guava/failureaccess/1.0.1/failureaccess-1.0.1.jar:/home/runner/.m2/repository/com/google/guava/listenablefuture/9999.0-empty-to-avoid-conflict-with-guava/listenablefuture-9999.0-empty-to-avoid-conflict-with-guava.jar:/home/runner/.m2/repository/com/google/code/findbugs/jsr305/3.0.0/jsr305-3.0.0.jar:/home/runner/.m2/repository/org/checkerframework/checker-qual/3.8.0/checker-qual-3.8.0.jar:/home/runner/.m2/repository/com/google/errorprone/error_prone_annotations/2.2.0/error_prone_annotations-2.2.0.jar:/home/runner/.m2/repository/com/google/j2objc/j2objc-annotations/1.3/j2objc-annotations-1.3.jar:/home/runner/.m2/repository/commons-io/commons-io/2.8.0/commons-io-2.8.0.jar:/home/runner/.m2/repository/commons-logging/commons-logging/1.2/commons-logging-1.2.jar:/home/runner/.m2/repository/log4j/log4j/1.2.17/log4j-1.2.17.jar:/home/runner/.m2/repository/org/slf4j/slf4j-api/1.7.30/slf4j-api-1.7.30.jar:/home/runner/.m2/repository/org/apache/ozone/hdds-server-scm/1.2.0-SNAPSHOT/hdds-server-scm-1.2.0-SNAPSHOT.jar:/home/runner/.m2/repository/org/apache/ozone/hdds-container-service/1.2.0-SNAPSHOT/hdds-container-service-1.2.0-SNAPSHOT.jar:/home/runner/.m2/repository/org/apache/ozone/hdds-hadoop-dependency-server/1.2.0-SNAPSHOT/hdds-hadoop-dependency-server-1.2.0-SNAPSHOT.jar:/home/runner/.m2/repository/org/apache/hadoop/hadoop-hdfs/3.2.2/hadoop-hdfs-3.2.2.jar:/home/runner/.m2/repository/org/apache/ozone/hdds-server-framework/1.2.0-SNAPSHOT/hdds-server-framework-1.2.0-SNAPSHOT.jar:/home/runner/.m2/repository/org/apache/ozone/hdds-interface-server/1.2.0-SNAPSHOT/hdds-interface-server-1.2.0-SNAPSHOT.jar:/home/runner/.m2/repository/org/eclipse/jetty/jetty-servlet/9.4.35.v20201120/jetty-servlet-9.4.35.v20201120.jar:/home/runner/.m2/repository/org/eclipse/jetty/jetty-security/9.4.35.v20201120/jetty-security-9.4.35.v20201120.jar:/home/runner/.m2/repository/org/rocksdb/rocksdbjni/6.20.3/rocksdbjni-6.20.3.jar:/home/runner/.m2/repository/io/prometheus/simpleclient_dropwizard/0.7.0/simpleclient_dropwizard-0.7.0.jar:/home/runner/.m2/repository/io/prometheus/simpleclient/0.7.0/simpleclient-0.7.0.jar:/home/runner/.m2/repository/io/prometheus/simpleclient_common/0.7.0/simpleclient_common-0.7.0.jar:/home/runner/.m2/repository/com/fasterxml/jackson/datatype/jackson-datatype-jsr310/2.12.1/jackson-datatype-jsr310-2.12.1.jar:/home/runner/.m2/repository/io/dropwizard/metrics/metrics-core/3.2.4/metrics-core-3.2.4.jar:/home/runner/.m2/repository/org/apache/hadoop/hadoop-hdfs-client/3.2.2/hadoop-hdfs-client-3.2.2.jar:/home/runner/.m2/repository/org/bouncycastle/bcprov-jdk15on/1.67/bcprov-jdk15on-1.67.jar:/home/runner/.m2/repository/com/google/protobuf/protobuf-java/2.5.0/protobuf-java-2.5.0.jar:/home/runner/.m2/repository/org/apache/ozone/ozone-manager/1.2.0-SNAPSHOT/ozone-manager-1.2.0-SNAPSHOT.jar:/home/runner/.m2/repository/org/apache/ozone/hdds-interface-client/1.2.0-SNAPSHOT/hdds-interface-client-1.2.0-SNAPSHOT.jar:/home/runner/.m2/repository/org/apache/ratis/ratis-thirdparty-misc/0.7.0-a398b19-SNAPSHOT/ratis-thirdparty-misc-0.7.0-a398b19-SNAPSHOT.jar:/home/runner/.m2/repository/org/apache/ozone/ozone-interface-storage/1.2.0-SNAPSHOT/ozone-interface-storage-1.2.0-SNAPSHOT.jar:/home/runner/.m2/repository/org/apache/hadoop/hadoop-minikdc/3.2.2/hadoop-minikdc-3.2.2.jar:/home/runner/.m2/repository/org/apache/kerby/kerb-simplekdc/1.0.1/kerb-simplekdc-1.0.1.jar:/home/runner/.m2/repository/org/apache/kerby/kerb-client/1.0.1/kerb-client-1.0.1.jar:/home/runner/.m2/repository/org/apache/kerby/kerby-config/1.0.1/kerby-config-1.0.1.jar:/home/runner/.m2/repository/org/apache/kerby/kerb-core/1.0.1/kerb-core-1.0.1.jar:/home/runner/.m2/repository/org/apache/kerby/kerby-pkix/1.0.1/kerby-pkix-1.0.1.jar:/home/runner/.m2/repository/org/apache/kerby/kerby-asn1/1.0.1/kerby-asn1-1.0.1.jar:/home/runner/.m2/repository/org/apache/kerby/kerby-util/1.0.1/kerby-util-1.0.1.jar:/home/runner/.m2/repository/org/apache/kerby/kerb-common/1.0.1/kerb-common-1.0.1.jar:/home/runner/.m2/repository/org/apache/kerby/kerb-crypto/1.0.1/kerb-crypto-1.0.1.jar:/home/runner/.m2/repository/org/apache/kerby/kerb-util/1.0.1/kerb-util-1.0.1.jar:/home/runner/.m2/repository/org/apache/kerby/token-provider/1.0.1/token-provider-1.0.1.jar:/home/runner/.m2/repository/org/apache/kerby/kerb-admin/1.0.1/kerb-admin-1.0.1.jar:/home/runner/.m2/repository/org/apache/kerby/kerb-server/1.0.1/kerb-server-1.0.1.jar:/home/runner/.m2/repository/org/apache/kerby/kerb-identity/1.0.1/kerb-identity-1.0.1.jar:/home/runner/.m2/repository/org/apache/kerby/kerby-xdr/1.0.1/kerby-xdr-1.0.1.jar:/home/runner/.m2/repository/org/slf4j/slf4j-log4j12/1.7.30/slf4j-log4j12-1.7.30.jar:/home/runner/.m2/repository/org/apache/ozone/ozone-s3gateway/1.2.0-SNAPSHOT/ozone-s3gateway-1.2.0-SNAPSHOT.jar:/home/runner/.m2/repository/org/jboss/weld/servlet/weld-servlet/2.4.7.Final/weld-servlet-2.4.7.Final.jar:/home/runner/.m2/repository/org/glassfish/jersey/containers/jersey-container-servlet-core/2.33/jersey-container-servlet-core-2.33.jar:/home/runner/.m2/repository/org/glassfish/hk2/external/jakarta.inject/2.6.1/jakarta.inject-2.6.1.jar:/home/runner/.m2/repository/org/glassfish/jersey/core/jersey-common/2.33/jersey-common-2.33.jar:/home/runner/.m2/repository/jakarta/ws/rs/jakarta.ws.rs-api/2.1.6/jakarta.ws.rs-api-2.1.6.jar:/home/runner/.m2/repository/org/glassfish/jersey/ext/cdi/jersey-cdi1x/2.33/jersey-cdi1x-2.33.jar:/home/runner/.m2/repository/org/glassfish/jersey/inject/jersey-hk2/2.33/jersey-hk2-2.33.jar:/home/runner/.m2/repository/org/glassfish/hk2/hk2-locator/2.6.1/hk2-locator-2.6.1.jar:/home/runner/.m2/repository/org/javassist/javassist/3.25.0-GA/javassist-3.25.0-GA.jar:/home/runner/.m2/repository/org/glassfish/jersey/media/jersey-media-jaxb/2.33/jersey-media-jaxb-2.33.jar:/home/runner/.m2/repository/org/glassfish/hk2/osgi-resource-locator/1.0.3/osgi-resource-locator-1.0.3.jar:/home/runner/.m2/repository/org/glassfish/hk2/hk2-api/2.5.0/hk2-api-2.5.0.jar:/home/runner/.m2/repository/org/glassfish/hk2/hk2-utils/2.5.0/hk2-utils-2.5.0.jar:/home/runner/.m2/repository/org/glassfish/hk2/external/aopalliance-repackaged/2.5.0/aopalliance-repackaged-2.5.0.jar:/home/runner/.m2/repository/com/fasterxml/jackson/dataformat/jackson-dataformat-xml/2.12.1/jackson-dataformat-xml-2.12.1.jar:/home/runner/.m2/repository/com/fasterxml/jackson/core/jackson-core/2.12.1/jackson-core-2.12.1.jar:/home/runner/.m2/repository/com/fasterxml/jackson/module/jackson-module-jaxb-annotations/2.12.1/jackson-module-jaxb-annotations-2.12.1.jar:/home/runner/.m2/repository/jakarta/xml/bind/jakarta.xml.bind-api/2.3.2/jakarta.xml.bind-api-2.3.2.jar:/home/runner/.m2/repository/jakarta/activation/jakarta.activation-api/1.2.1/jakarta.activation-api-1.2.1.jar:/home/runner/.m2/repository/org/codehaus/woodstox/stax2-api/3.1.4/stax2-api-3.1.4.jar:/home/runner/.m2/repository/com/fasterxml/woodstox/woodstox-core/5.0.3/woodstox-core-5.0.3.jar:/home/runner/.m2/repository/javax/enterprise/cdi-api/1.2/cdi-api-1.2.jar:/home/runner/.m2/repository/javax/el/javax.el-api/3.0.0/javax.el-api-3.0.0.jar:/home/runner/.m2/repository/javax/interceptor/javax.interceptor-api/1.2/javax.interceptor-api-1.2.jar:/home/runner/.m2/repository/javax/inject/javax.inject/1/javax.inject-1.jar:/home/runner/.m2/repository/javax/xml/bind/jaxb-api/2.3.0/jaxb-api-2.3.0.jar:/home/runner/.m2/repository/org/glassfish/jaxb/jaxb-runtime/2.3.0.1/jaxb-runtime-2.3.0.1.jar:/home/runner/.m2/repository/org/glassfish/jaxb/jaxb-core/2.3.0.1/jaxb-core-2.3.0.1.jar:/home/runner/.m2/repository/org/glassfish/jaxb/txw2/2.3.0.1/txw2-2.3.0.1.jar:/home/runner/.m2/repository/com/sun/istack/istack-commons-runtime/3.0.5/istack-commons-runtime-3.0.5.jar:/home/runner/.m2/repository/org/jvnet/staxex/stax-ex/1.7.8/stax-ex-1.7.8.jar:/home/runner/.m2/repository/com/sun/xml/fastinfoset/FastInfoset/1.2.13/FastInfoset-1.2.13.jar:/home/runner/.m2/repository/javax/activation/activation/1.1.1/activation-1.1.1.jar:/home/runner/.m2/repository/org/apache/ozone/ozone-csi/1.2.0-SNAPSHOT/ozone-csi-1.2.0-SNAPSHOT.jar:/home/runner/.m2/repository/com/google/protobuf/protobuf-java-util/3.12.0/protobuf-java-util-3.12.0.jar:/home/runner/.m2/repository/com/google/code/gson/gson/2.2.4/gson-2.2.4.jar:/home/runner/.m2/repository/org/apache/ozone/hdds-config/1.2.0-SNAPSHOT/hdds-config-1.2.0-SNAPSHOT.jar:/home/runner/.m2/repository/io/grpc/grpc-netty/1.33.0/grpc-netty-1.33.0.jar:/home/runner/.m2/repository/io/grpc/grpc-core/1.33.0/grpc-core-1.33.0.jar:/home/runner/.m2/repository/com/google/android/annotations/4.1.1.4/annotations-4.1.1.4.jar:/home/runner/.m2/repository/io/netty/netty-codec-http2/4.1.63.Final/netty-codec-http2-4.1.63.Final.jar:/home/runner/.m2/repository/io/netty/netty-codec-http/4.1.63.Final/netty-codec-http-4.1.63.Final.jar:/home/runner/.m2/repository/io/netty/netty-handler-proxy/4.1.63.Final/netty-handler-proxy-4.1.63.Final.jar:/home/runner/.m2/repository/io/netty/netty-codec-socks/4.1.63.Final/netty-codec-socks-4.1.63.Final.jar:/home/runner/.m2/repository/io/perfmark/perfmark-api/0.19.0/perfmark-api-0.19.0.jar:/home/runner/.m2/repository/org/codehaus/mojo/animal-sniffer-annotations/1.18/animal-sniffer-annotations-1.18.jar:/home/runner/.m2/repository/io/netty/netty-transport-native-epoll/4.1.63.Final/netty-transport-native-epoll-4.1.63.Final.jar:/home/runner/.m2/repository/io/netty/netty-common/4.1.63.Final/netty-common-4.1.63.Final.jar:/home/runner/.m2/repository/io/netty/netty-buffer/4.1.63.Final/netty-buffer-4.1.63.Final.jar:/home/runner/.m2/repository/io/netty/netty-transport-native-unix-common/4.1.63.Final/netty-transport-native-unix-common-4.1.63.Final.jar:/home/runner/.m2/repository/io/grpc/grpc-protobuf/1.33.0/grpc-protobuf-1.33.0.jar:/home/runner/.m2/repository/io/grpc/grpc-api/1.33.0/grpc-api-1.33.0.jar:/home/runner/.m2/repository/io/grpc/grpc-context/1.33.0/grpc-context-1.33.0.jar:/home/runner/.m2/repository/com/google/api/grpc/proto-google-common-protos/1.17.0/proto-google-common-protos-1.17.0.jar:/home/runner/.m2/repository/io/grpc/grpc-protobuf-lite/1.33.0/grpc-protobuf-lite-1.33.0.jar:/home/runner/.m2/repository/io/grpc/grpc-stub/1.33.0/grpc-stub-1.33.0.jar:/home/runner/.m2/repository/org/apache/ozone/ozone-recon/1.2.0-SNAPSHOT/ozone-recon-1.2.0-SNAPSHOT.jar:/home/runner/.m2/repository/org/apache/ozone/ozone-reconcodegen/1.2.0-SNAPSHOT/ozone-reconcodegen-1.2.0-SNAPSHOT.jar:/home/runner/.m2/repository/com/google/inject/extensions/guice-multibindings/4.0/guice-multibindings-4.0.jar:/home/runner/.m2/repository/com/google/inject/guice/4.0/guice-4.0.jar:/home/runner/.m2/repository/aopalliance/aopalliance/1.0/aopalliance-1.0.jar:/home/runner/.m2/repository/com/google/inject/extensions/guice-assistedinject/4.0/guice-assistedinject-4.0.jar:/home/runner/.m2/repository/com/google/inject/extensions/guice-servlet/4.0/guice-servlet-4.0.jar:/home/runner/.m2/repository/org/glassfish/jersey/containers/jersey-container-servlet/2.33/jersey-container-servlet-2.33.jar:/home/runner/.m2/repository/org/glassfish/hk2/guice-bridge/2.5.0/guice-bridge-2.5.0.jar:/home/runner/.m2/repository/org/glassfish/jersey/core/jersey-server/2.33/jersey-server-2.33.jar:/home/runner/.m2/repository/org/glassfish/jersey/core/jersey-client/2.33/jersey-client-2.33.jar:/home/runner/.m2/repository/jakarta/annotation/jakarta.annotation-api/1.3.5/jakarta.annotation-api-1.3.5.jar:/home/runner/.m2/repository/jakarta/validation/jakarta.validation-api/2.0.2/jakarta.validation-api-2.0.2.jar:/home/runner/.m2/repository/org/glassfish/jersey/media/jersey-media-json-jackson/2.33/jersey-media-json-jackson-2.33.jar:/home/runner/.m2/repository/org/glassfish/jersey/ext/jersey-entity-filtering/2.33/jersey-entity-filtering-2.33.jar:/home/runner/.m2/repository/org/jooq/jooq/3.11.10/jooq-3.11.10.jar:/home/runner/.m2/repository/org/jooq/jooq-meta/3.11.10/jooq-meta-3.11.10.jar:/home/runner/.m2/repository/org/jooq/jooq-codegen/3.11.10/jooq-codegen-3.11.10.jar:/home/runner/.m2/repository/com/jolbox/bonecp/0.8.0.RELEASE/bonecp-0.8.0.RELEASE.jar:/home/runner/.m2/repository/org/apache/derby/derby/10.14.2.0/derby-10.14.2.0.jar:/home/runner/.m2/repository/org/xerial/sqlite-jdbc/3.25.2/sqlite-jdbc-3.25.2.jar:/home/runner/.m2/repository/org/springframework/spring-jdbc/5.2.11.RELEASE/spring-jdbc-5.2.11.RELEASE.jar:/home/runner/.m2/repository/org/springframework/spring-beans/5.2.11.RELEASE/spring-beans-5.2.11.RELEASE.jar:/home/runner/.m2/repository/org/springframework/spring-core/5.2.11.RELEASE/spring-core-5.2.11.RELEASE.jar:/home/runner/.m2/repository/org/springframework/spring-jcl/5.2.11.RELEASE/spring-jcl-5.2.11.RELEASE.jar:/home/runner/.m2/repository/org/springframework/spring-tx/5.2.11.RELEASE/spring-tx-5.2.11.RELEASE.jar:/home/runner/.m2/repository/org/apache/ozone/ozone-client/1.2.0-SNAPSHOT/ozone-client-1.2.0-SNAPSHOT.jar:/home/runner/.m2/repository/org/apache/ozone/ozone-filesystem/1.2.0-SNAPSHOT/ozone-filesystem-1.2.0-SNAPSHOT.jar:/home/runner/.m2/repository/org/apache/ozone/ozone-filesystem-common/1.2.0-SNAPSHOT/ozone-filesystem-common-1.2.0-SNAPSHOT.jar:/home/runner/.m2/repository/org/apache/ozone/ozone-tools/1.2.0-SNAPSHOT/ozone-tools-1.2.0-SNAPSHOT.jar:/home/runner/.m2/repository/org/apache/ratis/ratis-tools/2.1.0-ff8aa66-SNAPSHOT/ratis-tools-2.1.0-ff8aa66-SNAPSHOT.jar:/home/runner/.m2/repository/org/apache/ratis/ratis-proto/2.1.0-ff8aa66-SNAPSHOT/ratis-proto-2.1.0-ff8aa66-SNAPSHOT.jar:/home/runner/.m2/repository/org/apache/ratis/ratis-common/2.1.0-ff8aa66-SNAPSHOT/ratis-common-2.1.0-ff8aa66-SNAPSHOT.jar:/home/runner/.m2/repository/com/amazonaws/aws-java-sdk-core/1.11.901/aws-java-sdk-core-1.11.901.jar:/home/runner/.m2/repository/org/apache/httpcomponents/httpclient/4.5.13/httpclient-4.5.13.jar:/home/runner/.m2/repository/org/apache/httpcomponents/httpcore/4.4.13/httpcore-4.4.13.jar:/home/runner/.m2/repository/software/amazon/ion/ion-java/1.0.2/ion-java-1.0.2.jar:/home/runner/.m2/repository/com/fasterxml/jackson/dataformat/jackson-dataformat-cbor/2.12.1/jackson-dataformat-cbor-2.12.1.jar:/home/runner/.m2/repository/joda-time/joda-time/2.8.1/joda-time-2.8.1.jar:/home/runner/.m2/repository/com/amazonaws/aws-java-sdk-s3/1.11.901/aws-java-sdk-s3-1.11.901.jar:/home/runner/.m2/repository/com/amazonaws/aws-java-sdk-kms/1.11.901/aws-java-sdk-kms-1.11.901.jar:/home/runner/.m2/repository/com/amazonaws/jmespath-java/1.11.901/jmespath-java-1.11.901.jar:/home/runner/.m2/repository/org/kohsuke/metainf-services/metainf-services/1.8/metainf-services-1.8.jar:/home/runner/.m2/repository/org/apache/ozone/hdds-tools/1.2.0-SNAPSHOT/hdds-tools-1.2.0-SNAPSHOT.jar:/home/runner/.m2/repository/commons-cli/commons-cli/1.2/commons-cli-1.2.jar:/home/runner/.m2/repository/org/apache/commons/commons-lang3/3.7/commons-lang3-3.7.jar:/home/runner/.m2/repository/org/apache/ozone/ozone-manager/1.2.0-SNAPSHOT/ozone-manager-1.2.0-SNAPSHOT-tests.jar:/home/runner/.m2/repository/org/apache/ozone/hdds-common/1.2.0-SNAPSHOT/hdds-common-1.2.0-SNAPSHOT-tests.jar:/home/runner/.m2/repository/org/apache/ozone/hdds-hadoop-dependency-client/1.2.0-SNAPSHOT/hdds-hadoop-dependency-client-1.2.0-SNAPSHOT.jar:/home/runner/.m2/repository/info/picocli/picocli/4.4.0/picocli-4.4.0.jar:/home/runner/.m2/repository/com/fasterxml/jackson/core/jackson-annotations/2.12.1/jackson-annotations-2.12.1.jar:/home/runner/.m2/repository/javax/annotation/javax.annotation-api/1.2/javax.annotation-api-1.2.jar:/home/runner/.m2/repository/org/apache/ratis/ratis-server/2.1.0-ff8aa66-SNAPSHOT/ratis-server-2.1.0-ff8aa66-SNAPSHOT.jar:/home/runner/.m2/repository/org/apache/ratis/ratis-client/2.1.0-ff8aa66-SNAPSHOT/ratis-client-2.1.0-ff8aa66-SNAPSHOT.jar:/home/runner/.m2/repository/org/apache/ratis/ratis-server-api/2.1.0-ff8aa66-SNAPSHOT/ratis-server-api-2.1.0-ff8aa66-SNAPSHOT.jar:/home/runner/.m2/repository/org/apache/ratis/ratis-metrics/2.1.0-ff8aa66-SNAPSHOT/ratis-metrics-2.1.0-ff8aa66-SNAPSHOT.jar:/home/runner/.m2/repository/org/apache/ratis/ratis-netty/2.1.0-ff8aa66-SNAPSHOT/ratis-netty-2.1.0-ff8aa66-SNAPSHOT.jar:/home/runner/.m2/repository/org/apache/ratis/ratis-grpc/2.1.0-ff8aa66-SNAPSHOT/ratis-grpc-2.1.0-ff8aa66-SNAPSHOT.jar:/home/runner/.m2/repository/org/apache/logging/log4j/log4j-api/2.13.3/log4j-api-2.13.3.jar:/home/runner/.m2/repository/org/apache/logging/log4j/log4j-core/2.13.3/log4j-core-2.13.3.jar:/home/runner/.m2/repository/com/lmax/disruptor/3.4.2/disruptor-3.4.2.jar:/home/runner/.m2/repository/org/apache/commons/commons-pool2/2.6.0/commons-pool2-2.6.0.jar:/home/runner/.m2/repository/org/bouncycastle/bcpkix-jdk15on/1.67/bcpkix-jdk15on-1.67.jar:/home/runner/.m2/repository/commons-validator/commons-validator/1.6/commons-validator-1.6.jar:/home/runner/.m2/repository/commons-beanutils/commons-beanutils/1.9.4/commons-beanutils-1.9.4.jar:/home/runner/.m2/repository/commons-digester/commons-digester/1.8.1/commons-digester-1.8.1.jar:/home/runner/.m2/repository/commons-collections/commons-collections/3.2.2/commons-collections-3.2.2.jar:/home/runner/.m2/repository/io/jaegertracing/jaeger-client/1.6.0/jaeger-client-1.6.0.jar:/home/runner/.m2/repository/io/jaegertracing/jaeger-thrift/1.6.0/jaeger-thrift-1.6.0.jar:/home/runner/.m2/repository/org/apache/thrift/libthrift/0.14.1/libthrift-0.14.1.jar:/home/runner/.m2/repository/com/squareup/okhttp3/okhttp/4.9.0/okhttp-4.9.0.jar:/home/runner/.m2/repository/com/squareup/okio/okio/2.8.0/okio-2.8.0.jar:/home/runner/.m2/repository/io/jaegertracing/jaeger-core/1.6.0/jaeger-core-1.6.0.jar:/home/runner/.m2/repository/io/jaegertracing/jaeger-tracerresolver/1.6.0/jaeger-tracerresolver-1.6.0.jar:/home/runner/.m2/repository/io/opentracing/contrib/opentracing-tracerresolver/0.1.8/opentracing-tracerresolver-0.1.8.jar:/home/runner/.m2/repository/org/jetbrains/kotlin/kotlin-stdlib/1.4.31/kotlin-stdlib-1.4.31.jar:/home/runner/.m2/repository/org/jetbrains/kotlin/kotlin-stdlib-common/1.4.31/kotlin-stdlib-common-1.4.31.jar:/home/runner/.m2/repository/org/jetbrains/annotations/13.0/annotations-13.0.jar:/home/runner/.m2/repository/io/opentracing/opentracing-util/0.33.0/opentracing-util-0.33.0.jar:/home/runner/.m2/repository/io/opentracing/opentracing-api/0.33.0/opentracing-api-0.33.0.jar:/home/runner/.m2/repository/io/opentracing/opentracing-noop/0.33.0/opentracing-noop-0.33.0.jar:/home/runner/.m2/repository/org/yaml/snakeyaml/1.26/snakeyaml-1.26.jar:/home/runner/.m2/repository/org/apache/ozone/hdds-interface-admin/1.2.0-SNAPSHOT/hdds-interface-admin-1.2.0-SNAPSHOT.jar:/home/runner/.m2/repository/junit/junit/4.13.1/junit-4.13.1.jar:/home/runner/.m2/repository/org/hamcrest/hamcrest-core/1.3/hamcrest-core-1.3.jar:/home/runner/.m2/repository/org/junit/jupiter/junit-jupiter-api/5.7.0/junit-jupiter-api-5.7.0.jar:/home/runner/.m2/repository/org/apiguardian/apiguardian-api/1.1.0/apiguardian-api-1.1.0.jar:/home/runner/.m2/repository/org/opentest4j/opentest4j/1.2.0/opentest4j-1.2.0.jar:/home/runner/.m2/repository/org/junit/platform/junit-platform-commons/1.7.0/junit-platform-commons-1.7.0.jar:/home/runner/.m2/repository/org/junit/jupiter/junit-jupiter-engine/5.7.0/junit-jupiter-engine-5.7.0.jar:/home/runner/.m2/repository/org/junit/platform/junit-platform-engine/1.7.0/junit-platform-engine-1.7.0.jar:/home/runner/.m2/repository/org/junit/vintage/junit-vintage-engine/5.7.0/junit-vintage-engine-5.7.0.jar:/home/runner/.m2/repository/org/junit/platform/junit-platform-launcher/1.7.0/junit-platform-launcher-1.7.0.jar:/home/runner/.m2/repository/org/openjdk/jmh/jmh-core/1.19/jmh-core-1.19.jar:/home/runner/.m2/repository/net/sf/jopt-simple/jopt-simple/4.6/jopt-simple-4.6.jar:/home/runner/.m2/repository/org/apache/commons/commons-math3/3.1.1/commons-math3-3.1.1.jar:/home/runner/.m2/repository/org/openjdk/jmh/jmh-generator-annprocess/1.19/jmh-generator-annprocess-1.19.jar:/home/runner/.m2/repository/org/mockito/mockito-all/1.8.5/mockito-all-1.8.5.jar:/home/runner/.m2/repository/org/apache/hadoop/hadoop-kms/3.2.2/hadoop-kms-3.2.2.jar:/home/runner/.m2/repository/org/apache/hadoop/hadoop-auth/3.2.2/hadoop-auth-3.2.2.jar:/home/runner/.m2/repository/com/nimbusds/nimbus-jose-jwt/7.9/nimbus-jose-jwt-7.9.jar:/home/runner/.m2/repository/com/github/stephenc/jcip/jcip-annotations/1.0-1/jcip-annotations-1.0-1.jar:/home/runner/.m2/repository/net/minidev/json-smart/2.3/json-smart-2.3.jar:/home/runner/.m2/repository/net/minidev/accessors-smart/1.2/accessors-smart-1.2.jar:/home/runner/.m2/repository/org/ow2/asm/asm/5.0.4/asm-5.0.4.jar:/home/runner/.m2/repository/org/apache/zookeeper/zookeeper/3.4.13/zookeeper-3.4.13.jar:/home/runner/.m2/repository/org/apache/yetus/audience-annotations/0.5.0/audience-annotations-0.5.0.jar:/home/runner/.m2/repository/org/apache/curator/curator-framework/2.13.0/curator-framework-2.13.0.jar:/home/runner/.m2/repository/com/sun/jersey/jersey-core/1.19/jersey-core-1.19.jar:/home/runner/.m2/repository/javax/ws/rs/jsr311-api/1.1.1/jsr311-api-1.1.1.jar:/home/runner/.m2/repository/com/sun/jersey/jersey-server/1.19/jersey-server-1.19.jar:/home/runner/.m2/repository/javax/servlet/javax.servlet-api/3.1.0/javax.servlet-api-3.1.0.jar:/home/runner/.m2/repository/org/eclipse/jetty/jetty-server/9.4.35.v20201120/jetty-server-9.4.35.v20201120.jar:/home/runner/.m2/repository/org/eclipse/jetty/jetty-http/9.4.35.v20201120/jetty-http-9.4.35.v20201120.jar:/home/runner/.m2/repository/org/eclipse/jetty/jetty-io/9.4.35.v20201120/jetty-io-9.4.35.v20201120.jar:/home/runner/.m2/repository/org/eclipse/jetty/jetty-webapp/9.4.35.v20201120/jetty-webapp-9.4.35.v20201120.jar:/home/runner/.m2/repository/org/eclipse/jetty/jetty-xml/9.4.35.v20201120/jetty-xml-9.4.35.v20201120.jar:/home/runner/.m2/repository/org/apache/hadoop/hadoop-common/3.2.2/hadoop-common-3.2.2.jar:/home/runner/.m2/repository/commons-net/commons-net/3.6/commons-net-3.6.jar:/home/runner/.m2/repository/javax/activation/javax.activation-api/1.2.0/javax.activation-api-1.2.0.jar:/home/runner/.m2/repository/com/sun/jersey/jersey-servlet/1.19/jersey-servlet-1.19.jar:/home/runner/.m2/repository/com/sun/jersey/jersey-json/1.19/jersey-json-1.19.jar:/home/runner/.m2/repository/org/codehaus/jettison/jettison/1.1/jettison-1.1.jar:/home/runner/.m2/repository/com/sun/xml/bind/jaxb-impl/2.2.3-1/jaxb-impl-2.2.3-1.jar:/home/runner/.m2/repository/org/codehaus/jackson/jackson-jaxrs/1.9.2/jackson-jaxrs-1.9.2.jar:/home/runner/.m2/repository/org/codehaus/jackson/jackson-xc/1.9.2/jackson-xc-1.9.2.jar:/home/runner/.m2/repository/org/apache/commons/commons-configuration2/2.1.1/commons-configuration2-2.1.1.jar:/home/runner/.m2/repository/org/apache/commons/commons-text/1.4/commons-text-1.4.jar:/home/runner/.m2/repository/com/google/re2j/re2j/1.1/re2j-1.1.jar:/home/runner/.m2/repository/com/jcraft/jsch/0.1.54/jsch-0.1.54.jar:/home/runner/.m2/repository/org/apache/curator/curator-client/2.13.0/curator-client-2.13.0.jar:/home/runner/.m2/repository/org/apache/curator/curator-recipes/2.13.0/curator-recipes-2.13.0.jar:/home/runner/.m2/repository/dnsjava/dnsjava/2.1.7/dnsjava-2.1.7.jar:/home/runner/.m2/repository/org/slf4j/jul-to-slf4j/1.7.30/jul-to-slf4j-1.7.30.jar:/home/runner/.m2/repository/org/eclipse/jetty/jetty-util/9.4.35.v20201120/jetty-util-9.4.35.v20201120.jar:/home/runner/.m2/repository/com/fasterxml/jackson/core/jackson-databind/2.12.1/jackson-databind-2.12.1.jar:/home/runner/.m2/repository/org/apache/hadoop/hadoop-kms/3.2.2/hadoop-kms-3.2.2-tests.jar:/home/runner/.m2/repository/org/apache/ozone/hdds-server-scm/1.2.0-SNAPSHOT/hdds-server-scm-1.2.0-SNAPSHOT-tests.jar:/home/runner/.m2/repository/org/apache/ozone/hdds-container-service/1.2.0-SNAPSHOT/hdds-container-service-1.2.0-SNAPSHOT-tests.jar:/home/runner/.m2/repository/commons-codec/commons-codec/1.11/commons-codec-1.11.jar:/home/runner/.m2/repository/io/netty/netty-transport/4.1.63.Final/netty-transport-4.1.63.Final.jar:/home/runner/.m2/repository/io/netty/netty-resolver/4.1.63.Final/netty-resolver-4.1.63.Final.jar:/home/runner/.m2/repository/io/netty/netty-codec/4.1.63.Final/netty-codec-4.1.63.Final.jar:/home/runner/.m2/repository/io/netty/netty-handler/4.1.63.Final/netty-handler-4.1.63.Final.jar:/home/runner/.m2/repository/org/apache/ozone/hdds-hadoop-dependency-test/1.2.0-SNAPSHOT/hdds-hadoop-dependency-test-1.2.0-SNAPSHOT.jar:/home/runner/.m2/repository/org/apache/hadoop/hadoop-common/3.2.2/hadoop-common-3.2.2-tests.jar:/home/runner/.m2/repository/org/apache/hadoop/hadoop-hdfs/3.2.2/hadoop-hdfs-3.2.2-tests.jar:/home/runner/.m2/repository/org/eclipse/jetty/jetty-util-ajax/9.4.35.v20201120/jetty-util-ajax-9.4.35.v20201120.jar:/home/runner/.m2/repository/commons-daemon/commons-daemon/1.0.13/commons-daemon-1.0.13.jar:/home/runner/.m2/repository/io/netty/netty/3.10.6.Final/netty-3.10.6.Final.jar:/home/runner/.m2/repository/io/netty/netty-all/4.1.63.Final/netty-all-4.1.63.Final.jar:/home/runner/.m2/repository/org/apache/htrace/htrace-core4/4.1.0-incubating/htrace-core4-4.1.0-incubating.jar:/home/runner/.m2/repository/org/fusesource/leveldbjni/leveldbjni-all/1.8/leveldbjni-all-1.8.jar:/home/runner/.m2/repository/org/apache/hadoop/hadoop-distcp/3.2.2/hadoop-distcp-3.2.2.jar:/home/runner/.m2/repository/org/apache/hadoop/hadoop-mapreduce-client-jobclient/3.2.2/hadoop-mapreduce-client-jobclient-3.2.2.jar:/home/runner/.m2/repository/org/apache/hadoop/hadoop-mapreduce-client-common/3.2.2/hadoop-mapreduce-client-common-3.2.2.jar:/home/runner/.m2/repository/org/apache/hadoop/hadoop-yarn-common/3.2.2/hadoop-yarn-common-3.2.2.jar:/home/runner/.m2/repository/org/apache/hadoop/hadoop-yarn-api/3.2.2/hadoop-yarn-api-3.2.2.jar:/home/runner/.m2/repository/com/sun/jersey/jersey-client/1.19/jersey-client-1.19.jar:/home/runner/.m2/repository/com/sun/jersey/contribs/jersey-guice/1.19/jersey-guice-1.19.jar:/home/runner/.m2/repository/com/fasterxml/jackson/jaxrs/jackson-jaxrs-json-provider/2.12.1/jackson-jaxrs-json-provider-2.12.1.jar:/home/runner/.m2/repository/com/fasterxml/jackson/jaxrs/jackson-jaxrs-base/2.12.1/jackson-jaxrs-base-2.12.1.jar:/home/runner/.m2/repository/org/apache/hadoop/hadoop-yarn-client/3.2.2/hadoop-yarn-client-3.2.2.jar:/home/runner/.m2/repository/org/apache/hadoop/hadoop-mapreduce-client-core/3.2.2/hadoop-mapreduce-client-core-3.2.2.jar:/home/runner/.m2/repository/org/apache/avro/avro/1.7.7/avro-1.7.7.jar:/home/runner/.m2/repository/org/codehaus/jackson/jackson-core-asl/1.9.13/jackson-core-asl-1.9.13.jar:/home/runner/.m2/repository/org/codehaus/jackson/jackson-mapper-asl/1.9.13/jackson-mapper-asl-1.9.13.jar:/home/runner/.m2/repository/com/thoughtworks/paranamer/paranamer/2.3/paranamer-2.3.jar:/home/runner/.m2/repository/org/xerial/snappy/snappy-java/1.0.5/snappy-java-1.0.5.jar:/home/runner/.m2/repository/org/apache/hadoop/hadoop-annotations/3.2.2/hadoop-annotations-3.2.2.jar:/usr/lib/jvm/adoptopenjdk-8-hotspot-amd64/jre/../lib/tools.jar:/home/runner/.m2/repository/org/apache/hadoop/hadoop-distcp/3.2.2/hadoop-distcp-3.2.2-tests.jar:"/>
    <property name="java.vm.vendor" value="AdoptOpenJDK"/>
    <property name="sun.arch.data.model" value="64"/>
    <property name="test.build.dir" value="/home/runner/work/ozone/ozone/mnt/ozone/hadoop-ozone/integration-test/target/test-dir"/>
    <property name="test.cache.data" value=""/>
    <property name="java.vendor.url" value="https://adoptopenjdk.net/"/>
    <property name="user.timezone" value=""/>
    <property name="java.vm.specification.version" value="1.8"/>
    <property name="os.name" value="Linux"/>
    <property name="test.build.data" value="/home/runner/work/ozone/ozone/mnt/ozone/hadoop-ozone/integration-test/target/test-dir"/>
    <property name="sun.java.launcher" value="SUN_STANDARD"/>
    <property name="sun.boot.library.path" value="/usr/lib/jvm/adoptopenjdk-8-hotspot-amd64/jre/lib/amd64"/>
    <property name="sun.java.command" value="/home/runner/work/ozone/ozone/mnt/ozone/hadoop-ozone/integration-test/target/surefire/surefirebooter597301782219116805.jar /home/runner/work/ozone/ozone/mnt/ozone/hadoop-ozone/integration-test/target/surefire 2021-06-21T16-27-35_230-jvmRun1 surefire7079469943399504500tmp surefire_865152525433208392738tmp"/>
    <property name="surefire.test.class.path" value="/home/runner/work/ozone/ozone/mnt/ozone/hadoop-ozone/integration-test/target/test-classes:/home/runner/work/ozone/ozone/mnt/ozone/hadoop-ozone/integration-test/target/classes:/home/runner/.m2/repository/org/apache/ozone/ozone-common/1.2.0-SNAPSHOT/ozone-common-1.2.0-SNAPSHOT.jar:/home/runner/.m2/repository/org/apache/commons/commons-compress/1.20/commons-compress-1.20.jar:/home/runner/.m2/repository/org/apache/ozone/hdds-common/1.2.0-SNAPSHOT/hdds-common-1.2.0-SNAPSHOT.jar:/home/runner/.m2/repository/org/apache/ozone/hdds-client/1.2.0-SNAPSHOT/hdds-client-1.2.0-SNAPSHOT.jar:/home/runner/.m2/repository/org/apache/ozone/ozone-interface-client/1.2.0-SNAPSHOT/ozone-interface-client-1.2.0-SNAPSHOT.jar:/home/runner/.m2/repository/org/apache/ozone/hdds-test-utils/1.2.0-SNAPSHOT/hdds-test-utils-1.2.0-SNAPSHOT.jar:/home/runner/.m2/repository/com/google/guava/guava/30.1.1-jre/guava-30.1.1-jre.jar:/home/runner/.m2/repository/com/google/guava/failureaccess/1.0.1/failureaccess-1.0.1.jar:/home/runner/.m2/repository/com/google/guava/listenablefuture/9999.0-empty-to-avoid-conflict-with-guava/listenablefuture-9999.0-empty-to-avoid-conflict-with-guava.jar:/home/runner/.m2/repository/com/google/code/findbugs/jsr305/3.0.0/jsr305-3.0.0.jar:/home/runner/.m2/repository/org/checkerframework/checker-qual/3.8.0/checker-qual-3.8.0.jar:/home/runner/.m2/repository/com/google/errorprone/error_prone_annotations/2.2.0/error_prone_annotations-2.2.0.jar:/home/runner/.m2/repository/com/google/j2objc/j2objc-annotations/1.3/j2objc-annotations-1.3.jar:/home/runner/.m2/repository/commons-io/commons-io/2.8.0/commons-io-2.8.0.jar:/home/runner/.m2/repository/commons-logging/commons-logging/1.2/commons-logging-1.2.jar:/home/runner/.m2/repository/log4j/log4j/1.2.17/log4j-1.2.17.jar:/home/runner/.m2/repository/org/slf4j/slf4j-api/1.7.30/slf4j-api-1.7.30.jar:/home/runner/.m2/repository/org/apache/ozone/hdds-server-scm/1.2.0-SNAPSHOT/hdds-server-scm-1.2.0-SNAPSHOT.jar:/home/runner/.m2/repository/org/apache/ozone/hdds-container-service/1.2.0-SNAPSHOT/hdds-container-service-1.2.0-SNAPSHOT.jar:/home/runner/.m2/repository/org/apache/ozone/hdds-hadoop-dependency-server/1.2.0-SNAPSHOT/hdds-hadoop-dependency-server-1.2.0-SNAPSHOT.jar:/home/runner/.m2/repository/org/apache/hadoop/hadoop-hdfs/3.2.2/hadoop-hdfs-3.2.2.jar:/home/runner/.m2/repository/org/apache/ozone/hdds-server-framework/1.2.0-SNAPSHOT/hdds-server-framework-1.2.0-SNAPSHOT.jar:/home/runner/.m2/repository/org/apache/ozone/hdds-interface-server/1.2.0-SNAPSHOT/hdds-interface-server-1.2.0-SNAPSHOT.jar:/home/runner/.m2/repository/org/eclipse/jetty/jetty-servlet/9.4.35.v20201120/jetty-servlet-9.4.35.v20201120.jar:/home/runner/.m2/repository/org/eclipse/jetty/jetty-security/9.4.35.v20201120/jetty-security-9.4.35.v20201120.jar:/home/runner/.m2/repository/org/rocksdb/rocksdbjni/6.20.3/rocksdbjni-6.20.3.jar:/home/runner/.m2/repository/io/prometheus/simpleclient_dropwizard/0.7.0/simpleclient_dropwizard-0.7.0.jar:/home/runner/.m2/repository/io/prometheus/simpleclient/0.7.0/simpleclient-0.7.0.jar:/home/runner/.m2/repository/io/prometheus/simpleclient_common/0.7.0/simpleclient_common-0.7.0.jar:/home/runner/.m2/repository/com/fasterxml/jackson/datatype/jackson-datatype-jsr310/2.12.1/jackson-datatype-jsr310-2.12.1.jar:/home/runner/.m2/repository/io/dropwizard/metrics/metrics-core/3.2.4/metrics-core-3.2.4.jar:/home/runner/.m2/repository/org/apache/hadoop/hadoop-hdfs-client/3.2.2/hadoop-hdfs-client-3.2.2.jar:/home/runner/.m2/repository/org/bouncycastle/bcprov-jdk15on/1.67/bcprov-jdk15on-1.67.jar:/home/runner/.m2/repository/com/google/protobuf/protobuf-java/2.5.0/protobuf-java-2.5.0.jar:/home/runner/.m2/repository/org/apache/ozone/ozone-manager/1.2.0-SNAPSHOT/ozone-manager-1.2.0-SNAPSHOT.jar:/home/runner/.m2/repository/org/apache/ozone/hdds-interface-client/1.2.0-SNAPSHOT/hdds-interface-client-1.2.0-SNAPSHOT.jar:/home/runner/.m2/repository/org/apache/ratis/ratis-thirdparty-misc/0.7.0-a398b19-SNAPSHOT/ratis-thirdparty-misc-0.7.0-a398b19-SNAPSHOT.jar:/home/runner/.m2/repository/org/apache/ozone/ozone-interface-storage/1.2.0-SNAPSHOT/ozone-interface-storage-1.2.0-SNAPSHOT.jar:/home/runner/.m2/repository/org/apache/hadoop/hadoop-minikdc/3.2.2/hadoop-minikdc-3.2.2.jar:/home/runner/.m2/repository/org/apache/kerby/kerb-simplekdc/1.0.1/kerb-simplekdc-1.0.1.jar:/home/runner/.m2/repository/org/apache/kerby/kerb-client/1.0.1/kerb-client-1.0.1.jar:/home/runner/.m2/repository/org/apache/kerby/kerby-config/1.0.1/kerby-config-1.0.1.jar:/home/runner/.m2/repository/org/apache/kerby/kerb-core/1.0.1/kerb-core-1.0.1.jar:/home/runner/.m2/repository/org/apache/kerby/kerby-pkix/1.0.1/kerby-pkix-1.0.1.jar:/home/runner/.m2/repository/org/apache/kerby/kerby-asn1/1.0.1/kerby-asn1-1.0.1.jar:/home/runner/.m2/repository/org/apache/kerby/kerby-util/1.0.1/kerby-util-1.0.1.jar:/home/runner/.m2/repository/org/apache/kerby/kerb-common/1.0.1/kerb-common-1.0.1.jar:/home/runner/.m2/repository/org/apache/kerby/kerb-crypto/1.0.1/kerb-crypto-1.0.1.jar:/home/runner/.m2/repository/org/apache/kerby/kerb-util/1.0.1/kerb-util-1.0.1.jar:/home/runner/.m2/repository/org/apache/kerby/token-provider/1.0.1/token-provider-1.0.1.jar:/home/runner/.m2/repository/org/apache/kerby/kerb-admin/1.0.1/kerb-admin-1.0.1.jar:/home/runner/.m2/repository/org/apache/kerby/kerb-server/1.0.1/kerb-server-1.0.1.jar:/home/runner/.m2/repository/org/apache/kerby/kerb-identity/1.0.1/kerb-identity-1.0.1.jar:/home/runner/.m2/repository/org/apache/kerby/kerby-xdr/1.0.1/kerby-xdr-1.0.1.jar:/home/runner/.m2/repository/org/slf4j/slf4j-log4j12/1.7.30/slf4j-log4j12-1.7.30.jar:/home/runner/.m2/repository/org/apache/ozone/ozone-s3gateway/1.2.0-SNAPSHOT/ozone-s3gateway-1.2.0-SNAPSHOT.jar:/home/runner/.m2/repository/org/jboss/weld/servlet/weld-servlet/2.4.7.Final/weld-servlet-2.4.7.Final.jar:/home/runner/.m2/repository/org/glassfish/jersey/containers/jersey-container-servlet-core/2.33/jersey-container-servlet-core-2.33.jar:/home/runner/.m2/repository/org/glassfish/hk2/external/jakarta.inject/2.6.1/jakarta.inject-2.6.1.jar:/home/runner/.m2/repository/org/glassfish/jersey/core/jersey-common/2.33/jersey-common-2.33.jar:/home/runner/.m2/repository/jakarta/ws/rs/jakarta.ws.rs-api/2.1.6/jakarta.ws.rs-api-2.1.6.jar:/home/runner/.m2/repository/org/glassfish/jersey/ext/cdi/jersey-cdi1x/2.33/jersey-cdi1x-2.33.jar:/home/runner/.m2/repository/org/glassfish/jersey/inject/jersey-hk2/2.33/jersey-hk2-2.33.jar:/home/runner/.m2/repository/org/glassfish/hk2/hk2-locator/2.6.1/hk2-locator-2.6.1.jar:/home/runner/.m2/repository/org/javassist/javassist/3.25.0-GA/javassist-3.25.0-GA.jar:/home/runner/.m2/repository/org/glassfish/jersey/media/jersey-media-jaxb/2.33/jersey-media-jaxb-2.33.jar:/home/runner/.m2/repository/org/glassfish/hk2/osgi-resource-locator/1.0.3/osgi-resource-locator-1.0.3.jar:/home/runner/.m2/repository/org/glassfish/hk2/hk2-api/2.5.0/hk2-api-2.5.0.jar:/home/runner/.m2/repository/org/glassfish/hk2/hk2-utils/2.5.0/hk2-utils-2.5.0.jar:/home/runner/.m2/repository/org/glassfish/hk2/external/aopalliance-repackaged/2.5.0/aopalliance-repackaged-2.5.0.jar:/home/runner/.m2/repository/com/fasterxml/jackson/dataformat/jackson-dataformat-xml/2.12.1/jackson-dataformat-xml-2.12.1.jar:/home/runner/.m2/repository/com/fasterxml/jackson/core/jackson-core/2.12.1/jackson-core-2.12.1.jar:/home/runner/.m2/repository/com/fasterxml/jackson/module/jackson-module-jaxb-annotations/2.12.1/jackson-module-jaxb-annotations-2.12.1.jar:/home/runner/.m2/repository/jakarta/xml/bind/jakarta.xml.bind-api/2.3.2/jakarta.xml.bind-api-2.3.2.jar:/home/runner/.m2/repository/jakarta/activation/jakarta.activation-api/1.2.1/jakarta.activation-api-1.2.1.jar:/home/runner/.m2/repository/org/codehaus/woodstox/stax2-api/3.1.4/stax2-api-3.1.4.jar:/home/runner/.m2/repository/com/fasterxml/woodstox/woodstox-core/5.0.3/woodstox-core-5.0.3.jar:/home/runner/.m2/repository/javax/enterprise/cdi-api/1.2/cdi-api-1.2.jar:/home/runner/.m2/repository/javax/el/javax.el-api/3.0.0/javax.el-api-3.0.0.jar:/home/runner/.m2/repository/javax/interceptor/javax.interceptor-api/1.2/javax.interceptor-api-1.2.jar:/home/runner/.m2/repository/javax/inject/javax.inject/1/javax.inject-1.jar:/home/runner/.m2/repository/javax/xml/bind/jaxb-api/2.3.0/jaxb-api-2.3.0.jar:/home/runner/.m2/repository/org/glassfish/jaxb/jaxb-runtime/2.3.0.1/jaxb-runtime-2.3.0.1.jar:/home/runner/.m2/repository/org/glassfish/jaxb/jaxb-core/2.3.0.1/jaxb-core-2.3.0.1.jar:/home/runner/.m2/repository/org/glassfish/jaxb/txw2/2.3.0.1/txw2-2.3.0.1.jar:/home/runner/.m2/repository/com/sun/istack/istack-commons-runtime/3.0.5/istack-commons-runtime-3.0.5.jar:/home/runner/.m2/repository/org/jvnet/staxex/stax-ex/1.7.8/stax-ex-1.7.8.jar:/home/runner/.m2/repository/com/sun/xml/fastinfoset/FastInfoset/1.2.13/FastInfoset-1.2.13.jar:/home/runner/.m2/repository/javax/activation/activation/1.1.1/activation-1.1.1.jar:/home/runner/.m2/repository/org/apache/ozone/ozone-csi/1.2.0-SNAPSHOT/ozone-csi-1.2.0-SNAPSHOT.jar:/home/runner/.m2/repository/com/google/protobuf/protobuf-java-util/3.12.0/protobuf-java-util-3.12.0.jar:/home/runner/.m2/repository/com/google/code/gson/gson/2.2.4/gson-2.2.4.jar:/home/runner/.m2/repository/org/apache/ozone/hdds-config/1.2.0-SNAPSHOT/hdds-config-1.2.0-SNAPSHOT.jar:/home/runner/.m2/repository/io/grpc/grpc-netty/1.33.0/grpc-netty-1.33.0.jar:/home/runner/.m2/repository/io/grpc/grpc-core/1.33.0/grpc-core-1.33.0.jar:/home/runner/.m2/repository/com/google/android/annotations/4.1.1.4/annotations-4.1.1.4.jar:/home/runner/.m2/repository/io/netty/netty-codec-http2/4.1.63.Final/netty-codec-http2-4.1.63.Final.jar:/home/runner/.m2/repository/io/netty/netty-codec-http/4.1.63.Final/netty-codec-http-4.1.63.Final.jar:/home/runner/.m2/repository/io/netty/netty-handler-proxy/4.1.63.Final/netty-handler-proxy-4.1.63.Final.jar:/home/runner/.m2/repository/io/netty/netty-codec-socks/4.1.63.Final/netty-codec-socks-4.1.63.Final.jar:/home/runner/.m2/repository/io/perfmark/perfmark-api/0.19.0/perfmark-api-0.19.0.jar:/home/runner/.m2/repository/org/codehaus/mojo/animal-sniffer-annotations/1.18/animal-sniffer-annotations-1.18.jar:/home/runner/.m2/repository/io/netty/netty-transport-native-epoll/4.1.63.Final/netty-transport-native-epoll-4.1.63.Final.jar:/home/runner/.m2/repository/io/netty/netty-common/4.1.63.Final/netty-common-4.1.63.Final.jar:/home/runner/.m2/repository/io/netty/netty-buffer/4.1.63.Final/netty-buffer-4.1.63.Final.jar:/home/runner/.m2/repository/io/netty/netty-transport-native-unix-common/4.1.63.Final/netty-transport-native-unix-common-4.1.63.Final.jar:/home/runner/.m2/repository/io/grpc/grpc-protobuf/1.33.0/grpc-protobuf-1.33.0.jar:/home/runner/.m2/repository/io/grpc/grpc-api/1.33.0/grpc-api-1.33.0.jar:/home/runner/.m2/repository/io/grpc/grpc-context/1.33.0/grpc-context-1.33.0.jar:/home/runner/.m2/repository/com/google/api/grpc/proto-google-common-protos/1.17.0/proto-google-common-protos-1.17.0.jar:/home/runner/.m2/repository/io/grpc/grpc-protobuf-lite/1.33.0/grpc-protobuf-lite-1.33.0.jar:/home/runner/.m2/repository/io/grpc/grpc-stub/1.33.0/grpc-stub-1.33.0.jar:/home/runner/.m2/repository/org/apache/ozone/ozone-recon/1.2.0-SNAPSHOT/ozone-recon-1.2.0-SNAPSHOT.jar:/home/runner/.m2/repository/org/apache/ozone/ozone-reconcodegen/1.2.0-SNAPSHOT/ozone-reconcodegen-1.2.0-SNAPSHOT.jar:/home/runner/.m2/repository/com/google/inject/extensions/guice-multibindings/4.0/guice-multibindings-4.0.jar:/home/runner/.m2/repository/com/google/inject/guice/4.0/guice-4.0.jar:/home/runner/.m2/repository/aopalliance/aopalliance/1.0/aopalliance-1.0.jar:/home/runner/.m2/repository/com/google/inject/extensions/guice-assistedinject/4.0/guice-assistedinject-4.0.jar:/home/runner/.m2/repository/com/google/inject/extensions/guice-servlet/4.0/guice-servlet-4.0.jar:/home/runner/.m2/repository/org/glassfish/jersey/containers/jersey-container-servlet/2.33/jersey-container-servlet-2.33.jar:/home/runner/.m2/repository/org/glassfish/hk2/guice-bridge/2.5.0/guice-bridge-2.5.0.jar:/home/runner/.m2/repository/org/glassfish/jersey/core/jersey-server/2.33/jersey-server-2.33.jar:/home/runner/.m2/repository/org/glassfish/jersey/core/jersey-client/2.33/jersey-client-2.33.jar:/home/runner/.m2/repository/jakarta/annotation/jakarta.annotation-api/1.3.5/jakarta.annotation-api-1.3.5.jar:/home/runner/.m2/repository/jakarta/validation/jakarta.validation-api/2.0.2/jakarta.validation-api-2.0.2.jar:/home/runner/.m2/repository/org/glassfish/jersey/media/jersey-media-json-jackson/2.33/jersey-media-json-jackson-2.33.jar:/home/runner/.m2/repository/org/glassfish/jersey/ext/jersey-entity-filtering/2.33/jersey-entity-filtering-2.33.jar:/home/runner/.m2/repository/org/jooq/jooq/3.11.10/jooq-3.11.10.jar:/home/runner/.m2/repository/org/jooq/jooq-meta/3.11.10/jooq-meta-3.11.10.jar:/home/runner/.m2/repository/org/jooq/jooq-codegen/3.11.10/jooq-codegen-3.11.10.jar:/home/runner/.m2/repository/com/jolbox/bonecp/0.8.0.RELEASE/bonecp-0.8.0.RELEASE.jar:/home/runner/.m2/repository/org/apache/derby/derby/10.14.2.0/derby-10.14.2.0.jar:/home/runner/.m2/repository/org/xerial/sqlite-jdbc/3.25.2/sqlite-jdbc-3.25.2.jar:/home/runner/.m2/repository/org/springframework/spring-jdbc/5.2.11.RELEASE/spring-jdbc-5.2.11.RELEASE.jar:/home/runner/.m2/repository/org/springframework/spring-beans/5.2.11.RELEASE/spring-beans-5.2.11.RELEASE.jar:/home/runner/.m2/repository/org/springframework/spring-core/5.2.11.RELEASE/spring-core-5.2.11.RELEASE.jar:/home/runner/.m2/repository/org/springframework/spring-jcl/5.2.11.RELEASE/spring-jcl-5.2.11.RELEASE.jar:/home/runner/.m2/repository/org/springframework/spring-tx/5.2.11.RELEASE/spring-tx-5.2.11.RELEASE.jar:/home/runner/.m2/repository/org/apache/ozone/ozone-client/1.2.0-SNAPSHOT/ozone-client-1.2.0-SNAPSHOT.jar:/home/runner/.m2/repository/org/apache/ozone/ozone-filesystem/1.2.0-SNAPSHOT/ozone-filesystem-1.2.0-SNAPSHOT.jar:/home/runner/.m2/repository/org/apache/ozone/ozone-filesystem-common/1.2.0-SNAPSHOT/ozone-filesystem-common-1.2.0-SNAPSHOT.jar:/home/runner/.m2/repository/org/apache/ozone/ozone-tools/1.2.0-SNAPSHOT/ozone-tools-1.2.0-SNAPSHOT.jar:/home/runner/.m2/repository/org/apache/ratis/ratis-tools/2.1.0-ff8aa66-SNAPSHOT/ratis-tools-2.1.0-ff8aa66-SNAPSHOT.jar:/home/runner/.m2/repository/org/apache/ratis/ratis-proto/2.1.0-ff8aa66-SNAPSHOT/ratis-proto-2.1.0-ff8aa66-SNAPSHOT.jar:/home/runner/.m2/repository/org/apache/ratis/ratis-common/2.1.0-ff8aa66-SNAPSHOT/ratis-common-2.1.0-ff8aa66-SNAPSHOT.jar:/home/runner/.m2/repository/com/amazonaws/aws-java-sdk-core/1.11.901/aws-java-sdk-core-1.11.901.jar:/home/runner/.m2/repository/org/apache/httpcomponents/httpclient/4.5.13/httpclient-4.5.13.jar:/home/runner/.m2/repository/org/apache/httpcomponents/httpcore/4.4.13/httpcore-4.4.13.jar:/home/runner/.m2/repository/software/amazon/ion/ion-java/1.0.2/ion-java-1.0.2.jar:/home/runner/.m2/repository/com/fasterxml/jackson/dataformat/jackson-dataformat-cbor/2.12.1/jackson-dataformat-cbor-2.12.1.jar:/home/runner/.m2/repository/joda-time/joda-time/2.8.1/joda-time-2.8.1.jar:/home/runner/.m2/repository/com/amazonaws/aws-java-sdk-s3/1.11.901/aws-java-sdk-s3-1.11.901.jar:/home/runner/.m2/repository/com/amazonaws/aws-java-sdk-kms/1.11.901/aws-java-sdk-kms-1.11.901.jar:/home/runner/.m2/repository/com/amazonaws/jmespath-java/1.11.901/jmespath-java-1.11.901.jar:/home/runner/.m2/repository/org/kohsuke/metainf-services/metainf-services/1.8/metainf-services-1.8.jar:/home/runner/.m2/repository/org/apache/ozone/hdds-tools/1.2.0-SNAPSHOT/hdds-tools-1.2.0-SNAPSHOT.jar:/home/runner/.m2/repository/commons-cli/commons-cli/1.2/commons-cli-1.2.jar:/home/runner/.m2/repository/org/apache/commons/commons-lang3/3.7/commons-lang3-3.7.jar:/home/runner/.m2/repository/org/apache/ozone/ozone-manager/1.2.0-SNAPSHOT/ozone-manager-1.2.0-SNAPSHOT-tests.jar:/home/runner/.m2/repository/org/apache/ozone/hdds-common/1.2.0-SNAPSHOT/hdds-common-1.2.0-SNAPSHOT-tests.jar:/home/runner/.m2/repository/org/apache/ozone/hdds-hadoop-dependency-client/1.2.0-SNAPSHOT/hdds-hadoop-dependency-client-1.2.0-SNAPSHOT.jar:/home/runner/.m2/repository/info/picocli/picocli/4.4.0/picocli-4.4.0.jar:/home/runner/.m2/repository/com/fasterxml/jackson/core/jackson-annotations/2.12.1/jackson-annotations-2.12.1.jar:/home/runner/.m2/repository/javax/annotation/javax.annotation-api/1.2/javax.annotation-api-1.2.jar:/home/runner/.m2/repository/org/apache/ratis/ratis-server/2.1.0-ff8aa66-SNAPSHOT/ratis-server-2.1.0-ff8aa66-SNAPSHOT.jar:/home/runner/.m2/repository/org/apache/ratis/ratis-client/2.1.0-ff8aa66-SNAPSHOT/ratis-client-2.1.0-ff8aa66-SNAPSHOT.jar:/home/runner/.m2/repository/org/apache/ratis/ratis-server-api/2.1.0-ff8aa66-SNAPSHOT/ratis-server-api-2.1.0-ff8aa66-SNAPSHOT.jar:/home/runner/.m2/repository/org/apache/ratis/ratis-metrics/2.1.0-ff8aa66-SNAPSHOT/ratis-metrics-2.1.0-ff8aa66-SNAPSHOT.jar:/home/runner/.m2/repository/org/apache/ratis/ratis-netty/2.1.0-ff8aa66-SNAPSHOT/ratis-netty-2.1.0-ff8aa66-SNAPSHOT.jar:/home/runner/.m2/repository/org/apache/ratis/ratis-grpc/2.1.0-ff8aa66-SNAPSHOT/ratis-grpc-2.1.0-ff8aa66-SNAPSHOT.jar:/home/runner/.m2/repository/org/apache/logging/log4j/log4j-api/2.13.3/log4j-api-2.13.3.jar:/home/runner/.m2/repository/org/apache/logging/log4j/log4j-core/2.13.3/log4j-core-2.13.3.jar:/home/runner/.m2/repository/com/lmax/disruptor/3.4.2/disruptor-3.4.2.jar:/home/runner/.m2/repository/org/apache/commons/commons-pool2/2.6.0/commons-pool2-2.6.0.jar:/home/runner/.m2/repository/org/bouncycastle/bcpkix-jdk15on/1.67/bcpkix-jdk15on-1.67.jar:/home/runner/.m2/repository/commons-validator/commons-validator/1.6/commons-validator-1.6.jar:/home/runner/.m2/repository/commons-beanutils/commons-beanutils/1.9.4/commons-beanutils-1.9.4.jar:/home/runner/.m2/repository/commons-digester/commons-digester/1.8.1/commons-digester-1.8.1.jar:/home/runner/.m2/repository/commons-collections/commons-collections/3.2.2/commons-collections-3.2.2.jar:/home/runner/.m2/repository/io/jaegertracing/jaeger-client/1.6.0/jaeger-client-1.6.0.jar:/home/runner/.m2/repository/io/jaegertracing/jaeger-thrift/1.6.0/jaeger-thrift-1.6.0.jar:/home/runner/.m2/repository/org/apache/thrift/libthrift/0.14.1/libthrift-0.14.1.jar:/home/runner/.m2/repository/com/squareup/okhttp3/okhttp/4.9.0/okhttp-4.9.0.jar:/home/runner/.m2/repository/com/squareup/okio/okio/2.8.0/okio-2.8.0.jar:/home/runner/.m2/repository/io/jaegertracing/jaeger-core/1.6.0/jaeger-core-1.6.0.jar:/home/runner/.m2/repository/io/jaegertracing/jaeger-tracerresolver/1.6.0/jaeger-tracerresolver-1.6.0.jar:/home/runner/.m2/repository/io/opentracing/contrib/opentracing-tracerresolver/0.1.8/opentracing-tracerresolver-0.1.8.jar:/home/runner/.m2/repository/org/jetbrains/kotlin/kotlin-stdlib/1.4.31/kotlin-stdlib-1.4.31.jar:/home/runner/.m2/repository/org/jetbrains/kotlin/kotlin-stdlib-common/1.4.31/kotlin-stdlib-common-1.4.31.jar:/home/runner/.m2/repository/org/jetbrains/annotations/13.0/annotations-13.0.jar:/home/runner/.m2/repository/io/opentracing/opentracing-util/0.33.0/opentracing-util-0.33.0.jar:/home/runner/.m2/repository/io/opentracing/opentracing-api/0.33.0/opentracing-api-0.33.0.jar:/home/runner/.m2/repository/io/opentracing/opentracing-noop/0.33.0/opentracing-noop-0.33.0.jar:/home/runner/.m2/repository/org/yaml/snakeyaml/1.26/snakeyaml-1.26.jar:/home/runner/.m2/repository/org/apache/ozone/hdds-interface-admin/1.2.0-SNAPSHOT/hdds-interface-admin-1.2.0-SNAPSHOT.jar:/home/runner/.m2/repository/junit/junit/4.13.1/junit-4.13.1.jar:/home/runner/.m2/repository/org/hamcrest/hamcrest-core/1.3/hamcrest-core-1.3.jar:/home/runner/.m2/repository/org/junit/jupiter/junit-jupiter-api/5.7.0/junit-jupiter-api-5.7.0.jar:/home/runner/.m2/repository/org/apiguardian/apiguardian-api/1.1.0/apiguardian-api-1.1.0.jar:/home/runner/.m2/repository/org/opentest4j/opentest4j/1.2.0/opentest4j-1.2.0.jar:/home/runner/.m2/repository/org/junit/platform/junit-platform-commons/1.7.0/junit-platform-commons-1.7.0.jar:/home/runner/.m2/repository/org/junit/jupiter/junit-jupiter-engine/5.7.0/junit-jupiter-engine-5.7.0.jar:/home/runner/.m2/repository/org/junit/platform/junit-platform-engine/1.7.0/junit-platform-engine-1.7.0.jar:/home/runner/.m2/repository/org/junit/vintage/junit-vintage-engine/5.7.0/junit-vintage-engine-5.7.0.jar:/home/runner/.m2/repository/org/junit/platform/junit-platform-launcher/1.7.0/junit-platform-launcher-1.7.0.jar:/home/runner/.m2/repository/org/openjdk/jmh/jmh-core/1.19/jmh-core-1.19.jar:/home/runner/.m2/repository/net/sf/jopt-simple/jopt-simple/4.6/jopt-simple-4.6.jar:/home/runner/.m2/repository/org/apache/commons/commons-math3/3.1.1/commons-math3-3.1.1.jar:/home/runner/.m2/repository/org/openjdk/jmh/jmh-generator-annprocess/1.19/jmh-generator-annprocess-1.19.jar:/home/runner/.m2/repository/org/mockito/mockito-all/1.8.5/mockito-all-1.8.5.jar:/home/runner/.m2/repository/org/apache/hadoop/hadoop-kms/3.2.2/hadoop-kms-3.2.2.jar:/home/runner/.m2/repository/org/apache/hadoop/hadoop-auth/3.2.2/hadoop-auth-3.2.2.jar:/home/runner/.m2/repository/com/nimbusds/nimbus-jose-jwt/7.9/nimbus-jose-jwt-7.9.jar:/home/runner/.m2/repository/com/github/stephenc/jcip/jcip-annotations/1.0-1/jcip-annotations-1.0-1.jar:/home/runner/.m2/repository/net/minidev/json-smart/2.3/json-smart-2.3.jar:/home/runner/.m2/repository/net/minidev/accessors-smart/1.2/accessors-smart-1.2.jar:/home/runner/.m2/repository/org/ow2/asm/asm/5.0.4/asm-5.0.4.jar:/home/runner/.m2/repository/org/apache/zookeeper/zookeeper/3.4.13/zookeeper-3.4.13.jar:/home/runner/.m2/repository/org/apache/yetus/audience-annotations/0.5.0/audience-annotations-0.5.0.jar:/home/runner/.m2/repository/org/apache/curator/curator-framework/2.13.0/curator-framework-2.13.0.jar:/home/runner/.m2/repository/com/sun/jersey/jersey-core/1.19/jersey-core-1.19.jar:/home/runner/.m2/repository/javax/ws/rs/jsr311-api/1.1.1/jsr311-api-1.1.1.jar:/home/runner/.m2/repository/com/sun/jersey/jersey-server/1.19/jersey-server-1.19.jar:/home/runner/.m2/repository/javax/servlet/javax.servlet-api/3.1.0/javax.servlet-api-3.1.0.jar:/home/runner/.m2/repository/org/eclipse/jetty/jetty-server/9.4.35.v20201120/jetty-server-9.4.35.v20201120.jar:/home/runner/.m2/repository/org/eclipse/jetty/jetty-http/9.4.35.v20201120/jetty-http-9.4.35.v20201120.jar:/home/runner/.m2/repository/org/eclipse/jetty/jetty-io/9.4.35.v20201120/jetty-io-9.4.35.v20201120.jar:/home/runner/.m2/repository/org/eclipse/jetty/jetty-webapp/9.4.35.v20201120/jetty-webapp-9.4.35.v20201120.jar:/home/runner/.m2/repository/org/eclipse/jetty/jetty-xml/9.4.35.v20201120/jetty-xml-9.4.35.v20201120.jar:/home/runner/.m2/repository/org/apache/hadoop/hadoop-common/3.2.2/hadoop-common-3.2.2.jar:/home/runner/.m2/repository/commons-net/commons-net/3.6/commons-net-3.6.jar:/home/runner/.m2/repository/javax/activation/javax.activation-api/1.2.0/javax.activation-api-1.2.0.jar:/home/runner/.m2/repository/com/sun/jersey/jersey-servlet/1.19/jersey-servlet-1.19.jar:/home/runner/.m2/repository/com/sun/jersey/jersey-json/1.19/jersey-json-1.19.jar:/home/runner/.m2/repository/org/codehaus/jettison/jettison/1.1/jettison-1.1.jar:/home/runner/.m2/repository/com/sun/xml/bind/jaxb-impl/2.2.3-1/jaxb-impl-2.2.3-1.jar:/home/runner/.m2/repository/org/codehaus/jackson/jackson-jaxrs/1.9.2/jackson-jaxrs-1.9.2.jar:/home/runner/.m2/repository/org/codehaus/jackson/jackson-xc/1.9.2/jackson-xc-1.9.2.jar:/home/runner/.m2/repository/org/apache/commons/commons-configuration2/2.1.1/commons-configuration2-2.1.1.jar:/home/runner/.m2/repository/org/apache/commons/commons-text/1.4/commons-text-1.4.jar:/home/runner/.m2/repository/com/google/re2j/re2j/1.1/re2j-1.1.jar:/home/runner/.m2/repository/com/jcraft/jsch/0.1.54/jsch-0.1.54.jar:/home/runner/.m2/repository/org/apache/curator/curator-client/2.13.0/curator-client-2.13.0.jar:/home/runner/.m2/repository/org/apache/curator/curator-recipes/2.13.0/curator-recipes-2.13.0.jar:/home/runner/.m2/repository/dnsjava/dnsjava/2.1.7/dnsjava-2.1.7.jar:/home/runner/.m2/repository/org/slf4j/jul-to-slf4j/1.7.30/jul-to-slf4j-1.7.30.jar:/home/runner/.m2/repository/org/eclipse/jetty/jetty-util/9.4.35.v20201120/jetty-util-9.4.35.v20201120.jar:/home/runner/.m2/repository/com/fasterxml/jackson/core/jackson-databind/2.12.1/jackson-databind-2.12.1.jar:/home/runner/.m2/repository/org/apache/hadoop/hadoop-kms/3.2.2/hadoop-kms-3.2.2-tests.jar:/home/runner/.m2/repository/org/apache/ozone/hdds-server-scm/1.2.0-SNAPSHOT/hdds-server-scm-1.2.0-SNAPSHOT-tests.jar:/home/runner/.m2/repository/org/apache/ozone/hdds-container-service/1.2.0-SNAPSHOT/hdds-container-service-1.2.0-SNAPSHOT-tests.jar:/home/runner/.m2/repository/commons-codec/commons-codec/1.11/commons-codec-1.11.jar:/home/runner/.m2/repository/io/netty/netty-transport/4.1.63.Final/netty-transport-4.1.63.Final.jar:/home/runner/.m2/repository/io/netty/netty-resolver/4.1.63.Final/netty-resolver-4.1.63.Final.jar:/home/runner/.m2/repository/io/netty/netty-codec/4.1.63.Final/netty-codec-4.1.63.Final.jar:/home/runner/.m2/repository/io/netty/netty-handler/4.1.63.Final/netty-handler-4.1.63.Final.jar:/home/runner/.m2/repository/org/apache/ozone/hdds-hadoop-dependency-test/1.2.0-SNAPSHOT/hdds-hadoop-dependency-test-1.2.0-SNAPSHOT.jar:/home/runner/.m2/repository/org/apache/hadoop/hadoop-common/3.2.2/hadoop-common-3.2.2-tests.jar:/home/runner/.m2/repository/org/apache/hadoop/hadoop-hdfs/3.2.2/hadoop-hdfs-3.2.2-tests.jar:/home/runner/.m2/repository/org/eclipse/jetty/jetty-util-ajax/9.4.35.v20201120/jetty-util-ajax-9.4.35.v20201120.jar:/home/runner/.m2/repository/commons-daemon/commons-daemon/1.0.13/commons-daemon-1.0.13.jar:/home/runner/.m2/repository/io/netty/netty/3.10.6.Final/netty-3.10.6.Final.jar:/home/runner/.m2/repository/io/netty/netty-all/4.1.63.Final/netty-all-4.1.63.Final.jar:/home/runner/.m2/repository/org/apache/htrace/htrace-core4/4.1.0-incubating/htrace-core4-4.1.0-incubating.jar:/home/runner/.m2/repository/org/fusesource/leveldbjni/leveldbjni-all/1.8/leveldbjni-all-1.8.jar:/home/runner/.m2/repository/org/apache/hadoop/hadoop-distcp/3.2.2/hadoop-distcp-3.2.2.jar:/home/runner/.m2/repository/org/apache/hadoop/hadoop-mapreduce-client-jobclient/3.2.2/hadoop-mapreduce-client-jobclient-3.2.2.jar:/home/runner/.m2/repository/org/apache/hadoop/hadoop-mapreduce-client-common/3.2.2/hadoop-mapreduce-client-common-3.2.2.jar:/home/runner/.m2/repository/org/apache/hadoop/hadoop-yarn-common/3.2.2/hadoop-yarn-common-3.2.2.jar:/home/runner/.m2/repository/org/apache/hadoop/hadoop-yarn-api/3.2.2/hadoop-yarn-api-3.2.2.jar:/home/runner/.m2/repository/com/sun/jersey/jersey-client/1.19/jersey-client-1.19.jar:/home/runner/.m2/repository/com/sun/jersey/contribs/jersey-guice/1.19/jersey-guice-1.19.jar:/home/runner/.m2/repository/com/fasterxml/jackson/jaxrs/jackson-jaxrs-json-provider/2.12.1/jackson-jaxrs-json-provider-2.12.1.jar:/home/runner/.m2/repository/com/fasterxml/jackson/jaxrs/jackson-jaxrs-base/2.12.1/jackson-jaxrs-base-2.12.1.jar:/home/runner/.m2/repository/org/apache/hadoop/hadoop-yarn-client/3.2.2/hadoop-yarn-client-3.2.2.jar:/home/runner/.m2/repository/org/apache/hadoop/hadoop-mapreduce-client-core/3.2.2/hadoop-mapreduce-client-core-3.2.2.jar:/home/runner/.m2/repository/org/apache/avro/avro/1.7.7/avro-1.7.7.jar:/home/runner/.m2/repository/org/codehaus/jackson/jackson-core-asl/1.9.13/jackson-core-asl-1.9.13.jar:/home/runner/.m2/repository/org/codehaus/jackson/jackson-mapper-asl/1.9.13/jackson-mapper-asl-1.9.13.jar:/home/runner/.m2/repository/com/thoughtworks/paranamer/paranamer/2.3/paranamer-2.3.jar:/home/runner/.m2/repository/org/xerial/snappy/snappy-java/1.0.5/snappy-java-1.0.5.jar:/home/runner/.m2/repository/org/apache/hadoop/hadoop-annotations/3.2.2/hadoop-annotations-3.2.2.jar:/usr/lib/jvm/adoptopenjdk-8-hotspot-amd64/jre/../lib/tools.jar:/home/runner/.m2/repository/org/apache/hadoop/hadoop-distcp/3.2.2/hadoop-distcp-3.2.2-tests.jar:"/>
    <property name="sun.cpu.endian" value="little"/>
    <property name="user.home" value="/home/runner"/>
    <property name="user.language" value="en"/>
    <property name="java.specification.vendor" value="Oracle Corporation"/>
    <property name="java.home" value="/usr/lib/jvm/adoptopenjdk-8-hotspot-amd64/jre"/>
    <property name="java.security.krb5.conf" value="/home/runner/work/ozone/ozone/mnt/ozone/hadoop-ozone/integration-test/target/test-classes/krb5.conf"/>
    <property name="basedir" value="/home/runner/work/ozone/ozone/mnt/ozone/hadoop-ozone/integration-test"/>
    <property name="file.separator" value="/"/>
    <property name="line.separator" value="&#10;"/>
    <property name="java.vm.specification.vendor" value="Oracle Corporation"/>
    <property name="java.specification.name" value="Java Platform API Specification"/>
    <property name="java.awt.graphicsenv" value="sun.awt.X11GraphicsEnvironment"/>
    <property name="skip.installnpx" value="true"/>
    <property name="surefire.real.class.path" value="/home/runner/work/ozone/ozone/mnt/ozone/hadoop-ozone/integration-test/target/surefire/surefirebooter597301782219116805.jar:/home/runner/.m2/repository/org/jacoco/org.jacoco.agent/0.8.5/org.jacoco.agent-0.8.5-runtime.jar"/>
    <property name="hadoop.log.dir" value="/home/runner/work/ozone/ozone/mnt/ozone/hadoop-ozone/integration-test/target/log"/>
    <property name="sun.boot.class.path" value="/usr/lib/jvm/adoptopenjdk-8-hotspot-amd64/jre/lib/resources.jar:/usr/lib/jvm/adoptopenjdk-8-hotspot-amd64/jre/lib/rt.jar:/usr/lib/jvm/adoptopenjdk-8-hotspot-amd64/jre/lib/sunrsasign.jar:/usr/lib/jvm/adoptopenjdk-8-hotspot-amd64/jre/lib/jsse.jar:/usr/lib/jvm/adoptopenjdk-8-hotspot-amd64/jre/lib/jce.jar:/usr/lib/jvm/adoptopenjdk-8-hotspot-amd64/jre/lib/charsets.jar:/usr/lib/jvm/adoptopenjdk-8-hotspot-amd64/jre/lib/jfr.jar:/usr/lib/jvm/adoptopenjdk-8-hotspot-amd64/jre/classes"/>
    <property name="sun.management.compiler" value="HotSpot 64-Bit Tiered Compilers"/>
    <property name="skip.npx" value="true"/>
    <property name="java.runtime.version" value="1.8.0_292-b10"/>
    <property name="java.net.preferIPv4Stack" value="true"/>
    <property name="user.name" value="runner"/>
    <property name="path.separator" value=":"/>
    <property name="java.security.egd" value="file:///dev/urandom"/>
    <property name="os.version" value="5.4.0-1049-azure"/>
    <property name="java.endorsed.dirs" value="/usr/lib/jvm/adoptopenjdk-8-hotspot-amd64/jre/lib/endorsed"/>
    <property name="java.runtime.name" value="OpenJDK Runtime Environment"/>
    <property name="file.encoding" value="UTF-8"/>
    <property name="java.vm.name" value="OpenJDK 64-Bit Server VM"/>
    <property name="test.build.webapps" value=""/>
    <property name="localRepository" value="/home/runner/.m2/repository"/>
    <property name="java.vendor.url.bug" value="https://github.com/AdoptOpenJDK/openjdk-support/issues"/>
    <property name="java.io.tmpdir" value="/tmp"/>
    <property name="require.test.libhadoop" value=""/>
    <property name="java.version" value="1.8.0_292"/>
    <property name="user.dir" value="/home/runner/work/ozone/ozone/mnt/ozone/hadoop-ozone/integration-test"/>
    <property name="os.arch" value="amd64"/>
    <property name="java.vm.specification.name" value="Java Virtual Machine Specification"/>
    <property name="test.build.classes" value="/home/runner/work/ozone/ozone/mnt/ozone/hadoop-ozone/integration-test/target/test-classes"/>
    <property name="java.awt.printerjob" value="sun.print.PSPrinterJob"/>
    <property name="sun.os.patch.level" value="unknown"/>
    <property name="hadoop.tmp.dir" value="/home/runner/work/ozone/ozone/mnt/ozone/hadoop-ozone/integration-test/target/tmp"/>
    <property name="java.library.path" value="/usr/java/packages/lib/amd64:/usr/lib64:/lib64:/lib:/usr/lib"/>
    <property name="java.vm.info" value="mixed mode"/>
    <property name="java.vendor" value="AdoptOpenJDK"/>
    <property name="java.vm.version" value="25.292-b10"/>
    <property name="java.ext.dirs" value="/usr/lib/jvm/adoptopenjdk-8-hotspot-amd64/jre/lib/ext:/usr/java/packages/lib/ext"/>
    <property name="sun.io.unicode.encoding" value="UnicodeLittle"/>
    <property name="java.class.version" value="52.0"/>
  </properties>
  <testcase name="testMultipleDataDirs" classname="org.apache.hadoop.ozone.TestMiniOzoneCluster" time="18.102"/>
  <testcase name="testStartMultipleDatanodes" classname="org.apache.hadoop.ozone.TestMiniOzoneCluster" time="70.252">
    <error message="test timed out after 60000 milliseconds" type="org.junit.runners.model.TestTimedOutException">org.junit.runners.model.TestTimedOutException: test timed out after 60000 milliseconds
	at java.lang.Thread.sleep(Native Method)
	at org.apache.ozone.test.GenericTestUtils.waitFor(GenericTestUtils.java:218)
	at org.apache.hadoop.ozone.MiniOzoneClusterImpl.waitForClusterToBeReady(MiniOzoneClusterImpl.java:220)
	at org.apache.hadoop.ozone.TestMiniOzoneCluster.testStartMultipleDatanodes(TestMiniOzoneCluster.java:117)
	at sun.reflect.NativeMethodAccessorImpl.invoke0(Native Method)
	at sun.reflect.NativeMethodAccessorImpl.invoke(NativeMethodAccessorImpl.java:62)
	at sun.reflect.DelegatingMethodAccessorImpl.invoke(DelegatingMethodAccessorImpl.java:43)
	at java.lang.reflect.Method.invoke(Method.java:498)
	at org.junit.runners.model.FrameworkMethod$1.runReflectiveCall(FrameworkMethod.java:59)
	at org.junit.internal.runners.model.ReflectiveCallable.run(ReflectiveCallable.java:12)
	at org.junit.runners.model.FrameworkMethod.invokeExplosively(FrameworkMethod.java:56)
	at org.junit.internal.runners.statements.InvokeMethod.evaluate(InvokeMethod.java:17)
	at org.junit.internal.runners.statements.FailOnTimeout$CallableStatement.call(FailOnTimeout.java:288)
	at org.junit.internal.runners.statements.FailOnTimeout$CallableStatement.call(FailOnTimeout.java:282)
	at java.util.concurrent.FutureTask.run(FutureTask.java:266)
	at java.lang.Thread.run(Thread.java:748)
</error>
    <system-out><![CDATA[2021-06-21 17:58:17,157 [Time-limited test] WARN  server.ServerUtils (ServerUtils.java:getScmDbDir(148)) - ozone.scm.db.dirs is not configured. We recommend adding this setting. Falling back to ozone.metadata.dirs instead.
2021-06-21 17:58:17,159 [Time-limited test] INFO  ha.SCMHANodeDetails (SCMHANodeDetails.java:loadSCMHAConfig(157)) - ServiceID for StorageContainerManager is null
2021-06-21 17:58:17,159 [Time-limited test] INFO  ha.SCMHANodeDetails (SCMHANodeDetails.java:loadSCMHAConfig(162)) - ozone.scm.default.service.id is not defined, falling back to ozone.scm.service.ids to find serviceID for StorageContainerManager if it is HA enabled cluster
2021-06-21 17:58:17,160 [Time-limited test] WARN  server.ServerUtils (ServerUtils.java:getScmDbDir(148)) - ozone.scm.db.dirs is not configured. We recommend adding this setting. Falling back to ozone.metadata.dirs instead.
2021-06-21 17:58:17,161 [Time-limited test] WARN  utils.HAUtils (HAUtils.java:getMetaDir(342)) - ozone.scm.db.dirs is not configured. We recommend adding this setting. Falling back to ozone.metadata.dirs instead.
2021-06-21 17:58:17,164 [Time-limited test] WARN  db.DBStoreBuilder (DBStoreBuilder.java:applyDBDefinition(145)) - ozone.scm.db.dirs is not configured. We recommend adding this setting. Falling back to ozone.metadata.dirs instead.
2021-06-21 17:58:17,236 [Time-limited test] INFO  net.NodeSchemaLoader (NodeSchemaLoader.java:loadSchemaFromFile(129)) - Loading schema from [jar:file:/home/runner/.m2/repository/org/apache/ozone/hdds-common/1.2.0-SNAPSHOT/hdds-common-1.2.0-SNAPSHOT.jar!/network-topology-default.xml]
2021-06-21 17:58:17,236 [Time-limited test] INFO  net.NodeSchemaLoader (NodeSchemaLoader.java:loadSchema(176)) - Loading network topology layer schema file
2021-06-21 17:58:17,239 [Time-limited test] INFO  ha.SequenceIdGenerator (SequenceIdGenerator.java:upgradeToSequenceId(327)) - upgrade localId to 107544261427200000
2021-06-21 17:58:17,239 [Time-limited test] INFO  ha.SequenceIdGenerator (SequenceIdGenerator.java:upgradeToSequenceId(337)) - upgrade delTxnId to 0
2021-06-21 17:58:17,240 [Time-limited test] INFO  ha.SequenceIdGenerator (SequenceIdGenerator.java:upgradeToSequenceId(351)) - upgrade containerId to 0
2021-06-21 17:58:17,240 [Time-limited test] INFO  ha.SequenceIdGenerator (SequenceIdGenerator.java:<init>(217)) - Init the HA SequenceIdGenerator.
2021-06-21 17:58:17,240 [Time-limited test] WARN  server.ServerUtils (ServerUtils.java:sanitizeUserArgs(73)) - ozone.scm.stale.node.interval value = 300000 is larger than max = 100000 based on the key value of ozone.scm.heartbeat.thread.interval, reset to the max value 100000.
2021-06-21 17:58:17,240 [Time-limited test] WARN  server.ServerUtils (ServerUtils.java:sanitizeUserArgs(73)) - ozone.scm.stale.node.interval value = 300000 is larger than max = 100000 based on the key value of ozone.scm.heartbeat.thread.interval, reset to the max value 100000.
2021-06-21 17:58:17,240 [Time-limited test] INFO  node.SCMNodeManager (SCMNodeManager.java:<init>(125)) - Entering startup safe mode.
2021-06-21 17:58:17,241 [Time-limited test] INFO  algorithms.ContainerPlacementPolicyFactory (ContainerPlacementPolicyFactory.java:getPolicy(60)) - Create container placement policy of type org.apache.hadoop.hdds.scm.container.placement.algorithms.SCMContainerPlacementRandom
2021-06-21 17:58:17,241 [Time-limited test] INFO  pipeline.PipelineStateManager (PipelineStateManagerV2Impl.java:initialize(78)) - No pipeline exists in current db
2021-06-21 17:58:17,241 [Time-limited test] INFO  algorithms.LeaderChoosePolicyFactory (LeaderChoosePolicyFactory.java:getPolicy(57)) - Create leader choose policy of type org.apache.hadoop.hdds.scm.pipeline.leader.choose.algorithms.MinLeaderCountChoosePolicy
2021-06-21 17:58:17,242 [Time-limited test] INFO  ha.SCMServiceManager (SCMServiceManager.java:register(43)) - Registering service BackgroundPipelineCreator.
2021-06-21 17:58:17,242 [Time-limited test] INFO  pipeline.BackgroundPipelineCreator (BackgroundPipelineCreatorV2.java:start(130)) - Starting RatisPipelineUtilsThread.
2021-06-21 17:58:17,244 [Time-limited test] INFO  algorithms.PipelineChoosePolicyFactory (PipelineChoosePolicyFactory.java:createPipelineChoosePolicyFromClass(73)) - Create pipeline choose policy of type org.apache.hadoop.hdds.scm.pipeline.choose.algorithms.RandomPipelineChoosePolicy
2021-06-21 17:58:17,245 [Time-limited test] INFO  ha.SCMServiceManager (SCMServiceManager.java:register(43)) - Registering service SCMBlockDeletingService.
2021-06-21 17:58:17,245 [Time-limited test] INFO  ha.SCMServiceManager (SCMServiceManager.java:register(43)) - Registering service ReplicationManager.
2021-06-21 17:58:17,245 [Time-limited test] INFO  container.ReplicationManager (ReplicationManager.java:start(219)) - Starting Replication Monitor Thread.
2021-06-21 17:58:17,246 [Time-limited test] INFO  safemode.ContainerSafeModeRule (ContainerSafeModeRule.java:<init>(89)) - containers with one replica threshold count 0
2021-06-21 17:58:17,246 [Time-limited test] INFO  safemode.HealthyPipelineSafeModeRule (HealthyPipelineSafeModeRule.java:initializeRule(156)) - Total pipeline count is 0, healthy pipeline threshold count is 1
2021-06-21 17:58:17,247 [Time-limited test] INFO  safemode.OneReplicaPipelineSafeModeRule (OneReplicaPipelineSafeModeRule.java:initializeRule(180)) - Total pipeline count is 0, pipeline's with at least one datanode reported threshold count is 0
2021-06-21 17:58:17,247 [Time-limited test] INFO  ipc.CallQueueManager (CallQueueManager.java:<init>(85)) - Using callQueue: class java.util.concurrent.LinkedBlockingQueue, queueCapacity: 2000, scheduler: class org.apache.hadoop.ipc.DefaultRpcScheduler, ipcBackoff: false.
2021-06-21 17:58:17,248 [Socket Reader #1 for port 0] INFO  ipc.Server (Server.java:run(1255)) - Starting Socket Reader #1 for port 0
2021-06-21 17:58:17,249 [Listener at 0.0.0.0/44057] INFO  ipc.CallQueueManager (CallQueueManager.java:<init>(85)) - Using callQueue: class java.util.concurrent.LinkedBlockingQueue, queueCapacity: 2000, scheduler: class org.apache.hadoop.ipc.DefaultRpcScheduler, ipcBackoff: false.
2021-06-21 17:58:17,249 [Socket Reader #1 for port 0] INFO  ipc.Server (Server.java:run(1255)) - Starting Socket Reader #1 for port 0
2021-06-21 17:58:17,250 [Listener at 0.0.0.0/43107] INFO  ipc.CallQueueManager (CallQueueManager.java:<init>(85)) - Using callQueue: class java.util.concurrent.LinkedBlockingQueue, queueCapacity: 2000, scheduler: class org.apache.hadoop.ipc.DefaultRpcScheduler, ipcBackoff: false.
2021-06-21 17:58:17,253 [ReplicationMonitor] INFO  container.ReplicationManager (ReplicationManager.java:run(283)) - Replication Monitor Thread took 8 milliseconds for processing 0 containers.
2021-06-21 17:58:17,254 [Socket Reader #1 for port 0] INFO  ipc.Server (Server.java:run(1255)) - Starting Socket Reader #1 for port 0
2021-06-21 17:58:17,256 [Listener at 0.0.0.0/45825] INFO  server.StorageContainerManager (StorageContainerManager.java:<init>(419)) - 
Container Balancer status:
Key                            Value
Running                        true
Container Balancer Configuration values:
Key                            Value
Threshold                      0.1
Max Datanodes to Balance       5
Max Size to Move               10737418240B

2021-06-21 17:58:17,256 [Listener at 0.0.0.0/45825] WARN  events.EventQueue (EventQueue.java:fireEvent(185)) - No event handler registered for event TypedEvent{payloadType=SafeModeStatus, name='Safe mode status'}
2021-06-21 17:58:17,256 [Listener at 0.0.0.0/45825] INFO  ha.SCMContext (SCMContext.java:updateSafeModeStatus(208)) - Update SafeModeStatus from SafeModeStatus{safeModeStatus=true, preCheckPassed=false} to SafeModeStatus{safeModeStatus=true, preCheckPassed=false}.
2021-06-21 17:58:17,256 [Listener at 0.0.0.0/45825] INFO  server.StorageContainerManager (StorageContainerManager.java:start(1206)) - StorageContainerLocationProtocol RPC server is listening at /0.0.0.0:45825
2021-06-21 17:58:17,258 [Listener at 0.0.0.0/45825] WARN  impl.MetricsConfig (MetricsConfig.java:loadFirst(136)) - Cannot locate configuration: tried hadoop-metrics2-storagecontainermanager.properties,hadoop-metrics2.properties
2021-06-21 17:58:17,260 [Listener at 0.0.0.0/45825] INFO  impl.MetricsSystemImpl (MetricsSystemImpl.java:startTimer(378)) - Scheduled Metric snapshot period at 10 second(s).
2021-06-21 17:58:17,260 [Listener at 0.0.0.0/45825] INFO  impl.MetricsSystemImpl (MetricsSystemImpl.java:start(191)) - StorageContainerManager metrics system started
2021-06-21 17:58:17,271 [Listener at 0.0.0.0/45825] INFO  impl.MetricsSinkAdapter (MetricsSinkAdapter.java:start(204)) - Sink prometheus started
2021-06-21 17:58:17,272 [Listener at 0.0.0.0/45825] INFO  impl.MetricsSystemImpl (MetricsSystemImpl.java:registerSink(305)) - Registered sink prometheus
2021-06-21 17:58:17,286 [Listener at 0.0.0.0/45825] INFO  server.SCMClientProtocolServer (SCMClientProtocolServer.java:start(157)) - RPC server for Client  is listening at /0.0.0.0:45825
2021-06-21 17:58:17,288 [IPC Server Responder] INFO  ipc.Server (Server.java:run(1497)) - IPC Server Responder: starting
2021-06-21 17:58:17,289 [IPC Server listener on 0] INFO  ipc.Server (Server.java:run(1334)) - IPC Server listener on 0: starting
2021-06-21 17:58:17,301 [Listener at 0.0.0.0/45825] INFO  server.StorageContainerManager (StorageContainerManager.java:start(1221)) - ScmBlockLocationProtocol RPC server is listening at /0.0.0.0:43107
2021-06-21 17:58:17,302 [Listener at 0.0.0.0/45825] INFO  server.SCMBlockProtocolServer (SCMBlockProtocolServer.java:start(149)) - RPC server for Block Protocol is listening at /0.0.0.0:43107
2021-06-21 17:58:17,304 [IPC Server Responder] INFO  ipc.Server (Server.java:run(1497)) - IPC Server Responder: starting
2021-06-21 17:58:17,304 [IPC Server listener on 0] INFO  ipc.Server (Server.java:run(1334)) - IPC Server listener on 0: starting
2021-06-21 17:58:17,310 [Listener at 0.0.0.0/45825] INFO  server.StorageContainerManager (StorageContainerManager.java:start(1227)) - ScmDatanodeProtocl RPC server is listening at /0.0.0.0:44057
2021-06-21 17:58:17,310 [Listener at 0.0.0.0/45825] INFO  server.SCMDatanodeProtocolServer (SCMDatanodeProtocolServer.java:start(174)) - RPC server for DataNodes is listening at /0.0.0.0:44057
2021-06-21 17:58:17,311 [IPC Server Responder] INFO  ipc.Server (Server.java:run(1497)) - IPC Server Responder: starting
2021-06-21 17:58:17,314 [IPC Server listener on 0] INFO  ipc.Server (Server.java:run(1334)) - IPC Server listener on 0: starting
2021-06-21 17:58:17,320 [org.apache.hadoop.util.JvmPauseMonitor$Monitor@1c80679c] INFO  util.JvmPauseMonitor (JvmPauseMonitor.java:run(188)) - Starting JVM pause monitor
2021-06-21 17:58:17,321 [Listener at 0.0.0.0/45825] INFO  http.BaseHttpServer (BaseHttpServer.java:newHttpServer2BuilderForOzone(209)) - Starting Web-server for scm at: http://0.0.0.0:0
2021-06-21 17:58:17,321 [Listener at 0.0.0.0/45825] INFO  http.BaseHttpServer (BaseHttpServer.java:<init>(107)) - Hadoop Security Enabled: false Ozone Security Enabled: false Ozone HTTP Security Enabled: false 
2021-06-21 17:58:17,322 [Listener at 0.0.0.0/45825] INFO  server.AuthenticationFilter (AuthenticationFilter.java:constructSecretProvider(240)) - Unable to initialize FileSignerSecretProvider, falling back to use random secrets.
2021-06-21 17:58:17,323 [Listener at 0.0.0.0/45825] WARN  http.HttpRequestLog (HttpRequestLog.java:getRequestLog(103)) - Jetty request log can only be enabled using Log4j
2021-06-21 17:58:17,324 [Listener at 0.0.0.0/45825] INFO  http.HttpServer2 (HttpServer2.java:addGlobalFilter(1020)) - Added global filter 'safety' (class=org.apache.hadoop.hdds.server.http.HttpServer2$QuotingInputFilter)
2021-06-21 17:58:17,324 [Listener at 0.0.0.0/45825] INFO  http.HttpServer2 (HttpServer2.java:addFilter(996)) - Added filter static_user_filter (class=org.apache.hadoop.http.lib.StaticUserWebFilter$StaticUserFilter) to context scm
2021-06-21 17:58:17,324 [Listener at 0.0.0.0/45825] INFO  http.HttpServer2 (HttpServer2.java:addFilter(1004)) - Added filter static_user_filter (class=org.apache.hadoop.http.lib.StaticUserWebFilter$StaticUserFilter) to context static
2021-06-21 17:58:17,324 [Listener at 0.0.0.0/45825] INFO  http.HttpServer2 (HttpServer2.java:addFilter(1004)) - Added filter static_user_filter (class=org.apache.hadoop.http.lib.StaticUserWebFilter$StaticUserFilter) to context logs
2021-06-21 17:58:17,325 [Listener at 0.0.0.0/45825] INFO  http.HttpServer2 (HttpServer2.java:bindListener(1238)) - Jetty bound to port 46817
2021-06-21 17:58:17,326 [Listener at 0.0.0.0/45825] INFO  server.Server (Server.java:doStart(375)) - jetty-9.4.35.v20201120; built: 2020-11-20T21:17:03.964Z; git: bdc54f03a5e0a7e280fab27f55c3c75ee8da89fb; jvm 1.8.0_292-b10
2021-06-21 17:58:17,327 [Listener at 0.0.0.0/45825] INFO  server.session (DefaultSessionIdManager.java:doStart(334)) - DefaultSessionIdManager workerName=node0
2021-06-21 17:58:17,328 [Listener at 0.0.0.0/45825] INFO  server.session (DefaultSessionIdManager.java:doStart(339)) - No SessionScavenger set, using defaults
2021-06-21 17:58:17,328 [Listener at 0.0.0.0/45825] INFO  server.session (HouseKeeper.java:startScavenging(132)) - node0 Scavenging every 660000ms
2021-06-21 17:58:17,328 [Listener at 0.0.0.0/45825] INFO  handler.ContextHandler (ContextHandler.java:doStart(916)) - Started o.e.j.s.ServletContextHandler@67397797{logs,/logs,file:///home/runner/work/ozone/ozone/mnt/ozone/hadoop-ozone/integration-test/target/log,AVAILABLE}
2021-06-21 17:58:17,329 [Listener at 0.0.0.0/45825] INFO  handler.ContextHandler (ContextHandler.java:doStart(916)) - Started o.e.j.s.ServletContextHandler@4352ecf2{static,/static,file:///home/runner/work/ozone/ozone/mnt/ozone/hadoop-ozone/integration-test/target/test-classes/webapps/static,AVAILABLE}
2021-06-21 17:58:17,333 [Listener at 0.0.0.0/45825] INFO  handler.ContextHandler (ContextHandler.java:doStart(916)) - Started o.e.j.w.WebAppContext@52655d66{scm,/,file:///home/runner/work/ozone/ozone/mnt/ozone/hadoop-ozone/integration-test/target/test-classes/webapps/scm/,AVAILABLE}{file:/home/runner/work/ozone/ozone/mnt/ozone/hadoop-ozone/integration-test/target/test-classes/webapps/scm}
2021-06-21 17:58:17,334 [Listener at 0.0.0.0/45825] INFO  server.AbstractConnector (AbstractConnector.java:doStart(331)) - Started ServerConnector@1b9bd11d{HTTP/1.1, (http/1.1)}{0.0.0.0:46817}
2021-06-21 17:58:17,334 [Listener at 0.0.0.0/45825] INFO  server.Server (Server.java:doStart(415)) - Started @19600ms
2021-06-21 17:58:17,334 [Listener at 0.0.0.0/45825] WARN  impl.MetricsSystemImpl (MetricsSystemImpl.java:register(279)) - Sink prometheus already exists!
2021-06-21 17:58:17,334 [Listener at 0.0.0.0/45825] INFO  http.BaseHttpServer (BaseHttpServer.java:updateConnectorAddress(329)) - HTTP server of scm listening at http://0.0.0.0:46817
2021-06-21 17:58:17,335 [Listener at 0.0.0.0/45825] WARN  server.ServerUtils (ServerUtils.java:getDBPath(225)) - ozone.om.db.dirs is not configured. We recommend adding this setting. Falling back to ozone.metadata.dirs instead.
2021-06-21 17:58:17,336 [Listener at 0.0.0.0/45825] INFO  ha.OMHANodeDetails (OMHANodeDetails.java:loadOMHAConfig(105)) - ozone.om.internal.service.id is not defined, falling back to ozone.om.service.ids to find serviceID for OzoneManager if it is HA enabled cluster
2021-06-21 17:58:17,337 [Listener at 0.0.0.0/45825] INFO  ha.OMHANodeDetails (OMHANodeDetails.java:loadOMHAConfig(212)) - Configuration does not have ozone.om.address set. Falling back to the default OM address /127.0.0.1:0
2021-06-21 17:58:17,337 [Listener at 0.0.0.0/45825] INFO  ha.OMHANodeDetails (OMHANodeDetails.java:getOMNodeDetails(240)) - OM Service ID is not set. Setting it to the default ID: omServiceIdDefault
2021-06-21 17:58:17,337 [Listener at 0.0.0.0/45825] INFO  ha.OMHANodeDetails (OMHANodeDetails.java:getOMNodeDetails(247)) - OM Node ID is not set. Setting it to the default ID: om1
2021-06-21 17:58:17,337 [Listener at 0.0.0.0/45825] WARN  server.ServerUtils (ServerUtils.java:getDBPath(225)) - ozone.om.db.dirs is not configured. We recommend adding this setting. Falling back to ozone.metadata.dirs instead.
2021-06-21 17:58:17,337 [Listener at 0.0.0.0/45825] WARN  server.ServerUtils (ServerUtils.java:getDBPath(225)) - ozone.om.db.dirs is not configured. We recommend adding this setting. Falling back to ozone.metadata.dirs instead.
2021-06-21 17:58:17,344 [Listener at 0.0.0.0/45825] WARN  server.ServerUtils (ServerUtils.java:getDBPath(225)) - ozone.om.db.dirs is not configured. We recommend adding this setting. Falling back to ozone.metadata.dirs instead.
2021-06-21 17:58:17,344 [Listener at 0.0.0.0/45825] INFO  codec.OmKeyInfoCodec (OmKeyInfoCodec.java:<init>(51)) - OmKeyInfoCodec ignorePipeline = true
2021-06-21 17:58:17,344 [Listener at 0.0.0.0/45825] INFO  codec.RepeatedOmKeyInfoCodec (RepeatedOmKeyInfoCodec.java:<init>(42)) - RepeatedOmKeyInfoCodec ignorePipeline = true
2021-06-21 17:58:17,446 [Listener at 0.0.0.0/45825] INFO  om.OzoneManager (OzoneManager.java:addS3GVolumeToDB(3804)) - Created Volume s3v With Owner runner required for S3Gateway operations.
2021-06-21 17:58:17,447 [Listener at 0.0.0.0/45825] WARN  server.ServerUtils (ServerUtils.java:getDefaultRatisDirectory(237)) - Storage directory for Ratis is not configured. It is a good idea to map this to an SSD disk. Falling back to ozone.metadata.dirs
2021-06-21 17:58:17,447 [Listener at 0.0.0.0/45825] WARN  ratis.OzoneManagerRatisServer (OzoneManagerRatisServer.java:getOMRatisSnapshotDirectory(634)) - ozone.om.ratis.snapshot.dir is not configured. Falling back to ozone.metadata.dirs config
2021-06-21 17:58:17,447 [Listener at 0.0.0.0/45825] WARN  server.ServerUtils (ServerUtils.java:getDefaultRatisDirectory(237)) - Storage directory for Ratis is not configured. It is a good idea to map this to an SSD disk. Falling back to ozone.metadata.dirs
2021-06-21 17:58:17,448 [Listener at 0.0.0.0/45825] INFO  ratis.OzoneManagerRatisServer (OzoneManagerRatisServer.java:<init>(288)) - Instantiating OM Ratis server with GroupID: omServiceIdDefault and Raft Peers: localhost:9872
2021-06-21 17:58:17,449 [Listener at 0.0.0.0/45825] INFO  ratis.OzoneManagerStateMachine (OzoneManagerStateMachine.java:loadSnapshotInfoFromDB(520)) - LastAppliedIndex is set from TransactionInfo from OM DB as (t:0, i:~)
2021-06-21 17:58:17,450 [Listener at 0.0.0.0/45825] INFO  server.RaftServer (ConfUtils.java:logGet(44)) - raft.rpc.type = GRPC (default)
2021-06-21 17:58:17,450 [Listener at 0.0.0.0/45825] INFO  grpc.GrpcFactory (GrpcFactory.java:checkPooledByteBufAllocatorUseCacheForAllThreads(48)) - PERFORMANCE WARNING: useCacheForAllThreads is true that may cause Netty to create a lot garbage objects and, as a result, trigger GC.
	It is recommended to disable useCacheForAllThreads by setting -Dorg.apache.ratis.thirdparty.io.netty.allocator.useCacheForAllThreads=false in command line.
2021-06-21 17:58:17,451 [Listener at 0.0.0.0/45825] INFO  grpc.GrpcConfigKeys (ConfUtils.java:logGet(44)) - raft.grpc.admin.port = -1 (default)
2021-06-21 17:58:17,451 [Listener at 0.0.0.0/45825] INFO  grpc.GrpcConfigKeys (ConfUtils.java:logGet(44)) - raft.grpc.server.port = 9872 (custom)
2021-06-21 17:58:17,451 [Listener at 0.0.0.0/45825] INFO  grpc.GrpcConfigKeys (ConfUtils.java:logGet(44)) - raft.grpc.client.port = -1 (default)
2021-06-21 17:58:17,451 [Listener at 0.0.0.0/45825] INFO  grpc.GrpcConfigKeys (ConfUtils.java:logGet(44)) - raft.grpc.server.port = 9872 (custom)
2021-06-21 17:58:17,451 [Listener at 0.0.0.0/45825] INFO  grpc.GrpcConfigKeys (ConfUtils.java:logGet(44)) - raft.grpc.server.port = 9872 (custom)
2021-06-21 17:58:17,451 [Listener at 0.0.0.0/45825] INFO  server.GrpcService (ConfUtils.java:logGet(44)) - raft.grpc.message.size.max = 33554432 (custom)
2021-06-21 17:58:17,451 [Listener at 0.0.0.0/45825] INFO  server.RaftServerConfigKeys (ConfUtils.java:logGet(44)) - raft.server.log.appender.buffer.byte-limit = 33554432 (custom)
2021-06-21 17:58:17,451 [Listener at 0.0.0.0/45825] INFO  server.GrpcService (ConfUtils.java:logGet(44)) - raft.grpc.flow.control.window = 1MB (=1048576) (default)
2021-06-21 17:58:17,452 [Listener at 0.0.0.0/45825] INFO  server.RaftServerConfigKeys (ConfUtils.java:logGet(44)) - raft.server.rpc.request.timeout = 3000ms (default)
2021-06-21 17:58:17,453 [Listener at 0.0.0.0/45825] INFO  impl.DataStreamServerImpl (ConfUtils.java:logGet(44)) - raft.datastream.type = DISABLED (default)
2021-06-21 17:58:17,453 [Listener at 0.0.0.0/45825] INFO  server.RaftServerConfigKeys (ConfUtils.java:logGet(44)) - raft.server.rpc.slowness.timeout = 120s (custom)
2021-06-21 17:58:17,453 [Listener at 0.0.0.0/45825] INFO  server.RaftServerConfigKeys (ConfUtils.java:logGet(44)) - raft.server.leaderelection.leader.step-down.wait-time = 10s (default)
2021-06-21 17:58:17,453 [Listener at 0.0.0.0/45825] INFO  server.RaftServerConfigKeys (ConfUtils.java:logGet(44)) - raft.server.storage.dir = [/home/runner/work/ozone/ozone/mnt/ozone/hadoop-ozone/integration-test/target/test-dir/MiniOzoneClusterImpl-ccb1d6a7-04eb-495e-8a45-afc51195f32e/ozone-meta/ratis] (custom)
2021-06-21 17:58:17,454 [Listener at 0.0.0.0/45825] INFO  server.RaftServer (RaftServerProxy.java:addNew(95)) - om1: addNew group-C5BA1605619E:[om1|rpc:localhost:9872|priority:0] returns group-C5BA1605619E:java.util.concurrent.CompletableFuture@5e1ca8df[Not completed]
2021-06-21 17:58:17,454 [Listener at 0.0.0.0/45825] INFO  om.OzoneManager (OzoneManager.java:initializeRatisServer(1311)) - OzoneManager Ratis server initialized at port 9872
2021-06-21 17:58:17,455 [Listener at 0.0.0.0/45825] INFO  ipc.CallQueueManager (CallQueueManager.java:<init>(85)) - Using callQueue: class java.util.concurrent.LinkedBlockingQueue, queueCapacity: 2000, scheduler: class org.apache.hadoop.ipc.DefaultRpcScheduler, ipcBackoff: false.
2021-06-21 17:58:17,455 [pool-100-thread-1] INFO  server.RaftServer$Division (RaftServerImpl.java:<init>(180)) - om1: new RaftServerImpl for group-C5BA1605619E:[om1|rpc:localhost:9872|priority:0] with OzoneManagerStateMachine:uninitialized
2021-06-21 17:58:17,456 [Socket Reader #1 for port 0] INFO  ipc.Server (Server.java:run(1255)) - Starting Socket Reader #1 for port 0
2021-06-21 17:58:17,456 [pool-100-thread-1] INFO  server.RaftServerConfigKeys (ConfUtils.java:logGet(44)) - raft.server.rpc.timeout.min = 1s (custom)
2021-06-21 17:58:17,456 [pool-100-thread-1] INFO  server.RaftServerConfigKeys (ConfUtils.java:logGet(44)) - raft.server.rpc.timeout.max = 1200ms (custom)
2021-06-21 17:58:17,456 [pool-100-thread-1] INFO  server.RaftServerConfigKeys (ConfUtils.java:logGet(44)) - raft.server.rpc.sleep.time = 25ms (default)
2021-06-21 17:58:17,456 [pool-100-thread-1] INFO  server.RaftServerConfigKeys (ConfUtils.java:logGet(44)) - raft.server.rpc.slowness.timeout = 120s (custom)
2021-06-21 17:58:17,456 [pool-100-thread-1] INFO  server.RaftServerConfigKeys (ConfUtils.java:logGet(44)) - raft.server.leaderelection.leader.step-down.wait-time = 10s (default)
2021-06-21 17:58:17,457 [pool-100-thread-1] INFO  server.RaftServerConfigKeys (ConfUtils.java:logGet(44)) - raft.server.sleep.deviation.threshold = 300ms (default)
2021-06-21 17:58:17,457 [pool-100-thread-1] INFO  server.RaftServerConfigKeys (ConfUtils.java:logGet(44)) - raft.server.log.appender.install.snapshot.enabled = false (custom)
2021-06-21 17:58:17,461 [pool-100-thread-1] INFO  server.RaftServer$Division (ServerState.java:<init>(105)) - om1@group-C5BA1605619E: ConfigurationManager, init=-1: [om1|rpc:localhost:9872|priority:0], old=null, confs=<EMPTY_MAP>
2021-06-21 17:58:17,461 [pool-100-thread-1] INFO  server.RaftServerConfigKeys (ConfUtils.java:logGet(44)) - raft.server.storage.dir = [/home/runner/work/ozone/ozone/mnt/ozone/hadoop-ozone/integration-test/target/test-dir/MiniOzoneClusterImpl-ccb1d6a7-04eb-495e-8a45-afc51195f32e/ozone-meta/ratis] (custom)
2021-06-21 17:58:17,462 [pool-100-thread-1] INFO  server.RaftServerConfigKeys (ConfUtils.java:logGet(44)) - raft.server.log.corruption.policy = EXCEPTION (default)
2021-06-21 17:58:17,462 [pool-100-thread-1] INFO  storage.RaftStorageDirectory (RaftStorageDirectoryImpl.java:analyzeStorage(132)) - The storage directory /home/runner/work/ozone/ozone/mnt/ozone/hadoop-ozone/integration-test/target/test-dir/MiniOzoneClusterImpl-ccb1d6a7-04eb-495e-8a45-afc51195f32e/ozone-meta/ratis/bf265839-605b-3f16-9796-c5ba1605619e does not exist. Creating ...
2021-06-21 17:58:17,463 [pool-100-thread-1] INFO  storage.RaftStorageDirectory (RaftStorageDirectoryImpl.java:tryLock(215)) - Lock on /home/runner/work/ozone/ozone/mnt/ozone/hadoop-ozone/integration-test/target/test-dir/MiniOzoneClusterImpl-ccb1d6a7-04eb-495e-8a45-afc51195f32e/ozone-meta/ratis/bf265839-605b-3f16-9796-c5ba1605619e/in_use.lock acquired by nodename 8175@fv-az294-379
2021-06-21 17:58:17,464 [pool-100-thread-1] INFO  storage.RaftStorage (RaftStorageImpl.java:format(87)) - Storage directory /home/runner/work/ozone/ozone/mnt/ozone/hadoop-ozone/integration-test/target/test-dir/MiniOzoneClusterImpl-ccb1d6a7-04eb-495e-8a45-afc51195f32e/ozone-meta/ratis/bf265839-605b-3f16-9796-c5ba1605619e has been successfully formatted.
2021-06-21 17:58:17,464 [pool-100-thread-1] INFO  server.RaftServerConfigKeys (ConfUtils.java:logGet(44)) - raft.server.notification.no-leader.timeout = 120s (custom)
2021-06-21 17:58:17,464 [pool-100-thread-1] INFO  server.RaftServerConfigKeys (ConfUtils.java:logGet(44)) - raft.server.log.use.memory = false (default)
2021-06-21 17:58:17,464 [pool-100-thread-1] INFO  server.RaftServerConfigKeys (ConfUtils.java:logGet(44)) - raft.server.log.purge.gap = 1000000 (custom)
2021-06-21 17:58:17,465 [pool-100-thread-1] INFO  server.RaftServerConfigKeys (ConfUtils.java:logGet(44)) - raft.server.log.appender.buffer.byte-limit = 33554432 (custom)
2021-06-21 17:58:17,465 [pool-100-thread-1] INFO  metrics.RatisMetrics (RatisMetrics.java:lambda$create$0(36)) - Creating Metrics Registry : ratis.log_worker.om1@group-C5BA1605619E
2021-06-21 17:58:17,465 [pool-100-thread-1] INFO  server.RaftServerConfigKeys (ConfUtils.java:logGet(44)) - raft.server.log.segment.size.max = 4194304 (custom)
2021-06-21 17:58:17,465 [pool-100-thread-1] INFO  server.RaftServerConfigKeys (ConfUtils.java:logGet(44)) - raft.server.log.segment.cache.num.max = 2 (custom)
2021-06-21 17:58:17,466 [pool-100-thread-1] INFO  server.RaftServerConfigKeys (ConfUtils.java:logGet(44)) - raft.server.log.segment.cache.size.max = 200MB (=209715200) (default)
2021-06-21 17:58:17,466 [pool-100-thread-1] INFO  segmented.SegmentedRaftLogWorker (SegmentedRaftLogWorker.java:<init>(182)) - new om1@group-C5BA1605619E-SegmentedRaftLogWorker for RaftStorageImpl:Storage Directory /home/runner/work/ozone/ozone/mnt/ozone/hadoop-ozone/integration-test/target/test-dir/MiniOzoneClusterImpl-ccb1d6a7-04eb-495e-8a45-afc51195f32e/ozone-meta/ratis/bf265839-605b-3f16-9796-c5ba1605619e
2021-06-21 17:58:17,466 [pool-100-thread-1] INFO  server.RaftServerConfigKeys (ConfUtils.java:logGet(44)) - raft.server.log.queue.byte-limit = 64MB (=67108864) (default)
2021-06-21 17:58:17,466 [pool-100-thread-1] INFO  server.RaftServerConfigKeys (ConfUtils.java:logGet(44)) - raft.server.log.queue.element-limit = 4096 (default)
2021-06-21 17:58:17,466 [pool-100-thread-1] INFO  server.RaftServerConfigKeys (ConfUtils.java:logGet(44)) - raft.server.log.segment.size.max = 4194304 (custom)
2021-06-21 17:58:17,466 [pool-100-thread-1] INFO  server.RaftServerConfigKeys (ConfUtils.java:logGet(44)) - raft.server.log.preallocated.size = 4194304 (custom)
2021-06-21 17:58:17,466 [pool-100-thread-1] INFO  server.RaftServerConfigKeys (ConfUtils.java:logGet(44)) - raft.server.log.force.sync.num = 128 (default)
2021-06-21 17:58:17,466 [pool-100-thread-1] INFO  server.RaftServerConfigKeys (ConfUtils.java:logGet(44)) - raft.server.log.statemachine.data.sync = true (default)
2021-06-21 17:58:17,466 [pool-100-thread-1] INFO  server.RaftServerConfigKeys (ConfUtils.java:logGet(44)) - raft.server.log.statemachine.data.sync.timeout = 10s (default)
2021-06-21 17:58:17,466 [pool-100-thread-1] INFO  server.RaftServerConfigKeys (ConfUtils.java:logGet(44)) - raft.server.log.statemachine.data.sync.timeout.retry = -1 (default)
2021-06-21 17:58:17,467 [pool-100-thread-1] INFO  server.RaftServerConfigKeys (ConfUtils.java:logGet(44)) - raft.server.log.write.buffer.size = 64KB (=65536) (default)
2021-06-21 17:58:17,468 [pool-100-thread-1] INFO  server.RaftServerConfigKeys (ConfUtils.java:logGet(44)) - raft.server.log.statemachine.data.caching.enabled = false (default)
2021-06-21 17:58:17,468 [pool-100-thread-1] INFO  segmented.SegmentedRaftLogWorker (SegmentedRaftLogWorker.java:lambda$new$0(133)) - om1@group-C5BA1605619E-SegmentedRaftLogWorker: flushIndex: setUnconditionally 0 -> -1
2021-06-21 17:58:17,473 [pool-100-thread-1] INFO  segmented.SegmentedRaftLogWorker (SegmentedRaftLogWorker.java:lambda$new$0(133)) - om1@group-C5BA1605619E-SegmentedRaftLogWorker: safeCacheEvictIndex: setUnconditionally 0 -> -1
2021-06-21 17:58:17,485 [pool-100-thread-1] INFO  server.RaftServerConfigKeys (ConfUtils.java:logGet(44)) - raft.server.snapshot.auto.trigger.enabled = true (custom)
2021-06-21 17:58:17,486 [pool-100-thread-1] INFO  server.RaftServerConfigKeys (ConfUtils.java:logGet(44)) - raft.server.snapshot.auto.trigger.threshold = 400000 (default)
2021-06-21 17:58:17,488 [pool-100-thread-1] INFO  server.RaftServerConfigKeys (ConfUtils.java:logGet(44)) - raft.server.snapshot.retention.file.num = -1 (default)
2021-06-21 17:58:17,489 [pool-100-thread-1] INFO  server.RaftServerConfigKeys (ConfUtils.java:logGet(44)) - raft.server.log.purge.upto.snapshot.index = true (custom)
2021-06-21 17:58:17,489 [pool-100-thread-1] INFO  server.RaftServerConfigKeys (ConfUtils.java:logGet(44)) - raft.server.retrycache.expirytime = 300s (custom)
2021-06-21 17:58:17,489 [pool-100-thread-1] INFO  server.RaftServerConfigKeys (ConfUtils.java:logGet(44)) - raft.server.retrycache.statistics.expirytime = 100μs (default)
2021-06-21 17:58:17,490 [pool-100-thread-1] INFO  metrics.RatisMetrics (RatisMetrics.java:lambda$create$0(36)) - Creating Metrics Registry : ratis.leader_election.om1@group-C5BA1605619E
2021-06-21 17:58:17,490 [Listener at 127.0.0.1/44351] INFO  om.OzoneManager (OzoneManager.java:initFSOLayout(3896)) - Configured ozone.om.metadata.layout=SIMPLE and disabled optimized OM FS operations
2021-06-21 17:58:17,490 [pool-100-thread-1] INFO  metrics.RatisMetrics (RatisMetrics.java:lambda$create$0(36)) - Creating Metrics Registry : ratis.server.om1@group-C5BA1605619E
2021-06-21 17:58:17,490 [Listener at 127.0.0.1/44351] INFO  impl.MetricsSystemImpl (MetricsSystemImpl.java:init(158)) - OzoneManager metrics system started (again)
2021-06-21 17:58:17,491 [Listener at 127.0.0.1/44351] INFO  om.OzoneManager (OzoneManager.java:start(1113)) - OzoneManager RPC server is listening at localhost/127.0.0.1:44351
2021-06-21 17:58:17,491 [Listener at 127.0.0.1/44351] INFO  ratis.OzoneManagerRatisServer (OzoneManagerRatisServer.java:start(388)) - Starting OzoneManagerRatisServer om1 at port 9872
2021-06-21 17:58:17,491 [Listener at 127.0.0.1/44351] INFO  server.RaftServer$Division (RaftServerImpl.java:start(295)) - om1@group-C5BA1605619E: start as a follower, conf=-1: [om1|rpc:localhost:9872|priority:0], old=null
2021-06-21 17:58:17,491 [Listener at 127.0.0.1/44351] INFO  server.RaftServer$Division (RaftServerImpl.java:setRole(284)) - om1@group-C5BA1605619E: changes role from      null to FOLLOWER at term 0 for startAsFollower
2021-06-21 17:58:17,492 [Listener at 127.0.0.1/44351] INFO  impl.RoleInfo (RoleInfo.java:updateAndGet(130)) - om1: start om1@group-C5BA1605619E-FollowerState
2021-06-21 17:58:17,492 [Listener at 127.0.0.1/44351] INFO  util.JmxRegister (JmxRegister.java:tryRegister(44)) - Successfully registered JMX Bean with object name Ratis:service=RaftServer,group=group-C5BA1605619E,id=om1
2021-06-21 17:58:17,492 [Listener at 127.0.0.1/44351] INFO  metrics.RatisMetrics (RatisMetrics.java:lambda$create$0(36)) - Creating Metrics Registry : ratis.state_machine.om1@group-C5BA1605619E
2021-06-21 17:58:17,493 [Listener at 127.0.0.1/44351] INFO  server.RaftServer (RaftServerProxy.java:lambda$start$5(374)) - om1: start RPC server
2021-06-21 17:58:17,494 [Listener at 127.0.0.1/44351] INFO  server.GrpcService (GrpcService.java:startImpl(253)) - om1: GrpcService started, listening on 9872
2021-06-21 17:58:17,495 [org.apache.ratis.util.JvmPauseMonitor$$Lambda$513/332907864@372de01e] INFO  util.JvmPauseMonitor (JvmPauseMonitor.java:run(103)) - JvmPauseMonitor-om1: Started
2021-06-21 17:58:17,498 [Listener at 127.0.0.1/44351] INFO  http.BaseHttpServer (BaseHttpServer.java:newHttpServer2BuilderForOzone(209)) - Starting Web-server for ozoneManager at: http://0.0.0.0:0
2021-06-21 17:58:17,498 [Listener at 127.0.0.1/44351] INFO  http.BaseHttpServer (BaseHttpServer.java:<init>(107)) - Hadoop Security Enabled: false Ozone Security Enabled: false Ozone HTTP Security Enabled: false 
2021-06-21 17:58:17,499 [Listener at 127.0.0.1/44351] INFO  server.AuthenticationFilter (AuthenticationFilter.java:constructSecretProvider(240)) - Unable to initialize FileSignerSecretProvider, falling back to use random secrets.
2021-06-21 17:58:17,501 [Listener at 127.0.0.1/44351] WARN  http.HttpRequestLog (HttpRequestLog.java:getRequestLog(103)) - Jetty request log can only be enabled using Log4j
2021-06-21 17:58:17,502 [Listener at 127.0.0.1/44351] INFO  http.HttpServer2 (HttpServer2.java:addGlobalFilter(1020)) - Added global filter 'safety' (class=org.apache.hadoop.hdds.server.http.HttpServer2$QuotingInputFilter)
2021-06-21 17:58:17,502 [Listener at 127.0.0.1/44351] INFO  http.HttpServer2 (HttpServer2.java:addFilter(996)) - Added filter static_user_filter (class=org.apache.hadoop.http.lib.StaticUserWebFilter$StaticUserFilter) to context ozoneManager
2021-06-21 17:58:17,503 [Listener at 127.0.0.1/44351] INFO  http.HttpServer2 (HttpServer2.java:addFilter(1004)) - Added filter static_user_filter (class=org.apache.hadoop.http.lib.StaticUserWebFilter$StaticUserFilter) to context static
2021-06-21 17:58:17,503 [Listener at 127.0.0.1/44351] INFO  http.HttpServer2 (HttpServer2.java:addFilter(1004)) - Added filter static_user_filter (class=org.apache.hadoop.http.lib.StaticUserWebFilter$StaticUserFilter) to context logs
2021-06-21 17:58:17,504 [Listener at 127.0.0.1/44351] INFO  http.HttpServer2 (HttpServer2.java:bindListener(1238)) - Jetty bound to port 36705
2021-06-21 17:58:17,504 [Listener at 127.0.0.1/44351] INFO  server.Server (Server.java:doStart(375)) - jetty-9.4.35.v20201120; built: 2020-11-20T21:17:03.964Z; git: bdc54f03a5e0a7e280fab27f55c3c75ee8da89fb; jvm 1.8.0_292-b10
2021-06-21 17:58:17,505 [Listener at 127.0.0.1/44351] INFO  server.session (DefaultSessionIdManager.java:doStart(334)) - DefaultSessionIdManager workerName=node0
2021-06-21 17:58:17,505 [Listener at 127.0.0.1/44351] INFO  server.session (DefaultSessionIdManager.java:doStart(339)) - No SessionScavenger set, using defaults
2021-06-21 17:58:17,505 [Listener at 127.0.0.1/44351] INFO  server.session (HouseKeeper.java:startScavenging(132)) - node0 Scavenging every 600000ms
2021-06-21 17:58:17,506 [Listener at 127.0.0.1/44351] INFO  handler.ContextHandler (ContextHandler.java:doStart(916)) - Started o.e.j.s.ServletContextHandler@763cf801{logs,/logs,file:///home/runner/work/ozone/ozone/mnt/ozone/hadoop-ozone/integration-test/target/log,AVAILABLE}
2021-06-21 17:58:17,506 [Listener at 127.0.0.1/44351] INFO  handler.ContextHandler (ContextHandler.java:doStart(916)) - Started o.e.j.s.ServletContextHandler@7861f03{static,/static,file:///home/runner/work/ozone/ozone/mnt/ozone/hadoop-ozone/integration-test/target/test-classes/webapps/static,AVAILABLE}
2021-06-21 17:58:17,510 [Listener at 127.0.0.1/44351] INFO  handler.ContextHandler (ContextHandler.java:doStart(916)) - Started o.e.j.w.WebAppContext@218ad3c0{ozoneManager,/,file:///home/runner/work/ozone/ozone/mnt/ozone/hadoop-ozone/integration-test/target/test-classes/webapps/ozoneManager/,AVAILABLE}{file:/home/runner/work/ozone/ozone/mnt/ozone/hadoop-ozone/integration-test/target/test-classes/webapps/ozoneManager}
2021-06-21 17:58:17,511 [Listener at 127.0.0.1/44351] INFO  server.AbstractConnector (AbstractConnector.java:doStart(331)) - Started ServerConnector@561d803{HTTP/1.1, (http/1.1)}{0.0.0.0:36705}
2021-06-21 17:58:17,511 [Listener at 127.0.0.1/44351] INFO  server.Server (Server.java:doStart(415)) - Started @19777ms
2021-06-21 17:58:17,511 [Listener at 127.0.0.1/44351] WARN  impl.MetricsSystemImpl (MetricsSystemImpl.java:register(279)) - Sink prometheus already exists!
2021-06-21 17:58:17,511 [Listener at 127.0.0.1/44351] INFO  http.BaseHttpServer (BaseHttpServer.java:updateConnectorAddress(329)) - HTTP server of ozoneManager listening at http://0.0.0.0:36705
2021-06-21 17:58:17,512 [IPC Server Responder] INFO  ipc.Server (Server.java:run(1497)) - IPC Server Responder: starting
2021-06-21 17:58:17,513 [IPC Server listener on 0] INFO  ipc.Server (Server.java:run(1334)) - IPC Server listener on 0: starting
2021-06-21 17:58:17,516 [Listener at 127.0.0.1/44351] INFO  om.OzoneManager (OzoneManager.java:startTrashEmptier(1251)) - Trash Interval set to 0. Files deleted will not move to trash
2021-06-21 17:58:17,517 [org.apache.hadoop.util.JvmPauseMonitor$Monitor@76ff3fb4] INFO  util.JvmPauseMonitor (JvmPauseMonitor.java:run(188)) - Starting JVM pause monitor
2021-06-21 17:58:17,528 [Listener at 127.0.0.1/44351] INFO  impl.MetricsSystemImpl (MetricsSystemImpl.java:init(158)) - HddsDatanode metrics system started (again)
2021-06-21 17:58:17,529 [Listener at 127.0.0.1/44351] INFO  ozone.HddsDatanodeService (HddsDatanodeService.java:start(221)) - HddsDatanodeService host:fv-az294-379.eaanfquahm5ulb5tj050gcxych.jx.internal.cloudapp.net ip:10.1.0.38
2021-06-21 17:58:17,548 [Listener at 127.0.0.1/44351] INFO  volume.HddsVolume (HddsVolume.java:<init>(119)) - Creating HddsVolume: /home/runner/work/ozone/ozone/mnt/ozone/hadoop-ozone/integration-test/target/test-dir/MiniOzoneClusterImpl-ccb1d6a7-04eb-495e-8a45-afc51195f32e/datanode-0/data-0/containers/hdds of storage type : DISK capacity : 9223372036854775807
2021-06-21 17:58:17,548 [Listener at 127.0.0.1/44351] INFO  volume.MutableVolumeSet (MutableVolumeSet.java:initializeVolumeSet(181)) - Added Volume : /home/runner/work/ozone/ozone/mnt/ozone/hadoop-ozone/integration-test/target/test-dir/MiniOzoneClusterImpl-ccb1d6a7-04eb-495e-8a45-afc51195f32e/datanode-0/data-0/containers/hdds to VolumeSet
2021-06-21 17:58:17,548 [Listener at 127.0.0.1/44351] INFO  volume.ThrottledAsyncChecker (ThrottledAsyncChecker.java:schedule(141)) - Scheduling a check for /home/runner/work/ozone/ozone/mnt/ozone/hadoop-ozone/integration-test/target/test-dir/MiniOzoneClusterImpl-ccb1d6a7-04eb-495e-8a45-afc51195f32e/datanode-0/data-0/containers/hdds
2021-06-21 17:58:17,549 [Listener at 127.0.0.1/44351] INFO  volume.StorageVolumeChecker (StorageVolumeChecker.java:checkAllVolumes(201)) - Scheduled health check for volume /home/runner/work/ozone/ozone/mnt/ozone/hadoop-ozone/integration-test/target/test-dir/MiniOzoneClusterImpl-ccb1d6a7-04eb-495e-8a45-afc51195f32e/datanode-0/data-0/containers/hdds
2021-06-21 17:58:17,562 [Listener at 127.0.0.1/44351] INFO  volume.MutableVolumeSet (MutableVolumeSet.java:initializeVolumeSet(181)) - Added Volume : /home/runner/work/ozone/ozone/mnt/ozone/hadoop-ozone/integration-test/target/test-dir/MiniOzoneClusterImpl-ccb1d6a7-04eb-495e-8a45-afc51195f32e/datanode-0/data/ratis to VolumeSet
2021-06-21 17:58:17,574 [Listener at 127.0.0.1/44351] INFO  ozoneimpl.ContainerReader (ContainerReader.java:<init>(98)) - Running in upgrade mode:true
2021-06-21 17:58:17,574 [Thread-280] INFO  ozoneimpl.ContainerReader (ContainerReader.java:readVolume(142)) - Start to verify containers on volume /home/runner/work/ozone/ozone/mnt/ozone/hadoop-ozone/integration-test/target/test-dir/MiniOzoneClusterImpl-ccb1d6a7-04eb-495e-8a45-afc51195f32e/datanode-0/data-0/containers/hdds
2021-06-21 17:58:17,574 [Thread-280] INFO  ozoneimpl.ContainerReader (ContainerReader.java:readVolume(174)) - Finish verifying containers on volume /home/runner/work/ozone/ozone/mnt/ozone/hadoop-ozone/integration-test/target/test-dir/MiniOzoneClusterImpl-ccb1d6a7-04eb-495e-8a45-afc51195f32e/datanode-0/data-0/containers/hdds
2021-06-21 17:58:17,575 [Listener at 127.0.0.1/44351] INFO  ozoneimpl.OzoneContainer (OzoneContainer.java:buildContainerSet(237)) - Build ContainerSet costs 0s
2021-06-21 17:58:17,577 [Listener at 127.0.0.1/44351] INFO  server.RaftServer (ConfUtils.java:logGet(44)) - raft.rpc.type = GRPC (default)
2021-06-21 17:58:17,577 [Listener at 127.0.0.1/44351] INFO  grpc.GrpcFactory (GrpcFactory.java:checkPooledByteBufAllocatorUseCacheForAllThreads(48)) - PERFORMANCE WARNING: useCacheForAllThreads is true that may cause Netty to create a lot garbage objects and, as a result, trigger GC.
	It is recommended to disable useCacheForAllThreads by setting -Dorg.apache.ratis.thirdparty.io.netty.allocator.useCacheForAllThreads=false in command line.
2021-06-21 17:58:17,577 [Listener at 127.0.0.1/44351] INFO  grpc.GrpcConfigKeys (ConfUtils.java:logGet(44)) - raft.grpc.admin.port = 0 (custom)
2021-06-21 17:58:17,577 [Listener at 127.0.0.1/44351] INFO  grpc.GrpcConfigKeys (ConfUtils.java:logGet(44)) - raft.grpc.client.port = 0 (custom)
2021-06-21 17:58:17,578 [Listener at 127.0.0.1/44351] INFO  grpc.GrpcConfigKeys (ConfUtils.java:logGet(44)) - raft.grpc.server.port = 0 (default)
2021-06-21 17:58:17,578 [Listener at 127.0.0.1/44351] INFO  server.GrpcService (ConfUtils.java:logGet(44)) - raft.grpc.message.size.max = 32MB (=33554432) (custom)
2021-06-21 17:58:17,578 [Listener at 127.0.0.1/44351] INFO  server.RaftServerConfigKeys (ConfUtils.java:logGet(44)) - raft.server.log.appender.buffer.byte-limit = 33554432 (custom)
2021-06-21 17:58:17,578 [Listener at 127.0.0.1/44351] INFO  server.GrpcService (ConfUtils.java:logGet(44)) - raft.grpc.flow.control.window = 5MB (=5242880) (custom)
2021-06-21 17:58:17,578 [Listener at 127.0.0.1/44351] INFO  server.RaftServerConfigKeys (ConfUtils.java:logGet(44)) - raft.server.rpc.request.timeout = 60s (custom)
2021-06-21 17:58:17,579 [Listener at 127.0.0.1/44351] INFO  impl.DataStreamServerImpl (ConfUtils.java:logGet(44)) - raft.datastream.type = DISABLED (default)
2021-06-21 17:58:17,580 [Listener at 127.0.0.1/44351] INFO  server.RaftServerConfigKeys (ConfUtils.java:logGet(44)) - raft.server.rpc.slowness.timeout = 300s (custom)
2021-06-21 17:58:17,580 [Listener at 127.0.0.1/44351] INFO  server.RaftServerConfigKeys (ConfUtils.java:logGet(44)) - raft.server.leaderelection.leader.step-down.wait-time = 10s (default)
2021-06-21 17:58:17,580 [Listener at 127.0.0.1/44351] INFO  server.RaftServerConfigKeys (ConfUtils.java:logGet(44)) - raft.server.storage.dir = [/home/runner/work/ozone/ozone/mnt/ozone/hadoop-ozone/integration-test/target/test-dir/MiniOzoneClusterImpl-ccb1d6a7-04eb-495e-8a45-afc51195f32e/datanode-0/data/ratis] (custom)
2021-06-21 17:58:17,583 [Listener at 127.0.0.1/44351] INFO  http.BaseHttpServer (BaseHttpServer.java:newHttpServer2BuilderForOzone(209)) - Starting Web-server for hddsDatanode at: http://0.0.0.0:0
2021-06-21 17:58:17,583 [Listener at 127.0.0.1/44351] INFO  http.BaseHttpServer (BaseHttpServer.java:<init>(107)) - Hadoop Security Enabled: false Ozone Security Enabled: false Ozone HTTP Security Enabled: false 
2021-06-21 17:58:17,584 [Listener at 127.0.0.1/44351] INFO  server.AuthenticationFilter (AuthenticationFilter.java:constructSecretProvider(240)) - Unable to initialize FileSignerSecretProvider, falling back to use random secrets.
2021-06-21 17:58:17,584 [Listener at 127.0.0.1/44351] WARN  http.HttpRequestLog (HttpRequestLog.java:getRequestLog(103)) - Jetty request log can only be enabled using Log4j
2021-06-21 17:58:17,585 [Listener at 127.0.0.1/44351] INFO  http.HttpServer2 (HttpServer2.java:addGlobalFilter(1020)) - Added global filter 'safety' (class=org.apache.hadoop.hdds.server.http.HttpServer2$QuotingInputFilter)
2021-06-21 17:58:17,586 [Listener at 127.0.0.1/44351] INFO  http.HttpServer2 (HttpServer2.java:addFilter(996)) - Added filter static_user_filter (class=org.apache.hadoop.http.lib.StaticUserWebFilter$StaticUserFilter) to context hddsDatanode
2021-06-21 17:58:17,586 [Listener at 127.0.0.1/44351] INFO  http.HttpServer2 (HttpServer2.java:addFilter(1004)) - Added filter static_user_filter (class=org.apache.hadoop.http.lib.StaticUserWebFilter$StaticUserFilter) to context static
2021-06-21 17:58:17,586 [Listener at 127.0.0.1/44351] INFO  http.HttpServer2 (HttpServer2.java:addFilter(1004)) - Added filter static_user_filter (class=org.apache.hadoop.http.lib.StaticUserWebFilter$StaticUserFilter) to context logs
2021-06-21 17:58:17,587 [Listener at 127.0.0.1/44351] INFO  http.HttpServer2 (HttpServer2.java:bindListener(1238)) - Jetty bound to port 40091
2021-06-21 17:58:17,587 [Listener at 127.0.0.1/44351] INFO  server.Server (Server.java:doStart(375)) - jetty-9.4.35.v20201120; built: 2020-11-20T21:17:03.964Z; git: bdc54f03a5e0a7e280fab27f55c3c75ee8da89fb; jvm 1.8.0_292-b10
2021-06-21 17:58:17,594 [Listener at 127.0.0.1/44351] INFO  server.session (DefaultSessionIdManager.java:doStart(334)) - DefaultSessionIdManager workerName=node0
2021-06-21 17:58:17,594 [Listener at 127.0.0.1/44351] INFO  server.session (DefaultSessionIdManager.java:doStart(339)) - No SessionScavenger set, using defaults
2021-06-21 17:58:17,594 [Listener at 127.0.0.1/44351] INFO  server.session (HouseKeeper.java:startScavenging(132)) - node0 Scavenging every 660000ms
2021-06-21 17:58:17,595 [Listener at 127.0.0.1/44351] INFO  handler.ContextHandler (ContextHandler.java:doStart(916)) - Started o.e.j.s.ServletContextHandler@7eb91c1e{logs,/logs,file:///home/runner/work/ozone/ozone/mnt/ozone/hadoop-ozone/integration-test/target/log,AVAILABLE}
2021-06-21 17:58:17,595 [Listener at 127.0.0.1/44351] INFO  handler.ContextHandler (ContextHandler.java:doStart(916)) - Started o.e.j.s.ServletContextHandler@7518ff6d{static,/static,jar:file:/home/runner/.m2/repository/org/apache/ozone/hdds-container-service/1.2.0-SNAPSHOT/hdds-container-service-1.2.0-SNAPSHOT.jar!/webapps/static,AVAILABLE}
2021-06-21 17:58:17,639 [Listener at 127.0.0.1/44351] INFO  handler.ContextHandler (ContextHandler.java:doStart(916)) - Started o.e.j.w.WebAppContext@35b1906b{hddsDatanode,/,file:///tmp/jetty-0_0_0_0-40091-hdds-container-service-1_2_0-SNAPSHOT_jar-_-any-759091736329803050/webapp/,AVAILABLE}{jar:file:/home/runner/.m2/repository/org/apache/ozone/hdds-container-service/1.2.0-SNAPSHOT/hdds-container-service-1.2.0-SNAPSHOT.jar!/webapps/hddsDatanode}
2021-06-21 17:58:17,640 [Listener at 127.0.0.1/44351] INFO  server.AbstractConnector (AbstractConnector.java:doStart(331)) - Started ServerConnector@27cf3969{HTTP/1.1, (http/1.1)}{0.0.0.0:40091}
2021-06-21 17:58:17,641 [Listener at 127.0.0.1/44351] INFO  server.Server (Server.java:doStart(415)) - Started @19907ms
2021-06-21 17:58:17,641 [Listener at 127.0.0.1/44351] WARN  impl.MetricsSystemImpl (MetricsSystemImpl.java:register(279)) - Sink prometheus already exists!
2021-06-21 17:58:17,641 [Listener at 127.0.0.1/44351] INFO  http.BaseHttpServer (BaseHttpServer.java:updateConnectorAddress(329)) - HTTP server of hddsDatanode listening at http://0.0.0.0:40091
2021-06-21 17:58:17,642 [Listener at 127.0.0.1/44351] INFO  impl.MetricsSystemImpl (MetricsSystemImpl.java:init(158)) - HddsDatanode metrics system started (again)
2021-06-21 17:58:17,643 [Listener at 127.0.0.1/44351] INFO  ozone.HddsDatanodeService (HddsDatanodeService.java:start(221)) - HddsDatanodeService host:fv-az294-379.eaanfquahm5ulb5tj050gcxych.jx.internal.cloudapp.net ip:10.1.0.38
2021-06-21 17:58:17,651 [org.apache.hadoop.util.JvmPauseMonitor$Monitor@e4e44b3] INFO  util.JvmPauseMonitor (JvmPauseMonitor.java:run(188)) - Starting JVM pause monitor
2021-06-21 17:58:17,658 [Datanode State Machine Task Thread - 0] INFO  datanode.InitDatanodeState (InitDatanodeState.java:persistContainerDatanodeDetails(145)) - DatanodeDetails is persisted to /home/runner/work/ozone/ozone/mnt/ozone/hadoop-ozone/integration-test/target/test-dir/MiniOzoneClusterImpl-ccb1d6a7-04eb-495e-8a45-afc51195f32e/datanode-0/meta/datanode.id
2021-06-21 17:58:17,670 [Listener at 127.0.0.1/44351] INFO  volume.HddsVolume (HddsVolume.java:<init>(119)) - Creating HddsVolume: /home/runner/work/ozone/ozone/mnt/ozone/hadoop-ozone/integration-test/target/test-dir/MiniOzoneClusterImpl-ccb1d6a7-04eb-495e-8a45-afc51195f32e/datanode-1/data-0/containers/hdds of storage type : DISK capacity : 9223372036854775807
2021-06-21 17:58:17,671 [Listener at 127.0.0.1/44351] INFO  volume.MutableVolumeSet (MutableVolumeSet.java:initializeVolumeSet(181)) - Added Volume : /home/runner/work/ozone/ozone/mnt/ozone/hadoop-ozone/integration-test/target/test-dir/MiniOzoneClusterImpl-ccb1d6a7-04eb-495e-8a45-afc51195f32e/datanode-1/data-0/containers/hdds to VolumeSet
2021-06-21 17:58:17,671 [Listener at 127.0.0.1/44351] INFO  volume.ThrottledAsyncChecker (ThrottledAsyncChecker.java:schedule(141)) - Scheduling a check for /home/runner/work/ozone/ozone/mnt/ozone/hadoop-ozone/integration-test/target/test-dir/MiniOzoneClusterImpl-ccb1d6a7-04eb-495e-8a45-afc51195f32e/datanode-1/data-0/containers/hdds
2021-06-21 17:58:17,672 [Listener at 127.0.0.1/44351] INFO  volume.StorageVolumeChecker (StorageVolumeChecker.java:checkAllVolumes(201)) - Scheduled health check for volume /home/runner/work/ozone/ozone/mnt/ozone/hadoop-ozone/integration-test/target/test-dir/MiniOzoneClusterImpl-ccb1d6a7-04eb-495e-8a45-afc51195f32e/datanode-1/data-0/containers/hdds
2021-06-21 17:58:17,685 [Listener at 127.0.0.1/44351] INFO  volume.MutableVolumeSet (MutableVolumeSet.java:initializeVolumeSet(181)) - Added Volume : /home/runner/work/ozone/ozone/mnt/ozone/hadoop-ozone/integration-test/target/test-dir/MiniOzoneClusterImpl-ccb1d6a7-04eb-495e-8a45-afc51195f32e/datanode-1/data/ratis to VolumeSet
2021-06-21 17:58:17,698 [Listener at 127.0.0.1/44351] INFO  ozoneimpl.ContainerReader (ContainerReader.java:<init>(98)) - Running in upgrade mode:true
2021-06-21 17:58:17,701 [Thread-291] INFO  ozoneimpl.ContainerReader (ContainerReader.java:readVolume(142)) - Start to verify containers on volume /home/runner/work/ozone/ozone/mnt/ozone/hadoop-ozone/integration-test/target/test-dir/MiniOzoneClusterImpl-ccb1d6a7-04eb-495e-8a45-afc51195f32e/datanode-1/data-0/containers/hdds
2021-06-21 17:58:17,702 [Thread-291] INFO  ozoneimpl.ContainerReader (ContainerReader.java:readVolume(174)) - Finish verifying containers on volume /home/runner/work/ozone/ozone/mnt/ozone/hadoop-ozone/integration-test/target/test-dir/MiniOzoneClusterImpl-ccb1d6a7-04eb-495e-8a45-afc51195f32e/datanode-1/data-0/containers/hdds
2021-06-21 17:58:17,702 [Listener at 127.0.0.1/44351] INFO  ozoneimpl.OzoneContainer (OzoneContainer.java:buildContainerSet(237)) - Build ContainerSet costs 0s
2021-06-21 17:58:17,704 [Listener at 127.0.0.1/44351] INFO  server.RaftServer (ConfUtils.java:logGet(44)) - raft.rpc.type = GRPC (default)
2021-06-21 17:58:17,705 [Listener at 127.0.0.1/44351] INFO  grpc.GrpcFactory (GrpcFactory.java:checkPooledByteBufAllocatorUseCacheForAllThreads(48)) - PERFORMANCE WARNING: useCacheForAllThreads is true that may cause Netty to create a lot garbage objects and, as a result, trigger GC.
	It is recommended to disable useCacheForAllThreads by setting -Dorg.apache.ratis.thirdparty.io.netty.allocator.useCacheForAllThreads=false in command line.
2021-06-21 17:58:17,705 [Listener at 127.0.0.1/44351] INFO  grpc.GrpcConfigKeys (ConfUtils.java:logGet(44)) - raft.grpc.admin.port = 0 (custom)
2021-06-21 17:58:17,705 [Listener at 127.0.0.1/44351] INFO  grpc.GrpcConfigKeys (ConfUtils.java:logGet(44)) - raft.grpc.client.port = 0 (custom)
2021-06-21 17:58:17,705 [Listener at 127.0.0.1/44351] INFO  grpc.GrpcConfigKeys (ConfUtils.java:logGet(44)) - raft.grpc.server.port = 0 (default)
2021-06-21 17:58:17,705 [Listener at 127.0.0.1/44351] INFO  server.GrpcService (ConfUtils.java:logGet(44)) - raft.grpc.message.size.max = 32MB (=33554432) (custom)
2021-06-21 17:58:17,705 [Listener at 127.0.0.1/44351] INFO  server.RaftServerConfigKeys (ConfUtils.java:logGet(44)) - raft.server.log.appender.buffer.byte-limit = 33554432 (custom)
2021-06-21 17:58:17,705 [Listener at 127.0.0.1/44351] INFO  server.GrpcService (ConfUtils.java:logGet(44)) - raft.grpc.flow.control.window = 5MB (=5242880) (custom)
2021-06-21 17:58:17,706 [Listener at 127.0.0.1/44351] INFO  server.RaftServerConfigKeys (ConfUtils.java:logGet(44)) - raft.server.rpc.request.timeout = 60s (custom)
2021-06-21 17:58:17,707 [Listener at 127.0.0.1/44351] INFO  impl.DataStreamServerImpl (ConfUtils.java:logGet(44)) - raft.datastream.type = DISABLED (default)
2021-06-21 17:58:17,707 [Listener at 127.0.0.1/44351] INFO  server.RaftServerConfigKeys (ConfUtils.java:logGet(44)) - raft.server.rpc.slowness.timeout = 300s (custom)
2021-06-21 17:58:17,707 [Listener at 127.0.0.1/44351] INFO  server.RaftServerConfigKeys (ConfUtils.java:logGet(44)) - raft.server.leaderelection.leader.step-down.wait-time = 10s (default)
2021-06-21 17:58:17,707 [Listener at 127.0.0.1/44351] INFO  server.RaftServerConfigKeys (ConfUtils.java:logGet(44)) - raft.server.storage.dir = [/home/runner/work/ozone/ozone/mnt/ozone/hadoop-ozone/integration-test/target/test-dir/MiniOzoneClusterImpl-ccb1d6a7-04eb-495e-8a45-afc51195f32e/datanode-1/data/ratis] (custom)
2021-06-21 17:58:17,710 [Listener at 127.0.0.1/44351] INFO  http.BaseHttpServer (BaseHttpServer.java:newHttpServer2BuilderForOzone(209)) - Starting Web-server for hddsDatanode at: http://0.0.0.0:0
2021-06-21 17:58:17,710 [Listener at 127.0.0.1/44351] INFO  http.BaseHttpServer (BaseHttpServer.java:<init>(107)) - Hadoop Security Enabled: false Ozone Security Enabled: false Ozone HTTP Security Enabled: false 
2021-06-21 17:58:17,711 [Listener at 127.0.0.1/44351] INFO  server.AuthenticationFilter (AuthenticationFilter.java:constructSecretProvider(240)) - Unable to initialize FileSignerSecretProvider, falling back to use random secrets.
2021-06-21 17:58:17,713 [Listener at 127.0.0.1/44351] WARN  http.HttpRequestLog (HttpRequestLog.java:getRequestLog(103)) - Jetty request log can only be enabled using Log4j
2021-06-21 17:58:17,714 [Listener at 127.0.0.1/44351] INFO  http.HttpServer2 (HttpServer2.java:addGlobalFilter(1020)) - Added global filter 'safety' (class=org.apache.hadoop.hdds.server.http.HttpServer2$QuotingInputFilter)
2021-06-21 17:58:17,715 [Listener at 127.0.0.1/44351] INFO  http.HttpServer2 (HttpServer2.java:addFilter(996)) - Added filter static_user_filter (class=org.apache.hadoop.http.lib.StaticUserWebFilter$StaticUserFilter) to context hddsDatanode
2021-06-21 17:58:17,715 [Listener at 127.0.0.1/44351] INFO  http.HttpServer2 (HttpServer2.java:addFilter(1004)) - Added filter static_user_filter (class=org.apache.hadoop.http.lib.StaticUserWebFilter$StaticUserFilter) to context static
2021-06-21 17:58:17,715 [Listener at 127.0.0.1/44351] INFO  http.HttpServer2 (HttpServer2.java:addFilter(1004)) - Added filter static_user_filter (class=org.apache.hadoop.http.lib.StaticUserWebFilter$StaticUserFilter) to context logs
2021-06-21 17:58:17,716 [Listener at 127.0.0.1/44351] INFO  http.HttpServer2 (HttpServer2.java:bindListener(1238)) - Jetty bound to port 45721
2021-06-21 17:58:17,716 [Listener at 127.0.0.1/44351] INFO  server.Server (Server.java:doStart(375)) - jetty-9.4.35.v20201120; built: 2020-11-20T21:17:03.964Z; git: bdc54f03a5e0a7e280fab27f55c3c75ee8da89fb; jvm 1.8.0_292-b10
2021-06-21 17:58:17,718 [Listener at 127.0.0.1/44351] INFO  server.session (DefaultSessionIdManager.java:doStart(334)) - DefaultSessionIdManager workerName=node0
2021-06-21 17:58:17,718 [Listener at 127.0.0.1/44351] INFO  server.session (DefaultSessionIdManager.java:doStart(339)) - No SessionScavenger set, using defaults
2021-06-21 17:58:17,718 [Listener at 127.0.0.1/44351] INFO  server.session (HouseKeeper.java:startScavenging(132)) - node0 Scavenging every 660000ms
2021-06-21 17:58:17,719 [Listener at 127.0.0.1/44351] INFO  handler.ContextHandler (ContextHandler.java:doStart(916)) - Started o.e.j.s.ServletContextHandler@dbe0d7{logs,/logs,file:///home/runner/work/ozone/ozone/mnt/ozone/hadoop-ozone/integration-test/target/log,AVAILABLE}
2021-06-21 17:58:17,719 [Listener at 127.0.0.1/44351] INFO  handler.ContextHandler (ContextHandler.java:doStart(916)) - Started o.e.j.s.ServletContextHandler@5679e5ed{static,/static,jar:file:/home/runner/.m2/repository/org/apache/ozone/hdds-container-service/1.2.0-SNAPSHOT/hdds-container-service-1.2.0-SNAPSHOT.jar!/webapps/static,AVAILABLE}
2021-06-21 17:58:17,762 [Listener at 127.0.0.1/44351] INFO  handler.ContextHandler (ContextHandler.java:doStart(916)) - Started o.e.j.w.WebAppContext@655afef7{hddsDatanode,/,file:///tmp/jetty-0_0_0_0-45721-hdds-container-service-1_2_0-SNAPSHOT_jar-_-any-6318903854496619062/webapp/,AVAILABLE}{jar:file:/home/runner/.m2/repository/org/apache/ozone/hdds-container-service/1.2.0-SNAPSHOT/hdds-container-service-1.2.0-SNAPSHOT.jar!/webapps/hddsDatanode}
2021-06-21 17:58:17,763 [Listener at 127.0.0.1/44351] INFO  server.AbstractConnector (AbstractConnector.java:doStart(331)) - Started ServerConnector@663730d5{HTTP/1.1, (http/1.1)}{0.0.0.0:45721}
2021-06-21 17:58:17,763 [Listener at 127.0.0.1/44351] INFO  server.Server (Server.java:doStart(415)) - Started @20030ms
2021-06-21 17:58:17,764 [Listener at 127.0.0.1/44351] WARN  impl.MetricsSystemImpl (MetricsSystemImpl.java:register(279)) - Sink prometheus already exists!
2021-06-21 17:58:17,765 [Listener at 127.0.0.1/44351] INFO  http.BaseHttpServer (BaseHttpServer.java:updateConnectorAddress(329)) - HTTP server of hddsDatanode listening at http://0.0.0.0:45721
2021-06-21 17:58:17,765 [Listener at 127.0.0.1/44351] INFO  impl.MetricsSystemImpl (MetricsSystemImpl.java:init(158)) - HddsDatanode metrics system started (again)
2021-06-21 17:58:17,767 [Listener at 127.0.0.1/44351] INFO  ozone.HddsDatanodeService (HddsDatanodeService.java:start(221)) - HddsDatanodeService host:fv-az294-379.eaanfquahm5ulb5tj050gcxych.jx.internal.cloudapp.net ip:10.1.0.38
2021-06-21 17:58:17,771 [org.apache.hadoop.util.JvmPauseMonitor$Monitor@775a17e5] INFO  util.JvmPauseMonitor (JvmPauseMonitor.java:run(188)) - Starting JVM pause monitor
2021-06-21 17:58:17,777 [Datanode State Machine Task Thread - 0] INFO  datanode.InitDatanodeState (InitDatanodeState.java:persistContainerDatanodeDetails(145)) - DatanodeDetails is persisted to /home/runner/work/ozone/ozone/mnt/ozone/hadoop-ozone/integration-test/target/test-dir/MiniOzoneClusterImpl-ccb1d6a7-04eb-495e-8a45-afc51195f32e/datanode-1/meta/datanode.id
2021-06-21 17:58:17,794 [Listener at 127.0.0.1/44351] INFO  volume.HddsVolume (HddsVolume.java:<init>(119)) - Creating HddsVolume: /home/runner/work/ozone/ozone/mnt/ozone/hadoop-ozone/integration-test/target/test-dir/MiniOzoneClusterImpl-ccb1d6a7-04eb-495e-8a45-afc51195f32e/datanode-2/data-0/containers/hdds of storage type : DISK capacity : 9223372036854775807
2021-06-21 17:58:17,794 [Listener at 127.0.0.1/44351] INFO  volume.MutableVolumeSet (MutableVolumeSet.java:initializeVolumeSet(181)) - Added Volume : /home/runner/work/ozone/ozone/mnt/ozone/hadoop-ozone/integration-test/target/test-dir/MiniOzoneClusterImpl-ccb1d6a7-04eb-495e-8a45-afc51195f32e/datanode-2/data-0/containers/hdds to VolumeSet
2021-06-21 17:58:17,794 [Listener at 127.0.0.1/44351] INFO  volume.ThrottledAsyncChecker (ThrottledAsyncChecker.java:schedule(141)) - Scheduling a check for /home/runner/work/ozone/ozone/mnt/ozone/hadoop-ozone/integration-test/target/test-dir/MiniOzoneClusterImpl-ccb1d6a7-04eb-495e-8a45-afc51195f32e/datanode-2/data-0/containers/hdds
2021-06-21 17:58:17,795 [Listener at 127.0.0.1/44351] INFO  volume.StorageVolumeChecker (StorageVolumeChecker.java:checkAllVolumes(201)) - Scheduled health check for volume /home/runner/work/ozone/ozone/mnt/ozone/hadoop-ozone/integration-test/target/test-dir/MiniOzoneClusterImpl-ccb1d6a7-04eb-495e-8a45-afc51195f32e/datanode-2/data-0/containers/hdds
2021-06-21 17:58:17,808 [Listener at 127.0.0.1/44351] INFO  volume.MutableVolumeSet (MutableVolumeSet.java:initializeVolumeSet(181)) - Added Volume : /home/runner/work/ozone/ozone/mnt/ozone/hadoop-ozone/integration-test/target/test-dir/MiniOzoneClusterImpl-ccb1d6a7-04eb-495e-8a45-afc51195f32e/datanode-2/data/ratis to VolumeSet
2021-06-21 17:58:17,820 [Listener at 127.0.0.1/44351] INFO  ozoneimpl.ContainerReader (ContainerReader.java:<init>(98)) - Running in upgrade mode:true
2021-06-21 17:58:17,820 [Thread-302] INFO  ozoneimpl.ContainerReader (ContainerReader.java:readVolume(142)) - Start to verify containers on volume /home/runner/work/ozone/ozone/mnt/ozone/hadoop-ozone/integration-test/target/test-dir/MiniOzoneClusterImpl-ccb1d6a7-04eb-495e-8a45-afc51195f32e/datanode-2/data-0/containers/hdds
2021-06-21 17:58:17,820 [Thread-302] INFO  ozoneimpl.ContainerReader (ContainerReader.java:readVolume(174)) - Finish verifying containers on volume /home/runner/work/ozone/ozone/mnt/ozone/hadoop-ozone/integration-test/target/test-dir/MiniOzoneClusterImpl-ccb1d6a7-04eb-495e-8a45-afc51195f32e/datanode-2/data-0/containers/hdds
2021-06-21 17:58:17,820 [Listener at 127.0.0.1/44351] INFO  ozoneimpl.OzoneContainer (OzoneContainer.java:buildContainerSet(237)) - Build ContainerSet costs 0s
2021-06-21 17:58:17,823 [Listener at 127.0.0.1/44351] INFO  server.RaftServer (ConfUtils.java:logGet(44)) - raft.rpc.type = GRPC (default)
2021-06-21 17:58:17,823 [Listener at 127.0.0.1/44351] INFO  grpc.GrpcFactory (GrpcFactory.java:checkPooledByteBufAllocatorUseCacheForAllThreads(48)) - PERFORMANCE WARNING: useCacheForAllThreads is true that may cause Netty to create a lot garbage objects and, as a result, trigger GC.
	It is recommended to disable useCacheForAllThreads by setting -Dorg.apache.ratis.thirdparty.io.netty.allocator.useCacheForAllThreads=false in command line.
2021-06-21 17:58:17,823 [Listener at 127.0.0.1/44351] INFO  grpc.GrpcConfigKeys (ConfUtils.java:logGet(44)) - raft.grpc.admin.port = 0 (custom)
2021-06-21 17:58:17,824 [Listener at 127.0.0.1/44351] INFO  grpc.GrpcConfigKeys (ConfUtils.java:logGet(44)) - raft.grpc.client.port = 0 (custom)
2021-06-21 17:58:17,824 [Listener at 127.0.0.1/44351] INFO  grpc.GrpcConfigKeys (ConfUtils.java:logGet(44)) - raft.grpc.server.port = 0 (default)
2021-06-21 17:58:17,824 [Listener at 127.0.0.1/44351] INFO  server.GrpcService (ConfUtils.java:logGet(44)) - raft.grpc.message.size.max = 32MB (=33554432) (custom)
2021-06-21 17:58:17,824 [Listener at 127.0.0.1/44351] INFO  server.RaftServerConfigKeys (ConfUtils.java:logGet(44)) - raft.server.log.appender.buffer.byte-limit = 33554432 (custom)
2021-06-21 17:58:17,824 [Listener at 127.0.0.1/44351] INFO  server.GrpcService (ConfUtils.java:logGet(44)) - raft.grpc.flow.control.window = 5MB (=5242880) (custom)
2021-06-21 17:58:17,824 [Listener at 127.0.0.1/44351] INFO  server.RaftServerConfigKeys (ConfUtils.java:logGet(44)) - raft.server.rpc.request.timeout = 60s (custom)
2021-06-21 17:58:17,828 [Listener at 127.0.0.1/44351] INFO  impl.DataStreamServerImpl (ConfUtils.java:logGet(44)) - raft.datastream.type = DISABLED (default)
2021-06-21 17:58:17,828 [Listener at 127.0.0.1/44351] INFO  server.RaftServerConfigKeys (ConfUtils.java:logGet(44)) - raft.server.rpc.slowness.timeout = 300s (custom)
2021-06-21 17:58:17,828 [Listener at 127.0.0.1/44351] INFO  server.RaftServerConfigKeys (ConfUtils.java:logGet(44)) - raft.server.leaderelection.leader.step-down.wait-time = 10s (default)
2021-06-21 17:58:17,828 [Listener at 127.0.0.1/44351] INFO  server.RaftServerConfigKeys (ConfUtils.java:logGet(44)) - raft.server.storage.dir = [/home/runner/work/ozone/ozone/mnt/ozone/hadoop-ozone/integration-test/target/test-dir/MiniOzoneClusterImpl-ccb1d6a7-04eb-495e-8a45-afc51195f32e/datanode-2/data/ratis] (custom)
2021-06-21 17:58:17,831 [Listener at 127.0.0.1/44351] INFO  http.BaseHttpServer (BaseHttpServer.java:newHttpServer2BuilderForOzone(209)) - Starting Web-server for hddsDatanode at: http://0.0.0.0:0
2021-06-21 17:58:17,831 [Listener at 127.0.0.1/44351] INFO  http.BaseHttpServer (BaseHttpServer.java:<init>(107)) - Hadoop Security Enabled: false Ozone Security Enabled: false Ozone HTTP Security Enabled: false 
2021-06-21 17:58:17,832 [Listener at 127.0.0.1/44351] INFO  server.AuthenticationFilter (AuthenticationFilter.java:constructSecretProvider(240)) - Unable to initialize FileSignerSecretProvider, falling back to use random secrets.
2021-06-21 17:58:17,833 [Listener at 127.0.0.1/44351] WARN  http.HttpRequestLog (HttpRequestLog.java:getRequestLog(103)) - Jetty request log can only be enabled using Log4j
2021-06-21 17:58:17,834 [Listener at 127.0.0.1/44351] INFO  http.HttpServer2 (HttpServer2.java:addGlobalFilter(1020)) - Added global filter 'safety' (class=org.apache.hadoop.hdds.server.http.HttpServer2$QuotingInputFilter)
2021-06-21 17:58:17,835 [Listener at 127.0.0.1/44351] INFO  http.HttpServer2 (HttpServer2.java:addFilter(996)) - Added filter static_user_filter (class=org.apache.hadoop.http.lib.StaticUserWebFilter$StaticUserFilter) to context hddsDatanode
2021-06-21 17:58:17,835 [Listener at 127.0.0.1/44351] INFO  http.HttpServer2 (HttpServer2.java:addFilter(1004)) - Added filter static_user_filter (class=org.apache.hadoop.http.lib.StaticUserWebFilter$StaticUserFilter) to context logs
2021-06-21 17:58:17,835 [Listener at 127.0.0.1/44351] INFO  http.HttpServer2 (HttpServer2.java:addFilter(1004)) - Added filter static_user_filter (class=org.apache.hadoop.http.lib.StaticUserWebFilter$StaticUserFilter) to context static
2021-06-21 17:58:17,836 [Listener at 127.0.0.1/44351] INFO  http.HttpServer2 (HttpServer2.java:bindListener(1238)) - Jetty bound to port 41023
2021-06-21 17:58:17,836 [Listener at 127.0.0.1/44351] INFO  server.Server (Server.java:doStart(375)) - jetty-9.4.35.v20201120; built: 2020-11-20T21:17:03.964Z; git: bdc54f03a5e0a7e280fab27f55c3c75ee8da89fb; jvm 1.8.0_292-b10
2021-06-21 17:58:17,837 [Listener at 127.0.0.1/44351] INFO  server.session (DefaultSessionIdManager.java:doStart(334)) - DefaultSessionIdManager workerName=node0
2021-06-21 17:58:17,837 [Listener at 127.0.0.1/44351] INFO  server.session (DefaultSessionIdManager.java:doStart(339)) - No SessionScavenger set, using defaults
2021-06-21 17:58:17,837 [Listener at 127.0.0.1/44351] INFO  server.session (HouseKeeper.java:startScavenging(132)) - node0 Scavenging every 600000ms
2021-06-21 17:58:17,839 [Listener at 127.0.0.1/44351] INFO  handler.ContextHandler (ContextHandler.java:doStart(916)) - Started o.e.j.s.ServletContextHandler@7f752666{logs,/logs,file:///home/runner/work/ozone/ozone/mnt/ozone/hadoop-ozone/integration-test/target/log,AVAILABLE}
2021-06-21 17:58:17,839 [Listener at 127.0.0.1/44351] INFO  handler.ContextHandler (ContextHandler.java:doStart(916)) - Started o.e.j.s.ServletContextHandler@757408df{static,/static,jar:file:/home/runner/.m2/repository/org/apache/ozone/hdds-container-service/1.2.0-SNAPSHOT/hdds-container-service-1.2.0-SNAPSHOT.jar!/webapps/static,AVAILABLE}
2021-06-21 17:58:17,883 [Listener at 127.0.0.1/44351] INFO  handler.ContextHandler (ContextHandler.java:doStart(916)) - Started o.e.j.w.WebAppContext@66276614{hddsDatanode,/,file:///tmp/jetty-0_0_0_0-41023-hdds-container-service-1_2_0-SNAPSHOT_jar-_-any-3814679109214678663/webapp/,AVAILABLE}{jar:file:/home/runner/.m2/repository/org/apache/ozone/hdds-container-service/1.2.0-SNAPSHOT/hdds-container-service-1.2.0-SNAPSHOT.jar!/webapps/hddsDatanode}
2021-06-21 17:58:17,885 [Listener at 127.0.0.1/44351] INFO  server.AbstractConnector (AbstractConnector.java:doStart(331)) - Started ServerConnector@4d9fd198{HTTP/1.1, (http/1.1)}{0.0.0.0:41023}
2021-06-21 17:58:17,885 [Listener at 127.0.0.1/44351] INFO  server.Server (Server.java:doStart(415)) - Started @20151ms
2021-06-21 17:58:17,885 [Listener at 127.0.0.1/44351] WARN  impl.MetricsSystemImpl (MetricsSystemImpl.java:register(279)) - Sink prometheus already exists!
2021-06-21 17:58:17,886 [Listener at 127.0.0.1/44351] INFO  http.BaseHttpServer (BaseHttpServer.java:updateConnectorAddress(329)) - HTTP server of hddsDatanode listening at http://0.0.0.0:41023
2021-06-21 17:58:17,887 [Listener at 127.0.0.1/44351] INFO  ozone.MiniOzoneClusterImpl (MiniOzoneClusterImpl.java:lambda$waitForClusterToBeReady$0(227)) - Waiting for nodes to be ready. Got 0 of 3 DN Heartbeats.
2021-06-21 17:58:17,887 [Listener at 127.0.0.1/44351] INFO  ozone.MiniOzoneClusterImpl (MiniOzoneClusterImpl.java:lambda$waitForClusterToBeReady$0(230)) - Waiting for cluster to exit safe mode
2021-06-21 17:58:17,887 [Listener at 127.0.0.1/44351] INFO  ozone.MiniOzoneClusterImpl (MiniOzoneClusterImpl.java:lambda$waitForClusterToBeReady$0(232)) - SCM became leader
2021-06-21 17:58:17,897 [org.apache.hadoop.util.JvmPauseMonitor$Monitor@65798e0a] INFO  util.JvmPauseMonitor (JvmPauseMonitor.java:run(188)) - Starting JVM pause monitor
2021-06-21 17:58:17,903 [Datanode State Machine Task Thread - 0] INFO  datanode.InitDatanodeState (InitDatanodeState.java:persistContainerDatanodeDetails(145)) - DatanodeDetails is persisted to /home/runner/work/ozone/ozone/mnt/ozone/hadoop-ozone/integration-test/target/test-dir/MiniOzoneClusterImpl-ccb1d6a7-04eb-495e-8a45-afc51195f32e/datanode-2/meta/datanode.id
2021-06-21 17:58:18,503 [om1@group-C5BA1605619E-FollowerState] INFO  impl.FollowerState (FollowerState.java:run(134)) - om1@group-C5BA1605619E-FollowerState: change to CANDIDATE, lastRpcElapsedTime:1011946708ns, electionTimeout:1006ms
2021-06-21 17:58:18,505 [om1@group-C5BA1605619E-FollowerState] INFO  impl.RoleInfo (RoleInfo.java:shutdownFollowerState(108)) - om1: shutdown om1@group-C5BA1605619E-FollowerState
2021-06-21 17:58:18,505 [om1@group-C5BA1605619E-FollowerState] INFO  server.RaftServer$Division (RaftServerImpl.java:setRole(284)) - om1@group-C5BA1605619E: changes role from  FOLLOWER to CANDIDATE at term 0 for changeToCandidate
2021-06-21 17:58:18,505 [om1@group-C5BA1605619E-FollowerState] INFO  server.RaftServerConfigKeys (ConfUtils.java:logGet(44)) - raft.server.leaderelection.pre-vote = false (custom)
2021-06-21 17:58:18,505 [om1@group-C5BA1605619E-FollowerState] INFO  impl.RoleInfo (RoleInfo.java:updateAndGet(130)) - om1: start om1@group-C5BA1605619E-LeaderElection3
2021-06-21 17:58:18,508 [om1@group-C5BA1605619E-LeaderElection3] INFO  impl.LeaderElection (LeaderElection.java:askForVotes(306)) - om1@group-C5BA1605619E-LeaderElection3 ELECTION round 0: submit vote requests at term 1 for -1: [om1|rpc:localhost:9872|priority:0], old=null
2021-06-21 17:58:18,508 [om1@group-C5BA1605619E-LeaderElection3] INFO  impl.LeaderElection (LeaderElection.java:askForVotes(308)) - om1@group-C5BA1605619E-LeaderElection3 ELECTION round 0: result PASSED (term=1)
2021-06-21 17:58:18,509 [om1@group-C5BA1605619E-LeaderElection3] INFO  impl.RoleInfo (RoleInfo.java:shutdownLeaderElection(121)) - om1: shutdown om1@group-C5BA1605619E-LeaderElection3
2021-06-21 17:58:18,509 [om1@group-C5BA1605619E-LeaderElection3] INFO  server.RaftServer$Division (RaftServerImpl.java:setRole(284)) - om1@group-C5BA1605619E: changes role from CANDIDATE to LEADER at term 1 for changeToLeader
2021-06-21 17:58:18,509 [om1@group-C5BA1605619E-LeaderElection3] INFO  server.RaftServer$Division (ServerState.java:setLeader(271)) - om1@group-C5BA1605619E: change Leader from null to om1 at term 1 for becomeLeader, leader elected after 1044ms
2021-06-21 17:58:18,509 [om1@group-C5BA1605619E-LeaderElection3] INFO  server.RaftServerConfigKeys (ConfUtils.java:logGet(44)) - raft.server.staging.catchup.gap = 1000 (default)
2021-06-21 17:58:18,509 [om1@group-C5BA1605619E-LeaderElection3] INFO  metrics.RatisMetrics (RatisMetrics.java:lambda$create$0(36)) - Creating Metrics Registry : ratis.log_appender.om1@group-C5BA1605619E
2021-06-21 17:58:18,510 [om1@group-C5BA1605619E-LeaderElection3] INFO  server.RaftServerConfigKeys (ConfUtils.java:logGet(44)) - raft.server.write.element-limit = 4096 (default)
2021-06-21 17:58:18,510 [om1@group-C5BA1605619E-LeaderElection3] INFO  server.RaftServerConfigKeys (ConfUtils.java:logGet(44)) - raft.server.write.byte-limit = 64MB (=67108864) (default)
2021-06-21 17:58:18,511 [om1@group-C5BA1605619E-LeaderElection3] INFO  server.RaftServerConfigKeys (ConfUtils.java:logGet(44)) - raft.server.watch.timeout = 10s (default)
2021-06-21 17:58:18,511 [om1@group-C5BA1605619E-LeaderElection3] INFO  server.RaftServerConfigKeys (ConfUtils.java:logGet(44)) - raft.server.watch.timeout.denomination = 1s (default)
2021-06-21 17:58:18,511 [om1@group-C5BA1605619E-LeaderElection3] INFO  server.RaftServerConfigKeys (ConfUtils.java:logGet(44)) - raft.server.watch.element-limit = 65536 (default)
2021-06-21 17:58:18,511 [om1@group-C5BA1605619E-LeaderElection3] INFO  impl.RoleInfo (RoleInfo.java:updateAndGet(130)) - om1: start om1@group-C5BA1605619E-LeaderStateImpl
2021-06-21 17:58:18,511 [om1@group-C5BA1605619E-LeaderElection3] INFO  segmented.SegmentedRaftLogWorker (SegmentedRaftLogWorker.java:startLogSegment(394)) - om1@group-C5BA1605619E-SegmentedRaftLogWorker: Starting segment from index:0
2021-06-21 17:58:18,525 [om1@group-C5BA1605619E-LeaderElection3] INFO  server.RaftServer$Division (ServerState.java:setRaftConf(373)) - om1@group-C5BA1605619E: set configuration 0: [om1|rpc:localhost:9872|admin:|client:|dataStream:|priority:0], old=null
2021-06-21 17:58:18,525 [om1@group-C5BA1605619E-SegmentedRaftLogWorker] INFO  segmented.SegmentedRaftLogWorker (SegmentedRaftLogWorker.java:execute(601)) - om1@group-C5BA1605619E-SegmentedRaftLogWorker: created new log segment /home/runner/work/ozone/ozone/mnt/ozone/hadoop-ozone/integration-test/target/test-dir/MiniOzoneClusterImpl-ccb1d6a7-04eb-495e-8a45-afc51195f32e/ozone-meta/ratis/bf265839-605b-3f16-9796-c5ba1605619e/current/log_inprogress_0
2021-06-21 17:58:18,887 [Listener at 127.0.0.1/44351] INFO  ozone.MiniOzoneClusterImpl (MiniOzoneClusterImpl.java:lambda$waitForClusterToBeReady$0(227)) - Waiting for nodes to be ready. Got 0 of 3 DN Heartbeats.
2021-06-21 17:58:18,887 [Listener at 127.0.0.1/44351] INFO  ozone.MiniOzoneClusterImpl (MiniOzoneClusterImpl.java:lambda$waitForClusterToBeReady$0(230)) - Waiting for cluster to exit safe mode
2021-06-21 17:58:18,887 [Listener at 127.0.0.1/44351] INFO  ozone.MiniOzoneClusterImpl (MiniOzoneClusterImpl.java:lambda$waitForClusterToBeReady$0(232)) - SCM became leader
2021-06-21 17:58:19,665 [EndpointStateMachine task thread for /0.0.0.0:44057 - 0 ] INFO  ozoneimpl.OzoneContainer (OzoneContainer.java:start(305)) - Attempting to start container services.
2021-06-21 17:58:19,665 [EndpointStateMachine task thread for /0.0.0.0:44057 - 0 ] INFO  ozoneimpl.OzoneContainer (OzoneContainer.java:startContainerScrub(250)) - Background container scanner has been disabled.
2021-06-21 17:58:19,667 [EndpointStateMachine task thread for /0.0.0.0:44057 - 0 ] INFO  replication.ReplicationServer (ReplicationServer.java:start(106)) - ReplicationServer is started using port 46349
2021-06-21 17:58:19,667 [EndpointStateMachine task thread for /0.0.0.0:44057 - 0 ] INFO  ratis.XceiverServerRatis (XceiverServerRatis.java:start(478)) - Starting XceiverServerRatis dcbd47e6-928b-4715-825b-9c1fc4ded717
2021-06-21 17:58:19,668 [EndpointStateMachine task thread for /0.0.0.0:44057 - 0 ] INFO  server.RaftServer (RaftServerProxy.java:lambda$start$5(374)) - dcbd47e6-928b-4715-825b-9c1fc4ded717: start RPC server
2021-06-21 17:58:19,669 [EndpointStateMachine task thread for /0.0.0.0:44057 - 0 ] INFO  server.GrpcService (GrpcService.java:startImpl(253)) - dcbd47e6-928b-4715-825b-9c1fc4ded717: GrpcService started, listening on 35165
2021-06-21 17:58:19,669 [EndpointStateMachine task thread for /0.0.0.0:44057 - 0 ] INFO  ratis.XceiverServerRatis (XceiverServerRatis.java:getRealPort(499)) - XceiverServerRatis dcbd47e6-928b-4715-825b-9c1fc4ded717 is started using port 35165 for RATIS
2021-06-21 17:58:19,669 [org.apache.ratis.util.JvmPauseMonitor$$Lambda$513/332907864@796ba086] INFO  util.JvmPauseMonitor (JvmPauseMonitor.java:run(103)) - JvmPauseMonitor-dcbd47e6-928b-4715-825b-9c1fc4ded717: Started
2021-06-21 17:58:19,669 [EndpointStateMachine task thread for /0.0.0.0:44057 - 0 ] INFO  ratis.XceiverServerRatis (XceiverServerRatis.java:getRealPort(499)) - XceiverServerRatis dcbd47e6-928b-4715-825b-9c1fc4ded717 is started using port 35165 for RATIS_ADMIN
2021-06-21 17:58:19,670 [EndpointStateMachine task thread for /0.0.0.0:44057 - 0 ] INFO  ratis.XceiverServerRatis (XceiverServerRatis.java:getRealPort(499)) - XceiverServerRatis dcbd47e6-928b-4715-825b-9c1fc4ded717 is started using port 35165 for RATIS_SERVER
2021-06-21 17:58:19,670 [EndpointStateMachine task thread for /0.0.0.0:44057 - 0 ] INFO  server.XceiverServerGrpc (XceiverServerGrpc.java:start(135)) - XceiverServerGrpc dcbd47e6-928b-4715-825b-9c1fc4ded717 is started using port 36905
2021-06-21 17:58:19,775 [EndpointStateMachine task thread for /0.0.0.0:44057 - 0 ] INFO  ozoneimpl.OzoneContainer (OzoneContainer.java:start(305)) - Attempting to start container services.
2021-06-21 17:58:19,775 [EndpointStateMachine task thread for /0.0.0.0:44057 - 0 ] INFO  ozoneimpl.OzoneContainer (OzoneContainer.java:startContainerScrub(250)) - Background container scanner has been disabled.
2021-06-21 17:58:19,776 [EndpointStateMachine task thread for /0.0.0.0:44057 - 0 ] INFO  replication.ReplicationServer (ReplicationServer.java:start(106)) - ReplicationServer is started using port 41957
2021-06-21 17:58:19,777 [EndpointStateMachine task thread for /0.0.0.0:44057 - 0 ] INFO  ratis.XceiverServerRatis (XceiverServerRatis.java:start(478)) - Starting XceiverServerRatis c73c8739-3325-43cd-abe9-6b47c5c175d5
2021-06-21 17:58:19,778 [EndpointStateMachine task thread for /0.0.0.0:44057 - 0 ] INFO  server.RaftServer (RaftServerProxy.java:lambda$start$5(374)) - c73c8739-3325-43cd-abe9-6b47c5c175d5: start RPC server
2021-06-21 17:58:19,779 [EndpointStateMachine task thread for /0.0.0.0:44057 - 0 ] INFO  server.GrpcService (GrpcService.java:startImpl(253)) - c73c8739-3325-43cd-abe9-6b47c5c175d5: GrpcService started, listening on 38205
2021-06-21 17:58:19,779 [EndpointStateMachine task thread for /0.0.0.0:44057 - 0 ] INFO  ratis.XceiverServerRatis (XceiverServerRatis.java:getRealPort(499)) - XceiverServerRatis c73c8739-3325-43cd-abe9-6b47c5c175d5 is started using port 38205 for RATIS
2021-06-21 17:58:19,779 [EndpointStateMachine task thread for /0.0.0.0:44057 - 0 ] INFO  ratis.XceiverServerRatis (XceiverServerRatis.java:getRealPort(499)) - XceiverServerRatis c73c8739-3325-43cd-abe9-6b47c5c175d5 is started using port 38205 for RATIS_ADMIN
2021-06-21 17:58:19,779 [org.apache.ratis.util.JvmPauseMonitor$$Lambda$513/332907864@68774bfc] INFO  util.JvmPauseMonitor (JvmPauseMonitor.java:run(103)) - JvmPauseMonitor-c73c8739-3325-43cd-abe9-6b47c5c175d5: Started
2021-06-21 17:58:19,779 [EndpointStateMachine task thread for /0.0.0.0:44057 - 0 ] INFO  ratis.XceiverServerRatis (XceiverServerRatis.java:getRealPort(499)) - XceiverServerRatis c73c8739-3325-43cd-abe9-6b47c5c175d5 is started using port 38205 for RATIS_SERVER
2021-06-21 17:58:19,780 [EndpointStateMachine task thread for /0.0.0.0:44057 - 0 ] INFO  server.XceiverServerGrpc (XceiverServerGrpc.java:start(135)) - XceiverServerGrpc c73c8739-3325-43cd-abe9-6b47c5c175d5 is started using port 33353
2021-06-21 17:58:19,888 [Listener at 127.0.0.1/44351] INFO  ozone.MiniOzoneClusterImpl (MiniOzoneClusterImpl.java:lambda$waitForClusterToBeReady$0(227)) - Waiting for nodes to be ready. Got 0 of 3 DN Heartbeats.
2021-06-21 17:58:19,888 [Listener at 127.0.0.1/44351] INFO  ozone.MiniOzoneClusterImpl (MiniOzoneClusterImpl.java:lambda$waitForClusterToBeReady$0(230)) - Waiting for cluster to exit safe mode
2021-06-21 17:58:19,888 [Listener at 127.0.0.1/44351] INFO  ozone.MiniOzoneClusterImpl (MiniOzoneClusterImpl.java:lambda$waitForClusterToBeReady$0(232)) - SCM became leader
2021-06-21 17:58:19,902 [EndpointStateMachine task thread for /0.0.0.0:44057 - 0 ] INFO  ozoneimpl.OzoneContainer (OzoneContainer.java:start(305)) - Attempting to start container services.
2021-06-21 17:58:19,903 [EndpointStateMachine task thread for /0.0.0.0:44057 - 0 ] INFO  ozoneimpl.OzoneContainer (OzoneContainer.java:startContainerScrub(250)) - Background container scanner has been disabled.
2021-06-21 17:58:19,904 [EndpointStateMachine task thread for /0.0.0.0:44057 - 0 ] INFO  replication.ReplicationServer (ReplicationServer.java:start(106)) - ReplicationServer is started using port 40749
2021-06-21 17:58:19,904 [EndpointStateMachine task thread for /0.0.0.0:44057 - 0 ] INFO  ratis.XceiverServerRatis (XceiverServerRatis.java:start(478)) - Starting XceiverServerRatis 69c6f520-252c-4e6e-b4eb-24186417fbe1
2021-06-21 17:58:19,917 [EndpointStateMachine task thread for /0.0.0.0:44057 - 0 ] INFO  server.RaftServer (RaftServerProxy.java:lambda$start$5(374)) - 69c6f520-252c-4e6e-b4eb-24186417fbe1: start RPC server
2021-06-21 17:58:19,919 [EndpointStateMachine task thread for /0.0.0.0:44057 - 0 ] INFO  server.GrpcService (GrpcService.java:startImpl(253)) - 69c6f520-252c-4e6e-b4eb-24186417fbe1: GrpcService started, listening on 46405
2021-06-21 17:58:19,919 [EndpointStateMachine task thread for /0.0.0.0:44057 - 0 ] INFO  ratis.XceiverServerRatis (XceiverServerRatis.java:getRealPort(499)) - XceiverServerRatis 69c6f520-252c-4e6e-b4eb-24186417fbe1 is started using port 46405 for RATIS
2021-06-21 17:58:19,919 [EndpointStateMachine task thread for /0.0.0.0:44057 - 0 ] INFO  ratis.XceiverServerRatis (XceiverServerRatis.java:getRealPort(499)) - XceiverServerRatis 69c6f520-252c-4e6e-b4eb-24186417fbe1 is started using port 46405 for RATIS_ADMIN
2021-06-21 17:58:19,919 [EndpointStateMachine task thread for /0.0.0.0:44057 - 0 ] INFO  ratis.XceiverServerRatis (XceiverServerRatis.java:getRealPort(499)) - XceiverServerRatis 69c6f520-252c-4e6e-b4eb-24186417fbe1 is started using port 46405 for RATIS_SERVER
2021-06-21 17:58:19,919 [org.apache.ratis.util.JvmPauseMonitor$$Lambda$513/332907864@24ff8b65] INFO  util.JvmPauseMonitor (JvmPauseMonitor.java:run(103)) - JvmPauseMonitor-69c6f520-252c-4e6e-b4eb-24186417fbe1: Started
2021-06-21 17:58:19,920 [EndpointStateMachine task thread for /0.0.0.0:44057 - 0 ] INFO  server.XceiverServerGrpc (XceiverServerGrpc.java:start(135)) - XceiverServerGrpc 69c6f520-252c-4e6e-b4eb-24186417fbe1 is started using port 45039
2021-06-21 17:58:20,888 [Listener at 127.0.0.1/44351] INFO  ozone.MiniOzoneClusterImpl (MiniOzoneClusterImpl.java:lambda$waitForClusterToBeReady$0(227)) - Waiting for nodes to be ready. Got 0 of 3 DN Heartbeats.
2021-06-21 17:58:20,888 [Listener at 127.0.0.1/44351] INFO  ozone.MiniOzoneClusterImpl (MiniOzoneClusterImpl.java:lambda$waitForClusterToBeReady$0(230)) - Waiting for cluster to exit safe mode
2021-06-21 17:58:20,888 [Listener at 127.0.0.1/44351] INFO  ozone.MiniOzoneClusterImpl (MiniOzoneClusterImpl.java:lambda$waitForClusterToBeReady$0(232)) - SCM became leader
2021-06-21 17:58:21,655 [IPC Server handler 0 on default port 44057] INFO  net.NetworkTopologyImpl (NetworkTopologyImpl.java:add(112)) - Added a new node: /default-rack/dcbd47e6-928b-4715-825b-9c1fc4ded717
2021-06-21 17:58:21,656 [IPC Server handler 0 on default port 44057] INFO  node.SCMNodeManager (SCMNodeManager.java:register(348)) - Registered Data node : dcbd47e6-928b-4715-825b-9c1fc4ded717{ip: 10.1.0.38, host: fv-az294-379.eaanfquahm5ulb5tj050gcxych.jx.internal.cloudapp.net, ports: [REPLICATION=46349, RATIS=35165, RATIS_ADMIN=35165, RATIS_SERVER=35165, STANDALONE=36905], networkLocation: /default-rack, certSerialId: null, persistedOpState: null, persistedOpStateExpiryEpochSec: 0}
2021-06-21 17:58:21,666 [EventQueue-NewNodeForNewNodeHandler] INFO  pipeline.BackgroundPipelineCreator (BackgroundPipelineCreatorV2.java:notifyEventTriggered(285)) - trigger a one-shot run on RatisPipelineUtilsThread.
2021-06-21 17:58:21,666 [RatisPipelineUtilsThread - 0] INFO  pipeline.RatisPipelineProvider (RatisPipelineProvider.java:lambda$create$0(170)) - Sending CreatePipelineCommand for pipeline:PipelineID=1be9532d-9b10-4838-9662-01c6019551ab to datanode:dcbd47e6-928b-4715-825b-9c1fc4ded717
2021-06-21 17:58:21,666 [EventQueue-NodeRegistrationContainerReportForContainerSafeModeRule] INFO  safemode.SCMSafeModeManager (SCMSafeModeManager.java:validateSafeModeExitRules(204)) - ContainerSafeModeRule rule is successfully validated
2021-06-21 17:58:21,666 [EventQueue-NodeRegistrationContainerReportForDataNodeSafeModeRule] INFO  safemode.SCMSafeModeManager (DataNodeSafeModeRule.java:process(71)) - SCM in safe mode. 1 DataNodes registered, 3 required.
2021-06-21 17:58:21,667 [RatisPipelineUtilsThread - 0] INFO  pipeline.PipelineStateManager (PipelineStateManagerV2Impl.java:addPipeline(101)) - Created pipeline Pipeline[ Id: 1be9532d-9b10-4838-9662-01c6019551ab, Nodes: dcbd47e6-928b-4715-825b-9c1fc4ded717{ip: 10.1.0.38, host: fv-az294-379.eaanfquahm5ulb5tj050gcxych.jx.internal.cloudapp.net, ports: [REPLICATION=46349, RATIS=35165, RATIS_ADMIN=35165, RATIS_SERVER=35165, STANDALONE=36905], networkLocation: /default-rack, certSerialId: null, persistedOpState: IN_SERVICE, persistedOpStateExpiryEpochSec: 0}, ReplicationConfig: RATIS/ONE, State:ALLOCATED, leaderId:, CreationTimestamp2021-06-21T17:58:21.666Z].
2021-06-21 17:58:21,668 [EventQueue-PipelineReportForOneReplicaPipelineSafeModeRule] INFO  safemode.SCMSafeModeManager (SCMSafeModeManager.java:validateSafeModeExitRules(204)) - AtleastOneDatanodeReportedRule rule is successfully validated
2021-06-21 17:58:21,772 [IPC Server handler 1 on default port 44057] INFO  net.NetworkTopologyImpl (NetworkTopologyImpl.java:add(112)) - Added a new node: /default-rack/c73c8739-3325-43cd-abe9-6b47c5c175d5
2021-06-21 17:58:21,773 [IPC Server handler 1 on default port 44057] INFO  node.SCMNodeManager (SCMNodeManager.java:register(348)) - Registered Data node : c73c8739-3325-43cd-abe9-6b47c5c175d5{ip: 10.1.0.38, host: fv-az294-379.eaanfquahm5ulb5tj050gcxych.jx.internal.cloudapp.net, ports: [REPLICATION=41957, RATIS=38205, RATIS_ADMIN=38205, RATIS_SERVER=38205, STANDALONE=33353], networkLocation: /default-rack, certSerialId: null, persistedOpState: null, persistedOpStateExpiryEpochSec: 0}
2021-06-21 17:58:21,773 [EventQueue-NewNodeForNewNodeHandler] INFO  pipeline.BackgroundPipelineCreator (BackgroundPipelineCreatorV2.java:notifyEventTriggered(285)) - trigger a one-shot run on RatisPipelineUtilsThread.
2021-06-21 17:58:21,774 [EventQueue-NodeRegistrationContainerReportForDataNodeSafeModeRule] INFO  safemode.SCMSafeModeManager (DataNodeSafeModeRule.java:process(71)) - SCM in safe mode. 2 DataNodes registered, 3 required.
2021-06-21 17:58:21,775 [RatisPipelineUtilsThread - 0] INFO  pipeline.RatisPipelineProvider (RatisPipelineProvider.java:lambda$create$0(170)) - Sending CreatePipelineCommand for pipeline:PipelineID=3260a5ca-b5cf-4b5a-952b-986cc9aa3f32 to datanode:c73c8739-3325-43cd-abe9-6b47c5c175d5
2021-06-21 17:58:21,776 [RatisPipelineUtilsThread - 0] INFO  pipeline.PipelineStateManager (PipelineStateManagerV2Impl.java:addPipeline(101)) - Created pipeline Pipeline[ Id: 3260a5ca-b5cf-4b5a-952b-986cc9aa3f32, Nodes: c73c8739-3325-43cd-abe9-6b47c5c175d5{ip: 10.1.0.38, host: fv-az294-379.eaanfquahm5ulb5tj050gcxych.jx.internal.cloudapp.net, ports: [REPLICATION=41957, RATIS=38205, RATIS_ADMIN=38205, RATIS_SERVER=38205, STANDALONE=33353], networkLocation: /default-rack, certSerialId: null, persistedOpState: IN_SERVICE, persistedOpStateExpiryEpochSec: 0}, ReplicationConfig: RATIS/ONE, State:ALLOCATED, leaderId:, CreationTimestamp2021-06-21T17:58:21.775Z].
2021-06-21 17:58:21,889 [Listener at 127.0.0.1/44351] INFO  ozone.MiniOzoneClusterImpl (MiniOzoneClusterImpl.java:lambda$waitForClusterToBeReady$0(227)) - Waiting for nodes to be ready. Got 2 of 3 DN Heartbeats.
2021-06-21 17:58:21,889 [Listener at 127.0.0.1/44351] INFO  ozone.MiniOzoneClusterImpl (MiniOzoneClusterImpl.java:lambda$waitForClusterToBeReady$0(230)) - Waiting for cluster to exit safe mode
2021-06-21 17:58:21,889 [Listener at 127.0.0.1/44351] INFO  ozone.MiniOzoneClusterImpl (MiniOzoneClusterImpl.java:lambda$waitForClusterToBeReady$0(232)) - SCM became leader
2021-06-21 17:58:21,900 [IPC Server handler 2 on default port 44057] INFO  net.NetworkTopologyImpl (NetworkTopologyImpl.java:add(112)) - Added a new node: /default-rack/69c6f520-252c-4e6e-b4eb-24186417fbe1
2021-06-21 17:58:21,900 [EventQueue-NewNodeForNewNodeHandler] INFO  pipeline.BackgroundPipelineCreator (BackgroundPipelineCreatorV2.java:notifyEventTriggered(285)) - trigger a one-shot run on RatisPipelineUtilsThread.
2021-06-21 17:58:21,900 [IPC Server handler 2 on default port 44057] INFO  node.SCMNodeManager (SCMNodeManager.java:register(348)) - Registered Data node : 69c6f520-252c-4e6e-b4eb-24186417fbe1{ip: 10.1.0.38, host: fv-az294-379.eaanfquahm5ulb5tj050gcxych.jx.internal.cloudapp.net, ports: [REPLICATION=40749, RATIS=46405, RATIS_ADMIN=46405, RATIS_SERVER=46405, STANDALONE=45039], networkLocation: /default-rack, certSerialId: null, persistedOpState: null, persistedOpStateExpiryEpochSec: 0}
2021-06-21 17:58:21,901 [EventQueue-NodeRegistrationContainerReportForDataNodeSafeModeRule] INFO  safemode.SCMSafeModeManager (DataNodeSafeModeRule.java:process(71)) - SCM in safe mode. 3 DataNodes registered, 3 required.
2021-06-21 17:58:21,901 [EventQueue-NodeRegistrationContainerReportForDataNodeSafeModeRule] INFO  safemode.SCMSafeModeManager (SCMSafeModeManager.java:validateSafeModeExitRules(204)) - DataNodeSafeModeRule rule is successfully validated
2021-06-21 17:58:21,901 [EventQueue-NodeRegistrationContainerReportForDataNodeSafeModeRule] INFO  safemode.SCMSafeModeManager (SCMSafeModeManager.java:completePreCheck(233)) - All SCM safe mode pre check rules have passed
2021-06-21 17:58:21,901 [EventQueue-NodeRegistrationContainerReportForDataNodeSafeModeRule] WARN  events.EventQueue (EventQueue.java:fireEvent(185)) - No event handler registered for event TypedEvent{payloadType=SafeModeStatus, name='Safe mode status'}
2021-06-21 17:58:21,901 [EventQueue-NodeRegistrationContainerReportForDataNodeSafeModeRule] INFO  ha.SCMContext (SCMContext.java:updateSafeModeStatus(208)) - Update SafeModeStatus from SafeModeStatus{safeModeStatus=true, preCheckPassed=false} to SafeModeStatus{safeModeStatus=true, preCheckPassed=true}.
2021-06-21 17:58:21,901 [EventQueue-NodeRegistrationContainerReportForDataNodeSafeModeRule] INFO  pipeline.BackgroundPipelineCreator (BackgroundPipelineCreatorV2.java:notifyEventTriggered(285)) - trigger a one-shot run on RatisPipelineUtilsThread.
2021-06-21 17:58:21,902 [RatisPipelineUtilsThread - 0] INFO  pipeline.RatisPipelineProvider (RatisPipelineProvider.java:lambda$create$0(170)) - Sending CreatePipelineCommand for pipeline:PipelineID=8f0c8bb9-a63e-4b89-a234-ab0b6ca61696 to datanode:69c6f520-252c-4e6e-b4eb-24186417fbe1
2021-06-21 17:58:21,902 [RatisPipelineUtilsThread - 0] INFO  pipeline.PipelineStateManager (PipelineStateManagerV2Impl.java:addPipeline(101)) - Created pipeline Pipeline[ Id: 8f0c8bb9-a63e-4b89-a234-ab0b6ca61696, Nodes: 69c6f520-252c-4e6e-b4eb-24186417fbe1{ip: 10.1.0.38, host: fv-az294-379.eaanfquahm5ulb5tj050gcxych.jx.internal.cloudapp.net, ports: [REPLICATION=40749, RATIS=46405, RATIS_ADMIN=46405, RATIS_SERVER=46405, STANDALONE=45039], networkLocation: /default-rack, certSerialId: null, persistedOpState: IN_SERVICE, persistedOpStateExpiryEpochSec: 0}, ReplicationConfig: RATIS/ONE, State:ALLOCATED, leaderId:, CreationTimestamp2021-06-21T17:58:21.901Z].
2021-06-21 17:58:21,905 [RatisPipelineUtilsThread - 0] INFO  pipeline.RatisPipelineProvider (RatisPipelineProvider.java:lambda$create$0(170)) - Sending CreatePipelineCommand for pipeline:PipelineID=30059530-567b-4f38-ba65-14706bb93390 to datanode:69c6f520-252c-4e6e-b4eb-24186417fbe1
2021-06-21 17:58:21,905 [RatisPipelineUtilsThread - 0] INFO  pipeline.RatisPipelineProvider (RatisPipelineProvider.java:lambda$create$0(170)) - Sending CreatePipelineCommand for pipeline:PipelineID=30059530-567b-4f38-ba65-14706bb93390 to datanode:c73c8739-3325-43cd-abe9-6b47c5c175d5
2021-06-21 17:58:21,906 [RatisPipelineUtilsThread - 0] INFO  pipeline.RatisPipelineProvider (RatisPipelineProvider.java:lambda$create$0(170)) - Sending CreatePipelineCommand for pipeline:PipelineID=30059530-567b-4f38-ba65-14706bb93390 to datanode:dcbd47e6-928b-4715-825b-9c1fc4ded717
2021-06-21 17:58:21,907 [RatisPipelineUtilsThread - 0] INFO  pipeline.PipelineStateManager (PipelineStateManagerV2Impl.java:addPipeline(101)) - Created pipeline Pipeline[ Id: 30059530-567b-4f38-ba65-14706bb93390, Nodes: 69c6f520-252c-4e6e-b4eb-24186417fbe1{ip: 10.1.0.38, host: fv-az294-379.eaanfquahm5ulb5tj050gcxych.jx.internal.cloudapp.net, ports: [REPLICATION=40749, RATIS=46405, RATIS_ADMIN=46405, RATIS_SERVER=46405, STANDALONE=45039], networkLocation: /default-rack, certSerialId: null, persistedOpState: IN_SERVICE, persistedOpStateExpiryEpochSec: 0}c73c8739-3325-43cd-abe9-6b47c5c175d5{ip: 10.1.0.38, host: fv-az294-379.eaanfquahm5ulb5tj050gcxych.jx.internal.cloudapp.net, ports: [REPLICATION=41957, RATIS=38205, RATIS_ADMIN=38205, RATIS_SERVER=38205, STANDALONE=33353], networkLocation: /default-rack, certSerialId: null, persistedOpState: IN_SERVICE, persistedOpStateExpiryEpochSec: 0}dcbd47e6-928b-4715-825b-9c1fc4ded717{ip: 10.1.0.38, host: fv-az294-379.eaanfquahm5ulb5tj050gcxych.jx.internal.cloudapp.net, ports: [REPLICATION=46349, RATIS=35165, RATIS_ADMIN=35165, RATIS_SERVER=35165, STANDALONE=36905], networkLocation: /default-rack, certSerialId: null, persistedOpState: IN_SERVICE, persistedOpStateExpiryEpochSec: 0}, ReplicationConfig: RATIS/THREE, State:ALLOCATED, leaderId:, CreationTimestamp2021-06-21T17:58:21.905Z].
2021-06-21 17:58:22,889 [Listener at 127.0.0.1/44351] INFO  ozone.MiniOzoneClusterImpl (MiniOzoneClusterImpl.java:lambda$waitForClusterToBeReady$0(227)) - Nodes are ready. Got 3 of 3 DN Heartbeats.
2021-06-21 17:58:22,890 [Listener at 127.0.0.1/44351] INFO  ozone.MiniOzoneClusterImpl (MiniOzoneClusterImpl.java:lambda$waitForClusterToBeReady$0(230)) - Waiting for cluster to exit safe mode
2021-06-21 17:58:22,890 [Listener at 127.0.0.1/44351] INFO  ozone.MiniOzoneClusterImpl (MiniOzoneClusterImpl.java:lambda$waitForClusterToBeReady$0(232)) - SCM became leader
2021-06-21 17:58:23,890 [Listener at 127.0.0.1/44351] INFO  ozone.MiniOzoneClusterImpl (MiniOzoneClusterImpl.java:lambda$waitForClusterToBeReady$0(227)) - Nodes are ready. Got 3 of 3 DN Heartbeats.
2021-06-21 17:58:23,890 [Listener at 127.0.0.1/44351] INFO  ozone.MiniOzoneClusterImpl (MiniOzoneClusterImpl.java:lambda$waitForClusterToBeReady$0(230)) - Waiting for cluster to exit safe mode
2021-06-21 17:58:23,890 [Listener at 127.0.0.1/44351] INFO  ozone.MiniOzoneClusterImpl (MiniOzoneClusterImpl.java:lambda$waitForClusterToBeReady$0(232)) - SCM became leader
2021-06-21 17:58:24,654 [Command processor thread] INFO  server.RaftServer (RaftServerProxy.java:addNew(95)) - dcbd47e6-928b-4715-825b-9c1fc4ded717: addNew group-01C6019551AB:[dcbd47e6-928b-4715-825b-9c1fc4ded717|rpc:10.1.0.38:35165|priority:1] returns group-01C6019551AB:java.util.concurrent.CompletableFuture@947bf4d[Not completed]
2021-06-21 17:58:24,658 [pool-113-thread-1] INFO  server.RaftServer$Division (RaftServerImpl.java:<init>(180)) - dcbd47e6-928b-4715-825b-9c1fc4ded717: new RaftServerImpl for group-01C6019551AB:[dcbd47e6-928b-4715-825b-9c1fc4ded717|rpc:10.1.0.38:35165|priority:1] with ContainerStateMachine:uninitialized
2021-06-21 17:58:24,658 [pool-113-thread-1] INFO  server.RaftServerConfigKeys (ConfUtils.java:logGet(44)) - raft.server.rpc.timeout.min = 5s (custom)
2021-06-21 17:58:24,658 [pool-113-thread-1] INFO  server.RaftServerConfigKeys (ConfUtils.java:logGet(44)) - raft.server.rpc.timeout.max = 5200ms (custom)
2021-06-21 17:58:24,658 [pool-113-thread-1] INFO  server.RaftServerConfigKeys (ConfUtils.java:logGet(44)) - raft.server.rpc.sleep.time = 25ms (default)
2021-06-21 17:58:24,658 [pool-113-thread-1] INFO  server.RaftServerConfigKeys (ConfUtils.java:logGet(44)) - raft.server.rpc.slowness.timeout = 300s (custom)
2021-06-21 17:58:24,658 [pool-113-thread-1] INFO  server.RaftServerConfigKeys (ConfUtils.java:logGet(44)) - raft.server.leaderelection.leader.step-down.wait-time = 10s (default)
2021-06-21 17:58:24,659 [pool-113-thread-1] INFO  server.RaftServerConfigKeys (ConfUtils.java:logGet(44)) - raft.server.sleep.deviation.threshold = 300ms (default)
2021-06-21 17:58:24,659 [pool-113-thread-1] INFO  server.RaftServerConfigKeys (ConfUtils.java:logGet(44)) - raft.server.log.appender.install.snapshot.enabled = false (custom)
2021-06-21 17:58:24,659 [pool-113-thread-1] INFO  server.RaftServer$Division (ServerState.java:<init>(105)) - dcbd47e6-928b-4715-825b-9c1fc4ded717@group-01C6019551AB: ConfigurationManager, init=-1: [dcbd47e6-928b-4715-825b-9c1fc4ded717|rpc:10.1.0.38:35165|priority:1], old=null, confs=<EMPTY_MAP>
2021-06-21 17:58:24,661 [pool-113-thread-1] INFO  server.RaftServerConfigKeys (ConfUtils.java:logGet(44)) - raft.server.storage.dir = [/home/runner/work/ozone/ozone/mnt/ozone/hadoop-ozone/integration-test/target/test-dir/MiniOzoneClusterImpl-ccb1d6a7-04eb-495e-8a45-afc51195f32e/datanode-0/data/ratis] (custom)
2021-06-21 17:58:24,662 [pool-113-thread-1] INFO  server.RaftServerConfigKeys (ConfUtils.java:logGet(44)) - raft.server.log.corruption.policy = EXCEPTION (default)
2021-06-21 17:58:24,662 [pool-113-thread-1] INFO  storage.RaftStorageDirectory (RaftStorageDirectoryImpl.java:analyzeStorage(132)) - The storage directory /home/runner/work/ozone/ozone/mnt/ozone/hadoop-ozone/integration-test/target/test-dir/MiniOzoneClusterImpl-ccb1d6a7-04eb-495e-8a45-afc51195f32e/datanode-0/data/ratis/1be9532d-9b10-4838-9662-01c6019551ab does not exist. Creating ...
2021-06-21 17:58:24,663 [pool-113-thread-1] INFO  storage.RaftStorageDirectory (RaftStorageDirectoryImpl.java:tryLock(215)) - Lock on /home/runner/work/ozone/ozone/mnt/ozone/hadoop-ozone/integration-test/target/test-dir/MiniOzoneClusterImpl-ccb1d6a7-04eb-495e-8a45-afc51195f32e/datanode-0/data/ratis/1be9532d-9b10-4838-9662-01c6019551ab/in_use.lock acquired by nodename 8175@fv-az294-379
2021-06-21 17:58:24,664 [pool-113-thread-1] INFO  storage.RaftStorage (RaftStorageImpl.java:format(87)) - Storage directory /home/runner/work/ozone/ozone/mnt/ozone/hadoop-ozone/integration-test/target/test-dir/MiniOzoneClusterImpl-ccb1d6a7-04eb-495e-8a45-afc51195f32e/datanode-0/data/ratis/1be9532d-9b10-4838-9662-01c6019551ab has been successfully formatted.
2021-06-21 17:58:24,666 [pool-113-thread-1] INFO  ratis.ContainerStateMachine (ContainerStateMachine.java:loadSnapshot(224)) - group-01C6019551AB: The snapshot info is null. Setting the last applied indexto:(t:0, i:~)
2021-06-21 17:58:24,667 [pool-113-thread-1] INFO  server.RaftServerConfigKeys (ConfUtils.java:logGet(44)) - raft.server.notification.no-leader.timeout = 300s (custom)
2021-06-21 17:58:24,667 [pool-113-thread-1] INFO  server.RaftServerConfigKeys (ConfUtils.java:logGet(44)) - raft.server.log.use.memory = false (default)
2021-06-21 17:58:24,667 [pool-113-thread-1] INFO  server.RaftServerConfigKeys (ConfUtils.java:logGet(44)) - raft.server.log.purge.gap = 1000000 (custom)
2021-06-21 17:58:24,667 [pool-113-thread-1] INFO  server.RaftServerConfigKeys (ConfUtils.java:logGet(44)) - raft.server.log.appender.buffer.byte-limit = 33554432 (custom)
2021-06-21 17:58:24,667 [pool-113-thread-1] INFO  metrics.RatisMetrics (RatisMetrics.java:lambda$create$0(36)) - Creating Metrics Registry : ratis.log_worker.dcbd47e6-928b-4715-825b-9c1fc4ded717@group-01C6019551AB
2021-06-21 17:58:24,667 [EventQueue-PipelineReportForPipelineReportHandler] INFO  pipeline.PipelineManagerV2Impl (PipelineManagerV2Impl.java:openPipeline(270)) - Pipeline Pipeline[ Id: 1be9532d-9b10-4838-9662-01c6019551ab, Nodes: dcbd47e6-928b-4715-825b-9c1fc4ded717{ip: 10.1.0.38, host: fv-az294-379.eaanfquahm5ulb5tj050gcxych.jx.internal.cloudapp.net, ports: [REPLICATION=46349, RATIS=35165, RATIS_ADMIN=35165, RATIS_SERVER=35165, STANDALONE=36905], networkLocation: /default-rack, certSerialId: null, persistedOpState: IN_SERVICE, persistedOpStateExpiryEpochSec: 0}, ReplicationConfig: RATIS/ONE, State:ALLOCATED, leaderId:dcbd47e6-928b-4715-825b-9c1fc4ded717, CreationTimestamp2021-06-21T17:58:21.666Z] moved to OPEN state
2021-06-21 17:58:24,668 [pool-113-thread-1] INFO  server.RaftServerConfigKeys (ConfUtils.java:logGet(44)) - raft.server.log.segment.size.max = 1048576 (custom)
2021-06-21 17:58:24,669 [pool-113-thread-1] INFO  server.RaftServerConfigKeys (ConfUtils.java:logGet(44)) - raft.server.log.segment.cache.num.max = 2 (custom)
2021-06-21 17:58:24,669 [pool-113-thread-1] INFO  server.RaftServerConfigKeys (ConfUtils.java:logGet(44)) - raft.server.log.segment.cache.size.max = 200MB (=209715200) (default)
2021-06-21 17:58:24,669 [pool-113-thread-1] INFO  segmented.SegmentedRaftLogWorker (SegmentedRaftLogWorker.java:<init>(182)) - new dcbd47e6-928b-4715-825b-9c1fc4ded717@group-01C6019551AB-SegmentedRaftLogWorker for RaftStorageImpl:Storage Directory /home/runner/work/ozone/ozone/mnt/ozone/hadoop-ozone/integration-test/target/test-dir/MiniOzoneClusterImpl-ccb1d6a7-04eb-495e-8a45-afc51195f32e/datanode-0/data/ratis/1be9532d-9b10-4838-9662-01c6019551ab
2021-06-21 17:58:24,669 [pool-113-thread-1] INFO  server.RaftServerConfigKeys (ConfUtils.java:logGet(44)) - raft.server.log.queue.byte-limit = 2147483647 (custom)
2021-06-21 17:58:24,669 [pool-113-thread-1] INFO  server.RaftServerConfigKeys (ConfUtils.java:logGet(44)) - raft.server.log.queue.element-limit = 1024 (custom)
2021-06-21 17:58:24,669 [pool-113-thread-1] INFO  server.RaftServerConfigKeys (ConfUtils.java:logGet(44)) - raft.server.log.segment.size.max = 1048576 (custom)
2021-06-21 17:58:24,669 [pool-113-thread-1] INFO  server.RaftServerConfigKeys (ConfUtils.java:logGet(44)) - raft.server.log.preallocated.size = 16384 (custom)
2021-06-21 17:58:24,669 [pool-113-thread-1] INFO  server.RaftServerConfigKeys (ConfUtils.java:logGet(44)) - raft.server.log.force.sync.num = 128 (default)
2021-06-21 17:58:24,669 [pool-113-thread-1] INFO  server.RaftServerConfigKeys (ConfUtils.java:logGet(44)) - raft.server.log.statemachine.data.sync = true (default)
2021-06-21 17:58:24,670 [pool-113-thread-1] INFO  server.RaftServerConfigKeys (ConfUtils.java:logGet(44)) - raft.server.log.statemachine.data.sync.timeout = 10s (default)
2021-06-21 17:58:24,670 [pool-113-thread-1] INFO  server.RaftServerConfigKeys (ConfUtils.java:logGet(44)) - raft.server.log.statemachine.data.sync.timeout.retry = -1 (default)
2021-06-21 17:58:24,672 [EventQueue-OpenPipelineForHealthyPipelineSafeModeRule] INFO  safemode.SCMSafeModeManager (HealthyPipelineSafeModeRule.java:process(124)) - SCM in safe mode. Healthy pipelines reported count is 0, required healthy pipeline reported count is 1
2021-06-21 17:58:24,674 [pool-113-thread-1] INFO  server.RaftServerConfigKeys (ConfUtils.java:logGet(44)) - raft.server.log.write.buffer.size = 1048576 (custom)
2021-06-21 17:58:24,675 [pool-113-thread-1] INFO  server.RaftServerConfigKeys (ConfUtils.java:logGet(44)) - raft.server.log.statemachine.data.caching.enabled = true (custom)
2021-06-21 17:58:24,675 [pool-113-thread-1] INFO  segmented.SegmentedRaftLogWorker (SegmentedRaftLogWorker.java:lambda$new$0(133)) - dcbd47e6-928b-4715-825b-9c1fc4ded717@group-01C6019551AB-SegmentedRaftLogWorker: flushIndex: setUnconditionally 0 -> -1
2021-06-21 17:58:24,676 [pool-113-thread-1] INFO  segmented.SegmentedRaftLogWorker (SegmentedRaftLogWorker.java:lambda$new$0(133)) - dcbd47e6-928b-4715-825b-9c1fc4ded717@group-01C6019551AB-SegmentedRaftLogWorker: safeCacheEvictIndex: setUnconditionally 0 -> -1
2021-06-21 17:58:24,676 [pool-113-thread-1] INFO  server.RaftServerConfigKeys (ConfUtils.java:logGet(44)) - raft.server.snapshot.auto.trigger.enabled = true (custom)
2021-06-21 17:58:24,676 [pool-113-thread-1] INFO  server.RaftServerConfigKeys (ConfUtils.java:logGet(44)) - raft.server.snapshot.auto.trigger.threshold = 10000 (custom)
2021-06-21 17:58:24,676 [pool-113-thread-1] INFO  server.RaftServerConfigKeys (ConfUtils.java:logGet(44)) - raft.server.snapshot.retention.file.num = 5 (custom)
2021-06-21 17:58:24,676 [pool-113-thread-1] INFO  server.RaftServerConfigKeys (ConfUtils.java:logGet(44)) - raft.server.log.purge.upto.snapshot.index = false (default)
2021-06-21 17:58:24,676 [pool-113-thread-1] INFO  server.RaftServerConfigKeys (ConfUtils.java:logGet(44)) - raft.server.retrycache.expirytime = 600000ms (custom)
2021-06-21 17:58:24,676 [pool-113-thread-1] INFO  server.RaftServerConfigKeys (ConfUtils.java:logGet(44)) - raft.server.retrycache.statistics.expirytime = 100μs (default)
2021-06-21 17:58:24,676 [pool-113-thread-1] INFO  metrics.RatisMetrics (RatisMetrics.java:lambda$create$0(36)) - Creating Metrics Registry : ratis.leader_election.dcbd47e6-928b-4715-825b-9c1fc4ded717@group-01C6019551AB
2021-06-21 17:58:24,677 [pool-113-thread-1] INFO  metrics.RatisMetrics (RatisMetrics.java:lambda$create$0(36)) - Creating Metrics Registry : ratis.server.dcbd47e6-928b-4715-825b-9c1fc4ded717@group-01C6019551AB
2021-06-21 17:58:24,678 [pool-113-thread-1] INFO  server.RaftServer$Division (RaftServerImpl.java:start(295)) - dcbd47e6-928b-4715-825b-9c1fc4ded717@group-01C6019551AB: start as a follower, conf=-1: [dcbd47e6-928b-4715-825b-9c1fc4ded717|rpc:10.1.0.38:35165|priority:1], old=null
2021-06-21 17:58:24,679 [pool-113-thread-1] INFO  server.RaftServer$Division (RaftServerImpl.java:setRole(284)) - dcbd47e6-928b-4715-825b-9c1fc4ded717@group-01C6019551AB: changes role from      null to FOLLOWER at term 0 for startAsFollower
2021-06-21 17:58:24,679 [pool-113-thread-1] INFO  impl.RoleInfo (RoleInfo.java:updateAndGet(130)) - dcbd47e6-928b-4715-825b-9c1fc4ded717: start dcbd47e6-928b-4715-825b-9c1fc4ded717@group-01C6019551AB-FollowerState
2021-06-21 17:58:24,679 [pool-113-thread-1] INFO  util.JmxRegister (JmxRegister.java:tryRegister(44)) - Successfully registered JMX Bean with object name Ratis:service=RaftServer,group=group-01C6019551AB,id=dcbd47e6-928b-4715-825b-9c1fc4ded717
2021-06-21 17:58:24,679 [pool-113-thread-1] INFO  metrics.RatisMetrics (RatisMetrics.java:lambda$create$0(36)) - Creating Metrics Registry : ratis.state_machine.dcbd47e6-928b-4715-825b-9c1fc4ded717@group-01C6019551AB
2021-06-21 17:58:24,680 [Command processor thread] INFO  ratis.XceiverServerRatis (XceiverServerRatis.java:addGroup(759)) - Created group PipelineID=1be9532d-9b10-4838-9662-01c6019551ab
2021-06-21 17:58:24,680 [Command processor thread] INFO  commandhandler.CreatePipelineCommandHandler (CreatePipelineCommandHandler.java:handle(106)) - Created Pipeline RATIS ONE PipelineID=1be9532d-9b10-4838-9662-01c6019551ab.
2021-06-21 17:58:24,681 [Command processor thread] INFO  server.RaftServer (RaftServerProxy.java:addNew(95)) - dcbd47e6-928b-4715-825b-9c1fc4ded717: addNew group-14706BB93390:[69c6f520-252c-4e6e-b4eb-24186417fbe1|rpc:10.1.0.38:46405|priority:1, c73c8739-3325-43cd-abe9-6b47c5c175d5|rpc:10.1.0.38:38205|priority:0, dcbd47e6-928b-4715-825b-9c1fc4ded717|rpc:10.1.0.38:35165|priority:0] returns group-14706BB93390:java.util.concurrent.CompletableFuture@d782abd[Not completed]
2021-06-21 17:58:24,682 [pool-113-thread-1] INFO  server.RaftServer$Division (RaftServerImpl.java:<init>(180)) - dcbd47e6-928b-4715-825b-9c1fc4ded717: new RaftServerImpl for group-14706BB93390:[69c6f520-252c-4e6e-b4eb-24186417fbe1|rpc:10.1.0.38:46405|priority:1, c73c8739-3325-43cd-abe9-6b47c5c175d5|rpc:10.1.0.38:38205|priority:0, dcbd47e6-928b-4715-825b-9c1fc4ded717|rpc:10.1.0.38:35165|priority:0] with ContainerStateMachine:uninitialized
2021-06-21 17:58:24,682 [pool-113-thread-1] INFO  server.RaftServerConfigKeys (ConfUtils.java:logGet(44)) - raft.server.rpc.timeout.min = 5s (custom)
2021-06-21 17:58:24,682 [pool-113-thread-1] INFO  server.RaftServerConfigKeys (ConfUtils.java:logGet(44)) - raft.server.rpc.timeout.max = 5200ms (custom)
2021-06-21 17:58:24,682 [pool-113-thread-1] INFO  server.RaftServerConfigKeys (ConfUtils.java:logGet(44)) - raft.server.rpc.sleep.time = 25ms (default)
2021-06-21 17:58:24,682 [pool-113-thread-1] INFO  server.RaftServerConfigKeys (ConfUtils.java:logGet(44)) - raft.server.rpc.slowness.timeout = 300s (custom)
2021-06-21 17:58:24,682 [pool-113-thread-1] INFO  server.RaftServerConfigKeys (ConfUtils.java:logGet(44)) - raft.server.leaderelection.leader.step-down.wait-time = 10s (default)
2021-06-21 17:58:24,682 [pool-113-thread-1] INFO  server.RaftServerConfigKeys (ConfUtils.java:logGet(44)) - raft.server.sleep.deviation.threshold = 300ms (default)
2021-06-21 17:58:24,682 [pool-113-thread-1] INFO  server.RaftServerConfigKeys (ConfUtils.java:logGet(44)) - raft.server.log.appender.install.snapshot.enabled = false (custom)
2021-06-21 17:58:24,683 [pool-113-thread-1] INFO  server.RaftServer$Division (ServerState.java:<init>(105)) - dcbd47e6-928b-4715-825b-9c1fc4ded717@group-14706BB93390: ConfigurationManager, init=-1: [69c6f520-252c-4e6e-b4eb-24186417fbe1|rpc:10.1.0.38:46405|priority:1, c73c8739-3325-43cd-abe9-6b47c5c175d5|rpc:10.1.0.38:38205|priority:0, dcbd47e6-928b-4715-825b-9c1fc4ded717|rpc:10.1.0.38:35165|priority:0], old=null, confs=<EMPTY_MAP>
2021-06-21 17:58:24,683 [pool-113-thread-1] INFO  server.RaftServerConfigKeys (ConfUtils.java:logGet(44)) - raft.server.storage.dir = [/home/runner/work/ozone/ozone/mnt/ozone/hadoop-ozone/integration-test/target/test-dir/MiniOzoneClusterImpl-ccb1d6a7-04eb-495e-8a45-afc51195f32e/datanode-0/data/ratis] (custom)
2021-06-21 17:58:24,683 [pool-113-thread-1] INFO  server.RaftServerConfigKeys (ConfUtils.java:logGet(44)) - raft.server.log.corruption.policy = EXCEPTION (default)
2021-06-21 17:58:24,683 [pool-113-thread-1] INFO  storage.RaftStorageDirectory (RaftStorageDirectoryImpl.java:analyzeStorage(132)) - The storage directory /home/runner/work/ozone/ozone/mnt/ozone/hadoop-ozone/integration-test/target/test-dir/MiniOzoneClusterImpl-ccb1d6a7-04eb-495e-8a45-afc51195f32e/datanode-0/data/ratis/30059530-567b-4f38-ba65-14706bb93390 does not exist. Creating ...
2021-06-21 17:58:24,684 [pool-113-thread-1] INFO  storage.RaftStorageDirectory (RaftStorageDirectoryImpl.java:tryLock(215)) - Lock on /home/runner/work/ozone/ozone/mnt/ozone/hadoop-ozone/integration-test/target/test-dir/MiniOzoneClusterImpl-ccb1d6a7-04eb-495e-8a45-afc51195f32e/datanode-0/data/ratis/30059530-567b-4f38-ba65-14706bb93390/in_use.lock acquired by nodename 8175@fv-az294-379
2021-06-21 17:58:24,686 [pool-113-thread-1] INFO  storage.RaftStorage (RaftStorageImpl.java:format(87)) - Storage directory /home/runner/work/ozone/ozone/mnt/ozone/hadoop-ozone/integration-test/target/test-dir/MiniOzoneClusterImpl-ccb1d6a7-04eb-495e-8a45-afc51195f32e/datanode-0/data/ratis/30059530-567b-4f38-ba65-14706bb93390 has been successfully formatted.
2021-06-21 17:58:24,688 [EventQueue-OpenPipelineForHealthyPipelineSafeModeRule] INFO  safemode.SCMSafeModeManager (HealthyPipelineSafeModeRule.java:process(124)) - SCM in safe mode. Healthy pipelines reported count is 0, required healthy pipeline reported count is 1
2021-06-21 17:58:24,690 [pool-113-thread-1] INFO  ratis.ContainerStateMachine (ContainerStateMachine.java:loadSnapshot(224)) - group-14706BB93390: The snapshot info is null. Setting the last applied indexto:(t:0, i:~)
2021-06-21 17:58:24,690 [pool-113-thread-1] INFO  server.RaftServerConfigKeys (ConfUtils.java:logGet(44)) - raft.server.notification.no-leader.timeout = 300s (custom)
2021-06-21 17:58:24,690 [pool-113-thread-1] INFO  server.RaftServerConfigKeys (ConfUtils.java:logGet(44)) - raft.server.log.use.memory = false (default)
2021-06-21 17:58:24,690 [pool-113-thread-1] INFO  server.RaftServerConfigKeys (ConfUtils.java:logGet(44)) - raft.server.log.purge.gap = 1000000 (custom)
2021-06-21 17:58:24,690 [pool-113-thread-1] INFO  server.RaftServerConfigKeys (ConfUtils.java:logGet(44)) - raft.server.log.appender.buffer.byte-limit = 33554432 (custom)
2021-06-21 17:58:24,690 [pool-113-thread-1] INFO  metrics.RatisMetrics (RatisMetrics.java:lambda$create$0(36)) - Creating Metrics Registry : ratis.log_worker.dcbd47e6-928b-4715-825b-9c1fc4ded717@group-14706BB93390
2021-06-21 17:58:24,691 [pool-113-thread-1] INFO  server.RaftServerConfigKeys (ConfUtils.java:logGet(44)) - raft.server.log.segment.size.max = 1048576 (custom)
2021-06-21 17:58:24,691 [pool-113-thread-1] INFO  server.RaftServerConfigKeys (ConfUtils.java:logGet(44)) - raft.server.log.segment.cache.num.max = 2 (custom)
2021-06-21 17:58:24,692 [pool-113-thread-1] INFO  server.RaftServerConfigKeys (ConfUtils.java:logGet(44)) - raft.server.log.segment.cache.size.max = 200MB (=209715200) (default)
2021-06-21 17:58:24,692 [pool-113-thread-1] INFO  segmented.SegmentedRaftLogWorker (SegmentedRaftLogWorker.java:<init>(182)) - new dcbd47e6-928b-4715-825b-9c1fc4ded717@group-14706BB93390-SegmentedRaftLogWorker for RaftStorageImpl:Storage Directory /home/runner/work/ozone/ozone/mnt/ozone/hadoop-ozone/integration-test/target/test-dir/MiniOzoneClusterImpl-ccb1d6a7-04eb-495e-8a45-afc51195f32e/datanode-0/data/ratis/30059530-567b-4f38-ba65-14706bb93390
2021-06-21 17:58:24,692 [pool-113-thread-1] INFO  server.RaftServerConfigKeys (ConfUtils.java:logGet(44)) - raft.server.log.queue.byte-limit = 2147483647 (custom)
2021-06-21 17:58:24,692 [pool-113-thread-1] INFO  server.RaftServerConfigKeys (ConfUtils.java:logGet(44)) - raft.server.log.queue.element-limit = 1024 (custom)
2021-06-21 17:58:24,692 [pool-113-thread-1] INFO  server.RaftServerConfigKeys (ConfUtils.java:logGet(44)) - raft.server.log.segment.size.max = 1048576 (custom)
2021-06-21 17:58:24,692 [pool-113-thread-1] INFO  server.RaftServerConfigKeys (ConfUtils.java:logGet(44)) - raft.server.log.preallocated.size = 16384 (custom)
2021-06-21 17:58:24,692 [pool-113-thread-1] INFO  server.RaftServerConfigKeys (ConfUtils.java:logGet(44)) - raft.server.log.force.sync.num = 128 (default)
2021-06-21 17:58:24,692 [pool-113-thread-1] INFO  server.RaftServerConfigKeys (ConfUtils.java:logGet(44)) - raft.server.log.statemachine.data.sync = true (default)
2021-06-21 17:58:24,692 [pool-113-thread-1] INFO  server.RaftServerConfigKeys (ConfUtils.java:logGet(44)) - raft.server.log.statemachine.data.sync.timeout = 10s (default)
2021-06-21 17:58:24,692 [pool-113-thread-1] INFO  server.RaftServerConfigKeys (ConfUtils.java:logGet(44)) - raft.server.log.statemachine.data.sync.timeout.retry = -1 (default)
2021-06-21 17:58:24,694 [pool-113-thread-1] INFO  server.RaftServerConfigKeys (ConfUtils.java:logGet(44)) - raft.server.log.write.buffer.size = 1048576 (custom)
2021-06-21 17:58:24,694 [pool-113-thread-1] INFO  server.RaftServerConfigKeys (ConfUtils.java:logGet(44)) - raft.server.log.statemachine.data.caching.enabled = true (custom)
2021-06-21 17:58:24,695 [pool-113-thread-1] INFO  segmented.SegmentedRaftLogWorker (SegmentedRaftLogWorker.java:lambda$new$0(133)) - dcbd47e6-928b-4715-825b-9c1fc4ded717@group-14706BB93390-SegmentedRaftLogWorker: flushIndex: setUnconditionally 0 -> -1
2021-06-21 17:58:24,695 [pool-113-thread-1] INFO  segmented.SegmentedRaftLogWorker (SegmentedRaftLogWorker.java:lambda$new$0(133)) - dcbd47e6-928b-4715-825b-9c1fc4ded717@group-14706BB93390-SegmentedRaftLogWorker: safeCacheEvictIndex: setUnconditionally 0 -> -1
2021-06-21 17:58:24,695 [pool-113-thread-1] INFO  server.RaftServerConfigKeys (ConfUtils.java:logGet(44)) - raft.server.snapshot.auto.trigger.enabled = true (custom)
2021-06-21 17:58:24,695 [pool-113-thread-1] INFO  server.RaftServerConfigKeys (ConfUtils.java:logGet(44)) - raft.server.snapshot.auto.trigger.threshold = 10000 (custom)
2021-06-21 17:58:24,695 [pool-113-thread-1] INFO  server.RaftServerConfigKeys (ConfUtils.java:logGet(44)) - raft.server.snapshot.retention.file.num = 5 (custom)
2021-06-21 17:58:24,695 [pool-113-thread-1] INFO  server.RaftServerConfigKeys (ConfUtils.java:logGet(44)) - raft.server.log.purge.upto.snapshot.index = false (default)
2021-06-21 17:58:24,695 [pool-113-thread-1] INFO  server.RaftServerConfigKeys (ConfUtils.java:logGet(44)) - raft.server.retrycache.expirytime = 600000ms (custom)
2021-06-21 17:58:24,695 [pool-113-thread-1] INFO  server.RaftServerConfigKeys (ConfUtils.java:logGet(44)) - raft.server.retrycache.statistics.expirytime = 100μs (default)
2021-06-21 17:58:24,696 [pool-113-thread-1] INFO  metrics.RatisMetrics (RatisMetrics.java:lambda$create$0(36)) - Creating Metrics Registry : ratis.leader_election.dcbd47e6-928b-4715-825b-9c1fc4ded717@group-14706BB93390
2021-06-21 17:58:24,698 [pool-113-thread-1] INFO  metrics.RatisMetrics (RatisMetrics.java:lambda$create$0(36)) - Creating Metrics Registry : ratis.server.dcbd47e6-928b-4715-825b-9c1fc4ded717@group-14706BB93390
2021-06-21 17:58:24,699 [pool-113-thread-1] INFO  server.RaftServer$Division (RaftServerImpl.java:start(295)) - dcbd47e6-928b-4715-825b-9c1fc4ded717@group-14706BB93390: start as a follower, conf=-1: [69c6f520-252c-4e6e-b4eb-24186417fbe1|rpc:10.1.0.38:46405|priority:1, c73c8739-3325-43cd-abe9-6b47c5c175d5|rpc:10.1.0.38:38205|priority:0, dcbd47e6-928b-4715-825b-9c1fc4ded717|rpc:10.1.0.38:35165|priority:0], old=null
2021-06-21 17:58:24,700 [pool-113-thread-1] INFO  server.RaftServer$Division (RaftServerImpl.java:setRole(284)) - dcbd47e6-928b-4715-825b-9c1fc4ded717@group-14706BB93390: changes role from      null to FOLLOWER at term 0 for startAsFollower
2021-06-21 17:58:24,700 [pool-113-thread-1] INFO  impl.RoleInfo (RoleInfo.java:updateAndGet(130)) - dcbd47e6-928b-4715-825b-9c1fc4ded717: start dcbd47e6-928b-4715-825b-9c1fc4ded717@group-14706BB93390-FollowerState
2021-06-21 17:58:24,700 [pool-113-thread-1] INFO  util.JmxRegister (JmxRegister.java:tryRegister(44)) - Successfully registered JMX Bean with object name Ratis:service=RaftServer,group=group-14706BB93390,id=dcbd47e6-928b-4715-825b-9c1fc4ded717
2021-06-21 17:58:24,700 [pool-113-thread-1] INFO  metrics.RatisMetrics (RatisMetrics.java:lambda$create$0(36)) - Creating Metrics Registry : ratis.state_machine.dcbd47e6-928b-4715-825b-9c1fc4ded717@group-14706BB93390
2021-06-21 17:58:24,701 [Command processor thread] INFO  ratis.XceiverServerRatis (XceiverServerRatis.java:addGroup(759)) - Created group PipelineID=30059530-567b-4f38-ba65-14706bb93390
2021-06-21 17:58:24,736 [Command processor thread] INFO  metrics.RatisMetrics (RatisMetrics.java:lambda$create$0(36)) - Creating Metrics Registry : ratis.client_message_metrics.client-B002F77B5F32->69c6f520-252c-4e6e-b4eb-24186417fbe1
2021-06-21 17:58:24,773 [Command processor thread] INFO  server.RaftServer (RaftServerProxy.java:addNew(95)) - c73c8739-3325-43cd-abe9-6b47c5c175d5: addNew group-986CC9AA3F32:[c73c8739-3325-43cd-abe9-6b47c5c175d5|rpc:10.1.0.38:38205|priority:1] returns group-986CC9AA3F32:java.util.concurrent.CompletableFuture@747ee0d3[Not completed]
2021-06-21 17:58:24,779 [pool-131-thread-1] INFO  server.RaftServer$Division (RaftServerImpl.java:<init>(180)) - c73c8739-3325-43cd-abe9-6b47c5c175d5: new RaftServerImpl for group-986CC9AA3F32:[c73c8739-3325-43cd-abe9-6b47c5c175d5|rpc:10.1.0.38:38205|priority:1] with ContainerStateMachine:uninitialized
2021-06-21 17:58:24,782 [pool-131-thread-1] INFO  server.RaftServerConfigKeys (ConfUtils.java:logGet(44)) - raft.server.rpc.timeout.min = 5s (custom)
2021-06-21 17:58:24,782 [pool-131-thread-1] INFO  server.RaftServerConfigKeys (ConfUtils.java:logGet(44)) - raft.server.rpc.timeout.max = 5200ms (custom)
2021-06-21 17:58:24,782 [pool-131-thread-1] INFO  server.RaftServerConfigKeys (ConfUtils.java:logGet(44)) - raft.server.rpc.sleep.time = 25ms (default)
2021-06-21 17:58:24,782 [pool-131-thread-1] INFO  server.RaftServerConfigKeys (ConfUtils.java:logGet(44)) - raft.server.rpc.slowness.timeout = 300s (custom)
2021-06-21 17:58:24,782 [pool-131-thread-1] INFO  server.RaftServerConfigKeys (ConfUtils.java:logGet(44)) - raft.server.leaderelection.leader.step-down.wait-time = 10s (default)
2021-06-21 17:58:24,783 [pool-131-thread-1] INFO  server.RaftServerConfigKeys (ConfUtils.java:logGet(44)) - raft.server.sleep.deviation.threshold = 300ms (default)
2021-06-21 17:58:24,783 [pool-131-thread-1] INFO  server.RaftServerConfigKeys (ConfUtils.java:logGet(44)) - raft.server.log.appender.install.snapshot.enabled = false (custom)
2021-06-21 17:58:24,783 [pool-131-thread-1] INFO  server.RaftServer$Division (ServerState.java:<init>(105)) - c73c8739-3325-43cd-abe9-6b47c5c175d5@group-986CC9AA3F32: ConfigurationManager, init=-1: [c73c8739-3325-43cd-abe9-6b47c5c175d5|rpc:10.1.0.38:38205|priority:1], old=null, confs=<EMPTY_MAP>
2021-06-21 17:58:24,784 [pool-131-thread-1] INFO  server.RaftServerConfigKeys (ConfUtils.java:logGet(44)) - raft.server.storage.dir = [/home/runner/work/ozone/ozone/mnt/ozone/hadoop-ozone/integration-test/target/test-dir/MiniOzoneClusterImpl-ccb1d6a7-04eb-495e-8a45-afc51195f32e/datanode-1/data/ratis] (custom)
2021-06-21 17:58:24,785 [pool-131-thread-1] INFO  server.RaftServerConfigKeys (ConfUtils.java:logGet(44)) - raft.server.log.corruption.policy = EXCEPTION (default)
2021-06-21 17:58:24,785 [pool-131-thread-1] INFO  storage.RaftStorageDirectory (RaftStorageDirectoryImpl.java:analyzeStorage(132)) - The storage directory /home/runner/work/ozone/ozone/mnt/ozone/hadoop-ozone/integration-test/target/test-dir/MiniOzoneClusterImpl-ccb1d6a7-04eb-495e-8a45-afc51195f32e/datanode-1/data/ratis/3260a5ca-b5cf-4b5a-952b-986cc9aa3f32 does not exist. Creating ...
2021-06-21 17:58:24,786 [pool-131-thread-1] INFO  storage.RaftStorageDirectory (RaftStorageDirectoryImpl.java:tryLock(215)) - Lock on /home/runner/work/ozone/ozone/mnt/ozone/hadoop-ozone/integration-test/target/test-dir/MiniOzoneClusterImpl-ccb1d6a7-04eb-495e-8a45-afc51195f32e/datanode-1/data/ratis/3260a5ca-b5cf-4b5a-952b-986cc9aa3f32/in_use.lock acquired by nodename 8175@fv-az294-379
2021-06-21 17:58:24,787 [pool-131-thread-1] INFO  storage.RaftStorage (RaftStorageImpl.java:format(87)) - Storage directory /home/runner/work/ozone/ozone/mnt/ozone/hadoop-ozone/integration-test/target/test-dir/MiniOzoneClusterImpl-ccb1d6a7-04eb-495e-8a45-afc51195f32e/datanode-1/data/ratis/3260a5ca-b5cf-4b5a-952b-986cc9aa3f32 has been successfully formatted.
2021-06-21 17:58:24,790 [pool-131-thread-1] INFO  ratis.ContainerStateMachine (ContainerStateMachine.java:loadSnapshot(224)) - group-986CC9AA3F32: The snapshot info is null. Setting the last applied indexto:(t:0, i:~)
2021-06-21 17:58:24,790 [pool-131-thread-1] INFO  server.RaftServerConfigKeys (ConfUtils.java:logGet(44)) - raft.server.notification.no-leader.timeout = 300s (custom)
2021-06-21 17:58:24,790 [pool-131-thread-1] INFO  server.RaftServerConfigKeys (ConfUtils.java:logGet(44)) - raft.server.log.use.memory = false (default)
2021-06-21 17:58:24,790 [pool-131-thread-1] INFO  server.RaftServerConfigKeys (ConfUtils.java:logGet(44)) - raft.server.log.purge.gap = 1000000 (custom)
2021-06-21 17:58:24,791 [pool-131-thread-1] INFO  server.RaftServerConfigKeys (ConfUtils.java:logGet(44)) - raft.server.log.appender.buffer.byte-limit = 33554432 (custom)
2021-06-21 17:58:24,791 [EventQueue-PipelineReportForPipelineReportHandler] INFO  pipeline.PipelineManagerV2Impl (PipelineManagerV2Impl.java:openPipeline(270)) - Pipeline Pipeline[ Id: 3260a5ca-b5cf-4b5a-952b-986cc9aa3f32, Nodes: c73c8739-3325-43cd-abe9-6b47c5c175d5{ip: 10.1.0.38, host: fv-az294-379.eaanfquahm5ulb5tj050gcxych.jx.internal.cloudapp.net, ports: [REPLICATION=41957, RATIS=38205, RATIS_ADMIN=38205, RATIS_SERVER=38205, STANDALONE=33353], networkLocation: /default-rack, certSerialId: null, persistedOpState: IN_SERVICE, persistedOpStateExpiryEpochSec: 0}, ReplicationConfig: RATIS/ONE, State:ALLOCATED, leaderId:c73c8739-3325-43cd-abe9-6b47c5c175d5, CreationTimestamp2021-06-21T17:58:21.775Z] moved to OPEN state
2021-06-21 17:58:24,793 [EventQueue-OpenPipelineForHealthyPipelineSafeModeRule] INFO  safemode.SCMSafeModeManager (HealthyPipelineSafeModeRule.java:process(124)) - SCM in safe mode. Healthy pipelines reported count is 0, required healthy pipeline reported count is 1
2021-06-21 17:58:24,793 [pool-131-thread-1] INFO  metrics.RatisMetrics (RatisMetrics.java:lambda$create$0(36)) - Creating Metrics Registry : ratis.log_worker.c73c8739-3325-43cd-abe9-6b47c5c175d5@group-986CC9AA3F32
2021-06-21 17:58:24,793 [pool-131-thread-1] INFO  server.RaftServerConfigKeys (ConfUtils.java:logGet(44)) - raft.server.log.segment.size.max = 1048576 (custom)
2021-06-21 17:58:24,801 [pool-131-thread-1] INFO  server.RaftServerConfigKeys (ConfUtils.java:logGet(44)) - raft.server.log.segment.cache.num.max = 2 (custom)
2021-06-21 17:58:24,801 [pool-131-thread-1] INFO  server.RaftServerConfigKeys (ConfUtils.java:logGet(44)) - raft.server.log.segment.cache.size.max = 200MB (=209715200) (default)
2021-06-21 17:58:24,802 [pool-131-thread-1] INFO  segmented.SegmentedRaftLogWorker (SegmentedRaftLogWorker.java:<init>(182)) - new c73c8739-3325-43cd-abe9-6b47c5c175d5@group-986CC9AA3F32-SegmentedRaftLogWorker for RaftStorageImpl:Storage Directory /home/runner/work/ozone/ozone/mnt/ozone/hadoop-ozone/integration-test/target/test-dir/MiniOzoneClusterImpl-ccb1d6a7-04eb-495e-8a45-afc51195f32e/datanode-1/data/ratis/3260a5ca-b5cf-4b5a-952b-986cc9aa3f32
2021-06-21 17:58:24,802 [pool-131-thread-1] INFO  server.RaftServerConfigKeys (ConfUtils.java:logGet(44)) - raft.server.log.queue.byte-limit = 2147483647 (custom)
2021-06-21 17:58:24,802 [pool-131-thread-1] INFO  server.RaftServerConfigKeys (ConfUtils.java:logGet(44)) - raft.server.log.queue.element-limit = 1024 (custom)
2021-06-21 17:58:24,802 [pool-131-thread-1] INFO  server.RaftServerConfigKeys (ConfUtils.java:logGet(44)) - raft.server.log.segment.size.max = 1048576 (custom)
2021-06-21 17:58:24,803 [pool-131-thread-1] INFO  server.RaftServerConfigKeys (ConfUtils.java:logGet(44)) - raft.server.log.preallocated.size = 16384 (custom)
2021-06-21 17:58:24,803 [pool-131-thread-1] INFO  server.RaftServerConfigKeys (ConfUtils.java:logGet(44)) - raft.server.log.force.sync.num = 128 (default)
2021-06-21 17:58:24,803 [pool-131-thread-1] INFO  server.RaftServerConfigKeys (ConfUtils.java:logGet(44)) - raft.server.log.statemachine.data.sync = true (default)
2021-06-21 17:58:24,803 [pool-131-thread-1] INFO  server.RaftServerConfigKeys (ConfUtils.java:logGet(44)) - raft.server.log.statemachine.data.sync.timeout = 10s (default)
2021-06-21 17:58:24,803 [pool-131-thread-1] INFO  server.RaftServerConfigKeys (ConfUtils.java:logGet(44)) - raft.server.log.statemachine.data.sync.timeout.retry = -1 (default)
2021-06-21 17:58:24,808 [pool-131-thread-1] INFO  server.RaftServerConfigKeys (ConfUtils.java:logGet(44)) - raft.server.log.write.buffer.size = 1048576 (custom)
2021-06-21 17:58:24,822 [pool-131-thread-1] INFO  server.RaftServerConfigKeys (ConfUtils.java:logGet(44)) - raft.server.log.statemachine.data.caching.enabled = true (custom)
2021-06-21 17:58:24,822 [pool-131-thread-1] INFO  segmented.SegmentedRaftLogWorker (SegmentedRaftLogWorker.java:lambda$new$0(133)) - c73c8739-3325-43cd-abe9-6b47c5c175d5@group-986CC9AA3F32-SegmentedRaftLogWorker: flushIndex: setUnconditionally 0 -> -1
2021-06-21 17:58:24,822 [pool-131-thread-1] INFO  segmented.SegmentedRaftLogWorker (SegmentedRaftLogWorker.java:lambda$new$0(133)) - c73c8739-3325-43cd-abe9-6b47c5c175d5@group-986CC9AA3F32-SegmentedRaftLogWorker: safeCacheEvictIndex: setUnconditionally 0 -> -1
2021-06-21 17:58:24,825 [pool-131-thread-1] INFO  server.RaftServerConfigKeys (ConfUtils.java:logGet(44)) - raft.server.snapshot.auto.trigger.enabled = true (custom)
2021-06-21 17:58:24,825 [pool-131-thread-1] INFO  server.RaftServerConfigKeys (ConfUtils.java:logGet(44)) - raft.server.snapshot.auto.trigger.threshold = 10000 (custom)
2021-06-21 17:58:24,825 [pool-131-thread-1] INFO  server.RaftServerConfigKeys (ConfUtils.java:logGet(44)) - raft.server.snapshot.retention.file.num = 5 (custom)
2021-06-21 17:58:24,825 [pool-131-thread-1] INFO  server.RaftServerConfigKeys (ConfUtils.java:logGet(44)) - raft.server.log.purge.upto.snapshot.index = false (default)
2021-06-21 17:58:24,829 [pool-131-thread-1] INFO  server.RaftServerConfigKeys (ConfUtils.java:logGet(44)) - raft.server.retrycache.expirytime = 600000ms (custom)
2021-06-21 17:58:24,829 [pool-131-thread-1] INFO  server.RaftServerConfigKeys (ConfUtils.java:logGet(44)) - raft.server.retrycache.statistics.expirytime = 100μs (default)
2021-06-21 17:58:24,830 [pool-131-thread-1] INFO  metrics.RatisMetrics (RatisMetrics.java:lambda$create$0(36)) - Creating Metrics Registry : ratis.leader_election.c73c8739-3325-43cd-abe9-6b47c5c175d5@group-986CC9AA3F32
2021-06-21 17:58:24,830 [pool-131-thread-1] INFO  metrics.RatisMetrics (RatisMetrics.java:lambda$create$0(36)) - Creating Metrics Registry : ratis.server.c73c8739-3325-43cd-abe9-6b47c5c175d5@group-986CC9AA3F32
2021-06-21 17:58:24,832 [pool-131-thread-1] INFO  server.RaftServer$Division (RaftServerImpl.java:start(295)) - c73c8739-3325-43cd-abe9-6b47c5c175d5@group-986CC9AA3F32: start as a follower, conf=-1: [c73c8739-3325-43cd-abe9-6b47c5c175d5|rpc:10.1.0.38:38205|priority:1], old=null
2021-06-21 17:58:24,832 [pool-131-thread-1] INFO  server.RaftServer$Division (RaftServerImpl.java:setRole(284)) - c73c8739-3325-43cd-abe9-6b47c5c175d5@group-986CC9AA3F32: changes role from      null to FOLLOWER at term 0 for startAsFollower
2021-06-21 17:58:24,832 [pool-131-thread-1] INFO  impl.RoleInfo (RoleInfo.java:updateAndGet(130)) - c73c8739-3325-43cd-abe9-6b47c5c175d5: start c73c8739-3325-43cd-abe9-6b47c5c175d5@group-986CC9AA3F32-FollowerState
2021-06-21 17:58:24,834 [pool-131-thread-1] INFO  util.JmxRegister (JmxRegister.java:tryRegister(44)) - Successfully registered JMX Bean with object name Ratis:service=RaftServer,group=group-986CC9AA3F32,id=c73c8739-3325-43cd-abe9-6b47c5c175d5
2021-06-21 17:58:24,834 [pool-131-thread-1] INFO  metrics.RatisMetrics (RatisMetrics.java:lambda$create$0(36)) - Creating Metrics Registry : ratis.state_machine.c73c8739-3325-43cd-abe9-6b47c5c175d5@group-986CC9AA3F32
2021-06-21 17:58:24,835 [Command processor thread] INFO  ratis.XceiverServerRatis (XceiverServerRatis.java:addGroup(759)) - Created group PipelineID=3260a5ca-b5cf-4b5a-952b-986cc9aa3f32
2021-06-21 17:58:24,835 [Command processor thread] INFO  commandhandler.CreatePipelineCommandHandler (CreatePipelineCommandHandler.java:handle(106)) - Created Pipeline RATIS ONE PipelineID=3260a5ca-b5cf-4b5a-952b-986cc9aa3f32.
2021-06-21 17:58:24,842 [Command processor thread] INFO  server.RaftServer (RaftServerProxy.java:addNew(95)) - c73c8739-3325-43cd-abe9-6b47c5c175d5: addNew group-14706BB93390:[69c6f520-252c-4e6e-b4eb-24186417fbe1|rpc:10.1.0.38:46405|priority:1, c73c8739-3325-43cd-abe9-6b47c5c175d5|rpc:10.1.0.38:38205|priority:0, dcbd47e6-928b-4715-825b-9c1fc4ded717|rpc:10.1.0.38:35165|priority:0] returns group-14706BB93390:java.util.concurrent.CompletableFuture@70417a84[Not completed]
2021-06-21 17:58:24,843 [pool-131-thread-1] INFO  server.RaftServer$Division (RaftServerImpl.java:<init>(180)) - c73c8739-3325-43cd-abe9-6b47c5c175d5: new RaftServerImpl for group-14706BB93390:[69c6f520-252c-4e6e-b4eb-24186417fbe1|rpc:10.1.0.38:46405|priority:1, c73c8739-3325-43cd-abe9-6b47c5c175d5|rpc:10.1.0.38:38205|priority:0, dcbd47e6-928b-4715-825b-9c1fc4ded717|rpc:10.1.0.38:35165|priority:0] with ContainerStateMachine:uninitialized
2021-06-21 17:58:24,843 [pool-131-thread-1] INFO  server.RaftServerConfigKeys (ConfUtils.java:logGet(44)) - raft.server.rpc.timeout.min = 5s (custom)
2021-06-21 17:58:24,843 [pool-131-thread-1] INFO  server.RaftServerConfigKeys (ConfUtils.java:logGet(44)) - raft.server.rpc.timeout.max = 5200ms (custom)
2021-06-21 17:58:24,843 [pool-131-thread-1] INFO  server.RaftServerConfigKeys (ConfUtils.java:logGet(44)) - raft.server.rpc.sleep.time = 25ms (default)
2021-06-21 17:58:24,843 [pool-131-thread-1] INFO  server.RaftServerConfigKeys (ConfUtils.java:logGet(44)) - raft.server.rpc.slowness.timeout = 300s (custom)
2021-06-21 17:58:24,843 [pool-131-thread-1] INFO  server.RaftServerConfigKeys (ConfUtils.java:logGet(44)) - raft.server.leaderelection.leader.step-down.wait-time = 10s (default)
2021-06-21 17:58:24,843 [pool-131-thread-1] INFO  server.RaftServerConfigKeys (ConfUtils.java:logGet(44)) - raft.server.sleep.deviation.threshold = 300ms (default)
2021-06-21 17:58:24,844 [pool-131-thread-1] INFO  server.RaftServerConfigKeys (ConfUtils.java:logGet(44)) - raft.server.log.appender.install.snapshot.enabled = false (custom)
2021-06-21 17:58:24,844 [pool-131-thread-1] INFO  server.RaftServer$Division (ServerState.java:<init>(105)) - c73c8739-3325-43cd-abe9-6b47c5c175d5@group-14706BB93390: ConfigurationManager, init=-1: [69c6f520-252c-4e6e-b4eb-24186417fbe1|rpc:10.1.0.38:46405|priority:1, c73c8739-3325-43cd-abe9-6b47c5c175d5|rpc:10.1.0.38:38205|priority:0, dcbd47e6-928b-4715-825b-9c1fc4ded717|rpc:10.1.0.38:35165|priority:0], old=null, confs=<EMPTY_MAP>
2021-06-21 17:58:24,844 [pool-131-thread-1] INFO  server.RaftServerConfigKeys (ConfUtils.java:logGet(44)) - raft.server.storage.dir = [/home/runner/work/ozone/ozone/mnt/ozone/hadoop-ozone/integration-test/target/test-dir/MiniOzoneClusterImpl-ccb1d6a7-04eb-495e-8a45-afc51195f32e/datanode-1/data/ratis] (custom)
2021-06-21 17:58:24,844 [pool-131-thread-1] INFO  server.RaftServerConfigKeys (ConfUtils.java:logGet(44)) - raft.server.log.corruption.policy = EXCEPTION (default)
2021-06-21 17:58:24,844 [pool-131-thread-1] INFO  storage.RaftStorageDirectory (RaftStorageDirectoryImpl.java:analyzeStorage(132)) - The storage directory /home/runner/work/ozone/ozone/mnt/ozone/hadoop-ozone/integration-test/target/test-dir/MiniOzoneClusterImpl-ccb1d6a7-04eb-495e-8a45-afc51195f32e/datanode-1/data/ratis/30059530-567b-4f38-ba65-14706bb93390 does not exist. Creating ...
2021-06-21 17:58:24,845 [pool-131-thread-1] INFO  storage.RaftStorageDirectory (RaftStorageDirectoryImpl.java:tryLock(215)) - Lock on /home/runner/work/ozone/ozone/mnt/ozone/hadoop-ozone/integration-test/target/test-dir/MiniOzoneClusterImpl-ccb1d6a7-04eb-495e-8a45-afc51195f32e/datanode-1/data/ratis/30059530-567b-4f38-ba65-14706bb93390/in_use.lock acquired by nodename 8175@fv-az294-379
2021-06-21 17:58:24,846 [pool-131-thread-1] INFO  storage.RaftStorage (RaftStorageImpl.java:format(87)) - Storage directory /home/runner/work/ozone/ozone/mnt/ozone/hadoop-ozone/integration-test/target/test-dir/MiniOzoneClusterImpl-ccb1d6a7-04eb-495e-8a45-afc51195f32e/datanode-1/data/ratis/30059530-567b-4f38-ba65-14706bb93390 has been successfully formatted.
2021-06-21 17:58:24,847 [pool-131-thread-1] INFO  ratis.ContainerStateMachine (ContainerStateMachine.java:loadSnapshot(224)) - group-14706BB93390: The snapshot info is null. Setting the last applied indexto:(t:0, i:~)
2021-06-21 17:58:24,847 [pool-131-thread-1] INFO  server.RaftServerConfigKeys (ConfUtils.java:logGet(44)) - raft.server.notification.no-leader.timeout = 300s (custom)
2021-06-21 17:58:24,849 [EventQueue-OpenPipelineForHealthyPipelineSafeModeRule] INFO  safemode.SCMSafeModeManager (HealthyPipelineSafeModeRule.java:process(124)) - SCM in safe mode. Healthy pipelines reported count is 0, required healthy pipeline reported count is 1
2021-06-21 17:58:24,851 [pool-131-thread-1] INFO  server.RaftServerConfigKeys (ConfUtils.java:logGet(44)) - raft.server.log.use.memory = false (default)
2021-06-21 17:58:24,852 [pool-131-thread-1] INFO  server.RaftServerConfigKeys (ConfUtils.java:logGet(44)) - raft.server.log.purge.gap = 1000000 (custom)
2021-06-21 17:58:24,852 [pool-131-thread-1] INFO  server.RaftServerConfigKeys (ConfUtils.java:logGet(44)) - raft.server.log.appender.buffer.byte-limit = 33554432 (custom)
2021-06-21 17:58:24,852 [pool-131-thread-1] INFO  metrics.RatisMetrics (RatisMetrics.java:lambda$create$0(36)) - Creating Metrics Registry : ratis.log_worker.c73c8739-3325-43cd-abe9-6b47c5c175d5@group-14706BB93390
2021-06-21 17:58:24,852 [pool-131-thread-1] INFO  server.RaftServerConfigKeys (ConfUtils.java:logGet(44)) - raft.server.log.segment.size.max = 1048576 (custom)
2021-06-21 17:58:24,852 [pool-131-thread-1] INFO  server.RaftServerConfigKeys (ConfUtils.java:logGet(44)) - raft.server.log.segment.cache.num.max = 2 (custom)
2021-06-21 17:58:24,852 [pool-131-thread-1] INFO  server.RaftServerConfigKeys (ConfUtils.java:logGet(44)) - raft.server.log.segment.cache.size.max = 200MB (=209715200) (default)
2021-06-21 17:58:24,853 [pool-131-thread-1] INFO  segmented.SegmentedRaftLogWorker (SegmentedRaftLogWorker.java:<init>(182)) - new c73c8739-3325-43cd-abe9-6b47c5c175d5@group-14706BB93390-SegmentedRaftLogWorker for RaftStorageImpl:Storage Directory /home/runner/work/ozone/ozone/mnt/ozone/hadoop-ozone/integration-test/target/test-dir/MiniOzoneClusterImpl-ccb1d6a7-04eb-495e-8a45-afc51195f32e/datanode-1/data/ratis/30059530-567b-4f38-ba65-14706bb93390
2021-06-21 17:58:24,853 [pool-131-thread-1] INFO  server.RaftServerConfigKeys (ConfUtils.java:logGet(44)) - raft.server.log.queue.byte-limit = 2147483647 (custom)
2021-06-21 17:58:24,853 [pool-131-thread-1] INFO  server.RaftServerConfigKeys (ConfUtils.java:logGet(44)) - raft.server.log.queue.element-limit = 1024 (custom)
2021-06-21 17:58:24,853 [pool-131-thread-1] INFO  server.RaftServerConfigKeys (ConfUtils.java:logGet(44)) - raft.server.log.segment.size.max = 1048576 (custom)
2021-06-21 17:58:24,853 [pool-131-thread-1] INFO  server.RaftServerConfigKeys (ConfUtils.java:logGet(44)) - raft.server.log.preallocated.size = 16384 (custom)
2021-06-21 17:58:24,853 [pool-131-thread-1] INFO  server.RaftServerConfigKeys (ConfUtils.java:logGet(44)) - raft.server.log.force.sync.num = 128 (default)
2021-06-21 17:58:24,853 [pool-131-thread-1] INFO  server.RaftServerConfigKeys (ConfUtils.java:logGet(44)) - raft.server.log.statemachine.data.sync = true (default)
2021-06-21 17:58:24,853 [pool-131-thread-1] INFO  server.RaftServerConfigKeys (ConfUtils.java:logGet(44)) - raft.server.log.statemachine.data.sync.timeout = 10s (default)
2021-06-21 17:58:24,853 [pool-131-thread-1] INFO  server.RaftServerConfigKeys (ConfUtils.java:logGet(44)) - raft.server.log.statemachine.data.sync.timeout.retry = -1 (default)
2021-06-21 17:58:24,854 [pool-131-thread-1] INFO  server.RaftServerConfigKeys (ConfUtils.java:logGet(44)) - raft.server.log.write.buffer.size = 1048576 (custom)
2021-06-21 17:58:24,855 [pool-131-thread-1] INFO  server.RaftServerConfigKeys (ConfUtils.java:logGet(44)) - raft.server.log.statemachine.data.caching.enabled = true (custom)
2021-06-21 17:58:24,855 [pool-131-thread-1] INFO  segmented.SegmentedRaftLogWorker (SegmentedRaftLogWorker.java:lambda$new$0(133)) - c73c8739-3325-43cd-abe9-6b47c5c175d5@group-14706BB93390-SegmentedRaftLogWorker: flushIndex: setUnconditionally 0 -> -1
2021-06-21 17:58:24,855 [pool-131-thread-1] INFO  segmented.SegmentedRaftLogWorker (SegmentedRaftLogWorker.java:lambda$new$0(133)) - c73c8739-3325-43cd-abe9-6b47c5c175d5@group-14706BB93390-SegmentedRaftLogWorker: safeCacheEvictIndex: setUnconditionally 0 -> -1
2021-06-21 17:58:24,865 [pool-131-thread-1] INFO  server.RaftServerConfigKeys (ConfUtils.java:logGet(44)) - raft.server.snapshot.auto.trigger.enabled = true (custom)
2021-06-21 17:58:24,865 [pool-131-thread-1] INFO  server.RaftServerConfigKeys (ConfUtils.java:logGet(44)) - raft.server.snapshot.auto.trigger.threshold = 10000 (custom)
2021-06-21 17:58:24,866 [pool-131-thread-1] INFO  server.RaftServerConfigKeys (ConfUtils.java:logGet(44)) - raft.server.snapshot.retention.file.num = 5 (custom)
2021-06-21 17:58:24,866 [pool-131-thread-1] INFO  server.RaftServerConfigKeys (ConfUtils.java:logGet(44)) - raft.server.log.purge.upto.snapshot.index = false (default)
2021-06-21 17:58:24,866 [pool-131-thread-1] INFO  server.RaftServerConfigKeys (ConfUtils.java:logGet(44)) - raft.server.retrycache.expirytime = 600000ms (custom)
2021-06-21 17:58:24,866 [pool-131-thread-1] INFO  server.RaftServerConfigKeys (ConfUtils.java:logGet(44)) - raft.server.retrycache.statistics.expirytime = 100μs (default)
2021-06-21 17:58:24,866 [pool-131-thread-1] INFO  metrics.RatisMetrics (RatisMetrics.java:lambda$create$0(36)) - Creating Metrics Registry : ratis.leader_election.c73c8739-3325-43cd-abe9-6b47c5c175d5@group-14706BB93390
2021-06-21 17:58:24,866 [pool-131-thread-1] INFO  metrics.RatisMetrics (RatisMetrics.java:lambda$create$0(36)) - Creating Metrics Registry : ratis.server.c73c8739-3325-43cd-abe9-6b47c5c175d5@group-14706BB93390
2021-06-21 17:58:24,868 [pool-131-thread-1] INFO  server.RaftServer$Division (RaftServerImpl.java:start(295)) - c73c8739-3325-43cd-abe9-6b47c5c175d5@group-14706BB93390: start as a follower, conf=-1: [69c6f520-252c-4e6e-b4eb-24186417fbe1|rpc:10.1.0.38:46405|priority:1, c73c8739-3325-43cd-abe9-6b47c5c175d5|rpc:10.1.0.38:38205|priority:0, dcbd47e6-928b-4715-825b-9c1fc4ded717|rpc:10.1.0.38:35165|priority:0], old=null
2021-06-21 17:58:24,868 [pool-131-thread-1] INFO  server.RaftServer$Division (RaftServerImpl.java:setRole(284)) - c73c8739-3325-43cd-abe9-6b47c5c175d5@group-14706BB93390: changes role from      null to FOLLOWER at term 0 for startAsFollower
2021-06-21 17:58:24,868 [pool-131-thread-1] INFO  impl.RoleInfo (RoleInfo.java:updateAndGet(130)) - c73c8739-3325-43cd-abe9-6b47c5c175d5: start c73c8739-3325-43cd-abe9-6b47c5c175d5@group-14706BB93390-FollowerState
2021-06-21 17:58:24,875 [pool-131-thread-1] INFO  util.JmxRegister (JmxRegister.java:tryRegister(44)) - Successfully registered JMX Bean with object name Ratis:service=RaftServer,group=group-14706BB93390,id=c73c8739-3325-43cd-abe9-6b47c5c175d5
2021-06-21 17:58:24,876 [pool-131-thread-1] INFO  metrics.RatisMetrics (RatisMetrics.java:lambda$create$0(36)) - Creating Metrics Registry : ratis.state_machine.c73c8739-3325-43cd-abe9-6b47c5c175d5@group-14706BB93390
2021-06-21 17:58:24,876 [Command processor thread] INFO  ratis.XceiverServerRatis (XceiverServerRatis.java:addGroup(759)) - Created group PipelineID=30059530-567b-4f38-ba65-14706bb93390
2021-06-21 17:58:24,878 [Command processor thread] INFO  metrics.RatisMetrics (RatisMetrics.java:lambda$create$0(36)) - Creating Metrics Registry : ratis.client_message_metrics.client-89B6FE11E642->69c6f520-252c-4e6e-b4eb-24186417fbe1
2021-06-21 17:58:24,891 [Listener at 127.0.0.1/44351] INFO  ozone.MiniOzoneClusterImpl (MiniOzoneClusterImpl.java:lambda$waitForClusterToBeReady$0(227)) - Nodes are ready. Got 3 of 3 DN Heartbeats.
2021-06-21 17:58:24,891 [Listener at 127.0.0.1/44351] INFO  ozone.MiniOzoneClusterImpl (MiniOzoneClusterImpl.java:lambda$waitForClusterToBeReady$0(230)) - Waiting for cluster to exit safe mode
2021-06-21 17:58:24,891 [Listener at 127.0.0.1/44351] INFO  ozone.MiniOzoneClusterImpl (MiniOzoneClusterImpl.java:lambda$waitForClusterToBeReady$0(232)) - SCM became leader
2021-06-21 17:58:24,901 [Command processor thread] INFO  server.RaftServer (RaftServerProxy.java:addNew(95)) - 69c6f520-252c-4e6e-b4eb-24186417fbe1: addNew group-AB0B6CA61696:[69c6f520-252c-4e6e-b4eb-24186417fbe1|rpc:10.1.0.38:46405|priority:1] returns group-AB0B6CA61696:java.util.concurrent.CompletableFuture@5f10db48[Not completed]
2021-06-21 17:58:24,908 [pool-149-thread-1] INFO  server.RaftServer$Division (RaftServerImpl.java:<init>(180)) - 69c6f520-252c-4e6e-b4eb-24186417fbe1: new RaftServerImpl for group-AB0B6CA61696:[69c6f520-252c-4e6e-b4eb-24186417fbe1|rpc:10.1.0.38:46405|priority:1] with ContainerStateMachine:uninitialized
2021-06-21 17:58:24,915 [pool-149-thread-1] INFO  server.RaftServerConfigKeys (ConfUtils.java:logGet(44)) - raft.server.rpc.timeout.min = 5s (custom)
2021-06-21 17:58:24,915 [pool-149-thread-1] INFO  server.RaftServerConfigKeys (ConfUtils.java:logGet(44)) - raft.server.rpc.timeout.max = 5200ms (custom)
2021-06-21 17:58:24,915 [pool-149-thread-1] INFO  server.RaftServerConfigKeys (ConfUtils.java:logGet(44)) - raft.server.rpc.sleep.time = 25ms (default)
2021-06-21 17:58:24,915 [pool-149-thread-1] INFO  server.RaftServerConfigKeys (ConfUtils.java:logGet(44)) - raft.server.rpc.slowness.timeout = 300s (custom)
2021-06-21 17:58:24,915 [pool-149-thread-1] INFO  server.RaftServerConfigKeys (ConfUtils.java:logGet(44)) - raft.server.leaderelection.leader.step-down.wait-time = 10s (default)
2021-06-21 17:58:24,916 [pool-149-thread-1] INFO  server.RaftServerConfigKeys (ConfUtils.java:logGet(44)) - raft.server.sleep.deviation.threshold = 300ms (default)
2021-06-21 17:58:24,916 [pool-149-thread-1] INFO  server.RaftServerConfigKeys (ConfUtils.java:logGet(44)) - raft.server.log.appender.install.snapshot.enabled = false (custom)
2021-06-21 17:58:24,916 [pool-149-thread-1] INFO  server.RaftServer$Division (ServerState.java:<init>(105)) - 69c6f520-252c-4e6e-b4eb-24186417fbe1@group-AB0B6CA61696: ConfigurationManager, init=-1: [69c6f520-252c-4e6e-b4eb-24186417fbe1|rpc:10.1.0.38:46405|priority:1], old=null, confs=<EMPTY_MAP>
2021-06-21 17:58:24,916 [pool-149-thread-1] INFO  server.RaftServerConfigKeys (ConfUtils.java:logGet(44)) - raft.server.storage.dir = [/home/runner/work/ozone/ozone/mnt/ozone/hadoop-ozone/integration-test/target/test-dir/MiniOzoneClusterImpl-ccb1d6a7-04eb-495e-8a45-afc51195f32e/datanode-2/data/ratis] (custom)
2021-06-21 17:58:24,916 [pool-149-thread-1] INFO  server.RaftServerConfigKeys (ConfUtils.java:logGet(44)) - raft.server.log.corruption.policy = EXCEPTION (default)
2021-06-21 17:58:24,916 [pool-149-thread-1] INFO  storage.RaftStorageDirectory (RaftStorageDirectoryImpl.java:analyzeStorage(132)) - The storage directory /home/runner/work/ozone/ozone/mnt/ozone/hadoop-ozone/integration-test/target/test-dir/MiniOzoneClusterImpl-ccb1d6a7-04eb-495e-8a45-afc51195f32e/datanode-2/data/ratis/8f0c8bb9-a63e-4b89-a234-ab0b6ca61696 does not exist. Creating ...
2021-06-21 17:58:24,924 [pool-149-thread-1] INFO  storage.RaftStorageDirectory (RaftStorageDirectoryImpl.java:tryLock(215)) - Lock on /home/runner/work/ozone/ozone/mnt/ozone/hadoop-ozone/integration-test/target/test-dir/MiniOzoneClusterImpl-ccb1d6a7-04eb-495e-8a45-afc51195f32e/datanode-2/data/ratis/8f0c8bb9-a63e-4b89-a234-ab0b6ca61696/in_use.lock acquired by nodename 8175@fv-az294-379
2021-06-21 17:58:24,926 [pool-149-thread-1] INFO  storage.RaftStorage (RaftStorageImpl.java:format(87)) - Storage directory /home/runner/work/ozone/ozone/mnt/ozone/hadoop-ozone/integration-test/target/test-dir/MiniOzoneClusterImpl-ccb1d6a7-04eb-495e-8a45-afc51195f32e/datanode-2/data/ratis/8f0c8bb9-a63e-4b89-a234-ab0b6ca61696 has been successfully formatted.
2021-06-21 17:58:24,928 [pool-149-thread-1] INFO  ratis.ContainerStateMachine (ContainerStateMachine.java:loadSnapshot(224)) - group-AB0B6CA61696: The snapshot info is null. Setting the last applied indexto:(t:0, i:~)
2021-06-21 17:58:24,928 [pool-149-thread-1] INFO  server.RaftServerConfigKeys (ConfUtils.java:logGet(44)) - raft.server.notification.no-leader.timeout = 300s (custom)
2021-06-21 17:58:24,928 [pool-149-thread-1] INFO  server.RaftServerConfigKeys (ConfUtils.java:logGet(44)) - raft.server.log.use.memory = false (default)
2021-06-21 17:58:24,928 [pool-149-thread-1] INFO  server.RaftServerConfigKeys (ConfUtils.java:logGet(44)) - raft.server.log.purge.gap = 1000000 (custom)
2021-06-21 17:58:24,928 [pool-149-thread-1] INFO  server.RaftServerConfigKeys (ConfUtils.java:logGet(44)) - raft.server.log.appender.buffer.byte-limit = 33554432 (custom)
2021-06-21 17:58:24,928 [pool-149-thread-1] INFO  metrics.RatisMetrics (RatisMetrics.java:lambda$create$0(36)) - Creating Metrics Registry : ratis.log_worker.69c6f520-252c-4e6e-b4eb-24186417fbe1@group-AB0B6CA61696
2021-06-21 17:58:24,928 [pool-149-thread-1] INFO  server.RaftServerConfigKeys (ConfUtils.java:logGet(44)) - raft.server.log.segment.size.max = 1048576 (custom)
2021-06-21 17:58:24,929 [pool-149-thread-1] INFO  server.RaftServerConfigKeys (ConfUtils.java:logGet(44)) - raft.server.log.segment.cache.num.max = 2 (custom)
2021-06-21 17:58:24,929 [pool-149-thread-1] INFO  server.RaftServerConfigKeys (ConfUtils.java:logGet(44)) - raft.server.log.segment.cache.size.max = 200MB (=209715200) (default)
2021-06-21 17:58:24,929 [pool-149-thread-1] INFO  segmented.SegmentedRaftLogWorker (SegmentedRaftLogWorker.java:<init>(182)) - new 69c6f520-252c-4e6e-b4eb-24186417fbe1@group-AB0B6CA61696-SegmentedRaftLogWorker for RaftStorageImpl:Storage Directory /home/runner/work/ozone/ozone/mnt/ozone/hadoop-ozone/integration-test/target/test-dir/MiniOzoneClusterImpl-ccb1d6a7-04eb-495e-8a45-afc51195f32e/datanode-2/data/ratis/8f0c8bb9-a63e-4b89-a234-ab0b6ca61696
2021-06-21 17:58:24,929 [pool-149-thread-1] INFO  server.RaftServerConfigKeys (ConfUtils.java:logGet(44)) - raft.server.log.queue.byte-limit = 2147483647 (custom)
2021-06-21 17:58:24,929 [pool-149-thread-1] INFO  server.RaftServerConfigKeys (ConfUtils.java:logGet(44)) - raft.server.log.queue.element-limit = 1024 (custom)
2021-06-21 17:58:24,929 [pool-149-thread-1] INFO  server.RaftServerConfigKeys (ConfUtils.java:logGet(44)) - raft.server.log.segment.size.max = 1048576 (custom)
2021-06-21 17:58:24,929 [pool-149-thread-1] INFO  server.RaftServerConfigKeys (ConfUtils.java:logGet(44)) - raft.server.log.preallocated.size = 16384 (custom)
2021-06-21 17:58:24,929 [pool-149-thread-1] INFO  server.RaftServerConfigKeys (ConfUtils.java:logGet(44)) - raft.server.log.force.sync.num = 128 (default)
2021-06-21 17:58:24,929 [pool-149-thread-1] INFO  server.RaftServerConfigKeys (ConfUtils.java:logGet(44)) - raft.server.log.statemachine.data.sync = true (default)
2021-06-21 17:58:24,929 [pool-149-thread-1] INFO  server.RaftServerConfigKeys (ConfUtils.java:logGet(44)) - raft.server.log.statemachine.data.sync.timeout = 10s (default)
2021-06-21 17:58:24,929 [pool-149-thread-1] INFO  server.RaftServerConfigKeys (ConfUtils.java:logGet(44)) - raft.server.log.statemachine.data.sync.timeout.retry = -1 (default)
2021-06-21 17:58:24,935 [EventQueue-PipelineReportForPipelineReportHandler] INFO  pipeline.PipelineManagerV2Impl (PipelineManagerV2Impl.java:openPipeline(270)) - Pipeline Pipeline[ Id: 8f0c8bb9-a63e-4b89-a234-ab0b6ca61696, Nodes: 69c6f520-252c-4e6e-b4eb-24186417fbe1{ip: 10.1.0.38, host: fv-az294-379.eaanfquahm5ulb5tj050gcxych.jx.internal.cloudapp.net, ports: [REPLICATION=40749, RATIS=46405, RATIS_ADMIN=46405, RATIS_SERVER=46405, STANDALONE=45039], networkLocation: /default-rack, certSerialId: null, persistedOpState: IN_SERVICE, persistedOpStateExpiryEpochSec: 0}, ReplicationConfig: RATIS/ONE, State:ALLOCATED, leaderId:69c6f520-252c-4e6e-b4eb-24186417fbe1, CreationTimestamp2021-06-21T17:58:21.901Z] moved to OPEN state
2021-06-21 17:58:24,935 [EventQueue-OpenPipelineForHealthyPipelineSafeModeRule] INFO  safemode.SCMSafeModeManager (HealthyPipelineSafeModeRule.java:process(124)) - SCM in safe mode. Healthy pipelines reported count is 0, required healthy pipeline reported count is 1
2021-06-21 17:58:24,936 [pool-149-thread-1] INFO  server.RaftServerConfigKeys (ConfUtils.java:logGet(44)) - raft.server.log.write.buffer.size = 1048576 (custom)
2021-06-21 17:58:24,938 [pool-149-thread-1] INFO  server.RaftServerConfigKeys (ConfUtils.java:logGet(44)) - raft.server.log.statemachine.data.caching.enabled = true (custom)
2021-06-21 17:58:24,938 [pool-149-thread-1] INFO  segmented.SegmentedRaftLogWorker (SegmentedRaftLogWorker.java:lambda$new$0(133)) - 69c6f520-252c-4e6e-b4eb-24186417fbe1@group-AB0B6CA61696-SegmentedRaftLogWorker: flushIndex: setUnconditionally 0 -> -1
2021-06-21 17:58:24,938 [pool-149-thread-1] INFO  segmented.SegmentedRaftLogWorker (SegmentedRaftLogWorker.java:lambda$new$0(133)) - 69c6f520-252c-4e6e-b4eb-24186417fbe1@group-AB0B6CA61696-SegmentedRaftLogWorker: safeCacheEvictIndex: setUnconditionally 0 -> -1
2021-06-21 17:58:24,945 [pool-149-thread-1] INFO  server.RaftServerConfigKeys (ConfUtils.java:logGet(44)) - raft.server.snapshot.auto.trigger.enabled = true (custom)
2021-06-21 17:58:24,946 [pool-149-thread-1] INFO  server.RaftServerConfigKeys (ConfUtils.java:logGet(44)) - raft.server.snapshot.auto.trigger.threshold = 10000 (custom)
2021-06-21 17:58:24,946 [pool-149-thread-1] INFO  server.RaftServerConfigKeys (ConfUtils.java:logGet(44)) - raft.server.snapshot.retention.file.num = 5 (custom)
2021-06-21 17:58:24,946 [pool-149-thread-1] INFO  server.RaftServerConfigKeys (ConfUtils.java:logGet(44)) - raft.server.log.purge.upto.snapshot.index = false (default)
2021-06-21 17:58:24,946 [pool-149-thread-1] INFO  server.RaftServerConfigKeys (ConfUtils.java:logGet(44)) - raft.server.retrycache.expirytime = 600000ms (custom)
2021-06-21 17:58:24,946 [pool-149-thread-1] INFO  server.RaftServerConfigKeys (ConfUtils.java:logGet(44)) - raft.server.retrycache.statistics.expirytime = 100μs (default)
2021-06-21 17:58:24,946 [pool-149-thread-1] INFO  metrics.RatisMetrics (RatisMetrics.java:lambda$create$0(36)) - Creating Metrics Registry : ratis.leader_election.69c6f520-252c-4e6e-b4eb-24186417fbe1@group-AB0B6CA61696
2021-06-21 17:58:24,946 [pool-149-thread-1] INFO  metrics.RatisMetrics (RatisMetrics.java:lambda$create$0(36)) - Creating Metrics Registry : ratis.server.69c6f520-252c-4e6e-b4eb-24186417fbe1@group-AB0B6CA61696
2021-06-21 17:58:24,947 [pool-149-thread-1] INFO  server.RaftServer$Division (RaftServerImpl.java:start(295)) - 69c6f520-252c-4e6e-b4eb-24186417fbe1@group-AB0B6CA61696: start as a follower, conf=-1: [69c6f520-252c-4e6e-b4eb-24186417fbe1|rpc:10.1.0.38:46405|priority:1], old=null
2021-06-21 17:58:24,947 [pool-149-thread-1] INFO  server.RaftServer$Division (RaftServerImpl.java:setRole(284)) - 69c6f520-252c-4e6e-b4eb-24186417fbe1@group-AB0B6CA61696: changes role from      null to FOLLOWER at term 0 for startAsFollower
2021-06-21 17:58:24,948 [pool-149-thread-1] INFO  impl.RoleInfo (RoleInfo.java:updateAndGet(130)) - 69c6f520-252c-4e6e-b4eb-24186417fbe1: start 69c6f520-252c-4e6e-b4eb-24186417fbe1@group-AB0B6CA61696-FollowerState
2021-06-21 17:58:24,948 [pool-149-thread-1] INFO  util.JmxRegister (JmxRegister.java:tryRegister(44)) - Successfully registered JMX Bean with object name Ratis:service=RaftServer,group=group-AB0B6CA61696,id=69c6f520-252c-4e6e-b4eb-24186417fbe1
2021-06-21 17:58:24,948 [pool-149-thread-1] INFO  metrics.RatisMetrics (RatisMetrics.java:lambda$create$0(36)) - Creating Metrics Registry : ratis.state_machine.69c6f520-252c-4e6e-b4eb-24186417fbe1@group-AB0B6CA61696
2021-06-21 17:58:24,951 [Command processor thread] INFO  ratis.XceiverServerRatis (XceiverServerRatis.java:addGroup(759)) - Created group PipelineID=8f0c8bb9-a63e-4b89-a234-ab0b6ca61696
2021-06-21 17:58:24,952 [Command processor thread] INFO  commandhandler.CreatePipelineCommandHandler (CreatePipelineCommandHandler.java:handle(106)) - Created Pipeline RATIS ONE PipelineID=8f0c8bb9-a63e-4b89-a234-ab0b6ca61696.
2021-06-21 17:58:24,952 [Command processor thread] INFO  server.RaftServer (RaftServerProxy.java:addNew(95)) - 69c6f520-252c-4e6e-b4eb-24186417fbe1: addNew group-14706BB93390:[69c6f520-252c-4e6e-b4eb-24186417fbe1|rpc:10.1.0.38:46405|priority:1, c73c8739-3325-43cd-abe9-6b47c5c175d5|rpc:10.1.0.38:38205|priority:0, dcbd47e6-928b-4715-825b-9c1fc4ded717|rpc:10.1.0.38:35165|priority:0] returns group-14706BB93390:java.util.concurrent.CompletableFuture@5b2f5472[Not completed]
2021-06-21 17:58:24,953 [pool-149-thread-1] INFO  server.RaftServer$Division (RaftServerImpl.java:<init>(180)) - 69c6f520-252c-4e6e-b4eb-24186417fbe1: new RaftServerImpl for group-14706BB93390:[69c6f520-252c-4e6e-b4eb-24186417fbe1|rpc:10.1.0.38:46405|priority:1, c73c8739-3325-43cd-abe9-6b47c5c175d5|rpc:10.1.0.38:38205|priority:0, dcbd47e6-928b-4715-825b-9c1fc4ded717|rpc:10.1.0.38:35165|priority:0] with ContainerStateMachine:uninitialized
2021-06-21 17:58:24,953 [pool-149-thread-1] INFO  server.RaftServerConfigKeys (ConfUtils.java:logGet(44)) - raft.server.rpc.timeout.min = 5s (custom)
2021-06-21 17:58:24,953 [pool-149-thread-1] INFO  server.RaftServerConfigKeys (ConfUtils.java:logGet(44)) - raft.server.rpc.timeout.max = 5200ms (custom)
2021-06-21 17:58:24,953 [pool-149-thread-1] INFO  server.RaftServerConfigKeys (ConfUtils.java:logGet(44)) - raft.server.rpc.sleep.time = 25ms (default)
2021-06-21 17:58:24,953 [pool-149-thread-1] INFO  server.RaftServerConfigKeys (ConfUtils.java:logGet(44)) - raft.server.rpc.slowness.timeout = 300s (custom)
2021-06-21 17:58:24,953 [pool-149-thread-1] INFO  server.RaftServerConfigKeys (ConfUtils.java:logGet(44)) - raft.server.leaderelection.leader.step-down.wait-time = 10s (default)
2021-06-21 17:58:24,953 [pool-149-thread-1] INFO  server.RaftServerConfigKeys (ConfUtils.java:logGet(44)) - raft.server.sleep.deviation.threshold = 300ms (default)
2021-06-21 17:58:24,953 [pool-149-thread-1] INFO  server.RaftServerConfigKeys (ConfUtils.java:logGet(44)) - raft.server.log.appender.install.snapshot.enabled = false (custom)
2021-06-21 17:58:24,954 [pool-149-thread-1] INFO  server.RaftServer$Division (ServerState.java:<init>(105)) - 69c6f520-252c-4e6e-b4eb-24186417fbe1@group-14706BB93390: ConfigurationManager, init=-1: [69c6f520-252c-4e6e-b4eb-24186417fbe1|rpc:10.1.0.38:46405|priority:1, c73c8739-3325-43cd-abe9-6b47c5c175d5|rpc:10.1.0.38:38205|priority:0, dcbd47e6-928b-4715-825b-9c1fc4ded717|rpc:10.1.0.38:35165|priority:0], old=null, confs=<EMPTY_MAP>
2021-06-21 17:58:24,954 [pool-149-thread-1] INFO  server.RaftServerConfigKeys (ConfUtils.java:logGet(44)) - raft.server.storage.dir = [/home/runner/work/ozone/ozone/mnt/ozone/hadoop-ozone/integration-test/target/test-dir/MiniOzoneClusterImpl-ccb1d6a7-04eb-495e-8a45-afc51195f32e/datanode-2/data/ratis] (custom)
2021-06-21 17:58:24,954 [pool-149-thread-1] INFO  server.RaftServerConfigKeys (ConfUtils.java:logGet(44)) - raft.server.log.corruption.policy = EXCEPTION (default)
2021-06-21 17:58:24,954 [pool-149-thread-1] INFO  storage.RaftStorageDirectory (RaftStorageDirectoryImpl.java:analyzeStorage(132)) - The storage directory /home/runner/work/ozone/ozone/mnt/ozone/hadoop-ozone/integration-test/target/test-dir/MiniOzoneClusterImpl-ccb1d6a7-04eb-495e-8a45-afc51195f32e/datanode-2/data/ratis/30059530-567b-4f38-ba65-14706bb93390 does not exist. Creating ...
2021-06-21 17:58:24,955 [pool-149-thread-1] INFO  storage.RaftStorageDirectory (RaftStorageDirectoryImpl.java:tryLock(215)) - Lock on /home/runner/work/ozone/ozone/mnt/ozone/hadoop-ozone/integration-test/target/test-dir/MiniOzoneClusterImpl-ccb1d6a7-04eb-495e-8a45-afc51195f32e/datanode-2/data/ratis/30059530-567b-4f38-ba65-14706bb93390/in_use.lock acquired by nodename 8175@fv-az294-379
2021-06-21 17:58:24,958 [pool-149-thread-1] INFO  storage.RaftStorage (RaftStorageImpl.java:format(87)) - Storage directory /home/runner/work/ozone/ozone/mnt/ozone/hadoop-ozone/integration-test/target/test-dir/MiniOzoneClusterImpl-ccb1d6a7-04eb-495e-8a45-afc51195f32e/datanode-2/data/ratis/30059530-567b-4f38-ba65-14706bb93390 has been successfully formatted.
2021-06-21 17:58:24,958 [pool-149-thread-1] INFO  ratis.ContainerStateMachine (ContainerStateMachine.java:loadSnapshot(224)) - group-14706BB93390: The snapshot info is null. Setting the last applied indexto:(t:0, i:~)
2021-06-21 17:58:24,958 [pool-149-thread-1] INFO  server.RaftServerConfigKeys (ConfUtils.java:logGet(44)) - raft.server.notification.no-leader.timeout = 300s (custom)
2021-06-21 17:58:24,958 [pool-149-thread-1] INFO  server.RaftServerConfigKeys (ConfUtils.java:logGet(44)) - raft.server.log.use.memory = false (default)
2021-06-21 17:58:24,958 [pool-149-thread-1] INFO  server.RaftServerConfigKeys (ConfUtils.java:logGet(44)) - raft.server.log.purge.gap = 1000000 (custom)
2021-06-21 17:58:24,958 [pool-149-thread-1] INFO  server.RaftServerConfigKeys (ConfUtils.java:logGet(44)) - raft.server.log.appender.buffer.byte-limit = 33554432 (custom)
2021-06-21 17:58:24,958 [pool-149-thread-1] INFO  metrics.RatisMetrics (RatisMetrics.java:lambda$create$0(36)) - Creating Metrics Registry : ratis.log_worker.69c6f520-252c-4e6e-b4eb-24186417fbe1@group-14706BB93390
2021-06-21 17:58:24,959 [pool-149-thread-1] INFO  server.RaftServerConfigKeys (ConfUtils.java:logGet(44)) - raft.server.log.segment.size.max = 1048576 (custom)
2021-06-21 17:58:24,959 [pool-149-thread-1] INFO  server.RaftServerConfigKeys (ConfUtils.java:logGet(44)) - raft.server.log.segment.cache.num.max = 2 (custom)
2021-06-21 17:58:24,959 [pool-149-thread-1] INFO  server.RaftServerConfigKeys (ConfUtils.java:logGet(44)) - raft.server.log.segment.cache.size.max = 200MB (=209715200) (default)
2021-06-21 17:58:24,959 [pool-149-thread-1] INFO  segmented.SegmentedRaftLogWorker (SegmentedRaftLogWorker.java:<init>(182)) - new 69c6f520-252c-4e6e-b4eb-24186417fbe1@group-14706BB93390-SegmentedRaftLogWorker for RaftStorageImpl:Storage Directory /home/runner/work/ozone/ozone/mnt/ozone/hadoop-ozone/integration-test/target/test-dir/MiniOzoneClusterImpl-ccb1d6a7-04eb-495e-8a45-afc51195f32e/datanode-2/data/ratis/30059530-567b-4f38-ba65-14706bb93390
2021-06-21 17:58:24,959 [pool-149-thread-1] INFO  server.RaftServerConfigKeys (ConfUtils.java:logGet(44)) - raft.server.log.queue.byte-limit = 2147483647 (custom)
2021-06-21 17:58:24,959 [pool-149-thread-1] INFO  server.RaftServerConfigKeys (ConfUtils.java:logGet(44)) - raft.server.log.queue.element-limit = 1024 (custom)
2021-06-21 17:58:24,959 [pool-149-thread-1] INFO  server.RaftServerConfigKeys (ConfUtils.java:logGet(44)) - raft.server.log.segment.size.max = 1048576 (custom)
2021-06-21 17:58:24,959 [pool-149-thread-1] INFO  server.RaftServerConfigKeys (ConfUtils.java:logGet(44)) - raft.server.log.preallocated.size = 16384 (custom)
2021-06-21 17:58:24,959 [pool-149-thread-1] INFO  server.RaftServerConfigKeys (ConfUtils.java:logGet(44)) - raft.server.log.force.sync.num = 128 (default)
2021-06-21 17:58:24,959 [pool-149-thread-1] INFO  server.RaftServerConfigKeys (ConfUtils.java:logGet(44)) - raft.server.log.statemachine.data.sync = true (default)
2021-06-21 17:58:24,960 [pool-149-thread-1] INFO  server.RaftServerConfigKeys (ConfUtils.java:logGet(44)) - raft.server.log.statemachine.data.sync.timeout = 10s (default)
2021-06-21 17:58:24,960 [pool-149-thread-1] INFO  server.RaftServerConfigKeys (ConfUtils.java:logGet(44)) - raft.server.log.statemachine.data.sync.timeout.retry = -1 (default)
2021-06-21 17:58:24,961 [pool-149-thread-1] INFO  server.RaftServerConfigKeys (ConfUtils.java:logGet(44)) - raft.server.log.write.buffer.size = 1048576 (custom)
2021-06-21 17:58:24,961 [pool-149-thread-1] INFO  server.RaftServerConfigKeys (ConfUtils.java:logGet(44)) - raft.server.log.statemachine.data.caching.enabled = true (custom)
2021-06-21 17:58:24,967 [EventQueue-OpenPipelineForHealthyPipelineSafeModeRule] INFO  safemode.SCMSafeModeManager (HealthyPipelineSafeModeRule.java:process(124)) - SCM in safe mode. Healthy pipelines reported count is 0, required healthy pipeline reported count is 1
2021-06-21 17:58:24,968 [pool-149-thread-1] INFO  segmented.SegmentedRaftLogWorker (SegmentedRaftLogWorker.java:lambda$new$0(133)) - 69c6f520-252c-4e6e-b4eb-24186417fbe1@group-14706BB93390-SegmentedRaftLogWorker: flushIndex: setUnconditionally 0 -> -1
2021-06-21 17:58:24,968 [pool-149-thread-1] INFO  segmented.SegmentedRaftLogWorker (SegmentedRaftLogWorker.java:lambda$new$0(133)) - 69c6f520-252c-4e6e-b4eb-24186417fbe1@group-14706BB93390-SegmentedRaftLogWorker: safeCacheEvictIndex: setUnconditionally 0 -> -1
2021-06-21 17:58:24,974 [pool-149-thread-1] INFO  server.RaftServerConfigKeys (ConfUtils.java:logGet(44)) - raft.server.snapshot.auto.trigger.enabled = true (custom)
2021-06-21 17:58:24,975 [pool-149-thread-1] INFO  server.RaftServerConfigKeys (ConfUtils.java:logGet(44)) - raft.server.snapshot.auto.trigger.threshold = 10000 (custom)
2021-06-21 17:58:24,975 [pool-149-thread-1] INFO  server.RaftServerConfigKeys (ConfUtils.java:logGet(44)) - raft.server.snapshot.retention.file.num = 5 (custom)
2021-06-21 17:58:24,975 [pool-149-thread-1] INFO  server.RaftServerConfigKeys (ConfUtils.java:logGet(44)) - raft.server.log.purge.upto.snapshot.index = false (default)
2021-06-21 17:58:24,975 [pool-149-thread-1] INFO  server.RaftServerConfigKeys (ConfUtils.java:logGet(44)) - raft.server.retrycache.expirytime = 600000ms (custom)
2021-06-21 17:58:24,975 [pool-149-thread-1] INFO  server.RaftServerConfigKeys (ConfUtils.java:logGet(44)) - raft.server.retrycache.statistics.expirytime = 100μs (default)
2021-06-21 17:58:24,975 [pool-149-thread-1] INFO  metrics.RatisMetrics (RatisMetrics.java:lambda$create$0(36)) - Creating Metrics Registry : ratis.leader_election.69c6f520-252c-4e6e-b4eb-24186417fbe1@group-14706BB93390
2021-06-21 17:58:24,975 [pool-149-thread-1] INFO  metrics.RatisMetrics (RatisMetrics.java:lambda$create$0(36)) - Creating Metrics Registry : ratis.server.69c6f520-252c-4e6e-b4eb-24186417fbe1@group-14706BB93390
2021-06-21 17:58:24,976 [pool-149-thread-1] INFO  server.RaftServer$Division (RaftServerImpl.java:start(295)) - 69c6f520-252c-4e6e-b4eb-24186417fbe1@group-14706BB93390: start as a follower, conf=-1: [69c6f520-252c-4e6e-b4eb-24186417fbe1|rpc:10.1.0.38:46405|priority:1, c73c8739-3325-43cd-abe9-6b47c5c175d5|rpc:10.1.0.38:38205|priority:0, dcbd47e6-928b-4715-825b-9c1fc4ded717|rpc:10.1.0.38:35165|priority:0], old=null
2021-06-21 17:58:24,976 [pool-149-thread-1] INFO  server.RaftServer$Division (RaftServerImpl.java:setRole(284)) - 69c6f520-252c-4e6e-b4eb-24186417fbe1@group-14706BB93390: changes role from      null to FOLLOWER at term 0 for startAsFollower
2021-06-21 17:58:24,976 [pool-149-thread-1] INFO  impl.RoleInfo (RoleInfo.java:updateAndGet(130)) - 69c6f520-252c-4e6e-b4eb-24186417fbe1: start 69c6f520-252c-4e6e-b4eb-24186417fbe1@group-14706BB93390-FollowerState
2021-06-21 17:58:24,982 [pool-149-thread-1] INFO  util.JmxRegister (JmxRegister.java:tryRegister(44)) - Successfully registered JMX Bean with object name Ratis:service=RaftServer,group=group-14706BB93390,id=69c6f520-252c-4e6e-b4eb-24186417fbe1
2021-06-21 17:58:24,982 [pool-149-thread-1] INFO  metrics.RatisMetrics (RatisMetrics.java:lambda$create$0(36)) - Creating Metrics Registry : ratis.state_machine.69c6f520-252c-4e6e-b4eb-24186417fbe1@group-14706BB93390
2021-06-21 17:58:24,983 [Command processor thread] INFO  ratis.XceiverServerRatis (XceiverServerRatis.java:addGroup(759)) - Created group PipelineID=30059530-567b-4f38-ba65-14706bb93390
2021-06-21 17:58:24,994 [Command processor thread] INFO  metrics.RatisMetrics (RatisMetrics.java:lambda$create$0(36)) - Creating Metrics Registry : ratis.client_message_metrics.client-F1344DD36488->c73c8739-3325-43cd-abe9-6b47c5c175d5
2021-06-21 17:58:25,152 [grpc-default-executor-0] INFO  metrics.RatisMetrics (RatisMetrics.java:lambda$create$0(36)) - Creating Metrics Registry : ratis.server_message_metrics.c73c8739-3325-43cd-abe9-6b47c5c175d5
2021-06-21 17:58:25,153 [grpc-default-executor-2] INFO  metrics.RatisMetrics (RatisMetrics.java:lambda$create$0(36)) - Creating Metrics Registry : ratis.server_message_metrics.69c6f520-252c-4e6e-b4eb-24186417fbe1
2021-06-21 17:58:25,236 [Command processor thread] INFO  metrics.RatisMetrics (RatisMetrics.java:lambda$create$0(36)) - Creating Metrics Registry : ratis.client_message_metrics.client-FD00513305F1->c73c8739-3325-43cd-abe9-6b47c5c175d5
2021-06-21 17:58:25,240 [Command processor thread] INFO  metrics.RatisMetrics (RatisMetrics.java:lambda$create$0(36)) - Creating Metrics Registry : ratis.client_message_metrics.client-D7E494646E07->dcbd47e6-928b-4715-825b-9c1fc4ded717
2021-06-21 17:58:25,247 [Command processor thread] INFO  metrics.RatisMetrics (RatisMetrics.java:lambda$create$0(36)) - Creating Metrics Registry : ratis.client_message_metrics.client-4E6DF1FAD050->dcbd47e6-928b-4715-825b-9c1fc4ded717
2021-06-21 17:58:25,264 [grpc-default-executor-0] INFO  metrics.RatisMetrics (RatisMetrics.java:lambda$create$0(36)) - Creating Metrics Registry : ratis.server_message_metrics.dcbd47e6-928b-4715-825b-9c1fc4ded717
2021-06-21 17:58:25,283 [Command processor thread] INFO  commandhandler.CreatePipelineCommandHandler (CreatePipelineCommandHandler.java:handle(106)) - Created Pipeline RATIS THREE PipelineID=30059530-567b-4f38-ba65-14706bb93390.
2021-06-21 17:58:25,295 [Command processor thread] INFO  commandhandler.CreatePipelineCommandHandler (CreatePipelineCommandHandler.java:handle(106)) - Created Pipeline RATIS THREE PipelineID=30059530-567b-4f38-ba65-14706bb93390.
2021-06-21 17:58:25,296 [Command processor thread] INFO  commandhandler.CreatePipelineCommandHandler (CreatePipelineCommandHandler.java:handle(106)) - Created Pipeline RATIS THREE PipelineID=30059530-567b-4f38-ba65-14706bb93390.
2021-06-21 17:58:25,891 [Listener at 127.0.0.1/44351] INFO  ozone.MiniOzoneClusterImpl (MiniOzoneClusterImpl.java:lambda$waitForClusterToBeReady$0(227)) - Nodes are ready. Got 3 of 3 DN Heartbeats.
2021-06-21 17:58:25,891 [Listener at 127.0.0.1/44351] INFO  ozone.MiniOzoneClusterImpl (MiniOzoneClusterImpl.java:lambda$waitForClusterToBeReady$0(230)) - Waiting for cluster to exit safe mode
2021-06-21 17:58:25,891 [Listener at 127.0.0.1/44351] INFO  ozone.MiniOzoneClusterImpl (MiniOzoneClusterImpl.java:lambda$waitForClusterToBeReady$0(232)) - SCM became leader
2021-06-21 17:58:26,891 [Listener at 127.0.0.1/44351] INFO  ozone.MiniOzoneClusterImpl (MiniOzoneClusterImpl.java:lambda$waitForClusterToBeReady$0(227)) - Nodes are ready. Got 3 of 3 DN Heartbeats.
2021-06-21 17:58:26,892 [Listener at 127.0.0.1/44351] INFO  ozone.MiniOzoneClusterImpl (MiniOzoneClusterImpl.java:lambda$waitForClusterToBeReady$0(230)) - Waiting for cluster to exit safe mode
2021-06-21 17:58:26,892 [Listener at 127.0.0.1/44351] INFO  ozone.MiniOzoneClusterImpl (MiniOzoneClusterImpl.java:lambda$waitForClusterToBeReady$0(232)) - SCM became leader
2021-06-21 17:58:27,892 [Listener at 127.0.0.1/44351] INFO  ozone.MiniOzoneClusterImpl (MiniOzoneClusterImpl.java:lambda$waitForClusterToBeReady$0(227)) - Nodes are ready. Got 3 of 3 DN Heartbeats.
2021-06-21 17:58:27,892 [Listener at 127.0.0.1/44351] INFO  ozone.MiniOzoneClusterImpl (MiniOzoneClusterImpl.java:lambda$waitForClusterToBeReady$0(230)) - Waiting for cluster to exit safe mode
2021-06-21 17:58:27,892 [Listener at 127.0.0.1/44351] INFO  ozone.MiniOzoneClusterImpl (MiniOzoneClusterImpl.java:lambda$waitForClusterToBeReady$0(232)) - SCM became leader
2021-06-21 17:58:28,892 [Listener at 127.0.0.1/44351] INFO  ozone.MiniOzoneClusterImpl (MiniOzoneClusterImpl.java:lambda$waitForClusterToBeReady$0(227)) - Nodes are ready. Got 3 of 3 DN Heartbeats.
2021-06-21 17:58:28,893 [Listener at 127.0.0.1/44351] INFO  ozone.MiniOzoneClusterImpl (MiniOzoneClusterImpl.java:lambda$waitForClusterToBeReady$0(230)) - Waiting for cluster to exit safe mode
2021-06-21 17:58:28,893 [Listener at 127.0.0.1/44351] INFO  ozone.MiniOzoneClusterImpl (MiniOzoneClusterImpl.java:lambda$waitForClusterToBeReady$0(232)) - SCM became leader
2021-06-21 17:58:29,828 [dcbd47e6-928b-4715-825b-9c1fc4ded717@group-01C6019551AB-FollowerState] INFO  impl.FollowerState (FollowerState.java:run(134)) - dcbd47e6-928b-4715-825b-9c1fc4ded717@group-01C6019551AB-FollowerState: change to CANDIDATE, lastRpcElapsedTime:5149734270ns, electionTimeout:5149ms
2021-06-21 17:58:29,829 [dcbd47e6-928b-4715-825b-9c1fc4ded717@group-01C6019551AB-FollowerState] INFO  impl.RoleInfo (RoleInfo.java:shutdownFollowerState(108)) - dcbd47e6-928b-4715-825b-9c1fc4ded717: shutdown dcbd47e6-928b-4715-825b-9c1fc4ded717@group-01C6019551AB-FollowerState
2021-06-21 17:58:29,829 [dcbd47e6-928b-4715-825b-9c1fc4ded717@group-01C6019551AB-FollowerState] INFO  server.RaftServer$Division (RaftServerImpl.java:setRole(284)) - dcbd47e6-928b-4715-825b-9c1fc4ded717@group-01C6019551AB: changes role from  FOLLOWER to CANDIDATE at term 0 for changeToCandidate
2021-06-21 17:58:29,829 [dcbd47e6-928b-4715-825b-9c1fc4ded717@group-01C6019551AB-FollowerState] INFO  server.RaftServerConfigKeys (ConfUtils.java:logGet(44)) - raft.server.leaderelection.pre-vote = false (custom)
2021-06-21 17:58:29,829 [dcbd47e6-928b-4715-825b-9c1fc4ded717@group-01C6019551AB-FollowerState] INFO  impl.RoleInfo (RoleInfo.java:updateAndGet(130)) - dcbd47e6-928b-4715-825b-9c1fc4ded717: start dcbd47e6-928b-4715-825b-9c1fc4ded717@group-01C6019551AB-LeaderElection4
2021-06-21 17:58:29,833 [dcbd47e6-928b-4715-825b-9c1fc4ded717@group-01C6019551AB-LeaderElection4] INFO  impl.LeaderElection (LeaderElection.java:askForVotes(306)) - dcbd47e6-928b-4715-825b-9c1fc4ded717@group-01C6019551AB-LeaderElection4 ELECTION round 0: submit vote requests at term 1 for -1: [dcbd47e6-928b-4715-825b-9c1fc4ded717|rpc:10.1.0.38:35165|priority:1], old=null
2021-06-21 17:58:29,833 [dcbd47e6-928b-4715-825b-9c1fc4ded717@group-01C6019551AB-LeaderElection4] INFO  impl.LeaderElection (LeaderElection.java:askForVotes(308)) - dcbd47e6-928b-4715-825b-9c1fc4ded717@group-01C6019551AB-LeaderElection4 ELECTION round 0: result PASSED (term=1)
2021-06-21 17:58:29,833 [dcbd47e6-928b-4715-825b-9c1fc4ded717@group-01C6019551AB-LeaderElection4] INFO  impl.RoleInfo (RoleInfo.java:shutdownLeaderElection(121)) - dcbd47e6-928b-4715-825b-9c1fc4ded717: shutdown dcbd47e6-928b-4715-825b-9c1fc4ded717@group-01C6019551AB-LeaderElection4
2021-06-21 17:58:29,833 [dcbd47e6-928b-4715-825b-9c1fc4ded717@group-01C6019551AB-LeaderElection4] INFO  server.RaftServer$Division (RaftServerImpl.java:setRole(284)) - dcbd47e6-928b-4715-825b-9c1fc4ded717@group-01C6019551AB: changes role from CANDIDATE to LEADER at term 1 for changeToLeader
2021-06-21 17:58:29,833 [dcbd47e6-928b-4715-825b-9c1fc4ded717@group-01C6019551AB-LeaderElection4] INFO  ratis.XceiverServerRatis (XceiverServerRatis.java:handleLeaderChangedNotification(857)) - Leader change notification received for group: group-01C6019551AB with new leaderId: dcbd47e6-928b-4715-825b-9c1fc4ded717
2021-06-21 17:58:29,833 [dcbd47e6-928b-4715-825b-9c1fc4ded717@group-01C6019551AB-LeaderElection4] INFO  server.RaftServer$Division (ServerState.java:setLeader(271)) - dcbd47e6-928b-4715-825b-9c1fc4ded717@group-01C6019551AB: change Leader from null to dcbd47e6-928b-4715-825b-9c1fc4ded717 at term 1 for becomeLeader, leader elected after 5166ms
2021-06-21 17:58:29,834 [dcbd47e6-928b-4715-825b-9c1fc4ded717@group-01C6019551AB-LeaderElection4] INFO  server.RaftServerConfigKeys (ConfUtils.java:logGet(44)) - raft.server.staging.catchup.gap = 1000 (default)
2021-06-21 17:58:29,834 [dcbd47e6-928b-4715-825b-9c1fc4ded717@group-01C6019551AB-LeaderElection4] INFO  metrics.RatisMetrics (RatisMetrics.java:lambda$create$0(36)) - Creating Metrics Registry : ratis.log_appender.dcbd47e6-928b-4715-825b-9c1fc4ded717@group-01C6019551AB
2021-06-21 17:58:29,835 [dcbd47e6-928b-4715-825b-9c1fc4ded717@group-01C6019551AB-LeaderElection4] INFO  server.RaftServerConfigKeys (ConfUtils.java:logGet(44)) - raft.server.write.element-limit = 1024 (custom)
2021-06-21 17:58:29,836 [EventQueue-OpenPipelineForHealthyPipelineSafeModeRule] INFO  safemode.SCMSafeModeManager (HealthyPipelineSafeModeRule.java:process(124)) - SCM in safe mode. Healthy pipelines reported count is 0, required healthy pipeline reported count is 1
2021-06-21 17:58:29,836 [dcbd47e6-928b-4715-825b-9c1fc4ded717@group-01C6019551AB-LeaderElection4] INFO  server.RaftServerConfigKeys (ConfUtils.java:logGet(44)) - raft.server.write.byte-limit = 1073741824 (custom)
2021-06-21 17:58:29,837 [dcbd47e6-928b-4715-825b-9c1fc4ded717@group-01C6019551AB-LeaderElection4] INFO  server.RaftServerConfigKeys (ConfUtils.java:logGet(44)) - raft.server.watch.timeout = 180s (custom)
2021-06-21 17:58:29,837 [dcbd47e6-928b-4715-825b-9c1fc4ded717@group-01C6019551AB-LeaderElection4] INFO  server.RaftServerConfigKeys (ConfUtils.java:logGet(44)) - raft.server.watch.timeout.denomination = 1s (default)
2021-06-21 17:58:29,837 [dcbd47e6-928b-4715-825b-9c1fc4ded717@group-01C6019551AB-LeaderElection4] INFO  server.RaftServerConfigKeys (ConfUtils.java:logGet(44)) - raft.server.watch.element-limit = 65536 (default)
2021-06-21 17:58:29,837 [dcbd47e6-928b-4715-825b-9c1fc4ded717@group-01C6019551AB-LeaderElection4] INFO  impl.RoleInfo (RoleInfo.java:updateAndGet(130)) - dcbd47e6-928b-4715-825b-9c1fc4ded717: start dcbd47e6-928b-4715-825b-9c1fc4ded717@group-01C6019551AB-LeaderStateImpl
2021-06-21 17:58:29,838 [dcbd47e6-928b-4715-825b-9c1fc4ded717@group-01C6019551AB-LeaderElection4] INFO  segmented.SegmentedRaftLogWorker (SegmentedRaftLogWorker.java:startLogSegment(394)) - dcbd47e6-928b-4715-825b-9c1fc4ded717@group-01C6019551AB-SegmentedRaftLogWorker: Starting segment from index:0
2021-06-21 17:58:29,839 [dcbd47e6-928b-4715-825b-9c1fc4ded717@group-01C6019551AB-SegmentedRaftLogWorker] INFO  segmented.SegmentedRaftLogWorker (SegmentedRaftLogWorker.java:execute(601)) - dcbd47e6-928b-4715-825b-9c1fc4ded717@group-01C6019551AB-SegmentedRaftLogWorker: created new log segment /home/runner/work/ozone/ozone/mnt/ozone/hadoop-ozone/integration-test/target/test-dir/MiniOzoneClusterImpl-ccb1d6a7-04eb-495e-8a45-afc51195f32e/datanode-0/data/ratis/1be9532d-9b10-4838-9662-01c6019551ab/current/log_inprogress_0
2021-06-21 17:58:29,849 [dcbd47e6-928b-4715-825b-9c1fc4ded717@group-01C6019551AB-LeaderElection4] INFO  server.RaftServer$Division (ServerState.java:setRaftConf(373)) - dcbd47e6-928b-4715-825b-9c1fc4ded717@group-01C6019551AB: set configuration 0: [dcbd47e6-928b-4715-825b-9c1fc4ded717|rpc:10.1.0.38:35165|dataStream:|priority:1], old=null
2021-06-21 17:58:29,888 [dcbd47e6-928b-4715-825b-9c1fc4ded717@group-14706BB93390-FollowerState] INFO  impl.FollowerState (FollowerState.java:run(134)) - dcbd47e6-928b-4715-825b-9c1fc4ded717@group-14706BB93390-FollowerState: change to CANDIDATE, lastRpcElapsedTime:5188259890ns, electionTimeout:5187ms
2021-06-21 17:58:29,889 [dcbd47e6-928b-4715-825b-9c1fc4ded717@group-14706BB93390-FollowerState] INFO  impl.RoleInfo (RoleInfo.java:shutdownFollowerState(108)) - dcbd47e6-928b-4715-825b-9c1fc4ded717: shutdown dcbd47e6-928b-4715-825b-9c1fc4ded717@group-14706BB93390-FollowerState
2021-06-21 17:58:29,889 [dcbd47e6-928b-4715-825b-9c1fc4ded717@group-14706BB93390-FollowerState] INFO  server.RaftServer$Division (RaftServerImpl.java:setRole(284)) - dcbd47e6-928b-4715-825b-9c1fc4ded717@group-14706BB93390: changes role from  FOLLOWER to CANDIDATE at term 0 for changeToCandidate
2021-06-21 17:58:29,889 [dcbd47e6-928b-4715-825b-9c1fc4ded717@group-14706BB93390-FollowerState] INFO  server.RaftServerConfigKeys (ConfUtils.java:logGet(44)) - raft.server.leaderelection.pre-vote = false (custom)
2021-06-21 17:58:29,889 [dcbd47e6-928b-4715-825b-9c1fc4ded717@group-14706BB93390-FollowerState] INFO  impl.RoleInfo (RoleInfo.java:updateAndGet(130)) - dcbd47e6-928b-4715-825b-9c1fc4ded717: start dcbd47e6-928b-4715-825b-9c1fc4ded717@group-14706BB93390-LeaderElection5
2021-06-21 17:58:29,893 [dcbd47e6-928b-4715-825b-9c1fc4ded717@group-14706BB93390-LeaderElection5] INFO  impl.LeaderElection (LeaderElection.java:askForVotes(306)) - dcbd47e6-928b-4715-825b-9c1fc4ded717@group-14706BB93390-LeaderElection5 ELECTION round 0: submit vote requests at term 1 for -1: [69c6f520-252c-4e6e-b4eb-24186417fbe1|rpc:10.1.0.38:46405|priority:1, c73c8739-3325-43cd-abe9-6b47c5c175d5|rpc:10.1.0.38:38205|priority:0, dcbd47e6-928b-4715-825b-9c1fc4ded717|rpc:10.1.0.38:35165|priority:0], old=null
2021-06-21 17:58:29,893 [Listener at 127.0.0.1/44351] INFO  ozone.MiniOzoneClusterImpl (MiniOzoneClusterImpl.java:lambda$waitForClusterToBeReady$0(227)) - Nodes are ready. Got 3 of 3 DN Heartbeats.
2021-06-21 17:58:29,893 [Listener at 127.0.0.1/44351] INFO  ozone.MiniOzoneClusterImpl (MiniOzoneClusterImpl.java:lambda$waitForClusterToBeReady$0(230)) - Waiting for cluster to exit safe mode
2021-06-21 17:58:29,893 [Listener at 127.0.0.1/44351] INFO  ozone.MiniOzoneClusterImpl (MiniOzoneClusterImpl.java:lambda$waitForClusterToBeReady$0(232)) - SCM became leader
2021-06-21 17:58:29,924 [grpc-default-executor-0] INFO  server.RaftServer$Division (RaftServerImpl.java:requestVote(1042)) - c73c8739-3325-43cd-abe9-6b47c5c175d5@group-14706BB93390: receive requestVote(ELECTION, dcbd47e6-928b-4715-825b-9c1fc4ded717, group-14706BB93390, 1, (t:0, i:0))
2021-06-21 17:58:29,926 [grpc-default-executor-0] INFO  impl.VoteContext (VoteContext.java:log(48)) - c73c8739-3325-43cd-abe9-6b47c5c175d5@group-14706BB93390-FOLLOWER: accept ELECTION from dcbd47e6-928b-4715-825b-9c1fc4ded717: our priority 0 <= candidate's priority 0
2021-06-21 17:58:29,926 [grpc-default-executor-0] INFO  server.RaftServer$Division (RaftServerImpl.java:setRole(284)) - c73c8739-3325-43cd-abe9-6b47c5c175d5@group-14706BB93390: changes role from  FOLLOWER to FOLLOWER at term 1 for candidate:dcbd47e6-928b-4715-825b-9c1fc4ded717
2021-06-21 17:58:29,926 [grpc-default-executor-0] INFO  impl.RoleInfo (RoleInfo.java:shutdownFollowerState(108)) - c73c8739-3325-43cd-abe9-6b47c5c175d5: shutdown c73c8739-3325-43cd-abe9-6b47c5c175d5@group-14706BB93390-FollowerState
2021-06-21 17:58:29,927 [grpc-default-executor-0] INFO  impl.RoleInfo (RoleInfo.java:updateAndGet(130)) - c73c8739-3325-43cd-abe9-6b47c5c175d5: start c73c8739-3325-43cd-abe9-6b47c5c175d5@group-14706BB93390-FollowerState
2021-06-21 17:58:29,927 [c73c8739-3325-43cd-abe9-6b47c5c175d5@group-14706BB93390-FollowerState] INFO  impl.FollowerState (FollowerState.java:run(143)) - c73c8739-3325-43cd-abe9-6b47c5c175d5@group-14706BB93390-FollowerState was interrupted: {}
java.lang.InterruptedException: sleep interrupted
	at java.lang.Thread.sleep(Native Method)
	at java.lang.Thread.sleep(Thread.java:340)
	at java.util.concurrent.TimeUnit.sleep(TimeUnit.java:386)
	at org.apache.ratis.util.TimeDuration.sleep(TimeDuration.java:324)
	at org.apache.ratis.util.TimeDuration.sleep(TimeDuration.java:309)
	at org.apache.ratis.server.impl.FollowerState.run(FollowerState.java:118)
2021-06-21 17:58:29,934 [grpc-default-executor-2] INFO  server.RaftServer$Division (RaftServerImpl.java:requestVote(1042)) - 69c6f520-252c-4e6e-b4eb-24186417fbe1@group-14706BB93390: receive requestVote(ELECTION, dcbd47e6-928b-4715-825b-9c1fc4ded717, group-14706BB93390, 1, (t:0, i:0))
2021-06-21 17:58:29,943 [grpc-default-executor-0] INFO  server.RaftServer$Division (RaftServerImpl.java:requestVote(1074)) - c73c8739-3325-43cd-abe9-6b47c5c175d5@group-14706BB93390 replies to ELECTION vote request: dcbd47e6-928b-4715-825b-9c1fc4ded717<-c73c8739-3325-43cd-abe9-6b47c5c175d5#0:OK-t1. Peer's state: c73c8739-3325-43cd-abe9-6b47c5c175d5@group-14706BB93390:t1, leader=null, voted=dcbd47e6-928b-4715-825b-9c1fc4ded717, raftlog=c73c8739-3325-43cd-abe9-6b47c5c175d5@group-14706BB93390-SegmentedRaftLog:OPENED:c-1,f-1,i0, conf=-1: [69c6f520-252c-4e6e-b4eb-24186417fbe1|rpc:10.1.0.38:46405|priority:1, c73c8739-3325-43cd-abe9-6b47c5c175d5|rpc:10.1.0.38:38205|priority:0, dcbd47e6-928b-4715-825b-9c1fc4ded717|rpc:10.1.0.38:35165|priority:0], old=null
2021-06-21 17:58:29,934 [grpc-default-executor-2] INFO  impl.VoteContext (VoteContext.java:log(48)) - 69c6f520-252c-4e6e-b4eb-24186417fbe1@group-14706BB93390-FOLLOWER: reject ELECTION from dcbd47e6-928b-4715-825b-9c1fc4ded717: our priority 1 > candidate's priority 0
2021-06-21 17:58:29,946 [grpc-default-executor-2] INFO  server.RaftServer$Division (RaftServerImpl.java:setRole(284)) - 69c6f520-252c-4e6e-b4eb-24186417fbe1@group-14706BB93390: changes role from  FOLLOWER to FOLLOWER at term 1 for candidate:dcbd47e6-928b-4715-825b-9c1fc4ded717
2021-06-21 17:58:29,946 [grpc-default-executor-2] INFO  impl.RoleInfo (RoleInfo.java:shutdownFollowerState(108)) - 69c6f520-252c-4e6e-b4eb-24186417fbe1: shutdown 69c6f520-252c-4e6e-b4eb-24186417fbe1@group-14706BB93390-FollowerState
2021-06-21 17:58:29,946 [grpc-default-executor-2] INFO  impl.RoleInfo (RoleInfo.java:updateAndGet(130)) - 69c6f520-252c-4e6e-b4eb-24186417fbe1: start 69c6f520-252c-4e6e-b4eb-24186417fbe1@group-14706BB93390-FollowerState
2021-06-21 17:58:29,946 [69c6f520-252c-4e6e-b4eb-24186417fbe1@group-14706BB93390-FollowerState] INFO  impl.FollowerState (FollowerState.java:run(143)) - 69c6f520-252c-4e6e-b4eb-24186417fbe1@group-14706BB93390-FollowerState was interrupted: {}
java.lang.InterruptedException: sleep interrupted
	at java.lang.Thread.sleep(Native Method)
	at java.lang.Thread.sleep(Thread.java:340)
	at java.util.concurrent.TimeUnit.sleep(TimeUnit.java:386)
	at org.apache.ratis.util.TimeDuration.sleep(TimeDuration.java:324)
	at org.apache.ratis.util.TimeDuration.sleep(TimeDuration.java:309)
	at org.apache.ratis.server.impl.FollowerState.run(FollowerState.java:118)
2021-06-21 17:58:29,950 [grpc-default-executor-2] INFO  server.RaftServer$Division (RaftServerImpl.java:requestVote(1074)) - 69c6f520-252c-4e6e-b4eb-24186417fbe1@group-14706BB93390 replies to ELECTION vote request: dcbd47e6-928b-4715-825b-9c1fc4ded717<-69c6f520-252c-4e6e-b4eb-24186417fbe1#0:FAIL-t1. Peer's state: 69c6f520-252c-4e6e-b4eb-24186417fbe1@group-14706BB93390:t1, leader=null, voted=null, raftlog=69c6f520-252c-4e6e-b4eb-24186417fbe1@group-14706BB93390-SegmentedRaftLog:OPENED:c-1,f-1,i0, conf=-1: [69c6f520-252c-4e6e-b4eb-24186417fbe1|rpc:10.1.0.38:46405|priority:1, c73c8739-3325-43cd-abe9-6b47c5c175d5|rpc:10.1.0.38:38205|priority:0, dcbd47e6-928b-4715-825b-9c1fc4ded717|rpc:10.1.0.38:35165|priority:0], old=null
2021-06-21 17:58:29,962 [dcbd47e6-928b-4715-825b-9c1fc4ded717@group-14706BB93390-LeaderElection5] INFO  impl.LeaderElection (LeaderElection.java:logAndReturn(89)) - dcbd47e6-928b-4715-825b-9c1fc4ded717@group-14706BB93390-LeaderElection5: ELECTION REJECTED received 2 response(s) and 0 exception(s):
2021-06-21 17:58:29,962 [dcbd47e6-928b-4715-825b-9c1fc4ded717@group-14706BB93390-LeaderElection5] INFO  impl.LeaderElection (LeaderElection.java:logAndReturn(93)) -   Response 0: dcbd47e6-928b-4715-825b-9c1fc4ded717<-69c6f520-252c-4e6e-b4eb-24186417fbe1#0:FAIL-t1
2021-06-21 17:58:29,962 [dcbd47e6-928b-4715-825b-9c1fc4ded717@group-14706BB93390-LeaderElection5] INFO  impl.LeaderElection (LeaderElection.java:logAndReturn(93)) -   Response 1: dcbd47e6-928b-4715-825b-9c1fc4ded717<-c73c8739-3325-43cd-abe9-6b47c5c175d5#0:OK-t1
2021-06-21 17:58:29,962 [dcbd47e6-928b-4715-825b-9c1fc4ded717@group-14706BB93390-LeaderElection5] INFO  impl.LeaderElection (LeaderElection.java:askForVotes(308)) - dcbd47e6-928b-4715-825b-9c1fc4ded717@group-14706BB93390-LeaderElection5 ELECTION round 0: result REJECTED
2021-06-21 17:58:29,962 [dcbd47e6-928b-4715-825b-9c1fc4ded717@group-14706BB93390-LeaderElection5] INFO  server.RaftServer$Division (RaftServerImpl.java:setRole(284)) - dcbd47e6-928b-4715-825b-9c1fc4ded717@group-14706BB93390: changes role from CANDIDATE to FOLLOWER at term 1 for REJECTED
2021-06-21 17:58:29,962 [dcbd47e6-928b-4715-825b-9c1fc4ded717@group-14706BB93390-LeaderElection5] INFO  impl.RoleInfo (RoleInfo.java:shutdownLeaderElection(121)) - dcbd47e6-928b-4715-825b-9c1fc4ded717: shutdown dcbd47e6-928b-4715-825b-9c1fc4ded717@group-14706BB93390-LeaderElection5
2021-06-21 17:58:29,963 [dcbd47e6-928b-4715-825b-9c1fc4ded717@group-14706BB93390-LeaderElection5] INFO  impl.RoleInfo (RoleInfo.java:updateAndGet(130)) - dcbd47e6-928b-4715-825b-9c1fc4ded717: start dcbd47e6-928b-4715-825b-9c1fc4ded717@group-14706BB93390-FollowerState
2021-06-21 17:58:29,987 [c73c8739-3325-43cd-abe9-6b47c5c175d5@group-986CC9AA3F32-FollowerState] INFO  impl.FollowerState (FollowerState.java:run(134)) - c73c8739-3325-43cd-abe9-6b47c5c175d5@group-986CC9AA3F32-FollowerState: change to CANDIDATE, lastRpcElapsedTime:5155193015ns, electionTimeout:5146ms
2021-06-21 17:58:29,987 [c73c8739-3325-43cd-abe9-6b47c5c175d5@group-986CC9AA3F32-FollowerState] INFO  impl.RoleInfo (RoleInfo.java:shutdownFollowerState(108)) - c73c8739-3325-43cd-abe9-6b47c5c175d5: shutdown c73c8739-3325-43cd-abe9-6b47c5c175d5@group-986CC9AA3F32-FollowerState
2021-06-21 17:58:29,988 [c73c8739-3325-43cd-abe9-6b47c5c175d5@group-986CC9AA3F32-FollowerState] INFO  server.RaftServer$Division (RaftServerImpl.java:setRole(284)) - c73c8739-3325-43cd-abe9-6b47c5c175d5@group-986CC9AA3F32: changes role from  FOLLOWER to CANDIDATE at term 0 for changeToCandidate
2021-06-21 17:58:29,988 [c73c8739-3325-43cd-abe9-6b47c5c175d5@group-986CC9AA3F32-FollowerState] INFO  server.RaftServerConfigKeys (ConfUtils.java:logGet(44)) - raft.server.leaderelection.pre-vote = false (custom)
2021-06-21 17:58:29,988 [c73c8739-3325-43cd-abe9-6b47c5c175d5@group-986CC9AA3F32-FollowerState] INFO  impl.RoleInfo (RoleInfo.java:updateAndGet(130)) - c73c8739-3325-43cd-abe9-6b47c5c175d5: start c73c8739-3325-43cd-abe9-6b47c5c175d5@group-986CC9AA3F32-LeaderElection6
2021-06-21 17:58:29,989 [69c6f520-252c-4e6e-b4eb-24186417fbe1@group-AB0B6CA61696-FollowerState] INFO  impl.FollowerState (FollowerState.java:run(134)) - 69c6f520-252c-4e6e-b4eb-24186417fbe1@group-AB0B6CA61696-FollowerState: change to CANDIDATE, lastRpcElapsedTime:5041229368ns, electionTimeout:5040ms
2021-06-21 17:58:29,989 [69c6f520-252c-4e6e-b4eb-24186417fbe1@group-AB0B6CA61696-FollowerState] INFO  impl.RoleInfo (RoleInfo.java:shutdownFollowerState(108)) - 69c6f520-252c-4e6e-b4eb-24186417fbe1: shutdown 69c6f520-252c-4e6e-b4eb-24186417fbe1@group-AB0B6CA61696-FollowerState
2021-06-21 17:58:29,989 [69c6f520-252c-4e6e-b4eb-24186417fbe1@group-AB0B6CA61696-FollowerState] INFO  server.RaftServer$Division (RaftServerImpl.java:setRole(284)) - 69c6f520-252c-4e6e-b4eb-24186417fbe1@group-AB0B6CA61696: changes role from  FOLLOWER to CANDIDATE at term 0 for changeToCandidate
2021-06-21 17:58:29,989 [69c6f520-252c-4e6e-b4eb-24186417fbe1@group-AB0B6CA61696-FollowerState] INFO  server.RaftServerConfigKeys (ConfUtils.java:logGet(44)) - raft.server.leaderelection.pre-vote = false (custom)
2021-06-21 17:58:29,989 [69c6f520-252c-4e6e-b4eb-24186417fbe1@group-AB0B6CA61696-FollowerState] INFO  impl.RoleInfo (RoleInfo.java:updateAndGet(130)) - 69c6f520-252c-4e6e-b4eb-24186417fbe1: start 69c6f520-252c-4e6e-b4eb-24186417fbe1@group-AB0B6CA61696-LeaderElection7
2021-06-21 17:58:29,991 [c73c8739-3325-43cd-abe9-6b47c5c175d5@group-986CC9AA3F32-LeaderElection6] INFO  impl.LeaderElection (LeaderElection.java:askForVotes(306)) - c73c8739-3325-43cd-abe9-6b47c5c175d5@group-986CC9AA3F32-LeaderElection6 ELECTION round 0: submit vote requests at term 1 for -1: [c73c8739-3325-43cd-abe9-6b47c5c175d5|rpc:10.1.0.38:38205|priority:1], old=null
2021-06-21 17:58:29,991 [c73c8739-3325-43cd-abe9-6b47c5c175d5@group-986CC9AA3F32-LeaderElection6] INFO  impl.LeaderElection (LeaderElection.java:askForVotes(308)) - c73c8739-3325-43cd-abe9-6b47c5c175d5@group-986CC9AA3F32-LeaderElection6 ELECTION round 0: result PASSED (term=1)
2021-06-21 17:58:29,991 [c73c8739-3325-43cd-abe9-6b47c5c175d5@group-986CC9AA3F32-LeaderElection6] INFO  impl.RoleInfo (RoleInfo.java:shutdownLeaderElection(121)) - c73c8739-3325-43cd-abe9-6b47c5c175d5: shutdown c73c8739-3325-43cd-abe9-6b47c5c175d5@group-986CC9AA3F32-LeaderElection6
2021-06-21 17:58:29,992 [c73c8739-3325-43cd-abe9-6b47c5c175d5@group-986CC9AA3F32-LeaderElection6] INFO  server.RaftServer$Division (RaftServerImpl.java:setRole(284)) - c73c8739-3325-43cd-abe9-6b47c5c175d5@group-986CC9AA3F32: changes role from CANDIDATE to LEADER at term 1 for changeToLeader
2021-06-21 17:58:29,992 [c73c8739-3325-43cd-abe9-6b47c5c175d5@group-986CC9AA3F32-LeaderElection6] INFO  ratis.XceiverServerRatis (XceiverServerRatis.java:handleLeaderChangedNotification(857)) - Leader change notification received for group: group-986CC9AA3F32 with new leaderId: c73c8739-3325-43cd-abe9-6b47c5c175d5
2021-06-21 17:58:29,992 [69c6f520-252c-4e6e-b4eb-24186417fbe1@group-AB0B6CA61696-LeaderElection7] INFO  impl.LeaderElection (LeaderElection.java:askForVotes(306)) - 69c6f520-252c-4e6e-b4eb-24186417fbe1@group-AB0B6CA61696-LeaderElection7 ELECTION round 0: submit vote requests at term 1 for -1: [69c6f520-252c-4e6e-b4eb-24186417fbe1|rpc:10.1.0.38:46405|priority:1], old=null
2021-06-21 17:58:29,992 [69c6f520-252c-4e6e-b4eb-24186417fbe1@group-AB0B6CA61696-LeaderElection7] INFO  impl.LeaderElection (LeaderElection.java:askForVotes(308)) - 69c6f520-252c-4e6e-b4eb-24186417fbe1@group-AB0B6CA61696-LeaderElection7 ELECTION round 0: result PASSED (term=1)
2021-06-21 17:58:29,992 [69c6f520-252c-4e6e-b4eb-24186417fbe1@group-AB0B6CA61696-LeaderElection7] INFO  impl.RoleInfo (RoleInfo.java:shutdownLeaderElection(121)) - 69c6f520-252c-4e6e-b4eb-24186417fbe1: shutdown 69c6f520-252c-4e6e-b4eb-24186417fbe1@group-AB0B6CA61696-LeaderElection7
2021-06-21 17:58:29,992 [69c6f520-252c-4e6e-b4eb-24186417fbe1@group-AB0B6CA61696-LeaderElection7] INFO  server.RaftServer$Division (RaftServerImpl.java:setRole(284)) - 69c6f520-252c-4e6e-b4eb-24186417fbe1@group-AB0B6CA61696: changes role from CANDIDATE to LEADER at term 1 for changeToLeader
2021-06-21 17:58:29,992 [69c6f520-252c-4e6e-b4eb-24186417fbe1@group-AB0B6CA61696-LeaderElection7] INFO  ratis.XceiverServerRatis (XceiverServerRatis.java:handleLeaderChangedNotification(857)) - Leader change notification received for group: group-AB0B6CA61696 with new leaderId: 69c6f520-252c-4e6e-b4eb-24186417fbe1
2021-06-21 17:58:29,992 [69c6f520-252c-4e6e-b4eb-24186417fbe1@group-AB0B6CA61696-LeaderElection7] INFO  server.RaftServer$Division (ServerState.java:setLeader(271)) - 69c6f520-252c-4e6e-b4eb-24186417fbe1@group-AB0B6CA61696: change Leader from null to 69c6f520-252c-4e6e-b4eb-24186417fbe1 at term 1 for becomeLeader, leader elected after 5064ms
2021-06-21 17:58:29,992 [69c6f520-252c-4e6e-b4eb-24186417fbe1@group-AB0B6CA61696-LeaderElection7] INFO  server.RaftServerConfigKeys (ConfUtils.java:logGet(44)) - raft.server.staging.catchup.gap = 1000 (default)
2021-06-21 17:58:29,993 [69c6f520-252c-4e6e-b4eb-24186417fbe1@group-AB0B6CA61696-LeaderElection7] INFO  metrics.RatisMetrics (RatisMetrics.java:lambda$create$0(36)) - Creating Metrics Registry : ratis.log_appender.69c6f520-252c-4e6e-b4eb-24186417fbe1@group-AB0B6CA61696
2021-06-21 17:58:29,994 [EventQueue-OpenPipelineForHealthyPipelineSafeModeRule] INFO  safemode.SCMSafeModeManager (HealthyPipelineSafeModeRule.java:process(124)) - SCM in safe mode. Healthy pipelines reported count is 0, required healthy pipeline reported count is 1
2021-06-21 17:58:29,994 [c73c8739-3325-43cd-abe9-6b47c5c175d5@group-986CC9AA3F32-LeaderElection6] INFO  server.RaftServer$Division (ServerState.java:setLeader(271)) - c73c8739-3325-43cd-abe9-6b47c5c175d5@group-986CC9AA3F32: change Leader from null to c73c8739-3325-43cd-abe9-6b47c5c175d5 at term 1 for becomeLeader, leader elected after 5201ms
2021-06-21 17:58:29,994 [c73c8739-3325-43cd-abe9-6b47c5c175d5@group-986CC9AA3F32-LeaderElection6] INFO  server.RaftServerConfigKeys (ConfUtils.java:logGet(44)) - raft.server.staging.catchup.gap = 1000 (default)
2021-06-21 17:58:29,995 [c73c8739-3325-43cd-abe9-6b47c5c175d5@group-986CC9AA3F32-LeaderElection6] INFO  metrics.RatisMetrics (RatisMetrics.java:lambda$create$0(36)) - Creating Metrics Registry : ratis.log_appender.c73c8739-3325-43cd-abe9-6b47c5c175d5@group-986CC9AA3F32
2021-06-21 17:58:29,995 [69c6f520-252c-4e6e-b4eb-24186417fbe1@group-AB0B6CA61696-LeaderElection7] INFO  server.RaftServerConfigKeys (ConfUtils.java:logGet(44)) - raft.server.write.element-limit = 1024 (custom)
2021-06-21 17:58:29,995 [69c6f520-252c-4e6e-b4eb-24186417fbe1@group-AB0B6CA61696-LeaderElection7] INFO  server.RaftServerConfigKeys (ConfUtils.java:logGet(44)) - raft.server.write.byte-limit = 1073741824 (custom)
2021-06-21 17:58:29,995 [EventQueue-OpenPipelineForHealthyPipelineSafeModeRule] INFO  safemode.SCMSafeModeManager (HealthyPipelineSafeModeRule.java:process(124)) - SCM in safe mode. Healthy pipelines reported count is 0, required healthy pipeline reported count is 1
2021-06-21 17:58:29,996 [69c6f520-252c-4e6e-b4eb-24186417fbe1@group-AB0B6CA61696-LeaderElection7] INFO  server.RaftServerConfigKeys (ConfUtils.java:logGet(44)) - raft.server.watch.timeout = 180s (custom)
2021-06-21 17:58:29,996 [69c6f520-252c-4e6e-b4eb-24186417fbe1@group-AB0B6CA61696-LeaderElection7] INFO  server.RaftServerConfigKeys (ConfUtils.java:logGet(44)) - raft.server.watch.timeout.denomination = 1s (default)
2021-06-21 17:58:29,996 [69c6f520-252c-4e6e-b4eb-24186417fbe1@group-AB0B6CA61696-LeaderElection7] INFO  server.RaftServerConfigKeys (ConfUtils.java:logGet(44)) - raft.server.watch.element-limit = 65536 (default)
2021-06-21 17:58:29,996 [69c6f520-252c-4e6e-b4eb-24186417fbe1@group-AB0B6CA61696-LeaderElection7] INFO  impl.RoleInfo (RoleInfo.java:updateAndGet(130)) - 69c6f520-252c-4e6e-b4eb-24186417fbe1: start 69c6f520-252c-4e6e-b4eb-24186417fbe1@group-AB0B6CA61696-LeaderStateImpl
2021-06-21 17:58:29,996 [69c6f520-252c-4e6e-b4eb-24186417fbe1@group-AB0B6CA61696-LeaderElection7] INFO  segmented.SegmentedRaftLogWorker (SegmentedRaftLogWorker.java:startLogSegment(394)) - 69c6f520-252c-4e6e-b4eb-24186417fbe1@group-AB0B6CA61696-SegmentedRaftLogWorker: Starting segment from index:0
2021-06-21 17:58:30,001 [69c6f520-252c-4e6e-b4eb-24186417fbe1@group-AB0B6CA61696-LeaderElection7] INFO  server.RaftServer$Division (ServerState.java:setRaftConf(373)) - 69c6f520-252c-4e6e-b4eb-24186417fbe1@group-AB0B6CA61696: set configuration 0: [69c6f520-252c-4e6e-b4eb-24186417fbe1|rpc:10.1.0.38:46405|dataStream:|priority:1], old=null
2021-06-21 17:58:30,001 [c73c8739-3325-43cd-abe9-6b47c5c175d5@group-986CC9AA3F32-LeaderElection6] INFO  server.RaftServerConfigKeys (ConfUtils.java:logGet(44)) - raft.server.write.element-limit = 1024 (custom)
2021-06-21 17:58:30,001 [c73c8739-3325-43cd-abe9-6b47c5c175d5@group-986CC9AA3F32-LeaderElection6] INFO  server.RaftServerConfigKeys (ConfUtils.java:logGet(44)) - raft.server.write.byte-limit = 1073741824 (custom)
2021-06-21 17:58:30,001 [69c6f520-252c-4e6e-b4eb-24186417fbe1@group-AB0B6CA61696-SegmentedRaftLogWorker] INFO  segmented.SegmentedRaftLogWorker (SegmentedRaftLogWorker.java:execute(601)) - 69c6f520-252c-4e6e-b4eb-24186417fbe1@group-AB0B6CA61696-SegmentedRaftLogWorker: created new log segment /home/runner/work/ozone/ozone/mnt/ozone/hadoop-ozone/integration-test/target/test-dir/MiniOzoneClusterImpl-ccb1d6a7-04eb-495e-8a45-afc51195f32e/datanode-2/data/ratis/8f0c8bb9-a63e-4b89-a234-ab0b6ca61696/current/log_inprogress_0
2021-06-21 17:58:30,002 [c73c8739-3325-43cd-abe9-6b47c5c175d5@group-986CC9AA3F32-LeaderElection6] INFO  server.RaftServerConfigKeys (ConfUtils.java:logGet(44)) - raft.server.watch.timeout = 180s (custom)
2021-06-21 17:58:30,002 [c73c8739-3325-43cd-abe9-6b47c5c175d5@group-986CC9AA3F32-LeaderElection6] INFO  server.RaftServerConfigKeys (ConfUtils.java:logGet(44)) - raft.server.watch.timeout.denomination = 1s (default)
2021-06-21 17:58:30,002 [c73c8739-3325-43cd-abe9-6b47c5c175d5@group-986CC9AA3F32-LeaderElection6] INFO  server.RaftServerConfigKeys (ConfUtils.java:logGet(44)) - raft.server.watch.element-limit = 65536 (default)
2021-06-21 17:58:30,002 [c73c8739-3325-43cd-abe9-6b47c5c175d5@group-986CC9AA3F32-LeaderElection6] INFO  impl.RoleInfo (RoleInfo.java:updateAndGet(130)) - c73c8739-3325-43cd-abe9-6b47c5c175d5: start c73c8739-3325-43cd-abe9-6b47c5c175d5@group-986CC9AA3F32-LeaderStateImpl
2021-06-21 17:58:30,002 [c73c8739-3325-43cd-abe9-6b47c5c175d5@group-986CC9AA3F32-LeaderElection6] INFO  segmented.SegmentedRaftLogWorker (SegmentedRaftLogWorker.java:startLogSegment(394)) - c73c8739-3325-43cd-abe9-6b47c5c175d5@group-986CC9AA3F32-SegmentedRaftLogWorker: Starting segment from index:0
2021-06-21 17:58:30,006 [c73c8739-3325-43cd-abe9-6b47c5c175d5@group-986CC9AA3F32-LeaderElection6] INFO  server.RaftServer$Division (ServerState.java:setRaftConf(373)) - c73c8739-3325-43cd-abe9-6b47c5c175d5@group-986CC9AA3F32: set configuration 0: [c73c8739-3325-43cd-abe9-6b47c5c175d5|rpc:10.1.0.38:38205|dataStream:|priority:1], old=null
2021-06-21 17:58:30,006 [c73c8739-3325-43cd-abe9-6b47c5c175d5@group-986CC9AA3F32-SegmentedRaftLogWorker] INFO  segmented.SegmentedRaftLogWorker (SegmentedRaftLogWorker.java:execute(601)) - c73c8739-3325-43cd-abe9-6b47c5c175d5@group-986CC9AA3F32-SegmentedRaftLogWorker: created new log segment /home/runner/work/ozone/ozone/mnt/ozone/hadoop-ozone/integration-test/target/test-dir/MiniOzoneClusterImpl-ccb1d6a7-04eb-495e-8a45-afc51195f32e/datanode-1/data/ratis/3260a5ca-b5cf-4b5a-952b-986cc9aa3f32/current/log_inprogress_0
2021-06-21 17:58:30,893 [Listener at 127.0.0.1/44351] INFO  ozone.MiniOzoneClusterImpl (MiniOzoneClusterImpl.java:lambda$waitForClusterToBeReady$0(227)) - Nodes are ready. Got 3 of 3 DN Heartbeats.
2021-06-21 17:58:30,893 [Listener at 127.0.0.1/44351] INFO  ozone.MiniOzoneClusterImpl (MiniOzoneClusterImpl.java:lambda$waitForClusterToBeReady$0(230)) - Waiting for cluster to exit safe mode
2021-06-21 17:58:30,894 [Listener at 127.0.0.1/44351] INFO  ozone.MiniOzoneClusterImpl (MiniOzoneClusterImpl.java:lambda$waitForClusterToBeReady$0(232)) - SCM became leader
2021-06-21 17:58:31,894 [Listener at 127.0.0.1/44351] INFO  ozone.MiniOzoneClusterImpl (MiniOzoneClusterImpl.java:lambda$waitForClusterToBeReady$0(227)) - Nodes are ready. Got 3 of 3 DN Heartbeats.
2021-06-21 17:58:31,894 [Listener at 127.0.0.1/44351] INFO  ozone.MiniOzoneClusterImpl (MiniOzoneClusterImpl.java:lambda$waitForClusterToBeReady$0(230)) - Waiting for cluster to exit safe mode
2021-06-21 17:58:31,894 [Listener at 127.0.0.1/44351] INFO  ozone.MiniOzoneClusterImpl (MiniOzoneClusterImpl.java:lambda$waitForClusterToBeReady$0(232)) - SCM became leader
2021-06-21 17:58:32,894 [Listener at 127.0.0.1/44351] INFO  ozone.MiniOzoneClusterImpl (MiniOzoneClusterImpl.java:lambda$waitForClusterToBeReady$0(227)) - Nodes are ready. Got 3 of 3 DN Heartbeats.
2021-06-21 17:58:32,895 [Listener at 127.0.0.1/44351] INFO  ozone.MiniOzoneClusterImpl (MiniOzoneClusterImpl.java:lambda$waitForClusterToBeReady$0(230)) - Waiting for cluster to exit safe mode
2021-06-21 17:58:32,895 [Listener at 127.0.0.1/44351] INFO  ozone.MiniOzoneClusterImpl (MiniOzoneClusterImpl.java:lambda$waitForClusterToBeReady$0(232)) - SCM became leader
2021-06-21 17:58:33,895 [Listener at 127.0.0.1/44351] INFO  ozone.MiniOzoneClusterImpl (MiniOzoneClusterImpl.java:lambda$waitForClusterToBeReady$0(227)) - Nodes are ready. Got 3 of 3 DN Heartbeats.
2021-06-21 17:58:33,895 [Listener at 127.0.0.1/44351] INFO  ozone.MiniOzoneClusterImpl (MiniOzoneClusterImpl.java:lambda$waitForClusterToBeReady$0(230)) - Waiting for cluster to exit safe mode
2021-06-21 17:58:33,895 [Listener at 127.0.0.1/44351] INFO  ozone.MiniOzoneClusterImpl (MiniOzoneClusterImpl.java:lambda$waitForClusterToBeReady$0(232)) - SCM became leader
2021-06-21 17:58:34,895 [Listener at 127.0.0.1/44351] INFO  ozone.MiniOzoneClusterImpl (MiniOzoneClusterImpl.java:lambda$waitForClusterToBeReady$0(227)) - Nodes are ready. Got 3 of 3 DN Heartbeats.
2021-06-21 17:58:34,895 [Listener at 127.0.0.1/44351] INFO  ozone.MiniOzoneClusterImpl (MiniOzoneClusterImpl.java:lambda$waitForClusterToBeReady$0(230)) - Waiting for cluster to exit safe mode
2021-06-21 17:58:34,896 [Listener at 127.0.0.1/44351] INFO  ozone.MiniOzoneClusterImpl (MiniOzoneClusterImpl.java:lambda$waitForClusterToBeReady$0(232)) - SCM became leader
2021-06-21 17:58:35,064 [c73c8739-3325-43cd-abe9-6b47c5c175d5@group-14706BB93390-FollowerState] INFO  impl.FollowerState (FollowerState.java:run(134)) - c73c8739-3325-43cd-abe9-6b47c5c175d5@group-14706BB93390-FollowerState: change to CANDIDATE, lastRpcElapsedTime:5127623874ns, electionTimeout:5117ms
2021-06-21 17:58:35,065 [c73c8739-3325-43cd-abe9-6b47c5c175d5@group-14706BB93390-FollowerState] INFO  impl.RoleInfo (RoleInfo.java:shutdownFollowerState(108)) - c73c8739-3325-43cd-abe9-6b47c5c175d5: shutdown c73c8739-3325-43cd-abe9-6b47c5c175d5@group-14706BB93390-FollowerState
2021-06-21 17:58:35,065 [c73c8739-3325-43cd-abe9-6b47c5c175d5@group-14706BB93390-FollowerState] INFO  server.RaftServer$Division (RaftServerImpl.java:setRole(284)) - c73c8739-3325-43cd-abe9-6b47c5c175d5@group-14706BB93390: changes role from  FOLLOWER to CANDIDATE at term 1 for changeToCandidate
2021-06-21 17:58:35,065 [c73c8739-3325-43cd-abe9-6b47c5c175d5@group-14706BB93390-FollowerState] INFO  server.RaftServerConfigKeys (ConfUtils.java:logGet(44)) - raft.server.leaderelection.pre-vote = false (custom)
2021-06-21 17:58:35,066 [c73c8739-3325-43cd-abe9-6b47c5c175d5@group-14706BB93390-FollowerState] INFO  impl.RoleInfo (RoleInfo.java:updateAndGet(130)) - c73c8739-3325-43cd-abe9-6b47c5c175d5: start c73c8739-3325-43cd-abe9-6b47c5c175d5@group-14706BB93390-LeaderElection8
2021-06-21 17:58:35,066 [69c6f520-252c-4e6e-b4eb-24186417fbe1@group-14706BB93390-FollowerState] INFO  impl.FollowerState (FollowerState.java:run(134)) - 69c6f520-252c-4e6e-b4eb-24186417fbe1@group-14706BB93390-FollowerState: change to CANDIDATE, lastRpcElapsedTime:5120405714ns, electionTimeout:5114ms
2021-06-21 17:58:35,067 [69c6f520-252c-4e6e-b4eb-24186417fbe1@group-14706BB93390-FollowerState] INFO  impl.RoleInfo (RoleInfo.java:shutdownFollowerState(108)) - 69c6f520-252c-4e6e-b4eb-24186417fbe1: shutdown 69c6f520-252c-4e6e-b4eb-24186417fbe1@group-14706BB93390-FollowerState
2021-06-21 17:58:35,067 [69c6f520-252c-4e6e-b4eb-24186417fbe1@group-14706BB93390-FollowerState] INFO  server.RaftServer$Division (RaftServerImpl.java:setRole(284)) - 69c6f520-252c-4e6e-b4eb-24186417fbe1@group-14706BB93390: changes role from  FOLLOWER to CANDIDATE at term 1 for changeToCandidate
2021-06-21 17:58:35,067 [69c6f520-252c-4e6e-b4eb-24186417fbe1@group-14706BB93390-FollowerState] INFO  server.RaftServerConfigKeys (ConfUtils.java:logGet(44)) - raft.server.leaderelection.pre-vote = false (custom)
2021-06-21 17:58:35,067 [69c6f520-252c-4e6e-b4eb-24186417fbe1@group-14706BB93390-FollowerState] INFO  impl.RoleInfo (RoleInfo.java:updateAndGet(130)) - 69c6f520-252c-4e6e-b4eb-24186417fbe1: start 69c6f520-252c-4e6e-b4eb-24186417fbe1@group-14706BB93390-LeaderElection9
2021-06-21 17:58:35,068 [c73c8739-3325-43cd-abe9-6b47c5c175d5@group-14706BB93390-LeaderElection8] INFO  impl.LeaderElection (LeaderElection.java:askForVotes(306)) - c73c8739-3325-43cd-abe9-6b47c5c175d5@group-14706BB93390-LeaderElection8 ELECTION round 0: submit vote requests at term 2 for -1: [69c6f520-252c-4e6e-b4eb-24186417fbe1|rpc:10.1.0.38:46405|priority:1, c73c8739-3325-43cd-abe9-6b47c5c175d5|rpc:10.1.0.38:38205|priority:0, dcbd47e6-928b-4715-825b-9c1fc4ded717|rpc:10.1.0.38:35165|priority:0], old=null
2021-06-21 17:58:35,071 [69c6f520-252c-4e6e-b4eb-24186417fbe1@group-14706BB93390-LeaderElection9] INFO  impl.LeaderElection (LeaderElection.java:askForVotes(306)) - 69c6f520-252c-4e6e-b4eb-24186417fbe1@group-14706BB93390-LeaderElection9 ELECTION round 0: submit vote requests at term 2 for -1: [69c6f520-252c-4e6e-b4eb-24186417fbe1|rpc:10.1.0.38:46405|priority:1, c73c8739-3325-43cd-abe9-6b47c5c175d5|rpc:10.1.0.38:38205|priority:0, dcbd47e6-928b-4715-825b-9c1fc4ded717|rpc:10.1.0.38:35165|priority:0], old=null
2021-06-21 17:58:35,084 [dcbd47e6-928b-4715-825b-9c1fc4ded717@group-14706BB93390-FollowerState] INFO  impl.FollowerState (FollowerState.java:run(134)) - dcbd47e6-928b-4715-825b-9c1fc4ded717@group-14706BB93390-FollowerState: change to CANDIDATE, lastRpcElapsedTime:5121262822ns, electionTimeout:5112ms
2021-06-21 17:58:35,084 [dcbd47e6-928b-4715-825b-9c1fc4ded717@group-14706BB93390-FollowerState] INFO  impl.RoleInfo (RoleInfo.java:shutdownFollowerState(108)) - dcbd47e6-928b-4715-825b-9c1fc4ded717: shutdown dcbd47e6-928b-4715-825b-9c1fc4ded717@group-14706BB93390-FollowerState
2021-06-21 17:58:35,084 [dcbd47e6-928b-4715-825b-9c1fc4ded717@group-14706BB93390-FollowerState] INFO  server.RaftServer$Division (RaftServerImpl.java:setRole(284)) - dcbd47e6-928b-4715-825b-9c1fc4ded717@group-14706BB93390: changes role from  FOLLOWER to CANDIDATE at term 1 for changeToCandidate
2021-06-21 17:58:35,084 [dcbd47e6-928b-4715-825b-9c1fc4ded717@group-14706BB93390-FollowerState] INFO  server.RaftServerConfigKeys (ConfUtils.java:logGet(44)) - raft.server.leaderelection.pre-vote = false (custom)
2021-06-21 17:58:35,084 [dcbd47e6-928b-4715-825b-9c1fc4ded717@group-14706BB93390-FollowerState] INFO  impl.RoleInfo (RoleInfo.java:updateAndGet(130)) - dcbd47e6-928b-4715-825b-9c1fc4ded717: start dcbd47e6-928b-4715-825b-9c1fc4ded717@group-14706BB93390-LeaderElection10
2021-06-21 17:58:35,102 [dcbd47e6-928b-4715-825b-9c1fc4ded717@group-14706BB93390-LeaderElection10] INFO  impl.LeaderElection (LeaderElection.java:askForVotes(306)) - dcbd47e6-928b-4715-825b-9c1fc4ded717@group-14706BB93390-LeaderElection10 ELECTION round 0: submit vote requests at term 2 for -1: [69c6f520-252c-4e6e-b4eb-24186417fbe1|rpc:10.1.0.38:46405|priority:1, c73c8739-3325-43cd-abe9-6b47c5c175d5|rpc:10.1.0.38:38205|priority:0, dcbd47e6-928b-4715-825b-9c1fc4ded717|rpc:10.1.0.38:35165|priority:0], old=null
2021-06-21 17:58:35,105 [grpc-default-executor-0] INFO  server.RaftServer$Division (RaftServerImpl.java:requestVote(1042)) - dcbd47e6-928b-4715-825b-9c1fc4ded717@group-14706BB93390: receive requestVote(ELECTION, c73c8739-3325-43cd-abe9-6b47c5c175d5, group-14706BB93390, 2, (t:0, i:0))
2021-06-21 17:58:35,106 [grpc-default-executor-0] INFO  impl.VoteContext (VoteContext.java:log(48)) - dcbd47e6-928b-4715-825b-9c1fc4ded717@group-14706BB93390-CANDIDATE: reject ELECTION from c73c8739-3325-43cd-abe9-6b47c5c175d5: already has voted for dcbd47e6-928b-4715-825b-9c1fc4ded717 at current term 2
2021-06-21 17:58:35,106 [grpc-default-executor-0] INFO  server.RaftServer$Division (RaftServerImpl.java:requestVote(1074)) - dcbd47e6-928b-4715-825b-9c1fc4ded717@group-14706BB93390 replies to ELECTION vote request: c73c8739-3325-43cd-abe9-6b47c5c175d5<-dcbd47e6-928b-4715-825b-9c1fc4ded717#0:FAIL-t2. Peer's state: dcbd47e6-928b-4715-825b-9c1fc4ded717@group-14706BB93390:t2, leader=null, voted=dcbd47e6-928b-4715-825b-9c1fc4ded717, raftlog=dcbd47e6-928b-4715-825b-9c1fc4ded717@group-14706BB93390-SegmentedRaftLog:OPENED:c-1,f-1,i0, conf=-1: [69c6f520-252c-4e6e-b4eb-24186417fbe1|rpc:10.1.0.38:46405|priority:1, c73c8739-3325-43cd-abe9-6b47c5c175d5|rpc:10.1.0.38:38205|priority:0, dcbd47e6-928b-4715-825b-9c1fc4ded717|rpc:10.1.0.38:35165|priority:0], old=null
2021-06-21 17:58:35,106 [grpc-default-executor-2] INFO  server.RaftServer$Division (RaftServerImpl.java:requestVote(1042)) - c73c8739-3325-43cd-abe9-6b47c5c175d5@group-14706BB93390: receive requestVote(ELECTION, 69c6f520-252c-4e6e-b4eb-24186417fbe1, group-14706BB93390, 2, (t:0, i:0))
2021-06-21 17:58:35,106 [grpc-default-executor-2] INFO  impl.VoteContext (VoteContext.java:log(48)) - c73c8739-3325-43cd-abe9-6b47c5c175d5@group-14706BB93390-CANDIDATE: reject ELECTION from 69c6f520-252c-4e6e-b4eb-24186417fbe1: already has voted for c73c8739-3325-43cd-abe9-6b47c5c175d5 at current term 2
2021-06-21 17:58:35,106 [grpc-default-executor-1] INFO  server.RaftServer$Division (RaftServerImpl.java:requestVote(1042)) - 69c6f520-252c-4e6e-b4eb-24186417fbe1@group-14706BB93390: receive requestVote(ELECTION, c73c8739-3325-43cd-abe9-6b47c5c175d5, group-14706BB93390, 2, (t:0, i:0))
2021-06-21 17:58:35,114 [grpc-default-executor-1] INFO  impl.VoteContext (VoteContext.java:log(48)) - 69c6f520-252c-4e6e-b4eb-24186417fbe1@group-14706BB93390-CANDIDATE: reject ELECTION from c73c8739-3325-43cd-abe9-6b47c5c175d5: already has voted for 69c6f520-252c-4e6e-b4eb-24186417fbe1 at current term 2
2021-06-21 17:58:35,114 [grpc-default-executor-1] INFO  server.RaftServer$Division (RaftServerImpl.java:requestVote(1074)) - 69c6f520-252c-4e6e-b4eb-24186417fbe1@group-14706BB93390 replies to ELECTION vote request: c73c8739-3325-43cd-abe9-6b47c5c175d5<-69c6f520-252c-4e6e-b4eb-24186417fbe1#0:FAIL-t2. Peer's state: 69c6f520-252c-4e6e-b4eb-24186417fbe1@group-14706BB93390:t2, leader=null, voted=69c6f520-252c-4e6e-b4eb-24186417fbe1, raftlog=69c6f520-252c-4e6e-b4eb-24186417fbe1@group-14706BB93390-SegmentedRaftLog:OPENED:c-1,f-1,i0, conf=-1: [69c6f520-252c-4e6e-b4eb-24186417fbe1|rpc:10.1.0.38:46405|priority:1, c73c8739-3325-43cd-abe9-6b47c5c175d5|rpc:10.1.0.38:38205|priority:0, dcbd47e6-928b-4715-825b-9c1fc4ded717|rpc:10.1.0.38:35165|priority:0], old=null
2021-06-21 17:58:35,106 [grpc-default-executor-2] INFO  server.RaftServer$Division (RaftServerImpl.java:requestVote(1074)) - c73c8739-3325-43cd-abe9-6b47c5c175d5@group-14706BB93390 replies to ELECTION vote request: 69c6f520-252c-4e6e-b4eb-24186417fbe1<-c73c8739-3325-43cd-abe9-6b47c5c175d5#0:FAIL-t2. Peer's state: c73c8739-3325-43cd-abe9-6b47c5c175d5@group-14706BB93390:t2, leader=null, voted=c73c8739-3325-43cd-abe9-6b47c5c175d5, raftlog=c73c8739-3325-43cd-abe9-6b47c5c175d5@group-14706BB93390-SegmentedRaftLog:OPENED:c-1,f-1,i0, conf=-1: [69c6f520-252c-4e6e-b4eb-24186417fbe1|rpc:10.1.0.38:46405|priority:1, c73c8739-3325-43cd-abe9-6b47c5c175d5|rpc:10.1.0.38:38205|priority:0, dcbd47e6-928b-4715-825b-9c1fc4ded717|rpc:10.1.0.38:35165|priority:0], old=null
2021-06-21 17:58:35,116 [grpc-default-executor-0] INFO  server.RaftServer$Division (RaftServerImpl.java:requestVote(1042)) - 69c6f520-252c-4e6e-b4eb-24186417fbe1@group-14706BB93390: receive requestVote(ELECTION, dcbd47e6-928b-4715-825b-9c1fc4ded717, group-14706BB93390, 2, (t:0, i:0))
2021-06-21 17:58:35,117 [grpc-default-executor-0] INFO  impl.VoteContext (VoteContext.java:log(48)) - 69c6f520-252c-4e6e-b4eb-24186417fbe1@group-14706BB93390-CANDIDATE: reject ELECTION from dcbd47e6-928b-4715-825b-9c1fc4ded717: already has voted for 69c6f520-252c-4e6e-b4eb-24186417fbe1 at current term 2
2021-06-21 17:58:35,117 [grpc-default-executor-0] INFO  server.RaftServer$Division (RaftServerImpl.java:requestVote(1074)) - 69c6f520-252c-4e6e-b4eb-24186417fbe1@group-14706BB93390 replies to ELECTION vote request: dcbd47e6-928b-4715-825b-9c1fc4ded717<-69c6f520-252c-4e6e-b4eb-24186417fbe1#0:FAIL-t2. Peer's state: 69c6f520-252c-4e6e-b4eb-24186417fbe1@group-14706BB93390:t2, leader=null, voted=69c6f520-252c-4e6e-b4eb-24186417fbe1, raftlog=69c6f520-252c-4e6e-b4eb-24186417fbe1@group-14706BB93390-SegmentedRaftLog:OPENED:c-1,f-1,i0, conf=-1: [69c6f520-252c-4e6e-b4eb-24186417fbe1|rpc:10.1.0.38:46405|priority:1, c73c8739-3325-43cd-abe9-6b47c5c175d5|rpc:10.1.0.38:38205|priority:0, dcbd47e6-928b-4715-825b-9c1fc4ded717|rpc:10.1.0.38:35165|priority:0], old=null
2021-06-21 17:58:35,118 [c73c8739-3325-43cd-abe9-6b47c5c175d5@group-14706BB93390-LeaderElection8] INFO  impl.LeaderElection (LeaderElection.java:logAndReturn(89)) - c73c8739-3325-43cd-abe9-6b47c5c175d5@group-14706BB93390-LeaderElection8: ELECTION REJECTED received 2 response(s) and 0 exception(s):
2021-06-21 17:58:35,119 [c73c8739-3325-43cd-abe9-6b47c5c175d5@group-14706BB93390-LeaderElection8] INFO  impl.LeaderElection (LeaderElection.java:logAndReturn(93)) -   Response 0: c73c8739-3325-43cd-abe9-6b47c5c175d5<-69c6f520-252c-4e6e-b4eb-24186417fbe1#0:FAIL-t2
2021-06-21 17:58:35,119 [c73c8739-3325-43cd-abe9-6b47c5c175d5@group-14706BB93390-LeaderElection8] INFO  impl.LeaderElection (LeaderElection.java:logAndReturn(93)) -   Response 1: c73c8739-3325-43cd-abe9-6b47c5c175d5<-dcbd47e6-928b-4715-825b-9c1fc4ded717#0:FAIL-t2
2021-06-21 17:58:35,118 [dcbd47e6-928b-4715-825b-9c1fc4ded717@group-14706BB93390-LeaderElection10] INFO  impl.LeaderElection (LeaderElection.java:logAndReturn(89)) - dcbd47e6-928b-4715-825b-9c1fc4ded717@group-14706BB93390-LeaderElection10: ELECTION REJECTED received 1 response(s) and 0 exception(s):
2021-06-21 17:58:35,123 [dcbd47e6-928b-4715-825b-9c1fc4ded717@group-14706BB93390-LeaderElection10] INFO  impl.LeaderElection (LeaderElection.java:logAndReturn(93)) -   Response 0: dcbd47e6-928b-4715-825b-9c1fc4ded717<-69c6f520-252c-4e6e-b4eb-24186417fbe1#0:FAIL-t2
2021-06-21 17:58:35,123 [dcbd47e6-928b-4715-825b-9c1fc4ded717@group-14706BB93390-LeaderElection10] INFO  impl.LeaderElection (LeaderElection.java:askForVotes(308)) - dcbd47e6-928b-4715-825b-9c1fc4ded717@group-14706BB93390-LeaderElection10 ELECTION round 0: result REJECTED
2021-06-21 17:58:35,123 [dcbd47e6-928b-4715-825b-9c1fc4ded717@group-14706BB93390-LeaderElection10] INFO  server.RaftServer$Division (RaftServerImpl.java:setRole(284)) - dcbd47e6-928b-4715-825b-9c1fc4ded717@group-14706BB93390: changes role from CANDIDATE to FOLLOWER at term 2 for REJECTED
2021-06-21 17:58:35,123 [dcbd47e6-928b-4715-825b-9c1fc4ded717@group-14706BB93390-LeaderElection10] INFO  impl.RoleInfo (RoleInfo.java:shutdownLeaderElection(121)) - dcbd47e6-928b-4715-825b-9c1fc4ded717: shutdown dcbd47e6-928b-4715-825b-9c1fc4ded717@group-14706BB93390-LeaderElection10
2021-06-21 17:58:35,123 [dcbd47e6-928b-4715-825b-9c1fc4ded717@group-14706BB93390-LeaderElection10] INFO  impl.RoleInfo (RoleInfo.java:updateAndGet(130)) - dcbd47e6-928b-4715-825b-9c1fc4ded717: start dcbd47e6-928b-4715-825b-9c1fc4ded717@group-14706BB93390-FollowerState
2021-06-21 17:58:35,122 [grpc-default-executor-3] INFO  server.RaftServer$Division (RaftServerImpl.java:requestVote(1042)) - dcbd47e6-928b-4715-825b-9c1fc4ded717@group-14706BB93390: receive requestVote(ELECTION, 69c6f520-252c-4e6e-b4eb-24186417fbe1, group-14706BB93390, 2, (t:0, i:0))
2021-06-21 17:58:35,122 [grpc-default-executor-1] INFO  server.RaftServer$Division (RaftServerImpl.java:requestVote(1042)) - c73c8739-3325-43cd-abe9-6b47c5c175d5@group-14706BB93390: receive requestVote(ELECTION, dcbd47e6-928b-4715-825b-9c1fc4ded717, group-14706BB93390, 2, (t:0, i:0))
2021-06-21 17:58:35,123 [grpc-default-executor-1] INFO  impl.VoteContext (VoteContext.java:log(48)) - c73c8739-3325-43cd-abe9-6b47c5c175d5@group-14706BB93390-CANDIDATE: reject ELECTION from dcbd47e6-928b-4715-825b-9c1fc4ded717: already has voted for c73c8739-3325-43cd-abe9-6b47c5c175d5 at current term 2
2021-06-21 17:58:35,123 [grpc-default-executor-1] INFO  server.RaftServer$Division (RaftServerImpl.java:requestVote(1074)) - c73c8739-3325-43cd-abe9-6b47c5c175d5@group-14706BB93390 replies to ELECTION vote request: dcbd47e6-928b-4715-825b-9c1fc4ded717<-c73c8739-3325-43cd-abe9-6b47c5c175d5#0:FAIL-t2. Peer's state: c73c8739-3325-43cd-abe9-6b47c5c175d5@group-14706BB93390:t2, leader=null, voted=c73c8739-3325-43cd-abe9-6b47c5c175d5, raftlog=c73c8739-3325-43cd-abe9-6b47c5c175d5@group-14706BB93390-SegmentedRaftLog:OPENED:c-1,f-1,i0, conf=-1: [69c6f520-252c-4e6e-b4eb-24186417fbe1|rpc:10.1.0.38:46405|priority:1, c73c8739-3325-43cd-abe9-6b47c5c175d5|rpc:10.1.0.38:38205|priority:0, dcbd47e6-928b-4715-825b-9c1fc4ded717|rpc:10.1.0.38:35165|priority:0], old=null
2021-06-21 17:58:35,122 [c73c8739-3325-43cd-abe9-6b47c5c175d5@group-14706BB93390-LeaderElection8] INFO  impl.LeaderElection (LeaderElection.java:askForVotes(308)) - c73c8739-3325-43cd-abe9-6b47c5c175d5@group-14706BB93390-LeaderElection8 ELECTION round 0: result REJECTED
2021-06-21 17:58:35,125 [c73c8739-3325-43cd-abe9-6b47c5c175d5@group-14706BB93390-LeaderElection8] INFO  server.RaftServer$Division (RaftServerImpl.java:setRole(284)) - c73c8739-3325-43cd-abe9-6b47c5c175d5@group-14706BB93390: changes role from CANDIDATE to FOLLOWER at term 2 for REJECTED
2021-06-21 17:58:35,125 [c73c8739-3325-43cd-abe9-6b47c5c175d5@group-14706BB93390-LeaderElection8] INFO  impl.RoleInfo (RoleInfo.java:shutdownLeaderElection(121)) - c73c8739-3325-43cd-abe9-6b47c5c175d5: shutdown c73c8739-3325-43cd-abe9-6b47c5c175d5@group-14706BB93390-LeaderElection8
2021-06-21 17:58:35,127 [c73c8739-3325-43cd-abe9-6b47c5c175d5@group-14706BB93390-LeaderElection8] INFO  impl.RoleInfo (RoleInfo.java:updateAndGet(130)) - c73c8739-3325-43cd-abe9-6b47c5c175d5: start c73c8739-3325-43cd-abe9-6b47c5c175d5@group-14706BB93390-FollowerState
2021-06-21 17:58:35,127 [grpc-default-executor-3] INFO  impl.VoteContext (VoteContext.java:log(48)) - dcbd47e6-928b-4715-825b-9c1fc4ded717@group-14706BB93390-FOLLOWER: reject ELECTION from 69c6f520-252c-4e6e-b4eb-24186417fbe1: already has voted for dcbd47e6-928b-4715-825b-9c1fc4ded717 at current term 2
2021-06-21 17:58:35,143 [grpc-default-executor-3] INFO  server.RaftServer$Division (RaftServerImpl.java:requestVote(1074)) - dcbd47e6-928b-4715-825b-9c1fc4ded717@group-14706BB93390 replies to ELECTION vote request: 69c6f520-252c-4e6e-b4eb-24186417fbe1<-dcbd47e6-928b-4715-825b-9c1fc4ded717#0:FAIL-t2. Peer's state: dcbd47e6-928b-4715-825b-9c1fc4ded717@group-14706BB93390:t2, leader=null, voted=dcbd47e6-928b-4715-825b-9c1fc4ded717, raftlog=dcbd47e6-928b-4715-825b-9c1fc4ded717@group-14706BB93390-SegmentedRaftLog:OPENED:c-1,f-1,i0, conf=-1: [69c6f520-252c-4e6e-b4eb-24186417fbe1|rpc:10.1.0.38:46405|priority:1, c73c8739-3325-43cd-abe9-6b47c5c175d5|rpc:10.1.0.38:38205|priority:0, dcbd47e6-928b-4715-825b-9c1fc4ded717|rpc:10.1.0.38:35165|priority:0], old=null
2021-06-21 17:58:35,146 [69c6f520-252c-4e6e-b4eb-24186417fbe1@group-14706BB93390-LeaderElection9] INFO  impl.LeaderElection (LeaderElection.java:logAndReturn(89)) - 69c6f520-252c-4e6e-b4eb-24186417fbe1@group-14706BB93390-LeaderElection9: ELECTION REJECTED received 2 response(s) and 0 exception(s):
2021-06-21 17:58:35,146 [69c6f520-252c-4e6e-b4eb-24186417fbe1@group-14706BB93390-LeaderElection9] INFO  impl.LeaderElection (LeaderElection.java:logAndReturn(93)) -   Response 0: 69c6f520-252c-4e6e-b4eb-24186417fbe1<-c73c8739-3325-43cd-abe9-6b47c5c175d5#0:FAIL-t2
2021-06-21 17:58:35,146 [69c6f520-252c-4e6e-b4eb-24186417fbe1@group-14706BB93390-LeaderElection9] INFO  impl.LeaderElection (LeaderElection.java:logAndReturn(93)) -   Response 1: 69c6f520-252c-4e6e-b4eb-24186417fbe1<-dcbd47e6-928b-4715-825b-9c1fc4ded717#0:FAIL-t2
2021-06-21 17:58:35,146 [69c6f520-252c-4e6e-b4eb-24186417fbe1@group-14706BB93390-LeaderElection9] INFO  impl.LeaderElection (LeaderElection.java:askForVotes(308)) - 69c6f520-252c-4e6e-b4eb-24186417fbe1@group-14706BB93390-LeaderElection9 ELECTION round 0: result REJECTED
2021-06-21 17:58:35,147 [69c6f520-252c-4e6e-b4eb-24186417fbe1@group-14706BB93390-LeaderElection9] INFO  server.RaftServer$Division (RaftServerImpl.java:setRole(284)) - 69c6f520-252c-4e6e-b4eb-24186417fbe1@group-14706BB93390: changes role from CANDIDATE to FOLLOWER at term 2 for REJECTED
2021-06-21 17:58:35,147 [69c6f520-252c-4e6e-b4eb-24186417fbe1@group-14706BB93390-LeaderElection9] INFO  impl.RoleInfo (RoleInfo.java:shutdownLeaderElection(121)) - 69c6f520-252c-4e6e-b4eb-24186417fbe1: shutdown 69c6f520-252c-4e6e-b4eb-24186417fbe1@group-14706BB93390-LeaderElection9
2021-06-21 17:58:35,147 [69c6f520-252c-4e6e-b4eb-24186417fbe1@group-14706BB93390-LeaderElection9] INFO  impl.RoleInfo (RoleInfo.java:updateAndGet(130)) - 69c6f520-252c-4e6e-b4eb-24186417fbe1: start 69c6f520-252c-4e6e-b4eb-24186417fbe1@group-14706BB93390-FollowerState
2021-06-21 17:58:35,896 [Listener at 127.0.0.1/44351] INFO  ozone.MiniOzoneClusterImpl (MiniOzoneClusterImpl.java:lambda$waitForClusterToBeReady$0(227)) - Nodes are ready. Got 3 of 3 DN Heartbeats.
2021-06-21 17:58:35,897 [Listener at 127.0.0.1/44351] INFO  ozone.MiniOzoneClusterImpl (MiniOzoneClusterImpl.java:lambda$waitForClusterToBeReady$0(230)) - Waiting for cluster to exit safe mode
2021-06-21 17:58:35,897 [Listener at 127.0.0.1/44351] INFO  ozone.MiniOzoneClusterImpl (MiniOzoneClusterImpl.java:lambda$waitForClusterToBeReady$0(232)) - SCM became leader
2021-06-21 17:58:36,897 [Listener at 127.0.0.1/44351] INFO  ozone.MiniOzoneClusterImpl (MiniOzoneClusterImpl.java:lambda$waitForClusterToBeReady$0(227)) - Nodes are ready. Got 3 of 3 DN Heartbeats.
2021-06-21 17:58:36,897 [Listener at 127.0.0.1/44351] INFO  ozone.MiniOzoneClusterImpl (MiniOzoneClusterImpl.java:lambda$waitForClusterToBeReady$0(230)) - Waiting for cluster to exit safe mode
2021-06-21 17:58:36,897 [Listener at 127.0.0.1/44351] INFO  ozone.MiniOzoneClusterImpl (MiniOzoneClusterImpl.java:lambda$waitForClusterToBeReady$0(232)) - SCM became leader
2021-06-21 17:58:37,897 [Listener at 127.0.0.1/44351] INFO  ozone.MiniOzoneClusterImpl (MiniOzoneClusterImpl.java:lambda$waitForClusterToBeReady$0(227)) - Nodes are ready. Got 3 of 3 DN Heartbeats.
2021-06-21 17:58:37,898 [Listener at 127.0.0.1/44351] INFO  ozone.MiniOzoneClusterImpl (MiniOzoneClusterImpl.java:lambda$waitForClusterToBeReady$0(230)) - Waiting for cluster to exit safe mode
2021-06-21 17:58:37,898 [Listener at 127.0.0.1/44351] INFO  ozone.MiniOzoneClusterImpl (MiniOzoneClusterImpl.java:lambda$waitForClusterToBeReady$0(232)) - SCM became leader
2021-06-21 17:58:38,898 [Listener at 127.0.0.1/44351] INFO  ozone.MiniOzoneClusterImpl (MiniOzoneClusterImpl.java:lambda$waitForClusterToBeReady$0(227)) - Nodes are ready. Got 3 of 3 DN Heartbeats.
2021-06-21 17:58:38,898 [Listener at 127.0.0.1/44351] INFO  ozone.MiniOzoneClusterImpl (MiniOzoneClusterImpl.java:lambda$waitForClusterToBeReady$0(230)) - Waiting for cluster to exit safe mode
2021-06-21 17:58:38,898 [Listener at 127.0.0.1/44351] INFO  ozone.MiniOzoneClusterImpl (MiniOzoneClusterImpl.java:lambda$waitForClusterToBeReady$0(232)) - SCM became leader
2021-06-21 17:58:39,898 [Listener at 127.0.0.1/44351] INFO  ozone.MiniOzoneClusterImpl (MiniOzoneClusterImpl.java:lambda$waitForClusterToBeReady$0(227)) - Nodes are ready. Got 3 of 3 DN Heartbeats.
2021-06-21 17:58:39,899 [Listener at 127.0.0.1/44351] INFO  ozone.MiniOzoneClusterImpl (MiniOzoneClusterImpl.java:lambda$waitForClusterToBeReady$0(230)) - Waiting for cluster to exit safe mode
2021-06-21 17:58:39,899 [Listener at 127.0.0.1/44351] INFO  ozone.MiniOzoneClusterImpl (MiniOzoneClusterImpl.java:lambda$waitForClusterToBeReady$0(232)) - SCM became leader
2021-06-21 17:58:40,143 [dcbd47e6-928b-4715-825b-9c1fc4ded717@group-14706BB93390-FollowerState] INFO  impl.FollowerState (FollowerState.java:run(134)) - dcbd47e6-928b-4715-825b-9c1fc4ded717@group-14706BB93390-FollowerState: change to CANDIDATE, lastRpcElapsedTime:5020168971ns, electionTimeout:5000ms
2021-06-21 17:58:40,143 [dcbd47e6-928b-4715-825b-9c1fc4ded717@group-14706BB93390-FollowerState] INFO  impl.RoleInfo (RoleInfo.java:shutdownFollowerState(108)) - dcbd47e6-928b-4715-825b-9c1fc4ded717: shutdown dcbd47e6-928b-4715-825b-9c1fc4ded717@group-14706BB93390-FollowerState
2021-06-21 17:58:40,143 [dcbd47e6-928b-4715-825b-9c1fc4ded717@group-14706BB93390-FollowerState] INFO  server.RaftServer$Division (RaftServerImpl.java:setRole(284)) - dcbd47e6-928b-4715-825b-9c1fc4ded717@group-14706BB93390: changes role from  FOLLOWER to CANDIDATE at term 2 for changeToCandidate
2021-06-21 17:58:40,143 [dcbd47e6-928b-4715-825b-9c1fc4ded717@group-14706BB93390-FollowerState] INFO  server.RaftServerConfigKeys (ConfUtils.java:logGet(44)) - raft.server.leaderelection.pre-vote = false (custom)
2021-06-21 17:58:40,144 [dcbd47e6-928b-4715-825b-9c1fc4ded717@group-14706BB93390-FollowerState] INFO  impl.RoleInfo (RoleInfo.java:updateAndGet(130)) - dcbd47e6-928b-4715-825b-9c1fc4ded717: start dcbd47e6-928b-4715-825b-9c1fc4ded717@group-14706BB93390-LeaderElection11
2021-06-21 17:58:40,147 [dcbd47e6-928b-4715-825b-9c1fc4ded717@group-14706BB93390-LeaderElection11] INFO  impl.LeaderElection (LeaderElection.java:askForVotes(306)) - dcbd47e6-928b-4715-825b-9c1fc4ded717@group-14706BB93390-LeaderElection11 ELECTION round 0: submit vote requests at term 3 for -1: [69c6f520-252c-4e6e-b4eb-24186417fbe1|rpc:10.1.0.38:46405|priority:1, c73c8739-3325-43cd-abe9-6b47c5c175d5|rpc:10.1.0.38:38205|priority:0, dcbd47e6-928b-4715-825b-9c1fc4ded717|rpc:10.1.0.38:35165|priority:0], old=null
2021-06-21 17:58:40,148 [c73c8739-3325-43cd-abe9-6b47c5c175d5@group-14706BB93390-FollowerState] INFO  impl.FollowerState (FollowerState.java:run(134)) - c73c8739-3325-43cd-abe9-6b47c5c175d5@group-14706BB93390-FollowerState: change to CANDIDATE, lastRpcElapsedTime:5020661875ns, electionTimeout:5017ms
2021-06-21 17:58:40,148 [c73c8739-3325-43cd-abe9-6b47c5c175d5@group-14706BB93390-FollowerState] INFO  impl.RoleInfo (RoleInfo.java:shutdownFollowerState(108)) - c73c8739-3325-43cd-abe9-6b47c5c175d5: shutdown c73c8739-3325-43cd-abe9-6b47c5c175d5@group-14706BB93390-FollowerState
2021-06-21 17:58:40,148 [c73c8739-3325-43cd-abe9-6b47c5c175d5@group-14706BB93390-FollowerState] INFO  server.RaftServer$Division (RaftServerImpl.java:setRole(284)) - c73c8739-3325-43cd-abe9-6b47c5c175d5@group-14706BB93390: changes role from  FOLLOWER to CANDIDATE at term 2 for changeToCandidate
2021-06-21 17:58:40,148 [c73c8739-3325-43cd-abe9-6b47c5c175d5@group-14706BB93390-FollowerState] INFO  server.RaftServerConfigKeys (ConfUtils.java:logGet(44)) - raft.server.leaderelection.pre-vote = false (custom)
2021-06-21 17:58:40,148 [c73c8739-3325-43cd-abe9-6b47c5c175d5@group-14706BB93390-FollowerState] INFO  impl.RoleInfo (RoleInfo.java:updateAndGet(130)) - c73c8739-3325-43cd-abe9-6b47c5c175d5: start c73c8739-3325-43cd-abe9-6b47c5c175d5@group-14706BB93390-LeaderElection12
2021-06-21 17:58:40,158 [grpc-default-executor-1] INFO  server.RaftServer$Division (RaftServerImpl.java:requestVote(1042)) - 69c6f520-252c-4e6e-b4eb-24186417fbe1@group-14706BB93390: receive requestVote(ELECTION, dcbd47e6-928b-4715-825b-9c1fc4ded717, group-14706BB93390, 3, (t:0, i:0))
2021-06-21 17:58:40,158 [grpc-default-executor-1] INFO  impl.VoteContext (VoteContext.java:log(48)) - 69c6f520-252c-4e6e-b4eb-24186417fbe1@group-14706BB93390-FOLLOWER: reject ELECTION from dcbd47e6-928b-4715-825b-9c1fc4ded717: our priority 1 > candidate's priority 0
2021-06-21 17:58:40,158 [grpc-default-executor-1] INFO  server.RaftServer$Division (RaftServerImpl.java:setRole(284)) - 69c6f520-252c-4e6e-b4eb-24186417fbe1@group-14706BB93390: changes role from  FOLLOWER to FOLLOWER at term 3 for candidate:dcbd47e6-928b-4715-825b-9c1fc4ded717
2021-06-21 17:58:40,158 [grpc-default-executor-1] INFO  impl.RoleInfo (RoleInfo.java:shutdownFollowerState(108)) - 69c6f520-252c-4e6e-b4eb-24186417fbe1: shutdown 69c6f520-252c-4e6e-b4eb-24186417fbe1@group-14706BB93390-FollowerState
2021-06-21 17:58:40,158 [grpc-default-executor-1] INFO  impl.RoleInfo (RoleInfo.java:updateAndGet(130)) - 69c6f520-252c-4e6e-b4eb-24186417fbe1: start 69c6f520-252c-4e6e-b4eb-24186417fbe1@group-14706BB93390-FollowerState
2021-06-21 17:58:40,158 [69c6f520-252c-4e6e-b4eb-24186417fbe1@group-14706BB93390-FollowerState] INFO  impl.FollowerState (FollowerState.java:run(143)) - 69c6f520-252c-4e6e-b4eb-24186417fbe1@group-14706BB93390-FollowerState was interrupted: {}
java.lang.InterruptedException: sleep interrupted
	at java.lang.Thread.sleep(Native Method)
	at java.lang.Thread.sleep(Thread.java:340)
	at java.util.concurrent.TimeUnit.sleep(TimeUnit.java:386)
	at org.apache.ratis.util.TimeDuration.sleep(TimeDuration.java:324)
	at org.apache.ratis.util.TimeDuration.sleep(TimeDuration.java:309)
	at org.apache.ratis.server.impl.FollowerState.run(FollowerState.java:118)
2021-06-21 17:58:40,160 [grpc-default-executor-3] INFO  server.RaftServer$Division (RaftServerImpl.java:requestVote(1042)) - c73c8739-3325-43cd-abe9-6b47c5c175d5@group-14706BB93390: receive requestVote(ELECTION, dcbd47e6-928b-4715-825b-9c1fc4ded717, group-14706BB93390, 3, (t:0, i:0))
2021-06-21 17:58:40,160 [grpc-default-executor-3] INFO  impl.VoteContext (VoteContext.java:log(48)) - c73c8739-3325-43cd-abe9-6b47c5c175d5@group-14706BB93390-CANDIDATE: accept ELECTION from dcbd47e6-928b-4715-825b-9c1fc4ded717: our priority 0 <= candidate's priority 0
2021-06-21 17:58:40,160 [grpc-default-executor-3] INFO  server.RaftServer$Division (RaftServerImpl.java:setRole(284)) - c73c8739-3325-43cd-abe9-6b47c5c175d5@group-14706BB93390: changes role from CANDIDATE to FOLLOWER at term 3 for candidate:dcbd47e6-928b-4715-825b-9c1fc4ded717
2021-06-21 17:58:40,160 [grpc-default-executor-3] INFO  impl.RoleInfo (RoleInfo.java:shutdownLeaderElection(121)) - c73c8739-3325-43cd-abe9-6b47c5c175d5: shutdown c73c8739-3325-43cd-abe9-6b47c5c175d5@group-14706BB93390-LeaderElection12
2021-06-21 17:58:40,160 [grpc-default-executor-1] INFO  server.RaftServer$Division (RaftServerImpl.java:requestVote(1074)) - 69c6f520-252c-4e6e-b4eb-24186417fbe1@group-14706BB93390 replies to ELECTION vote request: dcbd47e6-928b-4715-825b-9c1fc4ded717<-69c6f520-252c-4e6e-b4eb-24186417fbe1#0:FAIL-t3. Peer's state: 69c6f520-252c-4e6e-b4eb-24186417fbe1@group-14706BB93390:t3, leader=null, voted=null, raftlog=69c6f520-252c-4e6e-b4eb-24186417fbe1@group-14706BB93390-SegmentedRaftLog:OPENED:c-1,f-1,i0, conf=-1: [69c6f520-252c-4e6e-b4eb-24186417fbe1|rpc:10.1.0.38:46405|priority:1, c73c8739-3325-43cd-abe9-6b47c5c175d5|rpc:10.1.0.38:38205|priority:0, dcbd47e6-928b-4715-825b-9c1fc4ded717|rpc:10.1.0.38:35165|priority:0], old=null
2021-06-21 17:58:40,161 [c73c8739-3325-43cd-abe9-6b47c5c175d5@group-14706BB93390-LeaderElection12] INFO  impl.LeaderElection (LeaderElection.java:run(230)) - c73c8739-3325-43cd-abe9-6b47c5c175d5@group-14706BB93390-LeaderElection12: skip running since this is already CLOSING
2021-06-21 17:58:40,160 [grpc-default-executor-3] INFO  impl.RoleInfo (RoleInfo.java:updateAndGet(130)) - c73c8739-3325-43cd-abe9-6b47c5c175d5: start c73c8739-3325-43cd-abe9-6b47c5c175d5@group-14706BB93390-FollowerState
2021-06-21 17:58:40,164 [dcbd47e6-928b-4715-825b-9c1fc4ded717@group-14706BB93390-LeaderElection11] INFO  impl.LeaderElection (LeaderElection.java:logAndReturn(89)) - dcbd47e6-928b-4715-825b-9c1fc4ded717@group-14706BB93390-LeaderElection11: ELECTION REJECTED received 1 response(s) and 0 exception(s):
2021-06-21 17:58:40,164 [dcbd47e6-928b-4715-825b-9c1fc4ded717@group-14706BB93390-LeaderElection11] INFO  impl.LeaderElection (LeaderElection.java:logAndReturn(93)) -   Response 0: dcbd47e6-928b-4715-825b-9c1fc4ded717<-69c6f520-252c-4e6e-b4eb-24186417fbe1#0:FAIL-t3
2021-06-21 17:58:40,164 [dcbd47e6-928b-4715-825b-9c1fc4ded717@group-14706BB93390-LeaderElection11] INFO  impl.LeaderElection (LeaderElection.java:askForVotes(308)) - dcbd47e6-928b-4715-825b-9c1fc4ded717@group-14706BB93390-LeaderElection11 ELECTION round 0: result REJECTED
2021-06-21 17:58:40,164 [grpc-default-executor-3] INFO  server.RaftServer$Division (RaftServerImpl.java:requestVote(1074)) - c73c8739-3325-43cd-abe9-6b47c5c175d5@group-14706BB93390 replies to ELECTION vote request: dcbd47e6-928b-4715-825b-9c1fc4ded717<-c73c8739-3325-43cd-abe9-6b47c5c175d5#0:OK-t3. Peer's state: c73c8739-3325-43cd-abe9-6b47c5c175d5@group-14706BB93390:t3, leader=null, voted=dcbd47e6-928b-4715-825b-9c1fc4ded717, raftlog=c73c8739-3325-43cd-abe9-6b47c5c175d5@group-14706BB93390-SegmentedRaftLog:OPENED:c-1,f-1,i0, conf=-1: [69c6f520-252c-4e6e-b4eb-24186417fbe1|rpc:10.1.0.38:46405|priority:1, c73c8739-3325-43cd-abe9-6b47c5c175d5|rpc:10.1.0.38:38205|priority:0, dcbd47e6-928b-4715-825b-9c1fc4ded717|rpc:10.1.0.38:35165|priority:0], old=null
2021-06-21 17:58:40,164 [dcbd47e6-928b-4715-825b-9c1fc4ded717@group-14706BB93390-LeaderElection11] INFO  server.RaftServer$Division (RaftServerImpl.java:setRole(284)) - dcbd47e6-928b-4715-825b-9c1fc4ded717@group-14706BB93390: changes role from CANDIDATE to FOLLOWER at term 3 for REJECTED
2021-06-21 17:58:40,165 [dcbd47e6-928b-4715-825b-9c1fc4ded717@group-14706BB93390-LeaderElection11] INFO  impl.RoleInfo (RoleInfo.java:shutdownLeaderElection(121)) - dcbd47e6-928b-4715-825b-9c1fc4ded717: shutdown dcbd47e6-928b-4715-825b-9c1fc4ded717@group-14706BB93390-LeaderElection11
2021-06-21 17:58:40,165 [dcbd47e6-928b-4715-825b-9c1fc4ded717@group-14706BB93390-LeaderElection11] INFO  impl.RoleInfo (RoleInfo.java:updateAndGet(130)) - dcbd47e6-928b-4715-825b-9c1fc4ded717: start dcbd47e6-928b-4715-825b-9c1fc4ded717@group-14706BB93390-FollowerState
2021-06-21 17:58:40,899 [Listener at 127.0.0.1/44351] INFO  ozone.MiniOzoneClusterImpl (MiniOzoneClusterImpl.java:lambda$waitForClusterToBeReady$0(227)) - Nodes are ready. Got 3 of 3 DN Heartbeats.
2021-06-21 17:58:40,900 [Listener at 127.0.0.1/44351] INFO  ozone.MiniOzoneClusterImpl (MiniOzoneClusterImpl.java:lambda$waitForClusterToBeReady$0(230)) - Waiting for cluster to exit safe mode
2021-06-21 17:58:40,900 [Listener at 127.0.0.1/44351] INFO  ozone.MiniOzoneClusterImpl (MiniOzoneClusterImpl.java:lambda$waitForClusterToBeReady$0(232)) - SCM became leader
2021-06-21 17:58:41,900 [Listener at 127.0.0.1/44351] INFO  ozone.MiniOzoneClusterImpl (MiniOzoneClusterImpl.java:lambda$waitForClusterToBeReady$0(227)) - Nodes are ready. Got 3 of 3 DN Heartbeats.
2021-06-21 17:58:41,900 [Listener at 127.0.0.1/44351] INFO  ozone.MiniOzoneClusterImpl (MiniOzoneClusterImpl.java:lambda$waitForClusterToBeReady$0(230)) - Waiting for cluster to exit safe mode
2021-06-21 17:58:41,900 [Listener at 127.0.0.1/44351] INFO  ozone.MiniOzoneClusterImpl (MiniOzoneClusterImpl.java:lambda$waitForClusterToBeReady$0(232)) - SCM became leader
2021-06-21 17:58:42,901 [Listener at 127.0.0.1/44351] INFO  ozone.MiniOzoneClusterImpl (MiniOzoneClusterImpl.java:lambda$waitForClusterToBeReady$0(227)) - Nodes are ready. Got 3 of 3 DN Heartbeats.
2021-06-21 17:58:42,901 [Listener at 127.0.0.1/44351] INFO  ozone.MiniOzoneClusterImpl (MiniOzoneClusterImpl.java:lambda$waitForClusterToBeReady$0(230)) - Waiting for cluster to exit safe mode
2021-06-21 17:58:42,901 [Listener at 127.0.0.1/44351] INFO  ozone.MiniOzoneClusterImpl (MiniOzoneClusterImpl.java:lambda$waitForClusterToBeReady$0(232)) - SCM became leader
2021-06-21 17:58:43,902 [Listener at 127.0.0.1/44351] INFO  ozone.MiniOzoneClusterImpl (MiniOzoneClusterImpl.java:lambda$waitForClusterToBeReady$0(227)) - Nodes are ready. Got 3 of 3 DN Heartbeats.
2021-06-21 17:58:43,902 [Listener at 127.0.0.1/44351] INFO  ozone.MiniOzoneClusterImpl (MiniOzoneClusterImpl.java:lambda$waitForClusterToBeReady$0(230)) - Waiting for cluster to exit safe mode
2021-06-21 17:58:43,902 [Listener at 127.0.0.1/44351] INFO  ozone.MiniOzoneClusterImpl (MiniOzoneClusterImpl.java:lambda$waitForClusterToBeReady$0(232)) - SCM became leader
2021-06-21 17:58:44,902 [Listener at 127.0.0.1/44351] INFO  ozone.MiniOzoneClusterImpl (MiniOzoneClusterImpl.java:lambda$waitForClusterToBeReady$0(227)) - Nodes are ready. Got 3 of 3 DN Heartbeats.
2021-06-21 17:58:44,902 [Listener at 127.0.0.1/44351] INFO  ozone.MiniOzoneClusterImpl (MiniOzoneClusterImpl.java:lambda$waitForClusterToBeReady$0(230)) - Waiting for cluster to exit safe mode
2021-06-21 17:58:44,902 [Listener at 127.0.0.1/44351] INFO  ozone.MiniOzoneClusterImpl (MiniOzoneClusterImpl.java:lambda$waitForClusterToBeReady$0(232)) - SCM became leader
2021-06-21 17:58:45,252 [dcbd47e6-928b-4715-825b-9c1fc4ded717@group-14706BB93390-FollowerState] INFO  impl.FollowerState (FollowerState.java:run(134)) - dcbd47e6-928b-4715-825b-9c1fc4ded717@group-14706BB93390-FollowerState: change to CANDIDATE, lastRpcElapsedTime:5086659011ns, electionTimeout:5083ms
2021-06-21 17:58:45,252 [dcbd47e6-928b-4715-825b-9c1fc4ded717@group-14706BB93390-FollowerState] INFO  impl.RoleInfo (RoleInfo.java:shutdownFollowerState(108)) - dcbd47e6-928b-4715-825b-9c1fc4ded717: shutdown dcbd47e6-928b-4715-825b-9c1fc4ded717@group-14706BB93390-FollowerState
2021-06-21 17:58:45,252 [dcbd47e6-928b-4715-825b-9c1fc4ded717@group-14706BB93390-FollowerState] INFO  server.RaftServer$Division (RaftServerImpl.java:setRole(284)) - dcbd47e6-928b-4715-825b-9c1fc4ded717@group-14706BB93390: changes role from  FOLLOWER to CANDIDATE at term 3 for changeToCandidate
2021-06-21 17:58:45,252 [dcbd47e6-928b-4715-825b-9c1fc4ded717@group-14706BB93390-FollowerState] INFO  server.RaftServerConfigKeys (ConfUtils.java:logGet(44)) - raft.server.leaderelection.pre-vote = false (custom)
2021-06-21 17:58:45,253 [dcbd47e6-928b-4715-825b-9c1fc4ded717@group-14706BB93390-FollowerState] INFO  impl.RoleInfo (RoleInfo.java:updateAndGet(130)) - dcbd47e6-928b-4715-825b-9c1fc4ded717: start dcbd47e6-928b-4715-825b-9c1fc4ded717@group-14706BB93390-LeaderElection13
2021-06-21 17:58:45,255 [dcbd47e6-928b-4715-825b-9c1fc4ded717@group-14706BB93390-LeaderElection13] INFO  impl.LeaderElection (LeaderElection.java:askForVotes(306)) - dcbd47e6-928b-4715-825b-9c1fc4ded717@group-14706BB93390-LeaderElection13 ELECTION round 0: submit vote requests at term 4 for -1: [69c6f520-252c-4e6e-b4eb-24186417fbe1|rpc:10.1.0.38:46405|priority:1, c73c8739-3325-43cd-abe9-6b47c5c175d5|rpc:10.1.0.38:38205|priority:0, dcbd47e6-928b-4715-825b-9c1fc4ded717|rpc:10.1.0.38:35165|priority:0], old=null
2021-06-21 17:58:45,259 [grpc-default-executor-3] INFO  server.RaftServer$Division (RaftServerImpl.java:requestVote(1042)) - c73c8739-3325-43cd-abe9-6b47c5c175d5@group-14706BB93390: receive requestVote(ELECTION, dcbd47e6-928b-4715-825b-9c1fc4ded717, group-14706BB93390, 4, (t:0, i:0))
2021-06-21 17:58:45,259 [grpc-default-executor-3] INFO  impl.VoteContext (VoteContext.java:log(48)) - c73c8739-3325-43cd-abe9-6b47c5c175d5@group-14706BB93390-FOLLOWER: accept ELECTION from dcbd47e6-928b-4715-825b-9c1fc4ded717: our priority 0 <= candidate's priority 0
2021-06-21 17:58:45,259 [grpc-default-executor-3] INFO  server.RaftServer$Division (RaftServerImpl.java:setRole(284)) - c73c8739-3325-43cd-abe9-6b47c5c175d5@group-14706BB93390: changes role from  FOLLOWER to FOLLOWER at term 4 for candidate:dcbd47e6-928b-4715-825b-9c1fc4ded717
2021-06-21 17:58:45,259 [grpc-default-executor-3] INFO  impl.RoleInfo (RoleInfo.java:shutdownFollowerState(108)) - c73c8739-3325-43cd-abe9-6b47c5c175d5: shutdown c73c8739-3325-43cd-abe9-6b47c5c175d5@group-14706BB93390-FollowerState
2021-06-21 17:58:45,260 [grpc-default-executor-3] INFO  impl.RoleInfo (RoleInfo.java:updateAndGet(130)) - c73c8739-3325-43cd-abe9-6b47c5c175d5: start c73c8739-3325-43cd-abe9-6b47c5c175d5@group-14706BB93390-FollowerState
2021-06-21 17:58:45,260 [c73c8739-3325-43cd-abe9-6b47c5c175d5@group-14706BB93390-FollowerState] INFO  impl.FollowerState (FollowerState.java:run(143)) - c73c8739-3325-43cd-abe9-6b47c5c175d5@group-14706BB93390-FollowerState was interrupted: {}
java.lang.InterruptedException: sleep interrupted
	at java.lang.Thread.sleep(Native Method)
	at java.lang.Thread.sleep(Thread.java:340)
	at java.util.concurrent.TimeUnit.sleep(TimeUnit.java:386)
	at org.apache.ratis.util.TimeDuration.sleep(TimeDuration.java:324)
	at org.apache.ratis.util.TimeDuration.sleep(TimeDuration.java:309)
	at org.apache.ratis.server.impl.FollowerState.run(FollowerState.java:118)
2021-06-21 17:58:45,261 [grpc-default-executor-3] INFO  server.RaftServer$Division (RaftServerImpl.java:requestVote(1074)) - c73c8739-3325-43cd-abe9-6b47c5c175d5@group-14706BB93390 replies to ELECTION vote request: dcbd47e6-928b-4715-825b-9c1fc4ded717<-c73c8739-3325-43cd-abe9-6b47c5c175d5#0:OK-t4. Peer's state: c73c8739-3325-43cd-abe9-6b47c5c175d5@group-14706BB93390:t4, leader=null, voted=dcbd47e6-928b-4715-825b-9c1fc4ded717, raftlog=c73c8739-3325-43cd-abe9-6b47c5c175d5@group-14706BB93390-SegmentedRaftLog:OPENED:c-1,f-1,i0, conf=-1: [69c6f520-252c-4e6e-b4eb-24186417fbe1|rpc:10.1.0.38:46405|priority:1, c73c8739-3325-43cd-abe9-6b47c5c175d5|rpc:10.1.0.38:38205|priority:0, dcbd47e6-928b-4715-825b-9c1fc4ded717|rpc:10.1.0.38:35165|priority:0], old=null
2021-06-21 17:58:45,264 [grpc-default-executor-1] INFO  server.RaftServer$Division (RaftServerImpl.java:requestVote(1042)) - 69c6f520-252c-4e6e-b4eb-24186417fbe1@group-14706BB93390: receive requestVote(ELECTION, dcbd47e6-928b-4715-825b-9c1fc4ded717, group-14706BB93390, 4, (t:0, i:0))
2021-06-21 17:58:45,264 [grpc-default-executor-1] INFO  impl.VoteContext (VoteContext.java:log(48)) - 69c6f520-252c-4e6e-b4eb-24186417fbe1@group-14706BB93390-FOLLOWER: reject ELECTION from dcbd47e6-928b-4715-825b-9c1fc4ded717: our priority 1 > candidate's priority 0
2021-06-21 17:58:45,264 [grpc-default-executor-1] INFO  server.RaftServer$Division (RaftServerImpl.java:setRole(284)) - 69c6f520-252c-4e6e-b4eb-24186417fbe1@group-14706BB93390: changes role from  FOLLOWER to FOLLOWER at term 4 for candidate:dcbd47e6-928b-4715-825b-9c1fc4ded717
2021-06-21 17:58:45,265 [grpc-default-executor-1] INFO  impl.RoleInfo (RoleInfo.java:shutdownFollowerState(108)) - 69c6f520-252c-4e6e-b4eb-24186417fbe1: shutdown 69c6f520-252c-4e6e-b4eb-24186417fbe1@group-14706BB93390-FollowerState
2021-06-21 17:58:45,265 [grpc-default-executor-1] INFO  impl.RoleInfo (RoleInfo.java:updateAndGet(130)) - 69c6f520-252c-4e6e-b4eb-24186417fbe1: start 69c6f520-252c-4e6e-b4eb-24186417fbe1@group-14706BB93390-FollowerState
2021-06-21 17:58:45,265 [69c6f520-252c-4e6e-b4eb-24186417fbe1@group-14706BB93390-FollowerState] INFO  impl.FollowerState (FollowerState.java:run(143)) - 69c6f520-252c-4e6e-b4eb-24186417fbe1@group-14706BB93390-FollowerState was interrupted: {}
java.lang.InterruptedException: sleep interrupted
	at java.lang.Thread.sleep(Native Method)
	at java.lang.Thread.sleep(Thread.java:340)
	at java.util.concurrent.TimeUnit.sleep(TimeUnit.java:386)
	at org.apache.ratis.util.TimeDuration.sleep(TimeDuration.java:324)
	at org.apache.ratis.util.TimeDuration.sleep(TimeDuration.java:309)
	at org.apache.ratis.server.impl.FollowerState.run(FollowerState.java:118)
2021-06-21 17:58:45,267 [grpc-default-executor-1] INFO  server.RaftServer$Division (RaftServerImpl.java:requestVote(1074)) - 69c6f520-252c-4e6e-b4eb-24186417fbe1@group-14706BB93390 replies to ELECTION vote request: dcbd47e6-928b-4715-825b-9c1fc4ded717<-69c6f520-252c-4e6e-b4eb-24186417fbe1#0:FAIL-t4. Peer's state: 69c6f520-252c-4e6e-b4eb-24186417fbe1@group-14706BB93390:t4, leader=null, voted=null, raftlog=69c6f520-252c-4e6e-b4eb-24186417fbe1@group-14706BB93390-SegmentedRaftLog:OPENED:c-1,f-1,i0, conf=-1: [69c6f520-252c-4e6e-b4eb-24186417fbe1|rpc:10.1.0.38:46405|priority:1, c73c8739-3325-43cd-abe9-6b47c5c175d5|rpc:10.1.0.38:38205|priority:0, dcbd47e6-928b-4715-825b-9c1fc4ded717|rpc:10.1.0.38:35165|priority:0], old=null
2021-06-21 17:58:45,269 [dcbd47e6-928b-4715-825b-9c1fc4ded717@group-14706BB93390-LeaderElection13] INFO  impl.LeaderElection (LeaderElection.java:logAndReturn(89)) - dcbd47e6-928b-4715-825b-9c1fc4ded717@group-14706BB93390-LeaderElection13: ELECTION REJECTED received 2 response(s) and 0 exception(s):
2021-06-21 17:58:45,269 [dcbd47e6-928b-4715-825b-9c1fc4ded717@group-14706BB93390-LeaderElection13] INFO  impl.LeaderElection (LeaderElection.java:logAndReturn(93)) -   Response 0: dcbd47e6-928b-4715-825b-9c1fc4ded717<-69c6f520-252c-4e6e-b4eb-24186417fbe1#0:FAIL-t4
2021-06-21 17:58:45,269 [dcbd47e6-928b-4715-825b-9c1fc4ded717@group-14706BB93390-LeaderElection13] INFO  impl.LeaderElection (LeaderElection.java:logAndReturn(93)) -   Response 1: dcbd47e6-928b-4715-825b-9c1fc4ded717<-c73c8739-3325-43cd-abe9-6b47c5c175d5#0:OK-t4
2021-06-21 17:58:45,269 [dcbd47e6-928b-4715-825b-9c1fc4ded717@group-14706BB93390-LeaderElection13] INFO  impl.LeaderElection (LeaderElection.java:askForVotes(308)) - dcbd47e6-928b-4715-825b-9c1fc4ded717@group-14706BB93390-LeaderElection13 ELECTION round 0: result REJECTED
2021-06-21 17:58:45,269 [dcbd47e6-928b-4715-825b-9c1fc4ded717@group-14706BB93390-LeaderElection13] INFO  server.RaftServer$Division (RaftServerImpl.java:setRole(284)) - dcbd47e6-928b-4715-825b-9c1fc4ded717@group-14706BB93390: changes role from CANDIDATE to FOLLOWER at term 4 for REJECTED
2021-06-21 17:58:45,269 [dcbd47e6-928b-4715-825b-9c1fc4ded717@group-14706BB93390-LeaderElection13] INFO  impl.RoleInfo (RoleInfo.java:shutdownLeaderElection(121)) - dcbd47e6-928b-4715-825b-9c1fc4ded717: shutdown dcbd47e6-928b-4715-825b-9c1fc4ded717@group-14706BB93390-LeaderElection13
2021-06-21 17:58:45,269 [dcbd47e6-928b-4715-825b-9c1fc4ded717@group-14706BB93390-LeaderElection13] INFO  impl.RoleInfo (RoleInfo.java:updateAndGet(130)) - dcbd47e6-928b-4715-825b-9c1fc4ded717: start dcbd47e6-928b-4715-825b-9c1fc4ded717@group-14706BB93390-FollowerState
2021-06-21 17:58:45,902 [Listener at 127.0.0.1/44351] INFO  ozone.MiniOzoneClusterImpl (MiniOzoneClusterImpl.java:lambda$waitForClusterToBeReady$0(227)) - Nodes are ready. Got 3 of 3 DN Heartbeats.
2021-06-21 17:58:45,903 [Listener at 127.0.0.1/44351] INFO  ozone.MiniOzoneClusterImpl (MiniOzoneClusterImpl.java:lambda$waitForClusterToBeReady$0(230)) - Waiting for cluster to exit safe mode
2021-06-21 17:58:45,903 [Listener at 127.0.0.1/44351] INFO  ozone.MiniOzoneClusterImpl (MiniOzoneClusterImpl.java:lambda$waitForClusterToBeReady$0(232)) - SCM became leader
2021-06-21 17:58:46,904 [Listener at 127.0.0.1/44351] INFO  ozone.MiniOzoneClusterImpl (MiniOzoneClusterImpl.java:lambda$waitForClusterToBeReady$0(227)) - Nodes are ready. Got 3 of 3 DN Heartbeats.
2021-06-21 17:58:46,904 [Listener at 127.0.0.1/44351] INFO  ozone.MiniOzoneClusterImpl (MiniOzoneClusterImpl.java:lambda$waitForClusterToBeReady$0(230)) - Waiting for cluster to exit safe mode
2021-06-21 17:58:46,904 [Listener at 127.0.0.1/44351] INFO  ozone.MiniOzoneClusterImpl (MiniOzoneClusterImpl.java:lambda$waitForClusterToBeReady$0(232)) - SCM became leader
2021-06-21 17:58:47,904 [Listener at 127.0.0.1/44351] INFO  ozone.MiniOzoneClusterImpl (MiniOzoneClusterImpl.java:lambda$waitForClusterToBeReady$0(227)) - Nodes are ready. Got 3 of 3 DN Heartbeats.
2021-06-21 17:58:47,904 [Listener at 127.0.0.1/44351] INFO  ozone.MiniOzoneClusterImpl (MiniOzoneClusterImpl.java:lambda$waitForClusterToBeReady$0(230)) - Waiting for cluster to exit safe mode
2021-06-21 17:58:47,904 [Listener at 127.0.0.1/44351] INFO  ozone.MiniOzoneClusterImpl (MiniOzoneClusterImpl.java:lambda$waitForClusterToBeReady$0(232)) - SCM became leader
2021-06-21 17:58:48,905 [Listener at 127.0.0.1/44351] INFO  ozone.MiniOzoneClusterImpl (MiniOzoneClusterImpl.java:lambda$waitForClusterToBeReady$0(227)) - Nodes are ready. Got 3 of 3 DN Heartbeats.
2021-06-21 17:58:48,905 [Listener at 127.0.0.1/44351] INFO  ozone.MiniOzoneClusterImpl (MiniOzoneClusterImpl.java:lambda$waitForClusterToBeReady$0(230)) - Waiting for cluster to exit safe mode
2021-06-21 17:58:48,905 [Listener at 127.0.0.1/44351] INFO  ozone.MiniOzoneClusterImpl (MiniOzoneClusterImpl.java:lambda$waitForClusterToBeReady$0(232)) - SCM became leader
2021-06-21 17:58:49,905 [Listener at 127.0.0.1/44351] INFO  ozone.MiniOzoneClusterImpl (MiniOzoneClusterImpl.java:lambda$waitForClusterToBeReady$0(227)) - Nodes are ready. Got 3 of 3 DN Heartbeats.
2021-06-21 17:58:49,905 [Listener at 127.0.0.1/44351] INFO  ozone.MiniOzoneClusterImpl (MiniOzoneClusterImpl.java:lambda$waitForClusterToBeReady$0(230)) - Waiting for cluster to exit safe mode
2021-06-21 17:58:49,905 [Listener at 127.0.0.1/44351] INFO  ozone.MiniOzoneClusterImpl (MiniOzoneClusterImpl.java:lambda$waitForClusterToBeReady$0(232)) - SCM became leader
2021-06-21 17:58:50,394 [dcbd47e6-928b-4715-825b-9c1fc4ded717@group-14706BB93390-FollowerState] INFO  impl.FollowerState (FollowerState.java:run(134)) - dcbd47e6-928b-4715-825b-9c1fc4ded717@group-14706BB93390-FollowerState: change to CANDIDATE, lastRpcElapsedTime:5124959018ns, electionTimeout:5116ms
2021-06-21 17:58:50,394 [dcbd47e6-928b-4715-825b-9c1fc4ded717@group-14706BB93390-FollowerState] INFO  impl.RoleInfo (RoleInfo.java:shutdownFollowerState(108)) - dcbd47e6-928b-4715-825b-9c1fc4ded717: shutdown dcbd47e6-928b-4715-825b-9c1fc4ded717@group-14706BB93390-FollowerState
2021-06-21 17:58:50,394 [dcbd47e6-928b-4715-825b-9c1fc4ded717@group-14706BB93390-FollowerState] INFO  server.RaftServer$Division (RaftServerImpl.java:setRole(284)) - dcbd47e6-928b-4715-825b-9c1fc4ded717@group-14706BB93390: changes role from  FOLLOWER to CANDIDATE at term 4 for changeToCandidate
2021-06-21 17:58:50,394 [dcbd47e6-928b-4715-825b-9c1fc4ded717@group-14706BB93390-FollowerState] INFO  server.RaftServerConfigKeys (ConfUtils.java:logGet(44)) - raft.server.leaderelection.pre-vote = false (custom)
2021-06-21 17:58:50,394 [dcbd47e6-928b-4715-825b-9c1fc4ded717@group-14706BB93390-FollowerState] INFO  impl.RoleInfo (RoleInfo.java:updateAndGet(130)) - dcbd47e6-928b-4715-825b-9c1fc4ded717: start dcbd47e6-928b-4715-825b-9c1fc4ded717@group-14706BB93390-LeaderElection14
2021-06-21 17:58:50,397 [dcbd47e6-928b-4715-825b-9c1fc4ded717@group-14706BB93390-LeaderElection14] INFO  impl.LeaderElection (LeaderElection.java:askForVotes(306)) - dcbd47e6-928b-4715-825b-9c1fc4ded717@group-14706BB93390-LeaderElection14 ELECTION round 0: submit vote requests at term 5 for -1: [69c6f520-252c-4e6e-b4eb-24186417fbe1|rpc:10.1.0.38:46405|priority:1, c73c8739-3325-43cd-abe9-6b47c5c175d5|rpc:10.1.0.38:38205|priority:0, dcbd47e6-928b-4715-825b-9c1fc4ded717|rpc:10.1.0.38:35165|priority:0], old=null
2021-06-21 17:58:50,400 [grpc-default-executor-1] INFO  server.RaftServer$Division (RaftServerImpl.java:requestVote(1042)) - c73c8739-3325-43cd-abe9-6b47c5c175d5@group-14706BB93390: receive requestVote(ELECTION, dcbd47e6-928b-4715-825b-9c1fc4ded717, group-14706BB93390, 5, (t:0, i:0))
2021-06-21 17:58:50,400 [grpc-default-executor-1] INFO  impl.VoteContext (VoteContext.java:log(48)) - c73c8739-3325-43cd-abe9-6b47c5c175d5@group-14706BB93390-FOLLOWER: accept ELECTION from dcbd47e6-928b-4715-825b-9c1fc4ded717: our priority 0 <= candidate's priority 0
2021-06-21 17:58:50,400 [grpc-default-executor-1] INFO  server.RaftServer$Division (RaftServerImpl.java:setRole(284)) - c73c8739-3325-43cd-abe9-6b47c5c175d5@group-14706BB93390: changes role from  FOLLOWER to FOLLOWER at term 5 for candidate:dcbd47e6-928b-4715-825b-9c1fc4ded717
2021-06-21 17:58:50,400 [grpc-default-executor-1] INFO  impl.RoleInfo (RoleInfo.java:shutdownFollowerState(108)) - c73c8739-3325-43cd-abe9-6b47c5c175d5: shutdown c73c8739-3325-43cd-abe9-6b47c5c175d5@group-14706BB93390-FollowerState
2021-06-21 17:58:50,401 [grpc-default-executor-1] INFO  impl.RoleInfo (RoleInfo.java:updateAndGet(130)) - c73c8739-3325-43cd-abe9-6b47c5c175d5: start c73c8739-3325-43cd-abe9-6b47c5c175d5@group-14706BB93390-FollowerState
2021-06-21 17:58:50,407 [grpc-default-executor-1] INFO  server.RaftServer$Division (RaftServerImpl.java:requestVote(1074)) - c73c8739-3325-43cd-abe9-6b47c5c175d5@group-14706BB93390 replies to ELECTION vote request: dcbd47e6-928b-4715-825b-9c1fc4ded717<-c73c8739-3325-43cd-abe9-6b47c5c175d5#0:OK-t5. Peer's state: c73c8739-3325-43cd-abe9-6b47c5c175d5@group-14706BB93390:t5, leader=null, voted=dcbd47e6-928b-4715-825b-9c1fc4ded717, raftlog=c73c8739-3325-43cd-abe9-6b47c5c175d5@group-14706BB93390-SegmentedRaftLog:OPENED:c-1,f-1,i0, conf=-1: [69c6f520-252c-4e6e-b4eb-24186417fbe1|rpc:10.1.0.38:46405|priority:1, c73c8739-3325-43cd-abe9-6b47c5c175d5|rpc:10.1.0.38:38205|priority:0, dcbd47e6-928b-4715-825b-9c1fc4ded717|rpc:10.1.0.38:35165|priority:0], old=null
2021-06-21 17:58:50,407 [c73c8739-3325-43cd-abe9-6b47c5c175d5@group-14706BB93390-FollowerState] INFO  impl.FollowerState (FollowerState.java:run(143)) - c73c8739-3325-43cd-abe9-6b47c5c175d5@group-14706BB93390-FollowerState was interrupted: {}
java.lang.InterruptedException: sleep interrupted
	at java.lang.Thread.sleep(Native Method)
	at java.lang.Thread.sleep(Thread.java:340)
	at java.util.concurrent.TimeUnit.sleep(TimeUnit.java:386)
	at org.apache.ratis.util.TimeDuration.sleep(TimeDuration.java:324)
	at org.apache.ratis.util.TimeDuration.sleep(TimeDuration.java:309)
	at org.apache.ratis.server.impl.FollowerState.run(FollowerState.java:118)
2021-06-21 17:58:50,408 [grpc-default-executor-3] INFO  server.RaftServer$Division (RaftServerImpl.java:requestVote(1042)) - 69c6f520-252c-4e6e-b4eb-24186417fbe1@group-14706BB93390: receive requestVote(ELECTION, dcbd47e6-928b-4715-825b-9c1fc4ded717, group-14706BB93390, 5, (t:0, i:0))
2021-06-21 17:58:50,410 [grpc-default-executor-3] INFO  impl.VoteContext (VoteContext.java:log(48)) - 69c6f520-252c-4e6e-b4eb-24186417fbe1@group-14706BB93390-FOLLOWER: reject ELECTION from dcbd47e6-928b-4715-825b-9c1fc4ded717: our priority 1 > candidate's priority 0
2021-06-21 17:58:50,410 [grpc-default-executor-3] INFO  server.RaftServer$Division (RaftServerImpl.java:setRole(284)) - 69c6f520-252c-4e6e-b4eb-24186417fbe1@group-14706BB93390: changes role from  FOLLOWER to FOLLOWER at term 5 for candidate:dcbd47e6-928b-4715-825b-9c1fc4ded717
2021-06-21 17:58:50,410 [grpc-default-executor-3] INFO  impl.RoleInfo (RoleInfo.java:shutdownFollowerState(108)) - 69c6f520-252c-4e6e-b4eb-24186417fbe1: shutdown 69c6f520-252c-4e6e-b4eb-24186417fbe1@group-14706BB93390-FollowerState
2021-06-21 17:58:50,410 [grpc-default-executor-3] INFO  impl.RoleInfo (RoleInfo.java:updateAndGet(130)) - 69c6f520-252c-4e6e-b4eb-24186417fbe1: start 69c6f520-252c-4e6e-b4eb-24186417fbe1@group-14706BB93390-FollowerState
2021-06-21 17:58:50,410 [69c6f520-252c-4e6e-b4eb-24186417fbe1@group-14706BB93390-FollowerState] INFO  impl.FollowerState (FollowerState.java:run(143)) - 69c6f520-252c-4e6e-b4eb-24186417fbe1@group-14706BB93390-FollowerState was interrupted: {}
java.lang.InterruptedException: sleep interrupted
	at java.lang.Thread.sleep(Native Method)
	at java.lang.Thread.sleep(Thread.java:340)
	at java.util.concurrent.TimeUnit.sleep(TimeUnit.java:386)
	at org.apache.ratis.util.TimeDuration.sleep(TimeDuration.java:324)
	at org.apache.ratis.util.TimeDuration.sleep(TimeDuration.java:309)
	at org.apache.ratis.server.impl.FollowerState.run(FollowerState.java:118)
2021-06-21 17:58:50,412 [grpc-default-executor-3] INFO  server.RaftServer$Division (RaftServerImpl.java:requestVote(1074)) - 69c6f520-252c-4e6e-b4eb-24186417fbe1@group-14706BB93390 replies to ELECTION vote request: dcbd47e6-928b-4715-825b-9c1fc4ded717<-69c6f520-252c-4e6e-b4eb-24186417fbe1#0:FAIL-t5. Peer's state: 69c6f520-252c-4e6e-b4eb-24186417fbe1@group-14706BB93390:t5, leader=null, voted=null, raftlog=69c6f520-252c-4e6e-b4eb-24186417fbe1@group-14706BB93390-SegmentedRaftLog:OPENED:c-1,f-1,i0, conf=-1: [69c6f520-252c-4e6e-b4eb-24186417fbe1|rpc:10.1.0.38:46405|priority:1, c73c8739-3325-43cd-abe9-6b47c5c175d5|rpc:10.1.0.38:38205|priority:0, dcbd47e6-928b-4715-825b-9c1fc4ded717|rpc:10.1.0.38:35165|priority:0], old=null
2021-06-21 17:58:50,413 [dcbd47e6-928b-4715-825b-9c1fc4ded717@group-14706BB93390-LeaderElection14] INFO  impl.LeaderElection (LeaderElection.java:logAndReturn(89)) - dcbd47e6-928b-4715-825b-9c1fc4ded717@group-14706BB93390-LeaderElection14: ELECTION REJECTED received 2 response(s) and 0 exception(s):
2021-06-21 17:58:50,413 [dcbd47e6-928b-4715-825b-9c1fc4ded717@group-14706BB93390-LeaderElection14] INFO  impl.LeaderElection (LeaderElection.java:logAndReturn(93)) -   Response 0: dcbd47e6-928b-4715-825b-9c1fc4ded717<-69c6f520-252c-4e6e-b4eb-24186417fbe1#0:FAIL-t5
2021-06-21 17:58:50,413 [dcbd47e6-928b-4715-825b-9c1fc4ded717@group-14706BB93390-LeaderElection14] INFO  impl.LeaderElection (LeaderElection.java:logAndReturn(93)) -   Response 1: dcbd47e6-928b-4715-825b-9c1fc4ded717<-c73c8739-3325-43cd-abe9-6b47c5c175d5#0:OK-t5
2021-06-21 17:58:50,413 [dcbd47e6-928b-4715-825b-9c1fc4ded717@group-14706BB93390-LeaderElection14] INFO  impl.LeaderElection (LeaderElection.java:askForVotes(308)) - dcbd47e6-928b-4715-825b-9c1fc4ded717@group-14706BB93390-LeaderElection14 ELECTION round 0: result REJECTED
2021-06-21 17:58:50,413 [dcbd47e6-928b-4715-825b-9c1fc4ded717@group-14706BB93390-LeaderElection14] INFO  server.RaftServer$Division (RaftServerImpl.java:setRole(284)) - dcbd47e6-928b-4715-825b-9c1fc4ded717@group-14706BB93390: changes role from CANDIDATE to FOLLOWER at term 5 for REJECTED
2021-06-21 17:58:50,413 [dcbd47e6-928b-4715-825b-9c1fc4ded717@group-14706BB93390-LeaderElection14] INFO  impl.RoleInfo (RoleInfo.java:shutdownLeaderElection(121)) - dcbd47e6-928b-4715-825b-9c1fc4ded717: shutdown dcbd47e6-928b-4715-825b-9c1fc4ded717@group-14706BB93390-LeaderElection14
2021-06-21 17:58:50,413 [dcbd47e6-928b-4715-825b-9c1fc4ded717@group-14706BB93390-LeaderElection14] INFO  impl.RoleInfo (RoleInfo.java:updateAndGet(130)) - dcbd47e6-928b-4715-825b-9c1fc4ded717: start dcbd47e6-928b-4715-825b-9c1fc4ded717@group-14706BB93390-FollowerState
2021-06-21 17:58:50,906 [Listener at 127.0.0.1/44351] INFO  ozone.MiniOzoneClusterImpl (MiniOzoneClusterImpl.java:lambda$waitForClusterToBeReady$0(227)) - Nodes are ready. Got 3 of 3 DN Heartbeats.
2021-06-21 17:58:50,906 [Listener at 127.0.0.1/44351] INFO  ozone.MiniOzoneClusterImpl (MiniOzoneClusterImpl.java:lambda$waitForClusterToBeReady$0(230)) - Waiting for cluster to exit safe mode
2021-06-21 17:58:50,907 [Listener at 127.0.0.1/44351] INFO  ozone.MiniOzoneClusterImpl (MiniOzoneClusterImpl.java:lambda$waitForClusterToBeReady$0(232)) - SCM became leader
2021-06-21 17:58:51,907 [Listener at 127.0.0.1/44351] INFO  ozone.MiniOzoneClusterImpl (MiniOzoneClusterImpl.java:lambda$waitForClusterToBeReady$0(227)) - Nodes are ready. Got 3 of 3 DN Heartbeats.
2021-06-21 17:58:51,907 [Listener at 127.0.0.1/44351] INFO  ozone.MiniOzoneClusterImpl (MiniOzoneClusterImpl.java:lambda$waitForClusterToBeReady$0(230)) - Waiting for cluster to exit safe mode
2021-06-21 17:58:51,907 [Listener at 127.0.0.1/44351] INFO  ozone.MiniOzoneClusterImpl (MiniOzoneClusterImpl.java:lambda$waitForClusterToBeReady$0(232)) - SCM became leader
2021-06-21 17:58:52,908 [Listener at 127.0.0.1/44351] INFO  ozone.MiniOzoneClusterImpl (MiniOzoneClusterImpl.java:lambda$waitForClusterToBeReady$0(227)) - Nodes are ready. Got 3 of 3 DN Heartbeats.
2021-06-21 17:58:52,908 [Listener at 127.0.0.1/44351] INFO  ozone.MiniOzoneClusterImpl (MiniOzoneClusterImpl.java:lambda$waitForClusterToBeReady$0(230)) - Waiting for cluster to exit safe mode
2021-06-21 17:58:52,908 [Listener at 127.0.0.1/44351] INFO  ozone.MiniOzoneClusterImpl (MiniOzoneClusterImpl.java:lambda$waitForClusterToBeReady$0(232)) - SCM became leader
2021-06-21 17:58:53,908 [Listener at 127.0.0.1/44351] INFO  ozone.MiniOzoneClusterImpl (MiniOzoneClusterImpl.java:lambda$waitForClusterToBeReady$0(227)) - Nodes are ready. Got 3 of 3 DN Heartbeats.
2021-06-21 17:58:53,908 [Listener at 127.0.0.1/44351] INFO  ozone.MiniOzoneClusterImpl (MiniOzoneClusterImpl.java:lambda$waitForClusterToBeReady$0(230)) - Waiting for cluster to exit safe mode
2021-06-21 17:58:53,908 [Listener at 127.0.0.1/44351] INFO  ozone.MiniOzoneClusterImpl (MiniOzoneClusterImpl.java:lambda$waitForClusterToBeReady$0(232)) - SCM became leader
2021-06-21 17:58:54,908 [Listener at 127.0.0.1/44351] INFO  ozone.MiniOzoneClusterImpl (MiniOzoneClusterImpl.java:lambda$waitForClusterToBeReady$0(227)) - Nodes are ready. Got 3 of 3 DN Heartbeats.
2021-06-21 17:58:54,909 [Listener at 127.0.0.1/44351] INFO  ozone.MiniOzoneClusterImpl (MiniOzoneClusterImpl.java:lambda$waitForClusterToBeReady$0(230)) - Waiting for cluster to exit safe mode
2021-06-21 17:58:54,909 [Listener at 127.0.0.1/44351] INFO  ozone.MiniOzoneClusterImpl (MiniOzoneClusterImpl.java:lambda$waitForClusterToBeReady$0(232)) - SCM became leader
2021-06-21 17:58:55,436 [dcbd47e6-928b-4715-825b-9c1fc4ded717@group-14706BB93390-FollowerState] INFO  impl.FollowerState (FollowerState.java:run(134)) - dcbd47e6-928b-4715-825b-9c1fc4ded717@group-14706BB93390-FollowerState: change to CANDIDATE, lastRpcElapsedTime:5022579757ns, electionTimeout:5018ms
2021-06-21 17:58:55,436 [dcbd47e6-928b-4715-825b-9c1fc4ded717@group-14706BB93390-FollowerState] INFO  impl.RoleInfo (RoleInfo.java:shutdownFollowerState(108)) - dcbd47e6-928b-4715-825b-9c1fc4ded717: shutdown dcbd47e6-928b-4715-825b-9c1fc4ded717@group-14706BB93390-FollowerState
2021-06-21 17:58:55,436 [dcbd47e6-928b-4715-825b-9c1fc4ded717@group-14706BB93390-FollowerState] INFO  server.RaftServer$Division (RaftServerImpl.java:setRole(284)) - dcbd47e6-928b-4715-825b-9c1fc4ded717@group-14706BB93390: changes role from  FOLLOWER to CANDIDATE at term 5 for changeToCandidate
2021-06-21 17:58:55,436 [dcbd47e6-928b-4715-825b-9c1fc4ded717@group-14706BB93390-FollowerState] INFO  server.RaftServerConfigKeys (ConfUtils.java:logGet(44)) - raft.server.leaderelection.pre-vote = false (custom)
2021-06-21 17:58:55,436 [dcbd47e6-928b-4715-825b-9c1fc4ded717@group-14706BB93390-FollowerState] INFO  impl.RoleInfo (RoleInfo.java:updateAndGet(130)) - dcbd47e6-928b-4715-825b-9c1fc4ded717: start dcbd47e6-928b-4715-825b-9c1fc4ded717@group-14706BB93390-LeaderElection15
2021-06-21 17:58:55,439 [dcbd47e6-928b-4715-825b-9c1fc4ded717@group-14706BB93390-LeaderElection15] INFO  impl.LeaderElection (LeaderElection.java:askForVotes(306)) - dcbd47e6-928b-4715-825b-9c1fc4ded717@group-14706BB93390-LeaderElection15 ELECTION round 0: submit vote requests at term 6 for -1: [69c6f520-252c-4e6e-b4eb-24186417fbe1|rpc:10.1.0.38:46405|priority:1, c73c8739-3325-43cd-abe9-6b47c5c175d5|rpc:10.1.0.38:38205|priority:0, dcbd47e6-928b-4715-825b-9c1fc4ded717|rpc:10.1.0.38:35165|priority:0], old=null
2021-06-21 17:58:55,446 [grpc-default-executor-3] INFO  server.RaftServer$Division (RaftServerImpl.java:requestVote(1042)) - 69c6f520-252c-4e6e-b4eb-24186417fbe1@group-14706BB93390: receive requestVote(ELECTION, dcbd47e6-928b-4715-825b-9c1fc4ded717, group-14706BB93390, 6, (t:0, i:0))
2021-06-21 17:58:55,446 [grpc-default-executor-3] INFO  impl.VoteContext (VoteContext.java:log(48)) - 69c6f520-252c-4e6e-b4eb-24186417fbe1@group-14706BB93390-FOLLOWER: reject ELECTION from dcbd47e6-928b-4715-825b-9c1fc4ded717: our priority 1 > candidate's priority 0
2021-06-21 17:58:55,446 [grpc-default-executor-3] INFO  server.RaftServer$Division (RaftServerImpl.java:setRole(284)) - 69c6f520-252c-4e6e-b4eb-24186417fbe1@group-14706BB93390: changes role from  FOLLOWER to FOLLOWER at term 6 for candidate:dcbd47e6-928b-4715-825b-9c1fc4ded717
2021-06-21 17:58:55,446 [grpc-default-executor-3] INFO  impl.RoleInfo (RoleInfo.java:shutdownFollowerState(108)) - 69c6f520-252c-4e6e-b4eb-24186417fbe1: shutdown 69c6f520-252c-4e6e-b4eb-24186417fbe1@group-14706BB93390-FollowerState
2021-06-21 17:58:55,446 [grpc-default-executor-3] INFO  impl.RoleInfo (RoleInfo.java:updateAndGet(130)) - 69c6f520-252c-4e6e-b4eb-24186417fbe1: start 69c6f520-252c-4e6e-b4eb-24186417fbe1@group-14706BB93390-FollowerState
2021-06-21 17:58:55,446 [69c6f520-252c-4e6e-b4eb-24186417fbe1@group-14706BB93390-FollowerState] INFO  impl.FollowerState (FollowerState.java:run(143)) - 69c6f520-252c-4e6e-b4eb-24186417fbe1@group-14706BB93390-FollowerState was interrupted: {}
java.lang.InterruptedException: sleep interrupted
	at java.lang.Thread.sleep(Native Method)
	at java.lang.Thread.sleep(Thread.java:340)
	at java.util.concurrent.TimeUnit.sleep(TimeUnit.java:386)
	at org.apache.ratis.util.TimeDuration.sleep(TimeDuration.java:324)
	at org.apache.ratis.util.TimeDuration.sleep(TimeDuration.java:309)
	at org.apache.ratis.server.impl.FollowerState.run(FollowerState.java:118)
2021-06-21 17:58:55,448 [grpc-default-executor-3] INFO  server.RaftServer$Division (RaftServerImpl.java:requestVote(1074)) - 69c6f520-252c-4e6e-b4eb-24186417fbe1@group-14706BB93390 replies to ELECTION vote request: dcbd47e6-928b-4715-825b-9c1fc4ded717<-69c6f520-252c-4e6e-b4eb-24186417fbe1#0:FAIL-t6. Peer's state: 69c6f520-252c-4e6e-b4eb-24186417fbe1@group-14706BB93390:t6, leader=null, voted=null, raftlog=69c6f520-252c-4e6e-b4eb-24186417fbe1@group-14706BB93390-SegmentedRaftLog:OPENED:c-1,f-1,i0, conf=-1: [69c6f520-252c-4e6e-b4eb-24186417fbe1|rpc:10.1.0.38:46405|priority:1, c73c8739-3325-43cd-abe9-6b47c5c175d5|rpc:10.1.0.38:38205|priority:0, dcbd47e6-928b-4715-825b-9c1fc4ded717|rpc:10.1.0.38:35165|priority:0], old=null
2021-06-21 17:58:55,450 [dcbd47e6-928b-4715-825b-9c1fc4ded717@group-14706BB93390-LeaderElection15] INFO  impl.LeaderElection (LeaderElection.java:logAndReturn(89)) - dcbd47e6-928b-4715-825b-9c1fc4ded717@group-14706BB93390-LeaderElection15: ELECTION REJECTED received 1 response(s) and 0 exception(s):
2021-06-21 17:58:55,450 [dcbd47e6-928b-4715-825b-9c1fc4ded717@group-14706BB93390-LeaderElection15] INFO  impl.LeaderElection (LeaderElection.java:logAndReturn(93)) -   Response 0: dcbd47e6-928b-4715-825b-9c1fc4ded717<-69c6f520-252c-4e6e-b4eb-24186417fbe1#0:FAIL-t6
2021-06-21 17:58:55,450 [dcbd47e6-928b-4715-825b-9c1fc4ded717@group-14706BB93390-LeaderElection15] INFO  impl.LeaderElection (LeaderElection.java:askForVotes(308)) - dcbd47e6-928b-4715-825b-9c1fc4ded717@group-14706BB93390-LeaderElection15 ELECTION round 0: result REJECTED
2021-06-21 17:58:55,450 [dcbd47e6-928b-4715-825b-9c1fc4ded717@group-14706BB93390-LeaderElection15] INFO  server.RaftServer$Division (RaftServerImpl.java:setRole(284)) - dcbd47e6-928b-4715-825b-9c1fc4ded717@group-14706BB93390: changes role from CANDIDATE to FOLLOWER at term 6 for REJECTED
2021-06-21 17:58:55,450 [dcbd47e6-928b-4715-825b-9c1fc4ded717@group-14706BB93390-LeaderElection15] INFO  impl.RoleInfo (RoleInfo.java:shutdownLeaderElection(121)) - dcbd47e6-928b-4715-825b-9c1fc4ded717: shutdown dcbd47e6-928b-4715-825b-9c1fc4ded717@group-14706BB93390-LeaderElection15
2021-06-21 17:58:55,450 [dcbd47e6-928b-4715-825b-9c1fc4ded717@group-14706BB93390-LeaderElection15] INFO  impl.RoleInfo (RoleInfo.java:updateAndGet(130)) - dcbd47e6-928b-4715-825b-9c1fc4ded717: start dcbd47e6-928b-4715-825b-9c1fc4ded717@group-14706BB93390-FollowerState
2021-06-21 17:58:55,454 [grpc-default-executor-1] INFO  server.RaftServer$Division (RaftServerImpl.java:requestVote(1042)) - c73c8739-3325-43cd-abe9-6b47c5c175d5@group-14706BB93390: receive requestVote(ELECTION, dcbd47e6-928b-4715-825b-9c1fc4ded717, group-14706BB93390, 6, (t:0, i:0))
2021-06-21 17:58:55,454 [grpc-default-executor-1] INFO  impl.VoteContext (VoteContext.java:log(48)) - c73c8739-3325-43cd-abe9-6b47c5c175d5@group-14706BB93390-FOLLOWER: accept ELECTION from dcbd47e6-928b-4715-825b-9c1fc4ded717: our priority 0 <= candidate's priority 0
2021-06-21 17:58:55,454 [grpc-default-executor-1] INFO  server.RaftServer$Division (RaftServerImpl.java:setRole(284)) - c73c8739-3325-43cd-abe9-6b47c5c175d5@group-14706BB93390: changes role from  FOLLOWER to FOLLOWER at term 6 for candidate:dcbd47e6-928b-4715-825b-9c1fc4ded717
2021-06-21 17:58:55,454 [grpc-default-executor-1] INFO  impl.RoleInfo (RoleInfo.java:shutdownFollowerState(108)) - c73c8739-3325-43cd-abe9-6b47c5c175d5: shutdown c73c8739-3325-43cd-abe9-6b47c5c175d5@group-14706BB93390-FollowerState
2021-06-21 17:58:55,454 [grpc-default-executor-1] INFO  impl.RoleInfo (RoleInfo.java:updateAndGet(130)) - c73c8739-3325-43cd-abe9-6b47c5c175d5: start c73c8739-3325-43cd-abe9-6b47c5c175d5@group-14706BB93390-FollowerState
2021-06-21 17:58:55,455 [c73c8739-3325-43cd-abe9-6b47c5c175d5@group-14706BB93390-FollowerState] INFO  impl.FollowerState (FollowerState.java:run(143)) - c73c8739-3325-43cd-abe9-6b47c5c175d5@group-14706BB93390-FollowerState was interrupted: {}
java.lang.InterruptedException: sleep interrupted
	at java.lang.Thread.sleep(Native Method)
	at java.lang.Thread.sleep(Thread.java:340)
	at java.util.concurrent.TimeUnit.sleep(TimeUnit.java:386)
	at org.apache.ratis.util.TimeDuration.sleep(TimeDuration.java:324)
	at org.apache.ratis.util.TimeDuration.sleep(TimeDuration.java:309)
	at org.apache.ratis.server.impl.FollowerState.run(FollowerState.java:118)
2021-06-21 17:58:55,456 [grpc-default-executor-1] INFO  server.RaftServer$Division (RaftServerImpl.java:requestVote(1074)) - c73c8739-3325-43cd-abe9-6b47c5c175d5@group-14706BB93390 replies to ELECTION vote request: dcbd47e6-928b-4715-825b-9c1fc4ded717<-c73c8739-3325-43cd-abe9-6b47c5c175d5#0:OK-t6. Peer's state: c73c8739-3325-43cd-abe9-6b47c5c175d5@group-14706BB93390:t6, leader=null, voted=dcbd47e6-928b-4715-825b-9c1fc4ded717, raftlog=c73c8739-3325-43cd-abe9-6b47c5c175d5@group-14706BB93390-SegmentedRaftLog:OPENED:c-1,f-1,i0, conf=-1: [69c6f520-252c-4e6e-b4eb-24186417fbe1|rpc:10.1.0.38:46405|priority:1, c73c8739-3325-43cd-abe9-6b47c5c175d5|rpc:10.1.0.38:38205|priority:0, dcbd47e6-928b-4715-825b-9c1fc4ded717|rpc:10.1.0.38:35165|priority:0], old=null
2021-06-21 17:58:55,909 [Listener at 127.0.0.1/44351] INFO  ozone.MiniOzoneClusterImpl (MiniOzoneClusterImpl.java:lambda$waitForClusterToBeReady$0(227)) - Nodes are ready. Got 3 of 3 DN Heartbeats.
2021-06-21 17:58:55,909 [Listener at 127.0.0.1/44351] INFO  ozone.MiniOzoneClusterImpl (MiniOzoneClusterImpl.java:lambda$waitForClusterToBeReady$0(230)) - Waiting for cluster to exit safe mode
2021-06-21 17:58:55,909 [Listener at 127.0.0.1/44351] INFO  ozone.MiniOzoneClusterImpl (MiniOzoneClusterImpl.java:lambda$waitForClusterToBeReady$0(232)) - SCM became leader
2021-06-21 17:58:56,910 [Listener at 127.0.0.1/44351] INFO  ozone.MiniOzoneClusterImpl (MiniOzoneClusterImpl.java:lambda$waitForClusterToBeReady$0(227)) - Nodes are ready. Got 3 of 3 DN Heartbeats.
2021-06-21 17:58:56,910 [Listener at 127.0.0.1/44351] INFO  ozone.MiniOzoneClusterImpl (MiniOzoneClusterImpl.java:lambda$waitForClusterToBeReady$0(230)) - Waiting for cluster to exit safe mode
2021-06-21 17:58:56,910 [Listener at 127.0.0.1/44351] INFO  ozone.MiniOzoneClusterImpl (MiniOzoneClusterImpl.java:lambda$waitForClusterToBeReady$0(232)) - SCM became leader
2021-06-21 17:58:57,910 [Listener at 127.0.0.1/44351] INFO  ozone.MiniOzoneClusterImpl (MiniOzoneClusterImpl.java:lambda$waitForClusterToBeReady$0(227)) - Nodes are ready. Got 3 of 3 DN Heartbeats.
2021-06-21 17:58:57,910 [Listener at 127.0.0.1/44351] INFO  ozone.MiniOzoneClusterImpl (MiniOzoneClusterImpl.java:lambda$waitForClusterToBeReady$0(230)) - Waiting for cluster to exit safe mode
2021-06-21 17:58:57,910 [Listener at 127.0.0.1/44351] INFO  ozone.MiniOzoneClusterImpl (MiniOzoneClusterImpl.java:lambda$waitForClusterToBeReady$0(232)) - SCM became leader
2021-06-21 17:58:58,911 [Listener at 127.0.0.1/44351] INFO  ozone.MiniOzoneClusterImpl (MiniOzoneClusterImpl.java:lambda$waitForClusterToBeReady$0(227)) - Nodes are ready. Got 3 of 3 DN Heartbeats.
2021-06-21 17:58:58,911 [Listener at 127.0.0.1/44351] INFO  ozone.MiniOzoneClusterImpl (MiniOzoneClusterImpl.java:lambda$waitForClusterToBeReady$0(230)) - Waiting for cluster to exit safe mode
2021-06-21 17:58:58,911 [Listener at 127.0.0.1/44351] INFO  ozone.MiniOzoneClusterImpl (MiniOzoneClusterImpl.java:lambda$waitForClusterToBeReady$0(232)) - SCM became leader
2021-06-21 17:58:59,911 [Listener at 127.0.0.1/44351] INFO  ozone.MiniOzoneClusterImpl (MiniOzoneClusterImpl.java:lambda$waitForClusterToBeReady$0(227)) - Nodes are ready. Got 3 of 3 DN Heartbeats.
2021-06-21 17:58:59,911 [Listener at 127.0.0.1/44351] INFO  ozone.MiniOzoneClusterImpl (MiniOzoneClusterImpl.java:lambda$waitForClusterToBeReady$0(230)) - Waiting for cluster to exit safe mode
2021-06-21 17:58:59,911 [Listener at 127.0.0.1/44351] INFO  ozone.MiniOzoneClusterImpl (MiniOzoneClusterImpl.java:lambda$waitForClusterToBeReady$0(232)) - SCM became leader
2021-06-21 17:59:00,557 [dcbd47e6-928b-4715-825b-9c1fc4ded717@group-14706BB93390-FollowerState] INFO  impl.FollowerState (FollowerState.java:run(134)) - dcbd47e6-928b-4715-825b-9c1fc4ded717@group-14706BB93390-FollowerState: change to CANDIDATE, lastRpcElapsedTime:5106714045ns, electionTimeout:5103ms
2021-06-21 17:59:00,558 [dcbd47e6-928b-4715-825b-9c1fc4ded717@group-14706BB93390-FollowerState] INFO  impl.RoleInfo (RoleInfo.java:shutdownFollowerState(108)) - dcbd47e6-928b-4715-825b-9c1fc4ded717: shutdown dcbd47e6-928b-4715-825b-9c1fc4ded717@group-14706BB93390-FollowerState
2021-06-21 17:59:00,558 [dcbd47e6-928b-4715-825b-9c1fc4ded717@group-14706BB93390-FollowerState] INFO  server.RaftServer$Division (RaftServerImpl.java:setRole(284)) - dcbd47e6-928b-4715-825b-9c1fc4ded717@group-14706BB93390: changes role from  FOLLOWER to CANDIDATE at term 6 for changeToCandidate
2021-06-21 17:59:00,558 [dcbd47e6-928b-4715-825b-9c1fc4ded717@group-14706BB93390-FollowerState] INFO  server.RaftServerConfigKeys (ConfUtils.java:logGet(44)) - raft.server.leaderelection.pre-vote = false (custom)
2021-06-21 17:59:00,558 [dcbd47e6-928b-4715-825b-9c1fc4ded717@group-14706BB93390-FollowerState] INFO  impl.RoleInfo (RoleInfo.java:updateAndGet(130)) - dcbd47e6-928b-4715-825b-9c1fc4ded717: start dcbd47e6-928b-4715-825b-9c1fc4ded717@group-14706BB93390-LeaderElection16
2021-06-21 17:59:00,560 [dcbd47e6-928b-4715-825b-9c1fc4ded717@group-14706BB93390-LeaderElection16] INFO  impl.LeaderElection (LeaderElection.java:askForVotes(306)) - dcbd47e6-928b-4715-825b-9c1fc4ded717@group-14706BB93390-LeaderElection16 ELECTION round 0: submit vote requests at term 7 for -1: [69c6f520-252c-4e6e-b4eb-24186417fbe1|rpc:10.1.0.38:46405|priority:1, c73c8739-3325-43cd-abe9-6b47c5c175d5|rpc:10.1.0.38:38205|priority:0, dcbd47e6-928b-4715-825b-9c1fc4ded717|rpc:10.1.0.38:35165|priority:0], old=null
2021-06-21 17:59:00,561 [69c6f520-252c-4e6e-b4eb-24186417fbe1@group-14706BB93390-FollowerState] INFO  impl.FollowerState (FollowerState.java:run(134)) - 69c6f520-252c-4e6e-b4eb-24186417fbe1@group-14706BB93390-FollowerState: change to CANDIDATE, lastRpcElapsedTime:5115079614ns, electionTimeout:5108ms
2021-06-21 17:59:00,561 [69c6f520-252c-4e6e-b4eb-24186417fbe1@group-14706BB93390-FollowerState] INFO  impl.RoleInfo (RoleInfo.java:shutdownFollowerState(108)) - 69c6f520-252c-4e6e-b4eb-24186417fbe1: shutdown 69c6f520-252c-4e6e-b4eb-24186417fbe1@group-14706BB93390-FollowerState
2021-06-21 17:59:00,562 [69c6f520-252c-4e6e-b4eb-24186417fbe1@group-14706BB93390-FollowerState] INFO  server.RaftServer$Division (RaftServerImpl.java:setRole(284)) - 69c6f520-252c-4e6e-b4eb-24186417fbe1@group-14706BB93390: changes role from  FOLLOWER to CANDIDATE at term 6 for changeToCandidate
2021-06-21 17:59:00,562 [69c6f520-252c-4e6e-b4eb-24186417fbe1@group-14706BB93390-FollowerState] INFO  server.RaftServerConfigKeys (ConfUtils.java:logGet(44)) - raft.server.leaderelection.pre-vote = false (custom)
2021-06-21 17:59:00,562 [69c6f520-252c-4e6e-b4eb-24186417fbe1@group-14706BB93390-FollowerState] INFO  impl.RoleInfo (RoleInfo.java:updateAndGet(130)) - 69c6f520-252c-4e6e-b4eb-24186417fbe1: start 69c6f520-252c-4e6e-b4eb-24186417fbe1@group-14706BB93390-LeaderElection17
2021-06-21 17:59:00,564 [grpc-default-executor-1] INFO  server.RaftServer$Division (RaftServerImpl.java:requestVote(1042)) - 69c6f520-252c-4e6e-b4eb-24186417fbe1@group-14706BB93390: receive requestVote(ELECTION, dcbd47e6-928b-4715-825b-9c1fc4ded717, group-14706BB93390, 7, (t:0, i:0))
2021-06-21 17:59:00,564 [grpc-default-executor-3] INFO  server.RaftServer$Division (RaftServerImpl.java:requestVote(1042)) - c73c8739-3325-43cd-abe9-6b47c5c175d5@group-14706BB93390: receive requestVote(ELECTION, dcbd47e6-928b-4715-825b-9c1fc4ded717, group-14706BB93390, 7, (t:0, i:0))
2021-06-21 17:59:00,564 [69c6f520-252c-4e6e-b4eb-24186417fbe1@group-14706BB93390-LeaderElection17] INFO  impl.LeaderElection (LeaderElection.java:askForVotes(306)) - 69c6f520-252c-4e6e-b4eb-24186417fbe1@group-14706BB93390-LeaderElection17 ELECTION round 0: submit vote requests at term 7 for -1: [69c6f520-252c-4e6e-b4eb-24186417fbe1|rpc:10.1.0.38:46405|priority:1, c73c8739-3325-43cd-abe9-6b47c5c175d5|rpc:10.1.0.38:38205|priority:0, dcbd47e6-928b-4715-825b-9c1fc4ded717|rpc:10.1.0.38:35165|priority:0], old=null
2021-06-21 17:59:00,564 [grpc-default-executor-1] INFO  impl.VoteContext (VoteContext.java:log(48)) - 69c6f520-252c-4e6e-b4eb-24186417fbe1@group-14706BB93390-CANDIDATE: reject ELECTION from dcbd47e6-928b-4715-825b-9c1fc4ded717: already has voted for 69c6f520-252c-4e6e-b4eb-24186417fbe1 at current term 7
2021-06-21 17:59:00,565 [grpc-default-executor-1] INFO  server.RaftServer$Division (RaftServerImpl.java:requestVote(1074)) - 69c6f520-252c-4e6e-b4eb-24186417fbe1@group-14706BB93390 replies to ELECTION vote request: dcbd47e6-928b-4715-825b-9c1fc4ded717<-69c6f520-252c-4e6e-b4eb-24186417fbe1#0:FAIL-t7. Peer's state: 69c6f520-252c-4e6e-b4eb-24186417fbe1@group-14706BB93390:t7, leader=null, voted=69c6f520-252c-4e6e-b4eb-24186417fbe1, raftlog=69c6f520-252c-4e6e-b4eb-24186417fbe1@group-14706BB93390-SegmentedRaftLog:OPENED:c-1,f-1,i0, conf=-1: [69c6f520-252c-4e6e-b4eb-24186417fbe1|rpc:10.1.0.38:46405|priority:1, c73c8739-3325-43cd-abe9-6b47c5c175d5|rpc:10.1.0.38:38205|priority:0, dcbd47e6-928b-4715-825b-9c1fc4ded717|rpc:10.1.0.38:35165|priority:0], old=null
2021-06-21 17:59:00,564 [grpc-default-executor-3] INFO  impl.VoteContext (VoteContext.java:log(48)) - c73c8739-3325-43cd-abe9-6b47c5c175d5@group-14706BB93390-FOLLOWER: accept ELECTION from dcbd47e6-928b-4715-825b-9c1fc4ded717: our priority 0 <= candidate's priority 0
2021-06-21 17:59:00,565 [grpc-default-executor-3] INFO  server.RaftServer$Division (RaftServerImpl.java:setRole(284)) - c73c8739-3325-43cd-abe9-6b47c5c175d5@group-14706BB93390: changes role from  FOLLOWER to FOLLOWER at term 7 for candidate:dcbd47e6-928b-4715-825b-9c1fc4ded717
2021-06-21 17:59:00,565 [grpc-default-executor-3] INFO  impl.RoleInfo (RoleInfo.java:shutdownFollowerState(108)) - c73c8739-3325-43cd-abe9-6b47c5c175d5: shutdown c73c8739-3325-43cd-abe9-6b47c5c175d5@group-14706BB93390-FollowerState
2021-06-21 17:59:00,568 [grpc-default-executor-3] INFO  impl.RoleInfo (RoleInfo.java:updateAndGet(130)) - c73c8739-3325-43cd-abe9-6b47c5c175d5: start c73c8739-3325-43cd-abe9-6b47c5c175d5@group-14706BB93390-FollowerState
2021-06-21 17:59:00,568 [c73c8739-3325-43cd-abe9-6b47c5c175d5@group-14706BB93390-FollowerState] INFO  impl.FollowerState (FollowerState.java:run(143)) - c73c8739-3325-43cd-abe9-6b47c5c175d5@group-14706BB93390-FollowerState was interrupted: {}
java.lang.InterruptedException: sleep interrupted
	at java.lang.Thread.sleep(Native Method)
	at java.lang.Thread.sleep(Thread.java:340)
	at java.util.concurrent.TimeUnit.sleep(TimeUnit.java:386)
	at org.apache.ratis.util.TimeDuration.sleep(TimeDuration.java:324)
	at org.apache.ratis.util.TimeDuration.sleep(TimeDuration.java:309)
	at org.apache.ratis.server.impl.FollowerState.run(FollowerState.java:118)
2021-06-21 17:59:00,574 [grpc-default-executor-3] INFO  server.RaftServer$Division (RaftServerImpl.java:requestVote(1074)) - c73c8739-3325-43cd-abe9-6b47c5c175d5@group-14706BB93390 replies to ELECTION vote request: dcbd47e6-928b-4715-825b-9c1fc4ded717<-c73c8739-3325-43cd-abe9-6b47c5c175d5#0:OK-t7. Peer's state: c73c8739-3325-43cd-abe9-6b47c5c175d5@group-14706BB93390:t7, leader=null, voted=dcbd47e6-928b-4715-825b-9c1fc4ded717, raftlog=c73c8739-3325-43cd-abe9-6b47c5c175d5@group-14706BB93390-SegmentedRaftLog:OPENED:c-1,f-1,i0, conf=-1: [69c6f520-252c-4e6e-b4eb-24186417fbe1|rpc:10.1.0.38:46405|priority:1, c73c8739-3325-43cd-abe9-6b47c5c175d5|rpc:10.1.0.38:38205|priority:0, dcbd47e6-928b-4715-825b-9c1fc4ded717|rpc:10.1.0.38:35165|priority:0], old=null
2021-06-21 17:59:00,575 [dcbd47e6-928b-4715-825b-9c1fc4ded717@group-14706BB93390-LeaderElection16] INFO  impl.LeaderElection (LeaderElection.java:logAndReturn(89)) - dcbd47e6-928b-4715-825b-9c1fc4ded717@group-14706BB93390-LeaderElection16: ELECTION REJECTED received 1 response(s) and 0 exception(s):
2021-06-21 17:59:00,575 [dcbd47e6-928b-4715-825b-9c1fc4ded717@group-14706BB93390-LeaderElection16] INFO  impl.LeaderElection (LeaderElection.java:logAndReturn(93)) -   Response 0: dcbd47e6-928b-4715-825b-9c1fc4ded717<-69c6f520-252c-4e6e-b4eb-24186417fbe1#0:FAIL-t7
2021-06-21 17:59:00,575 [dcbd47e6-928b-4715-825b-9c1fc4ded717@group-14706BB93390-LeaderElection16] INFO  impl.LeaderElection (LeaderElection.java:askForVotes(308)) - dcbd47e6-928b-4715-825b-9c1fc4ded717@group-14706BB93390-LeaderElection16 ELECTION round 0: result REJECTED
2021-06-21 17:59:00,575 [dcbd47e6-928b-4715-825b-9c1fc4ded717@group-14706BB93390-LeaderElection16] INFO  server.RaftServer$Division (RaftServerImpl.java:setRole(284)) - dcbd47e6-928b-4715-825b-9c1fc4ded717@group-14706BB93390: changes role from CANDIDATE to FOLLOWER at term 7 for REJECTED
2021-06-21 17:59:00,575 [dcbd47e6-928b-4715-825b-9c1fc4ded717@group-14706BB93390-LeaderElection16] INFO  impl.RoleInfo (RoleInfo.java:shutdownLeaderElection(121)) - dcbd47e6-928b-4715-825b-9c1fc4ded717: shutdown dcbd47e6-928b-4715-825b-9c1fc4ded717@group-14706BB93390-LeaderElection16
2021-06-21 17:59:00,575 [dcbd47e6-928b-4715-825b-9c1fc4ded717@group-14706BB93390-LeaderElection16] INFO  impl.RoleInfo (RoleInfo.java:updateAndGet(130)) - dcbd47e6-928b-4715-825b-9c1fc4ded717: start dcbd47e6-928b-4715-825b-9c1fc4ded717@group-14706BB93390-FollowerState
2021-06-21 17:59:00,580 [grpc-default-executor-3] INFO  server.RaftServer$Division (RaftServerImpl.java:requestVote(1042)) - c73c8739-3325-43cd-abe9-6b47c5c175d5@group-14706BB93390: receive requestVote(ELECTION, 69c6f520-252c-4e6e-b4eb-24186417fbe1, group-14706BB93390, 7, (t:0, i:0))
2021-06-21 17:59:00,580 [grpc-default-executor-3] INFO  impl.VoteContext (VoteContext.java:log(48)) - c73c8739-3325-43cd-abe9-6b47c5c175d5@group-14706BB93390-FOLLOWER: reject ELECTION from 69c6f520-252c-4e6e-b4eb-24186417fbe1: already has voted for dcbd47e6-928b-4715-825b-9c1fc4ded717 at current term 7
2021-06-21 17:59:00,581 [grpc-default-executor-3] INFO  server.RaftServer$Division (RaftServerImpl.java:requestVote(1074)) - c73c8739-3325-43cd-abe9-6b47c5c175d5@group-14706BB93390 replies to ELECTION vote request: 69c6f520-252c-4e6e-b4eb-24186417fbe1<-c73c8739-3325-43cd-abe9-6b47c5c175d5#0:FAIL-t7. Peer's state: c73c8739-3325-43cd-abe9-6b47c5c175d5@group-14706BB93390:t7, leader=null, voted=dcbd47e6-928b-4715-825b-9c1fc4ded717, raftlog=c73c8739-3325-43cd-abe9-6b47c5c175d5@group-14706BB93390-SegmentedRaftLog:OPENED:c-1,f-1,i0, conf=-1: [69c6f520-252c-4e6e-b4eb-24186417fbe1|rpc:10.1.0.38:46405|priority:1, c73c8739-3325-43cd-abe9-6b47c5c175d5|rpc:10.1.0.38:38205|priority:0, dcbd47e6-928b-4715-825b-9c1fc4ded717|rpc:10.1.0.38:35165|priority:0], old=null
2021-06-21 17:59:00,588 [grpc-default-executor-3] INFO  server.RaftServer$Division (RaftServerImpl.java:requestVote(1042)) - dcbd47e6-928b-4715-825b-9c1fc4ded717@group-14706BB93390: receive requestVote(ELECTION, 69c6f520-252c-4e6e-b4eb-24186417fbe1, group-14706BB93390, 7, (t:0, i:0))
2021-06-21 17:59:00,588 [grpc-default-executor-3] INFO  impl.VoteContext (VoteContext.java:log(48)) - dcbd47e6-928b-4715-825b-9c1fc4ded717@group-14706BB93390-FOLLOWER: reject ELECTION from 69c6f520-252c-4e6e-b4eb-24186417fbe1: already has voted for dcbd47e6-928b-4715-825b-9c1fc4ded717 at current term 7
2021-06-21 17:59:00,588 [grpc-default-executor-3] INFO  server.RaftServer$Division (RaftServerImpl.java:requestVote(1074)) - dcbd47e6-928b-4715-825b-9c1fc4ded717@group-14706BB93390 replies to ELECTION vote request: 69c6f520-252c-4e6e-b4eb-24186417fbe1<-dcbd47e6-928b-4715-825b-9c1fc4ded717#0:FAIL-t7. Peer's state: dcbd47e6-928b-4715-825b-9c1fc4ded717@group-14706BB93390:t7, leader=null, voted=dcbd47e6-928b-4715-825b-9c1fc4ded717, raftlog=dcbd47e6-928b-4715-825b-9c1fc4ded717@group-14706BB93390-SegmentedRaftLog:OPENED:c-1,f-1,i0, conf=-1: [69c6f520-252c-4e6e-b4eb-24186417fbe1|rpc:10.1.0.38:46405|priority:1, c73c8739-3325-43cd-abe9-6b47c5c175d5|rpc:10.1.0.38:38205|priority:0, dcbd47e6-928b-4715-825b-9c1fc4ded717|rpc:10.1.0.38:35165|priority:0], old=null
2021-06-21 17:59:00,590 [69c6f520-252c-4e6e-b4eb-24186417fbe1@group-14706BB93390-LeaderElection17] INFO  impl.LeaderElection (LeaderElection.java:logAndReturn(89)) - 69c6f520-252c-4e6e-b4eb-24186417fbe1@group-14706BB93390-LeaderElection17: ELECTION REJECTED received 2 response(s) and 0 exception(s):
2021-06-21 17:59:00,590 [69c6f520-252c-4e6e-b4eb-24186417fbe1@group-14706BB93390-LeaderElection17] INFO  impl.LeaderElection (LeaderElection.java:logAndReturn(93)) -   Response 0: 69c6f520-252c-4e6e-b4eb-24186417fbe1<-c73c8739-3325-43cd-abe9-6b47c5c175d5#0:FAIL-t7
2021-06-21 17:59:00,590 [69c6f520-252c-4e6e-b4eb-24186417fbe1@group-14706BB93390-LeaderElection17] INFO  impl.LeaderElection (LeaderElection.java:logAndReturn(93)) -   Response 1: 69c6f520-252c-4e6e-b4eb-24186417fbe1<-dcbd47e6-928b-4715-825b-9c1fc4ded717#0:FAIL-t7
2021-06-21 17:59:00,590 [69c6f520-252c-4e6e-b4eb-24186417fbe1@group-14706BB93390-LeaderElection17] INFO  impl.LeaderElection (LeaderElection.java:askForVotes(308)) - 69c6f520-252c-4e6e-b4eb-24186417fbe1@group-14706BB93390-LeaderElection17 ELECTION round 0: result REJECTED
2021-06-21 17:59:00,590 [69c6f520-252c-4e6e-b4eb-24186417fbe1@group-14706BB93390-LeaderElection17] INFO  server.RaftServer$Division (RaftServerImpl.java:setRole(284)) - 69c6f520-252c-4e6e-b4eb-24186417fbe1@group-14706BB93390: changes role from CANDIDATE to FOLLOWER at term 7 for REJECTED
2021-06-21 17:59:00,590 [69c6f520-252c-4e6e-b4eb-24186417fbe1@group-14706BB93390-LeaderElection17] INFO  impl.RoleInfo (RoleInfo.java:shutdownLeaderElection(121)) - 69c6f520-252c-4e6e-b4eb-24186417fbe1: shutdown 69c6f520-252c-4e6e-b4eb-24186417fbe1@group-14706BB93390-LeaderElection17
2021-06-21 17:59:00,591 [69c6f520-252c-4e6e-b4eb-24186417fbe1@group-14706BB93390-LeaderElection17] INFO  impl.RoleInfo (RoleInfo.java:updateAndGet(130)) - 69c6f520-252c-4e6e-b4eb-24186417fbe1: start 69c6f520-252c-4e6e-b4eb-24186417fbe1@group-14706BB93390-FollowerState
2021-06-21 17:59:00,912 [Listener at 127.0.0.1/44351] INFO  ozone.MiniOzoneClusterImpl (MiniOzoneClusterImpl.java:lambda$waitForClusterToBeReady$0(227)) - Nodes are ready. Got 3 of 3 DN Heartbeats.
2021-06-21 17:59:00,912 [Listener at 127.0.0.1/44351] INFO  ozone.MiniOzoneClusterImpl (MiniOzoneClusterImpl.java:lambda$waitForClusterToBeReady$0(230)) - Waiting for cluster to exit safe mode
2021-06-21 17:59:00,912 [Listener at 127.0.0.1/44351] INFO  ozone.MiniOzoneClusterImpl (MiniOzoneClusterImpl.java:lambda$waitForClusterToBeReady$0(232)) - SCM became leader
2021-06-21 17:59:01,913 [Listener at 127.0.0.1/44351] INFO  ozone.MiniOzoneClusterImpl (MiniOzoneClusterImpl.java:lambda$waitForClusterToBeReady$0(227)) - Nodes are ready. Got 3 of 3 DN Heartbeats.
2021-06-21 17:59:01,913 [Listener at 127.0.0.1/44351] INFO  ozone.MiniOzoneClusterImpl (MiniOzoneClusterImpl.java:lambda$waitForClusterToBeReady$0(230)) - Waiting for cluster to exit safe mode
2021-06-21 17:59:01,913 [Listener at 127.0.0.1/44351] INFO  ozone.MiniOzoneClusterImpl (MiniOzoneClusterImpl.java:lambda$waitForClusterToBeReady$0(232)) - SCM became leader
2021-06-21 17:59:02,913 [Listener at 127.0.0.1/44351] INFO  ozone.MiniOzoneClusterImpl (MiniOzoneClusterImpl.java:lambda$waitForClusterToBeReady$0(227)) - Nodes are ready. Got 3 of 3 DN Heartbeats.
2021-06-21 17:59:02,913 [Listener at 127.0.0.1/44351] INFO  ozone.MiniOzoneClusterImpl (MiniOzoneClusterImpl.java:lambda$waitForClusterToBeReady$0(230)) - Waiting for cluster to exit safe mode
2021-06-21 17:59:02,913 [Listener at 127.0.0.1/44351] INFO  ozone.MiniOzoneClusterImpl (MiniOzoneClusterImpl.java:lambda$waitForClusterToBeReady$0(232)) - SCM became leader
2021-06-21 17:59:03,914 [Listener at 127.0.0.1/44351] INFO  ozone.MiniOzoneClusterImpl (MiniOzoneClusterImpl.java:lambda$waitForClusterToBeReady$0(227)) - Nodes are ready. Got 3 of 3 DN Heartbeats.
2021-06-21 17:59:03,914 [Listener at 127.0.0.1/44351] INFO  ozone.MiniOzoneClusterImpl (MiniOzoneClusterImpl.java:lambda$waitForClusterToBeReady$0(230)) - Waiting for cluster to exit safe mode
2021-06-21 17:59:03,914 [Listener at 127.0.0.1/44351] INFO  ozone.MiniOzoneClusterImpl (MiniOzoneClusterImpl.java:lambda$waitForClusterToBeReady$0(232)) - SCM became leader
2021-06-21 17:59:04,914 [Listener at 127.0.0.1/44351] INFO  ozone.MiniOzoneClusterImpl (MiniOzoneClusterImpl.java:lambda$waitForClusterToBeReady$0(227)) - Nodes are ready. Got 3 of 3 DN Heartbeats.
2021-06-21 17:59:04,914 [Listener at 127.0.0.1/44351] INFO  ozone.MiniOzoneClusterImpl (MiniOzoneClusterImpl.java:lambda$waitForClusterToBeReady$0(230)) - Waiting for cluster to exit safe mode
2021-06-21 17:59:04,914 [Listener at 127.0.0.1/44351] INFO  ozone.MiniOzoneClusterImpl (MiniOzoneClusterImpl.java:lambda$waitForClusterToBeReady$0(232)) - SCM became leader
2021-06-21 17:59:05,677 [c73c8739-3325-43cd-abe9-6b47c5c175d5@group-14706BB93390-FollowerState] INFO  impl.FollowerState (FollowerState.java:run(134)) - c73c8739-3325-43cd-abe9-6b47c5c175d5@group-14706BB93390-FollowerState: change to CANDIDATE, lastRpcElapsedTime:5103101104ns, electionTimeout:5103ms
2021-06-21 17:59:05,678 [c73c8739-3325-43cd-abe9-6b47c5c175d5@group-14706BB93390-FollowerState] INFO  impl.RoleInfo (RoleInfo.java:shutdownFollowerState(108)) - c73c8739-3325-43cd-abe9-6b47c5c175d5: shutdown c73c8739-3325-43cd-abe9-6b47c5c175d5@group-14706BB93390-FollowerState
2021-06-21 17:59:05,678 [c73c8739-3325-43cd-abe9-6b47c5c175d5@group-14706BB93390-FollowerState] INFO  server.RaftServer$Division (RaftServerImpl.java:setRole(284)) - c73c8739-3325-43cd-abe9-6b47c5c175d5@group-14706BB93390: changes role from  FOLLOWER to CANDIDATE at term 7 for changeToCandidate
2021-06-21 17:59:05,678 [c73c8739-3325-43cd-abe9-6b47c5c175d5@group-14706BB93390-FollowerState] INFO  server.RaftServerConfigKeys (ConfUtils.java:logGet(44)) - raft.server.leaderelection.pre-vote = false (custom)
2021-06-21 17:59:05,678 [c73c8739-3325-43cd-abe9-6b47c5c175d5@group-14706BB93390-FollowerState] INFO  impl.RoleInfo (RoleInfo.java:updateAndGet(130)) - c73c8739-3325-43cd-abe9-6b47c5c175d5: start c73c8739-3325-43cd-abe9-6b47c5c175d5@group-14706BB93390-LeaderElection18
2021-06-21 17:59:05,680 [c73c8739-3325-43cd-abe9-6b47c5c175d5@group-14706BB93390-LeaderElection18] INFO  impl.LeaderElection (LeaderElection.java:askForVotes(306)) - c73c8739-3325-43cd-abe9-6b47c5c175d5@group-14706BB93390-LeaderElection18 ELECTION round 0: submit vote requests at term 8 for -1: [69c6f520-252c-4e6e-b4eb-24186417fbe1|rpc:10.1.0.38:46405|priority:1, c73c8739-3325-43cd-abe9-6b47c5c175d5|rpc:10.1.0.38:38205|priority:0, dcbd47e6-928b-4715-825b-9c1fc4ded717|rpc:10.1.0.38:35165|priority:0], old=null
2021-06-21 17:59:05,685 [grpc-default-executor-3] INFO  server.RaftServer$Division (RaftServerImpl.java:requestVote(1042)) - dcbd47e6-928b-4715-825b-9c1fc4ded717@group-14706BB93390: receive requestVote(ELECTION, c73c8739-3325-43cd-abe9-6b47c5c175d5, group-14706BB93390, 8, (t:0, i:0))
2021-06-21 17:59:05,685 [grpc-default-executor-3] INFO  impl.VoteContext (VoteContext.java:log(48)) - dcbd47e6-928b-4715-825b-9c1fc4ded717@group-14706BB93390-FOLLOWER: accept ELECTION from c73c8739-3325-43cd-abe9-6b47c5c175d5: our priority 0 <= candidate's priority 0
2021-06-21 17:59:05,685 [grpc-default-executor-3] INFO  server.RaftServer$Division (RaftServerImpl.java:setRole(284)) - dcbd47e6-928b-4715-825b-9c1fc4ded717@group-14706BB93390: changes role from  FOLLOWER to FOLLOWER at term 8 for candidate:c73c8739-3325-43cd-abe9-6b47c5c175d5
2021-06-21 17:59:05,685 [grpc-default-executor-3] INFO  impl.RoleInfo (RoleInfo.java:shutdownFollowerState(108)) - dcbd47e6-928b-4715-825b-9c1fc4ded717: shutdown dcbd47e6-928b-4715-825b-9c1fc4ded717@group-14706BB93390-FollowerState
2021-06-21 17:59:05,685 [grpc-default-executor-3] INFO  impl.RoleInfo (RoleInfo.java:updateAndGet(130)) - dcbd47e6-928b-4715-825b-9c1fc4ded717: start dcbd47e6-928b-4715-825b-9c1fc4ded717@group-14706BB93390-FollowerState
2021-06-21 17:59:05,686 [dcbd47e6-928b-4715-825b-9c1fc4ded717@group-14706BB93390-FollowerState] INFO  impl.FollowerState (FollowerState.java:run(143)) - dcbd47e6-928b-4715-825b-9c1fc4ded717@group-14706BB93390-FollowerState was interrupted: {}
java.lang.InterruptedException: sleep interrupted
	at java.lang.Thread.sleep(Native Method)
	at java.lang.Thread.sleep(Thread.java:340)
	at java.util.concurrent.TimeUnit.sleep(TimeUnit.java:386)
	at org.apache.ratis.util.TimeDuration.sleep(TimeDuration.java:324)
	at org.apache.ratis.util.TimeDuration.sleep(TimeDuration.java:309)
	at org.apache.ratis.server.impl.FollowerState.run(FollowerState.java:118)
2021-06-21 17:59:05,690 [grpc-default-executor-1] INFO  server.RaftServer$Division (RaftServerImpl.java:requestVote(1042)) - 69c6f520-252c-4e6e-b4eb-24186417fbe1@group-14706BB93390: receive requestVote(ELECTION, c73c8739-3325-43cd-abe9-6b47c5c175d5, group-14706BB93390, 8, (t:0, i:0))
2021-06-21 17:59:05,690 [grpc-default-executor-1] INFO  impl.VoteContext (VoteContext.java:log(48)) - 69c6f520-252c-4e6e-b4eb-24186417fbe1@group-14706BB93390-FOLLOWER: reject ELECTION from c73c8739-3325-43cd-abe9-6b47c5c175d5: our priority 1 > candidate's priority 0
2021-06-21 17:59:05,690 [grpc-default-executor-1] INFO  server.RaftServer$Division (RaftServerImpl.java:setRole(284)) - 69c6f520-252c-4e6e-b4eb-24186417fbe1@group-14706BB93390: changes role from  FOLLOWER to FOLLOWER at term 8 for candidate:c73c8739-3325-43cd-abe9-6b47c5c175d5
2021-06-21 17:59:05,690 [grpc-default-executor-1] INFO  impl.RoleInfo (RoleInfo.java:shutdownFollowerState(108)) - 69c6f520-252c-4e6e-b4eb-24186417fbe1: shutdown 69c6f520-252c-4e6e-b4eb-24186417fbe1@group-14706BB93390-FollowerState
2021-06-21 17:59:05,690 [grpc-default-executor-1] INFO  impl.RoleInfo (RoleInfo.java:updateAndGet(130)) - 69c6f520-252c-4e6e-b4eb-24186417fbe1: start 69c6f520-252c-4e6e-b4eb-24186417fbe1@group-14706BB93390-FollowerState
2021-06-21 17:59:05,690 [69c6f520-252c-4e6e-b4eb-24186417fbe1@group-14706BB93390-FollowerState] INFO  impl.FollowerState (FollowerState.java:run(143)) - 69c6f520-252c-4e6e-b4eb-24186417fbe1@group-14706BB93390-FollowerState was interrupted: {}
java.lang.InterruptedException: sleep interrupted
	at java.lang.Thread.sleep(Native Method)
	at java.lang.Thread.sleep(Thread.java:340)
	at java.util.concurrent.TimeUnit.sleep(TimeUnit.java:386)
	at org.apache.ratis.util.TimeDuration.sleep(TimeDuration.java:324)
	at org.apache.ratis.util.TimeDuration.sleep(TimeDuration.java:309)
	at org.apache.ratis.server.impl.FollowerState.run(FollowerState.java:118)
2021-06-21 17:59:05,694 [grpc-default-executor-3] INFO  server.RaftServer$Division (RaftServerImpl.java:requestVote(1074)) - dcbd47e6-928b-4715-825b-9c1fc4ded717@group-14706BB93390 replies to ELECTION vote request: c73c8739-3325-43cd-abe9-6b47c5c175d5<-dcbd47e6-928b-4715-825b-9c1fc4ded717#0:OK-t8. Peer's state: dcbd47e6-928b-4715-825b-9c1fc4ded717@group-14706BB93390:t8, leader=null, voted=c73c8739-3325-43cd-abe9-6b47c5c175d5, raftlog=dcbd47e6-928b-4715-825b-9c1fc4ded717@group-14706BB93390-SegmentedRaftLog:OPENED:c-1,f-1,i0, conf=-1: [69c6f520-252c-4e6e-b4eb-24186417fbe1|rpc:10.1.0.38:46405|priority:1, c73c8739-3325-43cd-abe9-6b47c5c175d5|rpc:10.1.0.38:38205|priority:0, dcbd47e6-928b-4715-825b-9c1fc4ded717|rpc:10.1.0.38:35165|priority:0], old=null
2021-06-21 17:59:05,695 [grpc-default-executor-1] INFO  server.RaftServer$Division (RaftServerImpl.java:requestVote(1074)) - 69c6f520-252c-4e6e-b4eb-24186417fbe1@group-14706BB93390 replies to ELECTION vote request: c73c8739-3325-43cd-abe9-6b47c5c175d5<-69c6f520-252c-4e6e-b4eb-24186417fbe1#0:FAIL-t8. Peer's state: 69c6f520-252c-4e6e-b4eb-24186417fbe1@group-14706BB93390:t8, leader=null, voted=null, raftlog=69c6f520-252c-4e6e-b4eb-24186417fbe1@group-14706BB93390-SegmentedRaftLog:OPENED:c-1,f-1,i0, conf=-1: [69c6f520-252c-4e6e-b4eb-24186417fbe1|rpc:10.1.0.38:46405|priority:1, c73c8739-3325-43cd-abe9-6b47c5c175d5|rpc:10.1.0.38:38205|priority:0, dcbd47e6-928b-4715-825b-9c1fc4ded717|rpc:10.1.0.38:35165|priority:0], old=null
2021-06-21 17:59:05,696 [c73c8739-3325-43cd-abe9-6b47c5c175d5@group-14706BB93390-LeaderElection18] INFO  impl.LeaderElection (LeaderElection.java:logAndReturn(89)) - c73c8739-3325-43cd-abe9-6b47c5c175d5@group-14706BB93390-LeaderElection18: ELECTION REJECTED received 2 response(s) and 0 exception(s):
2021-06-21 17:59:05,697 [c73c8739-3325-43cd-abe9-6b47c5c175d5@group-14706BB93390-LeaderElection18] INFO  impl.LeaderElection (LeaderElection.java:logAndReturn(93)) -   Response 0: c73c8739-3325-43cd-abe9-6b47c5c175d5<-69c6f520-252c-4e6e-b4eb-24186417fbe1#0:FAIL-t8
2021-06-21 17:59:05,697 [c73c8739-3325-43cd-abe9-6b47c5c175d5@group-14706BB93390-LeaderElection18] INFO  impl.LeaderElection (LeaderElection.java:logAndReturn(93)) -   Response 1: c73c8739-3325-43cd-abe9-6b47c5c175d5<-dcbd47e6-928b-4715-825b-9c1fc4ded717#0:OK-t8
2021-06-21 17:59:05,697 [c73c8739-3325-43cd-abe9-6b47c5c175d5@group-14706BB93390-LeaderElection18] INFO  impl.LeaderElection (LeaderElection.java:askForVotes(308)) - c73c8739-3325-43cd-abe9-6b47c5c175d5@group-14706BB93390-LeaderElection18 ELECTION round 0: result REJECTED
2021-06-21 17:59:05,697 [c73c8739-3325-43cd-abe9-6b47c5c175d5@group-14706BB93390-LeaderElection18] INFO  server.RaftServer$Division (RaftServerImpl.java:setRole(284)) - c73c8739-3325-43cd-abe9-6b47c5c175d5@group-14706BB93390: changes role from CANDIDATE to FOLLOWER at term 8 for REJECTED
2021-06-21 17:59:05,697 [c73c8739-3325-43cd-abe9-6b47c5c175d5@group-14706BB93390-LeaderElection18] INFO  impl.RoleInfo (RoleInfo.java:shutdownLeaderElection(121)) - c73c8739-3325-43cd-abe9-6b47c5c175d5: shutdown c73c8739-3325-43cd-abe9-6b47c5c175d5@group-14706BB93390-LeaderElection18
2021-06-21 17:59:05,697 [c73c8739-3325-43cd-abe9-6b47c5c175d5@group-14706BB93390-LeaderElection18] INFO  impl.RoleInfo (RoleInfo.java:updateAndGet(130)) - c73c8739-3325-43cd-abe9-6b47c5c175d5: start c73c8739-3325-43cd-abe9-6b47c5c175d5@group-14706BB93390-FollowerState
2021-06-21 17:59:05,915 [Listener at 127.0.0.1/44351] INFO  ozone.MiniOzoneClusterImpl (MiniOzoneClusterImpl.java:lambda$waitForClusterToBeReady$0(227)) - Nodes are ready. Got 3 of 3 DN Heartbeats.
2021-06-21 17:59:05,915 [Listener at 127.0.0.1/44351] INFO  ozone.MiniOzoneClusterImpl (MiniOzoneClusterImpl.java:lambda$waitForClusterToBeReady$0(230)) - Waiting for cluster to exit safe mode
2021-06-21 17:59:05,915 [Listener at 127.0.0.1/44351] INFO  ozone.MiniOzoneClusterImpl (MiniOzoneClusterImpl.java:lambda$waitForClusterToBeReady$0(232)) - SCM became leader
2021-06-21 17:59:06,916 [Listener at 127.0.0.1/44351] INFO  ozone.MiniOzoneClusterImpl (MiniOzoneClusterImpl.java:lambda$waitForClusterToBeReady$0(227)) - Nodes are ready. Got 3 of 3 DN Heartbeats.
2021-06-21 17:59:06,916 [Listener at 127.0.0.1/44351] INFO  ozone.MiniOzoneClusterImpl (MiniOzoneClusterImpl.java:lambda$waitForClusterToBeReady$0(230)) - Waiting for cluster to exit safe mode
2021-06-21 17:59:06,916 [Listener at 127.0.0.1/44351] INFO  ozone.MiniOzoneClusterImpl (MiniOzoneClusterImpl.java:lambda$waitForClusterToBeReady$0(232)) - SCM became leader
2021-06-21 17:59:07,917 [Listener at 127.0.0.1/44351] INFO  ozone.MiniOzoneClusterImpl (MiniOzoneClusterImpl.java:lambda$waitForClusterToBeReady$0(227)) - Nodes are ready. Got 3 of 3 DN Heartbeats.
2021-06-21 17:59:07,917 [Listener at 127.0.0.1/44351] INFO  ozone.MiniOzoneClusterImpl (MiniOzoneClusterImpl.java:lambda$waitForClusterToBeReady$0(230)) - Waiting for cluster to exit safe mode
2021-06-21 17:59:07,917 [Listener at 127.0.0.1/44351] INFO  ozone.MiniOzoneClusterImpl (MiniOzoneClusterImpl.java:lambda$waitForClusterToBeReady$0(232)) - SCM became leader
2021-06-21 17:59:08,917 [Listener at 127.0.0.1/44351] INFO  ozone.MiniOzoneClusterImpl (MiniOzoneClusterImpl.java:lambda$waitForClusterToBeReady$0(227)) - Nodes are ready. Got 3 of 3 DN Heartbeats.
2021-06-21 17:59:08,917 [Listener at 127.0.0.1/44351] INFO  ozone.MiniOzoneClusterImpl (MiniOzoneClusterImpl.java:lambda$waitForClusterToBeReady$0(230)) - Waiting for cluster to exit safe mode
2021-06-21 17:59:08,917 [Listener at 127.0.0.1/44351] INFO  ozone.MiniOzoneClusterImpl (MiniOzoneClusterImpl.java:lambda$waitForClusterToBeReady$0(232)) - SCM became leader
2021-06-21 17:59:09,918 [Listener at 127.0.0.1/44351] INFO  ozone.MiniOzoneClusterImpl (MiniOzoneClusterImpl.java:lambda$waitForClusterToBeReady$0(227)) - Nodes are ready. Got 3 of 3 DN Heartbeats.
2021-06-21 17:59:09,918 [Listener at 127.0.0.1/44351] INFO  ozone.MiniOzoneClusterImpl (MiniOzoneClusterImpl.java:lambda$waitForClusterToBeReady$0(230)) - Waiting for cluster to exit safe mode
2021-06-21 17:59:09,918 [Listener at 127.0.0.1/44351] INFO  ozone.MiniOzoneClusterImpl (MiniOzoneClusterImpl.java:lambda$waitForClusterToBeReady$0(232)) - SCM became leader
2021-06-21 17:59:10,789 [c73c8739-3325-43cd-abe9-6b47c5c175d5@group-14706BB93390-FollowerState] INFO  impl.FollowerState (FollowerState.java:run(134)) - c73c8739-3325-43cd-abe9-6b47c5c175d5@group-14706BB93390-FollowerState: change to CANDIDATE, lastRpcElapsedTime:5091671498ns, electionTimeout:5089ms
2021-06-21 17:59:10,789 [c73c8739-3325-43cd-abe9-6b47c5c175d5@group-14706BB93390-FollowerState] INFO  impl.RoleInfo (RoleInfo.java:shutdownFollowerState(108)) - c73c8739-3325-43cd-abe9-6b47c5c175d5: shutdown c73c8739-3325-43cd-abe9-6b47c5c175d5@group-14706BB93390-FollowerState
2021-06-21 17:59:10,789 [c73c8739-3325-43cd-abe9-6b47c5c175d5@group-14706BB93390-FollowerState] INFO  server.RaftServer$Division (RaftServerImpl.java:setRole(284)) - c73c8739-3325-43cd-abe9-6b47c5c175d5@group-14706BB93390: changes role from  FOLLOWER to CANDIDATE at term 8 for changeToCandidate
2021-06-21 17:59:10,789 [c73c8739-3325-43cd-abe9-6b47c5c175d5@group-14706BB93390-FollowerState] INFO  server.RaftServerConfigKeys (ConfUtils.java:logGet(44)) - raft.server.leaderelection.pre-vote = false (custom)
2021-06-21 17:59:10,789 [c73c8739-3325-43cd-abe9-6b47c5c175d5@group-14706BB93390-FollowerState] INFO  impl.RoleInfo (RoleInfo.java:updateAndGet(130)) - c73c8739-3325-43cd-abe9-6b47c5c175d5: start c73c8739-3325-43cd-abe9-6b47c5c175d5@group-14706BB93390-LeaderElection19
2021-06-21 17:59:10,791 [c73c8739-3325-43cd-abe9-6b47c5c175d5@group-14706BB93390-LeaderElection19] INFO  impl.LeaderElection (LeaderElection.java:askForVotes(306)) - c73c8739-3325-43cd-abe9-6b47c5c175d5@group-14706BB93390-LeaderElection19 ELECTION round 0: submit vote requests at term 9 for -1: [69c6f520-252c-4e6e-b4eb-24186417fbe1|rpc:10.1.0.38:46405|priority:1, c73c8739-3325-43cd-abe9-6b47c5c175d5|rpc:10.1.0.38:38205|priority:0, dcbd47e6-928b-4715-825b-9c1fc4ded717|rpc:10.1.0.38:35165|priority:0], old=null
2021-06-21 17:59:10,796 [grpc-default-executor-3] INFO  server.RaftServer$Division (RaftServerImpl.java:requestVote(1042)) - dcbd47e6-928b-4715-825b-9c1fc4ded717@group-14706BB93390: receive requestVote(ELECTION, c73c8739-3325-43cd-abe9-6b47c5c175d5, group-14706BB93390, 9, (t:0, i:0))
2021-06-21 17:59:10,796 [grpc-default-executor-3] INFO  impl.VoteContext (VoteContext.java:log(48)) - dcbd47e6-928b-4715-825b-9c1fc4ded717@group-14706BB93390-FOLLOWER: accept ELECTION from c73c8739-3325-43cd-abe9-6b47c5c175d5: our priority 0 <= candidate's priority 0
2021-06-21 17:59:10,796 [grpc-default-executor-3] INFO  server.RaftServer$Division (RaftServerImpl.java:setRole(284)) - dcbd47e6-928b-4715-825b-9c1fc4ded717@group-14706BB93390: changes role from  FOLLOWER to FOLLOWER at term 9 for candidate:c73c8739-3325-43cd-abe9-6b47c5c175d5
2021-06-21 17:59:10,796 [grpc-default-executor-3] INFO  impl.RoleInfo (RoleInfo.java:shutdownFollowerState(108)) - dcbd47e6-928b-4715-825b-9c1fc4ded717: shutdown dcbd47e6-928b-4715-825b-9c1fc4ded717@group-14706BB93390-FollowerState
2021-06-21 17:59:10,797 [grpc-default-executor-3] INFO  impl.RoleInfo (RoleInfo.java:updateAndGet(130)) - dcbd47e6-928b-4715-825b-9c1fc4ded717: start dcbd47e6-928b-4715-825b-9c1fc4ded717@group-14706BB93390-FollowerState
2021-06-21 17:59:10,797 [dcbd47e6-928b-4715-825b-9c1fc4ded717@group-14706BB93390-FollowerState] INFO  impl.FollowerState (FollowerState.java:run(143)) - dcbd47e6-928b-4715-825b-9c1fc4ded717@group-14706BB93390-FollowerState was interrupted: {}
java.lang.InterruptedException: sleep interrupted
	at java.lang.Thread.sleep(Native Method)
	at java.lang.Thread.sleep(Thread.java:340)
	at java.util.concurrent.TimeUnit.sleep(TimeUnit.java:386)
	at org.apache.ratis.util.TimeDuration.sleep(TimeDuration.java:324)
	at org.apache.ratis.util.TimeDuration.sleep(TimeDuration.java:309)
	at org.apache.ratis.server.impl.FollowerState.run(FollowerState.java:118)
2021-06-21 17:59:10,796 [grpc-default-executor-1] INFO  server.RaftServer$Division (RaftServerImpl.java:requestVote(1042)) - 69c6f520-252c-4e6e-b4eb-24186417fbe1@group-14706BB93390: receive requestVote(ELECTION, c73c8739-3325-43cd-abe9-6b47c5c175d5, group-14706BB93390, 9, (t:0, i:0))
2021-06-21 17:59:10,797 [grpc-default-executor-1] INFO  impl.VoteContext (VoteContext.java:log(48)) - 69c6f520-252c-4e6e-b4eb-24186417fbe1@group-14706BB93390-FOLLOWER: reject ELECTION from c73c8739-3325-43cd-abe9-6b47c5c175d5: our priority 1 > candidate's priority 0
2021-06-21 17:59:10,797 [grpc-default-executor-1] INFO  server.RaftServer$Division (RaftServerImpl.java:setRole(284)) - 69c6f520-252c-4e6e-b4eb-24186417fbe1@group-14706BB93390: changes role from  FOLLOWER to FOLLOWER at term 9 for candidate:c73c8739-3325-43cd-abe9-6b47c5c175d5
2021-06-21 17:59:10,798 [grpc-default-executor-1] INFO  impl.RoleInfo (RoleInfo.java:shutdownFollowerState(108)) - 69c6f520-252c-4e6e-b4eb-24186417fbe1: shutdown 69c6f520-252c-4e6e-b4eb-24186417fbe1@group-14706BB93390-FollowerState
2021-06-21 17:59:10,798 [grpc-default-executor-1] INFO  impl.RoleInfo (RoleInfo.java:updateAndGet(130)) - 69c6f520-252c-4e6e-b4eb-24186417fbe1: start 69c6f520-252c-4e6e-b4eb-24186417fbe1@group-14706BB93390-FollowerState
2021-06-21 17:59:10,798 [69c6f520-252c-4e6e-b4eb-24186417fbe1@group-14706BB93390-FollowerState] INFO  impl.FollowerState (FollowerState.java:run(143)) - 69c6f520-252c-4e6e-b4eb-24186417fbe1@group-14706BB93390-FollowerState was interrupted: {}
java.lang.InterruptedException: sleep interrupted
	at java.lang.Thread.sleep(Native Method)
	at java.lang.Thread.sleep(Thread.java:340)
	at java.util.concurrent.TimeUnit.sleep(TimeUnit.java:386)
	at org.apache.ratis.util.TimeDuration.sleep(TimeDuration.java:324)
	at org.apache.ratis.util.TimeDuration.sleep(TimeDuration.java:309)
	at org.apache.ratis.server.impl.FollowerState.run(FollowerState.java:118)
2021-06-21 17:59:10,799 [grpc-default-executor-3] INFO  server.RaftServer$Division (RaftServerImpl.java:requestVote(1074)) - dcbd47e6-928b-4715-825b-9c1fc4ded717@group-14706BB93390 replies to ELECTION vote request: c73c8739-3325-43cd-abe9-6b47c5c175d5<-dcbd47e6-928b-4715-825b-9c1fc4ded717#0:OK-t9. Peer's state: dcbd47e6-928b-4715-825b-9c1fc4ded717@group-14706BB93390:t9, leader=null, voted=c73c8739-3325-43cd-abe9-6b47c5c175d5, raftlog=dcbd47e6-928b-4715-825b-9c1fc4ded717@group-14706BB93390-SegmentedRaftLog:OPENED:c-1,f-1,i0, conf=-1: [69c6f520-252c-4e6e-b4eb-24186417fbe1|rpc:10.1.0.38:46405|priority:1, c73c8739-3325-43cd-abe9-6b47c5c175d5|rpc:10.1.0.38:38205|priority:0, dcbd47e6-928b-4715-825b-9c1fc4ded717|rpc:10.1.0.38:35165|priority:0], old=null
2021-06-21 17:59:10,799 [grpc-default-executor-1] INFO  server.RaftServer$Division (RaftServerImpl.java:requestVote(1074)) - 69c6f520-252c-4e6e-b4eb-24186417fbe1@group-14706BB93390 replies to ELECTION vote request: c73c8739-3325-43cd-abe9-6b47c5c175d5<-69c6f520-252c-4e6e-b4eb-24186417fbe1#0:FAIL-t9. Peer's state: 69c6f520-252c-4e6e-b4eb-24186417fbe1@group-14706BB93390:t9, leader=null, voted=null, raftlog=69c6f520-252c-4e6e-b4eb-24186417fbe1@group-14706BB93390-SegmentedRaftLog:OPENED:c-1,f-1,i0, conf=-1: [69c6f520-252c-4e6e-b4eb-24186417fbe1|rpc:10.1.0.38:46405|priority:1, c73c8739-3325-43cd-abe9-6b47c5c175d5|rpc:10.1.0.38:38205|priority:0, dcbd47e6-928b-4715-825b-9c1fc4ded717|rpc:10.1.0.38:35165|priority:0], old=null
2021-06-21 17:59:10,806 [c73c8739-3325-43cd-abe9-6b47c5c175d5@group-14706BB93390-LeaderElection19] INFO  impl.LeaderElection (LeaderElection.java:logAndReturn(89)) - c73c8739-3325-43cd-abe9-6b47c5c175d5@group-14706BB93390-LeaderElection19: ELECTION REJECTED received 2 response(s) and 0 exception(s):
2021-06-21 17:59:10,806 [c73c8739-3325-43cd-abe9-6b47c5c175d5@group-14706BB93390-LeaderElection19] INFO  impl.LeaderElection (LeaderElection.java:logAndReturn(93)) -   Response 0: c73c8739-3325-43cd-abe9-6b47c5c175d5<-69c6f520-252c-4e6e-b4eb-24186417fbe1#0:FAIL-t9
2021-06-21 17:59:10,807 [c73c8739-3325-43cd-abe9-6b47c5c175d5@group-14706BB93390-LeaderElection19] INFO  impl.LeaderElection (LeaderElection.java:logAndReturn(93)) -   Response 1: c73c8739-3325-43cd-abe9-6b47c5c175d5<-dcbd47e6-928b-4715-825b-9c1fc4ded717#0:OK-t9
2021-06-21 17:59:10,807 [c73c8739-3325-43cd-abe9-6b47c5c175d5@group-14706BB93390-LeaderElection19] INFO  impl.LeaderElection (LeaderElection.java:askForVotes(308)) - c73c8739-3325-43cd-abe9-6b47c5c175d5@group-14706BB93390-LeaderElection19 ELECTION round 0: result REJECTED
2021-06-21 17:59:10,807 [c73c8739-3325-43cd-abe9-6b47c5c175d5@group-14706BB93390-LeaderElection19] INFO  server.RaftServer$Division (RaftServerImpl.java:setRole(284)) - c73c8739-3325-43cd-abe9-6b47c5c175d5@group-14706BB93390: changes role from CANDIDATE to FOLLOWER at term 9 for REJECTED
2021-06-21 17:59:10,807 [c73c8739-3325-43cd-abe9-6b47c5c175d5@group-14706BB93390-LeaderElection19] INFO  impl.RoleInfo (RoleInfo.java:shutdownLeaderElection(121)) - c73c8739-3325-43cd-abe9-6b47c5c175d5: shutdown c73c8739-3325-43cd-abe9-6b47c5c175d5@group-14706BB93390-LeaderElection19
2021-06-21 17:59:10,807 [c73c8739-3325-43cd-abe9-6b47c5c175d5@group-14706BB93390-LeaderElection19] INFO  impl.RoleInfo (RoleInfo.java:updateAndGet(130)) - c73c8739-3325-43cd-abe9-6b47c5c175d5: start c73c8739-3325-43cd-abe9-6b47c5c175d5@group-14706BB93390-FollowerState
2021-06-21 17:59:10,918 [Listener at 127.0.0.1/44351] INFO  ozone.MiniOzoneClusterImpl (MiniOzoneClusterImpl.java:lambda$waitForClusterToBeReady$0(227)) - Nodes are ready. Got 3 of 3 DN Heartbeats.
2021-06-21 17:59:10,919 [Listener at 127.0.0.1/44351] INFO  ozone.MiniOzoneClusterImpl (MiniOzoneClusterImpl.java:lambda$waitForClusterToBeReady$0(230)) - Waiting for cluster to exit safe mode
2021-06-21 17:59:10,919 [Listener at 127.0.0.1/44351] INFO  ozone.MiniOzoneClusterImpl (MiniOzoneClusterImpl.java:lambda$waitForClusterToBeReady$0(232)) - SCM became leader
2021-06-21 17:59:11,919 [Listener at 127.0.0.1/44351] INFO  ozone.MiniOzoneClusterImpl (MiniOzoneClusterImpl.java:lambda$waitForClusterToBeReady$0(227)) - Nodes are ready. Got 3 of 3 DN Heartbeats.
2021-06-21 17:59:11,919 [Listener at 127.0.0.1/44351] INFO  ozone.MiniOzoneClusterImpl (MiniOzoneClusterImpl.java:lambda$waitForClusterToBeReady$0(230)) - Waiting for cluster to exit safe mode
2021-06-21 17:59:11,919 [Listener at 127.0.0.1/44351] INFO  ozone.MiniOzoneClusterImpl (MiniOzoneClusterImpl.java:lambda$waitForClusterToBeReady$0(232)) - SCM became leader
2021-06-21 17:59:12,920 [Listener at 127.0.0.1/44351] INFO  ozone.MiniOzoneClusterImpl (MiniOzoneClusterImpl.java:lambda$waitForClusterToBeReady$0(227)) - Nodes are ready. Got 3 of 3 DN Heartbeats.
2021-06-21 17:59:12,920 [Listener at 127.0.0.1/44351] INFO  ozone.MiniOzoneClusterImpl (MiniOzoneClusterImpl.java:lambda$waitForClusterToBeReady$0(230)) - Waiting for cluster to exit safe mode
2021-06-21 17:59:12,920 [Listener at 127.0.0.1/44351] INFO  ozone.MiniOzoneClusterImpl (MiniOzoneClusterImpl.java:lambda$waitForClusterToBeReady$0(232)) - SCM became leader
2021-06-21 17:59:13,920 [Listener at 127.0.0.1/44351] INFO  ozone.MiniOzoneClusterImpl (MiniOzoneClusterImpl.java:lambda$waitForClusterToBeReady$0(227)) - Nodes are ready. Got 3 of 3 DN Heartbeats.
2021-06-21 17:59:13,920 [Listener at 127.0.0.1/44351] INFO  ozone.MiniOzoneClusterImpl (MiniOzoneClusterImpl.java:lambda$waitForClusterToBeReady$0(230)) - Waiting for cluster to exit safe mode
2021-06-21 17:59:13,920 [Listener at 127.0.0.1/44351] INFO  ozone.MiniOzoneClusterImpl (MiniOzoneClusterImpl.java:lambda$waitForClusterToBeReady$0(232)) - SCM became leader
2021-06-21 17:59:14,921 [Listener at 127.0.0.1/44351] INFO  ozone.MiniOzoneClusterImpl (MiniOzoneClusterImpl.java:lambda$waitForClusterToBeReady$0(227)) - Nodes are ready. Got 3 of 3 DN Heartbeats.
2021-06-21 17:59:14,921 [Listener at 127.0.0.1/44351] INFO  ozone.MiniOzoneClusterImpl (MiniOzoneClusterImpl.java:lambda$waitForClusterToBeReady$0(230)) - Waiting for cluster to exit safe mode
2021-06-21 17:59:14,921 [Listener at 127.0.0.1/44351] INFO  ozone.MiniOzoneClusterImpl (MiniOzoneClusterImpl.java:lambda$waitForClusterToBeReady$0(232)) - SCM became leader
2021-06-21 17:59:15,874 [c73c8739-3325-43cd-abe9-6b47c5c175d5@group-14706BB93390-FollowerState] INFO  impl.FollowerState (FollowerState.java:run(134)) - c73c8739-3325-43cd-abe9-6b47c5c175d5@group-14706BB93390-FollowerState: change to CANDIDATE, lastRpcElapsedTime:5066382978ns, electionTimeout:5059ms
2021-06-21 17:59:15,874 [c73c8739-3325-43cd-abe9-6b47c5c175d5@group-14706BB93390-FollowerState] INFO  impl.RoleInfo (RoleInfo.java:shutdownFollowerState(108)) - c73c8739-3325-43cd-abe9-6b47c5c175d5: shutdown c73c8739-3325-43cd-abe9-6b47c5c175d5@group-14706BB93390-FollowerState
2021-06-21 17:59:15,874 [c73c8739-3325-43cd-abe9-6b47c5c175d5@group-14706BB93390-FollowerState] INFO  server.RaftServer$Division (RaftServerImpl.java:setRole(284)) - c73c8739-3325-43cd-abe9-6b47c5c175d5@group-14706BB93390: changes role from  FOLLOWER to CANDIDATE at term 9 for changeToCandidate
2021-06-21 17:59:15,874 [c73c8739-3325-43cd-abe9-6b47c5c175d5@group-14706BB93390-FollowerState] INFO  server.RaftServerConfigKeys (ConfUtils.java:logGet(44)) - raft.server.leaderelection.pre-vote = false (custom)
2021-06-21 17:59:15,874 [c73c8739-3325-43cd-abe9-6b47c5c175d5@group-14706BB93390-FollowerState] INFO  impl.RoleInfo (RoleInfo.java:updateAndGet(130)) - c73c8739-3325-43cd-abe9-6b47c5c175d5: start c73c8739-3325-43cd-abe9-6b47c5c175d5@group-14706BB93390-LeaderElection20
2021-06-21 17:59:15,884 [c73c8739-3325-43cd-abe9-6b47c5c175d5@group-14706BB93390-LeaderElection20] INFO  impl.LeaderElection (LeaderElection.java:askForVotes(306)) - c73c8739-3325-43cd-abe9-6b47c5c175d5@group-14706BB93390-LeaderElection20 ELECTION round 0: submit vote requests at term 10 for -1: [69c6f520-252c-4e6e-b4eb-24186417fbe1|rpc:10.1.0.38:46405|priority:1, c73c8739-3325-43cd-abe9-6b47c5c175d5|rpc:10.1.0.38:38205|priority:0, dcbd47e6-928b-4715-825b-9c1fc4ded717|rpc:10.1.0.38:35165|priority:0], old=null
2021-06-21 17:59:15,886 [grpc-default-executor-1] INFO  server.RaftServer$Division (RaftServerImpl.java:requestVote(1042)) - 69c6f520-252c-4e6e-b4eb-24186417fbe1@group-14706BB93390: receive requestVote(ELECTION, c73c8739-3325-43cd-abe9-6b47c5c175d5, group-14706BB93390, 10, (t:0, i:0))
2021-06-21 17:59:15,886 [grpc-default-executor-1] INFO  impl.VoteContext (VoteContext.java:log(48)) - 69c6f520-252c-4e6e-b4eb-24186417fbe1@group-14706BB93390-FOLLOWER: reject ELECTION from c73c8739-3325-43cd-abe9-6b47c5c175d5: our priority 1 > candidate's priority 0
2021-06-21 17:59:15,887 [grpc-default-executor-1] INFO  server.RaftServer$Division (RaftServerImpl.java:setRole(284)) - 69c6f520-252c-4e6e-b4eb-24186417fbe1@group-14706BB93390: changes role from  FOLLOWER to FOLLOWER at term 10 for candidate:c73c8739-3325-43cd-abe9-6b47c5c175d5
2021-06-21 17:59:15,887 [grpc-default-executor-1] INFO  impl.RoleInfo (RoleInfo.java:shutdownFollowerState(108)) - 69c6f520-252c-4e6e-b4eb-24186417fbe1: shutdown 69c6f520-252c-4e6e-b4eb-24186417fbe1@group-14706BB93390-FollowerState
2021-06-21 17:59:15,887 [grpc-default-executor-1] INFO  impl.RoleInfo (RoleInfo.java:updateAndGet(130)) - 69c6f520-252c-4e6e-b4eb-24186417fbe1: start 69c6f520-252c-4e6e-b4eb-24186417fbe1@group-14706BB93390-FollowerState
2021-06-21 17:59:15,887 [69c6f520-252c-4e6e-b4eb-24186417fbe1@group-14706BB93390-FollowerState] INFO  impl.FollowerState (FollowerState.java:run(143)) - 69c6f520-252c-4e6e-b4eb-24186417fbe1@group-14706BB93390-FollowerState was interrupted: {}
java.lang.InterruptedException: sleep interrupted
	at java.lang.Thread.sleep(Native Method)
	at java.lang.Thread.sleep(Thread.java:340)
	at java.util.concurrent.TimeUnit.sleep(TimeUnit.java:386)
	at org.apache.ratis.util.TimeDuration.sleep(TimeDuration.java:324)
	at org.apache.ratis.util.TimeDuration.sleep(TimeDuration.java:309)
	at org.apache.ratis.server.impl.FollowerState.run(FollowerState.java:118)
2021-06-21 17:59:15,888 [grpc-default-executor-1] INFO  server.RaftServer$Division (RaftServerImpl.java:requestVote(1074)) - 69c6f520-252c-4e6e-b4eb-24186417fbe1@group-14706BB93390 replies to ELECTION vote request: c73c8739-3325-43cd-abe9-6b47c5c175d5<-69c6f520-252c-4e6e-b4eb-24186417fbe1#0:FAIL-t10. Peer's state: 69c6f520-252c-4e6e-b4eb-24186417fbe1@group-14706BB93390:t10, leader=null, voted=null, raftlog=69c6f520-252c-4e6e-b4eb-24186417fbe1@group-14706BB93390-SegmentedRaftLog:OPENED:c-1,f-1,i0, conf=-1: [69c6f520-252c-4e6e-b4eb-24186417fbe1|rpc:10.1.0.38:46405|priority:1, c73c8739-3325-43cd-abe9-6b47c5c175d5|rpc:10.1.0.38:38205|priority:0, dcbd47e6-928b-4715-825b-9c1fc4ded717|rpc:10.1.0.38:35165|priority:0], old=null
2021-06-21 17:59:15,890 [c73c8739-3325-43cd-abe9-6b47c5c175d5@group-14706BB93390-LeaderElection20] INFO  impl.LeaderElection (LeaderElection.java:logAndReturn(89)) - c73c8739-3325-43cd-abe9-6b47c5c175d5@group-14706BB93390-LeaderElection20: ELECTION REJECTED received 1 response(s) and 0 exception(s):
2021-06-21 17:59:15,890 [c73c8739-3325-43cd-abe9-6b47c5c175d5@group-14706BB93390-LeaderElection20] INFO  impl.LeaderElection (LeaderElection.java:logAndReturn(93)) -   Response 0: c73c8739-3325-43cd-abe9-6b47c5c175d5<-69c6f520-252c-4e6e-b4eb-24186417fbe1#0:FAIL-t10
2021-06-21 17:59:15,890 [c73c8739-3325-43cd-abe9-6b47c5c175d5@group-14706BB93390-LeaderElection20] INFO  impl.LeaderElection (LeaderElection.java:askForVotes(308)) - c73c8739-3325-43cd-abe9-6b47c5c175d5@group-14706BB93390-LeaderElection20 ELECTION round 0: result REJECTED
2021-06-21 17:59:15,890 [c73c8739-3325-43cd-abe9-6b47c5c175d5@group-14706BB93390-LeaderElection20] INFO  server.RaftServer$Division (RaftServerImpl.java:setRole(284)) - c73c8739-3325-43cd-abe9-6b47c5c175d5@group-14706BB93390: changes role from CANDIDATE to FOLLOWER at term 10 for REJECTED
2021-06-21 17:59:15,890 [c73c8739-3325-43cd-abe9-6b47c5c175d5@group-14706BB93390-LeaderElection20] INFO  impl.RoleInfo (RoleInfo.java:shutdownLeaderElection(121)) - c73c8739-3325-43cd-abe9-6b47c5c175d5: shutdown c73c8739-3325-43cd-abe9-6b47c5c175d5@group-14706BB93390-LeaderElection20
2021-06-21 17:59:15,890 [c73c8739-3325-43cd-abe9-6b47c5c175d5@group-14706BB93390-LeaderElection20] INFO  impl.RoleInfo (RoleInfo.java:updateAndGet(130)) - c73c8739-3325-43cd-abe9-6b47c5c175d5: start c73c8739-3325-43cd-abe9-6b47c5c175d5@group-14706BB93390-FollowerState
2021-06-21 17:59:15,897 [grpc-default-executor-3] INFO  server.RaftServer$Division (RaftServerImpl.java:requestVote(1042)) - dcbd47e6-928b-4715-825b-9c1fc4ded717@group-14706BB93390: receive requestVote(ELECTION, c73c8739-3325-43cd-abe9-6b47c5c175d5, group-14706BB93390, 10, (t:0, i:0))
2021-06-21 17:59:15,897 [grpc-default-executor-3] INFO  impl.VoteContext (VoteContext.java:log(48)) - dcbd47e6-928b-4715-825b-9c1fc4ded717@group-14706BB93390-FOLLOWER: accept ELECTION from c73c8739-3325-43cd-abe9-6b47c5c175d5: our priority 0 <= candidate's priority 0
2021-06-21 17:59:15,897 [grpc-default-executor-3] INFO  server.RaftServer$Division (RaftServerImpl.java:setRole(284)) - dcbd47e6-928b-4715-825b-9c1fc4ded717@group-14706BB93390: changes role from  FOLLOWER to FOLLOWER at term 10 for candidate:c73c8739-3325-43cd-abe9-6b47c5c175d5
2021-06-21 17:59:15,897 [grpc-default-executor-3] INFO  impl.RoleInfo (RoleInfo.java:shutdownFollowerState(108)) - dcbd47e6-928b-4715-825b-9c1fc4ded717: shutdown dcbd47e6-928b-4715-825b-9c1fc4ded717@group-14706BB93390-FollowerState
2021-06-21 17:59:15,897 [grpc-default-executor-3] INFO  impl.RoleInfo (RoleInfo.java:updateAndGet(130)) - dcbd47e6-928b-4715-825b-9c1fc4ded717: start dcbd47e6-928b-4715-825b-9c1fc4ded717@group-14706BB93390-FollowerState
2021-06-21 17:59:15,898 [dcbd47e6-928b-4715-825b-9c1fc4ded717@group-14706BB93390-FollowerState] INFO  impl.FollowerState (FollowerState.java:run(143)) - dcbd47e6-928b-4715-825b-9c1fc4ded717@group-14706BB93390-FollowerState was interrupted: {}
java.lang.InterruptedException: sleep interrupted
	at java.lang.Thread.sleep(Native Method)
	at java.lang.Thread.sleep(Thread.java:340)
	at java.util.concurrent.TimeUnit.sleep(TimeUnit.java:386)
	at org.apache.ratis.util.TimeDuration.sleep(TimeDuration.java:324)
	at org.apache.ratis.util.TimeDuration.sleep(TimeDuration.java:309)
	at org.apache.ratis.server.impl.FollowerState.run(FollowerState.java:118)
2021-06-21 17:59:15,903 [grpc-default-executor-3] INFO  server.RaftServer$Division (RaftServerImpl.java:requestVote(1074)) - dcbd47e6-928b-4715-825b-9c1fc4ded717@group-14706BB93390 replies to ELECTION vote request: c73c8739-3325-43cd-abe9-6b47c5c175d5<-dcbd47e6-928b-4715-825b-9c1fc4ded717#0:OK-t10. Peer's state: dcbd47e6-928b-4715-825b-9c1fc4ded717@group-14706BB93390:t10, leader=null, voted=c73c8739-3325-43cd-abe9-6b47c5c175d5, raftlog=dcbd47e6-928b-4715-825b-9c1fc4ded717@group-14706BB93390-SegmentedRaftLog:OPENED:c-1,f-1,i0, conf=-1: [69c6f520-252c-4e6e-b4eb-24186417fbe1|rpc:10.1.0.38:46405|priority:1, c73c8739-3325-43cd-abe9-6b47c5c175d5|rpc:10.1.0.38:38205|priority:0, dcbd47e6-928b-4715-825b-9c1fc4ded717|rpc:10.1.0.38:35165|priority:0], old=null
2021-06-21 17:59:15,921 [Listener at 127.0.0.1/44351] INFO  ozone.MiniOzoneClusterImpl (MiniOzoneClusterImpl.java:lambda$waitForClusterToBeReady$0(227)) - Nodes are ready. Got 3 of 3 DN Heartbeats.
2021-06-21 17:59:15,921 [Listener at 127.0.0.1/44351] INFO  ozone.MiniOzoneClusterImpl (MiniOzoneClusterImpl.java:lambda$waitForClusterToBeReady$0(230)) - Waiting for cluster to exit safe mode
2021-06-21 17:59:15,921 [Listener at 127.0.0.1/44351] INFO  ozone.MiniOzoneClusterImpl (MiniOzoneClusterImpl.java:lambda$waitForClusterToBeReady$0(232)) - SCM became leader
2021-06-21 17:59:16,922 [Listener at 127.0.0.1/44351] INFO  ozone.MiniOzoneClusterImpl (MiniOzoneClusterImpl.java:lambda$waitForClusterToBeReady$0(227)) - Nodes are ready. Got 3 of 3 DN Heartbeats.
2021-06-21 17:59:16,922 [Listener at 127.0.0.1/44351] INFO  ozone.MiniOzoneClusterImpl (MiniOzoneClusterImpl.java:lambda$waitForClusterToBeReady$0(230)) - Waiting for cluster to exit safe mode
2021-06-21 17:59:16,922 [Listener at 127.0.0.1/44351] INFO  ozone.MiniOzoneClusterImpl (MiniOzoneClusterImpl.java:lambda$waitForClusterToBeReady$0(232)) - SCM became leader
2021-06-21 17:59:17,156 [Time-limited test] INFO  ozone.MiniOzoneClusterImpl (MiniOzoneClusterImpl.java:shutdown(445)) - Shutting down the Mini Ozone Cluster
2021-06-21 17:59:17,157 [Time-limited test] INFO  ozone.MiniOzoneClusterImpl (MiniOzoneClusterImpl.java:stop(460)) - Stopping the Mini Ozone Cluster
2021-06-21 17:59:17,157 [Time-limited test] INFO  ozone.MiniOzoneClusterImpl (MiniOzoneClusterImpl.java:stopOM(542)) - Stopping the OzoneManager
2021-06-21 17:59:17,157 [Time-limited test] INFO  ipc.Server (Server.java:stop(3403)) - Stopping server on 44351
2021-06-21 17:59:17,160 [IPC Server Responder] INFO  ipc.Server (Server.java:run(1502)) - Stopping IPC Server Responder
2021-06-21 17:59:17,160 [IPC Server listener on 0] INFO  ipc.Server (Server.java:run(1366)) - Stopping IPC Server listener on 0
2021-06-21 17:59:17,162 [Time-limited test] INFO  server.RaftServer (RaftServerProxy.java:lambda$close$6(391)) - om1: close
2021-06-21 17:59:17,163 [Time-limited test] INFO  server.RaftServer$Division (RaftServerImpl.java:lambda$close$4(406)) - om1@group-C5BA1605619E: shutdown
2021-06-21 17:59:17,163 [Time-limited test] INFO  util.JmxRegister (JmxRegister.java:unregister(73)) - Successfully un-registered JMX Bean with object name Ratis:service=RaftServer,group=group-C5BA1605619E,id=om1
2021-06-21 17:59:17,163 [Time-limited test] INFO  impl.RoleInfo (RoleInfo.java:shutdownLeaderState(91)) - om1: shutdown om1@group-C5BA1605619E-LeaderStateImpl
2021-06-21 17:59:17,163 [Time-limited test] INFO  impl.PendingRequests (PendingRequests.java:sendNotLeaderResponses(249)) - om1@group-C5BA1605619E-PendingRequests: sendNotLeaderResponses
2021-06-21 17:59:17,164 [Time-limited test] INFO  metrics.RatisMetrics (RatisMetrics.java:unregister(43)) - Unregistering Metrics Registry : ratis.log_appender.om1@group-C5BA1605619E
2021-06-21 17:59:17,164 [Time-limited test] INFO  metrics.RatisMetrics (RatisMetrics.java:unregister(43)) - Unregistering Metrics Registry : ratis.server.om1@group-C5BA1605619E
2021-06-21 17:59:17,164 [Time-limited test] INFO  impl.StateMachineUpdater (StateMachineUpdater.java:stopAndJoin(149)) - om1@group-C5BA1605619E-StateMachineUpdater: set stopIndex = 0
2021-06-21 17:59:17,164 [om1@group-C5BA1605619E-StateMachineUpdater] INFO  ratis.OzoneManagerStateMachine (OzoneManagerStateMachine.java:takeSnapshot(347)) - Current Snapshot Index (t:1, i:0)
2021-06-21 17:59:17,165 [om1@group-C5BA1605619E-StateMachineUpdater] INFO  impl.StateMachineUpdater (StateMachineUpdater.java:takeSnapshot(281)) - om1@group-C5BA1605619E-StateMachineUpdater: Took a snapshot at index 0
2021-06-21 17:59:17,165 [om1@group-C5BA1605619E-StateMachineUpdater] INFO  impl.StateMachineUpdater (StateMachineUpdater.java:lambda$new$0(89)) - om1@group-C5BA1605619E-StateMachineUpdater: snapshotIndex: updateIncreasingly -1 -> 0
2021-06-21 17:59:17,165 [om1@group-C5BA1605619E-StateMachineUpdater] INFO  metrics.RatisMetrics (RatisMetrics.java:unregister(43)) - Unregistering Metrics Registry : ratis.state_machine.om1@group-C5BA1605619E
2021-06-21 17:59:17,165 [Time-limited test] INFO  server.RaftServer$Division (ServerState.java:close(405)) - om1@group-C5BA1605619E: closes. applyIndex: 0
2021-06-21 17:59:17,165 [om1@group-C5BA1605619E-SegmentedRaftLogWorker] INFO  segmented.SegmentedRaftLogWorker (SegmentedRaftLogWorker.java:run(327)) - om1@group-C5BA1605619E-SegmentedRaftLogWorker was interrupted, exiting. There are 0 tasks remaining in the queue.
2021-06-21 17:59:17,166 [Time-limited test] INFO  segmented.SegmentedRaftLogWorker (SegmentedRaftLogWorker.java:close(237)) - om1@group-C5BA1605619E-SegmentedRaftLogWorker close()
2021-06-21 17:59:17,167 [Time-limited test] INFO  metrics.RatisMetrics (RatisMetrics.java:unregister(43)) - Unregistering Metrics Registry : ratis.log_worker.om1@group-C5BA1605619E
2021-06-21 17:59:17,167 [Time-limited test] INFO  metrics.RatisMetrics (RatisMetrics.java:unregister(43)) - Unregistering Metrics Registry : ratis.leader_election.om1@group-C5BA1605619E
2021-06-21 17:59:17,167 [Time-limited test] INFO  metrics.RatisMetrics (RatisMetrics.java:unregister(43)) - Unregistering Metrics Registry : ratis.server.om1@group-C5BA1605619E
2021-06-21 17:59:17,168 [Time-limited test] INFO  server.GrpcService (GrpcService.java:closeImpl(262)) - om1: shutdown server with port 9872 now
2021-06-21 17:59:17,168 [Time-limited test] INFO  server.GrpcService (GrpcService.java:closeImpl(271)) - om1: shutdown server with port 9872 successfully
2021-06-21 17:59:17,169 [org.apache.ratis.util.JvmPauseMonitor$$Lambda$513/332907864@372de01e] INFO  util.JvmPauseMonitor (JvmPauseMonitor.java:run(109)) - JvmPauseMonitor-om1: Stopped
2021-06-21 17:59:17,169 [Time-limited test] INFO  ratis.OzoneManagerDoubleBuffer (OzoneManagerDoubleBuffer.java:stop(426)) - Stopping OMDoubleBuffer flush thread
2021-06-21 17:59:17,169 [OMDoubleBufferFlushThread] INFO  ratis.OzoneManagerDoubleBuffer (OzoneManagerDoubleBuffer.java:flushTransactions(353)) - OMDoubleBuffer flush thread OMDoubleBufferFlushThread is interrupted and will exit. OMDoubleBufferFlushThread
2021-06-21 17:59:17,169 [Time-limited test] INFO  ratis.OzoneManagerStateMachine (HadoopExecutors.java:shutdown(118)) - Gracefully shutting down executor service. Waiting max 5 SECONDS
2021-06-21 17:59:17,169 [Time-limited test] INFO  ratis.OzoneManagerStateMachine (HadoopExecutors.java:shutdown(129)) - Succesfully shutdown executor service
2021-06-21 17:59:17,169 [Time-limited test] INFO  ratis.OzoneManagerStateMachine (HadoopExecutors.java:shutdown(118)) - Gracefully shutting down executor service. Waiting max 5 SECONDS
2021-06-21 17:59:17,170 [Time-limited test] INFO  ratis.OzoneManagerStateMachine (HadoopExecutors.java:shutdown(129)) - Succesfully shutdown executor service
2021-06-21 17:59:17,170 [Time-limited test] INFO  utils.BackgroundService (BackgroundService.java:shutdown(132)) - Shutting down service KeyDeletingService
2021-06-21 17:59:17,171 [Time-limited test] INFO  handler.ContextHandler (ContextHandler.java:doStop(1154)) - Stopped o.e.j.w.WebAppContext@218ad3c0{ozoneManager,/,null,STOPPED}{file:/home/runner/work/ozone/ozone/mnt/ozone/hadoop-ozone/integration-test/target/test-classes/webapps/ozoneManager}
2021-06-21 17:59:17,173 [Time-limited test] INFO  server.AbstractConnector (AbstractConnector.java:doStop(381)) - Stopped ServerConnector@561d803{HTTP/1.1, (http/1.1)}{0.0.0.0:0}
2021-06-21 17:59:17,173 [Time-limited test] INFO  server.session (HouseKeeper.java:stopScavenging(149)) - node0 Stopped scavenging
2021-06-21 17:59:17,174 [Time-limited test] INFO  handler.ContextHandler (ContextHandler.java:doStop(1154)) - Stopped o.e.j.s.ServletContextHandler@7861f03{static,/static,file:///home/runner/work/ozone/ozone/mnt/ozone/hadoop-ozone/integration-test/target/test-classes/webapps/static,STOPPED}
2021-06-21 17:59:17,175 [Time-limited test] INFO  handler.ContextHandler (ContextHandler.java:doStop(1154)) - Stopped o.e.j.s.ServletContextHandler@763cf801{logs,/logs,file:///home/runner/work/ozone/ozone/mnt/ozone/hadoop-ozone/integration-test/target/log,STOPPED}
2021-06-21 17:59:17,179 [Time-limited test] INFO  ozone.MiniOzoneClusterImpl (MiniOzoneClusterImpl.java:stopDatanodes(519)) - Stopping the HddsDatanodes
2021-06-21 17:59:17,837 [Datanode State Machine Thread - 0] INFO  statemachine.DatanodeStateMachine (DatanodeStateMachine.java:lambda$startDaemon$0(430)) - Ozone container server started.
2021-06-21 17:59:18,000 [Datanode State Machine Thread - 0] INFO  statemachine.DatanodeStateMachine (DatanodeStateMachine.java:lambda$startDaemon$0(430)) - Ozone container server started.
2021-06-21 17:59:20,898 [69c6f520-252c-4e6e-b4eb-24186417fbe1@group-14706BB93390-FollowerState] INFO  impl.FollowerState (FollowerState.java:run(134)) - 69c6f520-252c-4e6e-b4eb-24186417fbe1@group-14706BB93390-FollowerState: change to CANDIDATE, lastRpcElapsedTime:5011712115ns, electionTimeout:5011ms
2021-06-21 17:59:20,899 [69c6f520-252c-4e6e-b4eb-24186417fbe1@group-14706BB93390-FollowerState] INFO  impl.RoleInfo (RoleInfo.java:shutdownFollowerState(108)) - 69c6f520-252c-4e6e-b4eb-24186417fbe1: shutdown 69c6f520-252c-4e6e-b4eb-24186417fbe1@group-14706BB93390-FollowerState
2021-06-21 17:59:20,899 [69c6f520-252c-4e6e-b4eb-24186417fbe1@group-14706BB93390-FollowerState] INFO  server.RaftServer$Division (RaftServerImpl.java:setRole(284)) - 69c6f520-252c-4e6e-b4eb-24186417fbe1@group-14706BB93390: changes role from  FOLLOWER to CANDIDATE at term 10 for changeToCandidate
2021-06-21 17:59:20,899 [69c6f520-252c-4e6e-b4eb-24186417fbe1@group-14706BB93390-FollowerState] INFO  server.RaftServerConfigKeys (ConfUtils.java:logGet(44)) - raft.server.leaderelection.pre-vote = false (custom)
2021-06-21 17:59:20,899 [69c6f520-252c-4e6e-b4eb-24186417fbe1@group-14706BB93390-FollowerState] INFO  impl.RoleInfo (RoleInfo.java:updateAndGet(130)) - 69c6f520-252c-4e6e-b4eb-24186417fbe1: start 69c6f520-252c-4e6e-b4eb-24186417fbe1@group-14706BB93390-LeaderElection21
2021-06-21 17:59:20,901 [69c6f520-252c-4e6e-b4eb-24186417fbe1@group-14706BB93390-LeaderElection21] INFO  impl.LeaderElection (LeaderElection.java:askForVotes(306)) - 69c6f520-252c-4e6e-b4eb-24186417fbe1@group-14706BB93390-LeaderElection21 ELECTION round 0: submit vote requests at term 11 for -1: [69c6f520-252c-4e6e-b4eb-24186417fbe1|rpc:10.1.0.38:46405|priority:1, c73c8739-3325-43cd-abe9-6b47c5c175d5|rpc:10.1.0.38:38205|priority:0, dcbd47e6-928b-4715-825b-9c1fc4ded717|rpc:10.1.0.38:35165|priority:0], old=null
2021-06-21 17:59:20,904 [grpc-default-executor-3] INFO  server.RaftServer$Division (RaftServerImpl.java:requestVote(1042)) - c73c8739-3325-43cd-abe9-6b47c5c175d5@group-14706BB93390: receive requestVote(ELECTION, 69c6f520-252c-4e6e-b4eb-24186417fbe1, group-14706BB93390, 11, (t:0, i:0))
2021-06-21 17:59:20,904 [grpc-default-executor-3] INFO  impl.VoteContext (VoteContext.java:log(48)) - c73c8739-3325-43cd-abe9-6b47c5c175d5@group-14706BB93390-FOLLOWER: accept ELECTION from 69c6f520-252c-4e6e-b4eb-24186417fbe1: our priority 0 <= candidate's priority 1
2021-06-21 17:59:20,904 [grpc-default-executor-3] INFO  server.RaftServer$Division (RaftServerImpl.java:setRole(284)) - c73c8739-3325-43cd-abe9-6b47c5c175d5@group-14706BB93390: changes role from  FOLLOWER to FOLLOWER at term 11 for candidate:69c6f520-252c-4e6e-b4eb-24186417fbe1
2021-06-21 17:59:20,904 [grpc-default-executor-3] INFO  impl.RoleInfo (RoleInfo.java:shutdownFollowerState(108)) - c73c8739-3325-43cd-abe9-6b47c5c175d5: shutdown c73c8739-3325-43cd-abe9-6b47c5c175d5@group-14706BB93390-FollowerState
2021-06-21 17:59:20,904 [grpc-default-executor-3] INFO  impl.RoleInfo (RoleInfo.java:updateAndGet(130)) - c73c8739-3325-43cd-abe9-6b47c5c175d5: start c73c8739-3325-43cd-abe9-6b47c5c175d5@group-14706BB93390-FollowerState
2021-06-21 17:59:20,906 [grpc-default-executor-3] INFO  server.RaftServer$Division (RaftServerImpl.java:requestVote(1074)) - c73c8739-3325-43cd-abe9-6b47c5c175d5@group-14706BB93390 replies to ELECTION vote request: 69c6f520-252c-4e6e-b4eb-24186417fbe1<-c73c8739-3325-43cd-abe9-6b47c5c175d5#0:OK-t11. Peer's state: c73c8739-3325-43cd-abe9-6b47c5c175d5@group-14706BB93390:t11, leader=null, voted=69c6f520-252c-4e6e-b4eb-24186417fbe1, raftlog=c73c8739-3325-43cd-abe9-6b47c5c175d5@group-14706BB93390-SegmentedRaftLog:OPENED:c-1,f-1,i0, conf=-1: [69c6f520-252c-4e6e-b4eb-24186417fbe1|rpc:10.1.0.38:46405|priority:1, c73c8739-3325-43cd-abe9-6b47c5c175d5|rpc:10.1.0.38:38205|priority:0, dcbd47e6-928b-4715-825b-9c1fc4ded717|rpc:10.1.0.38:35165|priority:0], old=null
2021-06-21 17:59:20,907 [69c6f520-252c-4e6e-b4eb-24186417fbe1@group-14706BB93390-LeaderElection21] INFO  impl.LeaderElection (LeaderElection.java:logAndReturn(89)) - 69c6f520-252c-4e6e-b4eb-24186417fbe1@group-14706BB93390-LeaderElection21: ELECTION PASSED received 1 response(s) and 0 exception(s):
2021-06-21 17:59:20,908 [69c6f520-252c-4e6e-b4eb-24186417fbe1@group-14706BB93390-LeaderElection21] INFO  impl.LeaderElection (LeaderElection.java:logAndReturn(93)) -   Response 0: 69c6f520-252c-4e6e-b4eb-24186417fbe1<-c73c8739-3325-43cd-abe9-6b47c5c175d5#0:OK-t11
2021-06-21 17:59:20,908 [69c6f520-252c-4e6e-b4eb-24186417fbe1@group-14706BB93390-LeaderElection21] INFO  impl.LeaderElection (LeaderElection.java:askForVotes(308)) - 69c6f520-252c-4e6e-b4eb-24186417fbe1@group-14706BB93390-LeaderElection21 ELECTION round 0: result PASSED
2021-06-21 17:59:20,908 [69c6f520-252c-4e6e-b4eb-24186417fbe1@group-14706BB93390-LeaderElection21] INFO  impl.RoleInfo (RoleInfo.java:shutdownLeaderElection(121)) - 69c6f520-252c-4e6e-b4eb-24186417fbe1: shutdown 69c6f520-252c-4e6e-b4eb-24186417fbe1@group-14706BB93390-LeaderElection21
2021-06-21 17:59:20,908 [69c6f520-252c-4e6e-b4eb-24186417fbe1@group-14706BB93390-LeaderElection21] INFO  server.RaftServer$Division (RaftServerImpl.java:setRole(284)) - 69c6f520-252c-4e6e-b4eb-24186417fbe1@group-14706BB93390: changes role from CANDIDATE to LEADER at term 11 for changeToLeader
2021-06-21 17:59:20,908 [69c6f520-252c-4e6e-b4eb-24186417fbe1@group-14706BB93390-LeaderElection21] INFO  ratis.XceiverServerRatis (XceiverServerRatis.java:handleLeaderChangedNotification(857)) - Leader change notification received for group: group-14706BB93390 with new leaderId: 69c6f520-252c-4e6e-b4eb-24186417fbe1
2021-06-21 17:59:20,908 [69c6f520-252c-4e6e-b4eb-24186417fbe1@group-14706BB93390-LeaderElection21] INFO  server.RaftServer$Division (ServerState.java:setLeader(271)) - 69c6f520-252c-4e6e-b4eb-24186417fbe1@group-14706BB93390: change Leader from null to 69c6f520-252c-4e6e-b4eb-24186417fbe1 at term 11 for becomeLeader, leader elected after 55949ms
2021-06-21 17:59:20,908 [69c6f520-252c-4e6e-b4eb-24186417fbe1@group-14706BB93390-LeaderElection21] INFO  server.RaftServerConfigKeys (ConfUtils.java:logGet(44)) - raft.server.staging.catchup.gap = 1000 (default)
2021-06-21 17:59:20,908 [69c6f520-252c-4e6e-b4eb-24186417fbe1@group-14706BB93390-LeaderElection21] INFO  metrics.RatisMetrics (RatisMetrics.java:lambda$create$0(36)) - Creating Metrics Registry : ratis.log_appender.69c6f520-252c-4e6e-b4eb-24186417fbe1@group-14706BB93390
2021-06-21 17:59:20,909 [69c6f520-252c-4e6e-b4eb-24186417fbe1@group-14706BB93390-LeaderElection21] INFO  server.RaftServerConfigKeys (ConfUtils.java:logGet(44)) - raft.server.write.element-limit = 1024 (custom)
2021-06-21 17:59:20,909 [69c6f520-252c-4e6e-b4eb-24186417fbe1@group-14706BB93390-LeaderElection21] INFO  server.RaftServerConfigKeys (ConfUtils.java:logGet(44)) - raft.server.write.byte-limit = 1073741824 (custom)
2021-06-21 17:59:20,909 [69c6f520-252c-4e6e-b4eb-24186417fbe1@group-14706BB93390-LeaderElection21] INFO  server.RaftServerConfigKeys (ConfUtils.java:logGet(44)) - raft.server.watch.timeout = 180s (custom)
2021-06-21 17:59:20,909 [69c6f520-252c-4e6e-b4eb-24186417fbe1@group-14706BB93390-LeaderElection21] INFO  server.RaftServerConfigKeys (ConfUtils.java:logGet(44)) - raft.server.watch.timeout.denomination = 1s (default)
2021-06-21 17:59:20,909 [69c6f520-252c-4e6e-b4eb-24186417fbe1@group-14706BB93390-LeaderElection21] INFO  server.RaftServerConfigKeys (ConfUtils.java:logGet(44)) - raft.server.watch.element-limit = 65536 (default)
2021-06-21 17:59:20,908 [c73c8739-3325-43cd-abe9-6b47c5c175d5@group-14706BB93390-FollowerState] INFO  impl.FollowerState (FollowerState.java:run(143)) - c73c8739-3325-43cd-abe9-6b47c5c175d5@group-14706BB93390-FollowerState was interrupted: {}
java.lang.InterruptedException: sleep interrupted
	at java.lang.Thread.sleep(Native Method)
	at java.lang.Thread.sleep(Thread.java:340)
	at java.util.concurrent.TimeUnit.sleep(TimeUnit.java:386)
	at org.apache.ratis.util.TimeDuration.sleep(TimeDuration.java:324)
	at org.apache.ratis.util.TimeDuration.sleep(TimeDuration.java:309)
	at org.apache.ratis.server.impl.FollowerState.run(FollowerState.java:118)
2021-06-21 17:59:20,914 [EventQueue-PipelineReportForPipelineReportHandler] INFO  pipeline.PipelineManagerV2Impl (PipelineManagerV2Impl.java:openPipeline(270)) - Pipeline Pipeline[ Id: 30059530-567b-4f38-ba65-14706bb93390, Nodes: 69c6f520-252c-4e6e-b4eb-24186417fbe1{ip: 10.1.0.38, host: fv-az294-379.eaanfquahm5ulb5tj050gcxych.jx.internal.cloudapp.net, ports: [REPLICATION=40749, RATIS=46405, RATIS_ADMIN=46405, RATIS_SERVER=46405, STANDALONE=45039], networkLocation: /default-rack, certSerialId: null, persistedOpState: IN_SERVICE, persistedOpStateExpiryEpochSec: 0}c73c8739-3325-43cd-abe9-6b47c5c175d5{ip: 10.1.0.38, host: fv-az294-379.eaanfquahm5ulb5tj050gcxych.jx.internal.cloudapp.net, ports: [REPLICATION=41957, RATIS=38205, RATIS_ADMIN=38205, RATIS_SERVER=38205, STANDALONE=33353], networkLocation: /default-rack, certSerialId: null, persistedOpState: IN_SERVICE, persistedOpStateExpiryEpochSec: 0}dcbd47e6-928b-4715-825b-9c1fc4ded717{ip: 10.1.0.38, host: fv-az294-379.eaanfquahm5ulb5tj050gcxych.jx.internal.cloudapp.net, ports: [REPLICATION=46349, RATIS=35165, RATIS_ADMIN=35165, RATIS_SERVER=35165, STANDALONE=36905], networkLocation: /default-rack, certSerialId: null, persistedOpState: IN_SERVICE, persistedOpStateExpiryEpochSec: 0}, ReplicationConfig: RATIS/THREE, State:ALLOCATED, leaderId:69c6f520-252c-4e6e-b4eb-24186417fbe1, CreationTimestamp2021-06-21T17:58:21.905Z] moved to OPEN state
2021-06-21 17:59:20,914 [EventQueue-OpenPipelineForHealthyPipelineSafeModeRule] INFO  safemode.SCMSafeModeManager (HealthyPipelineSafeModeRule.java:process(124)) - SCM in safe mode. Healthy pipelines reported count is 1, required healthy pipeline reported count is 1
2021-06-21 17:59:20,914 [EventQueue-OpenPipelineForHealthyPipelineSafeModeRule] INFO  safemode.SCMSafeModeManager (SCMSafeModeManager.java:validateSafeModeExitRules(204)) - HealthyPipelineSafeModeRule rule is successfully validated
2021-06-21 17:59:20,914 [EventQueue-OpenPipelineForHealthyPipelineSafeModeRule] INFO  safemode.SCMSafeModeManager (SCMSafeModeManager.java:validateSafeModeExitRules(219)) - ScmSafeModeManager, all rules are successfully validated
2021-06-21 17:59:20,914 [EventQueue-OpenPipelineForHealthyPipelineSafeModeRule] INFO  safemode.SCMSafeModeManager (SCMSafeModeManager.java:exitSafeMode(248)) - SCM exiting safe mode.
2021-06-21 17:59:20,914 [EventQueue-OpenPipelineForHealthyPipelineSafeModeRule] WARN  events.EventQueue (EventQueue.java:fireEvent(185)) - No event handler registered for event TypedEvent{payloadType=SafeModeStatus, name='Safe mode status'}
2021-06-21 17:59:20,914 [EventQueue-OpenPipelineForHealthyPipelineSafeModeRule] INFO  ha.SCMContext (SCMContext.java:updateSafeModeStatus(208)) - Update SafeModeStatus from SafeModeStatus{safeModeStatus=true, preCheckPassed=true} to SafeModeStatus{safeModeStatus=false, preCheckPassed=true}.
2021-06-21 17:59:20,914 [EventQueue-OpenPipelineForHealthyPipelineSafeModeRule] INFO  pipeline.BackgroundPipelineCreator (BackgroundPipelineCreatorV2.java:notifyStatusChanged(264)) - Service BackgroundPipelineCreator transitions to RUNNING.
2021-06-21 17:59:20,914 [EventQueue-OpenPipelineForHealthyPipelineSafeModeRule] INFO  container.ReplicationManager (ReplicationManager.java:notifyStatusChanged(1282)) - Service ReplicationManager transitions to RUNNING.
2021-06-21 17:59:20,915 [grpc-default-executor-3] INFO  server.RaftServer$Division (RaftServerImpl.java:requestVote(1042)) - dcbd47e6-928b-4715-825b-9c1fc4ded717@group-14706BB93390: receive requestVote(ELECTION, 69c6f520-252c-4e6e-b4eb-24186417fbe1, group-14706BB93390, 11, (t:0, i:0))
2021-06-21 17:59:20,918 [grpc-default-executor-3] INFO  impl.VoteContext (VoteContext.java:log(48)) - dcbd47e6-928b-4715-825b-9c1fc4ded717@group-14706BB93390-FOLLOWER: accept ELECTION from 69c6f520-252c-4e6e-b4eb-24186417fbe1: our priority 0 <= candidate's priority 1
2021-06-21 17:59:20,918 [grpc-default-executor-3] INFO  server.RaftServer$Division (RaftServerImpl.java:setRole(284)) - dcbd47e6-928b-4715-825b-9c1fc4ded717@group-14706BB93390: changes role from  FOLLOWER to FOLLOWER at term 11 for candidate:69c6f520-252c-4e6e-b4eb-24186417fbe1
2021-06-21 17:59:20,918 [grpc-default-executor-3] INFO  impl.RoleInfo (RoleInfo.java:shutdownFollowerState(108)) - dcbd47e6-928b-4715-825b-9c1fc4ded717: shutdown dcbd47e6-928b-4715-825b-9c1fc4ded717@group-14706BB93390-FollowerState
2021-06-21 17:59:20,918 [69c6f520-252c-4e6e-b4eb-24186417fbe1@group-14706BB93390-LeaderElection21] INFO  server.RaftServerConfigKeys (ConfUtils.java:logGet(44)) - raft.server.log.appender.snapshot.chunk.size.max = 16MB (=16777216) (default)
2021-06-21 17:59:20,918 [dcbd47e6-928b-4715-825b-9c1fc4ded717@group-14706BB93390-FollowerState] INFO  impl.FollowerState (FollowerState.java:run(143)) - dcbd47e6-928b-4715-825b-9c1fc4ded717@group-14706BB93390-FollowerState was interrupted: {}
java.lang.InterruptedException: sleep interrupted
	at java.lang.Thread.sleep(Native Method)
	at java.lang.Thread.sleep(Thread.java:340)
	at java.util.concurrent.TimeUnit.sleep(TimeUnit.java:386)
	at org.apache.ratis.util.TimeDuration.sleep(TimeDuration.java:324)
	at org.apache.ratis.util.TimeDuration.sleep(TimeDuration.java:309)
	at org.apache.ratis.server.impl.FollowerState.run(FollowerState.java:118)
2021-06-21 17:59:20,918 [grpc-default-executor-3] INFO  impl.RoleInfo (RoleInfo.java:updateAndGet(130)) - dcbd47e6-928b-4715-825b-9c1fc4ded717: start dcbd47e6-928b-4715-825b-9c1fc4ded717@group-14706BB93390-FollowerState
2021-06-21 17:59:20,925 [69c6f520-252c-4e6e-b4eb-24186417fbe1@group-14706BB93390-LeaderElection21] INFO  server.RaftServerConfigKeys (ConfUtils.java:logGet(44)) - raft.server.log.appender.buffer.byte-limit = 33554432 (custom)
2021-06-21 17:59:20,925 [69c6f520-252c-4e6e-b4eb-24186417fbe1@group-14706BB93390-LeaderElection21] INFO  server.RaftServerConfigKeys (ConfUtils.java:logGet(44)) - raft.server.log.appender.buffer.element-limit = 1 (custom)
2021-06-21 17:59:20,925 [grpc-default-executor-3] INFO  server.RaftServer$Division (RaftServerImpl.java:requestVote(1074)) - dcbd47e6-928b-4715-825b-9c1fc4ded717@group-14706BB93390 replies to ELECTION vote request: 69c6f520-252c-4e6e-b4eb-24186417fbe1<-dcbd47e6-928b-4715-825b-9c1fc4ded717#0:OK-t11. Peer's state: dcbd47e6-928b-4715-825b-9c1fc4ded717@group-14706BB93390:t11, leader=null, voted=69c6f520-252c-4e6e-b4eb-24186417fbe1, raftlog=dcbd47e6-928b-4715-825b-9c1fc4ded717@group-14706BB93390-SegmentedRaftLog:OPENED:c-1,f-1,i0, conf=-1: [69c6f520-252c-4e6e-b4eb-24186417fbe1|rpc:10.1.0.38:46405|priority:1, c73c8739-3325-43cd-abe9-6b47c5c175d5|rpc:10.1.0.38:38205|priority:0, dcbd47e6-928b-4715-825b-9c1fc4ded717|rpc:10.1.0.38:35165|priority:0], old=null
2021-06-21 17:59:20,939 [69c6f520-252c-4e6e-b4eb-24186417fbe1@group-14706BB93390-LeaderElection21] INFO  grpc.GrpcConfigKeys (ConfUtils.java:logGet(44)) - raft.grpc.server.leader.outstanding.appends.max = 128 (default)
2021-06-21 17:59:20,939 [69c6f520-252c-4e6e-b4eb-24186417fbe1@group-14706BB93390-LeaderElection21] INFO  server.RaftServerConfigKeys (ConfUtils.java:logGet(44)) - raft.server.rpc.request.timeout = 60s (custom)
2021-06-21 17:59:20,939 [69c6f520-252c-4e6e-b4eb-24186417fbe1@group-14706BB93390-LeaderElection21] INFO  server.RaftServerConfigKeys (ConfUtils.java:logGet(44)) - raft.server.log.appender.install.snapshot.enabled = false (custom)
2021-06-21 17:59:20,940 [69c6f520-252c-4e6e-b4eb-24186417fbe1@group-14706BB93390-LeaderElection21] INFO  metrics.RatisMetrics (RatisMetrics.java:lambda$create$0(36)) - Creating Metrics Registry : ratis_grpc.log_appender.69c6f520-252c-4e6e-b4eb-24186417fbe1@group-14706BB93390
2021-06-21 17:59:20,944 [69c6f520-252c-4e6e-b4eb-24186417fbe1@group-14706BB93390-LeaderElection21] INFO  server.RaftServerConfigKeys (ConfUtils.java:logGet(44)) - raft.server.log.appender.snapshot.chunk.size.max = 16MB (=16777216) (default)
2021-06-21 17:59:20,944 [69c6f520-252c-4e6e-b4eb-24186417fbe1@group-14706BB93390-LeaderElection21] INFO  server.RaftServerConfigKeys (ConfUtils.java:logGet(44)) - raft.server.log.appender.buffer.byte-limit = 33554432 (custom)
2021-06-21 17:59:20,944 [69c6f520-252c-4e6e-b4eb-24186417fbe1@group-14706BB93390-LeaderElection21] INFO  server.RaftServerConfigKeys (ConfUtils.java:logGet(44)) - raft.server.log.appender.buffer.element-limit = 1 (custom)
2021-06-21 17:59:20,944 [69c6f520-252c-4e6e-b4eb-24186417fbe1@group-14706BB93390-LeaderElection21] INFO  grpc.GrpcConfigKeys (ConfUtils.java:logGet(44)) - raft.grpc.server.leader.outstanding.appends.max = 128 (default)
2021-06-21 17:59:20,944 [69c6f520-252c-4e6e-b4eb-24186417fbe1@group-14706BB93390-LeaderElection21] INFO  server.RaftServerConfigKeys (ConfUtils.java:logGet(44)) - raft.server.rpc.request.timeout = 60s (custom)
2021-06-21 17:59:20,944 [69c6f520-252c-4e6e-b4eb-24186417fbe1@group-14706BB93390-LeaderElection21] INFO  server.RaftServerConfigKeys (ConfUtils.java:logGet(44)) - raft.server.log.appender.install.snapshot.enabled = false (custom)
2021-06-21 17:59:20,946 [69c6f520-252c-4e6e-b4eb-24186417fbe1@group-14706BB93390-LeaderElection21] INFO  impl.RoleInfo (RoleInfo.java:updateAndGet(130)) - 69c6f520-252c-4e6e-b4eb-24186417fbe1: start 69c6f520-252c-4e6e-b4eb-24186417fbe1@group-14706BB93390-LeaderStateImpl
2021-06-21 17:59:20,946 [69c6f520-252c-4e6e-b4eb-24186417fbe1@group-14706BB93390-LeaderElection21] INFO  segmented.SegmentedRaftLogWorker (SegmentedRaftLogWorker.java:startLogSegment(394)) - 69c6f520-252c-4e6e-b4eb-24186417fbe1@group-14706BB93390-SegmentedRaftLogWorker: Starting segment from index:0
2021-06-21 17:59:20,947 [69c6f520-252c-4e6e-b4eb-24186417fbe1@group-14706BB93390-SegmentedRaftLogWorker] INFO  segmented.SegmentedRaftLogWorker (SegmentedRaftLogWorker.java:execute(601)) - 69c6f520-252c-4e6e-b4eb-24186417fbe1@group-14706BB93390-SegmentedRaftLogWorker: created new log segment /home/runner/work/ozone/ozone/mnt/ozone/hadoop-ozone/integration-test/target/test-dir/MiniOzoneClusterImpl-ccb1d6a7-04eb-495e-8a45-afc51195f32e/datanode-2/data/ratis/30059530-567b-4f38-ba65-14706bb93390/current/log_inprogress_0
2021-06-21 17:59:20,963 [69c6f520-252c-4e6e-b4eb-24186417fbe1@group-14706BB93390-LeaderElection21] INFO  server.RaftServer$Division (ServerState.java:setRaftConf(373)) - 69c6f520-252c-4e6e-b4eb-24186417fbe1@group-14706BB93390: set configuration 0: [69c6f520-252c-4e6e-b4eb-24186417fbe1|rpc:10.1.0.38:46405|dataStream:|priority:1, c73c8739-3325-43cd-abe9-6b47c5c175d5|rpc:10.1.0.38:38205|dataStream:|priority:0, dcbd47e6-928b-4715-825b-9c1fc4ded717|rpc:10.1.0.38:35165|dataStream:|priority:0], old=null
2021-06-21 17:59:20,972 [grpc-default-executor-0] INFO  ratis.XceiverServerRatis (XceiverServerRatis.java:handleLeaderChangedNotification(857)) - Leader change notification received for group: group-14706BB93390 with new leaderId: 69c6f520-252c-4e6e-b4eb-24186417fbe1
2021-06-21 17:59:20,978 [grpc-default-executor-0] INFO  server.RaftServer$Division (ServerState.java:setLeader(271)) - dcbd47e6-928b-4715-825b-9c1fc4ded717@group-14706BB93390: change Leader from null to 69c6f520-252c-4e6e-b4eb-24186417fbe1 at term 11 for appendEntries, leader elected after 56281ms
2021-06-21 17:59:20,986 [grpc-default-executor-0] INFO  ratis.XceiverServerRatis (XceiverServerRatis.java:handleLeaderChangedNotification(857)) - Leader change notification received for group: group-14706BB93390 with new leaderId: 69c6f520-252c-4e6e-b4eb-24186417fbe1
2021-06-21 17:59:20,986 [grpc-default-executor-0] INFO  server.RaftServer$Division (ServerState.java:setLeader(271)) - c73c8739-3325-43cd-abe9-6b47c5c175d5@group-14706BB93390: change Leader from null to 69c6f520-252c-4e6e-b4eb-24186417fbe1 at term 11 for appendEntries, leader elected after 56139ms
2021-06-21 17:59:21,003 [grpc-default-executor-0] INFO  server.RaftServer$Division (ServerState.java:setRaftConf(373)) - c73c8739-3325-43cd-abe9-6b47c5c175d5@group-14706BB93390: set configuration 0: [69c6f520-252c-4e6e-b4eb-24186417fbe1|rpc:10.1.0.38:46405|dataStream:|priority:1, c73c8739-3325-43cd-abe9-6b47c5c175d5|rpc:10.1.0.38:38205|dataStream:|priority:0, dcbd47e6-928b-4715-825b-9c1fc4ded717|rpc:10.1.0.38:35165|dataStream:|priority:0], old=null
2021-06-21 17:59:21,004 [grpc-default-executor-0] INFO  segmented.SegmentedRaftLogWorker (SegmentedRaftLogWorker.java:startLogSegment(394)) - c73c8739-3325-43cd-abe9-6b47c5c175d5@group-14706BB93390-SegmentedRaftLogWorker: Starting segment from index:0
2021-06-21 17:59:21,005 [grpc-default-executor-3] INFO  server.RaftServer$Division (ServerState.java:setRaftConf(373)) - dcbd47e6-928b-4715-825b-9c1fc4ded717@group-14706BB93390: set configuration 0: [69c6f520-252c-4e6e-b4eb-24186417fbe1|rpc:10.1.0.38:46405|dataStream:|priority:1, c73c8739-3325-43cd-abe9-6b47c5c175d5|rpc:10.1.0.38:38205|dataStream:|priority:0, dcbd47e6-928b-4715-825b-9c1fc4ded717|rpc:10.1.0.38:35165|dataStream:|priority:0], old=null
2021-06-21 17:59:21,006 [grpc-default-executor-3] INFO  segmented.SegmentedRaftLogWorker (SegmentedRaftLogWorker.java:startLogSegment(394)) - dcbd47e6-928b-4715-825b-9c1fc4ded717@group-14706BB93390-SegmentedRaftLogWorker: Starting segment from index:0
2021-06-21 17:59:21,006 [c73c8739-3325-43cd-abe9-6b47c5c175d5@group-14706BB93390-SegmentedRaftLogWorker] INFO  segmented.SegmentedRaftLogWorker (SegmentedRaftLogWorker.java:execute(601)) - c73c8739-3325-43cd-abe9-6b47c5c175d5@group-14706BB93390-SegmentedRaftLogWorker: created new log segment /home/runner/work/ozone/ozone/mnt/ozone/hadoop-ozone/integration-test/target/test-dir/MiniOzoneClusterImpl-ccb1d6a7-04eb-495e-8a45-afc51195f32e/datanode-1/data/ratis/30059530-567b-4f38-ba65-14706bb93390/current/log_inprogress_0
2021-06-21 17:59:21,008 [dcbd47e6-928b-4715-825b-9c1fc4ded717@group-14706BB93390-SegmentedRaftLogWorker] INFO  segmented.SegmentedRaftLogWorker (SegmentedRaftLogWorker.java:execute(601)) - dcbd47e6-928b-4715-825b-9c1fc4ded717@group-14706BB93390-SegmentedRaftLogWorker: created new log segment /home/runner/work/ozone/ozone/mnt/ozone/hadoop-ozone/integration-test/target/test-dir/MiniOzoneClusterImpl-ccb1d6a7-04eb-495e-8a45-afc51195f32e/datanode-0/data/ratis/30059530-567b-4f38-ba65-14706bb93390/current/log_inprogress_0
2021-06-21 17:59:22,180 [Time-limited test] INFO  ozoneimpl.OzoneContainer (OzoneContainer.java:stop(326)) - Attempting to stop container services.
2021-06-21 17:59:22,180 [ForkJoinPool.commonPool-worker-1] INFO  ozoneimpl.OzoneContainer (OzoneContainer.java:stop(326)) - Attempting to stop container services.
2021-06-21 17:59:22,181 [ForkJoinPool.commonPool-worker-1] INFO  server.RaftServer (RaftServerProxy.java:lambda$close$6(391)) - dcbd47e6-928b-4715-825b-9c1fc4ded717: close
2021-06-21 17:59:22,182 [Time-limited test] INFO  server.RaftServer (RaftServerProxy.java:lambda$close$6(391)) - c73c8739-3325-43cd-abe9-6b47c5c175d5: close
2021-06-21 17:59:22,182 [ForkJoinPool.commonPool-worker-1] INFO  server.RaftServer$Division (RaftServerImpl.java:lambda$close$4(406)) - dcbd47e6-928b-4715-825b-9c1fc4ded717@group-01C6019551AB: shutdown
2021-06-21 17:59:22,182 [Time-limited test] INFO  server.RaftServer$Division (RaftServerImpl.java:lambda$close$4(406)) - c73c8739-3325-43cd-abe9-6b47c5c175d5@group-986CC9AA3F32: shutdown
2021-06-21 17:59:22,182 [ForkJoinPool.commonPool-worker-1] INFO  util.JmxRegister (JmxRegister.java:unregister(73)) - Successfully un-registered JMX Bean with object name Ratis:service=RaftServer,group=group-01C6019551AB,id=dcbd47e6-928b-4715-825b-9c1fc4ded717
2021-06-21 17:59:22,182 [Time-limited test] INFO  util.JmxRegister (JmxRegister.java:unregister(73)) - Successfully un-registered JMX Bean with object name Ratis:service=RaftServer,group=group-986CC9AA3F32,id=c73c8739-3325-43cd-abe9-6b47c5c175d5
2021-06-21 17:59:22,182 [ForkJoinPool.commonPool-worker-1] INFO  impl.RoleInfo (RoleInfo.java:shutdownLeaderState(91)) - dcbd47e6-928b-4715-825b-9c1fc4ded717: shutdown dcbd47e6-928b-4715-825b-9c1fc4ded717@group-01C6019551AB-LeaderStateImpl
2021-06-21 17:59:22,182 [Time-limited test] INFO  impl.RoleInfo (RoleInfo.java:shutdownLeaderState(91)) - c73c8739-3325-43cd-abe9-6b47c5c175d5: shutdown c73c8739-3325-43cd-abe9-6b47c5c175d5@group-986CC9AA3F32-LeaderStateImpl
2021-06-21 17:59:22,182 [ForkJoinPool.commonPool-worker-1] INFO  impl.PendingRequests (PendingRequests.java:sendNotLeaderResponses(249)) - dcbd47e6-928b-4715-825b-9c1fc4ded717@group-01C6019551AB-PendingRequests: sendNotLeaderResponses
2021-06-21 17:59:22,183 [ForkJoinPool.commonPool-worker-1] INFO  metrics.RatisMetrics (RatisMetrics.java:unregister(43)) - Unregistering Metrics Registry : ratis.log_appender.dcbd47e6-928b-4715-825b-9c1fc4ded717@group-01C6019551AB
2021-06-21 17:59:22,183 [ForkJoinPool.commonPool-worker-1] INFO  metrics.RatisMetrics (RatisMetrics.java:unregister(43)) - Unregistering Metrics Registry : ratis.server.dcbd47e6-928b-4715-825b-9c1fc4ded717@group-01C6019551AB
2021-06-21 17:59:22,184 [ForkJoinPool.commonPool-worker-1] INFO  impl.StateMachineUpdater (StateMachineUpdater.java:stopAndJoin(149)) - dcbd47e6-928b-4715-825b-9c1fc4ded717@group-01C6019551AB-StateMachineUpdater: set stopIndex = 0
2021-06-21 17:59:22,184 [dcbd47e6-928b-4715-825b-9c1fc4ded717@group-01C6019551AB-StateMachineUpdater] INFO  ratis.ContainerStateMachine (ContainerStateMachine.java:takeSnapshot(292)) - group-01C6019551AB: Taking a snapshot at:(t:1, i:0) file /home/runner/work/ozone/ozone/mnt/ozone/hadoop-ozone/integration-test/target/test-dir/MiniOzoneClusterImpl-ccb1d6a7-04eb-495e-8a45-afc51195f32e/datanode-0/data/ratis/1be9532d-9b10-4838-9662-01c6019551ab/sm/snapshot.1_0
2021-06-21 17:59:22,183 [Time-limited test] INFO  impl.PendingRequests (PendingRequests.java:sendNotLeaderResponses(249)) - c73c8739-3325-43cd-abe9-6b47c5c175d5@group-986CC9AA3F32-PendingRequests: sendNotLeaderResponses
2021-06-21 17:59:22,184 [Time-limited test] INFO  metrics.RatisMetrics (RatisMetrics.java:unregister(43)) - Unregistering Metrics Registry : ratis.log_appender.c73c8739-3325-43cd-abe9-6b47c5c175d5@group-986CC9AA3F32
2021-06-21 17:59:22,185 [Time-limited test] INFO  metrics.RatisMetrics (RatisMetrics.java:unregister(43)) - Unregistering Metrics Registry : ratis.server.c73c8739-3325-43cd-abe9-6b47c5c175d5@group-986CC9AA3F32
2021-06-21 17:59:22,185 [Time-limited test] INFO  impl.StateMachineUpdater (StateMachineUpdater.java:stopAndJoin(149)) - c73c8739-3325-43cd-abe9-6b47c5c175d5@group-986CC9AA3F32-StateMachineUpdater: set stopIndex = 0
2021-06-21 17:59:22,185 [c73c8739-3325-43cd-abe9-6b47c5c175d5@group-986CC9AA3F32-StateMachineUpdater] INFO  ratis.ContainerStateMachine (ContainerStateMachine.java:takeSnapshot(292)) - group-986CC9AA3F32: Taking a snapshot at:(t:1, i:0) file /home/runner/work/ozone/ozone/mnt/ozone/hadoop-ozone/integration-test/target/test-dir/MiniOzoneClusterImpl-ccb1d6a7-04eb-495e-8a45-afc51195f32e/datanode-1/data/ratis/3260a5ca-b5cf-4b5a-952b-986cc9aa3f32/sm/snapshot.1_0
2021-06-21 17:59:22,185 [dcbd47e6-928b-4715-825b-9c1fc4ded717@group-01C6019551AB-StateMachineUpdater] INFO  ratis.ContainerStateMachine (ContainerStateMachine.java:takeSnapshot(303)) - group-01C6019551AB: Finished taking a snapshot at:(t:1, i:0) file:/home/runner/work/ozone/ozone/mnt/ozone/hadoop-ozone/integration-test/target/test-dir/MiniOzoneClusterImpl-ccb1d6a7-04eb-495e-8a45-afc51195f32e/datanode-0/data/ratis/1be9532d-9b10-4838-9662-01c6019551ab/sm/snapshot.1_0 took: 1 ms
2021-06-21 17:59:22,187 [dcbd47e6-928b-4715-825b-9c1fc4ded717@group-01C6019551AB-StateMachineUpdater] INFO  impl.StateMachineUpdater (StateMachineUpdater.java:takeSnapshot(281)) - dcbd47e6-928b-4715-825b-9c1fc4ded717@group-01C6019551AB-StateMachineUpdater: Took a snapshot at index 0
2021-06-21 17:59:22,187 [dcbd47e6-928b-4715-825b-9c1fc4ded717@group-01C6019551AB-StateMachineUpdater] INFO  impl.StateMachineUpdater (StateMachineUpdater.java:lambda$new$0(89)) - dcbd47e6-928b-4715-825b-9c1fc4ded717@group-01C6019551AB-StateMachineUpdater: snapshotIndex: updateIncreasingly -1 -> 0
2021-06-21 17:59:22,187 [dcbd47e6-928b-4715-825b-9c1fc4ded717@group-01C6019551AB-StateMachineUpdater] INFO  metrics.RatisMetrics (RatisMetrics.java:unregister(43)) - Unregistering Metrics Registry : ratis.state_machine.dcbd47e6-928b-4715-825b-9c1fc4ded717@group-01C6019551AB
2021-06-21 17:59:22,187 [ForkJoinPool.commonPool-worker-1] INFO  server.RaftServer$Division (ServerState.java:close(405)) - dcbd47e6-928b-4715-825b-9c1fc4ded717@group-01C6019551AB: closes. applyIndex: 0
2021-06-21 17:59:22,187 [c73c8739-3325-43cd-abe9-6b47c5c175d5@group-986CC9AA3F32-StateMachineUpdater] INFO  ratis.ContainerStateMachine (ContainerStateMachine.java:takeSnapshot(303)) - group-986CC9AA3F32: Finished taking a snapshot at:(t:1, i:0) file:/home/runner/work/ozone/ozone/mnt/ozone/hadoop-ozone/integration-test/target/test-dir/MiniOzoneClusterImpl-ccb1d6a7-04eb-495e-8a45-afc51195f32e/datanode-1/data/ratis/3260a5ca-b5cf-4b5a-952b-986cc9aa3f32/sm/snapshot.1_0 took: 3 ms
2021-06-21 17:59:22,187 [dcbd47e6-928b-4715-825b-9c1fc4ded717@group-01C6019551AB-SegmentedRaftLogWorker] INFO  segmented.SegmentedRaftLogWorker (SegmentedRaftLogWorker.java:run(327)) - dcbd47e6-928b-4715-825b-9c1fc4ded717@group-01C6019551AB-SegmentedRaftLogWorker was interrupted, exiting. There are 0 tasks remaining in the queue.
2021-06-21 17:59:22,188 [c73c8739-3325-43cd-abe9-6b47c5c175d5@group-986CC9AA3F32-StateMachineUpdater] INFO  impl.StateMachineUpdater (StateMachineUpdater.java:takeSnapshot(281)) - c73c8739-3325-43cd-abe9-6b47c5c175d5@group-986CC9AA3F32-StateMachineUpdater: Took a snapshot at index 0
2021-06-21 17:59:22,188 [c73c8739-3325-43cd-abe9-6b47c5c175d5@group-986CC9AA3F32-StateMachineUpdater] INFO  impl.StateMachineUpdater (StateMachineUpdater.java:lambda$new$0(89)) - c73c8739-3325-43cd-abe9-6b47c5c175d5@group-986CC9AA3F32-StateMachineUpdater: snapshotIndex: updateIncreasingly -1 -> 0
2021-06-21 17:59:22,188 [ForkJoinPool.commonPool-worker-1] INFO  segmented.SegmentedRaftLogWorker (SegmentedRaftLogWorker.java:close(237)) - dcbd47e6-928b-4715-825b-9c1fc4ded717@group-01C6019551AB-SegmentedRaftLogWorker close()
2021-06-21 17:59:22,188 [c73c8739-3325-43cd-abe9-6b47c5c175d5@group-986CC9AA3F32-StateMachineUpdater] INFO  metrics.RatisMetrics (RatisMetrics.java:unregister(43)) - Unregistering Metrics Registry : ratis.state_machine.c73c8739-3325-43cd-abe9-6b47c5c175d5@group-986CC9AA3F32
2021-06-21 17:59:22,188 [Time-limited test] INFO  server.RaftServer$Division (ServerState.java:close(405)) - c73c8739-3325-43cd-abe9-6b47c5c175d5@group-986CC9AA3F32: closes. applyIndex: 0
2021-06-21 17:59:22,188 [c73c8739-3325-43cd-abe9-6b47c5c175d5@group-986CC9AA3F32-SegmentedRaftLogWorker] INFO  segmented.SegmentedRaftLogWorker (SegmentedRaftLogWorker.java:run(327)) - c73c8739-3325-43cd-abe9-6b47c5c175d5@group-986CC9AA3F32-SegmentedRaftLogWorker was interrupted, exiting. There are 0 tasks remaining in the queue.
2021-06-21 17:59:22,190 [Time-limited test] INFO  segmented.SegmentedRaftLogWorker (SegmentedRaftLogWorker.java:close(237)) - c73c8739-3325-43cd-abe9-6b47c5c175d5@group-986CC9AA3F32-SegmentedRaftLogWorker close()
2021-06-21 17:59:22,190 [ForkJoinPool.commonPool-worker-1] INFO  metrics.RatisMetrics (RatisMetrics.java:unregister(43)) - Unregistering Metrics Registry : ratis.log_worker.dcbd47e6-928b-4715-825b-9c1fc4ded717@group-01C6019551AB
2021-06-21 17:59:22,190 [ForkJoinPool.commonPool-worker-1] INFO  metrics.RatisMetrics (RatisMetrics.java:unregister(43)) - Unregistering Metrics Registry : ratis.leader_election.dcbd47e6-928b-4715-825b-9c1fc4ded717@group-01C6019551AB
2021-06-21 17:59:22,190 [ForkJoinPool.commonPool-worker-1] INFO  metrics.RatisMetrics (RatisMetrics.java:unregister(43)) - Unregistering Metrics Registry : ratis.server.dcbd47e6-928b-4715-825b-9c1fc4ded717@group-01C6019551AB
2021-06-21 17:59:22,190 [ForkJoinPool.commonPool-worker-1] INFO  server.RaftServer$Division (RaftServerImpl.java:lambda$close$4(406)) - dcbd47e6-928b-4715-825b-9c1fc4ded717@group-14706BB93390: shutdown
2021-06-21 17:59:22,190 [ForkJoinPool.commonPool-worker-1] INFO  util.JmxRegister (JmxRegister.java:unregister(73)) - Successfully un-registered JMX Bean with object name Ratis:service=RaftServer,group=group-14706BB93390,id=dcbd47e6-928b-4715-825b-9c1fc4ded717
2021-06-21 17:59:22,191 [ForkJoinPool.commonPool-worker-1] INFO  impl.RoleInfo (RoleInfo.java:shutdownFollowerState(108)) - dcbd47e6-928b-4715-825b-9c1fc4ded717: shutdown dcbd47e6-928b-4715-825b-9c1fc4ded717@group-14706BB93390-FollowerState
2021-06-21 17:59:22,191 [ForkJoinPool.commonPool-worker-1] INFO  impl.StateMachineUpdater (StateMachineUpdater.java:stopAndJoin(149)) - dcbd47e6-928b-4715-825b-9c1fc4ded717@group-14706BB93390-StateMachineUpdater: set stopIndex = 0
2021-06-21 17:59:22,191 [dcbd47e6-928b-4715-825b-9c1fc4ded717@group-14706BB93390-FollowerState] INFO  impl.FollowerState (FollowerState.java:run(143)) - dcbd47e6-928b-4715-825b-9c1fc4ded717@group-14706BB93390-FollowerState was interrupted: {}
java.lang.InterruptedException: sleep interrupted
	at java.lang.Thread.sleep(Native Method)
	at java.lang.Thread.sleep(Thread.java:340)
	at java.util.concurrent.TimeUnit.sleep(TimeUnit.java:386)
	at org.apache.ratis.util.TimeDuration.sleep(TimeDuration.java:324)
	at org.apache.ratis.util.TimeDuration.sleep(TimeDuration.java:309)
	at org.apache.ratis.server.impl.FollowerState.run(FollowerState.java:118)
2021-06-21 17:59:22,191 [dcbd47e6-928b-4715-825b-9c1fc4ded717@group-14706BB93390-StateMachineUpdater] INFO  ratis.ContainerStateMachine (ContainerStateMachine.java:takeSnapshot(292)) - group-14706BB93390: Taking a snapshot at:(t:11, i:0) file /home/runner/work/ozone/ozone/mnt/ozone/hadoop-ozone/integration-test/target/test-dir/MiniOzoneClusterImpl-ccb1d6a7-04eb-495e-8a45-afc51195f32e/datanode-0/data/ratis/30059530-567b-4f38-ba65-14706bb93390/sm/snapshot.11_0
2021-06-21 17:59:22,193 [Time-limited test] INFO  metrics.RatisMetrics (RatisMetrics.java:unregister(43)) - Unregistering Metrics Registry : ratis.log_worker.c73c8739-3325-43cd-abe9-6b47c5c175d5@group-986CC9AA3F32
2021-06-21 17:59:22,193 [dcbd47e6-928b-4715-825b-9c1fc4ded717@group-14706BB93390-StateMachineUpdater] INFO  ratis.ContainerStateMachine (ContainerStateMachine.java:takeSnapshot(303)) - group-14706BB93390: Finished taking a snapshot at:(t:11, i:0) file:/home/runner/work/ozone/ozone/mnt/ozone/hadoop-ozone/integration-test/target/test-dir/MiniOzoneClusterImpl-ccb1d6a7-04eb-495e-8a45-afc51195f32e/datanode-0/data/ratis/30059530-567b-4f38-ba65-14706bb93390/sm/snapshot.11_0 took: 2 ms
2021-06-21 17:59:22,193 [Time-limited test] INFO  metrics.RatisMetrics (RatisMetrics.java:unregister(43)) - Unregistering Metrics Registry : ratis.leader_election.c73c8739-3325-43cd-abe9-6b47c5c175d5@group-986CC9AA3F32
2021-06-21 17:59:22,193 [dcbd47e6-928b-4715-825b-9c1fc4ded717@group-14706BB93390-StateMachineUpdater] INFO  impl.StateMachineUpdater (StateMachineUpdater.java:takeSnapshot(281)) - dcbd47e6-928b-4715-825b-9c1fc4ded717@group-14706BB93390-StateMachineUpdater: Took a snapshot at index 0
2021-06-21 17:59:22,193 [Time-limited test] INFO  metrics.RatisMetrics (RatisMetrics.java:unregister(43)) - Unregistering Metrics Registry : ratis.server.c73c8739-3325-43cd-abe9-6b47c5c175d5@group-986CC9AA3F32
2021-06-21 17:59:22,193 [Time-limited test] INFO  server.RaftServer$Division (RaftServerImpl.java:lambda$close$4(406)) - c73c8739-3325-43cd-abe9-6b47c5c175d5@group-14706BB93390: shutdown
2021-06-21 17:59:22,193 [Time-limited test] INFO  util.JmxRegister (JmxRegister.java:unregister(73)) - Successfully un-registered JMX Bean with object name Ratis:service=RaftServer,group=group-14706BB93390,id=c73c8739-3325-43cd-abe9-6b47c5c175d5
2021-06-21 17:59:22,194 [Time-limited test] INFO  impl.RoleInfo (RoleInfo.java:shutdownFollowerState(108)) - c73c8739-3325-43cd-abe9-6b47c5c175d5: shutdown c73c8739-3325-43cd-abe9-6b47c5c175d5@group-14706BB93390-FollowerState
2021-06-21 17:59:22,194 [Time-limited test] INFO  impl.StateMachineUpdater (StateMachineUpdater.java:stopAndJoin(149)) - c73c8739-3325-43cd-abe9-6b47c5c175d5@group-14706BB93390-StateMachineUpdater: set stopIndex = 0
2021-06-21 17:59:22,193 [dcbd47e6-928b-4715-825b-9c1fc4ded717@group-14706BB93390-StateMachineUpdater] INFO  impl.StateMachineUpdater (StateMachineUpdater.java:lambda$new$0(89)) - dcbd47e6-928b-4715-825b-9c1fc4ded717@group-14706BB93390-StateMachineUpdater: snapshotIndex: updateIncreasingly -1 -> 0
2021-06-21 17:59:22,194 [dcbd47e6-928b-4715-825b-9c1fc4ded717@group-14706BB93390-StateMachineUpdater] INFO  metrics.RatisMetrics (RatisMetrics.java:unregister(43)) - Unregistering Metrics Registry : ratis.state_machine.dcbd47e6-928b-4715-825b-9c1fc4ded717@group-14706BB93390
2021-06-21 17:59:22,194 [ForkJoinPool.commonPool-worker-1] INFO  server.RaftServer$Division (ServerState.java:close(405)) - dcbd47e6-928b-4715-825b-9c1fc4ded717@group-14706BB93390: closes. applyIndex: 0
2021-06-21 17:59:22,194 [dcbd47e6-928b-4715-825b-9c1fc4ded717@group-14706BB93390-SegmentedRaftLogWorker] INFO  segmented.SegmentedRaftLogWorker (SegmentedRaftLogWorker.java:run(327)) - dcbd47e6-928b-4715-825b-9c1fc4ded717@group-14706BB93390-SegmentedRaftLogWorker was interrupted, exiting. There are 0 tasks remaining in the queue.
2021-06-21 17:59:22,195 [ForkJoinPool.commonPool-worker-1] INFO  segmented.SegmentedRaftLogWorker (SegmentedRaftLogWorker.java:close(237)) - dcbd47e6-928b-4715-825b-9c1fc4ded717@group-14706BB93390-SegmentedRaftLogWorker close()
2021-06-21 17:59:22,195 [c73c8739-3325-43cd-abe9-6b47c5c175d5@group-14706BB93390-StateMachineUpdater] INFO  ratis.ContainerStateMachine (ContainerStateMachine.java:takeSnapshot(292)) - group-14706BB93390: Taking a snapshot at:(t:11, i:0) file /home/runner/work/ozone/ozone/mnt/ozone/hadoop-ozone/integration-test/target/test-dir/MiniOzoneClusterImpl-ccb1d6a7-04eb-495e-8a45-afc51195f32e/datanode-1/data/ratis/30059530-567b-4f38-ba65-14706bb93390/sm/snapshot.11_0
2021-06-21 17:59:22,196 [c73c8739-3325-43cd-abe9-6b47c5c175d5@group-14706BB93390-FollowerState] INFO  impl.FollowerState (FollowerState.java:run(143)) - c73c8739-3325-43cd-abe9-6b47c5c175d5@group-14706BB93390-FollowerState was interrupted: {}
java.lang.InterruptedException: sleep interrupted
	at java.lang.Thread.sleep(Native Method)
	at java.lang.Thread.sleep(Thread.java:340)
	at java.util.concurrent.TimeUnit.sleep(TimeUnit.java:386)
	at org.apache.ratis.util.TimeDuration.sleep(TimeDuration.java:324)
	at org.apache.ratis.util.TimeDuration.sleep(TimeDuration.java:309)
	at org.apache.ratis.server.impl.FollowerState.run(FollowerState.java:118)
2021-06-21 17:59:22,196 [ForkJoinPool.commonPool-worker-1] INFO  metrics.RatisMetrics (RatisMetrics.java:unregister(43)) - Unregistering Metrics Registry : ratis.log_worker.dcbd47e6-928b-4715-825b-9c1fc4ded717@group-14706BB93390
2021-06-21 17:59:22,197 [c73c8739-3325-43cd-abe9-6b47c5c175d5@group-14706BB93390-StateMachineUpdater] INFO  ratis.ContainerStateMachine (ContainerStateMachine.java:takeSnapshot(303)) - group-14706BB93390: Finished taking a snapshot at:(t:11, i:0) file:/home/runner/work/ozone/ozone/mnt/ozone/hadoop-ozone/integration-test/target/test-dir/MiniOzoneClusterImpl-ccb1d6a7-04eb-495e-8a45-afc51195f32e/datanode-1/data/ratis/30059530-567b-4f38-ba65-14706bb93390/sm/snapshot.11_0 took: 2 ms
2021-06-21 17:59:22,198 [ForkJoinPool.commonPool-worker-1] INFO  metrics.RatisMetrics (RatisMetrics.java:unregister(43)) - Unregistering Metrics Registry : ratis.leader_election.dcbd47e6-928b-4715-825b-9c1fc4ded717@group-14706BB93390
2021-06-21 17:59:22,198 [ForkJoinPool.commonPool-worker-1] INFO  metrics.RatisMetrics (RatisMetrics.java:unregister(43)) - Unregistering Metrics Registry : ratis.server.dcbd47e6-928b-4715-825b-9c1fc4ded717@group-14706BB93390
2021-06-21 17:59:22,198 [c73c8739-3325-43cd-abe9-6b47c5c175d5@group-14706BB93390-StateMachineUpdater] INFO  impl.StateMachineUpdater (StateMachineUpdater.java:takeSnapshot(281)) - c73c8739-3325-43cd-abe9-6b47c5c175d5@group-14706BB93390-StateMachineUpdater: Took a snapshot at index 0
2021-06-21 17:59:22,198 [c73c8739-3325-43cd-abe9-6b47c5c175d5@group-14706BB93390-StateMachineUpdater] INFO  impl.StateMachineUpdater (StateMachineUpdater.java:lambda$new$0(89)) - c73c8739-3325-43cd-abe9-6b47c5c175d5@group-14706BB93390-StateMachineUpdater: snapshotIndex: updateIncreasingly -1 -> 0
2021-06-21 17:59:22,198 [ForkJoinPool.commonPool-worker-1] INFO  server.GrpcService (GrpcService.java:closeImpl(262)) - dcbd47e6-928b-4715-825b-9c1fc4ded717: shutdown server with port 35165 now
2021-06-21 17:59:22,199 [c73c8739-3325-43cd-abe9-6b47c5c175d5@group-14706BB93390-StateMachineUpdater] INFO  metrics.RatisMetrics (RatisMetrics.java:unregister(43)) - Unregistering Metrics Registry : ratis.state_machine.c73c8739-3325-43cd-abe9-6b47c5c175d5@group-14706BB93390
2021-06-21 17:59:22,199 [Time-limited test] INFO  server.RaftServer$Division (ServerState.java:close(405)) - c73c8739-3325-43cd-abe9-6b47c5c175d5@group-14706BB93390: closes. applyIndex: 0
2021-06-21 17:59:22,200 [c73c8739-3325-43cd-abe9-6b47c5c175d5@group-14706BB93390-SegmentedRaftLogWorker] INFO  segmented.SegmentedRaftLogWorker (SegmentedRaftLogWorker.java:run(327)) - c73c8739-3325-43cd-abe9-6b47c5c175d5@group-14706BB93390-SegmentedRaftLogWorker was interrupted, exiting. There are 0 tasks remaining in the queue.
2021-06-21 17:59:22,200 [Time-limited test] INFO  segmented.SegmentedRaftLogWorker (SegmentedRaftLogWorker.java:close(237)) - c73c8739-3325-43cd-abe9-6b47c5c175d5@group-14706BB93390-SegmentedRaftLogWorker close()
2021-06-21 17:59:22,203 [Time-limited test] INFO  metrics.RatisMetrics (RatisMetrics.java:unregister(43)) - Unregistering Metrics Registry : ratis.log_worker.c73c8739-3325-43cd-abe9-6b47c5c175d5@group-14706BB93390
2021-06-21 17:59:22,204 [Time-limited test] INFO  metrics.RatisMetrics (RatisMetrics.java:unregister(43)) - Unregistering Metrics Registry : ratis.leader_election.c73c8739-3325-43cd-abe9-6b47c5c175d5@group-14706BB93390
2021-06-21 17:59:22,204 [Time-limited test] INFO  metrics.RatisMetrics (RatisMetrics.java:unregister(43)) - Unregistering Metrics Registry : ratis.server.c73c8739-3325-43cd-abe9-6b47c5c175d5@group-14706BB93390
2021-06-21 17:59:22,205 [Time-limited test] INFO  server.GrpcService (GrpcService.java:closeImpl(262)) - c73c8739-3325-43cd-abe9-6b47c5c175d5: shutdown server with port 38205 now
2021-06-21 17:59:22,208 [grpc-default-executor-3] WARN  server.GrpcServerProtocolService (LogUtils.java:warn(122)) - dcbd47e6-928b-4715-825b-9c1fc4ded717: installSnapshot onError, lastRequest: 69c6f520-252c-4e6e-b4eb-24186417fbe1->dcbd47e6-928b-4715-825b-9c1fc4ded717#1-t11,previous=(t:0, i:0),leaderCommit=0,initializing? true,entries: size=1, first=(t:11, i:0), CONFIGURATIONENTRY: org.apache.ratis.thirdparty.io.grpc.StatusRuntimeException: CANCELLED: client cancelled
2021-06-21 17:59:22,209 [grpc-default-executor-1] WARN  server.GrpcServerProtocolService (LogUtils.java:warn(122)) - c73c8739-3325-43cd-abe9-6b47c5c175d5: installSnapshot onError, lastRequest: 69c6f520-252c-4e6e-b4eb-24186417fbe1->c73c8739-3325-43cd-abe9-6b47c5c175d5#1-t11,previous=(t:0, i:0),leaderCommit=0,initializing? true,entries: size=1, first=(t:11, i:0), CONFIGURATIONENTRY: org.apache.ratis.thirdparty.io.grpc.StatusRuntimeException: CANCELLED: client cancelled
2021-06-21 17:59:22,214 [grpc-default-executor-1] WARN  server.GrpcLogAppender (LogUtils.java:warn(122)) - 69c6f520-252c-4e6e-b4eb-24186417fbe1@group-14706BB93390->dcbd47e6-928b-4715-825b-9c1fc4ded717-AppendLogResponseHandler: Failed appendEntries: org.apache.ratis.thirdparty.io.grpc.StatusRuntimeException: CANCELLED: HTTP/2 error code: CANCEL
Received Rst Stream
2021-06-21 17:59:22,215 [grpc-default-executor-1] WARN  server.GrpcLogAppender (GrpcLogAppender.java:resetClient(111)) - 69c6f520-252c-4e6e-b4eb-24186417fbe1@group-14706BB93390->dcbd47e6-928b-4715-825b-9c1fc4ded717-GrpcLogAppender: Leader has not got in touch with Follower 69c6f520-252c-4e6e-b4eb-24186417fbe1@group-14706BB93390->dcbd47e6-928b-4715-825b-9c1fc4ded717(c0,m0,n1, attendVote=true, lastRpcSendTime=1221, lastRpcResponseTime=1199) yet, just keep nextIndex unchanged and retry.
2021-06-21 17:59:22,216 [ForkJoinPool.commonPool-worker-1] INFO  server.GrpcService (GrpcService.java:closeImpl(271)) - dcbd47e6-928b-4715-825b-9c1fc4ded717: shutdown server with port 35165 successfully
2021-06-21 17:59:22,216 [org.apache.ratis.util.JvmPauseMonitor$$Lambda$513/332907864@796ba086] INFO  util.JvmPauseMonitor (JvmPauseMonitor.java:run(109)) - JvmPauseMonitor-dcbd47e6-928b-4715-825b-9c1fc4ded717: Stopped
2021-06-21 17:59:22,216 [Time-limited test] INFO  server.GrpcService (GrpcService.java:closeImpl(271)) - c73c8739-3325-43cd-abe9-6b47c5c175d5: shutdown server with port 38205 successfully
2021-06-21 17:59:22,218 [org.apache.ratis.util.JvmPauseMonitor$$Lambda$513/332907864@68774bfc] INFO  util.JvmPauseMonitor (JvmPauseMonitor.java:run(109)) - JvmPauseMonitor-c73c8739-3325-43cd-abe9-6b47c5c175d5: Stopped
2021-06-21 17:59:22,219 [grpc-default-executor-1] WARN  server.GrpcLogAppender (LogUtils.java:warn(122)) - 69c6f520-252c-4e6e-b4eb-24186417fbe1@group-14706BB93390->c73c8739-3325-43cd-abe9-6b47c5c175d5-AppendLogResponseHandler: Failed appendEntries: org.apache.ratis.thirdparty.io.grpc.StatusRuntimeException: CANCELLED: HTTP/2 error code: CANCEL
Received Rst Stream
2021-06-21 17:59:22,219 [grpc-default-executor-1] WARN  server.GrpcLogAppender (GrpcLogAppender.java:resetClient(111)) - 69c6f520-252c-4e6e-b4eb-24186417fbe1@group-14706BB93390->c73c8739-3325-43cd-abe9-6b47c5c175d5-GrpcLogAppender: Leader has not got in touch with Follower 69c6f520-252c-4e6e-b4eb-24186417fbe1@group-14706BB93390->c73c8739-3325-43cd-abe9-6b47c5c175d5(c0,m0,n1, attendVote=true, lastRpcSendTime=1226, lastRpcResponseTime=1208) yet, just keep nextIndex unchanged and retry.
2021-06-21 17:59:22,220 [Time-limited test] INFO  utils.BackgroundService (BackgroundService.java:shutdown(132)) - Shutting down service BlockDeletingService
2021-06-21 17:59:22,220 [ForkJoinPool.commonPool-worker-1] INFO  utils.BackgroundService (BackgroundService.java:shutdown(132)) - Shutting down service BlockDeletingService
2021-06-21 17:59:22,221 [Time-limited test] INFO  statemachine.DatanodeStateMachine (DatanodeStateMachine.java:stopDaemon(488)) - Ozone container server stopped.
2021-06-21 17:59:22,227 [Time-limited test] INFO  handler.ContextHandler (ContextHandler.java:doStop(1154)) - Stopped o.e.j.w.WebAppContext@655afef7{hddsDatanode,/,null,STOPPED}{jar:file:/home/runner/.m2/repository/org/apache/ozone/hdds-container-service/1.2.0-SNAPSHOT/hdds-container-service-1.2.0-SNAPSHOT.jar!/webapps/hddsDatanode}
2021-06-21 17:59:22,227 [Time-limited test] INFO  server.AbstractConnector (AbstractConnector.java:doStop(381)) - Stopped ServerConnector@663730d5{HTTP/1.1, (http/1.1)}{0.0.0.0:0}
2021-06-21 17:59:22,227 [Time-limited test] INFO  server.session (HouseKeeper.java:stopScavenging(149)) - node0 Stopped scavenging
2021-06-21 17:59:22,233 [ForkJoinPool.commonPool-worker-1] INFO  statemachine.DatanodeStateMachine (DatanodeStateMachine.java:stopDaemon(488)) - Ozone container server stopped.
2021-06-21 17:59:22,233 [Time-limited test] INFO  handler.ContextHandler (ContextHandler.java:doStop(1154)) - Stopped o.e.j.s.ServletContextHandler@5679e5ed{static,/static,jar:file:/home/runner/.m2/repository/org/apache/ozone/hdds-container-service/1.2.0-SNAPSHOT/hdds-container-service-1.2.0-SNAPSHOT.jar!/webapps/static,STOPPED}
2021-06-21 17:59:22,233 [Time-limited test] INFO  handler.ContextHandler (ContextHandler.java:doStop(1154)) - Stopped o.e.j.s.ServletContextHandler@dbe0d7{logs,/logs,file:///home/runner/work/ozone/ozone/mnt/ozone/hadoop-ozone/integration-test/target/log,STOPPED}
2021-06-21 17:59:22,236 [ForkJoinPool.commonPool-worker-1] INFO  handler.ContextHandler (ContextHandler.java:doStop(1154)) - Stopped o.e.j.w.WebAppContext@35b1906b{hddsDatanode,/,null,STOPPED}{jar:file:/home/runner/.m2/repository/org/apache/ozone/hdds-container-service/1.2.0-SNAPSHOT/hdds-container-service-1.2.0-SNAPSHOT.jar!/webapps/hddsDatanode}
2021-06-21 17:59:22,236 [ForkJoinPool.commonPool-worker-1] INFO  server.AbstractConnector (AbstractConnector.java:doStop(381)) - Stopped ServerConnector@27cf3969{HTTP/1.1, (http/1.1)}{0.0.0.0:0}
2021-06-21 17:59:22,236 [ForkJoinPool.commonPool-worker-1] INFO  server.session (HouseKeeper.java:stopScavenging(149)) - node0 Stopped scavenging
2021-06-21 17:59:22,237 [ForkJoinPool.commonPool-worker-1] INFO  handler.ContextHandler (ContextHandler.java:doStop(1154)) - Stopped o.e.j.s.ServletContextHandler@7518ff6d{static,/static,jar:file:/home/runner/.m2/repository/org/apache/ozone/hdds-container-service/1.2.0-SNAPSHOT/hdds-container-service-1.2.0-SNAPSHOT.jar!/webapps/static,STOPPED}
2021-06-21 17:59:22,238 [ForkJoinPool.commonPool-worker-1] INFO  handler.ContextHandler (ContextHandler.java:doStop(1154)) - Stopped o.e.j.s.ServletContextHandler@7eb91c1e{logs,/logs,file:///home/runner/work/ozone/ozone/mnt/ozone/hadoop-ozone/integration-test/target/log,STOPPED}
2021-06-21 17:59:22,908 [Datanode State Machine Thread - 0] INFO  statemachine.DatanodeStateMachine (DatanodeStateMachine.java:lambda$startDaemon$0(430)) - Ozone container server started.
2021-06-21 17:59:23,526 [grpc-default-executor-1] WARN  server.GrpcLogAppender (LogUtils.java:warn(122)) - 69c6f520-252c-4e6e-b4eb-24186417fbe1@group-14706BB93390->dcbd47e6-928b-4715-825b-9c1fc4ded717-AppendLogResponseHandler: Failed appendEntries: org.apache.ratis.thirdparty.io.grpc.StatusRuntimeException: UNAVAILABLE: io exception
2021-06-21 17:59:23,526 [grpc-default-executor-1] WARN  server.GrpcLogAppender (GrpcLogAppender.java:resetClient(111)) - 69c6f520-252c-4e6e-b4eb-24186417fbe1@group-14706BB93390->dcbd47e6-928b-4715-825b-9c1fc4ded717-GrpcLogAppender: Leader has not got in touch with Follower 69c6f520-252c-4e6e-b4eb-24186417fbe1@group-14706BB93390->dcbd47e6-928b-4715-825b-9c1fc4ded717(c0,m0,n1, attendVote=true, lastRpcSendTime=2532, lastRpcResponseTime=2510) yet, just keep nextIndex unchanged and retry.
2021-06-21 17:59:23,531 [grpc-default-executor-1] WARN  server.GrpcLogAppender (LogUtils.java:warn(122)) - 69c6f520-252c-4e6e-b4eb-24186417fbe1@group-14706BB93390->c73c8739-3325-43cd-abe9-6b47c5c175d5-AppendLogResponseHandler: Failed appendEntries: org.apache.ratis.thirdparty.io.grpc.StatusRuntimeException: UNAVAILABLE: io exception
2021-06-21 17:59:23,532 [grpc-default-executor-1] WARN  server.GrpcLogAppender (GrpcLogAppender.java:resetClient(111)) - 69c6f520-252c-4e6e-b4eb-24186417fbe1@group-14706BB93390->c73c8739-3325-43cd-abe9-6b47c5c175d5-GrpcLogAppender: Leader has not got in touch with Follower 69c6f520-252c-4e6e-b4eb-24186417fbe1@group-14706BB93390->c73c8739-3325-43cd-abe9-6b47c5c175d5(c0,m0,n1, attendVote=true, lastRpcSendTime=0, lastRpcResponseTime=2521) yet, just keep nextIndex unchanged and retry.
2021-06-21 17:59:26,028 [grpc-default-executor-1] WARN  server.GrpcLogAppender (LogUtils.java:warn(122)) - 69c6f520-252c-4e6e-b4eb-24186417fbe1@group-14706BB93390->dcbd47e6-928b-4715-825b-9c1fc4ded717-AppendLogResponseHandler: Failed appendEntries: org.apache.ratis.thirdparty.io.grpc.StatusRuntimeException: UNAVAILABLE: io exception
2021-06-21 17:59:26,028 [grpc-default-executor-1] WARN  server.GrpcLogAppender (GrpcLogAppender.java:resetClient(111)) - 69c6f520-252c-4e6e-b4eb-24186417fbe1@group-14706BB93390->dcbd47e6-928b-4715-825b-9c1fc4ded717-GrpcLogAppender: Leader has not got in touch with Follower 69c6f520-252c-4e6e-b4eb-24186417fbe1@group-14706BB93390->dcbd47e6-928b-4715-825b-9c1fc4ded717(c0,m0,n1, attendVote=true, lastRpcSendTime=0, lastRpcResponseTime=5012) yet, just keep nextIndex unchanged and retry.
2021-06-21 17:59:26,032 [grpc-default-executor-1] WARN  server.GrpcLogAppender (LogUtils.java:warn(122)) - 69c6f520-252c-4e6e-b4eb-24186417fbe1@group-14706BB93390->c73c8739-3325-43cd-abe9-6b47c5c175d5-AppendLogResponseHandler: Failed appendEntries: org.apache.ratis.thirdparty.io.grpc.StatusRuntimeException: UNAVAILABLE: io exception
2021-06-21 17:59:26,032 [grpc-default-executor-1] WARN  server.GrpcLogAppender (GrpcLogAppender.java:resetClient(111)) - 69c6f520-252c-4e6e-b4eb-24186417fbe1@group-14706BB93390->c73c8739-3325-43cd-abe9-6b47c5c175d5-GrpcLogAppender: Leader has not got in touch with Follower 69c6f520-252c-4e6e-b4eb-24186417fbe1@group-14706BB93390->c73c8739-3325-43cd-abe9-6b47c5c175d5(c0,m0,n1, attendVote=true, lastRpcSendTime=0, lastRpcResponseTime=5021) yet, just keep nextIndex unchanged and retry.
2021-06-21 17:59:27,236 [Time-limited test] INFO  ozoneimpl.OzoneContainer (OzoneContainer.java:stop(326)) - Attempting to stop container services.
2021-06-21 17:59:27,237 [Time-limited test] INFO  server.RaftServer (RaftServerProxy.java:lambda$close$6(391)) - 69c6f520-252c-4e6e-b4eb-24186417fbe1: close
2021-06-21 17:59:27,245 [Time-limited test] INFO  server.RaftServer$Division (RaftServerImpl.java:lambda$close$4(406)) - 69c6f520-252c-4e6e-b4eb-24186417fbe1@group-14706BB93390: shutdown
2021-06-21 17:59:27,246 [Time-limited test] INFO  util.JmxRegister (JmxRegister.java:unregister(73)) - Successfully un-registered JMX Bean with object name Ratis:service=RaftServer,group=group-14706BB93390,id=69c6f520-252c-4e6e-b4eb-24186417fbe1
2021-06-21 17:59:27,246 [Time-limited test] INFO  impl.RoleInfo (RoleInfo.java:shutdownLeaderState(91)) - 69c6f520-252c-4e6e-b4eb-24186417fbe1: shutdown 69c6f520-252c-4e6e-b4eb-24186417fbe1@group-14706BB93390-LeaderStateImpl
2021-06-21 17:59:27,246 [Time-limited test] INFO  metrics.RatisMetrics (RatisMetrics.java:unregister(43)) - Unregistering Metrics Registry : ratis_grpc.log_appender.69c6f520-252c-4e6e-b4eb-24186417fbe1@group-14706BB93390
2021-06-21 17:59:27,246 [Time-limited test] INFO  metrics.RatisMetrics (RatisMetrics.java:unregister(43)) - Unregistering Metrics Registry : ratis_grpc.log_appender.69c6f520-252c-4e6e-b4eb-24186417fbe1@group-14706BB93390
2021-06-21 17:59:27,246 [Time-limited test] INFO  impl.PendingRequests (PendingRequests.java:sendNotLeaderResponses(249)) - 69c6f520-252c-4e6e-b4eb-24186417fbe1@group-14706BB93390-PendingRequests: sendNotLeaderResponses
2021-06-21 17:59:27,247 [Time-limited test] INFO  metrics.RatisMetrics (RatisMetrics.java:unregister(43)) - Unregistering Metrics Registry : ratis.log_appender.69c6f520-252c-4e6e-b4eb-24186417fbe1@group-14706BB93390
2021-06-21 17:59:27,247 [Time-limited test] INFO  metrics.RatisMetrics (RatisMetrics.java:unregister(43)) - Unregistering Metrics Registry : ratis.server.69c6f520-252c-4e6e-b4eb-24186417fbe1@group-14706BB93390
2021-06-21 17:59:27,247 [Time-limited test] INFO  impl.StateMachineUpdater (StateMachineUpdater.java:stopAndJoin(149)) - 69c6f520-252c-4e6e-b4eb-24186417fbe1@group-14706BB93390-StateMachineUpdater: set stopIndex = 0
2021-06-21 17:59:27,248 [69c6f520-252c-4e6e-b4eb-24186417fbe1@group-14706BB93390-StateMachineUpdater] INFO  ratis.ContainerStateMachine (ContainerStateMachine.java:takeSnapshot(292)) - group-14706BB93390: Taking a snapshot at:(t:11, i:0) file /home/runner/work/ozone/ozone/mnt/ozone/hadoop-ozone/integration-test/target/test-dir/MiniOzoneClusterImpl-ccb1d6a7-04eb-495e-8a45-afc51195f32e/datanode-2/data/ratis/30059530-567b-4f38-ba65-14706bb93390/sm/snapshot.11_0
2021-06-21 17:59:27,249 [69c6f520-252c-4e6e-b4eb-24186417fbe1@group-14706BB93390-StateMachineUpdater] INFO  ratis.ContainerStateMachine (ContainerStateMachine.java:takeSnapshot(303)) - group-14706BB93390: Finished taking a snapshot at:(t:11, i:0) file:/home/runner/work/ozone/ozone/mnt/ozone/hadoop-ozone/integration-test/target/test-dir/MiniOzoneClusterImpl-ccb1d6a7-04eb-495e-8a45-afc51195f32e/datanode-2/data/ratis/30059530-567b-4f38-ba65-14706bb93390/sm/snapshot.11_0 took: 1 ms
2021-06-21 17:59:27,249 [69c6f520-252c-4e6e-b4eb-24186417fbe1@group-14706BB93390-StateMachineUpdater] INFO  impl.StateMachineUpdater (StateMachineUpdater.java:takeSnapshot(281)) - 69c6f520-252c-4e6e-b4eb-24186417fbe1@group-14706BB93390-StateMachineUpdater: Took a snapshot at index 0
2021-06-21 17:59:27,249 [69c6f520-252c-4e6e-b4eb-24186417fbe1@group-14706BB93390-StateMachineUpdater] INFO  impl.StateMachineUpdater (StateMachineUpdater.java:lambda$new$0(89)) - 69c6f520-252c-4e6e-b4eb-24186417fbe1@group-14706BB93390-StateMachineUpdater: snapshotIndex: updateIncreasingly -1 -> 0
2021-06-21 17:59:27,249 [69c6f520-252c-4e6e-b4eb-24186417fbe1@group-14706BB93390-StateMachineUpdater] INFO  metrics.RatisMetrics (RatisMetrics.java:unregister(43)) - Unregistering Metrics Registry : ratis.state_machine.69c6f520-252c-4e6e-b4eb-24186417fbe1@group-14706BB93390
2021-06-21 17:59:27,250 [Time-limited test] INFO  server.RaftServer$Division (ServerState.java:close(405)) - 69c6f520-252c-4e6e-b4eb-24186417fbe1@group-14706BB93390: closes. applyIndex: 0
2021-06-21 17:59:27,250 [69c6f520-252c-4e6e-b4eb-24186417fbe1@group-14706BB93390-SegmentedRaftLogWorker] INFO  segmented.SegmentedRaftLogWorker (SegmentedRaftLogWorker.java:run(327)) - 69c6f520-252c-4e6e-b4eb-24186417fbe1@group-14706BB93390-SegmentedRaftLogWorker was interrupted, exiting. There are 0 tasks remaining in the queue.
2021-06-21 17:59:27,250 [Time-limited test] INFO  segmented.SegmentedRaftLogWorker (SegmentedRaftLogWorker.java:close(237)) - 69c6f520-252c-4e6e-b4eb-24186417fbe1@group-14706BB93390-SegmentedRaftLogWorker close()
2021-06-21 17:59:27,254 [Time-limited test] INFO  metrics.RatisMetrics (RatisMetrics.java:unregister(43)) - Unregistering Metrics Registry : ratis.log_worker.69c6f520-252c-4e6e-b4eb-24186417fbe1@group-14706BB93390
2021-06-21 17:59:27,254 [Time-limited test] INFO  metrics.RatisMetrics (RatisMetrics.java:unregister(43)) - Unregistering Metrics Registry : ratis.leader_election.69c6f520-252c-4e6e-b4eb-24186417fbe1@group-14706BB93390
2021-06-21 17:59:27,255 [Time-limited test] INFO  metrics.RatisMetrics (RatisMetrics.java:unregister(43)) - Unregistering Metrics Registry : ratis.server.69c6f520-252c-4e6e-b4eb-24186417fbe1@group-14706BB93390
2021-06-21 17:59:27,255 [Time-limited test] INFO  server.RaftServer$Division (RaftServerImpl.java:lambda$close$4(406)) - 69c6f520-252c-4e6e-b4eb-24186417fbe1@group-AB0B6CA61696: shutdown
2021-06-21 17:59:27,255 [Time-limited test] INFO  util.JmxRegister (JmxRegister.java:unregister(73)) - Successfully un-registered JMX Bean with object name Ratis:service=RaftServer,group=group-AB0B6CA61696,id=69c6f520-252c-4e6e-b4eb-24186417fbe1
2021-06-21 17:59:27,255 [Time-limited test] INFO  impl.RoleInfo (RoleInfo.java:shutdownLeaderState(91)) - 69c6f520-252c-4e6e-b4eb-24186417fbe1: shutdown 69c6f520-252c-4e6e-b4eb-24186417fbe1@group-AB0B6CA61696-LeaderStateImpl
2021-06-21 17:59:27,255 [Time-limited test] INFO  impl.PendingRequests (PendingRequests.java:sendNotLeaderResponses(249)) - 69c6f520-252c-4e6e-b4eb-24186417fbe1@group-AB0B6CA61696-PendingRequests: sendNotLeaderResponses
2021-06-21 17:59:27,255 [Time-limited test] INFO  metrics.RatisMetrics (RatisMetrics.java:unregister(43)) - Unregistering Metrics Registry : ratis.log_appender.69c6f520-252c-4e6e-b4eb-24186417fbe1@group-AB0B6CA61696
2021-06-21 17:59:27,256 [Time-limited test] INFO  metrics.RatisMetrics (RatisMetrics.java:unregister(43)) - Unregistering Metrics Registry : ratis.server.69c6f520-252c-4e6e-b4eb-24186417fbe1@group-AB0B6CA61696
2021-06-21 17:59:27,256 [69c6f520-252c-4e6e-b4eb-24186417fbe1@group-AB0B6CA61696-StateMachineUpdater] INFO  ratis.ContainerStateMachine (ContainerStateMachine.java:takeSnapshot(292)) - group-AB0B6CA61696: Taking a snapshot at:(t:1, i:0) file /home/runner/work/ozone/ozone/mnt/ozone/hadoop-ozone/integration-test/target/test-dir/MiniOzoneClusterImpl-ccb1d6a7-04eb-495e-8a45-afc51195f32e/datanode-2/data/ratis/8f0c8bb9-a63e-4b89-a234-ab0b6ca61696/sm/snapshot.1_0
2021-06-21 17:59:27,256 [Time-limited test] INFO  impl.StateMachineUpdater (StateMachineUpdater.java:stopAndJoin(149)) - 69c6f520-252c-4e6e-b4eb-24186417fbe1@group-AB0B6CA61696-StateMachineUpdater: set stopIndex = 0
2021-06-21 17:59:27,257 [69c6f520-252c-4e6e-b4eb-24186417fbe1@group-AB0B6CA61696-StateMachineUpdater] INFO  ratis.ContainerStateMachine (ContainerStateMachine.java:takeSnapshot(303)) - group-AB0B6CA61696: Finished taking a snapshot at:(t:1, i:0) file:/home/runner/work/ozone/ozone/mnt/ozone/hadoop-ozone/integration-test/target/test-dir/MiniOzoneClusterImpl-ccb1d6a7-04eb-495e-8a45-afc51195f32e/datanode-2/data/ratis/8f0c8bb9-a63e-4b89-a234-ab0b6ca61696/sm/snapshot.1_0 took: 1 ms
2021-06-21 17:59:27,257 [69c6f520-252c-4e6e-b4eb-24186417fbe1@group-AB0B6CA61696-StateMachineUpdater] INFO  impl.StateMachineUpdater (StateMachineUpdater.java:takeSnapshot(281)) - 69c6f520-252c-4e6e-b4eb-24186417fbe1@group-AB0B6CA61696-StateMachineUpdater: Took a snapshot at index 0
2021-06-21 17:59:27,257 [69c6f520-252c-4e6e-b4eb-24186417fbe1@group-AB0B6CA61696-StateMachineUpdater] INFO  impl.StateMachineUpdater (StateMachineUpdater.java:lambda$new$0(89)) - 69c6f520-252c-4e6e-b4eb-24186417fbe1@group-AB0B6CA61696-StateMachineUpdater: snapshotIndex: updateIncreasingly -1 -> 0
2021-06-21 17:59:27,257 [69c6f520-252c-4e6e-b4eb-24186417fbe1@group-AB0B6CA61696-StateMachineUpdater] INFO  metrics.RatisMetrics (RatisMetrics.java:unregister(43)) - Unregistering Metrics Registry : ratis.state_machine.69c6f520-252c-4e6e-b4eb-24186417fbe1@group-AB0B6CA61696
2021-06-21 17:59:27,257 [Time-limited test] INFO  server.RaftServer$Division (ServerState.java:close(405)) - 69c6f520-252c-4e6e-b4eb-24186417fbe1@group-AB0B6CA61696: closes. applyIndex: 0
2021-06-21 17:59:27,258 [69c6f520-252c-4e6e-b4eb-24186417fbe1@group-AB0B6CA61696-SegmentedRaftLogWorker] INFO  segmented.SegmentedRaftLogWorker (SegmentedRaftLogWorker.java:run(327)) - 69c6f520-252c-4e6e-b4eb-24186417fbe1@group-AB0B6CA61696-SegmentedRaftLogWorker was interrupted, exiting. There are 0 tasks remaining in the queue.
2021-06-21 17:59:27,259 [Time-limited test] INFO  segmented.SegmentedRaftLogWorker (SegmentedRaftLogWorker.java:close(237)) - 69c6f520-252c-4e6e-b4eb-24186417fbe1@group-AB0B6CA61696-SegmentedRaftLogWorker close()
2021-06-21 17:59:27,259 [Time-limited test] INFO  metrics.RatisMetrics (RatisMetrics.java:unregister(43)) - Unregistering Metrics Registry : ratis.log_worker.69c6f520-252c-4e6e-b4eb-24186417fbe1@group-AB0B6CA61696
2021-06-21 17:59:27,260 [Time-limited test] INFO  metrics.RatisMetrics (RatisMetrics.java:unregister(43)) - Unregistering Metrics Registry : ratis.leader_election.69c6f520-252c-4e6e-b4eb-24186417fbe1@group-AB0B6CA61696
2021-06-21 17:59:27,260 [Time-limited test] INFO  metrics.RatisMetrics (RatisMetrics.java:unregister(43)) - Unregistering Metrics Registry : ratis.server.69c6f520-252c-4e6e-b4eb-24186417fbe1@group-AB0B6CA61696
2021-06-21 17:59:27,260 [Time-limited test] INFO  server.GrpcService (GrpcService.java:closeImpl(262)) - 69c6f520-252c-4e6e-b4eb-24186417fbe1: shutdown server with port 46405 now
2021-06-21 17:59:27,270 [Time-limited test] INFO  server.GrpcService (GrpcService.java:closeImpl(271)) - 69c6f520-252c-4e6e-b4eb-24186417fbe1: shutdown server with port 46405 successfully
2021-06-21 17:59:27,270 [org.apache.ratis.util.JvmPauseMonitor$$Lambda$513/332907864@24ff8b65] INFO  util.JvmPauseMonitor (JvmPauseMonitor.java:run(109)) - JvmPauseMonitor-69c6f520-252c-4e6e-b4eb-24186417fbe1: Stopped
2021-06-21 17:59:27,290 [Time-limited test] INFO  utils.BackgroundService (BackgroundService.java:shutdown(132)) - Shutting down service BlockDeletingService
2021-06-21 17:59:27,291 [Time-limited test] INFO  statemachine.DatanodeStateMachine (DatanodeStateMachine.java:stopDaemon(488)) - Ozone container server stopped.
2021-06-21 17:59:27,295 [Time-limited test] INFO  handler.ContextHandler (ContextHandler.java:doStop(1154)) - Stopped o.e.j.w.WebAppContext@66276614{hddsDatanode,/,null,STOPPED}{jar:file:/home/runner/.m2/repository/org/apache/ozone/hdds-container-service/1.2.0-SNAPSHOT/hdds-container-service-1.2.0-SNAPSHOT.jar!/webapps/hddsDatanode}
2021-06-21 17:59:27,295 [Time-limited test] INFO  server.AbstractConnector (AbstractConnector.java:doStop(381)) - Stopped ServerConnector@4d9fd198{HTTP/1.1, (http/1.1)}{0.0.0.0:0}
2021-06-21 17:59:27,295 [Time-limited test] INFO  server.session (HouseKeeper.java:stopScavenging(149)) - node0 Stopped scavenging
2021-06-21 17:59:27,296 [Time-limited test] INFO  handler.ContextHandler (ContextHandler.java:doStop(1154)) - Stopped o.e.j.s.ServletContextHandler@757408df{static,/static,jar:file:/home/runner/.m2/repository/org/apache/ozone/hdds-container-service/1.2.0-SNAPSHOT/hdds-container-service-1.2.0-SNAPSHOT.jar!/webapps/static,STOPPED}
2021-06-21 17:59:27,297 [Time-limited test] INFO  handler.ContextHandler (ContextHandler.java:doStop(1154)) - Stopped o.e.j.s.ServletContextHandler@7f752666{logs,/logs,file:///home/runner/work/ozone/ozone/mnt/ozone/hadoop-ozone/integration-test/target/log,STOPPED}
2021-06-21 17:59:27,298 [Time-limited test] INFO  ozone.MiniOzoneClusterImpl (MiniOzoneClusterImpl.java:stopSCM(534)) - Stopping the StorageContainerManager
2021-06-21 17:59:27,298 [Time-limited test] INFO  server.StorageContainerManager (StorageContainerManager.java:stop(1298)) - Stopping Replication Manager Service.
2021-06-21 17:59:27,298 [Time-limited test] INFO  container.ReplicationManager (ReplicationManager.java:stop(260)) - Stopping Replication Monitor Thread.
2021-06-21 17:59:27,299 [Time-limited test] INFO  server.StorageContainerManager (StorageContainerManager.java:stop(1305)) - Stopping the Datanode Admin Monitor.
2021-06-21 17:59:27,299 [Time-limited test] INFO  server.StorageContainerManager (StorageContainerManager.java:stop(1312)) - Stopping Lease Manager of the command watchers
2021-06-21 17:59:27,299 [Time-limited test] INFO  server.StorageContainerManager (StorageContainerManager.java:stop(1319)) - Stopping datanode service RPC server
2021-06-21 17:59:27,299 [Time-limited test] INFO  server.SCMDatanodeProtocolServer (SCMDatanodeProtocolServer.java:stop(374)) - Stopping the RPC server for DataNodes
2021-06-21 17:59:27,299 [Time-limited test] INFO  ipc.Server (Server.java:stop(3403)) - Stopping server on 44057
2021-06-21 17:59:27,301 [IPC Server listener on 0] INFO  ipc.Server (Server.java:run(1366)) - Stopping IPC Server listener on 0
2021-06-21 17:59:27,302 [IPC Server Responder] INFO  ipc.Server (Server.java:run(1502)) - Stopping IPC Server Responder
2021-06-21 17:59:27,361 [SCM Heartbeat Processing Thread - 0] WARN  node.NodeStateManager (NodeStateManager.java:scheduleNextHealthCheck(688)) - Current Thread is interrupted, shutting down HB processing thread for Node Manager.
2021-06-21 17:59:27,361 [Time-limited test] INFO  server.StorageContainerManager (StorageContainerManager.java:stop(1327)) - Stopping block service RPC server
2021-06-21 17:59:27,361 [Time-limited test] INFO  server.SCMBlockProtocolServer (SCMBlockProtocolServer.java:stop(158)) - Stopping the RPC server for Block Protocol
2021-06-21 17:59:27,362 [Time-limited test] INFO  ipc.Server (Server.java:stop(3403)) - Stopping server on 43107
2021-06-21 17:59:27,363 [IPC Server Responder] INFO  ipc.Server (Server.java:run(1502)) - Stopping IPC Server Responder
2021-06-21 17:59:27,363 [IPC Server listener on 0] INFO  ipc.Server (Server.java:run(1366)) - Stopping IPC Server listener on 0
2021-06-21 17:59:27,363 [Time-limited test] INFO  server.StorageContainerManager (StorageContainerManager.java:stop(1334)) - Stopping the StorageContainerLocationProtocol RPC server
2021-06-21 17:59:27,364 [Time-limited test] INFO  server.SCMClientProtocolServer (SCMClientProtocolServer.java:stop(166)) - Stopping the RPC server for Client Protocol
2021-06-21 17:59:27,364 [Time-limited test] INFO  ipc.Server (Server.java:stop(3403)) - Stopping server on 45825
2021-06-21 17:59:27,365 [IPC Server Responder] INFO  ipc.Server (Server.java:run(1502)) - Stopping IPC Server Responder
2021-06-21 17:59:27,365 [Time-limited test] INFO  server.StorageContainerManager (StorageContainerManager.java:stop(1341)) - Stopping Storage Container Manager HTTP server.
2021-06-21 17:59:27,365 [IPC Server listener on 0] INFO  ipc.Server (Server.java:run(1366)) - Stopping IPC Server listener on 0
2021-06-21 17:59:27,368 [Time-limited test] INFO  handler.ContextHandler (ContextHandler.java:doStop(1154)) - Stopped o.e.j.w.WebAppContext@52655d66{scm,/,null,STOPPED}{file:/home/runner/work/ozone/ozone/mnt/ozone/hadoop-ozone/integration-test/target/test-classes/webapps/scm}
2021-06-21 17:59:27,369 [Time-limited test] INFO  server.AbstractConnector (AbstractConnector.java:doStop(381)) - Stopped ServerConnector@1b9bd11d{HTTP/1.1, (http/1.1)}{0.0.0.0:0}
2021-06-21 17:59:27,369 [Time-limited test] INFO  server.session (HouseKeeper.java:stopScavenging(149)) - node0 Stopped scavenging
2021-06-21 17:59:27,370 [Time-limited test] INFO  handler.ContextHandler (ContextHandler.java:doStop(1154)) - Stopped o.e.j.s.ServletContextHandler@4352ecf2{static,/static,file:///home/runner/work/ozone/ozone/mnt/ozone/hadoop-ozone/integration-test/target/test-classes/webapps/static,STOPPED}
2021-06-21 17:59:27,370 [Time-limited test] INFO  handler.ContextHandler (ContextHandler.java:doStop(1154)) - Stopped o.e.j.s.ServletContextHandler@67397797{logs,/logs,file:///home/runner/work/ozone/ozone/mnt/ozone/hadoop-ozone/integration-test/target/log,STOPPED}
2021-06-21 17:59:27,371 [Time-limited test] INFO  server.StorageContainerManager (StorageContainerManager.java:stop(1352)) - Stopping Block Manager Service.
2021-06-21 17:59:27,371 [Time-limited test] INFO  utils.BackgroundService (BackgroundService.java:shutdown(132)) - Shutting down service SCMBlockDeletingService
2021-06-21 17:59:27,372 [Time-limited test] INFO  utils.BackgroundService (BackgroundService.java:shutdown(132)) - Shutting down service SCMBlockDeletingService
2021-06-21 17:59:27,372 [Time-limited test] INFO  server.StorageContainerManager (StorageContainerManager.java:stop(1379)) - Stopping SCM Event Queue.
2021-06-21 17:59:27,374 [Time-limited test] INFO  pipeline.BackgroundPipelineCreator (BackgroundPipelineCreatorV2.java:stop(158)) - Stopping RatisPipelineUtilsThread.
2021-06-21 17:59:27,375 [Time-limited test] INFO  impl.MetricsSystemImpl (MetricsSystemImpl.java:stop(210)) - Stopping HddsDatanode metrics system...
2021-06-21 17:59:27,376 [prometheus] INFO  impl.MetricsSinkAdapter (MetricsSinkAdapter.java:publishMetricsFromQueue(141)) - prometheus thread interrupted.
2021-06-21 17:59:27,377 [Time-limited test] INFO  impl.MetricsSystemImpl (MetricsSystemImpl.java:stop(216)) - HddsDatanode metrics system stopped.
]]></system-out>
  </testcase>
  <testcase name="testDNstartAfterSCM" classname="org.apache.hadoop.ozone.TestMiniOzoneCluster" time="66.759"/>
  <testcase name="testDatanodeIDPersistent" classname="org.apache.hadoop.ozone.TestMiniOzoneCluster" time="0.025"/>
  <testcase name="testContainerRandomPort" classname="org.apache.hadoop.ozone.TestMiniOzoneCluster" time="0.242"/>
</testsuite>