<?xml version="1.0" encoding="UTF-8"?>
<testsuite xmlns:xsi="http://www.w3.org/2001/XMLSchema-instance" xsi:noNamespaceSchemaLocation="https://maven.apache.org/surefire/maven-surefire-plugin/xsd/surefire-test-report.xsd" name="org.apache.hadoop.ozone.client.rpc.TestOzoneClientRetriesOnException" time="81.606" tests="2" errors="0" skipped="0" failures="1">
  <properties>
    <property name="awt.toolkit" value="sun.awt.X11.XToolkit"/>
    <property name="file.encoding.pkg" value="sun.io"/>
    <property name="java.specification.version" value="1.8"/>
    <property name="sun.cpu.isalist" value=""/>
    <property name="sun.jnu.encoding" value="ANSI_X3.4-1968"/>
    <property name="java.class.path" value="/github/workspace/mnt/ozone/hadoop-ozone/integration-test/target/test-classes:/github/workspace/mnt/ozone/hadoop-ozone/integration-test/target/classes:/home/user/.m2/repository/org/apache/hadoop/hadoop-ozone-common/0.6.0-SNAPSHOT/hadoop-ozone-common-0.6.0-SNAPSHOT.jar:/home/user/.m2/repository/org/apache/commons/commons-compress/1.4.1/commons-compress-1.4.1.jar:/home/user/.m2/repository/org/tukaani/xz/1.0/xz-1.0.jar:/home/user/.m2/repository/org/apache/hadoop/hadoop-hdds-common/0.6.0-SNAPSHOT/hadoop-hdds-common-0.6.0-SNAPSHOT.jar:/home/user/.m2/repository/org/apache/hadoop/hadoop-hdds-hadoop-dependency-client/0.6.0-SNAPSHOT/hadoop-hdds-hadoop-dependency-client-0.6.0-SNAPSHOT.jar:/home/user/.m2/repository/info/picocli/picocli/3.9.6/picocli-3.9.6.jar:/home/user/.m2/repository/com/fasterxml/jackson/core/jackson-annotations/2.10.3/jackson-annotations-2.10.3.jar:/home/user/.m2/repository/javax/annotation/javax.annotation-api/1.2/javax.annotation-api-1.2.jar:/home/user/.m2/repository/org/apache/ratis/ratis-server/1.0.0/ratis-server-1.0.0.jar:/home/user/.m2/repository/org/apache/ratis/ratis-client/1.0.0/ratis-client-1.0.0.jar:/home/user/.m2/repository/org/apache/ratis/ratis-metrics/1.0.0/ratis-metrics-1.0.0.jar:/home/user/.m2/repository/org/apache/ratis/ratis-netty/1.0.0/ratis-netty-1.0.0.jar:/home/user/.m2/repository/org/apache/ratis/ratis-grpc/1.0.0/ratis-grpc-1.0.0.jar:/home/user/.m2/repository/org/apache/logging/log4j/log4j-api/2.13.3/log4j-api-2.13.3.jar:/home/user/.m2/repository/org/apache/logging/log4j/log4j-core/2.13.3/log4j-core-2.13.3.jar:/home/user/.m2/repository/com/lmax/disruptor/3.4.2/disruptor-3.4.2.jar:/home/user/.m2/repository/org/apache/commons/commons-pool2/2.6.0/commons-pool2-2.6.0.jar:/home/user/.m2/repository/org/bouncycastle/bcpkix-jdk15on/1.60/bcpkix-jdk15on-1.60.jar:/home/user/.m2/repository/commons-validator/commons-validator/1.6/commons-validator-1.6.jar:/home/user/.m2/repository/commons-digester/commons-digester/1.8.1/commons-digester-1.8.1.jar:/home/user/.m2/repository/io/jaegertracing/jaeger-client/1.2.0/jaeger-client-1.2.0.jar:/home/user/.m2/repository/io/jaegertracing/jaeger-thrift/1.2.0/jaeger-thrift-1.2.0.jar:/home/user/.m2/repository/org/apache/thrift/libthrift/0.13.0/libthrift-0.13.0.jar:/home/user/.m2/repository/com/squareup/okhttp3/okhttp/4.2.2/okhttp-4.2.2.jar:/home/user/.m2/repository/com/squareup/okio/okio/2.2.2/okio-2.2.2.jar:/home/user/.m2/repository/org/jetbrains/kotlin/kotlin-stdlib/1.3.50/kotlin-stdlib-1.3.50.jar:/home/user/.m2/repository/org/jetbrains/kotlin/kotlin-stdlib-common/1.3.50/kotlin-stdlib-common-1.3.50.jar:/home/user/.m2/repository/org/jetbrains/annotations/13.0/annotations-13.0.jar:/home/user/.m2/repository/io/jaegertracing/jaeger-core/1.2.0/jaeger-core-1.2.0.jar:/home/user/.m2/repository/io/jaegertracing/jaeger-tracerresolver/1.2.0/jaeger-tracerresolver-1.2.0.jar:/home/user/.m2/repository/io/opentracing/contrib/opentracing-tracerresolver/0.1.8/opentracing-tracerresolver-0.1.8.jar:/home/user/.m2/repository/io/opentracing/opentracing-util/0.33.0/opentracing-util-0.33.0.jar:/home/user/.m2/repository/io/opentracing/opentracing-api/0.33.0/opentracing-api-0.33.0.jar:/home/user/.m2/repository/io/opentracing/opentracing-noop/0.33.0/opentracing-noop-0.33.0.jar:/home/user/.m2/repository/org/apache/hadoop/hadoop-hdds-client/0.6.0-SNAPSHOT/hadoop-hdds-client-0.6.0-SNAPSHOT.jar:/home/user/.m2/repository/org/apache/hadoop/hadoop-ozone-interface-client/0.6.0-SNAPSHOT/hadoop-ozone-interface-client-0.6.0-SNAPSHOT.jar:/home/user/.m2/repository/org/apache/hadoop/hadoop-hdds-test-utils/0.6.0-SNAPSHOT/hadoop-hdds-test-utils-0.6.0-SNAPSHOT.jar:/home/user/.m2/repository/com/google/guava/guava/28.2-jre/guava-28.2-jre.jar:/home/user/.m2/repository/com/google/guava/failureaccess/1.0.1/failureaccess-1.0.1.jar:/home/user/.m2/repository/com/google/guava/listenablefuture/9999.0-empty-to-avoid-conflict-with-guava/listenablefuture-9999.0-empty-to-avoid-conflict-with-guava.jar:/home/user/.m2/repository/com/google/code/findbugs/jsr305/3.0.0/jsr305-3.0.0.jar:/home/user/.m2/repository/org/checkerframework/checker-qual/2.10.0/checker-qual-2.10.0.jar:/home/user/.m2/repository/com/google/errorprone/error_prone_annotations/2.2.0/error_prone_annotations-2.2.0.jar:/home/user/.m2/repository/com/google/j2objc/j2objc-annotations/1.3/j2objc-annotations-1.3.jar:/home/user/.m2/repository/commons-io/commons-io/2.5/commons-io-2.5.jar:/home/user/.m2/repository/commons-logging/commons-logging/1.2/commons-logging-1.2.jar:/home/user/.m2/repository/log4j/log4j/1.2.17/log4j-1.2.17.jar:/home/user/.m2/repository/org/slf4j/slf4j-api/1.7.25/slf4j-api-1.7.25.jar:/home/user/.m2/repository/org/apache/hadoop/hadoop-hdds-server-scm/0.6.0-SNAPSHOT/hadoop-hdds-server-scm-0.6.0-SNAPSHOT.jar:/home/user/.m2/repository/org/apache/hadoop/hadoop-hdds-container-service/0.6.0-SNAPSHOT/hadoop-hdds-container-service-0.6.0-SNAPSHOT.jar:/home/user/.m2/repository/org/apache/hadoop/hadoop-hdds-hadoop-dependency-server/0.6.0-SNAPSHOT/hadoop-hdds-hadoop-dependency-server-0.6.0-SNAPSHOT.jar:/home/user/.m2/repository/org/apache/hadoop/hadoop-hdds-server-framework/0.6.0-SNAPSHOT/hadoop-hdds-server-framework-0.6.0-SNAPSHOT.jar:/home/user/.m2/repository/org/apache/hadoop/hadoop-hdds-interface-server/0.6.0-SNAPSHOT/hadoop-hdds-interface-server-0.6.0-SNAPSHOT.jar:/home/user/.m2/repository/org/apache/hadoop/hadoop-hdds-interface-admin/0.6.0-SNAPSHOT/hadoop-hdds-interface-admin-0.6.0-SNAPSHOT.jar:/home/user/.m2/repository/org/rocksdb/rocksdbjni/6.8.1/rocksdbjni-6.8.1.jar:/home/user/.m2/repository/io/prometheus/simpleclient_dropwizard/0.7.0/simpleclient_dropwizard-0.7.0.jar:/home/user/.m2/repository/io/prometheus/simpleclient/0.7.0/simpleclient-0.7.0.jar:/home/user/.m2/repository/io/prometheus/simpleclient_common/0.7.0/simpleclient_common-0.7.0.jar:/home/user/.m2/repository/com/fasterxml/jackson/datatype/jackson-datatype-jsr310/2.10.3/jackson-datatype-jsr310-2.10.3.jar:/home/user/.m2/repository/org/apache/hadoop/hadoop-hdds-docs/0.6.0-SNAPSHOT/hadoop-hdds-docs-0.6.0-SNAPSHOT.jar:/home/user/.m2/repository/io/dropwizard/metrics/metrics-core/3.2.4/metrics-core-3.2.4.jar:/home/user/.m2/repository/org/apache/hadoop/hadoop-hdfs-client/3.2.1/hadoop-hdfs-client-3.2.1.jar:/home/user/.m2/repository/org/bouncycastle/bcprov-jdk15on/1.60/bcprov-jdk15on-1.60.jar:/home/user/.m2/repository/org/apache/hadoop/hadoop-ozone-ozone-manager/0.6.0-SNAPSHOT/hadoop-ozone-ozone-manager-0.6.0-SNAPSHOT.jar:/home/user/.m2/repository/org/apache/hadoop/hadoop-hdds-interface-client/0.6.0-SNAPSHOT/hadoop-hdds-interface-client-0.6.0-SNAPSHOT.jar:/home/user/.m2/repository/org/apache/ratis/ratis-thirdparty-misc/0.5.0/ratis-thirdparty-misc-0.5.0.jar:/home/user/.m2/repository/org/apache/hadoop/hadoop-minikdc/3.2.1/hadoop-minikdc-3.2.1.jar:/home/user/.m2/repository/org/apache/kerby/kerb-simplekdc/1.0.1/kerb-simplekdc-1.0.1.jar:/home/user/.m2/repository/org/apache/kerby/kerb-client/1.0.1/kerb-client-1.0.1.jar:/home/user/.m2/repository/org/apache/kerby/kerby-config/1.0.1/kerby-config-1.0.1.jar:/home/user/.m2/repository/org/apache/kerby/kerb-core/1.0.1/kerb-core-1.0.1.jar:/home/user/.m2/repository/org/apache/kerby/kerby-pkix/1.0.1/kerby-pkix-1.0.1.jar:/home/user/.m2/repository/org/apache/kerby/kerby-asn1/1.0.1/kerby-asn1-1.0.1.jar:/home/user/.m2/repository/org/apache/kerby/kerby-util/1.0.1/kerby-util-1.0.1.jar:/home/user/.m2/repository/org/apache/kerby/kerb-common/1.0.1/kerb-common-1.0.1.jar:/home/user/.m2/repository/org/apache/kerby/kerb-crypto/1.0.1/kerb-crypto-1.0.1.jar:/home/user/.m2/repository/org/apache/kerby/kerb-util/1.0.1/kerb-util-1.0.1.jar:/home/user/.m2/repository/org/apache/kerby/token-provider/1.0.1/token-provider-1.0.1.jar:/home/user/.m2/repository/org/apache/kerby/kerb-admin/1.0.1/kerb-admin-1.0.1.jar:/home/user/.m2/repository/org/apache/kerby/kerb-server/1.0.1/kerb-server-1.0.1.jar:/home/user/.m2/repository/org/apache/kerby/kerb-identity/1.0.1/kerb-identity-1.0.1.jar:/home/user/.m2/repository/org/apache/kerby/kerby-xdr/1.0.1/kerby-xdr-1.0.1.jar:/home/user/.m2/repository/org/slf4j/slf4j-log4j12/1.7.25/slf4j-log4j12-1.7.25.jar:/home/user/.m2/repository/org/apache/hadoop/hadoop-ozone-s3gateway/0.6.0-SNAPSHOT/hadoop-ozone-s3gateway-0.6.0-SNAPSHOT.jar:/home/user/.m2/repository/org/jboss/weld/servlet/weld-servlet/2.4.7.Final/weld-servlet-2.4.7.Final.jar:/home/user/.m2/repository/org/glassfish/jersey/containers/jersey-container-servlet-core/2.27/jersey-container-servlet-core-2.27.jar:/home/user/.m2/repository/org/glassfish/hk2/external/javax.inject/2.5.0-b42/javax.inject-2.5.0-b42.jar:/home/user/.m2/repository/org/glassfish/jersey/core/jersey-common/2.27/jersey-common-2.27.jar:/home/user/.m2/repository/org/glassfish/hk2/osgi-resource-locator/1.0.1/osgi-resource-locator-1.0.1.jar:/home/user/.m2/repository/javax/ws/rs/javax.ws.rs-api/2.1/javax.ws.rs-api-2.1.jar:/home/user/.m2/repository/org/glassfish/jersey/ext/cdi/jersey-cdi1x/2.27/jersey-cdi1x-2.27.jar:/home/user/.m2/repository/org/glassfish/jersey/inject/jersey-hk2/2.27/jersey-hk2-2.27.jar:/home/user/.m2/repository/org/glassfish/hk2/hk2-locator/2.5.0-b42/hk2-locator-2.5.0-b42.jar:/home/user/.m2/repository/org/javassist/javassist/3.22.0-CR2/javassist-3.22.0-CR2.jar:/home/user/.m2/repository/org/glassfish/hk2/hk2-api/2.5.0/hk2-api-2.5.0.jar:/home/user/.m2/repository/org/glassfish/hk2/external/jakarta.inject/2.5.0/jakarta.inject-2.5.0.jar:/home/user/.m2/repository/org/glassfish/hk2/hk2-utils/2.5.0/hk2-utils-2.5.0.jar:/home/user/.m2/repository/jakarta/annotation/jakarta.annotation-api/1.3.4/jakarta.annotation-api-1.3.4.jar:/home/user/.m2/repository/org/glassfish/hk2/external/aopalliance-repackaged/2.5.0/aopalliance-repackaged-2.5.0.jar:/home/user/.m2/repository/com/fasterxml/jackson/dataformat/jackson-dataformat-xml/2.10.3/jackson-dataformat-xml-2.10.3.jar:/home/user/.m2/repository/com/fasterxml/jackson/core/jackson-core/2.10.3/jackson-core-2.10.3.jar:/home/user/.m2/repository/com/fasterxml/jackson/module/jackson-module-jaxb-annotations/2.10.3/jackson-module-jaxb-annotations-2.10.3.jar:/home/user/.m2/repository/jakarta/xml/bind/jakarta.xml.bind-api/2.3.2/jakarta.xml.bind-api-2.3.2.jar:/home/user/.m2/repository/jakarta/activation/jakarta.activation-api/1.2.1/jakarta.activation-api-1.2.1.jar:/home/user/.m2/repository/org/codehaus/woodstox/stax2-api/3.1.4/stax2-api-3.1.4.jar:/home/user/.m2/repository/com/fasterxml/woodstox/woodstox-core/5.0.3/woodstox-core-5.0.3.jar:/home/user/.m2/repository/javax/enterprise/cdi-api/1.2/cdi-api-1.2.jar:/home/user/.m2/repository/javax/el/javax.el-api/3.0.0/javax.el-api-3.0.0.jar:/home/user/.m2/repository/javax/interceptor/javax.interceptor-api/1.2/javax.interceptor-api-1.2.jar:/home/user/.m2/repository/javax/inject/javax.inject/1/javax.inject-1.jar:/home/user/.m2/repository/com/sun/xml/bind/jaxb-impl/2.3.0.1/jaxb-impl-2.3.0.1.jar:/home/user/.m2/repository/com/sun/xml/bind/jaxb-core/2.3.0.1/jaxb-core-2.3.0.1.jar:/home/user/.m2/repository/javax/xml/bind/jaxb-api/2.3.0/jaxb-api-2.3.0.jar:/home/user/.m2/repository/javax/activation/activation/1.1.1/activation-1.1.1.jar:/home/user/.m2/repository/org/apache/hadoop/hadoop-ozone-csi/0.6.0-SNAPSHOT/hadoop-ozone-csi-0.6.0-SNAPSHOT.jar:/home/user/.m2/repository/com/google/protobuf/protobuf-java-util/3.11.0/protobuf-java-util-3.11.0.jar:/home/user/.m2/repository/com/google/code/gson/gson/2.2.4/gson-2.2.4.jar:/home/user/.m2/repository/org/apache/hadoop/hadoop-hdds-config/0.6.0-SNAPSHOT/hadoop-hdds-config-0.6.0-SNAPSHOT.jar:/home/user/.m2/repository/com/google/protobuf/protobuf-java/2.5.0/protobuf-java-2.5.0.jar:/home/user/.m2/repository/io/grpc/grpc-netty/1.29.0/grpc-netty-1.29.0.jar:/home/user/.m2/repository/io/grpc/grpc-core/1.29.0/grpc-core-1.29.0.jar:/home/user/.m2/repository/com/google/android/annotations/4.1.1.4/annotations-4.1.1.4.jar:/home/user/.m2/repository/io/perfmark/perfmark-api/0.19.0/perfmark-api-0.19.0.jar:/home/user/.m2/repository/io/netty/netty-codec-http2/4.1.48.Final/netty-codec-http2-4.1.48.Final.jar:/home/user/.m2/repository/io/netty/netty-codec/4.1.48.Final/netty-codec-4.1.48.Final.jar:/home/user/.m2/repository/io/netty/netty-handler/4.1.48.Final/netty-handler-4.1.48.Final.jar:/home/user/.m2/repository/io/netty/netty-codec-http/4.1.48.Final/netty-codec-http-4.1.48.Final.jar:/home/user/.m2/repository/io/netty/netty-handler-proxy/4.1.48.Final/netty-handler-proxy-4.1.48.Final.jar:/home/user/.m2/repository/io/netty/netty-codec-socks/4.1.48.Final/netty-codec-socks-4.1.48.Final.jar:/home/user/.m2/repository/io/netty/netty-transport-native-epoll/4.1.48.Final/netty-transport-native-epoll-4.1.48.Final.jar:/home/user/.m2/repository/io/netty/netty-common/4.1.48.Final/netty-common-4.1.48.Final.jar:/home/user/.m2/repository/io/netty/netty-buffer/4.1.48.Final/netty-buffer-4.1.48.Final.jar:/home/user/.m2/repository/io/netty/netty-transport/4.1.48.Final/netty-transport-4.1.48.Final.jar:/home/user/.m2/repository/io/netty/netty-resolver/4.1.48.Final/netty-resolver-4.1.48.Final.jar:/home/user/.m2/repository/io/netty/netty-transport-native-unix-common/4.1.48.Final/netty-transport-native-unix-common-4.1.48.Final.jar:/home/user/.m2/repository/io/grpc/grpc-protobuf/1.29.0/grpc-protobuf-1.29.0.jar:/home/user/.m2/repository/io/grpc/grpc-api/1.29.0/grpc-api-1.29.0.jar:/home/user/.m2/repository/io/grpc/grpc-context/1.29.0/grpc-context-1.29.0.jar:/home/user/.m2/repository/org/codehaus/mojo/animal-sniffer-annotations/1.18/animal-sniffer-annotations-1.18.jar:/home/user/.m2/repository/com/google/api/grpc/proto-google-common-protos/1.17.0/proto-google-common-protos-1.17.0.jar:/home/user/.m2/repository/io/grpc/grpc-protobuf-lite/1.29.0/grpc-protobuf-lite-1.29.0.jar:/home/user/.m2/repository/io/grpc/grpc-stub/1.29.0/grpc-stub-1.29.0.jar:/home/user/.m2/repository/org/apache/hadoop/hadoop-ozone-recon/0.6.0-SNAPSHOT/hadoop-ozone-recon-0.6.0-SNAPSHOT.jar:/home/user/.m2/repository/org/apache/hadoop/hadoop-ozone-reconcodegen/0.6.0-SNAPSHOT/hadoop-ozone-reconcodegen-0.6.0-SNAPSHOT.jar:/home/user/.m2/repository/com/google/inject/extensions/guice-multibindings/4.0/guice-multibindings-4.0.jar:/home/user/.m2/repository/com/google/inject/guice/4.0/guice-4.0.jar:/home/user/.m2/repository/aopalliance/aopalliance/1.0/aopalliance-1.0.jar:/home/user/.m2/repository/com/google/inject/extensions/guice-assistedinject/4.0/guice-assistedinject-4.0.jar:/home/user/.m2/repository/com/google/inject/extensions/guice-servlet/4.0/guice-servlet-4.0.jar:/home/user/.m2/repository/org/glassfish/jersey/containers/jersey-container-servlet/2.27/jersey-container-servlet-2.27.jar:/home/user/.m2/repository/org/glassfish/hk2/guice-bridge/2.5.0/guice-bridge-2.5.0.jar:/home/user/.m2/repository/org/glassfish/jersey/core/jersey-server/2.27/jersey-server-2.27.jar:/home/user/.m2/repository/org/glassfish/jersey/core/jersey-client/2.27/jersey-client-2.27.jar:/home/user/.m2/repository/org/glassfish/jersey/media/jersey-media-jaxb/2.27/jersey-media-jaxb-2.27.jar:/home/user/.m2/repository/javax/validation/validation-api/1.1.0.Final/validation-api-1.1.0.Final.jar:/home/user/.m2/repository/org/glassfish/jersey/media/jersey-media-json-jackson/2.27/jersey-media-json-jackson-2.27.jar:/home/user/.m2/repository/org/glassfish/jersey/ext/jersey-entity-filtering/2.27/jersey-entity-filtering-2.27.jar:/home/user/.m2/repository/org/jooq/jooq/3.11.10/jooq-3.11.10.jar:/home/user/.m2/repository/org/jooq/jooq-meta/3.11.10/jooq-meta-3.11.10.jar:/home/user/.m2/repository/org/jooq/jooq-codegen/3.11.10/jooq-codegen-3.11.10.jar:/home/user/.m2/repository/com/jolbox/bonecp/0.8.0.RELEASE/bonecp-0.8.0.RELEASE.jar:/home/user/.m2/repository/org/apache/derby/derby/10.14.2.0/derby-10.14.2.0.jar:/home/user/.m2/repository/org/xerial/sqlite-jdbc/3.25.2/sqlite-jdbc-3.25.2.jar:/home/user/.m2/repository/org/springframework/spring-jdbc/5.2.5.RELEASE/spring-jdbc-5.2.5.RELEASE.jar:/home/user/.m2/repository/org/springframework/spring-beans/5.2.5.RELEASE/spring-beans-5.2.5.RELEASE.jar:/home/user/.m2/repository/org/springframework/spring-core/5.2.5.RELEASE/spring-core-5.2.5.RELEASE.jar:/home/user/.m2/repository/org/springframework/spring-jcl/5.2.5.RELEASE/spring-jcl-5.2.5.RELEASE.jar:/home/user/.m2/repository/org/springframework/spring-tx/5.2.5.RELEASE/spring-tx-5.2.5.RELEASE.jar:/home/user/.m2/repository/org/apache/hadoop/hadoop-ozone-client/0.6.0-SNAPSHOT/hadoop-ozone-client-0.6.0-SNAPSHOT.jar:/home/user/.m2/repository/org/apache/hadoop/hadoop-ozone-filesystem/0.6.0-SNAPSHOT/hadoop-ozone-filesystem-0.6.0-SNAPSHOT.jar:/home/user/.m2/repository/org/apache/hadoop/hadoop-ozone-filesystem-common/0.6.0-SNAPSHOT/hadoop-ozone-filesystem-common-0.6.0-SNAPSHOT.jar:/home/user/.m2/repository/org/apache/hadoop/hadoop-ozone-tools/0.6.0-SNAPSHOT/hadoop-ozone-tools-0.6.0-SNAPSHOT.jar:/home/user/.m2/repository/org/apache/hadoop/hadoop-hdfs/3.2.1/hadoop-hdfs-3.2.1.jar:/home/user/.m2/repository/org/apache/ratis/ratis-tools/1.0.0/ratis-tools-1.0.0.jar:/home/user/.m2/repository/org/apache/ratis/ratis-proto/1.0.0/ratis-proto-1.0.0.jar:/home/user/.m2/repository/org/apache/ratis/ratis-common/1.0.0/ratis-common-1.0.0.jar:/home/user/.m2/repository/com/amazonaws/aws-java-sdk-core/1.11.615/aws-java-sdk-core-1.11.615.jar:/home/user/.m2/repository/org/apache/httpcomponents/httpclient/4.5.2/httpclient-4.5.2.jar:/home/user/.m2/repository/org/apache/httpcomponents/httpcore/4.4.4/httpcore-4.4.4.jar:/home/user/.m2/repository/software/amazon/ion/ion-java/1.0.2/ion-java-1.0.2.jar:/home/user/.m2/repository/com/fasterxml/jackson/dataformat/jackson-dataformat-cbor/2.10.3/jackson-dataformat-cbor-2.10.3.jar:/home/user/.m2/repository/joda-time/joda-time/2.8.1/joda-time-2.8.1.jar:/home/user/.m2/repository/com/amazonaws/aws-java-sdk-s3/1.11.615/aws-java-sdk-s3-1.11.615.jar:/home/user/.m2/repository/com/amazonaws/aws-java-sdk-kms/1.11.615/aws-java-sdk-kms-1.11.615.jar:/home/user/.m2/repository/com/amazonaws/jmespath-java/1.11.615/jmespath-java-1.11.615.jar:/home/user/.m2/repository/org/apache/hadoop/hadoop-hdds-tools/0.6.0-SNAPSHOT/hadoop-hdds-tools-0.6.0-SNAPSHOT.jar:/home/user/.m2/repository/commons-cli/commons-cli/1.2/commons-cli-1.2.jar:/home/user/.m2/repository/org/apache/commons/commons-lang3/3.7/commons-lang3-3.7.jar:/home/user/.m2/repository/org/apache/hadoop/hadoop-ozone-ozone-manager/0.6.0-SNAPSHOT/hadoop-ozone-ozone-manager-0.6.0-SNAPSHOT-tests.jar:/home/user/.m2/repository/junit/junit/4.11/junit-4.11.jar:/home/user/.m2/repository/org/hamcrest/hamcrest-core/1.3/hamcrest-core-1.3.jar:/home/user/.m2/repository/org/openjdk/jmh/jmh-core/1.19/jmh-core-1.19.jar:/home/user/.m2/repository/net/sf/jopt-simple/jopt-simple/4.6/jopt-simple-4.6.jar:/home/user/.m2/repository/org/apache/commons/commons-math3/3.1.1/commons-math3-3.1.1.jar:/home/user/.m2/repository/org/openjdk/jmh/jmh-generator-annprocess/1.19/jmh-generator-annprocess-1.19.jar:/home/user/.m2/repository/org/mockito/mockito-all/1.8.5/mockito-all-1.8.5.jar:/home/user/.m2/repository/org/apache/hadoop/hadoop-kms/3.2.1/hadoop-kms-3.2.1.jar:/home/user/.m2/repository/org/apache/hadoop/hadoop-auth/3.2.1/hadoop-auth-3.2.1.jar:/home/user/.m2/repository/com/nimbusds/nimbus-jose-jwt/7.9/nimbus-jose-jwt-7.9.jar:/home/user/.m2/repository/com/github/stephenc/jcip/jcip-annotations/1.0-1/jcip-annotations-1.0-1.jar:/home/user/.m2/repository/net/minidev/json-smart/2.3/json-smart-2.3.jar:/home/user/.m2/repository/net/minidev/accessors-smart/1.2/accessors-smart-1.2.jar:/home/user/.m2/repository/org/ow2/asm/asm/5.0.4/asm-5.0.4.jar:/home/user/.m2/repository/org/apache/zookeeper/zookeeper/3.4.13/zookeeper-3.4.13.jar:/home/user/.m2/repository/org/apache/yetus/audience-annotations/0.5.0/audience-annotations-0.5.0.jar:/home/user/.m2/repository/org/apache/curator/curator-framework/2.13.0/curator-framework-2.13.0.jar:/home/user/.m2/repository/com/sun/jersey/jersey-core/1.19/jersey-core-1.19.jar:/home/user/.m2/repository/javax/ws/rs/jsr311-api/1.1.1/jsr311-api-1.1.1.jar:/home/user/.m2/repository/com/sun/jersey/jersey-server/1.19/jersey-server-1.19.jar:/home/user/.m2/repository/javax/servlet/javax.servlet-api/3.1.0/javax.servlet-api-3.1.0.jar:/home/user/.m2/repository/org/eclipse/jetty/jetty-server/9.4.26.v20200117/jetty-server-9.4.26.v20200117.jar:/home/user/.m2/repository/org/eclipse/jetty/jetty-http/9.4.26.v20200117/jetty-http-9.4.26.v20200117.jar:/home/user/.m2/repository/org/eclipse/jetty/jetty-io/9.4.26.v20200117/jetty-io-9.4.26.v20200117.jar:/home/user/.m2/repository/org/eclipse/jetty/jetty-webapp/9.4.26.v20200117/jetty-webapp-9.4.26.v20200117.jar:/home/user/.m2/repository/org/eclipse/jetty/jetty-xml/9.4.26.v20200117/jetty-xml-9.4.26.v20200117.jar:/home/user/.m2/repository/org/eclipse/jetty/jetty-servlet/9.4.26.v20200117/jetty-servlet-9.4.26.v20200117.jar:/home/user/.m2/repository/org/eclipse/jetty/jetty-security/9.4.26.v20200117/jetty-security-9.4.26.v20200117.jar:/home/user/.m2/repository/org/apache/hadoop/hadoop-common/3.2.1/hadoop-common-3.2.1.jar:/home/user/.m2/repository/commons-net/commons-net/3.6/commons-net-3.6.jar:/home/user/.m2/repository/commons-collections/commons-collections/3.2.2/commons-collections-3.2.2.jar:/home/user/.m2/repository/com/sun/jersey/jersey-servlet/1.19/jersey-servlet-1.19.jar:/home/user/.m2/repository/com/sun/jersey/jersey-json/1.19/jersey-json-1.19.jar:/home/user/.m2/repository/org/codehaus/jettison/jettison/1.1/jettison-1.1.jar:/home/user/.m2/repository/org/codehaus/jackson/jackson-jaxrs/1.9.2/jackson-jaxrs-1.9.2.jar:/home/user/.m2/repository/org/codehaus/jackson/jackson-xc/1.9.2/jackson-xc-1.9.2.jar:/home/user/.m2/repository/commons-beanutils/commons-beanutils/1.9.4/commons-beanutils-1.9.4.jar:/home/user/.m2/repository/org/apache/commons/commons-configuration2/2.1.1/commons-configuration2-2.1.1.jar:/home/user/.m2/repository/org/apache/commons/commons-text/1.4/commons-text-1.4.jar:/home/user/.m2/repository/com/google/re2j/re2j/1.1/re2j-1.1.jar:/home/user/.m2/repository/com/jcraft/jsch/0.1.54/jsch-0.1.54.jar:/home/user/.m2/repository/org/apache/curator/curator-client/2.13.0/curator-client-2.13.0.jar:/home/user/.m2/repository/org/apache/curator/curator-recipes/2.13.0/curator-recipes-2.13.0.jar:/home/user/.m2/repository/dnsjava/dnsjava/2.1.7/dnsjava-2.1.7.jar:/home/user/.m2/repository/org/slf4j/jul-to-slf4j/1.7.25/jul-to-slf4j-1.7.25.jar:/home/user/.m2/repository/org/eclipse/jetty/jetty-util/9.4.26.v20200117/jetty-util-9.4.26.v20200117.jar:/home/user/.m2/repository/com/fasterxml/jackson/core/jackson-databind/2.10.3/jackson-databind-2.10.3.jar:/home/user/.m2/repository/org/apache/hadoop/hadoop-kms/3.2.1/hadoop-kms-3.2.1-tests.jar:/home/user/.m2/repository/org/apache/hadoop/hadoop-hdds-server-scm/0.6.0-SNAPSHOT/hadoop-hdds-server-scm-0.6.0-SNAPSHOT-tests.jar:/home/user/.m2/repository/org/apache/hadoop/hadoop-hdds-container-service/0.6.0-SNAPSHOT/hadoop-hdds-container-service-0.6.0-SNAPSHOT-tests.jar:/home/user/.m2/repository/org/apache/hadoop/hadoop-hdds-common/0.6.0-SNAPSHOT/hadoop-hdds-common-0.6.0-SNAPSHOT-tests.jar:/home/user/.m2/repository/org/yaml/snakeyaml/1.16/snakeyaml-1.16.jar:/home/user/.m2/repository/org/apache/hadoop/hadoop-hdds-hadoop-dependency-test/0.6.0-SNAPSHOT/hadoop-hdds-hadoop-dependency-test-0.6.0-SNAPSHOT.jar:/home/user/.m2/repository/org/apache/hadoop/hadoop-common/3.2.1/hadoop-common-3.2.1-tests.jar:/home/user/.m2/repository/javax/servlet/jsp/jsp-api/2.1/jsp-api-2.1.jar:/home/user/.m2/repository/org/apache/hadoop/hadoop-hdfs/3.2.1/hadoop-hdfs-3.2.1-tests.jar:/home/user/.m2/repository/org/eclipse/jetty/jetty-util-ajax/9.4.26.v20200117/jetty-util-ajax-9.4.26.v20200117.jar:/home/user/.m2/repository/commons-codec/commons-codec/1.11/commons-codec-1.11.jar:/home/user/.m2/repository/commons-daemon/commons-daemon/1.0.13/commons-daemon-1.0.13.jar:/home/user/.m2/repository/io/netty/netty/3.10.5.Final/netty-3.10.5.Final.jar:/home/user/.m2/repository/io/netty/netty-all/4.1.48.Final/netty-all-4.1.48.Final.jar:/home/user/.m2/repository/org/apache/htrace/htrace-core4/4.1.0-incubating/htrace-core4-4.1.0-incubating.jar:/home/user/.m2/repository/org/fusesource/leveldbjni/leveldbjni-all/1.8/leveldbjni-all-1.8.jar:/home/user/.m2/repository/org/apache/hadoop/hadoop-distcp/3.2.1/hadoop-distcp-3.2.1.jar:/home/user/.m2/repository/org/apache/hadoop/hadoop-mapreduce-client-jobclient/3.2.1/hadoop-mapreduce-client-jobclient-3.2.1.jar:/home/user/.m2/repository/org/apache/hadoop/hadoop-mapreduce-client-common/3.2.1/hadoop-mapreduce-client-common-3.2.1.jar:/home/user/.m2/repository/org/apache/hadoop/hadoop-yarn-common/3.2.1/hadoop-yarn-common-3.2.1.jar:/home/user/.m2/repository/org/apache/hadoop/hadoop-yarn-api/3.2.1/hadoop-yarn-api-3.2.1.jar:/home/user/.m2/repository/com/sun/jersey/jersey-client/1.19/jersey-client-1.19.jar:/home/user/.m2/repository/com/sun/jersey/contribs/jersey-guice/1.19/jersey-guice-1.19.jar:/home/user/.m2/repository/com/fasterxml/jackson/jaxrs/jackson-jaxrs-json-provider/2.10.3/jackson-jaxrs-json-provider-2.10.3.jar:/home/user/.m2/repository/com/fasterxml/jackson/jaxrs/jackson-jaxrs-base/2.10.3/jackson-jaxrs-base-2.10.3.jar:/home/user/.m2/repository/org/apache/hadoop/hadoop-yarn-client/3.2.1/hadoop-yarn-client-3.2.1.jar:/home/user/.m2/repository/org/apache/hadoop/hadoop-mapreduce-client-core/3.2.1/hadoop-mapreduce-client-core-3.2.1.jar:/home/user/.m2/repository/org/apache/avro/avro/1.7.7/avro-1.7.7.jar:/home/user/.m2/repository/org/codehaus/jackson/jackson-core-asl/1.9.13/jackson-core-asl-1.9.13.jar:/home/user/.m2/repository/org/codehaus/jackson/jackson-mapper-asl/1.9.13/jackson-mapper-asl-1.9.13.jar:/home/user/.m2/repository/com/thoughtworks/paranamer/paranamer/2.3/paranamer-2.3.jar:/home/user/.m2/repository/org/xerial/snappy/snappy-java/1.0.5/snappy-java-1.0.5.jar:/home/user/.m2/repository/org/apache/hadoop/hadoop-annotations/3.2.1/hadoop-annotations-3.2.1.jar:/usr/lib/jvm/java-1.8.0-openjdk-1.8.0.232.b09-0.el7_7.x86_64/jre/../lib/tools.jar:/home/user/.m2/repository/org/apache/hadoop/hadoop-distcp/3.2.1/hadoop-distcp-3.2.1-tests.jar:"/>
    <property name="java.vm.vendor" value="Oracle Corporation"/>
    <property name="sun.arch.data.model" value="64"/>
    <property name="test.build.dir" value="/github/workspace/mnt/ozone/hadoop-ozone/integration-test/target/test-dir"/>
    <property name="test.cache.data" value=""/>
    <property name="java.vendor.url" value="http://java.oracle.com/"/>
    <property name="user.timezone" value=""/>
    <property name="java.vm.specification.version" value="1.8"/>
    <property name="os.name" value="Linux"/>
    <property name="test.build.data" value="/github/workspace/mnt/ozone/hadoop-ozone/integration-test/target/test-dir"/>
    <property name="user.country" value="US"/>
    <property name="sun.java.launcher" value="SUN_STANDARD"/>
    <property name="sun.boot.library.path" value="/usr/lib/jvm/java-1.8.0-openjdk-1.8.0.232.b09-0.el7_7.x86_64/jre/lib/amd64"/>
    <property name="sun.java.command" value="/github/workspace/mnt/ozone/hadoop-ozone/integration-test/target/surefire/surefirebooter4003155759449412672.jar /github/workspace/mnt/ozone/hadoop-ozone/integration-test/target/surefire 2020-08-16T01-02-33_249-jvmRun1 surefire3614735037866939632tmp surefire_175881508523153105922tmp"/>
    <property name="surefire.test.class.path" value="/github/workspace/mnt/ozone/hadoop-ozone/integration-test/target/test-classes:/github/workspace/mnt/ozone/hadoop-ozone/integration-test/target/classes:/home/user/.m2/repository/org/apache/hadoop/hadoop-ozone-common/0.6.0-SNAPSHOT/hadoop-ozone-common-0.6.0-SNAPSHOT.jar:/home/user/.m2/repository/org/apache/commons/commons-compress/1.4.1/commons-compress-1.4.1.jar:/home/user/.m2/repository/org/tukaani/xz/1.0/xz-1.0.jar:/home/user/.m2/repository/org/apache/hadoop/hadoop-hdds-common/0.6.0-SNAPSHOT/hadoop-hdds-common-0.6.0-SNAPSHOT.jar:/home/user/.m2/repository/org/apache/hadoop/hadoop-hdds-hadoop-dependency-client/0.6.0-SNAPSHOT/hadoop-hdds-hadoop-dependency-client-0.6.0-SNAPSHOT.jar:/home/user/.m2/repository/info/picocli/picocli/3.9.6/picocli-3.9.6.jar:/home/user/.m2/repository/com/fasterxml/jackson/core/jackson-annotations/2.10.3/jackson-annotations-2.10.3.jar:/home/user/.m2/repository/javax/annotation/javax.annotation-api/1.2/javax.annotation-api-1.2.jar:/home/user/.m2/repository/org/apache/ratis/ratis-server/1.0.0/ratis-server-1.0.0.jar:/home/user/.m2/repository/org/apache/ratis/ratis-client/1.0.0/ratis-client-1.0.0.jar:/home/user/.m2/repository/org/apache/ratis/ratis-metrics/1.0.0/ratis-metrics-1.0.0.jar:/home/user/.m2/repository/org/apache/ratis/ratis-netty/1.0.0/ratis-netty-1.0.0.jar:/home/user/.m2/repository/org/apache/ratis/ratis-grpc/1.0.0/ratis-grpc-1.0.0.jar:/home/user/.m2/repository/org/apache/logging/log4j/log4j-api/2.13.3/log4j-api-2.13.3.jar:/home/user/.m2/repository/org/apache/logging/log4j/log4j-core/2.13.3/log4j-core-2.13.3.jar:/home/user/.m2/repository/com/lmax/disruptor/3.4.2/disruptor-3.4.2.jar:/home/user/.m2/repository/org/apache/commons/commons-pool2/2.6.0/commons-pool2-2.6.0.jar:/home/user/.m2/repository/org/bouncycastle/bcpkix-jdk15on/1.60/bcpkix-jdk15on-1.60.jar:/home/user/.m2/repository/commons-validator/commons-validator/1.6/commons-validator-1.6.jar:/home/user/.m2/repository/commons-digester/commons-digester/1.8.1/commons-digester-1.8.1.jar:/home/user/.m2/repository/io/jaegertracing/jaeger-client/1.2.0/jaeger-client-1.2.0.jar:/home/user/.m2/repository/io/jaegertracing/jaeger-thrift/1.2.0/jaeger-thrift-1.2.0.jar:/home/user/.m2/repository/org/apache/thrift/libthrift/0.13.0/libthrift-0.13.0.jar:/home/user/.m2/repository/com/squareup/okhttp3/okhttp/4.2.2/okhttp-4.2.2.jar:/home/user/.m2/repository/com/squareup/okio/okio/2.2.2/okio-2.2.2.jar:/home/user/.m2/repository/org/jetbrains/kotlin/kotlin-stdlib/1.3.50/kotlin-stdlib-1.3.50.jar:/home/user/.m2/repository/org/jetbrains/kotlin/kotlin-stdlib-common/1.3.50/kotlin-stdlib-common-1.3.50.jar:/home/user/.m2/repository/org/jetbrains/annotations/13.0/annotations-13.0.jar:/home/user/.m2/repository/io/jaegertracing/jaeger-core/1.2.0/jaeger-core-1.2.0.jar:/home/user/.m2/repository/io/jaegertracing/jaeger-tracerresolver/1.2.0/jaeger-tracerresolver-1.2.0.jar:/home/user/.m2/repository/io/opentracing/contrib/opentracing-tracerresolver/0.1.8/opentracing-tracerresolver-0.1.8.jar:/home/user/.m2/repository/io/opentracing/opentracing-util/0.33.0/opentracing-util-0.33.0.jar:/home/user/.m2/repository/io/opentracing/opentracing-api/0.33.0/opentracing-api-0.33.0.jar:/home/user/.m2/repository/io/opentracing/opentracing-noop/0.33.0/opentracing-noop-0.33.0.jar:/home/user/.m2/repository/org/apache/hadoop/hadoop-hdds-client/0.6.0-SNAPSHOT/hadoop-hdds-client-0.6.0-SNAPSHOT.jar:/home/user/.m2/repository/org/apache/hadoop/hadoop-ozone-interface-client/0.6.0-SNAPSHOT/hadoop-ozone-interface-client-0.6.0-SNAPSHOT.jar:/home/user/.m2/repository/org/apache/hadoop/hadoop-hdds-test-utils/0.6.0-SNAPSHOT/hadoop-hdds-test-utils-0.6.0-SNAPSHOT.jar:/home/user/.m2/repository/com/google/guava/guava/28.2-jre/guava-28.2-jre.jar:/home/user/.m2/repository/com/google/guava/failureaccess/1.0.1/failureaccess-1.0.1.jar:/home/user/.m2/repository/com/google/guava/listenablefuture/9999.0-empty-to-avoid-conflict-with-guava/listenablefuture-9999.0-empty-to-avoid-conflict-with-guava.jar:/home/user/.m2/repository/com/google/code/findbugs/jsr305/3.0.0/jsr305-3.0.0.jar:/home/user/.m2/repository/org/checkerframework/checker-qual/2.10.0/checker-qual-2.10.0.jar:/home/user/.m2/repository/com/google/errorprone/error_prone_annotations/2.2.0/error_prone_annotations-2.2.0.jar:/home/user/.m2/repository/com/google/j2objc/j2objc-annotations/1.3/j2objc-annotations-1.3.jar:/home/user/.m2/repository/commons-io/commons-io/2.5/commons-io-2.5.jar:/home/user/.m2/repository/commons-logging/commons-logging/1.2/commons-logging-1.2.jar:/home/user/.m2/repository/log4j/log4j/1.2.17/log4j-1.2.17.jar:/home/user/.m2/repository/org/slf4j/slf4j-api/1.7.25/slf4j-api-1.7.25.jar:/home/user/.m2/repository/org/apache/hadoop/hadoop-hdds-server-scm/0.6.0-SNAPSHOT/hadoop-hdds-server-scm-0.6.0-SNAPSHOT.jar:/home/user/.m2/repository/org/apache/hadoop/hadoop-hdds-container-service/0.6.0-SNAPSHOT/hadoop-hdds-container-service-0.6.0-SNAPSHOT.jar:/home/user/.m2/repository/org/apache/hadoop/hadoop-hdds-hadoop-dependency-server/0.6.0-SNAPSHOT/hadoop-hdds-hadoop-dependency-server-0.6.0-SNAPSHOT.jar:/home/user/.m2/repository/org/apache/hadoop/hadoop-hdds-server-framework/0.6.0-SNAPSHOT/hadoop-hdds-server-framework-0.6.0-SNAPSHOT.jar:/home/user/.m2/repository/org/apache/hadoop/hadoop-hdds-interface-server/0.6.0-SNAPSHOT/hadoop-hdds-interface-server-0.6.0-SNAPSHOT.jar:/home/user/.m2/repository/org/apache/hadoop/hadoop-hdds-interface-admin/0.6.0-SNAPSHOT/hadoop-hdds-interface-admin-0.6.0-SNAPSHOT.jar:/home/user/.m2/repository/org/rocksdb/rocksdbjni/6.8.1/rocksdbjni-6.8.1.jar:/home/user/.m2/repository/io/prometheus/simpleclient_dropwizard/0.7.0/simpleclient_dropwizard-0.7.0.jar:/home/user/.m2/repository/io/prometheus/simpleclient/0.7.0/simpleclient-0.7.0.jar:/home/user/.m2/repository/io/prometheus/simpleclient_common/0.7.0/simpleclient_common-0.7.0.jar:/home/user/.m2/repository/com/fasterxml/jackson/datatype/jackson-datatype-jsr310/2.10.3/jackson-datatype-jsr310-2.10.3.jar:/home/user/.m2/repository/org/apache/hadoop/hadoop-hdds-docs/0.6.0-SNAPSHOT/hadoop-hdds-docs-0.6.0-SNAPSHOT.jar:/home/user/.m2/repository/io/dropwizard/metrics/metrics-core/3.2.4/metrics-core-3.2.4.jar:/home/user/.m2/repository/org/apache/hadoop/hadoop-hdfs-client/3.2.1/hadoop-hdfs-client-3.2.1.jar:/home/user/.m2/repository/org/bouncycastle/bcprov-jdk15on/1.60/bcprov-jdk15on-1.60.jar:/home/user/.m2/repository/org/apache/hadoop/hadoop-ozone-ozone-manager/0.6.0-SNAPSHOT/hadoop-ozone-ozone-manager-0.6.0-SNAPSHOT.jar:/home/user/.m2/repository/org/apache/hadoop/hadoop-hdds-interface-client/0.6.0-SNAPSHOT/hadoop-hdds-interface-client-0.6.0-SNAPSHOT.jar:/home/user/.m2/repository/org/apache/ratis/ratis-thirdparty-misc/0.5.0/ratis-thirdparty-misc-0.5.0.jar:/home/user/.m2/repository/org/apache/hadoop/hadoop-minikdc/3.2.1/hadoop-minikdc-3.2.1.jar:/home/user/.m2/repository/org/apache/kerby/kerb-simplekdc/1.0.1/kerb-simplekdc-1.0.1.jar:/home/user/.m2/repository/org/apache/kerby/kerb-client/1.0.1/kerb-client-1.0.1.jar:/home/user/.m2/repository/org/apache/kerby/kerby-config/1.0.1/kerby-config-1.0.1.jar:/home/user/.m2/repository/org/apache/kerby/kerb-core/1.0.1/kerb-core-1.0.1.jar:/home/user/.m2/repository/org/apache/kerby/kerby-pkix/1.0.1/kerby-pkix-1.0.1.jar:/home/user/.m2/repository/org/apache/kerby/kerby-asn1/1.0.1/kerby-asn1-1.0.1.jar:/home/user/.m2/repository/org/apache/kerby/kerby-util/1.0.1/kerby-util-1.0.1.jar:/home/user/.m2/repository/org/apache/kerby/kerb-common/1.0.1/kerb-common-1.0.1.jar:/home/user/.m2/repository/org/apache/kerby/kerb-crypto/1.0.1/kerb-crypto-1.0.1.jar:/home/user/.m2/repository/org/apache/kerby/kerb-util/1.0.1/kerb-util-1.0.1.jar:/home/user/.m2/repository/org/apache/kerby/token-provider/1.0.1/token-provider-1.0.1.jar:/home/user/.m2/repository/org/apache/kerby/kerb-admin/1.0.1/kerb-admin-1.0.1.jar:/home/user/.m2/repository/org/apache/kerby/kerb-server/1.0.1/kerb-server-1.0.1.jar:/home/user/.m2/repository/org/apache/kerby/kerb-identity/1.0.1/kerb-identity-1.0.1.jar:/home/user/.m2/repository/org/apache/kerby/kerby-xdr/1.0.1/kerby-xdr-1.0.1.jar:/home/user/.m2/repository/org/slf4j/slf4j-log4j12/1.7.25/slf4j-log4j12-1.7.25.jar:/home/user/.m2/repository/org/apache/hadoop/hadoop-ozone-s3gateway/0.6.0-SNAPSHOT/hadoop-ozone-s3gateway-0.6.0-SNAPSHOT.jar:/home/user/.m2/repository/org/jboss/weld/servlet/weld-servlet/2.4.7.Final/weld-servlet-2.4.7.Final.jar:/home/user/.m2/repository/org/glassfish/jersey/containers/jersey-container-servlet-core/2.27/jersey-container-servlet-core-2.27.jar:/home/user/.m2/repository/org/glassfish/hk2/external/javax.inject/2.5.0-b42/javax.inject-2.5.0-b42.jar:/home/user/.m2/repository/org/glassfish/jersey/core/jersey-common/2.27/jersey-common-2.27.jar:/home/user/.m2/repository/org/glassfish/hk2/osgi-resource-locator/1.0.1/osgi-resource-locator-1.0.1.jar:/home/user/.m2/repository/javax/ws/rs/javax.ws.rs-api/2.1/javax.ws.rs-api-2.1.jar:/home/user/.m2/repository/org/glassfish/jersey/ext/cdi/jersey-cdi1x/2.27/jersey-cdi1x-2.27.jar:/home/user/.m2/repository/org/glassfish/jersey/inject/jersey-hk2/2.27/jersey-hk2-2.27.jar:/home/user/.m2/repository/org/glassfish/hk2/hk2-locator/2.5.0-b42/hk2-locator-2.5.0-b42.jar:/home/user/.m2/repository/org/javassist/javassist/3.22.0-CR2/javassist-3.22.0-CR2.jar:/home/user/.m2/repository/org/glassfish/hk2/hk2-api/2.5.0/hk2-api-2.5.0.jar:/home/user/.m2/repository/org/glassfish/hk2/external/jakarta.inject/2.5.0/jakarta.inject-2.5.0.jar:/home/user/.m2/repository/org/glassfish/hk2/hk2-utils/2.5.0/hk2-utils-2.5.0.jar:/home/user/.m2/repository/jakarta/annotation/jakarta.annotation-api/1.3.4/jakarta.annotation-api-1.3.4.jar:/home/user/.m2/repository/org/glassfish/hk2/external/aopalliance-repackaged/2.5.0/aopalliance-repackaged-2.5.0.jar:/home/user/.m2/repository/com/fasterxml/jackson/dataformat/jackson-dataformat-xml/2.10.3/jackson-dataformat-xml-2.10.3.jar:/home/user/.m2/repository/com/fasterxml/jackson/core/jackson-core/2.10.3/jackson-core-2.10.3.jar:/home/user/.m2/repository/com/fasterxml/jackson/module/jackson-module-jaxb-annotations/2.10.3/jackson-module-jaxb-annotations-2.10.3.jar:/home/user/.m2/repository/jakarta/xml/bind/jakarta.xml.bind-api/2.3.2/jakarta.xml.bind-api-2.3.2.jar:/home/user/.m2/repository/jakarta/activation/jakarta.activation-api/1.2.1/jakarta.activation-api-1.2.1.jar:/home/user/.m2/repository/org/codehaus/woodstox/stax2-api/3.1.4/stax2-api-3.1.4.jar:/home/user/.m2/repository/com/fasterxml/woodstox/woodstox-core/5.0.3/woodstox-core-5.0.3.jar:/home/user/.m2/repository/javax/enterprise/cdi-api/1.2/cdi-api-1.2.jar:/home/user/.m2/repository/javax/el/javax.el-api/3.0.0/javax.el-api-3.0.0.jar:/home/user/.m2/repository/javax/interceptor/javax.interceptor-api/1.2/javax.interceptor-api-1.2.jar:/home/user/.m2/repository/javax/inject/javax.inject/1/javax.inject-1.jar:/home/user/.m2/repository/com/sun/xml/bind/jaxb-impl/2.3.0.1/jaxb-impl-2.3.0.1.jar:/home/user/.m2/repository/com/sun/xml/bind/jaxb-core/2.3.0.1/jaxb-core-2.3.0.1.jar:/home/user/.m2/repository/javax/xml/bind/jaxb-api/2.3.0/jaxb-api-2.3.0.jar:/home/user/.m2/repository/javax/activation/activation/1.1.1/activation-1.1.1.jar:/home/user/.m2/repository/org/apache/hadoop/hadoop-ozone-csi/0.6.0-SNAPSHOT/hadoop-ozone-csi-0.6.0-SNAPSHOT.jar:/home/user/.m2/repository/com/google/protobuf/protobuf-java-util/3.11.0/protobuf-java-util-3.11.0.jar:/home/user/.m2/repository/com/google/code/gson/gson/2.2.4/gson-2.2.4.jar:/home/user/.m2/repository/org/apache/hadoop/hadoop-hdds-config/0.6.0-SNAPSHOT/hadoop-hdds-config-0.6.0-SNAPSHOT.jar:/home/user/.m2/repository/com/google/protobuf/protobuf-java/2.5.0/protobuf-java-2.5.0.jar:/home/user/.m2/repository/io/grpc/grpc-netty/1.29.0/grpc-netty-1.29.0.jar:/home/user/.m2/repository/io/grpc/grpc-core/1.29.0/grpc-core-1.29.0.jar:/home/user/.m2/repository/com/google/android/annotations/4.1.1.4/annotations-4.1.1.4.jar:/home/user/.m2/repository/io/perfmark/perfmark-api/0.19.0/perfmark-api-0.19.0.jar:/home/user/.m2/repository/io/netty/netty-codec-http2/4.1.48.Final/netty-codec-http2-4.1.48.Final.jar:/home/user/.m2/repository/io/netty/netty-codec/4.1.48.Final/netty-codec-4.1.48.Final.jar:/home/user/.m2/repository/io/netty/netty-handler/4.1.48.Final/netty-handler-4.1.48.Final.jar:/home/user/.m2/repository/io/netty/netty-codec-http/4.1.48.Final/netty-codec-http-4.1.48.Final.jar:/home/user/.m2/repository/io/netty/netty-handler-proxy/4.1.48.Final/netty-handler-proxy-4.1.48.Final.jar:/home/user/.m2/repository/io/netty/netty-codec-socks/4.1.48.Final/netty-codec-socks-4.1.48.Final.jar:/home/user/.m2/repository/io/netty/netty-transport-native-epoll/4.1.48.Final/netty-transport-native-epoll-4.1.48.Final.jar:/home/user/.m2/repository/io/netty/netty-common/4.1.48.Final/netty-common-4.1.48.Final.jar:/home/user/.m2/repository/io/netty/netty-buffer/4.1.48.Final/netty-buffer-4.1.48.Final.jar:/home/user/.m2/repository/io/netty/netty-transport/4.1.48.Final/netty-transport-4.1.48.Final.jar:/home/user/.m2/repository/io/netty/netty-resolver/4.1.48.Final/netty-resolver-4.1.48.Final.jar:/home/user/.m2/repository/io/netty/netty-transport-native-unix-common/4.1.48.Final/netty-transport-native-unix-common-4.1.48.Final.jar:/home/user/.m2/repository/io/grpc/grpc-protobuf/1.29.0/grpc-protobuf-1.29.0.jar:/home/user/.m2/repository/io/grpc/grpc-api/1.29.0/grpc-api-1.29.0.jar:/home/user/.m2/repository/io/grpc/grpc-context/1.29.0/grpc-context-1.29.0.jar:/home/user/.m2/repository/org/codehaus/mojo/animal-sniffer-annotations/1.18/animal-sniffer-annotations-1.18.jar:/home/user/.m2/repository/com/google/api/grpc/proto-google-common-protos/1.17.0/proto-google-common-protos-1.17.0.jar:/home/user/.m2/repository/io/grpc/grpc-protobuf-lite/1.29.0/grpc-protobuf-lite-1.29.0.jar:/home/user/.m2/repository/io/grpc/grpc-stub/1.29.0/grpc-stub-1.29.0.jar:/home/user/.m2/repository/org/apache/hadoop/hadoop-ozone-recon/0.6.0-SNAPSHOT/hadoop-ozone-recon-0.6.0-SNAPSHOT.jar:/home/user/.m2/repository/org/apache/hadoop/hadoop-ozone-reconcodegen/0.6.0-SNAPSHOT/hadoop-ozone-reconcodegen-0.6.0-SNAPSHOT.jar:/home/user/.m2/repository/com/google/inject/extensions/guice-multibindings/4.0/guice-multibindings-4.0.jar:/home/user/.m2/repository/com/google/inject/guice/4.0/guice-4.0.jar:/home/user/.m2/repository/aopalliance/aopalliance/1.0/aopalliance-1.0.jar:/home/user/.m2/repository/com/google/inject/extensions/guice-assistedinject/4.0/guice-assistedinject-4.0.jar:/home/user/.m2/repository/com/google/inject/extensions/guice-servlet/4.0/guice-servlet-4.0.jar:/home/user/.m2/repository/org/glassfish/jersey/containers/jersey-container-servlet/2.27/jersey-container-servlet-2.27.jar:/home/user/.m2/repository/org/glassfish/hk2/guice-bridge/2.5.0/guice-bridge-2.5.0.jar:/home/user/.m2/repository/org/glassfish/jersey/core/jersey-server/2.27/jersey-server-2.27.jar:/home/user/.m2/repository/org/glassfish/jersey/core/jersey-client/2.27/jersey-client-2.27.jar:/home/user/.m2/repository/org/glassfish/jersey/media/jersey-media-jaxb/2.27/jersey-media-jaxb-2.27.jar:/home/user/.m2/repository/javax/validation/validation-api/1.1.0.Final/validation-api-1.1.0.Final.jar:/home/user/.m2/repository/org/glassfish/jersey/media/jersey-media-json-jackson/2.27/jersey-media-json-jackson-2.27.jar:/home/user/.m2/repository/org/glassfish/jersey/ext/jersey-entity-filtering/2.27/jersey-entity-filtering-2.27.jar:/home/user/.m2/repository/org/jooq/jooq/3.11.10/jooq-3.11.10.jar:/home/user/.m2/repository/org/jooq/jooq-meta/3.11.10/jooq-meta-3.11.10.jar:/home/user/.m2/repository/org/jooq/jooq-codegen/3.11.10/jooq-codegen-3.11.10.jar:/home/user/.m2/repository/com/jolbox/bonecp/0.8.0.RELEASE/bonecp-0.8.0.RELEASE.jar:/home/user/.m2/repository/org/apache/derby/derby/10.14.2.0/derby-10.14.2.0.jar:/home/user/.m2/repository/org/xerial/sqlite-jdbc/3.25.2/sqlite-jdbc-3.25.2.jar:/home/user/.m2/repository/org/springframework/spring-jdbc/5.2.5.RELEASE/spring-jdbc-5.2.5.RELEASE.jar:/home/user/.m2/repository/org/springframework/spring-beans/5.2.5.RELEASE/spring-beans-5.2.5.RELEASE.jar:/home/user/.m2/repository/org/springframework/spring-core/5.2.5.RELEASE/spring-core-5.2.5.RELEASE.jar:/home/user/.m2/repository/org/springframework/spring-jcl/5.2.5.RELEASE/spring-jcl-5.2.5.RELEASE.jar:/home/user/.m2/repository/org/springframework/spring-tx/5.2.5.RELEASE/spring-tx-5.2.5.RELEASE.jar:/home/user/.m2/repository/org/apache/hadoop/hadoop-ozone-client/0.6.0-SNAPSHOT/hadoop-ozone-client-0.6.0-SNAPSHOT.jar:/home/user/.m2/repository/org/apache/hadoop/hadoop-ozone-filesystem/0.6.0-SNAPSHOT/hadoop-ozone-filesystem-0.6.0-SNAPSHOT.jar:/home/user/.m2/repository/org/apache/hadoop/hadoop-ozone-filesystem-common/0.6.0-SNAPSHOT/hadoop-ozone-filesystem-common-0.6.0-SNAPSHOT.jar:/home/user/.m2/repository/org/apache/hadoop/hadoop-ozone-tools/0.6.0-SNAPSHOT/hadoop-ozone-tools-0.6.0-SNAPSHOT.jar:/home/user/.m2/repository/org/apache/hadoop/hadoop-hdfs/3.2.1/hadoop-hdfs-3.2.1.jar:/home/user/.m2/repository/org/apache/ratis/ratis-tools/1.0.0/ratis-tools-1.0.0.jar:/home/user/.m2/repository/org/apache/ratis/ratis-proto/1.0.0/ratis-proto-1.0.0.jar:/home/user/.m2/repository/org/apache/ratis/ratis-common/1.0.0/ratis-common-1.0.0.jar:/home/user/.m2/repository/com/amazonaws/aws-java-sdk-core/1.11.615/aws-java-sdk-core-1.11.615.jar:/home/user/.m2/repository/org/apache/httpcomponents/httpclient/4.5.2/httpclient-4.5.2.jar:/home/user/.m2/repository/org/apache/httpcomponents/httpcore/4.4.4/httpcore-4.4.4.jar:/home/user/.m2/repository/software/amazon/ion/ion-java/1.0.2/ion-java-1.0.2.jar:/home/user/.m2/repository/com/fasterxml/jackson/dataformat/jackson-dataformat-cbor/2.10.3/jackson-dataformat-cbor-2.10.3.jar:/home/user/.m2/repository/joda-time/joda-time/2.8.1/joda-time-2.8.1.jar:/home/user/.m2/repository/com/amazonaws/aws-java-sdk-s3/1.11.615/aws-java-sdk-s3-1.11.615.jar:/home/user/.m2/repository/com/amazonaws/aws-java-sdk-kms/1.11.615/aws-java-sdk-kms-1.11.615.jar:/home/user/.m2/repository/com/amazonaws/jmespath-java/1.11.615/jmespath-java-1.11.615.jar:/home/user/.m2/repository/org/apache/hadoop/hadoop-hdds-tools/0.6.0-SNAPSHOT/hadoop-hdds-tools-0.6.0-SNAPSHOT.jar:/home/user/.m2/repository/commons-cli/commons-cli/1.2/commons-cli-1.2.jar:/home/user/.m2/repository/org/apache/commons/commons-lang3/3.7/commons-lang3-3.7.jar:/home/user/.m2/repository/org/apache/hadoop/hadoop-ozone-ozone-manager/0.6.0-SNAPSHOT/hadoop-ozone-ozone-manager-0.6.0-SNAPSHOT-tests.jar:/home/user/.m2/repository/junit/junit/4.11/junit-4.11.jar:/home/user/.m2/repository/org/hamcrest/hamcrest-core/1.3/hamcrest-core-1.3.jar:/home/user/.m2/repository/org/openjdk/jmh/jmh-core/1.19/jmh-core-1.19.jar:/home/user/.m2/repository/net/sf/jopt-simple/jopt-simple/4.6/jopt-simple-4.6.jar:/home/user/.m2/repository/org/apache/commons/commons-math3/3.1.1/commons-math3-3.1.1.jar:/home/user/.m2/repository/org/openjdk/jmh/jmh-generator-annprocess/1.19/jmh-generator-annprocess-1.19.jar:/home/user/.m2/repository/org/mockito/mockito-all/1.8.5/mockito-all-1.8.5.jar:/home/user/.m2/repository/org/apache/hadoop/hadoop-kms/3.2.1/hadoop-kms-3.2.1.jar:/home/user/.m2/repository/org/apache/hadoop/hadoop-auth/3.2.1/hadoop-auth-3.2.1.jar:/home/user/.m2/repository/com/nimbusds/nimbus-jose-jwt/7.9/nimbus-jose-jwt-7.9.jar:/home/user/.m2/repository/com/github/stephenc/jcip/jcip-annotations/1.0-1/jcip-annotations-1.0-1.jar:/home/user/.m2/repository/net/minidev/json-smart/2.3/json-smart-2.3.jar:/home/user/.m2/repository/net/minidev/accessors-smart/1.2/accessors-smart-1.2.jar:/home/user/.m2/repository/org/ow2/asm/asm/5.0.4/asm-5.0.4.jar:/home/user/.m2/repository/org/apache/zookeeper/zookeeper/3.4.13/zookeeper-3.4.13.jar:/home/user/.m2/repository/org/apache/yetus/audience-annotations/0.5.0/audience-annotations-0.5.0.jar:/home/user/.m2/repository/org/apache/curator/curator-framework/2.13.0/curator-framework-2.13.0.jar:/home/user/.m2/repository/com/sun/jersey/jersey-core/1.19/jersey-core-1.19.jar:/home/user/.m2/repository/javax/ws/rs/jsr311-api/1.1.1/jsr311-api-1.1.1.jar:/home/user/.m2/repository/com/sun/jersey/jersey-server/1.19/jersey-server-1.19.jar:/home/user/.m2/repository/javax/servlet/javax.servlet-api/3.1.0/javax.servlet-api-3.1.0.jar:/home/user/.m2/repository/org/eclipse/jetty/jetty-server/9.4.26.v20200117/jetty-server-9.4.26.v20200117.jar:/home/user/.m2/repository/org/eclipse/jetty/jetty-http/9.4.26.v20200117/jetty-http-9.4.26.v20200117.jar:/home/user/.m2/repository/org/eclipse/jetty/jetty-io/9.4.26.v20200117/jetty-io-9.4.26.v20200117.jar:/home/user/.m2/repository/org/eclipse/jetty/jetty-webapp/9.4.26.v20200117/jetty-webapp-9.4.26.v20200117.jar:/home/user/.m2/repository/org/eclipse/jetty/jetty-xml/9.4.26.v20200117/jetty-xml-9.4.26.v20200117.jar:/home/user/.m2/repository/org/eclipse/jetty/jetty-servlet/9.4.26.v20200117/jetty-servlet-9.4.26.v20200117.jar:/home/user/.m2/repository/org/eclipse/jetty/jetty-security/9.4.26.v20200117/jetty-security-9.4.26.v20200117.jar:/home/user/.m2/repository/org/apache/hadoop/hadoop-common/3.2.1/hadoop-common-3.2.1.jar:/home/user/.m2/repository/commons-net/commons-net/3.6/commons-net-3.6.jar:/home/user/.m2/repository/commons-collections/commons-collections/3.2.2/commons-collections-3.2.2.jar:/home/user/.m2/repository/com/sun/jersey/jersey-servlet/1.19/jersey-servlet-1.19.jar:/home/user/.m2/repository/com/sun/jersey/jersey-json/1.19/jersey-json-1.19.jar:/home/user/.m2/repository/org/codehaus/jettison/jettison/1.1/jettison-1.1.jar:/home/user/.m2/repository/org/codehaus/jackson/jackson-jaxrs/1.9.2/jackson-jaxrs-1.9.2.jar:/home/user/.m2/repository/org/codehaus/jackson/jackson-xc/1.9.2/jackson-xc-1.9.2.jar:/home/user/.m2/repository/commons-beanutils/commons-beanutils/1.9.4/commons-beanutils-1.9.4.jar:/home/user/.m2/repository/org/apache/commons/commons-configuration2/2.1.1/commons-configuration2-2.1.1.jar:/home/user/.m2/repository/org/apache/commons/commons-text/1.4/commons-text-1.4.jar:/home/user/.m2/repository/com/google/re2j/re2j/1.1/re2j-1.1.jar:/home/user/.m2/repository/com/jcraft/jsch/0.1.54/jsch-0.1.54.jar:/home/user/.m2/repository/org/apache/curator/curator-client/2.13.0/curator-client-2.13.0.jar:/home/user/.m2/repository/org/apache/curator/curator-recipes/2.13.0/curator-recipes-2.13.0.jar:/home/user/.m2/repository/dnsjava/dnsjava/2.1.7/dnsjava-2.1.7.jar:/home/user/.m2/repository/org/slf4j/jul-to-slf4j/1.7.25/jul-to-slf4j-1.7.25.jar:/home/user/.m2/repository/org/eclipse/jetty/jetty-util/9.4.26.v20200117/jetty-util-9.4.26.v20200117.jar:/home/user/.m2/repository/com/fasterxml/jackson/core/jackson-databind/2.10.3/jackson-databind-2.10.3.jar:/home/user/.m2/repository/org/apache/hadoop/hadoop-kms/3.2.1/hadoop-kms-3.2.1-tests.jar:/home/user/.m2/repository/org/apache/hadoop/hadoop-hdds-server-scm/0.6.0-SNAPSHOT/hadoop-hdds-server-scm-0.6.0-SNAPSHOT-tests.jar:/home/user/.m2/repository/org/apache/hadoop/hadoop-hdds-container-service/0.6.0-SNAPSHOT/hadoop-hdds-container-service-0.6.0-SNAPSHOT-tests.jar:/home/user/.m2/repository/org/apache/hadoop/hadoop-hdds-common/0.6.0-SNAPSHOT/hadoop-hdds-common-0.6.0-SNAPSHOT-tests.jar:/home/user/.m2/repository/org/yaml/snakeyaml/1.16/snakeyaml-1.16.jar:/home/user/.m2/repository/org/apache/hadoop/hadoop-hdds-hadoop-dependency-test/0.6.0-SNAPSHOT/hadoop-hdds-hadoop-dependency-test-0.6.0-SNAPSHOT.jar:/home/user/.m2/repository/org/apache/hadoop/hadoop-common/3.2.1/hadoop-common-3.2.1-tests.jar:/home/user/.m2/repository/javax/servlet/jsp/jsp-api/2.1/jsp-api-2.1.jar:/home/user/.m2/repository/org/apache/hadoop/hadoop-hdfs/3.2.1/hadoop-hdfs-3.2.1-tests.jar:/home/user/.m2/repository/org/eclipse/jetty/jetty-util-ajax/9.4.26.v20200117/jetty-util-ajax-9.4.26.v20200117.jar:/home/user/.m2/repository/commons-codec/commons-codec/1.11/commons-codec-1.11.jar:/home/user/.m2/repository/commons-daemon/commons-daemon/1.0.13/commons-daemon-1.0.13.jar:/home/user/.m2/repository/io/netty/netty/3.10.5.Final/netty-3.10.5.Final.jar:/home/user/.m2/repository/io/netty/netty-all/4.1.48.Final/netty-all-4.1.48.Final.jar:/home/user/.m2/repository/org/apache/htrace/htrace-core4/4.1.0-incubating/htrace-core4-4.1.0-incubating.jar:/home/user/.m2/repository/org/fusesource/leveldbjni/leveldbjni-all/1.8/leveldbjni-all-1.8.jar:/home/user/.m2/repository/org/apache/hadoop/hadoop-distcp/3.2.1/hadoop-distcp-3.2.1.jar:/home/user/.m2/repository/org/apache/hadoop/hadoop-mapreduce-client-jobclient/3.2.1/hadoop-mapreduce-client-jobclient-3.2.1.jar:/home/user/.m2/repository/org/apache/hadoop/hadoop-mapreduce-client-common/3.2.1/hadoop-mapreduce-client-common-3.2.1.jar:/home/user/.m2/repository/org/apache/hadoop/hadoop-yarn-common/3.2.1/hadoop-yarn-common-3.2.1.jar:/home/user/.m2/repository/org/apache/hadoop/hadoop-yarn-api/3.2.1/hadoop-yarn-api-3.2.1.jar:/home/user/.m2/repository/com/sun/jersey/jersey-client/1.19/jersey-client-1.19.jar:/home/user/.m2/repository/com/sun/jersey/contribs/jersey-guice/1.19/jersey-guice-1.19.jar:/home/user/.m2/repository/com/fasterxml/jackson/jaxrs/jackson-jaxrs-json-provider/2.10.3/jackson-jaxrs-json-provider-2.10.3.jar:/home/user/.m2/repository/com/fasterxml/jackson/jaxrs/jackson-jaxrs-base/2.10.3/jackson-jaxrs-base-2.10.3.jar:/home/user/.m2/repository/org/apache/hadoop/hadoop-yarn-client/3.2.1/hadoop-yarn-client-3.2.1.jar:/home/user/.m2/repository/org/apache/hadoop/hadoop-mapreduce-client-core/3.2.1/hadoop-mapreduce-client-core-3.2.1.jar:/home/user/.m2/repository/org/apache/avro/avro/1.7.7/avro-1.7.7.jar:/home/user/.m2/repository/org/codehaus/jackson/jackson-core-asl/1.9.13/jackson-core-asl-1.9.13.jar:/home/user/.m2/repository/org/codehaus/jackson/jackson-mapper-asl/1.9.13/jackson-mapper-asl-1.9.13.jar:/home/user/.m2/repository/com/thoughtworks/paranamer/paranamer/2.3/paranamer-2.3.jar:/home/user/.m2/repository/org/xerial/snappy/snappy-java/1.0.5/snappy-java-1.0.5.jar:/home/user/.m2/repository/org/apache/hadoop/hadoop-annotations/3.2.1/hadoop-annotations-3.2.1.jar:/usr/lib/jvm/java-1.8.0-openjdk-1.8.0.232.b09-0.el7_7.x86_64/jre/../lib/tools.jar:/home/user/.m2/repository/org/apache/hadoop/hadoop-distcp/3.2.1/hadoop-distcp-3.2.1-tests.jar:"/>
    <property name="sun.cpu.endian" value="little"/>
    <property name="user.home" value="/home/user"/>
    <property name="user.language" value="en"/>
    <property name="java.specification.vendor" value="Oracle Corporation"/>
    <property name="java.home" value="/usr/lib/jvm/java-1.8.0-openjdk-1.8.0.232.b09-0.el7_7.x86_64/jre"/>
    <property name="java.security.krb5.conf" value="/github/workspace/mnt/ozone/hadoop-ozone/integration-test/target/test-classes/krb5.conf"/>
    <property name="basedir" value="/github/workspace/mnt/ozone/hadoop-ozone/integration-test"/>
    <property name="file.separator" value="/"/>
    <property name="line.separator" value="&#10;"/>
    <property name="java.vm.specification.vendor" value="Oracle Corporation"/>
    <property name="java.specification.name" value="Java Platform API Specification"/>
    <property name="java.awt.graphicsenv" value="sun.awt.X11GraphicsEnvironment"/>
    <property name="skip.installnpx" value="true"/>
    <property name="surefire.real.class.path" value="/github/workspace/mnt/ozone/hadoop-ozone/integration-test/target/surefire/surefirebooter4003155759449412672.jar:/home/user/.m2/repository/org/jacoco/org.jacoco.agent/0.8.5/org.jacoco.agent-0.8.5-runtime.jar"/>
    <property name="hadoop.log.dir" value="/github/workspace/mnt/ozone/hadoop-ozone/integration-test/target/log"/>
    <property name="sun.boot.class.path" value="/usr/lib/jvm/java-1.8.0-openjdk-1.8.0.232.b09-0.el7_7.x86_64/jre/lib/resources.jar:/usr/lib/jvm/java-1.8.0-openjdk-1.8.0.232.b09-0.el7_7.x86_64/jre/lib/rt.jar:/usr/lib/jvm/java-1.8.0-openjdk-1.8.0.232.b09-0.el7_7.x86_64/jre/lib/sunrsasign.jar:/usr/lib/jvm/java-1.8.0-openjdk-1.8.0.232.b09-0.el7_7.x86_64/jre/lib/jsse.jar:/usr/lib/jvm/java-1.8.0-openjdk-1.8.0.232.b09-0.el7_7.x86_64/jre/lib/jce.jar:/usr/lib/jvm/java-1.8.0-openjdk-1.8.0.232.b09-0.el7_7.x86_64/jre/lib/charsets.jar:/usr/lib/jvm/java-1.8.0-openjdk-1.8.0.232.b09-0.el7_7.x86_64/jre/lib/jfr.jar:/usr/lib/jvm/java-1.8.0-openjdk-1.8.0.232.b09-0.el7_7.x86_64/jre/classes"/>
    <property name="sun.management.compiler" value="HotSpot 64-Bit Tiered Compilers"/>
    <property name="skip.npx" value="true"/>
    <property name="java.runtime.version" value="1.8.0_232-b09"/>
    <property name="java.net.preferIPv4Stack" value="true"/>
    <property name="user.name" value="jenkins1001"/>
    <property name="path.separator" value=":"/>
    <property name="java.security.egd" value="file:///dev/urandom"/>
    <property name="os.version" value="5.3.0-1034-azure"/>
    <property name="java.endorsed.dirs" value="/usr/lib/jvm/java-1.8.0-openjdk-1.8.0.232.b09-0.el7_7.x86_64/jre/lib/endorsed"/>
    <property name="java.runtime.name" value="OpenJDK Runtime Environment"/>
    <property name="file.encoding" value="ANSI_X3.4-1968"/>
    <property name="java.vm.name" value="OpenJDK 64-Bit Server VM"/>
    <property name="test.build.webapps" value=""/>
    <property name="localRepository" value="/home/user/.m2/repository"/>
    <property name="java.vendor.url.bug" value="http://bugreport.sun.com/bugreport/"/>
    <property name="java.io.tmpdir" value="/tmp"/>
    <property name="require.test.libhadoop" value=""/>
    <property name="java.version" value="1.8.0_232"/>
    <property name="user.dir" value="/github/workspace/mnt/ozone/hadoop-ozone/integration-test"/>
    <property name="os.arch" value="amd64"/>
    <property name="java.vm.specification.name" value="Java Virtual Machine Specification"/>
    <property name="test.build.classes" value="/github/workspace/mnt/ozone/hadoop-ozone/integration-test/target/test-classes"/>
    <property name="java.awt.printerjob" value="sun.print.PSPrinterJob"/>
    <property name="sun.os.patch.level" value="unknown"/>
    <property name="hadoop.tmp.dir" value="/github/workspace/mnt/ozone/hadoop-ozone/integration-test/target/tmp"/>
    <property name="java.library.path" value="/usr/lib:/usr/java/packages/lib/amd64:/usr/lib64:/lib64:/lib:/usr/lib"/>
    <property name="java.vm.info" value="mixed mode"/>
    <property name="java.vendor" value="Oracle Corporation"/>
    <property name="java.vm.version" value="25.232-b09"/>
    <property name="java.ext.dirs" value="/usr/lib/jvm/java-1.8.0-openjdk-1.8.0.232.b09-0.el7_7.x86_64/jre/lib/ext:/usr/java/packages/lib/ext"/>
    <property name="sun.io.unicode.encoding" value="UnicodeLittle"/>
    <property name="java.class.version" value="52.0"/>
  </properties>
  <testcase name="testGroupMismatchExceptionHandling" classname="org.apache.hadoop.ozone.client.rpc.TestOzoneClientRetriesOnException" time="44.993"/>
  <testcase name="testMaxRetriesByOzoneClient" classname="org.apache.hadoop.ozone.client.rpc.TestOzoneClientRetriesOnException" time="36.326">
    <failure message="Expected exception not thrown" type="java.lang.AssertionError">java.lang.AssertionError: Expected exception not thrown
	at org.junit.Assert.fail(Assert.java:88)
	at org.apache.hadoop.ozone.client.rpc.TestOzoneClientRetriesOnException.testMaxRetriesByOzoneClient(TestOzoneClientRetriesOnException.java:231)
	at sun.reflect.NativeMethodAccessorImpl.invoke0(Native Method)
	at sun.reflect.NativeMethodAccessorImpl.invoke(NativeMethodAccessorImpl.java:62)
	at sun.reflect.DelegatingMethodAccessorImpl.invoke(DelegatingMethodAccessorImpl.java:43)
	at java.lang.reflect.Method.invoke(Method.java:498)
	at org.junit.runners.model.FrameworkMethod$1.runReflectiveCall(FrameworkMethod.java:47)
	at org.junit.internal.runners.model.ReflectiveCallable.run(ReflectiveCallable.java:12)
	at org.junit.runners.model.FrameworkMethod.invokeExplosively(FrameworkMethod.java:44)
	at org.junit.internal.runners.statements.InvokeMethod.evaluate(InvokeMethod.java:17)
	at org.junit.internal.runners.statements.RunBefores.evaluate(RunBefores.java:26)
	at org.junit.internal.runners.statements.RunAfters.evaluate(RunAfters.java:27)
	at org.junit.internal.runners.statements.FailOnTimeout$StatementThread.run(FailOnTimeout.java:74)
</failure>
    <system-out><![CDATA[2020-08-16 01:32:55,694 [Thread-364] WARN  server.ServerUtils (ServerUtils.java:getScmDbDir(148)) - ozone.scm.db.dirs is not configured. We recommend adding this setting. Falling back to ozone.metadata.dirs instead.
2020-08-16 01:32:55,702 [Thread-364] WARN  server.ServerUtils (ServerUtils.java:getScmDbDir(148)) - ozone.scm.db.dirs is not configured. We recommend adding this setting. Falling back to ozone.metadata.dirs instead.
2020-08-16 01:32:55,702 [Thread-364] WARN  db.DBStoreBuilder (DBStoreBuilder.java:createDBStoreBuilder(277)) - ozone.scm.db.dirs is not configured. We recommend adding this setting. Falling back to ozone.metadata.dirs instead.
2020-08-16 01:32:55,747 [Thread-364] INFO  net.NodeSchemaLoader (NodeSchemaLoader.java:loadSchemaFromFile(126)) - Loading file from sun.misc.CompoundEnumeration@6f4c4e84
2020-08-16 01:32:55,748 [Thread-364] INFO  net.NodeSchemaLoader (NodeSchemaLoader.java:loadSchema(172)) - Loading network topology layer schema file
2020-08-16 01:32:55,751 [Thread-364] WARN  server.ServerUtils (ServerUtils.java:sanitizeUserArgs(73)) - ozone.scm.stale.node.interval value = 300000 is larger than max = 100000 based on the key value of ozone.scm.heartbeat.thread.interval, reset to the max value 100000.
2020-08-16 01:32:55,751 [Thread-364] WARN  server.ServerUtils (ServerUtils.java:sanitizeUserArgs(73)) - ozone.scm.stale.node.interval value = 300000 is larger than max = 100000 based on the key value of ozone.scm.heartbeat.thread.interval, reset to the max value 100000.
2020-08-16 01:32:55,751 [Thread-364] INFO  node.SCMNodeManager (SCMNodeManager.java:<init>(117)) - Entering startup safe mode.
2020-08-16 01:32:55,752 [Thread-364] INFO  algorithms.ContainerPlacementPolicyFactory (ContainerPlacementPolicyFactory.java:getPolicy(60)) - Create container placement policy of type org.apache.hadoop.hdds.scm.container.placement.algorithms.SCMContainerPlacementRandom
2020-08-16 01:32:55,752 [Thread-364] INFO  pipeline.SCMPipelineManager (SCMPipelineManager.java:initializePipelineState(161)) - No pipeline exists in current db
2020-08-16 01:32:55,753 [Thread-364] INFO  algorithms.PipelineChoosePolicyFactory (PipelineChoosePolicyFactory.java:createPipelineChoosePolicyFromClass(75)) - Create pipeline choose policy of type org.apache.hadoop.hdds.scm.pipeline.choose.algorithms.RandomPipelineChoosePolicy
2020-08-16 01:32:55,754 [Thread-364] INFO  safemode.HealthyPipelineSafeModeRule (HealthyPipelineSafeModeRule.java:<init>(89)) - Total pipeline count is 0, healthy pipeline threshold count is 0
2020-08-16 01:32:55,754 [Thread-364] INFO  safemode.OneReplicaPipelineSafeModeRule (OneReplicaPipelineSafeModeRule.java:<init>(79)) - Total pipeline count is 0, pipeline's with at least one datanode reported threshold count is 0
2020-08-16 01:32:55,755 [Thread-364] INFO  ipc.CallQueueManager (CallQueueManager.java:<init>(84)) - Using callQueue: class java.util.concurrent.LinkedBlockingQueue, queueCapacity: 2000, scheduler: class org.apache.hadoop.ipc.DefaultRpcScheduler, ipcBackoff: false.
2020-08-16 01:32:55,762 [Socket Reader #1 for port 0] INFO  ipc.Server (Server.java:run(1219)) - Starting Socket Reader #1 for port 0
2020-08-16 01:32:55,763 [Listener at 0.0.0.0/41857] INFO  ipc.CallQueueManager (CallQueueManager.java:<init>(84)) - Using callQueue: class java.util.concurrent.LinkedBlockingQueue, queueCapacity: 2000, scheduler: class org.apache.hadoop.ipc.DefaultRpcScheduler, ipcBackoff: false.
2020-08-16 01:32:55,765 [Socket Reader #1 for port 0] INFO  ipc.Server (Server.java:run(1219)) - Starting Socket Reader #1 for port 0
2020-08-16 01:32:55,768 [Listener at 0.0.0.0/40973] INFO  ipc.CallQueueManager (CallQueueManager.java:<init>(84)) - Using callQueue: class java.util.concurrent.LinkedBlockingQueue, queueCapacity: 2000, scheduler: class org.apache.hadoop.ipc.DefaultRpcScheduler, ipcBackoff: false.
2020-08-16 01:32:55,769 [Socket Reader #1 for port 0] INFO  ipc.Server (Server.java:run(1219)) - Starting Socket Reader #1 for port 0
2020-08-16 01:32:55,779 [Listener at 0.0.0.0/34471] INFO  http.BaseHttpServer (BaseHttpServer.java:newHttpServer2BuilderForOzone(207)) - Starting Web-server for scm at: http://0.0.0.0:0
2020-08-16 01:32:55,779 [Listener at 0.0.0.0/34471] INFO  http.BaseHttpServer (BaseHttpServer.java:<init>(106)) - Hadoop Security Enabled: false Ozone Security Enabled: false Ozone HTTP Security Enabled: false 
2020-08-16 01:32:55,781 [Listener at 0.0.0.0/34471] INFO  server.AuthenticationFilter (AuthenticationFilter.java:constructSecretProvider(240)) - Unable to initialize FileSignerSecretProvider, falling back to use random secrets.
2020-08-16 01:32:55,782 [Listener at 0.0.0.0/34471] WARN  http.HttpRequestLog (HttpRequestLog.java:getRequestLog(103)) - Jetty request log can only be enabled using Log4j
2020-08-16 01:32:55,783 [Listener at 0.0.0.0/34471] INFO  http.HttpServer2 (HttpServer2.java:addGlobalFilter(1019)) - Added global filter 'safety' (class=org.apache.hadoop.hdds.server.http.HttpServer2$QuotingInputFilter)
2020-08-16 01:32:55,784 [Listener at 0.0.0.0/34471] INFO  http.HttpServer2 (HttpServer2.java:addFilter(995)) - Added filter static_user_filter (class=org.apache.hadoop.http.lib.StaticUserWebFilter$StaticUserFilter) to context scm
2020-08-16 01:32:55,784 [Listener at 0.0.0.0/34471] INFO  http.HttpServer2 (HttpServer2.java:addFilter(1003)) - Added filter static_user_filter (class=org.apache.hadoop.http.lib.StaticUserWebFilter$StaticUserFilter) to context static
2020-08-16 01:32:55,784 [Listener at 0.0.0.0/34471] INFO  http.HttpServer2 (HttpServer2.java:addFilter(1003)) - Added filter static_user_filter (class=org.apache.hadoop.http.lib.StaticUserWebFilter$StaticUserFilter) to context logs
2020-08-16 01:32:55,787 [Listener at 0.0.0.0/34471] INFO  server.StorageContainerManager (StorageContainerManager.java:start(789)) - StorageContainerLocationProtocol RPC server is listening at /0.0.0.0:34471
2020-08-16 01:32:55,788 [Listener at 0.0.0.0/34471] WARN  impl.MetricsConfig (MetricsConfig.java:loadFirst(134)) - Cannot locate configuration: tried hadoop-metrics2-storagecontainermanager.properties,hadoop-metrics2.properties
2020-08-16 01:32:55,789 [Listener at 0.0.0.0/34471] INFO  impl.MetricsSystemImpl (MetricsSystemImpl.java:startTimer(374)) - Scheduled Metric snapshot period at 10 second(s).
2020-08-16 01:32:55,789 [Listener at 0.0.0.0/34471] INFO  impl.MetricsSystemImpl (MetricsSystemImpl.java:start(191)) - StorageContainerManager metrics system started
2020-08-16 01:32:55,800 [Listener at 0.0.0.0/34471] WARN  impl.MetricsSystemImpl (MetricsSystemImpl.java:register(276)) - Sink prometheus already exists!
2020-08-16 01:32:55,809 [Listener at 0.0.0.0/34471] INFO  server.SCMClientProtocolServer (SCMClientProtocolServer.java:start(156)) - RPC server for Client  is listening at /0.0.0.0:34471
2020-08-16 01:32:55,815 [IPC Server Responder] INFO  ipc.Server (Server.java:run(1460)) - IPC Server Responder: starting
2020-08-16 01:32:55,819 [IPC Server listener on 0] INFO  ipc.Server (Server.java:run(1298)) - IPC Server listener on 0: starting
2020-08-16 01:32:55,825 [Listener at 0.0.0.0/34471] INFO  server.StorageContainerManager (StorageContainerManager.java:start(801)) - ScmBlockLocationProtocol RPC server is listening at /0.0.0.0:40973
2020-08-16 01:32:55,826 [Listener at 0.0.0.0/34471] INFO  server.SCMBlockProtocolServer (SCMBlockProtocolServer.java:start(149)) - RPC server for Block Protocol is listening at /0.0.0.0:40973
2020-08-16 01:32:55,826 [IPC Server Responder] INFO  ipc.Server (Server.java:run(1460)) - IPC Server Responder: starting
2020-08-16 01:32:55,826 [IPC Server listener on 0] INFO  ipc.Server (Server.java:run(1298)) - IPC Server listener on 0: starting
2020-08-16 01:32:55,837 [Listener at 0.0.0.0/34471] INFO  server.StorageContainerManager (StorageContainerManager.java:start(807)) - ScmDatanodeProtocl RPC server is listening at /0.0.0.0:41857
2020-08-16 01:32:55,837 [Listener at 0.0.0.0/34471] INFO  server.SCMDatanodeProtocolServer (SCMDatanodeProtocolServer.java:start(172)) - RPC server for DataNodes is listening at /0.0.0.0:41857
2020-08-16 01:32:55,837 [IPC Server Responder] INFO  ipc.Server (Server.java:run(1460)) - IPC Server Responder: starting
2020-08-16 01:32:55,839 [IPC Server listener on 0] INFO  ipc.Server (Server.java:run(1298)) - IPC Server listener on 0: starting
2020-08-16 01:32:55,857 [Listener at 0.0.0.0/34471] INFO  http.HttpServer2 (HttpServer2.java:bindListener(1237)) - Jetty bound to port 34041
2020-08-16 01:32:55,857 [Listener at 0.0.0.0/34471] INFO  server.Server (Server.java:doStart(359)) - jetty-9.4.26.v20200117; built: 2020-01-17T12:35:33.676Z; git: 7b38981d25d14afb4a12ff1f2596756144edf695; jvm 1.8.0_232-b09
2020-08-16 01:32:55,860 [Listener at 0.0.0.0/34471] INFO  server.session (DefaultSessionIdManager.java:doStart(333)) - DefaultSessionIdManager workerName=node0
2020-08-16 01:32:55,861 [Listener at 0.0.0.0/34471] INFO  server.session (DefaultSessionIdManager.java:doStart(338)) - No SessionScavenger set, using defaults
2020-08-16 01:32:55,861 [Listener at 0.0.0.0/34471] INFO  server.session (HouseKeeper.java:startScavenging(140)) - node0 Scavenging every 600000ms
2020-08-16 01:32:55,863 [Listener at 0.0.0.0/34471] INFO  handler.ContextHandler (ContextHandler.java:doStart(825)) - Started o.e.j.s.ServletContextHandler@4eebaf77{logs,/logs,file:///github/workspace/mnt/ozone/hadoop-ozone/integration-test/target/log,AVAILABLE}
2020-08-16 01:32:55,863 [Listener at 0.0.0.0/34471] INFO  handler.ContextHandler (ContextHandler.java:doStart(825)) - Started o.e.j.s.ServletContextHandler@69b28ea2{static,/static,file:///github/workspace/mnt/ozone/hadoop-ozone/integration-test/target/test-classes/webapps/static,AVAILABLE}
2020-08-16 01:32:55,867 [Listener at 0.0.0.0/34471] INFO  handler.ContextHandler (ContextHandler.java:doStart(825)) - Started o.e.j.w.WebAppContext@368801f7{scm,/,file:///github/workspace/mnt/ozone/hadoop-ozone/integration-test/target/test-classes/webapps/scm/,AVAILABLE}{file:/github/workspace/mnt/ozone/hadoop-ozone/integration-test/target/test-classes/webapps/scm}
2020-08-16 01:32:55,869 [Listener at 0.0.0.0/34471] INFO  server.AbstractConnector (AbstractConnector.java:doStart(330)) - Started ServerConnector@54824a87{HTTP/1.1,[http/1.1]}{0.0.0.0:34041}
2020-08-16 01:32:55,869 [Listener at 0.0.0.0/34471] INFO  server.Server (Server.java:doStart(399)) - Started @46241ms
2020-08-16 01:32:55,870 [Listener at 0.0.0.0/34471] WARN  impl.MetricsSystemImpl (MetricsSystemImpl.java:register(276)) - Sink prometheus already exists!
2020-08-16 01:32:55,872 [Listener at 0.0.0.0/34471] INFO  http.BaseHttpServer (BaseHttpServer.java:updateConnectorAddress(327)) - HTTP server of scm listening at http://0.0.0.0:34041
2020-08-16 01:32:55,875 [Listener at 0.0.0.0/34471] WARN  server.ServerUtils (ServerUtils.java:getDBPath(225)) - ozone.om.db.dirs is not configured. We recommend adding this setting. Falling back to ozone.metadata.dirs instead.
2020-08-16 01:32:55,876 [org.apache.hadoop.util.JvmPauseMonitor$Monitor@34915aae] INFO  util.JvmPauseMonitor (JvmPauseMonitor.java:run(188)) - Starting JVM pause monitor
2020-08-16 01:32:55,877 [Listener at 0.0.0.0/34471] INFO  ha.OMHANodeDetails (OMHANodeDetails.java:loadOMHAConfig(104)) - ozone.om.internal.service.id is not defined, falling back to ozone.om.service.ids to find serviceID for OzoneManager if it is HA enabled cluster
2020-08-16 01:32:55,877 [Listener at 0.0.0.0/34471] INFO  ha.OMHANodeDetails (OMHANodeDetails.java:loadOMHAConfig(213)) - Configuration either no ozone.om.address set. Falling back to the default OM address /127.0.0.1:0
2020-08-16 01:32:55,877 [Listener at 0.0.0.0/34471] INFO  ha.OMHANodeDetails (OMHANodeDetails.java:getOMNodeDetails(241)) - OM Service ID is not set. Setting it to the default ID: omServiceIdDefault
2020-08-16 01:32:55,877 [Listener at 0.0.0.0/34471] WARN  server.ServerUtils (ServerUtils.java:getDBPath(225)) - ozone.om.db.dirs is not configured. We recommend adding this setting. Falling back to ozone.metadata.dirs instead.
2020-08-16 01:32:55,878 [Listener at 0.0.0.0/34471] WARN  server.ServerUtils (ServerUtils.java:getDBPath(225)) - ozone.om.db.dirs is not configured. We recommend adding this setting. Falling back to ozone.metadata.dirs instead.
2020-08-16 01:32:55,882 [Listener at 0.0.0.0/34471] WARN  server.ServerUtils (ServerUtils.java:getDBPath(225)) - ozone.om.db.dirs is not configured. We recommend adding this setting. Falling back to ozone.metadata.dirs instead.
2020-08-16 01:32:55,882 [Listener at 0.0.0.0/34471] INFO  codec.OmKeyInfoCodec (OmKeyInfoCodec.java:<init>(41)) - OmKeyInfoCodec ignorePipeline = true
2020-08-16 01:32:55,882 [Listener at 0.0.0.0/34471] INFO  codec.RepeatedOmKeyInfoCodec (RepeatedOmKeyInfoCodec.java:<init>(40)) - RepeatedOmKeyInfoCodec ignorePipeline = true
2020-08-16 01:32:55,948 [Listener at 0.0.0.0/34471] INFO  om.OzoneManager (OzoneManager.java:addS3GVolumeToDB(3592)) - Created Volume s3v With Owner jenkins1001 required for S3Gateway operations.
2020-08-16 01:32:55,949 [Listener at 0.0.0.0/34471] INFO  ipc.CallQueueManager (CallQueueManager.java:<init>(84)) - Using callQueue: class java.util.concurrent.LinkedBlockingQueue, queueCapacity: 2000, scheduler: class org.apache.hadoop.ipc.DefaultRpcScheduler, ipcBackoff: false.
2020-08-16 01:32:55,950 [Socket Reader #1 for port 0] INFO  ipc.Server (Server.java:run(1219)) - Starting Socket Reader #1 for port 0
2020-08-16 01:32:55,966 [Listener at 127.0.0.1/34499] INFO  impl.MetricsSystemImpl (MetricsSystemImpl.java:init(158)) - OzoneManager metrics system started (again)
2020-08-16 01:32:55,967 [Listener at 127.0.0.1/34499] INFO  om.OzoneManager (OzoneManager.java:start(1132)) - OzoneManager RPC server is listening at localhost/127.0.0.1:34499
2020-08-16 01:32:55,975 [Listener at 127.0.0.1/34499] INFO  http.BaseHttpServer (BaseHttpServer.java:newHttpServer2BuilderForOzone(207)) - Starting Web-server for ozoneManager at: http://0.0.0.0:0
2020-08-16 01:32:55,975 [Listener at 127.0.0.1/34499] INFO  http.BaseHttpServer (BaseHttpServer.java:<init>(106)) - Hadoop Security Enabled: false Ozone Security Enabled: false Ozone HTTP Security Enabled: false 
2020-08-16 01:32:55,977 [Listener at 127.0.0.1/34499] INFO  server.AuthenticationFilter (AuthenticationFilter.java:constructSecretProvider(240)) - Unable to initialize FileSignerSecretProvider, falling back to use random secrets.
2020-08-16 01:32:55,979 [Listener at 127.0.0.1/34499] WARN  http.HttpRequestLog (HttpRequestLog.java:getRequestLog(103)) - Jetty request log can only be enabled using Log4j
2020-08-16 01:32:55,980 [Listener at 127.0.0.1/34499] INFO  http.HttpServer2 (HttpServer2.java:addGlobalFilter(1019)) - Added global filter 'safety' (class=org.apache.hadoop.hdds.server.http.HttpServer2$QuotingInputFilter)
2020-08-16 01:32:55,981 [Listener at 127.0.0.1/34499] INFO  http.HttpServer2 (HttpServer2.java:addFilter(995)) - Added filter static_user_filter (class=org.apache.hadoop.http.lib.StaticUserWebFilter$StaticUserFilter) to context ozoneManager
2020-08-16 01:32:55,981 [Listener at 127.0.0.1/34499] INFO  http.HttpServer2 (HttpServer2.java:addFilter(1003)) - Added filter static_user_filter (class=org.apache.hadoop.http.lib.StaticUserWebFilter$StaticUserFilter) to context logs
2020-08-16 01:32:55,981 [Listener at 127.0.0.1/34499] INFO  http.HttpServer2 (HttpServer2.java:addFilter(1003)) - Added filter static_user_filter (class=org.apache.hadoop.http.lib.StaticUserWebFilter$StaticUserFilter) to context static
2020-08-16 01:32:55,982 [Listener at 127.0.0.1/34499] INFO  http.HttpServer2 (HttpServer2.java:bindListener(1237)) - Jetty bound to port 43429
2020-08-16 01:32:55,982 [Listener at 127.0.0.1/34499] INFO  server.Server (Server.java:doStart(359)) - jetty-9.4.26.v20200117; built: 2020-01-17T12:35:33.676Z; git: 7b38981d25d14afb4a12ff1f2596756144edf695; jvm 1.8.0_232-b09
2020-08-16 01:32:55,986 [Listener at 127.0.0.1/34499] INFO  server.session (DefaultSessionIdManager.java:doStart(333)) - DefaultSessionIdManager workerName=node0
2020-08-16 01:32:55,986 [Listener at 127.0.0.1/34499] INFO  server.session (DefaultSessionIdManager.java:doStart(338)) - No SessionScavenger set, using defaults
2020-08-16 01:32:55,987 [Listener at 127.0.0.1/34499] INFO  server.session (HouseKeeper.java:startScavenging(140)) - node0 Scavenging every 660000ms
2020-08-16 01:32:55,987 [Listener at 127.0.0.1/34499] INFO  handler.ContextHandler (ContextHandler.java:doStart(825)) - Started o.e.j.s.ServletContextHandler@1c347b74{logs,/logs,file:///github/workspace/mnt/ozone/hadoop-ozone/integration-test/target/log,AVAILABLE}
2020-08-16 01:32:55,988 [Listener at 127.0.0.1/34499] INFO  handler.ContextHandler (ContextHandler.java:doStart(825)) - Started o.e.j.s.ServletContextHandler@494c4f66{static,/static,file:///github/workspace/mnt/ozone/hadoop-ozone/integration-test/target/test-classes/webapps/static,AVAILABLE}
2020-08-16 01:32:55,991 [Listener at 127.0.0.1/34499] INFO  handler.ContextHandler (ContextHandler.java:doStart(825)) - Started o.e.j.w.WebAppContext@13e3880e{ozoneManager,/,file:///github/workspace/mnt/ozone/hadoop-ozone/integration-test/target/test-classes/webapps/ozoneManager/,AVAILABLE}{file:/github/workspace/mnt/ozone/hadoop-ozone/integration-test/target/test-classes/webapps/ozoneManager}
2020-08-16 01:32:55,994 [Listener at 127.0.0.1/34499] INFO  server.AbstractConnector (AbstractConnector.java:doStart(330)) - Started ServerConnector@1751af1a{HTTP/1.1,[http/1.1]}{0.0.0.0:43429}
2020-08-16 01:32:55,994 [Listener at 127.0.0.1/34499] INFO  server.Server (Server.java:doStart(399)) - Started @46366ms
2020-08-16 01:32:55,994 [Listener at 127.0.0.1/34499] WARN  impl.MetricsSystemImpl (MetricsSystemImpl.java:register(276)) - Sink prometheus already exists!
2020-08-16 01:32:55,999 [Listener at 127.0.0.1/34499] INFO  http.BaseHttpServer (BaseHttpServer.java:updateConnectorAddress(327)) - HTTP server of ozoneManager listening at http://0.0.0.0:43429
2020-08-16 01:32:56,000 [IPC Server Responder] INFO  ipc.Server (Server.java:run(1460)) - IPC Server Responder: starting
2020-08-16 01:32:56,000 [IPC Server listener on 0] INFO  ipc.Server (Server.java:run(1298)) - IPC Server listener on 0: starting
2020-08-16 01:32:56,027 [org.apache.hadoop.util.JvmPauseMonitor$Monitor@28388491] INFO  util.JvmPauseMonitor (JvmPauseMonitor.java:run(188)) - Starting JVM pause monitor
2020-08-16 01:32:56,044 [Listener at 127.0.0.1/34499] INFO  impl.MetricsSystemImpl (MetricsSystemImpl.java:init(158)) - HddsDatanode metrics system started (again)
2020-08-16 01:32:56,046 [Listener at 127.0.0.1/34499] INFO  ozone.HddsDatanodeService (HddsDatanodeService.java:start(217)) - HddsDatanodeService host:bb0b45a2c250 ip:172.17.0.2
2020-08-16 01:32:56,048 [Listener at 127.0.0.1/34499] INFO  volume.HddsVolume (HddsVolume.java:<init>(176)) - Creating Volume: /github/workspace/mnt/ozone/hadoop-ozone/integration-test/target/test-dir/MiniOzoneClusterImpl-c38a1ae0-e263-4e30-b27e-4e0674c9e28f/datanode-0/data-0/containers/hdds of storage type : DISK and capacity : 9223372036854775807
2020-08-16 01:32:56,048 [Listener at 127.0.0.1/34499] INFO  volume.MutableVolumeSet (MutableVolumeSet.java:initializeVolumeSet(179)) - Added Volume : /github/workspace/mnt/ozone/hadoop-ozone/integration-test/target/test-dir/MiniOzoneClusterImpl-c38a1ae0-e263-4e30-b27e-4e0674c9e28f/datanode-0/data-0/containers/hdds to VolumeSet
2020-08-16 01:32:56,048 [Listener at 127.0.0.1/34499] INFO  volume.ThrottledAsyncChecker (ThrottledAsyncChecker.java:schedule(141)) - Scheduling a check for /github/workspace/mnt/ozone/hadoop-ozone/integration-test/target/test-dir/MiniOzoneClusterImpl-c38a1ae0-e263-4e30-b27e-4e0674c9e28f/datanode-0/data-0/containers/hdds
2020-08-16 01:32:56,049 [Listener at 127.0.0.1/34499] INFO  volume.HddsVolumeChecker (HddsVolumeChecker.java:checkAllVolumes(200)) - Scheduled health check for volume /github/workspace/mnt/ozone/hadoop-ozone/integration-test/target/test-dir/MiniOzoneClusterImpl-c38a1ae0-e263-4e30-b27e-4e0674c9e28f/datanode-0/data-0/containers/hdds
2020-08-16 01:32:56,066 [Thread-489] INFO  ozoneimpl.ContainerReader (ContainerReader.java:readVolume(123)) - Start to verify containers on volume /github/workspace/mnt/ozone/hadoop-ozone/integration-test/target/test-dir/MiniOzoneClusterImpl-c38a1ae0-e263-4e30-b27e-4e0674c9e28f/datanode-0/data-0/containers/hdds
2020-08-16 01:32:56,067 [Thread-489] INFO  ozoneimpl.ContainerReader (ContainerReader.java:readVolume(148)) - Finish verifying containers on volume /github/workspace/mnt/ozone/hadoop-ozone/integration-test/target/test-dir/MiniOzoneClusterImpl-c38a1ae0-e263-4e30-b27e-4e0674c9e28f/datanode-0/data-0/containers/hdds
2020-08-16 01:32:56,067 [Listener at 127.0.0.1/34499] INFO  ozoneimpl.OzoneContainer (OzoneContainer.java:buildContainerSet(196)) - Build ContainerSet costs 0s
2020-08-16 01:32:56,071 [Listener at 127.0.0.1/34499] INFO  impl.RaftServerProxy (ConfUtils.java:logGet(44)) - raft.rpc.type = GRPC (default)
2020-08-16 01:32:56,071 [Listener at 127.0.0.1/34499] INFO  grpc.GrpcFactory (GrpcFactory.java:checkPooledByteBufAllocatorUseCacheForAllThreads(45)) - PERFORMANCE WARNING: useCacheForAllThreads is true that may cause Netty to create a lot garbage objects and, as a result, trigger GC.
	It is recommended to disable useCacheForAllThreads by setting -Dorg.apache.ratis.thirdparty.io.netty.allocator.useCacheForAllThreads=false in command line.
2020-08-16 01:32:56,072 [Listener at 127.0.0.1/34499] INFO  grpc.GrpcConfigKeys (ConfUtils.java:logGet(44)) - raft.grpc.server.port = 0 (default)
2020-08-16 01:32:56,072 [Listener at 127.0.0.1/34499] INFO  server.GrpcService (ConfUtils.java:logGet(44)) - raft.grpc.message.size.max = 32MB (=33554432) (custom)
2020-08-16 01:32:56,072 [Listener at 127.0.0.1/34499] INFO  server.RaftServerConfigKeys (ConfUtils.java:logGet(44)) - raft.server.log.appender.buffer.byte-limit = 33554432 (custom)
2020-08-16 01:32:56,073 [Listener at 127.0.0.1/34499] INFO  server.GrpcService (ConfUtils.java:logGet(44)) - raft.grpc.flow.control.window = 5MB (=5242880) (custom)
2020-08-16 01:32:56,073 [Listener at 127.0.0.1/34499] INFO  server.RaftServerConfigKeys (ConfUtils.java:logGet(44)) - raft.server.rpc.request.timeout = 60s (custom)
2020-08-16 01:32:56,075 [Listener at 127.0.0.1/34499] INFO  server.RaftServerConfigKeys (ConfUtils.java:logGet(44)) - raft.server.storage.dir = [/github/workspace/mnt/ozone/hadoop-ozone/integration-test/target/test-dir/MiniOzoneClusterImpl-c38a1ae0-e263-4e30-b27e-4e0674c9e28f/datanode-0/data/ratis] (custom)
2020-08-16 01:32:56,092 [Listener at 127.0.0.1/34499] INFO  http.BaseHttpServer (BaseHttpServer.java:newHttpServer2BuilderForOzone(207)) - Starting Web-server for hddsDatanode at: http://0.0.0.0:0
2020-08-16 01:32:56,092 [Listener at 127.0.0.1/34499] INFO  http.BaseHttpServer (BaseHttpServer.java:<init>(106)) - Hadoop Security Enabled: false Ozone Security Enabled: false Ozone HTTP Security Enabled: false 
2020-08-16 01:32:56,094 [Listener at 127.0.0.1/34499] INFO  server.AuthenticationFilter (AuthenticationFilter.java:constructSecretProvider(240)) - Unable to initialize FileSignerSecretProvider, falling back to use random secrets.
2020-08-16 01:32:56,094 [Listener at 127.0.0.1/34499] WARN  http.HttpRequestLog (HttpRequestLog.java:getRequestLog(103)) - Jetty request log can only be enabled using Log4j
2020-08-16 01:32:56,095 [Listener at 127.0.0.1/34499] INFO  http.HttpServer2 (HttpServer2.java:addGlobalFilter(1019)) - Added global filter 'safety' (class=org.apache.hadoop.hdds.server.http.HttpServer2$QuotingInputFilter)
2020-08-16 01:32:56,096 [Listener at 127.0.0.1/34499] INFO  http.HttpServer2 (HttpServer2.java:addFilter(995)) - Added filter static_user_filter (class=org.apache.hadoop.http.lib.StaticUserWebFilter$StaticUserFilter) to context hddsDatanode
2020-08-16 01:32:56,096 [Listener at 127.0.0.1/34499] INFO  http.HttpServer2 (HttpServer2.java:addFilter(1003)) - Added filter static_user_filter (class=org.apache.hadoop.http.lib.StaticUserWebFilter$StaticUserFilter) to context logs
2020-08-16 01:32:56,096 [Listener at 127.0.0.1/34499] INFO  http.HttpServer2 (HttpServer2.java:addFilter(1003)) - Added filter static_user_filter (class=org.apache.hadoop.http.lib.StaticUserWebFilter$StaticUserFilter) to context static
2020-08-16 01:32:56,096 [Listener at 127.0.0.1/34499] INFO  http.HttpServer2 (HttpServer2.java:bindListener(1237)) - Jetty bound to port 34295
2020-08-16 01:32:56,096 [Listener at 127.0.0.1/34499] INFO  server.Server (Server.java:doStart(359)) - jetty-9.4.26.v20200117; built: 2020-01-17T12:35:33.676Z; git: 7b38981d25d14afb4a12ff1f2596756144edf695; jvm 1.8.0_232-b09
2020-08-16 01:32:56,098 [Listener at 127.0.0.1/34499] INFO  server.session (DefaultSessionIdManager.java:doStart(333)) - DefaultSessionIdManager workerName=node0
2020-08-16 01:32:56,099 [Listener at 127.0.0.1/34499] INFO  server.session (DefaultSessionIdManager.java:doStart(338)) - No SessionScavenger set, using defaults
2020-08-16 01:32:56,099 [Listener at 127.0.0.1/34499] INFO  server.session (HouseKeeper.java:startScavenging(140)) - node0 Scavenging every 600000ms
2020-08-16 01:32:56,099 [Listener at 127.0.0.1/34499] INFO  handler.ContextHandler (ContextHandler.java:doStart(825)) - Started o.e.j.s.ServletContextHandler@3cebd74c{logs,/logs,file:///github/workspace/mnt/ozone/hadoop-ozone/integration-test/target/log,AVAILABLE}
2020-08-16 01:32:56,100 [Listener at 127.0.0.1/34499] INFO  handler.ContextHandler (ContextHandler.java:doStart(825)) - Started o.e.j.s.ServletContextHandler@2522142a{static,/static,jar:file:/home/user/.m2/repository/org/apache/hadoop/hadoop-hdds-container-service/0.6.0-SNAPSHOT/hadoop-hdds-container-service-0.6.0-SNAPSHOT.jar!/webapps/static,AVAILABLE}
2020-08-16 01:32:56,183 [Listener at 127.0.0.1/34499] INFO  handler.ContextHandler (ContextHandler.java:doStart(825)) - Started o.e.j.w.WebAppContext@360235fa{hddsDatanode,/,file:///tmp/jetty-0_0_0_0-34295-hadoop-hdds-container-service-0_6_0-SNAPSHOT_jar-_-any-9207300197709609301.dir/webapp/,AVAILABLE}{jar:file:/home/user/.m2/repository/org/apache/hadoop/hadoop-hdds-container-service/0.6.0-SNAPSHOT/hadoop-hdds-container-service-0.6.0-SNAPSHOT.jar!/webapps/hddsDatanode}
2020-08-16 01:32:56,185 [Listener at 127.0.0.1/34499] INFO  server.AbstractConnector (AbstractConnector.java:doStart(330)) - Started ServerConnector@1b9f3189{HTTP/1.1,[http/1.1]}{0.0.0.0:34295}
2020-08-16 01:32:56,185 [Listener at 127.0.0.1/34499] INFO  server.Server (Server.java:doStart(399)) - Started @46557ms
2020-08-16 01:32:56,185 [Listener at 127.0.0.1/34499] WARN  impl.MetricsSystemImpl (MetricsSystemImpl.java:register(276)) - Sink prometheus already exists!
2020-08-16 01:32:56,189 [Listener at 127.0.0.1/34499] INFO  http.BaseHttpServer (BaseHttpServer.java:updateConnectorAddress(327)) - HTTP server of hddsDatanode listening at http://0.0.0.0:34295
2020-08-16 01:32:56,190 [Listener at 127.0.0.1/34499] INFO  impl.MetricsSystemImpl (MetricsSystemImpl.java:init(158)) - HddsDatanode metrics system started (again)
2020-08-16 01:32:56,192 [Listener at 127.0.0.1/34499] INFO  ozone.HddsDatanodeService (HddsDatanodeService.java:start(217)) - HddsDatanodeService host:bb0b45a2c250 ip:172.17.0.2
2020-08-16 01:32:56,199 [org.apache.hadoop.util.JvmPauseMonitor$Monitor@69af08a4] INFO  util.JvmPauseMonitor (JvmPauseMonitor.java:run(188)) - Starting JVM pause monitor
2020-08-16 01:32:56,200 [Datanode State Machine Task Thread - 0] INFO  datanode.InitDatanodeState (InitDatanodeState.java:persistContainerDatanodeDetails(145)) - DatanodeDetails is persisted to /github/workspace/mnt/ozone/hadoop-ozone/integration-test/target/test-dir/MiniOzoneClusterImpl-c38a1ae0-e263-4e30-b27e-4e0674c9e28f/datanode-0/meta/datanode.id
2020-08-16 01:32:56,201 [Listener at 127.0.0.1/34499] INFO  volume.HddsVolume (HddsVolume.java:<init>(176)) - Creating Volume: /github/workspace/mnt/ozone/hadoop-ozone/integration-test/target/test-dir/MiniOzoneClusterImpl-c38a1ae0-e263-4e30-b27e-4e0674c9e28f/datanode-1/data-0/containers/hdds of storage type : DISK and capacity : 9223372036854775807
2020-08-16 01:32:56,201 [Listener at 127.0.0.1/34499] INFO  volume.MutableVolumeSet (MutableVolumeSet.java:initializeVolumeSet(179)) - Added Volume : /github/workspace/mnt/ozone/hadoop-ozone/integration-test/target/test-dir/MiniOzoneClusterImpl-c38a1ae0-e263-4e30-b27e-4e0674c9e28f/datanode-1/data-0/containers/hdds to VolumeSet
2020-08-16 01:32:56,202 [Listener at 127.0.0.1/34499] INFO  volume.ThrottledAsyncChecker (ThrottledAsyncChecker.java:schedule(141)) - Scheduling a check for /github/workspace/mnt/ozone/hadoop-ozone/integration-test/target/test-dir/MiniOzoneClusterImpl-c38a1ae0-e263-4e30-b27e-4e0674c9e28f/datanode-1/data-0/containers/hdds
2020-08-16 01:32:56,202 [Listener at 127.0.0.1/34499] INFO  volume.HddsVolumeChecker (HddsVolumeChecker.java:checkAllVolumes(200)) - Scheduled health check for volume /github/workspace/mnt/ozone/hadoop-ozone/integration-test/target/test-dir/MiniOzoneClusterImpl-c38a1ae0-e263-4e30-b27e-4e0674c9e28f/datanode-1/data-0/containers/hdds
2020-08-16 01:32:56,217 [Thread-500] INFO  ozoneimpl.ContainerReader (ContainerReader.java:readVolume(123)) - Start to verify containers on volume /github/workspace/mnt/ozone/hadoop-ozone/integration-test/target/test-dir/MiniOzoneClusterImpl-c38a1ae0-e263-4e30-b27e-4e0674c9e28f/datanode-1/data-0/containers/hdds
2020-08-16 01:32:56,217 [Thread-500] INFO  ozoneimpl.ContainerReader (ContainerReader.java:readVolume(148)) - Finish verifying containers on volume /github/workspace/mnt/ozone/hadoop-ozone/integration-test/target/test-dir/MiniOzoneClusterImpl-c38a1ae0-e263-4e30-b27e-4e0674c9e28f/datanode-1/data-0/containers/hdds
2020-08-16 01:32:56,217 [Listener at 127.0.0.1/34499] INFO  ozoneimpl.OzoneContainer (OzoneContainer.java:buildContainerSet(196)) - Build ContainerSet costs 0s
2020-08-16 01:32:56,221 [Listener at 127.0.0.1/34499] INFO  impl.RaftServerProxy (ConfUtils.java:logGet(44)) - raft.rpc.type = GRPC (default)
2020-08-16 01:32:56,221 [Listener at 127.0.0.1/34499] INFO  grpc.GrpcFactory (GrpcFactory.java:checkPooledByteBufAllocatorUseCacheForAllThreads(45)) - PERFORMANCE WARNING: useCacheForAllThreads is true that may cause Netty to create a lot garbage objects and, as a result, trigger GC.
	It is recommended to disable useCacheForAllThreads by setting -Dorg.apache.ratis.thirdparty.io.netty.allocator.useCacheForAllThreads=false in command line.
2020-08-16 01:32:56,221 [Listener at 127.0.0.1/34499] INFO  grpc.GrpcConfigKeys (ConfUtils.java:logGet(44)) - raft.grpc.server.port = 0 (default)
2020-08-16 01:32:56,221 [Listener at 127.0.0.1/34499] INFO  server.GrpcService (ConfUtils.java:logGet(44)) - raft.grpc.message.size.max = 32MB (=33554432) (custom)
2020-08-16 01:32:56,221 [Listener at 127.0.0.1/34499] INFO  server.RaftServerConfigKeys (ConfUtils.java:logGet(44)) - raft.server.log.appender.buffer.byte-limit = 33554432 (custom)
2020-08-16 01:32:56,221 [Listener at 127.0.0.1/34499] INFO  server.GrpcService (ConfUtils.java:logGet(44)) - raft.grpc.flow.control.window = 5MB (=5242880) (custom)
2020-08-16 01:32:56,222 [Listener at 127.0.0.1/34499] INFO  server.RaftServerConfigKeys (ConfUtils.java:logGet(44)) - raft.server.rpc.request.timeout = 60s (custom)
2020-08-16 01:32:56,223 [Listener at 127.0.0.1/34499] INFO  server.RaftServerConfigKeys (ConfUtils.java:logGet(44)) - raft.server.storage.dir = [/github/workspace/mnt/ozone/hadoop-ozone/integration-test/target/test-dir/MiniOzoneClusterImpl-c38a1ae0-e263-4e30-b27e-4e0674c9e28f/datanode-1/data/ratis] (custom)
2020-08-16 01:32:56,227 [Listener at 127.0.0.1/34499] INFO  http.BaseHttpServer (BaseHttpServer.java:newHttpServer2BuilderForOzone(207)) - Starting Web-server for hddsDatanode at: http://0.0.0.0:0
2020-08-16 01:32:56,227 [Listener at 127.0.0.1/34499] INFO  http.BaseHttpServer (BaseHttpServer.java:<init>(106)) - Hadoop Security Enabled: false Ozone Security Enabled: false Ozone HTTP Security Enabled: false 
2020-08-16 01:32:56,228 [Listener at 127.0.0.1/34499] INFO  server.AuthenticationFilter (AuthenticationFilter.java:constructSecretProvider(240)) - Unable to initialize FileSignerSecretProvider, falling back to use random secrets.
2020-08-16 01:32:56,229 [Listener at 127.0.0.1/34499] WARN  http.HttpRequestLog (HttpRequestLog.java:getRequestLog(103)) - Jetty request log can only be enabled using Log4j
2020-08-16 01:32:56,230 [Listener at 127.0.0.1/34499] INFO  http.HttpServer2 (HttpServer2.java:addGlobalFilter(1019)) - Added global filter 'safety' (class=org.apache.hadoop.hdds.server.http.HttpServer2$QuotingInputFilter)
2020-08-16 01:32:56,230 [Listener at 127.0.0.1/34499] INFO  http.HttpServer2 (HttpServer2.java:addFilter(995)) - Added filter static_user_filter (class=org.apache.hadoop.http.lib.StaticUserWebFilter$StaticUserFilter) to context hddsDatanode
2020-08-16 01:32:56,230 [Listener at 127.0.0.1/34499] INFO  http.HttpServer2 (HttpServer2.java:addFilter(1003)) - Added filter static_user_filter (class=org.apache.hadoop.http.lib.StaticUserWebFilter$StaticUserFilter) to context logs
2020-08-16 01:32:56,230 [Listener at 127.0.0.1/34499] INFO  http.HttpServer2 (HttpServer2.java:addFilter(1003)) - Added filter static_user_filter (class=org.apache.hadoop.http.lib.StaticUserWebFilter$StaticUserFilter) to context static
2020-08-16 01:32:56,231 [Listener at 127.0.0.1/34499] INFO  http.HttpServer2 (HttpServer2.java:bindListener(1237)) - Jetty bound to port 45707
2020-08-16 01:32:56,231 [Listener at 127.0.0.1/34499] INFO  server.Server (Server.java:doStart(359)) - jetty-9.4.26.v20200117; built: 2020-01-17T12:35:33.676Z; git: 7b38981d25d14afb4a12ff1f2596756144edf695; jvm 1.8.0_232-b09
2020-08-16 01:32:56,233 [Listener at 127.0.0.1/34499] INFO  server.session (DefaultSessionIdManager.java:doStart(333)) - DefaultSessionIdManager workerName=node0
2020-08-16 01:32:56,233 [Listener at 127.0.0.1/34499] INFO  server.session (DefaultSessionIdManager.java:doStart(338)) - No SessionScavenger set, using defaults
2020-08-16 01:32:56,233 [Listener at 127.0.0.1/34499] INFO  server.session (HouseKeeper.java:startScavenging(140)) - node0 Scavenging every 600000ms
2020-08-16 01:32:56,234 [Listener at 127.0.0.1/34499] INFO  handler.ContextHandler (ContextHandler.java:doStart(825)) - Started o.e.j.s.ServletContextHandler@105b895e{logs,/logs,file:///github/workspace/mnt/ozone/hadoop-ozone/integration-test/target/log,AVAILABLE}
2020-08-16 01:32:56,234 [Listener at 127.0.0.1/34499] INFO  handler.ContextHandler (ContextHandler.java:doStart(825)) - Started o.e.j.s.ServletContextHandler@2fee54a6{static,/static,jar:file:/home/user/.m2/repository/org/apache/hadoop/hadoop-hdds-container-service/0.6.0-SNAPSHOT/hadoop-hdds-container-service-0.6.0-SNAPSHOT.jar!/webapps/static,AVAILABLE}
2020-08-16 01:32:56,315 [Listener at 127.0.0.1/34499] INFO  handler.ContextHandler (ContextHandler.java:doStart(825)) - Started o.e.j.w.WebAppContext@3035c45b{hddsDatanode,/,file:///tmp/jetty-0_0_0_0-45707-hadoop-hdds-container-service-0_6_0-SNAPSHOT_jar-_-any-4717318322350701024.dir/webapp/,AVAILABLE}{jar:file:/home/user/.m2/repository/org/apache/hadoop/hadoop-hdds-container-service/0.6.0-SNAPSHOT/hadoop-hdds-container-service-0.6.0-SNAPSHOT.jar!/webapps/hddsDatanode}
2020-08-16 01:32:56,316 [Listener at 127.0.0.1/34499] INFO  server.AbstractConnector (AbstractConnector.java:doStart(330)) - Started ServerConnector@2cde9da5{HTTP/1.1,[http/1.1]}{0.0.0.0:45707}
2020-08-16 01:32:56,316 [Listener at 127.0.0.1/34499] INFO  server.Server (Server.java:doStart(399)) - Started @46688ms
2020-08-16 01:32:56,316 [Listener at 127.0.0.1/34499] WARN  impl.MetricsSystemImpl (MetricsSystemImpl.java:register(276)) - Sink prometheus already exists!
2020-08-16 01:32:56,320 [Listener at 127.0.0.1/34499] INFO  http.BaseHttpServer (BaseHttpServer.java:updateConnectorAddress(327)) - HTTP server of hddsDatanode listening at http://0.0.0.0:45707
2020-08-16 01:32:56,324 [Listener at 127.0.0.1/34499] INFO  impl.MetricsSystemImpl (MetricsSystemImpl.java:init(158)) - HddsDatanode metrics system started (again)
2020-08-16 01:32:56,326 [Listener at 127.0.0.1/34499] INFO  ozone.HddsDatanodeService (HddsDatanodeService.java:start(217)) - HddsDatanodeService host:bb0b45a2c250 ip:172.17.0.2
2020-08-16 01:32:56,327 [org.apache.hadoop.util.JvmPauseMonitor$Monitor@4cf1856a] INFO  util.JvmPauseMonitor (JvmPauseMonitor.java:run(188)) - Starting JVM pause monitor
2020-08-16 01:32:56,328 [Listener at 127.0.0.1/34499] INFO  volume.HddsVolume (HddsVolume.java:<init>(176)) - Creating Volume: /github/workspace/mnt/ozone/hadoop-ozone/integration-test/target/test-dir/MiniOzoneClusterImpl-c38a1ae0-e263-4e30-b27e-4e0674c9e28f/datanode-2/data-0/containers/hdds of storage type : DISK and capacity : 9223372036854775807
2020-08-16 01:32:56,328 [Listener at 127.0.0.1/34499] INFO  volume.MutableVolumeSet (MutableVolumeSet.java:initializeVolumeSet(179)) - Added Volume : /github/workspace/mnt/ozone/hadoop-ozone/integration-test/target/test-dir/MiniOzoneClusterImpl-c38a1ae0-e263-4e30-b27e-4e0674c9e28f/datanode-2/data-0/containers/hdds to VolumeSet
2020-08-16 01:32:56,328 [Listener at 127.0.0.1/34499] INFO  volume.ThrottledAsyncChecker (ThrottledAsyncChecker.java:schedule(141)) - Scheduling a check for /github/workspace/mnt/ozone/hadoop-ozone/integration-test/target/test-dir/MiniOzoneClusterImpl-c38a1ae0-e263-4e30-b27e-4e0674c9e28f/datanode-2/data-0/containers/hdds
2020-08-16 01:32:56,329 [Datanode State Machine Task Thread - 0] INFO  datanode.InitDatanodeState (InitDatanodeState.java:persistContainerDatanodeDetails(145)) - DatanodeDetails is persisted to /github/workspace/mnt/ozone/hadoop-ozone/integration-test/target/test-dir/MiniOzoneClusterImpl-c38a1ae0-e263-4e30-b27e-4e0674c9e28f/datanode-1/meta/datanode.id
2020-08-16 01:32:56,330 [Listener at 127.0.0.1/34499] INFO  volume.HddsVolumeChecker (HddsVolumeChecker.java:checkAllVolumes(200)) - Scheduled health check for volume /github/workspace/mnt/ozone/hadoop-ozone/integration-test/target/test-dir/MiniOzoneClusterImpl-c38a1ae0-e263-4e30-b27e-4e0674c9e28f/datanode-2/data-0/containers/hdds
2020-08-16 01:32:56,346 [Thread-511] INFO  ozoneimpl.ContainerReader (ContainerReader.java:readVolume(123)) - Start to verify containers on volume /github/workspace/mnt/ozone/hadoop-ozone/integration-test/target/test-dir/MiniOzoneClusterImpl-c38a1ae0-e263-4e30-b27e-4e0674c9e28f/datanode-2/data-0/containers/hdds
2020-08-16 01:32:56,346 [Thread-511] INFO  ozoneimpl.ContainerReader (ContainerReader.java:readVolume(148)) - Finish verifying containers on volume /github/workspace/mnt/ozone/hadoop-ozone/integration-test/target/test-dir/MiniOzoneClusterImpl-c38a1ae0-e263-4e30-b27e-4e0674c9e28f/datanode-2/data-0/containers/hdds
2020-08-16 01:32:56,346 [Listener at 127.0.0.1/34499] INFO  ozoneimpl.OzoneContainer (OzoneContainer.java:buildContainerSet(196)) - Build ContainerSet costs 0s
2020-08-16 01:32:56,349 [Listener at 127.0.0.1/34499] INFO  impl.RaftServerProxy (ConfUtils.java:logGet(44)) - raft.rpc.type = GRPC (default)
2020-08-16 01:32:56,349 [Listener at 127.0.0.1/34499] INFO  grpc.GrpcFactory (GrpcFactory.java:checkPooledByteBufAllocatorUseCacheForAllThreads(45)) - PERFORMANCE WARNING: useCacheForAllThreads is true that may cause Netty to create a lot garbage objects and, as a result, trigger GC.
	It is recommended to disable useCacheForAllThreads by setting -Dorg.apache.ratis.thirdparty.io.netty.allocator.useCacheForAllThreads=false in command line.
2020-08-16 01:32:56,349 [Listener at 127.0.0.1/34499] INFO  grpc.GrpcConfigKeys (ConfUtils.java:logGet(44)) - raft.grpc.server.port = 0 (default)
2020-08-16 01:32:56,349 [Listener at 127.0.0.1/34499] INFO  server.GrpcService (ConfUtils.java:logGet(44)) - raft.grpc.message.size.max = 32MB (=33554432) (custom)
2020-08-16 01:32:56,350 [Listener at 127.0.0.1/34499] INFO  server.RaftServerConfigKeys (ConfUtils.java:logGet(44)) - raft.server.log.appender.buffer.byte-limit = 33554432 (custom)
2020-08-16 01:32:56,350 [Listener at 127.0.0.1/34499] INFO  server.GrpcService (ConfUtils.java:logGet(44)) - raft.grpc.flow.control.window = 5MB (=5242880) (custom)
2020-08-16 01:32:56,350 [Listener at 127.0.0.1/34499] INFO  server.RaftServerConfigKeys (ConfUtils.java:logGet(44)) - raft.server.rpc.request.timeout = 60s (custom)
2020-08-16 01:32:56,351 [Listener at 127.0.0.1/34499] INFO  server.RaftServerConfigKeys (ConfUtils.java:logGet(44)) - raft.server.storage.dir = [/github/workspace/mnt/ozone/hadoop-ozone/integration-test/target/test-dir/MiniOzoneClusterImpl-c38a1ae0-e263-4e30-b27e-4e0674c9e28f/datanode-2/data/ratis] (custom)
2020-08-16 01:32:56,355 [Listener at 127.0.0.1/34499] INFO  http.BaseHttpServer (BaseHttpServer.java:newHttpServer2BuilderForOzone(207)) - Starting Web-server for hddsDatanode at: http://0.0.0.0:0
2020-08-16 01:32:56,355 [Listener at 127.0.0.1/34499] INFO  http.BaseHttpServer (BaseHttpServer.java:<init>(106)) - Hadoop Security Enabled: false Ozone Security Enabled: false Ozone HTTP Security Enabled: false 
2020-08-16 01:32:56,356 [Listener at 127.0.0.1/34499] INFO  server.AuthenticationFilter (AuthenticationFilter.java:constructSecretProvider(240)) - Unable to initialize FileSignerSecretProvider, falling back to use random secrets.
2020-08-16 01:32:56,356 [Listener at 127.0.0.1/34499] WARN  http.HttpRequestLog (HttpRequestLog.java:getRequestLog(103)) - Jetty request log can only be enabled using Log4j
2020-08-16 01:32:56,357 [Listener at 127.0.0.1/34499] INFO  http.HttpServer2 (HttpServer2.java:addGlobalFilter(1019)) - Added global filter 'safety' (class=org.apache.hadoop.hdds.server.http.HttpServer2$QuotingInputFilter)
2020-08-16 01:32:56,358 [Listener at 127.0.0.1/34499] INFO  http.HttpServer2 (HttpServer2.java:addFilter(995)) - Added filter static_user_filter (class=org.apache.hadoop.http.lib.StaticUserWebFilter$StaticUserFilter) to context hddsDatanode
2020-08-16 01:32:56,358 [Listener at 127.0.0.1/34499] INFO  http.HttpServer2 (HttpServer2.java:addFilter(1003)) - Added filter static_user_filter (class=org.apache.hadoop.http.lib.StaticUserWebFilter$StaticUserFilter) to context logs
2020-08-16 01:32:56,358 [Listener at 127.0.0.1/34499] INFO  http.HttpServer2 (HttpServer2.java:addFilter(1003)) - Added filter static_user_filter (class=org.apache.hadoop.http.lib.StaticUserWebFilter$StaticUserFilter) to context static
2020-08-16 01:32:56,358 [Listener at 127.0.0.1/34499] INFO  http.HttpServer2 (HttpServer2.java:bindListener(1237)) - Jetty bound to port 36879
2020-08-16 01:32:56,359 [Listener at 127.0.0.1/34499] INFO  server.Server (Server.java:doStart(359)) - jetty-9.4.26.v20200117; built: 2020-01-17T12:35:33.676Z; git: 7b38981d25d14afb4a12ff1f2596756144edf695; jvm 1.8.0_232-b09
2020-08-16 01:32:56,361 [Listener at 127.0.0.1/34499] INFO  server.session (DefaultSessionIdManager.java:doStart(333)) - DefaultSessionIdManager workerName=node0
2020-08-16 01:32:56,361 [Listener at 127.0.0.1/34499] INFO  server.session (DefaultSessionIdManager.java:doStart(338)) - No SessionScavenger set, using defaults
2020-08-16 01:32:56,362 [Listener at 127.0.0.1/34499] INFO  server.session (HouseKeeper.java:startScavenging(140)) - node0 Scavenging every 660000ms
2020-08-16 01:32:56,362 [Listener at 127.0.0.1/34499] INFO  handler.ContextHandler (ContextHandler.java:doStart(825)) - Started o.e.j.s.ServletContextHandler@313d4d87{logs,/logs,file:///github/workspace/mnt/ozone/hadoop-ozone/integration-test/target/log,AVAILABLE}
2020-08-16 01:32:56,363 [Listener at 127.0.0.1/34499] INFO  handler.ContextHandler (ContextHandler.java:doStart(825)) - Started o.e.j.s.ServletContextHandler@1778e612{static,/static,jar:file:/home/user/.m2/repository/org/apache/hadoop/hadoop-hdds-container-service/0.6.0-SNAPSHOT/hadoop-hdds-container-service-0.6.0-SNAPSHOT.jar!/webapps/static,AVAILABLE}
2020-08-16 01:32:56,475 [Listener at 127.0.0.1/34499] INFO  handler.ContextHandler (ContextHandler.java:doStart(825)) - Started o.e.j.w.WebAppContext@5e003eec{hddsDatanode,/,file:///tmp/jetty-0_0_0_0-36879-hadoop-hdds-container-service-0_6_0-SNAPSHOT_jar-_-any-1391019665988138375.dir/webapp/,AVAILABLE}{jar:file:/home/user/.m2/repository/org/apache/hadoop/hadoop-hdds-container-service/0.6.0-SNAPSHOT/hadoop-hdds-container-service-0.6.0-SNAPSHOT.jar!/webapps/hddsDatanode}
2020-08-16 01:32:56,476 [Listener at 127.0.0.1/34499] INFO  server.AbstractConnector (AbstractConnector.java:doStart(330)) - Started ServerConnector@7570d6ae{HTTP/1.1,[http/1.1]}{0.0.0.0:36879}
2020-08-16 01:32:56,477 [Listener at 127.0.0.1/34499] INFO  server.Server (Server.java:doStart(399)) - Started @46848ms
2020-08-16 01:32:56,477 [Listener at 127.0.0.1/34499] WARN  impl.MetricsSystemImpl (MetricsSystemImpl.java:register(276)) - Sink prometheus already exists!
2020-08-16 01:32:56,480 [Listener at 127.0.0.1/34499] INFO  http.BaseHttpServer (BaseHttpServer.java:updateConnectorAddress(327)) - HTTP server of hddsDatanode listening at http://0.0.0.0:36879
2020-08-16 01:32:56,482 [Listener at 127.0.0.1/34499] INFO  impl.MetricsSystemImpl (MetricsSystemImpl.java:init(158)) - HddsDatanode metrics system started (again)
2020-08-16 01:32:56,484 [Listener at 127.0.0.1/34499] INFO  ozone.HddsDatanodeService (HddsDatanodeService.java:start(217)) - HddsDatanodeService host:bb0b45a2c250 ip:172.17.0.2
2020-08-16 01:32:56,485 [Listener at 127.0.0.1/34499] INFO  volume.HddsVolume (HddsVolume.java:<init>(176)) - Creating Volume: /github/workspace/mnt/ozone/hadoop-ozone/integration-test/target/test-dir/MiniOzoneClusterImpl-c38a1ae0-e263-4e30-b27e-4e0674c9e28f/datanode-3/data-0/containers/hdds of storage type : DISK and capacity : 9223372036854775807
2020-08-16 01:32:56,485 [Listener at 127.0.0.1/34499] INFO  volume.MutableVolumeSet (MutableVolumeSet.java:initializeVolumeSet(179)) - Added Volume : /github/workspace/mnt/ozone/hadoop-ozone/integration-test/target/test-dir/MiniOzoneClusterImpl-c38a1ae0-e263-4e30-b27e-4e0674c9e28f/datanode-3/data-0/containers/hdds to VolumeSet
2020-08-16 01:32:56,486 [Listener at 127.0.0.1/34499] INFO  volume.ThrottledAsyncChecker (ThrottledAsyncChecker.java:schedule(141)) - Scheduling a check for /github/workspace/mnt/ozone/hadoop-ozone/integration-test/target/test-dir/MiniOzoneClusterImpl-c38a1ae0-e263-4e30-b27e-4e0674c9e28f/datanode-3/data-0/containers/hdds
2020-08-16 01:32:56,489 [Listener at 127.0.0.1/34499] INFO  volume.HddsVolumeChecker (HddsVolumeChecker.java:checkAllVolumes(200)) - Scheduled health check for volume /github/workspace/mnt/ozone/hadoop-ozone/integration-test/target/test-dir/MiniOzoneClusterImpl-c38a1ae0-e263-4e30-b27e-4e0674c9e28f/datanode-3/data-0/containers/hdds
2020-08-16 01:32:56,506 [org.apache.hadoop.util.JvmPauseMonitor$Monitor@6b822c79] INFO  util.JvmPauseMonitor (JvmPauseMonitor.java:run(188)) - Starting JVM pause monitor
2020-08-16 01:32:56,506 [Thread-522] INFO  ozoneimpl.ContainerReader (ContainerReader.java:readVolume(123)) - Start to verify containers on volume /github/workspace/mnt/ozone/hadoop-ozone/integration-test/target/test-dir/MiniOzoneClusterImpl-c38a1ae0-e263-4e30-b27e-4e0674c9e28f/datanode-3/data-0/containers/hdds
2020-08-16 01:32:56,506 [Thread-522] INFO  ozoneimpl.ContainerReader (ContainerReader.java:readVolume(148)) - Finish verifying containers on volume /github/workspace/mnt/ozone/hadoop-ozone/integration-test/target/test-dir/MiniOzoneClusterImpl-c38a1ae0-e263-4e30-b27e-4e0674c9e28f/datanode-3/data-0/containers/hdds
2020-08-16 01:32:56,506 [Listener at 127.0.0.1/34499] INFO  ozoneimpl.OzoneContainer (OzoneContainer.java:buildContainerSet(196)) - Build ContainerSet costs 0s
2020-08-16 01:32:56,509 [Listener at 127.0.0.1/34499] INFO  impl.RaftServerProxy (ConfUtils.java:logGet(44)) - raft.rpc.type = GRPC (default)
2020-08-16 01:32:56,509 [Listener at 127.0.0.1/34499] INFO  grpc.GrpcFactory (GrpcFactory.java:checkPooledByteBufAllocatorUseCacheForAllThreads(45)) - PERFORMANCE WARNING: useCacheForAllThreads is true that may cause Netty to create a lot garbage objects and, as a result, trigger GC.
	It is recommended to disable useCacheForAllThreads by setting -Dorg.apache.ratis.thirdparty.io.netty.allocator.useCacheForAllThreads=false in command line.
2020-08-16 01:32:56,509 [Listener at 127.0.0.1/34499] INFO  grpc.GrpcConfigKeys (ConfUtils.java:logGet(44)) - raft.grpc.server.port = 0 (default)
2020-08-16 01:32:56,509 [Listener at 127.0.0.1/34499] INFO  server.GrpcService (ConfUtils.java:logGet(44)) - raft.grpc.message.size.max = 32MB (=33554432) (custom)
2020-08-16 01:32:56,509 [Listener at 127.0.0.1/34499] INFO  server.RaftServerConfigKeys (ConfUtils.java:logGet(44)) - raft.server.log.appender.buffer.byte-limit = 33554432 (custom)
2020-08-16 01:32:56,509 [Listener at 127.0.0.1/34499] INFO  server.GrpcService (ConfUtils.java:logGet(44)) - raft.grpc.flow.control.window = 5MB (=5242880) (custom)
2020-08-16 01:32:56,510 [Listener at 127.0.0.1/34499] INFO  server.RaftServerConfigKeys (ConfUtils.java:logGet(44)) - raft.server.rpc.request.timeout = 60s (custom)
2020-08-16 01:32:56,511 [Listener at 127.0.0.1/34499] INFO  server.RaftServerConfigKeys (ConfUtils.java:logGet(44)) - raft.server.storage.dir = [/github/workspace/mnt/ozone/hadoop-ozone/integration-test/target/test-dir/MiniOzoneClusterImpl-c38a1ae0-e263-4e30-b27e-4e0674c9e28f/datanode-3/data/ratis] (custom)
2020-08-16 01:32:56,515 [Listener at 127.0.0.1/34499] INFO  http.BaseHttpServer (BaseHttpServer.java:newHttpServer2BuilderForOzone(207)) - Starting Web-server for hddsDatanode at: http://0.0.0.0:0
2020-08-16 01:32:56,515 [Listener at 127.0.0.1/34499] INFO  http.BaseHttpServer (BaseHttpServer.java:<init>(106)) - Hadoop Security Enabled: false Ozone Security Enabled: false Ozone HTTP Security Enabled: false 
2020-08-16 01:32:56,516 [Listener at 127.0.0.1/34499] INFO  server.AuthenticationFilter (AuthenticationFilter.java:constructSecretProvider(240)) - Unable to initialize FileSignerSecretProvider, falling back to use random secrets.
2020-08-16 01:32:56,516 [Listener at 127.0.0.1/34499] WARN  http.HttpRequestLog (HttpRequestLog.java:getRequestLog(103)) - Jetty request log can only be enabled using Log4j
2020-08-16 01:32:56,517 [Listener at 127.0.0.1/34499] INFO  http.HttpServer2 (HttpServer2.java:addGlobalFilter(1019)) - Added global filter 'safety' (class=org.apache.hadoop.hdds.server.http.HttpServer2$QuotingInputFilter)
2020-08-16 01:32:56,518 [Listener at 127.0.0.1/34499] INFO  http.HttpServer2 (HttpServer2.java:addFilter(995)) - Added filter static_user_filter (class=org.apache.hadoop.http.lib.StaticUserWebFilter$StaticUserFilter) to context hddsDatanode
2020-08-16 01:32:56,518 [Listener at 127.0.0.1/34499] INFO  http.HttpServer2 (HttpServer2.java:addFilter(1003)) - Added filter static_user_filter (class=org.apache.hadoop.http.lib.StaticUserWebFilter$StaticUserFilter) to context static
2020-08-16 01:32:56,518 [Listener at 127.0.0.1/34499] INFO  http.HttpServer2 (HttpServer2.java:addFilter(1003)) - Added filter static_user_filter (class=org.apache.hadoop.http.lib.StaticUserWebFilter$StaticUserFilter) to context logs
2020-08-16 01:32:56,518 [Datanode State Machine Task Thread - 0] INFO  datanode.InitDatanodeState (InitDatanodeState.java:persistContainerDatanodeDetails(145)) - DatanodeDetails is persisted to /github/workspace/mnt/ozone/hadoop-ozone/integration-test/target/test-dir/MiniOzoneClusterImpl-c38a1ae0-e263-4e30-b27e-4e0674c9e28f/datanode-2/meta/datanode.id
2020-08-16 01:32:56,518 [Listener at 127.0.0.1/34499] INFO  http.HttpServer2 (HttpServer2.java:bindListener(1237)) - Jetty bound to port 36955
2020-08-16 01:32:56,518 [Listener at 127.0.0.1/34499] INFO  server.Server (Server.java:doStart(359)) - jetty-9.4.26.v20200117; built: 2020-01-17T12:35:33.676Z; git: 7b38981d25d14afb4a12ff1f2596756144edf695; jvm 1.8.0_232-b09
2020-08-16 01:32:56,520 [Listener at 127.0.0.1/34499] INFO  server.session (DefaultSessionIdManager.java:doStart(333)) - DefaultSessionIdManager workerName=node0
2020-08-16 01:32:56,520 [Listener at 127.0.0.1/34499] INFO  server.session (DefaultSessionIdManager.java:doStart(338)) - No SessionScavenger set, using defaults
2020-08-16 01:32:56,521 [Listener at 127.0.0.1/34499] INFO  server.session (HouseKeeper.java:startScavenging(140)) - node0 Scavenging every 600000ms
2020-08-16 01:32:56,521 [Listener at 127.0.0.1/34499] INFO  handler.ContextHandler (ContextHandler.java:doStart(825)) - Started o.e.j.s.ServletContextHandler@2777a97a{logs,/logs,file:///github/workspace/mnt/ozone/hadoop-ozone/integration-test/target/log,AVAILABLE}
2020-08-16 01:32:56,522 [Listener at 127.0.0.1/34499] INFO  handler.ContextHandler (ContextHandler.java:doStart(825)) - Started o.e.j.s.ServletContextHandler@3461fe57{static,/static,jar:file:/home/user/.m2/repository/org/apache/hadoop/hadoop-hdds-container-service/0.6.0-SNAPSHOT/hadoop-hdds-container-service-0.6.0-SNAPSHOT.jar!/webapps/static,AVAILABLE}
2020-08-16 01:32:56,609 [Listener at 127.0.0.1/34499] INFO  handler.ContextHandler (ContextHandler.java:doStart(825)) - Started o.e.j.w.WebAppContext@45a248da{hddsDatanode,/,file:///tmp/jetty-0_0_0_0-36955-hadoop-hdds-container-service-0_6_0-SNAPSHOT_jar-_-any-5278467045523160141.dir/webapp/,AVAILABLE}{jar:file:/home/user/.m2/repository/org/apache/hadoop/hadoop-hdds-container-service/0.6.0-SNAPSHOT/hadoop-hdds-container-service-0.6.0-SNAPSHOT.jar!/webapps/hddsDatanode}
2020-08-16 01:32:56,611 [Listener at 127.0.0.1/34499] INFO  server.AbstractConnector (AbstractConnector.java:doStart(330)) - Started ServerConnector@3e208c5f{HTTP/1.1,[http/1.1]}{0.0.0.0:36955}
2020-08-16 01:32:56,611 [Listener at 127.0.0.1/34499] INFO  server.Server (Server.java:doStart(399)) - Started @46983ms
2020-08-16 01:32:56,612 [Listener at 127.0.0.1/34499] WARN  impl.MetricsSystemImpl (MetricsSystemImpl.java:register(276)) - Sink prometheus already exists!
2020-08-16 01:32:56,622 [Listener at 127.0.0.1/34499] INFO  http.BaseHttpServer (BaseHttpServer.java:updateConnectorAddress(327)) - HTTP server of hddsDatanode listening at http://0.0.0.0:36955
2020-08-16 01:32:56,628 [Listener at 127.0.0.1/34499] INFO  impl.MetricsSystemImpl (MetricsSystemImpl.java:init(158)) - HddsDatanode metrics system started (again)
2020-08-16 01:32:56,630 [Listener at 127.0.0.1/34499] INFO  ozone.HddsDatanodeService (HddsDatanodeService.java:start(217)) - HddsDatanodeService host:bb0b45a2c250 ip:172.17.0.2
2020-08-16 01:32:56,632 [Listener at 127.0.0.1/34499] INFO  volume.HddsVolume (HddsVolume.java:<init>(176)) - Creating Volume: /github/workspace/mnt/ozone/hadoop-ozone/integration-test/target/test-dir/MiniOzoneClusterImpl-c38a1ae0-e263-4e30-b27e-4e0674c9e28f/datanode-4/data-0/containers/hdds of storage type : DISK and capacity : 9223372036854775807
2020-08-16 01:32:56,632 [Listener at 127.0.0.1/34499] INFO  volume.MutableVolumeSet (MutableVolumeSet.java:initializeVolumeSet(179)) - Added Volume : /github/workspace/mnt/ozone/hadoop-ozone/integration-test/target/test-dir/MiniOzoneClusterImpl-c38a1ae0-e263-4e30-b27e-4e0674c9e28f/datanode-4/data-0/containers/hdds to VolumeSet
2020-08-16 01:32:56,632 [Listener at 127.0.0.1/34499] INFO  volume.ThrottledAsyncChecker (ThrottledAsyncChecker.java:schedule(141)) - Scheduling a check for /github/workspace/mnt/ozone/hadoop-ozone/integration-test/target/test-dir/MiniOzoneClusterImpl-c38a1ae0-e263-4e30-b27e-4e0674c9e28f/datanode-4/data-0/containers/hdds
2020-08-16 01:32:56,633 [Listener at 127.0.0.1/34499] INFO  volume.HddsVolumeChecker (HddsVolumeChecker.java:checkAllVolumes(200)) - Scheduled health check for volume /github/workspace/mnt/ozone/hadoop-ozone/integration-test/target/test-dir/MiniOzoneClusterImpl-c38a1ae0-e263-4e30-b27e-4e0674c9e28f/datanode-4/data-0/containers/hdds
2020-08-16 01:32:56,643 [org.apache.hadoop.util.JvmPauseMonitor$Monitor@646625cf] INFO  util.JvmPauseMonitor (JvmPauseMonitor.java:run(188)) - Starting JVM pause monitor
2020-08-16 01:32:56,650 [Datanode State Machine Task Thread - 0] INFO  datanode.InitDatanodeState (InitDatanodeState.java:persistContainerDatanodeDetails(145)) - DatanodeDetails is persisted to /github/workspace/mnt/ozone/hadoop-ozone/integration-test/target/test-dir/MiniOzoneClusterImpl-c38a1ae0-e263-4e30-b27e-4e0674c9e28f/datanode-3/meta/datanode.id
2020-08-16 01:32:56,652 [Thread-533] INFO  ozoneimpl.ContainerReader (ContainerReader.java:readVolume(123)) - Start to verify containers on volume /github/workspace/mnt/ozone/hadoop-ozone/integration-test/target/test-dir/MiniOzoneClusterImpl-c38a1ae0-e263-4e30-b27e-4e0674c9e28f/datanode-4/data-0/containers/hdds
2020-08-16 01:32:56,652 [Thread-533] INFO  ozoneimpl.ContainerReader (ContainerReader.java:readVolume(148)) - Finish verifying containers on volume /github/workspace/mnt/ozone/hadoop-ozone/integration-test/target/test-dir/MiniOzoneClusterImpl-c38a1ae0-e263-4e30-b27e-4e0674c9e28f/datanode-4/data-0/containers/hdds
2020-08-16 01:32:56,652 [Listener at 127.0.0.1/34499] INFO  ozoneimpl.OzoneContainer (OzoneContainer.java:buildContainerSet(196)) - Build ContainerSet costs 0s
2020-08-16 01:32:56,655 [Listener at 127.0.0.1/34499] INFO  impl.RaftServerProxy (ConfUtils.java:logGet(44)) - raft.rpc.type = GRPC (default)
2020-08-16 01:32:56,655 [Listener at 127.0.0.1/34499] INFO  grpc.GrpcFactory (GrpcFactory.java:checkPooledByteBufAllocatorUseCacheForAllThreads(45)) - PERFORMANCE WARNING: useCacheForAllThreads is true that may cause Netty to create a lot garbage objects and, as a result, trigger GC.
	It is recommended to disable useCacheForAllThreads by setting -Dorg.apache.ratis.thirdparty.io.netty.allocator.useCacheForAllThreads=false in command line.
2020-08-16 01:32:56,655 [Listener at 127.0.0.1/34499] INFO  grpc.GrpcConfigKeys (ConfUtils.java:logGet(44)) - raft.grpc.server.port = 0 (default)
2020-08-16 01:32:56,655 [Listener at 127.0.0.1/34499] INFO  server.GrpcService (ConfUtils.java:logGet(44)) - raft.grpc.message.size.max = 32MB (=33554432) (custom)
2020-08-16 01:32:56,655 [Listener at 127.0.0.1/34499] INFO  server.RaftServerConfigKeys (ConfUtils.java:logGet(44)) - raft.server.log.appender.buffer.byte-limit = 33554432 (custom)
2020-08-16 01:32:56,655 [Listener at 127.0.0.1/34499] INFO  server.GrpcService (ConfUtils.java:logGet(44)) - raft.grpc.flow.control.window = 5MB (=5242880) (custom)
2020-08-16 01:32:56,656 [Listener at 127.0.0.1/34499] INFO  server.RaftServerConfigKeys (ConfUtils.java:logGet(44)) - raft.server.rpc.request.timeout = 60s (custom)
2020-08-16 01:32:56,657 [Listener at 127.0.0.1/34499] INFO  server.RaftServerConfigKeys (ConfUtils.java:logGet(44)) - raft.server.storage.dir = [/github/workspace/mnt/ozone/hadoop-ozone/integration-test/target/test-dir/MiniOzoneClusterImpl-c38a1ae0-e263-4e30-b27e-4e0674c9e28f/datanode-4/data/ratis] (custom)
2020-08-16 01:32:56,661 [Listener at 127.0.0.1/34499] INFO  http.BaseHttpServer (BaseHttpServer.java:newHttpServer2BuilderForOzone(207)) - Starting Web-server for hddsDatanode at: http://0.0.0.0:0
2020-08-16 01:32:56,661 [Listener at 127.0.0.1/34499] INFO  http.BaseHttpServer (BaseHttpServer.java:<init>(106)) - Hadoop Security Enabled: false Ozone Security Enabled: false Ozone HTTP Security Enabled: false 
2020-08-16 01:32:56,662 [Listener at 127.0.0.1/34499] INFO  server.AuthenticationFilter (AuthenticationFilter.java:constructSecretProvider(240)) - Unable to initialize FileSignerSecretProvider, falling back to use random secrets.
2020-08-16 01:32:56,663 [Listener at 127.0.0.1/34499] WARN  http.HttpRequestLog (HttpRequestLog.java:getRequestLog(103)) - Jetty request log can only be enabled using Log4j
2020-08-16 01:32:56,663 [Listener at 127.0.0.1/34499] INFO  http.HttpServer2 (HttpServer2.java:addGlobalFilter(1019)) - Added global filter 'safety' (class=org.apache.hadoop.hdds.server.http.HttpServer2$QuotingInputFilter)
2020-08-16 01:32:56,664 [Listener at 127.0.0.1/34499] INFO  http.HttpServer2 (HttpServer2.java:addFilter(995)) - Added filter static_user_filter (class=org.apache.hadoop.http.lib.StaticUserWebFilter$StaticUserFilter) to context hddsDatanode
2020-08-16 01:32:56,664 [Listener at 127.0.0.1/34499] INFO  http.HttpServer2 (HttpServer2.java:addFilter(1003)) - Added filter static_user_filter (class=org.apache.hadoop.http.lib.StaticUserWebFilter$StaticUserFilter) to context logs
2020-08-16 01:32:56,664 [Listener at 127.0.0.1/34499] INFO  http.HttpServer2 (HttpServer2.java:addFilter(1003)) - Added filter static_user_filter (class=org.apache.hadoop.http.lib.StaticUserWebFilter$StaticUserFilter) to context static
2020-08-16 01:32:56,665 [Listener at 127.0.0.1/34499] INFO  http.HttpServer2 (HttpServer2.java:bindListener(1237)) - Jetty bound to port 39763
2020-08-16 01:32:56,665 [Listener at 127.0.0.1/34499] INFO  server.Server (Server.java:doStart(359)) - jetty-9.4.26.v20200117; built: 2020-01-17T12:35:33.676Z; git: 7b38981d25d14afb4a12ff1f2596756144edf695; jvm 1.8.0_232-b09
2020-08-16 01:32:56,668 [Listener at 127.0.0.1/34499] INFO  server.session (DefaultSessionIdManager.java:doStart(333)) - DefaultSessionIdManager workerName=node0
2020-08-16 01:32:56,668 [Listener at 127.0.0.1/34499] INFO  server.session (DefaultSessionIdManager.java:doStart(338)) - No SessionScavenger set, using defaults
2020-08-16 01:32:56,668 [Listener at 127.0.0.1/34499] INFO  server.session (HouseKeeper.java:startScavenging(140)) - node0 Scavenging every 660000ms
2020-08-16 01:32:56,669 [Listener at 127.0.0.1/34499] INFO  handler.ContextHandler (ContextHandler.java:doStart(825)) - Started o.e.j.s.ServletContextHandler@745b425{logs,/logs,file:///github/workspace/mnt/ozone/hadoop-ozone/integration-test/target/log,AVAILABLE}
2020-08-16 01:32:56,669 [Listener at 127.0.0.1/34499] INFO  handler.ContextHandler (ContextHandler.java:doStart(825)) - Started o.e.j.s.ServletContextHandler@1bddac44{static,/static,jar:file:/home/user/.m2/repository/org/apache/hadoop/hadoop-hdds-container-service/0.6.0-SNAPSHOT/hadoop-hdds-container-service-0.6.0-SNAPSHOT.jar!/webapps/static,AVAILABLE}
2020-08-16 01:32:56,762 [Listener at 127.0.0.1/34499] INFO  handler.ContextHandler (ContextHandler.java:doStart(825)) - Started o.e.j.w.WebAppContext@6a690795{hddsDatanode,/,file:///tmp/jetty-0_0_0_0-39763-hadoop-hdds-container-service-0_6_0-SNAPSHOT_jar-_-any-5252912775126676584.dir/webapp/,AVAILABLE}{jar:file:/home/user/.m2/repository/org/apache/hadoop/hadoop-hdds-container-service/0.6.0-SNAPSHOT/hadoop-hdds-container-service-0.6.0-SNAPSHOT.jar!/webapps/hddsDatanode}
2020-08-16 01:32:56,764 [Listener at 127.0.0.1/34499] INFO  server.AbstractConnector (AbstractConnector.java:doStart(330)) - Started ServerConnector@51647a05{HTTP/1.1,[http/1.1]}{0.0.0.0:39763}
2020-08-16 01:32:56,764 [Listener at 127.0.0.1/34499] INFO  server.Server (Server.java:doStart(399)) - Started @47136ms
2020-08-16 01:32:56,764 [Listener at 127.0.0.1/34499] WARN  impl.MetricsSystemImpl (MetricsSystemImpl.java:register(276)) - Sink prometheus already exists!
2020-08-16 01:32:56,767 [Listener at 127.0.0.1/34499] INFO  http.BaseHttpServer (BaseHttpServer.java:updateConnectorAddress(327)) - HTTP server of hddsDatanode listening at http://0.0.0.0:39763
2020-08-16 01:32:56,768 [Listener at 127.0.0.1/34499] INFO  impl.MetricsSystemImpl (MetricsSystemImpl.java:init(158)) - HddsDatanode metrics system started (again)
2020-08-16 01:32:56,771 [Listener at 127.0.0.1/34499] INFO  ozone.HddsDatanodeService (HddsDatanodeService.java:start(217)) - HddsDatanodeService host:bb0b45a2c250 ip:172.17.0.2
2020-08-16 01:32:56,773 [Listener at 127.0.0.1/34499] INFO  volume.HddsVolume (HddsVolume.java:<init>(176)) - Creating Volume: /github/workspace/mnt/ozone/hadoop-ozone/integration-test/target/test-dir/MiniOzoneClusterImpl-c38a1ae0-e263-4e30-b27e-4e0674c9e28f/datanode-5/data-0/containers/hdds of storage type : DISK and capacity : 9223372036854775807
2020-08-16 01:32:56,773 [Listener at 127.0.0.1/34499] INFO  volume.MutableVolumeSet (MutableVolumeSet.java:initializeVolumeSet(179)) - Added Volume : /github/workspace/mnt/ozone/hadoop-ozone/integration-test/target/test-dir/MiniOzoneClusterImpl-c38a1ae0-e263-4e30-b27e-4e0674c9e28f/datanode-5/data-0/containers/hdds to VolumeSet
2020-08-16 01:32:56,773 [Listener at 127.0.0.1/34499] INFO  volume.ThrottledAsyncChecker (ThrottledAsyncChecker.java:schedule(141)) - Scheduling a check for /github/workspace/mnt/ozone/hadoop-ozone/integration-test/target/test-dir/MiniOzoneClusterImpl-c38a1ae0-e263-4e30-b27e-4e0674c9e28f/datanode-5/data-0/containers/hdds
2020-08-16 01:32:56,776 [Listener at 127.0.0.1/34499] INFO  volume.HddsVolumeChecker (HddsVolumeChecker.java:checkAllVolumes(200)) - Scheduled health check for volume /github/workspace/mnt/ozone/hadoop-ozone/integration-test/target/test-dir/MiniOzoneClusterImpl-c38a1ae0-e263-4e30-b27e-4e0674c9e28f/datanode-5/data-0/containers/hdds
2020-08-16 01:32:56,783 [org.apache.hadoop.util.JvmPauseMonitor$Monitor@721fe94] INFO  util.JvmPauseMonitor (JvmPauseMonitor.java:run(188)) - Starting JVM pause monitor
2020-08-16 01:32:56,785 [Datanode State Machine Task Thread - 0] INFO  datanode.InitDatanodeState (InitDatanodeState.java:persistContainerDatanodeDetails(145)) - DatanodeDetails is persisted to /github/workspace/mnt/ozone/hadoop-ozone/integration-test/target/test-dir/MiniOzoneClusterImpl-c38a1ae0-e263-4e30-b27e-4e0674c9e28f/datanode-4/meta/datanode.id
2020-08-16 01:32:56,791 [Thread-544] INFO  ozoneimpl.ContainerReader (ContainerReader.java:readVolume(123)) - Start to verify containers on volume /github/workspace/mnt/ozone/hadoop-ozone/integration-test/target/test-dir/MiniOzoneClusterImpl-c38a1ae0-e263-4e30-b27e-4e0674c9e28f/datanode-5/data-0/containers/hdds
2020-08-16 01:32:56,791 [Thread-544] INFO  ozoneimpl.ContainerReader (ContainerReader.java:readVolume(148)) - Finish verifying containers on volume /github/workspace/mnt/ozone/hadoop-ozone/integration-test/target/test-dir/MiniOzoneClusterImpl-c38a1ae0-e263-4e30-b27e-4e0674c9e28f/datanode-5/data-0/containers/hdds
2020-08-16 01:32:56,791 [Listener at 127.0.0.1/34499] INFO  ozoneimpl.OzoneContainer (OzoneContainer.java:buildContainerSet(196)) - Build ContainerSet costs 0s
2020-08-16 01:32:56,794 [Listener at 127.0.0.1/34499] INFO  impl.RaftServerProxy (ConfUtils.java:logGet(44)) - raft.rpc.type = GRPC (default)
2020-08-16 01:32:56,794 [Listener at 127.0.0.1/34499] INFO  grpc.GrpcFactory (GrpcFactory.java:checkPooledByteBufAllocatorUseCacheForAllThreads(45)) - PERFORMANCE WARNING: useCacheForAllThreads is true that may cause Netty to create a lot garbage objects and, as a result, trigger GC.
	It is recommended to disable useCacheForAllThreads by setting -Dorg.apache.ratis.thirdparty.io.netty.allocator.useCacheForAllThreads=false in command line.
2020-08-16 01:32:56,794 [Listener at 127.0.0.1/34499] INFO  grpc.GrpcConfigKeys (ConfUtils.java:logGet(44)) - raft.grpc.server.port = 0 (default)
2020-08-16 01:32:56,794 [Listener at 127.0.0.1/34499] INFO  server.GrpcService (ConfUtils.java:logGet(44)) - raft.grpc.message.size.max = 32MB (=33554432) (custom)
2020-08-16 01:32:56,794 [Listener at 127.0.0.1/34499] INFO  server.RaftServerConfigKeys (ConfUtils.java:logGet(44)) - raft.server.log.appender.buffer.byte-limit = 33554432 (custom)
2020-08-16 01:32:56,794 [Listener at 127.0.0.1/34499] INFO  server.GrpcService (ConfUtils.java:logGet(44)) - raft.grpc.flow.control.window = 5MB (=5242880) (custom)
2020-08-16 01:32:56,795 [Listener at 127.0.0.1/34499] INFO  server.RaftServerConfigKeys (ConfUtils.java:logGet(44)) - raft.server.rpc.request.timeout = 60s (custom)
2020-08-16 01:32:56,796 [Listener at 127.0.0.1/34499] INFO  server.RaftServerConfigKeys (ConfUtils.java:logGet(44)) - raft.server.storage.dir = [/github/workspace/mnt/ozone/hadoop-ozone/integration-test/target/test-dir/MiniOzoneClusterImpl-c38a1ae0-e263-4e30-b27e-4e0674c9e28f/datanode-5/data/ratis] (custom)
2020-08-16 01:32:56,800 [Listener at 127.0.0.1/34499] INFO  http.BaseHttpServer (BaseHttpServer.java:newHttpServer2BuilderForOzone(207)) - Starting Web-server for hddsDatanode at: http://0.0.0.0:0
2020-08-16 01:32:56,801 [Listener at 127.0.0.1/34499] INFO  http.BaseHttpServer (BaseHttpServer.java:<init>(106)) - Hadoop Security Enabled: false Ozone Security Enabled: false Ozone HTTP Security Enabled: false 
2020-08-16 01:32:56,802 [Listener at 127.0.0.1/34499] INFO  server.AuthenticationFilter (AuthenticationFilter.java:constructSecretProvider(240)) - Unable to initialize FileSignerSecretProvider, falling back to use random secrets.
2020-08-16 01:32:56,802 [Listener at 127.0.0.1/34499] WARN  http.HttpRequestLog (HttpRequestLog.java:getRequestLog(103)) - Jetty request log can only be enabled using Log4j
2020-08-16 01:32:56,803 [Listener at 127.0.0.1/34499] INFO  http.HttpServer2 (HttpServer2.java:addGlobalFilter(1019)) - Added global filter 'safety' (class=org.apache.hadoop.hdds.server.http.HttpServer2$QuotingInputFilter)
2020-08-16 01:32:56,804 [Listener at 127.0.0.1/34499] INFO  http.HttpServer2 (HttpServer2.java:addFilter(995)) - Added filter static_user_filter (class=org.apache.hadoop.http.lib.StaticUserWebFilter$StaticUserFilter) to context hddsDatanode
2020-08-16 01:32:56,804 [Listener at 127.0.0.1/34499] INFO  http.HttpServer2 (HttpServer2.java:addFilter(1003)) - Added filter static_user_filter (class=org.apache.hadoop.http.lib.StaticUserWebFilter$StaticUserFilter) to context static
2020-08-16 01:32:56,804 [Listener at 127.0.0.1/34499] INFO  http.HttpServer2 (HttpServer2.java:addFilter(1003)) - Added filter static_user_filter (class=org.apache.hadoop.http.lib.StaticUserWebFilter$StaticUserFilter) to context logs
2020-08-16 01:32:56,804 [Listener at 127.0.0.1/34499] INFO  http.HttpServer2 (HttpServer2.java:bindListener(1237)) - Jetty bound to port 38519
2020-08-16 01:32:56,804 [Listener at 127.0.0.1/34499] INFO  server.Server (Server.java:doStart(359)) - jetty-9.4.26.v20200117; built: 2020-01-17T12:35:33.676Z; git: 7b38981d25d14afb4a12ff1f2596756144edf695; jvm 1.8.0_232-b09
2020-08-16 01:32:56,807 [Listener at 127.0.0.1/34499] INFO  server.session (DefaultSessionIdManager.java:doStart(333)) - DefaultSessionIdManager workerName=node0
2020-08-16 01:32:56,807 [Listener at 127.0.0.1/34499] INFO  server.session (DefaultSessionIdManager.java:doStart(338)) - No SessionScavenger set, using defaults
2020-08-16 01:32:56,807 [Listener at 127.0.0.1/34499] INFO  server.session (HouseKeeper.java:startScavenging(140)) - node0 Scavenging every 600000ms
2020-08-16 01:32:56,808 [Listener at 127.0.0.1/34499] INFO  handler.ContextHandler (ContextHandler.java:doStart(825)) - Started o.e.j.s.ServletContextHandler@7f8e0b3b{logs,/logs,file:///github/workspace/mnt/ozone/hadoop-ozone/integration-test/target/log,AVAILABLE}
2020-08-16 01:32:56,808 [Listener at 127.0.0.1/34499] INFO  handler.ContextHandler (ContextHandler.java:doStart(825)) - Started o.e.j.s.ServletContextHandler@2dd130c1{static,/static,jar:file:/home/user/.m2/repository/org/apache/hadoop/hadoop-hdds-container-service/0.6.0-SNAPSHOT/hadoop-hdds-container-service-0.6.0-SNAPSHOT.jar!/webapps/static,AVAILABLE}
2020-08-16 01:32:56,898 [Listener at 127.0.0.1/34499] INFO  handler.ContextHandler (ContextHandler.java:doStart(825)) - Started o.e.j.w.WebAppContext@4e79bf74{hddsDatanode,/,file:///tmp/jetty-0_0_0_0-38519-hadoop-hdds-container-service-0_6_0-SNAPSHOT_jar-_-any-3001122660386178352.dir/webapp/,AVAILABLE}{jar:file:/home/user/.m2/repository/org/apache/hadoop/hadoop-hdds-container-service/0.6.0-SNAPSHOT/hadoop-hdds-container-service-0.6.0-SNAPSHOT.jar!/webapps/hddsDatanode}
2020-08-16 01:32:56,900 [Listener at 127.0.0.1/34499] INFO  server.AbstractConnector (AbstractConnector.java:doStart(330)) - Started ServerConnector@6c22ae66{HTTP/1.1,[http/1.1]}{0.0.0.0:38519}
2020-08-16 01:32:56,900 [Listener at 127.0.0.1/34499] INFO  server.Server (Server.java:doStart(399)) - Started @47272ms
2020-08-16 01:32:56,900 [Listener at 127.0.0.1/34499] WARN  impl.MetricsSystemImpl (MetricsSystemImpl.java:register(276)) - Sink prometheus already exists!
2020-08-16 01:32:56,903 [Listener at 127.0.0.1/34499] INFO  http.BaseHttpServer (BaseHttpServer.java:updateConnectorAddress(327)) - HTTP server of hddsDatanode listening at http://0.0.0.0:38519
2020-08-16 01:32:56,905 [Listener at 127.0.0.1/34499] INFO  impl.MetricsSystemImpl (MetricsSystemImpl.java:init(158)) - HddsDatanode metrics system started (again)
2020-08-16 01:32:56,907 [Listener at 127.0.0.1/34499] INFO  ozone.HddsDatanodeService (HddsDatanodeService.java:start(217)) - HddsDatanodeService host:bb0b45a2c250 ip:172.17.0.2
2020-08-16 01:32:56,908 [Listener at 127.0.0.1/34499] INFO  volume.HddsVolume (HddsVolume.java:<init>(176)) - Creating Volume: /github/workspace/mnt/ozone/hadoop-ozone/integration-test/target/test-dir/MiniOzoneClusterImpl-c38a1ae0-e263-4e30-b27e-4e0674c9e28f/datanode-6/data-0/containers/hdds of storage type : DISK and capacity : 9223372036854775807
2020-08-16 01:32:56,908 [Listener at 127.0.0.1/34499] INFO  volume.MutableVolumeSet (MutableVolumeSet.java:initializeVolumeSet(179)) - Added Volume : /github/workspace/mnt/ozone/hadoop-ozone/integration-test/target/test-dir/MiniOzoneClusterImpl-c38a1ae0-e263-4e30-b27e-4e0674c9e28f/datanode-6/data-0/containers/hdds to VolumeSet
2020-08-16 01:32:56,909 [Listener at 127.0.0.1/34499] INFO  volume.ThrottledAsyncChecker (ThrottledAsyncChecker.java:schedule(141)) - Scheduling a check for /github/workspace/mnt/ozone/hadoop-ozone/integration-test/target/test-dir/MiniOzoneClusterImpl-c38a1ae0-e263-4e30-b27e-4e0674c9e28f/datanode-6/data-0/containers/hdds
2020-08-16 01:32:56,919 [org.apache.hadoop.util.JvmPauseMonitor$Monitor@54ca7f6b] INFO  util.JvmPauseMonitor (JvmPauseMonitor.java:run(188)) - Starting JVM pause monitor
2020-08-16 01:32:56,920 [Listener at 127.0.0.1/34499] INFO  volume.HddsVolumeChecker (HddsVolumeChecker.java:checkAllVolumes(200)) - Scheduled health check for volume /github/workspace/mnt/ozone/hadoop-ozone/integration-test/target/test-dir/MiniOzoneClusterImpl-c38a1ae0-e263-4e30-b27e-4e0674c9e28f/datanode-6/data-0/containers/hdds
2020-08-16 01:32:56,931 [Datanode State Machine Task Thread - 0] INFO  datanode.InitDatanodeState (InitDatanodeState.java:persistContainerDatanodeDetails(145)) - DatanodeDetails is persisted to /github/workspace/mnt/ozone/hadoop-ozone/integration-test/target/test-dir/MiniOzoneClusterImpl-c38a1ae0-e263-4e30-b27e-4e0674c9e28f/datanode-5/meta/datanode.id
2020-08-16 01:32:56,935 [Thread-555] INFO  ozoneimpl.ContainerReader (ContainerReader.java:readVolume(123)) - Start to verify containers on volume /github/workspace/mnt/ozone/hadoop-ozone/integration-test/target/test-dir/MiniOzoneClusterImpl-c38a1ae0-e263-4e30-b27e-4e0674c9e28f/datanode-6/data-0/containers/hdds
2020-08-16 01:32:56,935 [Thread-555] INFO  ozoneimpl.ContainerReader (ContainerReader.java:readVolume(148)) - Finish verifying containers on volume /github/workspace/mnt/ozone/hadoop-ozone/integration-test/target/test-dir/MiniOzoneClusterImpl-c38a1ae0-e263-4e30-b27e-4e0674c9e28f/datanode-6/data-0/containers/hdds
2020-08-16 01:32:56,935 [Listener at 127.0.0.1/34499] INFO  ozoneimpl.OzoneContainer (OzoneContainer.java:buildContainerSet(196)) - Build ContainerSet costs 0s
2020-08-16 01:32:56,937 [Listener at 127.0.0.1/34499] INFO  impl.RaftServerProxy (ConfUtils.java:logGet(44)) - raft.rpc.type = GRPC (default)
2020-08-16 01:32:56,937 [Listener at 127.0.0.1/34499] INFO  grpc.GrpcFactory (GrpcFactory.java:checkPooledByteBufAllocatorUseCacheForAllThreads(45)) - PERFORMANCE WARNING: useCacheForAllThreads is true that may cause Netty to create a lot garbage objects and, as a result, trigger GC.
	It is recommended to disable useCacheForAllThreads by setting -Dorg.apache.ratis.thirdparty.io.netty.allocator.useCacheForAllThreads=false in command line.
2020-08-16 01:32:56,937 [Listener at 127.0.0.1/34499] INFO  grpc.GrpcConfigKeys (ConfUtils.java:logGet(44)) - raft.grpc.server.port = 0 (default)
2020-08-16 01:32:56,938 [Listener at 127.0.0.1/34499] INFO  server.GrpcService (ConfUtils.java:logGet(44)) - raft.grpc.message.size.max = 32MB (=33554432) (custom)
2020-08-16 01:32:56,938 [Listener at 127.0.0.1/34499] INFO  server.RaftServerConfigKeys (ConfUtils.java:logGet(44)) - raft.server.log.appender.buffer.byte-limit = 33554432 (custom)
2020-08-16 01:32:56,938 [Listener at 127.0.0.1/34499] INFO  server.GrpcService (ConfUtils.java:logGet(44)) - raft.grpc.flow.control.window = 5MB (=5242880) (custom)
2020-08-16 01:32:56,938 [Listener at 127.0.0.1/34499] INFO  server.RaftServerConfigKeys (ConfUtils.java:logGet(44)) - raft.server.rpc.request.timeout = 60s (custom)
2020-08-16 01:32:56,939 [Listener at 127.0.0.1/34499] INFO  server.RaftServerConfigKeys (ConfUtils.java:logGet(44)) - raft.server.storage.dir = [/github/workspace/mnt/ozone/hadoop-ozone/integration-test/target/test-dir/MiniOzoneClusterImpl-c38a1ae0-e263-4e30-b27e-4e0674c9e28f/datanode-6/data/ratis] (custom)
2020-08-16 01:32:56,944 [Listener at 127.0.0.1/34499] INFO  http.BaseHttpServer (BaseHttpServer.java:newHttpServer2BuilderForOzone(207)) - Starting Web-server for hddsDatanode at: http://0.0.0.0:0
2020-08-16 01:32:56,944 [Listener at 127.0.0.1/34499] INFO  http.BaseHttpServer (BaseHttpServer.java:<init>(106)) - Hadoop Security Enabled: false Ozone Security Enabled: false Ozone HTTP Security Enabled: false 
2020-08-16 01:32:56,945 [Listener at 127.0.0.1/34499] INFO  server.AuthenticationFilter (AuthenticationFilter.java:constructSecretProvider(240)) - Unable to initialize FileSignerSecretProvider, falling back to use random secrets.
2020-08-16 01:32:56,946 [Listener at 127.0.0.1/34499] WARN  http.HttpRequestLog (HttpRequestLog.java:getRequestLog(103)) - Jetty request log can only be enabled using Log4j
2020-08-16 01:32:56,946 [Listener at 127.0.0.1/34499] INFO  http.HttpServer2 (HttpServer2.java:addGlobalFilter(1019)) - Added global filter 'safety' (class=org.apache.hadoop.hdds.server.http.HttpServer2$QuotingInputFilter)
2020-08-16 01:32:56,947 [Listener at 127.0.0.1/34499] INFO  http.HttpServer2 (HttpServer2.java:addFilter(995)) - Added filter static_user_filter (class=org.apache.hadoop.http.lib.StaticUserWebFilter$StaticUserFilter) to context hddsDatanode
2020-08-16 01:32:56,947 [Listener at 127.0.0.1/34499] INFO  http.HttpServer2 (HttpServer2.java:addFilter(1003)) - Added filter static_user_filter (class=org.apache.hadoop.http.lib.StaticUserWebFilter$StaticUserFilter) to context logs
2020-08-16 01:32:56,947 [Listener at 127.0.0.1/34499] INFO  http.HttpServer2 (HttpServer2.java:addFilter(1003)) - Added filter static_user_filter (class=org.apache.hadoop.http.lib.StaticUserWebFilter$StaticUserFilter) to context static
2020-08-16 01:32:56,948 [Listener at 127.0.0.1/34499] INFO  http.HttpServer2 (HttpServer2.java:bindListener(1237)) - Jetty bound to port 40275
2020-08-16 01:32:56,948 [Listener at 127.0.0.1/34499] INFO  server.Server (Server.java:doStart(359)) - jetty-9.4.26.v20200117; built: 2020-01-17T12:35:33.676Z; git: 7b38981d25d14afb4a12ff1f2596756144edf695; jvm 1.8.0_232-b09
2020-08-16 01:32:56,950 [Listener at 127.0.0.1/34499] INFO  server.session (DefaultSessionIdManager.java:doStart(333)) - DefaultSessionIdManager workerName=node0
2020-08-16 01:32:56,950 [Listener at 127.0.0.1/34499] INFO  server.session (DefaultSessionIdManager.java:doStart(338)) - No SessionScavenger set, using defaults
2020-08-16 01:32:56,950 [Listener at 127.0.0.1/34499] INFO  server.session (HouseKeeper.java:startScavenging(140)) - node0 Scavenging every 660000ms
2020-08-16 01:32:56,951 [Listener at 127.0.0.1/34499] INFO  handler.ContextHandler (ContextHandler.java:doStart(825)) - Started o.e.j.s.ServletContextHandler@1457c815{logs,/logs,file:///github/workspace/mnt/ozone/hadoop-ozone/integration-test/target/log,AVAILABLE}
2020-08-16 01:32:56,951 [Listener at 127.0.0.1/34499] INFO  handler.ContextHandler (ContextHandler.java:doStart(825)) - Started o.e.j.s.ServletContextHandler@68c884bd{static,/static,jar:file:/home/user/.m2/repository/org/apache/hadoop/hadoop-hdds-container-service/0.6.0-SNAPSHOT/hadoop-hdds-container-service-0.6.0-SNAPSHOT.jar!/webapps/static,AVAILABLE}
2020-08-16 01:32:57,029 [Listener at 127.0.0.1/34499] INFO  handler.ContextHandler (ContextHandler.java:doStart(825)) - Started o.e.j.w.WebAppContext@5efb274a{hddsDatanode,/,file:///tmp/jetty-0_0_0_0-40275-hadoop-hdds-container-service-0_6_0-SNAPSHOT_jar-_-any-5014092092937987797.dir/webapp/,AVAILABLE}{jar:file:/home/user/.m2/repository/org/apache/hadoop/hadoop-hdds-container-service/0.6.0-SNAPSHOT/hadoop-hdds-container-service-0.6.0-SNAPSHOT.jar!/webapps/hddsDatanode}
2020-08-16 01:32:57,035 [Listener at 127.0.0.1/34499] INFO  server.AbstractConnector (AbstractConnector.java:doStart(330)) - Started ServerConnector@6b14a602{HTTP/1.1,[http/1.1]}{0.0.0.0:40275}
2020-08-16 01:32:57,035 [Listener at 127.0.0.1/34499] INFO  server.Server (Server.java:doStart(399)) - Started @47407ms
2020-08-16 01:32:57,035 [Listener at 127.0.0.1/34499] WARN  impl.MetricsSystemImpl (MetricsSystemImpl.java:register(276)) - Sink prometheus already exists!
2020-08-16 01:32:57,039 [Listener at 127.0.0.1/34499] INFO  http.BaseHttpServer (BaseHttpServer.java:updateConnectorAddress(327)) - HTTP server of hddsDatanode listening at http://0.0.0.0:40275
2020-08-16 01:32:57,052 [Listener at 127.0.0.1/34499] INFO  ozone.MiniOzoneClusterImpl (MiniOzoneClusterImpl.java:lambda$waitForClusterToBeReady$0(177)) - Waiting for nodes to be ready. Got 0 of 7 DN Heartbeats.
2020-08-16 01:32:57,055 [Listener at 127.0.0.1/34499] INFO  ozone.MiniOzoneClusterImpl (MiniOzoneClusterImpl.java:lambda$waitForClusterToBeReady$0(180)) - Waiting for cluster to exit safe mode
2020-08-16 01:32:57,055 [org.apache.hadoop.util.JvmPauseMonitor$Monitor@18777729] INFO  util.JvmPauseMonitor (JvmPauseMonitor.java:run(188)) - Starting JVM pause monitor
2020-08-16 01:32:57,057 [Datanode State Machine Task Thread - 0] INFO  datanode.InitDatanodeState (InitDatanodeState.java:persistContainerDatanodeDetails(145)) - DatanodeDetails is persisted to /github/workspace/mnt/ozone/hadoop-ozone/integration-test/target/test-dir/MiniOzoneClusterImpl-c38a1ae0-e263-4e30-b27e-4e0674c9e28f/datanode-6/meta/datanode.id
2020-08-16 01:32:58,055 [Listener at 127.0.0.1/34499] INFO  ozone.MiniOzoneClusterImpl (MiniOzoneClusterImpl.java:lambda$waitForClusterToBeReady$0(177)) - Waiting for nodes to be ready. Got 0 of 7 DN Heartbeats.
2020-08-16 01:32:58,055 [Listener at 127.0.0.1/34499] INFO  ozone.MiniOzoneClusterImpl (MiniOzoneClusterImpl.java:lambda$waitForClusterToBeReady$0(180)) - Waiting for cluster to exit safe mode
2020-08-16 01:32:58,208 [Datanode State Machine Task Thread - 1] INFO  ozoneimpl.OzoneContainer (OzoneContainer.java:start(245)) - Attempting to start container services.
2020-08-16 01:32:58,208 [Datanode State Machine Task Thread - 1] INFO  ozoneimpl.OzoneContainer (OzoneContainer.java:startContainerScrub(209)) - Background container scanner has been disabled.
2020-08-16 01:32:58,208 [Datanode State Machine Task Thread - 1] INFO  ratis.XceiverServerRatis (XceiverServerRatis.java:start(440)) - Starting XceiverServerRatis beaeafa8-2e09-4551-bc75-8fc35f38ec6f at port 0
2020-08-16 01:32:58,209 [Datanode State Machine Task Thread - 1] INFO  impl.RaftServerProxy (RaftServerProxy.java:lambda$start$3(304)) - beaeafa8-2e09-4551-bc75-8fc35f38ec6f: start RPC server
2020-08-16 01:32:58,210 [Datanode State Machine Task Thread - 1] INFO  server.GrpcService (GrpcService.java:startImpl(160)) - beaeafa8-2e09-4551-bc75-8fc35f38ec6f: GrpcService started, listening on 0.0.0.0/0.0.0.0:38845
2020-08-16 01:32:58,211 [Datanode State Machine Task Thread - 1] INFO  ratis.XceiverServerRatis (XceiverServerRatis.java:start(452)) - XceiverServerRatis beaeafa8-2e09-4551-bc75-8fc35f38ec6f is started using port 38845
2020-08-16 01:32:58,211 [Datanode State Machine Task Thread - 1] INFO  server.XceiverServerGrpc (XceiverServerGrpc.java:start(145)) - XceiverServerGrpc beaeafa8-2e09-4551-bc75-8fc35f38ec6f is started using port 40963
2020-08-16 01:32:58,331 [Datanode State Machine Task Thread - 1] INFO  ozoneimpl.OzoneContainer (OzoneContainer.java:start(245)) - Attempting to start container services.
2020-08-16 01:32:58,331 [Datanode State Machine Task Thread - 1] INFO  ozoneimpl.OzoneContainer (OzoneContainer.java:startContainerScrub(209)) - Background container scanner has been disabled.
2020-08-16 01:32:58,331 [Datanode State Machine Task Thread - 1] INFO  ratis.XceiverServerRatis (XceiverServerRatis.java:start(440)) - Starting XceiverServerRatis 77e37df0-b62c-4380-bf35-d4503fc20896 at port 0
2020-08-16 01:32:58,339 [Datanode State Machine Task Thread - 1] INFO  impl.RaftServerProxy (RaftServerProxy.java:lambda$start$3(304)) - 77e37df0-b62c-4380-bf35-d4503fc20896: start RPC server
2020-08-16 01:32:58,340 [Datanode State Machine Task Thread - 1] INFO  server.GrpcService (GrpcService.java:startImpl(160)) - 77e37df0-b62c-4380-bf35-d4503fc20896: GrpcService started, listening on 0.0.0.0/0.0.0.0:40933
2020-08-16 01:32:58,340 [Datanode State Machine Task Thread - 1] INFO  ratis.XceiverServerRatis (XceiverServerRatis.java:start(452)) - XceiverServerRatis 77e37df0-b62c-4380-bf35-d4503fc20896 is started using port 40933
2020-08-16 01:32:58,340 [Datanode State Machine Task Thread - 1] INFO  server.XceiverServerGrpc (XceiverServerGrpc.java:start(145)) - XceiverServerGrpc 77e37df0-b62c-4380-bf35-d4503fc20896 is started using port 40259
2020-08-16 01:32:58,509 [Datanode State Machine Task Thread - 1] INFO  ozoneimpl.OzoneContainer (OzoneContainer.java:start(245)) - Attempting to start container services.
2020-08-16 01:32:58,509 [Datanode State Machine Task Thread - 1] INFO  ozoneimpl.OzoneContainer (OzoneContainer.java:startContainerScrub(209)) - Background container scanner has been disabled.
2020-08-16 01:32:58,509 [Datanode State Machine Task Thread - 1] INFO  ratis.XceiverServerRatis (XceiverServerRatis.java:start(440)) - Starting XceiverServerRatis 546ce851-431a-41f4-9a88-b3ac322f1852 at port 0
2020-08-16 01:32:58,511 [Datanode State Machine Task Thread - 1] INFO  impl.RaftServerProxy (RaftServerProxy.java:lambda$start$3(304)) - 546ce851-431a-41f4-9a88-b3ac322f1852: start RPC server
2020-08-16 01:32:58,512 [Datanode State Machine Task Thread - 1] INFO  server.GrpcService (GrpcService.java:startImpl(160)) - 546ce851-431a-41f4-9a88-b3ac322f1852: GrpcService started, listening on 0.0.0.0/0.0.0.0:40883
2020-08-16 01:32:58,513 [Datanode State Machine Task Thread - 1] INFO  ratis.XceiverServerRatis (XceiverServerRatis.java:start(452)) - XceiverServerRatis 546ce851-431a-41f4-9a88-b3ac322f1852 is started using port 40883
2020-08-16 01:32:58,516 [Datanode State Machine Task Thread - 1] INFO  server.XceiverServerGrpc (XceiverServerGrpc.java:start(145)) - XceiverServerGrpc 546ce851-431a-41f4-9a88-b3ac322f1852 is started using port 45943
2020-08-16 01:32:58,646 [Datanode State Machine Task Thread - 1] INFO  ozoneimpl.OzoneContainer (OzoneContainer.java:start(245)) - Attempting to start container services.
2020-08-16 01:32:58,646 [Datanode State Machine Task Thread - 1] INFO  ozoneimpl.OzoneContainer (OzoneContainer.java:startContainerScrub(209)) - Background container scanner has been disabled.
2020-08-16 01:32:58,646 [Datanode State Machine Task Thread - 1] INFO  ratis.XceiverServerRatis (XceiverServerRatis.java:start(440)) - Starting XceiverServerRatis 0aca2dfd-bb2b-492e-a75d-c6ff1d491f50 at port 0
2020-08-16 01:32:58,647 [Datanode State Machine Task Thread - 1] INFO  impl.RaftServerProxy (RaftServerProxy.java:lambda$start$3(304)) - 0aca2dfd-bb2b-492e-a75d-c6ff1d491f50: start RPC server
2020-08-16 01:32:58,648 [Datanode State Machine Task Thread - 1] INFO  server.GrpcService (GrpcService.java:startImpl(160)) - 0aca2dfd-bb2b-492e-a75d-c6ff1d491f50: GrpcService started, listening on 0.0.0.0/0.0.0.0:39241
2020-08-16 01:32:58,649 [Datanode State Machine Task Thread - 1] INFO  ratis.XceiverServerRatis (XceiverServerRatis.java:start(452)) - XceiverServerRatis 0aca2dfd-bb2b-492e-a75d-c6ff1d491f50 is started using port 39241
2020-08-16 01:32:58,651 [Datanode State Machine Task Thread - 1] INFO  server.XceiverServerGrpc (XceiverServerGrpc.java:start(145)) - XceiverServerGrpc 0aca2dfd-bb2b-492e-a75d-c6ff1d491f50 is started using port 42817
2020-08-16 01:32:58,789 [Datanode State Machine Task Thread - 1] INFO  ozoneimpl.OzoneContainer (OzoneContainer.java:start(245)) - Attempting to start container services.
2020-08-16 01:32:58,790 [Datanode State Machine Task Thread - 1] INFO  ozoneimpl.OzoneContainer (OzoneContainer.java:startContainerScrub(209)) - Background container scanner has been disabled.
2020-08-16 01:32:58,790 [Datanode State Machine Task Thread - 1] INFO  ratis.XceiverServerRatis (XceiverServerRatis.java:start(440)) - Starting XceiverServerRatis cef71658-d1b1-44d1-b37f-521e4e788a00 at port 0
2020-08-16 01:32:58,791 [Datanode State Machine Task Thread - 1] INFO  impl.RaftServerProxy (RaftServerProxy.java:lambda$start$3(304)) - cef71658-d1b1-44d1-b37f-521e4e788a00: start RPC server
2020-08-16 01:32:58,792 [Datanode State Machine Task Thread - 1] INFO  server.GrpcService (GrpcService.java:startImpl(160)) - cef71658-d1b1-44d1-b37f-521e4e788a00: GrpcService started, listening on 0.0.0.0/0.0.0.0:46523
2020-08-16 01:32:58,792 [Datanode State Machine Task Thread - 1] INFO  ratis.XceiverServerRatis (XceiverServerRatis.java:start(452)) - XceiverServerRatis cef71658-d1b1-44d1-b37f-521e4e788a00 is started using port 46523
2020-08-16 01:32:58,793 [Datanode State Machine Task Thread - 1] INFO  server.XceiverServerGrpc (XceiverServerGrpc.java:start(145)) - XceiverServerGrpc cef71658-d1b1-44d1-b37f-521e4e788a00 is started using port 40547
2020-08-16 01:32:58,922 [Datanode State Machine Task Thread - 1] INFO  ozoneimpl.OzoneContainer (OzoneContainer.java:start(245)) - Attempting to start container services.
2020-08-16 01:32:58,922 [Datanode State Machine Task Thread - 1] INFO  ozoneimpl.OzoneContainer (OzoneContainer.java:startContainerScrub(209)) - Background container scanner has been disabled.
2020-08-16 01:32:58,922 [Datanode State Machine Task Thread - 1] INFO  ratis.XceiverServerRatis (XceiverServerRatis.java:start(440)) - Starting XceiverServerRatis 3911b809-9d88-4a7a-8c07-514c24e02423 at port 0
2020-08-16 01:32:58,925 [Datanode State Machine Task Thread - 1] INFO  impl.RaftServerProxy (RaftServerProxy.java:lambda$start$3(304)) - 3911b809-9d88-4a7a-8c07-514c24e02423: start RPC server
2020-08-16 01:32:58,926 [Datanode State Machine Task Thread - 1] INFO  server.GrpcService (GrpcService.java:startImpl(160)) - 3911b809-9d88-4a7a-8c07-514c24e02423: GrpcService started, listening on 0.0.0.0/0.0.0.0:43641
2020-08-16 01:32:58,926 [Datanode State Machine Task Thread - 1] INFO  ratis.XceiverServerRatis (XceiverServerRatis.java:start(452)) - XceiverServerRatis 3911b809-9d88-4a7a-8c07-514c24e02423 is started using port 43641
2020-08-16 01:32:58,926 [Datanode State Machine Task Thread - 1] INFO  server.XceiverServerGrpc (XceiverServerGrpc.java:start(145)) - XceiverServerGrpc 3911b809-9d88-4a7a-8c07-514c24e02423 is started using port 38721
2020-08-16 01:32:59,056 [Listener at 127.0.0.1/34499] INFO  ozone.MiniOzoneClusterImpl (MiniOzoneClusterImpl.java:lambda$waitForClusterToBeReady$0(177)) - Waiting for nodes to be ready. Got 0 of 7 DN Heartbeats.
2020-08-16 01:32:59,056 [Listener at 127.0.0.1/34499] INFO  ozone.MiniOzoneClusterImpl (MiniOzoneClusterImpl.java:lambda$waitForClusterToBeReady$0(180)) - Waiting for cluster to exit safe mode
2020-08-16 01:32:59,058 [Datanode State Machine Task Thread - 1] INFO  ozoneimpl.OzoneContainer (OzoneContainer.java:start(245)) - Attempting to start container services.
2020-08-16 01:32:59,058 [Datanode State Machine Task Thread - 1] INFO  ozoneimpl.OzoneContainer (OzoneContainer.java:startContainerScrub(209)) - Background container scanner has been disabled.
2020-08-16 01:32:59,058 [Datanode State Machine Task Thread - 1] INFO  ratis.XceiverServerRatis (XceiverServerRatis.java:start(440)) - Starting XceiverServerRatis 124f0e29-3351-4707-96c6-81bbc40b441a at port 0
2020-08-16 01:32:59,059 [Datanode State Machine Task Thread - 1] INFO  impl.RaftServerProxy (RaftServerProxy.java:lambda$start$3(304)) - 124f0e29-3351-4707-96c6-81bbc40b441a: start RPC server
2020-08-16 01:32:59,060 [Datanode State Machine Task Thread - 1] INFO  server.GrpcService (GrpcService.java:startImpl(160)) - 124f0e29-3351-4707-96c6-81bbc40b441a: GrpcService started, listening on 0.0.0.0/0.0.0.0:37925
2020-08-16 01:32:59,061 [Datanode State Machine Task Thread - 1] INFO  ratis.XceiverServerRatis (XceiverServerRatis.java:start(452)) - XceiverServerRatis 124f0e29-3351-4707-96c6-81bbc40b441a is started using port 37925
2020-08-16 01:32:59,061 [Datanode State Machine Task Thread - 1] INFO  server.XceiverServerGrpc (XceiverServerGrpc.java:start(145)) - XceiverServerGrpc 124f0e29-3351-4707-96c6-81bbc40b441a is started using port 42055
2020-08-16 01:33:00,056 [Listener at 127.0.0.1/34499] INFO  ozone.MiniOzoneClusterImpl (MiniOzoneClusterImpl.java:lambda$waitForClusterToBeReady$0(177)) - Waiting for nodes to be ready. Got 0 of 7 DN Heartbeats.
2020-08-16 01:33:00,057 [Listener at 127.0.0.1/34499] INFO  ozone.MiniOzoneClusterImpl (MiniOzoneClusterImpl.java:lambda$waitForClusterToBeReady$0(180)) - Waiting for cluster to exit safe mode
2020-08-16 01:33:00,202 [IPC Server handler 2 on default port 41857] INFO  net.NetworkTopology (NetworkTopologyImpl.java:add(111)) - Added a new node: /default-rack/beaeafa8-2e09-4551-bc75-8fc35f38ec6f
2020-08-16 01:33:00,203 [IPC Server handler 2 on default port 41857] INFO  node.SCMNodeManager (SCMNodeManager.java:register(274)) - Registered Data node : beaeafa8-2e09-4551-bc75-8fc35f38ec6f{ip: 172.17.0.2, host: bb0b45a2c250, networkLocation: /default-rack, certSerialId: null}
2020-08-16 01:33:00,203 [RatisPipelineUtilsThread] INFO  pipeline.RatisPipelineProvider (RatisPipelineProvider.java:lambda$create$0(138)) - Sending CreatePipelineCommand for pipeline:PipelineID=55de2fb0-c03a-4a4b-afe6-564d981d9636 to datanode:beaeafa8-2e09-4551-bc75-8fc35f38ec6f
2020-08-16 01:33:00,204 [RatisPipelineUtilsThread] INFO  pipeline.PipelineStateManager (PipelineStateManager.java:addPipeline(54)) - Created pipeline Pipeline[ Id: 55de2fb0-c03a-4a4b-afe6-564d981d9636, Nodes: beaeafa8-2e09-4551-bc75-8fc35f38ec6f{ip: 172.17.0.2, host: bb0b45a2c250, networkLocation: /default-rack, certSerialId: null}, Type:RATIS, Factor:ONE, State:ALLOCATED, leaderId:, CreationTimestamp2020-08-16T01:33:00.203Z]
2020-08-16 01:33:00,204 [EventQueue-NodeRegistrationContainerReportForContainerSafeModeRule] INFO  safemode.SCMSafeModeManager (SCMSafeModeManager.java:validateSafeModeExitRules(214)) - ContainerSafeModeRule rule is successfully validated
2020-08-16 01:33:00,205 [EventQueue-NodeRegistrationContainerReportForDataNodeSafeModeRule] INFO  safemode.SCMSafeModeManager (DataNodeSafeModeRule.java:process(71)) - SCM in safe mode. 1 DataNodes registered, 1 required.
2020-08-16 01:33:00,206 [EventQueue-NodeRegistrationContainerReportForDataNodeSafeModeRule] INFO  safemode.SCMSafeModeManager (SCMSafeModeManager.java:validateSafeModeExitRules(214)) - DataNodeSafeModeRule rule is successfully validated
2020-08-16 01:33:00,206 [EventQueue-NodeRegistrationContainerReportForDataNodeSafeModeRule] INFO  safemode.SCMSafeModeManager (SCMSafeModeManager.java:completePreCheck(242)) - All SCM safe mode pre check rules have passed
2020-08-16 01:33:00,206 [RatisPipelineUtilsThread] WARN  pipeline.PipelinePlacementPolicy (PipelinePlacementPolicy.java:filterViableNodes(133)) - Pipeline creation failed due to no sufficient healthy datanodes. Required 3. Found 1.
2020-08-16 01:33:00,330 [IPC Server handler 3 on default port 41857] INFO  net.NetworkTopology (NetworkTopologyImpl.java:add(111)) - Added a new node: /default-rack/77e37df0-b62c-4380-bf35-d4503fc20896
2020-08-16 01:33:00,330 [IPC Server handler 3 on default port 41857] INFO  node.SCMNodeManager (SCMNodeManager.java:register(274)) - Registered Data node : 77e37df0-b62c-4380-bf35-d4503fc20896{ip: 172.17.0.2, host: bb0b45a2c250, networkLocation: /default-rack, certSerialId: null}
2020-08-16 01:33:00,331 [EventQueue-NodeRegistrationContainerReportForContainerSafeModeRule] INFO  safemode.SCMSafeModeManager (SCMSafeModeManager.java:validateSafeModeExitRules(214)) - ContainerSafeModeRule rule is successfully validated
2020-08-16 01:33:00,331 [RatisPipelineUtilsThread] INFO  pipeline.RatisPipelineProvider (RatisPipelineProvider.java:lambda$create$0(138)) - Sending CreatePipelineCommand for pipeline:PipelineID=56729920-04d8-4d3f-aa9a-37edc4986c8e to datanode:77e37df0-b62c-4380-bf35-d4503fc20896
2020-08-16 01:33:00,331 [EventQueue-NodeRegistrationContainerReportForDataNodeSafeModeRule] INFO  safemode.SCMSafeModeManager (SCMSafeModeManager.java:validateSafeModeExitRules(214)) - DataNodeSafeModeRule rule is successfully validated
2020-08-16 01:33:00,331 [RatisPipelineUtilsThread] INFO  pipeline.PipelineStateManager (PipelineStateManager.java:addPipeline(54)) - Created pipeline Pipeline[ Id: 56729920-04d8-4d3f-aa9a-37edc4986c8e, Nodes: 77e37df0-b62c-4380-bf35-d4503fc20896{ip: 172.17.0.2, host: bb0b45a2c250, networkLocation: /default-rack, certSerialId: null}, Type:RATIS, Factor:ONE, State:ALLOCATED, leaderId:, CreationTimestamp2020-08-16T01:33:00.331Z]
2020-08-16 01:33:00,332 [RatisPipelineUtilsThread] WARN  pipeline.PipelinePlacementPolicy (PipelinePlacementPolicy.java:filterViableNodes(133)) - Pipeline creation failed due to no sufficient healthy datanodes. Required 3. Found 2.
2020-08-16 01:33:00,508 [IPC Server handler 4 on default port 41857] INFO  net.NetworkTopology (NetworkTopologyImpl.java:add(111)) - Added a new node: /default-rack/546ce851-431a-41f4-9a88-b3ac322f1852
2020-08-16 01:33:00,509 [IPC Server handler 4 on default port 41857] INFO  node.SCMNodeManager (SCMNodeManager.java:register(274)) - Registered Data node : 546ce851-431a-41f4-9a88-b3ac322f1852{ip: 172.17.0.2, host: bb0b45a2c250, networkLocation: /default-rack, certSerialId: null}
2020-08-16 01:33:00,509 [EventQueue-NodeRegistrationContainerReportForContainerSafeModeRule] INFO  safemode.SCMSafeModeManager (SCMSafeModeManager.java:validateSafeModeExitRules(214)) - ContainerSafeModeRule rule is successfully validated
2020-08-16 01:33:00,509 [EventQueue-NodeRegistrationContainerReportForDataNodeSafeModeRule] INFO  safemode.SCMSafeModeManager (SCMSafeModeManager.java:validateSafeModeExitRules(214)) - DataNodeSafeModeRule rule is successfully validated
2020-08-16 01:33:00,510 [RatisPipelineUtilsThread] INFO  pipeline.RatisPipelineProvider (RatisPipelineProvider.java:lambda$create$0(138)) - Sending CreatePipelineCommand for pipeline:PipelineID=b54ea357-eabf-4ae7-88f2-3cb48574cd1f to datanode:546ce851-431a-41f4-9a88-b3ac322f1852
2020-08-16 01:33:00,511 [RatisPipelineUtilsThread] INFO  pipeline.PipelineStateManager (PipelineStateManager.java:addPipeline(54)) - Created pipeline Pipeline[ Id: b54ea357-eabf-4ae7-88f2-3cb48574cd1f, Nodes: 546ce851-431a-41f4-9a88-b3ac322f1852{ip: 172.17.0.2, host: bb0b45a2c250, networkLocation: /default-rack, certSerialId: null}, Type:RATIS, Factor:ONE, State:ALLOCATED, leaderId:, CreationTimestamp2020-08-16T01:33:00.510Z]
2020-08-16 01:33:00,511 [RatisPipelineUtilsThread] INFO  pipeline.RatisPipelineProvider (RatisPipelineProvider.java:lambda$create$0(138)) - Sending CreatePipelineCommand for pipeline:PipelineID=c229b8d9-2971-42a2-bc75-f3fa92d03604 to datanode:546ce851-431a-41f4-9a88-b3ac322f1852
2020-08-16 01:33:00,511 [RatisPipelineUtilsThread] INFO  pipeline.RatisPipelineProvider (RatisPipelineProvider.java:lambda$create$0(138)) - Sending CreatePipelineCommand for pipeline:PipelineID=c229b8d9-2971-42a2-bc75-f3fa92d03604 to datanode:77e37df0-b62c-4380-bf35-d4503fc20896
2020-08-16 01:33:00,511 [RatisPipelineUtilsThread] INFO  pipeline.RatisPipelineProvider (RatisPipelineProvider.java:lambda$create$0(138)) - Sending CreatePipelineCommand for pipeline:PipelineID=c229b8d9-2971-42a2-bc75-f3fa92d03604 to datanode:beaeafa8-2e09-4551-bc75-8fc35f38ec6f
2020-08-16 01:33:00,512 [RatisPipelineUtilsThread] INFO  pipeline.PipelineStateManager (PipelineStateManager.java:addPipeline(54)) - Created pipeline Pipeline[ Id: c229b8d9-2971-42a2-bc75-f3fa92d03604, Nodes: 546ce851-431a-41f4-9a88-b3ac322f1852{ip: 172.17.0.2, host: bb0b45a2c250, networkLocation: /default-rack, certSerialId: null}77e37df0-b62c-4380-bf35-d4503fc20896{ip: 172.17.0.2, host: bb0b45a2c250, networkLocation: /default-rack, certSerialId: null}beaeafa8-2e09-4551-bc75-8fc35f38ec6f{ip: 172.17.0.2, host: bb0b45a2c250, networkLocation: /default-rack, certSerialId: null}, Type:RATIS, Factor:THREE, State:ALLOCATED, leaderId:, CreationTimestamp2020-08-16T01:33:00.511Z]
2020-08-16 01:33:00,645 [IPC Server handler 5 on default port 41857] INFO  net.NetworkTopology (NetworkTopologyImpl.java:add(111)) - Added a new node: /default-rack/0aca2dfd-bb2b-492e-a75d-c6ff1d491f50
2020-08-16 01:33:00,645 [IPC Server handler 5 on default port 41857] INFO  node.SCMNodeManager (SCMNodeManager.java:register(274)) - Registered Data node : 0aca2dfd-bb2b-492e-a75d-c6ff1d491f50{ip: 172.17.0.2, host: bb0b45a2c250, networkLocation: /default-rack, certSerialId: null}
2020-08-16 01:33:00,646 [EventQueue-NodeRegistrationContainerReportForContainerSafeModeRule] INFO  safemode.SCMSafeModeManager (SCMSafeModeManager.java:validateSafeModeExitRules(214)) - ContainerSafeModeRule rule is successfully validated
2020-08-16 01:33:00,647 [EventQueue-NodeRegistrationContainerReportForDataNodeSafeModeRule] INFO  safemode.SCMSafeModeManager (SCMSafeModeManager.java:validateSafeModeExitRules(214)) - DataNodeSafeModeRule rule is successfully validated
2020-08-16 01:33:00,647 [RatisPipelineUtilsThread] INFO  pipeline.RatisPipelineProvider (RatisPipelineProvider.java:lambda$create$0(138)) - Sending CreatePipelineCommand for pipeline:PipelineID=6b18829a-0493-4b13-8b58-bb5adb4f319e to datanode:0aca2dfd-bb2b-492e-a75d-c6ff1d491f50
2020-08-16 01:33:00,648 [RatisPipelineUtilsThread] INFO  pipeline.PipelineStateManager (PipelineStateManager.java:addPipeline(54)) - Created pipeline Pipeline[ Id: 6b18829a-0493-4b13-8b58-bb5adb4f319e, Nodes: 0aca2dfd-bb2b-492e-a75d-c6ff1d491f50{ip: 172.17.0.2, host: bb0b45a2c250, networkLocation: /default-rack, certSerialId: null}, Type:RATIS, Factor:ONE, State:ALLOCATED, leaderId:, CreationTimestamp2020-08-16T01:33:00.647Z]
2020-08-16 01:33:00,785 [IPC Server handler 6 on default port 41857] INFO  net.NetworkTopology (NetworkTopologyImpl.java:add(111)) - Added a new node: /default-rack/cef71658-d1b1-44d1-b37f-521e4e788a00
2020-08-16 01:33:00,785 [IPC Server handler 6 on default port 41857] INFO  node.SCMNodeManager (SCMNodeManager.java:register(274)) - Registered Data node : cef71658-d1b1-44d1-b37f-521e4e788a00{ip: 172.17.0.2, host: bb0b45a2c250, networkLocation: /default-rack, certSerialId: null}
2020-08-16 01:33:00,786 [EventQueue-NodeRegistrationContainerReportForContainerSafeModeRule] INFO  safemode.SCMSafeModeManager (SCMSafeModeManager.java:validateSafeModeExitRules(214)) - ContainerSafeModeRule rule is successfully validated
2020-08-16 01:33:00,786 [EventQueue-NodeRegistrationContainerReportForDataNodeSafeModeRule] INFO  safemode.SCMSafeModeManager (SCMSafeModeManager.java:validateSafeModeExitRules(214)) - DataNodeSafeModeRule rule is successfully validated
2020-08-16 01:33:00,787 [RatisPipelineUtilsThread] INFO  pipeline.RatisPipelineProvider (RatisPipelineProvider.java:lambda$create$0(138)) - Sending CreatePipelineCommand for pipeline:PipelineID=8ad55fae-92d6-47a2-88af-a031053284e5 to datanode:cef71658-d1b1-44d1-b37f-521e4e788a00
2020-08-16 01:33:00,787 [RatisPipelineUtilsThread] INFO  pipeline.PipelineStateManager (PipelineStateManager.java:addPipeline(54)) - Created pipeline Pipeline[ Id: 8ad55fae-92d6-47a2-88af-a031053284e5, Nodes: cef71658-d1b1-44d1-b37f-521e4e788a00{ip: 172.17.0.2, host: bb0b45a2c250, networkLocation: /default-rack, certSerialId: null}, Type:RATIS, Factor:ONE, State:ALLOCATED, leaderId:, CreationTimestamp2020-08-16T01:33:00.787Z]
2020-08-16 01:33:00,922 [IPC Server handler 1 on default port 41857] INFO  net.NetworkTopology (NetworkTopologyImpl.java:add(111)) - Added a new node: /default-rack/3911b809-9d88-4a7a-8c07-514c24e02423
2020-08-16 01:33:00,922 [IPC Server handler 1 on default port 41857] INFO  node.SCMNodeManager (SCMNodeManager.java:register(274)) - Registered Data node : 3911b809-9d88-4a7a-8c07-514c24e02423{ip: 172.17.0.2, host: bb0b45a2c250, networkLocation: /default-rack, certSerialId: null}
2020-08-16 01:33:00,922 [EventQueue-NodeRegistrationContainerReportForContainerSafeModeRule] INFO  safemode.SCMSafeModeManager (SCMSafeModeManager.java:validateSafeModeExitRules(214)) - ContainerSafeModeRule rule is successfully validated
2020-08-16 01:33:00,923 [RatisPipelineUtilsThread] INFO  pipeline.RatisPipelineProvider (RatisPipelineProvider.java:lambda$create$0(138)) - Sending CreatePipelineCommand for pipeline:PipelineID=3a6c8104-17c1-4be4-b47a-0395cd407848 to datanode:3911b809-9d88-4a7a-8c07-514c24e02423
2020-08-16 01:33:00,923 [EventQueue-NodeRegistrationContainerReportForDataNodeSafeModeRule] INFO  safemode.SCMSafeModeManager (SCMSafeModeManager.java:validateSafeModeExitRules(214)) - DataNodeSafeModeRule rule is successfully validated
2020-08-16 01:33:00,923 [RatisPipelineUtilsThread] INFO  pipeline.PipelineStateManager (PipelineStateManager.java:addPipeline(54)) - Created pipeline Pipeline[ Id: 3a6c8104-17c1-4be4-b47a-0395cd407848, Nodes: 3911b809-9d88-4a7a-8c07-514c24e02423{ip: 172.17.0.2, host: bb0b45a2c250, networkLocation: /default-rack, certSerialId: null}, Type:RATIS, Factor:ONE, State:ALLOCATED, leaderId:, CreationTimestamp2020-08-16T01:33:00.923Z]
2020-08-16 01:33:00,924 [RatisPipelineUtilsThread] INFO  pipeline.RatisPipelineProvider (RatisPipelineProvider.java:lambda$create$0(138)) - Sending CreatePipelineCommand for pipeline:PipelineID=bd77e43a-9b37-41bb-83b7-b936530e8a46 to datanode:3911b809-9d88-4a7a-8c07-514c24e02423
2020-08-16 01:33:00,925 [RatisPipelineUtilsThread] INFO  pipeline.RatisPipelineProvider (RatisPipelineProvider.java:lambda$create$0(138)) - Sending CreatePipelineCommand for pipeline:PipelineID=bd77e43a-9b37-41bb-83b7-b936530e8a46 to datanode:cef71658-d1b1-44d1-b37f-521e4e788a00
2020-08-16 01:33:00,925 [RatisPipelineUtilsThread] INFO  pipeline.RatisPipelineProvider (RatisPipelineProvider.java:lambda$create$0(138)) - Sending CreatePipelineCommand for pipeline:PipelineID=bd77e43a-9b37-41bb-83b7-b936530e8a46 to datanode:0aca2dfd-bb2b-492e-a75d-c6ff1d491f50
2020-08-16 01:33:00,925 [RatisPipelineUtilsThread] INFO  pipeline.PipelineStateManager (PipelineStateManager.java:addPipeline(54)) - Created pipeline Pipeline[ Id: bd77e43a-9b37-41bb-83b7-b936530e8a46, Nodes: 3911b809-9d88-4a7a-8c07-514c24e02423{ip: 172.17.0.2, host: bb0b45a2c250, networkLocation: /default-rack, certSerialId: null}cef71658-d1b1-44d1-b37f-521e4e788a00{ip: 172.17.0.2, host: bb0b45a2c250, networkLocation: /default-rack, certSerialId: null}0aca2dfd-bb2b-492e-a75d-c6ff1d491f50{ip: 172.17.0.2, host: bb0b45a2c250, networkLocation: /default-rack, certSerialId: null}, Type:RATIS, Factor:THREE, State:ALLOCATED, leaderId:, CreationTimestamp2020-08-16T01:33:00.924Z]
2020-08-16 01:33:01,057 [Listener at 127.0.0.1/34499] INFO  ozone.MiniOzoneClusterImpl (MiniOzoneClusterImpl.java:lambda$waitForClusterToBeReady$0(177)) - Waiting for nodes to be ready. Got 6 of 7 DN Heartbeats.
2020-08-16 01:33:01,057 [Listener at 127.0.0.1/34499] INFO  ozone.MiniOzoneClusterImpl (MiniOzoneClusterImpl.java:lambda$waitForClusterToBeReady$0(180)) - Waiting for cluster to exit safe mode
2020-08-16 01:33:01,058 [IPC Server handler 2 on default port 41857] INFO  net.NetworkTopology (NetworkTopologyImpl.java:add(111)) - Added a new node: /default-rack/124f0e29-3351-4707-96c6-81bbc40b441a
2020-08-16 01:33:01,058 [IPC Server handler 2 on default port 41857] INFO  node.SCMNodeManager (SCMNodeManager.java:register(274)) - Registered Data node : 124f0e29-3351-4707-96c6-81bbc40b441a{ip: 172.17.0.2, host: bb0b45a2c250, networkLocation: /default-rack, certSerialId: null}
2020-08-16 01:33:01,059 [EventQueue-NodeRegistrationContainerReportForContainerSafeModeRule] INFO  safemode.SCMSafeModeManager (SCMSafeModeManager.java:validateSafeModeExitRules(214)) - ContainerSafeModeRule rule is successfully validated
2020-08-16 01:33:01,059 [EventQueue-NodeRegistrationContainerReportForDataNodeSafeModeRule] INFO  safemode.SCMSafeModeManager (SCMSafeModeManager.java:validateSafeModeExitRules(214)) - DataNodeSafeModeRule rule is successfully validated
2020-08-16 01:33:01,059 [RatisPipelineUtilsThread] INFO  pipeline.RatisPipelineProvider (RatisPipelineProvider.java:lambda$create$0(138)) - Sending CreatePipelineCommand for pipeline:PipelineID=cddb8264-955b-4d60-a0fa-6e9afb501e3b to datanode:124f0e29-3351-4707-96c6-81bbc40b441a
2020-08-16 01:33:01,060 [RatisPipelineUtilsThread] INFO  pipeline.PipelineStateManager (PipelineStateManager.java:addPipeline(54)) - Created pipeline Pipeline[ Id: cddb8264-955b-4d60-a0fa-6e9afb501e3b, Nodes: 124f0e29-3351-4707-96c6-81bbc40b441a{ip: 172.17.0.2, host: bb0b45a2c250, networkLocation: /default-rack, certSerialId: null}, Type:RATIS, Factor:ONE, State:ALLOCATED, leaderId:, CreationTimestamp2020-08-16T01:33:01.059Z]
2020-08-16 01:33:02,057 [Listener at 127.0.0.1/34499] INFO  ozone.MiniOzoneClusterImpl (MiniOzoneClusterImpl.java:lambda$waitForClusterToBeReady$0(177)) - Nodes are ready. Got 7 of 7 DN Heartbeats.
2020-08-16 01:33:02,058 [Listener at 127.0.0.1/34499] INFO  ozone.MiniOzoneClusterImpl (MiniOzoneClusterImpl.java:lambda$waitForClusterToBeReady$0(180)) - Waiting for cluster to exit safe mode
2020-08-16 01:33:03,058 [Listener at 127.0.0.1/34499] INFO  ozone.MiniOzoneClusterImpl (MiniOzoneClusterImpl.java:lambda$waitForClusterToBeReady$0(177)) - Nodes are ready. Got 7 of 7 DN Heartbeats.
2020-08-16 01:33:03,058 [Listener at 127.0.0.1/34499] INFO  ozone.MiniOzoneClusterImpl (MiniOzoneClusterImpl.java:lambda$waitForClusterToBeReady$0(180)) - Waiting for cluster to exit safe mode
2020-08-16 01:33:03,202 [Command processor thread] INFO  impl.RaftServerProxy (RaftServerProxy.java:addNew(89)) - beaeafa8-2e09-4551-bc75-8fc35f38ec6f: addNew group-564D981D9636:[beaeafa8-2e09-4551-bc75-8fc35f38ec6f:172.17.0.2:38845] returns group-564D981D9636:java.util.concurrent.CompletableFuture@c4b0aca[Not completed]
2020-08-16 01:33:03,203 [pool-162-thread-1] INFO  impl.RaftServerImpl (RaftServerImpl.java:<init>(107)) - beaeafa8-2e09-4551-bc75-8fc35f38ec6f: new RaftServerImpl for group-564D981D9636:[beaeafa8-2e09-4551-bc75-8fc35f38ec6f:172.17.0.2:38845] with ContainerStateMachine:uninitialized
2020-08-16 01:33:03,212 [pool-162-thread-1] INFO  server.RaftServerConfigKeys (ConfUtils.java:logGet(44)) - raft.server.rpc.timeout.min = 5s (custom)
2020-08-16 01:33:03,212 [pool-162-thread-1] INFO  server.RaftServerConfigKeys (ConfUtils.java:logGet(44)) - raft.server.rpc.timeout.max = 5200ms (custom)
2020-08-16 01:33:03,212 [pool-162-thread-1] INFO  server.RaftServerConfigKeys (ConfUtils.java:logGet(44)) - raft.server.rpcslowness.timeout = 300s (custom)
2020-08-16 01:33:03,212 [pool-162-thread-1] INFO  server.RaftServerConfigKeys (ConfUtils.java:logGet(44)) - raft.server.sleep.deviation.threshold = 300 (default)
2020-08-16 01:33:03,212 [pool-162-thread-1] INFO  server.RaftServerConfigKeys (ConfUtils.java:logGet(44)) - raft.server.log.appender.install.snapshot.enabled = false (custom)
2020-08-16 01:33:03,212 [pool-162-thread-1] INFO  impl.RaftServerImpl (ServerState.java:<init>(103)) - beaeafa8-2e09-4551-bc75-8fc35f38ec6f@group-564D981D9636: ConfigurationManager, init=-1: [beaeafa8-2e09-4551-bc75-8fc35f38ec6f:172.17.0.2:38845], old=null, confs=<EMPTY_MAP>
2020-08-16 01:33:03,213 [pool-162-thread-1] INFO  server.RaftServerConfigKeys (ConfUtils.java:logGet(44)) - raft.server.storage.dir = [/github/workspace/mnt/ozone/hadoop-ozone/integration-test/target/test-dir/MiniOzoneClusterImpl-c38a1ae0-e263-4e30-b27e-4e0674c9e28f/datanode-0/data/ratis] (custom)
2020-08-16 01:33:03,213 [pool-162-thread-1] INFO  server.RaftServerConfigKeys (ConfUtils.java:logGet(44)) - raft.server.log.corruption.policy = EXCEPTION (default)
2020-08-16 01:33:03,213 [pool-162-thread-1] INFO  storage.RaftStorageDirectory (RaftStorageDirectory.java:analyzeStorage(261)) - The storage directory /github/workspace/mnt/ozone/hadoop-ozone/integration-test/target/test-dir/MiniOzoneClusterImpl-c38a1ae0-e263-4e30-b27e-4e0674c9e28f/datanode-0/data/ratis/55de2fb0-c03a-4a4b-afe6-564d981d9636 does not exist. Creating ...
2020-08-16 01:33:03,215 [pool-162-thread-1] INFO  storage.RaftStorageDirectory (RaftStorageDirectory.java:tryLock(343)) - Lock on /github/workspace/mnt/ozone/hadoop-ozone/integration-test/target/test-dir/MiniOzoneClusterImpl-c38a1ae0-e263-4e30-b27e-4e0674c9e28f/datanode-0/data/ratis/55de2fb0-c03a-4a4b-afe6-564d981d9636/in_use.lock acquired by nodename 28834@bb0b45a2c250
2020-08-16 01:33:03,216 [pool-162-thread-1] INFO  storage.RaftStorage (RaftStorage.java:format(84)) - Storage directory /github/workspace/mnt/ozone/hadoop-ozone/integration-test/target/test-dir/MiniOzoneClusterImpl-c38a1ae0-e263-4e30-b27e-4e0674c9e28f/datanode-0/data/ratis/55de2fb0-c03a-4a4b-afe6-564d981d9636 has been successfully formatted.
2020-08-16 01:33:03,216 [pool-162-thread-1] INFO  ratis.ContainerStateMachine (ContainerStateMachine.java:loadSnapshot(225)) - group-564D981D9636: The snapshot info is null. Setting the last applied indexto:(t:0, i:~)
2020-08-16 01:33:03,216 [Datanode State Machine Thread - 0] WARN  statemachine.DatanodeStateMachine (DatanodeStateMachine.java:start(245)) - Interrupt the execution.
java.lang.InterruptedException: sleep interrupted
	at java.lang.Thread.sleep(Native Method)
	at org.apache.hadoop.ozone.container.common.statemachine.DatanodeStateMachine.start(DatanodeStateMachine.java:243)
	at org.apache.hadoop.ozone.container.common.statemachine.DatanodeStateMachine.lambda$startDaemon$0(DatanodeStateMachine.java:405)
	at java.lang.Thread.run(Thread.java:748)
2020-08-16 01:33:03,217 [pool-162-thread-1] INFO  server.RaftServerConfigKeys (ConfUtils.java:logGet(44)) - raft.server.notification.no-leader.timeout = 300s (custom)
2020-08-16 01:33:03,217 [pool-162-thread-1] INFO  server.RaftServerConfigKeys (ConfUtils.java:logGet(44)) - raft.server.log.use.memory = false (default)
2020-08-16 01:33:03,217 [pool-162-thread-1] INFO  server.RaftServerConfigKeys (ConfUtils.java:logGet(44)) - raft.server.log.purge.gap = 1000000 (custom)
2020-08-16 01:33:03,217 [pool-162-thread-1] INFO  metrics.RatisMetrics (RatisMetrics.java:lambda$create$0(36)) - Creating Metrics Registry : ratis.log_worker.beaeafa8-2e09-4551-bc75-8fc35f38ec6f@group-564D981D9636
2020-08-16 01:33:03,218 [pool-162-thread-1] INFO  server.RaftServerConfigKeys (ConfUtils.java:logGet(44)) - raft.server.log.appender.buffer.byte-limit = 33554432 (custom)
2020-08-16 01:33:03,218 [pool-162-thread-1] INFO  server.RaftServerConfigKeys (ConfUtils.java:logGet(44)) - raft.server.log.segment.size.max = 1048576 (custom)
2020-08-16 01:33:03,219 [EventQueue-PipelineReportForPipelineReportHandler] INFO  pipeline.PipelineStateManager (PipelineStateManager.java:openPipeline(131)) - Pipeline Pipeline[ Id: 55de2fb0-c03a-4a4b-afe6-564d981d9636, Nodes: beaeafa8-2e09-4551-bc75-8fc35f38ec6f{ip: 172.17.0.2, host: bb0b45a2c250, networkLocation: /default-rack, certSerialId: null}, Type:RATIS, Factor:ONE, State:ALLOCATED, leaderId:beaeafa8-2e09-4551-bc75-8fc35f38ec6f, CreationTimestamp2020-08-16T01:33:00.203Z] moved to OPEN state
2020-08-16 01:33:03,219 [pool-162-thread-1] INFO  server.RaftServerConfigKeys (ConfUtils.java:logGet(44)) - raft.server.log.segment.cache.num.max = 2 (custom)
2020-08-16 01:33:03,219 [pool-162-thread-1] INFO  segmented.SegmentedRaftLogWorker (SegmentedRaftLogWorker.java:<init>(180)) - new beaeafa8-2e09-4551-bc75-8fc35f38ec6f@group-564D981D9636-SegmentedRaftLogWorker for RaftStorage:Storage Directory /github/workspace/mnt/ozone/hadoop-ozone/integration-test/target/test-dir/MiniOzoneClusterImpl-c38a1ae0-e263-4e30-b27e-4e0674c9e28f/datanode-0/data/ratis/55de2fb0-c03a-4a4b-afe6-564d981d9636
2020-08-16 01:33:03,219 [pool-162-thread-1] INFO  server.RaftServerConfigKeys (ConfUtils.java:logGet(44)) - raft.server.log.queue.byte-limit = 2147483647 (custom)
2020-08-16 01:33:03,221 [pool-162-thread-1] INFO  server.RaftServerConfigKeys (ConfUtils.java:logGet(44)) - raft.server.log.queue.element-limit = 1024 (custom)
2020-08-16 01:33:03,221 [pool-162-thread-1] INFO  server.RaftServerConfigKeys (ConfUtils.java:logGet(44)) - raft.server.log.segment.size.max = 1048576 (custom)
2020-08-16 01:33:03,221 [pool-162-thread-1] INFO  server.RaftServerConfigKeys (ConfUtils.java:logGet(44)) - raft.server.log.preallocated.size = 16384 (custom)
2020-08-16 01:33:03,221 [pool-162-thread-1] INFO  server.RaftServerConfigKeys (ConfUtils.java:logGet(44)) - raft.server.log.write.buffer.size = 1048576 (custom)
2020-08-16 01:33:03,221 [pool-162-thread-1] INFO  server.RaftServerConfigKeys (ConfUtils.java:logGet(44)) - raft.server.log.force.sync.num = 128 (default)
2020-08-16 01:33:03,222 [pool-162-thread-1] INFO  server.RaftServerConfigKeys (ConfUtils.java:logGet(44)) - raft.server.log.statemachine.data.sync = true (default)
2020-08-16 01:33:03,222 [pool-162-thread-1] INFO  server.RaftServerConfigKeys (ConfUtils.java:logGet(44)) - raft.server.log.statemachine.data.sync.timeout = 10s (default)
2020-08-16 01:33:03,222 [pool-162-thread-1] INFO  server.RaftServerConfigKeys (ConfUtils.java:logGet(44)) - raft.server.log.statemachine.data.sync.timeout.retry = -1 (default)
2020-08-16 01:33:03,224 [pool-162-thread-1] INFO  server.RaftServerConfigKeys (ConfUtils.java:logGet(44)) - raft.server.log.statemachine.data.caching.enabled = true (custom)
2020-08-16 01:33:03,224 [pool-162-thread-1] INFO  segmented.SegmentedRaftLogWorker (SegmentedRaftLogWorker.java:lambda$new$0(129)) - beaeafa8-2e09-4551-bc75-8fc35f38ec6f@group-564D981D9636-SegmentedRaftLogWorker: flushIndex: setUnconditionally 0 -> -1
2020-08-16 01:33:03,224 [pool-162-thread-1] INFO  segmented.SegmentedRaftLogWorker (SegmentedRaftLogWorker.java:lambda$new$0(129)) - beaeafa8-2e09-4551-bc75-8fc35f38ec6f@group-564D981D9636-SegmentedRaftLogWorker: safeCacheEvictIndex: setUnconditionally 0 -> -1
2020-08-16 01:33:03,224 [EventQueue-OpenPipelineForHealthyPipelineSafeModeRule] INFO  safemode.SCMSafeModeManager (HealthyPipelineSafeModeRule.java:process(129)) - SCM in safe mode. Healthy pipelines reported count is 0, required healthy pipeline reported count is 1
2020-08-16 01:33:03,227 [EventQueue-OpenPipelineForOneReplicaPipelineSafeModeRule] INFO  safemode.SCMSafeModeManager (SCMSafeModeManager.java:validateSafeModeExitRules(214)) - AtleastOneDatanodeReportedRule rule is successfully validated
2020-08-16 01:33:03,232 [pool-162-thread-1] INFO  server.RaftServerConfigKeys (ConfUtils.java:logGet(44)) - raft.server.snapshot.auto.trigger.enabled = true (custom)
2020-08-16 01:33:03,233 [pool-162-thread-1] INFO  server.RaftServerConfigKeys (ConfUtils.java:logGet(44)) - raft.server.snapshot.auto.trigger.threshold = 10000 (custom)
2020-08-16 01:33:03,233 [pool-162-thread-1] INFO  server.RaftServerConfigKeys (ConfUtils.java:logGet(44)) - raft.server.snapshot.retention.file.num = 5 (custom)
2020-08-16 01:33:03,233 [pool-162-thread-1] INFO  server.RaftServerConfigKeys (ConfUtils.java:logGet(44)) - raft.server.log.purge.upto.snapshot.index = false (default)
2020-08-16 01:33:03,233 [pool-162-thread-1] INFO  server.RaftServerConfigKeys (ConfUtils.java:logGet(44)) - raft.server.retrycache.expirytime = 600000ms (custom)
2020-08-16 01:33:03,233 [pool-162-thread-1] INFO  metrics.RatisMetrics (RatisMetrics.java:lambda$create$0(36)) - Creating Metrics Registry : ratis.leader_election.beaeafa8-2e09-4551-bc75-8fc35f38ec6f@group-564D981D9636
2020-08-16 01:33:03,234 [pool-162-thread-1] INFO  metrics.RatisMetrics (RatisMetrics.java:lambda$create$0(36)) - Creating Metrics Registry : ratis.server.beaeafa8-2e09-4551-bc75-8fc35f38ec6f@group-564D981D9636
2020-08-16 01:33:03,236 [pool-162-thread-1] INFO  impl.RaftServerImpl (RaftServerImpl.java:start(196)) - beaeafa8-2e09-4551-bc75-8fc35f38ec6f@group-564D981D9636: start as a follower, conf=-1: [beaeafa8-2e09-4551-bc75-8fc35f38ec6f:172.17.0.2:38845], old=null
2020-08-16 01:33:03,236 [pool-162-thread-1] INFO  impl.RaftServerImpl (RaftServerImpl.java:setRole(185)) - beaeafa8-2e09-4551-bc75-8fc35f38ec6f@group-564D981D9636: changes role from      null to FOLLOWER at term 0 for startAsFollower
2020-08-16 01:33:03,236 [pool-162-thread-1] INFO  impl.RoleInfo (RoleInfo.java:updateAndGet(143)) - beaeafa8-2e09-4551-bc75-8fc35f38ec6f: start FollowerState
2020-08-16 01:33:03,236 [pool-162-thread-1] INFO  util.JmxRegister (JmxRegister.java:tryRegister(44)) - Successfully registered JMX Bean with object name Ratis:service=RaftServer,group=group-564D981D9636,id=beaeafa8-2e09-4551-bc75-8fc35f38ec6f
2020-08-16 01:33:03,236 [pool-162-thread-1] INFO  metrics.RatisMetrics (RatisMetrics.java:lambda$create$0(36)) - Creating Metrics Registry : ratis.state_machine.beaeafa8-2e09-4551-bc75-8fc35f38ec6f@group-564D981D9636
2020-08-16 01:33:03,238 [Command processor thread] INFO  commandhandler.CreatePipelineCommandHandler (CreatePipelineCommandHandler.java:handle(110)) - Created Pipeline RATIS ONE #id: "55de2fb0-c03a-4a4b-afe6-564d981d9636"
uuid128 {
  mostSigBits: 6187435374239435339
  leastSigBits: -5771830981164165578
}
.
2020-08-16 01:33:03,238 [Command processor thread] INFO  impl.RaftServerProxy (RaftServerProxy.java:addNew(89)) - beaeafa8-2e09-4551-bc75-8fc35f38ec6f: addNew group-F3FA92D03604:[beaeafa8-2e09-4551-bc75-8fc35f38ec6f:172.17.0.2:38845, 77e37df0-b62c-4380-bf35-d4503fc20896:172.17.0.2:40933, 546ce851-431a-41f4-9a88-b3ac322f1852:172.17.0.2:40883] returns group-F3FA92D03604:java.util.concurrent.CompletableFuture@8749f9b[Not completed]
2020-08-16 01:33:03,240 [pool-162-thread-1] INFO  impl.RaftServerImpl (RaftServerImpl.java:<init>(107)) - beaeafa8-2e09-4551-bc75-8fc35f38ec6f: new RaftServerImpl for group-F3FA92D03604:[beaeafa8-2e09-4551-bc75-8fc35f38ec6f:172.17.0.2:38845, 77e37df0-b62c-4380-bf35-d4503fc20896:172.17.0.2:40933, 546ce851-431a-41f4-9a88-b3ac322f1852:172.17.0.2:40883] with ContainerStateMachine:uninitialized
2020-08-16 01:33:03,240 [pool-162-thread-1] INFO  server.RaftServerConfigKeys (ConfUtils.java:logGet(44)) - raft.server.rpc.timeout.min = 5s (custom)
2020-08-16 01:33:03,240 [pool-162-thread-1] INFO  server.RaftServerConfigKeys (ConfUtils.java:logGet(44)) - raft.server.rpc.timeout.max = 5200ms (custom)
2020-08-16 01:33:03,240 [pool-162-thread-1] INFO  server.RaftServerConfigKeys (ConfUtils.java:logGet(44)) - raft.server.rpcslowness.timeout = 300s (custom)
2020-08-16 01:33:03,240 [pool-162-thread-1] INFO  server.RaftServerConfigKeys (ConfUtils.java:logGet(44)) - raft.server.sleep.deviation.threshold = 300 (default)
2020-08-16 01:33:03,240 [pool-162-thread-1] INFO  server.RaftServerConfigKeys (ConfUtils.java:logGet(44)) - raft.server.log.appender.install.snapshot.enabled = false (custom)
2020-08-16 01:33:03,240 [pool-162-thread-1] INFO  impl.RaftServerImpl (ServerState.java:<init>(103)) - beaeafa8-2e09-4551-bc75-8fc35f38ec6f@group-F3FA92D03604: ConfigurationManager, init=-1: [beaeafa8-2e09-4551-bc75-8fc35f38ec6f:172.17.0.2:38845, 77e37df0-b62c-4380-bf35-d4503fc20896:172.17.0.2:40933, 546ce851-431a-41f4-9a88-b3ac322f1852:172.17.0.2:40883], old=null, confs=<EMPTY_MAP>
2020-08-16 01:33:03,240 [pool-162-thread-1] INFO  server.RaftServerConfigKeys (ConfUtils.java:logGet(44)) - raft.server.storage.dir = [/github/workspace/mnt/ozone/hadoop-ozone/integration-test/target/test-dir/MiniOzoneClusterImpl-c38a1ae0-e263-4e30-b27e-4e0674c9e28f/datanode-0/data/ratis] (custom)
2020-08-16 01:33:03,240 [pool-162-thread-1] INFO  server.RaftServerConfigKeys (ConfUtils.java:logGet(44)) - raft.server.log.corruption.policy = EXCEPTION (default)
2020-08-16 01:33:03,241 [pool-162-thread-1] INFO  storage.RaftStorageDirectory (RaftStorageDirectory.java:analyzeStorage(261)) - The storage directory /github/workspace/mnt/ozone/hadoop-ozone/integration-test/target/test-dir/MiniOzoneClusterImpl-c38a1ae0-e263-4e30-b27e-4e0674c9e28f/datanode-0/data/ratis/c229b8d9-2971-42a2-bc75-f3fa92d03604 does not exist. Creating ...
2020-08-16 01:33:03,242 [pool-162-thread-1] INFO  storage.RaftStorageDirectory (RaftStorageDirectory.java:tryLock(343)) - Lock on /github/workspace/mnt/ozone/hadoop-ozone/integration-test/target/test-dir/MiniOzoneClusterImpl-c38a1ae0-e263-4e30-b27e-4e0674c9e28f/datanode-0/data/ratis/c229b8d9-2971-42a2-bc75-f3fa92d03604/in_use.lock acquired by nodename 28834@bb0b45a2c250
2020-08-16 01:33:03,243 [pool-162-thread-1] INFO  storage.RaftStorage (RaftStorage.java:format(84)) - Storage directory /github/workspace/mnt/ozone/hadoop-ozone/integration-test/target/test-dir/MiniOzoneClusterImpl-c38a1ae0-e263-4e30-b27e-4e0674c9e28f/datanode-0/data/ratis/c229b8d9-2971-42a2-bc75-f3fa92d03604 has been successfully formatted.
2020-08-16 01:33:03,243 [pool-162-thread-1] INFO  ratis.ContainerStateMachine (ContainerStateMachine.java:loadSnapshot(225)) - group-F3FA92D03604: The snapshot info is null. Setting the last applied indexto:(t:0, i:~)
2020-08-16 01:33:03,243 [Datanode State Machine Thread - 0] WARN  statemachine.DatanodeStateMachine (DatanodeStateMachine.java:start(245)) - Interrupt the execution.
java.lang.InterruptedException: sleep interrupted
	at java.lang.Thread.sleep(Native Method)
	at org.apache.hadoop.ozone.container.common.statemachine.DatanodeStateMachine.start(DatanodeStateMachine.java:243)
	at org.apache.hadoop.ozone.container.common.statemachine.DatanodeStateMachine.lambda$startDaemon$0(DatanodeStateMachine.java:405)
	at java.lang.Thread.run(Thread.java:748)
2020-08-16 01:33:03,243 [pool-162-thread-1] INFO  server.RaftServerConfigKeys (ConfUtils.java:logGet(44)) - raft.server.notification.no-leader.timeout = 300s (custom)
2020-08-16 01:33:03,244 [pool-162-thread-1] INFO  server.RaftServerConfigKeys (ConfUtils.java:logGet(44)) - raft.server.log.use.memory = false (default)
2020-08-16 01:33:03,244 [pool-162-thread-1] INFO  server.RaftServerConfigKeys (ConfUtils.java:logGet(44)) - raft.server.log.purge.gap = 1000000 (custom)
2020-08-16 01:33:03,244 [pool-162-thread-1] INFO  metrics.RatisMetrics (RatisMetrics.java:lambda$create$0(36)) - Creating Metrics Registry : ratis.log_worker.beaeafa8-2e09-4551-bc75-8fc35f38ec6f@group-F3FA92D03604
2020-08-16 01:33:03,244 [pool-162-thread-1] INFO  server.RaftServerConfigKeys (ConfUtils.java:logGet(44)) - raft.server.log.appender.buffer.byte-limit = 33554432 (custom)
2020-08-16 01:33:03,244 [pool-162-thread-1] INFO  server.RaftServerConfigKeys (ConfUtils.java:logGet(44)) - raft.server.log.segment.size.max = 1048576 (custom)
2020-08-16 01:33:03,245 [pool-162-thread-1] INFO  server.RaftServerConfigKeys (ConfUtils.java:logGet(44)) - raft.server.log.segment.cache.num.max = 2 (custom)
2020-08-16 01:33:03,245 [pool-162-thread-1] INFO  segmented.SegmentedRaftLogWorker (SegmentedRaftLogWorker.java:<init>(180)) - new beaeafa8-2e09-4551-bc75-8fc35f38ec6f@group-F3FA92D03604-SegmentedRaftLogWorker for RaftStorage:Storage Directory /github/workspace/mnt/ozone/hadoop-ozone/integration-test/target/test-dir/MiniOzoneClusterImpl-c38a1ae0-e263-4e30-b27e-4e0674c9e28f/datanode-0/data/ratis/c229b8d9-2971-42a2-bc75-f3fa92d03604
2020-08-16 01:33:03,245 [pool-162-thread-1] INFO  server.RaftServerConfigKeys (ConfUtils.java:logGet(44)) - raft.server.log.queue.byte-limit = 2147483647 (custom)
2020-08-16 01:33:03,245 [pool-162-thread-1] INFO  server.RaftServerConfigKeys (ConfUtils.java:logGet(44)) - raft.server.log.queue.element-limit = 1024 (custom)
2020-08-16 01:33:03,245 [pool-162-thread-1] INFO  server.RaftServerConfigKeys (ConfUtils.java:logGet(44)) - raft.server.log.segment.size.max = 1048576 (custom)
2020-08-16 01:33:03,245 [pool-162-thread-1] INFO  server.RaftServerConfigKeys (ConfUtils.java:logGet(44)) - raft.server.log.preallocated.size = 16384 (custom)
2020-08-16 01:33:03,246 [pool-162-thread-1] INFO  server.RaftServerConfigKeys (ConfUtils.java:logGet(44)) - raft.server.log.write.buffer.size = 1048576 (custom)
2020-08-16 01:33:03,246 [pool-162-thread-1] INFO  server.RaftServerConfigKeys (ConfUtils.java:logGet(44)) - raft.server.log.force.sync.num = 128 (default)
2020-08-16 01:33:03,246 [pool-162-thread-1] INFO  server.RaftServerConfigKeys (ConfUtils.java:logGet(44)) - raft.server.log.statemachine.data.sync = true (default)
2020-08-16 01:33:03,246 [pool-162-thread-1] INFO  server.RaftServerConfigKeys (ConfUtils.java:logGet(44)) - raft.server.log.statemachine.data.sync.timeout = 10s (default)
2020-08-16 01:33:03,246 [pool-162-thread-1] INFO  server.RaftServerConfigKeys (ConfUtils.java:logGet(44)) - raft.server.log.statemachine.data.sync.timeout.retry = -1 (default)
2020-08-16 01:33:03,248 [pool-162-thread-1] INFO  server.RaftServerConfigKeys (ConfUtils.java:logGet(44)) - raft.server.log.statemachine.data.caching.enabled = true (custom)
2020-08-16 01:33:03,248 [pool-162-thread-1] INFO  segmented.SegmentedRaftLogWorker (SegmentedRaftLogWorker.java:lambda$new$0(129)) - beaeafa8-2e09-4551-bc75-8fc35f38ec6f@group-F3FA92D03604-SegmentedRaftLogWorker: flushIndex: setUnconditionally 0 -> -1
2020-08-16 01:33:03,248 [pool-162-thread-1] INFO  segmented.SegmentedRaftLogWorker (SegmentedRaftLogWorker.java:lambda$new$0(129)) - beaeafa8-2e09-4551-bc75-8fc35f38ec6f@group-F3FA92D03604-SegmentedRaftLogWorker: safeCacheEvictIndex: setUnconditionally 0 -> -1
2020-08-16 01:33:03,251 [pool-162-thread-1] INFO  server.RaftServerConfigKeys (ConfUtils.java:logGet(44)) - raft.server.snapshot.auto.trigger.enabled = true (custom)
2020-08-16 01:33:03,251 [pool-162-thread-1] INFO  server.RaftServerConfigKeys (ConfUtils.java:logGet(44)) - raft.server.snapshot.auto.trigger.threshold = 10000 (custom)
2020-08-16 01:33:03,251 [pool-162-thread-1] INFO  server.RaftServerConfigKeys (ConfUtils.java:logGet(44)) - raft.server.snapshot.retention.file.num = 5 (custom)
2020-08-16 01:33:03,251 [pool-162-thread-1] INFO  server.RaftServerConfigKeys (ConfUtils.java:logGet(44)) - raft.server.log.purge.upto.snapshot.index = false (default)
2020-08-16 01:33:03,251 [pool-162-thread-1] INFO  server.RaftServerConfigKeys (ConfUtils.java:logGet(44)) - raft.server.retrycache.expirytime = 600000ms (custom)
2020-08-16 01:33:03,252 [pool-162-thread-1] INFO  metrics.RatisMetrics (RatisMetrics.java:lambda$create$0(36)) - Creating Metrics Registry : ratis.leader_election.beaeafa8-2e09-4551-bc75-8fc35f38ec6f@group-F3FA92D03604
2020-08-16 01:33:03,253 [pool-162-thread-1] INFO  metrics.RatisMetrics (RatisMetrics.java:lambda$create$0(36)) - Creating Metrics Registry : ratis.server.beaeafa8-2e09-4551-bc75-8fc35f38ec6f@group-F3FA92D03604
2020-08-16 01:33:03,255 [pool-162-thread-1] INFO  impl.RaftServerImpl (RaftServerImpl.java:start(196)) - beaeafa8-2e09-4551-bc75-8fc35f38ec6f@group-F3FA92D03604: start as a follower, conf=-1: [beaeafa8-2e09-4551-bc75-8fc35f38ec6f:172.17.0.2:38845, 77e37df0-b62c-4380-bf35-d4503fc20896:172.17.0.2:40933, 546ce851-431a-41f4-9a88-b3ac322f1852:172.17.0.2:40883], old=null
2020-08-16 01:33:03,255 [pool-162-thread-1] INFO  impl.RaftServerImpl (RaftServerImpl.java:setRole(185)) - beaeafa8-2e09-4551-bc75-8fc35f38ec6f@group-F3FA92D03604: changes role from      null to FOLLOWER at term 0 for startAsFollower
2020-08-16 01:33:03,255 [pool-162-thread-1] INFO  impl.RoleInfo (RoleInfo.java:updateAndGet(143)) - beaeafa8-2e09-4551-bc75-8fc35f38ec6f: start FollowerState
2020-08-16 01:33:03,258 [pool-162-thread-1] INFO  util.JmxRegister (JmxRegister.java:tryRegister(44)) - Successfully registered JMX Bean with object name Ratis:service=RaftServer,group=group-F3FA92D03604,id=beaeafa8-2e09-4551-bc75-8fc35f38ec6f
2020-08-16 01:33:03,258 [pool-162-thread-1] INFO  metrics.RatisMetrics (RatisMetrics.java:lambda$create$0(36)) - Creating Metrics Registry : ratis.state_machine.beaeafa8-2e09-4551-bc75-8fc35f38ec6f@group-F3FA92D03604
2020-08-16 01:33:03,272 [grpc-default-executor-2] INFO  impl.RaftServerProxy (RaftServerProxy.java:addNew(89)) - 546ce851-431a-41f4-9a88-b3ac322f1852: addNew group-F3FA92D03604:[beaeafa8-2e09-4551-bc75-8fc35f38ec6f:172.17.0.2:38845, 77e37df0-b62c-4380-bf35-d4503fc20896:172.17.0.2:40933, 546ce851-431a-41f4-9a88-b3ac322f1852:172.17.0.2:40883] returns group-F3FA92D03604:java.util.concurrent.CompletableFuture@30581a52[Not completed]
2020-08-16 01:33:03,279 [pool-192-thread-1] INFO  impl.RaftServerImpl (RaftServerImpl.java:<init>(107)) - 546ce851-431a-41f4-9a88-b3ac322f1852: new RaftServerImpl for group-F3FA92D03604:[beaeafa8-2e09-4551-bc75-8fc35f38ec6f:172.17.0.2:38845, 77e37df0-b62c-4380-bf35-d4503fc20896:172.17.0.2:40933, 546ce851-431a-41f4-9a88-b3ac322f1852:172.17.0.2:40883] with ContainerStateMachine:uninitialized
2020-08-16 01:33:03,281 [pool-192-thread-1] INFO  server.RaftServerConfigKeys (ConfUtils.java:logGet(44)) - raft.server.rpc.timeout.min = 5s (custom)
2020-08-16 01:33:03,282 [pool-192-thread-1] INFO  server.RaftServerConfigKeys (ConfUtils.java:logGet(44)) - raft.server.rpc.timeout.max = 5200ms (custom)
2020-08-16 01:33:03,282 [pool-192-thread-1] INFO  server.RaftServerConfigKeys (ConfUtils.java:logGet(44)) - raft.server.rpcslowness.timeout = 300s (custom)
2020-08-16 01:33:03,282 [pool-192-thread-1] INFO  server.RaftServerConfigKeys (ConfUtils.java:logGet(44)) - raft.server.sleep.deviation.threshold = 300 (default)
2020-08-16 01:33:03,283 [pool-192-thread-1] INFO  server.RaftServerConfigKeys (ConfUtils.java:logGet(44)) - raft.server.log.appender.install.snapshot.enabled = false (custom)
2020-08-16 01:33:03,283 [pool-192-thread-1] INFO  impl.RaftServerImpl (ServerState.java:<init>(103)) - 546ce851-431a-41f4-9a88-b3ac322f1852@group-F3FA92D03604: ConfigurationManager, init=-1: [beaeafa8-2e09-4551-bc75-8fc35f38ec6f:172.17.0.2:38845, 77e37df0-b62c-4380-bf35-d4503fc20896:172.17.0.2:40933, 546ce851-431a-41f4-9a88-b3ac322f1852:172.17.0.2:40883], old=null, confs=<EMPTY_MAP>
2020-08-16 01:33:03,283 [pool-192-thread-1] INFO  server.RaftServerConfigKeys (ConfUtils.java:logGet(44)) - raft.server.storage.dir = [/github/workspace/mnt/ozone/hadoop-ozone/integration-test/target/test-dir/MiniOzoneClusterImpl-c38a1ae0-e263-4e30-b27e-4e0674c9e28f/datanode-2/data/ratis] (custom)
2020-08-16 01:33:03,284 [pool-192-thread-1] INFO  server.RaftServerConfigKeys (ConfUtils.java:logGet(44)) - raft.server.log.corruption.policy = EXCEPTION (default)
2020-08-16 01:33:03,285 [pool-192-thread-1] INFO  storage.RaftStorageDirectory (RaftStorageDirectory.java:analyzeStorage(261)) - The storage directory /github/workspace/mnt/ozone/hadoop-ozone/integration-test/target/test-dir/MiniOzoneClusterImpl-c38a1ae0-e263-4e30-b27e-4e0674c9e28f/datanode-2/data/ratis/c229b8d9-2971-42a2-bc75-f3fa92d03604 does not exist. Creating ...
2020-08-16 01:33:03,286 [pool-192-thread-1] INFO  storage.RaftStorageDirectory (RaftStorageDirectory.java:tryLock(343)) - Lock on /github/workspace/mnt/ozone/hadoop-ozone/integration-test/target/test-dir/MiniOzoneClusterImpl-c38a1ae0-e263-4e30-b27e-4e0674c9e28f/datanode-2/data/ratis/c229b8d9-2971-42a2-bc75-f3fa92d03604/in_use.lock acquired by nodename 28834@bb0b45a2c250
2020-08-16 01:33:03,287 [pool-192-thread-1] INFO  storage.RaftStorage (RaftStorage.java:format(84)) - Storage directory /github/workspace/mnt/ozone/hadoop-ozone/integration-test/target/test-dir/MiniOzoneClusterImpl-c38a1ae0-e263-4e30-b27e-4e0674c9e28f/datanode-2/data/ratis/c229b8d9-2971-42a2-bc75-f3fa92d03604 has been successfully formatted.
2020-08-16 01:33:03,288 [pool-192-thread-1] INFO  ratis.ContainerStateMachine (ContainerStateMachine.java:loadSnapshot(225)) - group-F3FA92D03604: The snapshot info is null. Setting the last applied indexto:(t:0, i:~)
2020-08-16 01:33:03,288 [Datanode State Machine Thread - 0] WARN  statemachine.DatanodeStateMachine (DatanodeStateMachine.java:start(245)) - Interrupt the execution.
java.lang.InterruptedException: sleep interrupted
	at java.lang.Thread.sleep(Native Method)
	at org.apache.hadoop.ozone.container.common.statemachine.DatanodeStateMachine.start(DatanodeStateMachine.java:243)
	at org.apache.hadoop.ozone.container.common.statemachine.DatanodeStateMachine.lambda$startDaemon$0(DatanodeStateMachine.java:405)
	at java.lang.Thread.run(Thread.java:748)
2020-08-16 01:33:03,289 [pool-192-thread-1] INFO  server.RaftServerConfigKeys (ConfUtils.java:logGet(44)) - raft.server.notification.no-leader.timeout = 300s (custom)
2020-08-16 01:33:03,289 [pool-192-thread-1] INFO  server.RaftServerConfigKeys (ConfUtils.java:logGet(44)) - raft.server.log.use.memory = false (default)
2020-08-16 01:33:03,293 [pool-192-thread-1] INFO  server.RaftServerConfigKeys (ConfUtils.java:logGet(44)) - raft.server.log.purge.gap = 1000000 (custom)
2020-08-16 01:33:03,293 [pool-192-thread-1] INFO  metrics.RatisMetrics (RatisMetrics.java:lambda$create$0(36)) - Creating Metrics Registry : ratis.log_worker.546ce851-431a-41f4-9a88-b3ac322f1852@group-F3FA92D03604
2020-08-16 01:33:03,293 [pool-192-thread-1] INFO  server.RaftServerConfigKeys (ConfUtils.java:logGet(44)) - raft.server.log.appender.buffer.byte-limit = 33554432 (custom)
2020-08-16 01:33:03,294 [pool-192-thread-1] INFO  server.RaftServerConfigKeys (ConfUtils.java:logGet(44)) - raft.server.log.segment.size.max = 1048576 (custom)
2020-08-16 01:33:03,294 [pool-192-thread-1] INFO  server.RaftServerConfigKeys (ConfUtils.java:logGet(44)) - raft.server.log.segment.cache.num.max = 2 (custom)
2020-08-16 01:33:03,294 [pool-192-thread-1] INFO  segmented.SegmentedRaftLogWorker (SegmentedRaftLogWorker.java:<init>(180)) - new 546ce851-431a-41f4-9a88-b3ac322f1852@group-F3FA92D03604-SegmentedRaftLogWorker for RaftStorage:Storage Directory /github/workspace/mnt/ozone/hadoop-ozone/integration-test/target/test-dir/MiniOzoneClusterImpl-c38a1ae0-e263-4e30-b27e-4e0674c9e28f/datanode-2/data/ratis/c229b8d9-2971-42a2-bc75-f3fa92d03604
2020-08-16 01:33:03,294 [pool-192-thread-1] INFO  server.RaftServerConfigKeys (ConfUtils.java:logGet(44)) - raft.server.log.queue.byte-limit = 2147483647 (custom)
2020-08-16 01:33:03,294 [pool-192-thread-1] INFO  server.RaftServerConfigKeys (ConfUtils.java:logGet(44)) - raft.server.log.queue.element-limit = 1024 (custom)
2020-08-16 01:33:03,295 [pool-192-thread-1] INFO  server.RaftServerConfigKeys (ConfUtils.java:logGet(44)) - raft.server.log.segment.size.max = 1048576 (custom)
2020-08-16 01:33:03,295 [pool-192-thread-1] INFO  server.RaftServerConfigKeys (ConfUtils.java:logGet(44)) - raft.server.log.preallocated.size = 16384 (custom)
2020-08-16 01:33:03,295 [pool-192-thread-1] INFO  server.RaftServerConfigKeys (ConfUtils.java:logGet(44)) - raft.server.log.write.buffer.size = 1048576 (custom)
2020-08-16 01:33:03,295 [pool-192-thread-1] INFO  server.RaftServerConfigKeys (ConfUtils.java:logGet(44)) - raft.server.log.force.sync.num = 128 (default)
2020-08-16 01:33:03,295 [pool-192-thread-1] INFO  server.RaftServerConfigKeys (ConfUtils.java:logGet(44)) - raft.server.log.statemachine.data.sync = true (default)
2020-08-16 01:33:03,295 [pool-192-thread-1] INFO  server.RaftServerConfigKeys (ConfUtils.java:logGet(44)) - raft.server.log.statemachine.data.sync.timeout = 10s (default)
2020-08-16 01:33:03,295 [pool-192-thread-1] INFO  server.RaftServerConfigKeys (ConfUtils.java:logGet(44)) - raft.server.log.statemachine.data.sync.timeout.retry = -1 (default)
2020-08-16 01:33:03,297 [pool-192-thread-1] INFO  server.RaftServerConfigKeys (ConfUtils.java:logGet(44)) - raft.server.log.statemachine.data.caching.enabled = true (custom)
2020-08-16 01:33:03,298 [pool-192-thread-1] INFO  segmented.SegmentedRaftLogWorker (SegmentedRaftLogWorker.java:lambda$new$0(129)) - 546ce851-431a-41f4-9a88-b3ac322f1852@group-F3FA92D03604-SegmentedRaftLogWorker: flushIndex: setUnconditionally 0 -> -1
2020-08-16 01:33:03,298 [pool-192-thread-1] INFO  segmented.SegmentedRaftLogWorker (SegmentedRaftLogWorker.java:lambda$new$0(129)) - 546ce851-431a-41f4-9a88-b3ac322f1852@group-F3FA92D03604-SegmentedRaftLogWorker: safeCacheEvictIndex: setUnconditionally 0 -> -1
2020-08-16 01:33:03,299 [pool-192-thread-1] INFO  server.RaftServerConfigKeys (ConfUtils.java:logGet(44)) - raft.server.snapshot.auto.trigger.enabled = true (custom)
2020-08-16 01:33:03,299 [pool-192-thread-1] INFO  server.RaftServerConfigKeys (ConfUtils.java:logGet(44)) - raft.server.snapshot.auto.trigger.threshold = 10000 (custom)
2020-08-16 01:33:03,299 [pool-192-thread-1] INFO  server.RaftServerConfigKeys (ConfUtils.java:logGet(44)) - raft.server.snapshot.retention.file.num = 5 (custom)
2020-08-16 01:33:03,299 [pool-192-thread-1] INFO  server.RaftServerConfigKeys (ConfUtils.java:logGet(44)) - raft.server.log.purge.upto.snapshot.index = false (default)
2020-08-16 01:33:03,299 [pool-192-thread-1] INFO  server.RaftServerConfigKeys (ConfUtils.java:logGet(44)) - raft.server.retrycache.expirytime = 600000ms (custom)
2020-08-16 01:33:03,299 [pool-192-thread-1] INFO  metrics.RatisMetrics (RatisMetrics.java:lambda$create$0(36)) - Creating Metrics Registry : ratis.leader_election.546ce851-431a-41f4-9a88-b3ac322f1852@group-F3FA92D03604
2020-08-16 01:33:03,300 [pool-192-thread-1] INFO  metrics.RatisMetrics (RatisMetrics.java:lambda$create$0(36)) - Creating Metrics Registry : ratis.server.546ce851-431a-41f4-9a88-b3ac322f1852@group-F3FA92D03604
2020-08-16 01:33:03,302 [pool-192-thread-1] INFO  impl.RaftServerImpl (RaftServerImpl.java:start(196)) - 546ce851-431a-41f4-9a88-b3ac322f1852@group-F3FA92D03604: start as a follower, conf=-1: [beaeafa8-2e09-4551-bc75-8fc35f38ec6f:172.17.0.2:38845, 77e37df0-b62c-4380-bf35-d4503fc20896:172.17.0.2:40933, 546ce851-431a-41f4-9a88-b3ac322f1852:172.17.0.2:40883], old=null
2020-08-16 01:33:03,302 [pool-192-thread-1] INFO  impl.RaftServerImpl (RaftServerImpl.java:setRole(185)) - 546ce851-431a-41f4-9a88-b3ac322f1852@group-F3FA92D03604: changes role from      null to FOLLOWER at term 0 for startAsFollower
2020-08-16 01:33:03,309 [pool-192-thread-1] INFO  impl.RoleInfo (RoleInfo.java:updateAndGet(143)) - 546ce851-431a-41f4-9a88-b3ac322f1852: start FollowerState
2020-08-16 01:33:03,310 [pool-192-thread-1] INFO  util.JmxRegister (JmxRegister.java:tryRegister(44)) - Successfully registered JMX Bean with object name Ratis:service=RaftServer,group=group-F3FA92D03604,id=546ce851-431a-41f4-9a88-b3ac322f1852
2020-08-16 01:33:03,310 [pool-192-thread-1] INFO  metrics.RatisMetrics (RatisMetrics.java:lambda$create$0(36)) - Creating Metrics Registry : ratis.state_machine.546ce851-431a-41f4-9a88-b3ac322f1852@group-F3FA92D03604
2020-08-16 01:33:03,331 [Command processor thread] INFO  impl.RaftServerProxy (RaftServerProxy.java:addNew(89)) - 77e37df0-b62c-4380-bf35-d4503fc20896: addNew group-37EDC4986C8E:[77e37df0-b62c-4380-bf35-d4503fc20896:172.17.0.2:40933] returns group-37EDC4986C8E:java.util.concurrent.CompletableFuture@6b878895[Not completed]
2020-08-16 01:33:03,334 [grpc-default-executor-2] INFO  impl.RaftServerProxy (RaftServerProxy.java:addNew(89)) - 77e37df0-b62c-4380-bf35-d4503fc20896: addNew group-F3FA92D03604:[beaeafa8-2e09-4551-bc75-8fc35f38ec6f:172.17.0.2:38845, 77e37df0-b62c-4380-bf35-d4503fc20896:172.17.0.2:40933, 546ce851-431a-41f4-9a88-b3ac322f1852:172.17.0.2:40883] returns group-F3FA92D03604:java.util.concurrent.CompletableFuture@d10bbd[Not completed]
2020-08-16 01:33:03,337 [pool-177-thread-1] INFO  impl.RaftServerImpl (RaftServerImpl.java:<init>(107)) - 77e37df0-b62c-4380-bf35-d4503fc20896: new RaftServerImpl for group-37EDC4986C8E:[77e37df0-b62c-4380-bf35-d4503fc20896:172.17.0.2:40933] with ContainerStateMachine:uninitialized
2020-08-16 01:33:03,340 [pool-177-thread-1] INFO  server.RaftServerConfigKeys (ConfUtils.java:logGet(44)) - raft.server.rpc.timeout.min = 5s (custom)
2020-08-16 01:33:03,340 [pool-177-thread-1] INFO  server.RaftServerConfigKeys (ConfUtils.java:logGet(44)) - raft.server.rpc.timeout.max = 5200ms (custom)
2020-08-16 01:33:03,340 [pool-177-thread-1] INFO  server.RaftServerConfigKeys (ConfUtils.java:logGet(44)) - raft.server.rpcslowness.timeout = 300s (custom)
2020-08-16 01:33:03,340 [pool-177-thread-1] INFO  server.RaftServerConfigKeys (ConfUtils.java:logGet(44)) - raft.server.sleep.deviation.threshold = 300 (default)
2020-08-16 01:33:03,340 [pool-177-thread-1] INFO  server.RaftServerConfigKeys (ConfUtils.java:logGet(44)) - raft.server.log.appender.install.snapshot.enabled = false (custom)
2020-08-16 01:33:03,340 [pool-177-thread-1] INFO  impl.RaftServerImpl (ServerState.java:<init>(103)) - 77e37df0-b62c-4380-bf35-d4503fc20896@group-37EDC4986C8E: ConfigurationManager, init=-1: [77e37df0-b62c-4380-bf35-d4503fc20896:172.17.0.2:40933], old=null, confs=<EMPTY_MAP>
2020-08-16 01:33:03,341 [pool-177-thread-1] INFO  server.RaftServerConfigKeys (ConfUtils.java:logGet(44)) - raft.server.storage.dir = [/github/workspace/mnt/ozone/hadoop-ozone/integration-test/target/test-dir/MiniOzoneClusterImpl-c38a1ae0-e263-4e30-b27e-4e0674c9e28f/datanode-1/data/ratis] (custom)
2020-08-16 01:33:03,341 [pool-177-thread-1] INFO  server.RaftServerConfigKeys (ConfUtils.java:logGet(44)) - raft.server.log.corruption.policy = EXCEPTION (default)
2020-08-16 01:33:03,341 [pool-177-thread-1] INFO  storage.RaftStorageDirectory (RaftStorageDirectory.java:analyzeStorage(261)) - The storage directory /github/workspace/mnt/ozone/hadoop-ozone/integration-test/target/test-dir/MiniOzoneClusterImpl-c38a1ae0-e263-4e30-b27e-4e0674c9e28f/datanode-1/data/ratis/56729920-04d8-4d3f-aa9a-37edc4986c8e does not exist. Creating ...
2020-08-16 01:33:03,342 [pool-177-thread-1] INFO  storage.RaftStorageDirectory (RaftStorageDirectory.java:tryLock(343)) - Lock on /github/workspace/mnt/ozone/hadoop-ozone/integration-test/target/test-dir/MiniOzoneClusterImpl-c38a1ae0-e263-4e30-b27e-4e0674c9e28f/datanode-1/data/ratis/56729920-04d8-4d3f-aa9a-37edc4986c8e/in_use.lock acquired by nodename 28834@bb0b45a2c250
2020-08-16 01:33:03,343 [pool-177-thread-1] INFO  storage.RaftStorage (RaftStorage.java:format(84)) - Storage directory /github/workspace/mnt/ozone/hadoop-ozone/integration-test/target/test-dir/MiniOzoneClusterImpl-c38a1ae0-e263-4e30-b27e-4e0674c9e28f/datanode-1/data/ratis/56729920-04d8-4d3f-aa9a-37edc4986c8e has been successfully formatted.
2020-08-16 01:33:03,344 [Datanode State Machine Thread - 0] WARN  statemachine.DatanodeStateMachine (DatanodeStateMachine.java:start(245)) - Interrupt the execution.
java.lang.InterruptedException: sleep interrupted
	at java.lang.Thread.sleep(Native Method)
	at org.apache.hadoop.ozone.container.common.statemachine.DatanodeStateMachine.start(DatanodeStateMachine.java:243)
	at org.apache.hadoop.ozone.container.common.statemachine.DatanodeStateMachine.lambda$startDaemon$0(DatanodeStateMachine.java:405)
	at java.lang.Thread.run(Thread.java:748)
2020-08-16 01:33:03,346 [EventQueue-PipelineReportForPipelineReportHandler] INFO  pipeline.PipelineStateManager (PipelineStateManager.java:openPipeline(131)) - Pipeline Pipeline[ Id: 56729920-04d8-4d3f-aa9a-37edc4986c8e, Nodes: 77e37df0-b62c-4380-bf35-d4503fc20896{ip: 172.17.0.2, host: bb0b45a2c250, networkLocation: /default-rack, certSerialId: null}, Type:RATIS, Factor:ONE, State:ALLOCATED, leaderId:77e37df0-b62c-4380-bf35-d4503fc20896, CreationTimestamp2020-08-16T01:33:00.331Z] moved to OPEN state
2020-08-16 01:33:03,346 [EventQueue-OpenPipelineForOneReplicaPipelineSafeModeRule] INFO  safemode.SCMSafeModeManager (SCMSafeModeManager.java:validateSafeModeExitRules(214)) - AtleastOneDatanodeReportedRule rule is successfully validated
2020-08-16 01:33:03,346 [EventQueue-OpenPipelineForHealthyPipelineSafeModeRule] INFO  safemode.SCMSafeModeManager (HealthyPipelineSafeModeRule.java:process(129)) - SCM in safe mode. Healthy pipelines reported count is 0, required healthy pipeline reported count is 1
2020-08-16 01:33:03,347 [pool-177-thread-1] INFO  ratis.ContainerStateMachine (ContainerStateMachine.java:loadSnapshot(225)) - group-37EDC4986C8E: The snapshot info is null. Setting the last applied indexto:(t:0, i:~)
2020-08-16 01:33:03,347 [pool-177-thread-1] INFO  server.RaftServerConfigKeys (ConfUtils.java:logGet(44)) - raft.server.notification.no-leader.timeout = 300s (custom)
2020-08-16 01:33:03,347 [pool-177-thread-1] INFO  server.RaftServerConfigKeys (ConfUtils.java:logGet(44)) - raft.server.log.use.memory = false (default)
2020-08-16 01:33:03,347 [pool-177-thread-1] INFO  server.RaftServerConfigKeys (ConfUtils.java:logGet(44)) - raft.server.log.purge.gap = 1000000 (custom)
2020-08-16 01:33:03,348 [pool-177-thread-1] INFO  metrics.RatisMetrics (RatisMetrics.java:lambda$create$0(36)) - Creating Metrics Registry : ratis.log_worker.77e37df0-b62c-4380-bf35-d4503fc20896@group-37EDC4986C8E
2020-08-16 01:33:03,349 [pool-177-thread-1] INFO  server.RaftServerConfigKeys (ConfUtils.java:logGet(44)) - raft.server.log.appender.buffer.byte-limit = 33554432 (custom)
2020-08-16 01:33:03,349 [pool-177-thread-1] INFO  server.RaftServerConfigKeys (ConfUtils.java:logGet(44)) - raft.server.log.segment.size.max = 1048576 (custom)
2020-08-16 01:33:03,350 [pool-177-thread-1] INFO  server.RaftServerConfigKeys (ConfUtils.java:logGet(44)) - raft.server.log.segment.cache.num.max = 2 (custom)
2020-08-16 01:33:03,350 [pool-177-thread-1] INFO  segmented.SegmentedRaftLogWorker (SegmentedRaftLogWorker.java:<init>(180)) - new 77e37df0-b62c-4380-bf35-d4503fc20896@group-37EDC4986C8E-SegmentedRaftLogWorker for RaftStorage:Storage Directory /github/workspace/mnt/ozone/hadoop-ozone/integration-test/target/test-dir/MiniOzoneClusterImpl-c38a1ae0-e263-4e30-b27e-4e0674c9e28f/datanode-1/data/ratis/56729920-04d8-4d3f-aa9a-37edc4986c8e
2020-08-16 01:33:03,350 [pool-177-thread-1] INFO  server.RaftServerConfigKeys (ConfUtils.java:logGet(44)) - raft.server.log.queue.byte-limit = 2147483647 (custom)
2020-08-16 01:33:03,350 [pool-177-thread-1] INFO  server.RaftServerConfigKeys (ConfUtils.java:logGet(44)) - raft.server.log.queue.element-limit = 1024 (custom)
2020-08-16 01:33:03,350 [pool-177-thread-1] INFO  server.RaftServerConfigKeys (ConfUtils.java:logGet(44)) - raft.server.log.segment.size.max = 1048576 (custom)
2020-08-16 01:33:03,350 [pool-177-thread-1] INFO  server.RaftServerConfigKeys (ConfUtils.java:logGet(44)) - raft.server.log.preallocated.size = 16384 (custom)
2020-08-16 01:33:03,351 [pool-177-thread-1] INFO  server.RaftServerConfigKeys (ConfUtils.java:logGet(44)) - raft.server.log.write.buffer.size = 1048576 (custom)
2020-08-16 01:33:03,351 [pool-177-thread-1] INFO  server.RaftServerConfigKeys (ConfUtils.java:logGet(44)) - raft.server.log.force.sync.num = 128 (default)
2020-08-16 01:33:03,351 [pool-177-thread-1] INFO  server.RaftServerConfigKeys (ConfUtils.java:logGet(44)) - raft.server.log.statemachine.data.sync = true (default)
2020-08-16 01:33:03,351 [pool-177-thread-1] INFO  server.RaftServerConfigKeys (ConfUtils.java:logGet(44)) - raft.server.log.statemachine.data.sync.timeout = 10s (default)
2020-08-16 01:33:03,351 [pool-177-thread-1] INFO  server.RaftServerConfigKeys (ConfUtils.java:logGet(44)) - raft.server.log.statemachine.data.sync.timeout.retry = -1 (default)
2020-08-16 01:33:03,353 [pool-177-thread-1] INFO  server.RaftServerConfigKeys (ConfUtils.java:logGet(44)) - raft.server.log.statemachine.data.caching.enabled = true (custom)
2020-08-16 01:33:03,354 [pool-177-thread-1] INFO  segmented.SegmentedRaftLogWorker (SegmentedRaftLogWorker.java:lambda$new$0(129)) - 77e37df0-b62c-4380-bf35-d4503fc20896@group-37EDC4986C8E-SegmentedRaftLogWorker: flushIndex: setUnconditionally 0 -> -1
2020-08-16 01:33:03,354 [pool-177-thread-1] INFO  segmented.SegmentedRaftLogWorker (SegmentedRaftLogWorker.java:lambda$new$0(129)) - 77e37df0-b62c-4380-bf35-d4503fc20896@group-37EDC4986C8E-SegmentedRaftLogWorker: safeCacheEvictIndex: setUnconditionally 0 -> -1
2020-08-16 01:33:03,354 [pool-177-thread-1] INFO  server.RaftServerConfigKeys (ConfUtils.java:logGet(44)) - raft.server.snapshot.auto.trigger.enabled = true (custom)
2020-08-16 01:33:03,354 [pool-177-thread-1] INFO  server.RaftServerConfigKeys (ConfUtils.java:logGet(44)) - raft.server.snapshot.auto.trigger.threshold = 10000 (custom)
2020-08-16 01:33:03,354 [pool-177-thread-1] INFO  server.RaftServerConfigKeys (ConfUtils.java:logGet(44)) - raft.server.snapshot.retention.file.num = 5 (custom)
2020-08-16 01:33:03,354 [pool-177-thread-1] INFO  server.RaftServerConfigKeys (ConfUtils.java:logGet(44)) - raft.server.log.purge.upto.snapshot.index = false (default)
2020-08-16 01:33:03,355 [pool-177-thread-1] INFO  server.RaftServerConfigKeys (ConfUtils.java:logGet(44)) - raft.server.retrycache.expirytime = 600000ms (custom)
2020-08-16 01:33:03,355 [pool-177-thread-1] INFO  metrics.RatisMetrics (RatisMetrics.java:lambda$create$0(36)) - Creating Metrics Registry : ratis.leader_election.77e37df0-b62c-4380-bf35-d4503fc20896@group-37EDC4986C8E
2020-08-16 01:33:03,355 [pool-177-thread-1] INFO  metrics.RatisMetrics (RatisMetrics.java:lambda$create$0(36)) - Creating Metrics Registry : ratis.server.77e37df0-b62c-4380-bf35-d4503fc20896@group-37EDC4986C8E
2020-08-16 01:33:03,357 [pool-177-thread-1] INFO  impl.RaftServerImpl (RaftServerImpl.java:<init>(107)) - 77e37df0-b62c-4380-bf35-d4503fc20896: new RaftServerImpl for group-F3FA92D03604:[beaeafa8-2e09-4551-bc75-8fc35f38ec6f:172.17.0.2:38845, 77e37df0-b62c-4380-bf35-d4503fc20896:172.17.0.2:40933, 546ce851-431a-41f4-9a88-b3ac322f1852:172.17.0.2:40883] with ContainerStateMachine:uninitialized
2020-08-16 01:33:03,358 [pool-177-thread-1] INFO  server.RaftServerConfigKeys (ConfUtils.java:logGet(44)) - raft.server.rpc.timeout.min = 5s (custom)
2020-08-16 01:33:03,358 [pool-177-thread-1] INFO  server.RaftServerConfigKeys (ConfUtils.java:logGet(44)) - raft.server.rpc.timeout.max = 5200ms (custom)
2020-08-16 01:33:03,358 [pool-177-thread-1] INFO  server.RaftServerConfigKeys (ConfUtils.java:logGet(44)) - raft.server.rpcslowness.timeout = 300s (custom)
2020-08-16 01:33:03,358 [pool-177-thread-1] INFO  server.RaftServerConfigKeys (ConfUtils.java:logGet(44)) - raft.server.sleep.deviation.threshold = 300 (default)
2020-08-16 01:33:03,358 [pool-177-thread-1] INFO  server.RaftServerConfigKeys (ConfUtils.java:logGet(44)) - raft.server.log.appender.install.snapshot.enabled = false (custom)
2020-08-16 01:33:03,358 [pool-177-thread-1] INFO  impl.RaftServerImpl (ServerState.java:<init>(103)) - 77e37df0-b62c-4380-bf35-d4503fc20896@group-F3FA92D03604: ConfigurationManager, init=-1: [beaeafa8-2e09-4551-bc75-8fc35f38ec6f:172.17.0.2:38845, 77e37df0-b62c-4380-bf35-d4503fc20896:172.17.0.2:40933, 546ce851-431a-41f4-9a88-b3ac322f1852:172.17.0.2:40883], old=null, confs=<EMPTY_MAP>
2020-08-16 01:33:03,358 [pool-177-thread-1] INFO  server.RaftServerConfigKeys (ConfUtils.java:logGet(44)) - raft.server.storage.dir = [/github/workspace/mnt/ozone/hadoop-ozone/integration-test/target/test-dir/MiniOzoneClusterImpl-c38a1ae0-e263-4e30-b27e-4e0674c9e28f/datanode-1/data/ratis] (custom)
2020-08-16 01:33:03,358 [pool-177-thread-1] INFO  server.RaftServerConfigKeys (ConfUtils.java:logGet(44)) - raft.server.log.corruption.policy = EXCEPTION (default)
2020-08-16 01:33:03,358 [pool-177-thread-1] INFO  storage.RaftStorageDirectory (RaftStorageDirectory.java:analyzeStorage(261)) - The storage directory /github/workspace/mnt/ozone/hadoop-ozone/integration-test/target/test-dir/MiniOzoneClusterImpl-c38a1ae0-e263-4e30-b27e-4e0674c9e28f/datanode-1/data/ratis/c229b8d9-2971-42a2-bc75-f3fa92d03604 does not exist. Creating ...
2020-08-16 01:33:03,360 [pool-177-thread-1] INFO  storage.RaftStorageDirectory (RaftStorageDirectory.java:tryLock(343)) - Lock on /github/workspace/mnt/ozone/hadoop-ozone/integration-test/target/test-dir/MiniOzoneClusterImpl-c38a1ae0-e263-4e30-b27e-4e0674c9e28f/datanode-1/data/ratis/c229b8d9-2971-42a2-bc75-f3fa92d03604/in_use.lock acquired by nodename 28834@bb0b45a2c250
2020-08-16 01:33:03,361 [pool-177-thread-1] INFO  storage.RaftStorage (RaftStorage.java:format(84)) - Storage directory /github/workspace/mnt/ozone/hadoop-ozone/integration-test/target/test-dir/MiniOzoneClusterImpl-c38a1ae0-e263-4e30-b27e-4e0674c9e28f/datanode-1/data/ratis/c229b8d9-2971-42a2-bc75-f3fa92d03604 has been successfully formatted.
2020-08-16 01:33:03,362 [pool-177-thread-1] INFO  ratis.ContainerStateMachine (ContainerStateMachine.java:loadSnapshot(225)) - group-F3FA92D03604: The snapshot info is null. Setting the last applied indexto:(t:0, i:~)
2020-08-16 01:33:03,362 [Datanode State Machine Thread - 0] WARN  statemachine.DatanodeStateMachine (DatanodeStateMachine.java:start(245)) - Interrupt the execution.
java.lang.InterruptedException: sleep interrupted
	at java.lang.Thread.sleep(Native Method)
	at org.apache.hadoop.ozone.container.common.statemachine.DatanodeStateMachine.start(DatanodeStateMachine.java:243)
	at org.apache.hadoop.ozone.container.common.statemachine.DatanodeStateMachine.lambda$startDaemon$0(DatanodeStateMachine.java:405)
	at java.lang.Thread.run(Thread.java:748)
2020-08-16 01:33:03,362 [pool-177-thread-1] INFO  server.RaftServerConfigKeys (ConfUtils.java:logGet(44)) - raft.server.notification.no-leader.timeout = 300s (custom)
2020-08-16 01:33:03,363 [pool-177-thread-1] INFO  server.RaftServerConfigKeys (ConfUtils.java:logGet(44)) - raft.server.log.use.memory = false (default)
2020-08-16 01:33:03,363 [pool-177-thread-1] INFO  server.RaftServerConfigKeys (ConfUtils.java:logGet(44)) - raft.server.log.purge.gap = 1000000 (custom)
2020-08-16 01:33:03,364 [pool-177-thread-1] INFO  metrics.RatisMetrics (RatisMetrics.java:lambda$create$0(36)) - Creating Metrics Registry : ratis.log_worker.77e37df0-b62c-4380-bf35-d4503fc20896@group-F3FA92D03604
2020-08-16 01:33:03,364 [pool-177-thread-1] INFO  server.RaftServerConfigKeys (ConfUtils.java:logGet(44)) - raft.server.log.appender.buffer.byte-limit = 33554432 (custom)
2020-08-16 01:33:03,364 [pool-177-thread-1] INFO  server.RaftServerConfigKeys (ConfUtils.java:logGet(44)) - raft.server.log.segment.size.max = 1048576 (custom)
2020-08-16 01:33:03,365 [pool-177-thread-1] INFO  server.RaftServerConfigKeys (ConfUtils.java:logGet(44)) - raft.server.log.segment.cache.num.max = 2 (custom)
2020-08-16 01:33:03,365 [pool-177-thread-1] INFO  segmented.SegmentedRaftLogWorker (SegmentedRaftLogWorker.java:<init>(180)) - new 77e37df0-b62c-4380-bf35-d4503fc20896@group-F3FA92D03604-SegmentedRaftLogWorker for RaftStorage:Storage Directory /github/workspace/mnt/ozone/hadoop-ozone/integration-test/target/test-dir/MiniOzoneClusterImpl-c38a1ae0-e263-4e30-b27e-4e0674c9e28f/datanode-1/data/ratis/c229b8d9-2971-42a2-bc75-f3fa92d03604
2020-08-16 01:33:03,365 [pool-177-thread-1] INFO  server.RaftServerConfigKeys (ConfUtils.java:logGet(44)) - raft.server.log.queue.byte-limit = 2147483647 (custom)
2020-08-16 01:33:03,367 [pool-177-thread-1] INFO  server.RaftServerConfigKeys (ConfUtils.java:logGet(44)) - raft.server.log.queue.element-limit = 1024 (custom)
2020-08-16 01:33:03,367 [pool-177-thread-1] INFO  server.RaftServerConfigKeys (ConfUtils.java:logGet(44)) - raft.server.log.segment.size.max = 1048576 (custom)
2020-08-16 01:33:03,367 [pool-177-thread-1] INFO  server.RaftServerConfigKeys (ConfUtils.java:logGet(44)) - raft.server.log.preallocated.size = 16384 (custom)
2020-08-16 01:33:03,367 [pool-177-thread-1] INFO  server.RaftServerConfigKeys (ConfUtils.java:logGet(44)) - raft.server.log.write.buffer.size = 1048576 (custom)
2020-08-16 01:33:03,367 [pool-177-thread-1] INFO  server.RaftServerConfigKeys (ConfUtils.java:logGet(44)) - raft.server.log.force.sync.num = 128 (default)
2020-08-16 01:33:03,368 [pool-177-thread-1] INFO  server.RaftServerConfigKeys (ConfUtils.java:logGet(44)) - raft.server.log.statemachine.data.sync = true (default)
2020-08-16 01:33:03,368 [pool-177-thread-1] INFO  server.RaftServerConfigKeys (ConfUtils.java:logGet(44)) - raft.server.log.statemachine.data.sync.timeout = 10s (default)
2020-08-16 01:33:03,368 [pool-177-thread-1] INFO  server.RaftServerConfigKeys (ConfUtils.java:logGet(44)) - raft.server.log.statemachine.data.sync.timeout.retry = -1 (default)
2020-08-16 01:33:03,370 [pool-177-thread-1] INFO  server.RaftServerConfigKeys (ConfUtils.java:logGet(44)) - raft.server.log.statemachine.data.caching.enabled = true (custom)
2020-08-16 01:33:03,371 [pool-177-thread-1] INFO  segmented.SegmentedRaftLogWorker (SegmentedRaftLogWorker.java:lambda$new$0(129)) - 77e37df0-b62c-4380-bf35-d4503fc20896@group-F3FA92D03604-SegmentedRaftLogWorker: flushIndex: setUnconditionally 0 -> -1
2020-08-16 01:33:03,371 [pool-177-thread-1] INFO  segmented.SegmentedRaftLogWorker (SegmentedRaftLogWorker.java:lambda$new$0(129)) - 77e37df0-b62c-4380-bf35-d4503fc20896@group-F3FA92D03604-SegmentedRaftLogWorker: safeCacheEvictIndex: setUnconditionally 0 -> -1
2020-08-16 01:33:03,371 [pool-177-thread-1] INFO  server.RaftServerConfigKeys (ConfUtils.java:logGet(44)) - raft.server.snapshot.auto.trigger.enabled = true (custom)
2020-08-16 01:33:03,371 [pool-177-thread-1] INFO  server.RaftServerConfigKeys (ConfUtils.java:logGet(44)) - raft.server.snapshot.auto.trigger.threshold = 10000 (custom)
2020-08-16 01:33:03,371 [pool-177-thread-1] INFO  server.RaftServerConfigKeys (ConfUtils.java:logGet(44)) - raft.server.snapshot.retention.file.num = 5 (custom)
2020-08-16 01:33:03,371 [pool-177-thread-1] INFO  server.RaftServerConfigKeys (ConfUtils.java:logGet(44)) - raft.server.log.purge.upto.snapshot.index = false (default)
2020-08-16 01:33:03,372 [pool-177-thread-1] INFO  server.RaftServerConfigKeys (ConfUtils.java:logGet(44)) - raft.server.retrycache.expirytime = 600000ms (custom)
2020-08-16 01:33:03,372 [pool-177-thread-1] INFO  metrics.RatisMetrics (RatisMetrics.java:lambda$create$0(36)) - Creating Metrics Registry : ratis.leader_election.77e37df0-b62c-4380-bf35-d4503fc20896@group-F3FA92D03604
2020-08-16 01:33:03,372 [pool-177-thread-1] INFO  metrics.RatisMetrics (RatisMetrics.java:lambda$create$0(36)) - Creating Metrics Registry : ratis.server.77e37df0-b62c-4380-bf35-d4503fc20896@group-F3FA92D03604
2020-08-16 01:33:03,374 [pool-177-thread-1] INFO  impl.RaftServerImpl (RaftServerImpl.java:start(196)) - 77e37df0-b62c-4380-bf35-d4503fc20896@group-37EDC4986C8E: start as a follower, conf=-1: [77e37df0-b62c-4380-bf35-d4503fc20896:172.17.0.2:40933], old=null
2020-08-16 01:33:03,374 [pool-177-thread-1] INFO  impl.RaftServerImpl (RaftServerImpl.java:setRole(185)) - 77e37df0-b62c-4380-bf35-d4503fc20896@group-37EDC4986C8E: changes role from      null to FOLLOWER at term 0 for startAsFollower
2020-08-16 01:33:03,375 [pool-177-thread-1] INFO  impl.RoleInfo (RoleInfo.java:updateAndGet(143)) - 77e37df0-b62c-4380-bf35-d4503fc20896: start FollowerState
2020-08-16 01:33:03,375 [pool-177-thread-1] INFO  util.JmxRegister (JmxRegister.java:tryRegister(44)) - Successfully registered JMX Bean with object name Ratis:service=RaftServer,group=group-37EDC4986C8E,id=77e37df0-b62c-4380-bf35-d4503fc20896
2020-08-16 01:33:03,375 [pool-177-thread-1] INFO  metrics.RatisMetrics (RatisMetrics.java:lambda$create$0(36)) - Creating Metrics Registry : ratis.state_machine.77e37df0-b62c-4380-bf35-d4503fc20896@group-37EDC4986C8E
2020-08-16 01:33:03,377 [Command processor thread] INFO  commandhandler.CreatePipelineCommandHandler (CreatePipelineCommandHandler.java:handle(110)) - Created Pipeline RATIS ONE #id: "56729920-04d8-4d3f-aa9a-37edc4986c8e"
uuid128 {
  mostSigBits: 6229209597406104895
  leastSigBits: -6153544446503261042
}
.
2020-08-16 01:33:03,377 [pool-177-thread-1] INFO  impl.RaftServerImpl (RaftServerImpl.java:start(196)) - 77e37df0-b62c-4380-bf35-d4503fc20896@group-F3FA92D03604: start as a follower, conf=-1: [beaeafa8-2e09-4551-bc75-8fc35f38ec6f:172.17.0.2:38845, 77e37df0-b62c-4380-bf35-d4503fc20896:172.17.0.2:40933, 546ce851-431a-41f4-9a88-b3ac322f1852:172.17.0.2:40883], old=null
2020-08-16 01:33:03,377 [pool-177-thread-1] INFO  impl.RaftServerImpl (RaftServerImpl.java:setRole(185)) - 77e37df0-b62c-4380-bf35-d4503fc20896@group-F3FA92D03604: changes role from      null to FOLLOWER at term 0 for startAsFollower
2020-08-16 01:33:03,377 [pool-177-thread-1] INFO  impl.RoleInfo (RoleInfo.java:updateAndGet(143)) - 77e37df0-b62c-4380-bf35-d4503fc20896: start FollowerState
2020-08-16 01:33:03,378 [pool-177-thread-1] INFO  util.JmxRegister (JmxRegister.java:tryRegister(44)) - Successfully registered JMX Bean with object name Ratis:service=RaftServer,group=group-F3FA92D03604,id=77e37df0-b62c-4380-bf35-d4503fc20896
2020-08-16 01:33:03,378 [pool-177-thread-1] INFO  metrics.RatisMetrics (RatisMetrics.java:lambda$create$0(36)) - Creating Metrics Registry : ratis.state_machine.77e37df0-b62c-4380-bf35-d4503fc20896@group-F3FA92D03604
2020-08-16 01:33:03,389 [Command processor thread] INFO  commandhandler.CreatePipelineCommandHandler (CreatePipelineCommandHandler.java:handle(110)) - Created Pipeline RATIS THREE #id: "c229b8d9-2971-42a2-bc75-f3fa92d03604"
uuid128 {
  mostSigBits: -4455827113463692638
  leastSigBits: -4866715564773460476
}
.
2020-08-16 01:33:03,507 [Command processor thread] INFO  impl.RaftServerProxy (RaftServerProxy.java:addNew(89)) - 546ce851-431a-41f4-9a88-b3ac322f1852: addNew group-3CB48574CD1F:[546ce851-431a-41f4-9a88-b3ac322f1852:172.17.0.2:40883] returns group-3CB48574CD1F:java.util.concurrent.CompletableFuture@12c6393[Not completed]
2020-08-16 01:33:03,508 [pool-192-thread-1] INFO  impl.RaftServerImpl (RaftServerImpl.java:<init>(107)) - 546ce851-431a-41f4-9a88-b3ac322f1852: new RaftServerImpl for group-3CB48574CD1F:[546ce851-431a-41f4-9a88-b3ac322f1852:172.17.0.2:40883] with ContainerStateMachine:uninitialized
2020-08-16 01:33:03,508 [pool-192-thread-1] INFO  server.RaftServerConfigKeys (ConfUtils.java:logGet(44)) - raft.server.rpc.timeout.min = 5s (custom)
2020-08-16 01:33:03,508 [pool-192-thread-1] INFO  server.RaftServerConfigKeys (ConfUtils.java:logGet(44)) - raft.server.rpc.timeout.max = 5200ms (custom)
2020-08-16 01:33:03,508 [pool-192-thread-1] INFO  server.RaftServerConfigKeys (ConfUtils.java:logGet(44)) - raft.server.rpcslowness.timeout = 300s (custom)
2020-08-16 01:33:03,508 [pool-192-thread-1] INFO  server.RaftServerConfigKeys (ConfUtils.java:logGet(44)) - raft.server.sleep.deviation.threshold = 300 (default)
2020-08-16 01:33:03,508 [pool-192-thread-1] INFO  server.RaftServerConfigKeys (ConfUtils.java:logGet(44)) - raft.server.log.appender.install.snapshot.enabled = false (custom)
2020-08-16 01:33:03,508 [pool-192-thread-1] INFO  impl.RaftServerImpl (ServerState.java:<init>(103)) - 546ce851-431a-41f4-9a88-b3ac322f1852@group-3CB48574CD1F: ConfigurationManager, init=-1: [546ce851-431a-41f4-9a88-b3ac322f1852:172.17.0.2:40883], old=null, confs=<EMPTY_MAP>
2020-08-16 01:33:03,508 [pool-192-thread-1] INFO  server.RaftServerConfigKeys (ConfUtils.java:logGet(44)) - raft.server.storage.dir = [/github/workspace/mnt/ozone/hadoop-ozone/integration-test/target/test-dir/MiniOzoneClusterImpl-c38a1ae0-e263-4e30-b27e-4e0674c9e28f/datanode-2/data/ratis] (custom)
2020-08-16 01:33:03,509 [pool-192-thread-1] INFO  server.RaftServerConfigKeys (ConfUtils.java:logGet(44)) - raft.server.log.corruption.policy = EXCEPTION (default)
2020-08-16 01:33:03,509 [pool-192-thread-1] INFO  storage.RaftStorageDirectory (RaftStorageDirectory.java:analyzeStorage(261)) - The storage directory /github/workspace/mnt/ozone/hadoop-ozone/integration-test/target/test-dir/MiniOzoneClusterImpl-c38a1ae0-e263-4e30-b27e-4e0674c9e28f/datanode-2/data/ratis/b54ea357-eabf-4ae7-88f2-3cb48574cd1f does not exist. Creating ...
2020-08-16 01:33:03,510 [pool-192-thread-1] INFO  storage.RaftStorageDirectory (RaftStorageDirectory.java:tryLock(343)) - Lock on /github/workspace/mnt/ozone/hadoop-ozone/integration-test/target/test-dir/MiniOzoneClusterImpl-c38a1ae0-e263-4e30-b27e-4e0674c9e28f/datanode-2/data/ratis/b54ea357-eabf-4ae7-88f2-3cb48574cd1f/in_use.lock acquired by nodename 28834@bb0b45a2c250
2020-08-16 01:33:03,511 [pool-192-thread-1] INFO  storage.RaftStorage (RaftStorage.java:format(84)) - Storage directory /github/workspace/mnt/ozone/hadoop-ozone/integration-test/target/test-dir/MiniOzoneClusterImpl-c38a1ae0-e263-4e30-b27e-4e0674c9e28f/datanode-2/data/ratis/b54ea357-eabf-4ae7-88f2-3cb48574cd1f has been successfully formatted.
2020-08-16 01:33:03,512 [pool-192-thread-1] INFO  ratis.ContainerStateMachine (ContainerStateMachine.java:loadSnapshot(225)) - group-3CB48574CD1F: The snapshot info is null. Setting the last applied indexto:(t:0, i:~)
2020-08-16 01:33:03,512 [Datanode State Machine Thread - 0] WARN  statemachine.DatanodeStateMachine (DatanodeStateMachine.java:start(245)) - Interrupt the execution.
java.lang.InterruptedException: sleep interrupted
	at java.lang.Thread.sleep(Native Method)
	at org.apache.hadoop.ozone.container.common.statemachine.DatanodeStateMachine.start(DatanodeStateMachine.java:243)
	at org.apache.hadoop.ozone.container.common.statemachine.DatanodeStateMachine.lambda$startDaemon$0(DatanodeStateMachine.java:405)
	at java.lang.Thread.run(Thread.java:748)
2020-08-16 01:33:03,512 [pool-192-thread-1] INFO  server.RaftServerConfigKeys (ConfUtils.java:logGet(44)) - raft.server.notification.no-leader.timeout = 300s (custom)
2020-08-16 01:33:03,512 [pool-192-thread-1] INFO  server.RaftServerConfigKeys (ConfUtils.java:logGet(44)) - raft.server.log.use.memory = false (default)
2020-08-16 01:33:03,513 [pool-192-thread-1] INFO  server.RaftServerConfigKeys (ConfUtils.java:logGet(44)) - raft.server.log.purge.gap = 1000000 (custom)
2020-08-16 01:33:03,513 [pool-192-thread-1] INFO  metrics.RatisMetrics (RatisMetrics.java:lambda$create$0(36)) - Creating Metrics Registry : ratis.log_worker.546ce851-431a-41f4-9a88-b3ac322f1852@group-3CB48574CD1F
2020-08-16 01:33:03,513 [EventQueue-PipelineReportForPipelineReportHandler] INFO  pipeline.PipelineStateManager (PipelineStateManager.java:openPipeline(131)) - Pipeline Pipeline[ Id: b54ea357-eabf-4ae7-88f2-3cb48574cd1f, Nodes: 546ce851-431a-41f4-9a88-b3ac322f1852{ip: 172.17.0.2, host: bb0b45a2c250, networkLocation: /default-rack, certSerialId: null}, Type:RATIS, Factor:ONE, State:ALLOCATED, leaderId:546ce851-431a-41f4-9a88-b3ac322f1852, CreationTimestamp2020-08-16T01:33:00.510Z] moved to OPEN state
2020-08-16 01:33:03,513 [EventQueue-OpenPipelineForOneReplicaPipelineSafeModeRule] INFO  safemode.SCMSafeModeManager (SCMSafeModeManager.java:validateSafeModeExitRules(214)) - AtleastOneDatanodeReportedRule rule is successfully validated
2020-08-16 01:33:03,513 [EventQueue-OpenPipelineForHealthyPipelineSafeModeRule] INFO  safemode.SCMSafeModeManager (HealthyPipelineSafeModeRule.java:process(129)) - SCM in safe mode. Healthy pipelines reported count is 0, required healthy pipeline reported count is 1
2020-08-16 01:33:03,514 [pool-192-thread-1] INFO  server.RaftServerConfigKeys (ConfUtils.java:logGet(44)) - raft.server.log.appender.buffer.byte-limit = 33554432 (custom)
2020-08-16 01:33:03,514 [pool-192-thread-1] INFO  server.RaftServerConfigKeys (ConfUtils.java:logGet(44)) - raft.server.log.segment.size.max = 1048576 (custom)
2020-08-16 01:33:03,515 [pool-192-thread-1] INFO  server.RaftServerConfigKeys (ConfUtils.java:logGet(44)) - raft.server.log.segment.cache.num.max = 2 (custom)
2020-08-16 01:33:03,515 [pool-192-thread-1] INFO  segmented.SegmentedRaftLogWorker (SegmentedRaftLogWorker.java:<init>(180)) - new 546ce851-431a-41f4-9a88-b3ac322f1852@group-3CB48574CD1F-SegmentedRaftLogWorker for RaftStorage:Storage Directory /github/workspace/mnt/ozone/hadoop-ozone/integration-test/target/test-dir/MiniOzoneClusterImpl-c38a1ae0-e263-4e30-b27e-4e0674c9e28f/datanode-2/data/ratis/b54ea357-eabf-4ae7-88f2-3cb48574cd1f
2020-08-16 01:33:03,515 [pool-192-thread-1] INFO  server.RaftServerConfigKeys (ConfUtils.java:logGet(44)) - raft.server.log.queue.byte-limit = 2147483647 (custom)
2020-08-16 01:33:03,515 [pool-192-thread-1] INFO  server.RaftServerConfigKeys (ConfUtils.java:logGet(44)) - raft.server.log.queue.element-limit = 1024 (custom)
2020-08-16 01:33:03,516 [pool-192-thread-1] INFO  server.RaftServerConfigKeys (ConfUtils.java:logGet(44)) - raft.server.log.segment.size.max = 1048576 (custom)
2020-08-16 01:33:03,516 [pool-192-thread-1] INFO  server.RaftServerConfigKeys (ConfUtils.java:logGet(44)) - raft.server.log.preallocated.size = 16384 (custom)
2020-08-16 01:33:03,519 [pool-192-thread-1] INFO  server.RaftServerConfigKeys (ConfUtils.java:logGet(44)) - raft.server.log.write.buffer.size = 1048576 (custom)
2020-08-16 01:33:03,519 [pool-192-thread-1] INFO  server.RaftServerConfigKeys (ConfUtils.java:logGet(44)) - raft.server.log.force.sync.num = 128 (default)
2020-08-16 01:33:03,519 [pool-192-thread-1] INFO  server.RaftServerConfigKeys (ConfUtils.java:logGet(44)) - raft.server.log.statemachine.data.sync = true (default)
2020-08-16 01:33:03,519 [pool-192-thread-1] INFO  server.RaftServerConfigKeys (ConfUtils.java:logGet(44)) - raft.server.log.statemachine.data.sync.timeout = 10s (default)
2020-08-16 01:33:03,519 [pool-192-thread-1] INFO  server.RaftServerConfigKeys (ConfUtils.java:logGet(44)) - raft.server.log.statemachine.data.sync.timeout.retry = -1 (default)
2020-08-16 01:33:03,521 [pool-192-thread-1] INFO  server.RaftServerConfigKeys (ConfUtils.java:logGet(44)) - raft.server.log.statemachine.data.caching.enabled = true (custom)
2020-08-16 01:33:03,522 [pool-192-thread-1] INFO  segmented.SegmentedRaftLogWorker (SegmentedRaftLogWorker.java:lambda$new$0(129)) - 546ce851-431a-41f4-9a88-b3ac322f1852@group-3CB48574CD1F-SegmentedRaftLogWorker: flushIndex: setUnconditionally 0 -> -1
2020-08-16 01:33:03,522 [pool-192-thread-1] INFO  segmented.SegmentedRaftLogWorker (SegmentedRaftLogWorker.java:lambda$new$0(129)) - 546ce851-431a-41f4-9a88-b3ac322f1852@group-3CB48574CD1F-SegmentedRaftLogWorker: safeCacheEvictIndex: setUnconditionally 0 -> -1
2020-08-16 01:33:03,522 [pool-192-thread-1] INFO  server.RaftServerConfigKeys (ConfUtils.java:logGet(44)) - raft.server.snapshot.auto.trigger.enabled = true (custom)
2020-08-16 01:33:03,522 [pool-192-thread-1] INFO  server.RaftServerConfigKeys (ConfUtils.java:logGet(44)) - raft.server.snapshot.auto.trigger.threshold = 10000 (custom)
2020-08-16 01:33:03,522 [pool-192-thread-1] INFO  server.RaftServerConfigKeys (ConfUtils.java:logGet(44)) - raft.server.snapshot.retention.file.num = 5 (custom)
2020-08-16 01:33:03,522 [pool-192-thread-1] INFO  server.RaftServerConfigKeys (ConfUtils.java:logGet(44)) - raft.server.log.purge.upto.snapshot.index = false (default)
2020-08-16 01:33:03,522 [pool-192-thread-1] INFO  server.RaftServerConfigKeys (ConfUtils.java:logGet(44)) - raft.server.retrycache.expirytime = 600000ms (custom)
2020-08-16 01:33:03,522 [pool-192-thread-1] INFO  metrics.RatisMetrics (RatisMetrics.java:lambda$create$0(36)) - Creating Metrics Registry : ratis.leader_election.546ce851-431a-41f4-9a88-b3ac322f1852@group-3CB48574CD1F
2020-08-16 01:33:03,523 [pool-192-thread-1] INFO  metrics.RatisMetrics (RatisMetrics.java:lambda$create$0(36)) - Creating Metrics Registry : ratis.server.546ce851-431a-41f4-9a88-b3ac322f1852@group-3CB48574CD1F
2020-08-16 01:33:03,524 [pool-192-thread-1] INFO  impl.RaftServerImpl (RaftServerImpl.java:start(196)) - 546ce851-431a-41f4-9a88-b3ac322f1852@group-3CB48574CD1F: start as a follower, conf=-1: [546ce851-431a-41f4-9a88-b3ac322f1852:172.17.0.2:40883], old=null
2020-08-16 01:33:03,524 [pool-192-thread-1] INFO  impl.RaftServerImpl (RaftServerImpl.java:setRole(185)) - 546ce851-431a-41f4-9a88-b3ac322f1852@group-3CB48574CD1F: changes role from      null to FOLLOWER at term 0 for startAsFollower
2020-08-16 01:33:03,525 [pool-192-thread-1] INFO  impl.RoleInfo (RoleInfo.java:updateAndGet(143)) - 546ce851-431a-41f4-9a88-b3ac322f1852: start FollowerState
2020-08-16 01:33:03,527 [pool-192-thread-1] INFO  util.JmxRegister (JmxRegister.java:tryRegister(44)) - Successfully registered JMX Bean with object name Ratis:service=RaftServer,group=group-3CB48574CD1F,id=546ce851-431a-41f4-9a88-b3ac322f1852
2020-08-16 01:33:03,528 [pool-192-thread-1] INFO  metrics.RatisMetrics (RatisMetrics.java:lambda$create$0(36)) - Creating Metrics Registry : ratis.state_machine.546ce851-431a-41f4-9a88-b3ac322f1852@group-3CB48574CD1F
2020-08-16 01:33:03,529 [Command processor thread] INFO  commandhandler.CreatePipelineCommandHandler (CreatePipelineCommandHandler.java:handle(110)) - Created Pipeline RATIS ONE #id: "b54ea357-eabf-4ae7-88f2-3cb48574cd1f"
uuid128 {
  mostSigBits: -5382184906665276697
  leastSigBits: -8578727594156569313
}
.
2020-08-16 01:33:03,647 [Command processor thread] INFO  impl.RaftServerProxy (RaftServerProxy.java:addNew(89)) - 0aca2dfd-bb2b-492e-a75d-c6ff1d491f50: addNew group-BB5ADB4F319E:[0aca2dfd-bb2b-492e-a75d-c6ff1d491f50:172.17.0.2:39241] returns group-BB5ADB4F319E:java.util.concurrent.CompletableFuture@404f3a35[Not completed]
2020-08-16 01:33:03,650 [pool-207-thread-1] INFO  impl.RaftServerImpl (RaftServerImpl.java:<init>(107)) - 0aca2dfd-bb2b-492e-a75d-c6ff1d491f50: new RaftServerImpl for group-BB5ADB4F319E:[0aca2dfd-bb2b-492e-a75d-c6ff1d491f50:172.17.0.2:39241] with ContainerStateMachine:uninitialized
2020-08-16 01:33:03,651 [pool-207-thread-1] INFO  server.RaftServerConfigKeys (ConfUtils.java:logGet(44)) - raft.server.rpc.timeout.min = 5s (custom)
2020-08-16 01:33:03,651 [pool-207-thread-1] INFO  server.RaftServerConfigKeys (ConfUtils.java:logGet(44)) - raft.server.rpc.timeout.max = 5200ms (custom)
2020-08-16 01:33:03,651 [pool-207-thread-1] INFO  server.RaftServerConfigKeys (ConfUtils.java:logGet(44)) - raft.server.rpcslowness.timeout = 300s (custom)
2020-08-16 01:33:03,651 [pool-207-thread-1] INFO  server.RaftServerConfigKeys (ConfUtils.java:logGet(44)) - raft.server.sleep.deviation.threshold = 300 (default)
2020-08-16 01:33:03,651 [pool-207-thread-1] INFO  server.RaftServerConfigKeys (ConfUtils.java:logGet(44)) - raft.server.log.appender.install.snapshot.enabled = false (custom)
2020-08-16 01:33:03,651 [pool-207-thread-1] INFO  impl.RaftServerImpl (ServerState.java:<init>(103)) - 0aca2dfd-bb2b-492e-a75d-c6ff1d491f50@group-BB5ADB4F319E: ConfigurationManager, init=-1: [0aca2dfd-bb2b-492e-a75d-c6ff1d491f50:172.17.0.2:39241], old=null, confs=<EMPTY_MAP>
2020-08-16 01:33:03,651 [pool-207-thread-1] INFO  server.RaftServerConfigKeys (ConfUtils.java:logGet(44)) - raft.server.storage.dir = [/github/workspace/mnt/ozone/hadoop-ozone/integration-test/target/test-dir/MiniOzoneClusterImpl-c38a1ae0-e263-4e30-b27e-4e0674c9e28f/datanode-3/data/ratis] (custom)
2020-08-16 01:33:03,651 [pool-207-thread-1] INFO  server.RaftServerConfigKeys (ConfUtils.java:logGet(44)) - raft.server.log.corruption.policy = EXCEPTION (default)
2020-08-16 01:33:03,652 [pool-207-thread-1] INFO  storage.RaftStorageDirectory (RaftStorageDirectory.java:analyzeStorage(261)) - The storage directory /github/workspace/mnt/ozone/hadoop-ozone/integration-test/target/test-dir/MiniOzoneClusterImpl-c38a1ae0-e263-4e30-b27e-4e0674c9e28f/datanode-3/data/ratis/6b18829a-0493-4b13-8b58-bb5adb4f319e does not exist. Creating ...
2020-08-16 01:33:03,653 [pool-207-thread-1] INFO  storage.RaftStorageDirectory (RaftStorageDirectory.java:tryLock(343)) - Lock on /github/workspace/mnt/ozone/hadoop-ozone/integration-test/target/test-dir/MiniOzoneClusterImpl-c38a1ae0-e263-4e30-b27e-4e0674c9e28f/datanode-3/data/ratis/6b18829a-0493-4b13-8b58-bb5adb4f319e/in_use.lock acquired by nodename 28834@bb0b45a2c250
2020-08-16 01:33:03,654 [pool-207-thread-1] INFO  storage.RaftStorage (RaftStorage.java:format(84)) - Storage directory /github/workspace/mnt/ozone/hadoop-ozone/integration-test/target/test-dir/MiniOzoneClusterImpl-c38a1ae0-e263-4e30-b27e-4e0674c9e28f/datanode-3/data/ratis/6b18829a-0493-4b13-8b58-bb5adb4f319e has been successfully formatted.
2020-08-16 01:33:03,654 [pool-207-thread-1] INFO  ratis.ContainerStateMachine (ContainerStateMachine.java:loadSnapshot(225)) - group-BB5ADB4F319E: The snapshot info is null. Setting the last applied indexto:(t:0, i:~)
2020-08-16 01:33:03,654 [Datanode State Machine Thread - 0] WARN  statemachine.DatanodeStateMachine (DatanodeStateMachine.java:start(245)) - Interrupt the execution.
java.lang.InterruptedException: sleep interrupted
	at java.lang.Thread.sleep(Native Method)
	at org.apache.hadoop.ozone.container.common.statemachine.DatanodeStateMachine.start(DatanodeStateMachine.java:243)
	at org.apache.hadoop.ozone.container.common.statemachine.DatanodeStateMachine.lambda$startDaemon$0(DatanodeStateMachine.java:405)
	at java.lang.Thread.run(Thread.java:748)
2020-08-16 01:33:03,654 [pool-207-thread-1] INFO  server.RaftServerConfigKeys (ConfUtils.java:logGet(44)) - raft.server.notification.no-leader.timeout = 300s (custom)
2020-08-16 01:33:03,655 [pool-207-thread-1] INFO  server.RaftServerConfigKeys (ConfUtils.java:logGet(44)) - raft.server.log.use.memory = false (default)
2020-08-16 01:33:03,655 [EventQueue-PipelineReportForPipelineReportHandler] INFO  pipeline.PipelineStateManager (PipelineStateManager.java:openPipeline(131)) - Pipeline Pipeline[ Id: 6b18829a-0493-4b13-8b58-bb5adb4f319e, Nodes: 0aca2dfd-bb2b-492e-a75d-c6ff1d491f50{ip: 172.17.0.2, host: bb0b45a2c250, networkLocation: /default-rack, certSerialId: null}, Type:RATIS, Factor:ONE, State:ALLOCATED, leaderId:0aca2dfd-bb2b-492e-a75d-c6ff1d491f50, CreationTimestamp2020-08-16T01:33:00.647Z] moved to OPEN state
2020-08-16 01:33:03,656 [pool-207-thread-1] INFO  server.RaftServerConfigKeys (ConfUtils.java:logGet(44)) - raft.server.log.purge.gap = 1000000 (custom)
2020-08-16 01:33:03,656 [EventQueue-OpenPipelineForHealthyPipelineSafeModeRule] INFO  safemode.SCMSafeModeManager (HealthyPipelineSafeModeRule.java:process(129)) - SCM in safe mode. Healthy pipelines reported count is 0, required healthy pipeline reported count is 1
2020-08-16 01:33:03,656 [EventQueue-OpenPipelineForOneReplicaPipelineSafeModeRule] INFO  safemode.SCMSafeModeManager (SCMSafeModeManager.java:validateSafeModeExitRules(214)) - AtleastOneDatanodeReportedRule rule is successfully validated
2020-08-16 01:33:03,656 [pool-207-thread-1] INFO  metrics.RatisMetrics (RatisMetrics.java:lambda$create$0(36)) - Creating Metrics Registry : ratis.log_worker.0aca2dfd-bb2b-492e-a75d-c6ff1d491f50@group-BB5ADB4F319E
2020-08-16 01:33:03,657 [pool-207-thread-1] INFO  server.RaftServerConfigKeys (ConfUtils.java:logGet(44)) - raft.server.log.appender.buffer.byte-limit = 33554432 (custom)
2020-08-16 01:33:03,657 [pool-207-thread-1] INFO  server.RaftServerConfigKeys (ConfUtils.java:logGet(44)) - raft.server.log.segment.size.max = 1048576 (custom)
2020-08-16 01:33:03,657 [pool-207-thread-1] INFO  server.RaftServerConfigKeys (ConfUtils.java:logGet(44)) - raft.server.log.segment.cache.num.max = 2 (custom)
2020-08-16 01:33:03,657 [pool-207-thread-1] INFO  segmented.SegmentedRaftLogWorker (SegmentedRaftLogWorker.java:<init>(180)) - new 0aca2dfd-bb2b-492e-a75d-c6ff1d491f50@group-BB5ADB4F319E-SegmentedRaftLogWorker for RaftStorage:Storage Directory /github/workspace/mnt/ozone/hadoop-ozone/integration-test/target/test-dir/MiniOzoneClusterImpl-c38a1ae0-e263-4e30-b27e-4e0674c9e28f/datanode-3/data/ratis/6b18829a-0493-4b13-8b58-bb5adb4f319e
2020-08-16 01:33:03,658 [pool-207-thread-1] INFO  server.RaftServerConfigKeys (ConfUtils.java:logGet(44)) - raft.server.log.queue.byte-limit = 2147483647 (custom)
2020-08-16 01:33:03,658 [pool-207-thread-1] INFO  server.RaftServerConfigKeys (ConfUtils.java:logGet(44)) - raft.server.log.queue.element-limit = 1024 (custom)
2020-08-16 01:33:03,658 [pool-207-thread-1] INFO  server.RaftServerConfigKeys (ConfUtils.java:logGet(44)) - raft.server.log.segment.size.max = 1048576 (custom)
2020-08-16 01:33:03,658 [pool-207-thread-1] INFO  server.RaftServerConfigKeys (ConfUtils.java:logGet(44)) - raft.server.log.preallocated.size = 16384 (custom)
2020-08-16 01:33:03,658 [pool-207-thread-1] INFO  server.RaftServerConfigKeys (ConfUtils.java:logGet(44)) - raft.server.log.write.buffer.size = 1048576 (custom)
2020-08-16 01:33:03,658 [pool-207-thread-1] INFO  server.RaftServerConfigKeys (ConfUtils.java:logGet(44)) - raft.server.log.force.sync.num = 128 (default)
2020-08-16 01:33:03,658 [pool-207-thread-1] INFO  server.RaftServerConfigKeys (ConfUtils.java:logGet(44)) - raft.server.log.statemachine.data.sync = true (default)
2020-08-16 01:33:03,658 [pool-207-thread-1] INFO  server.RaftServerConfigKeys (ConfUtils.java:logGet(44)) - raft.server.log.statemachine.data.sync.timeout = 10s (default)
2020-08-16 01:33:03,659 [pool-207-thread-1] INFO  server.RaftServerConfigKeys (ConfUtils.java:logGet(44)) - raft.server.log.statemachine.data.sync.timeout.retry = -1 (default)
2020-08-16 01:33:03,660 [pool-207-thread-1] INFO  server.RaftServerConfigKeys (ConfUtils.java:logGet(44)) - raft.server.log.statemachine.data.caching.enabled = true (custom)
2020-08-16 01:33:03,661 [pool-207-thread-1] INFO  segmented.SegmentedRaftLogWorker (SegmentedRaftLogWorker.java:lambda$new$0(129)) - 0aca2dfd-bb2b-492e-a75d-c6ff1d491f50@group-BB5ADB4F319E-SegmentedRaftLogWorker: flushIndex: setUnconditionally 0 -> -1
2020-08-16 01:33:03,661 [pool-207-thread-1] INFO  segmented.SegmentedRaftLogWorker (SegmentedRaftLogWorker.java:lambda$new$0(129)) - 0aca2dfd-bb2b-492e-a75d-c6ff1d491f50@group-BB5ADB4F319E-SegmentedRaftLogWorker: safeCacheEvictIndex: setUnconditionally 0 -> -1
2020-08-16 01:33:03,661 [pool-207-thread-1] INFO  server.RaftServerConfigKeys (ConfUtils.java:logGet(44)) - raft.server.snapshot.auto.trigger.enabled = true (custom)
2020-08-16 01:33:03,661 [pool-207-thread-1] INFO  server.RaftServerConfigKeys (ConfUtils.java:logGet(44)) - raft.server.snapshot.auto.trigger.threshold = 10000 (custom)
2020-08-16 01:33:03,661 [pool-207-thread-1] INFO  server.RaftServerConfigKeys (ConfUtils.java:logGet(44)) - raft.server.snapshot.retention.file.num = 5 (custom)
2020-08-16 01:33:03,661 [pool-207-thread-1] INFO  server.RaftServerConfigKeys (ConfUtils.java:logGet(44)) - raft.server.log.purge.upto.snapshot.index = false (default)
2020-08-16 01:33:03,661 [pool-207-thread-1] INFO  server.RaftServerConfigKeys (ConfUtils.java:logGet(44)) - raft.server.retrycache.expirytime = 600000ms (custom)
2020-08-16 01:33:03,661 [pool-207-thread-1] INFO  metrics.RatisMetrics (RatisMetrics.java:lambda$create$0(36)) - Creating Metrics Registry : ratis.leader_election.0aca2dfd-bb2b-492e-a75d-c6ff1d491f50@group-BB5ADB4F319E
2020-08-16 01:33:03,662 [pool-207-thread-1] INFO  metrics.RatisMetrics (RatisMetrics.java:lambda$create$0(36)) - Creating Metrics Registry : ratis.server.0aca2dfd-bb2b-492e-a75d-c6ff1d491f50@group-BB5ADB4F319E
2020-08-16 01:33:03,663 [pool-207-thread-1] INFO  impl.RaftServerImpl (RaftServerImpl.java:start(196)) - 0aca2dfd-bb2b-492e-a75d-c6ff1d491f50@group-BB5ADB4F319E: start as a follower, conf=-1: [0aca2dfd-bb2b-492e-a75d-c6ff1d491f50:172.17.0.2:39241], old=null
2020-08-16 01:33:03,663 [pool-207-thread-1] INFO  impl.RaftServerImpl (RaftServerImpl.java:setRole(185)) - 0aca2dfd-bb2b-492e-a75d-c6ff1d491f50@group-BB5ADB4F319E: changes role from      null to FOLLOWER at term 0 for startAsFollower
2020-08-16 01:33:03,663 [pool-207-thread-1] INFO  impl.RoleInfo (RoleInfo.java:updateAndGet(143)) - 0aca2dfd-bb2b-492e-a75d-c6ff1d491f50: start FollowerState
2020-08-16 01:33:03,663 [pool-207-thread-1] INFO  util.JmxRegister (JmxRegister.java:tryRegister(44)) - Successfully registered JMX Bean with object name Ratis:service=RaftServer,group=group-BB5ADB4F319E,id=0aca2dfd-bb2b-492e-a75d-c6ff1d491f50
2020-08-16 01:33:03,664 [pool-207-thread-1] INFO  metrics.RatisMetrics (RatisMetrics.java:lambda$create$0(36)) - Creating Metrics Registry : ratis.state_machine.0aca2dfd-bb2b-492e-a75d-c6ff1d491f50@group-BB5ADB4F319E
2020-08-16 01:33:03,664 [Command processor thread] INFO  commandhandler.CreatePipelineCommandHandler (CreatePipelineCommandHandler.java:handle(110)) - Created Pipeline RATIS ONE #id: "6b18829a-0493-4b13-8b58-bb5adb4f319e"
uuid128 {
  mostSigBits: 7717061559512681235
  leastSigBits: -8405762705586179682
}
.
2020-08-16 01:33:03,665 [Command processor thread] INFO  impl.RaftServerProxy (RaftServerProxy.java:addNew(89)) - 0aca2dfd-bb2b-492e-a75d-c6ff1d491f50: addNew group-B936530E8A46:[0aca2dfd-bb2b-492e-a75d-c6ff1d491f50:172.17.0.2:39241, cef71658-d1b1-44d1-b37f-521e4e788a00:172.17.0.2:46523, 3911b809-9d88-4a7a-8c07-514c24e02423:172.17.0.2:43641] returns group-B936530E8A46:java.util.concurrent.CompletableFuture@4470a6e4[Not completed]
2020-08-16 01:33:03,666 [pool-207-thread-1] INFO  impl.RaftServerImpl (RaftServerImpl.java:<init>(107)) - 0aca2dfd-bb2b-492e-a75d-c6ff1d491f50: new RaftServerImpl for group-B936530E8A46:[0aca2dfd-bb2b-492e-a75d-c6ff1d491f50:172.17.0.2:39241, cef71658-d1b1-44d1-b37f-521e4e788a00:172.17.0.2:46523, 3911b809-9d88-4a7a-8c07-514c24e02423:172.17.0.2:43641] with ContainerStateMachine:uninitialized
2020-08-16 01:33:03,666 [pool-207-thread-1] INFO  server.RaftServerConfigKeys (ConfUtils.java:logGet(44)) - raft.server.rpc.timeout.min = 5s (custom)
2020-08-16 01:33:03,666 [pool-207-thread-1] INFO  server.RaftServerConfigKeys (ConfUtils.java:logGet(44)) - raft.server.rpc.timeout.max = 5200ms (custom)
2020-08-16 01:33:03,666 [pool-207-thread-1] INFO  server.RaftServerConfigKeys (ConfUtils.java:logGet(44)) - raft.server.rpcslowness.timeout = 300s (custom)
2020-08-16 01:33:03,666 [pool-207-thread-1] INFO  server.RaftServerConfigKeys (ConfUtils.java:logGet(44)) - raft.server.sleep.deviation.threshold = 300 (default)
2020-08-16 01:33:03,666 [pool-207-thread-1] INFO  server.RaftServerConfigKeys (ConfUtils.java:logGet(44)) - raft.server.log.appender.install.snapshot.enabled = false (custom)
2020-08-16 01:33:03,666 [pool-207-thread-1] INFO  impl.RaftServerImpl (ServerState.java:<init>(103)) - 0aca2dfd-bb2b-492e-a75d-c6ff1d491f50@group-B936530E8A46: ConfigurationManager, init=-1: [0aca2dfd-bb2b-492e-a75d-c6ff1d491f50:172.17.0.2:39241, cef71658-d1b1-44d1-b37f-521e4e788a00:172.17.0.2:46523, 3911b809-9d88-4a7a-8c07-514c24e02423:172.17.0.2:43641], old=null, confs=<EMPTY_MAP>
2020-08-16 01:33:03,666 [pool-207-thread-1] INFO  server.RaftServerConfigKeys (ConfUtils.java:logGet(44)) - raft.server.storage.dir = [/github/workspace/mnt/ozone/hadoop-ozone/integration-test/target/test-dir/MiniOzoneClusterImpl-c38a1ae0-e263-4e30-b27e-4e0674c9e28f/datanode-3/data/ratis] (custom)
2020-08-16 01:33:03,667 [pool-207-thread-1] INFO  server.RaftServerConfigKeys (ConfUtils.java:logGet(44)) - raft.server.log.corruption.policy = EXCEPTION (default)
2020-08-16 01:33:03,667 [pool-207-thread-1] INFO  storage.RaftStorageDirectory (RaftStorageDirectory.java:analyzeStorage(261)) - The storage directory /github/workspace/mnt/ozone/hadoop-ozone/integration-test/target/test-dir/MiniOzoneClusterImpl-c38a1ae0-e263-4e30-b27e-4e0674c9e28f/datanode-3/data/ratis/bd77e43a-9b37-41bb-83b7-b936530e8a46 does not exist. Creating ...
2020-08-16 01:33:03,668 [pool-207-thread-1] INFO  storage.RaftStorageDirectory (RaftStorageDirectory.java:tryLock(343)) - Lock on /github/workspace/mnt/ozone/hadoop-ozone/integration-test/target/test-dir/MiniOzoneClusterImpl-c38a1ae0-e263-4e30-b27e-4e0674c9e28f/datanode-3/data/ratis/bd77e43a-9b37-41bb-83b7-b936530e8a46/in_use.lock acquired by nodename 28834@bb0b45a2c250
2020-08-16 01:33:03,669 [pool-207-thread-1] INFO  storage.RaftStorage (RaftStorage.java:format(84)) - Storage directory /github/workspace/mnt/ozone/hadoop-ozone/integration-test/target/test-dir/MiniOzoneClusterImpl-c38a1ae0-e263-4e30-b27e-4e0674c9e28f/datanode-3/data/ratis/bd77e43a-9b37-41bb-83b7-b936530e8a46 has been successfully formatted.
2020-08-16 01:33:03,669 [pool-207-thread-1] INFO  ratis.ContainerStateMachine (ContainerStateMachine.java:loadSnapshot(225)) - group-B936530E8A46: The snapshot info is null. Setting the last applied indexto:(t:0, i:~)
2020-08-16 01:33:03,669 [pool-207-thread-1] INFO  server.RaftServerConfigKeys (ConfUtils.java:logGet(44)) - raft.server.notification.no-leader.timeout = 300s (custom)
2020-08-16 01:33:03,669 [Datanode State Machine Thread - 0] WARN  statemachine.DatanodeStateMachine (DatanodeStateMachine.java:start(245)) - Interrupt the execution.
java.lang.InterruptedException: sleep interrupted
	at java.lang.Thread.sleep(Native Method)
	at org.apache.hadoop.ozone.container.common.statemachine.DatanodeStateMachine.start(DatanodeStateMachine.java:243)
	at org.apache.hadoop.ozone.container.common.statemachine.DatanodeStateMachine.lambda$startDaemon$0(DatanodeStateMachine.java:405)
	at java.lang.Thread.run(Thread.java:748)
2020-08-16 01:33:03,669 [pool-207-thread-1] INFO  server.RaftServerConfigKeys (ConfUtils.java:logGet(44)) - raft.server.log.use.memory = false (default)
2020-08-16 01:33:03,670 [pool-207-thread-1] INFO  server.RaftServerConfigKeys (ConfUtils.java:logGet(44)) - raft.server.log.purge.gap = 1000000 (custom)
2020-08-16 01:33:03,670 [pool-207-thread-1] INFO  metrics.RatisMetrics (RatisMetrics.java:lambda$create$0(36)) - Creating Metrics Registry : ratis.log_worker.0aca2dfd-bb2b-492e-a75d-c6ff1d491f50@group-B936530E8A46
2020-08-16 01:33:03,671 [pool-207-thread-1] INFO  server.RaftServerConfigKeys (ConfUtils.java:logGet(44)) - raft.server.log.appender.buffer.byte-limit = 33554432 (custom)
2020-08-16 01:33:03,671 [pool-207-thread-1] INFO  server.RaftServerConfigKeys (ConfUtils.java:logGet(44)) - raft.server.log.segment.size.max = 1048576 (custom)
2020-08-16 01:33:03,672 [pool-207-thread-1] INFO  server.RaftServerConfigKeys (ConfUtils.java:logGet(44)) - raft.server.log.segment.cache.num.max = 2 (custom)
2020-08-16 01:33:03,672 [pool-207-thread-1] INFO  segmented.SegmentedRaftLogWorker (SegmentedRaftLogWorker.java:<init>(180)) - new 0aca2dfd-bb2b-492e-a75d-c6ff1d491f50@group-B936530E8A46-SegmentedRaftLogWorker for RaftStorage:Storage Directory /github/workspace/mnt/ozone/hadoop-ozone/integration-test/target/test-dir/MiniOzoneClusterImpl-c38a1ae0-e263-4e30-b27e-4e0674c9e28f/datanode-3/data/ratis/bd77e43a-9b37-41bb-83b7-b936530e8a46
2020-08-16 01:33:03,672 [pool-207-thread-1] INFO  server.RaftServerConfigKeys (ConfUtils.java:logGet(44)) - raft.server.log.queue.byte-limit = 2147483647 (custom)
2020-08-16 01:33:03,672 [pool-207-thread-1] INFO  server.RaftServerConfigKeys (ConfUtils.java:logGet(44)) - raft.server.log.queue.element-limit = 1024 (custom)
2020-08-16 01:33:03,672 [pool-207-thread-1] INFO  server.RaftServerConfigKeys (ConfUtils.java:logGet(44)) - raft.server.log.segment.size.max = 1048576 (custom)
2020-08-16 01:33:03,672 [pool-207-thread-1] INFO  server.RaftServerConfigKeys (ConfUtils.java:logGet(44)) - raft.server.log.preallocated.size = 16384 (custom)
2020-08-16 01:33:03,672 [pool-207-thread-1] INFO  server.RaftServerConfigKeys (ConfUtils.java:logGet(44)) - raft.server.log.write.buffer.size = 1048576 (custom)
2020-08-16 01:33:03,672 [pool-207-thread-1] INFO  server.RaftServerConfigKeys (ConfUtils.java:logGet(44)) - raft.server.log.force.sync.num = 128 (default)
2020-08-16 01:33:03,672 [pool-207-thread-1] INFO  server.RaftServerConfigKeys (ConfUtils.java:logGet(44)) - raft.server.log.statemachine.data.sync = true (default)
2020-08-16 01:33:03,672 [pool-207-thread-1] INFO  server.RaftServerConfigKeys (ConfUtils.java:logGet(44)) - raft.server.log.statemachine.data.sync.timeout = 10s (default)
2020-08-16 01:33:03,672 [pool-207-thread-1] INFO  server.RaftServerConfigKeys (ConfUtils.java:logGet(44)) - raft.server.log.statemachine.data.sync.timeout.retry = -1 (default)
2020-08-16 01:33:03,674 [pool-207-thread-1] INFO  server.RaftServerConfigKeys (ConfUtils.java:logGet(44)) - raft.server.log.statemachine.data.caching.enabled = true (custom)
2020-08-16 01:33:03,674 [pool-207-thread-1] INFO  segmented.SegmentedRaftLogWorker (SegmentedRaftLogWorker.java:lambda$new$0(129)) - 0aca2dfd-bb2b-492e-a75d-c6ff1d491f50@group-B936530E8A46-SegmentedRaftLogWorker: flushIndex: setUnconditionally 0 -> -1
2020-08-16 01:33:03,675 [pool-207-thread-1] INFO  segmented.SegmentedRaftLogWorker (SegmentedRaftLogWorker.java:lambda$new$0(129)) - 0aca2dfd-bb2b-492e-a75d-c6ff1d491f50@group-B936530E8A46-SegmentedRaftLogWorker: safeCacheEvictIndex: setUnconditionally 0 -> -1
2020-08-16 01:33:03,675 [pool-207-thread-1] INFO  server.RaftServerConfigKeys (ConfUtils.java:logGet(44)) - raft.server.snapshot.auto.trigger.enabled = true (custom)
2020-08-16 01:33:03,675 [pool-207-thread-1] INFO  server.RaftServerConfigKeys (ConfUtils.java:logGet(44)) - raft.server.snapshot.auto.trigger.threshold = 10000 (custom)
2020-08-16 01:33:03,675 [pool-207-thread-1] INFO  server.RaftServerConfigKeys (ConfUtils.java:logGet(44)) - raft.server.snapshot.retention.file.num = 5 (custom)
2020-08-16 01:33:03,675 [pool-207-thread-1] INFO  server.RaftServerConfigKeys (ConfUtils.java:logGet(44)) - raft.server.log.purge.upto.snapshot.index = false (default)
2020-08-16 01:33:03,675 [pool-207-thread-1] INFO  server.RaftServerConfigKeys (ConfUtils.java:logGet(44)) - raft.server.retrycache.expirytime = 600000ms (custom)
2020-08-16 01:33:03,675 [pool-207-thread-1] INFO  metrics.RatisMetrics (RatisMetrics.java:lambda$create$0(36)) - Creating Metrics Registry : ratis.leader_election.0aca2dfd-bb2b-492e-a75d-c6ff1d491f50@group-B936530E8A46
2020-08-16 01:33:03,676 [pool-207-thread-1] INFO  metrics.RatisMetrics (RatisMetrics.java:lambda$create$0(36)) - Creating Metrics Registry : ratis.server.0aca2dfd-bb2b-492e-a75d-c6ff1d491f50@group-B936530E8A46
2020-08-16 01:33:03,677 [pool-207-thread-1] INFO  impl.RaftServerImpl (RaftServerImpl.java:start(196)) - 0aca2dfd-bb2b-492e-a75d-c6ff1d491f50@group-B936530E8A46: start as a follower, conf=-1: [0aca2dfd-bb2b-492e-a75d-c6ff1d491f50:172.17.0.2:39241, cef71658-d1b1-44d1-b37f-521e4e788a00:172.17.0.2:46523, 3911b809-9d88-4a7a-8c07-514c24e02423:172.17.0.2:43641], old=null
2020-08-16 01:33:03,677 [pool-207-thread-1] INFO  impl.RaftServerImpl (RaftServerImpl.java:setRole(185)) - 0aca2dfd-bb2b-492e-a75d-c6ff1d491f50@group-B936530E8A46: changes role from      null to FOLLOWER at term 0 for startAsFollower
2020-08-16 01:33:03,677 [pool-207-thread-1] INFO  impl.RoleInfo (RoleInfo.java:updateAndGet(143)) - 0aca2dfd-bb2b-492e-a75d-c6ff1d491f50: start FollowerState
2020-08-16 01:33:03,687 [pool-207-thread-1] INFO  util.JmxRegister (JmxRegister.java:tryRegister(44)) - Successfully registered JMX Bean with object name Ratis:service=RaftServer,group=group-B936530E8A46,id=0aca2dfd-bb2b-492e-a75d-c6ff1d491f50
2020-08-16 01:33:03,687 [pool-207-thread-1] INFO  metrics.RatisMetrics (RatisMetrics.java:lambda$create$0(36)) - Creating Metrics Registry : ratis.state_machine.0aca2dfd-bb2b-492e-a75d-c6ff1d491f50@group-B936530E8A46
2020-08-16 01:33:03,707 [grpc-default-executor-2] INFO  impl.RaftServerProxy (RaftServerProxy.java:addNew(89)) - 3911b809-9d88-4a7a-8c07-514c24e02423: addNew group-B936530E8A46:[0aca2dfd-bb2b-492e-a75d-c6ff1d491f50:172.17.0.2:39241, cef71658-d1b1-44d1-b37f-521e4e788a00:172.17.0.2:46523, 3911b809-9d88-4a7a-8c07-514c24e02423:172.17.0.2:43641] returns group-B936530E8A46:java.util.concurrent.CompletableFuture@68aac432[Not completed]
2020-08-16 01:33:03,708 [pool-237-thread-1] INFO  impl.RaftServerImpl (RaftServerImpl.java:<init>(107)) - 3911b809-9d88-4a7a-8c07-514c24e02423: new RaftServerImpl for group-B936530E8A46:[0aca2dfd-bb2b-492e-a75d-c6ff1d491f50:172.17.0.2:39241, cef71658-d1b1-44d1-b37f-521e4e788a00:172.17.0.2:46523, 3911b809-9d88-4a7a-8c07-514c24e02423:172.17.0.2:43641] with ContainerStateMachine:uninitialized
2020-08-16 01:33:03,708 [pool-237-thread-1] INFO  server.RaftServerConfigKeys (ConfUtils.java:logGet(44)) - raft.server.rpc.timeout.min = 5s (custom)
2020-08-16 01:33:03,708 [pool-237-thread-1] INFO  server.RaftServerConfigKeys (ConfUtils.java:logGet(44)) - raft.server.rpc.timeout.max = 5200ms (custom)
2020-08-16 01:33:03,708 [pool-237-thread-1] INFO  server.RaftServerConfigKeys (ConfUtils.java:logGet(44)) - raft.server.rpcslowness.timeout = 300s (custom)
2020-08-16 01:33:03,708 [pool-237-thread-1] INFO  server.RaftServerConfigKeys (ConfUtils.java:logGet(44)) - raft.server.sleep.deviation.threshold = 300 (default)
2020-08-16 01:33:03,708 [pool-237-thread-1] INFO  server.RaftServerConfigKeys (ConfUtils.java:logGet(44)) - raft.server.log.appender.install.snapshot.enabled = false (custom)
2020-08-16 01:33:03,708 [pool-237-thread-1] INFO  impl.RaftServerImpl (ServerState.java:<init>(103)) - 3911b809-9d88-4a7a-8c07-514c24e02423@group-B936530E8A46: ConfigurationManager, init=-1: [0aca2dfd-bb2b-492e-a75d-c6ff1d491f50:172.17.0.2:39241, cef71658-d1b1-44d1-b37f-521e4e788a00:172.17.0.2:46523, 3911b809-9d88-4a7a-8c07-514c24e02423:172.17.0.2:43641], old=null, confs=<EMPTY_MAP>
2020-08-16 01:33:03,708 [pool-237-thread-1] INFO  server.RaftServerConfigKeys (ConfUtils.java:logGet(44)) - raft.server.storage.dir = [/github/workspace/mnt/ozone/hadoop-ozone/integration-test/target/test-dir/MiniOzoneClusterImpl-c38a1ae0-e263-4e30-b27e-4e0674c9e28f/datanode-5/data/ratis] (custom)
2020-08-16 01:33:03,709 [pool-237-thread-1] INFO  server.RaftServerConfigKeys (ConfUtils.java:logGet(44)) - raft.server.log.corruption.policy = EXCEPTION (default)
2020-08-16 01:33:03,709 [pool-237-thread-1] INFO  storage.RaftStorageDirectory (RaftStorageDirectory.java:analyzeStorage(261)) - The storage directory /github/workspace/mnt/ozone/hadoop-ozone/integration-test/target/test-dir/MiniOzoneClusterImpl-c38a1ae0-e263-4e30-b27e-4e0674c9e28f/datanode-5/data/ratis/bd77e43a-9b37-41bb-83b7-b936530e8a46 does not exist. Creating ...
2020-08-16 01:33:03,711 [pool-237-thread-1] INFO  storage.RaftStorageDirectory (RaftStorageDirectory.java:tryLock(343)) - Lock on /github/workspace/mnt/ozone/hadoop-ozone/integration-test/target/test-dir/MiniOzoneClusterImpl-c38a1ae0-e263-4e30-b27e-4e0674c9e28f/datanode-5/data/ratis/bd77e43a-9b37-41bb-83b7-b936530e8a46/in_use.lock acquired by nodename 28834@bb0b45a2c250
2020-08-16 01:33:03,712 [pool-237-thread-1] INFO  storage.RaftStorage (RaftStorage.java:format(84)) - Storage directory /github/workspace/mnt/ozone/hadoop-ozone/integration-test/target/test-dir/MiniOzoneClusterImpl-c38a1ae0-e263-4e30-b27e-4e0674c9e28f/datanode-5/data/ratis/bd77e43a-9b37-41bb-83b7-b936530e8a46 has been successfully formatted.
2020-08-16 01:33:03,714 [pool-237-thread-1] INFO  ratis.ContainerStateMachine (ContainerStateMachine.java:loadSnapshot(225)) - group-B936530E8A46: The snapshot info is null. Setting the last applied indexto:(t:0, i:~)
2020-08-16 01:33:03,714 [Datanode State Machine Thread - 0] WARN  statemachine.DatanodeStateMachine (DatanodeStateMachine.java:start(245)) - Interrupt the execution.
java.lang.InterruptedException: sleep interrupted
	at java.lang.Thread.sleep(Native Method)
	at org.apache.hadoop.ozone.container.common.statemachine.DatanodeStateMachine.start(DatanodeStateMachine.java:243)
	at org.apache.hadoop.ozone.container.common.statemachine.DatanodeStateMachine.lambda$startDaemon$0(DatanodeStateMachine.java:405)
	at java.lang.Thread.run(Thread.java:748)
2020-08-16 01:33:03,714 [pool-237-thread-1] INFO  server.RaftServerConfigKeys (ConfUtils.java:logGet(44)) - raft.server.notification.no-leader.timeout = 300s (custom)
2020-08-16 01:33:03,716 [pool-237-thread-1] INFO  server.RaftServerConfigKeys (ConfUtils.java:logGet(44)) - raft.server.log.use.memory = false (default)
2020-08-16 01:33:03,716 [pool-237-thread-1] INFO  server.RaftServerConfigKeys (ConfUtils.java:logGet(44)) - raft.server.log.purge.gap = 1000000 (custom)
2020-08-16 01:33:03,716 [pool-237-thread-1] INFO  metrics.RatisMetrics (RatisMetrics.java:lambda$create$0(36)) - Creating Metrics Registry : ratis.log_worker.3911b809-9d88-4a7a-8c07-514c24e02423@group-B936530E8A46
2020-08-16 01:33:03,717 [pool-237-thread-1] INFO  server.RaftServerConfigKeys (ConfUtils.java:logGet(44)) - raft.server.log.appender.buffer.byte-limit = 33554432 (custom)
2020-08-16 01:33:03,718 [pool-237-thread-1] INFO  server.RaftServerConfigKeys (ConfUtils.java:logGet(44)) - raft.server.log.segment.size.max = 1048576 (custom)
2020-08-16 01:33:03,718 [pool-237-thread-1] INFO  server.RaftServerConfigKeys (ConfUtils.java:logGet(44)) - raft.server.log.segment.cache.num.max = 2 (custom)
2020-08-16 01:33:03,722 [pool-237-thread-1] INFO  segmented.SegmentedRaftLogWorker (SegmentedRaftLogWorker.java:<init>(180)) - new 3911b809-9d88-4a7a-8c07-514c24e02423@group-B936530E8A46-SegmentedRaftLogWorker for RaftStorage:Storage Directory /github/workspace/mnt/ozone/hadoop-ozone/integration-test/target/test-dir/MiniOzoneClusterImpl-c38a1ae0-e263-4e30-b27e-4e0674c9e28f/datanode-5/data/ratis/bd77e43a-9b37-41bb-83b7-b936530e8a46
2020-08-16 01:33:03,722 [pool-237-thread-1] INFO  server.RaftServerConfigKeys (ConfUtils.java:logGet(44)) - raft.server.log.queue.byte-limit = 2147483647 (custom)
2020-08-16 01:33:03,722 [pool-237-thread-1] INFO  server.RaftServerConfigKeys (ConfUtils.java:logGet(44)) - raft.server.log.queue.element-limit = 1024 (custom)
2020-08-16 01:33:03,722 [pool-237-thread-1] INFO  server.RaftServerConfigKeys (ConfUtils.java:logGet(44)) - raft.server.log.segment.size.max = 1048576 (custom)
2020-08-16 01:33:03,722 [pool-237-thread-1] INFO  server.RaftServerConfigKeys (ConfUtils.java:logGet(44)) - raft.server.log.preallocated.size = 16384 (custom)
2020-08-16 01:33:03,723 [pool-237-thread-1] INFO  server.RaftServerConfigKeys (ConfUtils.java:logGet(44)) - raft.server.log.write.buffer.size = 1048576 (custom)
2020-08-16 01:33:03,723 [pool-237-thread-1] INFO  server.RaftServerConfigKeys (ConfUtils.java:logGet(44)) - raft.server.log.force.sync.num = 128 (default)
2020-08-16 01:33:03,723 [pool-237-thread-1] INFO  server.RaftServerConfigKeys (ConfUtils.java:logGet(44)) - raft.server.log.statemachine.data.sync = true (default)
2020-08-16 01:33:03,723 [pool-237-thread-1] INFO  server.RaftServerConfigKeys (ConfUtils.java:logGet(44)) - raft.server.log.statemachine.data.sync.timeout = 10s (default)
2020-08-16 01:33:03,723 [pool-237-thread-1] INFO  server.RaftServerConfigKeys (ConfUtils.java:logGet(44)) - raft.server.log.statemachine.data.sync.timeout.retry = -1 (default)
2020-08-16 01:33:03,725 [pool-237-thread-1] INFO  server.RaftServerConfigKeys (ConfUtils.java:logGet(44)) - raft.server.log.statemachine.data.caching.enabled = true (custom)
2020-08-16 01:33:03,726 [pool-237-thread-1] INFO  segmented.SegmentedRaftLogWorker (SegmentedRaftLogWorker.java:lambda$new$0(129)) - 3911b809-9d88-4a7a-8c07-514c24e02423@group-B936530E8A46-SegmentedRaftLogWorker: flushIndex: setUnconditionally 0 -> -1
2020-08-16 01:33:03,726 [pool-237-thread-1] INFO  segmented.SegmentedRaftLogWorker (SegmentedRaftLogWorker.java:lambda$new$0(129)) - 3911b809-9d88-4a7a-8c07-514c24e02423@group-B936530E8A46-SegmentedRaftLogWorker: safeCacheEvictIndex: setUnconditionally 0 -> -1
2020-08-16 01:33:03,727 [pool-237-thread-1] INFO  server.RaftServerConfigKeys (ConfUtils.java:logGet(44)) - raft.server.snapshot.auto.trigger.enabled = true (custom)
2020-08-16 01:33:03,727 [pool-237-thread-1] INFO  server.RaftServerConfigKeys (ConfUtils.java:logGet(44)) - raft.server.snapshot.auto.trigger.threshold = 10000 (custom)
2020-08-16 01:33:03,727 [pool-237-thread-1] INFO  server.RaftServerConfigKeys (ConfUtils.java:logGet(44)) - raft.server.snapshot.retention.file.num = 5 (custom)
2020-08-16 01:33:03,727 [pool-237-thread-1] INFO  server.RaftServerConfigKeys (ConfUtils.java:logGet(44)) - raft.server.log.purge.upto.snapshot.index = false (default)
2020-08-16 01:33:03,727 [pool-237-thread-1] INFO  server.RaftServerConfigKeys (ConfUtils.java:logGet(44)) - raft.server.retrycache.expirytime = 600000ms (custom)
2020-08-16 01:33:03,727 [pool-237-thread-1] INFO  metrics.RatisMetrics (RatisMetrics.java:lambda$create$0(36)) - Creating Metrics Registry : ratis.leader_election.3911b809-9d88-4a7a-8c07-514c24e02423@group-B936530E8A46
2020-08-16 01:33:03,728 [pool-237-thread-1] INFO  metrics.RatisMetrics (RatisMetrics.java:lambda$create$0(36)) - Creating Metrics Registry : ratis.server.3911b809-9d88-4a7a-8c07-514c24e02423@group-B936530E8A46
2020-08-16 01:33:03,730 [pool-237-thread-1] INFO  impl.RaftServerImpl (RaftServerImpl.java:start(196)) - 3911b809-9d88-4a7a-8c07-514c24e02423@group-B936530E8A46: start as a follower, conf=-1: [0aca2dfd-bb2b-492e-a75d-c6ff1d491f50:172.17.0.2:39241, cef71658-d1b1-44d1-b37f-521e4e788a00:172.17.0.2:46523, 3911b809-9d88-4a7a-8c07-514c24e02423:172.17.0.2:43641], old=null
2020-08-16 01:33:03,730 [pool-237-thread-1] INFO  impl.RaftServerImpl (RaftServerImpl.java:setRole(185)) - 3911b809-9d88-4a7a-8c07-514c24e02423@group-B936530E8A46: changes role from      null to FOLLOWER at term 0 for startAsFollower
2020-08-16 01:33:03,730 [pool-237-thread-1] INFO  impl.RoleInfo (RoleInfo.java:updateAndGet(143)) - 3911b809-9d88-4a7a-8c07-514c24e02423: start FollowerState
2020-08-16 01:33:03,735 [pool-237-thread-1] INFO  util.JmxRegister (JmxRegister.java:tryRegister(44)) - Successfully registered JMX Bean with object name Ratis:service=RaftServer,group=group-B936530E8A46,id=3911b809-9d88-4a7a-8c07-514c24e02423
2020-08-16 01:33:03,735 [pool-237-thread-1] INFO  metrics.RatisMetrics (RatisMetrics.java:lambda$create$0(36)) - Creating Metrics Registry : ratis.state_machine.3911b809-9d88-4a7a-8c07-514c24e02423@group-B936530E8A46
2020-08-16 01:33:03,763 [grpc-default-executor-2] INFO  impl.RaftServerProxy (RaftServerProxy.java:addNew(89)) - cef71658-d1b1-44d1-b37f-521e4e788a00: addNew group-B936530E8A46:[0aca2dfd-bb2b-492e-a75d-c6ff1d491f50:172.17.0.2:39241, cef71658-d1b1-44d1-b37f-521e4e788a00:172.17.0.2:46523, 3911b809-9d88-4a7a-8c07-514c24e02423:172.17.0.2:43641] returns group-B936530E8A46:java.util.concurrent.CompletableFuture@40d5a084[Not completed]
2020-08-16 01:33:03,766 [pool-222-thread-1] INFO  impl.RaftServerImpl (RaftServerImpl.java:<init>(107)) - cef71658-d1b1-44d1-b37f-521e4e788a00: new RaftServerImpl for group-B936530E8A46:[0aca2dfd-bb2b-492e-a75d-c6ff1d491f50:172.17.0.2:39241, cef71658-d1b1-44d1-b37f-521e4e788a00:172.17.0.2:46523, 3911b809-9d88-4a7a-8c07-514c24e02423:172.17.0.2:43641] with ContainerStateMachine:uninitialized
2020-08-16 01:33:03,767 [pool-222-thread-1] INFO  server.RaftServerConfigKeys (ConfUtils.java:logGet(44)) - raft.server.rpc.timeout.min = 5s (custom)
2020-08-16 01:33:03,767 [pool-222-thread-1] INFO  server.RaftServerConfigKeys (ConfUtils.java:logGet(44)) - raft.server.rpc.timeout.max = 5200ms (custom)
2020-08-16 01:33:03,767 [pool-222-thread-1] INFO  server.RaftServerConfigKeys (ConfUtils.java:logGet(44)) - raft.server.rpcslowness.timeout = 300s (custom)
2020-08-16 01:33:03,767 [pool-222-thread-1] INFO  server.RaftServerConfigKeys (ConfUtils.java:logGet(44)) - raft.server.sleep.deviation.threshold = 300 (default)
2020-08-16 01:33:03,767 [pool-222-thread-1] INFO  server.RaftServerConfigKeys (ConfUtils.java:logGet(44)) - raft.server.log.appender.install.snapshot.enabled = false (custom)
2020-08-16 01:33:03,768 [pool-222-thread-1] INFO  impl.RaftServerImpl (ServerState.java:<init>(103)) - cef71658-d1b1-44d1-b37f-521e4e788a00@group-B936530E8A46: ConfigurationManager, init=-1: [0aca2dfd-bb2b-492e-a75d-c6ff1d491f50:172.17.0.2:39241, cef71658-d1b1-44d1-b37f-521e4e788a00:172.17.0.2:46523, 3911b809-9d88-4a7a-8c07-514c24e02423:172.17.0.2:43641], old=null, confs=<EMPTY_MAP>
2020-08-16 01:33:03,768 [pool-222-thread-1] INFO  server.RaftServerConfigKeys (ConfUtils.java:logGet(44)) - raft.server.storage.dir = [/github/workspace/mnt/ozone/hadoop-ozone/integration-test/target/test-dir/MiniOzoneClusterImpl-c38a1ae0-e263-4e30-b27e-4e0674c9e28f/datanode-4/data/ratis] (custom)
2020-08-16 01:33:03,769 [pool-222-thread-1] INFO  server.RaftServerConfigKeys (ConfUtils.java:logGet(44)) - raft.server.log.corruption.policy = EXCEPTION (default)
2020-08-16 01:33:03,769 [pool-222-thread-1] INFO  storage.RaftStorageDirectory (RaftStorageDirectory.java:analyzeStorage(261)) - The storage directory /github/workspace/mnt/ozone/hadoop-ozone/integration-test/target/test-dir/MiniOzoneClusterImpl-c38a1ae0-e263-4e30-b27e-4e0674c9e28f/datanode-4/data/ratis/bd77e43a-9b37-41bb-83b7-b936530e8a46 does not exist. Creating ...
2020-08-16 01:33:03,770 [pool-222-thread-1] INFO  storage.RaftStorageDirectory (RaftStorageDirectory.java:tryLock(343)) - Lock on /github/workspace/mnt/ozone/hadoop-ozone/integration-test/target/test-dir/MiniOzoneClusterImpl-c38a1ae0-e263-4e30-b27e-4e0674c9e28f/datanode-4/data/ratis/bd77e43a-9b37-41bb-83b7-b936530e8a46/in_use.lock acquired by nodename 28834@bb0b45a2c250
2020-08-16 01:33:03,771 [pool-222-thread-1] INFO  storage.RaftStorage (RaftStorage.java:format(84)) - Storage directory /github/workspace/mnt/ozone/hadoop-ozone/integration-test/target/test-dir/MiniOzoneClusterImpl-c38a1ae0-e263-4e30-b27e-4e0674c9e28f/datanode-4/data/ratis/bd77e43a-9b37-41bb-83b7-b936530e8a46 has been successfully formatted.
2020-08-16 01:33:03,773 [Datanode State Machine Thread - 0] WARN  statemachine.DatanodeStateMachine (DatanodeStateMachine.java:start(245)) - Interrupt the execution.
java.lang.InterruptedException: sleep interrupted
	at java.lang.Thread.sleep(Native Method)
	at org.apache.hadoop.ozone.container.common.statemachine.DatanodeStateMachine.start(DatanodeStateMachine.java:243)
	at org.apache.hadoop.ozone.container.common.statemachine.DatanodeStateMachine.lambda$startDaemon$0(DatanodeStateMachine.java:405)
	at java.lang.Thread.run(Thread.java:748)
2020-08-16 01:33:03,774 [pool-222-thread-1] INFO  ratis.ContainerStateMachine (ContainerStateMachine.java:loadSnapshot(225)) - group-B936530E8A46: The snapshot info is null. Setting the last applied indexto:(t:0, i:~)
2020-08-16 01:33:03,774 [pool-222-thread-1] INFO  server.RaftServerConfigKeys (ConfUtils.java:logGet(44)) - raft.server.notification.no-leader.timeout = 300s (custom)
2020-08-16 01:33:03,775 [pool-222-thread-1] INFO  server.RaftServerConfigKeys (ConfUtils.java:logGet(44)) - raft.server.log.use.memory = false (default)
2020-08-16 01:33:03,776 [pool-222-thread-1] INFO  server.RaftServerConfigKeys (ConfUtils.java:logGet(44)) - raft.server.log.purge.gap = 1000000 (custom)
2020-08-16 01:33:03,776 [pool-222-thread-1] INFO  metrics.RatisMetrics (RatisMetrics.java:lambda$create$0(36)) - Creating Metrics Registry : ratis.log_worker.cef71658-d1b1-44d1-b37f-521e4e788a00@group-B936530E8A46
2020-08-16 01:33:03,776 [pool-222-thread-1] INFO  server.RaftServerConfigKeys (ConfUtils.java:logGet(44)) - raft.server.log.appender.buffer.byte-limit = 33554432 (custom)
2020-08-16 01:33:03,776 [pool-222-thread-1] INFO  server.RaftServerConfigKeys (ConfUtils.java:logGet(44)) - raft.server.log.segment.size.max = 1048576 (custom)
2020-08-16 01:33:03,777 [pool-222-thread-1] INFO  server.RaftServerConfigKeys (ConfUtils.java:logGet(44)) - raft.server.log.segment.cache.num.max = 2 (custom)
2020-08-16 01:33:03,777 [pool-222-thread-1] INFO  segmented.SegmentedRaftLogWorker (SegmentedRaftLogWorker.java:<init>(180)) - new cef71658-d1b1-44d1-b37f-521e4e788a00@group-B936530E8A46-SegmentedRaftLogWorker for RaftStorage:Storage Directory /github/workspace/mnt/ozone/hadoop-ozone/integration-test/target/test-dir/MiniOzoneClusterImpl-c38a1ae0-e263-4e30-b27e-4e0674c9e28f/datanode-4/data/ratis/bd77e43a-9b37-41bb-83b7-b936530e8a46
2020-08-16 01:33:03,777 [pool-222-thread-1] INFO  server.RaftServerConfigKeys (ConfUtils.java:logGet(44)) - raft.server.log.queue.byte-limit = 2147483647 (custom)
2020-08-16 01:33:03,777 [pool-222-thread-1] INFO  server.RaftServerConfigKeys (ConfUtils.java:logGet(44)) - raft.server.log.queue.element-limit = 1024 (custom)
2020-08-16 01:33:03,778 [pool-222-thread-1] INFO  server.RaftServerConfigKeys (ConfUtils.java:logGet(44)) - raft.server.log.segment.size.max = 1048576 (custom)
2020-08-16 01:33:03,778 [pool-222-thread-1] INFO  server.RaftServerConfigKeys (ConfUtils.java:logGet(44)) - raft.server.log.preallocated.size = 16384 (custom)
2020-08-16 01:33:03,778 [pool-222-thread-1] INFO  server.RaftServerConfigKeys (ConfUtils.java:logGet(44)) - raft.server.log.write.buffer.size = 1048576 (custom)
2020-08-16 01:33:03,778 [pool-222-thread-1] INFO  server.RaftServerConfigKeys (ConfUtils.java:logGet(44)) - raft.server.log.force.sync.num = 128 (default)
2020-08-16 01:33:03,778 [pool-222-thread-1] INFO  server.RaftServerConfigKeys (ConfUtils.java:logGet(44)) - raft.server.log.statemachine.data.sync = true (default)
2020-08-16 01:33:03,778 [pool-222-thread-1] INFO  server.RaftServerConfigKeys (ConfUtils.java:logGet(44)) - raft.server.log.statemachine.data.sync.timeout = 10s (default)
2020-08-16 01:33:03,778 [pool-222-thread-1] INFO  server.RaftServerConfigKeys (ConfUtils.java:logGet(44)) - raft.server.log.statemachine.data.sync.timeout.retry = -1 (default)
2020-08-16 01:33:03,781 [pool-222-thread-1] INFO  server.RaftServerConfigKeys (ConfUtils.java:logGet(44)) - raft.server.log.statemachine.data.caching.enabled = true (custom)
2020-08-16 01:33:03,781 [pool-222-thread-1] INFO  segmented.SegmentedRaftLogWorker (SegmentedRaftLogWorker.java:lambda$new$0(129)) - cef71658-d1b1-44d1-b37f-521e4e788a00@group-B936530E8A46-SegmentedRaftLogWorker: flushIndex: setUnconditionally 0 -> -1
2020-08-16 01:33:03,782 [pool-222-thread-1] INFO  segmented.SegmentedRaftLogWorker (SegmentedRaftLogWorker.java:lambda$new$0(129)) - cef71658-d1b1-44d1-b37f-521e4e788a00@group-B936530E8A46-SegmentedRaftLogWorker: safeCacheEvictIndex: setUnconditionally 0 -> -1
2020-08-16 01:33:03,784 [Command processor thread] INFO  impl.RaftServerProxy (RaftServerProxy.java:addNew(89)) - cef71658-d1b1-44d1-b37f-521e4e788a00: addNew group-A031053284E5:[cef71658-d1b1-44d1-b37f-521e4e788a00:172.17.0.2:46523] returns group-A031053284E5:java.util.concurrent.CompletableFuture@53cbddc6[Not completed]
2020-08-16 01:33:03,788 [pool-222-thread-1] INFO  server.RaftServerConfigKeys (ConfUtils.java:logGet(44)) - raft.server.snapshot.auto.trigger.enabled = true (custom)
2020-08-16 01:33:03,789 [pool-222-thread-1] INFO  server.RaftServerConfigKeys (ConfUtils.java:logGet(44)) - raft.server.snapshot.auto.trigger.threshold = 10000 (custom)
2020-08-16 01:33:03,790 [pool-222-thread-1] INFO  server.RaftServerConfigKeys (ConfUtils.java:logGet(44)) - raft.server.snapshot.retention.file.num = 5 (custom)
2020-08-16 01:33:03,790 [pool-222-thread-1] INFO  server.RaftServerConfigKeys (ConfUtils.java:logGet(44)) - raft.server.log.purge.upto.snapshot.index = false (default)
2020-08-16 01:33:03,790 [pool-222-thread-1] INFO  server.RaftServerConfigKeys (ConfUtils.java:logGet(44)) - raft.server.retrycache.expirytime = 600000ms (custom)
2020-08-16 01:33:03,791 [pool-222-thread-1] INFO  metrics.RatisMetrics (RatisMetrics.java:lambda$create$0(36)) - Creating Metrics Registry : ratis.leader_election.cef71658-d1b1-44d1-b37f-521e4e788a00@group-B936530E8A46
2020-08-16 01:33:03,792 [pool-222-thread-1] INFO  metrics.RatisMetrics (RatisMetrics.java:lambda$create$0(36)) - Creating Metrics Registry : ratis.server.cef71658-d1b1-44d1-b37f-521e4e788a00@group-B936530E8A46
2020-08-16 01:33:03,797 [pool-222-thread-1] INFO  impl.RaftServerImpl (RaftServerImpl.java:<init>(107)) - cef71658-d1b1-44d1-b37f-521e4e788a00: new RaftServerImpl for group-A031053284E5:[cef71658-d1b1-44d1-b37f-521e4e788a00:172.17.0.2:46523] with ContainerStateMachine:uninitialized
2020-08-16 01:33:03,797 [pool-222-thread-1] INFO  server.RaftServerConfigKeys (ConfUtils.java:logGet(44)) - raft.server.rpc.timeout.min = 5s (custom)
2020-08-16 01:33:03,797 [pool-222-thread-1] INFO  server.RaftServerConfigKeys (ConfUtils.java:logGet(44)) - raft.server.rpc.timeout.max = 5200ms (custom)
2020-08-16 01:33:03,797 [pool-222-thread-1] INFO  server.RaftServerConfigKeys (ConfUtils.java:logGet(44)) - raft.server.rpcslowness.timeout = 300s (custom)
2020-08-16 01:33:03,797 [pool-222-thread-1] INFO  server.RaftServerConfigKeys (ConfUtils.java:logGet(44)) - raft.server.sleep.deviation.threshold = 300 (default)
2020-08-16 01:33:03,797 [pool-222-thread-1] INFO  server.RaftServerConfigKeys (ConfUtils.java:logGet(44)) - raft.server.log.appender.install.snapshot.enabled = false (custom)
2020-08-16 01:33:03,797 [pool-222-thread-1] INFO  impl.RaftServerImpl (ServerState.java:<init>(103)) - cef71658-d1b1-44d1-b37f-521e4e788a00@group-A031053284E5: ConfigurationManager, init=-1: [cef71658-d1b1-44d1-b37f-521e4e788a00:172.17.0.2:46523], old=null, confs=<EMPTY_MAP>
2020-08-16 01:33:03,798 [pool-222-thread-1] INFO  server.RaftServerConfigKeys (ConfUtils.java:logGet(44)) - raft.server.storage.dir = [/github/workspace/mnt/ozone/hadoop-ozone/integration-test/target/test-dir/MiniOzoneClusterImpl-c38a1ae0-e263-4e30-b27e-4e0674c9e28f/datanode-4/data/ratis] (custom)
2020-08-16 01:33:03,798 [pool-222-thread-1] INFO  server.RaftServerConfigKeys (ConfUtils.java:logGet(44)) - raft.server.log.corruption.policy = EXCEPTION (default)
2020-08-16 01:33:03,798 [pool-222-thread-1] INFO  storage.RaftStorageDirectory (RaftStorageDirectory.java:analyzeStorage(261)) - The storage directory /github/workspace/mnt/ozone/hadoop-ozone/integration-test/target/test-dir/MiniOzoneClusterImpl-c38a1ae0-e263-4e30-b27e-4e0674c9e28f/datanode-4/data/ratis/8ad55fae-92d6-47a2-88af-a031053284e5 does not exist. Creating ...
2020-08-16 01:33:03,800 [pool-222-thread-1] INFO  storage.RaftStorageDirectory (RaftStorageDirectory.java:tryLock(343)) - Lock on /github/workspace/mnt/ozone/hadoop-ozone/integration-test/target/test-dir/MiniOzoneClusterImpl-c38a1ae0-e263-4e30-b27e-4e0674c9e28f/datanode-4/data/ratis/8ad55fae-92d6-47a2-88af-a031053284e5/in_use.lock acquired by nodename 28834@bb0b45a2c250
2020-08-16 01:33:03,801 [pool-222-thread-1] INFO  storage.RaftStorage (RaftStorage.java:format(84)) - Storage directory /github/workspace/mnt/ozone/hadoop-ozone/integration-test/target/test-dir/MiniOzoneClusterImpl-c38a1ae0-e263-4e30-b27e-4e0674c9e28f/datanode-4/data/ratis/8ad55fae-92d6-47a2-88af-a031053284e5 has been successfully formatted.
2020-08-16 01:33:03,803 [Datanode State Machine Thread - 0] WARN  statemachine.DatanodeStateMachine (DatanodeStateMachine.java:start(245)) - Interrupt the execution.
java.lang.InterruptedException: sleep interrupted
	at java.lang.Thread.sleep(Native Method)
	at org.apache.hadoop.ozone.container.common.statemachine.DatanodeStateMachine.start(DatanodeStateMachine.java:243)
	at org.apache.hadoop.ozone.container.common.statemachine.DatanodeStateMachine.lambda$startDaemon$0(DatanodeStateMachine.java:405)
	at java.lang.Thread.run(Thread.java:748)
2020-08-16 01:33:03,803 [pool-222-thread-1] INFO  ratis.ContainerStateMachine (ContainerStateMachine.java:loadSnapshot(225)) - group-A031053284E5: The snapshot info is null. Setting the last applied indexto:(t:0, i:~)
2020-08-16 01:33:03,804 [pool-222-thread-1] INFO  server.RaftServerConfigKeys (ConfUtils.java:logGet(44)) - raft.server.notification.no-leader.timeout = 300s (custom)
2020-08-16 01:33:03,804 [pool-222-thread-1] INFO  server.RaftServerConfigKeys (ConfUtils.java:logGet(44)) - raft.server.log.use.memory = false (default)
2020-08-16 01:33:03,804 [pool-222-thread-1] INFO  server.RaftServerConfigKeys (ConfUtils.java:logGet(44)) - raft.server.log.purge.gap = 1000000 (custom)
2020-08-16 01:33:03,804 [pool-222-thread-1] INFO  metrics.RatisMetrics (RatisMetrics.java:lambda$create$0(36)) - Creating Metrics Registry : ratis.log_worker.cef71658-d1b1-44d1-b37f-521e4e788a00@group-A031053284E5
2020-08-16 01:33:03,804 [pool-222-thread-1] INFO  server.RaftServerConfigKeys (ConfUtils.java:logGet(44)) - raft.server.log.appender.buffer.byte-limit = 33554432 (custom)
2020-08-16 01:33:03,805 [pool-222-thread-1] INFO  server.RaftServerConfigKeys (ConfUtils.java:logGet(44)) - raft.server.log.segment.size.max = 1048576 (custom)
2020-08-16 01:33:03,805 [EventQueue-PipelineReportForPipelineReportHandler] INFO  pipeline.PipelineStateManager (PipelineStateManager.java:openPipeline(131)) - Pipeline Pipeline[ Id: 8ad55fae-92d6-47a2-88af-a031053284e5, Nodes: cef71658-d1b1-44d1-b37f-521e4e788a00{ip: 172.17.0.2, host: bb0b45a2c250, networkLocation: /default-rack, certSerialId: null}, Type:RATIS, Factor:ONE, State:ALLOCATED, leaderId:cef71658-d1b1-44d1-b37f-521e4e788a00, CreationTimestamp2020-08-16T01:33:00.787Z] moved to OPEN state
2020-08-16 01:33:03,805 [EventQueue-OpenPipelineForOneReplicaPipelineSafeModeRule] INFO  safemode.SCMSafeModeManager (SCMSafeModeManager.java:validateSafeModeExitRules(214)) - AtleastOneDatanodeReportedRule rule is successfully validated
2020-08-16 01:33:03,805 [EventQueue-OpenPipelineForHealthyPipelineSafeModeRule] INFO  safemode.SCMSafeModeManager (HealthyPipelineSafeModeRule.java:process(129)) - SCM in safe mode. Healthy pipelines reported count is 0, required healthy pipeline reported count is 1
2020-08-16 01:33:03,808 [pool-222-thread-1] INFO  server.RaftServerConfigKeys (ConfUtils.java:logGet(44)) - raft.server.log.segment.cache.num.max = 2 (custom)
2020-08-16 01:33:03,808 [pool-222-thread-1] INFO  segmented.SegmentedRaftLogWorker (SegmentedRaftLogWorker.java:<init>(180)) - new cef71658-d1b1-44d1-b37f-521e4e788a00@group-A031053284E5-SegmentedRaftLogWorker for RaftStorage:Storage Directory /github/workspace/mnt/ozone/hadoop-ozone/integration-test/target/test-dir/MiniOzoneClusterImpl-c38a1ae0-e263-4e30-b27e-4e0674c9e28f/datanode-4/data/ratis/8ad55fae-92d6-47a2-88af-a031053284e5
2020-08-16 01:33:03,808 [pool-222-thread-1] INFO  server.RaftServerConfigKeys (ConfUtils.java:logGet(44)) - raft.server.log.queue.byte-limit = 2147483647 (custom)
2020-08-16 01:33:03,808 [pool-222-thread-1] INFO  server.RaftServerConfigKeys (ConfUtils.java:logGet(44)) - raft.server.log.queue.element-limit = 1024 (custom)
2020-08-16 01:33:03,808 [pool-222-thread-1] INFO  server.RaftServerConfigKeys (ConfUtils.java:logGet(44)) - raft.server.log.segment.size.max = 1048576 (custom)
2020-08-16 01:33:03,809 [pool-222-thread-1] INFO  server.RaftServerConfigKeys (ConfUtils.java:logGet(44)) - raft.server.log.preallocated.size = 16384 (custom)
2020-08-16 01:33:03,809 [pool-222-thread-1] INFO  server.RaftServerConfigKeys (ConfUtils.java:logGet(44)) - raft.server.log.write.buffer.size = 1048576 (custom)
2020-08-16 01:33:03,809 [pool-222-thread-1] INFO  server.RaftServerConfigKeys (ConfUtils.java:logGet(44)) - raft.server.log.force.sync.num = 128 (default)
2020-08-16 01:33:03,809 [pool-222-thread-1] INFO  server.RaftServerConfigKeys (ConfUtils.java:logGet(44)) - raft.server.log.statemachine.data.sync = true (default)
2020-08-16 01:33:03,809 [pool-222-thread-1] INFO  server.RaftServerConfigKeys (ConfUtils.java:logGet(44)) - raft.server.log.statemachine.data.sync.timeout = 10s (default)
2020-08-16 01:33:03,809 [pool-222-thread-1] INFO  server.RaftServerConfigKeys (ConfUtils.java:logGet(44)) - raft.server.log.statemachine.data.sync.timeout.retry = -1 (default)
2020-08-16 01:33:03,811 [pool-222-thread-1] INFO  server.RaftServerConfigKeys (ConfUtils.java:logGet(44)) - raft.server.log.statemachine.data.caching.enabled = true (custom)
2020-08-16 01:33:03,812 [pool-222-thread-1] INFO  segmented.SegmentedRaftLogWorker (SegmentedRaftLogWorker.java:lambda$new$0(129)) - cef71658-d1b1-44d1-b37f-521e4e788a00@group-A031053284E5-SegmentedRaftLogWorker: flushIndex: setUnconditionally 0 -> -1
2020-08-16 01:33:03,812 [pool-222-thread-1] INFO  segmented.SegmentedRaftLogWorker (SegmentedRaftLogWorker.java:lambda$new$0(129)) - cef71658-d1b1-44d1-b37f-521e4e788a00@group-A031053284E5-SegmentedRaftLogWorker: safeCacheEvictIndex: setUnconditionally 0 -> -1
2020-08-16 01:33:03,819 [pool-222-thread-1] INFO  server.RaftServerConfigKeys (ConfUtils.java:logGet(44)) - raft.server.snapshot.auto.trigger.enabled = true (custom)
2020-08-16 01:33:03,819 [pool-222-thread-1] INFO  server.RaftServerConfigKeys (ConfUtils.java:logGet(44)) - raft.server.snapshot.auto.trigger.threshold = 10000 (custom)
2020-08-16 01:33:03,819 [pool-222-thread-1] INFO  server.RaftServerConfigKeys (ConfUtils.java:logGet(44)) - raft.server.snapshot.retention.file.num = 5 (custom)
2020-08-16 01:33:03,819 [pool-222-thread-1] INFO  server.RaftServerConfigKeys (ConfUtils.java:logGet(44)) - raft.server.log.purge.upto.snapshot.index = false (default)
2020-08-16 01:33:03,820 [pool-222-thread-1] INFO  server.RaftServerConfigKeys (ConfUtils.java:logGet(44)) - raft.server.retrycache.expirytime = 600000ms (custom)
2020-08-16 01:33:03,820 [pool-222-thread-1] INFO  metrics.RatisMetrics (RatisMetrics.java:lambda$create$0(36)) - Creating Metrics Registry : ratis.leader_election.cef71658-d1b1-44d1-b37f-521e4e788a00@group-A031053284E5
2020-08-16 01:33:03,820 [pool-222-thread-1] INFO  metrics.RatisMetrics (RatisMetrics.java:lambda$create$0(36)) - Creating Metrics Registry : ratis.server.cef71658-d1b1-44d1-b37f-521e4e788a00@group-A031053284E5
2020-08-16 01:33:03,823 [pool-222-thread-1] INFO  impl.RaftServerImpl (RaftServerImpl.java:start(196)) - cef71658-d1b1-44d1-b37f-521e4e788a00@group-B936530E8A46: start as a follower, conf=-1: [0aca2dfd-bb2b-492e-a75d-c6ff1d491f50:172.17.0.2:39241, cef71658-d1b1-44d1-b37f-521e4e788a00:172.17.0.2:46523, 3911b809-9d88-4a7a-8c07-514c24e02423:172.17.0.2:43641], old=null
2020-08-16 01:33:03,823 [pool-222-thread-1] INFO  impl.RaftServerImpl (RaftServerImpl.java:setRole(185)) - cef71658-d1b1-44d1-b37f-521e4e788a00@group-B936530E8A46: changes role from      null to FOLLOWER at term 0 for startAsFollower
2020-08-16 01:33:03,823 [pool-222-thread-1] INFO  impl.RoleInfo (RoleInfo.java:updateAndGet(143)) - cef71658-d1b1-44d1-b37f-521e4e788a00: start FollowerState
2020-08-16 01:33:03,823 [pool-222-thread-1] INFO  util.JmxRegister (JmxRegister.java:tryRegister(44)) - Successfully registered JMX Bean with object name Ratis:service=RaftServer,group=group-B936530E8A46,id=cef71658-d1b1-44d1-b37f-521e4e788a00
2020-08-16 01:33:03,824 [pool-222-thread-1] INFO  metrics.RatisMetrics (RatisMetrics.java:lambda$create$0(36)) - Creating Metrics Registry : ratis.state_machine.cef71658-d1b1-44d1-b37f-521e4e788a00@group-B936530E8A46
2020-08-16 01:33:03,835 [pool-222-thread-1] INFO  impl.RaftServerImpl (RaftServerImpl.java:start(196)) - cef71658-d1b1-44d1-b37f-521e4e788a00@group-A031053284E5: start as a follower, conf=-1: [cef71658-d1b1-44d1-b37f-521e4e788a00:172.17.0.2:46523], old=null
2020-08-16 01:33:03,835 [pool-222-thread-1] INFO  impl.RaftServerImpl (RaftServerImpl.java:setRole(185)) - cef71658-d1b1-44d1-b37f-521e4e788a00@group-A031053284E5: changes role from      null to FOLLOWER at term 0 for startAsFollower
2020-08-16 01:33:03,835 [pool-222-thread-1] INFO  impl.RoleInfo (RoleInfo.java:updateAndGet(143)) - cef71658-d1b1-44d1-b37f-521e4e788a00: start FollowerState
2020-08-16 01:33:03,835 [pool-222-thread-1] INFO  util.JmxRegister (JmxRegister.java:tryRegister(44)) - Successfully registered JMX Bean with object name Ratis:service=RaftServer,group=group-A031053284E5,id=cef71658-d1b1-44d1-b37f-521e4e788a00
2020-08-16 01:33:03,836 [pool-222-thread-1] INFO  metrics.RatisMetrics (RatisMetrics.java:lambda$create$0(36)) - Creating Metrics Registry : ratis.state_machine.cef71658-d1b1-44d1-b37f-521e4e788a00@group-A031053284E5
2020-08-16 01:33:03,841 [Command processor thread] INFO  commandhandler.CreatePipelineCommandHandler (CreatePipelineCommandHandler.java:handle(110)) - Created Pipeline RATIS ONE #id: "8ad55fae-92d6-47a2-88af-a031053284e5"
uuid128 {
  mostSigBits: -8442736723043661918
  leastSigBits: -8597477031225948955
}
.
2020-08-16 01:33:03,842 [Command processor thread] INFO  commandhandler.CreatePipelineCommandHandler (CreatePipelineCommandHandler.java:handle(110)) - Created Pipeline RATIS THREE #id: "bd77e43a-9b37-41bb-83b7-b936530e8a46"
uuid128 {
  mostSigBits: -4794112337949277765
  leastSigBits: -8955485691030107578
}
.
2020-08-16 01:33:03,919 [Command processor thread] INFO  impl.RaftServerProxy (RaftServerProxy.java:addNew(89)) - 3911b809-9d88-4a7a-8c07-514c24e02423: addNew group-0395CD407848:[3911b809-9d88-4a7a-8c07-514c24e02423:172.17.0.2:43641] returns group-0395CD407848:java.util.concurrent.CompletableFuture@6afcd43d[Not completed]
2020-08-16 01:33:03,920 [pool-237-thread-1] INFO  impl.RaftServerImpl (RaftServerImpl.java:<init>(107)) - 3911b809-9d88-4a7a-8c07-514c24e02423: new RaftServerImpl for group-0395CD407848:[3911b809-9d88-4a7a-8c07-514c24e02423:172.17.0.2:43641] with ContainerStateMachine:uninitialized
2020-08-16 01:33:03,920 [pool-237-thread-1] INFO  server.RaftServerConfigKeys (ConfUtils.java:logGet(44)) - raft.server.rpc.timeout.min = 5s (custom)
2020-08-16 01:33:03,920 [pool-237-thread-1] INFO  server.RaftServerConfigKeys (ConfUtils.java:logGet(44)) - raft.server.rpc.timeout.max = 5200ms (custom)
2020-08-16 01:33:03,920 [pool-237-thread-1] INFO  server.RaftServerConfigKeys (ConfUtils.java:logGet(44)) - raft.server.rpcslowness.timeout = 300s (custom)
2020-08-16 01:33:03,920 [pool-237-thread-1] INFO  server.RaftServerConfigKeys (ConfUtils.java:logGet(44)) - raft.server.sleep.deviation.threshold = 300 (default)
2020-08-16 01:33:03,920 [pool-237-thread-1] INFO  server.RaftServerConfigKeys (ConfUtils.java:logGet(44)) - raft.server.log.appender.install.snapshot.enabled = false (custom)
2020-08-16 01:33:03,921 [pool-237-thread-1] INFO  impl.RaftServerImpl (ServerState.java:<init>(103)) - 3911b809-9d88-4a7a-8c07-514c24e02423@group-0395CD407848: ConfigurationManager, init=-1: [3911b809-9d88-4a7a-8c07-514c24e02423:172.17.0.2:43641], old=null, confs=<EMPTY_MAP>
2020-08-16 01:33:03,921 [pool-237-thread-1] INFO  server.RaftServerConfigKeys (ConfUtils.java:logGet(44)) - raft.server.storage.dir = [/github/workspace/mnt/ozone/hadoop-ozone/integration-test/target/test-dir/MiniOzoneClusterImpl-c38a1ae0-e263-4e30-b27e-4e0674c9e28f/datanode-5/data/ratis] (custom)
2020-08-16 01:33:03,921 [pool-237-thread-1] INFO  server.RaftServerConfigKeys (ConfUtils.java:logGet(44)) - raft.server.log.corruption.policy = EXCEPTION (default)
2020-08-16 01:33:03,921 [pool-237-thread-1] INFO  storage.RaftStorageDirectory (RaftStorageDirectory.java:analyzeStorage(261)) - The storage directory /github/workspace/mnt/ozone/hadoop-ozone/integration-test/target/test-dir/MiniOzoneClusterImpl-c38a1ae0-e263-4e30-b27e-4e0674c9e28f/datanode-5/data/ratis/3a6c8104-17c1-4be4-b47a-0395cd407848 does not exist. Creating ...
2020-08-16 01:33:03,923 [pool-237-thread-1] INFO  storage.RaftStorageDirectory (RaftStorageDirectory.java:tryLock(343)) - Lock on /github/workspace/mnt/ozone/hadoop-ozone/integration-test/target/test-dir/MiniOzoneClusterImpl-c38a1ae0-e263-4e30-b27e-4e0674c9e28f/datanode-5/data/ratis/3a6c8104-17c1-4be4-b47a-0395cd407848/in_use.lock acquired by nodename 28834@bb0b45a2c250
2020-08-16 01:33:03,925 [pool-237-thread-1] INFO  storage.RaftStorage (RaftStorage.java:format(84)) - Storage directory /github/workspace/mnt/ozone/hadoop-ozone/integration-test/target/test-dir/MiniOzoneClusterImpl-c38a1ae0-e263-4e30-b27e-4e0674c9e28f/datanode-5/data/ratis/3a6c8104-17c1-4be4-b47a-0395cd407848 has been successfully formatted.
2020-08-16 01:33:03,925 [Datanode State Machine Thread - 0] WARN  statemachine.DatanodeStateMachine (DatanodeStateMachine.java:start(245)) - Interrupt the execution.
java.lang.InterruptedException: sleep interrupted
	at java.lang.Thread.sleep(Native Method)
	at org.apache.hadoop.ozone.container.common.statemachine.DatanodeStateMachine.start(DatanodeStateMachine.java:243)
	at org.apache.hadoop.ozone.container.common.statemachine.DatanodeStateMachine.lambda$startDaemon$0(DatanodeStateMachine.java:405)
	at java.lang.Thread.run(Thread.java:748)
2020-08-16 01:33:03,926 [pool-237-thread-1] INFO  ratis.ContainerStateMachine (ContainerStateMachine.java:loadSnapshot(225)) - group-0395CD407848: The snapshot info is null. Setting the last applied indexto:(t:0, i:~)
2020-08-16 01:33:03,926 [pool-237-thread-1] INFO  server.RaftServerConfigKeys (ConfUtils.java:logGet(44)) - raft.server.notification.no-leader.timeout = 300s (custom)
2020-08-16 01:33:03,926 [pool-237-thread-1] INFO  server.RaftServerConfigKeys (ConfUtils.java:logGet(44)) - raft.server.log.use.memory = false (default)
2020-08-16 01:33:03,926 [pool-237-thread-1] INFO  server.RaftServerConfigKeys (ConfUtils.java:logGet(44)) - raft.server.log.purge.gap = 1000000 (custom)
2020-08-16 01:33:03,926 [pool-237-thread-1] INFO  metrics.RatisMetrics (RatisMetrics.java:lambda$create$0(36)) - Creating Metrics Registry : ratis.log_worker.3911b809-9d88-4a7a-8c07-514c24e02423@group-0395CD407848
2020-08-16 01:33:03,928 [EventQueue-PipelineReportForPipelineReportHandler] INFO  pipeline.PipelineStateManager (PipelineStateManager.java:openPipeline(131)) - Pipeline Pipeline[ Id: 3a6c8104-17c1-4be4-b47a-0395cd407848, Nodes: 3911b809-9d88-4a7a-8c07-514c24e02423{ip: 172.17.0.2, host: bb0b45a2c250, networkLocation: /default-rack, certSerialId: null}, Type:RATIS, Factor:ONE, State:ALLOCATED, leaderId:3911b809-9d88-4a7a-8c07-514c24e02423, CreationTimestamp2020-08-16T01:33:00.923Z] moved to OPEN state
2020-08-16 01:33:03,928 [EventQueue-OpenPipelineForOneReplicaPipelineSafeModeRule] INFO  safemode.SCMSafeModeManager (SCMSafeModeManager.java:validateSafeModeExitRules(214)) - AtleastOneDatanodeReportedRule rule is successfully validated
2020-08-16 01:33:03,928 [EventQueue-OpenPipelineForHealthyPipelineSafeModeRule] INFO  safemode.SCMSafeModeManager (HealthyPipelineSafeModeRule.java:process(129)) - SCM in safe mode. Healthy pipelines reported count is 0, required healthy pipeline reported count is 1
2020-08-16 01:33:03,929 [pool-237-thread-1] INFO  server.RaftServerConfigKeys (ConfUtils.java:logGet(44)) - raft.server.log.appender.buffer.byte-limit = 33554432 (custom)
2020-08-16 01:33:03,929 [pool-237-thread-1] INFO  server.RaftServerConfigKeys (ConfUtils.java:logGet(44)) - raft.server.log.segment.size.max = 1048576 (custom)
2020-08-16 01:33:03,930 [pool-237-thread-1] INFO  server.RaftServerConfigKeys (ConfUtils.java:logGet(44)) - raft.server.log.segment.cache.num.max = 2 (custom)
2020-08-16 01:33:03,930 [pool-237-thread-1] INFO  segmented.SegmentedRaftLogWorker (SegmentedRaftLogWorker.java:<init>(180)) - new 3911b809-9d88-4a7a-8c07-514c24e02423@group-0395CD407848-SegmentedRaftLogWorker for RaftStorage:Storage Directory /github/workspace/mnt/ozone/hadoop-ozone/integration-test/target/test-dir/MiniOzoneClusterImpl-c38a1ae0-e263-4e30-b27e-4e0674c9e28f/datanode-5/data/ratis/3a6c8104-17c1-4be4-b47a-0395cd407848
2020-08-16 01:33:03,930 [pool-237-thread-1] INFO  server.RaftServerConfigKeys (ConfUtils.java:logGet(44)) - raft.server.log.queue.byte-limit = 2147483647 (custom)
2020-08-16 01:33:03,930 [pool-237-thread-1] INFO  server.RaftServerConfigKeys (ConfUtils.java:logGet(44)) - raft.server.log.queue.element-limit = 1024 (custom)
2020-08-16 01:33:03,931 [pool-237-thread-1] INFO  server.RaftServerConfigKeys (ConfUtils.java:logGet(44)) - raft.server.log.segment.size.max = 1048576 (custom)
2020-08-16 01:33:03,931 [pool-237-thread-1] INFO  server.RaftServerConfigKeys (ConfUtils.java:logGet(44)) - raft.server.log.preallocated.size = 16384 (custom)
2020-08-16 01:33:03,931 [pool-237-thread-1] INFO  server.RaftServerConfigKeys (ConfUtils.java:logGet(44)) - raft.server.log.write.buffer.size = 1048576 (custom)
2020-08-16 01:33:03,931 [pool-237-thread-1] INFO  server.RaftServerConfigKeys (ConfUtils.java:logGet(44)) - raft.server.log.force.sync.num = 128 (default)
2020-08-16 01:33:03,931 [pool-237-thread-1] INFO  server.RaftServerConfigKeys (ConfUtils.java:logGet(44)) - raft.server.log.statemachine.data.sync = true (default)
2020-08-16 01:33:03,931 [pool-237-thread-1] INFO  server.RaftServerConfigKeys (ConfUtils.java:logGet(44)) - raft.server.log.statemachine.data.sync.timeout = 10s (default)
2020-08-16 01:33:03,931 [pool-237-thread-1] INFO  server.RaftServerConfigKeys (ConfUtils.java:logGet(44)) - raft.server.log.statemachine.data.sync.timeout.retry = -1 (default)
2020-08-16 01:33:03,933 [pool-237-thread-1] INFO  server.RaftServerConfigKeys (ConfUtils.java:logGet(44)) - raft.server.log.statemachine.data.caching.enabled = true (custom)
2020-08-16 01:33:03,933 [pool-237-thread-1] INFO  segmented.SegmentedRaftLogWorker (SegmentedRaftLogWorker.java:lambda$new$0(129)) - 3911b809-9d88-4a7a-8c07-514c24e02423@group-0395CD407848-SegmentedRaftLogWorker: flushIndex: setUnconditionally 0 -> -1
2020-08-16 01:33:03,934 [pool-237-thread-1] INFO  segmented.SegmentedRaftLogWorker (SegmentedRaftLogWorker.java:lambda$new$0(129)) - 3911b809-9d88-4a7a-8c07-514c24e02423@group-0395CD407848-SegmentedRaftLogWorker: safeCacheEvictIndex: setUnconditionally 0 -> -1
2020-08-16 01:33:03,934 [pool-237-thread-1] INFO  server.RaftServerConfigKeys (ConfUtils.java:logGet(44)) - raft.server.snapshot.auto.trigger.enabled = true (custom)
2020-08-16 01:33:03,934 [pool-237-thread-1] INFO  server.RaftServerConfigKeys (ConfUtils.java:logGet(44)) - raft.server.snapshot.auto.trigger.threshold = 10000 (custom)
2020-08-16 01:33:03,934 [pool-237-thread-1] INFO  server.RaftServerConfigKeys (ConfUtils.java:logGet(44)) - raft.server.snapshot.retention.file.num = 5 (custom)
2020-08-16 01:33:03,934 [pool-237-thread-1] INFO  server.RaftServerConfigKeys (ConfUtils.java:logGet(44)) - raft.server.log.purge.upto.snapshot.index = false (default)
2020-08-16 01:33:03,934 [pool-237-thread-1] INFO  server.RaftServerConfigKeys (ConfUtils.java:logGet(44)) - raft.server.retrycache.expirytime = 600000ms (custom)
2020-08-16 01:33:03,934 [pool-237-thread-1] INFO  metrics.RatisMetrics (RatisMetrics.java:lambda$create$0(36)) - Creating Metrics Registry : ratis.leader_election.3911b809-9d88-4a7a-8c07-514c24e02423@group-0395CD407848
2020-08-16 01:33:03,935 [pool-237-thread-1] INFO  metrics.RatisMetrics (RatisMetrics.java:lambda$create$0(36)) - Creating Metrics Registry : ratis.server.3911b809-9d88-4a7a-8c07-514c24e02423@group-0395CD407848
2020-08-16 01:33:03,936 [pool-237-thread-1] INFO  impl.RaftServerImpl (RaftServerImpl.java:start(196)) - 3911b809-9d88-4a7a-8c07-514c24e02423@group-0395CD407848: start as a follower, conf=-1: [3911b809-9d88-4a7a-8c07-514c24e02423:172.17.0.2:43641], old=null
2020-08-16 01:33:03,936 [pool-237-thread-1] INFO  impl.RaftServerImpl (RaftServerImpl.java:setRole(185)) - 3911b809-9d88-4a7a-8c07-514c24e02423@group-0395CD407848: changes role from      null to FOLLOWER at term 0 for startAsFollower
2020-08-16 01:33:03,936 [pool-237-thread-1] INFO  impl.RoleInfo (RoleInfo.java:updateAndGet(143)) - 3911b809-9d88-4a7a-8c07-514c24e02423: start FollowerState
2020-08-16 01:33:03,939 [pool-237-thread-1] INFO  util.JmxRegister (JmxRegister.java:tryRegister(44)) - Successfully registered JMX Bean with object name Ratis:service=RaftServer,group=group-0395CD407848,id=3911b809-9d88-4a7a-8c07-514c24e02423
2020-08-16 01:33:03,939 [pool-237-thread-1] INFO  metrics.RatisMetrics (RatisMetrics.java:lambda$create$0(36)) - Creating Metrics Registry : ratis.state_machine.3911b809-9d88-4a7a-8c07-514c24e02423@group-0395CD407848
2020-08-16 01:33:03,943 [Command processor thread] INFO  commandhandler.CreatePipelineCommandHandler (CreatePipelineCommandHandler.java:handle(110)) - Created Pipeline RATIS ONE #id: "3a6c8104-17c1-4be4-b47a-0395cd407848"
uuid128 {
  mostSigBits: 4209881606262967268
  leastSigBits: -5442033257795258296
}
.
2020-08-16 01:33:04,059 [Command processor thread] INFO  impl.RaftServerProxy (RaftServerProxy.java:addNew(89)) - 124f0e29-3351-4707-96c6-81bbc40b441a: addNew group-6E9AFB501E3B:[124f0e29-3351-4707-96c6-81bbc40b441a:172.17.0.2:37925] returns group-6E9AFB501E3B:java.util.concurrent.CompletableFuture@448dbc73[Not completed]
2020-08-16 01:33:04,061 [Listener at 127.0.0.1/34499] INFO  ozone.MiniOzoneClusterImpl (MiniOzoneClusterImpl.java:lambda$waitForClusterToBeReady$0(177)) - Nodes are ready. Got 7 of 7 DN Heartbeats.
2020-08-16 01:33:04,061 [Listener at 127.0.0.1/34499] INFO  ozone.MiniOzoneClusterImpl (MiniOzoneClusterImpl.java:lambda$waitForClusterToBeReady$0(180)) - Waiting for cluster to exit safe mode
2020-08-16 01:33:04,062 [pool-252-thread-1] INFO  impl.RaftServerImpl (RaftServerImpl.java:<init>(107)) - 124f0e29-3351-4707-96c6-81bbc40b441a: new RaftServerImpl for group-6E9AFB501E3B:[124f0e29-3351-4707-96c6-81bbc40b441a:172.17.0.2:37925] with ContainerStateMachine:uninitialized
2020-08-16 01:33:04,062 [pool-252-thread-1] INFO  server.RaftServerConfigKeys (ConfUtils.java:logGet(44)) - raft.server.rpc.timeout.min = 5s (custom)
2020-08-16 01:33:04,062 [pool-252-thread-1] INFO  server.RaftServerConfigKeys (ConfUtils.java:logGet(44)) - raft.server.rpc.timeout.max = 5200ms (custom)
2020-08-16 01:33:04,062 [pool-252-thread-1] INFO  server.RaftServerConfigKeys (ConfUtils.java:logGet(44)) - raft.server.rpcslowness.timeout = 300s (custom)
2020-08-16 01:33:04,062 [pool-252-thread-1] INFO  server.RaftServerConfigKeys (ConfUtils.java:logGet(44)) - raft.server.sleep.deviation.threshold = 300 (default)
2020-08-16 01:33:04,062 [pool-252-thread-1] INFO  server.RaftServerConfigKeys (ConfUtils.java:logGet(44)) - raft.server.log.appender.install.snapshot.enabled = false (custom)
2020-08-16 01:33:04,063 [pool-252-thread-1] INFO  impl.RaftServerImpl (ServerState.java:<init>(103)) - 124f0e29-3351-4707-96c6-81bbc40b441a@group-6E9AFB501E3B: ConfigurationManager, init=-1: [124f0e29-3351-4707-96c6-81bbc40b441a:172.17.0.2:37925], old=null, confs=<EMPTY_MAP>
2020-08-16 01:33:04,063 [pool-252-thread-1] INFO  server.RaftServerConfigKeys (ConfUtils.java:logGet(44)) - raft.server.storage.dir = [/github/workspace/mnt/ozone/hadoop-ozone/integration-test/target/test-dir/MiniOzoneClusterImpl-c38a1ae0-e263-4e30-b27e-4e0674c9e28f/datanode-6/data/ratis] (custom)
2020-08-16 01:33:04,063 [pool-252-thread-1] INFO  server.RaftServerConfigKeys (ConfUtils.java:logGet(44)) - raft.server.log.corruption.policy = EXCEPTION (default)
2020-08-16 01:33:04,063 [pool-252-thread-1] INFO  storage.RaftStorageDirectory (RaftStorageDirectory.java:analyzeStorage(261)) - The storage directory /github/workspace/mnt/ozone/hadoop-ozone/integration-test/target/test-dir/MiniOzoneClusterImpl-c38a1ae0-e263-4e30-b27e-4e0674c9e28f/datanode-6/data/ratis/cddb8264-955b-4d60-a0fa-6e9afb501e3b does not exist. Creating ...
2020-08-16 01:33:04,064 [pool-252-thread-1] INFO  storage.RaftStorageDirectory (RaftStorageDirectory.java:tryLock(343)) - Lock on /github/workspace/mnt/ozone/hadoop-ozone/integration-test/target/test-dir/MiniOzoneClusterImpl-c38a1ae0-e263-4e30-b27e-4e0674c9e28f/datanode-6/data/ratis/cddb8264-955b-4d60-a0fa-6e9afb501e3b/in_use.lock acquired by nodename 28834@bb0b45a2c250
2020-08-16 01:33:04,068 [pool-252-thread-1] INFO  storage.RaftStorage (RaftStorage.java:format(84)) - Storage directory /github/workspace/mnt/ozone/hadoop-ozone/integration-test/target/test-dir/MiniOzoneClusterImpl-c38a1ae0-e263-4e30-b27e-4e0674c9e28f/datanode-6/data/ratis/cddb8264-955b-4d60-a0fa-6e9afb501e3b has been successfully formatted.
2020-08-16 01:33:04,069 [pool-252-thread-1] INFO  ratis.ContainerStateMachine (ContainerStateMachine.java:loadSnapshot(225)) - group-6E9AFB501E3B: The snapshot info is null. Setting the last applied indexto:(t:0, i:~)
2020-08-16 01:33:04,069 [Datanode State Machine Thread - 0] WARN  statemachine.DatanodeStateMachine (DatanodeStateMachine.java:start(245)) - Interrupt the execution.
java.lang.InterruptedException: sleep interrupted
	at java.lang.Thread.sleep(Native Method)
	at org.apache.hadoop.ozone.container.common.statemachine.DatanodeStateMachine.start(DatanodeStateMachine.java:243)
	at org.apache.hadoop.ozone.container.common.statemachine.DatanodeStateMachine.lambda$startDaemon$0(DatanodeStateMachine.java:405)
	at java.lang.Thread.run(Thread.java:748)
2020-08-16 01:33:04,069 [pool-252-thread-1] INFO  server.RaftServerConfigKeys (ConfUtils.java:logGet(44)) - raft.server.notification.no-leader.timeout = 300s (custom)
2020-08-16 01:33:04,069 [pool-252-thread-1] INFO  server.RaftServerConfigKeys (ConfUtils.java:logGet(44)) - raft.server.log.use.memory = false (default)
2020-08-16 01:33:04,070 [pool-252-thread-1] INFO  server.RaftServerConfigKeys (ConfUtils.java:logGet(44)) - raft.server.log.purge.gap = 1000000 (custom)
2020-08-16 01:33:04,071 [pool-252-thread-1] INFO  metrics.RatisMetrics (RatisMetrics.java:lambda$create$0(36)) - Creating Metrics Registry : ratis.log_worker.124f0e29-3351-4707-96c6-81bbc40b441a@group-6E9AFB501E3B
2020-08-16 01:33:04,071 [pool-252-thread-1] INFO  server.RaftServerConfigKeys (ConfUtils.java:logGet(44)) - raft.server.log.appender.buffer.byte-limit = 33554432 (custom)
2020-08-16 01:33:04,071 [EventQueue-PipelineReportForPipelineReportHandler] INFO  pipeline.PipelineStateManager (PipelineStateManager.java:openPipeline(131)) - Pipeline Pipeline[ Id: cddb8264-955b-4d60-a0fa-6e9afb501e3b, Nodes: 124f0e29-3351-4707-96c6-81bbc40b441a{ip: 172.17.0.2, host: bb0b45a2c250, networkLocation: /default-rack, certSerialId: null}, Type:RATIS, Factor:ONE, State:ALLOCATED, leaderId:124f0e29-3351-4707-96c6-81bbc40b441a, CreationTimestamp2020-08-16T01:33:01.059Z] moved to OPEN state
2020-08-16 01:33:04,073 [EventQueue-OpenPipelineForOneReplicaPipelineSafeModeRule] INFO  safemode.SCMSafeModeManager (SCMSafeModeManager.java:validateSafeModeExitRules(214)) - AtleastOneDatanodeReportedRule rule is successfully validated
2020-08-16 01:33:04,073 [EventQueue-OpenPipelineForHealthyPipelineSafeModeRule] INFO  safemode.SCMSafeModeManager (HealthyPipelineSafeModeRule.java:process(129)) - SCM in safe mode. Healthy pipelines reported count is 0, required healthy pipeline reported count is 1
2020-08-16 01:33:04,073 [pool-252-thread-1] INFO  server.RaftServerConfigKeys (ConfUtils.java:logGet(44)) - raft.server.log.segment.size.max = 1048576 (custom)
2020-08-16 01:33:04,074 [pool-252-thread-1] INFO  server.RaftServerConfigKeys (ConfUtils.java:logGet(44)) - raft.server.log.segment.cache.num.max = 2 (custom)
2020-08-16 01:33:04,074 [pool-252-thread-1] INFO  segmented.SegmentedRaftLogWorker (SegmentedRaftLogWorker.java:<init>(180)) - new 124f0e29-3351-4707-96c6-81bbc40b441a@group-6E9AFB501E3B-SegmentedRaftLogWorker for RaftStorage:Storage Directory /github/workspace/mnt/ozone/hadoop-ozone/integration-test/target/test-dir/MiniOzoneClusterImpl-c38a1ae0-e263-4e30-b27e-4e0674c9e28f/datanode-6/data/ratis/cddb8264-955b-4d60-a0fa-6e9afb501e3b
2020-08-16 01:33:04,074 [pool-252-thread-1] INFO  server.RaftServerConfigKeys (ConfUtils.java:logGet(44)) - raft.server.log.queue.byte-limit = 2147483647 (custom)
2020-08-16 01:33:04,074 [pool-252-thread-1] INFO  server.RaftServerConfigKeys (ConfUtils.java:logGet(44)) - raft.server.log.queue.element-limit = 1024 (custom)
2020-08-16 01:33:04,074 [pool-252-thread-1] INFO  server.RaftServerConfigKeys (ConfUtils.java:logGet(44)) - raft.server.log.segment.size.max = 1048576 (custom)
2020-08-16 01:33:04,074 [pool-252-thread-1] INFO  server.RaftServerConfigKeys (ConfUtils.java:logGet(44)) - raft.server.log.preallocated.size = 16384 (custom)
2020-08-16 01:33:04,074 [pool-252-thread-1] INFO  server.RaftServerConfigKeys (ConfUtils.java:logGet(44)) - raft.server.log.write.buffer.size = 1048576 (custom)
2020-08-16 01:33:04,075 [pool-252-thread-1] INFO  server.RaftServerConfigKeys (ConfUtils.java:logGet(44)) - raft.server.log.force.sync.num = 128 (default)
2020-08-16 01:33:04,075 [pool-252-thread-1] INFO  server.RaftServerConfigKeys (ConfUtils.java:logGet(44)) - raft.server.log.statemachine.data.sync = true (default)
2020-08-16 01:33:04,075 [pool-252-thread-1] INFO  server.RaftServerConfigKeys (ConfUtils.java:logGet(44)) - raft.server.log.statemachine.data.sync.timeout = 10s (default)
2020-08-16 01:33:04,075 [pool-252-thread-1] INFO  server.RaftServerConfigKeys (ConfUtils.java:logGet(44)) - raft.server.log.statemachine.data.sync.timeout.retry = -1 (default)
2020-08-16 01:33:04,077 [pool-252-thread-1] INFO  server.RaftServerConfigKeys (ConfUtils.java:logGet(44)) - raft.server.log.statemachine.data.caching.enabled = true (custom)
2020-08-16 01:33:04,077 [pool-252-thread-1] INFO  segmented.SegmentedRaftLogWorker (SegmentedRaftLogWorker.java:lambda$new$0(129)) - 124f0e29-3351-4707-96c6-81bbc40b441a@group-6E9AFB501E3B-SegmentedRaftLogWorker: flushIndex: setUnconditionally 0 -> -1
2020-08-16 01:33:04,077 [pool-252-thread-1] INFO  segmented.SegmentedRaftLogWorker (SegmentedRaftLogWorker.java:lambda$new$0(129)) - 124f0e29-3351-4707-96c6-81bbc40b441a@group-6E9AFB501E3B-SegmentedRaftLogWorker: safeCacheEvictIndex: setUnconditionally 0 -> -1
2020-08-16 01:33:04,077 [pool-252-thread-1] INFO  server.RaftServerConfigKeys (ConfUtils.java:logGet(44)) - raft.server.snapshot.auto.trigger.enabled = true (custom)
2020-08-16 01:33:04,077 [pool-252-thread-1] INFO  server.RaftServerConfigKeys (ConfUtils.java:logGet(44)) - raft.server.snapshot.auto.trigger.threshold = 10000 (custom)
2020-08-16 01:33:04,077 [pool-252-thread-1] INFO  server.RaftServerConfigKeys (ConfUtils.java:logGet(44)) - raft.server.snapshot.retention.file.num = 5 (custom)
2020-08-16 01:33:04,077 [pool-252-thread-1] INFO  server.RaftServerConfigKeys (ConfUtils.java:logGet(44)) - raft.server.log.purge.upto.snapshot.index = false (default)
2020-08-16 01:33:04,077 [pool-252-thread-1] INFO  server.RaftServerConfigKeys (ConfUtils.java:logGet(44)) - raft.server.retrycache.expirytime = 600000ms (custom)
2020-08-16 01:33:04,078 [pool-252-thread-1] INFO  metrics.RatisMetrics (RatisMetrics.java:lambda$create$0(36)) - Creating Metrics Registry : ratis.leader_election.124f0e29-3351-4707-96c6-81bbc40b441a@group-6E9AFB501E3B
2020-08-16 01:33:04,078 [pool-252-thread-1] INFO  metrics.RatisMetrics (RatisMetrics.java:lambda$create$0(36)) - Creating Metrics Registry : ratis.server.124f0e29-3351-4707-96c6-81bbc40b441a@group-6E9AFB501E3B
2020-08-16 01:33:04,079 [pool-252-thread-1] INFO  impl.RaftServerImpl (RaftServerImpl.java:start(196)) - 124f0e29-3351-4707-96c6-81bbc40b441a@group-6E9AFB501E3B: start as a follower, conf=-1: [124f0e29-3351-4707-96c6-81bbc40b441a:172.17.0.2:37925], old=null
2020-08-16 01:33:04,079 [pool-252-thread-1] INFO  impl.RaftServerImpl (RaftServerImpl.java:setRole(185)) - 124f0e29-3351-4707-96c6-81bbc40b441a@group-6E9AFB501E3B: changes role from      null to FOLLOWER at term 0 for startAsFollower
2020-08-16 01:33:04,079 [pool-252-thread-1] INFO  impl.RoleInfo (RoleInfo.java:updateAndGet(143)) - 124f0e29-3351-4707-96c6-81bbc40b441a: start FollowerState
2020-08-16 01:33:04,083 [pool-252-thread-1] INFO  util.JmxRegister (JmxRegister.java:tryRegister(44)) - Successfully registered JMX Bean with object name Ratis:service=RaftServer,group=group-6E9AFB501E3B,id=124f0e29-3351-4707-96c6-81bbc40b441a
2020-08-16 01:33:04,083 [pool-252-thread-1] INFO  metrics.RatisMetrics (RatisMetrics.java:lambda$create$0(36)) - Creating Metrics Registry : ratis.state_machine.124f0e29-3351-4707-96c6-81bbc40b441a@group-6E9AFB501E3B
2020-08-16 01:33:04,091 [Command processor thread] INFO  commandhandler.CreatePipelineCommandHandler (CreatePipelineCommandHandler.java:handle(110)) - Created Pipeline RATIS ONE #id: "cddb8264-955b-4d60-a0fa-6e9afb501e3b"
uuid128 {
  mostSigBits: -3613150907520561824
  leastSigBits: -6847038671543067077
}
.
2020-08-16 01:33:05,061 [Listener at 127.0.0.1/34499] INFO  ozone.MiniOzoneClusterImpl (MiniOzoneClusterImpl.java:lambda$waitForClusterToBeReady$0(177)) - Nodes are ready. Got 7 of 7 DN Heartbeats.
2020-08-16 01:33:05,061 [Listener at 127.0.0.1/34499] INFO  ozone.MiniOzoneClusterImpl (MiniOzoneClusterImpl.java:lambda$waitForClusterToBeReady$0(180)) - Waiting for cluster to exit safe mode
2020-08-16 01:33:06,062 [Listener at 127.0.0.1/34499] INFO  ozone.MiniOzoneClusterImpl (MiniOzoneClusterImpl.java:lambda$waitForClusterToBeReady$0(177)) - Nodes are ready. Got 7 of 7 DN Heartbeats.
2020-08-16 01:33:06,062 [Listener at 127.0.0.1/34499] INFO  ozone.MiniOzoneClusterImpl (MiniOzoneClusterImpl.java:lambda$waitForClusterToBeReady$0(180)) - Waiting for cluster to exit safe mode
2020-08-16 01:33:07,062 [Listener at 127.0.0.1/34499] INFO  ozone.MiniOzoneClusterImpl (MiniOzoneClusterImpl.java:lambda$waitForClusterToBeReady$0(177)) - Nodes are ready. Got 7 of 7 DN Heartbeats.
2020-08-16 01:33:07,062 [Listener at 127.0.0.1/34499] INFO  ozone.MiniOzoneClusterImpl (MiniOzoneClusterImpl.java:lambda$waitForClusterToBeReady$0(180)) - Waiting for cluster to exit safe mode
2020-08-16 01:33:08,062 [Listener at 127.0.0.1/34499] INFO  ozone.MiniOzoneClusterImpl (MiniOzoneClusterImpl.java:lambda$waitForClusterToBeReady$0(177)) - Nodes are ready. Got 7 of 7 DN Heartbeats.
2020-08-16 01:33:08,063 [Listener at 127.0.0.1/34499] INFO  ozone.MiniOzoneClusterImpl (MiniOzoneClusterImpl.java:lambda$waitForClusterToBeReady$0(180)) - Waiting for cluster to exit safe mode
2020-08-16 01:33:08,325 [Thread-594] INFO  impl.FollowerState (FollowerState.java:run(108)) - 546ce851-431a-41f4-9a88-b3ac322f1852@group-F3FA92D03604-FollowerState: change to CANDIDATE, lastRpcTime:5015ms, electionTimeout:5015ms
2020-08-16 01:33:08,326 [Thread-594] INFO  impl.RoleInfo (RoleInfo.java:shutdownFollowerState(121)) - 546ce851-431a-41f4-9a88-b3ac322f1852: shutdown FollowerState
2020-08-16 01:33:08,326 [Thread-594] INFO  impl.RaftServerImpl (RaftServerImpl.java:setRole(185)) - 546ce851-431a-41f4-9a88-b3ac322f1852@group-F3FA92D03604: changes role from  FOLLOWER to CANDIDATE at term 0 for changeToCandidate
2020-08-16 01:33:08,326 [Thread-594] INFO  impl.RoleInfo (RoleInfo.java:updateAndGet(143)) - 546ce851-431a-41f4-9a88-b3ac322f1852: start LeaderElection
2020-08-16 01:33:08,329 [546ce851-431a-41f4-9a88-b3ac322f1852@group-F3FA92D03604-LeaderElection14] INFO  impl.LeaderElection (LeaderElection.java:askForVotes(209)) - 546ce851-431a-41f4-9a88-b3ac322f1852@group-F3FA92D03604-LeaderElection14: begin an election at term 1 for -1: [beaeafa8-2e09-4551-bc75-8fc35f38ec6f:172.17.0.2:38845, 77e37df0-b62c-4380-bf35-d4503fc20896:172.17.0.2:40933, 546ce851-431a-41f4-9a88-b3ac322f1852:172.17.0.2:40883], old=null
2020-08-16 01:33:08,348 [grpc-default-executor-2] INFO  impl.RaftServerImpl (RaftServerImpl.java:setRole(185)) - beaeafa8-2e09-4551-bc75-8fc35f38ec6f@group-F3FA92D03604: changes role from  FOLLOWER to FOLLOWER at term 1 for recognizeCandidate:546ce851-431a-41f4-9a88-b3ac322f1852
2020-08-16 01:33:08,348 [grpc-default-executor-2] INFO  impl.RoleInfo (RoleInfo.java:shutdownFollowerState(121)) - beaeafa8-2e09-4551-bc75-8fc35f38ec6f: shutdown FollowerState
2020-08-16 01:33:08,348 [grpc-default-executor-2] INFO  impl.RoleInfo (RoleInfo.java:updateAndGet(143)) - beaeafa8-2e09-4551-bc75-8fc35f38ec6f: start FollowerState
2020-08-16 01:33:08,348 [Thread-592] INFO  impl.FollowerState (FollowerState.java:run(117)) - beaeafa8-2e09-4551-bc75-8fc35f38ec6f@group-F3FA92D03604-FollowerState was interrupted: java.lang.InterruptedException: sleep interrupted
2020-08-16 01:33:08,354 [grpc-default-executor-5] INFO  impl.RaftServerImpl (RaftServerImpl.java:setRole(185)) - 77e37df0-b62c-4380-bf35-d4503fc20896@group-F3FA92D03604: changes role from  FOLLOWER to FOLLOWER at term 1 for recognizeCandidate:546ce851-431a-41f4-9a88-b3ac322f1852
2020-08-16 01:33:08,354 [grpc-default-executor-5] INFO  impl.RoleInfo (RoleInfo.java:shutdownFollowerState(121)) - 77e37df0-b62c-4380-bf35-d4503fc20896: shutdown FollowerState
2020-08-16 01:33:08,354 [grpc-default-executor-5] INFO  impl.RoleInfo (RoleInfo.java:updateAndGet(143)) - 77e37df0-b62c-4380-bf35-d4503fc20896: start FollowerState
2020-08-16 01:33:08,354 [Thread-599] INFO  impl.FollowerState (FollowerState.java:run(117)) - 77e37df0-b62c-4380-bf35-d4503fc20896@group-F3FA92D03604-FollowerState was interrupted: java.lang.InterruptedException: sleep interrupted
2020-08-16 01:33:08,354 [546ce851-431a-41f4-9a88-b3ac322f1852@group-F3FA92D03604-LeaderElection14] INFO  impl.LeaderElection (LeaderElection.java:logAndReturn(61)) - 546ce851-431a-41f4-9a88-b3ac322f1852@group-F3FA92D03604-LeaderElection14: Election PASSED; received 1 response(s) [546ce851-431a-41f4-9a88-b3ac322f1852<-beaeafa8-2e09-4551-bc75-8fc35f38ec6f#0:OK-t1] and 0 exception(s); 546ce851-431a-41f4-9a88-b3ac322f1852@group-F3FA92D03604:t1, leader=null, voted=546ce851-431a-41f4-9a88-b3ac322f1852, raftlog=546ce851-431a-41f4-9a88-b3ac322f1852@group-F3FA92D03604-SegmentedRaftLog:OPENED:c-1,f-1,i0, conf=-1: [beaeafa8-2e09-4551-bc75-8fc35f38ec6f:172.17.0.2:38845, 77e37df0-b62c-4380-bf35-d4503fc20896:172.17.0.2:40933, 546ce851-431a-41f4-9a88-b3ac322f1852:172.17.0.2:40883], old=null
2020-08-16 01:33:08,354 [546ce851-431a-41f4-9a88-b3ac322f1852@group-F3FA92D03604-LeaderElection14] INFO  impl.RoleInfo (RoleInfo.java:shutdownLeaderElection(134)) - 546ce851-431a-41f4-9a88-b3ac322f1852: shutdown LeaderElection
2020-08-16 01:33:08,354 [546ce851-431a-41f4-9a88-b3ac322f1852@group-F3FA92D03604-LeaderElection14] INFO  impl.RaftServerImpl (RaftServerImpl.java:setRole(185)) - 546ce851-431a-41f4-9a88-b3ac322f1852@group-F3FA92D03604: changes role from CANDIDATE to LEADER at term 1 for changeToLeader
2020-08-16 01:33:08,354 [546ce851-431a-41f4-9a88-b3ac322f1852@group-F3FA92D03604-LeaderElection14] INFO  ratis.XceiverServerRatis (XceiverServerRatis.java:handleLeaderChangedNotification(822)) - Leader change notification received for group: group-F3FA92D03604 with new leaderId: 546ce851-431a-41f4-9a88-b3ac322f1852
2020-08-16 01:33:08,355 [Datanode State Machine Thread - 0] WARN  statemachine.DatanodeStateMachine (DatanodeStateMachine.java:start(245)) - Interrupt the execution.
java.lang.InterruptedException: sleep interrupted
	at java.lang.Thread.sleep(Native Method)
	at org.apache.hadoop.ozone.container.common.statemachine.DatanodeStateMachine.start(DatanodeStateMachine.java:243)
	at org.apache.hadoop.ozone.container.common.statemachine.DatanodeStateMachine.lambda$startDaemon$0(DatanodeStateMachine.java:405)
	at java.lang.Thread.run(Thread.java:748)
2020-08-16 01:33:08,355 [546ce851-431a-41f4-9a88-b3ac322f1852@group-F3FA92D03604-LeaderElection14] INFO  impl.RaftServerImpl (ServerState.java:setLeader(255)) - 546ce851-431a-41f4-9a88-b3ac322f1852@group-F3FA92D03604: change Leader from null to 546ce851-431a-41f4-9a88-b3ac322f1852 at term 1 for becomeLeader, leader elected after 5065ms
2020-08-16 01:33:08,366 [546ce851-431a-41f4-9a88-b3ac322f1852@group-F3FA92D03604-LeaderElection14] INFO  server.RaftServerConfigKeys (ConfUtils.java:logGet(44)) - raft.server.staging.catchup.gap = 1000 (default)
2020-08-16 01:33:08,366 [546ce851-431a-41f4-9a88-b3ac322f1852@group-F3FA92D03604-LeaderElection14] INFO  server.RaftServerConfigKeys (ConfUtils.java:logGet(44)) - raft.server.rpc.sleep.time = 25ms (default)
2020-08-16 01:33:08,366 [546ce851-431a-41f4-9a88-b3ac322f1852@group-F3FA92D03604-LeaderElection14] INFO  metrics.RatisMetrics (RatisMetrics.java:lambda$create$0(36)) - Creating Metrics Registry : ratis.log_appender.546ce851-431a-41f4-9a88-b3ac322f1852@group-F3FA92D03604
2020-08-16 01:33:08,366 [546ce851-431a-41f4-9a88-b3ac322f1852@group-F3FA92D03604-LeaderElection14] INFO  server.RaftServerConfigKeys (ConfUtils.java:logGet(44)) - raft.server.write.element-limit = 1024 (custom)
2020-08-16 01:33:08,366 [546ce851-431a-41f4-9a88-b3ac322f1852@group-F3FA92D03604-LeaderElection14] INFO  server.RaftServerConfigKeys (ConfUtils.java:logGet(44)) - raft.server.write.byte-limit = 1073741824 (custom)
2020-08-16 01:33:08,367 [546ce851-431a-41f4-9a88-b3ac322f1852@group-F3FA92D03604-LeaderElection14] INFO  server.RaftServerConfigKeys (ConfUtils.java:logGet(44)) - raft.server.watch.timeout = 180s (custom)
2020-08-16 01:33:08,367 [546ce851-431a-41f4-9a88-b3ac322f1852@group-F3FA92D03604-LeaderElection14] INFO  server.RaftServerConfigKeys (ConfUtils.java:logGet(44)) - raft.server.watch.timeout.denomination = 1s (default)
2020-08-16 01:33:08,368 [546ce851-431a-41f4-9a88-b3ac322f1852@group-F3FA92D03604-LeaderElection14] INFO  server.RaftServerConfigKeys (ConfUtils.java:logGet(44)) - raft.server.watch.element-limit = 65536 (default)
2020-08-16 01:33:08,368 [EventQueue-PipelineReportForPipelineReportHandler] INFO  pipeline.PipelineStateManager (PipelineStateManager.java:openPipeline(131)) - Pipeline Pipeline[ Id: c229b8d9-2971-42a2-bc75-f3fa92d03604, Nodes: 546ce851-431a-41f4-9a88-b3ac322f1852{ip: 172.17.0.2, host: bb0b45a2c250, networkLocation: /default-rack, certSerialId: null}77e37df0-b62c-4380-bf35-d4503fc20896{ip: 172.17.0.2, host: bb0b45a2c250, networkLocation: /default-rack, certSerialId: null}beaeafa8-2e09-4551-bc75-8fc35f38ec6f{ip: 172.17.0.2, host: bb0b45a2c250, networkLocation: /default-rack, certSerialId: null}, Type:RATIS, Factor:THREE, State:ALLOCATED, leaderId:546ce851-431a-41f4-9a88-b3ac322f1852, CreationTimestamp2020-08-16T01:33:00.511Z] moved to OPEN state
2020-08-16 01:33:08,369 [546ce851-431a-41f4-9a88-b3ac322f1852@group-F3FA92D03604-LeaderElection14] INFO  server.RaftServerConfigKeys (ConfUtils.java:logGet(44)) - raft.server.log.appender.snapshot.chunk.size.max = 16MB (=16777216) (default)
2020-08-16 01:33:08,369 [546ce851-431a-41f4-9a88-b3ac322f1852@group-F3FA92D03604-LeaderElection14] INFO  server.RaftServerConfigKeys (ConfUtils.java:logGet(44)) - raft.server.log.appender.buffer.byte-limit = 33554432 (custom)
2020-08-16 01:33:08,369 [EventQueue-OpenPipelineForOneReplicaPipelineSafeModeRule] INFO  safemode.SCMSafeModeManager (SCMSafeModeManager.java:validateSafeModeExitRules(214)) - AtleastOneDatanodeReportedRule rule is successfully validated
2020-08-16 01:33:08,369 [546ce851-431a-41f4-9a88-b3ac322f1852@group-F3FA92D03604-LeaderElection14] INFO  server.RaftServerConfigKeys (ConfUtils.java:logGet(44)) - raft.server.log.appender.buffer.element-limit = 1 (custom)
2020-08-16 01:33:08,369 [EventQueue-OpenPipelineForHealthyPipelineSafeModeRule] INFO  safemode.SCMSafeModeManager (HealthyPipelineSafeModeRule.java:process(129)) - SCM in safe mode. Healthy pipelines reported count is 1, required healthy pipeline reported count is 1
2020-08-16 01:33:08,370 [EventQueue-OpenPipelineForHealthyPipelineSafeModeRule] INFO  safemode.SCMSafeModeManager (SCMSafeModeManager.java:validateSafeModeExitRules(214)) - HealthyPipelineSafeModeRule rule is successfully validated
2020-08-16 01:33:08,370 [EventQueue-OpenPipelineForHealthyPipelineSafeModeRule] INFO  safemode.SCMSafeModeManager (SCMSafeModeManager.java:validateSafeModeExitRules(228)) - ScmSafeModeManager, all rules are successfully validated
2020-08-16 01:33:08,370 [EventQueue-OpenPipelineForHealthyPipelineSafeModeRule] INFO  safemode.SCMSafeModeManager (SCMSafeModeManager.java:exitSafeMode(257)) - SCM exiting safe mode.
2020-08-16 01:33:08,371 [546ce851-431a-41f4-9a88-b3ac322f1852@group-F3FA92D03604-LeaderElection14] INFO  grpc.GrpcConfigKeys (ConfUtils.java:logGet(44)) - raft.grpc.server.leader.outstanding.appends.max = 128 (default)
2020-08-16 01:33:08,371 [546ce851-431a-41f4-9a88-b3ac322f1852@group-F3FA92D03604-LeaderElection14] INFO  server.RaftServerConfigKeys (ConfUtils.java:logGet(44)) - raft.server.rpc.request.timeout = 60s (custom)
2020-08-16 01:33:08,371 [546ce851-431a-41f4-9a88-b3ac322f1852@group-F3FA92D03604-LeaderElection14] INFO  server.RaftServerConfigKeys (ConfUtils.java:logGet(44)) - raft.server.log.appender.install.snapshot.enabled = false (custom)
2020-08-16 01:33:08,371 [546ce851-431a-41f4-9a88-b3ac322f1852@group-F3FA92D03604-LeaderElection14] INFO  metrics.RatisMetrics (RatisMetrics.java:lambda$create$0(36)) - Creating Metrics Registry : ratis_grpc.log_appender.546ce851-431a-41f4-9a88-b3ac322f1852@group-F3FA92D03604
2020-08-16 01:33:08,373 [546ce851-431a-41f4-9a88-b3ac322f1852@group-F3FA92D03604-LeaderElection14] INFO  server.RaftServerConfigKeys (ConfUtils.java:logGet(44)) - raft.server.log.appender.snapshot.chunk.size.max = 16MB (=16777216) (default)
2020-08-16 01:33:08,373 [546ce851-431a-41f4-9a88-b3ac322f1852@group-F3FA92D03604-LeaderElection14] INFO  server.RaftServerConfigKeys (ConfUtils.java:logGet(44)) - raft.server.log.appender.buffer.byte-limit = 33554432 (custom)
2020-08-16 01:33:08,373 [546ce851-431a-41f4-9a88-b3ac322f1852@group-F3FA92D03604-LeaderElection14] INFO  server.RaftServerConfigKeys (ConfUtils.java:logGet(44)) - raft.server.log.appender.buffer.element-limit = 1 (custom)
2020-08-16 01:33:08,373 [546ce851-431a-41f4-9a88-b3ac322f1852@group-F3FA92D03604-LeaderElection14] INFO  grpc.GrpcConfigKeys (ConfUtils.java:logGet(44)) - raft.grpc.server.leader.outstanding.appends.max = 128 (default)
2020-08-16 01:33:08,373 [546ce851-431a-41f4-9a88-b3ac322f1852@group-F3FA92D03604-LeaderElection14] INFO  server.RaftServerConfigKeys (ConfUtils.java:logGet(44)) - raft.server.rpc.request.timeout = 60s (custom)
2020-08-16 01:33:08,373 [546ce851-431a-41f4-9a88-b3ac322f1852@group-F3FA92D03604-LeaderElection14] INFO  server.RaftServerConfigKeys (ConfUtils.java:logGet(44)) - raft.server.log.appender.install.snapshot.enabled = false (custom)
2020-08-16 01:33:08,375 [546ce851-431a-41f4-9a88-b3ac322f1852@group-F3FA92D03604-LeaderElection14] INFO  impl.RoleInfo (RoleInfo.java:updateAndGet(143)) - 546ce851-431a-41f4-9a88-b3ac322f1852: start LeaderState
2020-08-16 01:33:08,375 [546ce851-431a-41f4-9a88-b3ac322f1852@group-F3FA92D03604-LeaderElection14] INFO  segmented.SegmentedRaftLogWorker (SegmentedRaftLogWorker.java:startLogSegment(397)) - 546ce851-431a-41f4-9a88-b3ac322f1852@group-F3FA92D03604-SegmentedRaftLogWorker: Starting segment from index:0
2020-08-16 01:33:08,377 [546ce851-431a-41f4-9a88-b3ac322f1852@group-F3FA92D03604-SegmentedRaftLogWorker] INFO  segmented.SegmentedRaftLogWorker (SegmentedRaftLogWorker.java:execute(596)) - 546ce851-431a-41f4-9a88-b3ac322f1852@group-F3FA92D03604-SegmentedRaftLogWorker: created new log segment /github/workspace/mnt/ozone/hadoop-ozone/integration-test/target/test-dir/MiniOzoneClusterImpl-c38a1ae0-e263-4e30-b27e-4e0674c9e28f/datanode-2/data/ratis/c229b8d9-2971-42a2-bc75-f3fa92d03604/current/log_inprogress_0
2020-08-16 01:33:08,379 [546ce851-431a-41f4-9a88-b3ac322f1852@group-F3FA92D03604-LeaderElection14] INFO  impl.RaftServerImpl (ServerState.java:setRaftConf(356)) - 546ce851-431a-41f4-9a88-b3ac322f1852@group-F3FA92D03604: set configuration 0: [beaeafa8-2e09-4551-bc75-8fc35f38ec6f:172.17.0.2:38845, 77e37df0-b62c-4380-bf35-d4503fc20896:172.17.0.2:40933, 546ce851-431a-41f4-9a88-b3ac322f1852:172.17.0.2:40883], old=null at 0
2020-08-16 01:33:08,389 [Thread-590] INFO  impl.FollowerState (FollowerState.java:run(108)) - beaeafa8-2e09-4551-bc75-8fc35f38ec6f@group-564D981D9636-FollowerState: change to CANDIDATE, lastRpcTime:5152ms, electionTimeout:5151ms
2020-08-16 01:33:08,389 [Thread-590] INFO  impl.RoleInfo (RoleInfo.java:shutdownFollowerState(121)) - beaeafa8-2e09-4551-bc75-8fc35f38ec6f: shutdown FollowerState
2020-08-16 01:33:08,389 [Thread-590] INFO  impl.RaftServerImpl (RaftServerImpl.java:setRole(185)) - beaeafa8-2e09-4551-bc75-8fc35f38ec6f@group-564D981D9636: changes role from  FOLLOWER to CANDIDATE at term 0 for changeToCandidate
2020-08-16 01:33:08,391 [Thread-590] INFO  impl.RoleInfo (RoleInfo.java:updateAndGet(143)) - beaeafa8-2e09-4551-bc75-8fc35f38ec6f: start LeaderElection
2020-08-16 01:33:08,396 [grpc-default-executor-5] INFO  ratis.XceiverServerRatis (XceiverServerRatis.java:handleLeaderChangedNotification(822)) - Leader change notification received for group: group-F3FA92D03604 with new leaderId: 546ce851-431a-41f4-9a88-b3ac322f1852
2020-08-16 01:33:08,396 [grpc-default-executor-2] INFO  ratis.XceiverServerRatis (XceiverServerRatis.java:handleLeaderChangedNotification(822)) - Leader change notification received for group: group-F3FA92D03604 with new leaderId: 546ce851-431a-41f4-9a88-b3ac322f1852
2020-08-16 01:33:08,396 [grpc-default-executor-2] INFO  impl.RaftServerImpl (ServerState.java:setLeader(255)) - 77e37df0-b62c-4380-bf35-d4503fc20896@group-F3FA92D03604: change Leader from null to 546ce851-431a-41f4-9a88-b3ac322f1852 at term 1 for appendEntries, leader elected after 5034ms
2020-08-16 01:33:08,396 [grpc-default-executor-5] INFO  impl.RaftServerImpl (ServerState.java:setLeader(255)) - beaeafa8-2e09-4551-bc75-8fc35f38ec6f@group-F3FA92D03604: change Leader from null to 546ce851-431a-41f4-9a88-b3ac322f1852 at term 1 for appendEntries, leader elected after 5152ms
2020-08-16 01:33:08,400 [grpc-default-executor-2] INFO  impl.RaftServerImpl (ServerState.java:setRaftConf(356)) - 77e37df0-b62c-4380-bf35-d4503fc20896@group-F3FA92D03604: set configuration 0: [beaeafa8-2e09-4551-bc75-8fc35f38ec6f:172.17.0.2:38845, 77e37df0-b62c-4380-bf35-d4503fc20896:172.17.0.2:40933, 546ce851-431a-41f4-9a88-b3ac322f1852:172.17.0.2:40883], old=null at 0
2020-08-16 01:33:08,400 [grpc-default-executor-2] INFO  segmented.SegmentedRaftLogWorker (SegmentedRaftLogWorker.java:startLogSegment(397)) - 77e37df0-b62c-4380-bf35-d4503fc20896@group-F3FA92D03604-SegmentedRaftLogWorker: Starting segment from index:0
2020-08-16 01:33:08,403 [grpc-default-executor-5] INFO  impl.RaftServerImpl (ServerState.java:setRaftConf(356)) - beaeafa8-2e09-4551-bc75-8fc35f38ec6f@group-F3FA92D03604: set configuration 0: [beaeafa8-2e09-4551-bc75-8fc35f38ec6f:172.17.0.2:38845, 77e37df0-b62c-4380-bf35-d4503fc20896:172.17.0.2:40933, 546ce851-431a-41f4-9a88-b3ac322f1852:172.17.0.2:40883], old=null at 0
2020-08-16 01:33:08,403 [grpc-default-executor-5] INFO  segmented.SegmentedRaftLogWorker (SegmentedRaftLogWorker.java:startLogSegment(397)) - beaeafa8-2e09-4551-bc75-8fc35f38ec6f@group-F3FA92D03604-SegmentedRaftLogWorker: Starting segment from index:0
2020-08-16 01:33:08,408 [beaeafa8-2e09-4551-bc75-8fc35f38ec6f@group-F3FA92D03604-SegmentedRaftLogWorker] INFO  segmented.SegmentedRaftLogWorker (SegmentedRaftLogWorker.java:execute(596)) - beaeafa8-2e09-4551-bc75-8fc35f38ec6f@group-F3FA92D03604-SegmentedRaftLogWorker: created new log segment /github/workspace/mnt/ozone/hadoop-ozone/integration-test/target/test-dir/MiniOzoneClusterImpl-c38a1ae0-e263-4e30-b27e-4e0674c9e28f/datanode-0/data/ratis/c229b8d9-2971-42a2-bc75-f3fa92d03604/current/log_inprogress_0
2020-08-16 01:33:08,416 [beaeafa8-2e09-4551-bc75-8fc35f38ec6f@group-564D981D9636-LeaderElection15] INFO  impl.LeaderElection (LeaderElection.java:askForVotes(209)) - beaeafa8-2e09-4551-bc75-8fc35f38ec6f@group-564D981D9636-LeaderElection15: begin an election at term 1 for -1: [beaeafa8-2e09-4551-bc75-8fc35f38ec6f:172.17.0.2:38845], old=null
2020-08-16 01:33:08,417 [beaeafa8-2e09-4551-bc75-8fc35f38ec6f@group-564D981D9636-LeaderElection15] INFO  impl.RoleInfo (RoleInfo.java:shutdownLeaderElection(134)) - beaeafa8-2e09-4551-bc75-8fc35f38ec6f: shutdown LeaderElection
2020-08-16 01:33:08,417 [beaeafa8-2e09-4551-bc75-8fc35f38ec6f@group-564D981D9636-LeaderElection15] INFO  impl.RaftServerImpl (RaftServerImpl.java:setRole(185)) - beaeafa8-2e09-4551-bc75-8fc35f38ec6f@group-564D981D9636: changes role from CANDIDATE to LEADER at term 1 for changeToLeader
2020-08-16 01:33:08,417 [beaeafa8-2e09-4551-bc75-8fc35f38ec6f@group-564D981D9636-LeaderElection15] INFO  ratis.XceiverServerRatis (XceiverServerRatis.java:handleLeaderChangedNotification(822)) - Leader change notification received for group: group-564D981D9636 with new leaderId: beaeafa8-2e09-4551-bc75-8fc35f38ec6f
2020-08-16 01:33:08,417 [beaeafa8-2e09-4551-bc75-8fc35f38ec6f@group-564D981D9636-LeaderElection15] INFO  impl.RaftServerImpl (ServerState.java:setLeader(255)) - beaeafa8-2e09-4551-bc75-8fc35f38ec6f@group-564D981D9636: change Leader from null to beaeafa8-2e09-4551-bc75-8fc35f38ec6f at term 1 for becomeLeader, leader elected after 5200ms
2020-08-16 01:33:08,417 [beaeafa8-2e09-4551-bc75-8fc35f38ec6f@group-564D981D9636-LeaderElection15] INFO  server.RaftServerConfigKeys (ConfUtils.java:logGet(44)) - raft.server.staging.catchup.gap = 1000 (default)
2020-08-16 01:33:08,417 [beaeafa8-2e09-4551-bc75-8fc35f38ec6f@group-564D981D9636-LeaderElection15] INFO  server.RaftServerConfigKeys (ConfUtils.java:logGet(44)) - raft.server.rpc.sleep.time = 25ms (default)
2020-08-16 01:33:08,417 [beaeafa8-2e09-4551-bc75-8fc35f38ec6f@group-564D981D9636-LeaderElection15] INFO  metrics.RatisMetrics (RatisMetrics.java:lambda$create$0(36)) - Creating Metrics Registry : ratis.log_appender.beaeafa8-2e09-4551-bc75-8fc35f38ec6f@group-564D981D9636
2020-08-16 01:33:08,417 [beaeafa8-2e09-4551-bc75-8fc35f38ec6f@group-564D981D9636-LeaderElection15] INFO  server.RaftServerConfigKeys (ConfUtils.java:logGet(44)) - raft.server.write.element-limit = 1024 (custom)
2020-08-16 01:33:08,417 [beaeafa8-2e09-4551-bc75-8fc35f38ec6f@group-564D981D9636-LeaderElection15] INFO  server.RaftServerConfigKeys (ConfUtils.java:logGet(44)) - raft.server.write.byte-limit = 1073741824 (custom)
2020-08-16 01:33:08,418 [beaeafa8-2e09-4551-bc75-8fc35f38ec6f@group-564D981D9636-LeaderElection15] INFO  server.RaftServerConfigKeys (ConfUtils.java:logGet(44)) - raft.server.watch.timeout = 180s (custom)
2020-08-16 01:33:08,418 [beaeafa8-2e09-4551-bc75-8fc35f38ec6f@group-564D981D9636-LeaderElection15] INFO  server.RaftServerConfigKeys (ConfUtils.java:logGet(44)) - raft.server.watch.timeout.denomination = 1s (default)
2020-08-16 01:33:08,418 [beaeafa8-2e09-4551-bc75-8fc35f38ec6f@group-564D981D9636-LeaderElection15] INFO  server.RaftServerConfigKeys (ConfUtils.java:logGet(44)) - raft.server.watch.element-limit = 65536 (default)
2020-08-16 01:33:08,418 [beaeafa8-2e09-4551-bc75-8fc35f38ec6f@group-564D981D9636-LeaderElection15] INFO  impl.RoleInfo (RoleInfo.java:updateAndGet(143)) - beaeafa8-2e09-4551-bc75-8fc35f38ec6f: start LeaderState
2020-08-16 01:33:08,419 [beaeafa8-2e09-4551-bc75-8fc35f38ec6f@group-564D981D9636-LeaderElection15] INFO  segmented.SegmentedRaftLogWorker (SegmentedRaftLogWorker.java:startLogSegment(397)) - beaeafa8-2e09-4551-bc75-8fc35f38ec6f@group-564D981D9636-SegmentedRaftLogWorker: Starting segment from index:0
2020-08-16 01:33:08,419 [Datanode State Machine Thread - 0] WARN  statemachine.DatanodeStateMachine (DatanodeStateMachine.java:start(245)) - Interrupt the execution.
java.lang.InterruptedException: sleep interrupted
	at java.lang.Thread.sleep(Native Method)
	at org.apache.hadoop.ozone.container.common.statemachine.DatanodeStateMachine.start(DatanodeStateMachine.java:243)
	at org.apache.hadoop.ozone.container.common.statemachine.DatanodeStateMachine.lambda$startDaemon$0(DatanodeStateMachine.java:405)
	at java.lang.Thread.run(Thread.java:748)
2020-08-16 01:33:08,421 [beaeafa8-2e09-4551-bc75-8fc35f38ec6f@group-564D981D9636-SegmentedRaftLogWorker] INFO  segmented.SegmentedRaftLogWorker (SegmentedRaftLogWorker.java:execute(596)) - beaeafa8-2e09-4551-bc75-8fc35f38ec6f@group-564D981D9636-SegmentedRaftLogWorker: created new log segment /github/workspace/mnt/ozone/hadoop-ozone/integration-test/target/test-dir/MiniOzoneClusterImpl-c38a1ae0-e263-4e30-b27e-4e0674c9e28f/datanode-0/data/ratis/55de2fb0-c03a-4a4b-afe6-564d981d9636/current/log_inprogress_0
2020-08-16 01:33:08,424 [beaeafa8-2e09-4551-bc75-8fc35f38ec6f@group-564D981D9636-LeaderElection15] INFO  impl.RaftServerImpl (ServerState.java:setRaftConf(356)) - beaeafa8-2e09-4551-bc75-8fc35f38ec6f@group-564D981D9636: set configuration 0: [beaeafa8-2e09-4551-bc75-8fc35f38ec6f:172.17.0.2:38845], old=null at 0
2020-08-16 01:33:08,425 [77e37df0-b62c-4380-bf35-d4503fc20896@group-F3FA92D03604-SegmentedRaftLogWorker] INFO  segmented.SegmentedRaftLogWorker (SegmentedRaftLogWorker.java:execute(596)) - 77e37df0-b62c-4380-bf35-d4503fc20896@group-F3FA92D03604-SegmentedRaftLogWorker: created new log segment /github/workspace/mnt/ozone/hadoop-ozone/integration-test/target/test-dir/MiniOzoneClusterImpl-c38a1ae0-e263-4e30-b27e-4e0674c9e28f/datanode-1/data/ratis/c229b8d9-2971-42a2-bc75-f3fa92d03604/current/log_inprogress_0
2020-08-16 01:33:08,543 [Thread-598] INFO  impl.FollowerState (FollowerState.java:run(108)) - 77e37df0-b62c-4380-bf35-d4503fc20896@group-37EDC4986C8E-FollowerState: change to CANDIDATE, lastRpcTime:5168ms, electionTimeout:5168ms
2020-08-16 01:33:08,544 [Thread-598] INFO  impl.RoleInfo (RoleInfo.java:shutdownFollowerState(121)) - 77e37df0-b62c-4380-bf35-d4503fc20896: shutdown FollowerState
2020-08-16 01:33:08,544 [Thread-598] INFO  impl.RaftServerImpl (RaftServerImpl.java:setRole(185)) - 77e37df0-b62c-4380-bf35-d4503fc20896@group-37EDC4986C8E: changes role from  FOLLOWER to CANDIDATE at term 0 for changeToCandidate
2020-08-16 01:33:08,544 [Thread-598] INFO  impl.RoleInfo (RoleInfo.java:updateAndGet(143)) - 77e37df0-b62c-4380-bf35-d4503fc20896: start LeaderElection
2020-08-16 01:33:08,549 [77e37df0-b62c-4380-bf35-d4503fc20896@group-37EDC4986C8E-LeaderElection16] INFO  impl.LeaderElection (LeaderElection.java:askForVotes(209)) - 77e37df0-b62c-4380-bf35-d4503fc20896@group-37EDC4986C8E-LeaderElection16: begin an election at term 1 for -1: [77e37df0-b62c-4380-bf35-d4503fc20896:172.17.0.2:40933], old=null
2020-08-16 01:33:08,549 [77e37df0-b62c-4380-bf35-d4503fc20896@group-37EDC4986C8E-LeaderElection16] INFO  impl.RoleInfo (RoleInfo.java:shutdownLeaderElection(134)) - 77e37df0-b62c-4380-bf35-d4503fc20896: shutdown LeaderElection
2020-08-16 01:33:08,549 [77e37df0-b62c-4380-bf35-d4503fc20896@group-37EDC4986C8E-LeaderElection16] INFO  impl.RaftServerImpl (RaftServerImpl.java:setRole(185)) - 77e37df0-b62c-4380-bf35-d4503fc20896@group-37EDC4986C8E: changes role from CANDIDATE to LEADER at term 1 for changeToLeader
2020-08-16 01:33:08,549 [77e37df0-b62c-4380-bf35-d4503fc20896@group-37EDC4986C8E-LeaderElection16] INFO  ratis.XceiverServerRatis (XceiverServerRatis.java:handleLeaderChangedNotification(822)) - Leader change notification received for group: group-37EDC4986C8E with new leaderId: 77e37df0-b62c-4380-bf35-d4503fc20896
2020-08-16 01:33:08,549 [77e37df0-b62c-4380-bf35-d4503fc20896@group-37EDC4986C8E-LeaderElection16] INFO  impl.RaftServerImpl (ServerState.java:setLeader(255)) - 77e37df0-b62c-4380-bf35-d4503fc20896@group-37EDC4986C8E: change Leader from null to 77e37df0-b62c-4380-bf35-d4503fc20896 at term 1 for becomeLeader, leader elected after 5202ms
2020-08-16 01:33:08,549 [Datanode State Machine Thread - 0] WARN  statemachine.DatanodeStateMachine (DatanodeStateMachine.java:start(245)) - Interrupt the execution.
java.lang.InterruptedException: sleep interrupted
	at java.lang.Thread.sleep(Native Method)
	at org.apache.hadoop.ozone.container.common.statemachine.DatanodeStateMachine.start(DatanodeStateMachine.java:243)
	at org.apache.hadoop.ozone.container.common.statemachine.DatanodeStateMachine.lambda$startDaemon$0(DatanodeStateMachine.java:405)
	at java.lang.Thread.run(Thread.java:748)
2020-08-16 01:33:08,550 [77e37df0-b62c-4380-bf35-d4503fc20896@group-37EDC4986C8E-LeaderElection16] INFO  server.RaftServerConfigKeys (ConfUtils.java:logGet(44)) - raft.server.staging.catchup.gap = 1000 (default)
2020-08-16 01:33:08,551 [77e37df0-b62c-4380-bf35-d4503fc20896@group-37EDC4986C8E-LeaderElection16] INFO  server.RaftServerConfigKeys (ConfUtils.java:logGet(44)) - raft.server.rpc.sleep.time = 25ms (default)
2020-08-16 01:33:08,551 [77e37df0-b62c-4380-bf35-d4503fc20896@group-37EDC4986C8E-LeaderElection16] INFO  metrics.RatisMetrics (RatisMetrics.java:lambda$create$0(36)) - Creating Metrics Registry : ratis.log_appender.77e37df0-b62c-4380-bf35-d4503fc20896@group-37EDC4986C8E
2020-08-16 01:33:08,551 [77e37df0-b62c-4380-bf35-d4503fc20896@group-37EDC4986C8E-LeaderElection16] INFO  server.RaftServerConfigKeys (ConfUtils.java:logGet(44)) - raft.server.write.element-limit = 1024 (custom)
2020-08-16 01:33:08,551 [77e37df0-b62c-4380-bf35-d4503fc20896@group-37EDC4986C8E-LeaderElection16] INFO  server.RaftServerConfigKeys (ConfUtils.java:logGet(44)) - raft.server.write.byte-limit = 1073741824 (custom)
2020-08-16 01:33:08,552 [77e37df0-b62c-4380-bf35-d4503fc20896@group-37EDC4986C8E-LeaderElection16] INFO  server.RaftServerConfigKeys (ConfUtils.java:logGet(44)) - raft.server.watch.timeout = 180s (custom)
2020-08-16 01:33:08,552 [77e37df0-b62c-4380-bf35-d4503fc20896@group-37EDC4986C8E-LeaderElection16] INFO  server.RaftServerConfigKeys (ConfUtils.java:logGet(44)) - raft.server.watch.timeout.denomination = 1s (default)
2020-08-16 01:33:08,552 [77e37df0-b62c-4380-bf35-d4503fc20896@group-37EDC4986C8E-LeaderElection16] INFO  server.RaftServerConfigKeys (ConfUtils.java:logGet(44)) - raft.server.watch.element-limit = 65536 (default)
2020-08-16 01:33:08,552 [77e37df0-b62c-4380-bf35-d4503fc20896@group-37EDC4986C8E-LeaderElection16] INFO  impl.RoleInfo (RoleInfo.java:updateAndGet(143)) - 77e37df0-b62c-4380-bf35-d4503fc20896: start LeaderState
2020-08-16 01:33:08,553 [77e37df0-b62c-4380-bf35-d4503fc20896@group-37EDC4986C8E-LeaderElection16] INFO  segmented.SegmentedRaftLogWorker (SegmentedRaftLogWorker.java:startLogSegment(397)) - 77e37df0-b62c-4380-bf35-d4503fc20896@group-37EDC4986C8E-SegmentedRaftLogWorker: Starting segment from index:0
2020-08-16 01:33:08,554 [77e37df0-b62c-4380-bf35-d4503fc20896@group-37EDC4986C8E-LeaderElection16] INFO  impl.RaftServerImpl (ServerState.java:setRaftConf(356)) - 77e37df0-b62c-4380-bf35-d4503fc20896@group-37EDC4986C8E: set configuration 0: [77e37df0-b62c-4380-bf35-d4503fc20896:172.17.0.2:40933], old=null at 0
2020-08-16 01:33:08,559 [77e37df0-b62c-4380-bf35-d4503fc20896@group-37EDC4986C8E-SegmentedRaftLogWorker] INFO  segmented.SegmentedRaftLogWorker (SegmentedRaftLogWorker.java:execute(596)) - 77e37df0-b62c-4380-bf35-d4503fc20896@group-37EDC4986C8E-SegmentedRaftLogWorker: created new log segment /github/workspace/mnt/ozone/hadoop-ozone/integration-test/target/test-dir/MiniOzoneClusterImpl-c38a1ae0-e263-4e30-b27e-4e0674c9e28f/datanode-1/data/ratis/56729920-04d8-4d3f-aa9a-37edc4986c8e/current/log_inprogress_0
2020-08-16 01:33:08,573 [Thread-602] INFO  impl.FollowerState (FollowerState.java:run(108)) - 546ce851-431a-41f4-9a88-b3ac322f1852@group-3CB48574CD1F-FollowerState: change to CANDIDATE, lastRpcTime:5048ms, electionTimeout:5044ms
2020-08-16 01:33:08,573 [Thread-602] INFO  impl.RoleInfo (RoleInfo.java:shutdownFollowerState(121)) - 546ce851-431a-41f4-9a88-b3ac322f1852: shutdown FollowerState
2020-08-16 01:33:08,573 [Thread-602] INFO  impl.RaftServerImpl (RaftServerImpl.java:setRole(185)) - 546ce851-431a-41f4-9a88-b3ac322f1852@group-3CB48574CD1F: changes role from  FOLLOWER to CANDIDATE at term 0 for changeToCandidate
2020-08-16 01:33:08,573 [Thread-602] INFO  impl.RoleInfo (RoleInfo.java:updateAndGet(143)) - 546ce851-431a-41f4-9a88-b3ac322f1852: start LeaderElection
2020-08-16 01:33:08,579 [546ce851-431a-41f4-9a88-b3ac322f1852@group-3CB48574CD1F-LeaderElection17] INFO  impl.LeaderElection (LeaderElection.java:askForVotes(209)) - 546ce851-431a-41f4-9a88-b3ac322f1852@group-3CB48574CD1F-LeaderElection17: begin an election at term 1 for -1: [546ce851-431a-41f4-9a88-b3ac322f1852:172.17.0.2:40883], old=null
2020-08-16 01:33:08,579 [546ce851-431a-41f4-9a88-b3ac322f1852@group-3CB48574CD1F-LeaderElection17] INFO  impl.RoleInfo (RoleInfo.java:shutdownLeaderElection(134)) - 546ce851-431a-41f4-9a88-b3ac322f1852: shutdown LeaderElection
2020-08-16 01:33:08,579 [546ce851-431a-41f4-9a88-b3ac322f1852@group-3CB48574CD1F-LeaderElection17] INFO  impl.RaftServerImpl (RaftServerImpl.java:setRole(185)) - 546ce851-431a-41f4-9a88-b3ac322f1852@group-3CB48574CD1F: changes role from CANDIDATE to LEADER at term 1 for changeToLeader
2020-08-16 01:33:08,579 [546ce851-431a-41f4-9a88-b3ac322f1852@group-3CB48574CD1F-LeaderElection17] INFO  ratis.XceiverServerRatis (XceiverServerRatis.java:handleLeaderChangedNotification(822)) - Leader change notification received for group: group-3CB48574CD1F with new leaderId: 546ce851-431a-41f4-9a88-b3ac322f1852
2020-08-16 01:33:08,579 [546ce851-431a-41f4-9a88-b3ac322f1852@group-3CB48574CD1F-LeaderElection17] INFO  impl.RaftServerImpl (ServerState.java:setLeader(255)) - 546ce851-431a-41f4-9a88-b3ac322f1852@group-3CB48574CD1F: change Leader from null to 546ce851-431a-41f4-9a88-b3ac322f1852 at term 1 for becomeLeader, leader elected after 5067ms
2020-08-16 01:33:08,579 [Datanode State Machine Thread - 0] WARN  statemachine.DatanodeStateMachine (DatanodeStateMachine.java:start(245)) - Interrupt the execution.
java.lang.InterruptedException: sleep interrupted
	at java.lang.Thread.sleep(Native Method)
	at org.apache.hadoop.ozone.container.common.statemachine.DatanodeStateMachine.start(DatanodeStateMachine.java:243)
	at org.apache.hadoop.ozone.container.common.statemachine.DatanodeStateMachine.lambda$startDaemon$0(DatanodeStateMachine.java:405)
	at java.lang.Thread.run(Thread.java:748)
2020-08-16 01:33:08,579 [546ce851-431a-41f4-9a88-b3ac322f1852@group-3CB48574CD1F-LeaderElection17] INFO  server.RaftServerConfigKeys (ConfUtils.java:logGet(44)) - raft.server.staging.catchup.gap = 1000 (default)
2020-08-16 01:33:08,580 [546ce851-431a-41f4-9a88-b3ac322f1852@group-3CB48574CD1F-LeaderElection17] INFO  server.RaftServerConfigKeys (ConfUtils.java:logGet(44)) - raft.server.rpc.sleep.time = 25ms (default)
2020-08-16 01:33:08,581 [546ce851-431a-41f4-9a88-b3ac322f1852@group-3CB48574CD1F-LeaderElection17] INFO  metrics.RatisMetrics (RatisMetrics.java:lambda$create$0(36)) - Creating Metrics Registry : ratis.log_appender.546ce851-431a-41f4-9a88-b3ac322f1852@group-3CB48574CD1F
2020-08-16 01:33:08,582 [546ce851-431a-41f4-9a88-b3ac322f1852@group-3CB48574CD1F-LeaderElection17] INFO  server.RaftServerConfigKeys (ConfUtils.java:logGet(44)) - raft.server.write.element-limit = 1024 (custom)
2020-08-16 01:33:08,582 [546ce851-431a-41f4-9a88-b3ac322f1852@group-3CB48574CD1F-LeaderElection17] INFO  server.RaftServerConfigKeys (ConfUtils.java:logGet(44)) - raft.server.write.byte-limit = 1073741824 (custom)
2020-08-16 01:33:08,583 [546ce851-431a-41f4-9a88-b3ac322f1852@group-3CB48574CD1F-LeaderElection17] INFO  server.RaftServerConfigKeys (ConfUtils.java:logGet(44)) - raft.server.watch.timeout = 180s (custom)
2020-08-16 01:33:08,583 [546ce851-431a-41f4-9a88-b3ac322f1852@group-3CB48574CD1F-LeaderElection17] INFO  server.RaftServerConfigKeys (ConfUtils.java:logGet(44)) - raft.server.watch.timeout.denomination = 1s (default)
2020-08-16 01:33:08,583 [546ce851-431a-41f4-9a88-b3ac322f1852@group-3CB48574CD1F-LeaderElection17] INFO  server.RaftServerConfigKeys (ConfUtils.java:logGet(44)) - raft.server.watch.element-limit = 65536 (default)
2020-08-16 01:33:08,584 [546ce851-431a-41f4-9a88-b3ac322f1852@group-3CB48574CD1F-LeaderElection17] INFO  impl.RoleInfo (RoleInfo.java:updateAndGet(143)) - 546ce851-431a-41f4-9a88-b3ac322f1852: start LeaderState
2020-08-16 01:33:08,584 [546ce851-431a-41f4-9a88-b3ac322f1852@group-3CB48574CD1F-LeaderElection17] INFO  segmented.SegmentedRaftLogWorker (SegmentedRaftLogWorker.java:startLogSegment(397)) - 546ce851-431a-41f4-9a88-b3ac322f1852@group-3CB48574CD1F-SegmentedRaftLogWorker: Starting segment from index:0
2020-08-16 01:33:08,585 [546ce851-431a-41f4-9a88-b3ac322f1852@group-3CB48574CD1F-LeaderElection17] INFO  impl.RaftServerImpl (ServerState.java:setRaftConf(356)) - 546ce851-431a-41f4-9a88-b3ac322f1852@group-3CB48574CD1F: set configuration 0: [546ce851-431a-41f4-9a88-b3ac322f1852:172.17.0.2:40883], old=null at 0
2020-08-16 01:33:08,592 [546ce851-431a-41f4-9a88-b3ac322f1852@group-3CB48574CD1F-SegmentedRaftLogWorker] INFO  segmented.SegmentedRaftLogWorker (SegmentedRaftLogWorker.java:execute(596)) - 546ce851-431a-41f4-9a88-b3ac322f1852@group-3CB48574CD1F-SegmentedRaftLogWorker: created new log segment /github/workspace/mnt/ozone/hadoop-ozone/integration-test/target/test-dir/MiniOzoneClusterImpl-c38a1ae0-e263-4e30-b27e-4e0674c9e28f/datanode-2/data/ratis/b54ea357-eabf-4ae7-88f2-3cb48574cd1f/current/log_inprogress_0
2020-08-16 01:33:08,739 [Thread-604] INFO  impl.FollowerState (FollowerState.java:run(108)) - 0aca2dfd-bb2b-492e-a75d-c6ff1d491f50@group-BB5ADB4F319E-FollowerState: change to CANDIDATE, lastRpcTime:5076ms, electionTimeout:5075ms
2020-08-16 01:33:08,740 [Thread-604] INFO  impl.RoleInfo (RoleInfo.java:shutdownFollowerState(121)) - 0aca2dfd-bb2b-492e-a75d-c6ff1d491f50: shutdown FollowerState
2020-08-16 01:33:08,740 [Thread-604] INFO  impl.RaftServerImpl (RaftServerImpl.java:setRole(185)) - 0aca2dfd-bb2b-492e-a75d-c6ff1d491f50@group-BB5ADB4F319E: changes role from  FOLLOWER to CANDIDATE at term 0 for changeToCandidate
2020-08-16 01:33:08,740 [Thread-604] INFO  impl.RoleInfo (RoleInfo.java:updateAndGet(143)) - 0aca2dfd-bb2b-492e-a75d-c6ff1d491f50: start LeaderElection
2020-08-16 01:33:08,741 [Thread-608] INFO  impl.FollowerState (FollowerState.java:run(108)) - 3911b809-9d88-4a7a-8c07-514c24e02423@group-B936530E8A46-FollowerState: change to CANDIDATE, lastRpcTime:5011ms, electionTimeout:5002ms
2020-08-16 01:33:08,741 [Thread-608] INFO  impl.RoleInfo (RoleInfo.java:shutdownFollowerState(121)) - 3911b809-9d88-4a7a-8c07-514c24e02423: shutdown FollowerState
2020-08-16 01:33:08,741 [Thread-608] INFO  impl.RaftServerImpl (RaftServerImpl.java:setRole(185)) - 3911b809-9d88-4a7a-8c07-514c24e02423@group-B936530E8A46: changes role from  FOLLOWER to CANDIDATE at term 0 for changeToCandidate
2020-08-16 01:33:08,742 [Thread-608] INFO  impl.RoleInfo (RoleInfo.java:updateAndGet(143)) - 3911b809-9d88-4a7a-8c07-514c24e02423: start LeaderElection
2020-08-16 01:33:08,745 [0aca2dfd-bb2b-492e-a75d-c6ff1d491f50@group-BB5ADB4F319E-LeaderElection18] INFO  impl.LeaderElection (LeaderElection.java:askForVotes(209)) - 0aca2dfd-bb2b-492e-a75d-c6ff1d491f50@group-BB5ADB4F319E-LeaderElection18: begin an election at term 1 for -1: [0aca2dfd-bb2b-492e-a75d-c6ff1d491f50:172.17.0.2:39241], old=null
2020-08-16 01:33:08,745 [0aca2dfd-bb2b-492e-a75d-c6ff1d491f50@group-BB5ADB4F319E-LeaderElection18] INFO  impl.RoleInfo (RoleInfo.java:shutdownLeaderElection(134)) - 0aca2dfd-bb2b-492e-a75d-c6ff1d491f50: shutdown LeaderElection
2020-08-16 01:33:08,745 [0aca2dfd-bb2b-492e-a75d-c6ff1d491f50@group-BB5ADB4F319E-LeaderElection18] INFO  impl.RaftServerImpl (RaftServerImpl.java:setRole(185)) - 0aca2dfd-bb2b-492e-a75d-c6ff1d491f50@group-BB5ADB4F319E: changes role from CANDIDATE to LEADER at term 1 for changeToLeader
2020-08-16 01:33:08,745 [0aca2dfd-bb2b-492e-a75d-c6ff1d491f50@group-BB5ADB4F319E-LeaderElection18] INFO  ratis.XceiverServerRatis (XceiverServerRatis.java:handleLeaderChangedNotification(822)) - Leader change notification received for group: group-BB5ADB4F319E with new leaderId: 0aca2dfd-bb2b-492e-a75d-c6ff1d491f50
2020-08-16 01:33:08,745 [0aca2dfd-bb2b-492e-a75d-c6ff1d491f50@group-BB5ADB4F319E-LeaderElection18] INFO  impl.RaftServerImpl (ServerState.java:setLeader(255)) - 0aca2dfd-bb2b-492e-a75d-c6ff1d491f50@group-BB5ADB4F319E: change Leader from null to 0aca2dfd-bb2b-492e-a75d-c6ff1d491f50 at term 1 for becomeLeader, leader elected after 5090ms
2020-08-16 01:33:08,745 [Datanode State Machine Thread - 0] WARN  statemachine.DatanodeStateMachine (DatanodeStateMachine.java:start(245)) - Interrupt the execution.
java.lang.InterruptedException: sleep interrupted
	at java.lang.Thread.sleep(Native Method)
	at org.apache.hadoop.ozone.container.common.statemachine.DatanodeStateMachine.start(DatanodeStateMachine.java:243)
	at org.apache.hadoop.ozone.container.common.statemachine.DatanodeStateMachine.lambda$startDaemon$0(DatanodeStateMachine.java:405)
	at java.lang.Thread.run(Thread.java:748)
2020-08-16 01:33:08,746 [3911b809-9d88-4a7a-8c07-514c24e02423@group-B936530E8A46-LeaderElection19] INFO  impl.LeaderElection (LeaderElection.java:askForVotes(209)) - 3911b809-9d88-4a7a-8c07-514c24e02423@group-B936530E8A46-LeaderElection19: begin an election at term 1 for -1: [0aca2dfd-bb2b-492e-a75d-c6ff1d491f50:172.17.0.2:39241, cef71658-d1b1-44d1-b37f-521e4e788a00:172.17.0.2:46523, 3911b809-9d88-4a7a-8c07-514c24e02423:172.17.0.2:43641], old=null
2020-08-16 01:33:08,746 [0aca2dfd-bb2b-492e-a75d-c6ff1d491f50@group-BB5ADB4F319E-LeaderElection18] INFO  server.RaftServerConfigKeys (ConfUtils.java:logGet(44)) - raft.server.staging.catchup.gap = 1000 (default)
2020-08-16 01:33:08,746 [0aca2dfd-bb2b-492e-a75d-c6ff1d491f50@group-BB5ADB4F319E-LeaderElection18] INFO  server.RaftServerConfigKeys (ConfUtils.java:logGet(44)) - raft.server.rpc.sleep.time = 25ms (default)
2020-08-16 01:33:08,749 [0aca2dfd-bb2b-492e-a75d-c6ff1d491f50@group-BB5ADB4F319E-LeaderElection18] INFO  metrics.RatisMetrics (RatisMetrics.java:lambda$create$0(36)) - Creating Metrics Registry : ratis.log_appender.0aca2dfd-bb2b-492e-a75d-c6ff1d491f50@group-BB5ADB4F319E
2020-08-16 01:33:08,749 [0aca2dfd-bb2b-492e-a75d-c6ff1d491f50@group-BB5ADB4F319E-LeaderElection18] INFO  server.RaftServerConfigKeys (ConfUtils.java:logGet(44)) - raft.server.write.element-limit = 1024 (custom)
2020-08-16 01:33:08,749 [0aca2dfd-bb2b-492e-a75d-c6ff1d491f50@group-BB5ADB4F319E-LeaderElection18] INFO  server.RaftServerConfigKeys (ConfUtils.java:logGet(44)) - raft.server.write.byte-limit = 1073741824 (custom)
2020-08-16 01:33:08,750 [0aca2dfd-bb2b-492e-a75d-c6ff1d491f50@group-BB5ADB4F319E-LeaderElection18] INFO  server.RaftServerConfigKeys (ConfUtils.java:logGet(44)) - raft.server.watch.timeout = 180s (custom)
2020-08-16 01:33:08,750 [0aca2dfd-bb2b-492e-a75d-c6ff1d491f50@group-BB5ADB4F319E-LeaderElection18] INFO  server.RaftServerConfigKeys (ConfUtils.java:logGet(44)) - raft.server.watch.timeout.denomination = 1s (default)
2020-08-16 01:33:08,750 [0aca2dfd-bb2b-492e-a75d-c6ff1d491f50@group-BB5ADB4F319E-LeaderElection18] INFO  server.RaftServerConfigKeys (ConfUtils.java:logGet(44)) - raft.server.watch.element-limit = 65536 (default)
2020-08-16 01:33:08,750 [0aca2dfd-bb2b-492e-a75d-c6ff1d491f50@group-BB5ADB4F319E-LeaderElection18] INFO  impl.RoleInfo (RoleInfo.java:updateAndGet(143)) - 0aca2dfd-bb2b-492e-a75d-c6ff1d491f50: start LeaderState
2020-08-16 01:33:08,750 [0aca2dfd-bb2b-492e-a75d-c6ff1d491f50@group-BB5ADB4F319E-LeaderElection18] INFO  segmented.SegmentedRaftLogWorker (SegmentedRaftLogWorker.java:startLogSegment(397)) - 0aca2dfd-bb2b-492e-a75d-c6ff1d491f50@group-BB5ADB4F319E-SegmentedRaftLogWorker: Starting segment from index:0
2020-08-16 01:33:08,753 [0aca2dfd-bb2b-492e-a75d-c6ff1d491f50@group-BB5ADB4F319E-LeaderElection18] INFO  impl.RaftServerImpl (ServerState.java:setRaftConf(356)) - 0aca2dfd-bb2b-492e-a75d-c6ff1d491f50@group-BB5ADB4F319E: set configuration 0: [0aca2dfd-bb2b-492e-a75d-c6ff1d491f50:172.17.0.2:39241], old=null at 0
2020-08-16 01:33:08,755 [0aca2dfd-bb2b-492e-a75d-c6ff1d491f50@group-BB5ADB4F319E-SegmentedRaftLogWorker] INFO  segmented.SegmentedRaftLogWorker (SegmentedRaftLogWorker.java:execute(596)) - 0aca2dfd-bb2b-492e-a75d-c6ff1d491f50@group-BB5ADB4F319E-SegmentedRaftLogWorker: created new log segment /github/workspace/mnt/ozone/hadoop-ozone/integration-test/target/test-dir/MiniOzoneClusterImpl-c38a1ae0-e263-4e30-b27e-4e0674c9e28f/datanode-3/data/ratis/6b18829a-0493-4b13-8b58-bb5adb4f319e/current/log_inprogress_0
2020-08-16 01:33:08,762 [grpc-default-executor-5] INFO  impl.RaftServerImpl (RaftServerImpl.java:setRole(185)) - 0aca2dfd-bb2b-492e-a75d-c6ff1d491f50@group-B936530E8A46: changes role from  FOLLOWER to FOLLOWER at term 1 for recognizeCandidate:3911b809-9d88-4a7a-8c07-514c24e02423
2020-08-16 01:33:08,762 [grpc-default-executor-5] INFO  impl.RoleInfo (RoleInfo.java:shutdownFollowerState(121)) - 0aca2dfd-bb2b-492e-a75d-c6ff1d491f50: shutdown FollowerState
2020-08-16 01:33:08,762 [Thread-606] INFO  impl.FollowerState (FollowerState.java:run(117)) - 0aca2dfd-bb2b-492e-a75d-c6ff1d491f50@group-B936530E8A46-FollowerState was interrupted: java.lang.InterruptedException: sleep interrupted
2020-08-16 01:33:08,762 [grpc-default-executor-5] INFO  impl.RoleInfo (RoleInfo.java:updateAndGet(143)) - 0aca2dfd-bb2b-492e-a75d-c6ff1d491f50: start FollowerState
2020-08-16 01:33:08,766 [3911b809-9d88-4a7a-8c07-514c24e02423@group-B936530E8A46-LeaderElection19] INFO  impl.LeaderElection (LeaderElection.java:logAndReturn(61)) - 3911b809-9d88-4a7a-8c07-514c24e02423@group-B936530E8A46-LeaderElection19: Election PASSED; received 1 response(s) [3911b809-9d88-4a7a-8c07-514c24e02423<-0aca2dfd-bb2b-492e-a75d-c6ff1d491f50#0:OK-t1] and 0 exception(s); 3911b809-9d88-4a7a-8c07-514c24e02423@group-B936530E8A46:t1, leader=null, voted=3911b809-9d88-4a7a-8c07-514c24e02423, raftlog=3911b809-9d88-4a7a-8c07-514c24e02423@group-B936530E8A46-SegmentedRaftLog:OPENED:c-1,f-1,i0, conf=-1: [0aca2dfd-bb2b-492e-a75d-c6ff1d491f50:172.17.0.2:39241, cef71658-d1b1-44d1-b37f-521e4e788a00:172.17.0.2:46523, 3911b809-9d88-4a7a-8c07-514c24e02423:172.17.0.2:43641], old=null
2020-08-16 01:33:08,766 [3911b809-9d88-4a7a-8c07-514c24e02423@group-B936530E8A46-LeaderElection19] INFO  impl.RoleInfo (RoleInfo.java:shutdownLeaderElection(134)) - 3911b809-9d88-4a7a-8c07-514c24e02423: shutdown LeaderElection
2020-08-16 01:33:08,766 [3911b809-9d88-4a7a-8c07-514c24e02423@group-B936530E8A46-LeaderElection19] INFO  impl.RaftServerImpl (RaftServerImpl.java:setRole(185)) - 3911b809-9d88-4a7a-8c07-514c24e02423@group-B936530E8A46: changes role from CANDIDATE to LEADER at term 1 for changeToLeader
2020-08-16 01:33:08,766 [3911b809-9d88-4a7a-8c07-514c24e02423@group-B936530E8A46-LeaderElection19] INFO  ratis.XceiverServerRatis (XceiverServerRatis.java:handleLeaderChangedNotification(822)) - Leader change notification received for group: group-B936530E8A46 with new leaderId: 3911b809-9d88-4a7a-8c07-514c24e02423
2020-08-16 01:33:08,766 [3911b809-9d88-4a7a-8c07-514c24e02423@group-B936530E8A46-LeaderElection19] INFO  impl.RaftServerImpl (ServerState.java:setLeader(255)) - 3911b809-9d88-4a7a-8c07-514c24e02423@group-B936530E8A46: change Leader from null to 3911b809-9d88-4a7a-8c07-514c24e02423 at term 1 for becomeLeader, leader elected after 5052ms
2020-08-16 01:33:08,767 [Datanode State Machine Thread - 0] WARN  statemachine.DatanodeStateMachine (DatanodeStateMachine.java:start(245)) - Interrupt the execution.
java.lang.InterruptedException: sleep interrupted
	at java.lang.Thread.sleep(Native Method)
	at org.apache.hadoop.ozone.container.common.statemachine.DatanodeStateMachine.start(DatanodeStateMachine.java:243)
	at org.apache.hadoop.ozone.container.common.statemachine.DatanodeStateMachine.lambda$startDaemon$0(DatanodeStateMachine.java:405)
	at java.lang.Thread.run(Thread.java:748)
2020-08-16 01:33:08,768 [3911b809-9d88-4a7a-8c07-514c24e02423@group-B936530E8A46-LeaderElection19] INFO  server.RaftServerConfigKeys (ConfUtils.java:logGet(44)) - raft.server.staging.catchup.gap = 1000 (default)
2020-08-16 01:33:08,770 [3911b809-9d88-4a7a-8c07-514c24e02423@group-B936530E8A46-LeaderElection19] INFO  server.RaftServerConfigKeys (ConfUtils.java:logGet(44)) - raft.server.rpc.sleep.time = 25ms (default)
2020-08-16 01:33:08,771 [3911b809-9d88-4a7a-8c07-514c24e02423@group-B936530E8A46-LeaderElection19] INFO  metrics.RatisMetrics (RatisMetrics.java:lambda$create$0(36)) - Creating Metrics Registry : ratis.log_appender.3911b809-9d88-4a7a-8c07-514c24e02423@group-B936530E8A46
2020-08-16 01:33:08,771 [3911b809-9d88-4a7a-8c07-514c24e02423@group-B936530E8A46-LeaderElection19] INFO  server.RaftServerConfigKeys (ConfUtils.java:logGet(44)) - raft.server.write.element-limit = 1024 (custom)
2020-08-16 01:33:08,771 [3911b809-9d88-4a7a-8c07-514c24e02423@group-B936530E8A46-LeaderElection19] INFO  server.RaftServerConfigKeys (ConfUtils.java:logGet(44)) - raft.server.write.byte-limit = 1073741824 (custom)
2020-08-16 01:33:08,771 [3911b809-9d88-4a7a-8c07-514c24e02423@group-B936530E8A46-LeaderElection19] INFO  server.RaftServerConfigKeys (ConfUtils.java:logGet(44)) - raft.server.watch.timeout = 180s (custom)
2020-08-16 01:33:08,771 [3911b809-9d88-4a7a-8c07-514c24e02423@group-B936530E8A46-LeaderElection19] INFO  server.RaftServerConfigKeys (ConfUtils.java:logGet(44)) - raft.server.watch.timeout.denomination = 1s (default)
2020-08-16 01:33:08,771 [3911b809-9d88-4a7a-8c07-514c24e02423@group-B936530E8A46-LeaderElection19] INFO  server.RaftServerConfigKeys (ConfUtils.java:logGet(44)) - raft.server.watch.element-limit = 65536 (default)
2020-08-16 01:33:08,772 [3911b809-9d88-4a7a-8c07-514c24e02423@group-B936530E8A46-LeaderElection19] INFO  server.RaftServerConfigKeys (ConfUtils.java:logGet(44)) - raft.server.log.appender.snapshot.chunk.size.max = 16MB (=16777216) (default)
2020-08-16 01:33:08,772 [3911b809-9d88-4a7a-8c07-514c24e02423@group-B936530E8A46-LeaderElection19] INFO  server.RaftServerConfigKeys (ConfUtils.java:logGet(44)) - raft.server.log.appender.buffer.byte-limit = 33554432 (custom)
2020-08-16 01:33:08,772 [3911b809-9d88-4a7a-8c07-514c24e02423@group-B936530E8A46-LeaderElection19] INFO  server.RaftServerConfigKeys (ConfUtils.java:logGet(44)) - raft.server.log.appender.buffer.element-limit = 1 (custom)
2020-08-16 01:33:08,772 [3911b809-9d88-4a7a-8c07-514c24e02423@group-B936530E8A46-LeaderElection19] INFO  grpc.GrpcConfigKeys (ConfUtils.java:logGet(44)) - raft.grpc.server.leader.outstanding.appends.max = 128 (default)
2020-08-16 01:33:08,772 [3911b809-9d88-4a7a-8c07-514c24e02423@group-B936530E8A46-LeaderElection19] INFO  server.RaftServerConfigKeys (ConfUtils.java:logGet(44)) - raft.server.rpc.request.timeout = 60s (custom)
2020-08-16 01:33:08,772 [3911b809-9d88-4a7a-8c07-514c24e02423@group-B936530E8A46-LeaderElection19] INFO  server.RaftServerConfigKeys (ConfUtils.java:logGet(44)) - raft.server.log.appender.install.snapshot.enabled = false (custom)
2020-08-16 01:33:08,772 [3911b809-9d88-4a7a-8c07-514c24e02423@group-B936530E8A46-LeaderElection19] INFO  metrics.RatisMetrics (RatisMetrics.java:lambda$create$0(36)) - Creating Metrics Registry : ratis_grpc.log_appender.3911b809-9d88-4a7a-8c07-514c24e02423@group-B936530E8A46
2020-08-16 01:33:08,775 [EventQueue-PipelineReportForPipelineReportHandler] INFO  pipeline.PipelineStateManager (PipelineStateManager.java:openPipeline(131)) - Pipeline Pipeline[ Id: bd77e43a-9b37-41bb-83b7-b936530e8a46, Nodes: 3911b809-9d88-4a7a-8c07-514c24e02423{ip: 172.17.0.2, host: bb0b45a2c250, networkLocation: /default-rack, certSerialId: null}cef71658-d1b1-44d1-b37f-521e4e788a00{ip: 172.17.0.2, host: bb0b45a2c250, networkLocation: /default-rack, certSerialId: null}0aca2dfd-bb2b-492e-a75d-c6ff1d491f50{ip: 172.17.0.2, host: bb0b45a2c250, networkLocation: /default-rack, certSerialId: null}, Type:RATIS, Factor:THREE, State:ALLOCATED, leaderId:3911b809-9d88-4a7a-8c07-514c24e02423, CreationTimestamp2020-08-16T01:33:00.924Z] moved to OPEN state
2020-08-16 01:33:08,776 [3911b809-9d88-4a7a-8c07-514c24e02423@group-B936530E8A46-LeaderElection19] INFO  server.RaftServerConfigKeys (ConfUtils.java:logGet(44)) - raft.server.log.appender.snapshot.chunk.size.max = 16MB (=16777216) (default)
2020-08-16 01:33:08,776 [3911b809-9d88-4a7a-8c07-514c24e02423@group-B936530E8A46-LeaderElection19] INFO  server.RaftServerConfigKeys (ConfUtils.java:logGet(44)) - raft.server.log.appender.buffer.byte-limit = 33554432 (custom)
2020-08-16 01:33:08,776 [3911b809-9d88-4a7a-8c07-514c24e02423@group-B936530E8A46-LeaderElection19] INFO  server.RaftServerConfigKeys (ConfUtils.java:logGet(44)) - raft.server.log.appender.buffer.element-limit = 1 (custom)
2020-08-16 01:33:08,777 [3911b809-9d88-4a7a-8c07-514c24e02423@group-B936530E8A46-LeaderElection19] INFO  grpc.GrpcConfigKeys (ConfUtils.java:logGet(44)) - raft.grpc.server.leader.outstanding.appends.max = 128 (default)
2020-08-16 01:33:08,777 [3911b809-9d88-4a7a-8c07-514c24e02423@group-B936530E8A46-LeaderElection19] INFO  server.RaftServerConfigKeys (ConfUtils.java:logGet(44)) - raft.server.rpc.request.timeout = 60s (custom)
2020-08-16 01:33:08,777 [3911b809-9d88-4a7a-8c07-514c24e02423@group-B936530E8A46-LeaderElection19] INFO  server.RaftServerConfigKeys (ConfUtils.java:logGet(44)) - raft.server.log.appender.install.snapshot.enabled = false (custom)
2020-08-16 01:33:08,778 [grpc-default-executor-5] INFO  impl.RaftServerImpl (RaftServerImpl.java:setRole(185)) - cef71658-d1b1-44d1-b37f-521e4e788a00@group-B936530E8A46: changes role from  FOLLOWER to FOLLOWER at term 1 for recognizeCandidate:3911b809-9d88-4a7a-8c07-514c24e02423
2020-08-16 01:33:08,780 [grpc-default-executor-5] INFO  impl.RoleInfo (RoleInfo.java:shutdownFollowerState(121)) - cef71658-d1b1-44d1-b37f-521e4e788a00: shutdown FollowerState
2020-08-16 01:33:08,780 [grpc-default-executor-5] INFO  impl.RoleInfo (RoleInfo.java:updateAndGet(143)) - cef71658-d1b1-44d1-b37f-521e4e788a00: start FollowerState
2020-08-16 01:33:08,780 [3911b809-9d88-4a7a-8c07-514c24e02423@group-B936530E8A46-LeaderElection19] INFO  impl.RoleInfo (RoleInfo.java:updateAndGet(143)) - 3911b809-9d88-4a7a-8c07-514c24e02423: start LeaderState
2020-08-16 01:33:08,780 [Thread-612] INFO  impl.FollowerState (FollowerState.java:run(117)) - cef71658-d1b1-44d1-b37f-521e4e788a00@group-B936530E8A46-FollowerState was interrupted: java.lang.InterruptedException: sleep interrupted
2020-08-16 01:33:08,783 [3911b809-9d88-4a7a-8c07-514c24e02423@group-B936530E8A46-LeaderElection19] INFO  segmented.SegmentedRaftLogWorker (SegmentedRaftLogWorker.java:startLogSegment(397)) - 3911b809-9d88-4a7a-8c07-514c24e02423@group-B936530E8A46-SegmentedRaftLogWorker: Starting segment from index:0
2020-08-16 01:33:08,788 [3911b809-9d88-4a7a-8c07-514c24e02423@group-B936530E8A46-SegmentedRaftLogWorker] INFO  segmented.SegmentedRaftLogWorker (SegmentedRaftLogWorker.java:execute(596)) - 3911b809-9d88-4a7a-8c07-514c24e02423@group-B936530E8A46-SegmentedRaftLogWorker: created new log segment /github/workspace/mnt/ozone/hadoop-ozone/integration-test/target/test-dir/MiniOzoneClusterImpl-c38a1ae0-e263-4e30-b27e-4e0674c9e28f/datanode-5/data/ratis/bd77e43a-9b37-41bb-83b7-b936530e8a46/current/log_inprogress_0
2020-08-16 01:33:08,791 [3911b809-9d88-4a7a-8c07-514c24e02423@group-B936530E8A46-LeaderElection19] INFO  impl.RaftServerImpl (ServerState.java:setRaftConf(356)) - 3911b809-9d88-4a7a-8c07-514c24e02423@group-B936530E8A46: set configuration 0: [0aca2dfd-bb2b-492e-a75d-c6ff1d491f50:172.17.0.2:39241, cef71658-d1b1-44d1-b37f-521e4e788a00:172.17.0.2:46523, 3911b809-9d88-4a7a-8c07-514c24e02423:172.17.0.2:43641], old=null at 0
2020-08-16 01:33:08,804 [grpc-default-executor-2] INFO  ratis.XceiverServerRatis (XceiverServerRatis.java:handleLeaderChangedNotification(822)) - Leader change notification received for group: group-B936530E8A46 with new leaderId: 3911b809-9d88-4a7a-8c07-514c24e02423
2020-08-16 01:33:08,805 [grpc-default-executor-2] INFO  impl.RaftServerImpl (ServerState.java:setLeader(255)) - cef71658-d1b1-44d1-b37f-521e4e788a00@group-B936530E8A46: change Leader from null to 3911b809-9d88-4a7a-8c07-514c24e02423 at term 1 for appendEntries, leader elected after 5029ms
2020-08-16 01:33:08,809 [grpc-default-executor-5] INFO  ratis.XceiverServerRatis (XceiverServerRatis.java:handleLeaderChangedNotification(822)) - Leader change notification received for group: group-B936530E8A46 with new leaderId: 3911b809-9d88-4a7a-8c07-514c24e02423
2020-08-16 01:33:08,809 [grpc-default-executor-5] INFO  impl.RaftServerImpl (ServerState.java:setLeader(255)) - 0aca2dfd-bb2b-492e-a75d-c6ff1d491f50@group-B936530E8A46: change Leader from null to 3911b809-9d88-4a7a-8c07-514c24e02423 at term 1 for appendEntries, leader elected after 5139ms
2020-08-16 01:33:08,812 [grpc-default-executor-2] INFO  impl.RaftServerImpl (ServerState.java:setRaftConf(356)) - cef71658-d1b1-44d1-b37f-521e4e788a00@group-B936530E8A46: set configuration 0: [0aca2dfd-bb2b-492e-a75d-c6ff1d491f50:172.17.0.2:39241, cef71658-d1b1-44d1-b37f-521e4e788a00:172.17.0.2:46523, 3911b809-9d88-4a7a-8c07-514c24e02423:172.17.0.2:43641], old=null at 0
2020-08-16 01:33:08,813 [grpc-default-executor-5] INFO  impl.RaftServerImpl (ServerState.java:setRaftConf(356)) - 0aca2dfd-bb2b-492e-a75d-c6ff1d491f50@group-B936530E8A46: set configuration 0: [0aca2dfd-bb2b-492e-a75d-c6ff1d491f50:172.17.0.2:39241, cef71658-d1b1-44d1-b37f-521e4e788a00:172.17.0.2:46523, 3911b809-9d88-4a7a-8c07-514c24e02423:172.17.0.2:43641], old=null at 0
2020-08-16 01:33:08,814 [grpc-default-executor-2] INFO  segmented.SegmentedRaftLogWorker (SegmentedRaftLogWorker.java:startLogSegment(397)) - cef71658-d1b1-44d1-b37f-521e4e788a00@group-B936530E8A46-SegmentedRaftLogWorker: Starting segment from index:0
2020-08-16 01:33:08,815 [grpc-default-executor-5] INFO  segmented.SegmentedRaftLogWorker (SegmentedRaftLogWorker.java:startLogSegment(397)) - 0aca2dfd-bb2b-492e-a75d-c6ff1d491f50@group-B936530E8A46-SegmentedRaftLogWorker: Starting segment from index:0
2020-08-16 01:33:08,817 [cef71658-d1b1-44d1-b37f-521e4e788a00@group-B936530E8A46-SegmentedRaftLogWorker] INFO  segmented.SegmentedRaftLogWorker (SegmentedRaftLogWorker.java:execute(596)) - cef71658-d1b1-44d1-b37f-521e4e788a00@group-B936530E8A46-SegmentedRaftLogWorker: created new log segment /github/workspace/mnt/ozone/hadoop-ozone/integration-test/target/test-dir/MiniOzoneClusterImpl-c38a1ae0-e263-4e30-b27e-4e0674c9e28f/datanode-4/data/ratis/bd77e43a-9b37-41bb-83b7-b936530e8a46/current/log_inprogress_0
2020-08-16 01:33:08,821 [0aca2dfd-bb2b-492e-a75d-c6ff1d491f50@group-B936530E8A46-SegmentedRaftLogWorker] INFO  segmented.SegmentedRaftLogWorker (SegmentedRaftLogWorker.java:execute(596)) - 0aca2dfd-bb2b-492e-a75d-c6ff1d491f50@group-B936530E8A46-SegmentedRaftLogWorker: created new log segment /github/workspace/mnt/ozone/hadoop-ozone/integration-test/target/test-dir/MiniOzoneClusterImpl-c38a1ae0-e263-4e30-b27e-4e0674c9e28f/datanode-3/data/ratis/bd77e43a-9b37-41bb-83b7-b936530e8a46/current/log_inprogress_0
2020-08-16 01:33:08,968 [Thread-614] INFO  impl.FollowerState (FollowerState.java:run(108)) - cef71658-d1b1-44d1-b37f-521e4e788a00@group-A031053284E5-FollowerState: change to CANDIDATE, lastRpcTime:5133ms, electionTimeout:5131ms
2020-08-16 01:33:08,969 [Thread-614] INFO  impl.RoleInfo (RoleInfo.java:shutdownFollowerState(121)) - cef71658-d1b1-44d1-b37f-521e4e788a00: shutdown FollowerState
2020-08-16 01:33:08,969 [Thread-614] INFO  impl.RaftServerImpl (RaftServerImpl.java:setRole(185)) - cef71658-d1b1-44d1-b37f-521e4e788a00@group-A031053284E5: changes role from  FOLLOWER to CANDIDATE at term 0 for changeToCandidate
2020-08-16 01:33:08,969 [Thread-614] INFO  impl.RoleInfo (RoleInfo.java:updateAndGet(143)) - cef71658-d1b1-44d1-b37f-521e4e788a00: start LeaderElection
2020-08-16 01:33:08,979 [cef71658-d1b1-44d1-b37f-521e4e788a00@group-A031053284E5-LeaderElection20] INFO  impl.LeaderElection (LeaderElection.java:askForVotes(209)) - cef71658-d1b1-44d1-b37f-521e4e788a00@group-A031053284E5-LeaderElection20: begin an election at term 1 for -1: [cef71658-d1b1-44d1-b37f-521e4e788a00:172.17.0.2:46523], old=null
2020-08-16 01:33:08,980 [cef71658-d1b1-44d1-b37f-521e4e788a00@group-A031053284E5-LeaderElection20] INFO  impl.RoleInfo (RoleInfo.java:shutdownLeaderElection(134)) - cef71658-d1b1-44d1-b37f-521e4e788a00: shutdown LeaderElection
2020-08-16 01:33:08,980 [cef71658-d1b1-44d1-b37f-521e4e788a00@group-A031053284E5-LeaderElection20] INFO  impl.RaftServerImpl (RaftServerImpl.java:setRole(185)) - cef71658-d1b1-44d1-b37f-521e4e788a00@group-A031053284E5: changes role from CANDIDATE to LEADER at term 1 for changeToLeader
2020-08-16 01:33:08,980 [cef71658-d1b1-44d1-b37f-521e4e788a00@group-A031053284E5-LeaderElection20] INFO  ratis.XceiverServerRatis (XceiverServerRatis.java:handleLeaderChangedNotification(822)) - Leader change notification received for group: group-A031053284E5 with new leaderId: cef71658-d1b1-44d1-b37f-521e4e788a00
2020-08-16 01:33:08,980 [Datanode State Machine Thread - 0] WARN  statemachine.DatanodeStateMachine (DatanodeStateMachine.java:start(245)) - Interrupt the execution.
java.lang.InterruptedException: sleep interrupted
	at java.lang.Thread.sleep(Native Method)
	at org.apache.hadoop.ozone.container.common.statemachine.DatanodeStateMachine.start(DatanodeStateMachine.java:243)
	at org.apache.hadoop.ozone.container.common.statemachine.DatanodeStateMachine.lambda$startDaemon$0(DatanodeStateMachine.java:405)
	at java.lang.Thread.run(Thread.java:748)
2020-08-16 01:33:08,980 [cef71658-d1b1-44d1-b37f-521e4e788a00@group-A031053284E5-LeaderElection20] INFO  impl.RaftServerImpl (ServerState.java:setLeader(255)) - cef71658-d1b1-44d1-b37f-521e4e788a00@group-A031053284E5: change Leader from null to cef71658-d1b1-44d1-b37f-521e4e788a00 at term 1 for becomeLeader, leader elected after 5176ms
2020-08-16 01:33:08,981 [cef71658-d1b1-44d1-b37f-521e4e788a00@group-A031053284E5-LeaderElection20] INFO  server.RaftServerConfigKeys (ConfUtils.java:logGet(44)) - raft.server.staging.catchup.gap = 1000 (default)
2020-08-16 01:33:08,981 [cef71658-d1b1-44d1-b37f-521e4e788a00@group-A031053284E5-LeaderElection20] INFO  server.RaftServerConfigKeys (ConfUtils.java:logGet(44)) - raft.server.rpc.sleep.time = 25ms (default)
2020-08-16 01:33:08,981 [cef71658-d1b1-44d1-b37f-521e4e788a00@group-A031053284E5-LeaderElection20] INFO  metrics.RatisMetrics (RatisMetrics.java:lambda$create$0(36)) - Creating Metrics Registry : ratis.log_appender.cef71658-d1b1-44d1-b37f-521e4e788a00@group-A031053284E5
2020-08-16 01:33:08,981 [cef71658-d1b1-44d1-b37f-521e4e788a00@group-A031053284E5-LeaderElection20] INFO  server.RaftServerConfigKeys (ConfUtils.java:logGet(44)) - raft.server.write.element-limit = 1024 (custom)
2020-08-16 01:33:08,981 [cef71658-d1b1-44d1-b37f-521e4e788a00@group-A031053284E5-LeaderElection20] INFO  server.RaftServerConfigKeys (ConfUtils.java:logGet(44)) - raft.server.write.byte-limit = 1073741824 (custom)
2020-08-16 01:33:08,982 [cef71658-d1b1-44d1-b37f-521e4e788a00@group-A031053284E5-LeaderElection20] INFO  server.RaftServerConfigKeys (ConfUtils.java:logGet(44)) - raft.server.watch.timeout = 180s (custom)
2020-08-16 01:33:08,982 [cef71658-d1b1-44d1-b37f-521e4e788a00@group-A031053284E5-LeaderElection20] INFO  server.RaftServerConfigKeys (ConfUtils.java:logGet(44)) - raft.server.watch.timeout.denomination = 1s (default)
2020-08-16 01:33:08,982 [cef71658-d1b1-44d1-b37f-521e4e788a00@group-A031053284E5-LeaderElection20] INFO  server.RaftServerConfigKeys (ConfUtils.java:logGet(44)) - raft.server.watch.element-limit = 65536 (default)
2020-08-16 01:33:08,982 [cef71658-d1b1-44d1-b37f-521e4e788a00@group-A031053284E5-LeaderElection20] INFO  impl.RoleInfo (RoleInfo.java:updateAndGet(143)) - cef71658-d1b1-44d1-b37f-521e4e788a00: start LeaderState
2020-08-16 01:33:08,982 [cef71658-d1b1-44d1-b37f-521e4e788a00@group-A031053284E5-LeaderElection20] INFO  segmented.SegmentedRaftLogWorker (SegmentedRaftLogWorker.java:startLogSegment(397)) - cef71658-d1b1-44d1-b37f-521e4e788a00@group-A031053284E5-SegmentedRaftLogWorker: Starting segment from index:0
2020-08-16 01:33:08,984 [cef71658-d1b1-44d1-b37f-521e4e788a00@group-A031053284E5-SegmentedRaftLogWorker] INFO  segmented.SegmentedRaftLogWorker (SegmentedRaftLogWorker.java:execute(596)) - cef71658-d1b1-44d1-b37f-521e4e788a00@group-A031053284E5-SegmentedRaftLogWorker: created new log segment /github/workspace/mnt/ozone/hadoop-ozone/integration-test/target/test-dir/MiniOzoneClusterImpl-c38a1ae0-e263-4e30-b27e-4e0674c9e28f/datanode-4/data/ratis/8ad55fae-92d6-47a2-88af-a031053284e5/current/log_inprogress_0
2020-08-16 01:33:08,984 [cef71658-d1b1-44d1-b37f-521e4e788a00@group-A031053284E5-LeaderElection20] INFO  impl.RaftServerImpl (ServerState.java:setRaftConf(356)) - cef71658-d1b1-44d1-b37f-521e4e788a00@group-A031053284E5: set configuration 0: [cef71658-d1b1-44d1-b37f-521e4e788a00:172.17.0.2:46523], old=null at 0
2020-08-16 01:33:09,063 [Listener at 127.0.0.1/34499] INFO  ozone.MiniOzoneClusterImpl (MiniOzoneClusterImpl.java:lambda$waitForClusterToBeReady$0(177)) - Nodes are ready. Got 7 of 7 DN Heartbeats.
2020-08-16 01:33:09,063 [Listener at 127.0.0.1/34499] INFO  ozone.MiniOzoneClusterImpl (MiniOzoneClusterImpl.java:lambda$waitForClusterToBeReady$0(180)) - Cluster exits safe mode
2020-08-16 01:33:09,075 [Listener at 127.0.0.1/34499] INFO  rpc.RpcClient (RpcClient.java:createVolume(314)) - Creating Volume: testblockoutputstreamwithretries, with jenkins1001 as owner.
2020-08-16 01:33:09,077 [IPC Server handler 0 on default port 34499] INFO  volume.OMVolumeCreateRequest (OMVolumeCreateRequest.java:validateAndUpdateCache(195)) - created volume:testblockoutputstreamwithretries for user:jenkins1001
2020-08-16 01:33:09,086 [Listener at 127.0.0.1/34499] INFO  rpc.RpcClient (RpcClient.java:createBucket(459)) - Creating Bucket: testblockoutputstreamwithretries/testblockoutputstreamwithretries, with Versioning false and Storage Type set to DISK and Encryption set to false 
2020-08-16 01:33:09,110 [Thread-618] INFO  impl.FollowerState (FollowerState.java:run(108)) - 124f0e29-3351-4707-96c6-81bbc40b441a@group-6E9AFB501E3B-FollowerState: change to CANDIDATE, lastRpcTime:5030ms, electionTimeout:5026ms
2020-08-16 01:33:09,110 [Thread-618] INFO  impl.RoleInfo (RoleInfo.java:shutdownFollowerState(121)) - 124f0e29-3351-4707-96c6-81bbc40b441a: shutdown FollowerState
2020-08-16 01:33:09,110 [Thread-618] INFO  impl.RaftServerImpl (RaftServerImpl.java:setRole(185)) - 124f0e29-3351-4707-96c6-81bbc40b441a@group-6E9AFB501E3B: changes role from  FOLLOWER to CANDIDATE at term 0 for changeToCandidate
2020-08-16 01:33:09,111 [Thread-618] INFO  impl.RoleInfo (RoleInfo.java:updateAndGet(143)) - 124f0e29-3351-4707-96c6-81bbc40b441a: start LeaderElection
2020-08-16 01:33:09,116 [Thread-616] INFO  impl.FollowerState (FollowerState.java:run(108)) - 3911b809-9d88-4a7a-8c07-514c24e02423@group-0395CD407848-FollowerState: change to CANDIDATE, lastRpcTime:5179ms, electionTimeout:5176ms
2020-08-16 01:33:09,116 [Thread-616] INFO  impl.RoleInfo (RoleInfo.java:shutdownFollowerState(121)) - 3911b809-9d88-4a7a-8c07-514c24e02423: shutdown FollowerState
2020-08-16 01:33:09,116 [Thread-616] INFO  impl.RaftServerImpl (RaftServerImpl.java:setRole(185)) - 3911b809-9d88-4a7a-8c07-514c24e02423@group-0395CD407848: changes role from  FOLLOWER to CANDIDATE at term 0 for changeToCandidate
2020-08-16 01:33:09,116 [Thread-616] INFO  impl.RoleInfo (RoleInfo.java:updateAndGet(143)) - 3911b809-9d88-4a7a-8c07-514c24e02423: start LeaderElection
2020-08-16 01:33:09,122 [3911b809-9d88-4a7a-8c07-514c24e02423@group-0395CD407848-LeaderElection22] INFO  impl.LeaderElection (LeaderElection.java:askForVotes(209)) - 3911b809-9d88-4a7a-8c07-514c24e02423@group-0395CD407848-LeaderElection22: begin an election at term 1 for -1: [3911b809-9d88-4a7a-8c07-514c24e02423:172.17.0.2:43641], old=null
2020-08-16 01:33:09,122 [3911b809-9d88-4a7a-8c07-514c24e02423@group-0395CD407848-LeaderElection22] INFO  impl.RoleInfo (RoleInfo.java:shutdownLeaderElection(134)) - 3911b809-9d88-4a7a-8c07-514c24e02423: shutdown LeaderElection
2020-08-16 01:33:09,122 [3911b809-9d88-4a7a-8c07-514c24e02423@group-0395CD407848-LeaderElection22] INFO  impl.RaftServerImpl (RaftServerImpl.java:setRole(185)) - 3911b809-9d88-4a7a-8c07-514c24e02423@group-0395CD407848: changes role from CANDIDATE to LEADER at term 1 for changeToLeader
2020-08-16 01:33:09,122 [3911b809-9d88-4a7a-8c07-514c24e02423@group-0395CD407848-LeaderElection22] INFO  ratis.XceiverServerRatis (XceiverServerRatis.java:handleLeaderChangedNotification(822)) - Leader change notification received for group: group-0395CD407848 with new leaderId: 3911b809-9d88-4a7a-8c07-514c24e02423
2020-08-16 01:33:09,122 [124f0e29-3351-4707-96c6-81bbc40b441a@group-6E9AFB501E3B-LeaderElection21] INFO  impl.LeaderElection (LeaderElection.java:askForVotes(209)) - 124f0e29-3351-4707-96c6-81bbc40b441a@group-6E9AFB501E3B-LeaderElection21: begin an election at term 1 for -1: [124f0e29-3351-4707-96c6-81bbc40b441a:172.17.0.2:37925], old=null
2020-08-16 01:33:09,123 [124f0e29-3351-4707-96c6-81bbc40b441a@group-6E9AFB501E3B-LeaderElection21] INFO  impl.RoleInfo (RoleInfo.java:shutdownLeaderElection(134)) - 124f0e29-3351-4707-96c6-81bbc40b441a: shutdown LeaderElection
2020-08-16 01:33:09,123 [124f0e29-3351-4707-96c6-81bbc40b441a@group-6E9AFB501E3B-LeaderElection21] INFO  impl.RaftServerImpl (RaftServerImpl.java:setRole(185)) - 124f0e29-3351-4707-96c6-81bbc40b441a@group-6E9AFB501E3B: changes role from CANDIDATE to LEADER at term 1 for changeToLeader
2020-08-16 01:33:09,123 [124f0e29-3351-4707-96c6-81bbc40b441a@group-6E9AFB501E3B-LeaderElection21] INFO  ratis.XceiverServerRatis (XceiverServerRatis.java:handleLeaderChangedNotification(822)) - Leader change notification received for group: group-6E9AFB501E3B with new leaderId: 124f0e29-3351-4707-96c6-81bbc40b441a
2020-08-16 01:33:09,123 [Datanode State Machine Thread - 0] WARN  statemachine.DatanodeStateMachine (DatanodeStateMachine.java:start(245)) - Interrupt the execution.
java.lang.InterruptedException: sleep interrupted
	at java.lang.Thread.sleep(Native Method)
	at org.apache.hadoop.ozone.container.common.statemachine.DatanodeStateMachine.start(DatanodeStateMachine.java:243)
	at org.apache.hadoop.ozone.container.common.statemachine.DatanodeStateMachine.lambda$startDaemon$0(DatanodeStateMachine.java:405)
	at java.lang.Thread.run(Thread.java:748)
2020-08-16 01:33:09,124 [3911b809-9d88-4a7a-8c07-514c24e02423@group-0395CD407848-LeaderElection22] INFO  impl.RaftServerImpl (ServerState.java:setLeader(255)) - 3911b809-9d88-4a7a-8c07-514c24e02423@group-0395CD407848: change Leader from null to 3911b809-9d88-4a7a-8c07-514c24e02423 at term 1 for becomeLeader, leader elected after 5196ms
2020-08-16 01:33:09,124 [3911b809-9d88-4a7a-8c07-514c24e02423@group-0395CD407848-LeaderElection22] INFO  server.RaftServerConfigKeys (ConfUtils.java:logGet(44)) - raft.server.staging.catchup.gap = 1000 (default)
2020-08-16 01:33:09,124 [3911b809-9d88-4a7a-8c07-514c24e02423@group-0395CD407848-LeaderElection22] INFO  server.RaftServerConfigKeys (ConfUtils.java:logGet(44)) - raft.server.rpc.sleep.time = 25ms (default)
2020-08-16 01:33:09,127 [124f0e29-3351-4707-96c6-81bbc40b441a@group-6E9AFB501E3B-LeaderElection21] INFO  impl.RaftServerImpl (ServerState.java:setLeader(255)) - 124f0e29-3351-4707-96c6-81bbc40b441a@group-6E9AFB501E3B: change Leader from null to 124f0e29-3351-4707-96c6-81bbc40b441a at term 1 for becomeLeader, leader elected after 5054ms
2020-08-16 01:33:09,127 [Datanode State Machine Thread - 0] WARN  statemachine.DatanodeStateMachine (DatanodeStateMachine.java:start(245)) - Interrupt the execution.
java.lang.InterruptedException: sleep interrupted
	at java.lang.Thread.sleep(Native Method)
	at org.apache.hadoop.ozone.container.common.statemachine.DatanodeStateMachine.start(DatanodeStateMachine.java:243)
	at org.apache.hadoop.ozone.container.common.statemachine.DatanodeStateMachine.lambda$startDaemon$0(DatanodeStateMachine.java:405)
	at java.lang.Thread.run(Thread.java:748)
2020-08-16 01:33:09,136 [124f0e29-3351-4707-96c6-81bbc40b441a@group-6E9AFB501E3B-LeaderElection21] INFO  server.RaftServerConfigKeys (ConfUtils.java:logGet(44)) - raft.server.staging.catchup.gap = 1000 (default)
2020-08-16 01:33:09,138 [124f0e29-3351-4707-96c6-81bbc40b441a@group-6E9AFB501E3B-LeaderElection21] INFO  server.RaftServerConfigKeys (ConfUtils.java:logGet(44)) - raft.server.rpc.sleep.time = 25ms (default)
2020-08-16 01:33:09,138 [124f0e29-3351-4707-96c6-81bbc40b441a@group-6E9AFB501E3B-LeaderElection21] INFO  metrics.RatisMetrics (RatisMetrics.java:lambda$create$0(36)) - Creating Metrics Registry : ratis.log_appender.124f0e29-3351-4707-96c6-81bbc40b441a@group-6E9AFB501E3B
2020-08-16 01:33:09,138 [124f0e29-3351-4707-96c6-81bbc40b441a@group-6E9AFB501E3B-LeaderElection21] INFO  server.RaftServerConfigKeys (ConfUtils.java:logGet(44)) - raft.server.write.element-limit = 1024 (custom)
2020-08-16 01:33:09,138 [124f0e29-3351-4707-96c6-81bbc40b441a@group-6E9AFB501E3B-LeaderElection21] INFO  server.RaftServerConfigKeys (ConfUtils.java:logGet(44)) - raft.server.write.byte-limit = 1073741824 (custom)
2020-08-16 01:33:09,138 [124f0e29-3351-4707-96c6-81bbc40b441a@group-6E9AFB501E3B-LeaderElection21] INFO  server.RaftServerConfigKeys (ConfUtils.java:logGet(44)) - raft.server.watch.timeout = 180s (custom)
2020-08-16 01:33:09,138 [124f0e29-3351-4707-96c6-81bbc40b441a@group-6E9AFB501E3B-LeaderElection21] INFO  server.RaftServerConfigKeys (ConfUtils.java:logGet(44)) - raft.server.watch.timeout.denomination = 1s (default)
2020-08-16 01:33:09,138 [124f0e29-3351-4707-96c6-81bbc40b441a@group-6E9AFB501E3B-LeaderElection21] INFO  server.RaftServerConfigKeys (ConfUtils.java:logGet(44)) - raft.server.watch.element-limit = 65536 (default)
2020-08-16 01:33:09,139 [124f0e29-3351-4707-96c6-81bbc40b441a@group-6E9AFB501E3B-LeaderElection21] INFO  impl.RoleInfo (RoleInfo.java:updateAndGet(143)) - 124f0e29-3351-4707-96c6-81bbc40b441a: start LeaderState
2020-08-16 01:33:09,139 [124f0e29-3351-4707-96c6-81bbc40b441a@group-6E9AFB501E3B-LeaderElection21] INFO  segmented.SegmentedRaftLogWorker (SegmentedRaftLogWorker.java:startLogSegment(397)) - 124f0e29-3351-4707-96c6-81bbc40b441a@group-6E9AFB501E3B-SegmentedRaftLogWorker: Starting segment from index:0
2020-08-16 01:33:09,135 [3911b809-9d88-4a7a-8c07-514c24e02423@group-0395CD407848-LeaderElection22] INFO  metrics.RatisMetrics (RatisMetrics.java:lambda$create$0(36)) - Creating Metrics Registry : ratis.log_appender.3911b809-9d88-4a7a-8c07-514c24e02423@group-0395CD407848
2020-08-16 01:33:09,139 [3911b809-9d88-4a7a-8c07-514c24e02423@group-0395CD407848-LeaderElection22] INFO  server.RaftServerConfigKeys (ConfUtils.java:logGet(44)) - raft.server.write.element-limit = 1024 (custom)
2020-08-16 01:33:09,139 [3911b809-9d88-4a7a-8c07-514c24e02423@group-0395CD407848-LeaderElection22] INFO  server.RaftServerConfigKeys (ConfUtils.java:logGet(44)) - raft.server.write.byte-limit = 1073741824 (custom)
2020-08-16 01:33:09,140 [3911b809-9d88-4a7a-8c07-514c24e02423@group-0395CD407848-LeaderElection22] INFO  server.RaftServerConfigKeys (ConfUtils.java:logGet(44)) - raft.server.watch.timeout = 180s (custom)
2020-08-16 01:33:09,140 [124f0e29-3351-4707-96c6-81bbc40b441a@group-6E9AFB501E3B-LeaderElection21] INFO  impl.RaftServerImpl (ServerState.java:setRaftConf(356)) - 124f0e29-3351-4707-96c6-81bbc40b441a@group-6E9AFB501E3B: set configuration 0: [124f0e29-3351-4707-96c6-81bbc40b441a:172.17.0.2:37925], old=null at 0
2020-08-16 01:33:09,141 [124f0e29-3351-4707-96c6-81bbc40b441a@group-6E9AFB501E3B-SegmentedRaftLogWorker] INFO  segmented.SegmentedRaftLogWorker (SegmentedRaftLogWorker.java:execute(596)) - 124f0e29-3351-4707-96c6-81bbc40b441a@group-6E9AFB501E3B-SegmentedRaftLogWorker: created new log segment /github/workspace/mnt/ozone/hadoop-ozone/integration-test/target/test-dir/MiniOzoneClusterImpl-c38a1ae0-e263-4e30-b27e-4e0674c9e28f/datanode-6/data/ratis/cddb8264-955b-4d60-a0fa-6e9afb501e3b/current/log_inprogress_0
2020-08-16 01:33:09,142 [3911b809-9d88-4a7a-8c07-514c24e02423@group-0395CD407848-LeaderElection22] INFO  server.RaftServerConfigKeys (ConfUtils.java:logGet(44)) - raft.server.watch.timeout.denomination = 1s (default)
2020-08-16 01:33:09,142 [3911b809-9d88-4a7a-8c07-514c24e02423@group-0395CD407848-LeaderElection22] INFO  server.RaftServerConfigKeys (ConfUtils.java:logGet(44)) - raft.server.watch.element-limit = 65536 (default)
2020-08-16 01:33:09,142 [3911b809-9d88-4a7a-8c07-514c24e02423@group-0395CD407848-LeaderElection22] INFO  impl.RoleInfo (RoleInfo.java:updateAndGet(143)) - 3911b809-9d88-4a7a-8c07-514c24e02423: start LeaderState
2020-08-16 01:33:09,142 [3911b809-9d88-4a7a-8c07-514c24e02423@group-0395CD407848-LeaderElection22] INFO  segmented.SegmentedRaftLogWorker (SegmentedRaftLogWorker.java:startLogSegment(397)) - 3911b809-9d88-4a7a-8c07-514c24e02423@group-0395CD407848-SegmentedRaftLogWorker: Starting segment from index:0
2020-08-16 01:33:09,143 [3911b809-9d88-4a7a-8c07-514c24e02423@group-0395CD407848-LeaderElection22] INFO  impl.RaftServerImpl (ServerState.java:setRaftConf(356)) - 3911b809-9d88-4a7a-8c07-514c24e02423@group-0395CD407848: set configuration 0: [3911b809-9d88-4a7a-8c07-514c24e02423:172.17.0.2:43641], old=null at 0
2020-08-16 01:33:09,152 [3911b809-9d88-4a7a-8c07-514c24e02423@group-0395CD407848-SegmentedRaftLogWorker] INFO  segmented.SegmentedRaftLogWorker (SegmentedRaftLogWorker.java:execute(596)) - 3911b809-9d88-4a7a-8c07-514c24e02423@group-0395CD407848-SegmentedRaftLogWorker: created new log segment /github/workspace/mnt/ozone/hadoop-ozone/integration-test/target/test-dir/MiniOzoneClusterImpl-c38a1ae0-e263-4e30-b27e-4e0674c9e28f/datanode-5/data/ratis/3a6c8104-17c1-4be4-b47a-0395cd407848/current/log_inprogress_0
2020-08-16 01:33:09,185 [Datanode State Machine Thread - 0] WARN  statemachine.DatanodeStateMachine (DatanodeStateMachine.java:start(245)) - Interrupt the execution.
java.lang.InterruptedException: sleep interrupted
	at java.lang.Thread.sleep(Native Method)
	at org.apache.hadoop.ozone.container.common.statemachine.DatanodeStateMachine.start(DatanodeStateMachine.java:243)
	at org.apache.hadoop.ozone.container.common.statemachine.DatanodeStateMachine.lambda$startDaemon$0(DatanodeStateMachine.java:405)
	at java.lang.Thread.run(Thread.java:748)
2020-08-16 01:33:09,215 [Datanode State Machine Thread - 0] WARN  statemachine.DatanodeStateMachine (DatanodeStateMachine.java:start(245)) - Interrupt the execution.
java.lang.InterruptedException: sleep interrupted
	at java.lang.Thread.sleep(Native Method)
	at org.apache.hadoop.ozone.container.common.statemachine.DatanodeStateMachine.start(DatanodeStateMachine.java:243)
	at org.apache.hadoop.ozone.container.common.statemachine.DatanodeStateMachine.lambda$startDaemon$0(DatanodeStateMachine.java:405)
	at java.lang.Thread.run(Thread.java:748)
2020-08-16 01:33:09,243 [Datanode State Machine Thread - 0] WARN  statemachine.DatanodeStateMachine (DatanodeStateMachine.java:start(245)) - Interrupt the execution.
java.lang.InterruptedException: sleep interrupted
	at java.lang.Thread.sleep(Native Method)
	at org.apache.hadoop.ozone.container.common.statemachine.DatanodeStateMachine.start(DatanodeStateMachine.java:243)
	at org.apache.hadoop.ozone.container.common.statemachine.DatanodeStateMachine.lambda$startDaemon$0(DatanodeStateMachine.java:405)
	at java.lang.Thread.run(Thread.java:748)
2020-08-16 01:33:09,295 [EventQueue-CloseContainerForCloseContainerEventHandler] INFO  container.CloseContainerEventHandler (CloseContainerEventHandler.java:onMessage(61)) - Close container Event triggered for container : #1
2020-08-16 01:33:09,296 [EventQueue-CloseContainerForCloseContainerEventHandler] INFO  container.CloseContainerEventHandler (CloseContainerEventHandler.java:onMessage(61)) - Close container Event triggered for container : #2
2020-08-16 01:33:09,296 [EventQueue-CloseContainerForCloseContainerEventHandler] INFO  container.CloseContainerEventHandler (CloseContainerEventHandler.java:onMessage(61)) - Close container Event triggered for container : #3
2020-08-16 01:33:11,247 [Datanode State Machine Thread - 0] WARN  statemachine.DatanodeStateMachine (DatanodeStateMachine.java:start(245)) - Interrupt the execution.
java.lang.InterruptedException: sleep interrupted
	at java.lang.Thread.sleep(Native Method)
	at org.apache.hadoop.ozone.container.common.statemachine.DatanodeStateMachine.start(DatanodeStateMachine.java:243)
	at org.apache.hadoop.ozone.container.common.statemachine.DatanodeStateMachine.lambda$startDaemon$0(DatanodeStateMachine.java:405)
	at java.lang.Thread.run(Thread.java:748)
2020-08-16 01:33:11,251 [RatisApplyTransactionExecutor 1] INFO  interfaces.Container (KeyValueContainer.java:flushAndSyncDB(382)) - Container 1 is synced with bcsId 16.
2020-08-16 01:33:11,251 [RatisApplyTransactionExecutor 1] INFO  interfaces.Container (KeyValueContainer.java:flushAndSyncDB(382)) - Container 1 is synced with bcsId 16.
2020-08-16 01:33:11,260 [RatisApplyTransactionExecutor 1] INFO  interfaces.Container (KeyValueContainer.java:close(320)) - Container 1 is closed with bcsId 16.
2020-08-16 01:33:11,260 [Datanode State Machine Thread - 0] WARN  statemachine.DatanodeStateMachine (DatanodeStateMachine.java:start(245)) - Interrupt the execution.
java.lang.InterruptedException: sleep interrupted
	at java.lang.Thread.sleep(Native Method)
	at org.apache.hadoop.ozone.container.common.statemachine.DatanodeStateMachine.start(DatanodeStateMachine.java:243)
	at org.apache.hadoop.ozone.container.common.statemachine.DatanodeStateMachine.lambda$startDaemon$0(DatanodeStateMachine.java:405)
	at java.lang.Thread.run(Thread.java:748)
2020-08-16 01:33:11,261 [EventQueue-IncrementalContainerReportForIncrementalContainerReportHandler] INFO  container.IncrementalContainerReportHandler (AbstractContainerReportHandler.java:updateContainerState(172)) - Moving container #1 to CLOSED state, datanode beaeafa8-2e09-4551-bc75-8fc35f38ec6f{ip: 172.17.0.2, host: bb0b45a2c250, networkLocation: /default-rack, certSerialId: null} reported CLOSED replica.
2020-08-16 01:33:11,264 [Datanode State Machine Thread - 0] WARN  statemachine.DatanodeStateMachine (DatanodeStateMachine.java:start(245)) - Interrupt the execution.
java.lang.InterruptedException: sleep interrupted
	at java.lang.Thread.sleep(Native Method)
	at org.apache.hadoop.ozone.container.common.statemachine.DatanodeStateMachine.start(DatanodeStateMachine.java:243)
	at org.apache.hadoop.ozone.container.common.statemachine.DatanodeStateMachine.lambda$startDaemon$0(DatanodeStateMachine.java:405)
	at java.lang.Thread.run(Thread.java:748)
2020-08-16 01:33:11,266 [RatisApplyTransactionExecutor 2] INFO  interfaces.Container (KeyValueContainer.java:flushAndSyncDB(382)) - Container 2 is synced with bcsId 0.
2020-08-16 01:33:11,266 [RatisApplyTransactionExecutor 2] INFO  interfaces.Container (KeyValueContainer.java:flushAndSyncDB(382)) - Container 2 is synced with bcsId 0.
2020-08-16 01:33:11,269 [RatisApplyTransactionExecutor 2] INFO  interfaces.Container (KeyValueContainer.java:close(320)) - Container 2 is closed with bcsId 0.
2020-08-16 01:33:11,269 [Datanode State Machine Thread - 0] WARN  statemachine.DatanodeStateMachine (DatanodeStateMachine.java:start(245)) - Interrupt the execution.
java.lang.InterruptedException: sleep interrupted
	at java.lang.Thread.sleep(Native Method)
	at org.apache.hadoop.ozone.container.common.statemachine.DatanodeStateMachine.start(DatanodeStateMachine.java:243)
	at org.apache.hadoop.ozone.container.common.statemachine.DatanodeStateMachine.lambda$startDaemon$0(DatanodeStateMachine.java:405)
	at java.lang.Thread.run(Thread.java:748)
2020-08-16 01:33:11,273 [EventQueue-IncrementalContainerReportForIncrementalContainerReportHandler] INFO  container.IncrementalContainerReportHandler (AbstractContainerReportHandler.java:updateContainerState(172)) - Moving container #2 to CLOSED state, datanode beaeafa8-2e09-4551-bc75-8fc35f38ec6f{ip: 172.17.0.2, host: bb0b45a2c250, networkLocation: /default-rack, certSerialId: null} reported CLOSED replica.
2020-08-16 01:33:11,275 [Datanode State Machine Thread - 0] WARN  statemachine.DatanodeStateMachine (DatanodeStateMachine.java:start(245)) - Interrupt the execution.
java.lang.InterruptedException: sleep interrupted
	at java.lang.Thread.sleep(Native Method)
	at org.apache.hadoop.ozone.container.common.statemachine.DatanodeStateMachine.start(DatanodeStateMachine.java:243)
	at org.apache.hadoop.ozone.container.common.statemachine.DatanodeStateMachine.lambda$startDaemon$0(DatanodeStateMachine.java:405)
	at java.lang.Thread.run(Thread.java:748)
2020-08-16 01:33:11,276 [RatisApplyTransactionExecutor 3] INFO  interfaces.Container (KeyValueContainer.java:flushAndSyncDB(382)) - Container 3 is synced with bcsId 0.
2020-08-16 01:33:11,276 [RatisApplyTransactionExecutor 3] INFO  interfaces.Container (KeyValueContainer.java:flushAndSyncDB(382)) - Container 3 is synced with bcsId 0.
2020-08-16 01:33:11,279 [RatisApplyTransactionExecutor 3] INFO  interfaces.Container (KeyValueContainer.java:close(320)) - Container 3 is closed with bcsId 0.
2020-08-16 01:33:11,279 [Datanode State Machine Thread - 0] WARN  statemachine.DatanodeStateMachine (DatanodeStateMachine.java:start(245)) - Interrupt the execution.
java.lang.InterruptedException: sleep interrupted
	at java.lang.Thread.sleep(Native Method)
	at org.apache.hadoop.ozone.container.common.statemachine.DatanodeStateMachine.start(DatanodeStateMachine.java:243)
	at org.apache.hadoop.ozone.container.common.statemachine.DatanodeStateMachine.lambda$startDaemon$0(DatanodeStateMachine.java:405)
	at java.lang.Thread.run(Thread.java:748)
2020-08-16 01:33:11,280 [EventQueue-IncrementalContainerReportForIncrementalContainerReportHandler] INFO  container.IncrementalContainerReportHandler (AbstractContainerReportHandler.java:updateContainerState(172)) - Moving container #3 to CLOSED state, datanode beaeafa8-2e09-4551-bc75-8fc35f38ec6f{ip: 172.17.0.2, host: bb0b45a2c250, networkLocation: /default-rack, certSerialId: null} reported CLOSED replica.
01:33:11.300 [grpc-default-executor-1] ERROR DNAudit - user=null | ip=null | op=WRITE_CHUNK {blockData=conID: 1 locID: 104696485583257603 bcsId: 16} | ret=FAILURE
org.apache.hadoop.hdds.scm.container.common.helpers.ContainerNotOpenException: Container 1 in CLOSED state
	at org.apache.hadoop.ozone.container.common.impl.HddsDispatcher.validateContainerCommand(HddsDispatcher.java:479) ~[hadoop-hdds-container-service-0.6.0-SNAPSHOT.jar:?]
	at org.apache.hadoop.ozone.container.common.transport.server.ratis.ContainerStateMachine.startTransaction(ContainerStateMachine.java:319) ~[hadoop-hdds-container-service-0.6.0-SNAPSHOT.jar:?]
	at org.apache.ratis.server.impl.RaftServerImpl.submitClientRequestAsync(RaftServerImpl.java:634) ~[ratis-server-1.0.0.jar:1.0.0]
	at org.apache.ratis.server.impl.RaftServerProxy.lambda$submitClientRequestAsync$7(RaftServerProxy.java:338) ~[ratis-server-1.0.0.jar:1.0.0]
	at org.apache.ratis.server.impl.RaftServerProxy.lambda$null$5(RaftServerProxy.java:333) ~[ratis-server-1.0.0.jar:1.0.0]
	at org.apache.ratis.util.JavaUtils.callAsUnchecked(JavaUtils.java:109) ~[ratis-common-1.0.0.jar:1.0.0]
	at org.apache.ratis.server.impl.RaftServerProxy.lambda$submitRequest$6(RaftServerProxy.java:333) ~[ratis-server-1.0.0.jar:1.0.0]
	at java.util.concurrent.CompletableFuture.uniComposeStage(CompletableFuture.java:995) ~[?:1.8.0_232]
	at java.util.concurrent.CompletableFuture.thenCompose(CompletableFuture.java:2137) ~[?:1.8.0_232]
	at org.apache.ratis.server.impl.RaftServerProxy.submitRequest(RaftServerProxy.java:332) ~[ratis-server-1.0.0.jar:1.0.0]
	at org.apache.ratis.server.impl.RaftServerProxy.submitClientRequestAsync(RaftServerProxy.java:338) ~[ratis-server-1.0.0.jar:1.0.0]
	at org.apache.ratis.grpc.client.GrpcClientProtocolService$RequestStreamObserver.processClientRequest(GrpcClientProtocolService.java:225) ~[ratis-grpc-1.0.0.jar:1.0.0]
	at org.apache.ratis.grpc.client.GrpcClientProtocolService$OrderedRequestStreamObserver.processClientRequest(GrpcClientProtocolService.java:331) ~[ratis-grpc-1.0.0.jar:1.0.0]
	at org.apache.ratis.util.SlidingWindow$Server.processRequestsFromHead(SlidingWindow.java:429) [ratis-common-1.0.0.jar:1.0.0]
	at org.apache.ratis.util.SlidingWindow$Server.receivedRequest(SlidingWindow.java:421) [ratis-common-1.0.0.jar:1.0.0]
	at org.apache.ratis.grpc.client.GrpcClientProtocolService$OrderedRequestStreamObserver.processClientRequest(GrpcClientProtocolService.java:355) [ratis-grpc-1.0.0.jar:1.0.0]
	at org.apache.ratis.grpc.client.GrpcClientProtocolService$RequestStreamObserver.onNext(GrpcClientProtocolService.java:245) [ratis-grpc-1.0.0.jar:1.0.0]
	at org.apache.ratis.grpc.client.GrpcClientProtocolService$RequestStreamObserver.onNext(GrpcClientProtocolService.java:168) [ratis-grpc-1.0.0.jar:1.0.0]
	at org.apache.ratis.thirdparty.io.grpc.stub.ServerCalls$StreamingServerCallHandler$StreamingServerCallListener.onMessage(ServerCalls.java:251) [ratis-thirdparty-misc-0.5.0.jar:0.5.0]
	at org.apache.ratis.thirdparty.io.grpc.internal.ServerCallImpl$ServerStreamListenerImpl.messagesAvailableInternal(ServerCallImpl.java:309) [ratis-thirdparty-misc-0.5.0.jar:0.5.0]
	at org.apache.ratis.thirdparty.io.grpc.internal.ServerCallImpl$ServerStreamListenerImpl.messagesAvailable(ServerCallImpl.java:292) [ratis-thirdparty-misc-0.5.0.jar:0.5.0]
	at org.apache.ratis.thirdparty.io.grpc.internal.ServerImpl$JumpToApplicationThreadServerStreamListener$1MessagesAvailable.runInContext(ServerImpl.java:783) [ratis-thirdparty-misc-0.5.0.jar:0.5.0]
	at org.apache.ratis.thirdparty.io.grpc.internal.ContextRunnable.run(ContextRunnable.java:37) [ratis-thirdparty-misc-0.5.0.jar:0.5.0]
	at org.apache.ratis.thirdparty.io.grpc.internal.SerializingExecutor.run(SerializingExecutor.java:123) [ratis-thirdparty-misc-0.5.0.jar:0.5.0]
	at java.util.concurrent.ThreadPoolExecutor.runWorker(ThreadPoolExecutor.java:1149) [?:1.8.0_232]
	at java.util.concurrent.ThreadPoolExecutor$Worker.run(ThreadPoolExecutor.java:624) [?:1.8.0_232]
	at java.lang.Thread.run(Thread.java:748) [?:1.8.0_232]
01:33:11.328 [grpc-default-executor-1] ERROR DNAudit - user=null | ip=null | op=WRITE_CHUNK {blockData=conID: 1 locID: 104696485583257603 bcsId: 16} | ret=FAILURE
org.apache.hadoop.hdds.scm.container.common.helpers.ContainerNotOpenException: Container 1 in CLOSED state
	at org.apache.hadoop.ozone.container.common.impl.HddsDispatcher.validateContainerCommand(HddsDispatcher.java:479) ~[hadoop-hdds-container-service-0.6.0-SNAPSHOT.jar:?]
	at org.apache.hadoop.ozone.container.common.transport.server.ratis.ContainerStateMachine.startTransaction(ContainerStateMachine.java:319) ~[hadoop-hdds-container-service-0.6.0-SNAPSHOT.jar:?]
	at org.apache.ratis.server.impl.RaftServerImpl.submitClientRequestAsync(RaftServerImpl.java:634) ~[ratis-server-1.0.0.jar:1.0.0]
	at org.apache.ratis.server.impl.RaftServerProxy.lambda$submitClientRequestAsync$7(RaftServerProxy.java:338) ~[ratis-server-1.0.0.jar:1.0.0]
	at org.apache.ratis.server.impl.RaftServerProxy.lambda$null$5(RaftServerProxy.java:333) ~[ratis-server-1.0.0.jar:1.0.0]
	at org.apache.ratis.util.JavaUtils.callAsUnchecked(JavaUtils.java:109) ~[ratis-common-1.0.0.jar:1.0.0]
	at org.apache.ratis.server.impl.RaftServerProxy.lambda$submitRequest$6(RaftServerProxy.java:333) ~[ratis-server-1.0.0.jar:1.0.0]
	at java.util.concurrent.CompletableFuture.uniComposeStage(CompletableFuture.java:995) ~[?:1.8.0_232]
	at java.util.concurrent.CompletableFuture.thenCompose(CompletableFuture.java:2137) ~[?:1.8.0_232]
	at org.apache.ratis.server.impl.RaftServerProxy.submitRequest(RaftServerProxy.java:332) ~[ratis-server-1.0.0.jar:1.0.0]
	at org.apache.ratis.server.impl.RaftServerProxy.submitClientRequestAsync(RaftServerProxy.java:338) ~[ratis-server-1.0.0.jar:1.0.0]
	at org.apache.ratis.grpc.client.GrpcClientProtocolService$RequestStreamObserver.processClientRequest(GrpcClientProtocolService.java:225) ~[ratis-grpc-1.0.0.jar:1.0.0]
	at org.apache.ratis.grpc.client.GrpcClientProtocolService$OrderedRequestStreamObserver.processClientRequest(GrpcClientProtocolService.java:331) ~[ratis-grpc-1.0.0.jar:1.0.0]
	at org.apache.ratis.util.SlidingWindow$Server.processRequestsFromHead(SlidingWindow.java:429) [ratis-common-1.0.0.jar:1.0.0]
	at org.apache.ratis.util.SlidingWindow$Server.receivedRequest(SlidingWindow.java:421) [ratis-common-1.0.0.jar:1.0.0]
	at org.apache.ratis.grpc.client.GrpcClientProtocolService$OrderedRequestStreamObserver.processClientRequest(GrpcClientProtocolService.java:355) [ratis-grpc-1.0.0.jar:1.0.0]
	at org.apache.ratis.grpc.client.GrpcClientProtocolService$RequestStreamObserver.onNext(GrpcClientProtocolService.java:245) [ratis-grpc-1.0.0.jar:1.0.0]
	at org.apache.ratis.grpc.client.GrpcClientProtocolService$RequestStreamObserver.onNext(GrpcClientProtocolService.java:168) [ratis-grpc-1.0.0.jar:1.0.0]
	at org.apache.ratis.thirdparty.io.grpc.stub.ServerCalls$StreamingServerCallHandler$StreamingServerCallListener.onMessage(ServerCalls.java:251) [ratis-thirdparty-misc-0.5.0.jar:0.5.0]
	at org.apache.ratis.thirdparty.io.grpc.internal.ServerCallImpl$ServerStreamListenerImpl.messagesAvailableInternal(ServerCallImpl.java:309) [ratis-thirdparty-misc-0.5.0.jar:0.5.0]
	at org.apache.ratis.thirdparty.io.grpc.internal.ServerCallImpl$ServerStreamListenerImpl.messagesAvailable(ServerCallImpl.java:292) [ratis-thirdparty-misc-0.5.0.jar:0.5.0]
	at org.apache.ratis.thirdparty.io.grpc.internal.ServerImpl$JumpToApplicationThreadServerStreamListener$1MessagesAvailable.runInContext(ServerImpl.java:783) [ratis-thirdparty-misc-0.5.0.jar:0.5.0]
	at org.apache.ratis.thirdparty.io.grpc.internal.ContextRunnable.run(ContextRunnable.java:37) [ratis-thirdparty-misc-0.5.0.jar:0.5.0]
	at org.apache.ratis.thirdparty.io.grpc.internal.SerializingExecutor.run(SerializingExecutor.java:123) [ratis-thirdparty-misc-0.5.0.jar:0.5.0]
	at java.util.concurrent.ThreadPoolExecutor.runWorker(ThreadPoolExecutor.java:1149) [?:1.8.0_232]
	at java.util.concurrent.ThreadPoolExecutor$Worker.run(ThreadPoolExecutor.java:624) [?:1.8.0_232]
	at java.lang.Thread.run(Thread.java:748) [?:1.8.0_232]
2020-08-16 01:33:11,329 [grpc-default-executor-2] ERROR storage.BlockOutputStream (BlockOutputStream.java:lambda$writeChunkToContainer$3(643)) - writing chunk failed 104696485583257603_chunk_5 blockID conID: 1 locID: 104696485583257603 bcsId: 16 with exception org.apache.ratis.protocol.StateMachineException: org.apache.hadoop.hdds.scm.container.common.helpers.ContainerNotOpenException from Server beaeafa8-2e09-4551-bc75-8fc35f38ec6f@group-564D981D9636: Container 1 in CLOSED state
01:33:11.334 [grpc-default-executor-1] ERROR DNAudit - user=null | ip=null | op=PUT_BLOCK {blockData=[blockId=conID: 1 locID: 104696485583257603 bcsId: 0,size=600]} | ret=FAILURE
org.apache.hadoop.hdds.scm.container.common.helpers.ContainerNotOpenException: Container 1 in CLOSED state
	at org.apache.hadoop.ozone.container.common.impl.HddsDispatcher.validateContainerCommand(HddsDispatcher.java:479) ~[hadoop-hdds-container-service-0.6.0-SNAPSHOT.jar:?]
	at org.apache.hadoop.ozone.container.common.transport.server.ratis.ContainerStateMachine.startTransaction(ContainerStateMachine.java:319) ~[hadoop-hdds-container-service-0.6.0-SNAPSHOT.jar:?]
	at org.apache.ratis.server.impl.RaftServerImpl.submitClientRequestAsync(RaftServerImpl.java:634) ~[ratis-server-1.0.0.jar:1.0.0]
	at org.apache.ratis.server.impl.RaftServerProxy.lambda$submitClientRequestAsync$7(RaftServerProxy.java:338) ~[ratis-server-1.0.0.jar:1.0.0]
	at org.apache.ratis.server.impl.RaftServerProxy.lambda$null$5(RaftServerProxy.java:333) ~[ratis-server-1.0.0.jar:1.0.0]
	at org.apache.ratis.util.JavaUtils.callAsUnchecked(JavaUtils.java:109) ~[ratis-common-1.0.0.jar:1.0.0]
	at org.apache.ratis.server.impl.RaftServerProxy.lambda$submitRequest$6(RaftServerProxy.java:333) ~[ratis-server-1.0.0.jar:1.0.0]
	at java.util.concurrent.CompletableFuture.uniComposeStage(CompletableFuture.java:995) ~[?:1.8.0_232]
	at java.util.concurrent.CompletableFuture.thenCompose(CompletableFuture.java:2137) ~[?:1.8.0_232]
	at org.apache.ratis.server.impl.RaftServerProxy.submitRequest(RaftServerProxy.java:332) ~[ratis-server-1.0.0.jar:1.0.0]
	at org.apache.ratis.server.impl.RaftServerProxy.submitClientRequestAsync(RaftServerProxy.java:338) ~[ratis-server-1.0.0.jar:1.0.0]
	at org.apache.ratis.grpc.client.GrpcClientProtocolService$RequestStreamObserver.processClientRequest(GrpcClientProtocolService.java:225) ~[ratis-grpc-1.0.0.jar:1.0.0]
	at org.apache.ratis.grpc.client.GrpcClientProtocolService$OrderedRequestStreamObserver.processClientRequest(GrpcClientProtocolService.java:331) ~[ratis-grpc-1.0.0.jar:1.0.0]
	at org.apache.ratis.util.SlidingWindow$Server.processRequestsFromHead(SlidingWindow.java:429) [ratis-common-1.0.0.jar:1.0.0]
	at org.apache.ratis.util.SlidingWindow$Server.receivedRequest(SlidingWindow.java:421) [ratis-common-1.0.0.jar:1.0.0]
	at org.apache.ratis.grpc.client.GrpcClientProtocolService$OrderedRequestStreamObserver.processClientRequest(GrpcClientProtocolService.java:355) [ratis-grpc-1.0.0.jar:1.0.0]
	at org.apache.ratis.grpc.client.GrpcClientProtocolService$RequestStreamObserver.onNext(GrpcClientProtocolService.java:245) [ratis-grpc-1.0.0.jar:1.0.0]
	at org.apache.ratis.grpc.client.GrpcClientProtocolService$RequestStreamObserver.onNext(GrpcClientProtocolService.java:168) [ratis-grpc-1.0.0.jar:1.0.0]
	at org.apache.ratis.thirdparty.io.grpc.stub.ServerCalls$StreamingServerCallHandler$StreamingServerCallListener.onMessage(ServerCalls.java:251) [ratis-thirdparty-misc-0.5.0.jar:0.5.0]
	at org.apache.ratis.thirdparty.io.grpc.internal.ServerCallImpl$ServerStreamListenerImpl.messagesAvailableInternal(ServerCallImpl.java:309) [ratis-thirdparty-misc-0.5.0.jar:0.5.0]
	at org.apache.ratis.thirdparty.io.grpc.internal.ServerCallImpl$ServerStreamListenerImpl.messagesAvailable(ServerCallImpl.java:292) [ratis-thirdparty-misc-0.5.0.jar:0.5.0]
	at org.apache.ratis.thirdparty.io.grpc.internal.ServerImpl$JumpToApplicationThreadServerStreamListener$1MessagesAvailable.runInContext(ServerImpl.java:783) [ratis-thirdparty-misc-0.5.0.jar:0.5.0]
	at org.apache.ratis.thirdparty.io.grpc.internal.ContextRunnable.run(ContextRunnable.java:37) [ratis-thirdparty-misc-0.5.0.jar:0.5.0]
	at org.apache.ratis.thirdparty.io.grpc.internal.SerializingExecutor.run(SerializingExecutor.java:123) [ratis-thirdparty-misc-0.5.0.jar:0.5.0]
	at java.util.concurrent.ThreadPoolExecutor.runWorker(ThreadPoolExecutor.java:1149) [?:1.8.0_232]
	at java.util.concurrent.ThreadPoolExecutor$Worker.run(ThreadPoolExecutor.java:624) [?:1.8.0_232]
	at java.lang.Thread.run(Thread.java:748) [?:1.8.0_232]
2020-08-16 01:33:11,342 [grpc-default-executor-2] ERROR storage.BlockOutputStream (BlockOutputStream.java:lambda$writeChunkToContainer$3(643)) - writing chunk failed 104696485583257603_chunk_6 blockID conID: 1 locID: 104696485583257603 bcsId: 16 with exception org.apache.ratis.protocol.StateMachineException: org.apache.hadoop.hdds.scm.container.common.helpers.ContainerNotOpenException from Server beaeafa8-2e09-4551-bc75-8fc35f38ec6f@group-564D981D9636: Container 1 in CLOSED state
01:33:11.342 [grpc-default-executor-1] ERROR DNAudit - user=null | ip=null | op=WRITE_CHUNK {blockData=conID: 1 locID: 104696485583257603 bcsId: 16} | ret=FAILURE
org.apache.hadoop.hdds.scm.container.common.helpers.ContainerNotOpenException: Container 1 in CLOSED state
	at org.apache.hadoop.ozone.container.common.impl.HddsDispatcher.validateContainerCommand(HddsDispatcher.java:479) ~[hadoop-hdds-container-service-0.6.0-SNAPSHOT.jar:?]
	at org.apache.hadoop.ozone.container.common.transport.server.ratis.ContainerStateMachine.startTransaction(ContainerStateMachine.java:319) ~[hadoop-hdds-container-service-0.6.0-SNAPSHOT.jar:?]
	at org.apache.ratis.server.impl.RaftServerImpl.submitClientRequestAsync(RaftServerImpl.java:634) ~[ratis-server-1.0.0.jar:1.0.0]
	at org.apache.ratis.server.impl.RaftServerProxy.lambda$submitClientRequestAsync$7(RaftServerProxy.java:338) ~[ratis-server-1.0.0.jar:1.0.0]
	at org.apache.ratis.server.impl.RaftServerProxy.lambda$null$5(RaftServerProxy.java:333) ~[ratis-server-1.0.0.jar:1.0.0]
	at org.apache.ratis.util.JavaUtils.callAsUnchecked(JavaUtils.java:109) ~[ratis-common-1.0.0.jar:1.0.0]
	at org.apache.ratis.server.impl.RaftServerProxy.lambda$submitRequest$6(RaftServerProxy.java:333) ~[ratis-server-1.0.0.jar:1.0.0]
	at java.util.concurrent.CompletableFuture.uniComposeStage(CompletableFuture.java:995) ~[?:1.8.0_232]
	at java.util.concurrent.CompletableFuture.thenCompose(CompletableFuture.java:2137) ~[?:1.8.0_232]
	at org.apache.ratis.server.impl.RaftServerProxy.submitRequest(RaftServerProxy.java:332) ~[ratis-server-1.0.0.jar:1.0.0]
	at org.apache.ratis.server.impl.RaftServerProxy.submitClientRequestAsync(RaftServerProxy.java:338) ~[ratis-server-1.0.0.jar:1.0.0]
	at org.apache.ratis.grpc.client.GrpcClientProtocolService$RequestStreamObserver.processClientRequest(GrpcClientProtocolService.java:225) ~[ratis-grpc-1.0.0.jar:1.0.0]
	at org.apache.ratis.grpc.client.GrpcClientProtocolService$OrderedRequestStreamObserver.processClientRequest(GrpcClientProtocolService.java:331) ~[ratis-grpc-1.0.0.jar:1.0.0]
	at org.apache.ratis.util.SlidingWindow$Server.processRequestsFromHead(SlidingWindow.java:429) [ratis-common-1.0.0.jar:1.0.0]
	at org.apache.ratis.util.SlidingWindow$Server.receivedRequest(SlidingWindow.java:421) [ratis-common-1.0.0.jar:1.0.0]
	at org.apache.ratis.grpc.client.GrpcClientProtocolService$OrderedRequestStreamObserver.processClientRequest(GrpcClientProtocolService.java:355) [ratis-grpc-1.0.0.jar:1.0.0]
	at org.apache.ratis.grpc.client.GrpcClientProtocolService$RequestStreamObserver.onNext(GrpcClientProtocolService.java:245) [ratis-grpc-1.0.0.jar:1.0.0]
	at org.apache.ratis.grpc.client.GrpcClientProtocolService$RequestStreamObserver.onNext(GrpcClientProtocolService.java:168) [ratis-grpc-1.0.0.jar:1.0.0]
	at org.apache.ratis.thirdparty.io.grpc.stub.ServerCalls$StreamingServerCallHandler$StreamingServerCallListener.onMessage(ServerCalls.java:251) [ratis-thirdparty-misc-0.5.0.jar:0.5.0]
	at org.apache.ratis.thirdparty.io.grpc.internal.ServerCallImpl$ServerStreamListenerImpl.messagesAvailableInternal(ServerCallImpl.java:309) [ratis-thirdparty-misc-0.5.0.jar:0.5.0]
	at org.apache.ratis.thirdparty.io.grpc.internal.ServerCallImpl$ServerStreamListenerImpl.messagesAvailable(ServerCallImpl.java:292) [ratis-thirdparty-misc-0.5.0.jar:0.5.0]
	at org.apache.ratis.thirdparty.io.grpc.internal.ServerImpl$JumpToApplicationThreadServerStreamListener$1MessagesAvailable.runInContext(ServerImpl.java:783) [ratis-thirdparty-misc-0.5.0.jar:0.5.0]
	at org.apache.ratis.thirdparty.io.grpc.internal.ContextRunnable.run(ContextRunnable.java:37) [ratis-thirdparty-misc-0.5.0.jar:0.5.0]
	at org.apache.ratis.thirdparty.io.grpc.internal.SerializingExecutor.run(SerializingExecutor.java:123) [ratis-thirdparty-misc-0.5.0.jar:0.5.0]
	at java.util.concurrent.ThreadPoolExecutor.runWorker(ThreadPoolExecutor.java:1149) [?:1.8.0_232]
	at java.util.concurrent.ThreadPoolExecutor$Worker.run(ThreadPoolExecutor.java:624) [?:1.8.0_232]
	at java.lang.Thread.run(Thread.java:748) [?:1.8.0_232]
01:33:11.343 [grpc-default-executor-1] ERROR DNAudit - user=null | ip=null | op=WRITE_CHUNK {blockData=conID: 1 locID: 104696485583257603 bcsId: 16} | ret=FAILURE
org.apache.hadoop.hdds.scm.container.common.helpers.ContainerNotOpenException: Container 1 in CLOSED state
	at org.apache.hadoop.ozone.container.common.impl.HddsDispatcher.validateContainerCommand(HddsDispatcher.java:479) ~[hadoop-hdds-container-service-0.6.0-SNAPSHOT.jar:?]
	at org.apache.hadoop.ozone.container.common.transport.server.ratis.ContainerStateMachine.startTransaction(ContainerStateMachine.java:319) ~[hadoop-hdds-container-service-0.6.0-SNAPSHOT.jar:?]
	at org.apache.ratis.server.impl.RaftServerImpl.submitClientRequestAsync(RaftServerImpl.java:634) ~[ratis-server-1.0.0.jar:1.0.0]
	at org.apache.ratis.server.impl.RaftServerProxy.lambda$submitClientRequestAsync$7(RaftServerProxy.java:338) ~[ratis-server-1.0.0.jar:1.0.0]
	at org.apache.ratis.server.impl.RaftServerProxy.lambda$null$5(RaftServerProxy.java:333) ~[ratis-server-1.0.0.jar:1.0.0]
	at org.apache.ratis.util.JavaUtils.callAsUnchecked(JavaUtils.java:109) ~[ratis-common-1.0.0.jar:1.0.0]
	at org.apache.ratis.server.impl.RaftServerProxy.lambda$submitRequest$6(RaftServerProxy.java:333) ~[ratis-server-1.0.0.jar:1.0.0]
	at java.util.concurrent.CompletableFuture.uniComposeStage(CompletableFuture.java:995) ~[?:1.8.0_232]
	at java.util.concurrent.CompletableFuture.thenCompose(CompletableFuture.java:2137) ~[?:1.8.0_232]
	at org.apache.ratis.server.impl.RaftServerProxy.submitRequest(RaftServerProxy.java:332) ~[ratis-server-1.0.0.jar:1.0.0]
	at org.apache.ratis.server.impl.RaftServerProxy.submitClientRequestAsync(RaftServerProxy.java:338) ~[ratis-server-1.0.0.jar:1.0.0]
	at org.apache.ratis.grpc.client.GrpcClientProtocolService$RequestStreamObserver.processClientRequest(GrpcClientProtocolService.java:225) ~[ratis-grpc-1.0.0.jar:1.0.0]
	at org.apache.ratis.grpc.client.GrpcClientProtocolService$OrderedRequestStreamObserver.processClientRequest(GrpcClientProtocolService.java:331) ~[ratis-grpc-1.0.0.jar:1.0.0]
	at org.apache.ratis.util.SlidingWindow$Server.processRequestsFromHead(SlidingWindow.java:429) [ratis-common-1.0.0.jar:1.0.0]
	at org.apache.ratis.util.SlidingWindow$Server.receivedRequest(SlidingWindow.java:421) [ratis-common-1.0.0.jar:1.0.0]
	at org.apache.ratis.grpc.client.GrpcClientProtocolService$OrderedRequestStreamObserver.processClientRequest(GrpcClientProtocolService.java:355) [ratis-grpc-1.0.0.jar:1.0.0]
	at org.apache.ratis.grpc.client.GrpcClientProtocolService$RequestStreamObserver.onNext(GrpcClientProtocolService.java:245) [ratis-grpc-1.0.0.jar:1.0.0]
	at org.apache.ratis.grpc.client.GrpcClientProtocolService$RequestStreamObserver.onNext(GrpcClientProtocolService.java:168) [ratis-grpc-1.0.0.jar:1.0.0]
	at org.apache.ratis.thirdparty.io.grpc.stub.ServerCalls$StreamingServerCallHandler$StreamingServerCallListener.onMessage(ServerCalls.java:251) [ratis-thirdparty-misc-0.5.0.jar:0.5.0]
	at org.apache.ratis.thirdparty.io.grpc.internal.ServerCallImpl$ServerStreamListenerImpl.messagesAvailableInternal(ServerCallImpl.java:309) [ratis-thirdparty-misc-0.5.0.jar:0.5.0]
	at org.apache.ratis.thirdparty.io.grpc.internal.ServerCallImpl$ServerStreamListenerImpl.messagesAvailable(ServerCallImpl.java:292) [ratis-thirdparty-misc-0.5.0.jar:0.5.0]
	at org.apache.ratis.thirdparty.io.grpc.internal.ServerImpl$JumpToApplicationThreadServerStreamListener$1MessagesAvailable.runInContext(ServerImpl.java:783) [ratis-thirdparty-misc-0.5.0.jar:0.5.0]
	at org.apache.ratis.thirdparty.io.grpc.internal.ContextRunnable.run(ContextRunnable.java:37) [ratis-thirdparty-misc-0.5.0.jar:0.5.0]
	at org.apache.ratis.thirdparty.io.grpc.internal.SerializingExecutor.run(SerializingExecutor.java:123) [ratis-thirdparty-misc-0.5.0.jar:0.5.0]
	at java.util.concurrent.ThreadPoolExecutor.runWorker(ThreadPoolExecutor.java:1149) [?:1.8.0_232]
	at java.util.concurrent.ThreadPoolExecutor$Worker.run(ThreadPoolExecutor.java:624) [?:1.8.0_232]
	at java.lang.Thread.run(Thread.java:748) [?:1.8.0_232]
01:33:11.344 [grpc-default-executor-1] ERROR DNAudit - user=null | ip=null | op=PUT_BLOCK {blockData=[blockId=conID: 1 locID: 104696485583257603 bcsId: 0,size=800]} | ret=FAILURE
org.apache.hadoop.hdds.scm.container.common.helpers.ContainerNotOpenException: Container 1 in CLOSED state
	at org.apache.hadoop.ozone.container.common.impl.HddsDispatcher.validateContainerCommand(HddsDispatcher.java:479) ~[hadoop-hdds-container-service-0.6.0-SNAPSHOT.jar:?]
	at org.apache.hadoop.ozone.container.common.transport.server.ratis.ContainerStateMachine.startTransaction(ContainerStateMachine.java:319) ~[hadoop-hdds-container-service-0.6.0-SNAPSHOT.jar:?]
	at org.apache.ratis.server.impl.RaftServerImpl.submitClientRequestAsync(RaftServerImpl.java:634) ~[ratis-server-1.0.0.jar:1.0.0]
	at org.apache.ratis.server.impl.RaftServerProxy.lambda$submitClientRequestAsync$7(RaftServerProxy.java:338) ~[ratis-server-1.0.0.jar:1.0.0]
	at org.apache.ratis.server.impl.RaftServerProxy.lambda$null$5(RaftServerProxy.java:333) ~[ratis-server-1.0.0.jar:1.0.0]
	at org.apache.ratis.util.JavaUtils.callAsUnchecked(JavaUtils.java:109) ~[ratis-common-1.0.0.jar:1.0.0]
	at org.apache.ratis.server.impl.RaftServerProxy.lambda$submitRequest$6(RaftServerProxy.java:333) ~[ratis-server-1.0.0.jar:1.0.0]
	at java.util.concurrent.CompletableFuture.uniComposeStage(CompletableFuture.java:995) ~[?:1.8.0_232]
	at java.util.concurrent.CompletableFuture.thenCompose(CompletableFuture.java:2137) ~[?:1.8.0_232]
	at org.apache.ratis.server.impl.RaftServerProxy.submitRequest(RaftServerProxy.java:332) ~[ratis-server-1.0.0.jar:1.0.0]
	at org.apache.ratis.server.impl.RaftServerProxy.submitClientRequestAsync(RaftServerProxy.java:338) ~[ratis-server-1.0.0.jar:1.0.0]
	at org.apache.ratis.grpc.client.GrpcClientProtocolService$RequestStreamObserver.processClientRequest(GrpcClientProtocolService.java:225) ~[ratis-grpc-1.0.0.jar:1.0.0]
	at org.apache.ratis.grpc.client.GrpcClientProtocolService$OrderedRequestStreamObserver.processClientRequest(GrpcClientProtocolService.java:331) ~[ratis-grpc-1.0.0.jar:1.0.0]
	at org.apache.ratis.util.SlidingWindow$Server.processRequestsFromHead(SlidingWindow.java:429) [ratis-common-1.0.0.jar:1.0.0]
	at org.apache.ratis.util.SlidingWindow$Server.receivedRequest(SlidingWindow.java:421) [ratis-common-1.0.0.jar:1.0.0]
	at org.apache.ratis.grpc.client.GrpcClientProtocolService$OrderedRequestStreamObserver.processClientRequest(GrpcClientProtocolService.java:355) [ratis-grpc-1.0.0.jar:1.0.0]
	at org.apache.ratis.grpc.client.GrpcClientProtocolService$RequestStreamObserver.onNext(GrpcClientProtocolService.java:245) [ratis-grpc-1.0.0.jar:1.0.0]
	at org.apache.ratis.grpc.client.GrpcClientProtocolService$RequestStreamObserver.onNext(GrpcClientProtocolService.java:168) [ratis-grpc-1.0.0.jar:1.0.0]
	at org.apache.ratis.thirdparty.io.grpc.stub.ServerCalls$StreamingServerCallHandler$StreamingServerCallListener.onMessage(ServerCalls.java:251) [ratis-thirdparty-misc-0.5.0.jar:0.5.0]
	at org.apache.ratis.thirdparty.io.grpc.internal.ServerCallImpl$ServerStreamListenerImpl.messagesAvailableInternal(ServerCallImpl.java:309) [ratis-thirdparty-misc-0.5.0.jar:0.5.0]
	at org.apache.ratis.thirdparty.io.grpc.internal.ServerCallImpl$ServerStreamListenerImpl.messagesAvailable(ServerCallImpl.java:292) [ratis-thirdparty-misc-0.5.0.jar:0.5.0]
	at org.apache.ratis.thirdparty.io.grpc.internal.ServerImpl$JumpToApplicationThreadServerStreamListener$1MessagesAvailable.runInContext(ServerImpl.java:783) [ratis-thirdparty-misc-0.5.0.jar:0.5.0]
	at org.apache.ratis.thirdparty.io.grpc.internal.ContextRunnable.run(ContextRunnable.java:37) [ratis-thirdparty-misc-0.5.0.jar:0.5.0]
	at org.apache.ratis.thirdparty.io.grpc.internal.SerializingExecutor.run(SerializingExecutor.java:123) [ratis-thirdparty-misc-0.5.0.jar:0.5.0]
	at java.util.concurrent.ThreadPoolExecutor.runWorker(ThreadPoolExecutor.java:1149) [?:1.8.0_232]
	at java.util.concurrent.ThreadPoolExecutor$Worker.run(ThreadPoolExecutor.java:624) [?:1.8.0_232]
	at java.lang.Thread.run(Thread.java:748) [?:1.8.0_232]
2020-08-16 01:33:11,358 [grpc-default-executor-1] ERROR storage.BlockOutputStream (BlockOutputStream.java:lambda$writeChunkToContainer$3(643)) - writing chunk failed 104696485583257603_chunk_7 blockID conID: 1 locID: 104696485583257603 bcsId: 16 with exception org.apache.ratis.protocol.StateMachineException: org.apache.hadoop.hdds.scm.container.common.helpers.ContainerNotOpenException from Server beaeafa8-2e09-4551-bc75-8fc35f38ec6f@group-564D981D9636: Container 1 in CLOSED state
2020-08-16 01:33:11,361 [grpc-default-executor-1] ERROR storage.BlockOutputStream (BlockOutputStream.java:lambda$writeChunkToContainer$3(643)) - writing chunk failed 104696485583257603_chunk_8 blockID conID: 1 locID: 104696485583257603 bcsId: 16 with exception org.apache.ratis.protocol.StateMachineException: org.apache.hadoop.hdds.scm.container.common.helpers.ContainerNotOpenException from Server beaeafa8-2e09-4551-bc75-8fc35f38ec6f@group-564D981D9636: Container 1 in CLOSED state
2020-08-16 01:33:11,375 [EventQueue-Delayed safe mode statusForReplicationManager] INFO  container.ReplicationManager (ReplicationManager.java:start(177)) - Starting Replication Monitor Thread.
2020-08-16 01:33:11,386 [ReplicationMonitor] INFO  container.ReplicationManager (ReplicationManager.java:run(241)) - Replication Monitor Thread took 2 milliseconds for processing 3 containers.
01:33:11.390 [grpc-default-executor-1] ERROR DNAudit - user=null | ip=null | op=WRITE_CHUNK {blockData=conID: 2 locID: 104696485583323140 bcsId: 0} | ret=FAILURE
org.apache.hadoop.hdds.scm.container.common.helpers.ContainerNotOpenException: Container 2 in CLOSED state
	at org.apache.hadoop.ozone.container.common.impl.HddsDispatcher.validateContainerCommand(HddsDispatcher.java:479) ~[hadoop-hdds-container-service-0.6.0-SNAPSHOT.jar:?]
	at org.apache.hadoop.ozone.container.common.transport.server.ratis.ContainerStateMachine.startTransaction(ContainerStateMachine.java:319) ~[hadoop-hdds-container-service-0.6.0-SNAPSHOT.jar:?]
	at org.apache.ratis.server.impl.RaftServerImpl.submitClientRequestAsync(RaftServerImpl.java:634) ~[ratis-server-1.0.0.jar:1.0.0]
	at org.apache.ratis.server.impl.RaftServerProxy.lambda$submitClientRequestAsync$7(RaftServerProxy.java:338) ~[ratis-server-1.0.0.jar:1.0.0]
	at org.apache.ratis.server.impl.RaftServerProxy.lambda$null$5(RaftServerProxy.java:333) ~[ratis-server-1.0.0.jar:1.0.0]
	at org.apache.ratis.util.JavaUtils.callAsUnchecked(JavaUtils.java:109) ~[ratis-common-1.0.0.jar:1.0.0]
	at org.apache.ratis.server.impl.RaftServerProxy.lambda$submitRequest$6(RaftServerProxy.java:333) ~[ratis-server-1.0.0.jar:1.0.0]
	at java.util.concurrent.CompletableFuture.uniComposeStage(CompletableFuture.java:995) ~[?:1.8.0_232]
	at java.util.concurrent.CompletableFuture.thenCompose(CompletableFuture.java:2137) ~[?:1.8.0_232]
	at org.apache.ratis.server.impl.RaftServerProxy.submitRequest(RaftServerProxy.java:332) ~[ratis-server-1.0.0.jar:1.0.0]
	at org.apache.ratis.server.impl.RaftServerProxy.submitClientRequestAsync(RaftServerProxy.java:338) ~[ratis-server-1.0.0.jar:1.0.0]
	at org.apache.ratis.grpc.client.GrpcClientProtocolService$RequestStreamObserver.processClientRequest(GrpcClientProtocolService.java:225) ~[ratis-grpc-1.0.0.jar:1.0.0]
	at org.apache.ratis.grpc.client.GrpcClientProtocolService$OrderedRequestStreamObserver.processClientRequest(GrpcClientProtocolService.java:331) ~[ratis-grpc-1.0.0.jar:1.0.0]
	at org.apache.ratis.util.SlidingWindow$Server.processRequestsFromHead(SlidingWindow.java:429) [ratis-common-1.0.0.jar:1.0.0]
	at org.apache.ratis.util.SlidingWindow$Server.receivedRequest(SlidingWindow.java:421) [ratis-common-1.0.0.jar:1.0.0]
	at org.apache.ratis.grpc.client.GrpcClientProtocolService$OrderedRequestStreamObserver.processClientRequest(GrpcClientProtocolService.java:355) [ratis-grpc-1.0.0.jar:1.0.0]
	at org.apache.ratis.grpc.client.GrpcClientProtocolService$RequestStreamObserver.onNext(GrpcClientProtocolService.java:245) [ratis-grpc-1.0.0.jar:1.0.0]
	at org.apache.ratis.grpc.client.GrpcClientProtocolService$RequestStreamObserver.onNext(GrpcClientProtocolService.java:168) [ratis-grpc-1.0.0.jar:1.0.0]
	at org.apache.ratis.thirdparty.io.grpc.stub.ServerCalls$StreamingServerCallHandler$StreamingServerCallListener.onMessage(ServerCalls.java:251) [ratis-thirdparty-misc-0.5.0.jar:0.5.0]
	at org.apache.ratis.thirdparty.io.grpc.internal.ServerCallImpl$ServerStreamListenerImpl.messagesAvailableInternal(ServerCallImpl.java:309) [ratis-thirdparty-misc-0.5.0.jar:0.5.0]
	at org.apache.ratis.thirdparty.io.grpc.internal.ServerCallImpl$ServerStreamListenerImpl.messagesAvailable(ServerCallImpl.java:292) [ratis-thirdparty-misc-0.5.0.jar:0.5.0]
	at org.apache.ratis.thirdparty.io.grpc.internal.ServerImpl$JumpToApplicationThreadServerStreamListener$1MessagesAvailable.runInContext(ServerImpl.java:783) [ratis-thirdparty-misc-0.5.0.jar:0.5.0]
	at org.apache.ratis.thirdparty.io.grpc.internal.ContextRunnable.run(ContextRunnable.java:37) [ratis-thirdparty-misc-0.5.0.jar:0.5.0]
	at org.apache.ratis.thirdparty.io.grpc.internal.SerializingExecutor.run(SerializingExecutor.java:123) [ratis-thirdparty-misc-0.5.0.jar:0.5.0]
	at java.util.concurrent.ThreadPoolExecutor.runWorker(ThreadPoolExecutor.java:1149) [?:1.8.0_232]
	at java.util.concurrent.ThreadPoolExecutor$Worker.run(ThreadPoolExecutor.java:624) [?:1.8.0_232]
	at java.lang.Thread.run(Thread.java:748) [?:1.8.0_232]
01:33:11.395 [grpc-default-executor-1] ERROR DNAudit - user=null | ip=null | op=WRITE_CHUNK {blockData=conID: 2 locID: 104696485583323140 bcsId: 0} | ret=FAILURE
org.apache.hadoop.hdds.scm.container.common.helpers.ContainerNotOpenException: Container 2 in CLOSED state
	at org.apache.hadoop.ozone.container.common.impl.HddsDispatcher.validateContainerCommand(HddsDispatcher.java:479) ~[hadoop-hdds-container-service-0.6.0-SNAPSHOT.jar:?]
	at org.apache.hadoop.ozone.container.common.transport.server.ratis.ContainerStateMachine.startTransaction(ContainerStateMachine.java:319) ~[hadoop-hdds-container-service-0.6.0-SNAPSHOT.jar:?]
	at org.apache.ratis.server.impl.RaftServerImpl.submitClientRequestAsync(RaftServerImpl.java:634) ~[ratis-server-1.0.0.jar:1.0.0]
	at org.apache.ratis.server.impl.RaftServerProxy.lambda$submitClientRequestAsync$7(RaftServerProxy.java:338) ~[ratis-server-1.0.0.jar:1.0.0]
	at org.apache.ratis.server.impl.RaftServerProxy.lambda$null$5(RaftServerProxy.java:333) ~[ratis-server-1.0.0.jar:1.0.0]
	at org.apache.ratis.util.JavaUtils.callAsUnchecked(JavaUtils.java:109) ~[ratis-common-1.0.0.jar:1.0.0]
	at org.apache.ratis.server.impl.RaftServerProxy.lambda$submitRequest$6(RaftServerProxy.java:333) ~[ratis-server-1.0.0.jar:1.0.0]
	at java.util.concurrent.CompletableFuture.uniComposeStage(CompletableFuture.java:995) ~[?:1.8.0_232]
	at java.util.concurrent.CompletableFuture.thenCompose(CompletableFuture.java:2137) ~[?:1.8.0_232]
	at org.apache.ratis.server.impl.RaftServerProxy.submitRequest(RaftServerProxy.java:332) ~[ratis-server-1.0.0.jar:1.0.0]
	at org.apache.ratis.server.impl.RaftServerProxy.submitClientRequestAsync(RaftServerProxy.java:338) ~[ratis-server-1.0.0.jar:1.0.0]
	at org.apache.ratis.grpc.client.GrpcClientProtocolService$RequestStreamObserver.processClientRequest(GrpcClientProtocolService.java:225) ~[ratis-grpc-1.0.0.jar:1.0.0]
	at org.apache.ratis.grpc.client.GrpcClientProtocolService$OrderedRequestStreamObserver.processClientRequest(GrpcClientProtocolService.java:331) ~[ratis-grpc-1.0.0.jar:1.0.0]
	at org.apache.ratis.util.SlidingWindow$Server.processRequestsFromHead(SlidingWindow.java:429) [ratis-common-1.0.0.jar:1.0.0]
	at org.apache.ratis.util.SlidingWindow$Server.receivedRequest(SlidingWindow.java:421) [ratis-common-1.0.0.jar:1.0.0]
	at org.apache.ratis.grpc.client.GrpcClientProtocolService$OrderedRequestStreamObserver.processClientRequest(GrpcClientProtocolService.java:355) [ratis-grpc-1.0.0.jar:1.0.0]
	at org.apache.ratis.grpc.client.GrpcClientProtocolService$RequestStreamObserver.onNext(GrpcClientProtocolService.java:245) [ratis-grpc-1.0.0.jar:1.0.0]
	at org.apache.ratis.grpc.client.GrpcClientProtocolService$RequestStreamObserver.onNext(GrpcClientProtocolService.java:168) [ratis-grpc-1.0.0.jar:1.0.0]
	at org.apache.ratis.thirdparty.io.grpc.stub.ServerCalls$StreamingServerCallHandler$StreamingServerCallListener.onMessage(ServerCalls.java:251) [ratis-thirdparty-misc-0.5.0.jar:0.5.0]
	at org.apache.ratis.thirdparty.io.grpc.internal.ServerCallImpl$ServerStreamListenerImpl.messagesAvailableInternal(ServerCallImpl.java:309) [ratis-thirdparty-misc-0.5.0.jar:0.5.0]
	at org.apache.ratis.thirdparty.io.grpc.internal.ServerCallImpl$ServerStreamListenerImpl.messagesAvailable(ServerCallImpl.java:292) [ratis-thirdparty-misc-0.5.0.jar:0.5.0]
	at org.apache.ratis.thirdparty.io.grpc.internal.ServerImpl$JumpToApplicationThreadServerStreamListener$1MessagesAvailable.runInContext(ServerImpl.java:783) [ratis-thirdparty-misc-0.5.0.jar:0.5.0]
	at org.apache.ratis.thirdparty.io.grpc.internal.ContextRunnable.run(ContextRunnable.java:37) [ratis-thirdparty-misc-0.5.0.jar:0.5.0]
	at org.apache.ratis.thirdparty.io.grpc.internal.SerializingExecutor.run(SerializingExecutor.java:123) [ratis-thirdparty-misc-0.5.0.jar:0.5.0]
	at java.util.concurrent.ThreadPoolExecutor.runWorker(ThreadPoolExecutor.java:1149) [?:1.8.0_232]
	at java.util.concurrent.ThreadPoolExecutor$Worker.run(ThreadPoolExecutor.java:624) [?:1.8.0_232]
	at java.lang.Thread.run(Thread.java:748) [?:1.8.0_232]
2020-08-16 01:33:11,421 [grpc-default-executor-2] ERROR storage.BlockOutputStream (BlockOutputStream.java:lambda$writeChunkToContainer$3(643)) - writing chunk failed 104696485583323140_chunk_1 blockID conID: 2 locID: 104696485583323140 bcsId: 0 with exception org.apache.ratis.protocol.StateMachineException: org.apache.hadoop.hdds.scm.container.common.helpers.ContainerNotOpenException from Server beaeafa8-2e09-4551-bc75-8fc35f38ec6f@group-564D981D9636: Container 2 in CLOSED state
2020-08-16 01:33:11,432 [grpc-default-executor-2] ERROR storage.BlockOutputStream (BlockOutputStream.java:lambda$writeChunkToContainer$3(643)) - writing chunk failed 104696485583323140_chunk_2 blockID conID: 2 locID: 104696485583323140 bcsId: 0 with exception org.apache.ratis.protocol.StateMachineException: org.apache.hadoop.hdds.scm.container.common.helpers.ContainerNotOpenException from Server beaeafa8-2e09-4551-bc75-8fc35f38ec6f@group-564D981D9636: Container 2 in CLOSED state
01:33:11.431 [grpc-default-executor-1] ERROR DNAudit - user=null | ip=null | op=PUT_BLOCK {blockData=[blockId=conID: 2 locID: 104696485583323140 bcsId: 0,size=200]} | ret=FAILURE
org.apache.hadoop.hdds.scm.container.common.helpers.ContainerNotOpenException: Container 2 in CLOSED state
	at org.apache.hadoop.ozone.container.common.impl.HddsDispatcher.validateContainerCommand(HddsDispatcher.java:479) ~[hadoop-hdds-container-service-0.6.0-SNAPSHOT.jar:?]
	at org.apache.hadoop.ozone.container.common.transport.server.ratis.ContainerStateMachine.startTransaction(ContainerStateMachine.java:319) ~[hadoop-hdds-container-service-0.6.0-SNAPSHOT.jar:?]
	at org.apache.ratis.server.impl.RaftServerImpl.submitClientRequestAsync(RaftServerImpl.java:634) ~[ratis-server-1.0.0.jar:1.0.0]
	at org.apache.ratis.server.impl.RaftServerProxy.lambda$submitClientRequestAsync$7(RaftServerProxy.java:338) ~[ratis-server-1.0.0.jar:1.0.0]
	at org.apache.ratis.server.impl.RaftServerProxy.lambda$null$5(RaftServerProxy.java:333) ~[ratis-server-1.0.0.jar:1.0.0]
	at org.apache.ratis.util.JavaUtils.callAsUnchecked(JavaUtils.java:109) ~[ratis-common-1.0.0.jar:1.0.0]
	at org.apache.ratis.server.impl.RaftServerProxy.lambda$submitRequest$6(RaftServerProxy.java:333) ~[ratis-server-1.0.0.jar:1.0.0]
	at java.util.concurrent.CompletableFuture.uniComposeStage(CompletableFuture.java:995) ~[?:1.8.0_232]
	at java.util.concurrent.CompletableFuture.thenCompose(CompletableFuture.java:2137) ~[?:1.8.0_232]
	at org.apache.ratis.server.impl.RaftServerProxy.submitRequest(RaftServerProxy.java:332) ~[ratis-server-1.0.0.jar:1.0.0]
	at org.apache.ratis.server.impl.RaftServerProxy.submitClientRequestAsync(RaftServerProxy.java:338) ~[ratis-server-1.0.0.jar:1.0.0]
	at org.apache.ratis.grpc.client.GrpcClientProtocolService$RequestStreamObserver.processClientRequest(GrpcClientProtocolService.java:225) ~[ratis-grpc-1.0.0.jar:1.0.0]
	at org.apache.ratis.grpc.client.GrpcClientProtocolService$OrderedRequestStreamObserver.processClientRequest(GrpcClientProtocolService.java:331) ~[ratis-grpc-1.0.0.jar:1.0.0]
	at org.apache.ratis.util.SlidingWindow$Server.processRequestsFromHead(SlidingWindow.java:429) [ratis-common-1.0.0.jar:1.0.0]
	at org.apache.ratis.util.SlidingWindow$Server.receivedRequest(SlidingWindow.java:421) [ratis-common-1.0.0.jar:1.0.0]
	at org.apache.ratis.grpc.client.GrpcClientProtocolService$OrderedRequestStreamObserver.processClientRequest(GrpcClientProtocolService.java:355) [ratis-grpc-1.0.0.jar:1.0.0]
	at org.apache.ratis.grpc.client.GrpcClientProtocolService$RequestStreamObserver.onNext(GrpcClientProtocolService.java:245) [ratis-grpc-1.0.0.jar:1.0.0]
	at org.apache.ratis.grpc.client.GrpcClientProtocolService$RequestStreamObserver.onNext(GrpcClientProtocolService.java:168) [ratis-grpc-1.0.0.jar:1.0.0]
	at org.apache.ratis.thirdparty.io.grpc.stub.ServerCalls$StreamingServerCallHandler$StreamingServerCallListener.onMessage(ServerCalls.java:251) [ratis-thirdparty-misc-0.5.0.jar:0.5.0]
	at org.apache.ratis.thirdparty.io.grpc.internal.ServerCallImpl$ServerStreamListenerImpl.messagesAvailableInternal(ServerCallImpl.java:309) [ratis-thirdparty-misc-0.5.0.jar:0.5.0]
	at org.apache.ratis.thirdparty.io.grpc.internal.ServerCallImpl$ServerStreamListenerImpl.messagesAvailable(ServerCallImpl.java:292) [ratis-thirdparty-misc-0.5.0.jar:0.5.0]
	at org.apache.ratis.thirdparty.io.grpc.internal.ServerImpl$JumpToApplicationThreadServerStreamListener$1MessagesAvailable.runInContext(ServerImpl.java:783) [ratis-thirdparty-misc-0.5.0.jar:0.5.0]
	at org.apache.ratis.thirdparty.io.grpc.internal.ContextRunnable.run(ContextRunnable.java:37) [ratis-thirdparty-misc-0.5.0.jar:0.5.0]
	at org.apache.ratis.thirdparty.io.grpc.internal.SerializingExecutor.run(SerializingExecutor.java:123) [ratis-thirdparty-misc-0.5.0.jar:0.5.0]
	at java.util.concurrent.ThreadPoolExecutor.runWorker(ThreadPoolExecutor.java:1149) [?:1.8.0_232]
	at java.util.concurrent.ThreadPoolExecutor$Worker.run(ThreadPoolExecutor.java:624) [?:1.8.0_232]
	at java.lang.Thread.run(Thread.java:748) [?:1.8.0_232]
01:33:11.447 [grpc-default-executor-1] ERROR DNAudit - user=null | ip=null | op=WRITE_CHUNK {blockData=conID: 2 locID: 104696485583323140 bcsId: 0} | ret=FAILURE
org.apache.hadoop.hdds.scm.container.common.helpers.ContainerNotOpenException: Container 2 in CLOSED state
	at org.apache.hadoop.ozone.container.common.impl.HddsDispatcher.validateContainerCommand(HddsDispatcher.java:479) ~[hadoop-hdds-container-service-0.6.0-SNAPSHOT.jar:?]
	at org.apache.hadoop.ozone.container.common.transport.server.ratis.ContainerStateMachine.startTransaction(ContainerStateMachine.java:319) ~[hadoop-hdds-container-service-0.6.0-SNAPSHOT.jar:?]
	at org.apache.ratis.server.impl.RaftServerImpl.submitClientRequestAsync(RaftServerImpl.java:634) ~[ratis-server-1.0.0.jar:1.0.0]
	at org.apache.ratis.server.impl.RaftServerProxy.lambda$submitClientRequestAsync$7(RaftServerProxy.java:338) ~[ratis-server-1.0.0.jar:1.0.0]
	at org.apache.ratis.server.impl.RaftServerProxy.lambda$null$5(RaftServerProxy.java:333) ~[ratis-server-1.0.0.jar:1.0.0]
	at org.apache.ratis.util.JavaUtils.callAsUnchecked(JavaUtils.java:109) ~[ratis-common-1.0.0.jar:1.0.0]
	at org.apache.ratis.server.impl.RaftServerProxy.lambda$submitRequest$6(RaftServerProxy.java:333) ~[ratis-server-1.0.0.jar:1.0.0]
	at java.util.concurrent.CompletableFuture.uniComposeStage(CompletableFuture.java:995) ~[?:1.8.0_232]
	at java.util.concurrent.CompletableFuture.thenCompose(CompletableFuture.java:2137) ~[?:1.8.0_232]
	at org.apache.ratis.server.impl.RaftServerProxy.submitRequest(RaftServerProxy.java:332) ~[ratis-server-1.0.0.jar:1.0.0]
	at org.apache.ratis.server.impl.RaftServerProxy.submitClientRequestAsync(RaftServerProxy.java:338) ~[ratis-server-1.0.0.jar:1.0.0]
	at org.apache.ratis.grpc.client.GrpcClientProtocolService$RequestStreamObserver.processClientRequest(GrpcClientProtocolService.java:225) ~[ratis-grpc-1.0.0.jar:1.0.0]
	at org.apache.ratis.grpc.client.GrpcClientProtocolService$OrderedRequestStreamObserver.processClientRequest(GrpcClientProtocolService.java:331) ~[ratis-grpc-1.0.0.jar:1.0.0]
	at org.apache.ratis.util.SlidingWindow$Server.processRequestsFromHead(SlidingWindow.java:429) [ratis-common-1.0.0.jar:1.0.0]
	at org.apache.ratis.util.SlidingWindow$Server.receivedRequest(SlidingWindow.java:421) [ratis-common-1.0.0.jar:1.0.0]
	at org.apache.ratis.grpc.client.GrpcClientProtocolService$OrderedRequestStreamObserver.processClientRequest(GrpcClientProtocolService.java:355) [ratis-grpc-1.0.0.jar:1.0.0]
	at org.apache.ratis.grpc.client.GrpcClientProtocolService$RequestStreamObserver.onNext(GrpcClientProtocolService.java:245) [ratis-grpc-1.0.0.jar:1.0.0]
	at org.apache.ratis.grpc.client.GrpcClientProtocolService$RequestStreamObserver.onNext(GrpcClientProtocolService.java:168) [ratis-grpc-1.0.0.jar:1.0.0]
	at org.apache.ratis.thirdparty.io.grpc.stub.ServerCalls$StreamingServerCallHandler$StreamingServerCallListener.onMessage(ServerCalls.java:251) [ratis-thirdparty-misc-0.5.0.jar:0.5.0]
	at org.apache.ratis.thirdparty.io.grpc.internal.ServerCallImpl$ServerStreamListenerImpl.messagesAvailableInternal(ServerCallImpl.java:309) [ratis-thirdparty-misc-0.5.0.jar:0.5.0]
	at org.apache.ratis.thirdparty.io.grpc.internal.ServerCallImpl$ServerStreamListenerImpl.messagesAvailable(ServerCallImpl.java:292) [ratis-thirdparty-misc-0.5.0.jar:0.5.0]
	at org.apache.ratis.thirdparty.io.grpc.internal.ServerImpl$JumpToApplicationThreadServerStreamListener$1MessagesAvailable.runInContext(ServerImpl.java:783) [ratis-thirdparty-misc-0.5.0.jar:0.5.0]
	at org.apache.ratis.thirdparty.io.grpc.internal.ContextRunnable.run(ContextRunnable.java:37) [ratis-thirdparty-misc-0.5.0.jar:0.5.0]
	at org.apache.ratis.thirdparty.io.grpc.internal.SerializingExecutor.run(SerializingExecutor.java:123) [ratis-thirdparty-misc-0.5.0.jar:0.5.0]
	at java.util.concurrent.ThreadPoolExecutor.runWorker(ThreadPoolExecutor.java:1149) [?:1.8.0_232]
	at java.util.concurrent.ThreadPoolExecutor$Worker.run(ThreadPoolExecutor.java:624) [?:1.8.0_232]
	at java.lang.Thread.run(Thread.java:748) [?:1.8.0_232]
01:33:11.450 [grpc-default-executor-1] ERROR DNAudit - user=null | ip=null | op=WRITE_CHUNK {blockData=conID: 2 locID: 104696485583323140 bcsId: 0} | ret=FAILURE
org.apache.hadoop.hdds.scm.container.common.helpers.ContainerNotOpenException: Container 2 in CLOSED state
	at org.apache.hadoop.ozone.container.common.impl.HddsDispatcher.validateContainerCommand(HddsDispatcher.java:479) ~[hadoop-hdds-container-service-0.6.0-SNAPSHOT.jar:?]
	at org.apache.hadoop.ozone.container.common.transport.server.ratis.ContainerStateMachine.startTransaction(ContainerStateMachine.java:319) ~[hadoop-hdds-container-service-0.6.0-SNAPSHOT.jar:?]
	at org.apache.ratis.server.impl.RaftServerImpl.submitClientRequestAsync(RaftServerImpl.java:634) ~[ratis-server-1.0.0.jar:1.0.0]
	at org.apache.ratis.server.impl.RaftServerProxy.lambda$submitClientRequestAsync$7(RaftServerProxy.java:338) ~[ratis-server-1.0.0.jar:1.0.0]
	at org.apache.ratis.server.impl.RaftServerProxy.lambda$null$5(RaftServerProxy.java:333) ~[ratis-server-1.0.0.jar:1.0.0]
	at org.apache.ratis.util.JavaUtils.callAsUnchecked(JavaUtils.java:109) ~[ratis-common-1.0.0.jar:1.0.0]
	at org.apache.ratis.server.impl.RaftServerProxy.lambda$submitRequest$6(RaftServerProxy.java:333) ~[ratis-server-1.0.0.jar:1.0.0]
	at java.util.concurrent.CompletableFuture.uniComposeStage(CompletableFuture.java:995) ~[?:1.8.0_232]
	at java.util.concurrent.CompletableFuture.thenCompose(CompletableFuture.java:2137) ~[?:1.8.0_232]
	at org.apache.ratis.server.impl.RaftServerProxy.submitRequest(RaftServerProxy.java:332) ~[ratis-server-1.0.0.jar:1.0.0]
	at org.apache.ratis.server.impl.RaftServerProxy.submitClientRequestAsync(RaftServerProxy.java:338) ~[ratis-server-1.0.0.jar:1.0.0]
	at org.apache.ratis.grpc.client.GrpcClientProtocolService$RequestStreamObserver.processClientRequest(GrpcClientProtocolService.java:225) ~[ratis-grpc-1.0.0.jar:1.0.0]
	at org.apache.ratis.grpc.client.GrpcClientProtocolService$OrderedRequestStreamObserver.processClientRequest(GrpcClientProtocolService.java:331) ~[ratis-grpc-1.0.0.jar:1.0.0]
	at org.apache.ratis.util.SlidingWindow$Server.processRequestsFromHead(SlidingWindow.java:429) [ratis-common-1.0.0.jar:1.0.0]
	at org.apache.ratis.util.SlidingWindow$Server.receivedRequest(SlidingWindow.java:421) [ratis-common-1.0.0.jar:1.0.0]
	at org.apache.ratis.grpc.client.GrpcClientProtocolService$OrderedRequestStreamObserver.processClientRequest(GrpcClientProtocolService.java:355) [ratis-grpc-1.0.0.jar:1.0.0]
	at org.apache.ratis.grpc.client.GrpcClientProtocolService$RequestStreamObserver.onNext(GrpcClientProtocolService.java:245) [ratis-grpc-1.0.0.jar:1.0.0]
	at org.apache.ratis.grpc.client.GrpcClientProtocolService$RequestStreamObserver.onNext(GrpcClientProtocolService.java:168) [ratis-grpc-1.0.0.jar:1.0.0]
	at org.apache.ratis.thirdparty.io.grpc.stub.ServerCalls$StreamingServerCallHandler$StreamingServerCallListener.onMessage(ServerCalls.java:251) [ratis-thirdparty-misc-0.5.0.jar:0.5.0]
	at org.apache.ratis.thirdparty.io.grpc.internal.ServerCallImpl$ServerStreamListenerImpl.messagesAvailableInternal(ServerCallImpl.java:309) [ratis-thirdparty-misc-0.5.0.jar:0.5.0]
	at org.apache.ratis.thirdparty.io.grpc.internal.ServerCallImpl$ServerStreamListenerImpl.messagesAvailable(ServerCallImpl.java:292) [ratis-thirdparty-misc-0.5.0.jar:0.5.0]
	at org.apache.ratis.thirdparty.io.grpc.internal.ServerImpl$JumpToApplicationThreadServerStreamListener$1MessagesAvailable.runInContext(ServerImpl.java:783) [ratis-thirdparty-misc-0.5.0.jar:0.5.0]
	at org.apache.ratis.thirdparty.io.grpc.internal.ContextRunnable.run(ContextRunnable.java:37) [ratis-thirdparty-misc-0.5.0.jar:0.5.0]
	at org.apache.ratis.thirdparty.io.grpc.internal.SerializingExecutor.run(SerializingExecutor.java:123) [ratis-thirdparty-misc-0.5.0.jar:0.5.0]
	at java.util.concurrent.ThreadPoolExecutor.runWorker(ThreadPoolExecutor.java:1149) [?:1.8.0_232]
	at java.util.concurrent.ThreadPoolExecutor$Worker.run(ThreadPoolExecutor.java:624) [?:1.8.0_232]
	at java.lang.Thread.run(Thread.java:748) [?:1.8.0_232]
01:33:11.451 [grpc-default-executor-1] ERROR DNAudit - user=null | ip=null | op=PUT_BLOCK {blockData=[blockId=conID: 2 locID: 104696485583323140 bcsId: 0,size=400]} | ret=FAILURE
org.apache.hadoop.hdds.scm.container.common.helpers.ContainerNotOpenException: Container 2 in CLOSED state
	at org.apache.hadoop.ozone.container.common.impl.HddsDispatcher.validateContainerCommand(HddsDispatcher.java:479) ~[hadoop-hdds-container-service-0.6.0-SNAPSHOT.jar:?]
	at org.apache.hadoop.ozone.container.common.transport.server.ratis.ContainerStateMachine.startTransaction(ContainerStateMachine.java:319) ~[hadoop-hdds-container-service-0.6.0-SNAPSHOT.jar:?]
	at org.apache.ratis.server.impl.RaftServerImpl.submitClientRequestAsync(RaftServerImpl.java:634) ~[ratis-server-1.0.0.jar:1.0.0]
	at org.apache.ratis.server.impl.RaftServerProxy.lambda$submitClientRequestAsync$7(RaftServerProxy.java:338) ~[ratis-server-1.0.0.jar:1.0.0]
	at org.apache.ratis.server.impl.RaftServerProxy.lambda$null$5(RaftServerProxy.java:333) ~[ratis-server-1.0.0.jar:1.0.0]
	at org.apache.ratis.util.JavaUtils.callAsUnchecked(JavaUtils.java:109) ~[ratis-common-1.0.0.jar:1.0.0]
	at org.apache.ratis.server.impl.RaftServerProxy.lambda$submitRequest$6(RaftServerProxy.java:333) ~[ratis-server-1.0.0.jar:1.0.0]
	at java.util.concurrent.CompletableFuture.uniComposeStage(CompletableFuture.java:995) ~[?:1.8.0_232]
	at java.util.concurrent.CompletableFuture.thenCompose(CompletableFuture.java:2137) ~[?:1.8.0_232]
	at org.apache.ratis.server.impl.RaftServerProxy.submitRequest(RaftServerProxy.java:332) ~[ratis-server-1.0.0.jar:1.0.0]
	at org.apache.ratis.server.impl.RaftServerProxy.submitClientRequestAsync(RaftServerProxy.java:338) ~[ratis-server-1.0.0.jar:1.0.0]
	at org.apache.ratis.grpc.client.GrpcClientProtocolService$RequestStreamObserver.processClientRequest(GrpcClientProtocolService.java:225) ~[ratis-grpc-1.0.0.jar:1.0.0]
	at org.apache.ratis.grpc.client.GrpcClientProtocolService$OrderedRequestStreamObserver.processClientRequest(GrpcClientProtocolService.java:331) ~[ratis-grpc-1.0.0.jar:1.0.0]
	at org.apache.ratis.util.SlidingWindow$Server.processRequestsFromHead(SlidingWindow.java:429) [ratis-common-1.0.0.jar:1.0.0]
	at org.apache.ratis.util.SlidingWindow$Server.receivedRequest(SlidingWindow.java:421) [ratis-common-1.0.0.jar:1.0.0]
	at org.apache.ratis.grpc.client.GrpcClientProtocolService$OrderedRequestStreamObserver.processClientRequest(GrpcClientProtocolService.java:355) [ratis-grpc-1.0.0.jar:1.0.0]
	at org.apache.ratis.grpc.client.GrpcClientProtocolService$RequestStreamObserver.onNext(GrpcClientProtocolService.java:245) [ratis-grpc-1.0.0.jar:1.0.0]
	at org.apache.ratis.grpc.client.GrpcClientProtocolService$RequestStreamObserver.onNext(GrpcClientProtocolService.java:168) [ratis-grpc-1.0.0.jar:1.0.0]
	at org.apache.ratis.thirdparty.io.grpc.stub.ServerCalls$StreamingServerCallHandler$StreamingServerCallListener.onMessage(ServerCalls.java:251) [ratis-thirdparty-misc-0.5.0.jar:0.5.0]
	at org.apache.ratis.thirdparty.io.grpc.internal.ServerCallImpl$ServerStreamListenerImpl.messagesAvailableInternal(ServerCallImpl.java:309) [ratis-thirdparty-misc-0.5.0.jar:0.5.0]
	at org.apache.ratis.thirdparty.io.grpc.internal.ServerCallImpl$ServerStreamListenerImpl.messagesAvailable(ServerCallImpl.java:292) [ratis-thirdparty-misc-0.5.0.jar:0.5.0]
	at org.apache.ratis.thirdparty.io.grpc.internal.ServerImpl$JumpToApplicationThreadServerStreamListener$1MessagesAvailable.runInContext(ServerImpl.java:783) [ratis-thirdparty-misc-0.5.0.jar:0.5.0]
	at org.apache.ratis.thirdparty.io.grpc.internal.ContextRunnable.run(ContextRunnable.java:37) [ratis-thirdparty-misc-0.5.0.jar:0.5.0]
	at org.apache.ratis.thirdparty.io.grpc.internal.SerializingExecutor.run(SerializingExecutor.java:123) [ratis-thirdparty-misc-0.5.0.jar:0.5.0]
	at java.util.concurrent.ThreadPoolExecutor.runWorker(ThreadPoolExecutor.java:1149) [?:1.8.0_232]
	at java.util.concurrent.ThreadPoolExecutor$Worker.run(ThreadPoolExecutor.java:624) [?:1.8.0_232]
	at java.lang.Thread.run(Thread.java:748) [?:1.8.0_232]
2020-08-16 01:33:11,463 [grpc-default-executor-1] ERROR storage.BlockOutputStream (BlockOutputStream.java:lambda$writeChunkToContainer$3(643)) - writing chunk failed 104696485583323140_chunk_3 blockID conID: 2 locID: 104696485583323140 bcsId: 0 with exception org.apache.ratis.protocol.StateMachineException: org.apache.hadoop.hdds.scm.container.common.helpers.ContainerNotOpenException from Server beaeafa8-2e09-4551-bc75-8fc35f38ec6f@group-564D981D9636: Container 2 in CLOSED state
2020-08-16 01:33:11,466 [grpc-default-executor-1] ERROR storage.BlockOutputStream (BlockOutputStream.java:lambda$writeChunkToContainer$3(643)) - writing chunk failed 104696485583323140_chunk_4 blockID conID: 2 locID: 104696485583323140 bcsId: 0 with exception org.apache.ratis.protocol.StateMachineException: org.apache.hadoop.hdds.scm.container.common.helpers.ContainerNotOpenException from Server beaeafa8-2e09-4551-bc75-8fc35f38ec6f@group-564D981D9636: Container 2 in CLOSED state
01:33:11.490 [grpc-default-executor-1] ERROR DNAudit - user=null | ip=null | op=WRITE_CHUNK {blockData=conID: 3 locID: 104696485583323141 bcsId: 0} | ret=FAILURE
org.apache.hadoop.hdds.scm.container.common.helpers.ContainerNotOpenException: Container 3 in CLOSED state
	at org.apache.hadoop.ozone.container.common.impl.HddsDispatcher.validateContainerCommand(HddsDispatcher.java:479) ~[hadoop-hdds-container-service-0.6.0-SNAPSHOT.jar:?]
	at org.apache.hadoop.ozone.container.common.transport.server.ratis.ContainerStateMachine.startTransaction(ContainerStateMachine.java:319) ~[hadoop-hdds-container-service-0.6.0-SNAPSHOT.jar:?]
	at org.apache.ratis.server.impl.RaftServerImpl.submitClientRequestAsync(RaftServerImpl.java:634) ~[ratis-server-1.0.0.jar:1.0.0]
	at org.apache.ratis.server.impl.RaftServerProxy.lambda$submitClientRequestAsync$7(RaftServerProxy.java:338) ~[ratis-server-1.0.0.jar:1.0.0]
	at org.apache.ratis.server.impl.RaftServerProxy.lambda$null$5(RaftServerProxy.java:333) ~[ratis-server-1.0.0.jar:1.0.0]
	at org.apache.ratis.util.JavaUtils.callAsUnchecked(JavaUtils.java:109) ~[ratis-common-1.0.0.jar:1.0.0]
	at org.apache.ratis.server.impl.RaftServerProxy.lambda$submitRequest$6(RaftServerProxy.java:333) ~[ratis-server-1.0.0.jar:1.0.0]
	at java.util.concurrent.CompletableFuture.uniComposeStage(CompletableFuture.java:995) ~[?:1.8.0_232]
	at java.util.concurrent.CompletableFuture.thenCompose(CompletableFuture.java:2137) ~[?:1.8.0_232]
	at org.apache.ratis.server.impl.RaftServerProxy.submitRequest(RaftServerProxy.java:332) ~[ratis-server-1.0.0.jar:1.0.0]
	at org.apache.ratis.server.impl.RaftServerProxy.submitClientRequestAsync(RaftServerProxy.java:338) ~[ratis-server-1.0.0.jar:1.0.0]
	at org.apache.ratis.grpc.client.GrpcClientProtocolService$RequestStreamObserver.processClientRequest(GrpcClientProtocolService.java:225) ~[ratis-grpc-1.0.0.jar:1.0.0]
	at org.apache.ratis.grpc.client.GrpcClientProtocolService$OrderedRequestStreamObserver.processClientRequest(GrpcClientProtocolService.java:331) ~[ratis-grpc-1.0.0.jar:1.0.0]
	at org.apache.ratis.util.SlidingWindow$Server.processRequestsFromHead(SlidingWindow.java:429) [ratis-common-1.0.0.jar:1.0.0]
	at org.apache.ratis.util.SlidingWindow$Server.receivedRequest(SlidingWindow.java:421) [ratis-common-1.0.0.jar:1.0.0]
	at org.apache.ratis.grpc.client.GrpcClientProtocolService$OrderedRequestStreamObserver.processClientRequest(GrpcClientProtocolService.java:355) [ratis-grpc-1.0.0.jar:1.0.0]
	at org.apache.ratis.grpc.client.GrpcClientProtocolService$RequestStreamObserver.onNext(GrpcClientProtocolService.java:245) [ratis-grpc-1.0.0.jar:1.0.0]
	at org.apache.ratis.grpc.client.GrpcClientProtocolService$RequestStreamObserver.onNext(GrpcClientProtocolService.java:168) [ratis-grpc-1.0.0.jar:1.0.0]
	at org.apache.ratis.thirdparty.io.grpc.stub.ServerCalls$StreamingServerCallHandler$StreamingServerCallListener.onMessage(ServerCalls.java:251) [ratis-thirdparty-misc-0.5.0.jar:0.5.0]
	at org.apache.ratis.thirdparty.io.grpc.internal.ServerCallImpl$ServerStreamListenerImpl.messagesAvailableInternal(ServerCallImpl.java:309) [ratis-thirdparty-misc-0.5.0.jar:0.5.0]
	at org.apache.ratis.thirdparty.io.grpc.internal.ServerCallImpl$ServerStreamListenerImpl.messagesAvailable(ServerCallImpl.java:292) [ratis-thirdparty-misc-0.5.0.jar:0.5.0]
	at org.apache.ratis.thirdparty.io.grpc.internal.ServerImpl$JumpToApplicationThreadServerStreamListener$1MessagesAvailable.runInContext(ServerImpl.java:783) [ratis-thirdparty-misc-0.5.0.jar:0.5.0]
	at org.apache.ratis.thirdparty.io.grpc.internal.ContextRunnable.run(ContextRunnable.java:37) [ratis-thirdparty-misc-0.5.0.jar:0.5.0]
	at org.apache.ratis.thirdparty.io.grpc.internal.SerializingExecutor.run(SerializingExecutor.java:123) [ratis-thirdparty-misc-0.5.0.jar:0.5.0]
	at java.util.concurrent.ThreadPoolExecutor.runWorker(ThreadPoolExecutor.java:1149) [?:1.8.0_232]
	at java.util.concurrent.ThreadPoolExecutor$Worker.run(ThreadPoolExecutor.java:624) [?:1.8.0_232]
	at java.lang.Thread.run(Thread.java:748) [?:1.8.0_232]
01:33:11.496 [grpc-default-executor-1] ERROR DNAudit - user=null | ip=null | op=WRITE_CHUNK {blockData=conID: 3 locID: 104696485583323141 bcsId: 0} | ret=FAILURE
org.apache.hadoop.hdds.scm.container.common.helpers.ContainerNotOpenException: Container 3 in CLOSED state
	at org.apache.hadoop.ozone.container.common.impl.HddsDispatcher.validateContainerCommand(HddsDispatcher.java:479) ~[hadoop-hdds-container-service-0.6.0-SNAPSHOT.jar:?]
	at org.apache.hadoop.ozone.container.common.transport.server.ratis.ContainerStateMachine.startTransaction(ContainerStateMachine.java:319) ~[hadoop-hdds-container-service-0.6.0-SNAPSHOT.jar:?]
	at org.apache.ratis.server.impl.RaftServerImpl.submitClientRequestAsync(RaftServerImpl.java:634) ~[ratis-server-1.0.0.jar:1.0.0]
	at org.apache.ratis.server.impl.RaftServerProxy.lambda$submitClientRequestAsync$7(RaftServerProxy.java:338) ~[ratis-server-1.0.0.jar:1.0.0]
	at org.apache.ratis.server.impl.RaftServerProxy.lambda$null$5(RaftServerProxy.java:333) ~[ratis-server-1.0.0.jar:1.0.0]
	at org.apache.ratis.util.JavaUtils.callAsUnchecked(JavaUtils.java:109) ~[ratis-common-1.0.0.jar:1.0.0]
	at org.apache.ratis.server.impl.RaftServerProxy.lambda$submitRequest$6(RaftServerProxy.java:333) ~[ratis-server-1.0.0.jar:1.0.0]
	at java.util.concurrent.CompletableFuture.uniComposeStage(CompletableFuture.java:995) ~[?:1.8.0_232]
	at java.util.concurrent.CompletableFuture.thenCompose(CompletableFuture.java:2137) ~[?:1.8.0_232]
	at org.apache.ratis.server.impl.RaftServerProxy.submitRequest(RaftServerProxy.java:332) ~[ratis-server-1.0.0.jar:1.0.0]
	at org.apache.ratis.server.impl.RaftServerProxy.submitClientRequestAsync(RaftServerProxy.java:338) ~[ratis-server-1.0.0.jar:1.0.0]
	at org.apache.ratis.grpc.client.GrpcClientProtocolService$RequestStreamObserver.processClientRequest(GrpcClientProtocolService.java:225) ~[ratis-grpc-1.0.0.jar:1.0.0]
	at org.apache.ratis.grpc.client.GrpcClientProtocolService$OrderedRequestStreamObserver.processClientRequest(GrpcClientProtocolService.java:331) ~[ratis-grpc-1.0.0.jar:1.0.0]
	at org.apache.ratis.util.SlidingWindow$Server.processRequestsFromHead(SlidingWindow.java:429) [ratis-common-1.0.0.jar:1.0.0]
	at org.apache.ratis.util.SlidingWindow$Server.receivedRequest(SlidingWindow.java:421) [ratis-common-1.0.0.jar:1.0.0]
	at org.apache.ratis.grpc.client.GrpcClientProtocolService$OrderedRequestStreamObserver.processClientRequest(GrpcClientProtocolService.java:355) [ratis-grpc-1.0.0.jar:1.0.0]
	at org.apache.ratis.grpc.client.GrpcClientProtocolService$RequestStreamObserver.onNext(GrpcClientProtocolService.java:245) [ratis-grpc-1.0.0.jar:1.0.0]
	at org.apache.ratis.grpc.client.GrpcClientProtocolService$RequestStreamObserver.onNext(GrpcClientProtocolService.java:168) [ratis-grpc-1.0.0.jar:1.0.0]
	at org.apache.ratis.thirdparty.io.grpc.stub.ServerCalls$StreamingServerCallHandler$StreamingServerCallListener.onMessage(ServerCalls.java:251) [ratis-thirdparty-misc-0.5.0.jar:0.5.0]
	at org.apache.ratis.thirdparty.io.grpc.internal.ServerCallImpl$ServerStreamListenerImpl.messagesAvailableInternal(ServerCallImpl.java:309) [ratis-thirdparty-misc-0.5.0.jar:0.5.0]
	at org.apache.ratis.thirdparty.io.grpc.internal.ServerCallImpl$ServerStreamListenerImpl.messagesAvailable(ServerCallImpl.java:292) [ratis-thirdparty-misc-0.5.0.jar:0.5.0]
	at org.apache.ratis.thirdparty.io.grpc.internal.ServerImpl$JumpToApplicationThreadServerStreamListener$1MessagesAvailable.runInContext(ServerImpl.java:783) [ratis-thirdparty-misc-0.5.0.jar:0.5.0]
	at org.apache.ratis.thirdparty.io.grpc.internal.ContextRunnable.run(ContextRunnable.java:37) [ratis-thirdparty-misc-0.5.0.jar:0.5.0]
	at org.apache.ratis.thirdparty.io.grpc.internal.SerializingExecutor.run(SerializingExecutor.java:123) [ratis-thirdparty-misc-0.5.0.jar:0.5.0]
	at java.util.concurrent.ThreadPoolExecutor.runWorker(ThreadPoolExecutor.java:1149) [?:1.8.0_232]
	at java.util.concurrent.ThreadPoolExecutor$Worker.run(ThreadPoolExecutor.java:624) [?:1.8.0_232]
	at java.lang.Thread.run(Thread.java:748) [?:1.8.0_232]
01:33:11.500 [grpc-default-executor-1] ERROR DNAudit - user=null | ip=null | op=PUT_BLOCK {blockData=[blockId=conID: 3 locID: 104696485583323141 bcsId: 0,size=200]} | ret=FAILURE
org.apache.hadoop.hdds.scm.container.common.helpers.ContainerNotOpenException: Container 3 in CLOSED state
	at org.apache.hadoop.ozone.container.common.impl.HddsDispatcher.validateContainerCommand(HddsDispatcher.java:479) ~[hadoop-hdds-container-service-0.6.0-SNAPSHOT.jar:?]
	at org.apache.hadoop.ozone.container.common.transport.server.ratis.ContainerStateMachine.startTransaction(ContainerStateMachine.java:319) ~[hadoop-hdds-container-service-0.6.0-SNAPSHOT.jar:?]
	at org.apache.ratis.server.impl.RaftServerImpl.submitClientRequestAsync(RaftServerImpl.java:634) ~[ratis-server-1.0.0.jar:1.0.0]
	at org.apache.ratis.server.impl.RaftServerProxy.lambda$submitClientRequestAsync$7(RaftServerProxy.java:338) ~[ratis-server-1.0.0.jar:1.0.0]
	at org.apache.ratis.server.impl.RaftServerProxy.lambda$null$5(RaftServerProxy.java:333) ~[ratis-server-1.0.0.jar:1.0.0]
	at org.apache.ratis.util.JavaUtils.callAsUnchecked(JavaUtils.java:109) ~[ratis-common-1.0.0.jar:1.0.0]
	at org.apache.ratis.server.impl.RaftServerProxy.lambda$submitRequest$6(RaftServerProxy.java:333) ~[ratis-server-1.0.0.jar:1.0.0]
	at java.util.concurrent.CompletableFuture.uniComposeStage(CompletableFuture.java:995) ~[?:1.8.0_232]
	at java.util.concurrent.CompletableFuture.thenCompose(CompletableFuture.java:2137) ~[?:1.8.0_232]
	at org.apache.ratis.server.impl.RaftServerProxy.submitRequest(RaftServerProxy.java:332) ~[ratis-server-1.0.0.jar:1.0.0]
	at org.apache.ratis.server.impl.RaftServerProxy.submitClientRequestAsync(RaftServerProxy.java:338) ~[ratis-server-1.0.0.jar:1.0.0]
	at org.apache.ratis.grpc.client.GrpcClientProtocolService$RequestStreamObserver.processClientRequest(GrpcClientProtocolService.java:225) ~[ratis-grpc-1.0.0.jar:1.0.0]
	at org.apache.ratis.grpc.client.GrpcClientProtocolService$OrderedRequestStreamObserver.processClientRequest(GrpcClientProtocolService.java:331) ~[ratis-grpc-1.0.0.jar:1.0.0]
	at org.apache.ratis.util.SlidingWindow$Server.processRequestsFromHead(SlidingWindow.java:429) [ratis-common-1.0.0.jar:1.0.0]
	at org.apache.ratis.util.SlidingWindow$Server.receivedRequest(SlidingWindow.java:421) [ratis-common-1.0.0.jar:1.0.0]
	at org.apache.ratis.grpc.client.GrpcClientProtocolService$OrderedRequestStreamObserver.processClientRequest(GrpcClientProtocolService.java:355) [ratis-grpc-1.0.0.jar:1.0.0]
	at org.apache.ratis.grpc.client.GrpcClientProtocolService$RequestStreamObserver.onNext(GrpcClientProtocolService.java:245) [ratis-grpc-1.0.0.jar:1.0.0]
	at org.apache.ratis.grpc.client.GrpcClientProtocolService$RequestStreamObserver.onNext(GrpcClientProtocolService.java:168) [ratis-grpc-1.0.0.jar:1.0.0]
	at org.apache.ratis.thirdparty.io.grpc.stub.ServerCalls$StreamingServerCallHandler$StreamingServerCallListener.onMessage(ServerCalls.java:251) [ratis-thirdparty-misc-0.5.0.jar:0.5.0]
	at org.apache.ratis.thirdparty.io.grpc.internal.ServerCallImpl$ServerStreamListenerImpl.messagesAvailableInternal(ServerCallImpl.java:309) [ratis-thirdparty-misc-0.5.0.jar:0.5.0]
	at org.apache.ratis.thirdparty.io.grpc.internal.ServerCallImpl$ServerStreamListenerImpl.messagesAvailable(ServerCallImpl.java:292) [ratis-thirdparty-misc-0.5.0.jar:0.5.0]
	at org.apache.ratis.thirdparty.io.grpc.internal.ServerImpl$JumpToApplicationThreadServerStreamListener$1MessagesAvailable.runInContext(ServerImpl.java:783) [ratis-thirdparty-misc-0.5.0.jar:0.5.0]
	at org.apache.ratis.thirdparty.io.grpc.internal.ContextRunnable.run(ContextRunnable.java:37) [ratis-thirdparty-misc-0.5.0.jar:0.5.0]
	at org.apache.ratis.thirdparty.io.grpc.internal.SerializingExecutor.run(SerializingExecutor.java:123) [ratis-thirdparty-misc-0.5.0.jar:0.5.0]
	at java.util.concurrent.ThreadPoolExecutor.runWorker(ThreadPoolExecutor.java:1149) [?:1.8.0_232]
	at java.util.concurrent.ThreadPoolExecutor$Worker.run(ThreadPoolExecutor.java:624) [?:1.8.0_232]
	at java.lang.Thread.run(Thread.java:748) [?:1.8.0_232]
01:33:11.502 [grpc-default-executor-1] ERROR DNAudit - user=null | ip=null | op=WRITE_CHUNK {blockData=conID: 3 locID: 104696485583323141 bcsId: 0} | ret=FAILURE
org.apache.hadoop.hdds.scm.container.common.helpers.ContainerNotOpenException: Container 3 in CLOSED state
	at org.apache.hadoop.ozone.container.common.impl.HddsDispatcher.validateContainerCommand(HddsDispatcher.java:479) ~[hadoop-hdds-container-service-0.6.0-SNAPSHOT.jar:?]
	at org.apache.hadoop.ozone.container.common.transport.server.ratis.ContainerStateMachine.startTransaction(ContainerStateMachine.java:319) ~[hadoop-hdds-container-service-0.6.0-SNAPSHOT.jar:?]
	at org.apache.ratis.server.impl.RaftServerImpl.submitClientRequestAsync(RaftServerImpl.java:634) ~[ratis-server-1.0.0.jar:1.0.0]
	at org.apache.ratis.server.impl.RaftServerProxy.lambda$submitClientRequestAsync$7(RaftServerProxy.java:338) ~[ratis-server-1.0.0.jar:1.0.0]
	at org.apache.ratis.server.impl.RaftServerProxy.lambda$null$5(RaftServerProxy.java:333) ~[ratis-server-1.0.0.jar:1.0.0]
	at org.apache.ratis.util.JavaUtils.callAsUnchecked(JavaUtils.java:109) ~[ratis-common-1.0.0.jar:1.0.0]
	at org.apache.ratis.server.impl.RaftServerProxy.lambda$submitRequest$6(RaftServerProxy.java:333) ~[ratis-server-1.0.0.jar:1.0.0]
	at java.util.concurrent.CompletableFuture.uniComposeStage(CompletableFuture.java:995) ~[?:1.8.0_232]
	at java.util.concurrent.CompletableFuture.thenCompose(CompletableFuture.java:2137) ~[?:1.8.0_232]
	at org.apache.ratis.server.impl.RaftServerProxy.submitRequest(RaftServerProxy.java:332) ~[ratis-server-1.0.0.jar:1.0.0]
	at org.apache.ratis.server.impl.RaftServerProxy.submitClientRequestAsync(RaftServerProxy.java:338) ~[ratis-server-1.0.0.jar:1.0.0]
	at org.apache.ratis.grpc.client.GrpcClientProtocolService$RequestStreamObserver.processClientRequest(GrpcClientProtocolService.java:225) ~[ratis-grpc-1.0.0.jar:1.0.0]
	at org.apache.ratis.grpc.client.GrpcClientProtocolService$OrderedRequestStreamObserver.processClientRequest(GrpcClientProtocolService.java:331) ~[ratis-grpc-1.0.0.jar:1.0.0]
	at org.apache.ratis.util.SlidingWindow$Server.processRequestsFromHead(SlidingWindow.java:429) [ratis-common-1.0.0.jar:1.0.0]
	at org.apache.ratis.util.SlidingWindow$Server.receivedRequest(SlidingWindow.java:421) [ratis-common-1.0.0.jar:1.0.0]
	at org.apache.ratis.grpc.client.GrpcClientProtocolService$OrderedRequestStreamObserver.processClientRequest(GrpcClientProtocolService.java:355) [ratis-grpc-1.0.0.jar:1.0.0]
	at org.apache.ratis.grpc.client.GrpcClientProtocolService$RequestStreamObserver.onNext(GrpcClientProtocolService.java:245) [ratis-grpc-1.0.0.jar:1.0.0]
	at org.apache.ratis.grpc.client.GrpcClientProtocolService$RequestStreamObserver.onNext(GrpcClientProtocolService.java:168) [ratis-grpc-1.0.0.jar:1.0.0]
	at org.apache.ratis.thirdparty.io.grpc.stub.ServerCalls$StreamingServerCallHandler$StreamingServerCallListener.onMessage(ServerCalls.java:251) [ratis-thirdparty-misc-0.5.0.jar:0.5.0]
	at org.apache.ratis.thirdparty.io.grpc.internal.ServerCallImpl$ServerStreamListenerImpl.messagesAvailableInternal(ServerCallImpl.java:309) [ratis-thirdparty-misc-0.5.0.jar:0.5.0]
	at org.apache.ratis.thirdparty.io.grpc.internal.ServerCallImpl$ServerStreamListenerImpl.messagesAvailable(ServerCallImpl.java:292) [ratis-thirdparty-misc-0.5.0.jar:0.5.0]
	at org.apache.ratis.thirdparty.io.grpc.internal.ServerImpl$JumpToApplicationThreadServerStreamListener$1MessagesAvailable.runInContext(ServerImpl.java:783) [ratis-thirdparty-misc-0.5.0.jar:0.5.0]
	at org.apache.ratis.thirdparty.io.grpc.internal.ContextRunnable.run(ContextRunnable.java:37) [ratis-thirdparty-misc-0.5.0.jar:0.5.0]
	at org.apache.ratis.thirdparty.io.grpc.internal.SerializingExecutor.run(SerializingExecutor.java:123) [ratis-thirdparty-misc-0.5.0.jar:0.5.0]
	at java.util.concurrent.ThreadPoolExecutor.runWorker(ThreadPoolExecutor.java:1149) [?:1.8.0_232]
	at java.util.concurrent.ThreadPoolExecutor$Worker.run(ThreadPoolExecutor.java:624) [?:1.8.0_232]
	at java.lang.Thread.run(Thread.java:748) [?:1.8.0_232]
2020-08-16 01:33:11,514 [grpc-default-executor-2] ERROR storage.BlockOutputStream (BlockOutputStream.java:lambda$writeChunkToContainer$3(643)) - writing chunk failed 104696485583323141_chunk_1 blockID conID: 3 locID: 104696485583323141 bcsId: 0 with exception org.apache.ratis.protocol.StateMachineException: org.apache.hadoop.hdds.scm.container.common.helpers.ContainerNotOpenException from Server beaeafa8-2e09-4551-bc75-8fc35f38ec6f@group-564D981D9636: Container 3 in CLOSED state
01:33:11.516 [grpc-default-executor-1] ERROR DNAudit - user=null | ip=null | op=WRITE_CHUNK {blockData=conID: 3 locID: 104696485583323141 bcsId: 0} | ret=FAILURE
org.apache.hadoop.hdds.scm.container.common.helpers.ContainerNotOpenException: Container 3 in CLOSED state
	at org.apache.hadoop.ozone.container.common.impl.HddsDispatcher.validateContainerCommand(HddsDispatcher.java:479) ~[hadoop-hdds-container-service-0.6.0-SNAPSHOT.jar:?]
	at org.apache.hadoop.ozone.container.common.transport.server.ratis.ContainerStateMachine.startTransaction(ContainerStateMachine.java:319) ~[hadoop-hdds-container-service-0.6.0-SNAPSHOT.jar:?]
	at org.apache.ratis.server.impl.RaftServerImpl.submitClientRequestAsync(RaftServerImpl.java:634) ~[ratis-server-1.0.0.jar:1.0.0]
	at org.apache.ratis.server.impl.RaftServerProxy.lambda$submitClientRequestAsync$7(RaftServerProxy.java:338) ~[ratis-server-1.0.0.jar:1.0.0]
	at org.apache.ratis.server.impl.RaftServerProxy.lambda$null$5(RaftServerProxy.java:333) ~[ratis-server-1.0.0.jar:1.0.0]
	at org.apache.ratis.util.JavaUtils.callAsUnchecked(JavaUtils.java:109) ~[ratis-common-1.0.0.jar:1.0.0]
	at org.apache.ratis.server.impl.RaftServerProxy.lambda$submitRequest$6(RaftServerProxy.java:333) ~[ratis-server-1.0.0.jar:1.0.0]
	at java.util.concurrent.CompletableFuture.uniComposeStage(CompletableFuture.java:995) ~[?:1.8.0_232]
	at java.util.concurrent.CompletableFuture.thenCompose(CompletableFuture.java:2137) ~[?:1.8.0_232]
	at org.apache.ratis.server.impl.RaftServerProxy.submitRequest(RaftServerProxy.java:332) ~[ratis-server-1.0.0.jar:1.0.0]
	at org.apache.ratis.server.impl.RaftServerProxy.submitClientRequestAsync(RaftServerProxy.java:338) ~[ratis-server-1.0.0.jar:1.0.0]
	at org.apache.ratis.grpc.client.GrpcClientProtocolService$RequestStreamObserver.processClientRequest(GrpcClientProtocolService.java:225) ~[ratis-grpc-1.0.0.jar:1.0.0]
	at org.apache.ratis.grpc.client.GrpcClientProtocolService$OrderedRequestStreamObserver.processClientRequest(GrpcClientProtocolService.java:331) ~[ratis-grpc-1.0.0.jar:1.0.0]
	at org.apache.ratis.util.SlidingWindow$Server.processRequestsFromHead(SlidingWindow.java:429) [ratis-common-1.0.0.jar:1.0.0]
	at org.apache.ratis.util.SlidingWindow$Server.receivedRequest(SlidingWindow.java:421) [ratis-common-1.0.0.jar:1.0.0]
	at org.apache.ratis.grpc.client.GrpcClientProtocolService$OrderedRequestStreamObserver.processClientRequest(GrpcClientProtocolService.java:355) [ratis-grpc-1.0.0.jar:1.0.0]
	at org.apache.ratis.grpc.client.GrpcClientProtocolService$RequestStreamObserver.onNext(GrpcClientProtocolService.java:245) [ratis-grpc-1.0.0.jar:1.0.0]
	at org.apache.ratis.grpc.client.GrpcClientProtocolService$RequestStreamObserver.onNext(GrpcClientProtocolService.java:168) [ratis-grpc-1.0.0.jar:1.0.0]
	at org.apache.ratis.thirdparty.io.grpc.stub.ServerCalls$StreamingServerCallHandler$StreamingServerCallListener.onMessage(ServerCalls.java:251) [ratis-thirdparty-misc-0.5.0.jar:0.5.0]
	at org.apache.ratis.thirdparty.io.grpc.internal.ServerCallImpl$ServerStreamListenerImpl.messagesAvailableInternal(ServerCallImpl.java:309) [ratis-thirdparty-misc-0.5.0.jar:0.5.0]
	at org.apache.ratis.thirdparty.io.grpc.internal.ServerCallImpl$ServerStreamListenerImpl.messagesAvailable(ServerCallImpl.java:292) [ratis-thirdparty-misc-0.5.0.jar:0.5.0]
	at org.apache.ratis.thirdparty.io.grpc.internal.ServerImpl$JumpToApplicationThreadServerStreamListener$1MessagesAvailable.runInContext(ServerImpl.java:783) [ratis-thirdparty-misc-0.5.0.jar:0.5.0]
	at org.apache.ratis.thirdparty.io.grpc.internal.ContextRunnable.run(ContextRunnable.java:37) [ratis-thirdparty-misc-0.5.0.jar:0.5.0]
	at org.apache.ratis.thirdparty.io.grpc.internal.SerializingExecutor.run(SerializingExecutor.java:123) [ratis-thirdparty-misc-0.5.0.jar:0.5.0]
	at java.util.concurrent.ThreadPoolExecutor.runWorker(ThreadPoolExecutor.java:1149) [?:1.8.0_232]
	at java.util.concurrent.ThreadPoolExecutor$Worker.run(ThreadPoolExecutor.java:624) [?:1.8.0_232]
	at java.lang.Thread.run(Thread.java:748) [?:1.8.0_232]
01:33:11.518 [grpc-default-executor-1] ERROR DNAudit - user=null | ip=null | op=PUT_BLOCK {blockData=[blockId=conID: 3 locID: 104696485583323141 bcsId: 0,size=400]} | ret=FAILURE
org.apache.hadoop.hdds.scm.container.common.helpers.ContainerNotOpenException: Container 3 in CLOSED state
	at org.apache.hadoop.ozone.container.common.impl.HddsDispatcher.validateContainerCommand(HddsDispatcher.java:479) ~[hadoop-hdds-container-service-0.6.0-SNAPSHOT.jar:?]
	at org.apache.hadoop.ozone.container.common.transport.server.ratis.ContainerStateMachine.startTransaction(ContainerStateMachine.java:319) ~[hadoop-hdds-container-service-0.6.0-SNAPSHOT.jar:?]
	at org.apache.ratis.server.impl.RaftServerImpl.submitClientRequestAsync(RaftServerImpl.java:634) ~[ratis-server-1.0.0.jar:1.0.0]
	at org.apache.ratis.server.impl.RaftServerProxy.lambda$submitClientRequestAsync$7(RaftServerProxy.java:338) ~[ratis-server-1.0.0.jar:1.0.0]
	at org.apache.ratis.server.impl.RaftServerProxy.lambda$null$5(RaftServerProxy.java:333) ~[ratis-server-1.0.0.jar:1.0.0]
	at org.apache.ratis.util.JavaUtils.callAsUnchecked(JavaUtils.java:109) ~[ratis-common-1.0.0.jar:1.0.0]
	at org.apache.ratis.server.impl.RaftServerProxy.lambda$submitRequest$6(RaftServerProxy.java:333) ~[ratis-server-1.0.0.jar:1.0.0]
	at java.util.concurrent.CompletableFuture.uniComposeStage(CompletableFuture.java:995) ~[?:1.8.0_232]
	at java.util.concurrent.CompletableFuture.thenCompose(CompletableFuture.java:2137) ~[?:1.8.0_232]
	at org.apache.ratis.server.impl.RaftServerProxy.submitRequest(RaftServerProxy.java:332) ~[ratis-server-1.0.0.jar:1.0.0]
	at org.apache.ratis.server.impl.RaftServerProxy.submitClientRequestAsync(RaftServerProxy.java:338) ~[ratis-server-1.0.0.jar:1.0.0]
	at org.apache.ratis.grpc.client.GrpcClientProtocolService$RequestStreamObserver.processClientRequest(GrpcClientProtocolService.java:225) ~[ratis-grpc-1.0.0.jar:1.0.0]
	at org.apache.ratis.grpc.client.GrpcClientProtocolService$OrderedRequestStreamObserver.processClientRequest(GrpcClientProtocolService.java:331) ~[ratis-grpc-1.0.0.jar:1.0.0]
	at org.apache.ratis.util.SlidingWindow$Server.processRequestsFromHead(SlidingWindow.java:429) [ratis-common-1.0.0.jar:1.0.0]
	at org.apache.ratis.util.SlidingWindow$Server.receivedRequest(SlidingWindow.java:421) [ratis-common-1.0.0.jar:1.0.0]
	at org.apache.ratis.grpc.client.GrpcClientProtocolService$OrderedRequestStreamObserver.processClientRequest(GrpcClientProtocolService.java:355) [ratis-grpc-1.0.0.jar:1.0.0]
	at org.apache.ratis.grpc.client.GrpcClientProtocolService$RequestStreamObserver.onNext(GrpcClientProtocolService.java:245) [ratis-grpc-1.0.0.jar:1.0.0]
	at org.apache.ratis.grpc.client.GrpcClientProtocolService$RequestStreamObserver.onNext(GrpcClientProtocolService.java:168) [ratis-grpc-1.0.0.jar:1.0.0]
	at org.apache.ratis.thirdparty.io.grpc.stub.ServerCalls$StreamingServerCallHandler$StreamingServerCallListener.onMessage(ServerCalls.java:251) [ratis-thirdparty-misc-0.5.0.jar:0.5.0]
	at org.apache.ratis.thirdparty.io.grpc.internal.ServerCallImpl$ServerStreamListenerImpl.messagesAvailableInternal(ServerCallImpl.java:309) [ratis-thirdparty-misc-0.5.0.jar:0.5.0]
	at org.apache.ratis.thirdparty.io.grpc.internal.ServerCallImpl$ServerStreamListenerImpl.messagesAvailable(ServerCallImpl.java:292) [ratis-thirdparty-misc-0.5.0.jar:0.5.0]
	at org.apache.ratis.thirdparty.io.grpc.internal.ServerImpl$JumpToApplicationThreadServerStreamListener$1MessagesAvailable.runInContext(ServerImpl.java:783) [ratis-thirdparty-misc-0.5.0.jar:0.5.0]
	at org.apache.ratis.thirdparty.io.grpc.internal.ContextRunnable.run(ContextRunnable.java:37) [ratis-thirdparty-misc-0.5.0.jar:0.5.0]
	at org.apache.ratis.thirdparty.io.grpc.internal.SerializingExecutor.run(SerializingExecutor.java:123) [ratis-thirdparty-misc-0.5.0.jar:0.5.0]
	at java.util.concurrent.ThreadPoolExecutor.runWorker(ThreadPoolExecutor.java:1149) [?:1.8.0_232]
	at java.util.concurrent.ThreadPoolExecutor$Worker.run(ThreadPoolExecutor.java:624) [?:1.8.0_232]
	at java.lang.Thread.run(Thread.java:748) [?:1.8.0_232]
2020-08-16 01:33:11,526 [grpc-default-executor-1] ERROR storage.BlockOutputStream (BlockOutputStream.java:lambda$writeChunkToContainer$3(643)) - writing chunk failed 104696485583323141_chunk_2 blockID conID: 3 locID: 104696485583323141 bcsId: 0 with exception org.apache.ratis.protocol.StateMachineException: org.apache.hadoop.hdds.scm.container.common.helpers.ContainerNotOpenException from Server beaeafa8-2e09-4551-bc75-8fc35f38ec6f@group-564D981D9636: Container 3 in CLOSED state
2020-08-16 01:33:11,532 [grpc-default-executor-1] ERROR storage.BlockOutputStream (BlockOutputStream.java:lambda$writeChunkToContainer$3(643)) - writing chunk failed 104696485583323141_chunk_3 blockID conID: 3 locID: 104696485583323141 bcsId: 0 with exception org.apache.ratis.protocol.StateMachineException: org.apache.hadoop.hdds.scm.container.common.helpers.ContainerNotOpenException from Server beaeafa8-2e09-4551-bc75-8fc35f38ec6f@group-564D981D9636: Container 3 in CLOSED state
2020-08-16 01:33:11,536 [grpc-default-executor-1] ERROR storage.BlockOutputStream (BlockOutputStream.java:lambda$writeChunkToContainer$3(643)) - writing chunk failed 104696485583323141_chunk_4 blockID conID: 3 locID: 104696485583323141 bcsId: 0 with exception org.apache.ratis.protocol.StateMachineException: org.apache.hadoop.hdds.scm.container.common.helpers.ContainerNotOpenException from Server beaeafa8-2e09-4551-bc75-8fc35f38ec6f@group-564D981D9636: Container 3 in CLOSED state
2020-08-16 01:33:11,544 [Listener at 127.0.0.1/34499] INFO  io.BlockOutputStreamEntryPool (BlockOutputStreamEntryPool.java:allocateNewBlock(282)) - Allocating block with ExcludeList {datanodes = [], containerIds = [#1, #2, #3], pipelineIds = []}
2020-08-16 01:33:11,592 [Datanode State Machine Thread - 0] WARN  statemachine.DatanodeStateMachine (DatanodeStateMachine.java:start(245)) - Interrupt the execution.
java.lang.InterruptedException: sleep interrupted
	at java.lang.Thread.sleep(Native Method)
	at org.apache.hadoop.ozone.container.common.statemachine.DatanodeStateMachine.start(DatanodeStateMachine.java:243)
	at org.apache.hadoop.ozone.container.common.statemachine.DatanodeStateMachine.lambda$startDaemon$0(DatanodeStateMachine.java:405)
	at java.lang.Thread.run(Thread.java:748)
2020-08-16 01:33:11,621 [Listener at 127.0.0.1/34499] INFO  ozone.MiniOzoneClusterImpl (MiniOzoneClusterImpl.java:shutdown(387)) - Shutting down the Mini Ozone Cluster
2020-08-16 01:33:11,622 [Listener at 127.0.0.1/34499] INFO  ozone.MiniOzoneClusterImpl (MiniOzoneClusterImpl.java:stop(402)) - Stopping the Mini Ozone Cluster
2020-08-16 01:33:11,622 [Listener at 127.0.0.1/34499] INFO  ozone.MiniOzoneClusterImpl (MiniOzoneClusterImpl.java:stopOM(484)) - Stopping the OzoneManager
2020-08-16 01:33:11,622 [Listener at 127.0.0.1/34499] INFO  ipc.Server (Server.java:stop(3359)) - Stopping server on 34499
2020-08-16 01:33:11,625 [IPC Server Responder] INFO  ipc.Server (Server.java:run(1465)) - Stopping IPC Server Responder
2020-08-16 01:33:11,626 [IPC Server listener on 0] INFO  ipc.Server (Server.java:run(1330)) - Stopping IPC Server listener on 0
2020-08-16 01:33:11,625 [Listener at 127.0.0.1/34499] INFO  ratis.OzoneManagerDoubleBuffer (OzoneManagerDoubleBuffer.java:stop(458)) - Stopping OMDoubleBuffer flush thread
2020-08-16 01:33:11,630 [OMDoubleBufferFlushThread] INFO  ratis.OzoneManagerDoubleBuffer (OzoneManagerDoubleBuffer.java:flushTransactions(357)) - OMDoubleBuffer flush thread OMDoubleBufferFlushThread is interrupted and will exit. OMDoubleBufferFlushThread
2020-08-16 01:33:11,630 [Listener at 127.0.0.1/34499] INFO  utils.BackgroundService (BackgroundService.java:shutdown(157)) - Shutting down service KeyDeletingService
2020-08-16 01:33:11,632 [Listener at 127.0.0.1/34499] INFO  handler.ContextHandler (ContextHandler.java:doStop(1016)) - Stopped o.e.j.w.WebAppContext@13e3880e{ozoneManager,/,null,UNAVAILABLE}{file:/github/workspace/mnt/ozone/hadoop-ozone/integration-test/target/test-classes/webapps/ozoneManager}
2020-08-16 01:33:11,632 [Listener at 127.0.0.1/34499] INFO  server.AbstractConnector (AbstractConnector.java:doStop(380)) - Stopped ServerConnector@1751af1a{HTTP/1.1,[http/1.1]}{0.0.0.0:0}
2020-08-16 01:33:11,632 [Listener at 127.0.0.1/34499] INFO  server.session (HouseKeeper.java:stopScavenging(158)) - node0 Stopped scavenging
2020-08-16 01:33:11,633 [Listener at 127.0.0.1/34499] INFO  handler.ContextHandler (ContextHandler.java:doStop(1016)) - Stopped o.e.j.s.ServletContextHandler@494c4f66{static,/static,file:///github/workspace/mnt/ozone/hadoop-ozone/integration-test/target/test-classes/webapps/static,UNAVAILABLE}
2020-08-16 01:33:11,633 [Listener at 127.0.0.1/34499] INFO  handler.ContextHandler (ContextHandler.java:doStop(1016)) - Stopped o.e.j.s.ServletContextHandler@1c347b74{logs,/logs,file:///github/workspace/mnt/ozone/hadoop-ozone/integration-test/target/log,UNAVAILABLE}
2020-08-16 01:33:11,636 [Listener at 127.0.0.1/34499] INFO  ozone.MiniOzoneClusterImpl (MiniOzoneClusterImpl.java:stopDatanodes(461)) - Stopping the HddsDatanodes
2020-08-16 01:33:12,550 [Datanode State Machine Thread - 0] INFO  statemachine.DatanodeStateMachine (DatanodeStateMachine.java:lambda$startDaemon$0(406)) - Ozone container server started.
2020-08-16 01:33:12,593 [Datanode State Machine Thread - 0] INFO  statemachine.DatanodeStateMachine (DatanodeStateMachine.java:lambda$startDaemon$0(406)) - Ozone container server started.
2020-08-16 01:33:16,637 [Listener at 127.0.0.1/34499] INFO  ozoneimpl.OzoneContainer (OzoneContainer.java:stop(259)) - Attempting to stop container services.
2020-08-16 01:33:16,637 [Listener at 127.0.0.1/34499] INFO  impl.RaftServerProxy (RaftServerProxy.java:lambda$close$4(319)) - cef71658-d1b1-44d1-b37f-521e4e788a00: close
2020-08-16 01:33:16,637 [ForkJoinPool.commonPool-worker-1] INFO  ozoneimpl.OzoneContainer (OzoneContainer.java:stop(259)) - Attempting to stop container services.
2020-08-16 01:33:16,638 [Listener at 127.0.0.1/34499] INFO  impl.RaftServerImpl (RaftServerImpl.java:lambda$shutdown$3(263)) - cef71658-d1b1-44d1-b37f-521e4e788a00@group-A031053284E5: shutdown
2020-08-16 01:33:16,638 [Listener at 127.0.0.1/34499] INFO  util.JmxRegister (JmxRegister.java:unregister(73)) - Successfully un-registered JMX Bean with object name Ratis:service=RaftServer,group=group-A031053284E5,id=cef71658-d1b1-44d1-b37f-521e4e788a00
2020-08-16 01:33:16,638 [Listener at 127.0.0.1/34499] INFO  impl.RoleInfo (RoleInfo.java:shutdownLeaderState(104)) - cef71658-d1b1-44d1-b37f-521e4e788a00: shutdown LeaderState
2020-08-16 01:33:16,638 [ForkJoinPool.commonPool-worker-1] INFO  impl.RaftServerProxy (RaftServerProxy.java:lambda$close$4(319)) - 77e37df0-b62c-4380-bf35-d4503fc20896: close
2020-08-16 01:33:16,638 [Listener at 127.0.0.1/34499] INFO  impl.PendingRequests (PendingRequests.java:sendNotLeaderResponses(249)) - cef71658-d1b1-44d1-b37f-521e4e788a00@group-A031053284E5-PendingRequests: sendNotLeaderResponses
2020-08-16 01:33:16,638 [ForkJoinPool.commonPool-worker-1] INFO  impl.RaftServerImpl (RaftServerImpl.java:lambda$shutdown$3(263)) - 77e37df0-b62c-4380-bf35-d4503fc20896@group-37EDC4986C8E: shutdown
2020-08-16 01:33:16,642 [Listener at 127.0.0.1/34499] INFO  metrics.RatisMetrics (RatisMetrics.java:unregister(43)) - Unregistering Metrics Registry : ratis.log_appender.cef71658-d1b1-44d1-b37f-521e4e788a00@group-A031053284E5
2020-08-16 01:33:16,642 [Listener at 127.0.0.1/34499] INFO  metrics.RatisMetrics (RatisMetrics.java:unregister(43)) - Unregistering Metrics Registry : ratis.server.cef71658-d1b1-44d1-b37f-521e4e788a00@group-A031053284E5
2020-08-16 01:33:16,642 [ForkJoinPool.commonPool-worker-1] INFO  util.JmxRegister (JmxRegister.java:unregister(73)) - Successfully un-registered JMX Bean with object name Ratis:service=RaftServer,group=group-37EDC4986C8E,id=77e37df0-b62c-4380-bf35-d4503fc20896
2020-08-16 01:33:16,644 [ForkJoinPool.commonPool-worker-1] INFO  impl.RoleInfo (RoleInfo.java:shutdownLeaderState(104)) - 77e37df0-b62c-4380-bf35-d4503fc20896: shutdown LeaderState
2020-08-16 01:33:16,645 [ForkJoinPool.commonPool-worker-1] INFO  impl.PendingRequests (PendingRequests.java:sendNotLeaderResponses(249)) - 77e37df0-b62c-4380-bf35-d4503fc20896@group-37EDC4986C8E-PendingRequests: sendNotLeaderResponses
2020-08-16 01:33:16,645 [ForkJoinPool.commonPool-worker-1] INFO  metrics.RatisMetrics (RatisMetrics.java:unregister(43)) - Unregistering Metrics Registry : ratis.log_appender.77e37df0-b62c-4380-bf35-d4503fc20896@group-37EDC4986C8E
2020-08-16 01:33:16,645 [ForkJoinPool.commonPool-worker-1] INFO  metrics.RatisMetrics (RatisMetrics.java:unregister(43)) - Unregistering Metrics Registry : ratis.server.77e37df0-b62c-4380-bf35-d4503fc20896@group-37EDC4986C8E
2020-08-16 01:33:16,646 [ForkJoinPool.commonPool-worker-1] INFO  impl.StateMachineUpdater (StateMachineUpdater.java:stopAndJoin(142)) - 77e37df0-b62c-4380-bf35-d4503fc20896@group-37EDC4986C8E-StateMachineUpdater: set stopIndex = 0
2020-08-16 01:33:16,644 [Listener at 127.0.0.1/34499] INFO  impl.StateMachineUpdater (StateMachineUpdater.java:stopAndJoin(142)) - cef71658-d1b1-44d1-b37f-521e4e788a00@group-A031053284E5-StateMachineUpdater: set stopIndex = 11
2020-08-16 01:33:16,644 [cef71658-d1b1-44d1-b37f-521e4e788a00@group-A031053284E5-StateMachineUpdater] INFO  ratis.ContainerStateMachine (ContainerStateMachine.java:takeSnapshot(293)) - group-A031053284E5: Taking a snapshot at:(t:1, i:11) file /github/workspace/mnt/ozone/hadoop-ozone/integration-test/target/test-dir/MiniOzoneClusterImpl-c38a1ae0-e263-4e30-b27e-4e0674c9e28f/datanode-4/data/ratis/8ad55fae-92d6-47a2-88af-a031053284e5/sm/snapshot.1_11
2020-08-16 01:33:16,647 [77e37df0-b62c-4380-bf35-d4503fc20896@group-37EDC4986C8E-StateMachineUpdater] INFO  ratis.ContainerStateMachine (ContainerStateMachine.java:takeSnapshot(293)) - group-37EDC4986C8E: Taking a snapshot at:(t:1, i:0) file /github/workspace/mnt/ozone/hadoop-ozone/integration-test/target/test-dir/MiniOzoneClusterImpl-c38a1ae0-e263-4e30-b27e-4e0674c9e28f/datanode-1/data/ratis/56729920-04d8-4d3f-aa9a-37edc4986c8e/sm/snapshot.1_0
2020-08-16 01:33:16,650 [cef71658-d1b1-44d1-b37f-521e4e788a00@group-A031053284E5-StateMachineUpdater] INFO  ratis.ContainerStateMachine (ContainerStateMachine.java:takeSnapshot(304)) - group-A031053284E5: Finished taking a snapshot at:(t:1, i:11) file:/github/workspace/mnt/ozone/hadoop-ozone/integration-test/target/test-dir/MiniOzoneClusterImpl-c38a1ae0-e263-4e30-b27e-4e0674c9e28f/datanode-4/data/ratis/8ad55fae-92d6-47a2-88af-a031053284e5/sm/snapshot.1_11 time:6
2020-08-16 01:33:16,650 [cef71658-d1b1-44d1-b37f-521e4e788a00@group-A031053284E5-StateMachineUpdater] INFO  impl.StateMachineUpdater (StateMachineUpdater.java:takeSnapshot(277)) - cef71658-d1b1-44d1-b37f-521e4e788a00@group-A031053284E5-StateMachineUpdater: Took a snapshot at index 11
2020-08-16 01:33:16,650 [cef71658-d1b1-44d1-b37f-521e4e788a00@group-A031053284E5-StateMachineUpdater] INFO  impl.StateMachineUpdater (StateMachineUpdater.java:lambda$new$0(87)) - cef71658-d1b1-44d1-b37f-521e4e788a00@group-A031053284E5-StateMachineUpdater: snapshotIndex: updateIncreasingly -1 -> 11
2020-08-16 01:33:16,650 [cef71658-d1b1-44d1-b37f-521e4e788a00@group-A031053284E5-StateMachineUpdater] INFO  metrics.RatisMetrics (RatisMetrics.java:unregister(43)) - Unregistering Metrics Registry : ratis.state_machine.cef71658-d1b1-44d1-b37f-521e4e788a00@group-A031053284E5
2020-08-16 01:33:16,650 [Listener at 127.0.0.1/34499] INFO  impl.RaftServerImpl (ServerState.java:close(387)) - cef71658-d1b1-44d1-b37f-521e4e788a00@group-A031053284E5: closes. applyIndex: 11
2020-08-16 01:33:16,651 [77e37df0-b62c-4380-bf35-d4503fc20896@group-37EDC4986C8E-StateMachineUpdater] INFO  ratis.ContainerStateMachine (ContainerStateMachine.java:takeSnapshot(304)) - group-37EDC4986C8E: Finished taking a snapshot at:(t:1, i:0) file:/github/workspace/mnt/ozone/hadoop-ozone/integration-test/target/test-dir/MiniOzoneClusterImpl-c38a1ae0-e263-4e30-b27e-4e0674c9e28f/datanode-1/data/ratis/56729920-04d8-4d3f-aa9a-37edc4986c8e/sm/snapshot.1_0 time:4
2020-08-16 01:33:16,651 [cef71658-d1b1-44d1-b37f-521e4e788a00@group-A031053284E5-SegmentedRaftLogWorker] INFO  segmented.SegmentedRaftLogWorker (SegmentedRaftLogWorker.java:run(327)) - cef71658-d1b1-44d1-b37f-521e4e788a00@group-A031053284E5-SegmentedRaftLogWorker was interrupted, exiting. There are 0 tasks remaining in the queue.
2020-08-16 01:33:16,651 [77e37df0-b62c-4380-bf35-d4503fc20896@group-37EDC4986C8E-StateMachineUpdater] INFO  impl.StateMachineUpdater (StateMachineUpdater.java:takeSnapshot(277)) - 77e37df0-b62c-4380-bf35-d4503fc20896@group-37EDC4986C8E-StateMachineUpdater: Took a snapshot at index 0
2020-08-16 01:33:16,651 [77e37df0-b62c-4380-bf35-d4503fc20896@group-37EDC4986C8E-StateMachineUpdater] INFO  impl.StateMachineUpdater (StateMachineUpdater.java:lambda$new$0(87)) - 77e37df0-b62c-4380-bf35-d4503fc20896@group-37EDC4986C8E-StateMachineUpdater: snapshotIndex: updateIncreasingly -1 -> 0
2020-08-16 01:33:16,654 [Listener at 127.0.0.1/34499] INFO  segmented.SegmentedRaftLogWorker (SegmentedRaftLogWorker.java:close(234)) - cef71658-d1b1-44d1-b37f-521e4e788a00@group-A031053284E5-SegmentedRaftLogWorker close()
2020-08-16 01:33:16,655 [77e37df0-b62c-4380-bf35-d4503fc20896@group-37EDC4986C8E-StateMachineUpdater] INFO  metrics.RatisMetrics (RatisMetrics.java:unregister(43)) - Unregistering Metrics Registry : ratis.state_machine.77e37df0-b62c-4380-bf35-d4503fc20896@group-37EDC4986C8E
2020-08-16 01:33:16,655 [ForkJoinPool.commonPool-worker-1] INFO  impl.RaftServerImpl (ServerState.java:close(387)) - 77e37df0-b62c-4380-bf35-d4503fc20896@group-37EDC4986C8E: closes. applyIndex: 0
2020-08-16 01:33:16,663 [Listener at 127.0.0.1/34499] INFO  metrics.RatisMetrics (RatisMetrics.java:unregister(43)) - Unregistering Metrics Registry : ratis.log_worker.cef71658-d1b1-44d1-b37f-521e4e788a00@group-A031053284E5
2020-08-16 01:33:16,663 [77e37df0-b62c-4380-bf35-d4503fc20896@group-37EDC4986C8E-SegmentedRaftLogWorker] INFO  segmented.SegmentedRaftLogWorker (SegmentedRaftLogWorker.java:run(327)) - 77e37df0-b62c-4380-bf35-d4503fc20896@group-37EDC4986C8E-SegmentedRaftLogWorker was interrupted, exiting. There are 0 tasks remaining in the queue.
2020-08-16 01:33:16,664 [Listener at 127.0.0.1/34499] INFO  metrics.RatisMetrics (RatisMetrics.java:unregister(43)) - Unregistering Metrics Registry : ratis.leader_election.cef71658-d1b1-44d1-b37f-521e4e788a00@group-A031053284E5
2020-08-16 01:33:16,664 [Listener at 127.0.0.1/34499] INFO  metrics.RatisMetrics (RatisMetrics.java:unregister(43)) - Unregistering Metrics Registry : ratis.server.cef71658-d1b1-44d1-b37f-521e4e788a00@group-A031053284E5
2020-08-16 01:33:16,664 [Listener at 127.0.0.1/34499] INFO  impl.RaftServerImpl (RaftServerImpl.java:lambda$shutdown$3(263)) - cef71658-d1b1-44d1-b37f-521e4e788a00@group-B936530E8A46: shutdown
2020-08-16 01:33:16,664 [Listener at 127.0.0.1/34499] INFO  util.JmxRegister (JmxRegister.java:unregister(73)) - Successfully un-registered JMX Bean with object name Ratis:service=RaftServer,group=group-B936530E8A46,id=cef71658-d1b1-44d1-b37f-521e4e788a00
2020-08-16 01:33:16,665 [Listener at 127.0.0.1/34499] INFO  impl.RoleInfo (RoleInfo.java:shutdownFollowerState(121)) - cef71658-d1b1-44d1-b37f-521e4e788a00: shutdown FollowerState
2020-08-16 01:33:16,665 [Thread-648] INFO  impl.FollowerState (FollowerState.java:run(117)) - cef71658-d1b1-44d1-b37f-521e4e788a00@group-B936530E8A46-FollowerState was interrupted: java.lang.InterruptedException: sleep interrupted
2020-08-16 01:33:16,665 [cef71658-d1b1-44d1-b37f-521e4e788a00@group-B936530E8A46-StateMachineUpdater] INFO  ratis.ContainerStateMachine (ContainerStateMachine.java:takeSnapshot(293)) - group-B936530E8A46: Taking a snapshot at:(t:1, i:0) file /github/workspace/mnt/ozone/hadoop-ozone/integration-test/target/test-dir/MiniOzoneClusterImpl-c38a1ae0-e263-4e30-b27e-4e0674c9e28f/datanode-4/data/ratis/bd77e43a-9b37-41bb-83b7-b936530e8a46/sm/snapshot.1_0
2020-08-16 01:33:16,666 [Listener at 127.0.0.1/34499] INFO  impl.StateMachineUpdater (StateMachineUpdater.java:stopAndJoin(142)) - cef71658-d1b1-44d1-b37f-521e4e788a00@group-B936530E8A46-StateMachineUpdater: set stopIndex = 0
2020-08-16 01:33:16,666 [cef71658-d1b1-44d1-b37f-521e4e788a00@group-B936530E8A46-StateMachineUpdater] INFO  ratis.ContainerStateMachine (ContainerStateMachine.java:takeSnapshot(304)) - group-B936530E8A46: Finished taking a snapshot at:(t:1, i:0) file:/github/workspace/mnt/ozone/hadoop-ozone/integration-test/target/test-dir/MiniOzoneClusterImpl-c38a1ae0-e263-4e30-b27e-4e0674c9e28f/datanode-4/data/ratis/bd77e43a-9b37-41bb-83b7-b936530e8a46/sm/snapshot.1_0 time:1
2020-08-16 01:33:16,666 [cef71658-d1b1-44d1-b37f-521e4e788a00@group-B936530E8A46-StateMachineUpdater] INFO  impl.StateMachineUpdater (StateMachineUpdater.java:takeSnapshot(277)) - cef71658-d1b1-44d1-b37f-521e4e788a00@group-B936530E8A46-StateMachineUpdater: Took a snapshot at index 0
2020-08-16 01:33:16,666 [cef71658-d1b1-44d1-b37f-521e4e788a00@group-B936530E8A46-StateMachineUpdater] INFO  impl.StateMachineUpdater (StateMachineUpdater.java:lambda$new$0(87)) - cef71658-d1b1-44d1-b37f-521e4e788a00@group-B936530E8A46-StateMachineUpdater: snapshotIndex: updateIncreasingly -1 -> 0
2020-08-16 01:33:16,667 [cef71658-d1b1-44d1-b37f-521e4e788a00@group-B936530E8A46-StateMachineUpdater] INFO  metrics.RatisMetrics (RatisMetrics.java:unregister(43)) - Unregistering Metrics Registry : ratis.state_machine.cef71658-d1b1-44d1-b37f-521e4e788a00@group-B936530E8A46
2020-08-16 01:33:16,670 [ForkJoinPool.commonPool-worker-1] INFO  segmented.SegmentedRaftLogWorker (SegmentedRaftLogWorker.java:close(234)) - 77e37df0-b62c-4380-bf35-d4503fc20896@group-37EDC4986C8E-SegmentedRaftLogWorker close()
2020-08-16 01:33:16,670 [Listener at 127.0.0.1/34499] INFO  impl.RaftServerImpl (ServerState.java:close(387)) - cef71658-d1b1-44d1-b37f-521e4e788a00@group-B936530E8A46: closes. applyIndex: 0
2020-08-16 01:33:16,671 [ForkJoinPool.commonPool-worker-1] INFO  metrics.RatisMetrics (RatisMetrics.java:unregister(43)) - Unregistering Metrics Registry : ratis.log_worker.77e37df0-b62c-4380-bf35-d4503fc20896@group-37EDC4986C8E
2020-08-16 01:33:16,671 [ForkJoinPool.commonPool-worker-1] INFO  metrics.RatisMetrics (RatisMetrics.java:unregister(43)) - Unregistering Metrics Registry : ratis.leader_election.77e37df0-b62c-4380-bf35-d4503fc20896@group-37EDC4986C8E
2020-08-16 01:33:16,672 [ForkJoinPool.commonPool-worker-1] INFO  metrics.RatisMetrics (RatisMetrics.java:unregister(43)) - Unregistering Metrics Registry : ratis.server.77e37df0-b62c-4380-bf35-d4503fc20896@group-37EDC4986C8E
2020-08-16 01:33:16,672 [ForkJoinPool.commonPool-worker-1] INFO  impl.RaftServerImpl (RaftServerImpl.java:lambda$shutdown$3(263)) - 77e37df0-b62c-4380-bf35-d4503fc20896@group-F3FA92D03604: shutdown
2020-08-16 01:33:16,672 [ForkJoinPool.commonPool-worker-1] INFO  util.JmxRegister (JmxRegister.java:unregister(73)) - Successfully un-registered JMX Bean with object name Ratis:service=RaftServer,group=group-F3FA92D03604,id=77e37df0-b62c-4380-bf35-d4503fc20896
2020-08-16 01:33:16,672 [ForkJoinPool.commonPool-worker-1] INFO  impl.RoleInfo (RoleInfo.java:shutdownFollowerState(121)) - 77e37df0-b62c-4380-bf35-d4503fc20896: shutdown FollowerState
2020-08-16 01:33:16,672 [Thread-623] INFO  impl.FollowerState (FollowerState.java:run(117)) - 77e37df0-b62c-4380-bf35-d4503fc20896@group-F3FA92D03604-FollowerState was interrupted: java.lang.InterruptedException: sleep interrupted
2020-08-16 01:33:16,673 [ForkJoinPool.commonPool-worker-1] INFO  impl.StateMachineUpdater (StateMachineUpdater.java:stopAndJoin(142)) - 77e37df0-b62c-4380-bf35-d4503fc20896@group-F3FA92D03604-StateMachineUpdater: set stopIndex = 0
2020-08-16 01:33:16,673 [77e37df0-b62c-4380-bf35-d4503fc20896@group-F3FA92D03604-StateMachineUpdater] INFO  ratis.ContainerStateMachine (ContainerStateMachine.java:takeSnapshot(293)) - group-F3FA92D03604: Taking a snapshot at:(t:1, i:0) file /github/workspace/mnt/ozone/hadoop-ozone/integration-test/target/test-dir/MiniOzoneClusterImpl-c38a1ae0-e263-4e30-b27e-4e0674c9e28f/datanode-1/data/ratis/c229b8d9-2971-42a2-bc75-f3fa92d03604/sm/snapshot.1_0
2020-08-16 01:33:16,674 [cef71658-d1b1-44d1-b37f-521e4e788a00@group-B936530E8A46-SegmentedRaftLogWorker] INFO  segmented.SegmentedRaftLogWorker (SegmentedRaftLogWorker.java:run(327)) - cef71658-d1b1-44d1-b37f-521e4e788a00@group-B936530E8A46-SegmentedRaftLogWorker was interrupted, exiting. There are 0 tasks remaining in the queue.
2020-08-16 01:33:16,675 [77e37df0-b62c-4380-bf35-d4503fc20896@group-F3FA92D03604-StateMachineUpdater] INFO  ratis.ContainerStateMachine (ContainerStateMachine.java:takeSnapshot(304)) - group-F3FA92D03604: Finished taking a snapshot at:(t:1, i:0) file:/github/workspace/mnt/ozone/hadoop-ozone/integration-test/target/test-dir/MiniOzoneClusterImpl-c38a1ae0-e263-4e30-b27e-4e0674c9e28f/datanode-1/data/ratis/c229b8d9-2971-42a2-bc75-f3fa92d03604/sm/snapshot.1_0 time:2
2020-08-16 01:33:16,675 [Listener at 127.0.0.1/34499] INFO  segmented.SegmentedRaftLogWorker (SegmentedRaftLogWorker.java:close(234)) - cef71658-d1b1-44d1-b37f-521e4e788a00@group-B936530E8A46-SegmentedRaftLogWorker close()
2020-08-16 01:33:16,675 [77e37df0-b62c-4380-bf35-d4503fc20896@group-F3FA92D03604-StateMachineUpdater] INFO  impl.StateMachineUpdater (StateMachineUpdater.java:takeSnapshot(277)) - 77e37df0-b62c-4380-bf35-d4503fc20896@group-F3FA92D03604-StateMachineUpdater: Took a snapshot at index 0
2020-08-16 01:33:16,676 [77e37df0-b62c-4380-bf35-d4503fc20896@group-F3FA92D03604-StateMachineUpdater] INFO  impl.StateMachineUpdater (StateMachineUpdater.java:lambda$new$0(87)) - 77e37df0-b62c-4380-bf35-d4503fc20896@group-F3FA92D03604-StateMachineUpdater: snapshotIndex: updateIncreasingly -1 -> 0
2020-08-16 01:33:16,676 [77e37df0-b62c-4380-bf35-d4503fc20896@group-F3FA92D03604-StateMachineUpdater] INFO  metrics.RatisMetrics (RatisMetrics.java:unregister(43)) - Unregistering Metrics Registry : ratis.state_machine.77e37df0-b62c-4380-bf35-d4503fc20896@group-F3FA92D03604
2020-08-16 01:33:16,676 [ForkJoinPool.commonPool-worker-1] INFO  impl.RaftServerImpl (ServerState.java:close(387)) - 77e37df0-b62c-4380-bf35-d4503fc20896@group-F3FA92D03604: closes. applyIndex: 0
2020-08-16 01:33:16,676 [Listener at 127.0.0.1/34499] INFO  metrics.RatisMetrics (RatisMetrics.java:unregister(43)) - Unregistering Metrics Registry : ratis.log_worker.cef71658-d1b1-44d1-b37f-521e4e788a00@group-B936530E8A46
2020-08-16 01:33:16,677 [77e37df0-b62c-4380-bf35-d4503fc20896@group-F3FA92D03604-SegmentedRaftLogWorker] INFO  segmented.SegmentedRaftLogWorker (SegmentedRaftLogWorker.java:run(327)) - 77e37df0-b62c-4380-bf35-d4503fc20896@group-F3FA92D03604-SegmentedRaftLogWorker was interrupted, exiting. There are 0 tasks remaining in the queue.
2020-08-16 01:33:16,677 [Listener at 127.0.0.1/34499] INFO  metrics.RatisMetrics (RatisMetrics.java:unregister(43)) - Unregistering Metrics Registry : ratis.leader_election.cef71658-d1b1-44d1-b37f-521e4e788a00@group-B936530E8A46
2020-08-16 01:33:16,680 [Listener at 127.0.0.1/34499] INFO  metrics.RatisMetrics (RatisMetrics.java:unregister(43)) - Unregistering Metrics Registry : ratis.server.cef71658-d1b1-44d1-b37f-521e4e788a00@group-B936530E8A46
2020-08-16 01:33:16,678 [ForkJoinPool.commonPool-worker-1] INFO  segmented.SegmentedRaftLogWorker (SegmentedRaftLogWorker.java:close(234)) - 77e37df0-b62c-4380-bf35-d4503fc20896@group-F3FA92D03604-SegmentedRaftLogWorker close()
2020-08-16 01:33:16,681 [Listener at 127.0.0.1/34499] INFO  server.GrpcService (GrpcService.java:closeImpl(166)) - cef71658-d1b1-44d1-b37f-521e4e788a00: shutdown server with port 46523 now
2020-08-16 01:33:16,682 [ForkJoinPool.commonPool-worker-1] INFO  metrics.RatisMetrics (RatisMetrics.java:unregister(43)) - Unregistering Metrics Registry : ratis.log_worker.77e37df0-b62c-4380-bf35-d4503fc20896@group-F3FA92D03604
2020-08-16 01:33:16,682 [ForkJoinPool.commonPool-worker-1] INFO  metrics.RatisMetrics (RatisMetrics.java:unregister(43)) - Unregistering Metrics Registry : ratis.leader_election.77e37df0-b62c-4380-bf35-d4503fc20896@group-F3FA92D03604
2020-08-16 01:33:16,682 [ForkJoinPool.commonPool-worker-1] INFO  metrics.RatisMetrics (RatisMetrics.java:unregister(43)) - Unregistering Metrics Registry : ratis.server.77e37df0-b62c-4380-bf35-d4503fc20896@group-F3FA92D03604
2020-08-16 01:33:16,682 [ForkJoinPool.commonPool-worker-1] INFO  server.GrpcService (GrpcService.java:closeImpl(166)) - 77e37df0-b62c-4380-bf35-d4503fc20896: shutdown server with port 40933 now
2020-08-16 01:33:16,685 [grpc-default-executor-5] WARN  server.GrpcServerProtocolService (LogUtils.java:warn(122)) - 77e37df0-b62c-4380-bf35-d4503fc20896: installSnapshot onError, lastRequest: 546ce851-431a-41f4-9a88-b3ac322f1852->77e37df0-b62c-4380-bf35-d4503fc20896#1-t1, previous=(t:0, i:0), leaderCommit=0, initializing? false, entries: size=1, first=(t:1, i:0), CONFIGURATIONENTRY: org.apache.ratis.thirdparty.io.grpc.StatusRuntimeException: CANCELLED: cancelled before receiving half close
2020-08-16 01:33:16,685 [grpc-default-executor-3] WARN  server.GrpcServerProtocolService (LogUtils.java:warn(122)) - cef71658-d1b1-44d1-b37f-521e4e788a00: installSnapshot onError, lastRequest: 3911b809-9d88-4a7a-8c07-514c24e02423->cef71658-d1b1-44d1-b37f-521e4e788a00#1-t1, previous=(t:0, i:0), leaderCommit=0, initializing? false, entries: size=1, first=(t:1, i:0), CONFIGURATIONENTRY: org.apache.ratis.thirdparty.io.grpc.StatusRuntimeException: CANCELLED: cancelled before receiving half close
2020-08-16 01:33:16,686 [Listener at 127.0.0.1/34499] INFO  server.GrpcService (GrpcService.java:closeImpl(174)) - cef71658-d1b1-44d1-b37f-521e4e788a00: shutdown server with port 46523 successfully
2020-08-16 01:33:16,685 [ForkJoinPool.commonPool-worker-1] INFO  server.GrpcService (GrpcService.java:closeImpl(174)) - 77e37df0-b62c-4380-bf35-d4503fc20896: shutdown server with port 40933 successfully
2020-08-16 01:33:16,688 [grpc-default-executor-5] WARN  server.GrpcLogAppender (LogUtils.java:warn(122)) - 546ce851-431a-41f4-9a88-b3ac322f1852@group-F3FA92D03604->77e37df0-b62c-4380-bf35-d4503fc20896-AppendLogResponseHandler: Failed appendEntries: org.apache.ratis.thirdparty.io.grpc.StatusRuntimeException: CANCELLED: HTTP/2 error code: CANCEL
Received Rst Stream
2020-08-16 01:33:16,688 [grpc-default-executor-1] WARN  server.GrpcLogAppender (LogUtils.java:warn(122)) - 3911b809-9d88-4a7a-8c07-514c24e02423@group-B936530E8A46->cef71658-d1b1-44d1-b37f-521e4e788a00-AppendLogResponseHandler: Failed appendEntries: org.apache.ratis.thirdparty.io.grpc.StatusRuntimeException: CANCELLED: HTTP/2 error code: CANCEL
Received Rst Stream
2020-08-16 01:33:16,689 [Listener at 127.0.0.1/34499] INFO  utils.BackgroundService (BackgroundService.java:shutdown(157)) - Shutting down service BlockDeletingService
2020-08-16 01:33:16,691 [grpc-default-executor-5] INFO  impl.FollowerInfo (FollowerInfo.java:lambda$new$0(51)) - 546ce851-431a-41f4-9a88-b3ac322f1852@group-F3FA92D03604->77e37df0-b62c-4380-bf35-d4503fc20896: nextIndex: updateUnconditionally 1 -> 0
2020-08-16 01:33:16,692 [ForkJoinPool.commonPool-worker-1] INFO  utils.BackgroundService (BackgroundService.java:shutdown(157)) - Shutting down service BlockDeletingService
2020-08-16 01:33:16,691 [grpc-default-executor-1] INFO  impl.FollowerInfo (FollowerInfo.java:lambda$new$0(51)) - 3911b809-9d88-4a7a-8c07-514c24e02423@group-B936530E8A46->cef71658-d1b1-44d1-b37f-521e4e788a00: nextIndex: updateUnconditionally 1 -> 0
2020-08-16 01:33:16,694 [Listener at 127.0.0.1/34499] INFO  statemachine.DatanodeStateMachine (DatanodeStateMachine.java:stopDaemon(454)) - Ozone container server stopped.
2020-08-16 01:33:16,700 [Listener at 127.0.0.1/34499] INFO  handler.ContextHandler (ContextHandler.java:doStop(1016)) - Stopped o.e.j.w.WebAppContext@6a690795{hddsDatanode,/,null,UNAVAILABLE}{jar:file:/home/user/.m2/repository/org/apache/hadoop/hadoop-hdds-container-service/0.6.0-SNAPSHOT/hadoop-hdds-container-service-0.6.0-SNAPSHOT.jar!/webapps/hddsDatanode}
2020-08-16 01:33:16,705 [ForkJoinPool.commonPool-worker-1] INFO  statemachine.DatanodeStateMachine (DatanodeStateMachine.java:stopDaemon(454)) - Ozone container server stopped.
2020-08-16 01:33:16,705 [Listener at 127.0.0.1/34499] INFO  server.AbstractConnector (AbstractConnector.java:doStop(380)) - Stopped ServerConnector@51647a05{HTTP/1.1,[http/1.1]}{0.0.0.0:0}
2020-08-16 01:33:16,706 [Listener at 127.0.0.1/34499] INFO  server.session (HouseKeeper.java:stopScavenging(158)) - node0 Stopped scavenging
2020-08-16 01:33:16,714 [ForkJoinPool.commonPool-worker-1] INFO  handler.ContextHandler (ContextHandler.java:doStop(1016)) - Stopped o.e.j.w.WebAppContext@3035c45b{hddsDatanode,/,null,UNAVAILABLE}{jar:file:/home/user/.m2/repository/org/apache/hadoop/hadoop-hdds-container-service/0.6.0-SNAPSHOT/hadoop-hdds-container-service-0.6.0-SNAPSHOT.jar!/webapps/hddsDatanode}
2020-08-16 01:33:16,720 [Listener at 127.0.0.1/34499] INFO  handler.ContextHandler (ContextHandler.java:doStop(1016)) - Stopped o.e.j.s.ServletContextHandler@1bddac44{static,/static,jar:file:/home/user/.m2/repository/org/apache/hadoop/hadoop-hdds-container-service/0.6.0-SNAPSHOT/hadoop-hdds-container-service-0.6.0-SNAPSHOT.jar!/webapps/static,UNAVAILABLE}
2020-08-16 01:33:16,720 [Listener at 127.0.0.1/34499] INFO  handler.ContextHandler (ContextHandler.java:doStop(1016)) - Stopped o.e.j.s.ServletContextHandler@745b425{logs,/logs,file:///github/workspace/mnt/ozone/hadoop-ozone/integration-test/target/log,UNAVAILABLE}
2020-08-16 01:33:16,720 [ForkJoinPool.commonPool-worker-1] INFO  server.AbstractConnector (AbstractConnector.java:doStop(380)) - Stopped ServerConnector@2cde9da5{HTTP/1.1,[http/1.1]}{0.0.0.0:0}
2020-08-16 01:33:16,720 [ForkJoinPool.commonPool-worker-1] INFO  server.session (HouseKeeper.java:stopScavenging(158)) - node0 Stopped scavenging
2020-08-16 01:33:16,721 [ForkJoinPool.commonPool-worker-1] INFO  handler.ContextHandler (ContextHandler.java:doStop(1016)) - Stopped o.e.j.s.ServletContextHandler@2fee54a6{static,/static,jar:file:/home/user/.m2/repository/org/apache/hadoop/hadoop-hdds-container-service/0.6.0-SNAPSHOT/hadoop-hdds-container-service-0.6.0-SNAPSHOT.jar!/webapps/static,UNAVAILABLE}
2020-08-16 01:33:16,722 [ForkJoinPool.commonPool-worker-1] INFO  handler.ContextHandler (ContextHandler.java:doStop(1016)) - Stopped o.e.j.s.ServletContextHandler@105b895e{logs,/logs,file:///github/workspace/mnt/ozone/hadoop-ozone/integration-test/target/log,UNAVAILABLE}
2020-08-16 01:33:16,751 [Datanode State Machine Thread - 0] INFO  statemachine.DatanodeStateMachine (DatanodeStateMachine.java:lambda$startDaemon$0(406)) - Ozone container server started.
2020-08-16 01:33:17,581 [Datanode State Machine Thread - 0] INFO  statemachine.DatanodeStateMachine (DatanodeStateMachine.java:lambda$startDaemon$0(406)) - Ozone container server started.
2020-08-16 01:33:18,450 [grpc-default-executor-5] WARN  server.GrpcLogAppender (LogUtils.java:warn(122)) - 546ce851-431a-41f4-9a88-b3ac322f1852@group-F3FA92D03604->77e37df0-b62c-4380-bf35-d4503fc20896-AppendLogResponseHandler: Failed appendEntries: org.apache.ratis.thirdparty.io.grpc.StatusRuntimeException: UNAVAILABLE: io exception
2020-08-16 01:33:18,451 [grpc-default-executor-5] INFO  impl.FollowerInfo (FollowerInfo.java:lambda$new$0(51)) - 546ce851-431a-41f4-9a88-b3ac322f1852@group-F3FA92D03604->77e37df0-b62c-4380-bf35-d4503fc20896: nextIndex: updateUnconditionally 1 -> 0
2020-08-16 01:33:18,841 [grpc-default-executor-1] WARN  server.GrpcLogAppender (LogUtils.java:warn(122)) - 3911b809-9d88-4a7a-8c07-514c24e02423@group-B936530E8A46->cef71658-d1b1-44d1-b37f-521e4e788a00-AppendLogResponseHandler: Failed appendEntries: org.apache.ratis.thirdparty.io.grpc.StatusRuntimeException: UNAVAILABLE: io exception
2020-08-16 01:33:18,844 [grpc-default-executor-1] INFO  impl.FollowerInfo (FollowerInfo.java:lambda$new$0(51)) - 3911b809-9d88-4a7a-8c07-514c24e02423@group-B936530E8A46->cef71658-d1b1-44d1-b37f-521e4e788a00: nextIndex: updateUnconditionally 1 -> 0
2020-08-16 01:33:20,952 [grpc-default-executor-3] WARN  server.GrpcLogAppender (LogUtils.java:warn(122)) - 546ce851-431a-41f4-9a88-b3ac322f1852@group-F3FA92D03604->77e37df0-b62c-4380-bf35-d4503fc20896-AppendLogResponseHandler: Failed appendEntries: org.apache.ratis.thirdparty.io.grpc.StatusRuntimeException: UNAVAILABLE: io exception
2020-08-16 01:33:20,953 [grpc-default-executor-3] INFO  impl.FollowerInfo (FollowerInfo.java:lambda$new$0(51)) - 546ce851-431a-41f4-9a88-b3ac322f1852@group-F3FA92D03604->77e37df0-b62c-4380-bf35-d4503fc20896: nextIndex: updateUnconditionally 1 -> 0
2020-08-16 01:33:21,348 [grpc-default-executor-5] WARN  server.GrpcLogAppender (LogUtils.java:warn(122)) - 3911b809-9d88-4a7a-8c07-514c24e02423@group-B936530E8A46->cef71658-d1b1-44d1-b37f-521e4e788a00-AppendLogResponseHandler: Failed appendEntries: org.apache.ratis.thirdparty.io.grpc.StatusRuntimeException: UNAVAILABLE: io exception
2020-08-16 01:33:21,349 [grpc-default-executor-5] INFO  impl.FollowerInfo (FollowerInfo.java:lambda$new$0(51)) - 3911b809-9d88-4a7a-8c07-514c24e02423@group-B936530E8A46->cef71658-d1b1-44d1-b37f-521e4e788a00: nextIndex: updateUnconditionally 1 -> 0
2020-08-16 01:33:21,722 [Listener at 127.0.0.1/34499] INFO  ozoneimpl.OzoneContainer (OzoneContainer.java:stop(259)) - Attempting to stop container services.
2020-08-16 01:33:21,722 [Listener at 127.0.0.1/34499] INFO  impl.RaftServerProxy (RaftServerProxy.java:lambda$close$4(319)) - 0aca2dfd-bb2b-492e-a75d-c6ff1d491f50: close
2020-08-16 01:33:21,722 [Listener at 127.0.0.1/34499] INFO  impl.RaftServerImpl (RaftServerImpl.java:lambda$shutdown$3(263)) - 0aca2dfd-bb2b-492e-a75d-c6ff1d491f50@group-BB5ADB4F319E: shutdown
2020-08-16 01:33:21,722 [Listener at 127.0.0.1/34499] INFO  util.JmxRegister (JmxRegister.java:unregister(73)) - Successfully un-registered JMX Bean with object name Ratis:service=RaftServer,group=group-BB5ADB4F319E,id=0aca2dfd-bb2b-492e-a75d-c6ff1d491f50
2020-08-16 01:33:21,723 [Listener at 127.0.0.1/34499] INFO  impl.RoleInfo (RoleInfo.java:shutdownLeaderState(104)) - 0aca2dfd-bb2b-492e-a75d-c6ff1d491f50: shutdown LeaderState
2020-08-16 01:33:21,723 [Listener at 127.0.0.1/34499] INFO  impl.PendingRequests (PendingRequests.java:sendNotLeaderResponses(249)) - 0aca2dfd-bb2b-492e-a75d-c6ff1d491f50@group-BB5ADB4F319E-PendingRequests: sendNotLeaderResponses
2020-08-16 01:33:21,723 [Listener at 127.0.0.1/34499] INFO  metrics.RatisMetrics (RatisMetrics.java:unregister(43)) - Unregistering Metrics Registry : ratis.log_appender.0aca2dfd-bb2b-492e-a75d-c6ff1d491f50@group-BB5ADB4F319E
2020-08-16 01:33:21,723 [Listener at 127.0.0.1/34499] INFO  metrics.RatisMetrics (RatisMetrics.java:unregister(43)) - Unregistering Metrics Registry : ratis.server.0aca2dfd-bb2b-492e-a75d-c6ff1d491f50@group-BB5ADB4F319E
2020-08-16 01:33:21,724 [Listener at 127.0.0.1/34499] INFO  impl.StateMachineUpdater (StateMachineUpdater.java:stopAndJoin(142)) - 0aca2dfd-bb2b-492e-a75d-c6ff1d491f50@group-BB5ADB4F319E-StateMachineUpdater: set stopIndex = 0
2020-08-16 01:33:21,724 [0aca2dfd-bb2b-492e-a75d-c6ff1d491f50@group-BB5ADB4F319E-StateMachineUpdater] INFO  ratis.ContainerStateMachine (ContainerStateMachine.java:takeSnapshot(293)) - group-BB5ADB4F319E: Taking a snapshot at:(t:1, i:0) file /github/workspace/mnt/ozone/hadoop-ozone/integration-test/target/test-dir/MiniOzoneClusterImpl-c38a1ae0-e263-4e30-b27e-4e0674c9e28f/datanode-3/data/ratis/6b18829a-0493-4b13-8b58-bb5adb4f319e/sm/snapshot.1_0
2020-08-16 01:33:21,725 [ForkJoinPool.commonPool-worker-1] INFO  ozoneimpl.OzoneContainer (OzoneContainer.java:stop(259)) - Attempting to stop container services.
2020-08-16 01:33:21,725 [ForkJoinPool.commonPool-worker-1] INFO  impl.RaftServerProxy (RaftServerProxy.java:lambda$close$4(319)) - 546ce851-431a-41f4-9a88-b3ac322f1852: close
2020-08-16 01:33:21,726 [ForkJoinPool.commonPool-worker-1] INFO  impl.RaftServerImpl (RaftServerImpl.java:lambda$shutdown$3(263)) - 546ce851-431a-41f4-9a88-b3ac322f1852@group-F3FA92D03604: shutdown
2020-08-16 01:33:21,726 [0aca2dfd-bb2b-492e-a75d-c6ff1d491f50@group-BB5ADB4F319E-StateMachineUpdater] INFO  ratis.ContainerStateMachine (ContainerStateMachine.java:takeSnapshot(304)) - group-BB5ADB4F319E: Finished taking a snapshot at:(t:1, i:0) file:/github/workspace/mnt/ozone/hadoop-ozone/integration-test/target/test-dir/MiniOzoneClusterImpl-c38a1ae0-e263-4e30-b27e-4e0674c9e28f/datanode-3/data/ratis/6b18829a-0493-4b13-8b58-bb5adb4f319e/sm/snapshot.1_0 time:2
2020-08-16 01:33:21,726 [ForkJoinPool.commonPool-worker-1] INFO  util.JmxRegister (JmxRegister.java:unregister(73)) - Successfully un-registered JMX Bean with object name Ratis:service=RaftServer,group=group-F3FA92D03604,id=546ce851-431a-41f4-9a88-b3ac322f1852
2020-08-16 01:33:21,726 [ForkJoinPool.commonPool-worker-1] INFO  impl.RoleInfo (RoleInfo.java:shutdownLeaderState(104)) - 546ce851-431a-41f4-9a88-b3ac322f1852: shutdown LeaderState
2020-08-16 01:33:21,726 [ForkJoinPool.commonPool-worker-1] INFO  metrics.RatisMetrics (RatisMetrics.java:unregister(43)) - Unregistering Metrics Registry : ratis_grpc.log_appender.546ce851-431a-41f4-9a88-b3ac322f1852@group-F3FA92D03604
2020-08-16 01:33:21,726 [0aca2dfd-bb2b-492e-a75d-c6ff1d491f50@group-BB5ADB4F319E-StateMachineUpdater] INFO  impl.StateMachineUpdater (StateMachineUpdater.java:takeSnapshot(277)) - 0aca2dfd-bb2b-492e-a75d-c6ff1d491f50@group-BB5ADB4F319E-StateMachineUpdater: Took a snapshot at index 0
2020-08-16 01:33:21,726 [0aca2dfd-bb2b-492e-a75d-c6ff1d491f50@group-BB5ADB4F319E-StateMachineUpdater] INFO  impl.StateMachineUpdater (StateMachineUpdater.java:lambda$new$0(87)) - 0aca2dfd-bb2b-492e-a75d-c6ff1d491f50@group-BB5ADB4F319E-StateMachineUpdater: snapshotIndex: updateIncreasingly -1 -> 0
2020-08-16 01:33:21,726 [ForkJoinPool.commonPool-worker-1] INFO  metrics.RatisMetrics (RatisMetrics.java:unregister(43)) - Unregistering Metrics Registry : ratis_grpc.log_appender.546ce851-431a-41f4-9a88-b3ac322f1852@group-F3FA92D03604
2020-08-16 01:33:21,727 [org.apache.ratis.server.impl.LogAppender$AppenderDaemon$$Lambda$483/1723664919@416f676] WARN  server.GrpcLogAppender (GrpcLogAppender.java:mayWait(153)) - 546ce851-431a-41f4-9a88-b3ac322f1852@group-F3FA92D03604->77e37df0-b62c-4380-bf35-d4503fc20896-GrpcLogAppender: Wait interrupted by java.lang.InterruptedException
2020-08-16 01:33:21,726 [org.apache.ratis.server.impl.LogAppender$AppenderDaemon$$Lambda$483/1723664919@c1f3d63] WARN  server.GrpcLogAppender (GrpcLogAppender.java:mayWait(153)) - 546ce851-431a-41f4-9a88-b3ac322f1852@group-F3FA92D03604->beaeafa8-2e09-4551-bc75-8fc35f38ec6f-GrpcLogAppender: Wait interrupted by java.lang.InterruptedException
2020-08-16 01:33:21,726 [0aca2dfd-bb2b-492e-a75d-c6ff1d491f50@group-BB5ADB4F319E-StateMachineUpdater] INFO  metrics.RatisMetrics (RatisMetrics.java:unregister(43)) - Unregistering Metrics Registry : ratis.state_machine.0aca2dfd-bb2b-492e-a75d-c6ff1d491f50@group-BB5ADB4F319E
2020-08-16 01:33:21,729 [Listener at 127.0.0.1/34499] INFO  impl.RaftServerImpl (ServerState.java:close(387)) - 0aca2dfd-bb2b-492e-a75d-c6ff1d491f50@group-BB5ADB4F319E: closes. applyIndex: 0
2020-08-16 01:33:21,729 [grpc-default-executor-5] INFO  server.GrpcServerProtocolService (GrpcServerProtocolService.java:onCompleted(138)) - beaeafa8-2e09-4551-bc75-8fc35f38ec6f: Completed APPEND_ENTRIES, lastRequest: 546ce851-431a-41f4-9a88-b3ac322f1852->beaeafa8-2e09-4551-bc75-8fc35f38ec6f#1-t1, previous=(t:0, i:0), leaderCommit=0, initializing? false, entries: size=1, first=(t:1, i:0), CONFIGURATIONENTRY
2020-08-16 01:33:21,730 [0aca2dfd-bb2b-492e-a75d-c6ff1d491f50@group-BB5ADB4F319E-SegmentedRaftLogWorker] INFO  segmented.SegmentedRaftLogWorker (SegmentedRaftLogWorker.java:run(327)) - 0aca2dfd-bb2b-492e-a75d-c6ff1d491f50@group-BB5ADB4F319E-SegmentedRaftLogWorker was interrupted, exiting. There are 0 tasks remaining in the queue.
2020-08-16 01:33:21,727 [ForkJoinPool.commonPool-worker-1] INFO  impl.PendingRequests (PendingRequests.java:sendNotLeaderResponses(249)) - 546ce851-431a-41f4-9a88-b3ac322f1852@group-F3FA92D03604-PendingRequests: sendNotLeaderResponses
2020-08-16 01:33:21,730 [ForkJoinPool.commonPool-worker-1] INFO  metrics.RatisMetrics (RatisMetrics.java:unregister(43)) - Unregistering Metrics Registry : ratis.log_appender.546ce851-431a-41f4-9a88-b3ac322f1852@group-F3FA92D03604
2020-08-16 01:33:21,730 [ForkJoinPool.commonPool-worker-1] INFO  metrics.RatisMetrics (RatisMetrics.java:unregister(43)) - Unregistering Metrics Registry : ratis.server.546ce851-431a-41f4-9a88-b3ac322f1852@group-F3FA92D03604
2020-08-16 01:33:21,731 [ForkJoinPool.commonPool-worker-1] INFO  impl.StateMachineUpdater (StateMachineUpdater.java:stopAndJoin(142)) - 546ce851-431a-41f4-9a88-b3ac322f1852@group-F3FA92D03604-StateMachineUpdater: set stopIndex = 0
2020-08-16 01:33:21,731 [grpc-default-executor-3] INFO  server.GrpcLogAppender (GrpcLogAppender.java:onCompleted(319)) - 546ce851-431a-41f4-9a88-b3ac322f1852@group-F3FA92D03604->beaeafa8-2e09-4551-bc75-8fc35f38ec6f-AppendLogResponseHandler: follower responses appendEntries COMPLETED
2020-08-16 01:33:21,731 [546ce851-431a-41f4-9a88-b3ac322f1852@group-F3FA92D03604-StateMachineUpdater] INFO  ratis.ContainerStateMachine (ContainerStateMachine.java:takeSnapshot(293)) - group-F3FA92D03604: Taking a snapshot at:(t:1, i:0) file /github/workspace/mnt/ozone/hadoop-ozone/integration-test/target/test-dir/MiniOzoneClusterImpl-c38a1ae0-e263-4e30-b27e-4e0674c9e28f/datanode-2/data/ratis/c229b8d9-2971-42a2-bc75-f3fa92d03604/sm/snapshot.1_0
2020-08-16 01:33:21,732 [546ce851-431a-41f4-9a88-b3ac322f1852@group-F3FA92D03604-StateMachineUpdater] INFO  ratis.ContainerStateMachine (ContainerStateMachine.java:takeSnapshot(304)) - group-F3FA92D03604: Finished taking a snapshot at:(t:1, i:0) file:/github/workspace/mnt/ozone/hadoop-ozone/integration-test/target/test-dir/MiniOzoneClusterImpl-c38a1ae0-e263-4e30-b27e-4e0674c9e28f/datanode-2/data/ratis/c229b8d9-2971-42a2-bc75-f3fa92d03604/sm/snapshot.1_0 time:1
2020-08-16 01:33:21,732 [546ce851-431a-41f4-9a88-b3ac322f1852@group-F3FA92D03604-StateMachineUpdater] INFO  impl.StateMachineUpdater (StateMachineUpdater.java:takeSnapshot(277)) - 546ce851-431a-41f4-9a88-b3ac322f1852@group-F3FA92D03604-StateMachineUpdater: Took a snapshot at index 0
2020-08-16 01:33:21,732 [546ce851-431a-41f4-9a88-b3ac322f1852@group-F3FA92D03604-StateMachineUpdater] INFO  impl.StateMachineUpdater (StateMachineUpdater.java:lambda$new$0(87)) - 546ce851-431a-41f4-9a88-b3ac322f1852@group-F3FA92D03604-StateMachineUpdater: snapshotIndex: updateIncreasingly -1 -> 0
2020-08-16 01:33:21,732 [546ce851-431a-41f4-9a88-b3ac322f1852@group-F3FA92D03604-StateMachineUpdater] INFO  metrics.RatisMetrics (RatisMetrics.java:unregister(43)) - Unregistering Metrics Registry : ratis.state_machine.546ce851-431a-41f4-9a88-b3ac322f1852@group-F3FA92D03604
2020-08-16 01:33:21,732 [ForkJoinPool.commonPool-worker-1] INFO  impl.RaftServerImpl (ServerState.java:close(387)) - 546ce851-431a-41f4-9a88-b3ac322f1852@group-F3FA92D03604: closes. applyIndex: 0
2020-08-16 01:33:21,733 [546ce851-431a-41f4-9a88-b3ac322f1852@group-F3FA92D03604-SegmentedRaftLogWorker] INFO  segmented.SegmentedRaftLogWorker (SegmentedRaftLogWorker.java:run(327)) - 546ce851-431a-41f4-9a88-b3ac322f1852@group-F3FA92D03604-SegmentedRaftLogWorker was interrupted, exiting. There are 0 tasks remaining in the queue.
2020-08-16 01:33:21,733 [Listener at 127.0.0.1/34499] INFO  segmented.SegmentedRaftLogWorker (SegmentedRaftLogWorker.java:close(234)) - 0aca2dfd-bb2b-492e-a75d-c6ff1d491f50@group-BB5ADB4F319E-SegmentedRaftLogWorker close()
2020-08-16 01:33:21,733 [grpc-default-executor-3] INFO  impl.FollowerInfo (FollowerInfo.java:lambda$new$0(51)) - 546ce851-431a-41f4-9a88-b3ac322f1852@group-F3FA92D03604->beaeafa8-2e09-4551-bc75-8fc35f38ec6f: nextIndex: updateUnconditionally 1 -> 0
2020-08-16 01:33:21,734 [ForkJoinPool.commonPool-worker-1] INFO  segmented.SegmentedRaftLogWorker (SegmentedRaftLogWorker.java:close(234)) - 546ce851-431a-41f4-9a88-b3ac322f1852@group-F3FA92D03604-SegmentedRaftLogWorker close()
2020-08-16 01:33:21,734 [Listener at 127.0.0.1/34499] INFO  metrics.RatisMetrics (RatisMetrics.java:unregister(43)) - Unregistering Metrics Registry : ratis.log_worker.0aca2dfd-bb2b-492e-a75d-c6ff1d491f50@group-BB5ADB4F319E
2020-08-16 01:33:21,734 [Listener at 127.0.0.1/34499] INFO  metrics.RatisMetrics (RatisMetrics.java:unregister(43)) - Unregistering Metrics Registry : ratis.leader_election.0aca2dfd-bb2b-492e-a75d-c6ff1d491f50@group-BB5ADB4F319E
2020-08-16 01:33:21,735 [Listener at 127.0.0.1/34499] INFO  metrics.RatisMetrics (RatisMetrics.java:unregister(43)) - Unregistering Metrics Registry : ratis.server.0aca2dfd-bb2b-492e-a75d-c6ff1d491f50@group-BB5ADB4F319E
2020-08-16 01:33:21,735 [Listener at 127.0.0.1/34499] INFO  impl.RaftServerImpl (RaftServerImpl.java:lambda$shutdown$3(263)) - 0aca2dfd-bb2b-492e-a75d-c6ff1d491f50@group-B936530E8A46: shutdown
2020-08-16 01:33:21,735 [Listener at 127.0.0.1/34499] INFO  util.JmxRegister (JmxRegister.java:unregister(73)) - Successfully un-registered JMX Bean with object name Ratis:service=RaftServer,group=group-B936530E8A46,id=0aca2dfd-bb2b-492e-a75d-c6ff1d491f50
2020-08-16 01:33:21,735 [Listener at 127.0.0.1/34499] INFO  impl.RoleInfo (RoleInfo.java:shutdownFollowerState(121)) - 0aca2dfd-bb2b-492e-a75d-c6ff1d491f50: shutdown FollowerState
2020-08-16 01:33:21,736 [Thread-644] INFO  impl.FollowerState (FollowerState.java:run(117)) - 0aca2dfd-bb2b-492e-a75d-c6ff1d491f50@group-B936530E8A46-FollowerState was interrupted: java.lang.InterruptedException: sleep interrupted
2020-08-16 01:33:21,738 [ForkJoinPool.commonPool-worker-1] INFO  metrics.RatisMetrics (RatisMetrics.java:unregister(43)) - Unregistering Metrics Registry : ratis.log_worker.546ce851-431a-41f4-9a88-b3ac322f1852@group-F3FA92D03604
2020-08-16 01:33:21,738 [ForkJoinPool.commonPool-worker-1] INFO  metrics.RatisMetrics (RatisMetrics.java:unregister(43)) - Unregistering Metrics Registry : ratis.leader_election.546ce851-431a-41f4-9a88-b3ac322f1852@group-F3FA92D03604
2020-08-16 01:33:21,738 [ForkJoinPool.commonPool-worker-1] INFO  metrics.RatisMetrics (RatisMetrics.java:unregister(43)) - Unregistering Metrics Registry : ratis.server.546ce851-431a-41f4-9a88-b3ac322f1852@group-F3FA92D03604
2020-08-16 01:33:21,738 [ForkJoinPool.commonPool-worker-1] INFO  impl.RaftServerImpl (RaftServerImpl.java:lambda$shutdown$3(263)) - 546ce851-431a-41f4-9a88-b3ac322f1852@group-3CB48574CD1F: shutdown
2020-08-16 01:33:21,739 [ForkJoinPool.commonPool-worker-1] INFO  util.JmxRegister (JmxRegister.java:unregister(73)) - Successfully un-registered JMX Bean with object name Ratis:service=RaftServer,group=group-3CB48574CD1F,id=546ce851-431a-41f4-9a88-b3ac322f1852
2020-08-16 01:33:21,739 [ForkJoinPool.commonPool-worker-1] INFO  impl.RoleInfo (RoleInfo.java:shutdownLeaderState(104)) - 546ce851-431a-41f4-9a88-b3ac322f1852: shutdown LeaderState
2020-08-16 01:33:21,739 [ForkJoinPool.commonPool-worker-1] INFO  impl.PendingRequests (PendingRequests.java:sendNotLeaderResponses(249)) - 546ce851-431a-41f4-9a88-b3ac322f1852@group-3CB48574CD1F-PendingRequests: sendNotLeaderResponses
2020-08-16 01:33:21,739 [ForkJoinPool.commonPool-worker-1] INFO  metrics.RatisMetrics (RatisMetrics.java:unregister(43)) - Unregistering Metrics Registry : ratis.log_appender.546ce851-431a-41f4-9a88-b3ac322f1852@group-3CB48574CD1F
2020-08-16 01:33:21,739 [ForkJoinPool.commonPool-worker-1] INFO  metrics.RatisMetrics (RatisMetrics.java:unregister(43)) - Unregistering Metrics Registry : ratis.server.546ce851-431a-41f4-9a88-b3ac322f1852@group-3CB48574CD1F
2020-08-16 01:33:21,740 [0aca2dfd-bb2b-492e-a75d-c6ff1d491f50@group-B936530E8A46-StateMachineUpdater] INFO  ratis.ContainerStateMachine (ContainerStateMachine.java:takeSnapshot(293)) - group-B936530E8A46: Taking a snapshot at:(t:1, i:0) file /github/workspace/mnt/ozone/hadoop-ozone/integration-test/target/test-dir/MiniOzoneClusterImpl-c38a1ae0-e263-4e30-b27e-4e0674c9e28f/datanode-3/data/ratis/bd77e43a-9b37-41bb-83b7-b936530e8a46/sm/snapshot.1_0
2020-08-16 01:33:21,740 [Listener at 127.0.0.1/34499] INFO  impl.StateMachineUpdater (StateMachineUpdater.java:stopAndJoin(142)) - 0aca2dfd-bb2b-492e-a75d-c6ff1d491f50@group-B936530E8A46-StateMachineUpdater: set stopIndex = 0
2020-08-16 01:33:21,741 [546ce851-431a-41f4-9a88-b3ac322f1852@group-3CB48574CD1F-StateMachineUpdater] INFO  ratis.ContainerStateMachine (ContainerStateMachine.java:takeSnapshot(293)) - group-3CB48574CD1F: Taking a snapshot at:(t:1, i:0) file /github/workspace/mnt/ozone/hadoop-ozone/integration-test/target/test-dir/MiniOzoneClusterImpl-c38a1ae0-e263-4e30-b27e-4e0674c9e28f/datanode-2/data/ratis/b54ea357-eabf-4ae7-88f2-3cb48574cd1f/sm/snapshot.1_0
2020-08-16 01:33:21,741 [ForkJoinPool.commonPool-worker-1] INFO  impl.StateMachineUpdater (StateMachineUpdater.java:stopAndJoin(142)) - 546ce851-431a-41f4-9a88-b3ac322f1852@group-3CB48574CD1F-StateMachineUpdater: set stopIndex = 0
2020-08-16 01:33:21,741 [0aca2dfd-bb2b-492e-a75d-c6ff1d491f50@group-B936530E8A46-StateMachineUpdater] INFO  ratis.ContainerStateMachine (ContainerStateMachine.java:takeSnapshot(304)) - group-B936530E8A46: Finished taking a snapshot at:(t:1, i:0) file:/github/workspace/mnt/ozone/hadoop-ozone/integration-test/target/test-dir/MiniOzoneClusterImpl-c38a1ae0-e263-4e30-b27e-4e0674c9e28f/datanode-3/data/ratis/bd77e43a-9b37-41bb-83b7-b936530e8a46/sm/snapshot.1_0 time:1
2020-08-16 01:33:21,741 [0aca2dfd-bb2b-492e-a75d-c6ff1d491f50@group-B936530E8A46-StateMachineUpdater] INFO  impl.StateMachineUpdater (StateMachineUpdater.java:takeSnapshot(277)) - 0aca2dfd-bb2b-492e-a75d-c6ff1d491f50@group-B936530E8A46-StateMachineUpdater: Took a snapshot at index 0
2020-08-16 01:33:21,741 [0aca2dfd-bb2b-492e-a75d-c6ff1d491f50@group-B936530E8A46-StateMachineUpdater] INFO  impl.StateMachineUpdater (StateMachineUpdater.java:lambda$new$0(87)) - 0aca2dfd-bb2b-492e-a75d-c6ff1d491f50@group-B936530E8A46-StateMachineUpdater: snapshotIndex: updateIncreasingly -1 -> 0
2020-08-16 01:33:21,741 [546ce851-431a-41f4-9a88-b3ac322f1852@group-3CB48574CD1F-StateMachineUpdater] INFO  ratis.ContainerStateMachine (ContainerStateMachine.java:takeSnapshot(304)) - group-3CB48574CD1F: Finished taking a snapshot at:(t:1, i:0) file:/github/workspace/mnt/ozone/hadoop-ozone/integration-test/target/test-dir/MiniOzoneClusterImpl-c38a1ae0-e263-4e30-b27e-4e0674c9e28f/datanode-2/data/ratis/b54ea357-eabf-4ae7-88f2-3cb48574cd1f/sm/snapshot.1_0 time:1
2020-08-16 01:33:21,742 [546ce851-431a-41f4-9a88-b3ac322f1852@group-3CB48574CD1F-StateMachineUpdater] INFO  impl.StateMachineUpdater (StateMachineUpdater.java:takeSnapshot(277)) - 546ce851-431a-41f4-9a88-b3ac322f1852@group-3CB48574CD1F-StateMachineUpdater: Took a snapshot at index 0
2020-08-16 01:33:21,742 [546ce851-431a-41f4-9a88-b3ac322f1852@group-3CB48574CD1F-StateMachineUpdater] INFO  impl.StateMachineUpdater (StateMachineUpdater.java:lambda$new$0(87)) - 546ce851-431a-41f4-9a88-b3ac322f1852@group-3CB48574CD1F-StateMachineUpdater: snapshotIndex: updateIncreasingly -1 -> 0
2020-08-16 01:33:21,742 [546ce851-431a-41f4-9a88-b3ac322f1852@group-3CB48574CD1F-StateMachineUpdater] INFO  metrics.RatisMetrics (RatisMetrics.java:unregister(43)) - Unregistering Metrics Registry : ratis.state_machine.546ce851-431a-41f4-9a88-b3ac322f1852@group-3CB48574CD1F
2020-08-16 01:33:21,742 [ForkJoinPool.commonPool-worker-1] INFO  impl.RaftServerImpl (ServerState.java:close(387)) - 546ce851-431a-41f4-9a88-b3ac322f1852@group-3CB48574CD1F: closes. applyIndex: 0
2020-08-16 01:33:21,742 [546ce851-431a-41f4-9a88-b3ac322f1852@group-3CB48574CD1F-SegmentedRaftLogWorker] INFO  segmented.SegmentedRaftLogWorker (SegmentedRaftLogWorker.java:run(327)) - 546ce851-431a-41f4-9a88-b3ac322f1852@group-3CB48574CD1F-SegmentedRaftLogWorker was interrupted, exiting. There are 0 tasks remaining in the queue.
2020-08-16 01:33:21,752 [0aca2dfd-bb2b-492e-a75d-c6ff1d491f50@group-B936530E8A46-StateMachineUpdater] INFO  metrics.RatisMetrics (RatisMetrics.java:unregister(43)) - Unregistering Metrics Registry : ratis.state_machine.0aca2dfd-bb2b-492e-a75d-c6ff1d491f50@group-B936530E8A46
2020-08-16 01:33:21,752 [Listener at 127.0.0.1/34499] INFO  impl.RaftServerImpl (ServerState.java:close(387)) - 0aca2dfd-bb2b-492e-a75d-c6ff1d491f50@group-B936530E8A46: closes. applyIndex: 0
2020-08-16 01:33:21,752 [0aca2dfd-bb2b-492e-a75d-c6ff1d491f50@group-B936530E8A46-SegmentedRaftLogWorker] INFO  segmented.SegmentedRaftLogWorker (SegmentedRaftLogWorker.java:run(327)) - 0aca2dfd-bb2b-492e-a75d-c6ff1d491f50@group-B936530E8A46-SegmentedRaftLogWorker was interrupted, exiting. There are 0 tasks remaining in the queue.
2020-08-16 01:33:21,753 [Listener at 127.0.0.1/34499] INFO  segmented.SegmentedRaftLogWorker (SegmentedRaftLogWorker.java:close(234)) - 0aca2dfd-bb2b-492e-a75d-c6ff1d491f50@group-B936530E8A46-SegmentedRaftLogWorker close()
2020-08-16 01:33:21,753 [ForkJoinPool.commonPool-worker-1] INFO  segmented.SegmentedRaftLogWorker (SegmentedRaftLogWorker.java:close(234)) - 546ce851-431a-41f4-9a88-b3ac322f1852@group-3CB48574CD1F-SegmentedRaftLogWorker close()
2020-08-16 01:33:21,754 [ForkJoinPool.commonPool-worker-1] INFO  metrics.RatisMetrics (RatisMetrics.java:unregister(43)) - Unregistering Metrics Registry : ratis.log_worker.546ce851-431a-41f4-9a88-b3ac322f1852@group-3CB48574CD1F
2020-08-16 01:33:21,754 [Listener at 127.0.0.1/34499] INFO  metrics.RatisMetrics (RatisMetrics.java:unregister(43)) - Unregistering Metrics Registry : ratis.log_worker.0aca2dfd-bb2b-492e-a75d-c6ff1d491f50@group-B936530E8A46
2020-08-16 01:33:21,755 [ForkJoinPool.commonPool-worker-1] INFO  metrics.RatisMetrics (RatisMetrics.java:unregister(43)) - Unregistering Metrics Registry : ratis.leader_election.546ce851-431a-41f4-9a88-b3ac322f1852@group-3CB48574CD1F
2020-08-16 01:33:21,755 [Listener at 127.0.0.1/34499] INFO  metrics.RatisMetrics (RatisMetrics.java:unregister(43)) - Unregistering Metrics Registry : ratis.leader_election.0aca2dfd-bb2b-492e-a75d-c6ff1d491f50@group-B936530E8A46
2020-08-16 01:33:21,755 [Listener at 127.0.0.1/34499] INFO  metrics.RatisMetrics (RatisMetrics.java:unregister(43)) - Unregistering Metrics Registry : ratis.server.0aca2dfd-bb2b-492e-a75d-c6ff1d491f50@group-B936530E8A46
2020-08-16 01:33:21,755 [Listener at 127.0.0.1/34499] INFO  server.GrpcService (GrpcService.java:closeImpl(166)) - 0aca2dfd-bb2b-492e-a75d-c6ff1d491f50: shutdown server with port 39241 now
2020-08-16 01:33:21,755 [ForkJoinPool.commonPool-worker-1] INFO  metrics.RatisMetrics (RatisMetrics.java:unregister(43)) - Unregistering Metrics Registry : ratis.server.546ce851-431a-41f4-9a88-b3ac322f1852@group-3CB48574CD1F
2020-08-16 01:33:21,758 [ForkJoinPool.commonPool-worker-1] INFO  server.GrpcService (GrpcService.java:closeImpl(166)) - 546ce851-431a-41f4-9a88-b3ac322f1852: shutdown server with port 40883 now
2020-08-16 01:33:21,759 [grpc-default-executor-5] WARN  server.GrpcServerProtocolService (LogUtils.java:warn(122)) - 0aca2dfd-bb2b-492e-a75d-c6ff1d491f50: installSnapshot onError, lastRequest: 3911b809-9d88-4a7a-8c07-514c24e02423->0aca2dfd-bb2b-492e-a75d-c6ff1d491f50#1-t1, previous=(t:0, i:0), leaderCommit=0, initializing? false, entries: size=1, first=(t:1, i:0), CONFIGURATIONENTRY: org.apache.ratis.thirdparty.io.grpc.StatusRuntimeException: CANCELLED: cancelled before receiving half close
2020-08-16 01:33:21,760 [grpc-default-executor-1] WARN  server.GrpcLogAppender (LogUtils.java:warn(122)) - 3911b809-9d88-4a7a-8c07-514c24e02423@group-B936530E8A46->0aca2dfd-bb2b-492e-a75d-c6ff1d491f50-AppendLogResponseHandler: Failed appendEntries: org.apache.ratis.thirdparty.io.grpc.StatusRuntimeException: CANCELLED: HTTP/2 error code: CANCEL
Received Rst Stream
2020-08-16 01:33:21,761 [Listener at 127.0.0.1/34499] INFO  server.GrpcService (GrpcService.java:closeImpl(174)) - 0aca2dfd-bb2b-492e-a75d-c6ff1d491f50: shutdown server with port 39241 successfully
2020-08-16 01:33:21,761 [grpc-default-executor-1] INFO  impl.FollowerInfo (FollowerInfo.java:lambda$new$0(51)) - 3911b809-9d88-4a7a-8c07-514c24e02423@group-B936530E8A46->0aca2dfd-bb2b-492e-a75d-c6ff1d491f50: nextIndex: updateUnconditionally 1 -> 0
2020-08-16 01:33:21,762 [ForkJoinPool.commonPool-worker-1] INFO  server.GrpcService (GrpcService.java:closeImpl(174)) - 546ce851-431a-41f4-9a88-b3ac322f1852: shutdown server with port 40883 successfully
2020-08-16 01:33:21,762 [Listener at 127.0.0.1/34499] INFO  utils.BackgroundService (BackgroundService.java:shutdown(157)) - Shutting down service BlockDeletingService
2020-08-16 01:33:21,765 [Listener at 127.0.0.1/34499] INFO  statemachine.DatanodeStateMachine (DatanodeStateMachine.java:stopDaemon(454)) - Ozone container server stopped.
2020-08-16 01:33:21,766 [ForkJoinPool.commonPool-worker-1] INFO  utils.BackgroundService (BackgroundService.java:shutdown(157)) - Shutting down service BlockDeletingService
2020-08-16 01:33:21,767 [ForkJoinPool.commonPool-worker-1] INFO  statemachine.DatanodeStateMachine (DatanodeStateMachine.java:stopDaemon(454)) - Ozone container server stopped.
2020-08-16 01:33:21,773 [Listener at 127.0.0.1/34499] INFO  handler.ContextHandler (ContextHandler.java:doStop(1016)) - Stopped o.e.j.w.WebAppContext@45a248da{hddsDatanode,/,null,UNAVAILABLE}{jar:file:/home/user/.m2/repository/org/apache/hadoop/hadoop-hdds-container-service/0.6.0-SNAPSHOT/hadoop-hdds-container-service-0.6.0-SNAPSHOT.jar!/webapps/hddsDatanode}
2020-08-16 01:33:21,776 [Listener at 127.0.0.1/34499] INFO  server.AbstractConnector (AbstractConnector.java:doStop(380)) - Stopped ServerConnector@3e208c5f{HTTP/1.1,[http/1.1]}{0.0.0.0:0}
2020-08-16 01:33:21,776 [Listener at 127.0.0.1/34499] INFO  server.session (HouseKeeper.java:stopScavenging(158)) - node0 Stopped scavenging
2020-08-16 01:33:21,776 [Listener at 127.0.0.1/34499] INFO  handler.ContextHandler (ContextHandler.java:doStop(1016)) - Stopped o.e.j.s.ServletContextHandler@3461fe57{static,/static,jar:file:/home/user/.m2/repository/org/apache/hadoop/hadoop-hdds-container-service/0.6.0-SNAPSHOT/hadoop-hdds-container-service-0.6.0-SNAPSHOT.jar!/webapps/static,UNAVAILABLE}
2020-08-16 01:33:21,776 [Listener at 127.0.0.1/34499] INFO  handler.ContextHandler (ContextHandler.java:doStop(1016)) - Stopped o.e.j.s.ServletContextHandler@2777a97a{logs,/logs,file:///github/workspace/mnt/ozone/hadoop-ozone/integration-test/target/log,UNAVAILABLE}
2020-08-16 01:33:21,783 [ForkJoinPool.commonPool-worker-1] INFO  handler.ContextHandler (ContextHandler.java:doStop(1016)) - Stopped o.e.j.w.WebAppContext@5e003eec{hddsDatanode,/,null,UNAVAILABLE}{jar:file:/home/user/.m2/repository/org/apache/hadoop/hadoop-hdds-container-service/0.6.0-SNAPSHOT/hadoop-hdds-container-service-0.6.0-SNAPSHOT.jar!/webapps/hddsDatanode}
2020-08-16 01:33:21,784 [ForkJoinPool.commonPool-worker-1] INFO  server.AbstractConnector (AbstractConnector.java:doStop(380)) - Stopped ServerConnector@7570d6ae{HTTP/1.1,[http/1.1]}{0.0.0.0:0}
2020-08-16 01:33:21,784 [ForkJoinPool.commonPool-worker-1] INFO  server.session (HouseKeeper.java:stopScavenging(158)) - node0 Stopped scavenging
2020-08-16 01:33:21,785 [ForkJoinPool.commonPool-worker-1] INFO  handler.ContextHandler (ContextHandler.java:doStop(1016)) - Stopped o.e.j.s.ServletContextHandler@1778e612{static,/static,jar:file:/home/user/.m2/repository/org/apache/hadoop/hadoop-hdds-container-service/0.6.0-SNAPSHOT/hadoop-hdds-container-service-0.6.0-SNAPSHOT.jar!/webapps/static,UNAVAILABLE}
2020-08-16 01:33:21,786 [ForkJoinPool.commonPool-worker-1] INFO  handler.ContextHandler (ContextHandler.java:doStop(1016)) - Stopped o.e.j.s.ServletContextHandler@313d4d87{logs,/logs,file:///github/workspace/mnt/ozone/hadoop-ozone/integration-test/target/log,UNAVAILABLE}
2020-08-16 01:33:22,139 [Datanode State Machine Thread - 0] INFO  statemachine.DatanodeStateMachine (DatanodeStateMachine.java:lambda$startDaemon$0(406)) - Ozone container server started.
2020-08-16 01:33:22,282 [Datanode State Machine Thread - 0] INFO  statemachine.DatanodeStateMachine (DatanodeStateMachine.java:lambda$startDaemon$0(406)) - Ozone container server started.
2020-08-16 01:33:23,846 [grpc-default-executor-1] WARN  server.GrpcLogAppender (LogUtils.java:warn(122)) - 3911b809-9d88-4a7a-8c07-514c24e02423@group-B936530E8A46->cef71658-d1b1-44d1-b37f-521e4e788a00-AppendLogResponseHandler: Failed appendEntries: org.apache.ratis.thirdparty.io.grpc.StatusRuntimeException: UNAVAILABLE: io exception
2020-08-16 01:33:23,848 [grpc-default-executor-1] INFO  impl.FollowerInfo (FollowerInfo.java:lambda$new$0(51)) - 3911b809-9d88-4a7a-8c07-514c24e02423@group-B936530E8A46->cef71658-d1b1-44d1-b37f-521e4e788a00: nextIndex: updateUnconditionally 1 -> 0
2020-08-16 01:33:23,875 [grpc-default-executor-3] WARN  server.GrpcLogAppender (LogUtils.java:warn(122)) - 3911b809-9d88-4a7a-8c07-514c24e02423@group-B936530E8A46->0aca2dfd-bb2b-492e-a75d-c6ff1d491f50-AppendLogResponseHandler: Failed appendEntries: org.apache.ratis.thirdparty.io.grpc.StatusRuntimeException: UNAVAILABLE: io exception
2020-08-16 01:33:23,876 [grpc-default-executor-3] INFO  impl.FollowerInfo (FollowerInfo.java:lambda$new$0(51)) - 3911b809-9d88-4a7a-8c07-514c24e02423@group-B936530E8A46->0aca2dfd-bb2b-492e-a75d-c6ff1d491f50: nextIndex: updateUnconditionally 1 -> 0
2020-08-16 01:33:26,348 [grpc-default-executor-1] WARN  server.GrpcLogAppender (LogUtils.java:warn(122)) - 3911b809-9d88-4a7a-8c07-514c24e02423@group-B936530E8A46->cef71658-d1b1-44d1-b37f-521e4e788a00-AppendLogResponseHandler: Failed appendEntries: org.apache.ratis.thirdparty.io.grpc.StatusRuntimeException: UNAVAILABLE: io exception
2020-08-16 01:33:26,349 [grpc-default-executor-1] INFO  impl.FollowerInfo (FollowerInfo.java:lambda$new$0(51)) - 3911b809-9d88-4a7a-8c07-514c24e02423@group-B936530E8A46->cef71658-d1b1-44d1-b37f-521e4e788a00: nextIndex: updateUnconditionally 1 -> 0
2020-08-16 01:33:26,377 [grpc-default-executor-3] WARN  server.GrpcLogAppender (LogUtils.java:warn(122)) - 3911b809-9d88-4a7a-8c07-514c24e02423@group-B936530E8A46->0aca2dfd-bb2b-492e-a75d-c6ff1d491f50-AppendLogResponseHandler: Failed appendEntries: org.apache.ratis.thirdparty.io.grpc.StatusRuntimeException: UNAVAILABLE: io exception
2020-08-16 01:33:26,381 [grpc-default-executor-3] INFO  impl.FollowerInfo (FollowerInfo.java:lambda$new$0(51)) - 3911b809-9d88-4a7a-8c07-514c24e02423@group-B936530E8A46->0aca2dfd-bb2b-492e-a75d-c6ff1d491f50: nextIndex: updateUnconditionally 1 -> 0
2020-08-16 01:33:26,778 [Listener at 127.0.0.1/34499] INFO  ozoneimpl.OzoneContainer (OzoneContainer.java:stop(259)) - Attempting to stop container services.
2020-08-16 01:33:26,779 [Listener at 127.0.0.1/34499] INFO  impl.RaftServerProxy (RaftServerProxy.java:lambda$close$4(319)) - 124f0e29-3351-4707-96c6-81bbc40b441a: close
2020-08-16 01:33:26,779 [Listener at 127.0.0.1/34499] INFO  impl.RaftServerImpl (RaftServerImpl.java:lambda$shutdown$3(263)) - 124f0e29-3351-4707-96c6-81bbc40b441a@group-6E9AFB501E3B: shutdown
2020-08-16 01:33:26,779 [Listener at 127.0.0.1/34499] INFO  util.JmxRegister (JmxRegister.java:unregister(73)) - Successfully un-registered JMX Bean with object name Ratis:service=RaftServer,group=group-6E9AFB501E3B,id=124f0e29-3351-4707-96c6-81bbc40b441a
2020-08-16 01:33:26,779 [Listener at 127.0.0.1/34499] INFO  impl.RoleInfo (RoleInfo.java:shutdownLeaderState(104)) - 124f0e29-3351-4707-96c6-81bbc40b441a: shutdown LeaderState
2020-08-16 01:33:26,779 [Listener at 127.0.0.1/34499] INFO  impl.PendingRequests (PendingRequests.java:sendNotLeaderResponses(249)) - 124f0e29-3351-4707-96c6-81bbc40b441a@group-6E9AFB501E3B-PendingRequests: sendNotLeaderResponses
2020-08-16 01:33:26,780 [Listener at 127.0.0.1/34499] INFO  metrics.RatisMetrics (RatisMetrics.java:unregister(43)) - Unregistering Metrics Registry : ratis.log_appender.124f0e29-3351-4707-96c6-81bbc40b441a@group-6E9AFB501E3B
2020-08-16 01:33:26,780 [Listener at 127.0.0.1/34499] INFO  metrics.RatisMetrics (RatisMetrics.java:unregister(43)) - Unregistering Metrics Registry : ratis.server.124f0e29-3351-4707-96c6-81bbc40b441a@group-6E9AFB501E3B
2020-08-16 01:33:26,780 [Listener at 127.0.0.1/34499] INFO  impl.StateMachineUpdater (StateMachineUpdater.java:stopAndJoin(142)) - 124f0e29-3351-4707-96c6-81bbc40b441a@group-6E9AFB501E3B-StateMachineUpdater: set stopIndex = 0
2020-08-16 01:33:26,781 [124f0e29-3351-4707-96c6-81bbc40b441a@group-6E9AFB501E3B-StateMachineUpdater] INFO  ratis.ContainerStateMachine (ContainerStateMachine.java:takeSnapshot(293)) - group-6E9AFB501E3B: Taking a snapshot at:(t:1, i:0) file /github/workspace/mnt/ozone/hadoop-ozone/integration-test/target/test-dir/MiniOzoneClusterImpl-c38a1ae0-e263-4e30-b27e-4e0674c9e28f/datanode-6/data/ratis/cddb8264-955b-4d60-a0fa-6e9afb501e3b/sm/snapshot.1_0
2020-08-16 01:33:26,782 [124f0e29-3351-4707-96c6-81bbc40b441a@group-6E9AFB501E3B-StateMachineUpdater] INFO  ratis.ContainerStateMachine (ContainerStateMachine.java:takeSnapshot(304)) - group-6E9AFB501E3B: Finished taking a snapshot at:(t:1, i:0) file:/github/workspace/mnt/ozone/hadoop-ozone/integration-test/target/test-dir/MiniOzoneClusterImpl-c38a1ae0-e263-4e30-b27e-4e0674c9e28f/datanode-6/data/ratis/cddb8264-955b-4d60-a0fa-6e9afb501e3b/sm/snapshot.1_0 time:1
2020-08-16 01:33:26,782 [124f0e29-3351-4707-96c6-81bbc40b441a@group-6E9AFB501E3B-StateMachineUpdater] INFO  impl.StateMachineUpdater (StateMachineUpdater.java:takeSnapshot(277)) - 124f0e29-3351-4707-96c6-81bbc40b441a@group-6E9AFB501E3B-StateMachineUpdater: Took a snapshot at index 0
2020-08-16 01:33:26,782 [124f0e29-3351-4707-96c6-81bbc40b441a@group-6E9AFB501E3B-StateMachineUpdater] INFO  impl.StateMachineUpdater (StateMachineUpdater.java:lambda$new$0(87)) - 124f0e29-3351-4707-96c6-81bbc40b441a@group-6E9AFB501E3B-StateMachineUpdater: snapshotIndex: updateIncreasingly -1 -> 0
2020-08-16 01:33:26,783 [124f0e29-3351-4707-96c6-81bbc40b441a@group-6E9AFB501E3B-StateMachineUpdater] INFO  metrics.RatisMetrics (RatisMetrics.java:unregister(43)) - Unregistering Metrics Registry : ratis.state_machine.124f0e29-3351-4707-96c6-81bbc40b441a@group-6E9AFB501E3B
2020-08-16 01:33:26,783 [Listener at 127.0.0.1/34499] INFO  impl.RaftServerImpl (ServerState.java:close(387)) - 124f0e29-3351-4707-96c6-81bbc40b441a@group-6E9AFB501E3B: closes. applyIndex: 0
2020-08-16 01:33:26,783 [124f0e29-3351-4707-96c6-81bbc40b441a@group-6E9AFB501E3B-SegmentedRaftLogWorker] INFO  segmented.SegmentedRaftLogWorker (SegmentedRaftLogWorker.java:run(327)) - 124f0e29-3351-4707-96c6-81bbc40b441a@group-6E9AFB501E3B-SegmentedRaftLogWorker was interrupted, exiting. There are 0 tasks remaining in the queue.
2020-08-16 01:33:26,784 [Listener at 127.0.0.1/34499] INFO  segmented.SegmentedRaftLogWorker (SegmentedRaftLogWorker.java:close(234)) - 124f0e29-3351-4707-96c6-81bbc40b441a@group-6E9AFB501E3B-SegmentedRaftLogWorker close()
2020-08-16 01:33:26,785 [Listener at 127.0.0.1/34499] INFO  metrics.RatisMetrics (RatisMetrics.java:unregister(43)) - Unregistering Metrics Registry : ratis.log_worker.124f0e29-3351-4707-96c6-81bbc40b441a@group-6E9AFB501E3B
2020-08-16 01:33:26,785 [Listener at 127.0.0.1/34499] INFO  metrics.RatisMetrics (RatisMetrics.java:unregister(43)) - Unregistering Metrics Registry : ratis.leader_election.124f0e29-3351-4707-96c6-81bbc40b441a@group-6E9AFB501E3B
2020-08-16 01:33:26,785 [Listener at 127.0.0.1/34499] INFO  metrics.RatisMetrics (RatisMetrics.java:unregister(43)) - Unregistering Metrics Registry : ratis.server.124f0e29-3351-4707-96c6-81bbc40b441a@group-6E9AFB501E3B
2020-08-16 01:33:26,785 [Listener at 127.0.0.1/34499] INFO  server.GrpcService (GrpcService.java:closeImpl(166)) - 124f0e29-3351-4707-96c6-81bbc40b441a: shutdown server with port 37925 now
2020-08-16 01:33:26,786 [Listener at 127.0.0.1/34499] INFO  server.GrpcService (GrpcService.java:closeImpl(174)) - 124f0e29-3351-4707-96c6-81bbc40b441a: shutdown server with port 37925 successfully
2020-08-16 01:33:26,787 [Listener at 127.0.0.1/34499] INFO  utils.BackgroundService (BackgroundService.java:shutdown(157)) - Shutting down service BlockDeletingService
2020-08-16 01:33:26,788 [ForkJoinPool.commonPool-worker-1] INFO  ozoneimpl.OzoneContainer (OzoneContainer.java:stop(259)) - Attempting to stop container services.
2020-08-16 01:33:26,788 [ForkJoinPool.commonPool-worker-1] INFO  impl.RaftServerProxy (RaftServerProxy.java:lambda$close$4(319)) - beaeafa8-2e09-4551-bc75-8fc35f38ec6f: close
2020-08-16 01:33:26,788 [ForkJoinPool.commonPool-worker-1] INFO  impl.RaftServerImpl (RaftServerImpl.java:lambda$shutdown$3(263)) - beaeafa8-2e09-4551-bc75-8fc35f38ec6f@group-F3FA92D03604: shutdown
2020-08-16 01:33:26,788 [ForkJoinPool.commonPool-worker-1] INFO  util.JmxRegister (JmxRegister.java:unregister(73)) - Successfully un-registered JMX Bean with object name Ratis:service=RaftServer,group=group-F3FA92D03604,id=beaeafa8-2e09-4551-bc75-8fc35f38ec6f
2020-08-16 01:33:26,789 [ForkJoinPool.commonPool-worker-1] INFO  impl.RoleInfo (RoleInfo.java:shutdownFollowerState(121)) - beaeafa8-2e09-4551-bc75-8fc35f38ec6f: shutdown FollowerState
2020-08-16 01:33:26,789 [ForkJoinPool.commonPool-worker-1] INFO  impl.StateMachineUpdater (StateMachineUpdater.java:stopAndJoin(142)) - beaeafa8-2e09-4551-bc75-8fc35f38ec6f@group-F3FA92D03604-StateMachineUpdater: set stopIndex = 0
2020-08-16 01:33:26,789 [Thread-622] INFO  impl.FollowerState (FollowerState.java:run(117)) - beaeafa8-2e09-4551-bc75-8fc35f38ec6f@group-F3FA92D03604-FollowerState was interrupted: java.lang.InterruptedException: sleep interrupted
2020-08-16 01:33:26,790 [beaeafa8-2e09-4551-bc75-8fc35f38ec6f@group-F3FA92D03604-StateMachineUpdater] INFO  ratis.ContainerStateMachine (ContainerStateMachine.java:takeSnapshot(293)) - group-F3FA92D03604: Taking a snapshot at:(t:1, i:0) file /github/workspace/mnt/ozone/hadoop-ozone/integration-test/target/test-dir/MiniOzoneClusterImpl-c38a1ae0-e263-4e30-b27e-4e0674c9e28f/datanode-0/data/ratis/c229b8d9-2971-42a2-bc75-f3fa92d03604/sm/snapshot.1_0
2020-08-16 01:33:26,791 [Listener at 127.0.0.1/34499] INFO  statemachine.DatanodeStateMachine (DatanodeStateMachine.java:stopDaemon(454)) - Ozone container server stopped.
2020-08-16 01:33:26,791 [beaeafa8-2e09-4551-bc75-8fc35f38ec6f@group-F3FA92D03604-StateMachineUpdater] INFO  ratis.ContainerStateMachine (ContainerStateMachine.java:takeSnapshot(304)) - group-F3FA92D03604: Finished taking a snapshot at:(t:1, i:0) file:/github/workspace/mnt/ozone/hadoop-ozone/integration-test/target/test-dir/MiniOzoneClusterImpl-c38a1ae0-e263-4e30-b27e-4e0674c9e28f/datanode-0/data/ratis/c229b8d9-2971-42a2-bc75-f3fa92d03604/sm/snapshot.1_0 time:1
2020-08-16 01:33:26,791 [beaeafa8-2e09-4551-bc75-8fc35f38ec6f@group-F3FA92D03604-StateMachineUpdater] INFO  impl.StateMachineUpdater (StateMachineUpdater.java:takeSnapshot(277)) - beaeafa8-2e09-4551-bc75-8fc35f38ec6f@group-F3FA92D03604-StateMachineUpdater: Took a snapshot at index 0
2020-08-16 01:33:26,791 [beaeafa8-2e09-4551-bc75-8fc35f38ec6f@group-F3FA92D03604-StateMachineUpdater] INFO  impl.StateMachineUpdater (StateMachineUpdater.java:lambda$new$0(87)) - beaeafa8-2e09-4551-bc75-8fc35f38ec6f@group-F3FA92D03604-StateMachineUpdater: snapshotIndex: updateIncreasingly -1 -> 0
2020-08-16 01:33:26,791 [beaeafa8-2e09-4551-bc75-8fc35f38ec6f@group-F3FA92D03604-StateMachineUpdater] INFO  metrics.RatisMetrics (RatisMetrics.java:unregister(43)) - Unregistering Metrics Registry : ratis.state_machine.beaeafa8-2e09-4551-bc75-8fc35f38ec6f@group-F3FA92D03604
2020-08-16 01:33:26,792 [ForkJoinPool.commonPool-worker-1] INFO  impl.RaftServerImpl (ServerState.java:close(387)) - beaeafa8-2e09-4551-bc75-8fc35f38ec6f@group-F3FA92D03604: closes. applyIndex: 0
2020-08-16 01:33:26,792 [beaeafa8-2e09-4551-bc75-8fc35f38ec6f@group-F3FA92D03604-SegmentedRaftLogWorker] INFO  segmented.SegmentedRaftLogWorker (SegmentedRaftLogWorker.java:run(327)) - beaeafa8-2e09-4551-bc75-8fc35f38ec6f@group-F3FA92D03604-SegmentedRaftLogWorker was interrupted, exiting. There are 0 tasks remaining in the queue.
2020-08-16 01:33:26,797 [Listener at 127.0.0.1/34499] INFO  handler.ContextHandler (ContextHandler.java:doStop(1016)) - Stopped o.e.j.w.WebAppContext@5efb274a{hddsDatanode,/,null,UNAVAILABLE}{jar:file:/home/user/.m2/repository/org/apache/hadoop/hadoop-hdds-container-service/0.6.0-SNAPSHOT/hadoop-hdds-container-service-0.6.0-SNAPSHOT.jar!/webapps/hddsDatanode}
2020-08-16 01:33:26,798 [ForkJoinPool.commonPool-worker-1] INFO  segmented.SegmentedRaftLogWorker (SegmentedRaftLogWorker.java:close(234)) - beaeafa8-2e09-4551-bc75-8fc35f38ec6f@group-F3FA92D03604-SegmentedRaftLogWorker close()
2020-08-16 01:33:26,800 [Listener at 127.0.0.1/34499] INFO  server.AbstractConnector (AbstractConnector.java:doStop(380)) - Stopped ServerConnector@6b14a602{HTTP/1.1,[http/1.1]}{0.0.0.0:0}
2020-08-16 01:33:26,800 [ForkJoinPool.commonPool-worker-1] INFO  metrics.RatisMetrics (RatisMetrics.java:unregister(43)) - Unregistering Metrics Registry : ratis.log_worker.beaeafa8-2e09-4551-bc75-8fc35f38ec6f@group-F3FA92D03604
2020-08-16 01:33:26,800 [ForkJoinPool.commonPool-worker-1] INFO  metrics.RatisMetrics (RatisMetrics.java:unregister(43)) - Unregistering Metrics Registry : ratis.leader_election.beaeafa8-2e09-4551-bc75-8fc35f38ec6f@group-F3FA92D03604
2020-08-16 01:33:26,800 [ForkJoinPool.commonPool-worker-1] INFO  metrics.RatisMetrics (RatisMetrics.java:unregister(43)) - Unregistering Metrics Registry : ratis.server.beaeafa8-2e09-4551-bc75-8fc35f38ec6f@group-F3FA92D03604
2020-08-16 01:33:26,800 [ForkJoinPool.commonPool-worker-1] INFO  impl.RaftServerImpl (RaftServerImpl.java:lambda$shutdown$3(263)) - beaeafa8-2e09-4551-bc75-8fc35f38ec6f@group-564D981D9636: shutdown
2020-08-16 01:33:26,800 [ForkJoinPool.commonPool-worker-1] INFO  util.JmxRegister (JmxRegister.java:unregister(73)) - Successfully un-registered JMX Bean with object name Ratis:service=RaftServer,group=group-564D981D9636,id=beaeafa8-2e09-4551-bc75-8fc35f38ec6f
2020-08-16 01:33:26,801 [ForkJoinPool.commonPool-worker-1] INFO  impl.RoleInfo (RoleInfo.java:shutdownLeaderState(104)) - beaeafa8-2e09-4551-bc75-8fc35f38ec6f: shutdown LeaderState
2020-08-16 01:33:26,801 [ForkJoinPool.commonPool-worker-1] INFO  impl.PendingRequests (PendingRequests.java:sendNotLeaderResponses(249)) - beaeafa8-2e09-4551-bc75-8fc35f38ec6f@group-564D981D9636-PendingRequests: sendNotLeaderResponses
2020-08-16 01:33:26,802 [Listener at 127.0.0.1/34499] INFO  server.session (HouseKeeper.java:stopScavenging(158)) - node0 Stopped scavenging
2020-08-16 01:33:26,803 [ForkJoinPool.commonPool-worker-1] INFO  metrics.RatisMetrics (RatisMetrics.java:unregister(43)) - Unregistering Metrics Registry : ratis.log_appender.beaeafa8-2e09-4551-bc75-8fc35f38ec6f@group-564D981D9636
2020-08-16 01:33:26,803 [ForkJoinPool.commonPool-worker-1] INFO  metrics.RatisMetrics (RatisMetrics.java:unregister(43)) - Unregistering Metrics Registry : ratis.server.beaeafa8-2e09-4551-bc75-8fc35f38ec6f@group-564D981D9636
2020-08-16 01:33:26,804 [ForkJoinPool.commonPool-worker-1] INFO  impl.StateMachineUpdater (StateMachineUpdater.java:stopAndJoin(142)) - beaeafa8-2e09-4551-bc75-8fc35f38ec6f@group-564D981D9636-StateMachineUpdater: set stopIndex = 24
2020-08-16 01:33:26,805 [beaeafa8-2e09-4551-bc75-8fc35f38ec6f@group-564D981D9636-StateMachineUpdater] INFO  ratis.ContainerStateMachine (ContainerStateMachine.java:takeSnapshot(293)) - group-564D981D9636: Taking a snapshot at:(t:1, i:24) file /github/workspace/mnt/ozone/hadoop-ozone/integration-test/target/test-dir/MiniOzoneClusterImpl-c38a1ae0-e263-4e30-b27e-4e0674c9e28f/datanode-0/data/ratis/55de2fb0-c03a-4a4b-afe6-564d981d9636/sm/snapshot.1_24
2020-08-16 01:33:26,805 [Listener at 127.0.0.1/34499] INFO  handler.ContextHandler (ContextHandler.java:doStop(1016)) - Stopped o.e.j.s.ServletContextHandler@68c884bd{static,/static,jar:file:/home/user/.m2/repository/org/apache/hadoop/hadoop-hdds-container-service/0.6.0-SNAPSHOT/hadoop-hdds-container-service-0.6.0-SNAPSHOT.jar!/webapps/static,UNAVAILABLE}
2020-08-16 01:33:26,806 [Listener at 127.0.0.1/34499] INFO  handler.ContextHandler (ContextHandler.java:doStop(1016)) - Stopped o.e.j.s.ServletContextHandler@1457c815{logs,/logs,file:///github/workspace/mnt/ozone/hadoop-ozone/integration-test/target/log,UNAVAILABLE}
2020-08-16 01:33:26,806 [beaeafa8-2e09-4551-bc75-8fc35f38ec6f@group-564D981D9636-StateMachineUpdater] INFO  ratis.ContainerStateMachine (ContainerStateMachine.java:takeSnapshot(304)) - group-564D981D9636: Finished taking a snapshot at:(t:1, i:24) file:/github/workspace/mnt/ozone/hadoop-ozone/integration-test/target/test-dir/MiniOzoneClusterImpl-c38a1ae0-e263-4e30-b27e-4e0674c9e28f/datanode-0/data/ratis/55de2fb0-c03a-4a4b-afe6-564d981d9636/sm/snapshot.1_24 time:1
2020-08-16 01:33:26,806 [beaeafa8-2e09-4551-bc75-8fc35f38ec6f@group-564D981D9636-StateMachineUpdater] INFO  impl.StateMachineUpdater (StateMachineUpdater.java:takeSnapshot(277)) - beaeafa8-2e09-4551-bc75-8fc35f38ec6f@group-564D981D9636-StateMachineUpdater: Took a snapshot at index 24
2020-08-16 01:33:26,806 [beaeafa8-2e09-4551-bc75-8fc35f38ec6f@group-564D981D9636-StateMachineUpdater] INFO  impl.StateMachineUpdater (StateMachineUpdater.java:lambda$new$0(87)) - beaeafa8-2e09-4551-bc75-8fc35f38ec6f@group-564D981D9636-StateMachineUpdater: snapshotIndex: updateIncreasingly -1 -> 24
2020-08-16 01:33:26,806 [beaeafa8-2e09-4551-bc75-8fc35f38ec6f@group-564D981D9636-StateMachineUpdater] INFO  metrics.RatisMetrics (RatisMetrics.java:unregister(43)) - Unregistering Metrics Registry : ratis.state_machine.beaeafa8-2e09-4551-bc75-8fc35f38ec6f@group-564D981D9636
2020-08-16 01:33:26,807 [ForkJoinPool.commonPool-worker-1] INFO  impl.RaftServerImpl (ServerState.java:close(387)) - beaeafa8-2e09-4551-bc75-8fc35f38ec6f@group-564D981D9636: closes. applyIndex: 24
2020-08-16 01:33:26,807 [beaeafa8-2e09-4551-bc75-8fc35f38ec6f@group-564D981D9636-SegmentedRaftLogWorker] INFO  segmented.SegmentedRaftLogWorker (SegmentedRaftLogWorker.java:run(327)) - beaeafa8-2e09-4551-bc75-8fc35f38ec6f@group-564D981D9636-SegmentedRaftLogWorker was interrupted, exiting. There are 0 tasks remaining in the queue.
2020-08-16 01:33:26,807 [ForkJoinPool.commonPool-worker-1] INFO  segmented.SegmentedRaftLogWorker (SegmentedRaftLogWorker.java:close(234)) - beaeafa8-2e09-4551-bc75-8fc35f38ec6f@group-564D981D9636-SegmentedRaftLogWorker close()
2020-08-16 01:33:26,807 [ForkJoinPool.commonPool-worker-1] INFO  metrics.RatisMetrics (RatisMetrics.java:unregister(43)) - Unregistering Metrics Registry : ratis.log_worker.beaeafa8-2e09-4551-bc75-8fc35f38ec6f@group-564D981D9636
2020-08-16 01:33:26,808 [ForkJoinPool.commonPool-worker-1] INFO  metrics.RatisMetrics (RatisMetrics.java:unregister(43)) - Unregistering Metrics Registry : ratis.leader_election.beaeafa8-2e09-4551-bc75-8fc35f38ec6f@group-564D981D9636
2020-08-16 01:33:26,808 [ForkJoinPool.commonPool-worker-1] INFO  metrics.RatisMetrics (RatisMetrics.java:unregister(43)) - Unregistering Metrics Registry : ratis.server.beaeafa8-2e09-4551-bc75-8fc35f38ec6f@group-564D981D9636
2020-08-16 01:33:26,808 [ForkJoinPool.commonPool-worker-1] INFO  server.GrpcService (GrpcService.java:closeImpl(166)) - beaeafa8-2e09-4551-bc75-8fc35f38ec6f: shutdown server with port 38845 now
2020-08-16 01:33:26,816 [ForkJoinPool.commonPool-worker-1] INFO  server.GrpcService (GrpcService.java:closeImpl(174)) - beaeafa8-2e09-4551-bc75-8fc35f38ec6f: shutdown server with port 38845 successfully
2020-08-16 01:33:26,818 [ForkJoinPool.commonPool-worker-1] INFO  utils.BackgroundService (BackgroundService.java:shutdown(157)) - Shutting down service BlockDeletingService
2020-08-16 01:33:26,819 [ForkJoinPool.commonPool-worker-1] INFO  statemachine.DatanodeStateMachine (DatanodeStateMachine.java:stopDaemon(454)) - Ozone container server stopped.
2020-08-16 01:33:26,827 [ForkJoinPool.commonPool-worker-1] INFO  handler.ContextHandler (ContextHandler.java:doStop(1016)) - Stopped o.e.j.w.WebAppContext@360235fa{hddsDatanode,/,null,UNAVAILABLE}{jar:file:/home/user/.m2/repository/org/apache/hadoop/hadoop-hdds-container-service/0.6.0-SNAPSHOT/hadoop-hdds-container-service-0.6.0-SNAPSHOT.jar!/webapps/hddsDatanode}
2020-08-16 01:33:26,827 [ForkJoinPool.commonPool-worker-1] INFO  server.AbstractConnector (AbstractConnector.java:doStop(380)) - Stopped ServerConnector@1b9f3189{HTTP/1.1,[http/1.1]}{0.0.0.0:0}
2020-08-16 01:33:26,827 [ForkJoinPool.commonPool-worker-1] INFO  server.session (HouseKeeper.java:stopScavenging(158)) - node0 Stopped scavenging
2020-08-16 01:33:26,828 [ForkJoinPool.commonPool-worker-1] INFO  handler.ContextHandler (ContextHandler.java:doStop(1016)) - Stopped o.e.j.s.ServletContextHandler@2522142a{static,/static,jar:file:/home/user/.m2/repository/org/apache/hadoop/hadoop-hdds-container-service/0.6.0-SNAPSHOT/hadoop-hdds-container-service-0.6.0-SNAPSHOT.jar!/webapps/static,UNAVAILABLE}
2020-08-16 01:33:26,829 [ForkJoinPool.commonPool-worker-1] INFO  handler.ContextHandler (ContextHandler.java:doStop(1016)) - Stopped o.e.j.s.ServletContextHandler@3cebd74c{logs,/logs,file:///github/workspace/mnt/ozone/hadoop-ozone/integration-test/target/log,UNAVAILABLE}
2020-08-16 01:33:27,126 [Datanode State Machine Thread - 0] INFO  statemachine.DatanodeStateMachine (DatanodeStateMachine.java:lambda$startDaemon$0(406)) - Ozone container server started.
2020-08-16 01:33:28,851 [grpc-default-executor-3] WARN  server.GrpcLogAppender (LogUtils.java:warn(122)) - 3911b809-9d88-4a7a-8c07-514c24e02423@group-B936530E8A46->cef71658-d1b1-44d1-b37f-521e4e788a00-AppendLogResponseHandler: Failed appendEntries: org.apache.ratis.thirdparty.io.grpc.StatusRuntimeException: UNAVAILABLE: io exception
2020-08-16 01:33:28,853 [grpc-default-executor-3] INFO  impl.FollowerInfo (FollowerInfo.java:lambda$new$0(51)) - 3911b809-9d88-4a7a-8c07-514c24e02423@group-B936530E8A46->cef71658-d1b1-44d1-b37f-521e4e788a00: nextIndex: updateUnconditionally 1 -> 0
2020-08-16 01:33:28,879 [grpc-default-executor-1] WARN  server.GrpcLogAppender (LogUtils.java:warn(122)) - 3911b809-9d88-4a7a-8c07-514c24e02423@group-B936530E8A46->0aca2dfd-bb2b-492e-a75d-c6ff1d491f50-AppendLogResponseHandler: Failed appendEntries: org.apache.ratis.thirdparty.io.grpc.StatusRuntimeException: UNAVAILABLE: io exception
2020-08-16 01:33:28,880 [grpc-default-executor-1] INFO  impl.FollowerInfo (FollowerInfo.java:lambda$new$0(51)) - 3911b809-9d88-4a7a-8c07-514c24e02423@group-B936530E8A46->0aca2dfd-bb2b-492e-a75d-c6ff1d491f50: nextIndex: updateUnconditionally 1 -> 0
2020-08-16 01:33:31,352 [grpc-default-executor-3] WARN  server.GrpcLogAppender (LogUtils.java:warn(122)) - 3911b809-9d88-4a7a-8c07-514c24e02423@group-B936530E8A46->cef71658-d1b1-44d1-b37f-521e4e788a00-AppendLogResponseHandler: Failed appendEntries: org.apache.ratis.thirdparty.io.grpc.StatusRuntimeException: UNAVAILABLE: io exception
2020-08-16 01:33:31,353 [grpc-default-executor-3] INFO  impl.FollowerInfo (FollowerInfo.java:lambda$new$0(51)) - 3911b809-9d88-4a7a-8c07-514c24e02423@group-B936530E8A46->cef71658-d1b1-44d1-b37f-521e4e788a00: nextIndex: updateUnconditionally 1 -> 0
2020-08-16 01:33:31,380 [grpc-default-executor-1] WARN  server.GrpcLogAppender (LogUtils.java:warn(122)) - 3911b809-9d88-4a7a-8c07-514c24e02423@group-B936530E8A46->0aca2dfd-bb2b-492e-a75d-c6ff1d491f50-AppendLogResponseHandler: Failed appendEntries: org.apache.ratis.thirdparty.io.grpc.StatusRuntimeException: UNAVAILABLE: io exception
2020-08-16 01:33:31,382 [grpc-default-executor-1] INFO  impl.FollowerInfo (FollowerInfo.java:lambda$new$0(51)) - 3911b809-9d88-4a7a-8c07-514c24e02423@group-B936530E8A46->0aca2dfd-bb2b-492e-a75d-c6ff1d491f50: nextIndex: updateUnconditionally 1 -> 0
2020-08-16 01:33:31,810 [Listener at 127.0.0.1/34499] INFO  ozoneimpl.OzoneContainer (OzoneContainer.java:stop(259)) - Attempting to stop container services.
2020-08-16 01:33:31,811 [Listener at 127.0.0.1/34499] INFO  impl.RaftServerProxy (RaftServerProxy.java:lambda$close$4(319)) - 3911b809-9d88-4a7a-8c07-514c24e02423: close
2020-08-16 01:33:31,811 [Listener at 127.0.0.1/34499] INFO  impl.RaftServerImpl (RaftServerImpl.java:lambda$shutdown$3(263)) - 3911b809-9d88-4a7a-8c07-514c24e02423@group-B936530E8A46: shutdown
2020-08-16 01:33:31,811 [Listener at 127.0.0.1/34499] INFO  util.JmxRegister (JmxRegister.java:unregister(73)) - Successfully un-registered JMX Bean with object name Ratis:service=RaftServer,group=group-B936530E8A46,id=3911b809-9d88-4a7a-8c07-514c24e02423
2020-08-16 01:33:31,811 [Listener at 127.0.0.1/34499] INFO  impl.RoleInfo (RoleInfo.java:shutdownLeaderState(104)) - 3911b809-9d88-4a7a-8c07-514c24e02423: shutdown LeaderState
2020-08-16 01:33:31,812 [Listener at 127.0.0.1/34499] INFO  metrics.RatisMetrics (RatisMetrics.java:unregister(43)) - Unregistering Metrics Registry : ratis_grpc.log_appender.3911b809-9d88-4a7a-8c07-514c24e02423@group-B936530E8A46
2020-08-16 01:33:31,812 [Listener at 127.0.0.1/34499] INFO  metrics.RatisMetrics (RatisMetrics.java:unregister(43)) - Unregistering Metrics Registry : ratis_grpc.log_appender.3911b809-9d88-4a7a-8c07-514c24e02423@group-B936530E8A46
2020-08-16 01:33:31,812 [Listener at 127.0.0.1/34499] INFO  impl.PendingRequests (PendingRequests.java:sendNotLeaderResponses(249)) - 3911b809-9d88-4a7a-8c07-514c24e02423@group-B936530E8A46-PendingRequests: sendNotLeaderResponses
2020-08-16 01:33:31,812 [Listener at 127.0.0.1/34499] INFO  metrics.RatisMetrics (RatisMetrics.java:unregister(43)) - Unregistering Metrics Registry : ratis.log_appender.3911b809-9d88-4a7a-8c07-514c24e02423@group-B936530E8A46
2020-08-16 01:33:31,812 [Listener at 127.0.0.1/34499] INFO  metrics.RatisMetrics (RatisMetrics.java:unregister(43)) - Unregistering Metrics Registry : ratis.server.3911b809-9d88-4a7a-8c07-514c24e02423@group-B936530E8A46
2020-08-16 01:33:31,812 [org.apache.ratis.server.impl.LogAppender$AppenderDaemon$$Lambda$483/1723664919@2ad5bf08] WARN  server.GrpcLogAppender (GrpcLogAppender.java:mayWait(153)) - 3911b809-9d88-4a7a-8c07-514c24e02423@group-B936530E8A46->0aca2dfd-bb2b-492e-a75d-c6ff1d491f50-GrpcLogAppender: Wait interrupted by java.lang.InterruptedException
2020-08-16 01:33:31,812 [org.apache.ratis.server.impl.LogAppender$AppenderDaemon$$Lambda$483/1723664919@8b48644] WARN  server.GrpcLogAppender (GrpcLogAppender.java:mayWait(153)) - 3911b809-9d88-4a7a-8c07-514c24e02423@group-B936530E8A46->cef71658-d1b1-44d1-b37f-521e4e788a00-GrpcLogAppender: Wait interrupted by java.lang.InterruptedException
2020-08-16 01:33:31,813 [Listener at 127.0.0.1/34499] INFO  impl.StateMachineUpdater (StateMachineUpdater.java:stopAndJoin(142)) - 3911b809-9d88-4a7a-8c07-514c24e02423@group-B936530E8A46-StateMachineUpdater: set stopIndex = 0
2020-08-16 01:33:31,813 [3911b809-9d88-4a7a-8c07-514c24e02423@group-B936530E8A46-StateMachineUpdater] INFO  ratis.ContainerStateMachine (ContainerStateMachine.java:takeSnapshot(293)) - group-B936530E8A46: Taking a snapshot at:(t:1, i:0) file /github/workspace/mnt/ozone/hadoop-ozone/integration-test/target/test-dir/MiniOzoneClusterImpl-c38a1ae0-e263-4e30-b27e-4e0674c9e28f/datanode-5/data/ratis/bd77e43a-9b37-41bb-83b7-b936530e8a46/sm/snapshot.1_0
2020-08-16 01:33:31,814 [3911b809-9d88-4a7a-8c07-514c24e02423@group-B936530E8A46-StateMachineUpdater] INFO  ratis.ContainerStateMachine (ContainerStateMachine.java:takeSnapshot(304)) - group-B936530E8A46: Finished taking a snapshot at:(t:1, i:0) file:/github/workspace/mnt/ozone/hadoop-ozone/integration-test/target/test-dir/MiniOzoneClusterImpl-c38a1ae0-e263-4e30-b27e-4e0674c9e28f/datanode-5/data/ratis/bd77e43a-9b37-41bb-83b7-b936530e8a46/sm/snapshot.1_0 time:1
2020-08-16 01:33:31,815 [3911b809-9d88-4a7a-8c07-514c24e02423@group-B936530E8A46-StateMachineUpdater] INFO  impl.StateMachineUpdater (StateMachineUpdater.java:takeSnapshot(277)) - 3911b809-9d88-4a7a-8c07-514c24e02423@group-B936530E8A46-StateMachineUpdater: Took a snapshot at index 0
2020-08-16 01:33:31,815 [3911b809-9d88-4a7a-8c07-514c24e02423@group-B936530E8A46-StateMachineUpdater] INFO  impl.StateMachineUpdater (StateMachineUpdater.java:lambda$new$0(87)) - 3911b809-9d88-4a7a-8c07-514c24e02423@group-B936530E8A46-StateMachineUpdater: snapshotIndex: updateIncreasingly -1 -> 0
2020-08-16 01:33:31,815 [3911b809-9d88-4a7a-8c07-514c24e02423@group-B936530E8A46-StateMachineUpdater] INFO  metrics.RatisMetrics (RatisMetrics.java:unregister(43)) - Unregistering Metrics Registry : ratis.state_machine.3911b809-9d88-4a7a-8c07-514c24e02423@group-B936530E8A46
2020-08-16 01:33:31,815 [Listener at 127.0.0.1/34499] INFO  impl.RaftServerImpl (ServerState.java:close(387)) - 3911b809-9d88-4a7a-8c07-514c24e02423@group-B936530E8A46: closes. applyIndex: 0
2020-08-16 01:33:31,815 [3911b809-9d88-4a7a-8c07-514c24e02423@group-B936530E8A46-SegmentedRaftLogWorker] INFO  segmented.SegmentedRaftLogWorker (SegmentedRaftLogWorker.java:run(327)) - 3911b809-9d88-4a7a-8c07-514c24e02423@group-B936530E8A46-SegmentedRaftLogWorker was interrupted, exiting. There are 0 tasks remaining in the queue.
2020-08-16 01:33:31,816 [Listener at 127.0.0.1/34499] INFO  segmented.SegmentedRaftLogWorker (SegmentedRaftLogWorker.java:close(234)) - 3911b809-9d88-4a7a-8c07-514c24e02423@group-B936530E8A46-SegmentedRaftLogWorker close()
2020-08-16 01:33:31,816 [Listener at 127.0.0.1/34499] INFO  metrics.RatisMetrics (RatisMetrics.java:unregister(43)) - Unregistering Metrics Registry : ratis.log_worker.3911b809-9d88-4a7a-8c07-514c24e02423@group-B936530E8A46
2020-08-16 01:33:31,816 [Listener at 127.0.0.1/34499] INFO  metrics.RatisMetrics (RatisMetrics.java:unregister(43)) - Unregistering Metrics Registry : ratis.leader_election.3911b809-9d88-4a7a-8c07-514c24e02423@group-B936530E8A46
2020-08-16 01:33:31,816 [Listener at 127.0.0.1/34499] INFO  metrics.RatisMetrics (RatisMetrics.java:unregister(43)) - Unregistering Metrics Registry : ratis.server.3911b809-9d88-4a7a-8c07-514c24e02423@group-B936530E8A46
2020-08-16 01:33:31,816 [Listener at 127.0.0.1/34499] INFO  impl.RaftServerImpl (RaftServerImpl.java:lambda$shutdown$3(263)) - 3911b809-9d88-4a7a-8c07-514c24e02423@group-0395CD407848: shutdown
2020-08-16 01:33:31,817 [Listener at 127.0.0.1/34499] INFO  util.JmxRegister (JmxRegister.java:unregister(73)) - Successfully un-registered JMX Bean with object name Ratis:service=RaftServer,group=group-0395CD407848,id=3911b809-9d88-4a7a-8c07-514c24e02423
2020-08-16 01:33:31,817 [Listener at 127.0.0.1/34499] INFO  impl.RoleInfo (RoleInfo.java:shutdownLeaderState(104)) - 3911b809-9d88-4a7a-8c07-514c24e02423: shutdown LeaderState
2020-08-16 01:33:31,817 [Listener at 127.0.0.1/34499] INFO  impl.PendingRequests (PendingRequests.java:sendNotLeaderResponses(249)) - 3911b809-9d88-4a7a-8c07-514c24e02423@group-0395CD407848-PendingRequests: sendNotLeaderResponses
2020-08-16 01:33:31,817 [Listener at 127.0.0.1/34499] INFO  metrics.RatisMetrics (RatisMetrics.java:unregister(43)) - Unregistering Metrics Registry : ratis.log_appender.3911b809-9d88-4a7a-8c07-514c24e02423@group-0395CD407848
2020-08-16 01:33:31,817 [Listener at 127.0.0.1/34499] INFO  metrics.RatisMetrics (RatisMetrics.java:unregister(43)) - Unregistering Metrics Registry : ratis.server.3911b809-9d88-4a7a-8c07-514c24e02423@group-0395CD407848
2020-08-16 01:33:31,818 [Listener at 127.0.0.1/34499] INFO  impl.StateMachineUpdater (StateMachineUpdater.java:stopAndJoin(142)) - 3911b809-9d88-4a7a-8c07-514c24e02423@group-0395CD407848-StateMachineUpdater: set stopIndex = 0
2020-08-16 01:33:31,818 [3911b809-9d88-4a7a-8c07-514c24e02423@group-0395CD407848-StateMachineUpdater] INFO  ratis.ContainerStateMachine (ContainerStateMachine.java:takeSnapshot(293)) - group-0395CD407848: Taking a snapshot at:(t:1, i:0) file /github/workspace/mnt/ozone/hadoop-ozone/integration-test/target/test-dir/MiniOzoneClusterImpl-c38a1ae0-e263-4e30-b27e-4e0674c9e28f/datanode-5/data/ratis/3a6c8104-17c1-4be4-b47a-0395cd407848/sm/snapshot.1_0
2020-08-16 01:33:31,819 [3911b809-9d88-4a7a-8c07-514c24e02423@group-0395CD407848-StateMachineUpdater] INFO  ratis.ContainerStateMachine (ContainerStateMachine.java:takeSnapshot(304)) - group-0395CD407848: Finished taking a snapshot at:(t:1, i:0) file:/github/workspace/mnt/ozone/hadoop-ozone/integration-test/target/test-dir/MiniOzoneClusterImpl-c38a1ae0-e263-4e30-b27e-4e0674c9e28f/datanode-5/data/ratis/3a6c8104-17c1-4be4-b47a-0395cd407848/sm/snapshot.1_0 time:1
2020-08-16 01:33:31,819 [3911b809-9d88-4a7a-8c07-514c24e02423@group-0395CD407848-StateMachineUpdater] INFO  impl.StateMachineUpdater (StateMachineUpdater.java:takeSnapshot(277)) - 3911b809-9d88-4a7a-8c07-514c24e02423@group-0395CD407848-StateMachineUpdater: Took a snapshot at index 0
2020-08-16 01:33:31,819 [3911b809-9d88-4a7a-8c07-514c24e02423@group-0395CD407848-StateMachineUpdater] INFO  impl.StateMachineUpdater (StateMachineUpdater.java:lambda$new$0(87)) - 3911b809-9d88-4a7a-8c07-514c24e02423@group-0395CD407848-StateMachineUpdater: snapshotIndex: updateIncreasingly -1 -> 0
2020-08-16 01:33:31,820 [3911b809-9d88-4a7a-8c07-514c24e02423@group-0395CD407848-StateMachineUpdater] INFO  metrics.RatisMetrics (RatisMetrics.java:unregister(43)) - Unregistering Metrics Registry : ratis.state_machine.3911b809-9d88-4a7a-8c07-514c24e02423@group-0395CD407848
2020-08-16 01:33:31,820 [Listener at 127.0.0.1/34499] INFO  impl.RaftServerImpl (ServerState.java:close(387)) - 3911b809-9d88-4a7a-8c07-514c24e02423@group-0395CD407848: closes. applyIndex: 0
2020-08-16 01:33:31,820 [3911b809-9d88-4a7a-8c07-514c24e02423@group-0395CD407848-SegmentedRaftLogWorker] INFO  segmented.SegmentedRaftLogWorker (SegmentedRaftLogWorker.java:run(327)) - 3911b809-9d88-4a7a-8c07-514c24e02423@group-0395CD407848-SegmentedRaftLogWorker was interrupted, exiting. There are 0 tasks remaining in the queue.
2020-08-16 01:33:31,820 [Listener at 127.0.0.1/34499] INFO  segmented.SegmentedRaftLogWorker (SegmentedRaftLogWorker.java:close(234)) - 3911b809-9d88-4a7a-8c07-514c24e02423@group-0395CD407848-SegmentedRaftLogWorker close()
2020-08-16 01:33:31,821 [Listener at 127.0.0.1/34499] INFO  metrics.RatisMetrics (RatisMetrics.java:unregister(43)) - Unregistering Metrics Registry : ratis.log_worker.3911b809-9d88-4a7a-8c07-514c24e02423@group-0395CD407848
2020-08-16 01:33:31,821 [Listener at 127.0.0.1/34499] INFO  metrics.RatisMetrics (RatisMetrics.java:unregister(43)) - Unregistering Metrics Registry : ratis.leader_election.3911b809-9d88-4a7a-8c07-514c24e02423@group-0395CD407848
2020-08-16 01:33:31,821 [Listener at 127.0.0.1/34499] INFO  metrics.RatisMetrics (RatisMetrics.java:unregister(43)) - Unregistering Metrics Registry : ratis.server.3911b809-9d88-4a7a-8c07-514c24e02423@group-0395CD407848
2020-08-16 01:33:31,821 [Listener at 127.0.0.1/34499] INFO  server.GrpcService (GrpcService.java:closeImpl(166)) - 3911b809-9d88-4a7a-8c07-514c24e02423: shutdown server with port 43641 now
2020-08-16 01:33:31,822 [Listener at 127.0.0.1/34499] INFO  server.GrpcService (GrpcService.java:closeImpl(174)) - 3911b809-9d88-4a7a-8c07-514c24e02423: shutdown server with port 43641 successfully
2020-08-16 01:33:31,823 [Listener at 127.0.0.1/34499] INFO  utils.BackgroundService (BackgroundService.java:shutdown(157)) - Shutting down service BlockDeletingService
2020-08-16 01:33:31,825 [Listener at 127.0.0.1/34499] INFO  statemachine.DatanodeStateMachine (DatanodeStateMachine.java:stopDaemon(454)) - Ozone container server stopped.
2020-08-16 01:33:31,832 [Listener at 127.0.0.1/34499] INFO  handler.ContextHandler (ContextHandler.java:doStop(1016)) - Stopped o.e.j.w.WebAppContext@4e79bf74{hddsDatanode,/,null,UNAVAILABLE}{jar:file:/home/user/.m2/repository/org/apache/hadoop/hadoop-hdds-container-service/0.6.0-SNAPSHOT/hadoop-hdds-container-service-0.6.0-SNAPSHOT.jar!/webapps/hddsDatanode}
2020-08-16 01:33:31,833 [Listener at 127.0.0.1/34499] INFO  server.AbstractConnector (AbstractConnector.java:doStop(380)) - Stopped ServerConnector@6c22ae66{HTTP/1.1,[http/1.1]}{0.0.0.0:0}
2020-08-16 01:33:31,833 [Listener at 127.0.0.1/34499] INFO  server.session (HouseKeeper.java:stopScavenging(158)) - node0 Stopped scavenging
2020-08-16 01:33:31,833 [Listener at 127.0.0.1/34499] INFO  handler.ContextHandler (ContextHandler.java:doStop(1016)) - Stopped o.e.j.s.ServletContextHandler@2dd130c1{static,/static,jar:file:/home/user/.m2/repository/org/apache/hadoop/hadoop-hdds-container-service/0.6.0-SNAPSHOT/hadoop-hdds-container-service-0.6.0-SNAPSHOT.jar!/webapps/static,UNAVAILABLE}
2020-08-16 01:33:31,833 [Listener at 127.0.0.1/34499] INFO  handler.ContextHandler (ContextHandler.java:doStop(1016)) - Stopped o.e.j.s.ServletContextHandler@7f8e0b3b{logs,/logs,file:///github/workspace/mnt/ozone/hadoop-ozone/integration-test/target/log,UNAVAILABLE}
2020-08-16 01:33:31,834 [Listener at 127.0.0.1/34499] INFO  ozone.MiniOzoneClusterImpl (MiniOzoneClusterImpl.java:stopSCM(476)) - Stopping the StorageContainerManager
2020-08-16 01:33:31,834 [Listener at 127.0.0.1/34499] INFO  server.StorageContainerManager (StorageContainerManager.java:stop(832)) - Stopping Replication Manager Service.
2020-08-16 01:33:31,834 [Listener at 127.0.0.1/34499] INFO  container.ReplicationManager (ReplicationManager.java:stop(218)) - Stopping Replication Monitor Thread.
2020-08-16 01:33:31,835 [Listener at 127.0.0.1/34499] INFO  server.StorageContainerManager (StorageContainerManager.java:stop(839)) - Stopping Lease Manager of the command watchers
2020-08-16 01:33:31,835 [Listener at 127.0.0.1/34499] INFO  server.StorageContainerManager (StorageContainerManager.java:stop(846)) - Stopping datanode service RPC server
2020-08-16 01:33:31,835 [Listener at 127.0.0.1/34499] INFO  server.SCMDatanodeProtocolServer (SCMDatanodeProtocolServer.java:stop(361)) - Stopping the RPC server for DataNodes
2020-08-16 01:33:31,835 [CommandWatcher-LeaseManager#LeaseMonitor] ERROR lease.LeaseManager (LeaseManager.java:run(238)) - Execution was interrupted 
java.lang.InterruptedException: sleep interrupted
	at java.lang.Thread.sleep(Native Method)
	at org.apache.hadoop.ozone.lease.LeaseManager$LeaseMonitor.run(LeaseManager.java:234)
	at java.lang.Thread.run(Thread.java:748)
2020-08-16 01:33:31,835 [Listener at 127.0.0.1/34499] INFO  ipc.Server (Server.java:stop(3359)) - Stopping server on 41857
2020-08-16 01:33:31,838 [IPC Server listener on 0] INFO  ipc.Server (Server.java:run(1330)) - Stopping IPC Server listener on 0
2020-08-16 01:33:31,838 [IPC Server Responder] INFO  ipc.Server (Server.java:run(1465)) - Stopping IPC Server Responder
2020-08-16 01:33:31,921 [SCM Heartbeat Processing Thread - 0] WARN  node.NodeStateManager (NodeStateManager.java:scheduleNextHealthCheck(661)) - Current Thread is interrupted, shutting down HB processing thread for Node Manager.
2020-08-16 01:33:31,921 [Listener at 127.0.0.1/34499] INFO  server.StorageContainerManager (StorageContainerManager.java:stop(854)) - Stopping block service RPC server
2020-08-16 01:33:31,921 [Listener at 127.0.0.1/34499] INFO  server.SCMBlockProtocolServer (SCMBlockProtocolServer.java:stop(158)) - Stopping the RPC server for Block Protocol
2020-08-16 01:33:31,922 [Listener at 127.0.0.1/34499] INFO  ipc.Server (Server.java:stop(3359)) - Stopping server on 40973
2020-08-16 01:33:31,923 [Listener at 127.0.0.1/34499] INFO  server.StorageContainerManager (StorageContainerManager.java:stop(861)) - Stopping the StorageContainerLocationProtocol RPC server
2020-08-16 01:33:31,924 [Listener at 127.0.0.1/34499] INFO  server.SCMClientProtocolServer (SCMClientProtocolServer.java:stop(165)) - Stopping the RPC server for Client Protocol
2020-08-16 01:33:31,924 [Listener at 127.0.0.1/34499] INFO  ipc.Server (Server.java:stop(3359)) - Stopping server on 34471
2020-08-16 01:33:31,924 [IPC Server Responder] INFO  ipc.Server (Server.java:run(1465)) - Stopping IPC Server Responder
2020-08-16 01:33:31,924 [IPC Server listener on 0] INFO  ipc.Server (Server.java:run(1330)) - Stopping IPC Server listener on 0
2020-08-16 01:33:31,934 [IPC Server listener on 0] INFO  ipc.Server (Server.java:run(1330)) - Stopping IPC Server listener on 0
2020-08-16 01:33:31,935 [Listener at 127.0.0.1/34499] INFO  server.StorageContainerManager (StorageContainerManager.java:stop(868)) - Stopping Storage Container Manager HTTP server.
2020-08-16 01:33:31,936 [Listener at 127.0.0.1/34499] INFO  handler.ContextHandler (ContextHandler.java:doStop(1016)) - Stopped o.e.j.w.WebAppContext@368801f7{scm,/,null,UNAVAILABLE}{file:/github/workspace/mnt/ozone/hadoop-ozone/integration-test/target/test-classes/webapps/scm}
2020-08-16 01:33:31,936 [Listener at 127.0.0.1/34499] INFO  server.AbstractConnector (AbstractConnector.java:doStop(380)) - Stopped ServerConnector@54824a87{HTTP/1.1,[http/1.1]}{0.0.0.0:0}
2020-08-16 01:33:31,937 [Listener at 127.0.0.1/34499] INFO  server.session (HouseKeeper.java:stopScavenging(158)) - node0 Stopped scavenging
2020-08-16 01:33:31,937 [Listener at 127.0.0.1/34499] INFO  handler.ContextHandler (ContextHandler.java:doStop(1016)) - Stopped o.e.j.s.ServletContextHandler@69b28ea2{static,/static,file:///github/workspace/mnt/ozone/hadoop-ozone/integration-test/target/test-classes/webapps/static,UNAVAILABLE}
2020-08-16 01:33:31,937 [Listener at 127.0.0.1/34499] INFO  handler.ContextHandler (ContextHandler.java:doStop(1016)) - Stopped o.e.j.s.ServletContextHandler@4eebaf77{logs,/logs,file:///github/workspace/mnt/ozone/hadoop-ozone/integration-test/target/log,UNAVAILABLE}
2020-08-16 01:33:31,937 [IPC Server Responder] INFO  ipc.Server (Server.java:run(1465)) - Stopping IPC Server Responder
2020-08-16 01:33:31,940 [Listener at 127.0.0.1/34499] INFO  server.StorageContainerManager (StorageContainerManager.java:stop(879)) - Stopping Block Manager Service.
2020-08-16 01:33:31,941 [Listener at 127.0.0.1/34499] INFO  utils.BackgroundService (BackgroundService.java:shutdown(157)) - Shutting down service SCMBlockDeletingService
2020-08-16 01:33:31,946 [Listener at 127.0.0.1/34499] INFO  utils.BackgroundService (BackgroundService.java:shutdown(157)) - Shutting down service SCMBlockDeletingService
2020-08-16 01:33:31,946 [Listener at 127.0.0.1/34499] INFO  server.StorageContainerManager (StorageContainerManager.java:stop(904)) - Stopping SCM Event Queue.
2020-08-16 01:33:31,952 [Listener at 127.0.0.1/34499] INFO  impl.MetricsSystemImpl (MetricsSystemImpl.java:stop(210)) - Stopping HddsDatanode metrics system...
2020-08-16 01:33:31,965 [Listener at 127.0.0.1/34499] INFO  impl.MetricsSystemImpl (MetricsSystemImpl.java:stop(216)) - HddsDatanode metrics system stopped.
]]></system-out>
  </testcase>
</testsuite>