<?xml version="1.0" encoding="UTF-8"?>
<testsuite xmlns:xsi="http://www.w3.org/2001/XMLSchema-instance" xsi:noNamespaceSchemaLocation="https://maven.apache.org/surefire/maven-surefire-plugin/xsd/surefire-test-report.xsd" name="org.apache.hadoop.ozone.client.rpc.TestOzoneClientRetriesOnException" time="88.184" tests="2" errors="0" skipped="0" failures="1">
  <properties>
    <property name="awt.toolkit" value="sun.awt.X11.XToolkit"/>
    <property name="file.encoding.pkg" value="sun.io"/>
    <property name="java.specification.version" value="1.8"/>
    <property name="sun.cpu.isalist" value=""/>
    <property name="sun.jnu.encoding" value="ANSI_X3.4-1968"/>
    <property name="java.class.path" value="/github/workspace/mnt/ozone/hadoop-ozone/integration-test/target/test-classes:/github/workspace/mnt/ozone/hadoop-ozone/integration-test/target/classes:/home/user/.m2/repository/org/apache/hadoop/hadoop-ozone-common/1.1.0-SNAPSHOT/hadoop-ozone-common-1.1.0-SNAPSHOT.jar:/home/user/.m2/repository/org/apache/commons/commons-compress/1.4.1/commons-compress-1.4.1.jar:/home/user/.m2/repository/org/tukaani/xz/1.0/xz-1.0.jar:/home/user/.m2/repository/org/apache/hadoop/hadoop-hdds-common/1.1.0-SNAPSHOT/hadoop-hdds-common-1.1.0-SNAPSHOT.jar:/home/user/.m2/repository/org/apache/hadoop/hadoop-hdds-hadoop-dependency-client/1.1.0-SNAPSHOT/hadoop-hdds-hadoop-dependency-client-1.1.0-SNAPSHOT.jar:/home/user/.m2/repository/info/picocli/picocli/4.4.0/picocli-4.4.0.jar:/home/user/.m2/repository/com/fasterxml/jackson/core/jackson-annotations/2.10.3/jackson-annotations-2.10.3.jar:/home/user/.m2/repository/javax/annotation/javax.annotation-api/1.2/javax.annotation-api-1.2.jar:/home/user/.m2/repository/org/apache/ratis/ratis-server/1.1.0-913f5a4-SNAPSHOT/ratis-server-1.1.0-913f5a4-SNAPSHOT.jar:/home/user/.m2/repository/org/apache/ratis/ratis-client/1.1.0-913f5a4-SNAPSHOT/ratis-client-1.1.0-913f5a4-SNAPSHOT.jar:/home/user/.m2/repository/org/apache/ratis/ratis-metrics/1.1.0-913f5a4-SNAPSHOT/ratis-metrics-1.1.0-913f5a4-SNAPSHOT.jar:/home/user/.m2/repository/org/apache/ratis/ratis-netty/1.1.0-913f5a4-SNAPSHOT/ratis-netty-1.1.0-913f5a4-SNAPSHOT.jar:/home/user/.m2/repository/org/apache/ratis/ratis-grpc/1.1.0-913f5a4-SNAPSHOT/ratis-grpc-1.1.0-913f5a4-SNAPSHOT.jar:/home/user/.m2/repository/org/apache/logging/log4j/log4j-api/2.13.3/log4j-api-2.13.3.jar:/home/user/.m2/repository/org/apache/logging/log4j/log4j-core/2.13.3/log4j-core-2.13.3.jar:/home/user/.m2/repository/com/lmax/disruptor/3.4.2/disruptor-3.4.2.jar:/home/user/.m2/repository/org/apache/commons/commons-pool2/2.6.0/commons-pool2-2.6.0.jar:/home/user/.m2/repository/org/bouncycastle/bcpkix-jdk15on/1.60/bcpkix-jdk15on-1.60.jar:/home/user/.m2/repository/commons-validator/commons-validator/1.6/commons-validator-1.6.jar:/home/user/.m2/repository/commons-digester/commons-digester/1.8.1/commons-digester-1.8.1.jar:/home/user/.m2/repository/io/jaegertracing/jaeger-client/1.2.0/jaeger-client-1.2.0.jar:/home/user/.m2/repository/io/jaegertracing/jaeger-thrift/1.2.0/jaeger-thrift-1.2.0.jar:/home/user/.m2/repository/org/apache/thrift/libthrift/0.13.0/libthrift-0.13.0.jar:/home/user/.m2/repository/com/squareup/okhttp3/okhttp/4.2.2/okhttp-4.2.2.jar:/home/user/.m2/repository/com/squareup/okio/okio/2.2.2/okio-2.2.2.jar:/home/user/.m2/repository/org/jetbrains/kotlin/kotlin-stdlib/1.3.50/kotlin-stdlib-1.3.50.jar:/home/user/.m2/repository/org/jetbrains/kotlin/kotlin-stdlib-common/1.3.50/kotlin-stdlib-common-1.3.50.jar:/home/user/.m2/repository/org/jetbrains/annotations/13.0/annotations-13.0.jar:/home/user/.m2/repository/io/jaegertracing/jaeger-core/1.2.0/jaeger-core-1.2.0.jar:/home/user/.m2/repository/io/jaegertracing/jaeger-tracerresolver/1.2.0/jaeger-tracerresolver-1.2.0.jar:/home/user/.m2/repository/io/opentracing/contrib/opentracing-tracerresolver/0.1.8/opentracing-tracerresolver-0.1.8.jar:/home/user/.m2/repository/io/opentracing/opentracing-util/0.33.0/opentracing-util-0.33.0.jar:/home/user/.m2/repository/io/opentracing/opentracing-api/0.33.0/opentracing-api-0.33.0.jar:/home/user/.m2/repository/io/opentracing/opentracing-noop/0.33.0/opentracing-noop-0.33.0.jar:/home/user/.m2/repository/org/apache/hadoop/hadoop-hdds-client/1.1.0-SNAPSHOT/hadoop-hdds-client-1.1.0-SNAPSHOT.jar:/home/user/.m2/repository/org/apache/hadoop/hadoop-ozone-interface-client/1.1.0-SNAPSHOT/hadoop-ozone-interface-client-1.1.0-SNAPSHOT.jar:/home/user/.m2/repository/org/apache/hadoop/hadoop-hdds-test-utils/1.1.0-SNAPSHOT/hadoop-hdds-test-utils-1.1.0-SNAPSHOT.jar:/home/user/.m2/repository/com/google/guava/guava/28.2-jre/guava-28.2-jre.jar:/home/user/.m2/repository/com/google/guava/failureaccess/1.0.1/failureaccess-1.0.1.jar:/home/user/.m2/repository/com/google/guava/listenablefuture/9999.0-empty-to-avoid-conflict-with-guava/listenablefuture-9999.0-empty-to-avoid-conflict-with-guava.jar:/home/user/.m2/repository/com/google/code/findbugs/jsr305/3.0.0/jsr305-3.0.0.jar:/home/user/.m2/repository/org/checkerframework/checker-qual/2.10.0/checker-qual-2.10.0.jar:/home/user/.m2/repository/com/google/errorprone/error_prone_annotations/2.2.0/error_prone_annotations-2.2.0.jar:/home/user/.m2/repository/com/google/j2objc/j2objc-annotations/1.3/j2objc-annotations-1.3.jar:/home/user/.m2/repository/commons-io/commons-io/2.5/commons-io-2.5.jar:/home/user/.m2/repository/commons-logging/commons-logging/1.2/commons-logging-1.2.jar:/home/user/.m2/repository/log4j/log4j/1.2.17/log4j-1.2.17.jar:/home/user/.m2/repository/org/slf4j/slf4j-api/1.7.25/slf4j-api-1.7.25.jar:/home/user/.m2/repository/org/apache/hadoop/hadoop-hdds-server-scm/1.1.0-SNAPSHOT/hadoop-hdds-server-scm-1.1.0-SNAPSHOT.jar:/home/user/.m2/repository/org/apache/hadoop/hadoop-hdds-container-service/1.1.0-SNAPSHOT/hadoop-hdds-container-service-1.1.0-SNAPSHOT.jar:/home/user/.m2/repository/org/apache/hadoop/hadoop-hdds-hadoop-dependency-server/1.1.0-SNAPSHOT/hadoop-hdds-hadoop-dependency-server-1.1.0-SNAPSHOT.jar:/home/user/.m2/repository/org/apache/hadoop/hadoop-hdds-server-framework/1.1.0-SNAPSHOT/hadoop-hdds-server-framework-1.1.0-SNAPSHOT.jar:/home/user/.m2/repository/org/apache/hadoop/hadoop-hdds-interface-server/1.1.0-SNAPSHOT/hadoop-hdds-interface-server-1.1.0-SNAPSHOT.jar:/home/user/.m2/repository/org/apache/hadoop/hadoop-hdds-interface-admin/1.1.0-SNAPSHOT/hadoop-hdds-interface-admin-1.1.0-SNAPSHOT.jar:/home/user/.m2/repository/org/rocksdb/rocksdbjni/6.8.1/rocksdbjni-6.8.1.jar:/home/user/.m2/repository/io/prometheus/simpleclient_dropwizard/0.7.0/simpleclient_dropwizard-0.7.0.jar:/home/user/.m2/repository/io/prometheus/simpleclient/0.7.0/simpleclient-0.7.0.jar:/home/user/.m2/repository/io/prometheus/simpleclient_common/0.7.0/simpleclient_common-0.7.0.jar:/home/user/.m2/repository/com/fasterxml/jackson/datatype/jackson-datatype-jsr310/2.10.3/jackson-datatype-jsr310-2.10.3.jar:/home/user/.m2/repository/io/dropwizard/metrics/metrics-core/3.2.4/metrics-core-3.2.4.jar:/home/user/.m2/repository/org/apache/hadoop/hadoop-hdfs-client/3.2.1/hadoop-hdfs-client-3.2.1.jar:/home/user/.m2/repository/org/bouncycastle/bcprov-jdk15on/1.60/bcprov-jdk15on-1.60.jar:/home/user/.m2/repository/org/apache/hadoop/hadoop-ozone-ozone-manager/1.1.0-SNAPSHOT/hadoop-ozone-ozone-manager-1.1.0-SNAPSHOT.jar:/home/user/.m2/repository/org/apache/hadoop/hadoop-hdds-interface-client/1.1.0-SNAPSHOT/hadoop-hdds-interface-client-1.1.0-SNAPSHOT.jar:/home/user/.m2/repository/org/apache/ratis/ratis-thirdparty-misc/0.6.0-SNAPSHOT/ratis-thirdparty-misc-0.6.0-SNAPSHOT.jar:/home/user/.m2/repository/org/apache/hadoop/hadoop-ozone-interface-storage/1.1.0-SNAPSHOT/hadoop-ozone-interface-storage-1.1.0-SNAPSHOT.jar:/home/user/.m2/repository/org/apache/hadoop/hadoop-minikdc/3.2.1/hadoop-minikdc-3.2.1.jar:/home/user/.m2/repository/org/apache/kerby/kerb-simplekdc/1.0.1/kerb-simplekdc-1.0.1.jar:/home/user/.m2/repository/org/apache/kerby/kerb-client/1.0.1/kerb-client-1.0.1.jar:/home/user/.m2/repository/org/apache/kerby/kerby-config/1.0.1/kerby-config-1.0.1.jar:/home/user/.m2/repository/org/apache/kerby/kerb-core/1.0.1/kerb-core-1.0.1.jar:/home/user/.m2/repository/org/apache/kerby/kerby-pkix/1.0.1/kerby-pkix-1.0.1.jar:/home/user/.m2/repository/org/apache/kerby/kerby-asn1/1.0.1/kerby-asn1-1.0.1.jar:/home/user/.m2/repository/org/apache/kerby/kerby-util/1.0.1/kerby-util-1.0.1.jar:/home/user/.m2/repository/org/apache/kerby/kerb-common/1.0.1/kerb-common-1.0.1.jar:/home/user/.m2/repository/org/apache/kerby/kerb-crypto/1.0.1/kerb-crypto-1.0.1.jar:/home/user/.m2/repository/org/apache/kerby/kerb-util/1.0.1/kerb-util-1.0.1.jar:/home/user/.m2/repository/org/apache/kerby/token-provider/1.0.1/token-provider-1.0.1.jar:/home/user/.m2/repository/org/apache/kerby/kerb-admin/1.0.1/kerb-admin-1.0.1.jar:/home/user/.m2/repository/org/apache/kerby/kerb-server/1.0.1/kerb-server-1.0.1.jar:/home/user/.m2/repository/org/apache/kerby/kerb-identity/1.0.1/kerb-identity-1.0.1.jar:/home/user/.m2/repository/org/apache/kerby/kerby-xdr/1.0.1/kerby-xdr-1.0.1.jar:/home/user/.m2/repository/org/slf4j/slf4j-log4j12/1.7.25/slf4j-log4j12-1.7.25.jar:/home/user/.m2/repository/org/apache/hadoop/hadoop-ozone-s3gateway/1.1.0-SNAPSHOT/hadoop-ozone-s3gateway-1.1.0-SNAPSHOT.jar:/home/user/.m2/repository/org/jboss/weld/servlet/weld-servlet/2.4.7.Final/weld-servlet-2.4.7.Final.jar:/home/user/.m2/repository/org/glassfish/jersey/containers/jersey-container-servlet-core/2.27/jersey-container-servlet-core-2.27.jar:/home/user/.m2/repository/org/glassfish/hk2/external/javax.inject/2.5.0-b42/javax.inject-2.5.0-b42.jar:/home/user/.m2/repository/org/glassfish/jersey/core/jersey-common/2.27/jersey-common-2.27.jar:/home/user/.m2/repository/org/glassfish/hk2/osgi-resource-locator/1.0.1/osgi-resource-locator-1.0.1.jar:/home/user/.m2/repository/javax/ws/rs/javax.ws.rs-api/2.1/javax.ws.rs-api-2.1.jar:/home/user/.m2/repository/org/glassfish/jersey/ext/cdi/jersey-cdi1x/2.27/jersey-cdi1x-2.27.jar:/home/user/.m2/repository/org/glassfish/jersey/inject/jersey-hk2/2.27/jersey-hk2-2.27.jar:/home/user/.m2/repository/org/glassfish/hk2/hk2-locator/2.5.0-b42/hk2-locator-2.5.0-b42.jar:/home/user/.m2/repository/org/javassist/javassist/3.22.0-CR2/javassist-3.22.0-CR2.jar:/home/user/.m2/repository/org/glassfish/hk2/hk2-api/2.5.0/hk2-api-2.5.0.jar:/home/user/.m2/repository/org/glassfish/hk2/external/jakarta.inject/2.5.0/jakarta.inject-2.5.0.jar:/home/user/.m2/repository/org/glassfish/hk2/hk2-utils/2.5.0/hk2-utils-2.5.0.jar:/home/user/.m2/repository/jakarta/annotation/jakarta.annotation-api/1.3.4/jakarta.annotation-api-1.3.4.jar:/home/user/.m2/repository/org/glassfish/hk2/external/aopalliance-repackaged/2.5.0/aopalliance-repackaged-2.5.0.jar:/home/user/.m2/repository/com/fasterxml/jackson/dataformat/jackson-dataformat-xml/2.10.3/jackson-dataformat-xml-2.10.3.jar:/home/user/.m2/repository/com/fasterxml/jackson/core/jackson-core/2.10.3/jackson-core-2.10.3.jar:/home/user/.m2/repository/com/fasterxml/jackson/module/jackson-module-jaxb-annotations/2.10.3/jackson-module-jaxb-annotations-2.10.3.jar:/home/user/.m2/repository/jakarta/xml/bind/jakarta.xml.bind-api/2.3.2/jakarta.xml.bind-api-2.3.2.jar:/home/user/.m2/repository/jakarta/activation/jakarta.activation-api/1.2.1/jakarta.activation-api-1.2.1.jar:/home/user/.m2/repository/org/codehaus/woodstox/stax2-api/3.1.4/stax2-api-3.1.4.jar:/home/user/.m2/repository/com/fasterxml/woodstox/woodstox-core/5.0.3/woodstox-core-5.0.3.jar:/home/user/.m2/repository/javax/enterprise/cdi-api/1.2/cdi-api-1.2.jar:/home/user/.m2/repository/javax/el/javax.el-api/3.0.0/javax.el-api-3.0.0.jar:/home/user/.m2/repository/javax/interceptor/javax.interceptor-api/1.2/javax.interceptor-api-1.2.jar:/home/user/.m2/repository/javax/inject/javax.inject/1/javax.inject-1.jar:/home/user/.m2/repository/com/sun/xml/bind/jaxb-impl/2.3.0.1/jaxb-impl-2.3.0.1.jar:/home/user/.m2/repository/com/sun/xml/bind/jaxb-core/2.3.0.1/jaxb-core-2.3.0.1.jar:/home/user/.m2/repository/javax/xml/bind/jaxb-api/2.3.0/jaxb-api-2.3.0.jar:/home/user/.m2/repository/javax/activation/activation/1.1.1/activation-1.1.1.jar:/home/user/.m2/repository/org/apache/hadoop/hadoop-ozone-csi/1.1.0-SNAPSHOT/hadoop-ozone-csi-1.1.0-SNAPSHOT.jar:/home/user/.m2/repository/com/google/protobuf/protobuf-java-util/3.11.0/protobuf-java-util-3.11.0.jar:/home/user/.m2/repository/com/google/code/gson/gson/2.2.4/gson-2.2.4.jar:/home/user/.m2/repository/org/apache/hadoop/hadoop-hdds-config/1.1.0-SNAPSHOT/hadoop-hdds-config-1.1.0-SNAPSHOT.jar:/home/user/.m2/repository/com/google/protobuf/protobuf-java/2.5.0/protobuf-java-2.5.0.jar:/home/user/.m2/repository/io/grpc/grpc-netty/1.29.0/grpc-netty-1.29.0.jar:/home/user/.m2/repository/io/grpc/grpc-core/1.29.0/grpc-core-1.29.0.jar:/home/user/.m2/repository/com/google/android/annotations/4.1.1.4/annotations-4.1.1.4.jar:/home/user/.m2/repository/io/perfmark/perfmark-api/0.19.0/perfmark-api-0.19.0.jar:/home/user/.m2/repository/io/netty/netty-codec-http2/4.1.48.Final/netty-codec-http2-4.1.48.Final.jar:/home/user/.m2/repository/io/netty/netty-codec/4.1.48.Final/netty-codec-4.1.48.Final.jar:/home/user/.m2/repository/io/netty/netty-handler/4.1.48.Final/netty-handler-4.1.48.Final.jar:/home/user/.m2/repository/io/netty/netty-codec-http/4.1.48.Final/netty-codec-http-4.1.48.Final.jar:/home/user/.m2/repository/io/netty/netty-handler-proxy/4.1.48.Final/netty-handler-proxy-4.1.48.Final.jar:/home/user/.m2/repository/io/netty/netty-codec-socks/4.1.48.Final/netty-codec-socks-4.1.48.Final.jar:/home/user/.m2/repository/io/netty/netty-transport-native-epoll/4.1.48.Final/netty-transport-native-epoll-4.1.48.Final.jar:/home/user/.m2/repository/io/netty/netty-common/4.1.48.Final/netty-common-4.1.48.Final.jar:/home/user/.m2/repository/io/netty/netty-buffer/4.1.48.Final/netty-buffer-4.1.48.Final.jar:/home/user/.m2/repository/io/netty/netty-transport/4.1.48.Final/netty-transport-4.1.48.Final.jar:/home/user/.m2/repository/io/netty/netty-resolver/4.1.48.Final/netty-resolver-4.1.48.Final.jar:/home/user/.m2/repository/io/netty/netty-transport-native-unix-common/4.1.48.Final/netty-transport-native-unix-common-4.1.48.Final.jar:/home/user/.m2/repository/io/grpc/grpc-protobuf/1.29.0/grpc-protobuf-1.29.0.jar:/home/user/.m2/repository/io/grpc/grpc-api/1.29.0/grpc-api-1.29.0.jar:/home/user/.m2/repository/io/grpc/grpc-context/1.29.0/grpc-context-1.29.0.jar:/home/user/.m2/repository/org/codehaus/mojo/animal-sniffer-annotations/1.18/animal-sniffer-annotations-1.18.jar:/home/user/.m2/repository/com/google/api/grpc/proto-google-common-protos/1.17.0/proto-google-common-protos-1.17.0.jar:/home/user/.m2/repository/io/grpc/grpc-protobuf-lite/1.29.0/grpc-protobuf-lite-1.29.0.jar:/home/user/.m2/repository/io/grpc/grpc-stub/1.29.0/grpc-stub-1.29.0.jar:/home/user/.m2/repository/org/apache/hadoop/hadoop-ozone-recon/1.1.0-SNAPSHOT/hadoop-ozone-recon-1.1.0-SNAPSHOT.jar:/home/user/.m2/repository/org/apache/hadoop/hadoop-ozone-reconcodegen/1.1.0-SNAPSHOT/hadoop-ozone-reconcodegen-1.1.0-SNAPSHOT.jar:/home/user/.m2/repository/com/google/inject/extensions/guice-multibindings/4.0/guice-multibindings-4.0.jar:/home/user/.m2/repository/com/google/inject/guice/4.0/guice-4.0.jar:/home/user/.m2/repository/aopalliance/aopalliance/1.0/aopalliance-1.0.jar:/home/user/.m2/repository/com/google/inject/extensions/guice-assistedinject/4.0/guice-assistedinject-4.0.jar:/home/user/.m2/repository/com/google/inject/extensions/guice-servlet/4.0/guice-servlet-4.0.jar:/home/user/.m2/repository/org/glassfish/jersey/containers/jersey-container-servlet/2.27/jersey-container-servlet-2.27.jar:/home/user/.m2/repository/org/glassfish/hk2/guice-bridge/2.5.0/guice-bridge-2.5.0.jar:/home/user/.m2/repository/org/glassfish/jersey/core/jersey-server/2.27/jersey-server-2.27.jar:/home/user/.m2/repository/org/glassfish/jersey/core/jersey-client/2.27/jersey-client-2.27.jar:/home/user/.m2/repository/org/glassfish/jersey/media/jersey-media-jaxb/2.27/jersey-media-jaxb-2.27.jar:/home/user/.m2/repository/javax/validation/validation-api/1.1.0.Final/validation-api-1.1.0.Final.jar:/home/user/.m2/repository/org/glassfish/jersey/media/jersey-media-json-jackson/2.27/jersey-media-json-jackson-2.27.jar:/home/user/.m2/repository/org/glassfish/jersey/ext/jersey-entity-filtering/2.27/jersey-entity-filtering-2.27.jar:/home/user/.m2/repository/org/jooq/jooq/3.11.10/jooq-3.11.10.jar:/home/user/.m2/repository/org/jooq/jooq-meta/3.11.10/jooq-meta-3.11.10.jar:/home/user/.m2/repository/org/jooq/jooq-codegen/3.11.10/jooq-codegen-3.11.10.jar:/home/user/.m2/repository/com/jolbox/bonecp/0.8.0.RELEASE/bonecp-0.8.0.RELEASE.jar:/home/user/.m2/repository/org/apache/derby/derby/10.14.2.0/derby-10.14.2.0.jar:/home/user/.m2/repository/org/xerial/sqlite-jdbc/3.25.2/sqlite-jdbc-3.25.2.jar:/home/user/.m2/repository/org/springframework/spring-jdbc/5.2.5.RELEASE/spring-jdbc-5.2.5.RELEASE.jar:/home/user/.m2/repository/org/springframework/spring-beans/5.2.5.RELEASE/spring-beans-5.2.5.RELEASE.jar:/home/user/.m2/repository/org/springframework/spring-core/5.2.5.RELEASE/spring-core-5.2.5.RELEASE.jar:/home/user/.m2/repository/org/springframework/spring-jcl/5.2.5.RELEASE/spring-jcl-5.2.5.RELEASE.jar:/home/user/.m2/repository/org/springframework/spring-tx/5.2.5.RELEASE/spring-tx-5.2.5.RELEASE.jar:/home/user/.m2/repository/org/apache/hadoop/hadoop-ozone-client/1.1.0-SNAPSHOT/hadoop-ozone-client-1.1.0-SNAPSHOT.jar:/home/user/.m2/repository/org/apache/hadoop/hadoop-ozone-filesystem/1.1.0-SNAPSHOT/hadoop-ozone-filesystem-1.1.0-SNAPSHOT.jar:/home/user/.m2/repository/org/apache/hadoop/hadoop-ozone-filesystem-common/1.1.0-SNAPSHOT/hadoop-ozone-filesystem-common-1.1.0-SNAPSHOT.jar:/home/user/.m2/repository/org/apache/hadoop/hadoop-ozone-tools/1.1.0-SNAPSHOT/hadoop-ozone-tools-1.1.0-SNAPSHOT.jar:/home/user/.m2/repository/org/apache/hadoop/hadoop-hdfs/3.2.1/hadoop-hdfs-3.2.1.jar:/home/user/.m2/repository/org/apache/ratis/ratis-tools/1.1.0-913f5a4-SNAPSHOT/ratis-tools-1.1.0-913f5a4-SNAPSHOT.jar:/home/user/.m2/repository/org/apache/ratis/ratis-proto/1.1.0-913f5a4-SNAPSHOT/ratis-proto-1.1.0-913f5a4-SNAPSHOT.jar:/home/user/.m2/repository/org/apache/ratis/ratis-common/1.1.0-913f5a4-SNAPSHOT/ratis-common-1.1.0-913f5a4-SNAPSHOT.jar:/home/user/.m2/repository/com/amazonaws/aws-java-sdk-core/1.11.615/aws-java-sdk-core-1.11.615.jar:/home/user/.m2/repository/org/apache/httpcomponents/httpclient/4.5.13/httpclient-4.5.13.jar:/home/user/.m2/repository/org/apache/httpcomponents/httpcore/4.4.13/httpcore-4.4.13.jar:/home/user/.m2/repository/software/amazon/ion/ion-java/1.0.2/ion-java-1.0.2.jar:/home/user/.m2/repository/com/fasterxml/jackson/dataformat/jackson-dataformat-cbor/2.10.3/jackson-dataformat-cbor-2.10.3.jar:/home/user/.m2/repository/joda-time/joda-time/2.8.1/joda-time-2.8.1.jar:/home/user/.m2/repository/com/amazonaws/aws-java-sdk-s3/1.11.615/aws-java-sdk-s3-1.11.615.jar:/home/user/.m2/repository/com/amazonaws/aws-java-sdk-kms/1.11.615/aws-java-sdk-kms-1.11.615.jar:/home/user/.m2/repository/com/amazonaws/jmespath-java/1.11.615/jmespath-java-1.11.615.jar:/home/user/.m2/repository/org/kohsuke/metainf-services/metainf-services/1.8/metainf-services-1.8.jar:/home/user/.m2/repository/org/apache/hadoop/hadoop-hdds-tools/1.1.0-SNAPSHOT/hadoop-hdds-tools-1.1.0-SNAPSHOT.jar:/home/user/.m2/repository/commons-cli/commons-cli/1.2/commons-cli-1.2.jar:/home/user/.m2/repository/org/apache/commons/commons-lang3/3.7/commons-lang3-3.7.jar:/home/user/.m2/repository/org/apache/hadoop/hadoop-ozone-ozone-manager/1.1.0-SNAPSHOT/hadoop-ozone-ozone-manager-1.1.0-SNAPSHOT-tests.jar:/home/user/.m2/repository/junit/junit/4.11/junit-4.11.jar:/home/user/.m2/repository/org/hamcrest/hamcrest-core/1.3/hamcrest-core-1.3.jar:/home/user/.m2/repository/org/openjdk/jmh/jmh-core/1.19/jmh-core-1.19.jar:/home/user/.m2/repository/net/sf/jopt-simple/jopt-simple/4.6/jopt-simple-4.6.jar:/home/user/.m2/repository/org/apache/commons/commons-math3/3.1.1/commons-math3-3.1.1.jar:/home/user/.m2/repository/org/openjdk/jmh/jmh-generator-annprocess/1.19/jmh-generator-annprocess-1.19.jar:/home/user/.m2/repository/org/mockito/mockito-all/1.8.5/mockito-all-1.8.5.jar:/home/user/.m2/repository/org/apache/hadoop/hadoop-kms/3.2.1/hadoop-kms-3.2.1.jar:/home/user/.m2/repository/org/apache/hadoop/hadoop-auth/3.2.1/hadoop-auth-3.2.1.jar:/home/user/.m2/repository/com/nimbusds/nimbus-jose-jwt/7.9/nimbus-jose-jwt-7.9.jar:/home/user/.m2/repository/com/github/stephenc/jcip/jcip-annotations/1.0-1/jcip-annotations-1.0-1.jar:/home/user/.m2/repository/net/minidev/json-smart/2.3/json-smart-2.3.jar:/home/user/.m2/repository/net/minidev/accessors-smart/1.2/accessors-smart-1.2.jar:/home/user/.m2/repository/org/ow2/asm/asm/5.0.4/asm-5.0.4.jar:/home/user/.m2/repository/org/apache/zookeeper/zookeeper/3.4.13/zookeeper-3.4.13.jar:/home/user/.m2/repository/org/apache/yetus/audience-annotations/0.5.0/audience-annotations-0.5.0.jar:/home/user/.m2/repository/org/apache/curator/curator-framework/2.13.0/curator-framework-2.13.0.jar:/home/user/.m2/repository/com/sun/jersey/jersey-core/1.19/jersey-core-1.19.jar:/home/user/.m2/repository/javax/ws/rs/jsr311-api/1.1.1/jsr311-api-1.1.1.jar:/home/user/.m2/repository/com/sun/jersey/jersey-server/1.19/jersey-server-1.19.jar:/home/user/.m2/repository/javax/servlet/javax.servlet-api/3.1.0/javax.servlet-api-3.1.0.jar:/home/user/.m2/repository/org/eclipse/jetty/jetty-server/9.4.34.v20201102/jetty-server-9.4.34.v20201102.jar:/home/user/.m2/repository/org/eclipse/jetty/jetty-http/9.4.34.v20201102/jetty-http-9.4.34.v20201102.jar:/home/user/.m2/repository/org/eclipse/jetty/jetty-io/9.4.34.v20201102/jetty-io-9.4.34.v20201102.jar:/home/user/.m2/repository/org/eclipse/jetty/jetty-webapp/9.4.34.v20201102/jetty-webapp-9.4.34.v20201102.jar:/home/user/.m2/repository/org/eclipse/jetty/jetty-xml/9.4.34.v20201102/jetty-xml-9.4.34.v20201102.jar:/home/user/.m2/repository/org/eclipse/jetty/jetty-servlet/9.4.34.v20201102/jetty-servlet-9.4.34.v20201102.jar:/home/user/.m2/repository/org/eclipse/jetty/jetty-security/9.4.34.v20201102/jetty-security-9.4.34.v20201102.jar:/home/user/.m2/repository/org/apache/hadoop/hadoop-common/3.2.1/hadoop-common-3.2.1.jar:/home/user/.m2/repository/commons-net/commons-net/3.6/commons-net-3.6.jar:/home/user/.m2/repository/commons-collections/commons-collections/3.2.2/commons-collections-3.2.2.jar:/home/user/.m2/repository/com/sun/jersey/jersey-servlet/1.19/jersey-servlet-1.19.jar:/home/user/.m2/repository/com/sun/jersey/jersey-json/1.19/jersey-json-1.19.jar:/home/user/.m2/repository/org/codehaus/jettison/jettison/1.1/jettison-1.1.jar:/home/user/.m2/repository/org/codehaus/jackson/jackson-jaxrs/1.9.2/jackson-jaxrs-1.9.2.jar:/home/user/.m2/repository/org/codehaus/jackson/jackson-xc/1.9.2/jackson-xc-1.9.2.jar:/home/user/.m2/repository/commons-beanutils/commons-beanutils/1.9.4/commons-beanutils-1.9.4.jar:/home/user/.m2/repository/org/apache/commons/commons-configuration2/2.1.1/commons-configuration2-2.1.1.jar:/home/user/.m2/repository/org/apache/commons/commons-text/1.4/commons-text-1.4.jar:/home/user/.m2/repository/com/google/re2j/re2j/1.1/re2j-1.1.jar:/home/user/.m2/repository/com/jcraft/jsch/0.1.54/jsch-0.1.54.jar:/home/user/.m2/repository/org/apache/curator/curator-client/2.13.0/curator-client-2.13.0.jar:/home/user/.m2/repository/org/apache/curator/curator-recipes/2.13.0/curator-recipes-2.13.0.jar:/home/user/.m2/repository/dnsjava/dnsjava/2.1.7/dnsjava-2.1.7.jar:/home/user/.m2/repository/org/slf4j/jul-to-slf4j/1.7.25/jul-to-slf4j-1.7.25.jar:/home/user/.m2/repository/org/eclipse/jetty/jetty-util/9.4.34.v20201102/jetty-util-9.4.34.v20201102.jar:/home/user/.m2/repository/com/fasterxml/jackson/core/jackson-databind/2.10.3/jackson-databind-2.10.3.jar:/home/user/.m2/repository/org/apache/hadoop/hadoop-kms/3.2.1/hadoop-kms-3.2.1-tests.jar:/home/user/.m2/repository/org/apache/hadoop/hadoop-hdds-server-scm/1.1.0-SNAPSHOT/hadoop-hdds-server-scm-1.1.0-SNAPSHOT-tests.jar:/home/user/.m2/repository/org/apache/hadoop/hadoop-hdds-container-service/1.1.0-SNAPSHOT/hadoop-hdds-container-service-1.1.0-SNAPSHOT-tests.jar:/home/user/.m2/repository/org/apache/hadoop/hadoop-hdds-common/1.1.0-SNAPSHOT/hadoop-hdds-common-1.1.0-SNAPSHOT-tests.jar:/home/user/.m2/repository/org/yaml/snakeyaml/1.16/snakeyaml-1.16.jar:/home/user/.m2/repository/org/apache/hadoop/hadoop-hdds-hadoop-dependency-test/1.1.0-SNAPSHOT/hadoop-hdds-hadoop-dependency-test-1.1.0-SNAPSHOT.jar:/home/user/.m2/repository/org/apache/hadoop/hadoop-common/3.2.1/hadoop-common-3.2.1-tests.jar:/home/user/.m2/repository/javax/servlet/jsp/jsp-api/2.1/jsp-api-2.1.jar:/home/user/.m2/repository/org/apache/hadoop/hadoop-hdfs/3.2.1/hadoop-hdfs-3.2.1-tests.jar:/home/user/.m2/repository/org/eclipse/jetty/jetty-util-ajax/9.4.34.v20201102/jetty-util-ajax-9.4.34.v20201102.jar:/home/user/.m2/repository/commons-codec/commons-codec/1.11/commons-codec-1.11.jar:/home/user/.m2/repository/commons-daemon/commons-daemon/1.0.13/commons-daemon-1.0.13.jar:/home/user/.m2/repository/io/netty/netty/3.10.5.Final/netty-3.10.5.Final.jar:/home/user/.m2/repository/io/netty/netty-all/4.1.48.Final/netty-all-4.1.48.Final.jar:/home/user/.m2/repository/org/apache/htrace/htrace-core4/4.1.0-incubating/htrace-core4-4.1.0-incubating.jar:/home/user/.m2/repository/org/fusesource/leveldbjni/leveldbjni-all/1.8/leveldbjni-all-1.8.jar:/home/user/.m2/repository/org/apache/hadoop/hadoop-distcp/3.2.1/hadoop-distcp-3.2.1.jar:/home/user/.m2/repository/org/apache/hadoop/hadoop-mapreduce-client-jobclient/3.2.1/hadoop-mapreduce-client-jobclient-3.2.1.jar:/home/user/.m2/repository/org/apache/hadoop/hadoop-mapreduce-client-common/3.2.1/hadoop-mapreduce-client-common-3.2.1.jar:/home/user/.m2/repository/org/apache/hadoop/hadoop-yarn-common/3.2.1/hadoop-yarn-common-3.2.1.jar:/home/user/.m2/repository/org/apache/hadoop/hadoop-yarn-api/3.2.1/hadoop-yarn-api-3.2.1.jar:/home/user/.m2/repository/com/sun/jersey/jersey-client/1.19/jersey-client-1.19.jar:/home/user/.m2/repository/com/sun/jersey/contribs/jersey-guice/1.19/jersey-guice-1.19.jar:/home/user/.m2/repository/com/fasterxml/jackson/jaxrs/jackson-jaxrs-json-provider/2.10.3/jackson-jaxrs-json-provider-2.10.3.jar:/home/user/.m2/repository/com/fasterxml/jackson/jaxrs/jackson-jaxrs-base/2.10.3/jackson-jaxrs-base-2.10.3.jar:/home/user/.m2/repository/org/apache/hadoop/hadoop-yarn-client/3.2.1/hadoop-yarn-client-3.2.1.jar:/home/user/.m2/repository/org/apache/hadoop/hadoop-mapreduce-client-core/3.2.1/hadoop-mapreduce-client-core-3.2.1.jar:/home/user/.m2/repository/org/apache/avro/avro/1.7.7/avro-1.7.7.jar:/home/user/.m2/repository/org/codehaus/jackson/jackson-core-asl/1.9.13/jackson-core-asl-1.9.13.jar:/home/user/.m2/repository/org/codehaus/jackson/jackson-mapper-asl/1.9.13/jackson-mapper-asl-1.9.13.jar:/home/user/.m2/repository/com/thoughtworks/paranamer/paranamer/2.3/paranamer-2.3.jar:/home/user/.m2/repository/org/xerial/snappy/snappy-java/1.0.5/snappy-java-1.0.5.jar:/home/user/.m2/repository/org/apache/hadoop/hadoop-annotations/3.2.1/hadoop-annotations-3.2.1.jar:/usr/lib/jvm/java-1.8.0-openjdk-1.8.0.232.b09-0.el7_7.x86_64/jre/../lib/tools.jar:/home/user/.m2/repository/org/apache/hadoop/hadoop-distcp/3.2.1/hadoop-distcp-3.2.1-tests.jar:"/>
    <property name="java.vm.vendor" value="Oracle Corporation"/>
    <property name="sun.arch.data.model" value="64"/>
    <property name="test.build.dir" value="/github/workspace/mnt/ozone/hadoop-ozone/integration-test/target/test-dir"/>
    <property name="test.cache.data" value=""/>
    <property name="java.vendor.url" value="http://java.oracle.com/"/>
    <property name="user.timezone" value=""/>
    <property name="java.vm.specification.version" value="1.8"/>
    <property name="os.name" value="Linux"/>
    <property name="test.build.data" value="/github/workspace/mnt/ozone/hadoop-ozone/integration-test/target/test-dir"/>
    <property name="user.country" value="US"/>
    <property name="sun.java.launcher" value="SUN_STANDARD"/>
    <property name="sun.boot.library.path" value="/usr/lib/jvm/java-1.8.0-openjdk-1.8.0.232.b09-0.el7_7.x86_64/jre/lib/amd64"/>
    <property name="sun.java.command" value="/github/workspace/mnt/ozone/hadoop-ozone/integration-test/target/surefire/surefirebooter560109101519242406.jar /github/workspace/mnt/ozone/hadoop-ozone/integration-test/target/surefire 2020-11-23T16-42-08_499-jvmRun1 surefire6322556155034723879tmp surefire_18777986327960208375tmp"/>
    <property name="surefire.test.class.path" value="/github/workspace/mnt/ozone/hadoop-ozone/integration-test/target/test-classes:/github/workspace/mnt/ozone/hadoop-ozone/integration-test/target/classes:/home/user/.m2/repository/org/apache/hadoop/hadoop-ozone-common/1.1.0-SNAPSHOT/hadoop-ozone-common-1.1.0-SNAPSHOT.jar:/home/user/.m2/repository/org/apache/commons/commons-compress/1.4.1/commons-compress-1.4.1.jar:/home/user/.m2/repository/org/tukaani/xz/1.0/xz-1.0.jar:/home/user/.m2/repository/org/apache/hadoop/hadoop-hdds-common/1.1.0-SNAPSHOT/hadoop-hdds-common-1.1.0-SNAPSHOT.jar:/home/user/.m2/repository/org/apache/hadoop/hadoop-hdds-hadoop-dependency-client/1.1.0-SNAPSHOT/hadoop-hdds-hadoop-dependency-client-1.1.0-SNAPSHOT.jar:/home/user/.m2/repository/info/picocli/picocli/4.4.0/picocli-4.4.0.jar:/home/user/.m2/repository/com/fasterxml/jackson/core/jackson-annotations/2.10.3/jackson-annotations-2.10.3.jar:/home/user/.m2/repository/javax/annotation/javax.annotation-api/1.2/javax.annotation-api-1.2.jar:/home/user/.m2/repository/org/apache/ratis/ratis-server/1.1.0-913f5a4-SNAPSHOT/ratis-server-1.1.0-913f5a4-SNAPSHOT.jar:/home/user/.m2/repository/org/apache/ratis/ratis-client/1.1.0-913f5a4-SNAPSHOT/ratis-client-1.1.0-913f5a4-SNAPSHOT.jar:/home/user/.m2/repository/org/apache/ratis/ratis-metrics/1.1.0-913f5a4-SNAPSHOT/ratis-metrics-1.1.0-913f5a4-SNAPSHOT.jar:/home/user/.m2/repository/org/apache/ratis/ratis-netty/1.1.0-913f5a4-SNAPSHOT/ratis-netty-1.1.0-913f5a4-SNAPSHOT.jar:/home/user/.m2/repository/org/apache/ratis/ratis-grpc/1.1.0-913f5a4-SNAPSHOT/ratis-grpc-1.1.0-913f5a4-SNAPSHOT.jar:/home/user/.m2/repository/org/apache/logging/log4j/log4j-api/2.13.3/log4j-api-2.13.3.jar:/home/user/.m2/repository/org/apache/logging/log4j/log4j-core/2.13.3/log4j-core-2.13.3.jar:/home/user/.m2/repository/com/lmax/disruptor/3.4.2/disruptor-3.4.2.jar:/home/user/.m2/repository/org/apache/commons/commons-pool2/2.6.0/commons-pool2-2.6.0.jar:/home/user/.m2/repository/org/bouncycastle/bcpkix-jdk15on/1.60/bcpkix-jdk15on-1.60.jar:/home/user/.m2/repository/commons-validator/commons-validator/1.6/commons-validator-1.6.jar:/home/user/.m2/repository/commons-digester/commons-digester/1.8.1/commons-digester-1.8.1.jar:/home/user/.m2/repository/io/jaegertracing/jaeger-client/1.2.0/jaeger-client-1.2.0.jar:/home/user/.m2/repository/io/jaegertracing/jaeger-thrift/1.2.0/jaeger-thrift-1.2.0.jar:/home/user/.m2/repository/org/apache/thrift/libthrift/0.13.0/libthrift-0.13.0.jar:/home/user/.m2/repository/com/squareup/okhttp3/okhttp/4.2.2/okhttp-4.2.2.jar:/home/user/.m2/repository/com/squareup/okio/okio/2.2.2/okio-2.2.2.jar:/home/user/.m2/repository/org/jetbrains/kotlin/kotlin-stdlib/1.3.50/kotlin-stdlib-1.3.50.jar:/home/user/.m2/repository/org/jetbrains/kotlin/kotlin-stdlib-common/1.3.50/kotlin-stdlib-common-1.3.50.jar:/home/user/.m2/repository/org/jetbrains/annotations/13.0/annotations-13.0.jar:/home/user/.m2/repository/io/jaegertracing/jaeger-core/1.2.0/jaeger-core-1.2.0.jar:/home/user/.m2/repository/io/jaegertracing/jaeger-tracerresolver/1.2.0/jaeger-tracerresolver-1.2.0.jar:/home/user/.m2/repository/io/opentracing/contrib/opentracing-tracerresolver/0.1.8/opentracing-tracerresolver-0.1.8.jar:/home/user/.m2/repository/io/opentracing/opentracing-util/0.33.0/opentracing-util-0.33.0.jar:/home/user/.m2/repository/io/opentracing/opentracing-api/0.33.0/opentracing-api-0.33.0.jar:/home/user/.m2/repository/io/opentracing/opentracing-noop/0.33.0/opentracing-noop-0.33.0.jar:/home/user/.m2/repository/org/apache/hadoop/hadoop-hdds-client/1.1.0-SNAPSHOT/hadoop-hdds-client-1.1.0-SNAPSHOT.jar:/home/user/.m2/repository/org/apache/hadoop/hadoop-ozone-interface-client/1.1.0-SNAPSHOT/hadoop-ozone-interface-client-1.1.0-SNAPSHOT.jar:/home/user/.m2/repository/org/apache/hadoop/hadoop-hdds-test-utils/1.1.0-SNAPSHOT/hadoop-hdds-test-utils-1.1.0-SNAPSHOT.jar:/home/user/.m2/repository/com/google/guava/guava/28.2-jre/guava-28.2-jre.jar:/home/user/.m2/repository/com/google/guava/failureaccess/1.0.1/failureaccess-1.0.1.jar:/home/user/.m2/repository/com/google/guava/listenablefuture/9999.0-empty-to-avoid-conflict-with-guava/listenablefuture-9999.0-empty-to-avoid-conflict-with-guava.jar:/home/user/.m2/repository/com/google/code/findbugs/jsr305/3.0.0/jsr305-3.0.0.jar:/home/user/.m2/repository/org/checkerframework/checker-qual/2.10.0/checker-qual-2.10.0.jar:/home/user/.m2/repository/com/google/errorprone/error_prone_annotations/2.2.0/error_prone_annotations-2.2.0.jar:/home/user/.m2/repository/com/google/j2objc/j2objc-annotations/1.3/j2objc-annotations-1.3.jar:/home/user/.m2/repository/commons-io/commons-io/2.5/commons-io-2.5.jar:/home/user/.m2/repository/commons-logging/commons-logging/1.2/commons-logging-1.2.jar:/home/user/.m2/repository/log4j/log4j/1.2.17/log4j-1.2.17.jar:/home/user/.m2/repository/org/slf4j/slf4j-api/1.7.25/slf4j-api-1.7.25.jar:/home/user/.m2/repository/org/apache/hadoop/hadoop-hdds-server-scm/1.1.0-SNAPSHOT/hadoop-hdds-server-scm-1.1.0-SNAPSHOT.jar:/home/user/.m2/repository/org/apache/hadoop/hadoop-hdds-container-service/1.1.0-SNAPSHOT/hadoop-hdds-container-service-1.1.0-SNAPSHOT.jar:/home/user/.m2/repository/org/apache/hadoop/hadoop-hdds-hadoop-dependency-server/1.1.0-SNAPSHOT/hadoop-hdds-hadoop-dependency-server-1.1.0-SNAPSHOT.jar:/home/user/.m2/repository/org/apache/hadoop/hadoop-hdds-server-framework/1.1.0-SNAPSHOT/hadoop-hdds-server-framework-1.1.0-SNAPSHOT.jar:/home/user/.m2/repository/org/apache/hadoop/hadoop-hdds-interface-server/1.1.0-SNAPSHOT/hadoop-hdds-interface-server-1.1.0-SNAPSHOT.jar:/home/user/.m2/repository/org/apache/hadoop/hadoop-hdds-interface-admin/1.1.0-SNAPSHOT/hadoop-hdds-interface-admin-1.1.0-SNAPSHOT.jar:/home/user/.m2/repository/org/rocksdb/rocksdbjni/6.8.1/rocksdbjni-6.8.1.jar:/home/user/.m2/repository/io/prometheus/simpleclient_dropwizard/0.7.0/simpleclient_dropwizard-0.7.0.jar:/home/user/.m2/repository/io/prometheus/simpleclient/0.7.0/simpleclient-0.7.0.jar:/home/user/.m2/repository/io/prometheus/simpleclient_common/0.7.0/simpleclient_common-0.7.0.jar:/home/user/.m2/repository/com/fasterxml/jackson/datatype/jackson-datatype-jsr310/2.10.3/jackson-datatype-jsr310-2.10.3.jar:/home/user/.m2/repository/io/dropwizard/metrics/metrics-core/3.2.4/metrics-core-3.2.4.jar:/home/user/.m2/repository/org/apache/hadoop/hadoop-hdfs-client/3.2.1/hadoop-hdfs-client-3.2.1.jar:/home/user/.m2/repository/org/bouncycastle/bcprov-jdk15on/1.60/bcprov-jdk15on-1.60.jar:/home/user/.m2/repository/org/apache/hadoop/hadoop-ozone-ozone-manager/1.1.0-SNAPSHOT/hadoop-ozone-ozone-manager-1.1.0-SNAPSHOT.jar:/home/user/.m2/repository/org/apache/hadoop/hadoop-hdds-interface-client/1.1.0-SNAPSHOT/hadoop-hdds-interface-client-1.1.0-SNAPSHOT.jar:/home/user/.m2/repository/org/apache/ratis/ratis-thirdparty-misc/0.6.0-SNAPSHOT/ratis-thirdparty-misc-0.6.0-SNAPSHOT.jar:/home/user/.m2/repository/org/apache/hadoop/hadoop-ozone-interface-storage/1.1.0-SNAPSHOT/hadoop-ozone-interface-storage-1.1.0-SNAPSHOT.jar:/home/user/.m2/repository/org/apache/hadoop/hadoop-minikdc/3.2.1/hadoop-minikdc-3.2.1.jar:/home/user/.m2/repository/org/apache/kerby/kerb-simplekdc/1.0.1/kerb-simplekdc-1.0.1.jar:/home/user/.m2/repository/org/apache/kerby/kerb-client/1.0.1/kerb-client-1.0.1.jar:/home/user/.m2/repository/org/apache/kerby/kerby-config/1.0.1/kerby-config-1.0.1.jar:/home/user/.m2/repository/org/apache/kerby/kerb-core/1.0.1/kerb-core-1.0.1.jar:/home/user/.m2/repository/org/apache/kerby/kerby-pkix/1.0.1/kerby-pkix-1.0.1.jar:/home/user/.m2/repository/org/apache/kerby/kerby-asn1/1.0.1/kerby-asn1-1.0.1.jar:/home/user/.m2/repository/org/apache/kerby/kerby-util/1.0.1/kerby-util-1.0.1.jar:/home/user/.m2/repository/org/apache/kerby/kerb-common/1.0.1/kerb-common-1.0.1.jar:/home/user/.m2/repository/org/apache/kerby/kerb-crypto/1.0.1/kerb-crypto-1.0.1.jar:/home/user/.m2/repository/org/apache/kerby/kerb-util/1.0.1/kerb-util-1.0.1.jar:/home/user/.m2/repository/org/apache/kerby/token-provider/1.0.1/token-provider-1.0.1.jar:/home/user/.m2/repository/org/apache/kerby/kerb-admin/1.0.1/kerb-admin-1.0.1.jar:/home/user/.m2/repository/org/apache/kerby/kerb-server/1.0.1/kerb-server-1.0.1.jar:/home/user/.m2/repository/org/apache/kerby/kerb-identity/1.0.1/kerb-identity-1.0.1.jar:/home/user/.m2/repository/org/apache/kerby/kerby-xdr/1.0.1/kerby-xdr-1.0.1.jar:/home/user/.m2/repository/org/slf4j/slf4j-log4j12/1.7.25/slf4j-log4j12-1.7.25.jar:/home/user/.m2/repository/org/apache/hadoop/hadoop-ozone-s3gateway/1.1.0-SNAPSHOT/hadoop-ozone-s3gateway-1.1.0-SNAPSHOT.jar:/home/user/.m2/repository/org/jboss/weld/servlet/weld-servlet/2.4.7.Final/weld-servlet-2.4.7.Final.jar:/home/user/.m2/repository/org/glassfish/jersey/containers/jersey-container-servlet-core/2.27/jersey-container-servlet-core-2.27.jar:/home/user/.m2/repository/org/glassfish/hk2/external/javax.inject/2.5.0-b42/javax.inject-2.5.0-b42.jar:/home/user/.m2/repository/org/glassfish/jersey/core/jersey-common/2.27/jersey-common-2.27.jar:/home/user/.m2/repository/org/glassfish/hk2/osgi-resource-locator/1.0.1/osgi-resource-locator-1.0.1.jar:/home/user/.m2/repository/javax/ws/rs/javax.ws.rs-api/2.1/javax.ws.rs-api-2.1.jar:/home/user/.m2/repository/org/glassfish/jersey/ext/cdi/jersey-cdi1x/2.27/jersey-cdi1x-2.27.jar:/home/user/.m2/repository/org/glassfish/jersey/inject/jersey-hk2/2.27/jersey-hk2-2.27.jar:/home/user/.m2/repository/org/glassfish/hk2/hk2-locator/2.5.0-b42/hk2-locator-2.5.0-b42.jar:/home/user/.m2/repository/org/javassist/javassist/3.22.0-CR2/javassist-3.22.0-CR2.jar:/home/user/.m2/repository/org/glassfish/hk2/hk2-api/2.5.0/hk2-api-2.5.0.jar:/home/user/.m2/repository/org/glassfish/hk2/external/jakarta.inject/2.5.0/jakarta.inject-2.5.0.jar:/home/user/.m2/repository/org/glassfish/hk2/hk2-utils/2.5.0/hk2-utils-2.5.0.jar:/home/user/.m2/repository/jakarta/annotation/jakarta.annotation-api/1.3.4/jakarta.annotation-api-1.3.4.jar:/home/user/.m2/repository/org/glassfish/hk2/external/aopalliance-repackaged/2.5.0/aopalliance-repackaged-2.5.0.jar:/home/user/.m2/repository/com/fasterxml/jackson/dataformat/jackson-dataformat-xml/2.10.3/jackson-dataformat-xml-2.10.3.jar:/home/user/.m2/repository/com/fasterxml/jackson/core/jackson-core/2.10.3/jackson-core-2.10.3.jar:/home/user/.m2/repository/com/fasterxml/jackson/module/jackson-module-jaxb-annotations/2.10.3/jackson-module-jaxb-annotations-2.10.3.jar:/home/user/.m2/repository/jakarta/xml/bind/jakarta.xml.bind-api/2.3.2/jakarta.xml.bind-api-2.3.2.jar:/home/user/.m2/repository/jakarta/activation/jakarta.activation-api/1.2.1/jakarta.activation-api-1.2.1.jar:/home/user/.m2/repository/org/codehaus/woodstox/stax2-api/3.1.4/stax2-api-3.1.4.jar:/home/user/.m2/repository/com/fasterxml/woodstox/woodstox-core/5.0.3/woodstox-core-5.0.3.jar:/home/user/.m2/repository/javax/enterprise/cdi-api/1.2/cdi-api-1.2.jar:/home/user/.m2/repository/javax/el/javax.el-api/3.0.0/javax.el-api-3.0.0.jar:/home/user/.m2/repository/javax/interceptor/javax.interceptor-api/1.2/javax.interceptor-api-1.2.jar:/home/user/.m2/repository/javax/inject/javax.inject/1/javax.inject-1.jar:/home/user/.m2/repository/com/sun/xml/bind/jaxb-impl/2.3.0.1/jaxb-impl-2.3.0.1.jar:/home/user/.m2/repository/com/sun/xml/bind/jaxb-core/2.3.0.1/jaxb-core-2.3.0.1.jar:/home/user/.m2/repository/javax/xml/bind/jaxb-api/2.3.0/jaxb-api-2.3.0.jar:/home/user/.m2/repository/javax/activation/activation/1.1.1/activation-1.1.1.jar:/home/user/.m2/repository/org/apache/hadoop/hadoop-ozone-csi/1.1.0-SNAPSHOT/hadoop-ozone-csi-1.1.0-SNAPSHOT.jar:/home/user/.m2/repository/com/google/protobuf/protobuf-java-util/3.11.0/protobuf-java-util-3.11.0.jar:/home/user/.m2/repository/com/google/code/gson/gson/2.2.4/gson-2.2.4.jar:/home/user/.m2/repository/org/apache/hadoop/hadoop-hdds-config/1.1.0-SNAPSHOT/hadoop-hdds-config-1.1.0-SNAPSHOT.jar:/home/user/.m2/repository/com/google/protobuf/protobuf-java/2.5.0/protobuf-java-2.5.0.jar:/home/user/.m2/repository/io/grpc/grpc-netty/1.29.0/grpc-netty-1.29.0.jar:/home/user/.m2/repository/io/grpc/grpc-core/1.29.0/grpc-core-1.29.0.jar:/home/user/.m2/repository/com/google/android/annotations/4.1.1.4/annotations-4.1.1.4.jar:/home/user/.m2/repository/io/perfmark/perfmark-api/0.19.0/perfmark-api-0.19.0.jar:/home/user/.m2/repository/io/netty/netty-codec-http2/4.1.48.Final/netty-codec-http2-4.1.48.Final.jar:/home/user/.m2/repository/io/netty/netty-codec/4.1.48.Final/netty-codec-4.1.48.Final.jar:/home/user/.m2/repository/io/netty/netty-handler/4.1.48.Final/netty-handler-4.1.48.Final.jar:/home/user/.m2/repository/io/netty/netty-codec-http/4.1.48.Final/netty-codec-http-4.1.48.Final.jar:/home/user/.m2/repository/io/netty/netty-handler-proxy/4.1.48.Final/netty-handler-proxy-4.1.48.Final.jar:/home/user/.m2/repository/io/netty/netty-codec-socks/4.1.48.Final/netty-codec-socks-4.1.48.Final.jar:/home/user/.m2/repository/io/netty/netty-transport-native-epoll/4.1.48.Final/netty-transport-native-epoll-4.1.48.Final.jar:/home/user/.m2/repository/io/netty/netty-common/4.1.48.Final/netty-common-4.1.48.Final.jar:/home/user/.m2/repository/io/netty/netty-buffer/4.1.48.Final/netty-buffer-4.1.48.Final.jar:/home/user/.m2/repository/io/netty/netty-transport/4.1.48.Final/netty-transport-4.1.48.Final.jar:/home/user/.m2/repository/io/netty/netty-resolver/4.1.48.Final/netty-resolver-4.1.48.Final.jar:/home/user/.m2/repository/io/netty/netty-transport-native-unix-common/4.1.48.Final/netty-transport-native-unix-common-4.1.48.Final.jar:/home/user/.m2/repository/io/grpc/grpc-protobuf/1.29.0/grpc-protobuf-1.29.0.jar:/home/user/.m2/repository/io/grpc/grpc-api/1.29.0/grpc-api-1.29.0.jar:/home/user/.m2/repository/io/grpc/grpc-context/1.29.0/grpc-context-1.29.0.jar:/home/user/.m2/repository/org/codehaus/mojo/animal-sniffer-annotations/1.18/animal-sniffer-annotations-1.18.jar:/home/user/.m2/repository/com/google/api/grpc/proto-google-common-protos/1.17.0/proto-google-common-protos-1.17.0.jar:/home/user/.m2/repository/io/grpc/grpc-protobuf-lite/1.29.0/grpc-protobuf-lite-1.29.0.jar:/home/user/.m2/repository/io/grpc/grpc-stub/1.29.0/grpc-stub-1.29.0.jar:/home/user/.m2/repository/org/apache/hadoop/hadoop-ozone-recon/1.1.0-SNAPSHOT/hadoop-ozone-recon-1.1.0-SNAPSHOT.jar:/home/user/.m2/repository/org/apache/hadoop/hadoop-ozone-reconcodegen/1.1.0-SNAPSHOT/hadoop-ozone-reconcodegen-1.1.0-SNAPSHOT.jar:/home/user/.m2/repository/com/google/inject/extensions/guice-multibindings/4.0/guice-multibindings-4.0.jar:/home/user/.m2/repository/com/google/inject/guice/4.0/guice-4.0.jar:/home/user/.m2/repository/aopalliance/aopalliance/1.0/aopalliance-1.0.jar:/home/user/.m2/repository/com/google/inject/extensions/guice-assistedinject/4.0/guice-assistedinject-4.0.jar:/home/user/.m2/repository/com/google/inject/extensions/guice-servlet/4.0/guice-servlet-4.0.jar:/home/user/.m2/repository/org/glassfish/jersey/containers/jersey-container-servlet/2.27/jersey-container-servlet-2.27.jar:/home/user/.m2/repository/org/glassfish/hk2/guice-bridge/2.5.0/guice-bridge-2.5.0.jar:/home/user/.m2/repository/org/glassfish/jersey/core/jersey-server/2.27/jersey-server-2.27.jar:/home/user/.m2/repository/org/glassfish/jersey/core/jersey-client/2.27/jersey-client-2.27.jar:/home/user/.m2/repository/org/glassfish/jersey/media/jersey-media-jaxb/2.27/jersey-media-jaxb-2.27.jar:/home/user/.m2/repository/javax/validation/validation-api/1.1.0.Final/validation-api-1.1.0.Final.jar:/home/user/.m2/repository/org/glassfish/jersey/media/jersey-media-json-jackson/2.27/jersey-media-json-jackson-2.27.jar:/home/user/.m2/repository/org/glassfish/jersey/ext/jersey-entity-filtering/2.27/jersey-entity-filtering-2.27.jar:/home/user/.m2/repository/org/jooq/jooq/3.11.10/jooq-3.11.10.jar:/home/user/.m2/repository/org/jooq/jooq-meta/3.11.10/jooq-meta-3.11.10.jar:/home/user/.m2/repository/org/jooq/jooq-codegen/3.11.10/jooq-codegen-3.11.10.jar:/home/user/.m2/repository/com/jolbox/bonecp/0.8.0.RELEASE/bonecp-0.8.0.RELEASE.jar:/home/user/.m2/repository/org/apache/derby/derby/10.14.2.0/derby-10.14.2.0.jar:/home/user/.m2/repository/org/xerial/sqlite-jdbc/3.25.2/sqlite-jdbc-3.25.2.jar:/home/user/.m2/repository/org/springframework/spring-jdbc/5.2.5.RELEASE/spring-jdbc-5.2.5.RELEASE.jar:/home/user/.m2/repository/org/springframework/spring-beans/5.2.5.RELEASE/spring-beans-5.2.5.RELEASE.jar:/home/user/.m2/repository/org/springframework/spring-core/5.2.5.RELEASE/spring-core-5.2.5.RELEASE.jar:/home/user/.m2/repository/org/springframework/spring-jcl/5.2.5.RELEASE/spring-jcl-5.2.5.RELEASE.jar:/home/user/.m2/repository/org/springframework/spring-tx/5.2.5.RELEASE/spring-tx-5.2.5.RELEASE.jar:/home/user/.m2/repository/org/apache/hadoop/hadoop-ozone-client/1.1.0-SNAPSHOT/hadoop-ozone-client-1.1.0-SNAPSHOT.jar:/home/user/.m2/repository/org/apache/hadoop/hadoop-ozone-filesystem/1.1.0-SNAPSHOT/hadoop-ozone-filesystem-1.1.0-SNAPSHOT.jar:/home/user/.m2/repository/org/apache/hadoop/hadoop-ozone-filesystem-common/1.1.0-SNAPSHOT/hadoop-ozone-filesystem-common-1.1.0-SNAPSHOT.jar:/home/user/.m2/repository/org/apache/hadoop/hadoop-ozone-tools/1.1.0-SNAPSHOT/hadoop-ozone-tools-1.1.0-SNAPSHOT.jar:/home/user/.m2/repository/org/apache/hadoop/hadoop-hdfs/3.2.1/hadoop-hdfs-3.2.1.jar:/home/user/.m2/repository/org/apache/ratis/ratis-tools/1.1.0-913f5a4-SNAPSHOT/ratis-tools-1.1.0-913f5a4-SNAPSHOT.jar:/home/user/.m2/repository/org/apache/ratis/ratis-proto/1.1.0-913f5a4-SNAPSHOT/ratis-proto-1.1.0-913f5a4-SNAPSHOT.jar:/home/user/.m2/repository/org/apache/ratis/ratis-common/1.1.0-913f5a4-SNAPSHOT/ratis-common-1.1.0-913f5a4-SNAPSHOT.jar:/home/user/.m2/repository/com/amazonaws/aws-java-sdk-core/1.11.615/aws-java-sdk-core-1.11.615.jar:/home/user/.m2/repository/org/apache/httpcomponents/httpclient/4.5.13/httpclient-4.5.13.jar:/home/user/.m2/repository/org/apache/httpcomponents/httpcore/4.4.13/httpcore-4.4.13.jar:/home/user/.m2/repository/software/amazon/ion/ion-java/1.0.2/ion-java-1.0.2.jar:/home/user/.m2/repository/com/fasterxml/jackson/dataformat/jackson-dataformat-cbor/2.10.3/jackson-dataformat-cbor-2.10.3.jar:/home/user/.m2/repository/joda-time/joda-time/2.8.1/joda-time-2.8.1.jar:/home/user/.m2/repository/com/amazonaws/aws-java-sdk-s3/1.11.615/aws-java-sdk-s3-1.11.615.jar:/home/user/.m2/repository/com/amazonaws/aws-java-sdk-kms/1.11.615/aws-java-sdk-kms-1.11.615.jar:/home/user/.m2/repository/com/amazonaws/jmespath-java/1.11.615/jmespath-java-1.11.615.jar:/home/user/.m2/repository/org/kohsuke/metainf-services/metainf-services/1.8/metainf-services-1.8.jar:/home/user/.m2/repository/org/apache/hadoop/hadoop-hdds-tools/1.1.0-SNAPSHOT/hadoop-hdds-tools-1.1.0-SNAPSHOT.jar:/home/user/.m2/repository/commons-cli/commons-cli/1.2/commons-cli-1.2.jar:/home/user/.m2/repository/org/apache/commons/commons-lang3/3.7/commons-lang3-3.7.jar:/home/user/.m2/repository/org/apache/hadoop/hadoop-ozone-ozone-manager/1.1.0-SNAPSHOT/hadoop-ozone-ozone-manager-1.1.0-SNAPSHOT-tests.jar:/home/user/.m2/repository/junit/junit/4.11/junit-4.11.jar:/home/user/.m2/repository/org/hamcrest/hamcrest-core/1.3/hamcrest-core-1.3.jar:/home/user/.m2/repository/org/openjdk/jmh/jmh-core/1.19/jmh-core-1.19.jar:/home/user/.m2/repository/net/sf/jopt-simple/jopt-simple/4.6/jopt-simple-4.6.jar:/home/user/.m2/repository/org/apache/commons/commons-math3/3.1.1/commons-math3-3.1.1.jar:/home/user/.m2/repository/org/openjdk/jmh/jmh-generator-annprocess/1.19/jmh-generator-annprocess-1.19.jar:/home/user/.m2/repository/org/mockito/mockito-all/1.8.5/mockito-all-1.8.5.jar:/home/user/.m2/repository/org/apache/hadoop/hadoop-kms/3.2.1/hadoop-kms-3.2.1.jar:/home/user/.m2/repository/org/apache/hadoop/hadoop-auth/3.2.1/hadoop-auth-3.2.1.jar:/home/user/.m2/repository/com/nimbusds/nimbus-jose-jwt/7.9/nimbus-jose-jwt-7.9.jar:/home/user/.m2/repository/com/github/stephenc/jcip/jcip-annotations/1.0-1/jcip-annotations-1.0-1.jar:/home/user/.m2/repository/net/minidev/json-smart/2.3/json-smart-2.3.jar:/home/user/.m2/repository/net/minidev/accessors-smart/1.2/accessors-smart-1.2.jar:/home/user/.m2/repository/org/ow2/asm/asm/5.0.4/asm-5.0.4.jar:/home/user/.m2/repository/org/apache/zookeeper/zookeeper/3.4.13/zookeeper-3.4.13.jar:/home/user/.m2/repository/org/apache/yetus/audience-annotations/0.5.0/audience-annotations-0.5.0.jar:/home/user/.m2/repository/org/apache/curator/curator-framework/2.13.0/curator-framework-2.13.0.jar:/home/user/.m2/repository/com/sun/jersey/jersey-core/1.19/jersey-core-1.19.jar:/home/user/.m2/repository/javax/ws/rs/jsr311-api/1.1.1/jsr311-api-1.1.1.jar:/home/user/.m2/repository/com/sun/jersey/jersey-server/1.19/jersey-server-1.19.jar:/home/user/.m2/repository/javax/servlet/javax.servlet-api/3.1.0/javax.servlet-api-3.1.0.jar:/home/user/.m2/repository/org/eclipse/jetty/jetty-server/9.4.34.v20201102/jetty-server-9.4.34.v20201102.jar:/home/user/.m2/repository/org/eclipse/jetty/jetty-http/9.4.34.v20201102/jetty-http-9.4.34.v20201102.jar:/home/user/.m2/repository/org/eclipse/jetty/jetty-io/9.4.34.v20201102/jetty-io-9.4.34.v20201102.jar:/home/user/.m2/repository/org/eclipse/jetty/jetty-webapp/9.4.34.v20201102/jetty-webapp-9.4.34.v20201102.jar:/home/user/.m2/repository/org/eclipse/jetty/jetty-xml/9.4.34.v20201102/jetty-xml-9.4.34.v20201102.jar:/home/user/.m2/repository/org/eclipse/jetty/jetty-servlet/9.4.34.v20201102/jetty-servlet-9.4.34.v20201102.jar:/home/user/.m2/repository/org/eclipse/jetty/jetty-security/9.4.34.v20201102/jetty-security-9.4.34.v20201102.jar:/home/user/.m2/repository/org/apache/hadoop/hadoop-common/3.2.1/hadoop-common-3.2.1.jar:/home/user/.m2/repository/commons-net/commons-net/3.6/commons-net-3.6.jar:/home/user/.m2/repository/commons-collections/commons-collections/3.2.2/commons-collections-3.2.2.jar:/home/user/.m2/repository/com/sun/jersey/jersey-servlet/1.19/jersey-servlet-1.19.jar:/home/user/.m2/repository/com/sun/jersey/jersey-json/1.19/jersey-json-1.19.jar:/home/user/.m2/repository/org/codehaus/jettison/jettison/1.1/jettison-1.1.jar:/home/user/.m2/repository/org/codehaus/jackson/jackson-jaxrs/1.9.2/jackson-jaxrs-1.9.2.jar:/home/user/.m2/repository/org/codehaus/jackson/jackson-xc/1.9.2/jackson-xc-1.9.2.jar:/home/user/.m2/repository/commons-beanutils/commons-beanutils/1.9.4/commons-beanutils-1.9.4.jar:/home/user/.m2/repository/org/apache/commons/commons-configuration2/2.1.1/commons-configuration2-2.1.1.jar:/home/user/.m2/repository/org/apache/commons/commons-text/1.4/commons-text-1.4.jar:/home/user/.m2/repository/com/google/re2j/re2j/1.1/re2j-1.1.jar:/home/user/.m2/repository/com/jcraft/jsch/0.1.54/jsch-0.1.54.jar:/home/user/.m2/repository/org/apache/curator/curator-client/2.13.0/curator-client-2.13.0.jar:/home/user/.m2/repository/org/apache/curator/curator-recipes/2.13.0/curator-recipes-2.13.0.jar:/home/user/.m2/repository/dnsjava/dnsjava/2.1.7/dnsjava-2.1.7.jar:/home/user/.m2/repository/org/slf4j/jul-to-slf4j/1.7.25/jul-to-slf4j-1.7.25.jar:/home/user/.m2/repository/org/eclipse/jetty/jetty-util/9.4.34.v20201102/jetty-util-9.4.34.v20201102.jar:/home/user/.m2/repository/com/fasterxml/jackson/core/jackson-databind/2.10.3/jackson-databind-2.10.3.jar:/home/user/.m2/repository/org/apache/hadoop/hadoop-kms/3.2.1/hadoop-kms-3.2.1-tests.jar:/home/user/.m2/repository/org/apache/hadoop/hadoop-hdds-server-scm/1.1.0-SNAPSHOT/hadoop-hdds-server-scm-1.1.0-SNAPSHOT-tests.jar:/home/user/.m2/repository/org/apache/hadoop/hadoop-hdds-container-service/1.1.0-SNAPSHOT/hadoop-hdds-container-service-1.1.0-SNAPSHOT-tests.jar:/home/user/.m2/repository/org/apache/hadoop/hadoop-hdds-common/1.1.0-SNAPSHOT/hadoop-hdds-common-1.1.0-SNAPSHOT-tests.jar:/home/user/.m2/repository/org/yaml/snakeyaml/1.16/snakeyaml-1.16.jar:/home/user/.m2/repository/org/apache/hadoop/hadoop-hdds-hadoop-dependency-test/1.1.0-SNAPSHOT/hadoop-hdds-hadoop-dependency-test-1.1.0-SNAPSHOT.jar:/home/user/.m2/repository/org/apache/hadoop/hadoop-common/3.2.1/hadoop-common-3.2.1-tests.jar:/home/user/.m2/repository/javax/servlet/jsp/jsp-api/2.1/jsp-api-2.1.jar:/home/user/.m2/repository/org/apache/hadoop/hadoop-hdfs/3.2.1/hadoop-hdfs-3.2.1-tests.jar:/home/user/.m2/repository/org/eclipse/jetty/jetty-util-ajax/9.4.34.v20201102/jetty-util-ajax-9.4.34.v20201102.jar:/home/user/.m2/repository/commons-codec/commons-codec/1.11/commons-codec-1.11.jar:/home/user/.m2/repository/commons-daemon/commons-daemon/1.0.13/commons-daemon-1.0.13.jar:/home/user/.m2/repository/io/netty/netty/3.10.5.Final/netty-3.10.5.Final.jar:/home/user/.m2/repository/io/netty/netty-all/4.1.48.Final/netty-all-4.1.48.Final.jar:/home/user/.m2/repository/org/apache/htrace/htrace-core4/4.1.0-incubating/htrace-core4-4.1.0-incubating.jar:/home/user/.m2/repository/org/fusesource/leveldbjni/leveldbjni-all/1.8/leveldbjni-all-1.8.jar:/home/user/.m2/repository/org/apache/hadoop/hadoop-distcp/3.2.1/hadoop-distcp-3.2.1.jar:/home/user/.m2/repository/org/apache/hadoop/hadoop-mapreduce-client-jobclient/3.2.1/hadoop-mapreduce-client-jobclient-3.2.1.jar:/home/user/.m2/repository/org/apache/hadoop/hadoop-mapreduce-client-common/3.2.1/hadoop-mapreduce-client-common-3.2.1.jar:/home/user/.m2/repository/org/apache/hadoop/hadoop-yarn-common/3.2.1/hadoop-yarn-common-3.2.1.jar:/home/user/.m2/repository/org/apache/hadoop/hadoop-yarn-api/3.2.1/hadoop-yarn-api-3.2.1.jar:/home/user/.m2/repository/com/sun/jersey/jersey-client/1.19/jersey-client-1.19.jar:/home/user/.m2/repository/com/sun/jersey/contribs/jersey-guice/1.19/jersey-guice-1.19.jar:/home/user/.m2/repository/com/fasterxml/jackson/jaxrs/jackson-jaxrs-json-provider/2.10.3/jackson-jaxrs-json-provider-2.10.3.jar:/home/user/.m2/repository/com/fasterxml/jackson/jaxrs/jackson-jaxrs-base/2.10.3/jackson-jaxrs-base-2.10.3.jar:/home/user/.m2/repository/org/apache/hadoop/hadoop-yarn-client/3.2.1/hadoop-yarn-client-3.2.1.jar:/home/user/.m2/repository/org/apache/hadoop/hadoop-mapreduce-client-core/3.2.1/hadoop-mapreduce-client-core-3.2.1.jar:/home/user/.m2/repository/org/apache/avro/avro/1.7.7/avro-1.7.7.jar:/home/user/.m2/repository/org/codehaus/jackson/jackson-core-asl/1.9.13/jackson-core-asl-1.9.13.jar:/home/user/.m2/repository/org/codehaus/jackson/jackson-mapper-asl/1.9.13/jackson-mapper-asl-1.9.13.jar:/home/user/.m2/repository/com/thoughtworks/paranamer/paranamer/2.3/paranamer-2.3.jar:/home/user/.m2/repository/org/xerial/snappy/snappy-java/1.0.5/snappy-java-1.0.5.jar:/home/user/.m2/repository/org/apache/hadoop/hadoop-annotations/3.2.1/hadoop-annotations-3.2.1.jar:/usr/lib/jvm/java-1.8.0-openjdk-1.8.0.232.b09-0.el7_7.x86_64/jre/../lib/tools.jar:/home/user/.m2/repository/org/apache/hadoop/hadoop-distcp/3.2.1/hadoop-distcp-3.2.1-tests.jar:"/>
    <property name="sun.cpu.endian" value="little"/>
    <property name="user.home" value="/home/user"/>
    <property name="user.language" value="en"/>
    <property name="java.specification.vendor" value="Oracle Corporation"/>
    <property name="java.home" value="/usr/lib/jvm/java-1.8.0-openjdk-1.8.0.232.b09-0.el7_7.x86_64/jre"/>
    <property name="java.security.krb5.conf" value="/github/workspace/mnt/ozone/hadoop-ozone/integration-test/target/test-classes/krb5.conf"/>
    <property name="basedir" value="/github/workspace/mnt/ozone/hadoop-ozone/integration-test"/>
    <property name="file.separator" value="/"/>
    <property name="line.separator" value="&#10;"/>
    <property name="java.vm.specification.vendor" value="Oracle Corporation"/>
    <property name="java.specification.name" value="Java Platform API Specification"/>
    <property name="java.awt.graphicsenv" value="sun.awt.X11GraphicsEnvironment"/>
    <property name="skip.installnpx" value="true"/>
    <property name="surefire.real.class.path" value="/github/workspace/mnt/ozone/hadoop-ozone/integration-test/target/surefire/surefirebooter560109101519242406.jar:/home/user/.m2/repository/org/jacoco/org.jacoco.agent/0.8.5/org.jacoco.agent-0.8.5-runtime.jar"/>
    <property name="hadoop.log.dir" value="/github/workspace/mnt/ozone/hadoop-ozone/integration-test/target/log"/>
    <property name="sun.boot.class.path" value="/usr/lib/jvm/java-1.8.0-openjdk-1.8.0.232.b09-0.el7_7.x86_64/jre/lib/resources.jar:/usr/lib/jvm/java-1.8.0-openjdk-1.8.0.232.b09-0.el7_7.x86_64/jre/lib/rt.jar:/usr/lib/jvm/java-1.8.0-openjdk-1.8.0.232.b09-0.el7_7.x86_64/jre/lib/sunrsasign.jar:/usr/lib/jvm/java-1.8.0-openjdk-1.8.0.232.b09-0.el7_7.x86_64/jre/lib/jsse.jar:/usr/lib/jvm/java-1.8.0-openjdk-1.8.0.232.b09-0.el7_7.x86_64/jre/lib/jce.jar:/usr/lib/jvm/java-1.8.0-openjdk-1.8.0.232.b09-0.el7_7.x86_64/jre/lib/charsets.jar:/usr/lib/jvm/java-1.8.0-openjdk-1.8.0.232.b09-0.el7_7.x86_64/jre/lib/jfr.jar:/usr/lib/jvm/java-1.8.0-openjdk-1.8.0.232.b09-0.el7_7.x86_64/jre/classes"/>
    <property name="sun.management.compiler" value="HotSpot 64-Bit Tiered Compilers"/>
    <property name="skip.npx" value="true"/>
    <property name="java.runtime.version" value="1.8.0_232-b09"/>
    <property name="java.net.preferIPv4Stack" value="true"/>
    <property name="user.name" value="jenkins1001"/>
    <property name="path.separator" value=":"/>
    <property name="java.security.egd" value="file:///dev/urandom"/>
    <property name="os.version" value="5.4.0-1031-azure"/>
    <property name="java.endorsed.dirs" value="/usr/lib/jvm/java-1.8.0-openjdk-1.8.0.232.b09-0.el7_7.x86_64/jre/lib/endorsed"/>
    <property name="java.runtime.name" value="OpenJDK Runtime Environment"/>
    <property name="file.encoding" value="ANSI_X3.4-1968"/>
    <property name="java.vm.name" value="OpenJDK 64-Bit Server VM"/>
    <property name="test.build.webapps" value=""/>
    <property name="localRepository" value="/home/user/.m2/repository"/>
    <property name="java.vendor.url.bug" value="http://bugreport.sun.com/bugreport/"/>
    <property name="java.io.tmpdir" value="/tmp"/>
    <property name="require.test.libhadoop" value=""/>
    <property name="java.version" value="1.8.0_232"/>
    <property name="user.dir" value="/github/workspace/mnt/ozone/hadoop-ozone/integration-test"/>
    <property name="os.arch" value="amd64"/>
    <property name="java.vm.specification.name" value="Java Virtual Machine Specification"/>
    <property name="test.build.classes" value="/github/workspace/mnt/ozone/hadoop-ozone/integration-test/target/test-classes"/>
    <property name="java.awt.printerjob" value="sun.print.PSPrinterJob"/>
    <property name="sun.os.patch.level" value="unknown"/>
    <property name="hadoop.tmp.dir" value="/github/workspace/mnt/ozone/hadoop-ozone/integration-test/target/tmp"/>
    <property name="java.library.path" value="/usr/lib:/usr/java/packages/lib/amd64:/usr/lib64:/lib64:/lib:/usr/lib"/>
    <property name="java.vm.info" value="mixed mode"/>
    <property name="java.vendor" value="Oracle Corporation"/>
    <property name="java.vm.version" value="25.232-b09"/>
    <property name="java.ext.dirs" value="/usr/lib/jvm/java-1.8.0-openjdk-1.8.0.232.b09-0.el7_7.x86_64/jre/lib/ext:/usr/java/packages/lib/ext"/>
    <property name="sun.io.unicode.encoding" value="UnicodeLittle"/>
    <property name="java.class.version" value="52.0"/>
  </properties>
  <testcase name="testGroupMismatchExceptionHandling" classname="org.apache.hadoop.ozone.client.rpc.TestOzoneClientRetriesOnException" time="46.07"/>
  <testcase name="testMaxRetriesByOzoneClient" classname="org.apache.hadoop.ozone.client.rpc.TestOzoneClientRetriesOnException" time="41.888">
    <failure message="Expected exception not thrown" type="java.lang.AssertionError">java.lang.AssertionError: Expected exception not thrown
	at org.junit.Assert.fail(Assert.java:88)
	at org.apache.hadoop.ozone.client.rpc.TestOzoneClientRetriesOnException.testMaxRetriesByOzoneClient(TestOzoneClientRetriesOnException.java:235)
	at sun.reflect.NativeMethodAccessorImpl.invoke0(Native Method)
	at sun.reflect.NativeMethodAccessorImpl.invoke(NativeMethodAccessorImpl.java:62)
	at sun.reflect.DelegatingMethodAccessorImpl.invoke(DelegatingMethodAccessorImpl.java:43)
	at java.lang.reflect.Method.invoke(Method.java:498)
	at org.junit.runners.model.FrameworkMethod$1.runReflectiveCall(FrameworkMethod.java:47)
	at org.junit.internal.runners.model.ReflectiveCallable.run(ReflectiveCallable.java:12)
	at org.junit.runners.model.FrameworkMethod.invokeExplosively(FrameworkMethod.java:44)
	at org.junit.internal.runners.statements.InvokeMethod.evaluate(InvokeMethod.java:17)
	at org.junit.internal.runners.statements.RunBefores.evaluate(RunBefores.java:26)
	at org.junit.internal.runners.statements.RunAfters.evaluate(RunAfters.java:27)
	at org.junit.internal.runners.statements.FailOnTimeout$StatementThread.run(FailOnTimeout.java:74)
</failure>
    <system-out><![CDATA[2020-11-23 16:43:56,861 [Thread-367] WARN  server.ServerUtils (ServerUtils.java:getScmDbDir(148)) - ozone.scm.db.dirs is not configured. We recommend adding this setting. Falling back to ozone.metadata.dirs instead.
2020-11-23 16:43:56,863 [Thread-367] WARN  server.ServerUtils (ServerUtils.java:getScmDbDir(148)) - ozone.scm.db.dirs is not configured. We recommend adding this setting. Falling back to ozone.metadata.dirs instead.
2020-11-23 16:43:56,864 [Thread-367] WARN  db.DBStoreBuilder (DBStoreBuilder.java:applyDBDefinition(145)) - ozone.scm.db.dirs is not configured. We recommend adding this setting. Falling back to ozone.metadata.dirs instead.
2020-11-23 16:43:56,888 [Thread-367] INFO  net.NodeSchemaLoader (NodeSchemaLoader.java:loadSchemaFromFile(126)) - Loading file from sun.misc.CompoundEnumeration@4dc5372
2020-11-23 16:43:56,888 [Thread-367] INFO  net.NodeSchemaLoader (NodeSchemaLoader.java:loadSchema(172)) - Loading network topology layer schema file
2020-11-23 16:43:56,895 [Thread-367] WARN  server.ServerUtils (ServerUtils.java:sanitizeUserArgs(73)) - ozone.scm.stale.node.interval value = 300000 is larger than max = 100000 based on the key value of ozone.scm.heartbeat.thread.interval, reset to the max value 100000.
2020-11-23 16:43:56,895 [Thread-367] WARN  server.ServerUtils (ServerUtils.java:sanitizeUserArgs(73)) - ozone.scm.stale.node.interval value = 300000 is larger than max = 100000 based on the key value of ozone.scm.heartbeat.thread.interval, reset to the max value 100000.
2020-11-23 16:43:56,895 [Thread-367] INFO  node.SCMNodeManager (SCMNodeManager.java:<init>(120)) - Entering startup safe mode.
2020-11-23 16:43:56,896 [Thread-367] INFO  algorithms.ContainerPlacementPolicyFactory (ContainerPlacementPolicyFactory.java:getPolicy(60)) - Create container placement policy of type org.apache.hadoop.hdds.scm.container.placement.algorithms.SCMContainerPlacementRandom
2020-11-23 16:43:56,896 [Thread-367] INFO  algorithms.LeaderChoosePolicyFactory (LeaderChoosePolicyFactory.java:getPolicy(57)) - Create leader choose policy of type org.apache.hadoop.hdds.scm.pipeline.leader.choose.algorithms.DefaultLeaderChoosePolicy
2020-11-23 16:43:56,896 [Thread-367] INFO  pipeline.SCMPipelineManager (SCMPipelineManager.java:initializePipelineState(161)) - No pipeline exists in current db
2020-11-23 16:43:56,897 [Thread-367] INFO  algorithms.PipelineChoosePolicyFactory (PipelineChoosePolicyFactory.java:createPipelineChoosePolicyFromClass(75)) - Create pipeline choose policy of type org.apache.hadoop.hdds.scm.pipeline.choose.algorithms.RandomPipelineChoosePolicy
2020-11-23 16:43:56,898 [Thread-367] INFO  safemode.HealthyPipelineSafeModeRule (HealthyPipelineSafeModeRule.java:<init>(89)) - Total pipeline count is 0, healthy pipeline threshold count is 0
2020-11-23 16:43:56,898 [Thread-367] INFO  safemode.OneReplicaPipelineSafeModeRule (OneReplicaPipelineSafeModeRule.java:<init>(84)) - Total pipeline count is 0, pipeline's with at least one datanode reported threshold count is 0
2020-11-23 16:43:56,899 [Thread-367] INFO  ipc.CallQueueManager (CallQueueManager.java:<init>(84)) - Using callQueue: class java.util.concurrent.LinkedBlockingQueue, queueCapacity: 2000, scheduler: class org.apache.hadoop.ipc.DefaultRpcScheduler, ipcBackoff: false.
2020-11-23 16:43:56,901 [Socket Reader #1 for port 0] INFO  ipc.Server (Server.java:run(1219)) - Starting Socket Reader #1 for port 0
2020-11-23 16:43:56,902 [Listener at 0.0.0.0/39197] INFO  ipc.CallQueueManager (CallQueueManager.java:<init>(84)) - Using callQueue: class java.util.concurrent.LinkedBlockingQueue, queueCapacity: 2000, scheduler: class org.apache.hadoop.ipc.DefaultRpcScheduler, ipcBackoff: false.
2020-11-23 16:43:56,906 [Listener at 0.0.0.0/46051] INFO  ipc.CallQueueManager (CallQueueManager.java:<init>(84)) - Using callQueue: class java.util.concurrent.LinkedBlockingQueue, queueCapacity: 2000, scheduler: class org.apache.hadoop.ipc.DefaultRpcScheduler, ipcBackoff: false.
2020-11-23 16:43:56,907 [Socket Reader #1 for port 0] INFO  ipc.Server (Server.java:run(1219)) - Starting Socket Reader #1 for port 0
2020-11-23 16:43:56,907 [Socket Reader #1 for port 0] INFO  ipc.Server (Server.java:run(1219)) - Starting Socket Reader #1 for port 0
2020-11-23 16:43:56,913 [Listener at 0.0.0.0/43473] INFO  http.BaseHttpServer (BaseHttpServer.java:newHttpServer2BuilderForOzone(207)) - Starting Web-server for scm at: http://0.0.0.0:0
2020-11-23 16:43:56,913 [Listener at 0.0.0.0/43473] INFO  http.BaseHttpServer (BaseHttpServer.java:<init>(106)) - Hadoop Security Enabled: false Ozone Security Enabled: false Ozone HTTP Security Enabled: false 
2020-11-23 16:43:56,915 [Listener at 0.0.0.0/43473] INFO  server.AuthenticationFilter (AuthenticationFilter.java:constructSecretProvider(240)) - Unable to initialize FileSignerSecretProvider, falling back to use random secrets.
2020-11-23 16:43:56,915 [Listener at 0.0.0.0/43473] WARN  http.HttpRequestLog (HttpRequestLog.java:getRequestLog(103)) - Jetty request log can only be enabled using Log4j
2020-11-23 16:43:56,916 [Listener at 0.0.0.0/43473] INFO  http.HttpServer2 (HttpServer2.java:addGlobalFilter(1019)) - Added global filter 'safety' (class=org.apache.hadoop.hdds.server.http.HttpServer2$QuotingInputFilter)
2020-11-23 16:43:56,917 [Listener at 0.0.0.0/43473] INFO  http.HttpServer2 (HttpServer2.java:addFilter(995)) - Added filter static_user_filter (class=org.apache.hadoop.http.lib.StaticUserWebFilter$StaticUserFilter) to context scm
2020-11-23 16:43:56,917 [Listener at 0.0.0.0/43473] INFO  http.HttpServer2 (HttpServer2.java:addFilter(1003)) - Added filter static_user_filter (class=org.apache.hadoop.http.lib.StaticUserWebFilter$StaticUserFilter) to context logs
2020-11-23 16:43:56,917 [Listener at 0.0.0.0/43473] INFO  http.HttpServer2 (HttpServer2.java:addFilter(1003)) - Added filter static_user_filter (class=org.apache.hadoop.http.lib.StaticUserWebFilter$StaticUserFilter) to context static
2020-11-23 16:43:56,919 [Listener at 0.0.0.0/43473] INFO  server.StorageContainerManager (StorageContainerManager.java:start(789)) - StorageContainerLocationProtocol RPC server is listening at /0.0.0.0:43473
2020-11-23 16:43:56,921 [Listener at 0.0.0.0/43473] WARN  impl.MetricsConfig (MetricsConfig.java:loadFirst(134)) - Cannot locate configuration: tried hadoop-metrics2-storagecontainermanager.properties,hadoop-metrics2.properties
2020-11-23 16:43:56,922 [Listener at 0.0.0.0/43473] INFO  impl.MetricsSystemImpl (MetricsSystemImpl.java:startTimer(374)) - Scheduled Metric snapshot period at 10 second(s).
2020-11-23 16:43:56,922 [Listener at 0.0.0.0/43473] INFO  impl.MetricsSystemImpl (MetricsSystemImpl.java:start(191)) - StorageContainerManager metrics system started
2020-11-23 16:43:56,949 [Listener at 0.0.0.0/43473] WARN  impl.MetricsSystemImpl (MetricsSystemImpl.java:register(276)) - Sink prometheus already exists!
2020-11-23 16:43:56,950 [Listener at 0.0.0.0/43473] INFO  server.SCMClientProtocolServer (SCMClientProtocolServer.java:start(156)) - RPC server for Client  is listening at /0.0.0.0:43473
2020-11-23 16:43:56,951 [IPC Server Responder] INFO  ipc.Server (Server.java:run(1460)) - IPC Server Responder: starting
2020-11-23 16:43:56,951 [IPC Server listener on 0] INFO  ipc.Server (Server.java:run(1298)) - IPC Server listener on 0: starting
2020-11-23 16:43:56,958 [Listener at 0.0.0.0/43473] INFO  server.StorageContainerManager (StorageContainerManager.java:start(801)) - ScmBlockLocationProtocol RPC server is listening at /0.0.0.0:46051
2020-11-23 16:43:56,958 [Listener at 0.0.0.0/43473] INFO  server.SCMBlockProtocolServer (SCMBlockProtocolServer.java:start(150)) - RPC server for Block Protocol is listening at /0.0.0.0:46051
2020-11-23 16:43:56,958 [IPC Server Responder] INFO  ipc.Server (Server.java:run(1460)) - IPC Server Responder: starting
2020-11-23 16:43:56,959 [IPC Server listener on 0] INFO  ipc.Server (Server.java:run(1298)) - IPC Server listener on 0: starting
2020-11-23 16:43:56,961 [Listener at 0.0.0.0/43473] INFO  server.StorageContainerManager (StorageContainerManager.java:start(807)) - ScmDatanodeProtocl RPC server is listening at /0.0.0.0:39197
2020-11-23 16:43:56,962 [Listener at 0.0.0.0/43473] INFO  server.SCMDatanodeProtocolServer (SCMDatanodeProtocolServer.java:start(172)) - RPC server for DataNodes is listening at /0.0.0.0:39197
2020-11-23 16:43:56,962 [IPC Server Responder] INFO  ipc.Server (Server.java:run(1460)) - IPC Server Responder: starting
2020-11-23 16:43:56,962 [IPC Server listener on 0] INFO  ipc.Server (Server.java:run(1298)) - IPC Server listener on 0: starting
2020-11-23 16:43:56,965 [Listener at 0.0.0.0/43473] INFO  http.HttpServer2 (HttpServer2.java:bindListener(1237)) - Jetty bound to port 36613
2020-11-23 16:43:56,966 [Listener at 0.0.0.0/43473] INFO  server.Server (Server.java:doStart(375)) - jetty-9.4.34.v20201102; built: 2020-11-02T14:15:39.302Z; git: e46af88704a893fc12cb0e3bf46e2c7b48a009e7; jvm 1.8.0_232-b09
2020-11-23 16:43:56,977 [Listener at 0.0.0.0/43473] INFO  server.session (DefaultSessionIdManager.java:doStart(334)) - DefaultSessionIdManager workerName=node0
2020-11-23 16:43:56,977 [Listener at 0.0.0.0/43473] INFO  server.session (DefaultSessionIdManager.java:doStart(339)) - No SessionScavenger set, using defaults
2020-11-23 16:43:56,977 [Listener at 0.0.0.0/43473] INFO  server.session (HouseKeeper.java:startScavenging(132)) - node0 Scavenging every 600000ms
2020-11-23 16:43:56,982 [Listener at 0.0.0.0/43473] INFO  handler.ContextHandler (ContextHandler.java:doStart(916)) - Started o.e.j.s.ServletContextHandler@722a2612{logs,/logs,file:///github/workspace/mnt/ozone/hadoop-ozone/integration-test/target/log,AVAILABLE}
2020-11-23 16:43:56,983 [Listener at 0.0.0.0/43473] INFO  handler.ContextHandler (ContextHandler.java:doStart(916)) - Started o.e.j.s.ServletContextHandler@360627b8{static,/static,file:///github/workspace/mnt/ozone/hadoop-ozone/integration-test/target/test-classes/webapps/static,AVAILABLE}
2020-11-23 16:43:56,986 [Listener at 0.0.0.0/43473] INFO  handler.ContextHandler (ContextHandler.java:doStart(916)) - Started o.e.j.w.WebAppContext@5bade8be{scm,/,file:///github/workspace/mnt/ozone/hadoop-ozone/integration-test/target/test-classes/webapps/scm/,AVAILABLE}{file:/github/workspace/mnt/ozone/hadoop-ozone/integration-test/target/test-classes/webapps/scm}
2020-11-23 16:43:56,987 [Listener at 0.0.0.0/43473] INFO  server.AbstractConnector (AbstractConnector.java:doStart(331)) - Started ServerConnector@dac07a4{HTTP/1.1, (http/1.1)}{0.0.0.0:36613}
2020-11-23 16:43:56,987 [Listener at 0.0.0.0/43473] INFO  server.Server (Server.java:doStart(415)) - Started @47095ms
2020-11-23 16:43:56,987 [Listener at 0.0.0.0/43473] WARN  impl.MetricsSystemImpl (MetricsSystemImpl.java:register(276)) - Sink prometheus already exists!
2020-11-23 16:43:56,992 [Listener at 0.0.0.0/43473] INFO  http.BaseHttpServer (BaseHttpServer.java:updateConnectorAddress(327)) - HTTP server of scm listening at http://0.0.0.0:36613
2020-11-23 16:43:56,993 [Listener at 0.0.0.0/43473] WARN  server.ServerUtils (ServerUtils.java:getDBPath(225)) - ozone.om.db.dirs is not configured. We recommend adding this setting. Falling back to ozone.metadata.dirs instead.
2020-11-23 16:43:56,994 [org.apache.hadoop.util.JvmPauseMonitor$Monitor@199577d4] INFO  util.JvmPauseMonitor (JvmPauseMonitor.java:run(188)) - Starting JVM pause monitor
2020-11-23 16:43:56,994 [Listener at 0.0.0.0/43473] INFO  ha.OMHANodeDetails (OMHANodeDetails.java:loadOMHAConfig(104)) - ozone.om.internal.service.id is not defined, falling back to ozone.om.service.ids to find serviceID for OzoneManager if it is HA enabled cluster
2020-11-23 16:43:56,994 [Listener at 0.0.0.0/43473] INFO  ha.OMHANodeDetails (OMHANodeDetails.java:loadOMHAConfig(213)) - Configuration either no ozone.om.address set. Falling back to the default OM address /127.0.0.1:0
2020-11-23 16:43:56,994 [Listener at 0.0.0.0/43473] INFO  ha.OMHANodeDetails (OMHANodeDetails.java:getOMNodeDetails(241)) - OM Service ID is not set. Setting it to the default ID: omServiceIdDefault
2020-11-23 16:43:56,995 [Listener at 0.0.0.0/43473] WARN  server.ServerUtils (ServerUtils.java:getDBPath(225)) - ozone.om.db.dirs is not configured. We recommend adding this setting. Falling back to ozone.metadata.dirs instead.
2020-11-23 16:43:56,995 [Listener at 0.0.0.0/43473] WARN  server.ServerUtils (ServerUtils.java:getDBPath(225)) - ozone.om.db.dirs is not configured. We recommend adding this setting. Falling back to ozone.metadata.dirs instead.
2020-11-23 16:43:57,000 [Listener at 0.0.0.0/43473] WARN  server.ServerUtils (ServerUtils.java:getDBPath(225)) - ozone.om.db.dirs is not configured. We recommend adding this setting. Falling back to ozone.metadata.dirs instead.
2020-11-23 16:43:57,000 [Listener at 0.0.0.0/43473] INFO  codec.OmKeyInfoCodec (OmKeyInfoCodec.java:<init>(41)) - OmKeyInfoCodec ignorePipeline = true
2020-11-23 16:43:57,000 [Listener at 0.0.0.0/43473] INFO  codec.RepeatedOmKeyInfoCodec (RepeatedOmKeyInfoCodec.java:<init>(40)) - RepeatedOmKeyInfoCodec ignorePipeline = true
2020-11-23 16:43:57,050 [Listener at 0.0.0.0/43473] INFO  om.OzoneManager (OzoneManager.java:addS3GVolumeToDB(3741)) - Created Volume s3v With Owner jenkins1001 required for S3Gateway operations.
2020-11-23 16:43:57,051 [Listener at 0.0.0.0/43473] INFO  ipc.CallQueueManager (CallQueueManager.java:<init>(84)) - Using callQueue: class java.util.concurrent.LinkedBlockingQueue, queueCapacity: 2000, scheduler: class org.apache.hadoop.ipc.DefaultRpcScheduler, ipcBackoff: false.
2020-11-23 16:43:57,052 [Socket Reader #1 for port 0] INFO  ipc.Server (Server.java:run(1219)) - Starting Socket Reader #1 for port 0
2020-11-23 16:43:57,076 [Listener at 127.0.0.1/36807] INFO  impl.MetricsSystemImpl (MetricsSystemImpl.java:init(158)) - OzoneManager metrics system started (again)
2020-11-23 16:43:57,077 [Listener at 127.0.0.1/36807] INFO  om.OzoneManager (OzoneManager.java:start(1144)) - OzoneManager RPC server is listening at localhost/127.0.0.1:36807
2020-11-23 16:43:57,210 [Listener at 127.0.0.1/36807] INFO  http.BaseHttpServer (BaseHttpServer.java:newHttpServer2BuilderForOzone(207)) - Starting Web-server for ozoneManager at: http://0.0.0.0:0
2020-11-23 16:43:57,210 [Listener at 127.0.0.1/36807] INFO  http.BaseHttpServer (BaseHttpServer.java:<init>(106)) - Hadoop Security Enabled: false Ozone Security Enabled: false Ozone HTTP Security Enabled: false 
2020-11-23 16:43:57,212 [Listener at 127.0.0.1/36807] INFO  server.AuthenticationFilter (AuthenticationFilter.java:constructSecretProvider(240)) - Unable to initialize FileSignerSecretProvider, falling back to use random secrets.
2020-11-23 16:43:57,213 [Listener at 127.0.0.1/36807] WARN  http.HttpRequestLog (HttpRequestLog.java:getRequestLog(103)) - Jetty request log can only be enabled using Log4j
2020-11-23 16:43:57,214 [Listener at 127.0.0.1/36807] INFO  http.HttpServer2 (HttpServer2.java:addGlobalFilter(1019)) - Added global filter 'safety' (class=org.apache.hadoop.hdds.server.http.HttpServer2$QuotingInputFilter)
2020-11-23 16:43:57,216 [Listener at 127.0.0.1/36807] INFO  http.HttpServer2 (HttpServer2.java:addFilter(995)) - Added filter static_user_filter (class=org.apache.hadoop.http.lib.StaticUserWebFilter$StaticUserFilter) to context ozoneManager
2020-11-23 16:43:57,216 [Listener at 127.0.0.1/36807] INFO  http.HttpServer2 (HttpServer2.java:addFilter(1003)) - Added filter static_user_filter (class=org.apache.hadoop.http.lib.StaticUserWebFilter$StaticUserFilter) to context static
2020-11-23 16:43:57,216 [Listener at 127.0.0.1/36807] INFO  http.HttpServer2 (HttpServer2.java:addFilter(1003)) - Added filter static_user_filter (class=org.apache.hadoop.http.lib.StaticUserWebFilter$StaticUserFilter) to context logs
2020-11-23 16:43:57,217 [Listener at 127.0.0.1/36807] INFO  http.HttpServer2 (HttpServer2.java:bindListener(1237)) - Jetty bound to port 40899
2020-11-23 16:43:57,217 [Listener at 127.0.0.1/36807] INFO  server.Server (Server.java:doStart(375)) - jetty-9.4.34.v20201102; built: 2020-11-02T14:15:39.302Z; git: e46af88704a893fc12cb0e3bf46e2c7b48a009e7; jvm 1.8.0_232-b09
2020-11-23 16:43:57,218 [Listener at 127.0.0.1/36807] INFO  server.session (DefaultSessionIdManager.java:doStart(334)) - DefaultSessionIdManager workerName=node0
2020-11-23 16:43:57,218 [Listener at 127.0.0.1/36807] INFO  server.session (DefaultSessionIdManager.java:doStart(339)) - No SessionScavenger set, using defaults
2020-11-23 16:43:57,218 [Listener at 127.0.0.1/36807] INFO  server.session (HouseKeeper.java:startScavenging(132)) - node0 Scavenging every 660000ms
2020-11-23 16:43:57,219 [Listener at 127.0.0.1/36807] INFO  handler.ContextHandler (ContextHandler.java:doStart(916)) - Started o.e.j.s.ServletContextHandler@66fe1c80{logs,/logs,file:///github/workspace/mnt/ozone/hadoop-ozone/integration-test/target/log,AVAILABLE}
2020-11-23 16:43:57,219 [Listener at 127.0.0.1/36807] INFO  handler.ContextHandler (ContextHandler.java:doStart(916)) - Started o.e.j.s.ServletContextHandler@55ce00ea{static,/static,file:///github/workspace/mnt/ozone/hadoop-ozone/integration-test/target/test-classes/webapps/static,AVAILABLE}
2020-11-23 16:43:57,222 [Listener at 127.0.0.1/36807] INFO  handler.ContextHandler (ContextHandler.java:doStart(916)) - Started o.e.j.w.WebAppContext@712600e8{ozoneManager,/,file:///github/workspace/mnt/ozone/hadoop-ozone/integration-test/target/test-classes/webapps/ozoneManager/,AVAILABLE}{file:/github/workspace/mnt/ozone/hadoop-ozone/integration-test/target/test-classes/webapps/ozoneManager}
2020-11-23 16:43:57,224 [Listener at 127.0.0.1/36807] INFO  server.AbstractConnector (AbstractConnector.java:doStart(331)) - Started ServerConnector@35729e55{HTTP/1.1, (http/1.1)}{0.0.0.0:40899}
2020-11-23 16:43:57,224 [Listener at 127.0.0.1/36807] INFO  server.Server (Server.java:doStart(415)) - Started @47332ms
2020-11-23 16:43:57,224 [Listener at 127.0.0.1/36807] WARN  impl.MetricsSystemImpl (MetricsSystemImpl.java:register(276)) - Sink prometheus already exists!
2020-11-23 16:43:57,230 [Listener at 127.0.0.1/36807] INFO  http.BaseHttpServer (BaseHttpServer.java:updateConnectorAddress(327)) - HTTP server of ozoneManager listening at http://0.0.0.0:40899
2020-11-23 16:43:57,230 [IPC Server Responder] INFO  ipc.Server (Server.java:run(1460)) - IPC Server Responder: starting
2020-11-23 16:43:57,230 [IPC Server listener on 0] INFO  ipc.Server (Server.java:run(1298)) - IPC Server listener on 0: starting
2020-11-23 16:43:57,238 [Listener at 127.0.0.1/36807] INFO  om.OzoneManager (OzoneManager.java:startTrashEmptier(1269)) - Trash Interval set to 0. Files deleted will not move to trash
2020-11-23 16:43:57,250 [org.apache.hadoop.util.JvmPauseMonitor$Monitor@1bfafcab] INFO  util.JvmPauseMonitor (JvmPauseMonitor.java:run(188)) - Starting JVM pause monitor
2020-11-23 16:43:57,261 [Listener at 127.0.0.1/36807] INFO  impl.MetricsSystemImpl (MetricsSystemImpl.java:init(158)) - HddsDatanode metrics system started (again)
2020-11-23 16:43:57,263 [Listener at 127.0.0.1/36807] INFO  ozone.HddsDatanodeService (HddsDatanodeService.java:start(217)) - HddsDatanodeService host:dcde956c9b9e ip:172.17.0.2
2020-11-23 16:43:57,265 [Listener at 127.0.0.1/36807] INFO  volume.HddsVolume (HddsVolume.java:<init>(176)) - Creating Volume: /github/workspace/mnt/ozone/hadoop-ozone/integration-test/target/test-dir/MiniOzoneClusterImpl-1f6412f7-deda-49d6-8890-c33526f8416a/datanode-0/data-0/containers/hdds of storage type : DISK and capacity : 9223372036854775807
2020-11-23 16:43:57,265 [Listener at 127.0.0.1/36807] INFO  volume.MutableVolumeSet (MutableVolumeSet.java:initializeVolumeSet(179)) - Added Volume : /github/workspace/mnt/ozone/hadoop-ozone/integration-test/target/test-dir/MiniOzoneClusterImpl-1f6412f7-deda-49d6-8890-c33526f8416a/datanode-0/data-0/containers/hdds to VolumeSet
2020-11-23 16:43:57,266 [Listener at 127.0.0.1/36807] INFO  volume.ThrottledAsyncChecker (ThrottledAsyncChecker.java:schedule(141)) - Scheduling a check for /github/workspace/mnt/ozone/hadoop-ozone/integration-test/target/test-dir/MiniOzoneClusterImpl-1f6412f7-deda-49d6-8890-c33526f8416a/datanode-0/data-0/containers/hdds
2020-11-23 16:43:57,266 [Listener at 127.0.0.1/36807] INFO  volume.HddsVolumeChecker (HddsVolumeChecker.java:checkAllVolumes(200)) - Scheduled health check for volume /github/workspace/mnt/ozone/hadoop-ozone/integration-test/target/test-dir/MiniOzoneClusterImpl-1f6412f7-deda-49d6-8890-c33526f8416a/datanode-0/data-0/containers/hdds
2020-11-23 16:43:57,281 [Thread-490] INFO  ozoneimpl.ContainerReader (ContainerReader.java:readVolume(123)) - Start to verify containers on volume /github/workspace/mnt/ozone/hadoop-ozone/integration-test/target/test-dir/MiniOzoneClusterImpl-1f6412f7-deda-49d6-8890-c33526f8416a/datanode-0/data-0/containers/hdds
2020-11-23 16:43:57,281 [Thread-490] INFO  ozoneimpl.ContainerReader (ContainerReader.java:readVolume(148)) - Finish verifying containers on volume /github/workspace/mnt/ozone/hadoop-ozone/integration-test/target/test-dir/MiniOzoneClusterImpl-1f6412f7-deda-49d6-8890-c33526f8416a/datanode-0/data-0/containers/hdds
2020-11-23 16:43:57,281 [Listener at 127.0.0.1/36807] INFO  ozoneimpl.OzoneContainer (OzoneContainer.java:buildContainerSet(194)) - Build ContainerSet costs 0s
2020-11-23 16:43:57,283 [Listener at 127.0.0.1/36807] INFO  impl.RaftServerProxy (ConfUtils.java:logGet(44)) - raft.rpc.type = GRPC (default)
2020-11-23 16:43:57,283 [Listener at 127.0.0.1/36807] INFO  grpc.GrpcFactory (GrpcFactory.java:checkPooledByteBufAllocatorUseCacheForAllThreads(45)) - PERFORMANCE WARNING: useCacheForAllThreads is true that may cause Netty to create a lot garbage objects and, as a result, trigger GC.
	It is recommended to disable useCacheForAllThreads by setting -Dorg.apache.ratis.thirdparty.io.netty.allocator.useCacheForAllThreads=false in command line.
2020-11-23 16:43:57,283 [Listener at 127.0.0.1/36807] INFO  grpc.GrpcConfigKeys (ConfUtils.java:logGet(44)) - raft.grpc.server.port = 0 (default)
2020-11-23 16:43:57,283 [Listener at 127.0.0.1/36807] INFO  server.GrpcService (ConfUtils.java:logGet(44)) - raft.grpc.message.size.max = 32MB (=33554432) (custom)
2020-11-23 16:43:57,283 [Listener at 127.0.0.1/36807] INFO  server.RaftServerConfigKeys (ConfUtils.java:logGet(44)) - raft.server.log.appender.buffer.byte-limit = 33554432 (custom)
2020-11-23 16:43:57,283 [Listener at 127.0.0.1/36807] INFO  server.GrpcService (ConfUtils.java:logGet(44)) - raft.grpc.flow.control.window = 5MB (=5242880) (custom)
2020-11-23 16:43:57,283 [Listener at 127.0.0.1/36807] INFO  server.RaftServerConfigKeys (ConfUtils.java:logGet(44)) - raft.server.rpc.request.timeout = 60s (custom)
2020-11-23 16:43:57,284 [Listener at 127.0.0.1/36807] INFO  impl.DataStreamServerImpl (ConfUtils.java:logGet(44)) - raft.datastream.type = DISABLED (default)
2020-11-23 16:43:57,285 [Listener at 127.0.0.1/36807] INFO  server.RaftServerConfigKeys (ConfUtils.java:logGet(44)) - raft.server.storage.dir = [/github/workspace/mnt/ozone/hadoop-ozone/integration-test/target/test-dir/MiniOzoneClusterImpl-1f6412f7-deda-49d6-8890-c33526f8416a/datanode-0/data/ratis] (custom)
2020-11-23 16:43:57,292 [Listener at 127.0.0.1/36807] INFO  http.BaseHttpServer (BaseHttpServer.java:newHttpServer2BuilderForOzone(207)) - Starting Web-server for hddsDatanode at: http://0.0.0.0:0
2020-11-23 16:43:57,292 [Listener at 127.0.0.1/36807] INFO  http.BaseHttpServer (BaseHttpServer.java:<init>(106)) - Hadoop Security Enabled: false Ozone Security Enabled: false Ozone HTTP Security Enabled: false 
2020-11-23 16:43:57,293 [Listener at 127.0.0.1/36807] INFO  server.AuthenticationFilter (AuthenticationFilter.java:constructSecretProvider(240)) - Unable to initialize FileSignerSecretProvider, falling back to use random secrets.
2020-11-23 16:43:57,293 [Listener at 127.0.0.1/36807] WARN  http.HttpRequestLog (HttpRequestLog.java:getRequestLog(103)) - Jetty request log can only be enabled using Log4j
2020-11-23 16:43:57,294 [Listener at 127.0.0.1/36807] INFO  http.HttpServer2 (HttpServer2.java:addGlobalFilter(1019)) - Added global filter 'safety' (class=org.apache.hadoop.hdds.server.http.HttpServer2$QuotingInputFilter)
2020-11-23 16:43:57,295 [Listener at 127.0.0.1/36807] INFO  http.HttpServer2 (HttpServer2.java:addFilter(995)) - Added filter static_user_filter (class=org.apache.hadoop.http.lib.StaticUserWebFilter$StaticUserFilter) to context hddsDatanode
2020-11-23 16:43:57,295 [Listener at 127.0.0.1/36807] INFO  http.HttpServer2 (HttpServer2.java:addFilter(1003)) - Added filter static_user_filter (class=org.apache.hadoop.http.lib.StaticUserWebFilter$StaticUserFilter) to context static
2020-11-23 16:43:57,295 [Listener at 127.0.0.1/36807] INFO  http.HttpServer2 (HttpServer2.java:addFilter(1003)) - Added filter static_user_filter (class=org.apache.hadoop.http.lib.StaticUserWebFilter$StaticUserFilter) to context logs
2020-11-23 16:43:57,295 [Listener at 127.0.0.1/36807] INFO  http.HttpServer2 (HttpServer2.java:bindListener(1237)) - Jetty bound to port 35015
2020-11-23 16:43:57,295 [Listener at 127.0.0.1/36807] INFO  server.Server (Server.java:doStart(375)) - jetty-9.4.34.v20201102; built: 2020-11-02T14:15:39.302Z; git: e46af88704a893fc12cb0e3bf46e2c7b48a009e7; jvm 1.8.0_232-b09
2020-11-23 16:43:57,297 [Listener at 127.0.0.1/36807] INFO  server.session (DefaultSessionIdManager.java:doStart(334)) - DefaultSessionIdManager workerName=node0
2020-11-23 16:43:57,297 [Listener at 127.0.0.1/36807] INFO  server.session (DefaultSessionIdManager.java:doStart(339)) - No SessionScavenger set, using defaults
2020-11-23 16:43:57,297 [Listener at 127.0.0.1/36807] INFO  server.session (HouseKeeper.java:startScavenging(132)) - node0 Scavenging every 600000ms
2020-11-23 16:43:57,298 [Listener at 127.0.0.1/36807] INFO  handler.ContextHandler (ContextHandler.java:doStart(916)) - Started o.e.j.s.ServletContextHandler@5eccc3f6{logs,/logs,file:///github/workspace/mnt/ozone/hadoop-ozone/integration-test/target/log,AVAILABLE}
2020-11-23 16:43:57,298 [Listener at 127.0.0.1/36807] INFO  handler.ContextHandler (ContextHandler.java:doStart(916)) - Started o.e.j.s.ServletContextHandler@713346ca{static,/static,jar:file:/home/user/.m2/repository/org/apache/hadoop/hadoop-hdds-container-service/1.1.0-SNAPSHOT/hadoop-hdds-container-service-1.1.0-SNAPSHOT.jar!/webapps/static,AVAILABLE}
2020-11-23 16:43:57,435 [Listener at 127.0.0.1/36807] INFO  handler.ContextHandler (ContextHandler.java:doStart(916)) - Started o.e.j.w.WebAppContext@59f19f66{hddsDatanode,/,file:///tmp/jetty-0_0_0_0-35015-hadoop-hdds-container-service-1_1_0-SNAPSHOT_jar-_-any-1788710478688300001/webapp/,AVAILABLE}{jar:file:/home/user/.m2/repository/org/apache/hadoop/hadoop-hdds-container-service/1.1.0-SNAPSHOT/hadoop-hdds-container-service-1.1.0-SNAPSHOT.jar!/webapps/hddsDatanode}
2020-11-23 16:43:57,436 [Listener at 127.0.0.1/36807] INFO  server.AbstractConnector (AbstractConnector.java:doStart(331)) - Started ServerConnector@21a13b14{HTTP/1.1, (http/1.1)}{0.0.0.0:35015}
2020-11-23 16:43:57,436 [Listener at 127.0.0.1/36807] INFO  server.Server (Server.java:doStart(415)) - Started @47544ms
2020-11-23 16:43:57,436 [Listener at 127.0.0.1/36807] WARN  impl.MetricsSystemImpl (MetricsSystemImpl.java:register(276)) - Sink prometheus already exists!
2020-11-23 16:43:57,439 [Listener at 127.0.0.1/36807] INFO  http.BaseHttpServer (BaseHttpServer.java:updateConnectorAddress(327)) - HTTP server of hddsDatanode listening at http://0.0.0.0:35015
2020-11-23 16:43:57,439 [Listener at 127.0.0.1/36807] INFO  impl.MetricsSystemImpl (MetricsSystemImpl.java:init(158)) - HddsDatanode metrics system started (again)
2020-11-23 16:43:57,442 [Listener at 127.0.0.1/36807] INFO  ozone.HddsDatanodeService (HddsDatanodeService.java:start(217)) - HddsDatanodeService host:dcde956c9b9e ip:172.17.0.2
2020-11-23 16:43:57,443 [Listener at 127.0.0.1/36807] INFO  volume.HddsVolume (HddsVolume.java:<init>(176)) - Creating Volume: /github/workspace/mnt/ozone/hadoop-ozone/integration-test/target/test-dir/MiniOzoneClusterImpl-1f6412f7-deda-49d6-8890-c33526f8416a/datanode-1/data-0/containers/hdds of storage type : DISK and capacity : 9223372036854775807
2020-11-23 16:43:57,443 [Listener at 127.0.0.1/36807] INFO  volume.MutableVolumeSet (MutableVolumeSet.java:initializeVolumeSet(179)) - Added Volume : /github/workspace/mnt/ozone/hadoop-ozone/integration-test/target/test-dir/MiniOzoneClusterImpl-1f6412f7-deda-49d6-8890-c33526f8416a/datanode-1/data-0/containers/hdds to VolumeSet
2020-11-23 16:43:57,443 [Listener at 127.0.0.1/36807] INFO  volume.ThrottledAsyncChecker (ThrottledAsyncChecker.java:schedule(141)) - Scheduling a check for /github/workspace/mnt/ozone/hadoop-ozone/integration-test/target/test-dir/MiniOzoneClusterImpl-1f6412f7-deda-49d6-8890-c33526f8416a/datanode-1/data-0/containers/hdds
2020-11-23 16:43:57,446 [Listener at 127.0.0.1/36807] INFO  volume.HddsVolumeChecker (HddsVolumeChecker.java:checkAllVolumes(200)) - Scheduled health check for volume /github/workspace/mnt/ozone/hadoop-ozone/integration-test/target/test-dir/MiniOzoneClusterImpl-1f6412f7-deda-49d6-8890-c33526f8416a/datanode-1/data-0/containers/hdds
2020-11-23 16:43:57,446 [org.apache.hadoop.util.JvmPauseMonitor$Monitor@47c0146e] INFO  util.JvmPauseMonitor (JvmPauseMonitor.java:run(188)) - Starting JVM pause monitor
2020-11-23 16:43:57,461 [Datanode State Machine Task Thread - 0] INFO  datanode.InitDatanodeState (InitDatanodeState.java:persistContainerDatanodeDetails(145)) - DatanodeDetails is persisted to /github/workspace/mnt/ozone/hadoop-ozone/integration-test/target/test-dir/MiniOzoneClusterImpl-1f6412f7-deda-49d6-8890-c33526f8416a/datanode-0/meta/datanode.id
2020-11-23 16:43:57,462 [Thread-501] INFO  ozoneimpl.ContainerReader (ContainerReader.java:readVolume(123)) - Start to verify containers on volume /github/workspace/mnt/ozone/hadoop-ozone/integration-test/target/test-dir/MiniOzoneClusterImpl-1f6412f7-deda-49d6-8890-c33526f8416a/datanode-1/data-0/containers/hdds
2020-11-23 16:43:57,462 [Thread-501] INFO  ozoneimpl.ContainerReader (ContainerReader.java:readVolume(148)) - Finish verifying containers on volume /github/workspace/mnt/ozone/hadoop-ozone/integration-test/target/test-dir/MiniOzoneClusterImpl-1f6412f7-deda-49d6-8890-c33526f8416a/datanode-1/data-0/containers/hdds
2020-11-23 16:43:57,462 [Listener at 127.0.0.1/36807] INFO  ozoneimpl.OzoneContainer (OzoneContainer.java:buildContainerSet(194)) - Build ContainerSet costs 0s
2020-11-23 16:43:57,464 [Listener at 127.0.0.1/36807] INFO  impl.RaftServerProxy (ConfUtils.java:logGet(44)) - raft.rpc.type = GRPC (default)
2020-11-23 16:43:57,464 [Listener at 127.0.0.1/36807] INFO  grpc.GrpcFactory (GrpcFactory.java:checkPooledByteBufAllocatorUseCacheForAllThreads(45)) - PERFORMANCE WARNING: useCacheForAllThreads is true that may cause Netty to create a lot garbage objects and, as a result, trigger GC.
	It is recommended to disable useCacheForAllThreads by setting -Dorg.apache.ratis.thirdparty.io.netty.allocator.useCacheForAllThreads=false in command line.
2020-11-23 16:43:57,464 [Listener at 127.0.0.1/36807] INFO  grpc.GrpcConfigKeys (ConfUtils.java:logGet(44)) - raft.grpc.server.port = 0 (default)
2020-11-23 16:43:57,464 [Listener at 127.0.0.1/36807] INFO  server.GrpcService (ConfUtils.java:logGet(44)) - raft.grpc.message.size.max = 32MB (=33554432) (custom)
2020-11-23 16:43:57,464 [Listener at 127.0.0.1/36807] INFO  server.RaftServerConfigKeys (ConfUtils.java:logGet(44)) - raft.server.log.appender.buffer.byte-limit = 33554432 (custom)
2020-11-23 16:43:57,464 [Listener at 127.0.0.1/36807] INFO  server.GrpcService (ConfUtils.java:logGet(44)) - raft.grpc.flow.control.window = 5MB (=5242880) (custom)
2020-11-23 16:43:57,464 [Listener at 127.0.0.1/36807] INFO  server.RaftServerConfigKeys (ConfUtils.java:logGet(44)) - raft.server.rpc.request.timeout = 60s (custom)
2020-11-23 16:43:57,465 [Listener at 127.0.0.1/36807] INFO  impl.DataStreamServerImpl (ConfUtils.java:logGet(44)) - raft.datastream.type = DISABLED (default)
2020-11-23 16:43:57,466 [Listener at 127.0.0.1/36807] INFO  server.RaftServerConfigKeys (ConfUtils.java:logGet(44)) - raft.server.storage.dir = [/github/workspace/mnt/ozone/hadoop-ozone/integration-test/target/test-dir/MiniOzoneClusterImpl-1f6412f7-deda-49d6-8890-c33526f8416a/datanode-1/data/ratis] (custom)
2020-11-23 16:43:57,476 [Listener at 127.0.0.1/36807] INFO  http.BaseHttpServer (BaseHttpServer.java:newHttpServer2BuilderForOzone(207)) - Starting Web-server for hddsDatanode at: http://0.0.0.0:0
2020-11-23 16:43:57,476 [Listener at 127.0.0.1/36807] INFO  http.BaseHttpServer (BaseHttpServer.java:<init>(106)) - Hadoop Security Enabled: false Ozone Security Enabled: false Ozone HTTP Security Enabled: false 
2020-11-23 16:43:57,477 [Listener at 127.0.0.1/36807] INFO  server.AuthenticationFilter (AuthenticationFilter.java:constructSecretProvider(240)) - Unable to initialize FileSignerSecretProvider, falling back to use random secrets.
2020-11-23 16:43:57,478 [Listener at 127.0.0.1/36807] WARN  http.HttpRequestLog (HttpRequestLog.java:getRequestLog(103)) - Jetty request log can only be enabled using Log4j
2020-11-23 16:43:57,479 [Listener at 127.0.0.1/36807] INFO  http.HttpServer2 (HttpServer2.java:addGlobalFilter(1019)) - Added global filter 'safety' (class=org.apache.hadoop.hdds.server.http.HttpServer2$QuotingInputFilter)
2020-11-23 16:43:57,479 [Listener at 127.0.0.1/36807] INFO  http.HttpServer2 (HttpServer2.java:addFilter(995)) - Added filter static_user_filter (class=org.apache.hadoop.http.lib.StaticUserWebFilter$StaticUserFilter) to context hddsDatanode
2020-11-23 16:43:57,479 [Listener at 127.0.0.1/36807] INFO  http.HttpServer2 (HttpServer2.java:addFilter(1003)) - Added filter static_user_filter (class=org.apache.hadoop.http.lib.StaticUserWebFilter$StaticUserFilter) to context logs
2020-11-23 16:43:57,479 [Listener at 127.0.0.1/36807] INFO  http.HttpServer2 (HttpServer2.java:addFilter(1003)) - Added filter static_user_filter (class=org.apache.hadoop.http.lib.StaticUserWebFilter$StaticUserFilter) to context static
2020-11-23 16:43:57,480 [Listener at 127.0.0.1/36807] INFO  http.HttpServer2 (HttpServer2.java:bindListener(1237)) - Jetty bound to port 45201
2020-11-23 16:43:57,480 [Listener at 127.0.0.1/36807] INFO  server.Server (Server.java:doStart(375)) - jetty-9.4.34.v20201102; built: 2020-11-02T14:15:39.302Z; git: e46af88704a893fc12cb0e3bf46e2c7b48a009e7; jvm 1.8.0_232-b09
2020-11-23 16:43:57,486 [Listener at 127.0.0.1/36807] INFO  server.session (DefaultSessionIdManager.java:doStart(334)) - DefaultSessionIdManager workerName=node0
2020-11-23 16:43:57,486 [Listener at 127.0.0.1/36807] INFO  server.session (DefaultSessionIdManager.java:doStart(339)) - No SessionScavenger set, using defaults
2020-11-23 16:43:57,486 [Listener at 127.0.0.1/36807] INFO  server.session (HouseKeeper.java:startScavenging(132)) - node0 Scavenging every 660000ms
2020-11-23 16:43:57,487 [Listener at 127.0.0.1/36807] INFO  handler.ContextHandler (ContextHandler.java:doStart(916)) - Started o.e.j.s.ServletContextHandler@1907662{logs,/logs,file:///github/workspace/mnt/ozone/hadoop-ozone/integration-test/target/log,AVAILABLE}
2020-11-23 16:43:57,488 [Listener at 127.0.0.1/36807] INFO  handler.ContextHandler (ContextHandler.java:doStart(916)) - Started o.e.j.s.ServletContextHandler@605d2514{static,/static,jar:file:/home/user/.m2/repository/org/apache/hadoop/hadoop-hdds-container-service/1.1.0-SNAPSHOT/hadoop-hdds-container-service-1.1.0-SNAPSHOT.jar!/webapps/static,AVAILABLE}
2020-11-23 16:43:57,627 [Listener at 127.0.0.1/36807] INFO  handler.ContextHandler (ContextHandler.java:doStart(916)) - Started o.e.j.w.WebAppContext@7b83fc3{hddsDatanode,/,file:///tmp/jetty-0_0_0_0-45201-hadoop-hdds-container-service-1_1_0-SNAPSHOT_jar-_-any-6732292781510357230/webapp/,AVAILABLE}{jar:file:/home/user/.m2/repository/org/apache/hadoop/hadoop-hdds-container-service/1.1.0-SNAPSHOT/hadoop-hdds-container-service-1.1.0-SNAPSHOT.jar!/webapps/hddsDatanode}
2020-11-23 16:43:57,628 [Listener at 127.0.0.1/36807] INFO  server.AbstractConnector (AbstractConnector.java:doStart(331)) - Started ServerConnector@3e431dac{HTTP/1.1, (http/1.1)}{0.0.0.0:45201}
2020-11-23 16:43:57,628 [Listener at 127.0.0.1/36807] INFO  server.Server (Server.java:doStart(415)) - Started @47736ms
2020-11-23 16:43:57,629 [Listener at 127.0.0.1/36807] WARN  impl.MetricsSystemImpl (MetricsSystemImpl.java:register(276)) - Sink prometheus already exists!
2020-11-23 16:43:57,636 [Listener at 127.0.0.1/36807] INFO  http.BaseHttpServer (BaseHttpServer.java:updateConnectorAddress(327)) - HTTP server of hddsDatanode listening at http://0.0.0.0:45201
2020-11-23 16:43:57,637 [Listener at 127.0.0.1/36807] INFO  impl.MetricsSystemImpl (MetricsSystemImpl.java:init(158)) - HddsDatanode metrics system started (again)
2020-11-23 16:43:57,641 [Listener at 127.0.0.1/36807] INFO  ozone.HddsDatanodeService (HddsDatanodeService.java:start(217)) - HddsDatanodeService host:dcde956c9b9e ip:172.17.0.2
2020-11-23 16:43:57,646 [org.apache.hadoop.util.JvmPauseMonitor$Monitor@672461b1] INFO  util.JvmPauseMonitor (JvmPauseMonitor.java:run(188)) - Starting JVM pause monitor
2020-11-23 16:43:57,646 [Listener at 127.0.0.1/36807] INFO  volume.HddsVolume (HddsVolume.java:<init>(176)) - Creating Volume: /github/workspace/mnt/ozone/hadoop-ozone/integration-test/target/test-dir/MiniOzoneClusterImpl-1f6412f7-deda-49d6-8890-c33526f8416a/datanode-2/data-0/containers/hdds of storage type : DISK and capacity : 9223372036854775807
2020-11-23 16:43:57,647 [Listener at 127.0.0.1/36807] INFO  volume.MutableVolumeSet (MutableVolumeSet.java:initializeVolumeSet(179)) - Added Volume : /github/workspace/mnt/ozone/hadoop-ozone/integration-test/target/test-dir/MiniOzoneClusterImpl-1f6412f7-deda-49d6-8890-c33526f8416a/datanode-2/data-0/containers/hdds to VolumeSet
2020-11-23 16:43:57,647 [Listener at 127.0.0.1/36807] INFO  volume.ThrottledAsyncChecker (ThrottledAsyncChecker.java:schedule(141)) - Scheduling a check for /github/workspace/mnt/ozone/hadoop-ozone/integration-test/target/test-dir/MiniOzoneClusterImpl-1f6412f7-deda-49d6-8890-c33526f8416a/datanode-2/data-0/containers/hdds
2020-11-23 16:43:57,647 [Datanode State Machine Task Thread - 0] INFO  datanode.InitDatanodeState (InitDatanodeState.java:persistContainerDatanodeDetails(145)) - DatanodeDetails is persisted to /github/workspace/mnt/ozone/hadoop-ozone/integration-test/target/test-dir/MiniOzoneClusterImpl-1f6412f7-deda-49d6-8890-c33526f8416a/datanode-1/meta/datanode.id
2020-11-23 16:43:57,648 [Listener at 127.0.0.1/36807] INFO  volume.HddsVolumeChecker (HddsVolumeChecker.java:checkAllVolumes(200)) - Scheduled health check for volume /github/workspace/mnt/ozone/hadoop-ozone/integration-test/target/test-dir/MiniOzoneClusterImpl-1f6412f7-deda-49d6-8890-c33526f8416a/datanode-2/data-0/containers/hdds
2020-11-23 16:43:57,663 [Thread-512] INFO  ozoneimpl.ContainerReader (ContainerReader.java:readVolume(123)) - Start to verify containers on volume /github/workspace/mnt/ozone/hadoop-ozone/integration-test/target/test-dir/MiniOzoneClusterImpl-1f6412f7-deda-49d6-8890-c33526f8416a/datanode-2/data-0/containers/hdds
2020-11-23 16:43:57,663 [Thread-512] INFO  ozoneimpl.ContainerReader (ContainerReader.java:readVolume(148)) - Finish verifying containers on volume /github/workspace/mnt/ozone/hadoop-ozone/integration-test/target/test-dir/MiniOzoneClusterImpl-1f6412f7-deda-49d6-8890-c33526f8416a/datanode-2/data-0/containers/hdds
2020-11-23 16:43:57,664 [Listener at 127.0.0.1/36807] INFO  ozoneimpl.OzoneContainer (OzoneContainer.java:buildContainerSet(194)) - Build ContainerSet costs 0s
2020-11-23 16:43:57,666 [Listener at 127.0.0.1/36807] INFO  impl.RaftServerProxy (ConfUtils.java:logGet(44)) - raft.rpc.type = GRPC (default)
2020-11-23 16:43:57,666 [Listener at 127.0.0.1/36807] INFO  grpc.GrpcFactory (GrpcFactory.java:checkPooledByteBufAllocatorUseCacheForAllThreads(45)) - PERFORMANCE WARNING: useCacheForAllThreads is true that may cause Netty to create a lot garbage objects and, as a result, trigger GC.
	It is recommended to disable useCacheForAllThreads by setting -Dorg.apache.ratis.thirdparty.io.netty.allocator.useCacheForAllThreads=false in command line.
2020-11-23 16:43:57,667 [Listener at 127.0.0.1/36807] INFO  grpc.GrpcConfigKeys (ConfUtils.java:logGet(44)) - raft.grpc.server.port = 0 (default)
2020-11-23 16:43:57,667 [Listener at 127.0.0.1/36807] INFO  server.GrpcService (ConfUtils.java:logGet(44)) - raft.grpc.message.size.max = 32MB (=33554432) (custom)
2020-11-23 16:43:57,667 [Listener at 127.0.0.1/36807] INFO  server.RaftServerConfigKeys (ConfUtils.java:logGet(44)) - raft.server.log.appender.buffer.byte-limit = 33554432 (custom)
2020-11-23 16:43:57,667 [Listener at 127.0.0.1/36807] INFO  server.GrpcService (ConfUtils.java:logGet(44)) - raft.grpc.flow.control.window = 5MB (=5242880) (custom)
2020-11-23 16:43:57,667 [Listener at 127.0.0.1/36807] INFO  server.RaftServerConfigKeys (ConfUtils.java:logGet(44)) - raft.server.rpc.request.timeout = 60s (custom)
2020-11-23 16:43:57,668 [Listener at 127.0.0.1/36807] INFO  impl.DataStreamServerImpl (ConfUtils.java:logGet(44)) - raft.datastream.type = DISABLED (default)
2020-11-23 16:43:57,668 [Listener at 127.0.0.1/36807] INFO  server.RaftServerConfigKeys (ConfUtils.java:logGet(44)) - raft.server.storage.dir = [/github/workspace/mnt/ozone/hadoop-ozone/integration-test/target/test-dir/MiniOzoneClusterImpl-1f6412f7-deda-49d6-8890-c33526f8416a/datanode-2/data/ratis] (custom)
2020-11-23 16:43:57,674 [Listener at 127.0.0.1/36807] INFO  http.BaseHttpServer (BaseHttpServer.java:newHttpServer2BuilderForOzone(207)) - Starting Web-server for hddsDatanode at: http://0.0.0.0:0
2020-11-23 16:43:57,674 [Listener at 127.0.0.1/36807] INFO  http.BaseHttpServer (BaseHttpServer.java:<init>(106)) - Hadoop Security Enabled: false Ozone Security Enabled: false Ozone HTTP Security Enabled: false 
2020-11-23 16:43:57,675 [Listener at 127.0.0.1/36807] INFO  server.AuthenticationFilter (AuthenticationFilter.java:constructSecretProvider(240)) - Unable to initialize FileSignerSecretProvider, falling back to use random secrets.
2020-11-23 16:43:57,676 [Listener at 127.0.0.1/36807] WARN  http.HttpRequestLog (HttpRequestLog.java:getRequestLog(103)) - Jetty request log can only be enabled using Log4j
2020-11-23 16:43:57,676 [Listener at 127.0.0.1/36807] INFO  http.HttpServer2 (HttpServer2.java:addGlobalFilter(1019)) - Added global filter 'safety' (class=org.apache.hadoop.hdds.server.http.HttpServer2$QuotingInputFilter)
2020-11-23 16:43:57,677 [Listener at 127.0.0.1/36807] INFO  http.HttpServer2 (HttpServer2.java:addFilter(995)) - Added filter static_user_filter (class=org.apache.hadoop.http.lib.StaticUserWebFilter$StaticUserFilter) to context hddsDatanode
2020-11-23 16:43:57,677 [Listener at 127.0.0.1/36807] INFO  http.HttpServer2 (HttpServer2.java:addFilter(1003)) - Added filter static_user_filter (class=org.apache.hadoop.http.lib.StaticUserWebFilter$StaticUserFilter) to context logs
2020-11-23 16:43:57,677 [Listener at 127.0.0.1/36807] INFO  http.HttpServer2 (HttpServer2.java:addFilter(1003)) - Added filter static_user_filter (class=org.apache.hadoop.http.lib.StaticUserWebFilter$StaticUserFilter) to context static
2020-11-23 16:43:57,678 [Listener at 127.0.0.1/36807] INFO  http.HttpServer2 (HttpServer2.java:bindListener(1237)) - Jetty bound to port 37735
2020-11-23 16:43:57,678 [Listener at 127.0.0.1/36807] INFO  server.Server (Server.java:doStart(375)) - jetty-9.4.34.v20201102; built: 2020-11-02T14:15:39.302Z; git: e46af88704a893fc12cb0e3bf46e2c7b48a009e7; jvm 1.8.0_232-b09
2020-11-23 16:43:57,682 [Listener at 127.0.0.1/36807] INFO  server.session (DefaultSessionIdManager.java:doStart(334)) - DefaultSessionIdManager workerName=node0
2020-11-23 16:43:57,682 [Listener at 127.0.0.1/36807] INFO  server.session (DefaultSessionIdManager.java:doStart(339)) - No SessionScavenger set, using defaults
2020-11-23 16:43:57,682 [Listener at 127.0.0.1/36807] INFO  server.session (HouseKeeper.java:startScavenging(132)) - node0 Scavenging every 660000ms
2020-11-23 16:43:57,683 [Listener at 127.0.0.1/36807] INFO  handler.ContextHandler (ContextHandler.java:doStart(916)) - Started o.e.j.s.ServletContextHandler@3033c400{logs,/logs,file:///github/workspace/mnt/ozone/hadoop-ozone/integration-test/target/log,AVAILABLE}
2020-11-23 16:43:57,683 [Listener at 127.0.0.1/36807] INFO  handler.ContextHandler (ContextHandler.java:doStart(916)) - Started o.e.j.s.ServletContextHandler@2a00887e{static,/static,jar:file:/home/user/.m2/repository/org/apache/hadoop/hadoop-hdds-container-service/1.1.0-SNAPSHOT/hadoop-hdds-container-service-1.1.0-SNAPSHOT.jar!/webapps/static,AVAILABLE}
2020-11-23 16:43:57,824 [Listener at 127.0.0.1/36807] INFO  handler.ContextHandler (ContextHandler.java:doStart(916)) - Started o.e.j.w.WebAppContext@21aec56c{hddsDatanode,/,file:///tmp/jetty-0_0_0_0-37735-hadoop-hdds-container-service-1_1_0-SNAPSHOT_jar-_-any-8961585882297709086/webapp/,AVAILABLE}{jar:file:/home/user/.m2/repository/org/apache/hadoop/hadoop-hdds-container-service/1.1.0-SNAPSHOT/hadoop-hdds-container-service-1.1.0-SNAPSHOT.jar!/webapps/hddsDatanode}
2020-11-23 16:43:57,826 [Listener at 127.0.0.1/36807] INFO  server.AbstractConnector (AbstractConnector.java:doStart(331)) - Started ServerConnector@77c0d85e{HTTP/1.1, (http/1.1)}{0.0.0.0:37735}
2020-11-23 16:43:57,826 [Listener at 127.0.0.1/36807] INFO  server.Server (Server.java:doStart(415)) - Started @47934ms
2020-11-23 16:43:57,826 [Listener at 127.0.0.1/36807] WARN  impl.MetricsSystemImpl (MetricsSystemImpl.java:register(276)) - Sink prometheus already exists!
2020-11-23 16:43:57,831 [Listener at 127.0.0.1/36807] INFO  http.BaseHttpServer (BaseHttpServer.java:updateConnectorAddress(327)) - HTTP server of hddsDatanode listening at http://0.0.0.0:37735
2020-11-23 16:43:57,832 [Listener at 127.0.0.1/36807] INFO  impl.MetricsSystemImpl (MetricsSystemImpl.java:init(158)) - HddsDatanode metrics system started (again)
2020-11-23 16:43:57,833 [Listener at 127.0.0.1/36807] INFO  ozone.HddsDatanodeService (HddsDatanodeService.java:start(217)) - HddsDatanodeService host:dcde956c9b9e ip:172.17.0.2
2020-11-23 16:43:57,860 [Listener at 127.0.0.1/36807] INFO  volume.HddsVolume (HddsVolume.java:<init>(176)) - Creating Volume: /github/workspace/mnt/ozone/hadoop-ozone/integration-test/target/test-dir/MiniOzoneClusterImpl-1f6412f7-deda-49d6-8890-c33526f8416a/datanode-3/data-0/containers/hdds of storage type : DISK and capacity : 9223372036854775807
2020-11-23 16:43:57,860 [Listener at 127.0.0.1/36807] INFO  volume.MutableVolumeSet (MutableVolumeSet.java:initializeVolumeSet(179)) - Added Volume : /github/workspace/mnt/ozone/hadoop-ozone/integration-test/target/test-dir/MiniOzoneClusterImpl-1f6412f7-deda-49d6-8890-c33526f8416a/datanode-3/data-0/containers/hdds to VolumeSet
2020-11-23 16:43:57,861 [Listener at 127.0.0.1/36807] INFO  volume.ThrottledAsyncChecker (ThrottledAsyncChecker.java:schedule(141)) - Scheduling a check for /github/workspace/mnt/ozone/hadoop-ozone/integration-test/target/test-dir/MiniOzoneClusterImpl-1f6412f7-deda-49d6-8890-c33526f8416a/datanode-3/data-0/containers/hdds
2020-11-23 16:43:57,867 [org.apache.hadoop.util.JvmPauseMonitor$Monitor@55bba4ce] INFO  util.JvmPauseMonitor (JvmPauseMonitor.java:run(188)) - Starting JVM pause monitor
2020-11-23 16:43:57,875 [Listener at 127.0.0.1/36807] INFO  volume.HddsVolumeChecker (HddsVolumeChecker.java:checkAllVolumes(200)) - Scheduled health check for volume /github/workspace/mnt/ozone/hadoop-ozone/integration-test/target/test-dir/MiniOzoneClusterImpl-1f6412f7-deda-49d6-8890-c33526f8416a/datanode-3/data-0/containers/hdds
2020-11-23 16:43:57,892 [Datanode State Machine Task Thread - 0] INFO  datanode.InitDatanodeState (InitDatanodeState.java:persistContainerDatanodeDetails(145)) - DatanodeDetails is persisted to /github/workspace/mnt/ozone/hadoop-ozone/integration-test/target/test-dir/MiniOzoneClusterImpl-1f6412f7-deda-49d6-8890-c33526f8416a/datanode-2/meta/datanode.id
2020-11-23 16:43:57,901 [Thread-523] INFO  ozoneimpl.ContainerReader (ContainerReader.java:readVolume(123)) - Start to verify containers on volume /github/workspace/mnt/ozone/hadoop-ozone/integration-test/target/test-dir/MiniOzoneClusterImpl-1f6412f7-deda-49d6-8890-c33526f8416a/datanode-3/data-0/containers/hdds
2020-11-23 16:43:57,902 [Thread-523] INFO  ozoneimpl.ContainerReader (ContainerReader.java:readVolume(148)) - Finish verifying containers on volume /github/workspace/mnt/ozone/hadoop-ozone/integration-test/target/test-dir/MiniOzoneClusterImpl-1f6412f7-deda-49d6-8890-c33526f8416a/datanode-3/data-0/containers/hdds
2020-11-23 16:43:57,902 [Listener at 127.0.0.1/36807] INFO  ozoneimpl.OzoneContainer (OzoneContainer.java:buildContainerSet(194)) - Build ContainerSet costs 0s
2020-11-23 16:43:57,904 [Listener at 127.0.0.1/36807] INFO  impl.RaftServerProxy (ConfUtils.java:logGet(44)) - raft.rpc.type = GRPC (default)
2020-11-23 16:43:57,904 [Listener at 127.0.0.1/36807] INFO  grpc.GrpcFactory (GrpcFactory.java:checkPooledByteBufAllocatorUseCacheForAllThreads(45)) - PERFORMANCE WARNING: useCacheForAllThreads is true that may cause Netty to create a lot garbage objects and, as a result, trigger GC.
	It is recommended to disable useCacheForAllThreads by setting -Dorg.apache.ratis.thirdparty.io.netty.allocator.useCacheForAllThreads=false in command line.
2020-11-23 16:43:57,904 [Listener at 127.0.0.1/36807] INFO  grpc.GrpcConfigKeys (ConfUtils.java:logGet(44)) - raft.grpc.server.port = 0 (default)
2020-11-23 16:43:57,904 [Listener at 127.0.0.1/36807] INFO  server.GrpcService (ConfUtils.java:logGet(44)) - raft.grpc.message.size.max = 32MB (=33554432) (custom)
2020-11-23 16:43:57,905 [Listener at 127.0.0.1/36807] INFO  server.RaftServerConfigKeys (ConfUtils.java:logGet(44)) - raft.server.log.appender.buffer.byte-limit = 33554432 (custom)
2020-11-23 16:43:57,905 [Listener at 127.0.0.1/36807] INFO  server.GrpcService (ConfUtils.java:logGet(44)) - raft.grpc.flow.control.window = 5MB (=5242880) (custom)
2020-11-23 16:43:57,905 [Listener at 127.0.0.1/36807] INFO  server.RaftServerConfigKeys (ConfUtils.java:logGet(44)) - raft.server.rpc.request.timeout = 60s (custom)
2020-11-23 16:43:57,906 [Listener at 127.0.0.1/36807] INFO  impl.DataStreamServerImpl (ConfUtils.java:logGet(44)) - raft.datastream.type = DISABLED (default)
2020-11-23 16:43:57,906 [Listener at 127.0.0.1/36807] INFO  server.RaftServerConfigKeys (ConfUtils.java:logGet(44)) - raft.server.storage.dir = [/github/workspace/mnt/ozone/hadoop-ozone/integration-test/target/test-dir/MiniOzoneClusterImpl-1f6412f7-deda-49d6-8890-c33526f8416a/datanode-3/data/ratis] (custom)
2020-11-23 16:43:57,913 [Listener at 127.0.0.1/36807] INFO  http.BaseHttpServer (BaseHttpServer.java:newHttpServer2BuilderForOzone(207)) - Starting Web-server for hddsDatanode at: http://0.0.0.0:0
2020-11-23 16:43:57,913 [Listener at 127.0.0.1/36807] INFO  http.BaseHttpServer (BaseHttpServer.java:<init>(106)) - Hadoop Security Enabled: false Ozone Security Enabled: false Ozone HTTP Security Enabled: false 
2020-11-23 16:43:57,914 [Listener at 127.0.0.1/36807] INFO  server.AuthenticationFilter (AuthenticationFilter.java:constructSecretProvider(240)) - Unable to initialize FileSignerSecretProvider, falling back to use random secrets.
2020-11-23 16:43:57,914 [Listener at 127.0.0.1/36807] WARN  http.HttpRequestLog (HttpRequestLog.java:getRequestLog(103)) - Jetty request log can only be enabled using Log4j
2020-11-23 16:43:57,915 [Listener at 127.0.0.1/36807] INFO  http.HttpServer2 (HttpServer2.java:addGlobalFilter(1019)) - Added global filter 'safety' (class=org.apache.hadoop.hdds.server.http.HttpServer2$QuotingInputFilter)
2020-11-23 16:43:57,915 [Listener at 127.0.0.1/36807] INFO  http.HttpServer2 (HttpServer2.java:addFilter(995)) - Added filter static_user_filter (class=org.apache.hadoop.http.lib.StaticUserWebFilter$StaticUserFilter) to context hddsDatanode
2020-11-23 16:43:57,916 [Listener at 127.0.0.1/36807] INFO  http.HttpServer2 (HttpServer2.java:addFilter(1003)) - Added filter static_user_filter (class=org.apache.hadoop.http.lib.StaticUserWebFilter$StaticUserFilter) to context logs
2020-11-23 16:43:57,916 [Listener at 127.0.0.1/36807] INFO  http.HttpServer2 (HttpServer2.java:addFilter(1003)) - Added filter static_user_filter (class=org.apache.hadoop.http.lib.StaticUserWebFilter$StaticUserFilter) to context static
2020-11-23 16:43:57,916 [Listener at 127.0.0.1/36807] INFO  http.HttpServer2 (HttpServer2.java:bindListener(1237)) - Jetty bound to port 34245
2020-11-23 16:43:57,916 [Listener at 127.0.0.1/36807] INFO  server.Server (Server.java:doStart(375)) - jetty-9.4.34.v20201102; built: 2020-11-02T14:15:39.302Z; git: e46af88704a893fc12cb0e3bf46e2c7b48a009e7; jvm 1.8.0_232-b09
2020-11-23 16:43:57,918 [Listener at 127.0.0.1/36807] INFO  server.session (DefaultSessionIdManager.java:doStart(334)) - DefaultSessionIdManager workerName=node0
2020-11-23 16:43:57,918 [Listener at 127.0.0.1/36807] INFO  server.session (DefaultSessionIdManager.java:doStart(339)) - No SessionScavenger set, using defaults
2020-11-23 16:43:57,918 [Listener at 127.0.0.1/36807] INFO  server.session (HouseKeeper.java:startScavenging(132)) - node0 Scavenging every 660000ms
2020-11-23 16:43:57,919 [Listener at 127.0.0.1/36807] INFO  handler.ContextHandler (ContextHandler.java:doStart(916)) - Started o.e.j.s.ServletContextHandler@73f2b028{logs,/logs,file:///github/workspace/mnt/ozone/hadoop-ozone/integration-test/target/log,AVAILABLE}
2020-11-23 16:43:57,919 [Listener at 127.0.0.1/36807] INFO  handler.ContextHandler (ContextHandler.java:doStart(916)) - Started o.e.j.s.ServletContextHandler@581b8bc6{static,/static,jar:file:/home/user/.m2/repository/org/apache/hadoop/hadoop-hdds-container-service/1.1.0-SNAPSHOT/hadoop-hdds-container-service-1.1.0-SNAPSHOT.jar!/webapps/static,AVAILABLE}
2020-11-23 16:43:58,057 [Listener at 127.0.0.1/36807] INFO  handler.ContextHandler (ContextHandler.java:doStart(916)) - Started o.e.j.w.WebAppContext@77d527b6{hddsDatanode,/,file:///tmp/jetty-0_0_0_0-34245-hadoop-hdds-container-service-1_1_0-SNAPSHOT_jar-_-any-5849433075675938680/webapp/,AVAILABLE}{jar:file:/home/user/.m2/repository/org/apache/hadoop/hadoop-hdds-container-service/1.1.0-SNAPSHOT/hadoop-hdds-container-service-1.1.0-SNAPSHOT.jar!/webapps/hddsDatanode}
2020-11-23 16:43:58,058 [Listener at 127.0.0.1/36807] INFO  server.AbstractConnector (AbstractConnector.java:doStart(331)) - Started ServerConnector@12baf61a{HTTP/1.1, (http/1.1)}{0.0.0.0:34245}
2020-11-23 16:43:58,058 [Listener at 127.0.0.1/36807] INFO  server.Server (Server.java:doStart(415)) - Started @48166ms
2020-11-23 16:43:58,059 [Listener at 127.0.0.1/36807] WARN  impl.MetricsSystemImpl (MetricsSystemImpl.java:register(276)) - Sink prometheus already exists!
2020-11-23 16:43:58,063 [Listener at 127.0.0.1/36807] INFO  http.BaseHttpServer (BaseHttpServer.java:updateConnectorAddress(327)) - HTTP server of hddsDatanode listening at http://0.0.0.0:34245
2020-11-23 16:43:58,066 [Listener at 127.0.0.1/36807] INFO  impl.MetricsSystemImpl (MetricsSystemImpl.java:init(158)) - HddsDatanode metrics system started (again)
2020-11-23 16:43:58,067 [Listener at 127.0.0.1/36807] INFO  ozone.HddsDatanodeService (HddsDatanodeService.java:start(217)) - HddsDatanodeService host:dcde956c9b9e ip:172.17.0.2
2020-11-23 16:43:58,079 [org.apache.hadoop.util.JvmPauseMonitor$Monitor@5581cb27] INFO  util.JvmPauseMonitor (JvmPauseMonitor.java:run(188)) - Starting JVM pause monitor
2020-11-23 16:43:58,081 [Listener at 127.0.0.1/36807] INFO  volume.HddsVolume (HddsVolume.java:<init>(176)) - Creating Volume: /github/workspace/mnt/ozone/hadoop-ozone/integration-test/target/test-dir/MiniOzoneClusterImpl-1f6412f7-deda-49d6-8890-c33526f8416a/datanode-4/data-0/containers/hdds of storage type : DISK and capacity : 9223372036854775807
2020-11-23 16:43:58,081 [Listener at 127.0.0.1/36807] INFO  volume.MutableVolumeSet (MutableVolumeSet.java:initializeVolumeSet(179)) - Added Volume : /github/workspace/mnt/ozone/hadoop-ozone/integration-test/target/test-dir/MiniOzoneClusterImpl-1f6412f7-deda-49d6-8890-c33526f8416a/datanode-4/data-0/containers/hdds to VolumeSet
2020-11-23 16:43:58,081 [Listener at 127.0.0.1/36807] INFO  volume.ThrottledAsyncChecker (ThrottledAsyncChecker.java:schedule(141)) - Scheduling a check for /github/workspace/mnt/ozone/hadoop-ozone/integration-test/target/test-dir/MiniOzoneClusterImpl-1f6412f7-deda-49d6-8890-c33526f8416a/datanode-4/data-0/containers/hdds
2020-11-23 16:43:58,082 [Listener at 127.0.0.1/36807] INFO  volume.HddsVolumeChecker (HddsVolumeChecker.java:checkAllVolumes(200)) - Scheduled health check for volume /github/workspace/mnt/ozone/hadoop-ozone/integration-test/target/test-dir/MiniOzoneClusterImpl-1f6412f7-deda-49d6-8890-c33526f8416a/datanode-4/data-0/containers/hdds
2020-11-23 16:43:58,087 [Datanode State Machine Task Thread - 0] INFO  datanode.InitDatanodeState (InitDatanodeState.java:persistContainerDatanodeDetails(145)) - DatanodeDetails is persisted to /github/workspace/mnt/ozone/hadoop-ozone/integration-test/target/test-dir/MiniOzoneClusterImpl-1f6412f7-deda-49d6-8890-c33526f8416a/datanode-3/meta/datanode.id
2020-11-23 16:43:58,097 [Thread-534] INFO  ozoneimpl.ContainerReader (ContainerReader.java:readVolume(123)) - Start to verify containers on volume /github/workspace/mnt/ozone/hadoop-ozone/integration-test/target/test-dir/MiniOzoneClusterImpl-1f6412f7-deda-49d6-8890-c33526f8416a/datanode-4/data-0/containers/hdds
2020-11-23 16:43:58,097 [Thread-534] INFO  ozoneimpl.ContainerReader (ContainerReader.java:readVolume(148)) - Finish verifying containers on volume /github/workspace/mnt/ozone/hadoop-ozone/integration-test/target/test-dir/MiniOzoneClusterImpl-1f6412f7-deda-49d6-8890-c33526f8416a/datanode-4/data-0/containers/hdds
2020-11-23 16:43:58,097 [Listener at 127.0.0.1/36807] INFO  ozoneimpl.OzoneContainer (OzoneContainer.java:buildContainerSet(194)) - Build ContainerSet costs 0s
2020-11-23 16:43:58,099 [Listener at 127.0.0.1/36807] INFO  impl.RaftServerProxy (ConfUtils.java:logGet(44)) - raft.rpc.type = GRPC (default)
2020-11-23 16:43:58,099 [Listener at 127.0.0.1/36807] INFO  grpc.GrpcFactory (GrpcFactory.java:checkPooledByteBufAllocatorUseCacheForAllThreads(45)) - PERFORMANCE WARNING: useCacheForAllThreads is true that may cause Netty to create a lot garbage objects and, as a result, trigger GC.
	It is recommended to disable useCacheForAllThreads by setting -Dorg.apache.ratis.thirdparty.io.netty.allocator.useCacheForAllThreads=false in command line.
2020-11-23 16:43:58,100 [Listener at 127.0.0.1/36807] INFO  grpc.GrpcConfigKeys (ConfUtils.java:logGet(44)) - raft.grpc.server.port = 0 (default)
2020-11-23 16:43:58,100 [Listener at 127.0.0.1/36807] INFO  server.GrpcService (ConfUtils.java:logGet(44)) - raft.grpc.message.size.max = 32MB (=33554432) (custom)
2020-11-23 16:43:58,100 [Listener at 127.0.0.1/36807] INFO  server.RaftServerConfigKeys (ConfUtils.java:logGet(44)) - raft.server.log.appender.buffer.byte-limit = 33554432 (custom)
2020-11-23 16:43:58,100 [Listener at 127.0.0.1/36807] INFO  server.GrpcService (ConfUtils.java:logGet(44)) - raft.grpc.flow.control.window = 5MB (=5242880) (custom)
2020-11-23 16:43:58,100 [Listener at 127.0.0.1/36807] INFO  server.RaftServerConfigKeys (ConfUtils.java:logGet(44)) - raft.server.rpc.request.timeout = 60s (custom)
2020-11-23 16:43:58,101 [Listener at 127.0.0.1/36807] INFO  impl.DataStreamServerImpl (ConfUtils.java:logGet(44)) - raft.datastream.type = DISABLED (default)
2020-11-23 16:43:58,101 [Listener at 127.0.0.1/36807] INFO  server.RaftServerConfigKeys (ConfUtils.java:logGet(44)) - raft.server.storage.dir = [/github/workspace/mnt/ozone/hadoop-ozone/integration-test/target/test-dir/MiniOzoneClusterImpl-1f6412f7-deda-49d6-8890-c33526f8416a/datanode-4/data/ratis] (custom)
2020-11-23 16:43:58,233 [Listener at 127.0.0.1/36807] INFO  http.BaseHttpServer (BaseHttpServer.java:newHttpServer2BuilderForOzone(207)) - Starting Web-server for hddsDatanode at: http://0.0.0.0:0
2020-11-23 16:43:58,233 [Listener at 127.0.0.1/36807] INFO  http.BaseHttpServer (BaseHttpServer.java:<init>(106)) - Hadoop Security Enabled: false Ozone Security Enabled: false Ozone HTTP Security Enabled: false 
2020-11-23 16:43:58,235 [Listener at 127.0.0.1/36807] INFO  server.AuthenticationFilter (AuthenticationFilter.java:constructSecretProvider(240)) - Unable to initialize FileSignerSecretProvider, falling back to use random secrets.
2020-11-23 16:43:58,235 [Listener at 127.0.0.1/36807] WARN  http.HttpRequestLog (HttpRequestLog.java:getRequestLog(103)) - Jetty request log can only be enabled using Log4j
2020-11-23 16:43:58,236 [Listener at 127.0.0.1/36807] INFO  http.HttpServer2 (HttpServer2.java:addGlobalFilter(1019)) - Added global filter 'safety' (class=org.apache.hadoop.hdds.server.http.HttpServer2$QuotingInputFilter)
2020-11-23 16:43:58,237 [Listener at 127.0.0.1/36807] INFO  http.HttpServer2 (HttpServer2.java:addFilter(995)) - Added filter static_user_filter (class=org.apache.hadoop.http.lib.StaticUserWebFilter$StaticUserFilter) to context hddsDatanode
2020-11-23 16:43:58,237 [Listener at 127.0.0.1/36807] INFO  http.HttpServer2 (HttpServer2.java:addFilter(1003)) - Added filter static_user_filter (class=org.apache.hadoop.http.lib.StaticUserWebFilter$StaticUserFilter) to context static
2020-11-23 16:43:58,237 [Listener at 127.0.0.1/36807] INFO  http.HttpServer2 (HttpServer2.java:addFilter(1003)) - Added filter static_user_filter (class=org.apache.hadoop.http.lib.StaticUserWebFilter$StaticUserFilter) to context logs
2020-11-23 16:43:58,238 [Listener at 127.0.0.1/36807] INFO  http.HttpServer2 (HttpServer2.java:bindListener(1237)) - Jetty bound to port 43783
2020-11-23 16:43:58,238 [Listener at 127.0.0.1/36807] INFO  server.Server (Server.java:doStart(375)) - jetty-9.4.34.v20201102; built: 2020-11-02T14:15:39.302Z; git: e46af88704a893fc12cb0e3bf46e2c7b48a009e7; jvm 1.8.0_232-b09
2020-11-23 16:43:58,240 [Listener at 127.0.0.1/36807] INFO  server.session (DefaultSessionIdManager.java:doStart(334)) - DefaultSessionIdManager workerName=node0
2020-11-23 16:43:58,241 [Listener at 127.0.0.1/36807] INFO  server.session (DefaultSessionIdManager.java:doStart(339)) - No SessionScavenger set, using defaults
2020-11-23 16:43:58,241 [Listener at 127.0.0.1/36807] INFO  server.session (HouseKeeper.java:startScavenging(132)) - node0 Scavenging every 600000ms
2020-11-23 16:43:58,243 [Listener at 127.0.0.1/36807] INFO  handler.ContextHandler (ContextHandler.java:doStart(916)) - Started o.e.j.s.ServletContextHandler@a1000eb{logs,/logs,file:///github/workspace/mnt/ozone/hadoop-ozone/integration-test/target/log,AVAILABLE}
2020-11-23 16:43:58,243 [Listener at 127.0.0.1/36807] INFO  handler.ContextHandler (ContextHandler.java:doStart(916)) - Started o.e.j.s.ServletContextHandler@237b236d{static,/static,jar:file:/home/user/.m2/repository/org/apache/hadoop/hadoop-hdds-container-service/1.1.0-SNAPSHOT/hadoop-hdds-container-service-1.1.0-SNAPSHOT.jar!/webapps/static,AVAILABLE}
2020-11-23 16:43:58,388 [Listener at 127.0.0.1/36807] INFO  handler.ContextHandler (ContextHandler.java:doStart(916)) - Started o.e.j.w.WebAppContext@24abf9f0{hddsDatanode,/,file:///tmp/jetty-0_0_0_0-43783-hadoop-hdds-container-service-1_1_0-SNAPSHOT_jar-_-any-7287747720133432526/webapp/,AVAILABLE}{jar:file:/home/user/.m2/repository/org/apache/hadoop/hadoop-hdds-container-service/1.1.0-SNAPSHOT/hadoop-hdds-container-service-1.1.0-SNAPSHOT.jar!/webapps/hddsDatanode}
2020-11-23 16:43:58,389 [Listener at 127.0.0.1/36807] INFO  server.AbstractConnector (AbstractConnector.java:doStart(331)) - Started ServerConnector@4ec52f38{HTTP/1.1, (http/1.1)}{0.0.0.0:43783}
2020-11-23 16:43:58,389 [Listener at 127.0.0.1/36807] INFO  server.Server (Server.java:doStart(415)) - Started @48497ms
2020-11-23 16:43:58,390 [Listener at 127.0.0.1/36807] WARN  impl.MetricsSystemImpl (MetricsSystemImpl.java:register(276)) - Sink prometheus already exists!
2020-11-23 16:43:58,395 [Listener at 127.0.0.1/36807] INFO  http.BaseHttpServer (BaseHttpServer.java:updateConnectorAddress(327)) - HTTP server of hddsDatanode listening at http://0.0.0.0:43783
2020-11-23 16:43:58,397 [Listener at 127.0.0.1/36807] INFO  impl.MetricsSystemImpl (MetricsSystemImpl.java:init(158)) - HddsDatanode metrics system started (again)
2020-11-23 16:43:58,398 [org.apache.hadoop.util.JvmPauseMonitor$Monitor@52e22c77] INFO  util.JvmPauseMonitor (JvmPauseMonitor.java:run(188)) - Starting JVM pause monitor
2020-11-23 16:43:58,399 [Listener at 127.0.0.1/36807] INFO  ozone.HddsDatanodeService (HddsDatanodeService.java:start(217)) - HddsDatanodeService host:dcde956c9b9e ip:172.17.0.2
2020-11-23 16:43:58,399 [Datanode State Machine Task Thread - 0] INFO  datanode.InitDatanodeState (InitDatanodeState.java:persistContainerDatanodeDetails(145)) - DatanodeDetails is persisted to /github/workspace/mnt/ozone/hadoop-ozone/integration-test/target/test-dir/MiniOzoneClusterImpl-1f6412f7-deda-49d6-8890-c33526f8416a/datanode-4/meta/datanode.id
2020-11-23 16:43:58,400 [Listener at 127.0.0.1/36807] INFO  volume.HddsVolume (HddsVolume.java:<init>(176)) - Creating Volume: /github/workspace/mnt/ozone/hadoop-ozone/integration-test/target/test-dir/MiniOzoneClusterImpl-1f6412f7-deda-49d6-8890-c33526f8416a/datanode-5/data-0/containers/hdds of storage type : DISK and capacity : 9223372036854775807
2020-11-23 16:43:58,400 [Listener at 127.0.0.1/36807] INFO  volume.MutableVolumeSet (MutableVolumeSet.java:initializeVolumeSet(179)) - Added Volume : /github/workspace/mnt/ozone/hadoop-ozone/integration-test/target/test-dir/MiniOzoneClusterImpl-1f6412f7-deda-49d6-8890-c33526f8416a/datanode-5/data-0/containers/hdds to VolumeSet
2020-11-23 16:43:58,400 [Listener at 127.0.0.1/36807] INFO  volume.ThrottledAsyncChecker (ThrottledAsyncChecker.java:schedule(141)) - Scheduling a check for /github/workspace/mnt/ozone/hadoop-ozone/integration-test/target/test-dir/MiniOzoneClusterImpl-1f6412f7-deda-49d6-8890-c33526f8416a/datanode-5/data-0/containers/hdds
2020-11-23 16:43:58,402 [Listener at 127.0.0.1/36807] INFO  volume.HddsVolumeChecker (HddsVolumeChecker.java:checkAllVolumes(200)) - Scheduled health check for volume /github/workspace/mnt/ozone/hadoop-ozone/integration-test/target/test-dir/MiniOzoneClusterImpl-1f6412f7-deda-49d6-8890-c33526f8416a/datanode-5/data-0/containers/hdds
2020-11-23 16:43:58,416 [Thread-545] INFO  ozoneimpl.ContainerReader (ContainerReader.java:readVolume(123)) - Start to verify containers on volume /github/workspace/mnt/ozone/hadoop-ozone/integration-test/target/test-dir/MiniOzoneClusterImpl-1f6412f7-deda-49d6-8890-c33526f8416a/datanode-5/data-0/containers/hdds
2020-11-23 16:43:58,416 [Thread-545] INFO  ozoneimpl.ContainerReader (ContainerReader.java:readVolume(148)) - Finish verifying containers on volume /github/workspace/mnt/ozone/hadoop-ozone/integration-test/target/test-dir/MiniOzoneClusterImpl-1f6412f7-deda-49d6-8890-c33526f8416a/datanode-5/data-0/containers/hdds
2020-11-23 16:43:58,416 [Listener at 127.0.0.1/36807] INFO  ozoneimpl.OzoneContainer (OzoneContainer.java:buildContainerSet(194)) - Build ContainerSet costs 0s
2020-11-23 16:43:58,418 [Listener at 127.0.0.1/36807] INFO  impl.RaftServerProxy (ConfUtils.java:logGet(44)) - raft.rpc.type = GRPC (default)
2020-11-23 16:43:58,418 [Listener at 127.0.0.1/36807] INFO  grpc.GrpcFactory (GrpcFactory.java:checkPooledByteBufAllocatorUseCacheForAllThreads(45)) - PERFORMANCE WARNING: useCacheForAllThreads is true that may cause Netty to create a lot garbage objects and, as a result, trigger GC.
	It is recommended to disable useCacheForAllThreads by setting -Dorg.apache.ratis.thirdparty.io.netty.allocator.useCacheForAllThreads=false in command line.
2020-11-23 16:43:58,418 [Listener at 127.0.0.1/36807] INFO  grpc.GrpcConfigKeys (ConfUtils.java:logGet(44)) - raft.grpc.server.port = 0 (default)
2020-11-23 16:43:58,418 [Listener at 127.0.0.1/36807] INFO  server.GrpcService (ConfUtils.java:logGet(44)) - raft.grpc.message.size.max = 32MB (=33554432) (custom)
2020-11-23 16:43:58,418 [Listener at 127.0.0.1/36807] INFO  server.RaftServerConfigKeys (ConfUtils.java:logGet(44)) - raft.server.log.appender.buffer.byte-limit = 33554432 (custom)
2020-11-23 16:43:58,418 [Listener at 127.0.0.1/36807] INFO  server.GrpcService (ConfUtils.java:logGet(44)) - raft.grpc.flow.control.window = 5MB (=5242880) (custom)
2020-11-23 16:43:58,419 [Listener at 127.0.0.1/36807] INFO  server.RaftServerConfigKeys (ConfUtils.java:logGet(44)) - raft.server.rpc.request.timeout = 60s (custom)
2020-11-23 16:43:58,420 [Listener at 127.0.0.1/36807] INFO  impl.DataStreamServerImpl (ConfUtils.java:logGet(44)) - raft.datastream.type = DISABLED (default)
2020-11-23 16:43:58,420 [Listener at 127.0.0.1/36807] INFO  server.RaftServerConfigKeys (ConfUtils.java:logGet(44)) - raft.server.storage.dir = [/github/workspace/mnt/ozone/hadoop-ozone/integration-test/target/test-dir/MiniOzoneClusterImpl-1f6412f7-deda-49d6-8890-c33526f8416a/datanode-5/data/ratis] (custom)
2020-11-23 16:43:58,426 [Listener at 127.0.0.1/36807] INFO  http.BaseHttpServer (BaseHttpServer.java:newHttpServer2BuilderForOzone(207)) - Starting Web-server for hddsDatanode at: http://0.0.0.0:0
2020-11-23 16:43:58,426 [Listener at 127.0.0.1/36807] INFO  http.BaseHttpServer (BaseHttpServer.java:<init>(106)) - Hadoop Security Enabled: false Ozone Security Enabled: false Ozone HTTP Security Enabled: false 
2020-11-23 16:43:58,427 [Listener at 127.0.0.1/36807] INFO  server.AuthenticationFilter (AuthenticationFilter.java:constructSecretProvider(240)) - Unable to initialize FileSignerSecretProvider, falling back to use random secrets.
2020-11-23 16:43:58,428 [Listener at 127.0.0.1/36807] WARN  http.HttpRequestLog (HttpRequestLog.java:getRequestLog(103)) - Jetty request log can only be enabled using Log4j
2020-11-23 16:43:58,429 [Listener at 127.0.0.1/36807] INFO  http.HttpServer2 (HttpServer2.java:addGlobalFilter(1019)) - Added global filter 'safety' (class=org.apache.hadoop.hdds.server.http.HttpServer2$QuotingInputFilter)
2020-11-23 16:43:58,429 [Listener at 127.0.0.1/36807] INFO  http.HttpServer2 (HttpServer2.java:addFilter(995)) - Added filter static_user_filter (class=org.apache.hadoop.http.lib.StaticUserWebFilter$StaticUserFilter) to context hddsDatanode
2020-11-23 16:43:58,429 [Listener at 127.0.0.1/36807] INFO  http.HttpServer2 (HttpServer2.java:addFilter(1003)) - Added filter static_user_filter (class=org.apache.hadoop.http.lib.StaticUserWebFilter$StaticUserFilter) to context static
2020-11-23 16:43:58,429 [Listener at 127.0.0.1/36807] INFO  http.HttpServer2 (HttpServer2.java:addFilter(1003)) - Added filter static_user_filter (class=org.apache.hadoop.http.lib.StaticUserWebFilter$StaticUserFilter) to context logs
2020-11-23 16:43:58,430 [Listener at 127.0.0.1/36807] INFO  http.HttpServer2 (HttpServer2.java:bindListener(1237)) - Jetty bound to port 37189
2020-11-23 16:43:58,430 [Listener at 127.0.0.1/36807] INFO  server.Server (Server.java:doStart(375)) - jetty-9.4.34.v20201102; built: 2020-11-02T14:15:39.302Z; git: e46af88704a893fc12cb0e3bf46e2c7b48a009e7; jvm 1.8.0_232-b09
2020-11-23 16:43:58,438 [Listener at 127.0.0.1/36807] INFO  server.session (DefaultSessionIdManager.java:doStart(334)) - DefaultSessionIdManager workerName=node0
2020-11-23 16:43:58,438 [Listener at 127.0.0.1/36807] INFO  server.session (DefaultSessionIdManager.java:doStart(339)) - No SessionScavenger set, using defaults
2020-11-23 16:43:58,438 [Listener at 127.0.0.1/36807] INFO  server.session (HouseKeeper.java:startScavenging(132)) - node0 Scavenging every 660000ms
2020-11-23 16:43:58,439 [Listener at 127.0.0.1/36807] INFO  handler.ContextHandler (ContextHandler.java:doStart(916)) - Started o.e.j.s.ServletContextHandler@195a8f24{logs,/logs,file:///github/workspace/mnt/ozone/hadoop-ozone/integration-test/target/log,AVAILABLE}
2020-11-23 16:43:58,439 [Listener at 127.0.0.1/36807] INFO  handler.ContextHandler (ContextHandler.java:doStart(916)) - Started o.e.j.s.ServletContextHandler@63038939{static,/static,jar:file:/home/user/.m2/repository/org/apache/hadoop/hadoop-hdds-container-service/1.1.0-SNAPSHOT/hadoop-hdds-container-service-1.1.0-SNAPSHOT.jar!/webapps/static,AVAILABLE}
2020-11-23 16:43:58,575 [Listener at 127.0.0.1/36807] INFO  handler.ContextHandler (ContextHandler.java:doStart(916)) - Started o.e.j.w.WebAppContext@35ece308{hddsDatanode,/,file:///tmp/jetty-0_0_0_0-37189-hadoop-hdds-container-service-1_1_0-SNAPSHOT_jar-_-any-213046798412717105/webapp/,AVAILABLE}{jar:file:/home/user/.m2/repository/org/apache/hadoop/hadoop-hdds-container-service/1.1.0-SNAPSHOT/hadoop-hdds-container-service-1.1.0-SNAPSHOT.jar!/webapps/hddsDatanode}
2020-11-23 16:43:58,577 [Listener at 127.0.0.1/36807] INFO  server.AbstractConnector (AbstractConnector.java:doStart(331)) - Started ServerConnector@11a07ba9{HTTP/1.1, (http/1.1)}{0.0.0.0:37189}
2020-11-23 16:43:58,577 [Listener at 127.0.0.1/36807] INFO  server.Server (Server.java:doStart(415)) - Started @48685ms
2020-11-23 16:43:58,577 [Listener at 127.0.0.1/36807] WARN  impl.MetricsSystemImpl (MetricsSystemImpl.java:register(276)) - Sink prometheus already exists!
2020-11-23 16:43:58,580 [Listener at 127.0.0.1/36807] INFO  http.BaseHttpServer (BaseHttpServer.java:updateConnectorAddress(327)) - HTTP server of hddsDatanode listening at http://0.0.0.0:37189
2020-11-23 16:43:58,581 [Listener at 127.0.0.1/36807] INFO  impl.MetricsSystemImpl (MetricsSystemImpl.java:init(158)) - HddsDatanode metrics system started (again)
2020-11-23 16:43:58,587 [Listener at 127.0.0.1/36807] INFO  ozone.HddsDatanodeService (HddsDatanodeService.java:start(217)) - HddsDatanodeService host:dcde956c9b9e ip:172.17.0.2
2020-11-23 16:43:58,589 [org.apache.hadoop.util.JvmPauseMonitor$Monitor@15d0299a] INFO  util.JvmPauseMonitor (JvmPauseMonitor.java:run(188)) - Starting JVM pause monitor
2020-11-23 16:43:58,590 [Datanode State Machine Task Thread - 0] INFO  datanode.InitDatanodeState (InitDatanodeState.java:persistContainerDatanodeDetails(145)) - DatanodeDetails is persisted to /github/workspace/mnt/ozone/hadoop-ozone/integration-test/target/test-dir/MiniOzoneClusterImpl-1f6412f7-deda-49d6-8890-c33526f8416a/datanode-5/meta/datanode.id
2020-11-23 16:43:58,591 [Listener at 127.0.0.1/36807] INFO  volume.HddsVolume (HddsVolume.java:<init>(176)) - Creating Volume: /github/workspace/mnt/ozone/hadoop-ozone/integration-test/target/test-dir/MiniOzoneClusterImpl-1f6412f7-deda-49d6-8890-c33526f8416a/datanode-6/data-0/containers/hdds of storage type : DISK and capacity : 9223372036854775807
2020-11-23 16:43:58,592 [Listener at 127.0.0.1/36807] INFO  volume.MutableVolumeSet (MutableVolumeSet.java:initializeVolumeSet(179)) - Added Volume : /github/workspace/mnt/ozone/hadoop-ozone/integration-test/target/test-dir/MiniOzoneClusterImpl-1f6412f7-deda-49d6-8890-c33526f8416a/datanode-6/data-0/containers/hdds to VolumeSet
2020-11-23 16:43:58,592 [Listener at 127.0.0.1/36807] INFO  volume.ThrottledAsyncChecker (ThrottledAsyncChecker.java:schedule(141)) - Scheduling a check for /github/workspace/mnt/ozone/hadoop-ozone/integration-test/target/test-dir/MiniOzoneClusterImpl-1f6412f7-deda-49d6-8890-c33526f8416a/datanode-6/data-0/containers/hdds
2020-11-23 16:43:58,593 [Listener at 127.0.0.1/36807] INFO  volume.HddsVolumeChecker (HddsVolumeChecker.java:checkAllVolumes(200)) - Scheduled health check for volume /github/workspace/mnt/ozone/hadoop-ozone/integration-test/target/test-dir/MiniOzoneClusterImpl-1f6412f7-deda-49d6-8890-c33526f8416a/datanode-6/data-0/containers/hdds
2020-11-23 16:43:58,607 [Thread-556] INFO  ozoneimpl.ContainerReader (ContainerReader.java:readVolume(123)) - Start to verify containers on volume /github/workspace/mnt/ozone/hadoop-ozone/integration-test/target/test-dir/MiniOzoneClusterImpl-1f6412f7-deda-49d6-8890-c33526f8416a/datanode-6/data-0/containers/hdds
2020-11-23 16:43:58,607 [Thread-556] INFO  ozoneimpl.ContainerReader (ContainerReader.java:readVolume(148)) - Finish verifying containers on volume /github/workspace/mnt/ozone/hadoop-ozone/integration-test/target/test-dir/MiniOzoneClusterImpl-1f6412f7-deda-49d6-8890-c33526f8416a/datanode-6/data-0/containers/hdds
2020-11-23 16:43:58,607 [Listener at 127.0.0.1/36807] INFO  ozoneimpl.OzoneContainer (OzoneContainer.java:buildContainerSet(194)) - Build ContainerSet costs 0s
2020-11-23 16:43:58,609 [Listener at 127.0.0.1/36807] INFO  impl.RaftServerProxy (ConfUtils.java:logGet(44)) - raft.rpc.type = GRPC (default)
2020-11-23 16:43:58,609 [Listener at 127.0.0.1/36807] INFO  grpc.GrpcFactory (GrpcFactory.java:checkPooledByteBufAllocatorUseCacheForAllThreads(45)) - PERFORMANCE WARNING: useCacheForAllThreads is true that may cause Netty to create a lot garbage objects and, as a result, trigger GC.
	It is recommended to disable useCacheForAllThreads by setting -Dorg.apache.ratis.thirdparty.io.netty.allocator.useCacheForAllThreads=false in command line.
2020-11-23 16:43:58,609 [Listener at 127.0.0.1/36807] INFO  grpc.GrpcConfigKeys (ConfUtils.java:logGet(44)) - raft.grpc.server.port = 0 (default)
2020-11-23 16:43:58,609 [Listener at 127.0.0.1/36807] INFO  server.GrpcService (ConfUtils.java:logGet(44)) - raft.grpc.message.size.max = 32MB (=33554432) (custom)
2020-11-23 16:43:58,609 [Listener at 127.0.0.1/36807] INFO  server.RaftServerConfigKeys (ConfUtils.java:logGet(44)) - raft.server.log.appender.buffer.byte-limit = 33554432 (custom)
2020-11-23 16:43:58,609 [Listener at 127.0.0.1/36807] INFO  server.GrpcService (ConfUtils.java:logGet(44)) - raft.grpc.flow.control.window = 5MB (=5242880) (custom)
2020-11-23 16:43:58,610 [Listener at 127.0.0.1/36807] INFO  server.RaftServerConfigKeys (ConfUtils.java:logGet(44)) - raft.server.rpc.request.timeout = 60s (custom)
2020-11-23 16:43:58,611 [Listener at 127.0.0.1/36807] INFO  impl.DataStreamServerImpl (ConfUtils.java:logGet(44)) - raft.datastream.type = DISABLED (default)
2020-11-23 16:43:58,611 [Listener at 127.0.0.1/36807] INFO  server.RaftServerConfigKeys (ConfUtils.java:logGet(44)) - raft.server.storage.dir = [/github/workspace/mnt/ozone/hadoop-ozone/integration-test/target/test-dir/MiniOzoneClusterImpl-1f6412f7-deda-49d6-8890-c33526f8416a/datanode-6/data/ratis] (custom)
2020-11-23 16:43:58,616 [Listener at 127.0.0.1/36807] INFO  http.BaseHttpServer (BaseHttpServer.java:newHttpServer2BuilderForOzone(207)) - Starting Web-server for hddsDatanode at: http://0.0.0.0:0
2020-11-23 16:43:58,617 [Listener at 127.0.0.1/36807] INFO  http.BaseHttpServer (BaseHttpServer.java:<init>(106)) - Hadoop Security Enabled: false Ozone Security Enabled: false Ozone HTTP Security Enabled: false 
2020-11-23 16:43:58,618 [Listener at 127.0.0.1/36807] INFO  server.AuthenticationFilter (AuthenticationFilter.java:constructSecretProvider(240)) - Unable to initialize FileSignerSecretProvider, falling back to use random secrets.
2020-11-23 16:43:58,618 [Listener at 127.0.0.1/36807] WARN  http.HttpRequestLog (HttpRequestLog.java:getRequestLog(103)) - Jetty request log can only be enabled using Log4j
2020-11-23 16:43:58,619 [Listener at 127.0.0.1/36807] INFO  http.HttpServer2 (HttpServer2.java:addGlobalFilter(1019)) - Added global filter 'safety' (class=org.apache.hadoop.hdds.server.http.HttpServer2$QuotingInputFilter)
2020-11-23 16:43:58,619 [Listener at 127.0.0.1/36807] INFO  http.HttpServer2 (HttpServer2.java:addFilter(995)) - Added filter static_user_filter (class=org.apache.hadoop.http.lib.StaticUserWebFilter$StaticUserFilter) to context hddsDatanode
2020-11-23 16:43:58,619 [Listener at 127.0.0.1/36807] INFO  http.HttpServer2 (HttpServer2.java:addFilter(1003)) - Added filter static_user_filter (class=org.apache.hadoop.http.lib.StaticUserWebFilter$StaticUserFilter) to context static
2020-11-23 16:43:58,619 [Listener at 127.0.0.1/36807] INFO  http.HttpServer2 (HttpServer2.java:addFilter(1003)) - Added filter static_user_filter (class=org.apache.hadoop.http.lib.StaticUserWebFilter$StaticUserFilter) to context logs
2020-11-23 16:43:58,620 [Listener at 127.0.0.1/36807] INFO  http.HttpServer2 (HttpServer2.java:bindListener(1237)) - Jetty bound to port 43167
2020-11-23 16:43:58,620 [Listener at 127.0.0.1/36807] INFO  server.Server (Server.java:doStart(375)) - jetty-9.4.34.v20201102; built: 2020-11-02T14:15:39.302Z; git: e46af88704a893fc12cb0e3bf46e2c7b48a009e7; jvm 1.8.0_232-b09
2020-11-23 16:43:58,621 [Listener at 127.0.0.1/36807] INFO  server.session (DefaultSessionIdManager.java:doStart(334)) - DefaultSessionIdManager workerName=node0
2020-11-23 16:43:58,622 [Listener at 127.0.0.1/36807] INFO  server.session (DefaultSessionIdManager.java:doStart(339)) - No SessionScavenger set, using defaults
2020-11-23 16:43:58,622 [Listener at 127.0.0.1/36807] INFO  server.session (HouseKeeper.java:startScavenging(132)) - node0 Scavenging every 660000ms
2020-11-23 16:43:58,622 [Listener at 127.0.0.1/36807] INFO  handler.ContextHandler (ContextHandler.java:doStart(916)) - Started o.e.j.s.ServletContextHandler@12c06fff{logs,/logs,file:///github/workspace/mnt/ozone/hadoop-ozone/integration-test/target/log,AVAILABLE}
2020-11-23 16:43:58,623 [Listener at 127.0.0.1/36807] INFO  handler.ContextHandler (ContextHandler.java:doStart(916)) - Started o.e.j.s.ServletContextHandler@572f4b81{static,/static,jar:file:/home/user/.m2/repository/org/apache/hadoop/hadoop-hdds-container-service/1.1.0-SNAPSHOT/hadoop-hdds-container-service-1.1.0-SNAPSHOT.jar!/webapps/static,AVAILABLE}
2020-11-23 16:43:58,759 [Listener at 127.0.0.1/36807] INFO  handler.ContextHandler (ContextHandler.java:doStart(916)) - Started o.e.j.w.WebAppContext@5dd4e963{hddsDatanode,/,file:///tmp/jetty-0_0_0_0-43167-hadoop-hdds-container-service-1_1_0-SNAPSHOT_jar-_-any-901066814498009173/webapp/,AVAILABLE}{jar:file:/home/user/.m2/repository/org/apache/hadoop/hadoop-hdds-container-service/1.1.0-SNAPSHOT/hadoop-hdds-container-service-1.1.0-SNAPSHOT.jar!/webapps/hddsDatanode}
2020-11-23 16:43:58,761 [Listener at 127.0.0.1/36807] INFO  server.AbstractConnector (AbstractConnector.java:doStart(331)) - Started ServerConnector@5bd8081{HTTP/1.1, (http/1.1)}{0.0.0.0:43167}
2020-11-23 16:43:58,761 [Listener at 127.0.0.1/36807] INFO  server.Server (Server.java:doStart(415)) - Started @48869ms
2020-11-23 16:43:58,761 [Listener at 127.0.0.1/36807] WARN  impl.MetricsSystemImpl (MetricsSystemImpl.java:register(276)) - Sink prometheus already exists!
2020-11-23 16:43:58,767 [Listener at 127.0.0.1/36807] INFO  http.BaseHttpServer (BaseHttpServer.java:updateConnectorAddress(327)) - HTTP server of hddsDatanode listening at http://0.0.0.0:43167
2020-11-23 16:43:58,767 [Listener at 127.0.0.1/36807] INFO  ozone.MiniOzoneClusterImpl (MiniOzoneClusterImpl.java:lambda$waitForClusterToBeReady$0(178)) - Waiting for nodes to be ready. Got 0 of 7 DN Heartbeats.
2020-11-23 16:43:58,767 [Listener at 127.0.0.1/36807] INFO  ozone.MiniOzoneClusterImpl (MiniOzoneClusterImpl.java:lambda$waitForClusterToBeReady$0(181)) - Waiting for cluster to exit safe mode
2020-11-23 16:43:58,775 [org.apache.hadoop.util.JvmPauseMonitor$Monitor@435d36fe] INFO  util.JvmPauseMonitor (JvmPauseMonitor.java:run(188)) - Starting JVM pause monitor
2020-11-23 16:43:58,777 [Datanode State Machine Task Thread - 0] INFO  datanode.InitDatanodeState (InitDatanodeState.java:persistContainerDatanodeDetails(145)) - DatanodeDetails is persisted to /github/workspace/mnt/ozone/hadoop-ozone/integration-test/target/test-dir/MiniOzoneClusterImpl-1f6412f7-deda-49d6-8890-c33526f8416a/datanode-6/meta/datanode.id
2020-11-23 16:43:59,451 [EndpointStateMachine task thread for /0.0.0.0:39197 - 0 ] INFO  ozoneimpl.OzoneContainer (OzoneContainer.java:start(243)) - Attempting to start container services.
2020-11-23 16:43:59,453 [EndpointStateMachine task thread for /0.0.0.0:39197 - 0 ] INFO  ozoneimpl.OzoneContainer (OzoneContainer.java:startContainerScrub(207)) - Background container scanner has been disabled.
2020-11-23 16:43:59,454 [EndpointStateMachine task thread for /0.0.0.0:39197 - 0 ] INFO  ratis.XceiverServerRatis (XceiverServerRatis.java:start(456)) - Starting XceiverServerRatis 7af6e544-b19e-4e2d-9251-ecb63652227a at port 0
2020-11-23 16:43:59,454 [EndpointStateMachine task thread for /0.0.0.0:39197 - 0 ] INFO  impl.RaftServerProxy (RaftServerProxy.java:lambda$start$3(321)) - 7af6e544-b19e-4e2d-9251-ecb63652227a: start RPC server
2020-11-23 16:43:59,457 [EndpointStateMachine task thread for /0.0.0.0:39197 - 0 ] INFO  server.GrpcService (GrpcService.java:startImpl(177)) - 7af6e544-b19e-4e2d-9251-ecb63652227a: GrpcService started, listening on 0.0.0.0/0.0.0.0:43059
2020-11-23 16:43:59,462 [EndpointStateMachine task thread for /0.0.0.0:39197 - 0 ] INFO  ratis.XceiverServerRatis (XceiverServerRatis.java:start(468)) - XceiverServerRatis 7af6e544-b19e-4e2d-9251-ecb63652227a is started using port 43059
2020-11-23 16:43:59,463 [EndpointStateMachine task thread for /0.0.0.0:39197 - 0 ] INFO  server.XceiverServerGrpc (XceiverServerGrpc.java:start(145)) - XceiverServerGrpc 7af6e544-b19e-4e2d-9251-ecb63652227a is started using port 37097
2020-11-23 16:43:59,464 [org.apache.ratis.server.JvmPauseMonitor@7c4c4dfb-Monitor] INFO  server.RaftServerConfigKeys (ConfUtils.java:logGet(44)) - raft.server.leaderelection.leader.step-down.wait-time = 10s (default)
2020-11-23 16:43:59,464 [org.apache.ratis.server.JvmPauseMonitor@7c4c4dfb-Monitor] INFO  server.RaftServerConfigKeys (ConfUtils.java:logGet(44)) - raft.server.rpc.slowness.timeout = 300s (custom)
2020-11-23 16:43:59,464 [org.apache.ratis.server.JvmPauseMonitor@7c4c4dfb-Monitor] INFO  server.JvmPauseMonitor (JvmPauseMonitor.java:run(129)) - Starting Ratis JVM pause monitor
2020-11-23 16:43:59,654 [EndpointStateMachine task thread for /0.0.0.0:39197 - 0 ] INFO  ozoneimpl.OzoneContainer (OzoneContainer.java:start(243)) - Attempting to start container services.
2020-11-23 16:43:59,654 [EndpointStateMachine task thread for /0.0.0.0:39197 - 0 ] INFO  ozoneimpl.OzoneContainer (OzoneContainer.java:startContainerScrub(207)) - Background container scanner has been disabled.
2020-11-23 16:43:59,654 [EndpointStateMachine task thread for /0.0.0.0:39197 - 0 ] INFO  ratis.XceiverServerRatis (XceiverServerRatis.java:start(456)) - Starting XceiverServerRatis 3a30c70a-afb4-4972-9ec7-d80bc6a022c1 at port 0
2020-11-23 16:43:59,656 [EndpointStateMachine task thread for /0.0.0.0:39197 - 0 ] INFO  impl.RaftServerProxy (RaftServerProxy.java:lambda$start$3(321)) - 3a30c70a-afb4-4972-9ec7-d80bc6a022c1: start RPC server
2020-11-23 16:43:59,656 [EndpointStateMachine task thread for /0.0.0.0:39197 - 0 ] INFO  server.GrpcService (GrpcService.java:startImpl(177)) - 3a30c70a-afb4-4972-9ec7-d80bc6a022c1: GrpcService started, listening on 0.0.0.0/0.0.0.0:44169
2020-11-23 16:43:59,657 [EndpointStateMachine task thread for /0.0.0.0:39197 - 0 ] INFO  ratis.XceiverServerRatis (XceiverServerRatis.java:start(468)) - XceiverServerRatis 3a30c70a-afb4-4972-9ec7-d80bc6a022c1 is started using port 44169
2020-11-23 16:43:59,657 [EndpointStateMachine task thread for /0.0.0.0:39197 - 0 ] INFO  server.XceiverServerGrpc (XceiverServerGrpc.java:start(145)) - XceiverServerGrpc 3a30c70a-afb4-4972-9ec7-d80bc6a022c1 is started using port 43645
2020-11-23 16:43:59,658 [org.apache.ratis.server.JvmPauseMonitor@3acc85c5-Monitor] INFO  server.RaftServerConfigKeys (ConfUtils.java:logGet(44)) - raft.server.leaderelection.leader.step-down.wait-time = 10s (default)
2020-11-23 16:43:59,658 [org.apache.ratis.server.JvmPauseMonitor@3acc85c5-Monitor] INFO  server.RaftServerConfigKeys (ConfUtils.java:logGet(44)) - raft.server.rpc.slowness.timeout = 300s (custom)
2020-11-23 16:43:59,658 [org.apache.ratis.server.JvmPauseMonitor@3acc85c5-Monitor] INFO  server.JvmPauseMonitor (JvmPauseMonitor.java:run(129)) - Starting Ratis JVM pause monitor
2020-11-23 16:43:59,768 [Listener at 127.0.0.1/36807] INFO  ozone.MiniOzoneClusterImpl (MiniOzoneClusterImpl.java:lambda$waitForClusterToBeReady$0(178)) - Waiting for nodes to be ready. Got 0 of 7 DN Heartbeats.
2020-11-23 16:43:59,768 [Listener at 127.0.0.1/36807] INFO  ozone.MiniOzoneClusterImpl (MiniOzoneClusterImpl.java:lambda$waitForClusterToBeReady$0(181)) - Waiting for cluster to exit safe mode
2020-11-23 16:43:59,866 [EndpointStateMachine task thread for /0.0.0.0:39197 - 0 ] INFO  ozoneimpl.OzoneContainer (OzoneContainer.java:start(243)) - Attempting to start container services.
2020-11-23 16:43:59,866 [EndpointStateMachine task thread for /0.0.0.0:39197 - 0 ] INFO  ozoneimpl.OzoneContainer (OzoneContainer.java:startContainerScrub(207)) - Background container scanner has been disabled.
2020-11-23 16:43:59,866 [EndpointStateMachine task thread for /0.0.0.0:39197 - 0 ] INFO  ratis.XceiverServerRatis (XceiverServerRatis.java:start(456)) - Starting XceiverServerRatis 915951e0-2de3-47e7-b2a6-49572f683f02 at port 0
2020-11-23 16:43:59,867 [EndpointStateMachine task thread for /0.0.0.0:39197 - 0 ] INFO  impl.RaftServerProxy (RaftServerProxy.java:lambda$start$3(321)) - 915951e0-2de3-47e7-b2a6-49572f683f02: start RPC server
2020-11-23 16:43:59,868 [EndpointStateMachine task thread for /0.0.0.0:39197 - 0 ] INFO  server.GrpcService (GrpcService.java:startImpl(177)) - 915951e0-2de3-47e7-b2a6-49572f683f02: GrpcService started, listening on 0.0.0.0/0.0.0.0:37099
2020-11-23 16:43:59,868 [EndpointStateMachine task thread for /0.0.0.0:39197 - 0 ] INFO  ratis.XceiverServerRatis (XceiverServerRatis.java:start(468)) - XceiverServerRatis 915951e0-2de3-47e7-b2a6-49572f683f02 is started using port 37099
2020-11-23 16:43:59,868 [org.apache.ratis.server.JvmPauseMonitor@744c46eb-Monitor] INFO  server.RaftServerConfigKeys (ConfUtils.java:logGet(44)) - raft.server.leaderelection.leader.step-down.wait-time = 10s (default)
2020-11-23 16:43:59,868 [org.apache.ratis.server.JvmPauseMonitor@744c46eb-Monitor] INFO  server.RaftServerConfigKeys (ConfUtils.java:logGet(44)) - raft.server.rpc.slowness.timeout = 300s (custom)
2020-11-23 16:43:59,868 [org.apache.ratis.server.JvmPauseMonitor@744c46eb-Monitor] INFO  server.JvmPauseMonitor (JvmPauseMonitor.java:run(129)) - Starting Ratis JVM pause monitor
2020-11-23 16:43:59,869 [EndpointStateMachine task thread for /0.0.0.0:39197 - 0 ] INFO  server.XceiverServerGrpc (XceiverServerGrpc.java:start(145)) - XceiverServerGrpc 915951e0-2de3-47e7-b2a6-49572f683f02 is started using port 36427
2020-11-23 16:44:00,081 [EndpointStateMachine task thread for /0.0.0.0:39197 - 0 ] INFO  ozoneimpl.OzoneContainer (OzoneContainer.java:start(243)) - Attempting to start container services.
2020-11-23 16:44:00,081 [EndpointStateMachine task thread for /0.0.0.0:39197 - 0 ] INFO  ozoneimpl.OzoneContainer (OzoneContainer.java:startContainerScrub(207)) - Background container scanner has been disabled.
2020-11-23 16:44:00,081 [EndpointStateMachine task thread for /0.0.0.0:39197 - 0 ] INFO  ratis.XceiverServerRatis (XceiverServerRatis.java:start(456)) - Starting XceiverServerRatis a4898ab3-e2ea-4a1b-b74b-5f89fbd14327 at port 0
2020-11-23 16:44:00,083 [EndpointStateMachine task thread for /0.0.0.0:39197 - 0 ] INFO  impl.RaftServerProxy (RaftServerProxy.java:lambda$start$3(321)) - a4898ab3-e2ea-4a1b-b74b-5f89fbd14327: start RPC server
2020-11-23 16:44:00,085 [EndpointStateMachine task thread for /0.0.0.0:39197 - 0 ] INFO  server.GrpcService (GrpcService.java:startImpl(177)) - a4898ab3-e2ea-4a1b-b74b-5f89fbd14327: GrpcService started, listening on 0.0.0.0/0.0.0.0:44959
2020-11-23 16:44:00,086 [EndpointStateMachine task thread for /0.0.0.0:39197 - 0 ] INFO  ratis.XceiverServerRatis (XceiverServerRatis.java:start(468)) - XceiverServerRatis a4898ab3-e2ea-4a1b-b74b-5f89fbd14327 is started using port 44959
2020-11-23 16:44:00,086 [org.apache.ratis.server.JvmPauseMonitor@78fec424-Monitor] INFO  server.RaftServerConfigKeys (ConfUtils.java:logGet(44)) - raft.server.leaderelection.leader.step-down.wait-time = 10s (default)
2020-11-23 16:44:00,086 [EndpointStateMachine task thread for /0.0.0.0:39197 - 0 ] INFO  server.XceiverServerGrpc (XceiverServerGrpc.java:start(145)) - XceiverServerGrpc a4898ab3-e2ea-4a1b-b74b-5f89fbd14327 is started using port 41461
2020-11-23 16:44:00,086 [org.apache.ratis.server.JvmPauseMonitor@78fec424-Monitor] INFO  server.RaftServerConfigKeys (ConfUtils.java:logGet(44)) - raft.server.rpc.slowness.timeout = 300s (custom)
2020-11-23 16:44:00,086 [org.apache.ratis.server.JvmPauseMonitor@78fec424-Monitor] INFO  server.JvmPauseMonitor (JvmPauseMonitor.java:run(129)) - Starting Ratis JVM pause monitor
2020-11-23 16:44:00,401 [EndpointStateMachine task thread for /0.0.0.0:39197 - 0 ] INFO  ozoneimpl.OzoneContainer (OzoneContainer.java:start(243)) - Attempting to start container services.
2020-11-23 16:44:00,402 [EndpointStateMachine task thread for /0.0.0.0:39197 - 0 ] INFO  ozoneimpl.OzoneContainer (OzoneContainer.java:startContainerScrub(207)) - Background container scanner has been disabled.
2020-11-23 16:44:00,402 [EndpointStateMachine task thread for /0.0.0.0:39197 - 0 ] INFO  ratis.XceiverServerRatis (XceiverServerRatis.java:start(456)) - Starting XceiverServerRatis 7965236a-9e62-42d8-a24d-3e89ca899055 at port 0
2020-11-23 16:44:00,404 [EndpointStateMachine task thread for /0.0.0.0:39197 - 0 ] INFO  impl.RaftServerProxy (RaftServerProxy.java:lambda$start$3(321)) - 7965236a-9e62-42d8-a24d-3e89ca899055: start RPC server
2020-11-23 16:44:00,405 [EndpointStateMachine task thread for /0.0.0.0:39197 - 0 ] INFO  server.GrpcService (GrpcService.java:startImpl(177)) - 7965236a-9e62-42d8-a24d-3e89ca899055: GrpcService started, listening on 0.0.0.0/0.0.0.0:38005
2020-11-23 16:44:00,407 [EndpointStateMachine task thread for /0.0.0.0:39197 - 0 ] INFO  ratis.XceiverServerRatis (XceiverServerRatis.java:start(468)) - XceiverServerRatis 7965236a-9e62-42d8-a24d-3e89ca899055 is started using port 38005
2020-11-23 16:44:00,408 [org.apache.ratis.server.JvmPauseMonitor@1c42ac6b-Monitor] INFO  server.RaftServerConfigKeys (ConfUtils.java:logGet(44)) - raft.server.leaderelection.leader.step-down.wait-time = 10s (default)
2020-11-23 16:44:00,408 [EndpointStateMachine task thread for /0.0.0.0:39197 - 0 ] INFO  server.XceiverServerGrpc (XceiverServerGrpc.java:start(145)) - XceiverServerGrpc 7965236a-9e62-42d8-a24d-3e89ca899055 is started using port 38445
2020-11-23 16:44:00,408 [org.apache.ratis.server.JvmPauseMonitor@1c42ac6b-Monitor] INFO  server.RaftServerConfigKeys (ConfUtils.java:logGet(44)) - raft.server.rpc.slowness.timeout = 300s (custom)
2020-11-23 16:44:00,408 [org.apache.ratis.server.JvmPauseMonitor@1c42ac6b-Monitor] INFO  server.JvmPauseMonitor (JvmPauseMonitor.java:run(129)) - Starting Ratis JVM pause monitor
2020-11-23 16:44:00,591 [EndpointStateMachine task thread for /0.0.0.0:39197 - 0 ] INFO  ozoneimpl.OzoneContainer (OzoneContainer.java:start(243)) - Attempting to start container services.
2020-11-23 16:44:00,592 [EndpointStateMachine task thread for /0.0.0.0:39197 - 0 ] INFO  ozoneimpl.OzoneContainer (OzoneContainer.java:startContainerScrub(207)) - Background container scanner has been disabled.
2020-11-23 16:44:00,592 [EndpointStateMachine task thread for /0.0.0.0:39197 - 0 ] INFO  ratis.XceiverServerRatis (XceiverServerRatis.java:start(456)) - Starting XceiverServerRatis 03da0c7f-0ea2-4e27-8f49-e45eb46ed814 at port 0
2020-11-23 16:44:00,592 [EndpointStateMachine task thread for /0.0.0.0:39197 - 0 ] INFO  impl.RaftServerProxy (RaftServerProxy.java:lambda$start$3(321)) - 03da0c7f-0ea2-4e27-8f49-e45eb46ed814: start RPC server
2020-11-23 16:44:00,593 [EndpointStateMachine task thread for /0.0.0.0:39197 - 0 ] INFO  server.GrpcService (GrpcService.java:startImpl(177)) - 03da0c7f-0ea2-4e27-8f49-e45eb46ed814: GrpcService started, listening on 0.0.0.0/0.0.0.0:45865
2020-11-23 16:44:00,593 [EndpointStateMachine task thread for /0.0.0.0:39197 - 0 ] INFO  ratis.XceiverServerRatis (XceiverServerRatis.java:start(468)) - XceiverServerRatis 03da0c7f-0ea2-4e27-8f49-e45eb46ed814 is started using port 45865
2020-11-23 16:44:00,594 [EndpointStateMachine task thread for /0.0.0.0:39197 - 0 ] INFO  server.XceiverServerGrpc (XceiverServerGrpc.java:start(145)) - XceiverServerGrpc 03da0c7f-0ea2-4e27-8f49-e45eb46ed814 is started using port 33015
2020-11-23 16:44:00,594 [org.apache.ratis.server.JvmPauseMonitor@53e550ac-Monitor] INFO  server.RaftServerConfigKeys (ConfUtils.java:logGet(44)) - raft.server.leaderelection.leader.step-down.wait-time = 10s (default)
2020-11-23 16:44:00,595 [org.apache.ratis.server.JvmPauseMonitor@53e550ac-Monitor] INFO  server.RaftServerConfigKeys (ConfUtils.java:logGet(44)) - raft.server.rpc.slowness.timeout = 300s (custom)
2020-11-23 16:44:00,595 [org.apache.ratis.server.JvmPauseMonitor@53e550ac-Monitor] INFO  server.JvmPauseMonitor (JvmPauseMonitor.java:run(129)) - Starting Ratis JVM pause monitor
2020-11-23 16:44:00,768 [Listener at 127.0.0.1/36807] INFO  ozone.MiniOzoneClusterImpl (MiniOzoneClusterImpl.java:lambda$waitForClusterToBeReady$0(178)) - Waiting for nodes to be ready. Got 0 of 7 DN Heartbeats.
2020-11-23 16:44:00,768 [Listener at 127.0.0.1/36807] INFO  ozone.MiniOzoneClusterImpl (MiniOzoneClusterImpl.java:lambda$waitForClusterToBeReady$0(181)) - Waiting for cluster to exit safe mode
2020-11-23 16:44:00,779 [EndpointStateMachine task thread for /0.0.0.0:39197 - 0 ] INFO  ozoneimpl.OzoneContainer (OzoneContainer.java:start(243)) - Attempting to start container services.
2020-11-23 16:44:00,779 [EndpointStateMachine task thread for /0.0.0.0:39197 - 0 ] INFO  ozoneimpl.OzoneContainer (OzoneContainer.java:startContainerScrub(207)) - Background container scanner has been disabled.
2020-11-23 16:44:00,779 [EndpointStateMachine task thread for /0.0.0.0:39197 - 0 ] INFO  ratis.XceiverServerRatis (XceiverServerRatis.java:start(456)) - Starting XceiverServerRatis 2001b4ac-07b6-4cea-a1f1-ff1d200545db at port 0
2020-11-23 16:44:00,780 [EndpointStateMachine task thread for /0.0.0.0:39197 - 0 ] INFO  impl.RaftServerProxy (RaftServerProxy.java:lambda$start$3(321)) - 2001b4ac-07b6-4cea-a1f1-ff1d200545db: start RPC server
2020-11-23 16:44:00,781 [EndpointStateMachine task thread for /0.0.0.0:39197 - 0 ] INFO  server.GrpcService (GrpcService.java:startImpl(177)) - 2001b4ac-07b6-4cea-a1f1-ff1d200545db: GrpcService started, listening on 0.0.0.0/0.0.0.0:42501
2020-11-23 16:44:00,781 [EndpointStateMachine task thread for /0.0.0.0:39197 - 0 ] INFO  ratis.XceiverServerRatis (XceiverServerRatis.java:start(468)) - XceiverServerRatis 2001b4ac-07b6-4cea-a1f1-ff1d200545db is started using port 42501
2020-11-23 16:44:00,783 [EndpointStateMachine task thread for /0.0.0.0:39197 - 0 ] INFO  server.XceiverServerGrpc (XceiverServerGrpc.java:start(145)) - XceiverServerGrpc 2001b4ac-07b6-4cea-a1f1-ff1d200545db is started using port 45771
2020-11-23 16:44:00,783 [org.apache.ratis.server.JvmPauseMonitor@3f3aff3-Monitor] INFO  server.RaftServerConfigKeys (ConfUtils.java:logGet(44)) - raft.server.leaderelection.leader.step-down.wait-time = 10s (default)
2020-11-23 16:44:00,789 [org.apache.ratis.server.JvmPauseMonitor@3f3aff3-Monitor] INFO  server.RaftServerConfigKeys (ConfUtils.java:logGet(44)) - raft.server.rpc.slowness.timeout = 300s (custom)
2020-11-23 16:44:00,790 [org.apache.ratis.server.JvmPauseMonitor@3f3aff3-Monitor] INFO  server.JvmPauseMonitor (JvmPauseMonitor.java:run(129)) - Starting Ratis JVM pause monitor
2020-11-23 16:44:01,447 [IPC Server handler 2 on default port 39197] INFO  net.NetworkTopologyImpl (NetworkTopologyImpl.java:add(111)) - Added a new node: /default-rack/7af6e544-b19e-4e2d-9251-ecb63652227a
2020-11-23 16:44:01,449 [IPC Server handler 2 on default port 39197] INFO  node.SCMNodeManager (SCMNodeManager.java:register(282)) - Registered Data node : 7af6e544-b19e-4e2d-9251-ecb63652227a{ip: 172.17.0.2, host: dcde956c9b9e, networkLocation: /default-rack, certSerialId: null}
2020-11-23 16:44:01,450 [RatisPipelineUtilsThread] INFO  pipeline.RatisPipelineProvider (RatisPipelineProvider.java:lambda$create$0(161)) - Sending CreatePipelineCommand for pipeline:PipelineID=27524c09-4d53-4e20-b7ca-7477839fae5a to datanode:7af6e544-b19e-4e2d-9251-ecb63652227a
2020-11-23 16:44:01,451 [RatisPipelineUtilsThread] INFO  pipeline.PipelineStateManager (PipelineStateManager.java:addPipeline(54)) - Created pipeline Pipeline[ Id: 27524c09-4d53-4e20-b7ca-7477839fae5a, Nodes: 7af6e544-b19e-4e2d-9251-ecb63652227a{ip: 172.17.0.2, host: dcde956c9b9e, networkLocation: /default-rack, certSerialId: null}, Type:RATIS, Factor:ONE, State:ALLOCATED, leaderId:, CreationTimestamp2020-11-23T16:44:01.450Z]
2020-11-23 16:44:01,451 [EventQueue-NodeRegistrationContainerReportForContainerSafeModeRule] INFO  safemode.SCMSafeModeManager (SCMSafeModeManager.java:validateSafeModeExitRules(214)) - ContainerSafeModeRule rule is successfully validated
2020-11-23 16:44:01,452 [EventQueue-NodeRegistrationContainerReportForDataNodeSafeModeRule] INFO  safemode.SCMSafeModeManager (DataNodeSafeModeRule.java:process(71)) - SCM in safe mode. 1 DataNodes registered, 1 required.
2020-11-23 16:44:01,458 [EventQueue-NodeRegistrationContainerReportForDataNodeSafeModeRule] INFO  safemode.SCMSafeModeManager (SCMSafeModeManager.java:validateSafeModeExitRules(214)) - DataNodeSafeModeRule rule is successfully validated
2020-11-23 16:44:01,458 [EventQueue-NodeRegistrationContainerReportForDataNodeSafeModeRule] INFO  safemode.SCMSafeModeManager (SCMSafeModeManager.java:completePreCheck(242)) - All SCM safe mode pre check rules have passed
2020-11-23 16:44:01,459 [RatisPipelineUtilsThread] WARN  pipeline.PipelinePlacementPolicy (PipelinePlacementPolicy.java:filterViableNodes(138)) - Pipeline creation failed due to no sufficient healthy datanodes. Required 3. Found 1.
2020-11-23 16:44:01,459 [EventQueue-PipelineReportForOneReplicaPipelineSafeModeRule] INFO  safemode.SCMSafeModeManager (SCMSafeModeManager.java:validateSafeModeExitRules(214)) - AtleastOneDatanodeReportedRule rule is successfully validated
2020-11-23 16:44:01,647 [IPC Server handler 3 on default port 39197] INFO  net.NetworkTopologyImpl (NetworkTopologyImpl.java:add(111)) - Added a new node: /default-rack/3a30c70a-afb4-4972-9ec7-d80bc6a022c1
2020-11-23 16:44:01,647 [IPC Server handler 3 on default port 39197] INFO  node.SCMNodeManager (SCMNodeManager.java:register(282)) - Registered Data node : 3a30c70a-afb4-4972-9ec7-d80bc6a022c1{ip: 172.17.0.2, host: dcde956c9b9e, networkLocation: /default-rack, certSerialId: null}
2020-11-23 16:44:01,647 [EventQueue-NodeRegistrationContainerReportForContainerSafeModeRule] INFO  safemode.SCMSafeModeManager (SCMSafeModeManager.java:validateSafeModeExitRules(214)) - ContainerSafeModeRule rule is successfully validated
2020-11-23 16:44:01,647 [EventQueue-NodeRegistrationContainerReportForDataNodeSafeModeRule] INFO  safemode.SCMSafeModeManager (SCMSafeModeManager.java:validateSafeModeExitRules(214)) - DataNodeSafeModeRule rule is successfully validated
2020-11-23 16:44:01,647 [EventQueue-PipelineReportForOneReplicaPipelineSafeModeRule] INFO  safemode.SCMSafeModeManager (SCMSafeModeManager.java:validateSafeModeExitRules(214)) - AtleastOneDatanodeReportedRule rule is successfully validated
2020-11-23 16:44:01,648 [RatisPipelineUtilsThread] INFO  pipeline.RatisPipelineProvider (RatisPipelineProvider.java:lambda$create$0(161)) - Sending CreatePipelineCommand for pipeline:PipelineID=ad56f08d-aa1f-4db6-ada8-77a16d44a77e to datanode:3a30c70a-afb4-4972-9ec7-d80bc6a022c1
2020-11-23 16:44:01,648 [RatisPipelineUtilsThread] INFO  pipeline.PipelineStateManager (PipelineStateManager.java:addPipeline(54)) - Created pipeline Pipeline[ Id: ad56f08d-aa1f-4db6-ada8-77a16d44a77e, Nodes: 3a30c70a-afb4-4972-9ec7-d80bc6a022c1{ip: 172.17.0.2, host: dcde956c9b9e, networkLocation: /default-rack, certSerialId: null}, Type:RATIS, Factor:ONE, State:ALLOCATED, leaderId:, CreationTimestamp2020-11-23T16:44:01.648Z]
2020-11-23 16:44:01,648 [RatisPipelineUtilsThread] WARN  pipeline.PipelinePlacementPolicy (PipelinePlacementPolicy.java:filterViableNodes(138)) - Pipeline creation failed due to no sufficient healthy datanodes. Required 3. Found 2.
2020-11-23 16:44:01,769 [Listener at 127.0.0.1/36807] INFO  ozone.MiniOzoneClusterImpl (MiniOzoneClusterImpl.java:lambda$waitForClusterToBeReady$0(178)) - Waiting for nodes to be ready. Got 2 of 7 DN Heartbeats.
2020-11-23 16:44:01,769 [Listener at 127.0.0.1/36807] INFO  ozone.MiniOzoneClusterImpl (MiniOzoneClusterImpl.java:lambda$waitForClusterToBeReady$0(181)) - Waiting for cluster to exit safe mode
2020-11-23 16:44:01,864 [IPC Server handler 4 on default port 39197] INFO  net.NetworkTopologyImpl (NetworkTopologyImpl.java:add(111)) - Added a new node: /default-rack/915951e0-2de3-47e7-b2a6-49572f683f02
2020-11-23 16:44:01,864 [IPC Server handler 4 on default port 39197] INFO  node.SCMNodeManager (SCMNodeManager.java:register(282)) - Registered Data node : 915951e0-2de3-47e7-b2a6-49572f683f02{ip: 172.17.0.2, host: dcde956c9b9e, networkLocation: /default-rack, certSerialId: null}
2020-11-23 16:44:01,864 [EventQueue-NodeRegistrationContainerReportForDataNodeSafeModeRule] INFO  safemode.SCMSafeModeManager (SCMSafeModeManager.java:validateSafeModeExitRules(214)) - DataNodeSafeModeRule rule is successfully validated
2020-11-23 16:44:01,865 [EventQueue-NodeRegistrationContainerReportForContainerSafeModeRule] INFO  safemode.SCMSafeModeManager (SCMSafeModeManager.java:validateSafeModeExitRules(214)) - ContainerSafeModeRule rule is successfully validated
2020-11-23 16:44:01,865 [RatisPipelineUtilsThread] INFO  pipeline.RatisPipelineProvider (RatisPipelineProvider.java:lambda$create$0(161)) - Sending CreatePipelineCommand for pipeline:PipelineID=acad2458-f116-47a2-8a82-536cff86f5de to datanode:915951e0-2de3-47e7-b2a6-49572f683f02
2020-11-23 16:44:01,865 [EventQueue-PipelineReportForOneReplicaPipelineSafeModeRule] INFO  safemode.SCMSafeModeManager (SCMSafeModeManager.java:validateSafeModeExitRules(214)) - AtleastOneDatanodeReportedRule rule is successfully validated
2020-11-23 16:44:01,865 [RatisPipelineUtilsThread] INFO  pipeline.PipelineStateManager (PipelineStateManager.java:addPipeline(54)) - Created pipeline Pipeline[ Id: acad2458-f116-47a2-8a82-536cff86f5de, Nodes: 915951e0-2de3-47e7-b2a6-49572f683f02{ip: 172.17.0.2, host: dcde956c9b9e, networkLocation: /default-rack, certSerialId: null}, Type:RATIS, Factor:ONE, State:ALLOCATED, leaderId:, CreationTimestamp2020-11-23T16:44:01.865Z]
2020-11-23 16:44:01,866 [RatisPipelineUtilsThread] INFO  pipeline.RatisPipelineProvider (RatisPipelineProvider.java:lambda$create$0(161)) - Sending CreatePipelineCommand for pipeline:PipelineID=18d1ce86-700c-46a9-a4b0-c4c2defd60a4 to datanode:3a30c70a-afb4-4972-9ec7-d80bc6a022c1
2020-11-23 16:44:01,866 [RatisPipelineUtilsThread] INFO  pipeline.RatisPipelineProvider (RatisPipelineProvider.java:lambda$create$0(161)) - Sending CreatePipelineCommand for pipeline:PipelineID=18d1ce86-700c-46a9-a4b0-c4c2defd60a4 to datanode:915951e0-2de3-47e7-b2a6-49572f683f02
2020-11-23 16:44:01,866 [RatisPipelineUtilsThread] INFO  pipeline.RatisPipelineProvider (RatisPipelineProvider.java:lambda$create$0(161)) - Sending CreatePipelineCommand for pipeline:PipelineID=18d1ce86-700c-46a9-a4b0-c4c2defd60a4 to datanode:7af6e544-b19e-4e2d-9251-ecb63652227a
2020-11-23 16:44:01,866 [RatisPipelineUtilsThread] INFO  pipeline.PipelineStateManager (PipelineStateManager.java:addPipeline(54)) - Created pipeline Pipeline[ Id: 18d1ce86-700c-46a9-a4b0-c4c2defd60a4, Nodes: 3a30c70a-afb4-4972-9ec7-d80bc6a022c1{ip: 172.17.0.2, host: dcde956c9b9e, networkLocation: /default-rack, certSerialId: null}915951e0-2de3-47e7-b2a6-49572f683f02{ip: 172.17.0.2, host: dcde956c9b9e, networkLocation: /default-rack, certSerialId: null}7af6e544-b19e-4e2d-9251-ecb63652227a{ip: 172.17.0.2, host: dcde956c9b9e, networkLocation: /default-rack, certSerialId: null}, Type:RATIS, Factor:THREE, State:ALLOCATED, leaderId:, CreationTimestamp2020-11-23T16:44:01.866Z]
2020-11-23 16:44:02,079 [IPC Server handler 0 on default port 39197] INFO  net.NetworkTopologyImpl (NetworkTopologyImpl.java:add(111)) - Added a new node: /default-rack/a4898ab3-e2ea-4a1b-b74b-5f89fbd14327
2020-11-23 16:44:02,079 [IPC Server handler 0 on default port 39197] INFO  node.SCMNodeManager (SCMNodeManager.java:register(282)) - Registered Data node : a4898ab3-e2ea-4a1b-b74b-5f89fbd14327{ip: 172.17.0.2, host: dcde956c9b9e, networkLocation: /default-rack, certSerialId: null}
2020-11-23 16:44:02,080 [EventQueue-NodeRegistrationContainerReportForContainerSafeModeRule] INFO  safemode.SCMSafeModeManager (SCMSafeModeManager.java:validateSafeModeExitRules(214)) - ContainerSafeModeRule rule is successfully validated
2020-11-23 16:44:02,081 [EventQueue-PipelineReportForOneReplicaPipelineSafeModeRule] INFO  safemode.SCMSafeModeManager (SCMSafeModeManager.java:validateSafeModeExitRules(214)) - AtleastOneDatanodeReportedRule rule is successfully validated
2020-11-23 16:44:02,081 [EventQueue-NodeRegistrationContainerReportForDataNodeSafeModeRule] INFO  safemode.SCMSafeModeManager (SCMSafeModeManager.java:validateSafeModeExitRules(214)) - DataNodeSafeModeRule rule is successfully validated
2020-11-23 16:44:02,081 [RatisPipelineUtilsThread] INFO  pipeline.RatisPipelineProvider (RatisPipelineProvider.java:lambda$create$0(161)) - Sending CreatePipelineCommand for pipeline:PipelineID=64efee04-8885-45ed-a65e-488b68f8aacf to datanode:a4898ab3-e2ea-4a1b-b74b-5f89fbd14327
2020-11-23 16:44:02,082 [RatisPipelineUtilsThread] INFO  pipeline.PipelineStateManager (PipelineStateManager.java:addPipeline(54)) - Created pipeline Pipeline[ Id: 64efee04-8885-45ed-a65e-488b68f8aacf, Nodes: a4898ab3-e2ea-4a1b-b74b-5f89fbd14327{ip: 172.17.0.2, host: dcde956c9b9e, networkLocation: /default-rack, certSerialId: null}, Type:RATIS, Factor:ONE, State:ALLOCATED, leaderId:, CreationTimestamp2020-11-23T16:44:02.081Z]
2020-11-23 16:44:02,398 [IPC Server handler 1 on default port 39197] INFO  net.NetworkTopologyImpl (NetworkTopologyImpl.java:add(111)) - Added a new node: /default-rack/7965236a-9e62-42d8-a24d-3e89ca899055
2020-11-23 16:44:02,399 [IPC Server handler 1 on default port 39197] INFO  node.SCMNodeManager (SCMNodeManager.java:register(282)) - Registered Data node : 7965236a-9e62-42d8-a24d-3e89ca899055{ip: 172.17.0.2, host: dcde956c9b9e, networkLocation: /default-rack, certSerialId: null}
2020-11-23 16:44:02,399 [EventQueue-PipelineReportForOneReplicaPipelineSafeModeRule] INFO  safemode.SCMSafeModeManager (SCMSafeModeManager.java:validateSafeModeExitRules(214)) - AtleastOneDatanodeReportedRule rule is successfully validated
2020-11-23 16:44:02,399 [EventQueue-NodeRegistrationContainerReportForContainerSafeModeRule] INFO  safemode.SCMSafeModeManager (SCMSafeModeManager.java:validateSafeModeExitRules(214)) - ContainerSafeModeRule rule is successfully validated
2020-11-23 16:44:02,399 [EventQueue-NodeRegistrationContainerReportForDataNodeSafeModeRule] INFO  safemode.SCMSafeModeManager (SCMSafeModeManager.java:validateSafeModeExitRules(214)) - DataNodeSafeModeRule rule is successfully validated
2020-11-23 16:44:02,399 [RatisPipelineUtilsThread] INFO  pipeline.RatisPipelineProvider (RatisPipelineProvider.java:lambda$create$0(161)) - Sending CreatePipelineCommand for pipeline:PipelineID=0228781e-f8fd-411a-95df-2a94e35dd877 to datanode:7965236a-9e62-42d8-a24d-3e89ca899055
2020-11-23 16:44:02,400 [RatisPipelineUtilsThread] INFO  pipeline.PipelineStateManager (PipelineStateManager.java:addPipeline(54)) - Created pipeline Pipeline[ Id: 0228781e-f8fd-411a-95df-2a94e35dd877, Nodes: 7965236a-9e62-42d8-a24d-3e89ca899055{ip: 172.17.0.2, host: dcde956c9b9e, networkLocation: /default-rack, certSerialId: null}, Type:RATIS, Factor:ONE, State:ALLOCATED, leaderId:, CreationTimestamp2020-11-23T16:44:02.399Z]
2020-11-23 16:44:02,590 [IPC Server handler 3 on default port 39197] INFO  net.NetworkTopologyImpl (NetworkTopologyImpl.java:add(111)) - Added a new node: /default-rack/03da0c7f-0ea2-4e27-8f49-e45eb46ed814
2020-11-23 16:44:02,590 [IPC Server handler 3 on default port 39197] INFO  node.SCMNodeManager (SCMNodeManager.java:register(282)) - Registered Data node : 03da0c7f-0ea2-4e27-8f49-e45eb46ed814{ip: 172.17.0.2, host: dcde956c9b9e, networkLocation: /default-rack, certSerialId: null}
2020-11-23 16:44:02,591 [EventQueue-PipelineReportForOneReplicaPipelineSafeModeRule] INFO  safemode.SCMSafeModeManager (SCMSafeModeManager.java:validateSafeModeExitRules(214)) - AtleastOneDatanodeReportedRule rule is successfully validated
2020-11-23 16:44:02,591 [RatisPipelineUtilsThread] INFO  pipeline.RatisPipelineProvider (RatisPipelineProvider.java:lambda$create$0(161)) - Sending CreatePipelineCommand for pipeline:PipelineID=379d5359-402f-4e83-9175-a7d5d09c3196 to datanode:03da0c7f-0ea2-4e27-8f49-e45eb46ed814
2020-11-23 16:44:02,591 [EventQueue-NodeRegistrationContainerReportForContainerSafeModeRule] INFO  safemode.SCMSafeModeManager (SCMSafeModeManager.java:validateSafeModeExitRules(214)) - ContainerSafeModeRule rule is successfully validated
2020-11-23 16:44:02,591 [RatisPipelineUtilsThread] INFO  pipeline.PipelineStateManager (PipelineStateManager.java:addPipeline(54)) - Created pipeline Pipeline[ Id: 379d5359-402f-4e83-9175-a7d5d09c3196, Nodes: 03da0c7f-0ea2-4e27-8f49-e45eb46ed814{ip: 172.17.0.2, host: dcde956c9b9e, networkLocation: /default-rack, certSerialId: null}, Type:RATIS, Factor:ONE, State:ALLOCATED, leaderId:, CreationTimestamp2020-11-23T16:44:02.591Z]
2020-11-23 16:44:02,591 [EventQueue-NodeRegistrationContainerReportForDataNodeSafeModeRule] INFO  safemode.SCMSafeModeManager (SCMSafeModeManager.java:validateSafeModeExitRules(214)) - DataNodeSafeModeRule rule is successfully validated
2020-11-23 16:44:02,592 [RatisPipelineUtilsThread] INFO  pipeline.RatisPipelineProvider (RatisPipelineProvider.java:lambda$create$0(161)) - Sending CreatePipelineCommand for pipeline:PipelineID=2ddc8998-598d-4fe1-8164-4f488877a724 to datanode:7965236a-9e62-42d8-a24d-3e89ca899055
2020-11-23 16:44:02,592 [RatisPipelineUtilsThread] INFO  pipeline.RatisPipelineProvider (RatisPipelineProvider.java:lambda$create$0(161)) - Sending CreatePipelineCommand for pipeline:PipelineID=2ddc8998-598d-4fe1-8164-4f488877a724 to datanode:03da0c7f-0ea2-4e27-8f49-e45eb46ed814
2020-11-23 16:44:02,592 [RatisPipelineUtilsThread] INFO  pipeline.RatisPipelineProvider (RatisPipelineProvider.java:lambda$create$0(161)) - Sending CreatePipelineCommand for pipeline:PipelineID=2ddc8998-598d-4fe1-8164-4f488877a724 to datanode:a4898ab3-e2ea-4a1b-b74b-5f89fbd14327
2020-11-23 16:44:02,592 [RatisPipelineUtilsThread] INFO  pipeline.PipelineStateManager (PipelineStateManager.java:addPipeline(54)) - Created pipeline Pipeline[ Id: 2ddc8998-598d-4fe1-8164-4f488877a724, Nodes: 7965236a-9e62-42d8-a24d-3e89ca899055{ip: 172.17.0.2, host: dcde956c9b9e, networkLocation: /default-rack, certSerialId: null}03da0c7f-0ea2-4e27-8f49-e45eb46ed814{ip: 172.17.0.2, host: dcde956c9b9e, networkLocation: /default-rack, certSerialId: null}a4898ab3-e2ea-4a1b-b74b-5f89fbd14327{ip: 172.17.0.2, host: dcde956c9b9e, networkLocation: /default-rack, certSerialId: null}, Type:RATIS, Factor:THREE, State:ALLOCATED, leaderId:, CreationTimestamp2020-11-23T16:44:02.592Z]
2020-11-23 16:44:02,769 [Listener at 127.0.0.1/36807] INFO  ozone.MiniOzoneClusterImpl (MiniOzoneClusterImpl.java:lambda$waitForClusterToBeReady$0(178)) - Waiting for nodes to be ready. Got 6 of 7 DN Heartbeats.
2020-11-23 16:44:02,769 [Listener at 127.0.0.1/36807] INFO  ozone.MiniOzoneClusterImpl (MiniOzoneClusterImpl.java:lambda$waitForClusterToBeReady$0(181)) - Waiting for cluster to exit safe mode
2020-11-23 16:44:02,778 [IPC Server handler 4 on default port 39197] INFO  net.NetworkTopologyImpl (NetworkTopologyImpl.java:add(111)) - Added a new node: /default-rack/2001b4ac-07b6-4cea-a1f1-ff1d200545db
2020-11-23 16:44:02,779 [IPC Server handler 4 on default port 39197] INFO  node.SCMNodeManager (SCMNodeManager.java:register(282)) - Registered Data node : 2001b4ac-07b6-4cea-a1f1-ff1d200545db{ip: 172.17.0.2, host: dcde956c9b9e, networkLocation: /default-rack, certSerialId: null}
2020-11-23 16:44:02,779 [EventQueue-PipelineReportForOneReplicaPipelineSafeModeRule] INFO  safemode.SCMSafeModeManager (SCMSafeModeManager.java:validateSafeModeExitRules(214)) - AtleastOneDatanodeReportedRule rule is successfully validated
2020-11-23 16:44:02,780 [EventQueue-NodeRegistrationContainerReportForContainerSafeModeRule] INFO  safemode.SCMSafeModeManager (SCMSafeModeManager.java:validateSafeModeExitRules(214)) - ContainerSafeModeRule rule is successfully validated
2020-11-23 16:44:02,780 [EventQueue-NodeRegistrationContainerReportForDataNodeSafeModeRule] INFO  safemode.SCMSafeModeManager (SCMSafeModeManager.java:validateSafeModeExitRules(214)) - DataNodeSafeModeRule rule is successfully validated
2020-11-23 16:44:02,781 [RatisPipelineUtilsThread] INFO  pipeline.RatisPipelineProvider (RatisPipelineProvider.java:lambda$create$0(161)) - Sending CreatePipelineCommand for pipeline:PipelineID=f42fef0f-2af6-464e-a686-30e16c36efc1 to datanode:2001b4ac-07b6-4cea-a1f1-ff1d200545db
2020-11-23 16:44:02,782 [RatisPipelineUtilsThread] INFO  pipeline.PipelineStateManager (PipelineStateManager.java:addPipeline(54)) - Created pipeline Pipeline[ Id: f42fef0f-2af6-464e-a686-30e16c36efc1, Nodes: 2001b4ac-07b6-4cea-a1f1-ff1d200545db{ip: 172.17.0.2, host: dcde956c9b9e, networkLocation: /default-rack, certSerialId: null}, Type:RATIS, Factor:ONE, State:ALLOCATED, leaderId:, CreationTimestamp2020-11-23T16:44:02.781Z]
2020-11-23 16:44:03,770 [Listener at 127.0.0.1/36807] INFO  ozone.MiniOzoneClusterImpl (MiniOzoneClusterImpl.java:lambda$waitForClusterToBeReady$0(178)) - Nodes are ready. Got 7 of 7 DN Heartbeats.
2020-11-23 16:44:03,770 [Listener at 127.0.0.1/36807] INFO  ozone.MiniOzoneClusterImpl (MiniOzoneClusterImpl.java:lambda$waitForClusterToBeReady$0(181)) - Waiting for cluster to exit safe mode
2020-11-23 16:44:04,448 [Command processor thread] INFO  impl.RaftServerProxy (RaftServerProxy.java:addNew(93)) - 7af6e544-b19e-4e2d-9251-ecb63652227a: addNew group-7477839FAE5A:[7af6e544-b19e-4e2d-9251-ecb63652227a|rpc:172.17.0.2:43059] returns group-7477839FAE5A:java.util.concurrent.CompletableFuture@64dbb700[Not completed]
2020-11-23 16:44:04,450 [pool-175-thread-1] INFO  impl.RaftServerImpl (RaftServerImpl.java:<init>(121)) - 7af6e544-b19e-4e2d-9251-ecb63652227a: new RaftServerImpl for group-7477839FAE5A:[7af6e544-b19e-4e2d-9251-ecb63652227a|rpc:172.17.0.2:43059] with ContainerStateMachine:uninitialized
2020-11-23 16:44:04,451 [pool-175-thread-1] INFO  server.RaftServerConfigKeys (ConfUtils.java:logGet(44)) - raft.server.rpc.timeout.min = 5s (custom)
2020-11-23 16:44:04,451 [pool-175-thread-1] INFO  server.RaftServerConfigKeys (ConfUtils.java:logGet(44)) - raft.server.rpc.timeout.max = 5200ms (custom)
2020-11-23 16:44:04,451 [pool-175-thread-1] INFO  server.RaftServerConfigKeys (ConfUtils.java:logGet(44)) - raft.server.rpc.slowness.timeout = 300s (custom)
2020-11-23 16:44:04,451 [pool-175-thread-1] INFO  server.RaftServerConfigKeys (ConfUtils.java:logGet(44)) - raft.server.leaderelection.leader.step-down.wait-time = 10s (default)
2020-11-23 16:44:04,451 [pool-175-thread-1] INFO  server.RaftServerConfigKeys (ConfUtils.java:logGet(44)) - raft.server.sleep.deviation.threshold = 300 (default)
2020-11-23 16:44:04,451 [pool-175-thread-1] INFO  server.RaftServerConfigKeys (ConfUtils.java:logGet(44)) - raft.server.log.appender.install.snapshot.enabled = false (custom)
2020-11-23 16:44:04,451 [pool-175-thread-1] INFO  impl.RaftServerImpl (ServerState.java:<init>(104)) - 7af6e544-b19e-4e2d-9251-ecb63652227a@group-7477839FAE5A: ConfigurationManager, init=-1: [7af6e544-b19e-4e2d-9251-ecb63652227a|rpc:172.17.0.2:43059], old=null, confs=<EMPTY_MAP>
2020-11-23 16:44:04,452 [pool-175-thread-1] INFO  server.RaftServerConfigKeys (ConfUtils.java:logGet(44)) - raft.server.storage.dir = [/github/workspace/mnt/ozone/hadoop-ozone/integration-test/target/test-dir/MiniOzoneClusterImpl-1f6412f7-deda-49d6-8890-c33526f8416a/datanode-0/data/ratis] (custom)
2020-11-23 16:44:04,452 [pool-175-thread-1] INFO  server.RaftServerConfigKeys (ConfUtils.java:logGet(44)) - raft.server.log.corruption.policy = EXCEPTION (default)
2020-11-23 16:44:04,452 [pool-175-thread-1] INFO  storage.RaftStorageDirectory (RaftStorageDirectory.java:analyzeStorage(261)) - The storage directory /github/workspace/mnt/ozone/hadoop-ozone/integration-test/target/test-dir/MiniOzoneClusterImpl-1f6412f7-deda-49d6-8890-c33526f8416a/datanode-0/data/ratis/27524c09-4d53-4e20-b7ca-7477839fae5a does not exist. Creating ...
2020-11-23 16:44:04,453 [pool-175-thread-1] INFO  storage.RaftStorageDirectory (RaftStorageDirectory.java:tryLock(343)) - Lock on /github/workspace/mnt/ozone/hadoop-ozone/integration-test/target/test-dir/MiniOzoneClusterImpl-1f6412f7-deda-49d6-8890-c33526f8416a/datanode-0/data/ratis/27524c09-4d53-4e20-b7ca-7477839fae5a/in_use.lock acquired by nodename 2010@dcde956c9b9e
2020-11-23 16:44:04,454 [pool-175-thread-1] INFO  storage.RaftStorage (RaftStorage.java:format(85)) - Storage directory /github/workspace/mnt/ozone/hadoop-ozone/integration-test/target/test-dir/MiniOzoneClusterImpl-1f6412f7-deda-49d6-8890-c33526f8416a/datanode-0/data/ratis/27524c09-4d53-4e20-b7ca-7477839fae5a has been successfully formatted.
2020-11-23 16:44:04,455 [pool-175-thread-1] INFO  ratis.ContainerStateMachine (ContainerStateMachine.java:loadSnapshot(225)) - group-7477839FAE5A: The snapshot info is null. Setting the last applied indexto:(t:0, i:~)
2020-11-23 16:44:04,455 [pool-175-thread-1] INFO  server.RaftServerConfigKeys (ConfUtils.java:logGet(44)) - raft.server.notification.no-leader.timeout = 300s (custom)
2020-11-23 16:44:04,455 [pool-175-thread-1] INFO  server.RaftServerConfigKeys (ConfUtils.java:logGet(44)) - raft.server.log.use.memory = false (default)
2020-11-23 16:44:04,455 [pool-175-thread-1] INFO  server.RaftServerConfigKeys (ConfUtils.java:logGet(44)) - raft.server.log.purge.gap = 1000000 (custom)
2020-11-23 16:44:04,455 [pool-175-thread-1] INFO  metrics.RatisMetrics (RatisMetrics.java:lambda$create$0(36)) - Creating Metrics Registry : ratis.log_worker.7af6e544-b19e-4e2d-9251-ecb63652227a@group-7477839FAE5A
2020-11-23 16:44:04,456 [EventQueue-PipelineReportForPipelineReportHandler] INFO  pipeline.PipelineStateManager (PipelineStateManager.java:openPipeline(132)) - Pipeline Pipeline[ Id: 27524c09-4d53-4e20-b7ca-7477839fae5a, Nodes: 7af6e544-b19e-4e2d-9251-ecb63652227a{ip: 172.17.0.2, host: dcde956c9b9e, networkLocation: /default-rack, certSerialId: null}, Type:RATIS, Factor:ONE, State:ALLOCATED, leaderId:7af6e544-b19e-4e2d-9251-ecb63652227a, CreationTimestamp2020-11-23T16:44:01.450Z] moved to OPEN state
2020-11-23 16:44:04,456 [EventQueue-PipelineReportForOneReplicaPipelineSafeModeRule] INFO  safemode.SCMSafeModeManager (SCMSafeModeManager.java:validateSafeModeExitRules(214)) - AtleastOneDatanodeReportedRule rule is successfully validated
2020-11-23 16:44:04,457 [pool-175-thread-1] INFO  server.RaftServerConfigKeys (ConfUtils.java:logGet(44)) - raft.server.log.appender.buffer.byte-limit = 33554432 (custom)
2020-11-23 16:44:04,458 [pool-175-thread-1] INFO  server.RaftServerConfigKeys (ConfUtils.java:logGet(44)) - raft.server.log.segment.size.max = 1048576 (custom)
2020-11-23 16:44:04,459 [pool-175-thread-1] INFO  server.RaftServerConfigKeys (ConfUtils.java:logGet(44)) - raft.server.log.segment.cache.num.max = 2 (custom)
2020-11-23 16:44:04,459 [pool-175-thread-1] INFO  segmented.SegmentedRaftLogWorker (SegmentedRaftLogWorker.java:<init>(180)) - new 7af6e544-b19e-4e2d-9251-ecb63652227a@group-7477839FAE5A-SegmentedRaftLogWorker for RaftStorage:Storage Directory /github/workspace/mnt/ozone/hadoop-ozone/integration-test/target/test-dir/MiniOzoneClusterImpl-1f6412f7-deda-49d6-8890-c33526f8416a/datanode-0/data/ratis/27524c09-4d53-4e20-b7ca-7477839fae5a
2020-11-23 16:44:04,459 [pool-175-thread-1] INFO  server.RaftServerConfigKeys (ConfUtils.java:logGet(44)) - raft.server.log.queue.byte-limit = 2147483647 (custom)
2020-11-23 16:44:04,459 [pool-175-thread-1] INFO  server.RaftServerConfigKeys (ConfUtils.java:logGet(44)) - raft.server.log.queue.element-limit = 1024 (custom)
2020-11-23 16:44:04,459 [pool-175-thread-1] INFO  server.RaftServerConfigKeys (ConfUtils.java:logGet(44)) - raft.server.log.segment.size.max = 1048576 (custom)
2020-11-23 16:44:04,459 [pool-175-thread-1] INFO  server.RaftServerConfigKeys (ConfUtils.java:logGet(44)) - raft.server.log.preallocated.size = 16384 (custom)
2020-11-23 16:44:04,459 [pool-175-thread-1] INFO  server.RaftServerConfigKeys (ConfUtils.java:logGet(44)) - raft.server.log.write.buffer.size = 1048576 (custom)
2020-11-23 16:44:04,460 [pool-175-thread-1] INFO  server.RaftServerConfigKeys (ConfUtils.java:logGet(44)) - raft.server.log.force.sync.num = 128 (default)
2020-11-23 16:44:04,460 [pool-175-thread-1] INFO  server.RaftServerConfigKeys (ConfUtils.java:logGet(44)) - raft.server.log.statemachine.data.sync = true (default)
2020-11-23 16:44:04,460 [pool-175-thread-1] INFO  server.RaftServerConfigKeys (ConfUtils.java:logGet(44)) - raft.server.log.statemachine.data.sync.timeout = 10s (default)
2020-11-23 16:44:04,460 [pool-175-thread-1] INFO  server.RaftServerConfigKeys (ConfUtils.java:logGet(44)) - raft.server.log.statemachine.data.sync.timeout.retry = -1 (default)
2020-11-23 16:44:04,462 [pool-175-thread-1] INFO  server.RaftServerConfigKeys (ConfUtils.java:logGet(44)) - raft.server.log.statemachine.data.caching.enabled = true (custom)
2020-11-23 16:44:04,462 [pool-175-thread-1] INFO  segmented.SegmentedRaftLogWorker (SegmentedRaftLogWorker.java:lambda$new$0(129)) - 7af6e544-b19e-4e2d-9251-ecb63652227a@group-7477839FAE5A-SegmentedRaftLogWorker: flushIndex: setUnconditionally 0 -> -1
2020-11-23 16:44:04,462 [pool-175-thread-1] INFO  segmented.SegmentedRaftLogWorker (SegmentedRaftLogWorker.java:lambda$new$0(129)) - 7af6e544-b19e-4e2d-9251-ecb63652227a@group-7477839FAE5A-SegmentedRaftLogWorker: safeCacheEvictIndex: setUnconditionally 0 -> -1
2020-11-23 16:44:04,463 [pool-175-thread-1] INFO  server.RaftServerConfigKeys (ConfUtils.java:logGet(44)) - raft.server.snapshot.auto.trigger.enabled = true (custom)
2020-11-23 16:44:04,463 [pool-175-thread-1] INFO  server.RaftServerConfigKeys (ConfUtils.java:logGet(44)) - raft.server.snapshot.auto.trigger.threshold = 10000 (custom)
2020-11-23 16:44:04,463 [pool-175-thread-1] INFO  server.RaftServerConfigKeys (ConfUtils.java:logGet(44)) - raft.server.snapshot.retention.file.num = 5 (custom)
2020-11-23 16:44:04,463 [pool-175-thread-1] INFO  server.RaftServerConfigKeys (ConfUtils.java:logGet(44)) - raft.server.log.purge.upto.snapshot.index = false (default)
2020-11-23 16:44:04,463 [pool-175-thread-1] INFO  server.RaftServerConfigKeys (ConfUtils.java:logGet(44)) - raft.server.retrycache.expirytime = 600000ms (custom)
2020-11-23 16:44:04,463 [pool-175-thread-1] INFO  metrics.RatisMetrics (RatisMetrics.java:lambda$create$0(36)) - Creating Metrics Registry : ratis.leader_election.7af6e544-b19e-4e2d-9251-ecb63652227a@group-7477839FAE5A
2020-11-23 16:44:04,458 [EventQueue-OpenPipelineForHealthyPipelineSafeModeRule] INFO  safemode.SCMSafeModeManager (HealthyPipelineSafeModeRule.java:process(128)) - SCM in safe mode. Healthy pipelines reported count is 0, required healthy pipeline reported count is 1
2020-11-23 16:44:04,463 [pool-175-thread-1] INFO  metrics.RatisMetrics (RatisMetrics.java:lambda$create$0(36)) - Creating Metrics Registry : ratis.server.7af6e544-b19e-4e2d-9251-ecb63652227a@group-7477839FAE5A
2020-11-23 16:44:04,464 [pool-175-thread-1] INFO  impl.RaftServerImpl (RaftServerImpl.java:start(215)) - 7af6e544-b19e-4e2d-9251-ecb63652227a@group-7477839FAE5A: start as a follower, conf=-1: [7af6e544-b19e-4e2d-9251-ecb63652227a|rpc:172.17.0.2:43059], old=null
2020-11-23 16:44:04,465 [pool-175-thread-1] INFO  impl.RaftServerImpl (RaftServerImpl.java:setRole(204)) - 7af6e544-b19e-4e2d-9251-ecb63652227a@group-7477839FAE5A: changes role from      null to FOLLOWER at term 0 for startAsFollower
2020-11-23 16:44:04,465 [pool-175-thread-1] INFO  impl.RoleInfo (RoleInfo.java:updateAndGet(143)) - 7af6e544-b19e-4e2d-9251-ecb63652227a: start 7af6e544-b19e-4e2d-9251-ecb63652227a@group-7477839FAE5A-FollowerState
2020-11-23 16:44:04,465 [pool-175-thread-1] INFO  util.JmxRegister (JmxRegister.java:tryRegister(44)) - Successfully registered JMX Bean with object name Ratis:service=RaftServer,group=group-7477839FAE5A,id=7af6e544-b19e-4e2d-9251-ecb63652227a
2020-11-23 16:44:04,465 [pool-175-thread-1] INFO  metrics.RatisMetrics (RatisMetrics.java:lambda$create$0(36)) - Creating Metrics Registry : ratis.state_machine.7af6e544-b19e-4e2d-9251-ecb63652227a@group-7477839FAE5A
2020-11-23 16:44:04,466 [Command processor thread] INFO  commandhandler.CreatePipelineCommandHandler (CreatePipelineCommandHandler.java:handle(106)) - Created Pipeline RATIS ONE PipelineID=27524c09-4d53-4e20-b7ca-7477839fae5a.
2020-11-23 16:44:04,466 [Command processor thread] INFO  impl.RaftServerProxy (RaftServerProxy.java:addNew(93)) - 7af6e544-b19e-4e2d-9251-ecb63652227a: addNew group-C4C2DEFD60A4:[7af6e544-b19e-4e2d-9251-ecb63652227a|rpc:172.17.0.2:43059, 915951e0-2de3-47e7-b2a6-49572f683f02|rpc:172.17.0.2:37099, 3a30c70a-afb4-4972-9ec7-d80bc6a022c1|rpc:172.17.0.2:44169] returns group-C4C2DEFD60A4:java.util.concurrent.CompletableFuture@60e43f43[Not completed]
2020-11-23 16:44:04,467 [pool-175-thread-1] INFO  impl.RaftServerImpl (RaftServerImpl.java:<init>(121)) - 7af6e544-b19e-4e2d-9251-ecb63652227a: new RaftServerImpl for group-C4C2DEFD60A4:[7af6e544-b19e-4e2d-9251-ecb63652227a|rpc:172.17.0.2:43059, 915951e0-2de3-47e7-b2a6-49572f683f02|rpc:172.17.0.2:37099, 3a30c70a-afb4-4972-9ec7-d80bc6a022c1|rpc:172.17.0.2:44169] with ContainerStateMachine:uninitialized
2020-11-23 16:44:04,467 [pool-175-thread-1] INFO  server.RaftServerConfigKeys (ConfUtils.java:logGet(44)) - raft.server.rpc.timeout.min = 5s (custom)
2020-11-23 16:44:04,467 [pool-175-thread-1] INFO  server.RaftServerConfigKeys (ConfUtils.java:logGet(44)) - raft.server.rpc.timeout.max = 5200ms (custom)
2020-11-23 16:44:04,467 [pool-175-thread-1] INFO  server.RaftServerConfigKeys (ConfUtils.java:logGet(44)) - raft.server.rpc.slowness.timeout = 300s (custom)
2020-11-23 16:44:04,467 [pool-175-thread-1] INFO  server.RaftServerConfigKeys (ConfUtils.java:logGet(44)) - raft.server.leaderelection.leader.step-down.wait-time = 10s (default)
2020-11-23 16:44:04,467 [pool-175-thread-1] INFO  server.RaftServerConfigKeys (ConfUtils.java:logGet(44)) - raft.server.sleep.deviation.threshold = 300 (default)
2020-11-23 16:44:04,467 [pool-175-thread-1] INFO  server.RaftServerConfigKeys (ConfUtils.java:logGet(44)) - raft.server.log.appender.install.snapshot.enabled = false (custom)
2020-11-23 16:44:04,467 [pool-175-thread-1] INFO  impl.RaftServerImpl (ServerState.java:<init>(104)) - 7af6e544-b19e-4e2d-9251-ecb63652227a@group-C4C2DEFD60A4: ConfigurationManager, init=-1: [7af6e544-b19e-4e2d-9251-ecb63652227a|rpc:172.17.0.2:43059, 915951e0-2de3-47e7-b2a6-49572f683f02|rpc:172.17.0.2:37099, 3a30c70a-afb4-4972-9ec7-d80bc6a022c1|rpc:172.17.0.2:44169], old=null, confs=<EMPTY_MAP>
2020-11-23 16:44:04,467 [pool-175-thread-1] INFO  server.RaftServerConfigKeys (ConfUtils.java:logGet(44)) - raft.server.storage.dir = [/github/workspace/mnt/ozone/hadoop-ozone/integration-test/target/test-dir/MiniOzoneClusterImpl-1f6412f7-deda-49d6-8890-c33526f8416a/datanode-0/data/ratis] (custom)
2020-11-23 16:44:04,468 [pool-175-thread-1] INFO  server.RaftServerConfigKeys (ConfUtils.java:logGet(44)) - raft.server.log.corruption.policy = EXCEPTION (default)
2020-11-23 16:44:04,468 [pool-175-thread-1] INFO  storage.RaftStorageDirectory (RaftStorageDirectory.java:analyzeStorage(261)) - The storage directory /github/workspace/mnt/ozone/hadoop-ozone/integration-test/target/test-dir/MiniOzoneClusterImpl-1f6412f7-deda-49d6-8890-c33526f8416a/datanode-0/data/ratis/18d1ce86-700c-46a9-a4b0-c4c2defd60a4 does not exist. Creating ...
2020-11-23 16:44:04,468 [org.apache.ratis.server.JvmPauseMonitor@7c4c4dfb-Monitor] WARN  server.JvmPauseMonitor (JvmPauseMonitor.java:run(141)) - Detected pause in JVM or host machine (eg GC): pause of approximately 2ms
No GCs detected
2020-11-23 16:44:04,469 [pool-175-thread-1] INFO  storage.RaftStorageDirectory (RaftStorageDirectory.java:tryLock(343)) - Lock on /github/workspace/mnt/ozone/hadoop-ozone/integration-test/target/test-dir/MiniOzoneClusterImpl-1f6412f7-deda-49d6-8890-c33526f8416a/datanode-0/data/ratis/18d1ce86-700c-46a9-a4b0-c4c2defd60a4/in_use.lock acquired by nodename 2010@dcde956c9b9e
2020-11-23 16:44:04,470 [pool-175-thread-1] INFO  storage.RaftStorage (RaftStorage.java:format(85)) - Storage directory /github/workspace/mnt/ozone/hadoop-ozone/integration-test/target/test-dir/MiniOzoneClusterImpl-1f6412f7-deda-49d6-8890-c33526f8416a/datanode-0/data/ratis/18d1ce86-700c-46a9-a4b0-c4c2defd60a4 has been successfully formatted.
2020-11-23 16:44:04,470 [pool-175-thread-1] INFO  ratis.ContainerStateMachine (ContainerStateMachine.java:loadSnapshot(225)) - group-C4C2DEFD60A4: The snapshot info is null. Setting the last applied indexto:(t:0, i:~)
2020-11-23 16:44:04,470 [pool-175-thread-1] INFO  server.RaftServerConfigKeys (ConfUtils.java:logGet(44)) - raft.server.notification.no-leader.timeout = 300s (custom)
2020-11-23 16:44:04,470 [pool-175-thread-1] INFO  server.RaftServerConfigKeys (ConfUtils.java:logGet(44)) - raft.server.log.use.memory = false (default)
2020-11-23 16:44:04,470 [pool-175-thread-1] INFO  server.RaftServerConfigKeys (ConfUtils.java:logGet(44)) - raft.server.log.purge.gap = 1000000 (custom)
2020-11-23 16:44:04,471 [pool-175-thread-1] INFO  metrics.RatisMetrics (RatisMetrics.java:lambda$create$0(36)) - Creating Metrics Registry : ratis.log_worker.7af6e544-b19e-4e2d-9251-ecb63652227a@group-C4C2DEFD60A4
2020-11-23 16:44:04,471 [pool-175-thread-1] INFO  server.RaftServerConfigKeys (ConfUtils.java:logGet(44)) - raft.server.log.appender.buffer.byte-limit = 33554432 (custom)
2020-11-23 16:44:04,471 [pool-175-thread-1] INFO  server.RaftServerConfigKeys (ConfUtils.java:logGet(44)) - raft.server.log.segment.size.max = 1048576 (custom)
2020-11-23 16:44:04,471 [EventQueue-PipelineReportForOneReplicaPipelineSafeModeRule] INFO  safemode.SCMSafeModeManager (SCMSafeModeManager.java:validateSafeModeExitRules(214)) - AtleastOneDatanodeReportedRule rule is successfully validated
2020-11-23 16:44:04,471 [pool-175-thread-1] INFO  server.RaftServerConfigKeys (ConfUtils.java:logGet(44)) - raft.server.log.segment.cache.num.max = 2 (custom)
2020-11-23 16:44:04,472 [pool-175-thread-1] INFO  segmented.SegmentedRaftLogWorker (SegmentedRaftLogWorker.java:<init>(180)) - new 7af6e544-b19e-4e2d-9251-ecb63652227a@group-C4C2DEFD60A4-SegmentedRaftLogWorker for RaftStorage:Storage Directory /github/workspace/mnt/ozone/hadoop-ozone/integration-test/target/test-dir/MiniOzoneClusterImpl-1f6412f7-deda-49d6-8890-c33526f8416a/datanode-0/data/ratis/18d1ce86-700c-46a9-a4b0-c4c2defd60a4
2020-11-23 16:44:04,472 [pool-175-thread-1] INFO  server.RaftServerConfigKeys (ConfUtils.java:logGet(44)) - raft.server.log.queue.byte-limit = 2147483647 (custom)
2020-11-23 16:44:04,472 [pool-175-thread-1] INFO  server.RaftServerConfigKeys (ConfUtils.java:logGet(44)) - raft.server.log.queue.element-limit = 1024 (custom)
2020-11-23 16:44:04,472 [pool-175-thread-1] INFO  server.RaftServerConfigKeys (ConfUtils.java:logGet(44)) - raft.server.log.segment.size.max = 1048576 (custom)
2020-11-23 16:44:04,472 [pool-175-thread-1] INFO  server.RaftServerConfigKeys (ConfUtils.java:logGet(44)) - raft.server.log.preallocated.size = 16384 (custom)
2020-11-23 16:44:04,472 [pool-175-thread-1] INFO  server.RaftServerConfigKeys (ConfUtils.java:logGet(44)) - raft.server.log.write.buffer.size = 1048576 (custom)
2020-11-23 16:44:04,472 [pool-175-thread-1] INFO  server.RaftServerConfigKeys (ConfUtils.java:logGet(44)) - raft.server.log.force.sync.num = 128 (default)
2020-11-23 16:44:04,472 [pool-175-thread-1] INFO  server.RaftServerConfigKeys (ConfUtils.java:logGet(44)) - raft.server.log.statemachine.data.sync = true (default)
2020-11-23 16:44:04,472 [pool-175-thread-1] INFO  server.RaftServerConfigKeys (ConfUtils.java:logGet(44)) - raft.server.log.statemachine.data.sync.timeout = 10s (default)
2020-11-23 16:44:04,472 [pool-175-thread-1] INFO  server.RaftServerConfigKeys (ConfUtils.java:logGet(44)) - raft.server.log.statemachine.data.sync.timeout.retry = -1 (default)
2020-11-23 16:44:04,472 [EventQueue-OpenPipelineForHealthyPipelineSafeModeRule] INFO  safemode.SCMSafeModeManager (HealthyPipelineSafeModeRule.java:process(128)) - SCM in safe mode. Healthy pipelines reported count is 0, required healthy pipeline reported count is 1
2020-11-23 16:44:04,474 [pool-175-thread-1] INFO  server.RaftServerConfigKeys (ConfUtils.java:logGet(44)) - raft.server.log.statemachine.data.caching.enabled = true (custom)
2020-11-23 16:44:04,474 [pool-175-thread-1] INFO  segmented.SegmentedRaftLogWorker (SegmentedRaftLogWorker.java:lambda$new$0(129)) - 7af6e544-b19e-4e2d-9251-ecb63652227a@group-C4C2DEFD60A4-SegmentedRaftLogWorker: flushIndex: setUnconditionally 0 -> -1
2020-11-23 16:44:04,475 [pool-175-thread-1] INFO  segmented.SegmentedRaftLogWorker (SegmentedRaftLogWorker.java:lambda$new$0(129)) - 7af6e544-b19e-4e2d-9251-ecb63652227a@group-C4C2DEFD60A4-SegmentedRaftLogWorker: safeCacheEvictIndex: setUnconditionally 0 -> -1
2020-11-23 16:44:04,477 [pool-175-thread-1] INFO  server.RaftServerConfigKeys (ConfUtils.java:logGet(44)) - raft.server.snapshot.auto.trigger.enabled = true (custom)
2020-11-23 16:44:04,477 [pool-175-thread-1] INFO  server.RaftServerConfigKeys (ConfUtils.java:logGet(44)) - raft.server.snapshot.auto.trigger.threshold = 10000 (custom)
2020-11-23 16:44:04,477 [pool-175-thread-1] INFO  server.RaftServerConfigKeys (ConfUtils.java:logGet(44)) - raft.server.snapshot.retention.file.num = 5 (custom)
2020-11-23 16:44:04,477 [pool-175-thread-1] INFO  server.RaftServerConfigKeys (ConfUtils.java:logGet(44)) - raft.server.log.purge.upto.snapshot.index = false (default)
2020-11-23 16:44:04,477 [pool-175-thread-1] INFO  server.RaftServerConfigKeys (ConfUtils.java:logGet(44)) - raft.server.retrycache.expirytime = 600000ms (custom)
2020-11-23 16:44:04,477 [pool-175-thread-1] INFO  metrics.RatisMetrics (RatisMetrics.java:lambda$create$0(36)) - Creating Metrics Registry : ratis.leader_election.7af6e544-b19e-4e2d-9251-ecb63652227a@group-C4C2DEFD60A4
2020-11-23 16:44:04,478 [pool-175-thread-1] INFO  metrics.RatisMetrics (RatisMetrics.java:lambda$create$0(36)) - Creating Metrics Registry : ratis.server.7af6e544-b19e-4e2d-9251-ecb63652227a@group-C4C2DEFD60A4
2020-11-23 16:44:04,479 [pool-175-thread-1] INFO  impl.RaftServerImpl (RaftServerImpl.java:start(215)) - 7af6e544-b19e-4e2d-9251-ecb63652227a@group-C4C2DEFD60A4: start as a follower, conf=-1: [7af6e544-b19e-4e2d-9251-ecb63652227a|rpc:172.17.0.2:43059, 915951e0-2de3-47e7-b2a6-49572f683f02|rpc:172.17.0.2:37099, 3a30c70a-afb4-4972-9ec7-d80bc6a022c1|rpc:172.17.0.2:44169], old=null
2020-11-23 16:44:04,479 [pool-175-thread-1] INFO  impl.RaftServerImpl (RaftServerImpl.java:setRole(204)) - 7af6e544-b19e-4e2d-9251-ecb63652227a@group-C4C2DEFD60A4: changes role from      null to FOLLOWER at term 0 for startAsFollower
2020-11-23 16:44:04,479 [pool-175-thread-1] INFO  impl.RoleInfo (RoleInfo.java:updateAndGet(143)) - 7af6e544-b19e-4e2d-9251-ecb63652227a: start 7af6e544-b19e-4e2d-9251-ecb63652227a@group-C4C2DEFD60A4-FollowerState
2020-11-23 16:44:04,479 [pool-175-thread-1] INFO  util.JmxRegister (JmxRegister.java:tryRegister(44)) - Successfully registered JMX Bean with object name Ratis:service=RaftServer,group=group-C4C2DEFD60A4,id=7af6e544-b19e-4e2d-9251-ecb63652227a
2020-11-23 16:44:04,479 [pool-175-thread-1] INFO  metrics.RatisMetrics (RatisMetrics.java:lambda$create$0(36)) - Creating Metrics Registry : ratis.state_machine.7af6e544-b19e-4e2d-9251-ecb63652227a@group-C4C2DEFD60A4
2020-11-23 16:44:04,481 [Command processor thread] INFO  metrics.RatisMetrics (RatisMetrics.java:lambda$create$0(36)) - Creating Metrics Registry : ratis.client_message_metrics.client-8B5F2C38155D->3a30c70a-afb4-4972-9ec7-d80bc6a022c1
2020-11-23 16:44:04,487 [grpc-default-executor-0] INFO  metrics.RatisMetrics (RatisMetrics.java:lambda$create$0(36)) - Creating Metrics Registry : ratis.server_message_metrics.3a30c70a-afb4-4972-9ec7-d80bc6a022c1
2020-11-23 16:44:04,490 [grpc-default-executor-0] INFO  impl.RaftServerProxy (RaftServerProxy.java:addNew(93)) - 3a30c70a-afb4-4972-9ec7-d80bc6a022c1: addNew group-C4C2DEFD60A4:[7af6e544-b19e-4e2d-9251-ecb63652227a|rpc:172.17.0.2:43059|dataStream:, 915951e0-2de3-47e7-b2a6-49572f683f02|rpc:172.17.0.2:37099|dataStream:, 3a30c70a-afb4-4972-9ec7-d80bc6a022c1|rpc:172.17.0.2:44169|dataStream:] returns group-C4C2DEFD60A4:java.util.concurrent.CompletableFuture@1271ddc4[Not completed]
2020-11-23 16:44:04,492 [pool-191-thread-1] INFO  impl.RaftServerImpl (RaftServerImpl.java:<init>(121)) - 3a30c70a-afb4-4972-9ec7-d80bc6a022c1: new RaftServerImpl for group-C4C2DEFD60A4:[7af6e544-b19e-4e2d-9251-ecb63652227a|rpc:172.17.0.2:43059|dataStream:, 915951e0-2de3-47e7-b2a6-49572f683f02|rpc:172.17.0.2:37099|dataStream:, 3a30c70a-afb4-4972-9ec7-d80bc6a022c1|rpc:172.17.0.2:44169|dataStream:] with ContainerStateMachine:uninitialized
2020-11-23 16:44:04,493 [pool-191-thread-1] INFO  server.RaftServerConfigKeys (ConfUtils.java:logGet(44)) - raft.server.rpc.timeout.min = 5s (custom)
2020-11-23 16:44:04,493 [pool-191-thread-1] INFO  server.RaftServerConfigKeys (ConfUtils.java:logGet(44)) - raft.server.rpc.timeout.max = 5200ms (custom)
2020-11-23 16:44:04,493 [pool-191-thread-1] INFO  server.RaftServerConfigKeys (ConfUtils.java:logGet(44)) - raft.server.rpc.slowness.timeout = 300s (custom)
2020-11-23 16:44:04,493 [pool-191-thread-1] INFO  server.RaftServerConfigKeys (ConfUtils.java:logGet(44)) - raft.server.leaderelection.leader.step-down.wait-time = 10s (default)
2020-11-23 16:44:04,493 [pool-191-thread-1] INFO  server.RaftServerConfigKeys (ConfUtils.java:logGet(44)) - raft.server.sleep.deviation.threshold = 300 (default)
2020-11-23 16:44:04,493 [pool-191-thread-1] INFO  server.RaftServerConfigKeys (ConfUtils.java:logGet(44)) - raft.server.log.appender.install.snapshot.enabled = false (custom)
2020-11-23 16:44:04,493 [pool-191-thread-1] INFO  impl.RaftServerImpl (ServerState.java:<init>(104)) - 3a30c70a-afb4-4972-9ec7-d80bc6a022c1@group-C4C2DEFD60A4: ConfigurationManager, init=-1: [7af6e544-b19e-4e2d-9251-ecb63652227a|rpc:172.17.0.2:43059|dataStream:, 915951e0-2de3-47e7-b2a6-49572f683f02|rpc:172.17.0.2:37099|dataStream:, 3a30c70a-afb4-4972-9ec7-d80bc6a022c1|rpc:172.17.0.2:44169|dataStream:], old=null, confs=<EMPTY_MAP>
2020-11-23 16:44:04,494 [pool-191-thread-1] INFO  server.RaftServerConfigKeys (ConfUtils.java:logGet(44)) - raft.server.storage.dir = [/github/workspace/mnt/ozone/hadoop-ozone/integration-test/target/test-dir/MiniOzoneClusterImpl-1f6412f7-deda-49d6-8890-c33526f8416a/datanode-1/data/ratis] (custom)
2020-11-23 16:44:04,494 [pool-191-thread-1] INFO  server.RaftServerConfigKeys (ConfUtils.java:logGet(44)) - raft.server.log.corruption.policy = EXCEPTION (default)
2020-11-23 16:44:04,494 [pool-191-thread-1] INFO  storage.RaftStorageDirectory (RaftStorageDirectory.java:analyzeStorage(261)) - The storage directory /github/workspace/mnt/ozone/hadoop-ozone/integration-test/target/test-dir/MiniOzoneClusterImpl-1f6412f7-deda-49d6-8890-c33526f8416a/datanode-1/data/ratis/18d1ce86-700c-46a9-a4b0-c4c2defd60a4 does not exist. Creating ...
2020-11-23 16:44:04,496 [pool-191-thread-1] INFO  storage.RaftStorageDirectory (RaftStorageDirectory.java:tryLock(343)) - Lock on /github/workspace/mnt/ozone/hadoop-ozone/integration-test/target/test-dir/MiniOzoneClusterImpl-1f6412f7-deda-49d6-8890-c33526f8416a/datanode-1/data/ratis/18d1ce86-700c-46a9-a4b0-c4c2defd60a4/in_use.lock acquired by nodename 2010@dcde956c9b9e
2020-11-23 16:44:04,497 [pool-191-thread-1] INFO  storage.RaftStorage (RaftStorage.java:format(85)) - Storage directory /github/workspace/mnt/ozone/hadoop-ozone/integration-test/target/test-dir/MiniOzoneClusterImpl-1f6412f7-deda-49d6-8890-c33526f8416a/datanode-1/data/ratis/18d1ce86-700c-46a9-a4b0-c4c2defd60a4 has been successfully formatted.
2020-11-23 16:44:04,498 [pool-191-thread-1] INFO  ratis.ContainerStateMachine (ContainerStateMachine.java:loadSnapshot(225)) - group-C4C2DEFD60A4: The snapshot info is null. Setting the last applied indexto:(t:0, i:~)
2020-11-23 16:44:04,498 [pool-191-thread-1] INFO  server.RaftServerConfigKeys (ConfUtils.java:logGet(44)) - raft.server.notification.no-leader.timeout = 300s (custom)
2020-11-23 16:44:04,498 [pool-191-thread-1] INFO  server.RaftServerConfigKeys (ConfUtils.java:logGet(44)) - raft.server.log.use.memory = false (default)
2020-11-23 16:44:04,499 [EventQueue-PipelineReportForOneReplicaPipelineSafeModeRule] INFO  safemode.SCMSafeModeManager (SCMSafeModeManager.java:validateSafeModeExitRules(214)) - AtleastOneDatanodeReportedRule rule is successfully validated
2020-11-23 16:44:04,500 [pool-191-thread-1] INFO  server.RaftServerConfigKeys (ConfUtils.java:logGet(44)) - raft.server.log.purge.gap = 1000000 (custom)
2020-11-23 16:44:04,500 [pool-191-thread-1] INFO  metrics.RatisMetrics (RatisMetrics.java:lambda$create$0(36)) - Creating Metrics Registry : ratis.log_worker.3a30c70a-afb4-4972-9ec7-d80bc6a022c1@group-C4C2DEFD60A4
2020-11-23 16:44:04,500 [pool-191-thread-1] INFO  server.RaftServerConfigKeys (ConfUtils.java:logGet(44)) - raft.server.log.appender.buffer.byte-limit = 33554432 (custom)
2020-11-23 16:44:04,500 [pool-191-thread-1] INFO  server.RaftServerConfigKeys (ConfUtils.java:logGet(44)) - raft.server.log.segment.size.max = 1048576 (custom)
2020-11-23 16:44:04,501 [pool-191-thread-1] INFO  server.RaftServerConfigKeys (ConfUtils.java:logGet(44)) - raft.server.log.segment.cache.num.max = 2 (custom)
2020-11-23 16:44:04,501 [pool-191-thread-1] INFO  segmented.SegmentedRaftLogWorker (SegmentedRaftLogWorker.java:<init>(180)) - new 3a30c70a-afb4-4972-9ec7-d80bc6a022c1@group-C4C2DEFD60A4-SegmentedRaftLogWorker for RaftStorage:Storage Directory /github/workspace/mnt/ozone/hadoop-ozone/integration-test/target/test-dir/MiniOzoneClusterImpl-1f6412f7-deda-49d6-8890-c33526f8416a/datanode-1/data/ratis/18d1ce86-700c-46a9-a4b0-c4c2defd60a4
2020-11-23 16:44:04,501 [pool-191-thread-1] INFO  server.RaftServerConfigKeys (ConfUtils.java:logGet(44)) - raft.server.log.queue.byte-limit = 2147483647 (custom)
2020-11-23 16:44:04,501 [pool-191-thread-1] INFO  server.RaftServerConfigKeys (ConfUtils.java:logGet(44)) - raft.server.log.queue.element-limit = 1024 (custom)
2020-11-23 16:44:04,501 [pool-191-thread-1] INFO  server.RaftServerConfigKeys (ConfUtils.java:logGet(44)) - raft.server.log.segment.size.max = 1048576 (custom)
2020-11-23 16:44:04,501 [pool-191-thread-1] INFO  server.RaftServerConfigKeys (ConfUtils.java:logGet(44)) - raft.server.log.preallocated.size = 16384 (custom)
2020-11-23 16:44:04,501 [pool-191-thread-1] INFO  server.RaftServerConfigKeys (ConfUtils.java:logGet(44)) - raft.server.log.write.buffer.size = 1048576 (custom)
2020-11-23 16:44:04,501 [pool-191-thread-1] INFO  server.RaftServerConfigKeys (ConfUtils.java:logGet(44)) - raft.server.log.force.sync.num = 128 (default)
2020-11-23 16:44:04,501 [pool-191-thread-1] INFO  server.RaftServerConfigKeys (ConfUtils.java:logGet(44)) - raft.server.log.statemachine.data.sync = true (default)
2020-11-23 16:44:04,502 [pool-191-thread-1] INFO  server.RaftServerConfigKeys (ConfUtils.java:logGet(44)) - raft.server.log.statemachine.data.sync.timeout = 10s (default)
2020-11-23 16:44:04,502 [pool-191-thread-1] INFO  server.RaftServerConfigKeys (ConfUtils.java:logGet(44)) - raft.server.log.statemachine.data.sync.timeout.retry = -1 (default)
2020-11-23 16:44:04,504 [pool-191-thread-1] INFO  server.RaftServerConfigKeys (ConfUtils.java:logGet(44)) - raft.server.log.statemachine.data.caching.enabled = true (custom)
2020-11-23 16:44:04,504 [pool-191-thread-1] INFO  segmented.SegmentedRaftLogWorker (SegmentedRaftLogWorker.java:lambda$new$0(129)) - 3a30c70a-afb4-4972-9ec7-d80bc6a022c1@group-C4C2DEFD60A4-SegmentedRaftLogWorker: flushIndex: setUnconditionally 0 -> -1
2020-11-23 16:44:04,504 [pool-191-thread-1] INFO  segmented.SegmentedRaftLogWorker (SegmentedRaftLogWorker.java:lambda$new$0(129)) - 3a30c70a-afb4-4972-9ec7-d80bc6a022c1@group-C4C2DEFD60A4-SegmentedRaftLogWorker: safeCacheEvictIndex: setUnconditionally 0 -> -1
2020-11-23 16:44:04,504 [pool-191-thread-1] INFO  server.RaftServerConfigKeys (ConfUtils.java:logGet(44)) - raft.server.snapshot.auto.trigger.enabled = true (custom)
2020-11-23 16:44:04,504 [pool-191-thread-1] INFO  server.RaftServerConfigKeys (ConfUtils.java:logGet(44)) - raft.server.snapshot.auto.trigger.threshold = 10000 (custom)
2020-11-23 16:44:04,504 [pool-191-thread-1] INFO  server.RaftServerConfigKeys (ConfUtils.java:logGet(44)) - raft.server.snapshot.retention.file.num = 5 (custom)
2020-11-23 16:44:04,504 [pool-191-thread-1] INFO  server.RaftServerConfigKeys (ConfUtils.java:logGet(44)) - raft.server.log.purge.upto.snapshot.index = false (default)
2020-11-23 16:44:04,505 [pool-191-thread-1] INFO  server.RaftServerConfigKeys (ConfUtils.java:logGet(44)) - raft.server.retrycache.expirytime = 600000ms (custom)
2020-11-23 16:44:04,505 [pool-191-thread-1] INFO  metrics.RatisMetrics (RatisMetrics.java:lambda$create$0(36)) - Creating Metrics Registry : ratis.leader_election.3a30c70a-afb4-4972-9ec7-d80bc6a022c1@group-C4C2DEFD60A4
2020-11-23 16:44:04,505 [pool-191-thread-1] INFO  metrics.RatisMetrics (RatisMetrics.java:lambda$create$0(36)) - Creating Metrics Registry : ratis.server.3a30c70a-afb4-4972-9ec7-d80bc6a022c1@group-C4C2DEFD60A4
2020-11-23 16:44:04,506 [pool-191-thread-1] INFO  impl.RaftServerImpl (RaftServerImpl.java:start(215)) - 3a30c70a-afb4-4972-9ec7-d80bc6a022c1@group-C4C2DEFD60A4: start as a follower, conf=-1: [7af6e544-b19e-4e2d-9251-ecb63652227a|rpc:172.17.0.2:43059|dataStream:, 915951e0-2de3-47e7-b2a6-49572f683f02|rpc:172.17.0.2:37099|dataStream:, 3a30c70a-afb4-4972-9ec7-d80bc6a022c1|rpc:172.17.0.2:44169|dataStream:], old=null
2020-11-23 16:44:04,506 [pool-191-thread-1] INFO  impl.RaftServerImpl (RaftServerImpl.java:setRole(204)) - 3a30c70a-afb4-4972-9ec7-d80bc6a022c1@group-C4C2DEFD60A4: changes role from      null to FOLLOWER at term 0 for startAsFollower
2020-11-23 16:44:04,506 [pool-191-thread-1] INFO  impl.RoleInfo (RoleInfo.java:updateAndGet(143)) - 3a30c70a-afb4-4972-9ec7-d80bc6a022c1: start 3a30c70a-afb4-4972-9ec7-d80bc6a022c1@group-C4C2DEFD60A4-FollowerState
2020-11-23 16:44:04,508 [pool-191-thread-1] INFO  util.JmxRegister (JmxRegister.java:tryRegister(44)) - Successfully registered JMX Bean with object name Ratis:service=RaftServer,group=group-C4C2DEFD60A4,id=3a30c70a-afb4-4972-9ec7-d80bc6a022c1
2020-11-23 16:44:04,508 [pool-191-thread-1] INFO  metrics.RatisMetrics (RatisMetrics.java:lambda$create$0(36)) - Creating Metrics Registry : ratis.state_machine.3a30c70a-afb4-4972-9ec7-d80bc6a022c1@group-C4C2DEFD60A4
2020-11-23 16:44:04,531 [Command processor thread] INFO  metrics.RatisMetrics (RatisMetrics.java:lambda$create$0(36)) - Creating Metrics Registry : ratis.client_message_metrics.client-E588CE0CD0F0->915951e0-2de3-47e7-b2a6-49572f683f02
2020-11-23 16:44:04,538 [grpc-default-executor-0] INFO  metrics.RatisMetrics (RatisMetrics.java:lambda$create$0(36)) - Creating Metrics Registry : ratis.server_message_metrics.915951e0-2de3-47e7-b2a6-49572f683f02
2020-11-23 16:44:04,541 [grpc-default-executor-0] INFO  impl.RaftServerProxy (RaftServerProxy.java:addNew(93)) - 915951e0-2de3-47e7-b2a6-49572f683f02: addNew group-C4C2DEFD60A4:[7af6e544-b19e-4e2d-9251-ecb63652227a|rpc:172.17.0.2:43059|dataStream:, 915951e0-2de3-47e7-b2a6-49572f683f02|rpc:172.17.0.2:37099|dataStream:, 3a30c70a-afb4-4972-9ec7-d80bc6a022c1|rpc:172.17.0.2:44169|dataStream:] returns group-C4C2DEFD60A4:java.util.concurrent.CompletableFuture@36011579[Not completed]
2020-11-23 16:44:04,542 [pool-207-thread-1] INFO  impl.RaftServerImpl (RaftServerImpl.java:<init>(121)) - 915951e0-2de3-47e7-b2a6-49572f683f02: new RaftServerImpl for group-C4C2DEFD60A4:[7af6e544-b19e-4e2d-9251-ecb63652227a|rpc:172.17.0.2:43059|dataStream:, 915951e0-2de3-47e7-b2a6-49572f683f02|rpc:172.17.0.2:37099|dataStream:, 3a30c70a-afb4-4972-9ec7-d80bc6a022c1|rpc:172.17.0.2:44169|dataStream:] with ContainerStateMachine:uninitialized
2020-11-23 16:44:04,543 [pool-207-thread-1] INFO  server.RaftServerConfigKeys (ConfUtils.java:logGet(44)) - raft.server.rpc.timeout.min = 5s (custom)
2020-11-23 16:44:04,543 [pool-207-thread-1] INFO  server.RaftServerConfigKeys (ConfUtils.java:logGet(44)) - raft.server.rpc.timeout.max = 5200ms (custom)
2020-11-23 16:44:04,543 [pool-207-thread-1] INFO  server.RaftServerConfigKeys (ConfUtils.java:logGet(44)) - raft.server.rpc.slowness.timeout = 300s (custom)
2020-11-23 16:44:04,543 [pool-207-thread-1] INFO  server.RaftServerConfigKeys (ConfUtils.java:logGet(44)) - raft.server.leaderelection.leader.step-down.wait-time = 10s (default)
2020-11-23 16:44:04,543 [pool-207-thread-1] INFO  server.RaftServerConfigKeys (ConfUtils.java:logGet(44)) - raft.server.sleep.deviation.threshold = 300 (default)
2020-11-23 16:44:04,543 [pool-207-thread-1] INFO  server.RaftServerConfigKeys (ConfUtils.java:logGet(44)) - raft.server.log.appender.install.snapshot.enabled = false (custom)
2020-11-23 16:44:04,543 [pool-207-thread-1] INFO  impl.RaftServerImpl (ServerState.java:<init>(104)) - 915951e0-2de3-47e7-b2a6-49572f683f02@group-C4C2DEFD60A4: ConfigurationManager, init=-1: [7af6e544-b19e-4e2d-9251-ecb63652227a|rpc:172.17.0.2:43059|dataStream:, 915951e0-2de3-47e7-b2a6-49572f683f02|rpc:172.17.0.2:37099|dataStream:, 3a30c70a-afb4-4972-9ec7-d80bc6a022c1|rpc:172.17.0.2:44169|dataStream:], old=null, confs=<EMPTY_MAP>
2020-11-23 16:44:04,543 [pool-207-thread-1] INFO  server.RaftServerConfigKeys (ConfUtils.java:logGet(44)) - raft.server.storage.dir = [/github/workspace/mnt/ozone/hadoop-ozone/integration-test/target/test-dir/MiniOzoneClusterImpl-1f6412f7-deda-49d6-8890-c33526f8416a/datanode-2/data/ratis] (custom)
2020-11-23 16:44:04,544 [pool-207-thread-1] INFO  server.RaftServerConfigKeys (ConfUtils.java:logGet(44)) - raft.server.log.corruption.policy = EXCEPTION (default)
2020-11-23 16:44:04,544 [pool-207-thread-1] INFO  storage.RaftStorageDirectory (RaftStorageDirectory.java:analyzeStorage(261)) - The storage directory /github/workspace/mnt/ozone/hadoop-ozone/integration-test/target/test-dir/MiniOzoneClusterImpl-1f6412f7-deda-49d6-8890-c33526f8416a/datanode-2/data/ratis/18d1ce86-700c-46a9-a4b0-c4c2defd60a4 does not exist. Creating ...
2020-11-23 16:44:04,545 [pool-207-thread-1] INFO  storage.RaftStorageDirectory (RaftStorageDirectory.java:tryLock(343)) - Lock on /github/workspace/mnt/ozone/hadoop-ozone/integration-test/target/test-dir/MiniOzoneClusterImpl-1f6412f7-deda-49d6-8890-c33526f8416a/datanode-2/data/ratis/18d1ce86-700c-46a9-a4b0-c4c2defd60a4/in_use.lock acquired by nodename 2010@dcde956c9b9e
2020-11-23 16:44:04,546 [pool-207-thread-1] INFO  storage.RaftStorage (RaftStorage.java:format(85)) - Storage directory /github/workspace/mnt/ozone/hadoop-ozone/integration-test/target/test-dir/MiniOzoneClusterImpl-1f6412f7-deda-49d6-8890-c33526f8416a/datanode-2/data/ratis/18d1ce86-700c-46a9-a4b0-c4c2defd60a4 has been successfully formatted.
2020-11-23 16:44:04,547 [pool-207-thread-1] INFO  ratis.ContainerStateMachine (ContainerStateMachine.java:loadSnapshot(225)) - group-C4C2DEFD60A4: The snapshot info is null. Setting the last applied indexto:(t:0, i:~)
2020-11-23 16:44:04,547 [pool-207-thread-1] INFO  server.RaftServerConfigKeys (ConfUtils.java:logGet(44)) - raft.server.notification.no-leader.timeout = 300s (custom)
2020-11-23 16:44:04,547 [pool-207-thread-1] INFO  server.RaftServerConfigKeys (ConfUtils.java:logGet(44)) - raft.server.log.use.memory = false (default)
2020-11-23 16:44:04,547 [pool-207-thread-1] INFO  server.RaftServerConfigKeys (ConfUtils.java:logGet(44)) - raft.server.log.purge.gap = 1000000 (custom)
2020-11-23 16:44:04,547 [pool-207-thread-1] INFO  metrics.RatisMetrics (RatisMetrics.java:lambda$create$0(36)) - Creating Metrics Registry : ratis.log_worker.915951e0-2de3-47e7-b2a6-49572f683f02@group-C4C2DEFD60A4
2020-11-23 16:44:04,547 [pool-207-thread-1] INFO  server.RaftServerConfigKeys (ConfUtils.java:logGet(44)) - raft.server.log.appender.buffer.byte-limit = 33554432 (custom)
2020-11-23 16:44:04,547 [pool-207-thread-1] INFO  server.RaftServerConfigKeys (ConfUtils.java:logGet(44)) - raft.server.log.segment.size.max = 1048576 (custom)
2020-11-23 16:44:04,548 [pool-207-thread-1] INFO  server.RaftServerConfigKeys (ConfUtils.java:logGet(44)) - raft.server.log.segment.cache.num.max = 2 (custom)
2020-11-23 16:44:04,548 [pool-207-thread-1] INFO  segmented.SegmentedRaftLogWorker (SegmentedRaftLogWorker.java:<init>(180)) - new 915951e0-2de3-47e7-b2a6-49572f683f02@group-C4C2DEFD60A4-SegmentedRaftLogWorker for RaftStorage:Storage Directory /github/workspace/mnt/ozone/hadoop-ozone/integration-test/target/test-dir/MiniOzoneClusterImpl-1f6412f7-deda-49d6-8890-c33526f8416a/datanode-2/data/ratis/18d1ce86-700c-46a9-a4b0-c4c2defd60a4
2020-11-23 16:44:04,548 [pool-207-thread-1] INFO  server.RaftServerConfigKeys (ConfUtils.java:logGet(44)) - raft.server.log.queue.byte-limit = 2147483647 (custom)
2020-11-23 16:44:04,548 [pool-207-thread-1] INFO  server.RaftServerConfigKeys (ConfUtils.java:logGet(44)) - raft.server.log.queue.element-limit = 1024 (custom)
2020-11-23 16:44:04,549 [pool-207-thread-1] INFO  server.RaftServerConfigKeys (ConfUtils.java:logGet(44)) - raft.server.log.segment.size.max = 1048576 (custom)
2020-11-23 16:44:04,549 [pool-207-thread-1] INFO  server.RaftServerConfigKeys (ConfUtils.java:logGet(44)) - raft.server.log.preallocated.size = 16384 (custom)
2020-11-23 16:44:04,549 [pool-207-thread-1] INFO  server.RaftServerConfigKeys (ConfUtils.java:logGet(44)) - raft.server.log.write.buffer.size = 1048576 (custom)
2020-11-23 16:44:04,549 [pool-207-thread-1] INFO  server.RaftServerConfigKeys (ConfUtils.java:logGet(44)) - raft.server.log.force.sync.num = 128 (default)
2020-11-23 16:44:04,549 [pool-207-thread-1] INFO  server.RaftServerConfigKeys (ConfUtils.java:logGet(44)) - raft.server.log.statemachine.data.sync = true (default)
2020-11-23 16:44:04,549 [pool-207-thread-1] INFO  server.RaftServerConfigKeys (ConfUtils.java:logGet(44)) - raft.server.log.statemachine.data.sync.timeout = 10s (default)
2020-11-23 16:44:04,549 [pool-207-thread-1] INFO  server.RaftServerConfigKeys (ConfUtils.java:logGet(44)) - raft.server.log.statemachine.data.sync.timeout.retry = -1 (default)
2020-11-23 16:44:04,549 [EventQueue-PipelineReportForOneReplicaPipelineSafeModeRule] INFO  safemode.SCMSafeModeManager (SCMSafeModeManager.java:validateSafeModeExitRules(214)) - AtleastOneDatanodeReportedRule rule is successfully validated
2020-11-23 16:44:04,551 [pool-207-thread-1] INFO  server.RaftServerConfigKeys (ConfUtils.java:logGet(44)) - raft.server.log.statemachine.data.caching.enabled = true (custom)
2020-11-23 16:44:04,551 [pool-207-thread-1] INFO  segmented.SegmentedRaftLogWorker (SegmentedRaftLogWorker.java:lambda$new$0(129)) - 915951e0-2de3-47e7-b2a6-49572f683f02@group-C4C2DEFD60A4-SegmentedRaftLogWorker: flushIndex: setUnconditionally 0 -> -1
2020-11-23 16:44:04,551 [pool-207-thread-1] INFO  segmented.SegmentedRaftLogWorker (SegmentedRaftLogWorker.java:lambda$new$0(129)) - 915951e0-2de3-47e7-b2a6-49572f683f02@group-C4C2DEFD60A4-SegmentedRaftLogWorker: safeCacheEvictIndex: setUnconditionally 0 -> -1
2020-11-23 16:44:04,553 [pool-207-thread-1] INFO  server.RaftServerConfigKeys (ConfUtils.java:logGet(44)) - raft.server.snapshot.auto.trigger.enabled = true (custom)
2020-11-23 16:44:04,554 [pool-207-thread-1] INFO  server.RaftServerConfigKeys (ConfUtils.java:logGet(44)) - raft.server.snapshot.auto.trigger.threshold = 10000 (custom)
2020-11-23 16:44:04,554 [pool-207-thread-1] INFO  server.RaftServerConfigKeys (ConfUtils.java:logGet(44)) - raft.server.snapshot.retention.file.num = 5 (custom)
2020-11-23 16:44:04,554 [pool-207-thread-1] INFO  server.RaftServerConfigKeys (ConfUtils.java:logGet(44)) - raft.server.log.purge.upto.snapshot.index = false (default)
2020-11-23 16:44:04,554 [pool-207-thread-1] INFO  server.RaftServerConfigKeys (ConfUtils.java:logGet(44)) - raft.server.retrycache.expirytime = 600000ms (custom)
2020-11-23 16:44:04,554 [pool-207-thread-1] INFO  metrics.RatisMetrics (RatisMetrics.java:lambda$create$0(36)) - Creating Metrics Registry : ratis.leader_election.915951e0-2de3-47e7-b2a6-49572f683f02@group-C4C2DEFD60A4
2020-11-23 16:44:04,554 [pool-207-thread-1] INFO  metrics.RatisMetrics (RatisMetrics.java:lambda$create$0(36)) - Creating Metrics Registry : ratis.server.915951e0-2de3-47e7-b2a6-49572f683f02@group-C4C2DEFD60A4
2020-11-23 16:44:04,555 [pool-207-thread-1] INFO  impl.RaftServerImpl (RaftServerImpl.java:start(215)) - 915951e0-2de3-47e7-b2a6-49572f683f02@group-C4C2DEFD60A4: start as a follower, conf=-1: [7af6e544-b19e-4e2d-9251-ecb63652227a|rpc:172.17.0.2:43059|dataStream:, 915951e0-2de3-47e7-b2a6-49572f683f02|rpc:172.17.0.2:37099|dataStream:, 3a30c70a-afb4-4972-9ec7-d80bc6a022c1|rpc:172.17.0.2:44169|dataStream:], old=null
2020-11-23 16:44:04,555 [pool-207-thread-1] INFO  impl.RaftServerImpl (RaftServerImpl.java:setRole(204)) - 915951e0-2de3-47e7-b2a6-49572f683f02@group-C4C2DEFD60A4: changes role from      null to FOLLOWER at term 0 for startAsFollower
2020-11-23 16:44:04,555 [pool-207-thread-1] INFO  impl.RoleInfo (RoleInfo.java:updateAndGet(143)) - 915951e0-2de3-47e7-b2a6-49572f683f02: start 915951e0-2de3-47e7-b2a6-49572f683f02@group-C4C2DEFD60A4-FollowerState
2020-11-23 16:44:04,559 [pool-207-thread-1] INFO  util.JmxRegister (JmxRegister.java:tryRegister(44)) - Successfully registered JMX Bean with object name Ratis:service=RaftServer,group=group-C4C2DEFD60A4,id=915951e0-2de3-47e7-b2a6-49572f683f02
2020-11-23 16:44:04,559 [pool-207-thread-1] INFO  metrics.RatisMetrics (RatisMetrics.java:lambda$create$0(36)) - Creating Metrics Registry : ratis.state_machine.915951e0-2de3-47e7-b2a6-49572f683f02@group-C4C2DEFD60A4
2020-11-23 16:44:04,566 [Command processor thread] INFO  commandhandler.CreatePipelineCommandHandler (CreatePipelineCommandHandler.java:handle(106)) - Created Pipeline RATIS THREE PipelineID=18d1ce86-700c-46a9-a4b0-c4c2defd60a4.
2020-11-23 16:44:04,645 [Command processor thread] INFO  impl.RaftServerProxy (RaftServerProxy.java:addNew(93)) - 3a30c70a-afb4-4972-9ec7-d80bc6a022c1: addNew group-77A16D44A77E:[3a30c70a-afb4-4972-9ec7-d80bc6a022c1|rpc:172.17.0.2:44169] returns group-77A16D44A77E:java.util.concurrent.CompletableFuture@296386cb[Not completed]
2020-11-23 16:44:04,646 [pool-191-thread-1] INFO  impl.RaftServerImpl (RaftServerImpl.java:<init>(121)) - 3a30c70a-afb4-4972-9ec7-d80bc6a022c1: new RaftServerImpl for group-77A16D44A77E:[3a30c70a-afb4-4972-9ec7-d80bc6a022c1|rpc:172.17.0.2:44169] with ContainerStateMachine:uninitialized
2020-11-23 16:44:04,646 [pool-191-thread-1] INFO  server.RaftServerConfigKeys (ConfUtils.java:logGet(44)) - raft.server.rpc.timeout.min = 5s (custom)
2020-11-23 16:44:04,646 [pool-191-thread-1] INFO  server.RaftServerConfigKeys (ConfUtils.java:logGet(44)) - raft.server.rpc.timeout.max = 5200ms (custom)
2020-11-23 16:44:04,646 [pool-191-thread-1] INFO  server.RaftServerConfigKeys (ConfUtils.java:logGet(44)) - raft.server.rpc.slowness.timeout = 300s (custom)
2020-11-23 16:44:04,646 [pool-191-thread-1] INFO  server.RaftServerConfigKeys (ConfUtils.java:logGet(44)) - raft.server.leaderelection.leader.step-down.wait-time = 10s (default)
2020-11-23 16:44:04,646 [pool-191-thread-1] INFO  server.RaftServerConfigKeys (ConfUtils.java:logGet(44)) - raft.server.sleep.deviation.threshold = 300 (default)
2020-11-23 16:44:04,647 [pool-191-thread-1] INFO  server.RaftServerConfigKeys (ConfUtils.java:logGet(44)) - raft.server.log.appender.install.snapshot.enabled = false (custom)
2020-11-23 16:44:04,647 [pool-191-thread-1] INFO  impl.RaftServerImpl (ServerState.java:<init>(104)) - 3a30c70a-afb4-4972-9ec7-d80bc6a022c1@group-77A16D44A77E: ConfigurationManager, init=-1: [3a30c70a-afb4-4972-9ec7-d80bc6a022c1|rpc:172.17.0.2:44169], old=null, confs=<EMPTY_MAP>
2020-11-23 16:44:04,647 [pool-191-thread-1] INFO  server.RaftServerConfigKeys (ConfUtils.java:logGet(44)) - raft.server.storage.dir = [/github/workspace/mnt/ozone/hadoop-ozone/integration-test/target/test-dir/MiniOzoneClusterImpl-1f6412f7-deda-49d6-8890-c33526f8416a/datanode-1/data/ratis] (custom)
2020-11-23 16:44:04,647 [pool-191-thread-1] INFO  server.RaftServerConfigKeys (ConfUtils.java:logGet(44)) - raft.server.log.corruption.policy = EXCEPTION (default)
2020-11-23 16:44:04,647 [pool-191-thread-1] INFO  storage.RaftStorageDirectory (RaftStorageDirectory.java:analyzeStorage(261)) - The storage directory /github/workspace/mnt/ozone/hadoop-ozone/integration-test/target/test-dir/MiniOzoneClusterImpl-1f6412f7-deda-49d6-8890-c33526f8416a/datanode-1/data/ratis/ad56f08d-aa1f-4db6-ada8-77a16d44a77e does not exist. Creating ...
2020-11-23 16:44:04,650 [pool-191-thread-1] INFO  storage.RaftStorageDirectory (RaftStorageDirectory.java:tryLock(343)) - Lock on /github/workspace/mnt/ozone/hadoop-ozone/integration-test/target/test-dir/MiniOzoneClusterImpl-1f6412f7-deda-49d6-8890-c33526f8416a/datanode-1/data/ratis/ad56f08d-aa1f-4db6-ada8-77a16d44a77e/in_use.lock acquired by nodename 2010@dcde956c9b9e
2020-11-23 16:44:04,652 [pool-191-thread-1] INFO  storage.RaftStorage (RaftStorage.java:format(85)) - Storage directory /github/workspace/mnt/ozone/hadoop-ozone/integration-test/target/test-dir/MiniOzoneClusterImpl-1f6412f7-deda-49d6-8890-c33526f8416a/datanode-1/data/ratis/ad56f08d-aa1f-4db6-ada8-77a16d44a77e has been successfully formatted.
2020-11-23 16:44:04,652 [pool-191-thread-1] INFO  ratis.ContainerStateMachine (ContainerStateMachine.java:loadSnapshot(225)) - group-77A16D44A77E: The snapshot info is null. Setting the last applied indexto:(t:0, i:~)
2020-11-23 16:44:04,652 [pool-191-thread-1] INFO  server.RaftServerConfigKeys (ConfUtils.java:logGet(44)) - raft.server.notification.no-leader.timeout = 300s (custom)
2020-11-23 16:44:04,652 [pool-191-thread-1] INFO  server.RaftServerConfigKeys (ConfUtils.java:logGet(44)) - raft.server.log.use.memory = false (default)
2020-11-23 16:44:04,652 [pool-191-thread-1] INFO  server.RaftServerConfigKeys (ConfUtils.java:logGet(44)) - raft.server.log.purge.gap = 1000000 (custom)
2020-11-23 16:44:04,653 [pool-191-thread-1] INFO  metrics.RatisMetrics (RatisMetrics.java:lambda$create$0(36)) - Creating Metrics Registry : ratis.log_worker.3a30c70a-afb4-4972-9ec7-d80bc6a022c1@group-77A16D44A77E
2020-11-23 16:44:04,653 [pool-191-thread-1] INFO  server.RaftServerConfigKeys (ConfUtils.java:logGet(44)) - raft.server.log.appender.buffer.byte-limit = 33554432 (custom)
2020-11-23 16:44:04,653 [pool-191-thread-1] INFO  server.RaftServerConfigKeys (ConfUtils.java:logGet(44)) - raft.server.log.segment.size.max = 1048576 (custom)
2020-11-23 16:44:04,653 [EventQueue-PipelineReportForPipelineReportHandler] INFO  pipeline.PipelineStateManager (PipelineStateManager.java:openPipeline(132)) - Pipeline Pipeline[ Id: ad56f08d-aa1f-4db6-ada8-77a16d44a77e, Nodes: 3a30c70a-afb4-4972-9ec7-d80bc6a022c1{ip: 172.17.0.2, host: dcde956c9b9e, networkLocation: /default-rack, certSerialId: null}, Type:RATIS, Factor:ONE, State:ALLOCATED, leaderId:3a30c70a-afb4-4972-9ec7-d80bc6a022c1, CreationTimestamp2020-11-23T16:44:01.648Z] moved to OPEN state
2020-11-23 16:44:04,654 [pool-191-thread-1] INFO  server.RaftServerConfigKeys (ConfUtils.java:logGet(44)) - raft.server.log.segment.cache.num.max = 2 (custom)
2020-11-23 16:44:04,654 [pool-191-thread-1] INFO  segmented.SegmentedRaftLogWorker (SegmentedRaftLogWorker.java:<init>(180)) - new 3a30c70a-afb4-4972-9ec7-d80bc6a022c1@group-77A16D44A77E-SegmentedRaftLogWorker for RaftStorage:Storage Directory /github/workspace/mnt/ozone/hadoop-ozone/integration-test/target/test-dir/MiniOzoneClusterImpl-1f6412f7-deda-49d6-8890-c33526f8416a/datanode-1/data/ratis/ad56f08d-aa1f-4db6-ada8-77a16d44a77e
2020-11-23 16:44:04,654 [EventQueue-PipelineReportForOneReplicaPipelineSafeModeRule] INFO  safemode.SCMSafeModeManager (SCMSafeModeManager.java:validateSafeModeExitRules(214)) - AtleastOneDatanodeReportedRule rule is successfully validated
2020-11-23 16:44:04,654 [EventQueue-OpenPipelineForHealthyPipelineSafeModeRule] INFO  safemode.SCMSafeModeManager (HealthyPipelineSafeModeRule.java:process(128)) - SCM in safe mode. Healthy pipelines reported count is 0, required healthy pipeline reported count is 1
2020-11-23 16:44:04,654 [pool-191-thread-1] INFO  server.RaftServerConfigKeys (ConfUtils.java:logGet(44)) - raft.server.log.queue.byte-limit = 2147483647 (custom)
2020-11-23 16:44:04,654 [pool-191-thread-1] INFO  server.RaftServerConfigKeys (ConfUtils.java:logGet(44)) - raft.server.log.queue.element-limit = 1024 (custom)
2020-11-23 16:44:04,654 [pool-191-thread-1] INFO  server.RaftServerConfigKeys (ConfUtils.java:logGet(44)) - raft.server.log.segment.size.max = 1048576 (custom)
2020-11-23 16:44:04,654 [pool-191-thread-1] INFO  server.RaftServerConfigKeys (ConfUtils.java:logGet(44)) - raft.server.log.preallocated.size = 16384 (custom)
2020-11-23 16:44:04,654 [pool-191-thread-1] INFO  server.RaftServerConfigKeys (ConfUtils.java:logGet(44)) - raft.server.log.write.buffer.size = 1048576 (custom)
2020-11-23 16:44:04,654 [pool-191-thread-1] INFO  server.RaftServerConfigKeys (ConfUtils.java:logGet(44)) - raft.server.log.force.sync.num = 128 (default)
2020-11-23 16:44:04,654 [pool-191-thread-1] INFO  server.RaftServerConfigKeys (ConfUtils.java:logGet(44)) - raft.server.log.statemachine.data.sync = true (default)
2020-11-23 16:44:04,655 [pool-191-thread-1] INFO  server.RaftServerConfigKeys (ConfUtils.java:logGet(44)) - raft.server.log.statemachine.data.sync.timeout = 10s (default)
2020-11-23 16:44:04,655 [pool-191-thread-1] INFO  server.RaftServerConfigKeys (ConfUtils.java:logGet(44)) - raft.server.log.statemachine.data.sync.timeout.retry = -1 (default)
2020-11-23 16:44:04,657 [pool-191-thread-1] INFO  server.RaftServerConfigKeys (ConfUtils.java:logGet(44)) - raft.server.log.statemachine.data.caching.enabled = true (custom)
2020-11-23 16:44:04,657 [pool-191-thread-1] INFO  segmented.SegmentedRaftLogWorker (SegmentedRaftLogWorker.java:lambda$new$0(129)) - 3a30c70a-afb4-4972-9ec7-d80bc6a022c1@group-77A16D44A77E-SegmentedRaftLogWorker: flushIndex: setUnconditionally 0 -> -1
2020-11-23 16:44:04,657 [pool-191-thread-1] INFO  segmented.SegmentedRaftLogWorker (SegmentedRaftLogWorker.java:lambda$new$0(129)) - 3a30c70a-afb4-4972-9ec7-d80bc6a022c1@group-77A16D44A77E-SegmentedRaftLogWorker: safeCacheEvictIndex: setUnconditionally 0 -> -1
2020-11-23 16:44:04,657 [pool-191-thread-1] INFO  server.RaftServerConfigKeys (ConfUtils.java:logGet(44)) - raft.server.snapshot.auto.trigger.enabled = true (custom)
2020-11-23 16:44:04,658 [pool-191-thread-1] INFO  server.RaftServerConfigKeys (ConfUtils.java:logGet(44)) - raft.server.snapshot.auto.trigger.threshold = 10000 (custom)
2020-11-23 16:44:04,658 [pool-191-thread-1] INFO  server.RaftServerConfigKeys (ConfUtils.java:logGet(44)) - raft.server.snapshot.retention.file.num = 5 (custom)
2020-11-23 16:44:04,658 [pool-191-thread-1] INFO  server.RaftServerConfigKeys (ConfUtils.java:logGet(44)) - raft.server.log.purge.upto.snapshot.index = false (default)
2020-11-23 16:44:04,658 [pool-191-thread-1] INFO  server.RaftServerConfigKeys (ConfUtils.java:logGet(44)) - raft.server.retrycache.expirytime = 600000ms (custom)
2020-11-23 16:44:04,658 [pool-191-thread-1] INFO  metrics.RatisMetrics (RatisMetrics.java:lambda$create$0(36)) - Creating Metrics Registry : ratis.leader_election.3a30c70a-afb4-4972-9ec7-d80bc6a022c1@group-77A16D44A77E
2020-11-23 16:44:04,659 [pool-191-thread-1] INFO  metrics.RatisMetrics (RatisMetrics.java:lambda$create$0(36)) - Creating Metrics Registry : ratis.server.3a30c70a-afb4-4972-9ec7-d80bc6a022c1@group-77A16D44A77E
2020-11-23 16:44:04,660 [pool-191-thread-1] INFO  impl.RaftServerImpl (RaftServerImpl.java:start(215)) - 3a30c70a-afb4-4972-9ec7-d80bc6a022c1@group-77A16D44A77E: start as a follower, conf=-1: [3a30c70a-afb4-4972-9ec7-d80bc6a022c1|rpc:172.17.0.2:44169], old=null
2020-11-23 16:44:04,660 [pool-191-thread-1] INFO  impl.RaftServerImpl (RaftServerImpl.java:setRole(204)) - 3a30c70a-afb4-4972-9ec7-d80bc6a022c1@group-77A16D44A77E: changes role from      null to FOLLOWER at term 0 for startAsFollower
2020-11-23 16:44:04,660 [pool-191-thread-1] INFO  impl.RoleInfo (RoleInfo.java:updateAndGet(143)) - 3a30c70a-afb4-4972-9ec7-d80bc6a022c1: start 3a30c70a-afb4-4972-9ec7-d80bc6a022c1@group-77A16D44A77E-FollowerState
2020-11-23 16:44:04,666 [pool-191-thread-1] INFO  util.JmxRegister (JmxRegister.java:tryRegister(44)) - Successfully registered JMX Bean with object name Ratis:service=RaftServer,group=group-77A16D44A77E,id=3a30c70a-afb4-4972-9ec7-d80bc6a022c1
2020-11-23 16:44:04,666 [pool-191-thread-1] INFO  metrics.RatisMetrics (RatisMetrics.java:lambda$create$0(36)) - Creating Metrics Registry : ratis.state_machine.3a30c70a-afb4-4972-9ec7-d80bc6a022c1@group-77A16D44A77E
2020-11-23 16:44:04,667 [Command processor thread] INFO  commandhandler.CreatePipelineCommandHandler (CreatePipelineCommandHandler.java:handle(106)) - Created Pipeline RATIS ONE PipelineID=ad56f08d-aa1f-4db6-ada8-77a16d44a77e.
2020-11-23 16:44:04,770 [Listener at 127.0.0.1/36807] INFO  ozone.MiniOzoneClusterImpl (MiniOzoneClusterImpl.java:lambda$waitForClusterToBeReady$0(178)) - Nodes are ready. Got 7 of 7 DN Heartbeats.
2020-11-23 16:44:04,770 [Listener at 127.0.0.1/36807] INFO  ozone.MiniOzoneClusterImpl (MiniOzoneClusterImpl.java:lambda$waitForClusterToBeReady$0(181)) - Waiting for cluster to exit safe mode
2020-11-23 16:44:04,862 [Command processor thread] INFO  impl.RaftServerProxy (RaftServerProxy.java:addNew(93)) - 915951e0-2de3-47e7-b2a6-49572f683f02: addNew group-536CFF86F5DE:[915951e0-2de3-47e7-b2a6-49572f683f02|rpc:172.17.0.2:37099] returns group-536CFF86F5DE:java.util.concurrent.CompletableFuture@ee77462[Not completed]
2020-11-23 16:44:04,863 [pool-207-thread-1] INFO  impl.RaftServerImpl (RaftServerImpl.java:<init>(121)) - 915951e0-2de3-47e7-b2a6-49572f683f02: new RaftServerImpl for group-536CFF86F5DE:[915951e0-2de3-47e7-b2a6-49572f683f02|rpc:172.17.0.2:37099] with ContainerStateMachine:uninitialized
2020-11-23 16:44:04,864 [pool-207-thread-1] INFO  server.RaftServerConfigKeys (ConfUtils.java:logGet(44)) - raft.server.rpc.timeout.min = 5s (custom)
2020-11-23 16:44:04,864 [pool-207-thread-1] INFO  server.RaftServerConfigKeys (ConfUtils.java:logGet(44)) - raft.server.rpc.timeout.max = 5200ms (custom)
2020-11-23 16:44:04,864 [pool-207-thread-1] INFO  server.RaftServerConfigKeys (ConfUtils.java:logGet(44)) - raft.server.rpc.slowness.timeout = 300s (custom)
2020-11-23 16:44:04,864 [pool-207-thread-1] INFO  server.RaftServerConfigKeys (ConfUtils.java:logGet(44)) - raft.server.leaderelection.leader.step-down.wait-time = 10s (default)
2020-11-23 16:44:04,864 [pool-207-thread-1] INFO  server.RaftServerConfigKeys (ConfUtils.java:logGet(44)) - raft.server.sleep.deviation.threshold = 300 (default)
2020-11-23 16:44:04,864 [pool-207-thread-1] INFO  server.RaftServerConfigKeys (ConfUtils.java:logGet(44)) - raft.server.log.appender.install.snapshot.enabled = false (custom)
2020-11-23 16:44:04,864 [pool-207-thread-1] INFO  impl.RaftServerImpl (ServerState.java:<init>(104)) - 915951e0-2de3-47e7-b2a6-49572f683f02@group-536CFF86F5DE: ConfigurationManager, init=-1: [915951e0-2de3-47e7-b2a6-49572f683f02|rpc:172.17.0.2:37099], old=null, confs=<EMPTY_MAP>
2020-11-23 16:44:04,864 [pool-207-thread-1] INFO  server.RaftServerConfigKeys (ConfUtils.java:logGet(44)) - raft.server.storage.dir = [/github/workspace/mnt/ozone/hadoop-ozone/integration-test/target/test-dir/MiniOzoneClusterImpl-1f6412f7-deda-49d6-8890-c33526f8416a/datanode-2/data/ratis] (custom)
2020-11-23 16:44:04,864 [pool-207-thread-1] INFO  server.RaftServerConfigKeys (ConfUtils.java:logGet(44)) - raft.server.log.corruption.policy = EXCEPTION (default)
2020-11-23 16:44:04,864 [pool-207-thread-1] INFO  storage.RaftStorageDirectory (RaftStorageDirectory.java:analyzeStorage(261)) - The storage directory /github/workspace/mnt/ozone/hadoop-ozone/integration-test/target/test-dir/MiniOzoneClusterImpl-1f6412f7-deda-49d6-8890-c33526f8416a/datanode-2/data/ratis/acad2458-f116-47a2-8a82-536cff86f5de does not exist. Creating ...
2020-11-23 16:44:04,866 [pool-207-thread-1] INFO  storage.RaftStorageDirectory (RaftStorageDirectory.java:tryLock(343)) - Lock on /github/workspace/mnt/ozone/hadoop-ozone/integration-test/target/test-dir/MiniOzoneClusterImpl-1f6412f7-deda-49d6-8890-c33526f8416a/datanode-2/data/ratis/acad2458-f116-47a2-8a82-536cff86f5de/in_use.lock acquired by nodename 2010@dcde956c9b9e
2020-11-23 16:44:04,867 [pool-207-thread-1] INFO  storage.RaftStorage (RaftStorage.java:format(85)) - Storage directory /github/workspace/mnt/ozone/hadoop-ozone/integration-test/target/test-dir/MiniOzoneClusterImpl-1f6412f7-deda-49d6-8890-c33526f8416a/datanode-2/data/ratis/acad2458-f116-47a2-8a82-536cff86f5de has been successfully formatted.
2020-11-23 16:44:04,867 [pool-207-thread-1] INFO  ratis.ContainerStateMachine (ContainerStateMachine.java:loadSnapshot(225)) - group-536CFF86F5DE: The snapshot info is null. Setting the last applied indexto:(t:0, i:~)
2020-11-23 16:44:04,867 [pool-207-thread-1] INFO  server.RaftServerConfigKeys (ConfUtils.java:logGet(44)) - raft.server.notification.no-leader.timeout = 300s (custom)
2020-11-23 16:44:04,867 [pool-207-thread-1] INFO  server.RaftServerConfigKeys (ConfUtils.java:logGet(44)) - raft.server.log.use.memory = false (default)
2020-11-23 16:44:04,867 [pool-207-thread-1] INFO  server.RaftServerConfigKeys (ConfUtils.java:logGet(44)) - raft.server.log.purge.gap = 1000000 (custom)
2020-11-23 16:44:04,868 [pool-207-thread-1] INFO  metrics.RatisMetrics (RatisMetrics.java:lambda$create$0(36)) - Creating Metrics Registry : ratis.log_worker.915951e0-2de3-47e7-b2a6-49572f683f02@group-536CFF86F5DE
2020-11-23 16:44:04,868 [EventQueue-PipelineReportForPipelineReportHandler] INFO  pipeline.PipelineStateManager (PipelineStateManager.java:openPipeline(132)) - Pipeline Pipeline[ Id: acad2458-f116-47a2-8a82-536cff86f5de, Nodes: 915951e0-2de3-47e7-b2a6-49572f683f02{ip: 172.17.0.2, host: dcde956c9b9e, networkLocation: /default-rack, certSerialId: null}, Type:RATIS, Factor:ONE, State:ALLOCATED, leaderId:915951e0-2de3-47e7-b2a6-49572f683f02, CreationTimestamp2020-11-23T16:44:01.865Z] moved to OPEN state
2020-11-23 16:44:04,868 [EventQueue-PipelineReportForOneReplicaPipelineSafeModeRule] INFO  safemode.SCMSafeModeManager (SCMSafeModeManager.java:validateSafeModeExitRules(214)) - AtleastOneDatanodeReportedRule rule is successfully validated
2020-11-23 16:44:04,869 [EventQueue-OpenPipelineForHealthyPipelineSafeModeRule] INFO  safemode.SCMSafeModeManager (HealthyPipelineSafeModeRule.java:process(128)) - SCM in safe mode. Healthy pipelines reported count is 0, required healthy pipeline reported count is 1
2020-11-23 16:44:04,869 [pool-207-thread-1] INFO  server.RaftServerConfigKeys (ConfUtils.java:logGet(44)) - raft.server.log.appender.buffer.byte-limit = 33554432 (custom)
2020-11-23 16:44:04,869 [pool-207-thread-1] INFO  server.RaftServerConfigKeys (ConfUtils.java:logGet(44)) - raft.server.log.segment.size.max = 1048576 (custom)
2020-11-23 16:44:04,870 [pool-207-thread-1] INFO  server.RaftServerConfigKeys (ConfUtils.java:logGet(44)) - raft.server.log.segment.cache.num.max = 2 (custom)
2020-11-23 16:44:04,870 [pool-207-thread-1] INFO  segmented.SegmentedRaftLogWorker (SegmentedRaftLogWorker.java:<init>(180)) - new 915951e0-2de3-47e7-b2a6-49572f683f02@group-536CFF86F5DE-SegmentedRaftLogWorker for RaftStorage:Storage Directory /github/workspace/mnt/ozone/hadoop-ozone/integration-test/target/test-dir/MiniOzoneClusterImpl-1f6412f7-deda-49d6-8890-c33526f8416a/datanode-2/data/ratis/acad2458-f116-47a2-8a82-536cff86f5de
2020-11-23 16:44:04,870 [pool-207-thread-1] INFO  server.RaftServerConfigKeys (ConfUtils.java:logGet(44)) - raft.server.log.queue.byte-limit = 2147483647 (custom)
2020-11-23 16:44:04,870 [pool-207-thread-1] INFO  server.RaftServerConfigKeys (ConfUtils.java:logGet(44)) - raft.server.log.queue.element-limit = 1024 (custom)
2020-11-23 16:44:04,870 [pool-207-thread-1] INFO  server.RaftServerConfigKeys (ConfUtils.java:logGet(44)) - raft.server.log.segment.size.max = 1048576 (custom)
2020-11-23 16:44:04,870 [pool-207-thread-1] INFO  server.RaftServerConfigKeys (ConfUtils.java:logGet(44)) - raft.server.log.preallocated.size = 16384 (custom)
2020-11-23 16:44:04,870 [pool-207-thread-1] INFO  server.RaftServerConfigKeys (ConfUtils.java:logGet(44)) - raft.server.log.write.buffer.size = 1048576 (custom)
2020-11-23 16:44:04,870 [pool-207-thread-1] INFO  server.RaftServerConfigKeys (ConfUtils.java:logGet(44)) - raft.server.log.force.sync.num = 128 (default)
2020-11-23 16:44:04,870 [pool-207-thread-1] INFO  server.RaftServerConfigKeys (ConfUtils.java:logGet(44)) - raft.server.log.statemachine.data.sync = true (default)
2020-11-23 16:44:04,870 [pool-207-thread-1] INFO  server.RaftServerConfigKeys (ConfUtils.java:logGet(44)) - raft.server.log.statemachine.data.sync.timeout = 10s (default)
2020-11-23 16:44:04,871 [pool-207-thread-1] INFO  server.RaftServerConfigKeys (ConfUtils.java:logGet(44)) - raft.server.log.statemachine.data.sync.timeout.retry = -1 (default)
2020-11-23 16:44:04,872 [pool-207-thread-1] INFO  server.RaftServerConfigKeys (ConfUtils.java:logGet(44)) - raft.server.log.statemachine.data.caching.enabled = true (custom)
2020-11-23 16:44:04,873 [pool-207-thread-1] INFO  segmented.SegmentedRaftLogWorker (SegmentedRaftLogWorker.java:lambda$new$0(129)) - 915951e0-2de3-47e7-b2a6-49572f683f02@group-536CFF86F5DE-SegmentedRaftLogWorker: flushIndex: setUnconditionally 0 -> -1
2020-11-23 16:44:04,873 [pool-207-thread-1] INFO  segmented.SegmentedRaftLogWorker (SegmentedRaftLogWorker.java:lambda$new$0(129)) - 915951e0-2de3-47e7-b2a6-49572f683f02@group-536CFF86F5DE-SegmentedRaftLogWorker: safeCacheEvictIndex: setUnconditionally 0 -> -1
2020-11-23 16:44:04,873 [pool-207-thread-1] INFO  server.RaftServerConfigKeys (ConfUtils.java:logGet(44)) - raft.server.snapshot.auto.trigger.enabled = true (custom)
2020-11-23 16:44:04,873 [pool-207-thread-1] INFO  server.RaftServerConfigKeys (ConfUtils.java:logGet(44)) - raft.server.snapshot.auto.trigger.threshold = 10000 (custom)
2020-11-23 16:44:04,873 [pool-207-thread-1] INFO  server.RaftServerConfigKeys (ConfUtils.java:logGet(44)) - raft.server.snapshot.retention.file.num = 5 (custom)
2020-11-23 16:44:04,873 [pool-207-thread-1] INFO  server.RaftServerConfigKeys (ConfUtils.java:logGet(44)) - raft.server.log.purge.upto.snapshot.index = false (default)
2020-11-23 16:44:04,873 [pool-207-thread-1] INFO  server.RaftServerConfigKeys (ConfUtils.java:logGet(44)) - raft.server.retrycache.expirytime = 600000ms (custom)
2020-11-23 16:44:04,873 [pool-207-thread-1] INFO  metrics.RatisMetrics (RatisMetrics.java:lambda$create$0(36)) - Creating Metrics Registry : ratis.leader_election.915951e0-2de3-47e7-b2a6-49572f683f02@group-536CFF86F5DE
2020-11-23 16:44:04,874 [pool-207-thread-1] INFO  metrics.RatisMetrics (RatisMetrics.java:lambda$create$0(36)) - Creating Metrics Registry : ratis.server.915951e0-2de3-47e7-b2a6-49572f683f02@group-536CFF86F5DE
2020-11-23 16:44:04,875 [pool-207-thread-1] INFO  impl.RaftServerImpl (RaftServerImpl.java:start(215)) - 915951e0-2de3-47e7-b2a6-49572f683f02@group-536CFF86F5DE: start as a follower, conf=-1: [915951e0-2de3-47e7-b2a6-49572f683f02|rpc:172.17.0.2:37099], old=null
2020-11-23 16:44:04,875 [pool-207-thread-1] INFO  impl.RaftServerImpl (RaftServerImpl.java:setRole(204)) - 915951e0-2de3-47e7-b2a6-49572f683f02@group-536CFF86F5DE: changes role from      null to FOLLOWER at term 0 for startAsFollower
2020-11-23 16:44:04,875 [pool-207-thread-1] INFO  impl.RoleInfo (RoleInfo.java:updateAndGet(143)) - 915951e0-2de3-47e7-b2a6-49572f683f02: start 915951e0-2de3-47e7-b2a6-49572f683f02@group-536CFF86F5DE-FollowerState
2020-11-23 16:44:04,885 [pool-207-thread-1] INFO  util.JmxRegister (JmxRegister.java:tryRegister(44)) - Successfully registered JMX Bean with object name Ratis:service=RaftServer,group=group-536CFF86F5DE,id=915951e0-2de3-47e7-b2a6-49572f683f02
2020-11-23 16:44:04,885 [pool-207-thread-1] INFO  metrics.RatisMetrics (RatisMetrics.java:lambda$create$0(36)) - Creating Metrics Registry : ratis.state_machine.915951e0-2de3-47e7-b2a6-49572f683f02@group-536CFF86F5DE
2020-11-23 16:44:04,886 [Command processor thread] INFO  commandhandler.CreatePipelineCommandHandler (CreatePipelineCommandHandler.java:handle(106)) - Created Pipeline RATIS ONE PipelineID=acad2458-f116-47a2-8a82-536cff86f5de.
2020-11-23 16:44:05,079 [Command processor thread] INFO  impl.RaftServerProxy (RaftServerProxy.java:addNew(93)) - a4898ab3-e2ea-4a1b-b74b-5f89fbd14327: addNew group-488B68F8AACF:[a4898ab3-e2ea-4a1b-b74b-5f89fbd14327|rpc:172.17.0.2:44959] returns group-488B68F8AACF:java.util.concurrent.CompletableFuture@4dd474bb[Not completed]
2020-11-23 16:44:05,080 [pool-223-thread-1] INFO  impl.RaftServerImpl (RaftServerImpl.java:<init>(121)) - a4898ab3-e2ea-4a1b-b74b-5f89fbd14327: new RaftServerImpl for group-488B68F8AACF:[a4898ab3-e2ea-4a1b-b74b-5f89fbd14327|rpc:172.17.0.2:44959] with ContainerStateMachine:uninitialized
2020-11-23 16:44:05,081 [pool-223-thread-1] INFO  server.RaftServerConfigKeys (ConfUtils.java:logGet(44)) - raft.server.rpc.timeout.min = 5s (custom)
2020-11-23 16:44:05,081 [pool-223-thread-1] INFO  server.RaftServerConfigKeys (ConfUtils.java:logGet(44)) - raft.server.rpc.timeout.max = 5200ms (custom)
2020-11-23 16:44:05,082 [pool-223-thread-1] INFO  server.RaftServerConfigKeys (ConfUtils.java:logGet(44)) - raft.server.rpc.slowness.timeout = 300s (custom)
2020-11-23 16:44:05,082 [pool-223-thread-1] INFO  server.RaftServerConfigKeys (ConfUtils.java:logGet(44)) - raft.server.leaderelection.leader.step-down.wait-time = 10s (default)
2020-11-23 16:44:05,082 [pool-223-thread-1] INFO  server.RaftServerConfigKeys (ConfUtils.java:logGet(44)) - raft.server.sleep.deviation.threshold = 300 (default)
2020-11-23 16:44:05,082 [pool-223-thread-1] INFO  server.RaftServerConfigKeys (ConfUtils.java:logGet(44)) - raft.server.log.appender.install.snapshot.enabled = false (custom)
2020-11-23 16:44:05,082 [pool-223-thread-1] INFO  impl.RaftServerImpl (ServerState.java:<init>(104)) - a4898ab3-e2ea-4a1b-b74b-5f89fbd14327@group-488B68F8AACF: ConfigurationManager, init=-1: [a4898ab3-e2ea-4a1b-b74b-5f89fbd14327|rpc:172.17.0.2:44959], old=null, confs=<EMPTY_MAP>
2020-11-23 16:44:05,082 [pool-223-thread-1] INFO  server.RaftServerConfigKeys (ConfUtils.java:logGet(44)) - raft.server.storage.dir = [/github/workspace/mnt/ozone/hadoop-ozone/integration-test/target/test-dir/MiniOzoneClusterImpl-1f6412f7-deda-49d6-8890-c33526f8416a/datanode-3/data/ratis] (custom)
2020-11-23 16:44:05,082 [pool-223-thread-1] INFO  server.RaftServerConfigKeys (ConfUtils.java:logGet(44)) - raft.server.log.corruption.policy = EXCEPTION (default)
2020-11-23 16:44:05,082 [pool-223-thread-1] INFO  storage.RaftStorageDirectory (RaftStorageDirectory.java:analyzeStorage(261)) - The storage directory /github/workspace/mnt/ozone/hadoop-ozone/integration-test/target/test-dir/MiniOzoneClusterImpl-1f6412f7-deda-49d6-8890-c33526f8416a/datanode-3/data/ratis/64efee04-8885-45ed-a65e-488b68f8aacf does not exist. Creating ...
2020-11-23 16:44:05,084 [pool-223-thread-1] INFO  storage.RaftStorageDirectory (RaftStorageDirectory.java:tryLock(343)) - Lock on /github/workspace/mnt/ozone/hadoop-ozone/integration-test/target/test-dir/MiniOzoneClusterImpl-1f6412f7-deda-49d6-8890-c33526f8416a/datanode-3/data/ratis/64efee04-8885-45ed-a65e-488b68f8aacf/in_use.lock acquired by nodename 2010@dcde956c9b9e
2020-11-23 16:44:05,086 [pool-223-thread-1] INFO  storage.RaftStorage (RaftStorage.java:format(85)) - Storage directory /github/workspace/mnt/ozone/hadoop-ozone/integration-test/target/test-dir/MiniOzoneClusterImpl-1f6412f7-deda-49d6-8890-c33526f8416a/datanode-3/data/ratis/64efee04-8885-45ed-a65e-488b68f8aacf has been successfully formatted.
2020-11-23 16:44:05,087 [EventQueue-PipelineReportForPipelineReportHandler] INFO  pipeline.PipelineStateManager (PipelineStateManager.java:openPipeline(132)) - Pipeline Pipeline[ Id: 64efee04-8885-45ed-a65e-488b68f8aacf, Nodes: a4898ab3-e2ea-4a1b-b74b-5f89fbd14327{ip: 172.17.0.2, host: dcde956c9b9e, networkLocation: /default-rack, certSerialId: null}, Type:RATIS, Factor:ONE, State:ALLOCATED, leaderId:a4898ab3-e2ea-4a1b-b74b-5f89fbd14327, CreationTimestamp2020-11-23T16:44:02.081Z] moved to OPEN state
2020-11-23 16:44:05,087 [EventQueue-PipelineReportForOneReplicaPipelineSafeModeRule] INFO  safemode.SCMSafeModeManager (SCMSafeModeManager.java:validateSafeModeExitRules(214)) - AtleastOneDatanodeReportedRule rule is successfully validated
2020-11-23 16:44:05,088 [EventQueue-OpenPipelineForHealthyPipelineSafeModeRule] INFO  safemode.SCMSafeModeManager (HealthyPipelineSafeModeRule.java:process(128)) - SCM in safe mode. Healthy pipelines reported count is 0, required healthy pipeline reported count is 1
2020-11-23 16:44:05,088 [pool-223-thread-1] INFO  ratis.ContainerStateMachine (ContainerStateMachine.java:loadSnapshot(225)) - group-488B68F8AACF: The snapshot info is null. Setting the last applied indexto:(t:0, i:~)
2020-11-23 16:44:05,088 [pool-223-thread-1] INFO  server.RaftServerConfigKeys (ConfUtils.java:logGet(44)) - raft.server.notification.no-leader.timeout = 300s (custom)
2020-11-23 16:44:05,088 [pool-223-thread-1] INFO  server.RaftServerConfigKeys (ConfUtils.java:logGet(44)) - raft.server.log.use.memory = false (default)
2020-11-23 16:44:05,088 [pool-223-thread-1] INFO  server.RaftServerConfigKeys (ConfUtils.java:logGet(44)) - raft.server.log.purge.gap = 1000000 (custom)
2020-11-23 16:44:05,089 [pool-223-thread-1] INFO  metrics.RatisMetrics (RatisMetrics.java:lambda$create$0(36)) - Creating Metrics Registry : ratis.log_worker.a4898ab3-e2ea-4a1b-b74b-5f89fbd14327@group-488B68F8AACF
2020-11-23 16:44:05,089 [pool-223-thread-1] INFO  server.RaftServerConfigKeys (ConfUtils.java:logGet(44)) - raft.server.log.appender.buffer.byte-limit = 33554432 (custom)
2020-11-23 16:44:05,089 [pool-223-thread-1] INFO  server.RaftServerConfigKeys (ConfUtils.java:logGet(44)) - raft.server.log.segment.size.max = 1048576 (custom)
2020-11-23 16:44:05,090 [pool-223-thread-1] INFO  server.RaftServerConfigKeys (ConfUtils.java:logGet(44)) - raft.server.log.segment.cache.num.max = 2 (custom)
2020-11-23 16:44:05,090 [pool-223-thread-1] INFO  segmented.SegmentedRaftLogWorker (SegmentedRaftLogWorker.java:<init>(180)) - new a4898ab3-e2ea-4a1b-b74b-5f89fbd14327@group-488B68F8AACF-SegmentedRaftLogWorker for RaftStorage:Storage Directory /github/workspace/mnt/ozone/hadoop-ozone/integration-test/target/test-dir/MiniOzoneClusterImpl-1f6412f7-deda-49d6-8890-c33526f8416a/datanode-3/data/ratis/64efee04-8885-45ed-a65e-488b68f8aacf
2020-11-23 16:44:05,090 [pool-223-thread-1] INFO  server.RaftServerConfigKeys (ConfUtils.java:logGet(44)) - raft.server.log.queue.byte-limit = 2147483647 (custom)
2020-11-23 16:44:05,090 [pool-223-thread-1] INFO  server.RaftServerConfigKeys (ConfUtils.java:logGet(44)) - raft.server.log.queue.element-limit = 1024 (custom)
2020-11-23 16:44:05,090 [pool-223-thread-1] INFO  server.RaftServerConfigKeys (ConfUtils.java:logGet(44)) - raft.server.log.segment.size.max = 1048576 (custom)
2020-11-23 16:44:05,090 [pool-223-thread-1] INFO  server.RaftServerConfigKeys (ConfUtils.java:logGet(44)) - raft.server.log.preallocated.size = 16384 (custom)
2020-11-23 16:44:05,091 [pool-223-thread-1] INFO  server.RaftServerConfigKeys (ConfUtils.java:logGet(44)) - raft.server.log.write.buffer.size = 1048576 (custom)
2020-11-23 16:44:05,091 [pool-223-thread-1] INFO  server.RaftServerConfigKeys (ConfUtils.java:logGet(44)) - raft.server.log.force.sync.num = 128 (default)
2020-11-23 16:44:05,091 [pool-223-thread-1] INFO  server.RaftServerConfigKeys (ConfUtils.java:logGet(44)) - raft.server.log.statemachine.data.sync = true (default)
2020-11-23 16:44:05,091 [pool-223-thread-1] INFO  server.RaftServerConfigKeys (ConfUtils.java:logGet(44)) - raft.server.log.statemachine.data.sync.timeout = 10s (default)
2020-11-23 16:44:05,091 [pool-223-thread-1] INFO  server.RaftServerConfigKeys (ConfUtils.java:logGet(44)) - raft.server.log.statemachine.data.sync.timeout.retry = -1 (default)
2020-11-23 16:44:05,093 [pool-223-thread-1] INFO  server.RaftServerConfigKeys (ConfUtils.java:logGet(44)) - raft.server.log.statemachine.data.caching.enabled = true (custom)
2020-11-23 16:44:05,093 [pool-223-thread-1] INFO  segmented.SegmentedRaftLogWorker (SegmentedRaftLogWorker.java:lambda$new$0(129)) - a4898ab3-e2ea-4a1b-b74b-5f89fbd14327@group-488B68F8AACF-SegmentedRaftLogWorker: flushIndex: setUnconditionally 0 -> -1
2020-11-23 16:44:05,093 [pool-223-thread-1] INFO  segmented.SegmentedRaftLogWorker (SegmentedRaftLogWorker.java:lambda$new$0(129)) - a4898ab3-e2ea-4a1b-b74b-5f89fbd14327@group-488B68F8AACF-SegmentedRaftLogWorker: safeCacheEvictIndex: setUnconditionally 0 -> -1
2020-11-23 16:44:05,093 [pool-223-thread-1] INFO  server.RaftServerConfigKeys (ConfUtils.java:logGet(44)) - raft.server.snapshot.auto.trigger.enabled = true (custom)
2020-11-23 16:44:05,093 [pool-223-thread-1] INFO  server.RaftServerConfigKeys (ConfUtils.java:logGet(44)) - raft.server.snapshot.auto.trigger.threshold = 10000 (custom)
2020-11-23 16:44:05,093 [pool-223-thread-1] INFO  server.RaftServerConfigKeys (ConfUtils.java:logGet(44)) - raft.server.snapshot.retention.file.num = 5 (custom)
2020-11-23 16:44:05,093 [pool-223-thread-1] INFO  server.RaftServerConfigKeys (ConfUtils.java:logGet(44)) - raft.server.log.purge.upto.snapshot.index = false (default)
2020-11-23 16:44:05,093 [pool-223-thread-1] INFO  server.RaftServerConfigKeys (ConfUtils.java:logGet(44)) - raft.server.retrycache.expirytime = 600000ms (custom)
2020-11-23 16:44:05,094 [pool-223-thread-1] INFO  metrics.RatisMetrics (RatisMetrics.java:lambda$create$0(36)) - Creating Metrics Registry : ratis.leader_election.a4898ab3-e2ea-4a1b-b74b-5f89fbd14327@group-488B68F8AACF
2020-11-23 16:44:05,094 [pool-223-thread-1] INFO  metrics.RatisMetrics (RatisMetrics.java:lambda$create$0(36)) - Creating Metrics Registry : ratis.server.a4898ab3-e2ea-4a1b-b74b-5f89fbd14327@group-488B68F8AACF
2020-11-23 16:44:05,095 [pool-223-thread-1] INFO  impl.RaftServerImpl (RaftServerImpl.java:start(215)) - a4898ab3-e2ea-4a1b-b74b-5f89fbd14327@group-488B68F8AACF: start as a follower, conf=-1: [a4898ab3-e2ea-4a1b-b74b-5f89fbd14327|rpc:172.17.0.2:44959], old=null
2020-11-23 16:44:05,095 [pool-223-thread-1] INFO  impl.RaftServerImpl (RaftServerImpl.java:setRole(204)) - a4898ab3-e2ea-4a1b-b74b-5f89fbd14327@group-488B68F8AACF: changes role from      null to FOLLOWER at term 0 for startAsFollower
2020-11-23 16:44:05,095 [pool-223-thread-1] INFO  impl.RoleInfo (RoleInfo.java:updateAndGet(143)) - a4898ab3-e2ea-4a1b-b74b-5f89fbd14327: start a4898ab3-e2ea-4a1b-b74b-5f89fbd14327@group-488B68F8AACF-FollowerState
2020-11-23 16:44:05,095 [pool-223-thread-1] INFO  util.JmxRegister (JmxRegister.java:tryRegister(44)) - Successfully registered JMX Bean with object name Ratis:service=RaftServer,group=group-488B68F8AACF,id=a4898ab3-e2ea-4a1b-b74b-5f89fbd14327
2020-11-23 16:44:05,095 [pool-223-thread-1] INFO  metrics.RatisMetrics (RatisMetrics.java:lambda$create$0(36)) - Creating Metrics Registry : ratis.state_machine.a4898ab3-e2ea-4a1b-b74b-5f89fbd14327@group-488B68F8AACF
2020-11-23 16:44:05,096 [Command processor thread] INFO  commandhandler.CreatePipelineCommandHandler (CreatePipelineCommandHandler.java:handle(106)) - Created Pipeline RATIS ONE PipelineID=64efee04-8885-45ed-a65e-488b68f8aacf.
2020-11-23 16:44:05,096 [Command processor thread] INFO  impl.RaftServerProxy (RaftServerProxy.java:addNew(93)) - a4898ab3-e2ea-4a1b-b74b-5f89fbd14327: addNew group-4F488877A724:[7965236a-9e62-42d8-a24d-3e89ca899055|rpc:172.17.0.2:38005, a4898ab3-e2ea-4a1b-b74b-5f89fbd14327|rpc:172.17.0.2:44959, 03da0c7f-0ea2-4e27-8f49-e45eb46ed814|rpc:172.17.0.2:45865] returns group-4F488877A724:java.util.concurrent.CompletableFuture@49ebf9d9[Not completed]
2020-11-23 16:44:05,097 [pool-223-thread-1] INFO  impl.RaftServerImpl (RaftServerImpl.java:<init>(121)) - a4898ab3-e2ea-4a1b-b74b-5f89fbd14327: new RaftServerImpl for group-4F488877A724:[7965236a-9e62-42d8-a24d-3e89ca899055|rpc:172.17.0.2:38005, a4898ab3-e2ea-4a1b-b74b-5f89fbd14327|rpc:172.17.0.2:44959, 03da0c7f-0ea2-4e27-8f49-e45eb46ed814|rpc:172.17.0.2:45865] with ContainerStateMachine:uninitialized
2020-11-23 16:44:05,097 [pool-223-thread-1] INFO  server.RaftServerConfigKeys (ConfUtils.java:logGet(44)) - raft.server.rpc.timeout.min = 5s (custom)
2020-11-23 16:44:05,097 [pool-223-thread-1] INFO  server.RaftServerConfigKeys (ConfUtils.java:logGet(44)) - raft.server.rpc.timeout.max = 5200ms (custom)
2020-11-23 16:44:05,097 [pool-223-thread-1] INFO  server.RaftServerConfigKeys (ConfUtils.java:logGet(44)) - raft.server.rpc.slowness.timeout = 300s (custom)
2020-11-23 16:44:05,097 [pool-223-thread-1] INFO  server.RaftServerConfigKeys (ConfUtils.java:logGet(44)) - raft.server.leaderelection.leader.step-down.wait-time = 10s (default)
2020-11-23 16:44:05,097 [pool-223-thread-1] INFO  server.RaftServerConfigKeys (ConfUtils.java:logGet(44)) - raft.server.sleep.deviation.threshold = 300 (default)
2020-11-23 16:44:05,098 [pool-223-thread-1] INFO  server.RaftServerConfigKeys (ConfUtils.java:logGet(44)) - raft.server.log.appender.install.snapshot.enabled = false (custom)
2020-11-23 16:44:05,098 [pool-223-thread-1] INFO  impl.RaftServerImpl (ServerState.java:<init>(104)) - a4898ab3-e2ea-4a1b-b74b-5f89fbd14327@group-4F488877A724: ConfigurationManager, init=-1: [7965236a-9e62-42d8-a24d-3e89ca899055|rpc:172.17.0.2:38005, a4898ab3-e2ea-4a1b-b74b-5f89fbd14327|rpc:172.17.0.2:44959, 03da0c7f-0ea2-4e27-8f49-e45eb46ed814|rpc:172.17.0.2:45865], old=null, confs=<EMPTY_MAP>
2020-11-23 16:44:05,098 [pool-223-thread-1] INFO  server.RaftServerConfigKeys (ConfUtils.java:logGet(44)) - raft.server.storage.dir = [/github/workspace/mnt/ozone/hadoop-ozone/integration-test/target/test-dir/MiniOzoneClusterImpl-1f6412f7-deda-49d6-8890-c33526f8416a/datanode-3/data/ratis] (custom)
2020-11-23 16:44:05,098 [pool-223-thread-1] INFO  server.RaftServerConfigKeys (ConfUtils.java:logGet(44)) - raft.server.log.corruption.policy = EXCEPTION (default)
2020-11-23 16:44:05,098 [pool-223-thread-1] INFO  storage.RaftStorageDirectory (RaftStorageDirectory.java:analyzeStorage(261)) - The storage directory /github/workspace/mnt/ozone/hadoop-ozone/integration-test/target/test-dir/MiniOzoneClusterImpl-1f6412f7-deda-49d6-8890-c33526f8416a/datanode-3/data/ratis/2ddc8998-598d-4fe1-8164-4f488877a724 does not exist. Creating ...
2020-11-23 16:44:05,099 [pool-223-thread-1] INFO  storage.RaftStorageDirectory (RaftStorageDirectory.java:tryLock(343)) - Lock on /github/workspace/mnt/ozone/hadoop-ozone/integration-test/target/test-dir/MiniOzoneClusterImpl-1f6412f7-deda-49d6-8890-c33526f8416a/datanode-3/data/ratis/2ddc8998-598d-4fe1-8164-4f488877a724/in_use.lock acquired by nodename 2010@dcde956c9b9e
2020-11-23 16:44:05,100 [pool-223-thread-1] INFO  storage.RaftStorage (RaftStorage.java:format(85)) - Storage directory /github/workspace/mnt/ozone/hadoop-ozone/integration-test/target/test-dir/MiniOzoneClusterImpl-1f6412f7-deda-49d6-8890-c33526f8416a/datanode-3/data/ratis/2ddc8998-598d-4fe1-8164-4f488877a724 has been successfully formatted.
2020-11-23 16:44:05,101 [EventQueue-PipelineReportForOneReplicaPipelineSafeModeRule] INFO  safemode.SCMSafeModeManager (SCMSafeModeManager.java:validateSafeModeExitRules(214)) - AtleastOneDatanodeReportedRule rule is successfully validated
2020-11-23 16:44:05,101 [EventQueue-OpenPipelineForHealthyPipelineSafeModeRule] INFO  safemode.SCMSafeModeManager (HealthyPipelineSafeModeRule.java:process(128)) - SCM in safe mode. Healthy pipelines reported count is 0, required healthy pipeline reported count is 1
2020-11-23 16:44:05,101 [pool-223-thread-1] INFO  ratis.ContainerStateMachine (ContainerStateMachine.java:loadSnapshot(225)) - group-4F488877A724: The snapshot info is null. Setting the last applied indexto:(t:0, i:~)
2020-11-23 16:44:05,101 [pool-223-thread-1] INFO  server.RaftServerConfigKeys (ConfUtils.java:logGet(44)) - raft.server.notification.no-leader.timeout = 300s (custom)
2020-11-23 16:44:05,101 [pool-223-thread-1] INFO  server.RaftServerConfigKeys (ConfUtils.java:logGet(44)) - raft.server.log.use.memory = false (default)
2020-11-23 16:44:05,102 [pool-223-thread-1] INFO  server.RaftServerConfigKeys (ConfUtils.java:logGet(44)) - raft.server.log.purge.gap = 1000000 (custom)
2020-11-23 16:44:05,102 [pool-223-thread-1] INFO  metrics.RatisMetrics (RatisMetrics.java:lambda$create$0(36)) - Creating Metrics Registry : ratis.log_worker.a4898ab3-e2ea-4a1b-b74b-5f89fbd14327@group-4F488877A724
2020-11-23 16:44:05,102 [pool-223-thread-1] INFO  server.RaftServerConfigKeys (ConfUtils.java:logGet(44)) - raft.server.log.appender.buffer.byte-limit = 33554432 (custom)
2020-11-23 16:44:05,102 [pool-223-thread-1] INFO  server.RaftServerConfigKeys (ConfUtils.java:logGet(44)) - raft.server.log.segment.size.max = 1048576 (custom)
2020-11-23 16:44:05,102 [pool-223-thread-1] INFO  server.RaftServerConfigKeys (ConfUtils.java:logGet(44)) - raft.server.log.segment.cache.num.max = 2 (custom)
2020-11-23 16:44:05,102 [pool-223-thread-1] INFO  segmented.SegmentedRaftLogWorker (SegmentedRaftLogWorker.java:<init>(180)) - new a4898ab3-e2ea-4a1b-b74b-5f89fbd14327@group-4F488877A724-SegmentedRaftLogWorker for RaftStorage:Storage Directory /github/workspace/mnt/ozone/hadoop-ozone/integration-test/target/test-dir/MiniOzoneClusterImpl-1f6412f7-deda-49d6-8890-c33526f8416a/datanode-3/data/ratis/2ddc8998-598d-4fe1-8164-4f488877a724
2020-11-23 16:44:05,102 [pool-223-thread-1] INFO  server.RaftServerConfigKeys (ConfUtils.java:logGet(44)) - raft.server.log.queue.byte-limit = 2147483647 (custom)
2020-11-23 16:44:05,103 [pool-223-thread-1] INFO  server.RaftServerConfigKeys (ConfUtils.java:logGet(44)) - raft.server.log.queue.element-limit = 1024 (custom)
2020-11-23 16:44:05,103 [pool-223-thread-1] INFO  server.RaftServerConfigKeys (ConfUtils.java:logGet(44)) - raft.server.log.segment.size.max = 1048576 (custom)
2020-11-23 16:44:05,103 [pool-223-thread-1] INFO  server.RaftServerConfigKeys (ConfUtils.java:logGet(44)) - raft.server.log.preallocated.size = 16384 (custom)
2020-11-23 16:44:05,103 [pool-223-thread-1] INFO  server.RaftServerConfigKeys (ConfUtils.java:logGet(44)) - raft.server.log.write.buffer.size = 1048576 (custom)
2020-11-23 16:44:05,103 [pool-223-thread-1] INFO  server.RaftServerConfigKeys (ConfUtils.java:logGet(44)) - raft.server.log.force.sync.num = 128 (default)
2020-11-23 16:44:05,103 [pool-223-thread-1] INFO  server.RaftServerConfigKeys (ConfUtils.java:logGet(44)) - raft.server.log.statemachine.data.sync = true (default)
2020-11-23 16:44:05,103 [pool-223-thread-1] INFO  server.RaftServerConfigKeys (ConfUtils.java:logGet(44)) - raft.server.log.statemachine.data.sync.timeout = 10s (default)
2020-11-23 16:44:05,103 [pool-223-thread-1] INFO  server.RaftServerConfigKeys (ConfUtils.java:logGet(44)) - raft.server.log.statemachine.data.sync.timeout.retry = -1 (default)
2020-11-23 16:44:05,105 [pool-223-thread-1] INFO  server.RaftServerConfigKeys (ConfUtils.java:logGet(44)) - raft.server.log.statemachine.data.caching.enabled = true (custom)
2020-11-23 16:44:05,105 [pool-223-thread-1] INFO  segmented.SegmentedRaftLogWorker (SegmentedRaftLogWorker.java:lambda$new$0(129)) - a4898ab3-e2ea-4a1b-b74b-5f89fbd14327@group-4F488877A724-SegmentedRaftLogWorker: flushIndex: setUnconditionally 0 -> -1
2020-11-23 16:44:05,105 [pool-223-thread-1] INFO  segmented.SegmentedRaftLogWorker (SegmentedRaftLogWorker.java:lambda$new$0(129)) - a4898ab3-e2ea-4a1b-b74b-5f89fbd14327@group-4F488877A724-SegmentedRaftLogWorker: safeCacheEvictIndex: setUnconditionally 0 -> -1
2020-11-23 16:44:05,111 [pool-223-thread-1] INFO  server.RaftServerConfigKeys (ConfUtils.java:logGet(44)) - raft.server.snapshot.auto.trigger.enabled = true (custom)
2020-11-23 16:44:05,111 [pool-223-thread-1] INFO  server.RaftServerConfigKeys (ConfUtils.java:logGet(44)) - raft.server.snapshot.auto.trigger.threshold = 10000 (custom)
2020-11-23 16:44:05,111 [pool-223-thread-1] INFO  server.RaftServerConfigKeys (ConfUtils.java:logGet(44)) - raft.server.snapshot.retention.file.num = 5 (custom)
2020-11-23 16:44:05,112 [pool-223-thread-1] INFO  server.RaftServerConfigKeys (ConfUtils.java:logGet(44)) - raft.server.log.purge.upto.snapshot.index = false (default)
2020-11-23 16:44:05,112 [pool-223-thread-1] INFO  server.RaftServerConfigKeys (ConfUtils.java:logGet(44)) - raft.server.retrycache.expirytime = 600000ms (custom)
2020-11-23 16:44:05,112 [pool-223-thread-1] INFO  metrics.RatisMetrics (RatisMetrics.java:lambda$create$0(36)) - Creating Metrics Registry : ratis.leader_election.a4898ab3-e2ea-4a1b-b74b-5f89fbd14327@group-4F488877A724
2020-11-23 16:44:05,112 [pool-223-thread-1] INFO  metrics.RatisMetrics (RatisMetrics.java:lambda$create$0(36)) - Creating Metrics Registry : ratis.server.a4898ab3-e2ea-4a1b-b74b-5f89fbd14327@group-4F488877A724
2020-11-23 16:44:05,113 [pool-223-thread-1] INFO  impl.RaftServerImpl (RaftServerImpl.java:start(215)) - a4898ab3-e2ea-4a1b-b74b-5f89fbd14327@group-4F488877A724: start as a follower, conf=-1: [7965236a-9e62-42d8-a24d-3e89ca899055|rpc:172.17.0.2:38005, a4898ab3-e2ea-4a1b-b74b-5f89fbd14327|rpc:172.17.0.2:44959, 03da0c7f-0ea2-4e27-8f49-e45eb46ed814|rpc:172.17.0.2:45865], old=null
2020-11-23 16:44:05,113 [pool-223-thread-1] INFO  impl.RaftServerImpl (RaftServerImpl.java:setRole(204)) - a4898ab3-e2ea-4a1b-b74b-5f89fbd14327@group-4F488877A724: changes role from      null to FOLLOWER at term 0 for startAsFollower
2020-11-23 16:44:05,113 [pool-223-thread-1] INFO  impl.RoleInfo (RoleInfo.java:updateAndGet(143)) - a4898ab3-e2ea-4a1b-b74b-5f89fbd14327: start a4898ab3-e2ea-4a1b-b74b-5f89fbd14327@group-4F488877A724-FollowerState
2020-11-23 16:44:05,114 [pool-223-thread-1] INFO  util.JmxRegister (JmxRegister.java:tryRegister(44)) - Successfully registered JMX Bean with object name Ratis:service=RaftServer,group=group-4F488877A724,id=a4898ab3-e2ea-4a1b-b74b-5f89fbd14327
2020-11-23 16:44:05,114 [pool-223-thread-1] INFO  metrics.RatisMetrics (RatisMetrics.java:lambda$create$0(36)) - Creating Metrics Registry : ratis.state_machine.a4898ab3-e2ea-4a1b-b74b-5f89fbd14327@group-4F488877A724
2020-11-23 16:44:05,116 [Command processor thread] INFO  metrics.RatisMetrics (RatisMetrics.java:lambda$create$0(36)) - Creating Metrics Registry : ratis.client_message_metrics.client-9830B2C8D1D2->7965236a-9e62-42d8-a24d-3e89ca899055
2020-11-23 16:44:05,121 [grpc-default-executor-0] INFO  metrics.RatisMetrics (RatisMetrics.java:lambda$create$0(36)) - Creating Metrics Registry : ratis.server_message_metrics.7965236a-9e62-42d8-a24d-3e89ca899055
2020-11-23 16:44:05,127 [grpc-default-executor-0] INFO  impl.RaftServerProxy (RaftServerProxy.java:addNew(93)) - 7965236a-9e62-42d8-a24d-3e89ca899055: addNew group-4F488877A724:[7965236a-9e62-42d8-a24d-3e89ca899055|rpc:172.17.0.2:38005|dataStream:, a4898ab3-e2ea-4a1b-b74b-5f89fbd14327|rpc:172.17.0.2:44959|dataStream:, 03da0c7f-0ea2-4e27-8f49-e45eb46ed814|rpc:172.17.0.2:45865|dataStream:] returns group-4F488877A724:java.util.concurrent.CompletableFuture@3fa60692[Not completed]
2020-11-23 16:44:05,132 [pool-239-thread-1] INFO  impl.RaftServerImpl (RaftServerImpl.java:<init>(121)) - 7965236a-9e62-42d8-a24d-3e89ca899055: new RaftServerImpl for group-4F488877A724:[7965236a-9e62-42d8-a24d-3e89ca899055|rpc:172.17.0.2:38005|dataStream:, a4898ab3-e2ea-4a1b-b74b-5f89fbd14327|rpc:172.17.0.2:44959|dataStream:, 03da0c7f-0ea2-4e27-8f49-e45eb46ed814|rpc:172.17.0.2:45865|dataStream:] with ContainerStateMachine:uninitialized
2020-11-23 16:44:05,133 [pool-239-thread-1] INFO  server.RaftServerConfigKeys (ConfUtils.java:logGet(44)) - raft.server.rpc.timeout.min = 5s (custom)
2020-11-23 16:44:05,133 [pool-239-thread-1] INFO  server.RaftServerConfigKeys (ConfUtils.java:logGet(44)) - raft.server.rpc.timeout.max = 5200ms (custom)
2020-11-23 16:44:05,133 [pool-239-thread-1] INFO  server.RaftServerConfigKeys (ConfUtils.java:logGet(44)) - raft.server.rpc.slowness.timeout = 300s (custom)
2020-11-23 16:44:05,133 [pool-239-thread-1] INFO  server.RaftServerConfigKeys (ConfUtils.java:logGet(44)) - raft.server.leaderelection.leader.step-down.wait-time = 10s (default)
2020-11-23 16:44:05,133 [pool-239-thread-1] INFO  server.RaftServerConfigKeys (ConfUtils.java:logGet(44)) - raft.server.sleep.deviation.threshold = 300 (default)
2020-11-23 16:44:05,133 [pool-239-thread-1] INFO  server.RaftServerConfigKeys (ConfUtils.java:logGet(44)) - raft.server.log.appender.install.snapshot.enabled = false (custom)
2020-11-23 16:44:05,133 [pool-239-thread-1] INFO  impl.RaftServerImpl (ServerState.java:<init>(104)) - 7965236a-9e62-42d8-a24d-3e89ca899055@group-4F488877A724: ConfigurationManager, init=-1: [7965236a-9e62-42d8-a24d-3e89ca899055|rpc:172.17.0.2:38005|dataStream:, a4898ab3-e2ea-4a1b-b74b-5f89fbd14327|rpc:172.17.0.2:44959|dataStream:, 03da0c7f-0ea2-4e27-8f49-e45eb46ed814|rpc:172.17.0.2:45865|dataStream:], old=null, confs=<EMPTY_MAP>
2020-11-23 16:44:05,134 [pool-239-thread-1] INFO  server.RaftServerConfigKeys (ConfUtils.java:logGet(44)) - raft.server.storage.dir = [/github/workspace/mnt/ozone/hadoop-ozone/integration-test/target/test-dir/MiniOzoneClusterImpl-1f6412f7-deda-49d6-8890-c33526f8416a/datanode-4/data/ratis] (custom)
2020-11-23 16:44:05,134 [pool-239-thread-1] INFO  server.RaftServerConfigKeys (ConfUtils.java:logGet(44)) - raft.server.log.corruption.policy = EXCEPTION (default)
2020-11-23 16:44:05,134 [pool-239-thread-1] INFO  storage.RaftStorageDirectory (RaftStorageDirectory.java:analyzeStorage(261)) - The storage directory /github/workspace/mnt/ozone/hadoop-ozone/integration-test/target/test-dir/MiniOzoneClusterImpl-1f6412f7-deda-49d6-8890-c33526f8416a/datanode-4/data/ratis/2ddc8998-598d-4fe1-8164-4f488877a724 does not exist. Creating ...
2020-11-23 16:44:05,135 [pool-239-thread-1] INFO  storage.RaftStorageDirectory (RaftStorageDirectory.java:tryLock(343)) - Lock on /github/workspace/mnt/ozone/hadoop-ozone/integration-test/target/test-dir/MiniOzoneClusterImpl-1f6412f7-deda-49d6-8890-c33526f8416a/datanode-4/data/ratis/2ddc8998-598d-4fe1-8164-4f488877a724/in_use.lock acquired by nodename 2010@dcde956c9b9e
2020-11-23 16:44:05,136 [pool-239-thread-1] INFO  storage.RaftStorage (RaftStorage.java:format(85)) - Storage directory /github/workspace/mnt/ozone/hadoop-ozone/integration-test/target/test-dir/MiniOzoneClusterImpl-1f6412f7-deda-49d6-8890-c33526f8416a/datanode-4/data/ratis/2ddc8998-598d-4fe1-8164-4f488877a724 has been successfully formatted.
2020-11-23 16:44:05,137 [pool-239-thread-1] INFO  ratis.ContainerStateMachine (ContainerStateMachine.java:loadSnapshot(225)) - group-4F488877A724: The snapshot info is null. Setting the last applied indexto:(t:0, i:~)
2020-11-23 16:44:05,137 [pool-239-thread-1] INFO  server.RaftServerConfigKeys (ConfUtils.java:logGet(44)) - raft.server.notification.no-leader.timeout = 300s (custom)
2020-11-23 16:44:05,138 [pool-239-thread-1] INFO  server.RaftServerConfigKeys (ConfUtils.java:logGet(44)) - raft.server.log.use.memory = false (default)
2020-11-23 16:44:05,138 [pool-239-thread-1] INFO  server.RaftServerConfigKeys (ConfUtils.java:logGet(44)) - raft.server.log.purge.gap = 1000000 (custom)
2020-11-23 16:44:05,138 [EventQueue-PipelineReportForOneReplicaPipelineSafeModeRule] INFO  safemode.SCMSafeModeManager (SCMSafeModeManager.java:validateSafeModeExitRules(214)) - AtleastOneDatanodeReportedRule rule is successfully validated
2020-11-23 16:44:05,138 [pool-239-thread-1] INFO  metrics.RatisMetrics (RatisMetrics.java:lambda$create$0(36)) - Creating Metrics Registry : ratis.log_worker.7965236a-9e62-42d8-a24d-3e89ca899055@group-4F488877A724
2020-11-23 16:44:05,138 [pool-239-thread-1] INFO  server.RaftServerConfigKeys (ConfUtils.java:logGet(44)) - raft.server.log.appender.buffer.byte-limit = 33554432 (custom)
2020-11-23 16:44:05,138 [pool-239-thread-1] INFO  server.RaftServerConfigKeys (ConfUtils.java:logGet(44)) - raft.server.log.segment.size.max = 1048576 (custom)
2020-11-23 16:44:05,139 [pool-239-thread-1] INFO  server.RaftServerConfigKeys (ConfUtils.java:logGet(44)) - raft.server.log.segment.cache.num.max = 2 (custom)
2020-11-23 16:44:05,139 [pool-239-thread-1] INFO  segmented.SegmentedRaftLogWorker (SegmentedRaftLogWorker.java:<init>(180)) - new 7965236a-9e62-42d8-a24d-3e89ca899055@group-4F488877A724-SegmentedRaftLogWorker for RaftStorage:Storage Directory /github/workspace/mnt/ozone/hadoop-ozone/integration-test/target/test-dir/MiniOzoneClusterImpl-1f6412f7-deda-49d6-8890-c33526f8416a/datanode-4/data/ratis/2ddc8998-598d-4fe1-8164-4f488877a724
2020-11-23 16:44:05,139 [pool-239-thread-1] INFO  server.RaftServerConfigKeys (ConfUtils.java:logGet(44)) - raft.server.log.queue.byte-limit = 2147483647 (custom)
2020-11-23 16:44:05,139 [pool-239-thread-1] INFO  server.RaftServerConfigKeys (ConfUtils.java:logGet(44)) - raft.server.log.queue.element-limit = 1024 (custom)
2020-11-23 16:44:05,139 [pool-239-thread-1] INFO  server.RaftServerConfigKeys (ConfUtils.java:logGet(44)) - raft.server.log.segment.size.max = 1048576 (custom)
2020-11-23 16:44:05,139 [pool-239-thread-1] INFO  server.RaftServerConfigKeys (ConfUtils.java:logGet(44)) - raft.server.log.preallocated.size = 16384 (custom)
2020-11-23 16:44:05,139 [pool-239-thread-1] INFO  server.RaftServerConfigKeys (ConfUtils.java:logGet(44)) - raft.server.log.write.buffer.size = 1048576 (custom)
2020-11-23 16:44:05,139 [pool-239-thread-1] INFO  server.RaftServerConfigKeys (ConfUtils.java:logGet(44)) - raft.server.log.force.sync.num = 128 (default)
2020-11-23 16:44:05,140 [pool-239-thread-1] INFO  server.RaftServerConfigKeys (ConfUtils.java:logGet(44)) - raft.server.log.statemachine.data.sync = true (default)
2020-11-23 16:44:05,140 [pool-239-thread-1] INFO  server.RaftServerConfigKeys (ConfUtils.java:logGet(44)) - raft.server.log.statemachine.data.sync.timeout = 10s (default)
2020-11-23 16:44:05,140 [pool-239-thread-1] INFO  server.RaftServerConfigKeys (ConfUtils.java:logGet(44)) - raft.server.log.statemachine.data.sync.timeout.retry = -1 (default)
2020-11-23 16:44:05,141 [pool-239-thread-1] INFO  server.RaftServerConfigKeys (ConfUtils.java:logGet(44)) - raft.server.log.statemachine.data.caching.enabled = true (custom)
2020-11-23 16:44:05,142 [pool-239-thread-1] INFO  segmented.SegmentedRaftLogWorker (SegmentedRaftLogWorker.java:lambda$new$0(129)) - 7965236a-9e62-42d8-a24d-3e89ca899055@group-4F488877A724-SegmentedRaftLogWorker: flushIndex: setUnconditionally 0 -> -1
2020-11-23 16:44:05,142 [pool-239-thread-1] INFO  segmented.SegmentedRaftLogWorker (SegmentedRaftLogWorker.java:lambda$new$0(129)) - 7965236a-9e62-42d8-a24d-3e89ca899055@group-4F488877A724-SegmentedRaftLogWorker: safeCacheEvictIndex: setUnconditionally 0 -> -1
2020-11-23 16:44:05,144 [pool-239-thread-1] INFO  server.RaftServerConfigKeys (ConfUtils.java:logGet(44)) - raft.server.snapshot.auto.trigger.enabled = true (custom)
2020-11-23 16:44:05,144 [pool-239-thread-1] INFO  server.RaftServerConfigKeys (ConfUtils.java:logGet(44)) - raft.server.snapshot.auto.trigger.threshold = 10000 (custom)
2020-11-23 16:44:05,144 [pool-239-thread-1] INFO  server.RaftServerConfigKeys (ConfUtils.java:logGet(44)) - raft.server.snapshot.retention.file.num = 5 (custom)
2020-11-23 16:44:05,144 [pool-239-thread-1] INFO  server.RaftServerConfigKeys (ConfUtils.java:logGet(44)) - raft.server.log.purge.upto.snapshot.index = false (default)
2020-11-23 16:44:05,144 [pool-239-thread-1] INFO  server.RaftServerConfigKeys (ConfUtils.java:logGet(44)) - raft.server.retrycache.expirytime = 600000ms (custom)
2020-11-23 16:44:05,144 [pool-239-thread-1] INFO  metrics.RatisMetrics (RatisMetrics.java:lambda$create$0(36)) - Creating Metrics Registry : ratis.leader_election.7965236a-9e62-42d8-a24d-3e89ca899055@group-4F488877A724
2020-11-23 16:44:05,145 [pool-239-thread-1] INFO  metrics.RatisMetrics (RatisMetrics.java:lambda$create$0(36)) - Creating Metrics Registry : ratis.server.7965236a-9e62-42d8-a24d-3e89ca899055@group-4F488877A724
2020-11-23 16:44:05,146 [pool-239-thread-1] INFO  impl.RaftServerImpl (RaftServerImpl.java:start(215)) - 7965236a-9e62-42d8-a24d-3e89ca899055@group-4F488877A724: start as a follower, conf=-1: [7965236a-9e62-42d8-a24d-3e89ca899055|rpc:172.17.0.2:38005|dataStream:, a4898ab3-e2ea-4a1b-b74b-5f89fbd14327|rpc:172.17.0.2:44959|dataStream:, 03da0c7f-0ea2-4e27-8f49-e45eb46ed814|rpc:172.17.0.2:45865|dataStream:], old=null
2020-11-23 16:44:05,146 [pool-239-thread-1] INFO  impl.RaftServerImpl (RaftServerImpl.java:setRole(204)) - 7965236a-9e62-42d8-a24d-3e89ca899055@group-4F488877A724: changes role from      null to FOLLOWER at term 0 for startAsFollower
2020-11-23 16:44:05,146 [pool-239-thread-1] INFO  impl.RoleInfo (RoleInfo.java:updateAndGet(143)) - 7965236a-9e62-42d8-a24d-3e89ca899055: start 7965236a-9e62-42d8-a24d-3e89ca899055@group-4F488877A724-FollowerState
2020-11-23 16:44:05,146 [pool-239-thread-1] INFO  util.JmxRegister (JmxRegister.java:tryRegister(44)) - Successfully registered JMX Bean with object name Ratis:service=RaftServer,group=group-4F488877A724,id=7965236a-9e62-42d8-a24d-3e89ca899055
2020-11-23 16:44:05,146 [pool-239-thread-1] INFO  metrics.RatisMetrics (RatisMetrics.java:lambda$create$0(36)) - Creating Metrics Registry : ratis.state_machine.7965236a-9e62-42d8-a24d-3e89ca899055@group-4F488877A724
2020-11-23 16:44:05,152 [Command processor thread] INFO  metrics.RatisMetrics (RatisMetrics.java:lambda$create$0(36)) - Creating Metrics Registry : ratis.client_message_metrics.client-69925F9A1D3E->03da0c7f-0ea2-4e27-8f49-e45eb46ed814
2020-11-23 16:44:05,158 [grpc-default-executor-0] INFO  metrics.RatisMetrics (RatisMetrics.java:lambda$create$0(36)) - Creating Metrics Registry : ratis.server_message_metrics.03da0c7f-0ea2-4e27-8f49-e45eb46ed814
2020-11-23 16:44:05,161 [grpc-default-executor-0] INFO  impl.RaftServerProxy (RaftServerProxy.java:addNew(93)) - 03da0c7f-0ea2-4e27-8f49-e45eb46ed814: addNew group-4F488877A724:[7965236a-9e62-42d8-a24d-3e89ca899055|rpc:172.17.0.2:38005|dataStream:, a4898ab3-e2ea-4a1b-b74b-5f89fbd14327|rpc:172.17.0.2:44959|dataStream:, 03da0c7f-0ea2-4e27-8f49-e45eb46ed814|rpc:172.17.0.2:45865|dataStream:] returns group-4F488877A724:java.util.concurrent.CompletableFuture@561a170e[Not completed]
2020-11-23 16:44:05,162 [pool-255-thread-1] INFO  impl.RaftServerImpl (RaftServerImpl.java:<init>(121)) - 03da0c7f-0ea2-4e27-8f49-e45eb46ed814: new RaftServerImpl for group-4F488877A724:[7965236a-9e62-42d8-a24d-3e89ca899055|rpc:172.17.0.2:38005|dataStream:, a4898ab3-e2ea-4a1b-b74b-5f89fbd14327|rpc:172.17.0.2:44959|dataStream:, 03da0c7f-0ea2-4e27-8f49-e45eb46ed814|rpc:172.17.0.2:45865|dataStream:] with ContainerStateMachine:uninitialized
2020-11-23 16:44:05,162 [pool-255-thread-1] INFO  server.RaftServerConfigKeys (ConfUtils.java:logGet(44)) - raft.server.rpc.timeout.min = 5s (custom)
2020-11-23 16:44:05,162 [pool-255-thread-1] INFO  server.RaftServerConfigKeys (ConfUtils.java:logGet(44)) - raft.server.rpc.timeout.max = 5200ms (custom)
2020-11-23 16:44:05,162 [pool-255-thread-1] INFO  server.RaftServerConfigKeys (ConfUtils.java:logGet(44)) - raft.server.rpc.slowness.timeout = 300s (custom)
2020-11-23 16:44:05,162 [pool-255-thread-1] INFO  server.RaftServerConfigKeys (ConfUtils.java:logGet(44)) - raft.server.leaderelection.leader.step-down.wait-time = 10s (default)
2020-11-23 16:44:05,162 [pool-255-thread-1] INFO  server.RaftServerConfigKeys (ConfUtils.java:logGet(44)) - raft.server.sleep.deviation.threshold = 300 (default)
2020-11-23 16:44:05,162 [pool-255-thread-1] INFO  server.RaftServerConfigKeys (ConfUtils.java:logGet(44)) - raft.server.log.appender.install.snapshot.enabled = false (custom)
2020-11-23 16:44:05,162 [pool-255-thread-1] INFO  impl.RaftServerImpl (ServerState.java:<init>(104)) - 03da0c7f-0ea2-4e27-8f49-e45eb46ed814@group-4F488877A724: ConfigurationManager, init=-1: [7965236a-9e62-42d8-a24d-3e89ca899055|rpc:172.17.0.2:38005|dataStream:, a4898ab3-e2ea-4a1b-b74b-5f89fbd14327|rpc:172.17.0.2:44959|dataStream:, 03da0c7f-0ea2-4e27-8f49-e45eb46ed814|rpc:172.17.0.2:45865|dataStream:], old=null, confs=<EMPTY_MAP>
2020-11-23 16:44:05,163 [pool-255-thread-1] INFO  server.RaftServerConfigKeys (ConfUtils.java:logGet(44)) - raft.server.storage.dir = [/github/workspace/mnt/ozone/hadoop-ozone/integration-test/target/test-dir/MiniOzoneClusterImpl-1f6412f7-deda-49d6-8890-c33526f8416a/datanode-5/data/ratis] (custom)
2020-11-23 16:44:05,163 [pool-255-thread-1] INFO  server.RaftServerConfigKeys (ConfUtils.java:logGet(44)) - raft.server.log.corruption.policy = EXCEPTION (default)
2020-11-23 16:44:05,163 [pool-255-thread-1] INFO  storage.RaftStorageDirectory (RaftStorageDirectory.java:analyzeStorage(261)) - The storage directory /github/workspace/mnt/ozone/hadoop-ozone/integration-test/target/test-dir/MiniOzoneClusterImpl-1f6412f7-deda-49d6-8890-c33526f8416a/datanode-5/data/ratis/2ddc8998-598d-4fe1-8164-4f488877a724 does not exist. Creating ...
2020-11-23 16:44:05,165 [pool-255-thread-1] INFO  storage.RaftStorageDirectory (RaftStorageDirectory.java:tryLock(343)) - Lock on /github/workspace/mnt/ozone/hadoop-ozone/integration-test/target/test-dir/MiniOzoneClusterImpl-1f6412f7-deda-49d6-8890-c33526f8416a/datanode-5/data/ratis/2ddc8998-598d-4fe1-8164-4f488877a724/in_use.lock acquired by nodename 2010@dcde956c9b9e
2020-11-23 16:44:05,166 [pool-255-thread-1] INFO  storage.RaftStorage (RaftStorage.java:format(85)) - Storage directory /github/workspace/mnt/ozone/hadoop-ozone/integration-test/target/test-dir/MiniOzoneClusterImpl-1f6412f7-deda-49d6-8890-c33526f8416a/datanode-5/data/ratis/2ddc8998-598d-4fe1-8164-4f488877a724 has been successfully formatted.
2020-11-23 16:44:05,168 [pool-255-thread-1] INFO  ratis.ContainerStateMachine (ContainerStateMachine.java:loadSnapshot(225)) - group-4F488877A724: The snapshot info is null. Setting the last applied indexto:(t:0, i:~)
2020-11-23 16:44:05,168 [pool-255-thread-1] INFO  server.RaftServerConfigKeys (ConfUtils.java:logGet(44)) - raft.server.notification.no-leader.timeout = 300s (custom)
2020-11-23 16:44:05,168 [pool-255-thread-1] INFO  server.RaftServerConfigKeys (ConfUtils.java:logGet(44)) - raft.server.log.use.memory = false (default)
2020-11-23 16:44:05,168 [EventQueue-PipelineReportForOneReplicaPipelineSafeModeRule] INFO  safemode.SCMSafeModeManager (SCMSafeModeManager.java:validateSafeModeExitRules(214)) - AtleastOneDatanodeReportedRule rule is successfully validated
2020-11-23 16:44:05,169 [pool-255-thread-1] INFO  server.RaftServerConfigKeys (ConfUtils.java:logGet(44)) - raft.server.log.purge.gap = 1000000 (custom)
2020-11-23 16:44:05,169 [pool-255-thread-1] INFO  metrics.RatisMetrics (RatisMetrics.java:lambda$create$0(36)) - Creating Metrics Registry : ratis.log_worker.03da0c7f-0ea2-4e27-8f49-e45eb46ed814@group-4F488877A724
2020-11-23 16:44:05,169 [pool-255-thread-1] INFO  server.RaftServerConfigKeys (ConfUtils.java:logGet(44)) - raft.server.log.appender.buffer.byte-limit = 33554432 (custom)
2020-11-23 16:44:05,169 [pool-255-thread-1] INFO  server.RaftServerConfigKeys (ConfUtils.java:logGet(44)) - raft.server.log.segment.size.max = 1048576 (custom)
2020-11-23 16:44:05,170 [pool-255-thread-1] INFO  server.RaftServerConfigKeys (ConfUtils.java:logGet(44)) - raft.server.log.segment.cache.num.max = 2 (custom)
2020-11-23 16:44:05,170 [pool-255-thread-1] INFO  segmented.SegmentedRaftLogWorker (SegmentedRaftLogWorker.java:<init>(180)) - new 03da0c7f-0ea2-4e27-8f49-e45eb46ed814@group-4F488877A724-SegmentedRaftLogWorker for RaftStorage:Storage Directory /github/workspace/mnt/ozone/hadoop-ozone/integration-test/target/test-dir/MiniOzoneClusterImpl-1f6412f7-deda-49d6-8890-c33526f8416a/datanode-5/data/ratis/2ddc8998-598d-4fe1-8164-4f488877a724
2020-11-23 16:44:05,170 [pool-255-thread-1] INFO  server.RaftServerConfigKeys (ConfUtils.java:logGet(44)) - raft.server.log.queue.byte-limit = 2147483647 (custom)
2020-11-23 16:44:05,170 [pool-255-thread-1] INFO  server.RaftServerConfigKeys (ConfUtils.java:logGet(44)) - raft.server.log.queue.element-limit = 1024 (custom)
2020-11-23 16:44:05,170 [pool-255-thread-1] INFO  server.RaftServerConfigKeys (ConfUtils.java:logGet(44)) - raft.server.log.segment.size.max = 1048576 (custom)
2020-11-23 16:44:05,171 [pool-255-thread-1] INFO  server.RaftServerConfigKeys (ConfUtils.java:logGet(44)) - raft.server.log.preallocated.size = 16384 (custom)
2020-11-23 16:44:05,172 [pool-255-thread-1] INFO  server.RaftServerConfigKeys (ConfUtils.java:logGet(44)) - raft.server.log.write.buffer.size = 1048576 (custom)
2020-11-23 16:44:05,172 [pool-255-thread-1] INFO  server.RaftServerConfigKeys (ConfUtils.java:logGet(44)) - raft.server.log.force.sync.num = 128 (default)
2020-11-23 16:44:05,172 [pool-255-thread-1] INFO  server.RaftServerConfigKeys (ConfUtils.java:logGet(44)) - raft.server.log.statemachine.data.sync = true (default)
2020-11-23 16:44:05,172 [pool-255-thread-1] INFO  server.RaftServerConfigKeys (ConfUtils.java:logGet(44)) - raft.server.log.statemachine.data.sync.timeout = 10s (default)
2020-11-23 16:44:05,172 [pool-255-thread-1] INFO  server.RaftServerConfigKeys (ConfUtils.java:logGet(44)) - raft.server.log.statemachine.data.sync.timeout.retry = -1 (default)
2020-11-23 16:44:05,174 [pool-255-thread-1] INFO  server.RaftServerConfigKeys (ConfUtils.java:logGet(44)) - raft.server.log.statemachine.data.caching.enabled = true (custom)
2020-11-23 16:44:05,175 [pool-255-thread-1] INFO  segmented.SegmentedRaftLogWorker (SegmentedRaftLogWorker.java:lambda$new$0(129)) - 03da0c7f-0ea2-4e27-8f49-e45eb46ed814@group-4F488877A724-SegmentedRaftLogWorker: flushIndex: setUnconditionally 0 -> -1
2020-11-23 16:44:05,175 [pool-255-thread-1] INFO  segmented.SegmentedRaftLogWorker (SegmentedRaftLogWorker.java:lambda$new$0(129)) - 03da0c7f-0ea2-4e27-8f49-e45eb46ed814@group-4F488877A724-SegmentedRaftLogWorker: safeCacheEvictIndex: setUnconditionally 0 -> -1
2020-11-23 16:44:05,175 [pool-255-thread-1] INFO  server.RaftServerConfigKeys (ConfUtils.java:logGet(44)) - raft.server.snapshot.auto.trigger.enabled = true (custom)
2020-11-23 16:44:05,175 [pool-255-thread-1] INFO  server.RaftServerConfigKeys (ConfUtils.java:logGet(44)) - raft.server.snapshot.auto.trigger.threshold = 10000 (custom)
2020-11-23 16:44:05,175 [pool-255-thread-1] INFO  server.RaftServerConfigKeys (ConfUtils.java:logGet(44)) - raft.server.snapshot.retention.file.num = 5 (custom)
2020-11-23 16:44:05,175 [pool-255-thread-1] INFO  server.RaftServerConfigKeys (ConfUtils.java:logGet(44)) - raft.server.log.purge.upto.snapshot.index = false (default)
2020-11-23 16:44:05,175 [pool-255-thread-1] INFO  server.RaftServerConfigKeys (ConfUtils.java:logGet(44)) - raft.server.retrycache.expirytime = 600000ms (custom)
2020-11-23 16:44:05,175 [pool-255-thread-1] INFO  metrics.RatisMetrics (RatisMetrics.java:lambda$create$0(36)) - Creating Metrics Registry : ratis.leader_election.03da0c7f-0ea2-4e27-8f49-e45eb46ed814@group-4F488877A724
2020-11-23 16:44:05,176 [pool-255-thread-1] INFO  metrics.RatisMetrics (RatisMetrics.java:lambda$create$0(36)) - Creating Metrics Registry : ratis.server.03da0c7f-0ea2-4e27-8f49-e45eb46ed814@group-4F488877A724
2020-11-23 16:44:05,177 [pool-255-thread-1] INFO  impl.RaftServerImpl (RaftServerImpl.java:start(215)) - 03da0c7f-0ea2-4e27-8f49-e45eb46ed814@group-4F488877A724: start as a follower, conf=-1: [7965236a-9e62-42d8-a24d-3e89ca899055|rpc:172.17.0.2:38005|dataStream:, a4898ab3-e2ea-4a1b-b74b-5f89fbd14327|rpc:172.17.0.2:44959|dataStream:, 03da0c7f-0ea2-4e27-8f49-e45eb46ed814|rpc:172.17.0.2:45865|dataStream:], old=null
2020-11-23 16:44:05,177 [pool-255-thread-1] INFO  impl.RaftServerImpl (RaftServerImpl.java:setRole(204)) - 03da0c7f-0ea2-4e27-8f49-e45eb46ed814@group-4F488877A724: changes role from      null to FOLLOWER at term 0 for startAsFollower
2020-11-23 16:44:05,177 [pool-255-thread-1] INFO  impl.RoleInfo (RoleInfo.java:updateAndGet(143)) - 03da0c7f-0ea2-4e27-8f49-e45eb46ed814: start 03da0c7f-0ea2-4e27-8f49-e45eb46ed814@group-4F488877A724-FollowerState
2020-11-23 16:44:05,177 [pool-255-thread-1] INFO  util.JmxRegister (JmxRegister.java:tryRegister(44)) - Successfully registered JMX Bean with object name Ratis:service=RaftServer,group=group-4F488877A724,id=03da0c7f-0ea2-4e27-8f49-e45eb46ed814
2020-11-23 16:44:05,177 [pool-255-thread-1] INFO  metrics.RatisMetrics (RatisMetrics.java:lambda$create$0(36)) - Creating Metrics Registry : ratis.state_machine.03da0c7f-0ea2-4e27-8f49-e45eb46ed814@group-4F488877A724
2020-11-23 16:44:05,187 [Command processor thread] INFO  commandhandler.CreatePipelineCommandHandler (CreatePipelineCommandHandler.java:handle(106)) - Created Pipeline RATIS THREE PipelineID=2ddc8998-598d-4fe1-8164-4f488877a724.
2020-11-23 16:44:05,397 [Command processor thread] INFO  impl.RaftServerProxy (RaftServerProxy.java:addNew(93)) - 7965236a-9e62-42d8-a24d-3e89ca899055: addNew group-2A94E35DD877:[7965236a-9e62-42d8-a24d-3e89ca899055|rpc:172.17.0.2:38005] returns group-2A94E35DD877:java.util.concurrent.CompletableFuture@21298ef6[Not completed]
2020-11-23 16:44:05,398 [pool-239-thread-1] INFO  impl.RaftServerImpl (RaftServerImpl.java:<init>(121)) - 7965236a-9e62-42d8-a24d-3e89ca899055: new RaftServerImpl for group-2A94E35DD877:[7965236a-9e62-42d8-a24d-3e89ca899055|rpc:172.17.0.2:38005] with ContainerStateMachine:uninitialized
2020-11-23 16:44:05,398 [pool-239-thread-1] INFO  server.RaftServerConfigKeys (ConfUtils.java:logGet(44)) - raft.server.rpc.timeout.min = 5s (custom)
2020-11-23 16:44:05,398 [pool-239-thread-1] INFO  server.RaftServerConfigKeys (ConfUtils.java:logGet(44)) - raft.server.rpc.timeout.max = 5200ms (custom)
2020-11-23 16:44:05,399 [pool-239-thread-1] INFO  server.RaftServerConfigKeys (ConfUtils.java:logGet(44)) - raft.server.rpc.slowness.timeout = 300s (custom)
2020-11-23 16:44:05,399 [pool-239-thread-1] INFO  server.RaftServerConfigKeys (ConfUtils.java:logGet(44)) - raft.server.leaderelection.leader.step-down.wait-time = 10s (default)
2020-11-23 16:44:05,399 [pool-239-thread-1] INFO  server.RaftServerConfigKeys (ConfUtils.java:logGet(44)) - raft.server.sleep.deviation.threshold = 300 (default)
2020-11-23 16:44:05,399 [pool-239-thread-1] INFO  server.RaftServerConfigKeys (ConfUtils.java:logGet(44)) - raft.server.log.appender.install.snapshot.enabled = false (custom)
2020-11-23 16:44:05,399 [pool-239-thread-1] INFO  impl.RaftServerImpl (ServerState.java:<init>(104)) - 7965236a-9e62-42d8-a24d-3e89ca899055@group-2A94E35DD877: ConfigurationManager, init=-1: [7965236a-9e62-42d8-a24d-3e89ca899055|rpc:172.17.0.2:38005], old=null, confs=<EMPTY_MAP>
2020-11-23 16:44:05,399 [pool-239-thread-1] INFO  server.RaftServerConfigKeys (ConfUtils.java:logGet(44)) - raft.server.storage.dir = [/github/workspace/mnt/ozone/hadoop-ozone/integration-test/target/test-dir/MiniOzoneClusterImpl-1f6412f7-deda-49d6-8890-c33526f8416a/datanode-4/data/ratis] (custom)
2020-11-23 16:44:05,399 [pool-239-thread-1] INFO  server.RaftServerConfigKeys (ConfUtils.java:logGet(44)) - raft.server.log.corruption.policy = EXCEPTION (default)
2020-11-23 16:44:05,399 [pool-239-thread-1] INFO  storage.RaftStorageDirectory (RaftStorageDirectory.java:analyzeStorage(261)) - The storage directory /github/workspace/mnt/ozone/hadoop-ozone/integration-test/target/test-dir/MiniOzoneClusterImpl-1f6412f7-deda-49d6-8890-c33526f8416a/datanode-4/data/ratis/0228781e-f8fd-411a-95df-2a94e35dd877 does not exist. Creating ...
2020-11-23 16:44:05,400 [pool-239-thread-1] INFO  storage.RaftStorageDirectory (RaftStorageDirectory.java:tryLock(343)) - Lock on /github/workspace/mnt/ozone/hadoop-ozone/integration-test/target/test-dir/MiniOzoneClusterImpl-1f6412f7-deda-49d6-8890-c33526f8416a/datanode-4/data/ratis/0228781e-f8fd-411a-95df-2a94e35dd877/in_use.lock acquired by nodename 2010@dcde956c9b9e
2020-11-23 16:44:05,402 [pool-239-thread-1] INFO  storage.RaftStorage (RaftStorage.java:format(85)) - Storage directory /github/workspace/mnt/ozone/hadoop-ozone/integration-test/target/test-dir/MiniOzoneClusterImpl-1f6412f7-deda-49d6-8890-c33526f8416a/datanode-4/data/ratis/0228781e-f8fd-411a-95df-2a94e35dd877 has been successfully formatted.
2020-11-23 16:44:05,402 [pool-239-thread-1] INFO  ratis.ContainerStateMachine (ContainerStateMachine.java:loadSnapshot(225)) - group-2A94E35DD877: The snapshot info is null. Setting the last applied indexto:(t:0, i:~)
2020-11-23 16:44:05,402 [pool-239-thread-1] INFO  server.RaftServerConfigKeys (ConfUtils.java:logGet(44)) - raft.server.notification.no-leader.timeout = 300s (custom)
2020-11-23 16:44:05,402 [pool-239-thread-1] INFO  server.RaftServerConfigKeys (ConfUtils.java:logGet(44)) - raft.server.log.use.memory = false (default)
2020-11-23 16:44:05,402 [pool-239-thread-1] INFO  server.RaftServerConfigKeys (ConfUtils.java:logGet(44)) - raft.server.log.purge.gap = 1000000 (custom)
2020-11-23 16:44:05,402 [pool-239-thread-1] INFO  metrics.RatisMetrics (RatisMetrics.java:lambda$create$0(36)) - Creating Metrics Registry : ratis.log_worker.7965236a-9e62-42d8-a24d-3e89ca899055@group-2A94E35DD877
2020-11-23 16:44:05,403 [EventQueue-PipelineReportForPipelineReportHandler] INFO  pipeline.PipelineStateManager (PipelineStateManager.java:openPipeline(132)) - Pipeline Pipeline[ Id: 0228781e-f8fd-411a-95df-2a94e35dd877, Nodes: 7965236a-9e62-42d8-a24d-3e89ca899055{ip: 172.17.0.2, host: dcde956c9b9e, networkLocation: /default-rack, certSerialId: null}, Type:RATIS, Factor:ONE, State:ALLOCATED, leaderId:7965236a-9e62-42d8-a24d-3e89ca899055, CreationTimestamp2020-11-23T16:44:02.399Z] moved to OPEN state
2020-11-23 16:44:05,403 [EventQueue-PipelineReportForOneReplicaPipelineSafeModeRule] INFO  safemode.SCMSafeModeManager (SCMSafeModeManager.java:validateSafeModeExitRules(214)) - AtleastOneDatanodeReportedRule rule is successfully validated
2020-11-23 16:44:05,404 [EventQueue-OpenPipelineForHealthyPipelineSafeModeRule] INFO  safemode.SCMSafeModeManager (HealthyPipelineSafeModeRule.java:process(128)) - SCM in safe mode. Healthy pipelines reported count is 0, required healthy pipeline reported count is 1
2020-11-23 16:44:05,404 [pool-239-thread-1] INFO  server.RaftServerConfigKeys (ConfUtils.java:logGet(44)) - raft.server.log.appender.buffer.byte-limit = 33554432 (custom)
2020-11-23 16:44:05,404 [pool-239-thread-1] INFO  server.RaftServerConfigKeys (ConfUtils.java:logGet(44)) - raft.server.log.segment.size.max = 1048576 (custom)
2020-11-23 16:44:05,406 [pool-239-thread-1] INFO  server.RaftServerConfigKeys (ConfUtils.java:logGet(44)) - raft.server.log.segment.cache.num.max = 2 (custom)
2020-11-23 16:44:05,406 [pool-239-thread-1] INFO  segmented.SegmentedRaftLogWorker (SegmentedRaftLogWorker.java:<init>(180)) - new 7965236a-9e62-42d8-a24d-3e89ca899055@group-2A94E35DD877-SegmentedRaftLogWorker for RaftStorage:Storage Directory /github/workspace/mnt/ozone/hadoop-ozone/integration-test/target/test-dir/MiniOzoneClusterImpl-1f6412f7-deda-49d6-8890-c33526f8416a/datanode-4/data/ratis/0228781e-f8fd-411a-95df-2a94e35dd877
2020-11-23 16:44:05,406 [pool-239-thread-1] INFO  server.RaftServerConfigKeys (ConfUtils.java:logGet(44)) - raft.server.log.queue.byte-limit = 2147483647 (custom)
2020-11-23 16:44:05,406 [pool-239-thread-1] INFO  server.RaftServerConfigKeys (ConfUtils.java:logGet(44)) - raft.server.log.queue.element-limit = 1024 (custom)
2020-11-23 16:44:05,406 [pool-239-thread-1] INFO  server.RaftServerConfigKeys (ConfUtils.java:logGet(44)) - raft.server.log.segment.size.max = 1048576 (custom)
2020-11-23 16:44:05,406 [pool-239-thread-1] INFO  server.RaftServerConfigKeys (ConfUtils.java:logGet(44)) - raft.server.log.preallocated.size = 16384 (custom)
2020-11-23 16:44:05,406 [pool-239-thread-1] INFO  server.RaftServerConfigKeys (ConfUtils.java:logGet(44)) - raft.server.log.write.buffer.size = 1048576 (custom)
2020-11-23 16:44:05,406 [pool-239-thread-1] INFO  server.RaftServerConfigKeys (ConfUtils.java:logGet(44)) - raft.server.log.force.sync.num = 128 (default)
2020-11-23 16:44:05,406 [pool-239-thread-1] INFO  server.RaftServerConfigKeys (ConfUtils.java:logGet(44)) - raft.server.log.statemachine.data.sync = true (default)
2020-11-23 16:44:05,406 [pool-239-thread-1] INFO  server.RaftServerConfigKeys (ConfUtils.java:logGet(44)) - raft.server.log.statemachine.data.sync.timeout = 10s (default)
2020-11-23 16:44:05,406 [pool-239-thread-1] INFO  server.RaftServerConfigKeys (ConfUtils.java:logGet(44)) - raft.server.log.statemachine.data.sync.timeout.retry = -1 (default)
2020-11-23 16:44:05,408 [pool-239-thread-1] INFO  server.RaftServerConfigKeys (ConfUtils.java:logGet(44)) - raft.server.log.statemachine.data.caching.enabled = true (custom)
2020-11-23 16:44:05,408 [pool-239-thread-1] INFO  segmented.SegmentedRaftLogWorker (SegmentedRaftLogWorker.java:lambda$new$0(129)) - 7965236a-9e62-42d8-a24d-3e89ca899055@group-2A94E35DD877-SegmentedRaftLogWorker: flushIndex: setUnconditionally 0 -> -1
2020-11-23 16:44:05,408 [pool-239-thread-1] INFO  segmented.SegmentedRaftLogWorker (SegmentedRaftLogWorker.java:lambda$new$0(129)) - 7965236a-9e62-42d8-a24d-3e89ca899055@group-2A94E35DD877-SegmentedRaftLogWorker: safeCacheEvictIndex: setUnconditionally 0 -> -1
2020-11-23 16:44:05,411 [pool-239-thread-1] INFO  server.RaftServerConfigKeys (ConfUtils.java:logGet(44)) - raft.server.snapshot.auto.trigger.enabled = true (custom)
2020-11-23 16:44:05,411 [pool-239-thread-1] INFO  server.RaftServerConfigKeys (ConfUtils.java:logGet(44)) - raft.server.snapshot.auto.trigger.threshold = 10000 (custom)
2020-11-23 16:44:05,411 [pool-239-thread-1] INFO  server.RaftServerConfigKeys (ConfUtils.java:logGet(44)) - raft.server.snapshot.retention.file.num = 5 (custom)
2020-11-23 16:44:05,411 [pool-239-thread-1] INFO  server.RaftServerConfigKeys (ConfUtils.java:logGet(44)) - raft.server.log.purge.upto.snapshot.index = false (default)
2020-11-23 16:44:05,411 [pool-239-thread-1] INFO  server.RaftServerConfigKeys (ConfUtils.java:logGet(44)) - raft.server.retrycache.expirytime = 600000ms (custom)
2020-11-23 16:44:05,411 [pool-239-thread-1] INFO  metrics.RatisMetrics (RatisMetrics.java:lambda$create$0(36)) - Creating Metrics Registry : ratis.leader_election.7965236a-9e62-42d8-a24d-3e89ca899055@group-2A94E35DD877
2020-11-23 16:44:05,412 [pool-239-thread-1] INFO  metrics.RatisMetrics (RatisMetrics.java:lambda$create$0(36)) - Creating Metrics Registry : ratis.server.7965236a-9e62-42d8-a24d-3e89ca899055@group-2A94E35DD877
2020-11-23 16:44:05,413 [pool-239-thread-1] INFO  impl.RaftServerImpl (RaftServerImpl.java:start(215)) - 7965236a-9e62-42d8-a24d-3e89ca899055@group-2A94E35DD877: start as a follower, conf=-1: [7965236a-9e62-42d8-a24d-3e89ca899055|rpc:172.17.0.2:38005], old=null
2020-11-23 16:44:05,413 [pool-239-thread-1] INFO  impl.RaftServerImpl (RaftServerImpl.java:setRole(204)) - 7965236a-9e62-42d8-a24d-3e89ca899055@group-2A94E35DD877: changes role from      null to FOLLOWER at term 0 for startAsFollower
2020-11-23 16:44:05,413 [pool-239-thread-1] INFO  impl.RoleInfo (RoleInfo.java:updateAndGet(143)) - 7965236a-9e62-42d8-a24d-3e89ca899055: start 7965236a-9e62-42d8-a24d-3e89ca899055@group-2A94E35DD877-FollowerState
2020-11-23 16:44:05,413 [pool-239-thread-1] INFO  util.JmxRegister (JmxRegister.java:tryRegister(44)) - Successfully registered JMX Bean with object name Ratis:service=RaftServer,group=group-2A94E35DD877,id=7965236a-9e62-42d8-a24d-3e89ca899055
2020-11-23 16:44:05,413 [pool-239-thread-1] INFO  metrics.RatisMetrics (RatisMetrics.java:lambda$create$0(36)) - Creating Metrics Registry : ratis.state_machine.7965236a-9e62-42d8-a24d-3e89ca899055@group-2A94E35DD877
2020-11-23 16:44:05,414 [Command processor thread] INFO  commandhandler.CreatePipelineCommandHandler (CreatePipelineCommandHandler.java:handle(106)) - Created Pipeline RATIS ONE PipelineID=0228781e-f8fd-411a-95df-2a94e35dd877.
2020-11-23 16:44:05,589 [Command processor thread] INFO  impl.RaftServerProxy (RaftServerProxy.java:addNew(93)) - 03da0c7f-0ea2-4e27-8f49-e45eb46ed814: addNew group-A7D5D09C3196:[03da0c7f-0ea2-4e27-8f49-e45eb46ed814|rpc:172.17.0.2:45865] returns group-A7D5D09C3196:java.util.concurrent.CompletableFuture@6d845f5d[Not completed]
2020-11-23 16:44:05,590 [pool-255-thread-1] INFO  impl.RaftServerImpl (RaftServerImpl.java:<init>(121)) - 03da0c7f-0ea2-4e27-8f49-e45eb46ed814: new RaftServerImpl for group-A7D5D09C3196:[03da0c7f-0ea2-4e27-8f49-e45eb46ed814|rpc:172.17.0.2:45865] with ContainerStateMachine:uninitialized
2020-11-23 16:44:05,590 [pool-255-thread-1] INFO  server.RaftServerConfigKeys (ConfUtils.java:logGet(44)) - raft.server.rpc.timeout.min = 5s (custom)
2020-11-23 16:44:05,590 [pool-255-thread-1] INFO  server.RaftServerConfigKeys (ConfUtils.java:logGet(44)) - raft.server.rpc.timeout.max = 5200ms (custom)
2020-11-23 16:44:05,590 [pool-255-thread-1] INFO  server.RaftServerConfigKeys (ConfUtils.java:logGet(44)) - raft.server.rpc.slowness.timeout = 300s (custom)
2020-11-23 16:44:05,590 [pool-255-thread-1] INFO  server.RaftServerConfigKeys (ConfUtils.java:logGet(44)) - raft.server.leaderelection.leader.step-down.wait-time = 10s (default)
2020-11-23 16:44:05,590 [pool-255-thread-1] INFO  server.RaftServerConfigKeys (ConfUtils.java:logGet(44)) - raft.server.sleep.deviation.threshold = 300 (default)
2020-11-23 16:44:05,590 [pool-255-thread-1] INFO  server.RaftServerConfigKeys (ConfUtils.java:logGet(44)) - raft.server.log.appender.install.snapshot.enabled = false (custom)
2020-11-23 16:44:05,590 [pool-255-thread-1] INFO  impl.RaftServerImpl (ServerState.java:<init>(104)) - 03da0c7f-0ea2-4e27-8f49-e45eb46ed814@group-A7D5D09C3196: ConfigurationManager, init=-1: [03da0c7f-0ea2-4e27-8f49-e45eb46ed814|rpc:172.17.0.2:45865], old=null, confs=<EMPTY_MAP>
2020-11-23 16:44:05,590 [pool-255-thread-1] INFO  server.RaftServerConfigKeys (ConfUtils.java:logGet(44)) - raft.server.storage.dir = [/github/workspace/mnt/ozone/hadoop-ozone/integration-test/target/test-dir/MiniOzoneClusterImpl-1f6412f7-deda-49d6-8890-c33526f8416a/datanode-5/data/ratis] (custom)
2020-11-23 16:44:05,591 [pool-255-thread-1] INFO  server.RaftServerConfigKeys (ConfUtils.java:logGet(44)) - raft.server.log.corruption.policy = EXCEPTION (default)
2020-11-23 16:44:05,591 [pool-255-thread-1] INFO  storage.RaftStorageDirectory (RaftStorageDirectory.java:analyzeStorage(261)) - The storage directory /github/workspace/mnt/ozone/hadoop-ozone/integration-test/target/test-dir/MiniOzoneClusterImpl-1f6412f7-deda-49d6-8890-c33526f8416a/datanode-5/data/ratis/379d5359-402f-4e83-9175-a7d5d09c3196 does not exist. Creating ...
2020-11-23 16:44:05,592 [pool-255-thread-1] INFO  storage.RaftStorageDirectory (RaftStorageDirectory.java:tryLock(343)) - Lock on /github/workspace/mnt/ozone/hadoop-ozone/integration-test/target/test-dir/MiniOzoneClusterImpl-1f6412f7-deda-49d6-8890-c33526f8416a/datanode-5/data/ratis/379d5359-402f-4e83-9175-a7d5d09c3196/in_use.lock acquired by nodename 2010@dcde956c9b9e
2020-11-23 16:44:05,593 [pool-255-thread-1] INFO  storage.RaftStorage (RaftStorage.java:format(85)) - Storage directory /github/workspace/mnt/ozone/hadoop-ozone/integration-test/target/test-dir/MiniOzoneClusterImpl-1f6412f7-deda-49d6-8890-c33526f8416a/datanode-5/data/ratis/379d5359-402f-4e83-9175-a7d5d09c3196 has been successfully formatted.
2020-11-23 16:44:05,594 [pool-255-thread-1] INFO  ratis.ContainerStateMachine (ContainerStateMachine.java:loadSnapshot(225)) - group-A7D5D09C3196: The snapshot info is null. Setting the last applied indexto:(t:0, i:~)
2020-11-23 16:44:05,594 [pool-255-thread-1] INFO  server.RaftServerConfigKeys (ConfUtils.java:logGet(44)) - raft.server.notification.no-leader.timeout = 300s (custom)
2020-11-23 16:44:05,594 [pool-255-thread-1] INFO  server.RaftServerConfigKeys (ConfUtils.java:logGet(44)) - raft.server.log.use.memory = false (default)
2020-11-23 16:44:05,594 [pool-255-thread-1] INFO  server.RaftServerConfigKeys (ConfUtils.java:logGet(44)) - raft.server.log.purge.gap = 1000000 (custom)
2020-11-23 16:44:05,594 [pool-255-thread-1] INFO  metrics.RatisMetrics (RatisMetrics.java:lambda$create$0(36)) - Creating Metrics Registry : ratis.log_worker.03da0c7f-0ea2-4e27-8f49-e45eb46ed814@group-A7D5D09C3196
2020-11-23 16:44:05,594 [pool-255-thread-1] INFO  server.RaftServerConfigKeys (ConfUtils.java:logGet(44)) - raft.server.log.appender.buffer.byte-limit = 33554432 (custom)
2020-11-23 16:44:05,595 [EventQueue-PipelineReportForPipelineReportHandler] INFO  pipeline.PipelineStateManager (PipelineStateManager.java:openPipeline(132)) - Pipeline Pipeline[ Id: 379d5359-402f-4e83-9175-a7d5d09c3196, Nodes: 03da0c7f-0ea2-4e27-8f49-e45eb46ed814{ip: 172.17.0.2, host: dcde956c9b9e, networkLocation: /default-rack, certSerialId: null}, Type:RATIS, Factor:ONE, State:ALLOCATED, leaderId:03da0c7f-0ea2-4e27-8f49-e45eb46ed814, CreationTimestamp2020-11-23T16:44:02.591Z] moved to OPEN state
2020-11-23 16:44:05,595 [EventQueue-PipelineReportForOneReplicaPipelineSafeModeRule] INFO  safemode.SCMSafeModeManager (SCMSafeModeManager.java:validateSafeModeExitRules(214)) - AtleastOneDatanodeReportedRule rule is successfully validated
2020-11-23 16:44:05,596 [EventQueue-OpenPipelineForHealthyPipelineSafeModeRule] INFO  safemode.SCMSafeModeManager (HealthyPipelineSafeModeRule.java:process(128)) - SCM in safe mode. Healthy pipelines reported count is 0, required healthy pipeline reported count is 1
2020-11-23 16:44:05,596 [pool-255-thread-1] INFO  server.RaftServerConfigKeys (ConfUtils.java:logGet(44)) - raft.server.log.segment.size.max = 1048576 (custom)
2020-11-23 16:44:05,597 [pool-255-thread-1] INFO  server.RaftServerConfigKeys (ConfUtils.java:logGet(44)) - raft.server.log.segment.cache.num.max = 2 (custom)
2020-11-23 16:44:05,597 [pool-255-thread-1] INFO  segmented.SegmentedRaftLogWorker (SegmentedRaftLogWorker.java:<init>(180)) - new 03da0c7f-0ea2-4e27-8f49-e45eb46ed814@group-A7D5D09C3196-SegmentedRaftLogWorker for RaftStorage:Storage Directory /github/workspace/mnt/ozone/hadoop-ozone/integration-test/target/test-dir/MiniOzoneClusterImpl-1f6412f7-deda-49d6-8890-c33526f8416a/datanode-5/data/ratis/379d5359-402f-4e83-9175-a7d5d09c3196
2020-11-23 16:44:05,597 [pool-255-thread-1] INFO  server.RaftServerConfigKeys (ConfUtils.java:logGet(44)) - raft.server.log.queue.byte-limit = 2147483647 (custom)
2020-11-23 16:44:05,597 [pool-255-thread-1] INFO  server.RaftServerConfigKeys (ConfUtils.java:logGet(44)) - raft.server.log.queue.element-limit = 1024 (custom)
2020-11-23 16:44:05,597 [pool-255-thread-1] INFO  server.RaftServerConfigKeys (ConfUtils.java:logGet(44)) - raft.server.log.segment.size.max = 1048576 (custom)
2020-11-23 16:44:05,597 [pool-255-thread-1] INFO  server.RaftServerConfigKeys (ConfUtils.java:logGet(44)) - raft.server.log.preallocated.size = 16384 (custom)
2020-11-23 16:44:05,597 [pool-255-thread-1] INFO  server.RaftServerConfigKeys (ConfUtils.java:logGet(44)) - raft.server.log.write.buffer.size = 1048576 (custom)
2020-11-23 16:44:05,597 [pool-255-thread-1] INFO  server.RaftServerConfigKeys (ConfUtils.java:logGet(44)) - raft.server.log.force.sync.num = 128 (default)
2020-11-23 16:44:05,597 [pool-255-thread-1] INFO  server.RaftServerConfigKeys (ConfUtils.java:logGet(44)) - raft.server.log.statemachine.data.sync = true (default)
2020-11-23 16:44:05,597 [pool-255-thread-1] INFO  server.RaftServerConfigKeys (ConfUtils.java:logGet(44)) - raft.server.log.statemachine.data.sync.timeout = 10s (default)
2020-11-23 16:44:05,597 [pool-255-thread-1] INFO  server.RaftServerConfigKeys (ConfUtils.java:logGet(44)) - raft.server.log.statemachine.data.sync.timeout.retry = -1 (default)
2020-11-23 16:44:05,600 [pool-255-thread-1] INFO  server.RaftServerConfigKeys (ConfUtils.java:logGet(44)) - raft.server.log.statemachine.data.caching.enabled = true (custom)
2020-11-23 16:44:05,601 [pool-255-thread-1] INFO  segmented.SegmentedRaftLogWorker (SegmentedRaftLogWorker.java:lambda$new$0(129)) - 03da0c7f-0ea2-4e27-8f49-e45eb46ed814@group-A7D5D09C3196-SegmentedRaftLogWorker: flushIndex: setUnconditionally 0 -> -1
2020-11-23 16:44:05,601 [pool-255-thread-1] INFO  segmented.SegmentedRaftLogWorker (SegmentedRaftLogWorker.java:lambda$new$0(129)) - 03da0c7f-0ea2-4e27-8f49-e45eb46ed814@group-A7D5D09C3196-SegmentedRaftLogWorker: safeCacheEvictIndex: setUnconditionally 0 -> -1
2020-11-23 16:44:05,602 [pool-255-thread-1] INFO  server.RaftServerConfigKeys (ConfUtils.java:logGet(44)) - raft.server.snapshot.auto.trigger.enabled = true (custom)
2020-11-23 16:44:05,602 [pool-255-thread-1] INFO  server.RaftServerConfigKeys (ConfUtils.java:logGet(44)) - raft.server.snapshot.auto.trigger.threshold = 10000 (custom)
2020-11-23 16:44:05,602 [pool-255-thread-1] INFO  server.RaftServerConfigKeys (ConfUtils.java:logGet(44)) - raft.server.snapshot.retention.file.num = 5 (custom)
2020-11-23 16:44:05,602 [pool-255-thread-1] INFO  server.RaftServerConfigKeys (ConfUtils.java:logGet(44)) - raft.server.log.purge.upto.snapshot.index = false (default)
2020-11-23 16:44:05,602 [pool-255-thread-1] INFO  server.RaftServerConfigKeys (ConfUtils.java:logGet(44)) - raft.server.retrycache.expirytime = 600000ms (custom)
2020-11-23 16:44:05,605 [pool-255-thread-1] INFO  metrics.RatisMetrics (RatisMetrics.java:lambda$create$0(36)) - Creating Metrics Registry : ratis.leader_election.03da0c7f-0ea2-4e27-8f49-e45eb46ed814@group-A7D5D09C3196
2020-11-23 16:44:05,606 [pool-255-thread-1] INFO  metrics.RatisMetrics (RatisMetrics.java:lambda$create$0(36)) - Creating Metrics Registry : ratis.server.03da0c7f-0ea2-4e27-8f49-e45eb46ed814@group-A7D5D09C3196
2020-11-23 16:44:05,606 [pool-255-thread-1] INFO  impl.RaftServerImpl (RaftServerImpl.java:start(215)) - 03da0c7f-0ea2-4e27-8f49-e45eb46ed814@group-A7D5D09C3196: start as a follower, conf=-1: [03da0c7f-0ea2-4e27-8f49-e45eb46ed814|rpc:172.17.0.2:45865], old=null
2020-11-23 16:44:05,607 [pool-255-thread-1] INFO  impl.RaftServerImpl (RaftServerImpl.java:setRole(204)) - 03da0c7f-0ea2-4e27-8f49-e45eb46ed814@group-A7D5D09C3196: changes role from      null to FOLLOWER at term 0 for startAsFollower
2020-11-23 16:44:05,609 [pool-255-thread-1] INFO  impl.RoleInfo (RoleInfo.java:updateAndGet(143)) - 03da0c7f-0ea2-4e27-8f49-e45eb46ed814: start 03da0c7f-0ea2-4e27-8f49-e45eb46ed814@group-A7D5D09C3196-FollowerState
2020-11-23 16:44:05,611 [pool-255-thread-1] INFO  util.JmxRegister (JmxRegister.java:tryRegister(44)) - Successfully registered JMX Bean with object name Ratis:service=RaftServer,group=group-A7D5D09C3196,id=03da0c7f-0ea2-4e27-8f49-e45eb46ed814
2020-11-23 16:44:05,612 [pool-255-thread-1] INFO  metrics.RatisMetrics (RatisMetrics.java:lambda$create$0(36)) - Creating Metrics Registry : ratis.state_machine.03da0c7f-0ea2-4e27-8f49-e45eb46ed814@group-A7D5D09C3196
2020-11-23 16:44:05,612 [Command processor thread] INFO  commandhandler.CreatePipelineCommandHandler (CreatePipelineCommandHandler.java:handle(106)) - Created Pipeline RATIS ONE PipelineID=379d5359-402f-4e83-9175-a7d5d09c3196.
2020-11-23 16:44:05,771 [Listener at 127.0.0.1/36807] INFO  ozone.MiniOzoneClusterImpl (MiniOzoneClusterImpl.java:lambda$waitForClusterToBeReady$0(178)) - Nodes are ready. Got 7 of 7 DN Heartbeats.
2020-11-23 16:44:05,771 [Listener at 127.0.0.1/36807] INFO  ozone.MiniOzoneClusterImpl (MiniOzoneClusterImpl.java:lambda$waitForClusterToBeReady$0(181)) - Waiting for cluster to exit safe mode
2020-11-23 16:44:05,779 [Command processor thread] INFO  impl.RaftServerProxy (RaftServerProxy.java:addNew(93)) - 2001b4ac-07b6-4cea-a1f1-ff1d200545db: addNew group-30E16C36EFC1:[2001b4ac-07b6-4cea-a1f1-ff1d200545db|rpc:172.17.0.2:42501] returns group-30E16C36EFC1:java.util.concurrent.CompletableFuture@6544008[Not completed]
2020-11-23 16:44:05,782 [pool-271-thread-1] INFO  impl.RaftServerImpl (RaftServerImpl.java:<init>(121)) - 2001b4ac-07b6-4cea-a1f1-ff1d200545db: new RaftServerImpl for group-30E16C36EFC1:[2001b4ac-07b6-4cea-a1f1-ff1d200545db|rpc:172.17.0.2:42501] with ContainerStateMachine:uninitialized
2020-11-23 16:44:05,782 [pool-271-thread-1] INFO  server.RaftServerConfigKeys (ConfUtils.java:logGet(44)) - raft.server.rpc.timeout.min = 5s (custom)
2020-11-23 16:44:05,782 [pool-271-thread-1] INFO  server.RaftServerConfigKeys (ConfUtils.java:logGet(44)) - raft.server.rpc.timeout.max = 5200ms (custom)
2020-11-23 16:44:05,782 [pool-271-thread-1] INFO  server.RaftServerConfigKeys (ConfUtils.java:logGet(44)) - raft.server.rpc.slowness.timeout = 300s (custom)
2020-11-23 16:44:05,782 [pool-271-thread-1] INFO  server.RaftServerConfigKeys (ConfUtils.java:logGet(44)) - raft.server.leaderelection.leader.step-down.wait-time = 10s (default)
2020-11-23 16:44:05,782 [pool-271-thread-1] INFO  server.RaftServerConfigKeys (ConfUtils.java:logGet(44)) - raft.server.sleep.deviation.threshold = 300 (default)
2020-11-23 16:44:05,782 [pool-271-thread-1] INFO  server.RaftServerConfigKeys (ConfUtils.java:logGet(44)) - raft.server.log.appender.install.snapshot.enabled = false (custom)
2020-11-23 16:44:05,782 [pool-271-thread-1] INFO  impl.RaftServerImpl (ServerState.java:<init>(104)) - 2001b4ac-07b6-4cea-a1f1-ff1d200545db@group-30E16C36EFC1: ConfigurationManager, init=-1: [2001b4ac-07b6-4cea-a1f1-ff1d200545db|rpc:172.17.0.2:42501], old=null, confs=<EMPTY_MAP>
2020-11-23 16:44:05,783 [pool-271-thread-1] INFO  server.RaftServerConfigKeys (ConfUtils.java:logGet(44)) - raft.server.storage.dir = [/github/workspace/mnt/ozone/hadoop-ozone/integration-test/target/test-dir/MiniOzoneClusterImpl-1f6412f7-deda-49d6-8890-c33526f8416a/datanode-6/data/ratis] (custom)
2020-11-23 16:44:05,783 [pool-271-thread-1] INFO  server.RaftServerConfigKeys (ConfUtils.java:logGet(44)) - raft.server.log.corruption.policy = EXCEPTION (default)
2020-11-23 16:44:05,783 [pool-271-thread-1] INFO  storage.RaftStorageDirectory (RaftStorageDirectory.java:analyzeStorage(261)) - The storage directory /github/workspace/mnt/ozone/hadoop-ozone/integration-test/target/test-dir/MiniOzoneClusterImpl-1f6412f7-deda-49d6-8890-c33526f8416a/datanode-6/data/ratis/f42fef0f-2af6-464e-a686-30e16c36efc1 does not exist. Creating ...
2020-11-23 16:44:05,784 [pool-271-thread-1] INFO  storage.RaftStorageDirectory (RaftStorageDirectory.java:tryLock(343)) - Lock on /github/workspace/mnt/ozone/hadoop-ozone/integration-test/target/test-dir/MiniOzoneClusterImpl-1f6412f7-deda-49d6-8890-c33526f8416a/datanode-6/data/ratis/f42fef0f-2af6-464e-a686-30e16c36efc1/in_use.lock acquired by nodename 2010@dcde956c9b9e
2020-11-23 16:44:05,785 [pool-271-thread-1] INFO  storage.RaftStorage (RaftStorage.java:format(85)) - Storage directory /github/workspace/mnt/ozone/hadoop-ozone/integration-test/target/test-dir/MiniOzoneClusterImpl-1f6412f7-deda-49d6-8890-c33526f8416a/datanode-6/data/ratis/f42fef0f-2af6-464e-a686-30e16c36efc1 has been successfully formatted.
2020-11-23 16:44:05,786 [pool-271-thread-1] INFO  ratis.ContainerStateMachine (ContainerStateMachine.java:loadSnapshot(225)) - group-30E16C36EFC1: The snapshot info is null. Setting the last applied indexto:(t:0, i:~)
2020-11-23 16:44:05,786 [pool-271-thread-1] INFO  server.RaftServerConfigKeys (ConfUtils.java:logGet(44)) - raft.server.notification.no-leader.timeout = 300s (custom)
2020-11-23 16:44:05,787 [pool-271-thread-1] INFO  server.RaftServerConfigKeys (ConfUtils.java:logGet(44)) - raft.server.log.use.memory = false (default)
2020-11-23 16:44:05,787 [EventQueue-PipelineReportForOneReplicaPipelineSafeModeRule] INFO  safemode.SCMSafeModeManager (SCMSafeModeManager.java:validateSafeModeExitRules(214)) - AtleastOneDatanodeReportedRule rule is successfully validated
2020-11-23 16:44:05,787 [EventQueue-PipelineReportForPipelineReportHandler] INFO  pipeline.PipelineStateManager (PipelineStateManager.java:openPipeline(132)) - Pipeline Pipeline[ Id: f42fef0f-2af6-464e-a686-30e16c36efc1, Nodes: 2001b4ac-07b6-4cea-a1f1-ff1d200545db{ip: 172.17.0.2, host: dcde956c9b9e, networkLocation: /default-rack, certSerialId: null}, Type:RATIS, Factor:ONE, State:ALLOCATED, leaderId:2001b4ac-07b6-4cea-a1f1-ff1d200545db, CreationTimestamp2020-11-23T16:44:02.781Z] moved to OPEN state
2020-11-23 16:44:05,788 [pool-271-thread-1] INFO  server.RaftServerConfigKeys (ConfUtils.java:logGet(44)) - raft.server.log.purge.gap = 1000000 (custom)
2020-11-23 16:44:05,788 [pool-271-thread-1] INFO  metrics.RatisMetrics (RatisMetrics.java:lambda$create$0(36)) - Creating Metrics Registry : ratis.log_worker.2001b4ac-07b6-4cea-a1f1-ff1d200545db@group-30E16C36EFC1
2020-11-23 16:44:05,788 [EventQueue-OpenPipelineForHealthyPipelineSafeModeRule] INFO  safemode.SCMSafeModeManager (HealthyPipelineSafeModeRule.java:process(128)) - SCM in safe mode. Healthy pipelines reported count is 0, required healthy pipeline reported count is 1
2020-11-23 16:44:05,788 [pool-271-thread-1] INFO  server.RaftServerConfigKeys (ConfUtils.java:logGet(44)) - raft.server.log.appender.buffer.byte-limit = 33554432 (custom)
2020-11-23 16:44:05,788 [pool-271-thread-1] INFO  server.RaftServerConfigKeys (ConfUtils.java:logGet(44)) - raft.server.log.segment.size.max = 1048576 (custom)
2020-11-23 16:44:05,789 [pool-271-thread-1] INFO  server.RaftServerConfigKeys (ConfUtils.java:logGet(44)) - raft.server.log.segment.cache.num.max = 2 (custom)
2020-11-23 16:44:05,789 [pool-271-thread-1] INFO  segmented.SegmentedRaftLogWorker (SegmentedRaftLogWorker.java:<init>(180)) - new 2001b4ac-07b6-4cea-a1f1-ff1d200545db@group-30E16C36EFC1-SegmentedRaftLogWorker for RaftStorage:Storage Directory /github/workspace/mnt/ozone/hadoop-ozone/integration-test/target/test-dir/MiniOzoneClusterImpl-1f6412f7-deda-49d6-8890-c33526f8416a/datanode-6/data/ratis/f42fef0f-2af6-464e-a686-30e16c36efc1
2020-11-23 16:44:05,789 [pool-271-thread-1] INFO  server.RaftServerConfigKeys (ConfUtils.java:logGet(44)) - raft.server.log.queue.byte-limit = 2147483647 (custom)
2020-11-23 16:44:05,789 [pool-271-thread-1] INFO  server.RaftServerConfigKeys (ConfUtils.java:logGet(44)) - raft.server.log.queue.element-limit = 1024 (custom)
2020-11-23 16:44:05,789 [pool-271-thread-1] INFO  server.RaftServerConfigKeys (ConfUtils.java:logGet(44)) - raft.server.log.segment.size.max = 1048576 (custom)
2020-11-23 16:44:05,789 [pool-271-thread-1] INFO  server.RaftServerConfigKeys (ConfUtils.java:logGet(44)) - raft.server.log.preallocated.size = 16384 (custom)
2020-11-23 16:44:05,789 [pool-271-thread-1] INFO  server.RaftServerConfigKeys (ConfUtils.java:logGet(44)) - raft.server.log.write.buffer.size = 1048576 (custom)
2020-11-23 16:44:05,789 [pool-271-thread-1] INFO  server.RaftServerConfigKeys (ConfUtils.java:logGet(44)) - raft.server.log.force.sync.num = 128 (default)
2020-11-23 16:44:05,789 [pool-271-thread-1] INFO  server.RaftServerConfigKeys (ConfUtils.java:logGet(44)) - raft.server.log.statemachine.data.sync = true (default)
2020-11-23 16:44:05,789 [pool-271-thread-1] INFO  server.RaftServerConfigKeys (ConfUtils.java:logGet(44)) - raft.server.log.statemachine.data.sync.timeout = 10s (default)
2020-11-23 16:44:05,789 [pool-271-thread-1] INFO  server.RaftServerConfigKeys (ConfUtils.java:logGet(44)) - raft.server.log.statemachine.data.sync.timeout.retry = -1 (default)
2020-11-23 16:44:05,791 [pool-271-thread-1] INFO  server.RaftServerConfigKeys (ConfUtils.java:logGet(44)) - raft.server.log.statemachine.data.caching.enabled = true (custom)
2020-11-23 16:44:05,791 [pool-271-thread-1] INFO  segmented.SegmentedRaftLogWorker (SegmentedRaftLogWorker.java:lambda$new$0(129)) - 2001b4ac-07b6-4cea-a1f1-ff1d200545db@group-30E16C36EFC1-SegmentedRaftLogWorker: flushIndex: setUnconditionally 0 -> -1
2020-11-23 16:44:05,791 [pool-271-thread-1] INFO  segmented.SegmentedRaftLogWorker (SegmentedRaftLogWorker.java:lambda$new$0(129)) - 2001b4ac-07b6-4cea-a1f1-ff1d200545db@group-30E16C36EFC1-SegmentedRaftLogWorker: safeCacheEvictIndex: setUnconditionally 0 -> -1
2020-11-23 16:44:05,794 [pool-271-thread-1] INFO  server.RaftServerConfigKeys (ConfUtils.java:logGet(44)) - raft.server.snapshot.auto.trigger.enabled = true (custom)
2020-11-23 16:44:05,794 [pool-271-thread-1] INFO  server.RaftServerConfigKeys (ConfUtils.java:logGet(44)) - raft.server.snapshot.auto.trigger.threshold = 10000 (custom)
2020-11-23 16:44:05,794 [pool-271-thread-1] INFO  server.RaftServerConfigKeys (ConfUtils.java:logGet(44)) - raft.server.snapshot.retention.file.num = 5 (custom)
2020-11-23 16:44:05,794 [pool-271-thread-1] INFO  server.RaftServerConfigKeys (ConfUtils.java:logGet(44)) - raft.server.log.purge.upto.snapshot.index = false (default)
2020-11-23 16:44:05,794 [pool-271-thread-1] INFO  server.RaftServerConfigKeys (ConfUtils.java:logGet(44)) - raft.server.retrycache.expirytime = 600000ms (custom)
2020-11-23 16:44:05,794 [pool-271-thread-1] INFO  metrics.RatisMetrics (RatisMetrics.java:lambda$create$0(36)) - Creating Metrics Registry : ratis.leader_election.2001b4ac-07b6-4cea-a1f1-ff1d200545db@group-30E16C36EFC1
2020-11-23 16:44:05,794 [pool-271-thread-1] INFO  metrics.RatisMetrics (RatisMetrics.java:lambda$create$0(36)) - Creating Metrics Registry : ratis.server.2001b4ac-07b6-4cea-a1f1-ff1d200545db@group-30E16C36EFC1
2020-11-23 16:44:05,795 [pool-271-thread-1] INFO  impl.RaftServerImpl (RaftServerImpl.java:start(215)) - 2001b4ac-07b6-4cea-a1f1-ff1d200545db@group-30E16C36EFC1: start as a follower, conf=-1: [2001b4ac-07b6-4cea-a1f1-ff1d200545db|rpc:172.17.0.2:42501], old=null
2020-11-23 16:44:05,795 [pool-271-thread-1] INFO  impl.RaftServerImpl (RaftServerImpl.java:setRole(204)) - 2001b4ac-07b6-4cea-a1f1-ff1d200545db@group-30E16C36EFC1: changes role from      null to FOLLOWER at term 0 for startAsFollower
2020-11-23 16:44:05,795 [pool-271-thread-1] INFO  impl.RoleInfo (RoleInfo.java:updateAndGet(143)) - 2001b4ac-07b6-4cea-a1f1-ff1d200545db: start 2001b4ac-07b6-4cea-a1f1-ff1d200545db@group-30E16C36EFC1-FollowerState
2020-11-23 16:44:05,796 [pool-271-thread-1] INFO  util.JmxRegister (JmxRegister.java:tryRegister(44)) - Successfully registered JMX Bean with object name Ratis:service=RaftServer,group=group-30E16C36EFC1,id=2001b4ac-07b6-4cea-a1f1-ff1d200545db
2020-11-23 16:44:05,796 [pool-271-thread-1] INFO  metrics.RatisMetrics (RatisMetrics.java:lambda$create$0(36)) - Creating Metrics Registry : ratis.state_machine.2001b4ac-07b6-4cea-a1f1-ff1d200545db@group-30E16C36EFC1
2020-11-23 16:44:05,798 [Command processor thread] INFO  commandhandler.CreatePipelineCommandHandler (CreatePipelineCommandHandler.java:handle(106)) - Created Pipeline RATIS ONE PipelineID=f42fef0f-2af6-464e-a686-30e16c36efc1.
2020-11-23 16:44:06,771 [Listener at 127.0.0.1/36807] INFO  ozone.MiniOzoneClusterImpl (MiniOzoneClusterImpl.java:lambda$waitForClusterToBeReady$0(178)) - Nodes are ready. Got 7 of 7 DN Heartbeats.
2020-11-23 16:44:06,771 [Listener at 127.0.0.1/36807] INFO  ozone.MiniOzoneClusterImpl (MiniOzoneClusterImpl.java:lambda$waitForClusterToBeReady$0(181)) - Waiting for cluster to exit safe mode
2020-11-23 16:44:07,772 [Listener at 127.0.0.1/36807] INFO  ozone.MiniOzoneClusterImpl (MiniOzoneClusterImpl.java:lambda$waitForClusterToBeReady$0(178)) - Nodes are ready. Got 7 of 7 DN Heartbeats.
2020-11-23 16:44:07,772 [Listener at 127.0.0.1/36807] INFO  ozone.MiniOzoneClusterImpl (MiniOzoneClusterImpl.java:lambda$waitForClusterToBeReady$0(181)) - Waiting for cluster to exit safe mode
2020-11-23 16:44:08,772 [Listener at 127.0.0.1/36807] INFO  ozone.MiniOzoneClusterImpl (MiniOzoneClusterImpl.java:lambda$waitForClusterToBeReady$0(178)) - Nodes are ready. Got 7 of 7 DN Heartbeats.
2020-11-23 16:44:08,772 [Listener at 127.0.0.1/36807] INFO  ozone.MiniOzoneClusterImpl (MiniOzoneClusterImpl.java:lambda$waitForClusterToBeReady$0(181)) - Waiting for cluster to exit safe mode
2020-11-23 16:44:09,523 [Thread-602] INFO  impl.FollowerState (FollowerState.java:run(128)) - 3a30c70a-afb4-4972-9ec7-d80bc6a022c1@group-C4C2DEFD60A4-FollowerState: change to CANDIDATE, lastRpcTime:5017ms, electionTimeout:5015ms
2020-11-23 16:44:09,524 [Thread-602] INFO  impl.RoleInfo (RoleInfo.java:shutdownFollowerState(121)) - 3a30c70a-afb4-4972-9ec7-d80bc6a022c1: shutdown 3a30c70a-afb4-4972-9ec7-d80bc6a022c1@group-C4C2DEFD60A4-FollowerState
2020-11-23 16:44:09,524 [Thread-602] INFO  impl.RaftServerImpl (RaftServerImpl.java:setRole(204)) - 3a30c70a-afb4-4972-9ec7-d80bc6a022c1@group-C4C2DEFD60A4: changes role from  FOLLOWER to CANDIDATE at term 0 for changeToCandidate
2020-11-23 16:44:09,524 [Thread-602] INFO  impl.RoleInfo (RoleInfo.java:updateAndGet(143)) - 3a30c70a-afb4-4972-9ec7-d80bc6a022c1: start 3a30c70a-afb4-4972-9ec7-d80bc6a022c1@group-C4C2DEFD60A4-LeaderElection13
2020-11-23 16:44:09,532 [3a30c70a-afb4-4972-9ec7-d80bc6a022c1@group-C4C2DEFD60A4-LeaderElection13] INFO  impl.LeaderElection (LeaderElection.java:askForVotes(215)) - 3a30c70a-afb4-4972-9ec7-d80bc6a022c1@group-C4C2DEFD60A4-LeaderElection13: begin an election at term 1 for -1: [7af6e544-b19e-4e2d-9251-ecb63652227a|rpc:172.17.0.2:43059|dataStream:, 915951e0-2de3-47e7-b2a6-49572f683f02|rpc:172.17.0.2:37099|dataStream:, 3a30c70a-afb4-4972-9ec7-d80bc6a022c1|rpc:172.17.0.2:44169|dataStream:], old=null
2020-11-23 16:44:09,538 [grpc-default-executor-0] INFO  metrics.RatisMetrics (RatisMetrics.java:lambda$create$0(36)) - Creating Metrics Registry : ratis.server_message_metrics.7af6e544-b19e-4e2d-9251-ecb63652227a
2020-11-23 16:44:09,541 [Thread-598] INFO  impl.FollowerState (FollowerState.java:run(128)) - 7af6e544-b19e-4e2d-9251-ecb63652227a@group-7477839FAE5A-FollowerState: change to CANDIDATE, lastRpcTime:5076ms, electionTimeout:5076ms
2020-11-23 16:44:09,542 [Thread-598] INFO  impl.RoleInfo (RoleInfo.java:shutdownFollowerState(121)) - 7af6e544-b19e-4e2d-9251-ecb63652227a: shutdown 7af6e544-b19e-4e2d-9251-ecb63652227a@group-7477839FAE5A-FollowerState
2020-11-23 16:44:09,542 [Thread-598] INFO  impl.RaftServerImpl (RaftServerImpl.java:setRole(204)) - 7af6e544-b19e-4e2d-9251-ecb63652227a@group-7477839FAE5A: changes role from  FOLLOWER to CANDIDATE at term 0 for changeToCandidate
2020-11-23 16:44:09,543 [Thread-598] INFO  impl.RoleInfo (RoleInfo.java:updateAndGet(143)) - 7af6e544-b19e-4e2d-9251-ecb63652227a: start 7af6e544-b19e-4e2d-9251-ecb63652227a@group-7477839FAE5A-LeaderElection14
2020-11-23 16:44:09,542 [grpc-default-executor-0] INFO  impl.RaftServerImpl (RaftServerImpl.java:setRole(204)) - 7af6e544-b19e-4e2d-9251-ecb63652227a@group-C4C2DEFD60A4: changes role from  FOLLOWER to FOLLOWER at term 1 for recognizeCandidate:3a30c70a-afb4-4972-9ec7-d80bc6a022c1
2020-11-23 16:44:09,544 [grpc-default-executor-0] INFO  impl.RoleInfo (RoleInfo.java:shutdownFollowerState(121)) - 7af6e544-b19e-4e2d-9251-ecb63652227a: shutdown 7af6e544-b19e-4e2d-9251-ecb63652227a@group-C4C2DEFD60A4-FollowerState
2020-11-23 16:44:09,546 [grpc-default-executor-0] INFO  impl.RoleInfo (RoleInfo.java:updateAndGet(143)) - 7af6e544-b19e-4e2d-9251-ecb63652227a: start 7af6e544-b19e-4e2d-9251-ecb63652227a@group-C4C2DEFD60A4-FollowerState
2020-11-23 16:44:09,546 [Thread-600] INFO  impl.FollowerState (FollowerState.java:run(137)) - 7af6e544-b19e-4e2d-9251-ecb63652227a@group-C4C2DEFD60A4-FollowerState was interrupted: {}
java.lang.InterruptedException: sleep interrupted
	at java.lang.Thread.sleep(Native Method)
	at org.apache.ratis.util.JavaUtils.sleep(JavaUtils.java:250)
	at org.apache.ratis.server.impl.FollowerState.run(FollowerState.java:116)
2020-11-23 16:44:09,554 [grpc-default-executor-0] INFO  impl.RaftServerImpl (RaftServerImpl.java:requestVote(963)) -  FOLLOWER 7af6e544-b19e-4e2d-9251-ecb63652227a@group-C4C2DEFD60A4:t1, leader=null, voted=null, raftlog=7af6e544-b19e-4e2d-9251-ecb63652227a@group-C4C2DEFD60A4-SegmentedRaftLog:OPENED:c-1,f-1,i0, conf=-1: [7af6e544-b19e-4e2d-9251-ecb63652227a|rpc:172.17.0.2:43059, 915951e0-2de3-47e7-b2a6-49572f683f02|rpc:172.17.0.2:37099, 3a30c70a-afb4-4972-9ec7-d80bc6a022c1|rpc:172.17.0.2:44169], old=null RUNNING priority:0 candidate:3a30c70a-afb4-4972-9ec7-d80bc6a022c1|rpc:172.17.0.2:44169 candidatePriority:0 compare:0
2020-11-23 16:44:09,555 [grpc-default-executor-2] INFO  impl.RaftServerImpl (RaftServerImpl.java:setRole(204)) - 915951e0-2de3-47e7-b2a6-49572f683f02@group-C4C2DEFD60A4: changes role from  FOLLOWER to FOLLOWER at term 1 for recognizeCandidate:3a30c70a-afb4-4972-9ec7-d80bc6a022c1
2020-11-23 16:44:09,555 [grpc-default-executor-2] INFO  impl.RoleInfo (RoleInfo.java:shutdownFollowerState(121)) - 915951e0-2de3-47e7-b2a6-49572f683f02: shutdown 915951e0-2de3-47e7-b2a6-49572f683f02@group-C4C2DEFD60A4-FollowerState
2020-11-23 16:44:09,555 [grpc-default-executor-2] INFO  impl.RoleInfo (RoleInfo.java:updateAndGet(143)) - 915951e0-2de3-47e7-b2a6-49572f683f02: start 915951e0-2de3-47e7-b2a6-49572f683f02@group-C4C2DEFD60A4-FollowerState
2020-11-23 16:44:09,555 [Thread-605] INFO  impl.FollowerState (FollowerState.java:run(137)) - 915951e0-2de3-47e7-b2a6-49572f683f02@group-C4C2DEFD60A4-FollowerState was interrupted: {}
java.lang.InterruptedException: sleep interrupted
	at java.lang.Thread.sleep(Native Method)
	at org.apache.ratis.util.JavaUtils.sleep(JavaUtils.java:250)
	at org.apache.ratis.server.impl.FollowerState.run(FollowerState.java:116)
2020-11-23 16:44:09,556 [grpc-default-executor-2] INFO  impl.RaftServerImpl (RaftServerImpl.java:requestVote(963)) -  FOLLOWER 915951e0-2de3-47e7-b2a6-49572f683f02@group-C4C2DEFD60A4:t1, leader=null, voted=null, raftlog=915951e0-2de3-47e7-b2a6-49572f683f02@group-C4C2DEFD60A4-SegmentedRaftLog:OPENED:c-1,f-1,i0, conf=-1: [7af6e544-b19e-4e2d-9251-ecb63652227a|rpc:172.17.0.2:43059|dataStream:, 915951e0-2de3-47e7-b2a6-49572f683f02|rpc:172.17.0.2:37099|dataStream:, 3a30c70a-afb4-4972-9ec7-d80bc6a022c1|rpc:172.17.0.2:44169|dataStream:], old=null RUNNING priority:0 candidate:3a30c70a-afb4-4972-9ec7-d80bc6a022c1|rpc:172.17.0.2:44169|dataStream: candidatePriority:0 compare:0
2020-11-23 16:44:09,563 [7af6e544-b19e-4e2d-9251-ecb63652227a@group-7477839FAE5A-LeaderElection14] INFO  impl.LeaderElection (LeaderElection.java:askForVotes(215)) - 7af6e544-b19e-4e2d-9251-ecb63652227a@group-7477839FAE5A-LeaderElection14: begin an election at term 1 for -1: [7af6e544-b19e-4e2d-9251-ecb63652227a|rpc:172.17.0.2:43059], old=null
2020-11-23 16:44:09,563 [7af6e544-b19e-4e2d-9251-ecb63652227a@group-7477839FAE5A-LeaderElection14] INFO  impl.RoleInfo (RoleInfo.java:shutdownLeaderElection(134)) - 7af6e544-b19e-4e2d-9251-ecb63652227a: shutdown 7af6e544-b19e-4e2d-9251-ecb63652227a@group-7477839FAE5A-LeaderElection14
2020-11-23 16:44:09,563 [7af6e544-b19e-4e2d-9251-ecb63652227a@group-7477839FAE5A-LeaderElection14] INFO  impl.RaftServerImpl (RaftServerImpl.java:setRole(204)) - 7af6e544-b19e-4e2d-9251-ecb63652227a@group-7477839FAE5A: changes role from CANDIDATE to LEADER at term 1 for changeToLeader
2020-11-23 16:44:09,563 [7af6e544-b19e-4e2d-9251-ecb63652227a@group-7477839FAE5A-LeaderElection14] INFO  ratis.XceiverServerRatis (XceiverServerRatis.java:handleLeaderChangedNotification(854)) - Leader change notification received for group: group-7477839FAE5A with new leaderId: 7af6e544-b19e-4e2d-9251-ecb63652227a
2020-11-23 16:44:09,563 [7af6e544-b19e-4e2d-9251-ecb63652227a@group-7477839FAE5A-LeaderElection14] INFO  impl.RaftServerImpl (ServerState.java:setLeader(256)) - 7af6e544-b19e-4e2d-9251-ecb63652227a@group-7477839FAE5A: change Leader from null to 7af6e544-b19e-4e2d-9251-ecb63652227a at term 1 for becomeLeader, leader elected after 5107ms
2020-11-23 16:44:09,563 [7af6e544-b19e-4e2d-9251-ecb63652227a@group-7477839FAE5A-LeaderElection14] INFO  server.RaftServerConfigKeys (ConfUtils.java:logGet(44)) - raft.server.staging.catchup.gap = 1000 (default)
2020-11-23 16:44:09,563 [7af6e544-b19e-4e2d-9251-ecb63652227a@group-7477839FAE5A-LeaderElection14] INFO  server.RaftServerConfigKeys (ConfUtils.java:logGet(44)) - raft.server.rpc.sleep.time = 25ms (default)
2020-11-23 16:44:09,563 [7af6e544-b19e-4e2d-9251-ecb63652227a@group-7477839FAE5A-LeaderElection14] INFO  metrics.RatisMetrics (RatisMetrics.java:lambda$create$0(36)) - Creating Metrics Registry : ratis.log_appender.7af6e544-b19e-4e2d-9251-ecb63652227a@group-7477839FAE5A
2020-11-23 16:44:09,564 [7af6e544-b19e-4e2d-9251-ecb63652227a@group-7477839FAE5A-LeaderElection14] INFO  server.RaftServerConfigKeys (ConfUtils.java:logGet(44)) - raft.server.write.element-limit = 1024 (custom)
2020-11-23 16:44:09,564 [7af6e544-b19e-4e2d-9251-ecb63652227a@group-7477839FAE5A-LeaderElection14] INFO  server.RaftServerConfigKeys (ConfUtils.java:logGet(44)) - raft.server.write.byte-limit = 1073741824 (custom)
2020-11-23 16:44:09,564 [7af6e544-b19e-4e2d-9251-ecb63652227a@group-7477839FAE5A-LeaderElection14] INFO  server.RaftServerConfigKeys (ConfUtils.java:logGet(44)) - raft.server.watch.timeout = 180s (custom)
2020-11-23 16:44:09,564 [7af6e544-b19e-4e2d-9251-ecb63652227a@group-7477839FAE5A-LeaderElection14] INFO  server.RaftServerConfigKeys (ConfUtils.java:logGet(44)) - raft.server.watch.timeout.denomination = 1s (default)
2020-11-23 16:44:09,564 [7af6e544-b19e-4e2d-9251-ecb63652227a@group-7477839FAE5A-LeaderElection14] INFO  server.RaftServerConfigKeys (ConfUtils.java:logGet(44)) - raft.server.watch.element-limit = 65536 (default)
2020-11-23 16:44:09,564 [7af6e544-b19e-4e2d-9251-ecb63652227a@group-7477839FAE5A-LeaderElection14] INFO  impl.RoleInfo (RoleInfo.java:updateAndGet(143)) - 7af6e544-b19e-4e2d-9251-ecb63652227a: start 7af6e544-b19e-4e2d-9251-ecb63652227a@group-7477839FAE5A-LeaderState
2020-11-23 16:44:09,567 [3a30c70a-afb4-4972-9ec7-d80bc6a022c1@group-C4C2DEFD60A4-LeaderElection13] INFO  impl.LeaderElection (LeaderElection.java:logAndReturn(65)) - 3a30c70a-afb4-4972-9ec7-d80bc6a022c1@group-C4C2DEFD60A4-LeaderElection13: Election PASSED; received 1 response(s) [3a30c70a-afb4-4972-9ec7-d80bc6a022c1<-7af6e544-b19e-4e2d-9251-ecb63652227a#0:OK-t1] and 0 exception(s); 3a30c70a-afb4-4972-9ec7-d80bc6a022c1@group-C4C2DEFD60A4:t1, leader=null, voted=3a30c70a-afb4-4972-9ec7-d80bc6a022c1, raftlog=3a30c70a-afb4-4972-9ec7-d80bc6a022c1@group-C4C2DEFD60A4-SegmentedRaftLog:OPENED:c-1,f-1,i0, conf=-1: [7af6e544-b19e-4e2d-9251-ecb63652227a|rpc:172.17.0.2:43059|dataStream:, 915951e0-2de3-47e7-b2a6-49572f683f02|rpc:172.17.0.2:37099|dataStream:, 3a30c70a-afb4-4972-9ec7-d80bc6a022c1|rpc:172.17.0.2:44169|dataStream:], old=null
2020-11-23 16:44:09,567 [3a30c70a-afb4-4972-9ec7-d80bc6a022c1@group-C4C2DEFD60A4-LeaderElection13] INFO  impl.RoleInfo (RoleInfo.java:shutdownLeaderElection(134)) - 3a30c70a-afb4-4972-9ec7-d80bc6a022c1: shutdown 3a30c70a-afb4-4972-9ec7-d80bc6a022c1@group-C4C2DEFD60A4-LeaderElection13
2020-11-23 16:44:09,567 [3a30c70a-afb4-4972-9ec7-d80bc6a022c1@group-C4C2DEFD60A4-LeaderElection13] INFO  impl.RaftServerImpl (RaftServerImpl.java:setRole(204)) - 3a30c70a-afb4-4972-9ec7-d80bc6a022c1@group-C4C2DEFD60A4: changes role from CANDIDATE to LEADER at term 1 for changeToLeader
2020-11-23 16:44:09,567 [7af6e544-b19e-4e2d-9251-ecb63652227a@group-7477839FAE5A-LeaderElection14] INFO  segmented.SegmentedRaftLogWorker (SegmentedRaftLogWorker.java:startLogSegment(398)) - 7af6e544-b19e-4e2d-9251-ecb63652227a@group-7477839FAE5A-SegmentedRaftLogWorker: Starting segment from index:0
2020-11-23 16:44:09,572 [EventQueue-OpenPipelineForHealthyPipelineSafeModeRule] INFO  safemode.SCMSafeModeManager (HealthyPipelineSafeModeRule.java:process(128)) - SCM in safe mode. Healthy pipelines reported count is 0, required healthy pipeline reported count is 1
2020-11-23 16:44:09,572 [EventQueue-PipelineReportForOneReplicaPipelineSafeModeRule] INFO  safemode.SCMSafeModeManager (SCMSafeModeManager.java:validateSafeModeExitRules(214)) - AtleastOneDatanodeReportedRule rule is successfully validated
2020-11-23 16:44:09,571 [3a30c70a-afb4-4972-9ec7-d80bc6a022c1@group-C4C2DEFD60A4-LeaderElection13] INFO  ratis.XceiverServerRatis (XceiverServerRatis.java:handleLeaderChangedNotification(854)) - Leader change notification received for group: group-C4C2DEFD60A4 with new leaderId: 3a30c70a-afb4-4972-9ec7-d80bc6a022c1
2020-11-23 16:44:09,573 [3a30c70a-afb4-4972-9ec7-d80bc6a022c1@group-C4C2DEFD60A4-LeaderElection13] INFO  impl.RaftServerImpl (ServerState.java:setLeader(256)) - 3a30c70a-afb4-4972-9ec7-d80bc6a022c1@group-C4C2DEFD60A4: change Leader from null to 3a30c70a-afb4-4972-9ec7-d80bc6a022c1 at term 1 for becomeLeader, leader elected after 5069ms
2020-11-23 16:44:09,573 [3a30c70a-afb4-4972-9ec7-d80bc6a022c1@group-C4C2DEFD60A4-LeaderElection13] INFO  server.RaftServerConfigKeys (ConfUtils.java:logGet(44)) - raft.server.staging.catchup.gap = 1000 (default)
2020-11-23 16:44:09,573 [3a30c70a-afb4-4972-9ec7-d80bc6a022c1@group-C4C2DEFD60A4-LeaderElection13] INFO  server.RaftServerConfigKeys (ConfUtils.java:logGet(44)) - raft.server.rpc.sleep.time = 25ms (default)
2020-11-23 16:44:09,573 [3a30c70a-afb4-4972-9ec7-d80bc6a022c1@group-C4C2DEFD60A4-LeaderElection13] INFO  metrics.RatisMetrics (RatisMetrics.java:lambda$create$0(36)) - Creating Metrics Registry : ratis.log_appender.3a30c70a-afb4-4972-9ec7-d80bc6a022c1@group-C4C2DEFD60A4
2020-11-23 16:44:09,574 [3a30c70a-afb4-4972-9ec7-d80bc6a022c1@group-C4C2DEFD60A4-LeaderElection13] INFO  server.RaftServerConfigKeys (ConfUtils.java:logGet(44)) - raft.server.write.element-limit = 1024 (custom)
2020-11-23 16:44:09,574 [3a30c70a-afb4-4972-9ec7-d80bc6a022c1@group-C4C2DEFD60A4-LeaderElection13] INFO  server.RaftServerConfigKeys (ConfUtils.java:logGet(44)) - raft.server.write.byte-limit = 1073741824 (custom)
2020-11-23 16:44:09,574 [3a30c70a-afb4-4972-9ec7-d80bc6a022c1@group-C4C2DEFD60A4-LeaderElection13] INFO  server.RaftServerConfigKeys (ConfUtils.java:logGet(44)) - raft.server.watch.timeout = 180s (custom)
2020-11-23 16:44:09,574 [3a30c70a-afb4-4972-9ec7-d80bc6a022c1@group-C4C2DEFD60A4-LeaderElection13] INFO  server.RaftServerConfigKeys (ConfUtils.java:logGet(44)) - raft.server.watch.timeout.denomination = 1s (default)
2020-11-23 16:44:09,574 [3a30c70a-afb4-4972-9ec7-d80bc6a022c1@group-C4C2DEFD60A4-LeaderElection13] INFO  server.RaftServerConfigKeys (ConfUtils.java:logGet(44)) - raft.server.watch.element-limit = 65536 (default)
2020-11-23 16:44:09,574 [EventQueue-PipelineReportForOneReplicaPipelineSafeModeRule] INFO  safemode.SCMSafeModeManager (SCMSafeModeManager.java:validateSafeModeExitRules(214)) - AtleastOneDatanodeReportedRule rule is successfully validated
2020-11-23 16:44:09,575 [EventQueue-PipelineReportForPipelineReportHandler] INFO  pipeline.PipelineStateManager (PipelineStateManager.java:openPipeline(132)) - Pipeline Pipeline[ Id: 18d1ce86-700c-46a9-a4b0-c4c2defd60a4, Nodes: 3a30c70a-afb4-4972-9ec7-d80bc6a022c1{ip: 172.17.0.2, host: dcde956c9b9e, networkLocation: /default-rack, certSerialId: null}915951e0-2de3-47e7-b2a6-49572f683f02{ip: 172.17.0.2, host: dcde956c9b9e, networkLocation: /default-rack, certSerialId: null}7af6e544-b19e-4e2d-9251-ecb63652227a{ip: 172.17.0.2, host: dcde956c9b9e, networkLocation: /default-rack, certSerialId: null}, Type:RATIS, Factor:THREE, State:ALLOCATED, leaderId:3a30c70a-afb4-4972-9ec7-d80bc6a022c1, CreationTimestamp2020-11-23T16:44:01.866Z] moved to OPEN state
2020-11-23 16:44:09,575 [EventQueue-OpenPipelineForHealthyPipelineSafeModeRule] INFO  safemode.SCMSafeModeManager (HealthyPipelineSafeModeRule.java:process(128)) - SCM in safe mode. Healthy pipelines reported count is 0, required healthy pipeline reported count is 1
2020-11-23 16:44:09,575 [EventQueue-OpenPipelineForHealthyPipelineSafeModeRule] INFO  safemode.SCMSafeModeManager (HealthyPipelineSafeModeRule.java:process(128)) - SCM in safe mode. Healthy pipelines reported count is 1, required healthy pipeline reported count is 1
2020-11-23 16:44:09,575 [EventQueue-OpenPipelineForHealthyPipelineSafeModeRule] INFO  safemode.SCMSafeModeManager (SCMSafeModeManager.java:validateSafeModeExitRules(214)) - HealthyPipelineSafeModeRule rule is successfully validated
2020-11-23 16:44:09,575 [EventQueue-OpenPipelineForHealthyPipelineSafeModeRule] INFO  safemode.SCMSafeModeManager (SCMSafeModeManager.java:validateSafeModeExitRules(228)) - ScmSafeModeManager, all rules are successfully validated
2020-11-23 16:44:09,575 [EventQueue-OpenPipelineForHealthyPipelineSafeModeRule] INFO  safemode.SCMSafeModeManager (SCMSafeModeManager.java:exitSafeMode(257)) - SCM exiting safe mode.
2020-11-23 16:44:09,575 [7af6e544-b19e-4e2d-9251-ecb63652227a@group-7477839FAE5A-SegmentedRaftLogWorker] INFO  segmented.SegmentedRaftLogWorker (SegmentedRaftLogWorker.java:execute(597)) - 7af6e544-b19e-4e2d-9251-ecb63652227a@group-7477839FAE5A-SegmentedRaftLogWorker: created new log segment /github/workspace/mnt/ozone/hadoop-ozone/integration-test/target/test-dir/MiniOzoneClusterImpl-1f6412f7-deda-49d6-8890-c33526f8416a/datanode-0/data/ratis/27524c09-4d53-4e20-b7ca-7477839fae5a/current/log_inprogress_0
2020-11-23 16:44:09,574 [3a30c70a-afb4-4972-9ec7-d80bc6a022c1@group-C4C2DEFD60A4-LeaderElection13] INFO  server.RaftServerConfigKeys (ConfUtils.java:logGet(44)) - raft.server.log.appender.snapshot.chunk.size.max = 16MB (=16777216) (default)
2020-11-23 16:44:09,583 [3a30c70a-afb4-4972-9ec7-d80bc6a022c1@group-C4C2DEFD60A4-LeaderElection13] INFO  server.RaftServerConfigKeys (ConfUtils.java:logGet(44)) - raft.server.log.appender.buffer.byte-limit = 33554432 (custom)
2020-11-23 16:44:09,583 [3a30c70a-afb4-4972-9ec7-d80bc6a022c1@group-C4C2DEFD60A4-LeaderElection13] INFO  server.RaftServerConfigKeys (ConfUtils.java:logGet(44)) - raft.server.log.appender.buffer.element-limit = 1 (custom)
2020-11-23 16:44:09,583 [3a30c70a-afb4-4972-9ec7-d80bc6a022c1@group-C4C2DEFD60A4-LeaderElection13] INFO  grpc.GrpcConfigKeys (ConfUtils.java:logGet(44)) - raft.grpc.server.leader.outstanding.appends.max = 128 (default)
2020-11-23 16:44:09,584 [3a30c70a-afb4-4972-9ec7-d80bc6a022c1@group-C4C2DEFD60A4-LeaderElection13] INFO  server.RaftServerConfigKeys (ConfUtils.java:logGet(44)) - raft.server.rpc.request.timeout = 60s (custom)
2020-11-23 16:44:09,584 [3a30c70a-afb4-4972-9ec7-d80bc6a022c1@group-C4C2DEFD60A4-LeaderElection13] INFO  server.RaftServerConfigKeys (ConfUtils.java:logGet(44)) - raft.server.log.appender.install.snapshot.enabled = false (custom)
2020-11-23 16:44:09,585 [3a30c70a-afb4-4972-9ec7-d80bc6a022c1@group-C4C2DEFD60A4-LeaderElection13] INFO  metrics.RatisMetrics (RatisMetrics.java:lambda$create$0(36)) - Creating Metrics Registry : ratis_grpc.log_appender.3a30c70a-afb4-4972-9ec7-d80bc6a022c1@group-C4C2DEFD60A4
2020-11-23 16:44:09,586 [7af6e544-b19e-4e2d-9251-ecb63652227a@group-7477839FAE5A-LeaderElection14] INFO  impl.RaftServerImpl (ServerState.java:setRaftConf(374)) - 7af6e544-b19e-4e2d-9251-ecb63652227a@group-7477839FAE5A: set configuration 0: [7af6e544-b19e-4e2d-9251-ecb63652227a|rpc:172.17.0.2:43059|dataStream:], old=null at 0
2020-11-23 16:44:09,587 [3a30c70a-afb4-4972-9ec7-d80bc6a022c1@group-C4C2DEFD60A4-LeaderElection13] INFO  server.RaftServerConfigKeys (ConfUtils.java:logGet(44)) - raft.server.log.appender.snapshot.chunk.size.max = 16MB (=16777216) (default)
2020-11-23 16:44:09,587 [3a30c70a-afb4-4972-9ec7-d80bc6a022c1@group-C4C2DEFD60A4-LeaderElection13] INFO  server.RaftServerConfigKeys (ConfUtils.java:logGet(44)) - raft.server.log.appender.buffer.byte-limit = 33554432 (custom)
2020-11-23 16:44:09,587 [3a30c70a-afb4-4972-9ec7-d80bc6a022c1@group-C4C2DEFD60A4-LeaderElection13] INFO  server.RaftServerConfigKeys (ConfUtils.java:logGet(44)) - raft.server.log.appender.buffer.element-limit = 1 (custom)
2020-11-23 16:44:09,588 [3a30c70a-afb4-4972-9ec7-d80bc6a022c1@group-C4C2DEFD60A4-LeaderElection13] INFO  grpc.GrpcConfigKeys (ConfUtils.java:logGet(44)) - raft.grpc.server.leader.outstanding.appends.max = 128 (default)
2020-11-23 16:44:09,588 [3a30c70a-afb4-4972-9ec7-d80bc6a022c1@group-C4C2DEFD60A4-LeaderElection13] INFO  server.RaftServerConfigKeys (ConfUtils.java:logGet(44)) - raft.server.rpc.request.timeout = 60s (custom)
2020-11-23 16:44:09,588 [3a30c70a-afb4-4972-9ec7-d80bc6a022c1@group-C4C2DEFD60A4-LeaderElection13] INFO  server.RaftServerConfigKeys (ConfUtils.java:logGet(44)) - raft.server.log.appender.install.snapshot.enabled = false (custom)
2020-11-23 16:44:09,589 [3a30c70a-afb4-4972-9ec7-d80bc6a022c1@group-C4C2DEFD60A4-LeaderElection13] INFO  impl.RoleInfo (RoleInfo.java:updateAndGet(143)) - 3a30c70a-afb4-4972-9ec7-d80bc6a022c1: start 3a30c70a-afb4-4972-9ec7-d80bc6a022c1@group-C4C2DEFD60A4-LeaderState
2020-11-23 16:44:09,589 [3a30c70a-afb4-4972-9ec7-d80bc6a022c1@group-C4C2DEFD60A4-LeaderElection13] INFO  segmented.SegmentedRaftLogWorker (SegmentedRaftLogWorker.java:startLogSegment(398)) - 3a30c70a-afb4-4972-9ec7-d80bc6a022c1@group-C4C2DEFD60A4-SegmentedRaftLogWorker: Starting segment from index:0
2020-11-23 16:44:09,591 [3a30c70a-afb4-4972-9ec7-d80bc6a022c1@group-C4C2DEFD60A4-SegmentedRaftLogWorker] INFO  segmented.SegmentedRaftLogWorker (SegmentedRaftLogWorker.java:execute(597)) - 3a30c70a-afb4-4972-9ec7-d80bc6a022c1@group-C4C2DEFD60A4-SegmentedRaftLogWorker: created new log segment /github/workspace/mnt/ozone/hadoop-ozone/integration-test/target/test-dir/MiniOzoneClusterImpl-1f6412f7-deda-49d6-8890-c33526f8416a/datanode-1/data/ratis/18d1ce86-700c-46a9-a4b0-c4c2defd60a4/current/log_inprogress_0
2020-11-23 16:44:09,593 [3a30c70a-afb4-4972-9ec7-d80bc6a022c1@group-C4C2DEFD60A4-LeaderElection13] INFO  impl.RaftServerImpl (ServerState.java:setRaftConf(374)) - 3a30c70a-afb4-4972-9ec7-d80bc6a022c1@group-C4C2DEFD60A4: set configuration 0: [7af6e544-b19e-4e2d-9251-ecb63652227a|rpc:172.17.0.2:43059|dataStream:, 915951e0-2de3-47e7-b2a6-49572f683f02|rpc:172.17.0.2:37099|dataStream:, 3a30c70a-afb4-4972-9ec7-d80bc6a022c1|rpc:172.17.0.2:44169|dataStream:], old=null at 0
2020-11-23 16:44:09,600 [grpc-default-executor-0] INFO  ratis.XceiverServerRatis (XceiverServerRatis.java:handleLeaderChangedNotification(854)) - Leader change notification received for group: group-C4C2DEFD60A4 with new leaderId: 3a30c70a-afb4-4972-9ec7-d80bc6a022c1
2020-11-23 16:44:09,600 [grpc-default-executor-0] INFO  impl.RaftServerImpl (ServerState.java:setLeader(256)) - 7af6e544-b19e-4e2d-9251-ecb63652227a@group-C4C2DEFD60A4: change Leader from null to 3a30c70a-afb4-4972-9ec7-d80bc6a022c1 at term 1 for appendEntries, leader elected after 5129ms
2020-11-23 16:44:09,607 [grpc-default-executor-0] INFO  impl.RaftServerImpl (ServerState.java:setRaftConf(374)) - 7af6e544-b19e-4e2d-9251-ecb63652227a@group-C4C2DEFD60A4: set configuration 0: [7af6e544-b19e-4e2d-9251-ecb63652227a|rpc:172.17.0.2:43059|dataStream:, 915951e0-2de3-47e7-b2a6-49572f683f02|rpc:172.17.0.2:37099|dataStream:, 3a30c70a-afb4-4972-9ec7-d80bc6a022c1|rpc:172.17.0.2:44169|dataStream:], old=null at 0
2020-11-23 16:44:09,607 [grpc-default-executor-0] INFO  segmented.SegmentedRaftLogWorker (SegmentedRaftLogWorker.java:startLogSegment(398)) - 7af6e544-b19e-4e2d-9251-ecb63652227a@group-C4C2DEFD60A4-SegmentedRaftLogWorker: Starting segment from index:0
2020-11-23 16:44:09,609 [7af6e544-b19e-4e2d-9251-ecb63652227a@group-C4C2DEFD60A4-SegmentedRaftLogWorker] INFO  segmented.SegmentedRaftLogWorker (SegmentedRaftLogWorker.java:execute(597)) - 7af6e544-b19e-4e2d-9251-ecb63652227a@group-C4C2DEFD60A4-SegmentedRaftLogWorker: created new log segment /github/workspace/mnt/ozone/hadoop-ozone/integration-test/target/test-dir/MiniOzoneClusterImpl-1f6412f7-deda-49d6-8890-c33526f8416a/datanode-0/data/ratis/18d1ce86-700c-46a9-a4b0-c4c2defd60a4/current/log_inprogress_0
2020-11-23 16:44:09,610 [grpc-default-executor-2] INFO  ratis.XceiverServerRatis (XceiverServerRatis.java:handleLeaderChangedNotification(854)) - Leader change notification received for group: group-C4C2DEFD60A4 with new leaderId: 3a30c70a-afb4-4972-9ec7-d80bc6a022c1
2020-11-23 16:44:09,611 [grpc-default-executor-2] INFO  impl.RaftServerImpl (ServerState.java:setLeader(256)) - 915951e0-2de3-47e7-b2a6-49572f683f02@group-C4C2DEFD60A4: change Leader from null to 3a30c70a-afb4-4972-9ec7-d80bc6a022c1 at term 1 for appendEntries, leader elected after 5063ms
2020-11-23 16:44:09,619 [grpc-default-executor-2] INFO  impl.RaftServerImpl (ServerState.java:setRaftConf(374)) - 915951e0-2de3-47e7-b2a6-49572f683f02@group-C4C2DEFD60A4: set configuration 0: [7af6e544-b19e-4e2d-9251-ecb63652227a|rpc:172.17.0.2:43059|dataStream:, 915951e0-2de3-47e7-b2a6-49572f683f02|rpc:172.17.0.2:37099|dataStream:, 3a30c70a-afb4-4972-9ec7-d80bc6a022c1|rpc:172.17.0.2:44169|dataStream:], old=null at 0
2020-11-23 16:44:09,619 [grpc-default-executor-2] INFO  segmented.SegmentedRaftLogWorker (SegmentedRaftLogWorker.java:startLogSegment(398)) - 915951e0-2de3-47e7-b2a6-49572f683f02@group-C4C2DEFD60A4-SegmentedRaftLogWorker: Starting segment from index:0
2020-11-23 16:44:09,621 [915951e0-2de3-47e7-b2a6-49572f683f02@group-C4C2DEFD60A4-SegmentedRaftLogWorker] INFO  segmented.SegmentedRaftLogWorker (SegmentedRaftLogWorker.java:execute(597)) - 915951e0-2de3-47e7-b2a6-49572f683f02@group-C4C2DEFD60A4-SegmentedRaftLogWorker: created new log segment /github/workspace/mnt/ozone/hadoop-ozone/integration-test/target/test-dir/MiniOzoneClusterImpl-1f6412f7-deda-49d6-8890-c33526f8416a/datanode-2/data/ratis/18d1ce86-700c-46a9-a4b0-c4c2defd60a4/current/log_inprogress_0
2020-11-23 16:44:09,678 [Thread-608] INFO  impl.FollowerState (FollowerState.java:run(128)) - 3a30c70a-afb4-4972-9ec7-d80bc6a022c1@group-77A16D44A77E-FollowerState: change to CANDIDATE, lastRpcTime:5017ms, electionTimeout:5011ms
2020-11-23 16:44:09,678 [Thread-608] INFO  impl.RoleInfo (RoleInfo.java:shutdownFollowerState(121)) - 3a30c70a-afb4-4972-9ec7-d80bc6a022c1: shutdown 3a30c70a-afb4-4972-9ec7-d80bc6a022c1@group-77A16D44A77E-FollowerState
2020-11-23 16:44:09,678 [Thread-608] INFO  impl.RaftServerImpl (RaftServerImpl.java:setRole(204)) - 3a30c70a-afb4-4972-9ec7-d80bc6a022c1@group-77A16D44A77E: changes role from  FOLLOWER to CANDIDATE at term 0 for changeToCandidate
2020-11-23 16:44:09,678 [Thread-608] INFO  impl.RoleInfo (RoleInfo.java:updateAndGet(143)) - 3a30c70a-afb4-4972-9ec7-d80bc6a022c1: start 3a30c70a-afb4-4972-9ec7-d80bc6a022c1@group-77A16D44A77E-LeaderElection15
2020-11-23 16:44:09,683 [3a30c70a-afb4-4972-9ec7-d80bc6a022c1@group-77A16D44A77E-LeaderElection15] INFO  impl.LeaderElection (LeaderElection.java:askForVotes(215)) - 3a30c70a-afb4-4972-9ec7-d80bc6a022c1@group-77A16D44A77E-LeaderElection15: begin an election at term 1 for -1: [3a30c70a-afb4-4972-9ec7-d80bc6a022c1|rpc:172.17.0.2:44169], old=null
2020-11-23 16:44:09,683 [3a30c70a-afb4-4972-9ec7-d80bc6a022c1@group-77A16D44A77E-LeaderElection15] INFO  impl.RoleInfo (RoleInfo.java:shutdownLeaderElection(134)) - 3a30c70a-afb4-4972-9ec7-d80bc6a022c1: shutdown 3a30c70a-afb4-4972-9ec7-d80bc6a022c1@group-77A16D44A77E-LeaderElection15
2020-11-23 16:44:09,683 [3a30c70a-afb4-4972-9ec7-d80bc6a022c1@group-77A16D44A77E-LeaderElection15] INFO  impl.RaftServerImpl (RaftServerImpl.java:setRole(204)) - 3a30c70a-afb4-4972-9ec7-d80bc6a022c1@group-77A16D44A77E: changes role from CANDIDATE to LEADER at term 1 for changeToLeader
2020-11-23 16:44:09,683 [3a30c70a-afb4-4972-9ec7-d80bc6a022c1@group-77A16D44A77E-LeaderElection15] INFO  ratis.XceiverServerRatis (XceiverServerRatis.java:handleLeaderChangedNotification(854)) - Leader change notification received for group: group-77A16D44A77E with new leaderId: 3a30c70a-afb4-4972-9ec7-d80bc6a022c1
2020-11-23 16:44:09,684 [3a30c70a-afb4-4972-9ec7-d80bc6a022c1@group-77A16D44A77E-LeaderElection15] INFO  impl.RaftServerImpl (ServerState.java:setLeader(256)) - 3a30c70a-afb4-4972-9ec7-d80bc6a022c1@group-77A16D44A77E: change Leader from null to 3a30c70a-afb4-4972-9ec7-d80bc6a022c1 at term 1 for becomeLeader, leader elected after 5031ms
2020-11-23 16:44:09,684 [3a30c70a-afb4-4972-9ec7-d80bc6a022c1@group-77A16D44A77E-LeaderElection15] INFO  server.RaftServerConfigKeys (ConfUtils.java:logGet(44)) - raft.server.staging.catchup.gap = 1000 (default)
2020-11-23 16:44:09,684 [3a30c70a-afb4-4972-9ec7-d80bc6a022c1@group-77A16D44A77E-LeaderElection15] INFO  server.RaftServerConfigKeys (ConfUtils.java:logGet(44)) - raft.server.rpc.sleep.time = 25ms (default)
2020-11-23 16:44:09,685 [3a30c70a-afb4-4972-9ec7-d80bc6a022c1@group-77A16D44A77E-LeaderElection15] INFO  metrics.RatisMetrics (RatisMetrics.java:lambda$create$0(36)) - Creating Metrics Registry : ratis.log_appender.3a30c70a-afb4-4972-9ec7-d80bc6a022c1@group-77A16D44A77E
2020-11-23 16:44:09,685 [3a30c70a-afb4-4972-9ec7-d80bc6a022c1@group-77A16D44A77E-LeaderElection15] INFO  server.RaftServerConfigKeys (ConfUtils.java:logGet(44)) - raft.server.write.element-limit = 1024 (custom)
2020-11-23 16:44:09,686 [3a30c70a-afb4-4972-9ec7-d80bc6a022c1@group-77A16D44A77E-LeaderElection15] INFO  server.RaftServerConfigKeys (ConfUtils.java:logGet(44)) - raft.server.write.byte-limit = 1073741824 (custom)
2020-11-23 16:44:09,686 [3a30c70a-afb4-4972-9ec7-d80bc6a022c1@group-77A16D44A77E-LeaderElection15] INFO  server.RaftServerConfigKeys (ConfUtils.java:logGet(44)) - raft.server.watch.timeout = 180s (custom)
2020-11-23 16:44:09,686 [3a30c70a-afb4-4972-9ec7-d80bc6a022c1@group-77A16D44A77E-LeaderElection15] INFO  server.RaftServerConfigKeys (ConfUtils.java:logGet(44)) - raft.server.watch.timeout.denomination = 1s (default)
2020-11-23 16:44:09,686 [3a30c70a-afb4-4972-9ec7-d80bc6a022c1@group-77A16D44A77E-LeaderElection15] INFO  server.RaftServerConfigKeys (ConfUtils.java:logGet(44)) - raft.server.watch.element-limit = 65536 (default)
2020-11-23 16:44:09,686 [3a30c70a-afb4-4972-9ec7-d80bc6a022c1@group-77A16D44A77E-LeaderElection15] INFO  impl.RoleInfo (RoleInfo.java:updateAndGet(143)) - 3a30c70a-afb4-4972-9ec7-d80bc6a022c1: start 3a30c70a-afb4-4972-9ec7-d80bc6a022c1@group-77A16D44A77E-LeaderState
2020-11-23 16:44:09,687 [3a30c70a-afb4-4972-9ec7-d80bc6a022c1@group-77A16D44A77E-LeaderElection15] INFO  segmented.SegmentedRaftLogWorker (SegmentedRaftLogWorker.java:startLogSegment(398)) - 3a30c70a-afb4-4972-9ec7-d80bc6a022c1@group-77A16D44A77E-SegmentedRaftLogWorker: Starting segment from index:0
2020-11-23 16:44:09,689 [3a30c70a-afb4-4972-9ec7-d80bc6a022c1@group-77A16D44A77E-SegmentedRaftLogWorker] INFO  segmented.SegmentedRaftLogWorker (SegmentedRaftLogWorker.java:execute(597)) - 3a30c70a-afb4-4972-9ec7-d80bc6a022c1@group-77A16D44A77E-SegmentedRaftLogWorker: created new log segment /github/workspace/mnt/ozone/hadoop-ozone/integration-test/target/test-dir/MiniOzoneClusterImpl-1f6412f7-deda-49d6-8890-c33526f8416a/datanode-1/data/ratis/ad56f08d-aa1f-4db6-ada8-77a16d44a77e/current/log_inprogress_0
2020-11-23 16:44:09,689 [3a30c70a-afb4-4972-9ec7-d80bc6a022c1@group-77A16D44A77E-LeaderElection15] INFO  impl.RaftServerImpl (ServerState.java:setRaftConf(374)) - 3a30c70a-afb4-4972-9ec7-d80bc6a022c1@group-77A16D44A77E: set configuration 0: [3a30c70a-afb4-4972-9ec7-d80bc6a022c1|rpc:172.17.0.2:44169|dataStream:], old=null at 0
2020-11-23 16:44:09,772 [Listener at 127.0.0.1/36807] INFO  ozone.MiniOzoneClusterImpl (MiniOzoneClusterImpl.java:lambda$waitForClusterToBeReady$0(178)) - Nodes are ready. Got 7 of 7 DN Heartbeats.
2020-11-23 16:44:09,773 [Listener at 127.0.0.1/36807] INFO  ozone.MiniOzoneClusterImpl (MiniOzoneClusterImpl.java:lambda$waitForClusterToBeReady$0(181)) - Cluster exits safe mode
2020-11-23 16:44:09,785 [Listener at 127.0.0.1/36807] INFO  rpc.RpcClient (RpcClient.java:createVolume(272)) - Creating Volume: testblockoutputstreamwithretries, with jenkins1001 as owner.
2020-11-23 16:44:09,786 [IPC Server handler 0 on default port 36807] INFO  volume.OMVolumeCreateRequest (OMVolumeCreateRequest.java:validateAndUpdateCache(196)) - created volume:testblockoutputstreamwithretries for user:jenkins1001
2020-11-23 16:44:09,791 [Listener at 127.0.0.1/36807] INFO  rpc.RpcClient (RpcClient.java:createBucket(427)) - Creating Bucket: testblockoutputstreamwithretries/testblockoutputstreamwithretries, with Versioning false and Storage Type set to DISK and Encryption set to false 
2020-11-23 16:44:09,812 [Listener at 127.0.0.1/36807] INFO  metrics.RatisMetrics (RatisMetrics.java:lambda$create$0(36)) - Creating Metrics Registry : ratis.client_message_metrics.client-87340DF912A3->2001b4ac-07b6-4cea-a1f1-ff1d200545db
2020-11-23 16:44:09,818 [grpc-default-executor-0] INFO  metrics.RatisMetrics (RatisMetrics.java:lambda$create$0(36)) - Creating Metrics Registry : ratis.server_message_metrics.2001b4ac-07b6-4cea-a1f1-ff1d200545db
2020-11-23 16:44:10,016 [Thread-610] INFO  impl.FollowerState (FollowerState.java:run(128)) - 915951e0-2de3-47e7-b2a6-49572f683f02@group-536CFF86F5DE-FollowerState: change to CANDIDATE, lastRpcTime:5140ms, electionTimeout:5134ms
2020-11-23 16:44:10,016 [Thread-610] INFO  impl.RoleInfo (RoleInfo.java:shutdownFollowerState(121)) - 915951e0-2de3-47e7-b2a6-49572f683f02: shutdown 915951e0-2de3-47e7-b2a6-49572f683f02@group-536CFF86F5DE-FollowerState
2020-11-23 16:44:10,016 [Thread-610] INFO  impl.RaftServerImpl (RaftServerImpl.java:setRole(204)) - 915951e0-2de3-47e7-b2a6-49572f683f02@group-536CFF86F5DE: changes role from  FOLLOWER to CANDIDATE at term 0 for changeToCandidate
2020-11-23 16:44:10,016 [Thread-610] INFO  impl.RoleInfo (RoleInfo.java:updateAndGet(143)) - 915951e0-2de3-47e7-b2a6-49572f683f02: start 915951e0-2de3-47e7-b2a6-49572f683f02@group-536CFF86F5DE-LeaderElection16
2020-11-23 16:44:10,022 [915951e0-2de3-47e7-b2a6-49572f683f02@group-536CFF86F5DE-LeaderElection16] INFO  impl.LeaderElection (LeaderElection.java:askForVotes(215)) - 915951e0-2de3-47e7-b2a6-49572f683f02@group-536CFF86F5DE-LeaderElection16: begin an election at term 1 for -1: [915951e0-2de3-47e7-b2a6-49572f683f02|rpc:172.17.0.2:37099], old=null
2020-11-23 16:44:10,022 [915951e0-2de3-47e7-b2a6-49572f683f02@group-536CFF86F5DE-LeaderElection16] INFO  impl.RoleInfo (RoleInfo.java:shutdownLeaderElection(134)) - 915951e0-2de3-47e7-b2a6-49572f683f02: shutdown 915951e0-2de3-47e7-b2a6-49572f683f02@group-536CFF86F5DE-LeaderElection16
2020-11-23 16:44:10,022 [915951e0-2de3-47e7-b2a6-49572f683f02@group-536CFF86F5DE-LeaderElection16] INFO  impl.RaftServerImpl (RaftServerImpl.java:setRole(204)) - 915951e0-2de3-47e7-b2a6-49572f683f02@group-536CFF86F5DE: changes role from CANDIDATE to LEADER at term 1 for changeToLeader
2020-11-23 16:44:10,022 [915951e0-2de3-47e7-b2a6-49572f683f02@group-536CFF86F5DE-LeaderElection16] INFO  ratis.XceiverServerRatis (XceiverServerRatis.java:handleLeaderChangedNotification(854)) - Leader change notification received for group: group-536CFF86F5DE with new leaderId: 915951e0-2de3-47e7-b2a6-49572f683f02
2020-11-23 16:44:10,023 [915951e0-2de3-47e7-b2a6-49572f683f02@group-536CFF86F5DE-LeaderElection16] INFO  impl.RaftServerImpl (ServerState.java:setLeader(256)) - 915951e0-2de3-47e7-b2a6-49572f683f02@group-536CFF86F5DE: change Leader from null to 915951e0-2de3-47e7-b2a6-49572f683f02 at term 1 for becomeLeader, leader elected after 5154ms
2020-11-23 16:44:10,023 [915951e0-2de3-47e7-b2a6-49572f683f02@group-536CFF86F5DE-LeaderElection16] INFO  server.RaftServerConfigKeys (ConfUtils.java:logGet(44)) - raft.server.staging.catchup.gap = 1000 (default)
2020-11-23 16:44:10,023 [915951e0-2de3-47e7-b2a6-49572f683f02@group-536CFF86F5DE-LeaderElection16] INFO  server.RaftServerConfigKeys (ConfUtils.java:logGet(44)) - raft.server.rpc.sleep.time = 25ms (default)
2020-11-23 16:44:10,023 [915951e0-2de3-47e7-b2a6-49572f683f02@group-536CFF86F5DE-LeaderElection16] INFO  metrics.RatisMetrics (RatisMetrics.java:lambda$create$0(36)) - Creating Metrics Registry : ratis.log_appender.915951e0-2de3-47e7-b2a6-49572f683f02@group-536CFF86F5DE
2020-11-23 16:44:10,023 [915951e0-2de3-47e7-b2a6-49572f683f02@group-536CFF86F5DE-LeaderElection16] INFO  server.RaftServerConfigKeys (ConfUtils.java:logGet(44)) - raft.server.write.element-limit = 1024 (custom)
2020-11-23 16:44:10,023 [915951e0-2de3-47e7-b2a6-49572f683f02@group-536CFF86F5DE-LeaderElection16] INFO  server.RaftServerConfigKeys (ConfUtils.java:logGet(44)) - raft.server.write.byte-limit = 1073741824 (custom)
2020-11-23 16:44:10,024 [915951e0-2de3-47e7-b2a6-49572f683f02@group-536CFF86F5DE-LeaderElection16] INFO  server.RaftServerConfigKeys (ConfUtils.java:logGet(44)) - raft.server.watch.timeout = 180s (custom)
2020-11-23 16:44:10,024 [915951e0-2de3-47e7-b2a6-49572f683f02@group-536CFF86F5DE-LeaderElection16] INFO  server.RaftServerConfigKeys (ConfUtils.java:logGet(44)) - raft.server.watch.timeout.denomination = 1s (default)
2020-11-23 16:44:10,024 [915951e0-2de3-47e7-b2a6-49572f683f02@group-536CFF86F5DE-LeaderElection16] INFO  server.RaftServerConfigKeys (ConfUtils.java:logGet(44)) - raft.server.watch.element-limit = 65536 (default)
2020-11-23 16:44:10,025 [915951e0-2de3-47e7-b2a6-49572f683f02@group-536CFF86F5DE-LeaderElection16] INFO  impl.RoleInfo (RoleInfo.java:updateAndGet(143)) - 915951e0-2de3-47e7-b2a6-49572f683f02: start 915951e0-2de3-47e7-b2a6-49572f683f02@group-536CFF86F5DE-LeaderState
2020-11-23 16:44:10,025 [915951e0-2de3-47e7-b2a6-49572f683f02@group-536CFF86F5DE-LeaderElection16] INFO  segmented.SegmentedRaftLogWorker (SegmentedRaftLogWorker.java:startLogSegment(398)) - 915951e0-2de3-47e7-b2a6-49572f683f02@group-536CFF86F5DE-SegmentedRaftLogWorker: Starting segment from index:0
2020-11-23 16:44:10,026 [915951e0-2de3-47e7-b2a6-49572f683f02@group-536CFF86F5DE-LeaderElection16] INFO  impl.RaftServerImpl (ServerState.java:setRaftConf(374)) - 915951e0-2de3-47e7-b2a6-49572f683f02@group-536CFF86F5DE: set configuration 0: [915951e0-2de3-47e7-b2a6-49572f683f02|rpc:172.17.0.2:37099|dataStream:], old=null at 0
2020-11-23 16:44:10,031 [915951e0-2de3-47e7-b2a6-49572f683f02@group-536CFF86F5DE-SegmentedRaftLogWorker] INFO  segmented.SegmentedRaftLogWorker (SegmentedRaftLogWorker.java:execute(597)) - 915951e0-2de3-47e7-b2a6-49572f683f02@group-536CFF86F5DE-SegmentedRaftLogWorker: created new log segment /github/workspace/mnt/ozone/hadoop-ozone/integration-test/target/test-dir/MiniOzoneClusterImpl-1f6412f7-deda-49d6-8890-c33526f8416a/datanode-2/data/ratis/acad2458-f116-47a2-8a82-536cff86f5de/current/log_inprogress_0
2020-11-23 16:44:10,194 [Thread-616] INFO  impl.FollowerState (FollowerState.java:run(128)) - 7965236a-9e62-42d8-a24d-3e89ca899055@group-4F488877A724-FollowerState: change to CANDIDATE, lastRpcTime:5048ms, electionTimeout:5047ms
2020-11-23 16:44:10,194 [Thread-616] INFO  impl.RoleInfo (RoleInfo.java:shutdownFollowerState(121)) - 7965236a-9e62-42d8-a24d-3e89ca899055: shutdown 7965236a-9e62-42d8-a24d-3e89ca899055@group-4F488877A724-FollowerState
2020-11-23 16:44:10,194 [Thread-616] INFO  impl.RaftServerImpl (RaftServerImpl.java:setRole(204)) - 7965236a-9e62-42d8-a24d-3e89ca899055@group-4F488877A724: changes role from  FOLLOWER to CANDIDATE at term 0 for changeToCandidate
2020-11-23 16:44:10,195 [Thread-616] INFO  impl.RoleInfo (RoleInfo.java:updateAndGet(143)) - 7965236a-9e62-42d8-a24d-3e89ca899055: start 7965236a-9e62-42d8-a24d-3e89ca899055@group-4F488877A724-LeaderElection17
2020-11-23 16:44:10,198 [7965236a-9e62-42d8-a24d-3e89ca899055@group-4F488877A724-LeaderElection17] INFO  impl.LeaderElection (LeaderElection.java:askForVotes(215)) - 7965236a-9e62-42d8-a24d-3e89ca899055@group-4F488877A724-LeaderElection17: begin an election at term 1 for -1: [7965236a-9e62-42d8-a24d-3e89ca899055|rpc:172.17.0.2:38005|dataStream:, a4898ab3-e2ea-4a1b-b74b-5f89fbd14327|rpc:172.17.0.2:44959|dataStream:, 03da0c7f-0ea2-4e27-8f49-e45eb46ed814|rpc:172.17.0.2:45865|dataStream:], old=null
2020-11-23 16:44:10,208 [grpc-default-executor-2] INFO  metrics.RatisMetrics (RatisMetrics.java:lambda$create$0(36)) - Creating Metrics Registry : ratis.server_message_metrics.a4898ab3-e2ea-4a1b-b74b-5f89fbd14327
2020-11-23 16:44:10,208 [grpc-default-executor-0] INFO  impl.RaftServerImpl (RaftServerImpl.java:setRole(204)) - 03da0c7f-0ea2-4e27-8f49-e45eb46ed814@group-4F488877A724: changes role from  FOLLOWER to FOLLOWER at term 1 for recognizeCandidate:7965236a-9e62-42d8-a24d-3e89ca899055
2020-11-23 16:44:10,208 [grpc-default-executor-0] INFO  impl.RoleInfo (RoleInfo.java:shutdownFollowerState(121)) - 03da0c7f-0ea2-4e27-8f49-e45eb46ed814: shutdown 03da0c7f-0ea2-4e27-8f49-e45eb46ed814@group-4F488877A724-FollowerState
2020-11-23 16:44:10,208 [grpc-default-executor-0] INFO  impl.RoleInfo (RoleInfo.java:updateAndGet(143)) - 03da0c7f-0ea2-4e27-8f49-e45eb46ed814: start 03da0c7f-0ea2-4e27-8f49-e45eb46ed814@group-4F488877A724-FollowerState
2020-11-23 16:44:10,208 [Thread-619] INFO  impl.FollowerState (FollowerState.java:run(137)) - 03da0c7f-0ea2-4e27-8f49-e45eb46ed814@group-4F488877A724-FollowerState was interrupted: {}
java.lang.InterruptedException: sleep interrupted
	at java.lang.Thread.sleep(Native Method)
	at org.apache.ratis.util.JavaUtils.sleep(JavaUtils.java:250)
	at org.apache.ratis.server.impl.FollowerState.run(FollowerState.java:116)
2020-11-23 16:44:10,210 [grpc-default-executor-0] INFO  impl.RaftServerImpl (RaftServerImpl.java:requestVote(963)) -  FOLLOWER 03da0c7f-0ea2-4e27-8f49-e45eb46ed814@group-4F488877A724:t1, leader=null, voted=null, raftlog=03da0c7f-0ea2-4e27-8f49-e45eb46ed814@group-4F488877A724-SegmentedRaftLog:OPENED:c-1,f-1,i0, conf=-1: [7965236a-9e62-42d8-a24d-3e89ca899055|rpc:172.17.0.2:38005|dataStream:, a4898ab3-e2ea-4a1b-b74b-5f89fbd14327|rpc:172.17.0.2:44959|dataStream:, 03da0c7f-0ea2-4e27-8f49-e45eb46ed814|rpc:172.17.0.2:45865|dataStream:], old=null RUNNING priority:0 candidate:7965236a-9e62-42d8-a24d-3e89ca899055|rpc:172.17.0.2:38005|dataStream: candidatePriority:0 compare:0
2020-11-23 16:44:10,212 [grpc-default-executor-2] INFO  impl.RaftServerImpl (RaftServerImpl.java:setRole(204)) - a4898ab3-e2ea-4a1b-b74b-5f89fbd14327@group-4F488877A724: changes role from  FOLLOWER to FOLLOWER at term 1 for recognizeCandidate:7965236a-9e62-42d8-a24d-3e89ca899055
2020-11-23 16:44:10,212 [grpc-default-executor-2] INFO  impl.RoleInfo (RoleInfo.java:shutdownFollowerState(121)) - a4898ab3-e2ea-4a1b-b74b-5f89fbd14327: shutdown a4898ab3-e2ea-4a1b-b74b-5f89fbd14327@group-4F488877A724-FollowerState
2020-11-23 16:44:10,212 [grpc-default-executor-2] INFO  impl.RoleInfo (RoleInfo.java:updateAndGet(143)) - a4898ab3-e2ea-4a1b-b74b-5f89fbd14327: start a4898ab3-e2ea-4a1b-b74b-5f89fbd14327@group-4F488877A724-FollowerState
2020-11-23 16:44:10,212 [Thread-614] INFO  impl.FollowerState (FollowerState.java:run(137)) - a4898ab3-e2ea-4a1b-b74b-5f89fbd14327@group-4F488877A724-FollowerState was interrupted: {}
java.lang.InterruptedException: sleep interrupted
	at java.lang.Thread.sleep(Native Method)
	at org.apache.ratis.util.JavaUtils.sleep(JavaUtils.java:250)
	at org.apache.ratis.server.impl.FollowerState.run(FollowerState.java:116)
2020-11-23 16:44:10,213 [grpc-default-executor-2] INFO  impl.RaftServerImpl (RaftServerImpl.java:requestVote(963)) -  FOLLOWER a4898ab3-e2ea-4a1b-b74b-5f89fbd14327@group-4F488877A724:t1, leader=null, voted=null, raftlog=a4898ab3-e2ea-4a1b-b74b-5f89fbd14327@group-4F488877A724-SegmentedRaftLog:OPENED:c-1,f-1,i0, conf=-1: [7965236a-9e62-42d8-a24d-3e89ca899055|rpc:172.17.0.2:38005, a4898ab3-e2ea-4a1b-b74b-5f89fbd14327|rpc:172.17.0.2:44959, 03da0c7f-0ea2-4e27-8f49-e45eb46ed814|rpc:172.17.0.2:45865], old=null RUNNING priority:0 candidate:7965236a-9e62-42d8-a24d-3e89ca899055|rpc:172.17.0.2:38005 candidatePriority:0 compare:0
2020-11-23 16:44:10,217 [7965236a-9e62-42d8-a24d-3e89ca899055@group-4F488877A724-LeaderElection17] INFO  impl.LeaderElection (LeaderElection.java:logAndReturn(65)) - 7965236a-9e62-42d8-a24d-3e89ca899055@group-4F488877A724-LeaderElection17: Election PASSED; received 1 response(s) [7965236a-9e62-42d8-a24d-3e89ca899055<-03da0c7f-0ea2-4e27-8f49-e45eb46ed814#0:OK-t1] and 0 exception(s); 7965236a-9e62-42d8-a24d-3e89ca899055@group-4F488877A724:t1, leader=null, voted=7965236a-9e62-42d8-a24d-3e89ca899055, raftlog=7965236a-9e62-42d8-a24d-3e89ca899055@group-4F488877A724-SegmentedRaftLog:OPENED:c-1,f-1,i0, conf=-1: [7965236a-9e62-42d8-a24d-3e89ca899055|rpc:172.17.0.2:38005|dataStream:, a4898ab3-e2ea-4a1b-b74b-5f89fbd14327|rpc:172.17.0.2:44959|dataStream:, 03da0c7f-0ea2-4e27-8f49-e45eb46ed814|rpc:172.17.0.2:45865|dataStream:], old=null
2020-11-23 16:44:10,217 [7965236a-9e62-42d8-a24d-3e89ca899055@group-4F488877A724-LeaderElection17] INFO  impl.RoleInfo (RoleInfo.java:shutdownLeaderElection(134)) - 7965236a-9e62-42d8-a24d-3e89ca899055: shutdown 7965236a-9e62-42d8-a24d-3e89ca899055@group-4F488877A724-LeaderElection17
2020-11-23 16:44:10,217 [7965236a-9e62-42d8-a24d-3e89ca899055@group-4F488877A724-LeaderElection17] INFO  impl.RaftServerImpl (RaftServerImpl.java:setRole(204)) - 7965236a-9e62-42d8-a24d-3e89ca899055@group-4F488877A724: changes role from CANDIDATE to LEADER at term 1 for changeToLeader
2020-11-23 16:44:10,217 [7965236a-9e62-42d8-a24d-3e89ca899055@group-4F488877A724-LeaderElection17] INFO  ratis.XceiverServerRatis (XceiverServerRatis.java:handleLeaderChangedNotification(854)) - Leader change notification received for group: group-4F488877A724 with new leaderId: 7965236a-9e62-42d8-a24d-3e89ca899055
2020-11-23 16:44:10,217 [7965236a-9e62-42d8-a24d-3e89ca899055@group-4F488877A724-LeaderElection17] INFO  impl.RaftServerImpl (ServerState.java:setLeader(256)) - 7965236a-9e62-42d8-a24d-3e89ca899055@group-4F488877A724: change Leader from null to 7965236a-9e62-42d8-a24d-3e89ca899055 at term 1 for becomeLeader, leader elected after 5079ms
2020-11-23 16:44:10,217 [7965236a-9e62-42d8-a24d-3e89ca899055@group-4F488877A724-LeaderElection17] INFO  server.RaftServerConfigKeys (ConfUtils.java:logGet(44)) - raft.server.staging.catchup.gap = 1000 (default)
2020-11-23 16:44:10,217 [7965236a-9e62-42d8-a24d-3e89ca899055@group-4F488877A724-LeaderElection17] INFO  server.RaftServerConfigKeys (ConfUtils.java:logGet(44)) - raft.server.rpc.sleep.time = 25ms (default)
2020-11-23 16:44:10,217 [7965236a-9e62-42d8-a24d-3e89ca899055@group-4F488877A724-LeaderElection17] INFO  metrics.RatisMetrics (RatisMetrics.java:lambda$create$0(36)) - Creating Metrics Registry : ratis.log_appender.7965236a-9e62-42d8-a24d-3e89ca899055@group-4F488877A724
2020-11-23 16:44:10,218 [7965236a-9e62-42d8-a24d-3e89ca899055@group-4F488877A724-LeaderElection17] INFO  server.RaftServerConfigKeys (ConfUtils.java:logGet(44)) - raft.server.write.element-limit = 1024 (custom)
2020-11-23 16:44:10,218 [7965236a-9e62-42d8-a24d-3e89ca899055@group-4F488877A724-LeaderElection17] INFO  server.RaftServerConfigKeys (ConfUtils.java:logGet(44)) - raft.server.write.byte-limit = 1073741824 (custom)
2020-11-23 16:44:10,218 [7965236a-9e62-42d8-a24d-3e89ca899055@group-4F488877A724-LeaderElection17] INFO  server.RaftServerConfigKeys (ConfUtils.java:logGet(44)) - raft.server.watch.timeout = 180s (custom)
2020-11-23 16:44:10,218 [7965236a-9e62-42d8-a24d-3e89ca899055@group-4F488877A724-LeaderElection17] INFO  server.RaftServerConfigKeys (ConfUtils.java:logGet(44)) - raft.server.watch.timeout.denomination = 1s (default)
2020-11-23 16:44:10,218 [7965236a-9e62-42d8-a24d-3e89ca899055@group-4F488877A724-LeaderElection17] INFO  server.RaftServerConfigKeys (ConfUtils.java:logGet(44)) - raft.server.watch.element-limit = 65536 (default)
2020-11-23 16:44:10,218 [7965236a-9e62-42d8-a24d-3e89ca899055@group-4F488877A724-LeaderElection17] INFO  server.RaftServerConfigKeys (ConfUtils.java:logGet(44)) - raft.server.log.appender.snapshot.chunk.size.max = 16MB (=16777216) (default)
2020-11-23 16:44:10,218 [7965236a-9e62-42d8-a24d-3e89ca899055@group-4F488877A724-LeaderElection17] INFO  server.RaftServerConfigKeys (ConfUtils.java:logGet(44)) - raft.server.log.appender.buffer.byte-limit = 33554432 (custom)
2020-11-23 16:44:10,218 [7965236a-9e62-42d8-a24d-3e89ca899055@group-4F488877A724-LeaderElection17] INFO  server.RaftServerConfigKeys (ConfUtils.java:logGet(44)) - raft.server.log.appender.buffer.element-limit = 1 (custom)
2020-11-23 16:44:10,218 [7965236a-9e62-42d8-a24d-3e89ca899055@group-4F488877A724-LeaderElection17] INFO  grpc.GrpcConfigKeys (ConfUtils.java:logGet(44)) - raft.grpc.server.leader.outstanding.appends.max = 128 (default)
2020-11-23 16:44:10,218 [7965236a-9e62-42d8-a24d-3e89ca899055@group-4F488877A724-LeaderElection17] INFO  server.RaftServerConfigKeys (ConfUtils.java:logGet(44)) - raft.server.rpc.request.timeout = 60s (custom)
2020-11-23 16:44:10,219 [7965236a-9e62-42d8-a24d-3e89ca899055@group-4F488877A724-LeaderElection17] INFO  server.RaftServerConfigKeys (ConfUtils.java:logGet(44)) - raft.server.log.appender.install.snapshot.enabled = false (custom)
2020-11-23 16:44:10,219 [7965236a-9e62-42d8-a24d-3e89ca899055@group-4F488877A724-LeaderElection17] INFO  metrics.RatisMetrics (RatisMetrics.java:lambda$create$0(36)) - Creating Metrics Registry : ratis_grpc.log_appender.7965236a-9e62-42d8-a24d-3e89ca899055@group-4F488877A724
2020-11-23 16:44:10,219 [7965236a-9e62-42d8-a24d-3e89ca899055@group-4F488877A724-LeaderElection17] INFO  server.RaftServerConfigKeys (ConfUtils.java:logGet(44)) - raft.server.log.appender.snapshot.chunk.size.max = 16MB (=16777216) (default)
2020-11-23 16:44:10,220 [7965236a-9e62-42d8-a24d-3e89ca899055@group-4F488877A724-LeaderElection17] INFO  server.RaftServerConfigKeys (ConfUtils.java:logGet(44)) - raft.server.log.appender.buffer.byte-limit = 33554432 (custom)
2020-11-23 16:44:10,220 [7965236a-9e62-42d8-a24d-3e89ca899055@group-4F488877A724-LeaderElection17] INFO  server.RaftServerConfigKeys (ConfUtils.java:logGet(44)) - raft.server.log.appender.buffer.element-limit = 1 (custom)
2020-11-23 16:44:10,220 [7965236a-9e62-42d8-a24d-3e89ca899055@group-4F488877A724-LeaderElection17] INFO  grpc.GrpcConfigKeys (ConfUtils.java:logGet(44)) - raft.grpc.server.leader.outstanding.appends.max = 128 (default)
2020-11-23 16:44:10,220 [7965236a-9e62-42d8-a24d-3e89ca899055@group-4F488877A724-LeaderElection17] INFO  server.RaftServerConfigKeys (ConfUtils.java:logGet(44)) - raft.server.rpc.request.timeout = 60s (custom)
2020-11-23 16:44:10,220 [7965236a-9e62-42d8-a24d-3e89ca899055@group-4F488877A724-LeaderElection17] INFO  server.RaftServerConfigKeys (ConfUtils.java:logGet(44)) - raft.server.log.appender.install.snapshot.enabled = false (custom)
2020-11-23 16:44:10,221 [7965236a-9e62-42d8-a24d-3e89ca899055@group-4F488877A724-LeaderElection17] INFO  impl.RoleInfo (RoleInfo.java:updateAndGet(143)) - 7965236a-9e62-42d8-a24d-3e89ca899055: start 7965236a-9e62-42d8-a24d-3e89ca899055@group-4F488877A724-LeaderState
2020-11-23 16:44:10,221 [7965236a-9e62-42d8-a24d-3e89ca899055@group-4F488877A724-LeaderElection17] INFO  segmented.SegmentedRaftLogWorker (SegmentedRaftLogWorker.java:startLogSegment(398)) - 7965236a-9e62-42d8-a24d-3e89ca899055@group-4F488877A724-SegmentedRaftLogWorker: Starting segment from index:0
2020-11-23 16:44:10,223 [EventQueue-PipelineReportForPipelineReportHandler] INFO  pipeline.PipelineStateManager (PipelineStateManager.java:openPipeline(132)) - Pipeline Pipeline[ Id: 2ddc8998-598d-4fe1-8164-4f488877a724, Nodes: 7965236a-9e62-42d8-a24d-3e89ca899055{ip: 172.17.0.2, host: dcde956c9b9e, networkLocation: /default-rack, certSerialId: null}03da0c7f-0ea2-4e27-8f49-e45eb46ed814{ip: 172.17.0.2, host: dcde956c9b9e, networkLocation: /default-rack, certSerialId: null}a4898ab3-e2ea-4a1b-b74b-5f89fbd14327{ip: 172.17.0.2, host: dcde956c9b9e, networkLocation: /default-rack, certSerialId: null}, Type:RATIS, Factor:THREE, State:ALLOCATED, leaderId:7965236a-9e62-42d8-a24d-3e89ca899055, CreationTimestamp2020-11-23T16:44:02.592Z] moved to OPEN state
2020-11-23 16:44:10,223 [7965236a-9e62-42d8-a24d-3e89ca899055@group-4F488877A724-SegmentedRaftLogWorker] INFO  segmented.SegmentedRaftLogWorker (SegmentedRaftLogWorker.java:execute(597)) - 7965236a-9e62-42d8-a24d-3e89ca899055@group-4F488877A724-SegmentedRaftLogWorker: created new log segment /github/workspace/mnt/ozone/hadoop-ozone/integration-test/target/test-dir/MiniOzoneClusterImpl-1f6412f7-deda-49d6-8890-c33526f8416a/datanode-4/data/ratis/2ddc8998-598d-4fe1-8164-4f488877a724/current/log_inprogress_0
2020-11-23 16:44:10,231 [7965236a-9e62-42d8-a24d-3e89ca899055@group-4F488877A724-LeaderElection17] INFO  impl.RaftServerImpl (ServerState.java:setRaftConf(374)) - 7965236a-9e62-42d8-a24d-3e89ca899055@group-4F488877A724: set configuration 0: [7965236a-9e62-42d8-a24d-3e89ca899055|rpc:172.17.0.2:38005|dataStream:, a4898ab3-e2ea-4a1b-b74b-5f89fbd14327|rpc:172.17.0.2:44959|dataStream:, 03da0c7f-0ea2-4e27-8f49-e45eb46ed814|rpc:172.17.0.2:45865|dataStream:], old=null at 0
2020-11-23 16:44:10,240 [grpc-default-executor-1] INFO  ratis.XceiverServerRatis (XceiverServerRatis.java:handleLeaderChangedNotification(854)) - Leader change notification received for group: group-4F488877A724 with new leaderId: 7965236a-9e62-42d8-a24d-3e89ca899055
2020-11-23 16:44:10,240 [grpc-default-executor-1] INFO  impl.RaftServerImpl (ServerState.java:setLeader(256)) - a4898ab3-e2ea-4a1b-b74b-5f89fbd14327@group-4F488877A724: change Leader from null to 7965236a-9e62-42d8-a24d-3e89ca899055 at term 1 for appendEntries, leader elected after 5138ms
2020-11-23 16:44:10,241 [Thread-612] INFO  impl.FollowerState (FollowerState.java:run(128)) - a4898ab3-e2ea-4a1b-b74b-5f89fbd14327@group-488B68F8AACF-FollowerState: change to CANDIDATE, lastRpcTime:5146ms, electionTimeout:5145ms
2020-11-23 16:44:10,241 [Thread-612] INFO  impl.RoleInfo (RoleInfo.java:shutdownFollowerState(121)) - a4898ab3-e2ea-4a1b-b74b-5f89fbd14327: shutdown a4898ab3-e2ea-4a1b-b74b-5f89fbd14327@group-488B68F8AACF-FollowerState
2020-11-23 16:44:10,241 [Thread-612] INFO  impl.RaftServerImpl (RaftServerImpl.java:setRole(204)) - a4898ab3-e2ea-4a1b-b74b-5f89fbd14327@group-488B68F8AACF: changes role from  FOLLOWER to CANDIDATE at term 0 for changeToCandidate
2020-11-23 16:44:10,241 [Thread-612] INFO  impl.RoleInfo (RoleInfo.java:updateAndGet(143)) - a4898ab3-e2ea-4a1b-b74b-5f89fbd14327: start a4898ab3-e2ea-4a1b-b74b-5f89fbd14327@group-488B68F8AACF-LeaderElection18
2020-11-23 16:44:10,245 [grpc-default-executor-2] INFO  impl.RaftServerImpl (ServerState.java:setRaftConf(374)) - a4898ab3-e2ea-4a1b-b74b-5f89fbd14327@group-4F488877A724: set configuration 0: [7965236a-9e62-42d8-a24d-3e89ca899055|rpc:172.17.0.2:38005|dataStream:, a4898ab3-e2ea-4a1b-b74b-5f89fbd14327|rpc:172.17.0.2:44959|dataStream:, 03da0c7f-0ea2-4e27-8f49-e45eb46ed814|rpc:172.17.0.2:45865|dataStream:], old=null at 0
2020-11-23 16:44:10,245 [grpc-default-executor-2] INFO  segmented.SegmentedRaftLogWorker (SegmentedRaftLogWorker.java:startLogSegment(398)) - a4898ab3-e2ea-4a1b-b74b-5f89fbd14327@group-4F488877A724-SegmentedRaftLogWorker: Starting segment from index:0
2020-11-23 16:44:10,252 [grpc-default-executor-1] INFO  ratis.XceiverServerRatis (XceiverServerRatis.java:handleLeaderChangedNotification(854)) - Leader change notification received for group: group-4F488877A724 with new leaderId: 7965236a-9e62-42d8-a24d-3e89ca899055
2020-11-23 16:44:10,252 [grpc-default-executor-1] INFO  impl.RaftServerImpl (ServerState.java:setLeader(256)) - 03da0c7f-0ea2-4e27-8f49-e45eb46ed814@group-4F488877A724: change Leader from null to 7965236a-9e62-42d8-a24d-3e89ca899055 at term 1 for appendEntries, leader elected after 5083ms
2020-11-23 16:44:10,253 [a4898ab3-e2ea-4a1b-b74b-5f89fbd14327@group-4F488877A724-SegmentedRaftLogWorker] INFO  segmented.SegmentedRaftLogWorker (SegmentedRaftLogWorker.java:execute(597)) - a4898ab3-e2ea-4a1b-b74b-5f89fbd14327@group-4F488877A724-SegmentedRaftLogWorker: created new log segment /github/workspace/mnt/ozone/hadoop-ozone/integration-test/target/test-dir/MiniOzoneClusterImpl-1f6412f7-deda-49d6-8890-c33526f8416a/datanode-3/data/ratis/2ddc8998-598d-4fe1-8164-4f488877a724/current/log_inprogress_0
2020-11-23 16:44:10,258 [grpc-default-executor-2] INFO  impl.RaftServerImpl (ServerState.java:setRaftConf(374)) - 03da0c7f-0ea2-4e27-8f49-e45eb46ed814@group-4F488877A724: set configuration 0: [7965236a-9e62-42d8-a24d-3e89ca899055|rpc:172.17.0.2:38005|dataStream:, a4898ab3-e2ea-4a1b-b74b-5f89fbd14327|rpc:172.17.0.2:44959|dataStream:, 03da0c7f-0ea2-4e27-8f49-e45eb46ed814|rpc:172.17.0.2:45865|dataStream:], old=null at 0
2020-11-23 16:44:10,259 [grpc-default-executor-2] INFO  segmented.SegmentedRaftLogWorker (SegmentedRaftLogWorker.java:startLogSegment(398)) - 03da0c7f-0ea2-4e27-8f49-e45eb46ed814@group-4F488877A724-SegmentedRaftLogWorker: Starting segment from index:0
2020-11-23 16:44:10,260 [03da0c7f-0ea2-4e27-8f49-e45eb46ed814@group-4F488877A724-SegmentedRaftLogWorker] INFO  segmented.SegmentedRaftLogWorker (SegmentedRaftLogWorker.java:execute(597)) - 03da0c7f-0ea2-4e27-8f49-e45eb46ed814@group-4F488877A724-SegmentedRaftLogWorker: created new log segment /github/workspace/mnt/ozone/hadoop-ozone/integration-test/target/test-dir/MiniOzoneClusterImpl-1f6412f7-deda-49d6-8890-c33526f8416a/datanode-5/data/ratis/2ddc8998-598d-4fe1-8164-4f488877a724/current/log_inprogress_0
2020-11-23 16:44:10,261 [a4898ab3-e2ea-4a1b-b74b-5f89fbd14327@group-488B68F8AACF-LeaderElection18] INFO  impl.LeaderElection (LeaderElection.java:askForVotes(215)) - a4898ab3-e2ea-4a1b-b74b-5f89fbd14327@group-488B68F8AACF-LeaderElection18: begin an election at term 1 for -1: [a4898ab3-e2ea-4a1b-b74b-5f89fbd14327|rpc:172.17.0.2:44959], old=null
2020-11-23 16:44:10,261 [a4898ab3-e2ea-4a1b-b74b-5f89fbd14327@group-488B68F8AACF-LeaderElection18] INFO  impl.RoleInfo (RoleInfo.java:shutdownLeaderElection(134)) - a4898ab3-e2ea-4a1b-b74b-5f89fbd14327: shutdown a4898ab3-e2ea-4a1b-b74b-5f89fbd14327@group-488B68F8AACF-LeaderElection18
2020-11-23 16:44:10,261 [a4898ab3-e2ea-4a1b-b74b-5f89fbd14327@group-488B68F8AACF-LeaderElection18] INFO  impl.RaftServerImpl (RaftServerImpl.java:setRole(204)) - a4898ab3-e2ea-4a1b-b74b-5f89fbd14327@group-488B68F8AACF: changes role from CANDIDATE to LEADER at term 1 for changeToLeader
2020-11-23 16:44:10,261 [a4898ab3-e2ea-4a1b-b74b-5f89fbd14327@group-488B68F8AACF-LeaderElection18] INFO  ratis.XceiverServerRatis (XceiverServerRatis.java:handleLeaderChangedNotification(854)) - Leader change notification received for group: group-488B68F8AACF with new leaderId: a4898ab3-e2ea-4a1b-b74b-5f89fbd14327
2020-11-23 16:44:10,265 [a4898ab3-e2ea-4a1b-b74b-5f89fbd14327@group-488B68F8AACF-LeaderElection18] INFO  impl.RaftServerImpl (ServerState.java:setLeader(256)) - a4898ab3-e2ea-4a1b-b74b-5f89fbd14327@group-488B68F8AACF: change Leader from null to a4898ab3-e2ea-4a1b-b74b-5f89fbd14327 at term 1 for becomeLeader, leader elected after 5172ms
2020-11-23 16:44:10,265 [a4898ab3-e2ea-4a1b-b74b-5f89fbd14327@group-488B68F8AACF-LeaderElection18] INFO  server.RaftServerConfigKeys (ConfUtils.java:logGet(44)) - raft.server.staging.catchup.gap = 1000 (default)
2020-11-23 16:44:10,265 [a4898ab3-e2ea-4a1b-b74b-5f89fbd14327@group-488B68F8AACF-LeaderElection18] INFO  server.RaftServerConfigKeys (ConfUtils.java:logGet(44)) - raft.server.rpc.sleep.time = 25ms (default)
2020-11-23 16:44:10,265 [a4898ab3-e2ea-4a1b-b74b-5f89fbd14327@group-488B68F8AACF-LeaderElection18] INFO  metrics.RatisMetrics (RatisMetrics.java:lambda$create$0(36)) - Creating Metrics Registry : ratis.log_appender.a4898ab3-e2ea-4a1b-b74b-5f89fbd14327@group-488B68F8AACF
2020-11-23 16:44:10,265 [a4898ab3-e2ea-4a1b-b74b-5f89fbd14327@group-488B68F8AACF-LeaderElection18] INFO  server.RaftServerConfigKeys (ConfUtils.java:logGet(44)) - raft.server.write.element-limit = 1024 (custom)
2020-11-23 16:44:10,265 [a4898ab3-e2ea-4a1b-b74b-5f89fbd14327@group-488B68F8AACF-LeaderElection18] INFO  server.RaftServerConfigKeys (ConfUtils.java:logGet(44)) - raft.server.write.byte-limit = 1073741824 (custom)
2020-11-23 16:44:10,266 [a4898ab3-e2ea-4a1b-b74b-5f89fbd14327@group-488B68F8AACF-LeaderElection18] INFO  server.RaftServerConfigKeys (ConfUtils.java:logGet(44)) - raft.server.watch.timeout = 180s (custom)
2020-11-23 16:44:10,266 [a4898ab3-e2ea-4a1b-b74b-5f89fbd14327@group-488B68F8AACF-LeaderElection18] INFO  server.RaftServerConfigKeys (ConfUtils.java:logGet(44)) - raft.server.watch.timeout.denomination = 1s (default)
2020-11-23 16:44:10,266 [a4898ab3-e2ea-4a1b-b74b-5f89fbd14327@group-488B68F8AACF-LeaderElection18] INFO  server.RaftServerConfigKeys (ConfUtils.java:logGet(44)) - raft.server.watch.element-limit = 65536 (default)
2020-11-23 16:44:10,273 [a4898ab3-e2ea-4a1b-b74b-5f89fbd14327@group-488B68F8AACF-LeaderElection18] INFO  impl.RoleInfo (RoleInfo.java:updateAndGet(143)) - a4898ab3-e2ea-4a1b-b74b-5f89fbd14327: start a4898ab3-e2ea-4a1b-b74b-5f89fbd14327@group-488B68F8AACF-LeaderState
2020-11-23 16:44:10,273 [a4898ab3-e2ea-4a1b-b74b-5f89fbd14327@group-488B68F8AACF-LeaderElection18] INFO  segmented.SegmentedRaftLogWorker (SegmentedRaftLogWorker.java:startLogSegment(398)) - a4898ab3-e2ea-4a1b-b74b-5f89fbd14327@group-488B68F8AACF-SegmentedRaftLogWorker: Starting segment from index:0
2020-11-23 16:44:10,283 [a4898ab3-e2ea-4a1b-b74b-5f89fbd14327@group-488B68F8AACF-SegmentedRaftLogWorker] INFO  segmented.SegmentedRaftLogWorker (SegmentedRaftLogWorker.java:execute(597)) - a4898ab3-e2ea-4a1b-b74b-5f89fbd14327@group-488B68F8AACF-SegmentedRaftLogWorker: created new log segment /github/workspace/mnt/ozone/hadoop-ozone/integration-test/target/test-dir/MiniOzoneClusterImpl-1f6412f7-deda-49d6-8890-c33526f8416a/datanode-3/data/ratis/64efee04-8885-45ed-a65e-488b68f8aacf/current/log_inprogress_0
2020-11-23 16:44:10,288 [a4898ab3-e2ea-4a1b-b74b-5f89fbd14327@group-488B68F8AACF-LeaderElection18] INFO  impl.RaftServerImpl (ServerState.java:setRaftConf(374)) - a4898ab3-e2ea-4a1b-b74b-5f89fbd14327@group-488B68F8AACF: set configuration 0: [a4898ab3-e2ea-4a1b-b74b-5f89fbd14327|rpc:172.17.0.2:44959|dataStream:], old=null at 0
2020-11-23 16:44:10,607 [Thread-622] INFO  impl.FollowerState (FollowerState.java:run(128)) - 7965236a-9e62-42d8-a24d-3e89ca899055@group-2A94E35DD877-FollowerState: change to CANDIDATE, lastRpcTime:5194ms, electionTimeout:5194ms
2020-11-23 16:44:10,607 [Thread-622] INFO  impl.RoleInfo (RoleInfo.java:shutdownFollowerState(121)) - 7965236a-9e62-42d8-a24d-3e89ca899055: shutdown 7965236a-9e62-42d8-a24d-3e89ca899055@group-2A94E35DD877-FollowerState
2020-11-23 16:44:10,608 [Thread-622] INFO  impl.RaftServerImpl (RaftServerImpl.java:setRole(204)) - 7965236a-9e62-42d8-a24d-3e89ca899055@group-2A94E35DD877: changes role from  FOLLOWER to CANDIDATE at term 0 for changeToCandidate
2020-11-23 16:44:10,608 [Thread-622] INFO  impl.RoleInfo (RoleInfo.java:updateAndGet(143)) - 7965236a-9e62-42d8-a24d-3e89ca899055: start 7965236a-9e62-42d8-a24d-3e89ca899055@group-2A94E35DD877-LeaderElection19
2020-11-23 16:44:10,610 [7965236a-9e62-42d8-a24d-3e89ca899055@group-2A94E35DD877-LeaderElection19] INFO  impl.LeaderElection (LeaderElection.java:askForVotes(215)) - 7965236a-9e62-42d8-a24d-3e89ca899055@group-2A94E35DD877-LeaderElection19: begin an election at term 1 for -1: [7965236a-9e62-42d8-a24d-3e89ca899055|rpc:172.17.0.2:38005], old=null
2020-11-23 16:44:10,611 [7965236a-9e62-42d8-a24d-3e89ca899055@group-2A94E35DD877-LeaderElection19] INFO  impl.RoleInfo (RoleInfo.java:shutdownLeaderElection(134)) - 7965236a-9e62-42d8-a24d-3e89ca899055: shutdown 7965236a-9e62-42d8-a24d-3e89ca899055@group-2A94E35DD877-LeaderElection19
2020-11-23 16:44:10,611 [7965236a-9e62-42d8-a24d-3e89ca899055@group-2A94E35DD877-LeaderElection19] INFO  impl.RaftServerImpl (RaftServerImpl.java:setRole(204)) - 7965236a-9e62-42d8-a24d-3e89ca899055@group-2A94E35DD877: changes role from CANDIDATE to LEADER at term 1 for changeToLeader
2020-11-23 16:44:10,611 [7965236a-9e62-42d8-a24d-3e89ca899055@group-2A94E35DD877-LeaderElection19] INFO  ratis.XceiverServerRatis (XceiverServerRatis.java:handleLeaderChangedNotification(854)) - Leader change notification received for group: group-2A94E35DD877 with new leaderId: 7965236a-9e62-42d8-a24d-3e89ca899055
2020-11-23 16:44:10,611 [7965236a-9e62-42d8-a24d-3e89ca899055@group-2A94E35DD877-LeaderElection19] INFO  impl.RaftServerImpl (ServerState.java:setLeader(256)) - 7965236a-9e62-42d8-a24d-3e89ca899055@group-2A94E35DD877: change Leader from null to 7965236a-9e62-42d8-a24d-3e89ca899055 at term 1 for becomeLeader, leader elected after 5208ms
2020-11-23 16:44:10,611 [7965236a-9e62-42d8-a24d-3e89ca899055@group-2A94E35DD877-LeaderElection19] INFO  server.RaftServerConfigKeys (ConfUtils.java:logGet(44)) - raft.server.staging.catchup.gap = 1000 (default)
2020-11-23 16:44:10,612 [7965236a-9e62-42d8-a24d-3e89ca899055@group-2A94E35DD877-LeaderElection19] INFO  server.RaftServerConfigKeys (ConfUtils.java:logGet(44)) - raft.server.rpc.sleep.time = 25ms (default)
2020-11-23 16:44:10,612 [7965236a-9e62-42d8-a24d-3e89ca899055@group-2A94E35DD877-LeaderElection19] INFO  metrics.RatisMetrics (RatisMetrics.java:lambda$create$0(36)) - Creating Metrics Registry : ratis.log_appender.7965236a-9e62-42d8-a24d-3e89ca899055@group-2A94E35DD877
2020-11-23 16:44:10,615 [7965236a-9e62-42d8-a24d-3e89ca899055@group-2A94E35DD877-LeaderElection19] INFO  server.RaftServerConfigKeys (ConfUtils.java:logGet(44)) - raft.server.write.element-limit = 1024 (custom)
2020-11-23 16:44:10,615 [7965236a-9e62-42d8-a24d-3e89ca899055@group-2A94E35DD877-LeaderElection19] INFO  server.RaftServerConfigKeys (ConfUtils.java:logGet(44)) - raft.server.write.byte-limit = 1073741824 (custom)
2020-11-23 16:44:10,616 [7965236a-9e62-42d8-a24d-3e89ca899055@group-2A94E35DD877-LeaderElection19] INFO  server.RaftServerConfigKeys (ConfUtils.java:logGet(44)) - raft.server.watch.timeout = 180s (custom)
2020-11-23 16:44:10,616 [7965236a-9e62-42d8-a24d-3e89ca899055@group-2A94E35DD877-LeaderElection19] INFO  server.RaftServerConfigKeys (ConfUtils.java:logGet(44)) - raft.server.watch.timeout.denomination = 1s (default)
2020-11-23 16:44:10,616 [7965236a-9e62-42d8-a24d-3e89ca899055@group-2A94E35DD877-LeaderElection19] INFO  server.RaftServerConfigKeys (ConfUtils.java:logGet(44)) - raft.server.watch.element-limit = 65536 (default)
2020-11-23 16:44:10,616 [7965236a-9e62-42d8-a24d-3e89ca899055@group-2A94E35DD877-LeaderElection19] INFO  impl.RoleInfo (RoleInfo.java:updateAndGet(143)) - 7965236a-9e62-42d8-a24d-3e89ca899055: start 7965236a-9e62-42d8-a24d-3e89ca899055@group-2A94E35DD877-LeaderState
2020-11-23 16:44:10,616 [7965236a-9e62-42d8-a24d-3e89ca899055@group-2A94E35DD877-LeaderElection19] INFO  segmented.SegmentedRaftLogWorker (SegmentedRaftLogWorker.java:startLogSegment(398)) - 7965236a-9e62-42d8-a24d-3e89ca899055@group-2A94E35DD877-SegmentedRaftLogWorker: Starting segment from index:0
2020-11-23 16:44:10,617 [7965236a-9e62-42d8-a24d-3e89ca899055@group-2A94E35DD877-LeaderElection19] INFO  impl.RaftServerImpl (ServerState.java:setRaftConf(374)) - 7965236a-9e62-42d8-a24d-3e89ca899055@group-2A94E35DD877: set configuration 0: [7965236a-9e62-42d8-a24d-3e89ca899055|rpc:172.17.0.2:38005|dataStream:], old=null at 0
2020-11-23 16:44:10,626 [7965236a-9e62-42d8-a24d-3e89ca899055@group-2A94E35DD877-SegmentedRaftLogWorker] INFO  segmented.SegmentedRaftLogWorker (SegmentedRaftLogWorker.java:execute(597)) - 7965236a-9e62-42d8-a24d-3e89ca899055@group-2A94E35DD877-SegmentedRaftLogWorker: created new log segment /github/workspace/mnt/ozone/hadoop-ozone/integration-test/target/test-dir/MiniOzoneClusterImpl-1f6412f7-deda-49d6-8890-c33526f8416a/datanode-4/data/ratis/0228781e-f8fd-411a-95df-2a94e35dd877/current/log_inprogress_0
2020-11-23 16:44:10,627 [Thread-624] INFO  impl.FollowerState (FollowerState.java:run(128)) - 03da0c7f-0ea2-4e27-8f49-e45eb46ed814@group-A7D5D09C3196-FollowerState: change to CANDIDATE, lastRpcTime:5017ms, electionTimeout:5013ms
2020-11-23 16:44:10,627 [Thread-624] INFO  impl.RoleInfo (RoleInfo.java:shutdownFollowerState(121)) - 03da0c7f-0ea2-4e27-8f49-e45eb46ed814: shutdown 03da0c7f-0ea2-4e27-8f49-e45eb46ed814@group-A7D5D09C3196-FollowerState
2020-11-23 16:44:10,627 [Thread-624] INFO  impl.RaftServerImpl (RaftServerImpl.java:setRole(204)) - 03da0c7f-0ea2-4e27-8f49-e45eb46ed814@group-A7D5D09C3196: changes role from  FOLLOWER to CANDIDATE at term 0 for changeToCandidate
2020-11-23 16:44:10,627 [Thread-624] INFO  impl.RoleInfo (RoleInfo.java:updateAndGet(143)) - 03da0c7f-0ea2-4e27-8f49-e45eb46ed814: start 03da0c7f-0ea2-4e27-8f49-e45eb46ed814@group-A7D5D09C3196-LeaderElection20
2020-11-23 16:44:10,630 [03da0c7f-0ea2-4e27-8f49-e45eb46ed814@group-A7D5D09C3196-LeaderElection20] INFO  impl.LeaderElection (LeaderElection.java:askForVotes(215)) - 03da0c7f-0ea2-4e27-8f49-e45eb46ed814@group-A7D5D09C3196-LeaderElection20: begin an election at term 1 for -1: [03da0c7f-0ea2-4e27-8f49-e45eb46ed814|rpc:172.17.0.2:45865], old=null
2020-11-23 16:44:10,630 [03da0c7f-0ea2-4e27-8f49-e45eb46ed814@group-A7D5D09C3196-LeaderElection20] INFO  impl.RoleInfo (RoleInfo.java:shutdownLeaderElection(134)) - 03da0c7f-0ea2-4e27-8f49-e45eb46ed814: shutdown 03da0c7f-0ea2-4e27-8f49-e45eb46ed814@group-A7D5D09C3196-LeaderElection20
2020-11-23 16:44:10,630 [03da0c7f-0ea2-4e27-8f49-e45eb46ed814@group-A7D5D09C3196-LeaderElection20] INFO  impl.RaftServerImpl (RaftServerImpl.java:setRole(204)) - 03da0c7f-0ea2-4e27-8f49-e45eb46ed814@group-A7D5D09C3196: changes role from CANDIDATE to LEADER at term 1 for changeToLeader
2020-11-23 16:44:10,630 [03da0c7f-0ea2-4e27-8f49-e45eb46ed814@group-A7D5D09C3196-LeaderElection20] INFO  ratis.XceiverServerRatis (XceiverServerRatis.java:handleLeaderChangedNotification(854)) - Leader change notification received for group: group-A7D5D09C3196 with new leaderId: 03da0c7f-0ea2-4e27-8f49-e45eb46ed814
2020-11-23 16:44:10,631 [03da0c7f-0ea2-4e27-8f49-e45eb46ed814@group-A7D5D09C3196-LeaderElection20] INFO  impl.RaftServerImpl (ServerState.java:setLeader(256)) - 03da0c7f-0ea2-4e27-8f49-e45eb46ed814@group-A7D5D09C3196: change Leader from null to 03da0c7f-0ea2-4e27-8f49-e45eb46ed814 at term 1 for becomeLeader, leader elected after 5036ms
2020-11-23 16:44:10,631 [03da0c7f-0ea2-4e27-8f49-e45eb46ed814@group-A7D5D09C3196-LeaderElection20] INFO  server.RaftServerConfigKeys (ConfUtils.java:logGet(44)) - raft.server.staging.catchup.gap = 1000 (default)
2020-11-23 16:44:10,632 [03da0c7f-0ea2-4e27-8f49-e45eb46ed814@group-A7D5D09C3196-LeaderElection20] INFO  server.RaftServerConfigKeys (ConfUtils.java:logGet(44)) - raft.server.rpc.sleep.time = 25ms (default)
2020-11-23 16:44:10,632 [03da0c7f-0ea2-4e27-8f49-e45eb46ed814@group-A7D5D09C3196-LeaderElection20] INFO  metrics.RatisMetrics (RatisMetrics.java:lambda$create$0(36)) - Creating Metrics Registry : ratis.log_appender.03da0c7f-0ea2-4e27-8f49-e45eb46ed814@group-A7D5D09C3196
2020-11-23 16:44:10,632 [03da0c7f-0ea2-4e27-8f49-e45eb46ed814@group-A7D5D09C3196-LeaderElection20] INFO  server.RaftServerConfigKeys (ConfUtils.java:logGet(44)) - raft.server.write.element-limit = 1024 (custom)
2020-11-23 16:44:10,632 [03da0c7f-0ea2-4e27-8f49-e45eb46ed814@group-A7D5D09C3196-LeaderElection20] INFO  server.RaftServerConfigKeys (ConfUtils.java:logGet(44)) - raft.server.write.byte-limit = 1073741824 (custom)
2020-11-23 16:44:10,633 [03da0c7f-0ea2-4e27-8f49-e45eb46ed814@group-A7D5D09C3196-LeaderElection20] INFO  server.RaftServerConfigKeys (ConfUtils.java:logGet(44)) - raft.server.watch.timeout = 180s (custom)
2020-11-23 16:44:10,633 [03da0c7f-0ea2-4e27-8f49-e45eb46ed814@group-A7D5D09C3196-LeaderElection20] INFO  server.RaftServerConfigKeys (ConfUtils.java:logGet(44)) - raft.server.watch.timeout.denomination = 1s (default)
2020-11-23 16:44:10,634 [03da0c7f-0ea2-4e27-8f49-e45eb46ed814@group-A7D5D09C3196-LeaderElection20] INFO  server.RaftServerConfigKeys (ConfUtils.java:logGet(44)) - raft.server.watch.element-limit = 65536 (default)
2020-11-23 16:44:10,634 [03da0c7f-0ea2-4e27-8f49-e45eb46ed814@group-A7D5D09C3196-LeaderElection20] INFO  impl.RoleInfo (RoleInfo.java:updateAndGet(143)) - 03da0c7f-0ea2-4e27-8f49-e45eb46ed814: start 03da0c7f-0ea2-4e27-8f49-e45eb46ed814@group-A7D5D09C3196-LeaderState
2020-11-23 16:44:10,634 [03da0c7f-0ea2-4e27-8f49-e45eb46ed814@group-A7D5D09C3196-LeaderElection20] INFO  segmented.SegmentedRaftLogWorker (SegmentedRaftLogWorker.java:startLogSegment(398)) - 03da0c7f-0ea2-4e27-8f49-e45eb46ed814@group-A7D5D09C3196-SegmentedRaftLogWorker: Starting segment from index:0
2020-11-23 16:44:10,635 [03da0c7f-0ea2-4e27-8f49-e45eb46ed814@group-A7D5D09C3196-LeaderElection20] INFO  impl.RaftServerImpl (ServerState.java:setRaftConf(374)) - 03da0c7f-0ea2-4e27-8f49-e45eb46ed814@group-A7D5D09C3196: set configuration 0: [03da0c7f-0ea2-4e27-8f49-e45eb46ed814|rpc:172.17.0.2:45865|dataStream:], old=null at 0
2020-11-23 16:44:10,635 [03da0c7f-0ea2-4e27-8f49-e45eb46ed814@group-A7D5D09C3196-SegmentedRaftLogWorker] INFO  segmented.SegmentedRaftLogWorker (SegmentedRaftLogWorker.java:execute(597)) - 03da0c7f-0ea2-4e27-8f49-e45eb46ed814@group-A7D5D09C3196-SegmentedRaftLogWorker: created new log segment /github/workspace/mnt/ozone/hadoop-ozone/integration-test/target/test-dir/MiniOzoneClusterImpl-1f6412f7-deda-49d6-8890-c33526f8416a/datanode-5/data/ratis/379d5359-402f-4e83-9175-a7d5d09c3196/current/log_inprogress_0
2020-11-23 16:44:10,917 [Thread-626] INFO  impl.FollowerState (FollowerState.java:run(128)) - 2001b4ac-07b6-4cea-a1f1-ff1d200545db@group-30E16C36EFC1-FollowerState: change to CANDIDATE, lastRpcTime:5122ms, electionTimeout:5121ms
2020-11-23 16:44:10,918 [Thread-626] INFO  impl.RoleInfo (RoleInfo.java:shutdownFollowerState(121)) - 2001b4ac-07b6-4cea-a1f1-ff1d200545db: shutdown 2001b4ac-07b6-4cea-a1f1-ff1d200545db@group-30E16C36EFC1-FollowerState
2020-11-23 16:44:10,918 [Thread-626] INFO  impl.RaftServerImpl (RaftServerImpl.java:setRole(204)) - 2001b4ac-07b6-4cea-a1f1-ff1d200545db@group-30E16C36EFC1: changes role from  FOLLOWER to CANDIDATE at term 0 for changeToCandidate
2020-11-23 16:44:10,918 [Thread-626] INFO  impl.RoleInfo (RoleInfo.java:updateAndGet(143)) - 2001b4ac-07b6-4cea-a1f1-ff1d200545db: start 2001b4ac-07b6-4cea-a1f1-ff1d200545db@group-30E16C36EFC1-LeaderElection21
2020-11-23 16:44:10,921 [2001b4ac-07b6-4cea-a1f1-ff1d200545db@group-30E16C36EFC1-LeaderElection21] INFO  impl.LeaderElection (LeaderElection.java:askForVotes(215)) - 2001b4ac-07b6-4cea-a1f1-ff1d200545db@group-30E16C36EFC1-LeaderElection21: begin an election at term 1 for -1: [2001b4ac-07b6-4cea-a1f1-ff1d200545db|rpc:172.17.0.2:42501], old=null
2020-11-23 16:44:10,921 [2001b4ac-07b6-4cea-a1f1-ff1d200545db@group-30E16C36EFC1-LeaderElection21] INFO  impl.RoleInfo (RoleInfo.java:shutdownLeaderElection(134)) - 2001b4ac-07b6-4cea-a1f1-ff1d200545db: shutdown 2001b4ac-07b6-4cea-a1f1-ff1d200545db@group-30E16C36EFC1-LeaderElection21
2020-11-23 16:44:10,921 [2001b4ac-07b6-4cea-a1f1-ff1d200545db@group-30E16C36EFC1-LeaderElection21] INFO  impl.RaftServerImpl (RaftServerImpl.java:setRole(204)) - 2001b4ac-07b6-4cea-a1f1-ff1d200545db@group-30E16C36EFC1: changes role from CANDIDATE to LEADER at term 1 for changeToLeader
2020-11-23 16:44:10,921 [2001b4ac-07b6-4cea-a1f1-ff1d200545db@group-30E16C36EFC1-LeaderElection21] INFO  ratis.XceiverServerRatis (XceiverServerRatis.java:handleLeaderChangedNotification(854)) - Leader change notification received for group: group-30E16C36EFC1 with new leaderId: 2001b4ac-07b6-4cea-a1f1-ff1d200545db
2020-11-23 16:44:10,922 [2001b4ac-07b6-4cea-a1f1-ff1d200545db@group-30E16C36EFC1-LeaderElection21] INFO  impl.RaftServerImpl (ServerState.java:setLeader(256)) - 2001b4ac-07b6-4cea-a1f1-ff1d200545db@group-30E16C36EFC1: change Leader from null to 2001b4ac-07b6-4cea-a1f1-ff1d200545db at term 1 for becomeLeader, leader elected after 5135ms
2020-11-23 16:44:10,922 [2001b4ac-07b6-4cea-a1f1-ff1d200545db@group-30E16C36EFC1-LeaderElection21] INFO  server.RaftServerConfigKeys (ConfUtils.java:logGet(44)) - raft.server.staging.catchup.gap = 1000 (default)
2020-11-23 16:44:10,922 [2001b4ac-07b6-4cea-a1f1-ff1d200545db@group-30E16C36EFC1-LeaderElection21] INFO  server.RaftServerConfigKeys (ConfUtils.java:logGet(44)) - raft.server.rpc.sleep.time = 25ms (default)
2020-11-23 16:44:10,922 [2001b4ac-07b6-4cea-a1f1-ff1d200545db@group-30E16C36EFC1-LeaderElection21] INFO  metrics.RatisMetrics (RatisMetrics.java:lambda$create$0(36)) - Creating Metrics Registry : ratis.log_appender.2001b4ac-07b6-4cea-a1f1-ff1d200545db@group-30E16C36EFC1
2020-11-23 16:44:10,922 [2001b4ac-07b6-4cea-a1f1-ff1d200545db@group-30E16C36EFC1-LeaderElection21] INFO  server.RaftServerConfigKeys (ConfUtils.java:logGet(44)) - raft.server.write.element-limit = 1024 (custom)
2020-11-23 16:44:10,922 [2001b4ac-07b6-4cea-a1f1-ff1d200545db@group-30E16C36EFC1-LeaderElection21] INFO  server.RaftServerConfigKeys (ConfUtils.java:logGet(44)) - raft.server.write.byte-limit = 1073741824 (custom)
2020-11-23 16:44:10,923 [2001b4ac-07b6-4cea-a1f1-ff1d200545db@group-30E16C36EFC1-LeaderElection21] INFO  server.RaftServerConfigKeys (ConfUtils.java:logGet(44)) - raft.server.watch.timeout = 180s (custom)
2020-11-23 16:44:10,923 [2001b4ac-07b6-4cea-a1f1-ff1d200545db@group-30E16C36EFC1-LeaderElection21] INFO  server.RaftServerConfigKeys (ConfUtils.java:logGet(44)) - raft.server.watch.timeout.denomination = 1s (default)
2020-11-23 16:44:10,923 [2001b4ac-07b6-4cea-a1f1-ff1d200545db@group-30E16C36EFC1-LeaderElection21] INFO  server.RaftServerConfigKeys (ConfUtils.java:logGet(44)) - raft.server.watch.element-limit = 65536 (default)
2020-11-23 16:44:10,923 [2001b4ac-07b6-4cea-a1f1-ff1d200545db@group-30E16C36EFC1-LeaderElection21] INFO  impl.RoleInfo (RoleInfo.java:updateAndGet(143)) - 2001b4ac-07b6-4cea-a1f1-ff1d200545db: start 2001b4ac-07b6-4cea-a1f1-ff1d200545db@group-30E16C36EFC1-LeaderState
2020-11-23 16:44:10,924 [2001b4ac-07b6-4cea-a1f1-ff1d200545db@group-30E16C36EFC1-LeaderElection21] INFO  segmented.SegmentedRaftLogWorker (SegmentedRaftLogWorker.java:startLogSegment(398)) - 2001b4ac-07b6-4cea-a1f1-ff1d200545db@group-30E16C36EFC1-SegmentedRaftLogWorker: Starting segment from index:0
2020-11-23 16:44:10,925 [2001b4ac-07b6-4cea-a1f1-ff1d200545db@group-30E16C36EFC1-SegmentedRaftLogWorker] INFO  segmented.SegmentedRaftLogWorker (SegmentedRaftLogWorker.java:execute(597)) - 2001b4ac-07b6-4cea-a1f1-ff1d200545db@group-30E16C36EFC1-SegmentedRaftLogWorker: created new log segment /github/workspace/mnt/ozone/hadoop-ozone/integration-test/target/test-dir/MiniOzoneClusterImpl-1f6412f7-deda-49d6-8890-c33526f8416a/datanode-6/data/ratis/f42fef0f-2af6-464e-a686-30e16c36efc1/current/log_inprogress_0
2020-11-23 16:44:10,930 [2001b4ac-07b6-4cea-a1f1-ff1d200545db@group-30E16C36EFC1-LeaderElection21] INFO  impl.RaftServerImpl (ServerState.java:setRaftConf(374)) - 2001b4ac-07b6-4cea-a1f1-ff1d200545db@group-30E16C36EFC1: set configuration 0: [2001b4ac-07b6-4cea-a1f1-ff1d200545db|rpc:172.17.0.2:42501|dataStream:], old=null at 0
2020-11-23 16:44:12,579 [EventQueue-Delayed safe mode statusForReplicationManager] INFO  container.ReplicationManager (ReplicationManager.java:start(178)) - Starting Replication Monitor Thread.
2020-11-23 16:44:12,581 [ReplicationMonitor] INFO  container.ReplicationManager (ReplicationManager.java:run(242)) - Replication Monitor Thread took 1 milliseconds for processing 3 containers.
2020-11-23 16:44:16,003 [Listener at 127.0.0.1/36807] INFO  metrics.RatisMetrics (RatisMetrics.java:lambda$create$0(36)) - Creating Metrics Registry : ratis.client_message_metrics.client-3289507B20AA->a4898ab3-e2ea-4a1b-b74b-5f89fbd14327
2020-11-23 16:44:16,055 [Listener at 127.0.0.1/36807] INFO  metrics.RatisMetrics (RatisMetrics.java:lambda$create$0(36)) - Creating Metrics Registry : ratis.client_message_metrics.client-D44E484B4CC8->2001b4ac-07b6-4cea-a1f1-ff1d200545db
2020-11-23 16:44:16,098 [org.apache.ratis.server.JvmPauseMonitor@78fec424-Monitor] WARN  server.JvmPauseMonitor (JvmPauseMonitor.java:run(141)) - Detected pause in JVM or host machine (eg GC): pause of approximately 8ms
No GCs detected
2020-11-23 16:44:16,104 [EventQueue-CloseContainerForCloseContainerEventHandler] INFO  container.CloseContainerEventHandler (CloseContainerEventHandler.java:onMessage(61)) - Close container Event triggered for container : #1
2020-11-23 16:44:16,104 [EventQueue-CloseContainerForCloseContainerEventHandler] INFO  container.CloseContainerEventHandler (CloseContainerEventHandler.java:onMessage(61)) - Close container Event triggered for container : #2
2020-11-23 16:44:16,104 [EventQueue-CloseContainerForCloseContainerEventHandler] INFO  container.CloseContainerEventHandler (CloseContainerEventHandler.java:onMessage(61)) - Close container Event triggered for container : #3
2020-11-23 16:44:17,934 [RatisApplyTransactionExecutor 1] INFO  keyvalue.KeyValueContainer (KeyValueContainer.java:flushAndSyncDB(388)) - Container 1 is synced with bcsId 10.
2020-11-23 16:44:17,934 [RatisApplyTransactionExecutor 1] INFO  keyvalue.KeyValueContainer (KeyValueContainer.java:flushAndSyncDB(388)) - Container 1 is synced with bcsId 10.
2020-11-23 16:44:17,937 [RatisApplyTransactionExecutor 1] INFO  keyvalue.KeyValueContainer (KeyValueContainer.java:close(326)) - Container 1 is closed with bcsId 10.
2020-11-23 16:44:17,938 [EventQueue-IncrementalContainerReportForIncrementalContainerReportHandler] INFO  container.IncrementalContainerReportHandler (AbstractContainerReportHandler.java:updateContainerState(215)) - Moving container #1 to CLOSED state, datanode 2001b4ac-07b6-4cea-a1f1-ff1d200545db{ip: 172.17.0.2, host: dcde956c9b9e, networkLocation: /default-rack, certSerialId: null} reported CLOSED replica.
2020-11-23 16:44:17,943 [RatisApplyTransactionExecutor 2] INFO  keyvalue.KeyValueContainer (KeyValueContainer.java:flushAndSyncDB(388)) - Container 2 is synced with bcsId 0.
2020-11-23 16:44:17,943 [RatisApplyTransactionExecutor 2] INFO  keyvalue.KeyValueContainer (KeyValueContainer.java:flushAndSyncDB(388)) - Container 2 is synced with bcsId 0.
2020-11-23 16:44:17,944 [RatisApplyTransactionExecutor 2] INFO  keyvalue.KeyValueContainer (KeyValueContainer.java:close(326)) - Container 2 is closed with bcsId 0.
2020-11-23 16:44:17,945 [EventQueue-IncrementalContainerReportForIncrementalContainerReportHandler] INFO  container.IncrementalContainerReportHandler (AbstractContainerReportHandler.java:updateContainerState(215)) - Moving container #2 to CLOSED state, datanode 2001b4ac-07b6-4cea-a1f1-ff1d200545db{ip: 172.17.0.2, host: dcde956c9b9e, networkLocation: /default-rack, certSerialId: null} reported CLOSED replica.
2020-11-23 16:44:18,056 [RatisApplyTransactionExecutor 3] INFO  keyvalue.KeyValueContainer (KeyValueContainer.java:flushAndSyncDB(388)) - Container 3 is synced with bcsId 0.
2020-11-23 16:44:18,056 [RatisApplyTransactionExecutor 3] INFO  keyvalue.KeyValueContainer (KeyValueContainer.java:flushAndSyncDB(388)) - Container 3 is synced with bcsId 0.
2020-11-23 16:44:18,060 [RatisApplyTransactionExecutor 3] INFO  keyvalue.KeyValueContainer (KeyValueContainer.java:close(326)) - Container 3 is closed with bcsId 0.
2020-11-23 16:44:18,061 [EventQueue-IncrementalContainerReportForIncrementalContainerReportHandler] INFO  container.IncrementalContainerReportHandler (AbstractContainerReportHandler.java:updateContainerState(215)) - Moving container #3 to CLOSED state, datanode a4898ab3-e2ea-4a1b-b74b-5f89fbd14327{ip: 172.17.0.2, host: dcde956c9b9e, networkLocation: /default-rack, certSerialId: null} reported CLOSED replica.
16:44:18.108 [grpc-default-executor-2] ERROR DNAudit - user=null | ip=null | op=WRITE_CHUNK {blockData=conID: 1 locID: 105260636556623875 bcsId: 10} | ret=FAILURE
org.apache.hadoop.hdds.scm.container.common.helpers.ContainerNotOpenException: Container 1 in CLOSED state
	at org.apache.hadoop.ozone.container.common.impl.HddsDispatcher.validateContainerCommand(HddsDispatcher.java:484) ~[hadoop-hdds-container-service-1.1.0-SNAPSHOT.jar:?]
	at org.apache.hadoop.ozone.container.common.transport.server.ratis.ContainerStateMachine.startTransaction(ContainerStateMachine.java:319) ~[hadoop-hdds-container-service-1.1.0-SNAPSHOT.jar:?]
	at org.apache.ratis.server.impl.RaftServerImpl.submitClientRequestAsync(RaftServerImpl.java:723) ~[ratis-server-1.1.0-913f5a4-SNAPSHOT.jar:1.1.0-913f5a4-SNAPSHOT]
	at org.apache.ratis.server.impl.RaftServerProxy.lambda$submitClientRequestAsync$7(RaftServerProxy.java:364) ~[ratis-server-1.1.0-913f5a4-SNAPSHOT.jar:1.1.0-913f5a4-SNAPSHOT]
	at org.apache.ratis.server.impl.RaftServerProxy.lambda$null$5(RaftServerProxy.java:359) ~[ratis-server-1.1.0-913f5a4-SNAPSHOT.jar:1.1.0-913f5a4-SNAPSHOT]
	at org.apache.ratis.util.JavaUtils.callAsUnchecked(JavaUtils.java:116) ~[ratis-common-1.1.0-913f5a4-SNAPSHOT.jar:1.1.0-913f5a4-SNAPSHOT]
	at org.apache.ratis.server.impl.RaftServerProxy.lambda$submitRequest$6(RaftServerProxy.java:359) ~[ratis-server-1.1.0-913f5a4-SNAPSHOT.jar:1.1.0-913f5a4-SNAPSHOT]
	at java.util.concurrent.CompletableFuture.uniComposeStage(CompletableFuture.java:995) ~[?:1.8.0_232]
	at java.util.concurrent.CompletableFuture.thenCompose(CompletableFuture.java:2137) ~[?:1.8.0_232]
	at org.apache.ratis.server.impl.RaftServerProxy.submitRequest(RaftServerProxy.java:358) ~[ratis-server-1.1.0-913f5a4-SNAPSHOT.jar:1.1.0-913f5a4-SNAPSHOT]
	at org.apache.ratis.server.impl.RaftServerProxy.submitClientRequestAsync(RaftServerProxy.java:364) ~[ratis-server-1.1.0-913f5a4-SNAPSHOT.jar:1.1.0-913f5a4-SNAPSHOT]
	at org.apache.ratis.grpc.client.GrpcClientProtocolService$RequestStreamObserver.processClientRequest(GrpcClientProtocolService.java:231) ~[ratis-grpc-1.1.0-913f5a4-SNAPSHOT.jar:1.1.0-913f5a4-SNAPSHOT]
	at org.apache.ratis.grpc.client.GrpcClientProtocolService$OrderedRequestStreamObserver.processClientRequest(GrpcClientProtocolService.java:337) ~[ratis-grpc-1.1.0-913f5a4-SNAPSHOT.jar:1.1.0-913f5a4-SNAPSHOT]
	at org.apache.ratis.util.SlidingWindow$Server.processRequestsFromHead(SlidingWindow.java:429) [ratis-common-1.1.0-913f5a4-SNAPSHOT.jar:1.1.0-913f5a4-SNAPSHOT]
	at org.apache.ratis.util.SlidingWindow$Server.receivedRequest(SlidingWindow.java:421) [ratis-common-1.1.0-913f5a4-SNAPSHOT.jar:1.1.0-913f5a4-SNAPSHOT]
	at org.apache.ratis.grpc.client.GrpcClientProtocolService$OrderedRequestStreamObserver.processClientRequest(GrpcClientProtocolService.java:361) [ratis-grpc-1.1.0-913f5a4-SNAPSHOT.jar:1.1.0-913f5a4-SNAPSHOT]
	at org.apache.ratis.grpc.client.GrpcClientProtocolService$RequestStreamObserver.onNext(GrpcClientProtocolService.java:251) [ratis-grpc-1.1.0-913f5a4-SNAPSHOT.jar:1.1.0-913f5a4-SNAPSHOT]
	at org.apache.ratis.grpc.client.GrpcClientProtocolService$RequestStreamObserver.onNext(GrpcClientProtocolService.java:174) [ratis-grpc-1.1.0-913f5a4-SNAPSHOT.jar:1.1.0-913f5a4-SNAPSHOT]
	at org.apache.ratis.thirdparty.io.grpc.stub.ServerCalls$StreamingServerCallHandler$StreamingServerCallListener.onMessage(ServerCalls.java:251) [ratis-thirdparty-misc-0.6.0-SNAPSHOT.jar:0.6.0-SNAPSHOT]
	at org.apache.ratis.thirdparty.io.grpc.ForwardingServerCallListener.onMessage(ForwardingServerCallListener.java:33) [ratis-thirdparty-misc-0.6.0-SNAPSHOT.jar:0.6.0-SNAPSHOT]
	at org.apache.ratis.thirdparty.io.grpc.internal.ServerCallImpl$ServerStreamListenerImpl.messagesAvailableInternal(ServerCallImpl.java:309) [ratis-thirdparty-misc-0.6.0-SNAPSHOT.jar:0.6.0-SNAPSHOT]
	at org.apache.ratis.thirdparty.io.grpc.internal.ServerCallImpl$ServerStreamListenerImpl.messagesAvailable(ServerCallImpl.java:292) [ratis-thirdparty-misc-0.6.0-SNAPSHOT.jar:0.6.0-SNAPSHOT]
	at org.apache.ratis.thirdparty.io.grpc.internal.ServerImpl$JumpToApplicationThreadServerStreamListener$1MessagesAvailable.runInContext(ServerImpl.java:783) [ratis-thirdparty-misc-0.6.0-SNAPSHOT.jar:0.6.0-SNAPSHOT]
	at org.apache.ratis.thirdparty.io.grpc.internal.ContextRunnable.run(ContextRunnable.java:37) [ratis-thirdparty-misc-0.6.0-SNAPSHOT.jar:0.6.0-SNAPSHOT]
	at org.apache.ratis.thirdparty.io.grpc.internal.SerializingExecutor.run(SerializingExecutor.java:123) [ratis-thirdparty-misc-0.6.0-SNAPSHOT.jar:0.6.0-SNAPSHOT]
	at java.util.concurrent.ThreadPoolExecutor.runWorker(ThreadPoolExecutor.java:1149) [?:1.8.0_232]
	at java.util.concurrent.ThreadPoolExecutor$Worker.run(ThreadPoolExecutor.java:624) [?:1.8.0_232]
	at java.lang.Thread.run(Thread.java:748) [?:1.8.0_232]
16:44:18.120 [grpc-default-executor-2] ERROR DNAudit - user=null | ip=null | op=WRITE_CHUNK {blockData=conID: 1 locID: 105260636556623875 bcsId: 10} | ret=FAILURE
org.apache.hadoop.hdds.scm.container.common.helpers.ContainerNotOpenException: Container 1 in CLOSED state
	at org.apache.hadoop.ozone.container.common.impl.HddsDispatcher.validateContainerCommand(HddsDispatcher.java:484) ~[hadoop-hdds-container-service-1.1.0-SNAPSHOT.jar:?]
	at org.apache.hadoop.ozone.container.common.transport.server.ratis.ContainerStateMachine.startTransaction(ContainerStateMachine.java:319) ~[hadoop-hdds-container-service-1.1.0-SNAPSHOT.jar:?]
	at org.apache.ratis.server.impl.RaftServerImpl.submitClientRequestAsync(RaftServerImpl.java:723) ~[ratis-server-1.1.0-913f5a4-SNAPSHOT.jar:1.1.0-913f5a4-SNAPSHOT]
	at org.apache.ratis.server.impl.RaftServerProxy.lambda$submitClientRequestAsync$7(RaftServerProxy.java:364) ~[ratis-server-1.1.0-913f5a4-SNAPSHOT.jar:1.1.0-913f5a4-SNAPSHOT]
	at org.apache.ratis.server.impl.RaftServerProxy.lambda$null$5(RaftServerProxy.java:359) ~[ratis-server-1.1.0-913f5a4-SNAPSHOT.jar:1.1.0-913f5a4-SNAPSHOT]
	at org.apache.ratis.util.JavaUtils.callAsUnchecked(JavaUtils.java:116) ~[ratis-common-1.1.0-913f5a4-SNAPSHOT.jar:1.1.0-913f5a4-SNAPSHOT]
	at org.apache.ratis.server.impl.RaftServerProxy.lambda$submitRequest$6(RaftServerProxy.java:359) ~[ratis-server-1.1.0-913f5a4-SNAPSHOT.jar:1.1.0-913f5a4-SNAPSHOT]
	at java.util.concurrent.CompletableFuture.uniComposeStage(CompletableFuture.java:995) ~[?:1.8.0_232]
	at java.util.concurrent.CompletableFuture.thenCompose(CompletableFuture.java:2137) ~[?:1.8.0_232]
	at org.apache.ratis.server.impl.RaftServerProxy.submitRequest(RaftServerProxy.java:358) ~[ratis-server-1.1.0-913f5a4-SNAPSHOT.jar:1.1.0-913f5a4-SNAPSHOT]
	at org.apache.ratis.server.impl.RaftServerProxy.submitClientRequestAsync(RaftServerProxy.java:364) ~[ratis-server-1.1.0-913f5a4-SNAPSHOT.jar:1.1.0-913f5a4-SNAPSHOT]
	at org.apache.ratis.grpc.client.GrpcClientProtocolService$RequestStreamObserver.processClientRequest(GrpcClientProtocolService.java:231) ~[ratis-grpc-1.1.0-913f5a4-SNAPSHOT.jar:1.1.0-913f5a4-SNAPSHOT]
	at org.apache.ratis.grpc.client.GrpcClientProtocolService$OrderedRequestStreamObserver.processClientRequest(GrpcClientProtocolService.java:337) ~[ratis-grpc-1.1.0-913f5a4-SNAPSHOT.jar:1.1.0-913f5a4-SNAPSHOT]
	at org.apache.ratis.util.SlidingWindow$Server.processRequestsFromHead(SlidingWindow.java:429) [ratis-common-1.1.0-913f5a4-SNAPSHOT.jar:1.1.0-913f5a4-SNAPSHOT]
	at org.apache.ratis.util.SlidingWindow$Server.receivedRequest(SlidingWindow.java:421) [ratis-common-1.1.0-913f5a4-SNAPSHOT.jar:1.1.0-913f5a4-SNAPSHOT]
	at org.apache.ratis.grpc.client.GrpcClientProtocolService$OrderedRequestStreamObserver.processClientRequest(GrpcClientProtocolService.java:361) [ratis-grpc-1.1.0-913f5a4-SNAPSHOT.jar:1.1.0-913f5a4-SNAPSHOT]
	at org.apache.ratis.grpc.client.GrpcClientProtocolService$RequestStreamObserver.onNext(GrpcClientProtocolService.java:251) [ratis-grpc-1.1.0-913f5a4-SNAPSHOT.jar:1.1.0-913f5a4-SNAPSHOT]
	at org.apache.ratis.grpc.client.GrpcClientProtocolService$RequestStreamObserver.onNext(GrpcClientProtocolService.java:174) [ratis-grpc-1.1.0-913f5a4-SNAPSHOT.jar:1.1.0-913f5a4-SNAPSHOT]
	at org.apache.ratis.thirdparty.io.grpc.stub.ServerCalls$StreamingServerCallHandler$StreamingServerCallListener.onMessage(ServerCalls.java:251) [ratis-thirdparty-misc-0.6.0-SNAPSHOT.jar:0.6.0-SNAPSHOT]
	at org.apache.ratis.thirdparty.io.grpc.ForwardingServerCallListener.onMessage(ForwardingServerCallListener.java:33) [ratis-thirdparty-misc-0.6.0-SNAPSHOT.jar:0.6.0-SNAPSHOT]
	at org.apache.ratis.thirdparty.io.grpc.internal.ServerCallImpl$ServerStreamListenerImpl.messagesAvailableInternal(ServerCallImpl.java:309) [ratis-thirdparty-misc-0.6.0-SNAPSHOT.jar:0.6.0-SNAPSHOT]
	at org.apache.ratis.thirdparty.io.grpc.internal.ServerCallImpl$ServerStreamListenerImpl.messagesAvailable(ServerCallImpl.java:292) [ratis-thirdparty-misc-0.6.0-SNAPSHOT.jar:0.6.0-SNAPSHOT]
	at org.apache.ratis.thirdparty.io.grpc.internal.ServerImpl$JumpToApplicationThreadServerStreamListener$1MessagesAvailable.runInContext(ServerImpl.java:783) [ratis-thirdparty-misc-0.6.0-SNAPSHOT.jar:0.6.0-SNAPSHOT]
	at org.apache.ratis.thirdparty.io.grpc.internal.ContextRunnable.run(ContextRunnable.java:37) [ratis-thirdparty-misc-0.6.0-SNAPSHOT.jar:0.6.0-SNAPSHOT]
	at org.apache.ratis.thirdparty.io.grpc.internal.SerializingExecutor.run(SerializingExecutor.java:123) [ratis-thirdparty-misc-0.6.0-SNAPSHOT.jar:0.6.0-SNAPSHOT]
	at java.util.concurrent.ThreadPoolExecutor.runWorker(ThreadPoolExecutor.java:1149) [?:1.8.0_232]
	at java.util.concurrent.ThreadPoolExecutor$Worker.run(ThreadPoolExecutor.java:624) [?:1.8.0_232]
	at java.lang.Thread.run(Thread.java:748) [?:1.8.0_232]
2020-11-23 16:44:18,142 [grpc-default-executor-1] ERROR storage.BlockOutputStream (BlockOutputStream.java:lambda$writeChunkToContainer$3(677)) - writing chunk failed 105260636556623875_chunk_5 blockID conID: 1 locID: 105260636556623875 bcsId: 10 with exception org.apache.ratis.protocol.exceptions.StateMachineException: org.apache.hadoop.hdds.scm.container.common.helpers.ContainerNotOpenException from Server 2001b4ac-07b6-4cea-a1f1-ff1d200545db@group-30E16C36EFC1: Container 1 in CLOSED state
2020-11-23 16:44:18,152 [grpc-default-executor-1] ERROR storage.BlockOutputStream (BlockOutputStream.java:lambda$writeChunkToContainer$3(677)) - writing chunk failed 105260636556623875_chunk_6 blockID conID: 1 locID: 105260636556623875 bcsId: 10 with exception org.apache.ratis.protocol.exceptions.StateMachineException: org.apache.hadoop.hdds.scm.container.common.helpers.ContainerNotOpenException from Server 2001b4ac-07b6-4cea-a1f1-ff1d200545db@group-30E16C36EFC1: Container 1 in CLOSED state
16:44:18.158 [grpc-default-executor-2] ERROR DNAudit - user=null | ip=null | op=PUT_BLOCK {blockData=[blockId=conID: 1 locID: 105260636556623875 bcsId: 0,size=600]} | ret=FAILURE
org.apache.hadoop.hdds.scm.container.common.helpers.ContainerNotOpenException: Container 1 in CLOSED state
	at org.apache.hadoop.ozone.container.common.impl.HddsDispatcher.validateContainerCommand(HddsDispatcher.java:484) ~[hadoop-hdds-container-service-1.1.0-SNAPSHOT.jar:?]
	at org.apache.hadoop.ozone.container.common.transport.server.ratis.ContainerStateMachine.startTransaction(ContainerStateMachine.java:319) ~[hadoop-hdds-container-service-1.1.0-SNAPSHOT.jar:?]
	at org.apache.ratis.server.impl.RaftServerImpl.submitClientRequestAsync(RaftServerImpl.java:723) ~[ratis-server-1.1.0-913f5a4-SNAPSHOT.jar:1.1.0-913f5a4-SNAPSHOT]
	at org.apache.ratis.server.impl.RaftServerProxy.lambda$submitClientRequestAsync$7(RaftServerProxy.java:364) ~[ratis-server-1.1.0-913f5a4-SNAPSHOT.jar:1.1.0-913f5a4-SNAPSHOT]
	at org.apache.ratis.server.impl.RaftServerProxy.lambda$null$5(RaftServerProxy.java:359) ~[ratis-server-1.1.0-913f5a4-SNAPSHOT.jar:1.1.0-913f5a4-SNAPSHOT]
	at org.apache.ratis.util.JavaUtils.callAsUnchecked(JavaUtils.java:116) ~[ratis-common-1.1.0-913f5a4-SNAPSHOT.jar:1.1.0-913f5a4-SNAPSHOT]
	at org.apache.ratis.server.impl.RaftServerProxy.lambda$submitRequest$6(RaftServerProxy.java:359) ~[ratis-server-1.1.0-913f5a4-SNAPSHOT.jar:1.1.0-913f5a4-SNAPSHOT]
	at java.util.concurrent.CompletableFuture.uniComposeStage(CompletableFuture.java:995) ~[?:1.8.0_232]
	at java.util.concurrent.CompletableFuture.thenCompose(CompletableFuture.java:2137) ~[?:1.8.0_232]
	at org.apache.ratis.server.impl.RaftServerProxy.submitRequest(RaftServerProxy.java:358) ~[ratis-server-1.1.0-913f5a4-SNAPSHOT.jar:1.1.0-913f5a4-SNAPSHOT]
	at org.apache.ratis.server.impl.RaftServerProxy.submitClientRequestAsync(RaftServerProxy.java:364) ~[ratis-server-1.1.0-913f5a4-SNAPSHOT.jar:1.1.0-913f5a4-SNAPSHOT]
	at org.apache.ratis.grpc.client.GrpcClientProtocolService$RequestStreamObserver.processClientRequest(GrpcClientProtocolService.java:231) ~[ratis-grpc-1.1.0-913f5a4-SNAPSHOT.jar:1.1.0-913f5a4-SNAPSHOT]
	at org.apache.ratis.grpc.client.GrpcClientProtocolService$OrderedRequestStreamObserver.processClientRequest(GrpcClientProtocolService.java:337) ~[ratis-grpc-1.1.0-913f5a4-SNAPSHOT.jar:1.1.0-913f5a4-SNAPSHOT]
	at org.apache.ratis.util.SlidingWindow$Server.processRequestsFromHead(SlidingWindow.java:429) [ratis-common-1.1.0-913f5a4-SNAPSHOT.jar:1.1.0-913f5a4-SNAPSHOT]
	at org.apache.ratis.util.SlidingWindow$Server.receivedRequest(SlidingWindow.java:421) [ratis-common-1.1.0-913f5a4-SNAPSHOT.jar:1.1.0-913f5a4-SNAPSHOT]
	at org.apache.ratis.grpc.client.GrpcClientProtocolService$OrderedRequestStreamObserver.processClientRequest(GrpcClientProtocolService.java:361) [ratis-grpc-1.1.0-913f5a4-SNAPSHOT.jar:1.1.0-913f5a4-SNAPSHOT]
	at org.apache.ratis.grpc.client.GrpcClientProtocolService$RequestStreamObserver.onNext(GrpcClientProtocolService.java:251) [ratis-grpc-1.1.0-913f5a4-SNAPSHOT.jar:1.1.0-913f5a4-SNAPSHOT]
	at org.apache.ratis.grpc.client.GrpcClientProtocolService$RequestStreamObserver.onNext(GrpcClientProtocolService.java:174) [ratis-grpc-1.1.0-913f5a4-SNAPSHOT.jar:1.1.0-913f5a4-SNAPSHOT]
	at org.apache.ratis.thirdparty.io.grpc.stub.ServerCalls$StreamingServerCallHandler$StreamingServerCallListener.onMessage(ServerCalls.java:251) [ratis-thirdparty-misc-0.6.0-SNAPSHOT.jar:0.6.0-SNAPSHOT]
	at org.apache.ratis.thirdparty.io.grpc.ForwardingServerCallListener.onMessage(ForwardingServerCallListener.java:33) [ratis-thirdparty-misc-0.6.0-SNAPSHOT.jar:0.6.0-SNAPSHOT]
	at org.apache.ratis.thirdparty.io.grpc.internal.ServerCallImpl$ServerStreamListenerImpl.messagesAvailableInternal(ServerCallImpl.java:309) [ratis-thirdparty-misc-0.6.0-SNAPSHOT.jar:0.6.0-SNAPSHOT]
	at org.apache.ratis.thirdparty.io.grpc.internal.ServerCallImpl$ServerStreamListenerImpl.messagesAvailable(ServerCallImpl.java:292) [ratis-thirdparty-misc-0.6.0-SNAPSHOT.jar:0.6.0-SNAPSHOT]
	at org.apache.ratis.thirdparty.io.grpc.internal.ServerImpl$JumpToApplicationThreadServerStreamListener$1MessagesAvailable.runInContext(ServerImpl.java:783) [ratis-thirdparty-misc-0.6.0-SNAPSHOT.jar:0.6.0-SNAPSHOT]
	at org.apache.ratis.thirdparty.io.grpc.internal.ContextRunnable.run(ContextRunnable.java:37) [ratis-thirdparty-misc-0.6.0-SNAPSHOT.jar:0.6.0-SNAPSHOT]
	at org.apache.ratis.thirdparty.io.grpc.internal.SerializingExecutor.run(SerializingExecutor.java:123) [ratis-thirdparty-misc-0.6.0-SNAPSHOT.jar:0.6.0-SNAPSHOT]
	at java.util.concurrent.ThreadPoolExecutor.runWorker(ThreadPoolExecutor.java:1149) [?:1.8.0_232]
	at java.util.concurrent.ThreadPoolExecutor$Worker.run(ThreadPoolExecutor.java:624) [?:1.8.0_232]
	at java.lang.Thread.run(Thread.java:748) [?:1.8.0_232]
16:44:18.163 [grpc-default-executor-2] ERROR DNAudit - user=null | ip=null | op=WRITE_CHUNK {blockData=conID: 1 locID: 105260636556623875 bcsId: 10} | ret=FAILURE
org.apache.hadoop.hdds.scm.container.common.helpers.ContainerNotOpenException: Container 1 in CLOSED state
	at org.apache.hadoop.ozone.container.common.impl.HddsDispatcher.validateContainerCommand(HddsDispatcher.java:484) ~[hadoop-hdds-container-service-1.1.0-SNAPSHOT.jar:?]
	at org.apache.hadoop.ozone.container.common.transport.server.ratis.ContainerStateMachine.startTransaction(ContainerStateMachine.java:319) ~[hadoop-hdds-container-service-1.1.0-SNAPSHOT.jar:?]
	at org.apache.ratis.server.impl.RaftServerImpl.submitClientRequestAsync(RaftServerImpl.java:723) ~[ratis-server-1.1.0-913f5a4-SNAPSHOT.jar:1.1.0-913f5a4-SNAPSHOT]
	at org.apache.ratis.server.impl.RaftServerProxy.lambda$submitClientRequestAsync$7(RaftServerProxy.java:364) ~[ratis-server-1.1.0-913f5a4-SNAPSHOT.jar:1.1.0-913f5a4-SNAPSHOT]
	at org.apache.ratis.server.impl.RaftServerProxy.lambda$null$5(RaftServerProxy.java:359) ~[ratis-server-1.1.0-913f5a4-SNAPSHOT.jar:1.1.0-913f5a4-SNAPSHOT]
	at org.apache.ratis.util.JavaUtils.callAsUnchecked(JavaUtils.java:116) ~[ratis-common-1.1.0-913f5a4-SNAPSHOT.jar:1.1.0-913f5a4-SNAPSHOT]
	at org.apache.ratis.server.impl.RaftServerProxy.lambda$submitRequest$6(RaftServerProxy.java:359) ~[ratis-server-1.1.0-913f5a4-SNAPSHOT.jar:1.1.0-913f5a4-SNAPSHOT]
	at java.util.concurrent.CompletableFuture.uniComposeStage(CompletableFuture.java:995) ~[?:1.8.0_232]
	at java.util.concurrent.CompletableFuture.thenCompose(CompletableFuture.java:2137) ~[?:1.8.0_232]
	at org.apache.ratis.server.impl.RaftServerProxy.submitRequest(RaftServerProxy.java:358) ~[ratis-server-1.1.0-913f5a4-SNAPSHOT.jar:1.1.0-913f5a4-SNAPSHOT]
	at org.apache.ratis.server.impl.RaftServerProxy.submitClientRequestAsync(RaftServerProxy.java:364) ~[ratis-server-1.1.0-913f5a4-SNAPSHOT.jar:1.1.0-913f5a4-SNAPSHOT]
	at org.apache.ratis.grpc.client.GrpcClientProtocolService$RequestStreamObserver.processClientRequest(GrpcClientProtocolService.java:231) ~[ratis-grpc-1.1.0-913f5a4-SNAPSHOT.jar:1.1.0-913f5a4-SNAPSHOT]
	at org.apache.ratis.grpc.client.GrpcClientProtocolService$OrderedRequestStreamObserver.processClientRequest(GrpcClientProtocolService.java:337) ~[ratis-grpc-1.1.0-913f5a4-SNAPSHOT.jar:1.1.0-913f5a4-SNAPSHOT]
	at org.apache.ratis.util.SlidingWindow$Server.processRequestsFromHead(SlidingWindow.java:429) [ratis-common-1.1.0-913f5a4-SNAPSHOT.jar:1.1.0-913f5a4-SNAPSHOT]
	at org.apache.ratis.util.SlidingWindow$Server.receivedRequest(SlidingWindow.java:421) [ratis-common-1.1.0-913f5a4-SNAPSHOT.jar:1.1.0-913f5a4-SNAPSHOT]
	at org.apache.ratis.grpc.client.GrpcClientProtocolService$OrderedRequestStreamObserver.processClientRequest(GrpcClientProtocolService.java:361) [ratis-grpc-1.1.0-913f5a4-SNAPSHOT.jar:1.1.0-913f5a4-SNAPSHOT]
	at org.apache.ratis.grpc.client.GrpcClientProtocolService$RequestStreamObserver.onNext(GrpcClientProtocolService.java:251) [ratis-grpc-1.1.0-913f5a4-SNAPSHOT.jar:1.1.0-913f5a4-SNAPSHOT]
	at org.apache.ratis.grpc.client.GrpcClientProtocolService$RequestStreamObserver.onNext(GrpcClientProtocolService.java:174) [ratis-grpc-1.1.0-913f5a4-SNAPSHOT.jar:1.1.0-913f5a4-SNAPSHOT]
	at org.apache.ratis.thirdparty.io.grpc.stub.ServerCalls$StreamingServerCallHandler$StreamingServerCallListener.onMessage(ServerCalls.java:251) [ratis-thirdparty-misc-0.6.0-SNAPSHOT.jar:0.6.0-SNAPSHOT]
	at org.apache.ratis.thirdparty.io.grpc.ForwardingServerCallListener.onMessage(ForwardingServerCallListener.java:33) [ratis-thirdparty-misc-0.6.0-SNAPSHOT.jar:0.6.0-SNAPSHOT]
	at org.apache.ratis.thirdparty.io.grpc.internal.ServerCallImpl$ServerStreamListenerImpl.messagesAvailableInternal(ServerCallImpl.java:309) [ratis-thirdparty-misc-0.6.0-SNAPSHOT.jar:0.6.0-SNAPSHOT]
	at org.apache.ratis.thirdparty.io.grpc.internal.ServerCallImpl$ServerStreamListenerImpl.messagesAvailable(ServerCallImpl.java:292) [ratis-thirdparty-misc-0.6.0-SNAPSHOT.jar:0.6.0-SNAPSHOT]
	at org.apache.ratis.thirdparty.io.grpc.internal.ServerImpl$JumpToApplicationThreadServerStreamListener$1MessagesAvailable.runInContext(ServerImpl.java:783) [ratis-thirdparty-misc-0.6.0-SNAPSHOT.jar:0.6.0-SNAPSHOT]
	at org.apache.ratis.thirdparty.io.grpc.internal.ContextRunnable.run(ContextRunnable.java:37) [ratis-thirdparty-misc-0.6.0-SNAPSHOT.jar:0.6.0-SNAPSHOT]
	at org.apache.ratis.thirdparty.io.grpc.internal.SerializingExecutor.run(SerializingExecutor.java:123) [ratis-thirdparty-misc-0.6.0-SNAPSHOT.jar:0.6.0-SNAPSHOT]
	at java.util.concurrent.ThreadPoolExecutor.runWorker(ThreadPoolExecutor.java:1149) [?:1.8.0_232]
	at java.util.concurrent.ThreadPoolExecutor$Worker.run(ThreadPoolExecutor.java:624) [?:1.8.0_232]
	at java.lang.Thread.run(Thread.java:748) [?:1.8.0_232]
16:44:18.165 [grpc-default-executor-2] ERROR DNAudit - user=null | ip=null | op=WRITE_CHUNK {blockData=conID: 1 locID: 105260636556623875 bcsId: 10} | ret=FAILURE
org.apache.hadoop.hdds.scm.container.common.helpers.ContainerNotOpenException: Container 1 in CLOSED state
	at org.apache.hadoop.ozone.container.common.impl.HddsDispatcher.validateContainerCommand(HddsDispatcher.java:484) ~[hadoop-hdds-container-service-1.1.0-SNAPSHOT.jar:?]
	at org.apache.hadoop.ozone.container.common.transport.server.ratis.ContainerStateMachine.startTransaction(ContainerStateMachine.java:319) ~[hadoop-hdds-container-service-1.1.0-SNAPSHOT.jar:?]
	at org.apache.ratis.server.impl.RaftServerImpl.submitClientRequestAsync(RaftServerImpl.java:723) ~[ratis-server-1.1.0-913f5a4-SNAPSHOT.jar:1.1.0-913f5a4-SNAPSHOT]
	at org.apache.ratis.server.impl.RaftServerProxy.lambda$submitClientRequestAsync$7(RaftServerProxy.java:364) ~[ratis-server-1.1.0-913f5a4-SNAPSHOT.jar:1.1.0-913f5a4-SNAPSHOT]
	at org.apache.ratis.server.impl.RaftServerProxy.lambda$null$5(RaftServerProxy.java:359) ~[ratis-server-1.1.0-913f5a4-SNAPSHOT.jar:1.1.0-913f5a4-SNAPSHOT]
	at org.apache.ratis.util.JavaUtils.callAsUnchecked(JavaUtils.java:116) ~[ratis-common-1.1.0-913f5a4-SNAPSHOT.jar:1.1.0-913f5a4-SNAPSHOT]
	at org.apache.ratis.server.impl.RaftServerProxy.lambda$submitRequest$6(RaftServerProxy.java:359) ~[ratis-server-1.1.0-913f5a4-SNAPSHOT.jar:1.1.0-913f5a4-SNAPSHOT]
	at java.util.concurrent.CompletableFuture.uniComposeStage(CompletableFuture.java:995) ~[?:1.8.0_232]
	at java.util.concurrent.CompletableFuture.thenCompose(CompletableFuture.java:2137) ~[?:1.8.0_232]
	at org.apache.ratis.server.impl.RaftServerProxy.submitRequest(RaftServerProxy.java:358) ~[ratis-server-1.1.0-913f5a4-SNAPSHOT.jar:1.1.0-913f5a4-SNAPSHOT]
	at org.apache.ratis.server.impl.RaftServerProxy.submitClientRequestAsync(RaftServerProxy.java:364) ~[ratis-server-1.1.0-913f5a4-SNAPSHOT.jar:1.1.0-913f5a4-SNAPSHOT]
	at org.apache.ratis.grpc.client.GrpcClientProtocolService$RequestStreamObserver.processClientRequest(GrpcClientProtocolService.java:231) ~[ratis-grpc-1.1.0-913f5a4-SNAPSHOT.jar:1.1.0-913f5a4-SNAPSHOT]
	at org.apache.ratis.grpc.client.GrpcClientProtocolService$OrderedRequestStreamObserver.processClientRequest(GrpcClientProtocolService.java:337) ~[ratis-grpc-1.1.0-913f5a4-SNAPSHOT.jar:1.1.0-913f5a4-SNAPSHOT]
	at org.apache.ratis.util.SlidingWindow$Server.processRequestsFromHead(SlidingWindow.java:429) [ratis-common-1.1.0-913f5a4-SNAPSHOT.jar:1.1.0-913f5a4-SNAPSHOT]
	at org.apache.ratis.util.SlidingWindow$Server.receivedRequest(SlidingWindow.java:421) [ratis-common-1.1.0-913f5a4-SNAPSHOT.jar:1.1.0-913f5a4-SNAPSHOT]
	at org.apache.ratis.grpc.client.GrpcClientProtocolService$OrderedRequestStreamObserver.processClientRequest(GrpcClientProtocolService.java:361) [ratis-grpc-1.1.0-913f5a4-SNAPSHOT.jar:1.1.0-913f5a4-SNAPSHOT]
	at org.apache.ratis.grpc.client.GrpcClientProtocolService$RequestStreamObserver.onNext(GrpcClientProtocolService.java:251) [ratis-grpc-1.1.0-913f5a4-SNAPSHOT.jar:1.1.0-913f5a4-SNAPSHOT]
	at org.apache.ratis.grpc.client.GrpcClientProtocolService$RequestStreamObserver.onNext(GrpcClientProtocolService.java:174) [ratis-grpc-1.1.0-913f5a4-SNAPSHOT.jar:1.1.0-913f5a4-SNAPSHOT]
	at org.apache.ratis.thirdparty.io.grpc.stub.ServerCalls$StreamingServerCallHandler$StreamingServerCallListener.onMessage(ServerCalls.java:251) [ratis-thirdparty-misc-0.6.0-SNAPSHOT.jar:0.6.0-SNAPSHOT]
	at org.apache.ratis.thirdparty.io.grpc.ForwardingServerCallListener.onMessage(ForwardingServerCallListener.java:33) [ratis-thirdparty-misc-0.6.0-SNAPSHOT.jar:0.6.0-SNAPSHOT]
	at org.apache.ratis.thirdparty.io.grpc.internal.ServerCallImpl$ServerStreamListenerImpl.messagesAvailableInternal(ServerCallImpl.java:309) [ratis-thirdparty-misc-0.6.0-SNAPSHOT.jar:0.6.0-SNAPSHOT]
	at org.apache.ratis.thirdparty.io.grpc.internal.ServerCallImpl$ServerStreamListenerImpl.messagesAvailable(ServerCallImpl.java:292) [ratis-thirdparty-misc-0.6.0-SNAPSHOT.jar:0.6.0-SNAPSHOT]
	at org.apache.ratis.thirdparty.io.grpc.internal.ServerImpl$JumpToApplicationThreadServerStreamListener$1MessagesAvailable.runInContext(ServerImpl.java:783) [ratis-thirdparty-misc-0.6.0-SNAPSHOT.jar:0.6.0-SNAPSHOT]
	at org.apache.ratis.thirdparty.io.grpc.internal.ContextRunnable.run(ContextRunnable.java:37) [ratis-thirdparty-misc-0.6.0-SNAPSHOT.jar:0.6.0-SNAPSHOT]
	at org.apache.ratis.thirdparty.io.grpc.internal.SerializingExecutor.run(SerializingExecutor.java:123) [ratis-thirdparty-misc-0.6.0-SNAPSHOT.jar:0.6.0-SNAPSHOT]
	at java.util.concurrent.ThreadPoolExecutor.runWorker(ThreadPoolExecutor.java:1149) [?:1.8.0_232]
	at java.util.concurrent.ThreadPoolExecutor$Worker.run(ThreadPoolExecutor.java:624) [?:1.8.0_232]
	at java.lang.Thread.run(Thread.java:748) [?:1.8.0_232]
16:44:18.175 [grpc-default-executor-2] ERROR DNAudit - user=null | ip=null | op=PUT_BLOCK {blockData=[blockId=conID: 1 locID: 105260636556623875 bcsId: 0,size=800]} | ret=FAILURE
org.apache.hadoop.hdds.scm.container.common.helpers.ContainerNotOpenException: Container 1 in CLOSED state
	at org.apache.hadoop.ozone.container.common.impl.HddsDispatcher.validateContainerCommand(HddsDispatcher.java:484) ~[hadoop-hdds-container-service-1.1.0-SNAPSHOT.jar:?]
	at org.apache.hadoop.ozone.container.common.transport.server.ratis.ContainerStateMachine.startTransaction(ContainerStateMachine.java:319) ~[hadoop-hdds-container-service-1.1.0-SNAPSHOT.jar:?]
	at org.apache.ratis.server.impl.RaftServerImpl.submitClientRequestAsync(RaftServerImpl.java:723) ~[ratis-server-1.1.0-913f5a4-SNAPSHOT.jar:1.1.0-913f5a4-SNAPSHOT]
	at org.apache.ratis.server.impl.RaftServerProxy.lambda$submitClientRequestAsync$7(RaftServerProxy.java:364) ~[ratis-server-1.1.0-913f5a4-SNAPSHOT.jar:1.1.0-913f5a4-SNAPSHOT]
	at org.apache.ratis.server.impl.RaftServerProxy.lambda$null$5(RaftServerProxy.java:359) ~[ratis-server-1.1.0-913f5a4-SNAPSHOT.jar:1.1.0-913f5a4-SNAPSHOT]
	at org.apache.ratis.util.JavaUtils.callAsUnchecked(JavaUtils.java:116) ~[ratis-common-1.1.0-913f5a4-SNAPSHOT.jar:1.1.0-913f5a4-SNAPSHOT]
	at org.apache.ratis.server.impl.RaftServerProxy.lambda$submitRequest$6(RaftServerProxy.java:359) ~[ratis-server-1.1.0-913f5a4-SNAPSHOT.jar:1.1.0-913f5a4-SNAPSHOT]
	at java.util.concurrent.CompletableFuture.uniComposeStage(CompletableFuture.java:995) ~[?:1.8.0_232]
	at java.util.concurrent.CompletableFuture.thenCompose(CompletableFuture.java:2137) ~[?:1.8.0_232]
	at org.apache.ratis.server.impl.RaftServerProxy.submitRequest(RaftServerProxy.java:358) ~[ratis-server-1.1.0-913f5a4-SNAPSHOT.jar:1.1.0-913f5a4-SNAPSHOT]
	at org.apache.ratis.server.impl.RaftServerProxy.submitClientRequestAsync(RaftServerProxy.java:364) ~[ratis-server-1.1.0-913f5a4-SNAPSHOT.jar:1.1.0-913f5a4-SNAPSHOT]
	at org.apache.ratis.grpc.client.GrpcClientProtocolService$RequestStreamObserver.processClientRequest(GrpcClientProtocolService.java:231) ~[ratis-grpc-1.1.0-913f5a4-SNAPSHOT.jar:1.1.0-913f5a4-SNAPSHOT]
	at org.apache.ratis.grpc.client.GrpcClientProtocolService$OrderedRequestStreamObserver.processClientRequest(GrpcClientProtocolService.java:337) ~[ratis-grpc-1.1.0-913f5a4-SNAPSHOT.jar:1.1.0-913f5a4-SNAPSHOT]
	at org.apache.ratis.util.SlidingWindow$Server.processRequestsFromHead(SlidingWindow.java:429) [ratis-common-1.1.0-913f5a4-SNAPSHOT.jar:1.1.0-913f5a4-SNAPSHOT]
	at org.apache.ratis.util.SlidingWindow$Server.receivedRequest(SlidingWindow.java:421) [ratis-common-1.1.0-913f5a4-SNAPSHOT.jar:1.1.0-913f5a4-SNAPSHOT]
	at org.apache.ratis.grpc.client.GrpcClientProtocolService$OrderedRequestStreamObserver.processClientRequest(GrpcClientProtocolService.java:361) [ratis-grpc-1.1.0-913f5a4-SNAPSHOT.jar:1.1.0-913f5a4-SNAPSHOT]
	at org.apache.ratis.grpc.client.GrpcClientProtocolService$RequestStreamObserver.onNext(GrpcClientProtocolService.java:251) [ratis-grpc-1.1.0-913f5a4-SNAPSHOT.jar:1.1.0-913f5a4-SNAPSHOT]
	at org.apache.ratis.grpc.client.GrpcClientProtocolService$RequestStreamObserver.onNext(GrpcClientProtocolService.java:174) [ratis-grpc-1.1.0-913f5a4-SNAPSHOT.jar:1.1.0-913f5a4-SNAPSHOT]
	at org.apache.ratis.thirdparty.io.grpc.stub.ServerCalls$StreamingServerCallHandler$StreamingServerCallListener.onMessage(ServerCalls.java:251) [ratis-thirdparty-misc-0.6.0-SNAPSHOT.jar:0.6.0-SNAPSHOT]
	at org.apache.ratis.thirdparty.io.grpc.ForwardingServerCallListener.onMessage(ForwardingServerCallListener.java:33) [ratis-thirdparty-misc-0.6.0-SNAPSHOT.jar:0.6.0-SNAPSHOT]
	at org.apache.ratis.thirdparty.io.grpc.internal.ServerCallImpl$ServerStreamListenerImpl.messagesAvailableInternal(ServerCallImpl.java:309) [ratis-thirdparty-misc-0.6.0-SNAPSHOT.jar:0.6.0-SNAPSHOT]
	at org.apache.ratis.thirdparty.io.grpc.internal.ServerCallImpl$ServerStreamListenerImpl.messagesAvailable(ServerCallImpl.java:292) [ratis-thirdparty-misc-0.6.0-SNAPSHOT.jar:0.6.0-SNAPSHOT]
	at org.apache.ratis.thirdparty.io.grpc.internal.ServerImpl$JumpToApplicationThreadServerStreamListener$1MessagesAvailable.runInContext(ServerImpl.java:783) [ratis-thirdparty-misc-0.6.0-SNAPSHOT.jar:0.6.0-SNAPSHOT]
	at org.apache.ratis.thirdparty.io.grpc.internal.ContextRunnable.run(ContextRunnable.java:37) [ratis-thirdparty-misc-0.6.0-SNAPSHOT.jar:0.6.0-SNAPSHOT]
	at org.apache.ratis.thirdparty.io.grpc.internal.SerializingExecutor.run(SerializingExecutor.java:123) [ratis-thirdparty-misc-0.6.0-SNAPSHOT.jar:0.6.0-SNAPSHOT]
	at java.util.concurrent.ThreadPoolExecutor.runWorker(ThreadPoolExecutor.java:1149) [?:1.8.0_232]
	at java.util.concurrent.ThreadPoolExecutor$Worker.run(ThreadPoolExecutor.java:624) [?:1.8.0_232]
	at java.lang.Thread.run(Thread.java:748) [?:1.8.0_232]
2020-11-23 16:44:18,186 [grpc-default-executor-2] ERROR storage.BlockOutputStream (BlockOutputStream.java:lambda$writeChunkToContainer$3(677)) - writing chunk failed 105260636556623875_chunk_7 blockID conID: 1 locID: 105260636556623875 bcsId: 10 with exception org.apache.ratis.protocol.exceptions.StateMachineException: org.apache.hadoop.hdds.scm.container.common.helpers.ContainerNotOpenException from Server 2001b4ac-07b6-4cea-a1f1-ff1d200545db@group-30E16C36EFC1: Container 1 in CLOSED state
2020-11-23 16:44:18,192 [grpc-default-executor-2] ERROR storage.BlockOutputStream (BlockOutputStream.java:lambda$writeChunkToContainer$3(677)) - writing chunk failed 105260636556623875_chunk_8 blockID conID: 1 locID: 105260636556623875 bcsId: 10 with exception org.apache.ratis.protocol.exceptions.StateMachineException: org.apache.hadoop.hdds.scm.container.common.helpers.ContainerNotOpenException from Server 2001b4ac-07b6-4cea-a1f1-ff1d200545db@group-30E16C36EFC1: Container 1 in CLOSED state
16:44:18.208 [grpc-default-executor-2] ERROR DNAudit - user=null | ip=null | op=WRITE_CHUNK {blockData=conID: 2 locID: 105260636556623876 bcsId: 0} | ret=FAILURE
org.apache.hadoop.hdds.scm.container.common.helpers.ContainerNotOpenException: Container 2 in CLOSED state
	at org.apache.hadoop.ozone.container.common.impl.HddsDispatcher.validateContainerCommand(HddsDispatcher.java:484) ~[hadoop-hdds-container-service-1.1.0-SNAPSHOT.jar:?]
	at org.apache.hadoop.ozone.container.common.transport.server.ratis.ContainerStateMachine.startTransaction(ContainerStateMachine.java:319) ~[hadoop-hdds-container-service-1.1.0-SNAPSHOT.jar:?]
	at org.apache.ratis.server.impl.RaftServerImpl.submitClientRequestAsync(RaftServerImpl.java:723) ~[ratis-server-1.1.0-913f5a4-SNAPSHOT.jar:1.1.0-913f5a4-SNAPSHOT]
	at org.apache.ratis.server.impl.RaftServerProxy.lambda$submitClientRequestAsync$7(RaftServerProxy.java:364) ~[ratis-server-1.1.0-913f5a4-SNAPSHOT.jar:1.1.0-913f5a4-SNAPSHOT]
	at org.apache.ratis.server.impl.RaftServerProxy.lambda$null$5(RaftServerProxy.java:359) ~[ratis-server-1.1.0-913f5a4-SNAPSHOT.jar:1.1.0-913f5a4-SNAPSHOT]
	at org.apache.ratis.util.JavaUtils.callAsUnchecked(JavaUtils.java:116) ~[ratis-common-1.1.0-913f5a4-SNAPSHOT.jar:1.1.0-913f5a4-SNAPSHOT]
	at org.apache.ratis.server.impl.RaftServerProxy.lambda$submitRequest$6(RaftServerProxy.java:359) ~[ratis-server-1.1.0-913f5a4-SNAPSHOT.jar:1.1.0-913f5a4-SNAPSHOT]
	at java.util.concurrent.CompletableFuture.uniComposeStage(CompletableFuture.java:995) ~[?:1.8.0_232]
	at java.util.concurrent.CompletableFuture.thenCompose(CompletableFuture.java:2137) ~[?:1.8.0_232]
	at org.apache.ratis.server.impl.RaftServerProxy.submitRequest(RaftServerProxy.java:358) ~[ratis-server-1.1.0-913f5a4-SNAPSHOT.jar:1.1.0-913f5a4-SNAPSHOT]
	at org.apache.ratis.server.impl.RaftServerProxy.submitClientRequestAsync(RaftServerProxy.java:364) ~[ratis-server-1.1.0-913f5a4-SNAPSHOT.jar:1.1.0-913f5a4-SNAPSHOT]
	at org.apache.ratis.grpc.client.GrpcClientProtocolService$RequestStreamObserver.processClientRequest(GrpcClientProtocolService.java:231) ~[ratis-grpc-1.1.0-913f5a4-SNAPSHOT.jar:1.1.0-913f5a4-SNAPSHOT]
	at org.apache.ratis.grpc.client.GrpcClientProtocolService$OrderedRequestStreamObserver.processClientRequest(GrpcClientProtocolService.java:337) ~[ratis-grpc-1.1.0-913f5a4-SNAPSHOT.jar:1.1.0-913f5a4-SNAPSHOT]
	at org.apache.ratis.util.SlidingWindow$Server.processRequestsFromHead(SlidingWindow.java:429) [ratis-common-1.1.0-913f5a4-SNAPSHOT.jar:1.1.0-913f5a4-SNAPSHOT]
	at org.apache.ratis.util.SlidingWindow$Server.receivedRequest(SlidingWindow.java:421) [ratis-common-1.1.0-913f5a4-SNAPSHOT.jar:1.1.0-913f5a4-SNAPSHOT]
	at org.apache.ratis.grpc.client.GrpcClientProtocolService$OrderedRequestStreamObserver.processClientRequest(GrpcClientProtocolService.java:361) [ratis-grpc-1.1.0-913f5a4-SNAPSHOT.jar:1.1.0-913f5a4-SNAPSHOT]
	at org.apache.ratis.grpc.client.GrpcClientProtocolService$RequestStreamObserver.onNext(GrpcClientProtocolService.java:251) [ratis-grpc-1.1.0-913f5a4-SNAPSHOT.jar:1.1.0-913f5a4-SNAPSHOT]
	at org.apache.ratis.grpc.client.GrpcClientProtocolService$RequestStreamObserver.onNext(GrpcClientProtocolService.java:174) [ratis-grpc-1.1.0-913f5a4-SNAPSHOT.jar:1.1.0-913f5a4-SNAPSHOT]
	at org.apache.ratis.thirdparty.io.grpc.stub.ServerCalls$StreamingServerCallHandler$StreamingServerCallListener.onMessage(ServerCalls.java:251) [ratis-thirdparty-misc-0.6.0-SNAPSHOT.jar:0.6.0-SNAPSHOT]
	at org.apache.ratis.thirdparty.io.grpc.ForwardingServerCallListener.onMessage(ForwardingServerCallListener.java:33) [ratis-thirdparty-misc-0.6.0-SNAPSHOT.jar:0.6.0-SNAPSHOT]
	at org.apache.ratis.thirdparty.io.grpc.internal.ServerCallImpl$ServerStreamListenerImpl.messagesAvailableInternal(ServerCallImpl.java:309) [ratis-thirdparty-misc-0.6.0-SNAPSHOT.jar:0.6.0-SNAPSHOT]
	at org.apache.ratis.thirdparty.io.grpc.internal.ServerCallImpl$ServerStreamListenerImpl.messagesAvailable(ServerCallImpl.java:292) [ratis-thirdparty-misc-0.6.0-SNAPSHOT.jar:0.6.0-SNAPSHOT]
	at org.apache.ratis.thirdparty.io.grpc.internal.ServerImpl$JumpToApplicationThreadServerStreamListener$1MessagesAvailable.runInContext(ServerImpl.java:783) [ratis-thirdparty-misc-0.6.0-SNAPSHOT.jar:0.6.0-SNAPSHOT]
	at org.apache.ratis.thirdparty.io.grpc.internal.ContextRunnable.run(ContextRunnable.java:37) [ratis-thirdparty-misc-0.6.0-SNAPSHOT.jar:0.6.0-SNAPSHOT]
	at org.apache.ratis.thirdparty.io.grpc.internal.SerializingExecutor.run(SerializingExecutor.java:123) [ratis-thirdparty-misc-0.6.0-SNAPSHOT.jar:0.6.0-SNAPSHOT]
	at java.util.concurrent.ThreadPoolExecutor.runWorker(ThreadPoolExecutor.java:1149) [?:1.8.0_232]
	at java.util.concurrent.ThreadPoolExecutor$Worker.run(ThreadPoolExecutor.java:624) [?:1.8.0_232]
	at java.lang.Thread.run(Thread.java:748) [?:1.8.0_232]
16:44:18.209 [grpc-default-executor-2] ERROR DNAudit - user=null | ip=null | op=WRITE_CHUNK {blockData=conID: 2 locID: 105260636556623876 bcsId: 0} | ret=FAILURE
org.apache.hadoop.hdds.scm.container.common.helpers.ContainerNotOpenException: Container 2 in CLOSED state
	at org.apache.hadoop.ozone.container.common.impl.HddsDispatcher.validateContainerCommand(HddsDispatcher.java:484) ~[hadoop-hdds-container-service-1.1.0-SNAPSHOT.jar:?]
	at org.apache.hadoop.ozone.container.common.transport.server.ratis.ContainerStateMachine.startTransaction(ContainerStateMachine.java:319) ~[hadoop-hdds-container-service-1.1.0-SNAPSHOT.jar:?]
	at org.apache.ratis.server.impl.RaftServerImpl.submitClientRequestAsync(RaftServerImpl.java:723) ~[ratis-server-1.1.0-913f5a4-SNAPSHOT.jar:1.1.0-913f5a4-SNAPSHOT]
	at org.apache.ratis.server.impl.RaftServerProxy.lambda$submitClientRequestAsync$7(RaftServerProxy.java:364) ~[ratis-server-1.1.0-913f5a4-SNAPSHOT.jar:1.1.0-913f5a4-SNAPSHOT]
	at org.apache.ratis.server.impl.RaftServerProxy.lambda$null$5(RaftServerProxy.java:359) ~[ratis-server-1.1.0-913f5a4-SNAPSHOT.jar:1.1.0-913f5a4-SNAPSHOT]
	at org.apache.ratis.util.JavaUtils.callAsUnchecked(JavaUtils.java:116) ~[ratis-common-1.1.0-913f5a4-SNAPSHOT.jar:1.1.0-913f5a4-SNAPSHOT]
	at org.apache.ratis.server.impl.RaftServerProxy.lambda$submitRequest$6(RaftServerProxy.java:359) ~[ratis-server-1.1.0-913f5a4-SNAPSHOT.jar:1.1.0-913f5a4-SNAPSHOT]
	at java.util.concurrent.CompletableFuture.uniComposeStage(CompletableFuture.java:995) ~[?:1.8.0_232]
	at java.util.concurrent.CompletableFuture.thenCompose(CompletableFuture.java:2137) ~[?:1.8.0_232]
	at org.apache.ratis.server.impl.RaftServerProxy.submitRequest(RaftServerProxy.java:358) ~[ratis-server-1.1.0-913f5a4-SNAPSHOT.jar:1.1.0-913f5a4-SNAPSHOT]
	at org.apache.ratis.server.impl.RaftServerProxy.submitClientRequestAsync(RaftServerProxy.java:364) ~[ratis-server-1.1.0-913f5a4-SNAPSHOT.jar:1.1.0-913f5a4-SNAPSHOT]
	at org.apache.ratis.grpc.client.GrpcClientProtocolService$RequestStreamObserver.processClientRequest(GrpcClientProtocolService.java:231) ~[ratis-grpc-1.1.0-913f5a4-SNAPSHOT.jar:1.1.0-913f5a4-SNAPSHOT]
	at org.apache.ratis.grpc.client.GrpcClientProtocolService$OrderedRequestStreamObserver.processClientRequest(GrpcClientProtocolService.java:337) ~[ratis-grpc-1.1.0-913f5a4-SNAPSHOT.jar:1.1.0-913f5a4-SNAPSHOT]
	at org.apache.ratis.util.SlidingWindow$Server.processRequestsFromHead(SlidingWindow.java:429) [ratis-common-1.1.0-913f5a4-SNAPSHOT.jar:1.1.0-913f5a4-SNAPSHOT]
	at org.apache.ratis.util.SlidingWindow$Server.receivedRequest(SlidingWindow.java:421) [ratis-common-1.1.0-913f5a4-SNAPSHOT.jar:1.1.0-913f5a4-SNAPSHOT]
	at org.apache.ratis.grpc.client.GrpcClientProtocolService$OrderedRequestStreamObserver.processClientRequest(GrpcClientProtocolService.java:361) [ratis-grpc-1.1.0-913f5a4-SNAPSHOT.jar:1.1.0-913f5a4-SNAPSHOT]
	at org.apache.ratis.grpc.client.GrpcClientProtocolService$RequestStreamObserver.onNext(GrpcClientProtocolService.java:251) [ratis-grpc-1.1.0-913f5a4-SNAPSHOT.jar:1.1.0-913f5a4-SNAPSHOT]
	at org.apache.ratis.grpc.client.GrpcClientProtocolService$RequestStreamObserver.onNext(GrpcClientProtocolService.java:174) [ratis-grpc-1.1.0-913f5a4-SNAPSHOT.jar:1.1.0-913f5a4-SNAPSHOT]
	at org.apache.ratis.thirdparty.io.grpc.stub.ServerCalls$StreamingServerCallHandler$StreamingServerCallListener.onMessage(ServerCalls.java:251) [ratis-thirdparty-misc-0.6.0-SNAPSHOT.jar:0.6.0-SNAPSHOT]
	at org.apache.ratis.thirdparty.io.grpc.ForwardingServerCallListener.onMessage(ForwardingServerCallListener.java:33) [ratis-thirdparty-misc-0.6.0-SNAPSHOT.jar:0.6.0-SNAPSHOT]
	at org.apache.ratis.thirdparty.io.grpc.internal.ServerCallImpl$ServerStreamListenerImpl.messagesAvailableInternal(ServerCallImpl.java:309) [ratis-thirdparty-misc-0.6.0-SNAPSHOT.jar:0.6.0-SNAPSHOT]
	at org.apache.ratis.thirdparty.io.grpc.internal.ServerCallImpl$ServerStreamListenerImpl.messagesAvailable(ServerCallImpl.java:292) [ratis-thirdparty-misc-0.6.0-SNAPSHOT.jar:0.6.0-SNAPSHOT]
	at org.apache.ratis.thirdparty.io.grpc.internal.ServerImpl$JumpToApplicationThreadServerStreamListener$1MessagesAvailable.runInContext(ServerImpl.java:783) [ratis-thirdparty-misc-0.6.0-SNAPSHOT.jar:0.6.0-SNAPSHOT]
	at org.apache.ratis.thirdparty.io.grpc.internal.ContextRunnable.run(ContextRunnable.java:37) [ratis-thirdparty-misc-0.6.0-SNAPSHOT.jar:0.6.0-SNAPSHOT]
	at org.apache.ratis.thirdparty.io.grpc.internal.SerializingExecutor.run(SerializingExecutor.java:123) [ratis-thirdparty-misc-0.6.0-SNAPSHOT.jar:0.6.0-SNAPSHOT]
	at java.util.concurrent.ThreadPoolExecutor.runWorker(ThreadPoolExecutor.java:1149) [?:1.8.0_232]
	at java.util.concurrent.ThreadPoolExecutor$Worker.run(ThreadPoolExecutor.java:624) [?:1.8.0_232]
	at java.lang.Thread.run(Thread.java:748) [?:1.8.0_232]
2020-11-23 16:44:18,219 [grpc-default-executor-1] ERROR storage.BlockOutputStream (BlockOutputStream.java:lambda$writeChunkToContainer$3(677)) - writing chunk failed 105260636556623876_chunk_1 blockID conID: 2 locID: 105260636556623876 bcsId: 0 with exception org.apache.ratis.protocol.exceptions.StateMachineException: org.apache.hadoop.hdds.scm.container.common.helpers.ContainerNotOpenException from Server 2001b4ac-07b6-4cea-a1f1-ff1d200545db@group-30E16C36EFC1: Container 2 in CLOSED state
16:44:18.220 [grpc-default-executor-2] ERROR DNAudit - user=null | ip=null | op=PUT_BLOCK {blockData=[blockId=conID: 2 locID: 105260636556623876 bcsId: 0,size=200]} | ret=FAILURE
org.apache.hadoop.hdds.scm.container.common.helpers.ContainerNotOpenException: Container 2 in CLOSED state
	at org.apache.hadoop.ozone.container.common.impl.HddsDispatcher.validateContainerCommand(HddsDispatcher.java:484) ~[hadoop-hdds-container-service-1.1.0-SNAPSHOT.jar:?]
	at org.apache.hadoop.ozone.container.common.transport.server.ratis.ContainerStateMachine.startTransaction(ContainerStateMachine.java:319) ~[hadoop-hdds-container-service-1.1.0-SNAPSHOT.jar:?]
	at org.apache.ratis.server.impl.RaftServerImpl.submitClientRequestAsync(RaftServerImpl.java:723) ~[ratis-server-1.1.0-913f5a4-SNAPSHOT.jar:1.1.0-913f5a4-SNAPSHOT]
	at org.apache.ratis.server.impl.RaftServerProxy.lambda$submitClientRequestAsync$7(RaftServerProxy.java:364) ~[ratis-server-1.1.0-913f5a4-SNAPSHOT.jar:1.1.0-913f5a4-SNAPSHOT]
	at org.apache.ratis.server.impl.RaftServerProxy.lambda$null$5(RaftServerProxy.java:359) ~[ratis-server-1.1.0-913f5a4-SNAPSHOT.jar:1.1.0-913f5a4-SNAPSHOT]
	at org.apache.ratis.util.JavaUtils.callAsUnchecked(JavaUtils.java:116) ~[ratis-common-1.1.0-913f5a4-SNAPSHOT.jar:1.1.0-913f5a4-SNAPSHOT]
	at org.apache.ratis.server.impl.RaftServerProxy.lambda$submitRequest$6(RaftServerProxy.java:359) ~[ratis-server-1.1.0-913f5a4-SNAPSHOT.jar:1.1.0-913f5a4-SNAPSHOT]
	at java.util.concurrent.CompletableFuture.uniComposeStage(CompletableFuture.java:995) ~[?:1.8.0_232]
	at java.util.concurrent.CompletableFuture.thenCompose(CompletableFuture.java:2137) ~[?:1.8.0_232]
	at org.apache.ratis.server.impl.RaftServerProxy.submitRequest(RaftServerProxy.java:358) ~[ratis-server-1.1.0-913f5a4-SNAPSHOT.jar:1.1.0-913f5a4-SNAPSHOT]
	at org.apache.ratis.server.impl.RaftServerProxy.submitClientRequestAsync(RaftServerProxy.java:364) ~[ratis-server-1.1.0-913f5a4-SNAPSHOT.jar:1.1.0-913f5a4-SNAPSHOT]
	at org.apache.ratis.grpc.client.GrpcClientProtocolService$RequestStreamObserver.processClientRequest(GrpcClientProtocolService.java:231) ~[ratis-grpc-1.1.0-913f5a4-SNAPSHOT.jar:1.1.0-913f5a4-SNAPSHOT]
	at org.apache.ratis.grpc.client.GrpcClientProtocolService$OrderedRequestStreamObserver.processClientRequest(GrpcClientProtocolService.java:337) ~[ratis-grpc-1.1.0-913f5a4-SNAPSHOT.jar:1.1.0-913f5a4-SNAPSHOT]
	at org.apache.ratis.util.SlidingWindow$Server.processRequestsFromHead(SlidingWindow.java:429) [ratis-common-1.1.0-913f5a4-SNAPSHOT.jar:1.1.0-913f5a4-SNAPSHOT]
	at org.apache.ratis.util.SlidingWindow$Server.receivedRequest(SlidingWindow.java:421) [ratis-common-1.1.0-913f5a4-SNAPSHOT.jar:1.1.0-913f5a4-SNAPSHOT]
	at org.apache.ratis.grpc.client.GrpcClientProtocolService$OrderedRequestStreamObserver.processClientRequest(GrpcClientProtocolService.java:361) [ratis-grpc-1.1.0-913f5a4-SNAPSHOT.jar:1.1.0-913f5a4-SNAPSHOT]
	at org.apache.ratis.grpc.client.GrpcClientProtocolService$RequestStreamObserver.onNext(GrpcClientProtocolService.java:251) [ratis-grpc-1.1.0-913f5a4-SNAPSHOT.jar:1.1.0-913f5a4-SNAPSHOT]
	at org.apache.ratis.grpc.client.GrpcClientProtocolService$RequestStreamObserver.onNext(GrpcClientProtocolService.java:174) [ratis-grpc-1.1.0-913f5a4-SNAPSHOT.jar:1.1.0-913f5a4-SNAPSHOT]
	at org.apache.ratis.thirdparty.io.grpc.stub.ServerCalls$StreamingServerCallHandler$StreamingServerCallListener.onMessage(ServerCalls.java:251) [ratis-thirdparty-misc-0.6.0-SNAPSHOT.jar:0.6.0-SNAPSHOT]
	at org.apache.ratis.thirdparty.io.grpc.ForwardingServerCallListener.onMessage(ForwardingServerCallListener.java:33) [ratis-thirdparty-misc-0.6.0-SNAPSHOT.jar:0.6.0-SNAPSHOT]
	at org.apache.ratis.thirdparty.io.grpc.internal.ServerCallImpl$ServerStreamListenerImpl.messagesAvailableInternal(ServerCallImpl.java:309) [ratis-thirdparty-misc-0.6.0-SNAPSHOT.jar:0.6.0-SNAPSHOT]
	at org.apache.ratis.thirdparty.io.grpc.internal.ServerCallImpl$ServerStreamListenerImpl.messagesAvailable(ServerCallImpl.java:292) [ratis-thirdparty-misc-0.6.0-SNAPSHOT.jar:0.6.0-SNAPSHOT]
	at org.apache.ratis.thirdparty.io.grpc.internal.ServerImpl$JumpToApplicationThreadServerStreamListener$1MessagesAvailable.runInContext(ServerImpl.java:783) [ratis-thirdparty-misc-0.6.0-SNAPSHOT.jar:0.6.0-SNAPSHOT]
	at org.apache.ratis.thirdparty.io.grpc.internal.ContextRunnable.run(ContextRunnable.java:37) [ratis-thirdparty-misc-0.6.0-SNAPSHOT.jar:0.6.0-SNAPSHOT]
	at org.apache.ratis.thirdparty.io.grpc.internal.SerializingExecutor.run(SerializingExecutor.java:123) [ratis-thirdparty-misc-0.6.0-SNAPSHOT.jar:0.6.0-SNAPSHOT]
	at java.util.concurrent.ThreadPoolExecutor.runWorker(ThreadPoolExecutor.java:1149) [?:1.8.0_232]
	at java.util.concurrent.ThreadPoolExecutor$Worker.run(ThreadPoolExecutor.java:624) [?:1.8.0_232]
	at java.lang.Thread.run(Thread.java:748) [?:1.8.0_232]
2020-11-23 16:44:18,221 [grpc-default-executor-1] ERROR storage.BlockOutputStream (BlockOutputStream.java:lambda$writeChunkToContainer$3(677)) - writing chunk failed 105260636556623876_chunk_2 blockID conID: 2 locID: 105260636556623876 bcsId: 0 with exception org.apache.ratis.protocol.exceptions.StateMachineException: org.apache.hadoop.hdds.scm.container.common.helpers.ContainerNotOpenException from Server 2001b4ac-07b6-4cea-a1f1-ff1d200545db@group-30E16C36EFC1: Container 2 in CLOSED state
16:44:18.230 [grpc-default-executor-2] ERROR DNAudit - user=null | ip=null | op=WRITE_CHUNK {blockData=conID: 2 locID: 105260636556623876 bcsId: 0} | ret=FAILURE
org.apache.hadoop.hdds.scm.container.common.helpers.ContainerNotOpenException: Container 2 in CLOSED state
	at org.apache.hadoop.ozone.container.common.impl.HddsDispatcher.validateContainerCommand(HddsDispatcher.java:484) ~[hadoop-hdds-container-service-1.1.0-SNAPSHOT.jar:?]
	at org.apache.hadoop.ozone.container.common.transport.server.ratis.ContainerStateMachine.startTransaction(ContainerStateMachine.java:319) ~[hadoop-hdds-container-service-1.1.0-SNAPSHOT.jar:?]
	at org.apache.ratis.server.impl.RaftServerImpl.submitClientRequestAsync(RaftServerImpl.java:723) ~[ratis-server-1.1.0-913f5a4-SNAPSHOT.jar:1.1.0-913f5a4-SNAPSHOT]
	at org.apache.ratis.server.impl.RaftServerProxy.lambda$submitClientRequestAsync$7(RaftServerProxy.java:364) ~[ratis-server-1.1.0-913f5a4-SNAPSHOT.jar:1.1.0-913f5a4-SNAPSHOT]
	at org.apache.ratis.server.impl.RaftServerProxy.lambda$null$5(RaftServerProxy.java:359) ~[ratis-server-1.1.0-913f5a4-SNAPSHOT.jar:1.1.0-913f5a4-SNAPSHOT]
	at org.apache.ratis.util.JavaUtils.callAsUnchecked(JavaUtils.java:116) ~[ratis-common-1.1.0-913f5a4-SNAPSHOT.jar:1.1.0-913f5a4-SNAPSHOT]
	at org.apache.ratis.server.impl.RaftServerProxy.lambda$submitRequest$6(RaftServerProxy.java:359) ~[ratis-server-1.1.0-913f5a4-SNAPSHOT.jar:1.1.0-913f5a4-SNAPSHOT]
	at java.util.concurrent.CompletableFuture.uniComposeStage(CompletableFuture.java:995) ~[?:1.8.0_232]
	at java.util.concurrent.CompletableFuture.thenCompose(CompletableFuture.java:2137) ~[?:1.8.0_232]
	at org.apache.ratis.server.impl.RaftServerProxy.submitRequest(RaftServerProxy.java:358) ~[ratis-server-1.1.0-913f5a4-SNAPSHOT.jar:1.1.0-913f5a4-SNAPSHOT]
	at org.apache.ratis.server.impl.RaftServerProxy.submitClientRequestAsync(RaftServerProxy.java:364) ~[ratis-server-1.1.0-913f5a4-SNAPSHOT.jar:1.1.0-913f5a4-SNAPSHOT]
	at org.apache.ratis.grpc.client.GrpcClientProtocolService$RequestStreamObserver.processClientRequest(GrpcClientProtocolService.java:231) ~[ratis-grpc-1.1.0-913f5a4-SNAPSHOT.jar:1.1.0-913f5a4-SNAPSHOT]
	at org.apache.ratis.grpc.client.GrpcClientProtocolService$OrderedRequestStreamObserver.processClientRequest(GrpcClientProtocolService.java:337) ~[ratis-grpc-1.1.0-913f5a4-SNAPSHOT.jar:1.1.0-913f5a4-SNAPSHOT]
	at org.apache.ratis.util.SlidingWindow$Server.processRequestsFromHead(SlidingWindow.java:429) [ratis-common-1.1.0-913f5a4-SNAPSHOT.jar:1.1.0-913f5a4-SNAPSHOT]
	at org.apache.ratis.util.SlidingWindow$Server.receivedRequest(SlidingWindow.java:421) [ratis-common-1.1.0-913f5a4-SNAPSHOT.jar:1.1.0-913f5a4-SNAPSHOT]
	at org.apache.ratis.grpc.client.GrpcClientProtocolService$OrderedRequestStreamObserver.processClientRequest(GrpcClientProtocolService.java:361) [ratis-grpc-1.1.0-913f5a4-SNAPSHOT.jar:1.1.0-913f5a4-SNAPSHOT]
	at org.apache.ratis.grpc.client.GrpcClientProtocolService$RequestStreamObserver.onNext(GrpcClientProtocolService.java:251) [ratis-grpc-1.1.0-913f5a4-SNAPSHOT.jar:1.1.0-913f5a4-SNAPSHOT]
	at org.apache.ratis.grpc.client.GrpcClientProtocolService$RequestStreamObserver.onNext(GrpcClientProtocolService.java:174) [ratis-grpc-1.1.0-913f5a4-SNAPSHOT.jar:1.1.0-913f5a4-SNAPSHOT]
	at org.apache.ratis.thirdparty.io.grpc.stub.ServerCalls$StreamingServerCallHandler$StreamingServerCallListener.onMessage(ServerCalls.java:251) [ratis-thirdparty-misc-0.6.0-SNAPSHOT.jar:0.6.0-SNAPSHOT]
	at org.apache.ratis.thirdparty.io.grpc.ForwardingServerCallListener.onMessage(ForwardingServerCallListener.java:33) [ratis-thirdparty-misc-0.6.0-SNAPSHOT.jar:0.6.0-SNAPSHOT]
	at org.apache.ratis.thirdparty.io.grpc.internal.ServerCallImpl$ServerStreamListenerImpl.messagesAvailableInternal(ServerCallImpl.java:309) [ratis-thirdparty-misc-0.6.0-SNAPSHOT.jar:0.6.0-SNAPSHOT]
	at org.apache.ratis.thirdparty.io.grpc.internal.ServerCallImpl$ServerStreamListenerImpl.messagesAvailable(ServerCallImpl.java:292) [ratis-thirdparty-misc-0.6.0-SNAPSHOT.jar:0.6.0-SNAPSHOT]
	at org.apache.ratis.thirdparty.io.grpc.internal.ServerImpl$JumpToApplicationThreadServerStreamListener$1MessagesAvailable.runInContext(ServerImpl.java:783) [ratis-thirdparty-misc-0.6.0-SNAPSHOT.jar:0.6.0-SNAPSHOT]
	at org.apache.ratis.thirdparty.io.grpc.internal.ContextRunnable.run(ContextRunnable.java:37) [ratis-thirdparty-misc-0.6.0-SNAPSHOT.jar:0.6.0-SNAPSHOT]
	at org.apache.ratis.thirdparty.io.grpc.internal.SerializingExecutor.run(SerializingExecutor.java:123) [ratis-thirdparty-misc-0.6.0-SNAPSHOT.jar:0.6.0-SNAPSHOT]
	at java.util.concurrent.ThreadPoolExecutor.runWorker(ThreadPoolExecutor.java:1149) [?:1.8.0_232]
	at java.util.concurrent.ThreadPoolExecutor$Worker.run(ThreadPoolExecutor.java:624) [?:1.8.0_232]
	at java.lang.Thread.run(Thread.java:748) [?:1.8.0_232]
16:44:18.233 [grpc-default-executor-2] ERROR DNAudit - user=null | ip=null | op=WRITE_CHUNK {blockData=conID: 2 locID: 105260636556623876 bcsId: 0} | ret=FAILURE
org.apache.hadoop.hdds.scm.container.common.helpers.ContainerNotOpenException: Container 2 in CLOSED state
	at org.apache.hadoop.ozone.container.common.impl.HddsDispatcher.validateContainerCommand(HddsDispatcher.java:484) ~[hadoop-hdds-container-service-1.1.0-SNAPSHOT.jar:?]
	at org.apache.hadoop.ozone.container.common.transport.server.ratis.ContainerStateMachine.startTransaction(ContainerStateMachine.java:319) ~[hadoop-hdds-container-service-1.1.0-SNAPSHOT.jar:?]
	at org.apache.ratis.server.impl.RaftServerImpl.submitClientRequestAsync(RaftServerImpl.java:723) ~[ratis-server-1.1.0-913f5a4-SNAPSHOT.jar:1.1.0-913f5a4-SNAPSHOT]
	at org.apache.ratis.server.impl.RaftServerProxy.lambda$submitClientRequestAsync$7(RaftServerProxy.java:364) ~[ratis-server-1.1.0-913f5a4-SNAPSHOT.jar:1.1.0-913f5a4-SNAPSHOT]
	at org.apache.ratis.server.impl.RaftServerProxy.lambda$null$5(RaftServerProxy.java:359) ~[ratis-server-1.1.0-913f5a4-SNAPSHOT.jar:1.1.0-913f5a4-SNAPSHOT]
	at org.apache.ratis.util.JavaUtils.callAsUnchecked(JavaUtils.java:116) ~[ratis-common-1.1.0-913f5a4-SNAPSHOT.jar:1.1.0-913f5a4-SNAPSHOT]
	at org.apache.ratis.server.impl.RaftServerProxy.lambda$submitRequest$6(RaftServerProxy.java:359) ~[ratis-server-1.1.0-913f5a4-SNAPSHOT.jar:1.1.0-913f5a4-SNAPSHOT]
	at java.util.concurrent.CompletableFuture.uniComposeStage(CompletableFuture.java:995) ~[?:1.8.0_232]
	at java.util.concurrent.CompletableFuture.thenCompose(CompletableFuture.java:2137) ~[?:1.8.0_232]
	at org.apache.ratis.server.impl.RaftServerProxy.submitRequest(RaftServerProxy.java:358) ~[ratis-server-1.1.0-913f5a4-SNAPSHOT.jar:1.1.0-913f5a4-SNAPSHOT]
	at org.apache.ratis.server.impl.RaftServerProxy.submitClientRequestAsync(RaftServerProxy.java:364) ~[ratis-server-1.1.0-913f5a4-SNAPSHOT.jar:1.1.0-913f5a4-SNAPSHOT]
	at org.apache.ratis.grpc.client.GrpcClientProtocolService$RequestStreamObserver.processClientRequest(GrpcClientProtocolService.java:231) ~[ratis-grpc-1.1.0-913f5a4-SNAPSHOT.jar:1.1.0-913f5a4-SNAPSHOT]
	at org.apache.ratis.grpc.client.GrpcClientProtocolService$OrderedRequestStreamObserver.processClientRequest(GrpcClientProtocolService.java:337) ~[ratis-grpc-1.1.0-913f5a4-SNAPSHOT.jar:1.1.0-913f5a4-SNAPSHOT]
	at org.apache.ratis.util.SlidingWindow$Server.processRequestsFromHead(SlidingWindow.java:429) [ratis-common-1.1.0-913f5a4-SNAPSHOT.jar:1.1.0-913f5a4-SNAPSHOT]
	at org.apache.ratis.util.SlidingWindow$Server.receivedRequest(SlidingWindow.java:421) [ratis-common-1.1.0-913f5a4-SNAPSHOT.jar:1.1.0-913f5a4-SNAPSHOT]
	at org.apache.ratis.grpc.client.GrpcClientProtocolService$OrderedRequestStreamObserver.processClientRequest(GrpcClientProtocolService.java:361) [ratis-grpc-1.1.0-913f5a4-SNAPSHOT.jar:1.1.0-913f5a4-SNAPSHOT]
	at org.apache.ratis.grpc.client.GrpcClientProtocolService$RequestStreamObserver.onNext(GrpcClientProtocolService.java:251) [ratis-grpc-1.1.0-913f5a4-SNAPSHOT.jar:1.1.0-913f5a4-SNAPSHOT]
	at org.apache.ratis.grpc.client.GrpcClientProtocolService$RequestStreamObserver.onNext(GrpcClientProtocolService.java:174) [ratis-grpc-1.1.0-913f5a4-SNAPSHOT.jar:1.1.0-913f5a4-SNAPSHOT]
	at org.apache.ratis.thirdparty.io.grpc.stub.ServerCalls$StreamingServerCallHandler$StreamingServerCallListener.onMessage(ServerCalls.java:251) [ratis-thirdparty-misc-0.6.0-SNAPSHOT.jar:0.6.0-SNAPSHOT]
	at org.apache.ratis.thirdparty.io.grpc.ForwardingServerCallListener.onMessage(ForwardingServerCallListener.java:33) [ratis-thirdparty-misc-0.6.0-SNAPSHOT.jar:0.6.0-SNAPSHOT]
	at org.apache.ratis.thirdparty.io.grpc.internal.ServerCallImpl$ServerStreamListenerImpl.messagesAvailableInternal(ServerCallImpl.java:309) [ratis-thirdparty-misc-0.6.0-SNAPSHOT.jar:0.6.0-SNAPSHOT]
	at org.apache.ratis.thirdparty.io.grpc.internal.ServerCallImpl$ServerStreamListenerImpl.messagesAvailable(ServerCallImpl.java:292) [ratis-thirdparty-misc-0.6.0-SNAPSHOT.jar:0.6.0-SNAPSHOT]
	at org.apache.ratis.thirdparty.io.grpc.internal.ServerImpl$JumpToApplicationThreadServerStreamListener$1MessagesAvailable.runInContext(ServerImpl.java:783) [ratis-thirdparty-misc-0.6.0-SNAPSHOT.jar:0.6.0-SNAPSHOT]
	at org.apache.ratis.thirdparty.io.grpc.internal.ContextRunnable.run(ContextRunnable.java:37) [ratis-thirdparty-misc-0.6.0-SNAPSHOT.jar:0.6.0-SNAPSHOT]
	at org.apache.ratis.thirdparty.io.grpc.internal.SerializingExecutor.run(SerializingExecutor.java:123) [ratis-thirdparty-misc-0.6.0-SNAPSHOT.jar:0.6.0-SNAPSHOT]
	at java.util.concurrent.ThreadPoolExecutor.runWorker(ThreadPoolExecutor.java:1149) [?:1.8.0_232]
	at java.util.concurrent.ThreadPoolExecutor$Worker.run(ThreadPoolExecutor.java:624) [?:1.8.0_232]
	at java.lang.Thread.run(Thread.java:748) [?:1.8.0_232]
16:44:18.241 [grpc-default-executor-2] ERROR DNAudit - user=null | ip=null | op=PUT_BLOCK {blockData=[blockId=conID: 2 locID: 105260636556623876 bcsId: 0,size=400]} | ret=FAILURE
org.apache.hadoop.hdds.scm.container.common.helpers.ContainerNotOpenException: Container 2 in CLOSED state
	at org.apache.hadoop.ozone.container.common.impl.HddsDispatcher.validateContainerCommand(HddsDispatcher.java:484) ~[hadoop-hdds-container-service-1.1.0-SNAPSHOT.jar:?]
	at org.apache.hadoop.ozone.container.common.transport.server.ratis.ContainerStateMachine.startTransaction(ContainerStateMachine.java:319) ~[hadoop-hdds-container-service-1.1.0-SNAPSHOT.jar:?]
	at org.apache.ratis.server.impl.RaftServerImpl.submitClientRequestAsync(RaftServerImpl.java:723) ~[ratis-server-1.1.0-913f5a4-SNAPSHOT.jar:1.1.0-913f5a4-SNAPSHOT]
	at org.apache.ratis.server.impl.RaftServerProxy.lambda$submitClientRequestAsync$7(RaftServerProxy.java:364) ~[ratis-server-1.1.0-913f5a4-SNAPSHOT.jar:1.1.0-913f5a4-SNAPSHOT]
	at org.apache.ratis.server.impl.RaftServerProxy.lambda$null$5(RaftServerProxy.java:359) ~[ratis-server-1.1.0-913f5a4-SNAPSHOT.jar:1.1.0-913f5a4-SNAPSHOT]
	at org.apache.ratis.util.JavaUtils.callAsUnchecked(JavaUtils.java:116) ~[ratis-common-1.1.0-913f5a4-SNAPSHOT.jar:1.1.0-913f5a4-SNAPSHOT]
	at org.apache.ratis.server.impl.RaftServerProxy.lambda$submitRequest$6(RaftServerProxy.java:359) ~[ratis-server-1.1.0-913f5a4-SNAPSHOT.jar:1.1.0-913f5a4-SNAPSHOT]
	at java.util.concurrent.CompletableFuture.uniComposeStage(CompletableFuture.java:995) ~[?:1.8.0_232]
	at java.util.concurrent.CompletableFuture.thenCompose(CompletableFuture.java:2137) ~[?:1.8.0_232]
	at org.apache.ratis.server.impl.RaftServerProxy.submitRequest(RaftServerProxy.java:358) ~[ratis-server-1.1.0-913f5a4-SNAPSHOT.jar:1.1.0-913f5a4-SNAPSHOT]
	at org.apache.ratis.server.impl.RaftServerProxy.submitClientRequestAsync(RaftServerProxy.java:364) ~[ratis-server-1.1.0-913f5a4-SNAPSHOT.jar:1.1.0-913f5a4-SNAPSHOT]
	at org.apache.ratis.grpc.client.GrpcClientProtocolService$RequestStreamObserver.processClientRequest(GrpcClientProtocolService.java:231) ~[ratis-grpc-1.1.0-913f5a4-SNAPSHOT.jar:1.1.0-913f5a4-SNAPSHOT]
	at org.apache.ratis.grpc.client.GrpcClientProtocolService$OrderedRequestStreamObserver.processClientRequest(GrpcClientProtocolService.java:337) ~[ratis-grpc-1.1.0-913f5a4-SNAPSHOT.jar:1.1.0-913f5a4-SNAPSHOT]
	at org.apache.ratis.util.SlidingWindow$Server.processRequestsFromHead(SlidingWindow.java:429) [ratis-common-1.1.0-913f5a4-SNAPSHOT.jar:1.1.0-913f5a4-SNAPSHOT]
	at org.apache.ratis.util.SlidingWindow$Server.receivedRequest(SlidingWindow.java:421) [ratis-common-1.1.0-913f5a4-SNAPSHOT.jar:1.1.0-913f5a4-SNAPSHOT]
	at org.apache.ratis.grpc.client.GrpcClientProtocolService$OrderedRequestStreamObserver.processClientRequest(GrpcClientProtocolService.java:361) [ratis-grpc-1.1.0-913f5a4-SNAPSHOT.jar:1.1.0-913f5a4-SNAPSHOT]
	at org.apache.ratis.grpc.client.GrpcClientProtocolService$RequestStreamObserver.onNext(GrpcClientProtocolService.java:251) [ratis-grpc-1.1.0-913f5a4-SNAPSHOT.jar:1.1.0-913f5a4-SNAPSHOT]
	at org.apache.ratis.grpc.client.GrpcClientProtocolService$RequestStreamObserver.onNext(GrpcClientProtocolService.java:174) [ratis-grpc-1.1.0-913f5a4-SNAPSHOT.jar:1.1.0-913f5a4-SNAPSHOT]
	at org.apache.ratis.thirdparty.io.grpc.stub.ServerCalls$StreamingServerCallHandler$StreamingServerCallListener.onMessage(ServerCalls.java:251) [ratis-thirdparty-misc-0.6.0-SNAPSHOT.jar:0.6.0-SNAPSHOT]
	at org.apache.ratis.thirdparty.io.grpc.ForwardingServerCallListener.onMessage(ForwardingServerCallListener.java:33) [ratis-thirdparty-misc-0.6.0-SNAPSHOT.jar:0.6.0-SNAPSHOT]
	at org.apache.ratis.thirdparty.io.grpc.internal.ServerCallImpl$ServerStreamListenerImpl.messagesAvailableInternal(ServerCallImpl.java:309) [ratis-thirdparty-misc-0.6.0-SNAPSHOT.jar:0.6.0-SNAPSHOT]
	at org.apache.ratis.thirdparty.io.grpc.internal.ServerCallImpl$ServerStreamListenerImpl.messagesAvailable(ServerCallImpl.java:292) [ratis-thirdparty-misc-0.6.0-SNAPSHOT.jar:0.6.0-SNAPSHOT]
	at org.apache.ratis.thirdparty.io.grpc.internal.ServerImpl$JumpToApplicationThreadServerStreamListener$1MessagesAvailable.runInContext(ServerImpl.java:783) [ratis-thirdparty-misc-0.6.0-SNAPSHOT.jar:0.6.0-SNAPSHOT]
	at org.apache.ratis.thirdparty.io.grpc.internal.ContextRunnable.run(ContextRunnable.java:37) [ratis-thirdparty-misc-0.6.0-SNAPSHOT.jar:0.6.0-SNAPSHOT]
	at org.apache.ratis.thirdparty.io.grpc.internal.SerializingExecutor.run(SerializingExecutor.java:123) [ratis-thirdparty-misc-0.6.0-SNAPSHOT.jar:0.6.0-SNAPSHOT]
	at java.util.concurrent.ThreadPoolExecutor.runWorker(ThreadPoolExecutor.java:1149) [?:1.8.0_232]
	at java.util.concurrent.ThreadPoolExecutor$Worker.run(ThreadPoolExecutor.java:624) [?:1.8.0_232]
	at java.lang.Thread.run(Thread.java:748) [?:1.8.0_232]
2020-11-23 16:44:18,261 [grpc-default-executor-2] ERROR storage.BlockOutputStream (BlockOutputStream.java:lambda$writeChunkToContainer$3(677)) - writing chunk failed 105260636556623876_chunk_3 blockID conID: 2 locID: 105260636556623876 bcsId: 0 with exception org.apache.ratis.protocol.exceptions.StateMachineException: org.apache.hadoop.hdds.scm.container.common.helpers.ContainerNotOpenException from Server 2001b4ac-07b6-4cea-a1f1-ff1d200545db@group-30E16C36EFC1: Container 2 in CLOSED state
2020-11-23 16:44:18,264 [grpc-default-executor-2] ERROR storage.BlockOutputStream (BlockOutputStream.java:lambda$writeChunkToContainer$3(677)) - writing chunk failed 105260636556623876_chunk_4 blockID conID: 2 locID: 105260636556623876 bcsId: 0 with exception org.apache.ratis.protocol.exceptions.StateMachineException: org.apache.hadoop.hdds.scm.container.common.helpers.ContainerNotOpenException from Server 2001b4ac-07b6-4cea-a1f1-ff1d200545db@group-30E16C36EFC1: Container 2 in CLOSED state
2020-11-23 16:44:18,271 [Listener at 127.0.0.1/36807] INFO  metrics.RatisMetrics (RatisMetrics.java:lambda$create$0(36)) - Creating Metrics Registry : ratis.client_message_metrics.client-89C1A083B76F->a4898ab3-e2ea-4a1b-b74b-5f89fbd14327
16:44:18.291 [grpc-default-executor-2] ERROR DNAudit - user=null | ip=null | op=WRITE_CHUNK {blockData=conID: 3 locID: 105260636556623877 bcsId: 0} | ret=FAILURE
org.apache.hadoop.hdds.scm.container.common.helpers.ContainerNotOpenException: Container 3 in CLOSED state
	at org.apache.hadoop.ozone.container.common.impl.HddsDispatcher.validateContainerCommand(HddsDispatcher.java:484) ~[hadoop-hdds-container-service-1.1.0-SNAPSHOT.jar:?]
	at org.apache.hadoop.ozone.container.common.transport.server.ratis.ContainerStateMachine.startTransaction(ContainerStateMachine.java:319) ~[hadoop-hdds-container-service-1.1.0-SNAPSHOT.jar:?]
	at org.apache.ratis.server.impl.RaftServerImpl.submitClientRequestAsync(RaftServerImpl.java:723) ~[ratis-server-1.1.0-913f5a4-SNAPSHOT.jar:1.1.0-913f5a4-SNAPSHOT]
	at org.apache.ratis.server.impl.RaftServerProxy.lambda$submitClientRequestAsync$7(RaftServerProxy.java:364) ~[ratis-server-1.1.0-913f5a4-SNAPSHOT.jar:1.1.0-913f5a4-SNAPSHOT]
	at org.apache.ratis.server.impl.RaftServerProxy.lambda$null$5(RaftServerProxy.java:359) ~[ratis-server-1.1.0-913f5a4-SNAPSHOT.jar:1.1.0-913f5a4-SNAPSHOT]
	at org.apache.ratis.util.JavaUtils.callAsUnchecked(JavaUtils.java:116) ~[ratis-common-1.1.0-913f5a4-SNAPSHOT.jar:1.1.0-913f5a4-SNAPSHOT]
	at org.apache.ratis.server.impl.RaftServerProxy.lambda$submitRequest$6(RaftServerProxy.java:359) ~[ratis-server-1.1.0-913f5a4-SNAPSHOT.jar:1.1.0-913f5a4-SNAPSHOT]
	at java.util.concurrent.CompletableFuture.uniComposeStage(CompletableFuture.java:995) ~[?:1.8.0_232]
	at java.util.concurrent.CompletableFuture.thenCompose(CompletableFuture.java:2137) ~[?:1.8.0_232]
	at org.apache.ratis.server.impl.RaftServerProxy.submitRequest(RaftServerProxy.java:358) ~[ratis-server-1.1.0-913f5a4-SNAPSHOT.jar:1.1.0-913f5a4-SNAPSHOT]
	at org.apache.ratis.server.impl.RaftServerProxy.submitClientRequestAsync(RaftServerProxy.java:364) ~[ratis-server-1.1.0-913f5a4-SNAPSHOT.jar:1.1.0-913f5a4-SNAPSHOT]
	at org.apache.ratis.grpc.client.GrpcClientProtocolService$RequestStreamObserver.processClientRequest(GrpcClientProtocolService.java:231) ~[ratis-grpc-1.1.0-913f5a4-SNAPSHOT.jar:1.1.0-913f5a4-SNAPSHOT]
	at org.apache.ratis.grpc.client.GrpcClientProtocolService$OrderedRequestStreamObserver.processClientRequest(GrpcClientProtocolService.java:337) ~[ratis-grpc-1.1.0-913f5a4-SNAPSHOT.jar:1.1.0-913f5a4-SNAPSHOT]
	at org.apache.ratis.util.SlidingWindow$Server.processRequestsFromHead(SlidingWindow.java:429) [ratis-common-1.1.0-913f5a4-SNAPSHOT.jar:1.1.0-913f5a4-SNAPSHOT]
	at org.apache.ratis.util.SlidingWindow$Server.receivedRequest(SlidingWindow.java:421) [ratis-common-1.1.0-913f5a4-SNAPSHOT.jar:1.1.0-913f5a4-SNAPSHOT]
	at org.apache.ratis.grpc.client.GrpcClientProtocolService$OrderedRequestStreamObserver.processClientRequest(GrpcClientProtocolService.java:361) [ratis-grpc-1.1.0-913f5a4-SNAPSHOT.jar:1.1.0-913f5a4-SNAPSHOT]
	at org.apache.ratis.grpc.client.GrpcClientProtocolService$RequestStreamObserver.onNext(GrpcClientProtocolService.java:251) [ratis-grpc-1.1.0-913f5a4-SNAPSHOT.jar:1.1.0-913f5a4-SNAPSHOT]
	at org.apache.ratis.grpc.client.GrpcClientProtocolService$RequestStreamObserver.onNext(GrpcClientProtocolService.java:174) [ratis-grpc-1.1.0-913f5a4-SNAPSHOT.jar:1.1.0-913f5a4-SNAPSHOT]
	at org.apache.ratis.thirdparty.io.grpc.stub.ServerCalls$StreamingServerCallHandler$StreamingServerCallListener.onMessage(ServerCalls.java:251) [ratis-thirdparty-misc-0.6.0-SNAPSHOT.jar:0.6.0-SNAPSHOT]
	at org.apache.ratis.thirdparty.io.grpc.ForwardingServerCallListener.onMessage(ForwardingServerCallListener.java:33) [ratis-thirdparty-misc-0.6.0-SNAPSHOT.jar:0.6.0-SNAPSHOT]
	at org.apache.ratis.thirdparty.io.grpc.internal.ServerCallImpl$ServerStreamListenerImpl.messagesAvailableInternal(ServerCallImpl.java:309) [ratis-thirdparty-misc-0.6.0-SNAPSHOT.jar:0.6.0-SNAPSHOT]
	at org.apache.ratis.thirdparty.io.grpc.internal.ServerCallImpl$ServerStreamListenerImpl.messagesAvailable(ServerCallImpl.java:292) [ratis-thirdparty-misc-0.6.0-SNAPSHOT.jar:0.6.0-SNAPSHOT]
	at org.apache.ratis.thirdparty.io.grpc.internal.ServerImpl$JumpToApplicationThreadServerStreamListener$1MessagesAvailable.runInContext(ServerImpl.java:783) [ratis-thirdparty-misc-0.6.0-SNAPSHOT.jar:0.6.0-SNAPSHOT]
	at org.apache.ratis.thirdparty.io.grpc.internal.ContextRunnable.run(ContextRunnable.java:37) [ratis-thirdparty-misc-0.6.0-SNAPSHOT.jar:0.6.0-SNAPSHOT]
	at org.apache.ratis.thirdparty.io.grpc.internal.SerializingExecutor.run(SerializingExecutor.java:123) [ratis-thirdparty-misc-0.6.0-SNAPSHOT.jar:0.6.0-SNAPSHOT]
	at java.util.concurrent.ThreadPoolExecutor.runWorker(ThreadPoolExecutor.java:1149) [?:1.8.0_232]
	at java.util.concurrent.ThreadPoolExecutor$Worker.run(ThreadPoolExecutor.java:624) [?:1.8.0_232]
	at java.lang.Thread.run(Thread.java:748) [?:1.8.0_232]
16:44:18.292 [grpc-default-executor-2] ERROR DNAudit - user=null | ip=null | op=WRITE_CHUNK {blockData=conID: 3 locID: 105260636556623877 bcsId: 0} | ret=FAILURE
org.apache.hadoop.hdds.scm.container.common.helpers.ContainerNotOpenException: Container 3 in CLOSED state
	at org.apache.hadoop.ozone.container.common.impl.HddsDispatcher.validateContainerCommand(HddsDispatcher.java:484) ~[hadoop-hdds-container-service-1.1.0-SNAPSHOT.jar:?]
	at org.apache.hadoop.ozone.container.common.transport.server.ratis.ContainerStateMachine.startTransaction(ContainerStateMachine.java:319) ~[hadoop-hdds-container-service-1.1.0-SNAPSHOT.jar:?]
	at org.apache.ratis.server.impl.RaftServerImpl.submitClientRequestAsync(RaftServerImpl.java:723) ~[ratis-server-1.1.0-913f5a4-SNAPSHOT.jar:1.1.0-913f5a4-SNAPSHOT]
	at org.apache.ratis.server.impl.RaftServerProxy.lambda$submitClientRequestAsync$7(RaftServerProxy.java:364) ~[ratis-server-1.1.0-913f5a4-SNAPSHOT.jar:1.1.0-913f5a4-SNAPSHOT]
	at org.apache.ratis.server.impl.RaftServerProxy.lambda$null$5(RaftServerProxy.java:359) ~[ratis-server-1.1.0-913f5a4-SNAPSHOT.jar:1.1.0-913f5a4-SNAPSHOT]
	at org.apache.ratis.util.JavaUtils.callAsUnchecked(JavaUtils.java:116) ~[ratis-common-1.1.0-913f5a4-SNAPSHOT.jar:1.1.0-913f5a4-SNAPSHOT]
	at org.apache.ratis.server.impl.RaftServerProxy.lambda$submitRequest$6(RaftServerProxy.java:359) ~[ratis-server-1.1.0-913f5a4-SNAPSHOT.jar:1.1.0-913f5a4-SNAPSHOT]
	at java.util.concurrent.CompletableFuture.uniComposeStage(CompletableFuture.java:995) ~[?:1.8.0_232]
	at java.util.concurrent.CompletableFuture.thenCompose(CompletableFuture.java:2137) ~[?:1.8.0_232]
	at org.apache.ratis.server.impl.RaftServerProxy.submitRequest(RaftServerProxy.java:358) ~[ratis-server-1.1.0-913f5a4-SNAPSHOT.jar:1.1.0-913f5a4-SNAPSHOT]
	at org.apache.ratis.server.impl.RaftServerProxy.submitClientRequestAsync(RaftServerProxy.java:364) ~[ratis-server-1.1.0-913f5a4-SNAPSHOT.jar:1.1.0-913f5a4-SNAPSHOT]
	at org.apache.ratis.grpc.client.GrpcClientProtocolService$RequestStreamObserver.processClientRequest(GrpcClientProtocolService.java:231) ~[ratis-grpc-1.1.0-913f5a4-SNAPSHOT.jar:1.1.0-913f5a4-SNAPSHOT]
	at org.apache.ratis.grpc.client.GrpcClientProtocolService$OrderedRequestStreamObserver.processClientRequest(GrpcClientProtocolService.java:337) ~[ratis-grpc-1.1.0-913f5a4-SNAPSHOT.jar:1.1.0-913f5a4-SNAPSHOT]
	at org.apache.ratis.util.SlidingWindow$Server.processRequestsFromHead(SlidingWindow.java:429) [ratis-common-1.1.0-913f5a4-SNAPSHOT.jar:1.1.0-913f5a4-SNAPSHOT]
	at org.apache.ratis.util.SlidingWindow$Server.receivedRequest(SlidingWindow.java:421) [ratis-common-1.1.0-913f5a4-SNAPSHOT.jar:1.1.0-913f5a4-SNAPSHOT]
	at org.apache.ratis.grpc.client.GrpcClientProtocolService$OrderedRequestStreamObserver.processClientRequest(GrpcClientProtocolService.java:361) [ratis-grpc-1.1.0-913f5a4-SNAPSHOT.jar:1.1.0-913f5a4-SNAPSHOT]
	at org.apache.ratis.grpc.client.GrpcClientProtocolService$RequestStreamObserver.onNext(GrpcClientProtocolService.java:251) [ratis-grpc-1.1.0-913f5a4-SNAPSHOT.jar:1.1.0-913f5a4-SNAPSHOT]
	at org.apache.ratis.grpc.client.GrpcClientProtocolService$RequestStreamObserver.onNext(GrpcClientProtocolService.java:174) [ratis-grpc-1.1.0-913f5a4-SNAPSHOT.jar:1.1.0-913f5a4-SNAPSHOT]
	at org.apache.ratis.thirdparty.io.grpc.stub.ServerCalls$StreamingServerCallHandler$StreamingServerCallListener.onMessage(ServerCalls.java:251) [ratis-thirdparty-misc-0.6.0-SNAPSHOT.jar:0.6.0-SNAPSHOT]
	at org.apache.ratis.thirdparty.io.grpc.ForwardingServerCallListener.onMessage(ForwardingServerCallListener.java:33) [ratis-thirdparty-misc-0.6.0-SNAPSHOT.jar:0.6.0-SNAPSHOT]
	at org.apache.ratis.thirdparty.io.grpc.internal.ServerCallImpl$ServerStreamListenerImpl.messagesAvailableInternal(ServerCallImpl.java:309) [ratis-thirdparty-misc-0.6.0-SNAPSHOT.jar:0.6.0-SNAPSHOT]
	at org.apache.ratis.thirdparty.io.grpc.internal.ServerCallImpl$ServerStreamListenerImpl.messagesAvailable(ServerCallImpl.java:292) [ratis-thirdparty-misc-0.6.0-SNAPSHOT.jar:0.6.0-SNAPSHOT]
	at org.apache.ratis.thirdparty.io.grpc.internal.ServerImpl$JumpToApplicationThreadServerStreamListener$1MessagesAvailable.runInContext(ServerImpl.java:783) [ratis-thirdparty-misc-0.6.0-SNAPSHOT.jar:0.6.0-SNAPSHOT]
	at org.apache.ratis.thirdparty.io.grpc.internal.ContextRunnable.run(ContextRunnable.java:37) [ratis-thirdparty-misc-0.6.0-SNAPSHOT.jar:0.6.0-SNAPSHOT]
	at org.apache.ratis.thirdparty.io.grpc.internal.SerializingExecutor.run(SerializingExecutor.java:123) [ratis-thirdparty-misc-0.6.0-SNAPSHOT.jar:0.6.0-SNAPSHOT]
	at java.util.concurrent.ThreadPoolExecutor.runWorker(ThreadPoolExecutor.java:1149) [?:1.8.0_232]
	at java.util.concurrent.ThreadPoolExecutor$Worker.run(ThreadPoolExecutor.java:624) [?:1.8.0_232]
	at java.lang.Thread.run(Thread.java:748) [?:1.8.0_232]
16:44:18.293 [grpc-default-executor-2] ERROR DNAudit - user=null | ip=null | op=PUT_BLOCK {blockData=[blockId=conID: 3 locID: 105260636556623877 bcsId: 0,size=200]} | ret=FAILURE
org.apache.hadoop.hdds.scm.container.common.helpers.ContainerNotOpenException: Container 3 in CLOSED state
	at org.apache.hadoop.ozone.container.common.impl.HddsDispatcher.validateContainerCommand(HddsDispatcher.java:484) ~[hadoop-hdds-container-service-1.1.0-SNAPSHOT.jar:?]
	at org.apache.hadoop.ozone.container.common.transport.server.ratis.ContainerStateMachine.startTransaction(ContainerStateMachine.java:319) ~[hadoop-hdds-container-service-1.1.0-SNAPSHOT.jar:?]
	at org.apache.ratis.server.impl.RaftServerImpl.submitClientRequestAsync(RaftServerImpl.java:723) ~[ratis-server-1.1.0-913f5a4-SNAPSHOT.jar:1.1.0-913f5a4-SNAPSHOT]
	at org.apache.ratis.server.impl.RaftServerProxy.lambda$submitClientRequestAsync$7(RaftServerProxy.java:364) ~[ratis-server-1.1.0-913f5a4-SNAPSHOT.jar:1.1.0-913f5a4-SNAPSHOT]
	at org.apache.ratis.server.impl.RaftServerProxy.lambda$null$5(RaftServerProxy.java:359) ~[ratis-server-1.1.0-913f5a4-SNAPSHOT.jar:1.1.0-913f5a4-SNAPSHOT]
	at org.apache.ratis.util.JavaUtils.callAsUnchecked(JavaUtils.java:116) ~[ratis-common-1.1.0-913f5a4-SNAPSHOT.jar:1.1.0-913f5a4-SNAPSHOT]
	at org.apache.ratis.server.impl.RaftServerProxy.lambda$submitRequest$6(RaftServerProxy.java:359) ~[ratis-server-1.1.0-913f5a4-SNAPSHOT.jar:1.1.0-913f5a4-SNAPSHOT]
	at java.util.concurrent.CompletableFuture.uniComposeStage(CompletableFuture.java:995) ~[?:1.8.0_232]
	at java.util.concurrent.CompletableFuture.thenCompose(CompletableFuture.java:2137) ~[?:1.8.0_232]
	at org.apache.ratis.server.impl.RaftServerProxy.submitRequest(RaftServerProxy.java:358) ~[ratis-server-1.1.0-913f5a4-SNAPSHOT.jar:1.1.0-913f5a4-SNAPSHOT]
	at org.apache.ratis.server.impl.RaftServerProxy.submitClientRequestAsync(RaftServerProxy.java:364) ~[ratis-server-1.1.0-913f5a4-SNAPSHOT.jar:1.1.0-913f5a4-SNAPSHOT]
	at org.apache.ratis.grpc.client.GrpcClientProtocolService$RequestStreamObserver.processClientRequest(GrpcClientProtocolService.java:231) ~[ratis-grpc-1.1.0-913f5a4-SNAPSHOT.jar:1.1.0-913f5a4-SNAPSHOT]
	at org.apache.ratis.grpc.client.GrpcClientProtocolService$OrderedRequestStreamObserver.processClientRequest(GrpcClientProtocolService.java:337) ~[ratis-grpc-1.1.0-913f5a4-SNAPSHOT.jar:1.1.0-913f5a4-SNAPSHOT]
	at org.apache.ratis.util.SlidingWindow$Server.processRequestsFromHead(SlidingWindow.java:429) [ratis-common-1.1.0-913f5a4-SNAPSHOT.jar:1.1.0-913f5a4-SNAPSHOT]
	at org.apache.ratis.util.SlidingWindow$Server.receivedRequest(SlidingWindow.java:421) [ratis-common-1.1.0-913f5a4-SNAPSHOT.jar:1.1.0-913f5a4-SNAPSHOT]
	at org.apache.ratis.grpc.client.GrpcClientProtocolService$OrderedRequestStreamObserver.processClientRequest(GrpcClientProtocolService.java:361) [ratis-grpc-1.1.0-913f5a4-SNAPSHOT.jar:1.1.0-913f5a4-SNAPSHOT]
	at org.apache.ratis.grpc.client.GrpcClientProtocolService$RequestStreamObserver.onNext(GrpcClientProtocolService.java:251) [ratis-grpc-1.1.0-913f5a4-SNAPSHOT.jar:1.1.0-913f5a4-SNAPSHOT]
	at org.apache.ratis.grpc.client.GrpcClientProtocolService$RequestStreamObserver.onNext(GrpcClientProtocolService.java:174) [ratis-grpc-1.1.0-913f5a4-SNAPSHOT.jar:1.1.0-913f5a4-SNAPSHOT]
	at org.apache.ratis.thirdparty.io.grpc.stub.ServerCalls$StreamingServerCallHandler$StreamingServerCallListener.onMessage(ServerCalls.java:251) [ratis-thirdparty-misc-0.6.0-SNAPSHOT.jar:0.6.0-SNAPSHOT]
	at org.apache.ratis.thirdparty.io.grpc.ForwardingServerCallListener.onMessage(ForwardingServerCallListener.java:33) [ratis-thirdparty-misc-0.6.0-SNAPSHOT.jar:0.6.0-SNAPSHOT]
	at org.apache.ratis.thirdparty.io.grpc.internal.ServerCallImpl$ServerStreamListenerImpl.messagesAvailableInternal(ServerCallImpl.java:309) [ratis-thirdparty-misc-0.6.0-SNAPSHOT.jar:0.6.0-SNAPSHOT]
	at org.apache.ratis.thirdparty.io.grpc.internal.ServerCallImpl$ServerStreamListenerImpl.messagesAvailable(ServerCallImpl.java:292) [ratis-thirdparty-misc-0.6.0-SNAPSHOT.jar:0.6.0-SNAPSHOT]
	at org.apache.ratis.thirdparty.io.grpc.internal.ServerImpl$JumpToApplicationThreadServerStreamListener$1MessagesAvailable.runInContext(ServerImpl.java:783) [ratis-thirdparty-misc-0.6.0-SNAPSHOT.jar:0.6.0-SNAPSHOT]
	at org.apache.ratis.thirdparty.io.grpc.internal.ContextRunnable.run(ContextRunnable.java:37) [ratis-thirdparty-misc-0.6.0-SNAPSHOT.jar:0.6.0-SNAPSHOT]
	at org.apache.ratis.thirdparty.io.grpc.internal.SerializingExecutor.run(SerializingExecutor.java:123) [ratis-thirdparty-misc-0.6.0-SNAPSHOT.jar:0.6.0-SNAPSHOT]
	at java.util.concurrent.ThreadPoolExecutor.runWorker(ThreadPoolExecutor.java:1149) [?:1.8.0_232]
	at java.util.concurrent.ThreadPoolExecutor$Worker.run(ThreadPoolExecutor.java:624) [?:1.8.0_232]
	at java.lang.Thread.run(Thread.java:748) [?:1.8.0_232]
16:44:18.304 [grpc-default-executor-2] ERROR DNAudit - user=null | ip=null | op=WRITE_CHUNK {blockData=conID: 3 locID: 105260636556623877 bcsId: 0} | ret=FAILURE
org.apache.hadoop.hdds.scm.container.common.helpers.ContainerNotOpenException: Container 3 in CLOSED state
	at org.apache.hadoop.ozone.container.common.impl.HddsDispatcher.validateContainerCommand(HddsDispatcher.java:484) ~[hadoop-hdds-container-service-1.1.0-SNAPSHOT.jar:?]
	at org.apache.hadoop.ozone.container.common.transport.server.ratis.ContainerStateMachine.startTransaction(ContainerStateMachine.java:319) ~[hadoop-hdds-container-service-1.1.0-SNAPSHOT.jar:?]
	at org.apache.ratis.server.impl.RaftServerImpl.submitClientRequestAsync(RaftServerImpl.java:723) ~[ratis-server-1.1.0-913f5a4-SNAPSHOT.jar:1.1.0-913f5a4-SNAPSHOT]
	at org.apache.ratis.server.impl.RaftServerProxy.lambda$submitClientRequestAsync$7(RaftServerProxy.java:364) ~[ratis-server-1.1.0-913f5a4-SNAPSHOT.jar:1.1.0-913f5a4-SNAPSHOT]
	at org.apache.ratis.server.impl.RaftServerProxy.lambda$null$5(RaftServerProxy.java:359) ~[ratis-server-1.1.0-913f5a4-SNAPSHOT.jar:1.1.0-913f5a4-SNAPSHOT]
	at org.apache.ratis.util.JavaUtils.callAsUnchecked(JavaUtils.java:116) ~[ratis-common-1.1.0-913f5a4-SNAPSHOT.jar:1.1.0-913f5a4-SNAPSHOT]
	at org.apache.ratis.server.impl.RaftServerProxy.lambda$submitRequest$6(RaftServerProxy.java:359) ~[ratis-server-1.1.0-913f5a4-SNAPSHOT.jar:1.1.0-913f5a4-SNAPSHOT]
	at java.util.concurrent.CompletableFuture.uniComposeStage(CompletableFuture.java:995) ~[?:1.8.0_232]
	at java.util.concurrent.CompletableFuture.thenCompose(CompletableFuture.java:2137) ~[?:1.8.0_232]
	at org.apache.ratis.server.impl.RaftServerProxy.submitRequest(RaftServerProxy.java:358) ~[ratis-server-1.1.0-913f5a4-SNAPSHOT.jar:1.1.0-913f5a4-SNAPSHOT]
	at org.apache.ratis.server.impl.RaftServerProxy.submitClientRequestAsync(RaftServerProxy.java:364) ~[ratis-server-1.1.0-913f5a4-SNAPSHOT.jar:1.1.0-913f5a4-SNAPSHOT]
	at org.apache.ratis.grpc.client.GrpcClientProtocolService$RequestStreamObserver.processClientRequest(GrpcClientProtocolService.java:231) ~[ratis-grpc-1.1.0-913f5a4-SNAPSHOT.jar:1.1.0-913f5a4-SNAPSHOT]
	at org.apache.ratis.grpc.client.GrpcClientProtocolService$OrderedRequestStreamObserver.processClientRequest(GrpcClientProtocolService.java:337) ~[ratis-grpc-1.1.0-913f5a4-SNAPSHOT.jar:1.1.0-913f5a4-SNAPSHOT]
	at org.apache.ratis.util.SlidingWindow$Server.processRequestsFromHead(SlidingWindow.java:429) [ratis-common-1.1.0-913f5a4-SNAPSHOT.jar:1.1.0-913f5a4-SNAPSHOT]
	at org.apache.ratis.util.SlidingWindow$Server.receivedRequest(SlidingWindow.java:421) [ratis-common-1.1.0-913f5a4-SNAPSHOT.jar:1.1.0-913f5a4-SNAPSHOT]
	at org.apache.ratis.grpc.client.GrpcClientProtocolService$OrderedRequestStreamObserver.processClientRequest(GrpcClientProtocolService.java:361) [ratis-grpc-1.1.0-913f5a4-SNAPSHOT.jar:1.1.0-913f5a4-SNAPSHOT]
	at org.apache.ratis.grpc.client.GrpcClientProtocolService$RequestStreamObserver.onNext(GrpcClientProtocolService.java:251) [ratis-grpc-1.1.0-913f5a4-SNAPSHOT.jar:1.1.0-913f5a4-SNAPSHOT]
	at org.apache.ratis.grpc.client.GrpcClientProtocolService$RequestStreamObserver.onNext(GrpcClientProtocolService.java:174) [ratis-grpc-1.1.0-913f5a4-SNAPSHOT.jar:1.1.0-913f5a4-SNAPSHOT]
	at org.apache.ratis.thirdparty.io.grpc.stub.ServerCalls$StreamingServerCallHandler$StreamingServerCallListener.onMessage(ServerCalls.java:251) [ratis-thirdparty-misc-0.6.0-SNAPSHOT.jar:0.6.0-SNAPSHOT]
	at org.apache.ratis.thirdparty.io.grpc.ForwardingServerCallListener.onMessage(ForwardingServerCallListener.java:33) [ratis-thirdparty-misc-0.6.0-SNAPSHOT.jar:0.6.0-SNAPSHOT]
	at org.apache.ratis.thirdparty.io.grpc.internal.ServerCallImpl$ServerStreamListenerImpl.messagesAvailableInternal(ServerCallImpl.java:309) [ratis-thirdparty-misc-0.6.0-SNAPSHOT.jar:0.6.0-SNAPSHOT]
	at org.apache.ratis.thirdparty.io.grpc.internal.ServerCallImpl$ServerStreamListenerImpl.messagesAvailable(ServerCallImpl.java:292) [ratis-thirdparty-misc-0.6.0-SNAPSHOT.jar:0.6.0-SNAPSHOT]
	at org.apache.ratis.thirdparty.io.grpc.internal.ServerImpl$JumpToApplicationThreadServerStreamListener$1MessagesAvailable.runInContext(ServerImpl.java:783) [ratis-thirdparty-misc-0.6.0-SNAPSHOT.jar:0.6.0-SNAPSHOT]
	at org.apache.ratis.thirdparty.io.grpc.internal.ContextRunnable.run(ContextRunnable.java:37) [ratis-thirdparty-misc-0.6.0-SNAPSHOT.jar:0.6.0-SNAPSHOT]
	at org.apache.ratis.thirdparty.io.grpc.internal.SerializingExecutor.run(SerializingExecutor.java:123) [ratis-thirdparty-misc-0.6.0-SNAPSHOT.jar:0.6.0-SNAPSHOT]
	at java.util.concurrent.ThreadPoolExecutor.runWorker(ThreadPoolExecutor.java:1149) [?:1.8.0_232]
	at java.util.concurrent.ThreadPoolExecutor$Worker.run(ThreadPoolExecutor.java:624) [?:1.8.0_232]
	at java.lang.Thread.run(Thread.java:748) [?:1.8.0_232]
2020-11-23 16:44:18,304 [grpc-default-executor-1] ERROR storage.BlockOutputStream (BlockOutputStream.java:lambda$writeChunkToContainer$3(677)) - writing chunk failed 105260636556623877_chunk_1 blockID conID: 3 locID: 105260636556623877 bcsId: 0 with exception org.apache.ratis.protocol.exceptions.StateMachineException: org.apache.hadoop.hdds.scm.container.common.helpers.ContainerNotOpenException from Server a4898ab3-e2ea-4a1b-b74b-5f89fbd14327@group-488B68F8AACF: Container 3 in CLOSED state
2020-11-23 16:44:18,314 [grpc-default-executor-1] ERROR storage.BlockOutputStream (BlockOutputStream.java:lambda$writeChunkToContainer$3(677)) - writing chunk failed 105260636556623877_chunk_2 blockID conID: 3 locID: 105260636556623877 bcsId: 0 with exception org.apache.ratis.protocol.exceptions.StateMachineException: org.apache.hadoop.hdds.scm.container.common.helpers.ContainerNotOpenException from Server a4898ab3-e2ea-4a1b-b74b-5f89fbd14327@group-488B68F8AACF: Container 3 in CLOSED state
16:44:18.317 [grpc-default-executor-2] ERROR DNAudit - user=null | ip=null | op=WRITE_CHUNK {blockData=conID: 3 locID: 105260636556623877 bcsId: 0} | ret=FAILURE
org.apache.hadoop.hdds.scm.container.common.helpers.ContainerNotOpenException: Container 3 in CLOSED state
	at org.apache.hadoop.ozone.container.common.impl.HddsDispatcher.validateContainerCommand(HddsDispatcher.java:484) ~[hadoop-hdds-container-service-1.1.0-SNAPSHOT.jar:?]
	at org.apache.hadoop.ozone.container.common.transport.server.ratis.ContainerStateMachine.startTransaction(ContainerStateMachine.java:319) ~[hadoop-hdds-container-service-1.1.0-SNAPSHOT.jar:?]
	at org.apache.ratis.server.impl.RaftServerImpl.submitClientRequestAsync(RaftServerImpl.java:723) ~[ratis-server-1.1.0-913f5a4-SNAPSHOT.jar:1.1.0-913f5a4-SNAPSHOT]
	at org.apache.ratis.server.impl.RaftServerProxy.lambda$submitClientRequestAsync$7(RaftServerProxy.java:364) ~[ratis-server-1.1.0-913f5a4-SNAPSHOT.jar:1.1.0-913f5a4-SNAPSHOT]
	at org.apache.ratis.server.impl.RaftServerProxy.lambda$null$5(RaftServerProxy.java:359) ~[ratis-server-1.1.0-913f5a4-SNAPSHOT.jar:1.1.0-913f5a4-SNAPSHOT]
	at org.apache.ratis.util.JavaUtils.callAsUnchecked(JavaUtils.java:116) ~[ratis-common-1.1.0-913f5a4-SNAPSHOT.jar:1.1.0-913f5a4-SNAPSHOT]
	at org.apache.ratis.server.impl.RaftServerProxy.lambda$submitRequest$6(RaftServerProxy.java:359) ~[ratis-server-1.1.0-913f5a4-SNAPSHOT.jar:1.1.0-913f5a4-SNAPSHOT]
	at java.util.concurrent.CompletableFuture.uniComposeStage(CompletableFuture.java:995) ~[?:1.8.0_232]
	at java.util.concurrent.CompletableFuture.thenCompose(CompletableFuture.java:2137) ~[?:1.8.0_232]
	at org.apache.ratis.server.impl.RaftServerProxy.submitRequest(RaftServerProxy.java:358) ~[ratis-server-1.1.0-913f5a4-SNAPSHOT.jar:1.1.0-913f5a4-SNAPSHOT]
	at org.apache.ratis.server.impl.RaftServerProxy.submitClientRequestAsync(RaftServerProxy.java:364) ~[ratis-server-1.1.0-913f5a4-SNAPSHOT.jar:1.1.0-913f5a4-SNAPSHOT]
	at org.apache.ratis.grpc.client.GrpcClientProtocolService$RequestStreamObserver.processClientRequest(GrpcClientProtocolService.java:231) ~[ratis-grpc-1.1.0-913f5a4-SNAPSHOT.jar:1.1.0-913f5a4-SNAPSHOT]
	at org.apache.ratis.grpc.client.GrpcClientProtocolService$OrderedRequestStreamObserver.processClientRequest(GrpcClientProtocolService.java:337) ~[ratis-grpc-1.1.0-913f5a4-SNAPSHOT.jar:1.1.0-913f5a4-SNAPSHOT]
	at org.apache.ratis.util.SlidingWindow$Server.processRequestsFromHead(SlidingWindow.java:429) [ratis-common-1.1.0-913f5a4-SNAPSHOT.jar:1.1.0-913f5a4-SNAPSHOT]
	at org.apache.ratis.util.SlidingWindow$Server.receivedRequest(SlidingWindow.java:421) [ratis-common-1.1.0-913f5a4-SNAPSHOT.jar:1.1.0-913f5a4-SNAPSHOT]
	at org.apache.ratis.grpc.client.GrpcClientProtocolService$OrderedRequestStreamObserver.processClientRequest(GrpcClientProtocolService.java:361) [ratis-grpc-1.1.0-913f5a4-SNAPSHOT.jar:1.1.0-913f5a4-SNAPSHOT]
	at org.apache.ratis.grpc.client.GrpcClientProtocolService$RequestStreamObserver.onNext(GrpcClientProtocolService.java:251) [ratis-grpc-1.1.0-913f5a4-SNAPSHOT.jar:1.1.0-913f5a4-SNAPSHOT]
	at org.apache.ratis.grpc.client.GrpcClientProtocolService$RequestStreamObserver.onNext(GrpcClientProtocolService.java:174) [ratis-grpc-1.1.0-913f5a4-SNAPSHOT.jar:1.1.0-913f5a4-SNAPSHOT]
	at org.apache.ratis.thirdparty.io.grpc.stub.ServerCalls$StreamingServerCallHandler$StreamingServerCallListener.onMessage(ServerCalls.java:251) [ratis-thirdparty-misc-0.6.0-SNAPSHOT.jar:0.6.0-SNAPSHOT]
	at org.apache.ratis.thirdparty.io.grpc.ForwardingServerCallListener.onMessage(ForwardingServerCallListener.java:33) [ratis-thirdparty-misc-0.6.0-SNAPSHOT.jar:0.6.0-SNAPSHOT]
	at org.apache.ratis.thirdparty.io.grpc.internal.ServerCallImpl$ServerStreamListenerImpl.messagesAvailableInternal(ServerCallImpl.java:309) [ratis-thirdparty-misc-0.6.0-SNAPSHOT.jar:0.6.0-SNAPSHOT]
	at org.apache.ratis.thirdparty.io.grpc.internal.ServerCallImpl$ServerStreamListenerImpl.messagesAvailable(ServerCallImpl.java:292) [ratis-thirdparty-misc-0.6.0-SNAPSHOT.jar:0.6.0-SNAPSHOT]
	at org.apache.ratis.thirdparty.io.grpc.internal.ServerImpl$JumpToApplicationThreadServerStreamListener$1MessagesAvailable.runInContext(ServerImpl.java:783) [ratis-thirdparty-misc-0.6.0-SNAPSHOT.jar:0.6.0-SNAPSHOT]
	at org.apache.ratis.thirdparty.io.grpc.internal.ContextRunnable.run(ContextRunnable.java:37) [ratis-thirdparty-misc-0.6.0-SNAPSHOT.jar:0.6.0-SNAPSHOT]
	at org.apache.ratis.thirdparty.io.grpc.internal.SerializingExecutor.run(SerializingExecutor.java:123) [ratis-thirdparty-misc-0.6.0-SNAPSHOT.jar:0.6.0-SNAPSHOT]
	at java.util.concurrent.ThreadPoolExecutor.runWorker(ThreadPoolExecutor.java:1149) [?:1.8.0_232]
	at java.util.concurrent.ThreadPoolExecutor$Worker.run(ThreadPoolExecutor.java:624) [?:1.8.0_232]
	at java.lang.Thread.run(Thread.java:748) [?:1.8.0_232]
16:44:18.319 [grpc-default-executor-2] ERROR DNAudit - user=null | ip=null | op=PUT_BLOCK {blockData=[blockId=conID: 3 locID: 105260636556623877 bcsId: 0,size=400]} | ret=FAILURE
org.apache.hadoop.hdds.scm.container.common.helpers.ContainerNotOpenException: Container 3 in CLOSED state
	at org.apache.hadoop.ozone.container.common.impl.HddsDispatcher.validateContainerCommand(HddsDispatcher.java:484) ~[hadoop-hdds-container-service-1.1.0-SNAPSHOT.jar:?]
	at org.apache.hadoop.ozone.container.common.transport.server.ratis.ContainerStateMachine.startTransaction(ContainerStateMachine.java:319) ~[hadoop-hdds-container-service-1.1.0-SNAPSHOT.jar:?]
	at org.apache.ratis.server.impl.RaftServerImpl.submitClientRequestAsync(RaftServerImpl.java:723) ~[ratis-server-1.1.0-913f5a4-SNAPSHOT.jar:1.1.0-913f5a4-SNAPSHOT]
	at org.apache.ratis.server.impl.RaftServerProxy.lambda$submitClientRequestAsync$7(RaftServerProxy.java:364) ~[ratis-server-1.1.0-913f5a4-SNAPSHOT.jar:1.1.0-913f5a4-SNAPSHOT]
	at org.apache.ratis.server.impl.RaftServerProxy.lambda$null$5(RaftServerProxy.java:359) ~[ratis-server-1.1.0-913f5a4-SNAPSHOT.jar:1.1.0-913f5a4-SNAPSHOT]
	at org.apache.ratis.util.JavaUtils.callAsUnchecked(JavaUtils.java:116) ~[ratis-common-1.1.0-913f5a4-SNAPSHOT.jar:1.1.0-913f5a4-SNAPSHOT]
	at org.apache.ratis.server.impl.RaftServerProxy.lambda$submitRequest$6(RaftServerProxy.java:359) ~[ratis-server-1.1.0-913f5a4-SNAPSHOT.jar:1.1.0-913f5a4-SNAPSHOT]
	at java.util.concurrent.CompletableFuture.uniComposeStage(CompletableFuture.java:995) ~[?:1.8.0_232]
	at java.util.concurrent.CompletableFuture.thenCompose(CompletableFuture.java:2137) ~[?:1.8.0_232]
	at org.apache.ratis.server.impl.RaftServerProxy.submitRequest(RaftServerProxy.java:358) ~[ratis-server-1.1.0-913f5a4-SNAPSHOT.jar:1.1.0-913f5a4-SNAPSHOT]
	at org.apache.ratis.server.impl.RaftServerProxy.submitClientRequestAsync(RaftServerProxy.java:364) ~[ratis-server-1.1.0-913f5a4-SNAPSHOT.jar:1.1.0-913f5a4-SNAPSHOT]
	at org.apache.ratis.grpc.client.GrpcClientProtocolService$RequestStreamObserver.processClientRequest(GrpcClientProtocolService.java:231) ~[ratis-grpc-1.1.0-913f5a4-SNAPSHOT.jar:1.1.0-913f5a4-SNAPSHOT]
	at org.apache.ratis.grpc.client.GrpcClientProtocolService$OrderedRequestStreamObserver.processClientRequest(GrpcClientProtocolService.java:337) ~[ratis-grpc-1.1.0-913f5a4-SNAPSHOT.jar:1.1.0-913f5a4-SNAPSHOT]
	at org.apache.ratis.util.SlidingWindow$Server.processRequestsFromHead(SlidingWindow.java:429) [ratis-common-1.1.0-913f5a4-SNAPSHOT.jar:1.1.0-913f5a4-SNAPSHOT]
	at org.apache.ratis.util.SlidingWindow$Server.receivedRequest(SlidingWindow.java:421) [ratis-common-1.1.0-913f5a4-SNAPSHOT.jar:1.1.0-913f5a4-SNAPSHOT]
	at org.apache.ratis.grpc.client.GrpcClientProtocolService$OrderedRequestStreamObserver.processClientRequest(GrpcClientProtocolService.java:361) [ratis-grpc-1.1.0-913f5a4-SNAPSHOT.jar:1.1.0-913f5a4-SNAPSHOT]
	at org.apache.ratis.grpc.client.GrpcClientProtocolService$RequestStreamObserver.onNext(GrpcClientProtocolService.java:251) [ratis-grpc-1.1.0-913f5a4-SNAPSHOT.jar:1.1.0-913f5a4-SNAPSHOT]
	at org.apache.ratis.grpc.client.GrpcClientProtocolService$RequestStreamObserver.onNext(GrpcClientProtocolService.java:174) [ratis-grpc-1.1.0-913f5a4-SNAPSHOT.jar:1.1.0-913f5a4-SNAPSHOT]
	at org.apache.ratis.thirdparty.io.grpc.stub.ServerCalls$StreamingServerCallHandler$StreamingServerCallListener.onMessage(ServerCalls.java:251) [ratis-thirdparty-misc-0.6.0-SNAPSHOT.jar:0.6.0-SNAPSHOT]
	at org.apache.ratis.thirdparty.io.grpc.ForwardingServerCallListener.onMessage(ForwardingServerCallListener.java:33) [ratis-thirdparty-misc-0.6.0-SNAPSHOT.jar:0.6.0-SNAPSHOT]
	at org.apache.ratis.thirdparty.io.grpc.internal.ServerCallImpl$ServerStreamListenerImpl.messagesAvailableInternal(ServerCallImpl.java:309) [ratis-thirdparty-misc-0.6.0-SNAPSHOT.jar:0.6.0-SNAPSHOT]
	at org.apache.ratis.thirdparty.io.grpc.internal.ServerCallImpl$ServerStreamListenerImpl.messagesAvailable(ServerCallImpl.java:292) [ratis-thirdparty-misc-0.6.0-SNAPSHOT.jar:0.6.0-SNAPSHOT]
	at org.apache.ratis.thirdparty.io.grpc.internal.ServerImpl$JumpToApplicationThreadServerStreamListener$1MessagesAvailable.runInContext(ServerImpl.java:783) [ratis-thirdparty-misc-0.6.0-SNAPSHOT.jar:0.6.0-SNAPSHOT]
	at org.apache.ratis.thirdparty.io.grpc.internal.ContextRunnable.run(ContextRunnable.java:37) [ratis-thirdparty-misc-0.6.0-SNAPSHOT.jar:0.6.0-SNAPSHOT]
	at org.apache.ratis.thirdparty.io.grpc.internal.SerializingExecutor.run(SerializingExecutor.java:123) [ratis-thirdparty-misc-0.6.0-SNAPSHOT.jar:0.6.0-SNAPSHOT]
	at java.util.concurrent.ThreadPoolExecutor.runWorker(ThreadPoolExecutor.java:1149) [?:1.8.0_232]
	at java.util.concurrent.ThreadPoolExecutor$Worker.run(ThreadPoolExecutor.java:624) [?:1.8.0_232]
	at java.lang.Thread.run(Thread.java:748) [?:1.8.0_232]
2020-11-23 16:44:18,327 [grpc-default-executor-2] ERROR storage.BlockOutputStream (BlockOutputStream.java:lambda$writeChunkToContainer$3(677)) - writing chunk failed 105260636556623877_chunk_3 blockID conID: 3 locID: 105260636556623877 bcsId: 0 with exception org.apache.ratis.protocol.exceptions.StateMachineException: org.apache.hadoop.hdds.scm.container.common.helpers.ContainerNotOpenException from Server a4898ab3-e2ea-4a1b-b74b-5f89fbd14327@group-488B68F8AACF: Container 3 in CLOSED state
2020-11-23 16:44:18,331 [grpc-default-executor-2] ERROR storage.BlockOutputStream (BlockOutputStream.java:lambda$writeChunkToContainer$3(677)) - writing chunk failed 105260636556623877_chunk_4 blockID conID: 3 locID: 105260636556623877 bcsId: 0 with exception org.apache.ratis.protocol.exceptions.StateMachineException: org.apache.hadoop.hdds.scm.container.common.helpers.ContainerNotOpenException from Server a4898ab3-e2ea-4a1b-b74b-5f89fbd14327@group-488B68F8AACF: Container 3 in CLOSED state
2020-11-23 16:44:18,337 [Listener at 127.0.0.1/36807] INFO  io.BlockOutputStreamEntryPool (BlockOutputStreamEntryPool.java:allocateNewBlock(241)) - Allocating block with ExcludeList {datanodes = [], containerIds = [#1, #2, #3], pipelineIds = []}
2020-11-23 16:44:18,395 [Listener at 127.0.0.1/36807] INFO  ozone.MiniOzoneClusterImpl (MiniOzoneClusterImpl.java:shutdown(388)) - Shutting down the Mini Ozone Cluster
2020-11-23 16:44:18,395 [Listener at 127.0.0.1/36807] INFO  ozone.MiniOzoneClusterImpl (MiniOzoneClusterImpl.java:stop(403)) - Stopping the Mini Ozone Cluster
2020-11-23 16:44:18,395 [Listener at 127.0.0.1/36807] INFO  ozone.MiniOzoneClusterImpl (MiniOzoneClusterImpl.java:stopOM(485)) - Stopping the OzoneManager
2020-11-23 16:44:18,395 [Listener at 127.0.0.1/36807] INFO  ipc.Server (Server.java:stop(3359)) - Stopping server on 36807
2020-11-23 16:44:18,399 [IPC Server listener on 0] INFO  ipc.Server (Server.java:run(1330)) - Stopping IPC Server listener on 0
2020-11-23 16:44:18,401 [Listener at 127.0.0.1/36807] INFO  ratis.OzoneManagerDoubleBuffer (OzoneManagerDoubleBuffer.java:stop(457)) - Stopping OMDoubleBuffer flush thread
2020-11-23 16:44:18,401 [IPC Server Responder] INFO  ipc.Server (Server.java:run(1465)) - Stopping IPC Server Responder
2020-11-23 16:44:18,401 [OMDoubleBufferFlushThread] INFO  ratis.OzoneManagerDoubleBuffer (OzoneManagerDoubleBuffer.java:flushTransactions(356)) - OMDoubleBuffer flush thread OMDoubleBufferFlushThread is interrupted and will exit. OMDoubleBufferFlushThread
2020-11-23 16:44:18,401 [Listener at 127.0.0.1/36807] INFO  utils.BackgroundService (BackgroundService.java:shutdown(132)) - Shutting down service KeyDeletingService
2020-11-23 16:44:18,402 [Listener at 127.0.0.1/36807] INFO  handler.ContextHandler (ContextHandler.java:doStop(1154)) - Stopped o.e.j.w.WebAppContext@712600e8{ozoneManager,/,null,STOPPED}{file:/github/workspace/mnt/ozone/hadoop-ozone/integration-test/target/test-classes/webapps/ozoneManager}
2020-11-23 16:44:18,403 [Listener at 127.0.0.1/36807] INFO  server.AbstractConnector (AbstractConnector.java:doStop(381)) - Stopped ServerConnector@35729e55{HTTP/1.1, (http/1.1)}{0.0.0.0:0}
2020-11-23 16:44:18,404 [Listener at 127.0.0.1/36807] INFO  server.session (HouseKeeper.java:stopScavenging(149)) - node0 Stopped scavenging
2020-11-23 16:44:18,404 [Listener at 127.0.0.1/36807] INFO  handler.ContextHandler (ContextHandler.java:doStop(1154)) - Stopped o.e.j.s.ServletContextHandler@55ce00ea{static,/static,file:///github/workspace/mnt/ozone/hadoop-ozone/integration-test/target/test-classes/webapps/static,STOPPED}
2020-11-23 16:44:18,404 [Listener at 127.0.0.1/36807] INFO  handler.ContextHandler (ContextHandler.java:doStop(1154)) - Stopped o.e.j.s.ServletContextHandler@66fe1c80{logs,/logs,file:///github/workspace/mnt/ozone/hadoop-ozone/integration-test/target/log,STOPPED}
2020-11-23 16:44:18,406 [Listener at 127.0.0.1/36807] INFO  ozone.MiniOzoneClusterImpl (MiniOzoneClusterImpl.java:stopDatanodes(462)) - Stopping the HddsDatanodes
2020-11-23 16:44:18,612 [Datanode State Machine Thread - 0] INFO  statemachine.DatanodeStateMachine (DatanodeStateMachine.java:lambda$startDaemon$0(406)) - Ozone container server started.
2020-11-23 16:44:18,685 [Datanode State Machine Thread - 0] INFO  statemachine.DatanodeStateMachine (DatanodeStateMachine.java:lambda$startDaemon$0(406)) - Ozone container server started.
2020-11-23 16:44:19,373 [org.apache.ratis.server.JvmPauseMonitor@744c46eb-Monitor] WARN  server.JvmPauseMonitor (JvmPauseMonitor.java:run(141)) - Detected pause in JVM or host machine (eg GC): pause of approximately 1ms
No GCs detected
2020-11-23 16:44:23,407 [ForkJoinPool.commonPool-worker-0] INFO  ozoneimpl.OzoneContainer (OzoneContainer.java:stop(257)) - Attempting to stop container services.
2020-11-23 16:44:23,409 [ForkJoinPool.commonPool-worker-0] INFO  impl.RaftServerProxy (RaftServerProxy.java:lambda$close$4(338)) - 3a30c70a-afb4-4972-9ec7-d80bc6a022c1: close
2020-11-23 16:44:23,410 [ForkJoinPool.commonPool-worker-0] INFO  impl.RaftServerImpl (RaftServerImpl.java:lambda$shutdown$3(328)) - 3a30c70a-afb4-4972-9ec7-d80bc6a022c1@group-77A16D44A77E: shutdown
2020-11-23 16:44:23,409 [Listener at 127.0.0.1/36807] INFO  ozoneimpl.OzoneContainer (OzoneContainer.java:stop(257)) - Attempting to stop container services.
2020-11-23 16:44:23,410 [Listener at 127.0.0.1/36807] INFO  impl.RaftServerProxy (RaftServerProxy.java:lambda$close$4(338)) - 7965236a-9e62-42d8-a24d-3e89ca899055: close
2020-11-23 16:44:23,410 [ForkJoinPool.commonPool-worker-0] INFO  util.JmxRegister (JmxRegister.java:unregister(73)) - Successfully un-registered JMX Bean with object name Ratis:service=RaftServer,group=group-77A16D44A77E,id=3a30c70a-afb4-4972-9ec7-d80bc6a022c1
2020-11-23 16:44:23,411 [ForkJoinPool.commonPool-worker-0] INFO  impl.RoleInfo (RoleInfo.java:shutdownLeaderState(104)) - 3a30c70a-afb4-4972-9ec7-d80bc6a022c1: shutdown 3a30c70a-afb4-4972-9ec7-d80bc6a022c1@group-77A16D44A77E-LeaderState
2020-11-23 16:44:23,411 [ForkJoinPool.commonPool-worker-0] INFO  impl.PendingRequests (PendingRequests.java:sendNotLeaderResponses(250)) - 3a30c70a-afb4-4972-9ec7-d80bc6a022c1@group-77A16D44A77E-PendingRequests: sendNotLeaderResponses
2020-11-23 16:44:23,411 [ForkJoinPool.commonPool-worker-0] INFO  metrics.RatisMetrics (RatisMetrics.java:unregister(43)) - Unregistering Metrics Registry : ratis.log_appender.3a30c70a-afb4-4972-9ec7-d80bc6a022c1@group-77A16D44A77E
2020-11-23 16:44:23,411 [Listener at 127.0.0.1/36807] INFO  impl.RaftServerImpl (RaftServerImpl.java:lambda$shutdown$3(328)) - 7965236a-9e62-42d8-a24d-3e89ca899055@group-2A94E35DD877: shutdown
2020-11-23 16:44:23,411 [ForkJoinPool.commonPool-worker-0] INFO  metrics.RatisMetrics (RatisMetrics.java:unregister(43)) - Unregistering Metrics Registry : ratis.server.3a30c70a-afb4-4972-9ec7-d80bc6a022c1@group-77A16D44A77E
2020-11-23 16:44:23,412 [Listener at 127.0.0.1/36807] INFO  util.JmxRegister (JmxRegister.java:unregister(73)) - Successfully un-registered JMX Bean with object name Ratis:service=RaftServer,group=group-2A94E35DD877,id=7965236a-9e62-42d8-a24d-3e89ca899055
2020-11-23 16:44:23,412 [Listener at 127.0.0.1/36807] INFO  impl.RoleInfo (RoleInfo.java:shutdownLeaderState(104)) - 7965236a-9e62-42d8-a24d-3e89ca899055: shutdown 7965236a-9e62-42d8-a24d-3e89ca899055@group-2A94E35DD877-LeaderState
2020-11-23 16:44:23,414 [Listener at 127.0.0.1/36807] INFO  impl.PendingRequests (PendingRequests.java:sendNotLeaderResponses(250)) - 7965236a-9e62-42d8-a24d-3e89ca899055@group-2A94E35DD877-PendingRequests: sendNotLeaderResponses
2020-11-23 16:44:23,414 [Listener at 127.0.0.1/36807] INFO  metrics.RatisMetrics (RatisMetrics.java:unregister(43)) - Unregistering Metrics Registry : ratis.log_appender.7965236a-9e62-42d8-a24d-3e89ca899055@group-2A94E35DD877
2020-11-23 16:44:23,414 [Listener at 127.0.0.1/36807] INFO  metrics.RatisMetrics (RatisMetrics.java:unregister(43)) - Unregistering Metrics Registry : ratis.server.7965236a-9e62-42d8-a24d-3e89ca899055@group-2A94E35DD877
2020-11-23 16:44:23,412 [ForkJoinPool.commonPool-worker-0] INFO  impl.StateMachineUpdater (StateMachineUpdater.java:stopAndJoin(147)) - 3a30c70a-afb4-4972-9ec7-d80bc6a022c1@group-77A16D44A77E-StateMachineUpdater: set stopIndex = 0
2020-11-23 16:44:23,412 [3a30c70a-afb4-4972-9ec7-d80bc6a022c1@group-77A16D44A77E-StateMachineUpdater] INFO  ratis.ContainerStateMachine (ContainerStateMachine.java:takeSnapshot(293)) - group-77A16D44A77E: Taking a snapshot at:(t:1, i:0) file /github/workspace/mnt/ozone/hadoop-ozone/integration-test/target/test-dir/MiniOzoneClusterImpl-1f6412f7-deda-49d6-8890-c33526f8416a/datanode-1/data/ratis/ad56f08d-aa1f-4db6-ada8-77a16d44a77e/sm/snapshot.1_0
2020-11-23 16:44:23,416 [3a30c70a-afb4-4972-9ec7-d80bc6a022c1@group-77A16D44A77E-StateMachineUpdater] INFO  ratis.ContainerStateMachine (ContainerStateMachine.java:takeSnapshot(304)) - group-77A16D44A77E: Finished taking a snapshot at:(t:1, i:0) file:/github/workspace/mnt/ozone/hadoop-ozone/integration-test/target/test-dir/MiniOzoneClusterImpl-1f6412f7-deda-49d6-8890-c33526f8416a/datanode-1/data/ratis/ad56f08d-aa1f-4db6-ada8-77a16d44a77e/sm/snapshot.1_0 time:4
2020-11-23 16:44:23,416 [3a30c70a-afb4-4972-9ec7-d80bc6a022c1@group-77A16D44A77E-StateMachineUpdater] INFO  impl.StateMachineUpdater (StateMachineUpdater.java:takeSnapshot(278)) - 3a30c70a-afb4-4972-9ec7-d80bc6a022c1@group-77A16D44A77E-StateMachineUpdater: Took a snapshot at index 0
2020-11-23 16:44:23,416 [3a30c70a-afb4-4972-9ec7-d80bc6a022c1@group-77A16D44A77E-StateMachineUpdater] INFO  impl.StateMachineUpdater (StateMachineUpdater.java:lambda$new$0(87)) - 3a30c70a-afb4-4972-9ec7-d80bc6a022c1@group-77A16D44A77E-StateMachineUpdater: snapshotIndex: updateIncreasingly -1 -> 0
2020-11-23 16:44:23,417 [3a30c70a-afb4-4972-9ec7-d80bc6a022c1@group-77A16D44A77E-StateMachineUpdater] INFO  metrics.RatisMetrics (RatisMetrics.java:unregister(43)) - Unregistering Metrics Registry : ratis.state_machine.3a30c70a-afb4-4972-9ec7-d80bc6a022c1@group-77A16D44A77E
2020-11-23 16:44:23,417 [ForkJoinPool.commonPool-worker-0] INFO  impl.RaftServerImpl (ServerState.java:close(406)) - 3a30c70a-afb4-4972-9ec7-d80bc6a022c1@group-77A16D44A77E: closes. applyIndex: 0
2020-11-23 16:44:23,417 [3a30c70a-afb4-4972-9ec7-d80bc6a022c1@group-77A16D44A77E-SegmentedRaftLogWorker] INFO  segmented.SegmentedRaftLogWorker (SegmentedRaftLogWorker.java:run(329)) - 3a30c70a-afb4-4972-9ec7-d80bc6a022c1@group-77A16D44A77E-SegmentedRaftLogWorker was interrupted, exiting. There are 0 tasks remaining in the queue.
2020-11-23 16:44:23,418 [ForkJoinPool.commonPool-worker-0] INFO  segmented.SegmentedRaftLogWorker (SegmentedRaftLogWorker.java:close(235)) - 3a30c70a-afb4-4972-9ec7-d80bc6a022c1@group-77A16D44A77E-SegmentedRaftLogWorker close()
2020-11-23 16:44:23,419 [ForkJoinPool.commonPool-worker-0] INFO  metrics.RatisMetrics (RatisMetrics.java:unregister(43)) - Unregistering Metrics Registry : ratis.log_worker.3a30c70a-afb4-4972-9ec7-d80bc6a022c1@group-77A16D44A77E
2020-11-23 16:44:23,419 [ForkJoinPool.commonPool-worker-0] INFO  metrics.RatisMetrics (RatisMetrics.java:unregister(43)) - Unregistering Metrics Registry : ratis.leader_election.3a30c70a-afb4-4972-9ec7-d80bc6a022c1@group-77A16D44A77E
2020-11-23 16:44:23,419 [ForkJoinPool.commonPool-worker-0] INFO  metrics.RatisMetrics (RatisMetrics.java:unregister(43)) - Unregistering Metrics Registry : ratis.server.3a30c70a-afb4-4972-9ec7-d80bc6a022c1@group-77A16D44A77E
2020-11-23 16:44:23,419 [ForkJoinPool.commonPool-worker-0] INFO  impl.RaftServerImpl (RaftServerImpl.java:lambda$shutdown$3(328)) - 3a30c70a-afb4-4972-9ec7-d80bc6a022c1@group-C4C2DEFD60A4: shutdown
2020-11-23 16:44:23,419 [ForkJoinPool.commonPool-worker-0] INFO  util.JmxRegister (JmxRegister.java:unregister(73)) - Successfully un-registered JMX Bean with object name Ratis:service=RaftServer,group=group-C4C2DEFD60A4,id=3a30c70a-afb4-4972-9ec7-d80bc6a022c1
2020-11-23 16:44:23,419 [ForkJoinPool.commonPool-worker-0] INFO  impl.RoleInfo (RoleInfo.java:shutdownLeaderState(104)) - 3a30c70a-afb4-4972-9ec7-d80bc6a022c1: shutdown 3a30c70a-afb4-4972-9ec7-d80bc6a022c1@group-C4C2DEFD60A4-LeaderState
2020-11-23 16:44:23,419 [ForkJoinPool.commonPool-worker-0] INFO  metrics.RatisMetrics (RatisMetrics.java:unregister(43)) - Unregistering Metrics Registry : ratis_grpc.log_appender.3a30c70a-afb4-4972-9ec7-d80bc6a022c1@group-C4C2DEFD60A4
2020-11-23 16:44:23,420 [ForkJoinPool.commonPool-worker-0] INFO  metrics.RatisMetrics (RatisMetrics.java:unregister(43)) - Unregistering Metrics Registry : ratis_grpc.log_appender.3a30c70a-afb4-4972-9ec7-d80bc6a022c1@group-C4C2DEFD60A4
2020-11-23 16:44:23,420 [org.apache.ratis.server.impl.LogAppender$AppenderDaemon$$Lambda$453/1455521784@5e3bda2d] WARN  server.GrpcLogAppender (GrpcLogAppender.java:mayWait(168)) - 3a30c70a-afb4-4972-9ec7-d80bc6a022c1@group-C4C2DEFD60A4->7af6e544-b19e-4e2d-9251-ecb63652227a-GrpcLogAppender: Wait interrupted by java.lang.InterruptedException
2020-11-23 16:44:23,420 [grpc-default-executor-2] INFO  server.GrpcServerProtocolService (GrpcServerProtocolService.java:onCompleted(138)) - 7af6e544-b19e-4e2d-9251-ecb63652227a: Completed APPEND_ENTRIES, lastRequest: 3a30c70a-afb4-4972-9ec7-d80bc6a022c1->7af6e544-b19e-4e2d-9251-ecb63652227a#1-t1, previous=(t:0, i:0), leaderCommit=0, initializing? false, entries: size=1, first=(t:1, i:0), CONFIGURATIONENTRY
2020-11-23 16:44:23,421 [grpc-default-executor-1] INFO  server.GrpcLogAppender (GrpcLogAppender.java:onCompleted(337)) - 3a30c70a-afb4-4972-9ec7-d80bc6a022c1@group-C4C2DEFD60A4->7af6e544-b19e-4e2d-9251-ecb63652227a-AppendLogResponseHandler: follower responses appendEntries COMPLETED
2020-11-23 16:44:23,421 [org.apache.ratis.server.impl.LogAppender$AppenderDaemon$$Lambda$453/1455521784@727096eb] WARN  server.GrpcLogAppender (GrpcLogAppender.java:mayWait(168)) - 3a30c70a-afb4-4972-9ec7-d80bc6a022c1@group-C4C2DEFD60A4->915951e0-2de3-47e7-b2a6-49572f683f02-GrpcLogAppender: Wait interrupted by java.lang.InterruptedException
2020-11-23 16:44:23,422 [ForkJoinPool.commonPool-worker-0] INFO  impl.PendingRequests (PendingRequests.java:sendNotLeaderResponses(250)) - 3a30c70a-afb4-4972-9ec7-d80bc6a022c1@group-C4C2DEFD60A4-PendingRequests: sendNotLeaderResponses
2020-11-23 16:44:23,422 [ForkJoinPool.commonPool-worker-0] INFO  metrics.RatisMetrics (RatisMetrics.java:unregister(43)) - Unregistering Metrics Registry : ratis.log_appender.3a30c70a-afb4-4972-9ec7-d80bc6a022c1@group-C4C2DEFD60A4
2020-11-23 16:44:23,422 [ForkJoinPool.commonPool-worker-0] INFO  metrics.RatisMetrics (RatisMetrics.java:unregister(43)) - Unregistering Metrics Registry : ratis.server.3a30c70a-afb4-4972-9ec7-d80bc6a022c1@group-C4C2DEFD60A4
2020-11-23 16:44:23,423 [ForkJoinPool.commonPool-worker-0] INFO  impl.StateMachineUpdater (StateMachineUpdater.java:stopAndJoin(147)) - 3a30c70a-afb4-4972-9ec7-d80bc6a022c1@group-C4C2DEFD60A4-StateMachineUpdater: set stopIndex = 0
2020-11-23 16:44:23,421 [grpc-default-executor-1] INFO  impl.FollowerInfo (FollowerInfo.java:lambda$new$0(51)) - 3a30c70a-afb4-4972-9ec7-d80bc6a022c1@group-C4C2DEFD60A4->7af6e544-b19e-4e2d-9251-ecb63652227a: nextIndex: updateUnconditionally 1 -> 0
2020-11-23 16:44:23,424 [7965236a-9e62-42d8-a24d-3e89ca899055@group-2A94E35DD877-StateMachineUpdater] INFO  ratis.ContainerStateMachine (ContainerStateMachine.java:takeSnapshot(293)) - group-2A94E35DD877: Taking a snapshot at:(t:1, i:0) file /github/workspace/mnt/ozone/hadoop-ozone/integration-test/target/test-dir/MiniOzoneClusterImpl-1f6412f7-deda-49d6-8890-c33526f8416a/datanode-4/data/ratis/0228781e-f8fd-411a-95df-2a94e35dd877/sm/snapshot.1_0
2020-11-23 16:44:23,425 [7965236a-9e62-42d8-a24d-3e89ca899055@group-2A94E35DD877-StateMachineUpdater] INFO  ratis.ContainerStateMachine (ContainerStateMachine.java:takeSnapshot(304)) - group-2A94E35DD877: Finished taking a snapshot at:(t:1, i:0) file:/github/workspace/mnt/ozone/hadoop-ozone/integration-test/target/test-dir/MiniOzoneClusterImpl-1f6412f7-deda-49d6-8890-c33526f8416a/datanode-4/data/ratis/0228781e-f8fd-411a-95df-2a94e35dd877/sm/snapshot.1_0 time:2
2020-11-23 16:44:23,425 [7965236a-9e62-42d8-a24d-3e89ca899055@group-2A94E35DD877-StateMachineUpdater] INFO  impl.StateMachineUpdater (StateMachineUpdater.java:takeSnapshot(278)) - 7965236a-9e62-42d8-a24d-3e89ca899055@group-2A94E35DD877-StateMachineUpdater: Took a snapshot at index 0
2020-11-23 16:44:23,425 [7965236a-9e62-42d8-a24d-3e89ca899055@group-2A94E35DD877-StateMachineUpdater] INFO  impl.StateMachineUpdater (StateMachineUpdater.java:lambda$new$0(87)) - 7965236a-9e62-42d8-a24d-3e89ca899055@group-2A94E35DD877-StateMachineUpdater: snapshotIndex: updateIncreasingly -1 -> 0
2020-11-23 16:44:23,425 [7965236a-9e62-42d8-a24d-3e89ca899055@group-2A94E35DD877-StateMachineUpdater] INFO  metrics.RatisMetrics (RatisMetrics.java:unregister(43)) - Unregistering Metrics Registry : ratis.state_machine.7965236a-9e62-42d8-a24d-3e89ca899055@group-2A94E35DD877
2020-11-23 16:44:23,426 [grpc-default-executor-0] INFO  server.GrpcServerProtocolService (GrpcServerProtocolService.java:onCompleted(138)) - 915951e0-2de3-47e7-b2a6-49572f683f02: Completed APPEND_ENTRIES, lastRequest: 3a30c70a-afb4-4972-9ec7-d80bc6a022c1->915951e0-2de3-47e7-b2a6-49572f683f02#1-t1, previous=(t:0, i:0), leaderCommit=0, initializing? false, entries: size=1, first=(t:1, i:0), CONFIGURATIONENTRY
2020-11-23 16:44:23,426 [3a30c70a-afb4-4972-9ec7-d80bc6a022c1@group-C4C2DEFD60A4-StateMachineUpdater] INFO  ratis.ContainerStateMachine (ContainerStateMachine.java:takeSnapshot(293)) - group-C4C2DEFD60A4: Taking a snapshot at:(t:1, i:0) file /github/workspace/mnt/ozone/hadoop-ozone/integration-test/target/test-dir/MiniOzoneClusterImpl-1f6412f7-deda-49d6-8890-c33526f8416a/datanode-1/data/ratis/18d1ce86-700c-46a9-a4b0-c4c2defd60a4/sm/snapshot.1_0
2020-11-23 16:44:23,428 [Listener at 127.0.0.1/36807] INFO  impl.StateMachineUpdater (StateMachineUpdater.java:stopAndJoin(147)) - 7965236a-9e62-42d8-a24d-3e89ca899055@group-2A94E35DD877-StateMachineUpdater: set stopIndex = 0
2020-11-23 16:44:23,429 [3a30c70a-afb4-4972-9ec7-d80bc6a022c1@group-C4C2DEFD60A4-StateMachineUpdater] INFO  ratis.ContainerStateMachine (ContainerStateMachine.java:takeSnapshot(304)) - group-C4C2DEFD60A4: Finished taking a snapshot at:(t:1, i:0) file:/github/workspace/mnt/ozone/hadoop-ozone/integration-test/target/test-dir/MiniOzoneClusterImpl-1f6412f7-deda-49d6-8890-c33526f8416a/datanode-1/data/ratis/18d1ce86-700c-46a9-a4b0-c4c2defd60a4/sm/snapshot.1_0 time:3
2020-11-23 16:44:23,428 [grpc-default-executor-2] INFO  server.GrpcLogAppender (GrpcLogAppender.java:onCompleted(337)) - 3a30c70a-afb4-4972-9ec7-d80bc6a022c1@group-C4C2DEFD60A4->915951e0-2de3-47e7-b2a6-49572f683f02-AppendLogResponseHandler: follower responses appendEntries COMPLETED
2020-11-23 16:44:23,432 [grpc-default-executor-2] INFO  impl.FollowerInfo (FollowerInfo.java:lambda$new$0(51)) - 3a30c70a-afb4-4972-9ec7-d80bc6a022c1@group-C4C2DEFD60A4->915951e0-2de3-47e7-b2a6-49572f683f02: nextIndex: updateUnconditionally 1 -> 0
2020-11-23 16:44:23,432 [3a30c70a-afb4-4972-9ec7-d80bc6a022c1@group-C4C2DEFD60A4-StateMachineUpdater] INFO  impl.StateMachineUpdater (StateMachineUpdater.java:takeSnapshot(278)) - 3a30c70a-afb4-4972-9ec7-d80bc6a022c1@group-C4C2DEFD60A4-StateMachineUpdater: Took a snapshot at index 0
2020-11-23 16:44:23,432 [3a30c70a-afb4-4972-9ec7-d80bc6a022c1@group-C4C2DEFD60A4-StateMachineUpdater] INFO  impl.StateMachineUpdater (StateMachineUpdater.java:lambda$new$0(87)) - 3a30c70a-afb4-4972-9ec7-d80bc6a022c1@group-C4C2DEFD60A4-StateMachineUpdater: snapshotIndex: updateIncreasingly -1 -> 0
2020-11-23 16:44:23,432 [3a30c70a-afb4-4972-9ec7-d80bc6a022c1@group-C4C2DEFD60A4-StateMachineUpdater] INFO  metrics.RatisMetrics (RatisMetrics.java:unregister(43)) - Unregistering Metrics Registry : ratis.state_machine.3a30c70a-afb4-4972-9ec7-d80bc6a022c1@group-C4C2DEFD60A4
2020-11-23 16:44:23,432 [ForkJoinPool.commonPool-worker-0] INFO  impl.RaftServerImpl (ServerState.java:close(406)) - 3a30c70a-afb4-4972-9ec7-d80bc6a022c1@group-C4C2DEFD60A4: closes. applyIndex: 0
2020-11-23 16:44:23,432 [3a30c70a-afb4-4972-9ec7-d80bc6a022c1@group-C4C2DEFD60A4-SegmentedRaftLogWorker] INFO  segmented.SegmentedRaftLogWorker (SegmentedRaftLogWorker.java:run(329)) - 3a30c70a-afb4-4972-9ec7-d80bc6a022c1@group-C4C2DEFD60A4-SegmentedRaftLogWorker was interrupted, exiting. There are 0 tasks remaining in the queue.
2020-11-23 16:44:23,433 [ForkJoinPool.commonPool-worker-0] INFO  segmented.SegmentedRaftLogWorker (SegmentedRaftLogWorker.java:close(235)) - 3a30c70a-afb4-4972-9ec7-d80bc6a022c1@group-C4C2DEFD60A4-SegmentedRaftLogWorker close()
2020-11-23 16:44:23,434 [ForkJoinPool.commonPool-worker-0] INFO  metrics.RatisMetrics (RatisMetrics.java:unregister(43)) - Unregistering Metrics Registry : ratis.log_worker.3a30c70a-afb4-4972-9ec7-d80bc6a022c1@group-C4C2DEFD60A4
2020-11-23 16:44:23,435 [ForkJoinPool.commonPool-worker-0] INFO  metrics.RatisMetrics (RatisMetrics.java:unregister(43)) - Unregistering Metrics Registry : ratis.leader_election.3a30c70a-afb4-4972-9ec7-d80bc6a022c1@group-C4C2DEFD60A4
2020-11-23 16:44:23,435 [ForkJoinPool.commonPool-worker-0] INFO  metrics.RatisMetrics (RatisMetrics.java:unregister(43)) - Unregistering Metrics Registry : ratis.server.3a30c70a-afb4-4972-9ec7-d80bc6a022c1@group-C4C2DEFD60A4
2020-11-23 16:44:23,435 [ForkJoinPool.commonPool-worker-0] INFO  server.GrpcService (GrpcService.java:closeImpl(184)) - 3a30c70a-afb4-4972-9ec7-d80bc6a022c1: shutdown server with port 44169 now
2020-11-23 16:44:23,439 [ForkJoinPool.commonPool-worker-0] INFO  server.GrpcService (GrpcService.java:closeImpl(193)) - 3a30c70a-afb4-4972-9ec7-d80bc6a022c1: shutdown server with port 44169 successfully
2020-11-23 16:44:23,441 [Listener at 127.0.0.1/36807] INFO  impl.RaftServerImpl (ServerState.java:close(406)) - 7965236a-9e62-42d8-a24d-3e89ca899055@group-2A94E35DD877: closes. applyIndex: 0
2020-11-23 16:44:23,450 [7965236a-9e62-42d8-a24d-3e89ca899055@group-2A94E35DD877-SegmentedRaftLogWorker] INFO  segmented.SegmentedRaftLogWorker (SegmentedRaftLogWorker.java:run(329)) - 7965236a-9e62-42d8-a24d-3e89ca899055@group-2A94E35DD877-SegmentedRaftLogWorker was interrupted, exiting. There are 0 tasks remaining in the queue.
2020-11-23 16:44:23,451 [Listener at 127.0.0.1/36807] INFO  segmented.SegmentedRaftLogWorker (SegmentedRaftLogWorker.java:close(235)) - 7965236a-9e62-42d8-a24d-3e89ca899055@group-2A94E35DD877-SegmentedRaftLogWorker close()
2020-11-23 16:44:23,452 [ForkJoinPool.commonPool-worker-0] INFO  utils.BackgroundService (BackgroundService.java:shutdown(132)) - Shutting down service BlockDeletingService
2020-11-23 16:44:23,453 [Listener at 127.0.0.1/36807] INFO  metrics.RatisMetrics (RatisMetrics.java:unregister(43)) - Unregistering Metrics Registry : ratis.log_worker.7965236a-9e62-42d8-a24d-3e89ca899055@group-2A94E35DD877
2020-11-23 16:44:23,453 [Listener at 127.0.0.1/36807] INFO  metrics.RatisMetrics (RatisMetrics.java:unregister(43)) - Unregistering Metrics Registry : ratis.leader_election.7965236a-9e62-42d8-a24d-3e89ca899055@group-2A94E35DD877
2020-11-23 16:44:23,453 [Listener at 127.0.0.1/36807] INFO  metrics.RatisMetrics (RatisMetrics.java:unregister(43)) - Unregistering Metrics Registry : ratis.server.7965236a-9e62-42d8-a24d-3e89ca899055@group-2A94E35DD877
2020-11-23 16:44:23,453 [Listener at 127.0.0.1/36807] INFO  impl.RaftServerImpl (RaftServerImpl.java:lambda$shutdown$3(328)) - 7965236a-9e62-42d8-a24d-3e89ca899055@group-4F488877A724: shutdown
2020-11-23 16:44:23,453 [Listener at 127.0.0.1/36807] INFO  util.JmxRegister (JmxRegister.java:unregister(73)) - Successfully un-registered JMX Bean with object name Ratis:service=RaftServer,group=group-4F488877A724,id=7965236a-9e62-42d8-a24d-3e89ca899055
2020-11-23 16:44:23,453 [Listener at 127.0.0.1/36807] INFO  impl.RoleInfo (RoleInfo.java:shutdownLeaderState(104)) - 7965236a-9e62-42d8-a24d-3e89ca899055: shutdown 7965236a-9e62-42d8-a24d-3e89ca899055@group-4F488877A724-LeaderState
2020-11-23 16:44:23,453 [Listener at 127.0.0.1/36807] INFO  metrics.RatisMetrics (RatisMetrics.java:unregister(43)) - Unregistering Metrics Registry : ratis_grpc.log_appender.7965236a-9e62-42d8-a24d-3e89ca899055@group-4F488877A724
2020-11-23 16:44:23,454 [org.apache.ratis.server.impl.LogAppender$AppenderDaemon$$Lambda$453/1455521784@4215d375] WARN  server.GrpcLogAppender (GrpcLogAppender.java:mayWait(168)) - 7965236a-9e62-42d8-a24d-3e89ca899055@group-4F488877A724->a4898ab3-e2ea-4a1b-b74b-5f89fbd14327-GrpcLogAppender: Wait interrupted by java.lang.InterruptedException
2020-11-23 16:44:23,454 [Listener at 127.0.0.1/36807] INFO  metrics.RatisMetrics (RatisMetrics.java:unregister(43)) - Unregistering Metrics Registry : ratis_grpc.log_appender.7965236a-9e62-42d8-a24d-3e89ca899055@group-4F488877A724
2020-11-23 16:44:23,455 [grpc-default-executor-2] INFO  server.GrpcServerProtocolService (GrpcServerProtocolService.java:onCompleted(138)) - a4898ab3-e2ea-4a1b-b74b-5f89fbd14327: Completed APPEND_ENTRIES, lastRequest: 7965236a-9e62-42d8-a24d-3e89ca899055->a4898ab3-e2ea-4a1b-b74b-5f89fbd14327#1-t1, previous=(t:0, i:0), leaderCommit=-1, initializing? false, entries: size=1, first=(t:1, i:0), CONFIGURATIONENTRY
2020-11-23 16:44:23,455 [org.apache.ratis.server.impl.LogAppender$AppenderDaemon$$Lambda$453/1455521784@3ea4f154] WARN  server.GrpcLogAppender (GrpcLogAppender.java:mayWait(168)) - 7965236a-9e62-42d8-a24d-3e89ca899055@group-4F488877A724->03da0c7f-0ea2-4e27-8f49-e45eb46ed814-GrpcLogAppender: Wait interrupted by java.lang.InterruptedException
2020-11-23 16:44:23,456 [Listener at 127.0.0.1/36807] INFO  impl.PendingRequests (PendingRequests.java:sendNotLeaderResponses(250)) - 7965236a-9e62-42d8-a24d-3e89ca899055@group-4F488877A724-PendingRequests: sendNotLeaderResponses
2020-11-23 16:44:23,456 [Listener at 127.0.0.1/36807] INFO  metrics.RatisMetrics (RatisMetrics.java:unregister(43)) - Unregistering Metrics Registry : ratis.log_appender.7965236a-9e62-42d8-a24d-3e89ca899055@group-4F488877A724
2020-11-23 16:44:23,456 [grpc-default-executor-0] INFO  server.GrpcServerProtocolService (GrpcServerProtocolService.java:onCompleted(138)) - 03da0c7f-0ea2-4e27-8f49-e45eb46ed814: Completed APPEND_ENTRIES, lastRequest: 7965236a-9e62-42d8-a24d-3e89ca899055->03da0c7f-0ea2-4e27-8f49-e45eb46ed814#1-t1, previous=(t:0, i:0), leaderCommit=0, initializing? false, entries: size=1, first=(t:1, i:0), CONFIGURATIONENTRY
2020-11-23 16:44:23,457 [grpc-default-executor-0] INFO  server.GrpcLogAppender (GrpcLogAppender.java:onCompleted(337)) - 7965236a-9e62-42d8-a24d-3e89ca899055@group-4F488877A724->a4898ab3-e2ea-4a1b-b74b-5f89fbd14327-AppendLogResponseHandler: follower responses appendEntries COMPLETED
2020-11-23 16:44:23,457 [grpc-default-executor-0] INFO  impl.FollowerInfo (FollowerInfo.java:lambda$new$0(51)) - 7965236a-9e62-42d8-a24d-3e89ca899055@group-4F488877A724->a4898ab3-e2ea-4a1b-b74b-5f89fbd14327: nextIndex: updateUnconditionally 1 -> 0
2020-11-23 16:44:23,457 [Listener at 127.0.0.1/36807] INFO  metrics.RatisMetrics (RatisMetrics.java:unregister(43)) - Unregistering Metrics Registry : ratis.server.7965236a-9e62-42d8-a24d-3e89ca899055@group-4F488877A724
2020-11-23 16:44:23,457 [grpc-default-executor-1] INFO  server.GrpcLogAppender (GrpcLogAppender.java:onCompleted(337)) - 7965236a-9e62-42d8-a24d-3e89ca899055@group-4F488877A724->03da0c7f-0ea2-4e27-8f49-e45eb46ed814-AppendLogResponseHandler: follower responses appendEntries COMPLETED
2020-11-23 16:44:23,457 [grpc-default-executor-1] INFO  impl.FollowerInfo (FollowerInfo.java:lambda$new$0(51)) - 7965236a-9e62-42d8-a24d-3e89ca899055@group-4F488877A724->03da0c7f-0ea2-4e27-8f49-e45eb46ed814: nextIndex: updateUnconditionally 1 -> 0
2020-11-23 16:44:23,458 [7965236a-9e62-42d8-a24d-3e89ca899055@group-4F488877A724-StateMachineUpdater] INFO  ratis.ContainerStateMachine (ContainerStateMachine.java:takeSnapshot(293)) - group-4F488877A724: Taking a snapshot at:(t:1, i:0) file /github/workspace/mnt/ozone/hadoop-ozone/integration-test/target/test-dir/MiniOzoneClusterImpl-1f6412f7-deda-49d6-8890-c33526f8416a/datanode-4/data/ratis/2ddc8998-598d-4fe1-8164-4f488877a724/sm/snapshot.1_0
2020-11-23 16:44:23,459 [Listener at 127.0.0.1/36807] INFO  impl.StateMachineUpdater (StateMachineUpdater.java:stopAndJoin(147)) - 7965236a-9e62-42d8-a24d-3e89ca899055@group-4F488877A724-StateMachineUpdater: set stopIndex = 0
2020-11-23 16:44:23,459 [7965236a-9e62-42d8-a24d-3e89ca899055@group-4F488877A724-StateMachineUpdater] INFO  ratis.ContainerStateMachine (ContainerStateMachine.java:takeSnapshot(304)) - group-4F488877A724: Finished taking a snapshot at:(t:1, i:0) file:/github/workspace/mnt/ozone/hadoop-ozone/integration-test/target/test-dir/MiniOzoneClusterImpl-1f6412f7-deda-49d6-8890-c33526f8416a/datanode-4/data/ratis/2ddc8998-598d-4fe1-8164-4f488877a724/sm/snapshot.1_0 time:1
2020-11-23 16:44:23,460 [7965236a-9e62-42d8-a24d-3e89ca899055@group-4F488877A724-StateMachineUpdater] INFO  impl.StateMachineUpdater (StateMachineUpdater.java:takeSnapshot(278)) - 7965236a-9e62-42d8-a24d-3e89ca899055@group-4F488877A724-StateMachineUpdater: Took a snapshot at index 0
2020-11-23 16:44:23,460 [7965236a-9e62-42d8-a24d-3e89ca899055@group-4F488877A724-StateMachineUpdater] INFO  impl.StateMachineUpdater (StateMachineUpdater.java:lambda$new$0(87)) - 7965236a-9e62-42d8-a24d-3e89ca899055@group-4F488877A724-StateMachineUpdater: snapshotIndex: updateIncreasingly -1 -> 0
2020-11-23 16:44:23,460 [7965236a-9e62-42d8-a24d-3e89ca899055@group-4F488877A724-StateMachineUpdater] INFO  metrics.RatisMetrics (RatisMetrics.java:unregister(43)) - Unregistering Metrics Registry : ratis.state_machine.7965236a-9e62-42d8-a24d-3e89ca899055@group-4F488877A724
2020-11-23 16:44:23,460 [Listener at 127.0.0.1/36807] INFO  impl.RaftServerImpl (ServerState.java:close(406)) - 7965236a-9e62-42d8-a24d-3e89ca899055@group-4F488877A724: closes. applyIndex: 0
2020-11-23 16:44:23,460 [7965236a-9e62-42d8-a24d-3e89ca899055@group-4F488877A724-SegmentedRaftLogWorker] INFO  segmented.SegmentedRaftLogWorker (SegmentedRaftLogWorker.java:run(329)) - 7965236a-9e62-42d8-a24d-3e89ca899055@group-4F488877A724-SegmentedRaftLogWorker was interrupted, exiting. There are 0 tasks remaining in the queue.
2020-11-23 16:44:23,461 [ForkJoinPool.commonPool-worker-0] INFO  statemachine.DatanodeStateMachine (DatanodeStateMachine.java:stopDaemon(459)) - Ozone container server stopped.
2020-11-23 16:44:23,461 [Listener at 127.0.0.1/36807] INFO  segmented.SegmentedRaftLogWorker (SegmentedRaftLogWorker.java:close(235)) - 7965236a-9e62-42d8-a24d-3e89ca899055@group-4F488877A724-SegmentedRaftLogWorker close()
2020-11-23 16:44:23,471 [Listener at 127.0.0.1/36807] INFO  metrics.RatisMetrics (RatisMetrics.java:unregister(43)) - Unregistering Metrics Registry : ratis.log_worker.7965236a-9e62-42d8-a24d-3e89ca899055@group-4F488877A724
2020-11-23 16:44:23,471 [ForkJoinPool.commonPool-worker-0] INFO  handler.ContextHandler (ContextHandler.java:doStop(1154)) - Stopped o.e.j.w.WebAppContext@7b83fc3{hddsDatanode,/,null,STOPPED}{jar:file:/home/user/.m2/repository/org/apache/hadoop/hadoop-hdds-container-service/1.1.0-SNAPSHOT/hadoop-hdds-container-service-1.1.0-SNAPSHOT.jar!/webapps/hddsDatanode}
2020-11-23 16:44:23,471 [Listener at 127.0.0.1/36807] INFO  metrics.RatisMetrics (RatisMetrics.java:unregister(43)) - Unregistering Metrics Registry : ratis.leader_election.7965236a-9e62-42d8-a24d-3e89ca899055@group-4F488877A724
2020-11-23 16:44:23,472 [ForkJoinPool.commonPool-worker-0] INFO  server.AbstractConnector (AbstractConnector.java:doStop(381)) - Stopped ServerConnector@3e431dac{HTTP/1.1, (http/1.1)}{0.0.0.0:0}
2020-11-23 16:44:23,472 [Listener at 127.0.0.1/36807] INFO  metrics.RatisMetrics (RatisMetrics.java:unregister(43)) - Unregistering Metrics Registry : ratis.server.7965236a-9e62-42d8-a24d-3e89ca899055@group-4F488877A724
2020-11-23 16:44:23,472 [Listener at 127.0.0.1/36807] INFO  server.GrpcService (GrpcService.java:closeImpl(184)) - 7965236a-9e62-42d8-a24d-3e89ca899055: shutdown server with port 38005 now
2020-11-23 16:44:23,472 [ForkJoinPool.commonPool-worker-0] INFO  server.session (HouseKeeper.java:stopScavenging(149)) - node0 Stopped scavenging
2020-11-23 16:44:23,478 [ForkJoinPool.commonPool-worker-0] INFO  handler.ContextHandler (ContextHandler.java:doStop(1154)) - Stopped o.e.j.s.ServletContextHandler@605d2514{static,/static,jar:file:/home/user/.m2/repository/org/apache/hadoop/hadoop-hdds-container-service/1.1.0-SNAPSHOT/hadoop-hdds-container-service-1.1.0-SNAPSHOT.jar!/webapps/static,STOPPED}
2020-11-23 16:44:23,479 [Listener at 127.0.0.1/36807] INFO  server.GrpcService (GrpcService.java:closeImpl(193)) - 7965236a-9e62-42d8-a24d-3e89ca899055: shutdown server with port 38005 successfully
2020-11-23 16:44:23,479 [ForkJoinPool.commonPool-worker-0] INFO  handler.ContextHandler (ContextHandler.java:doStop(1154)) - Stopped o.e.j.s.ServletContextHandler@1907662{logs,/logs,file:///github/workspace/mnt/ozone/hadoop-ozone/integration-test/target/log,STOPPED}
2020-11-23 16:44:23,480 [Listener at 127.0.0.1/36807] INFO  utils.BackgroundService (BackgroundService.java:shutdown(132)) - Shutting down service BlockDeletingService
2020-11-23 16:44:23,483 [Listener at 127.0.0.1/36807] INFO  statemachine.DatanodeStateMachine (DatanodeStateMachine.java:stopDaemon(459)) - Ozone container server stopped.
2020-11-23 16:44:23,490 [Listener at 127.0.0.1/36807] INFO  handler.ContextHandler (ContextHandler.java:doStop(1154)) - Stopped o.e.j.w.WebAppContext@24abf9f0{hddsDatanode,/,null,STOPPED}{jar:file:/home/user/.m2/repository/org/apache/hadoop/hadoop-hdds-container-service/1.1.0-SNAPSHOT/hadoop-hdds-container-service-1.1.0-SNAPSHOT.jar!/webapps/hddsDatanode}
2020-11-23 16:44:23,491 [Listener at 127.0.0.1/36807] INFO  server.AbstractConnector (AbstractConnector.java:doStop(381)) - Stopped ServerConnector@4ec52f38{HTTP/1.1, (http/1.1)}{0.0.0.0:0}
2020-11-23 16:44:23,491 [Listener at 127.0.0.1/36807] INFO  server.session (HouseKeeper.java:stopScavenging(149)) - node0 Stopped scavenging
2020-11-23 16:44:23,491 [Listener at 127.0.0.1/36807] INFO  handler.ContextHandler (ContextHandler.java:doStop(1154)) - Stopped o.e.j.s.ServletContextHandler@237b236d{static,/static,jar:file:/home/user/.m2/repository/org/apache/hadoop/hadoop-hdds-container-service/1.1.0-SNAPSHOT/hadoop-hdds-container-service-1.1.0-SNAPSHOT.jar!/webapps/static,STOPPED}
2020-11-23 16:44:23,491 [Listener at 127.0.0.1/36807] INFO  handler.ContextHandler (ContextHandler.java:doStop(1154)) - Stopped o.e.j.s.ServletContextHandler@a1000eb{logs,/logs,file:///github/workspace/mnt/ozone/hadoop-ozone/integration-test/target/log,STOPPED}
2020-11-23 16:44:24,025 [Datanode State Machine Thread - 0] INFO  statemachine.DatanodeStateMachine (DatanodeStateMachine.java:lambda$startDaemon$0(406)) - Ozone container server started.
2020-11-23 16:44:24,061 [Datanode State Machine Thread - 0] INFO  statemachine.DatanodeStateMachine (DatanodeStateMachine.java:lambda$startDaemon$0(406)) - Ozone container server started.
2020-11-23 16:44:25,377 [org.apache.ratis.server.JvmPauseMonitor@744c46eb-Monitor] WARN  server.JvmPauseMonitor (JvmPauseMonitor.java:run(141)) - Detected pause in JVM or host machine (eg GC): pause of approximately 2ms
No GCs detected
2020-11-23 16:44:28,484 [ForkJoinPool.commonPool-worker-0] INFO  ozoneimpl.OzoneContainer (OzoneContainer.java:stop(257)) - Attempting to stop container services.
2020-11-23 16:44:28,484 [ForkJoinPool.commonPool-worker-0] INFO  impl.RaftServerProxy (RaftServerProxy.java:lambda$close$4(338)) - 915951e0-2de3-47e7-b2a6-49572f683f02: close
2020-11-23 16:44:28,485 [ForkJoinPool.commonPool-worker-0] INFO  impl.RaftServerImpl (RaftServerImpl.java:lambda$shutdown$3(328)) - 915951e0-2de3-47e7-b2a6-49572f683f02@group-536CFF86F5DE: shutdown
2020-11-23 16:44:28,485 [ForkJoinPool.commonPool-worker-0] INFO  util.JmxRegister (JmxRegister.java:unregister(73)) - Successfully un-registered JMX Bean with object name Ratis:service=RaftServer,group=group-536CFF86F5DE,id=915951e0-2de3-47e7-b2a6-49572f683f02
2020-11-23 16:44:28,485 [ForkJoinPool.commonPool-worker-0] INFO  impl.RoleInfo (RoleInfo.java:shutdownLeaderState(104)) - 915951e0-2de3-47e7-b2a6-49572f683f02: shutdown 915951e0-2de3-47e7-b2a6-49572f683f02@group-536CFF86F5DE-LeaderState
2020-11-23 16:44:28,485 [ForkJoinPool.commonPool-worker-0] INFO  impl.PendingRequests (PendingRequests.java:sendNotLeaderResponses(250)) - 915951e0-2de3-47e7-b2a6-49572f683f02@group-536CFF86F5DE-PendingRequests: sendNotLeaderResponses
2020-11-23 16:44:28,485 [ForkJoinPool.commonPool-worker-0] INFO  metrics.RatisMetrics (RatisMetrics.java:unregister(43)) - Unregistering Metrics Registry : ratis.log_appender.915951e0-2de3-47e7-b2a6-49572f683f02@group-536CFF86F5DE
2020-11-23 16:44:28,486 [ForkJoinPool.commonPool-worker-0] INFO  metrics.RatisMetrics (RatisMetrics.java:unregister(43)) - Unregistering Metrics Registry : ratis.server.915951e0-2de3-47e7-b2a6-49572f683f02@group-536CFF86F5DE
2020-11-23 16:44:28,487 [ForkJoinPool.commonPool-worker-0] INFO  impl.StateMachineUpdater (StateMachineUpdater.java:stopAndJoin(147)) - 915951e0-2de3-47e7-b2a6-49572f683f02@group-536CFF86F5DE-StateMachineUpdater: set stopIndex = 0
2020-11-23 16:44:28,487 [915951e0-2de3-47e7-b2a6-49572f683f02@group-536CFF86F5DE-StateMachineUpdater] INFO  ratis.ContainerStateMachine (ContainerStateMachine.java:takeSnapshot(293)) - group-536CFF86F5DE: Taking a snapshot at:(t:1, i:0) file /github/workspace/mnt/ozone/hadoop-ozone/integration-test/target/test-dir/MiniOzoneClusterImpl-1f6412f7-deda-49d6-8890-c33526f8416a/datanode-2/data/ratis/acad2458-f116-47a2-8a82-536cff86f5de/sm/snapshot.1_0
2020-11-23 16:44:28,488 [915951e0-2de3-47e7-b2a6-49572f683f02@group-536CFF86F5DE-StateMachineUpdater] INFO  ratis.ContainerStateMachine (ContainerStateMachine.java:takeSnapshot(304)) - group-536CFF86F5DE: Finished taking a snapshot at:(t:1, i:0) file:/github/workspace/mnt/ozone/hadoop-ozone/integration-test/target/test-dir/MiniOzoneClusterImpl-1f6412f7-deda-49d6-8890-c33526f8416a/datanode-2/data/ratis/acad2458-f116-47a2-8a82-536cff86f5de/sm/snapshot.1_0 time:0
2020-11-23 16:44:28,488 [915951e0-2de3-47e7-b2a6-49572f683f02@group-536CFF86F5DE-StateMachineUpdater] INFO  impl.StateMachineUpdater (StateMachineUpdater.java:takeSnapshot(278)) - 915951e0-2de3-47e7-b2a6-49572f683f02@group-536CFF86F5DE-StateMachineUpdater: Took a snapshot at index 0
2020-11-23 16:44:28,488 [915951e0-2de3-47e7-b2a6-49572f683f02@group-536CFF86F5DE-StateMachineUpdater] INFO  impl.StateMachineUpdater (StateMachineUpdater.java:lambda$new$0(87)) - 915951e0-2de3-47e7-b2a6-49572f683f02@group-536CFF86F5DE-StateMachineUpdater: snapshotIndex: updateIncreasingly -1 -> 0
2020-11-23 16:44:28,488 [915951e0-2de3-47e7-b2a6-49572f683f02@group-536CFF86F5DE-StateMachineUpdater] INFO  metrics.RatisMetrics (RatisMetrics.java:unregister(43)) - Unregistering Metrics Registry : ratis.state_machine.915951e0-2de3-47e7-b2a6-49572f683f02@group-536CFF86F5DE
2020-11-23 16:44:28,488 [ForkJoinPool.commonPool-worker-0] INFO  impl.RaftServerImpl (ServerState.java:close(406)) - 915951e0-2de3-47e7-b2a6-49572f683f02@group-536CFF86F5DE: closes. applyIndex: 0
2020-11-23 16:44:28,489 [915951e0-2de3-47e7-b2a6-49572f683f02@group-536CFF86F5DE-SegmentedRaftLogWorker] INFO  segmented.SegmentedRaftLogWorker (SegmentedRaftLogWorker.java:run(329)) - 915951e0-2de3-47e7-b2a6-49572f683f02@group-536CFF86F5DE-SegmentedRaftLogWorker was interrupted, exiting. There are 0 tasks remaining in the queue.
2020-11-23 16:44:28,490 [ForkJoinPool.commonPool-worker-0] INFO  segmented.SegmentedRaftLogWorker (SegmentedRaftLogWorker.java:close(235)) - 915951e0-2de3-47e7-b2a6-49572f683f02@group-536CFF86F5DE-SegmentedRaftLogWorker close()
2020-11-23 16:44:28,491 [ForkJoinPool.commonPool-worker-0] INFO  metrics.RatisMetrics (RatisMetrics.java:unregister(43)) - Unregistering Metrics Registry : ratis.log_worker.915951e0-2de3-47e7-b2a6-49572f683f02@group-536CFF86F5DE
2020-11-23 16:44:28,491 [ForkJoinPool.commonPool-worker-0] INFO  metrics.RatisMetrics (RatisMetrics.java:unregister(43)) - Unregistering Metrics Registry : ratis.leader_election.915951e0-2de3-47e7-b2a6-49572f683f02@group-536CFF86F5DE
2020-11-23 16:44:28,491 [ForkJoinPool.commonPool-worker-0] INFO  metrics.RatisMetrics (RatisMetrics.java:unregister(43)) - Unregistering Metrics Registry : ratis.server.915951e0-2de3-47e7-b2a6-49572f683f02@group-536CFF86F5DE
2020-11-23 16:44:28,491 [ForkJoinPool.commonPool-worker-0] INFO  impl.RaftServerImpl (RaftServerImpl.java:lambda$shutdown$3(328)) - 915951e0-2de3-47e7-b2a6-49572f683f02@group-C4C2DEFD60A4: shutdown
2020-11-23 16:44:28,492 [ForkJoinPool.commonPool-worker-0] INFO  util.JmxRegister (JmxRegister.java:unregister(73)) - Successfully un-registered JMX Bean with object name Ratis:service=RaftServer,group=group-C4C2DEFD60A4,id=915951e0-2de3-47e7-b2a6-49572f683f02
2020-11-23 16:44:28,492 [ForkJoinPool.commonPool-worker-0] INFO  impl.RoleInfo (RoleInfo.java:shutdownFollowerState(121)) - 915951e0-2de3-47e7-b2a6-49572f683f02: shutdown 915951e0-2de3-47e7-b2a6-49572f683f02@group-C4C2DEFD60A4-FollowerState
2020-11-23 16:44:28,492 [Thread-632] INFO  impl.FollowerState (FollowerState.java:run(137)) - 915951e0-2de3-47e7-b2a6-49572f683f02@group-C4C2DEFD60A4-FollowerState was interrupted: {}
java.lang.InterruptedException: sleep interrupted
	at java.lang.Thread.sleep(Native Method)
	at org.apache.ratis.util.JavaUtils.sleep(JavaUtils.java:250)
	at org.apache.ratis.server.impl.FollowerState.run(FollowerState.java:116)
2020-11-23 16:44:28,492 [ForkJoinPool.commonPool-worker-0] INFO  impl.StateMachineUpdater (StateMachineUpdater.java:stopAndJoin(147)) - 915951e0-2de3-47e7-b2a6-49572f683f02@group-C4C2DEFD60A4-StateMachineUpdater: set stopIndex = 0
2020-11-23 16:44:28,493 [Listener at 127.0.0.1/36807] INFO  ozoneimpl.OzoneContainer (OzoneContainer.java:stop(257)) - Attempting to stop container services.
2020-11-23 16:44:28,492 [915951e0-2de3-47e7-b2a6-49572f683f02@group-C4C2DEFD60A4-StateMachineUpdater] INFO  ratis.ContainerStateMachine (ContainerStateMachine.java:takeSnapshot(293)) - group-C4C2DEFD60A4: Taking a snapshot at:(t:1, i:0) file /github/workspace/mnt/ozone/hadoop-ozone/integration-test/target/test-dir/MiniOzoneClusterImpl-1f6412f7-deda-49d6-8890-c33526f8416a/datanode-2/data/ratis/18d1ce86-700c-46a9-a4b0-c4c2defd60a4/sm/snapshot.1_0
2020-11-23 16:44:28,494 [Listener at 127.0.0.1/36807] INFO  impl.RaftServerProxy (RaftServerProxy.java:lambda$close$4(338)) - a4898ab3-e2ea-4a1b-b74b-5f89fbd14327: close
2020-11-23 16:44:28,494 [Listener at 127.0.0.1/36807] INFO  impl.RaftServerImpl (RaftServerImpl.java:lambda$shutdown$3(328)) - a4898ab3-e2ea-4a1b-b74b-5f89fbd14327@group-488B68F8AACF: shutdown
2020-11-23 16:44:28,494 [Listener at 127.0.0.1/36807] INFO  util.JmxRegister (JmxRegister.java:unregister(73)) - Successfully un-registered JMX Bean with object name Ratis:service=RaftServer,group=group-488B68F8AACF,id=a4898ab3-e2ea-4a1b-b74b-5f89fbd14327
2020-11-23 16:44:28,494 [Listener at 127.0.0.1/36807] INFO  impl.RoleInfo (RoleInfo.java:shutdownLeaderState(104)) - a4898ab3-e2ea-4a1b-b74b-5f89fbd14327: shutdown a4898ab3-e2ea-4a1b-b74b-5f89fbd14327@group-488B68F8AACF-LeaderState
2020-11-23 16:44:28,494 [915951e0-2de3-47e7-b2a6-49572f683f02@group-C4C2DEFD60A4-StateMachineUpdater] INFO  ratis.ContainerStateMachine (ContainerStateMachine.java:takeSnapshot(304)) - group-C4C2DEFD60A4: Finished taking a snapshot at:(t:1, i:0) file:/github/workspace/mnt/ozone/hadoop-ozone/integration-test/target/test-dir/MiniOzoneClusterImpl-1f6412f7-deda-49d6-8890-c33526f8416a/datanode-2/data/ratis/18d1ce86-700c-46a9-a4b0-c4c2defd60a4/sm/snapshot.1_0 time:2
2020-11-23 16:44:28,494 [Listener at 127.0.0.1/36807] INFO  impl.PendingRequests (PendingRequests.java:sendNotLeaderResponses(250)) - a4898ab3-e2ea-4a1b-b74b-5f89fbd14327@group-488B68F8AACF-PendingRequests: sendNotLeaderResponses
2020-11-23 16:44:28,495 [915951e0-2de3-47e7-b2a6-49572f683f02@group-C4C2DEFD60A4-StateMachineUpdater] INFO  impl.StateMachineUpdater (StateMachineUpdater.java:takeSnapshot(278)) - 915951e0-2de3-47e7-b2a6-49572f683f02@group-C4C2DEFD60A4-StateMachineUpdater: Took a snapshot at index 0
2020-11-23 16:44:28,495 [915951e0-2de3-47e7-b2a6-49572f683f02@group-C4C2DEFD60A4-StateMachineUpdater] INFO  impl.StateMachineUpdater (StateMachineUpdater.java:lambda$new$0(87)) - 915951e0-2de3-47e7-b2a6-49572f683f02@group-C4C2DEFD60A4-StateMachineUpdater: snapshotIndex: updateIncreasingly -1 -> 0
2020-11-23 16:44:28,495 [915951e0-2de3-47e7-b2a6-49572f683f02@group-C4C2DEFD60A4-StateMachineUpdater] INFO  metrics.RatisMetrics (RatisMetrics.java:unregister(43)) - Unregistering Metrics Registry : ratis.state_machine.915951e0-2de3-47e7-b2a6-49572f683f02@group-C4C2DEFD60A4
2020-11-23 16:44:28,495 [ForkJoinPool.commonPool-worker-0] INFO  impl.RaftServerImpl (ServerState.java:close(406)) - 915951e0-2de3-47e7-b2a6-49572f683f02@group-C4C2DEFD60A4: closes. applyIndex: 0
2020-11-23 16:44:28,497 [915951e0-2de3-47e7-b2a6-49572f683f02@group-C4C2DEFD60A4-SegmentedRaftLogWorker] INFO  segmented.SegmentedRaftLogWorker (SegmentedRaftLogWorker.java:run(329)) - 915951e0-2de3-47e7-b2a6-49572f683f02@group-C4C2DEFD60A4-SegmentedRaftLogWorker was interrupted, exiting. There are 0 tasks remaining in the queue.
2020-11-23 16:44:28,498 [Listener at 127.0.0.1/36807] INFO  metrics.RatisMetrics (RatisMetrics.java:unregister(43)) - Unregistering Metrics Registry : ratis.log_appender.a4898ab3-e2ea-4a1b-b74b-5f89fbd14327@group-488B68F8AACF
2020-11-23 16:44:28,498 [Listener at 127.0.0.1/36807] INFO  metrics.RatisMetrics (RatisMetrics.java:unregister(43)) - Unregistering Metrics Registry : ratis.server.a4898ab3-e2ea-4a1b-b74b-5f89fbd14327@group-488B68F8AACF
2020-11-23 16:44:28,501 [a4898ab3-e2ea-4a1b-b74b-5f89fbd14327@group-488B68F8AACF-StateMachineUpdater] INFO  ratis.ContainerStateMachine (ContainerStateMachine.java:takeSnapshot(293)) - group-488B68F8AACF: Taking a snapshot at:(t:1, i:4) file /github/workspace/mnt/ozone/hadoop-ozone/integration-test/target/test-dir/MiniOzoneClusterImpl-1f6412f7-deda-49d6-8890-c33526f8416a/datanode-3/data/ratis/64efee04-8885-45ed-a65e-488b68f8aacf/sm/snapshot.1_4
2020-11-23 16:44:28,501 [Listener at 127.0.0.1/36807] INFO  impl.StateMachineUpdater (StateMachineUpdater.java:stopAndJoin(147)) - a4898ab3-e2ea-4a1b-b74b-5f89fbd14327@group-488B68F8AACF-StateMachineUpdater: set stopIndex = 4
2020-11-23 16:44:28,502 [a4898ab3-e2ea-4a1b-b74b-5f89fbd14327@group-488B68F8AACF-StateMachineUpdater] INFO  ratis.ContainerStateMachine (ContainerStateMachine.java:takeSnapshot(304)) - group-488B68F8AACF: Finished taking a snapshot at:(t:1, i:4) file:/github/workspace/mnt/ozone/hadoop-ozone/integration-test/target/test-dir/MiniOzoneClusterImpl-1f6412f7-deda-49d6-8890-c33526f8416a/datanode-3/data/ratis/64efee04-8885-45ed-a65e-488b68f8aacf/sm/snapshot.1_4 time:1
2020-11-23 16:44:28,502 [a4898ab3-e2ea-4a1b-b74b-5f89fbd14327@group-488B68F8AACF-StateMachineUpdater] INFO  impl.StateMachineUpdater (StateMachineUpdater.java:takeSnapshot(278)) - a4898ab3-e2ea-4a1b-b74b-5f89fbd14327@group-488B68F8AACF-StateMachineUpdater: Took a snapshot at index 4
2020-11-23 16:44:28,503 [a4898ab3-e2ea-4a1b-b74b-5f89fbd14327@group-488B68F8AACF-StateMachineUpdater] INFO  impl.StateMachineUpdater (StateMachineUpdater.java:lambda$new$0(87)) - a4898ab3-e2ea-4a1b-b74b-5f89fbd14327@group-488B68F8AACF-StateMachineUpdater: snapshotIndex: updateIncreasingly -1 -> 4
2020-11-23 16:44:28,503 [a4898ab3-e2ea-4a1b-b74b-5f89fbd14327@group-488B68F8AACF-StateMachineUpdater] INFO  metrics.RatisMetrics (RatisMetrics.java:unregister(43)) - Unregistering Metrics Registry : ratis.state_machine.a4898ab3-e2ea-4a1b-b74b-5f89fbd14327@group-488B68F8AACF
2020-11-23 16:44:28,503 [Listener at 127.0.0.1/36807] INFO  impl.RaftServerImpl (ServerState.java:close(406)) - a4898ab3-e2ea-4a1b-b74b-5f89fbd14327@group-488B68F8AACF: closes. applyIndex: 4
2020-11-23 16:44:28,503 [a4898ab3-e2ea-4a1b-b74b-5f89fbd14327@group-488B68F8AACF-SegmentedRaftLogWorker] INFO  segmented.SegmentedRaftLogWorker (SegmentedRaftLogWorker.java:run(329)) - a4898ab3-e2ea-4a1b-b74b-5f89fbd14327@group-488B68F8AACF-SegmentedRaftLogWorker was interrupted, exiting. There are 0 tasks remaining in the queue.
2020-11-23 16:44:28,504 [Listener at 127.0.0.1/36807] INFO  segmented.SegmentedRaftLogWorker (SegmentedRaftLogWorker.java:close(235)) - a4898ab3-e2ea-4a1b-b74b-5f89fbd14327@group-488B68F8AACF-SegmentedRaftLogWorker close()
2020-11-23 16:44:28,513 [ForkJoinPool.commonPool-worker-0] INFO  segmented.SegmentedRaftLogWorker (SegmentedRaftLogWorker.java:close(235)) - 915951e0-2de3-47e7-b2a6-49572f683f02@group-C4C2DEFD60A4-SegmentedRaftLogWorker close()
2020-11-23 16:44:28,516 [Listener at 127.0.0.1/36807] INFO  metrics.RatisMetrics (RatisMetrics.java:unregister(43)) - Unregistering Metrics Registry : ratis.log_worker.a4898ab3-e2ea-4a1b-b74b-5f89fbd14327@group-488B68F8AACF
2020-11-23 16:44:28,517 [Listener at 127.0.0.1/36807] INFO  metrics.RatisMetrics (RatisMetrics.java:unregister(43)) - Unregistering Metrics Registry : ratis.leader_election.a4898ab3-e2ea-4a1b-b74b-5f89fbd14327@group-488B68F8AACF
2020-11-23 16:44:28,517 [Listener at 127.0.0.1/36807] INFO  metrics.RatisMetrics (RatisMetrics.java:unregister(43)) - Unregistering Metrics Registry : ratis.server.a4898ab3-e2ea-4a1b-b74b-5f89fbd14327@group-488B68F8AACF
2020-11-23 16:44:28,517 [Listener at 127.0.0.1/36807] INFO  impl.RaftServerImpl (RaftServerImpl.java:lambda$shutdown$3(328)) - a4898ab3-e2ea-4a1b-b74b-5f89fbd14327@group-4F488877A724: shutdown
2020-11-23 16:44:28,517 [Listener at 127.0.0.1/36807] INFO  util.JmxRegister (JmxRegister.java:unregister(73)) - Successfully un-registered JMX Bean with object name Ratis:service=RaftServer,group=group-4F488877A724,id=a4898ab3-e2ea-4a1b-b74b-5f89fbd14327
2020-11-23 16:44:28,517 [Listener at 127.0.0.1/36807] INFO  impl.RoleInfo (RoleInfo.java:shutdownFollowerState(121)) - a4898ab3-e2ea-4a1b-b74b-5f89fbd14327: shutdown a4898ab3-e2ea-4a1b-b74b-5f89fbd14327@group-4F488877A724-FollowerState
2020-11-23 16:44:28,518 [Listener at 127.0.0.1/36807] INFO  impl.StateMachineUpdater (StateMachineUpdater.java:stopAndJoin(147)) - a4898ab3-e2ea-4a1b-b74b-5f89fbd14327@group-4F488877A724-StateMachineUpdater: set stopIndex = 0
2020-11-23 16:44:28,518 [Thread-655] INFO  impl.FollowerState (FollowerState.java:run(137)) - a4898ab3-e2ea-4a1b-b74b-5f89fbd14327@group-4F488877A724-FollowerState was interrupted: {}
java.lang.InterruptedException: sleep interrupted
	at java.lang.Thread.sleep(Native Method)
	at org.apache.ratis.util.JavaUtils.sleep(JavaUtils.java:250)
	at org.apache.ratis.server.impl.FollowerState.run(FollowerState.java:116)
2020-11-23 16:44:28,516 [ForkJoinPool.commonPool-worker-0] INFO  metrics.RatisMetrics (RatisMetrics.java:unregister(43)) - Unregistering Metrics Registry : ratis.log_worker.915951e0-2de3-47e7-b2a6-49572f683f02@group-C4C2DEFD60A4
2020-11-23 16:44:28,519 [ForkJoinPool.commonPool-worker-0] INFO  metrics.RatisMetrics (RatisMetrics.java:unregister(43)) - Unregistering Metrics Registry : ratis.leader_election.915951e0-2de3-47e7-b2a6-49572f683f02@group-C4C2DEFD60A4
2020-11-23 16:44:28,519 [ForkJoinPool.commonPool-worker-0] INFO  metrics.RatisMetrics (RatisMetrics.java:unregister(43)) - Unregistering Metrics Registry : ratis.server.915951e0-2de3-47e7-b2a6-49572f683f02@group-C4C2DEFD60A4
2020-11-23 16:44:28,519 [ForkJoinPool.commonPool-worker-0] INFO  server.GrpcService (GrpcService.java:closeImpl(184)) - 915951e0-2de3-47e7-b2a6-49572f683f02: shutdown server with port 37099 now
2020-11-23 16:44:28,518 [a4898ab3-e2ea-4a1b-b74b-5f89fbd14327@group-4F488877A724-StateMachineUpdater] INFO  ratis.ContainerStateMachine (ContainerStateMachine.java:takeSnapshot(293)) - group-4F488877A724: Taking a snapshot at:(t:1, i:0) file /github/workspace/mnt/ozone/hadoop-ozone/integration-test/target/test-dir/MiniOzoneClusterImpl-1f6412f7-deda-49d6-8890-c33526f8416a/datanode-3/data/ratis/2ddc8998-598d-4fe1-8164-4f488877a724/sm/snapshot.1_0
2020-11-23 16:44:28,526 [ForkJoinPool.commonPool-worker-0] INFO  server.GrpcService (GrpcService.java:closeImpl(193)) - 915951e0-2de3-47e7-b2a6-49572f683f02: shutdown server with port 37099 successfully
2020-11-23 16:44:28,527 [a4898ab3-e2ea-4a1b-b74b-5f89fbd14327@group-4F488877A724-StateMachineUpdater] INFO  ratis.ContainerStateMachine (ContainerStateMachine.java:takeSnapshot(304)) - group-4F488877A724: Finished taking a snapshot at:(t:1, i:0) file:/github/workspace/mnt/ozone/hadoop-ozone/integration-test/target/test-dir/MiniOzoneClusterImpl-1f6412f7-deda-49d6-8890-c33526f8416a/datanode-3/data/ratis/2ddc8998-598d-4fe1-8164-4f488877a724/sm/snapshot.1_0 time:9
2020-11-23 16:44:28,527 [a4898ab3-e2ea-4a1b-b74b-5f89fbd14327@group-4F488877A724-StateMachineUpdater] INFO  impl.StateMachineUpdater (StateMachineUpdater.java:takeSnapshot(278)) - a4898ab3-e2ea-4a1b-b74b-5f89fbd14327@group-4F488877A724-StateMachineUpdater: Took a snapshot at index 0
2020-11-23 16:44:28,527 [a4898ab3-e2ea-4a1b-b74b-5f89fbd14327@group-4F488877A724-StateMachineUpdater] INFO  impl.StateMachineUpdater (StateMachineUpdater.java:lambda$new$0(87)) - a4898ab3-e2ea-4a1b-b74b-5f89fbd14327@group-4F488877A724-StateMachineUpdater: snapshotIndex: updateIncreasingly -1 -> 0
2020-11-23 16:44:28,528 [a4898ab3-e2ea-4a1b-b74b-5f89fbd14327@group-4F488877A724-StateMachineUpdater] INFO  metrics.RatisMetrics (RatisMetrics.java:unregister(43)) - Unregistering Metrics Registry : ratis.state_machine.a4898ab3-e2ea-4a1b-b74b-5f89fbd14327@group-4F488877A724
2020-11-23 16:44:28,528 [Listener at 127.0.0.1/36807] INFO  impl.RaftServerImpl (ServerState.java:close(406)) - a4898ab3-e2ea-4a1b-b74b-5f89fbd14327@group-4F488877A724: closes. applyIndex: 0
2020-11-23 16:44:28,528 [a4898ab3-e2ea-4a1b-b74b-5f89fbd14327@group-4F488877A724-SegmentedRaftLogWorker] INFO  segmented.SegmentedRaftLogWorker (SegmentedRaftLogWorker.java:run(329)) - a4898ab3-e2ea-4a1b-b74b-5f89fbd14327@group-4F488877A724-SegmentedRaftLogWorker was interrupted, exiting. There are 0 tasks remaining in the queue.
2020-11-23 16:44:28,529 [ForkJoinPool.commonPool-worker-0] INFO  utils.BackgroundService (BackgroundService.java:shutdown(132)) - Shutting down service BlockDeletingService
2020-11-23 16:44:28,529 [Listener at 127.0.0.1/36807] INFO  segmented.SegmentedRaftLogWorker (SegmentedRaftLogWorker.java:close(235)) - a4898ab3-e2ea-4a1b-b74b-5f89fbd14327@group-4F488877A724-SegmentedRaftLogWorker close()
2020-11-23 16:44:28,530 [Listener at 127.0.0.1/36807] INFO  metrics.RatisMetrics (RatisMetrics.java:unregister(43)) - Unregistering Metrics Registry : ratis.log_worker.a4898ab3-e2ea-4a1b-b74b-5f89fbd14327@group-4F488877A724
2020-11-23 16:44:28,530 [Listener at 127.0.0.1/36807] INFO  metrics.RatisMetrics (RatisMetrics.java:unregister(43)) - Unregistering Metrics Registry : ratis.leader_election.a4898ab3-e2ea-4a1b-b74b-5f89fbd14327@group-4F488877A724
2020-11-23 16:44:28,530 [Listener at 127.0.0.1/36807] INFO  metrics.RatisMetrics (RatisMetrics.java:unregister(43)) - Unregistering Metrics Registry : ratis.server.a4898ab3-e2ea-4a1b-b74b-5f89fbd14327@group-4F488877A724
2020-11-23 16:44:28,530 [Listener at 127.0.0.1/36807] INFO  server.GrpcService (GrpcService.java:closeImpl(184)) - a4898ab3-e2ea-4a1b-b74b-5f89fbd14327: shutdown server with port 44959 now
2020-11-23 16:44:28,532 [Listener at 127.0.0.1/36807] INFO  server.GrpcService (GrpcService.java:closeImpl(193)) - a4898ab3-e2ea-4a1b-b74b-5f89fbd14327: shutdown server with port 44959 successfully
2020-11-23 16:44:28,533 [Listener at 127.0.0.1/36807] INFO  utils.BackgroundService (BackgroundService.java:shutdown(132)) - Shutting down service BlockDeletingService
2020-11-23 16:44:28,541 [ForkJoinPool.commonPool-worker-0] INFO  statemachine.DatanodeStateMachine (DatanodeStateMachine.java:stopDaemon(459)) - Ozone container server stopped.
2020-11-23 16:44:28,542 [Listener at 127.0.0.1/36807] INFO  statemachine.DatanodeStateMachine (DatanodeStateMachine.java:stopDaemon(459)) - Ozone container server stopped.
2020-11-23 16:44:28,551 [ForkJoinPool.commonPool-worker-0] INFO  handler.ContextHandler (ContextHandler.java:doStop(1154)) - Stopped o.e.j.w.WebAppContext@21aec56c{hddsDatanode,/,null,STOPPED}{jar:file:/home/user/.m2/repository/org/apache/hadoop/hadoop-hdds-container-service/1.1.0-SNAPSHOT/hadoop-hdds-container-service-1.1.0-SNAPSHOT.jar!/webapps/hddsDatanode}
2020-11-23 16:44:28,552 [ForkJoinPool.commonPool-worker-0] INFO  server.AbstractConnector (AbstractConnector.java:doStop(381)) - Stopped ServerConnector@77c0d85e{HTTP/1.1, (http/1.1)}{0.0.0.0:0}
2020-11-23 16:44:28,552 [ForkJoinPool.commonPool-worker-0] INFO  server.session (HouseKeeper.java:stopScavenging(149)) - node0 Stopped scavenging
2020-11-23 16:44:28,553 [ForkJoinPool.commonPool-worker-0] INFO  handler.ContextHandler (ContextHandler.java:doStop(1154)) - Stopped o.e.j.s.ServletContextHandler@2a00887e{static,/static,jar:file:/home/user/.m2/repository/org/apache/hadoop/hadoop-hdds-container-service/1.1.0-SNAPSHOT/hadoop-hdds-container-service-1.1.0-SNAPSHOT.jar!/webapps/static,STOPPED}
2020-11-23 16:44:28,553 [ForkJoinPool.commonPool-worker-0] INFO  handler.ContextHandler (ContextHandler.java:doStop(1154)) - Stopped o.e.j.s.ServletContextHandler@3033c400{logs,/logs,file:///github/workspace/mnt/ozone/hadoop-ozone/integration-test/target/log,STOPPED}
2020-11-23 16:44:28,565 [Listener at 127.0.0.1/36807] INFO  handler.ContextHandler (ContextHandler.java:doStop(1154)) - Stopped o.e.j.w.WebAppContext@77d527b6{hddsDatanode,/,null,STOPPED}{jar:file:/home/user/.m2/repository/org/apache/hadoop/hadoop-hdds-container-service/1.1.0-SNAPSHOT/hadoop-hdds-container-service-1.1.0-SNAPSHOT.jar!/webapps/hddsDatanode}
2020-11-23 16:44:28,566 [Listener at 127.0.0.1/36807] INFO  server.AbstractConnector (AbstractConnector.java:doStop(381)) - Stopped ServerConnector@12baf61a{HTTP/1.1, (http/1.1)}{0.0.0.0:0}
2020-11-23 16:44:28,566 [Listener at 127.0.0.1/36807] INFO  server.session (HouseKeeper.java:stopScavenging(149)) - node0 Stopped scavenging
2020-11-23 16:44:28,566 [Listener at 127.0.0.1/36807] INFO  handler.ContextHandler (ContextHandler.java:doStop(1154)) - Stopped o.e.j.s.ServletContextHandler@581b8bc6{static,/static,jar:file:/home/user/.m2/repository/org/apache/hadoop/hadoop-hdds-container-service/1.1.0-SNAPSHOT/hadoop-hdds-container-service-1.1.0-SNAPSHOT.jar!/webapps/static,STOPPED}
2020-11-23 16:44:28,567 [Listener at 127.0.0.1/36807] INFO  handler.ContextHandler (ContextHandler.java:doStop(1154)) - Stopped o.e.j.s.ServletContextHandler@73f2b028{logs,/logs,file:///github/workspace/mnt/ozone/hadoop-ozone/integration-test/target/log,STOPPED}
2020-11-23 16:44:28,567 [Datanode State Machine Thread - 0] INFO  statemachine.DatanodeStateMachine (DatanodeStateMachine.java:lambda$startDaemon$0(406)) - Ozone container server started.
2020-11-23 16:44:29,369 [Datanode State Machine Thread - 0] INFO  statemachine.DatanodeStateMachine (DatanodeStateMachine.java:lambda$startDaemon$0(406)) - Ozone container server started.
2020-11-23 16:44:29,881 [Thread-631] INFO  impl.FollowerState (FollowerState.java:run(128)) - 7af6e544-b19e-4e2d-9251-ecb63652227a@group-C4C2DEFD60A4-FollowerState: change to CANDIDATE, lastRpcTime:7746ms, electionTimeout:5105ms
2020-11-23 16:44:29,881 [Thread-631] INFO  impl.RoleInfo (RoleInfo.java:shutdownFollowerState(121)) - 7af6e544-b19e-4e2d-9251-ecb63652227a: shutdown 7af6e544-b19e-4e2d-9251-ecb63652227a@group-C4C2DEFD60A4-FollowerState
2020-11-23 16:44:29,881 [Thread-631] INFO  impl.RaftServerImpl (RaftServerImpl.java:setRole(204)) - 7af6e544-b19e-4e2d-9251-ecb63652227a@group-C4C2DEFD60A4: changes role from  FOLLOWER to CANDIDATE at term 1 for changeToCandidate
2020-11-23 16:44:29,881 [Thread-631] INFO  impl.RoleInfo (RoleInfo.java:updateAndGet(143)) - 7af6e544-b19e-4e2d-9251-ecb63652227a: start 7af6e544-b19e-4e2d-9251-ecb63652227a@group-C4C2DEFD60A4-LeaderElection22
2020-11-23 16:44:29,882 [7af6e544-b19e-4e2d-9251-ecb63652227a@group-C4C2DEFD60A4-LeaderElection22] INFO  impl.RaftServerImpl (ServerState.java:setLeader(256)) - 7af6e544-b19e-4e2d-9251-ecb63652227a@group-C4C2DEFD60A4: change Leader from 3a30c70a-afb4-4972-9ec7-d80bc6a022c1 to null at term 1 for initElection
2020-11-23 16:44:29,884 [7af6e544-b19e-4e2d-9251-ecb63652227a@group-C4C2DEFD60A4-LeaderElection22] INFO  impl.LeaderElection (LeaderElection.java:askForVotes(215)) - 7af6e544-b19e-4e2d-9251-ecb63652227a@group-C4C2DEFD60A4-LeaderElection22: begin an election at term 2 for 0: [7af6e544-b19e-4e2d-9251-ecb63652227a|rpc:172.17.0.2:43059|dataStream:, 915951e0-2de3-47e7-b2a6-49572f683f02|rpc:172.17.0.2:37099|dataStream:, 3a30c70a-afb4-4972-9ec7-d80bc6a022c1|rpc:172.17.0.2:44169|dataStream:], old=null
2020-11-23 16:44:29,889 [7af6e544-b19e-4e2d-9251-ecb63652227a@group-C4C2DEFD60A4-LeaderElection22] INFO  impl.LeaderElection (LogUtils.java:infoOrTrace(137)) - 7af6e544-b19e-4e2d-9251-ecb63652227a@group-C4C2DEFD60A4-LeaderElection22 got exception when requesting votes: java.util.concurrent.ExecutionException: org.apache.ratis.thirdparty.io.grpc.StatusRuntimeException: UNAVAILABLE: io exception
2020-11-23 16:44:29,893 [7af6e544-b19e-4e2d-9251-ecb63652227a@group-C4C2DEFD60A4-LeaderElection22] INFO  impl.LeaderElection (LogUtils.java:infoOrTrace(137)) - 7af6e544-b19e-4e2d-9251-ecb63652227a@group-C4C2DEFD60A4-LeaderElection22 got exception when requesting votes: java.util.concurrent.ExecutionException: org.apache.ratis.thirdparty.io.grpc.StatusRuntimeException: UNAVAILABLE: io exception
2020-11-23 16:44:29,893 [7af6e544-b19e-4e2d-9251-ecb63652227a@group-C4C2DEFD60A4-LeaderElection22] INFO  impl.LeaderElection (LeaderElection.java:logAndReturn(65)) - 7af6e544-b19e-4e2d-9251-ecb63652227a@group-C4C2DEFD60A4-LeaderElection22: Election REJECTED; received 0 response(s) [] and 2 exception(s); 7af6e544-b19e-4e2d-9251-ecb63652227a@group-C4C2DEFD60A4:t2, leader=null, voted=7af6e544-b19e-4e2d-9251-ecb63652227a, raftlog=7af6e544-b19e-4e2d-9251-ecb63652227a@group-C4C2DEFD60A4-SegmentedRaftLog:OPENED:c0,f0,i0, conf=0: [7af6e544-b19e-4e2d-9251-ecb63652227a|rpc:172.17.0.2:43059|dataStream:, 915951e0-2de3-47e7-b2a6-49572f683f02|rpc:172.17.0.2:37099|dataStream:, 3a30c70a-afb4-4972-9ec7-d80bc6a022c1|rpc:172.17.0.2:44169|dataStream:], old=null
2020-11-23 16:44:29,893 [7af6e544-b19e-4e2d-9251-ecb63652227a@group-C4C2DEFD60A4-LeaderElection22] INFO  impl.LeaderElection (LogUtils.java:infoOrTrace(137)) -   Exception 0: java.util.concurrent.ExecutionException: org.apache.ratis.thirdparty.io.grpc.StatusRuntimeException: UNAVAILABLE: io exception
2020-11-23 16:44:29,893 [7af6e544-b19e-4e2d-9251-ecb63652227a@group-C4C2DEFD60A4-LeaderElection22] INFO  impl.LeaderElection (LogUtils.java:infoOrTrace(137)) -   Exception 1: java.util.concurrent.ExecutionException: org.apache.ratis.thirdparty.io.grpc.StatusRuntimeException: UNAVAILABLE: io exception
2020-11-23 16:44:29,893 [7af6e544-b19e-4e2d-9251-ecb63652227a@group-C4C2DEFD60A4-LeaderElection22] INFO  impl.RaftServerImpl (RaftServerImpl.java:setRole(204)) - 7af6e544-b19e-4e2d-9251-ecb63652227a@group-C4C2DEFD60A4: changes role from CANDIDATE to FOLLOWER at term 2 for DISCOVERED_A_NEW_TERM
2020-11-23 16:44:29,894 [7af6e544-b19e-4e2d-9251-ecb63652227a@group-C4C2DEFD60A4-LeaderElection22] INFO  impl.RoleInfo (RoleInfo.java:shutdownLeaderElection(134)) - 7af6e544-b19e-4e2d-9251-ecb63652227a: shutdown 7af6e544-b19e-4e2d-9251-ecb63652227a@group-C4C2DEFD60A4-LeaderElection22
2020-11-23 16:44:29,894 [7af6e544-b19e-4e2d-9251-ecb63652227a@group-C4C2DEFD60A4-LeaderElection22] INFO  impl.RoleInfo (RoleInfo.java:updateAndGet(143)) - 7af6e544-b19e-4e2d-9251-ecb63652227a: start 7af6e544-b19e-4e2d-9251-ecb63652227a@group-C4C2DEFD60A4-FollowerState
2020-11-23 16:44:30,619 [Thread-654] INFO  impl.FollowerState (FollowerState.java:run(128)) - 03da0c7f-0ea2-4e27-8f49-e45eb46ed814@group-4F488877A724-FollowerState: change to CANDIDATE, lastRpcTime:7815ms, electionTimeout:5165ms
2020-11-23 16:44:30,620 [Thread-654] INFO  impl.RoleInfo (RoleInfo.java:shutdownFollowerState(121)) - 03da0c7f-0ea2-4e27-8f49-e45eb46ed814: shutdown 03da0c7f-0ea2-4e27-8f49-e45eb46ed814@group-4F488877A724-FollowerState
2020-11-23 16:44:30,620 [Thread-654] INFO  impl.RaftServerImpl (RaftServerImpl.java:setRole(204)) - 03da0c7f-0ea2-4e27-8f49-e45eb46ed814@group-4F488877A724: changes role from  FOLLOWER to CANDIDATE at term 1 for changeToCandidate
2020-11-23 16:44:30,621 [Thread-654] INFO  impl.RoleInfo (RoleInfo.java:updateAndGet(143)) - 03da0c7f-0ea2-4e27-8f49-e45eb46ed814: start 03da0c7f-0ea2-4e27-8f49-e45eb46ed814@group-4F488877A724-LeaderElection23
2020-11-23 16:44:30,622 [03da0c7f-0ea2-4e27-8f49-e45eb46ed814@group-4F488877A724-LeaderElection23] INFO  impl.RaftServerImpl (ServerState.java:setLeader(256)) - 03da0c7f-0ea2-4e27-8f49-e45eb46ed814@group-4F488877A724: change Leader from 7965236a-9e62-42d8-a24d-3e89ca899055 to null at term 1 for initElection
2020-11-23 16:44:30,623 [03da0c7f-0ea2-4e27-8f49-e45eb46ed814@group-4F488877A724-LeaderElection23] INFO  impl.LeaderElection (LeaderElection.java:askForVotes(215)) - 03da0c7f-0ea2-4e27-8f49-e45eb46ed814@group-4F488877A724-LeaderElection23: begin an election at term 2 for 0: [7965236a-9e62-42d8-a24d-3e89ca899055|rpc:172.17.0.2:38005|dataStream:, a4898ab3-e2ea-4a1b-b74b-5f89fbd14327|rpc:172.17.0.2:44959|dataStream:, 03da0c7f-0ea2-4e27-8f49-e45eb46ed814|rpc:172.17.0.2:45865|dataStream:], old=null
2020-11-23 16:44:30,626 [03da0c7f-0ea2-4e27-8f49-e45eb46ed814@group-4F488877A724-LeaderElection23] INFO  impl.LeaderElection (LogUtils.java:infoOrTrace(137)) - 03da0c7f-0ea2-4e27-8f49-e45eb46ed814@group-4F488877A724-LeaderElection23 got exception when requesting votes: java.util.concurrent.ExecutionException: org.apache.ratis.thirdparty.io.grpc.StatusRuntimeException: UNAVAILABLE: io exception
2020-11-23 16:44:30,628 [03da0c7f-0ea2-4e27-8f49-e45eb46ed814@group-4F488877A724-LeaderElection23] INFO  impl.LeaderElection (LogUtils.java:infoOrTrace(137)) - 03da0c7f-0ea2-4e27-8f49-e45eb46ed814@group-4F488877A724-LeaderElection23 got exception when requesting votes: java.util.concurrent.ExecutionException: org.apache.ratis.thirdparty.io.grpc.StatusRuntimeException: UNAVAILABLE: io exception
2020-11-23 16:44:30,628 [03da0c7f-0ea2-4e27-8f49-e45eb46ed814@group-4F488877A724-LeaderElection23] INFO  impl.LeaderElection (LeaderElection.java:logAndReturn(65)) - 03da0c7f-0ea2-4e27-8f49-e45eb46ed814@group-4F488877A724-LeaderElection23: Election REJECTED; received 0 response(s) [] and 2 exception(s); 03da0c7f-0ea2-4e27-8f49-e45eb46ed814@group-4F488877A724:t2, leader=null, voted=03da0c7f-0ea2-4e27-8f49-e45eb46ed814, raftlog=03da0c7f-0ea2-4e27-8f49-e45eb46ed814@group-4F488877A724-SegmentedRaftLog:OPENED:c0,f0,i0, conf=0: [7965236a-9e62-42d8-a24d-3e89ca899055|rpc:172.17.0.2:38005|dataStream:, a4898ab3-e2ea-4a1b-b74b-5f89fbd14327|rpc:172.17.0.2:44959|dataStream:, 03da0c7f-0ea2-4e27-8f49-e45eb46ed814|rpc:172.17.0.2:45865|dataStream:], old=null
2020-11-23 16:44:30,628 [03da0c7f-0ea2-4e27-8f49-e45eb46ed814@group-4F488877A724-LeaderElection23] INFO  impl.LeaderElection (LogUtils.java:infoOrTrace(137)) -   Exception 0: java.util.concurrent.ExecutionException: org.apache.ratis.thirdparty.io.grpc.StatusRuntimeException: UNAVAILABLE: io exception
2020-11-23 16:44:30,628 [03da0c7f-0ea2-4e27-8f49-e45eb46ed814@group-4F488877A724-LeaderElection23] INFO  impl.LeaderElection (LogUtils.java:infoOrTrace(137)) -   Exception 1: java.util.concurrent.ExecutionException: org.apache.ratis.thirdparty.io.grpc.StatusRuntimeException: UNAVAILABLE: io exception
2020-11-23 16:44:30,628 [03da0c7f-0ea2-4e27-8f49-e45eb46ed814@group-4F488877A724-LeaderElection23] INFO  impl.RaftServerImpl (RaftServerImpl.java:setRole(204)) - 03da0c7f-0ea2-4e27-8f49-e45eb46ed814@group-4F488877A724: changes role from CANDIDATE to FOLLOWER at term 2 for DISCOVERED_A_NEW_TERM
2020-11-23 16:44:30,629 [03da0c7f-0ea2-4e27-8f49-e45eb46ed814@group-4F488877A724-LeaderElection23] INFO  impl.RoleInfo (RoleInfo.java:shutdownLeaderElection(134)) - 03da0c7f-0ea2-4e27-8f49-e45eb46ed814: shutdown 03da0c7f-0ea2-4e27-8f49-e45eb46ed814@group-4F488877A724-LeaderElection23
2020-11-23 16:44:30,629 [03da0c7f-0ea2-4e27-8f49-e45eb46ed814@group-4F488877A724-LeaderElection23] INFO  impl.RoleInfo (RoleInfo.java:updateAndGet(143)) - 03da0c7f-0ea2-4e27-8f49-e45eb46ed814: start 03da0c7f-0ea2-4e27-8f49-e45eb46ed814@group-4F488877A724-FollowerState
2020-11-23 16:44:33,555 [ForkJoinPool.commonPool-worker-0] INFO  ozoneimpl.OzoneContainer (OzoneContainer.java:stop(257)) - Attempting to stop container services.
2020-11-23 16:44:33,556 [ForkJoinPool.commonPool-worker-0] INFO  impl.RaftServerProxy (RaftServerProxy.java:lambda$close$4(338)) - 7af6e544-b19e-4e2d-9251-ecb63652227a: close
2020-11-23 16:44:33,557 [ForkJoinPool.commonPool-worker-0] INFO  impl.RaftServerImpl (RaftServerImpl.java:lambda$shutdown$3(328)) - 7af6e544-b19e-4e2d-9251-ecb63652227a@group-7477839FAE5A: shutdown
2020-11-23 16:44:33,557 [ForkJoinPool.commonPool-worker-0] INFO  util.JmxRegister (JmxRegister.java:unregister(73)) - Successfully un-registered JMX Bean with object name Ratis:service=RaftServer,group=group-7477839FAE5A,id=7af6e544-b19e-4e2d-9251-ecb63652227a
2020-11-23 16:44:33,557 [ForkJoinPool.commonPool-worker-0] INFO  impl.RoleInfo (RoleInfo.java:shutdownLeaderState(104)) - 7af6e544-b19e-4e2d-9251-ecb63652227a: shutdown 7af6e544-b19e-4e2d-9251-ecb63652227a@group-7477839FAE5A-LeaderState
2020-11-23 16:44:33,557 [ForkJoinPool.commonPool-worker-0] INFO  impl.PendingRequests (PendingRequests.java:sendNotLeaderResponses(250)) - 7af6e544-b19e-4e2d-9251-ecb63652227a@group-7477839FAE5A-PendingRequests: sendNotLeaderResponses
2020-11-23 16:44:33,557 [ForkJoinPool.commonPool-worker-0] INFO  metrics.RatisMetrics (RatisMetrics.java:unregister(43)) - Unregistering Metrics Registry : ratis.log_appender.7af6e544-b19e-4e2d-9251-ecb63652227a@group-7477839FAE5A
2020-11-23 16:44:33,558 [ForkJoinPool.commonPool-worker-0] INFO  metrics.RatisMetrics (RatisMetrics.java:unregister(43)) - Unregistering Metrics Registry : ratis.server.7af6e544-b19e-4e2d-9251-ecb63652227a@group-7477839FAE5A
2020-11-23 16:44:33,559 [ForkJoinPool.commonPool-worker-0] INFO  impl.StateMachineUpdater (StateMachineUpdater.java:stopAndJoin(147)) - 7af6e544-b19e-4e2d-9251-ecb63652227a@group-7477839FAE5A-StateMachineUpdater: set stopIndex = 0
2020-11-23 16:44:33,559 [7af6e544-b19e-4e2d-9251-ecb63652227a@group-7477839FAE5A-StateMachineUpdater] INFO  ratis.ContainerStateMachine (ContainerStateMachine.java:takeSnapshot(293)) - group-7477839FAE5A: Taking a snapshot at:(t:1, i:0) file /github/workspace/mnt/ozone/hadoop-ozone/integration-test/target/test-dir/MiniOzoneClusterImpl-1f6412f7-deda-49d6-8890-c33526f8416a/datanode-0/data/ratis/27524c09-4d53-4e20-b7ca-7477839fae5a/sm/snapshot.1_0
2020-11-23 16:44:33,560 [7af6e544-b19e-4e2d-9251-ecb63652227a@group-7477839FAE5A-StateMachineUpdater] INFO  ratis.ContainerStateMachine (ContainerStateMachine.java:takeSnapshot(304)) - group-7477839FAE5A: Finished taking a snapshot at:(t:1, i:0) file:/github/workspace/mnt/ozone/hadoop-ozone/integration-test/target/test-dir/MiniOzoneClusterImpl-1f6412f7-deda-49d6-8890-c33526f8416a/datanode-0/data/ratis/27524c09-4d53-4e20-b7ca-7477839fae5a/sm/snapshot.1_0 time:1
2020-11-23 16:44:33,560 [7af6e544-b19e-4e2d-9251-ecb63652227a@group-7477839FAE5A-StateMachineUpdater] INFO  impl.StateMachineUpdater (StateMachineUpdater.java:takeSnapshot(278)) - 7af6e544-b19e-4e2d-9251-ecb63652227a@group-7477839FAE5A-StateMachineUpdater: Took a snapshot at index 0
2020-11-23 16:44:33,560 [7af6e544-b19e-4e2d-9251-ecb63652227a@group-7477839FAE5A-StateMachineUpdater] INFO  impl.StateMachineUpdater (StateMachineUpdater.java:lambda$new$0(87)) - 7af6e544-b19e-4e2d-9251-ecb63652227a@group-7477839FAE5A-StateMachineUpdater: snapshotIndex: updateIncreasingly -1 -> 0
2020-11-23 16:44:33,560 [7af6e544-b19e-4e2d-9251-ecb63652227a@group-7477839FAE5A-StateMachineUpdater] INFO  metrics.RatisMetrics (RatisMetrics.java:unregister(43)) - Unregistering Metrics Registry : ratis.state_machine.7af6e544-b19e-4e2d-9251-ecb63652227a@group-7477839FAE5A
2020-11-23 16:44:33,560 [ForkJoinPool.commonPool-worker-0] INFO  impl.RaftServerImpl (ServerState.java:close(406)) - 7af6e544-b19e-4e2d-9251-ecb63652227a@group-7477839FAE5A: closes. applyIndex: 0
2020-11-23 16:44:33,561 [7af6e544-b19e-4e2d-9251-ecb63652227a@group-7477839FAE5A-SegmentedRaftLogWorker] INFO  segmented.SegmentedRaftLogWorker (SegmentedRaftLogWorker.java:run(329)) - 7af6e544-b19e-4e2d-9251-ecb63652227a@group-7477839FAE5A-SegmentedRaftLogWorker was interrupted, exiting. There are 0 tasks remaining in the queue.
2020-11-23 16:44:33,561 [ForkJoinPool.commonPool-worker-0] INFO  segmented.SegmentedRaftLogWorker (SegmentedRaftLogWorker.java:close(235)) - 7af6e544-b19e-4e2d-9251-ecb63652227a@group-7477839FAE5A-SegmentedRaftLogWorker close()
2020-11-23 16:44:33,562 [ForkJoinPool.commonPool-worker-0] INFO  metrics.RatisMetrics (RatisMetrics.java:unregister(43)) - Unregistering Metrics Registry : ratis.log_worker.7af6e544-b19e-4e2d-9251-ecb63652227a@group-7477839FAE5A
2020-11-23 16:44:33,562 [ForkJoinPool.commonPool-worker-0] INFO  metrics.RatisMetrics (RatisMetrics.java:unregister(43)) - Unregistering Metrics Registry : ratis.leader_election.7af6e544-b19e-4e2d-9251-ecb63652227a@group-7477839FAE5A
2020-11-23 16:44:33,562 [ForkJoinPool.commonPool-worker-0] INFO  metrics.RatisMetrics (RatisMetrics.java:unregister(43)) - Unregistering Metrics Registry : ratis.server.7af6e544-b19e-4e2d-9251-ecb63652227a@group-7477839FAE5A
2020-11-23 16:44:33,562 [ForkJoinPool.commonPool-worker-0] INFO  impl.RaftServerImpl (RaftServerImpl.java:lambda$shutdown$3(328)) - 7af6e544-b19e-4e2d-9251-ecb63652227a@group-C4C2DEFD60A4: shutdown
2020-11-23 16:44:33,562 [ForkJoinPool.commonPool-worker-0] INFO  util.JmxRegister (JmxRegister.java:unregister(73)) - Successfully un-registered JMX Bean with object name Ratis:service=RaftServer,group=group-C4C2DEFD60A4,id=7af6e544-b19e-4e2d-9251-ecb63652227a
2020-11-23 16:44:33,562 [ForkJoinPool.commonPool-worker-0] INFO  impl.RoleInfo (RoleInfo.java:shutdownFollowerState(121)) - 7af6e544-b19e-4e2d-9251-ecb63652227a: shutdown 7af6e544-b19e-4e2d-9251-ecb63652227a@group-C4C2DEFD60A4-FollowerState
2020-11-23 16:44:33,563 [Thread-745] INFO  impl.FollowerState (FollowerState.java:run(137)) - 7af6e544-b19e-4e2d-9251-ecb63652227a@group-C4C2DEFD60A4-FollowerState was interrupted: {}
java.lang.InterruptedException: sleep interrupted
	at java.lang.Thread.sleep(Native Method)
	at org.apache.ratis.util.JavaUtils.sleep(JavaUtils.java:250)
	at org.apache.ratis.server.impl.FollowerState.run(FollowerState.java:116)
2020-11-23 16:44:33,563 [7af6e544-b19e-4e2d-9251-ecb63652227a@group-C4C2DEFD60A4-StateMachineUpdater] INFO  ratis.ContainerStateMachine (ContainerStateMachine.java:takeSnapshot(293)) - group-C4C2DEFD60A4: Taking a snapshot at:(t:1, i:0) file /github/workspace/mnt/ozone/hadoop-ozone/integration-test/target/test-dir/MiniOzoneClusterImpl-1f6412f7-deda-49d6-8890-c33526f8416a/datanode-0/data/ratis/18d1ce86-700c-46a9-a4b0-c4c2defd60a4/sm/snapshot.1_0
2020-11-23 16:44:33,563 [ForkJoinPool.commonPool-worker-0] INFO  impl.StateMachineUpdater (StateMachineUpdater.java:stopAndJoin(147)) - 7af6e544-b19e-4e2d-9251-ecb63652227a@group-C4C2DEFD60A4-StateMachineUpdater: set stopIndex = 0
2020-11-23 16:44:33,564 [7af6e544-b19e-4e2d-9251-ecb63652227a@group-C4C2DEFD60A4-StateMachineUpdater] INFO  ratis.ContainerStateMachine (ContainerStateMachine.java:takeSnapshot(304)) - group-C4C2DEFD60A4: Finished taking a snapshot at:(t:1, i:0) file:/github/workspace/mnt/ozone/hadoop-ozone/integration-test/target/test-dir/MiniOzoneClusterImpl-1f6412f7-deda-49d6-8890-c33526f8416a/datanode-0/data/ratis/18d1ce86-700c-46a9-a4b0-c4c2defd60a4/sm/snapshot.1_0 time:1
2020-11-23 16:44:33,564 [7af6e544-b19e-4e2d-9251-ecb63652227a@group-C4C2DEFD60A4-StateMachineUpdater] INFO  impl.StateMachineUpdater (StateMachineUpdater.java:takeSnapshot(278)) - 7af6e544-b19e-4e2d-9251-ecb63652227a@group-C4C2DEFD60A4-StateMachineUpdater: Took a snapshot at index 0
2020-11-23 16:44:33,564 [7af6e544-b19e-4e2d-9251-ecb63652227a@group-C4C2DEFD60A4-StateMachineUpdater] INFO  impl.StateMachineUpdater (StateMachineUpdater.java:lambda$new$0(87)) - 7af6e544-b19e-4e2d-9251-ecb63652227a@group-C4C2DEFD60A4-StateMachineUpdater: snapshotIndex: updateIncreasingly -1 -> 0
2020-11-23 16:44:33,564 [7af6e544-b19e-4e2d-9251-ecb63652227a@group-C4C2DEFD60A4-StateMachineUpdater] INFO  metrics.RatisMetrics (RatisMetrics.java:unregister(43)) - Unregistering Metrics Registry : ratis.state_machine.7af6e544-b19e-4e2d-9251-ecb63652227a@group-C4C2DEFD60A4
2020-11-23 16:44:33,564 [ForkJoinPool.commonPool-worker-0] INFO  impl.RaftServerImpl (ServerState.java:close(406)) - 7af6e544-b19e-4e2d-9251-ecb63652227a@group-C4C2DEFD60A4: closes. applyIndex: 0
2020-11-23 16:44:33,567 [7af6e544-b19e-4e2d-9251-ecb63652227a@group-C4C2DEFD60A4-SegmentedRaftLogWorker] INFO  segmented.SegmentedRaftLogWorker (SegmentedRaftLogWorker.java:run(329)) - 7af6e544-b19e-4e2d-9251-ecb63652227a@group-C4C2DEFD60A4-SegmentedRaftLogWorker was interrupted, exiting. There are 0 tasks remaining in the queue.
2020-11-23 16:44:33,569 [Listener at 127.0.0.1/36807] INFO  ozoneimpl.OzoneContainer (OzoneContainer.java:stop(257)) - Attempting to stop container services.
2020-11-23 16:44:33,569 [Listener at 127.0.0.1/36807] INFO  impl.RaftServerProxy (RaftServerProxy.java:lambda$close$4(338)) - 2001b4ac-07b6-4cea-a1f1-ff1d200545db: close
2020-11-23 16:44:33,570 [Listener at 127.0.0.1/36807] INFO  impl.RaftServerImpl (RaftServerImpl.java:lambda$shutdown$3(328)) - 2001b4ac-07b6-4cea-a1f1-ff1d200545db@group-30E16C36EFC1: shutdown
2020-11-23 16:44:33,570 [Listener at 127.0.0.1/36807] INFO  util.JmxRegister (JmxRegister.java:unregister(73)) - Successfully un-registered JMX Bean with object name Ratis:service=RaftServer,group=group-30E16C36EFC1,id=2001b4ac-07b6-4cea-a1f1-ff1d200545db
2020-11-23 16:44:33,570 [Listener at 127.0.0.1/36807] INFO  impl.RoleInfo (RoleInfo.java:shutdownLeaderState(104)) - 2001b4ac-07b6-4cea-a1f1-ff1d200545db: shutdown 2001b4ac-07b6-4cea-a1f1-ff1d200545db@group-30E16C36EFC1-LeaderState
2020-11-23 16:44:33,570 [Listener at 127.0.0.1/36807] INFO  impl.PendingRequests (PendingRequests.java:sendNotLeaderResponses(250)) - 2001b4ac-07b6-4cea-a1f1-ff1d200545db@group-30E16C36EFC1-PendingRequests: sendNotLeaderResponses
2020-11-23 16:44:33,569 [ForkJoinPool.commonPool-worker-0] INFO  segmented.SegmentedRaftLogWorker (SegmentedRaftLogWorker.java:close(235)) - 7af6e544-b19e-4e2d-9251-ecb63652227a@group-C4C2DEFD60A4-SegmentedRaftLogWorker close()
2020-11-23 16:44:33,572 [Listener at 127.0.0.1/36807] INFO  metrics.RatisMetrics (RatisMetrics.java:unregister(43)) - Unregistering Metrics Registry : ratis.log_appender.2001b4ac-07b6-4cea-a1f1-ff1d200545db@group-30E16C36EFC1
2020-11-23 16:44:33,572 [Listener at 127.0.0.1/36807] INFO  metrics.RatisMetrics (RatisMetrics.java:unregister(43)) - Unregistering Metrics Registry : ratis.server.2001b4ac-07b6-4cea-a1f1-ff1d200545db@group-30E16C36EFC1
2020-11-23 16:44:33,573 [Listener at 127.0.0.1/36807] INFO  impl.StateMachineUpdater (StateMachineUpdater.java:stopAndJoin(147)) - 2001b4ac-07b6-4cea-a1f1-ff1d200545db@group-30E16C36EFC1-StateMachineUpdater: set stopIndex = 26
2020-11-23 16:44:33,574 [2001b4ac-07b6-4cea-a1f1-ff1d200545db@group-30E16C36EFC1-StateMachineUpdater] INFO  ratis.ContainerStateMachine (ContainerStateMachine.java:takeSnapshot(293)) - group-30E16C36EFC1: Taking a snapshot at:(t:1, i:26) file /github/workspace/mnt/ozone/hadoop-ozone/integration-test/target/test-dir/MiniOzoneClusterImpl-1f6412f7-deda-49d6-8890-c33526f8416a/datanode-6/data/ratis/f42fef0f-2af6-464e-a686-30e16c36efc1/sm/snapshot.1_26
2020-11-23 16:44:33,574 [2001b4ac-07b6-4cea-a1f1-ff1d200545db@group-30E16C36EFC1-StateMachineUpdater] INFO  ratis.ContainerStateMachine (ContainerStateMachine.java:takeSnapshot(304)) - group-30E16C36EFC1: Finished taking a snapshot at:(t:1, i:26) file:/github/workspace/mnt/ozone/hadoop-ozone/integration-test/target/test-dir/MiniOzoneClusterImpl-1f6412f7-deda-49d6-8890-c33526f8416a/datanode-6/data/ratis/f42fef0f-2af6-464e-a686-30e16c36efc1/sm/snapshot.1_26 time:1
2020-11-23 16:44:33,575 [2001b4ac-07b6-4cea-a1f1-ff1d200545db@group-30E16C36EFC1-StateMachineUpdater] INFO  impl.StateMachineUpdater (StateMachineUpdater.java:takeSnapshot(278)) - 2001b4ac-07b6-4cea-a1f1-ff1d200545db@group-30E16C36EFC1-StateMachineUpdater: Took a snapshot at index 26
2020-11-23 16:44:33,575 [2001b4ac-07b6-4cea-a1f1-ff1d200545db@group-30E16C36EFC1-StateMachineUpdater] INFO  impl.StateMachineUpdater (StateMachineUpdater.java:lambda$new$0(87)) - 2001b4ac-07b6-4cea-a1f1-ff1d200545db@group-30E16C36EFC1-StateMachineUpdater: snapshotIndex: updateIncreasingly -1 -> 26
2020-11-23 16:44:33,576 [ForkJoinPool.commonPool-worker-0] INFO  metrics.RatisMetrics (RatisMetrics.java:unregister(43)) - Unregistering Metrics Registry : ratis.log_worker.7af6e544-b19e-4e2d-9251-ecb63652227a@group-C4C2DEFD60A4
2020-11-23 16:44:33,577 [ForkJoinPool.commonPool-worker-0] INFO  metrics.RatisMetrics (RatisMetrics.java:unregister(43)) - Unregistering Metrics Registry : ratis.leader_election.7af6e544-b19e-4e2d-9251-ecb63652227a@group-C4C2DEFD60A4
2020-11-23 16:44:33,578 [ForkJoinPool.commonPool-worker-0] INFO  metrics.RatisMetrics (RatisMetrics.java:unregister(43)) - Unregistering Metrics Registry : ratis.server.7af6e544-b19e-4e2d-9251-ecb63652227a@group-C4C2DEFD60A4
2020-11-23 16:44:33,578 [ForkJoinPool.commonPool-worker-0] INFO  server.GrpcService (GrpcService.java:closeImpl(184)) - 7af6e544-b19e-4e2d-9251-ecb63652227a: shutdown server with port 43059 now
2020-11-23 16:44:33,580 [2001b4ac-07b6-4cea-a1f1-ff1d200545db@group-30E16C36EFC1-StateMachineUpdater] INFO  metrics.RatisMetrics (RatisMetrics.java:unregister(43)) - Unregistering Metrics Registry : ratis.state_machine.2001b4ac-07b6-4cea-a1f1-ff1d200545db@group-30E16C36EFC1
2020-11-23 16:44:33,581 [Listener at 127.0.0.1/36807] INFO  impl.RaftServerImpl (ServerState.java:close(406)) - 2001b4ac-07b6-4cea-a1f1-ff1d200545db@group-30E16C36EFC1: closes. applyIndex: 26
2020-11-23 16:44:33,581 [2001b4ac-07b6-4cea-a1f1-ff1d200545db@group-30E16C36EFC1-SegmentedRaftLogWorker] INFO  segmented.SegmentedRaftLogWorker (SegmentedRaftLogWorker.java:run(329)) - 2001b4ac-07b6-4cea-a1f1-ff1d200545db@group-30E16C36EFC1-SegmentedRaftLogWorker was interrupted, exiting. There are 0 tasks remaining in the queue.
2020-11-23 16:44:33,581 [Listener at 127.0.0.1/36807] INFO  segmented.SegmentedRaftLogWorker (SegmentedRaftLogWorker.java:close(235)) - 2001b4ac-07b6-4cea-a1f1-ff1d200545db@group-30E16C36EFC1-SegmentedRaftLogWorker close()
2020-11-23 16:44:33,582 [Listener at 127.0.0.1/36807] INFO  metrics.RatisMetrics (RatisMetrics.java:unregister(43)) - Unregistering Metrics Registry : ratis.log_worker.2001b4ac-07b6-4cea-a1f1-ff1d200545db@group-30E16C36EFC1
2020-11-23 16:44:33,582 [Listener at 127.0.0.1/36807] INFO  metrics.RatisMetrics (RatisMetrics.java:unregister(43)) - Unregistering Metrics Registry : ratis.leader_election.2001b4ac-07b6-4cea-a1f1-ff1d200545db@group-30E16C36EFC1
2020-11-23 16:44:33,582 [Listener at 127.0.0.1/36807] INFO  metrics.RatisMetrics (RatisMetrics.java:unregister(43)) - Unregistering Metrics Registry : ratis.server.2001b4ac-07b6-4cea-a1f1-ff1d200545db@group-30E16C36EFC1
2020-11-23 16:44:33,582 [Listener at 127.0.0.1/36807] INFO  server.GrpcService (GrpcService.java:closeImpl(184)) - 2001b4ac-07b6-4cea-a1f1-ff1d200545db: shutdown server with port 42501 now
2020-11-23 16:44:33,584 [Listener at 127.0.0.1/36807] INFO  server.GrpcService (GrpcService.java:closeImpl(193)) - 2001b4ac-07b6-4cea-a1f1-ff1d200545db: shutdown server with port 42501 successfully
2020-11-23 16:44:33,585 [Listener at 127.0.0.1/36807] INFO  utils.BackgroundService (BackgroundService.java:shutdown(132)) - Shutting down service BlockDeletingService
2020-11-23 16:44:33,586 [ForkJoinPool.commonPool-worker-0] INFO  server.GrpcService (GrpcService.java:closeImpl(193)) - 7af6e544-b19e-4e2d-9251-ecb63652227a: shutdown server with port 43059 successfully
2020-11-23 16:44:33,588 [ForkJoinPool.commonPool-worker-0] INFO  utils.BackgroundService (BackgroundService.java:shutdown(132)) - Shutting down service BlockDeletingService
2020-11-23 16:44:33,588 [Listener at 127.0.0.1/36807] INFO  statemachine.DatanodeStateMachine (DatanodeStateMachine.java:stopDaemon(459)) - Ozone container server stopped.
2020-11-23 16:44:33,594 [ForkJoinPool.commonPool-worker-0] INFO  statemachine.DatanodeStateMachine (DatanodeStateMachine.java:stopDaemon(459)) - Ozone container server stopped.
2020-11-23 16:44:33,605 [Listener at 127.0.0.1/36807] INFO  handler.ContextHandler (ContextHandler.java:doStop(1154)) - Stopped o.e.j.w.WebAppContext@5dd4e963{hddsDatanode,/,null,STOPPED}{jar:file:/home/user/.m2/repository/org/apache/hadoop/hadoop-hdds-container-service/1.1.0-SNAPSHOT/hadoop-hdds-container-service-1.1.0-SNAPSHOT.jar!/webapps/hddsDatanode}
2020-11-23 16:44:33,610 [ForkJoinPool.commonPool-worker-0] INFO  handler.ContextHandler (ContextHandler.java:doStop(1154)) - Stopped o.e.j.w.WebAppContext@59f19f66{hddsDatanode,/,null,STOPPED}{jar:file:/home/user/.m2/repository/org/apache/hadoop/hadoop-hdds-container-service/1.1.0-SNAPSHOT/hadoop-hdds-container-service-1.1.0-SNAPSHOT.jar!/webapps/hddsDatanode}
2020-11-23 16:44:33,611 [Listener at 127.0.0.1/36807] INFO  server.AbstractConnector (AbstractConnector.java:doStop(381)) - Stopped ServerConnector@5bd8081{HTTP/1.1, (http/1.1)}{0.0.0.0:0}
2020-11-23 16:44:33,611 [Listener at 127.0.0.1/36807] INFO  server.session (HouseKeeper.java:stopScavenging(149)) - node0 Stopped scavenging
2020-11-23 16:44:33,612 [Listener at 127.0.0.1/36807] INFO  handler.ContextHandler (ContextHandler.java:doStop(1154)) - Stopped o.e.j.s.ServletContextHandler@572f4b81{static,/static,jar:file:/home/user/.m2/repository/org/apache/hadoop/hadoop-hdds-container-service/1.1.0-SNAPSHOT/hadoop-hdds-container-service-1.1.0-SNAPSHOT.jar!/webapps/static,STOPPED}
2020-11-23 16:44:33,612 [Listener at 127.0.0.1/36807] INFO  handler.ContextHandler (ContextHandler.java:doStop(1154)) - Stopped o.e.j.s.ServletContextHandler@12c06fff{logs,/logs,file:///github/workspace/mnt/ozone/hadoop-ozone/integration-test/target/log,STOPPED}
2020-11-23 16:44:33,613 [ForkJoinPool.commonPool-worker-0] INFO  server.AbstractConnector (AbstractConnector.java:doStop(381)) - Stopped ServerConnector@21a13b14{HTTP/1.1, (http/1.1)}{0.0.0.0:0}
2020-11-23 16:44:33,613 [ForkJoinPool.commonPool-worker-0] INFO  server.session (HouseKeeper.java:stopScavenging(149)) - node0 Stopped scavenging
2020-11-23 16:44:33,614 [ForkJoinPool.commonPool-worker-0] INFO  handler.ContextHandler (ContextHandler.java:doStop(1154)) - Stopped o.e.j.s.ServletContextHandler@713346ca{static,/static,jar:file:/home/user/.m2/repository/org/apache/hadoop/hadoop-hdds-container-service/1.1.0-SNAPSHOT/hadoop-hdds-container-service-1.1.0-SNAPSHOT.jar!/webapps/static,STOPPED}
2020-11-23 16:44:33,614 [ForkJoinPool.commonPool-worker-0] INFO  handler.ContextHandler (ContextHandler.java:doStop(1154)) - Stopped o.e.j.s.ServletContextHandler@5eccc3f6{logs,/logs,file:///github/workspace/mnt/ozone/hadoop-ozone/integration-test/target/log,STOPPED}
2020-11-23 16:44:33,637 [Datanode State Machine Thread - 0] INFO  statemachine.DatanodeStateMachine (DatanodeStateMachine.java:lambda$startDaemon$0(406)) - Ozone container server started.
2020-11-23 16:44:35,720 [Thread-749] INFO  impl.FollowerState (FollowerState.java:run(128)) - 03da0c7f-0ea2-4e27-8f49-e45eb46ed814@group-4F488877A724-FollowerState: change to CANDIDATE, lastRpcTime:5091ms, electionTimeout:5091ms
2020-11-23 16:44:35,720 [Thread-749] INFO  impl.RoleInfo (RoleInfo.java:shutdownFollowerState(121)) - 03da0c7f-0ea2-4e27-8f49-e45eb46ed814: shutdown 03da0c7f-0ea2-4e27-8f49-e45eb46ed814@group-4F488877A724-FollowerState
2020-11-23 16:44:35,721 [Thread-749] INFO  impl.RaftServerImpl (RaftServerImpl.java:setRole(204)) - 03da0c7f-0ea2-4e27-8f49-e45eb46ed814@group-4F488877A724: changes role from  FOLLOWER to CANDIDATE at term 2 for changeToCandidate
2020-11-23 16:44:35,721 [Thread-749] INFO  impl.RoleInfo (RoleInfo.java:updateAndGet(143)) - 03da0c7f-0ea2-4e27-8f49-e45eb46ed814: start 03da0c7f-0ea2-4e27-8f49-e45eb46ed814@group-4F488877A724-LeaderElection24
2020-11-23 16:44:35,723 [03da0c7f-0ea2-4e27-8f49-e45eb46ed814@group-4F488877A724-LeaderElection24] INFO  impl.LeaderElection (LeaderElection.java:askForVotes(215)) - 03da0c7f-0ea2-4e27-8f49-e45eb46ed814@group-4F488877A724-LeaderElection24: begin an election at term 3 for 0: [7965236a-9e62-42d8-a24d-3e89ca899055|rpc:172.17.0.2:38005|dataStream:, a4898ab3-e2ea-4a1b-b74b-5f89fbd14327|rpc:172.17.0.2:44959|dataStream:, 03da0c7f-0ea2-4e27-8f49-e45eb46ed814|rpc:172.17.0.2:45865|dataStream:], old=null
2020-11-23 16:44:35,724 [03da0c7f-0ea2-4e27-8f49-e45eb46ed814@group-4F488877A724-LeaderElection24] INFO  impl.LeaderElection (LogUtils.java:infoOrTrace(137)) - 03da0c7f-0ea2-4e27-8f49-e45eb46ed814@group-4F488877A724-LeaderElection24 got exception when requesting votes: java.util.concurrent.ExecutionException: org.apache.ratis.thirdparty.io.grpc.StatusRuntimeException: UNAVAILABLE: io exception
2020-11-23 16:44:35,725 [03da0c7f-0ea2-4e27-8f49-e45eb46ed814@group-4F488877A724-LeaderElection24] INFO  impl.LeaderElection (LogUtils.java:infoOrTrace(137)) - 03da0c7f-0ea2-4e27-8f49-e45eb46ed814@group-4F488877A724-LeaderElection24 got exception when requesting votes: java.util.concurrent.ExecutionException: org.apache.ratis.thirdparty.io.grpc.StatusRuntimeException: UNAVAILABLE: io exception
2020-11-23 16:44:35,725 [03da0c7f-0ea2-4e27-8f49-e45eb46ed814@group-4F488877A724-LeaderElection24] INFO  impl.LeaderElection (LeaderElection.java:logAndReturn(65)) - 03da0c7f-0ea2-4e27-8f49-e45eb46ed814@group-4F488877A724-LeaderElection24: Election REJECTED; received 0 response(s) [] and 2 exception(s); 03da0c7f-0ea2-4e27-8f49-e45eb46ed814@group-4F488877A724:t3, leader=null, voted=03da0c7f-0ea2-4e27-8f49-e45eb46ed814, raftlog=03da0c7f-0ea2-4e27-8f49-e45eb46ed814@group-4F488877A724-SegmentedRaftLog:OPENED:c0,f0,i0, conf=0: [7965236a-9e62-42d8-a24d-3e89ca899055|rpc:172.17.0.2:38005|dataStream:, a4898ab3-e2ea-4a1b-b74b-5f89fbd14327|rpc:172.17.0.2:44959|dataStream:, 03da0c7f-0ea2-4e27-8f49-e45eb46ed814|rpc:172.17.0.2:45865|dataStream:], old=null
2020-11-23 16:44:35,725 [03da0c7f-0ea2-4e27-8f49-e45eb46ed814@group-4F488877A724-LeaderElection24] INFO  impl.LeaderElection (LogUtils.java:infoOrTrace(137)) -   Exception 0: java.util.concurrent.ExecutionException: org.apache.ratis.thirdparty.io.grpc.StatusRuntimeException: UNAVAILABLE: io exception
2020-11-23 16:44:35,725 [03da0c7f-0ea2-4e27-8f49-e45eb46ed814@group-4F488877A724-LeaderElection24] INFO  impl.LeaderElection (LogUtils.java:infoOrTrace(137)) -   Exception 1: java.util.concurrent.ExecutionException: org.apache.ratis.thirdparty.io.grpc.StatusRuntimeException: UNAVAILABLE: io exception
2020-11-23 16:44:35,725 [03da0c7f-0ea2-4e27-8f49-e45eb46ed814@group-4F488877A724-LeaderElection24] INFO  impl.RaftServerImpl (RaftServerImpl.java:setRole(204)) - 03da0c7f-0ea2-4e27-8f49-e45eb46ed814@group-4F488877A724: changes role from CANDIDATE to FOLLOWER at term 3 for DISCOVERED_A_NEW_TERM
2020-11-23 16:44:35,726 [03da0c7f-0ea2-4e27-8f49-e45eb46ed814@group-4F488877A724-LeaderElection24] INFO  impl.RoleInfo (RoleInfo.java:shutdownLeaderElection(134)) - 03da0c7f-0ea2-4e27-8f49-e45eb46ed814: shutdown 03da0c7f-0ea2-4e27-8f49-e45eb46ed814@group-4F488877A724-LeaderElection24
2020-11-23 16:44:35,726 [03da0c7f-0ea2-4e27-8f49-e45eb46ed814@group-4F488877A724-LeaderElection24] INFO  impl.RoleInfo (RoleInfo.java:updateAndGet(143)) - 03da0c7f-0ea2-4e27-8f49-e45eb46ed814: start 03da0c7f-0ea2-4e27-8f49-e45eb46ed814@group-4F488877A724-FollowerState
2020-11-23 16:44:38,615 [Listener at 127.0.0.1/36807] INFO  ozoneimpl.OzoneContainer (OzoneContainer.java:stop(257)) - Attempting to stop container services.
2020-11-23 16:44:38,616 [Listener at 127.0.0.1/36807] INFO  impl.RaftServerProxy (RaftServerProxy.java:lambda$close$4(338)) - 03da0c7f-0ea2-4e27-8f49-e45eb46ed814: close
2020-11-23 16:44:38,617 [Listener at 127.0.0.1/36807] INFO  impl.RaftServerImpl (RaftServerImpl.java:lambda$shutdown$3(328)) - 03da0c7f-0ea2-4e27-8f49-e45eb46ed814@group-A7D5D09C3196: shutdown
2020-11-23 16:44:38,617 [Listener at 127.0.0.1/36807] INFO  util.JmxRegister (JmxRegister.java:unregister(73)) - Successfully un-registered JMX Bean with object name Ratis:service=RaftServer,group=group-A7D5D09C3196,id=03da0c7f-0ea2-4e27-8f49-e45eb46ed814
2020-11-23 16:44:38,618 [Listener at 127.0.0.1/36807] INFO  impl.RoleInfo (RoleInfo.java:shutdownLeaderState(104)) - 03da0c7f-0ea2-4e27-8f49-e45eb46ed814: shutdown 03da0c7f-0ea2-4e27-8f49-e45eb46ed814@group-A7D5D09C3196-LeaderState
2020-11-23 16:44:38,618 [Listener at 127.0.0.1/36807] INFO  impl.PendingRequests (PendingRequests.java:sendNotLeaderResponses(250)) - 03da0c7f-0ea2-4e27-8f49-e45eb46ed814@group-A7D5D09C3196-PendingRequests: sendNotLeaderResponses
2020-11-23 16:44:38,618 [Listener at 127.0.0.1/36807] INFO  metrics.RatisMetrics (RatisMetrics.java:unregister(43)) - Unregistering Metrics Registry : ratis.log_appender.03da0c7f-0ea2-4e27-8f49-e45eb46ed814@group-A7D5D09C3196
2020-11-23 16:44:38,618 [Listener at 127.0.0.1/36807] INFO  metrics.RatisMetrics (RatisMetrics.java:unregister(43)) - Unregistering Metrics Registry : ratis.server.03da0c7f-0ea2-4e27-8f49-e45eb46ed814@group-A7D5D09C3196
2020-11-23 16:44:38,619 [Listener at 127.0.0.1/36807] INFO  impl.StateMachineUpdater (StateMachineUpdater.java:stopAndJoin(147)) - 03da0c7f-0ea2-4e27-8f49-e45eb46ed814@group-A7D5D09C3196-StateMachineUpdater: set stopIndex = 0
2020-11-23 16:44:38,619 [03da0c7f-0ea2-4e27-8f49-e45eb46ed814@group-A7D5D09C3196-StateMachineUpdater] INFO  ratis.ContainerStateMachine (ContainerStateMachine.java:takeSnapshot(293)) - group-A7D5D09C3196: Taking a snapshot at:(t:1, i:0) file /github/workspace/mnt/ozone/hadoop-ozone/integration-test/target/test-dir/MiniOzoneClusterImpl-1f6412f7-deda-49d6-8890-c33526f8416a/datanode-5/data/ratis/379d5359-402f-4e83-9175-a7d5d09c3196/sm/snapshot.1_0
2020-11-23 16:44:38,622 [03da0c7f-0ea2-4e27-8f49-e45eb46ed814@group-A7D5D09C3196-StateMachineUpdater] INFO  ratis.ContainerStateMachine (ContainerStateMachine.java:takeSnapshot(304)) - group-A7D5D09C3196: Finished taking a snapshot at:(t:1, i:0) file:/github/workspace/mnt/ozone/hadoop-ozone/integration-test/target/test-dir/MiniOzoneClusterImpl-1f6412f7-deda-49d6-8890-c33526f8416a/datanode-5/data/ratis/379d5359-402f-4e83-9175-a7d5d09c3196/sm/snapshot.1_0 time:2
2020-11-23 16:44:38,622 [03da0c7f-0ea2-4e27-8f49-e45eb46ed814@group-A7D5D09C3196-StateMachineUpdater] INFO  impl.StateMachineUpdater (StateMachineUpdater.java:takeSnapshot(278)) - 03da0c7f-0ea2-4e27-8f49-e45eb46ed814@group-A7D5D09C3196-StateMachineUpdater: Took a snapshot at index 0
2020-11-23 16:44:38,622 [03da0c7f-0ea2-4e27-8f49-e45eb46ed814@group-A7D5D09C3196-StateMachineUpdater] INFO  impl.StateMachineUpdater (StateMachineUpdater.java:lambda$new$0(87)) - 03da0c7f-0ea2-4e27-8f49-e45eb46ed814@group-A7D5D09C3196-StateMachineUpdater: snapshotIndex: updateIncreasingly -1 -> 0
2020-11-23 16:44:38,622 [03da0c7f-0ea2-4e27-8f49-e45eb46ed814@group-A7D5D09C3196-StateMachineUpdater] INFO  metrics.RatisMetrics (RatisMetrics.java:unregister(43)) - Unregistering Metrics Registry : ratis.state_machine.03da0c7f-0ea2-4e27-8f49-e45eb46ed814@group-A7D5D09C3196
2020-11-23 16:44:38,622 [Listener at 127.0.0.1/36807] INFO  impl.RaftServerImpl (ServerState.java:close(406)) - 03da0c7f-0ea2-4e27-8f49-e45eb46ed814@group-A7D5D09C3196: closes. applyIndex: 0
2020-11-23 16:44:38,623 [03da0c7f-0ea2-4e27-8f49-e45eb46ed814@group-A7D5D09C3196-SegmentedRaftLogWorker] INFO  segmented.SegmentedRaftLogWorker (SegmentedRaftLogWorker.java:run(329)) - 03da0c7f-0ea2-4e27-8f49-e45eb46ed814@group-A7D5D09C3196-SegmentedRaftLogWorker was interrupted, exiting. There are 0 tasks remaining in the queue.
2020-11-23 16:44:38,623 [Listener at 127.0.0.1/36807] INFO  segmented.SegmentedRaftLogWorker (SegmentedRaftLogWorker.java:close(235)) - 03da0c7f-0ea2-4e27-8f49-e45eb46ed814@group-A7D5D09C3196-SegmentedRaftLogWorker close()
2020-11-23 16:44:38,623 [Listener at 127.0.0.1/36807] INFO  metrics.RatisMetrics (RatisMetrics.java:unregister(43)) - Unregistering Metrics Registry : ratis.log_worker.03da0c7f-0ea2-4e27-8f49-e45eb46ed814@group-A7D5D09C3196
2020-11-23 16:44:38,623 [Listener at 127.0.0.1/36807] INFO  metrics.RatisMetrics (RatisMetrics.java:unregister(43)) - Unregistering Metrics Registry : ratis.leader_election.03da0c7f-0ea2-4e27-8f49-e45eb46ed814@group-A7D5D09C3196
2020-11-23 16:44:38,623 [Listener at 127.0.0.1/36807] INFO  metrics.RatisMetrics (RatisMetrics.java:unregister(43)) - Unregistering Metrics Registry : ratis.server.03da0c7f-0ea2-4e27-8f49-e45eb46ed814@group-A7D5D09C3196
2020-11-23 16:44:38,623 [Listener at 127.0.0.1/36807] INFO  impl.RaftServerImpl (RaftServerImpl.java:lambda$shutdown$3(328)) - 03da0c7f-0ea2-4e27-8f49-e45eb46ed814@group-4F488877A724: shutdown
2020-11-23 16:44:38,624 [Listener at 127.0.0.1/36807] INFO  util.JmxRegister (JmxRegister.java:unregister(73)) - Successfully un-registered JMX Bean with object name Ratis:service=RaftServer,group=group-4F488877A724,id=03da0c7f-0ea2-4e27-8f49-e45eb46ed814
2020-11-23 16:44:38,624 [Listener at 127.0.0.1/36807] INFO  impl.RoleInfo (RoleInfo.java:shutdownFollowerState(121)) - 03da0c7f-0ea2-4e27-8f49-e45eb46ed814: shutdown 03da0c7f-0ea2-4e27-8f49-e45eb46ed814@group-4F488877A724-FollowerState
2020-11-23 16:44:38,624 [Listener at 127.0.0.1/36807] INFO  impl.StateMachineUpdater (StateMachineUpdater.java:stopAndJoin(147)) - 03da0c7f-0ea2-4e27-8f49-e45eb46ed814@group-4F488877A724-StateMachineUpdater: set stopIndex = 0
2020-11-23 16:44:38,624 [03da0c7f-0ea2-4e27-8f49-e45eb46ed814@group-4F488877A724-StateMachineUpdater] INFO  ratis.ContainerStateMachine (ContainerStateMachine.java:takeSnapshot(293)) - group-4F488877A724: Taking a snapshot at:(t:1, i:0) file /github/workspace/mnt/ozone/hadoop-ozone/integration-test/target/test-dir/MiniOzoneClusterImpl-1f6412f7-deda-49d6-8890-c33526f8416a/datanode-5/data/ratis/2ddc8998-598d-4fe1-8164-4f488877a724/sm/snapshot.1_0
2020-11-23 16:44:38,624 [Thread-753] INFO  impl.FollowerState (FollowerState.java:run(137)) - 03da0c7f-0ea2-4e27-8f49-e45eb46ed814@group-4F488877A724-FollowerState was interrupted: {}
java.lang.InterruptedException: sleep interrupted
	at java.lang.Thread.sleep(Native Method)
	at org.apache.ratis.util.JavaUtils.sleep(JavaUtils.java:250)
	at org.apache.ratis.server.impl.FollowerState.run(FollowerState.java:116)
2020-11-23 16:44:38,625 [03da0c7f-0ea2-4e27-8f49-e45eb46ed814@group-4F488877A724-StateMachineUpdater] INFO  ratis.ContainerStateMachine (ContainerStateMachine.java:takeSnapshot(304)) - group-4F488877A724: Finished taking a snapshot at:(t:1, i:0) file:/github/workspace/mnt/ozone/hadoop-ozone/integration-test/target/test-dir/MiniOzoneClusterImpl-1f6412f7-deda-49d6-8890-c33526f8416a/datanode-5/data/ratis/2ddc8998-598d-4fe1-8164-4f488877a724/sm/snapshot.1_0 time:1
2020-11-23 16:44:38,625 [03da0c7f-0ea2-4e27-8f49-e45eb46ed814@group-4F488877A724-StateMachineUpdater] INFO  impl.StateMachineUpdater (StateMachineUpdater.java:takeSnapshot(278)) - 03da0c7f-0ea2-4e27-8f49-e45eb46ed814@group-4F488877A724-StateMachineUpdater: Took a snapshot at index 0
2020-11-23 16:44:38,625 [03da0c7f-0ea2-4e27-8f49-e45eb46ed814@group-4F488877A724-StateMachineUpdater] INFO  impl.StateMachineUpdater (StateMachineUpdater.java:lambda$new$0(87)) - 03da0c7f-0ea2-4e27-8f49-e45eb46ed814@group-4F488877A724-StateMachineUpdater: snapshotIndex: updateIncreasingly -1 -> 0
2020-11-23 16:44:38,625 [03da0c7f-0ea2-4e27-8f49-e45eb46ed814@group-4F488877A724-StateMachineUpdater] INFO  metrics.RatisMetrics (RatisMetrics.java:unregister(43)) - Unregistering Metrics Registry : ratis.state_machine.03da0c7f-0ea2-4e27-8f49-e45eb46ed814@group-4F488877A724
2020-11-23 16:44:38,625 [Listener at 127.0.0.1/36807] INFO  impl.RaftServerImpl (ServerState.java:close(406)) - 03da0c7f-0ea2-4e27-8f49-e45eb46ed814@group-4F488877A724: closes. applyIndex: 0
2020-11-23 16:44:38,626 [03da0c7f-0ea2-4e27-8f49-e45eb46ed814@group-4F488877A724-SegmentedRaftLogWorker] INFO  segmented.SegmentedRaftLogWorker (SegmentedRaftLogWorker.java:run(329)) - 03da0c7f-0ea2-4e27-8f49-e45eb46ed814@group-4F488877A724-SegmentedRaftLogWorker was interrupted, exiting. There are 0 tasks remaining in the queue.
2020-11-23 16:44:38,626 [Listener at 127.0.0.1/36807] INFO  segmented.SegmentedRaftLogWorker (SegmentedRaftLogWorker.java:close(235)) - 03da0c7f-0ea2-4e27-8f49-e45eb46ed814@group-4F488877A724-SegmentedRaftLogWorker close()
2020-11-23 16:44:38,626 [Listener at 127.0.0.1/36807] INFO  metrics.RatisMetrics (RatisMetrics.java:unregister(43)) - Unregistering Metrics Registry : ratis.log_worker.03da0c7f-0ea2-4e27-8f49-e45eb46ed814@group-4F488877A724
2020-11-23 16:44:38,626 [Listener at 127.0.0.1/36807] INFO  metrics.RatisMetrics (RatisMetrics.java:unregister(43)) - Unregistering Metrics Registry : ratis.leader_election.03da0c7f-0ea2-4e27-8f49-e45eb46ed814@group-4F488877A724
2020-11-23 16:44:38,627 [Listener at 127.0.0.1/36807] INFO  metrics.RatisMetrics (RatisMetrics.java:unregister(43)) - Unregistering Metrics Registry : ratis.server.03da0c7f-0ea2-4e27-8f49-e45eb46ed814@group-4F488877A724
2020-11-23 16:44:38,627 [Listener at 127.0.0.1/36807] INFO  server.GrpcService (GrpcService.java:closeImpl(184)) - 03da0c7f-0ea2-4e27-8f49-e45eb46ed814: shutdown server with port 45865 now
2020-11-23 16:44:38,634 [Listener at 127.0.0.1/36807] INFO  server.GrpcService (GrpcService.java:closeImpl(193)) - 03da0c7f-0ea2-4e27-8f49-e45eb46ed814: shutdown server with port 45865 successfully
2020-11-23 16:44:38,637 [Listener at 127.0.0.1/36807] INFO  utils.BackgroundService (BackgroundService.java:shutdown(132)) - Shutting down service BlockDeletingService
2020-11-23 16:44:38,638 [Listener at 127.0.0.1/36807] INFO  statemachine.DatanodeStateMachine (DatanodeStateMachine.java:stopDaemon(459)) - Ozone container server stopped.
2020-11-23 16:44:38,646 [Listener at 127.0.0.1/36807] INFO  handler.ContextHandler (ContextHandler.java:doStop(1154)) - Stopped o.e.j.w.WebAppContext@35ece308{hddsDatanode,/,null,STOPPED}{jar:file:/home/user/.m2/repository/org/apache/hadoop/hadoop-hdds-container-service/1.1.0-SNAPSHOT/hadoop-hdds-container-service-1.1.0-SNAPSHOT.jar!/webapps/hddsDatanode}
2020-11-23 16:44:38,646 [Listener at 127.0.0.1/36807] INFO  server.AbstractConnector (AbstractConnector.java:doStop(381)) - Stopped ServerConnector@11a07ba9{HTTP/1.1, (http/1.1)}{0.0.0.0:0}
2020-11-23 16:44:38,646 [Listener at 127.0.0.1/36807] INFO  server.session (HouseKeeper.java:stopScavenging(149)) - node0 Stopped scavenging
2020-11-23 16:44:38,647 [Listener at 127.0.0.1/36807] INFO  handler.ContextHandler (ContextHandler.java:doStop(1154)) - Stopped o.e.j.s.ServletContextHandler@63038939{static,/static,jar:file:/home/user/.m2/repository/org/apache/hadoop/hadoop-hdds-container-service/1.1.0-SNAPSHOT/hadoop-hdds-container-service-1.1.0-SNAPSHOT.jar!/webapps/static,STOPPED}
2020-11-23 16:44:38,647 [Listener at 127.0.0.1/36807] INFO  handler.ContextHandler (ContextHandler.java:doStop(1154)) - Stopped o.e.j.s.ServletContextHandler@195a8f24{logs,/logs,file:///github/workspace/mnt/ozone/hadoop-ozone/integration-test/target/log,STOPPED}
2020-11-23 16:44:38,648 [Listener at 127.0.0.1/36807] INFO  ozone.MiniOzoneClusterImpl (MiniOzoneClusterImpl.java:stopSCM(477)) - Stopping the StorageContainerManager
2020-11-23 16:44:38,648 [Listener at 127.0.0.1/36807] INFO  server.StorageContainerManager (StorageContainerManager.java:stop(832)) - Stopping Replication Manager Service.
2020-11-23 16:44:38,648 [Listener at 127.0.0.1/36807] INFO  container.ReplicationManager (ReplicationManager.java:stop(219)) - Stopping Replication Monitor Thread.
2020-11-23 16:44:38,648 [Listener at 127.0.0.1/36807] INFO  server.StorageContainerManager (StorageContainerManager.java:stop(839)) - Stopping Lease Manager of the command watchers
2020-11-23 16:44:38,648 [CommandWatcher-LeaseManager#LeaseMonitor] ERROR lease.LeaseManager (LeaseManager.java:run(238)) - Execution was interrupted 
java.lang.InterruptedException: sleep interrupted
	at java.lang.Thread.sleep(Native Method)
	at org.apache.hadoop.ozone.lease.LeaseManager$LeaseMonitor.run(LeaseManager.java:234)
	at java.lang.Thread.run(Thread.java:748)
2020-11-23 16:44:38,649 [Listener at 127.0.0.1/36807] INFO  server.StorageContainerManager (StorageContainerManager.java:stop(846)) - Stopping datanode service RPC server
2020-11-23 16:44:38,649 [Listener at 127.0.0.1/36807] INFO  server.SCMDatanodeProtocolServer (SCMDatanodeProtocolServer.java:stop(361)) - Stopping the RPC server for DataNodes
2020-11-23 16:44:38,649 [Listener at 127.0.0.1/36807] INFO  ipc.Server (Server.java:stop(3359)) - Stopping server on 39197
2020-11-23 16:44:38,651 [IPC Server listener on 0] INFO  ipc.Server (Server.java:run(1330)) - Stopping IPC Server listener on 0
2020-11-23 16:44:38,651 [IPC Server Responder] INFO  ipc.Server (Server.java:run(1465)) - Stopping IPC Server Responder
2020-11-23 16:44:38,676 [SCM Heartbeat Processing Thread - 0] WARN  node.NodeStateManager (NodeStateManager.java:scheduleNextHealthCheck(661)) - Current Thread is interrupted, shutting down HB processing thread for Node Manager.
2020-11-23 16:44:38,677 [Listener at 127.0.0.1/36807] INFO  server.StorageContainerManager (StorageContainerManager.java:stop(854)) - Stopping block service RPC server
2020-11-23 16:44:38,677 [Listener at 127.0.0.1/36807] INFO  server.SCMBlockProtocolServer (SCMBlockProtocolServer.java:stop(159)) - Stopping the RPC server for Block Protocol
2020-11-23 16:44:38,677 [Listener at 127.0.0.1/36807] INFO  ipc.Server (Server.java:stop(3359)) - Stopping server on 46051
2020-11-23 16:44:38,679 [IPC Server listener on 0] INFO  ipc.Server (Server.java:run(1330)) - Stopping IPC Server listener on 0
2020-11-23 16:44:38,679 [Listener at 127.0.0.1/36807] INFO  server.StorageContainerManager (StorageContainerManager.java:stop(861)) - Stopping the StorageContainerLocationProtocol RPC server
2020-11-23 16:44:38,680 [Listener at 127.0.0.1/36807] INFO  server.SCMClientProtocolServer (SCMClientProtocolServer.java:stop(165)) - Stopping the RPC server for Client Protocol
2020-11-23 16:44:38,680 [Listener at 127.0.0.1/36807] INFO  ipc.Server (Server.java:stop(3359)) - Stopping server on 43473
2020-11-23 16:44:38,680 [IPC Server Responder] INFO  ipc.Server (Server.java:run(1465)) - Stopping IPC Server Responder
2020-11-23 16:44:38,682 [IPC Server listener on 0] INFO  ipc.Server (Server.java:run(1330)) - Stopping IPC Server listener on 0
2020-11-23 16:44:38,682 [IPC Server Responder] INFO  ipc.Server (Server.java:run(1465)) - Stopping IPC Server Responder
2020-11-23 16:44:38,682 [Listener at 127.0.0.1/36807] INFO  server.StorageContainerManager (StorageContainerManager.java:stop(868)) - Stopping Storage Container Manager HTTP server.
2020-11-23 16:44:38,683 [Listener at 127.0.0.1/36807] INFO  handler.ContextHandler (ContextHandler.java:doStop(1154)) - Stopped o.e.j.w.WebAppContext@5bade8be{scm,/,null,STOPPED}{file:/github/workspace/mnt/ozone/hadoop-ozone/integration-test/target/test-classes/webapps/scm}
2020-11-23 16:44:38,684 [Listener at 127.0.0.1/36807] INFO  server.AbstractConnector (AbstractConnector.java:doStop(381)) - Stopped ServerConnector@dac07a4{HTTP/1.1, (http/1.1)}{0.0.0.0:0}
2020-11-23 16:44:38,685 [Listener at 127.0.0.1/36807] INFO  server.session (HouseKeeper.java:stopScavenging(149)) - node0 Stopped scavenging
2020-11-23 16:44:38,689 [Listener at 127.0.0.1/36807] INFO  handler.ContextHandler (ContextHandler.java:doStop(1154)) - Stopped o.e.j.s.ServletContextHandler@360627b8{static,/static,file:///github/workspace/mnt/ozone/hadoop-ozone/integration-test/target/test-classes/webapps/static,STOPPED}
2020-11-23 16:44:38,689 [Listener at 127.0.0.1/36807] INFO  handler.ContextHandler (ContextHandler.java:doStop(1154)) - Stopped o.e.j.s.ServletContextHandler@722a2612{logs,/logs,file:///github/workspace/mnt/ozone/hadoop-ozone/integration-test/target/log,STOPPED}
2020-11-23 16:44:38,690 [Listener at 127.0.0.1/36807] INFO  server.StorageContainerManager (StorageContainerManager.java:stop(879)) - Stopping Block Manager Service.
2020-11-23 16:44:38,690 [Listener at 127.0.0.1/36807] INFO  utils.BackgroundService (BackgroundService.java:shutdown(132)) - Shutting down service SCMBlockDeletingService
2020-11-23 16:44:38,690 [Listener at 127.0.0.1/36807] INFO  utils.BackgroundService (BackgroundService.java:shutdown(132)) - Shutting down service SCMBlockDeletingService
2020-11-23 16:44:38,690 [Listener at 127.0.0.1/36807] INFO  server.StorageContainerManager (StorageContainerManager.java:stop(904)) - Stopping SCM Event Queue.
2020-11-23 16:44:38,694 [Listener at 127.0.0.1/36807] INFO  impl.MetricsSystemImpl (MetricsSystemImpl.java:stop(210)) - Stopping HddsDatanode metrics system...
2020-11-23 16:44:38,705 [Listener at 127.0.0.1/36807] INFO  impl.MetricsSystemImpl (MetricsSystemImpl.java:stop(216)) - HddsDatanode metrics system stopped.
]]></system-out>
  </testcase>
</testsuite>