<?xml version="1.0" encoding="UTF-8"?>
<testsuite xmlns:xsi="http://www.w3.org/2001/XMLSchema-instance" xsi:noNamespaceSchemaLocation="https://maven.apache.org/surefire/maven-surefire-plugin/xsd/surefire-test-report.xsd" name="org.apache.hadoop.ozone.client.rpc.TestDeleteWithSlowFollower" time="35.031" tests="1" errors="0" skipped="0" failures="1">
  <properties>
    <property name="awt.toolkit" value="sun.awt.X11.XToolkit"/>
    <property name="file.encoding.pkg" value="sun.io"/>
    <property name="java.specification.version" value="1.8"/>
    <property name="sun.cpu.isalist" value=""/>
    <property name="sun.jnu.encoding" value="ANSI_X3.4-1968"/>
    <property name="java.class.path" value="/github/workspace/mnt/ozone/hadoop-ozone/integration-test/target/test-classes:/github/workspace/mnt/ozone/hadoop-ozone/integration-test/target/classes:/home/user/.m2/repository/org/apache/hadoop/hadoop-ozone-common/0.6.0-SNAPSHOT/hadoop-ozone-common-0.6.0-SNAPSHOT.jar:/home/user/.m2/repository/org/apache/commons/commons-compress/1.4.1/commons-compress-1.4.1.jar:/home/user/.m2/repository/org/tukaani/xz/1.0/xz-1.0.jar:/home/user/.m2/repository/org/apache/hadoop/hadoop-hdds-common/0.6.0-SNAPSHOT/hadoop-hdds-common-0.6.0-SNAPSHOT.jar:/home/user/.m2/repository/org/apache/hadoop/hadoop-hdds-hadoop-dependency-client/0.6.0-SNAPSHOT/hadoop-hdds-hadoop-dependency-client-0.6.0-SNAPSHOT.jar:/home/user/.m2/repository/info/picocli/picocli/3.9.6/picocli-3.9.6.jar:/home/user/.m2/repository/com/fasterxml/jackson/core/jackson-annotations/2.10.3/jackson-annotations-2.10.3.jar:/home/user/.m2/repository/javax/annotation/javax.annotation-api/1.2/javax.annotation-api-1.2.jar:/home/user/.m2/repository/org/apache/ratis/ratis-server/0.6.0-6ab75ae-SNAPSHOT/ratis-server-0.6.0-6ab75ae-SNAPSHOT.jar:/home/user/.m2/repository/org/apache/ratis/ratis-client/0.6.0-6ab75ae-SNAPSHOT/ratis-client-0.6.0-6ab75ae-SNAPSHOT.jar:/home/user/.m2/repository/org/apache/ratis/ratis-metrics/0.6.0-6ab75ae-SNAPSHOT/ratis-metrics-0.6.0-6ab75ae-SNAPSHOT.jar:/home/user/.m2/repository/org/apache/ratis/ratis-netty/0.6.0-6ab75ae-SNAPSHOT/ratis-netty-0.6.0-6ab75ae-SNAPSHOT.jar:/home/user/.m2/repository/org/apache/ratis/ratis-grpc/0.6.0-6ab75ae-SNAPSHOT/ratis-grpc-0.6.0-6ab75ae-SNAPSHOT.jar:/home/user/.m2/repository/org/apache/logging/log4j/log4j-api/2.11.0/log4j-api-2.11.0.jar:/home/user/.m2/repository/org/apache/logging/log4j/log4j-core/2.11.0/log4j-core-2.11.0.jar:/home/user/.m2/repository/com/lmax/disruptor/3.4.2/disruptor-3.4.2.jar:/home/user/.m2/repository/org/apache/commons/commons-pool2/2.6.0/commons-pool2-2.6.0.jar:/home/user/.m2/repository/org/bouncycastle/bcpkix-jdk15on/1.60/bcpkix-jdk15on-1.60.jar:/home/user/.m2/repository/commons-validator/commons-validator/1.6/commons-validator-1.6.jar:/home/user/.m2/repository/commons-digester/commons-digester/1.8.1/commons-digester-1.8.1.jar:/home/user/.m2/repository/io/jaegertracing/jaeger-client/1.2.0/jaeger-client-1.2.0.jar:/home/user/.m2/repository/io/jaegertracing/jaeger-thrift/1.2.0/jaeger-thrift-1.2.0.jar:/home/user/.m2/repository/org/apache/thrift/libthrift/0.13.0/libthrift-0.13.0.jar:/home/user/.m2/repository/com/squareup/okhttp3/okhttp/4.2.2/okhttp-4.2.2.jar:/home/user/.m2/repository/com/squareup/okio/okio/2.2.2/okio-2.2.2.jar:/home/user/.m2/repository/org/jetbrains/kotlin/kotlin-stdlib/1.3.50/kotlin-stdlib-1.3.50.jar:/home/user/.m2/repository/org/jetbrains/kotlin/kotlin-stdlib-common/1.3.50/kotlin-stdlib-common-1.3.50.jar:/home/user/.m2/repository/org/jetbrains/annotations/13.0/annotations-13.0.jar:/home/user/.m2/repository/io/jaegertracing/jaeger-core/1.2.0/jaeger-core-1.2.0.jar:/home/user/.m2/repository/io/jaegertracing/jaeger-tracerresolver/1.2.0/jaeger-tracerresolver-1.2.0.jar:/home/user/.m2/repository/io/opentracing/contrib/opentracing-tracerresolver/0.1.8/opentracing-tracerresolver-0.1.8.jar:/home/user/.m2/repository/io/opentracing/opentracing-util/0.33.0/opentracing-util-0.33.0.jar:/home/user/.m2/repository/io/opentracing/opentracing-api/0.33.0/opentracing-api-0.33.0.jar:/home/user/.m2/repository/io/opentracing/opentracing-noop/0.33.0/opentracing-noop-0.33.0.jar:/home/user/.m2/repository/org/apache/hadoop/hadoop-hdds-client/0.6.0-SNAPSHOT/hadoop-hdds-client-0.6.0-SNAPSHOT.jar:/home/user/.m2/repository/org/apache/hadoop/hadoop-ozone-interface-client/0.6.0-SNAPSHOT/hadoop-ozone-interface-client-0.6.0-SNAPSHOT.jar:/home/user/.m2/repository/org/apache/hadoop/hadoop-hdds-test-utils/0.6.0-SNAPSHOT/hadoop-hdds-test-utils-0.6.0-SNAPSHOT.jar:/home/user/.m2/repository/com/google/guava/guava/28.2-jre/guava-28.2-jre.jar:/home/user/.m2/repository/com/google/guava/failureaccess/1.0.1/failureaccess-1.0.1.jar:/home/user/.m2/repository/com/google/guava/listenablefuture/9999.0-empty-to-avoid-conflict-with-guava/listenablefuture-9999.0-empty-to-avoid-conflict-with-guava.jar:/home/user/.m2/repository/com/google/code/findbugs/jsr305/3.0.0/jsr305-3.0.0.jar:/home/user/.m2/repository/org/checkerframework/checker-qual/2.10.0/checker-qual-2.10.0.jar:/home/user/.m2/repository/com/google/errorprone/error_prone_annotations/2.2.0/error_prone_annotations-2.2.0.jar:/home/user/.m2/repository/com/google/j2objc/j2objc-annotations/1.3/j2objc-annotations-1.3.jar:/home/user/.m2/repository/commons-io/commons-io/2.5/commons-io-2.5.jar:/home/user/.m2/repository/commons-logging/commons-logging/1.2/commons-logging-1.2.jar:/home/user/.m2/repository/log4j/log4j/1.2.17/log4j-1.2.17.jar:/home/user/.m2/repository/org/slf4j/slf4j-api/1.7.25/slf4j-api-1.7.25.jar:/home/user/.m2/repository/org/apache/hadoop/hadoop-hdds-server-scm/0.6.0-SNAPSHOT/hadoop-hdds-server-scm-0.6.0-SNAPSHOT.jar:/home/user/.m2/repository/org/apache/hadoop/hadoop-hdds-container-service/0.6.0-SNAPSHOT/hadoop-hdds-container-service-0.6.0-SNAPSHOT.jar:/home/user/.m2/repository/org/apache/hadoop/hadoop-hdds-hadoop-dependency-server/0.6.0-SNAPSHOT/hadoop-hdds-hadoop-dependency-server-0.6.0-SNAPSHOT.jar:/home/user/.m2/repository/org/apache/hadoop/hadoop-hdds-server-framework/0.6.0-SNAPSHOT/hadoop-hdds-server-framework-0.6.0-SNAPSHOT.jar:/home/user/.m2/repository/org/apache/hadoop/hadoop-hdds-interface-server/0.6.0-SNAPSHOT/hadoop-hdds-interface-server-0.6.0-SNAPSHOT.jar:/home/user/.m2/repository/org/apache/hadoop/hadoop-hdds-interface-admin/0.6.0-SNAPSHOT/hadoop-hdds-interface-admin-0.6.0-SNAPSHOT.jar:/home/user/.m2/repository/org/rocksdb/rocksdbjni/6.8.1/rocksdbjni-6.8.1.jar:/home/user/.m2/repository/io/prometheus/simpleclient_dropwizard/0.7.0/simpleclient_dropwizard-0.7.0.jar:/home/user/.m2/repository/io/prometheus/simpleclient/0.7.0/simpleclient-0.7.0.jar:/home/user/.m2/repository/io/prometheus/simpleclient_common/0.7.0/simpleclient_common-0.7.0.jar:/home/user/.m2/repository/com/fasterxml/jackson/datatype/jackson-datatype-jsr310/2.10.3/jackson-datatype-jsr310-2.10.3.jar:/home/user/.m2/repository/org/apache/hadoop/hadoop-hdds-docs/0.6.0-SNAPSHOT/hadoop-hdds-docs-0.6.0-SNAPSHOT.jar:/home/user/.m2/repository/io/dropwizard/metrics/metrics-core/3.2.4/metrics-core-3.2.4.jar:/home/user/.m2/repository/org/apache/hadoop/hadoop-hdfs-client/3.2.1/hadoop-hdfs-client-3.2.1.jar:/home/user/.m2/repository/org/bouncycastle/bcprov-jdk15on/1.60/bcprov-jdk15on-1.60.jar:/home/user/.m2/repository/org/apache/hadoop/hadoop-ozone-ozone-manager/0.6.0-SNAPSHOT/hadoop-ozone-ozone-manager-0.6.0-SNAPSHOT.jar:/home/user/.m2/repository/org/apache/hadoop/hadoop-hdds-interface-client/0.6.0-SNAPSHOT/hadoop-hdds-interface-client-0.6.0-SNAPSHOT.jar:/home/user/.m2/repository/org/apache/ratis/ratis-thirdparty-misc/0.4.0/ratis-thirdparty-misc-0.4.0.jar:/home/user/.m2/repository/org/apache/hadoop/hadoop-minikdc/3.2.1/hadoop-minikdc-3.2.1.jar:/home/user/.m2/repository/org/apache/kerby/kerb-simplekdc/1.0.1/kerb-simplekdc-1.0.1.jar:/home/user/.m2/repository/org/apache/kerby/kerb-client/1.0.1/kerb-client-1.0.1.jar:/home/user/.m2/repository/org/apache/kerby/kerby-config/1.0.1/kerby-config-1.0.1.jar:/home/user/.m2/repository/org/apache/kerby/kerb-core/1.0.1/kerb-core-1.0.1.jar:/home/user/.m2/repository/org/apache/kerby/kerby-pkix/1.0.1/kerby-pkix-1.0.1.jar:/home/user/.m2/repository/org/apache/kerby/kerby-asn1/1.0.1/kerby-asn1-1.0.1.jar:/home/user/.m2/repository/org/apache/kerby/kerby-util/1.0.1/kerby-util-1.0.1.jar:/home/user/.m2/repository/org/apache/kerby/kerb-common/1.0.1/kerb-common-1.0.1.jar:/home/user/.m2/repository/org/apache/kerby/kerb-crypto/1.0.1/kerb-crypto-1.0.1.jar:/home/user/.m2/repository/org/apache/kerby/kerb-util/1.0.1/kerb-util-1.0.1.jar:/home/user/.m2/repository/org/apache/kerby/token-provider/1.0.1/token-provider-1.0.1.jar:/home/user/.m2/repository/org/apache/kerby/kerb-admin/1.0.1/kerb-admin-1.0.1.jar:/home/user/.m2/repository/org/apache/kerby/kerb-server/1.0.1/kerb-server-1.0.1.jar:/home/user/.m2/repository/org/apache/kerby/kerb-identity/1.0.1/kerb-identity-1.0.1.jar:/home/user/.m2/repository/org/apache/kerby/kerby-xdr/1.0.1/kerby-xdr-1.0.1.jar:/home/user/.m2/repository/org/slf4j/slf4j-log4j12/1.7.25/slf4j-log4j12-1.7.25.jar:/home/user/.m2/repository/org/apache/hadoop/hadoop-ozone-s3gateway/0.6.0-SNAPSHOT/hadoop-ozone-s3gateway-0.6.0-SNAPSHOT.jar:/home/user/.m2/repository/org/jboss/weld/servlet/weld-servlet/2.4.7.Final/weld-servlet-2.4.7.Final.jar:/home/user/.m2/repository/org/glassfish/jersey/containers/jersey-container-servlet-core/2.27/jersey-container-servlet-core-2.27.jar:/home/user/.m2/repository/org/glassfish/hk2/external/javax.inject/2.5.0-b42/javax.inject-2.5.0-b42.jar:/home/user/.m2/repository/org/glassfish/jersey/core/jersey-common/2.27/jersey-common-2.27.jar:/home/user/.m2/repository/org/glassfish/hk2/osgi-resource-locator/1.0.1/osgi-resource-locator-1.0.1.jar:/home/user/.m2/repository/javax/ws/rs/javax.ws.rs-api/2.1/javax.ws.rs-api-2.1.jar:/home/user/.m2/repository/org/glassfish/jersey/ext/cdi/jersey-cdi1x/2.27/jersey-cdi1x-2.27.jar:/home/user/.m2/repository/org/glassfish/jersey/inject/jersey-hk2/2.27/jersey-hk2-2.27.jar:/home/user/.m2/repository/org/glassfish/hk2/hk2-locator/2.5.0-b42/hk2-locator-2.5.0-b42.jar:/home/user/.m2/repository/org/javassist/javassist/3.22.0-CR2/javassist-3.22.0-CR2.jar:/home/user/.m2/repository/org/glassfish/hk2/hk2-api/2.5.0/hk2-api-2.5.0.jar:/home/user/.m2/repository/org/glassfish/hk2/external/jakarta.inject/2.5.0/jakarta.inject-2.5.0.jar:/home/user/.m2/repository/org/glassfish/hk2/hk2-utils/2.5.0/hk2-utils-2.5.0.jar:/home/user/.m2/repository/jakarta/annotation/jakarta.annotation-api/1.3.4/jakarta.annotation-api-1.3.4.jar:/home/user/.m2/repository/org/glassfish/hk2/external/aopalliance-repackaged/2.5.0/aopalliance-repackaged-2.5.0.jar:/home/user/.m2/repository/com/fasterxml/jackson/dataformat/jackson-dataformat-xml/2.10.3/jackson-dataformat-xml-2.10.3.jar:/home/user/.m2/repository/com/fasterxml/jackson/core/jackson-core/2.10.3/jackson-core-2.10.3.jar:/home/user/.m2/repository/com/fasterxml/jackson/module/jackson-module-jaxb-annotations/2.10.3/jackson-module-jaxb-annotations-2.10.3.jar:/home/user/.m2/repository/jakarta/xml/bind/jakarta.xml.bind-api/2.3.2/jakarta.xml.bind-api-2.3.2.jar:/home/user/.m2/repository/jakarta/activation/jakarta.activation-api/1.2.1/jakarta.activation-api-1.2.1.jar:/home/user/.m2/repository/org/codehaus/woodstox/stax2-api/3.1.4/stax2-api-3.1.4.jar:/home/user/.m2/repository/com/fasterxml/woodstox/woodstox-core/5.0.3/woodstox-core-5.0.3.jar:/home/user/.m2/repository/javax/enterprise/cdi-api/1.2/cdi-api-1.2.jar:/home/user/.m2/repository/javax/el/javax.el-api/3.0.0/javax.el-api-3.0.0.jar:/home/user/.m2/repository/javax/interceptor/javax.interceptor-api/1.2/javax.interceptor-api-1.2.jar:/home/user/.m2/repository/javax/inject/javax.inject/1/javax.inject-1.jar:/home/user/.m2/repository/com/sun/xml/bind/jaxb-impl/2.3.0.1/jaxb-impl-2.3.0.1.jar:/home/user/.m2/repository/com/sun/xml/bind/jaxb-core/2.3.0.1/jaxb-core-2.3.0.1.jar:/home/user/.m2/repository/javax/xml/bind/jaxb-api/2.3.0/jaxb-api-2.3.0.jar:/home/user/.m2/repository/javax/activation/activation/1.1.1/activation-1.1.1.jar:/home/user/.m2/repository/org/apache/hadoop/hadoop-ozone-csi/0.6.0-SNAPSHOT/hadoop-ozone-csi-0.6.0-SNAPSHOT.jar:/home/user/.m2/repository/com/google/protobuf/protobuf-java-util/3.11.0/protobuf-java-util-3.11.0.jar:/home/user/.m2/repository/com/google/code/gson/gson/2.2.4/gson-2.2.4.jar:/home/user/.m2/repository/org/apache/hadoop/hadoop-hdds-config/0.6.0-SNAPSHOT/hadoop-hdds-config-0.6.0-SNAPSHOT.jar:/home/user/.m2/repository/com/google/protobuf/protobuf-java/2.5.0/protobuf-java-2.5.0.jar:/home/user/.m2/repository/io/grpc/grpc-netty/1.29.0/grpc-netty-1.29.0.jar:/home/user/.m2/repository/io/grpc/grpc-core/1.29.0/grpc-core-1.29.0.jar:/home/user/.m2/repository/com/google/android/annotations/4.1.1.4/annotations-4.1.1.4.jar:/home/user/.m2/repository/io/perfmark/perfmark-api/0.19.0/perfmark-api-0.19.0.jar:/home/user/.m2/repository/io/netty/netty-codec-http2/4.1.48.Final/netty-codec-http2-4.1.48.Final.jar:/home/user/.m2/repository/io/netty/netty-codec/4.1.48.Final/netty-codec-4.1.48.Final.jar:/home/user/.m2/repository/io/netty/netty-handler/4.1.48.Final/netty-handler-4.1.48.Final.jar:/home/user/.m2/repository/io/netty/netty-codec-http/4.1.48.Final/netty-codec-http-4.1.48.Final.jar:/home/user/.m2/repository/io/netty/netty-handler-proxy/4.1.48.Final/netty-handler-proxy-4.1.48.Final.jar:/home/user/.m2/repository/io/netty/netty-codec-socks/4.1.48.Final/netty-codec-socks-4.1.48.Final.jar:/home/user/.m2/repository/io/netty/netty-transport-native-epoll/4.1.48.Final/netty-transport-native-epoll-4.1.48.Final.jar:/home/user/.m2/repository/io/netty/netty-common/4.1.48.Final/netty-common-4.1.48.Final.jar:/home/user/.m2/repository/io/netty/netty-buffer/4.1.48.Final/netty-buffer-4.1.48.Final.jar:/home/user/.m2/repository/io/netty/netty-transport/4.1.48.Final/netty-transport-4.1.48.Final.jar:/home/user/.m2/repository/io/netty/netty-resolver/4.1.48.Final/netty-resolver-4.1.48.Final.jar:/home/user/.m2/repository/io/netty/netty-transport-native-unix-common/4.1.48.Final/netty-transport-native-unix-common-4.1.48.Final.jar:/home/user/.m2/repository/io/grpc/grpc-protobuf/1.29.0/grpc-protobuf-1.29.0.jar:/home/user/.m2/repository/io/grpc/grpc-api/1.29.0/grpc-api-1.29.0.jar:/home/user/.m2/repository/io/grpc/grpc-context/1.29.0/grpc-context-1.29.0.jar:/home/user/.m2/repository/org/codehaus/mojo/animal-sniffer-annotations/1.18/animal-sniffer-annotations-1.18.jar:/home/user/.m2/repository/com/google/api/grpc/proto-google-common-protos/1.17.0/proto-google-common-protos-1.17.0.jar:/home/user/.m2/repository/io/grpc/grpc-protobuf-lite/1.29.0/grpc-protobuf-lite-1.29.0.jar:/home/user/.m2/repository/io/grpc/grpc-stub/1.29.0/grpc-stub-1.29.0.jar:/home/user/.m2/repository/org/apache/hadoop/hadoop-ozone-recon/0.6.0-SNAPSHOT/hadoop-ozone-recon-0.6.0-SNAPSHOT.jar:/home/user/.m2/repository/org/apache/hadoop/hadoop-ozone-reconcodegen/0.6.0-SNAPSHOT/hadoop-ozone-reconcodegen-0.6.0-SNAPSHOT.jar:/home/user/.m2/repository/com/google/inject/extensions/guice-multibindings/4.0/guice-multibindings-4.0.jar:/home/user/.m2/repository/com/google/inject/guice/4.0/guice-4.0.jar:/home/user/.m2/repository/aopalliance/aopalliance/1.0/aopalliance-1.0.jar:/home/user/.m2/repository/com/google/inject/extensions/guice-assistedinject/4.0/guice-assistedinject-4.0.jar:/home/user/.m2/repository/com/google/inject/extensions/guice-servlet/4.0/guice-servlet-4.0.jar:/home/user/.m2/repository/org/glassfish/jersey/containers/jersey-container-servlet/2.27/jersey-container-servlet-2.27.jar:/home/user/.m2/repository/org/glassfish/hk2/guice-bridge/2.5.0/guice-bridge-2.5.0.jar:/home/user/.m2/repository/org/glassfish/jersey/core/jersey-server/2.27/jersey-server-2.27.jar:/home/user/.m2/repository/org/glassfish/jersey/core/jersey-client/2.27/jersey-client-2.27.jar:/home/user/.m2/repository/org/glassfish/jersey/media/jersey-media-jaxb/2.27/jersey-media-jaxb-2.27.jar:/home/user/.m2/repository/javax/validation/validation-api/1.1.0.Final/validation-api-1.1.0.Final.jar:/home/user/.m2/repository/org/glassfish/jersey/media/jersey-media-json-jackson/2.27/jersey-media-json-jackson-2.27.jar:/home/user/.m2/repository/org/glassfish/jersey/ext/jersey-entity-filtering/2.27/jersey-entity-filtering-2.27.jar:/home/user/.m2/repository/org/jooq/jooq/3.11.10/jooq-3.11.10.jar:/home/user/.m2/repository/org/jooq/jooq-meta/3.11.10/jooq-meta-3.11.10.jar:/home/user/.m2/repository/org/jooq/jooq-codegen/3.11.10/jooq-codegen-3.11.10.jar:/home/user/.m2/repository/com/jolbox/bonecp/0.8.0.RELEASE/bonecp-0.8.0.RELEASE.jar:/home/user/.m2/repository/org/apache/derby/derby/10.14.2.0/derby-10.14.2.0.jar:/home/user/.m2/repository/org/xerial/sqlite-jdbc/3.25.2/sqlite-jdbc-3.25.2.jar:/home/user/.m2/repository/org/springframework/spring-jdbc/5.2.5.RELEASE/spring-jdbc-5.2.5.RELEASE.jar:/home/user/.m2/repository/org/springframework/spring-beans/5.2.5.RELEASE/spring-beans-5.2.5.RELEASE.jar:/home/user/.m2/repository/org/springframework/spring-core/5.2.5.RELEASE/spring-core-5.2.5.RELEASE.jar:/home/user/.m2/repository/org/springframework/spring-jcl/5.2.5.RELEASE/spring-jcl-5.2.5.RELEASE.jar:/home/user/.m2/repository/org/springframework/spring-tx/5.2.5.RELEASE/spring-tx-5.2.5.RELEASE.jar:/home/user/.m2/repository/org/apache/hadoop/hadoop-ozone-client/0.6.0-SNAPSHOT/hadoop-ozone-client-0.6.0-SNAPSHOT.jar:/home/user/.m2/repository/org/apache/hadoop/hadoop-ozone-filesystem/0.6.0-SNAPSHOT/hadoop-ozone-filesystem-0.6.0-SNAPSHOT.jar:/home/user/.m2/repository/org/apache/hadoop/hadoop-ozone-filesystem-common/0.6.0-SNAPSHOT/hadoop-ozone-filesystem-common-0.6.0-SNAPSHOT.jar:/home/user/.m2/repository/org/apache/hadoop/hadoop-ozone-tools/0.6.0-SNAPSHOT/hadoop-ozone-tools-0.6.0-SNAPSHOT.jar:/home/user/.m2/repository/org/apache/hadoop/hadoop-hdfs/3.2.1/hadoop-hdfs-3.2.1.jar:/home/user/.m2/repository/org/apache/ratis/ratis-tools/0.6.0-6ab75ae-SNAPSHOT/ratis-tools-0.6.0-6ab75ae-SNAPSHOT.jar:/home/user/.m2/repository/org/apache/ratis/ratis-proto/0.6.0-6ab75ae-SNAPSHOT/ratis-proto-0.6.0-6ab75ae-SNAPSHOT.jar:/home/user/.m2/repository/org/apache/ratis/ratis-common/0.6.0-6ab75ae-SNAPSHOT/ratis-common-0.6.0-6ab75ae-SNAPSHOT.jar:/home/user/.m2/repository/com/amazonaws/aws-java-sdk-core/1.11.615/aws-java-sdk-core-1.11.615.jar:/home/user/.m2/repository/org/apache/httpcomponents/httpclient/4.5.2/httpclient-4.5.2.jar:/home/user/.m2/repository/org/apache/httpcomponents/httpcore/4.4.4/httpcore-4.4.4.jar:/home/user/.m2/repository/software/amazon/ion/ion-java/1.0.2/ion-java-1.0.2.jar:/home/user/.m2/repository/com/fasterxml/jackson/dataformat/jackson-dataformat-cbor/2.10.3/jackson-dataformat-cbor-2.10.3.jar:/home/user/.m2/repository/joda-time/joda-time/2.8.1/joda-time-2.8.1.jar:/home/user/.m2/repository/com/amazonaws/aws-java-sdk-s3/1.11.615/aws-java-sdk-s3-1.11.615.jar:/home/user/.m2/repository/com/amazonaws/aws-java-sdk-kms/1.11.615/aws-java-sdk-kms-1.11.615.jar:/home/user/.m2/repository/com/amazonaws/jmespath-java/1.11.615/jmespath-java-1.11.615.jar:/home/user/.m2/repository/org/apache/hadoop/hadoop-hdds-tools/0.6.0-SNAPSHOT/hadoop-hdds-tools-0.6.0-SNAPSHOT.jar:/home/user/.m2/repository/commons-cli/commons-cli/1.2/commons-cli-1.2.jar:/home/user/.m2/repository/org/apache/commons/commons-lang3/3.7/commons-lang3-3.7.jar:/home/user/.m2/repository/org/apache/hadoop/hadoop-ozone-ozone-manager/0.6.0-SNAPSHOT/hadoop-ozone-ozone-manager-0.6.0-SNAPSHOT-tests.jar:/home/user/.m2/repository/junit/junit/4.11/junit-4.11.jar:/home/user/.m2/repository/org/hamcrest/hamcrest-core/1.3/hamcrest-core-1.3.jar:/home/user/.m2/repository/org/openjdk/jmh/jmh-core/1.19/jmh-core-1.19.jar:/home/user/.m2/repository/net/sf/jopt-simple/jopt-simple/4.6/jopt-simple-4.6.jar:/home/user/.m2/repository/org/apache/commons/commons-math3/3.1.1/commons-math3-3.1.1.jar:/home/user/.m2/repository/org/openjdk/jmh/jmh-generator-annprocess/1.19/jmh-generator-annprocess-1.19.jar:/home/user/.m2/repository/org/mockito/mockito-all/1.8.5/mockito-all-1.8.5.jar:/home/user/.m2/repository/org/apache/hadoop/hadoop-kms/3.2.1/hadoop-kms-3.2.1.jar:/home/user/.m2/repository/org/apache/hadoop/hadoop-auth/3.2.1/hadoop-auth-3.2.1.jar:/home/user/.m2/repository/com/nimbusds/nimbus-jose-jwt/7.9/nimbus-jose-jwt-7.9.jar:/home/user/.m2/repository/com/github/stephenc/jcip/jcip-annotations/1.0-1/jcip-annotations-1.0-1.jar:/home/user/.m2/repository/net/minidev/json-smart/2.3/json-smart-2.3.jar:/home/user/.m2/repository/net/minidev/accessors-smart/1.2/accessors-smart-1.2.jar:/home/user/.m2/repository/org/ow2/asm/asm/5.0.4/asm-5.0.4.jar:/home/user/.m2/repository/org/apache/zookeeper/zookeeper/3.4.13/zookeeper-3.4.13.jar:/home/user/.m2/repository/org/apache/yetus/audience-annotations/0.5.0/audience-annotations-0.5.0.jar:/home/user/.m2/repository/org/apache/curator/curator-framework/2.13.0/curator-framework-2.13.0.jar:/home/user/.m2/repository/com/sun/jersey/jersey-core/1.19/jersey-core-1.19.jar:/home/user/.m2/repository/javax/ws/rs/jsr311-api/1.1.1/jsr311-api-1.1.1.jar:/home/user/.m2/repository/com/sun/jersey/jersey-server/1.19/jersey-server-1.19.jar:/home/user/.m2/repository/javax/servlet/javax.servlet-api/3.1.0/javax.servlet-api-3.1.0.jar:/home/user/.m2/repository/org/eclipse/jetty/jetty-server/9.4.26.v20200117/jetty-server-9.4.26.v20200117.jar:/home/user/.m2/repository/org/eclipse/jetty/jetty-http/9.4.26.v20200117/jetty-http-9.4.26.v20200117.jar:/home/user/.m2/repository/org/eclipse/jetty/jetty-io/9.4.26.v20200117/jetty-io-9.4.26.v20200117.jar:/home/user/.m2/repository/org/eclipse/jetty/jetty-webapp/9.4.26.v20200117/jetty-webapp-9.4.26.v20200117.jar:/home/user/.m2/repository/org/eclipse/jetty/jetty-xml/9.4.26.v20200117/jetty-xml-9.4.26.v20200117.jar:/home/user/.m2/repository/org/eclipse/jetty/jetty-servlet/9.4.26.v20200117/jetty-servlet-9.4.26.v20200117.jar:/home/user/.m2/repository/org/eclipse/jetty/jetty-security/9.4.26.v20200117/jetty-security-9.4.26.v20200117.jar:/home/user/.m2/repository/org/apache/hadoop/hadoop-common/3.2.1/hadoop-common-3.2.1.jar:/home/user/.m2/repository/commons-net/commons-net/3.6/commons-net-3.6.jar:/home/user/.m2/repository/commons-collections/commons-collections/3.2.2/commons-collections-3.2.2.jar:/home/user/.m2/repository/com/sun/jersey/jersey-servlet/1.19/jersey-servlet-1.19.jar:/home/user/.m2/repository/com/sun/jersey/jersey-json/1.19/jersey-json-1.19.jar:/home/user/.m2/repository/org/codehaus/jettison/jettison/1.1/jettison-1.1.jar:/home/user/.m2/repository/org/codehaus/jackson/jackson-jaxrs/1.9.2/jackson-jaxrs-1.9.2.jar:/home/user/.m2/repository/org/codehaus/jackson/jackson-xc/1.9.2/jackson-xc-1.9.2.jar:/home/user/.m2/repository/commons-beanutils/commons-beanutils/1.9.4/commons-beanutils-1.9.4.jar:/home/user/.m2/repository/org/apache/commons/commons-configuration2/2.1.1/commons-configuration2-2.1.1.jar:/home/user/.m2/repository/org/apache/commons/commons-text/1.4/commons-text-1.4.jar:/home/user/.m2/repository/com/google/re2j/re2j/1.1/re2j-1.1.jar:/home/user/.m2/repository/com/jcraft/jsch/0.1.54/jsch-0.1.54.jar:/home/user/.m2/repository/org/apache/curator/curator-client/2.13.0/curator-client-2.13.0.jar:/home/user/.m2/repository/org/apache/curator/curator-recipes/2.13.0/curator-recipes-2.13.0.jar:/home/user/.m2/repository/dnsjava/dnsjava/2.1.7/dnsjava-2.1.7.jar:/home/user/.m2/repository/org/slf4j/jul-to-slf4j/1.7.25/jul-to-slf4j-1.7.25.jar:/home/user/.m2/repository/org/eclipse/jetty/jetty-util/9.4.26.v20200117/jetty-util-9.4.26.v20200117.jar:/home/user/.m2/repository/com/fasterxml/jackson/core/jackson-databind/2.10.3/jackson-databind-2.10.3.jar:/home/user/.m2/repository/org/apache/hadoop/hadoop-kms/3.2.1/hadoop-kms-3.2.1-tests.jar:/home/user/.m2/repository/org/apache/hadoop/hadoop-hdds-server-scm/0.6.0-SNAPSHOT/hadoop-hdds-server-scm-0.6.0-SNAPSHOT-tests.jar:/home/user/.m2/repository/org/apache/hadoop/hadoop-hdds-container-service/0.6.0-SNAPSHOT/hadoop-hdds-container-service-0.6.0-SNAPSHOT-tests.jar:/home/user/.m2/repository/org/apache/hadoop/hadoop-hdds-common/0.6.0-SNAPSHOT/hadoop-hdds-common-0.6.0-SNAPSHOT-tests.jar:/home/user/.m2/repository/org/yaml/snakeyaml/1.16/snakeyaml-1.16.jar:/home/user/.m2/repository/org/apache/hadoop/hadoop-hdds-hadoop-dependency-test/0.6.0-SNAPSHOT/hadoop-hdds-hadoop-dependency-test-0.6.0-SNAPSHOT.jar:/home/user/.m2/repository/org/apache/hadoop/hadoop-common/3.2.1/hadoop-common-3.2.1-tests.jar:/home/user/.m2/repository/javax/servlet/jsp/jsp-api/2.1/jsp-api-2.1.jar:/home/user/.m2/repository/org/apache/hadoop/hadoop-hdfs/3.2.1/hadoop-hdfs-3.2.1-tests.jar:/home/user/.m2/repository/org/eclipse/jetty/jetty-util-ajax/9.4.26.v20200117/jetty-util-ajax-9.4.26.v20200117.jar:/home/user/.m2/repository/commons-codec/commons-codec/1.11/commons-codec-1.11.jar:/home/user/.m2/repository/commons-daemon/commons-daemon/1.0.13/commons-daemon-1.0.13.jar:/home/user/.m2/repository/io/netty/netty/3.10.5.Final/netty-3.10.5.Final.jar:/home/user/.m2/repository/io/netty/netty-all/4.1.48.Final/netty-all-4.1.48.Final.jar:/home/user/.m2/repository/org/apache/htrace/htrace-core4/4.1.0-incubating/htrace-core4-4.1.0-incubating.jar:/home/user/.m2/repository/org/fusesource/leveldbjni/leveldbjni-all/1.8/leveldbjni-all-1.8.jar:/home/user/.m2/repository/org/apache/hadoop/hadoop-distcp/3.2.1/hadoop-distcp-3.2.1.jar:/home/user/.m2/repository/org/apache/hadoop/hadoop-mapreduce-client-jobclient/3.2.1/hadoop-mapreduce-client-jobclient-3.2.1.jar:/home/user/.m2/repository/org/apache/hadoop/hadoop-mapreduce-client-common/3.2.1/hadoop-mapreduce-client-common-3.2.1.jar:/home/user/.m2/repository/org/apache/hadoop/hadoop-yarn-common/3.2.1/hadoop-yarn-common-3.2.1.jar:/home/user/.m2/repository/org/apache/hadoop/hadoop-yarn-api/3.2.1/hadoop-yarn-api-3.2.1.jar:/home/user/.m2/repository/com/sun/jersey/jersey-client/1.19/jersey-client-1.19.jar:/home/user/.m2/repository/com/sun/jersey/contribs/jersey-guice/1.19/jersey-guice-1.19.jar:/home/user/.m2/repository/com/fasterxml/jackson/jaxrs/jackson-jaxrs-json-provider/2.10.3/jackson-jaxrs-json-provider-2.10.3.jar:/home/user/.m2/repository/com/fasterxml/jackson/jaxrs/jackson-jaxrs-base/2.10.3/jackson-jaxrs-base-2.10.3.jar:/home/user/.m2/repository/org/apache/hadoop/hadoop-yarn-client/3.2.1/hadoop-yarn-client-3.2.1.jar:/home/user/.m2/repository/org/apache/hadoop/hadoop-mapreduce-client-core/3.2.1/hadoop-mapreduce-client-core-3.2.1.jar:/home/user/.m2/repository/org/apache/avro/avro/1.7.7/avro-1.7.7.jar:/home/user/.m2/repository/org/codehaus/jackson/jackson-core-asl/1.9.13/jackson-core-asl-1.9.13.jar:/home/user/.m2/repository/org/codehaus/jackson/jackson-mapper-asl/1.9.13/jackson-mapper-asl-1.9.13.jar:/home/user/.m2/repository/com/thoughtworks/paranamer/paranamer/2.3/paranamer-2.3.jar:/home/user/.m2/repository/org/xerial/snappy/snappy-java/1.0.5/snappy-java-1.0.5.jar:/home/user/.m2/repository/org/apache/hadoop/hadoop-annotations/3.2.1/hadoop-annotations-3.2.1.jar:/usr/lib/jvm/java-1.8.0-openjdk-1.8.0.232.b09-0.el7_7.x86_64/jre/../lib/tools.jar:/home/user/.m2/repository/org/apache/hadoop/hadoop-distcp/3.2.1/hadoop-distcp-3.2.1-tests.jar:"/>
    <property name="java.vm.vendor" value="Oracle Corporation"/>
    <property name="sun.arch.data.model" value="64"/>
    <property name="test.build.dir" value="/github/workspace/mnt/ozone/hadoop-ozone/integration-test/target/test-dir"/>
    <property name="test.cache.data" value=""/>
    <property name="java.vendor.url" value="http://java.oracle.com/"/>
    <property name="user.timezone" value=""/>
    <property name="java.vm.specification.version" value="1.8"/>
    <property name="os.name" value="Linux"/>
    <property name="test.build.data" value="/github/workspace/mnt/ozone/hadoop-ozone/integration-test/target/test-dir"/>
    <property name="user.country" value="US"/>
    <property name="sun.java.launcher" value="SUN_STANDARD"/>
    <property name="sun.boot.library.path" value="/usr/lib/jvm/java-1.8.0-openjdk-1.8.0.232.b09-0.el7_7.x86_64/jre/lib/amd64"/>
    <property name="sun.java.command" value="/github/workspace/mnt/ozone/hadoop-ozone/integration-test/target/surefire/surefirebooter1784748949877301873.jar /github/workspace/mnt/ozone/hadoop-ozone/integration-test/target/surefire 2020-06-29T12-51-55_717-jvmRun1 surefire4333139316373510280tmp surefire_91376793398964577946tmp"/>
    <property name="surefire.test.class.path" value="/github/workspace/mnt/ozone/hadoop-ozone/integration-test/target/test-classes:/github/workspace/mnt/ozone/hadoop-ozone/integration-test/target/classes:/home/user/.m2/repository/org/apache/hadoop/hadoop-ozone-common/0.6.0-SNAPSHOT/hadoop-ozone-common-0.6.0-SNAPSHOT.jar:/home/user/.m2/repository/org/apache/commons/commons-compress/1.4.1/commons-compress-1.4.1.jar:/home/user/.m2/repository/org/tukaani/xz/1.0/xz-1.0.jar:/home/user/.m2/repository/org/apache/hadoop/hadoop-hdds-common/0.6.0-SNAPSHOT/hadoop-hdds-common-0.6.0-SNAPSHOT.jar:/home/user/.m2/repository/org/apache/hadoop/hadoop-hdds-hadoop-dependency-client/0.6.0-SNAPSHOT/hadoop-hdds-hadoop-dependency-client-0.6.0-SNAPSHOT.jar:/home/user/.m2/repository/info/picocli/picocli/3.9.6/picocli-3.9.6.jar:/home/user/.m2/repository/com/fasterxml/jackson/core/jackson-annotations/2.10.3/jackson-annotations-2.10.3.jar:/home/user/.m2/repository/javax/annotation/javax.annotation-api/1.2/javax.annotation-api-1.2.jar:/home/user/.m2/repository/org/apache/ratis/ratis-server/0.6.0-6ab75ae-SNAPSHOT/ratis-server-0.6.0-6ab75ae-SNAPSHOT.jar:/home/user/.m2/repository/org/apache/ratis/ratis-client/0.6.0-6ab75ae-SNAPSHOT/ratis-client-0.6.0-6ab75ae-SNAPSHOT.jar:/home/user/.m2/repository/org/apache/ratis/ratis-metrics/0.6.0-6ab75ae-SNAPSHOT/ratis-metrics-0.6.0-6ab75ae-SNAPSHOT.jar:/home/user/.m2/repository/org/apache/ratis/ratis-netty/0.6.0-6ab75ae-SNAPSHOT/ratis-netty-0.6.0-6ab75ae-SNAPSHOT.jar:/home/user/.m2/repository/org/apache/ratis/ratis-grpc/0.6.0-6ab75ae-SNAPSHOT/ratis-grpc-0.6.0-6ab75ae-SNAPSHOT.jar:/home/user/.m2/repository/org/apache/logging/log4j/log4j-api/2.11.0/log4j-api-2.11.0.jar:/home/user/.m2/repository/org/apache/logging/log4j/log4j-core/2.11.0/log4j-core-2.11.0.jar:/home/user/.m2/repository/com/lmax/disruptor/3.4.2/disruptor-3.4.2.jar:/home/user/.m2/repository/org/apache/commons/commons-pool2/2.6.0/commons-pool2-2.6.0.jar:/home/user/.m2/repository/org/bouncycastle/bcpkix-jdk15on/1.60/bcpkix-jdk15on-1.60.jar:/home/user/.m2/repository/commons-validator/commons-validator/1.6/commons-validator-1.6.jar:/home/user/.m2/repository/commons-digester/commons-digester/1.8.1/commons-digester-1.8.1.jar:/home/user/.m2/repository/io/jaegertracing/jaeger-client/1.2.0/jaeger-client-1.2.0.jar:/home/user/.m2/repository/io/jaegertracing/jaeger-thrift/1.2.0/jaeger-thrift-1.2.0.jar:/home/user/.m2/repository/org/apache/thrift/libthrift/0.13.0/libthrift-0.13.0.jar:/home/user/.m2/repository/com/squareup/okhttp3/okhttp/4.2.2/okhttp-4.2.2.jar:/home/user/.m2/repository/com/squareup/okio/okio/2.2.2/okio-2.2.2.jar:/home/user/.m2/repository/org/jetbrains/kotlin/kotlin-stdlib/1.3.50/kotlin-stdlib-1.3.50.jar:/home/user/.m2/repository/org/jetbrains/kotlin/kotlin-stdlib-common/1.3.50/kotlin-stdlib-common-1.3.50.jar:/home/user/.m2/repository/org/jetbrains/annotations/13.0/annotations-13.0.jar:/home/user/.m2/repository/io/jaegertracing/jaeger-core/1.2.0/jaeger-core-1.2.0.jar:/home/user/.m2/repository/io/jaegertracing/jaeger-tracerresolver/1.2.0/jaeger-tracerresolver-1.2.0.jar:/home/user/.m2/repository/io/opentracing/contrib/opentracing-tracerresolver/0.1.8/opentracing-tracerresolver-0.1.8.jar:/home/user/.m2/repository/io/opentracing/opentracing-util/0.33.0/opentracing-util-0.33.0.jar:/home/user/.m2/repository/io/opentracing/opentracing-api/0.33.0/opentracing-api-0.33.0.jar:/home/user/.m2/repository/io/opentracing/opentracing-noop/0.33.0/opentracing-noop-0.33.0.jar:/home/user/.m2/repository/org/apache/hadoop/hadoop-hdds-client/0.6.0-SNAPSHOT/hadoop-hdds-client-0.6.0-SNAPSHOT.jar:/home/user/.m2/repository/org/apache/hadoop/hadoop-ozone-interface-client/0.6.0-SNAPSHOT/hadoop-ozone-interface-client-0.6.0-SNAPSHOT.jar:/home/user/.m2/repository/org/apache/hadoop/hadoop-hdds-test-utils/0.6.0-SNAPSHOT/hadoop-hdds-test-utils-0.6.0-SNAPSHOT.jar:/home/user/.m2/repository/com/google/guava/guava/28.2-jre/guava-28.2-jre.jar:/home/user/.m2/repository/com/google/guava/failureaccess/1.0.1/failureaccess-1.0.1.jar:/home/user/.m2/repository/com/google/guava/listenablefuture/9999.0-empty-to-avoid-conflict-with-guava/listenablefuture-9999.0-empty-to-avoid-conflict-with-guava.jar:/home/user/.m2/repository/com/google/code/findbugs/jsr305/3.0.0/jsr305-3.0.0.jar:/home/user/.m2/repository/org/checkerframework/checker-qual/2.10.0/checker-qual-2.10.0.jar:/home/user/.m2/repository/com/google/errorprone/error_prone_annotations/2.2.0/error_prone_annotations-2.2.0.jar:/home/user/.m2/repository/com/google/j2objc/j2objc-annotations/1.3/j2objc-annotations-1.3.jar:/home/user/.m2/repository/commons-io/commons-io/2.5/commons-io-2.5.jar:/home/user/.m2/repository/commons-logging/commons-logging/1.2/commons-logging-1.2.jar:/home/user/.m2/repository/log4j/log4j/1.2.17/log4j-1.2.17.jar:/home/user/.m2/repository/org/slf4j/slf4j-api/1.7.25/slf4j-api-1.7.25.jar:/home/user/.m2/repository/org/apache/hadoop/hadoop-hdds-server-scm/0.6.0-SNAPSHOT/hadoop-hdds-server-scm-0.6.0-SNAPSHOT.jar:/home/user/.m2/repository/org/apache/hadoop/hadoop-hdds-container-service/0.6.0-SNAPSHOT/hadoop-hdds-container-service-0.6.0-SNAPSHOT.jar:/home/user/.m2/repository/org/apache/hadoop/hadoop-hdds-hadoop-dependency-server/0.6.0-SNAPSHOT/hadoop-hdds-hadoop-dependency-server-0.6.0-SNAPSHOT.jar:/home/user/.m2/repository/org/apache/hadoop/hadoop-hdds-server-framework/0.6.0-SNAPSHOT/hadoop-hdds-server-framework-0.6.0-SNAPSHOT.jar:/home/user/.m2/repository/org/apache/hadoop/hadoop-hdds-interface-server/0.6.0-SNAPSHOT/hadoop-hdds-interface-server-0.6.0-SNAPSHOT.jar:/home/user/.m2/repository/org/apache/hadoop/hadoop-hdds-interface-admin/0.6.0-SNAPSHOT/hadoop-hdds-interface-admin-0.6.0-SNAPSHOT.jar:/home/user/.m2/repository/org/rocksdb/rocksdbjni/6.8.1/rocksdbjni-6.8.1.jar:/home/user/.m2/repository/io/prometheus/simpleclient_dropwizard/0.7.0/simpleclient_dropwizard-0.7.0.jar:/home/user/.m2/repository/io/prometheus/simpleclient/0.7.0/simpleclient-0.7.0.jar:/home/user/.m2/repository/io/prometheus/simpleclient_common/0.7.0/simpleclient_common-0.7.0.jar:/home/user/.m2/repository/com/fasterxml/jackson/datatype/jackson-datatype-jsr310/2.10.3/jackson-datatype-jsr310-2.10.3.jar:/home/user/.m2/repository/org/apache/hadoop/hadoop-hdds-docs/0.6.0-SNAPSHOT/hadoop-hdds-docs-0.6.0-SNAPSHOT.jar:/home/user/.m2/repository/io/dropwizard/metrics/metrics-core/3.2.4/metrics-core-3.2.4.jar:/home/user/.m2/repository/org/apache/hadoop/hadoop-hdfs-client/3.2.1/hadoop-hdfs-client-3.2.1.jar:/home/user/.m2/repository/org/bouncycastle/bcprov-jdk15on/1.60/bcprov-jdk15on-1.60.jar:/home/user/.m2/repository/org/apache/hadoop/hadoop-ozone-ozone-manager/0.6.0-SNAPSHOT/hadoop-ozone-ozone-manager-0.6.0-SNAPSHOT.jar:/home/user/.m2/repository/org/apache/hadoop/hadoop-hdds-interface-client/0.6.0-SNAPSHOT/hadoop-hdds-interface-client-0.6.0-SNAPSHOT.jar:/home/user/.m2/repository/org/apache/ratis/ratis-thirdparty-misc/0.4.0/ratis-thirdparty-misc-0.4.0.jar:/home/user/.m2/repository/org/apache/hadoop/hadoop-minikdc/3.2.1/hadoop-minikdc-3.2.1.jar:/home/user/.m2/repository/org/apache/kerby/kerb-simplekdc/1.0.1/kerb-simplekdc-1.0.1.jar:/home/user/.m2/repository/org/apache/kerby/kerb-client/1.0.1/kerb-client-1.0.1.jar:/home/user/.m2/repository/org/apache/kerby/kerby-config/1.0.1/kerby-config-1.0.1.jar:/home/user/.m2/repository/org/apache/kerby/kerb-core/1.0.1/kerb-core-1.0.1.jar:/home/user/.m2/repository/org/apache/kerby/kerby-pkix/1.0.1/kerby-pkix-1.0.1.jar:/home/user/.m2/repository/org/apache/kerby/kerby-asn1/1.0.1/kerby-asn1-1.0.1.jar:/home/user/.m2/repository/org/apache/kerby/kerby-util/1.0.1/kerby-util-1.0.1.jar:/home/user/.m2/repository/org/apache/kerby/kerb-common/1.0.1/kerb-common-1.0.1.jar:/home/user/.m2/repository/org/apache/kerby/kerb-crypto/1.0.1/kerb-crypto-1.0.1.jar:/home/user/.m2/repository/org/apache/kerby/kerb-util/1.0.1/kerb-util-1.0.1.jar:/home/user/.m2/repository/org/apache/kerby/token-provider/1.0.1/token-provider-1.0.1.jar:/home/user/.m2/repository/org/apache/kerby/kerb-admin/1.0.1/kerb-admin-1.0.1.jar:/home/user/.m2/repository/org/apache/kerby/kerb-server/1.0.1/kerb-server-1.0.1.jar:/home/user/.m2/repository/org/apache/kerby/kerb-identity/1.0.1/kerb-identity-1.0.1.jar:/home/user/.m2/repository/org/apache/kerby/kerby-xdr/1.0.1/kerby-xdr-1.0.1.jar:/home/user/.m2/repository/org/slf4j/slf4j-log4j12/1.7.25/slf4j-log4j12-1.7.25.jar:/home/user/.m2/repository/org/apache/hadoop/hadoop-ozone-s3gateway/0.6.0-SNAPSHOT/hadoop-ozone-s3gateway-0.6.0-SNAPSHOT.jar:/home/user/.m2/repository/org/jboss/weld/servlet/weld-servlet/2.4.7.Final/weld-servlet-2.4.7.Final.jar:/home/user/.m2/repository/org/glassfish/jersey/containers/jersey-container-servlet-core/2.27/jersey-container-servlet-core-2.27.jar:/home/user/.m2/repository/org/glassfish/hk2/external/javax.inject/2.5.0-b42/javax.inject-2.5.0-b42.jar:/home/user/.m2/repository/org/glassfish/jersey/core/jersey-common/2.27/jersey-common-2.27.jar:/home/user/.m2/repository/org/glassfish/hk2/osgi-resource-locator/1.0.1/osgi-resource-locator-1.0.1.jar:/home/user/.m2/repository/javax/ws/rs/javax.ws.rs-api/2.1/javax.ws.rs-api-2.1.jar:/home/user/.m2/repository/org/glassfish/jersey/ext/cdi/jersey-cdi1x/2.27/jersey-cdi1x-2.27.jar:/home/user/.m2/repository/org/glassfish/jersey/inject/jersey-hk2/2.27/jersey-hk2-2.27.jar:/home/user/.m2/repository/org/glassfish/hk2/hk2-locator/2.5.0-b42/hk2-locator-2.5.0-b42.jar:/home/user/.m2/repository/org/javassist/javassist/3.22.0-CR2/javassist-3.22.0-CR2.jar:/home/user/.m2/repository/org/glassfish/hk2/hk2-api/2.5.0/hk2-api-2.5.0.jar:/home/user/.m2/repository/org/glassfish/hk2/external/jakarta.inject/2.5.0/jakarta.inject-2.5.0.jar:/home/user/.m2/repository/org/glassfish/hk2/hk2-utils/2.5.0/hk2-utils-2.5.0.jar:/home/user/.m2/repository/jakarta/annotation/jakarta.annotation-api/1.3.4/jakarta.annotation-api-1.3.4.jar:/home/user/.m2/repository/org/glassfish/hk2/external/aopalliance-repackaged/2.5.0/aopalliance-repackaged-2.5.0.jar:/home/user/.m2/repository/com/fasterxml/jackson/dataformat/jackson-dataformat-xml/2.10.3/jackson-dataformat-xml-2.10.3.jar:/home/user/.m2/repository/com/fasterxml/jackson/core/jackson-core/2.10.3/jackson-core-2.10.3.jar:/home/user/.m2/repository/com/fasterxml/jackson/module/jackson-module-jaxb-annotations/2.10.3/jackson-module-jaxb-annotations-2.10.3.jar:/home/user/.m2/repository/jakarta/xml/bind/jakarta.xml.bind-api/2.3.2/jakarta.xml.bind-api-2.3.2.jar:/home/user/.m2/repository/jakarta/activation/jakarta.activation-api/1.2.1/jakarta.activation-api-1.2.1.jar:/home/user/.m2/repository/org/codehaus/woodstox/stax2-api/3.1.4/stax2-api-3.1.4.jar:/home/user/.m2/repository/com/fasterxml/woodstox/woodstox-core/5.0.3/woodstox-core-5.0.3.jar:/home/user/.m2/repository/javax/enterprise/cdi-api/1.2/cdi-api-1.2.jar:/home/user/.m2/repository/javax/el/javax.el-api/3.0.0/javax.el-api-3.0.0.jar:/home/user/.m2/repository/javax/interceptor/javax.interceptor-api/1.2/javax.interceptor-api-1.2.jar:/home/user/.m2/repository/javax/inject/javax.inject/1/javax.inject-1.jar:/home/user/.m2/repository/com/sun/xml/bind/jaxb-impl/2.3.0.1/jaxb-impl-2.3.0.1.jar:/home/user/.m2/repository/com/sun/xml/bind/jaxb-core/2.3.0.1/jaxb-core-2.3.0.1.jar:/home/user/.m2/repository/javax/xml/bind/jaxb-api/2.3.0/jaxb-api-2.3.0.jar:/home/user/.m2/repository/javax/activation/activation/1.1.1/activation-1.1.1.jar:/home/user/.m2/repository/org/apache/hadoop/hadoop-ozone-csi/0.6.0-SNAPSHOT/hadoop-ozone-csi-0.6.0-SNAPSHOT.jar:/home/user/.m2/repository/com/google/protobuf/protobuf-java-util/3.11.0/protobuf-java-util-3.11.0.jar:/home/user/.m2/repository/com/google/code/gson/gson/2.2.4/gson-2.2.4.jar:/home/user/.m2/repository/org/apache/hadoop/hadoop-hdds-config/0.6.0-SNAPSHOT/hadoop-hdds-config-0.6.0-SNAPSHOT.jar:/home/user/.m2/repository/com/google/protobuf/protobuf-java/2.5.0/protobuf-java-2.5.0.jar:/home/user/.m2/repository/io/grpc/grpc-netty/1.29.0/grpc-netty-1.29.0.jar:/home/user/.m2/repository/io/grpc/grpc-core/1.29.0/grpc-core-1.29.0.jar:/home/user/.m2/repository/com/google/android/annotations/4.1.1.4/annotations-4.1.1.4.jar:/home/user/.m2/repository/io/perfmark/perfmark-api/0.19.0/perfmark-api-0.19.0.jar:/home/user/.m2/repository/io/netty/netty-codec-http2/4.1.48.Final/netty-codec-http2-4.1.48.Final.jar:/home/user/.m2/repository/io/netty/netty-codec/4.1.48.Final/netty-codec-4.1.48.Final.jar:/home/user/.m2/repository/io/netty/netty-handler/4.1.48.Final/netty-handler-4.1.48.Final.jar:/home/user/.m2/repository/io/netty/netty-codec-http/4.1.48.Final/netty-codec-http-4.1.48.Final.jar:/home/user/.m2/repository/io/netty/netty-handler-proxy/4.1.48.Final/netty-handler-proxy-4.1.48.Final.jar:/home/user/.m2/repository/io/netty/netty-codec-socks/4.1.48.Final/netty-codec-socks-4.1.48.Final.jar:/home/user/.m2/repository/io/netty/netty-transport-native-epoll/4.1.48.Final/netty-transport-native-epoll-4.1.48.Final.jar:/home/user/.m2/repository/io/netty/netty-common/4.1.48.Final/netty-common-4.1.48.Final.jar:/home/user/.m2/repository/io/netty/netty-buffer/4.1.48.Final/netty-buffer-4.1.48.Final.jar:/home/user/.m2/repository/io/netty/netty-transport/4.1.48.Final/netty-transport-4.1.48.Final.jar:/home/user/.m2/repository/io/netty/netty-resolver/4.1.48.Final/netty-resolver-4.1.48.Final.jar:/home/user/.m2/repository/io/netty/netty-transport-native-unix-common/4.1.48.Final/netty-transport-native-unix-common-4.1.48.Final.jar:/home/user/.m2/repository/io/grpc/grpc-protobuf/1.29.0/grpc-protobuf-1.29.0.jar:/home/user/.m2/repository/io/grpc/grpc-api/1.29.0/grpc-api-1.29.0.jar:/home/user/.m2/repository/io/grpc/grpc-context/1.29.0/grpc-context-1.29.0.jar:/home/user/.m2/repository/org/codehaus/mojo/animal-sniffer-annotations/1.18/animal-sniffer-annotations-1.18.jar:/home/user/.m2/repository/com/google/api/grpc/proto-google-common-protos/1.17.0/proto-google-common-protos-1.17.0.jar:/home/user/.m2/repository/io/grpc/grpc-protobuf-lite/1.29.0/grpc-protobuf-lite-1.29.0.jar:/home/user/.m2/repository/io/grpc/grpc-stub/1.29.0/grpc-stub-1.29.0.jar:/home/user/.m2/repository/org/apache/hadoop/hadoop-ozone-recon/0.6.0-SNAPSHOT/hadoop-ozone-recon-0.6.0-SNAPSHOT.jar:/home/user/.m2/repository/org/apache/hadoop/hadoop-ozone-reconcodegen/0.6.0-SNAPSHOT/hadoop-ozone-reconcodegen-0.6.0-SNAPSHOT.jar:/home/user/.m2/repository/com/google/inject/extensions/guice-multibindings/4.0/guice-multibindings-4.0.jar:/home/user/.m2/repository/com/google/inject/guice/4.0/guice-4.0.jar:/home/user/.m2/repository/aopalliance/aopalliance/1.0/aopalliance-1.0.jar:/home/user/.m2/repository/com/google/inject/extensions/guice-assistedinject/4.0/guice-assistedinject-4.0.jar:/home/user/.m2/repository/com/google/inject/extensions/guice-servlet/4.0/guice-servlet-4.0.jar:/home/user/.m2/repository/org/glassfish/jersey/containers/jersey-container-servlet/2.27/jersey-container-servlet-2.27.jar:/home/user/.m2/repository/org/glassfish/hk2/guice-bridge/2.5.0/guice-bridge-2.5.0.jar:/home/user/.m2/repository/org/glassfish/jersey/core/jersey-server/2.27/jersey-server-2.27.jar:/home/user/.m2/repository/org/glassfish/jersey/core/jersey-client/2.27/jersey-client-2.27.jar:/home/user/.m2/repository/org/glassfish/jersey/media/jersey-media-jaxb/2.27/jersey-media-jaxb-2.27.jar:/home/user/.m2/repository/javax/validation/validation-api/1.1.0.Final/validation-api-1.1.0.Final.jar:/home/user/.m2/repository/org/glassfish/jersey/media/jersey-media-json-jackson/2.27/jersey-media-json-jackson-2.27.jar:/home/user/.m2/repository/org/glassfish/jersey/ext/jersey-entity-filtering/2.27/jersey-entity-filtering-2.27.jar:/home/user/.m2/repository/org/jooq/jooq/3.11.10/jooq-3.11.10.jar:/home/user/.m2/repository/org/jooq/jooq-meta/3.11.10/jooq-meta-3.11.10.jar:/home/user/.m2/repository/org/jooq/jooq-codegen/3.11.10/jooq-codegen-3.11.10.jar:/home/user/.m2/repository/com/jolbox/bonecp/0.8.0.RELEASE/bonecp-0.8.0.RELEASE.jar:/home/user/.m2/repository/org/apache/derby/derby/10.14.2.0/derby-10.14.2.0.jar:/home/user/.m2/repository/org/xerial/sqlite-jdbc/3.25.2/sqlite-jdbc-3.25.2.jar:/home/user/.m2/repository/org/springframework/spring-jdbc/5.2.5.RELEASE/spring-jdbc-5.2.5.RELEASE.jar:/home/user/.m2/repository/org/springframework/spring-beans/5.2.5.RELEASE/spring-beans-5.2.5.RELEASE.jar:/home/user/.m2/repository/org/springframework/spring-core/5.2.5.RELEASE/spring-core-5.2.5.RELEASE.jar:/home/user/.m2/repository/org/springframework/spring-jcl/5.2.5.RELEASE/spring-jcl-5.2.5.RELEASE.jar:/home/user/.m2/repository/org/springframework/spring-tx/5.2.5.RELEASE/spring-tx-5.2.5.RELEASE.jar:/home/user/.m2/repository/org/apache/hadoop/hadoop-ozone-client/0.6.0-SNAPSHOT/hadoop-ozone-client-0.6.0-SNAPSHOT.jar:/home/user/.m2/repository/org/apache/hadoop/hadoop-ozone-filesystem/0.6.0-SNAPSHOT/hadoop-ozone-filesystem-0.6.0-SNAPSHOT.jar:/home/user/.m2/repository/org/apache/hadoop/hadoop-ozone-filesystem-common/0.6.0-SNAPSHOT/hadoop-ozone-filesystem-common-0.6.0-SNAPSHOT.jar:/home/user/.m2/repository/org/apache/hadoop/hadoop-ozone-tools/0.6.0-SNAPSHOT/hadoop-ozone-tools-0.6.0-SNAPSHOT.jar:/home/user/.m2/repository/org/apache/hadoop/hadoop-hdfs/3.2.1/hadoop-hdfs-3.2.1.jar:/home/user/.m2/repository/org/apache/ratis/ratis-tools/0.6.0-6ab75ae-SNAPSHOT/ratis-tools-0.6.0-6ab75ae-SNAPSHOT.jar:/home/user/.m2/repository/org/apache/ratis/ratis-proto/0.6.0-6ab75ae-SNAPSHOT/ratis-proto-0.6.0-6ab75ae-SNAPSHOT.jar:/home/user/.m2/repository/org/apache/ratis/ratis-common/0.6.0-6ab75ae-SNAPSHOT/ratis-common-0.6.0-6ab75ae-SNAPSHOT.jar:/home/user/.m2/repository/com/amazonaws/aws-java-sdk-core/1.11.615/aws-java-sdk-core-1.11.615.jar:/home/user/.m2/repository/org/apache/httpcomponents/httpclient/4.5.2/httpclient-4.5.2.jar:/home/user/.m2/repository/org/apache/httpcomponents/httpcore/4.4.4/httpcore-4.4.4.jar:/home/user/.m2/repository/software/amazon/ion/ion-java/1.0.2/ion-java-1.0.2.jar:/home/user/.m2/repository/com/fasterxml/jackson/dataformat/jackson-dataformat-cbor/2.10.3/jackson-dataformat-cbor-2.10.3.jar:/home/user/.m2/repository/joda-time/joda-time/2.8.1/joda-time-2.8.1.jar:/home/user/.m2/repository/com/amazonaws/aws-java-sdk-s3/1.11.615/aws-java-sdk-s3-1.11.615.jar:/home/user/.m2/repository/com/amazonaws/aws-java-sdk-kms/1.11.615/aws-java-sdk-kms-1.11.615.jar:/home/user/.m2/repository/com/amazonaws/jmespath-java/1.11.615/jmespath-java-1.11.615.jar:/home/user/.m2/repository/org/apache/hadoop/hadoop-hdds-tools/0.6.0-SNAPSHOT/hadoop-hdds-tools-0.6.0-SNAPSHOT.jar:/home/user/.m2/repository/commons-cli/commons-cli/1.2/commons-cli-1.2.jar:/home/user/.m2/repository/org/apache/commons/commons-lang3/3.7/commons-lang3-3.7.jar:/home/user/.m2/repository/org/apache/hadoop/hadoop-ozone-ozone-manager/0.6.0-SNAPSHOT/hadoop-ozone-ozone-manager-0.6.0-SNAPSHOT-tests.jar:/home/user/.m2/repository/junit/junit/4.11/junit-4.11.jar:/home/user/.m2/repository/org/hamcrest/hamcrest-core/1.3/hamcrest-core-1.3.jar:/home/user/.m2/repository/org/openjdk/jmh/jmh-core/1.19/jmh-core-1.19.jar:/home/user/.m2/repository/net/sf/jopt-simple/jopt-simple/4.6/jopt-simple-4.6.jar:/home/user/.m2/repository/org/apache/commons/commons-math3/3.1.1/commons-math3-3.1.1.jar:/home/user/.m2/repository/org/openjdk/jmh/jmh-generator-annprocess/1.19/jmh-generator-annprocess-1.19.jar:/home/user/.m2/repository/org/mockito/mockito-all/1.8.5/mockito-all-1.8.5.jar:/home/user/.m2/repository/org/apache/hadoop/hadoop-kms/3.2.1/hadoop-kms-3.2.1.jar:/home/user/.m2/repository/org/apache/hadoop/hadoop-auth/3.2.1/hadoop-auth-3.2.1.jar:/home/user/.m2/repository/com/nimbusds/nimbus-jose-jwt/7.9/nimbus-jose-jwt-7.9.jar:/home/user/.m2/repository/com/github/stephenc/jcip/jcip-annotations/1.0-1/jcip-annotations-1.0-1.jar:/home/user/.m2/repository/net/minidev/json-smart/2.3/json-smart-2.3.jar:/home/user/.m2/repository/net/minidev/accessors-smart/1.2/accessors-smart-1.2.jar:/home/user/.m2/repository/org/ow2/asm/asm/5.0.4/asm-5.0.4.jar:/home/user/.m2/repository/org/apache/zookeeper/zookeeper/3.4.13/zookeeper-3.4.13.jar:/home/user/.m2/repository/org/apache/yetus/audience-annotations/0.5.0/audience-annotations-0.5.0.jar:/home/user/.m2/repository/org/apache/curator/curator-framework/2.13.0/curator-framework-2.13.0.jar:/home/user/.m2/repository/com/sun/jersey/jersey-core/1.19/jersey-core-1.19.jar:/home/user/.m2/repository/javax/ws/rs/jsr311-api/1.1.1/jsr311-api-1.1.1.jar:/home/user/.m2/repository/com/sun/jersey/jersey-server/1.19/jersey-server-1.19.jar:/home/user/.m2/repository/javax/servlet/javax.servlet-api/3.1.0/javax.servlet-api-3.1.0.jar:/home/user/.m2/repository/org/eclipse/jetty/jetty-server/9.4.26.v20200117/jetty-server-9.4.26.v20200117.jar:/home/user/.m2/repository/org/eclipse/jetty/jetty-http/9.4.26.v20200117/jetty-http-9.4.26.v20200117.jar:/home/user/.m2/repository/org/eclipse/jetty/jetty-io/9.4.26.v20200117/jetty-io-9.4.26.v20200117.jar:/home/user/.m2/repository/org/eclipse/jetty/jetty-webapp/9.4.26.v20200117/jetty-webapp-9.4.26.v20200117.jar:/home/user/.m2/repository/org/eclipse/jetty/jetty-xml/9.4.26.v20200117/jetty-xml-9.4.26.v20200117.jar:/home/user/.m2/repository/org/eclipse/jetty/jetty-servlet/9.4.26.v20200117/jetty-servlet-9.4.26.v20200117.jar:/home/user/.m2/repository/org/eclipse/jetty/jetty-security/9.4.26.v20200117/jetty-security-9.4.26.v20200117.jar:/home/user/.m2/repository/org/apache/hadoop/hadoop-common/3.2.1/hadoop-common-3.2.1.jar:/home/user/.m2/repository/commons-net/commons-net/3.6/commons-net-3.6.jar:/home/user/.m2/repository/commons-collections/commons-collections/3.2.2/commons-collections-3.2.2.jar:/home/user/.m2/repository/com/sun/jersey/jersey-servlet/1.19/jersey-servlet-1.19.jar:/home/user/.m2/repository/com/sun/jersey/jersey-json/1.19/jersey-json-1.19.jar:/home/user/.m2/repository/org/codehaus/jettison/jettison/1.1/jettison-1.1.jar:/home/user/.m2/repository/org/codehaus/jackson/jackson-jaxrs/1.9.2/jackson-jaxrs-1.9.2.jar:/home/user/.m2/repository/org/codehaus/jackson/jackson-xc/1.9.2/jackson-xc-1.9.2.jar:/home/user/.m2/repository/commons-beanutils/commons-beanutils/1.9.4/commons-beanutils-1.9.4.jar:/home/user/.m2/repository/org/apache/commons/commons-configuration2/2.1.1/commons-configuration2-2.1.1.jar:/home/user/.m2/repository/org/apache/commons/commons-text/1.4/commons-text-1.4.jar:/home/user/.m2/repository/com/google/re2j/re2j/1.1/re2j-1.1.jar:/home/user/.m2/repository/com/jcraft/jsch/0.1.54/jsch-0.1.54.jar:/home/user/.m2/repository/org/apache/curator/curator-client/2.13.0/curator-client-2.13.0.jar:/home/user/.m2/repository/org/apache/curator/curator-recipes/2.13.0/curator-recipes-2.13.0.jar:/home/user/.m2/repository/dnsjava/dnsjava/2.1.7/dnsjava-2.1.7.jar:/home/user/.m2/repository/org/slf4j/jul-to-slf4j/1.7.25/jul-to-slf4j-1.7.25.jar:/home/user/.m2/repository/org/eclipse/jetty/jetty-util/9.4.26.v20200117/jetty-util-9.4.26.v20200117.jar:/home/user/.m2/repository/com/fasterxml/jackson/core/jackson-databind/2.10.3/jackson-databind-2.10.3.jar:/home/user/.m2/repository/org/apache/hadoop/hadoop-kms/3.2.1/hadoop-kms-3.2.1-tests.jar:/home/user/.m2/repository/org/apache/hadoop/hadoop-hdds-server-scm/0.6.0-SNAPSHOT/hadoop-hdds-server-scm-0.6.0-SNAPSHOT-tests.jar:/home/user/.m2/repository/org/apache/hadoop/hadoop-hdds-container-service/0.6.0-SNAPSHOT/hadoop-hdds-container-service-0.6.0-SNAPSHOT-tests.jar:/home/user/.m2/repository/org/apache/hadoop/hadoop-hdds-common/0.6.0-SNAPSHOT/hadoop-hdds-common-0.6.0-SNAPSHOT-tests.jar:/home/user/.m2/repository/org/yaml/snakeyaml/1.16/snakeyaml-1.16.jar:/home/user/.m2/repository/org/apache/hadoop/hadoop-hdds-hadoop-dependency-test/0.6.0-SNAPSHOT/hadoop-hdds-hadoop-dependency-test-0.6.0-SNAPSHOT.jar:/home/user/.m2/repository/org/apache/hadoop/hadoop-common/3.2.1/hadoop-common-3.2.1-tests.jar:/home/user/.m2/repository/javax/servlet/jsp/jsp-api/2.1/jsp-api-2.1.jar:/home/user/.m2/repository/org/apache/hadoop/hadoop-hdfs/3.2.1/hadoop-hdfs-3.2.1-tests.jar:/home/user/.m2/repository/org/eclipse/jetty/jetty-util-ajax/9.4.26.v20200117/jetty-util-ajax-9.4.26.v20200117.jar:/home/user/.m2/repository/commons-codec/commons-codec/1.11/commons-codec-1.11.jar:/home/user/.m2/repository/commons-daemon/commons-daemon/1.0.13/commons-daemon-1.0.13.jar:/home/user/.m2/repository/io/netty/netty/3.10.5.Final/netty-3.10.5.Final.jar:/home/user/.m2/repository/io/netty/netty-all/4.1.48.Final/netty-all-4.1.48.Final.jar:/home/user/.m2/repository/org/apache/htrace/htrace-core4/4.1.0-incubating/htrace-core4-4.1.0-incubating.jar:/home/user/.m2/repository/org/fusesource/leveldbjni/leveldbjni-all/1.8/leveldbjni-all-1.8.jar:/home/user/.m2/repository/org/apache/hadoop/hadoop-distcp/3.2.1/hadoop-distcp-3.2.1.jar:/home/user/.m2/repository/org/apache/hadoop/hadoop-mapreduce-client-jobclient/3.2.1/hadoop-mapreduce-client-jobclient-3.2.1.jar:/home/user/.m2/repository/org/apache/hadoop/hadoop-mapreduce-client-common/3.2.1/hadoop-mapreduce-client-common-3.2.1.jar:/home/user/.m2/repository/org/apache/hadoop/hadoop-yarn-common/3.2.1/hadoop-yarn-common-3.2.1.jar:/home/user/.m2/repository/org/apache/hadoop/hadoop-yarn-api/3.2.1/hadoop-yarn-api-3.2.1.jar:/home/user/.m2/repository/com/sun/jersey/jersey-client/1.19/jersey-client-1.19.jar:/home/user/.m2/repository/com/sun/jersey/contribs/jersey-guice/1.19/jersey-guice-1.19.jar:/home/user/.m2/repository/com/fasterxml/jackson/jaxrs/jackson-jaxrs-json-provider/2.10.3/jackson-jaxrs-json-provider-2.10.3.jar:/home/user/.m2/repository/com/fasterxml/jackson/jaxrs/jackson-jaxrs-base/2.10.3/jackson-jaxrs-base-2.10.3.jar:/home/user/.m2/repository/org/apache/hadoop/hadoop-yarn-client/3.2.1/hadoop-yarn-client-3.2.1.jar:/home/user/.m2/repository/org/apache/hadoop/hadoop-mapreduce-client-core/3.2.1/hadoop-mapreduce-client-core-3.2.1.jar:/home/user/.m2/repository/org/apache/avro/avro/1.7.7/avro-1.7.7.jar:/home/user/.m2/repository/org/codehaus/jackson/jackson-core-asl/1.9.13/jackson-core-asl-1.9.13.jar:/home/user/.m2/repository/org/codehaus/jackson/jackson-mapper-asl/1.9.13/jackson-mapper-asl-1.9.13.jar:/home/user/.m2/repository/com/thoughtworks/paranamer/paranamer/2.3/paranamer-2.3.jar:/home/user/.m2/repository/org/xerial/snappy/snappy-java/1.0.5/snappy-java-1.0.5.jar:/home/user/.m2/repository/org/apache/hadoop/hadoop-annotations/3.2.1/hadoop-annotations-3.2.1.jar:/usr/lib/jvm/java-1.8.0-openjdk-1.8.0.232.b09-0.el7_7.x86_64/jre/../lib/tools.jar:/home/user/.m2/repository/org/apache/hadoop/hadoop-distcp/3.2.1/hadoop-distcp-3.2.1-tests.jar:"/>
    <property name="sun.cpu.endian" value="little"/>
    <property name="user.home" value="/home/user"/>
    <property name="user.language" value="en"/>
    <property name="java.specification.vendor" value="Oracle Corporation"/>
    <property name="java.home" value="/usr/lib/jvm/java-1.8.0-openjdk-1.8.0.232.b09-0.el7_7.x86_64/jre"/>
    <property name="java.security.krb5.conf" value="/github/workspace/mnt/ozone/hadoop-ozone/integration-test/target/test-classes/krb5.conf"/>
    <property name="basedir" value="/github/workspace/mnt/ozone/hadoop-ozone/integration-test"/>
    <property name="file.separator" value="/"/>
    <property name="line.separator" value="&#10;"/>
    <property name="java.vm.specification.vendor" value="Oracle Corporation"/>
    <property name="java.specification.name" value="Java Platform API Specification"/>
    <property name="java.awt.graphicsenv" value="sun.awt.X11GraphicsEnvironment"/>
    <property name="skip.installnpx" value="true"/>
    <property name="surefire.real.class.path" value="/github/workspace/mnt/ozone/hadoop-ozone/integration-test/target/surefire/surefirebooter1784748949877301873.jar:/home/user/.m2/repository/org/jacoco/org.jacoco.agent/0.8.5/org.jacoco.agent-0.8.5-runtime.jar"/>
    <property name="hadoop.log.dir" value="/github/workspace/mnt/ozone/hadoop-ozone/integration-test/target/log"/>
    <property name="sun.boot.class.path" value="/usr/lib/jvm/java-1.8.0-openjdk-1.8.0.232.b09-0.el7_7.x86_64/jre/lib/resources.jar:/usr/lib/jvm/java-1.8.0-openjdk-1.8.0.232.b09-0.el7_7.x86_64/jre/lib/rt.jar:/usr/lib/jvm/java-1.8.0-openjdk-1.8.0.232.b09-0.el7_7.x86_64/jre/lib/sunrsasign.jar:/usr/lib/jvm/java-1.8.0-openjdk-1.8.0.232.b09-0.el7_7.x86_64/jre/lib/jsse.jar:/usr/lib/jvm/java-1.8.0-openjdk-1.8.0.232.b09-0.el7_7.x86_64/jre/lib/jce.jar:/usr/lib/jvm/java-1.8.0-openjdk-1.8.0.232.b09-0.el7_7.x86_64/jre/lib/charsets.jar:/usr/lib/jvm/java-1.8.0-openjdk-1.8.0.232.b09-0.el7_7.x86_64/jre/lib/jfr.jar:/usr/lib/jvm/java-1.8.0-openjdk-1.8.0.232.b09-0.el7_7.x86_64/jre/classes"/>
    <property name="sun.management.compiler" value="HotSpot 64-Bit Tiered Compilers"/>
    <property name="skip.npx" value="true"/>
    <property name="java.runtime.version" value="1.8.0_232-b09"/>
    <property name="java.net.preferIPv4Stack" value="true"/>
    <property name="user.name" value="jenkins1001"/>
    <property name="path.separator" value=":"/>
    <property name="java.security.egd" value="file:///dev/urandom"/>
    <property name="os.version" value="5.3.0-1028-azure"/>
    <property name="java.endorsed.dirs" value="/usr/lib/jvm/java-1.8.0-openjdk-1.8.0.232.b09-0.el7_7.x86_64/jre/lib/endorsed"/>
    <property name="java.runtime.name" value="OpenJDK Runtime Environment"/>
    <property name="file.encoding" value="ANSI_X3.4-1968"/>
    <property name="java.vm.name" value="OpenJDK 64-Bit Server VM"/>
    <property name="test.build.webapps" value=""/>
    <property name="localRepository" value="/home/user/.m2/repository"/>
    <property name="java.vendor.url.bug" value="http://bugreport.sun.com/bugreport/"/>
    <property name="java.io.tmpdir" value="/tmp"/>
    <property name="require.test.libhadoop" value=""/>
    <property name="java.version" value="1.8.0_232"/>
    <property name="user.dir" value="/github/workspace/mnt/ozone/hadoop-ozone/integration-test"/>
    <property name="os.arch" value="amd64"/>
    <property name="java.vm.specification.name" value="Java Virtual Machine Specification"/>
    <property name="test.build.classes" value="/github/workspace/mnt/ozone/hadoop-ozone/integration-test/target/test-classes"/>
    <property name="java.awt.printerjob" value="sun.print.PSPrinterJob"/>
    <property name="sun.os.patch.level" value="unknown"/>
    <property name="hadoop.tmp.dir" value="/github/workspace/mnt/ozone/hadoop-ozone/integration-test/target/tmp"/>
    <property name="java.library.path" value="/usr/lib:/usr/java/packages/lib/amd64:/usr/lib64:/lib64:/lib:/usr/lib"/>
    <property name="java.vm.info" value="mixed mode"/>
    <property name="java.vendor" value="Oracle Corporation"/>
    <property name="java.vm.version" value="25.232-b09"/>
    <property name="java.ext.dirs" value="/usr/lib/jvm/java-1.8.0-openjdk-1.8.0.232.b09-0.el7_7.x86_64/jre/lib/ext:/usr/java/packages/lib/ext"/>
    <property name="sun.io.unicode.encoding" value="UnicodeLittle"/>
    <property name="java.class.version" value="52.0"/>
  </properties>
  <testcase name="testDeleteKeyWithSlowFollower" classname="org.apache.hadoop.ozone.client.rpc.TestDeleteWithSlowFollower" time="11.675">
    <failure type="java.lang.AssertionError">java.lang.AssertionError
	at org.junit.Assert.fail(Assert.java:86)
	at org.junit.Assert.assertTrue(Assert.java:41)
	at org.junit.Assert.assertTrue(Assert.java:52)
	at org.apache.hadoop.ozone.client.rpc.TestDeleteWithSlowFollower.testDeleteKeyWithSlowFollower(TestDeleteWithSlowFollower.java:279)
	at sun.reflect.NativeMethodAccessorImpl.invoke0(Native Method)
	at sun.reflect.NativeMethodAccessorImpl.invoke(NativeMethodAccessorImpl.java:62)
	at sun.reflect.DelegatingMethodAccessorImpl.invoke(DelegatingMethodAccessorImpl.java:43)
	at java.lang.reflect.Method.invoke(Method.java:498)
	at org.junit.runners.model.FrameworkMethod$1.runReflectiveCall(FrameworkMethod.java:47)
	at org.junit.internal.runners.model.ReflectiveCallable.run(ReflectiveCallable.java:12)
	at org.junit.runners.model.FrameworkMethod.invokeExplosively(FrameworkMethod.java:44)
	at org.junit.internal.runners.statements.InvokeMethod.evaluate(InvokeMethod.java:17)
	at org.junit.runners.ParentRunner.runLeaf(ParentRunner.java:271)
	at org.junit.runners.BlockJUnit4ClassRunner.runChild(BlockJUnit4ClassRunner.java:70)
	at org.junit.runners.BlockJUnit4ClassRunner.runChild(BlockJUnit4ClassRunner.java:50)
	at org.junit.runners.ParentRunner$3.run(ParentRunner.java:238)
	at org.junit.runners.ParentRunner$1.schedule(ParentRunner.java:63)
	at org.junit.runners.ParentRunner.runChildren(ParentRunner.java:236)
	at org.junit.runners.ParentRunner.access$000(ParentRunner.java:53)
	at org.junit.runners.ParentRunner$2.evaluate(ParentRunner.java:229)
	at org.junit.internal.runners.statements.RunBefores.evaluate(RunBefores.java:26)
	at org.junit.internal.runners.statements.RunAfters.evaluate(RunAfters.java:27)
	at org.junit.runners.ParentRunner.run(ParentRunner.java:309)
	at org.apache.maven.surefire.junit4.JUnit4Provider.execute(JUnit4Provider.java:365)
	at org.apache.maven.surefire.junit4.JUnit4Provider.executeWithRerun(JUnit4Provider.java:273)
	at org.apache.maven.surefire.junit4.JUnit4Provider.executeTestSet(JUnit4Provider.java:238)
	at org.apache.maven.surefire.junit4.JUnit4Provider.invoke(JUnit4Provider.java:159)
	at org.apache.maven.surefire.booter.ForkedBooter.invokeProviderInSameClassLoader(ForkedBooter.java:384)
	at org.apache.maven.surefire.booter.ForkedBooter.runSuitesInProcess(ForkedBooter.java:345)
	at org.apache.maven.surefire.booter.ForkedBooter.execute(ForkedBooter.java:126)
	at org.apache.maven.surefire.booter.ForkedBooter.main(ForkedBooter.java:418)
</failure>
    <system-out><![CDATA[2020-06-29 13:09:30,138 [main] WARN  server.ServerUtils (ServerUtils.java:getScmDbDir(148)) - ozone.scm.db.dirs is not configured. We recommend adding this setting. Falling back to ozone.metadata.dirs instead.
2020-06-29 13:09:30,220 [main] WARN  server.ServerUtils (ServerUtils.java:getScmDbDir(148)) - ozone.scm.db.dirs is not configured. We recommend adding this setting. Falling back to ozone.metadata.dirs instead.
2020-06-29 13:09:30,407 [main] WARN  db.DBStoreBuilder (DBStoreBuilder.java:createDBStoreBuilder(277)) - ozone.scm.db.dirs is not configured. We recommend adding this setting. Falling back to ozone.metadata.dirs instead.
2020-06-29 13:09:30,544 [main] INFO  net.NodeSchemaLoader (NodeSchemaLoader.java:loadSchemaFromFile(126)) - Loading file from sun.misc.CompoundEnumeration@452ba1db
2020-06-29 13:09:30,546 [main] INFO  net.NodeSchemaLoader (NodeSchemaLoader.java:loadSchema(172)) - Loading network topology layer schema file
2020-06-29 13:09:30,616 [main] WARN  server.ServerUtils (ServerUtils.java:sanitizeUserArgs(73)) - ozone.scm.stale.node.interval value = 1000000 is larger than max = 100000 based on the key value of ozone.scm.heartbeat.thread.interval, reset to the max value 100000.
2020-06-29 13:09:30,617 [main] WARN  server.ServerUtils (ServerUtils.java:sanitizeUserArgs(73)) - ozone.scm.stale.node.interval value = 1000000 is larger than max = 100000 based on the key value of ozone.scm.heartbeat.thread.interval, reset to the max value 100000.
2020-06-29 13:09:30,619 [main] INFO  node.SCMNodeManager (SCMNodeManager.java:<init>(116)) - Entering startup safe mode.
2020-06-29 13:09:30,734 [main] INFO  algorithms.ContainerPlacementPolicyFactory (ContainerPlacementPolicyFactory.java:getPolicy(60)) - Create container placement policy of type org.apache.hadoop.hdds.scm.container.placement.algorithms.SCMContainerPlacementRandom
2020-06-29 13:09:30,760 [main] INFO  pipeline.SCMPipelineManager (SCMPipelineManager.java:initializePipelineState(158)) - No pipeline exists in current db
2020-06-29 13:09:30,838 [main] INFO  safemode.HealthyPipelineSafeModeRule (HealthyPipelineSafeModeRule.java:<init>(89)) - Total pipeline count is 0, healthy pipeline threshold count is 0
2020-06-29 13:09:30,841 [main] INFO  safemode.OneReplicaPipelineSafeModeRule (OneReplicaPipelineSafeModeRule.java:<init>(79)) - Total pipeline count is 0, pipeline's with at least one datanode reported threshold count is 0
2020-06-29 13:09:30,881 [RatisPipelineUtilsThread] ERROR pipeline.SCMPipelineManager (SCMPipelineManager.java:createPipeline(222)) - Failed to create pipeline of type RATIS and factor ONE. Exception: Cannot create pipeline of factor 1 using 0 nodes. Used 0 nodes. Healthy nodes 0
2020-06-29 13:09:31,245 [main] INFO  ipc.CallQueueManager (CallQueueManager.java:<init>(84)) - Using callQueue: class java.util.concurrent.LinkedBlockingQueue, queueCapacity: 2000, scheduler: class org.apache.hadoop.ipc.DefaultRpcScheduler, ipcBackoff: false.
2020-06-29 13:09:31,268 [Socket Reader #1 for port 0] INFO  ipc.Server (Server.java:run(1219)) - Starting Socket Reader #1 for port 0
2020-06-29 13:09:31,297 [Listener at 0.0.0.0/35059] INFO  ipc.CallQueueManager (CallQueueManager.java:<init>(84)) - Using callQueue: class java.util.concurrent.LinkedBlockingQueue, queueCapacity: 2000, scheduler: class org.apache.hadoop.ipc.DefaultRpcScheduler, ipcBackoff: false.
2020-06-29 13:09:31,298 [Socket Reader #1 for port 0] INFO  ipc.Server (Server.java:run(1219)) - Starting Socket Reader #1 for port 0
2020-06-29 13:09:31,312 [Listener at 0.0.0.0/40115] INFO  ipc.CallQueueManager (CallQueueManager.java:<init>(84)) - Using callQueue: class java.util.concurrent.LinkedBlockingQueue, queueCapacity: 2000, scheduler: class org.apache.hadoop.ipc.DefaultRpcScheduler, ipcBackoff: false.
2020-06-29 13:09:31,316 [Socket Reader #1 for port 0] INFO  ipc.Server (Server.java:run(1219)) - Starting Socket Reader #1 for port 0
2020-06-29 13:09:31,340 [Listener at 0.0.0.0/38411] INFO  http.BaseHttpServer (BaseHttpServer.java:newHttpServer2BuilderForOzone(207)) - Starting Web-server for scm at: http://0.0.0.0:0
2020-06-29 13:09:31,340 [Listener at 0.0.0.0/38411] INFO  http.BaseHttpServer (BaseHttpServer.java:<init>(106)) - Hadoop Security Enabled: false Ozone Security Enabled: false Ozone HTTP Security Enabled: false 
2020-06-29 13:09:31,367 [Listener at 0.0.0.0/38411] INFO  util.log (Log.java:initialized(169)) - Logging initialized @2286ms to org.eclipse.jetty.util.log.Slf4jLog
2020-06-29 13:09:31,487 [Listener at 0.0.0.0/38411] INFO  server.AuthenticationFilter (AuthenticationFilter.java:constructSecretProvider(240)) - Unable to initialize FileSignerSecretProvider, falling back to use random secrets.
2020-06-29 13:09:31,503 [Listener at 0.0.0.0/38411] WARN  http.HttpRequestLog (HttpRequestLog.java:getRequestLog(103)) - Jetty request log can only be enabled using Log4j
2020-06-29 13:09:31,508 [Listener at 0.0.0.0/38411] INFO  http.HttpServer2 (HttpServer2.java:addGlobalFilter(997)) - Added global filter 'safety' (class=org.apache.hadoop.hdds.server.http.HttpServer2$QuotingInputFilter)
2020-06-29 13:09:31,510 [Listener at 0.0.0.0/38411] INFO  http.HttpServer2 (HttpServer2.java:addFilter(973)) - Added filter static_user_filter (class=org.apache.hadoop.http.lib.StaticUserWebFilter$StaticUserFilter) to context scm
2020-06-29 13:09:31,511 [Listener at 0.0.0.0/38411] INFO  http.HttpServer2 (HttpServer2.java:addFilter(981)) - Added filter static_user_filter (class=org.apache.hadoop.http.lib.StaticUserWebFilter$StaticUserFilter) to context static
2020-06-29 13:09:31,511 [Listener at 0.0.0.0/38411] INFO  http.HttpServer2 (HttpServer2.java:addFilter(981)) - Added filter static_user_filter (class=org.apache.hadoop.http.lib.StaticUserWebFilter$StaticUserFilter) to context logs
2020-06-29 13:09:31,566 [Listener at 0.0.0.0/38411] INFO  server.StorageContainerManager (StorageContainerManager.java:start(782)) - StorageContainerLocationProtocol RPC server is listening at /0.0.0.0:38411
2020-06-29 13:09:31,618 [Listener at 0.0.0.0/38411] WARN  impl.MetricsConfig (MetricsConfig.java:loadFirst(134)) - Cannot locate configuration: tried hadoop-metrics2-storagecontainermanager.properties,hadoop-metrics2.properties
2020-06-29 13:09:31,632 [Listener at 0.0.0.0/38411] INFO  impl.MetricsSystemImpl (MetricsSystemImpl.java:startTimer(374)) - Scheduled Metric snapshot period at 10 second(s).
2020-06-29 13:09:31,632 [Listener at 0.0.0.0/38411] INFO  impl.MetricsSystemImpl (MetricsSystemImpl.java:start(191)) - StorageContainerManager metrics system started
2020-06-29 13:09:31,856 [Listener at 0.0.0.0/38411] INFO  server.SCMClientProtocolServer (SCMClientProtocolServer.java:start(156)) - RPC server for Client  is listening at /0.0.0.0:38411
2020-06-29 13:09:31,860 [IPC Server Responder] INFO  ipc.Server (Server.java:run(1460)) - IPC Server Responder: starting
2020-06-29 13:09:31,865 [IPC Server listener on 0] INFO  ipc.Server (Server.java:run(1298)) - IPC Server listener on 0: starting
2020-06-29 13:09:31,880 [Listener at 0.0.0.0/38411] INFO  server.StorageContainerManager (StorageContainerManager.java:start(794)) - ScmBlockLocationProtocol RPC server is listening at /0.0.0.0:40115
2020-06-29 13:09:31,881 [Listener at 0.0.0.0/38411] INFO  server.SCMBlockProtocolServer (SCMBlockProtocolServer.java:start(149)) - RPC server for Block Protocol is listening at /0.0.0.0:40115
2020-06-29 13:09:31,881 [IPC Server Responder] INFO  ipc.Server (Server.java:run(1460)) - IPC Server Responder: starting
2020-06-29 13:09:31,882 [IPC Server listener on 0] INFO  ipc.Server (Server.java:run(1298)) - IPC Server listener on 0: starting
2020-06-29 13:09:31,885 [Listener at 0.0.0.0/38411] INFO  server.StorageContainerManager (StorageContainerManager.java:start(800)) - ScmDatanodeProtocl RPC server is listening at /0.0.0.0:35059
2020-06-29 13:09:31,885 [Listener at 0.0.0.0/38411] INFO  server.SCMDatanodeProtocolServer (SCMDatanodeProtocolServer.java:start(172)) - RPC server for DataNodes is listening at /0.0.0.0:35059
2020-06-29 13:09:31,885 [IPC Server Responder] INFO  ipc.Server (Server.java:run(1460)) - IPC Server Responder: starting
2020-06-29 13:09:31,886 [IPC Server listener on 0] INFO  ipc.Server (Server.java:run(1298)) - IPC Server listener on 0: starting
2020-06-29 13:09:31,891 [Listener at 0.0.0.0/38411] INFO  http.HttpServer2 (HttpServer2.java:bindListener(1215)) - Jetty bound to port 35487
2020-06-29 13:09:31,893 [Listener at 0.0.0.0/38411] INFO  server.Server (Server.java:doStart(359)) - jetty-9.4.26.v20200117; built: 2020-01-17T12:35:33.676Z; git: 7b38981d25d14afb4a12ff1f2596756144edf695; jvm 1.8.0_232-b09
2020-06-29 13:09:31,922 [Listener at 0.0.0.0/38411] INFO  server.session (DefaultSessionIdManager.java:doStart(333)) - DefaultSessionIdManager workerName=node0
2020-06-29 13:09:31,922 [Listener at 0.0.0.0/38411] INFO  server.session (DefaultSessionIdManager.java:doStart(338)) - No SessionScavenger set, using defaults
2020-06-29 13:09:31,924 [Listener at 0.0.0.0/38411] INFO  server.session (HouseKeeper.java:startScavenging(140)) - node0 Scavenging every 600000ms
2020-06-29 13:09:31,937 [Listener at 0.0.0.0/38411] INFO  handler.ContextHandler (ContextHandler.java:doStart(825)) - Started o.e.j.s.ServletContextHandler@63f6bed1{logs,/logs,file:///github/workspace/mnt/ozone/hadoop-ozone/integration-test/target/log,AVAILABLE}
2020-06-29 13:09:31,937 [Listener at 0.0.0.0/38411] INFO  handler.ContextHandler (ContextHandler.java:doStart(825)) - Started o.e.j.s.ServletContextHandler@32120956{static,/static,file:///github/workspace/mnt/ozone/hadoop-ozone/integration-test/target/test-classes/webapps/static,AVAILABLE}
2020-06-29 13:09:31,978 [Listener at 0.0.0.0/38411] INFO  handler.ContextHandler (ContextHandler.java:doStart(825)) - Started o.e.j.w.WebAppContext@3b35798{scm,/,file:///github/workspace/mnt/ozone/hadoop-ozone/integration-test/target/test-classes/webapps/scm/,AVAILABLE}{file:/github/workspace/mnt/ozone/hadoop-ozone/integration-test/target/test-classes/webapps/scm}
2020-06-29 13:09:31,987 [Listener at 0.0.0.0/38411] INFO  server.AbstractConnector (AbstractConnector.java:doStart(330)) - Started ServerConnector@4cc65c2{HTTP/1.1,[http/1.1]}{0.0.0.0:35487}
2020-06-29 13:09:31,987 [Listener at 0.0.0.0/38411] INFO  server.Server (Server.java:doStart(399)) - Started @2906ms
2020-06-29 13:09:31,992 [Listener at 0.0.0.0/38411] INFO  impl.MetricsSinkAdapter (MetricsSinkAdapter.java:start(204)) - Sink prometheus started
2020-06-29 13:09:31,992 [Listener at 0.0.0.0/38411] INFO  impl.MetricsSystemImpl (MetricsSystemImpl.java:registerSink(301)) - Registered sink prometheus
2020-06-29 13:09:31,996 [Listener at 0.0.0.0/38411] INFO  http.BaseHttpServer (BaseHttpServer.java:updateConnectorAddress(327)) - HTTP server of scm listening at http://0.0.0.0:35487
2020-06-29 13:09:32,005 [Listener at 0.0.0.0/38411] WARN  server.ServerUtils (ServerUtils.java:getDBPath(225)) - ozone.om.db.dirs is not configured. We recommend adding this setting. Falling back to ozone.metadata.dirs instead.
2020-06-29 13:09:32,017 [org.apache.hadoop.util.JvmPauseMonitor$Monitor@626b639e] INFO  util.JvmPauseMonitor (JvmPauseMonitor.java:run(188)) - Starting JVM pause monitor
2020-06-29 13:09:32,105 [Listener at 0.0.0.0/38411] INFO  ha.OMHANodeDetails (OMHANodeDetails.java:loadOMHAConfig(104)) - ozone.om.internal.service.id is not defined, falling back to ozone.om.service.ids to find serviceID for OzoneManager if it is HA enabled cluster
2020-06-29 13:09:32,108 [Listener at 0.0.0.0/38411] INFO  ha.OMHANodeDetails (OMHANodeDetails.java:loadOMHAConfig(213)) - Configuration either no ozone.om.address set. Falling back to the default OM address /127.0.0.1:0
2020-06-29 13:09:32,108 [Listener at 0.0.0.0/38411] INFO  ha.OMHANodeDetails (OMHANodeDetails.java:getOMNodeDetails(241)) - OM Service ID is not set. Setting it to the default ID: omServiceIdDefault
2020-06-29 13:09:32,110 [Listener at 0.0.0.0/38411] WARN  server.ServerUtils (ServerUtils.java:getDBPath(225)) - ozone.om.db.dirs is not configured. We recommend adding this setting. Falling back to ozone.metadata.dirs instead.
2020-06-29 13:09:32,111 [Listener at 0.0.0.0/38411] WARN  server.ServerUtils (ServerUtils.java:getDBPath(225)) - ozone.om.db.dirs is not configured. We recommend adding this setting. Falling back to ozone.metadata.dirs instead.
2020-06-29 13:09:32,824 [Listener at 0.0.0.0/38411] WARN  server.ServerUtils (ServerUtils.java:getDBPath(225)) - ozone.om.db.dirs is not configured. We recommend adding this setting. Falling back to ozone.metadata.dirs instead.
2020-06-29 13:09:32,950 [Listener at 0.0.0.0/38411] INFO  ipc.CallQueueManager (CallQueueManager.java:<init>(84)) - Using callQueue: class java.util.concurrent.LinkedBlockingQueue, queueCapacity: 2000, scheduler: class org.apache.hadoop.ipc.DefaultRpcScheduler, ipcBackoff: false.
2020-06-29 13:09:32,952 [Socket Reader #1 for port 0] INFO  ipc.Server (Server.java:run(1219)) - Starting Socket Reader #1 for port 0
2020-06-29 13:09:32,977 [Listener at 127.0.0.1/44993] INFO  impl.MetricsSystemImpl (MetricsSystemImpl.java:init(158)) - OzoneManager metrics system started (again)
2020-06-29 13:09:32,979 [Listener at 127.0.0.1/44993] INFO  om.OzoneManager (OzoneManager.java:start(1083)) - OzoneManager RPC server is listening at localhost/127.0.0.1:44993
2020-06-29 13:09:33,004 [IPC Server Responder] INFO  ipc.Server (Server.java:run(1460)) - IPC Server Responder: starting
2020-06-29 13:09:33,005 [IPC Server listener on 0] INFO  ipc.Server (Server.java:run(1298)) - IPC Server listener on 0: starting
2020-06-29 13:09:33,036 [Listener at 127.0.0.1/44993] INFO  http.BaseHttpServer (BaseHttpServer.java:newHttpServer2BuilderForOzone(207)) - Starting Web-server for ozoneManager at: http://0.0.0.0:0
2020-06-29 13:09:33,036 [Listener at 127.0.0.1/44993] INFO  http.BaseHttpServer (BaseHttpServer.java:<init>(106)) - Hadoop Security Enabled: false Ozone Security Enabled: false Ozone HTTP Security Enabled: false 
2020-06-29 13:09:33,037 [Listener at 127.0.0.1/44993] INFO  server.AuthenticationFilter (AuthenticationFilter.java:constructSecretProvider(240)) - Unable to initialize FileSignerSecretProvider, falling back to use random secrets.
2020-06-29 13:09:33,038 [Listener at 127.0.0.1/44993] WARN  http.HttpRequestLog (HttpRequestLog.java:getRequestLog(103)) - Jetty request log can only be enabled using Log4j
2020-06-29 13:09:33,039 [Listener at 127.0.0.1/44993] INFO  http.HttpServer2 (HttpServer2.java:addGlobalFilter(997)) - Added global filter 'safety' (class=org.apache.hadoop.hdds.server.http.HttpServer2$QuotingInputFilter)
2020-06-29 13:09:33,040 [Listener at 127.0.0.1/44993] INFO  http.HttpServer2 (HttpServer2.java:addFilter(973)) - Added filter static_user_filter (class=org.apache.hadoop.http.lib.StaticUserWebFilter$StaticUserFilter) to context ozoneManager
2020-06-29 13:09:33,040 [Listener at 127.0.0.1/44993] INFO  http.HttpServer2 (HttpServer2.java:addFilter(981)) - Added filter static_user_filter (class=org.apache.hadoop.http.lib.StaticUserWebFilter$StaticUserFilter) to context logs
2020-06-29 13:09:33,040 [Listener at 127.0.0.1/44993] INFO  http.HttpServer2 (HttpServer2.java:addFilter(981)) - Added filter static_user_filter (class=org.apache.hadoop.http.lib.StaticUserWebFilter$StaticUserFilter) to context static
2020-06-29 13:09:33,043 [Listener at 127.0.0.1/44993] INFO  http.HttpServer2 (HttpServer2.java:bindListener(1215)) - Jetty bound to port 35381
2020-06-29 13:09:33,043 [Listener at 127.0.0.1/44993] INFO  server.Server (Server.java:doStart(359)) - jetty-9.4.26.v20200117; built: 2020-01-17T12:35:33.676Z; git: 7b38981d25d14afb4a12ff1f2596756144edf695; jvm 1.8.0_232-b09
2020-06-29 13:09:33,044 [Listener at 127.0.0.1/44993] INFO  server.session (DefaultSessionIdManager.java:doStart(333)) - DefaultSessionIdManager workerName=node0
2020-06-29 13:09:33,045 [Listener at 127.0.0.1/44993] INFO  server.session (DefaultSessionIdManager.java:doStart(338)) - No SessionScavenger set, using defaults
2020-06-29 13:09:33,045 [Listener at 127.0.0.1/44993] INFO  server.session (HouseKeeper.java:startScavenging(140)) - node0 Scavenging every 600000ms
2020-06-29 13:09:33,046 [Listener at 127.0.0.1/44993] INFO  handler.ContextHandler (ContextHandler.java:doStart(825)) - Started o.e.j.s.ServletContextHandler@284b487f{logs,/logs,file:///github/workspace/mnt/ozone/hadoop-ozone/integration-test/target/log,AVAILABLE}
2020-06-29 13:09:33,046 [Listener at 127.0.0.1/44993] INFO  handler.ContextHandler (ContextHandler.java:doStart(825)) - Started o.e.j.s.ServletContextHandler@630c3af3{static,/static,file:///github/workspace/mnt/ozone/hadoop-ozone/integration-test/target/test-classes/webapps/static,AVAILABLE}
2020-06-29 13:09:33,051 [Listener at 127.0.0.1/44993] INFO  handler.ContextHandler (ContextHandler.java:doStart(825)) - Started o.e.j.w.WebAppContext@63243c8f{ozoneManager,/,file:///github/workspace/mnt/ozone/hadoop-ozone/integration-test/target/test-classes/webapps/ozoneManager/,AVAILABLE}{file:/github/workspace/mnt/ozone/hadoop-ozone/integration-test/target/test-classes/webapps/ozoneManager}
2020-06-29 13:09:33,052 [Listener at 127.0.0.1/44993] INFO  server.AbstractConnector (AbstractConnector.java:doStart(330)) - Started ServerConnector@cfc4601{HTTP/1.1,[http/1.1]}{0.0.0.0:35381}
2020-06-29 13:09:33,052 [Listener at 127.0.0.1/44993] INFO  server.Server (Server.java:doStart(399)) - Started @3971ms
2020-06-29 13:09:33,052 [Listener at 127.0.0.1/44993] WARN  impl.MetricsSystemImpl (MetricsSystemImpl.java:register(276)) - Sink prometheus already exists!
2020-06-29 13:09:33,055 [Listener at 127.0.0.1/44993] INFO  http.BaseHttpServer (BaseHttpServer.java:updateConnectorAddress(327)) - HTTP server of ozoneManager listening at http://0.0.0.0:35381
2020-06-29 13:09:33,068 [org.apache.hadoop.util.JvmPauseMonitor$Monitor@599310ab] INFO  util.JvmPauseMonitor (JvmPauseMonitor.java:run(188)) - Starting JVM pause monitor
2020-06-29 13:09:33,158 [Listener at 127.0.0.1/44993] INFO  metrics.MetricRegistries (MetricRegistriesLoader.java:load(64)) - Loaded MetricRegistries class org.apache.ratis.metrics.impl.MetricRegistriesImpl
2020-06-29 13:09:33,159 [Listener at 127.0.0.1/44993] INFO  impl.MetricsSystemImpl (MetricsSystemImpl.java:init(158)) - HddsDatanode metrics system started (again)
2020-06-29 13:09:33,163 [Listener at 127.0.0.1/44993] INFO  ozone.HddsDatanodeService (HddsDatanodeService.java:start(197)) - HddsDatanodeService host:9283ae38f42b ip:172.17.0.2
2020-06-29 13:09:33,208 [Listener at 127.0.0.1/44993] INFO  volume.HddsVolume (HddsVolume.java:<init>(176)) - Creating Volume: /github/workspace/mnt/ozone/hadoop-ozone/integration-test/target/test-dir/MiniOzoneClusterImpl-881f34ed-8c6b-489e-be76-d623729a7973/datanode-0/data-0/containers/hdds of storage type : DISK and capacity : 9223372036854775807
2020-06-29 13:09:33,211 [Listener at 127.0.0.1/44993] INFO  volume.MutableVolumeSet (MutableVolumeSet.java:initializeVolumeSet(181)) - Added Volume : /github/workspace/mnt/ozone/hadoop-ozone/integration-test/target/test-dir/MiniOzoneClusterImpl-881f34ed-8c6b-489e-be76-d623729a7973/datanode-0/data-0/containers/hdds to VolumeSet
2020-06-29 13:09:33,212 [Listener at 127.0.0.1/44993] INFO  volume.ThrottledAsyncChecker (ThrottledAsyncChecker.java:schedule(141)) - Scheduling a check for /github/workspace/mnt/ozone/hadoop-ozone/integration-test/target/test-dir/MiniOzoneClusterImpl-881f34ed-8c6b-489e-be76-d623729a7973/datanode-0/data-0/containers/hdds
2020-06-29 13:09:33,232 [Listener at 127.0.0.1/44993] INFO  volume.HddsVolumeChecker (HddsVolumeChecker.java:checkAllVolumes(200)) - Scheduled health check for volume /github/workspace/mnt/ozone/hadoop-ozone/integration-test/target/test-dir/MiniOzoneClusterImpl-881f34ed-8c6b-489e-be76-d623729a7973/datanode-0/data-0/containers/hdds
2020-06-29 13:09:33,365 [Listener at 127.0.0.1/44993] INFO  impl.RaftServerProxy (ConfUtils.java:logGet(44)) - raft.rpc.type = GRPC (default)
2020-06-29 13:09:33,437 [Listener at 127.0.0.1/44993] INFO  grpc.GrpcFactory (GrpcFactory.java:checkPooledByteBufAllocatorUseCacheForAllThreads(45)) - PERFORMANCE WARNING: useCacheForAllThreads is true that may cause Netty to create a lot garbage objects and, as a result, trigger GC.
	It is recommended to disable useCacheForAllThreads by setting -Dorg.apache.ratis.thirdparty.io.netty.allocator.useCacheForAllThreads=false in command line.
2020-06-29 13:09:33,440 [Listener at 127.0.0.1/44993] INFO  grpc.GrpcConfigKeys (ConfUtils.java:logGet(44)) - raft.grpc.server.port = 0 (default)
2020-06-29 13:09:33,441 [Listener at 127.0.0.1/44993] INFO  server.GrpcService (ConfUtils.java:logGet(44)) - raft.grpc.message.size.max = 32MB (=33554432) (custom)
2020-06-29 13:09:33,442 [Listener at 127.0.0.1/44993] INFO  server.RaftServerConfigKeys (ConfUtils.java:logGet(44)) - raft.server.log.appender.buffer.byte-limit = 33554432 (custom)
2020-06-29 13:09:33,443 [Listener at 127.0.0.1/44993] INFO  server.GrpcService (ConfUtils.java:logGet(44)) - raft.grpc.flow.control.window = 5MB (=5242880) (custom)
2020-06-29 13:09:33,444 [Listener at 127.0.0.1/44993] INFO  server.RaftServerConfigKeys (ConfUtils.java:logGet(44)) - raft.server.rpc.request.timeout = 3s (default)
2020-06-29 13:09:33,677 [Listener at 127.0.0.1/44993] INFO  server.RaftServerConfigKeys (ConfUtils.java:logGet(44)) - raft.server.storage.dir = [/github/workspace/mnt/ozone/hadoop-ozone/integration-test/target/test-dir/MiniOzoneClusterImpl-881f34ed-8c6b-489e-be76-d623729a7973/datanode-0/data/ratis] (custom)
2020-06-29 13:09:33,779 [Listener at 127.0.0.1/44993] INFO  http.BaseHttpServer (BaseHttpServer.java:newHttpServer2BuilderForOzone(207)) - Starting Web-server for hddsDatanode at: http://0.0.0.0:0
2020-06-29 13:09:33,780 [Listener at 127.0.0.1/44993] INFO  http.BaseHttpServer (BaseHttpServer.java:<init>(106)) - Hadoop Security Enabled: false Ozone Security Enabled: false Ozone HTTP Security Enabled: false 
2020-06-29 13:09:33,781 [Listener at 127.0.0.1/44993] INFO  server.AuthenticationFilter (AuthenticationFilter.java:constructSecretProvider(240)) - Unable to initialize FileSignerSecretProvider, falling back to use random secrets.
2020-06-29 13:09:33,782 [Listener at 127.0.0.1/44993] WARN  http.HttpRequestLog (HttpRequestLog.java:getRequestLog(103)) - Jetty request log can only be enabled using Log4j
2020-06-29 13:09:33,784 [Listener at 127.0.0.1/44993] INFO  http.HttpServer2 (HttpServer2.java:addGlobalFilter(997)) - Added global filter 'safety' (class=org.apache.hadoop.hdds.server.http.HttpServer2$QuotingInputFilter)
2020-06-29 13:09:33,785 [Listener at 127.0.0.1/44993] INFO  http.HttpServer2 (HttpServer2.java:addFilter(973)) - Added filter static_user_filter (class=org.apache.hadoop.http.lib.StaticUserWebFilter$StaticUserFilter) to context hddsDatanode
2020-06-29 13:09:33,785 [Listener at 127.0.0.1/44993] INFO  http.HttpServer2 (HttpServer2.java:addFilter(981)) - Added filter static_user_filter (class=org.apache.hadoop.http.lib.StaticUserWebFilter$StaticUserFilter) to context logs
2020-06-29 13:09:33,785 [Listener at 127.0.0.1/44993] INFO  http.HttpServer2 (HttpServer2.java:addFilter(981)) - Added filter static_user_filter (class=org.apache.hadoop.http.lib.StaticUserWebFilter$StaticUserFilter) to context static
2020-06-29 13:09:33,786 [Listener at 127.0.0.1/44993] INFO  http.HttpServer2 (HttpServer2.java:bindListener(1215)) - Jetty bound to port 38703
2020-06-29 13:09:33,786 [Listener at 127.0.0.1/44993] INFO  server.Server (Server.java:doStart(359)) - jetty-9.4.26.v20200117; built: 2020-01-17T12:35:33.676Z; git: 7b38981d25d14afb4a12ff1f2596756144edf695; jvm 1.8.0_232-b09
2020-06-29 13:09:33,805 [Listener at 127.0.0.1/44993] INFO  server.session (DefaultSessionIdManager.java:doStart(333)) - DefaultSessionIdManager workerName=node0
2020-06-29 13:09:33,806 [Listener at 127.0.0.1/44993] INFO  server.session (DefaultSessionIdManager.java:doStart(338)) - No SessionScavenger set, using defaults
2020-06-29 13:09:33,806 [Listener at 127.0.0.1/44993] INFO  server.session (HouseKeeper.java:startScavenging(140)) - node0 Scavenging every 660000ms
2020-06-29 13:09:33,807 [Listener at 127.0.0.1/44993] INFO  handler.ContextHandler (ContextHandler.java:doStart(825)) - Started o.e.j.s.ServletContextHandler@332fc35c{logs,/logs,file:///github/workspace/mnt/ozone/hadoop-ozone/integration-test/target/log,AVAILABLE}
2020-06-29 13:09:33,808 [Listener at 127.0.0.1/44993] INFO  handler.ContextHandler (ContextHandler.java:doStart(825)) - Started o.e.j.s.ServletContextHandler@78e386a5{static,/static,jar:file:/home/user/.m2/repository/org/apache/hadoop/hadoop-hdds-container-service/0.6.0-SNAPSHOT/hadoop-hdds-container-service-0.6.0-SNAPSHOT.jar!/webapps/static,AVAILABLE}
2020-06-29 13:09:33,838 [Listener at 127.0.0.1/44993] INFO  handler.ContextHandler (ContextHandler.java:doStart(825)) - Started o.e.j.w.WebAppContext@384b718c{hddsDatanode,/,file:///tmp/jetty-0_0_0_0-38703-hadoop-hdds-container-service-0_6_0-SNAPSHOT_jar-_-any-3773072274438010313.dir/webapp/,AVAILABLE}{jar:file:/home/user/.m2/repository/org/apache/hadoop/hadoop-hdds-container-service/0.6.0-SNAPSHOT/hadoop-hdds-container-service-0.6.0-SNAPSHOT.jar!/webapps/hddsDatanode}
2020-06-29 13:09:33,839 [Listener at 127.0.0.1/44993] INFO  server.AbstractConnector (AbstractConnector.java:doStart(330)) - Started ServerConnector@44e19b99{HTTP/1.1,[http/1.1]}{0.0.0.0:38703}
2020-06-29 13:09:33,840 [Listener at 127.0.0.1/44993] INFO  server.Server (Server.java:doStart(399)) - Started @4759ms
2020-06-29 13:09:33,840 [Listener at 127.0.0.1/44993] WARN  impl.MetricsSystemImpl (MetricsSystemImpl.java:register(276)) - Sink prometheus already exists!
2020-06-29 13:09:33,843 [Listener at 127.0.0.1/44993] INFO  http.BaseHttpServer (BaseHttpServer.java:updateConnectorAddress(327)) - HTTP server of hddsDatanode listening at http://0.0.0.0:38703
2020-06-29 13:09:33,848 [Listener at 127.0.0.1/44993] INFO  impl.MetricsSystemImpl (MetricsSystemImpl.java:init(158)) - HddsDatanode metrics system started (again)
2020-06-29 13:09:33,851 [Listener at 127.0.0.1/44993] INFO  ozone.HddsDatanodeService (HddsDatanodeService.java:start(197)) - HddsDatanodeService host:9283ae38f42b ip:172.17.0.2
2020-06-29 13:09:33,856 [Listener at 127.0.0.1/44993] INFO  volume.HddsVolume (HddsVolume.java:<init>(176)) - Creating Volume: /github/workspace/mnt/ozone/hadoop-ozone/integration-test/target/test-dir/MiniOzoneClusterImpl-881f34ed-8c6b-489e-be76-d623729a7973/datanode-1/data-0/containers/hdds of storage type : DISK and capacity : 9223372036854775807
2020-06-29 13:09:33,857 [Listener at 127.0.0.1/44993] INFO  volume.MutableVolumeSet (MutableVolumeSet.java:initializeVolumeSet(181)) - Added Volume : /github/workspace/mnt/ozone/hadoop-ozone/integration-test/target/test-dir/MiniOzoneClusterImpl-881f34ed-8c6b-489e-be76-d623729a7973/datanode-1/data-0/containers/hdds to VolumeSet
2020-06-29 13:09:33,857 [Listener at 127.0.0.1/44993] INFO  volume.ThrottledAsyncChecker (ThrottledAsyncChecker.java:schedule(141)) - Scheduling a check for /github/workspace/mnt/ozone/hadoop-ozone/integration-test/target/test-dir/MiniOzoneClusterImpl-881f34ed-8c6b-489e-be76-d623729a7973/datanode-1/data-0/containers/hdds
2020-06-29 13:09:33,869 [Listener at 127.0.0.1/44993] INFO  volume.HddsVolumeChecker (HddsVolumeChecker.java:checkAllVolumes(200)) - Scheduled health check for volume /github/workspace/mnt/ozone/hadoop-ozone/integration-test/target/test-dir/MiniOzoneClusterImpl-881f34ed-8c6b-489e-be76-d623729a7973/datanode-1/data-0/containers/hdds
2020-06-29 13:09:33,892 [org.apache.hadoop.util.JvmPauseMonitor$Monitor@5b475ff1] INFO  util.JvmPauseMonitor (JvmPauseMonitor.java:run(188)) - Starting JVM pause monitor
2020-06-29 13:09:33,915 [Listener at 127.0.0.1/44993] INFO  impl.RaftServerProxy (ConfUtils.java:logGet(44)) - raft.rpc.type = GRPC (default)
2020-06-29 13:09:33,915 [Listener at 127.0.0.1/44993] INFO  grpc.GrpcFactory (GrpcFactory.java:checkPooledByteBufAllocatorUseCacheForAllThreads(45)) - PERFORMANCE WARNING: useCacheForAllThreads is true that may cause Netty to create a lot garbage objects and, as a result, trigger GC.
	It is recommended to disable useCacheForAllThreads by setting -Dorg.apache.ratis.thirdparty.io.netty.allocator.useCacheForAllThreads=false in command line.
2020-06-29 13:09:33,915 [Listener at 127.0.0.1/44993] INFO  grpc.GrpcConfigKeys (ConfUtils.java:logGet(44)) - raft.grpc.server.port = 0 (default)
2020-06-29 13:09:33,915 [Listener at 127.0.0.1/44993] INFO  server.GrpcService (ConfUtils.java:logGet(44)) - raft.grpc.message.size.max = 32MB (=33554432) (custom)
2020-06-29 13:09:33,916 [Listener at 127.0.0.1/44993] INFO  server.RaftServerConfigKeys (ConfUtils.java:logGet(44)) - raft.server.log.appender.buffer.byte-limit = 33554432 (custom)
2020-06-29 13:09:33,916 [Listener at 127.0.0.1/44993] INFO  server.GrpcService (ConfUtils.java:logGet(44)) - raft.grpc.flow.control.window = 5MB (=5242880) (custom)
2020-06-29 13:09:33,916 [Listener at 127.0.0.1/44993] INFO  server.RaftServerConfigKeys (ConfUtils.java:logGet(44)) - raft.server.rpc.request.timeout = 3s (default)
2020-06-29 13:09:33,918 [Listener at 127.0.0.1/44993] INFO  server.RaftServerConfigKeys (ConfUtils.java:logGet(44)) - raft.server.storage.dir = [/github/workspace/mnt/ozone/hadoop-ozone/integration-test/target/test-dir/MiniOzoneClusterImpl-881f34ed-8c6b-489e-be76-d623729a7973/datanode-1/data/ratis] (custom)
2020-06-29 13:09:33,929 [Listener at 127.0.0.1/44993] INFO  http.BaseHttpServer (BaseHttpServer.java:newHttpServer2BuilderForOzone(207)) - Starting Web-server for hddsDatanode at: http://0.0.0.0:0
2020-06-29 13:09:33,930 [Listener at 127.0.0.1/44993] INFO  http.BaseHttpServer (BaseHttpServer.java:<init>(106)) - Hadoop Security Enabled: false Ozone Security Enabled: false Ozone HTTP Security Enabled: false 
2020-06-29 13:09:33,931 [Listener at 127.0.0.1/44993] INFO  server.AuthenticationFilter (AuthenticationFilter.java:constructSecretProvider(240)) - Unable to initialize FileSignerSecretProvider, falling back to use random secrets.
2020-06-29 13:09:33,944 [Listener at 127.0.0.1/44993] WARN  http.HttpRequestLog (HttpRequestLog.java:getRequestLog(103)) - Jetty request log can only be enabled using Log4j
2020-06-29 13:09:33,945 [Listener at 127.0.0.1/44993] INFO  http.HttpServer2 (HttpServer2.java:addGlobalFilter(997)) - Added global filter 'safety' (class=org.apache.hadoop.hdds.server.http.HttpServer2$QuotingInputFilter)
2020-06-29 13:09:33,947 [Listener at 127.0.0.1/44993] INFO  http.HttpServer2 (HttpServer2.java:addFilter(973)) - Added filter static_user_filter (class=org.apache.hadoop.http.lib.StaticUserWebFilter$StaticUserFilter) to context hddsDatanode
2020-06-29 13:09:33,947 [Listener at 127.0.0.1/44993] INFO  http.HttpServer2 (HttpServer2.java:addFilter(981)) - Added filter static_user_filter (class=org.apache.hadoop.http.lib.StaticUserWebFilter$StaticUserFilter) to context logs
2020-06-29 13:09:33,947 [Listener at 127.0.0.1/44993] INFO  http.HttpServer2 (HttpServer2.java:addFilter(981)) - Added filter static_user_filter (class=org.apache.hadoop.http.lib.StaticUserWebFilter$StaticUserFilter) to context static
2020-06-29 13:09:33,947 [Listener at 127.0.0.1/44993] INFO  http.HttpServer2 (HttpServer2.java:bindListener(1215)) - Jetty bound to port 45069
2020-06-29 13:09:33,948 [Listener at 127.0.0.1/44993] INFO  server.Server (Server.java:doStart(359)) - jetty-9.4.26.v20200117; built: 2020-01-17T12:35:33.676Z; git: 7b38981d25d14afb4a12ff1f2596756144edf695; jvm 1.8.0_232-b09
2020-06-29 13:09:33,988 [Listener at 127.0.0.1/44993] INFO  server.session (DefaultSessionIdManager.java:doStart(333)) - DefaultSessionIdManager workerName=node0
2020-06-29 13:09:33,988 [Listener at 127.0.0.1/44993] INFO  server.session (DefaultSessionIdManager.java:doStart(338)) - No SessionScavenger set, using defaults
2020-06-29 13:09:33,989 [Listener at 127.0.0.1/44993] INFO  server.session (HouseKeeper.java:startScavenging(140)) - node0 Scavenging every 600000ms
2020-06-29 13:09:33,996 [Listener at 127.0.0.1/44993] INFO  handler.ContextHandler (ContextHandler.java:doStart(825)) - Started o.e.j.s.ServletContextHandler@270a3cef{logs,/logs,file:///github/workspace/mnt/ozone/hadoop-ozone/integration-test/target/log,AVAILABLE}
2020-06-29 13:09:33,997 [Listener at 127.0.0.1/44993] INFO  handler.ContextHandler (ContextHandler.java:doStart(825)) - Started o.e.j.s.ServletContextHandler@6f7e5e11{static,/static,jar:file:/home/user/.m2/repository/org/apache/hadoop/hadoop-hdds-container-service/0.6.0-SNAPSHOT/hadoop-hdds-container-service-0.6.0-SNAPSHOT.jar!/webapps/static,AVAILABLE}
2020-06-29 13:09:34,032 [Listener at 127.0.0.1/44993] INFO  handler.ContextHandler (ContextHandler.java:doStart(825)) - Started o.e.j.w.WebAppContext@3423f353{hddsDatanode,/,file:///tmp/jetty-0_0_0_0-45069-hadoop-hdds-container-service-0_6_0-SNAPSHOT_jar-_-any-8857528428545875332.dir/webapp/,AVAILABLE}{jar:file:/home/user/.m2/repository/org/apache/hadoop/hadoop-hdds-container-service/0.6.0-SNAPSHOT/hadoop-hdds-container-service-0.6.0-SNAPSHOT.jar!/webapps/hddsDatanode}
2020-06-29 13:09:34,037 [Listener at 127.0.0.1/44993] INFO  server.AbstractConnector (AbstractConnector.java:doStart(330)) - Started ServerConnector@44233014{HTTP/1.1,[http/1.1]}{0.0.0.0:45069}
2020-06-29 13:09:34,037 [Listener at 127.0.0.1/44993] INFO  server.Server (Server.java:doStart(399)) - Started @4956ms
2020-06-29 13:09:34,037 [Listener at 127.0.0.1/44993] WARN  impl.MetricsSystemImpl (MetricsSystemImpl.java:register(276)) - Sink prometheus already exists!
2020-06-29 13:09:34,045 [Datanode State Machine Thread - 0] INFO  datanode.InitDatanodeState (InitDatanodeState.java:persistContainerDatanodeDetails(145)) - DatanodeDetails is persisted to /github/workspace/mnt/ozone/hadoop-ozone/integration-test/target/test-dir/MiniOzoneClusterImpl-881f34ed-8c6b-489e-be76-d623729a7973/datanode-0/meta/datanode.id
2020-06-29 13:09:34,046 [Listener at 127.0.0.1/44993] INFO  http.BaseHttpServer (BaseHttpServer.java:updateConnectorAddress(327)) - HTTP server of hddsDatanode listening at http://0.0.0.0:45069
2020-06-29 13:09:34,046 [Listener at 127.0.0.1/44993] INFO  impl.MetricsSystemImpl (MetricsSystemImpl.java:init(158)) - HddsDatanode metrics system started (again)
2020-06-29 13:09:34,048 [Listener at 127.0.0.1/44993] INFO  ozone.HddsDatanodeService (HddsDatanodeService.java:start(197)) - HddsDatanodeService host:9283ae38f42b ip:172.17.0.2
2020-06-29 13:09:34,049 [Listener at 127.0.0.1/44993] INFO  volume.HddsVolume (HddsVolume.java:<init>(176)) - Creating Volume: /github/workspace/mnt/ozone/hadoop-ozone/integration-test/target/test-dir/MiniOzoneClusterImpl-881f34ed-8c6b-489e-be76-d623729a7973/datanode-2/data-0/containers/hdds of storage type : DISK and capacity : 9223372036854775807
2020-06-29 13:09:34,050 [Listener at 127.0.0.1/44993] INFO  volume.MutableVolumeSet (MutableVolumeSet.java:initializeVolumeSet(181)) - Added Volume : /github/workspace/mnt/ozone/hadoop-ozone/integration-test/target/test-dir/MiniOzoneClusterImpl-881f34ed-8c6b-489e-be76-d623729a7973/datanode-2/data-0/containers/hdds to VolumeSet
2020-06-29 13:09:34,050 [Listener at 127.0.0.1/44993] INFO  volume.ThrottledAsyncChecker (ThrottledAsyncChecker.java:schedule(141)) - Scheduling a check for /github/workspace/mnt/ozone/hadoop-ozone/integration-test/target/test-dir/MiniOzoneClusterImpl-881f34ed-8c6b-489e-be76-d623729a7973/datanode-2/data-0/containers/hdds
2020-06-29 13:09:34,051 [Listener at 127.0.0.1/44993] INFO  volume.HddsVolumeChecker (HddsVolumeChecker.java:checkAllVolumes(200)) - Scheduled health check for volume /github/workspace/mnt/ozone/hadoop-ozone/integration-test/target/test-dir/MiniOzoneClusterImpl-881f34ed-8c6b-489e-be76-d623729a7973/datanode-2/data-0/containers/hdds
2020-06-29 13:09:34,080 [Listener at 127.0.0.1/44993] INFO  impl.RaftServerProxy (ConfUtils.java:logGet(44)) - raft.rpc.type = GRPC (default)
2020-06-29 13:09:34,080 [Listener at 127.0.0.1/44993] INFO  grpc.GrpcFactory (GrpcFactory.java:checkPooledByteBufAllocatorUseCacheForAllThreads(45)) - PERFORMANCE WARNING: useCacheForAllThreads is true that may cause Netty to create a lot garbage objects and, as a result, trigger GC.
	It is recommended to disable useCacheForAllThreads by setting -Dorg.apache.ratis.thirdparty.io.netty.allocator.useCacheForAllThreads=false in command line.
2020-06-29 13:09:34,080 [Listener at 127.0.0.1/44993] INFO  grpc.GrpcConfigKeys (ConfUtils.java:logGet(44)) - raft.grpc.server.port = 0 (default)
2020-06-29 13:09:34,080 [Listener at 127.0.0.1/44993] INFO  server.GrpcService (ConfUtils.java:logGet(44)) - raft.grpc.message.size.max = 32MB (=33554432) (custom)
2020-06-29 13:09:34,081 [Listener at 127.0.0.1/44993] INFO  server.RaftServerConfigKeys (ConfUtils.java:logGet(44)) - raft.server.log.appender.buffer.byte-limit = 33554432 (custom)
2020-06-29 13:09:34,081 [Listener at 127.0.0.1/44993] INFO  server.GrpcService (ConfUtils.java:logGet(44)) - raft.grpc.flow.control.window = 5MB (=5242880) (custom)
2020-06-29 13:09:34,081 [Listener at 127.0.0.1/44993] INFO  server.RaftServerConfigKeys (ConfUtils.java:logGet(44)) - raft.server.rpc.request.timeout = 3s (default)
2020-06-29 13:09:34,082 [Listener at 127.0.0.1/44993] INFO  server.RaftServerConfigKeys (ConfUtils.java:logGet(44)) - raft.server.storage.dir = [/github/workspace/mnt/ozone/hadoop-ozone/integration-test/target/test-dir/MiniOzoneClusterImpl-881f34ed-8c6b-489e-be76-d623729a7973/datanode-2/data/ratis] (custom)
2020-06-29 13:09:34,089 [org.apache.hadoop.util.JvmPauseMonitor$Monitor@310acae] INFO  util.JvmPauseMonitor (JvmPauseMonitor.java:run(188)) - Starting JVM pause monitor
2020-06-29 13:09:34,091 [Listener at 127.0.0.1/44993] INFO  http.BaseHttpServer (BaseHttpServer.java:newHttpServer2BuilderForOzone(207)) - Starting Web-server for hddsDatanode at: http://0.0.0.0:0
2020-06-29 13:09:34,091 [Listener at 127.0.0.1/44993] INFO  http.BaseHttpServer (BaseHttpServer.java:<init>(106)) - Hadoop Security Enabled: false Ozone Security Enabled: false Ozone HTTP Security Enabled: false 
2020-06-29 13:09:34,093 [Listener at 127.0.0.1/44993] INFO  server.AuthenticationFilter (AuthenticationFilter.java:constructSecretProvider(240)) - Unable to initialize FileSignerSecretProvider, falling back to use random secrets.
2020-06-29 13:09:34,093 [Listener at 127.0.0.1/44993] WARN  http.HttpRequestLog (HttpRequestLog.java:getRequestLog(103)) - Jetty request log can only be enabled using Log4j
2020-06-29 13:09:34,094 [Listener at 127.0.0.1/44993] INFO  http.HttpServer2 (HttpServer2.java:addGlobalFilter(997)) - Added global filter 'safety' (class=org.apache.hadoop.hdds.server.http.HttpServer2$QuotingInputFilter)
2020-06-29 13:09:34,095 [Listener at 127.0.0.1/44993] INFO  http.HttpServer2 (HttpServer2.java:addFilter(973)) - Added filter static_user_filter (class=org.apache.hadoop.http.lib.StaticUserWebFilter$StaticUserFilter) to context hddsDatanode
2020-06-29 13:09:34,095 [Listener at 127.0.0.1/44993] INFO  http.HttpServer2 (HttpServer2.java:addFilter(981)) - Added filter static_user_filter (class=org.apache.hadoop.http.lib.StaticUserWebFilter$StaticUserFilter) to context static
2020-06-29 13:09:34,095 [Listener at 127.0.0.1/44993] INFO  http.HttpServer2 (HttpServer2.java:addFilter(981)) - Added filter static_user_filter (class=org.apache.hadoop.http.lib.StaticUserWebFilter$StaticUserFilter) to context logs
2020-06-29 13:09:34,104 [Listener at 127.0.0.1/44993] INFO  http.HttpServer2 (HttpServer2.java:bindListener(1215)) - Jetty bound to port 38469
2020-06-29 13:09:34,104 [Listener at 127.0.0.1/44993] INFO  server.Server (Server.java:doStart(359)) - jetty-9.4.26.v20200117; built: 2020-01-17T12:35:33.676Z; git: 7b38981d25d14afb4a12ff1f2596756144edf695; jvm 1.8.0_232-b09
2020-06-29 13:09:34,108 [Listener at 127.0.0.1/44993] INFO  server.session (DefaultSessionIdManager.java:doStart(333)) - DefaultSessionIdManager workerName=node0
2020-06-29 13:09:34,108 [Listener at 127.0.0.1/44993] INFO  server.session (DefaultSessionIdManager.java:doStart(338)) - No SessionScavenger set, using defaults
2020-06-29 13:09:34,108 [Listener at 127.0.0.1/44993] INFO  server.session (HouseKeeper.java:startScavenging(140)) - node0 Scavenging every 660000ms
2020-06-29 13:09:34,120 [Listener at 127.0.0.1/44993] INFO  handler.ContextHandler (ContextHandler.java:doStart(825)) - Started o.e.j.s.ServletContextHandler@2fad50f2{logs,/logs,file:///github/workspace/mnt/ozone/hadoop-ozone/integration-test/target/log,AVAILABLE}
2020-06-29 13:09:34,121 [Listener at 127.0.0.1/44993] INFO  handler.ContextHandler (ContextHandler.java:doStart(825)) - Started o.e.j.s.ServletContextHandler@135f760a{static,/static,jar:file:/home/user/.m2/repository/org/apache/hadoop/hadoop-hdds-container-service/0.6.0-SNAPSHOT/hadoop-hdds-container-service-0.6.0-SNAPSHOT.jar!/webapps/static,AVAILABLE}
2020-06-29 13:09:34,125 [Datanode State Machine Thread - 0] INFO  datanode.InitDatanodeState (InitDatanodeState.java:persistContainerDatanodeDetails(145)) - DatanodeDetails is persisted to /github/workspace/mnt/ozone/hadoop-ozone/integration-test/target/test-dir/MiniOzoneClusterImpl-881f34ed-8c6b-489e-be76-d623729a7973/datanode-1/meta/datanode.id
2020-06-29 13:09:34,139 [Listener at 127.0.0.1/44993] INFO  handler.ContextHandler (ContextHandler.java:doStart(825)) - Started o.e.j.w.WebAppContext@29ceefb3{hddsDatanode,/,file:///tmp/jetty-0_0_0_0-38469-hadoop-hdds-container-service-0_6_0-SNAPSHOT_jar-_-any-4620291072422241416.dir/webapp/,AVAILABLE}{jar:file:/home/user/.m2/repository/org/apache/hadoop/hadoop-hdds-container-service/0.6.0-SNAPSHOT/hadoop-hdds-container-service-0.6.0-SNAPSHOT.jar!/webapps/hddsDatanode}
2020-06-29 13:09:34,141 [Listener at 127.0.0.1/44993] INFO  server.AbstractConnector (AbstractConnector.java:doStart(330)) - Started ServerConnector@5a02fca5{HTTP/1.1,[http/1.1]}{0.0.0.0:38469}
2020-06-29 13:09:34,141 [Listener at 127.0.0.1/44993] INFO  server.Server (Server.java:doStart(399)) - Started @5060ms
2020-06-29 13:09:34,141 [Listener at 127.0.0.1/44993] WARN  impl.MetricsSystemImpl (MetricsSystemImpl.java:register(276)) - Sink prometheus already exists!
2020-06-29 13:09:34,144 [Listener at 127.0.0.1/44993] INFO  http.BaseHttpServer (BaseHttpServer.java:updateConnectorAddress(327)) - HTTP server of hddsDatanode listening at http://0.0.0.0:38469
2020-06-29 13:09:34,152 [Listener at 127.0.0.1/44993] INFO  ozone.MiniOzoneClusterImpl (MiniOzoneClusterImpl.java:lambda$waitForClusterToBeReady$0(177)) - Waiting for nodes to be ready. Got 0 of 3 DN Heartbeats.
2020-06-29 13:09:34,152 [Listener at 127.0.0.1/44993] INFO  ozone.MiniOzoneClusterImpl (MiniOzoneClusterImpl.java:lambda$waitForClusterToBeReady$0(180)) - Waiting for cluster to exit safe mode
2020-06-29 13:09:34,170 [org.apache.hadoop.util.JvmPauseMonitor$Monitor@61a01718] INFO  util.JvmPauseMonitor (JvmPauseMonitor.java:run(188)) - Starting JVM pause monitor
2020-06-29 13:09:34,172 [Datanode State Machine Thread - 0] INFO  datanode.InitDatanodeState (InitDatanodeState.java:persistContainerDatanodeDetails(145)) - DatanodeDetails is persisted to /github/workspace/mnt/ozone/hadoop-ozone/integration-test/target/test-dir/MiniOzoneClusterImpl-881f34ed-8c6b-489e-be76-d623729a7973/datanode-2/meta/datanode.id
2020-06-29 13:09:35,153 [Listener at 127.0.0.1/44993] INFO  ozone.MiniOzoneClusterImpl (MiniOzoneClusterImpl.java:lambda$waitForClusterToBeReady$0(177)) - Waiting for nodes to be ready. Got 0 of 3 DN Heartbeats.
2020-06-29 13:09:35,153 [Listener at 127.0.0.1/44993] INFO  ozone.MiniOzoneClusterImpl (MiniOzoneClusterImpl.java:lambda$waitForClusterToBeReady$0(180)) - Waiting for cluster to exit safe mode
2020-06-29 13:09:35,985 [Datanode State Machine Thread - 0] INFO  ozoneimpl.OzoneContainer (OzoneContainer.java:start(232)) - Attempting to start container services.
2020-06-29 13:09:35,986 [Datanode State Machine Thread - 0] INFO  ozoneimpl.OzoneContainer (OzoneContainer.java:startContainerScrub(196)) - Background container scanner has been disabled.
2020-06-29 13:09:35,986 [Datanode State Machine Thread - 0] INFO  ratis.XceiverServerRatis (XceiverServerRatis.java:start(425)) - Starting XceiverServerRatis 7ce633c1-842e-40bb-a1a9-f2b532568b9f at port 0
2020-06-29 13:09:36,011 [Datanode State Machine Thread - 0] INFO  impl.RaftServerProxy (RaftServerProxy.java:lambda$start$3(304)) - 7ce633c1-842e-40bb-a1a9-f2b532568b9f: start RPC server
2020-06-29 13:09:36,072 [Datanode State Machine Thread - 0] INFO  server.GrpcService (GrpcService.java:startImpl(160)) - 7ce633c1-842e-40bb-a1a9-f2b532568b9f: GrpcService started, listening on 0.0.0.0/0.0.0.0:46875
2020-06-29 13:09:36,072 [Datanode State Machine Thread - 0] INFO  ratis.XceiverServerRatis (XceiverServerRatis.java:start(437)) - XceiverServerRatis 7ce633c1-842e-40bb-a1a9-f2b532568b9f is started using port 46875
2020-06-29 13:09:36,076 [Datanode State Machine Thread - 0] INFO  server.XceiverServerGrpc (XceiverServerGrpc.java:start(145)) - XceiverServerGrpc 7ce633c1-842e-40bb-a1a9-f2b532568b9f is started using port 36707
2020-06-29 13:09:36,087 [Datanode State Machine Thread - 0] INFO  ozoneimpl.OzoneContainer (OzoneContainer.java:start(232)) - Attempting to start container services.
2020-06-29 13:09:36,105 [Datanode State Machine Thread - 0] INFO  ozoneimpl.OzoneContainer (OzoneContainer.java:startContainerScrub(196)) - Background container scanner has been disabled.
2020-06-29 13:09:36,106 [Datanode State Machine Thread - 0] INFO  ratis.XceiverServerRatis (XceiverServerRatis.java:start(425)) - Starting XceiverServerRatis e04a4dbc-64b8-4889-8fb1-17ca03074435 at port 0
2020-06-29 13:09:36,120 [Datanode State Machine Thread - 0] INFO  impl.RaftServerProxy (RaftServerProxy.java:lambda$start$3(304)) - e04a4dbc-64b8-4889-8fb1-17ca03074435: start RPC server
2020-06-29 13:09:36,135 [Datanode State Machine Thread - 0] INFO  server.GrpcService (GrpcService.java:startImpl(160)) - e04a4dbc-64b8-4889-8fb1-17ca03074435: GrpcService started, listening on 0.0.0.0/0.0.0.0:39681
2020-06-29 13:09:36,135 [Datanode State Machine Thread - 0] INFO  ratis.XceiverServerRatis (XceiverServerRatis.java:start(437)) - XceiverServerRatis e04a4dbc-64b8-4889-8fb1-17ca03074435 is started using port 39681
2020-06-29 13:09:36,138 [Datanode State Machine Thread - 0] INFO  server.XceiverServerGrpc (XceiverServerGrpc.java:start(145)) - XceiverServerGrpc e04a4dbc-64b8-4889-8fb1-17ca03074435 is started using port 34259
2020-06-29 13:09:36,153 [Listener at 127.0.0.1/44993] INFO  ozone.MiniOzoneClusterImpl (MiniOzoneClusterImpl.java:lambda$waitForClusterToBeReady$0(177)) - Waiting for nodes to be ready. Got 0 of 3 DN Heartbeats.
2020-06-29 13:09:36,154 [Listener at 127.0.0.1/44993] INFO  ozone.MiniOzoneClusterImpl (MiniOzoneClusterImpl.java:lambda$waitForClusterToBeReady$0(180)) - Waiting for cluster to exit safe mode
2020-06-29 13:09:36,175 [Datanode State Machine Thread - 0] INFO  ozoneimpl.OzoneContainer (OzoneContainer.java:start(232)) - Attempting to start container services.
2020-06-29 13:09:36,175 [Datanode State Machine Thread - 0] INFO  ozoneimpl.OzoneContainer (OzoneContainer.java:startContainerScrub(196)) - Background container scanner has been disabled.
2020-06-29 13:09:36,175 [Datanode State Machine Thread - 0] INFO  ratis.XceiverServerRatis (XceiverServerRatis.java:start(425)) - Starting XceiverServerRatis 9e94bc01-9abf-4ed9-a199-22f434113cf8 at port 0
2020-06-29 13:09:36,182 [Datanode State Machine Thread - 0] INFO  impl.RaftServerProxy (RaftServerProxy.java:lambda$start$3(304)) - 9e94bc01-9abf-4ed9-a199-22f434113cf8: start RPC server
2020-06-29 13:09:36,202 [Datanode State Machine Thread - 0] INFO  server.GrpcService (GrpcService.java:startImpl(160)) - 9e94bc01-9abf-4ed9-a199-22f434113cf8: GrpcService started, listening on 0.0.0.0/0.0.0.0:46225
2020-06-29 13:09:36,202 [Datanode State Machine Thread - 0] INFO  ratis.XceiverServerRatis (XceiverServerRatis.java:start(437)) - XceiverServerRatis 9e94bc01-9abf-4ed9-a199-22f434113cf8 is started using port 46225
2020-06-29 13:09:36,203 [Datanode State Machine Thread - 0] INFO  server.XceiverServerGrpc (XceiverServerGrpc.java:start(145)) - XceiverServerGrpc 9e94bc01-9abf-4ed9-a199-22f434113cf8 is started using port 45483
2020-06-29 13:09:37,154 [Listener at 127.0.0.1/44993] INFO  ozone.MiniOzoneClusterImpl (MiniOzoneClusterImpl.java:lambda$waitForClusterToBeReady$0(177)) - Waiting for nodes to be ready. Got 0 of 3 DN Heartbeats.
2020-06-29 13:09:37,154 [Listener at 127.0.0.1/44993] INFO  ozone.MiniOzoneClusterImpl (MiniOzoneClusterImpl.java:lambda$waitForClusterToBeReady$0(180)) - Waiting for cluster to exit safe mode
2020-06-29 13:09:37,919 [IPC Server handler 0 on default port 35059] INFO  net.NetworkTopology (NetworkTopologyImpl.java:add(111)) - Added a new node: /default-rack/7ce633c1-842e-40bb-a1a9-f2b532568b9f
2020-06-29 13:09:37,921 [IPC Server handler 0 on default port 35059] INFO  node.SCMNodeManager (SCMNodeManager.java:register(268)) - Registered Data node : 7ce633c1-842e-40bb-a1a9-f2b532568b9f{ip: 172.17.0.2, host: 9283ae38f42b, networkLocation: /default-rack, certSerialId: null}
2020-06-29 13:09:37,932 [EventQueue-NodeRegistrationContainerReportForDataNodeSafeModeRule] INFO  safemode.SCMSafeModeManager (DataNodeSafeModeRule.java:process(71)) - SCM in safe mode. 1 DataNodes registered, 1 required.
2020-06-29 13:09:37,932 [EventQueue-NodeRegistrationContainerReportForDataNodeSafeModeRule] INFO  safemode.SCMSafeModeManager (SCMSafeModeManager.java:validateSafeModeExitRules(214)) - DataNodeSafeModeRule rule is successfully validated
2020-06-29 13:09:37,932 [EventQueue-NodeRegistrationContainerReportForDataNodeSafeModeRule] INFO  safemode.SCMSafeModeManager (SCMSafeModeManager.java:completePreCheck(242)) - All SCM safe mode pre check rules have passed
2020-06-29 13:09:37,940 [EventQueue-NodeRegistrationContainerReportForContainerSafeModeRule] INFO  safemode.SCMSafeModeManager (SCMSafeModeManager.java:validateSafeModeExitRules(214)) - ContainerSafeModeRule rule is successfully validated
2020-06-29 13:09:37,944 [RatisPipelineUtilsThread] INFO  pipeline.RatisPipelineProvider (RatisPipelineProvider.java:lambda$create$0(138)) - Sending CreatePipelineCommand for pipeline:PipelineID=1447bf11-ec4b-4f43-a2b4-95afc23d56a2 to datanode:7ce633c1-842e-40bb-a1a9-f2b532568b9f
2020-06-29 13:09:37,962 [RatisPipelineUtilsThread] INFO  pipeline.PipelineStateManager (PipelineStateManager.java:addPipeline(54)) - Created pipeline Pipeline[ Id: 1447bf11-ec4b-4f43-a2b4-95afc23d56a2, Nodes: 7ce633c1-842e-40bb-a1a9-f2b532568b9f{ip: 172.17.0.2, host: 9283ae38f42b, networkLocation: /default-rack, certSerialId: null}, Type:RATIS, Factor:ONE, State:ALLOCATED, leaderId:, CreationTimestamp2020-06-29T13:09:37.938Z]
2020-06-29 13:09:37,966 [RatisPipelineUtilsThread] ERROR pipeline.SCMPipelineManager (SCMPipelineManager.java:createPipeline(222)) - Failed to create pipeline of type RATIS and factor ONE. Exception: Cannot create pipeline of factor 1 using 0 nodes. Used 1 nodes. Healthy nodes 1
2020-06-29 13:09:37,966 [RatisPipelineUtilsThread] WARN  pipeline.PipelinePlacementPolicy (PipelinePlacementPolicy.java:filterViableNodes(133)) - Pipeline creation failed due to no sufficient healthy datanodes. Required 3. Found 1.
2020-06-29 13:09:37,966 [RatisPipelineUtilsThread] ERROR pipeline.SCMPipelineManager (SCMPipelineManager.java:createPipeline(222)) - Failed to create pipeline of type RATIS and factor THREE. Exception: Pipeline creation failed due to no sufficient healthy datanodes. Required 3. Found 1.
2020-06-29 13:09:38,084 [IPC Server handler 1 on default port 35059] INFO  net.NetworkTopology (NetworkTopologyImpl.java:add(111)) - Added a new node: /default-rack/e04a4dbc-64b8-4889-8fb1-17ca03074435
2020-06-29 13:09:38,084 [IPC Server handler 1 on default port 35059] INFO  node.SCMNodeManager (SCMNodeManager.java:register(268)) - Registered Data node : e04a4dbc-64b8-4889-8fb1-17ca03074435{ip: 172.17.0.2, host: 9283ae38f42b, networkLocation: /default-rack, certSerialId: null}
2020-06-29 13:09:38,085 [EventQueue-NodeRegistrationContainerReportForDataNodeSafeModeRule] INFO  safemode.SCMSafeModeManager (SCMSafeModeManager.java:validateSafeModeExitRules(214)) - DataNodeSafeModeRule rule is successfully validated
2020-06-29 13:09:38,085 [EventQueue-NodeRegistrationContainerReportForContainerSafeModeRule] INFO  safemode.SCMSafeModeManager (SCMSafeModeManager.java:validateSafeModeExitRules(214)) - ContainerSafeModeRule rule is successfully validated
2020-06-29 13:09:38,088 [RatisPipelineUtilsThread] INFO  pipeline.RatisPipelineProvider (RatisPipelineProvider.java:lambda$create$0(138)) - Sending CreatePipelineCommand for pipeline:PipelineID=10b90c81-0c84-483d-932b-a5dc2f9ae473 to datanode:e04a4dbc-64b8-4889-8fb1-17ca03074435
2020-06-29 13:09:38,088 [RatisPipelineUtilsThread] INFO  pipeline.PipelineStateManager (PipelineStateManager.java:addPipeline(54)) - Created pipeline Pipeline[ Id: 10b90c81-0c84-483d-932b-a5dc2f9ae473, Nodes: e04a4dbc-64b8-4889-8fb1-17ca03074435{ip: 172.17.0.2, host: 9283ae38f42b, networkLocation: /default-rack, certSerialId: null}, Type:RATIS, Factor:ONE, State:ALLOCATED, leaderId:, CreationTimestamp2020-06-29T13:09:38.088Z]
2020-06-29 13:09:38,089 [RatisPipelineUtilsThread] ERROR pipeline.SCMPipelineManager (SCMPipelineManager.java:createPipeline(222)) - Failed to create pipeline of type RATIS and factor ONE. Exception: Cannot create pipeline of factor 1 using 0 nodes. Used 2 nodes. Healthy nodes 2
2020-06-29 13:09:38,089 [RatisPipelineUtilsThread] WARN  pipeline.PipelinePlacementPolicy (PipelinePlacementPolicy.java:filterViableNodes(133)) - Pipeline creation failed due to no sufficient healthy datanodes. Required 3. Found 2.
2020-06-29 13:09:38,089 [RatisPipelineUtilsThread] ERROR pipeline.SCMPipelineManager (SCMPipelineManager.java:createPipeline(222)) - Failed to create pipeline of type RATIS and factor THREE. Exception: Pipeline creation failed due to no sufficient healthy datanodes. Required 3. Found 2.
2020-06-29 13:09:38,154 [Listener at 127.0.0.1/44993] INFO  ozone.MiniOzoneClusterImpl (MiniOzoneClusterImpl.java:lambda$waitForClusterToBeReady$0(177)) - Waiting for nodes to be ready. Got 2 of 3 DN Heartbeats.
2020-06-29 13:09:38,155 [Listener at 127.0.0.1/44993] INFO  ozone.MiniOzoneClusterImpl (MiniOzoneClusterImpl.java:lambda$waitForClusterToBeReady$0(180)) - Waiting for cluster to exit safe mode
2020-06-29 13:09:38,174 [IPC Server handler 4 on default port 35059] INFO  net.NetworkTopology (NetworkTopologyImpl.java:add(111)) - Added a new node: /default-rack/9e94bc01-9abf-4ed9-a199-22f434113cf8
2020-06-29 13:09:38,174 [IPC Server handler 4 on default port 35059] INFO  node.SCMNodeManager (SCMNodeManager.java:register(268)) - Registered Data node : 9e94bc01-9abf-4ed9-a199-22f434113cf8{ip: 172.17.0.2, host: 9283ae38f42b, networkLocation: /default-rack, certSerialId: null}
2020-06-29 13:09:38,175 [EventQueue-NodeRegistrationContainerReportForDataNodeSafeModeRule] INFO  safemode.SCMSafeModeManager (SCMSafeModeManager.java:validateSafeModeExitRules(214)) - DataNodeSafeModeRule rule is successfully validated
2020-06-29 13:09:38,175 [EventQueue-NodeRegistrationContainerReportForContainerSafeModeRule] INFO  safemode.SCMSafeModeManager (SCMSafeModeManager.java:validateSafeModeExitRules(214)) - ContainerSafeModeRule rule is successfully validated
2020-06-29 13:09:38,176 [RatisPipelineUtilsThread] INFO  pipeline.RatisPipelineProvider (RatisPipelineProvider.java:lambda$create$0(138)) - Sending CreatePipelineCommand for pipeline:PipelineID=957e88cb-48d6-4abd-82e1-4dfc99918e29 to datanode:9e94bc01-9abf-4ed9-a199-22f434113cf8
2020-06-29 13:09:38,177 [RatisPipelineUtilsThread] INFO  pipeline.PipelineStateManager (PipelineStateManager.java:addPipeline(54)) - Created pipeline Pipeline[ Id: 957e88cb-48d6-4abd-82e1-4dfc99918e29, Nodes: 9e94bc01-9abf-4ed9-a199-22f434113cf8{ip: 172.17.0.2, host: 9283ae38f42b, networkLocation: /default-rack, certSerialId: null}, Type:RATIS, Factor:ONE, State:ALLOCATED, leaderId:, CreationTimestamp2020-06-29T13:09:38.176Z]
2020-06-29 13:09:38,177 [RatisPipelineUtilsThread] ERROR pipeline.SCMPipelineManager (SCMPipelineManager.java:createPipeline(222)) - Failed to create pipeline of type RATIS and factor ONE. Exception: Cannot create pipeline of factor 1 using 0 nodes. Used 3 nodes. Healthy nodes 3
2020-06-29 13:09:38,188 [RatisPipelineUtilsThread] INFO  pipeline.RatisPipelineProvider (RatisPipelineProvider.java:lambda$create$0(138)) - Sending CreatePipelineCommand for pipeline:PipelineID=f633d165-1721-4193-a138-db16c94fd4a8 to datanode:7ce633c1-842e-40bb-a1a9-f2b532568b9f
2020-06-29 13:09:38,188 [RatisPipelineUtilsThread] INFO  pipeline.RatisPipelineProvider (RatisPipelineProvider.java:lambda$create$0(138)) - Sending CreatePipelineCommand for pipeline:PipelineID=f633d165-1721-4193-a138-db16c94fd4a8 to datanode:9e94bc01-9abf-4ed9-a199-22f434113cf8
2020-06-29 13:09:38,188 [RatisPipelineUtilsThread] INFO  pipeline.RatisPipelineProvider (RatisPipelineProvider.java:lambda$create$0(138)) - Sending CreatePipelineCommand for pipeline:PipelineID=f633d165-1721-4193-a138-db16c94fd4a8 to datanode:e04a4dbc-64b8-4889-8fb1-17ca03074435
2020-06-29 13:09:38,189 [RatisPipelineUtilsThread] INFO  pipeline.PipelineStateManager (PipelineStateManager.java:addPipeline(54)) - Created pipeline Pipeline[ Id: f633d165-1721-4193-a138-db16c94fd4a8, Nodes: 7ce633c1-842e-40bb-a1a9-f2b532568b9f{ip: 172.17.0.2, host: 9283ae38f42b, networkLocation: /default-rack, certSerialId: null}9e94bc01-9abf-4ed9-a199-22f434113cf8{ip: 172.17.0.2, host: 9283ae38f42b, networkLocation: /default-rack, certSerialId: null}e04a4dbc-64b8-4889-8fb1-17ca03074435{ip: 172.17.0.2, host: 9283ae38f42b, networkLocation: /default-rack, certSerialId: null}, Type:RATIS, Factor:THREE, State:ALLOCATED, leaderId:, CreationTimestamp2020-06-29T13:09:38.188Z]
2020-06-29 13:09:38,189 [RatisPipelineUtilsThread] ERROR pipeline.SCMPipelineManager (SCMPipelineManager.java:createPipeline(222)) - Failed to create pipeline of type RATIS and factor THREE. Exception: Pipeline creation failed because nodes are engaged in other pipelines and every node can only be engaged in max 2 pipelines. Required 3. Found 0
2020-06-29 13:09:39,155 [Listener at 127.0.0.1/44993] INFO  ozone.MiniOzoneClusterImpl (MiniOzoneClusterImpl.java:lambda$waitForClusterToBeReady$0(177)) - Nodes are ready. Got 3 of 3 DN Heartbeats.
2020-06-29 13:09:39,156 [Listener at 127.0.0.1/44993] INFO  ozone.MiniOzoneClusterImpl (MiniOzoneClusterImpl.java:lambda$waitForClusterToBeReady$0(180)) - Waiting for cluster to exit safe mode
2020-06-29 13:09:40,156 [Listener at 127.0.0.1/44993] INFO  ozone.MiniOzoneClusterImpl (MiniOzoneClusterImpl.java:lambda$waitForClusterToBeReady$0(177)) - Nodes are ready. Got 3 of 3 DN Heartbeats.
2020-06-29 13:09:40,156 [Listener at 127.0.0.1/44993] INFO  ozone.MiniOzoneClusterImpl (MiniOzoneClusterImpl.java:lambda$waitForClusterToBeReady$0(180)) - Waiting for cluster to exit safe mode
2020-06-29 13:09:40,911 [Command processor thread] INFO  impl.RaftServerProxy (RaftServerProxy.java:addNew(89)) - 7ce633c1-842e-40bb-a1a9-f2b532568b9f: addNew group-95AFC23D56A2:[7ce633c1-842e-40bb-a1a9-f2b532568b9f:172.17.0.2:46875] returns group-95AFC23D56A2:java.util.concurrent.CompletableFuture@3d4735ca[Not completed]
2020-06-29 13:09:40,928 [pool-33-thread-1] INFO  impl.RaftServerImpl (RaftServerImpl.java:<init>(99)) - 7ce633c1-842e-40bb-a1a9-f2b532568b9f: new RaftServerImpl for group-95AFC23D56A2:[7ce633c1-842e-40bb-a1a9-f2b532568b9f:172.17.0.2:46875] with ContainerStateMachine:uninitialized
2020-06-29 13:09:40,929 [pool-33-thread-1] INFO  server.RaftServerConfigKeys (ConfUtils.java:logGet(44)) - raft.server.rpc.timeout.min = 5s (custom)
2020-06-29 13:09:40,929 [pool-33-thread-1] INFO  server.RaftServerConfigKeys (ConfUtils.java:logGet(44)) - raft.server.rpc.timeout.max = 5200ms (custom)
2020-06-29 13:09:40,929 [pool-33-thread-1] INFO  server.RaftServerConfigKeys (ConfUtils.java:logGet(44)) - raft.server.rpcslowness.timeout = 1000s (custom)
2020-06-29 13:09:40,930 [pool-33-thread-1] INFO  server.RaftServerConfigKeys (ConfUtils.java:logGet(44)) - raft.server.sleep.deviation.threshold = 300 (default)
2020-06-29 13:09:40,932 [pool-33-thread-1] INFO  server.RaftServerConfigKeys (ConfUtils.java:logGet(44)) - raft.server.log.appender.install.snapshot.enabled = false (custom)
2020-06-29 13:09:40,939 [pool-33-thread-1] INFO  impl.RaftServerImpl (ServerState.java:<init>(103)) - 7ce633c1-842e-40bb-a1a9-f2b532568b9f@group-95AFC23D56A2: ConfigurationManager, init=-1: [7ce633c1-842e-40bb-a1a9-f2b532568b9f:172.17.0.2:46875], old=null, confs=<EMPTY_MAP>
2020-06-29 13:09:40,939 [pool-33-thread-1] INFO  server.RaftServerConfigKeys (ConfUtils.java:logGet(44)) - raft.server.storage.dir = [/github/workspace/mnt/ozone/hadoop-ozone/integration-test/target/test-dir/MiniOzoneClusterImpl-881f34ed-8c6b-489e-be76-d623729a7973/datanode-0/data/ratis] (custom)
2020-06-29 13:09:40,946 [pool-33-thread-1] INFO  server.RaftServerConfigKeys (ConfUtils.java:logGet(44)) - raft.server.log.corruption.policy = EXCEPTION (default)
2020-06-29 13:09:40,947 [pool-33-thread-1] INFO  storage.RaftStorageDirectory (RaftStorageDirectory.java:analyzeStorage(261)) - The storage directory /github/workspace/mnt/ozone/hadoop-ozone/integration-test/target/test-dir/MiniOzoneClusterImpl-881f34ed-8c6b-489e-be76-d623729a7973/datanode-0/data/ratis/1447bf11-ec4b-4f43-a2b4-95afc23d56a2 does not exist. Creating ...
2020-06-29 13:09:40,952 [pool-33-thread-1] INFO  storage.RaftStorageDirectory (RaftStorageDirectory.java:tryLock(343)) - Lock on /github/workspace/mnt/ozone/hadoop-ozone/integration-test/target/test-dir/MiniOzoneClusterImpl-881f34ed-8c6b-489e-be76-d623729a7973/datanode-0/data/ratis/1447bf11-ec4b-4f43-a2b4-95afc23d56a2/in_use.lock acquired by nodename 18806@9283ae38f42b
2020-06-29 13:09:40,955 [pool-33-thread-1] INFO  storage.RaftStorage (RaftStorage.java:format(84)) - Storage directory /github/workspace/mnt/ozone/hadoop-ozone/integration-test/target/test-dir/MiniOzoneClusterImpl-881f34ed-8c6b-489e-be76-d623729a7973/datanode-0/data/ratis/1447bf11-ec4b-4f43-a2b4-95afc23d56a2 has been successfully formatted.
2020-06-29 13:09:40,960 [pool-33-thread-1] INFO  ratis.ContainerStateMachine (ContainerStateMachine.java:loadSnapshot(226)) - group-95AFC23D56A2: The snapshot info is null. Setting the last applied indexto:(t:0, i:~)
2020-06-29 13:09:40,960 [EventQueue-PipelineReportForPipelineReportHandler] INFO  pipeline.PipelineStateManager (PipelineStateManager.java:openPipeline(131)) - Pipeline Pipeline[ Id: 1447bf11-ec4b-4f43-a2b4-95afc23d56a2, Nodes: 7ce633c1-842e-40bb-a1a9-f2b532568b9f{ip: 172.17.0.2, host: 9283ae38f42b, networkLocation: /default-rack, certSerialId: null}, Type:RATIS, Factor:ONE, State:ALLOCATED, leaderId:7ce633c1-842e-40bb-a1a9-f2b532568b9f, CreationTimestamp2020-06-29T13:09:37.938Z] moved to OPEN state
2020-06-29 13:09:40,961 [pool-33-thread-1] INFO  server.RaftServerConfigKeys (ConfUtils.java:logGet(44)) - raft.server.notification.no-leader.timeout = 60s (default)
2020-06-29 13:09:40,972 [EventQueue-OpenPipelineForOneReplicaPipelineSafeModeRule] INFO  safemode.SCMSafeModeManager (SCMSafeModeManager.java:validateSafeModeExitRules(214)) - AtleastOneDatanodeReportedRule rule is successfully validated
2020-06-29 13:09:40,976 [pool-33-thread-1] INFO  server.RaftServerConfigKeys (ConfUtils.java:logGet(44)) - raft.server.log.use.memory = false (default)
2020-06-29 13:09:40,979 [EventQueue-OpenPipelineForHealthyPipelineSafeModeRule] INFO  safemode.SCMSafeModeManager (HealthyPipelineSafeModeRule.java:process(129)) - SCM in safe mode. Healthy pipelines reported count is 0, required healthy pipeline reported count is 1
2020-06-29 13:09:40,985 [pool-33-thread-1] INFO  server.RaftServerConfigKeys (ConfUtils.java:logGet(44)) - raft.server.log.purge.gap = 1000000 (custom)
2020-06-29 13:09:40,986 [pool-33-thread-1] INFO  server.RaftServerConfigKeys (ConfUtils.java:logGet(44)) - raft.server.log.appender.buffer.byte-limit = 33554432 (custom)
2020-06-29 13:09:40,988 [pool-33-thread-1] INFO  server.RaftServerConfigKeys (ConfUtils.java:logGet(44)) - raft.server.log.segment.size.max = 1048576 (custom)
2020-06-29 13:09:40,991 [pool-33-thread-1] INFO  metrics.RatisMetrics (RatisMetrics.java:lambda$create$0(36)) - Creating Metrics Registry : ratis.log_worker.7ce633c1-842e-40bb-a1a9-f2b532568b9f@group-95AFC23D56A2
2020-06-29 13:09:41,012 [pool-33-thread-1] INFO  server.RaftServerConfigKeys (ConfUtils.java:logGet(44)) - raft.server.log.segment.cache.num.max = 2 (custom)
2020-06-29 13:09:41,021 [pool-33-thread-1] INFO  segmented.SegmentedRaftLogWorker (SegmentedRaftLogWorker.java:<init>(180)) - new 7ce633c1-842e-40bb-a1a9-f2b532568b9f@group-95AFC23D56A2-SegmentedRaftLogWorker for RaftStorage:Storage Directory /github/workspace/mnt/ozone/hadoop-ozone/integration-test/target/test-dir/MiniOzoneClusterImpl-881f34ed-8c6b-489e-be76-d623729a7973/datanode-0/data/ratis/1447bf11-ec4b-4f43-a2b4-95afc23d56a2
2020-06-29 13:09:41,021 [pool-33-thread-1] INFO  server.RaftServerConfigKeys (ConfUtils.java:logGet(44)) - raft.server.log.queue.byte-limit = 2147483647 (custom)
2020-06-29 13:09:41,022 [pool-33-thread-1] INFO  server.RaftServerConfigKeys (ConfUtils.java:logGet(44)) - raft.server.log.queue.element-limit = 1024 (custom)
2020-06-29 13:09:41,023 [pool-33-thread-1] INFO  server.RaftServerConfigKeys (ConfUtils.java:logGet(44)) - raft.server.log.segment.size.max = 1048576 (custom)
2020-06-29 13:09:41,024 [pool-33-thread-1] INFO  server.RaftServerConfigKeys (ConfUtils.java:logGet(44)) - raft.server.log.preallocated.size = 16384 (custom)
2020-06-29 13:09:41,024 [pool-33-thread-1] INFO  server.RaftServerConfigKeys (ConfUtils.java:logGet(44)) - raft.server.log.write.buffer.size = 1048576 (custom)
2020-06-29 13:09:41,024 [pool-33-thread-1] INFO  server.RaftServerConfigKeys (ConfUtils.java:logGet(44)) - raft.server.log.force.sync.num = 128 (default)
2020-06-29 13:09:41,027 [pool-33-thread-1] INFO  server.RaftServerConfigKeys (ConfUtils.java:logGet(44)) - raft.server.log.statemachine.data.sync = true (default)
2020-06-29 13:09:41,029 [pool-33-thread-1] INFO  server.RaftServerConfigKeys (ConfUtils.java:logGet(44)) - raft.server.log.statemachine.data.sync.timeout = 10s (default)
2020-06-29 13:09:41,029 [pool-33-thread-1] INFO  server.RaftServerConfigKeys (ConfUtils.java:logGet(44)) - raft.server.log.statemachine.data.sync.timeout.retry = -1 (default)
2020-06-29 13:09:41,044 [pool-33-thread-1] INFO  server.RaftServerConfigKeys (ConfUtils.java:logGet(44)) - raft.server.log.statemachine.data.caching.enabled = true (custom)
2020-06-29 13:09:41,049 [pool-33-thread-1] INFO  segmented.SegmentedRaftLogWorker (SegmentedRaftLogWorker.java:lambda$new$0(129)) - 7ce633c1-842e-40bb-a1a9-f2b532568b9f@group-95AFC23D56A2-SegmentedRaftLogWorker: flushIndex: setUnconditionally 0 -> -1
2020-06-29 13:09:41,050 [pool-33-thread-1] INFO  segmented.SegmentedRaftLogWorker (SegmentedRaftLogWorker.java:lambda$new$0(129)) - 7ce633c1-842e-40bb-a1a9-f2b532568b9f@group-95AFC23D56A2-SegmentedRaftLogWorker: safeCacheEvictIndex: setUnconditionally 0 -> -1
2020-06-29 13:09:41,059 [pool-33-thread-1] INFO  server.RaftServerConfigKeys (ConfUtils.java:logGet(44)) - raft.server.snapshot.auto.trigger.enabled = true (custom)
2020-06-29 13:09:41,061 [pool-33-thread-1] INFO  server.RaftServerConfigKeys (ConfUtils.java:logGet(44)) - raft.server.snapshot.auto.trigger.threshold = 10000 (custom)
2020-06-29 13:09:41,061 [pool-33-thread-1] INFO  server.RaftServerConfigKeys (ConfUtils.java:logGet(44)) - raft.server.snapshot.retention.file.num = 5 (custom)
2020-06-29 13:09:41,062 [pool-33-thread-1] INFO  server.RaftServerConfigKeys (ConfUtils.java:logGet(44)) - raft.server.log.purge.upto.snapshot.index = false (default)
2020-06-29 13:09:41,063 [pool-33-thread-1] INFO  server.RaftServerConfigKeys (ConfUtils.java:logGet(44)) - raft.server.retrycache.expirytime = 600000ms (custom)
2020-06-29 13:09:41,089 [Command processor thread] INFO  impl.RaftServerProxy (RaftServerProxy.java:addNew(89)) - e04a4dbc-64b8-4889-8fb1-17ca03074435: addNew group-A5DC2F9AE473:[e04a4dbc-64b8-4889-8fb1-17ca03074435:172.17.0.2:39681] returns group-A5DC2F9AE473:java.util.concurrent.CompletableFuture@6fb41a26[Not completed]
2020-06-29 13:09:41,092 [pool-33-thread-1] INFO  metrics.RatisMetrics (RatisMetrics.java:lambda$create$0(36)) - Creating Metrics Registry : ratis.leader_election.7ce633c1-842e-40bb-a1a9-f2b532568b9f@group-95AFC23D56A2
2020-06-29 13:09:41,101 [pool-48-thread-1] INFO  impl.RaftServerImpl (RaftServerImpl.java:<init>(99)) - e04a4dbc-64b8-4889-8fb1-17ca03074435: new RaftServerImpl for group-A5DC2F9AE473:[e04a4dbc-64b8-4889-8fb1-17ca03074435:172.17.0.2:39681] with ContainerStateMachine:uninitialized
2020-06-29 13:09:41,104 [pool-48-thread-1] INFO  server.RaftServerConfigKeys (ConfUtils.java:logGet(44)) - raft.server.rpc.timeout.min = 5s (custom)
2020-06-29 13:09:41,104 [pool-48-thread-1] INFO  server.RaftServerConfigKeys (ConfUtils.java:logGet(44)) - raft.server.rpc.timeout.max = 5200ms (custom)
2020-06-29 13:09:41,104 [pool-48-thread-1] INFO  server.RaftServerConfigKeys (ConfUtils.java:logGet(44)) - raft.server.rpcslowness.timeout = 1000s (custom)
2020-06-29 13:09:41,105 [pool-48-thread-1] INFO  server.RaftServerConfigKeys (ConfUtils.java:logGet(44)) - raft.server.sleep.deviation.threshold = 300 (default)
2020-06-29 13:09:41,105 [pool-48-thread-1] INFO  server.RaftServerConfigKeys (ConfUtils.java:logGet(44)) - raft.server.log.appender.install.snapshot.enabled = false (custom)
2020-06-29 13:09:41,105 [pool-48-thread-1] INFO  impl.RaftServerImpl (ServerState.java:<init>(103)) - e04a4dbc-64b8-4889-8fb1-17ca03074435@group-A5DC2F9AE473: ConfigurationManager, init=-1: [e04a4dbc-64b8-4889-8fb1-17ca03074435:172.17.0.2:39681], old=null, confs=<EMPTY_MAP>
2020-06-29 13:09:41,105 [pool-48-thread-1] INFO  server.RaftServerConfigKeys (ConfUtils.java:logGet(44)) - raft.server.storage.dir = [/github/workspace/mnt/ozone/hadoop-ozone/integration-test/target/test-dir/MiniOzoneClusterImpl-881f34ed-8c6b-489e-be76-d623729a7973/datanode-1/data/ratis] (custom)
2020-06-29 13:09:41,105 [pool-48-thread-1] INFO  server.RaftServerConfigKeys (ConfUtils.java:logGet(44)) - raft.server.log.corruption.policy = EXCEPTION (default)
2020-06-29 13:09:41,105 [pool-33-thread-1] INFO  metrics.RatisMetrics (RatisMetrics.java:lambda$create$0(36)) - Creating Metrics Registry : ratis.server.7ce633c1-842e-40bb-a1a9-f2b532568b9f@group-95AFC23D56A2
2020-06-29 13:09:41,105 [pool-48-thread-1] INFO  storage.RaftStorageDirectory (RaftStorageDirectory.java:analyzeStorage(261)) - The storage directory /github/workspace/mnt/ozone/hadoop-ozone/integration-test/target/test-dir/MiniOzoneClusterImpl-881f34ed-8c6b-489e-be76-d623729a7973/datanode-1/data/ratis/10b90c81-0c84-483d-932b-a5dc2f9ae473 does not exist. Creating ...
2020-06-29 13:09:41,109 [pool-48-thread-1] INFO  storage.RaftStorageDirectory (RaftStorageDirectory.java:tryLock(343)) - Lock on /github/workspace/mnt/ozone/hadoop-ozone/integration-test/target/test-dir/MiniOzoneClusterImpl-881f34ed-8c6b-489e-be76-d623729a7973/datanode-1/data/ratis/10b90c81-0c84-483d-932b-a5dc2f9ae473/in_use.lock acquired by nodename 18806@9283ae38f42b
2020-06-29 13:09:41,111 [pool-48-thread-1] INFO  storage.RaftStorage (RaftStorage.java:format(84)) - Storage directory /github/workspace/mnt/ozone/hadoop-ozone/integration-test/target/test-dir/MiniOzoneClusterImpl-881f34ed-8c6b-489e-be76-d623729a7973/datanode-1/data/ratis/10b90c81-0c84-483d-932b-a5dc2f9ae473 has been successfully formatted.
2020-06-29 13:09:41,112 [pool-48-thread-1] INFO  ratis.ContainerStateMachine (ContainerStateMachine.java:loadSnapshot(226)) - group-A5DC2F9AE473: The snapshot info is null. Setting the last applied indexto:(t:0, i:~)
2020-06-29 13:09:41,112 [pool-48-thread-1] INFO  server.RaftServerConfigKeys (ConfUtils.java:logGet(44)) - raft.server.notification.no-leader.timeout = 60s (default)
2020-06-29 13:09:41,112 [pool-48-thread-1] INFO  server.RaftServerConfigKeys (ConfUtils.java:logGet(44)) - raft.server.log.use.memory = false (default)
2020-06-29 13:09:41,112 [pool-48-thread-1] INFO  server.RaftServerConfigKeys (ConfUtils.java:logGet(44)) - raft.server.log.purge.gap = 1000000 (custom)
2020-06-29 13:09:41,112 [pool-48-thread-1] INFO  server.RaftServerConfigKeys (ConfUtils.java:logGet(44)) - raft.server.log.appender.buffer.byte-limit = 33554432 (custom)
2020-06-29 13:09:41,112 [pool-48-thread-1] INFO  server.RaftServerConfigKeys (ConfUtils.java:logGet(44)) - raft.server.log.segment.size.max = 1048576 (custom)
2020-06-29 13:09:41,113 [EventQueue-PipelineReportForPipelineReportHandler] INFO  pipeline.PipelineStateManager (PipelineStateManager.java:openPipeline(131)) - Pipeline Pipeline[ Id: 10b90c81-0c84-483d-932b-a5dc2f9ae473, Nodes: e04a4dbc-64b8-4889-8fb1-17ca03074435{ip: 172.17.0.2, host: 9283ae38f42b, networkLocation: /default-rack, certSerialId: null}, Type:RATIS, Factor:ONE, State:ALLOCATED, leaderId:e04a4dbc-64b8-4889-8fb1-17ca03074435, CreationTimestamp2020-06-29T13:09:38.088Z] moved to OPEN state
2020-06-29 13:09:41,113 [EventQueue-OpenPipelineForOneReplicaPipelineSafeModeRule] INFO  safemode.SCMSafeModeManager (SCMSafeModeManager.java:validateSafeModeExitRules(214)) - AtleastOneDatanodeReportedRule rule is successfully validated
2020-06-29 13:09:41,113 [EventQueue-OpenPipelineForHealthyPipelineSafeModeRule] INFO  safemode.SCMSafeModeManager (HealthyPipelineSafeModeRule.java:process(129)) - SCM in safe mode. Healthy pipelines reported count is 0, required healthy pipeline reported count is 1
2020-06-29 13:09:41,112 [pool-48-thread-1] INFO  metrics.RatisMetrics (RatisMetrics.java:lambda$create$0(36)) - Creating Metrics Registry : ratis.log_worker.e04a4dbc-64b8-4889-8fb1-17ca03074435@group-A5DC2F9AE473
2020-06-29 13:09:41,114 [pool-48-thread-1] INFO  server.RaftServerConfigKeys (ConfUtils.java:logGet(44)) - raft.server.log.segment.cache.num.max = 2 (custom)
2020-06-29 13:09:41,114 [pool-48-thread-1] INFO  segmented.SegmentedRaftLogWorker (SegmentedRaftLogWorker.java:<init>(180)) - new e04a4dbc-64b8-4889-8fb1-17ca03074435@group-A5DC2F9AE473-SegmentedRaftLogWorker for RaftStorage:Storage Directory /github/workspace/mnt/ozone/hadoop-ozone/integration-test/target/test-dir/MiniOzoneClusterImpl-881f34ed-8c6b-489e-be76-d623729a7973/datanode-1/data/ratis/10b90c81-0c84-483d-932b-a5dc2f9ae473
2020-06-29 13:09:41,116 [pool-48-thread-1] INFO  server.RaftServerConfigKeys (ConfUtils.java:logGet(44)) - raft.server.log.queue.byte-limit = 2147483647 (custom)
2020-06-29 13:09:41,116 [pool-48-thread-1] INFO  server.RaftServerConfigKeys (ConfUtils.java:logGet(44)) - raft.server.log.queue.element-limit = 1024 (custom)
2020-06-29 13:09:41,116 [pool-48-thread-1] INFO  server.RaftServerConfigKeys (ConfUtils.java:logGet(44)) - raft.server.log.segment.size.max = 1048576 (custom)
2020-06-29 13:09:41,117 [pool-48-thread-1] INFO  server.RaftServerConfigKeys (ConfUtils.java:logGet(44)) - raft.server.log.preallocated.size = 16384 (custom)
2020-06-29 13:09:41,117 [pool-48-thread-1] INFO  server.RaftServerConfigKeys (ConfUtils.java:logGet(44)) - raft.server.log.write.buffer.size = 1048576 (custom)
2020-06-29 13:09:41,117 [pool-48-thread-1] INFO  server.RaftServerConfigKeys (ConfUtils.java:logGet(44)) - raft.server.log.force.sync.num = 128 (default)
2020-06-29 13:09:41,117 [pool-48-thread-1] INFO  server.RaftServerConfigKeys (ConfUtils.java:logGet(44)) - raft.server.log.statemachine.data.sync = true (default)
2020-06-29 13:09:41,117 [pool-48-thread-1] INFO  server.RaftServerConfigKeys (ConfUtils.java:logGet(44)) - raft.server.log.statemachine.data.sync.timeout = 10s (default)
2020-06-29 13:09:41,117 [pool-48-thread-1] INFO  server.RaftServerConfigKeys (ConfUtils.java:logGet(44)) - raft.server.log.statemachine.data.sync.timeout.retry = -1 (default)
2020-06-29 13:09:41,119 [pool-48-thread-1] INFO  server.RaftServerConfigKeys (ConfUtils.java:logGet(44)) - raft.server.log.statemachine.data.caching.enabled = true (custom)
2020-06-29 13:09:41,119 [pool-48-thread-1] INFO  segmented.SegmentedRaftLogWorker (SegmentedRaftLogWorker.java:lambda$new$0(129)) - e04a4dbc-64b8-4889-8fb1-17ca03074435@group-A5DC2F9AE473-SegmentedRaftLogWorker: flushIndex: setUnconditionally 0 -> -1
2020-06-29 13:09:41,119 [pool-48-thread-1] INFO  segmented.SegmentedRaftLogWorker (SegmentedRaftLogWorker.java:lambda$new$0(129)) - e04a4dbc-64b8-4889-8fb1-17ca03074435@group-A5DC2F9AE473-SegmentedRaftLogWorker: safeCacheEvictIndex: setUnconditionally 0 -> -1
2020-06-29 13:09:41,124 [pool-48-thread-1] INFO  server.RaftServerConfigKeys (ConfUtils.java:logGet(44)) - raft.server.snapshot.auto.trigger.enabled = true (custom)
2020-06-29 13:09:41,124 [pool-48-thread-1] INFO  server.RaftServerConfigKeys (ConfUtils.java:logGet(44)) - raft.server.snapshot.auto.trigger.threshold = 10000 (custom)
2020-06-29 13:09:41,124 [pool-48-thread-1] INFO  server.RaftServerConfigKeys (ConfUtils.java:logGet(44)) - raft.server.snapshot.retention.file.num = 5 (custom)
2020-06-29 13:09:41,124 [pool-48-thread-1] INFO  server.RaftServerConfigKeys (ConfUtils.java:logGet(44)) - raft.server.log.purge.upto.snapshot.index = false (default)
2020-06-29 13:09:41,124 [pool-48-thread-1] INFO  server.RaftServerConfigKeys (ConfUtils.java:logGet(44)) - raft.server.retrycache.expirytime = 600000ms (custom)
2020-06-29 13:09:41,124 [pool-48-thread-1] INFO  metrics.RatisMetrics (RatisMetrics.java:lambda$create$0(36)) - Creating Metrics Registry : ratis.leader_election.e04a4dbc-64b8-4889-8fb1-17ca03074435@group-A5DC2F9AE473
2020-06-29 13:09:41,125 [pool-48-thread-1] INFO  metrics.RatisMetrics (RatisMetrics.java:lambda$create$0(36)) - Creating Metrics Registry : ratis.server.e04a4dbc-64b8-4889-8fb1-17ca03074435@group-A5DC2F9AE473
2020-06-29 13:09:41,127 [pool-48-thread-1] INFO  impl.RaftServerImpl (RaftServerImpl.java:start(186)) - e04a4dbc-64b8-4889-8fb1-17ca03074435@group-A5DC2F9AE473: start as a follower, conf=-1: [e04a4dbc-64b8-4889-8fb1-17ca03074435:172.17.0.2:39681], old=null
2020-06-29 13:09:41,130 [pool-33-thread-1] INFO  impl.RaftServerImpl (RaftServerImpl.java:start(186)) - 7ce633c1-842e-40bb-a1a9-f2b532568b9f@group-95AFC23D56A2: start as a follower, conf=-1: [7ce633c1-842e-40bb-a1a9-f2b532568b9f:172.17.0.2:46875], old=null
2020-06-29 13:09:41,132 [pool-33-thread-1] INFO  impl.RaftServerImpl (RaftServerImpl.java:setRole(175)) - 7ce633c1-842e-40bb-a1a9-f2b532568b9f@group-95AFC23D56A2: changes role from      null to FOLLOWER at term 0 for startAsFollower
2020-06-29 13:09:41,133 [pool-33-thread-1] INFO  impl.RoleInfo (RoleInfo.java:updateAndGet(143)) - 7ce633c1-842e-40bb-a1a9-f2b532568b9f: start FollowerState
2020-06-29 13:09:41,135 [pool-33-thread-1] INFO  util.JmxRegister (JmxRegister.java:tryRegister(44)) - Successfully registered JMX Bean with object name Ratis:service=RaftServer,group=group-95AFC23D56A2,id=7ce633c1-842e-40bb-a1a9-f2b532568b9f
2020-06-29 13:09:41,138 [pool-33-thread-1] INFO  metrics.RatisMetrics (RatisMetrics.java:lambda$create$0(36)) - Creating Metrics Registry : ratis.state_machine.7ce633c1-842e-40bb-a1a9-f2b532568b9f@group-95AFC23D56A2
2020-06-29 13:09:41,140 [pool-48-thread-1] INFO  impl.RaftServerImpl (RaftServerImpl.java:setRole(175)) - e04a4dbc-64b8-4889-8fb1-17ca03074435@group-A5DC2F9AE473: changes role from      null to FOLLOWER at term 0 for startAsFollower
2020-06-29 13:09:41,144 [pool-48-thread-1] INFO  impl.RoleInfo (RoleInfo.java:updateAndGet(143)) - e04a4dbc-64b8-4889-8fb1-17ca03074435: start FollowerState
2020-06-29 13:09:41,152 [pool-48-thread-1] INFO  util.JmxRegister (JmxRegister.java:tryRegister(44)) - Successfully registered JMX Bean with object name Ratis:service=RaftServer,group=group-A5DC2F9AE473,id=e04a4dbc-64b8-4889-8fb1-17ca03074435
2020-06-29 13:09:41,153 [pool-48-thread-1] INFO  metrics.RatisMetrics (RatisMetrics.java:lambda$create$0(36)) - Creating Metrics Registry : ratis.state_machine.e04a4dbc-64b8-4889-8fb1-17ca03074435@group-A5DC2F9AE473
2020-06-29 13:09:41,156 [Listener at 127.0.0.1/44993] INFO  ozone.MiniOzoneClusterImpl (MiniOzoneClusterImpl.java:lambda$waitForClusterToBeReady$0(177)) - Nodes are ready. Got 3 of 3 DN Heartbeats.
2020-06-29 13:09:41,156 [Listener at 127.0.0.1/44993] INFO  ozone.MiniOzoneClusterImpl (MiniOzoneClusterImpl.java:lambda$waitForClusterToBeReady$0(180)) - Waiting for cluster to exit safe mode
2020-06-29 13:09:41,169 [Command processor thread] INFO  commandhandler.CreatePipelineCommandHandler (CreatePipelineCommandHandler.java:handle(109)) - Created Pipeline RATIS ONE #id: "10b90c81-0c84-483d-932b-a5dc2f9ae473"
.
2020-06-29 13:09:41,170 [Command processor thread] INFO  impl.RaftServerProxy (RaftServerProxy.java:addNew(89)) - e04a4dbc-64b8-4889-8fb1-17ca03074435: addNew group-DB16C94FD4A8:[e04a4dbc-64b8-4889-8fb1-17ca03074435:172.17.0.2:39681, 7ce633c1-842e-40bb-a1a9-f2b532568b9f:172.17.0.2:46875, 9e94bc01-9abf-4ed9-a199-22f434113cf8:172.17.0.2:46225] returns group-DB16C94FD4A8:java.util.concurrent.CompletableFuture@1fedd888[Not completed]
2020-06-29 13:09:41,169 [Command processor thread] INFO  commandhandler.CreatePipelineCommandHandler (CreatePipelineCommandHandler.java:handle(109)) - Created Pipeline RATIS ONE #id: "1447bf11-ec4b-4f43-a2b4-95afc23d56a2"
.
2020-06-29 13:09:41,173 [Command processor thread] INFO  impl.RaftServerProxy (RaftServerProxy.java:addNew(89)) - 9e94bc01-9abf-4ed9-a199-22f434113cf8: addNew group-4DFC99918E29:[9e94bc01-9abf-4ed9-a199-22f434113cf8:172.17.0.2:46225] returns group-4DFC99918E29:java.util.concurrent.CompletableFuture@7ef4cf62[Not completed]
2020-06-29 13:09:41,180 [Command processor thread] INFO  impl.RaftServerProxy (RaftServerProxy.java:addNew(89)) - 7ce633c1-842e-40bb-a1a9-f2b532568b9f: addNew group-DB16C94FD4A8:[e04a4dbc-64b8-4889-8fb1-17ca03074435:172.17.0.2:39681, 7ce633c1-842e-40bb-a1a9-f2b532568b9f:172.17.0.2:46875, 9e94bc01-9abf-4ed9-a199-22f434113cf8:172.17.0.2:46225] returns group-DB16C94FD4A8:java.util.concurrent.CompletableFuture@2f58dcf6[Not completed]
2020-06-29 13:09:41,186 [pool-33-thread-1] INFO  impl.RaftServerImpl (RaftServerImpl.java:<init>(99)) - 7ce633c1-842e-40bb-a1a9-f2b532568b9f: new RaftServerImpl for group-DB16C94FD4A8:[e04a4dbc-64b8-4889-8fb1-17ca03074435:172.17.0.2:39681, 7ce633c1-842e-40bb-a1a9-f2b532568b9f:172.17.0.2:46875, 9e94bc01-9abf-4ed9-a199-22f434113cf8:172.17.0.2:46225] with ContainerStateMachine:uninitialized
2020-06-29 13:09:41,187 [pool-33-thread-1] INFO  server.RaftServerConfigKeys (ConfUtils.java:logGet(44)) - raft.server.rpc.timeout.min = 5s (custom)
2020-06-29 13:09:41,187 [pool-33-thread-1] INFO  server.RaftServerConfigKeys (ConfUtils.java:logGet(44)) - raft.server.rpc.timeout.max = 5200ms (custom)
2020-06-29 13:09:41,187 [pool-33-thread-1] INFO  server.RaftServerConfigKeys (ConfUtils.java:logGet(44)) - raft.server.rpcslowness.timeout = 1000s (custom)
2020-06-29 13:09:41,187 [pool-33-thread-1] INFO  server.RaftServerConfigKeys (ConfUtils.java:logGet(44)) - raft.server.sleep.deviation.threshold = 300 (default)
2020-06-29 13:09:41,187 [pool-33-thread-1] INFO  server.RaftServerConfigKeys (ConfUtils.java:logGet(44)) - raft.server.log.appender.install.snapshot.enabled = false (custom)
2020-06-29 13:09:41,187 [pool-33-thread-1] INFO  impl.RaftServerImpl (ServerState.java:<init>(103)) - 7ce633c1-842e-40bb-a1a9-f2b532568b9f@group-DB16C94FD4A8: ConfigurationManager, init=-1: [e04a4dbc-64b8-4889-8fb1-17ca03074435:172.17.0.2:39681, 7ce633c1-842e-40bb-a1a9-f2b532568b9f:172.17.0.2:46875, 9e94bc01-9abf-4ed9-a199-22f434113cf8:172.17.0.2:46225], old=null, confs=<EMPTY_MAP>
2020-06-29 13:09:41,187 [pool-33-thread-1] INFO  server.RaftServerConfigKeys (ConfUtils.java:logGet(44)) - raft.server.storage.dir = [/github/workspace/mnt/ozone/hadoop-ozone/integration-test/target/test-dir/MiniOzoneClusterImpl-881f34ed-8c6b-489e-be76-d623729a7973/datanode-0/data/ratis] (custom)
2020-06-29 13:09:41,187 [pool-33-thread-1] INFO  server.RaftServerConfigKeys (ConfUtils.java:logGet(44)) - raft.server.log.corruption.policy = EXCEPTION (default)
2020-06-29 13:09:41,188 [pool-33-thread-1] INFO  storage.RaftStorageDirectory (RaftStorageDirectory.java:analyzeStorage(261)) - The storage directory /github/workspace/mnt/ozone/hadoop-ozone/integration-test/target/test-dir/MiniOzoneClusterImpl-881f34ed-8c6b-489e-be76-d623729a7973/datanode-0/data/ratis/f633d165-1721-4193-a138-db16c94fd4a8 does not exist. Creating ...
2020-06-29 13:09:41,189 [pool-48-thread-1] INFO  impl.RaftServerImpl (RaftServerImpl.java:<init>(99)) - e04a4dbc-64b8-4889-8fb1-17ca03074435: new RaftServerImpl for group-DB16C94FD4A8:[e04a4dbc-64b8-4889-8fb1-17ca03074435:172.17.0.2:39681, 7ce633c1-842e-40bb-a1a9-f2b532568b9f:172.17.0.2:46875, 9e94bc01-9abf-4ed9-a199-22f434113cf8:172.17.0.2:46225] with ContainerStateMachine:uninitialized
2020-06-29 13:09:41,190 [pool-48-thread-1] INFO  server.RaftServerConfigKeys (ConfUtils.java:logGet(44)) - raft.server.rpc.timeout.min = 5s (custom)
2020-06-29 13:09:41,190 [pool-48-thread-1] INFO  server.RaftServerConfigKeys (ConfUtils.java:logGet(44)) - raft.server.rpc.timeout.max = 5200ms (custom)
2020-06-29 13:09:41,190 [pool-48-thread-1] INFO  server.RaftServerConfigKeys (ConfUtils.java:logGet(44)) - raft.server.rpcslowness.timeout = 1000s (custom)
2020-06-29 13:09:41,190 [pool-48-thread-1] INFO  server.RaftServerConfigKeys (ConfUtils.java:logGet(44)) - raft.server.sleep.deviation.threshold = 300 (default)
2020-06-29 13:09:41,190 [pool-63-thread-1] INFO  impl.RaftServerImpl (RaftServerImpl.java:<init>(99)) - 9e94bc01-9abf-4ed9-a199-22f434113cf8: new RaftServerImpl for group-4DFC99918E29:[9e94bc01-9abf-4ed9-a199-22f434113cf8:172.17.0.2:46225] with ContainerStateMachine:uninitialized
2020-06-29 13:09:41,189 [pool-33-thread-1] INFO  storage.RaftStorageDirectory (RaftStorageDirectory.java:tryLock(343)) - Lock on /github/workspace/mnt/ozone/hadoop-ozone/integration-test/target/test-dir/MiniOzoneClusterImpl-881f34ed-8c6b-489e-be76-d623729a7973/datanode-0/data/ratis/f633d165-1721-4193-a138-db16c94fd4a8/in_use.lock acquired by nodename 18806@9283ae38f42b
2020-06-29 13:09:41,196 [pool-63-thread-1] INFO  server.RaftServerConfigKeys (ConfUtils.java:logGet(44)) - raft.server.rpc.timeout.min = 5s (custom)
2020-06-29 13:09:41,196 [pool-63-thread-1] INFO  server.RaftServerConfigKeys (ConfUtils.java:logGet(44)) - raft.server.rpc.timeout.max = 5200ms (custom)
2020-06-29 13:09:41,196 [pool-63-thread-1] INFO  server.RaftServerConfigKeys (ConfUtils.java:logGet(44)) - raft.server.rpcslowness.timeout = 1000s (custom)
2020-06-29 13:09:41,196 [pool-63-thread-1] INFO  server.RaftServerConfigKeys (ConfUtils.java:logGet(44)) - raft.server.sleep.deviation.threshold = 300 (default)
2020-06-29 13:09:41,196 [pool-63-thread-1] INFO  server.RaftServerConfigKeys (ConfUtils.java:logGet(44)) - raft.server.log.appender.install.snapshot.enabled = false (custom)
2020-06-29 13:09:41,197 [pool-63-thread-1] INFO  impl.RaftServerImpl (ServerState.java:<init>(103)) - 9e94bc01-9abf-4ed9-a199-22f434113cf8@group-4DFC99918E29: ConfigurationManager, init=-1: [9e94bc01-9abf-4ed9-a199-22f434113cf8:172.17.0.2:46225], old=null, confs=<EMPTY_MAP>
2020-06-29 13:09:41,197 [pool-63-thread-1] INFO  server.RaftServerConfigKeys (ConfUtils.java:logGet(44)) - raft.server.storage.dir = [/github/workspace/mnt/ozone/hadoop-ozone/integration-test/target/test-dir/MiniOzoneClusterImpl-881f34ed-8c6b-489e-be76-d623729a7973/datanode-2/data/ratis] (custom)
2020-06-29 13:09:41,197 [pool-63-thread-1] INFO  server.RaftServerConfigKeys (ConfUtils.java:logGet(44)) - raft.server.log.corruption.policy = EXCEPTION (default)
2020-06-29 13:09:41,197 [pool-63-thread-1] INFO  storage.RaftStorageDirectory (RaftStorageDirectory.java:analyzeStorage(261)) - The storage directory /github/workspace/mnt/ozone/hadoop-ozone/integration-test/target/test-dir/MiniOzoneClusterImpl-881f34ed-8c6b-489e-be76-d623729a7973/datanode-2/data/ratis/957e88cb-48d6-4abd-82e1-4dfc99918e29 does not exist. Creating ...
2020-06-29 13:09:41,197 [pool-48-thread-1] INFO  server.RaftServerConfigKeys (ConfUtils.java:logGet(44)) - raft.server.log.appender.install.snapshot.enabled = false (custom)
2020-06-29 13:09:41,198 [pool-48-thread-1] INFO  impl.RaftServerImpl (ServerState.java:<init>(103)) - e04a4dbc-64b8-4889-8fb1-17ca03074435@group-DB16C94FD4A8: ConfigurationManager, init=-1: [e04a4dbc-64b8-4889-8fb1-17ca03074435:172.17.0.2:39681, 7ce633c1-842e-40bb-a1a9-f2b532568b9f:172.17.0.2:46875, 9e94bc01-9abf-4ed9-a199-22f434113cf8:172.17.0.2:46225], old=null, confs=<EMPTY_MAP>
2020-06-29 13:09:41,198 [pool-48-thread-1] INFO  server.RaftServerConfigKeys (ConfUtils.java:logGet(44)) - raft.server.storage.dir = [/github/workspace/mnt/ozone/hadoop-ozone/integration-test/target/test-dir/MiniOzoneClusterImpl-881f34ed-8c6b-489e-be76-d623729a7973/datanode-1/data/ratis] (custom)
2020-06-29 13:09:41,198 [pool-48-thread-1] INFO  server.RaftServerConfigKeys (ConfUtils.java:logGet(44)) - raft.server.log.corruption.policy = EXCEPTION (default)
2020-06-29 13:09:41,198 [pool-48-thread-1] INFO  storage.RaftStorageDirectory (RaftStorageDirectory.java:analyzeStorage(261)) - The storage directory /github/workspace/mnt/ozone/hadoop-ozone/integration-test/target/test-dir/MiniOzoneClusterImpl-881f34ed-8c6b-489e-be76-d623729a7973/datanode-1/data/ratis/f633d165-1721-4193-a138-db16c94fd4a8 does not exist. Creating ...
2020-06-29 13:09:41,198 [pool-63-thread-1] INFO  storage.RaftStorageDirectory (RaftStorageDirectory.java:tryLock(343)) - Lock on /github/workspace/mnt/ozone/hadoop-ozone/integration-test/target/test-dir/MiniOzoneClusterImpl-881f34ed-8c6b-489e-be76-d623729a7973/datanode-2/data/ratis/957e88cb-48d6-4abd-82e1-4dfc99918e29/in_use.lock acquired by nodename 18806@9283ae38f42b
2020-06-29 13:09:41,199 [pool-33-thread-1] INFO  storage.RaftStorage (RaftStorage.java:format(84)) - Storage directory /github/workspace/mnt/ozone/hadoop-ozone/integration-test/target/test-dir/MiniOzoneClusterImpl-881f34ed-8c6b-489e-be76-d623729a7973/datanode-0/data/ratis/f633d165-1721-4193-a138-db16c94fd4a8 has been successfully formatted.
2020-06-29 13:09:41,200 [pool-48-thread-1] INFO  storage.RaftStorageDirectory (RaftStorageDirectory.java:tryLock(343)) - Lock on /github/workspace/mnt/ozone/hadoop-ozone/integration-test/target/test-dir/MiniOzoneClusterImpl-881f34ed-8c6b-489e-be76-d623729a7973/datanode-1/data/ratis/f633d165-1721-4193-a138-db16c94fd4a8/in_use.lock acquired by nodename 18806@9283ae38f42b
2020-06-29 13:09:41,200 [pool-63-thread-1] INFO  storage.RaftStorage (RaftStorage.java:format(84)) - Storage directory /github/workspace/mnt/ozone/hadoop-ozone/integration-test/target/test-dir/MiniOzoneClusterImpl-881f34ed-8c6b-489e-be76-d623729a7973/datanode-2/data/ratis/957e88cb-48d6-4abd-82e1-4dfc99918e29 has been successfully formatted.
2020-06-29 13:09:41,200 [pool-33-thread-1] INFO  ratis.ContainerStateMachine (ContainerStateMachine.java:loadSnapshot(226)) - group-DB16C94FD4A8: The snapshot info is null. Setting the last applied indexto:(t:0, i:~)
2020-06-29 13:09:41,201 [pool-33-thread-1] INFO  server.RaftServerConfigKeys (ConfUtils.java:logGet(44)) - raft.server.notification.no-leader.timeout = 60s (default)
2020-06-29 13:09:41,201 [pool-33-thread-1] INFO  server.RaftServerConfigKeys (ConfUtils.java:logGet(44)) - raft.server.log.use.memory = false (default)
2020-06-29 13:09:41,201 [pool-33-thread-1] INFO  server.RaftServerConfigKeys (ConfUtils.java:logGet(44)) - raft.server.log.purge.gap = 1000000 (custom)
2020-06-29 13:09:41,201 [pool-33-thread-1] INFO  server.RaftServerConfigKeys (ConfUtils.java:logGet(44)) - raft.server.log.appender.buffer.byte-limit = 33554432 (custom)
2020-06-29 13:09:41,201 [pool-33-thread-1] INFO  server.RaftServerConfigKeys (ConfUtils.java:logGet(44)) - raft.server.log.segment.size.max = 1048576 (custom)
2020-06-29 13:09:41,201 [pool-33-thread-1] INFO  metrics.RatisMetrics (RatisMetrics.java:lambda$create$0(36)) - Creating Metrics Registry : ratis.log_worker.7ce633c1-842e-40bb-a1a9-f2b532568b9f@group-DB16C94FD4A8
2020-06-29 13:09:41,202 [pool-48-thread-1] INFO  storage.RaftStorage (RaftStorage.java:format(84)) - Storage directory /github/workspace/mnt/ozone/hadoop-ozone/integration-test/target/test-dir/MiniOzoneClusterImpl-881f34ed-8c6b-489e-be76-d623729a7973/datanode-1/data/ratis/f633d165-1721-4193-a138-db16c94fd4a8 has been successfully formatted.
2020-06-29 13:09:41,202 [EventQueue-PipelineReportForPipelineReportHandler] INFO  pipeline.PipelineStateManager (PipelineStateManager.java:openPipeline(131)) - Pipeline Pipeline[ Id: 957e88cb-48d6-4abd-82e1-4dfc99918e29, Nodes: 9e94bc01-9abf-4ed9-a199-22f434113cf8{ip: 172.17.0.2, host: 9283ae38f42b, networkLocation: /default-rack, certSerialId: null}, Type:RATIS, Factor:ONE, State:ALLOCATED, leaderId:9e94bc01-9abf-4ed9-a199-22f434113cf8, CreationTimestamp2020-06-29T13:09:38.176Z] moved to OPEN state
2020-06-29 13:09:41,202 [pool-48-thread-1] INFO  ratis.ContainerStateMachine (ContainerStateMachine.java:loadSnapshot(226)) - group-DB16C94FD4A8: The snapshot info is null. Setting the last applied indexto:(t:0, i:~)
2020-06-29 13:09:41,202 [pool-48-thread-1] INFO  server.RaftServerConfigKeys (ConfUtils.java:logGet(44)) - raft.server.notification.no-leader.timeout = 60s (default)
2020-06-29 13:09:41,202 [pool-48-thread-1] INFO  server.RaftServerConfigKeys (ConfUtils.java:logGet(44)) - raft.server.log.use.memory = false (default)
2020-06-29 13:09:41,202 [EventQueue-OpenPipelineForHealthyPipelineSafeModeRule] INFO  safemode.SCMSafeModeManager (HealthyPipelineSafeModeRule.java:process(129)) - SCM in safe mode. Healthy pipelines reported count is 0, required healthy pipeline reported count is 1
2020-06-29 13:09:41,202 [pool-33-thread-1] INFO  server.RaftServerConfigKeys (ConfUtils.java:logGet(44)) - raft.server.log.segment.cache.num.max = 2 (custom)
2020-06-29 13:09:41,202 [pool-33-thread-1] INFO  segmented.SegmentedRaftLogWorker (SegmentedRaftLogWorker.java:<init>(180)) - new 7ce633c1-842e-40bb-a1a9-f2b532568b9f@group-DB16C94FD4A8-SegmentedRaftLogWorker for RaftStorage:Storage Directory /github/workspace/mnt/ozone/hadoop-ozone/integration-test/target/test-dir/MiniOzoneClusterImpl-881f34ed-8c6b-489e-be76-d623729a7973/datanode-0/data/ratis/f633d165-1721-4193-a138-db16c94fd4a8
2020-06-29 13:09:41,202 [pool-33-thread-1] INFO  server.RaftServerConfigKeys (ConfUtils.java:logGet(44)) - raft.server.log.queue.byte-limit = 2147483647 (custom)
2020-06-29 13:09:41,202 [pool-33-thread-1] INFO  server.RaftServerConfigKeys (ConfUtils.java:logGet(44)) - raft.server.log.queue.element-limit = 1024 (custom)
2020-06-29 13:09:41,202 [pool-33-thread-1] INFO  server.RaftServerConfigKeys (ConfUtils.java:logGet(44)) - raft.server.log.segment.size.max = 1048576 (custom)
2020-06-29 13:09:41,202 [pool-33-thread-1] INFO  server.RaftServerConfigKeys (ConfUtils.java:logGet(44)) - raft.server.log.preallocated.size = 16384 (custom)
2020-06-29 13:09:41,203 [pool-33-thread-1] INFO  server.RaftServerConfigKeys (ConfUtils.java:logGet(44)) - raft.server.log.write.buffer.size = 1048576 (custom)
2020-06-29 13:09:41,203 [pool-33-thread-1] INFO  server.RaftServerConfigKeys (ConfUtils.java:logGet(44)) - raft.server.log.force.sync.num = 128 (default)
2020-06-29 13:09:41,203 [pool-33-thread-1] INFO  server.RaftServerConfigKeys (ConfUtils.java:logGet(44)) - raft.server.log.statemachine.data.sync = true (default)
2020-06-29 13:09:41,203 [pool-33-thread-1] INFO  server.RaftServerConfigKeys (ConfUtils.java:logGet(44)) - raft.server.log.statemachine.data.sync.timeout = 10s (default)
2020-06-29 13:09:41,203 [pool-33-thread-1] INFO  server.RaftServerConfigKeys (ConfUtils.java:logGet(44)) - raft.server.log.statemachine.data.sync.timeout.retry = -1 (default)
2020-06-29 13:09:41,201 [pool-63-thread-1] INFO  ratis.ContainerStateMachine (ContainerStateMachine.java:loadSnapshot(226)) - group-4DFC99918E29: The snapshot info is null. Setting the last applied indexto:(t:0, i:~)
2020-06-29 13:09:41,202 [pool-48-thread-1] INFO  server.RaftServerConfigKeys (ConfUtils.java:logGet(44)) - raft.server.log.purge.gap = 1000000 (custom)
2020-06-29 13:09:41,202 [EventQueue-OpenPipelineForOneReplicaPipelineSafeModeRule] INFO  safemode.SCMSafeModeManager (SCMSafeModeManager.java:validateSafeModeExitRules(214)) - AtleastOneDatanodeReportedRule rule is successfully validated
2020-06-29 13:09:41,204 [pool-48-thread-1] INFO  server.RaftServerConfigKeys (ConfUtils.java:logGet(44)) - raft.server.log.appender.buffer.byte-limit = 33554432 (custom)
2020-06-29 13:09:41,203 [pool-63-thread-1] INFO  server.RaftServerConfigKeys (ConfUtils.java:logGet(44)) - raft.server.notification.no-leader.timeout = 60s (default)
2020-06-29 13:09:41,204 [pool-48-thread-1] INFO  server.RaftServerConfigKeys (ConfUtils.java:logGet(44)) - raft.server.log.segment.size.max = 1048576 (custom)
2020-06-29 13:09:41,204 [pool-48-thread-1] INFO  metrics.RatisMetrics (RatisMetrics.java:lambda$create$0(36)) - Creating Metrics Registry : ratis.log_worker.e04a4dbc-64b8-4889-8fb1-17ca03074435@group-DB16C94FD4A8
2020-06-29 13:09:41,204 [pool-63-thread-1] INFO  server.RaftServerConfigKeys (ConfUtils.java:logGet(44)) - raft.server.log.use.memory = false (default)
2020-06-29 13:09:41,204 [pool-48-thread-1] INFO  server.RaftServerConfigKeys (ConfUtils.java:logGet(44)) - raft.server.log.segment.cache.num.max = 2 (custom)
2020-06-29 13:09:41,204 [pool-48-thread-1] INFO  segmented.SegmentedRaftLogWorker (SegmentedRaftLogWorker.java:<init>(180)) - new e04a4dbc-64b8-4889-8fb1-17ca03074435@group-DB16C94FD4A8-SegmentedRaftLogWorker for RaftStorage:Storage Directory /github/workspace/mnt/ozone/hadoop-ozone/integration-test/target/test-dir/MiniOzoneClusterImpl-881f34ed-8c6b-489e-be76-d623729a7973/datanode-1/data/ratis/f633d165-1721-4193-a138-db16c94fd4a8
2020-06-29 13:09:41,204 [pool-63-thread-1] INFO  server.RaftServerConfigKeys (ConfUtils.java:logGet(44)) - raft.server.log.purge.gap = 1000000 (custom)
2020-06-29 13:09:41,204 [pool-63-thread-1] INFO  server.RaftServerConfigKeys (ConfUtils.java:logGet(44)) - raft.server.log.appender.buffer.byte-limit = 33554432 (custom)
2020-06-29 13:09:41,205 [pool-63-thread-1] INFO  server.RaftServerConfigKeys (ConfUtils.java:logGet(44)) - raft.server.log.segment.size.max = 1048576 (custom)
2020-06-29 13:09:41,205 [pool-63-thread-1] INFO  metrics.RatisMetrics (RatisMetrics.java:lambda$create$0(36)) - Creating Metrics Registry : ratis.log_worker.9e94bc01-9abf-4ed9-a199-22f434113cf8@group-4DFC99918E29
2020-06-29 13:09:41,205 [pool-63-thread-1] INFO  server.RaftServerConfigKeys (ConfUtils.java:logGet(44)) - raft.server.log.segment.cache.num.max = 2 (custom)
2020-06-29 13:09:41,205 [pool-63-thread-1] INFO  segmented.SegmentedRaftLogWorker (SegmentedRaftLogWorker.java:<init>(180)) - new 9e94bc01-9abf-4ed9-a199-22f434113cf8@group-4DFC99918E29-SegmentedRaftLogWorker for RaftStorage:Storage Directory /github/workspace/mnt/ozone/hadoop-ozone/integration-test/target/test-dir/MiniOzoneClusterImpl-881f34ed-8c6b-489e-be76-d623729a7973/datanode-2/data/ratis/957e88cb-48d6-4abd-82e1-4dfc99918e29
2020-06-29 13:09:41,205 [pool-63-thread-1] INFO  server.RaftServerConfigKeys (ConfUtils.java:logGet(44)) - raft.server.log.queue.byte-limit = 2147483647 (custom)
2020-06-29 13:09:41,205 [pool-63-thread-1] INFO  server.RaftServerConfigKeys (ConfUtils.java:logGet(44)) - raft.server.log.queue.element-limit = 1024 (custom)
2020-06-29 13:09:41,205 [pool-63-thread-1] INFO  server.RaftServerConfigKeys (ConfUtils.java:logGet(44)) - raft.server.log.segment.size.max = 1048576 (custom)
2020-06-29 13:09:41,205 [pool-63-thread-1] INFO  server.RaftServerConfigKeys (ConfUtils.java:logGet(44)) - raft.server.log.preallocated.size = 16384 (custom)
2020-06-29 13:09:41,205 [pool-63-thread-1] INFO  server.RaftServerConfigKeys (ConfUtils.java:logGet(44)) - raft.server.log.write.buffer.size = 1048576 (custom)
2020-06-29 13:09:41,205 [pool-63-thread-1] INFO  server.RaftServerConfigKeys (ConfUtils.java:logGet(44)) - raft.server.log.force.sync.num = 128 (default)
2020-06-29 13:09:41,205 [pool-63-thread-1] INFO  server.RaftServerConfigKeys (ConfUtils.java:logGet(44)) - raft.server.log.statemachine.data.sync = true (default)
2020-06-29 13:09:41,206 [pool-63-thread-1] INFO  server.RaftServerConfigKeys (ConfUtils.java:logGet(44)) - raft.server.log.statemachine.data.sync.timeout = 10s (default)
2020-06-29 13:09:41,206 [pool-63-thread-1] INFO  server.RaftServerConfigKeys (ConfUtils.java:logGet(44)) - raft.server.log.statemachine.data.sync.timeout.retry = -1 (default)
2020-06-29 13:09:41,207 [pool-63-thread-1] INFO  server.RaftServerConfigKeys (ConfUtils.java:logGet(44)) - raft.server.log.statemachine.data.caching.enabled = true (custom)
2020-06-29 13:09:41,207 [pool-63-thread-1] INFO  segmented.SegmentedRaftLogWorker (SegmentedRaftLogWorker.java:lambda$new$0(129)) - 9e94bc01-9abf-4ed9-a199-22f434113cf8@group-4DFC99918E29-SegmentedRaftLogWorker: flushIndex: setUnconditionally 0 -> -1
2020-06-29 13:09:41,207 [pool-63-thread-1] INFO  segmented.SegmentedRaftLogWorker (SegmentedRaftLogWorker.java:lambda$new$0(129)) - 9e94bc01-9abf-4ed9-a199-22f434113cf8@group-4DFC99918E29-SegmentedRaftLogWorker: safeCacheEvictIndex: setUnconditionally 0 -> -1
2020-06-29 13:09:41,204 [pool-48-thread-1] INFO  server.RaftServerConfigKeys (ConfUtils.java:logGet(44)) - raft.server.log.queue.byte-limit = 2147483647 (custom)
2020-06-29 13:09:41,208 [pool-48-thread-1] INFO  server.RaftServerConfigKeys (ConfUtils.java:logGet(44)) - raft.server.log.queue.element-limit = 1024 (custom)
2020-06-29 13:09:41,208 [pool-48-thread-1] INFO  server.RaftServerConfigKeys (ConfUtils.java:logGet(44)) - raft.server.log.segment.size.max = 1048576 (custom)
2020-06-29 13:09:41,208 [pool-48-thread-1] INFO  server.RaftServerConfigKeys (ConfUtils.java:logGet(44)) - raft.server.log.preallocated.size = 16384 (custom)
2020-06-29 13:09:41,208 [pool-48-thread-1] INFO  server.RaftServerConfigKeys (ConfUtils.java:logGet(44)) - raft.server.log.write.buffer.size = 1048576 (custom)
2020-06-29 13:09:41,208 [pool-48-thread-1] INFO  server.RaftServerConfigKeys (ConfUtils.java:logGet(44)) - raft.server.log.force.sync.num = 128 (default)
2020-06-29 13:09:41,208 [pool-48-thread-1] INFO  server.RaftServerConfigKeys (ConfUtils.java:logGet(44)) - raft.server.log.statemachine.data.sync = true (default)
2020-06-29 13:09:41,208 [pool-48-thread-1] INFO  server.RaftServerConfigKeys (ConfUtils.java:logGet(44)) - raft.server.log.statemachine.data.sync.timeout = 10s (default)
2020-06-29 13:09:41,209 [pool-48-thread-1] INFO  server.RaftServerConfigKeys (ConfUtils.java:logGet(44)) - raft.server.log.statemachine.data.sync.timeout.retry = -1 (default)
2020-06-29 13:09:41,205 [pool-33-thread-1] INFO  server.RaftServerConfigKeys (ConfUtils.java:logGet(44)) - raft.server.log.statemachine.data.caching.enabled = true (custom)
2020-06-29 13:09:41,209 [pool-33-thread-1] INFO  segmented.SegmentedRaftLogWorker (SegmentedRaftLogWorker.java:lambda$new$0(129)) - 7ce633c1-842e-40bb-a1a9-f2b532568b9f@group-DB16C94FD4A8-SegmentedRaftLogWorker: flushIndex: setUnconditionally 0 -> -1
2020-06-29 13:09:41,209 [pool-33-thread-1] INFO  segmented.SegmentedRaftLogWorker (SegmentedRaftLogWorker.java:lambda$new$0(129)) - 7ce633c1-842e-40bb-a1a9-f2b532568b9f@group-DB16C94FD4A8-SegmentedRaftLogWorker: safeCacheEvictIndex: setUnconditionally 0 -> -1
2020-06-29 13:09:41,210 [pool-63-thread-1] INFO  server.RaftServerConfigKeys (ConfUtils.java:logGet(44)) - raft.server.snapshot.auto.trigger.enabled = true (custom)
2020-06-29 13:09:41,210 [pool-63-thread-1] INFO  server.RaftServerConfigKeys (ConfUtils.java:logGet(44)) - raft.server.snapshot.auto.trigger.threshold = 10000 (custom)
2020-06-29 13:09:41,211 [pool-63-thread-1] INFO  server.RaftServerConfigKeys (ConfUtils.java:logGet(44)) - raft.server.snapshot.retention.file.num = 5 (custom)
2020-06-29 13:09:41,211 [pool-63-thread-1] INFO  server.RaftServerConfigKeys (ConfUtils.java:logGet(44)) - raft.server.log.purge.upto.snapshot.index = false (default)
2020-06-29 13:09:41,213 [pool-48-thread-1] INFO  server.RaftServerConfigKeys (ConfUtils.java:logGet(44)) - raft.server.log.statemachine.data.caching.enabled = true (custom)
2020-06-29 13:09:41,213 [pool-48-thread-1] INFO  segmented.SegmentedRaftLogWorker (SegmentedRaftLogWorker.java:lambda$new$0(129)) - e04a4dbc-64b8-4889-8fb1-17ca03074435@group-DB16C94FD4A8-SegmentedRaftLogWorker: flushIndex: setUnconditionally 0 -> -1
2020-06-29 13:09:41,213 [pool-48-thread-1] INFO  segmented.SegmentedRaftLogWorker (SegmentedRaftLogWorker.java:lambda$new$0(129)) - e04a4dbc-64b8-4889-8fb1-17ca03074435@group-DB16C94FD4A8-SegmentedRaftLogWorker: safeCacheEvictIndex: setUnconditionally 0 -> -1
2020-06-29 13:09:41,213 [pool-33-thread-1] INFO  server.RaftServerConfigKeys (ConfUtils.java:logGet(44)) - raft.server.snapshot.auto.trigger.enabled = true (custom)
2020-06-29 13:09:41,213 [pool-33-thread-1] INFO  server.RaftServerConfigKeys (ConfUtils.java:logGet(44)) - raft.server.snapshot.auto.trigger.threshold = 10000 (custom)
2020-06-29 13:09:41,213 [pool-33-thread-1] INFO  server.RaftServerConfigKeys (ConfUtils.java:logGet(44)) - raft.server.snapshot.retention.file.num = 5 (custom)
2020-06-29 13:09:41,213 [pool-33-thread-1] INFO  server.RaftServerConfigKeys (ConfUtils.java:logGet(44)) - raft.server.log.purge.upto.snapshot.index = false (default)
2020-06-29 13:09:41,216 [pool-63-thread-1] INFO  server.RaftServerConfigKeys (ConfUtils.java:logGet(44)) - raft.server.retrycache.expirytime = 600000ms (custom)
2020-06-29 13:09:41,216 [pool-63-thread-1] INFO  metrics.RatisMetrics (RatisMetrics.java:lambda$create$0(36)) - Creating Metrics Registry : ratis.leader_election.9e94bc01-9abf-4ed9-a199-22f434113cf8@group-4DFC99918E29
2020-06-29 13:09:41,220 [pool-63-thread-1] INFO  metrics.RatisMetrics (RatisMetrics.java:lambda$create$0(36)) - Creating Metrics Registry : ratis.server.9e94bc01-9abf-4ed9-a199-22f434113cf8@group-4DFC99918E29
2020-06-29 13:09:41,221 [pool-63-thread-1] INFO  impl.RaftServerImpl (RaftServerImpl.java:start(186)) - 9e94bc01-9abf-4ed9-a199-22f434113cf8@group-4DFC99918E29: start as a follower, conf=-1: [9e94bc01-9abf-4ed9-a199-22f434113cf8:172.17.0.2:46225], old=null
2020-06-29 13:09:41,221 [pool-63-thread-1] INFO  impl.RaftServerImpl (RaftServerImpl.java:setRole(175)) - 9e94bc01-9abf-4ed9-a199-22f434113cf8@group-4DFC99918E29: changes role from      null to FOLLOWER at term 0 for startAsFollower
2020-06-29 13:09:41,221 [pool-63-thread-1] INFO  impl.RoleInfo (RoleInfo.java:updateAndGet(143)) - 9e94bc01-9abf-4ed9-a199-22f434113cf8: start FollowerState
2020-06-29 13:09:41,223 [pool-33-thread-1] INFO  server.RaftServerConfigKeys (ConfUtils.java:logGet(44)) - raft.server.retrycache.expirytime = 600000ms (custom)
2020-06-29 13:09:41,223 [pool-63-thread-1] INFO  util.JmxRegister (JmxRegister.java:tryRegister(44)) - Successfully registered JMX Bean with object name Ratis:service=RaftServer,group=group-4DFC99918E29,id=9e94bc01-9abf-4ed9-a199-22f434113cf8
2020-06-29 13:09:41,223 [pool-63-thread-1] INFO  metrics.RatisMetrics (RatisMetrics.java:lambda$create$0(36)) - Creating Metrics Registry : ratis.state_machine.9e94bc01-9abf-4ed9-a199-22f434113cf8@group-4DFC99918E29
2020-06-29 13:09:41,223 [pool-33-thread-1] INFO  metrics.RatisMetrics (RatisMetrics.java:lambda$create$0(36)) - Creating Metrics Registry : ratis.leader_election.7ce633c1-842e-40bb-a1a9-f2b532568b9f@group-DB16C94FD4A8
2020-06-29 13:09:41,224 [pool-48-thread-1] INFO  server.RaftServerConfigKeys (ConfUtils.java:logGet(44)) - raft.server.snapshot.auto.trigger.enabled = true (custom)
2020-06-29 13:09:41,224 [pool-48-thread-1] INFO  server.RaftServerConfigKeys (ConfUtils.java:logGet(44)) - raft.server.snapshot.auto.trigger.threshold = 10000 (custom)
2020-06-29 13:09:41,224 [pool-48-thread-1] INFO  server.RaftServerConfigKeys (ConfUtils.java:logGet(44)) - raft.server.snapshot.retention.file.num = 5 (custom)
2020-06-29 13:09:41,224 [pool-48-thread-1] INFO  server.RaftServerConfigKeys (ConfUtils.java:logGet(44)) - raft.server.log.purge.upto.snapshot.index = false (default)
2020-06-29 13:09:41,224 [Command processor thread] INFO  commandhandler.CreatePipelineCommandHandler (CreatePipelineCommandHandler.java:handle(109)) - Created Pipeline RATIS ONE #id: "957e88cb-48d6-4abd-82e1-4dfc99918e29"
.
2020-06-29 13:09:41,225 [Command processor thread] INFO  impl.RaftServerProxy (RaftServerProxy.java:addNew(89)) - 9e94bc01-9abf-4ed9-a199-22f434113cf8: addNew group-DB16C94FD4A8:[e04a4dbc-64b8-4889-8fb1-17ca03074435:172.17.0.2:39681, 7ce633c1-842e-40bb-a1a9-f2b532568b9f:172.17.0.2:46875, 9e94bc01-9abf-4ed9-a199-22f434113cf8:172.17.0.2:46225] returns group-DB16C94FD4A8:java.util.concurrent.CompletableFuture@7acb4464[Not completed]
2020-06-29 13:09:41,226 [pool-63-thread-1] INFO  impl.RaftServerImpl (RaftServerImpl.java:<init>(99)) - 9e94bc01-9abf-4ed9-a199-22f434113cf8: new RaftServerImpl for group-DB16C94FD4A8:[e04a4dbc-64b8-4889-8fb1-17ca03074435:172.17.0.2:39681, 7ce633c1-842e-40bb-a1a9-f2b532568b9f:172.17.0.2:46875, 9e94bc01-9abf-4ed9-a199-22f434113cf8:172.17.0.2:46225] with ContainerStateMachine:uninitialized
2020-06-29 13:09:41,226 [pool-63-thread-1] INFO  server.RaftServerConfigKeys (ConfUtils.java:logGet(44)) - raft.server.rpc.timeout.min = 5s (custom)
2020-06-29 13:09:41,226 [pool-63-thread-1] INFO  server.RaftServerConfigKeys (ConfUtils.java:logGet(44)) - raft.server.rpc.timeout.max = 5200ms (custom)
2020-06-29 13:09:41,226 [pool-63-thread-1] INFO  server.RaftServerConfigKeys (ConfUtils.java:logGet(44)) - raft.server.rpcslowness.timeout = 1000s (custom)
2020-06-29 13:09:41,226 [pool-63-thread-1] INFO  server.RaftServerConfigKeys (ConfUtils.java:logGet(44)) - raft.server.sleep.deviation.threshold = 300 (default)
2020-06-29 13:09:41,226 [pool-63-thread-1] INFO  server.RaftServerConfigKeys (ConfUtils.java:logGet(44)) - raft.server.log.appender.install.snapshot.enabled = false (custom)
2020-06-29 13:09:41,226 [pool-63-thread-1] INFO  impl.RaftServerImpl (ServerState.java:<init>(103)) - 9e94bc01-9abf-4ed9-a199-22f434113cf8@group-DB16C94FD4A8: ConfigurationManager, init=-1: [e04a4dbc-64b8-4889-8fb1-17ca03074435:172.17.0.2:39681, 7ce633c1-842e-40bb-a1a9-f2b532568b9f:172.17.0.2:46875, 9e94bc01-9abf-4ed9-a199-22f434113cf8:172.17.0.2:46225], old=null, confs=<EMPTY_MAP>
2020-06-29 13:09:41,227 [pool-63-thread-1] INFO  server.RaftServerConfigKeys (ConfUtils.java:logGet(44)) - raft.server.storage.dir = [/github/workspace/mnt/ozone/hadoop-ozone/integration-test/target/test-dir/MiniOzoneClusterImpl-881f34ed-8c6b-489e-be76-d623729a7973/datanode-2/data/ratis] (custom)
2020-06-29 13:09:41,227 [pool-63-thread-1] INFO  server.RaftServerConfigKeys (ConfUtils.java:logGet(44)) - raft.server.log.corruption.policy = EXCEPTION (default)
2020-06-29 13:09:41,227 [pool-63-thread-1] INFO  storage.RaftStorageDirectory (RaftStorageDirectory.java:analyzeStorage(261)) - The storage directory /github/workspace/mnt/ozone/hadoop-ozone/integration-test/target/test-dir/MiniOzoneClusterImpl-881f34ed-8c6b-489e-be76-d623729a7973/datanode-2/data/ratis/f633d165-1721-4193-a138-db16c94fd4a8 does not exist. Creating ...
2020-06-29 13:09:41,228 [pool-63-thread-1] INFO  storage.RaftStorageDirectory (RaftStorageDirectory.java:tryLock(343)) - Lock on /github/workspace/mnt/ozone/hadoop-ozone/integration-test/target/test-dir/MiniOzoneClusterImpl-881f34ed-8c6b-489e-be76-d623729a7973/datanode-2/data/ratis/f633d165-1721-4193-a138-db16c94fd4a8/in_use.lock acquired by nodename 18806@9283ae38f42b
2020-06-29 13:09:41,229 [pool-48-thread-1] INFO  server.RaftServerConfigKeys (ConfUtils.java:logGet(44)) - raft.server.retrycache.expirytime = 600000ms (custom)
2020-06-29 13:09:41,229 [pool-33-thread-1] INFO  metrics.RatisMetrics (RatisMetrics.java:lambda$create$0(36)) - Creating Metrics Registry : ratis.server.7ce633c1-842e-40bb-a1a9-f2b532568b9f@group-DB16C94FD4A8
2020-06-29 13:09:41,229 [pool-48-thread-1] INFO  metrics.RatisMetrics (RatisMetrics.java:lambda$create$0(36)) - Creating Metrics Registry : ratis.leader_election.e04a4dbc-64b8-4889-8fb1-17ca03074435@group-DB16C94FD4A8
2020-06-29 13:09:41,230 [pool-48-thread-1] INFO  metrics.RatisMetrics (RatisMetrics.java:lambda$create$0(36)) - Creating Metrics Registry : ratis.server.e04a4dbc-64b8-4889-8fb1-17ca03074435@group-DB16C94FD4A8
2020-06-29 13:09:41,230 [pool-33-thread-1] INFO  impl.RaftServerImpl (RaftServerImpl.java:start(186)) - 7ce633c1-842e-40bb-a1a9-f2b532568b9f@group-DB16C94FD4A8: start as a follower, conf=-1: [e04a4dbc-64b8-4889-8fb1-17ca03074435:172.17.0.2:39681, 7ce633c1-842e-40bb-a1a9-f2b532568b9f:172.17.0.2:46875, 9e94bc01-9abf-4ed9-a199-22f434113cf8:172.17.0.2:46225], old=null
2020-06-29 13:09:41,230 [pool-33-thread-1] INFO  impl.RaftServerImpl (RaftServerImpl.java:setRole(175)) - 7ce633c1-842e-40bb-a1a9-f2b532568b9f@group-DB16C94FD4A8: changes role from      null to FOLLOWER at term 0 for startAsFollower
2020-06-29 13:09:41,230 [pool-33-thread-1] INFO  impl.RoleInfo (RoleInfo.java:updateAndGet(143)) - 7ce633c1-842e-40bb-a1a9-f2b532568b9f: start FollowerState
2020-06-29 13:09:41,231 [pool-48-thread-1] INFO  impl.RaftServerImpl (RaftServerImpl.java:start(186)) - e04a4dbc-64b8-4889-8fb1-17ca03074435@group-DB16C94FD4A8: start as a follower, conf=-1: [e04a4dbc-64b8-4889-8fb1-17ca03074435:172.17.0.2:39681, 7ce633c1-842e-40bb-a1a9-f2b532568b9f:172.17.0.2:46875, 9e94bc01-9abf-4ed9-a199-22f434113cf8:172.17.0.2:46225], old=null
2020-06-29 13:09:41,231 [pool-48-thread-1] INFO  impl.RaftServerImpl (RaftServerImpl.java:setRole(175)) - e04a4dbc-64b8-4889-8fb1-17ca03074435@group-DB16C94FD4A8: changes role from      null to FOLLOWER at term 0 for startAsFollower
2020-06-29 13:09:41,232 [pool-48-thread-1] INFO  impl.RoleInfo (RoleInfo.java:updateAndGet(143)) - e04a4dbc-64b8-4889-8fb1-17ca03074435: start FollowerState
2020-06-29 13:09:41,232 [pool-33-thread-1] INFO  util.JmxRegister (JmxRegister.java:tryRegister(44)) - Successfully registered JMX Bean with object name Ratis:service=RaftServer,group=group-DB16C94FD4A8,id=7ce633c1-842e-40bb-a1a9-f2b532568b9f
2020-06-29 13:09:41,232 [pool-33-thread-1] INFO  metrics.RatisMetrics (RatisMetrics.java:lambda$create$0(36)) - Creating Metrics Registry : ratis.state_machine.7ce633c1-842e-40bb-a1a9-f2b532568b9f@group-DB16C94FD4A8
2020-06-29 13:09:41,233 [pool-63-thread-1] INFO  storage.RaftStorage (RaftStorage.java:format(84)) - Storage directory /github/workspace/mnt/ozone/hadoop-ozone/integration-test/target/test-dir/MiniOzoneClusterImpl-881f34ed-8c6b-489e-be76-d623729a7973/datanode-2/data/ratis/f633d165-1721-4193-a138-db16c94fd4a8 has been successfully formatted.
2020-06-29 13:09:41,236 [pool-48-thread-1] INFO  util.JmxRegister (JmxRegister.java:tryRegister(44)) - Successfully registered JMX Bean with object name Ratis:service=RaftServer,group=group-DB16C94FD4A8,id=e04a4dbc-64b8-4889-8fb1-17ca03074435
2020-06-29 13:09:41,236 [pool-48-thread-1] INFO  metrics.RatisMetrics (RatisMetrics.java:lambda$create$0(36)) - Creating Metrics Registry : ratis.state_machine.e04a4dbc-64b8-4889-8fb1-17ca03074435@group-DB16C94FD4A8
2020-06-29 13:09:41,238 [pool-63-thread-1] INFO  ratis.ContainerStateMachine (ContainerStateMachine.java:loadSnapshot(226)) - group-DB16C94FD4A8: The snapshot info is null. Setting the last applied indexto:(t:0, i:~)
2020-06-29 13:09:41,239 [pool-63-thread-1] INFO  server.RaftServerConfigKeys (ConfUtils.java:logGet(44)) - raft.server.notification.no-leader.timeout = 60s (default)
2020-06-29 13:09:41,239 [pool-63-thread-1] INFO  server.RaftServerConfigKeys (ConfUtils.java:logGet(44)) - raft.server.log.use.memory = false (default)
2020-06-29 13:09:41,239 [pool-63-thread-1] INFO  server.RaftServerConfigKeys (ConfUtils.java:logGet(44)) - raft.server.log.purge.gap = 1000000 (custom)
2020-06-29 13:09:41,239 [pool-63-thread-1] INFO  server.RaftServerConfigKeys (ConfUtils.java:logGet(44)) - raft.server.log.appender.buffer.byte-limit = 33554432 (custom)
2020-06-29 13:09:41,239 [pool-63-thread-1] INFO  server.RaftServerConfigKeys (ConfUtils.java:logGet(44)) - raft.server.log.segment.size.max = 1048576 (custom)
2020-06-29 13:09:41,239 [pool-63-thread-1] INFO  metrics.RatisMetrics (RatisMetrics.java:lambda$create$0(36)) - Creating Metrics Registry : ratis.log_worker.9e94bc01-9abf-4ed9-a199-22f434113cf8@group-DB16C94FD4A8
2020-06-29 13:09:41,239 [pool-63-thread-1] INFO  server.RaftServerConfigKeys (ConfUtils.java:logGet(44)) - raft.server.log.segment.cache.num.max = 2 (custom)
2020-06-29 13:09:41,239 [pool-63-thread-1] INFO  segmented.SegmentedRaftLogWorker (SegmentedRaftLogWorker.java:<init>(180)) - new 9e94bc01-9abf-4ed9-a199-22f434113cf8@group-DB16C94FD4A8-SegmentedRaftLogWorker for RaftStorage:Storage Directory /github/workspace/mnt/ozone/hadoop-ozone/integration-test/target/test-dir/MiniOzoneClusterImpl-881f34ed-8c6b-489e-be76-d623729a7973/datanode-2/data/ratis/f633d165-1721-4193-a138-db16c94fd4a8
2020-06-29 13:09:41,239 [pool-63-thread-1] INFO  server.RaftServerConfigKeys (ConfUtils.java:logGet(44)) - raft.server.log.queue.byte-limit = 2147483647 (custom)
2020-06-29 13:09:41,239 [pool-63-thread-1] INFO  server.RaftServerConfigKeys (ConfUtils.java:logGet(44)) - raft.server.log.queue.element-limit = 1024 (custom)
2020-06-29 13:09:41,239 [pool-63-thread-1] INFO  server.RaftServerConfigKeys (ConfUtils.java:logGet(44)) - raft.server.log.segment.size.max = 1048576 (custom)
2020-06-29 13:09:41,240 [pool-63-thread-1] INFO  server.RaftServerConfigKeys (ConfUtils.java:logGet(44)) - raft.server.log.preallocated.size = 16384 (custom)
2020-06-29 13:09:41,240 [pool-63-thread-1] INFO  server.RaftServerConfigKeys (ConfUtils.java:logGet(44)) - raft.server.log.write.buffer.size = 1048576 (custom)
2020-06-29 13:09:41,240 [pool-63-thread-1] INFO  server.RaftServerConfigKeys (ConfUtils.java:logGet(44)) - raft.server.log.force.sync.num = 128 (default)
2020-06-29 13:09:41,240 [pool-63-thread-1] INFO  server.RaftServerConfigKeys (ConfUtils.java:logGet(44)) - raft.server.log.statemachine.data.sync = true (default)
2020-06-29 13:09:41,240 [pool-63-thread-1] INFO  server.RaftServerConfigKeys (ConfUtils.java:logGet(44)) - raft.server.log.statemachine.data.sync.timeout = 10s (default)
2020-06-29 13:09:41,240 [pool-63-thread-1] INFO  server.RaftServerConfigKeys (ConfUtils.java:logGet(44)) - raft.server.log.statemachine.data.sync.timeout.retry = -1 (default)
2020-06-29 13:09:41,241 [pool-63-thread-1] INFO  server.RaftServerConfigKeys (ConfUtils.java:logGet(44)) - raft.server.log.statemachine.data.caching.enabled = true (custom)
2020-06-29 13:09:41,242 [pool-63-thread-1] INFO  segmented.SegmentedRaftLogWorker (SegmentedRaftLogWorker.java:lambda$new$0(129)) - 9e94bc01-9abf-4ed9-a199-22f434113cf8@group-DB16C94FD4A8-SegmentedRaftLogWorker: flushIndex: setUnconditionally 0 -> -1
2020-06-29 13:09:41,242 [pool-63-thread-1] INFO  segmented.SegmentedRaftLogWorker (SegmentedRaftLogWorker.java:lambda$new$0(129)) - 9e94bc01-9abf-4ed9-a199-22f434113cf8@group-DB16C94FD4A8-SegmentedRaftLogWorker: safeCacheEvictIndex: setUnconditionally 0 -> -1
2020-06-29 13:09:41,258 [pool-63-thread-1] INFO  server.RaftServerConfigKeys (ConfUtils.java:logGet(44)) - raft.server.snapshot.auto.trigger.enabled = true (custom)
2020-06-29 13:09:41,258 [pool-63-thread-1] INFO  server.RaftServerConfigKeys (ConfUtils.java:logGet(44)) - raft.server.snapshot.auto.trigger.threshold = 10000 (custom)
2020-06-29 13:09:41,258 [pool-63-thread-1] INFO  server.RaftServerConfigKeys (ConfUtils.java:logGet(44)) - raft.server.snapshot.retention.file.num = 5 (custom)
2020-06-29 13:09:41,258 [pool-63-thread-1] INFO  server.RaftServerConfigKeys (ConfUtils.java:logGet(44)) - raft.server.log.purge.upto.snapshot.index = false (default)
2020-06-29 13:09:41,258 [pool-63-thread-1] INFO  server.RaftServerConfigKeys (ConfUtils.java:logGet(44)) - raft.server.retrycache.expirytime = 600000ms (custom)
2020-06-29 13:09:41,258 [pool-63-thread-1] INFO  metrics.RatisMetrics (RatisMetrics.java:lambda$create$0(36)) - Creating Metrics Registry : ratis.leader_election.9e94bc01-9abf-4ed9-a199-22f434113cf8@group-DB16C94FD4A8
2020-06-29 13:09:41,261 [pool-63-thread-1] INFO  metrics.RatisMetrics (RatisMetrics.java:lambda$create$0(36)) - Creating Metrics Registry : ratis.server.9e94bc01-9abf-4ed9-a199-22f434113cf8@group-DB16C94FD4A8
2020-06-29 13:09:41,262 [pool-63-thread-1] INFO  impl.RaftServerImpl (RaftServerImpl.java:start(186)) - 9e94bc01-9abf-4ed9-a199-22f434113cf8@group-DB16C94FD4A8: start as a follower, conf=-1: [e04a4dbc-64b8-4889-8fb1-17ca03074435:172.17.0.2:39681, 7ce633c1-842e-40bb-a1a9-f2b532568b9f:172.17.0.2:46875, 9e94bc01-9abf-4ed9-a199-22f434113cf8:172.17.0.2:46225], old=null
2020-06-29 13:09:41,262 [pool-63-thread-1] INFO  impl.RaftServerImpl (RaftServerImpl.java:setRole(175)) - 9e94bc01-9abf-4ed9-a199-22f434113cf8@group-DB16C94FD4A8: changes role from      null to FOLLOWER at term 0 for startAsFollower
2020-06-29 13:09:41,264 [pool-63-thread-1] INFO  impl.RoleInfo (RoleInfo.java:updateAndGet(143)) - 9e94bc01-9abf-4ed9-a199-22f434113cf8: start FollowerState
2020-06-29 13:09:41,277 [pool-63-thread-1] INFO  util.JmxRegister (JmxRegister.java:tryRegister(44)) - Successfully registered JMX Bean with object name Ratis:service=RaftServer,group=group-DB16C94FD4A8,id=9e94bc01-9abf-4ed9-a199-22f434113cf8
2020-06-29 13:09:41,277 [pool-63-thread-1] INFO  metrics.RatisMetrics (RatisMetrics.java:lambda$create$0(36)) - Creating Metrics Registry : ratis.state_machine.9e94bc01-9abf-4ed9-a199-22f434113cf8@group-DB16C94FD4A8
2020-06-29 13:09:41,970 [Command processor thread] INFO  commandhandler.CreatePipelineCommandHandler (CreatePipelineCommandHandler.java:handle(109)) - Created Pipeline RATIS THREE #id: "f633d165-1721-4193-a138-db16c94fd4a8"
.
2020-06-29 13:09:41,977 [Command processor thread] INFO  commandhandler.CreatePipelineCommandHandler (CreatePipelineCommandHandler.java:handle(109)) - Created Pipeline RATIS THREE #id: "f633d165-1721-4193-a138-db16c94fd4a8"
.
2020-06-29 13:09:41,977 [Command processor thread] INFO  commandhandler.CreatePipelineCommandHandler (CreatePipelineCommandHandler.java:handle(109)) - Created Pipeline RATIS THREE #id: "f633d165-1721-4193-a138-db16c94fd4a8"
.
2020-06-29 13:09:42,157 [Listener at 127.0.0.1/44993] INFO  ozone.MiniOzoneClusterImpl (MiniOzoneClusterImpl.java:lambda$waitForClusterToBeReady$0(177)) - Nodes are ready. Got 3 of 3 DN Heartbeats.
2020-06-29 13:09:42,157 [Listener at 127.0.0.1/44993] INFO  ozone.MiniOzoneClusterImpl (MiniOzoneClusterImpl.java:lambda$waitForClusterToBeReady$0(180)) - Waiting for cluster to exit safe mode
2020-06-29 13:09:43,157 [Listener at 127.0.0.1/44993] INFO  ozone.MiniOzoneClusterImpl (MiniOzoneClusterImpl.java:lambda$waitForClusterToBeReady$0(177)) - Nodes are ready. Got 3 of 3 DN Heartbeats.
2020-06-29 13:09:43,157 [Listener at 127.0.0.1/44993] INFO  ozone.MiniOzoneClusterImpl (MiniOzoneClusterImpl.java:lambda$waitForClusterToBeReady$0(180)) - Waiting for cluster to exit safe mode
2020-06-29 13:09:44,158 [Listener at 127.0.0.1/44993] INFO  ozone.MiniOzoneClusterImpl (MiniOzoneClusterImpl.java:lambda$waitForClusterToBeReady$0(177)) - Nodes are ready. Got 3 of 3 DN Heartbeats.
2020-06-29 13:09:44,158 [Listener at 127.0.0.1/44993] INFO  ozone.MiniOzoneClusterImpl (MiniOzoneClusterImpl.java:lambda$waitForClusterToBeReady$0(180)) - Waiting for cluster to exit safe mode
2020-06-29 13:09:45,158 [Listener at 127.0.0.1/44993] INFO  ozone.MiniOzoneClusterImpl (MiniOzoneClusterImpl.java:lambda$waitForClusterToBeReady$0(177)) - Nodes are ready. Got 3 of 3 DN Heartbeats.
2020-06-29 13:09:45,158 [Listener at 127.0.0.1/44993] INFO  ozone.MiniOzoneClusterImpl (MiniOzoneClusterImpl.java:lambda$waitForClusterToBeReady$0(180)) - Waiting for cluster to exit safe mode
2020-06-29 13:09:46,158 [Listener at 127.0.0.1/44993] INFO  ozone.MiniOzoneClusterImpl (MiniOzoneClusterImpl.java:lambda$waitForClusterToBeReady$0(177)) - Nodes are ready. Got 3 of 3 DN Heartbeats.
2020-06-29 13:09:46,159 [Listener at 127.0.0.1/44993] INFO  ozone.MiniOzoneClusterImpl (MiniOzoneClusterImpl.java:lambda$waitForClusterToBeReady$0(180)) - Waiting for cluster to exit safe mode
2020-06-29 13:09:46,175 [Thread-192] INFO  impl.FollowerState (FollowerState.java:run(108)) - 7ce633c1-842e-40bb-a1a9-f2b532568b9f@group-95AFC23D56A2-FollowerState: change to CANDIDATE, lastRpcTime:5042ms, electionTimeout:5036ms
2020-06-29 13:09:46,176 [Thread-192] INFO  impl.RoleInfo (RoleInfo.java:shutdownFollowerState(121)) - 7ce633c1-842e-40bb-a1a9-f2b532568b9f: shutdown FollowerState
2020-06-29 13:09:46,177 [Thread-192] INFO  impl.RaftServerImpl (RaftServerImpl.java:setRole(175)) - 7ce633c1-842e-40bb-a1a9-f2b532568b9f@group-95AFC23D56A2: changes role from  FOLLOWER to CANDIDATE at term 0 for changeToCandidate
2020-06-29 13:09:46,179 [Thread-192] INFO  impl.RoleInfo (RoleInfo.java:updateAndGet(143)) - 7ce633c1-842e-40bb-a1a9-f2b532568b9f: start LeaderElection
2020-06-29 13:09:46,179 [Thread-193] INFO  impl.FollowerState (FollowerState.java:run(108)) - e04a4dbc-64b8-4889-8fb1-17ca03074435@group-A5DC2F9AE473-FollowerState: change to CANDIDATE, lastRpcTime:5035ms, electionTimeout:5027ms
2020-06-29 13:09:46,180 [Thread-193] INFO  impl.RoleInfo (RoleInfo.java:shutdownFollowerState(121)) - e04a4dbc-64b8-4889-8fb1-17ca03074435: shutdown FollowerState
2020-06-29 13:09:46,181 [Thread-193] INFO  impl.RaftServerImpl (RaftServerImpl.java:setRole(175)) - e04a4dbc-64b8-4889-8fb1-17ca03074435@group-A5DC2F9AE473: changes role from  FOLLOWER to CANDIDATE at term 0 for changeToCandidate
2020-06-29 13:09:46,181 [Thread-193] INFO  impl.RoleInfo (RoleInfo.java:updateAndGet(143)) - e04a4dbc-64b8-4889-8fb1-17ca03074435: start LeaderElection
2020-06-29 13:09:46,195 [7ce633c1-842e-40bb-a1a9-f2b532568b9f@group-95AFC23D56A2-LeaderElection1] INFO  impl.LeaderElection (LeaderElection.java:askForVotes(206)) - 7ce633c1-842e-40bb-a1a9-f2b532568b9f@group-95AFC23D56A2-LeaderElection1: begin an election at term 1 for -1: [7ce633c1-842e-40bb-a1a9-f2b532568b9f:172.17.0.2:46875], old=null
2020-06-29 13:09:46,195 [e04a4dbc-64b8-4889-8fb1-17ca03074435@group-A5DC2F9AE473-LeaderElection2] INFO  impl.LeaderElection (LeaderElection.java:askForVotes(206)) - e04a4dbc-64b8-4889-8fb1-17ca03074435@group-A5DC2F9AE473-LeaderElection2: begin an election at term 1 for -1: [e04a4dbc-64b8-4889-8fb1-17ca03074435:172.17.0.2:39681], old=null
2020-06-29 13:09:46,196 [e04a4dbc-64b8-4889-8fb1-17ca03074435@group-A5DC2F9AE473-LeaderElection2] INFO  impl.RoleInfo (RoleInfo.java:shutdownLeaderElection(134)) - e04a4dbc-64b8-4889-8fb1-17ca03074435: shutdown LeaderElection
2020-06-29 13:09:46,196 [7ce633c1-842e-40bb-a1a9-f2b532568b9f@group-95AFC23D56A2-LeaderElection1] INFO  impl.RoleInfo (RoleInfo.java:shutdownLeaderElection(134)) - 7ce633c1-842e-40bb-a1a9-f2b532568b9f: shutdown LeaderElection
2020-06-29 13:09:46,196 [7ce633c1-842e-40bb-a1a9-f2b532568b9f@group-95AFC23D56A2-LeaderElection1] INFO  impl.RaftServerImpl (RaftServerImpl.java:setRole(175)) - 7ce633c1-842e-40bb-a1a9-f2b532568b9f@group-95AFC23D56A2: changes role from CANDIDATE to LEADER at term 1 for changeToLeader
2020-06-29 13:09:46,197 [7ce633c1-842e-40bb-a1a9-f2b532568b9f@group-95AFC23D56A2-LeaderElection1] INFO  ratis.XceiverServerRatis (XceiverServerRatis.java:handleLeaderChangedNotification(762)) - Leader change notification received for group: group-95AFC23D56A2 with new leaderId: 7ce633c1-842e-40bb-a1a9-f2b532568b9f
2020-06-29 13:09:46,198 [7ce633c1-842e-40bb-a1a9-f2b532568b9f@group-95AFC23D56A2-LeaderElection1] INFO  impl.RaftServerImpl (ServerState.java:setLeader(255)) - 7ce633c1-842e-40bb-a1a9-f2b532568b9f@group-95AFC23D56A2: change Leader from null to 7ce633c1-842e-40bb-a1a9-f2b532568b9f at term 1 for becomeLeader, leader elected after 5236ms
2020-06-29 13:09:46,201 [7ce633c1-842e-40bb-a1a9-f2b532568b9f@group-95AFC23D56A2-LeaderElection1] INFO  server.RaftServerConfigKeys (ConfUtils.java:logGet(44)) - raft.server.staging.catchup.gap = 1000 (default)
2020-06-29 13:09:46,202 [7ce633c1-842e-40bb-a1a9-f2b532568b9f@group-95AFC23D56A2-LeaderElection1] INFO  server.RaftServerConfigKeys (ConfUtils.java:logGet(44)) - raft.server.rpc.sleep.time = 25ms (default)
2020-06-29 13:09:46,202 [e04a4dbc-64b8-4889-8fb1-17ca03074435@group-A5DC2F9AE473-LeaderElection2] INFO  impl.RaftServerImpl (RaftServerImpl.java:setRole(175)) - e04a4dbc-64b8-4889-8fb1-17ca03074435@group-A5DC2F9AE473: changes role from CANDIDATE to LEADER at term 1 for changeToLeader
2020-06-29 13:09:46,203 [e04a4dbc-64b8-4889-8fb1-17ca03074435@group-A5DC2F9AE473-LeaderElection2] INFO  ratis.XceiverServerRatis (XceiverServerRatis.java:handleLeaderChangedNotification(762)) - Leader change notification received for group: group-A5DC2F9AE473 with new leaderId: e04a4dbc-64b8-4889-8fb1-17ca03074435
2020-06-29 13:09:46,203 [e04a4dbc-64b8-4889-8fb1-17ca03074435@group-A5DC2F9AE473-LeaderElection2] INFO  impl.RaftServerImpl (ServerState.java:setLeader(255)) - e04a4dbc-64b8-4889-8fb1-17ca03074435@group-A5DC2F9AE473: change Leader from null to e04a4dbc-64b8-4889-8fb1-17ca03074435 at term 1 for becomeLeader, leader elected after 5090ms
2020-06-29 13:09:46,203 [e04a4dbc-64b8-4889-8fb1-17ca03074435@group-A5DC2F9AE473-LeaderElection2] INFO  server.RaftServerConfigKeys (ConfUtils.java:logGet(44)) - raft.server.staging.catchup.gap = 1000 (default)
2020-06-29 13:09:46,203 [e04a4dbc-64b8-4889-8fb1-17ca03074435@group-A5DC2F9AE473-LeaderElection2] INFO  server.RaftServerConfigKeys (ConfUtils.java:logGet(44)) - raft.server.rpc.sleep.time = 25ms (default)
2020-06-29 13:09:46,205 [7ce633c1-842e-40bb-a1a9-f2b532568b9f@group-95AFC23D56A2-LeaderElection1] INFO  metrics.RatisMetrics (RatisMetrics.java:lambda$create$0(36)) - Creating Metrics Registry : ratis.log_appender.7ce633c1-842e-40bb-a1a9-f2b532568b9f@group-95AFC23D56A2
2020-06-29 13:09:46,205 [e04a4dbc-64b8-4889-8fb1-17ca03074435@group-A5DC2F9AE473-LeaderElection2] INFO  metrics.RatisMetrics (RatisMetrics.java:lambda$create$0(36)) - Creating Metrics Registry : ratis.log_appender.e04a4dbc-64b8-4889-8fb1-17ca03074435@group-A5DC2F9AE473
2020-06-29 13:09:46,206 [7ce633c1-842e-40bb-a1a9-f2b532568b9f@group-95AFC23D56A2-LeaderElection1] INFO  server.RaftServerConfigKeys (ConfUtils.java:logGet(44)) - raft.server.write.element-limit = 1024 (custom)
2020-06-29 13:09:46,206 [e04a4dbc-64b8-4889-8fb1-17ca03074435@group-A5DC2F9AE473-LeaderElection2] INFO  server.RaftServerConfigKeys (ConfUtils.java:logGet(44)) - raft.server.write.element-limit = 1024 (custom)
2020-06-29 13:09:46,213 [e04a4dbc-64b8-4889-8fb1-17ca03074435@group-A5DC2F9AE473-LeaderElection2] INFO  server.RaftServerConfigKeys (ConfUtils.java:logGet(44)) - raft.server.write.byte-limit = 1073741824 (custom)
2020-06-29 13:09:46,207 [7ce633c1-842e-40bb-a1a9-f2b532568b9f@group-95AFC23D56A2-LeaderElection1] INFO  server.RaftServerConfigKeys (ConfUtils.java:logGet(44)) - raft.server.write.byte-limit = 1073741824 (custom)
2020-06-29 13:09:46,222 [e04a4dbc-64b8-4889-8fb1-17ca03074435@group-A5DC2F9AE473-LeaderElection2] INFO  server.RaftServerConfigKeys (ConfUtils.java:logGet(44)) - raft.server.watch.timeout = 3s (custom)
2020-06-29 13:09:46,222 [7ce633c1-842e-40bb-a1a9-f2b532568b9f@group-95AFC23D56A2-LeaderElection1] INFO  server.RaftServerConfigKeys (ConfUtils.java:logGet(44)) - raft.server.watch.timeout = 3s (custom)
2020-06-29 13:09:46,222 [e04a4dbc-64b8-4889-8fb1-17ca03074435@group-A5DC2F9AE473-LeaderElection2] INFO  server.RaftServerConfigKeys (ConfUtils.java:logGet(44)) - raft.server.watch.timeout.denomination = 1s (default)
2020-06-29 13:09:46,222 [7ce633c1-842e-40bb-a1a9-f2b532568b9f@group-95AFC23D56A2-LeaderElection1] INFO  server.RaftServerConfigKeys (ConfUtils.java:logGet(44)) - raft.server.watch.timeout.denomination = 1s (default)
2020-06-29 13:09:46,222 [7ce633c1-842e-40bb-a1a9-f2b532568b9f@group-95AFC23D56A2-LeaderElection1] INFO  server.RaftServerConfigKeys (ConfUtils.java:logGet(44)) - raft.server.watch.element-limit = 65536 (default)
2020-06-29 13:09:46,222 [e04a4dbc-64b8-4889-8fb1-17ca03074435@group-A5DC2F9AE473-LeaderElection2] INFO  server.RaftServerConfigKeys (ConfUtils.java:logGet(44)) - raft.server.watch.element-limit = 65536 (default)
2020-06-29 13:09:46,229 [7ce633c1-842e-40bb-a1a9-f2b532568b9f@group-95AFC23D56A2-LeaderElection1] INFO  impl.RoleInfo (RoleInfo.java:updateAndGet(143)) - 7ce633c1-842e-40bb-a1a9-f2b532568b9f: start LeaderState
2020-06-29 13:09:46,236 [e04a4dbc-64b8-4889-8fb1-17ca03074435@group-A5DC2F9AE473-LeaderElection2] INFO  impl.RoleInfo (RoleInfo.java:updateAndGet(143)) - e04a4dbc-64b8-4889-8fb1-17ca03074435: start LeaderState
2020-06-29 13:09:46,245 [e04a4dbc-64b8-4889-8fb1-17ca03074435@group-A5DC2F9AE473-LeaderElection2] INFO  segmented.SegmentedRaftLogWorker (SegmentedRaftLogWorker.java:startLogSegment(397)) - e04a4dbc-64b8-4889-8fb1-17ca03074435@group-A5DC2F9AE473-SegmentedRaftLogWorker: Starting segment from index:0
2020-06-29 13:09:46,246 [7ce633c1-842e-40bb-a1a9-f2b532568b9f@group-95AFC23D56A2-LeaderElection1] INFO  segmented.SegmentedRaftLogWorker (SegmentedRaftLogWorker.java:startLogSegment(397)) - 7ce633c1-842e-40bb-a1a9-f2b532568b9f@group-95AFC23D56A2-SegmentedRaftLogWorker: Starting segment from index:0
2020-06-29 13:09:46,262 [Thread-200] INFO  impl.FollowerState (FollowerState.java:run(108)) - 7ce633c1-842e-40bb-a1a9-f2b532568b9f@group-DB16C94FD4A8-FollowerState: change to CANDIDATE, lastRpcTime:5032ms, electionTimeout:5030ms
2020-06-29 13:09:46,263 [Thread-200] INFO  impl.RoleInfo (RoleInfo.java:shutdownFollowerState(121)) - 7ce633c1-842e-40bb-a1a9-f2b532568b9f: shutdown FollowerState
2020-06-29 13:09:46,263 [Thread-200] INFO  impl.RaftServerImpl (RaftServerImpl.java:setRole(175)) - 7ce633c1-842e-40bb-a1a9-f2b532568b9f@group-DB16C94FD4A8: changes role from  FOLLOWER to CANDIDATE at term 0 for changeToCandidate
2020-06-29 13:09:46,275 [7ce633c1-842e-40bb-a1a9-f2b532568b9f@group-95AFC23D56A2-LeaderElection1] INFO  impl.RaftServerImpl (ServerState.java:setRaftConf(356)) - 7ce633c1-842e-40bb-a1a9-f2b532568b9f@group-95AFC23D56A2: set configuration 0: [7ce633c1-842e-40bb-a1a9-f2b532568b9f:172.17.0.2:46875], old=null at 0
2020-06-29 13:09:46,280 [Thread-200] INFO  impl.RoleInfo (RoleInfo.java:updateAndGet(143)) - 7ce633c1-842e-40bb-a1a9-f2b532568b9f: start LeaderElection
2020-06-29 13:09:46,280 [e04a4dbc-64b8-4889-8fb1-17ca03074435@group-A5DC2F9AE473-LeaderElection2] INFO  impl.RaftServerImpl (ServerState.java:setRaftConf(356)) - e04a4dbc-64b8-4889-8fb1-17ca03074435@group-A5DC2F9AE473: set configuration 0: [e04a4dbc-64b8-4889-8fb1-17ca03074435:172.17.0.2:39681], old=null at 0
2020-06-29 13:09:46,295 [7ce633c1-842e-40bb-a1a9-f2b532568b9f@group-DB16C94FD4A8-LeaderElection3] INFO  impl.LeaderElection (LeaderElection.java:askForVotes(206)) - 7ce633c1-842e-40bb-a1a9-f2b532568b9f@group-DB16C94FD4A8-LeaderElection3: begin an election at term 1 for -1: [e04a4dbc-64b8-4889-8fb1-17ca03074435:172.17.0.2:39681, 7ce633c1-842e-40bb-a1a9-f2b532568b9f:172.17.0.2:46875, 9e94bc01-9abf-4ed9-a199-22f434113cf8:172.17.0.2:46225], old=null
2020-06-29 13:09:46,328 [Thread-198] INFO  impl.FollowerState (FollowerState.java:run(108)) - 9e94bc01-9abf-4ed9-a199-22f434113cf8@group-4DFC99918E29-FollowerState: change to CANDIDATE, lastRpcTime:5106ms, electionTimeout:5103ms
2020-06-29 13:09:46,328 [Thread-198] INFO  impl.RoleInfo (RoleInfo.java:shutdownFollowerState(121)) - 9e94bc01-9abf-4ed9-a199-22f434113cf8: shutdown FollowerState
2020-06-29 13:09:46,328 [Thread-198] INFO  impl.RaftServerImpl (RaftServerImpl.java:setRole(175)) - 9e94bc01-9abf-4ed9-a199-22f434113cf8@group-4DFC99918E29: changes role from  FOLLOWER to CANDIDATE at term 0 for changeToCandidate
2020-06-29 13:09:46,329 [Thread-198] INFO  impl.RoleInfo (RoleInfo.java:updateAndGet(143)) - 9e94bc01-9abf-4ed9-a199-22f434113cf8: start LeaderElection
2020-06-29 13:09:46,338 [9e94bc01-9abf-4ed9-a199-22f434113cf8@group-4DFC99918E29-LeaderElection4] INFO  impl.LeaderElection (LeaderElection.java:askForVotes(206)) - 9e94bc01-9abf-4ed9-a199-22f434113cf8@group-4DFC99918E29-LeaderElection4: begin an election at term 1 for -1: [9e94bc01-9abf-4ed9-a199-22f434113cf8:172.17.0.2:46225], old=null
2020-06-29 13:09:46,338 [9e94bc01-9abf-4ed9-a199-22f434113cf8@group-4DFC99918E29-LeaderElection4] INFO  impl.RoleInfo (RoleInfo.java:shutdownLeaderElection(134)) - 9e94bc01-9abf-4ed9-a199-22f434113cf8: shutdown LeaderElection
2020-06-29 13:09:46,339 [9e94bc01-9abf-4ed9-a199-22f434113cf8@group-4DFC99918E29-LeaderElection4] INFO  impl.RaftServerImpl (RaftServerImpl.java:setRole(175)) - 9e94bc01-9abf-4ed9-a199-22f434113cf8@group-4DFC99918E29: changes role from CANDIDATE to LEADER at term 1 for changeToLeader
2020-06-29 13:09:46,339 [9e94bc01-9abf-4ed9-a199-22f434113cf8@group-4DFC99918E29-LeaderElection4] INFO  ratis.XceiverServerRatis (XceiverServerRatis.java:handleLeaderChangedNotification(762)) - Leader change notification received for group: group-4DFC99918E29 with new leaderId: 9e94bc01-9abf-4ed9-a199-22f434113cf8
2020-06-29 13:09:46,340 [9e94bc01-9abf-4ed9-a199-22f434113cf8@group-4DFC99918E29-LeaderElection4] INFO  impl.RaftServerImpl (ServerState.java:setLeader(255)) - 9e94bc01-9abf-4ed9-a199-22f434113cf8@group-4DFC99918E29: change Leader from null to 9e94bc01-9abf-4ed9-a199-22f434113cf8 at term 1 for becomeLeader, leader elected after 5135ms
2020-06-29 13:09:46,340 [9e94bc01-9abf-4ed9-a199-22f434113cf8@group-4DFC99918E29-LeaderElection4] INFO  server.RaftServerConfigKeys (ConfUtils.java:logGet(44)) - raft.server.staging.catchup.gap = 1000 (default)
2020-06-29 13:09:46,340 [9e94bc01-9abf-4ed9-a199-22f434113cf8@group-4DFC99918E29-LeaderElection4] INFO  server.RaftServerConfigKeys (ConfUtils.java:logGet(44)) - raft.server.rpc.sleep.time = 25ms (default)
2020-06-29 13:09:46,340 [9e94bc01-9abf-4ed9-a199-22f434113cf8@group-4DFC99918E29-LeaderElection4] INFO  metrics.RatisMetrics (RatisMetrics.java:lambda$create$0(36)) - Creating Metrics Registry : ratis.log_appender.9e94bc01-9abf-4ed9-a199-22f434113cf8@group-4DFC99918E29
2020-06-29 13:09:46,340 [9e94bc01-9abf-4ed9-a199-22f434113cf8@group-4DFC99918E29-LeaderElection4] INFO  server.RaftServerConfigKeys (ConfUtils.java:logGet(44)) - raft.server.write.element-limit = 1024 (custom)
2020-06-29 13:09:46,341 [9e94bc01-9abf-4ed9-a199-22f434113cf8@group-4DFC99918E29-LeaderElection4] INFO  server.RaftServerConfigKeys (ConfUtils.java:logGet(44)) - raft.server.write.byte-limit = 1073741824 (custom)
2020-06-29 13:09:46,341 [9e94bc01-9abf-4ed9-a199-22f434113cf8@group-4DFC99918E29-LeaderElection4] INFO  server.RaftServerConfigKeys (ConfUtils.java:logGet(44)) - raft.server.watch.timeout = 3s (custom)
2020-06-29 13:09:46,341 [9e94bc01-9abf-4ed9-a199-22f434113cf8@group-4DFC99918E29-LeaderElection4] INFO  server.RaftServerConfigKeys (ConfUtils.java:logGet(44)) - raft.server.watch.timeout.denomination = 1s (default)
2020-06-29 13:09:46,341 [9e94bc01-9abf-4ed9-a199-22f434113cf8@group-4DFC99918E29-LeaderElection4] INFO  server.RaftServerConfigKeys (ConfUtils.java:logGet(44)) - raft.server.watch.element-limit = 65536 (default)
2020-06-29 13:09:46,341 [9e94bc01-9abf-4ed9-a199-22f434113cf8@group-4DFC99918E29-LeaderElection4] INFO  impl.RoleInfo (RoleInfo.java:updateAndGet(143)) - 9e94bc01-9abf-4ed9-a199-22f434113cf8: start LeaderState
2020-06-29 13:09:46,342 [9e94bc01-9abf-4ed9-a199-22f434113cf8@group-4DFC99918E29-LeaderElection4] INFO  segmented.SegmentedRaftLogWorker (SegmentedRaftLogWorker.java:startLogSegment(397)) - 9e94bc01-9abf-4ed9-a199-22f434113cf8@group-4DFC99918E29-SegmentedRaftLogWorker: Starting segment from index:0
2020-06-29 13:09:46,352 [9e94bc01-9abf-4ed9-a199-22f434113cf8@group-4DFC99918E29-LeaderElection4] INFO  impl.RaftServerImpl (ServerState.java:setRaftConf(356)) - 9e94bc01-9abf-4ed9-a199-22f434113cf8@group-4DFC99918E29: set configuration 0: [9e94bc01-9abf-4ed9-a199-22f434113cf8:172.17.0.2:46225], old=null at 0
2020-06-29 13:09:46,353 [grpc-default-executor-0] DEBUG impl.RaftServerImpl (RaftServerImpl.java:requestVote(821)) - e04a4dbc-64b8-4889-8fb1-17ca03074435@group-DB16C94FD4A8: receive requestVote(7ce633c1-842e-40bb-a1a9-f2b532568b9f, group-DB16C94FD4A8, 1, (t:0, i:0))
2020-06-29 13:09:46,357 [grpc-default-executor-0] INFO  impl.RaftServerImpl (RaftServerImpl.java:setRole(175)) - e04a4dbc-64b8-4889-8fb1-17ca03074435@group-DB16C94FD4A8: changes role from  FOLLOWER to FOLLOWER at term 1 for recognizeCandidate:7ce633c1-842e-40bb-a1a9-f2b532568b9f
2020-06-29 13:09:46,357 [grpc-default-executor-0] INFO  impl.RoleInfo (RoleInfo.java:shutdownFollowerState(121)) - e04a4dbc-64b8-4889-8fb1-17ca03074435: shutdown FollowerState
2020-06-29 13:09:46,358 [Thread-201] INFO  impl.FollowerState (FollowerState.java:run(117)) - e04a4dbc-64b8-4889-8fb1-17ca03074435@group-DB16C94FD4A8-FollowerState was interrupted: java.lang.InterruptedException: sleep interrupted
2020-06-29 13:09:46,358 [grpc-default-executor-0] INFO  impl.RoleInfo (RoleInfo.java:updateAndGet(143)) - e04a4dbc-64b8-4889-8fb1-17ca03074435: start FollowerState
2020-06-29 13:09:46,364 [grpc-default-executor-2] DEBUG impl.RaftServerImpl (RaftServerImpl.java:requestVote(821)) - 9e94bc01-9abf-4ed9-a199-22f434113cf8@group-DB16C94FD4A8: receive requestVote(7ce633c1-842e-40bb-a1a9-f2b532568b9f, group-DB16C94FD4A8, 1, (t:0, i:0))
2020-06-29 13:09:46,376 [grpc-default-executor-2] INFO  impl.RaftServerImpl (RaftServerImpl.java:setRole(175)) - 9e94bc01-9abf-4ed9-a199-22f434113cf8@group-DB16C94FD4A8: changes role from  FOLLOWER to FOLLOWER at term 1 for recognizeCandidate:7ce633c1-842e-40bb-a1a9-f2b532568b9f
2020-06-29 13:09:46,376 [grpc-default-executor-2] INFO  impl.RoleInfo (RoleInfo.java:shutdownFollowerState(121)) - 9e94bc01-9abf-4ed9-a199-22f434113cf8: shutdown FollowerState
2020-06-29 13:09:46,376 [grpc-default-executor-2] INFO  impl.RoleInfo (RoleInfo.java:updateAndGet(143)) - 9e94bc01-9abf-4ed9-a199-22f434113cf8: start FollowerState
2020-06-29 13:09:46,376 [Thread-203] INFO  impl.FollowerState (FollowerState.java:run(117)) - 9e94bc01-9abf-4ed9-a199-22f434113cf8@group-DB16C94FD4A8-FollowerState was interrupted: java.lang.InterruptedException: sleep interrupted
2020-06-29 13:09:46,388 [grpc-default-executor-2] DEBUG impl.RaftServerImpl (RaftServerImpl.java:requestVote(853)) - 9e94bc01-9abf-4ed9-a199-22f434113cf8@group-DB16C94FD4A8 replies to vote request: 7ce633c1-842e-40bb-a1a9-f2b532568b9f<-9e94bc01-9abf-4ed9-a199-22f434113cf8#0:OK-t1. Peer's state: 9e94bc01-9abf-4ed9-a199-22f434113cf8@group-DB16C94FD4A8:t1, leader=null, voted=7ce633c1-842e-40bb-a1a9-f2b532568b9f, raftlog=9e94bc01-9abf-4ed9-a199-22f434113cf8@group-DB16C94FD4A8-SegmentedRaftLog:OPENED:c-1,f-1,i0, conf=-1: [e04a4dbc-64b8-4889-8fb1-17ca03074435:172.17.0.2:39681, 7ce633c1-842e-40bb-a1a9-f2b532568b9f:172.17.0.2:46875, 9e94bc01-9abf-4ed9-a199-22f434113cf8:172.17.0.2:46225], old=null
2020-06-29 13:09:46,393 [grpc-default-executor-0] DEBUG impl.RaftServerImpl (RaftServerImpl.java:requestVote(853)) - e04a4dbc-64b8-4889-8fb1-17ca03074435@group-DB16C94FD4A8 replies to vote request: 7ce633c1-842e-40bb-a1a9-f2b532568b9f<-e04a4dbc-64b8-4889-8fb1-17ca03074435#0:OK-t1. Peer's state: e04a4dbc-64b8-4889-8fb1-17ca03074435@group-DB16C94FD4A8:t1, leader=null, voted=7ce633c1-842e-40bb-a1a9-f2b532568b9f, raftlog=e04a4dbc-64b8-4889-8fb1-17ca03074435@group-DB16C94FD4A8-SegmentedRaftLog:OPENED:c-1,f-1,i0, conf=-1: [e04a4dbc-64b8-4889-8fb1-17ca03074435:172.17.0.2:39681, 7ce633c1-842e-40bb-a1a9-f2b532568b9f:172.17.0.2:46875, 9e94bc01-9abf-4ed9-a199-22f434113cf8:172.17.0.2:46225], old=null
2020-06-29 13:09:46,394 [7ce633c1-842e-40bb-a1a9-f2b532568b9f@group-DB16C94FD4A8-LeaderElection3] INFO  impl.LeaderElection (LeaderElection.java:logAndReturn(61)) - 7ce633c1-842e-40bb-a1a9-f2b532568b9f@group-DB16C94FD4A8-LeaderElection3: Election PASSED; received 1 response(s) [7ce633c1-842e-40bb-a1a9-f2b532568b9f<-9e94bc01-9abf-4ed9-a199-22f434113cf8#0:OK-t1] and 0 exception(s); 7ce633c1-842e-40bb-a1a9-f2b532568b9f@group-DB16C94FD4A8:t1, leader=null, voted=7ce633c1-842e-40bb-a1a9-f2b532568b9f, raftlog=7ce633c1-842e-40bb-a1a9-f2b532568b9f@group-DB16C94FD4A8-SegmentedRaftLog:OPENED:c-1,f-1,i0, conf=-1: [e04a4dbc-64b8-4889-8fb1-17ca03074435:172.17.0.2:39681, 7ce633c1-842e-40bb-a1a9-f2b532568b9f:172.17.0.2:46875, 9e94bc01-9abf-4ed9-a199-22f434113cf8:172.17.0.2:46225], old=null
2020-06-29 13:09:46,395 [7ce633c1-842e-40bb-a1a9-f2b532568b9f@group-DB16C94FD4A8-LeaderElection3] INFO  impl.RoleInfo (RoleInfo.java:shutdownLeaderElection(134)) - 7ce633c1-842e-40bb-a1a9-f2b532568b9f: shutdown LeaderElection
2020-06-29 13:09:46,395 [7ce633c1-842e-40bb-a1a9-f2b532568b9f@group-DB16C94FD4A8-LeaderElection3] INFO  impl.RaftServerImpl (RaftServerImpl.java:setRole(175)) - 7ce633c1-842e-40bb-a1a9-f2b532568b9f@group-DB16C94FD4A8: changes role from CANDIDATE to LEADER at term 1 for changeToLeader
2020-06-29 13:09:46,395 [7ce633c1-842e-40bb-a1a9-f2b532568b9f@group-DB16C94FD4A8-LeaderElection3] INFO  ratis.XceiverServerRatis (XceiverServerRatis.java:handleLeaderChangedNotification(762)) - Leader change notification received for group: group-DB16C94FD4A8 with new leaderId: 7ce633c1-842e-40bb-a1a9-f2b532568b9f
2020-06-29 13:09:46,396 [7ce633c1-842e-40bb-a1a9-f2b532568b9f@group-DB16C94FD4A8-LeaderElection3] INFO  impl.RaftServerImpl (ServerState.java:setLeader(255)) - 7ce633c1-842e-40bb-a1a9-f2b532568b9f@group-DB16C94FD4A8: change Leader from null to 7ce633c1-842e-40bb-a1a9-f2b532568b9f at term 1 for becomeLeader, leader elected after 5194ms
2020-06-29 13:09:46,396 [7ce633c1-842e-40bb-a1a9-f2b532568b9f@group-DB16C94FD4A8-LeaderElection3] INFO  server.RaftServerConfigKeys (ConfUtils.java:logGet(44)) - raft.server.staging.catchup.gap = 1000 (default)
2020-06-29 13:09:46,396 [7ce633c1-842e-40bb-a1a9-f2b532568b9f@group-DB16C94FD4A8-LeaderElection3] INFO  server.RaftServerConfigKeys (ConfUtils.java:logGet(44)) - raft.server.rpc.sleep.time = 25ms (default)
2020-06-29 13:09:46,396 [7ce633c1-842e-40bb-a1a9-f2b532568b9f@group-DB16C94FD4A8-LeaderElection3] INFO  metrics.RatisMetrics (RatisMetrics.java:lambda$create$0(36)) - Creating Metrics Registry : ratis.log_appender.7ce633c1-842e-40bb-a1a9-f2b532568b9f@group-DB16C94FD4A8
2020-06-29 13:09:46,396 [7ce633c1-842e-40bb-a1a9-f2b532568b9f@group-DB16C94FD4A8-LeaderElection3] INFO  server.RaftServerConfigKeys (ConfUtils.java:logGet(44)) - raft.server.write.element-limit = 1024 (custom)
2020-06-29 13:09:46,396 [7ce633c1-842e-40bb-a1a9-f2b532568b9f@group-DB16C94FD4A8-LeaderElection3] INFO  server.RaftServerConfigKeys (ConfUtils.java:logGet(44)) - raft.server.write.byte-limit = 1073741824 (custom)
2020-06-29 13:09:46,396 [7ce633c1-842e-40bb-a1a9-f2b532568b9f@group-DB16C94FD4A8-LeaderElection3] INFO  server.RaftServerConfigKeys (ConfUtils.java:logGet(44)) - raft.server.watch.timeout = 3s (custom)
2020-06-29 13:09:46,397 [7ce633c1-842e-40bb-a1a9-f2b532568b9f@group-DB16C94FD4A8-LeaderElection3] INFO  server.RaftServerConfigKeys (ConfUtils.java:logGet(44)) - raft.server.watch.timeout.denomination = 1s (default)
2020-06-29 13:09:46,397 [7ce633c1-842e-40bb-a1a9-f2b532568b9f@group-DB16C94FD4A8-LeaderElection3] INFO  server.RaftServerConfigKeys (ConfUtils.java:logGet(44)) - raft.server.watch.element-limit = 65536 (default)
2020-06-29 13:09:46,399 [7ce633c1-842e-40bb-a1a9-f2b532568b9f@group-DB16C94FD4A8-LeaderElection3] INFO  server.RaftServerConfigKeys (ConfUtils.java:logGet(44)) - raft.server.log.appender.snapshot.chunk.size.max = 16MB (=16777216) (default)
2020-06-29 13:09:46,399 [7ce633c1-842e-40bb-a1a9-f2b532568b9f@group-DB16C94FD4A8-LeaderElection3] INFO  server.RaftServerConfigKeys (ConfUtils.java:logGet(44)) - raft.server.log.appender.buffer.byte-limit = 33554432 (custom)
2020-06-29 13:09:46,400 [EventQueue-PipelineReportForPipelineReportHandler] INFO  pipeline.PipelineStateManager (PipelineStateManager.java:openPipeline(131)) - Pipeline Pipeline[ Id: f633d165-1721-4193-a138-db16c94fd4a8, Nodes: 7ce633c1-842e-40bb-a1a9-f2b532568b9f{ip: 172.17.0.2, host: 9283ae38f42b, networkLocation: /default-rack, certSerialId: null}9e94bc01-9abf-4ed9-a199-22f434113cf8{ip: 172.17.0.2, host: 9283ae38f42b, networkLocation: /default-rack, certSerialId: null}e04a4dbc-64b8-4889-8fb1-17ca03074435{ip: 172.17.0.2, host: 9283ae38f42b, networkLocation: /default-rack, certSerialId: null}, Type:RATIS, Factor:THREE, State:ALLOCATED, leaderId:7ce633c1-842e-40bb-a1a9-f2b532568b9f, CreationTimestamp2020-06-29T13:09:38.188Z] moved to OPEN state
2020-06-29 13:09:46,401 [EventQueue-OpenPipelineForOneReplicaPipelineSafeModeRule] INFO  safemode.SCMSafeModeManager (SCMSafeModeManager.java:validateSafeModeExitRules(214)) - AtleastOneDatanodeReportedRule rule is successfully validated
2020-06-29 13:09:46,401 [EventQueue-OpenPipelineForHealthyPipelineSafeModeRule] INFO  safemode.SCMSafeModeManager (HealthyPipelineSafeModeRule.java:process(129)) - SCM in safe mode. Healthy pipelines reported count is 1, required healthy pipeline reported count is 1
2020-06-29 13:09:46,401 [EventQueue-OpenPipelineForHealthyPipelineSafeModeRule] INFO  safemode.SCMSafeModeManager (SCMSafeModeManager.java:validateSafeModeExitRules(214)) - HealthyPipelineSafeModeRule rule is successfully validated
2020-06-29 13:09:46,401 [EventQueue-OpenPipelineForHealthyPipelineSafeModeRule] INFO  safemode.SCMSafeModeManager (SCMSafeModeManager.java:validateSafeModeExitRules(228)) - ScmSafeModeManager, all rules are successfully validated
2020-06-29 13:09:46,401 [EventQueue-OpenPipelineForHealthyPipelineSafeModeRule] INFO  safemode.SCMSafeModeManager (SCMSafeModeManager.java:exitSafeMode(257)) - SCM exiting safe mode.
2020-06-29 13:09:46,402 [7ce633c1-842e-40bb-a1a9-f2b532568b9f@group-DB16C94FD4A8-LeaderElection3] INFO  server.RaftServerConfigKeys (ConfUtils.java:logGet(44)) - raft.server.log.appender.buffer.element-limit = 1 (custom)
2020-06-29 13:09:46,407 [7ce633c1-842e-40bb-a1a9-f2b532568b9f@group-DB16C94FD4A8-LeaderElection3] INFO  grpc.GrpcConfigKeys (ConfUtils.java:logGet(44)) - raft.grpc.server.leader.outstanding.appends.max = 128 (default)
2020-06-29 13:09:46,408 [7ce633c1-842e-40bb-a1a9-f2b532568b9f@group-DB16C94FD4A8-LeaderElection3] INFO  server.RaftServerConfigKeys (ConfUtils.java:logGet(44)) - raft.server.rpc.request.timeout = 3s (default)
2020-06-29 13:09:46,408 [7ce633c1-842e-40bb-a1a9-f2b532568b9f@group-DB16C94FD4A8-LeaderElection3] INFO  server.RaftServerConfigKeys (ConfUtils.java:logGet(44)) - raft.server.log.appender.install.snapshot.enabled = false (custom)
2020-06-29 13:09:46,409 [7ce633c1-842e-40bb-a1a9-f2b532568b9f@group-DB16C94FD4A8-LeaderElection3] INFO  metrics.RatisMetrics (RatisMetrics.java:lambda$create$0(36)) - Creating Metrics Registry : ratis_grpc.log_appender.7ce633c1-842e-40bb-a1a9-f2b532568b9f@group-DB16C94FD4A8
2020-06-29 13:09:46,424 [7ce633c1-842e-40bb-a1a9-f2b532568b9f@group-DB16C94FD4A8-LeaderElection3] INFO  server.RaftServerConfigKeys (ConfUtils.java:logGet(44)) - raft.server.log.appender.snapshot.chunk.size.max = 16MB (=16777216) (default)
2020-06-29 13:09:46,424 [7ce633c1-842e-40bb-a1a9-f2b532568b9f@group-DB16C94FD4A8-LeaderElection3] INFO  server.RaftServerConfigKeys (ConfUtils.java:logGet(44)) - raft.server.log.appender.buffer.byte-limit = 33554432 (custom)
2020-06-29 13:09:46,424 [7ce633c1-842e-40bb-a1a9-f2b532568b9f@group-DB16C94FD4A8-LeaderElection3] INFO  server.RaftServerConfigKeys (ConfUtils.java:logGet(44)) - raft.server.log.appender.buffer.element-limit = 1 (custom)
2020-06-29 13:09:46,424 [7ce633c1-842e-40bb-a1a9-f2b532568b9f@group-DB16C94FD4A8-LeaderElection3] INFO  grpc.GrpcConfigKeys (ConfUtils.java:logGet(44)) - raft.grpc.server.leader.outstanding.appends.max = 128 (default)
2020-06-29 13:09:46,424 [7ce633c1-842e-40bb-a1a9-f2b532568b9f@group-DB16C94FD4A8-LeaderElection3] INFO  server.RaftServerConfigKeys (ConfUtils.java:logGet(44)) - raft.server.rpc.request.timeout = 3s (default)
2020-06-29 13:09:46,424 [7ce633c1-842e-40bb-a1a9-f2b532568b9f@group-DB16C94FD4A8-LeaderElection3] INFO  server.RaftServerConfigKeys (ConfUtils.java:logGet(44)) - raft.server.log.appender.install.snapshot.enabled = false (custom)
2020-06-29 13:09:46,426 [7ce633c1-842e-40bb-a1a9-f2b532568b9f@group-DB16C94FD4A8-LeaderElection3] INFO  impl.RoleInfo (RoleInfo.java:updateAndGet(143)) - 7ce633c1-842e-40bb-a1a9-f2b532568b9f: start LeaderState
2020-06-29 13:09:46,427 [7ce633c1-842e-40bb-a1a9-f2b532568b9f@group-DB16C94FD4A8-LeaderElection3] INFO  segmented.SegmentedRaftLogWorker (SegmentedRaftLogWorker.java:startLogSegment(397)) - 7ce633c1-842e-40bb-a1a9-f2b532568b9f@group-DB16C94FD4A8-SegmentedRaftLogWorker: Starting segment from index:0
2020-06-29 13:09:46,444 [7ce633c1-842e-40bb-a1a9-f2b532568b9f@group-DB16C94FD4A8-LeaderElection3] INFO  impl.RaftServerImpl (ServerState.java:setRaftConf(356)) - 7ce633c1-842e-40bb-a1a9-f2b532568b9f@group-DB16C94FD4A8: set configuration 0: [e04a4dbc-64b8-4889-8fb1-17ca03074435:172.17.0.2:39681, 7ce633c1-842e-40bb-a1a9-f2b532568b9f:172.17.0.2:46875, 9e94bc01-9abf-4ed9-a199-22f434113cf8:172.17.0.2:46225], old=null at 0
2020-06-29 13:09:46,489 [grpc-default-executor-2] INFO  ratis.XceiverServerRatis (XceiverServerRatis.java:handleLeaderChangedNotification(762)) - Leader change notification received for group: group-DB16C94FD4A8 with new leaderId: 7ce633c1-842e-40bb-a1a9-f2b532568b9f
2020-06-29 13:09:46,489 [grpc-default-executor-2] INFO  impl.RaftServerImpl (ServerState.java:setLeader(255)) - e04a4dbc-64b8-4889-8fb1-17ca03074435@group-DB16C94FD4A8: change Leader from null to 7ce633c1-842e-40bb-a1a9-f2b532568b9f at term 1 for appendEntries, leader elected after 5287ms
2020-06-29 13:09:46,495 [grpc-default-executor-0] INFO  ratis.XceiverServerRatis (XceiverServerRatis.java:handleLeaderChangedNotification(762)) - Leader change notification received for group: group-DB16C94FD4A8 with new leaderId: 7ce633c1-842e-40bb-a1a9-f2b532568b9f
2020-06-29 13:09:46,496 [grpc-default-executor-0] INFO  impl.RaftServerImpl (ServerState.java:setLeader(255)) - 9e94bc01-9abf-4ed9-a199-22f434113cf8@group-DB16C94FD4A8: change Leader from null to 7ce633c1-842e-40bb-a1a9-f2b532568b9f at term 1 for appendEntries, leader elected after 5256ms
2020-06-29 13:09:46,518 [grpc-default-executor-1] DEBUG server.GrpcLogAppender (GrpcLogAppender.java:onNext(257)) - 7ce633c1-842e-40bb-a1a9-f2b532568b9f@group-DB16C94FD4A8->9e94bc01-9abf-4ed9-a199-22f434113cf8-AppendLogResponseHandler: received the first reply 7ce633c1-842e-40bb-a1a9-f2b532568b9f<-9e94bc01-9abf-4ed9-a199-22f434113cf8#0:OK,SUCCESS,nextIndex:0,term:1,followerCommit:-1, request=AppendEntriesRequest:cid=0,entriesCount=0,lastEntry=null
2020-06-29 13:09:46,519 [7ce633c1-842e-40bb-a1a9-f2b532568b9f@group-DB16C94FD4A8-SegmentedRaftLogWorker] INFO  segmented.SegmentedRaftLogWorker (SegmentedRaftLogWorker.java:execute(596)) - 7ce633c1-842e-40bb-a1a9-f2b532568b9f@group-DB16C94FD4A8-SegmentedRaftLogWorker: created new log segment /github/workspace/mnt/ozone/hadoop-ozone/integration-test/target/test-dir/MiniOzoneClusterImpl-881f34ed-8c6b-489e-be76-d623729a7973/datanode-0/data/ratis/f633d165-1721-4193-a138-db16c94fd4a8/current/log_inprogress_0
2020-06-29 13:09:46,520 [e04a4dbc-64b8-4889-8fb1-17ca03074435@group-A5DC2F9AE473-SegmentedRaftLogWorker] INFO  segmented.SegmentedRaftLogWorker (SegmentedRaftLogWorker.java:execute(596)) - e04a4dbc-64b8-4889-8fb1-17ca03074435@group-A5DC2F9AE473-SegmentedRaftLogWorker: created new log segment /github/workspace/mnt/ozone/hadoop-ozone/integration-test/target/test-dir/MiniOzoneClusterImpl-881f34ed-8c6b-489e-be76-d623729a7973/datanode-1/data/ratis/10b90c81-0c84-483d-932b-a5dc2f9ae473/current/log_inprogress_0
2020-06-29 13:09:46,520 [7ce633c1-842e-40bb-a1a9-f2b532568b9f@group-95AFC23D56A2-SegmentedRaftLogWorker] INFO  segmented.SegmentedRaftLogWorker (SegmentedRaftLogWorker.java:execute(596)) - 7ce633c1-842e-40bb-a1a9-f2b532568b9f@group-95AFC23D56A2-SegmentedRaftLogWorker: created new log segment /github/workspace/mnt/ozone/hadoop-ozone/integration-test/target/test-dir/MiniOzoneClusterImpl-881f34ed-8c6b-489e-be76-d623729a7973/datanode-0/data/ratis/1447bf11-ec4b-4f43-a2b4-95afc23d56a2/current/log_inprogress_0
2020-06-29 13:09:46,520 [9e94bc01-9abf-4ed9-a199-22f434113cf8@group-4DFC99918E29-SegmentedRaftLogWorker] INFO  segmented.SegmentedRaftLogWorker (SegmentedRaftLogWorker.java:execute(596)) - 9e94bc01-9abf-4ed9-a199-22f434113cf8@group-4DFC99918E29-SegmentedRaftLogWorker: created new log segment /github/workspace/mnt/ozone/hadoop-ozone/integration-test/target/test-dir/MiniOzoneClusterImpl-881f34ed-8c6b-489e-be76-d623729a7973/datanode-2/data/ratis/957e88cb-48d6-4abd-82e1-4dfc99918e29/current/log_inprogress_0
2020-06-29 13:09:46,530 [grpc-default-executor-0] DEBUG impl.RaftServerImpl (RaftServerImpl.java:logAppendEntries(928)) - 9e94bc01-9abf-4ed9-a199-22f434113cf8@group-DB16C94FD4A8: receive appendEntries(7ce633c1-842e-40bb-a1a9-f2b532568b9f, 1, null, -1, false, commits[7ce633c1-842e-40bb-a1a9-f2b532568b9f:c-1, e04a4dbc-64b8-4889-8fb1-17ca03074435:c-1, 9e94bc01-9abf-4ed9-a199-22f434113cf8:c-1], entries: (t:1, i:0), CONFIGURATIONENTRY
2020-06-29 13:09:46,531 [grpc-default-executor-2] DEBUG impl.RaftServerImpl (RaftServerImpl.java:logAppendEntries(928)) - e04a4dbc-64b8-4889-8fb1-17ca03074435@group-DB16C94FD4A8: receive appendEntries(7ce633c1-842e-40bb-a1a9-f2b532568b9f, 1, null, -1, false, commits[7ce633c1-842e-40bb-a1a9-f2b532568b9f:c-1, e04a4dbc-64b8-4889-8fb1-17ca03074435:c-1, 9e94bc01-9abf-4ed9-a199-22f434113cf8:c-1], entries: (t:1, i:0), CONFIGURATIONENTRY
2020-06-29 13:09:46,531 [grpc-default-executor-1] DEBUG server.GrpcLogAppender (GrpcLogAppender.java:onNext(257)) - 7ce633c1-842e-40bb-a1a9-f2b532568b9f@group-DB16C94FD4A8->e04a4dbc-64b8-4889-8fb1-17ca03074435-AppendLogResponseHandler: received the first reply 7ce633c1-842e-40bb-a1a9-f2b532568b9f<-e04a4dbc-64b8-4889-8fb1-17ca03074435#0:OK,SUCCESS,nextIndex:0,term:1,followerCommit:-1, request=AppendEntriesRequest:cid=0,entriesCount=0,lastEntry=null
2020-06-29 13:09:46,533 [grpc-default-executor-2] INFO  impl.RaftServerImpl (ServerState.java:setRaftConf(356)) - e04a4dbc-64b8-4889-8fb1-17ca03074435@group-DB16C94FD4A8: set configuration 0: [e04a4dbc-64b8-4889-8fb1-17ca03074435:172.17.0.2:39681, 7ce633c1-842e-40bb-a1a9-f2b532568b9f:172.17.0.2:46875, 9e94bc01-9abf-4ed9-a199-22f434113cf8:172.17.0.2:46225], old=null at 0
2020-06-29 13:09:46,534 [grpc-default-executor-2] INFO  segmented.SegmentedRaftLogWorker (SegmentedRaftLogWorker.java:startLogSegment(397)) - e04a4dbc-64b8-4889-8fb1-17ca03074435@group-DB16C94FD4A8-SegmentedRaftLogWorker: Starting segment from index:0
2020-06-29 13:09:46,535 [e04a4dbc-64b8-4889-8fb1-17ca03074435@group-DB16C94FD4A8-SegmentedRaftLogWorker] INFO  segmented.SegmentedRaftLogWorker (SegmentedRaftLogWorker.java:execute(596)) - e04a4dbc-64b8-4889-8fb1-17ca03074435@group-DB16C94FD4A8-SegmentedRaftLogWorker: created new log segment /github/workspace/mnt/ozone/hadoop-ozone/integration-test/target/test-dir/MiniOzoneClusterImpl-881f34ed-8c6b-489e-be76-d623729a7973/datanode-1/data/ratis/f633d165-1721-4193-a138-db16c94fd4a8/current/log_inprogress_0
2020-06-29 13:09:46,535 [grpc-default-executor-0] INFO  impl.RaftServerImpl (ServerState.java:setRaftConf(356)) - 9e94bc01-9abf-4ed9-a199-22f434113cf8@group-DB16C94FD4A8: set configuration 0: [e04a4dbc-64b8-4889-8fb1-17ca03074435:172.17.0.2:39681, 7ce633c1-842e-40bb-a1a9-f2b532568b9f:172.17.0.2:46875, 9e94bc01-9abf-4ed9-a199-22f434113cf8:172.17.0.2:46225], old=null at 0
2020-06-29 13:09:46,536 [grpc-default-executor-0] INFO  segmented.SegmentedRaftLogWorker (SegmentedRaftLogWorker.java:startLogSegment(397)) - 9e94bc01-9abf-4ed9-a199-22f434113cf8@group-DB16C94FD4A8-SegmentedRaftLogWorker: Starting segment from index:0
2020-06-29 13:09:46,537 [Thread-237] DEBUG impl.RaftServerImpl (RaftServerImpl.java:logAppendEntries(928)) - e04a4dbc-64b8-4889-8fb1-17ca03074435@group-DB16C94FD4A8: succeeded to handle AppendEntries. Reply: 7ce633c1-842e-40bb-a1a9-f2b532568b9f<-e04a4dbc-64b8-4889-8fb1-17ca03074435#1:OK,SUCCESS,nextIndex:1,term:1,followerCommit:-1
2020-06-29 13:09:46,537 [9e94bc01-9abf-4ed9-a199-22f434113cf8@group-DB16C94FD4A8-SegmentedRaftLogWorker] INFO  segmented.SegmentedRaftLogWorker (SegmentedRaftLogWorker.java:execute(596)) - 9e94bc01-9abf-4ed9-a199-22f434113cf8@group-DB16C94FD4A8-SegmentedRaftLogWorker: created new log segment /github/workspace/mnt/ozone/hadoop-ozone/integration-test/target/test-dir/MiniOzoneClusterImpl-881f34ed-8c6b-489e-be76-d623729a7973/datanode-2/data/ratis/f633d165-1721-4193-a138-db16c94fd4a8/current/log_inprogress_0
2020-06-29 13:09:46,539 [Thread-238] DEBUG impl.RaftServerImpl (RaftServerImpl.java:logAppendEntries(928)) - 9e94bc01-9abf-4ed9-a199-22f434113cf8@group-DB16C94FD4A8: succeeded to handle AppendEntries. Reply: 7ce633c1-842e-40bb-a1a9-f2b532568b9f<-9e94bc01-9abf-4ed9-a199-22f434113cf8#1:OK,SUCCESS,nextIndex:1,term:1,followerCommit:-1
2020-06-29 13:09:46,539 [grpc-default-executor-0] DEBUG server.GrpcLogAppender (GrpcLogAppender.java:onNext(257)) - 7ce633c1-842e-40bb-a1a9-f2b532568b9f@group-DB16C94FD4A8->e04a4dbc-64b8-4889-8fb1-17ca03074435-AppendLogResponseHandler: received a reply 7ce633c1-842e-40bb-a1a9-f2b532568b9f<-e04a4dbc-64b8-4889-8fb1-17ca03074435#1:OK,SUCCESS,nextIndex:1,term:1,followerCommit:-1, request=AppendEntriesRequest:cid=1,entriesCount=1,lastEntry=(t:1, i:0)
2020-06-29 13:09:46,540 [grpc-default-executor-2] DEBUG server.GrpcLogAppender (GrpcLogAppender.java:onNext(257)) - 7ce633c1-842e-40bb-a1a9-f2b532568b9f@group-DB16C94FD4A8->9e94bc01-9abf-4ed9-a199-22f434113cf8-AppendLogResponseHandler: received a reply 7ce633c1-842e-40bb-a1a9-f2b532568b9f<-9e94bc01-9abf-4ed9-a199-22f434113cf8#1:OK,SUCCESS,nextIndex:1,term:1,followerCommit:-1, request=AppendEntriesRequest:cid=1,entriesCount=1,lastEntry=(t:1, i:0)
2020-06-29 13:09:47,159 [Listener at 127.0.0.1/44993] INFO  ozone.MiniOzoneClusterImpl (MiniOzoneClusterImpl.java:lambda$waitForClusterToBeReady$0(177)) - Nodes are ready. Got 3 of 3 DN Heartbeats.
2020-06-29 13:09:47,159 [Listener at 127.0.0.1/44993] INFO  ozone.MiniOzoneClusterImpl (MiniOzoneClusterImpl.java:lambda$waitForClusterToBeReady$0(180)) - Cluster exits safe mode
2020-06-29 13:09:47,769 [Listener at 127.0.0.1/44993] INFO  rpc.RpcClient (RpcClient.java:createVolume(310)) - Creating Volume: testcontainerstatemachinefailures, with jenkins1001 as owner.
2020-06-29 13:09:47,847 [IPC Server handler 2 on default port 44993] INFO  volume.OMVolumeCreateRequest (OMVolumeCreateRequest.java:validateAndUpdateCache(208)) - created volume:testcontainerstatemachinefailures for user:jenkins1001
2020-06-29 13:09:47,865 [Listener at 127.0.0.1/44993] INFO  rpc.RpcClient (RpcClient.java:createBucket(453)) - Creating Bucket: testcontainerstatemachinefailures/testcontainerstatemachinefailures, with Versioning false and Storage Type set to DISK and Encryption set to false 
2020-06-29 13:09:48,044 [Listener at 127.0.0.1/44993] INFO  impl.MetricsSystemImpl (MetricsSystemImpl.java:init(158)) - XceiverClientMetrics metrics system started (again)
2020-06-29 13:09:48,076 [Datanode State Machine Thread - 0] INFO  statemachine.DatanodeStateMachine (DatanodeStateMachine.java:lambda$startDaemon$0(380)) - Ozone container server started.
2020-06-29 13:09:49,046 [grpc-default-executor-2] DEBUG server.GrpcLogAppender (GrpcLogAppender.java:onNext(257)) - 7ce633c1-842e-40bb-a1a9-f2b532568b9f@group-DB16C94FD4A8->e04a4dbc-64b8-4889-8fb1-17ca03074435-AppendLogResponseHandler: received a reply 7ce633c1-842e-40bb-a1a9-f2b532568b9f<-e04a4dbc-64b8-4889-8fb1-17ca03074435#2:OK,SUCCESS,nextIndex:1,term:1,followerCommit:0, request=AppendEntriesRequest:cid=2,entriesCount=0,lastEntry=null
2020-06-29 13:09:49,049 [grpc-default-executor-0] DEBUG server.GrpcLogAppender (GrpcLogAppender.java:onNext(257)) - 7ce633c1-842e-40bb-a1a9-f2b532568b9f@group-DB16C94FD4A8->9e94bc01-9abf-4ed9-a199-22f434113cf8-AppendLogResponseHandler: received a reply 7ce633c1-842e-40bb-a1a9-f2b532568b9f<-9e94bc01-9abf-4ed9-a199-22f434113cf8#2:OK,SUCCESS,nextIndex:1,term:1,followerCommit:0, request=AppendEntriesRequest:cid=2,entriesCount=0,lastEntry=null
2020-06-29 13:09:49,415 [EventQueue-Delayed safe mode statusForReplicationManager] INFO  container.ReplicationManager (ReplicationManager.java:start(176)) - Starting Replication Monitor Thread.
2020-06-29 13:09:49,419 [ReplicationMonitor] INFO  container.ReplicationManager (ReplicationManager.java:run(240)) - Replication Monitor Thread took 2 milliseconds for processing 1 containers.
2020-06-29 13:09:49,419 [EventQueue-CloseContainerForCloseContainerEventHandler] INFO  container.CloseContainerEventHandler (CloseContainerEventHandler.java:onMessage(61)) - Close container Event triggered for container : #1
2020-06-29 13:09:50,176 [Command processor thread] ERROR commandhandler.CloseContainerCommandHandler (CloseContainerCommandHandler.java:handle(85)) - Container #1 does not exist in datanode. Container close failed.
2020-06-29 13:09:50,178 [Command processor thread] ERROR commandhandler.CloseContainerCommandHandler (CloseContainerCommandHandler.java:handle(85)) - Container #1 does not exist in datanode. Container close failed.
2020-06-29 13:09:51,551 [grpc-default-executor-2] DEBUG server.GrpcLogAppender (GrpcLogAppender.java:onNext(257)) - 7ce633c1-842e-40bb-a1a9-f2b532568b9f@group-DB16C94FD4A8->e04a4dbc-64b8-4889-8fb1-17ca03074435-AppendLogResponseHandler: received a reply 7ce633c1-842e-40bb-a1a9-f2b532568b9f<-e04a4dbc-64b8-4889-8fb1-17ca03074435#3:OK,SUCCESS,nextIndex:1,term:1,followerCommit:0, request=AppendEntriesRequest:cid=3,entriesCount=0,lastEntry=null
2020-06-29 13:09:51,552 [grpc-default-executor-0] DEBUG server.GrpcLogAppender (GrpcLogAppender.java:onNext(257)) - 7ce633c1-842e-40bb-a1a9-f2b532568b9f@group-DB16C94FD4A8->9e94bc01-9abf-4ed9-a199-22f434113cf8-AppendLogResponseHandler: received a reply 7ce633c1-842e-40bb-a1a9-f2b532568b9f<-9e94bc01-9abf-4ed9-a199-22f434113cf8#3:OK,SUCCESS,nextIndex:1,term:1,followerCommit:0, request=AppendEntriesRequest:cid=3,entriesCount=0,lastEntry=null
2020-06-29 13:09:53,061 [Listener at 127.0.0.1/44993] INFO  ozoneimpl.OzoneContainer (OzoneContainer.java:stop(246)) - Attempting to stop container services.
2020-06-29 13:09:53,062 [Listener at 127.0.0.1/44993] INFO  impl.RaftServerProxy (RaftServerProxy.java:lambda$close$4(319)) - 9e94bc01-9abf-4ed9-a199-22f434113cf8: close
2020-06-29 13:09:53,063 [Listener at 127.0.0.1/44993] INFO  impl.RaftServerImpl (RaftServerImpl.java:lambda$shutdown$3(252)) - 9e94bc01-9abf-4ed9-a199-22f434113cf8@group-4DFC99918E29: shutdown
2020-06-29 13:09:53,063 [Listener at 127.0.0.1/44993] INFO  util.JmxRegister (JmxRegister.java:unregister(73)) - Successfully un-registered JMX Bean with object name Ratis:service=RaftServer,group=group-4DFC99918E29,id=9e94bc01-9abf-4ed9-a199-22f434113cf8
2020-06-29 13:09:53,064 [Listener at 127.0.0.1/44993] INFO  impl.RoleInfo (RoleInfo.java:shutdownLeaderState(104)) - 9e94bc01-9abf-4ed9-a199-22f434113cf8: shutdown LeaderState
2020-06-29 13:09:53,064 [Listener at 127.0.0.1/44993] INFO  impl.PendingRequests (PendingRequests.java:sendNotLeaderResponses(249)) - 9e94bc01-9abf-4ed9-a199-22f434113cf8@group-4DFC99918E29-PendingRequests: sendNotLeaderResponses
2020-06-29 13:09:53,066 [Listener at 127.0.0.1/44993] INFO  metrics.RatisMetrics (RatisMetrics.java:unregister(43)) - Unregistering Metrics Registry : ratis.log_appender.9e94bc01-9abf-4ed9-a199-22f434113cf8@group-4DFC99918E29
2020-06-29 13:09:53,067 [Listener at 127.0.0.1/44993] INFO  metrics.RatisMetrics (RatisMetrics.java:unregister(43)) - Unregistering Metrics Registry : ratis.server.9e94bc01-9abf-4ed9-a199-22f434113cf8@group-4DFC99918E29
2020-06-29 13:09:53,067 [Listener at 127.0.0.1/44993] INFO  impl.StateMachineUpdater (StateMachineUpdater.java:stopAndJoin(142)) - 9e94bc01-9abf-4ed9-a199-22f434113cf8@group-4DFC99918E29-StateMachineUpdater: set stopIndex = 0
2020-06-29 13:09:53,068 [9e94bc01-9abf-4ed9-a199-22f434113cf8@group-4DFC99918E29-StateMachineUpdater] INFO  ratis.ContainerStateMachine (ContainerStateMachine.java:takeSnapshot(294)) - group-4DFC99918E29: Taking a snapshot at:(t:1, i:0) file /github/workspace/mnt/ozone/hadoop-ozone/integration-test/target/test-dir/MiniOzoneClusterImpl-881f34ed-8c6b-489e-be76-d623729a7973/datanode-2/data/ratis/957e88cb-48d6-4abd-82e1-4dfc99918e29/sm/snapshot.1_0
2020-06-29 13:09:53,137 [9e94bc01-9abf-4ed9-a199-22f434113cf8@group-4DFC99918E29-StateMachineUpdater] INFO  ratis.ContainerStateMachine (ContainerStateMachine.java:takeSnapshot(305)) - group-4DFC99918E29: Finished taking a snapshot at:(t:1, i:0) file:/github/workspace/mnt/ozone/hadoop-ozone/integration-test/target/test-dir/MiniOzoneClusterImpl-881f34ed-8c6b-489e-be76-d623729a7973/datanode-2/data/ratis/957e88cb-48d6-4abd-82e1-4dfc99918e29/sm/snapshot.1_0 time:69
2020-06-29 13:09:53,138 [9e94bc01-9abf-4ed9-a199-22f434113cf8@group-4DFC99918E29-StateMachineUpdater] INFO  impl.StateMachineUpdater (StateMachineUpdater.java:takeSnapshot(277)) - 9e94bc01-9abf-4ed9-a199-22f434113cf8@group-4DFC99918E29-StateMachineUpdater: Took a snapshot at index 0
2020-06-29 13:09:53,139 [9e94bc01-9abf-4ed9-a199-22f434113cf8@group-4DFC99918E29-StateMachineUpdater] INFO  impl.StateMachineUpdater (StateMachineUpdater.java:lambda$new$0(87)) - 9e94bc01-9abf-4ed9-a199-22f434113cf8@group-4DFC99918E29-StateMachineUpdater: snapshotIndex: updateIncreasingly -1 -> 0
2020-06-29 13:09:53,143 [9e94bc01-9abf-4ed9-a199-22f434113cf8@group-4DFC99918E29-StateMachineUpdater] INFO  metrics.RatisMetrics (RatisMetrics.java:unregister(43)) - Unregistering Metrics Registry : ratis.state_machine.9e94bc01-9abf-4ed9-a199-22f434113cf8@group-4DFC99918E29
2020-06-29 13:09:53,143 [Listener at 127.0.0.1/44993] INFO  impl.RaftServerImpl (ServerState.java:close(387)) - 9e94bc01-9abf-4ed9-a199-22f434113cf8@group-4DFC99918E29: closes. applyIndex: 0
2020-06-29 13:09:53,145 [9e94bc01-9abf-4ed9-a199-22f434113cf8@group-4DFC99918E29-SegmentedRaftLogWorker] INFO  segmented.SegmentedRaftLogWorker (SegmentedRaftLogWorker.java:run(327)) - 9e94bc01-9abf-4ed9-a199-22f434113cf8@group-4DFC99918E29-SegmentedRaftLogWorker was interrupted, exiting. There are 0 tasks remaining in the queue.
2020-06-29 13:09:53,145 [Listener at 127.0.0.1/44993] INFO  segmented.SegmentedRaftLogWorker (SegmentedRaftLogWorker.java:close(234)) - 9e94bc01-9abf-4ed9-a199-22f434113cf8@group-4DFC99918E29-SegmentedRaftLogWorker close()
2020-06-29 13:09:53,146 [Listener at 127.0.0.1/44993] INFO  metrics.RatisMetrics (RatisMetrics.java:unregister(43)) - Unregistering Metrics Registry : ratis.log_worker.9e94bc01-9abf-4ed9-a199-22f434113cf8@group-4DFC99918E29
2020-06-29 13:09:53,146 [Listener at 127.0.0.1/44993] INFO  metrics.RatisMetrics (RatisMetrics.java:unregister(43)) - Unregistering Metrics Registry : ratis.leader_election.9e94bc01-9abf-4ed9-a199-22f434113cf8@group-4DFC99918E29
2020-06-29 13:09:53,147 [Listener at 127.0.0.1/44993] INFO  metrics.RatisMetrics (RatisMetrics.java:unregister(43)) - Unregistering Metrics Registry : ratis.server.9e94bc01-9abf-4ed9-a199-22f434113cf8@group-4DFC99918E29
2020-06-29 13:09:53,147 [Listener at 127.0.0.1/44993] INFO  impl.RaftServerImpl (RaftServerImpl.java:lambda$shutdown$3(252)) - 9e94bc01-9abf-4ed9-a199-22f434113cf8@group-DB16C94FD4A8: shutdown
2020-06-29 13:09:53,147 [Listener at 127.0.0.1/44993] INFO  util.JmxRegister (JmxRegister.java:unregister(73)) - Successfully un-registered JMX Bean with object name Ratis:service=RaftServer,group=group-DB16C94FD4A8,id=9e94bc01-9abf-4ed9-a199-22f434113cf8
2020-06-29 13:09:53,147 [Listener at 127.0.0.1/44993] INFO  impl.RoleInfo (RoleInfo.java:shutdownFollowerState(121)) - 9e94bc01-9abf-4ed9-a199-22f434113cf8: shutdown FollowerState
2020-06-29 13:09:53,148 [Thread-229] INFO  impl.FollowerState (FollowerState.java:run(117)) - 9e94bc01-9abf-4ed9-a199-22f434113cf8@group-DB16C94FD4A8-FollowerState was interrupted: java.lang.InterruptedException: sleep interrupted
2020-06-29 13:09:53,148 [Listener at 127.0.0.1/44993] INFO  impl.StateMachineUpdater (StateMachineUpdater.java:stopAndJoin(142)) - 9e94bc01-9abf-4ed9-a199-22f434113cf8@group-DB16C94FD4A8-StateMachineUpdater: set stopIndex = 0
2020-06-29 13:09:53,148 [9e94bc01-9abf-4ed9-a199-22f434113cf8@group-DB16C94FD4A8-StateMachineUpdater] INFO  ratis.ContainerStateMachine (ContainerStateMachine.java:takeSnapshot(294)) - group-DB16C94FD4A8: Taking a snapshot at:(t:1, i:0) file /github/workspace/mnt/ozone/hadoop-ozone/integration-test/target/test-dir/MiniOzoneClusterImpl-881f34ed-8c6b-489e-be76-d623729a7973/datanode-2/data/ratis/f633d165-1721-4193-a138-db16c94fd4a8/sm/snapshot.1_0
2020-06-29 13:09:53,149 [9e94bc01-9abf-4ed9-a199-22f434113cf8@group-DB16C94FD4A8-StateMachineUpdater] INFO  ratis.ContainerStateMachine (ContainerStateMachine.java:takeSnapshot(305)) - group-DB16C94FD4A8: Finished taking a snapshot at:(t:1, i:0) file:/github/workspace/mnt/ozone/hadoop-ozone/integration-test/target/test-dir/MiniOzoneClusterImpl-881f34ed-8c6b-489e-be76-d623729a7973/datanode-2/data/ratis/f633d165-1721-4193-a138-db16c94fd4a8/sm/snapshot.1_0 time:1
2020-06-29 13:09:53,150 [9e94bc01-9abf-4ed9-a199-22f434113cf8@group-DB16C94FD4A8-StateMachineUpdater] INFO  impl.StateMachineUpdater (StateMachineUpdater.java:takeSnapshot(277)) - 9e94bc01-9abf-4ed9-a199-22f434113cf8@group-DB16C94FD4A8-StateMachineUpdater: Took a snapshot at index 0
2020-06-29 13:09:53,150 [9e94bc01-9abf-4ed9-a199-22f434113cf8@group-DB16C94FD4A8-StateMachineUpdater] INFO  impl.StateMachineUpdater (StateMachineUpdater.java:lambda$new$0(87)) - 9e94bc01-9abf-4ed9-a199-22f434113cf8@group-DB16C94FD4A8-StateMachineUpdater: snapshotIndex: updateIncreasingly -1 -> 0
2020-06-29 13:09:53,150 [9e94bc01-9abf-4ed9-a199-22f434113cf8@group-DB16C94FD4A8-StateMachineUpdater] INFO  metrics.RatisMetrics (RatisMetrics.java:unregister(43)) - Unregistering Metrics Registry : ratis.state_machine.9e94bc01-9abf-4ed9-a199-22f434113cf8@group-DB16C94FD4A8
2020-06-29 13:09:53,150 [Listener at 127.0.0.1/44993] INFO  impl.RaftServerImpl (ServerState.java:close(387)) - 9e94bc01-9abf-4ed9-a199-22f434113cf8@group-DB16C94FD4A8: closes. applyIndex: 0
2020-06-29 13:09:53,151 [9e94bc01-9abf-4ed9-a199-22f434113cf8@group-DB16C94FD4A8-SegmentedRaftLogWorker] INFO  segmented.SegmentedRaftLogWorker (SegmentedRaftLogWorker.java:run(327)) - 9e94bc01-9abf-4ed9-a199-22f434113cf8@group-DB16C94FD4A8-SegmentedRaftLogWorker was interrupted, exiting. There are 0 tasks remaining in the queue.
2020-06-29 13:09:53,151 [Listener at 127.0.0.1/44993] INFO  segmented.SegmentedRaftLogWorker (SegmentedRaftLogWorker.java:close(234)) - 9e94bc01-9abf-4ed9-a199-22f434113cf8@group-DB16C94FD4A8-SegmentedRaftLogWorker close()
2020-06-29 13:09:53,152 [Listener at 127.0.0.1/44993] INFO  metrics.RatisMetrics (RatisMetrics.java:unregister(43)) - Unregistering Metrics Registry : ratis.log_worker.9e94bc01-9abf-4ed9-a199-22f434113cf8@group-DB16C94FD4A8
2020-06-29 13:09:53,152 [Listener at 127.0.0.1/44993] INFO  metrics.RatisMetrics (RatisMetrics.java:unregister(43)) - Unregistering Metrics Registry : ratis.leader_election.9e94bc01-9abf-4ed9-a199-22f434113cf8@group-DB16C94FD4A8
2020-06-29 13:09:53,152 [Listener at 127.0.0.1/44993] INFO  metrics.RatisMetrics (RatisMetrics.java:unregister(43)) - Unregistering Metrics Registry : ratis.server.9e94bc01-9abf-4ed9-a199-22f434113cf8@group-DB16C94FD4A8
2020-06-29 13:09:53,153 [Listener at 127.0.0.1/44993] INFO  server.GrpcService (GrpcService.java:closeImpl(166)) - 9e94bc01-9abf-4ed9-a199-22f434113cf8: shutdown server with port 46225 now
2020-06-29 13:09:53,167 [grpc-default-executor-0] WARN  server.GrpcServerProtocolService (LogUtils.java:warn(122)) - 9e94bc01-9abf-4ed9-a199-22f434113cf8: installSnapshot onError, lastRequest: 7ce633c1-842e-40bb-a1a9-f2b532568b9f->9e94bc01-9abf-4ed9-a199-22f434113cf8#1-t1, previous=(t:0, i:0), leaderCommit=-1, initializing? false, entries: size=1, first=(t:1, i:0), CONFIGURATIONENTRY: org.apache.ratis.thirdparty.io.grpc.StatusRuntimeException: CANCELLED: cancelled before receiving half close
2020-06-29 13:09:53,169 [Listener at 127.0.0.1/44993] INFO  server.GrpcService (GrpcService.java:closeImpl(174)) - 9e94bc01-9abf-4ed9-a199-22f434113cf8: shutdown server with port 46225 successfully
2020-06-29 13:09:53,172 [grpc-default-executor-0] WARN  server.GrpcLogAppender (LogUtils.java:warn(122)) - 7ce633c1-842e-40bb-a1a9-f2b532568b9f@group-DB16C94FD4A8->9e94bc01-9abf-4ed9-a199-22f434113cf8-AppendLogResponseHandler: Failed appendEntries: org.apache.ratis.thirdparty.io.grpc.StatusRuntimeException: CANCELLED: HTTP/2 error code: CANCEL
Received Rst Stream
2020-06-29 13:09:53,174 [Listener at 127.0.0.1/44993] INFO  utils.BackgroundService (BackgroundService.java:shutdown(157)) - Shutting down service BlockDeletingService
2020-06-29 13:09:53,177 [grpc-default-executor-0] INFO  impl.FollowerInfo (FollowerInfo.java:lambda$new$0(51)) - 7ce633c1-842e-40bb-a1a9-f2b532568b9f@group-DB16C94FD4A8->9e94bc01-9abf-4ed9-a199-22f434113cf8: nextIndex: updateUnconditionally 1 -> 0
2020-06-29 13:09:53,180 [Listener at 127.0.0.1/44993] INFO  statemachine.DatanodeStateMachine (DatanodeStateMachine.java:stopDaemon(428)) - Ozone container server stopped.
2020-06-29 13:09:53,183 [Listener at 127.0.0.1/44993] INFO  handler.ContextHandler (ContextHandler.java:doStop(1016)) - Stopped o.e.j.w.WebAppContext@29ceefb3{hddsDatanode,/,null,UNAVAILABLE}{jar:file:/home/user/.m2/repository/org/apache/hadoop/hadoop-hdds-container-service/0.6.0-SNAPSHOT/hadoop-hdds-container-service-0.6.0-SNAPSHOT.jar!/webapps/hddsDatanode}
2020-06-29 13:09:53,189 [Listener at 127.0.0.1/44993] INFO  server.AbstractConnector (AbstractConnector.java:doStop(380)) - Stopped ServerConnector@5a02fca5{HTTP/1.1,[http/1.1]}{0.0.0.0:0}
2020-06-29 13:09:53,189 [Listener at 127.0.0.1/44993] INFO  server.session (HouseKeeper.java:stopScavenging(158)) - node0 Stopped scavenging
2020-06-29 13:09:53,190 [Listener at 127.0.0.1/44993] INFO  handler.ContextHandler (ContextHandler.java:doStop(1016)) - Stopped o.e.j.s.ServletContextHandler@135f760a{static,/static,jar:file:/home/user/.m2/repository/org/apache/hadoop/hadoop-hdds-container-service/0.6.0-SNAPSHOT/hadoop-hdds-container-service-0.6.0-SNAPSHOT.jar!/webapps/static,UNAVAILABLE}
2020-06-29 13:09:53,190 [Listener at 127.0.0.1/44993] INFO  handler.ContextHandler (ContextHandler.java:doStop(1016)) - Stopped o.e.j.s.ServletContextHandler@2fad50f2{logs,/logs,file:///github/workspace/mnt/ozone/hadoop-ozone/integration-test/target/log,UNAVAILABLE}
2020-06-29 13:09:53,290 [grpc-default-executor-0] DEBUG impl.RaftServerImpl (RaftServerImpl.java:submitClientRequestAsync(575)) - 7ce633c1-842e-40bb-a1a9-f2b532568b9f@group-DB16C94FD4A8: receive client request(RaftClientRequest:client-3C3308CFA0FE->7ce633c1-842e-40bb-a1a9-f2b532568b9f@group-DB16C94FD4A8, cid=6, seq=1*, Watch(0), Message:<EMPTY>)
2020-06-29 13:09:53,290 [grpc-default-executor-0] DEBUG impl.RaftServerImpl (LeaderState.java:addWatchReqeust(353)) - 7ce633c1-842e-40bb-a1a9-f2b532568b9f@group-DB16C94FD4A8-LeaderState: addWatchRequest RaftClientRequest:client-3C3308CFA0FE->7ce633c1-842e-40bb-a1a9-f2b532568b9f@group-DB16C94FD4A8, cid=6, seq=1*, Watch(0), Message:<EMPTY>
2020-06-29 13:09:53,313 [grpc-default-executor-2] DEBUG impl.RaftServerImpl (RaftServerImpl.java:submitClientRequestAsync(575)) - 7ce633c1-842e-40bb-a1a9-f2b532568b9f@group-DB16C94FD4A8: receive client request(RaftClientRequest:client-3C3308CFA0FE->7ce633c1-842e-40bb-a1a9-f2b532568b9f@group-DB16C94FD4A8, cid=7, seq=2, RW, Message:0000006f080c12001801...(size=125))
2020-06-29 13:09:53,336 [grpc-default-executor-2] DEBUG impl.RaftServerImpl (LeaderState.java:addPendingRequest(335)) - 7ce633c1-842e-40bb-a1a9-f2b532568b9f@group-DB16C94FD4A8-LeaderState: addPendingRequest at RaftClientRequest:client-3C3308CFA0FE->7ce633c1-842e-40bb-a1a9-f2b532568b9f@group-DB16C94FD4A8, cid=7, seq=2, RW, Message:0000006f080c12001801...(size=125), entry=(t:1, i:1), STATEMACHINELOGENTRY, client-3C3308CFA0FE, cid=7
2020-06-29 13:09:53,340 [grpc-default-executor-0] DEBUG impl.RaftServerImpl (RaftServerImpl.java:logAppendEntries(928)) - e04a4dbc-64b8-4889-8fb1-17ca03074435@group-DB16C94FD4A8: receive appendEntries(7ce633c1-842e-40bb-a1a9-f2b532568b9f, 1, (t:1, i:0), 0, false, commits[7ce633c1-842e-40bb-a1a9-f2b532568b9f:c0, e04a4dbc-64b8-4889-8fb1-17ca03074435:c0, 9e94bc01-9abf-4ed9-a199-22f434113cf8:c0], entries: (t:1, i:1), STATEMACHINELOGENTRY, client-3C3308CFA0FE, cid=7
2020-06-29 13:09:53,348 [grpc-default-executor-2] DEBUG impl.RaftServerImpl (RaftServerImpl.java:submitClientRequestAsync(575)) - 7ce633c1-842e-40bb-a1a9-f2b532568b9f@group-DB16C94FD4A8: receive client request(RaftClientRequest:client-3C3308CFA0FE->7ce633c1-842e-40bb-a1a9-f2b532568b9f@group-DB16C94FD4A8, cid=8, seq=3, RW, Message:0000007f080612001801...(size=131))
2020-06-29 13:09:53,349 [grpc-default-executor-2] DEBUG impl.RaftServerImpl (LeaderState.java:addPendingRequest(335)) - 7ce633c1-842e-40bb-a1a9-f2b532568b9f@group-DB16C94FD4A8-LeaderState: addPendingRequest at RaftClientRequest:client-3C3308CFA0FE->7ce633c1-842e-40bb-a1a9-f2b532568b9f@group-DB16C94FD4A8, cid=8, seq=3, RW, Message:0000007f080612001801...(size=131), entry=(t:1, i:2), STATEMACHINELOGENTRY, client-3C3308CFA0FE, cid=8
2020-06-29 13:09:53,349 [grpc-default-executor-1] WARN  server.GrpcLogAppender (LogUtils.java:warn(122)) - 7ce633c1-842e-40bb-a1a9-f2b532568b9f@group-DB16C94FD4A8->9e94bc01-9abf-4ed9-a199-22f434113cf8-AppendLogResponseHandler: Failed appendEntries: org.apache.ratis.thirdparty.io.grpc.StatusRuntimeException: UNAVAILABLE: io exception
2020-06-29 13:09:53,352 [grpc-default-executor-1] INFO  impl.FollowerInfo (FollowerInfo.java:lambda$new$0(51)) - 7ce633c1-842e-40bb-a1a9-f2b532568b9f@group-DB16C94FD4A8->9e94bc01-9abf-4ed9-a199-22f434113cf8: nextIndex: updateUnconditionally 1 -> 0
2020-06-29 13:09:53,353 [grpc-default-executor-1] DEBUG impl.RaftServerImpl (RaftServerImpl.java:logAppendEntries(928)) - e04a4dbc-64b8-4889-8fb1-17ca03074435@group-DB16C94FD4A8: receive appendEntries(7ce633c1-842e-40bb-a1a9-f2b532568b9f, 1, (t:1, i:1), 0, false, commits[7ce633c1-842e-40bb-a1a9-f2b532568b9f:c0, e04a4dbc-64b8-4889-8fb1-17ca03074435:c0, 9e94bc01-9abf-4ed9-a199-22f434113cf8:c0], entries: (t:1, i:2), STATEMACHINELOGENTRY, client-3C3308CFA0FE, cid=8
2020-06-29 13:09:53,368 [grpc-default-executor-2] WARN  server.GrpcLogAppender (LogUtils.java:warn(122)) - 7ce633c1-842e-40bb-a1a9-f2b532568b9f@group-DB16C94FD4A8->9e94bc01-9abf-4ed9-a199-22f434113cf8-AppendLogResponseHandler: Failed appendEntries: org.apache.ratis.thirdparty.io.grpc.StatusRuntimeException: UNAVAILABLE: io exception
2020-06-29 13:09:53,370 [grpc-default-executor-2] INFO  impl.FollowerInfo (FollowerInfo.java:lambda$new$0(51)) - 7ce633c1-842e-40bb-a1a9-f2b532568b9f@group-DB16C94FD4A8->9e94bc01-9abf-4ed9-a199-22f434113cf8: nextIndex: updateUnconditionally 1 -> 0
2020-06-29 13:09:53,493 [Thread-250] DEBUG impl.RaftServerImpl (RaftServerImpl.java:logAppendEntries(928)) - e04a4dbc-64b8-4889-8fb1-17ca03074435@group-DB16C94FD4A8: succeeded to handle AppendEntries. Reply: 7ce633c1-842e-40bb-a1a9-f2b532568b9f<-e04a4dbc-64b8-4889-8fb1-17ca03074435#4:OK,SUCCESS,nextIndex:2,term:1,followerCommit:0
2020-06-29 13:09:53,493 [Thread-251] DEBUG impl.RaftServerImpl (RaftServerImpl.java:logAppendEntries(928)) - e04a4dbc-64b8-4889-8fb1-17ca03074435@group-DB16C94FD4A8: succeeded to handle AppendEntries. Reply: 7ce633c1-842e-40bb-a1a9-f2b532568b9f<-e04a4dbc-64b8-4889-8fb1-17ca03074435#5:OK,SUCCESS,nextIndex:3,term:1,followerCommit:0
2020-06-29 13:09:53,499 [grpc-default-executor-2] DEBUG server.GrpcLogAppender (GrpcLogAppender.java:onNext(257)) - 7ce633c1-842e-40bb-a1a9-f2b532568b9f@group-DB16C94FD4A8->e04a4dbc-64b8-4889-8fb1-17ca03074435-AppendLogResponseHandler: received a reply 7ce633c1-842e-40bb-a1a9-f2b532568b9f<-e04a4dbc-64b8-4889-8fb1-17ca03074435#4:OK,SUCCESS,nextIndex:2,term:1,followerCommit:0, request=AppendEntriesRequest:cid=4,entriesCount=1,lastEntry=(t:1, i:1)
2020-06-29 13:09:53,502 [grpc-default-executor-2] DEBUG server.GrpcLogAppender (GrpcLogAppender.java:onNext(257)) - 7ce633c1-842e-40bb-a1a9-f2b532568b9f@group-DB16C94FD4A8->e04a4dbc-64b8-4889-8fb1-17ca03074435-AppendLogResponseHandler: received a reply 7ce633c1-842e-40bb-a1a9-f2b532568b9f<-e04a4dbc-64b8-4889-8fb1-17ca03074435#5:OK,SUCCESS,nextIndex:3,term:1,followerCommit:0, request=AppendEntriesRequest:cid=5,entriesCount=1,lastEntry=(t:1, i:2)
2020-06-29 13:09:53,503 [grpc-default-executor-2] DEBUG impl.RaftServerImpl (RaftServerImpl.java:logAppendEntries(928)) - e04a4dbc-64b8-4889-8fb1-17ca03074435@group-DB16C94FD4A8: receive appendEntries(7ce633c1-842e-40bb-a1a9-f2b532568b9f, 1, (t:1, i:2), 1, false, commits[7ce633c1-842e-40bb-a1a9-f2b532568b9f:c1, e04a4dbc-64b8-4889-8fb1-17ca03074435:c0, 9e94bc01-9abf-4ed9-a199-22f434113cf8:c0], entries: (t:1, i:3), METADATAENTRY(c:1)
2020-06-29 13:09:53,519 [Thread-253] DEBUG impl.RaftServerImpl (RaftServerImpl.java:logAppendEntries(928)) - e04a4dbc-64b8-4889-8fb1-17ca03074435@group-DB16C94FD4A8: succeeded to handle AppendEntries. Reply: 7ce633c1-842e-40bb-a1a9-f2b532568b9f<-e04a4dbc-64b8-4889-8fb1-17ca03074435#6:OK,SUCCESS,nextIndex:4,term:1,followerCommit:1
2020-06-29 13:09:53,520 [grpc-default-executor-0] WARN  server.GrpcLogAppender (LogUtils.java:warn(122)) - 7ce633c1-842e-40bb-a1a9-f2b532568b9f@group-DB16C94FD4A8->9e94bc01-9abf-4ed9-a199-22f434113cf8-AppendLogResponseHandler: Failed appendEntries: org.apache.ratis.thirdparty.io.grpc.StatusRuntimeException: UNAVAILABLE: io exception
2020-06-29 13:09:53,524 [grpc-default-executor-1] DEBUG impl.RaftServerImpl (RaftServerImpl.java:logAppendEntries(928)) - e04a4dbc-64b8-4889-8fb1-17ca03074435@group-DB16C94FD4A8: receive appendEntries(7ce633c1-842e-40bb-a1a9-f2b532568b9f, 1, (t:1, i:3), 2, false, commits[7ce633c1-842e-40bb-a1a9-f2b532568b9f:c2, e04a4dbc-64b8-4889-8fb1-17ca03074435:c0, 9e94bc01-9abf-4ed9-a199-22f434113cf8:c0], entries: (t:1, i:4), METADATAENTRY(c:2)
2020-06-29 13:09:53,528 [grpc-default-executor-2] DEBUG server.GrpcLogAppender (GrpcLogAppender.java:onNext(257)) - 7ce633c1-842e-40bb-a1a9-f2b532568b9f@group-DB16C94FD4A8->e04a4dbc-64b8-4889-8fb1-17ca03074435-AppendLogResponseHandler: received a reply 7ce633c1-842e-40bb-a1a9-f2b532568b9f<-e04a4dbc-64b8-4889-8fb1-17ca03074435#6:OK,SUCCESS,nextIndex:4,term:1,followerCommit:1, request=AppendEntriesRequest:cid=6,entriesCount=1,lastEntry=(t:1, i:3)
2020-06-29 13:09:53,535 [Thread-256] DEBUG impl.RaftServerImpl (RaftServerImpl.java:logAppendEntries(928)) - e04a4dbc-64b8-4889-8fb1-17ca03074435@group-DB16C94FD4A8: succeeded to handle AppendEntries. Reply: 7ce633c1-842e-40bb-a1a9-f2b532568b9f<-e04a4dbc-64b8-4889-8fb1-17ca03074435#7:OK,SUCCESS,nextIndex:5,term:1,followerCommit:2
2020-06-29 13:09:53,536 [grpc-default-executor-0] INFO  impl.FollowerInfo (FollowerInfo.java:lambda$new$0(51)) - 7ce633c1-842e-40bb-a1a9-f2b532568b9f@group-DB16C94FD4A8->9e94bc01-9abf-4ed9-a199-22f434113cf8: nextIndex: updateUnconditionally 1 -> 0
2020-06-29 13:09:53,556 [grpc-default-executor-2] DEBUG server.GrpcLogAppender (GrpcLogAppender.java:onNext(257)) - 7ce633c1-842e-40bb-a1a9-f2b532568b9f@group-DB16C94FD4A8->e04a4dbc-64b8-4889-8fb1-17ca03074435-AppendLogResponseHandler: received a reply 7ce633c1-842e-40bb-a1a9-f2b532568b9f<-e04a4dbc-64b8-4889-8fb1-17ca03074435#7:OK,SUCCESS,nextIndex:5,term:1,followerCommit:2, request=AppendEntriesRequest:cid=7,entriesCount=1,lastEntry=(t:1, i:4)
2020-06-29 13:09:53,557 [grpc-default-executor-2] WARN  server.GrpcLogAppender (LogUtils.java:warn(122)) - 7ce633c1-842e-40bb-a1a9-f2b532568b9f@group-DB16C94FD4A8->9e94bc01-9abf-4ed9-a199-22f434113cf8-AppendLogResponseHandler: Failed appendEntries: org.apache.ratis.thirdparty.io.grpc.StatusRuntimeException: UNAVAILABLE: io exception
2020-06-29 13:09:53,560 [grpc-default-executor-2] INFO  impl.FollowerInfo (FollowerInfo.java:lambda$new$0(51)) - 7ce633c1-842e-40bb-a1a9-f2b532568b9f@group-DB16C94FD4A8->9e94bc01-9abf-4ed9-a199-22f434113cf8: nextIndex: updateUnconditionally 1 -> 0
2020-06-29 13:09:53,564 [grpc-default-executor-0] WARN  server.GrpcLogAppender (LogUtils.java:warn(122)) - 7ce633c1-842e-40bb-a1a9-f2b532568b9f@group-DB16C94FD4A8->9e94bc01-9abf-4ed9-a199-22f434113cf8-AppendLogResponseHandler: Failed appendEntries: org.apache.ratis.thirdparty.io.grpc.StatusRuntimeException: UNAVAILABLE: io exception
2020-06-29 13:09:53,565 [grpc-default-executor-0] INFO  impl.FollowerInfo (FollowerInfo.java:lambda$new$0(51)) - 7ce633c1-842e-40bb-a1a9-f2b532568b9f@group-DB16C94FD4A8->9e94bc01-9abf-4ed9-a199-22f434113cf8: nextIndex: updateUnconditionally 1 -> 0
2020-06-29 13:09:53,575 [grpc-default-executor-2] DEBUG impl.RaftServerImpl (RaftServerImpl.java:submitClientRequestAsync(575)) - 7ce633c1-842e-40bb-a1a9-f2b532568b9f@group-DB16C94FD4A8: receive client request(RaftClientRequest:client-3C3308CFA0FE->7ce633c1-842e-40bb-a1a9-f2b532568b9f@group-DB16C94FD4A8, cid=9, seq=0, Watch-ALL_COMMITTED(2), Message:<EMPTY>)
2020-06-29 13:09:53,576 [grpc-default-executor-2] DEBUG impl.RaftServerImpl (LeaderState.java:addWatchReqeust(353)) - 7ce633c1-842e-40bb-a1a9-f2b532568b9f@group-DB16C94FD4A8-LeaderState: addWatchRequest RaftClientRequest:client-3C3308CFA0FE->7ce633c1-842e-40bb-a1a9-f2b532568b9f@group-DB16C94FD4A8, cid=9, seq=0, Watch-ALL_COMMITTED(2), Message:<EMPTY>
2020-06-29 13:09:56,060 [grpc-default-executor-2] DEBUG server.GrpcLogAppender (GrpcLogAppender.java:onNext(257)) - 7ce633c1-842e-40bb-a1a9-f2b532568b9f@group-DB16C94FD4A8->e04a4dbc-64b8-4889-8fb1-17ca03074435-AppendLogResponseHandler: received a reply 7ce633c1-842e-40bb-a1a9-f2b532568b9f<-e04a4dbc-64b8-4889-8fb1-17ca03074435#8:OK,SUCCESS,nextIndex:5,term:1,followerCommit:4, request=AppendEntriesRequest:cid=8,entriesCount=0,lastEntry=null
2020-06-29 13:09:56,065 [grpc-default-executor-0] WARN  server.GrpcLogAppender (LogUtils.java:warn(122)) - 7ce633c1-842e-40bb-a1a9-f2b532568b9f@group-DB16C94FD4A8->9e94bc01-9abf-4ed9-a199-22f434113cf8-AppendLogResponseHandler: Failed appendEntries: org.apache.ratis.thirdparty.io.grpc.StatusRuntimeException: UNAVAILABLE: io exception
2020-06-29 13:09:56,072 [grpc-default-executor-0] INFO  impl.FollowerInfo (FollowerInfo.java:lambda$new$0(51)) - 7ce633c1-842e-40bb-a1a9-f2b532568b9f@group-DB16C94FD4A8->9e94bc01-9abf-4ed9-a199-22f434113cf8: nextIndex: updateUnconditionally 1 -> 0
2020-06-29 13:09:56,935 [Thread-259] INFO  client.GrpcClientProtocolService (GrpcClientProtocolService.java:lambda$processClientRequest$0(283)) - Failed RaftClientRequest:client-3C3308CFA0FE->7ce633c1-842e-40bb-a1a9-f2b532568b9f@group-DB16C94FD4A8, cid=9, seq=0, Watch-ALL_COMMITTED(2), Message:<EMPTY>, reply=RaftClientReply:client-3C3308CFA0FE->7ce633c1-842e-40bb-a1a9-f2b532568b9f@group-DB16C94FD4A8, cid=9, FAILED org.apache.ratis.protocol.NotReplicatedException: Request with call Id 9 and log index 2 is not yet replicated to ALL_COMMITTED, logIndex=2, commits[7ce633c1-842e-40bb-a1a9-f2b532568b9f:c4, e04a4dbc-64b8-4889-8fb1-17ca03074435:c4, 9e94bc01-9abf-4ed9-a199-22f434113cf8:c0]
2020-06-29 13:09:56,942 [Listener at 127.0.0.1/44993] WARN  scm.XceiverClientRatis (XceiverClientRatis.java:watchForCommit(265)) - 3 way commit failed on pipeline Pipeline[ Id: f633d165-1721-4193-a138-db16c94fd4a8, Nodes: 7ce633c1-842e-40bb-a1a9-f2b532568b9f{ip: 172.17.0.2, host: 9283ae38f42b, networkLocation: /default-rack, certSerialId: null}9e94bc01-9abf-4ed9-a199-22f434113cf8{ip: 172.17.0.2, host: 9283ae38f42b, networkLocation: /default-rack, certSerialId: null}e04a4dbc-64b8-4889-8fb1-17ca03074435{ip: 172.17.0.2, host: 9283ae38f42b, networkLocation: /default-rack, certSerialId: null}, Type:RATIS, Factor:THREE, State:OPEN, leaderId:7ce633c1-842e-40bb-a1a9-f2b532568b9f, CreationTimestamp2020-06-29T13:09:38.188Z]
java.util.concurrent.ExecutionException: org.apache.ratis.protocol.NotReplicatedException: Request with call Id 9 and log index 2 is not yet replicated to ALL_COMMITTED
	at java.util.concurrent.CompletableFuture.reportGet(CompletableFuture.java:357)
	at java.util.concurrent.CompletableFuture.get(CompletableFuture.java:1908)
	at org.apache.hadoop.hdds.scm.XceiverClientRatis.watchForCommit(XceiverClientRatis.java:262)
	at org.apache.hadoop.hdds.scm.storage.CommitWatcher.watchForCommit(CommitWatcher.java:190)
	at org.apache.hadoop.hdds.scm.storage.CommitWatcher.watchOnLastIndex(CommitWatcher.java:157)
	at org.apache.hadoop.hdds.scm.storage.BlockOutputStream.watchForCommit(BlockOutputStream.java:351)
	at org.apache.hadoop.hdds.scm.storage.BlockOutputStream.handleFlush(BlockOutputStream.java:500)
	at org.apache.hadoop.hdds.scm.storage.BlockOutputStream.close(BlockOutputStream.java:514)
	at org.apache.hadoop.ozone.client.io.BlockOutputStreamEntry.close(BlockOutputStreamEntry.java:149)
	at org.apache.hadoop.ozone.client.io.KeyOutputStream.handleStreamAction(KeyOutputStream.java:483)
	at org.apache.hadoop.ozone.client.io.KeyOutputStream.handleFlushOrClose(KeyOutputStream.java:457)
	at org.apache.hadoop.ozone.client.io.KeyOutputStream.close(KeyOutputStream.java:510)
	at org.apache.hadoop.ozone.client.io.OzoneOutputStream.close(OzoneOutputStream.java:60)
	at org.apache.hadoop.ozone.client.rpc.TestDeleteWithSlowFollower.testDeleteKeyWithSlowFollower(TestDeleteWithSlowFollower.java:231)
	at sun.reflect.NativeMethodAccessorImpl.invoke0(Native Method)
	at sun.reflect.NativeMethodAccessorImpl.invoke(NativeMethodAccessorImpl.java:62)
	at sun.reflect.DelegatingMethodAccessorImpl.invoke(DelegatingMethodAccessorImpl.java:43)
	at java.lang.reflect.Method.invoke(Method.java:498)
	at org.junit.runners.model.FrameworkMethod$1.runReflectiveCall(FrameworkMethod.java:47)
	at org.junit.internal.runners.model.ReflectiveCallable.run(ReflectiveCallable.java:12)
	at org.junit.runners.model.FrameworkMethod.invokeExplosively(FrameworkMethod.java:44)
	at org.junit.internal.runners.statements.InvokeMethod.evaluate(InvokeMethod.java:17)
	at org.junit.runners.ParentRunner.runLeaf(ParentRunner.java:271)
	at org.junit.runners.BlockJUnit4ClassRunner.runChild(BlockJUnit4ClassRunner.java:70)
	at org.junit.runners.BlockJUnit4ClassRunner.runChild(BlockJUnit4ClassRunner.java:50)
	at org.junit.runners.ParentRunner$3.run(ParentRunner.java:238)
	at org.junit.runners.ParentRunner$1.schedule(ParentRunner.java:63)
	at org.junit.runners.ParentRunner.runChildren(ParentRunner.java:236)
	at org.junit.runners.ParentRunner.access$000(ParentRunner.java:53)
	at org.junit.runners.ParentRunner$2.evaluate(ParentRunner.java:229)
	at org.junit.internal.runners.statements.RunBefores.evaluate(RunBefores.java:26)
	at org.junit.internal.runners.statements.RunAfters.evaluate(RunAfters.java:27)
	at org.junit.runners.ParentRunner.run(ParentRunner.java:309)
	at org.apache.maven.surefire.junit4.JUnit4Provider.execute(JUnit4Provider.java:365)
	at org.apache.maven.surefire.junit4.JUnit4Provider.executeWithRerun(JUnit4Provider.java:273)
	at org.apache.maven.surefire.junit4.JUnit4Provider.executeTestSet(JUnit4Provider.java:238)
	at org.apache.maven.surefire.junit4.JUnit4Provider.invoke(JUnit4Provider.java:159)
	at org.apache.maven.surefire.booter.ForkedBooter.invokeProviderInSameClassLoader(ForkedBooter.java:384)
	at org.apache.maven.surefire.booter.ForkedBooter.runSuitesInProcess(ForkedBooter.java:345)
	at org.apache.maven.surefire.booter.ForkedBooter.execute(ForkedBooter.java:126)
	at org.apache.maven.surefire.booter.ForkedBooter.main(ForkedBooter.java:418)
Caused by: org.apache.ratis.protocol.NotReplicatedException: Request with call Id 9 and log index 2 is not yet replicated to ALL_COMMITTED
	at org.apache.ratis.client.impl.ClientProtoUtils.toRaftClientReply(ClientProtoUtils.java:274)
	at org.apache.ratis.grpc.client.GrpcClientProtocolClient$AsyncStreamObservers$1.onNext(GrpcClientProtocolClient.java:274)
	at org.apache.ratis.grpc.client.GrpcClientProtocolClient$AsyncStreamObservers$1.onNext(GrpcClientProtocolClient.java:269)
	at org.apache.ratis.thirdparty.io.grpc.stub.ClientCalls$StreamObserverToCallListenerAdapter.onMessage(ClientCalls.java:436)
	at org.apache.ratis.thirdparty.io.grpc.internal.ClientCallImpl$ClientStreamListenerImpl$1MessagesAvailable.runInternal(ClientCallImpl.java:658)
	at org.apache.ratis.thirdparty.io.grpc.internal.ClientCallImpl$ClientStreamListenerImpl$1MessagesAvailable.runInContext(ClientCallImpl.java:643)
	at org.apache.ratis.thirdparty.io.grpc.internal.ContextRunnable.run(ContextRunnable.java:37)
	at org.apache.ratis.thirdparty.io.grpc.internal.SerializingExecutor.run(SerializingExecutor.java:123)
	at java.util.concurrent.ThreadPoolExecutor.runWorker(ThreadPoolExecutor.java:1149)
	at java.util.concurrent.ThreadPoolExecutor$Worker.run(ThreadPoolExecutor.java:624)
	at java.lang.Thread.run(Thread.java:748)
2020-06-29 13:09:56,944 [grpc-default-executor-0] DEBUG impl.RaftServerImpl (RaftServerImpl.java:submitClientRequestAsync(575)) - 7ce633c1-842e-40bb-a1a9-f2b532568b9f@group-DB16C94FD4A8: receive client request(RaftClientRequest:client-3C3308CFA0FE->7ce633c1-842e-40bb-a1a9-f2b532568b9f@group-DB16C94FD4A8, cid=10, seq=0, Watch-MAJORITY_COMMITTED(2), Message:<EMPTY>)
2020-06-29 13:09:56,945 [grpc-default-executor-0] DEBUG impl.RaftServerImpl (LeaderState.java:addWatchReqeust(353)) - 7ce633c1-842e-40bb-a1a9-f2b532568b9f@group-DB16C94FD4A8-LeaderState: addWatchRequest RaftClientRequest:client-3C3308CFA0FE->7ce633c1-842e-40bb-a1a9-f2b532568b9f@group-DB16C94FD4A8, cid=10, seq=0, Watch-MAJORITY_COMMITTED(2), Message:<EMPTY>
2020-06-29 13:09:56,951 [Listener at 127.0.0.1/44993] INFO  scm.XceiverClientRatis (XceiverClientRatis.java:lambda$watchForCommit$6(283)) - Could not commit index 2 on pipeline Pipeline[ Id: f633d165-1721-4193-a138-db16c94fd4a8, Nodes: 7ce633c1-842e-40bb-a1a9-f2b532568b9f{ip: 172.17.0.2, host: 9283ae38f42b, networkLocation: /default-rack, certSerialId: null}9e94bc01-9abf-4ed9-a199-22f434113cf8{ip: 172.17.0.2, host: 9283ae38f42b, networkLocation: /default-rack, certSerialId: null}e04a4dbc-64b8-4889-8fb1-17ca03074435{ip: 172.17.0.2, host: 9283ae38f42b, networkLocation: /default-rack, certSerialId: null}, Type:RATIS, Factor:THREE, State:OPEN, leaderId:7ce633c1-842e-40bb-a1a9-f2b532568b9f, CreationTimestamp2020-06-29T13:09:38.188Z] to all the nodes. Server 9e94bc01-9abf-4ed9-a199-22f434113cf8 has failed. Committed by majority.
2020-06-29 13:09:56,953 [Listener at 127.0.0.1/44993] WARN  storage.BlockOutputStream (BlockOutputStream.java:watchForCommit(357)) - Failed to commit BlockId conID: 1 locID: 104427434014277632 bcsId: 2 on Pipeline[ Id: f633d165-1721-4193-a138-db16c94fd4a8, Nodes: 7ce633c1-842e-40bb-a1a9-f2b532568b9f{ip: 172.17.0.2, host: 9283ae38f42b, networkLocation: /default-rack, certSerialId: null}9e94bc01-9abf-4ed9-a199-22f434113cf8{ip: 172.17.0.2, host: 9283ae38f42b, networkLocation: /default-rack, certSerialId: null}e04a4dbc-64b8-4889-8fb1-17ca03074435{ip: 172.17.0.2, host: 9283ae38f42b, networkLocation: /default-rack, certSerialId: null}, Type:RATIS, Factor:THREE, State:OPEN, leaderId:7ce633c1-842e-40bb-a1a9-f2b532568b9f, CreationTimestamp2020-06-29T13:09:38.188Z]. Failed nodes: [9e94bc01-9abf-4ed9-a199-22f434113cf8{ip: null, host: null, networkLocation: /default-rack, certSerialId: null}]
2020-06-29 13:09:56,983 [grpc-default-executor-2] DEBUG impl.RaftServerImpl (RaftServerImpl.java:submitClientRequestAsync(575)) - 7ce633c1-842e-40bb-a1a9-f2b532568b9f@group-DB16C94FD4A8: receive client request(RaftClientRequest:client-7A2668D4A1D9->7ce633c1-842e-40bb-a1a9-f2b532568b9f@group-DB16C94FD4A8, cid=11, seq=1*, Watch(0), Message:<EMPTY>)
2020-06-29 13:09:56,983 [grpc-default-executor-2] DEBUG impl.RaftServerImpl (LeaderState.java:addWatchReqeust(353)) - 7ce633c1-842e-40bb-a1a9-f2b532568b9f@group-DB16C94FD4A8-LeaderState: addWatchRequest RaftClientRequest:client-7A2668D4A1D9->7ce633c1-842e-40bb-a1a9-f2b532568b9f@group-DB16C94FD4A8, cid=11, seq=1*, Watch(0), Message:<EMPTY>
2020-06-29 13:09:56,991 [grpc-default-executor-2] DEBUG impl.RaftServerImpl (RaftServerImpl.java:submitClientRequestAsync(575)) - 7ce633c1-842e-40bb-a1a9-f2b532568b9f@group-DB16C94FD4A8: receive client request(RaftClientRequest:client-7A2668D4A1D9->7ce633c1-842e-40bb-a1a9-f2b532568b9f@group-DB16C94FD4A8, cid=12, seq=2, RW, Message:0000002e081112001801...(size=50))
2020-06-29 13:09:56,992 [grpc-default-executor-2] DEBUG impl.RaftServerImpl (LeaderState.java:addPendingRequest(335)) - 7ce633c1-842e-40bb-a1a9-f2b532568b9f@group-DB16C94FD4A8-LeaderState: addPendingRequest at RaftClientRequest:client-7A2668D4A1D9->7ce633c1-842e-40bb-a1a9-f2b532568b9f@group-DB16C94FD4A8, cid=12, seq=2, RW, Message:0000002e081112001801...(size=50), entry=(t:1, i:5), STATEMACHINELOGENTRY, client-7A2668D4A1D9, cid=12
2020-06-29 13:09:56,993 [grpc-default-executor-0] DEBUG impl.RaftServerImpl (RaftServerImpl.java:logAppendEntries(928)) - e04a4dbc-64b8-4889-8fb1-17ca03074435@group-DB16C94FD4A8: receive appendEntries(7ce633c1-842e-40bb-a1a9-f2b532568b9f, 1, (t:1, i:4), 4, false, commits[7ce633c1-842e-40bb-a1a9-f2b532568b9f:c4, e04a4dbc-64b8-4889-8fb1-17ca03074435:c4, 9e94bc01-9abf-4ed9-a199-22f434113cf8:c0], entries: (t:1, i:5), STATEMACHINELOGENTRY, client-7A2668D4A1D9, cid=12
2020-06-29 13:09:56,997 [grpc-default-executor-2] WARN  server.GrpcLogAppender (LogUtils.java:warn(122)) - 7ce633c1-842e-40bb-a1a9-f2b532568b9f@group-DB16C94FD4A8->9e94bc01-9abf-4ed9-a199-22f434113cf8-AppendLogResponseHandler: Failed appendEntries: org.apache.ratis.thirdparty.io.grpc.StatusRuntimeException: UNAVAILABLE: io exception
2020-06-29 13:09:57,004 [grpc-default-executor-2] INFO  impl.FollowerInfo (FollowerInfo.java:lambda$new$0(51)) - 7ce633c1-842e-40bb-a1a9-f2b532568b9f@group-DB16C94FD4A8->9e94bc01-9abf-4ed9-a199-22f434113cf8: nextIndex: updateUnconditionally 1 -> 0
2020-06-29 13:09:57,005 [Thread-264] DEBUG impl.RaftServerImpl (RaftServerImpl.java:logAppendEntries(928)) - e04a4dbc-64b8-4889-8fb1-17ca03074435@group-DB16C94FD4A8: succeeded to handle AppendEntries. Reply: 7ce633c1-842e-40bb-a1a9-f2b532568b9f<-e04a4dbc-64b8-4889-8fb1-17ca03074435#9:OK,SUCCESS,nextIndex:6,term:1,followerCommit:4
2020-06-29 13:09:57,006 [grpc-default-executor-2] DEBUG server.GrpcLogAppender (GrpcLogAppender.java:onNext(257)) - 7ce633c1-842e-40bb-a1a9-f2b532568b9f@group-DB16C94FD4A8->e04a4dbc-64b8-4889-8fb1-17ca03074435-AppendLogResponseHandler: received a reply 7ce633c1-842e-40bb-a1a9-f2b532568b9f<-e04a4dbc-64b8-4889-8fb1-17ca03074435#9:OK,SUCCESS,nextIndex:6,term:1,followerCommit:4, request=AppendEntriesRequest:cid=9,entriesCount=1,lastEntry=(t:1, i:5)
2020-06-29 13:09:57,009 [grpc-default-executor-0] DEBUG impl.RaftServerImpl (RaftServerImpl.java:logAppendEntries(928)) - e04a4dbc-64b8-4889-8fb1-17ca03074435@group-DB16C94FD4A8: receive appendEntries(7ce633c1-842e-40bb-a1a9-f2b532568b9f, 1, (t:1, i:5), 5, false, commits[7ce633c1-842e-40bb-a1a9-f2b532568b9f:c5, e04a4dbc-64b8-4889-8fb1-17ca03074435:c4, 9e94bc01-9abf-4ed9-a199-22f434113cf8:c0], entries: (t:1, i:6), METADATAENTRY(c:5)
2020-06-29 13:09:57,011 [Thread-265] DEBUG impl.RaftServerImpl (RaftServerImpl.java:logAppendEntries(928)) - e04a4dbc-64b8-4889-8fb1-17ca03074435@group-DB16C94FD4A8: succeeded to handle AppendEntries. Reply: 7ce633c1-842e-40bb-a1a9-f2b532568b9f<-e04a4dbc-64b8-4889-8fb1-17ca03074435#10:OK,SUCCESS,nextIndex:7,term:1,followerCommit:5
2020-06-29 13:09:57,014 [grpc-default-executor-0] DEBUG server.GrpcLogAppender (GrpcLogAppender.java:onNext(257)) - 7ce633c1-842e-40bb-a1a9-f2b532568b9f@group-DB16C94FD4A8->e04a4dbc-64b8-4889-8fb1-17ca03074435-AppendLogResponseHandler: received a reply 7ce633c1-842e-40bb-a1a9-f2b532568b9f<-e04a4dbc-64b8-4889-8fb1-17ca03074435#10:OK,SUCCESS,nextIndex:7,term:1,followerCommit:5, request=AppendEntriesRequest:cid=10,entriesCount=1,lastEntry=(t:1, i:6)
2020-06-29 13:09:57,015 [grpc-default-executor-1] WARN  server.GrpcLogAppender (LogUtils.java:warn(122)) - 7ce633c1-842e-40bb-a1a9-f2b532568b9f@group-DB16C94FD4A8->9e94bc01-9abf-4ed9-a199-22f434113cf8-AppendLogResponseHandler: Failed appendEntries: org.apache.ratis.thirdparty.io.grpc.StatusRuntimeException: UNAVAILABLE: io exception
2020-06-29 13:09:57,019 [RatisApplyTransactionExecutor 1] INFO  interfaces.Container (KeyValueContainer.java:flushAndSyncDB(387)) - Container 1 is synced with bcsId 2.
2020-06-29 13:09:57,019 [RatisApplyTransactionExecutor 1] INFO  interfaces.Container (KeyValueContainer.java:flushAndSyncDB(387)) - Container 1 is synced with bcsId 2.
2020-06-29 13:09:57,022 [RatisApplyTransactionExecutor 1] INFO  interfaces.Container (KeyValueContainer.java:close(325)) - Container 1 is closed with bcsId 2.
2020-06-29 13:09:57,023 [EventQueue-IncrementalContainerReportForIncrementalContainerReportHandler] INFO  container.IncrementalContainerReportHandler (AbstractContainerReportHandler.java:updateContainerState(171)) - Moving container #1 to CLOSED state, datanode e04a4dbc-64b8-4889-8fb1-17ca03074435{ip: 172.17.0.2, host: 9283ae38f42b, networkLocation: /default-rack, certSerialId: null} reported CLOSED replica.
2020-06-29 13:09:57,019 [RatisApplyTransactionExecutor 1] INFO  interfaces.Container (KeyValueContainer.java:flushAndSyncDB(387)) - Container 1 is synced with bcsId 2.
2020-06-29 13:09:57,032 [RatisApplyTransactionExecutor 1] INFO  interfaces.Container (KeyValueContainer.java:flushAndSyncDB(387)) - Container 1 is synced with bcsId 2.
2020-06-29 13:09:57,033 [grpc-default-executor-1] INFO  impl.FollowerInfo (FollowerInfo.java:lambda$new$0(51)) - 7ce633c1-842e-40bb-a1a9-f2b532568b9f@group-DB16C94FD4A8->9e94bc01-9abf-4ed9-a199-22f434113cf8: nextIndex: updateUnconditionally 1 -> 0
2020-06-29 13:09:57,036 [RatisApplyTransactionExecutor 1] INFO  interfaces.Container (KeyValueContainer.java:close(325)) - Container 1 is closed with bcsId 2.
2020-06-29 13:09:57,040 [grpc-default-executor-0] WARN  server.GrpcLogAppender (LogUtils.java:warn(122)) - 7ce633c1-842e-40bb-a1a9-f2b532568b9f@group-DB16C94FD4A8->9e94bc01-9abf-4ed9-a199-22f434113cf8-AppendLogResponseHandler: Failed appendEntries: org.apache.ratis.thirdparty.io.grpc.StatusRuntimeException: UNAVAILABLE: io exception
2020-06-29 13:09:57,044 [grpc-default-executor-0] INFO  impl.FollowerInfo (FollowerInfo.java:lambda$new$0(51)) - 7ce633c1-842e-40bb-a1a9-f2b532568b9f@group-DB16C94FD4A8->9e94bc01-9abf-4ed9-a199-22f434113cf8: nextIndex: updateUnconditionally 1 -> 0
2020-06-29 13:09:57,117 [BlockDeletingService#2] WARN  background.BlockDeletingService (BlockDeletingService.java:isDeletionAllowed(186)) - Close Container log Index 2 is not replicated across all the servers in the pipeline f633d165-1721-4193-a138-db16c94fd4a8 as the min replicated index is 0. Deletion is not allowed in this container yet.
2020-06-29 13:09:57,154 [BlockDeletingService#2] WARN  background.BlockDeletingService (BlockDeletingService.java:isDeletionAllowed(186)) - Close Container log Index 2 is not replicated across all the servers in the pipeline f633d165-1721-4193-a138-db16c94fd4a8 as the min replicated index is 0. Deletion is not allowed in this container yet.
2020-06-29 13:09:58,034 [IPC Server handler 19 on default port 40115] INFO  server.SCMBlockProtocolServer (SCMBlockProtocolServer.java:deleteKeyBlocks(220)) - SCM is informed by OM to delete 1 blocks
2020-06-29 13:09:58,035 [IPC Server handler 19 on default port 40115] INFO  block.BlockManagerImpl (BlockManagerImpl.java:deleteBlocks(290)) - Deleting blocks conID: 1 locID: 104427434014277632 bcsId: 0
2020-06-29 13:09:58,119 [BlockDeletingService#3] WARN  background.BlockDeletingService (BlockDeletingService.java:isDeletionAllowed(186)) - Close Container log Index 2 is not replicated across all the servers in the pipeline f633d165-1721-4193-a138-db16c94fd4a8 as the min replicated index is 0. Deletion is not allowed in this container yet.
2020-06-29 13:09:58,155 [BlockDeletingService#2] WARN  background.BlockDeletingService (BlockDeletingService.java:isDeletionAllowed(186)) - Close Container log Index 2 is not replicated across all the servers in the pipeline f633d165-1721-4193-a138-db16c94fd4a8 as the min replicated index is 0. Deletion is not allowed in this container yet.
2020-06-29 13:09:59,039 [SCMBlockDeletingService#1] INFO  block.SCMBlockDeletingService (SCMBlockDeletingService.java:call(181)) - Totally added 2 delete blocks command for 2 datanodes, task elapsed time: 5ms
2020-06-29 13:09:59,041 [CommandWatcher-LeaseManager#LeaseMonitor] ERROR lease.LeaseManager (LeaseManager.java:run(238)) - Execution was interrupted 
java.lang.InterruptedException: sleep interrupted
	at java.lang.Thread.sleep(Native Method)
	at org.apache.hadoop.ozone.lease.LeaseManager$LeaseMonitor.run(LeaseManager.java:234)
	at java.lang.Thread.run(Thread.java:748)
2020-06-29 13:09:59,120 [BlockDeletingService#3] WARN  background.BlockDeletingService (BlockDeletingService.java:isDeletionAllowed(186)) - Close Container log Index 2 is not replicated across all the servers in the pipeline f633d165-1721-4193-a138-db16c94fd4a8 as the min replicated index is 0. Deletion is not allowed in this container yet.
2020-06-29 13:09:59,156 [BlockDeletingService#2] WARN  background.BlockDeletingService (BlockDeletingService.java:isDeletionAllowed(186)) - Close Container log Index 2 is not replicated across all the servers in the pipeline f633d165-1721-4193-a138-db16c94fd4a8 as the min replicated index is 0. Deletion is not allowed in this container yet.
2020-06-29 13:09:59,241 [EventQueue-PendingDeleteStatusForPendingDeleteHandler] INFO  block.SCMBlockDeletingService (SCMBlockDeletingService.java:handlePendingDeletes(112)) - Block deletion txnID mismatch in datanode 7ce633c1-842e-40bb-a1a9-f2b532568b9f for containerID 1. Datanode delete txnID: 0, SCM txnID: 1
2020-06-29 13:09:59,325 [EventQueue-PendingDeleteStatusForPendingDeleteHandler] INFO  block.SCMBlockDeletingService (SCMBlockDeletingService.java:handlePendingDeletes(112)) - Block deletion txnID mismatch in datanode e04a4dbc-64b8-4889-8fb1-17ca03074435 for containerID 1. Datanode delete txnID: 0, SCM txnID: 1
2020-06-29 13:09:59,442 [EventQueue-PendingDeleteStatusForPendingDeleteHandler] INFO  block.SCMBlockDeletingService (SCMBlockDeletingService.java:handlePendingDeletes(112)) - Block deletion txnID mismatch in datanode 7ce633c1-842e-40bb-a1a9-f2b532568b9f for containerID 1. Datanode delete txnID: 0, SCM txnID: 1
2020-06-29 13:09:59,518 [grpc-default-executor-0] DEBUG server.GrpcLogAppender (GrpcLogAppender.java:onNext(257)) - 7ce633c1-842e-40bb-a1a9-f2b532568b9f@group-DB16C94FD4A8->e04a4dbc-64b8-4889-8fb1-17ca03074435-AppendLogResponseHandler: received a reply 7ce633c1-842e-40bb-a1a9-f2b532568b9f<-e04a4dbc-64b8-4889-8fb1-17ca03074435#11:OK,SUCCESS,nextIndex:7,term:1,followerCommit:6, request=AppendEntriesRequest:cid=11,entriesCount=0,lastEntry=null
2020-06-29 13:09:59,542 [Command processor thread] INFO  commandhandler.DeleteBlocksCommandHandler (DeleteBlocksCommandHandler.java:handle(108)) - Start to delete container blocks, TXIDs=[1(0)], numOfContainers=1, numOfBlocks=1
2020-06-29 13:09:59,543 [grpc-default-executor-1] WARN  server.GrpcLogAppender (LogUtils.java:warn(122)) - 7ce633c1-842e-40bb-a1a9-f2b532568b9f@group-DB16C94FD4A8->9e94bc01-9abf-4ed9-a199-22f434113cf8-AppendLogResponseHandler: Failed appendEntries: org.apache.ratis.thirdparty.io.grpc.StatusRuntimeException: UNAVAILABLE: io exception
2020-06-29 13:09:59,548 [grpc-default-executor-1] INFO  impl.FollowerInfo (FollowerInfo.java:lambda$new$0(51)) - 7ce633c1-842e-40bb-a1a9-f2b532568b9f@group-DB16C94FD4A8->9e94bc01-9abf-4ed9-a199-22f434113cf8: nextIndex: updateUnconditionally 1 -> 0
]]></system-out>
    <system-err><![CDATA[ERROR StatusLogger No Log4j 2 configuration file found. Using default configuration (logging only errors to the console), or user programmatically provided configurations. Set system property 'log4j2.debug' to show Log4j 2 internal initialization logging. See https://logging.apache.org/log4j/2.x/manual/configuration.html for instructions on how to configure Log4j 2
]]></system-err>
  </testcase>
</testsuite>